00:41:19(74383f):game start
00:41:20(74428f):field(74427f)
＿＿＿＿＿＿＿＿＿＿
＿＿＿＿＿＿＿＿＿＿
＿＿＿＿＿＿＿＿＿＿
＿＿＿＿＿＿＿＿＿＿
＿＿＿＿＿＿＿＿＿＿
＿＿＿＿＿＿＿＿＿＿
＿＿＿＿＿＿＿＿＿＿
＿＿＿＿＿＿＿＿＿＿
＿＿＿＿＿＿＿＿＿＿
＿＿＿＿＿＿＿＿＿＿
＿＿＿＿＿＿＿＿＿＿
＿＿＿＿＿＿＿＿＿＿
＿＿＿＿＿＿＿＿＿＿
＿＿■■■■■■＿＿
＿＿＿＿＿＿＿＿＿＿
＿＿＿＿＿＿＿＿＿＿
＿＿＿＿＿＿＿＿＿＿
＿＿＿＿＿＿＿＿＿＿
＿＿＿＿＿＿＿＿＿＿
＿＿＿＿＿＿＿＿＿＿
00:41:21(74454f):field(74453f)
＿＿＿＿＿＿＿＿＿＿
＿＿＿＿＿＿＿＿＿＿
＿＿＿＿＿＿＿＿＿＿
＿＿＿＿＿＿＿＿＿＿
＿＿＿＿＿＿＿＿＿＿
＿＿＿＿＿＿＿＿＿＿
＿＿＿＿＿＿＿＿＿＿
＿＿＿＿＿＿＿＿＿＿
＿＿＿＿＿＿＿＿＿＿
＿＿＿＿＿＿＿＿＿＿
＿＿＿＿＿＿＿＿＿＿
＿＿＿＿＿＿＿＿＿＿
＿＿＿＿＿＿＿＿＿＿
＿＿◆◆◆◆◆◆＿＿
＿＿＿＿＿＿＿＿＿＿
＿＿＿＿＿＿＿＿＿＿
＿＿＿＿＿＿＿＿＿＿
＿＿＿＿＿＿＿＿＿＿
＿＿■＿＿＿＿＿＿＿
■■■■■■■＿＿＿
00:41:22(74466f):field(74465f)
＿＿＿＿＿＿＿＿＿＿
＿＿＿＿＿＿＿＿＿＿
＿＿＿＿＿＿＿＿＿＿
＿＿＿＿＿＿＿＿＿＿
＿＿＿＿＿＿＿＿＿＿
＿＿＿＿＿＿＿＿＿＿
＿＿＿＿＿＿＿＿＿＿
＿＿＿＿＿＿＿＿＿＿
＿＿＿＿＿＿＿＿＿＿
＿＿＿＿＿＿＿＿＿＿
＿＿＿＿＿＿＿＿＿＿
＿＿＿＿＿＿＿＿＿＿
＿＿＿＿＿＿＿＿＿＿
＿＿＿＿＿＿＿＿＿＿
＿＿＿＿＿＿＿＿＿＿
＿＿＿＿＿＿＿＿＿＿
＿＿＿＿＿＿＿＿＿＿
＿＿＿＿■＿＿＿＿＿
＿＿□■■■＿＿＿＿
□□□□□□□＿＿＿
00:41:22(74480f):field(74479f)
＿＿＿＿＿＿＿＿＿＿
＿＿＿＿＿＿＿＿＿＿
＿＿＿＿＿＿＿＿＿＿
＿＿＿＿＿＿＿＿＿＿
＿＿＿＿＿＿＿＿＿＿
＿＿＿＿＿＿＿＿＿＿
＿＿＿＿＿＿＿＿＿＿
＿＿＿＿＿＿＿＿＿＿
＿＿＿＿＿＿＿＿＿＿
＿＿＿＿＿＿＿＿＿＿
＿＿＿＿＿＿＿＿＿＿
＿＿＿＿＿＿＿＿＿＿
＿＿＿＿＿＿＿＿＿＿
＿＿＿＿＿＿＿＿＿＿
＿＿＿＿＿＿＿＿＿＿
＿＿＿＿＿＿＿＿＿＿
＿＿＿＿＿＿＿＿＿＿
＿＿＿＿□＿＿＿＿＿
＿＿□□□□＿■■＿
□□□□□□□■■＿
00:41:23(74494f):field(74493f)
＿＿＿＿＿＿＿＿＿＿
＿＿＿＿＿＿＿＿＿＿
＿＿＿＿＿＿＿＿＿＿
＿＿＿＿＿＿＿＿＿＿
＿＿＿＿＿＿＿＿＿＿
＿＿＿＿＿＿＿＿＿＿
＿＿＿＿＿＿＿＿＿＿
＿＿＿＿＿＿＿＿＿＿
＿＿＿＿＿＿＿＿＿＿
＿＿＿＿＿＿＿＿＿＿
＿＿＿＿＿＿＿＿＿＿
＿＿＿＿＿＿＿＿＿＿
＿＿＿＿＿＿＿＿＿＿
＿＿＿＿＿＿＿＿＿＿
＿＿＿＿＿＿＿＿＿＿
＿＿＿＿＿＿＿＿＿＿
＿＿＿■■＿＿＿＿＿
＿＿■■□＿＿＿＿＿
＿＿□□□□＿□□＿
□□□□□□□□□＿
00:41:23(74508f):field(74507f)
＿＿＿＿＿＿＿＿＿＿
＿＿＿＿＿＿＿＿＿＿
＿＿＿＿＿＿＿＿＿＿
＿＿＿＿＿＿＿＿＿＿
＿＿＿＿＿＿＿＿＿＿
＿＿＿＿＿＿＿＿＿＿
＿＿＿＿＿＿＿＿＿＿
＿＿＿＿＿＿＿＿＿＿
＿＿＿＿＿＿＿＿＿＿
＿＿＿＿＿＿＿＿＿＿
＿＿＿＿＿＿＿＿＿＿
＿＿＿＿＿＿＿＿＿＿
＿＿＿＿＿＿＿＿＿＿
＿＿＿＿＿＿＿＿＿＿
＿＿＿＿＿＿＿＿＿＿
＿＿＿＿＿＿＿＿＿＿
■＿＿□□＿＿＿＿＿
■＿□□□＿＿＿＿＿
■■□□□□＿□□＿
□□□□□□□□□＿
00:41:24(74521f):field(74520f)
＿＿＿＿＿＿＿＿＿＿
＿＿＿＿＿＿＿＿＿＿
＿＿＿＿＿＿＿＿＿＿
＿＿＿＿＿＿＿＿＿＿
＿＿＿＿＿＿＿＿＿＿
＿＿＿＿＿＿＿＿＿＿
＿＿＿＿＿＿＿＿＿＿
＿＿＿＿＿＿＿＿＿＿
＿＿＿＿＿＿＿＿＿＿
＿＿＿＿＿＿＿＿＿＿
＿＿＿＿＿＿＿＿＿＿
＿＿＿＿＿＿＿＿＿＿
＿＿＿＿＿＿＿＿＿＿
＿＿＿＿＿＿＿＿＿＿
＿＿＿＿＿＿＿＿＿＿
＿＿■＿＿＿＿＿＿＿
□■■□□＿＿＿＿＿
□■□□□＿＿＿＿＿
□□□□□□＿□□＿
□□□□□□□□□＿
00:41:24(74533f):field(74532f)
＿＿＿＿＿＿＿＿＿＿
＿＿＿＿＿＿＿＿＿＿
＿＿＿＿＿＿＿＿＿＿
＿＿＿＿＿＿＿＿＿＿
＿＿＿＿＿＿＿＿＿＿
＿＿＿＿＿＿＿＿＿＿
＿＿＿＿＿＿＿＿＿＿
＿＿＿＿＿＿＿＿＿＿
＿＿＿＿＿＿＿＿＿＿
＿＿＿＿＿＿＿＿＿＿
＿＿＿＿＿＿＿＿＿＿
＿＿＿＿＿＿＿＿＿＿
＿＿＿＿＿＿＿＿＿＿
＿＿＿＿＿＿＿＿＿＿
＿＿＿＿＿■＿＿＿＿
＿＿□＿＿■＿＿＿＿
□□□□□■＿＿＿＿
□□□□□■＿＿＿＿
□□□□□□＿□□＿
□□□□□□□□□＿
00:41:24(74546f):field(74545f)
＿＿＿＿＿＿＿＿＿＿
＿＿＿＿＿＿＿＿＿＿
＿＿＿＿＿＿＿＿＿＿
＿＿＿＿＿＿＿＿＿＿
＿＿＿＿＿＿＿＿＿＿
＿＿＿＿＿＿＿＿＿＿
＿＿＿＿＿＿＿＿＿＿
＿＿＿＿＿＿＿＿＿＿
＿＿＿＿＿＿＿＿＿＿
＿＿＿＿＿＿＿＿＿＿
＿＿＿＿＿＿＿＿＿＿
＿＿＿＿＿＿＿＿＿＿
＿＿＿＿＿＿＿＿＿＿
＿＿＿＿＿＿＿＿＿＿
＿＿＿■■□＿＿＿＿
＿＿□■■□＿＿＿＿
□□□□□□＿＿＿＿
□□□□□□＿＿＿＿
□□□□□□＿□□＿
□□□□□□□□□＿
00:41:25(74560f):field(74559f)
＿＿＿＿＿＿＿＿＿＿
＿＿＿＿＿＿＿＿＿＿
＿＿＿＿＿＿＿＿＿＿
＿＿＿＿＿＿＿＿＿＿
＿＿＿＿＿＿＿＿＿＿
＿＿＿＿＿＿＿＿＿＿
＿＿＿＿＿＿＿＿＿＿
＿＿＿＿＿＿＿＿＿＿
＿＿＿＿＿＿＿＿＿＿
＿＿＿＿＿＿＿＿＿＿
＿＿＿＿＿＿＿＿＿＿
＿＿＿＿＿＿＿＿＿＿
＿＿＿＿＿＿＿＿＿＿
＿＿＿＿＿＿＿＿＿＿
＿＿＿□□□＿＿＿＿
＿＿□□□□＿＿＿＿
□□□□□□＿＿■＿
□□□□□□＿＿■■
□□□□□□＿□□■
□□□□□□□□□＿
00:41:25(74576f):field(74575f)
＿＿＿＿＿＿＿＿＿＿
＿＿＿＿＿＿＿＿＿＿
＿＿＿＿＿＿＿＿＿＿
＿＿＿＿＿＿＿＿＿＿
＿＿＿＿＿＿＿＿＿＿
＿＿＿＿＿＿＿＿＿＿
＿＿＿＿＿＿＿＿＿＿
＿＿＿＿＿＿＿＿＿＿
＿＿＿＿＿＿＿＿＿＿
＿＿＿＿＿＿＿＿＿＿
＿＿＿＿＿＿＿＿＿＿
＿＿＿＿＿＿＿＿＿＿
＿＿＿＿＿＿＿＿＿＿
＿＿＿＿＿＿＿＿＿＿
＿＿＿◆◆◆＿＿＿＿
＿＿◆◆◆◆＿＿＿■
◆◆◆□□□＿＿□＿
◆◆□□□□■＿◆◆
□□□□□□■◆□◆
□□□□□□□□□＿
00:41:26(74589f):field(74588f)
＿＿＿＿＿＿＿＿＿＿
＿＿＿＿＿＿＿＿＿＿
＿＿＿＿＿＿＿＿＿＿
＿＿＿＿＿＿＿＿＿＿
＿＿＿＿＿＿＿＿＿＿
＿＿＿＿＿＿＿＿＿＿
＿＿＿＿＿＿＿＿＿＿
＿＿＿＿＿＿＿＿＿＿
＿＿＿＿＿＿＿＿＿＿
＿＿＿＿＿＿＿＿＿＿
＿＿＿＿＿＿＿＿＿＿
＿＿＿＿＿＿＿＿＿＿
＿＿＿＿＿＿＿＿＿＿
＿＿＿＿＿＿＿＿＿＿
＿＿＿＿＿＿＿＿＿＿
＿＿＿＿＿＿＿＿＿◆
■■＿□□□＿＿◆＿
■■□□□□◆＿＿＿
□□□□□□□＿□＿
□□□□□□□□□＿
00:41:26(74600f):field(74599f)
＿＿＿＿＿＿＿＿＿＿
＿＿＿＿＿＿＿＿＿＿
＿＿＿＿＿＿＿＿＿＿
＿＿＿＿＿＿＿＿＿＿
＿＿＿＿＿＿＿＿＿＿
＿＿＿＿＿＿＿＿＿＿
＿＿＿＿＿＿＿＿＿＿
＿＿＿＿＿＿＿＿＿＿
＿＿＿＿＿＿＿＿＿＿
＿＿＿＿＿＿＿＿＿＿
＿＿＿＿＿＿＿＿＿＿
＿＿＿＿＿＿＿＿＿＿
＿＿＿＿＿＿＿＿＿＿
＿＿＿＿＿＿＿＿＿＿
＿＿＿■＿＿＿＿＿＿
＿＿■■＿＿＿＿＿＿
□□■□□□＿＿＿＿
□□□□□□＿＿＿＿
□□□□□□□＿□＿
□□□□□□□□□＿
00:41:27(74614f):field(74613f)
＿＿＿＿＿＿＿＿＿＿
＿＿＿＿＿＿＿＿＿＿
＿＿＿＿＿＿＿＿＿＿
＿＿＿＿＿＿＿＿＿＿
＿＿＿＿＿＿＿＿＿＿
＿＿＿＿＿＿＿＿＿＿
＿＿＿＿＿＿＿＿＿＿
＿＿＿＿＿＿＿＿＿＿
＿＿＿＿＿＿＿＿＿＿
＿＿＿＿＿＿＿＿＿＿
＿＿＿＿＿＿＿＿＿＿
＿＿＿＿＿＿＿＿＿＿
＿＿＿＿＿＿＿＿＿＿
＿＿＿＿＿＿＿＿＿＿
＿＿＿□＿＿＿＿＿＿
＿＿□□＿＿＿■＿＿
□□□□□□＿■＿＿
□□□□□□＿■＿＿
□□□□□□□■□＿
□□□□□□□□□＿
00:41:27(74629f):field(74628f)
＿＿＿＿＿＿＿＿＿＿
＿＿＿＿＿＿＿＿＿＿
＿＿＿＿＿＿＿＿＿＿
＿＿＿＿＿＿＿＿＿＿
＿＿＿＿＿＿＿＿＿＿
＿＿＿＿＿＿＿＿＿＿
＿＿＿＿＿＿＿＿＿＿
＿＿＿＿＿＿＿＿＿＿
＿＿＿＿＿＿＿＿＿＿
＿＿＿＿＿＿＿＿＿＿
＿＿＿＿＿＿＿＿＿＿
＿＿＿＿＿＿＿＿＿＿
＿＿＿＿＿＿＿＿＿＿
＿＿＿＿＿＿＿＿＿＿
＿■■□＿＿＿＿＿＿
■■□□＿＿＿□＿＿
□□□□□□＿□＿＿
□□□□□□＿□＿＿
□□□□□□□□□＿
□□□□□□□□□＿
00:41:28(74642f):field(74641f)
＿＿＿＿＿＿＿＿＿＿
＿＿＿＿＿＿＿＿＿＿
＿＿＿＿＿＿＿＿＿＿
＿＿＿＿＿＿＿＿＿＿
＿＿＿＿＿＿＿＿＿＿
＿＿＿＿＿＿＿＿＿＿
＿＿＿＿＿＿＿＿＿＿
＿＿＿＿＿＿＿＿＿＿
＿＿＿＿＿＿＿＿＿＿
＿＿＿＿＿＿＿＿＿＿
＿＿＿＿＿＿＿＿＿＿
＿＿＿＿＿＿＿＿＿＿
＿＿＿＿＿＿＿＿＿＿
＿＿＿＿＿＿＿＿＿＿
＿□□□＿＿＿＿＿＿
□□□□■■■□＿＿
□□□□□□■□＿＿
□□□□□□＿□＿＿
□□□□□□□□□＿
□□□□□□□□□＿
00:41:28(74659f):field(74658f)
＿＿＿＿＿＿＿＿＿＿
＿＿＿＿＿＿＿＿＿＿
＿＿＿＿＿＿＿＿＿＿
＿＿＿＿＿＿＿＿＿＿
＿＿＿＿＿＿＿＿＿＿
＿＿＿＿＿＿＿＿＿＿
＿＿＿＿＿＿＿＿＿＿
＿＿＿＿＿＿＿＿＿＿
＿＿＿＿＿＿＿＿＿＿
＿＿＿＿＿＿＿＿＿＿
＿＿＿＿＿＿＿＿＿＿
＿＿＿＿＿＿＿＿＿＿
＿＿＿＿＿＿＿＿＿＿
＿＿＿＿＿＿＿＿＿＿
＿◆◆◆＿＿＿＿＿＿
◆◆◆◆◆◆◆◆＿＿
◆□□□◆◆◆◆＿＿
□□□□□□■□＿＿
□□□□□□□□◆＿
□□□□□□◆□□■
00:41:29(74675f):field(74674f)
＿＿＿＿＿＿＿＿＿＿
＿＿＿＿＿＿＿＿＿＿
＿＿＿＿＿＿＿＿＿＿
＿＿＿＿＿＿＿＿＿＿
＿＿＿＿＿＿＿＿＿＿
＿＿＿＿＿＿＿＿＿＿
＿＿＿＿＿＿＿＿＿＿
＿＿＿＿＿＿＿＿＿＿
＿＿＿＿＿＿＿＿＿＿
＿＿＿＿＿＿＿＿＿＿
＿＿＿＿＿＿＿＿＿＿
＿＿＿＿＿＿＿＿＿＿
＿＿＿＿＿＿＿＿＿＿
＿＿＿＿＿＿＿＿＿＿
＿＿＿＿＿＿＿＿＿＿
＿＿＿＿＿＿＿＿＿＿
＿◆◆◆■＿＿＿＿＿
□◆◆◆◆◆◆◆＿＿
□□□□◆◆□◆＿＿
□□□□□□＿□□□
00:41:29(74692f):field(74691f)
＿＿＿＿＿＿＿＿＿＿
＿＿＿＿＿＿＿＿＿＿
＿＿＿＿＿＿＿＿＿＿
＿＿＿＿＿＿＿＿＿＿
＿＿＿＿＿＿＿＿＿＿
＿＿＿＿＿＿＿＿＿＿
＿＿＿＿＿＿＿＿＿＿
＿＿＿＿＿＿＿＿＿＿
＿＿＿＿＿＿＿＿＿＿
＿＿＿＿＿＿＿＿＿＿
＿＿＿＿＿＿＿＿＿＿
＿＿＿＿＿＿＿＿＿＿
＿＿＿＿＿＿＿＿＿＿
＿＿＿＿＿＿＿＿＿＿
＿＿＿＿＿＿＿＿＿＿
＿＿＿＿＿＿＿＿＿＿
＿＿＿＿◆＿＿＿＿＿
◆＿＿＿＿＿＿＿＿■
◆◆◆◆＿＿◆＿＿＿
◆□□□◆□■□◆◆
00:41:30(74703f):field(74702f)
＿＿＿＿＿＿＿＿＿＿
＿＿＿＿＿＿＿＿＿＿
＿＿＿＿＿＿＿＿＿＿
＿＿＿＿＿＿＿＿＿＿
＿＿＿＿＿＿＿＿＿＿
＿＿＿＿＿＿＿＿＿＿
＿＿＿＿＿＿＿＿＿＿
＿＿＿＿＿＿＿＿＿＿
＿＿＿＿＿＿＿＿＿＿
＿＿＿＿＿＿＿＿＿＿
＿＿＿＿＿＿＿＿＿＿
＿＿＿＿＿＿＿＿＿＿
＿＿＿＿＿＿＿＿＿＿
＿＿＿＿＿＿＿＿＿＿
＿＿＿＿＿＿＿＿＿＿
＿＿＿＿＿＿＿＿＿＿
＿＿＿＿＿＿＿＿＿＿
＿＿＿＿＿■＿＿＿◆
＿＿＿＿■■＿＿＿＿
＿□□□■□□□＿＿
00:41:30(74720f):field(74719f)
＿＿＿＿＿＿＿＿＿＿
＿＿＿＿＿＿＿＿＿＿
＿＿＿＿＿＿＿＿＿＿
＿＿＿＿＿＿＿＿＿＿
＿＿＿＿＿＿＿＿＿＿
＿＿＿＿＿＿＿＿＿＿
＿＿＿＿＿＿＿＿＿＿
＿＿＿＿＿＿＿＿＿＿
＿＿＿＿＿＿＿＿＿＿
＿＿＿＿＿＿＿＿＿＿
＿＿＿＿＿＿＿＿＿＿
＿＿＿＿＿＿＿＿＿＿
＿＿＿＿＿＿＿＿＿＿
＿＿＿＿＿＿＿＿＿＿
＿＿＿＿＿＿＿＿＿＿
＿＿＿＿＿＿＿＿＿＿
＿＿＿＿＿＿＿＿＿＿
＿＿＿＿＿□＿＿＿＿
＿＿＿＿□□■■■＿
＿□□□□□□□■＿
00:41:31(74733f):field(74732f)
＿＿＿＿＿＿＿＿＿＿
＿＿＿＿＿＿＿＿＿＿
＿＿＿＿＿＿＿＿＿＿
＿＿＿＿＿＿＿＿＿＿
＿＿＿＿＿＿＿＿＿＿
＿＿＿＿＿＿＿＿＿＿
＿＿＿＿＿＿＿＿＿＿
＿＿＿＿＿＿＿＿＿＿
＿＿＿＿＿＿＿＿＿＿
＿＿＿＿＿＿＿＿＿＿
＿＿＿＿＿＿＿＿＿＿
＿＿＿＿＿＿＿＿＿＿
＿＿＿＿＿＿＿＿＿＿
＿＿＿＿＿＿＿＿＿＿
＿＿＿＿＿＿＿＿＿＿
＿＿＿＿＿＿＿＿＿＿
＿＿＿＿＿＿＿＿＿＿
＿＿＿■■□＿＿＿＿
＿＿■■□□□□□＿
＿□□□□□□□□＿
00:41:31(74745f):field(74744f)
＿＿＿＿＿＿＿＿＿＿
＿＿＿＿＿＿＿＿＿＿
＿＿＿＿＿＿＿＿＿＿
＿＿＿＿＿＿＿＿＿＿
＿＿＿＿＿＿＿＿＿＿
＿＿＿＿＿＿＿＿＿＿
＿＿＿＿＿＿＿＿＿＿
＿＿＿＿＿＿＿＿＿＿
＿＿＿＿＿＿＿＿＿＿
＿＿＿＿＿＿＿＿＿＿
＿＿＿＿＿＿＿＿＿＿
＿＿＿＿＿＿＿＿＿＿
＿＿＿＿＿＿＿＿＿＿
＿＿＿＿＿＿＿＿＿＿
＿＿＿＿＿＿＿＿＿＿
＿＿＿■■＿＿＿＿＿
＿＿＿■■＿＿＿＿＿
＿＿＿□□□＿＿＿＿
＿＿□□□□□□□＿
＿□□□□□□□□＿
00:41:32(74760f):field(74759f)
＿＿＿＿＿＿＿＿＿＿
＿＿＿＿＿＿＿＿＿＿
＿＿＿＿＿＿＿＿＿＿
＿＿＿＿＿＿＿＿＿＿
＿＿＿＿＿＿＿＿＿＿
＿＿＿＿＿＿＿＿＿＿
＿＿＿＿＿＿＿＿＿＿
＿＿＿＿＿＿＿＿＿＿
＿＿＿＿＿＿＿＿＿＿
＿＿＿＿＿＿＿＿＿＿
＿＿＿＿＿＿＿＿＿＿
＿＿＿＿＿＿＿＿＿＿
＿＿＿＿＿＿＿＿＿＿
＿＿＿＿＿＿＿＿＿＿
＿＿＿＿＿＿＿＿＿＿
＿＿＿□□＿＿＿＿＿
＿＿＿□□＿＿＿＿＿
■＿＿□□□＿＿＿＿
■■□□□□□□□＿
■□□□□□□□□＿
00:41:32(74772f):field(74771f)
＿＿＿＿＿＿＿＿＿＿
＿＿＿＿＿＿＿＿＿＿
＿＿＿＿＿＿＿＿＿＿
＿＿＿＿＿＿＿＿＿＿
＿＿＿＿＿＿＿＿＿＿
＿＿＿＿＿＿＿＿＿＿
＿＿＿＿＿＿＿＿＿＿
＿＿＿＿＿＿＿＿＿＿
＿＿＿＿＿＿＿＿＿＿
＿＿＿＿＿＿＿＿＿＿
＿＿＿＿＿＿＿＿＿＿
＿＿＿＿＿＿＿＿＿＿
＿＿＿＿＿＿＿＿＿＿
＿＿＿＿＿■＿＿＿＿
＿＿＿＿＿■＿＿＿＿
＿＿＿□□■＿＿＿＿
＿＿＿□□■＿＿＿＿
□＿＿□□□＿＿＿＿
□□□□□□□□□＿
□□□□□□□□□＿
00:41:32(74787f):field(74786f)
＿＿＿＿＿＿＿＿＿＿
＿＿＿＿＿＿＿＿＿＿
＿＿＿＿＿＿＿＿＿＿
＿＿＿＿＿＿＿＿＿＿
＿＿＿＿＿＿＿＿＿＿
＿＿＿＿＿＿＿＿＿＿
＿＿＿＿＿＿＿＿＿＿
＿＿＿＿＿＿＿＿＿＿
＿＿＿＿＿＿＿＿＿＿
＿＿＿＿＿＿＿＿＿＿
＿＿＿＿＿＿＿＿＿＿
＿＿＿＿＿＿＿＿＿＿
＿＿＿＿＿＿＿＿＿＿
＿＿＿＿＿□＿＿＿＿
＿＿＿＿＿□＿＿＿＿
＿＿＿□□□＿＿＿＿
＿＿＿□□□■＿＿＿
□＿＿□□□■■■＿
□□□□□□□□□＿
□□□□□□□□□＿
00:41:33(74801f):field(74800f)
＿＿＿＿＿＿＿＿＿＿
＿＿＿＿＿＿＿＿＿＿
＿＿＿＿＿＿＿＿＿＿
＿＿＿＿＿＿＿＿＿＿
＿＿＿＿＿＿＿＿＿＿
＿＿＿＿＿＿＿＿＿＿
＿＿＿＿＿＿＿＿＿＿
＿＿＿＿＿＿＿＿＿＿
＿＿＿＿＿＿＿＿＿＿
＿＿＿＿＿＿＿＿＿＿
＿＿＿＿＿＿＿＿＿＿
＿＿＿＿＿＿＿＿＿＿
＿＿＿＿＿＿＿＿＿＿
＿＿＿＿＿□＿＿＿＿
＿＿＿＿＿□＿＿＿＿
＿■＿□□□＿＿＿＿
＿■＿□□□□＿＿＿
□■■□□□□□□＿
□□□□□□□□□＿
□□□□□□□□□＿
00:41:33(74814f):field(74813f)
＿＿＿＿＿＿＿＿＿＿
＿＿＿＿＿＿＿＿＿＿
＿＿＿＿＿＿＿＿＿＿
＿＿＿＿＿＿＿＿＿＿
＿＿＿＿＿＿＿＿＿＿
＿＿＿＿＿＿＿＿＿＿
＿＿＿＿＿＿＿＿＿＿
＿＿＿＿＿＿＿＿＿＿
＿＿＿＿＿＿＿＿＿＿
＿＿＿＿＿＿＿＿＿＿
＿＿＿＿＿＿＿＿＿＿
＿＿＿＿＿＿＿＿＿＿
＿＿＿＿＿＿＿＿＿＿
＿＿＿■■□＿＿＿＿
＿＿＿■■□＿＿＿＿
＿□＿□□□＿＿＿＿
＿□＿□□□□＿＿＿
□□□□□□□□□＿
□□□□□□□□□＿
□□□□□□□□□＿
00:41:34(74829f):field(74828f)
＿＿＿＿＿＿＿＿＿＿
＿＿＿＿＿＿＿＿＿＿
＿＿＿＿＿＿＿＿＿＿
＿＿＿＿＿＿＿＿＿＿
＿＿＿＿＿＿＿＿＿＿
＿＿＿＿＿＿＿＿＿＿
＿＿＿＿＿＿＿＿＿＿
＿＿＿＿＿＿＿＿＿＿
＿＿＿＿＿＿＿＿＿＿
＿＿＿＿＿＿＿＿＿＿
＿＿＿＿＿＿＿＿＿＿
＿＿＿＿＿＿＿＿＿＿
＿＿＿＿＿＿＿＿＿＿
＿＿＿□□□＿＿＿＿
＿＿＿□□□■＿＿＿
＿□＿□□□■■＿＿
＿□＿□□□□■＿＿
□□□□□□□□□＿
□□□□□□□□□＿
□□□□□□□□□＿
00:41:34(74843f):field(74842f)
＿＿＿＿＿＿＿＿＿＿
＿＿＿＿＿＿＿＿＿＿
＿＿＿＿＿＿＿＿＿＿
＿＿＿＿＿＿＿＿＿＿
＿＿＿＿＿＿＿＿＿＿
＿＿＿＿＿＿＿＿＿＿
＿＿＿＿＿＿＿＿＿＿
＿＿＿＿＿＿＿＿＿＿
＿＿＿＿＿＿＿＿＿＿
＿＿＿＿＿＿＿＿＿＿
＿＿＿＿＿＿＿＿＿＿
＿＿＿＿＿＿＿＿＿＿
＿＿＿＿＿＿＿＿＿＿
＿＿＿□□□＿＿＿＿
■■＿□□□□＿＿＿
■□＿□□□□□＿＿
■□＿□□□□□＿＿
□□□□□□□□□＿
□□□□□□□□□＿
□□□□□□□□□＿
00:41:35(74857f):field(74856f)
＿＿＿＿＿＿＿＿＿＿
＿＿＿＿＿＿＿＿＿＿
＿＿＿＿＿＿＿＿＿＿
＿＿＿＿＿＿＿＿＿＿
＿＿＿＿＿＿＿＿＿＿
＿＿＿＿＿＿＿＿＿＿
＿＿＿＿＿＿＿＿＿＿
＿＿＿＿＿＿＿＿＿＿
＿＿＿＿＿＿＿＿＿＿
＿＿＿＿＿＿＿＿＿＿
＿＿＿＿＿＿＿＿＿＿
＿＿＿＿＿＿＿＿＿＿
＿＿＿＿＿＿＿＿＿＿
＿＿■□□□＿＿＿＿
□□■□□□□＿＿＿
□□■□□□□□＿＿
□□■□□□□□＿＿
□□□□□□□□□＿
□□□□□□□□□＿
□□□□□□□□□＿
00:41:35(74870f):field(74869f)
＿＿＿＿＿＿＿＿＿＿
＿＿＿＿＿＿＿＿＿＿
＿＿＿＿＿＿＿＿＿＿
＿＿＿＿＿＿＿＿＿＿
＿＿＿＿＿＿＿＿＿＿
＿＿＿＿＿＿＿＿＿＿
＿＿＿＿＿＿＿＿＿＿
＿＿＿＿＿＿＿＿＿＿
＿＿＿＿＿＿＿＿＿＿
＿＿＿＿＿＿＿＿＿＿
＿＿＿＿＿＿＿＿＿＿
＿＿＿＿＿＿＿＿＿＿
＿＿＿＿＿＿＿＿＿＿
＿＿□□□□＿＿＿＿
□□□□□□□■■＿
□□□□□□□□■＿
□□□□□□□□■＿
□□□□□□□□□＿
□□□□□□□□□＿
□□□□□□□□□＿
00:41:36(74884f):field(74883f)
＿＿＿＿＿＿＿＿＿＿
＿＿＿＿＿＿＿＿＿＿
＿＿＿＿＿＿＿＿＿＿
＿＿＿＿＿＿＿＿＿＿
＿＿＿＿＿＿＿＿＿＿
＿＿＿＿＿＿＿＿＿＿
＿＿＿＿＿＿＿＿＿＿
＿＿＿＿＿＿＿＿＿＿
＿＿＿＿＿＿＿＿＿＿
＿＿＿＿＿＿＿＿＿＿
＿＿＿＿＿＿＿＿＿＿
＿■■＿＿＿＿＿＿＿
＿＿■■＿＿＿＿＿＿
＿＿□□□□＿＿＿＿
□□□□□□□□□＿
□□□□□□□□□＿
□□□□□□□□□＿
□□□□□□□□□＿
□□□□□□□□□＿
□□□□□□□□□＿
00:41:36(74900f):field(74899f)
＿＿＿＿＿＿＿＿＿＿
＿＿＿＿＿＿＿＿＿＿
＿＿＿＿＿＿＿＿＿＿
＿＿＿＿＿＿＿＿＿＿
＿＿＿＿＿＿＿＿＿＿
＿＿＿＿＿＿＿＿＿＿
＿＿＿＿＿＿＿＿＿＿
＿＿＿＿＿＿＿＿＿＿
＿＿＿＿＿＿＿＿＿＿
＿＿＿＿＿＿＿＿＿＿
＿＿＿＿■＿＿＿＿＿
＿□□■■＿＿＿＿＿
＿＿□□■＿＿＿＿＿
＿＿□□□□＿＿＿＿
□□□□□□□□□＿
□□□□□□□□□＿
□□□□□□□□□＿
□□□□□□□□□＿
□□□□□□□□□＿
□□□□□□□□□＿
00:41:37(74912f):field(74911f)
＿＿＿＿＿＿＿＿＿＿
＿＿＿＿＿＿＿＿＿＿
＿＿＿＿＿＿＿＿＿＿
＿＿＿＿＿＿＿＿＿＿
＿＿＿＿＿＿＿＿＿＿
＿＿＿＿＿＿＿＿＿＿
＿＿＿＿＿＿＿＿＿＿
＿＿＿＿＿＿＿＿＿＿
＿＿＿＿＿＿＿＿＿＿
＿＿＿■■＿＿＿＿＿
＿＿■■□＿＿＿＿＿
＿□□□□＿＿＿＿＿
＿＿□□□＿＿＿＿＿
＿＿□□□□＿＿＿＿
□□□□□□□□□＿
□□□□□□□□□＿
□□□□□□□□□＿
□□□□□□□□□＿
□□□□□□□□□＿
□□□□□□□□□＿
00:41:37(74926f):field(74925f)
＿＿＿＿＿＿＿＿＿＿
＿＿＿＿＿＿＿＿＿＿
＿＿＿＿＿＿＿＿＿＿
＿＿＿＿＿＿＿＿＿＿
＿＿＿＿＿＿＿＿＿＿
＿＿＿＿＿＿＿＿＿＿
＿＿＿＿＿＿＿＿＿＿
＿＿＿＿＿＿＿＿＿＿
＿＿＿＿＿＿＿＿＿＿
＿＿＿□□＿＿＿＿＿
＿＿□□□＿＿＿＿＿
＿□□□□＿＿＿＿＿
＿＿□□□＿■＿＿＿
＿＿□□□□■■■＿
□□□□□□□□□＿
□□□□□□□□□＿
□□□□□□□□□＿
□□□□□□□□□＿
□□□□□□□□□＿
□□□□□□□□□＿
00:41:37(74938f):field(74937f)
＿＿＿＿＿＿＿＿＿＿
＿＿＿＿＿＿＿＿＿＿
＿＿＿＿＿＿＿＿＿＿
＿＿＿＿＿＿＿＿＿＿
＿＿＿＿＿＿＿＿＿＿
＿＿＿＿＿＿＿＿＿＿
＿＿＿＿＿＿＿＿＿＿
＿＿＿＿＿＿＿＿＿＿
＿＿＿＿＿＿＿＿＿＿
＿＿＿□□＿＿＿＿＿
＿＿□□□＿■＿＿＿
＿□□□□■■＿＿＿
＿＿□□□■□＿＿＿
＿＿□□□□□□□＿
□□□□□□□□□＿
□□□□□□□□□＿
□□□□□□□□□＿
□□□□□□□□□＿
□□□□□□□□□＿
□□□□□□□□□＿
00:41:38(74953f):field(74952f)
＿＿＿＿＿＿＿＿＿＿
＿＿＿＿＿＿＿＿＿＿
＿＿＿＿＿＿＿＿＿＿
＿＿＿＿＿＿＿＿＿＿
＿＿＿＿＿＿＿＿＿＿
＿＿＿＿＿＿＿＿＿＿
＿＿＿＿＿＿＿＿＿＿
＿＿＿＿＿＿＿＿＿＿
＿＿＿＿＿＿＿＿＿＿
＿＿＿□□＿＿＿＿＿
＿＿□□□＿□＿＿＿
＿□□□□□□■■＿
＿＿□□□□□■■＿
＿＿□□□□□□□＿
□□□□□□□□□＿
□□□□□□□□□＿
□□□□□□□□□＿
□□□□□□□□□＿
□□□□□□□□□＿
□□□□□□□□□＿
00:41:38(74964f):field(74963f)
＿＿＿＿＿＿＿＿＿＿
＿＿＿＿＿＿＿＿＿＿
＿＿＿＿＿＿＿＿＿＿
＿＿＿＿＿＿＿＿＿＿
＿＿＿＿＿＿＿＿＿＿
＿＿＿＿＿＿＿＿＿＿
＿＿＿＿＿＿＿＿＿＿
＿＿＿＿＿■＿＿＿＿
＿＿＿＿＿■＿＿＿＿
＿＿＿□□■＿＿＿＿
＿＿□□□■□＿＿＿
＿□□□□□□□□＿
＿＿□□□□□□□＿
＿＿□□□□□□□＿
□□□□□□□□□＿
□□□□□□□□□＿
□□□□□□□□□＿
□□□□□□□□□＿
□□□□□□□□□＿
□□□□□□□□□＿
00:41:39(74979f):field(74978f)
＿＿＿＿＿＿＿＿＿＿
＿＿＿＿＿＿＿＿＿＿
＿＿＿＿＿＿＿＿＿＿
＿＿＿＿＿＿＿＿＿＿
＿＿＿＿＿＿＿＿＿＿
＿＿＿＿＿＿＿＿＿＿
＿＿＿＿＿＿＿＿＿＿
＿＿＿＿＿□＿＿＿＿
＿＿＿＿＿□＿＿＿＿
■＿＿□□□＿＿＿＿
■■□□□□□＿＿＿
■□□□□□□□□＿
＿＿□□□□□□□＿
＿＿□□□□□□□＿
□□□□□□□□□＿
□□□□□□□□□＿
□□□□□□□□□＿
□□□□□□□□□＿
□□□□□□□□□＿
□□□□□□□□□＿
00:41:39(74992f):field(74991f)
＿＿＿＿＿＿＿＿＿＿
＿＿＿＿＿＿＿＿＿＿
＿＿＿＿＿＿＿＿＿＿
＿＿＿＿＿＿＿＿＿＿
＿＿＿＿＿＿＿＿＿＿
＿＿＿＿＿＿＿＿＿＿
＿＿＿＿■■＿＿＿＿
＿＿＿＿■□＿＿＿＿
＿＿＿＿■□＿＿＿＿
□＿＿□□□＿＿＿＿
□□□□□□□＿＿＿
□□□□□□□□□＿
＿＿□□□□□□□＿
＿＿□□□□□□□＿
□□□□□□□□□＿
□□□□□□□□□＿
□□□□□□□□□＿
□□□□□□□□□＿
□□□□□□□□□＿
□□□□□□□□□＿
00:41:40(75005f):field(75004f)
＿＿＿＿＿＿＿＿＿＿
＿＿＿＿＿＿＿＿＿＿
＿＿＿＿＿＿＿＿＿＿
＿＿＿＿＿＿＿＿＿＿
＿＿＿＿＿＿＿＿＿＿
＿＿＿＿＿＿＿＿＿＿
＿＿＿＿□□＿＿＿＿
＿■＿＿□□＿＿＿＿
＿■＿＿□□＿＿＿＿
□■■□□□＿＿＿＿
□□□□□□□＿＿＿
□□□□□□□□□＿
＿＿□□□□□□□＿
＿＿□□□□□□□＿
□□□□□□□□□＿
□□□□□□□□□＿
□□□□□□□□□＿
□□□□□□□□□＿
□□□□□□□□□＿
□□□□□□□□□＿
00:41:40(75021f):field(75020f)
＿＿＿＿＿＿＿＿＿＿
＿＿＿＿＿＿＿＿＿＿
＿＿＿＿＿＿＿＿＿＿
＿＿＿＿＿＿＿＿＿＿
＿＿＿＿＿＿＿＿＿＿
＿＿＿＿＿＿＿＿＿＿
＿＿＿＿□□＿＿＿＿
＿□■■□□＿＿＿＿
＿□■■□□＿＿＿＿
□□□□□□＿＿＿＿
□□□□□□□＿＿＿
□□□□□□□□□＿
＿＿□□□□□□□＿
＿＿□□□□□□□＿
□□□□□□□□□＿
□□□□□□□□□＿
□□□□□□□□□＿
□□□□□□□□□＿
□□□□□□□□□＿
□□□□□□□□□＿
00:41:41(75035f):field(75034f)
＿＿＿＿＿＿＿＿＿＿
＿＿＿＿＿＿＿＿＿＿
＿＿＿＿＿＿＿＿＿＿
＿＿＿＿＿＿＿＿＿＿
＿＿＿＿＿＿＿＿＿＿
＿＿＿＿＿＿＿＿＿＿
＿＿＿＿□□＿＿＿＿
＿□□□□□＿＿＿＿
＿□□□□□＿＿＿＿
□□□□□□■■＿＿
□□□□□□□■■＿
□□□□□□□□□＿
＿＿□□□□□□□＿
＿＿□□□□□□□＿
□□□□□□□□□＿
□□□□□□□□□＿
□□□□□□□□□＿
□□□□□□□□□＿
□□□□□□□□□＿
□□□□□□□□□＿
00:41:41(75053f):field(75052f)
＿＿＿＿＿＿＿＿＿＿
＿＿＿＿＿＿＿＿＿＿
＿＿＿＿＿＿＿＿＿＿
＿＿＿＿＿＿＿＿＿＿
＿＿＿＿＿＿＿＿＿＿
＿＿＿＿＿＿＿＿＿＿
＿＿＿＿◆◆＿＿＿＿
＿◆◆◆◆□＿＿＿＿
＿◆◆□□□＿＿＿＿
◆□□□□□◆◆＿＿
◆□□□□□◆◆◆■
□□□□□□□□□＿
＿＿□□□□□□□＿
■＿□□□□□□□＿
□□□□□□□□□＿
□□□□□□□□□＿
□□□□□□□□□＿
□□□□□□□□□＿
□□□□□□□□□＿
□□□□□□□□□＿
00:41:42(75066f):field(75065f)
＿＿＿＿＿＿＿＿＿＿
＿＿＿＿＿＿＿＿＿＿
＿＿＿＿＿＿＿＿＿＿
＿＿＿＿＿＿＿＿＿＿
＿＿＿＿＿＿＿＿＿＿
＿＿＿＿＿＿＿＿＿＿
＿＿＿＿＿＿＿＿＿＿
＿＿＿＿＿◆＿＿＿＿
＿＿＿◆□□＿＿＿■
＿□□□□□＿＿■■
＿□□□□□＿＿■□
□□□□□□□□□＿
＿＿□□□□□□□＿
◆＿□□□□□□□＿
□□□□□□□□□＿
□□□□□□□□□＿
□□□□□□□□□＿
□□□□□□□□□＿
□□□□□□□□□＿
□□□□□□□□□＿
00:41:42(75083f):field(75082f)
＿＿＿＿＿＿＿＿＿＿
＿＿＿＿＿＿＿＿＿＿
＿＿＿＿＿＿＿＿＿＿
＿＿＿＿＿＿＿＿＿＿
＿＿＿＿＿＿＿＿＿＿
＿＿＿＿＿＿＿＿＿＿
＿＿＿＿＿＿＿＿＿＿
■＿＿＿＿＿＿＿＿＿
■＿＿＿□□＿＿＿□
■□□□□□＿＿□□
■□□□□□＿＿□□
□□□□□□□□□＿
＿＿□□□□□□□＿
＿＿□□□□□□□＿
□□□□□□□□□＿
□□□□□□□□□＿
□□□□□□□□□＿
□□□□□□□□□＿
□□□□□□□□□＿
□□□□□□□□□＿
00:41:43(75098f):field(75097f)
＿＿＿＿＿＿＿＿＿＿
＿＿＿＿＿＿＿＿＿＿
＿＿＿＿＿＿＿＿＿＿
＿＿＿＿＿＿＿＿＿＿
＿＿＿＿＿＿＿＿＿＿
＿＿＿＿＿＿＿＿＿＿
＿＿＿＿＿＿＿＿＿＿
□■＿＿＿＿＿＿＿＿
□■■■□□＿＿＿□
□□□□□□＿＿□□
□□□□□□＿＿□□
□□□□□□□□□＿
＿＿□□□□□□□＿
＿＿□□□□□□□＿
□□□□□□□□□＿
□□□□□□□□□＿
□□□□□□□□□＿
□□□□□□□□□＿
□□□□□□□□□＿
□□□□□□□□□＿
00:41:43(75113f):field(75112f)
＿＿＿＿＿＿＿＿＿＿
＿＿＿＿＿＿＿＿＿＿
＿＿＿＿＿＿＿＿＿＿
＿＿＿＿＿＿＿＿＿＿
＿＿＿＿＿＿＿＿＿＿
＿＿＿＿＿＿＿＿＿＿
＿＿＿＿＿＿＿＿＿＿
◆◆＿＿＿＿＿＿＿＿
□□◆◆◆◆＿＿■◆
□□□□□□■＿◆□
□□□□□□■＿□□
□□□□□□□□□■
＿＿□□□□□□□＿
■＿□□□□□□□＿
□□□□□□□□□＿
□□□□□□□□□＿
□□□□□□□□□＿
□□□□□□□□□＿
□□□□□□□□□＿
□□□□□□□□□＿
00:41:44(75129f):field(75128f)
＿＿＿＿＿＿＿＿＿＿
＿＿＿＿＿＿＿＿＿＿
＿＿＿＿＿＿＿＿＿＿
＿＿＿＿＿＿＿＿＿＿
＿＿＿＿＿＿＿＿＿＿
＿＿＿＿＿＿＿＿＿＿
＿＿＿＿＿＿＿＿＿＿
＿＿＿＿＿＿＿＿＿＿
◆□＿＿＿＿＿＿◆＿
◆◆□◆◆□◆■＿□
□□□◆◆◆□■□◆
□□□□□□□□□◆
＿＿□□□□□□□＿
◆＿□□□□□□□＿
□□□□□□□□□＿
□□□□□□□□□＿
□□□□□□□□□＿
□□□□□□□□□＿
□□□□□□□□□＿
□□□□□□□□□＿
00:41:44(75142f):field(75141f)
＿＿＿＿＿＿＿＿＿＿
＿＿＿＿＿＿＿＿＿＿
＿＿＿＿＿＿＿＿＿＿
＿＿＿＿＿＿＿＿＿＿
＿＿＿＿＿＿＿＿＿＿
＿＿＿＿＿＿＿＿＿＿
＿＿＿＿＿＿＿＿＿＿
＿＿＿＿＿＿＿＿＿＿
＿◆＿＿＿＿＿＿＿＿
＿＿□■＿◆＿◆＿◆
□□□■＿＿◆□◆＿
□□□□□□□□□＿
＿＿□□□□□□□＿
＿＿□□□□□□□＿
□□□□□□□□□＿
□□□□□□□□□＿
□□□□□□□□□＿
□□□□□□□□□＿
□□□□□□□□□＿
□□□□□□□□□＿
00:41:45(75153f):field(75152f)
＿＿＿＿＿＿＿＿＿＿
＿＿＿＿＿＿＿＿＿＿
＿＿＿＿＿＿＿＿＿＿
＿＿＿＿＿＿＿＿＿＿
＿＿＿＿＿＿＿＿＿＿
＿＿＿＿＿＿＿＿＿＿
＿＿＿＿＿＿＿＿＿＿
＿＿＿＿＿＿＿＿＿＿
＿＿＿＿＿＿＿＿＿＿
＿＿□□＿＿■■＿＿
□□□□＿■■□＿＿
□□□□□□□□□＿
＿＿□□□□□□□＿
＿＿□□□□□□□＿
□□□□□□□□□＿
□□□□□□□□□＿
□□□□□□□□□＿
□□□□□□□□□＿
□□□□□□□□□＿
□□□□□□□□□＿
00:41:45(75167f):field(75166f)
＿＿＿＿＿＿＿＿＿＿
＿＿＿＿＿＿＿＿＿＿
＿＿＿＿＿＿＿＿＿＿
＿＿＿＿＿＿＿＿＿＿
＿＿＿＿＿＿＿＿＿＿
＿＿＿＿＿＿＿＿＿＿
＿＿＿＿＿＿＿＿＿＿
＿＿＿＿＿＿＿＿＿＿
＿＿＿＿■■＿＿＿＿
＿＿□□■＿□□＿＿
□□□□■□□□＿＿
□□□□□□□□□＿
＿＿□□□□□□□＿
＿＿□□□□□□□＿
□□□□□□□□□＿
□□□□□□□□□＿
□□□□□□□□□＿
□□□□□□□□□＿
□□□□□□□□□＿
□□□□□□□□□＿
00:41:46(75184f):field(75183f)
＿＿＿＿＿＿＿＿＿＿
＿＿＿＿＿＿＿＿＿＿
＿＿＿＿＿＿＿＿＿＿
＿＿＿＿＿＿＿＿＿＿
＿＿＿＿＿＿＿＿＿＿
＿＿＿＿＿＿＿＿＿＿
＿＿＿＿＿＿＿＿＿＿
＿＿＿＿＿＿＿＿＿＿
＿＿＿＿◆◆＿＿＿＿
＿＿◆◆◆＿◆◆＿＿
◆◆◆◆◆◆◆◆＿＿
◆◆◆◆◆◆◆◆◆＿
＿＿◆◆□□◆◆◆＿
＿＿□□□◆□□◆＿
□□□□□□□□◆＿
□□□□□□□□□＿
◆◆□□□□□□□＿
◆◆□□□□□□□＿
□□□□□□□□□＿
□□□□□□□□□＿
00:41:46(75201f):field(75200f)
＿＿＿＿＿＿＿＿＿＿
＿＿＿＿＿＿＿＿＿＿
＿＿＿＿＿＿＿＿＿＿
＿＿＿＿＿＿＿＿＿＿
＿＿＿＿＿＿＿＿＿＿
＿＿＿＿＿＿＿＿＿＿
＿＿＿＿＿＿＿＿＿＿
＿＿＿＿＿＿＿＿＿＿
＿＿＿＿＿＿＿＿＿＿
＿＿＿＿＿＿＿＿＿＿
＿＿＿＿＿＿＿＿＿＿
＿＿＿＿＿＿＿＿＿＿
＿＿＿＿◆◆＿＿＿＿
■＿◆◆◆＿◆◆＿＿
□◆◆◆□□◆◆＿＿
◆◆□□□◆□□◆■
＿＿□□□□□□□＿
＿＿□□□□□□□＿
□□□□□□□□□＿
□□□□□□□□□＿
00:41:47(75214f):field(75213f)
＿＿＿＿＿＿＿＿＿＿
＿＿＿＿＿＿＿＿＿＿
＿＿＿＿＿＿＿＿＿＿
＿＿＿＿＿＿＿＿＿＿
＿＿＿＿＿＿＿＿＿＿
＿＿＿＿＿＿＿＿＿＿
＿＿＿＿＿＿＿＿＿＿
＿＿＿＿＿＿＿＿＿＿
＿＿＿＿＿＿＿＿＿＿
＿＿＿＿＿＿＿＿＿＿
＿＿＿＿＿＿＿＿＿＿
＿＿＿＿＿＿＿＿＿＿
＿＿＿＿＿＿＿＿＿＿
◆＿＿＿＿＿＿＿＿＿
◆＿＿＿□□＿＿＿＿
＿＿□□□＿□□＿□
■■□□□□□□□＿
■■□□□□□□□＿
□□□□□□□□□＿
□□□□□□□□□＿
00:41:47(75233f):field(75232f)
＿＿＿＿＿＿＿＿＿＿
＿＿＿＿＿＿＿＿＿＿
＿＿＿＿＿＿＿＿＿＿
＿＿＿＿＿＿＿＿＿＿
＿＿＿＿＿＿＿＿＿＿
＿＿＿＿＿＿＿＿＿＿
＿＿＿＿＿＿＿＿＿＿
＿＿＿＿＿＿＿＿＿＿
＿＿＿＿＿＿＿＿＿＿
＿＿＿＿＿＿＿＿＿＿
＿＿＿＿＿＿＿＿＿＿
＿＿＿＿＿＿＿＿＿＿
＿＿＿＿＿＿＿＿＿＿
■＿＿＿＿＿＿＿＿＿
■＿＿＿□□＿＿＿＿
■■□□□＿□□＿□
□□□□□□□□□＿
□□□□□□□□□＿
□□□□□□□□□＿
□□□□□□□□□＿
00:41:48(75246f):field(75245f)
＿＿＿＿＿＿＿＿＿＿
＿＿＿＿＿＿＿＿＿＿
＿＿＿＿＿＿＿＿＿＿
＿＿＿＿＿＿＿＿＿＿
＿＿＿＿＿＿＿＿＿＿
＿＿＿＿＿＿＿＿＿＿
＿＿＿＿＿＿＿＿＿＿
＿＿＿＿＿＿＿＿＿＿
＿＿＿＿＿＿＿＿＿＿
＿＿＿＿＿＿＿＿＿＿
＿＿＿＿＿＿＿＿＿＿
＿＿＿＿＿＿＿＿＿＿
＿＿＿＿＿＿＿＿＿＿
□■＿＿＿＿＿＿＿＿
□■■■□□＿＿＿＿
□□□□□＿□□＿□
□□□□□□□□□＿
□□□□□□□□□＿
□□□□□□□□□＿
□□□□□□□□□＿
00:41:48(75262f):field(75261f)
＿＿＿＿＿＿＿＿＿＿
＿＿＿＿＿＿＿＿＿＿
＿＿＿＿＿＿＿＿＿＿
＿＿＿＿＿＿＿＿＿＿
＿＿＿＿＿＿＿＿＿＿
＿＿＿＿＿＿＿＿＿＿
＿＿＿＿＿＿＿＿＿＿
＿＿＿＿＿＿＿＿＿＿
＿＿＿＿＿＿＿＿＿＿
＿＿＿＿＿＿＿＿＿＿
＿＿＿＿＿＿＿＿＿＿
＿＿＿＿＿＿＿＿＿＿
＿＿＿＿＿＿＿＿＿＿
◆◆＿＿＿＿＿＿＿＿
□□◆◆◆◆＿＿＿＿
□□□□□＿□□＿□
□□□□□□□□□＿
□□□□□□□□□＿
□□□□□□□□□＿
□□□□□□□□□＿
00:41:49(75274f):field(75273f)
＿＿＿＿＿＿＿＿＿＿
＿＿＿＿＿＿＿＿＿＿
＿＿＿＿＿＿＿＿＿＿
＿＿＿＿＿＿＿＿＿＿
＿＿＿＿＿＿＿＿＿＿
＿＿＿＿＿＿＿＿＿＿
＿＿＿＿＿＿＿＿＿＿
＿＿＿＿＿＿＿＿＿＿
＿＿＿＿＿＿＿＿＿＿
＿＿＿＿＿＿＿＿＿＿
＿＿＿＿＿＿＿＿＿＿
＿＿＿＿＿＿＿＿＿＿
＿＿＿＿＿＿＿＿＿＿
＿＿＿＿＿＿■＿＿＿
□□＿＿＿■■＿＿＿
□□□□□■□□＿□
□□□□□□□□□＿
□□□□□□□□□＿
□□□□□□□□□＿
□□□□□□□□□＿
00:41:49(75286f):field(75285f)
＿＿＿＿＿＿＿＿＿＿
＿＿＿＿＿＿＿＿＿＿
＿＿＿＿＿＿＿＿＿＿
＿＿＿＿＿＿＿＿＿＿
＿＿＿＿＿＿＿＿＿＿
＿＿＿＿＿＿＿＿＿＿
＿＿＿＿＿＿＿＿＿＿
＿＿＿＿＿＿＿＿＿＿
＿＿＿＿＿＿＿＿＿＿
＿＿＿＿＿＿＿＿＿＿
＿＿＿＿＿＿＿＿＿＿
＿＿＿＿＿＿＿＿＿＿
＿＿＿＿＿＿＿＿＿＿
＿＿＿■■＿□＿＿＿
□□＿■■□□＿＿＿
□□□□□□□□＿□
□□□□□□□□□＿
□□□□□□□□□＿
□□□□□□□□□＿
□□□□□□□□□＿
00:41:49(75298f):field(75297f)
＿＿＿＿＿＿＿＿＿＿
＿＿＿＿＿＿＿＿＿＿
＿＿＿＿＿＿＿＿＿＿
＿＿＿＿＿＿＿＿＿＿
＿＿＿＿＿＿＿＿＿＿
＿＿＿＿＿＿＿＿＿＿
＿＿＿＿＿＿＿＿＿＿
＿＿＿＿＿＿＿＿＿＿
＿＿＿＿＿＿＿＿＿＿
＿＿＿＿＿＿＿＿＿＿
＿＿＿＿＿＿＿＿＿＿
＿＿＿＿■＿＿＿＿＿
＿＿＿＿■■＿＿＿＿
＿＿＿□□■□＿＿＿
□□＿□□□□＿＿＿
□□□□□□□□＿□
□□□□□□□□□＿
□□□□□□□□□＿
□□□□□□□□□＿
□□□□□□□□□＿
00:41:50(75313f):field(75312f)
＿＿＿＿＿＿＿＿＿＿
＿＿＿＿＿＿＿＿＿＿
＿＿＿＿＿＿＿＿＿＿
＿＿＿＿＿＿＿＿＿＿
＿＿＿＿＿＿＿＿＿＿
＿＿＿＿＿＿＿＿＿＿
＿＿＿＿＿＿＿＿＿＿
＿＿＿＿＿＿＿＿＿＿
＿＿＿＿＿＿＿＿＿＿
＿＿＿＿＿＿＿＿＿＿
＿＿＿＿＿＿＿＿＿＿
＿■＿＿□＿＿＿＿＿
＿■＿＿□□＿＿＿＿
■■＿□□□□＿＿＿
□□＿□□□□＿＿＿
□□□□□□□□＿□
□□□□□□□□□＿
□□□□□□□□□＿
□□□□□□□□□＿
□□□□□□□□□＿
00:41:51(75330f):field(75329f)
＿＿＿＿＿＿＿＿＿＿
＿＿＿＿＿＿＿＿＿＿
＿＿＿＿＿＿＿＿＿＿
＿＿＿＿＿＿＿＿＿＿
＿＿＿＿＿＿＿＿＿＿
＿＿＿＿＿＿＿＿＿＿
＿＿＿＿＿＿＿＿＿＿
＿＿＿＿＿＿＿＿＿＿
＿＿＿＿＿＿＿＿＿＿
＿＿＿＿＿＿＿＿＿＿
＿＿■＿＿＿＿＿＿＿
＿□■＿□＿＿＿＿＿
＿□■■□□＿＿＿＿
□□＿□□□□＿＿＿
□□＿□□□□＿＿＿
□□□□□□□□＿□
□□□□□□□□□＿
□□□□□□□□□＿
□□□□□□□□□＿
□□□□□□□□□＿
00:41:51(75347f):field(75346f)
＿＿＿＿＿＿＿＿＿＿
＿＿＿＿＿＿＿＿＿＿
＿＿＿＿＿＿＿＿＿＿
＿＿＿＿＿＿＿＿＿＿
＿＿＿＿＿＿＿＿＿＿
＿＿＿＿＿＿＿＿＿＿
＿＿＿＿＿＿＿＿＿＿
＿＿＿＿＿＿＿＿＿＿
＿＿＿＿＿＿＿＿＿＿
＿＿＿＿＿＿＿＿＿＿
＿＿◆＿＿＿＿＿＿＿
＿◆□＿◆＿＿＿＿＿
＿□□◆□◆＿＿＿＿
◆□■□□□◆＿＿■
□□＿□□□□＿＿＿
□□◆□□□□□■□
□□□□□□□□□＿
□□□□□□□□□＿
□□□□□□□□□＿
□□□□□□□□□＿
00:41:52(75360f):field(75359f)
＿＿＿＿＿＿＿＿＿＿
＿＿＿＿＿＿＿＿＿＿
＿＿＿＿＿＿＿＿＿＿
＿＿＿＿＿＿＿＿＿＿
＿＿＿＿＿＿＿＿＿＿
＿＿＿＿＿＿＿＿＿＿
＿＿＿＿＿＿＿＿＿＿
＿＿＿＿＿＿＿＿＿＿
＿＿＿＿＿＿＿＿＿＿
＿＿＿＿＿＿＿＿＿＿
＿＿＿＿＿＿＿＿＿＿
＿＿□＿＿＿＿＿＿■
＿□□＿□＿＿＿＿■
＿□□□□□＿＿＿□
□□＿□□□□＿＿■
□□＿□□□□□□□
□□□□□□□□□＿
□□□□□□□□□＿
□□□□□□□□□＿
□□□□□□□□□＿
00:41:52(75375f):field(75374f)
＿＿＿＿＿＿＿＿＿＿
＿＿＿＿＿＿＿＿＿＿
＿＿＿＿＿＿＿＿＿＿
＿＿＿＿＿＿＿＿＿＿
＿＿＿＿＿＿＿＿＿＿
＿＿＿＿＿＿＿＿＿＿
＿＿＿＿＿＿＿＿＿＿
＿＿＿＿＿＿＿＿＿＿
＿＿＿＿＿＿＿＿＿＿
＿＿＿＿＿＿＿＿＿＿
＿＿＿＿■＿＿＿＿＿
＿＿□■■＿＿＿＿□
＿□□■□＿＿＿＿□
＿□□□□□＿＿＿□
□□＿□□□□＿＿□
□□＿□□□□□□□
□□□□□□□□□＿
□□□□□□□□□＿
□□□□□□□□□＿
□□□□□□□□□＿
00:41:53(75392f):field(75391f)
＿＿＿＿＿＿＿＿＿＿
＿＿＿＿＿＿＿＿＿＿
＿＿＿＿＿＿＿＿＿＿
＿＿＿＿＿＿＿＿＿＿
＿＿＿＿＿＿＿＿＿＿
＿＿＿＿＿＿＿＿＿＿
＿＿＿＿＿＿＿＿＿＿
＿＿＿＿＿＿＿＿＿＿
＿＿＿＿＿＿＿＿＿＿
＿＿＿＿＿＿＿＿＿＿
＿＿＿＿□＿＿＿＿＿
■■□□□＿＿＿＿□
■□□□□＿＿＿＿□
■□□□□□＿＿＿□
□□＿□□□□＿＿□
□□＿□□□□□□□
□□□□□□□□□＿
□□□□□□□□□＿
□□□□□□□□□＿
□□□□□□□□□＿
00:41:53(75405f):field(75404f)
＿＿＿＿＿＿＿＿＿＿
＿＿＿＿＿＿＿＿＿＿
＿＿＿＿＿＿＿＿＿＿
＿＿＿＿＿＿＿＿＿＿
＿＿＿＿＿＿＿＿＿＿
＿＿＿＿＿＿＿＿＿＿
＿＿＿＿＿＿＿＿＿＿
＿＿＿＿＿＿＿＿＿＿
＿＿＿＿＿＿＿＿＿＿
＿＿＿＿＿＿＿＿＿＿
＿＿＿＿□＿＿＿＿＿
□□□□□＿＿＿＿□
□□□□□＿＿＿＿□
□□□□□□＿■■□
□□＿□□□□■■□
□□＿□□□□□□□
□□□□□□□□□＿
□□□□□□□□□＿
□□□□□□□□□＿
□□□□□□□□□＿
00:41:54(75421f):field(75420f)
＿＿＿＿＿＿＿＿＿＿
＿＿＿＿＿＿＿＿＿＿
＿＿＿＿＿＿＿＿＿＿
＿＿＿＿＿＿＿＿＿＿
＿＿＿＿＿＿＿＿＿＿
＿＿＿＿＿＿＿＿＿＿
＿＿＿＿＿＿＿＿＿＿
＿＿＿＿＿＿＿＿＿＿
＿＿＿＿＿＿＿＿＿＿
＿＿＿＿＿＿＿＿＿＿
＿＿＿＿◆＿＿＿＿＿
◆◆◆◆□＿＿＿＿◆
□□□□□＿■＿＿□
□□□□□□■□◆□
□□＿□□□□□□□
□□＿□□□□□□□
□□□□□□□□□＿
□□□□□□□□□＿
□□□□□□□□□＿
□□□□□□□□□＿
00:41:54(75437f):field(75436f)
＿＿＿＿＿＿＿＿＿＿
＿＿＿＿＿＿＿＿＿＿
＿＿＿＿＿＿＿＿＿＿
＿＿＿＿＿＿＿＿＿＿
＿＿＿＿＿＿＿＿＿＿
＿＿＿＿＿＿＿＿＿＿
＿＿＿＿＿＿＿＿＿＿
＿＿＿＿＿＿＿＿＿＿
＿＿＿＿＿＿＿＿＿＿
＿＿＿＿＿＿＿＿＿＿
＿＿＿＿＿＿＿＿＿＿
＿＿＿＿◆＿＿＿■＿
◆◆◆□□＿◆＿■◆
□□□□□◆◆◆■□
□□＿□□□□□□□
□□＿□□□□□□□
□□□□□□□□□＿
□□□□□□□□□＿
□□□□□□□□□＿
□□□□□□□□□＿
00:41:54(75448f):field(75447f)
＿＿＿＿＿＿＿＿＿＿
＿＿＿＿＿＿＿＿＿＿
＿＿＿＿＿＿＿＿＿＿
＿＿＿＿＿＿＿＿＿＿
＿＿＿＿＿＿＿＿＿＿
＿＿＿＿＿＿＿＿＿＿
＿＿＿＿＿＿＿＿＿＿
＿＿＿＿＿＿＿＿＿＿
＿＿＿＿＿＿＿＿＿＿
＿＿＿＿＿＿＿＿＿＿
＿＿＿＿＿＿＿＿＿＿
＿＿＿■■＿＿＿□＿
＿＿■□□＿＿＿□＿
□□□□□＿＿＿□□
□□＿□□□□□□□
□□＿□□□□□□□
□□□□□□□□□＿
□□□□□□□□□＿
□□□□□□□□□＿
□□□□□□□□□＿
00:41:55(75464f):field(75463f)
＿＿＿＿＿＿＿＿＿＿
＿＿＿＿＿＿＿＿＿＿
＿＿＿＿＿＿＿＿＿＿
＿＿＿＿＿＿＿＿＿＿
＿＿＿＿＿＿＿＿＿＿
＿＿＿＿＿＿＿＿＿＿
＿＿＿＿＿＿＿＿＿＿
＿＿＿＿＿＿＿＿＿＿
＿＿＿＿＿＿＿＿＿＿
＿＿＿＿＿＿＿＿＿＿
＿＿＿＿＿＿＿＿＿＿
＿＿＿◆◆＿＿＿◆＿
＿＿◆□□■＿＿□＿
◆◆□□□＿＿■□◆
□□＿□□□□□□□
□□＿□□□□□□□
□□□□□□□□□＿
□□□□□□□□□＿
□□□□□□□□□＿
□□□□□□□□□＿
00:41:55(75478f):field(75477f)
＿＿＿＿＿＿＿＿＿＿
＿＿＿＿＿＿＿＿＿＿
＿＿＿＿＿＿＿＿＿＿
＿＿＿＿＿＿＿＿＿＿
＿＿＿＿＿＿＿＿＿＿
＿＿＿＿＿＿＿＿＿＿
＿＿＿＿＿＿＿＿＿＿
＿＿＿＿＿＿＿＿＿＿
＿＿＿＿＿＿＿＿＿＿
＿＿＿＿＿＿＿＿＿＿
＿＿＿＿＿＿＿＿＿＿
＿＿＿＿＿＿＿■＿＿
＿＿＿□□◆■■□＿
＿＿□□□＿■□□＿
□□＿□□□□□□□
□□＿□□□□□□□
□□□□□□□□□＿
□□□□□□□□□＿
□□□□□□□□□＿
□□□□□□□□□＿
00:41:56(75495f):field(75494f)
＿＿＿＿＿＿＿＿＿＿
＿＿＿＿＿＿＿＿＿＿
＿＿＿＿＿＿＿＿＿＿
＿＿＿＿＿＿＿＿＿＿
＿＿＿＿＿＿＿＿＿＿
＿＿＿＿＿＿＿＿＿＿
＿＿＿＿＿＿＿＿＿＿
＿＿＿＿＿＿＿＿＿＿
＿＿＿＿＿＿＿＿＿＿
＿＿＿＿＿＿＿＿＿＿
＿＿＿＿＿＿＿＿＿＿
＿＿＿＿＿＿＿□＿＿
■■＿□□＿□□□＿
■■□□□＿□□□＿
□□＿□□□□□□□
□□＿□□□□□□□
□□□□□□□□□＿
□□□□□□□□□＿
□□□□□□□□□＿
□□□□□□□□□＿
00:41:56(75507f):field(75506f)
＿＿＿＿＿＿＿＿＿＿
＿＿＿＿＿＿＿＿＿＿
＿＿＿＿＿＿＿＿＿＿
＿＿＿＿＿＿＿＿＿＿
＿＿＿＿＿＿＿＿＿＿
＿＿＿＿＿＿＿＿＿＿
＿＿＿＿＿＿＿＿＿＿
＿＿＿＿＿＿＿＿＿＿
＿＿＿＿＿＿＿＿＿＿
＿＿＿＿＿＿＿＿＿＿
＿＿＿＿＿＿＿＿＿＿
＿＿＿＿＿■■□＿＿
□□＿□□■□□□＿
□□□□□■□□□＿
□□＿□□□□□□□
□□＿□□□□□□□
□□□□□□□□□＿
□□□□□□□□□＿
□□□□□□□□□＿
□□□□□□□□□＿
00:41:57(75519f):field(75518f)
＿＿＿＿＿＿＿＿＿＿
＿＿＿＿＿＿＿＿＿＿
＿＿＿＿＿＿＿＿＿＿
＿＿＿＿＿＿＿＿＿＿
＿＿＿＿＿＿＿＿＿＿
＿＿＿＿＿＿＿＿＿＿
＿＿＿＿＿＿＿＿＿＿
＿＿＿＿＿＿＿＿＿＿
＿＿＿＿＿＿＿＿＿＿
＿＿＿＿＿＿＿＿＿＿
＿＿＿＿■■＿＿＿＿
＿＿＿■■□□□＿＿
□□＿□□□□□□＿
□□□□□□□□□＿
□□＿□□□□□□□
□□＿□□□□□□□
□□□□□□□□□＿
□□□□□□□□□＿
□□□□□□□□□＿
□□□□□□□□□＿
00:41:57(75536f):field(75535f)
＿＿＿＿＿＿＿＿＿＿
＿＿＿＿＿＿＿＿＿＿
＿＿＿＿＿＿＿＿＿＿
＿＿＿＿＿＿＿＿＿＿
＿＿＿＿＿＿＿＿＿＿
＿＿＿＿＿＿＿＿＿＿
＿＿＿＿＿＿＿＿＿＿
＿＿＿＿＿＿＿＿＿＿
＿＿＿＿＿＿＿＿＿＿
＿＿＿＿＿＿＿＿＿＿
＿＿＿＿◆◆＿＿＿＿
＿＿＿◆□□◆◆＿＿
◆◆＿□□□□□□■
□□◆□□□□□□■
□□＿□□□□□□□
□□＿□□□□□□□
□□□□□□□□□＿
□□□□□□□□□＿
□□□□□□□□□＿
□□□□□□□□□＿
00:41:58(75548f):field(75547f)
＿＿＿＿＿＿＿＿＿＿
＿＿＿＿＿＿＿＿＿＿
＿＿＿＿＿＿＿＿＿＿
＿＿＿＿＿＿＿＿＿＿
＿＿＿＿＿＿＿＿＿＿
＿＿＿＿＿＿＿＿＿＿
＿＿＿＿＿＿＿＿＿＿
＿＿＿＿＿＿＿＿＿＿
＿＿＿＿＿＿＿＿＿＿
＿＿＿＿■＿＿＿＿＿
＿＿＿■■＿＿＿＿＿
＿＿＿■□□＿＿＿＿
＿＿＿□□□□□□□
□□＿□□□□□□□
□□＿□□□□□□□
□□＿□□□□□□□
□□□□□□□□□＿
□□□□□□□□□＿
□□□□□□□□□＿
□□□□□□□□□＿
00:41:58(75566f):field(75565f)
＿＿＿＿＿＿＿＿＿＿
＿＿＿＿＿＿＿＿＿＿
＿＿＿＿＿＿＿＿＿＿
＿＿＿＿＿＿＿＿＿＿
＿＿＿＿＿＿＿＿＿＿
＿＿＿＿＿＿＿＿＿＿
＿＿＿＿＿＿＿＿＿＿
＿＿＿＿＿＿＿＿＿＿
＿＿＿＿＿＿＿＿＿＿
＿＿＿＿□＿＿＿＿＿
＿＿＿□□＿＿■＿＿
＿＿＿□□□■■■＿
＿＿＿□□□□□□□
□□＿□□□□□□□
□□＿□□□□□□□
□□＿□□□□□□□
□□□□□□□□□＿
□□□□□□□□□＿
□□□□□□□□□＿
□□□□□□□□□＿
00:41:59(75579f):field(75578f)
＿＿＿＿＿＿＿＿＿＿
＿＿＿＿＿＿＿＿＿＿
＿＿＿＿＿＿＿＿＿＿
＿＿＿＿＿＿＿＿＿＿
＿＿＿＿＿＿＿＿＿＿
＿＿＿＿＿＿＿＿＿＿
＿＿＿＿＿＿＿＿＿＿
＿＿＿＿＿＿＿＿＿＿
＿＿＿＿＿＿＿＿＿＿
＿＿＿＿◆＿＿＿＿＿
＿＿＿◆◆＿＿◆＿＿
＿＿＿◆◆◆◆◆◆＿
＿＿■□□◆◆◆◆◆
□□＿□□◆◆□◆□
□◆■□□□□□□◆
□□■□□□□□□□
□□□□□□□□□＿
□□□□□□□□□＿
□□□□□□□□□＿
□□□□□□□□□＿
00:41:59(75592f):field(75591f)
＿＿＿＿＿＿＿＿＿＿
＿＿＿＿＿＿＿＿＿＿
＿＿＿＿＿＿＿＿＿＿
＿＿＿＿＿＿＿＿＿＿
＿＿＿＿＿＿＿＿＿＿
＿＿＿＿＿＿＿＿＿＿
＿＿＿＿＿＿＿＿＿＿
＿＿＿＿＿＿＿＿＿＿
＿＿＿＿＿＿＿＿＿＿
＿＿＿＿＿＿＿＿＿＿
＿＿＿＿＿＿＿＿＿＿
＿＿＿＿＿＿＿＿＿＿
＿＿◆□□■＿＿＿＿
◆◆＿□□＿＿◆＿◆
◆＿◆□□◆◆□□＿
◆□□□□□□□□◆
□□□□□□□□□＿
□□□□□□□□□＿
□□□□□□□□□＿
□□□□□□□□□＿
00:42:00(75606f):field(75605f)
＿＿＿＿＿＿＿＿＿＿
＿＿＿＿＿＿＿＿＿＿
＿＿＿＿＿＿＿＿＿＿
＿＿＿＿＿＿＿＿＿＿
＿＿＿＿＿＿＿＿＿＿
＿＿＿＿＿＿＿＿＿＿
＿＿＿＿＿＿＿＿＿＿
＿＿＿＿＿＿＿＿＿＿
＿＿＿＿＿＿＿＿＿＿
＿＿＿＿＿＿＿＿＿＿
＿＿＿＿＿＿＿＿＿＿
＿＿＿＿＿＿＿＿＿＿
＿＿＿◆◆◆＿＿＿＿
＿＿＿◆□＿＿＿＿＿
■■■□□＿＿□◆＿
■□□□□□□□□＿
□□□□□□□□□＿
□□□□□□□□□＿
□□□□□□□□□＿
□□□□□□□□□＿
00:42:00(75617f):field(75616f)
＿＿＿＿＿＿＿＿＿＿
＿＿＿＿＿＿＿＿＿＿
＿＿＿＿＿＿＿＿＿＿
＿＿＿＿＿＿＿＿＿＿
＿＿＿＿＿＿＿＿＿＿
＿＿＿＿＿＿＿＿＿＿
＿＿＿＿＿＿＿＿＿＿
＿＿＿＿＿＿＿＿＿＿
＿＿＿＿＿＿＿＿＿＿
＿＿＿＿＿＿＿＿＿＿
＿＿＿＿＿＿＿＿＿＿
＿＿＿＿＿＿＿＿＿＿
■＿＿＿＿＿＿＿＿＿
■■■＿□＿＿＿＿＿
□□□□□＿＿□＿＿
□□□□□□□□□＿
□□□□□□□□□＿
□□□□□□□□□＿
□□□□□□□□□＿
□□□□□□□□□＿
00:42:00(75629f):field(75628f)
＿＿＿＿＿＿＿＿＿＿
＿＿＿＿＿＿＿＿＿＿
＿＿＿＿＿＿＿＿＿＿
＿＿＿＿＿＿＿＿＿＿
＿＿＿＿＿＿＿＿＿＿
＿＿＿＿＿＿＿＿＿＿
＿＿＿＿＿＿＿＿＿＿
＿＿＿＿＿＿＿＿＿＿
＿＿＿＿＿＿＿＿＿＿
＿＿＿＿＿＿＿＿＿＿
＿＿＿＿＿＿＿＿＿＿
＿＿＿＿＿＿＿＿＿＿
□＿＿＿＿＿＿＿＿＿
□□□＿□■■＿＿＿
□□□□□■■□＿＿
□□□□□□□□□＿
□□□□□□□□□＿
□□□□□□□□□＿
□□□□□□□□□＿
□□□□□□□□□＿
00:42:01(75643f):field(75642f)
＿＿＿＿＿＿＿＿＿＿
＿＿＿＿＿＿＿＿＿＿
＿＿＿＿＿＿＿＿＿＿
＿＿＿＿＿＿＿＿＿＿
＿＿＿＿＿＿＿＿＿＿
＿＿＿＿＿＿＿＿＿＿
＿＿＿＿＿＿＿＿＿＿
＿＿＿＿＿＿＿＿＿＿
＿＿＿＿＿＿＿＿＿＿
＿＿＿＿＿＿＿＿＿＿
＿＿＿＿＿＿＿＿＿＿
＿＿＿＿＿＿＿＿＿＿
□＿＿＿■■■■＿＿
□□□＿□□□＿＿＿
□□□□□□□□＿＿
□□□□□□□□□＿
□□□□□□□□□＿
□□□□□□□□□＿
□□□□□□□□□＿
□□□□□□□□□＿
00:42:02(75662f):field(75661f)
＿＿＿＿＿＿＿＿＿＿
＿＿＿＿＿＿＿＿＿＿
＿＿＿＿＿＿＿＿＿＿
＿＿＿＿＿＿＿＿＿＿
＿＿＿＿＿＿＿＿＿＿
＿＿＿＿＿＿＿＿＿＿
＿＿＿＿＿＿＿＿＿＿
＿＿＿＿＿＿＿＿＿＿
＿＿＿＿＿＿＿＿＿＿
＿＿＿＿＿＿＿＿＿＿
＿＿■＿＿＿＿＿＿＿
＿■■＿＿＿＿＿＿＿
□■＿＿□□□□＿＿
□□□＿□□□＿＿＿
□□□□□□□□＿＿
□□□□□□□□□＿
□□□□□□□□□＿
□□□□□□□□□＿
□□□□□□□□□＿
□□□□□□□□□＿
00:42:02(75676f):field(75675f)
＿＿＿＿＿＿＿＿＿＿
＿＿＿＿＿＿＿＿＿＿
＿＿＿＿＿＿＿＿＿＿
＿＿＿＿＿＿＿＿＿＿
＿＿＿＿＿＿＿＿＿＿
＿＿＿＿＿＿＿＿＿＿
＿＿＿＿＿＿＿＿＿＿
＿＿＿＿＿＿＿＿＿＿
＿＿＿＿＿＿＿＿＿＿
＿＿＿＿＿＿＿＿＿＿
＿＿◆＿＿＿＿＿＿＿
＿◆◆＿＿＿＿＿＿＿
◆◆■＿◆◆◆◆＿＿
◆□□＿◆◆◆＿＿＿
□□□◆□□□□＿＿
□□□◆□□□□□＿
□□□□□□□□□■
□□□□□□□□□＿
□□□□□□□□□＿
□□□□□□□□□＿
00:42:02(75687f):field(75686f)
＿＿＿＿＿＿＿＿＿＿
＿＿＿＿＿＿＿＿＿＿
＿＿＿＿＿＿＿＿＿＿
＿＿＿＿＿＿＿＿＿＿
＿＿＿＿＿＿＿＿＿＿
＿＿＿＿＿＿＿＿＿＿
＿＿＿＿＿＿＿＿＿＿
＿＿＿＿＿＿＿＿＿＿
＿＿＿＿＿＿＿＿＿＿
＿＿＿＿＿＿＿＿＿＿
＿＿＿＿＿＿＿＿＿＿
＿＿＿＿＿＿＿＿＿＿
＿＿□＿＿＿＿＿＿＿
＿□□■■＿＿＿＿＿
□□◆■□□□□＿＿
□□□■□□□◆□＿
□□□□□□□□□◆
□□□□□□□□□＿
□□□□□□□□□＿
□□□□□□□□□＿
00:42:03(75705f):field(75704f)
＿＿＿＿＿＿＿＿＿＿
＿＿＿＿＿＿＿＿＿＿
＿＿＿＿＿＿＿＿＿＿
＿＿＿＿＿＿＿＿＿＿
＿＿＿＿＿＿＿＿＿＿
＿＿＿＿＿＿＿＿＿＿
＿＿＿＿＿＿＿＿＿＿
＿＿＿＿＿＿＿＿＿＿
＿＿＿＿＿＿＿＿＿＿
＿＿＿＿＿＿＿＿＿＿
＿＿＿＿＿＿＿＿＿＿
＿＿＿＿＿■＿＿＿＿
＿＿□＿＿■■＿＿＿
＿□□□□■＿＿＿＿
□□＿□□□□□＿＿
□□□□□□□＿□＿
□□□□□□□□□＿
□□□□□□□□□＿
□□□□□□□□□＿
□□□□□□□□□＿
00:42:03(75718f):field(75717f)
＿＿＿＿＿＿＿＿＿＿
＿＿＿＿＿＿＿＿＿＿
＿＿＿＿＿＿＿＿＿＿
＿＿＿＿＿＿＿＿＿＿
＿＿＿＿＿＿＿＿＿＿
＿＿＿＿＿＿＿＿＿＿
＿＿＿＿＿＿＿＿＿＿
＿＿＿＿＿＿＿＿＿＿
＿＿＿＿＿＿＿＿＿＿
＿＿＿＿＿＿＿＿＿＿
＿＿＿＿＿＿＿＿＿＿
＿＿＿■■□＿＿＿＿
＿＿□■■□□＿＿＿
＿□□□□□＿＿＿＿
□□＿□□□□□＿＿
□□□□□□□＿□＿
□□□□□□□□□＿
□□□□□□□□□＿
□□□□□□□□□＿
□□□□□□□□□＿
00:42:04(75730f):field(75729f)
＿＿＿＿＿＿＿＿＿＿
＿＿＿＿＿＿＿＿＿＿
＿＿＿＿＿＿＿＿＿＿
＿＿＿＿＿＿＿＿＿＿
＿＿＿＿＿＿＿＿＿＿
＿＿＿＿＿＿＿＿＿＿
＿＿＿＿＿＿＿＿＿＿
＿＿＿＿＿＿＿＿＿＿
＿＿＿＿＿＿＿＿＿＿
＿＿＿＿＿＿＿＿＿＿
＿＿■■■＿＿＿＿＿
＿＿■□□□＿＿＿＿
＿＿□□□□□＿＿＿
＿□□□□□＿＿＿＿
□□＿□□□□□＿＿
□□□□□□□＿□＿
□□□□□□□□□＿
□□□□□□□□□＿
□□□□□□□□□＿
□□□□□□□□□＿
00:42:04(75745f):field(75744f)
＿＿＿＿＿＿＿＿＿＿
＿＿＿＿＿＿＿＿＿＿
＿＿＿＿＿＿＿＿＿＿
＿＿＿＿＿＿＿＿＿＿
＿＿＿＿＿＿＿＿＿＿
＿＿＿＿＿＿＿＿＿＿
＿＿＿＿＿＿＿＿＿＿
＿＿＿＿＿＿＿＿＿＿
＿＿＿＿＿＿＿＿＿＿
＿＿＿＿＿■＿＿＿＿
＿＿□□□■■＿＿＿
＿＿□□□□■＿＿＿
＿＿□□□□□＿＿＿
＿□□□□□＿＿＿＿
□□＿□□□□□＿＿
□□□□□□□＿□＿
□□□□□□□□□＿
□□□□□□□□□＿
□□□□□□□□□＿
□□□□□□□□□＿
00:42:05(75757f):field(75756f)
＿＿＿＿＿＿＿＿＿＿
＿＿＿＿＿＿＿＿＿＿
＿＿＿＿＿＿＿＿＿＿
＿＿＿＿＿＿＿＿＿＿
＿＿＿＿＿＿＿＿＿＿
＿＿＿＿＿＿＿＿＿＿
＿＿＿＿＿＿＿＿＿＿
＿＿＿＿＿＿＿＿＿＿
＿＿＿＿＿＿＿＿＿＿
＿＿＿＿＿◆＿＿＿＿
＿＿◆◆◆◆◆＿＿＿
＿＿◆◆◆◆◆＿＿＿
＿＿◆◆◆◆◆＿＿＿
＿◆◆◆◆□＿＿＿＿
◆◆■□□□□◆＿＿
◆◆□□□□□＿◆＿
◆◆□□□□□◆◆＿
◆□□□□□□□□＿
□□◆□□□□□◆■
□□□□□□□□□＿
00:42:05(75770f):field(75769f)
＿＿＿＿＿＿＿＿＿＿
＿＿＿＿＿＿＿＿＿＿
＿＿＿＿＿＿＿＿＿＿
＿＿＿＿＿＿＿＿＿＿
＿＿＿＿＿＿＿＿＿＿
＿＿＿＿＿＿＿＿＿＿
＿＿＿＿＿＿＿＿＿＿
＿＿＿＿＿＿＿＿＿＿
＿＿＿＿＿＿＿＿＿＿
＿＿＿＿＿＿＿＿＿＿
＿＿＿＿＿＿＿＿＿＿
＿＿＿＿＿＿＿＿＿＿
＿＿＿＿＿＿＿＿＿＿
＿＿＿＿＿□＿＿＿＿
＿＿□□□□□＿＿＿
■＿□□□□□＿＿＿
■■□□□□□＿＿＿
■□□□□□◆◆◆＿
□□＿□□□□□＿◆
□□□□□□□◆□＿
00:42:06(75785f):field(75784f)
＿＿＿＿＿＿＿＿＿＿
＿＿＿＿＿＿＿＿＿＿
＿＿＿＿＿＿＿＿＿＿
＿＿＿＿＿＿＿＿＿＿
＿＿＿＿＿＿＿＿＿＿
＿＿＿＿＿＿＿＿＿＿
＿＿＿＿＿＿＿＿＿＿
＿＿＿＿＿＿＿＿＿＿
＿＿＿＿＿＿＿＿＿＿
＿＿＿＿＿＿＿＿＿＿
＿＿＿＿＿＿＿＿＿＿
＿＿＿＿＿＿＿＿＿＿
＿＿＿＿＿＿＿＿＿＿
＿＿＿＿＿□＿＿＿＿
＿＿□□□□□＿＿＿
□＿□□□□□＿＿＿
□□□□□□□＿＿＿
□□□□□□■■■＿
□□＿□□□□□■＿
□□□□□□□＿□＿
00:42:06(75797f):field(75796f)
＿＿＿＿＿＿＿＿＿＿
＿＿＿＿＿＿＿＿＿＿
＿＿＿＿＿＿＿＿＿＿
＿＿＿＿＿＿＿＿＿＿
＿＿＿＿＿＿＿＿＿＿
＿＿＿＿＿＿＿＿＿＿
＿＿＿＿＿＿＿＿＿＿
＿＿＿＿＿＿＿＿＿＿
＿＿＿＿＿＿＿＿＿＿
＿＿＿＿＿＿＿＿＿＿
＿＿＿＿＿＿＿＿＿＿
＿＿＿＿＿■＿＿＿＿
＿＿＿■■■＿＿＿＿
＿＿＿＿＿□＿＿＿＿
＿＿□□□□□＿＿＿
□＿□□□□□＿＿＿
□□□□□□□＿＿＿
□□□□□□□□□＿
□□＿□□□□□□＿
□□□□□□□＿□＿
00:42:07(75810f):field(75809f)
＿＿＿＿＿＿＿＿＿＿
＿＿＿＿＿＿＿＿＿＿
＿＿＿＿＿＿＿＿＿＿
＿＿＿＿＿＿＿＿＿＿
＿＿＿＿＿＿＿＿＿＿
＿＿＿＿＿＿＿＿＿＿
＿＿＿＿＿＿＿＿＿＿
＿＿＿＿＿＿＿＿＿＿
＿＿＿＿＿＿＿＿＿＿
＿＿＿＿＿＿＿＿＿＿
＿＿＿＿＿＿＿＿＿＿
＿＿＿＿＿□＿＿＿＿
＿＿＿□□□＿＿＿＿
■＿＿＿＿□＿＿＿＿
■■□□□□□＿＿＿
□■□□□□□＿＿＿
□□□□□□□＿＿＿
□□□□□□□□□＿
□□＿□□□□□□＿
□□□□□□□＿□＿
00:42:07(75822f):field(75821f)
＿＿＿＿＿＿＿＿＿＿
＿＿＿＿＿＿＿＿＿＿
＿＿＿＿＿＿＿＿＿＿
＿＿＿＿＿＿＿＿＿＿
＿＿＿＿＿＿＿＿＿＿
＿＿＿＿＿＿＿＿＿＿
＿＿＿＿＿＿＿＿＿＿
＿＿＿＿＿＿＿＿＿＿
＿＿＿＿＿＿＿＿＿＿
＿＿＿＿＿＿＿＿＿＿
＿＿＿＿＿＿＿＿＿＿
＿＿＿＿＿◆＿＿＿＿
＿＿＿◆◆□＿＿＿＿
◆＿＿■■□＿＿＿＿
□◆◆◆◆□◆＿＿＿
□□□□□□□＿＿＿
□□□□□□□＿＿＿
□□□□□□□□◆■
□□＿□□□□□□■
□□□□□□□＿□■
00:42:07(75834f):field(75833f)
＿＿＿＿＿＿＿＿＿＿
＿＿＿＿＿＿＿＿＿＿
＿＿＿＿＿＿＿＿＿＿
＿＿＿＿＿＿＿＿＿＿
＿＿＿＿＿＿＿＿＿＿
＿＿＿＿＿＿＿＿＿＿
＿＿＿＿＿＿＿＿＿＿
＿＿＿＿＿＿＿＿＿＿
＿＿＿＿＿＿＿＿＿＿
＿＿＿＿＿＿＿＿＿＿
＿＿＿＿＿＿＿＿＿＿
＿＿＿■■＿＿＿＿＿
＿＿＿■■□＿＿＿＿
＿＿＿□□□＿＿＿＿
□＿＿＿＿□＿＿＿＿
□□□□□□□＿＿＿
□□□□□□□＿＿＿
□□□□□□□◆＿□
□□＿□□□□□□□
□□□□□□□＿□□
00:42:08(75851f):field(75850f)
＿＿＿＿＿＿＿＿＿＿
＿＿＿＿＿＿＿＿＿＿
＿＿＿＿＿＿＿＿＿＿
＿＿＿＿＿＿＿＿＿＿
＿＿＿＿＿＿＿＿＿＿
＿＿＿＿＿＿＿＿＿＿
＿＿＿＿＿＿＿＿＿＿
＿＿＿＿＿＿＿＿＿＿
＿＿＿＿＿＿＿＿＿＿
＿＿＿＿＿＿＿＿＿＿
＿＿＿＿＿＿＿＿＿＿
＿＿＿□□＿＿＿＿＿
＿＿＿□□□＿＿＿＿
＿＿＿□□□＿＿＿＿
□＿＿＿＿□＿＿＿＿
□□□□□□□＿■＿
□□□□□□□＿■■
□□□□□□□＿■□
□□＿□□□□□□□
□□□□□□□＿□□
00:42:08(75867f):field(75866f)
＿＿＿＿＿＿＿＿＿＿
＿＿＿＿＿＿＿＿＿＿
＿＿＿＿＿＿＿＿＿＿
＿＿＿＿＿＿＿＿＿＿
＿＿＿＿＿＿＿＿＿＿
＿＿＿＿＿＿＿＿＿＿
＿＿＿＿＿＿＿＿＿＿
＿＿＿＿＿＿＿＿＿＿
＿＿＿＿＿＿＿＿＿＿
＿＿＿＿＿＿＿＿＿＿
＿＿＿＿＿＿＿＿＿＿
＿＿＿□□＿＿＿＿＿
＿＿＿□□□＿＿＿＿
＿＿■□□□＿＿＿＿
□＿■■■□＿＿＿＿
□□□□□□□＿□＿
□□□□□□□＿□□
□□□□□□□＿□□
□□＿□□□□□□□
□□□□□□□＿□□
00:42:09(75881f):field(75880f)
＿＿＿＿＿＿＿＿＿＿
＿＿＿＿＿＿＿＿＿＿
＿＿＿＿＿＿＿＿＿＿
＿＿＿＿＿＿＿＿＿＿
＿＿＿＿＿＿＿＿＿＿
＿＿＿＿＿＿＿＿＿＿
＿＿＿＿＿＿＿＿＿＿
＿＿＿＿＿＿＿＿＿＿
＿＿＿＿＿＿＿＿＿＿
＿＿＿＿＿＿＿＿＿＿
＿＿＿＿＿＿＿＿＿＿
＿＿＿□□＿＿＿＿＿
＿＿＿□□□＿＿＿＿
＿＿□□□□＿＿■＿
□＿□□□□＿■■＿
□□□□□□□■□＿
□□□□□□□＿□□
□□□□□□□＿□□
□□＿□□□□□□□
□□□□□□□＿□□
00:42:09(75893f):field(75892f)
＿＿＿＿＿＿＿＿＿＿
＿＿＿＿＿＿＿＿＿＿
＿＿＿＿＿＿＿＿＿＿
＿＿＿＿＿＿＿＿＿＿
＿＿＿＿＿＿＿＿＿＿
＿＿＿＿＿＿＿＿＿＿
＿＿＿＿＿＿＿＿＿＿
＿＿＿＿＿＿＿＿＿＿
＿＿＿＿＿＿＿＿＿＿
＿＿＿＿＿＿＿＿＿＿
＿＿＿＿＿＿＿＿＿＿
＿＿＿□□＿■＿＿＿
＿＿＿□□□■＿＿＿
＿＿□□□□■＿□＿
□＿□□□□■□□＿
□□□□□□□□□＿
□□□□□□□＿□□
□□□□□□□＿□□
□□＿□□□□□□□
□□□□□□□＿□□
00:42:10(75904f):field(75903f)
＿＿＿＿＿＿＿＿＿＿
＿＿＿＿＿＿＿＿＿＿
＿＿＿＿＿＿＿＿＿＿
＿＿＿＿＿＿＿＿＿＿
＿＿＿＿＿＿＿＿＿＿
＿＿＿＿＿＿＿＿＿＿
＿＿＿＿＿＿＿＿＿＿
＿＿＿＿＿＿＿＿＿＿
＿＿＿＿＿＿＿＿＿＿
＿＿＿■■＿＿＿＿＿
＿＿＿■■＿＿＿＿＿
＿＿＿□□＿□＿＿＿
＿＿＿□□□□＿＿＿
＿＿□□□□□＿□＿
□＿□□□□□□□＿
□□□□□□□□□＿
□□□□□□□＿□□
□□□□□□□＿□□
□□＿□□□□□□□
□□□□□□□＿□□
00:42:10(75919f):field(75918f)
＿＿＿＿＿＿＿＿＿＿
＿＿＿＿＿＿＿＿＿＿
＿＿＿＿＿＿＿＿＿＿
＿＿＿＿＿＿＿＿＿＿
＿＿＿＿＿＿＿＿＿＿
＿＿＿＿＿＿＿＿＿＿
＿＿＿＿＿＿＿＿＿＿
＿＿＿＿＿＿＿＿＿＿
＿＿＿＿＿＿＿＿＿＿
＿＿＿□□＿＿＿＿＿
＿＿＿□□＿＿＿＿＿
＿＿＿□□＿□＿＿＿
＿＿＿□□□□■■■
＿＿□□□□□■□＿
□＿□□□□□□□＿
□□□□□□□□□＿
□□□□□□□＿□□
□□□□□□□＿□□
□□＿□□□□□□□
□□□□□□□＿□□
00:42:11(75932f):field(75931f)
＿＿＿＿＿＿＿＿＿＿
＿＿＿＿＿＿＿＿＿＿
＿＿＿＿＿＿＿＿＿＿
＿＿＿＿＿＿＿＿＿＿
＿＿＿＿＿＿＿＿＿＿
＿＿＿＿＿＿＿＿＿＿
＿＿＿＿■＿＿＿＿＿
＿＿＿＿■＿＿＿＿＿
＿＿＿■■＿＿＿＿＿
＿＿＿□□＿＿＿＿＿
＿＿＿□□＿＿＿＿＿
＿＿＿□□＿□＿＿＿
＿＿＿□□□□□□□
＿＿□□□□□□□＿
□＿□□□□□□□＿
□□□□□□□□□＿
□□□□□□□＿□□
□□□□□□□＿□□
□□＿□□□□□□□
□□□□□□□＿□□
00:42:11(75943f):field(75942f)
＿＿＿＿＿＿＿＿＿＿
＿＿＿＿＿＿＿＿＿＿
＿＿＿＿＿＿＿＿＿＿
＿＿＿＿＿＿＿＿＿＿
＿＿＿＿＿＿＿＿＿＿
＿＿＿＿＿＿＿＿＿＿
＿＿＿＿□＿＿＿＿＿
＿＿＿＿□＿＿＿＿＿
＿＿＿□□■＿＿＿＿
＿＿＿□□■＿＿＿＿
＿＿＿□□■＿＿＿＿
＿＿＿□□■□＿＿＿
＿＿＿□□□□□□□
＿＿□□□□□□□＿
□＿□□□□□□□＿
□□□□□□□□□＿
□□□□□□□＿□□
□□□□□□□＿□□
□□＿□□□□□□□
□□□□□□□＿□□
00:42:11(75959f):field(75958f)
＿＿＿＿＿＿＿＿＿＿
＿＿＿＿＿＿＿＿＿＿
＿＿＿＿＿＿＿＿＿＿
＿＿＿＿＿＿＿＿＿＿
＿＿＿＿＿＿＿＿＿＿
＿＿＿＿＿＿＿＿＿＿
＿＿＿＿□＿＿＿＿＿
＿＿＿＿□＿＿＿＿＿
＿＿＿□□□＿＿＿＿
＿＿＿□□□＿＿＿＿
＿＿＿□□□■■＿＿
＿＿＿□□□□■■＿
＿＿＿□□□□□□□
＿＿□□□□□□□＿
□＿□□□□□□□＿
□□□□□□□□□＿
□□□□□□□＿□□
□□□□□□□＿□□
□□＿□□□□□□□
□□□□□□□＿□□
00:42:12(75971f):field(75970f)
＿＿＿＿＿＿＿＿＿＿
＿＿＿＿＿＿＿＿＿＿
＿＿＿＿＿＿＿＿＿＿
＿＿＿＿＿＿＿＿＿＿
＿＿＿＿＿＿＿＿＿＿
＿＿＿＿＿＿＿＿＿＿
＿＿＿＿□＿＿＿＿＿
＿＿＿＿□＿＿＿＿＿
＿＿＿□□□■■＿＿
＿＿＿□□□■■＿＿
＿＿＿□□□□□＿＿
＿＿＿□□□□□□＿
＿＿＿□□□□□□□
＿＿□□□□□□□＿
□＿□□□□□□□＿
□□□□□□□□□＿
□□□□□□□＿□□
□□□□□□□＿□□
□□＿□□□□□□□
□□□□□□□＿□□
00:42:12(75983f):field(75982f)
＿＿＿＿＿＿＿＿＿＿
＿＿＿＿＿＿＿＿＿＿
＿＿＿＿＿＿＿＿＿＿
＿＿＿＿＿＿＿＿＿＿
＿＿＿＿＿＿＿＿＿＿
＿＿＿＿＿＿＿＿＿＿
＿＿＿＿□＿＿＿＿＿
＿＿＿＿□＿＿＿＿＿
＿＿＿□□□□□＿＿
＿＿＿□□□□□＿＿
＿＿＿□□□□□＿＿
＿＿＿□□□□□□＿
＿■＿□□□□□□□
■■□□□□□□□＿
□■□□□□□□□＿
□□□□□□□□□＿
□□□□□□□＿□□
□□□□□□□＿□□
□□＿□□□□□□□
□□□□□□□＿□□
00:42:13(75996f):field(75995f)
＿＿＿＿＿＿＿＿＿＿
＿＿＿＿＿＿＿＿＿＿
＿＿＿＿＿＿＿＿＿＿
＿＿＿＿＿＿＿＿＿＿
＿＿＿＿＿＿＿＿＿＿
＿＿＿＿■■＿＿＿＿
＿＿＿＿□■＿＿＿＿
＿＿＿＿□■＿＿＿＿
＿＿＿□□□□□＿＿
＿＿＿□□□□□＿＿
＿＿＿□□□□□＿＿
＿＿＿□□□□□□＿
＿□＿□□□□□□□
□□□□□□□□□＿
□□□□□□□□□＿
□□□□□□□□□＿
□□□□□□□＿□□
□□□□□□□＿□□
□□＿□□□□□□□
□□□□□□□＿□□
00:42:13(76010f):field(76009f)
＿＿＿＿＿＿＿＿＿＿
＿＿＿＿＿＿＿＿＿＿
＿＿＿＿＿＿＿＿＿＿
＿＿＿＿＿＿＿＿＿＿
＿＿＿＿＿＿＿＿＿＿
＿＿＿＿□□＿＿＿＿
＿＿＿＿□□＿＿＿＿
＿＿＿＿□□＿＿＿＿
＿＿＿□□□□□＿＿
＿＿＿□□□□□■＿
＿＿＿□□□□□■■
＿＿＿□□□□□□■
＿□＿□□□□□□□
□□□□□□□□□＿
□□□□□□□□□＿
□□□□□□□□□＿
□□□□□□□＿□□
□□□□□□□＿□□
□□＿□□□□□□□
□□□□□□□＿□□
00:42:14(76022f):field(76021f)
＿＿＿＿＿＿＿＿＿＿
＿＿＿＿＿＿＿＿＿＿
＿＿＿＿＿＿＿＿＿＿
＿＿＿＿＿＿＿＿＿＿
＿＿＿＿＿＿＿＿＿＿
＿＿＿＿◆◆＿＿＿＿
＿＿＿＿□□＿＿＿＿
＿＿＿＿□□＿＿＿＿
＿＿＿◆□□◆◆＿＿
＿＿＿□□□□□◆＿
■＿＿□□□□□□◆
＿■＿□□□□□□□
＿□■□□□□□□□
□□□□□□□□□＿
□□□□□□□□□＿
□□□□□□□□□＿
□□□□□□□＿□□
□□□□□□□＿□□
□□＿□□□□□□□
□□□□□□□＿□□
00:42:14(76035f):field(76034f)
＿＿＿＿＿＿＿＿＿＿
＿＿＿＿＿＿＿＿＿＿
＿＿＿＿＿＿＿＿＿＿
＿＿＿＿＿＿＿＿＿＿
＿＿＿＿＿＿＿＿＿＿
＿＿＿＿＿＿＿＿＿＿
＿＿＿＿□□＿＿＿＿
＿＿＿＿□□＿＿＿＿
＿＿＿＿□□＿＿＿＿
＿＿＿□□□□□＿＿
◆■■□□□□□□＿
＿□■□□□□□□□
＿□□□□□□□□□
□□□□□□□□□＿
□□□□□□□□□＿
□□□□□□□□□＿
□□□□□□□＿□□
□□□□□□□＿□□
□□＿□□□□□□□
□□□□□□□＿□□
00:42:14(76049f):field(76048f)
＿＿＿＿＿＿＿＿＿＿
＿＿＿＿＿＿＿＿＿＿
＿＿＿＿＿＿＿＿＿＿
＿＿＿＿＿＿＿＿＿＿
＿＿＿＿＿＿＿＿＿＿
＿＿＿＿＿＿＿＿＿＿
＿＿＿＿□□＿＿＿＿
＿＿＿＿□□＿＿＿＿
＿＿＿＿□□＿＿＿■
＿＿＿□□□□□■■
＿□□□□□□□□■
＿□□□□□□□□□
＿□□□□□□□□□
□□□□□□□□□＿
□□□□□□□□□＿
□□□□□□□□□＿
□□□□□□□＿□□
□□□□□□□＿□□
□□＿□□□□□□□
□□□□□□□＿□□
00:42:15(76062f):field(76061f)
＿＿＿＿＿＿＿＿＿＿
＿＿＿＿＿＿＿＿＿＿
＿＿＿＿＿＿＿＿＿＿
＿＿＿＿＿＿＿＿＿＿
＿＿＿＿＿＿＿＿＿＿
＿＿＿＿＿＿＿＿＿＿
＿＿＿＿◆◆＿＿＿＿
＿＿＿＿◆◆＿＿＿＿
＿＿＿＿◆◆＿＿＿◆
＿＿＿◆□□◆◆◆◆
＿◆◆◆□□□□◆◆
＿◆□◆□□◆□◆□
■□□□□□□□□□
□□□□□□□□□＿
□□□□□□□□□■
□□□□□□□□□＿
□□□□□□□＿□□
□□□□□□□＿□□
□□＿□□□□□□□
□□□□□□□＿□□
00:42:15(76076f):field(76075f)
＿＿＿＿＿＿＿＿＿＿
＿＿＿＿＿＿＿＿＿＿
＿＿＿＿＿＿＿＿＿＿
＿＿＿＿＿＿＿＿＿＿
＿＿＿＿＿＿＿＿＿＿
＿＿＿＿＿＿＿＿＿＿
＿＿＿＿＿＿＿＿＿＿
＿＿＿＿＿＿＿＿＿＿
＿＿＿＿＿＿＿＿＿＿
＿＿＿＿□□＿＿＿＿
＿＿＿＿□□◆◆■＿
＿＿◆＿□□■□■□
□◆◆□□□□□□□
□□□□□□□□□＿
□□□□□□□□□◆
□□□□□□□□□＿
□□□□□□□＿□□
□□□□□□□＿□□
□□＿□□□□□□□
□□□□□□□＿□□
00:42:16(76087f):field(76086f)
＿＿＿＿＿＿＿＿＿＿
＿＿＿＿＿＿＿＿＿＿
＿＿＿＿＿＿＿＿＿＿
＿＿＿＿＿＿＿＿＿＿
＿＿＿＿＿＿＿＿＿＿
＿＿＿＿＿＿＿＿＿＿
＿＿＿＿＿＿＿＿＿＿
＿＿＿＿＿＿＿＿＿＿
＿＿＿＿＿＿＿＿＿＿
＿＿＿＿◆◆＿＿＿＿
＿＿＿＿□□＿＿◆＿
＿＿■■□□◆◆□◆
◆＿■□□□□□□□
□□□□□□□□□＿
□□□□□□□□□＿
□□□□□□□□□＿
□□□□□□□＿□□
□□□□□□□＿□□
□□＿□□□□□□□
□□□□□□□＿□□
00:42:16(76099f):field(76098f)
＿＿＿＿＿＿＿＿＿＿
＿＿＿＿＿＿＿＿＿＿
＿＿＿＿＿＿＿＿＿＿
＿＿＿＿＿＿＿＿＿＿
＿＿＿＿＿＿＿＿＿＿
＿＿＿＿＿＿＿＿＿＿
＿＿＿＿＿＿＿＿＿＿
＿＿＿＿＿＿＿＿＿＿
＿＿＿＿＿＿＿＿＿＿
＿＿＿■■＿＿＿＿＿
＿＿＿■□□＿＿＿＿
＿＿◆□□□＿＿□＿
＿＿□□□□□□□□
□□□□□□□□□＿
□□□□□□□□□＿
□□□□□□□□□＿
□□□□□□□＿□□
□□□□□□□＿□□
□□＿□□□□□□□
□□□□□□□＿□□
00:42:17(76111f):field(76110f)
＿＿＿＿＿＿＿＿＿＿
＿＿＿＿＿＿＿＿＿＿
＿＿＿＿＿＿＿＿＿＿
＿＿＿＿＿＿＿＿＿＿
＿＿＿＿＿＿＿＿＿＿
＿＿＿＿＿＿＿＿＿＿
＿＿＿＿＿＿＿＿＿＿
＿＿＿＿＿＿＿＿＿＿
＿＿＿＿＿＿＿＿＿＿
＿＿＿◆◆＿＿＿＿＿
＿＿＿□□◆＿＿＿＿
＿＿＿□□□＿＿◆＿
■■◆□□□□◆□◆
□□□□□□□□□＿
□□□□□□□□□■
□□□□□□□□□＿
□□□□□□□＿□□
□□□□□□□＿□□
□□＿□□□□□□□
□□□□□□□＿□□
00:42:17(76125f):field(76124f)
＿＿＿＿＿＿＿＿＿＿
＿＿＿＿＿＿＿＿＿＿
＿＿＿＿＿＿＿＿＿＿
＿＿＿＿＿＿＿＿＿＿
＿＿＿＿＿＿＿＿＿＿
＿＿＿＿＿＿＿＿＿＿
＿＿＿＿＿＿＿＿＿＿
＿＿＿＿＿＿＿＿＿＿
＿＿＿＿＿＿＿＿＿＿
＿＿＿＿■■＿＿＿＿
＿＿＿□□■■＿＿＿
＿＿＿□□□＿＿＿＿
□□＿□□□◆＿□＿
□□□□□□□□□＿
□□□□□□□□□◆
□□□□□□□□□＿
□□□□□□□＿□□
□□□□□□□＿□□
□□＿□□□□□□□
□□□□□□□＿□□
00:42:18(76140f):field(76139f)
＿＿＿＿＿＿＿＿＿＿
＿＿＿＿＿＿＿＿＿＿
＿＿＿＿＿＿＿＿＿＿
＿＿＿＿＿＿＿＿＿＿
＿＿＿＿＿＿＿＿＿＿
＿＿＿＿＿＿＿＿＿＿
＿＿＿＿＿＿＿＿＿＿
＿＿＿＿＿＿＿＿＿＿
＿＿＿＿＿＿＿＿＿＿
＿＿＿＿□□＿＿＿＿
＿＿＿□□□□＿＿＿
＿＿＿□□□■■■＿
□□＿□□□■＿□＿
□□□□□□□□□＿
□□□□□□□□□＿
□□□□□□□□□＿
□□□□□□□＿□□
□□□□□□□＿□□
□□＿□□□□□□□
□□□□□□□＿□□
00:42:18(76154f):field(76153f)
＿＿＿＿＿＿＿＿＿＿
＿＿＿＿＿＿＿＿＿＿
＿＿＿＿＿＿＿＿＿＿
＿＿＿＿＿＿＿＿＿＿
＿＿＿＿＿＿＿＿＿＿
＿＿＿＿＿＿＿＿＿＿
＿＿＿＿＿＿＿＿＿＿
＿＿＿＿＿＿＿＿＿＿
＿＿＿＿＿＿＿＿＿＿
＿＿＿＿◆◆＿＿＿＿
＿＿＿◆◆◆◆＿＿＿
＿＿＿◆◆◆◆◆◆＿
◆◆＿◆□□◆＿◆＿
◆◆□□□□□□□＿
□□◆□□□□□□＿
□□□□□□□◆□■
□□□□□□□＿□□
□□□□□□□＿□□
□□＿□□□□□□□
□□□□□□□＿□□
00:42:18(76165f):field(76164f)
＿＿＿＿＿＿＿＿＿＿
＿＿＿＿＿＿＿＿＿＿
＿＿＿＿＿＿＿＿＿＿
＿＿＿＿＿＿＿＿＿＿
＿＿＿＿＿＿＿＿＿＿
＿＿＿＿＿＿＿＿＿＿
＿＿＿＿＿＿＿＿＿＿
＿＿＿＿＿＿＿＿＿＿
＿＿＿＿＿＿＿＿＿＿
＿＿＿＿＿＿＿＿＿＿
＿＿＿＿＿＿＿＿＿＿
＿＿＿＿＿＿＿＿＿＿
＿＿＿＿□□＿＿＿＿
＿＿□□□□□◆◆＿
◆□■□□□□□□＿
□□□□□□□＿□□
□□□□□□□＿□□
□□□□□□□＿□□
□□＿□□□□□□□
□□□□□□□＿□□
00:42:19(76179f):field(76178f)
＿＿＿＿＿＿＿＿＿＿
＿＿＿＿＿＿＿＿＿＿
＿＿＿＿＿＿＿＿＿＿
＿＿＿＿＿＿＿＿＿＿
＿＿＿＿＿＿＿＿＿＿
＿＿＿＿＿＿＿＿＿＿
＿＿＿＿＿＿＿＿＿＿
＿＿＿＿＿＿＿＿＿＿
＿＿＿＿＿＿＿＿＿＿
＿＿＿＿＿＿＿＿＿＿
＿＿＿＿＿＿＿＿＿＿
＿＿＿＿＿＿＿＿＿＿
＿＿＿＿□□＿＿■＿
＿＿□□□□□＿■■
＿□□□□□□□□■
□□□□□□□＿□□
□□□□□□□＿□□
□□□□□□□＿□□
□□＿□□□□□□□
□□□□□□□＿□□
00:42:19(76189f):field(76188f)
＿＿＿＿＿＿＿＿＿＿
＿＿＿＿＿＿＿＿＿＿
＿＿＿＿＿＿＿＿＿＿
＿＿＿＿＿＿＿＿＿＿
＿＿＿＿＿＿＿＿＿＿
＿＿＿＿＿＿＿＿＿＿
＿＿＿＿＿＿＿＿＿＿
＿＿＿＿＿＿＿＿＿＿
＿＿＿＿＿＿＿＿＿＿
＿＿＿＿＿＿＿＿＿＿
＿＿＿＿■■＿＿＿＿
＿＿＿＿■■＿＿＿＿
＿＿＿＿□□＿＿□＿
＿＿□□□□□＿□□
＿□□□□□□□□□
□□□□□□□＿□□
□□□□□□□＿□□
□□□□□□□＿□□
□□＿□□□□□□□
□□□□□□□＿□□
00:42:20(76209f):field(76208f)
＿＿＿＿＿＿＿＿＿＿
＿＿＿＿＿＿＿＿＿＿
＿＿＿＿＿＿＿＿＿＿
＿＿＿＿＿＿＿＿＿＿
＿＿＿＿＿＿＿＿＿＿
＿＿＿＿＿＿＿＿＿＿
＿＿＿＿＿＿＿＿＿＿
＿＿＿＿＿＿＿＿＿＿
＿＿＿＿＿＿＿＿＿＿
＿＿＿＿＿＿＿＿＿＿
＿＿＿＿□□＿＿＿＿
＿＿＿＿□□＿＿＿＿
＿■■■□□＿＿□＿
＿■□□□□□＿□□
＿□□□□□□□□□
□□□□□□□＿□□
□□□□□□□＿□□
□□□□□□□＿□□
□□＿□□□□□□□
□□□□□□□＿□□
00:42:20(76223f):field(76222f)
＿＿＿＿＿＿＿＿＿＿
＿＿＿＿＿＿＿＿＿＿
＿＿＿＿＿＿＿＿＿＿
＿＿＿＿＿＿＿＿＿＿
＿＿＿＿＿＿＿＿＿＿
＿＿＿＿＿＿＿＿＿＿
＿＿＿＿＿＿＿＿＿＿
＿＿＿＿＿＿＿＿＿＿
＿＿＿＿＿＿＿＿＿＿
＿＿＿■■＿＿＿＿＿
＿＿＿■□□＿＿＿＿
＿＿＿■□□＿＿＿＿
＿□□□□□＿＿□＿
＿□□□□□□＿□□
＿□□□□□□□□□
□□□□□□□＿□□
□□□□□□□＿□□
□□□□□□□＿□□
□□＿□□□□□□□
□□□□□□□＿□□
00:42:21(76237f):field(76236f)
＿＿＿＿＿＿＿＿＿＿
＿＿＿＿＿＿＿＿＿＿
＿＿＿＿＿＿＿＿＿＿
＿＿＿＿＿＿＿＿＿＿
＿＿＿＿＿＿＿＿＿＿
＿＿＿＿＿＿＿＿＿＿
＿＿＿＿＿＿＿＿＿＿
＿＿＿＿＿＿＿＿＿＿
＿＿＿＿＿＿＿＿＿＿
＿＿＿◆◆＿＿＿＿＿
＿＿＿□□◆＿＿＿＿
＿＿＿□□□＿＿＿＿
■◆◆□□□＿＿◆＿
■□□□□□◆＿□◆
■□□□□□□◆□□
□□□□□□□■□□
□□□□□□□■□□
□□□□□□□＿□□
□□＿□□□□□□□
□□□□□□□＿□□
00:42:21(76252f):field(76251f)
＿＿＿＿＿＿＿＿＿＿
＿＿＿＿＿＿＿＿＿＿
＿＿＿＿＿＿＿＿＿＿
＿＿＿＿＿＿＿＿＿＿
＿＿＿＿＿＿＿＿＿＿
＿＿＿＿＿＿＿＿＿＿
＿＿＿＿＿＿＿＿＿＿
＿＿＿＿＿＿＿＿＿＿
＿＿＿＿＿＿＿＿＿＿
＿＿＿＿＿＿＿＿＿＿
＿＿＿□□＿＿＿＿＿
＿＿＿□□□＿＿＿■
□＿＿□□□＿＿■■
□□□□□□＿＿□■
□□□□□□□＿□□
□□□□□□□◆□□
□□□□□□□◆□□
□□□□□□□＿□□
□□＿□□□□□□□
□□□□□□□＿□□
00:42:22(76264f):field(76263f)
＿＿＿＿＿＿＿＿＿＿
＿＿＿＿＿＿＿＿＿＿
＿＿＿＿＿＿＿＿＿＿
＿＿＿＿＿＿＿＿＿＿
＿＿＿＿＿＿＿＿＿＿
＿＿＿＿＿＿＿＿＿＿
＿＿＿＿＿＿＿＿＿＿
＿＿＿＿＿＿＿＿＿＿
＿＿＿＿＿＿＿＿＿＿
＿＿＿＿＿＿＿＿＿＿
＿＿＿□□＿＿＿＿＿
■■＿□□□＿＿＿□
□■■□□□＿＿□□
□□□□□□＿＿□□
□□□□□□□＿□□
□□□□□□□＿□□
□□□□□□□＿□□
□□□□□□□＿□□
□□＿□□□□□□□
□□□□□□□＿□□
00:42:22(76277f):field(76276f)
＿＿＿＿＿＿＿＿＿＿
＿＿＿＿＿＿＿＿＿＿
＿＿＿＿＿＿＿＿＿＿
＿＿＿＿＿＿＿＿＿＿
＿＿＿＿＿＿＿＿＿＿
＿＿＿＿＿＿＿＿＿＿
＿＿＿＿＿＿＿＿＿＿
＿＿＿＿＿＿＿＿＿＿
＿＿＿＿＿＿＿＿＿＿
＿＿＿＿＿＿＿＿＿＿
＿＿＿◆◆＿＿＿＿＿
◆◆＿◆◆◆＿＿＿◆
◆◆◆□□◆■＿◆◆
□□◆□□□＿■◆□
□□□□□□□＿□□
□□□□□□□＿□□
□□□□□□□＿□□
□□□□□□□＿□□
□□＿□□□□□□□
□□□□□□□＿□□
00:42:23(76292f):field(76291f)
＿＿＿＿＿＿＿＿＿＿
＿＿＿＿＿＿＿＿＿＿
＿＿＿＿＿＿＿＿＿＿
＿＿＿＿＿＿＿＿＿＿
＿＿＿＿＿＿＿＿＿＿
＿＿＿＿＿＿＿＿＿＿
＿＿＿＿＿＿＿＿＿＿
＿＿＿＿＿＿＿＿＿＿
＿＿＿＿＿＿＿＿＿＿
＿＿＿＿＿＿＿＿＿＿
■＿＿＿＿＿＿＿＿＿
■＿＿＿＿＿＿＿＿＿
■■＿□□＿◆＿＿＿
□□＿□□□＿◆＿□
□□□□□□□＿□□
□□□□□□□＿□□
□□□□□□□＿□□
□□□□□□□＿□□
□□＿□□□□□□□
□□□□□□□＿□□
00:42:23(76304f):field(76303f)
＿＿＿＿＿＿＿＿＿＿
＿＿＿＿＿＿＿＿＿＿
＿＿＿＿＿＿＿＿＿＿
＿＿＿＿＿＿＿＿＿＿
＿＿＿＿＿＿＿＿＿＿
＿＿＿＿＿＿＿＿＿＿
＿＿＿＿＿＿＿＿＿＿
＿＿＿＿＿＿＿＿＿＿
＿＿＿＿＿＿＿＿＿＿
＿＿＿＿＿＿＿＿＿＿
□＿＿＿＿＿＿＿＿＿
□＿■■＿＿＿＿＿＿
□□■□□＿＿＿＿＿
□□■□□□＿＿＿□
□□□□□□□＿□□
□□□□□□□＿□□
□□□□□□□＿□□
□□□□□□□＿□□
□□＿□□□□□□□
□□□□□□□＿□□
00:42:23(76315f):field(76314f)
＿＿＿＿＿＿＿＿＿＿
＿＿＿＿＿＿＿＿＿＿
＿＿＿＿＿＿＿＿＿＿
＿＿＿＿＿＿＿＿＿＿
＿＿＿＿＿＿＿＿＿＿
＿＿＿＿＿＿＿＿＿＿
＿＿＿＿＿＿＿＿＿＿
＿＿＿＿＿＿＿＿＿＿
＿＿＿＿＿＿＿＿＿＿
＿＿＿＿＿＿＿＿＿＿
□＿＿＿■■＿＿＿＿
□＿□□■■＿＿＿＿
□□□□□＿＿＿＿＿
□□□□□□＿＿＿□
□□□□□□□＿□□
□□□□□□□＿□□
□□□□□□□＿□□
□□□□□□□＿□□
□□＿□□□□□□□
□□□□□□□＿□□
00:42:24(76330f):field(76329f)
＿＿＿＿＿＿＿＿＿＿
＿＿＿＿＿＿＿＿＿＿
＿＿＿＿＿＿＿＿＿＿
＿＿＿＿＿＿＿＿＿＿
＿＿＿＿＿＿＿＿＿＿
＿＿＿＿＿＿＿＿＿＿
＿＿＿＿＿＿＿＿＿＿
＿＿＿＿＿＿＿＿＿＿
＿＿＿＿＿＿＿＿＿＿
＿＿＿＿＿＿＿＿＿＿
□＿＿＿□□＿＿＿＿
□＿□□□□＿＿＿■
□□□□□＿＿＿■■
□□□□□□＿＿■□
□□□□□□□＿□□
□□□□□□□＿□□
□□□□□□□＿□□
□□□□□□□＿□□
□□＿□□□□□□□
□□□□□□□＿□□
00:42:24(76343f):field(76342f)
＿＿＿＿＿＿＿＿＿＿
＿＿＿＿＿＿＿＿＿＿
＿＿＿＿＿＿＿＿＿＿
＿＿＿＿＿＿＿＿＿＿
＿＿＿＿＿＿＿＿＿＿
＿＿＿＿＿＿＿＿＿＿
＿＿＿＿＿＿＿＿＿＿
＿＿＿＿＿＿＿＿＿＿
＿＿＿＿＿＿＿＿＿＿
＿＿＿＿＿＿＿＿＿＿
◆＿＿＿◆◆＿＿＿＿
◆＿◆◆◆◆＿＿＿◆
◆◆◆◆◆＿＿＿◆◆
◆◆◆◆◆□＿＿◆◆
□◆◆◆□□□＿◆◆
□□□□□□◆■◆□
□□□□□□◆■□□
□□□□□□□■□□
□□■□□□□□□□
□□□□□□□＿□□
00:42:25(76357f):field(76356f)
＿＿＿＿＿＿＿＿＿＿
＿＿＿＿＿＿＿＿＿＿
＿＿＿＿＿＿＿＿＿＿
＿＿＿＿＿＿＿＿＿＿
＿＿＿＿＿＿＿＿＿＿
＿＿＿＿＿＿＿＿＿＿
＿＿＿＿＿＿＿＿＿＿
＿＿＿＿＿＿＿＿＿＿
＿＿＿＿＿＿＿＿＿＿
＿＿＿＿＿＿＿＿＿＿
＿＿＿＿＿＿＿＿＿＿
＿＿＿＿＿＿＿＿＿＿
＿＿＿＿＿＿＿＿＿＿
＿＿＿＿＿◆＿＿＿＿
□■■■□□◆＿＿＿
□□□□□□＿◆＿□
□□□□□◆＿◆□□
□□□□□□◆◆□□
□□◆□□□□□□□
□□□□□□□＿□□
00:42:25(76372f):field(76371f)
＿＿＿＿＿＿＿＿＿＿
＿＿＿＿＿＿＿＿＿＿
＿＿＿＿＿＿＿＿＿＿
＿＿＿＿＿＿＿＿＿＿
＿＿＿＿＿＿＿＿＿＿
＿＿＿＿＿＿＿＿＿＿
＿＿＿＿＿＿＿＿＿＿
＿＿＿＿＿＿＿＿＿＿
＿＿＿＿＿＿＿＿＿＿
＿＿＿＿＿＿＿＿＿＿
＿＿＿＿＿＿＿＿＿＿
＿＿＿＿＿＿＿＿＿＿
＿■■＿＿＿＿＿＿＿
■■＿＿＿＿＿＿＿＿
□□□□□□＿＿＿＿
□□□□□□＿＿＿□
□□□□□＿＿＿□□
□□□□□□＿＿□□
□□＿□□□□□□□
□□□□□□□＿□□
00:42:26(76383f):field(76382f)
＿＿＿＿＿＿＿＿＿＿
＿＿＿＿＿＿＿＿＿＿
＿＿＿＿＿＿＿＿＿＿
＿＿＿＿＿＿＿＿＿＿
＿＿＿＿＿＿＿＿＿＿
＿＿＿＿＿＿＿＿＿＿
＿＿＿＿＿＿＿＿＿＿
＿＿＿＿＿＿＿＿＿＿
＿＿＿＿＿＿＿＿＿＿
＿＿＿＿＿＿＿＿＿＿
＿＿＿＿＿＿＿＿＿＿
＿＿＿■＿＿＿＿＿＿
＿□□■＿＿＿＿＿＿
□□■■＿＿＿＿＿＿
□□□□□□＿＿＿＿
□□□□□□＿＿＿□
□□□□□＿＿＿□□
□□□□□□＿＿□□
□□＿□□□□□□□
□□□□□□□＿□□
00:42:26(76397f):field(76396f)
＿＿＿＿＿＿＿＿＿＿
＿＿＿＿＿＿＿＿＿＿
＿＿＿＿＿＿＿＿＿＿
＿＿＿＿＿＿＿＿＿＿
＿＿＿＿＿＿＿＿＿＿
＿＿＿＿＿＿＿＿＿＿
＿＿＿＿＿＿＿＿＿＿
＿＿＿＿＿＿＿＿＿＿
＿＿＿＿＿＿＿＿＿＿
＿＿＿＿＿＿＿＿＿＿
＿＿＿＿＿＿＿＿＿＿
＿＿＿□＿＿＿＿＿＿
＿□□□＿＿＿＿＿＿
□□□□＿＿＿＿＿＿
□□□□□□＿＿＿＿
□□□□□□■＿＿□
□□□□□■■＿□□
□□□□□□■＿□□
□□＿□□□□□□□
□□□□□□□＿□□
00:42:26(76409f):field(76408f)
＿＿＿＿＿＿＿＿＿＿
＿＿＿＿＿＿＿＿＿＿
＿＿＿＿＿＿＿＿＿＿
＿＿＿＿＿＿＿＿＿＿
＿＿＿＿＿＿＿＿＿＿
＿＿＿＿＿＿＿＿＿＿
＿＿＿＿＿＿＿＿＿＿
＿＿＿＿＿＿＿＿＿＿
＿＿＿＿＿＿＿＿＿＿
＿＿＿＿＿＿＿＿＿＿
＿＿＿＿＿＿＿＿＿＿
＿＿＿□＿＿＿＿＿＿
＿□□□＿＿＿＿＿＿
□□□□＿＿＿＿＿■
□□□□□□＿＿■■
□□□□□□□＿■□
□□□□□□□＿□□
□□□□□□□＿□□
□□＿□□□□□□□
□□□□□□□＿□□
00:42:27(76422f):field(76421f)
＿＿＿＿＿＿＿＿＿＿
＿＿＿＿＿＿＿＿＿＿
＿＿＿＿＿＿＿＿＿＿
＿＿＿＿＿＿＿＿＿＿
＿＿＿＿＿＿＿＿＿＿
＿＿＿＿＿＿＿＿＿＿
＿＿＿＿＿＿＿＿＿＿
＿＿＿＿＿＿＿＿＿＿
＿＿＿＿＿＿＿＿＿＿
＿＿＿＿＿＿＿＿＿＿
＿＿＿＿＿＿＿＿＿＿
＿＿＿□■＿＿＿＿＿
＿□□□■＿＿＿＿＿
□□□□■■＿＿＿□
□□□□□□＿＿□□
□□□□□□□＿□□
□□□□□□□＿□□
□□□□□□□＿□□
□□＿□□□□□□□
□□□□□□□＿□□
00:42:27(76433f):field(76432f)
＿＿＿＿＿＿＿＿＿＿
＿＿＿＿＿＿＿＿＿＿
＿＿＿＿＿＿＿＿＿＿
＿＿＿＿＿＿＿＿＿＿
＿＿＿＿＿＿＿＿＿＿
＿＿＿＿＿＿＿＿＿＿
＿＿＿＿＿＿＿＿＿＿
＿＿＿＿＿＿＿＿＿＿
＿＿＿＿＿＿＿＿＿＿
＿＿＿＿＿＿＿＿＿＿
＿＿＿＿＿＿＿＿＿＿
＿＿＿◆◆＿＿＿＿＿
＿◆◆◆◆＿＿＿＿＿
◆◆◆□□◆＿＿＿◆
□□□□□◆■＿◆◆
□□□□□□□＿◆□
□□□□□□□■□□
□□□□□□□＿□□
□□＿□□□□□□□
□□□□□□□＿□□
00:42:28(76445f):field(76444f)
＿＿＿＿＿＿＿＿＿＿
＿＿＿＿＿＿＿＿＿＿
＿＿＿＿＿＿＿＿＿＿
＿＿＿＿＿＿＿＿＿＿
＿＿＿＿＿＿＿＿＿＿
＿＿＿＿＿＿＿＿＿＿
＿＿＿＿＿＿＿＿＿＿
＿＿＿＿＿＿＿＿＿＿
＿＿＿＿＿＿＿＿＿＿
＿＿＿＿＿＿＿＿＿＿
＿＿＿＿＿＿＿＿＿＿
＿＿＿＿＿＿＿＿＿＿
＿＿＿＿＿＿＿＿＿＿
＿＿＿◆◆＿＿＿＿＿
◆◆◆◆◆＿◆＿＿＿
◆◆□□□◆◆＿＿◆
□□□□□□□□□◆
□□□□□□□■◆□
□□＿□□□□□□□
□□□□□□□＿□□
00:42:28(76456f):field(76455f)
＿＿＿＿＿＿＿＿＿＿
＿＿＿＿＿＿＿＿＿＿
＿＿＿＿＿＿＿＿＿＿
＿＿＿＿＿＿＿＿＿＿
＿＿＿＿＿＿＿＿＿＿
＿＿＿＿＿＿＿＿＿＿
＿＿＿＿＿＿＿＿＿＿
＿＿＿＿＿＿＿＿＿＿
＿＿＿＿＿＿＿＿＿＿
＿＿＿＿＿＿＿＿＿＿
＿＿＿＿＿＿＿＿＿＿
＿＿＿＿＿＿＿＿＿＿
＿＿＿＿＿＿＿＿＿＿
＿＿＿＿＿＿＿＿＿＿
＿＿＿＿＿＿＿＿＿＿
＿＿◆□□■■＿＿＿
◆□□□□□□□◆＿
□□□□□□□□＿□
□□＿□□□□□□□
□□□□□□□＿□□
00:42:29(76470f):field(76469f)
＿＿＿＿＿＿＿＿＿＿
＿＿＿＿＿＿＿＿＿＿
＿＿＿＿＿＿＿＿＿＿
＿＿＿＿＿＿＿＿＿＿
＿＿＿＿＿＿＿＿＿＿
＿＿＿＿＿＿＿＿＿＿
＿＿＿＿＿＿＿＿＿＿
＿＿＿＿＿＿＿＿＿＿
＿＿＿＿＿＿＿＿＿＿
＿＿＿＿＿＿＿＿＿＿
＿＿＿＿＿＿＿＿＿＿
＿＿＿＿＿＿＿＿＿＿
＿＿＿＿＿＿＿＿＿＿
＿＿＿＿＿＿＿＿＿＿
＿＿＿＿＿＿＿＿＿■
＿＿＿□□□□＿＿■
＿□□□□□□□■■
□□□□□□□□＿□
□□＿□□□□□□□
□□□□□□□＿□□
00:42:29(76483f):field(76482f)
＿＿＿＿＿＿＿＿＿＿
＿＿＿＿＿＿＿＿＿＿
＿＿＿＿＿＿＿＿＿＿
＿＿＿＿＿＿＿＿＿＿
＿＿＿＿＿＿＿＿＿＿
＿＿＿＿＿＿＿＿＿＿
＿＿＿＿＿＿＿＿＿＿
＿＿＿＿＿＿＿＿＿＿
＿＿＿＿＿＿＿＿＿＿
＿＿＿＿＿＿＿＿＿＿
＿＿＿＿＿＿＿＿＿＿
＿＿＿＿＿＿＿＿＿＿
＿＿＿＿＿＿＿＿＿＿
＿＿＿＿＿＿＿＿＿＿
＿＿＿＿＿＿＿＿＿◆
＿■＿◆◆◆◆■＿□
■□◆□□□□◆□□
□□□□□□□□＿□
□□＿□□□□□□□
□□□□□□□＿□□
00:42:29(76497f):field(76496f)
＿＿＿＿＿＿＿＿＿＿
＿＿＿＿＿＿＿＿＿＿
＿＿＿＿＿＿＿＿＿＿
＿＿＿＿＿＿＿＿＿＿
＿＿＿＿＿＿＿＿＿＿
＿＿＿＿＿＿＿＿＿＿
＿＿＿＿＿＿＿＿＿＿
＿＿＿＿＿＿＿＿＿＿
＿＿＿＿＿＿＿＿＿＿
＿＿＿＿＿＿＿＿＿＿
＿＿＿＿＿＿＿＿＿＿
＿＿＿＿＿＿＿＿＿＿
＿＿＿＿＿＿＿＿＿＿
＿＿＿＿＿＿＿＿＿＿
＿＿＿＿＿＿＿＿＿＿
＿◆＿＿＿＿＿◆＿◆
◆□■□◆◆◆■◆□
□□◆□□□□□■□
□□＿□□□□□□□
□□□□□□□＿□□
00:42:30(76509f):field(76508f)
＿＿＿＿＿＿＿＿＿＿
＿＿＿＿＿＿＿＿＿＿
＿＿＿＿＿＿＿＿＿＿
＿＿＿＿＿＿＿＿＿＿
＿＿＿＿＿＿＿＿＿＿
＿＿＿＿＿＿＿＿＿＿
＿＿＿＿＿＿＿＿＿＿
＿＿＿＿＿＿＿＿＿＿
＿＿＿＿＿＿＿＿＿＿
＿＿＿＿＿＿＿＿＿＿
＿＿＿＿＿＿＿＿＿＿
＿＿＿＿＿＿＿＿＿＿
＿＿＿＿＿＿＿＿＿＿
＿＿＿＿＿＿＿＿＿＿
＿＿＿＿＿＿＿＿＿＿
＿＿＿＿＿＿＿＿＿＿
＿◆◆◆＿＿＿◆＿◆
◆□■□□◆□□◆□
□□＿□□□□□□□
□□□□□□□＿□□
00:42:30(76523f):field(76522f)
＿＿＿＿＿＿＿＿＿＿
＿＿＿＿＿＿＿＿＿＿
＿＿＿＿＿＿＿＿＿＿
＿＿＿＿＿＿＿＿＿＿
＿＿＿＿＿＿＿＿＿＿
＿＿＿＿＿＿＿＿＿＿
＿＿＿＿＿＿＿＿＿＿
＿＿＿＿＿＿＿＿＿＿
＿＿＿＿＿＿＿＿＿＿
＿＿＿＿＿＿＿＿＿＿
＿＿＿＿＿＿＿＿＿＿
＿＿＿＿＿＿＿＿＿＿
＿＿＿＿＿＿＿＿＿＿
＿＿＿＿＿＿＿＿＿＿
＿＿＿＿＿＿＿＿＿＿
＿＿＿＿＿■＿＿＿＿
＿＿＿＿■■＿＿＿＿
＿□□□□■◆□＿□
□□＿□□□□□□□
□□□□□□□＿□□
00:42:31(76535f):field(76534f)
＿＿＿＿＿＿＿＿＿＿
＿＿＿＿＿＿＿＿＿＿
＿＿＿＿＿＿＿＿＿＿
＿＿＿＿＿＿＿＿＿＿
＿＿＿＿＿＿＿＿＿＿
＿＿＿＿＿＿＿＿＿＿
＿＿＿＿＿＿＿＿＿＿
＿＿＿＿＿＿＿＿＿＿
＿＿＿＿＿＿＿＿＿＿
＿＿＿＿＿＿＿＿＿＿
＿＿＿＿＿＿＿＿＿＿
＿＿＿＿＿＿＿＿＿＿
＿＿＿＿＿＿＿＿＿＿
＿＿＿＿＿＿＿＿＿＿
＿＿＿＿＿＿■＿＿＿
＿＿＿＿＿□■＿＿＿
＿＿＿＿□□■＿＿＿
＿□□□□□■□＿□
□□＿□□□□□□□
□□□□□□□＿□□
00:42:31(76546f):field(76545f)
＿＿＿＿＿＿＿＿＿＿
＿＿＿＿＿＿＿＿＿＿
＿＿＿＿＿＿＿＿＿＿
＿＿＿＿＿＿＿＿＿＿
＿＿＿＿＿＿＿＿＿＿
＿＿＿＿＿＿＿＿＿＿
＿＿＿＿＿＿＿＿＿＿
＿＿＿＿＿＿＿＿＿＿
＿＿＿＿＿＿＿＿＿＿
＿＿＿＿＿＿＿＿＿＿
＿＿＿＿＿＿＿＿＿＿
＿＿＿＿＿＿＿＿＿＿
＿＿＿＿＿＿＿＿＿＿
＿＿＿＿＿＿＿＿＿＿
＿＿＿■■＿□＿＿＿
＿＿＿■■□□＿＿＿
＿＿＿＿□□□＿＿＿
＿□□□□□□□＿□
□□＿□□□□□□□
□□□□□□□＿□□
00:42:32(76564f):field(76563f)
＿＿＿＿＿＿＿＿＿＿
＿＿＿＿＿＿＿＿＿＿
＿＿＿＿＿＿＿＿＿＿
＿＿＿＿＿＿＿＿＿＿
＿＿＿＿＿＿＿＿＿＿
＿＿＿＿＿＿＿＿＿＿
＿＿＿＿＿＿＿＿＿＿
＿＿＿＿＿＿＿＿＿＿
＿＿＿＿＿＿＿＿＿＿
＿＿＿＿＿＿＿＿＿＿
＿＿＿＿＿＿＿＿＿＿
＿＿＿＿＿＿＿＿＿＿
＿＿＿＿＿＿＿＿＿＿
＿＿＿＿＿＿＿＿＿＿
■＿＿□□＿□＿＿＿
■＿＿□□□□＿＿＿
■＿＿＿□□□＿＿＿
■□□□□□□□＿□
□□＿□□□□□□□
□□□□□□□＿□□
00:42:32(76578f):field(76577f)
＿＿＿＿＿＿＿＿＿＿
＿＿＿＿＿＿＿＿＿＿
＿＿＿＿＿＿＿＿＿＿
＿＿＿＿＿＿＿＿＿＿
＿＿＿＿＿＿＿＿＿＿
＿＿＿＿＿＿＿＿＿＿
＿＿＿＿＿＿＿＿＿＿
＿＿＿＿＿＿＿＿＿＿
＿＿＿＿＿＿＿＿＿＿
＿＿＿＿＿＿＿＿＿＿
＿＿＿＿＿＿＿＿＿＿
＿＿＿＿＿＿＿＿＿＿
＿＿＿＿＿＿＿＿＿＿
＿＿＿＿＿＿＿＿＿＿
◆＿＿◆◆＿◆＿＿＿
□＿＿□□◆□＿＿＿
□＿＿■□□□■＿＿
□◆◆◆□□□□■□
□□■□□□□□□□
□□□□□□□■□□
00:42:33(76591f):field(76590f)
＿＿＿＿＿＿＿＿＿＿
＿＿＿＿＿＿＿＿＿＿
＿＿＿＿＿＿＿＿＿＿
＿＿＿＿＿＿＿＿＿＿
＿＿＿＿＿＿＿＿＿＿
＿＿＿＿＿＿＿＿＿＿
＿＿＿＿＿＿＿＿＿＿
＿＿＿＿＿＿＿＿＿＿
＿＿＿＿＿＿＿＿＿＿
＿＿＿＿＿＿＿＿＿＿
＿＿＿＿＿＿＿＿＿＿
＿＿＿＿＿＿＿＿＿＿
＿＿＿＿＿＿＿＿＿＿
＿＿＿＿＿＿＿＿＿＿
＿＿＿＿＿＿＿＿＿＿
□＿＿□□＿□＿＿＿
□■＿□□□□□＿＿
□■■■□□□□□◆
□□◆□□□□□□□
□□□□□□□◆□□
00:42:33(76603f):field(76602f)
＿＿＿＿＿＿＿＿＿＿
＿＿＿＿＿＿＿＿＿＿
＿＿＿＿＿＿＿＿＿＿
＿＿＿＿＿＿＿＿＿＿
＿＿＿＿＿＿＿＿＿＿
＿＿＿＿＿＿＿＿＿＿
＿＿＿＿＿＿＿＿＿＿
＿＿＿＿＿＿＿＿＿＿
＿＿＿＿＿＿＿＿＿＿
＿＿＿＿＿＿＿＿＿＿
＿＿＿＿＿＿＿＿＿＿
＿＿＿＿＿＿＿＿＿＿
＿＿＿＿＿＿＿＿＿＿
＿＿＿＿＿＿＿＿＿＿
＿＿＿＿■■■＿＿＿
□＿＿□□■□＿＿＿
□□＿□□□□□＿＿
□□□□□□□□□＿
□□＿□□□□□□□
□□□□□□□＿□□
00:42:33(76614f):field(76613f)
＿＿＿＿＿＿＿＿＿＿
＿＿＿＿＿＿＿＿＿＿
＿＿＿＿＿＿＿＿＿＿
＿＿＿＿＿＿＿＿＿＿
＿＿＿＿＿＿＿＿＿＿
＿＿＿＿＿＿＿＿＿＿
＿＿＿＿＿＿＿＿＿＿
＿＿＿＿＿＿＿＿＿＿
＿＿＿＿＿＿＿＿＿＿
＿＿＿＿＿＿＿＿＿＿
＿＿＿＿＿＿＿＿＿＿
＿＿＿＿＿＿＿＿＿＿
＿＿＿＿■＿＿＿＿＿
＿＿＿■■＿＿＿＿＿
＿＿＿■□□□＿＿＿
□＿＿□□□□＿＿＿
□□＿□□□□□＿＿
□□□□□□□□□＿
□□＿□□□□□□□
□□□□□□□＿□□
00:42:34(76626f):field(76625f)
＿＿＿＿＿＿＿＿＿＿
＿＿＿＿＿＿＿＿＿＿
＿＿＿＿＿＿＿＿＿＿
＿＿＿＿＿＿＿＿＿＿
＿＿＿＿＿＿＿＿＿＿
＿＿＿＿＿＿＿＿＿＿
＿＿＿＿＿＿＿＿＿＿
＿＿＿＿＿＿＿＿＿＿
＿＿＿＿＿＿＿＿＿＿
＿＿＿＿＿＿＿＿＿＿
＿＿＿＿＿＿＿＿＿＿
＿＿＿＿＿＿＿＿＿＿
＿＿＿＿□■■＿＿＿
＿＿＿□□■■＿＿＿
＿＿＿□□□□＿＿＿
□＿＿□□□□＿＿＿
□□＿□□□□□＿＿
□□□□□□□□□＿
□□＿□□□□□□□
□□□□□□□＿□□
00:42:34(76638f):field(76637f)
＿＿＿＿＿＿＿＿＿＿
＿＿＿＿＿＿＿＿＿＿
＿＿＿＿＿＿＿＿＿＿
＿＿＿＿＿＿＿＿＿＿
＿＿＿＿＿＿＿＿＿＿
＿＿＿＿＿＿＿＿＿＿
＿＿＿＿＿＿＿＿＿＿
＿＿＿＿＿＿＿＿＿＿
＿＿＿＿＿＿＿＿＿＿
＿＿＿＿＿＿＿＿＿＿
＿＿＿＿＿＿＿＿＿＿
＿＿＿＿＿＿＿＿＿＿
＿＿＿＿□□□■＿＿
＿＿＿□□□□■＿＿
＿＿＿□□□□■＿＿
□＿＿□□□□■＿＿
□□＿□□□□□＿＿
□□□□□□□□□＿
□□＿□□□□□□□
□□□□□□□＿□□
00:42:35(76650f):field(76649f)
＿＿＿＿＿＿＿＿＿＿
＿＿＿＿＿＿＿＿＿＿
＿＿＿＿＿＿＿＿＿＿
＿＿＿＿＿＿＿＿＿＿
＿＿＿＿＿＿＿＿＿＿
＿＿＿＿＿＿＿＿＿＿
＿＿＿＿＿＿＿＿＿＿
＿＿＿＿＿＿＿＿＿＿
＿＿＿＿＿＿＿＿＿＿
＿＿＿＿＿＿＿＿＿＿
＿＿＿＿＿＿＿＿＿＿
＿＿＿■■■＿＿＿＿
＿＿＿■□□□□＿＿
＿＿＿□□□□□＿＿
＿＿＿□□□□□＿＿
□＿＿□□□□□＿＿
□□＿□□□□□＿＿
□□□□□□□□□＿
□□＿□□□□□□□
□□□□□□□＿□□
00:42:35(76661f):field(76660f)
＿＿＿＿＿＿＿＿＿＿
＿＿＿＿＿＿＿＿＿＿
＿＿＿＿＿＿＿＿＿＿
＿＿＿＿＿＿＿＿＿＿
＿＿＿＿＿＿＿＿＿＿
＿＿＿＿＿＿＿＿＿＿
＿＿＿＿＿＿＿＿＿＿
＿＿＿＿＿＿＿＿＿＿
＿＿＿＿＿＿＿＿＿＿
＿＿＿＿＿＿＿＿＿＿
＿＿＿＿■■■＿＿＿
＿＿＿□□□■＿＿＿
＿＿＿□□□□□＿＿
＿＿＿□□□□□＿＿
＿＿＿□□□□□＿＿
□＿＿□□□□□＿＿
□□＿□□□□□＿＿
□□□□□□□□□＿
□□＿□□□□□□□
□□□□□□□＿□□
00:42:35(76673f):field(76672f)
＿＿＿＿＿＿＿＿＿＿
＿＿＿＿＿＿＿＿＿＿
＿＿＿＿＿＿＿＿＿＿
＿＿＿＿＿＿＿＿＿＿
＿＿＿＿＿＿＿＿＿＿
＿＿＿＿＿＿＿＿＿＿
＿＿＿＿＿＿＿＿＿＿
＿＿＿＿＿＿＿＿＿＿
＿＿＿＿＿＿＿＿＿＿
＿＿＿＿＿＿＿＿＿＿
＿＿＿＿□□□＿＿＿
＿＿＿□□□□＿＿＿
＿＿＿□□□□□＿＿
＿＿＿□□□□□＿＿
＿＿■□□□□□＿＿
□■■□□□□□＿＿
□□■□□□□□＿＿
□□□□□□□□□＿
□□＿□□□□□□□
□□□□□□□＿□□
00:42:36(76685f):field(76684f)
＿＿＿＿＿＿＿＿＿＿
＿＿＿＿＿＿＿＿＿＿
＿＿＿＿＿＿＿＿＿＿
＿＿＿＿＿＿＿＿＿＿
＿＿＿＿＿＿＿＿＿＿
＿＿＿＿＿＿＿＿＿＿
＿＿＿＿＿＿＿＿＿＿
＿＿＿＿＿＿＿＿＿＿
＿＿＿＿＿＿＿＿＿＿
＿＿＿＿＿＿＿＿＿＿
＿＿＿＿□□□＿＿＿
＿＿＿□□□□＿＿＿
＿＿＿□□□□□＿＿
＿■■□□□□□＿＿
■■□□□□□□＿＿
□□□□□□□□＿＿
□□□□□□□□＿＿
□□□□□□□□□＿
□□＿□□□□□□□
□□□□□□□＿□□
00:42:36(76699f):field(76698f)
＿＿＿＿＿＿＿＿＿＿
＿＿＿＿＿＿＿＿＿＿
＿＿＿＿＿＿＿＿＿＿
＿＿＿＿＿＿＿＿＿＿
＿＿＿＿＿＿＿＿＿＿
＿＿＿＿＿＿＿＿＿＿
＿＿＿＿＿＿＿＿＿＿
＿＿＿＿＿＿＿＿＿＿
＿＿＿＿＿＿＿＿＿＿
＿＿＿＿＿＿＿＿＿＿
＿＿＿＿□□□＿＿＿
＿＿＿□□□□＿＿＿
＿＿＿□□□□□＿＿
＿□□□□□□□■＿
□□□□□□□□■＿
□□□□□□□□■＿
□□□□□□□□■＿
□□□□□□□□□＿
□□＿□□□□□□□
□□□□□□□＿□□
00:42:37(76710f):field(76709f)
＿＿＿＿＿＿＿＿＿＿
＿＿＿＿＿＿＿＿＿＿
＿＿＿＿＿＿＿＿＿＿
＿＿＿＿＿＿＿＿＿＿
＿＿＿＿＿＿＿＿＿＿
＿＿＿＿＿＿＿＿＿＿
＿＿＿＿＿＿＿＿＿＿
＿＿＿＿＿＿＿＿＿＿
＿＿＿＿＿＿＿＿＿＿
＿＿＿＿＿＿＿＿＿＿
＿＿＿＿□□□＿＿＿
＿■＿□□□□＿＿＿
■■＿□□□□□＿＿
■□□□□□□□□＿
□□□□□□□□□＿
□□□□□□□□□＿
□□□□□□□□□＿
□□□□□□□□□＿
□□＿□□□□□□□
□□□□□□□＿□□
00:42:37(76723f):field(76722f)
＿＿＿＿＿＿＿＿＿＿
＿＿＿＿＿＿＿＿＿＿
＿＿＿＿＿＿＿＿＿＿
＿＿＿＿＿＿＿＿＿＿
＿＿＿＿＿＿＿＿＿＿
＿＿＿＿＿＿＿＿＿＿
＿＿＿＿＿＿＿＿＿＿
＿＿＿＿＿＿＿＿＿＿
＿＿＿＿＿＿＿＿＿＿
＿＿■＿＿＿＿＿＿＿
＿＿■＿□□□＿＿＿
＿□■□□□□＿＿＿
□□■□□□□□＿＿
□□□□□□□□□＿
□□□□□□□□□＿
□□□□□□□□□＿
□□□□□□□□□＿
□□□□□□□□□＿
□□＿□□□□□□□
□□□□□□□＿□□
00:42:37(76735f):field(76734f)
＿＿＿＿＿＿＿＿＿＿
＿＿＿＿＿＿＿＿＿＿
＿＿＿＿＿＿＿＿＿＿
＿＿＿＿＿＿＿＿＿＿
＿＿＿＿＿＿＿＿＿＿
＿＿＿＿＿＿＿＿＿＿
＿＿＿＿＿＿＿＿＿＿
＿＿＿＿＿＿＿＿＿＿
＿＿＿＿＿＿＿＿＿＿
＿＿□■■■＿＿＿＿
＿＿□■□□□＿＿＿
＿□□□□□□＿＿＿
□□□□□□□□＿＿
□□□□□□□□□＿
□□□□□□□□□＿
□□□□□□□□□＿
□□□□□□□□□＿
□□□□□□□□□＿
□□＿□□□□□□□
□□□□□□□＿□□
00:42:38(76747f):field(76746f)
＿＿＿＿＿＿＿＿＿＿
＿＿＿＿＿＿＿＿＿＿
＿＿＿＿＿＿＿＿＿＿
＿＿＿＿＿＿＿＿＿＿
＿＿＿＿＿＿＿＿＿＿
＿＿＿＿＿＿＿＿＿＿
＿＿＿＿＿＿＿＿＿＿
＿＿＿■■＿＿＿＿＿
＿＿＿■■＿＿＿＿＿
＿＿□□□□＿＿＿＿
＿＿□□□□□＿＿＿
＿□□□□□□＿＿＿
□□□□□□□□＿＿
□□□□□□□□□＿
□□□□□□□□□＿
□□□□□□□□□＿
□□□□□□□□□＿
□□□□□□□□□＿
□□＿□□□□□□□
□□□□□□□＿□□
00:42:38(76760f):field(76759f)
＿＿＿＿＿＿＿＿＿＿
＿＿＿＿＿＿＿＿＿＿
＿＿＿＿＿＿＿＿＿＿
＿＿＿＿＿＿＿＿＿＿
＿＿＿＿＿＿＿＿＿＿
＿＿＿＿＿＿＿＿＿＿
＿＿＿＿＿＿＿＿＿＿
＿＿＿□□＿＿＿＿＿
＿＿＿□□＿＿＿＿＿
＿＿□□□□＿＿＿＿
＿＿□□□□□■＿＿
＿□□□□□□■■＿
□□□□□□□□■＿
□□□□□□□□□＿
□□□□□□□□□＿
□□□□□□□□□＿
□□□□□□□□□＿
□□□□□□□□□＿
□□＿□□□□□□□
□□□□□□□＿□□
00:42:39(76773f):field(76772f)
＿＿＿＿＿＿＿＿＿＿
＿＿＿＿＿＿＿＿＿＿
＿＿＿＿＿＿＿＿＿＿
＿＿＿＿＿＿＿＿＿＿
＿＿＿＿＿＿＿＿＿＿
＿＿＿＿＿＿＿＿＿＿
＿＿＿＿＿＿＿＿＿＿
＿＿＿□□＿＿＿＿＿
＿＿＿□□＿＿＿＿＿
＿■□□□□＿＿＿＿
■■□□□□□□＿＿
■□□□□□□□□＿
□□□□□□□□□＿
□□□□□□□□□＿
□□□□□□□□□＿
□□□□□□□□□＿
□□□□□□□□□＿
□□□□□□□□□＿
□□＿□□□□□□□
□□□□□□□＿□□
00:42:39(76784f):field(76783f)
＿＿＿＿＿＿＿＿＿＿
＿＿＿＿＿＿＿＿＿＿
＿＿＿＿＿＿＿＿＿＿
＿＿＿＿＿＿＿＿＿＿
＿＿＿＿＿＿＿＿＿＿
＿＿＿＿＿＿＿＿＿＿
＿＿＿＿＿＿＿＿＿＿
＿＿＿◆◆＿＿＿＿＿
＿＿＿◆◆＿＿＿＿＿
＿◆◆◆◆◆＿＿＿＿
◆◆◆◆◆◆◆◆＿＿
◆◆◆□□◆◆◆◆＿
◆◆◆□□◆◆◆◆＿
◆□□□□□□◆◆＿
□□□□□□□□□＿
□□□□□□□□□■
□□□□□□□□□＿
□□□□□□□□□＿
□□■□□□□□□□
□□□□□□□＿□□
00:42:39(76798f):field(76797f)
＿＿＿＿＿＿＿＿＿＿
＿＿＿＿＿＿＿＿＿＿
＿＿＿＿＿＿＿＿＿＿
＿＿＿＿＿＿＿＿＿＿
＿＿＿＿＿＿＿＿＿＿
＿＿＿＿＿＿＿＿＿＿
＿＿＿＿＿＿＿＿＿＿
＿＿＿＿＿＿＿＿＿＿
＿＿＿＿＿＿＿＿＿＿
＿＿＿＿＿＿＿＿＿＿
＿＿＿＿＿＿＿＿＿＿
＿＿＿□□■■＿＿＿
＿＿＿□□＿■＿＿＿
＿□□□□□□＿＿＿
□□□□□□□□◆＿
□□□□□□□□□◆
□□□□□□□□□＿
□□□□□□□□□＿
□□◆□□□□□□□
□□□□□□□＿□□
00:42:40(76814f):field(76813f)
＿＿＿＿＿＿＿＿＿＿
＿＿＿＿＿＿＿＿＿＿
＿＿＿＿＿＿＿＿＿＿
＿＿＿＿＿＿＿＿＿＿
＿＿＿＿＿＿＿＿＿＿
＿＿＿＿＿＿＿＿＿＿
＿＿＿＿＿＿＿＿＿＿
＿＿＿＿＿＿＿＿＿＿
＿＿＿＿＿＿＿＿＿＿
＿＿＿＿＿＿＿＿＿＿
＿＿＿＿＿＿＿＿＿＿
＿＿＿□□□□＿＿＿
＿＿＿□□＿□＿■■
＿□□□□□□＿■＿
□□□□□□□□■＿
□□□□□□□□□＿
□□□□□□□□□＿
□□□□□□□□□＿
□□＿□□□□□□□
□□□□□□□＿□□
00:42:40(76826f):field(76825f)
＿＿＿＿＿＿＿＿＿＿
＿＿＿＿＿＿＿＿＿＿
＿＿＿＿＿＿＿＿＿＿
＿＿＿＿＿＿＿＿＿＿
＿＿＿＿＿＿＿＿＿＿
＿＿＿＿＿＿＿＿＿＿
＿＿＿＿＿＿＿＿＿＿
＿＿＿＿＿＿＿＿＿＿
＿＿＿＿＿＿＿＿＿＿
＿＿＿＿＿＿＿＿＿＿
＿＿＿＿＿＿＿＿＿＿
■＿＿□□□□＿＿＿
■■＿□□＿□＿□□
■□□□□□□＿□＿
□□□□□□□□□＿
□□□□□□□□□＿
□□□□□□□□□＿
□□□□□□□□□＿
□□＿□□□□□□□
□□□□□□□＿□□
00:42:41(76837f):field(76836f)
＿＿＿＿＿＿＿＿＿＿
＿＿＿＿＿＿＿＿＿＿
＿＿＿＿＿＿＿＿＿＿
＿＿＿＿＿＿＿＿＿＿
＿＿＿＿＿＿＿＿＿＿
＿＿＿＿＿＿＿＿＿＿
＿＿＿＿＿＿＿＿＿＿
＿＿＿＿＿＿＿＿＿＿
＿＿＿＿＿＿＿＿＿＿
＿＿＿＿＿＿＿＿＿＿
＿■＿＿＿＿＿＿＿＿
□■■□□□□＿＿＿
□□■□□＿□＿□□
□□□□□□□＿□＿
□□□□□□□□□＿
□□□□□□□□□＿
□□□□□□□□□＿
□□□□□□□□□＿
□□＿□□□□□□□
□□□□□□□＿□□
00:42:41(76852f):field(76851f)
＿＿＿＿＿＿＿＿＿＿
＿＿＿＿＿＿＿＿＿＿
＿＿＿＿＿＿＿＿＿＿
＿＿＿＿＿＿＿＿＿＿
＿＿＿＿＿＿＿＿＿＿
＿＿＿＿＿＿＿＿＿＿
＿＿＿＿＿＿＿＿＿＿
＿＿＿＿＿＿＿＿＿＿
＿＿＿＿＿＿＿＿＿＿
＿＿＿＿＿＿＿＿＿＿
＿□＿＿＿＿＿＿■■
□□□□□□□＿■■
□□□□□＿□＿□□
□□□□□□□＿□＿
□□□□□□□□□＿
□□□□□□□□□＿
□□□□□□□□□＿
□□□□□□□□□＿
□□＿□□□□□□□
□□□□□□□＿□□
00:42:42(76862f):field(76861f)
＿＿＿＿＿＿＿＿＿＿
＿＿＿＿＿＿＿＿＿＿
＿＿＿＿＿＿＿＿＿＿
＿＿＿＿＿＿＿＿＿＿
＿＿＿＿＿＿＿＿＿＿
＿＿＿＿＿＿＿＿＿＿
＿＿＿＿＿＿＿＿＿＿
＿＿＿＿＿＿＿＿＿＿
＿＿＿＿＿＿＿＿＿＿
＿＿＿＿＿＿＿＿＿＿
＿◆■＿＿＿＿＿◆◆
□□◆□◆◆◆■□□
□□□□□＿□■□□
□□□□□□□■□＿
□□□□□□□□□＿
□□□□□□□□□＿
□□□□□□□□□＿
□□□□□□□□□＿
□□＿□□□□□□□
□□□□□□□＿□□
00:42:42(76873f):field(76872f)
＿＿＿＿＿＿＿＿＿＿
＿＿＿＿＿＿＿＿＿＿
＿＿＿＿＿＿＿＿＿＿
＿＿＿＿＿＿＿＿＿＿
＿＿＿＿＿＿＿＿＿＿
＿＿＿＿＿＿＿＿＿＿
＿＿＿＿＿＿＿＿＿＿
＿＿＿＿＿＿＿＿＿＿
＿＿＿＿＿＿＿＿＿＿
＿＿＿＿＿＿＿＿＿＿
＿＿◆＿＿＿＿＿＿＿
◆◆＿□＿■＿◆◆◆
◆□◆□□■◆□□□
□□□□□□□□□＿
□□□□□□□□□＿
□□□□□□□□□＿
□□□□□□□□□＿
□□□□□□□□□＿
□□＿□□□□□□□
□□□□□□□＿□□
00:42:42(76886f):field(76885f)
＿＿＿＿＿＿＿＿＿＿
＿＿＿＿＿＿＿＿＿＿
＿＿＿＿＿＿＿＿＿＿
＿＿＿＿＿＿＿＿＿＿
＿＿＿＿＿＿＿＿＿＿
＿＿＿＿＿＿＿＿＿＿
＿＿＿＿＿＿＿＿＿＿
＿＿＿＿＿＿＿＿＿＿
＿＿＿＿＿＿＿＿＿＿
＿＿＿＿＿＿＿＿＿＿
＿＿＿＿＿＿＿＿＿＿
＿＿■□■◆＿＿＿＿
＿□■□□□＿□□□
□□□□□□□□□＿
□□□□□□□□□＿
□□□□□□□□□＿
□□□□□□□□□＿
□□□□□□□□□＿
□□＿□□□□□□□
□□□□□□□＿□□
00:42:43(76898f):field(76897f)
＿＿＿＿＿＿＿＿＿＿
＿＿＿＿＿＿＿＿＿＿
＿＿＿＿＿＿＿＿＿＿
＿＿＿＿＿＿＿＿＿＿
＿＿＿＿＿＿＿＿＿＿
＿＿＿＿＿＿＿＿＿＿
＿＿＿＿＿＿＿＿＿＿
＿＿＿＿＿＿＿＿＿＿
＿＿＿＿＿＿＿＿＿＿
＿＿＿＿＿＿＿＿＿＿
■＿＿＿＿＿＿＿＿＿
■■□□□＿＿＿＿＿
■□□□□□＿□□□
□□□□□□□□□＿
□□□□□□□□□＿
□□□□□□□□□＿
□□□□□□□□□＿
□□□□□□□□□＿
□□＿□□□□□□□
□□□□□□□＿□□
00:42:43(76909f):field(76908f)
＿＿＿＿＿＿＿＿＿＿
＿＿＿＿＿＿＿＿＿＿
＿＿＿＿＿＿＿＿＿＿
＿＿＿＿＿＿＿＿＿＿
＿＿＿＿＿＿＿＿＿＿
＿＿＿＿＿＿＿＿＿＿
＿＿＿＿＿＿＿＿＿＿
＿＿＿＿＿＿＿＿＿＿
＿＿＿＿＿＿＿＿＿＿
＿＿＿＿＿＿＿＿＿＿
◆＿＿＿＿＿＿＿＿＿
□◆◆◆◆■＿＿＿＿
□□□□□□■◆◆◆
□□□□□□□□□＿
□□□□□□□□□＿
□□□□□□□□□＿
□□□□□□□□□＿
□□□□□□□□□＿
□□＿□□□□□□□
□□□□□□□＿□□
00:42:44(76922f):field(76921f)
＿＿＿＿＿＿＿＿＿＿
＿＿＿＿＿＿＿＿＿＿
＿＿＿＿＿＿＿＿＿＿
＿＿＿＿＿＿＿＿＿＿
＿＿＿＿＿＿＿＿＿＿
＿＿＿＿＿＿＿＿＿＿
＿＿＿＿＿＿＿＿＿＿
＿＿＿＿＿＿＿＿＿＿
＿＿＿＿＿＿＿＿＿＿
＿＿＿＿＿■＿＿＿＿
＿＿＿＿■■＿＿＿＿
□＿＿＿■□＿＿＿＿
□□□□□□□＿＿＿
□□□□□□□□□＿
□□□□□□□□□＿
□□□□□□□□□＿
□□□□□□□□□＿
□□□□□□□□□＿
□□＿□□□□□□□
□□□□□□□＿□□
00:42:44(76935f):field(76934f)
＿＿＿＿＿＿＿＿＿＿
＿＿＿＿＿＿＿＿＿＿
＿＿＿＿＿＿＿＿＿＿
＿＿＿＿＿＿＿＿＿＿
＿＿＿＿＿＿＿＿＿＿
＿＿＿＿＿＿＿＿＿＿
＿＿＿＿＿＿＿＿＿＿
＿＿＿＿＿＿＿＿＿＿
＿＿＿＿＿＿＿＿＿＿
＿＿＿＿＿□＿＿＿＿
＿＿＿＿□□＿＿＿＿
□＿＿＿□□＿■■＿
□□□□□□□■■＿
□□□□□□□□□＿
□□□□□□□□□＿
□□□□□□□□□＿
□□□□□□□□□＿
□□□□□□□□□＿
□□＿□□□□□□□
□□□□□□□＿□□
00:42:44(76947f):field(76946f)
＿＿＿＿＿＿＿＿＿＿
＿＿＿＿＿＿＿＿＿＿
＿＿＿＿＿＿＿＿＿＿
＿＿＿＿＿＿＿＿＿＿
＿＿＿＿＿＿＿＿＿＿
＿＿＿＿＿＿＿＿＿＿
＿＿＿＿＿＿＿＿＿＿
＿＿＿＿＿＿＿＿＿＿
＿＿＿＿＿＿＿＿＿＿
＿＿＿■■□＿＿＿＿
＿＿＿■□□＿＿＿＿
□＿＿■□□＿□□＿
□□□□□□□□□＿
□□□□□□□□□＿
□□□□□□□□□＿
□□□□□□□□□＿
□□□□□□□□□＿
□□□□□□□□□＿
□□＿□□□□□□□
□□□□□□□＿□□
00:42:45(76960f):field(76959f)
＿＿＿＿＿＿＿＿＿＿
＿＿＿＿＿＿＿＿＿＿
＿＿＿＿＿＿＿＿＿＿
＿＿＿＿＿＿＿＿＿＿
＿＿＿＿＿＿＿＿＿＿
＿＿＿＿＿＿＿＿＿＿
＿＿＿＿＿＿＿＿＿＿
＿＿＿＿＿＿＿＿＿＿
＿＿＿＿＿＿＿＿＿＿
＿＿＿◆◆◆＿＿＿＿
＿＿＿◆◆◆＿＿＿＿
◆＿＿◆◆◆＿◆◆＿
◆◆◆◆◆◆◆◆◆＿
◆◆◆□□□◆□◆＿
◆◆□□□□◆◆□＿
□□◆□□□□□□■
□□□□□□□□□■
□□□□□□□□□■
□□■□□□□□□□
□□□□□□□■□□
00:42:45(76975f):field(76974f)
＿＿＿＿＿＿＿＿＿＿
＿＿＿＿＿＿＿＿＿＿
＿＿＿＿＿＿＿＿＿＿
＿＿＿＿＿＿＿＿＿＿
＿＿＿＿＿＿＿＿＿＿
＿＿＿＿＿＿＿＿＿＿
＿＿＿＿＿＿＿＿＿＿
＿＿＿＿＿＿＿＿＿＿
＿＿＿＿＿＿＿＿＿＿
＿＿＿＿＿＿＿＿＿＿
＿＿＿＿＿＿＿＿＿＿
＿＿＿＿＿＿＿＿＿＿
＿＿＿＿＿＿＿＿＿＿
＿＿＿□□□＿◆＿＿
＿＿◆□□□■■□＿
□◆＿□□□□□□◆
□□□□□□□□□◆
□□□□□□□□□◆
□□◆□□□□□□□
□□□□□□□◆□□
00:42:46(76987f):field(76986f)
＿＿＿＿＿＿＿＿＿＿
＿＿＿＿＿＿＿＿＿＿
＿＿＿＿＿＿＿＿＿＿
＿＿＿＿＿＿＿＿＿＿
＿＿＿＿＿＿＿＿＿＿
＿＿＿＿＿＿＿＿＿＿
＿＿＿＿＿＿＿＿＿＿
＿＿＿＿＿＿＿＿＿＿
＿＿＿＿＿＿＿＿＿＿
＿＿＿＿＿＿＿＿＿＿
＿＿＿＿＿＿＿＿＿＿
＿＿＿＿＿＿＿＿＿＿
＿＿＿＿＿＿＿＿＿＿
＿＿＿□□□＿＿＿＿
■■＿□□□□□□＿
□■■□□□□□□＿
□□□□□□□□□＿
□□□□□□□□□＿
□□＿□□□□□□□
□□□□□□□＿□□
00:42:46(76998f):field(76997f)
＿＿＿＿＿＿＿＿＿＿
＿＿＿＿＿＿＿＿＿＿
＿＿＿＿＿＿＿＿＿＿
＿＿＿＿＿＿＿＿＿＿
＿＿＿＿＿＿＿＿＿＿
＿＿＿＿＿＿＿＿＿＿
＿＿＿＿＿＿＿＿＿＿
＿＿＿＿＿＿＿＿＿＿
＿＿＿＿＿＿＿＿＿＿
＿＿＿＿＿＿＿＿＿＿
＿＿＿＿＿＿＿＿＿＿
＿＿＿＿＿＿＿＿＿＿
＿＿■＿＿＿＿＿＿＿
＿■■□□□＿＿＿＿
□□■□□□□□□＿
□□□□□□□□□＿
□□□□□□□□□＿
□□□□□□□□□＿
□□＿□□□□□□□
□□□□□□□＿□□
00:42:47(77010f):field(77009f)
＿＿＿＿＿＿＿＿＿＿
＿＿＿＿＿＿＿＿＿＿
＿＿＿＿＿＿＿＿＿＿
＿＿＿＿＿＿＿＿＿＿
＿＿＿＿＿＿＿＿＿＿
＿＿＿＿＿＿＿＿＿＿
＿＿＿＿＿＿＿＿＿＿
＿＿＿＿＿＿＿＿＿＿
＿＿＿＿＿＿＿＿＿＿
＿＿＿＿＿＿＿＿＿＿
＿＿＿＿＿＿＿＿＿＿
＿＿＿■■＿＿＿＿＿
＿＿□■■＿＿＿＿＿
＿□□□□□＿＿＿＿
□□□□□□□□□＿
□□□□□□□□□＿
□□□□□□□□□＿
□□□□□□□□□＿
□□＿□□□□□□□
□□□□□□□＿□□
00:42:47(77025f):field(77024f)
＿＿＿＿＿＿＿＿＿＿
＿＿＿＿＿＿＿＿＿＿
＿＿＿＿＿＿＿＿＿＿
＿＿＿＿＿＿＿＿＿＿
＿＿＿＿＿＿＿＿＿＿
＿＿＿＿＿＿＿＿＿＿
＿＿＿＿＿＿＿＿＿＿
＿＿＿＿＿＿＿＿＿＿
＿＿＿＿＿＿＿＿＿＿
＿＿＿＿■＿＿＿＿＿
＿＿＿＿■■＿＿＿＿
＿＿＿□□■＿＿＿＿
＿＿□□□＿＿＿＿＿
＿□□□□□＿＿＿＿
□□□□□□□□□＿
□□□□□□□□□＿
□□□□□□□□□＿
□□□□□□□□□＿
□□＿□□□□□□□
□□□□□□□＿□□
00:42:48(77051f):field(77050f)
＿＿＿＿＿＿＿＿＿＿
＿＿＿＿＿＿＿＿＿＿
＿＿＿＿＿＿＿＿＿＿
＿＿＿＿＿＿＿＿＿＿
＿＿＿＿＿＿＿＿＿＿
＿＿＿＿＿＿＿＿＿＿
＿＿＿＿＿＿＿＿＿＿
＿＿＿＿＿＿＿＿＿＿
＿＿＿＿＿＿＿＿＿＿
＿＿＿＿□＿＿＿＿＿
■＿＿＿□□＿＿＿＿
■＿＿□□□＿＿＿＿
■■□□□＿＿＿＿＿
＿□□□□□＿＿＿＿
□□□□□□□□□＿
□□□□□□□□□＿
□□□□□□□□□＿
□□□□□□□□□＿
□□＿□□□□□□□
□□□□□□□＿□□
00:42:49(77076f):field(77075f)
＿＿＿＿＿＿＿＿＿＿
＿＿＿＿＿＿＿＿＿＿
＿＿＿＿＿＿＿＿＿＿
＿＿＿＿＿＿＿＿＿＿
＿＿＿＿＿＿＿＿＿＿
＿＿＿＿＿＿＿＿＿＿
＿＿＿＿＿＿＿＿＿＿
＿＿＿＿＿＿＿＿＿＿
＿＿＿＿＿＿＿＿＿＿
＿＿＿＿□＿＿＿＿＿
□＿＿＿□□＿＿＿＿
□＿＿□□□＿＿＿＿
□□□□□■■＿＿＿
＿□□□□□■■＿＿
□□□□□□□□□＿
□□□□□□□□□＿
□□□□□□□□□＿
□□□□□□□□□＿
□□＿□□□□□□□
□□□□□□□＿□□
00:42:49(77089f):field(77088f)
＿＿＿＿＿＿＿＿＿＿
＿＿＿＿＿＿＿＿＿＿
＿＿＿＿＿＿＿＿＿＿
＿＿＿＿＿＿＿＿＿＿
＿＿＿＿＿＿＿＿＿＿
＿＿＿＿＿＿＿＿＿＿
＿＿＿＿＿＿＿＿＿＿
＿＿＿＿＿＿＿＿＿＿
＿＿＿＿＿＿＿＿＿＿
＿＿＿＿◆＿＿＿＿＿
◆＿＿＿□◆＿＿＿＿
□＿＿□□□＿＿＿＿
□◆◆□□□◆＿■＿
＿□□□□□□□■＿
□□□□□□□□□＿
□□□□□□□□□＿
□□□□□□□□□＿
□□□□□□□□□＿
□□＿□□□□□□□
□□□□□□□＿□□
00:42:50(77102f):field(77101f)
＿＿＿＿＿＿＿＿＿＿
＿＿＿＿＿＿＿＿＿＿
＿＿＿＿＿＿＿＿＿＿
＿＿＿＿＿＿＿＿＿＿
＿＿＿＿＿＿＿＿＿＿
＿＿＿＿＿＿＿＿＿＿
＿＿＿＿＿＿＿＿＿＿
＿＿＿＿＿＿＿＿＿＿
＿＿＿＿＿＿＿＿＿＿
＿＿＿＿＿＿＿＿＿＿
＿＿＿＿◆＿＿＿＿＿
◆＿＿◆◆◆＿＿＿＿
◆＿＿◆◆◆＿＿◆＿
＿◆□◆◆◆◆◆◆■
□◆□◆□□◆□◆＿
□◆◆□□□◆□□＿
□□◆□□□□◆□＿
□□□□□□□□□■
□□■□□□□□□□
□□□□□□□＿□□
00:42:50(77115f):field(77114f)
＿＿＿＿＿＿＿＿＿＿
＿＿＿＿＿＿＿＿＿＿
＿＿＿＿＿＿＿＿＿＿
＿＿＿＿＿＿＿＿＿＿
＿＿＿＿＿＿＿＿＿＿
＿＿＿＿＿＿＿＿＿＿
＿＿＿＿＿＿＿＿＿＿
＿＿＿＿＿＿＿＿＿＿
＿＿＿＿＿＿＿＿＿＿
＿＿＿＿＿＿＿＿＿＿
＿＿＿＿＿＿＿＿＿＿
＿＿＿＿＿＿＿＿＿＿
＿＿＿＿＿＿＿＿＿＿
＿＿◆＿＿＿＿＿＿◆
◆＿◆＿□◆＿◆＿＿
□＿＿◆□□＿□□＿
□◆＿□□□◆■□＿
◆□□□□□□□□◆
□□◆□□□□□□□
□□□□□□□＿□□
00:42:51(77132f):field(77131f)
＿＿＿＿＿＿＿＿＿＿
＿＿＿＿＿＿＿＿＿＿
＿＿＿＿＿＿＿＿＿＿
＿＿＿＿＿＿＿＿＿＿
＿＿＿＿＿＿＿＿＿＿
＿＿＿＿＿＿＿＿＿＿
＿＿＿＿＿＿＿＿＿＿
＿＿＿＿＿＿＿＿＿＿
＿＿＿＿＿＿＿＿＿＿
＿＿＿＿＿＿＿＿＿＿
＿＿＿＿＿＿＿＿＿＿
＿＿＿＿＿＿＿＿＿＿
＿＿＿＿＿＿＿＿＿＿
＿＿＿＿＿＿＿＿＿＿
＿■＿＿□＿＿＿＿＿
□■＿＿□□＿□□＿
□■■□□□＿□□＿
＿□□□□□□□□＿
□□＿□□□□□□□
□□□□□□□＿□□
00:42:51(77143f):field(77142f)
＿＿＿＿＿＿＿＿＿＿
＿＿＿＿＿＿＿＿＿＿
＿＿＿＿＿＿＿＿＿＿
＿＿＿＿＿＿＿＿＿＿
＿＿＿＿＿＿＿＿＿＿
＿＿＿＿＿＿＿＿＿＿
＿＿＿＿＿＿＿＿＿＿
＿＿＿＿＿＿＿＿＿＿
＿＿＿＿＿＿＿＿＿＿
＿＿＿＿＿＿＿＿＿＿
＿＿＿＿＿＿＿＿＿＿
＿＿＿＿＿＿＿＿＿＿
＿＿＿＿■＿＿＿＿＿
＿＿＿＿■■＿＿＿＿
＿□＿＿□■＿＿＿＿
□□＿＿□□＿□□＿
□□□□□□＿□□＿
＿□□□□□□□□＿
□□＿□□□□□□□
□□□□□□□＿□□
00:42:51(77158f):field(77157f)
＿＿＿＿＿＿＿＿＿＿
＿＿＿＿＿＿＿＿＿＿
＿＿＿＿＿＿＿＿＿＿
＿＿＿＿＿＿＿＿＿＿
＿＿＿＿＿＿＿＿＿＿
＿＿＿＿＿＿＿＿＿＿
＿＿＿＿＿＿＿＿＿＿
＿＿＿＿＿＿＿＿＿＿
＿＿＿＿＿＿＿＿＿＿
＿＿＿＿＿＿＿＿＿＿
＿＿＿＿＿＿＿＿＿＿
＿＿＿＿＿＿＿＿＿＿
＿＿＿＿□＿＿＿＿＿
＿＿＿■□□＿＿＿＿
＿□■■□□＿＿＿＿
□□■＿□□＿□□＿
□□□□□□＿□□＿
＿□□□□□□□□＿
□□＿□□□□□□□
□□□□□□□＿□□
00:42:52(77170f):field(77169f)
＿＿＿＿＿＿＿＿＿＿
＿＿＿＿＿＿＿＿＿＿
＿＿＿＿＿＿＿＿＿＿
＿＿＿＿＿＿＿＿＿＿
＿＿＿＿＿＿＿＿＿＿
＿＿＿＿＿＿＿＿＿＿
＿＿＿＿＿＿＿＿＿＿
＿＿＿＿＿＿＿＿＿＿
＿＿＿＿＿＿＿＿＿＿
＿＿＿＿＿＿＿＿＿＿
＿＿＿＿＿＿＿＿＿＿
＿＿＿＿＿＿＿＿＿＿
＿＿＿＿□＿＿＿＿＿
＿＿＿□□□＿＿＿＿
＿□□□□□■■＿＿
□□□＿□□■□□＿
□□□□□□■□□＿
＿□□□□□□□□＿
□□＿□□□□□□□
□□□□□□□＿□□
00:42:52(77189f):field(77188f)
＿＿＿＿＿＿＿＿＿＿
＿＿＿＿＿＿＿＿＿＿
＿＿＿＿＿＿＿＿＿＿
＿＿＿＿＿＿＿＿＿＿
＿＿＿＿＿＿＿＿＿＿
＿＿＿＿＿＿＿＿＿＿
＿＿＿＿＿＿＿＿＿＿
＿＿＿＿＿＿＿＿＿＿
＿＿＿＿＿＿＿＿＿＿
＿＿＿＿＿＿＿＿＿＿
＿＿＿＿＿＿＿＿＿＿
＿＿＿＿＿＿＿＿＿＿
＿＿＿＿□＿＿＿＿＿
＿＿＿□□□＿＿＿■
＿□□□□□□□■■
□□□＿□□□□□■
□□□□□□□□□＿
＿□□□□□□□□＿
□□＿□□□□□□□
□□□□□□□＿□□
00:42:53(77200f):field(77199f)
＿＿＿＿＿＿＿＿＿＿
＿＿＿＿＿＿＿＿＿＿
＿＿＿＿＿＿＿＿＿＿
＿＿＿＿＿＿＿＿＿＿
＿＿＿＿＿＿＿＿＿＿
＿＿＿＿＿＿＿＿＿＿
＿＿＿＿＿＿＿＿＿＿
＿＿＿＿＿＿＿＿＿＿
＿＿＿＿＿＿＿＿＿＿
＿＿＿＿＿＿＿＿＿＿
＿＿＿＿＿＿＿＿＿＿
＿＿＿＿＿＿＿＿＿＿
＿＿＿＿◆＿＿＿＿＿
＿＿＿□□◆＿■＿◆
■□□□□□◆◆□□
□□□＿□□□□□□
□□□□□□□□□＿
＿□□□□□□□□＿
□□＿□□□□□□□
□□□□□□□＿□□
00:42:53(77213f):field(77212f)
＿＿＿＿＿＿＿＿＿＿
＿＿＿＿＿＿＿＿＿＿
＿＿＿＿＿＿＿＿＿＿
＿＿＿＿＿＿＿＿＿＿
＿＿＿＿＿＿＿＿＿＿
＿＿＿＿＿＿＿＿＿＿
＿＿＿＿＿＿＿＿＿＿
＿＿＿＿＿＿＿＿＿＿
＿＿＿＿＿＿＿＿＿＿
＿＿＿＿＿＿＿＿＿＿
＿＿＿＿＿＿＿＿＿＿
＿＿＿＿＿＿＿＿■＿
＿＿＿＿＿＿＿＿■＿
＿＿＿◆□＿＿◆■＿
□□□□□□＿＿□□
□□□＿□□□□□□
□□□□□□□□□＿
＿□□□□□□□□＿
□□＿□□□□□□□
□□□□□□□＿□□
00:42:54(77225f):field(77224f)
＿＿＿＿＿＿＿＿＿＿
＿＿＿＿＿＿＿＿＿＿
＿＿＿＿＿＿＿＿＿＿
＿＿＿＿＿＿＿＿＿＿
＿＿＿＿＿＿＿＿＿＿
＿＿＿＿＿＿＿＿＿＿
＿＿＿＿＿＿＿＿＿＿
＿＿＿＿＿＿＿＿＿＿
＿＿＿＿＿＿＿＿＿＿
＿＿＿＿＿＿＿＿＿＿
＿＿＿＿＿＿＿＿＿＿
＿＿＿＿■＿＿＿□＿
＿＿＿＿■■＿＿□＿
＿＿＿＿□■＿＿□＿
□□□□□□＿＿□□
□□□＿□□□□□□
□□□□□□□□□＿
＿□□□□□□□□＿
□□＿□□□□□□□
□□□□□□□＿□□
00:42:54(77237f):field(77236f)
＿＿＿＿＿＿＿＿＿＿
＿＿＿＿＿＿＿＿＿＿
＿＿＿＿＿＿＿＿＿＿
＿＿＿＿＿＿＿＿＿＿
＿＿＿＿＿＿＿＿＿＿
＿＿＿＿＿＿＿＿＿＿
＿＿＿＿＿＿＿＿＿＿
＿＿＿＿＿＿＿＿＿＿
＿＿＿＿＿＿＿＿＿＿
＿＿＿＿＿＿＿＿＿＿
＿＿＿＿■■＿＿＿＿
＿＿＿＿□■■＿□＿
＿＿＿＿□□＿＿□＿
＿＿＿＿□□＿＿□＿
□□□□□□＿＿□□
□□□＿□□□□□□
□□□□□□□□□＿
＿□□□□□□□□＿
□□＿□□□□□□□
□□□□□□□＿□□
00:42:55(77251f):field(77250f)
＿＿＿＿＿＿＿＿＿＿
＿＿＿＿＿＿＿＿＿＿
＿＿＿＿＿＿＿＿＿＿
＿＿＿＿＿＿＿＿＿＿
＿＿＿＿＿＿＿＿＿＿
＿＿＿＿＿＿＿＿＿＿
＿＿＿＿＿＿＿＿＿＿
＿＿＿＿＿＿＿＿＿＿
＿＿＿＿＿＿＿＿＿＿
＿＿＿＿＿＿＿＿＿＿
＿＿＿＿□□＿＿＿＿
＿＿＿■□□□＿□＿
＿＿＿■□□＿＿□＿
＿＿■■□□＿＿□＿
□□□□□□＿＿□□
□□□＿□□□□□□
□□□□□□□□□＿
＿□□□□□□□□＿
□□＿□□□□□□□
□□□□□□□＿□□
00:42:55(77266f):field(77265f)
＿＿＿＿＿＿＿＿＿＿
＿＿＿＿＿＿＿＿＿＿
＿＿＿＿＿＿＿＿＿＿
＿＿＿＿＿＿＿＿＿＿
＿＿＿＿＿＿＿＿＿＿
＿＿＿＿＿＿＿＿＿＿
＿＿＿＿＿＿＿＿＿＿
＿＿＿＿＿＿＿＿＿＿
＿＿＿＿＿＿＿＿＿＿
＿＿＿＿＿＿＿＿＿＿
＿＿＿＿□□＿＿■■
＿＿＿□□□□＿□■
＿＿＿□□□＿＿□■
＿＿□□□□＿＿□＿
□□□□□□＿＿□□
□□□＿□□□□□□
□□□□□□□□□＿
＿□□□□□□□□＿
□□＿□□□□□□□
□□□□□□□＿□□
00:42:55(77278f):field(77277f)
＿＿＿＿＿＿＿＿＿＿
＿＿＿＿＿＿＿＿＿＿
＿＿＿＿＿＿＿＿＿＿
＿＿＿＿＿＿＿＿＿＿
＿＿＿＿＿＿＿＿＿＿
＿＿＿＿＿＿＿＿＿＿
＿＿＿＿＿＿＿＿＿＿
＿＿＿＿＿＿＿＿＿＿
＿＿＿＿＿＿＿＿＿＿
＿＿＿＿＿＿＿＿＿＿
＿＿＿＿□□＿＿□□
＿＿＿□□□□＿□□
■■■□□□＿＿□□
＿■□□□□＿＿□＿
□□□□□□＿＿□□
□□□＿□□□□□□
□□□□□□□□□＿
＿□□□□□□□□＿
□□＿□□□□□□□
□□□□□□□＿□□
00:42:56(77289f):field(77288f)
＿＿＿＿＿＿＿＿＿＿
＿＿＿＿＿＿＿＿＿＿
＿＿＿＿＿＿＿＿＿＿
＿＿＿＿＿＿＿＿＿＿
＿＿＿＿＿＿＿＿＿＿
＿＿＿＿＿＿＿＿＿＿
＿＿＿＿＿＿＿＿＿＿
＿＿＿＿＿＿＿＿＿＿
＿＿＿＿＿＿＿＿＿＿
＿＿＿＿＿＿＿＿＿＿
＿＿＿＿□□＿＿□□
＿＿＿□□□□■□□
□□□□□□＿■□□
＿□□□□□＿■□＿
□□□□□□＿■□□
□□□＿□□□□□□
□□□□□□□□□＿
＿□□□□□□□□＿
□□＿□□□□□□□
□□□□□□□＿□□
00:42:57(77315f):field(77314f)
＿＿＿＿＿＿＿＿＿＿
＿＿＿＿＿＿＿＿＿＿
＿＿＿＿＿＿＿＿＿＿
＿＿＿＿＿＿＿＿＿＿
＿＿＿＿＿＿＿＿＿＿
＿＿＿＿＿＿＿＿＿＿
＿＿＿＿＿＿＿＿＿＿
＿＿＿＿＿＿＿＿＿＿
＿＿＿＿＿＿＿＿＿＿
＿＿＿＿＿＿■■＿＿
＿＿■■□□■■□□
＿■■□□□□□□□
□□□□□□＿□□□
＿□□□□□＿□□＿
□□□□□□＿□□□
□□□＿□□□□□□
□□□□□□□□□＿
＿□□□□□□□□＿
□□＿□□□□□□□
□□□□□□□＿□□
00:42:57(77328f):field(77327f)
＿＿＿＿＿＿＿＿＿＿
＿＿＿＿＿＿＿＿＿＿
＿＿＿＿＿＿＿＿＿＿
＿＿＿＿＿＿＿＿＿＿
＿＿＿＿＿＿＿＿＿＿
＿＿＿＿＿＿＿＿＿＿
＿＿＿＿＿＿＿＿＿＿
＿＿＿＿＿＿＿＿＿＿
＿＿＿＿■■＿＿＿＿
＿＿＿＿■■□□＿＿
＿＿□□□□□□□□
＿□□□□□□□□□
□□□□□□＿□□□
＿□□□□□＿□□＿
□□□□□□＿□□□
□□□＿□□□□□□
□□□□□□□□□＿
＿□□□□□□□□＿
□□＿□□□□□□□
□□□□□□□＿□□
00:42:58(77340f):field(77339f)
＿＿＿＿＿＿＿＿＿＿
＿＿＿＿＿＿＿＿＿＿
＿＿＿＿＿＿＿＿＿＿
＿＿＿＿＿＿＿＿＿＿
＿＿＿＿＿＿＿＿＿＿
＿＿＿＿＿＿＿＿＿＿
＿＿＿＿＿＿＿＿＿＿
＿＿＿＿＿＿＿＿＿＿
＿＿＿＿◆◆＿＿＿＿
＿■＿＿◆◆◆◆＿■
＿＿□◆□□◆□◆◆
■□□□□□□□□◆
□□□□□□＿□□□
＿□□□□□■□□＿
□□□□□□＿□□□
□□□＿□□□□□□
□□□□□□□□□＿
＿□□□□□□□□＿
□□＿□□□□□□□
□□□□□□□＿□□
00:42:58(77354f):field(77353f)
＿＿＿＿＿＿＿＿＿＿
＿＿＿＿＿＿＿＿＿＿
＿＿＿＿＿＿＿＿＿＿
＿＿＿＿＿＿＿＿＿＿
＿＿＿＿＿＿＿＿＿＿
＿＿＿＿＿＿＿＿＿＿
＿＿＿＿＿＿＿＿＿＿
＿＿＿＿＿＿＿＿＿＿
＿＿＿＿＿＿＿＿＿■
＿◆＿＿＿＿＿＿＿□
＿＿◆＿□□＿◆＿■
□◆◆◆□□□□◆■
□□□□□□＿□□□
＿□□□□□◆□□＿
□□□□□□＿□□□
□□□＿□□□□□□
□□□□□□□□□＿
＿□□□□□□□□＿
□□＿□□□□□□□
□□□□□□□＿□□
00:42:58(77367f):field(77366f)
＿＿＿＿＿＿＿＿＿＿
＿＿＿＿＿＿＿＿＿＿
＿＿＿＿＿＿＿＿＿＿
＿＿＿＿＿＿＿＿＿＿
＿＿＿＿＿＿＿＿＿＿
＿＿＿＿＿＿＿＿＿＿
＿＿＿＿＿＿＿＿＿＿
＿＿＿＿＿＿＿＿＿＿
＿＿＿＿＿＿＿＿＿□
＿＿＿＿＿＿＿＿＿□
＿＿＿＿□□■■■□
□＿＿＿□□□□■□
□□□□□□＿□□□
＿□□□□□＿□□＿
□□□□□□＿□□□
□□□＿□□□□□□
□□□□□□□□□＿
＿□□□□□□□□＿
□□＿□□□□□□□
□□□□□□□＿□□
00:42:59(77379f):field(77378f)
＿＿＿＿＿＿＿＿＿＿
＿＿＿＿＿＿＿＿＿＿
＿＿＿＿＿＿＿＿＿＿
＿＿＿＿＿＿＿＿＿＿
＿＿＿＿＿＿＿＿＿＿
＿＿＿＿＿＿＿＿＿＿
＿＿＿＿＿＿＿＿＿＿
＿＿＿＿＿＿＿＿＿＿
＿＿＿＿＿＿＿＿＿◆
＿＿＿＿＿＿＿＿＿□
＿＿■＿◆◆◆◆◆□
□■＿■□□□□□□
□□□□□□■□□□
＿□□□□□＿□□＿
□□□□□□＿□□□
□□□＿□□□□□□
□□□□□□□□□＿
＿□□□□□□□□＿
□□＿□□□□□□□
□□□□□□□＿□□
00:42:59(77391f):field(77390f)
＿＿＿＿＿＿＿＿＿＿
＿＿＿＿＿＿＿＿＿＿
＿＿＿＿＿＿＿＿＿＿
＿＿＿＿＿＿＿＿＿＿
＿＿＿＿＿＿＿＿＿＿
＿＿＿＿＿＿＿＿＿＿
＿＿＿＿＿＿＿＿＿＿
＿＿＿＿＿＿＿＿＿＿
＿＿＿＿＿＿＿＿＿＿
＿＿＿＿＿＿＿＿＿□
＿＿□■＿＿＿＿＿□
◆□■□□□□□□□
□□□□□□◆□□□
＿□□□□□＿□□＿
□□□□□□＿□□□
□□□＿□□□□□□
□□□□□□□□□＿
＿□□□□□□□□＿
□□＿□□□□□□□
□□□□□□□＿□□
00:43:00(77404f):field(77403f)
＿＿＿＿＿＿＿＿＿＿
＿＿＿＿＿＿＿＿＿＿
＿＿＿＿＿＿＿＿＿＿
＿＿＿＿＿＿＿＿＿＿
＿＿＿＿＿＿＿＿＿＿
＿＿＿＿＿＿＿＿＿＿
＿＿＿＿＿＿＿＿＿＿
＿＿＿＿＿＿＿＿＿＿
＿＿＿＿＿＿＿＿＿＿
＿＿＿■■＿＿＿＿□
＿＿□□■■＿＿＿□
＿□□□□□□□□□
□□□□□□＿□□□
＿□□□□□＿□□＿
□□□□□□＿□□□
□□□＿□□□□□□
□□□□□□□□□＿
＿□□□□□□□□＿
□□＿□□□□□□□
□□□□□□□＿□□
00:43:00(77415f):field(77414f)
＿＿＿＿＿＿＿＿＿＿
＿＿＿＿＿＿＿＿＿＿
＿＿＿＿＿＿＿＿＿＿
＿＿＿＿＿＿＿＿＿＿
＿＿＿＿＿＿＿＿＿＿
＿＿＿＿＿＿＿＿＿＿
＿＿＿＿＿＿＿＿＿＿
＿＿＿■■＿＿＿＿＿
＿＿＿■■＿＿＿＿＿
＿＿＿□□＿＿＿＿□
＿＿□□□□＿＿＿□
＿□□□□□□□□□
□□□□□□＿□□□
＿□□□□□＿□□＿
□□□□□□＿□□□
□□□＿□□□□□□
□□□□□□□□□＿
＿□□□□□□□□＿
□□＿□□□□□□□
□□□□□□□＿□□
00:43:01(77445f):field(77444f)
＿＿＿＿＿＿＿＿＿＿
＿＿＿＿＿＿＿＿＿＿
＿＿＿＿＿＿＿＿＿＿
＿＿＿＿＿＿＿＿＿＿
＿＿＿＿＿＿＿＿＿＿
＿＿＿＿＿＿＿＿＿＿
＿＿＿＿＿＿＿＿＿＿
＿＿＿◆◆＿＿＿＿＿
＿＿＿◆◆＿＿＿＿＿
＿＿■□□■＿＿＿◆
＿■◆□□◆■＿＿◆
■□□□□□□◆◆□
□□□□□□＿□□□
■□□□□□＿□□■
□□□□□□＿□□□
□□□＿□□□□□□
□□□□□□□□□＿
＿□□□□□□□□＿
□□＿□□□□□□□
□□□□□□□＿□□
00:43:01(77458f):field(77457f)
＿＿＿＿＿＿＿＿＿＿
＿＿＿＿＿＿＿＿＿＿
＿＿＿＿＿＿＿＿＿＿
＿＿＿＿＿＿＿＿＿＿
＿＿＿＿＿＿＿＿＿＿
＿＿＿＿＿＿＿＿＿＿
＿＿＿＿＿＿＿＿＿＿
＿＿＿＿＿＿＿＿＿＿
＿＿＿＿＿＿＿＿＿＿
＿＿◆□□□＿＿＿＿
＿◆＿□□■□＿＿＿
□◆◆□□□□＿＿□
□□□□□□＿□□□
◆□□□□□＿□□◆
□□□□□□＿□□□
□□□＿□□□□□□
□□□□□□□□□＿
＿□□□□□□□□＿
□□＿□□□□□□□
□□□□□□□＿□□
00:43:02(77473f):field(77472f)
＿＿＿＿＿＿＿＿＿＿
＿＿＿＿＿＿＿＿＿＿
＿＿＿＿＿＿＿＿＿＿
＿＿＿＿＿＿＿＿＿＿
＿＿＿＿＿＿＿＿＿＿
＿＿＿＿＿＿＿＿＿＿
＿＿＿＿＿＿＿＿＿＿
＿＿＿＿＿＿＿＿＿＿
＿＿＿＿＿＿＿＿＿＿
＿＿＿□□□＿＿＿＿
■■＿□□□□＿＿＿
□■■□□□□＿＿□
□□□□□□＿□□□
＿□□□□□＿□□＿
□□□□□□＿□□□
□□□＿□□□□□□
□□□□□□□□□＿
＿□□□□□□□□＿
□□＿□□□□□□□
□□□□□□□＿□□
00:43:02(77485f):field(77484f)
＿＿＿＿＿＿＿＿＿＿
＿＿＿＿＿＿＿＿＿＿
＿＿＿＿＿＿＿＿＿＿
＿＿＿＿＿＿＿＿＿＿
＿＿＿＿＿＿＿＿＿＿
＿＿＿＿＿＿＿＿＿＿
＿＿＿＿＿＿＿＿＿＿
＿＿＿＿＿＿＿＿＿＿
＿＿＿＿＿＿＿＿＿＿
＿＿＿◆◆◆＿＿＿＿
◆◆＿□□□□＿＿＿
□□◆□□□□■■□
□□□□□□＿□□□
■□□□□□＿□□＿
□□□□□□＿□□□
□□□＿□□□□□□
□□□□□□□□□＿
＿□□□□□□□□＿
□□＿□□□□□□□
□□□□□□□＿□□
00:43:03(77495f):field(77494f)
＿＿＿＿＿＿＿＿＿＿
＿＿＿＿＿＿＿＿＿＿
＿＿＿＿＿＿＿＿＿＿
＿＿＿＿＿＿＿＿＿＿
＿＿＿＿＿＿＿＿＿＿
＿＿＿＿＿＿＿＿＿＿
＿＿＿＿＿＿＿＿＿＿
＿＿＿＿＿＿＿＿＿＿
＿＿＿■■＿＿＿＿＿
＿＿＿■■＿＿＿＿＿
＿＿＿□□□◆＿＿＿
□□＿□□□□◆□□
□□□□□□＿□□□
◆□□□□□＿□□＿
□□□□□□＿□□□
□□□＿□□□□□□
□□□□□□□□□＿
＿□□□□□□□□＿
□□＿□□□□□□□
□□□□□□□＿□□
00:43:03(77507f):field(77506f)
＿＿＿＿＿＿＿＿＿＿
＿＿＿＿＿＿＿＿＿＿
＿＿＿＿＿＿＿＿＿＿
＿＿＿＿＿＿＿＿＿＿
＿＿＿＿＿＿＿＿＿＿
＿＿＿＿＿＿＿＿＿＿
＿＿＿＿＿＿＿＿＿＿
＿＿＿＿＿＿＿＿＿＿
＿＿＿□□＿＿＿＿＿
＿＿＿□□＿＿＿＿＿
＿＿＿□□□＿■■■
□□＿□□□□■□□
□□□□□□＿□□□
＿□□□□□＿□□＿
□□□□□□＿□□□
□□□＿□□□□□□
□□□□□□□□□＿
＿□□□□□□□□＿
□□＿□□□□□□□
□□□□□□□＿□□
00:43:04(77523f):field(77522f)
＿＿＿＿＿＿＿＿＿＿
＿＿＿＿＿＿＿＿＿＿
＿＿＿＿＿＿＿＿＿＿
＿＿＿＿＿＿＿＿＿＿
＿＿＿＿＿＿＿＿＿＿
＿＿＿＿＿＿＿＿＿＿
＿＿＿＿＿＿＿＿＿＿
＿＿＿＿＿＿＿＿＿＿
＿＿＿◆◆＿＿＿＿＿
＿＿＿□□＿＿＿＿＿
＿＿■□□◆■◆◆◆
◆□■□□□◆□□□
□□□□□□■□□□
■□□□□□■□□＿
□□□□□□＿□□□
□□□＿□□□□□□
□□□□□□□□□＿
＿□□□□□□□□＿
□□＿□□□□□□□
□□□□□□□＿□□
00:43:04(77537f):field(77536f)
＿＿＿＿＿＿＿＿＿＿
＿＿＿＿＿＿＿＿＿＿
＿＿＿＿＿＿＿＿＿＿
＿＿＿＿＿＿＿＿＿＿
＿＿＿＿＿＿＿＿＿＿
＿＿＿＿＿＿＿＿＿＿
＿＿＿＿＿＿＿＿＿＿
＿＿＿＿＿＿＿＿＿＿
＿＿＿＿＿＿＿＿＿■
＿＿＿□□＿＿＿＿■
＿＿□□□＿◆＿■■
＿□□□□□＿□□□
□□□□□□◆□□□
◆□□□□□◆□□＿
□□□□□□＿□□□
□□□＿□□□□□□
□□□□□□□□□＿
＿□□□□□□□□＿
□□＿□□□□□□□
□□□□□□□＿□□
00:43:05(77550f):field(77549f)
＿＿＿＿＿＿＿＿＿＿
＿＿＿＿＿＿＿＿＿＿
＿＿＿＿＿＿＿＿＿＿
＿＿＿＿＿＿＿＿＿＿
＿＿＿＿＿＿＿＿＿＿
＿＿＿＿＿＿＿＿＿＿
＿＿＿＿＿＿＿＿＿＿
＿＿＿＿＿＿＿＿＿＿
＿＿＿＿＿＿＿＿＿◆
＿＿＿◆◆＿＿＿＿◆
＿＿◆◆◆＿＿＿◆□
＿◆◆□□◆＿□◆□
◆◆□□□□■◆□□
＿□□□□□■□□■
◆□□□□□■□□□
□□□■□□□□□□
□□□□□□□□□＿
＿□□□□□□□□＿
□□＿□□□□□□□
□□□□□□□＿□□
00:43:05(77560f):field(77559f)
＿＿＿＿＿＿＿＿＿＿
＿＿＿＿＿＿＿＿＿＿
＿＿＿＿＿＿＿＿＿＿
＿＿＿＿＿＿＿＿＿＿
＿＿＿＿＿＿＿＿＿＿
＿＿＿＿＿＿＿＿＿＿
＿＿＿＿＿＿＿＿＿＿
＿＿＿＿＿＿＿＿＿＿
＿＿＿＿＿＿＿＿＿＿
＿＿＿＿＿＿＿＿＿＿
＿＿＿＿＿＿＿＿＿□
＿＿＿□□＿＿□■□
＿＿□□□◆□■□□
＿□□□□□□□□□
＿□□□□□□□□◆
□□□◆□□□□□□
□□□□□□□□□＿
＿□□□□□□□□＿
□□＿□□□□□□□
□□□□□□□＿□□
00:43:05(77571f):field(77570f)
＿＿＿＿＿＿＿＿＿＿
＿＿＿＿＿＿＿＿＿＿
＿＿＿＿＿＿＿＿＿＿
＿＿＿＿＿＿＿＿＿＿
＿＿＿＿＿＿＿＿＿＿
＿＿＿＿＿＿＿＿＿＿
＿＿＿＿＿＿＿＿＿＿
＿＿＿＿＿＿＿＿＿＿
＿＿＿＿＿＿＿＿＿＿
＿＿＿＿＿＿＿＿＿＿
＿＿＿＿＿＿■＿＿□
＿＿＿□□■■□□□
＿＿□□□■□□□□
＿□□□□□□□□□
＿□□□□□□□□＿
□□□＿□□□□□□
□□□□□□□□□＿
＿□□□□□□□□＿
□□＿□□□□□□□
□□□□□□□＿□□
00:43:06(77581f):field(77580f)
＿＿＿＿＿＿＿＿＿＿
＿＿＿＿＿＿＿＿＿＿
＿＿＿＿＿＿＿＿＿＿
＿＿＿＿＿＿＿＿＿＿
＿＿＿＿＿＿＿＿＿＿
＿＿＿＿＿＿＿＿＿＿
＿＿＿＿＿＿＿＿＿＿
＿＿＿＿＿＿＿＿＿＿
＿＿＿＿＿＿＿＿＿＿
＿＿＿＿■■＿＿＿＿
＿＿＿＿■■□＿＿□
＿＿＿□□□□□□□
＿＿□□□□□□□□
＿□□□□□□□□□
＿□□□□□□□□＿
□□□＿□□□□□□
□□□□□□□□□＿
＿□□□□□□□□＿
□□＿□□□□□□□
□□□□□□□＿□□
00:43:06(77596f):field(77595f)
＿＿＿＿＿＿＿＿＿＿
＿＿＿＿＿＿＿＿＿＿
＿＿＿＿＿＿＿＿＿＿
＿＿＿＿＿＿＿＿＿＿
＿＿＿＿＿＿＿＿＿＿
＿＿＿＿＿＿＿＿＿＿
＿＿＿＿＿＿＿＿＿＿
＿＿＿＿＿＿＿＿＿＿
＿＿＿＿＿＿＿＿＿＿
＿＿＿＿◆◆＿＿＿＿
＿＿＿＿□□□＿＿◆
＿＿■◆□□□□◆□
＿■□□□□□□□□
■□□□□□□□□□
＿□□□□□□□□＿
□□□＿□□□□□□
□□□□□□□□□＿
＿□□□□□□□□＿
□□＿□□□□□□□
□□□□□□□＿□□
00:43:06(77606f):field(77605f)
＿＿＿＿＿＿＿＿＿＿
＿＿＿＿＿＿＿＿＿＿
＿＿＿＿＿＿＿＿＿＿
＿＿＿＿＿＿＿＿＿＿
＿＿＿＿＿＿＿＿＿＿
＿＿＿＿＿＿＿＿＿＿
＿＿＿＿＿＿＿＿＿＿
＿＿＿＿＿＿＿＿＿＿
＿＿＿＿＿＿＿＿＿＿
＿＿＿■■＿＿＿＿＿
＿＿＿■□□◆＿＿＿
＿＿◆■□□□◆＿□
＿□□□□□□□□□
◆□□□□□□□□□
＿□□□□□□□□＿
□□□＿□□□□□□
□□□□□□□□□＿
＿□□□□□□□□＿
□□＿□□□□□□□
□□□□□□□＿□□
00:43:07(77618f):field(77617f)
＿＿＿＿＿＿＿＿＿＿
＿＿＿＿＿＿＿＿＿＿
＿＿＿＿＿＿＿＿＿＿
＿＿＿＿＿＿＿＿＿＿
＿＿＿＿＿＿＿＿＿＿
＿＿＿＿＿＿＿＿＿＿
＿＿＿＿＿＿＿＿＿＿
＿＿＿＿＿＿＿＿＿＿
＿＿＿＿＿＿＿＿＿＿
＿＿＿□□＿＿＿＿＿
＿＿＿□□□＿＿■■
＿＿＿□□□□■■□
＿□□□□□□□□□
＿□□□□□□□□□
＿□□□□□□□□＿
□□□＿□□□□□□
□□□□□□□□□＿
＿□□□□□□□□＿
□□＿□□□□□□□
□□□□□□□＿□□
00:43:07(77629f):field(77628f)
＿＿＿＿＿＿＿＿＿＿
＿＿＿＿＿＿＿＿＿＿
＿＿＿＿＿＿＿＿＿＿
＿＿＿＿＿＿＿＿＿＿
＿＿＿＿＿＿＿＿＿＿
＿＿＿＿＿＿＿＿＿＿
＿＿＿＿＿＿＿＿＿＿
＿＿＿＿＿＿＿＿＿＿
＿＿＿＿＿＿＿＿＿＿
＿＿＿□□■■＿＿＿
＿＿＿□□□■■□□
＿＿＿□□□□□□□
＿□□□□□□□□□
＿□□□□□□□□□
＿□□□□□□□□＿
□□□＿□□□□□□
□□□□□□□□□＿
＿□□□□□□□□＿
□□＿□□□□□□□
□□□□□□□＿□□
00:43:08(77645f):field(77644f)
＿＿＿＿＿＿＿＿＿＿
＿＿＿＿＿＿＿＿＿＿
＿＿＿＿＿＿＿＿＿＿
＿＿＿＿＿＿＿＿＿＿
＿＿＿＿＿＿＿＿＿＿
＿＿＿＿＿＿＿＿＿＿
＿＿＿＿＿＿＿＿＿＿
＿＿＿＿＿＿＿＿＿＿
＿＿＿＿＿＿＿＿＿＿
＿＿＿◆◆◆◆＿＿＿
＿＿＿◆◆◆◆□◆◆
■■＿□□□□◆□□
＿◆□□□□□□□□
■□□□□□□□□□
＿□□□□□□□□＿
□□□＿□□□□□□
□□□□□□□□□＿
＿□□□□□□□□＿
□□＿□□□□□□□
□□□□□□□＿□□
00:43:08(77655f):field(77654f)
＿＿＿＿＿＿＿＿＿＿
＿＿＿＿＿＿＿＿＿＿
＿＿＿＿＿＿＿＿＿＿
＿＿＿＿＿＿＿＿＿＿
＿＿＿＿＿＿＿＿＿＿
＿＿＿＿＿＿＿＿＿＿
＿＿＿＿＿＿＿＿＿＿
＿＿＿＿＿＿＿＿＿＿
＿＿＿＿＿＿＿＿＿＿
＿＿＿＿＿＿＿＿＿＿
＿＿＿＿＿＿＿◆■＿
◆◆＿□□□□■□□
＿＿◆□□□□□□□
◆□□□□□□□□□
＿□□□□□□□□＿
□□□＿□□□□□□
□□□□□□□□□＿
＿□□□□□□□□＿
□□＿□□□□□□□
□□□□□□□＿□□
00:43:08(77669f):field(77668f)
＿＿＿＿＿＿＿＿＿＿
＿＿＿＿＿＿＿＿＿＿
＿＿＿＿＿＿＿＿＿＿
＿＿＿＿＿＿＿＿＿＿
＿＿＿＿＿＿＿＿＿＿
＿＿＿＿＿＿＿＿＿＿
＿＿＿＿＿＿＿＿＿＿
＿＿＿＿＿＿＿＿＿＿
＿＿＿＿＿＿＿＿＿＿
＿＿＿＿＿＿＿＿＿＿
＿＿＿＿＿＿＿＿◆＿
＿＿＿◆◆◆◆◆□◆
＿＿■□□□□□□□
■□◆□□□□□□□
■□□□□□□□□＿
□□□■□□□□□□
□□□□□□□□□＿
＿□□□□□□□□＿
□□＿□□□□□□□
□□□□□□□＿□□
00:43:09(77681f):field(77680f)
＿＿＿＿＿＿＿＿＿＿
＿＿＿＿＿＿＿＿＿＿
＿＿＿＿＿＿＿＿＿＿
＿＿＿＿＿＿＿＿＿＿
＿＿＿＿＿＿＿＿＿＿
＿＿＿＿＿＿＿＿＿＿
＿＿＿＿＿＿＿＿＿＿
＿＿＿＿＿＿＿＿＿＿
＿＿＿＿＿＿＿＿＿＿
＿＿＿＿＿＿＿＿＿＿
＿＿＿＿＿＿＿＿＿＿
＿＿■＿＿＿＿＿◆＿
＿＿□◆□◆◆◆□◆
◆◆■□□□□□□□
□□□□□□□□□＿
□□□◆□□□□□□
□□□□□□□□□＿
＿□□□□□□□□＿
□□＿□□□□□□□
□□□□□□□＿□□
00:43:09(77692f):field(77691f)
＿＿＿＿＿＿＿＿＿＿
＿＿＿＿＿＿＿＿＿＿
＿＿＿＿＿＿＿＿＿＿
＿＿＿＿＿＿＿＿＿＿
＿＿＿＿＿＿＿＿＿＿
＿＿＿＿＿＿＿＿＿＿
＿＿＿＿＿＿＿＿＿＿
＿＿＿＿＿＿＿＿＿＿
＿＿＿＿＿＿＿＿＿＿
＿＿＿＿＿＿＿＿＿＿
＿＿＿＿■＿＿＿＿＿
＿＿□■■＿＿＿＿＿
＿＿□■◆＿＿＿□＿
＿＿□□□□□□□□
□□□□□□□□□＿
□□□＿□□□□□□
□□□□□□□□□＿
＿□□□□□□□□＿
□□＿□□□□□□□
□□□□□□□＿□□
00:43:10(77704f):field(77703f)
＿＿＿＿＿＿＿＿＿＿
＿＿＿＿＿＿＿＿＿＿
＿＿＿＿＿＿＿＿＿＿
＿＿＿＿＿＿＿＿＿＿
＿＿＿＿＿＿＿＿＿＿
＿＿＿＿＿＿＿＿＿＿
＿＿＿＿＿＿＿＿＿＿
＿＿＿＿＿＿＿＿＿＿
＿＿＿＿＿＿＿＿＿＿
＿＿＿■■■＿＿＿＿
＿＿＿■□＿＿＿＿＿
＿＿□□□＿＿＿＿＿
＿＿□□＿＿＿＿□＿
＿＿□□□□□□□□
□□□□□□□□□＿
□□□＿□□□□□□
□□□□□□□□□＿
＿□□□□□□□□＿
□□＿□□□□□□□
□□□□□□□＿□□
00:43:10(77721f):field(77720f)
＿＿＿＿＿＿＿＿＿＿
＿＿＿＿＿＿＿＿＿＿
＿＿＿＿＿＿＿＿＿＿
＿＿＿＿＿＿＿＿＿＿
＿＿＿＿＿＿＿＿＿＿
＿＿＿＿＿＿＿＿＿＿
＿＿＿＿＿＿＿＿＿＿
＿＿＿＿＿＿＿＿＿＿
＿＿＿＿＿＿＿＿＿＿
＿＿＿□□□＿＿＿＿
＿＿＿□□＿＿＿＿＿
＿＿□□□■■＿＿＿
＿＿□□■■＿＿□＿
＿＿□□□□□□□□
□□□□□□□□□＿
□□□＿□□□□□□
□□□□□□□□□＿
＿□□□□□□□□＿
□□＿□□□□□□□
□□□□□□□＿□□
00:43:11(77735f):field(77734f)
＿＿＿＿＿＿＿＿＿＿
＿＿＿＿＿＿＿＿＿＿
＿＿＿＿＿＿＿＿＿＿
＿＿＿＿＿＿＿＿＿＿
＿＿＿＿＿＿＿＿＿＿
＿＿＿＿＿＿＿＿＿＿
＿＿＿＿＿＿＿＿＿＿
＿＿＿＿＿＿＿＿＿＿
＿＿＿＿＿＿＿＿＿＿
＿＿＿◆◆◆＿＿＿＿
＿＿＿□□■＿＿＿＿
＿＿◆□□◆◆＿＿＿
＿＿□□□□■＿□＿
■■□□□□□◆□□
□□□□□□□□□＿
□□□＿□□□□□□
□□□□□□□□□＿
＿□□□□□□□□＿
□□＿□□□□□□□
□□□□□□□＿□□
00:43:11(77745f):field(77744f)
＿＿＿＿＿＿＿＿＿＿
＿＿＿＿＿＿＿＿＿＿
＿＿＿＿＿＿＿＿＿＿
＿＿＿＿＿＿＿＿＿＿
＿＿＿＿＿＿＿＿＿＿
＿＿＿＿＿＿＿＿＿＿
＿＿＿＿＿＿＿＿＿＿
＿＿＿＿＿＿＿＿＿＿
＿＿＿＿＿＿＿＿＿＿
＿＿＿＿＿＿＿＿＿＿
＿＿＿□□□＿＿＿＿
＿＿＿□□＿■■■■
＿＿□□□□□＿◆＿
□□□□□□◆＿□◆
□□□□□□□□□＿
□□□＿□□□□□□
□□□□□□□□□＿
＿□□□□□□□□＿
□□＿□□□□□□□
□□□□□□□＿□□
00:43:11(77758f):field(77757f)
＿＿＿＿＿＿＿＿＿＿
＿＿＿＿＿＿＿＿＿＿
＿＿＿＿＿＿＿＿＿＿
＿＿＿＿＿＿＿＿＿＿
＿＿＿＿＿＿＿＿＿＿
＿＿＿＿＿＿＿＿＿＿
＿＿＿＿＿＿＿＿＿＿
＿＿＿＿＿＿＿＿＿＿
＿＿＿■＿＿＿＿＿＿
＿＿＿■■■＿＿＿＿
＿＿＿□□□＿＿＿＿
＿＿＿□□＿□□□□
＿＿□□□□□＿＿＿
□□□□□□＿＿□＿
□□□□□□□□□＿
□□□＿□□□□□□
□□□□□□□□□＿
＿□□□□□□□□＿
□□＿□□□□□□□
□□□□□□□＿□□
00:43:12(77768f):field(77767f)
＿＿＿＿＿＿＿＿＿＿
＿＿＿＿＿＿＿＿＿＿
＿＿＿＿＿＿＿＿＿＿
＿＿＿＿＿＿＿＿＿＿
＿＿＿＿＿＿＿＿＿＿
＿＿＿＿＿＿＿＿＿＿
＿＿＿＿＿＿＿＿＿＿
＿＿＿■■＿＿＿＿＿
＿＿＿□■■＿＿＿＿
＿＿＿□□□＿＿＿＿
＿＿＿□□□＿＿＿＿
＿＿＿□□＿□□□□
＿＿□□□□□＿＿＿
□□□□□□＿＿□＿
□□□□□□□□□＿
□□□＿□□□□□□
□□□□□□□□□＿
＿□□□□□□□□＿
□□＿□□□□□□□
□□□□□□□＿□□
00:43:12(77779f):field(77778f)
＿＿＿＿＿＿＿＿＿＿
＿＿＿＿＿＿＿＿＿＿
＿＿＿＿＿＿＿＿＿＿
＿＿＿＿＿＿＿＿＿＿
＿＿＿＿＿＿＿＿＿＿
＿＿＿＿＿＿＿＿＿＿
＿＿＿＿＿＿＿＿＿＿
＿＿＿□□＿＿＿＿＿
＿＿＿□□□＿＿＿＿
＿＿＿□□□＿＿＿＿
■＿＿□□□＿＿＿＿
■＿＿□□＿□□□□
■■□□□□□＿＿＿
□□□□□□＿＿□＿
□□□□□□□□□＿
□□□＿□□□□□□
□□□□□□□□□＿
＿□□□□□□□□＿
□□＿□□□□□□□
□□□□□□□＿□□
00:43:13(77790f):field(77789f)
＿＿＿＿＿＿＿＿＿＿
＿＿＿＿＿＿＿＿＿＿
＿＿＿＿＿＿＿＿＿＿
＿＿＿＿＿＿＿＿＿＿
＿＿＿＿＿＿＿＿＿＿
＿＿＿＿＿＿＿＿＿＿
＿＿＿＿＿＿＿＿＿＿
＿＿＿□□＿＿＿＿＿
＿＿＿□□□＿＿＿＿
＿＿＿□□□＿＿＿＿
□■■□□□＿＿＿＿
□■■□□＿□□□□
□□□□□□□＿＿＿
□□□□□□＿＿□＿
□□□□□□□□□＿
□□□＿□□□□□□
□□□□□□□□□＿
＿□□□□□□□□＿
□□＿□□□□□□□
□□□□□□□＿□□
00:43:13(77804f):field(77803f)
＿＿＿＿＿＿＿＿＿＿
＿＿＿＿＿＿＿＿＿＿
＿＿＿＿＿＿＿＿＿＿
＿＿＿＿＿＿＿＿＿＿
＿＿＿＿＿＿＿＿＿＿
＿＿＿＿＿＿＿＿＿＿
＿＿＿＿＿＿＿＿＿＿
＿＿＿□□＿＿＿＿＿
＿＿＿□□□＿＿＿＿
＿＿＿□□□＿■＿＿
□□□□□□■■■＿
□□□□□＿□□□□
□□□□□□□＿＿＿
□□□□□□＿＿□＿
□□□□□□□□□＿
□□□＿□□□□□□
□□□□□□□□□＿
＿□□□□□□□□＿
□□＿□□□□□□□
□□□□□□□＿□□
00:43:13(77814f):field(77813f)
＿＿＿＿＿＿＿＿＿＿
＿＿＿＿＿＿＿＿＿＿
＿＿＿＿＿＿＿＿＿＿
＿＿＿＿＿＿＿＿＿＿
＿＿＿＿＿＿＿＿＿＿
＿＿＿＿＿＿＿＿＿＿
＿＿＿＿＿＿＿＿＿＿
＿＿＿□□＿＿＿＿＿
■＿＿□□□＿＿＿＿
■■■□□□＿□＿＿
□□□□□□□□□＿
□□□□□＿□□□□
□□□□□□□＿＿＿
□□□□□□＿＿□＿
□□□□□□□□□＿
□□□＿□□□□□□
□□□□□□□□□＿
＿□□□□□□□□＿
□□＿□□□□□□□
□□□□□□□＿□□
00:43:14(77826f):field(77825f)
＿＿＿＿＿＿＿＿＿＿
＿＿＿＿＿＿＿＿＿＿
＿＿＿＿＿＿＿＿＿＿
＿＿＿＿＿＿＿＿＿＿
＿＿＿＿＿＿＿＿＿＿
＿＿＿＿＿＿＿＿＿＿
＿＿＿＿＿＿＿＿＿＿
■■＿□□＿＿＿＿＿
□■■□□□＿＿＿＿
□□□□□□＿□＿＿
□□□□□□□□□＿
□□□□□＿□□□□
□□□□□□□＿＿＿
□□□□□□＿＿□＿
□□□□□□□□□＿
□□□＿□□□□□□
□□□□□□□□□＿
＿□□□□□□□□＿
□□＿□□□□□□□
□□□□□□□＿□□
00:43:14(77841f):field(77840f)
＿＿＿＿＿＿＿＿＿＿
＿＿＿＿＿＿＿＿＿＿
＿＿＿＿＿＿＿＿＿＿
＿＿＿＿＿＿＿＿＿＿
＿＿＿＿＿＿＿＿＿＿
＿＿＿＿＿＿＿＿＿＿
＿＿＿＿＿＿＿＿＿＿
◆◆＿□◆＿＿＿■＿
□□□□□◆＿■＿■
□□□□□□＿□■＿
□□□□□□□□□＿
□□□□□＿□□□□
□□□□□□□＿＿＿
□□□□□□＿＿□＿
□□□□□□□□□＿
□□□＿□□□□□□
□□□□□□□□□＿
＿□□□□□□□□＿
□□＿□□□□□□□
□□□□□□□＿□□
00:43:15(77855f):field(77854f)
＿＿＿＿＿＿＿＿＿＿
＿＿＿＿＿＿＿＿＿＿
＿＿＿＿＿＿＿＿＿＿
＿＿＿＿＿＿＿＿＿＿
＿＿＿＿＿＿＿＿＿＿
＿＿＿＿＿＿＿＿＿＿
＿＿＿＿＿＿＿＿＿＿
＿＿＿◆＿＿＿＿◆＿
◆◆◆◆◆＿＿◆＿◆
□□◆□□◆＿◆□■
□□□□□□◆□□■
□□□□□■□□□□
□□□□□□□＿＿＿
□□□□□□＿＿□＿
□□□□□□□□□＿
□□□＿□□□□□□
□□□□□□□□□＿
＿□□□□□□□□＿
□□＿□□□□□□□
□□□□□□□＿□□
00:43:15(77868f):field(77867f)
＿＿＿＿＿＿＿＿＿＿
＿＿＿＿＿＿＿＿＿＿
＿＿＿＿＿＿＿＿＿＿
＿＿＿＿＿＿＿＿＿＿
＿＿＿＿＿＿＿＿＿＿
＿＿＿＿＿＿＿＿＿＿
＿＿＿＿＿＿＿＿＿＿
＿＿＿＿＿＿＿＿＿＿
＿＿＿＿＿＿＿＿＿＿
◆◆＿□◆＿＿＿◆◆
□□◆□□□■□□◆
□□□□□◆□□□□
□□□□□□□■＿＿
□□□□□□＿＿□＿
□□□□□□□□□＿
□□□＿□□□□□□
□□□□□□□□□＿
＿□□□□□□□□＿
□□＿□□□□□□□
□□□□□□□＿□□
00:43:15(77879f):field(77878f)
＿＿＿＿＿＿＿＿＿＿
＿＿＿＿＿＿＿＿＿＿
＿＿＿＿＿＿＿＿＿＿
＿＿＿＿＿＿＿＿＿＿
＿＿＿＿＿＿＿＿＿＿
＿＿＿＿＿＿＿＿＿＿
＿＿＿＿＿＿＿＿＿＿
＿＿＿＿＿＿＿＿＿＿
■■＿＿＿＿＿＿＿＿
■■＿◆＿＿＿＿＿＿
□□＿□□□□□□＿
□□□□□＿□□□□
□□□□□□□◆＿■
□□□□□□＿＿□＿
□□□□□□□□□＿
□□□＿□□□□□□
□□□□□□□□□＿
＿□□□□□□□□＿
□□＿□□□□□□□
□□□□□□□＿□□
00:43:16(77891f):field(77890f)
＿＿＿＿＿＿＿＿＿＿
＿＿＿＿＿＿＿＿＿＿
＿＿＿＿＿＿＿＿＿＿
＿＿＿＿＿＿＿＿＿＿
＿＿＿＿＿＿＿＿＿＿
＿＿＿＿＿＿＿＿＿＿
＿＿＿＿＿＿＿＿＿＿
＿＿＿＿＿＿＿＿■■
□□＿＿＿＿＿＿■＿
□□＿＿＿＿＿＿■＿
□□＿□□□□□□＿
□□□□□＿□□□□
□□□□□□□＿＿◆
□□□□□□＿＿□＿
□□□□□□□□□＿
□□□＿□□□□□□
□□□□□□□□□＿
＿□□□□□□□□＿
□□＿□□□□□□□
□□□□□□□＿□□
00:43:16(77896f):field(77895f)
＿＿＿＿＿＿＿＿＿＿
＿＿＿＿＿＿＿＿＿＿
＿＿＿＿＿＿＿＿＿＿
＿＿＿＿＿＿＿＿＿＿
＿＿＿＿＿＿＿＿＿＿
＿＿＿＿＿＿＿＿＿＿
＿＿＿＿＿＿＿＿＿＿
＿＿＿＿＿＿＿＿□□
□□＿■■■＿＿□＿
□□＿■＿＿＿＿□＿
□□＿□□□□□□＿
□□□□□＿□□□□
□□□□□□□＿＿＿
□□□□□□＿＿□＿
□□□□□□□□□＿
□□□＿□□□□□□
□□□□□□□□□＿
＿□□□□□□□□＿
□□＿□□□□□□□
□□□□□□□＿□□
00:43:16(77906f):field(77905f)
＿＿＿＿＿＿＿＿＿＿
＿＿＿＿＿＿＿＿＿＿
＿＿＿＿＿＿＿＿＿＿
＿＿＿＿＿＿＿＿＿＿
＿＿＿＿＿＿＿＿＿＿
＿＿＿＿＿＿＿＿＿＿
＿■■＿＿＿＿＿＿＿
■■＿＿＿＿＿＿□□
□□＿□□□＿＿□＿
□□＿□＿＿＿＿□＿
□□＿□□□□□□＿
□□□□□＿□□□□
□□□□□□□＿＿＿
□□□□□□＿＿□＿
□□□□□□□□□＿
□□□＿□□□□□□
□□□□□□□□□＿
＿□□□□□□□□＿
□□＿□□□□□□□
□□□□□□□＿□□
00:43:17(77923f):field(77922f)
＿＿＿＿＿＿＿＿＿＿
＿＿＿＿＿＿＿＿＿＿
＿＿＿＿＿＿＿＿＿＿
＿＿＿＿＿＿＿＿＿＿
＿＿＿＿＿＿＿＿＿＿
＿＿＿＿＿＿＿＿＿＿
＿□□＿＿＿＿＿＿＿
□□＿＿＿＿＿■□□
□□＿□□□■■□＿
□□＿□＿＿■＿□＿
□□＿□□□□□□＿
□□□□□＿□□□□
□□□□□□□＿＿＿
□□□□□□＿＿□＿
□□□□□□□□□＿
□□□＿□□□□□□
□□□□□□□□□＿
＿□□□□□□□□＿
□□＿□□□□□□□
□□□□□□□＿□□
00:43:17(77933f):field(77932f)
＿＿＿＿＿＿＿＿＿＿
＿＿＿＿＿＿＿＿＿＿
＿＿＿＿＿＿＿＿＿＿
＿＿＿＿＿＿＿＿＿＿
＿＿＿＿＿＿＿＿＿＿
＿＿＿＿＿＿＿＿＿＿
＿□□■＿＿＿＿＿＿
□□■■■＿＿□□□
□□＿□□□□□□＿
□□＿□＿＿□＿□＿
□□＿□□□□□□＿
□□□□□＿□□□□
□□□□□□□＿＿＿
□□□□□□＿＿□＿
□□□□□□□□□＿
□□□＿□□□□□□
□□□□□□□□□＿
＿□□□□□□□□＿
□□＿□□□□□□□
□□□□□□□＿□□
00:43:18(77954f):field(77953f)
＿＿＿＿＿＿＿＿＿＿
＿＿＿＿＿＿＿＿＿＿
＿＿＿＿＿＿＿＿＿＿
＿＿＿＿＿＿＿＿＿＿
＿＿＿＿＿＿＿＿＿＿
＿＿＿＿＿＿＿＿＿＿
■◆◆◆＿＿■＿■＿
◆□□□◆＿■◆◆□
□□■□□□□□□＿
□□■□■＿□■□＿
□□＿□□□□□□＿
□□□□□＿□□□□
□□□□□□□＿＿＿
□□□□□□＿＿□＿
□□□□□□□□□＿
□□□＿□□□□□□
□□□□□□□□□＿
＿□□□□□□□□＿
□□＿□□□□□□□
□□□□□□□＿□□
00:43:18(77961f):field(77960f)
＿＿＿＿＿＿＿＿＿＿
＿＿＿＿＿＿＿＿＿＿
＿＿＿＿＿＿＿＿＿＿
＿＿＿＿＿＿＿＿＿＿
＿＿＿＿＿＿＿＿＿＿
＿＿＿＿＿＿＿＿＿＿
◆＿＿＿■■□＿◆＿
＿□□□■■□＿■◆
□□◆□□□□□□＿
□□◆□◆＿□◆□＿
□□＿□□□□□□＿
□□□□□＿□□□□
□□□□□□□＿＿＿
□□□□□□＿＿□＿
□□□□□□□□□＿
□□□＿□□□□□□
□□□□□□□□□＿
＿□□□□□□□□＿
□□＿□□□□□□□
□□□□□□□＿□□
00:43:19(77978f):field(77977f)
＿＿＿＿＿＿＿＿＿＿
＿＿＿＿＿＿＿＿＿＿
＿＿＿＿＿＿＿＿＿＿
＿＿＿＿＿＿＿＿＿＿
＿＿＿＿＿＿＿＿＿＿
＿＿＿＿＿＿＿＿＿＿
＿＿＿＿□□□＿＿＿
＿□□□□□□＿◆■
□□＿□□□□□□■
□□＿□＿＿□＿□■
□□＿□□□□□□■
□□□□□＿□□□□
□□□□□□□＿＿＿
□□□□□□＿＿□＿
□□□□□□□□□＿
□□□＿□□□□□□
□□□□□□□□□＿
＿□□□□□□□□＿
□□＿□□□□□□□
□□□□□□□＿□□
00:43:19(77993f):field(77992f)
＿＿＿＿＿＿＿＿＿＿
＿＿＿＿＿＿＿＿＿＿
＿＿＿＿＿＿＿＿＿＿
＿＿＿＿＿＿＿＿＿＿
＿＿＿＿＿＿＿＿＿＿
＿■＿＿＿＿＿＿＿＿
■■＿＿□□□＿＿＿
■□□□□□□＿＿□
□□＿□□□□□□□
□□＿□＿＿□＿□□
□□＿□□□□□□□
□□□□□＿□□□□
□□□□□□□＿＿＿
□□□□□□＿＿□＿
□□□□□□□□□＿
□□□＿□□□□□□
□□□□□□□□□＿
＿□□□□□□□□＿
□□＿□□□□□□□
□□□□□□□＿□□
00:43:20(78005f):field(78004f)
＿＿＿＿＿＿＿＿＿＿
＿＿＿＿＿＿＿＿＿＿
＿＿＿＿＿＿＿＿＿＿
＿＿＿＿＿＿＿＿＿＿
＿＿＿＿＿＿＿＿＿＿
＿□＿＿＿＿＿＿■＿
□□＿＿□□□＿■■
□□□□□□□＿■□
□□＿□□□□□□□
□□＿□＿＿□＿□□
□□＿□□□□□□□
□□□□□＿□□□□
□□□□□□□＿＿＿
□□□□□□＿＿□＿
□□□□□□□□□＿
□□□＿□□□□□□
□□□□□□□□□＿
＿□□□□□□□□＿
□□＿□□□□□□□
□□□□□□□＿□□
00:43:20(78017f):field(78016f)
＿＿＿＿＿＿＿＿＿＿
＿＿＿＿＿＿＿＿＿＿
＿＿＿＿＿＿＿＿＿＿
＿＿＿＿＿＿＿＿＿＿
＿＿＿＿＿＿＿＿＿＿
＿□＿■■＿＿＿□＿
□□■■□□□＿□□
□□□□□□□＿□□
□□＿□□□□□□□
□□＿□＿＿□＿□□
□□＿□□□□□□□
□□□□□＿□□□□
□□□□□□□＿＿＿
□□□□□□＿＿□＿
□□□□□□□□□＿
□□□＿□□□□□□
□□□□□□□□□＿
＿□□□□□□□□＿
□□＿□□□□□□□
□□□□□□□＿□□
00:43:20(78028f):field(78027f)
＿＿＿＿＿＿＿＿＿＿
＿＿＿＿＿＿＿＿＿＿
＿＿＿＿＿＿＿＿＿＿
＿＿＿＿＿＿＿＿＿＿
＿＿＿＿＿■■＿＿＿
＿□＿□□■■＿□＿
□□□□□□□＿□□
□□□□□□□＿□□
□□＿□□□□□□□
□□＿□＿＿□＿□□
□□＿□□□□□□□
□□□□□＿□□□□
□□□□□□□＿＿＿
□□□□□□＿＿□＿
□□□□□□□□□＿
□□□＿□□□□□□
□□□□□□□□□＿
＿□□□□□□□□＿
□□＿□□□□□□□
□□□□□□□＿□□
00:43:21(78038f):field(78037f)
＿＿＿＿＿＿＿＿＿＿
＿＿＿＿＿＿＿＿＿＿
＿＿＿＿＿＿＿＿＿＿
＿＿＿＿＿＿＿＿＿＿
＿＿■■■□□＿＿＿
＿□■□□□□＿□＿
□□□□□□□＿□□
□□□□□□□＿□□
□□＿□□□□□□□
□□＿□＿＿□＿□□
□□＿□□□□□□□
□□□□□＿□□□□
□□□□□□□＿＿＿
□□□□□□＿＿□＿
□□□□□□□□□＿
□□□＿□□□□□□
□□□□□□□□□＿
＿□□□□□□□□＿
□□＿□□□□□□□
□□□□□□□＿□□
00:43:21(78052f):field(78051f)
＿＿＿＿＿＿＿＿＿＿
＿＿＿＿＿＿＿＿＿＿
＿＿＿＿＿＿＿＿＿＿
＿＿＿＿＿＿＿＿＿＿
＿＿◆◆◆◆◆＿＿＿
＿◆◆□◆◆◆＿◆＿
◆□□□□□□■◆◆
◆□□□□□□■□◆
□□■□□□□□□□
□□＿□＿■□＿□□
□□＿□□□□□□□
□□□□□＿□□□□
□□□□□□□＿＿＿
□□□□□□＿＿□＿
□□□□□□□□□＿
□□□＿□□□□□□
□□□□□□□□□＿
＿□□□□□□□□＿
□□＿□□□□□□□
□□□□□□□＿□□
00:43:22(78063f):field(78062f)
＿＿＿＿＿＿＿＿＿＿
＿＿＿＿＿＿＿＿＿＿
＿＿＿＿＿＿＿＿＿＿
＿＿＿＿＿＿＿＿＿＿
＿＿＿＿＿＿＿＿＿＿
＿＿＿◆＿＿＿＿■＿
＿◆□□□□□□■■
＿□□□□□□□□■
□□◆□□□□□□□
□□＿□＿◆□＿□□
□□＿□□□□□□□
□□□□□＿□□□□
□□□□□□□＿＿＿
□□□□□□＿＿□＿
□□□□□□□□□＿
□□□＿□□□□□□
□□□□□□□□□＿
＿□□□□□□□□＿
□□＿□□□□□□□
□□□□□□□＿□□
00:43:22(78075f):field(78074f)
＿＿＿＿＿＿＿＿＿＿
＿＿＿＿＿＿＿＿＿＿
＿＿＿＿＿＿＿＿＿＿
＿＿＿＿＿＿＿＿＿＿
＿＿＿＿＿■＿＿＿＿
＿＿＿＿＿■■■□＿
＿＿□□□□□□□□
＿□□□□□□□□□
□□＿□□□□□□□
□□＿□＿＿□＿□□
□□＿□□□□□□□
□□□□□＿□□□□
□□□□□□□＿＿＿
□□□□□□＿＿□＿
□□□□□□□□□＿
□□□＿□□□□□□
□□□□□□□□□＿
＿□□□□□□□□＿
□□＿□□□□□□□
□□□□□□□＿□□
00:43:22(78088f):field(78087f)
＿＿＿＿＿＿＿＿＿＿
＿＿＿＿＿＿＿＿＿＿
＿＿＿＿＿＿＿＿＿＿
＿＿＿＿＿＿＿＿＿＿
＿＿＿＿＿◆＿＿＿＿
＿＿＿■＿◆◆□◆＿
■＿◆◆□□◆◆□◆
■◆□◆◆□□□□◆
□□■□□□□□□□
□□■□■＿□■□□
□□■□□□□□□□
□□□□□＿□□□□
□□□□□□□＿＿＿
□□□□□□＿＿□＿
□□□□□□□□□＿
□□□＿□□□□□□
□□□□□□□□□＿
＿□□□□□□□□＿
□□＿□□□□□□□
□□□□□□□＿□□
00:43:23(78101f):field(78100f)
＿＿＿＿＿＿＿＿＿＿
＿＿＿＿＿＿＿＿＿＿
＿＿＿＿＿＿＿＿＿＿
＿＿＿＿＿＿＿＿＿＿
＿＿＿＿＿＿＿＿＿＿
＿＿＿◆＿＿＿◆＿＿
◆＿＿＿◆◆＿＿◆＿
◆■□■＿□◆◆◆■
□◆□□□□□□□◆
□□□□◆■□◆□□
□□◆□□□□□□□
□□□□□＿□□□□
□□□□□□□＿＿＿
□□□□□□＿＿□＿
□□□□□□□□□＿
□□□＿□□□□□□
□□□□□□□□□＿
＿□□□□□□□□＿
□□＿□□□□□□□
□□□□□□□＿□□
00:43:23(78112f):field(78111f)
＿＿＿＿＿＿＿＿＿＿
＿＿＿＿＿＿＿＿＿＿
＿＿＿＿＿＿＿＿＿＿
＿＿＿＿＿＿＿＿＿＿
＿＿＿＿＿＿＿＿＿＿
＿＿＿＿＿■＿＿＿＿
＿＿＿＿■■＿＿＿＿
＿◆◆◆■□＿＿＿◆
□＿□□□□□□□＿
□□◆□＿◆□＿□□
□□＿□□□□□□□
□□□□□＿□□□□
□□□□□□□＿＿＿
□□□□□□＿＿□＿
□□□□□□□□□＿
□□□＿□□□□□□
□□□□□□□□□＿
＿□□□□□□□□＿
□□＿□□□□□□□
□□□□□□□＿□□
00:43:24(78125f):field(78124f)
＿＿＿＿＿＿＿＿＿＿
＿＿＿＿＿＿＿＿＿＿
＿＿＿＿＿＿＿＿＿＿
＿＿＿＿＿＿＿＿＿＿
＿＿＿＿＿＿＿＿＿＿
＿＿＿＿＿□＿＿＿＿
＿＿＿＿□□＿＿＿＿
＿＿＿＿□□■■■■
□＿□□□□□□□＿
□□＿□＿＿□＿□□
□□＿□□□□□□□
□□□□□＿□□□□
□□□□□□□＿＿＿
□□□□□□＿＿□＿
□□□□□□□□□＿
□□□＿□□□□□□
□□□□□□□□□＿
＿□□□□□□□□＿
□□＿□□□□□□□
□□□□□□□＿□□
00:43:24(78143f):field(78142f)
＿＿＿＿＿＿＿＿＿＿
＿＿＿＿＿＿＿＿＿＿
＿＿＿＿＿＿＿＿＿＿
＿＿＿＿＿＿＿＿＿＿
＿＿＿＿＿＿＿＿＿＿
＿＿＿＿＿□■＿＿＿
＿＿＿＿□□■■■＿
＿＿＿＿□□□□□□
□＿□□□□□□□＿
□□＿□＿＿□＿□□
□□＿□□□□□□□
□□□□□＿□□□□
□□□□□□□＿＿＿
□□□□□□＿＿□＿
□□□□□□□□□＿
□□□＿□□□□□□
□□□□□□□□□＿
＿□□□□□□□□＿
□□＿□□□□□□□
□□□□□□□＿□□
00:43:25(78153f):field(78152f)
＿＿＿＿＿＿＿＿＿＿
＿＿＿＿＿＿＿＿＿＿
＿＿＿＿＿＿＿＿＿＿
＿＿＿＿＿＿＿＿＿＿
＿＿＿＿＿＿＿＿＿＿
＿＿＿＿＿□□＿＿＿
＿＿＿＿□□□□□＿
■■■＿□□□□□□
□■□□□□□□□＿
□□＿□＿＿□＿□□
□□＿□□□□□□□
□□□□□＿□□□□
□□□□□□□＿＿＿
□□□□□□＿＿□＿
□□□□□□□□□＿
□□□＿□□□□□□
□□□□□□□□□＿
＿□□□□□□□□＿
□□＿□□□□□□□
□□□□□□□＿□□
00:43:25(78167f):field(78166f)
＿＿＿＿＿＿＿＿＿＿
＿＿＿＿＿＿＿＿＿＿
＿＿＿＿＿＿＿＿＿＿
＿＿＿＿＿＿＿＿＿＿
＿＿＿＿＿＿＿＿＿＿
■■＿＿＿□□＿＿＿
■■＿＿□□□□□＿
□□□＿□□□□□□
□□□□□□□□□＿
□□＿□＿＿□＿□□
□□＿□□□□□□□
□□□□□＿□□□□
□□□□□□□＿＿＿
□□□□□□＿＿□＿
□□□□□□□□□＿
□□□＿□□□□□□
□□□□□□□□□＿
＿□□□□□□□□＿
□□＿□□□□□□□
□□□□□□□＿□□
00:43:25(78177f):field(78176f)
＿＿＿＿＿＿＿＿＿＿
＿＿＿＿＿＿＿＿＿＿
＿＿＿＿＿＿＿＿＿＿
＿＿＿＿＿＿＿＿＿＿
＿＿＿＿■■■＿＿＿
□□＿＿■□□＿＿＿
□□＿＿□□□□□＿
□□□＿□□□□□□
□□□□□□□□□＿
□□＿□＿＿□＿□□
□□＿□□□□□□□
□□□□□＿□□□□
□□□□□□□＿＿＿
□□□□□□＿＿□＿
□□□□□□□□□＿
□□□＿□□□□□□
□□□□□□□□□＿
＿□□□□□□□□＿
□□＿□□□□□□□
□□□□□□□＿□□
00:43:26(78192f):field(78191f)
＿＿＿＿＿＿＿＿＿＿
＿＿＿＿＿＿＿＿＿＿
＿＿＿＿＿＿＿＿＿＿
＿＿＿＿＿＿＿＿■＿
＿＿＿＿□□□■■＿
□□＿＿□□□■＿＿
□□＿＿□□□□□＿
□□□＿□□□□□□
□□□□□□□□□＿
□□＿□＿＿□＿□□
□□＿□□□□□□□
□□□□□＿□□□□
□□□□□□□＿＿＿
□□□□□□＿＿□＿
□□□□□□□□□＿
□□□＿□□□□□□
□□□□□□□□□＿
＿□□□□□□□□＿
□□＿□□□□□□□
□□□□□□□＿□□
00:43:26(78205f):field(78204f)
＿＿＿＿＿＿＿＿＿＿
＿＿＿＿＿＿＿＿＿＿
＿＿＿＿＿■＿＿＿＿
＿＿＿＿＿■■■□＿
＿＿＿＿□□□□□＿
□□＿＿□□□□＿＿
□□＿＿□□□□□＿
□□□＿□□□□□□
□□□□□□□□□＿
□□＿□＿＿□＿□□
□□＿□□□□□□□
□□□□□＿□□□□
□□□□□□□＿＿＿
□□□□□□＿＿□＿
□□□□□□□□□＿
□□□＿□□□□□□
□□□□□□□□□＿
＿□□□□□□□□＿
□□＿□□□□□□□
□□□□□□□＿□□
00:43:27(78218f):field(78217f)
＿＿＿＿＿＿＿＿＿＿
＿＿＿＿＿＿＿＿＿＿
＿＿＿＿＿□■■■■
＿＿＿＿＿□□□□＿
＿＿＿＿□□□□□＿
□□＿＿□□□□＿＿
□□＿＿□□□□□＿
□□□＿□□□□□□
□□□□□□□□□＿
□□＿□＿＿□＿□□
□□＿□□□□□□□
□□□□□＿□□□□
□□□□□□□＿＿＿
□□□□□□＿＿□＿
□□□□□□□□□＿
□□□＿□□□□□□
□□□□□□□□□＿
＿□□□□□□□□＿
□□＿□□□□□□□
□□□□□□□＿□□
00:43:27(78230f):field(78229f)
＿＿＿＿＿＿＿＿＿＿
＿＿＿＿＿＿＿＿＿＿
＿＿＿＿＿◆◆◆◆◆
＿＿＿＿＿□□□□■
＿＿＿＿◆□□□□＿
◆◆＿＿□□□□■＿
□□■＿□□□□◆＿
□□□■□□□□□◆
□□□□□□□□□＿
□□＿□＿＿□＿□□
□□＿□□□□□□□
□□□□□＿□□□□
□□□□□□□＿＿＿
□□□□□□＿＿□＿
□□□□□□□□□＿
□□□＿□□□□□□
□□□□□□□□□＿
＿□□□□□□□□＿
□□＿□□□□□□□
□□□□□□□＿□□
00:43:28(78241f):field(78240f)
＿＿＿＿＿＿＿＿＿＿
＿＿＿＿＿＿＿＿＿＿
＿＿＿＿＿＿＿＿＿＿
■＿＿＿＿□□□□□
■＿＿＿＿□□□□＿
■■＿＿□□□□□＿
□□□＿□□□□＿＿
□□□□□□□□□＿
□□□□□□□□□＿
□□＿□＿＿□＿□□
□□＿□□□□□□□
□□□□□＿□□□□
□□□□□□□＿＿＿
□□□□□□＿＿□＿
□□□□□□□□□＿
□□□＿□□□□□□
□□□□□□□□□＿
＿□□□□□□□□＿
□□＿□□□□□□□
□□□□□□□＿□□
00:43:28(78254f):field(78253f)
＿＿＿＿＿＿＿＿＿＿
＿＿＿＿＿＿＿＿＿＿
＿＿＿＿＿＿＿＿＿＿
□＿＿＿＿□□□□□
□■■＿＿□□□□＿
□□■■□□□□□＿
□□□＿□□□□＿＿
□□□□□□□□□＿
□□□□□□□□□＿
□□＿□＿＿□＿□□
□□＿□□□□□□□
□□□□□＿□□□□
□□□□□□□＿＿＿
□□□□□□＿＿□＿
□□□□□□□□□＿
□□□＿□□□□□□
□□□□□□□□□＿
＿□□□□□□□□＿
□□＿□□□□□□□
□□□□□□□＿□□
00:43:28(78267f):field(78266f)
＿＿＿＿＿＿＿＿＿＿
＿＿＿＿＿＿＿＿＿＿
＿＿＿＿■＿＿＿＿＿
□＿＿＿■□□□□□
□□□■■□□□□＿
□□□□□□□□□＿
□□□＿□□□□＿＿
□□□□□□□□□＿
□□□□□□□□□＿
□□＿□＿＿□＿□□
□□＿□□□□□□□
□□□□□＿□□□□
□□□□□□□＿＿＿
□□□□□□＿＿□＿
□□□□□□□□□＿
□□□＿□□□□□□
□□□□□□□□□＿
＿□□□□□□□□＿
□□＿□□□□□□□
□□□□□□□＿□□
00:43:29(78284f):field(78283f)
＿＿＿＿＿＿＿＿＿＿
＿＿＿＿＿＿＿＿＿＿
■■■＿□＿＿＿＿＿
□■＿＿□□□□□□
□□□□□□□□□＿
□□□□□□□□□＿
□□□＿□□□□＿＿
□□□□□□□□□＿
□□□□□□□□□＿
□□＿□＿＿□＿□□
□□＿□□□□□□□
□□□□□＿□□□□
□□□□□□□＿＿＿
□□□□□□＿＿□＿
□□□□□□□□□＿
□□□＿□□□□□□
□□□□□□□□□＿
＿□□□□□□□□＿
□□＿□□□□□□□
□□□□□□□＿□□
00:43:29(78297f):field(78296f)
＿■■＿＿＿＿＿＿＿
■■＿＿＿＿＿＿＿＿
□□□＿□＿＿＿＿＿
□□＿＿□□□□□□
□□□□□□□□□＿
□□□□□□□□□＿
□□□＿□□□□＿＿
□□□□□□□□□＿
□□□□□□□□□＿
□□＿□＿＿□＿□□
□□＿□□□□□□□
□□□□□＿□□□□
□□□□□□□＿＿＿
□□□□□□＿＿□＿
□□□□□□□□□＿
□□□＿□□□□□□
□□□□□□□□□＿
＿□□□□□□□□＿
□□＿□□□□□□□
□□□□□□□＿□□
00:43:30(78310f):field(78309f)
＿□□＿■■＿＿＿＿
□□＿＿■■＿＿＿＿
□□□＿□＿＿＿＿＿
□□＿＿□□□□□□
□□□□□□□□□＿
□□□□□□□□□＿
□□□＿□□□□＿＿
□□□□□□□□□＿
□□□□□□□□□＿
□□＿□＿＿□＿□□
□□＿□□□□□□□
□□□□□＿□□□□
□□□□□□□＿＿＿
□□□□□□＿＿□＿
□□□□□□□□□＿
□□□＿□□□□□□
□□□□□□□□□＿
＿□□□□□□□□＿
□□＿□□□□□□□
□□□□□□□＿□□
00:43:50(78921f):game end
