00:02:32(4582f):game start
00:02:34(4625f):field(4624f)
＿＿＿＿＿＿＿＿＿＿
＿＿＿＿＿＿＿＿＿＿
＿＿＿＿＿＿＿＿＿＿
＿＿＿＿＿＿＿＿＿＿
＿＿＿＿＿＿＿＿＿＿
＿＿＿＿＿＿＿＿＿＿
＿＿＿＿＿＿＿＿＿＿
＿＿＿＿＿＿＿＿＿＿
＿＿＿＿＿＿＿＿＿＿
＿＿＿＿＿＿＿＿＿＿
＿＿＿＿＿＿＿＿＿＿
＿＿＿＿＿＿＿＿＿＿
＿＿＿＿＿＿＿＿＿＿
＿＿■■■■■■＿＿
＿＿＿＿＿＿＿＿＿＿
＿＿＿＿＿＿＿＿＿＿
＿＿＿＿＿＿＿＿＿＿
＿＿＿＿＿＿＿＿＿＿
＿＿＿＿＿＿＿＿＿＿
＿＿＿＿＿＿＿＿＿＿
00:02:34(4649f):field(4648f)
＿＿＿＿＿＿＿＿＿＿
＿＿＿＿＿＿＿＿＿＿
＿＿＿＿＿＿＿＿＿＿
＿＿＿＿＿＿＿＿＿＿
＿＿＿＿＿＿＿＿＿＿
＿＿＿＿＿＿＿＿＿＿
＿＿＿＿＿＿＿＿＿＿
＿＿＿＿＿＿＿＿＿＿
＿＿＿＿＿＿＿＿＿＿
＿＿＿＿＿＿＿＿＿＿
＿＿＿＿＿＿＿＿＿＿
＿＿＿＿＿＿＿＿＿＿
＿＿＿＿＿＿＿＿＿＿
＿＿◆◆◆◆◆◆＿＿
＿＿＿＿＿＿＿＿＿＿
＿＿＿＿＿＿＿＿＿＿
＿＿＿＿＿＿＿＿＿＿
＿＿＿＿＿＿＿＿＿＿
■＿＿＿■＿＿＿＿＿
■■■■■■＿＿＿＿
00:02:35(4663f):field(4662f)
＿＿＿＿＿＿＿＿＿＿
＿＿＿＿＿＿＿＿＿＿
＿＿＿＿＿＿＿＿＿＿
＿＿＿＿＿＿＿＿＿＿
＿＿＿＿＿＿＿＿＿＿
＿＿＿＿＿＿＿＿＿＿
＿＿＿＿＿＿＿＿＿＿
＿＿＿＿＿＿＿＿＿＿
＿＿＿＿＿＿＿＿＿＿
＿＿＿＿＿＿＿＿＿＿
＿＿＿＿＿＿＿＿＿＿
＿＿＿＿＿＿＿＿＿＿
＿＿＿＿＿＿＿＿＿＿
＿＿＿＿＿＿＿＿＿＿
＿＿＿＿＿＿＿＿＿＿
＿＿＿＿＿＿＿＿＿＿
＿＿＿＿＿＿＿＿＿＿
＿＿＿＿＿＿＿＿＿＿
□＿＿＿□＿■■＿＿
□□□□□□■■＿＿
00:02:35(4677f):field(4676f)
＿＿＿＿＿＿＿＿＿＿
＿＿＿＿＿＿＿＿＿＿
＿＿＿＿＿＿＿＿＿＿
＿＿＿＿＿＿＿＿＿＿
＿＿＿＿＿＿＿＿＿＿
＿＿＿＿＿＿＿＿＿＿
＿＿＿＿＿＿＿＿＿＿
＿＿＿＿＿＿＿＿＿＿
＿＿＿＿＿＿＿＿＿＿
＿＿＿＿＿＿＿＿＿＿
＿＿＿＿＿＿＿＿＿＿
＿＿＿＿＿＿＿＿＿＿
＿＿＿＿＿＿＿＿＿＿
＿＿＿＿＿＿＿＿＿＿
＿＿＿＿＿＿＿＿＿＿
＿＿＿＿＿＿＿＿＿＿
＿＿＿＿＿＿＿＿＿＿
＿＿＿＿＿■■■＿＿
□＿＿＿□■□□＿＿
□□□□□□□□＿＿
00:02:36(4694f):field(4693f)
＿＿＿＿＿＿＿＿＿＿
＿＿＿＿＿＿＿＿＿＿
＿＿＿＿＿＿＿＿＿＿
＿＿＿＿＿＿＿＿＿＿
＿＿＿＿＿＿＿＿＿＿
＿＿＿＿＿＿＿＿＿＿
＿＿＿＿＿＿＿＿＿＿
＿＿＿＿＿＿＿＿＿＿
＿＿＿＿＿＿＿＿＿＿
＿＿＿＿＿＿＿＿＿＿
＿＿＿＿＿＿＿＿＿＿
＿＿＿＿＿＿＿＿＿＿
＿＿＿＿＿＿＿＿＿＿
＿＿＿＿＿＿＿＿＿＿
＿＿＿＿＿＿＿＿＿＿
＿＿＿＿＿＿＿＿＿＿
＿＿＿＿＿＿＿＿＿＿
■■＿＿＿□□□＿＿
□■■＿□□□□＿＿
□□□□□□□□＿＿
00:02:37(4715f):field(4714f)
＿＿＿＿＿＿＿＿＿＿
＿＿＿＿＿＿＿＿＿＿
＿＿＿＿＿＿＿＿＿＿
＿＿＿＿＿＿＿＿＿＿
＿＿＿＿＿＿＿＿＿＿
＿＿＿＿＿＿＿＿＿＿
＿＿＿＿＿＿＿＿＿＿
＿＿＿＿＿＿＿＿＿＿
＿＿＿＿＿＿＿＿＿＿
＿＿＿＿＿＿＿＿＿＿
＿＿＿＿＿＿＿＿＿＿
＿＿＿＿＿＿＿＿＿＿
＿＿＿＿＿＿＿＿＿＿
＿＿＿＿＿＿＿＿＿＿
＿＿＿＿＿＿＿＿＿＿
＿＿＿＿＿＿＿＿＿＿
■■■＿＿＿＿＿＿＿
□□■＿＿□□□＿＿
□□□＿□□□□＿＿
□□□□□□□□＿＿
00:02:37(4727f):field(4726f)
＿＿＿＿＿＿＿＿＿＿
＿＿＿＿＿＿＿＿＿＿
＿＿＿＿＿＿＿＿＿＿
＿＿＿＿＿＿＿＿＿＿
＿＿＿＿＿＿＿＿＿＿
＿＿＿＿＿＿＿＿＿＿
＿＿＿＿＿＿＿＿＿＿
＿＿＿＿＿＿＿＿＿＿
＿＿＿＿＿＿＿＿＿＿
＿＿＿＿＿＿＿＿＿＿
＿＿＿＿＿＿＿＿＿＿
＿＿＿＿＿＿＿＿＿＿
＿＿＿＿＿＿＿＿＿＿
＿＿＿＿＿＿＿＿＿＿
＿＿＿＿＿＿＿＿＿＿
＿＿＿＿＿＿＿＿＿＿
□□□＿■■＿＿＿＿
□□□■■□□□＿＿
□□□＿□□□□＿＿
□□□□□□□□＿＿
00:02:38(4743f):field(4742f)
＿＿＿＿＿＿＿＿＿＿
＿＿＿＿＿＿＿＿＿＿
＿＿＿＿＿＿＿＿＿＿
＿＿＿＿＿＿＿＿＿＿
＿＿＿＿＿＿＿＿＿＿
＿＿＿＿＿＿＿＿＿＿
＿＿＿＿＿＿＿＿＿＿
＿＿＿＿＿＿＿＿＿＿
＿＿＿＿＿＿＿＿＿＿
＿＿＿＿＿＿＿＿＿＿
＿＿＿＿＿＿＿＿＿＿
＿＿＿＿＿＿＿＿＿＿
＿＿＿＿＿＿＿＿＿＿
＿＿＿＿＿＿＿＿＿＿
＿＿＿＿＿＿＿＿＿＿
＿＿＿＿＿＿＿＿＿＿
◆◆◆＿◆◆＿＿＿＿
□□□◆□□◆◆＿＿
□□□■□□□□＿＿
□□□◆□□□□■■
00:02:38(4761f):field(4760f)
＿＿＿＿＿＿＿＿＿＿
＿＿＿＿＿＿＿＿＿＿
＿＿＿＿＿＿＿＿＿＿
＿＿＿＿＿＿＿＿＿＿
＿＿＿＿＿＿＿＿＿＿
＿＿＿＿＿＿＿＿＿＿
＿＿＿＿＿＿＿＿＿＿
＿＿＿＿＿＿＿＿＿＿
＿＿＿＿＿＿＿＿＿＿
＿＿＿＿＿＿＿＿＿＿
＿＿＿＿＿＿＿＿＿＿
＿＿＿＿＿＿＿＿＿＿
＿＿＿＿＿＿＿＿＿＿
＿＿＿＿＿＿＿＿＿＿
＿＿＿＿＿＿＿＿＿＿
＿＿＿＿＿＿＿＿＿＿
＿＿＿＿＿＿＿＿■＿
◆◆◆＿◆◆■＿■＿
□□□◆□□◆◆■＿
□□□＿□□□□□□
00:02:39(4780f):field(4779f)
＿＿＿＿＿＿＿＿＿＿
＿＿＿＿＿＿＿＿＿＿
＿＿＿＿＿＿＿＿＿＿
＿＿＿＿＿＿＿＿＿＿
＿＿＿＿＿＿＿＿＿＿
＿＿＿＿＿＿＿＿＿＿
＿＿＿＿＿＿＿＿＿＿
＿＿＿＿＿＿＿＿＿＿
＿＿＿＿＿＿＿＿＿＿
＿＿＿＿＿＿＿＿＿＿
＿＿＿＿＿＿＿＿＿＿
＿＿＿＿＿＿＿＿＿＿
＿＿＿＿＿＿＿＿＿＿
＿＿＿＿＿＿＿＿＿＿
＿＿＿＿＿＿＿＿＿＿
＿＿＿＿＿＿＿＿＿＿
＿＿＿＿＿＿■＿◆＿
＿＿＿＿＿■□＿□＿
□□□＿□□■＿□＿
□□□＿□□□□□□
00:02:39(4796f):field(4795f)
＿＿＿＿＿＿＿＿＿＿
＿＿＿＿＿＿＿＿＿＿
＿＿＿＿＿＿＿＿＿＿
＿＿＿＿＿＿＿＿＿＿
＿＿＿＿＿＿＿＿＿＿
＿＿＿＿＿＿＿＿＿＿
＿＿＿＿＿＿＿＿＿＿
＿＿＿＿＿＿＿＿＿＿
＿＿＿＿＿＿＿＿＿＿
＿＿＿＿＿＿＿＿＿＿
＿＿＿＿＿＿＿＿＿＿
＿＿＿＿＿＿＿＿＿＿
＿＿＿＿＿＿＿＿＿＿
＿＿＿＿＿＿＿＿＿＿
＿＿＿＿＿＿＿＿＿＿
＿＿＿＿＿＿＿＿＿＿
＿＿＿＿＿＿◆＿＿＿
＿＿＿■＿◆□＿◆＿
□◆◆■◆□□＿□＿
□□□■□□□◆□◆
00:02:40(4807f):field(4806f)
＿＿＿＿＿＿＿＿＿＿
＿＿＿＿＿＿＿＿＿＿
＿＿＿＿＿＿＿＿＿＿
＿＿＿＿＿＿＿＿＿＿
＿＿＿＿＿＿＿＿＿＿
＿＿＿＿＿＿＿＿＿＿
＿＿＿＿＿＿＿＿＿＿
＿＿＿＿＿＿＿＿＿＿
＿＿＿＿＿＿＿＿＿＿
＿＿＿＿＿＿＿＿＿＿
＿＿＿＿＿＿＿＿＿＿
＿＿＿＿＿＿＿＿＿＿
＿＿＿＿＿＿＿＿＿＿
＿＿＿＿＿＿＿＿＿＿
＿＿＿＿＿＿＿＿＿＿
＿＿＿＿＿＿＿＿＿＿
＿＿＿＿＿■＿＿＿＿
＿＿＿□■■□＿＿＿
◆＿＿□■□□＿□＿
□□□□□□□＿□＿
00:02:40(4826f):field(4825f)
＿＿＿＿＿＿＿＿＿＿
＿＿＿＿＿＿＿＿＿＿
＿＿＿＿＿＿＿＿＿＿
＿＿＿＿＿＿＿＿＿＿
＿＿＿＿＿＿＿＿＿＿
＿＿＿＿＿＿＿＿＿＿
＿＿＿＿＿＿＿＿＿＿
＿＿＿＿＿＿＿＿＿＿
＿＿＿＿＿＿＿＿＿＿
＿＿＿＿＿＿＿＿＿＿
＿＿＿＿＿＿＿＿＿＿
＿＿＿＿＿＿＿＿＿＿
＿＿＿＿＿＿＿＿＿＿
＿＿＿＿＿＿＿＿＿＿
＿＿＿＿＿＿＿＿＿＿
＿＿＿＿＿＿＿＿＿＿
＿＿＿＿＿□＿＿＿＿
＿■■□□□□＿＿＿
＿■■□□□□＿□＿
□□□□□□□＿□＿
00:02:41(4838f):field(4837f)
＿＿＿＿＿＿＿＿＿＿
＿＿＿＿＿＿＿＿＿＿
＿＿＿＿＿＿＿＿＿＿
＿＿＿＿＿＿＿＿＿＿
＿＿＿＿＿＿＿＿＿＿
＿＿＿＿＿＿＿＿＿＿
＿＿＿＿＿＿＿＿＿＿
＿＿＿＿＿＿＿＿＿＿
＿＿＿＿＿＿＿＿＿＿
＿＿＿＿＿＿＿＿＿＿
＿＿＿＿＿＿＿＿＿＿
＿＿＿＿＿＿＿＿＿＿
＿＿＿＿＿＿＿＿＿＿
＿＿＿＿＿＿＿＿＿＿
＿＿＿＿＿＿＿＿＿＿
＿＿＿＿■■＿＿＿＿
＿＿＿■■□＿＿＿＿
＿□□□□□□＿＿＿
＿□□□□□□＿□＿
□□□□□□□＿□＿
00:02:41(4849f):field(4848f)
＿＿＿＿＿＿＿＿＿＿
＿＿＿＿＿＿＿＿＿＿
＿＿＿＿＿＿＿＿＿＿
＿＿＿＿＿＿＿＿＿＿
＿＿＿＿＿＿＿＿＿＿
＿＿＿＿＿＿＿＿＿＿
＿＿＿＿＿＿＿＿＿＿
＿＿＿＿＿＿＿＿＿＿
＿＿＿＿＿＿＿＿＿＿
＿＿＿＿＿＿＿＿＿＿
＿＿＿＿＿＿＿＿＿＿
＿＿＿＿＿＿＿＿＿＿
＿＿＿＿＿＿＿＿＿＿
＿＿＿＿＿＿＿＿＿＿
＿＿＿■■■＿＿＿＿
＿＿＿■□□＿＿＿＿
＿＿＿□□□＿＿＿＿
＿□□□□□□＿＿＿
＿□□□□□□＿□＿
□□□□□□□＿□＿
00:02:42(4863f):field(4862f)
＿＿＿＿＿＿＿＿＿＿
＿＿＿＿＿＿＿＿＿＿
＿＿＿＿＿＿＿＿＿＿
＿＿＿＿＿＿＿＿＿＿
＿＿＿＿＿＿＿＿＿＿
＿＿＿＿＿＿＿＿＿＿
＿＿＿＿＿＿＿＿＿＿
＿＿＿＿＿＿＿＿＿＿
＿＿＿＿＿＿＿＿＿＿
＿＿＿＿＿＿＿＿＿＿
＿＿＿＿＿＿＿＿＿＿
＿＿＿＿＿＿＿＿＿＿
＿＿＿＿■＿＿＿＿＿
＿＿＿■■■＿＿＿＿
＿＿＿□□□＿＿＿＿
＿＿＿□□□＿＿＿＿
＿＿＿□□□＿＿＿＿
＿□□□□□□＿＿＿
＿□□□□□□＿□＿
□□□□□□□＿□＿
00:02:42(4876f):field(4875f)
＿＿＿＿＿＿＿＿＿＿
＿＿＿＿＿＿＿＿＿＿
＿＿＿＿＿＿＿＿＿＿
＿＿＿＿＿＿＿＿＿＿
＿＿＿＿＿＿＿＿＿＿
＿＿＿＿＿＿＿＿＿＿
＿＿＿＿＿＿＿＿＿＿
＿＿＿＿＿＿＿＿＿＿
＿＿＿＿＿＿＿＿＿＿
＿＿＿＿＿＿＿＿＿＿
＿＿＿＿＿＿＿＿＿＿
＿＿＿＿＿＿＿＿＿＿
＿＿＿＿□＿＿＿＿＿
＿＿＿□□□＿＿＿＿
＿＿＿□□□＿＿＿＿
＿＿＿□□□＿＿＿＿
■■＿□□□＿＿＿＿
■□□□□□□＿＿＿
■□□□□□□＿□＿
□□□□□□□＿□＿
00:02:42(4889f):field(4888f)
＿＿＿＿＿＿＿＿＿＿
＿＿＿＿＿＿＿＿＿＿
＿＿＿＿＿＿＿＿＿＿
＿＿＿＿＿＿＿＿＿＿
＿＿＿＿＿＿＿＿＿＿
＿＿＿＿＿＿＿＿＿＿
＿＿＿＿＿＿＿＿＿＿
＿＿＿＿＿＿＿＿＿＿
＿＿＿＿＿＿＿＿＿＿
＿＿＿＿＿＿＿＿＿＿
＿＿＿＿■＿＿＿＿＿
＿＿＿■■＿＿＿＿＿
＿＿＿■□＿＿＿＿＿
＿＿＿□□□＿＿＿＿
＿＿＿□□□＿＿＿＿
＿＿＿□□□＿＿＿＿
□□＿□□□＿＿＿＿
□□□□□□□＿＿＿
□□□□□□□＿□＿
□□□□□□□＿□＿
00:02:43(4901f):field(4900f)
＿＿＿＿＿＿＿＿＿＿
＿＿＿＿＿＿＿＿＿＿
＿＿＿＿＿＿＿＿＿＿
＿＿＿＿＿＿＿＿＿＿
＿＿＿＿＿＿＿＿＿＿
＿＿＿＿＿＿＿＿＿＿
＿＿＿＿＿＿＿＿＿＿
＿＿＿＿＿＿＿＿＿＿
＿＿＿＿＿＿＿＿＿＿
＿＿＿＿＿＿＿＿＿＿
＿＿＿＿□＿＿＿＿＿
＿＿＿□□＿＿＿＿＿
＿＿＿□□＿＿＿＿＿
＿＿＿□□□＿＿＿＿
■■＿□□□＿＿＿＿
■■＿□□□＿＿＿＿
□□＿□□□＿＿＿＿
□□□□□□□＿＿＿
□□□□□□□＿□＿
□□□□□□□＿□＿
00:02:43(4914f):field(4913f)
＿＿＿＿＿＿＿＿＿＿
＿＿＿＿＿＿＿＿＿＿
＿＿＿＿＿＿＿＿＿＿
＿＿＿＿＿＿＿＿＿＿
＿＿＿＿＿＿＿＿＿＿
＿＿＿＿＿＿＿＿＿＿
＿＿＿＿＿＿＿＿＿＿
＿＿＿＿＿＿＿＿＿＿
＿＿＿＿＿＿＿＿＿＿
＿＿＿＿＿＿＿＿＿＿
＿＿＿＿□＿＿＿＿＿
＿＿＿□□＿＿＿＿＿
＿＿＿□□＿＿＿＿＿
＿＿■□□□＿＿＿＿
□□■□□□＿＿＿＿
□□■□□□＿＿＿＿
□□■□□□＿＿＿＿
□□□□□□□＿＿＿
□□□□□□□＿□＿
□□□□□□□＿□＿
00:02:44(4928f):field(4927f)
＿＿＿＿＿＿＿＿＿＿
＿＿＿＿＿＿＿＿＿＿
＿＿＿＿＿＿＿＿＿＿
＿＿＿＿＿＿＿＿＿＿
＿＿＿＿＿＿＿＿＿＿
＿＿＿＿＿＿＿＿＿＿
＿＿＿＿＿＿＿＿＿＿
＿＿＿＿＿＿＿＿＿＿
＿＿＿＿＿＿＿＿＿＿
＿＿＿＿＿＿＿＿＿＿
＿＿＿＿□＿＿＿＿＿
＿＿＿□□＿＿＿＿＿
＿■■□□＿＿＿＿＿
■■□□□□＿＿＿＿
□□□□□□＿＿＿＿
□□□□□□＿＿＿＿
□□□□□□＿＿＿＿
□□□□□□□＿＿＿
□□□□□□□＿□＿
□□□□□□□＿□＿
00:02:44(4946f):field(4945f)
＿＿＿＿＿＿＿＿＿＿
＿＿＿＿＿＿＿＿＿＿
＿＿＿＿＿＿＿＿＿＿
＿＿＿＿＿＿＿＿＿＿
＿＿＿＿＿＿＿＿＿＿
＿＿＿＿＿＿＿＿＿＿
＿＿＿＿＿＿＿＿＿＿
＿＿＿＿＿＿＿＿＿＿
＿＿＿＿＿＿＿＿＿＿
＿＿＿＿＿＿＿＿＿＿
＿＿＿＿□＿＿＿＿＿
＿＿＿□□＿＿＿＿＿
＿□□□□＿＿＿＿＿
□□□□□□＿＿＿＿
□□□□□□＿＿＿＿
□□□□□□＿＿＿＿
□□□□□□＿＿＿＿
□□□□□□□■■＿
□□□□□□□■□＿
□□□□□□□■□＿
00:02:45(4960f):field(4959f)
＿＿＿＿＿＿＿＿＿＿
＿＿＿＿＿＿＿＿＿＿
＿＿＿＿＿＿＿＿＿＿
＿＿＿＿＿＿＿＿＿＿
＿＿＿＿＿＿＿＿＿＿
＿＿＿＿＿＿＿＿＿＿
＿＿＿＿＿＿＿＿＿＿
＿＿＿＿＿＿＿＿＿＿
＿＿＿＿＿＿＿＿＿＿
＿＿＿＿＿＿＿＿＿＿
＿＿＿＿□＿＿＿＿＿
＿＿＿□□＿＿＿＿＿
＿□□□□＿＿＿＿＿
□□□□□□＿＿＿＿
□□□□□□＿＿＿＿
□□□□□□＿＿■＿
□□□□□□■■■＿
□□□□□□□□□＿
□□□□□□□□□＿
□□□□□□□□□＿
00:02:45(4972f):field(4971f)
＿＿＿＿＿＿＿＿＿＿
＿＿＿＿＿＿＿＿＿＿
＿＿＿＿＿＿＿＿＿＿
＿＿＿＿＿＿＿＿＿＿
＿＿＿＿＿＿＿＿＿＿
＿＿＿＿＿＿＿＿＿＿
＿＿＿＿＿＿＿＿＿＿
＿＿＿＿＿＿＿＿＿＿
＿＿＿＿＿＿＿＿＿＿
＿＿＿＿＿＿＿＿＿＿
＿＿＿＿□＿＿＿＿＿
＿＿＿□□＿＿＿＿＿
＿□□□□＿＿＿＿＿
□□□□□□＿＿＿＿
□□□□□□■■＿＿
□□□□□□■■□＿
□□□□□□□□□＿
□□□□□□□□□＿
□□□□□□□□□＿
□□□□□□□□□＿
00:02:46(4988f):field(4987f)
＿＿＿＿＿＿＿＿＿＿
＿＿＿＿＿＿＿＿＿＿
＿＿＿＿＿＿＿＿＿＿
＿＿＿＿＿＿＿＿＿＿
＿＿＿＿＿＿＿＿＿＿
＿＿＿＿＿＿＿＿＿＿
＿＿＿＿＿＿＿＿＿＿
＿＿＿＿＿＿＿＿＿＿
＿＿＿＿＿＿＿＿＿＿
＿＿＿＿＿＿＿＿＿＿
＿＿＿＿◆＿＿＿＿＿
＿＿＿◆◆＿＿＿＿＿
＿◆◆◆◆＿＿＿＿＿
◆◆◆◆◆◆＿＿＿＿
◆◆◆◆□◆◆◆＿＿
◆◆◆□□◆◆◆◆＿
◆□□□□◆□◆◆＿
□□□□□□◆◆◆＿
□□□□□□□□◆＿
□□□□□□□□□＿
00:02:46(5002f):field(5001f)
＿＿＿＿＿＿＿＿＿＿
＿＿＿＿＿＿＿＿＿＿
＿＿＿＿＿＿＿＿＿＿
＿＿＿＿＿＿＿＿＿＿
＿＿＿＿＿＿＿＿＿＿
＿＿＿＿＿＿＿＿＿＿
＿＿＿＿＿＿＿＿＿＿
＿＿＿＿＿＿＿＿＿＿
＿＿＿＿＿＿＿＿＿＿
＿＿＿＿＿＿＿＿＿＿
＿＿＿＿＿＿＿＿＿＿
＿＿＿＿＿＿＿＿＿＿
＿＿＿＿＿＿＿＿＿＿
＿＿＿＿＿＿＿＿＿＿
■＿＿＿□＿＿＿＿＿
■■＿□□＿＿＿＿＿
■□□□□＿◆＿＿＿
□□□□□□＿＿＿＿
□□□□□□□□＿＿
□□□□□□□□□＿
00:02:47(5016f):field(5015f)
＿＿＿＿＿＿＿＿＿＿
＿＿＿＿＿＿＿＿＿＿
＿＿＿＿＿＿＿＿＿＿
＿＿＿＿＿＿＿＿＿＿
＿＿＿＿＿＿＿＿＿＿
＿＿＿＿＿＿＿＿＿＿
＿＿＿＿＿＿＿＿＿＿
＿＿＿＿＿＿＿＿＿＿
＿＿＿＿＿＿＿＿＿＿
＿＿＿＿＿＿＿＿＿＿
＿＿＿＿＿＿＿＿＿＿
＿＿＿＿＿＿＿＿＿＿
＿＿＿＿＿＿＿＿＿＿
＿＿＿＿＿＿＿＿＿＿
□＿＿＿□＿＿＿＿＿
□□＿□□＿＿＿＿＿
□□□□□＿＿＿＿＿
□□□□□□■■■＿
□□□□□□□□■＿
□□□□□□□□□＿
00:02:47(5029f):field(5028f)
＿＿＿＿＿＿＿＿＿＿
＿＿＿＿＿＿＿＿＿＿
＿＿＿＿＿＿＿＿＿＿
＿＿＿＿＿＿＿＿＿＿
＿＿＿＿＿＿＿＿＿＿
＿＿＿＿＿＿＿＿＿＿
＿＿＿＿＿＿＿＿＿＿
＿＿＿＿＿＿＿＿＿＿
＿＿＿＿＿＿＿＿＿＿
＿＿＿＿＿＿＿＿＿＿
＿＿＿＿＿＿＿＿＿＿
＿＿＿＿＿＿＿＿＿＿
＿＿＿＿＿＿＿＿＿＿
＿＿＿＿＿＿＿＿＿＿
□＿＿＿□■＿＿＿＿
□□＿□□■＿＿＿＿
□□□□□■■＿＿＿
□□□□□□□□□＿
□□□□□□□□□＿
□□□□□□□□□＿
00:02:48(5042f):field(5041f)
＿＿＿＿＿＿＿＿＿＿
＿＿＿＿＿＿＿＿＿＿
＿＿＿＿＿＿＿＿＿＿
＿＿＿＿＿＿＿＿＿＿
＿＿＿＿＿＿＿＿＿＿
＿＿＿＿＿＿＿＿＿＿
＿＿＿＿＿＿＿＿＿＿
＿＿＿＿＿＿＿＿＿＿
＿＿＿＿＿＿＿＿＿＿
＿＿＿＿＿＿＿＿＿＿
＿＿＿＿＿＿＿＿＿＿
＿＿＿＿＿＿＿＿＿＿
＿＿＿＿＿＿＿＿＿＿
＿＿＿＿＿＿＿＿＿＿
□＿＿＿□□＿＿＿＿
□□＿□□□＿■■＿
□□□□□□□■■＿
□□□□□□□□□＿
□□□□□□□□□＿
□□□□□□□□□＿
00:02:48(5054f):field(5053f)
＿＿＿＿＿＿＿＿＿＿
＿＿＿＿＿＿＿＿＿＿
＿＿＿＿＿＿＿＿＿＿
＿＿＿＿＿＿＿＿＿＿
＿＿＿＿＿＿＿＿＿＿
＿＿＿＿＿＿＿＿＿＿
＿＿＿＿＿＿＿＿＿＿
＿＿＿＿＿＿＿＿＿＿
＿＿＿＿＿＿＿＿＿＿
＿＿＿＿＿＿＿＿＿＿
＿＿＿＿＿＿＿＿＿＿
＿＿＿＿＿＿＿＿＿＿
＿＿＿＿＿＿■＿＿＿
＿＿＿＿＿＿■＿＿＿
□＿＿＿□□■＿＿＿
□□＿□□□■□□＿
□□□□□□□□□＿
□□□□□□□□□＿
□□□□□□□□□＿
□□□□□□□□□＿
00:02:48(5066f):field(5065f)
＿＿＿＿＿＿＿＿＿＿
＿＿＿＿＿＿＿＿＿＿
＿＿＿＿＿＿＿＿＿＿
＿＿＿＿＿＿＿＿＿＿
＿＿＿＿＿＿＿＿＿＿
＿＿＿＿＿＿＿＿＿＿
＿＿＿＿＿＿＿＿＿＿
＿＿＿＿＿＿＿＿＿＿
＿＿＿＿＿＿＿＿＿＿
＿＿＿＿＿＿＿＿＿＿
＿＿＿＿＿＿＿＿＿＿
＿＿＿＿＿＿＿＿＿＿
＿＿＿＿＿＿□＿＿＿
＿■＿＿＿＿□＿＿＿
□■■＿□□□＿＿＿
□□■□□□□□□＿
□□□□□□□□□＿
□□□□□□□□□＿
□□□□□□□□□＿
□□□□□□□□□＿
00:02:49(5084f):field(5083f)
＿＿＿＿＿＿＿＿＿＿
＿＿＿＿＿＿＿＿＿＿
＿＿＿＿＿＿＿＿＿＿
＿＿＿＿＿＿＿＿＿＿
＿＿＿＿＿＿＿＿＿＿
＿＿＿＿＿＿＿＿＿＿
＿＿＿＿＿＿＿＿＿＿
＿＿＿＿＿＿＿＿＿＿
＿＿＿＿＿＿＿＿＿＿
＿＿＿＿＿＿＿＿＿＿
＿＿＿＿＿＿＿＿＿＿
＿＿＿＿＿■＿＿＿＿
＿＿＿＿＿■□＿＿＿
＿□＿＿■■□＿＿＿
□□□＿□□□＿＿＿
□□□□□□□□□＿
□□□□□□□□□＿
□□□□□□□□□＿
□□□□□□□□□＿
□□□□□□□□□＿
00:02:50(5101f):field(5100f)
＿＿＿＿＿＿＿＿＿＿
＿＿＿＿＿＿＿＿＿＿
＿＿＿＿＿＿＿＿＿＿
＿＿＿＿＿＿＿＿＿＿
＿＿＿＿＿＿＿＿＿＿
＿＿＿＿＿＿＿＿＿＿
＿＿＿＿＿＿＿＿＿＿
＿＿＿＿＿＿＿＿＿＿
＿＿＿＿＿＿＿＿＿＿
＿＿＿＿＿＿＿＿＿＿
＿＿＿＿＿＿＿＿＿＿
＿＿＿＿■□＿＿＿＿
＿＿＿■■□□＿＿＿
＿□＿■□□□＿＿＿
□□□＿□□□＿＿＿
□□□□□□□□□＿
□□□□□□□□□＿
□□□□□□□□□＿
□□□□□□□□□＿
□□□□□□□□□＿
00:02:50(5114f):field(5113f)
＿＿＿＿＿＿＿＿＿＿
＿＿＿＿＿＿＿＿＿＿
＿＿＿＿＿＿＿＿＿＿
＿＿＿＿＿＿＿＿＿＿
＿＿＿＿＿＿＿＿＿＿
＿＿＿＿＿＿＿＿＿＿
＿＿＿＿＿＿＿＿＿＿
＿＿＿＿＿＿＿＿＿＿
＿＿＿＿＿＿＿＿＿＿
＿＿＿＿＿＿＿＿＿＿
＿＿＿＿＿＿＿＿＿＿
＿■＿＿□□＿＿＿＿
＿■■□□□□＿＿＿
＿□■□□□□＿＿＿
□□□＿□□□＿＿＿
□□□□□□□□□＿
□□□□□□□□□＿
□□□□□□□□□＿
□□□□□□□□□＿
□□□□□□□□□＿
00:02:50(5129f):field(5128f)
＿＿＿＿＿＿＿＿＿＿
＿＿＿＿＿＿＿＿＿＿
＿＿＿＿＿＿＿＿＿＿
＿＿＿＿＿＿＿＿＿＿
＿＿＿＿＿＿＿＿＿＿
＿＿＿＿＿＿＿＿＿＿
＿＿＿＿＿＿＿＿＿＿
＿＿＿＿＿＿＿＿＿＿
＿＿＿＿＿＿＿＿＿＿
＿＿＿＿＿＿＿＿＿＿
＿＿＿＿＿＿＿＿＿＿
＿◆＿＿◆◆＿＿＿＿
＿◆◆◆◆◆◆＿＿＿
＿◆◆◆◆◆◆＿＿＿
◆◆◆＿◆◆◆＿＿＿
◆□◆◆□□◆◆◆＿
□□□□□□□◆◆＿
◆□□□□□□□◆＿
□□□◆□□□◆◆＿
□□□□□□□□□■
00:02:51(5143f):field(5142f)
＿＿＿＿＿＿＿＿＿＿
＿＿＿＿＿＿＿＿＿＿
＿＿＿＿＿＿＿＿＿＿
＿＿＿＿＿＿＿＿＿＿
＿＿＿＿＿＿＿＿＿＿
＿＿＿＿＿＿＿＿＿＿
＿＿＿＿＿＿＿＿＿＿
＿＿＿＿＿＿＿＿＿＿
＿＿＿＿＿＿＿＿＿＿
＿＿＿＿＿＿＿＿＿＿
＿＿＿＿＿＿＿＿＿＿
＿＿＿＿＿＿＿＿＿＿
＿＿＿＿＿＿＿＿＿＿
＿＿＿＿＿＿＿＿＿＿
＿＿＿＿＿＿＿＿＿＿
＿□＿＿□□＿＿＿＿
◆□□□□□□＿＿＿
＿□□□□□□□■■
□□□＿□□□＿■＿
□□□□□□□□□◆
00:02:52(5160f):field(5159f)
＿＿＿＿＿＿＿＿＿＿
＿＿＿＿＿＿＿＿＿＿
＿＿＿＿＿＿＿＿＿＿
＿＿＿＿＿＿＿＿＿＿
＿＿＿＿＿＿＿＿＿＿
＿＿＿＿＿＿＿＿＿＿
＿＿＿＿＿＿＿＿＿＿
＿＿＿＿＿＿＿＿＿＿
＿＿＿＿＿＿＿＿＿＿
＿＿＿＿＿＿＿＿＿＿
＿＿＿＿＿＿＿＿＿＿
＿＿＿＿＿＿＿＿＿＿
＿＿＿＿＿＿＿＿＿＿
＿＿＿＿＿＿＿＿＿＿
＿＿＿＿＿＿＿＿＿＿
＿□＿＿□□＿＿＿■
＿□□□□□□■■■
＿□□□□□□□□□
□□□＿□□□＿□＿
□□□□□□□□□＿
00:02:52(5178f):field(5177f)
＿＿＿＿＿＿＿＿＿＿
＿＿＿＿＿＿＿＿＿＿
＿＿＿＿＿＿＿＿＿＿
＿＿＿＿＿＿＿＿＿＿
＿＿＿＿＿＿＿＿＿＿
＿＿＿＿＿＿＿＿＿＿
＿＿＿＿＿＿＿＿＿＿
＿＿＿＿＿＿＿＿＿＿
＿＿＿＿＿＿＿＿＿＿
＿＿＿＿＿＿＿＿＿＿
＿＿＿＿＿＿＿＿＿＿
＿＿＿＿＿＿＿＿＿＿
＿＿＿＿＿＿＿＿＿＿
＿＿＿＿＿＿＿＿＿＿
＿＿＿＿＿■■＿＿＿
＿□＿＿□□■■＿□
＿□□□□□□□□□
＿□□□□□□□□□
□□□＿□□□＿□＿
□□□□□□□□□＿
00:02:53(5191f):field(5190f)
＿＿＿＿＿＿＿＿＿＿
＿＿＿＿＿＿＿＿＿＿
＿＿＿＿＿＿＿＿＿＿
＿＿＿＿＿＿＿＿＿＿
＿＿＿＿＿＿＿＿＿＿
＿＿＿＿＿＿＿＿＿＿
＿＿＿＿＿＿＿＿＿＿
＿＿＿＿＿＿＿＿＿＿
＿＿＿＿＿＿＿＿＿＿
＿＿＿＿＿＿＿＿＿＿
＿＿＿＿＿＿＿＿＿＿
＿＿＿＿＿＿＿＿＿＿
＿＿＿＿＿＿＿＿＿＿
＿＿＿■＿＿＿＿＿＿
＿＿＿■＿□□＿＿＿
＿□■■□□□□＿□
＿□□□□□□□□□
＿□□□□□□□□□
□□□＿□□□＿□＿
□□□□□□□□□＿
00:02:53(5202f):field(5201f)
＿＿＿＿＿＿＿＿＿＿
＿＿＿＿＿＿＿＿＿＿
＿＿＿＿＿＿＿＿＿＿
＿＿＿＿＿＿＿＿＿＿
＿＿＿＿＿＿＿＿＿＿
＿＿＿＿＿＿＿＿＿＿
＿＿＿＿＿＿＿＿＿＿
＿＿＿＿＿＿＿＿＿＿
＿＿＿＿＿＿＿＿＿＿
＿＿＿＿＿＿＿＿＿＿
＿＿＿＿＿＿＿＿＿＿
＿＿＿＿＿＿＿＿＿＿
＿＿＿＿＿■■＿＿＿
＿＿＿□＿■■＿＿＿
＿＿＿□＿□□＿＿＿
＿□□□□□□□＿□
＿□□□□□□□□□
＿□□□□□□□□□
□□□＿□□□＿□＿
□□□□□□□□□＿
00:02:54(5227f):field(5226f)
＿＿＿＿＿＿＿＿＿＿
＿＿＿＿＿＿＿＿＿＿
＿＿＿＿＿＿＿＿＿＿
＿＿＿＿＿＿＿＿＿＿
＿＿＿＿＿＿＿＿＿＿
＿＿＿＿＿＿＿＿＿＿
＿＿＿＿＿＿＿＿＿＿
＿＿＿＿＿＿＿＿＿＿
＿＿＿＿＿＿＿＿＿＿
＿＿＿＿＿＿＿＿＿＿
＿＿＿＿＿＿＿＿＿＿
＿＿＿＿＿＿＿＿＿＿
＿■＿＿＿□□＿＿＿
■■＿□＿□□＿＿＿
＿■＿□＿□□＿＿＿
＿□□□□□□□＿□
＿□□□□□□□□□
＿□□□□□□□□□
□□□＿□□□＿□＿
□□□□□□□□□＿
00:02:54(5243f):field(5242f)
＿＿＿＿＿＿＿＿＿＿
＿＿＿＿＿＿＿＿＿＿
＿＿＿＿＿＿＿＿＿＿
＿＿＿＿＿＿＿＿＿＿
＿＿＿＿＿＿＿＿＿＿
＿＿＿＿＿＿＿＿＿＿
＿＿＿＿＿＿＿＿＿＿
＿＿＿＿＿＿＿＿＿＿
＿＿＿＿＿＿＿＿＿＿
＿＿＿＿＿＿＿＿＿＿
＿＿＿＿＿＿＿＿＿＿
＿＿＿■＿＿＿＿＿＿
＿□＿■■□□＿＿＿
□□＿□■□□＿＿＿
＿□＿□＿□□＿＿＿
＿□□□□□□□＿□
＿□□□□□□□□□
＿□□□□□□□□□
□□□＿□□□＿□＿
□□□□□□□□□＿
00:02:55(5254f):field(5253f)
＿＿＿＿＿＿＿＿＿＿
＿＿＿＿＿＿＿＿＿＿
＿＿＿＿＿＿＿＿＿＿
＿＿＿＿＿＿＿＿＿＿
＿＿＿＿＿＿＿＿＿＿
＿＿＿＿＿＿＿＿＿＿
＿＿＿＿＿＿＿＿＿＿
＿＿＿＿＿＿＿＿＿＿
＿＿＿＿＿＿＿＿＿＿
＿＿＿＿＿＿＿＿＿＿
＿＿＿＿■■＿＿＿＿
＿＿＿□■■＿＿＿＿
＿□＿□□□□＿＿＿
□□＿□□□□＿＿＿
＿□＿□＿□□＿＿＿
＿□□□□□□□＿□
＿□□□□□□□□□
＿□□□□□□□□□
□□□＿□□□＿□＿
□□□□□□□□□＿
00:02:55(5270f):field(5269f)
＿＿＿＿＿＿＿＿＿＿
＿＿＿＿＿＿＿＿＿＿
＿＿＿＿＿＿＿＿＿＿
＿＿＿＿＿＿＿＿＿＿
＿＿＿＿＿＿＿＿＿＿
＿＿＿＿＿＿＿＿＿＿
＿＿＿＿＿＿＿＿＿＿
＿＿＿＿＿＿＿＿＿＿
＿＿＿＿＿＿＿＿＿＿
＿＿＿＿＿＿＿＿＿＿
＿＿＿＿□□＿＿＿＿
＿＿■□□□＿＿＿＿
＿□■□□□□＿＿＿
□□■□□□□＿＿＿
＿□■□＿□□＿＿＿
＿□□□□□□□＿□
＿□□□□□□□□□
＿□□□□□□□□□
□□□＿□□□＿□＿
□□□□□□□□□＿
00:02:56(5283f):field(5282f)
＿＿＿＿＿＿＿＿＿＿
＿＿＿＿＿＿＿＿＿＿
＿＿＿＿＿＿＿＿＿＿
＿＿＿＿＿＿＿＿＿＿
＿＿＿＿＿＿＿＿＿＿
＿＿＿＿＿＿＿＿＿＿
＿＿＿＿＿＿＿＿＿＿
＿＿＿＿＿＿＿＿＿＿
＿＿＿＿＿＿＿＿＿＿
＿＿＿＿＿＿＿＿＿＿
＿＿＿＿□□＿＿＿＿
＿＿□□□□＿＿＿＿
＿□□□□□□＿＿＿
□□□□□□□＿■■
＿□□□＿□□＿■＿
＿□□□□□□□■□
＿□□□□□□□□□
＿□□□□□□□□□
□□□＿□□□＿□＿
□□□□□□□□□＿
00:02:56(5302f):field(5301f)
＿＿＿＿＿＿＿＿＿＿
＿＿＿＿＿＿＿＿＿＿
＿＿＿＿＿＿＿＿＿＿
＿＿＿＿＿＿＿＿＿＿
＿＿＿＿＿＿＿＿＿＿
＿＿＿＿＿＿＿＿＿＿
＿＿＿＿＿＿＿＿＿＿
＿＿＿＿＿＿＿＿＿＿
＿＿＿＿＿＿＿＿＿＿
＿＿＿＿＿＿＿＿＿＿
＿＿＿＿◆◆＿＿＿＿
＿＿◆◆□□＿＿＿■
＿◆□□□□◆＿＿＿
◆□□□□□□■□□
＿□□□＿□□＿□＿
＿□□□□□□□□□
＿□□□□□□□□□
＿□□□□□□□□□
□□□＿□□□＿□＿
□□□□□□□□□＿
00:02:57(5316f):field(5315f)
＿＿＿＿＿＿＿＿＿＿
＿＿＿＿＿＿＿＿＿＿
＿＿＿＿＿＿＿＿＿＿
＿＿＿＿＿＿＿＿＿＿
＿＿＿＿＿＿＿＿＿＿
＿＿＿＿＿＿＿＿＿＿
＿＿＿＿＿＿＿＿＿＿
＿＿＿＿＿＿＿＿＿＿
＿＿＿＿＿＿＿＿＿＿
＿＿＿＿＿＿＿＿＿＿
＿＿＿■■＿＿＿＿＿
＿＿■■□□＿＿＿◆
＿＿□□□□＿＿＿＿
＿□□□□□□□□□
＿□□□＿□□＿□＿
＿□□□□□□□□□
＿□□□□□□□□□
＿□□□□□□□□□
□□□＿□□□＿□＿
□□□□□□□□□＿
00:02:57(5329f):field(5328f)
＿＿＿＿＿＿＿＿＿＿
＿＿＿＿＿＿＿＿＿＿
＿＿＿＿＿＿＿＿＿＿
＿＿＿＿＿＿＿＿＿＿
＿＿＿＿＿＿＿＿＿＿
＿＿＿＿＿＿＿＿＿＿
＿＿＿＿＿＿＿＿＿＿
＿＿＿＿＿＿＿＿＿＿
＿＿＿＿＿＿＿＿＿＿
＿＿＿＿＿＿＿＿＿＿
＿＿＿□□＿＿＿＿＿
＿＿□□□□■■＿＿
＿＿□□□□■■＿＿
＿□□□□□□□□□
＿□□□＿□□＿□＿
＿□□□□□□□□□
＿□□□□□□□□□
＿□□□□□□□□□
□□□＿□□□＿□＿
□□□□□□□□□＿
00:02:58(5348f):field(5347f)
＿＿＿＿＿＿＿＿＿＿
＿＿＿＿＿＿＿＿＿＿
＿＿＿＿＿＿＿＿＿＿
＿＿＿＿＿＿＿＿＿＿
＿＿＿＿＿＿＿＿＿＿
＿＿＿＿＿＿＿＿＿＿
＿＿＿＿＿＿＿＿＿＿
＿＿＿＿＿＿＿＿＿＿
＿＿＿＿＿＿＿＿＿＿
＿＿＿＿＿＿＿＿＿＿
＿＿＿◆◆＿＿＿＿＿
＿＿◆□□◆◆◆＿■
■＿□□□□□□＿＿
■□□□□□□□◆◆
＿□□□＿□□＿□＿
＿□□□□□□□□□
＿□□□□□□□□□
＿□□□□□□□□□
□□□＿□□□＿□＿
□□□□□□□□□＿
00:02:58(5361f):field(5360f)
＿＿＿＿＿＿＿＿＿＿
＿＿＿＿＿＿＿＿＿＿
＿＿＿＿＿＿＿＿＿＿
＿＿＿＿＿＿＿＿＿＿
＿＿＿＿＿＿＿＿＿＿
＿＿＿＿＿＿＿＿＿＿
＿＿＿＿＿＿＿＿＿＿
＿＿＿＿＿＿＿＿＿＿
＿＿＿＿＿＿＿＿＿＿
＿＿＿＿＿＿＿＿＿＿
＿＿＿＿■■＿＿＿＿
＿＿＿□□■■＿＿◆
□＿□□□□□□＿＿
□□□□□□□□＿＿
＿□□□＿□□＿□＿
＿□□□□□□□□□
＿□□□□□□□□□
＿□□□□□□□□□
□□□＿□□□＿□＿
□□□□□□□□□＿
00:02:59(5377f):field(5376f)
＿＿＿＿＿＿＿＿＿＿
＿＿＿＿＿＿＿＿＿＿
＿＿＿＿＿＿＿＿＿＿
＿＿＿＿＿＿＿＿＿＿
＿＿＿＿＿＿＿＿＿＿
＿＿＿＿＿＿＿＿＿＿
＿＿＿＿＿＿＿＿＿＿
＿＿＿＿＿＿＿＿＿＿
＿＿＿＿＿＿＿＿＿＿
＿＿＿＿＿＿＿＿＿＿
■＿＿＿□□＿＿＿＿
■■＿□□□□＿＿＿
□■□□□□□□＿＿
□□□□□□□□＿＿
＿□□□＿□□＿□＿
＿□□□□□□□□□
＿□□□□□□□□□
＿□□□□□□□□□
□□□＿□□□＿□＿
□□□□□□□□□＿
00:03:00(5400f):field(5399f)
＿＿＿＿＿＿＿＿＿＿
＿＿＿＿＿＿＿＿＿＿
＿＿＿＿＿＿＿＿＿＿
＿＿＿＿＿＿＿＿＿＿
＿＿＿＿＿＿＿＿＿＿
＿＿＿＿＿＿＿＿＿＿
＿＿＿＿＿＿＿＿＿＿
＿＿＿＿＿＿＿＿＿＿
＿＿＿＿＿＿＿＿＿＿
＿＿＿＿＿＿＿＿＿＿
◆＿＿＿◆◆＿＿＿＿
□◆＿◆□□◆＿＿＿
□□◆□□□□◆＿＿
□□□□□□□□＿■
■□□□＿□□＿□■
＿□□□□□□□□□
■□□□□□□□□□
＿□□□□□□□□□
□□□＿□□□＿□＿
□□□□□□□□□＿
00:03:00(5416f):field(5415f)
＿＿＿＿＿＿＿＿＿＿
＿＿＿＿＿＿＿＿＿＿
＿＿＿＿＿＿＿＿＿＿
＿＿＿＿＿＿＿＿＿＿
＿＿＿＿＿＿＿＿＿＿
＿＿＿＿＿＿＿＿＿＿
＿＿＿＿＿＿＿＿＿＿
＿＿＿＿＿＿＿＿＿＿
＿＿＿＿＿＿＿＿＿＿
＿＿＿＿＿＿＿＿＿＿
＿＿＿＿＿＿＿＿＿＿
◆＿＿＿◆◆＿＿■＿
□◆■◆□□◆＿■＿
□□◆□□□□◆■◆
◆□□□＿□□＿□□
＿□□□□□□□□□
◆□□□□□□□□□
＿□□□□□□□□□
□□□＿□□□■□＿
□□□□□□□□□＿
00:03:00(5428f):field(5427f)
＿＿＿＿＿＿＿＿＿＿
＿＿＿＿＿＿＿＿＿＿
＿＿＿＿＿＿＿＿＿＿
＿＿＿＿＿＿＿＿＿＿
＿＿＿＿＿＿＿＿＿＿
＿＿＿＿＿＿＿＿＿＿
＿＿＿＿＿＿＿＿＿＿
＿＿＿＿＿＿＿＿＿＿
＿＿＿＿＿＿＿＿＿＿
＿＿＿＿＿＿＿＿＿＿
＿＿＿＿■■＿＿＿＿
＿＿＿＿■■＿＿□＿
□＿◆＿□□＿＿□＿
□□＿□□□□＿□＿
＿□□□＿□□＿□□
＿□□□□□□□□□
＿□□□□□□□□□
＿□□□□□□□□□
□□□＿□□□◆□＿
□□□□□□□□□＿
00:03:01(5444f):field(5443f)
＿＿＿＿＿＿＿＿＿＿
＿＿＿＿＿＿＿＿＿＿
＿＿＿＿＿＿＿＿＿＿
＿＿＿＿＿＿＿＿＿＿
＿＿＿＿＿＿＿＿＿＿
＿＿＿＿＿＿＿＿＿＿
＿＿＿＿＿＿＿＿＿＿
＿＿＿＿＿＿＿＿＿＿
＿＿＿＿＿＿＿＿＿＿
＿＿＿＿＿＿＿＿＿＿
＿＿＿＿□□＿＿＿＿
＿＿＿＿□□＿＿□＿
□■■■□□＿＿□＿
□□■□□□□＿□＿
＿□□□＿□□＿□□
＿□□□□□□□□□
＿□□□□□□□□□
＿□□□□□□□□□
□□□＿□□□＿□＿
□□□□□□□□□＿
00:03:01(5456f):field(5455f)
＿＿＿＿＿＿＿＿＿＿
＿＿＿＿＿＿＿＿＿＿
＿＿＿＿＿＿＿＿＿＿
＿＿＿＿＿＿＿＿＿＿
＿＿＿＿＿＿＿＿＿＿
＿＿＿＿＿＿＿＿＿＿
＿＿＿＿＿＿＿＿＿＿
＿＿＿＿＿＿＿＿＿＿
＿＿＿＿■＿＿＿＿＿
＿＿＿■■＿＿＿＿＿
＿＿＿■□□＿＿＿＿
＿＿＿＿□□＿＿□＿
□□□□□□＿＿□＿
□□□□□□□＿□＿
＿□□□＿□□＿□□
＿□□□□□□□□□
＿□□□□□□□□□
＿□□□□□□□□□
□□□＿□□□＿□＿
□□□□□□□□□＿
00:03:02(5475f):field(5474f)
＿＿＿＿＿＿＿＿＿＿
＿＿＿＿＿＿＿＿＿＿
＿＿＿＿＿＿＿＿＿＿
＿＿＿＿＿＿＿＿＿＿
＿＿＿＿＿＿＿＿＿＿
＿＿＿＿＿＿＿＿＿＿
＿＿＿＿＿＿＿＿＿＿
＿＿＿＿＿＿＿＿＿＿
＿＿＿＿□＿＿＿＿＿
＿＿＿□□＿＿＿＿＿
＿＿＿□□□＿＿＿＿
＿＿＿＿□□■＿□＿
□□□□□□■■□＿
□□□□□□□■□＿
＿□□□＿□□＿□□
＿□□□□□□□□□
＿□□□□□□□□□
＿□□□□□□□□□
□□□＿□□□＿□＿
□□□□□□□□□＿
00:03:02(5489f):field(5488f)
＿＿＿＿＿＿＿＿＿＿
＿＿＿＿＿＿＿＿＿＿
＿＿＿＿＿＿＿＿＿＿
＿＿＿＿＿＿＿＿＿＿
＿＿＿＿＿＿＿＿＿＿
＿＿＿＿＿＿＿＿＿＿
＿＿＿＿＿＿＿＿＿＿
＿＿＿＿＿＿＿＿＿＿
■＿＿＿□＿＿＿＿＿
■＿＿□□＿＿＿＿＿
■＿＿□□□＿＿＿＿
■＿＿＿□□□＿□＿
□□□□□□□□□＿
□□□□□□□□□＿
＿□□□＿□□＿□□
＿□□□□□□□□□
＿□□□□□□□□□
＿□□□□□□□□□
□□□＿□□□＿□＿
□□□□□□□□□＿
00:03:03(5502f):field(5501f)
＿＿＿＿＿＿＿＿＿＿
＿＿＿＿＿＿＿＿＿＿
＿＿＿＿＿＿＿＿＿＿
＿＿＿＿＿＿＿＿＿＿
＿＿＿＿＿＿＿＿＿＿
＿＿＿＿＿＿＿＿＿＿
＿＿＿＿＿＿＿＿＿＿
＿＿＿＿＿＿＿＿＿＿
□＿＿＿□＿＿＿＿＿
□＿＿□□＿＿＿＿＿
□■＿□□□＿＿＿＿
□■■■□□□＿□＿
□□□□□□□□□＿
□□□□□□□□□＿
＿□□□＿□□＿□□
＿□□□□□□□□□
＿□□□□□□□□□
＿□□□□□□□□□
□□□＿□□□＿□＿
□□□□□□□□□＿
00:03:03(5516f):field(5515f)
＿＿＿＿＿＿＿＿＿＿
＿＿＿＿＿＿＿＿＿＿
＿＿＿＿＿＿＿＿＿＿
＿＿＿＿＿＿＿＿＿＿
＿＿＿＿＿＿＿＿＿＿
＿＿＿＿＿＿＿＿＿＿
＿＿＿＿＿＿＿＿＿＿
＿＿＿＿＿＿＿＿＿＿
□＿＿＿□■■＿＿＿
□＿＿□□■■＿＿＿
□□＿□□□＿＿＿＿
□□□□□□□＿□＿
□□□□□□□□□＿
□□□□□□□□□＿
＿□□□＿□□＿□□
＿□□□□□□□□□
＿□□□□□□□□□
＿□□□□□□□□□
□□□＿□□□＿□＿
□□□□□□□□□＿
00:03:04(5529f):field(5528f)
＿＿＿＿＿＿＿＿＿＿
＿＿＿＿＿＿＿＿＿＿
＿＿＿＿＿＿＿＿＿＿
＿＿＿＿＿＿＿＿＿＿
＿＿＿＿＿＿＿＿＿＿
＿＿＿＿＿＿＿＿＿＿
＿＿＿＿■＿＿＿＿＿
＿＿＿■■＿＿＿＿＿
□＿＿■□□□＿＿＿
□＿＿□□□□＿＿＿
□□＿□□□＿＿＿＿
□□□□□□□＿□＿
□□□□□□□□□＿
□□□□□□□□□＿
＿□□□＿□□＿□□
＿□□□□□□□□□
＿□□□□□□□□□
＿□□□□□□□□□
□□□＿□□□＿□＿
□□□□□□□□□＿
00:03:04(5546f):field(5545f)
＿＿＿＿＿＿＿＿＿＿
＿＿＿＿＿＿＿＿＿＿
＿＿＿＿＿＿＿＿＿＿
＿＿＿＿＿＿＿＿＿＿
＿＿＿＿＿＿＿＿＿＿
＿＿＿＿＿■＿＿＿＿
＿＿＿＿□■＿＿＿＿
＿＿＿□□■■＿＿＿
□＿＿□□□□＿＿＿
□＿＿□□□□＿＿＿
□□＿□□□＿＿＿＿
□□□□□□□＿□＿
□□□□□□□□□＿
□□□□□□□□□＿
＿□□□＿□□＿□□
＿□□□□□□□□□
＿□□□□□□□□□
＿□□□□□□□□□
□□□＿□□□＿□＿
□□□□□□□□□＿
00:03:05(5561f):field(5560f)
＿＿＿＿＿＿＿＿＿＿
＿＿＿＿＿＿＿＿＿＿
＿＿＿＿＿＿＿＿＿＿
＿＿＿＿＿＿＿＿＿＿
＿＿＿＿＿＿＿＿＿＿
＿＿＿＿＿□＿＿＿＿
＿＿＿＿□□＿＿＿＿
＿＿＿□□□□＿＿＿
□■＿□□□□＿＿＿
□■■□□□□＿＿＿
□□■□□□＿＿＿＿
□□□□□□□＿□＿
□□□□□□□□□＿
□□□□□□□□□＿
＿□□□＿□□＿□□
＿□□□□□□□□□
＿□□□□□□□□□
＿□□□□□□□□□
□□□＿□□□＿□＿
□□□□□□□□□＿
00:03:06(5586f):field(5585f)
＿＿＿＿＿＿＿＿＿＿
＿＿＿＿＿＿＿＿＿＿
＿＿＿＿＿＿＿＿＿＿
＿＿＿＿＿＿＿＿＿＿
＿＿＿＿＿＿＿＿＿＿
＿＿＿＿＿◆＿＿＿＿
＿＿＿＿◆◆＿＿＿＿
＿＿＿◆◆□◆＿＿＿
◆◆＿◆□□◆＿＿＿
◆◆◆□□□□＿＿＿
□□◆□□□■＿■＿
□□□□□□□＿◆＿
□□□□□□◆◆◆■
□□□□□□□□□■
＿□□□＿□□＿□□
■□□□□□□□□□
＿□□□□□□□□□
＿□□□□□□□□□
□□□＿□□□＿□＿
□□□□□□□□□＿
00:03:06(5600f):field(5599f)
＿＿＿＿＿＿＿＿＿＿
＿＿＿＿＿＿＿＿＿＿
＿＿＿＿＿＿＿＿＿＿
＿＿＿＿＿＿＿＿＿＿
＿＿＿＿＿＿＿＿＿＿
＿＿＿＿＿＿＿＿＿＿
＿＿＿■＿＿＿＿＿＿
＿＿＿■■□＿＿＿＿
＿＿＿■□□＿＿＿＿
＿＿＿□□□□＿＿＿
□□＿□□□□＿◆＿
□□□□□□□＿＿＿
□□□□□□＿＿＿□
□□□□□□□◆□□
＿□□□＿□□＿□□
◆□□□□□□□□□
＿□□□□□□□□□
＿□□□□□□□□□
□□□＿□□□＿□＿
□□□□□□□□□＿
00:03:07(5612f):field(5611f)
＿＿＿＿＿＿＿＿＿＿
＿＿＿＿＿＿＿＿＿＿
＿＿＿＿＿＿＿＿＿＿
＿＿＿＿＿＿＿＿＿＿
＿＿＿＿＿＿＿＿＿＿
＿＿＿■■＿＿＿＿＿
＿＿＿□■■＿＿＿＿
＿＿＿□□□＿＿＿＿
＿＿＿□□□＿＿＿＿
＿＿＿□□□□＿＿＿
□□＿□□□□＿＿＿
□□□□□□□＿＿＿
□□□□□□＿＿＿□
□□□□□□□＿□□
＿□□□＿□□＿□□
＿□□□□□□□□□
＿□□□□□□□□□
＿□□□□□□□□□
□□□＿□□□＿□＿
□□□□□□□□□＿
00:03:07(5628f):field(5627f)
＿＿＿＿＿＿＿＿＿＿
＿＿＿＿＿＿＿＿＿＿
＿＿＿＿＿＿＿＿＿＿
＿＿＿＿＿＿＿＿＿＿
＿＿＿＿＿＿＿＿＿＿
＿＿＿□□＿＿＿＿＿
＿＿＿□□□＿＿＿＿
＿＿＿□□□＿＿＿＿
＿＿＿□□□＿＿＿＿
■■■□□□□＿＿＿
□□■□□□□＿＿＿
□□□□□□□＿＿＿
□□□□□□＿＿＿□
□□□□□□□＿□□
＿□□□＿□□＿□□
＿□□□□□□□□□
＿□□□□□□□□□
＿□□□□□□□□□
□□□＿□□□＿□＿
□□□□□□□□□＿
00:03:08(5648f):field(5647f)
＿＿＿＿＿＿＿＿＿＿
＿＿＿＿＿＿＿＿＿＿
＿＿＿＿＿＿＿＿＿＿
＿＿＿＿＿＿＿＿＿＿
＿＿＿＿＿＿＿＿＿＿
＿＿＿◆◆＿＿＿＿＿
＿＿＿□□◆＿＿＿＿
＿＿＿□□□＿＿＿＿
＿＿＿□□□＿＿＿＿
◆◆◆□□□◆＿＿＿
□□□□□□□＿＿＿
□□□□□□□＿＿＿
□□□□□□■＿■◆
□□□□□□□＿□□
＿□□□＿□□＿□□
＿□□□□□□□□□
＿□□□□□□□□□
＿□□□□□□□□□
□□□＿□□□＿□＿
□□□□□□□□□＿
00:03:08(5664f):field(5663f)
＿＿＿＿＿＿＿＿＿＿
＿＿＿＿＿＿＿＿＿＿
＿＿＿＿＿＿＿＿＿＿
＿＿＿＿＿＿＿＿＿＿
＿＿＿＿＿＿＿＿＿＿
＿＿＿＿＿＿＿＿＿＿
＿＿＿◆◆＿＿＿＿＿
＿＿＿□□◆＿＿＿＿
＿＿＿□□□＿＿＿＿
＿＿＿□□□＿＿＿＿
◆◆◆□□□◆＿＿＿
□□□□□□□＿＿■
□□□□□□□■◆＿
□□□□□□□■□◆
＿□□□＿□□■□□
＿□□□□□□□□□
＿□□□□□□□□□
＿□□□□□□□□□
□□□＿□□□＿□＿
□□□□□□□□□＿
00:03:09(5695f):field(5694f)
＿＿＿＿＿＿＿＿＿＿
＿＿＿＿＿＿＿＿＿＿
＿＿＿＿＿＿＿＿＿＿
＿＿＿＿＿＿＿＿＿＿
＿＿＿＿＿＿＿＿＿＿
＿＿＿＿＿＿＿＿＿＿
＿＿＿＿＿＿＿＿＿＿
＿＿＿◆◆＿＿＿＿＿
＿＿＿□□◆＿＿＿＿
＿＿＿□□□＿＿＿＿
■■＿□□□＿＿＿＿
□□◆□□□◆＿＿◆
□□□□□□□□■＿
□□□□□□□□□＿
＿□□□＿□□□□□
＿□□□□□□□□□
＿□□□□□□□□□
＿□□□□□□□□□
□□□＿□□□＿□＿
□□□□□□□□□＿
00:03:10(5711f):field(5710f)
＿＿＿＿＿＿＿＿＿＿
＿＿＿＿＿＿＿＿＿＿
＿＿＿＿＿＿＿＿＿＿
＿＿＿＿＿＿＿＿＿＿
＿＿＿＿＿＿＿＿＿＿
＿＿＿＿■＿＿＿＿＿
＿＿＿■■＿＿＿＿＿
＿＿＿■＿＿＿＿＿＿
＿＿＿□□＿＿＿＿＿
＿＿＿□□□＿＿＿＿
□□＿□□□＿＿＿＿
□□＿□□□＿＿＿＿
□□□□□□□□□＿
□□□□□□□□□＿
＿□□□＿□□□□□
＿□□□□□□□□□
＿□□□□□□□□□
＿□□□□□□□□□
□□□＿□□□＿□＿
□□□□□□□□□＿
00:03:10(5727f):field(5726f)
＿＿＿＿＿＿＿＿＿＿
＿＿＿＿＿＿＿＿＿＿
＿＿＿＿＿＿＿＿＿＿
＿＿＿＿＿＿＿＿＿＿
＿＿＿＿＿＿＿＿＿＿
＿＿＿＿□＿＿＿＿＿
＿＿＿□□＿＿＿＿＿
＿＿＿□＿＿＿＿＿＿
＿＿＿□□＿＿＿＿＿
■■■□□□＿＿＿＿
□□■□□□＿＿＿＿
□□＿□□□＿＿＿＿
□□□□□□□□□＿
□□□□□□□□□＿
＿□□□＿□□□□□
＿□□□□□□□□□
＿□□□□□□□□□
＿□□□□□□□□□
□□□＿□□□＿□＿
□□□□□□□□□＿
00:03:11(5743f):field(5742f)
＿＿＿＿＿＿＿＿＿＿
＿＿＿＿＿＿＿＿＿＿
＿＿＿＿＿＿＿＿＿＿
＿＿＿＿＿＿＿＿＿＿
＿＿＿＿＿＿＿＿＿＿
＿＿＿＿□＿＿＿＿＿
＿＿＿□□＿＿＿＿＿
＿＿＿□＿＿＿＿＿＿
＿＿＿□□＿＿＿＿＿
□□□□□□■＿＿＿
□□□□□□■＿＿＿
□□＿□□□■■＿＿
□□□□□□□□□＿
□□□□□□□□□＿
＿□□□＿□□□□□
＿□□□□□□□□□
＿□□□□□□□□□
＿□□□□□□□□□
□□□＿□□□＿□＿
□□□□□□□□□＿
00:03:12(5763f):field(5762f)
＿＿＿＿＿＿＿＿＿＿
＿＿＿＿＿＿＿＿＿＿
＿＿＿＿＿＿＿＿＿＿
＿＿＿＿＿＿＿＿＿＿
＿＿＿＿＿＿＿＿＿＿
＿＿＿＿◆＿＿＿＿＿
＿＿＿◆◆＿＿＿＿＿
＿＿＿◆■＿＿＿＿＿
＿＿＿□□＿＿＿＿＿
◆◆◆□◆◆◆＿＿＿
◆◆◆□□◆◆＿＿＿
□□■□□□□□＿＿
□□□□□□□◆◆■
□□◆□□□□□◆■
＿□□□＿□□□□□
＿□□□□□□□□□
＿□□□□□□□□□
＿□□□□□□□□□
□□□＿□□□＿□＿
□□□□□□□□□＿
00:03:12(5784f):field(5783f)
＿＿＿＿＿＿＿＿＿＿
＿＿＿＿＿＿＿＿＿＿
＿＿＿＿＿＿＿＿＿＿
＿＿＿＿＿＿＿＿＿＿
＿＿＿＿＿＿＿＿＿＿
＿＿＿＿＿＿＿＿＿＿
＿＿＿＿＿＿＿＿＿＿
＿＿＿＿□＿＿＿＿＿
＿＿＿□□■＿＿＿＿
＿＿＿□■■＿＿＿＿
＿＿＿□□■＿＿＿＿
□□□□□□□◆＿＿
□□□□□□□＿＿□
□□＿□□□□□＿□
＿□□□＿□□□□□
＿□□□□□□□□□
＿□□□□□□□□□
＿□□□□□□□□□
□□□＿□□□＿□＿
□□□□□□□□□＿
00:03:13(5800f):field(5799f)
＿＿＿＿＿＿＿＿＿＿
＿＿＿＿＿＿＿＿＿＿
＿＿＿＿＿＿＿＿＿＿
＿＿＿＿＿＿＿＿＿＿
＿＿＿＿＿＿＿＿＿＿
＿＿＿＿＿＿＿＿＿＿
＿＿＿＿＿＿＿＿＿＿
＿＿＿＿◆＿＿＿＿＿
＿＿＿◆□◆＿＿＿＿
＿＿＿□□□＿＿＿＿
＿＿＿□□□＿＿＿＿
◆◆◆□□□□＿＿＿
□□□□□□□■＿◆
□□＿□□□□□■□
＿□□□＿□□□□□
＿□□□□□□□□□
＿□□□□□□□□□
＿□□□□□□□□□
□□□＿□□□＿□＿
□□□□□□□□□＿
00:03:13(5818f):field(5817f)
＿＿＿＿＿＿＿＿＿＿
＿＿＿＿＿＿＿＿＿＿
＿＿＿＿＿＿＿＿＿＿
＿＿＿＿＿＿＿＿＿＿
＿＿＿＿＿＿＿＿＿＿
＿＿＿＿＿＿＿＿＿＿
＿＿＿＿＿＿＿＿＿＿
＿＿＿＿＿＿＿＿＿＿
＿＿＿＿◆＿＿＿＿＿
＿＿＿◆□◆＿＿＿＿
＿＿＿□□□＿＿＿＿
＿＿＿□□□◆＿＿＿
◆◆◆□□□◆◆■■
□□＿□□□□□□□
＿□□□＿□□□□□
＿□□□□□□□□□
＿□□□□□□□□□
＿□□□□□□□□□
□□□＿□□□＿□＿
□□□□□□□□□＿
00:03:14(5828f):field(5827f)
＿＿＿＿＿＿＿＿＿＿
＿＿＿＿＿＿＿＿＿＿
＿＿＿＿＿＿＿＿＿＿
＿＿＿＿＿＿＿＿＿＿
＿＿＿＿＿＿＿＿＿＿
＿＿＿＿＿＿＿＿＿＿
＿＿＿＿＿＿＿＿＿＿
＿＿＿＿＿＿＿＿＿＿
＿＿＿＿＿＿＿＿＿＿
＿＿＿＿◆＿＿＿＿＿
＿＿＿◆□◆＿＿＿＿
＿＿＿□□□＿＿＿＿
■＿＿□□□＿＿□◆
□□■□□□◆□□□
＿□□□＿□□□□□
＿□□□□□□□□□
＿□□□□□□□□□
＿□□□□□□□□□
□□□＿□□□＿□＿
□□□□□□□□□＿
00:03:14(5845f):field(5844f)
＿＿＿＿＿＿＿＿＿＿
＿＿＿＿＿＿＿＿＿＿
＿＿＿＿＿＿＿＿＿＿
＿＿＿＿＿＿＿＿＿＿
＿＿＿＿＿＿＿＿＿＿
＿＿＿＿＿＿＿＿＿＿
＿＿＿＿＿＿＿＿＿＿
＿＿＿＿＿＿＿＿＿＿
＿＿＿＿＿＿＿＿＿＿
＿＿＿＿＿＿＿＿＿＿
＿＿＿＿□＿■＿＿＿
＿＿＿□□□■＿＿＿
◆＿＿□□□■＿◆＿
□□□□□□■◆□□
＿□□□＿□□□□□
＿□□□□□□□□□
＿□□□□□□□□□
＿□□□□□□□□□
□□□＿□□□＿□＿
□□□□□□□□□＿
00:03:15(5855f):field(5854f)
＿＿＿＿＿＿＿＿＿＿
＿＿＿＿＿＿＿＿＿＿
＿＿＿＿＿＿＿＿＿＿
＿＿＿＿＿＿＿＿＿＿
＿＿＿＿＿＿＿＿＿＿
＿＿＿＿＿＿＿＿＿＿
＿＿＿＿＿＿＿＿＿＿
＿＿＿＿＿＿＿＿＿＿
＿＿＿＿■＿＿＿＿＿
＿＿＿■■＿＿＿＿＿
＿＿＿■□＿□＿＿＿
＿＿＿□□□□＿＿＿
＿＿＿□□□□＿＿＿
□□□□□□□＿□□
＿□□□＿□□□□□
＿□□□□□□□□□
＿□□□□□□□□□
＿□□□□□□□□□
□□□＿□□□＿□＿
□□□□□□□□□＿
00:03:15(5870f):field(5869f)
＿＿＿＿＿＿＿＿＿＿
＿＿＿＿＿＿＿＿＿＿
＿＿＿＿＿＿＿＿＿＿
＿＿＿＿＿＿＿＿＿＿
＿＿＿＿＿＿＿＿＿＿
＿＿＿＿＿＿＿＿＿＿
＿＿＿＿＿＿＿＿＿＿
＿＿＿＿＿＿＿＿＿＿
＿＿＿＿◆＿＿＿＿＿
＿＿＿◆□＿＿＿＿＿
＿＿＿□□＿◆＿＿＿
＿＿＿□□◆□＿＿＿
■■＿□□□□＿■＿
◆◆◆□□□□■□□
＿□□□＿□□□□□
＿□□□□□□□□□
＿□□□□□□□□□
＿□□□□□□□□□
□□□＿□□□＿□＿
□□□□□□□□□＿
00:03:16(5883f):field(5882f)
＿＿＿＿＿＿＿＿＿＿
＿＿＿＿＿＿＿＿＿＿
＿＿＿＿＿＿＿＿＿＿
＿＿＿＿＿＿＿＿＿＿
＿＿＿＿＿＿＿＿＿＿
＿＿＿＿＿＿＿＿＿＿
＿＿＿＿＿＿＿＿＿＿
＿＿＿＿＿＿＿＿＿＿
＿＿＿＿＿＿＿＿＿＿
＿＿＿＿□■＿＿＿＿
＿＿＿□□■■＿＿＿
＿＿＿□□■□＿＿＿
◆◆＿□□□□＿◆＿
＿＿＿□□□□□□□
＿□□□＿□□□□□
＿□□□□□□□□□
＿□□□□□□□□□
＿□□□□□□□□□
□□□＿□□□＿□＿
□□□□□□□□□＿
00:03:16(5897f):field(5896f)
＿＿＿＿＿＿＿＿＿＿
＿＿＿＿＿＿＿＿＿＿
＿＿＿＿＿＿＿＿＿＿
＿＿＿＿＿＿＿＿＿＿
＿＿＿＿＿＿＿＿＿＿
＿＿＿＿＿＿＿＿＿＿
＿＿＿＿＿＿＿＿＿＿
＿＿＿＿＿■＿＿＿＿
＿＿＿＿＿■■＿＿＿
＿＿＿＿□□■＿＿＿
＿＿＿□□□□＿＿＿
＿＿＿□□□□＿＿＿
＿＿＿□□□□＿＿＿
＿＿＿□□□□□□□
＿□□□＿□□□□□
＿□□□□□□□□□
＿□□□□□□□□□
＿□□□□□□□□□
□□□＿□□□＿□＿
□□□□□□□□□＿
00:03:17(5913f):field(5912f)
＿＿＿＿＿＿＿＿＿＿
＿＿＿＿＿＿＿＿＿＿
＿＿＿＿＿＿＿＿＿＿
＿＿＿＿＿＿＿＿＿＿
＿＿＿＿＿＿＿＿＿＿
＿＿＿＿＿＿＿＿＿＿
＿＿＿＿＿＿＿＿＿＿
＿＿＿＿＿◆＿＿＿＿
＿＿＿＿＿◆◆＿＿＿
＿＿＿＿◆◆◆＿＿＿
＿＿＿◆◆□◆＿＿＿
＿＿＿◆◆□□＿＿＿
＿＿＿◆□□□＿＿＿
＿＿＿□□□□◆◆◆
＿◆□□■□□◆◆◆
＿□◆□□□□◆◆□
■◆□□□□□□□□
■□□□◆□□□□□
□□□＿□□□＿□＿
□□□□□□□□□■
00:03:17(5925f):field(5924f)
＿＿＿＿＿＿＿＿＿＿
＿＿＿＿＿＿＿＿＿＿
＿＿＿＿＿＿＿＿＿＿
＿＿＿＿＿＿＿＿＿＿
＿＿＿＿＿＿＿＿＿＿
＿＿＿＿＿＿＿＿＿＿
＿＿＿＿＿＿＿＿＿＿
＿＿＿＿＿＿＿＿＿＿
＿＿＿＿＿＿＿＿＿＿
＿＿＿＿＿＿＿＿＿＿
＿＿＿＿＿□＿＿＿＿
＿＿＿＿＿□□＿＿＿
＿＿＿＿□□□＿＿＿
＿＿＿□□□□＿＿＿
＿＿◆□□□□＿＿＿
■□＿□□□□＿＿◆
◆■□□□□□□□□
□□□□＿□□□□□
□□□＿□□□＿□＿
□□□□□□□□□◆
00:03:18(5940f):field(5939f)
＿＿＿＿＿＿＿＿＿＿
＿＿＿＿＿＿＿＿＿＿
＿＿＿＿＿＿＿＿＿＿
＿＿＿＿＿＿＿＿＿＿
＿＿＿＿＿＿＿＿＿＿
＿＿＿＿＿＿＿＿＿＿
＿＿＿＿＿＿＿＿＿＿
＿＿＿＿＿＿＿＿＿＿
＿＿＿＿＿＿＿＿＿＿
＿＿＿＿＿＿＿＿＿＿
＿＿＿＿＿□＿＿＿＿
＿＿＿＿＿□□＿＿＿
＿＿＿＿□□□＿＿＿
＿＿＿□□□□＿＿＿
＿＿＿□□□□＿＿■
□□＿□□□□■■■
＿□□□□□□□□□
□□□□＿□□□□□
□□□＿□□□＿□＿
□□□□□□□□□＿
00:03:18(5951f):field(5950f)
＿＿＿＿＿＿＿＿＿＿
＿＿＿＿＿＿＿＿＿＿
＿＿＿＿＿＿＿＿＿＿
＿＿＿＿＿＿＿＿＿＿
＿＿＿＿＿＿＿＿＿＿
＿＿＿＿＿＿＿＿＿＿
＿＿＿＿＿＿＿＿＿＿
＿＿＿＿＿＿＿＿＿＿
＿＿＿＿＿＿＿＿＿＿
＿＿＿＿＿＿＿＿＿＿
＿＿＿＿＿□＿＿＿＿
＿＿＿＿＿□□＿＿＿
＿＿＿＿□□□＿＿＿
＿＿＿□□□□■■＿
＿＿＿□□□□■■□
□□＿□□□□□□□
＿□□□□□□□□□
□□□□＿□□□□□
□□□＿□□□＿□＿
□□□□□□□□□＿
00:03:18(5966f):field(5965f)
＿＿＿＿＿＿＿＿＿＿
＿＿＿＿＿＿＿＿＿＿
＿＿＿＿＿＿＿＿＿＿
＿＿＿＿＿＿＿＿＿＿
＿＿＿＿＿＿＿＿＿＿
＿＿＿＿＿＿＿＿＿＿
＿＿＿＿＿＿＿＿＿＿
＿＿＿＿＿＿＿＿＿＿
＿＿＿＿＿＿＿＿＿＿
＿＿＿＿＿＿＿＿＿＿
＿＿＿＿＿◆＿＿＿＿
＿＿＿＿＿□◆＿＿＿
＿＿＿＿◆□□＿＿＿
＿＿＿◆□□□◆◆＿
■■＿□□□□□□◆
◆□■□□□□□□□
＿□□□□□□□□□
□□□□＿□□□□□
□□□＿□□□＿□＿
□□□□□□□□□＿
00:03:19(5977f):field(5976f)
＿＿＿＿＿＿＿＿＿＿
＿＿＿＿＿＿＿＿＿＿
＿＿＿＿＿＿＿＿＿＿
＿＿＿＿＿＿＿＿＿＿
＿＿＿＿＿＿＿＿＿＿
＿＿＿＿＿＿＿＿＿＿
＿＿＿＿＿＿＿＿＿＿
＿＿＿＿＿＿＿＿＿＿
＿＿＿＿＿＿＿＿＿＿
＿＿＿＿＿＿＿＿＿＿
＿＿＿＿■■＿＿＿＿
＿＿＿＿■□＿＿＿＿
＿＿＿＿■□□＿＿＿
＿＿＿＿□□□＿＿＿
◆□＿□□□□□□＿
＿□□□□□□□□□
＿□□□□□□□□□
□□□□＿□□□□□
□□□＿□□□＿□＿
□□□□□□□□□＿
00:03:19(5990f):field(5989f)
＿＿＿＿＿＿＿＿＿＿
＿＿＿＿＿＿＿＿＿＿
＿＿＿＿＿＿＿＿＿＿
＿＿＿＿＿＿＿＿＿＿
＿＿＿＿＿＿＿＿＿＿
＿＿＿＿＿＿＿＿＿＿
＿＿＿＿＿＿＿＿＿＿
＿＿＿＿＿＿＿＿＿＿
＿＿＿＿＿＿＿＿＿＿
＿＿＿＿＿＿＿＿＿＿
＿＿＿＿□□＿＿＿＿
＿＿＿＿□□＿＿＿＿
＿＿＿＿□□□＿＿＿
＿■■■□□□＿＿＿
＿□■□□□□□□＿
＿□□□□□□□□□
＿□□□□□□□□□
□□□□＿□□□□□
□□□＿□□□＿□＿
□□□□□□□□□＿
00:03:20(6002f):field(6001f)
＿＿＿＿＿＿＿＿＿＿
＿＿＿＿＿＿＿＿＿＿
＿＿＿＿＿＿＿＿＿＿
＿＿＿＿＿＿＿＿＿＿
＿＿＿＿＿＿＿＿＿＿
＿＿＿＿＿＿＿＿＿＿
＿＿＿＿＿＿＿＿＿＿
＿＿＿＿＿＿＿＿＿＿
＿＿＿＿■＿＿＿＿＿
＿＿＿■■＿＿＿＿＿
＿＿＿■□□＿＿＿＿
＿＿＿＿□□＿＿＿＿
＿＿＿＿□□□＿＿＿
＿□□□□□□＿＿＿
＿□□□□□□□□＿
＿□□□□□□□□□
＿□□□□□□□□□
□□□□＿□□□□□
□□□＿□□□＿□＿
□□□□□□□□□＿
00:03:21(6043f):field(6042f)
＿＿＿＿＿＿＿＿＿＿
＿＿＿＿＿＿＿＿＿＿
＿＿＿＿＿＿＿＿＿＿
＿＿＿＿＿＿＿＿＿＿
＿＿＿＿＿＿＿＿＿＿
＿＿＿＿＿＿＿＿＿＿
＿＿＿＿＿＿＿＿＿＿
＿＿＿＿＿＿＿＿＿＿
＿＿＿＿◆＿＿＿＿＿
＿＿＿◆◆＿＿＿＿＿
＿＿＿◆◆◆＿＿＿＿
＿＿＿＿□◆＿＿＿＿
＿＿＿■□◆◆＿＿＿
＿◆◆□□□◆＿＿＿
＿◆◆◆□□◆◆◆＿
＿◆◆◆□□□◆□◆
■□□□□□□◆□□
□□□□■□□□□□
□□□＿□□□＿□＿
□□□□□□□□□＿
00:03:22(6062f):field(6061f)
＿＿＿＿＿＿＿＿＿＿
＿＿＿＿＿＿＿＿＿＿
＿＿＿＿＿＿＿＿＿＿
＿＿＿＿＿＿＿＿＿＿
＿＿＿＿＿＿＿＿＿＿
＿＿＿＿＿＿＿＿＿＿
＿＿＿＿＿＿＿＿＿＿
＿＿＿＿＿＿＿＿＿＿
＿＿＿＿＿＿＿＿＿＿
＿＿＿＿＿＿＿＿＿＿
＿＿＿＿＿＿＿＿＿＿
＿＿＿＿□＿＿＿＿＿
＿＿＿□□＿＿＿＿＿
＿＿＿□□□■＿＿＿
＿＿＿＿□□■■＿＿
＿＿＿＿□□□■□＿
□□□□□□□＿□□
□□□□◆□□□□□
□□□＿□□□＿□＿
□□□□□□□□□＿
00:03:22(6082f):field(6081f)
＿＿＿＿＿＿＿＿＿＿
＿＿＿＿＿＿＿＿＿＿
＿＿＿＿＿＿＿＿＿＿
＿＿＿＿＿＿＿＿＿＿
＿＿＿＿＿＿＿＿＿＿
＿＿＿＿＿＿＿＿＿＿
＿＿＿＿＿＿＿＿＿＿
＿＿＿＿＿＿＿＿＿＿
＿＿＿＿＿＿＿＿＿＿
＿＿＿＿＿＿＿＿＿＿
＿＿＿＿＿＿＿＿＿＿
＿＿＿＿□＿＿＿＿＿
＿＿＿□□＿＿＿＿＿
＿＿＿□□□□＿＿＿
＿＿■■□□□□＿＿
＿＿■■□□□□□＿
□□□□□□□＿□□
□□□□＿□□□□□
□□□＿□□□＿□＿
□□□□□□□□□＿
00:03:23(6094f):field(6093f)
＿＿＿＿＿＿＿＿＿＿
＿＿＿＿＿＿＿＿＿＿
＿＿＿＿＿＿＿＿＿＿
＿＿＿＿＿＿＿＿＿＿
＿＿＿＿＿＿＿＿＿＿
＿＿＿＿＿＿＿＿＿＿
＿＿＿＿＿＿＿＿＿＿
＿＿＿＿＿＿＿＿＿＿
＿＿＿＿＿＿＿＿＿＿
＿＿＿＿＿＿＿＿＿＿
＿＿＿＿＿＿＿＿＿＿
＿＿＿＿□＿＿＿＿＿
＿＿＿□□＿＿＿＿＿
＿■＿□□□□＿＿＿
＿■□□□□□□＿＿
■■□□□□□□□＿
□□□□□□□＿□□
□□□□＿□□□□□
□□□＿□□□＿□＿
□□□□□□□□□＿
00:03:23(6106f):field(6105f)
＿＿＿＿＿＿＿＿＿＿
＿＿＿＿＿＿＿＿＿＿
＿＿＿＿＿＿＿＿＿＿
＿＿＿＿＿＿＿＿＿＿
＿＿＿＿＿＿＿＿＿＿
＿＿＿＿＿＿＿＿＿＿
＿＿＿＿＿＿＿＿＿＿
＿＿＿＿＿＿＿＿＿＿
＿＿＿＿＿＿＿＿＿＿
＿＿＿＿■＿＿＿＿＿
＿＿＿■■＿＿＿＿＿
＿＿＿■□＿＿＿＿＿
＿＿＿□□＿＿＿＿＿
＿□＿□□□□＿＿＿
＿□□□□□□□＿＿
□□□□□□□□□＿
□□□□□□□＿□□
□□□□＿□□□□□
□□□＿□□□＿□＿
□□□□□□□□□＿
00:03:23(6118f):field(6117f)
＿＿＿＿＿＿＿＿＿＿
＿＿＿＿＿＿＿＿＿＿
＿＿＿＿＿＿＿＿＿＿
＿＿＿＿＿＿＿＿＿＿
＿＿＿＿＿＿＿＿＿＿
＿＿＿＿＿＿＿＿＿＿
＿＿＿＿＿＿＿＿＿＿
＿＿＿＿＿＿＿＿＿＿
＿＿＿＿＿＿＿＿＿＿
＿＿＿＿□＿＿＿＿＿
＿＿＿□□＿＿＿＿＿
■＿＿□□＿＿＿＿＿
■＿＿□□＿＿＿＿＿
■□＿□□□□＿＿＿
■□□□□□□□＿＿
□□□□□□□□□＿
□□□□□□□＿□□
□□□□＿□□□□□
□□□＿□□□＿□＿
□□□□□□□□□＿
00:03:24(6132f):field(6131f)
＿＿＿＿＿＿＿＿＿＿
＿＿＿＿＿＿＿＿＿＿
＿＿＿＿＿＿＿＿＿＿
＿＿＿＿＿＿＿＿＿＿
＿＿＿＿＿＿＿＿＿＿
＿＿＿＿＿＿＿＿＿＿
＿＿＿＿＿＿＿＿＿＿
＿＿＿＿＿＿＿＿＿＿
＿＿＿＿＿＿＿＿＿＿
＿＿＿＿□＿＿＿＿＿
＿＿＿□□＿＿＿＿＿
□■＿□□＿＿＿＿＿
□■■□□＿＿＿＿＿
□□■□□□□＿＿＿
□□□□□□□□＿＿
□□□□□□□□□＿
□□□□□□□＿□□
□□□□＿□□□□□
□□□＿□□□＿□＿
□□□□□□□□□＿
00:03:24(6143f):field(6142f)
＿＿＿＿＿＿＿＿＿＿
＿＿＿＿＿＿＿＿＿＿
＿＿＿＿＿＿＿＿＿＿
＿＿＿＿＿＿＿＿＿＿
＿＿＿＿＿＿＿＿＿＿
＿＿＿＿＿＿＿＿＿＿
＿＿＿＿＿＿＿＿＿＿
＿＿＿＿＿＿＿＿＿＿
＿＿＿＿＿＿＿＿＿＿
＿＿＿＿□＿＿＿＿＿
＿＿＿□□＿＿＿＿＿
□□＿□□■■＿＿＿
□□□□□■■＿＿＿
□□□□□□□＿＿＿
□□□□□□□□＿＿
□□□□□□□□□＿
□□□□□□□＿□□
□□□□＿□□□□□
□□□＿□□□＿□＿
□□□□□□□□□＿
00:03:25(6155f):field(6154f)
＿＿＿＿＿＿＿＿＿＿
＿＿＿＿＿＿＿＿＿＿
＿＿＿＿＿＿＿＿＿＿
＿＿＿＿＿＿＿＿＿＿
＿＿＿＿＿＿＿＿＿＿
＿＿＿＿＿＿＿＿＿＿
＿＿＿＿＿＿＿＿＿＿
＿＿＿＿＿＿＿＿＿＿
＿＿＿＿＿＿＿＿＿＿
＿＿＿＿◆＿＿＿＿＿
＿＿＿◆◆＿＿＿＿＿
◆◆＿◆□◆◆＿＿＿
◆◆◆□□◆◆＿＿＿
□□◆□□□□＿＿＿
□□□□□□□□＿＿
□□□□□□□□□■
□□□□□□□■□□
□□□□■□□□□□
□□□＿□□□＿□＿
□□□□□□□□□＿
00:03:25(6167f):field(6166f)
＿＿＿＿＿＿＿＿＿＿
＿＿＿＿＿＿＿＿＿＿
＿＿＿＿＿＿＿＿＿＿
＿＿＿＿＿＿＿＿＿＿
＿＿＿＿＿＿＿＿＿＿
＿＿＿＿＿＿＿＿＿＿
＿＿＿＿＿＿＿＿＿＿
＿＿＿＿＿＿＿＿＿＿
＿＿＿＿＿＿＿＿＿＿
＿＿＿＿＿＿＿＿＿＿
＿＿＿＿＿＿＿＿＿＿
＿＿＿＿◆＿＿＿＿＿
＿＿＿◆◆＿＿＿＿＿
◆◆＿◆□◆◆＿＿＿
◆◆◆□□◆□◆＿＿
□□□□□□□◆◆◆
□□□□□□□□□◆
□□□□◆□□□□□
□□□■□□□＿□＿
□□□□□□□□□＿
00:03:26(6181f):field(6180f)
＿＿＿＿＿＿＿＿＿＿
＿＿＿＿＿＿＿＿＿＿
＿＿＿＿＿＿＿＿＿＿
＿＿＿＿＿＿＿＿＿＿
＿＿＿＿＿＿＿＿＿＿
＿＿＿＿＿＿＿＿＿＿
＿＿＿＿＿＿＿＿＿＿
＿＿＿＿＿＿＿＿＿＿
＿＿＿＿＿＿＿＿＿＿
＿＿＿＿＿＿＿＿＿＿
＿＿＿＿＿＿＿＿＿＿
＿＿＿＿＿＿＿＿＿＿
＿＿＿＿＿＿＿＿＿＿
＿＿＿＿□＿＿＿＿＿
＿＿＿□□＿◆＿＿＿
□□◆□□□□■■■
□□□□□□□◆□■
□□□□＿□□□□□
□□□◆□□□＿□＿
□□□□□□□□□＿
00:03:26(6195f):field(6194f)
＿＿＿＿＿＿＿＿＿＿
＿＿＿＿＿＿＿＿＿＿
＿＿＿＿＿＿＿＿＿＿
＿＿＿＿＿＿＿＿＿＿
＿＿＿＿＿＿＿＿＿＿
＿＿＿＿＿＿＿＿＿＿
＿＿＿＿＿＿＿＿＿＿
＿＿＿＿＿＿＿＿＿＿
＿＿＿＿＿＿＿＿＿＿
＿＿＿＿＿＿＿＿＿＿
＿＿＿＿＿＿＿＿＿＿
＿＿＿＿＿＿＿＿＿＿
■＿＿＿＿＿＿＿＿＿
■＿＿＿□＿＿＿＿＿
■■＿□□＿＿＿＿＿
□□＿□□□□□□□
□□□□□□□＿□□
□□□□＿□□□□□
□□□＿□□□＿□＿
□□□□□□□□□＿
00:03:26(6205f):field(6204f)
＿＿＿＿＿＿＿＿＿＿
＿＿＿＿＿＿＿＿＿＿
＿＿＿＿＿＿＿＿＿＿
＿＿＿＿＿＿＿＿＿＿
＿＿＿＿＿＿＿＿＿＿
＿＿＿＿＿＿＿＿＿＿
＿＿＿＿＿＿＿＿＿＿
＿＿＿＿＿＿＿＿＿＿
＿＿＿＿＿＿＿＿＿＿
＿＿＿＿＿＿＿＿＿＿
＿＿＿＿＿＿＿＿＿＿
＿＿＿＿＿■＿＿＿＿
□＿＿＿＿■＿＿＿＿
□＿＿＿□■＿＿＿＿
□□＿□□■＿＿＿＿
□□＿□□□□□□□
□□□□□□□＿□□
□□□□＿□□□□□
□□□＿□□□＿□＿
□□□□□□□□□＿
00:03:27(6219f):field(6218f)
＿＿＿＿＿＿＿＿＿＿
＿＿＿＿＿＿＿＿＿＿
＿＿＿＿＿＿＿＿＿＿
＿＿＿＿＿＿＿＿＿＿
＿＿＿＿＿＿＿＿＿＿
＿＿＿＿＿＿＿＿＿＿
＿＿＿＿＿＿＿＿＿＿
＿＿＿＿＿＿＿＿＿＿
＿＿＿＿＿＿＿＿＿＿
＿＿＿＿＿＿＿＿＿＿
＿＿＿＿＿＿＿＿＿＿
＿＿＿＿＿□＿＿＿＿
□＿＿＿＿□＿＿＿＿
□＿＿＿□□■■＿＿
□□＿□□□■■＿＿
□□＿□□□□□□□
□□□□□□□＿□□
□□□□＿□□□□□
□□□＿□□□＿□＿
□□□□□□□□□＿
00:03:27(6230f):field(6229f)
＿＿＿＿＿＿＿＿＿＿
＿＿＿＿＿＿＿＿＿＿
＿＿＿＿＿＿＿＿＿＿
＿＿＿＿＿＿＿＿＿＿
＿＿＿＿＿＿＿＿＿＿
＿＿＿＿＿＿＿＿＿＿
＿＿＿＿＿＿＿＿＿＿
＿＿＿＿＿＿＿＿＿＿
＿＿＿＿＿＿＿＿＿＿
＿＿＿＿＿＿＿＿＿＿
＿＿＿＿＿＿＿＿＿＿
＿＿＿■＿□＿＿＿＿
□＿＿■■□＿＿＿＿
□＿＿■□□□□＿＿
□□＿□□□□□＿＿
□□＿□□□□□□□
□□□□□□□＿□□
□□□□＿□□□□□
□□□＿□□□＿□＿
□□□□□□□□□＿
00:03:28(6241f):field(6240f)
＿＿＿＿＿＿＿＿＿＿
＿＿＿＿＿＿＿＿＿＿
＿＿＿＿＿＿＿＿＿＿
＿＿＿＿＿＿＿＿＿＿
＿＿＿＿＿＿＿＿＿＿
＿＿＿＿＿＿＿＿＿＿
＿＿＿＿＿＿＿＿＿＿
＿＿＿＿＿＿＿＿＿＿
＿＿＿＿＿＿＿＿＿＿
＿＿＿＿＿■＿＿＿＿
＿＿＿＿■■＿＿＿＿
＿＿＿□■□＿＿＿＿
□＿＿□□□＿＿＿＿
□＿＿□□□□□＿＿
□□＿□□□□□＿＿
□□＿□□□□□□□
□□□□□□□＿□□
□□□□＿□□□□□
□□□＿□□□＿□＿
□□□□□□□□□＿
00:03:28(6254f):field(6253f)
＿＿＿＿＿＿＿＿＿＿
＿＿＿＿＿＿＿＿＿＿
＿＿＿＿＿＿＿＿＿＿
＿＿＿＿＿＿＿＿＿＿
＿＿＿＿＿＿＿＿＿＿
＿＿＿＿＿＿＿＿＿＿
＿＿＿＿＿＿＿＿＿＿
＿＿＿■＿＿＿＿＿＿
＿＿＿■■＿＿＿＿＿
＿＿＿＿■□＿＿＿＿
＿＿＿＿□□＿＿＿＿
＿＿＿□□□＿＿＿＿
□＿＿□□□＿＿＿＿
□＿＿□□□□□＿＿
□□＿□□□□□＿＿
□□＿□□□□□□□
□□□□□□□＿□□
□□□□＿□□□□□
□□□＿□□□＿□＿
□□□□□□□□□＿
00:03:29(6274f):field(6273f)
＿＿＿＿＿＿＿＿＿＿
＿＿＿＿＿＿＿＿＿＿
＿＿＿＿＿＿＿＿＿＿
＿＿＿＿＿＿＿＿＿＿
＿＿＿＿＿＿＿＿＿＿
＿＿＿＿＿＿＿＿＿＿
＿＿＿＿＿＿■＿＿＿
＿＿＿□■■■＿＿＿
＿＿＿□□＿＿＿＿＿
＿＿＿＿□□＿＿＿＿
＿＿＿＿□□＿＿＿＿
＿＿＿□□□＿＿＿＿
□＿＿□□□＿＿＿＿
□＿＿□□□□□＿＿
□□＿□□□□□＿＿
□□＿□□□□□□□
□□□□□□□＿□□
□□□□＿□□□□□
□□□＿□□□＿□＿
□□□□□□□□□＿
00:03:29(6291f):field(6290f)
＿＿＿＿＿＿＿＿＿＿
＿＿＿＿＿＿＿＿＿＿
＿＿＿＿＿＿＿＿＿＿
＿＿＿＿＿＿＿＿＿＿
＿＿＿＿＿＿＿＿＿＿
＿＿＿■＿＿＿＿＿＿
＿＿＿■■■□＿＿＿
＿＿＿□□□□＿＿＿
＿＿＿□□＿＿＿＿＿
＿＿＿＿□□＿＿＿＿
＿＿＿＿□□＿＿＿＿
＿＿＿□□□＿＿＿＿
□＿＿□□□＿＿＿＿
□＿＿□□□□□＿＿
□□＿□□□□□＿＿
□□＿□□□□□□□
□□□□□□□＿□□
□□□□＿□□□□□
□□□＿□□□＿□＿
□□□□□□□□□＿
00:03:30(6308f):field(6307f)
＿＿＿＿＿＿＿＿＿＿
＿＿＿＿＿＿＿＿＿＿
＿＿＿＿＿＿＿＿＿＿
＿＿＿＿＿＿＿＿＿＿
＿＿＿＿＿＿＿＿＿＿
＿＿＿◆＿＿＿＿＿＿
＿＿＿□◆◆◆＿＿＿
＿＿＿□□□□＿＿＿
＿＿＿□□■■＿＿＿
＿＿＿■□◆＿＿＿＿
＿＿＿＿□□＿＿＿＿
＿＿＿◆□□＿＿＿＿
◆＿＿□□□＿＿＿＿
□＿■□□□◆◆＿＿
□◆■□□□□□＿＿
□□■□□□□□◆◆
□□□□□□□＿□□
□□□□＿□□□□□
□□□＿□□□＿□＿
□□□□□□□□□＿
00:03:30(6319f):field(6318f)
＿＿＿＿＿＿＿＿＿＿
＿＿＿＿＿＿＿＿＿＿
＿＿＿＿＿＿＿＿＿＿
＿＿＿＿＿＿＿＿＿＿
＿＿＿＿＿＿＿＿＿＿
＿＿＿■■＿＿＿＿＿
＿＿＿□■■＿＿＿＿
＿＿＿□□□□＿＿＿
＿＿＿□□□□＿＿＿
＿＿＿□□＿＿＿＿＿
＿＿＿＿□□＿＿＿＿
＿＿＿＿□□＿＿＿＿
＿＿＿□□□＿＿＿＿
□＿□□□□＿＿＿＿
□＿□□□□□□＿＿
□□□□□□□□＿＿
□□□□□□□＿□□
□□□□＿□□□□□
□□□＿□□□＿□＿
□□□□□□□□□＿
00:03:31(6336f):field(6335f)
＿＿＿＿＿＿＿＿＿＿
＿＿＿＿＿＿＿＿＿＿
＿＿＿＿＿＿＿＿＿＿
＿＿＿＿＿＿＿＿＿＿
＿＿＿＿＿＿＿＿＿＿
＿＿＿□□＿＿＿＿＿
＿＿＿□□□＿＿＿＿
＿＿＿□□□□＿＿＿
＿＿＿□□□□＿＿＿
＿＿＿□□＿＿＿＿＿
＿＿＿＿□□＿＿＿＿
＿＿＿＿□□＿＿＿＿
■■■□□□＿＿＿＿
□■□□□□＿＿＿＿
□＿□□□□□□＿＿
□□□□□□□□＿＿
□□□□□□□＿□□
□□□□＿□□□□□
□□□＿□□□＿□＿
□□□□□□□□□＿
00:03:31(6351f):field(6350f)
＿＿＿＿＿＿＿＿＿＿
＿＿＿＿＿＿＿＿＿＿
＿＿＿＿＿＿＿＿＿＿
＿＿＿＿＿＿＿＿＿＿
＿＿＿＿＿＿＿＿＿＿
＿＿＿□□＿＿＿＿＿
＿＿＿□□□＿＿＿＿
＿＿＿□□□□＿＿＿
＿＿＿□□□□＿＿＿
＿＿＿□□＿＿＿＿＿
＿＿＿■□□＿＿＿＿
＿■■■□□＿＿＿＿
□□□□□□＿＿＿＿
□□□□□□＿＿＿＿
□＿□□□□□□＿＿
□□□□□□□□＿＿
□□□□□□□＿□□
□□□□＿□□□□□
□□□＿□□□＿□＿
□□□□□□□□□＿
00:03:32(6366f):field(6365f)
＿＿＿＿＿＿＿＿＿＿
＿＿＿＿＿＿＿＿＿＿
＿＿＿＿＿＿＿＿＿＿
＿＿＿＿＿＿＿＿＿＿
＿＿＿＿＿＿＿＿＿＿
＿＿＿□□＿＿＿＿＿
＿＿＿□□□＿＿＿＿
＿＿＿□□□□＿＿＿
＿＿＿□□□□＿＿＿
＿＿＿□□＿＿＿＿＿
＿＿＿□□□＿＿＿＿
＿□□□□□＿＿＿＿
□□□□□□＿＿＿＿
□□□□□□＿＿■＿
□＿□□□□□□■■
□□□□□□□□＿■
□□□□□□□＿□□
□□□□＿□□□□□
□□□＿□□□＿□＿
□□□□□□□□□＿
00:03:32(6382f):field(6381f)
＿＿＿＿＿＿＿＿＿＿
＿＿＿＿＿＿＿＿＿＿
＿＿＿＿＿＿＿＿＿＿
＿＿＿＿＿＿＿＿＿＿
＿＿＿＿＿＿＿＿＿＿
＿＿＿□□＿＿＿＿＿
＿＿＿□□□＿＿＿＿
＿＿＿□□□□＿＿＿
＿＿＿□□□□＿＿＿
＿＿＿□□＿＿＿＿＿
＿＿＿□□□■＿＿＿
＿□□□□□■＿＿＿
□□□□□□■＿＿＿
□□□□□□■＿□＿
□＿□□□□□□□□
□□□□□□□□＿□
□□□□□□□＿□□
□□□□＿□□□□□
□□□＿□□□＿□＿
□□□□□□□□□＿
00:03:33(6398f):field(6397f)
＿＿＿＿＿＿＿＿＿＿
＿＿＿＿＿＿＿＿＿＿
＿＿＿＿＿＿＿＿＿＿
＿＿＿＿＿＿＿＿＿＿
＿＿＿＿＿＿＿＿＿＿
＿＿＿□□＿＿＿＿＿
＿＿＿□□□＿＿＿＿
＿＿＿□□□□＿＿＿
＿＿＿□□□□＿＿＿
＿＿＿□□＿＿＿＿＿
＿＿＿□□□□＿＿＿
＿□□□□□□■■＿
□□□□□□□■■＿
□□□□□□□＿□＿
□＿□□□□□□□□
□□□□□□□□＿□
□□□□□□□＿□□
□□□□＿□□□□□
□□□＿□□□＿□＿
□□□□□□□□□＿
00:03:34(6424f):field(6423f)
＿＿＿＿＿＿＿＿＿＿
＿＿＿＿＿＿＿＿＿＿
＿＿＿＿＿＿＿＿＿＿
＿＿＿＿＿＿＿＿＿＿
＿＿＿＿＿＿＿＿＿＿
＿＿＿□□＿＿＿＿＿
＿＿＿□□□＿＿＿＿
＿＿＿□□□□＿＿＿
＿＿＿□□□□＿＿＿
＿＿＿□□＿＿＿＿＿
＿＿＿□□□□■■■
＿□□□□□□□□■
□□□□□□□□□＿
□□□□□□□＿□＿
□＿□□□□□□□□
□□□□□□□□＿□
□□□□□□□＿□□
□□□□＿□□□□□
□□□＿□□□＿□＿
□□□□□□□□□＿
00:03:34(6436f):field(6435f)
＿＿＿＿＿＿＿＿＿＿
＿＿＿＿＿＿＿＿＿＿
＿＿＿＿＿＿＿＿＿＿
＿＿＿＿＿＿＿＿＿＿
＿＿＿＿＿＿＿＿＿＿
＿＿＿◆◆＿＿＿＿＿
＿＿＿□□◆＿＿＿＿
＿＿＿□□□◆＿＿＿
＿＿＿□□□□＿＿＿
＿＿＿□□■■＿＿＿
■＿＿□□◆□□◆◆
■□◆□□□□□□□
□□□□□□□□□＿
□□□□□□□■□＿
□＿□□□□□□□□
□□□□□□□□＿□
□□□□□□□＿□□
□□□□＿□□□□□
□□□＿□□□＿□＿
□□□□□□□□□＿
00:03:35(6451f):field(6450f)
＿＿＿＿＿＿＿＿＿＿
＿＿＿＿＿＿＿＿＿＿
＿＿＿＿＿＿＿＿＿＿
＿＿＿＿＿＿＿＿＿＿
＿＿＿＿＿＿＿＿＿＿
＿＿＿＿＿＿＿＿＿＿
＿＿＿□□＿＿＿＿＿
＿＿＿□□□＿＿＿＿
＿＿＿□□□□＿＿＿
■■＿□□□□＿＿＿
□■■□□＿◆◆＿＿
□□＿□□□□□□□
□□□□□□□□□＿
□□□□□□□◆□＿
□＿□□□□□□□□
□□□□□□□□＿□
□□□□□□□＿□□
□□□□＿□□□□□
□□□＿□□□＿□＿
□□□□□□□□□＿
00:03:35(6467f):field(6466f)
＿＿＿＿＿＿＿＿＿＿
＿＿＿＿＿＿＿＿＿＿
＿＿＿＿＿＿＿＿＿＿
＿＿＿＿＿＿＿＿＿＿
＿＿＿＿＿＿＿＿＿＿
＿＿＿＿＿＿＿＿＿＿
＿＿■□□＿＿＿＿＿
＿＿■□□□＿＿＿＿
＿＿■□□□□＿＿＿
□□■□□□□＿＿＿
□□□□□＿＿＿＿＿
□□＿□□□□□□□
□□□□□□□□□＿
□□□□□□□＿□＿
□＿□□□□□□□□
□□□□□□□□＿□
□□□□□□□＿□□
□□□□＿□□□□□
□□□＿□□□＿□＿
□□□□□□□□□＿
00:03:36(6481f):field(6480f)
＿＿＿＿＿＿＿＿＿＿
＿＿＿＿＿＿＿＿＿＿
＿＿＿＿＿＿＿＿＿＿
＿＿＿＿＿＿＿＿＿＿
＿＿＿＿■＿＿＿＿＿
＿＿＿＿■■＿＿＿＿
＿＿□□□■＿＿＿＿
＿＿□□□□＿＿＿＿
＿＿□□□□□＿＿＿
□□□□□□□＿＿＿
□□□□□＿＿＿＿＿
□□＿□□□□□□□
□□□□□□□□□＿
□□□□□□□＿□＿
□＿□□□□□□□□
□□□□□□□□＿□
□□□□□□□＿□□
□□□□＿□□□□□
□□□＿□□□＿□＿
□□□□□□□□□＿
00:03:36(6494f):field(6493f)
＿＿＿＿＿＿＿＿＿＿
＿＿＿＿＿＿＿＿＿＿
＿＿＿＿＿＿＿＿＿＿
＿＿＿＿＿＿＿＿＿＿
＿＿＿＿□＿＿＿＿＿
＿＿＿＿□□＿＿＿＿
＿＿□□□□＿＿＿＿
■■□□□□＿＿＿＿
■■□□□□□＿＿＿
□□□□□□□＿＿＿
□□□□□＿＿＿＿＿
□□＿□□□□□□□
□□□□□□□□□＿
□□□□□□□＿□＿
□＿□□□□□□□□
□□□□□□□□＿□
□□□□□□□＿□□
□□□□＿□□□□□
□□□＿□□□＿□＿
□□□□□□□□□＿
00:03:37(6530f):field(6529f)
＿＿＿＿＿＿＿＿＿＿
＿＿＿＿＿＿＿＿＿＿
＿＿＿＿＿＿＿＿＿＿
＿＿＿＿＿＿＿＿＿＿
＿＿＿＿□＿＿＿＿＿
＿＿＿＿□□＿＿＿＿
＿＿□□□□＿＿＿＿
□□□□□□＿＿＿＿
□□□□□□□＿＿＿
□□□□□□□■＿＿
□□□□□■■■＿＿
□□＿□□□□□□□
□□□□□□□□□＿
□□□□□□□＿□＿
□＿□□□□□□□□
□□□□□□□□＿□
□□□□□□□＿□□
□□□□＿□□□□□
□□□＿□□□＿□＿
□□□□□□□□□＿
00:03:38(6547f):field(6546f)
＿＿＿＿＿＿＿＿＿＿
＿＿＿＿＿＿＿＿＿＿
＿＿＿＿＿＿＿＿＿＿
＿＿＿＿＿＿＿＿＿＿
＿＿＿＿◆＿＿＿＿＿
＿＿＿＿□◆＿＿＿＿
＿＿◆◆□□＿＿＿＿
◆◆□□□□＿＿＿＿
□□□□□□□＿＿＿
□□□□□□□□＿■
□□□□□□□□■■
□□■□□□□□□□
□□□□□□□□□＿
□□□□□□□＿□＿
□＿□□□□□□□□
□□□□□□□□＿□
□□□□□□□＿□□
□□□□＿□□□□□
□□□＿□□□＿□＿
□□□□□□□□□＿
00:03:38(6561f):field(6560f)
＿＿＿＿＿＿＿＿＿＿
＿＿＿＿＿＿＿＿＿＿
＿＿＿＿＿＿＿＿＿＿
＿＿＿＿＿＿＿＿＿＿
＿＿＿＿＿＿＿＿＿＿
＿＿＿＿◆＿＿＿＿＿
＿＿＿＿□◆＿＿＿＿
＿＿◆◆□□＿＿＿＿
□◆□□□□◆＿■＿
□□□□□□□□＿◆
□□□□□□□□◆□
□□◆□□□□□□□
□□□□□□□□□＿
□□□□□□□＿□＿
□＿□□□□□□□□
□□□□□□□□＿□
□□□□□□□＿□□
□□□□＿□□□□□
□□□＿□□□＿□＿
□□□□□□□□□＿
00:03:39(6574f):field(6573f)
＿＿＿＿＿＿＿＿＿＿
＿＿＿＿＿＿＿＿＿＿
＿＿＿＿＿＿＿＿＿＿
＿＿＿＿＿＿＿＿＿＿
＿＿＿＿■＿＿＿＿＿
＿＿＿＿■■＿＿＿＿
＿＿＿＿□■＿＿＿＿
＿＿＿＿□□＿＿＿＿
◆＿□□□□＿＿◆＿
□□□□□□□□＿＿
□□□□□□□□＿□
□□＿□□□□□□□
□□□□□□□□□＿
□□□□□□□＿□＿
□＿□□□□□□□□
□□□□□□□□＿□
□□□□□□□＿□□
□□□□＿□□□□□
□□□＿□□□＿□＿
□□□□□□□□□＿
00:03:39(6588f):field(6587f)
＿＿＿＿＿＿＿＿＿＿
＿＿＿＿＿＿＿＿＿＿
＿＿＿＿＿＿＿＿＿＿
＿＿＿＿＿＿＿＿＿＿
＿＿＿＿□＿＿＿＿＿
＿＿＿＿□□＿＿＿＿
＿＿＿＿□□＿＿＿＿
＿＿＿＿□□■■＿＿
＿＿□□□□■■＿＿
□□□□□□□□＿＿
□□□□□□□□＿□
□□＿□□□□□□□
□□□□□□□□□＿
□□□□□□□＿□＿
□＿□□□□□□□□
□□□□□□□□＿□
□□□□□□□＿□□
□□□□＿□□□□□
□□□＿□□□＿□＿
□□□□□□□□□＿
00:03:40(6601f):field(6600f)
＿＿＿＿＿＿＿＿＿＿
＿＿＿＿＿＿＿＿＿＿
＿＿＿＿＿＿＿＿＿＿
＿＿＿＿＿＿＿＿＿＿
＿＿＿＿□＿＿＿＿＿
＿＿＿＿□□＿＿＿＿
■＿＿＿□□＿＿＿＿
■＿＿＿□□□□＿＿
■■□□□□□□＿＿
□□□□□□□□＿＿
□□□□□□□□＿□
□□＿□□□□□□□
□□□□□□□□□＿
□□□□□□□＿□＿
□＿□□□□□□□□
□□□□□□□□＿□
□□□□□□□＿□□
□□□□＿□□□□□
□□□＿□□□＿□＿
□□□□□□□□□＿
00:03:40(6615f):field(6614f)
＿＿＿＿＿＿＿＿＿＿
＿＿＿＿＿＿＿＿＿＿
＿＿＿＿＿＿＿＿＿＿
＿＿＿＿＿＿＿＿＿＿
＿＿＿＿◆＿＿＿＿＿
＿＿＿＿□◆＿＿＿＿
◆＿＿＿□□＿＿＿＿
□＿＿＿□□◆◆＿＿
□◆◆◆□□□□■＿
□□□□□□□□■＿
□□□□□□□□■◆
□□＿□□□□□□□
□□□□□□□□□＿
□□□□□□□＿□＿
□＿□□□□□□□□
□□□□□□□□＿□
□□□□□□□＿□□
□□□□＿□□□□□
□□□＿□□□＿□＿
□□□□□□□□□＿
00:03:40(6628f):field(6627f)
＿＿＿＿＿＿＿＿＿＿
＿＿＿＿＿＿＿＿＿＿
＿＿＿＿＿＿＿＿＿＿
＿＿＿＿＿＿＿＿＿＿
＿＿＿＿■■＿＿＿＿
＿＿＿＿□■■＿＿＿
＿＿＿＿□□＿＿＿＿
□＿＿＿□□＿＿＿＿
□＿＿＿□□□□□＿
□□□□□□□□□＿
□□□□□□□□□＿
□□＿□□□□□□□
□□□□□□□□□＿
□□□□□□□＿□＿
□＿□□□□□□□□
□□□□□□□□＿□
□□□□□□□＿□□
□□□□＿□□□□□
□□□＿□□□＿□＿
□□□□□□□□□＿
00:03:41(6644f):field(6643f)
＿＿＿＿＿＿＿＿＿＿
＿＿＿＿＿＿＿＿＿＿
＿＿＿＿＿＿＿＿＿＿
＿＿＿＿＿＿＿＿＿＿
＿＿＿＿□□＿＿＿＿
＿＿＿＿□□□＿＿＿
＿＿＿＿□□＿＿＿＿
□＿■＿□□＿＿＿＿
□■■■□□□□□＿
□□□□□□□□□＿
□□□□□□□□□＿
□□＿□□□□□□□
□□□□□□□□□＿
□□□□□□□＿□＿
□＿□□□□□□□□
□□□□□□□□＿□
□□□□□□□＿□□
□□□□＿□□□□□
□□□＿□□□＿□＿
□□□□□□□□□＿
00:03:41(6658f):field(6657f)
＿＿＿＿＿＿＿＿＿＿
＿＿＿＿＿＿＿＿＿＿
＿＿＿＿＿＿＿＿＿＿
＿＿＿＿＿＿＿＿＿＿
＿＿＿＿□□＿＿＿＿
■＿＿＿□□□＿＿＿
■■＿＿□□＿＿＿＿
□■□＿□□＿＿＿＿
□□□□□□□□□＿
□□□□□□□□□＿
□□□□□□□□□＿
□□＿□□□□□□□
□□□□□□□□□＿
□□□□□□□＿□＿
□＿□□□□□□□□
□□□□□□□□＿□
□□□□□□□＿□□
□□□□＿□□□□□
□□□＿□□□＿□＿
□□□□□□□□□＿
00:03:42(6673f):field(6672f)
＿＿＿＿＿＿＿＿＿＿
＿＿＿＿＿＿＿＿＿＿
＿＿＿＿＿＿＿＿＿＿
＿＿＿＿＿＿＿＿＿＿
＿＿＿＿□□＿＿＿＿
□＿＿＿□□□＿＿＿
□□＿＿□□■＿＿＿
□□□＿□□■■■＿
□□□□□□□□□＿
□□□□□□□□□＿
□□□□□□□□□＿
□□＿□□□□□□□
□□□□□□□□□＿
□□□□□□□＿□＿
□＿□□□□□□□□
□□□□□□□□＿□
□□□□□□□＿□□
□□□□＿□□□□□
□□□＿□□□＿□＿
□□□□□□□□□＿
00:03:43(6691f):field(6690f)
＿＿＿＿＿＿＿＿＿＿
＿＿＿＿＿＿＿＿＿＿
＿＿＿＿＿＿＿＿＿＿
＿＿＿＿＿＿＿＿＿＿
＿＿＿＿◆◆＿＿＿＿
◆＿＿＿□□◆＿＿＿
□◆＿＿□□□＿＿＿
□□◆＿□□□◆□■
□□□◆□□□□□■
□□□□□□□□□＿
□□□□□□□□□＿
□□＿□□□□□□□
□□□□□□□□□＿
□□□□□□□＿□＿
□＿□□□□□□□□
□□□□□□□□＿□
□□□□□□□＿□□
□□□□＿□□□□□
□□□＿□□□＿□＿
□□□□□□□□□＿
00:03:43(6704f):field(6703f)
＿＿＿＿＿＿＿＿＿＿
＿＿＿＿＿＿＿＿＿＿
＿＿＿＿＿＿＿＿＿＿
＿＿＿＿＿＿＿＿＿＿
＿＿＿＿＿＿＿＿＿＿
＿＿＿＿◆◆＿＿＿＿
◆＿＿■□□◆＿＿＿
□□＿■□□□＿◆□
□□◆■□□□◆□□
□□□□□□□□□＿
□□□□□□□□□＿
□□＿□□□□□□□
□□□□□□□□□＿
□□□□□□□＿□＿
□＿□□□□□□□□
□□□□□□□□＿□
□□□□□□□＿□□
□□□□＿□□□□□
□□□＿□□□＿□＿
□□□□□□□□□＿
00:03:43(6715f):field(6714f)
＿＿＿＿＿＿＿＿＿＿
＿＿＿＿＿＿＿＿＿＿
＿＿＿＿＿＿＿＿＿＿
＿＿＿＿＿＿＿＿＿＿
＿＿＿■■＿＿＿＿＿
＿＿＿■■＿＿＿＿＿
＿＿＿□□□＿＿＿＿
□◆＿□□□□＿＿◆
□□＿□□□□＿□□
□□□□□□□□□＿
□□□□□□□□□＿
□□＿□□□□□□□
□□□□□□□□□＿
□□□□□□□＿□＿
□＿□□□□□□□□
□□□□□□□□＿□
□□□□□□□＿□□
□□□□＿□□□□□
□□□＿□□□＿□＿
□□□□□□□□□＿
00:03:44(6732f):field(6731f)
＿＿＿＿＿＿＿＿＿＿
＿＿＿＿＿＿＿＿＿＿
＿＿＿＿＿＿＿＿＿＿
＿＿＿＿＿＿＿＿＿＿
＿＿＿□□＿＿＿＿＿
＿＿＿□□＿＿＿＿＿
＿■＿□□□＿＿＿＿
□■■□□□□＿＿＿
□□■□□□□＿□□
□□□□□□□□□＿
□□□□□□□□□＿
□□＿□□□□□□□
□□□□□□□□□＿
□□□□□□□＿□＿
□＿□□□□□□□□
□□□□□□□□＿□
□□□□□□□＿□□
□□□□＿□□□□□
□□□＿□□□＿□＿
□□□□□□□□□＿
00:03:44(6747f):field(6746f)
＿＿＿＿＿＿＿＿＿＿
＿＿＿＿＿＿＿＿＿＿
＿＿＿＿＿＿＿＿＿＿
＿＿＿＿＿＿＿＿＿＿
＿＿＿◆◆＿＿＿＿＿
＿＿＿□□＿＿＿＿＿
＿◆＿□□◆＿＿＿＿
◆□◆□□□◆■■＿
□□□□□□□■◆□
□□□□□□□□□＿
□□□□□□□□□＿
□□＿□□□□□□□
□□□□□□□□□＿
□□□□□□□＿□＿
□＿□□□□□□□□
□□□□□□□□＿□
□□□□□□□＿□□
□□□□＿□□□□□
□□□＿□□□＿□＿
□□□□□□□□□＿
00:03:45(6760f):field(6759f)
＿＿＿＿＿＿＿＿＿＿
＿＿＿＿＿＿＿＿＿＿
＿＿＿＿＿＿＿＿＿＿
＿＿＿＿＿＿＿＿＿＿
＿＿＿＿＿＿＿＿＿＿
＿＿＿□□＿＿＿＿＿
＿＿＿□□■■■＿＿
＿□＿□□□■□□＿
□□□□□□□□＿◆
□□□□□□□□□＿
□□□□□□□□□＿
□□＿□□□□□□□
□□□□□□□□□＿
□□□□□□□＿□＿
□＿□□□□□□□□
□□□□□□□□＿□
□□□□□□□＿□□
□□□□＿□□□□□
□□□＿□□□＿□＿
□□□□□□□□□＿
00:03:45(6779f):field(6778f)
＿＿＿＿＿＿＿＿＿＿
＿＿＿＿＿＿＿＿＿＿
＿＿＿＿＿＿＿＿＿＿
＿＿＿＿＿■＿＿＿＿
＿＿＿＿＿■＿＿＿＿
＿＿＿□□■■＿＿＿
＿＿＿□□□□□＿＿
＿□＿□□□□□□＿
□□□□□□□□＿＿
□□□□□□□□□＿
□□□□□□□□□＿
□□＿□□□□□□□
□□□□□□□□□＿
□□□□□□□＿□＿
□＿□□□□□□□□
□□□□□□□□＿□
□□□□□□□＿□□
□□□□＿□□□□□
□□□＿□□□＿□＿
□□□□□□□□□＿
00:03:46(6792f):field(6791f)
＿＿＿＿＿＿＿＿＿＿
＿＿＿＿＿＿＿＿＿＿
＿＿＿＿＿＿＿＿＿＿
＿＿＿＿＿◆＿＿＿＿
＿＿＿＿＿◆＿＿＿＿
＿＿＿◆◆□◆＿＿＿
＿＿＿◆◆□◆◆＿＿
＿◆＿□□□□◆◆＿
◆◆◆□□□□□＿＿
◆□◆□□□□□□■
□□□□□□□□◆■
□□■□□□□□□□
□□□□□□□□□■
□□□□□□□＿□＿
□＿□□□□□□□□
□□□□□□□□＿□
□□□□□□□＿□□
□□□□＿□□□□□
□□□＿□□□＿□＿
□□□□□□□□□＿
00:03:46(6806f):field(6805f)
＿＿＿＿＿＿＿＿＿＿
＿＿＿＿＿＿＿＿＿＿
＿＿＿＿＿＿＿＿＿＿
＿＿＿＿＿＿＿＿＿＿
＿＿＿＿＿＿＿＿＿＿
＿＿＿■■□＿＿＿＿
＿＿＿■■□＿＿＿＿
＿＿＿□□□□＿＿＿
＿＿＿□□□□□＿＿
＿□＿□□□□□□□
□□□□□□□□＿□
□□◆□□□□□□□
□□□□□□□□□◆
□□□□□□□＿□＿
□＿□□□□□□□□
□□□□□□□□＿□
□□□□□□□＿□□
□□□□＿□□□□□
□□□＿□□□＿□＿
□□□□□□□□□＿
00:03:47(6819f):field(6818f)
＿＿＿＿＿＿＿＿＿＿
＿＿＿＿＿＿＿＿＿＿
＿＿＿＿＿＿＿＿＿＿
＿＿＿＿＿＿＿＿＿＿
＿＿＿＿＿＿＿＿＿＿
＿＿＿□□□＿＿＿＿
＿＿＿□□□＿＿＿＿
＿■＿□□□□＿＿＿
＿■■□□□□□＿＿
＿□■□□□□□□□
□□□□□□□□＿□
□□＿□□□□□□□
□□□□□□□□□＿
□□□□□□□＿□＿
□＿□□□□□□□□
□□□□□□□□＿□
□□□□□□□＿□□
□□□□＿□□□□□
□□□＿□□□＿□＿
□□□□□□□□□＿
00:03:47(6834f):field(6833f)
＿＿＿＿＿＿＿＿＿＿
＿＿＿＿＿＿＿＿＿＿
＿＿＿＿＿＿＿＿＿＿
＿＿＿＿＿＿＿＿＿＿
＿＿＿＿＿＿＿＿＿＿
＿＿■□□□＿＿＿＿
＿■■□□□＿＿＿＿
＿□■□□□□＿＿＿
＿□□□□□□□＿＿
＿□□□□□□□□□
□□□□□□□□＿□
□□＿□□□□□□□
□□□□□□□□□＿
□□□□□□□＿□＿
□＿□□□□□□□□
□□□□□□□□＿□
□□□□□□□＿□□
□□□□＿□□□□□
□□□＿□□□＿□＿
□□□□□□□□□＿
00:03:48(6851f):field(6850f)
＿＿＿＿＿＿＿＿＿＿
＿＿＿＿＿＿＿＿＿＿
＿＿＿＿＿＿＿＿＿＿
＿＿＿＿＿＿＿＿＿＿
＿＿＿＿＿＿＿＿＿＿
＿＿□□□□＿＿＿＿
＿□□□□□＿＿＿■
＿□□□□□□＿＿■
＿□□□□□□□■■
＿□□□□□□□□□
□□□□□□□□＿□
□□＿□□□□□□□
□□□□□□□□□＿
□□□□□□□＿□＿
□＿□□□□□□□□
□□□□□□□□＿□
□□□□□□□＿□□
□□□□＿□□□□□
□□□＿□□□＿□＿
□□□□□□□□□＿
00:03:48(6865f):field(6864f)
＿＿＿＿＿＿＿＿＿＿
＿＿＿＿＿＿＿＿＿＿
＿＿＿＿＿＿＿＿＿＿
＿＿＿＿＿＿＿＿＿＿
＿＿＿＿＿＿＿＿＿＿
＿＿◆◆◆◆＿＿＿＿
＿◆◆◆◆◆＿＿＿◆
＿□□□□□◆＿＿◆
■□□□□□□□◆□
■□□□□□□□◆□
□□□□□□□□■□
□□■□□□□□□□
□□□□□□□□□＿
□□□□□□□＿□＿
□＿□□□□□□□□
□□□□□□□□＿□
□□□□□□□＿□□
□□□□＿□□□□□
□□□＿□□□＿□＿
□□□□□□□□□＿
00:03:49(6878f):field(6877f)
＿＿＿＿＿＿＿＿＿＿
＿＿＿＿＿＿＿＿＿＿
＿＿＿＿＿＿＿＿＿＿
＿＿＿＿＿＿＿＿＿＿
＿＿＿＿＿＿＿＿＿＿
■＿＿＿＿＿＿＿＿＿
■＿＿＿＿＿＿＿＿＿
■□□□□□＿＿＿＿
□□□□□□◆◆＿□
□□□□□□□◆＿□
□□□□□□□□◆□
□□◆□□□□□□□
□□□□□□□□□＿
□□□□□□□＿□＿
□＿□□□□□□□□
□□□□□□□□＿□
□□□□□□□＿□□
□□□□＿□□□□□
□□□＿□□□＿□＿
□□□□□□□□□＿
00:03:49(6892f):field(6891f)
＿＿＿＿＿＿＿＿＿＿
＿＿＿＿＿＿＿＿＿＿
＿＿＿＿＿＿＿＿＿＿
＿＿＿＿＿＿＿＿＿＿
＿＿＿＿＿＿＿＿＿＿
◆＿＿＿＿＿＿＿＿＿
◆＿＿＿＿＿＿＿＿＿
□◆◆◆◆◆＿＿＿＿
□◆◆◆□◆＿＿＿◆
□□□□□□◆＿＿◆
□□□□□□◆□＿□
□□■□□□□□□□
□□□□□□□□□＿
□□□□□□□＿□＿
□＿□□□□□□□□
□□□□□□□□＿□
□□□□□□□＿□□
□□□□＿□□□□□
□□□＿□□□＿□＿
□□□□□□□□□＿
00:03:50(6907f):field(6906f)
＿＿＿＿＿＿＿＿＿＿
＿＿＿＿＿＿＿＿＿＿
＿＿＿＿＿＿＿＿＿＿
＿＿＿＿＿＿＿＿＿＿
＿＿＿＿＿＿＿＿＿＿
＿＿＿＿＿＿＿＿＿＿
＿＿＿＿＿＿＿＿＿＿
□＿＿＿＿＿＿＿＿＿
□＿＿＿◆＿＿＿＿＿
□□□□□□＿■■■
□□□□□□＿□■□
□□◆□□□□□□□
□□□□□□□□□＿
□□□□□□□＿□＿
□＿□□□□□□□□
□□□□□□□□＿□
□□□□□□□＿□□
□□□□＿□□□□□
□□□＿□□□＿□＿
□□□□□□□□□＿
00:03:50(6921f):field(6920f)
＿＿＿＿＿＿＿＿＿＿
＿＿＿＿＿＿＿＿＿＿
＿＿＿＿＿＿＿＿＿＿
＿＿＿＿＿＿＿＿＿＿
＿＿＿＿＿＿＿＿＿＿
＿＿＿＿＿＿＿＿＿＿
＿＿＿＿＿＿＿＿＿＿
◆＿＿＿＿＿＿＿＿＿
□■＿＿＿＿＿＿■＿
□□◆□◆◆■□◆□
□□□◆□◆■□◆◆
□□■□□□□□□□
□□□□□□□□□＿
□□□□□□□＿□＿
□＿□□□□□□□□
□□□□□□□□＿□
□□□□□□□＿□□
□□□□＿□□□□□
□□□＿□□□＿□＿
□□□□□□□□□＿
00:03:51(6932f):field(6931f)
＿＿＿＿＿＿＿＿＿＿
＿＿＿＿＿＿＿＿＿＿
＿＿＿＿＿＿＿＿＿＿
＿＿＿＿＿＿＿＿＿＿
＿＿＿＿＿＿＿＿＿＿
＿＿＿＿＿＿＿＿＿＿
＿＿＿＿＿＿＿＿＿＿
＿＿＿＿＿＿＿＿＿＿
◆◆＿＿＿＿＿＿◆＿
◆◆＿◆＿＿◆◆＿◆
□□◆■□＿◆◆＿＿
□◆□□◆◆□□◆◆
□□□□□□□□□＿
□□□□□□□＿□＿
□＿□□□□□□□□
□□□□□□□□＿□
□□□□□□□＿□□
□□□□＿□□□□□
□□□＿□□□＿□＿
□□□□□□□□□＿
00:03:51(6943f):field(6942f)
＿＿＿＿＿＿＿＿＿＿
＿＿＿＿＿＿＿＿＿＿
＿＿＿＿＿＿＿＿＿＿
＿＿＿＿＿＿＿＿＿＿
＿＿＿＿＿＿＿＿＿＿
＿＿＿＿＿＿＿＿＿＿
＿＿＿＿＿＿＿＿＿＿
＿＿＿＿＿＿＿＿＿＿
＿＿＿＿＿＿＿＿＿＿
＿＿＿＿■＿＿＿＿＿
□◆＿□□＿＿＿＿＿
□＿□□■■□□＿＿
□□□□□□□□□＿
□□□□□□□＿□＿
□＿□□□□□□□□
□□□□□□□□＿□
□□□□□□□＿□□
□□□□＿□□□□□
□□□＿□□□＿□＿
□□□□□□□□□＿
00:03:51(6957f):field(6956f)
＿＿＿＿＿＿＿＿＿＿
＿＿＿＿＿＿＿＿＿＿
＿＿＿＿＿＿＿＿＿＿
＿＿＿＿＿＿＿＿＿＿
＿＿＿＿＿＿＿＿＿＿
＿＿＿＿＿＿＿＿＿＿
＿＿＿＿＿＿＿＿＿＿
＿＿＿＿＿＿＿＿＿＿
＿＿＿＿＿＿＿＿＿＿
＿＿＿＿◆＿＿＿＿＿
◆＿＿◆□＿＿＿＿＿
□＿◆□□◆◆□＿■
□◆□□□□□□□■
□□□□□□□＿□■
□■□□□□□□□□
□□□□□□□□＿□
□□□□□□□＿□□
□□□□＿□□□□□
□□□＿□□□＿□＿
□□□□□□□□□＿
00:03:52(6969f):field(6968f)
＿＿＿＿＿＿＿＿＿＿
＿＿＿＿＿＿＿＿＿＿
＿＿＿＿＿＿＿＿＿＿
＿＿＿＿＿＿＿＿＿＿
＿＿＿＿＿＿＿＿＿＿
＿＿＿＿＿＿＿＿＿＿
＿＿＿＿＿＿＿＿＿＿
＿＿＿＿＿＿＿＿＿＿
＿＿＿＿＿＿＿＿＿＿
＿＿＿＿＿＿＿＿＿＿
＿＿＿＿□■■＿＿＿
□＿＿□□■■◆＿□
□＿□□□□□□◆□
□□□□□□□＿□□
□◆□□□□□□□□
□□□□□□□□＿□
□□□□□□□＿□□
□□□□＿□□□□□
□□□＿□□□＿□＿
□□□□□□□□□＿
00:03:52(6981f):field(6980f)
＿＿＿＿＿＿＿＿＿＿
＿＿＿＿＿＿＿＿＿＿
＿＿＿＿＿＿＿＿＿＿
＿＿＿＿＿＿＿＿＿＿
＿＿＿＿＿＿＿＿＿＿
＿＿＿＿＿＿＿＿＿＿
＿＿＿＿＿＿＿＿＿＿
＿＿＿＿＿＿＿＿＿＿
＿＿＿＿＿＿＿＿＿＿
＿＿＿＿＿＿＿＿＿＿
＿■＿＿□□□＿＿＿
□■■□□□□＿＿□
□■□□□□□□＿□
□□□□□□□＿□□
□＿□□□□□□□□
□□□□□□□□＿□
□□□□□□□＿□□
□□□□＿□□□□□
□□□＿□□□＿□＿
□□□□□□□□□＿
00:03:53(6998f):field(6997f)
＿＿＿＿＿＿＿＿＿＿
＿＿＿＿＿＿＿＿＿＿
＿＿＿＿＿＿＿＿＿＿
＿＿＿＿＿＿＿＿＿＿
＿＿＿＿＿＿＿＿＿＿
＿＿＿＿＿＿＿＿＿＿
＿＿＿＿＿＿＿＿＿＿
＿＿＿＿＿＿＿＿＿＿
＿＿＿＿＿＿＿＿＿＿
＿＿＿＿＿＿＿＿＿＿
＿◆＿＿◆◆◆＿＿＿
◆□□◆□□□■■□
□□□□□□□◆■□
□□□□□□□■□□
□＿□□□□□□□□
□□□□□□□□＿□
□□□□□□□＿□□
□□□□＿□□□□□
□□□＿□□□＿□＿
□□□□□□□□□＿
00:03:53(7011f):field(7010f)
＿＿＿＿＿＿＿＿＿＿
＿＿＿＿＿＿＿＿＿＿
＿＿＿＿＿＿＿＿＿＿
＿＿＿＿＿＿＿＿＿＿
＿＿＿＿＿＿＿＿＿＿
＿＿＿＿＿＿＿＿＿＿
＿＿＿＿＿＿＿＿＿＿
＿＿＿＿＿＿＿＿＿＿
＿＿＿＿＿＿＿＿＿＿
＿＿＿＿＿＿＿＿＿＿
＿■■＿＿＿＿＿＿＿
＿□□■□□□◆□□
□□□□□□□＿□□
□□□□□□□◆□□
□＿□□□□□□□□
□□□□□□□□＿□
□□□□□□□＿□□
□□□□＿□□□□□
□□□＿□□□＿□＿
□□□□□□□□□＿
00:03:54(7023f):field(7022f)
＿＿＿＿＿＿＿＿＿＿
＿＿＿＿＿＿＿＿＿＿
＿＿＿＿＿＿＿＿＿＿
＿＿＿＿＿＿＿＿＿＿
＿＿＿＿＿＿＿＿＿＿
＿＿＿＿＿＿＿＿＿＿
＿＿＿＿＿＿＿＿＿＿
＿＿＿＿＿＿＿＿＿＿
＿＿＿＿＿＿＿＿＿＿
＿＿＿＿＿＿＿＿＿＿
＿◆◆＿＿＿＿＿＿＿
＿◆◆□◆◆◆＿◆◆
◆□□□□◆◆■◆◆
□□□□□□□■□□
□＿□□□□□□□□
□□□□□□□□＿□
□□□□□□□＿□□
□□□□＿□□□□□
□□□＿□□□＿□＿
□□□□□□□□□＿
00:03:54(7037f):field(7036f)
＿＿＿＿＿＿＿＿＿＿
＿＿＿＿＿＿＿＿＿＿
＿＿＿＿＿＿＿＿＿＿
＿＿＿＿＿＿＿＿＿＿
＿＿＿＿＿＿＿＿＿＿
＿＿＿＿＿＿＿＿＿＿
＿＿＿＿＿＿＿＿＿＿
＿＿＿＿＿＿＿＿＿＿
＿＿＿＿＿＿＿＿＿＿
＿＿＿＿＿＿＿＿＿＿
＿＿＿＿＿＿＿＿＿＿
＿＿＿◆＿＿■■＿＿
＿□□◆◆■■□＿＿
◆□□□□□□□□□
□＿□□□□□□□□
□□□□□□□□＿□
□□□□□□□＿□□
□□□□＿□□□□□
□□□＿□□□＿□＿
□□□□□□□□□＿
00:03:54(7048f):field(7047f)
＿＿＿＿＿＿＿＿＿＿
＿＿＿＿＿＿＿＿＿＿
＿＿＿＿＿＿＿＿＿＿
＿＿＿＿＿＿＿＿＿＿
＿＿＿＿＿＿＿＿＿＿
＿＿＿＿＿＿＿＿＿＿
＿＿＿＿＿＿＿＿＿＿
＿＿＿＿＿＿＿＿＿＿
＿＿＿＿＿＿＿＿＿＿
＿＿＿＿■＿＿＿＿＿
＿＿＿■■■＿＿＿＿
＿＿＿■■＿□□＿＿
＿□□■■□□□＿＿
＿□□□□□□□□□
□＿□□□□□□□□
□□□□□□□□＿□
□□□□□□□＿□□
□□□□＿□□□□□
□□□＿□□□＿□＿
□□□□□□□□□＿
00:03:55(7062f):field(7061f)
＿＿＿＿＿＿＿＿＿＿
＿＿＿＿＿＿＿＿＿＿
＿＿＿＿＿＿＿＿＿＿
＿＿＿＿＿＿＿＿＿＿
＿＿＿＿＿＿＿＿＿＿
＿＿＿＿＿＿＿＿＿＿
＿＿＿＿＿＿＿＿＿＿
＿＿＿＿＿＿＿＿＿＿
＿＿＿＿＿＿＿＿＿＿
＿＿＿＿◆■＿＿＿＿
＿＿＿□◆□■＿＿＿
＿＿＿□◆■□□＿＿
＿□□□□□□□＿＿
＿□□□□□□□□□
□＿□□□□□□□□
□□□□□□□□＿□
□□□□□□□＿□□
□□□□＿□□□□□
□□□＿□□□＿□＿
□□□□□□□□□＿
00:03:55(7077f):field(7076f)
＿＿＿＿＿＿＿＿＿＿
＿＿＿＿＿＿＿＿＿＿
＿＿＿＿＿＿＿＿＿＿
＿＿＿＿＿＿＿＿＿＿
＿＿＿＿＿＿＿＿＿＿
＿＿＿＿＿＿＿＿＿＿
＿＿＿＿＿＿＿＿＿＿
＿＿＿＿＿＿＿＿＿＿
＿＿＿＿＿＿＿＿＿＿
＿＿＿＿＿□＿＿＿＿
＿＿＿□＿□□＿＿■
＿＿＿□＿□□□＿■
＿□□□□□□□■■
＿□□□□□□□□□
□＿□□□□□□□□
□□□□□□□□＿□
□□□□□□□＿□□
□□□□＿□□□□□
□□□＿□□□＿□＿
□□□□□□□□□＿
00:03:56(7094f):field(7093f)
＿＿＿＿＿＿＿＿＿＿
＿＿＿＿＿＿＿＿＿＿
＿＿＿＿＿＿＿＿＿＿
＿＿＿＿＿＿＿＿＿＿
＿＿＿＿＿＿＿＿＿＿
＿＿＿＿＿＿＿＿＿＿
＿＿＿＿＿＿＿＿＿＿
＿＿＿＿＿＿＿＿＿＿
＿＿＿＿＿＿＿＿＿＿
＿＿＿＿＿□＿＿＿＿
＿■■□＿□□＿＿□
＿■■□＿□□□＿□
＿□□□□□□□□□
＿□□□□□□□□□
□＿□□□□□□□□
□□□□□□□□＿□
□□□□□□□＿□□
□□□□＿□□□□□
□□□＿□□□＿□＿
□□□□□□□□□＿
00:03:57(7112f):field(7111f)
＿＿＿＿＿＿＿＿＿＿
＿＿＿＿＿＿＿＿＿＿
＿＿＿＿＿＿＿＿＿＿
＿＿＿＿＿＿＿＿＿＿
＿＿＿＿＿＿＿＿＿＿
＿＿＿＿＿＿＿＿＿＿
＿＿＿＿＿＿＿＿＿＿
■＿＿＿＿＿＿＿＿＿
■■＿＿＿＿＿＿＿＿
＿■＿＿＿□＿＿＿＿
＿□□□＿□□＿＿□
＿□□□＿□□□＿□
＿□□□□□□□□□
＿□□□□□□□□□
□＿□□□□□□□□
□□□□□□□□＿□
□□□□□□□＿□□
□□□□＿□□□□□
□□□＿□□□＿□＿
□□□□□□□□□＿
00:03:57(7124f):field(7123f)
＿＿＿＿＿＿＿＿＿＿
＿＿＿＿＿＿＿＿＿＿
＿＿＿＿＿＿＿＿＿＿
＿＿＿＿＿＿＿＿＿＿
＿＿＿＿＿＿＿＿＿＿
＿＿＿＿＿＿＿＿＿＿
＿＿＿＿＿＿＿＿＿＿
□＿＿＿＿＿＿＿＿＿
□□＿＿＿＿＿＿＿＿
＿□＿■■□＿＿＿＿
＿□□□■□□＿＿□
＿□□□■□□□＿□
＿□□□□□□□□□
＿□□□□□□□□□
□＿□□□□□□□□
□□□□□□□□＿□
□□□□□□□＿□□
□□□□＿□□□□□
□□□＿□□□＿□＿
□□□□□□□□□＿
00:03:58(7140f):field(7139f)
＿＿＿＿＿＿＿＿＿＿
＿＿＿＿＿＿＿＿＿＿
＿＿＿＿＿＿＿＿＿＿
＿＿＿＿＿＿＿＿＿＿
＿＿＿＿＿＿＿＿＿＿
＿＿＿＿＿＿＿＿＿＿
＿＿＿＿＿＿＿＿＿＿
□＿＿■＿＿＿＿＿＿
□□■■＿＿＿＿＿＿
＿□■□□□＿＿＿＿
＿□□□□□□＿＿□
＿□□□□□□□＿□
＿□□□□□□□□□
＿□□□□□□□□□
□＿□□□□□□□□
□□□□□□□□＿□
□□□□□□□＿□□
□□□□＿□□□□□
□□□＿□□□＿□＿
□□□□□□□□□＿
00:03:58(7152f):field(7151f)
＿＿＿＿＿＿＿＿＿＿
＿＿＿＿＿＿＿＿＿＿
＿＿＿＿＿＿＿＿＿＿
＿＿＿＿＿＿＿＿＿＿
＿＿＿＿＿＿＿＿＿＿
＿＿＿＿＿＿＿＿＿＿
＿＿＿＿＿＿＿＿＿＿
□＿＿□＿＿＿＿＿＿
□□□□■■■＿＿＿
＿□□□□□■＿＿＿
＿□□□□□□＿＿□
＿□□□□□□□＿□
＿□□□□□□□□□
＿□□□□□□□□□
□＿□□□□□□□□
□□□□□□□□＿□
□□□□□□□＿□□
□□□□＿□□□□□
□□□＿□□□＿□＿
□□□□□□□□□＿
00:03:58(7163f):field(7162f)
＿＿＿＿＿＿＿＿＿＿
＿＿＿＿＿＿＿＿＿＿
＿＿＿＿＿＿＿＿＿＿
＿＿＿＿＿＿＿＿＿＿
＿＿＿＿＿＿＿＿＿＿
＿＿＿＿＿＿＿＿＿＿
＿＿＿＿■■＿＿＿＿
□＿＿□■■＿＿＿＿
□□□□□□□＿＿＿
＿□□□□□□＿＿＿
＿□□□□□□＿＿□
＿□□□□□□□＿□
＿□□□□□□□□□
＿□□□□□□□□□
□＿□□□□□□□□
□□□□□□□□＿□
□□□□□□□＿□□
□□□□＿□□□□□
□□□＿□□□＿□＿
□□□□□□□□□＿
00:03:59(7183f):field(7182f)
＿＿＿＿＿＿＿＿＿＿
＿＿＿＿＿＿＿＿＿＿
＿＿＿＿＿＿＿＿＿＿
＿＿＿＿＿＿＿＿＿＿
＿＿＿＿＿＿＿＿＿＿
＿＿＿＿＿＿＿＿＿＿
＿＿＿＿□□＿＿＿＿
□＿＿□□□＿■＿＿
□□□□□□□■＿＿
＿□□□□□□■＿＿
＿□□□□□□■＿□
＿□□□□□□□＿□
＿□□□□□□□□□
＿□□□□□□□□□
□＿□□□□□□□□
□□□□□□□□＿□
□□□□□□□＿□□
□□□□＿□□□□□
□□□＿□□□＿□＿
□□□□□□□□□＿
00:03:59(7199f):field(7198f)
＿＿＿＿＿＿＿＿＿＿
＿＿＿＿＿＿＿＿＿＿
＿＿＿＿＿＿＿＿＿＿
＿＿＿＿＿＿＿＿＿＿
＿＿＿＿＿＿＿＿＿＿
＿＿＿＿＿■■＿＿＿
＿＿＿＿□□■＿＿＿
□＿＿□□□■□＿＿
□□□□□□□□＿＿
＿□□□□□□□＿＿
＿□□□□□□□＿□
＿□□□□□□□＿□
＿□□□□□□□□□
＿□□□□□□□□□
□＿□□□□□□□□
□□□□□□□□＿□
□□□□□□□＿□□
□□□□＿□□□□□
□□□＿□□□＿□＿
□□□□□□□□□＿
00:04:00(7213f):field(7212f)
＿＿＿＿＿＿＿＿＿＿
＿＿＿＿＿＿＿＿＿＿
＿＿＿＿＿＿＿＿＿＿
＿＿＿＿＿＿＿＿＿＿
＿＿＿＿＿＿＿＿＿＿
＿＿＿＿＿□□＿＿＿
■■＿＿□□□＿＿＿
□■■□□□□□＿＿
□□□□□□□□＿＿
＿□□□□□□□＿＿
＿□□□□□□□＿□
＿□□□□□□□＿□
＿□□□□□□□□□
＿□□□□□□□□□
□＿□□□□□□□□
□□□□□□□□＿□
□□□□□□□＿□□
□□□□＿□□□□□
□□□＿□□□＿□＿
□□□□□□□□□＿
00:04:00(7228f):field(7227f)
＿＿＿＿＿＿＿＿＿＿
＿＿＿＿＿＿＿＿＿＿
＿＿＿＿＿＿＿＿＿＿
＿＿＿＿＿＿＿＿＿＿
＿＿＿＿＿＿＿＿＿＿
＿＿＿＿＿□□＿＿＿
□□＿＿□□□＿＿＿
□□□□□□□□＿＿
□□□□□□□□＿＿
＿□□□□□□□■■
＿□□□□□□□■□
＿□□□□□□□■□
＿□□□□□□□□□
＿□□□□□□□□□
□＿□□□□□□□□
□□□□□□□□＿□
□□□□□□□＿□□
□□□□＿□□□□□
□□□＿□□□＿□＿
□□□□□□□□□＿
00:04:01(7240f):field(7239f)
＿＿＿＿＿＿＿＿＿＿
＿＿＿＿＿＿＿＿＿＿
＿＿＿＿＿＿＿＿＿＿
＿＿＿＿＿＿＿＿＿＿
＿＿＿■＿＿＿＿＿＿
＿＿＿■■□□＿＿＿
□□＿■□□□＿＿＿
□□□□□□□□＿＿
□□□□□□□□＿＿
＿□□□□□□□□□
＿□□□□□□□□□
＿□□□□□□□□□
＿□□□□□□□□□
＿□□□□□□□□□
□＿□□□□□□□□
□□□□□□□□＿□
□□□□□□□＿□□
□□□□＿□□□□□
□□□＿□□□＿□＿
□□□□□□□□□＿
00:04:01(7255f):field(7254f)
＿＿＿＿＿＿＿＿＿＿
＿＿＿＿＿＿＿＿＿＿
＿＿＿＿＿＿＿＿＿＿
＿＿＿＿＿＿＿＿＿＿
＿＿＿◆＿＿＿＿＿＿
＿＿＿◆◆◆◆＿＿＿
□◆＿□◆◆◆＿■＿
◆◆◆□□□□□＿■
□□◆□□□□◆＿＿
■□□□□□□□□□
＿□□□□□□□□□
＿□□□□□□□□□
＿□□□□□□□□□
＿□□□□□□□□□
□＿□□□□□□□□
□□□□□□□□＿□
□□□□□□□＿□□
□□□□＿□□□□□
□□□＿□□□＿□＿
□□□□□□□□□＿
00:04:02(7270f):field(7269f)
＿＿＿＿＿＿＿＿＿＿
＿＿＿＿＿＿＿＿＿＿
＿＿＿＿＿＿＿＿＿＿
＿＿＿＿＿＿＿＿＿＿
＿＿＿＿＿＿＿＿＿＿
＿＿＿＿＿＿＿＿＿＿
◆＿＿□＿＿＿＿◆＿
＿＿＿□□□□◆＿□
□□＿□□□□■■■
◆□□□□□□□□□
＿□□□□□□□□□
＿□□□□□□□□□
＿□□□□□□□□□
＿□□□□□□□□□
□＿□□□□□□□□
□□□□□□□□＿□
□□□□□□□＿□□
□□□□＿□□□□□
□□□＿□□□＿□＿
□□□□□□□□□＿
00:04:02(7285f):field(7284f)
＿＿＿＿＿＿＿＿＿＿
＿＿＿＿＿＿＿＿＿＿
＿＿＿＿＿＿＿＿＿＿
＿＿＿＿■＿＿＿＿＿
＿＿＿＿■＿＿＿＿＿
＿＿＿＿■＿＿＿＿＿
＿＿＿□■＿＿＿＿＿
＿＿＿□□□□＿＿□
□□＿□□□□□□□
＿□□□□□□□□□
＿□□□□□□□□□
＿□□□□□□□□□
＿□□□□□□□□□
＿□□□□□□□□□
□＿□□□□□□□□
□□□□□□□□＿□
□□□□□□□＿□□
□□□□＿□□□□□
□□□＿□□□＿□＿
□□□□□□□□□＿
00:04:03(7300f):field(7299f)
＿＿＿＿＿＿＿＿＿＿
＿＿＿＿＿＿＿＿＿＿
＿＿＿＿＿＿＿＿＿＿
＿＿＿＿□＿＿＿＿＿
＿＿＿＿□＿＿＿＿＿
＿＿＿＿□＿＿＿＿＿
＿＿＿□□＿■■＿＿
＿＿＿□□□□■■□
□□＿□□□□□□□
＿□□□□□□□□□
＿□□□□□□□□□
＿□□□□□□□□□
＿□□□□□□□□□
＿□□□□□□□□□
□＿□□□□□□□□
□□□□□□□□＿□
□□□□□□□＿□□
□□□□＿□□□□□
□□□＿□□□＿□＿
□□□□□□□□□＿
00:04:03(7313f):field(7312f)
＿＿＿＿＿＿＿＿＿＿
＿＿＿＿＿＿＿＿＿＿
＿＿＿＿＿＿＿＿＿＿
＿＿＿＿◆＿＿＿＿＿
＿＿＿＿◆＿＿＿＿＿
＿＿＿＿□＿＿＿＿＿
＿＿＿◆□＿□◆＿＿
＿＿■◆□□◆□◆◆
◆◆＿□□◆□□◆◆
■□□□□□□□□□
＿□□□□□□□□□
＿□□□□□□□□□
＿□□□□□□□□□
＿□□□□□□□□□
□＿□□□□□□□□
□□□□□□□□＿□
□□□□□□□＿□□
□□□□＿□□□□□
□□□＿□□□＿□＿
□□□□□□□□□＿
00:04:04(7328f):field(7327f)
＿＿＿＿＿＿＿＿＿＿
＿＿＿＿＿＿＿＿＿＿
＿＿＿＿＿＿＿＿＿＿
＿＿＿＿＿＿＿＿＿＿
＿＿＿＿＿＿＿＿＿＿
＿＿＿＿□＿＿＿＿＿
＿＿＿＿□■◆＿＿＿
＿＿◆＿□□■◆＿＿
＿＿＿□□■□□＿＿
◆□□□□□□□□□
＿□□□□□□□□□
＿□□□□□□□□□
＿□□□□□□□□□
＿□□□□□□□□□
□＿□□□□□□□□
□□□□□□□□＿□
□□□□□□□＿□□
□□□□＿□□□□□
□□□＿□□□＿□＿
□□□□□□□□□＿
00:04:04(7341f):field(7340f)
＿＿＿＿＿＿＿＿＿＿
＿＿＿＿＿＿＿＿＿＿
＿＿＿＿＿＿＿＿＿＿
＿＿＿＿＿＿＿＿＿＿
＿＿＿＿＿■＿＿＿＿
＿＿＿＿□■■＿＿＿
＿＿＿＿□□■＿＿＿
＿＿＿＿□□□＿＿＿
＿＿＿□□□□□＿＿
＿□□□□□□□□□
＿□□□□□□□□□
＿□□□□□□□□□
＿□□□□□□□□□
＿□□□□□□□□□
□＿□□□□□□□□
□□□□□□□□＿□
□□□□□□□＿□□
□□□□＿□□□□□
□□□＿□□□＿□＿
□□□□□□□□□＿
00:04:05(7359f):field(7358f)
＿＿＿＿＿＿＿＿＿＿
＿＿＿＿＿＿＿＿＿＿
＿＿＿＿＿＿＿＿＿＿
＿＿＿＿＿＿＿＿＿＿
＿＿＿＿＿□＿＿＿＿
＿＿＿＿□□□＿＿＿
＿＿＿＿□□□＿■＿
＿＿＿＿□□□＿■＿
＿＿＿□□□□□■■
＿□□□□□□□□□
＿□□□□□□□□□
＿□□□□□□□□□
＿□□□□□□□□□
＿□□□□□□□□□
□＿□□□□□□□□
□□□□□□□□＿□
□□□□□□□＿□□
□□□□＿□□□□□
□□□＿□□□＿□＿
□□□□□□□□□＿
00:04:05(7373f):field(7372f)
＿＿＿＿＿＿＿＿＿＿
＿＿＿＿＿＿＿＿＿＿
＿＿＿＿＿＿＿＿＿＿
＿＿＿＿＿＿＿＿＿＿
＿＿＿＿＿□＿＿＿＿
＿＿＿＿□□□＿＿＿
＿＿＿■□□□＿□＿
＿＿■■□□□＿□＿
＿＿■□□□□□□□
＿□□□□□□□□□
＿□□□□□□□□□
＿□□□□□□□□□
＿□□□□□□□□□
＿□□□□□□□□□
□＿□□□□□□□□
□□□□□□□□＿□
□□□□□□□＿□□
□□□□＿□□□□□
□□□＿□□□＿□＿
□□□□□□□□□＿
00:04:06(7386f):field(7385f)
＿＿＿＿＿＿＿＿＿＿
＿＿＿＿＿＿＿＿＿＿
＿＿＿＿＿＿＿＿＿＿
＿＿＿＿＿＿＿＿＿＿
＿＿＿＿＿◆＿＿＿＿
＿＿＿＿◆◆◆＿＿＿
＿＿＿◆◆◆◆＿◆＿
＿＿◆◆◆◆◆＿◆＿
＿＿◆◆◆□◆◆◆◆
＿◆◆◆□□□□◆◆
■□□□□□□◆□◆
＿□□□□□□□□□
＿□□□□□□□□□
■□□□□□□□□□
□＿□□□□□□□□
□□□□□□□□■□
□□□□□□□＿□□
□□□□＿□□□□□
□□□＿□□□＿□＿
□□□□□□□□□＿
00:04:06(7401f):field(7400f)
＿＿＿＿＿＿＿＿＿＿
＿＿＿＿＿＿＿＿＿＿
＿＿＿＿＿＿＿＿＿＿
＿＿＿＿＿＿＿＿＿＿
＿＿＿＿＿＿＿＿＿＿
＿＿＿＿＿＿＿＿＿＿
＿＿＿＿＿＿＿＿＿＿
＿＿＿＿＿＿＿＿＿＿
＿＿＿＿＿◆＿＿＿＿
＿＿＿＿◆◆◆◆＿＿
◆◆◆◆◆□◆＿◆＿
＿◆◆◆□□□◆◆◆
＿◆□□□□□◆□◆
□□□□□□□◆□◆
□■□□□□□□□□
□□□□□□□□□□
□□□□□□□＿□□
□□□□＿□□□□□
□□□＿□□□＿□＿
□□□□□□□□□＿
00:04:07(7417f):field(7416f)
＿＿＿＿＿＿＿＿＿＿
＿＿＿＿＿＿＿＿＿＿
＿＿＿＿＿＿＿＿＿＿
＿＿＿＿＿＿＿＿＿＿
＿＿＿＿＿＿＿＿＿＿
＿＿＿＿＿＿＿＿＿＿
＿＿＿＿＿＿＿＿＿＿
＿＿＿＿＿＿＿＿＿＿
＿＿＿＿＿＿＿＿＿＿
＿＿＿■■＿＿＿＿＿
＿＿＿■■□＿＿＿＿
＿＿＿＿□□□＿＿＿
＿＿◆□□□□＿□＿
□◆□□□□□＿□＿
□◆□□□□□□□□
□□□□□□□□◆□
□□□□□□□＿□□
□□□□＿□□□□□
□□□＿□□□＿□＿
□□□□□□□□□＿
00:04:07(7433f):field(7432f)
＿＿＿＿＿＿＿＿＿＿
＿＿＿＿＿＿＿＿＿＿
＿＿＿＿＿＿＿＿＿＿
＿＿＿＿＿＿＿＿＿＿
＿＿＿＿＿＿＿＿＿＿
＿＿＿＿＿＿＿＿＿＿
＿＿＿＿＿＿＿＿＿＿
＿＿＿＿＿＿＿＿＿＿
＿＿＿＿＿＿＿＿＿＿
＿＿＿□□＿＿＿＿＿
＿＿＿□□□＿＿＿＿
＿＿＿＿□□□■■＿
＿＿＿□□□□■□＿
□＿□□□□□■□＿
□＿□□□□□□□□
□□□□□□□□＿□
□□□□□□□＿□□
□□□□＿□□□□□
□□□＿□□□＿□＿
□□□□□□□□□＿
00:04:08(7450f):field(7449f)
＿＿＿＿＿＿＿＿＿＿
＿＿＿＿＿＿＿＿＿＿
＿＿＿＿＿＿＿＿＿＿
＿＿＿＿＿＿＿＿＿＿
＿＿＿＿＿＿＿＿＿＿
＿＿＿＿＿＿＿＿＿＿
＿＿＿＿＿＿＿＿＿＿
＿＿＿＿＿＿＿＿＿＿
＿＿＿＿＿＿＿＿＿＿
＿＿＿◆◆＿＿＿＿＿
＿＿＿□□◆＿＿＿＿
＿＿＿■□□◆◆◆＿
＿＿＿◆□□□□□＿
□■◆□□□□□□＿
□■□□□□□□□◆
□□□□□□□□＿□
□□□□□□□＿□□
□□□□＿□□□□□
□□□＿□□□＿□＿
□□□□□□□□□＿
00:04:08(7465f):field(7464f)
＿＿＿＿＿＿＿＿＿＿
＿＿＿＿＿＿＿＿＿＿
＿＿＿＿＿＿＿＿＿＿
＿＿＿＿＿＿＿＿＿＿
＿＿＿＿＿＿＿＿＿＿
＿＿＿＿＿＿＿＿＿＿
＿＿＿＿＿＿＿＿＿＿
＿＿＿＿＿＿＿＿＿＿
＿＿＿＿＿＿＿＿＿＿
＿＿＿＿＿■＿＿＿＿
＿＿＿□□■■＿＿＿
＿＿＿□□□■＿＿＿
＿＿＿＿□□□□□＿
□□＿□□□□□□＿
□□□□□□□□□＿
□□□□□□□□＿□
□□□□□□□＿□□
□□□□＿□□□□□
□□□＿□□□＿□＿
□□□□□□□□□＿
00:04:09(7477f):field(7476f)
＿＿＿＿＿＿＿＿＿＿
＿＿＿＿＿＿＿＿＿＿
＿＿＿＿＿＿＿＿＿＿
＿＿＿＿＿＿＿＿＿＿
＿＿＿＿＿＿＿＿＿＿
＿＿＿＿＿＿＿＿＿＿
＿＿＿＿＿＿＿＿＿＿
＿＿＿＿＿■＿＿＿＿
＿＿＿＿■■＿＿＿＿
＿＿＿＿■□＿＿＿＿
＿＿＿□□□□＿＿＿
＿＿＿□□□□＿＿＿
＿＿＿＿□□□□□＿
□□＿□□□□□□＿
□□□□□□□□□＿
□□□□□□□□＿□
□□□□□□□＿□□
□□□□＿□□□□□
□□□＿□□□＿□＿
□□□□□□□□□＿
00:04:09(7494f):field(7493f)
＿＿＿＿＿＿＿＿＿＿
＿＿＿＿＿＿＿＿＿＿
＿＿＿＿＿＿＿＿＿＿
＿＿＿＿＿＿＿＿＿＿
＿＿＿＿＿＿＿＿＿＿
＿＿＿＿＿＿＿＿＿＿
＿＿＿＿＿＿＿＿＿＿
＿＿＿＿＿□＿＿＿＿
＿＿＿＿□□＿＿＿＿
＿＿＿＿□□＿＿＿＿
＿＿＿□□□□■■＿
＿＿＿□□□□■■＿
＿＿＿＿□□□□□＿
□□＿□□□□□□＿
□□□□□□□□□＿
□□□□□□□□＿□
□□□□□□□＿□□
□□□□＿□□□□□
□□□＿□□□＿□＿
□□□□□□□□□＿
00:04:10(7507f):field(7506f)
＿＿＿＿＿＿＿＿＿＿
＿＿＿＿＿＿＿＿＿＿
＿＿＿＿＿＿＿＿＿＿
＿＿＿＿＿＿＿＿＿＿
＿＿＿＿＿＿＿＿＿＿
＿＿＿＿＿＿＿＿＿＿
＿＿＿＿＿＿＿＿＿＿
＿＿＿＿＿□＿＿＿＿
＿＿＿＿□□＿＿＿＿
＿＿＿＿□□＿＿＿＿
＿＿＿□□□□□□＿
＿＿＿□□□□□□＿
＿■■■□□□□□＿
□□■□□□□□□＿
□□□□□□□□□＿
□□□□□□□□＿□
□□□□□□□＿□□
□□□□＿□□□□□
□□□＿□□□＿□＿
□□□□□□□□□＿
00:04:10(7521f):field(7520f)
＿＿＿＿＿＿＿＿＿＿
＿＿＿＿＿＿＿＿＿＿
＿＿＿＿＿＿＿＿＿＿
＿＿＿＿＿＿＿＿＿＿
＿＿＿＿＿＿＿＿＿＿
＿＿＿＿＿＿＿＿＿＿
＿＿＿＿＿＿＿＿＿＿
＿＿＿＿＿□＿＿＿＿
＿＿＿＿□□＿＿＿＿
＿＿■■□□＿＿＿＿
＿＿■□□□□□□＿
＿＿■□□□□□□＿
＿□□□□□□□□＿
□□□□□□□□□＿
□□□□□□□□□＿
□□□□□□□□＿□
□□□□□□□＿□□
□□□□＿□□□□□
□□□＿□□□＿□＿
□□□□□□□□□＿
00:04:11(7536f):field(7535f)
＿＿＿＿＿＿＿＿＿＿
＿＿＿＿＿＿＿＿＿＿
＿＿＿＿＿＿＿＿＿＿
＿＿＿＿＿＿＿＿＿＿
＿＿＿＿＿＿＿＿＿＿
＿＿＿＿＿＿＿＿＿＿
＿＿＿＿＿＿＿＿＿＿
＿＿＿＿＿□■＿＿＿
＿＿＿＿□□■＿＿＿
＿＿□□□□■■＿＿
＿＿□□□□□□□＿
＿＿□□□□□□□＿
＿□□□□□□□□＿
□□□□□□□□□＿
□□□□□□□□□＿
□□□□□□□□＿□
□□□□□□□＿□□
□□□□＿□□□□□
□□□＿□□□＿□＿
□□□□□□□□□＿
00:04:11(7549f):field(7548f)
＿＿＿＿＿＿＿＿＿＿
＿＿＿＿＿＿＿＿＿＿
＿＿＿＿＿＿＿＿＿＿
＿＿＿＿＿＿＿＿＿＿
＿＿＿＿＿＿＿＿＿＿
＿＿＿＿＿＿＿＿＿＿
＿＿＿＿＿＿＿＿＿＿
＿＿＿＿＿□□＿＿＿
＿＿＿＿□□□＿＿＿
＿＿□□□□□□＿＿
＿■□□□□□□□＿
■■□□□□□□□＿
■□□□□□□□□＿
□□□□□□□□□＿
□□□□□□□□□＿
□□□□□□□□＿□
□□□□□□□＿□□
□□□□＿□□□□□
□□□＿□□□＿□＿
□□□□□□□□□＿
00:04:12(7562f):field(7561f)
＿＿＿＿＿＿＿＿＿＿
＿＿＿＿＿＿＿＿＿＿
＿＿＿＿＿＿＿＿＿＿
＿＿＿＿＿＿＿＿＿＿
＿＿＿＿＿＿＿＿＿＿
＿＿＿＿＿＿＿＿＿＿
＿＿＿＿＿＿＿＿＿＿
＿＿■■＿□□＿＿＿
＿＿■■□□□＿＿＿
＿＿□□□□□□＿＿
＿□□□□□□□□＿
□□□□□□□□□＿
□□□□□□□□□＿
□□□□□□□□□＿
□□□□□□□□□＿
□□□□□□□□＿□
□□□□□□□＿□□
□□□□＿□□□□□
□□□＿□□□＿□＿
□□□□□□□□□＿
00:04:12(7578f):field(7577f)
＿＿＿＿＿＿＿＿＿＿
＿＿＿＿＿＿＿＿＿＿
＿＿＿＿＿＿＿＿＿＿
＿＿＿＿＿＿＿＿＿＿
＿＿＿＿＿＿＿＿＿＿
＿＿＿＿＿＿＿＿＿＿
＿＿＿＿＿＿＿＿＿＿
＿＿◆◆＿◆◆＿＿＿
＿＿◆◆◆◆◆＿＿＿
＿＿◆◆◆◆◆◆＿＿
＿◆□□◆◆◆◆◆＿
□□□□◆□□◆◆■
□◆□□□□□□□＿
□□□□□□□□□■
□□□□□□□□□＿
□□□□□□□□＿□
□□□□□□□■□□
□□□□＿□□□□□
□□□＿□□□＿□＿
□□□□□□□□□＿
00:04:13(7592f):field(7591f)
＿＿＿＿＿＿＿＿＿＿
＿＿＿＿＿＿＿＿＿＿
＿＿＿＿＿＿＿＿＿＿
＿＿＿＿＿＿＿＿＿＿
＿＿＿＿＿＿＿＿＿＿
＿＿＿＿＿＿＿＿＿＿
＿＿＿＿＿＿＿＿＿＿
＿＿＿＿＿＿＿＿＿＿
＿＿＿＿＿＿＿＿＿＿
＿＿＿＿＿＿＿＿＿＿
＿＿□□■＿＿＿＿＿
◆◆□□■□□＿＿◆
◆＿□□□□□◆◆＿
◆◆□□□□□□◆◆
◆□□□□□□□□＿
□□□□□□□□＿□
□□□□□□□◆□□
□□□□＿□□□□□
□□□＿□□□＿□＿
□□□□□□□□□＿
00:04:13(7607f):field(7606f)
＿＿＿＿＿＿＿＿＿＿
＿＿＿＿＿＿＿＿＿＿
＿＿＿＿＿＿＿＿＿＿
＿＿＿＿＿＿＿＿＿＿
＿＿＿＿＿＿＿＿＿＿
＿＿＿＿＿＿＿＿＿＿
＿＿＿＿＿＿＿＿＿＿
＿＿＿＿＿＿＿＿＿＿
＿＿＿＿＿＿＿＿＿＿
＿＿＿＿＿＿＿＿＿＿
＿＿□□□＿＿＿＿＿
＿＿□□□□□＿＿＿
＿＿□□□□□＿■＿
＿＿□□□□□□■■
＿□□□□□□□□■
□□□□□□□□＿□
□□□□□□□＿□□
□□□□＿□□□□□
□□□＿□□□＿□＿
□□□□□□□□□＿
00:04:14(7620f):field(7619f)
＿＿＿＿＿＿＿＿＿＿
＿＿＿＿＿＿＿＿＿＿
＿＿＿＿＿＿＿＿＿＿
＿＿＿＿＿＿＿＿＿＿
＿＿＿＿＿＿＿＿＿＿
＿＿＿＿＿＿＿＿＿＿
＿＿＿＿＿＿＿＿＿＿
＿＿＿＿＿＿＿＿＿＿
＿＿＿＿＿＿＿＿＿＿
＿＿＿＿＿＿＿＿＿＿
＿＿◆◆◆＿＿＿＿＿
＿＿◆◆◆◆◆＿＿＿
■＿□□□◆□＿◆＿
＿＿□□□□□□◆◆
＿□□□□□□◆□◆
□□□□□□□□＿□
□□□□□□□＿□□
□□□□＿□□□□□
□□□＿□□□＿□＿
□□□□□□□□□＿
00:04:14(7632f):field(7631f)
＿＿＿＿＿＿＿＿＿＿
＿＿＿＿＿＿＿＿＿＿
＿＿＿＿＿＿＿＿＿＿
＿＿＿＿＿＿＿＿＿＿
＿＿＿＿＿＿＿＿＿＿
＿＿＿＿＿＿＿＿＿＿
＿＿＿＿＿＿＿＿＿＿
＿＿＿＿＿＿＿＿＿＿
＿＿＿＿＿＿＿＿＿＿
＿＿＿＿＿＿＿＿＿＿
＿＿＿＿＿＿＿＿＿＿
＿＿＿＿＿＿＿＿＿＿
□＿□□□＿◆＿＿＿
■■□□□□□◆＿＿
■□□□□□□＿□＿
□□□□□□□□＿□
□□□□□□□＿□□
□□□□＿□□□□□
□□□＿□□□＿□＿
□□□□□□□□□＿
00:04:14(7645f):field(7644f)
＿＿＿＿＿＿＿＿＿＿
＿＿＿＿＿＿＿＿＿＿
＿＿＿＿＿＿＿＿＿＿
＿＿＿＿＿＿＿＿＿＿
＿＿＿＿＿＿＿＿＿＿
＿＿＿＿＿＿＿＿＿＿
＿＿＿＿＿＿＿＿＿＿
＿＿＿＿＿＿＿＿＿＿
＿＿＿＿＿＿＿＿＿＿
＿＿＿＿＿＿＿＿＿＿
＿＿＿＿＿＿＿＿＿＿
＿＿＿＿＿■■＿＿＿
□＿□□□■■＿＿＿
□□□□□□□＿＿＿
□□□□□□□＿□＿
□□□□□□□□＿□
□□□□□□□＿□□
□□□□＿□□□□□
□□□＿□□□＿□＿
□□□□□□□□□＿
00:04:15(7663f):field(7662f)
＿＿＿＿＿＿＿＿＿＿
＿＿＿＿＿＿＿＿＿＿
＿＿＿＿＿＿＿＿＿＿
＿＿＿＿＿＿＿＿＿＿
＿＿＿＿＿＿＿＿＿＿
＿＿＿＿＿＿＿＿＿＿
＿＿＿＿＿＿＿＿＿＿
＿＿＿＿＿＿＿＿＿＿
＿＿＿＿＿＿＿＿＿＿
＿＿＿＿■＿＿＿＿＿
＿＿＿＿■＿＿＿＿＿
＿＿＿■■□□＿＿＿
□＿□□□□□＿＿＿
□□□□□□□＿＿＿
□□□□□□□＿□＿
□□□□□□□□＿□
□□□□□□□＿□□
□□□□＿□□□□□
□□□＿□□□＿□＿
□□□□□□□□□＿
00:04:15(7677f):field(7676f)
＿＿＿＿＿＿＿＿＿＿
＿＿＿＿＿＿＿＿＿＿
＿＿＿＿＿＿＿＿＿＿
＿＿＿＿＿＿＿＿＿＿
＿＿＿＿＿＿＿＿＿＿
＿＿＿＿＿＿＿＿＿＿
＿＿＿＿＿＿＿＿＿＿
＿＿＿＿＿＿＿＿＿＿
＿＿＿＿＿＿＿＿＿＿
＿＿＿＿□＿＿＿＿＿
＿＿＿＿□＿＿＿＿＿
＿＿＿□□□□■＿＿
□＿□□□□□■＿＿
□□□□□□□■＿＿
□□□□□□□■□＿
□□□□□□□□＿□
□□□□□□□＿□□
□□□□＿□□□□□
□□□＿□□□＿□＿
□□□□□□□□□＿
00:04:16(7690f):field(7689f)
＿＿＿＿＿＿＿＿＿＿
＿＿＿＿＿＿＿＿＿＿
＿＿＿＿＿＿＿＿＿＿
＿＿＿＿＿＿＿＿＿＿
＿＿＿＿＿＿＿＿＿＿
＿＿＿＿＿＿＿＿＿＿
＿＿＿＿＿＿＿＿＿＿
＿＿＿＿＿＿＿＿＿＿
＿＿＿＿＿＿＿＿＿＿
＿＿＿■□＿＿＿＿＿
＿＿■■□＿＿＿＿＿
＿＿■□□□□□＿＿
□＿□□□□□□＿＿
□□□□□□□□＿＿
□□□□□□□□□＿
□□□□□□□□＿□
□□□□□□□＿□□
□□□□＿□□□□□
□□□＿□□□＿□＿
□□□□□□□□□＿
00:04:16(7702f):field(7701f)
＿＿＿＿＿＿＿＿＿＿
＿＿＿＿＿＿＿＿＿＿
＿＿＿＿＿＿＿＿＿＿
＿＿＿＿＿＿＿＿＿＿
＿＿＿＿＿＿＿＿＿＿
＿＿＿＿＿＿＿＿＿＿
＿＿＿＿＿＿＿＿＿＿
＿＿＿＿＿＿＿＿＿＿
＿＿＿＿＿＿＿＿＿＿
＿＿＿□□＿＿＿＿＿
＿■□□□＿＿＿＿＿
■■□□□□□□＿＿
□■□□□□□□＿＿
□□□□□□□□＿＿
□□□□□□□□□＿
□□□□□□□□＿□
□□□□□□□＿□□
□□□□＿□□□□□
□□□＿□□□＿□＿
□□□□□□□□□＿
00:04:17(7715f):field(7714f)
＿＿＿＿＿＿＿＿＿＿
＿＿＿＿＿＿＿＿＿＿
＿＿＿＿＿＿＿＿＿＿
＿＿＿＿＿＿＿＿＿＿
＿＿＿＿＿＿＿＿＿＿
＿＿＿＿＿＿＿＿＿＿
＿＿＿＿＿＿＿＿＿＿
＿＿＿＿＿＿＿＿＿＿
＿■＿＿＿＿＿＿＿＿
■■＿□□＿＿＿＿＿
■□□□□＿＿＿＿＿
□□□□□□□□＿＿
□□□□□□□□＿＿
□□□□□□□□＿＿
□□□□□□□□□＿
□□□□□□□□＿□
□□□□□□□＿□□
□□□□＿□□□□□
□□□＿□□□＿□＿
□□□□□□□□□＿
00:04:17(7728f):field(7727f)
＿＿＿＿＿＿＿＿＿＿
＿＿＿＿＿＿＿＿＿＿
＿＿＿＿＿＿＿＿＿＿
＿＿＿＿＿＿＿＿＿＿
＿＿＿＿＿＿＿＿＿＿
＿＿＿＿＿＿＿＿＿＿
＿＿＿＿＿＿＿＿＿＿
＿＿＿＿＿＿＿＿＿＿
＿□■■■＿＿＿＿＿
□□■□□＿＿＿＿＿
□□□□□＿＿＿＿＿
□□□□□□□□＿＿
□□□□□□□□＿＿
□□□□□□□□＿＿
□□□□□□□□□＿
□□□□□□□□＿□
□□□□□□□＿□□
□□□□＿□□□□□
□□□＿□□□＿□＿
□□□□□□□□□＿
00:04:18(7741f):field(7740f)
＿＿＿＿＿＿＿＿＿＿
＿＿＿＿＿＿＿＿＿＿
＿＿＿＿＿＿＿＿＿＿
＿＿＿＿＿＿＿＿＿＿
＿＿＿＿＿＿＿＿＿＿
＿＿＿＿＿＿＿＿＿＿
＿＿＿＿＿＿＿＿＿＿
＿＿＿＿＿＿＿＿＿＿
＿□□□□＿＿＿＿＿
□□□□□■■＿＿＿
□□□□□■■＿＿＿
□□□□□□□□＿＿
□□□□□□□□＿＿
□□□□□□□□＿＿
□□□□□□□□□＿
□□□□□□□□＿□
□□□□□□□＿□□
□□□□＿□□□□□
□□□＿□□□＿□＿
□□□□□□□□□＿
00:04:18(7755f):field(7754f)
＿＿＿＿＿＿＿＿＿＿
＿＿＿＿＿＿＿＿＿＿
＿＿＿＿＿＿＿＿＿＿
＿＿＿＿＿＿＿＿＿＿
＿＿＿＿＿＿＿＿＿＿
＿＿＿＿＿＿＿＿＿＿
＿＿＿＿＿＿＿＿＿＿
＿＿＿＿＿＿＿＿＿＿
＿◆◆◆◆＿＿＿＿＿
◆◆◆◆◆◆◆＿＿＿
◆□□□□◆◆＿＿＿
□□□□□□□◆＿＿
□□□□□□□◆＿＿
□□□□□□□□■＿
□□□□□□□□□＿
□□□□□□□□＿□
□□□□□□□■□□
□□□□＿□□□□□
□□□＿□□□＿□＿
□□□□□□□□□＿
00:04:18(7768f):field(7767f)
＿＿＿＿＿＿＿＿＿＿
＿＿＿＿＿＿＿＿＿＿
＿＿＿＿＿＿＿＿＿＿
＿＿＿＿＿＿＿＿＿＿
＿＿＿＿＿＿＿＿＿＿
＿＿＿＿＿＿＿＿＿＿
＿＿＿＿＿＿＿＿＿＿
＿＿＿＿＿＿＿＿＿＿
＿＿＿＿＿＿＿＿＿＿
＿＿＿＿＿＿＿＿＿＿
＿◆◆◆◆＿＿＿＿＿
◆◆◆◆◆◆◆＿＿＿
◆□□□□◆◆＿＿＿
□□□□□□□□◆■
□□□□□□□◆□■
□□□□□□□□＿□
□□□□□□□◆□□
□□□□＿□□□□□
□□□＿□□□＿□＿
□□□□□□□□□＿
00:04:19(7785f):field(7784f)
＿＿＿＿＿＿＿＿＿＿
＿＿＿＿＿＿＿＿＿＿
＿＿＿＿＿＿＿＿＿＿
＿＿＿＿＿＿＿＿＿＿
＿＿＿＿＿＿＿＿＿＿
＿＿＿＿＿＿＿＿＿＿
＿＿＿＿＿＿＿＿＿＿
＿＿＿＿＿＿＿＿＿＿
＿＿＿＿＿＿＿＿＿＿
＿＿＿＿＿＿＿＿＿＿
＿＿＿＿＿＿＿＿＿＿
＿＿＿＿＿＿＿＿＿＿
＿◆◆◆◆＿＿＿＿＿
◆□□□□◆◆◆＿◆
□□□□□□□＿□□
□□□□□□□◆■□
□□□□□□□＿□□
□□□□＿□□□□□
□□□＿□□□＿□＿
□□□□□□□□□＿
00:04:20(7800f):field(7799f)
＿＿＿＿＿＿＿＿＿＿
＿＿＿＿＿＿＿＿＿＿
＿＿＿＿＿＿＿＿＿＿
＿＿＿＿＿＿＿＿＿＿
＿＿＿＿＿＿＿＿＿＿
＿＿＿＿＿＿＿＿＿＿
＿＿＿＿＿＿＿＿＿＿
＿＿＿＿＿＿＿＿＿＿
＿＿＿＿＿＿＿＿＿＿
＿＿＿＿＿＿＿＿＿＿
＿＿＿＿＿＿＿＿＿＿
＿＿＿＿＿＿＿＿＿＿
■■■＿＿＿＿＿＿＿
■□□□□＿＿＿＿＿
□□□□□□□＿□□
□□□□□□□＿□□
□□□□□□□＿□□
□□□□＿□□□□□
□□□＿□□□＿□＿
□□□□□□□□□＿
00:04:20(7813f):field(7812f)
＿＿＿＿＿＿＿＿＿＿
＿＿＿＿＿＿＿＿＿＿
＿＿＿＿＿＿＿＿＿＿
＿＿＿＿＿＿＿＿＿＿
＿＿＿＿＿＿＿＿＿＿
＿＿＿＿＿＿＿＿＿＿
＿＿＿＿＿＿＿＿＿＿
＿＿＿＿＿＿＿＿＿＿
＿＿＿＿＿＿＿＿＿＿
＿＿＿＿＿＿＿＿＿＿
＿＿＿＿＿＿＿＿＿＿
＿＿＿＿＿＿＿＿＿＿
□□□＿■■＿＿＿＿
□□□□□■■＿＿＿
□□□□□□□＿□□
□□□□□□□＿□□
□□□□□□□＿□□
□□□□＿□□□□□
□□□＿□□□＿□＿
□□□□□□□□□＿
00:04:21(7832f):field(7831f)
＿＿＿＿＿＿＿＿＿＿
＿＿＿＿＿＿＿＿＿＿
＿＿＿＿＿＿＿＿＿＿
＿＿＿＿＿＿＿＿＿＿
＿＿＿＿＿＿＿＿＿＿
＿＿＿＿＿＿＿＿＿＿
＿＿＿＿＿＿＿＿＿＿
＿＿＿＿＿＿＿＿＿＿
＿＿＿＿＿＿＿＿＿＿
＿＿＿＿＿＿＿＿＿＿
＿＿＿＿＿＿＿＿＿＿
＿＿＿＿＿＿＿＿＿＿
◆◆◆＿◆◆＿＿＿＿
◆◆◆◆◆◆◆■＿＿
◆◆◆◆◆□◆＿□◆
□□□□□□◆■◆□
□□□□□□□■□◆
□□□□＿□□□□□
□□□■□□□＿□＿
□□□□□□□□□＿
00:04:21(7844f):field(7843f)
＿＿＿＿＿＿＿＿＿＿
＿＿＿＿＿＿＿＿＿＿
＿＿＿＿＿＿＿＿＿＿
＿＿＿＿＿＿＿＿＿＿
＿＿＿＿＿＿＿＿＿＿
＿＿＿＿＿＿＿＿＿＿
＿＿＿＿＿＿＿＿＿＿
＿＿＿＿＿＿＿＿＿＿
＿＿＿＿＿＿＿＿＿＿
＿＿＿＿＿＿＿＿＿＿
＿＿＿＿＿＿＿＿＿＿
＿＿＿＿＿＿＿＿＿＿
＿＿＿＿＿＿＿＿＿＿
＿＿■＿＿＿＿◆＿＿
＿＿■■＿◆＿＿◆＿
□□□□□□＿◆＿◆
□□□□□□□□◆＿
□□□□＿□□□□□
□□□◆□□□＿□＿
□□□□□□□□□＿
00:04:21(7858f):field(7857f)
＿＿＿＿＿＿＿＿＿＿
＿＿＿＿＿＿＿＿＿＿
＿＿＿＿＿＿＿＿＿＿
＿＿＿＿＿＿＿＿＿＿
＿＿＿＿＿＿＿＿＿＿
＿＿＿＿＿＿＿＿＿＿
＿＿＿＿＿＿＿＿＿＿
＿＿＿＿＿＿＿＿＿＿
＿＿＿＿＿＿＿＿＿＿
＿＿＿＿＿＿＿＿＿＿
＿＿＿＿＿＿＿＿＿＿
＿＿＿＿＿＿＿＿＿＿
＿＿＿＿＿＿＿＿＿＿
＿＿◆＿＿＿＿＿＿＿
＿＿□◆＿＿＿＿＿＿
◆◆□□◆◆＿＿＿＿
□□□□□□□◆■■
□□□□＿□□□□□
□□□＿□□□■□＿
□□□□□□□□□＿
00:04:22(7872f):field(7871f)
＿＿＿＿＿＿＿＿＿＿
＿＿＿＿＿＿＿＿＿＿
＿＿＿＿＿＿＿＿＿＿
＿＿＿＿＿＿＿＿＿＿
＿＿＿＿＿＿＿＿＿＿
＿＿＿＿＿＿＿＿＿＿
＿＿＿＿＿＿＿＿＿＿
＿＿＿＿＿＿＿＿＿＿
＿＿＿＿＿＿＿＿＿＿
＿＿＿＿＿＿＿＿＿＿
＿＿＿＿＿＿＿＿＿＿
＿＿＿＿＿＿＿＿＿＿
＿＿＿＿＿＿＿＿＿＿
＿＿＿＿＿＿＿＿＿＿
＿＿◆＿＿＿＿＿＿＿
＿■□◆＿＿＿■＿＿
◆◆□□◆◆◆■◆◆
□□□□＿□□□□□
□□□＿□□□◆□＿
□□□□□□□□□＿
00:04:22(7885f):field(7884f)
＿＿＿＿＿＿＿＿＿＿
＿＿＿＿＿＿＿＿＿＿
＿＿＿＿＿＿＿＿＿＿
＿＿＿＿＿＿＿＿＿＿
＿＿＿＿＿＿＿＿＿＿
＿＿＿＿＿＿＿＿＿＿
＿＿＿＿＿＿＿＿＿＿
＿＿＿＿＿＿＿＿＿＿
＿＿＿＿＿＿＿＿＿＿
＿＿＿＿＿＿＿＿＿＿
＿＿＿＿＿＿＿＿＿＿
＿＿＿＿＿＿＿＿＿＿
＿＿＿＿＿＿＿＿＿＿
＿＿＿＿＿＿＿＿＿＿
＿＿＿＿＿＿＿＿＿＿
＿◆◆＿＿＿＿◆＿＿
＿■□◆＿■＿□＿＿
◆◆□□■□◆□◆◆
□□□＿□□□＿□＿
□□□□□□□□□＿
00:04:23(7895f):field(7894f)
＿＿＿＿＿＿＿＿＿＿
＿＿＿＿＿＿＿＿＿＿
＿＿＿＿＿＿＿＿＿＿
＿＿＿＿＿＿＿＿＿＿
＿＿＿＿＿＿＿＿＿＿
＿＿＿＿＿＿＿＿＿＿
＿＿＿＿＿＿＿＿＿＿
＿＿＿＿＿＿＿＿＿＿
＿＿＿＿＿＿＿＿＿＿
＿＿＿＿＿＿＿＿＿＿
＿＿＿＿＿＿＿＿＿＿
＿＿＿＿＿＿＿＿＿＿
＿＿＿＿＿＿＿＿＿＿
＿＿＿＿＿＿＿＿＿＿
＿＿＿＿＿＿■＿＿＿
＿＿＿＿＿＿■＿＿＿
＿◆□＿＿□■□＿＿
＿＿□□□□■□＿＿
□□□＿□□□＿□＿
□□□□□□□□□＿
00:04:23(7906f):field(7905f)
＿＿＿＿＿＿＿＿＿＿
＿＿＿＿＿＿＿＿＿＿
＿＿＿＿＿＿＿＿＿＿
＿＿＿＿＿＿＿＿＿＿
＿＿＿＿＿＿＿＿＿＿
＿＿＿＿＿＿＿＿＿＿
＿＿＿＿＿＿＿＿＿＿
＿＿＿＿＿＿＿＿＿＿
＿＿＿＿＿＿＿＿＿＿
＿＿＿＿＿＿＿＿＿＿
＿＿＿＿＿＿＿＿＿＿
＿＿＿＿＿＿＿＿＿＿
＿＿＿＿＿＿＿＿＿＿
＿＿＿＿＿＿＿＿＿＿
＿＿＿＿■＿□＿＿＿
＿＿＿＿■■□＿＿＿
＿＿□＿■□□□＿＿
＿＿□□□□□□＿＿
□□□＿□□□＿□＿
□□□□□□□□□＿
00:04:23(7916f):field(7915f)
＿＿＿＿＿＿＿＿＿＿
＿＿＿＿＿＿＿＿＿＿
＿＿＿＿＿＿＿＿＿＿
＿＿＿＿＿＿＿＿＿＿
＿＿＿＿＿＿＿＿＿＿
＿＿＿＿＿＿＿＿＿＿
＿＿＿＿＿＿＿＿＿＿
＿＿＿＿＿＿＿＿＿＿
＿＿＿＿＿＿＿＿＿＿
＿＿＿＿＿＿＿＿＿＿
＿＿＿＿＿＿＿＿＿＿
＿＿＿＿＿＿＿＿＿＿
＿＿＿＿■＿＿＿＿＿
＿＿＿＿■■＿＿＿＿
＿＿＿＿□■□＿＿＿
＿＿＿＿□□□＿＿＿
＿＿□＿□□□□＿＿
＿＿□□□□□□＿＿
□□□＿□□□＿□＿
□□□□□□□□□＿
00:04:24(7928f):field(7927f)
＿＿＿＿＿＿＿＿＿＿
＿＿＿＿＿＿＿＿＿＿
＿＿＿＿＿＿＿＿＿＿
＿＿＿＿＿＿＿＿＿＿
＿＿＿＿＿＿＿＿＿＿
＿＿＿＿＿＿＿＿＿＿
＿＿＿＿＿＿＿＿＿＿
＿＿＿＿＿＿＿＿＿＿
＿＿＿＿＿＿＿＿＿＿
＿＿＿＿＿＿＿＿＿＿
＿＿＿＿＿＿＿＿＿＿
＿＿＿＿＿＿＿＿＿＿
＿＿＿＿□＿＿＿＿＿
＿＿＿＿□□＿＿＿＿
＿＿＿＿□□□＿＿＿
＿＿＿＿□□□＿＿＿
■■□＿□□□□＿＿
■■□□□□□□＿＿
□□□＿□□□＿□＿
□□□□□□□□□＿
00:04:24(7942f):field(7941f)
＿＿＿＿＿＿＿＿＿＿
＿＿＿＿＿＿＿＿＿＿
＿＿＿＿＿＿＿＿＿＿
＿＿＿＿＿＿＿＿＿＿
＿＿＿＿＿＿＿＿＿＿
＿＿＿＿＿＿＿＿＿＿
＿＿＿＿＿＿＿＿＿＿
＿＿＿＿＿＿＿＿＿＿
＿＿＿＿＿＿＿＿＿＿
＿＿＿＿＿＿＿＿＿＿
＿＿＿＿＿＿＿＿＿＿
＿＿＿＿＿＿＿＿＿＿
＿＿＿＿□＿＿＿＿＿
＿＿＿＿□□＿＿＿＿
＿＿＿＿□□□＿＿＿
＿＿＿＿□□□＿＿■
□□□＿□□□□■■
□□□□□□□□■＿
□□□＿□□□＿□＿
□□□□□□□□□＿
00:04:25(7967f):field(7966f)
＿＿＿＿＿＿＿＿＿＿
＿＿＿＿＿＿＿＿＿＿
＿＿＿＿＿＿＿＿＿＿
＿＿＿＿＿＿＿＿＿＿
＿＿＿＿＿＿＿＿＿＿
＿＿＿＿＿＿＿＿＿＿
＿＿＿＿＿＿＿＿＿＿
＿＿＿＿＿＿＿＿＿＿
＿＿＿＿＿＿＿＿＿＿
＿＿＿＿＿＿＿＿＿＿
＿＿＿＿＿＿＿＿＿＿
＿＿＿＿＿＿＿＿＿＿
＿＿＿＿□＿＿＿＿＿
＿＿＿＿□□＿＿＿＿
＿＿＿＿□□□＿＿＿
■■■■□□□＿＿□
□□□＿□□□□□□
□□□□□□□□□＿
□□□＿□□□＿□＿
□□□□□□□□□＿
00:04:26(7983f):field(7982f)
＿＿＿＿＿＿＿＿＿＿
＿＿＿＿＿＿＿＿＿＿
＿＿＿＿＿＿＿＿＿＿
＿＿＿＿＿＿＿＿＿＿
＿＿＿＿＿＿＿＿＿＿
＿＿＿＿＿＿＿＿＿＿
＿＿＿＿＿＿＿＿＿＿
＿＿＿＿＿＿＿＿＿＿
＿＿＿＿＿＿＿＿＿＿
＿＿＿＿＿＿＿＿＿＿
＿＿＿＿＿＿＿＿＿＿
＿＿＿＿＿＿＿＿＿＿
＿＿＿＿◆＿＿＿＿＿
＿＿＿＿□◆＿＿＿＿
＿＿■＿□□◆＿■＿
□◆◆□□□□＿■□
□□□＿□□□□□□
□□□□□□□□□＿
□□□＿□□□＿□＿
□□□□□□□□□＿
00:04:26(7998f):field(7997f)
＿＿＿＿＿＿＿＿＿＿
＿＿＿＿＿＿＿＿＿＿
＿＿＿＿＿＿＿＿＿＿
＿＿＿＿＿＿＿＿＿＿
＿＿＿＿＿＿＿＿＿＿
＿＿＿＿＿＿＿＿＿＿
＿＿＿＿＿＿＿＿＿＿
＿＿＿＿＿＿＿＿＿＿
＿＿＿＿＿＿＿＿＿＿
＿＿＿＿＿＿＿＿＿＿
＿＿＿＿＿＿＿＿＿＿
＿＿＿＿＿＿＿＿＿＿
＿＿＿＿＿＿＿＿＿＿
＿＿＿＿◆＿＿＿＿＿
＿＿◆＿□◆＿＿◆＿
◆＿■□□□◆＿□◆
◆◆□■□□□□□◆
□□□□□□□□□＿
□□□■□□□＿□＿
□□□□□□□□□＿
00:04:26(8009f):field(8008f)
＿＿＿＿＿＿＿＿＿＿
＿＿＿＿＿＿＿＿＿＿
＿＿＿＿＿＿＿＿＿＿
＿＿＿＿＿＿＿＿＿＿
＿＿＿＿＿＿＿＿＿＿
＿＿＿＿＿＿＿＿＿＿
＿＿＿＿＿＿＿＿＿＿
＿＿＿＿＿＿＿＿＿＿
＿＿＿＿＿＿＿＿＿＿
＿＿＿＿＿＿＿＿＿＿
＿＿＿＿＿＿＿＿＿＿
＿＿＿＿＿＿＿＿＿＿
＿＿＿＿＿＿＿＿＿＿
＿＿＿＿＿＿＿＿＿＿
＿＿＿＿□＿■■＿＿
＿＿□□□□■■□＿
＿＿◆□□□□◆□＿
□□□□□□□□□＿
□□□◆□□□＿□＿
□□□□□□□□□＿
00:04:27(8022f):field(8021f)
＿＿＿＿＿＿＿＿＿＿
＿＿＿＿＿＿＿＿＿＿
＿＿＿＿＿＿＿＿＿＿
＿＿＿＿＿＿＿＿＿＿
＿＿＿＿＿＿＿＿＿＿
＿＿＿＿＿＿＿＿＿＿
＿＿＿＿＿＿＿＿＿＿
＿＿＿＿＿＿＿＿＿＿
＿＿＿＿＿＿＿＿＿＿
＿＿＿＿＿＿＿＿＿＿
＿＿＿＿＿＿＿＿＿＿
＿＿＿＿＿＿＿＿＿＿
＿＿＿＿■＿＿＿＿＿
＿＿＿＿■■＿＿＿＿
＿＿＿＿□■□□＿＿
＿＿□□□□□□□＿
＿＿＿□□□□＿□＿
□□□□□□□□□＿
□□□＿□□□＿□＿
□□□□□□□□□＿
00:04:27(8033f):field(8032f)
＿＿＿＿＿＿＿＿＿＿
＿＿＿＿＿＿＿＿＿＿
＿＿＿＿＿＿＿＿＿＿
＿＿＿＿＿＿＿＿＿＿
＿＿＿＿＿＿＿＿＿＿
＿＿＿＿＿＿＿＿＿＿
＿＿＿＿＿＿＿＿＿＿
＿＿＿＿＿＿＿＿＿＿
＿＿＿＿＿＿＿＿＿＿
＿＿＿＿＿＿＿＿＿＿
＿＿＿＿＿＿＿＿＿＿
＿＿＿＿＿＿＿＿＿＿
＿＿＿＿□＿＿＿＿＿
＿＿＿＿□□＿＿＿＿
＿＿＿＿□□□□＿＿
■＿□□□□□□□＿
■■■□□□□＿□＿
□□□□□□□□□＿
□□□＿□□□＿□＿
□□□□□□□□□＿
00:04:28(8049f):field(8048f)
＿＿＿＿＿＿＿＿＿＿
＿＿＿＿＿＿＿＿＿＿
＿＿＿＿＿＿＿＿＿＿
＿＿＿＿＿＿＿＿＿＿
＿＿＿＿＿＿＿＿＿＿
＿＿＿＿＿＿＿＿＿＿
＿＿＿＿＿＿＿＿＿＿
＿＿＿＿＿＿＿＿＿＿
＿＿＿＿＿＿＿＿＿＿
＿＿＿＿＿＿＿＿＿＿
＿＿＿＿＿＿＿＿＿＿
＿＿＿＿＿＿＿＿＿＿
＿＿＿＿◆＿＿＿＿＿
＿＿＿＿◆◆＿＿＿＿
＿＿＿＿□◆◆◆＿＿
◆＿◆◆□□◆◆◆＿
◆◆◆◆□□□■◆＿
□◆□□□□□□□＿
□□□■□□□■□■
□□□◆□□□□□■
00:04:28(8061f):field(8060f)
＿＿＿＿＿＿＿＿＿＿
＿＿＿＿＿＿＿＿＿＿
＿＿＿＿＿＿＿＿＿＿
＿＿＿＿＿＿＿＿＿＿
＿＿＿＿＿＿＿＿＿＿
＿＿＿＿＿＿＿＿＿＿
＿＿＿＿＿＿＿＿＿＿
＿＿＿＿＿＿＿＿＿＿
＿＿＿＿＿＿＿＿＿＿
＿＿＿＿＿＿＿＿＿＿
＿＿＿＿＿＿＿＿＿＿
＿＿＿＿＿＿＿＿＿＿
＿＿＿＿＿＿＿＿＿＿
＿＿＿＿＿＿＿＿＿＿
＿＿＿＿□＿＿＿＿＿
＿＿■＿□□＿＿＿＿
＿■■＿□□□□＿＿
□■□□□□□□□＿
□□□□□□□◆□□
□□□＿□□□◆□□
00:04:29(8071f):field(8070f)
＿＿＿＿＿＿＿＿＿＿
＿＿＿＿＿＿＿＿＿＿
＿＿＿＿＿＿＿＿＿＿
＿＿＿＿＿＿＿＿＿＿
＿＿＿＿＿＿＿＿＿＿
＿＿＿＿＿＿＿＿＿＿
＿＿＿＿＿＿＿＿＿＿
＿＿＿＿＿＿＿＿＿＿
＿＿＿＿＿＿＿＿＿＿
＿＿＿＿＿＿＿＿＿＿
＿＿＿＿＿＿＿＿＿＿
＿＿＿＿＿＿＿＿＿＿
＿＿＿＿＿＿＿＿＿＿
＿＿＿＿＿＿＿＿＿＿
＿＿■■□＿＿＿＿＿
＿＿□■□□＿＿＿＿
＿□□■□□□□＿＿
□□□□□□□□□＿
□□□□□□□＿□□
□□□＿□□□＿□□
00:04:29(8084f):field(8083f)
＿＿＿＿＿＿＿＿＿＿
＿＿＿＿＿＿＿＿＿＿
＿＿＿＿＿＿＿＿＿＿
＿＿＿＿＿＿＿＿＿＿
＿＿＿＿＿＿＿＿＿＿
＿＿＿＿＿＿＿＿＿＿
＿＿＿＿＿＿＿＿＿＿
＿＿＿＿＿＿＿＿＿＿
＿＿＿＿＿＿＿＿＿＿
＿＿＿＿＿＿＿＿＿＿
＿＿＿＿＿＿＿＿＿＿
＿＿＿＿＿＿＿＿＿＿
＿＿＿＿＿＿＿＿＿＿
＿＿＿＿＿＿＿＿＿＿
■＿□□□＿＿＿＿＿
■■□□□□＿＿＿＿
■□□□□□□□＿＿
□□□□□□□□□＿
□□□□□□□＿□□
□□□＿□□□＿□□
00:04:29(8098f):field(8097f)
＿＿＿＿＿＿＿＿＿＿
＿＿＿＿＿＿＿＿＿＿
＿＿＿＿＿＿＿＿＿＿
＿＿＿＿＿＿＿＿＿＿
＿＿＿＿＿＿＿＿＿＿
＿＿＿＿＿＿＿＿＿＿
＿＿＿＿＿＿＿＿＿＿
＿＿＿＿＿＿＿＿＿＿
＿＿＿＿＿＿＿＿＿＿
＿＿＿＿＿＿＿＿＿＿
＿＿＿＿＿＿＿＿＿＿
＿＿＿＿＿＿＿＿＿＿
＿＿＿＿＿＿＿＿＿＿
＿＿＿＿＿＿＿＿＿＿
□＿□□□＿＿＿＿＿
□□□□□□■■■＿
□□□□□□□□■＿
□□□□□□□□□＿
□□□□□□□＿□□
□□□＿□□□＿□□
00:04:30(8107f):field(8106f)
＿＿＿＿＿＿＿＿＿＿
＿＿＿＿＿＿＿＿＿＿
＿＿＿＿＿＿＿＿＿＿
＿＿＿＿＿＿＿＿＿＿
＿＿＿＿＿＿＿＿＿＿
＿＿＿＿＿＿＿＿＿＿
＿＿＿＿＿＿＿＿＿＿
＿＿＿＿＿＿＿＿＿＿
＿＿＿＿＿＿＿＿＿＿
＿＿＿＿＿＿＿＿＿＿
＿＿＿＿＿＿＿＿＿＿
＿＿＿＿＿＿＿＿＿＿
＿＿＿＿＿＿＿＿＿＿
＿＿＿＿＿■■＿＿＿
□＿□□□■■＿＿＿
□□□□□□□□□＿
□□□□□□□□□＿
□□□□□□□□□＿
□□□□□□□＿□□
□□□＿□□□＿□□
00:04:30(8119f):field(8118f)
＿＿＿＿＿＿＿＿＿＿
＿＿＿＿＿＿＿＿＿＿
＿＿＿＿＿＿＿＿＿＿
＿＿＿＿＿＿＿＿＿＿
＿＿＿＿＿＿＿＿＿＿
＿＿＿＿＿＿＿＿＿＿
＿＿＿＿＿＿＿＿＿＿
＿＿＿＿＿＿＿＿＿＿
＿＿＿＿＿＿＿＿＿＿
＿＿＿＿＿＿＿＿＿＿
＿＿＿＿＿＿＿＿＿＿
＿＿＿＿＿＿＿＿＿＿
＿＿■＿＿＿＿＿＿＿
＿■■＿＿□□＿＿＿
□■□□□□□＿＿＿
□□□□□□□□□＿
□□□□□□□□□＿
□□□□□□□□□＿
□□□□□□□＿□□
□□□＿□□□＿□□
00:04:30(8129f):field(8128f)
＿＿＿＿＿＿＿＿＿＿
＿＿＿＿＿＿＿＿＿＿
＿＿＿＿＿＿＿＿＿＿
＿＿＿＿＿＿＿＿＿＿
＿＿＿＿＿＿＿＿＿＿
＿＿＿＿＿＿＿＿＿＿
＿＿＿＿＿＿＿＿＿＿
＿＿＿＿＿＿＿＿＿＿
＿＿＿＿＿＿＿＿＿＿
＿＿＿＿＿＿＿＿＿＿
＿＿＿＿＿＿＿＿＿＿
＿＿＿■＿＿＿＿＿＿
＿＿□■＿＿＿＿＿＿
＿□□■■□□＿＿＿
□□□□□□□＿＿＿
□□□□□□□□□＿
□□□□□□□□□＿
□□□□□□□□□＿
□□□□□□□＿□□
□□□＿□□□＿□□
00:04:31(8139f):field(8138f)
＿＿＿＿＿＿＿＿＿＿
＿＿＿＿＿＿＿＿＿＿
＿＿＿＿＿＿＿＿＿＿
＿＿＿＿＿＿＿＿＿＿
＿＿＿＿＿＿＿＿＿＿
＿＿＿＿＿＿＿＿＿＿
＿＿＿＿＿＿＿＿＿＿
＿＿＿＿＿＿＿＿＿＿
＿＿＿＿＿＿＿＿＿＿
＿＿＿■＿＿＿＿＿＿
＿＿＿■■＿＿＿＿＿
＿＿＿□■＿＿＿＿＿
＿＿□□＿＿＿＿＿＿
＿□□□□□□＿＿＿
□□□□□□□＿＿＿
□□□□□□□□□＿
□□□□□□□□□＿
□□□□□□□□□＿
□□□□□□□＿□□
□□□＿□□□＿□□
00:04:31(8150f):field(8149f)
＿＿＿＿＿＿＿＿＿＿
＿＿＿＿＿＿＿＿＿＿
＿＿＿＿＿＿＿＿＿＿
＿＿＿＿＿＿＿＿＿＿
＿＿＿＿＿＿＿＿＿＿
＿＿＿＿＿＿＿＿＿＿
＿＿＿＿＿＿＿＿＿＿
＿＿＿＿＿＿＿＿＿＿
＿＿＿＿＿＿＿＿＿＿
＿＿＿□＿＿＿＿＿＿
＿＿＿□□＿＿＿＿＿
＿＿＿□□■＿＿＿＿
＿＿□□■■■＿＿＿
＿□□□□□□＿＿＿
□□□□□□□＿＿＿
□□□□□□□□□＿
□□□□□□□□□＿
□□□□□□□□□＿
□□□□□□□＿□□
□□□＿□□□＿□□
00:04:32(8165f):field(8164f)
＿＿＿＿＿＿＿＿＿＿
＿＿＿＿＿＿＿＿＿＿
＿＿＿＿＿＿＿＿＿＿
＿＿＿＿＿＿＿＿＿＿
＿＿＿＿＿＿＿＿＿＿
＿＿＿＿＿＿＿＿＿＿
＿＿＿＿＿＿＿＿＿＿
＿＿＿＿＿＿＿＿＿＿
＿＿＿＿＿＿＿＿＿＿
＿＿＿□＿＿＿＿＿＿
＿＿＿□□＿＿＿＿＿
＿＿＿□□□＿＿＿＿
＿＿□□□□□＿＿＿
＿□□□□□□■■＿
□□□□□□□■■＿
□□□□□□□□□＿
□□□□□□□□□＿
□□□□□□□□□＿
□□□□□□□＿□□
□□□＿□□□＿□□
00:04:32(8179f):field(8178f)
＿＿＿＿＿＿＿＿＿＿
＿＿＿＿＿＿＿＿＿＿
＿＿＿＿＿＿＿＿＿＿
＿＿＿＿＿＿＿＿＿＿
＿＿＿＿＿＿＿＿＿＿
＿＿＿＿＿＿＿＿＿＿
＿＿＿＿＿＿＿＿＿＿
＿＿＿＿＿＿＿＿＿＿
＿＿＿＿＿＿＿＿＿＿
＿＿＿□＿＿＿＿＿＿
＿＿＿□□＿＿＿＿＿
＿＿＿□□□■■＿＿
＿＿□□□□□■■＿
＿□□□□□□□□＿
□□□□□□□□□＿
□□□□□□□□□＿
□□□□□□□□□＿
□□□□□□□□□＿
□□□□□□□＿□□
□□□＿□□□＿□□
00:04:33(8191f):field(8190f)
＿＿＿＿＿＿＿＿＿＿
＿＿＿＿＿＿＿＿＿＿
＿＿＿＿＿＿＿＿＿＿
＿＿＿＿＿＿＿＿＿＿
＿＿＿＿＿＿＿＿＿＿
＿＿＿＿＿＿＿＿＿＿
＿＿＿＿＿＿＿＿＿＿
＿＿＿＿＿＿＿＿＿＿
＿＿＿＿＿＿＿＿＿＿
＿＿＿□＿＿＿■＿＿
＿＿＿□□■■■＿＿
＿＿＿□□□□□＿＿
＿＿□□□□□□□＿
＿□□□□□□□□＿
□□□□□□□□□＿
□□□□□□□□□＿
□□□□□□□□□＿
□□□□□□□□□＿
□□□□□□□＿□□
□□□＿□□□＿□□
00:04:33(8203f):field(8202f)
＿＿＿＿＿＿＿＿＿＿
＿＿＿＿＿＿＿＿＿＿
＿＿＿＿＿＿＿＿＿＿
＿＿＿＿＿＿＿＿＿＿
＿＿＿＿＿＿＿＿＿＿
＿＿＿＿＿＿＿＿＿＿
＿＿＿＿＿＿＿＿＿＿
＿＿＿＿＿＿＿＿＿＿
＿＿＿＿＿＿■■＿＿
＿＿＿□＿■■□＿＿
＿＿＿□□□□□＿＿
＿＿＿□□□□□＿＿
＿＿□□□□□□□＿
＿□□□□□□□□＿
□□□□□□□□□＿
□□□□□□□□□＿
□□□□□□□□□＿
□□□□□□□□□＿
□□□□□□□＿□□
□□□＿□□□＿□□
00:04:34(8220f):field(8219f)
＿＿＿＿＿＿＿＿＿＿
＿＿＿＿＿＿＿＿＿＿
＿＿＿＿＿＿＿＿＿＿
＿＿＿＿＿＿＿＿＿＿
＿＿＿＿＿＿＿＿＿＿
＿＿＿＿＿＿＿＿＿＿
＿＿＿＿＿＿＿＿＿＿
＿＿＿＿＿＿＿＿＿＿
＿＿＿＿＿＿□□＿＿
＿＿＿□＿□□□＿＿
＿■＿□□□□□＿＿
＿■＿□□□□□＿＿
■■□□□□□□□＿
＿□□□□□□□□＿
□□□□□□□□□＿
□□□□□□□□□＿
□□□□□□□□□＿
□□□□□□□□□＿
□□□□□□□＿□□
□□□＿□□□＿□□
00:04:34(8234f):field(8233f)
＿＿＿＿＿＿＿＿＿＿
＿＿＿＿＿＿＿＿＿＿
＿＿＿＿＿＿＿＿＿＿
＿＿＿＿＿＿＿＿＿＿
＿＿＿＿＿＿＿＿＿＿
＿＿＿＿＿＿＿＿＿＿
＿＿＿＿＿＿＿＿＿＿
＿＿＿＿＿＿＿＿＿＿
■■＿＿＿＿□□＿＿
■■＿□＿□□□＿＿
＿□＿□□□□□＿＿
＿□＿□□□□□＿＿
□□□□□□□□□＿
＿□□□□□□□□＿
□□□□□□□□□＿
□□□□□□□□□＿
□□□□□□□□□＿
□□□□□□□□□＿
□□□□□□□＿□□
□□□＿□□□＿□□
00:04:34(8247f):field(8246f)
＿＿＿＿＿＿＿＿＿＿
＿＿＿＿＿＿＿＿＿＿
＿＿＿＿＿＿＿＿＿＿
＿＿＿＿＿＿＿＿＿＿
＿＿＿＿＿＿＿＿＿＿
＿＿＿＿＿＿＿＿＿＿
＿＿＿＿＿＿＿＿＿＿
＿＿＿＿■■＿＿＿＿
□□＿＿■＿□□＿＿
□□＿□■□□□＿＿
＿□＿□□□□□＿＿
＿□＿□□□□□＿＿
□□□□□□□□□＿
＿□□□□□□□□＿
□□□□□□□□□＿
□□□□□□□□□＿
□□□□□□□□□＿
□□□□□□□□□＿
□□□□□□□＿□□
□□□＿□□□＿□□
00:04:35(8260f):field(8259f)
＿＿＿＿＿＿＿＿＿＿
＿＿＿＿＿＿＿＿＿＿
＿＿＿＿＿＿＿＿＿＿
＿＿＿＿＿＿＿＿＿＿
＿＿＿＿＿＿＿＿＿＿
＿＿＿＿＿＿＿＿＿＿
＿＿＿＿＿＿＿＿＿＿
＿＿＿■□□＿＿＿＿
□□■■□＿□□＿＿
□□■□□□□□＿＿
＿□＿□□□□□＿＿
＿□＿□□□□□＿＿
□□□□□□□□□＿
＿□□□□□□□□＿
□□□□□□□□□＿
□□□□□□□□□＿
□□□□□□□□□＿
□□□□□□□□□＿
□□□□□□□＿□□
□□□＿□□□＿□□
00:04:35(8273f):field(8272f)
＿＿＿＿＿＿＿＿＿＿
＿＿＿＿＿＿＿＿＿＿
＿＿＿＿＿＿＿＿＿＿
＿＿＿＿＿＿＿＿＿＿
＿＿＿＿＿＿＿＿＿＿
＿＿＿＿＿＿＿＿＿＿
＿＿■■＿＿＿＿＿＿
＿■■□□□＿＿＿＿
□□□□□＿□□＿＿
□□□□□□□□＿＿
＿□＿□□□□□＿＿
＿□＿□□□□□＿＿
□□□□□□□□□＿
＿□□□□□□□□＿
□□□□□□□□□＿
□□□□□□□□□＿
□□□□□□□□□＿
□□□□□□□□□＿
□□□□□□□＿□□
□□□＿□□□＿□□
00:04:36(8283f):field(8282f)
＿＿＿＿＿＿＿＿＿＿
＿＿＿＿＿＿＿＿＿＿
＿＿＿＿＿＿＿＿＿＿
＿＿＿＿＿＿＿＿＿＿
＿＿＿＿■＿＿＿＿＿
＿＿＿■■＿＿＿＿＿
＿＿□□■＿＿＿＿＿
＿□□□□□＿＿＿＿
□□□□□＿□□＿＿
□□□□□□□□＿＿
＿□＿□□□□□＿＿
＿□＿□□□□□＿＿
□□□□□□□□□＿
＿□□□□□□□□＿
□□□□□□□□□＿
□□□□□□□□□＿
□□□□□□□□□＿
□□□□□□□□□＿
□□□□□□□＿□□
□□□＿□□□＿□□
00:04:36(8308f):field(8307f)
＿＿＿＿＿＿＿＿＿＿
＿＿＿＿＿＿＿＿＿＿
＿＿＿＿＿＿＿＿＿＿
＿＿＿＿＿＿＿＿＿＿
＿＿＿＿□＿＿＿＿＿
＿＿＿□□＿■＿＿＿
＿＿□□□＿■＿＿＿
＿□□□□□■■＿＿
□□□□□＿□□＿＿
□□□□□□□□＿＿
＿□＿□□□□□＿＿
＿□＿□□□□□＿＿
□□□□□□□□□＿
＿□□□□□□□□＿
□□□□□□□□□＿
□□□□□□□□□＿
□□□□□□□□□＿
□□□□□□□□□＿
□□□□□□□＿□□
□□□＿□□□＿□□
00:04:37(8319f):field(8318f)
＿＿＿＿＿＿＿＿＿＿
＿＿＿＿＿＿＿＿＿＿
＿＿＿＿＿＿＿＿＿＿
＿＿＿＿＿＿＿＿＿＿
＿＿＿＿□■■＿＿＿
＿＿＿□□■□＿＿＿
＿＿□□□■□＿＿＿
＿□□□□□□□＿＿
□□□□□＿□□＿＿
□□□□□□□□＿＿
＿□＿□□□□□＿＿
＿□＿□□□□□＿＿
□□□□□□□□□＿
＿□□□□□□□□＿
□□□□□□□□□＿
□□□□□□□□□＿
□□□□□□□□□＿
□□□□□□□□□＿
□□□□□□□＿□□
□□□＿□□□＿□□
00:04:37(8333f):field(8332f)
＿＿＿＿＿＿＿＿＿＿
＿＿＿＿＿＿＿＿＿＿
＿＿＿＿＿＿＿＿＿＿
＿＿＿＿＿＿＿＿＿＿
＿＿＿＿□□□＿＿＿
＿＿＿□□□□＿＿＿
＿＿□□□□□＿＿＿
＿□□□□□□□＿＿
□□□□□＿□□＿＿
□□□□□□□□＿＿
＿□＿□□□□□■■
＿□＿□□□□□■■
□□□□□□□□□＿
＿□□□□□□□□＿
□□□□□□□□□＿
□□□□□□□□□＿
□□□□□□□□□＿
□□□□□□□□□＿
□□□□□□□＿□□
□□□＿□□□＿□□
00:04:38(8348f):field(8347f)
＿＿＿＿＿＿＿＿＿＿
＿＿＿＿＿＿＿＿＿＿
＿＿＿＿＿＿＿＿＿＿
＿＿＿＿＿＿＿＿＿＿
■＿＿＿□□□＿＿＿
■＿＿□□□□＿＿＿
■＿□□□□□＿＿＿
■□□□□□□□＿＿
□□□□□＿□□＿＿
□□□□□□□□＿＿
＿□＿□□□□□□□
＿□＿□□□□□□□
□□□□□□□□□＿
＿□□□□□□□□＿
□□□□□□□□□＿
□□□□□□□□□＿
□□□□□□□□□＿
□□□□□□□□□＿
□□□□□□□＿□□
□□□＿□□□＿□□
00:04:38(8362f):field(8361f)
＿＿＿＿＿＿＿＿＿＿
＿＿＿＿＿＿＿＿＿＿
＿＿＿＿＿＿＿＿＿＿
＿＿＿＿＿＿＿＿＿＿
□＿■■□□□＿＿＿
□■■□□□□＿＿＿
□＿□□□□□＿＿＿
□□□□□□□□＿＿
□□□□□＿□□＿＿
□□□□□□□□＿＿
＿□＿□□□□□□□
＿□＿□□□□□□□
□□□□□□□□□＿
＿□□□□□□□□＿
□□□□□□□□□＿
□□□□□□□□□＿
□□□□□□□□□＿
□□□□□□□□□＿
□□□□□□□＿□□
□□□＿□□□＿□□
00:04:39(8381f):field(8380f)
＿＿＿＿＿＿＿＿＿＿
＿＿＿＿＿＿＿＿＿＿
＿＿＿＿＿＿＿＿＿＿
＿＿＿＿＿＿＿＿＿＿
□＿□□□□□＿＿＿
□□□□□□□＿＿＿
□＿□□□□□＿＿＿
□□□□□□□□＿■
□□□□□＿□□■■
□□□□□□□□■＿
＿□＿□□□□□□□
＿□＿□□□□□□□
□□□□□□□□□＿
＿□□□□□□□□＿
□□□□□□□□□＿
□□□□□□□□□＿
□□□□□□□□□＿
□□□□□□□□□＿
□□□□□□□＿□□
□□□＿□□□＿□□
00:04:39(8395f):field(8394f)
＿＿＿＿＿＿＿＿＿＿
＿＿＿＿＿＿＿＿＿＿
＿＿＿＿＿＿＿＿＿＿
＿＿＿＿＿＿＿＿＿＿
◆＿□◆◆◆◆＿＿＿
□□□□□□□＿■■
□＿□□□□□■＿＿
□□□□□□□□＿□
□□□□□＿□□□□
□□□□□□□□□＿
＿□＿□□□□□□□
＿□＿□□□□□□□
□□□□□□□□□＿
＿□□□□□□□□＿
□□□□□□□□□＿
□□□□□□□□□＿
□□□□□□□□□＿
□□□□□□□□□＿
□□□□□□□＿□□
□□□＿□□□＿□□
00:04:40(8410f):field(8409f)
＿＿＿＿＿＿＿＿＿＿
＿＿＿＿＿＿＿＿＿＿
＿＿＿＿＿＿＿＿＿＿
＿＿＿＿＿＿＿＿＿＿
＿■□＿＿＿＿＿＿＿
□□□□□□□＿◆◆
□■□□□□□□＿＿
□□□□□□□□＿□
□□□□□＿□□□□
□□□□□□□□□＿
＿□＿□□□□□□□
＿□＿□□□□□□□
□□□□□□□□□＿
＿□□□□□□□□＿
□□□□□□□□□＿
□□□□□□□□□＿
□□□□□□□□□＿
□□□□□□□□□＿
□□□□□□□＿□□
□□□＿□□□＿□□
00:04:40(8427f):field(8426f)
＿＿＿＿＿＿＿＿＿＿
＿＿＿＿＿＿＿＿＿＿
＿＿＿＿＿＿＿＿＿＿
＿＿＿＿＿＿＿＿＿＿
＿◆◆＿＿＿＿＿＿＿
◆□◆◆◆◆□＿＿■
◆□□□◆□□□■＿
□□□□□□□□■◆
□□□□□■□□□□
□□□□□□□□□＿
＿□＿□□□□□□□
＿□＿□□□□□□□
□□□□□□□□□＿
＿□□□□□□□□＿
□□□□□□□□□＿
□□□□□□□□□＿
□□□□□□□□□＿
□□□□□□□□□＿
□□□□□□□＿□□
□□□＿□□□＿□□
00:04:41(8440f):field(8439f)
＿＿＿＿＿＿＿＿＿＿
＿＿＿＿＿＿＿＿＿＿
＿＿＿＿＿＿＿＿＿＿
＿＿＿＿＿＿＿＿＿＿
＿＿＿＿＿＿＿＿＿＿
＿◆＿＿＿＿◆＿■◆
＿□□◆＿◆◆◆□■
□□□□□□□◆□■
□□□□□◆□□□□
□□□□□□□□□＿
＿□＿□□□□□□□
＿□＿□□□□□□□
□□□□□□□□□＿
＿□□□□□□□□＿
□□□□□□□□□＿
□□□□□□□□□＿
□□□□□□□□□＿
□□□□□□□□□＿
□□□□□□□＿□□
□□□＿□□□＿□□
00:04:41(8454f):field(8453f)
＿＿＿＿＿＿＿＿＿＿
＿＿＿＿＿＿＿＿＿＿
＿＿＿＿＿＿＿＿＿＿
＿＿＿＿＿＿＿＿＿＿
＿＿＿＿＿＿＿＿＿＿
＿＿■■＿＿＿＿□＿
＿□□■■＿＿＿□□
□□□□□□□＿□□
□□□□□＿□□□□
□□□□□□□□□＿
＿□＿□□□□□□□
＿□＿□□□□□□□
□□□□□□□□□＿
＿□□□□□□□□＿
□□□□□□□□□＿
□□□□□□□□□＿
□□□□□□□□□＿
□□□□□□□□□＿
□□□□□□□＿□□
□□□＿□□□＿□□
00:04:42(8469f):field(8468f)
＿＿＿＿＿＿＿＿＿＿
＿＿＿＿＿＿＿＿＿＿
＿＿＿＿＿＿＿＿＿＿
＿＿＿＿＿＿＿＿＿＿
＿＿＿＿＿＿＿＿＿＿
＿＿□□＿■■＿□＿
＿□□□□■■＿□□
□□□□□□□＿□□
□□□□□＿□□□□
□□□□□□□□□＿
＿□＿□□□□□□□
＿□＿□□□□□□□
□□□□□□□□□＿
＿□□□□□□□□＿
□□□□□□□□□＿
□□□□□□□□□＿
□□□□□□□□□＿
□□□□□□□□□＿
□□□□□□□＿□□
□□□＿□□□＿□□
00:04:42(8482f):field(8481f)
＿＿＿＿＿＿＿＿＿＿
＿＿＿＿＿＿＿＿＿＿
＿＿＿＿＿＿＿＿＿＿
＿＿＿＿＿＿＿＿＿＿
＿＿■■■＿＿＿＿＿
＿＿□□■□□＿□＿
＿□□□□□□＿□□
□□□□□□□＿□□
□□□□□＿□□□□
□□□□□□□□□＿
＿□＿□□□□□□□
＿□＿□□□□□□□
□□□□□□□□□＿
＿□□□□□□□□＿
□□□□□□□□□＿
□□□□□□□□□＿
□□□□□□□□□＿
□□□□□□□□□＿
□□□□□□□＿□□
□□□＿□□□＿□□
00:04:43(8495f):field(8494f)
＿＿＿＿＿＿＿＿＿＿
＿＿＿＿＿＿＿＿＿＿
＿＿＿＿＿＿＿＿＿＿
＿＿＿＿＿＿＿＿＿＿
■＿□□□＿＿＿＿＿
■■□□□□□＿□＿
■□□□□□□＿□□
□□□□□□□＿□□
□□□□□＿□□□□
□□□□□□□□□＿
＿□＿□□□□□□□
＿□＿□□□□□□□
□□□□□□□□□＿
＿□□□□□□□□＿
□□□□□□□□□＿
□□□□□□□□□＿
□□□□□□□□□＿
□□□□□□□□□＿
□□□□□□□＿□□
□□□＿□□□＿□□
00:04:43(8510f):field(8509f)
＿＿＿＿＿＿＿＿＿＿
＿＿＿＿＿＿＿＿＿＿
＿＿＿＿＿＿＿＿＿＿
＿＿＿＿＿＿＿＿＿＿
◆＿◆◆◆＿＿＿＿＿
◆◆◆◆□◆◆＿◆＿
□◆□□□□□■□◆
□□□□□□□■□□
□□□□□■□□□□
□□□□□□□□□＿
＿□＿□□□□□□□
＿□＿□□□□□□□
□□□□□□□□□＿
＿□□□□□□□□＿
□□□□□□□□□＿
□□□□□□□□□＿
□□□□□□□□□＿
□□□□□□□□□＿
□□□□□□□＿□□
□□□＿□□□＿□□
00:04:44(8523f):field(8522f)
＿＿＿＿＿＿＿＿＿＿
＿＿＿＿＿＿＿＿＿＿
＿＿＿＿＿＿＿＿＿＿
＿＿＿＿＿＿＿＿＿＿
＿＿＿＿＿■＿＿＿＿
＿＿＿＿◆■＿＿＿＿
□＿□□□□□□◆＿
□□□□□□□□□◆
□□□□□◆□□□□
□□□□□□□□□＿
＿□＿□□□□□□□
＿□＿□□□□□□□
□□□□□□□□□＿
＿□□□□□□□□＿
□□□□□□□□□＿
□□□□□□□□□＿
□□□□□□□□□＿
□□□□□□□□□＿
□□□□□□□＿□□
□□□＿□□□＿□□
00:04:44(8536f):field(8535f)
＿＿＿＿＿＿＿＿＿＿
＿＿＿＿＿＿＿＿＿＿
＿＿＿＿＿＿＿＿＿＿
＿＿＿＿＿＿＿＿＿＿
■＿＿＿＿□＿＿＿＿
■■＿＿＿□＿＿＿＿
□■□□□□□□＿＿
□□□□□□□□□＿
□□□□□＿□□□□
□□□□□□□□□＿
＿□＿□□□□□□□
＿□＿□□□□□□□
□□□□□□□□□＿
＿□□□□□□□□＿
□□□□□□□□□＿
□□□□□□□□□＿
□□□□□□□□□＿
□□□□□□□□□＿
□□□□□□□＿□□
□□□＿□□□＿□□
00:04:45(8550f):field(8549f)
＿＿＿＿＿＿＿＿＿＿
＿＿＿＿＿＿＿＿＿＿
＿＿＿＿＿＿＿＿＿＿
＿＿＿＿＿＿＿＿＿＿
□■■＿＿□＿＿＿＿
□□■■＿□＿＿＿＿
□□□□□□□□＿＿
□□□□□□□□□＿
□□□□□＿□□□□
□□□□□□□□□＿
＿□＿□□□□□□□
＿□＿□□□□□□□
□□□□□□□□□＿
＿□□□□□□□□＿
□□□□□□□□□＿
□□□□□□□□□＿
□□□□□□□□□＿
□□□□□□□□□＿
□□□□□□□＿□□
□□□＿□□□＿□□
00:04:45(8561f):field(8560f)
＿＿＿＿＿＿＿＿＿＿
＿＿＿＿＿＿＿＿＿＿
＿＿＿＿＿＿＿＿＿＿
＿＿＿＿■■＿＿＿＿
□□□＿■□＿＿＿＿
□□□□■□＿＿＿＿
□□□□□□□□＿＿
□□□□□□□□□＿
□□□□□＿□□□□
□□□□□□□□□＿
＿□＿□□□□□□□
＿□＿□□□□□□□
□□□□□□□□□＿
＿□□□□□□□□＿
□□□□□□□□□＿
□□□□□□□□□＿
□□□□□□□□□＿
□□□□□□□□□＿
□□□□□□□＿□□
□□□＿□□□＿□□
00:04:45(8575f):field(8574f)
＿＿＿＿＿＿＿＿＿＿
＿＿＿＿＿＿＿＿＿＿
＿＿＿＿＿＿＿＿＿＿
＿＿＿＿□□＿＿＿＿
□□□＿□□■■＿＿
□□□□□□■■＿＿
□□□□□□□□＿＿
□□□□□□□□□＿
□□□□□＿□□□□
□□□□□□□□□＿
＿□＿□□□□□□□
＿□＿□□□□□□□
□□□□□□□□□＿
＿□□□□□□□□＿
□□□□□□□□□＿
□□□□□□□□□＿
□□□□□□□□□＿
□□□□□□□□□＿
□□□□□□□＿□□
□□□＿□□□＿□□
00:04:46(8592f):field(8591f)
＿＿＿＿＿＿＿＿＿＿
＿＿＿＿＿＿＿＿＿＿
＿＿＿＿＿＿＿＿＿＿
＿＿＿＿◆◆＿＿＿＿
◆◆◆＿□□◆◆＿＿
□□□◆□□□□＿■
□□□□□□□□＿■
□□□□□□□□◆■
□□□□□＿□□□□
□□□□□□□□□＿
＿□＿□□□□□□□
＿□＿□□□□□□□
□□□□□□□□□＿
＿□□□□□□□□＿
□□□□□□□□□＿
□□□□□□□□□＿
□□□□□□□□□＿
□□□□□□□□□＿
□□□□□□□＿□□
□□□＿□□□＿□□
00:04:46(8605f):field(8604f)
＿＿＿＿＿＿＿＿＿＿
＿＿＿＿＿＿＿＿＿＿
＿＿＿＿＿＿＿＿＿＿
＿＿＿■＿＿＿＿＿＿
＿＿■■□□＿＿＿＿
□□□■□□□□＿□
□□□□□□□□＿□
□□□□□□□□＿□
□□□□□＿□□□□
□□□□□□□□□＿
＿□＿□□□□□□□
＿□＿□□□□□□□
□□□□□□□□□＿
＿□□□□□□□□＿
□□□□□□□□□＿
□□□□□□□□□＿
□□□□□□□□□＿
□□□□□□□□□＿
□□□□□□□＿□□
□□□＿□□□＿□□
00:04:47(8618f):field(8617f)
＿＿＿＿＿＿＿＿＿＿
＿＿＿＿＿＿＿＿＿＿
＿＿＿＿＿＿＿＿＿＿
＿■■□＿＿＿＿＿＿
■■□□□□＿＿＿＿
□□□□□□□□＿□
□□□□□□□□＿□
□□□□□□□□＿□
□□□□□＿□□□□
□□□□□□□□□＿
＿□＿□□□□□□□
＿□＿□□□□□□□
□□□□□□□□□＿
＿□□□□□□□□＿
□□□□□□□□□＿
□□□□□□□□□＿
□□□□□□□□□＿
□□□□□□□□□＿
□□□□□□□＿□□
□□□＿□□□＿□□
00:04:47(8631f):field(8630f)
＿＿＿＿＿＿＿＿＿＿
＿＿＿＿＿＿＿＿＿＿
＿＿＿＿＿＿＿＿＿＿
＿□□□＿■■＿＿＿
□□□□□□■■＿＿
□□□□□□□□＿□
□□□□□□□□＿□
□□□□□□□□＿□
□□□□□＿□□□□
□□□□□□□□□＿
＿□＿□□□□□□□
＿□＿□□□□□□□
□□□□□□□□□＿
＿□□□□□□□□＿
□□□□□□□□□＿
□□□□□□□□□＿
□□□□□□□□□＿
□□□□□□□□□＿
□□□□□□□＿□□
□□□＿□□□＿□□
00:04:48(8644f):field(8643f)
＿＿＿＿＿＿＿＿＿＿
＿＿＿＿＿■■＿＿＿
＿＿＿＿＿■■＿＿＿
＿□□□＿□□＿＿＿
□□□□□□□□＿＿
□□□□□□□□＿□
□□□□□□□□＿□
□□□□□□□□＿□
□□□□□＿□□□□
□□□□□□□□□＿
＿□＿□□□□□□□
＿□＿□□□□□□□
□□□□□□□□□＿
＿□□□□□□□□＿
□□□□□□□□□＿
□□□□□□□□□＿
□□□□□□□□□＿
□□□□□□□□□＿
□□□□□□□＿□□
□□□＿□□□＿□□
00:04:48(8661f):field(8660f)
＿＿＿＿＿＿＿＿＿＿
＿＿＿＿＿□□＿＿＿
＿＿■■■□□＿＿＿
＿□□□■□□＿＿＿
□□□□□□□□＿＿
□□□□□□□□＿□
□□□□□□□□＿□
□□□□□□□□＿□
□□□□□＿□□□□
□□□□□□□□□＿
＿□＿□□□□□□□
＿□＿□□□□□□□
□□□□□□□□□＿
＿□□□□□□□□＿
□□□□□□□□□＿
□□□□□□□□□＿
□□□□□□□□□＿
□□□□□□□□□＿
□□□□□□□＿□□
□□□＿□□□＿□□
00:04:49(8677f):field(8676f)
＿＿＿＿＿＿＿＿＿＿
■＿＿＿＿□□＿＿＿
■■□□□□□＿＿＿
■□□□□□□＿＿＿
□□□□□□□□＿＿
□□□□□□□□＿□
□□□□□□□□＿□
□□□□□□□□＿□
□□□□□＿□□□□
□□□□□□□□□＿
＿□＿□□□□□□□
＿□＿□□□□□□□
□□□□□□□□□＿
＿□□□□□□□□＿
□□□□□□□□□＿
□□□□□□□□□＿
□□□□□□□□□＿
□□□□□□□□□＿
□□□□□□□＿□□
□□□＿□□□＿□□
00:04:49(8690f):field(8689f)
＿■＿＿＿＿＿＿＿＿
□■■＿＿□□＿＿＿
□□□□□□□＿＿＿
□□□□□□□＿＿＿
□□□□□□□□＿＿
□□□□□□□□＿□
□□□□□□□□＿□
□□□□□□□□＿□
□□□□□＿□□□□
□□□□□□□□□＿
＿□＿□□□□□□□
＿□＿□□□□□□□
□□□□□□□□□＿
＿□□□□□□□□＿
□□□□□□□□□＿
□□□□□□□□□＿
□□□□□□□□□＿
□□□□□□□□□＿
□□□□□□□＿□□
□□□＿□□□＿□□
00:04:50(8713f):field(8712f)
＿◆＿＿＿＿＿＿＿＿
◆◆◆＿＿◆◆＿＿＿
◆□◆◆◆◆◆＿＿＿
◆□◆◆◆◆◆＿＿＿
□□□◆□□□◆＿＿
□□□□□□□◆＿◆
□□□□□□□◆＿◆
□□□□□□□□■□
□□□□□＿□□□□
□□□□□□□□□■
＿□＿□□□□□□□
＿□＿□□□□□□□
□□□□□□□□□＿
＿□□□□□□□□＿
□□□□□□□□□＿
□□□□□□□□□＿
□□□□□□□□□＿
□□□□□□□□□＿
□□□□□□□＿□□
□□□＿□□□＿□□
00:04:50(8726f):field(8725f)
＿＿＿＿＿＿＿＿＿＿
＿＿＿＿＿＿＿＿＿＿
＿□＿＿＿＿＿＿＿＿
＿□■■＿＿＿＿＿＿
□□□■□□□＿＿＿
□□□□□□□＿＿＿
□□□□□□□＿＿＿
□□□□□□□□□◆
□□□□□＿□□□□
□□□□□□□□□◆
＿□＿□□□□□□□
＿□＿□□□□□□□
□□□□□□□□□＿
＿□□□□□□□□＿
□□□□□□□□□＿
□□□□□□□□□＿
□□□□□□□□□＿
□□□□□□□□□＿
□□□□□□□＿□□
□□□＿□□□＿□□
00:04:51(8745f):field(8744f)
＿＿＿＿＿＿＿＿＿＿
＿＿＿＿＿＿＿＿＿＿
＿□＿＿＿＿＿＿＿＿
＿□□□＿＿＿＿＿＿
□□□□□□□＿＿＿
□□□□□□□■■＿
□□□□□□□■■＿
□□□□□□□□□＿
□□□□□＿□□□□
□□□□□□□□□＿
＿□＿□□□□□□□
＿□＿□□□□□□□
□□□□□□□□□＿
＿□□□□□□□□＿
□□□□□□□□□＿
□□□□□□□□□＿
□□□□□□□□□＿
□□□□□□□□□＿
□□□□□□□＿□□
□□□＿□□□＿□□
00:04:52(8768f):field(8767f)
＿＿＿＿＿＿＿＿＿＿
＿＿＿＿＿＿＿＿＿＿
＿◆＿＿＿＿＿＿＿＿
＿□◆◆＿＿＿＿＿＿
□□□□◆◆◆＿■■
□□□□□□□◆□■
□□□□□□□□□＿
□□□□□□□□□＿
□□□□□＿□□□□
□□□□□□□□□＿
＿□＿□□□□□□□
＿□＿□□□□□□□
□□□□□□□□□＿
＿□□□□□□□□＿
□□□□□□□□□＿
□□□□□□□□□＿
□□□□□□□□□＿
□□□□□□□□□＿
□□□□□□□＿□□
□□□＿□□□＿□□
00:04:52(8780f):field(8779f)
＿＿＿＿＿＿＿＿＿＿
＿＿＿＿＿＿＿＿＿＿
＿＿＿＿＿＿＿＿＿＿
＿□＿＿＿＿■＿＿＿
◆□□□■■■＿◆□
□□□□□□□＿□□
□□□□□□□□□＿
□□□□□□□□□＿
□□□□□＿□□□□
□□□□□□□□□＿
＿□＿□□□□□□□
＿□＿□□□□□□□
□□□□□□□□□＿
＿□□□□□□□□＿
□□□□□□□□□＿
□□□□□□□□□＿
□□□□□□□□□＿
□□□□□□□□□＿
□□□□□□□＿□□
□□□＿□□□＿□□
00:04:53(8794f):field(8793f)
＿＿＿＿＿＿＿＿＿＿
＿＿＿＿＿＿＿＿＿＿
＿＿＿＿＿■■＿＿＿
＿□＿＿■■□＿＿＿
＿□□□□□□＿＿□
□□□□□□□＿□□
□□□□□□□□□＿
□□□□□□□□□＿
□□□□□＿□□□□
□□□□□□□□□＿
＿□＿□□□□□□□
＿□＿□□□□□□□
□□□□□□□□□＿
＿□□□□□□□□＿
□□□□□□□□□＿
□□□□□□□□□＿
□□□□□□□□□＿
□□□□□□□□□＿
□□□□□□□＿□□
□□□＿□□□＿□□
00:04:53(8806f):field(8805f)
＿＿＿＿＿＿＿＿＿＿
＿＿＿＿■■■■＿＿
＿＿＿＿＿□□＿＿＿
＿□＿＿□□□＿＿＿
＿□□□□□□＿＿□
□□□□□□□＿□□
□□□□□□□□□＿
□□□□□□□□□＿
□□□□□＿□□□□
□□□□□□□□□＿
＿□＿□□□□□□□
＿□＿□□□□□□□
□□□□□□□□□＿
＿□□□□□□□□＿
□□□□□□□□□＿
□□□□□□□□□＿
□□□□□□□□□＿
□□□□□□□□□＿
□□□□□□□＿□□
□□□＿□□□＿□□
00:04:56(8895f):game end
