00:18:58(34160f):game start
00:19:00(34217f):field(34216f)
＿＿＿＿＿＿＿＿＿＿
＿＿＿＿＿＿＿＿＿＿
＿＿＿＿＿＿＿＿＿＿
＿＿＿＿＿＿＿＿＿＿
＿＿＿＿＿＿＿＿＿＿
＿＿＿＿＿＿＿＿＿＿
＿＿＿＿＿＿＿＿＿＿
＿＿＿＿＿＿＿＿＿＿
＿＿＿＿＿＿＿＿＿＿
＿＿＿＿＿＿＿＿＿＿
＿＿＿＿＿＿＿＿＿＿
＿＿＿＿＿＿＿＿＿＿
＿＿＿＿＿＿＿＿＿＿
＿＿＿＿＿＿＿＿＿＿
＿＿＿＿＿＿＿＿＿＿
＿＿＿＿＿＿＿＿＿＿
＿＿＿＿＿＿＿＿＿＿
＿＿＿＿＿＿＿＿＿＿
■＿＿＿＿＿＿＿＿＿
■■■＿＿＿＿＿＿＿
00:19:01(34247f):field(34246f)
＿＿＿＿＿＿＿＿＿＿
＿＿＿＿＿＿＿＿＿＿
＿＿＿＿＿＿＿＿＿＿
＿＿＿＿＿＿＿＿＿＿
＿＿＿＿＿＿＿＿＿＿
＿＿＿＿＿＿＿＿＿＿
＿＿＿＿＿＿＿＿＿＿
＿＿＿＿＿＿＿＿＿＿
＿＿＿＿＿＿＿＿＿＿
＿＿＿＿＿＿＿＿＿＿
＿＿＿＿＿＿＿＿＿＿
＿＿＿＿＿＿＿＿＿＿
＿＿＿＿＿＿＿＿＿＿
＿＿＿＿＿＿＿＿＿＿
＿＿＿＿＿＿＿＿＿＿
＿＿＿＿＿＿＿＿＿＿
＿＿＿＿＿＿＿＿＿＿
＿＿＿＿＿＿＿＿＿＿
□＿＿■■＿＿■＿＿
□□□■■■■■＿＿
00:19:02(34262f):field(34261f)
＿＿＿＿＿＿＿＿＿＿
＿＿＿＿＿＿＿＿＿＿
＿＿＿＿＿＿＿＿＿＿
＿＿＿＿＿＿＿＿＿＿
＿＿＿＿＿＿＿＿＿＿
＿＿＿＿＿＿＿＿＿＿
＿＿＿＿＿＿＿＿＿＿
＿＿＿＿＿＿＿＿＿＿
＿＿＿＿＿＿＿＿＿＿
＿＿＿＿＿＿＿＿＿＿
＿＿＿＿＿＿＿＿＿＿
＿＿＿＿＿＿＿＿＿＿
＿＿＿＿＿＿＿＿＿＿
＿＿＿＿＿＿＿＿＿＿
＿＿＿＿＿＿＿＿＿＿
＿＿＿＿＿＿＿＿＿＿
＿＿＿＿＿■＿＿＿＿
＿＿＿＿＿■＿＿＿＿
□＿＿□□■■□＿＿
□□□□□□□□＿＿
00:19:02(34274f):field(34273f)
＿＿＿＿＿＿＿＿＿＿
＿＿＿＿＿＿＿＿＿＿
＿＿＿＿＿＿＿＿＿＿
＿＿＿＿＿＿＿＿＿＿
＿＿＿＿＿＿＿＿＿＿
＿＿＿＿＿＿＿＿＿＿
＿＿＿＿＿＿＿＿＿＿
＿＿＿＿＿＿＿＿＿＿
＿＿＿＿＿＿＿＿＿＿
＿＿＿＿＿＿＿＿＿＿
＿＿＿＿＿＿＿＿＿＿
＿＿＿＿＿＿＿＿＿＿
＿＿＿＿＿＿＿＿＿＿
＿＿＿＿＿＿＿＿＿＿
＿＿＿＿＿＿＿＿＿＿
＿＿＿＿■＿＿＿＿＿
＿＿＿■■□＿＿＿＿
＿＿＿＿■□＿＿＿＿
□＿＿□□□□□＿＿
□□□□□□□□＿＿
00:19:03(34292f):field(34291f)
＿＿＿＿＿＿＿＿＿＿
＿＿＿＿＿＿＿＿＿＿
＿＿＿＿＿＿＿＿＿＿
＿＿＿＿＿＿＿＿＿＿
＿＿＿＿＿＿＿＿＿＿
＿＿＿＿＿＿＿＿＿＿
＿＿＿＿＿＿＿＿＿＿
＿＿＿＿＿＿＿＿＿＿
＿＿＿＿＿＿＿＿＿＿
＿＿＿＿＿＿＿＿＿＿
＿＿＿＿＿＿＿＿＿＿
＿＿＿＿＿＿＿＿＿＿
＿＿＿＿＿＿＿＿＿＿
＿＿＿＿＿＿＿＿＿＿
＿＿＿＿＿＿＿＿＿＿
＿＿＿＿□＿＿＿＿＿
＿＿＿□□□＿＿＿＿
＿＿＿＿□□＿＿■■
□＿＿□□□□□■＿
□□□□□□□□■＿
00:19:03(34307f):field(34306f)
＿＿＿＿＿＿＿＿＿＿
＿＿＿＿＿＿＿＿＿＿
＿＿＿＿＿＿＿＿＿＿
＿＿＿＿＿＿＿＿＿＿
＿＿＿＿＿＿＿＿＿＿
＿＿＿＿＿＿＿＿＿＿
＿＿＿＿＿＿＿＿＿＿
＿＿＿＿＿＿＿＿＿＿
＿＿＿＿＿＿＿＿＿＿
＿＿＿＿＿＿＿＿＿＿
＿＿＿＿＿＿＿＿＿＿
＿＿＿＿＿＿＿＿＿＿
＿＿＿＿＿■＿＿＿＿
＿＿＿＿＿■＿＿＿＿
＿＿＿＿＿■＿＿＿＿
＿＿＿＿□■＿＿＿＿
＿＿＿□□□＿＿＿＿
＿＿＿＿□□＿＿□□
□＿＿□□□□□□＿
□□□□□□□□□＿
00:19:04(34321f):field(34320f)
＿＿＿＿＿＿＿＿＿＿
＿＿＿＿＿＿＿＿＿＿
＿＿＿＿＿＿＿＿＿＿
＿＿＿＿＿＿＿＿＿＿
＿＿＿＿＿＿＿＿＿＿
＿＿＿＿＿＿＿＿＿＿
＿＿＿＿＿＿＿＿＿＿
＿＿＿＿＿＿＿＿＿＿
＿＿＿＿＿＿＿＿＿＿
＿＿＿＿＿＿＿＿＿＿
＿＿＿＿＿＿＿＿＿＿
＿＿＿＿＿＿＿＿＿＿
＿＿＿＿＿□＿＿＿＿
＿＿＿＿＿□＿＿＿＿
＿＿＿＿＿□＿＿＿＿
＿＿＿＿□□＿＿＿＿
＿＿＿□□□■■＿＿
＿＿＿＿□□■■□□
□＿＿□□□□□□＿
□□□□□□□□□＿
00:19:04(34339f):field(34338f)
＿＿＿＿＿＿＿＿＿＿
＿＿＿＿＿＿＿＿＿＿
＿＿＿＿＿＿＿＿＿＿
＿＿＿＿＿＿＿＿＿＿
＿＿＿＿＿＿＿＿＿＿
＿＿＿＿＿＿＿＿＿＿
＿＿＿＿＿＿＿＿＿＿
＿＿＿＿＿＿＿＿＿＿
＿＿＿＿＿＿＿＿＿＿
＿＿＿＿＿＿＿＿＿＿
＿＿＿＿＿＿＿＿＿＿
＿＿＿＿＿＿＿＿＿＿
＿＿＿＿＿□＿＿＿＿
＿＿＿＿＿□■＿＿＿
＿＿＿＿＿□■＿＿＿
＿＿＿＿□□■■＿＿
＿＿＿□□□□□＿＿
＿＿＿＿□□□□□□
□＿＿□□□□□□＿
□□□□□□□□□＿
00:19:05(34353f):field(34352f)
＿＿＿＿＿＿＿＿＿＿
＿＿＿＿＿＿＿＿＿＿
＿＿＿＿＿＿＿＿＿＿
＿＿＿＿＿＿＿＿＿＿
＿＿＿＿＿＿＿＿＿＿
＿＿＿＿＿＿＿＿＿＿
＿＿＿＿＿＿＿＿＿＿
＿＿＿＿＿＿＿＿＿＿
＿＿＿＿＿＿＿＿＿＿
＿＿＿＿＿＿＿＿＿＿
＿＿＿＿＿＿＿＿＿＿
＿＿＿＿＿＿＿＿＿＿
＿＿＿＿＿□＿＿＿＿
＿＿＿＿■□□＿＿＿
＿＿＿■■□□＿＿＿
＿＿＿■□□□□＿＿
＿＿＿□□□□□＿＿
＿＿＿＿□□□□□□
□＿＿□□□□□□＿
□□□□□□□□□＿
00:19:05(34366f):field(34365f)
＿＿＿＿＿＿＿＿＿＿
＿＿＿＿＿＿＿＿＿＿
＿＿＿＿＿＿＿＿＿＿
＿＿＿＿＿＿＿＿＿＿
＿＿＿＿＿＿＿＿＿＿
＿＿＿＿＿＿＿＿＿＿
＿＿＿＿＿＿＿＿＿＿
＿＿＿＿＿＿＿＿＿＿
＿＿＿＿＿＿＿＿＿＿
＿＿＿＿＿＿＿＿＿＿
＿＿＿＿＿＿＿＿＿＿
＿＿＿＿＿＿＿＿＿＿
＿＿＿＿＿□＿＿＿＿
＿＿＿＿□□□＿＿＿
＿＿＿□□□□＿＿＿
＿＿＿□□□□□＿＿
＿＿＿□□□□□＿＿
＿＿■■□□□□□□
□■■□□□□□□＿
□□□□□□□□□＿
00:19:06(34382f):field(34381f)
＿＿＿＿＿＿＿＿＿＿
＿＿＿＿＿＿＿＿＿＿
＿＿＿＿＿＿＿＿＿＿
＿＿＿＿＿＿＿＿＿＿
＿＿＿＿＿＿＿＿＿＿
＿＿＿＿＿＿＿＿＿＿
＿＿＿＿＿＿＿＿＿＿
＿＿＿＿＿＿＿＿＿＿
＿＿＿＿＿＿＿＿＿＿
＿＿＿＿＿＿＿＿＿＿
＿＿＿＿＿＿＿＿＿＿
＿＿＿＿＿＿＿＿＿＿
＿＿＿＿＿□＿＿＿＿
＿＿＿＿□□□＿＿＿
■＿＿□□□□＿＿＿
■＿＿□□□□□＿＿
■＿＿□□□□□＿＿
■＿□□□□□□□□
□□□□□□□□□＿
□□□□□□□□□＿
00:19:06(34402f):field(34401f)
＿＿＿＿＿＿＿＿＿＿
＿＿＿＿＿＿＿＿＿＿
＿＿＿＿＿＿＿＿＿＿
＿＿＿＿＿＿＿＿＿＿
＿＿＿＿＿＿＿＿＿＿
＿＿＿＿＿＿＿＿＿＿
＿＿＿＿＿＿＿＿＿＿
＿＿＿＿＿＿＿＿＿＿
＿＿＿＿＿＿＿＿＿＿
＿＿＿＿＿＿＿＿＿＿
＿＿＿＿＿＿＿＿＿＿
＿＿＿＿＿＿＿＿＿＿
＿＿＿＿＿□＿＿＿＿
＿＿＿＿□□□＿＿＿
□＿＿□□□□＿■■
□＿＿□□□□□■＿
□＿＿□□□□□■＿
□＿□□□□□□□□
□□□□□□□□□＿
□□□□□□□□□＿
00:19:07(34418f):field(34417f)
＿＿＿＿＿＿＿＿＿＿
＿＿＿＿＿＿＿＿＿＿
＿＿＿＿＿＿＿＿＿＿
＿＿＿＿＿＿＿＿＿＿
＿＿＿＿＿＿＿＿＿＿
＿＿＿＿＿＿＿＿＿＿
＿＿＿＿＿＿＿＿＿＿
＿＿＿＿＿＿＿＿＿＿
＿＿＿＿＿＿＿＿＿＿
＿＿＿＿＿＿＿＿＿＿
＿＿＿＿＿＿＿＿＿＿
＿＿＿＿＿＿＿＿＿＿
＿＿＿＿＿□＿＿■■
＿＿＿＿□□□＿■■
□＿＿□□□□＿□□
□＿＿□□□□□□＿
□＿＿□□□□□□＿
□＿□□□□□□□□
□□□□□□□□□＿
□□□□□□□□□＿
00:19:07(34435f):field(34434f)
＿＿＿＿＿＿＿＿＿＿
＿＿＿＿＿＿＿＿＿＿
＿＿＿＿＿＿＿＿＿＿
＿＿＿＿＿＿＿＿＿＿
＿＿＿＿＿＿＿＿＿＿
＿＿＿＿＿＿＿＿＿＿
＿＿＿＿＿＿＿＿＿＿
＿＿＿＿＿＿＿＿＿＿
＿＿＿＿＿＿＿＿＿＿
＿＿＿＿＿＿＿＿＿＿
＿＿＿＿＿＿＿＿＿＿
＿＿＿＿＿＿＿＿＿＿
＿＿＿＿＿◆＿＿◆◆
＿＿＿＿◆□◆＿□□
◆＿＿◆□□□＿□□
□＿＿□□□□◆□■
□＿■□□□□□□＿
□■□□□□□□□◆
□□□□□□□□□＿
□□□□□□□□□＿
00:19:08(34449f):field(34448f)
＿＿＿＿＿＿＿＿＿＿
＿＿＿＿＿＿＿＿＿＿
＿＿＿＿＿＿＿＿＿＿
＿＿＿＿＿＿＿＿＿＿
＿＿＿＿＿＿＿＿＿＿
＿＿＿＿＿＿＿＿＿＿
＿＿＿＿＿＿＿＿＿＿
＿＿＿＿＿＿＿＿＿＿
＿＿＿＿＿＿＿＿＿＿
＿＿＿＿＿＿＿＿＿＿
＿＿＿＿＿＿＿＿＿＿
＿＿＿＿＿＿＿＿＿＿
＿＿＿＿＿＿＿＿＿＿
＿＿＿＿＿□＿＿□□
■■■＿□□□＿□□
□■＿□□□□＿□□
□＿□□□□□□□＿
□□□□□□□□□＿
□□□□□□□□□＿
□□□□□□□□□＿
00:19:08(34465f):field(34464f)
＿＿＿＿＿＿＿＿＿＿
＿＿＿＿＿＿＿＿＿＿
＿＿＿＿＿＿＿＿＿＿
＿＿＿＿＿＿＿＿＿＿
＿＿＿＿＿＿＿＿＿＿
＿＿＿＿＿＿＿＿＿＿
＿＿＿＿＿＿＿＿＿＿
＿＿＿＿＿＿＿＿＿＿
＿＿＿＿＿＿＿＿＿＿
＿＿＿＿＿＿＿＿＿＿
＿＿＿＿＿＿＿＿＿＿
＿＿＿＿＿■＿＿＿＿
＿＿＿＿■■＿＿＿＿
＿＿＿＿■□＿＿□□
□□□＿□□□＿□□
□□＿□□□□＿□□
□＿□□□□□□□＿
□□□□□□□□□＿
□□□□□□□□□＿
□□□□□□□□□＿
00:19:09(34488f):field(34487f)
＿＿＿＿＿＿＿＿＿＿
＿＿＿＿＿＿＿＿＿＿
＿＿＿＿＿＿＿＿＿＿
＿＿＿＿＿＿＿＿＿＿
＿＿＿＿＿＿＿＿＿＿
＿＿＿＿＿＿＿＿＿＿
＿＿＿＿＿＿＿＿＿＿
＿＿＿＿＿＿＿＿＿＿
＿＿＿＿＿＿＿＿＿＿
＿＿＿＿＿＿＿＿＿＿
＿＿＿＿＿＿＿＿＿＿
＿＿＿＿＿□＿＿＿＿
＿＿＿＿□□＿＿＿＿
＿＿＿＿□□■■□□
□□□＿□□□■□□
□□＿□□□□■□□
□＿□□□□□□□＿
□□□□□□□□□＿
□□□□□□□□□＿
□□□□□□□□□＿
00:19:10(34507f):field(34506f)
＿＿＿＿＿＿＿＿＿＿
＿＿＿＿＿＿＿＿＿＿
＿＿＿＿＿＿＿＿＿＿
＿＿＿＿＿＿＿＿＿＿
＿＿＿＿＿＿＿＿＿＿
＿＿＿＿＿＿＿＿＿＿
＿＿＿＿＿＿＿＿＿＿
＿＿＿＿＿＿＿＿＿＿
＿＿＿＿＿＿＿＿＿＿
＿＿＿＿＿＿＿＿＿＿
＿＿＿＿＿＿＿＿＿＿
＿＿＿＿＿◆＿＿＿＿
＿＿＿＿◆□＿＿■＿
＿＿＿＿□□◆◆◆◆
◆□□■□□□□□□
□□＿□□□□□□□
□＿□□□□□□□＿
□□□□□□□□□＿
□□□□□□□□□＿
□□□□□□□□□＿
00:19:10(34524f):field(34523f)
＿＿＿＿＿＿＿＿＿＿
＿＿＿＿＿＿＿＿＿＿
＿＿＿＿＿＿＿＿＿＿
＿＿＿＿＿＿＿＿＿＿
＿＿＿＿＿＿＿＿＿＿
＿＿＿＿＿＿＿＿＿＿
＿＿＿＿＿＿＿＿＿＿
＿＿＿＿＿＿＿＿＿＿
＿＿＿＿＿＿＿＿＿＿
＿＿＿＿＿＿＿＿＿＿
＿＿＿＿＿＿＿＿＿＿
＿＿＿＿＿＿＿＿＿＿
＿＿＿＿＿□■■◆＿
＿＿＿＿□□■■＿＿
＿□□□□□□□□□
□□＿□□□□□□□
□＿□□□□□□□＿
□□□□□□□□□＿
□□□□□□□□□＿
□□□□□□□□□＿
00:19:11(34541f):field(34540f)
＿＿＿＿＿＿＿＿＿＿
＿＿＿＿＿＿＿＿＿＿
＿＿＿＿＿＿＿＿＿＿
＿＿＿＿＿＿＿＿＿＿
＿＿＿＿＿＿＿＿＿＿
＿＿＿＿＿＿＿＿＿＿
＿＿＿＿＿＿＿＿＿＿
＿＿＿＿＿＿＿＿＿＿
＿＿＿＿＿＿＿＿＿＿
＿＿＿＿＿＿＿＿＿＿
＿＿＿＿＿＿＿＿＿＿
＿＿＿＿＿＿＿＿＿＿
■＿＿＿＿◆◆◆＿＿
■＿＿＿□□□□＿＿
■◆◆◆□□□□◆◆
□□＿□□□□□□□
□＿□□□□□□□＿
□□□□□□□□□＿
□□□□□□□□□＿
□□□□□□□□□＿
00:19:12(34564f):field(34563f)
＿＿＿＿＿＿＿＿＿＿
＿＿＿＿＿＿＿＿＿＿
＿＿＿＿＿＿＿＿＿＿
＿＿＿＿＿＿＿＿＿＿
＿＿＿＿＿＿＿＿＿＿
＿＿＿＿＿＿＿＿＿＿
＿＿＿＿＿＿＿＿＿＿
＿＿＿＿＿＿＿＿＿＿
＿＿＿＿＿＿＿＿＿＿
＿＿＿＿＿＿＿＿＿＿
＿＿＿＿＿＿＿＿＿＿
＿＿＿＿＿＿＿＿＿＿
◆＿＿＿＿＿＿＿＿＿
□＿＿＿◆◆◆◆＿＿
□■＿＿□□□□＿＿
□□■◆□□□□◆◆
□＿□□□□□□□＿
□□□□□□□□□＿
□□□□□□□□□＿
□□□□□□□□□＿
00:19:12(34576f):field(34575f)
＿＿＿＿＿＿＿＿＿＿
＿＿＿＿＿＿＿＿＿＿
＿＿＿＿＿＿＿＿＿＿
＿＿＿＿＿＿＿＿＿＿
＿＿＿＿＿＿＿＿＿＿
＿＿＿＿＿＿＿＿＿＿
＿＿＿＿＿＿＿＿＿＿
＿＿＿＿＿＿＿＿＿＿
＿＿＿＿＿＿＿＿＿＿
＿＿＿＿＿＿＿＿＿＿
＿＿＿＿＿＿＿＿＿＿
＿＿＿＿＿＿＿＿＿＿
＿＿＿＿＿＿＿＿＿＿
□＿＿＿＿＿＿＿＿＿
□□■■□□□□＿＿
□□□■□□□□＿＿
□＿□□□□□□□＿
□□□□□□□□□＿
□□□□□□□□□＿
□□□□□□□□□＿
00:19:13(34593f):field(34592f)
＿＿＿＿＿＿＿＿＿＿
＿＿＿＿＿＿＿＿＿＿
＿＿＿＿＿＿＿＿＿＿
＿＿＿＿＿＿＿＿＿＿
＿＿＿＿＿＿＿＿＿＿
＿＿＿＿＿＿＿＿＿＿
＿＿＿＿＿＿＿＿＿＿
＿＿＿＿＿＿＿＿＿＿
＿＿＿＿＿＿＿＿＿＿
＿＿＿＿＿＿＿＿＿＿
＿＿＿＿＿＿＿＿＿＿
＿＿＿＿＿＿＿＿＿＿
＿＿＿＿■＿＿＿＿＿
□＿■■■＿＿＿＿＿
□□□□□□□□＿＿
□□□□□□□□＿＿
□＿□□□□□□□＿
□□□□□□□□□＿
□□□□□□□□□＿
□□□□□□□□□＿
00:19:13(34608f):field(34607f)
＿＿＿＿＿＿＿＿＿＿
＿＿＿＿＿＿＿＿＿＿
＿＿＿＿＿＿＿＿＿＿
＿＿＿＿＿＿＿＿＿＿
＿＿＿＿＿＿＿＿＿＿
＿＿＿＿＿＿＿＿＿＿
＿＿＿＿＿＿＿＿＿＿
＿＿＿＿＿＿＿＿＿＿
＿＿＿＿＿＿＿＿＿＿
＿＿＿＿＿＿＿＿＿＿
＿＿＿＿＿＿＿＿＿＿
＿＿＿＿＿＿＿＿＿＿
＿＿＿＿□■＿＿＿＿
□＿□□□■■■＿＿
□□□□□□□□＿＿
□□□□□□□□＿＿
□＿□□□□□□□＿
□□□□□□□□□＿
□□□□□□□□□＿
□□□□□□□□□＿
00:19:14(34624f):field(34623f)
＿＿＿＿＿＿＿＿＿＿
＿＿＿＿＿＿＿＿＿＿
＿＿＿＿＿＿＿＿＿＿
＿＿＿＿＿＿＿＿＿＿
＿＿＿＿＿＿＿＿＿＿
＿＿＿＿＿＿＿＿＿＿
＿＿＿＿＿＿＿＿＿＿
＿＿＿＿＿＿＿＿＿＿
＿＿＿＿＿＿＿＿＿＿
＿＿＿＿＿＿＿＿＿＿
＿＿＿＿＿＿＿＿＿＿
＿＿＿＿＿＿＿＿＿＿
＿＿＿＿◆◆＿＿＿＿
◆＿◆◆◆◆◆◆＿＿
◆◆◆◆◆◆◆◆＿＿
◆◆◆◆□□◆◆＿＿
□＿□□□□□□◆＿
□□□□□□□□◆＿
□□□□□□□□◆＿
□◆□□□□□□□■
00:19:14(34641f):field(34640f)
＿＿＿＿＿＿＿＿＿＿
＿＿＿＿＿＿＿＿＿＿
＿＿＿＿＿＿＿＿＿＿
＿＿＿＿＿＿＿＿＿＿
＿＿＿＿＿＿＿＿＿＿
＿＿＿＿＿＿＿＿＿＿
＿＿＿＿＿＿＿＿＿＿
＿＿＿＿＿＿＿＿＿＿
＿＿＿＿＿＿＿＿＿＿
＿＿＿＿＿＿＿＿＿＿
＿＿＿＿＿＿＿＿＿＿
＿＿＿＿＿＿＿＿＿＿
＿＿＿＿＿＿＿＿＿＿
＿＿＿＿＿＿＿＿＿＿
＿＿＿＿＿＿＿＿＿＿
＿＿＿＿◆◆＿＿＿■
◆＿◆◆◆◆◆◆＿＿
□◆◆□□□◆◆＿＿
□◆□□□□□□＿＿
□＿□□□□□□□□
00:19:15(34658f):field(34657f)
＿＿＿＿＿＿＿＿＿＿
＿＿＿＿＿＿＿＿＿＿
＿＿＿＿＿＿＿＿＿＿
＿＿＿＿＿＿＿＿＿＿
＿＿＿＿＿＿＿＿＿＿
＿＿＿＿＿＿＿＿＿＿
＿＿＿＿＿＿＿＿＿＿
＿＿＿＿＿＿＿＿＿＿
＿＿＿＿＿＿＿＿＿＿
＿＿＿＿＿＿＿＿＿＿
＿＿＿＿＿＿＿＿＿＿
＿＿＿＿＿＿＿＿＿＿
＿＿＿＿＿＿＿＿＿＿
＿＿＿＿＿＿＿＿＿＿
＿＿＿＿＿＿＿＿＿＿
＿＿＿＿＿＿＿＿＿◆
＿＿＿＿＿＿＿＿■＿
◆＿＿◆□□＿■■＿
□＿□□□□□□■＿
□＿□□□□□□□□
00:19:15(34672f):field(34671f)
＿＿＿＿＿＿＿＿＿＿
＿＿＿＿＿＿＿＿＿＿
＿＿＿＿＿＿＿＿＿＿
＿＿＿＿＿＿＿＿＿＿
＿＿＿＿＿＿＿＿＿＿
＿＿＿＿＿＿＿＿＿＿
＿＿＿＿＿＿＿＿＿＿
＿＿＿＿＿＿＿＿＿＿
＿＿＿＿＿＿＿＿＿＿
＿＿＿＿＿＿＿＿＿＿
＿＿＿＿＿＿＿＿＿＿
＿＿＿＿＿＿＿＿＿＿
＿＿＿＿＿＿＿＿＿＿
＿＿＿＿＿＿＿＿＿＿
＿＿＿＿＿＿＿＿＿＿
＿＿＿＿＿■＿＿＿＿
＿＿＿＿＿■■＿□＿
＿＿＿＿□□■□□＿
□＿□□□□□□□＿
□＿□□□□□□□□
00:19:16(34691f):field(34690f)
＿＿＿＿＿＿＿＿＿＿
＿＿＿＿＿＿＿＿＿＿
＿＿＿＿＿＿＿＿＿＿
＿＿＿＿＿＿＿＿＿＿
＿＿＿＿＿＿＿＿＿＿
＿＿＿＿＿＿＿＿＿＿
＿＿＿＿＿＿＿＿＿＿
＿＿＿＿＿＿＿＿＿＿
＿＿＿＿＿＿＿＿＿＿
＿＿＿＿＿＿＿＿＿＿
＿＿＿＿＿＿＿＿＿＿
＿＿＿＿＿＿＿＿＿＿
＿＿＿＿＿＿＿＿＿＿
＿＿＿＿＿＿＿＿＿＿
＿＿＿＿＿＿＿＿＿＿
＿＿＿＿＿◆＿＿＿＿
＿＿＿＿＿□◆＿◆＿
＿＿＿＿◆□□◆□＿
◆■□◆□□□□□＿
□■□□□□□□□◆
00:19:16(34703f):field(34702f)
＿＿＿＿＿＿＿＿＿＿
＿＿＿＿＿＿＿＿＿＿
＿＿＿＿＿＿＿＿＿＿
＿＿＿＿＿＿＿＿＿＿
＿＿＿＿＿＿＿＿＿＿
＿＿＿＿＿＿＿＿＿＿
＿＿＿＿＿＿＿＿＿＿
＿＿＿＿＿＿＿＿＿＿
＿＿＿＿＿＿＿＿＿＿
＿＿＿＿＿＿＿＿＿＿
＿＿＿＿＿＿＿＿＿＿
＿＿＿＿＿＿＿＿＿＿
＿＿＿＿＿＿＿＿＿＿
＿＿＿＿＿＿＿＿＿＿
＿＿＿＿＿＿＿＿＿＿
＿＿＿＿＿＿＿＿＿＿
＿＿＿＿■□＿＿＿＿
＿＿＿■■□□＿□＿
＿□□■□□□□□＿
□□□□□□□□□＿
00:19:17(34716f):field(34715f)
＿＿＿＿＿＿＿＿＿＿
＿＿＿＿＿＿＿＿＿＿
＿＿＿＿＿＿＿＿＿＿
＿＿＿＿＿＿＿＿＿＿
＿＿＿＿＿＿＿＿＿＿
＿＿＿＿＿＿＿＿＿＿
＿＿＿＿＿＿＿＿＿＿
＿＿＿＿＿＿＿＿＿＿
＿＿＿＿＿＿＿＿＿＿
＿＿＿＿＿＿＿＿＿＿
＿＿＿＿＿＿＿＿＿＿
＿＿＿＿＿＿＿＿＿＿
＿＿＿＿＿＿＿＿＿＿
＿＿＿＿＿＿＿＿＿＿
＿＿＿＿＿＿＿＿＿＿
＿＿＿＿＿＿＿＿＿＿
＿＿＿＿□□＿＿＿＿
■■■□□□□＿□＿
■□□□□□□□□＿
□□□□□□□□□＿
00:19:17(34733f):field(34732f)
＿＿＿＿＿＿＿＿＿＿
＿＿＿＿＿＿＿＿＿＿
＿＿＿＿＿＿＿＿＿＿
＿＿＿＿＿＿＿＿＿＿
＿＿＿＿＿＿＿＿＿＿
＿＿＿＿＿＿＿＿＿＿
＿＿＿＿＿＿＿＿＿＿
＿＿＿＿＿＿＿＿＿＿
＿＿＿＿＿＿＿＿＿＿
＿＿＿＿＿＿＿＿＿＿
＿＿＿＿＿＿＿＿＿＿
＿＿＿＿＿＿＿＿＿＿
＿＿＿＿＿＿＿＿＿＿
＿＿＿＿＿＿＿＿＿＿
＿＿＿＿＿＿＿＿＿＿
＿＿＿＿＿＿＿＿＿＿
＿＿＿＿□□■■■＿
□□□□□□□■□＿
□□□□□□□□□＿
□□□□□□□□□＿
00:19:18(34747f):field(34746f)
＿＿＿＿＿＿＿＿＿＿
＿＿＿＿＿＿＿＿＿＿
＿＿＿＿＿＿＿＿＿＿
＿＿＿＿＿＿＿＿＿＿
＿＿＿＿＿＿＿＿＿＿
＿＿＿＿＿＿＿＿＿＿
＿＿＿＿＿＿＿＿＿＿
＿＿＿＿＿＿＿＿＿＿
＿＿＿＿＿＿＿＿＿＿
＿＿＿＿＿＿＿＿＿＿
＿＿＿＿＿＿＿＿＿＿
＿＿＿＿＿＿＿＿＿＿
＿＿＿＿＿＿＿＿＿＿
＿＿＿＿＿＿＿＿＿＿
＿＿＿＿＿＿＿＿＿＿
＿＿＿＿＿＿＿＿＿＿
■■■■□□□□□＿
□□□□□□□□□＿
□□□□□□□□□＿
□□□□□□□□□＿
00:19:18(34760f):field(34759f)
＿＿＿＿＿＿＿＿＿＿
＿＿＿＿＿＿＿＿＿＿
＿＿＿＿＿＿＿＿＿＿
＿＿＿＿＿＿＿＿＿＿
＿＿＿＿＿＿＿＿＿＿
＿＿＿＿＿＿＿＿＿＿
＿＿＿＿＿＿＿＿＿＿
＿＿＿＿＿＿＿＿＿＿
＿＿＿＿＿＿＿＿＿＿
＿＿＿＿＿＿＿＿＿＿
＿＿＿＿＿＿＿＿＿＿
＿＿＿＿＿＿＿＿＿＿
＿＿＿＿＿＿＿＿＿＿
＿＿＿＿＿＿＿＿＿＿
■■＿＿＿＿＿＿＿＿
■■＿＿＿＿＿＿＿＿
□□□□□□□□□＿
□□□□□□□□□＿
□□□□□□□□□＿
□□□□□□□□□＿
00:19:19(34773f):field(34772f)
＿＿＿＿＿＿＿＿＿＿
＿＿＿＿＿＿＿＿＿＿
＿＿＿＿＿＿＿＿＿＿
＿＿＿＿＿＿＿＿＿＿
＿＿＿＿＿＿＿＿＿＿
＿＿＿＿＿＿＿＿＿＿
＿＿＿＿＿＿＿＿＿＿
＿＿＿＿＿＿＿＿＿＿
＿＿＿＿＿＿＿＿＿＿
＿＿＿＿＿＿＿＿＿＿
＿＿＿＿＿＿＿＿＿＿
＿＿＿＿＿＿＿＿＿＿
＿＿＿＿＿＿＿＿＿＿
＿＿＿■＿＿＿＿＿＿
□□■■＿＿＿＿＿＿
□□■＿＿＿＿＿＿＿
□□□□□□□□□＿
□□□□□□□□□＿
□□□□□□□□□＿
□□□□□□□□□＿
00:19:19(34792f):field(34791f)
＿＿＿＿＿＿＿＿＿＿
＿＿＿＿＿＿＿＿＿＿
＿＿＿＿＿＿＿＿＿＿
＿＿＿＿＿＿＿＿＿＿
＿＿＿＿＿＿＿＿＿＿
＿＿＿＿＿＿＿＿＿＿
＿＿＿＿＿＿＿＿＿＿
＿＿＿＿＿＿＿＿＿＿
＿＿＿＿＿＿＿＿＿＿
＿＿＿＿＿＿＿＿＿＿
＿＿＿＿＿＿＿＿＿＿
＿＿＿＿＿＿＿＿＿＿
＿＿＿＿＿＿＿＿＿＿
＿＿＿□＿＿＿＿＿＿
□□□□■■＿＿＿＿
□□□■■＿＿＿＿＿
□□□□□□□□□＿
□□□□□□□□□＿
□□□□□□□□□＿
□□□□□□□□□＿
00:19:20(34808f):field(34807f)
＿＿＿＿＿＿＿＿＿＿
＿＿＿＿＿＿＿＿＿＿
＿＿＿＿＿＿＿＿＿＿
＿＿＿＿＿＿＿＿＿＿
＿＿＿＿＿＿＿＿＿＿
＿＿＿＿＿＿＿＿＿＿
＿＿＿＿＿＿＿＿＿＿
＿＿＿＿＿＿＿＿＿＿
＿＿＿＿＿＿＿＿＿＿
＿＿＿＿＿＿＿＿＿＿
＿＿＿＿＿＿＿＿＿＿
＿＿＿＿＿＿＿＿＿＿
＿＿＿＿＿＿＿＿＿＿
＿＿＿□＿＿＿＿＿＿
□□□□□□■＿＿＿
□□□□□■■■＿＿
□□□□□□□□□＿
□□□□□□□□□＿
□□□□□□□□□＿
□□□□□□□□□＿
00:19:20(34821f):field(34820f)
＿＿＿＿＿＿＿＿＿＿
＿＿＿＿＿＿＿＿＿＿
＿＿＿＿＿＿＿＿＿＿
＿＿＿＿＿＿＿＿＿＿
＿＿＿＿＿＿＿＿＿＿
＿＿＿＿＿＿＿＿＿＿
＿＿＿＿＿＿＿＿＿＿
＿＿＿＿＿＿＿＿＿＿
＿＿＿＿＿＿＿＿＿＿
＿＿＿＿＿＿＿＿＿＿
＿＿＿＿＿＿＿＿＿＿
＿＿＿＿＿＿＿＿＿＿
＿＿＿＿＿＿■＿＿＿
＿＿＿□■■■＿＿＿
□□□□□□□＿＿＿
□□□□□□□□＿＿
□□□□□□□□□＿
□□□□□□□□□＿
□□□□□□□□□＿
□□□□□□□□□＿
00:19:21(34834f):field(34833f)
＿＿＿＿＿＿＿＿＿＿
＿＿＿＿＿＿＿＿＿＿
＿＿＿＿＿＿＿＿＿＿
＿＿＿＿＿＿＿＿＿＿
＿＿＿＿＿＿＿＿＿＿
＿＿＿＿＿＿＿＿＿＿
＿＿＿＿＿＿＿＿＿＿
＿＿＿＿＿＿＿＿＿＿
＿＿＿＿＿＿＿＿＿＿
＿＿＿＿＿＿＿＿＿＿
＿＿＿＿＿＿＿＿＿＿
＿＿＿＿＿＿＿＿＿＿
■＿＿＿＿＿□＿＿＿
■■■□□□□＿＿＿
□□□□□□□＿＿＿
□□□□□□□□＿＿
□□□□□□□□□＿
□□□□□□□□□＿
□□□□□□□□□＿
□□□□□□□□□＿
00:19:21(34849f):field(34848f)
＿＿＿＿＿＿＿＿＿＿
＿＿＿＿＿＿＿＿＿＿
＿＿＿＿＿＿＿＿＿＿
＿＿＿＿＿＿＿＿＿＿
＿＿＿＿＿＿＿＿＿＿
＿＿＿＿＿＿＿＿＿＿
＿＿＿＿＿＿＿＿＿＿
＿＿＿＿＿＿＿＿＿＿
＿＿＿＿＿＿＿＿＿＿
＿＿＿＿＿＿＿＿＿＿
＿＿＿＿＿＿＿＿＿＿
■■＿＿＿＿＿＿＿＿
□■■＿＿＿□＿＿＿
□□□□□□□＿＿＿
□□□□□□□＿＿＿
□□□□□□□□＿＿
□□□□□□□□□＿
□□□□□□□□□＿
□□□□□□□□□＿
□□□□□□□□□＿
00:19:22(34862f):field(34861f)
＿＿＿＿＿＿＿＿＿＿
＿＿＿＿＿＿＿＿＿＿
＿＿＿＿＿＿＿＿＿＿
＿＿＿＿＿＿＿＿＿＿
＿＿＿＿＿＿＿＿＿＿
＿＿＿＿＿＿＿＿＿＿
＿＿＿＿＿＿＿＿＿＿
＿＿＿＿＿＿＿＿＿＿
＿＿＿＿＿＿＿＿＿＿
＿＿＿＿＿＿＿＿＿＿
＿＿＿＿＿＿＿＿＿＿
□□＿＿＿■■＿＿＿
□□□＿■■□＿＿＿
□□□□□□□＿＿＿
□□□□□□□＿＿＿
□□□□□□□□＿＿
□□□□□□□□□＿
□□□□□□□□□＿
□□□□□□□□□＿
□□□□□□□□□＿
00:19:22(34880f):field(34879f)
＿＿＿＿＿＿＿＿＿＿
＿＿＿＿＿＿＿＿＿＿
＿＿＿＿＿＿＿＿＿＿
＿＿＿＿＿＿＿＿＿＿
＿＿＿＿＿＿＿＿＿＿
＿＿＿＿＿＿＿＿＿＿
＿＿＿＿＿＿＿＿＿＿
＿＿＿＿＿＿＿＿＿＿
＿＿＿＿＿＿＿＿＿＿
＿＿＿＿＿＿＿＿＿＿
＿＿＿＿＿＿＿＿＿＿
◆◆＿＿＿◆◆＿＿＿
◆◆◆＿◆◆◆＿＿＿
◆◆◆◆◆◆◆＿＿＿
◆◆◆◆◆◆◆＿＿＿
□□◆◆□□□◆＿＿
□□□□□□□◆◆＿
□□□□□□□□◆＿
□□□□□□□◆□＿
□□□□□□□□□＿
00:19:23(34897f):field(34896f)
＿＿＿＿＿＿＿＿＿＿
＿＿＿＿＿＿＿＿＿＿
＿＿＿＿＿＿＿＿＿＿
＿＿＿＿＿＿＿＿＿＿
＿＿＿＿＿＿＿＿＿＿
＿＿＿＿＿＿＿＿＿＿
＿＿＿＿＿＿＿＿＿＿
＿＿＿＿＿＿＿＿＿＿
＿＿＿＿＿＿＿＿＿＿
＿＿＿＿＿＿＿＿＿＿
＿＿＿＿＿＿＿＿＿＿
＿＿＿＿＿＿＿＿＿＿
＿＿＿＿＿＿＿＿＿＿
＿＿＿＿＿＿＿＿＿＿
＿＿＿＿＿＿＿＿＿＿
◆◆＿＿◆◆◆＿＿＿
□□◆◆◆□□＿＿＿
□□□◆□□□◆＿＿
□□□□□□□＿◆＿
□□□□□□□◆□■
00:19:23(34913f):field(34912f)
＿＿＿＿＿＿＿＿＿＿
＿＿＿＿＿＿＿＿＿＿
＿＿＿＿＿＿＿＿＿＿
＿＿＿＿＿＿＿＿＿＿
＿＿＿＿＿＿＿＿＿＿
＿＿＿＿＿＿＿＿＿＿
＿＿＿＿＿＿＿＿＿＿
＿＿＿＿＿＿＿＿＿＿
＿＿＿＿＿＿＿＿＿＿
＿＿＿＿＿＿＿＿＿＿
＿＿＿＿＿＿＿＿＿＿
＿＿＿＿＿＿＿＿＿＿
＿＿＿＿＿＿＿＿＿＿
＿＿＿＿＿＿＿＿＿＿
＿＿＿＿＿＿＿＿＿＿
＿＿＿＿＿＿＿＿＿＿
◆◆＿＿＿◆◆＿＿＿
◆◆◆＿□◆◆＿＿■
□□◆◆◆□□＿＿＿
□□□◆□□□■◆◆
00:19:24(34927f):field(34926f)
＿＿＿＿＿＿＿＿＿＿
＿＿＿＿＿＿＿＿＿＿
＿＿＿＿＿＿＿＿＿＿
＿＿＿＿＿＿＿＿＿＿
＿＿＿＿＿＿＿＿＿＿
＿＿＿＿＿＿＿＿＿＿
＿＿＿＿＿＿＿＿＿＿
＿＿＿＿＿＿＿＿＿＿
＿＿＿＿＿＿＿＿＿＿
＿＿＿＿＿＿＿＿＿＿
＿＿＿＿＿＿＿＿＿＿
＿＿＿＿＿＿＿＿＿＿
＿＿＿＿＿＿＿＿＿＿
＿＿＿＿＿＿＿＿＿＿
＿＿＿＿＿＿＿＿＿＿
＿＿＿＿＿＿＿＿＿＿
＿＿＿＿＿＿＿＿＿＿
＿＿＿＿◆＿＿＿＿◆
□□■■■□□＿＿＿
□□□■□□□◆＿＿
00:19:24(34940f):field(34939f)
＿＿＿＿＿＿＿＿＿＿
＿＿＿＿＿＿＿＿＿＿
＿＿＿＿＿＿＿＿＿＿
＿＿＿＿＿＿＿＿＿＿
＿＿＿＿＿＿＿＿＿＿
＿＿＿＿＿＿＿＿＿＿
＿＿＿＿＿＿＿＿＿＿
＿＿＿＿＿＿＿＿＿＿
＿＿＿＿＿＿＿＿＿＿
＿＿＿＿＿＿＿＿＿＿
＿＿＿＿＿＿＿＿＿＿
＿＿＿＿＿＿＿＿＿＿
＿＿＿＿＿＿＿＿＿＿
＿＿＿＿＿＿＿＿＿＿
＿＿＿＿＿＿＿＿＿＿
＿＿＿＿＿＿＿＿＿＿
■＿＿＿＿＿＿＿＿＿
■■■＿＿＿＿＿＿＿
□□□□□□□＿＿＿
□□□□□□□＿＿＿
00:19:25(34954f):field(34953f)
＿＿＿＿＿＿＿＿＿＿
＿＿＿＿＿＿＿＿＿＿
＿＿＿＿＿＿＿＿＿＿
＿＿＿＿＿＿＿＿＿＿
＿＿＿＿＿＿＿＿＿＿
＿＿＿＿＿＿＿＿＿＿
＿＿＿＿＿＿＿＿＿＿
＿＿＿＿＿＿＿＿＿＿
＿＿＿＿＿＿＿＿＿＿
＿＿＿＿＿＿＿＿＿＿
＿＿＿＿＿＿＿＿＿＿
＿＿＿＿＿＿＿＿＿＿
＿＿＿＿＿＿＿＿＿＿
＿＿＿＿＿＿＿＿＿＿
＿＿＿＿＿＿＿＿＿＿
＿＿■＿＿＿＿＿＿＿
□＿■■＿＿＿＿＿＿
□□□■＿＿＿＿＿＿
□□□□□□□＿＿＿
□□□□□□□＿＿＿
00:19:25(34968f):field(34967f)
＿＿＿＿＿＿＿＿＿＿
＿＿＿＿＿＿＿＿＿＿
＿＿＿＿＿＿＿＿＿＿
＿＿＿＿＿＿＿＿＿＿
＿＿＿＿＿＿＿＿＿＿
＿＿＿＿＿＿＿＿＿＿
＿＿＿＿＿＿＿＿＿＿
＿＿＿＿＿＿＿＿＿＿
＿＿＿＿＿＿＿＿＿＿
＿＿＿＿＿＿＿＿＿＿
＿＿＿＿＿＿＿＿＿＿
＿＿＿＿＿＿＿＿＿＿
＿＿＿＿＿＿＿＿＿＿
＿＿＿＿＿＿＿＿＿＿
＿＿＿＿＿＿＿＿＿＿
＿＿□＿＿■＿＿＿＿
□＿□□■■＿＿＿＿
□□□□■＿＿＿＿＿
□□□□□□□＿＿＿
□□□□□□□＿＿＿
00:19:26(34984f):field(34983f)
＿＿＿＿＿＿＿＿＿＿
＿＿＿＿＿＿＿＿＿＿
＿＿＿＿＿＿＿＿＿＿
＿＿＿＿＿＿＿＿＿＿
＿＿＿＿＿＿＿＿＿＿
＿＿＿＿＿＿＿＿＿＿
＿＿＿＿＿＿＿＿＿＿
＿＿＿＿＿＿＿＿＿＿
＿＿＿＿＿＿＿＿＿＿
＿＿＿＿＿＿＿＿＿＿
＿＿＿＿＿＿＿＿＿＿
＿＿＿＿＿＿＿＿＿＿
＿＿＿＿＿＿＿＿＿＿
＿＿＿＿＿＿＿＿＿＿
＿＿＿＿＿＿＿＿＿＿
＿＿□＿＿□＿＿＿＿
□＿□□□□＿＿＿■
□□□□□＿＿＿＿■
□□□□□□□＿＿■
□□□□□□□＿＿■
00:19:26(34999f):field(34998f)
＿＿＿＿＿＿＿＿＿＿
＿＿＿＿＿＿＿＿＿＿
＿＿＿＿＿＿＿＿＿＿
＿＿＿＿＿＿＿＿＿＿
＿＿＿＿＿＿＿＿＿＿
＿＿＿＿＿＿＿＿＿＿
＿＿＿＿＿＿＿＿＿＿
＿＿＿＿＿＿＿＿＿＿
＿＿＿＿＿＿＿＿＿＿
＿＿＿＿＿＿＿＿＿＿
＿＿＿＿＿＿＿＿＿＿
＿＿＿＿＿＿＿＿＿＿
＿＿＿＿＿＿＿＿＿＿
＿＿＿■＿＿＿＿＿＿
＿＿＿■＿＿＿＿＿＿
＿＿□■■□＿＿＿＿
□＿□□□□＿＿＿□
□□□□□＿＿＿＿□
□□□□□□□＿＿□
□□□□□□□＿＿□
00:19:27(35016f):field(35015f)
＿＿＿＿＿＿＿＿＿＿
＿＿＿＿＿＿＿＿＿＿
＿＿＿＿＿＿＿＿＿＿
＿＿＿＿＿＿＿＿＿＿
＿＿＿＿＿＿＿＿＿＿
＿＿＿＿＿＿＿＿＿＿
＿＿＿＿＿＿＿＿＿＿
＿＿＿＿＿＿＿＿＿＿
＿＿＿＿＿＿＿＿＿＿
＿＿＿＿＿＿＿＿＿＿
＿＿＿＿＿＿＿＿＿＿
＿＿＿＿＿＿＿＿＿＿
＿＿＿＿＿＿＿＿＿＿
＿＿＿◆＿＿＿＿＿＿
＿＿＿◆＿＿＿＿＿＿
＿＿◆□◆◆＿＿＿＿
◆＿◆□◆◆＿＿＿◆
◆◆□□□■＿＿＿◆
□◆□□□□◆＿＿□
□□□□□◆◆＿＿□
00:19:27(35033f):field(35032f)
＿＿＿＿＿＿＿＿＿＿
＿＿＿＿＿＿＿＿＿＿
＿＿＿＿＿＿＿＿＿＿
＿＿＿＿＿＿＿＿＿＿
＿＿＿＿＿＿＿＿＿＿
＿＿＿＿＿＿＿＿＿＿
＿＿＿＿＿＿＿＿＿＿
＿＿＿＿＿＿＿＿＿＿
＿＿＿＿＿＿＿＿＿＿
＿＿＿＿＿＿＿＿＿＿
＿＿＿＿＿＿＿＿＿＿
＿＿＿＿＿＿＿＿＿＿
＿＿＿＿＿＿＿＿＿＿
＿＿＿＿＿＿＿＿＿＿
＿＿＿＿＿＿＿＿＿＿
＿＿＿□＿＿＿＿＿＿
＿＿＿□＿＿＿＿＿＿
＿＿□□□□＿＿＿＿
□＿□□□□■＿＿□
□□□□□■■■＿□
00:19:28(35049f):field(35048f)
＿＿＿＿＿＿＿＿＿＿
＿＿＿＿＿＿＿＿＿＿
＿＿＿＿＿＿＿＿＿＿
＿＿＿＿＿＿＿＿＿＿
＿＿＿＿＿＿＿＿＿＿
＿＿＿＿＿＿＿＿＿＿
＿＿＿＿＿＿＿＿＿＿
＿＿＿＿＿＿＿＿＿＿
＿＿＿＿＿＿＿＿＿＿
＿＿＿＿＿＿＿＿＿＿
＿＿＿＿＿＿＿＿＿＿
＿＿＿＿＿＿＿＿＿＿
＿＿＿＿＿＿＿＿＿＿
＿＿＿＿＿＿＿＿＿＿
＿＿＿＿＿＿＿＿＿＿
＿＿＿□＿＿＿＿＿＿
＿＿＿□■■■＿＿＿
＿＿□□□□■＿＿＿
□＿□□□□□＿＿□
□□□□□□□□＿□
00:19:28(35066f):field(35065f)
＿＿＿＿＿＿＿＿＿＿
＿＿＿＿＿＿＿＿＿＿
＿＿＿＿＿＿＿＿＿＿
＿＿＿＿＿＿＿＿＿＿
＿＿＿＿＿＿＿＿＿＿
＿＿＿＿＿＿＿＿＿＿
＿＿＿＿＿＿＿＿＿＿
＿＿＿＿＿＿＿＿＿＿
＿＿＿＿＿＿＿＿＿＿
＿＿＿＿＿＿＿＿＿＿
＿＿＿＿＿＿＿＿＿＿
＿＿＿＿＿＿＿＿＿＿
＿＿＿＿＿＿＿＿＿＿
＿＿＿＿＿＿＿＿＿＿
＿＿＿＿＿＿＿＿＿＿
＿＿＿◆＿＿＿＿＿＿
＿＿＿□◆◆◆＿＿＿
＿＿◆□□□□＿■＿
□＿□□□□□＿■◆
□◆□□□□□◆■□
00:19:29(35077f):field(35076f)
＿＿＿＿＿＿＿＿＿＿
＿＿＿＿＿＿＿＿＿＿
＿＿＿＿＿＿＿＿＿＿
＿＿＿＿＿＿＿＿＿＿
＿＿＿＿＿＿＿＿＿＿
＿＿＿＿＿＿＿＿＿＿
＿＿＿＿＿＿＿＿＿＿
＿＿＿＿＿＿＿＿＿＿
＿＿＿＿＿＿＿＿＿＿
＿＿＿＿＿＿＿＿＿＿
＿＿＿＿＿＿＿＿＿＿
＿＿＿＿＿＿＿＿＿＿
＿＿＿＿＿＿＿＿＿＿
＿＿＿＿＿＿＿＿＿＿
＿＿＿＿＿＿＿＿＿＿
＿＿＿■■＿＿＿＿＿
＿＿＿□■■＿＿＿＿
＿＿＿□□□□＿□＿
◆＿□□□□□＿□＿
□＿□□□□□＿□□
00:19:29(35095f):field(35094f)
＿＿＿＿＿＿＿＿＿＿
＿＿＿＿＿＿＿＿＿＿
＿＿＿＿＿＿＿＿＿＿
＿＿＿＿＿＿＿＿＿＿
＿＿＿＿＿＿＿＿＿＿
＿＿＿＿＿＿＿＿＿＿
＿＿＿＿＿＿＿＿＿＿
＿＿＿＿＿＿＿＿＿＿
＿＿＿＿＿＿＿＿＿＿
＿＿＿＿＿＿＿＿＿＿
＿＿＿＿＿＿＿＿＿＿
＿＿＿＿＿＿＿＿＿＿
＿＿＿＿＿＿＿＿＿＿
＿＿＿＿＿＿＿＿＿＿
＿＿＿＿＿＿＿＿＿＿
＿＿＿□□＿＿＿＿＿
＿＿＿□□□＿■＿＿
＿＿＿□□□□■□＿
＿＿□□□□□■□＿
□＿□□□□□■□□
00:19:30(35113f):field(35112f)
＿＿＿＿＿＿＿＿＿＿
＿＿＿＿＿＿＿＿＿＿
＿＿＿＿＿＿＿＿＿＿
＿＿＿＿＿＿＿＿＿＿
＿＿＿＿＿＿＿＿＿＿
＿＿＿＿＿＿＿＿＿＿
＿＿＿＿＿＿＿＿＿＿
＿＿＿＿＿＿＿＿＿＿
＿＿＿＿＿＿＿＿＿＿
＿＿＿＿＿＿＿＿＿＿
＿＿＿＿＿＿＿＿＿＿
＿＿＿＿＿＿＿＿＿＿
＿＿＿＿＿＿＿＿＿＿
＿＿＿＿＿＿＿＿＿＿
＿＿＿＿＿＿＿＿＿＿
＿＿＿□□＿＿＿＿＿
＿＿＿□□□＿□■■
＿＿＿□□□□□□■
＿＿□□□□□□□■
□＿□□□□□□□□
00:19:30(35125f):field(35124f)
＿＿＿＿＿＿＿＿＿＿
＿＿＿＿＿＿＿＿＿＿
＿＿＿＿＿＿＿＿＿＿
＿＿＿＿＿＿＿＿＿＿
＿＿＿＿＿＿＿＿＿＿
＿＿＿＿＿＿＿＿＿＿
＿＿＿＿＿＿＿＿＿＿
＿＿＿＿＿＿＿＿＿＿
＿＿＿＿＿＿＿＿＿＿
＿＿＿＿＿＿＿＿＿＿
＿＿＿＿＿＿＿＿＿＿
＿＿＿＿＿＿＿＿＿＿
＿＿＿＿＿＿＿＿＿＿
＿＿＿＿＿＿＿＿＿＿
＿＿＿＿＿＿＿＿＿＿
＿＿＿□□■■■＿＿
＿＿＿□□□■□□□
＿＿＿□□□□□□□
＿＿□□□□□□□□
□＿□□□□□□□□
00:19:31(35143f):field(35142f)
＿＿＿＿＿＿＿＿＿＿
＿＿＿＿＿＿＿＿＿＿
＿＿＿＿＿＿＿＿＿＿
＿＿＿＿＿＿＿＿＿＿
＿＿＿＿＿＿＿＿＿＿
＿＿＿＿＿＿＿＿＿＿
＿＿＿＿＿＿＿＿＿＿
＿＿＿＿＿＿＿＿＿＿
＿＿＿＿＿＿＿＿＿＿
＿＿＿＿＿＿＿＿＿＿
＿＿＿＿＿＿＿＿＿＿
＿＿＿＿＿＿＿＿＿＿
＿＿＿＿＿＿＿＿＿＿
＿＿＿＿■＿＿＿＿＿
＿＿＿＿■■■＿＿＿
＿＿＿□□□□□＿＿
＿＿＿□□□□□□□
＿＿＿□□□□□□□
＿＿□□□□□□□□
□＿□□□□□□□□
00:19:31(35156f):field(35155f)
＿＿＿＿＿＿＿＿＿＿
＿＿＿＿＿＿＿＿＿＿
＿＿＿＿＿＿＿＿＿＿
＿＿＿＿＿＿＿＿＿＿
＿＿＿＿＿＿＿＿＿＿
＿＿＿＿＿＿＿＿＿＿
＿＿＿＿＿＿＿＿＿＿
＿＿＿＿＿＿＿＿＿＿
＿＿＿＿＿＿＿＿＿＿
＿＿＿＿＿＿＿＿＿＿
＿＿＿＿＿＿＿＿＿＿
＿＿＿＿＿＿＿＿＿＿
＿＿＿＿＿■■＿＿＿
＿＿＿＿□■■＿＿＿
＿＿＿＿□□□＿＿＿
＿＿＿□□□□□＿＿
＿＿＿□□□□□□□
＿＿＿□□□□□□□
＿＿□□□□□□□□
□＿□□□□□□□□
00:19:32(35175f):field(35174f)
＿＿＿＿＿＿＿＿＿＿
＿＿＿＿＿＿＿＿＿＿
＿＿＿＿＿＿＿＿＿＿
＿＿＿＿＿＿＿＿＿＿
＿＿＿＿＿＿＿＿＿＿
＿＿＿＿＿＿＿＿＿＿
＿＿＿＿＿＿＿＿＿＿
＿＿＿＿＿＿＿＿＿＿
＿＿＿＿＿＿＿＿＿＿
＿＿＿＿＿＿＿＿＿＿
＿＿＿＿＿＿＿＿＿＿
＿＿＿＿■＿＿＿＿＿
＿＿＿■■□□＿＿＿
＿＿＿■□□□＿＿＿
＿＿＿＿□□□＿＿＿
＿＿＿□□□□□＿＿
＿＿＿□□□□□□□
＿＿＿□□□□□□□
＿＿□□□□□□□□
□＿□□□□□□□□
00:19:33(35194f):field(35193f)
＿＿＿＿＿＿＿＿＿＿
＿＿＿＿＿＿＿＿＿＿
＿＿＿＿＿＿＿＿＿＿
＿＿＿＿＿＿＿＿＿＿
＿＿＿＿＿＿＿＿＿＿
＿＿＿＿＿＿＿＿＿＿
＿＿＿＿＿＿＿＿＿＿
＿＿＿＿＿＿＿＿＿＿
＿＿＿＿＿＿＿＿＿＿
＿＿＿＿＿＿＿＿＿＿
＿＿＿＿＿＿＿＿＿＿
＿＿＿＿□＿＿＿＿＿
＿＿＿□□□□＿＿＿
＿＿＿□□□□＿＿■
＿＿＿＿□□□＿＿■
＿＿＿□□□□□■■
＿＿＿□□□□□□□
＿＿＿□□□□□□□
＿＿□□□□□□□□
□＿□□□□□□□□
00:19:33(35210f):field(35209f)
＿＿＿＿＿＿＿＿＿＿
＿＿＿＿＿＿＿＿＿＿
＿＿＿＿＿＿＿＿＿＿
＿＿＿＿＿＿＿＿＿＿
＿＿＿＿＿＿＿＿＿＿
＿＿＿＿＿＿＿＿＿＿
＿＿＿＿＿＿＿＿＿＿
＿＿＿＿＿＿＿＿＿＿
＿＿＿＿＿＿＿＿＿＿
＿＿＿＿＿＿＿＿＿＿
＿＿＿＿＿＿＿＿＿＿
＿＿＿＿□＿＿＿＿＿
＿＿＿□□□□■＿＿
＿＿＿□□□□■＿□
＿＿＿＿□□□■■□
＿＿＿□□□□□□□
＿＿＿□□□□□□□
＿＿＿□□□□□□□
＿＿□□□□□□□□
□＿□□□□□□□□
00:19:34(35224f):field(35223f)
＿＿＿＿＿＿＿＿＿＿
＿＿＿＿＿＿＿＿＿＿
＿＿＿＿＿＿＿＿＿＿
＿＿＿＿＿＿＿＿＿＿
＿＿＿＿＿＿＿＿＿＿
＿＿＿＿＿＿＿＿＿＿
＿＿＿＿＿＿＿＿＿＿
＿＿＿＿＿＿＿＿＿＿
＿＿＿＿＿■＿＿＿＿
＿＿＿＿＿■＿＿＿＿
＿＿＿＿＿■＿＿＿＿
＿＿＿＿□■＿＿＿＿
＿＿＿□□□□□＿＿
＿＿＿□□□□□＿□
＿＿＿＿□□□□□□
＿＿＿□□□□□□□
＿＿＿□□□□□□□
＿＿＿□□□□□□□
＿＿□□□□□□□□
□＿□□□□□□□□
00:19:34(35244f):field(35243f)
＿＿＿＿＿＿＿＿＿＿
＿＿＿＿＿＿＿＿＿＿
＿＿＿＿＿＿＿＿＿＿
＿＿＿＿＿＿＿＿＿＿
＿＿＿＿＿＿＿＿＿＿
＿＿＿＿＿＿＿＿＿＿
＿＿＿＿＿＿＿＿＿＿
＿＿＿＿＿＿＿＿＿＿
＿＿＿＿＿◆＿＿＿＿
＿＿＿＿＿◆＿＿＿＿
＿＿＿＿＿□＿＿＿＿
＿＿＿＿◆□＿＿＿＿
＿＿＿◆◆□◆◆＿＿
＿＿＿◆□□◆◆＿◆
＿＿＿■□□□□◆◆
＿＿＿□□□□□◆□
＿＿＿◆□□□□□□
＿■＿□□□□□□□
＿＿◆□□□□□□□
◆■◆□□□□□□□
00:19:35(35263f):field(35262f)
＿＿＿＿＿＿＿＿＿＿
＿＿＿＿＿＿＿＿＿＿
＿＿＿＿＿＿＿＿＿＿
＿＿＿＿＿＿＿＿＿＿
＿＿＿＿＿＿＿＿＿＿
＿＿＿＿＿＿＿＿＿＿
＿＿＿＿＿＿＿＿＿＿
＿＿＿＿＿＿＿＿＿＿
＿＿＿＿＿＿＿＿＿＿
＿＿＿＿＿＿＿＿＿＿
＿＿＿＿＿□＿＿＿＿
＿＿＿＿＿□＿＿＿＿
＿＿＿＿＿□＿＿＿＿
＿＿＿＿□□＿＿＿＿
＿＿＿□□□□□＿＿
＿＿＿□□□□□＿□
＿＿＿＿□□□□□□
＿□＿□□□□□□□
＿■■□□□□□□□
＿□■□□□□□□□
00:19:35(35277f):field(35276f)
＿＿＿＿＿＿＿＿＿＿
＿＿＿＿＿＿＿＿＿＿
＿＿＿＿＿＿＿＿＿＿
＿＿＿＿＿＿＿＿＿＿
＿＿＿＿＿＿＿＿＿＿
＿＿＿＿＿＿＿＿＿＿
＿＿＿＿＿＿＿＿＿＿
＿＿＿＿＿＿＿＿＿＿
＿＿＿＿＿＿＿＿＿＿
＿＿＿＿■■＿＿＿＿
＿＿＿＿■□＿＿＿＿
＿＿＿＿■□＿＿＿＿
＿＿＿＿＿□＿＿＿＿
＿＿＿＿□□＿＿＿＿
＿＿＿□□□□□＿＿
＿＿＿□□□□□＿□
＿＿＿＿□□□□□□
＿□＿□□□□□□□
＿□□□□□□□□□
＿□□□□□□□□□
00:19:36(35295f):field(35294f)
＿＿＿＿＿＿＿＿＿＿
＿＿＿＿＿＿＿＿＿＿
＿＿＿＿＿＿＿＿＿＿
＿＿＿＿＿＿＿＿＿＿
＿＿＿＿＿＿＿＿＿＿
＿＿＿＿＿＿＿＿＿＿
＿＿＿＿＿＿＿＿＿＿
＿＿＿＿＿＿＿＿＿＿
＿＿＿＿＿＿＿＿＿＿
＿＿＿＿□□＿＿＿＿
＿＿＿＿□□＿＿＿＿
＿＿＿＿□□■＿＿＿
＿＿＿＿＿□■＿＿＿
＿＿＿＿□□■■＿＿
＿＿＿□□□□□＿＿
＿＿＿□□□□□＿□
＿＿＿＿□□□□□□
＿□＿□□□□□□□
＿□□□□□□□□□
＿□□□□□□□□□
00:19:37(35310f):field(35309f)
＿＿＿＿＿＿＿＿＿＿
＿＿＿＿＿＿＿＿＿＿
＿＿＿＿＿＿＿＿＿＿
＿＿＿＿＿＿＿＿＿＿
＿＿＿＿＿＿＿＿＿＿
＿＿＿＿＿＿＿＿＿＿
＿＿＿＿＿＿＿＿＿＿
＿＿＿■■＿＿＿＿＿
＿＿＿■■＿＿＿＿＿
＿＿＿＿□□＿＿＿＿
＿＿＿＿□□＿＿＿＿
＿＿＿＿□□□＿＿＿
＿＿＿＿＿□□＿＿＿
＿＿＿＿□□□□＿＿
＿＿＿□□□□□＿＿
＿＿＿□□□□□＿□
＿＿＿＿□□□□□□
＿□＿□□□□□□□
＿□□□□□□□□□
＿□□□□□□□□□
00:19:37(35331f):field(35330f)
＿＿＿＿＿＿＿＿＿＿
＿＿＿＿＿＿＿＿＿＿
＿＿＿＿＿＿＿＿＿＿
＿＿＿＿＿＿＿＿＿＿
＿＿＿＿＿＿＿＿＿＿
＿＿＿＿＿＿＿＿＿＿
＿＿＿＿＿＿＿＿＿＿
＿＿＿◆◆＿＿＿＿＿
＿＿＿◆◆＿＿＿＿＿
＿＿＿■□◆＿＿＿＿
＿＿＿■□◆＿＿＿＿
＿＿＿＿□□◆＿＿＿
＿＿＿＿■□◆＿＿＿
＿＿＿＿□□□◆＿＿
＿＿＿◆◆□□◆＿＿
＿＿＿◆□□□□＿◆
＿＿＿■□□□□◆◆
＿◆＿□□□□□◆□
■◆◆◆□□□□□□
■□◆□□□□□□□
00:19:38(35348f):field(35347f)
＿＿＿＿＿＿＿＿＿＿
＿＿＿＿＿＿＿＿＿＿
＿＿＿＿＿＿＿＿＿＿
＿＿＿＿＿＿＿＿＿＿
＿＿＿＿＿＿＿＿＿＿
＿＿＿＿＿＿＿＿＿＿
＿＿＿＿＿＿＿＿＿＿
＿＿＿＿＿＿＿＿＿＿
＿＿＿＿＿＿＿＿＿＿
＿＿＿◆◆＿＿＿＿＿
＿＿＿◆◆＿＿＿＿＿
＿＿＿■□◆＿＿＿＿
＿＿＿■□◆＿＿＿＿
＿＿＿＿□□◆＿＿＿
＿＿＿＿■□◆＿＿＿
＿＿＿＿□□□◆＿＿
＿＿＿◆◆□□◆■＿
＿＿＿◆□□□□＿□
◆＿＿■□□□□◆◆
◆◆＿□□□□□◆□
00:19:38(35368f):field(35367f)
＿＿＿＿＿＿＿＿＿＿
＿＿＿＿＿＿＿＿＿＿
＿＿＿＿＿＿＿＿＿＿
＿＿＿＿＿＿＿＿＿＿
＿＿＿＿＿＿＿＿＿＿
＿＿＿＿＿＿＿＿＿＿
＿＿＿＿＿＿＿＿＿＿
＿＿＿＿＿＿＿＿＿＿
＿＿＿＿＿＿＿＿＿＿
＿＿＿＿＿＿＿＿＿＿
＿＿＿＿＿＿＿＿＿＿
＿＿＿□□＿＿＿＿＿
＿＿＿□□＿＿＿＿＿
＿＿＿＿□□＿＿＿＿
＿＿＿＿□□＿＿＿＿
＿＿＿＿□□□＿＿＿
＿＿＿＿＿□□＿◆＿
＿＿＿＿□□□□＿◆
＿■■□□□□□＿＿
■■＿□□□□□＿□
00:19:39(35392f):field(35391f)
＿＿＿＿＿＿＿＿＿＿
＿＿＿＿＿＿＿＿＿＿
＿＿＿＿＿＿＿＿＿＿
＿＿＿＿＿＿＿＿＿＿
＿＿＿＿＿＿＿＿＿＿
＿＿＿＿＿＿＿＿＿＿
＿＿＿＿＿＿＿＿＿＿
＿＿＿＿＿＿＿＿＿＿
＿＿＿＿＿＿＿＿＿＿
＿＿＿＿＿＿＿＿＿＿
＿＿＿＿＿＿＿＿＿＿
＿＿＿□□＿＿＿＿＿
＿＿＿□□＿＿＿＿＿
＿＿＿＿□□＿＿＿＿
＿＿＿＿□□■■＿＿
＿＿＿＿□□□■＿＿
＿＿＿＿＿□□■＿＿
＿＿＿＿□□□□＿＿
＿□□□□□□□＿＿
□□＿□□□□□＿□
00:19:40(35411f):field(35410f)
＿＿＿＿＿＿＿＿＿＿
＿＿＿＿＿＿＿＿＿＿
＿＿＿＿＿＿＿＿＿＿
＿＿＿＿＿＿＿＿＿＿
＿＿＿＿＿＿＿＿＿＿
＿＿＿＿＿＿＿＿＿＿
＿＿＿＿＿＿＿＿＿＿
＿＿＿＿＿＿＿＿＿＿
＿＿＿＿＿＿＿＿＿＿
＿＿＿＿＿＿＿＿＿＿
＿＿＿＿＿＿＿＿＿＿
＿＿＿□□＿＿＿＿＿
＿＿＿□□＿＿＿＿＿
＿＿＿＿□□＿＿＿＿
＿＿＿＿□□□□＿＿
＿＿＿＿□□□□＿＿
＿＿＿＿＿□□□＿＿
＿＿＿＿□□□□■■
＿□□□□□□□■＿
□□＿□□□□□■□
00:19:41(35439f):field(35429f)
＿＿＿＿＿＿＿＿＿＿
＿＿＿＿＿＿＿＿＿＿
＿＿＿＿＿＿＿＿＿＿
＿＿＿＿＿＿＿＿＿＿
＿＿＿＿＿＿＿＿＿＿
＿＿＿＿＿＿＿＿＿＿
＿＿＿＿＿＿＿＿＿＿
＿＿＿＿＿＿＿＿＿＿
＿＿＿＿＿＿＿＿＿＿
＿＿＿＿＿＿＿＿＿＿
＿＿＿＿＿＿＿＿＿＿
＿＿＿□□＿＿＿＿＿
＿＿＿□□＿＿＿＿＿
＿＿＿＿□□＿＿＿＿
＿＿＿＿□□□□＿＿
■＿＿＿□□□□＿＿
■＿＿＿＿□□□＿＿
■＿＿＿□□□□□□
■□□□□□□□□＿
□□＿□□□□□□□
00:19:41(35444f):field(35443f)
＿＿＿＿＿＿＿＿＿＿
＿＿＿＿＿＿＿＿＿＿
＿＿＿＿＿＿＿＿＿＿
＿＿＿＿＿＿＿＿＿＿
＿＿＿＿＿＿＿＿＿＿
＿＿＿＿＿＿＿＿＿＿
＿＿＿＿＿＿＿＿＿＿
＿＿＿＿＿＿＿＿＿＿
＿＿＿＿＿＿＿＿＿＿
＿＿＿＿＿＿＿＿＿＿
＿＿＿＿＿＿＿＿＿＿
＿＿＿□□＿＿＿＿＿
＿＿＿□□■■＿＿＿
＿＿＿＿□□■■＿＿
＿＿＿＿□□□□＿＿
□＿＿＿□□□□＿＿
□＿＿＿＿□□□＿＿
□＿＿＿□□□□□□
□□□□□□□□□＿
□□＿□□□□□□□
00:19:42(35461f):field(35460f)
＿＿＿＿＿＿＿＿＿＿
＿＿＿＿＿＿＿＿＿＿
＿＿＿＿＿＿＿＿＿＿
＿＿＿＿＿＿＿＿＿＿
＿＿＿＿＿＿＿＿＿＿
＿＿＿＿＿＿＿＿＿＿
＿＿＿＿＿＿＿＿＿＿
＿＿＿＿＿＿＿＿＿＿
＿＿＿＿＿＿＿＿＿＿
＿＿＿＿＿＿＿＿＿＿
＿＿＿＿＿＿＿＿＿＿
＿＿＿□□＿＿＿＿＿
＿＿＿□□□□＿＿＿
＿＿＿＿□□□□＿＿
＿＿＿＿□□□□＿＿
□＿＿＿□□□□■■
□＿＿＿＿□□□■■
□＿＿＿□□□□□□
□□□□□□□□□＿
□□＿□□□□□□□
00:19:42(35482f):field(35481f)
＿＿＿＿＿＿＿＿＿＿
＿＿＿＿＿＿＿＿＿＿
＿＿＿＿＿＿＿＿＿＿
＿＿＿＿＿＿＿＿＿＿
＿＿＿＿＿＿＿＿＿＿
＿＿＿＿＿＿＿＿＿＿
＿＿＿＿＿＿＿＿＿＿
＿＿＿＿＿＿＿＿＿＿
＿＿＿＿＿＿＿＿＿＿
＿＿＿＿＿＿＿＿＿＿
＿＿＿＿＿＿＿＿＿＿
＿＿＿□□＿＿＿＿＿
＿＿＿□□□□＿＿＿
＿＿＿＿□□□□＿＿
＿＿＿＿□□□□＿＿
□＿＿■□□□□□□
□＿＿■■□□□□□
□＿＿■□□□□□□
□□□□□□□□□＿
□□＿□□□□□□□
00:19:43(35501f):field(35500f)
＿＿＿＿＿＿＿＿＿＿
＿＿＿＿＿＿＿＿＿＿
＿＿＿＿＿＿＿＿＿＿
＿＿＿＿＿＿＿＿＿＿
＿＿＿＿＿＿＿＿＿＿
＿＿＿＿＿＿＿＿＿＿
＿＿＿＿＿＿＿＿＿＿
＿＿＿＿＿＿＿＿＿＿
＿＿＿＿＿＿＿＿＿＿
＿＿＿＿＿＿＿＿＿＿
＿＿＿＿＿＿＿＿＿＿
＿＿＿□□＿＿＿＿＿
＿＿＿□□□□＿＿■
＿＿＿＿□□□□＿■
＿＿＿＿□□□□■■
□＿＿□□□□□□□
□＿＿□□□□□□□
□＿＿□□□□□□□
□□□□□□□□□＿
□□＿□□□□□□□
00:19:43(35517f):field(35516f)
＿＿＿＿＿＿＿＿＿＿
＿＿＿＿＿＿＿＿＿＿
＿＿＿＿＿＿＿＿＿＿
＿＿＿＿＿＿＿＿＿＿
＿＿＿＿＿＿＿＿＿＿
＿＿＿＿＿＿＿＿＿＿
＿＿＿＿＿＿＿＿＿＿
＿＿＿＿＿＿＿＿＿＿
＿＿＿＿＿＿＿＿＿＿
＿＿＿＿＿＿＿＿＿＿
＿＿＿＿■■＿＿＿＿
＿＿＿□□■■＿＿＿
＿＿＿□□□□＿＿□
＿＿＿＿□□□□＿□
＿＿＿＿□□□□□□
□＿＿□□□□□□□
□＿＿□□□□□□□
□＿＿□□□□□□□
□□□□□□□□□＿
□□＿□□□□□□□
00:19:44(35531f):field(35530f)
＿＿＿＿＿＿＿＿＿＿
＿＿＿＿＿＿＿＿＿＿
＿＿＿＿＿＿＿＿＿＿
＿＿＿＿＿＿＿＿＿＿
＿＿＿＿＿＿＿＿＿＿
＿＿＿＿＿＿＿＿＿＿
＿＿＿＿＿＿＿＿＿＿
＿＿＿＿＿＿＿＿＿＿
＿＿＿＿＿＿＿＿＿＿
＿＿＿＿＿＿＿＿＿＿
＿＿＿＿□□＿＿＿＿
＿＿＿□□□□■＿＿
＿＿＿□□□□■■□
＿＿＿＿□□□□■□
＿＿＿＿□□□□□□
□＿＿□□□□□□□
□＿＿□□□□□□□
□＿＿□□□□□□□
□□□□□□□□□＿
□□＿□□□□□□□
00:19:45(35562f):field(35561f)
＿＿＿＿＿＿＿＿＿＿
＿＿＿＿＿＿＿＿＿＿
＿＿＿＿＿＿＿＿＿＿
＿＿＿＿＿＿＿＿＿＿
＿＿＿＿＿＿＿＿＿＿
＿＿＿＿＿＿＿＿＿＿
＿＿＿＿＿＿＿＿＿＿
＿＿＿＿＿＿＿＿＿＿
＿＿＿＿＿＿＿＿＿＿
＿＿＿＿＿＿＿＿＿＿
＿＿＿＿◆◆＿＿＿＿
＿＿＿◆□□◆◆＿＿
＿＿＿□□□□□◆◆
＿＿＿■□□□□□□
＿■＿＿□□□□□□
◆■＿◆□□□□□□
□＿■□□□□□□□
□＿■□□□□□□□
□□□□□□□□□＿
□□＿□□□□□□□
00:19:45(35578f):field(35577f)
＿＿＿＿＿＿＿＿＿＿
＿＿＿＿＿＿＿＿＿＿
＿＿＿＿＿＿＿＿＿＿
＿＿＿＿＿＿＿＿＿＿
＿＿＿＿＿＿＿＿＿＿
＿＿＿＿＿＿＿＿＿＿
＿＿＿＿＿＿＿＿＿＿
＿＿＿＿＿＿＿＿＿＿
＿＿＿＿＿＿＿＿＿＿
＿＿＿＿＿＿＿＿＿＿
＿＿＿＿＿＿＿＿＿＿
＿＿＿＿□□＿＿＿＿
＿＿＿□□□□□＿＿
＿＿＿□□□□□□□
＿◆■■□□□□□□
＿◆■■□□□□□□
□＿□□□□□□□□
□＿□□□□□□□□
□□□□□□□□□＿
□□＿□□□□□□□
00:19:46(35592f):field(35591f)
＿＿＿＿＿＿＿＿＿＿
＿＿＿＿＿＿＿＿＿＿
＿＿＿＿＿＿＿＿＿＿
＿＿＿＿＿＿＿＿＿＿
＿＿＿＿＿＿＿＿＿＿
＿＿＿＿＿＿＿＿＿＿
＿＿＿＿＿＿＿＿＿＿
＿＿＿＿＿＿＿＿＿＿
＿＿＿＿＿＿＿＿＿＿
＿＿＿＿＿＿＿＿＿＿
＿＿＿＿＿＿＿＿＿＿
＿＿＿＿◆◆＿＿＿＿
＿＿＿◆◆◆◆◆＿＿
＿＿＿◆□□◆◆◆◆
＿＿◆□□□□□◆◆
＿＿◆□□□□□□□
□■□□□□□□□□
◆■□□□□□□□□
□□□□□□□□□＿
□□■□□□□□□□
00:19:46(35607f):field(35606f)
＿＿＿＿＿＿＿＿＿＿
＿＿＿＿＿＿＿＿＿＿
＿＿＿＿＿＿＿＿＿＿
＿＿＿＿＿＿＿＿＿＿
＿＿＿＿＿＿＿＿＿＿
＿＿＿＿＿＿＿＿＿＿
＿＿＿＿＿＿＿＿＿＿
＿＿＿＿＿＿＿＿＿＿
＿＿＿＿＿＿＿＿＿＿
＿＿＿＿＿＿＿＿＿＿
＿＿＿＿＿＿＿＿＿＿
＿＿＿＿＿＿＿＿＿＿
＿＿＿＿＿＿＿＿＿＿
＿＿＿＿◆◆＿＿＿＿
■＿＿◆◆◆◆◆■＿
＿■＿◆□□□□◆□
□◆◆□□□□□□◆
■□□□□□□□□□
□□□□□□□□□＿
□□◆□□□□□□□
00:19:47(35622f):field(35621f)
＿＿＿＿＿＿＿＿＿＿
＿＿＿＿＿＿＿＿＿＿
＿＿＿＿＿＿＿＿＿＿
＿＿＿＿＿＿＿＿＿＿
＿＿＿＿＿＿＿＿＿＿
＿＿＿＿＿＿＿＿＿＿
＿＿＿＿＿＿＿＿＿＿
＿＿＿＿＿＿＿＿＿＿
＿＿＿＿＿＿＿＿＿＿
＿＿＿＿＿＿＿＿＿＿
＿＿＿＿＿＿＿＿＿＿
＿＿＿＿＿＿＿＿＿＿
＿＿＿＿＿＿＿＿＿＿
＿＿＿＿＿＿＿＿＿＿
◆＿＿＿＿＿＿＿◆＿
＿◆＿＿◆◆◆◆＿◆
□＿＿◆□□□◆◆＿
□□◆□□□□□◆◆
□□□□□□□□□＿
□□■□□□□□□□
00:19:47(35635f):field(35634f)
＿＿＿＿＿＿＿＿＿＿
＿＿＿＿＿＿＿＿＿＿
＿＿＿＿＿＿＿＿＿＿
＿＿＿＿＿＿＿＿＿＿
＿＿＿＿＿＿＿＿＿＿
＿＿＿＿＿＿＿＿＿＿
＿＿＿＿＿＿＿＿＿＿
＿＿＿＿＿＿＿＿＿＿
＿＿＿＿＿＿＿＿＿＿
＿＿＿＿＿＿＿＿＿＿
＿＿＿＿＿＿＿＿＿＿
＿＿＿＿＿＿＿＿＿＿
＿＿＿＿＿＿＿＿＿＿
＿＿＿＿＿＿＿＿＿＿
＿＿＿＿＿＿＿＿＿＿
＿＿＿＿＿＿＿＿＿＿
□＿＿＿□□◆■■■
□□＿□□□□□＿■
□□□□□□□□□＿
□□◆□□□□□□□
00:19:48(35654f):field(35653f)
＿＿＿＿＿＿＿＿＿＿
＿＿＿＿＿＿＿＿＿＿
＿＿＿＿＿＿＿＿＿＿
＿＿＿＿＿＿＿＿＿＿
＿＿＿＿＿＿＿＿＿＿
＿＿＿＿＿＿＿＿＿＿
＿＿＿＿＿＿＿＿＿＿
＿＿＿＿＿＿＿＿＿＿
＿＿＿＿＿＿＿＿＿＿
＿＿＿＿＿＿＿＿＿＿
＿＿＿＿＿＿＿＿＿＿
＿＿＿＿＿＿＿＿＿＿
＿＿＿＿＿＿＿＿＿＿
＿＿＿＿＿＿＿＿＿＿
＿＿＿＿＿＿＿＿＿＿
＿＿＿■＿＿＿＿＿＿
□＿■■□□＿□□□
□□■□□□□□＿□
□□□□□□□□□＿
□□＿□□□□□□□
00:19:48(35666f):field(35665f)
＿＿＿＿＿＿＿＿＿＿
＿＿＿＿＿＿＿＿＿＿
＿＿＿＿＿＿＿＿＿＿
＿＿＿＿＿＿＿＿＿＿
＿＿＿＿＿＿＿＿＿＿
＿＿＿＿＿＿＿＿＿＿
＿＿＿＿＿＿＿＿＿＿
＿＿＿＿＿＿＿＿＿＿
＿＿＿＿＿＿＿＿＿＿
＿＿＿＿＿＿＿＿＿＿
＿＿＿＿＿＿＿＿＿＿
＿＿＿＿＿＿＿＿＿＿
＿＿＿＿＿＿＿＿＿＿
＿＿＿＿＿＿■＿＿＿
＿＿＿＿＿＿■＿＿＿
＿＿＿□＿＿■＿＿＿
□＿□□□□■□□□
□□□□□□□□＿□
□□□□□□□□□＿
□□＿□□□□□□□
00:19:49(35681f):field(35680f)
＿＿＿＿＿＿＿＿＿＿
＿＿＿＿＿＿＿＿＿＿
＿＿＿＿＿＿＿＿＿＿
＿＿＿＿＿＿＿＿＿＿
＿＿＿＿＿＿＿＿＿＿
＿＿＿＿＿＿＿＿＿＿
＿＿＿＿＿＿＿＿＿＿
＿＿＿＿＿＿＿＿＿＿
＿＿＿＿＿＿＿＿＿＿
＿＿＿＿＿＿＿＿＿＿
＿＿＿＿＿＿＿＿＿＿
＿＿＿＿＿＿＿＿＿＿
＿＿＿＿＿＿＿＿＿＿
＿＿＿＿＿＿◆＿＿＿
＿＿＿＿＿＿□＿＿＿
■■＿◆＿＿□＿＿■
□■◆□◆◆□□◆◆
□□□□□□□□＿□
□□□□□□□□□＿
□□＿□□□□□□□
00:19:49(35696f):field(35695f)
＿＿＿＿＿＿＿＿＿＿
＿＿＿＿＿＿＿＿＿＿
＿＿＿＿＿＿＿＿＿＿
＿＿＿＿＿＿＿＿＿＿
＿＿＿＿＿＿＿＿＿＿
＿＿＿＿＿＿＿＿＿＿
＿＿＿＿＿＿＿＿＿＿
＿＿＿＿＿＿＿＿＿＿
＿＿＿＿＿＿＿＿＿＿
＿＿＿＿＿＿＿＿＿＿
＿＿＿＿＿＿＿＿＿＿
＿＿＿＿＿＿＿＿＿＿
＿＿＿＿＿＿＿＿＿＿
＿＿＿＿＿＿＿＿＿＿
＿＿＿＿■＿□＿＿＿
□◆＿■■＿□＿＿◆
□□＿□■＿□◆＿＿
□□□□□□□□＿□
□□□□□□□□□＿
□□＿□□□□□□□
00:19:50(35714f):field(35713f)
＿＿＿＿＿＿＿＿＿＿
＿＿＿＿＿＿＿＿＿＿
＿＿＿＿＿＿＿＿＿＿
＿＿＿＿＿＿＿＿＿＿
＿＿＿＿＿＿＿＿＿＿
＿＿＿＿＿＿＿＿＿＿
＿＿＿＿＿＿＿＿＿＿
＿＿＿＿＿＿＿＿＿＿
＿＿＿＿＿＿＿＿＿＿
＿＿＿＿＿＿＿＿＿＿
＿＿＿＿＿＿＿＿＿＿
＿＿＿＿＿＿＿＿＿＿
＿＿＿＿＿＿＿＿＿＿
＿＿＿＿＿＿＿＿＿＿
＿＿＿＿□＿□＿＿＿
□＿＿□□＿□＿＿■
□□＿□□＿□■■■
□□□□□□□□＿□
□□□□□□□□□＿
□□＿□□□□□□□
00:19:51(35730f):field(35729f)
＿＿＿＿＿＿＿＿＿＿
＿＿＿＿＿＿＿＿＿＿
＿＿＿＿＿＿＿＿＿＿
＿＿＿＿＿＿＿＿＿＿
＿＿＿＿＿＿＿＿＿＿
＿＿＿＿＿＿＿＿＿＿
＿＿＿＿＿＿＿＿＿＿
＿＿＿＿＿＿＿＿＿＿
＿＿＿＿＿＿＿＿＿＿
＿＿＿＿＿＿＿＿＿＿
＿＿＿＿＿＿＿＿＿＿
＿＿＿＿＿＿＿＿＿＿
＿＿＿＿＿＿＿＿＿＿
＿＿＿＿＿＿＿＿＿■
＿＿＿＿□＿□＿■■
□＿＿□□＿□＿■□
□□＿□□＿□□□□
□□□□□□□□＿□
□□□□□□□□□＿
□□＿□□□□□□□
00:19:51(35743f):field(35742f)
＿＿＿＿＿＿＿＿＿＿
＿＿＿＿＿＿＿＿＿＿
＿＿＿＿＿＿＿＿＿＿
＿＿＿＿＿＿＿＿＿＿
＿＿＿＿＿＿＿＿＿＿
＿＿＿＿＿＿＿＿＿＿
＿＿＿＿＿＿＿＿＿＿
＿＿＿＿＿＿＿＿＿＿
＿＿＿＿＿＿＿＿＿＿
＿＿＿＿＿＿＿＿＿＿
＿＿＿＿＿＿＿＿＿＿
＿＿＿＿＿＿＿＿＿＿
＿＿＿＿＿＿＿＿＿＿
＿＿＿＿＿■＿＿＿□
＿＿＿＿□■□＿□□
□＿＿□□■□＿□□
□□＿□□■□□□□
□□□□□□□□＿□
□□□□□□□□□＿
□□＿□□□□□□□
00:19:51(35758f):field(35757f)
＿＿＿＿＿＿＿＿＿＿
＿＿＿＿＿＿＿＿＿＿
＿＿＿＿＿＿＿＿＿＿
＿＿＿＿＿＿＿＿＿＿
＿＿＿＿＿＿＿＿＿＿
＿＿＿＿＿＿＿＿＿＿
＿＿＿＿＿＿＿＿＿＿
＿＿＿＿＿＿＿＿＿＿
＿＿＿＿＿＿＿＿＿＿
＿＿＿＿＿＿＿＿＿＿
＿＿＿＿＿＿＿＿＿＿
＿＿＿＿＿＿＿＿＿＿
＿＿＿＿＿＿＿＿＿＿
＿＿＿＿＿◆＿＿＿◆
＿＿＿＿◆□◆＿◆□
◆■＿◆□□□＿□□
□□■□□□□□□□
□□□□□□□□＿□
□□□□□□□□□＿
□□＿□□□□□□□
00:19:52(35779f):field(35778f)
＿＿＿＿＿＿＿＿＿＿
＿＿＿＿＿＿＿＿＿＿
＿＿＿＿＿＿＿＿＿＿
＿＿＿＿＿＿＿＿＿＿
＿＿＿＿＿＿＿＿＿＿
＿＿＿＿＿＿＿＿＿＿
＿＿＿＿＿＿＿＿＿＿
＿＿＿＿＿＿＿＿＿＿
＿＿＿＿＿＿＿＿＿＿
＿＿＿＿＿＿＿＿＿＿
＿＿＿＿＿＿＿＿＿＿
＿＿＿＿＿＿＿＿＿＿
＿＿＿＿＿＿＿＿＿＿
＿＿＿＿＿＿＿＿＿＿
＿＿＿＿＿◆＿＿＿◆
＿◆＿＿◆□◆■□□
◆□◆◆□□□□□□
□□□□□□□□＿□
□□□□□□□□□■
□□＿□□□□□□□
00:19:53(35793f):field(35792f)
＿＿＿＿＿＿＿＿＿＿
＿＿＿＿＿＿＿＿＿＿
＿＿＿＿＿＿＿＿＿＿
＿＿＿＿＿＿＿＿＿＿
＿＿＿＿＿＿＿＿＿＿
＿＿＿＿＿＿＿＿＿＿
＿＿＿＿＿＿＿＿＿＿
＿＿＿＿＿＿＿＿＿＿
＿＿＿＿＿＿＿＿＿＿
＿＿＿＿＿＿＿＿＿＿
＿＿＿＿＿＿＿＿＿＿
＿＿＿＿＿＿＿＿＿＿
＿＿＿＿＿＿＿＿＿＿
＿＿＿＿＿＿＿＿＿＿
＿＿＿＿＿＿＿＿＿＿
＿＿■■＿□＿□□□
＿□■■□□□□□□
□□□□□□□□＿□
□□□□□□□□□◆
□□＿□□□□□□□
00:19:53(35805f):field(35804f)
＿＿＿＿＿＿＿＿＿＿
＿＿＿＿＿＿＿＿＿＿
＿＿＿＿＿＿＿＿＿＿
＿＿＿＿＿＿＿＿＿＿
＿＿＿＿＿＿＿＿＿＿
＿＿＿＿＿＿＿＿＿＿
＿＿＿＿＿＿＿＿＿＿
＿＿＿＿＿＿＿＿＿＿
＿＿＿＿＿＿＿＿＿＿
＿＿＿＿＿＿＿＿＿＿
＿＿＿＿＿＿＿＿＿＿
＿＿＿＿＿＿＿＿＿＿
＿＿＿＿＿＿＿＿＿＿
＿＿＿＿＿■＿＿＿＿
＿＿＿＿■■＿＿＿＿
＿＿□□■□＿□□□
＿□□□□□□□□□
□□□□□□□□＿□
□□□□□□□□□＿
□□＿□□□□□□□
00:19:54(35825f):field(35824f)
＿＿＿＿＿＿＿＿＿＿
＿＿＿＿＿＿＿＿＿＿
＿＿＿＿＿＿＿＿＿＿
＿＿＿＿＿＿＿＿＿＿
＿＿＿＿＿＿＿＿＿＿
＿＿＿＿＿＿＿＿＿＿
＿＿＿＿＿＿＿＿＿＿
＿＿＿＿＿＿＿＿＿＿
＿＿＿＿＿＿＿＿＿＿
＿＿＿＿＿＿＿＿＿＿
＿＿＿＿＿＿＿＿＿＿
＿＿＿＿＿＿＿＿＿＿
＿＿＿＿■■■＿＿＿
＿＿＿＿■□＿＿＿＿
＿＿＿＿□□＿＿＿＿
＿＿□□□□＿□□□
＿□□□□□□□□□
□□□□□□□□＿□
□□□□□□□□□＿
□□＿□□□□□□□
00:19:54(35842f):field(35841f)
＿＿＿＿＿＿＿＿＿＿
＿＿＿＿＿＿＿＿＿＿
＿＿＿＿＿＿＿＿＿＿
＿＿＿＿＿＿＿＿＿＿
＿＿＿＿＿＿＿＿＿＿
＿＿＿＿＿＿＿＿＿＿
＿＿＿＿＿＿＿＿＿＿
＿＿＿＿＿＿＿＿＿＿
＿＿＿＿＿＿＿＿＿＿
＿＿＿＿＿＿＿＿＿＿
＿＿＿＿＿＿＿＿＿＿
＿＿＿＿＿＿＿＿＿＿
＿＿＿＿◆◆◆＿＿＿
＿＿＿＿□□■＿＿＿
＿＿＿＿□□＿＿＿＿
■＿◆◆□□■◆◆◆
■□□□□□◆□□□
□□□□□□□□＿□
□□□□□□□□□＿
□□＿□□□□□□□
00:19:55(35858f):field(35857f)
＿＿＿＿＿＿＿＿＿＿
＿＿＿＿＿＿＿＿＿＿
＿＿＿＿＿＿＿＿＿＿
＿＿＿＿＿＿＿＿＿＿
＿＿＿＿＿＿＿＿＿＿
＿＿＿＿＿＿＿＿＿＿
＿＿＿＿＿＿＿＿＿＿
＿＿＿＿＿＿＿＿＿＿
＿＿＿＿＿＿＿＿＿＿
＿＿＿＿＿＿＿＿＿＿
＿＿＿＿＿＿＿＿＿＿
＿＿＿＿＿＿＿＿＿＿
＿＿＿＿＿＿＿＿＿＿
■＿＿＿□□□＿＿＿
■■＿＿□□＿＿＿＿
□■＿＿□□◆＿＿＿
□□□□□□＿□□□
□□□□□□□□＿□
□□□□□□□□□＿
□□＿□□□□□□□
00:19:55(35871f):field(35870f)
＿＿＿＿＿＿＿＿＿＿
＿＿＿＿＿＿＿＿＿＿
＿＿＿＿＿＿＿＿＿＿
＿＿＿＿＿＿＿＿＿＿
＿＿＿＿＿＿＿＿＿＿
＿＿＿＿＿＿＿＿＿＿
＿＿＿＿＿＿＿＿＿＿
＿＿＿＿＿＿＿＿＿＿
＿＿＿＿＿＿＿＿＿＿
＿＿＿＿＿＿＿＿＿＿
＿＿＿＿＿＿＿＿＿＿
＿＿＿＿＿＿＿＿＿＿
＿＿＿＿＿＿＿＿＿＿
□＿＿■□□□＿＿＿
□□＿■□□＿＿＿＿
□□■■□□＿＿＿＿
□□□□□□＿□□□
□□□□□□□□＿□
□□□□□□□□□＿
□□＿□□□□□□□
00:19:56(35884f):field(35883f)
＿＿＿＿＿＿＿＿＿＿
＿＿＿＿＿＿＿＿＿＿
＿＿＿＿＿＿＿＿＿＿
＿＿＿＿＿＿＿＿＿＿
＿＿＿＿＿＿＿＿＿＿
＿＿＿＿＿＿＿＿＿＿
＿＿＿＿＿＿＿＿＿＿
＿＿＿＿＿＿＿＿＿＿
＿＿＿＿＿＿＿＿＿＿
＿＿＿＿＿＿＿＿＿＿
＿＿＿＿＿＿＿＿＿＿
＿＿＿■■＿＿＿＿＿
＿＿＿■■＿＿＿＿＿
□＿＿□□□□＿＿＿
□□＿□□□＿＿＿＿
□□□□□□＿＿＿＿
□□□□□□＿□□□
□□□□□□□□＿□
□□□□□□□□□＿
□□＿□□□□□□□
00:19:56(35899f):field(35898f)
＿＿＿＿＿＿＿＿＿＿
＿＿＿＿＿＿＿＿＿＿
＿＿＿＿＿＿＿＿＿＿
＿＿＿＿＿＿＿＿＿＿
＿＿＿＿＿＿＿＿＿＿
＿＿＿＿＿＿＿＿＿＿
＿＿＿＿＿＿＿＿＿＿
＿＿＿＿＿＿＿＿＿＿
＿＿＿＿＿＿＿＿＿＿
＿＿＿＿＿＿＿＿＿＿
＿＿＿＿＿＿＿＿＿＿
＿＿＿◆◆＿＿＿＿＿
＿＿＿□□＿＿＿＿＿
◆＿＿□□◆◆＿＿＿
□◆＿□□□■＿＿＿
□□◆□□□＿■＿＿
□□□□□□■□□◆
□□□□□□□□＿□
□□□□□□□□□＿
□□＿□□□□□□□
00:19:57(35916f):field(35915f)
＿＿＿＿＿＿＿＿＿＿
＿＿＿＿＿＿＿＿＿＿
＿＿＿＿＿＿＿＿＿＿
＿＿＿＿＿＿＿＿＿＿
＿＿＿＿＿＿＿＿＿＿
＿＿＿＿＿＿＿＿＿＿
＿＿＿＿＿＿＿＿＿＿
＿＿＿＿＿＿＿＿＿＿
＿＿＿＿＿＿＿＿＿＿
＿＿＿＿＿＿＿＿＿＿
＿＿＿＿＿＿＿＿＿＿
＿＿＿＿＿＿＿＿＿＿
＿＿＿□□＿＿＿＿＿
＿＿＿□□＿■■＿＿
□＿＿□□□□■■＿
□□＿□□□＿◆＿＿
□□□□□□□□□＿
□□□□□□□□＿□
□□□□□□□□□＿
□□＿□□□□□□□
00:19:57(35934f):field(35933f)
＿＿＿＿＿＿＿＿＿＿
＿＿＿＿＿＿＿＿＿＿
＿＿＿＿＿＿＿＿＿＿
＿＿＿＿＿＿＿＿＿＿
＿＿＿＿＿＿＿＿＿＿
＿＿＿＿＿＿＿＿＿＿
＿＿＿＿＿＿＿＿＿＿
＿＿＿＿＿＿＿＿＿＿
＿＿＿＿＿＿＿＿＿＿
＿＿＿＿＿＿＿＿＿＿
＿＿＿＿＿＿＿＿＿＿
＿＿＿＿＿＿＿＿＿＿
＿＿＿□□＿＿＿＿＿
＿＿■□□＿□□＿＿
□■■□□□□□□＿
□□■□□□＿＿＿＿
□□□□□□□□□＿
□□□□□□□□＿□
□□□□□□□□□＿
□□＿□□□□□□□
00:19:58(35947f):field(35946f)
＿＿＿＿＿＿＿＿＿＿
＿＿＿＿＿＿＿＿＿＿
＿＿＿＿＿＿＿＿＿＿
＿＿＿＿＿＿＿＿＿＿
＿＿＿＿＿＿＿＿＿＿
＿＿＿＿＿＿＿＿＿＿
＿＿＿＿＿＿＿＿＿＿
＿＿＿＿＿＿＿＿＿＿
＿＿＿＿＿＿＿＿＿＿
＿＿＿＿＿＿＿＿＿＿
＿＿＿＿＿＿＿＿＿＿
＿＿＿＿＿＿＿＿＿＿
＿■■□□＿＿＿＿＿
■■□□□＿□□＿＿
□□□□□□□□□＿
□□□□□□＿＿＿＿
□□□□□□□□□＿
□□□□□□□□＿□
□□□□□□□□□＿
□□＿□□□□□□□
00:19:58(35960f):field(35959f)
＿＿＿＿＿＿＿＿＿＿
＿＿＿＿＿＿＿＿＿＿
＿＿＿＿＿＿＿＿＿＿
＿＿＿＿＿＿＿＿＿＿
＿＿＿＿＿＿＿＿＿＿
＿＿＿＿＿＿＿＿＿＿
＿＿＿＿＿＿＿＿＿＿
＿＿＿＿＿＿＿＿＿＿
＿＿＿＿＿＿＿＿＿＿
＿＿＿＿＿＿＿＿＿＿
＿＿＿＿＿■＿＿＿＿
＿＿＿＿＿■＿＿＿＿
＿□□□□■＿＿＿＿
□□□□□■□□＿＿
□□□□□□□□□＿
□□□□□□＿＿＿＿
□□□□□□□□□＿
□□□□□□□□＿□
□□□□□□□□□＿
□□＿□□□□□□□
00:19:59(35973f):field(35972f)
＿＿＿＿＿＿＿＿＿＿
＿＿＿＿＿＿＿＿＿＿
＿＿＿＿＿＿＿＿＿＿
＿＿＿＿＿＿＿＿＿＿
＿＿＿＿＿＿＿＿＿＿
＿＿＿＿＿＿＿＿＿＿
＿＿＿＿＿＿＿＿＿＿
＿＿＿＿＿＿＿＿＿＿
＿＿＿＿＿＿＿＿＿＿
＿＿＿＿■＿＿＿＿＿
＿＿＿＿■□＿＿＿＿
＿＿＿■■□＿＿＿＿
＿□□□□□＿＿＿＿
□□□□□□□□＿＿
□□□□□□□□□＿
□□□□□□＿＿＿＿
□□□□□□□□□＿
□□□□□□□□＿□
□□□□□□□□□＿
□□＿□□□□□□□
00:19:59(35989f):field(35988f)
＿＿＿＿＿＿＿＿＿＿
＿＿＿＿＿＿＿＿＿＿
＿＿＿＿＿＿＿＿＿＿
＿＿＿＿＿＿＿＿＿＿
＿＿＿＿＿＿＿＿＿＿
＿＿＿＿＿＿＿＿＿＿
＿＿＿＿＿＿＿＿＿＿
＿＿＿＿＿＿＿＿＿＿
＿＿＿＿＿＿＿＿＿＿
＿＿＿＿□＿＿＿＿＿
＿■＿＿□□＿＿＿＿
■■＿□□□＿＿＿＿
■□□□□□＿＿＿＿
□□□□□□□□＿＿
□□□□□□□□□＿
□□□□□□＿＿＿＿
□□□□□□□□□＿
□□□□□□□□＿□
□□□□□□□□□＿
□□＿□□□□□□□
00:20:00(36002f):field(36001f)
＿＿＿＿＿＿＿＿＿＿
＿＿＿＿＿＿＿＿＿＿
＿＿＿＿＿＿＿＿＿＿
＿＿＿＿＿＿＿＿＿＿
＿＿＿＿＿＿＿＿＿＿
＿＿＿＿＿＿＿＿＿＿
＿＿＿＿＿＿＿＿＿＿
＿＿＿＿＿＿＿＿＿＿
＿＿＿＿＿＿＿＿＿＿
＿＿■＿□＿＿＿＿＿
＿□■■□□＿＿＿＿
□□■□□□＿＿＿＿
□□□□□□＿＿＿＿
□□□□□□□□＿＿
□□□□□□□□□＿
□□□□□□＿＿＿＿
□□□□□□□□□＿
□□□□□□□□＿□
□□□□□□□□□＿
□□＿□□□□□□□
00:20:00(36014f):field(36013f)
＿＿＿＿＿＿＿＿＿＿
＿＿＿＿＿＿＿＿＿＿
＿＿＿＿＿＿＿＿＿＿
＿＿＿＿＿＿＿＿＿＿
＿＿＿＿＿＿＿＿＿＿
＿＿＿＿＿＿＿＿＿＿
＿＿＿＿＿＿＿＿＿＿
＿＿■＿＿＿＿＿＿＿
＿＿■■＿＿＿＿＿＿
＿＿□■□＿＿＿＿＿
＿□□□□□＿＿＿＿
□□□□□□＿＿＿＿
□□□□□□＿＿＿＿
□□□□□□□□＿＿
□□□□□□□□□＿
□□□□□□＿＿＿＿
□□□□□□□□□＿
□□□□□□□□＿□
□□□□□□□□□＿
□□＿□□□□□□□
00:20:00(36028f):field(36027f)
＿＿＿＿＿＿＿＿＿＿
＿＿＿＿＿＿＿＿＿＿
＿＿＿＿＿＿＿＿＿＿
＿＿＿＿＿＿＿＿＿＿
＿＿＿＿＿＿＿＿＿＿
＿＿＿＿＿＿＿＿＿＿
＿＿＿＿＿＿＿＿＿＿
＿＿□＿＿＿＿＿＿＿
＿＿□□＿■■＿＿＿
＿＿□□□■■＿＿＿
＿□□□□□＿＿＿＿
□□□□□□＿＿＿＿
□□□□□□＿＿＿＿
□□□□□□□□＿＿
□□□□□□□□□＿
□□□□□□＿＿＿＿
□□□□□□□□□＿
□□□□□□□□＿□
□□□□□□□□□＿
□□＿□□□□□□□
00:20:01(36046f):field(36045f)
＿＿＿＿＿＿＿＿＿＿
＿＿＿＿＿＿＿＿＿＿
＿＿＿＿＿＿＿＿＿＿
＿＿＿＿＿＿＿＿＿＿
＿＿＿＿＿＿＿＿＿＿
＿＿＿＿＿＿＿＿＿＿
＿＿＿＿＿＿＿＿＿＿
＿＿◆＿＿＿＿＿＿＿
＿＿□◆＿◆◆＿＿＿
＿＿□□◆□□＿＿＿
＿◆□□□□■＿＿＿
◆□□□□□＿＿＿＿
□□□□□□＿＿＿＿
□□□□□□◆□＿＿
□□□□□□□□□＿
□□□□□□＿■■■
□□□□□□□□□＿
□□□□□□□□＿□
□□□□□□□□□＿
□□＿□□□□□□□
00:20:02(36060f):field(36059f)
＿＿＿＿＿＿＿＿＿＿
＿＿＿＿＿＿＿＿＿＿
＿＿＿＿＿＿＿＿＿＿
＿＿＿＿＿＿＿＿＿＿
＿＿＿＿＿＿＿＿＿＿
＿＿＿＿＿＿＿＿＿＿
＿＿＿＿＿＿＿＿＿＿
＿＿＿＿＿■＿＿＿＿
＿＿□＿■■＿＿＿＿
＿＿□□■□□＿＿＿
＿＿□□□□□＿＿＿
＿□□□□□＿＿＿＿
□□□□□□＿＿＿＿
□□□□□□＿◆＿＿
□□□□□□□□◆＿
□□□□□□＿□□□
□□□□□□□□□＿
□□□□□□□□＿□
□□□□□□□□□＿
□□＿□□□□□□□
00:20:02(36073f):field(36072f)
＿＿＿＿＿＿＿＿＿＿
＿＿＿＿＿＿＿＿＿＿
＿＿＿＿＿＿＿＿＿＿
＿＿＿＿＿＿＿＿＿＿
＿＿＿＿＿＿＿＿＿＿
＿＿＿＿＿＿＿＿＿＿
＿＿＿＿＿＿＿＿＿＿
＿＿■■■□＿＿＿＿
＿＿□■□□＿＿＿＿
＿＿□□□□□＿＿＿
＿＿□□□□□＿＿＿
＿□□□□□＿＿＿＿
□□□□□□＿＿＿＿
□□□□□□＿＿＿＿
□□□□□□□□＿＿
□□□□□□＿□□□
□□□□□□□□□＿
□□□□□□□□＿□
□□□□□□□□□＿
□□＿□□□□□□□
00:20:03(36090f):field(36089f)
＿＿＿＿＿＿＿＿＿＿
＿＿＿＿＿＿＿＿＿＿
＿＿＿＿＿＿＿＿＿＿
＿＿＿＿＿＿＿＿＿＿
＿＿＿＿＿＿＿＿＿＿
＿＿＿＿＿＿＿＿＿＿
＿＿＿＿＿＿＿＿＿＿
＿＿□□□□＿＿＿＿
＿＿□□□□＿＿＿＿
＿＿□□□□□＿＿＿
＿＿□□□□□＿＿＿
＿□□□□□＿＿＿■
□□□□□□＿＿＿■
□□□□□□＿＿＿■
□□□□□□□□＿■
□□□□□□＿□□□
□□□□□□□□□＿
□□□□□□□□＿□
□□□□□□□□□＿
□□＿□□□□□□□
00:20:03(36105f):field(36104f)
＿＿＿＿＿＿＿＿＿＿
＿＿＿＿＿＿＿＿＿＿
＿＿＿＿＿＿＿＿＿＿
＿＿＿＿＿＿＿＿＿＿
＿＿＿＿＿＿＿＿＿＿
＿＿＿＿＿＿＿＿＿＿
＿＿＿＿＿＿＿＿＿＿
＿＿◆◆◆◆＿＿＿＿
＿＿□□□□＿＿＿＿
＿＿□□□□◆＿＿＿
＿＿□□□□□＿＿＿
＿◆□□□□■＿＿◆
◆□□□□□＿＿＿□
□□□□□□＿■＿□
□□□□□□◆□■□
□□□□□□＿□□□
□□□□□□□□□＿
□□□□□□□□＿□
□□□□□□□□□＿
□□＿□□□□□□□
00:20:04(36121f):field(36120f)
＿＿＿＿＿＿＿＿＿＿
＿＿＿＿＿＿＿＿＿＿
＿＿＿＿＿＿＿＿＿＿
＿＿＿＿＿＿＿＿＿＿
＿＿＿＿＿＿＿＿＿＿
＿＿＿＿＿＿＿＿＿＿
＿＿＿＿＿＿＿＿＿＿
＿＿＿＿＿＿＿＿＿＿
＿＿□□□□＿＿＿＿
＿＿□□□□＿＿＿＿
＿＿□□□□□＿＿＿
＿＿□□□□□■■＿
＿□□□□□＿＿■□
□□□□□□＿□■□
□□□□□□＿□□□
□□□□□□＿□□□
□□□□□□□□□＿
□□□□□□□□＿□
□□□□□□□□□＿
□□＿□□□□□□□
00:20:04(36135f):field(36134f)
＿＿＿＿＿＿＿＿＿＿
＿＿＿＿＿＿＿＿＿＿
＿＿＿＿＿＿＿＿＿＿
＿＿＿＿＿＿＿＿＿＿
＿＿＿＿＿＿＿＿＿＿
＿＿＿＿＿＿＿＿＿＿
＿＿＿＿＿＿＿＿＿＿
＿＿＿＿＿＿＿＿＿＿
＿＿□□□□＿＿＿＿
＿＿□□□□＿＿＿＿
＿■□□□□□＿＿＿
■■□□□□□□□＿
■□□□□□＿＿□□
□□□□□□＿□□□
□□□□□□＿□□□
□□□□□□＿□□□
□□□□□□□□□＿
□□□□□□□□＿□
□□□□□□□□□＿
□□＿□□□□□□□
00:20:04(36149f):field(36148f)
＿＿＿＿＿＿＿＿＿＿
＿＿＿＿＿＿＿＿＿＿
＿＿＿＿＿＿＿＿＿＿
＿＿＿＿＿＿＿＿＿＿
＿＿＿＿＿＿＿＿＿＿
＿＿＿＿＿＿＿＿＿＿
＿＿＿＿＿＿＿＿＿＿
＿＿＿＿＿＿＿＿＿＿
■＿□□□□＿＿＿＿
■■□□□□＿＿＿＿
■□□□□□□＿＿＿
□□□□□□□□□＿
□□□□□□＿＿□□
□□□□□□＿□□□
□□□□□□＿□□□
□□□□□□＿□□□
□□□□□□□□□＿
□□□□□□□□＿□
□□□□□□□□□＿
□□＿□□□□□□□
00:20:05(36162f):field(36161f)
＿＿＿＿＿＿＿＿＿＿
＿＿＿＿＿＿＿＿＿＿
＿＿＿＿＿＿＿＿＿＿
＿＿＿＿＿＿＿＿＿＿
＿＿＿＿＿＿＿＿＿＿
＿＿＿＿＿＿＿＿＿＿
＿＿＿＿＿＿＿＿＿＿
＿＿＿＿＿＿＿＿＿＿
◆＿◆◆◆◆＿＿＿＿
◆◆◆◆◆□＿＿＿＿
□◆□□□□□＿■＿
□□□□□□◆□◆＿
□□□□□□■＿□□
□□□□□□＿□□□
□□□□□□＿□□□
□□□□□□＿□□□
□□□□□□□□□＿
□□□□□□□□＿□
□□□□□□□□□＿
□□＿□□□□□□□
00:20:05(36175f):field(36174f)
＿＿＿＿＿＿＿＿＿＿
＿＿＿＿＿＿＿＿＿＿
＿＿＿＿＿＿＿＿＿＿
＿＿＿＿＿＿＿＿＿＿
＿＿＿＿＿＿＿＿＿＿
＿＿＿＿＿＿＿＿＿＿
＿＿＿＿＿■＿＿＿＿
＿＿＿＿＿■＿＿＿＿
＿＿＿＿＿■＿＿＿＿
＿＿＿＿＿□＿＿＿＿
□＿□□□□◆＿◆＿
□□□□□□＿◆＿＿
□□□□□□◆＿□□
□□□□□□＿□□□
□□□□□□＿□□□
□□□□□□＿□□□
□□□□□□□□□＿
□□□□□□□□＿□
□□□□□□□□□＿
□□＿□□□□□□□
00:20:06(36195f):field(36194f)
＿＿＿＿＿＿＿＿＿＿
＿＿＿＿＿＿＿＿＿＿
＿＿＿＿＿＿＿＿＿＿
＿＿＿＿＿＿＿＿＿＿
＿＿＿＿＿＿＿＿＿＿
＿＿＿＿■■■＿＿＿
＿＿＿＿■□＿＿＿＿
＿＿＿＿＿□＿＿＿＿
＿＿＿＿＿□＿＿＿＿
＿＿＿＿＿□＿＿＿＿
□＿□□□□＿＿＿＿
□□□□□□＿＿＿＿
□□□□□□＿＿□□
□□□□□□＿□□□
□□□□□□＿□□□
□□□□□□＿□□□
□□□□□□□□□＿
□□□□□□□□＿□
□□□□□□□□□＿
□□＿□□□□□□□
00:20:07(36213f):field(36212f)
＿＿＿＿＿＿＿＿＿＿
＿＿＿＿＿＿＿＿＿＿
＿＿＿＿＿＿＿＿＿＿
＿＿＿＿＿＿＿＿＿＿
＿＿＿＿＿＿＿＿＿＿
＿＿＿＿□□□＿＿＿
＿＿＿＿□□＿＿＿＿
＿＿＿＿＿□＿＿＿＿
■＿＿＿＿□＿＿＿＿
■■＿＿＿□＿＿＿＿
□■□□□□＿＿＿＿
□□□□□□＿＿＿＿
□□□□□□＿＿□□
□□□□□□＿□□□
□□□□□□＿□□□
□□□□□□＿□□□
□□□□□□□□□＿
□□□□□□□□＿□
□□□□□□□□□＿
□□＿□□□□□□□
00:20:07(36231f):field(36230f)
＿＿＿＿＿＿＿＿＿＿
＿＿＿＿＿＿＿＿＿＿
＿＿＿＿＿＿＿＿＿＿
＿＿＿＿＿＿＿＿＿＿
＿＿＿＿＿＿＿＿＿＿
＿＿＿＿□□□＿＿＿
＿＿＿＿□□＿＿＿＿
＿＿＿＿＿□＿＿＿＿
□＿＿■■□＿＿＿＿
□□＿■■□＿＿＿＿
□□□□□□＿＿＿＿
□□□□□□＿＿＿＿
□□□□□□＿＿□□
□□□□□□＿□□□
□□□□□□＿□□□
□□□□□□＿□□□
□□□□□□□□□＿
□□□□□□□□＿□
□□□□□□□□□＿
□□＿□□□□□□□
00:20:08(36256f):field(36255f)
＿＿＿＿＿＿＿＿＿＿
＿＿＿＿＿＿＿＿＿＿
＿＿＿＿＿＿＿＿＿＿
＿＿＿＿＿＿＿＿＿＿
＿＿＿＿＿＿＿＿＿＿
＿＿＿＿◆◆◆＿＿＿
＿＿＿＿◆◆＿＿＿＿
＿＿＿＿■□■＿＿＿
◆＿＿◆□□＿＿＿＿
◆◆＿◆◆□＿＿＿＿
□◆◆□□□＿＿＿＿
□□◆□□□■＿＿＿
□□□□□□＿■□◆
□□□□□□■□□□
□□□□□□＿□□□
□□□□□□＿□□□
□□□□□□□□□＿
□□□□□□□□＿□
□□□□□□□□□＿
□□＿□□□□□□□
00:20:09(36274f):field(36273f)
＿＿＿＿＿＿＿＿＿＿
＿＿＿＿＿＿＿＿＿＿
＿＿＿＿＿＿＿＿＿＿
＿＿＿＿＿＿＿＿＿＿
＿＿＿＿＿＿＿＿＿＿
＿＿＿＿＿＿＿＿＿＿
＿＿＿＿＿＿＿＿＿＿
＿＿＿＿□□□＿＿＿
＿＿＿＿□□＿＿＿＿
＿＿＿＿＿□＿＿＿＿
□＿＿□□□＿＿＿＿
□□＿□□□◆＿■■
□□□□□□＿◆□＿
□□□□□□□◆□◆
□□□□□□＿□□□
□□□□□□＿□□□
□□□□□□□□□＿
□□□□□□□□＿□
□□□□□□□□□＿
□□＿□□□□□□□
00:20:09(36296f):field(36295f)
＿＿＿＿＿＿＿＿＿＿
＿＿＿＿＿＿＿＿＿＿
＿＿＿＿＿＿＿＿＿＿
＿＿＿＿＿＿＿＿＿＿
＿＿＿＿＿＿＿＿＿＿
＿＿＿＿＿＿＿＿＿＿
＿＿＿＿＿＿＿＿＿＿
＿＿＿＿□□□＿＿＿
＿＿＿＿□□＿＿＿＿
＿＿＿＿＿□＿＿＿＿
□＿＿□□□＿■＿＿
□□＿□□□＿■□□
□□□□□□＿■□＿
□□□□□□□■□＿
□□□□□□＿□□□
□□□□□□＿□□□
□□□□□□□□□＿
□□□□□□□□＿□
□□□□□□□□□＿
□□＿□□□□□□□
00:20:10(36313f):field(36312f)
＿＿＿＿＿＿＿＿＿＿
＿＿＿＿＿＿＿＿＿＿
＿＿＿＿＿＿＿＿＿＿
＿＿＿＿＿＿＿＿＿＿
＿＿＿＿＿＿＿＿＿＿
＿＿＿＿＿＿＿＿＿＿
＿＿＿＿＿＿＿＿＿＿
＿＿＿■□□□＿＿＿
＿＿＿■□□＿＿＿＿
＿＿＿■■□＿＿＿＿
□＿＿□□□＿□＿＿
□□＿□□□＿□□□
□□□□□□＿□□＿
□□□□□□□□□＿
□□□□□□＿□□□
□□□□□□＿□□□
□□□□□□□□□＿
□□□□□□□□＿□
□□□□□□□□□＿
□□＿□□□□□□□
00:20:10(36326f):field(36325f)
＿＿＿＿＿＿＿＿＿＿
＿＿＿＿＿＿＿＿＿＿
＿＿＿＿＿＿＿＿＿＿
＿＿＿＿＿＿＿＿＿＿
＿＿＿＿＿＿＿＿＿＿
＿＿＿＿＿＿＿＿＿＿
＿＿＿＿＿＿＿＿＿＿
＿＿＿□□□□＿＿＿
＿＿＿□□□＿＿＿＿
＿＿＿□□□＿＿■■
□＿＿□□□＿□■■
□□＿□□□＿□□□
□□□□□□＿□□＿
□□□□□□□□□＿
□□□□□□＿□□□
□□□□□□＿□□□
□□□□□□□□□＿
□□□□□□□□＿□
□□□□□□□□□＿
□□＿□□□□□□□
00:20:11(36347f):field(36346f)
＿＿＿＿＿＿＿＿＿＿
＿＿＿＿＿＿＿＿＿＿
＿＿＿＿＿＿＿＿＿＿
＿＿＿＿＿＿＿＿＿＿
＿＿＿＿＿＿＿＿＿＿
＿＿＿＿＿＿＿＿＿＿
＿＿＿＿＿＿＿＿＿＿
＿＿＿□□□□＿＿＿
＿＿＿□□□＿■＿＿
＿＿＿□□□■■□□
□＿＿□□□■□□□
□□＿□□□＿□□□
□□□□□□＿□□＿
□□□□□□□□□＿
□□□□□□＿□□□
□□□□□□＿□□□
□□□□□□□□□＿
□□□□□□□□＿□
□□□□□□□□□＿
□□＿□□□□□□□
00:20:12(36362f):field(36361f)
＿＿＿＿＿＿＿＿＿＿
＿＿＿＿＿＿＿＿＿＿
＿＿＿＿＿＿＿＿＿＿
＿＿＿＿＿＿＿＿＿＿
＿＿＿＿＿＿＿＿＿＿
＿＿＿＿＿＿＿＿＿＿
＿＿＿＿＿＿＿＿＿＿
＿＿＿◆◆◆◆＿＿＿
＿＿＿□□□■◆＿＿
＿■＿□□□◆□□□
◆＿■□□□□□□□
□□■□□□＿□□□
□□□□□□■□□＿
□□□□□□□□□＿
□□□□□□＿□□□
□□□□□□＿□□□
□□□□□□□□□＿
□□□□□□□□＿□
□□□□□□□□□＿
□□＿□□□□□□□
00:20:12(36378f):field(36377f)
＿＿＿＿＿＿＿＿＿＿
＿＿＿＿＿＿＿＿＿＿
＿＿＿＿＿＿＿＿＿＿
＿＿＿＿＿＿＿＿＿＿
＿＿＿＿＿＿＿＿＿＿
＿＿＿＿＿＿＿＿＿＿
＿＿＿＿＿＿＿＿＿＿
＿＿＿＿＿＿＿＿＿■
＿＿＿□□□□＿＿■
＿◆＿□□□＿□□□
＿＿□□□□□□□□
□□□□□□＿□□□
□□□□□□◆□□＿
□□□□□□□□□＿
□□□□□□＿□□□
□□□□□□＿□□□
□□□□□□□□□＿
□□□□□□□□＿□
□□□□□□□□□＿
□□＿□□□□□□□
00:20:13(36393f):field(36392f)
＿＿＿＿＿＿＿＿＿＿
＿＿＿＿＿＿＿＿＿＿
＿＿＿＿＿＿＿＿＿＿
＿＿＿＿＿＿＿＿＿＿
＿＿＿＿＿＿＿＿＿＿
＿＿＿＿＿＿＿＿＿＿
＿＿＿＿＿＿＿＿＿＿
■＿＿＿＿＿＿＿＿□
■＿＿□□□□＿＿□
■＿＿□□□＿□□□
■＿□□□□□□□□
□□□□□□＿□□□
□□□□□□＿□□＿
□□□□□□□□□＿
□□□□□□＿□□□
□□□□□□＿□□□
□□□□□□□□□＿
□□□□□□□□＿□
□□□□□□□□□＿
□□＿□□□□□□□
00:20:13(36405f):field(36404f)
＿＿＿＿＿＿＿＿＿＿
＿＿＿＿＿＿＿＿＿＿
＿＿＿＿＿＿＿＿＿＿
＿＿＿＿＿＿＿＿＿＿
＿＿＿＿＿＿＿＿＿＿
＿＿＿＿＿＿＿＿＿＿
＿＿＿＿■■＿＿＿＿
□＿＿■■＿＿＿＿□
□＿＿□□□□＿＿□
□＿＿□□□＿□□□
□＿□□□□□□□□
□□□□□□＿□□□
□□□□□□＿□□＿
□□□□□□□□□＿
□□□□□□＿□□□
□□□□□□＿□□□
□□□□□□□□□＿
□□□□□□□□＿□
□□□□□□□□□＿
□□＿□□□□□□□
00:20:13(36419f):field(36418f)
＿＿＿＿＿＿＿＿＿＿
＿＿＿＿＿＿＿＿＿＿
＿＿＿＿＿＿＿＿＿＿
＿＿＿＿＿＿＿＿＿＿
＿＿＿＿＿＿＿＿＿＿
＿＿＿＿＿＿＿＿＿＿
＿＿＿＿□□＿＿＿＿
□＿＿□□＿＿■■□
□＿＿□□□□■■□
□＿＿□□□＿□□□
□＿□□□□□□□□
□□□□□□＿□□□
□□□□□□＿□□＿
□□□□□□□□□＿
□□□□□□＿□□□
□□□□□□＿□□□
□□□□□□□□□＿
□□□□□□□□＿□
□□□□□□□□□＿
□□＿□□□□□□□
00:20:14(36440f):field(36439f)
＿＿＿＿＿＿＿＿＿＿
＿＿＿＿＿＿＿＿＿＿
＿＿＿＿＿＿＿＿＿＿
＿＿＿＿＿＿＿＿＿＿
＿＿＿＿＿＿＿＿＿＿
＿＿＿＿＿＿＿＿＿＿
＿＿＿＿□□■■■＿
□＿＿□□＿■□□□
□＿＿□□□□□□□
□＿＿□□□＿□□□
□＿□□□□□□□□
□□□□□□＿□□□
□□□□□□＿□□＿
□□□□□□□□□＿
□□□□□□＿□□□
□□□□□□＿□□□
□□□□□□□□□＿
□□□□□□□□＿□
□□□□□□□□□＿
□□＿□□□□□□□
00:20:15(36453f):field(36452f)
＿＿＿＿＿＿＿＿＿＿
＿＿＿＿＿＿＿＿＿＿
＿＿＿＿＿＿＿＿＿＿
＿＿＿＿＿＿＿＿＿＿
＿＿＿＿＿＿＿＿＿＿
＿＿＿＿＿＿＿＿＿＿
＿＿＿＿◆◆◆◆◆＿
◆＿＿◆□■□□□◆
□＿＿□□◆□□□□
□＿■□□□■□□□
□■□□□□◆□□□
□□□□□□＿□□□
□□□□□□＿□□＿
□□□□□□□□□＿
□□□□□□＿□□□
□□□□□□＿□□□
□□□□□□□□□＿
□□□□□□□□＿□
□□□□□□□□□＿
□□＿□□□□□□□
00:20:15(36468f):field(36467f)
＿＿＿＿＿＿＿＿＿＿
＿＿＿＿＿＿＿＿＿＿
＿＿＿＿＿＿＿＿＿＿
＿＿＿＿＿＿＿＿＿＿
＿＿＿＿＿＿＿＿＿■
＿＿＿＿＿＿＿＿＿■
＿＿＿＿＿＿＿＿＿■
＿＿＿＿□□□□□■
□＿＿□□＿□□□□
□＿□□□□□□□□
□□□□□□＿□□□
□□□□□□＿□□□
□□□□□□＿□□＿
□□□□□□□□□＿
□□□□□□＿□□□
□□□□□□＿□□□
□□□□□□□□□＿
□□□□□□□□＿□
□□□□□□□□□＿
□□＿□□□□□□□
00:20:16(36487f):field(36486f)
＿＿＿＿＿＿＿＿＿＿
＿＿＿＿＿＿＿＿＿＿
＿＿＿＿＿＿＿＿＿＿
＿＿＿＿＿＿＿＿＿＿
＿＿＿＿＿＿＿＿＿□
＿＿＿＿＿＿＿＿＿□
■＿＿＿＿＿＿＿＿□
■■＿＿□□□□□□
□■＿□□＿□□□□
□＿□□□□□□□□
□□□□□□＿□□□
□□□□□□＿□□□
□□□□□□＿□□＿
□□□□□□□□□＿
□□□□□□＿□□□
□□□□□□＿□□□
□□□□□□□□□＿
□□□□□□□□＿□
□□□□□□□□□＿
□□＿□□□□□□□
00:20:16(36505f):field(36504f)
＿＿＿＿＿＿＿＿＿＿
＿＿＿＿＿＿＿＿＿＿
＿＿＿＿＿＿＿＿＿＿
＿＿＿＿＿＿＿＿＿＿
＿＿＿＿＿＿＿＿■□
＿＿＿＿＿＿＿＿■□
□＿＿＿＿＿＿■■□
□□＿＿□□□□□□
□□＿□□＿□□□□
□＿□□□□□□□□
□□□□□□＿□□□
□□□□□□＿□□□
□□□□□□＿□□＿
□□□□□□□□□＿
□□□□□□＿□□□
□□□□□□＿□□□
□□□□□□□□□＿
□□□□□□□□＿□
□□□□□□□□□＿
□□＿□□□□□□□
00:20:17(36518f):field(36517f)
＿＿＿＿＿＿＿＿＿＿
＿＿＿＿＿＿＿＿＿＿
＿＿＿＿＿＿＿＿＿＿
＿＿＿＿＿＿＿＿＿＿
＿＿＿＿＿＿＿＿□□
＿＿＿＿＿＿＿＿□□
□■■＿＿＿＿□□□
□□■＿□□□□□□
□□■□□＿□□□□
□＿□□□□□□□□
□□□□□□＿□□□
□□□□□□＿□□□
□□□□□□＿□□＿
□□□□□□□□□＿
□□□□□□＿□□□
□□□□□□＿□□□
□□□□□□□□□＿
□□□□□□□□＿□
□□□□□□□□□＿
□□＿□□□□□□□
00:20:17(36531f):field(36530f)
＿＿＿＿＿＿＿＿＿＿
＿＿＿＿＿＿＿＿＿＿
＿＿＿＿＿＿＿＿＿＿
＿＿＿＿＿＿＿＿＿＿
＿＿＿＿＿＿＿＿◆◆
＿＿＿＿＿＿＿＿□□
◆◆◆■■＿＿◆□□
□□□■□□◆□□□
□□□□□＿□□□□
□＿□□□□□□□□
□□□□□□＿□□□
□□□□□□＿□□□
□□□□□□＿□□＿
□□□□□□□□□＿
□□□□□□＿□□□
□□□□□□＿□□□
□□□□□□□□□＿
□□□□□□□□＿□
□□□□□□□□□＿
□□＿□□□□□□□
00:20:18(36544f):field(36543f)
＿＿＿＿＿＿＿＿＿＿
＿＿＿＿＿＿＿＿＿＿
＿＿＿＿＿＿＿＿＿＿
＿＿＿＿＿＿＿＿＿＿
＿＿＿＿＿＿＿＿＿＿
＿＿＿＿＿＿＿＿◆◆
＿＿＿◆◆■＿＿□□
◆□◆□◆□＿◆□□
□□□□□■◆□□□
□■□□□□□□□□
□□□□□□＿□□□
□□□□□□＿□□□
□□□□□□＿□□＿
□□□□□□□□□＿
□□□□□□＿□□□
□□□□□□＿□□□
□□□□□□□□□＿
□□□□□□□□＿□
□□□□□□□□□＿
□□＿□□□□□□□
00:20:18(36564f):field(36563f)
＿＿＿＿＿＿＿＿＿＿
＿＿＿＿＿＿＿＿＿＿
＿＿＿＿＿＿＿＿＿＿
＿＿＿＿＿＿＿＿＿＿
＿＿＿＿＿＿＿＿＿＿
＿＿＿＿＿＿＿＿＿＿
＿＿＿＿＿◆＿＿◆◆
＿◆＿◆＿□＿■□□
◆◆◆□◆□■□□□
□◆□□□□□□□□
□□□□□□＿□□□
□□□□□□＿□□□
□□□□□□＿□□＿
□□□□□□□□□＿
□□□□□□＿□□□
□□□□□□＿□□□
□□□□□□□□□＿
□□□□□□□□＿□
□□□□□□□□□＿
□□＿□□□□□□□
00:20:19(36580f):field(36579f)
＿＿＿＿＿＿＿＿＿＿
＿＿＿＿＿＿＿＿＿＿
＿＿＿＿＿＿＿＿＿＿
＿＿＿＿＿＿＿＿＿＿
＿＿＿＿＿＿＿＿＿＿
＿＿＿＿＿＿＿＿■■
＿＿＿＿＿＿＿＿■■
＿＿＿＿＿□＿□□□
＿＿＿□＿□□□□□
□＿□□□□□□□□
□□□□□□＿□□□
□□□□□□＿□□□
□□□□□□＿□□＿
□□□□□□□□□＿
□□□□□□＿□□□
□□□□□□＿□□□
□□□□□□□□□＿
□□□□□□□□＿□
□□□□□□□□□＿
□□＿□□□□□□□
00:20:19(36591f):field(36590f)
＿＿＿＿＿＿＿＿＿＿
＿＿＿＿＿＿＿＿＿＿
＿＿＿＿＿＿＿＿＿＿
＿＿＿＿＿＿＿＿＿＿
＿＿＿＿＿＿＿＿＿＿
＿＿＿＿＿＿＿＿□□
＿＿＿■■＿＿＿□□
＿＿＿＿■□＿□□□
＿＿＿□■□□□□□
□＿□□□□□□□□
□□□□□□＿□□□
□□□□□□＿□□□
□□□□□□＿□□＿
□□□□□□□□□＿
□□□□□□＿□□□
□□□□□□＿□□□
□□□□□□□□□＿
□□□□□□□□＿□
□□□□□□□□□＿
□□＿□□□□□□□
00:20:20(36607f):field(36606f)
＿＿＿＿＿＿＿＿＿＿
＿＿＿＿＿＿＿＿＿＿
＿＿＿＿＿＿＿＿＿＿
＿＿＿＿＿＿＿＿＿＿
＿＿＿＿＿＿＿＿＿＿
＿＿＿＿＿＿＿＿◆◆
＿＿＿◆◆＿＿＿◆◆
＿＿＿■◆◆＿◆□□
■■■□□◆◆□□□
◆＿◆□□□◆□□□
□□□□□□■□□□
□□□□□□＿□□□
□□□□□□＿□□＿
□□□□□□□□□＿
□□□□□□＿□□□
□□□□□□＿□□□
□□□□□□□□□＿
□□□□□□□□＿□
□□□□□□□□□＿
□□＿□□□□□□□
00:20:20(36622f):field(36621f)
＿＿＿＿＿＿＿＿＿＿
＿＿＿＿＿＿＿＿＿＿
＿＿＿＿＿＿＿＿＿＿
＿＿＿＿＿＿＿＿＿＿
＿＿＿＿＿＿＿＿＿＿
＿＿＿＿＿＿＿＿＿＿
＿＿＿＿■＿＿＿＿＿
＿＿＿◆■■＿＿□□
◆◆◆□□■＿◆□□
＿＿＿◆□□＿□□□
□□□□□□◆□□□
□□□□□□＿□□□
□□□□□□＿□□＿
□□□□□□□□□＿
□□□□□□＿□□□
□□□□□□＿□□□
□□□□□□□□□＿
□□□□□□□□＿□
□□□□□□□□□＿
□□＿□□□□□□□
00:20:21(36646f):field(36645f)
＿＿＿＿＿＿＿＿＿＿
＿＿＿＿＿＿＿＿＿＿
＿＿＿＿＿＿＿＿＿＿
＿＿＿＿＿＿＿＿＿＿
＿＿＿＿＿＿＿＿＿＿
＿＿＿＿＿＿＿＿＿＿
＿＿＿■□＿＿＿＿＿
＿＿■■□□＿＿□□
＿＿■□□□＿＿□□
＿＿＿＿□□＿□□□
□□□□□□＿□□□
□□□□□□＿□□□
□□□□□□＿□□＿
□□□□□□□□□＿
□□□□□□＿□□□
□□□□□□＿□□□
□□□□□□□□□＿
□□□□□□□□＿□
□□□□□□□□□＿
□□＿□□□□□□□
00:20:22(36663f):field(36662f)
＿＿＿＿＿＿＿＿＿＿
＿＿＿＿＿＿＿＿＿＿
＿＿＿＿＿＿＿＿＿＿
＿＿＿＿＿＿＿＿＿＿
＿＿＿＿＿＿＿＿＿＿
＿＿＿＿＿＿＿＿＿＿
＿＿＿□□＿＿＿＿＿
＿＿□□□□＿＿□□
＿■□□□□＿＿□□
＿■■■□□＿□□□
□□□□□□＿□□□
□□□□□□＿□□□
□□□□□□＿□□＿
□□□□□□□□□＿
□□□□□□＿□□□
□□□□□□＿□□□
□□□□□□□□□＿
□□□□□□□□＿□
□□□□□□□□□＿
□□＿□□□□□□□
00:20:22(36676f):field(36675f)
＿＿＿＿＿＿＿＿＿＿
＿＿＿＿＿＿＿＿＿＿
＿＿＿＿＿＿＿＿＿＿
＿＿＿＿＿＿＿＿＿＿
＿＿＿＿＿＿＿＿＿＿
＿＿＿＿＿＿＿＿＿＿
＿＿＿◆◆＿＿＿＿＿
＿＿◆◆◆◆＿＿◆◆
＿◆◆□□◆＿＿◆◆
＿◆□□□□＿□□□
□□□□□□＿◆□□
◆□□□□□■□□□
□□□□□□■□□＿
□□□□□□□□□■
□□□□□□＿□□□
□□□□□□＿□□□
□□□□□□□□□＿
□□□□□□□□＿□
□□□□□□□□□＿
□□＿□□□□□□□
00:20:23(36692f):field(36691f)
＿＿＿＿＿＿＿＿＿＿
＿＿＿＿＿＿＿＿＿＿
＿＿＿＿＿＿＿＿＿＿
＿＿＿＿＿＿＿＿＿＿
＿＿＿＿＿＿＿＿＿＿
＿＿＿＿＿＿＿＿＿＿
＿＿＿＿＿＿＿＿＿＿
＿＿＿＿＿＿＿＿＿＿
＿＿＿□□＿■＿＿＿
＿＿□□□□■◆□□
◆□□□□□■■□□
＿□□□□□□□□□
□□□□□□□□□＿
□□□□□□□□□◆
□□□□□□＿□□□
□□□□□□＿□□□
□□□□□□□□□＿
□□□□□□□□＿□
□□□□□□□□□＿
□□＿□□□□□□□
00:20:23(36705f):field(36704f)
＿＿＿＿＿＿＿＿＿＿
＿＿＿＿＿＿＿＿＿＿
＿＿＿＿＿＿＿＿＿＿
＿＿＿＿＿＿＿＿＿＿
＿＿＿＿＿＿＿＿＿＿
＿＿＿＿＿＿＿＿＿＿
＿＿＿■■＿＿＿＿＿
＿＿＿■■＿＿＿＿＿
＿＿＿□□＿□＿＿＿
＿＿□□□□□＿□□
＿□□□□□□□□□
＿□□□□□□□□□
□□□□□□□□□＿
□□□□□□□□□＿
□□□□□□＿□□□
□□□□□□＿□□□
□□□□□□□□□＿
□□□□□□□□＿□
□□□□□□□□□＿
□□＿□□□□□□□
00:20:23(36719f):field(36718f)
＿＿＿＿＿＿＿＿＿＿
＿＿＿＿＿＿＿＿＿＿
＿＿＿＿＿＿＿＿＿＿
＿＿＿＿＿＿＿＿＿＿
＿＿＿＿＿＿＿＿＿＿
＿＿＿＿＿＿＿＿＿＿
＿＿＿□□■＿＿＿＿
＿＿＿□□■■＿＿＿
＿＿＿□□■□＿＿＿
＿＿□□□□□＿□□
＿□□□□□□□□□
＿□□□□□□□□□
□□□□□□□□□＿
□□□□□□□□□＿
□□□□□□＿□□□
□□□□□□＿□□□
□□□□□□□□□＿
□□□□□□□□＿□
□□□□□□□□□＿
□□＿□□□□□□□
00:20:24(36731f):field(36730f)
＿＿＿＿＿＿＿＿＿＿
＿＿＿＿＿＿＿＿＿＿
＿＿＿＿＿＿＿＿＿＿
＿＿＿＿＿＿＿＿＿＿
＿＿＿＿＿＿＿＿＿＿
＿＿＿＿＿＿＿＿＿＿
＿＿＿◆◆◆＿＿＿＿
＿＿＿◆◆◆◆＿＿＿
＿＿＿□□□◆＿＿＿
＿■◆□□□□＿◆□
＿◆□□□□□◆◆◆
■□□□□□□◆□□
□□□□□□□□□＿
□□□□□□□□□＿
□□□□□□＿□□□
□□□□□□＿□□□
□□□□□□□□□＿
□□□□□□□□＿□
□□□□□□□□□＿
□□＿□□□□□□□
00:20:24(36746f):field(36745f)
＿＿＿＿＿＿＿＿＿＿
＿＿＿＿＿＿＿＿＿＿
＿＿＿＿＿＿＿＿＿＿
＿＿＿＿＿＿＿＿＿＿
＿＿＿＿＿＿＿＿＿＿
＿＿＿＿＿＿＿＿＿＿
＿＿＿＿＿＿＿＿＿＿
＿＿＿＿＿＿＿＿＿＿
＿＿＿◆◆◆＿＿＿＿
＿◆＿□□□◆■＿◆
＿＿◆□□□□■＿＿
◆◆◆□□□□■◆◆
□□□□□□□□□＿
□□□□□□□□□＿
□□□□□□＿□□□
□□□□□□＿□□□
□□□□□□□□□＿
□□□□□□□□＿□
□□□□□□□□□＿
□□＿□□□□□□□
00:20:25(36759f):field(36758f)
＿＿＿＿＿＿＿＿＿＿
＿＿＿＿＿＿＿＿＿＿
＿＿＿＿＿＿＿＿＿＿
＿＿＿＿＿＿＿＿＿＿
＿＿＿＿＿＿＿＿＿＿
＿＿＿＿＿＿＿＿＿＿
＿＿＿＿＿＿＿＿＿＿
＿＿＿＿＿＿＿■＿＿
＿＿＿＿＿＿■■＿＿
＿＿＿□□□■□＿＿
＿＿＿□□□□□＿＿
＿＿＿□□□□□＿＿
□□□□□□□□□＿
□□□□□□□□□＿
□□□□□□＿□□□
□□□□□□＿□□□
□□□□□□□□□＿
□□□□□□□□＿□
□□□□□□□□□＿
□□＿□□□□□□□
00:20:25(36774f):field(36773f)
＿＿＿＿＿＿＿＿＿＿
＿＿＿＿＿＿＿＿＿＿
＿＿＿＿＿＿＿＿＿＿
＿＿＿＿＿＿＿＿＿＿
＿＿＿＿＿＿＿＿＿＿
＿＿＿＿＿＿＿＿＿＿
＿＿＿＿＿＿＿＿＿＿
＿＿＿＿＿＿＿□＿＿
＿＿＿＿＿＿□□＿＿
＿＿＿□□□□□＿＿
＿＿■□□□□□＿＿
■■■□□□□□＿＿
□□□□□□□□□＿
□□□□□□□□□＿
□□□□□□＿□□□
□□□□□□＿□□□
□□□□□□□□□＿
□□□□□□□□＿□
□□□□□□□□□＿
□□＿□□□□□□□
00:20:26(36786f):field(36785f)
＿＿＿＿＿＿＿＿＿＿
＿＿＿＿＿＿＿＿＿＿
＿＿＿＿＿＿＿＿＿＿
＿＿＿＿＿＿＿＿＿＿
＿＿＿＿＿＿＿＿＿＿
＿＿＿＿＿＿＿＿＿＿
＿＿＿＿＿＿＿＿＿＿
＿＿＿＿＿＿＿□＿＿
＿＿＿＿＿＿□□＿＿
＿■■□□□□□＿＿
■■□□□□□□＿＿
□□□□□□□□＿＿
□□□□□□□□□＿
□□□□□□□□□＿
□□□□□□＿□□□
□□□□□□＿□□□
□□□□□□□□□＿
□□□□□□□□＿□
□□□□□□□□□＿
□□＿□□□□□□□
00:20:26(36800f):field(36799f)
＿＿＿＿＿＿＿＿＿＿
＿＿＿＿＿＿＿＿＿＿
＿＿＿＿＿＿＿＿＿＿
＿＿＿＿＿＿＿＿＿＿
＿＿＿＿＿＿＿＿＿＿
＿＿＿＿＿＿＿＿＿＿
＿＿＿＿＿＿＿＿＿＿
■＿＿＿＿＿＿□＿＿
■■＿＿＿＿□□＿＿
■□□□□□□□＿＿
□□□□□□□□＿＿
□□□□□□□□＿＿
□□□□□□□□□＿
□□□□□□□□□＿
□□□□□□＿□□□
□□□□□□＿□□□
□□□□□□□□□＿
□□□□□□□□＿□
□□□□□□□□□＿
□□＿□□□□□□□
00:20:27(36811f):field(36810f)
＿＿＿＿＿＿＿＿＿＿
＿＿＿＿＿＿＿＿＿＿
＿＿＿＿＿＿＿＿＿＿
＿＿＿＿＿＿＿＿＿＿
＿＿＿＿＿＿＿＿＿＿
＿＿＿＿＿＿＿＿＿＿
＿＿＿＿＿＿＿＿＿＿
□＿＿＿■■＿□＿＿
□□＿＿■■□□＿＿
□□□□□□□□＿＿
□□□□□□□□＿＿
□□□□□□□□＿＿
□□□□□□□□□＿
□□□□□□□□□＿
□□□□□□＿□□□
□□□□□□＿□□□
□□□□□□□□□＿
□□□□□□□□＿□
□□□□□□□□□＿
□□＿□□□□□□□
00:20:27(36826f):field(36825f)
＿＿＿＿＿＿＿＿＿＿
＿＿＿＿＿＿＿＿＿＿
＿＿＿＿＿＿＿＿＿＿
＿＿＿＿＿＿＿＿＿＿
＿＿＿＿＿＿＿＿＿＿
＿＿＿＿＿＿＿＿＿＿
＿＿＿＿＿＿＿＿＿＿
◆＿＿＿◆◆＿◆＿＿
◆◆＿＿◆◆◆◆＿＿
□◆◆◆□□◆□＿＿
□□◆◆□□□□＿＿
□□□□□□□□＿＿
□□□□□□□□□■
□□□□□□□□◆■
□□□□□□■□□□
□□□□□□■□□□
□□□□□□□□□＿
□□□□□□□□＿□
□□□□□□□□□＿
□□＿□□□□□□□
00:20:28(36843f):field(36842f)
＿＿＿＿＿＿＿＿＿＿
＿＿＿＿＿＿＿＿＿＿
＿＿＿＿＿＿＿＿＿＿
＿＿＿＿＿＿＿＿＿＿
＿＿＿＿＿＿＿＿＿＿
＿＿＿＿＿＿＿＿＿＿
＿＿＿＿＿＿＿＿＿＿
＿＿＿＿＿＿＿＿＿＿
＿＿＿＿＿＿＿＿＿＿
◆＿＿＿◆◆＿◆＿＿
□◆＿＿◆◆◆◆■■
◆□◆◆◆□◆□＿＿
□□◆◆□□□□□◆
□□◆□□□□□＿□
□□□□□□□□□□
□□□□□□◆□□□
□□□□□□□□□＿
□□□□□□□□＿□
□□□□□□□□□＿
□□＿□□□□□□□
00:20:28(36857f):field(36856f)
＿＿＿＿＿＿＿＿＿＿
＿＿＿＿＿＿＿＿＿＿
＿＿＿＿＿＿＿＿＿＿
＿＿＿＿＿＿＿＿＿＿
＿＿＿＿＿＿＿＿＿＿
＿＿＿＿＿＿＿＿＿＿
＿＿＿＿＿＿＿＿＿＿
＿＿＿＿＿＿＿＿＿＿
＿＿＿＿＿＿＿＿＿＿
＿＿＿＿＿＿＿＿＿＿
◆＿＿＿＿＿＿＿◆◆
＿◆＿＿＿◆＿◆＿＿
□□■＿□□◆□◆＿
□□■□□□□□＿◆
□□□□□□◆□□□
□□□□□□＿□□□
□□□□□□□□□＿
□□□□□□□□＿□
□□□□□□□□□＿
□□＿□□□□□□□
00:20:29(36872f):field(36871f)
＿＿＿＿＿＿＿＿＿＿
＿＿＿＿＿＿＿＿＿＿
＿＿＿＿＿＿＿＿＿＿
＿＿＿＿＿＿＿＿＿＿
＿＿＿＿＿＿＿＿＿＿
＿＿＿＿＿＿＿＿＿＿
＿＿＿＿＿＿＿＿＿＿
＿＿＿＿＿＿＿＿＿＿
＿＿＿＿＿＿＿＿＿＿
＿＿＿＿＿＿＿＿＿＿
＿＿■＿＿＿＿＿＿＿
＿＿■■＿＿＿＿＿＿
□□□■□□＿□＿＿
□□□□□□□□＿＿
□□□□□□＿□□□
□□□□□□＿□□□
□□□□□□□□□＿
□□□□□□□□＿□
□□□□□□□□□＿
□□＿□□□□□□□
00:20:29(36883f):field(36882f)
＿＿＿＿＿＿＿＿＿＿
＿＿＿＿＿＿＿＿＿＿
＿＿＿＿＿＿＿＿＿＿
＿＿＿＿＿＿＿＿＿＿
＿＿＿＿＿＿＿＿＿＿
＿＿＿＿＿＿＿＿＿＿
＿＿＿＿＿＿＿＿＿＿
＿＿＿＿＿＿＿＿＿＿
＿＿＿＿＿＿＿＿＿＿
＿＿＿＿■＿＿＿＿＿
＿＿□■■＿＿＿＿＿
＿＿□□■＿＿＿＿＿
□□□□□□＿□＿＿
□□□□□□□□＿＿
□□□□□□＿□□□
□□□□□□＿□□□
□□□□□□□□□＿
□□□□□□□□＿□
□□□□□□□□□＿
□□＿□□□□□□□
00:20:29(36897f):field(36896f)
＿＿＿＿＿＿＿＿＿＿
＿＿＿＿＿＿＿＿＿＿
＿＿＿＿＿＿＿＿＿＿
＿＿＿＿＿＿＿＿＿＿
＿＿＿＿＿＿＿＿＿＿
＿＿＿＿＿＿＿＿＿＿
＿＿＿＿＿＿＿＿＿＿
＿＿＿＿＿＿＿＿＿＿
＿＿＿＿＿■＿＿＿＿
＿＿＿＿□■＿＿＿＿
＿＿□□□■＿＿＿＿
＿＿□□□■＿＿＿＿
□□□□□□＿□＿＿
□□□□□□□□＿＿
□□□□□□＿□□□
□□□□□□＿□□□
□□□□□□□□□＿
□□□□□□□□＿□
□□□□□□□□□＿
□□＿□□□□□□□
00:20:30(36911f):field(36910f)
＿＿＿＿＿＿＿＿＿＿
＿＿＿＿＿＿＿＿＿＿
＿＿＿＿＿＿＿＿＿＿
＿＿＿＿＿＿＿＿＿＿
＿＿＿＿＿＿＿＿＿＿
＿＿＿＿＿＿＿＿＿＿
＿＿＿＿＿＿＿＿＿＿
＿＿＿＿＿＿＿＿＿＿
＿＿＿＿＿◆＿＿＿＿
＿＿＿＿◆□＿＿＿＿
＿＿◆◆□□＿＿＿＿
＿＿□□□□＿＿＿＿
◆◆□□□□■◆＿■
□□□□□□◆□＿■
□□□□□□＿□□□
□□□□□□＿□□□
□□□□□□□□□＿
□□□□□□□□＿□
□□□□□□□□□＿
□□＿□□□□□□□
00:20:30(36925f):field(36924f)
＿＿＿＿＿＿＿＿＿＿
＿＿＿＿＿＿＿＿＿＿
＿＿＿＿＿＿＿＿＿＿
＿＿＿＿＿＿＿＿＿＿
＿＿＿＿＿＿＿＿＿＿
＿＿＿＿＿＿＿＿＿＿
＿＿＿＿＿＿＿＿＿＿
＿＿＿＿＿＿＿＿＿＿
＿＿＿＿＿＿＿＿＿＿
＿＿＿＿＿□＿＿＿＿
＿＿＿＿□□＿＿＿＿
■■□□□□＿＿＿＿
■■□□□□◆＿＿□
□□□□□□＿□＿□
□□□□□□＿□□□
□□□□□□＿□□□
□□□□□□□□□＿
□□□□□□□□＿□
□□□□□□□□□＿
□□＿□□□□□□□
00:20:31(36938f):field(36937f)
＿＿＿＿＿＿＿＿＿＿
＿＿＿＿＿＿＿＿＿＿
＿＿＿＿＿＿＿＿＿＿
＿＿＿＿＿＿＿＿＿＿
＿＿＿＿＿＿＿＿＿＿
＿＿＿＿＿＿＿＿＿＿
＿＿＿＿＿＿＿＿＿＿
＿＿＿＿＿＿＿＿＿＿
＿＿＿＿＿＿＿＿＿＿
＿＿＿■■□＿＿＿＿
＿＿■■□□＿＿＿＿
□□□□□□＿＿＿＿
□□□□□□＿＿＿□
□□□□□□＿□＿□
□□□□□□＿□□□
□□□□□□＿□□□
□□□□□□□□□＿
□□□□□□□□＿□
□□□□□□□□□＿
□□＿□□□□□□□
00:20:31(36952f):field(36951f)
＿＿＿＿＿＿＿＿＿＿
＿＿＿＿＿＿＿＿＿＿
＿＿＿＿＿＿＿＿＿＿
＿＿＿＿＿＿＿＿＿＿
＿＿＿＿＿＿＿＿＿＿
＿＿＿＿＿＿＿＿＿＿
＿＿＿＿＿＿＿＿＿＿
＿＿＿＿＿＿＿＿＿＿
■＿＿＿＿＿＿＿＿＿
■＿＿□□□＿＿＿＿
■■□□□□＿＿＿＿
□□□□□□＿＿＿＿
□□□□□□＿＿＿□
□□□□□□＿□＿□
□□□□□□＿□□□
□□□□□□＿□□□
□□□□□□□□□＿
□□□□□□□□＿□
□□□□□□□□□＿
□□＿□□□□□□□
00:20:32(36971f):field(36970f)
＿＿＿＿＿＿＿＿＿＿
＿＿＿＿＿＿＿＿＿＿
＿＿＿＿＿＿＿＿＿＿
＿＿＿＿＿＿＿＿＿＿
＿＿＿＿＿＿＿＿＿＿
＿＿＿＿＿＿＿＿＿＿
＿＿＿＿＿＿＿＿＿＿
＿＿＿■＿＿＿＿＿＿
□＿■■＿＿＿＿＿＿
□＿■□□□＿＿＿＿
□□□□□□＿＿＿＿
□□□□□□＿＿＿＿
□□□□□□＿＿＿□
□□□□□□＿□＿□
□□□□□□＿□□□
□□□□□□＿□□□
□□□□□□□□□＿
□□□□□□□□＿□
□□□□□□□□□＿
□□＿□□□□□□□
00:20:32(36983f):field(36982f)
＿＿＿＿＿＿＿＿＿＿
＿＿＿＿＿＿＿＿＿＿
＿＿＿＿＿＿＿＿＿＿
＿＿＿＿＿＿＿＿＿＿
＿＿＿＿＿＿＿＿＿＿
＿＿＿＿＿＿＿＿＿＿
＿＿＿＿＿＿＿＿＿＿
＿＿＿◆＿＿＿＿＿＿
◆＿◆◆＿＿＿＿＿＿
◆＿◆□◆◆＿＿＿＿
□◆□□◆◆＿＿＿＿
□◆□□□□＿＿＿＿
□□□□□□＿＿＿◆
□□□□□□＿◆＿◆
□□□□□□■◆□□
□□□□□□■□◆□
□□□□□□□□□＿
□□□□□□□□＿□
□□□□□□□□□＿
□□＿□□□□□□□
00:20:33(36999f):field(36998f)
＿＿＿＿＿＿＿＿＿＿
＿＿＿＿＿＿＿＿＿＿
＿＿＿＿＿＿＿＿＿＿
＿＿＿＿＿＿＿＿＿＿
＿＿＿＿＿＿＿＿＿＿
＿＿＿＿＿＿＿＿＿＿
＿＿＿＿＿＿＿＿＿＿
＿＿＿＿＿＿＿＿＿＿
＿＿＿＿＿＿＿＿＿＿
＿＿＿◆＿＿＿＿＿＿
◆＿◆□＿＿＿＿＿＿
□＿□□◆◆＿＿＿＿
□◆□□□□＿＿＿＿
□□□□□□＿＿＿＿
□□□□□□◆＿□□
□□□□□□□◆■□
□□□□□□□□□＿
□□□□□□□□＿□
□□□□□□□□□＿
□□＿□□□□□□□
00:20:33(37014f):field(37013f)
＿＿＿＿＿＿＿＿＿＿
＿＿＿＿＿＿＿＿＿＿
＿＿＿＿＿＿＿＿＿＿
＿＿＿＿＿＿＿＿＿＿
＿＿＿＿＿＿＿＿＿＿
＿＿＿＿＿＿＿＿＿＿
＿＿＿＿＿＿＿＿＿＿
＿＿＿＿＿＿＿＿＿＿
＿＿＿＿＿＿＿＿＿＿
＿＿＿＿＿＿＿＿＿＿
＿＿＿□■■＿＿＿＿
□＿□□■■＿＿＿＿
□＿□□□□＿＿＿＿
□□□□□□＿＿＿＿
□□□□□□＿＿□□
□□□□□□□＿□□
□□□□□□□□□＿
□□□□□□□□＿□
□□□□□□□□□＿
□□＿□□□□□□□
00:20:34(37028f):field(37027f)
＿＿＿＿＿＿＿＿＿＿
＿＿＿＿＿＿＿＿＿＿
＿＿＿＿＿＿＿＿＿＿
＿＿＿＿＿＿＿＿＿＿
＿＿＿＿＿＿＿＿＿＿
＿＿＿＿＿＿＿＿＿＿
＿＿＿＿＿＿＿＿＿＿
＿＿＿＿＿＿＿＿＿＿
＿＿＿＿＿＿＿＿＿＿
＿＿＿＿＿＿＿＿＿＿
■■＿□□□＿＿＿＿
□■□□□□＿＿＿＿
□■□□□□＿＿＿＿
□□□□□□＿＿＿＿
□□□□□□＿＿□□
□□□□□□□＿□□
□□□□□□□□□＿
□□□□□□□□＿□
□□□□□□□□□＿
□□＿□□□□□□□
00:20:34(37042f):field(37041f)
＿＿＿＿＿＿＿＿＿＿
＿＿＿＿＿＿＿＿＿＿
＿＿＿＿＿＿＿＿＿＿
＿＿＿＿＿＿＿＿＿＿
＿＿＿＿＿＿＿＿＿＿
＿＿＿＿＿＿＿＿＿＿
＿＿＿＿＿＿＿＿＿＿
＿＿＿＿＿＿＿＿＿＿
＿＿＿＿＿＿＿＿＿＿
＿■■■＿＿＿＿＿＿
□□■□□□＿＿＿＿
□□□□□□＿＿＿＿
□□□□□□＿＿＿＿
□□□□□□＿＿＿＿
□□□□□□＿＿□□
□□□□□□□＿□□
□□□□□□□□□＿
□□□□□□□□＿□
□□□□□□□□□＿
□□＿□□□□□□□
00:20:35(37055f):field(37054f)
＿＿＿＿＿＿＿＿＿＿
＿＿＿＿＿＿＿＿＿＿
＿＿＿＿＿＿＿＿＿＿
＿＿＿＿＿＿＿＿＿＿
＿＿＿＿＿＿＿＿＿＿
＿＿＿＿＿＿＿＿＿＿
＿＿＿＿＿＿＿＿＿＿
＿＿＿＿＿＿＿＿＿＿
＿＿＿＿＿＿＿＿＿＿
＿□□□＿＿＿＿＿＿
□□□□□□＿＿＿＿
□□□□□□■＿＿＿
□□□□□□■＿＿＿
□□□□□□■＿＿＿
□□□□□□■＿□□
□□□□□□□＿□□
□□□□□□□□□＿
□□□□□□□□＿□
□□□□□□□□□＿
□□＿□□□□□□□
00:20:35(37068f):field(37067f)
＿＿＿＿＿＿＿＿＿＿
＿＿＿＿＿＿＿＿＿＿
＿＿＿＿＿＿＿＿＿＿
＿＿＿＿＿＿＿＿＿＿
＿＿＿＿＿＿＿＿＿＿
＿＿＿＿＿＿＿＿＿＿
＿＿＿＿＿＿＿＿＿＿
＿＿＿■＿＿＿＿＿＿
＿＿＿■■＿＿＿＿＿
＿□□□■＿＿＿＿＿
□□□□□□＿＿＿＿
□□□□□□□＿＿＿
□□□□□□□＿＿＿
□□□□□□□＿＿＿
□□□□□□□＿□□
□□□□□□□＿□□
□□□□□□□□□＿
□□□□□□□□＿□
□□□□□□□□□＿
□□＿□□□□□□□
00:20:36(37082f):field(37081f)
＿＿＿＿＿＿＿＿＿＿
＿＿＿＿＿＿＿＿＿＿
＿＿＿＿＿＿＿＿＿＿
＿＿＿＿＿＿＿＿＿＿
＿＿＿＿＿＿＿＿＿＿
＿＿＿＿＿＿＿＿＿＿
＿＿＿＿＿＿＿＿＿＿
＿＿＿◆＿＿＿＿＿＿
＿＿＿◆◆＿＿＿＿＿
＿◆◆□◆＿＿＿＿＿
◆◆◆□□◆＿＿＿＿
◆□□□□◆◆＿＿＿
□□□□□□◆＿＿＿
□□□□□□□■＿＿
□□□□□□□■◆◆
□□□□□□□■□□
□□□□□□□□□＿
□□□□□□□□＿□
□□□□□□□□□＿
□□＿□□□□□□□
00:20:36(37105f):field(37104f)
＿＿＿＿＿＿＿＿＿＿
＿＿＿＿＿＿＿＿＿＿
＿＿＿＿＿＿＿＿＿＿
＿＿＿＿＿＿＿＿＿＿
＿＿＿＿＿＿＿＿＿＿
＿＿＿＿＿＿＿＿＿＿
＿＿＿＿＿＿＿＿＿＿
＿＿＿＿＿＿＿＿＿＿
＿＿＿＿＿＿＿＿＿＿
＿＿＿□＿＿＿＿＿＿
＿＿＿□□＿＿＿＿＿
＿□□□□■■＿＿＿
□□□□□□■■＿＿
□□□□□□□◆＿＿
□□□□□□□◆＿＿
□□□□□□□□□◆
□□□□□□□□□＿
□□□□□□□□＿□
□□□□□□□□□＿
□□＿□□□□□□□
00:20:37(37113f):field(37112f)
＿＿＿＿＿＿＿＿＿＿
＿＿＿＿＿＿＿＿＿＿
＿＿＿＿＿＿＿＿＿＿
＿＿＿＿＿＿＿＿＿＿
＿＿＿＿＿＿＿＿＿＿
＿＿＿＿＿＿＿＿＿＿
＿＿＿＿＿＿＿＿＿＿
＿＿＿＿＿＿＿＿＿＿
＿＿＿＿■■＿＿＿＿
＿＿＿□■■＿＿＿＿
＿＿＿□□＿＿＿＿＿
＿□□□□□□＿＿＿
□□□□□□□□＿＿
□□□□□□□＿＿＿
□□□□□□□＿＿＿
□□□□□□□□□＿
□□□□□□□□□＿
□□□□□□□□＿□
□□□□□□□□□＿
□□＿□□□□□□□
00:20:37(37131f):field(37130f)
＿＿＿＿＿＿＿＿＿＿
＿＿＿＿＿＿＿＿＿＿
＿＿＿＿＿＿＿＿＿＿
＿＿＿＿＿＿＿＿＿＿
＿＿＿＿＿＿＿＿＿＿
＿＿＿＿＿＿＿＿＿＿
＿＿＿＿＿＿＿＿＿＿
＿＿＿■＿＿＿＿＿＿
＿■■■□□＿＿＿＿
＿＿＿□□□＿＿＿＿
＿＿＿□□＿＿＿＿＿
＿□□□□□□＿＿＿
□□□□□□□□＿＿
□□□□□□□＿＿＿
□□□□□□□＿＿＿
□□□□□□□□□＿
□□□□□□□□□＿
□□□□□□□□＿□
□□□□□□□□□＿
□□＿□□□□□□□
00:20:38(37148f):field(37147f)
＿＿＿＿＿＿＿＿＿＿
＿＿＿＿＿＿＿＿＿＿
＿＿＿＿＿＿＿＿＿＿
＿＿＿＿＿＿＿＿＿＿
＿＿＿＿＿＿＿＿＿＿
＿＿＿＿■＿＿＿＿＿
＿＿＿＿■■＿＿＿＿
＿＿＿□■＿＿＿＿＿
＿□□□□□＿＿＿＿
＿＿＿□□□＿＿＿＿
＿＿＿□□＿＿＿＿＿
＿□□□□□□＿＿＿
□□□□□□□□＿＿
□□□□□□□＿＿＿
□□□□□□□＿＿＿
□□□□□□□□□＿
□□□□□□□□□＿
□□□□□□□□＿□
□□□□□□□□□＿
□□＿□□□□□□□
00:20:38(37169f):field(37168f)
＿＿＿＿＿＿＿＿＿＿
＿＿＿＿＿＿＿＿＿＿
＿＿＿＿＿＿＿＿＿＿
＿＿＿＿＿＿＿＿＿＿
＿＿＿＿＿＿＿＿＿＿
＿＿＿＿◆＿＿＿＿＿
＿＿＿＿◆◆＿＿＿＿
＿＿＿◆□＿＿＿＿＿
＿◆◆◆□□＿＿＿＿
＿＿＿□□◆＿＿＿＿
＿■■□□■＿＿＿＿
＿◆◆□□□◆＿＿＿
◆◆◆□□◆◆◆＿＿
◆□□□□□□＿＿＿
□□□□□□□■＿＿
□□□□□□□◆□■
□□□□□□□◆□■
□□□□□□□□■□
□□□□□□□□□＿
□□＿□□□□□□□
00:20:39(37189f):field(37188f)
＿＿＿＿＿＿＿＿＿＿
＿＿＿＿＿＿＿＿＿＿
＿＿＿＿＿＿＿＿＿＿
＿＿＿＿＿＿＿＿＿＿
＿＿＿＿＿＿＿＿＿＿
＿＿＿＿＿＿＿＿＿＿
＿＿＿＿＿＿＿＿＿＿
＿＿＿＿□＿＿＿＿＿
＿＿＿＿□□＿＿＿＿
＿＿＿□□＿＿＿＿＿
＿□□□□□■＿＿＿
＿＿＿□□□■＿＿＿
＿＿＿□□■■＿＿＿
＿□□□□□□＿＿＿
□□□□□□□□＿＿
□□□□□□□＿◆□
□□□□□□□＿◆□
□□□□□□□□◆□
□□□□□□□□□＿
□□＿□□□□□□□
00:20:40(37203f):field(37202f)
＿＿＿＿＿＿＿＿＿＿
＿＿＿＿＿＿＿＿＿＿
＿＿＿＿＿＿＿＿＿＿
＿＿＿＿＿＿＿＿＿＿
＿＿＿＿＿＿＿＿＿＿
＿＿＿＿＿＿＿＿＿＿
＿＿＿＿＿＿＿＿＿＿
＿＿＿＿◆＿＿＿＿＿
＿＿＿＿□◆＿＿＿＿
＿＿＿◆□■＿＿＿＿
＿◆◆□□◆◆＿＿＿
＿■■□□□□＿＿＿
＿＿＿□□□□＿＿＿
＿◆◆□□□□＿＿＿
◆□□□□□□□■■
□□□□□□□＿＿□
□□□□□□□＿＿□
□□□□□□□□＿□
□□□□□□□□□＿
□□＿□□□□□□□
00:20:40(37220f):field(37219f)
＿＿＿＿＿＿＿＿＿＿
＿＿＿＿＿＿＿＿＿＿
＿＿＿＿＿＿＿＿＿＿
＿＿＿＿＿＿＿＿＿＿
＿＿＿＿＿＿＿＿＿＿
＿＿＿＿＿＿＿＿＿＿
＿＿＿＿＿＿＿＿＿＿
＿＿＿■■■＿＿＿＿
＿＿＿■□＿＿＿＿＿
＿＿＿＿□□＿＿＿＿
＿＿＿□□＿＿＿＿＿
＿□□□□□□＿＿＿
＿＿＿□□□□＿＿＿
＿＿＿□□□□＿＿＿
＿□□□□□□◆□□
□□□□□□□＿＿□
□□□□□□□＿＿□
□□□□□□□□＿□
□□□□□□□□□＿
□□＿□□□□□□□
00:20:41(37240f):field(37239f)
＿＿＿＿＿＿＿＿＿＿
＿＿＿＿＿＿＿＿＿＿
＿＿＿＿＿＿＿＿＿＿
＿＿＿＿＿＿＿＿＿＿
＿＿＿＿＿＿＿＿＿＿
＿＿＿＿＿＿＿＿＿＿
＿＿＿＿＿＿＿＿＿＿
＿＿＿□□□＿＿＿＿
＿＿＿□□＿＿＿＿＿
＿＿■■□□＿＿＿＿
＿■■□□＿＿＿＿＿
＿□□□□□□＿＿＿
＿＿＿□□□□＿＿＿
＿＿＿□□□□＿＿＿
＿□□□□□□＿□□
□□□□□□□＿＿□
□□□□□□□＿＿□
□□□□□□□□＿□
□□□□□□□□□＿
□□＿□□□□□□□
00:20:41(37256f):field(37255f)
＿＿＿＿＿＿＿＿＿＿
＿＿＿＿＿＿＿＿＿＿
＿＿＿＿＿＿＿＿＿＿
＿＿＿＿＿＿＿＿＿＿
＿＿＿＿＿＿＿＿＿＿
＿＿＿＿＿＿＿＿＿＿
＿＿＿＿＿＿＿＿＿＿
＿＿＿□□□＿＿＿＿
■＿＿□□＿＿＿＿＿
■■□□□□＿＿＿＿
■□□□□＿＿＿＿＿
＿□□□□□□＿＿＿
＿＿＿□□□□＿＿＿
＿＿＿□□□□＿＿＿
＿□□□□□□＿□□
□□□□□□□＿＿□
□□□□□□□＿＿□
□□□□□□□□＿□
□□□□□□□□□＿
□□＿□□□□□□□
00:20:42(37271f):field(37270f)
＿＿＿＿＿＿＿＿＿＿
＿＿＿＿＿＿＿＿＿＿
＿＿＿＿＿＿＿＿＿＿
＿＿＿＿＿＿＿＿＿＿
＿＿＿＿＿＿＿＿＿＿
＿＿＿＿＿＿＿＿＿＿
＿＿＿＿＿＿＿＿＿＿
＿＿＿□□□＿＿＿＿
□＿＿□□＿＿＿＿＿
□□□□□□＿＿＿＿
□□□□□＿＿＿＿＿
＿□□□□□□＿＿＿
＿＿＿□□□□＿＿＿
＿＿＿□□□□■■＿
＿□□□□□□■□□
□□□□□□□■＿□
□□□□□□□＿＿□
□□□□□□□□＿□
□□□□□□□□□＿
□□＿□□□□□□□
00:20:42(37289f):field(37288f)
＿＿＿＿＿＿＿＿＿＿
＿＿＿＿＿＿＿＿＿＿
＿＿＿＿＿＿＿＿＿＿
＿＿＿＿＿＿＿＿＿＿
＿＿＿＿＿＿＿＿＿＿
＿＿＿＿＿＿＿＿＿＿
＿＿＿＿＿＿＿＿＿＿
＿＿＿□□□＿＿＿＿
□＿＿□□＿＿＿＿＿
□□□□□□＿＿＿＿
□□□□□＿＿＿＿＿
＿□□□□□□■■＿
＿＿＿□□□□■■＿
＿＿＿□□□□□□＿
＿□□□□□□□□□
□□□□□□□□＿□
□□□□□□□＿＿□
□□□□□□□□＿□
□□□□□□□□□＿
□□＿□□□□□□□
00:20:43(37309f):field(37308f)
＿＿＿＿＿＿＿＿＿＿
＿＿＿＿＿＿＿＿＿＿
＿＿＿＿＿＿＿＿＿＿
＿＿＿＿＿＿＿＿＿＿
＿＿＿＿＿＿＿＿＿＿
＿＿＿＿＿＿＿＿＿＿
＿＿＿＿＿＿＿＿＿＿
＿＿＿□□□＿＿＿＿
□＿＿□□＿＿＿＿＿
□□□□□□＿＿＿＿
□□□□□＿＿＿■■
＿□□□□□□□□■
＿＿＿□□□□□□■
＿＿＿□□□□□□＿
＿□□□□□□□□□
□□□□□□□□＿□
□□□□□□□＿＿□
□□□□□□□□＿□
□□□□□□□□□＿
□□＿□□□□□□□
00:20:44(37324f):field(37323f)
＿＿＿＿＿＿＿＿＿＿
＿＿＿＿＿＿＿＿＿＿
＿＿＿＿＿＿＿＿＿＿
＿＿＿＿＿＿＿＿＿＿
＿＿＿＿＿＿＿＿＿＿
＿＿＿＿＿＿＿＿＿＿
＿＿＿＿＿＿＿＿＿＿
■■＿□□□＿＿＿＿
□■■□□＿＿＿＿＿
□□□□□□＿＿＿＿
□□□□□＿＿＿□□
＿□□□□□□□□□
＿＿＿□□□□□□□
＿＿＿□□□□□□＿
＿□□□□□□□□□
□□□□□□□□＿□
□□□□□□□＿＿□
□□□□□□□□＿□
□□□□□□□□□＿
□□＿□□□□□□□
00:20:44(37340f):field(37339f)
＿＿＿＿＿＿＿＿＿＿
＿＿＿＿＿＿＿＿＿＿
＿＿＿＿＿＿＿＿＿＿
＿＿＿＿＿＿＿＿＿＿
＿＿＿＿＿＿＿＿＿＿
＿■＿＿＿＿＿＿＿＿
＿■■＿＿＿＿＿＿＿
□□■□□□＿＿＿＿
□□□□□＿＿＿＿＿
□□□□□□＿＿＿＿
□□□□□＿＿＿□□
＿□□□□□□□□□
＿＿＿□□□□□□□
＿＿＿□□□□□□＿
＿□□□□□□□□□
□□□□□□□□＿□
□□□□□□□＿＿□
□□□□□□□□＿□
□□□□□□□□□＿
□□＿□□□□□□□
00:20:45(37366f):field(37365f)
＿＿＿＿＿＿＿＿＿＿
＿＿＿＿＿＿＿＿＿＿
＿＿＿＿＿＿＿＿＿＿
＿＿＿＿＿＿＿＿＿＿
＿＿＿＿＿＿＿＿＿＿
＿□＿＿＿＿＿＿＿＿
＿□□＿＿＿＿＿＿＿
□□□□□□＿＿＿＿
□□□□□＿■＿＿＿
□□□□□□■＿＿＿
□□□□□■■＿□□
＿□□□□□□□□□
＿＿＿□□□□□□□
＿＿＿□□□□□□＿
＿□□□□□□□□□
□□□□□□□□＿□
□□□□□□□＿＿□
□□□□□□□□＿□
□□□□□□□□□＿
□□＿□□□□□□□
00:20:46(37383f):field(37382f)
＿＿＿＿＿＿＿＿＿＿
＿＿＿＿＿＿＿＿＿＿
＿＿＿＿＿＿＿＿＿＿
＿＿＿＿＿＿＿＿＿＿
＿＿＿＿＿＿＿＿＿＿
＿□＿＿＿＿＿＿＿＿
＿□□＿＿＿＿＿＿＿
□□□□□□＿＿＿＿
□□□□□＿□＿■■
□□□□□□□＿■■
□□□□□□□＿□□
＿□□□□□□□□□
＿＿＿□□□□□□□
＿＿＿□□□□□□＿
＿□□□□□□□□□
□□□□□□□□＿□
□□□□□□□＿＿□
□□□□□□□□＿□
□□□□□□□□□＿
□□＿□□□□□□□
00:20:46(37396f):field(37395f)
＿＿＿＿＿＿＿＿＿＿
＿＿＿＿＿＿＿＿＿＿
＿＿＿＿＿＿＿＿＿＿
＿＿＿＿＿＿＿＿＿＿
＿＿＿＿＿＿＿＿＿＿
＿□＿＿＿■＿＿＿＿
＿□□■■■＿＿＿＿
□□□□□□＿＿＿＿
□□□□□＿□＿□□
□□□□□□□＿□□
□□□□□□□＿□□
＿□□□□□□□□□
＿＿＿□□□□□□□
＿＿＿□□□□□□＿
＿□□□□□□□□□
□□□□□□□□＿□
□□□□□□□＿＿□
□□□□□□□□＿□
□□□□□□□□□＿
□□＿□□□□□□□
00:20:47(37410f):field(37409f)
＿＿＿＿＿＿＿＿＿＿
＿＿＿＿＿＿＿＿＿＿
＿＿＿＿＿＿＿＿＿＿
＿＿＿＿＿＿＿＿＿＿
＿■■＿＿＿＿＿＿＿
＿□■■＿□＿＿＿＿
＿□□□□□＿＿＿＿
□□□□□□＿＿＿＿
□□□□□＿□＿□□
□□□□□□□＿□□
□□□□□□□＿□□
＿□□□□□□□□□
＿＿＿□□□□□□□
＿＿＿□□□□□□＿
＿□□□□□□□□□
□□□□□□□□＿□
□□□□□□□＿＿□
□□□□□□□□＿□
□□□□□□□□□＿
□□＿□□□□□□□
00:20:47(37424f):field(37423f)
＿＿＿＿＿＿＿＿＿＿
＿＿＿＿＿＿＿＿＿＿
＿＿＿＿＿＿＿＿＿＿
＿＿＿＿＿＿＿＿＿＿
＿□□■■■＿＿＿＿
＿□□□■□＿＿＿＿
＿□□□□□＿＿＿＿
□□□□□□＿＿＿＿
□□□□□＿□＿□□
□□□□□□□＿□□
□□□□□□□＿□□
＿□□□□□□□□□
＿＿＿□□□□□□□
＿＿＿□□□□□□＿
＿□□□□□□□□□
□□□□□□□□＿□
□□□□□□□＿＿□
□□□□□□□□＿□
□□□□□□□□□＿
□□＿□□□□□□□
00:20:47(37438f):field(37437f)
＿＿＿＿＿＿＿＿＿＿
＿＿＿＿＿＿＿＿＿＿
＿＿＿＿＿＿＿＿＿＿
■＿＿＿＿＿＿＿＿＿
■□□□□□＿＿＿＿
■□□□□□＿＿＿＿
■□□□□□＿＿＿＿
□□□□□□＿＿＿＿
□□□□□＿□＿□□
□□□□□□□＿□□
□□□□□□□＿□□
＿□□□□□□□□□
＿＿＿□□□□□□□
＿＿＿□□□□□□＿
＿□□□□□□□□□
□□□□□□□□＿□
□□□□□□□＿＿□
□□□□□□□□＿□
□□□□□□□□□＿
□□＿□□□□□□□
00:20:48(37453f):field(37452f)
＿＿＿＿＿＿＿＿＿＿
＿＿＿＿＿＿＿＿＿＿
＿＿＿＿＿＿＿＿＿＿
□＿＿＿＿＿＿＿＿＿
□□□□□□＿＿＿＿
□□□□□□＿＿＿＿
□□□□□□■＿＿＿
□□□□□□■■＿＿
□□□□□＿□■□□
□□□□□□□＿□□
□□□□□□□＿□□
＿□□□□□□□□□
＿＿＿□□□□□□□
＿＿＿□□□□□□＿
＿□□□□□□□□□
□□□□□□□□＿□
□□□□□□□＿＿□
□□□□□□□□＿□
□□□□□□□□□＿
□□＿□□□□□□□
00:20:48(37467f):field(37466f)
＿＿＿＿＿＿＿＿＿＿
＿＿＿＿＿＿＿＿＿＿
＿＿＿＿＿＿＿＿＿＿
◆＿＿＿＿＿＿＿＿＿
□◆◆◆◆◆＿＿＿＿
□□□□□□＿＿＿＿
□□□□□□◆＿＿＿
□□□□□□□◆■■
□□□□□＿□□□□
□□□□□□□＿□□
□□□□□□□＿□□
＿□□□□□□□□□
＿＿＿□□□□□□□
＿＿＿□□□□□□＿
＿□□□□□□□□□
□□□□□□□□＿□
□□□□□□□＿＿□
□□□□□□□□＿□
□□□□□□□□□＿
□□＿□□□□□□□
00:20:49(37481f):field(37480f)
＿＿＿＿＿＿＿＿＿＿
＿＿＿＿＿＿＿＿＿＿
＿＿＿＿＿＿＿＿＿＿
＿＿＿＿＿＿＿＿＿＿
◆＿＿＿＿＿＿＿＿＿
□◆◆◆◆◆＿＿＿＿
□□□□□□＿＿＿＿
□□□□□□◆■□□
□□□□□＿□□□□
□□□□□□□＿□□
□□□□□□□＿□□
＿□□□□□□□□□
＿＿＿□□□□□□□
＿＿＿□□□□□□＿
＿□□□□□□□□□
□□□□□□□□＿□
□□□□□□□＿＿□
□□□□□□□□＿□
□□□□□□□□□＿
□□＿□□□□□□□
00:20:49(37495f):field(37494f)
＿＿＿＿＿＿＿＿＿＿
＿＿＿＿＿＿＿＿＿＿
＿＿＿＿＿＿＿＿＿＿
＿＿＿＿＿＿＿＿＿＿
＿＿＿＿＿＿＿＿＿＿
◆＿＿＿＿＿＿＿＿＿
□◆◆◆◆◆＿■■＿
□□□□□□■□◆◆
□□□□□＿□□□□
□□□□□□□＿□□
□□□□□□□＿□□
＿□□□□□□□□□
＿＿＿□□□□□□□
＿＿＿□□□□□□＿
＿□□□□□□□□□
□□□□□□□□＿□
□□□□□□□＿＿□
□□□□□□□□＿□
□□□□□□□□□＿
□□＿□□□□□□□
00:20:50(37508f):field(37507f)
＿＿＿＿＿＿＿＿＿＿
＿＿＿＿＿＿＿＿＿＿
＿＿＿＿＿＿＿＿＿＿
＿＿＿＿＿＿＿＿＿＿
＿＿＿＿＿＿＿＿＿＿
＿＿＿＿＿＿＿＿＿＿
□＿＿■■■■□◆＿
□□□□□□□□＿＿
□□□□□＿□□□□
□□□□□□□＿□□
□□□□□□□＿□□
＿□□□□□□□□□
＿＿＿□□□□□□□
＿＿＿□□□□□□＿
＿□□□□□□□□□
□□□□□□□□＿□
□□□□□□□＿＿□
□□□□□□□□＿□
□□□□□□□□□＿
□□＿□□□□□□□
00:20:50(37522f):field(37521f)
＿＿＿＿＿＿＿＿＿＿
＿＿＿＿＿＿＿＿＿＿
＿＿＿＿＿＿＿＿＿＿
＿＿＿＿＿＿＿＿＿＿
＿■＿＿＿＿＿＿＿＿
■■＿＿＿＿＿＿＿＿
□■＿□□□□□＿＿
□□□□□□□□＿＿
□□□□□＿□□□□
□□□□□□□＿□□
□□□□□□□＿□□
＿□□□□□□□□□
＿＿＿□□□□□□□
＿＿＿□□□□□□＿
＿□□□□□□□□□
□□□□□□□□＿□
□□□□□□□＿＿□
□□□□□□□□＿□
□□□□□□□□□＿
□□＿□□□□□□□
00:20:51(37538f):field(37537f)
＿＿＿＿＿＿＿＿＿＿
＿＿＿＿＿＿＿＿＿＿
＿＿＿＿＿＿＿＿＿＿
＿＿＿＿＿＿＿＿＿＿
＿□■■＿＿＿＿＿＿
□□■＿＿＿＿＿＿＿
□□■□□□□□＿＿
□□□□□□□□＿＿
□□□□□＿□□□□
□□□□□□□＿□□
□□□□□□□＿□□
＿□□□□□□□□□
＿＿＿□□□□□□□
＿＿＿□□□□□□＿
＿□□□□□□□□□
□□□□□□□□＿□
□□□□□□□＿＿□
□□□□□□□□＿□
□□□□□□□□□＿
□□＿□□□□□□□
00:20:51(37550f):field(37549f)
＿＿＿＿＿＿＿＿＿＿
＿＿＿＿＿＿＿＿＿＿
＿＿＿＿＿＿＿＿＿＿
＿＿＿＿＿＿＿＿＿＿
＿□□□＿■＿＿＿＿
□□□■■■＿＿＿＿
□□□□□□□□＿＿
□□□□□□□□＿＿
□□□□□＿□□□□
□□□□□□□＿□□
□□□□□□□＿□□
＿□□□□□□□□□
＿＿＿□□□□□□□
＿＿＿□□□□□□＿
＿□□□□□□□□□
□□□□□□□□＿□
□□□□□□□＿＿□
□□□□□□□□＿□
□□□□□□□□□＿
□□＿□□□□□□□
00:20:52(37566f):field(37565f)
＿＿＿＿＿＿＿＿＿＿
＿＿＿＿＿＿＿＿＿＿
＿■＿＿＿＿＿＿＿＿
■■＿＿＿＿＿＿＿＿
■□□□＿□＿＿＿＿
□□□□□□＿＿＿＿
□□□□□□□□＿＿
□□□□□□□□＿＿
□□□□□＿□□□□
□□□□□□□＿□□
□□□□□□□＿□□
＿□□□□□□□□□
＿＿＿□□□□□□□
＿＿＿□□□□□□＿
＿□□□□□□□□□
□□□□□□□□＿□
□□□□□□□＿＿□
□□□□□□□□＿□
□□□□□□□□□＿
□□＿□□□□□□□
00:20:52(37579f):field(37578f)
＿＿＿＿＿＿＿＿＿＿
＿＿＿＿＿＿＿＿＿＿
＿□＿■＿＿＿＿＿＿
□□＿■■＿＿＿＿＿
□□□□■□＿＿＿＿
□□□□□□＿＿＿＿
□□□□□□□□＿＿
□□□□□□□□＿＿
□□□□□＿□□□□
□□□□□□□＿□□
□□□□□□□＿□□
＿□□□□□□□□□
＿＿＿□□□□□□□
＿＿＿□□□□□□＿
＿□□□□□□□□□
□□□□□□□□＿□
□□□□□□□＿＿□
□□□□□□□□＿□
□□□□□□□□□＿
□□＿□□□□□□□
00:20:53(37597f):field(37596f)
＿＿＿＿＿＿＿＿＿＿
＿＿＿＿＿＿＿＿＿＿
＿◆＿◆＿＿＿＿＿＿
◆□＿□◆＿＿＿＿＿
□□◆□□◆＿＿＿＿
□□□□□□＿＿＿＿
□□□□□□◆◆■■
□□□□□□□□＿■
□□□□□＿□□□□
□□□□□□□＿□□
□□□□□□□＿□□
＿□□□□□□□□□
＿＿＿□□□□□□□
＿＿＿□□□□□□＿
＿□□□□□□□□□
□□□□□□□□＿□
□□□□□□□＿＿□
□□□□□□□□＿□
□□□□□□□□□＿
□□＿□□□□□□□
00:20:53(37610f):field(37609f)
＿＿＿＿＿＿＿＿＿＿
＿＿＿＿＿＿＿＿＿＿
＿＿＿＿＿＿＿＿＿＿
＿◆＿◆＿＿＿＿＿＿
◆◆＿◆◆＿＿＿＿＿
◆□◆□◆□＿＿＿＿
□□□□□◆■■◆◆
□□□□□□◆□＿□
□□□□□＿□□□□
□□□□□□□＿□□
□□□□□□□＿□□
＿□□□□□□□□□
＿＿＿□□□□□□□
＿＿＿□□□□□□＿
＿□□□□□□□□□
□□□□□□□□＿□
□□□□□□□＿＿□
□□□□□□□□＿□
□□□□□□□□□＿
□□＿□□□□□□□
00:20:54(37625f):field(37624f)
＿＿＿＿＿＿＿＿＿＿
＿＿＿＿＿＿＿＿＿＿
＿＿＿＿＿＿＿＿＿＿
＿＿＿＿＿＿＿＿＿＿
＿＿＿＿＿＿＿＿＿＿
＿□＿□＿◆＿＿＿＿
□□◆□□＿◆◆■■
□□□□□□＿◆■□
□□□□□＿□□□□
□□□□□□□＿□□
□□□□□□□＿□□
＿□□□□□□□□□
＿＿＿□□□□□□□
＿＿＿□□□□□□＿
＿□□□□□□□□□
□□□□□□□□＿□
□□□□□□□＿＿□
□□□□□□□□＿□
□□□□□□□□□＿
□□＿□□□□□□□
00:20:54(37637f):field(37636f)
＿＿＿＿＿＿＿＿＿＿
＿＿＿＿＿＿＿＿＿＿
＿＿＿＿＿＿＿＿＿＿
＿＿＿＿＿＿＿＿＿＿
＿＿＿＿＿＿＿＿＿＿
＿◆＿◆＿＿＿＿＿＿
□□＿□◆＿＿＿□◆
□□◆□□□■■□□
□□□□□＿□□□□
□□□□□□□＿□□
□□□□□□□＿□□
＿□□□□□□□□□
＿＿＿□□□□□□□
＿＿＿□□□□□□＿
＿□□□□□□□□□
□□□□□□□□＿□
□□□□□□□＿＿□
□□□□□□□□＿□
□□□□□□□□□＿
□□＿□□□□□□□
00:20:55(37652f):field(37651f)
＿＿＿＿＿＿＿＿＿＿
＿＿＿＿＿＿＿＿＿＿
＿＿＿＿＿＿＿＿＿＿
＿＿＿＿＿＿＿＿＿＿
＿＿＿＿＿＿＿＿＿＿
＿＿＿＿＿＿＿＿＿＿
◆□＿□■■■■◆＿
□□＿□□□□◆□□
□□□□□＿□□□□
□□□□□□□＿□□
□□□□□□□＿□□
＿□□□□□□□□□
＿＿＿□□□□□□□
＿＿＿□□□□□□＿
＿□□□□□□□□□
□□□□□□□□＿□
□□□□□□□＿＿□
□□□□□□□□＿□
□□□□□□□□□＿
□□＿□□□□□□□
00:20:55(37671f):field(37670f)
＿＿＿＿＿＿＿＿＿＿
＿＿＿＿＿＿＿＿＿＿
＿＿＿＿＿＿＿＿＿＿
＿＿＿＿＿＿＿＿＿＿
■＿＿＿＿＿＿＿＿＿
■■＿＿＿＿＿＿＿＿
■□＿□□□□□＿＿
□□＿□□□□＿□□
□□□□□＿□□□□
□□□□□□□＿□□
□□□□□□□＿□□
＿□□□□□□□□□
＿＿＿□□□□□□□
＿＿＿□□□□□□＿
＿□□□□□□□□□
□□□□□□□□＿□
□□□□□□□＿＿□
□□□□□□□□＿□
□□□□□□□□□＿
□□＿□□□□□□□
00:20:56(37686f):field(37685f)
＿＿＿＿＿＿＿＿＿＿
＿＿＿＿＿＿＿＿＿＿
＿＿＿＿＿＿＿＿＿＿
＿＿＿＿＿＿＿＿＿＿
□＿＿＿■■＿＿＿＿
□□＿■■＿＿＿＿＿
□□＿□□□□□＿＿
□□＿□□□□＿□□
□□□□□＿□□□□
□□□□□□□＿□□
□□□□□□□＿□□
＿□□□□□□□□□
＿＿＿□□□□□□□
＿＿＿□□□□□□＿
＿□□□□□□□□□
□□□□□□□□＿□
□□□□□□□＿＿□
□□□□□□□□＿□
□□□□□□□□□＿
□□＿□□□□□□□
00:20:56(37700f):field(37699f)
＿＿＿＿＿＿＿＿＿＿
＿＿＿＿＿＿＿＿＿＿
＿＿＿＿＿＿＿＿＿＿
＿＿＿■■■＿＿＿＿
□＿＿■□□＿＿＿＿
□□＿□□＿＿＿＿＿
□□＿□□□□□＿＿
□□＿□□□□＿□□
□□□□□＿□□□□
□□□□□□□＿□□
□□□□□□□＿□□
＿□□□□□□□□□
＿＿＿□□□□□□□
＿＿＿□□□□□□＿
＿□□□□□□□□□
□□□□□□□□＿□
□□□□□□□＿＿□
□□□□□□□□＿□
□□□□□□□□□＿
□□＿□□□□□□□
00:20:57(37725f):field(37724f)
＿＿＿＿＿＿＿＿＿＿
＿＿＿＿＿＿＿＿＿＿
＿＿＿＿＿＿＿＿＿＿
＿＿＿□□□■＿＿＿
□＿＿□□□■＿＿＿
□□＿□□■■＿＿＿
□□＿□□□□□＿＿
□□＿□□□□＿□□
□□□□□＿□□□□
□□□□□□□＿□□
□□□□□□□＿□□
＿□□□□□□□□□
＿＿＿□□□□□□□
＿＿＿□□□□□□＿
＿□□□□□□□□□
□□□□□□□□＿□
□□□□□□□＿＿□
□□□□□□□□＿□
□□□□□□□□□＿
□□＿□□□□□□□
00:20:57(37736f):field(37735f)
＿＿＿＿＿＿＿＿＿＿
＿＿＿＿＿＿＿＿＿＿
＿＿＿＿＿＿＿＿＿＿
＿＿＿□□□□＿＿＿
□＿■□□□□＿＿＿
□□■□□□□＿＿＿
□□■□□□□□＿＿
□□■□□□□＿□□
□□□□□＿□□□□
□□□□□□□＿□□
□□□□□□□＿□□
＿□□□□□□□□□
＿＿＿□□□□□□□
＿＿＿□□□□□□＿
＿□□□□□□□□□
□□□□□□□□＿□
□□□□□□□＿＿□
□□□□□□□□＿□
□□□□□□□□□＿
□□＿□□□□□□□
00:20:58(37756f):field(37755f)
＿＿＿＿＿＿＿＿＿＿
＿＿＿＿＿＿＿＿＿＿
＿＿＿＿＿＿＿＿＿＿
＿＿＿◆◆◆◆＿＿＿
◆＿◆□□□□＿＿＿
□□□□□□□＿＿■
□□□□□□□□■＿
□□□□□□□＿□□
□□□□□＿□□□□
□□□□□□□＿□□
□□□□□□□＿□□
＿□□□□□□□□□
＿＿＿□□□□□□□
＿＿＿□□□□□□＿
＿□□□□□□□□□
□□□□□□□□＿□
□□□□□□□＿＿□
□□□□□□□□＿□
□□□□□□□□□＿
□□＿□□□□□□□
00:20:58(37768f):field(37767f)
＿＿＿＿＿＿＿＿＿＿
＿＿＿＿＿＿＿＿＿＿
＿＿＿■■＿＿＿＿＿
＿＿＿■■＿＿＿＿＿
＿＿＿□□□□＿＿＿
□◆□□□□□＿＿◆
□□□□□□□□□＿
□□□□□□□＿□□
□□□□□＿□□□□
□□□□□□□＿□□
□□□□□□□＿□□
＿□□□□□□□□□
＿＿＿□□□□□□□
＿＿＿□□□□□□＿
＿□□□□□□□□□
□□□□□□□□＿□
□□□□□□□＿＿□
□□□□□□□□＿□
□□□□□□□□□＿
□□＿□□□□□□□
00:20:59(37785f):field(37784f)
＿＿＿＿＿＿＿＿＿＿
＿＿＿＿＿＿＿＿＿＿
＿＿＿□□＿＿＿＿＿
■＿＿□□＿＿＿＿＿
■■＿□□□□＿＿＿
□■□□□□□＿＿＿
□□□□□□□□□＿
□□□□□□□＿□□
□□□□□＿□□□□
□□□□□□□＿□□
□□□□□□□＿□□
＿□□□□□□□□□
＿＿＿□□□□□□□
＿＿＿□□□□□□＿
＿□□□□□□□□□
□□□□□□□□＿□
□□□□□□□＿＿□
□□□□□□□□＿□
□□□□□□□□□＿
□□＿□□□□□□□
00:20:59(37799f):field(37798f)
＿＿＿＿＿＿＿＿＿＿
＿＿＿＿＿＿＿＿＿＿
＿＿＿◆◆＿＿＿＿＿
◆＿＿□□＿＿＿＿＿
□◆＿□□◆◆＿＿＿
□□□□□□□＿＿■
□□□□□□□◆□■
□□□□□□□■□□
□□□□□＿□□□□
□□□□□□□＿□□
□□□□□□□＿□□
＿□□□□□□□□□
＿＿＿□□□□□□□
＿＿＿□□□□□□＿
＿□□□□□□□□□
□□□□□□□□＿□
□□□□□□□＿＿□
□□□□□□□□＿□
□□□□□□□□□＿
□□＿□□□□□□□
00:21:00(37813f):field(37812f)
＿＿＿＿＿＿＿＿＿＿
＿＿＿＿＿＿＿＿＿＿
＿＿＿＿■■＿＿＿＿
＿＿＿□□■＿＿＿＿
□＿＿□□■＿＿＿＿
□□◆□□□□＿＿□
□□□□□□□＿□□
□□□□□□□◆□□
□□□□□＿□□□□
□□□□□□□＿□□
□□□□□□□＿□□
＿□□□□□□□□□
＿＿＿□□□□□□□
＿＿＿□□□□□□＿
＿□□□□□□□□□
□□□□□□□□＿□
□□□□□□□＿＿□
□□□□□□□□＿□
□□□□□□□□□＿
□□＿□□□□□□□
00:21:01(37832f):field(37831f)
＿＿＿＿＿＿＿＿＿＿
＿＿＿＿＿＿＿＿＿＿
＿＿＿＿◆◆＿＿＿＿
＿＿＿◆◆◆＿＿＿＿
◆＿＿◆□□＿＿＿＿
◆◆＿□□□◆＿＿◆
□□□□□□◆＿◆◆
□□◆□□□□■□□
□□□□□■□□□□
□□□□□□□＿□□
□□□□□□□＿□□
＿□□□□□□□□□
＿＿＿□□□□□□□
＿＿＿□□□□□□＿
＿□□□□□□□□□
□□□□□□□□＿□
□□□□□□□＿＿□
□□□□□□□□＿□
□□□□□□□□□＿
□□＿□□□□□□□
00:21:01(37844f):field(37843f)
＿＿＿＿＿＿＿＿＿＿
＿＿＿＿＿＿＿＿＿＿
＿＿＿＿＿＿＿＿＿＿
＿＿＿＿＿＿＿＿＿＿
＿＿＿＿◆◆＿＿＿＿
＿＿＿◆□□＿＿＿＿
◆◆□□□□■＿＿＿
□□■□□□◆◆◆◆
□□□□□◆□□□□
□□□□□□□＿□□
□□□□□□□＿□□
＿□□□□□□□□□
＿＿＿□□□□□□□
＿＿＿□□□□□□＿
＿□□□□□□□□□
□□□□□□□□＿□
□□□□□□□＿＿□
□□□□□□□□＿□
□□□□□□□□□＿
□□＿□□□□□□□
00:21:01(37855f):field(37854f)
＿＿＿＿＿＿＿＿＿＿
＿＿＿＿＿＿＿＿＿＿
＿＿＿＿＿＿＿＿＿＿
＿＿＿＿■＿＿＿＿＿
＿＿＿■■＿＿＿＿＿
＿＿＿■□□＿＿＿＿
＿＿□□□□◆＿＿＿
□□□□□□＿＿＿＿
□□□□□＿□□□□
□□□□□□□＿□□
□□□□□□□＿□□
＿□□□□□□□□□
＿＿＿□□□□□□□
＿＿＿□□□□□□＿
＿□□□□□□□□□
□□□□□□□□＿□
□□□□□□□＿＿□
□□□□□□□□＿□
□□□□□□□□□＿
□□＿□□□□□□□
00:21:02(37868f):field(37867f)
＿＿＿＿＿＿＿＿＿＿
＿＿＿＿＿＿＿＿＿＿
＿＿＿＿＿＿＿＿＿＿
＿＿＿＿□＿＿＿＿＿
＿＿＿□□＿＿＿＿＿
■■＿□□□＿＿＿＿
■■□□□□＿＿＿＿
□□□□□□＿＿＿＿
□□□□□＿□□□□
□□□□□□□＿□□
□□□□□□□＿□□
＿□□□□□□□□□
＿＿＿□□□□□□□
＿＿＿□□□□□□＿
＿□□□□□□□□□
□□□□□□□□＿□
□□□□□□□＿＿□
□□□□□□□□＿□
□□□□□□□□□＿
□□＿□□□□□□□
00:21:02(37882f):field(37881f)
＿＿＿＿＿＿＿＿＿＿
＿＿＿＿＿＿＿＿＿＿
＿＿＿＿＿＿＿＿＿＿
＿＿＿＿□＿＿＿＿＿
＿＿＿□□＿＿＿＿＿
□□＿□□□■＿＿＿
□□□□□□■＿＿＿
□□□□□□■■＿＿
□□□□□＿□□□□
□□□□□□□＿□□
□□□□□□□＿□□
＿□□□□□□□□□
＿＿＿□□□□□□□
＿＿＿□□□□□□＿
＿□□□□□□□□□
□□□□□□□□＿□
□□□□□□□＿＿□
□□□□□□□□＿□
□□□□□□□□□＿
□□＿□□□□□□□
00:21:03(37897f):field(37896f)
＿＿＿＿＿＿＿＿＿＿
＿＿＿＿＿＿＿＿＿＿
＿＿＿■■■＿＿＿＿
＿＿＿＿□■＿＿＿＿
＿＿＿□□＿＿＿＿＿
□□＿□□□□＿＿＿
□□□□□□□＿＿＿
□□□□□□□□＿＿
□□□□□＿□□□□
□□□□□□□＿□□
□□□□□□□＿□□
＿□□□□□□□□□
＿＿＿□□□□□□□
＿＿＿□□□□□□＿
＿□□□□□□□□□
□□□□□□□□＿□
□□□□□□□＿＿□
□□□□□□□□＿□
□□□□□□□□□＿
□□＿□□□□□□□
00:21:03(37918f):field(37917f)
＿＿＿＿＿＿＿＿＿＿
＿＿＿＿＿＿＿＿＿＿
＿＿＿□□□＿＿＿＿
＿＿＿＿□□＿＿＿＿
＿＿＿□□＿＿＿＿■
□□＿□□□□＿＿■
□□□□□□□＿＿■
□□□□□□□□＿■
□□□□□＿□□□□
□□□□□□□＿□□
□□□□□□□＿□□
＿□□□□□□□□□
＿＿＿□□□□□□□
＿＿＿□□□□□□＿
＿□□□□□□□□□
□□□□□□□□＿□
□□□□□□□＿＿□
□□□□□□□□＿□
□□□□□□□□□＿
□□＿□□□□□□□
00:21:04(37933f):field(37932f)
＿＿＿＿＿＿＿＿＿＿
＿＿＿＿＿＿＿＿＿＿
＿＿＿□□□＿＿＿＿
＿＿＿＿□□＿＿＿＿
＿＿＿□□＿＿＿■□
□□＿□□□□■■□
□□□□□□□■＿□
□□□□□□□□＿□
□□□□□＿□□□□
□□□□□□□＿□□
□□□□□□□＿□□
＿□□□□□□□□□
＿＿＿□□□□□□□
＿＿＿□□□□□□＿
＿□□□□□□□□□
□□□□□□□□＿□
□□□□□□□＿＿□
□□□□□□□□＿□
□□□□□□□□□＿
□□＿□□□□□□□
00:21:05(37951f):field(37950f)
＿＿＿＿＿＿＿＿＿＿
＿＿＿＿＿＿＿＿＿＿
＿＿＿□□□＿＿＿＿
■■＿＿□□＿＿＿＿
■■＿□□＿＿＿□□
□□＿□□□□□□□
□□□□□□□□＿□
□□□□□□□□＿□
□□□□□＿□□□□
□□□□□□□＿□□
□□□□□□□＿□□
＿□□□□□□□□□
＿＿＿□□□□□□□
＿＿＿□□□□□□＿
＿□□□□□□□□□
□□□□□□□□＿□
□□□□□□□＿＿□
□□□□□□□□＿□
□□□□□□□□□＿
□□＿□□□□□□□
00:21:05(37965f):field(37964f)
＿＿＿＿＿＿＿＿＿＿
＿＿＿＿＿＿＿＿＿＿
＿＿＿□□□＿＿＿＿
□□＿＿□□■■＿＿
□□＿□□■■＿□□
□□＿□□□□□□□
□□□□□□□□＿□
□□□□□□□□＿□
□□□□□＿□□□□
□□□□□□□＿□□
□□□□□□□＿□□
＿□□□□□□□□□
＿＿＿□□□□□□□
＿＿＿□□□□□□＿
＿□□□□□□□□□
□□□□□□□□＿□
□□□□□□□＿＿□
□□□□□□□□＿□
□□□□□□□□□＿
□□＿□□□□□□□
00:21:06(37980f):field(37979f)
＿＿＿＿＿＿＿＿＿＿
＿＿＿＿＿＿＿＿＿＿
■■■□□□＿＿＿＿
□□■＿□□□□＿＿
□□＿□□□□＿□□
□□＿□□□□□□□
□□□□□□□□＿□
□□□□□□□□＿□
□□□□□＿□□□□
□□□□□□□＿□□
□□□□□□□＿□□
＿□□□□□□□□□
＿＿＿□□□□□□□
＿＿＿□□□□□□＿
＿□□□□□□□□□
□□□□□□□□＿□
□□□□□□□＿＿□
□□□□□□□□＿□
□□□□□□□□□＿
□□＿□□□□□□□
00:21:06(37992f):field(37991f)
＿＿＿＿＿＿＿＿＿＿
■■■■＿＿＿＿＿＿
□□□□□□＿＿＿＿
□□□＿□□□□＿＿
□□＿□□□□＿□□
□□＿□□□□□□□
□□□□□□□□＿□
□□□□□□□□＿□
□□□□□＿□□□□
□□□□□□□＿□□
□□□□□□□＿□□
＿□□□□□□□□□
＿＿＿□□□□□□□
＿＿＿□□□□□□＿
＿□□□□□□□□□
□□□□□□□□＿□
□□□□□□□＿＿□
□□□□□□□□＿□
□□□□□□□□□＿
□□＿□□□□□□□
00:21:06(38006f):field(38005f)
＿＿＿＿＿＿＿＿＿＿
□□□□＿＿＿＿＿＿
□□□□□□＿■■■
□□□＿□□□□■＿
□□＿□□□□＿□□
□□＿□□□□□□□
□□□□□□□□＿□
□□□□□□□□＿□
□□□□□＿□□□□
□□□□□□□＿□□
□□□□□□□＿□□
＿□□□□□□□□□
＿＿＿□□□□□□□
＿＿＿□□□□□□＿
＿□□□□□□□□□
□□□□□□□□＿□
□□□□□□□＿＿□
□□□□□□□□＿□
□□□□□□□□□＿
□□＿□□□□□□□
00:21:07(38019f):field(38018f)
＿＿＿＿＿＿＿＿■■
□□□□＿＿＿＿■■
□□□□□□＿□□□
□□□＿□□□□□＿
□□＿□□□□＿□□
□□＿□□□□□□□
□□□□□□□□＿□
□□□□□□□□＿□
□□□□□＿□□□□
□□□□□□□＿□□
□□□□□□□＿□□
＿□□□□□□□□□
＿＿＿□□□□□□□
＿＿＿□□□□□□＿
＿□□□□□□□□□
□□□□□□□□＿□
□□□□□□□＿＿□
□□□□□□□□＿□
□□□□□□□□□＿
□□＿□□□□□□□
00:21:07(38034f):field(38033f)
＿＿＿＿＿＿＿＿◆◆
◆◆◆◆＿■＿■□□
□□□□◆◆■□□□
□□□＿□□□□□＿
□□＿□□□□＿□□
□□＿□□□□□□□
□□□□□□□□＿□
□□□□□□□□＿□
□□□□□＿□□□□
□□□□□□□＿□□
□□□□□□□＿□□
＿□□□□□□□□□
＿＿＿□□□□□□□
＿＿＿□□□□□□＿
＿□□□□□□□□□
□□□□□□□□＿□
□□□□□□□＿＿□
□□□□□□□□＿□
□□□□□□□□□＿
□□＿□□□□□□□
00:21:08(38049f):field(38048f)
＿＿＿＿＿＿＿＿＿＿
＿＿＿■＿□＿◆◆◆
◆◆◆◆■■◆□□□
□□□■□□□□□＿
□□＿□□□□＿□□
□□＿□□□□□□□
□□□□□□□□＿□
□□□□□□□□＿□
□□□□□＿□□□□
□□□□□□□＿□□
□□□□□□□＿□□
＿□□□□□□□□□
＿＿＿□□□□□□□
＿＿＿□□□□□□＿
＿□□□□□□□□□
□□□□□□□□＿□
□□□□□□□＿＿□
□□□□□□□□＿□
□□□□□□□□□＿
□□＿□□□□□□□
00:21:08(38060f):field(38059f)
＿＿＿＿＿＿＿＿＿＿
＿＿■□＿□＿＿＿＿
＿＿＿■◆□＿□□□
□□□□□□□□□＿
□□＿□□□□＿□□
□□＿□□□□□□□
□□□□□□□□＿□
□□□□□□□□＿□
□□□□□＿□□□□
□□□□□□□＿□□
□□□□□□□＿□□
＿□□□□□□□□□
＿＿＿□□□□□□□
＿＿＿□□□□□□＿
＿□□□□□□□□□
□□□□□□□□＿□
□□□□□□□＿＿□
□□□□□□□□＿□
□□□□□□□□□＿
□□＿□□□□□□□
00:21:09(38073f):field(38072f)
＿＿＿■■■■＿＿＿
＿＿□□＿□＿＿＿＿
＿＿＿□＿□＿□□□
□□□□□□□□□＿
□□＿□□□□＿□□
□□＿□□□□□□□
□□□□□□□□＿□
□□□□□□□□＿□
□□□□□＿□□□□
□□□□□□□＿□□
□□□□□□□＿□□
＿□□□□□□□□□
＿＿＿□□□□□□□
＿＿＿□□□□□□＿
＿□□□□□□□□□
□□□□□□□□＿□
□□□□□□□＿＿□
□□□□□□□□＿□
□□□□□□□□□＿
□□＿□□□□□□□
00:21:12(38161f):game end
