00:27:59(50376f):game start
00:28:00(50419f):field(50418f)
＿＿＿＿＿＿＿＿＿＿
＿＿＿＿＿＿＿＿＿＿
＿＿＿＿＿＿＿＿＿＿
＿＿＿＿＿＿＿＿＿＿
＿＿＿＿＿＿＿＿＿＿
＿＿＿＿＿＿＿＿＿＿
＿＿＿＿＿＿＿＿＿＿
＿＿＿＿＿＿＿＿＿＿
＿＿＿＿＿＿＿＿＿＿
＿＿＿＿＿＿＿＿＿＿
＿＿＿＿＿＿＿＿＿＿
＿＿＿＿＿＿＿＿＿＿
＿＿＿＿＿＿＿＿＿＿
＿＿■■■■■■＿＿
＿＿＿＿＿＿＿＿＿＿
＿＿＿＿＿＿＿＿＿＿
＿＿＿＿＿＿＿＿＿＿
＿＿＿＿＿＿＿＿＿＿
＿＿＿＿＿＿＿＿＿＿
＿＿＿＿＿＿＿＿＿＿
00:28:01(50443f):field(50442f)
＿＿＿＿＿＿＿＿＿＿
＿＿＿＿＿＿＿＿＿＿
＿＿＿＿＿＿＿＿＿＿
＿＿＿＿＿＿＿＿＿＿
＿＿＿＿＿＿＿＿＿＿
＿＿＿＿＿＿＿＿＿＿
＿＿＿＿＿＿＿＿＿＿
＿＿＿＿＿＿＿＿＿＿
＿＿＿＿＿＿＿＿＿＿
＿＿＿＿＿＿＿＿＿＿
＿＿＿＿＿＿＿＿＿＿
＿＿＿＿＿＿＿＿＿＿
＿＿＿＿＿＿＿＿＿＿
＿＿◆◆◆◆◆◆＿＿
＿＿＿＿＿＿＿＿＿＿
＿＿＿＿＿＿＿＿＿＿
＿＿＿＿＿＿＿＿＿＿
＿＿＿＿＿＿＿＿＿＿
＿■＿＿＿＿＿＿＿＿
■■■■■■■＿＿＿
00:28:01(50456f):field(50455f)
＿＿＿＿＿＿＿＿＿＿
＿＿＿＿＿＿＿＿＿＿
＿＿＿＿＿＿＿＿＿＿
＿＿＿＿＿＿＿＿＿＿
＿＿＿＿＿＿＿＿＿＿
＿＿＿＿＿＿＿＿＿＿
＿＿＿＿＿＿＿＿＿＿
＿＿＿＿＿＿＿＿＿＿
＿＿＿＿＿＿＿＿＿＿
＿＿＿＿＿＿＿＿＿＿
＿＿＿＿＿＿＿＿＿＿
＿＿＿＿＿＿＿＿＿＿
＿＿＿＿＿＿＿＿＿＿
＿＿＿＿＿＿＿＿＿＿
＿＿＿＿＿＿＿＿＿＿
＿＿＿＿＿＿＿＿＿＿
＿＿＿＿＿＿＿＿＿＿
＿＿＿■■＿＿＿＿＿
＿□＿■■＿＿＿＿＿
□□□□□□□＿＿＿
00:28:02(50468f):field(50467f)
＿＿＿＿＿＿＿＿＿＿
＿＿＿＿＿＿＿＿＿＿
＿＿＿＿＿＿＿＿＿＿
＿＿＿＿＿＿＿＿＿＿
＿＿＿＿＿＿＿＿＿＿
＿＿＿＿＿＿＿＿＿＿
＿＿＿＿＿＿＿＿＿＿
＿＿＿＿＿＿＿＿＿＿
＿＿＿＿＿＿＿＿＿＿
＿＿＿＿＿＿＿＿＿＿
＿＿＿＿＿＿＿＿＿＿
＿＿＿＿＿＿＿＿＿＿
＿＿＿＿＿＿＿＿＿＿
＿＿＿＿＿＿＿＿＿＿
＿＿＿＿＿＿＿＿＿＿
＿＿＿＿＿＿＿＿＿＿
＿＿＿＿■■＿＿＿＿
＿＿＿□□■＿＿＿＿
＿□＿□□■＿＿＿＿
□□□□□□□＿＿＿
00:28:02(50484f):field(50483f)
＿＿＿＿＿＿＿＿＿＿
＿＿＿＿＿＿＿＿＿＿
＿＿＿＿＿＿＿＿＿＿
＿＿＿＿＿＿＿＿＿＿
＿＿＿＿＿＿＿＿＿＿
＿＿＿＿＿＿＿＿＿＿
＿＿＿＿＿＿＿＿＿＿
＿＿＿＿＿＿＿＿＿＿
＿＿＿＿＿＿＿＿＿＿
＿＿＿＿＿＿＿＿＿＿
＿＿＿＿＿＿＿＿＿＿
＿＿＿＿＿＿＿＿＿＿
＿＿＿＿＿＿＿＿＿＿
＿＿＿＿＿＿＿＿＿＿
＿＿＿＿＿＿＿＿＿＿
＿＿＿＿＿＿＿＿＿＿
＿＿＿＿□□＿＿＿＿
＿＿＿□□□■＿＿＿
＿□＿□□□■■＿＿
□□□□□□□■＿＿
00:28:03(50497f):field(50496f)
＿＿＿＿＿＿＿＿＿＿
＿＿＿＿＿＿＿＿＿＿
＿＿＿＿＿＿＿＿＿＿
＿＿＿＿＿＿＿＿＿＿
＿＿＿＿＿＿＿＿＿＿
＿＿＿＿＿＿＿＿＿＿
＿＿＿＿＿＿＿＿＿＿
＿＿＿＿＿＿＿＿＿＿
＿＿＿＿＿＿＿＿＿＿
＿＿＿＿＿＿＿＿＿＿
＿＿＿＿＿＿＿＿＿＿
＿＿＿＿＿＿＿＿＿＿
＿＿＿＿＿＿＿＿＿＿
＿＿＿＿＿＿＿＿＿＿
＿＿＿＿＿＿＿＿＿＿
＿＿＿＿＿＿＿＿＿＿
＿＿■■□□＿＿＿＿
＿＿■□□□□＿＿＿
＿□■□□□□□＿＿
□□□□□□□□＿＿
00:28:03(50510f):field(50509f)
＿＿＿＿＿＿＿＿＿＿
＿＿＿＿＿＿＿＿＿＿
＿＿＿＿＿＿＿＿＿＿
＿＿＿＿＿＿＿＿＿＿
＿＿＿＿＿＿＿＿＿＿
＿＿＿＿＿＿＿＿＿＿
＿＿＿＿＿＿＿＿＿＿
＿＿＿＿＿＿＿＿＿＿
＿＿＿＿＿＿＿＿＿＿
＿＿＿＿＿＿＿＿＿＿
＿＿＿＿＿＿＿＿＿＿
＿＿＿＿＿＿＿＿＿＿
＿＿＿＿＿＿＿＿＿＿
＿＿＿＿＿＿＿＿＿＿
＿＿＿＿＿＿＿＿＿＿
＿＿＿＿＿＿＿＿＿＿
＿■□□□□＿＿＿＿
■■□□□□□＿＿＿
■□□□□□□□＿＿
□□□□□□□□＿＿
00:28:04(50527f):field(50526f)
＿＿＿＿＿＿＿＿＿＿
＿＿＿＿＿＿＿＿＿＿
＿＿＿＿＿＿＿＿＿＿
＿＿＿＿＿＿＿＿＿＿
＿＿＿＿＿＿＿＿＿＿
＿＿＿＿＿＿＿＿＿＿
＿＿＿＿＿＿＿＿＿＿
＿＿＿＿＿＿＿＿＿＿
＿＿＿＿＿＿＿＿＿＿
＿＿＿＿＿＿＿＿＿＿
＿＿＿＿＿＿＿＿＿＿
＿＿＿＿＿＿＿＿＿＿
＿＿＿＿＿＿＿＿＿＿
＿＿＿＿＿＿＿＿＿＿
＿＿＿＿＿＿＿＿＿＿
＿＿＿＿＿＿＿＿＿＿
＿□□□□□＿＿■＿
□□□□□□□＿■＿
□□□□□□□□■＿
□□□□□□□□■＿
00:28:04(50539f):field(50538f)
＿＿＿＿＿＿＿＿＿＿
＿＿＿＿＿＿＿＿＿＿
＿＿＿＿＿＿＿＿＿＿
＿＿＿＿＿＿＿＿＿＿
＿＿＿＿＿＿＿＿＿＿
＿＿＿＿＿＿＿＿＿＿
＿＿＿＿＿＿＿＿＿＿
＿＿＿＿＿＿＿＿＿＿
＿＿＿＿＿＿＿＿＿＿
＿＿＿＿＿＿＿＿＿＿
＿＿＿＿＿＿＿＿＿＿
＿＿＿＿＿＿＿＿＿＿
＿＿＿＿＿＿＿＿＿＿
＿＿＿＿＿＿＿＿＿＿
＿＿＿＿＿＿＿＿＿＿
■■■＿＿＿＿＿＿＿
■□□□□□＿＿□＿
□□□□□□□＿□＿
□□□□□□□□□＿
□□□□□□□□□＿
00:28:05(50552f):field(50551f)
＿＿＿＿＿＿＿＿＿＿
＿＿＿＿＿＿＿＿＿＿
＿＿＿＿＿＿＿＿＿＿
＿＿＿＿＿＿＿＿＿＿
＿＿＿＿＿＿＿＿＿＿
＿＿＿＿＿＿＿＿＿＿
＿＿＿＿＿＿＿＿＿＿
＿＿＿＿＿＿＿＿＿＿
＿＿＿＿＿＿＿＿＿＿
＿＿＿＿＿＿＿＿＿＿
＿＿＿＿＿＿＿＿＿＿
＿＿＿＿＿＿＿＿＿＿
＿＿＿＿＿＿＿＿＿＿
＿＿＿＿＿＿＿＿＿＿
＿＿＿■■＿＿＿＿＿
□□□■■＿＿＿＿＿
□□□□□□＿＿□＿
□□□□□□□＿□＿
□□□□□□□□□＿
□□□□□□□□□＿
00:28:05(50565f):field(50564f)
＿＿＿＿＿＿＿＿＿＿
＿＿＿＿＿＿＿＿＿＿
＿＿＿＿＿＿＿＿＿＿
＿＿＿＿＿＿＿＿＿＿
＿＿＿＿＿＿＿＿＿＿
＿＿＿＿＿＿＿＿＿＿
＿＿＿＿＿＿＿＿＿＿
＿＿＿＿＿＿＿＿＿＿
＿＿＿＿＿＿＿＿＿＿
＿＿＿＿＿＿＿＿＿＿
＿＿＿＿＿＿＿＿＿＿
＿＿＿＿＿＿＿＿＿＿
＿＿＿＿＿＿＿＿＿＿
＿＿＿＿＿＿＿＿＿＿
＿＿＿□□＿＿＿＿＿
□□□□□＿■＿＿＿
□□□□□□■■□＿
□□□□□□□■□＿
□□□□□□□□□＿
□□□□□□□□□＿
00:28:05(50577f):field(50576f)
＿＿＿＿＿＿＿＿＿＿
＿＿＿＿＿＿＿＿＿＿
＿＿＿＿＿＿＿＿＿＿
＿＿＿＿＿＿＿＿＿＿
＿＿＿＿＿＿＿＿＿＿
＿＿＿＿＿＿＿＿＿＿
＿＿＿＿＿＿＿＿＿＿
＿＿＿＿＿＿＿＿＿＿
＿＿＿＿＿＿＿＿＿＿
＿＿＿＿＿＿＿＿＿＿
＿＿＿＿＿＿＿＿＿＿
＿＿＿＿＿＿＿＿＿＿
＿＿＿＿＿＿＿＿＿＿
＿＿＿＿＿＿■＿＿＿
＿＿＿□□■■＿＿＿
□□□□□■□＿＿＿
□□□□□□□□□＿
□□□□□□□□□＿
□□□□□□□□□＿
□□□□□□□□□＿
00:28:06(50590f):field(50589f)
＿＿＿＿＿＿＿＿＿＿
＿＿＿＿＿＿＿＿＿＿
＿＿＿＿＿＿＿＿＿＿
＿＿＿＿＿＿＿＿＿＿
＿＿＿＿＿＿＿＿＿＿
＿＿＿＿＿＿＿＿＿＿
＿＿＿＿＿＿＿＿＿＿
＿＿＿＿＿＿＿＿＿＿
＿＿＿＿＿＿＿＿＿＿
＿＿＿＿＿＿＿＿＿＿
＿＿＿＿＿＿＿＿＿＿
＿＿＿＿＿＿＿＿＿＿
＿＿＿＿＿＿＿＿＿＿
■＿＿＿＿＿□＿＿＿
■■■□□□□＿＿＿
□□□□□□□＿＿＿
□□□□□□□□□＿
□□□□□□□□□＿
□□□□□□□□□＿
□□□□□□□□□＿
00:28:06(50603f):field(50602f)
＿＿＿＿＿＿＿＿＿＿
＿＿＿＿＿＿＿＿＿＿
＿＿＿＿＿＿＿＿＿＿
＿＿＿＿＿＿＿＿＿＿
＿＿＿＿＿＿＿＿＿＿
＿＿＿＿＿＿＿＿＿＿
＿＿＿＿＿＿＿＿＿＿
＿＿＿＿＿＿＿＿＿＿
＿＿＿＿＿＿＿＿＿＿
＿＿＿＿＿＿＿＿＿＿
＿＿＿＿＿＿＿＿＿＿
＿＿＿＿＿＿＿＿＿＿
＿＿＿＿＿■＿＿＿＿
□＿＿■■■□＿＿＿
□□□□□□□＿＿＿
□□□□□□□＿＿＿
□□□□□□□□□＿
□□□□□□□□□＿
□□□□□□□□□＿
□□□□□□□□□＿
00:28:07(50617f):field(50616f)
＿＿＿＿＿＿＿＿＿＿
＿＿＿＿＿＿＿＿＿＿
＿＿＿＿＿＿＿＿＿＿
＿＿＿＿＿＿＿＿＿＿
＿＿＿＿＿＿＿＿＿＿
＿＿＿＿＿＿＿＿＿＿
＿＿＿＿＿＿＿＿＿＿
＿＿＿＿＿＿＿＿＿＿
＿＿＿＿＿＿＿＿＿＿
＿＿＿＿＿＿＿＿＿＿
＿＿＿＿＿＿＿＿＿＿
＿＿＿＿＿＿＿＿＿＿
＿＿＿＿＿□＿＿＿＿
□＿＿□□□□＿＿＿
□□□□□□□■■＿
□□□□□□□■■＿
□□□□□□□□□＿
□□□□□□□□□＿
□□□□□□□□□＿
□□□□□□□□□＿
00:28:07(50635f):field(50634f)
＿＿＿＿＿＿＿＿＿＿
＿＿＿＿＿＿＿＿＿＿
＿＿＿＿＿＿＿＿＿＿
＿＿＿＿＿＿＿＿＿＿
＿＿＿＿＿＿＿＿＿＿
＿＿＿＿＿＿＿＿＿＿
＿＿＿＿＿＿＿＿＿＿
＿＿＿＿＿＿＿＿＿＿
＿＿＿＿＿＿＿＿＿＿
＿＿＿＿＿＿＿＿＿＿
＿＿＿＿＿＿＿＿＿＿
＿＿＿＿＿＿＿＿＿＿
＿＿＿＿＿◆＿＿＿＿
◆＿＿◆◆◆◆＿＿＿
◆◆◆◆◆◆◆◆◆＿
◆◆◆□◆◆◆□◆＿
◆◆◆◆◆□◆◆◆＿
□□◆□□□□◆◆■
□□□□□□□□□＿
□□□□□□□□□＿
00:28:08(50648f):field(50647f)
＿＿＿＿＿＿＿＿＿＿
＿＿＿＿＿＿＿＿＿＿
＿＿＿＿＿＿＿＿＿＿
＿＿＿＿＿＿＿＿＿＿
＿＿＿＿＿＿＿＿＿＿
＿＿＿＿＿＿＿＿＿＿
＿＿＿＿＿＿＿＿＿＿
＿＿＿＿＿＿＿＿＿＿
＿＿＿＿＿＿＿＿＿＿
＿＿＿＿＿＿＿＿＿＿
＿＿＿＿＿＿＿＿＿＿
＿＿＿＿＿＿＿＿＿＿
＿＿＿＿＿＿＿＿＿＿
＿＿＿＿＿＿＿＿＿＿
＿＿＿＿＿＿＿＿＿＿
＿＿＿◆■■＿◆＿＿
＿＿＿■■□＿＿＿＿
□◆＿□□□□＿＿◆
□□□□□□□□□＿
□□□□□□□□□＿
00:28:08(50660f):field(50659f)
＿＿＿＿＿＿＿＿＿＿
＿＿＿＿＿＿＿＿＿＿
＿＿＿＿＿＿＿＿＿＿
＿＿＿＿＿＿＿＿＿＿
＿＿＿＿＿＿＿＿＿＿
＿＿＿＿＿＿＿＿＿＿
＿＿＿＿＿＿＿＿＿＿
＿＿＿＿＿＿＿＿＿＿
＿＿＿＿＿＿＿＿＿＿
＿＿＿＿＿＿＿＿＿＿
＿＿＿＿＿＿＿＿＿＿
＿＿＿＿＿＿＿＿＿＿
＿＿＿＿＿＿＿＿＿＿
＿＿＿＿＿＿＿＿＿＿
＿＿＿＿＿＿＿＿＿＿
＿■＿＿□□＿＿＿＿
■■＿□□□＿＿＿＿
□■＿□□□□＿＿＿
□□□□□□□□□＿
□□□□□□□□□＿
00:28:09(50674f):field(50673f)
＿＿＿＿＿＿＿＿＿＿
＿＿＿＿＿＿＿＿＿＿
＿＿＿＿＿＿＿＿＿＿
＿＿＿＿＿＿＿＿＿＿
＿＿＿＿＿＿＿＿＿＿
＿＿＿＿＿＿＿＿＿＿
＿＿＿＿＿＿＿＿＿＿
＿＿＿＿＿＿＿＿＿＿
＿＿＿＿＿＿＿＿＿＿
＿＿＿＿＿＿＿＿＿＿
＿＿＿＿＿＿＿＿＿＿
＿＿＿＿＿＿＿＿＿＿
＿＿＿＿＿＿＿＿＿＿
＿＿＿＿＿＿＿＿＿＿
＿＿＿＿＿＿＿＿＿＿
＿□＿＿□□＿＿＿＿
□□＿□□□■■＿＿
□□＿□□□□■■＿
□□□□□□□□□＿
□□□□□□□□□＿
00:28:09(50688f):field(50687f)
＿＿＿＿＿＿＿＿＿＿
＿＿＿＿＿＿＿＿＿＿
＿＿＿＿＿＿＿＿＿＿
＿＿＿＿＿＿＿＿＿＿
＿＿＿＿＿＿＿＿＿＿
＿＿＿＿＿＿＿＿＿＿
＿＿＿＿＿＿＿＿＿＿
＿＿＿＿＿＿＿＿＿＿
＿＿＿＿＿＿＿＿＿＿
＿＿＿＿＿＿＿＿＿＿
＿＿＿＿＿＿＿＿＿＿
＿＿＿＿＿＿＿＿＿＿
＿＿＿＿＿＿＿＿＿＿
＿＿＿＿■■＿＿＿＿
＿＿＿＿■■＿＿＿＿
＿□＿＿□□＿＿＿＿
□□＿□□□□□＿＿
□□＿□□□□□□＿
□□□□□□□□□＿
□□□□□□□□□＿
00:28:10(50701f):field(50700f)
＿＿＿＿＿＿＿＿＿＿
＿＿＿＿＿＿＿＿＿＿
＿＿＿＿＿＿＿＿＿＿
＿＿＿＿＿＿＿＿＿＿
＿＿＿＿＿＿＿＿＿＿
＿＿＿＿＿＿＿＿＿＿
＿＿＿＿＿＿＿＿＿＿
＿＿＿＿＿＿＿＿＿＿
＿＿＿＿＿＿＿＿＿＿
＿＿＿＿＿＿＿＿＿＿
＿＿＿＿＿＿＿＿＿＿
＿＿＿＿＿＿＿＿＿＿
＿＿＿＿＿＿＿＿＿＿
＿＿＿＿□□＿＿＿＿
＿＿■＿□□＿＿＿＿
＿□■＿□□＿＿＿＿
□□■□□□□□＿＿
□□■□□□□□□＿
□□□□□□□□□＿
□□□□□□□□□＿
00:28:10(50714f):field(50713f)
＿＿＿＿＿＿＿＿＿＿
＿＿＿＿＿＿＿＿＿＿
＿＿＿＿＿＿＿＿＿＿
＿＿＿＿＿＿＿＿＿＿
＿＿＿＿＿＿＿＿＿＿
＿＿＿＿＿＿＿＿＿＿
＿＿＿＿＿＿＿＿＿＿
＿＿＿＿＿＿＿＿＿＿
＿＿＿＿＿＿＿＿＿＿
＿＿＿＿＿＿＿＿＿＿
＿＿＿＿＿＿＿＿＿＿
＿＿＿＿＿＿＿＿＿＿
＿＿＿＿＿＿＿＿＿＿
＿＿■■□□＿＿＿＿
＿＿□■□□＿＿＿＿
＿□□■□□＿＿＿＿
□□□□□□□□＿＿
□□□□□□□□□＿
□□□□□□□□□＿
□□□□□□□□□＿
00:28:10(50728f):field(50727f)
＿＿＿＿＿＿＿＿＿＿
＿＿＿＿＿＿＿＿＿＿
＿＿＿＿＿＿＿＿＿＿
＿＿＿＿＿＿＿＿＿＿
＿＿＿＿＿＿＿＿＿＿
＿＿＿＿＿＿＿＿＿＿
＿＿＿＿＿＿＿＿＿＿
＿＿＿＿＿＿＿＿＿＿
＿＿＿＿＿＿＿＿＿＿
＿＿＿＿＿＿＿＿＿＿
＿＿＿＿＿＿＿＿＿＿
＿＿＿＿＿＿＿＿＿＿
＿＿＿＿＿＿＿＿＿＿
＿＿□□□□＿＿＿＿
＿＿□□□□＿＿＿＿
＿□□□□□■■■＿
□□□□□□□□■＿
□□□□□□□□□＿
□□□□□□□□□＿
□□□□□□□□□＿
00:28:11(50741f):field(50740f)
＿＿＿＿＿＿＿＿＿＿
＿＿＿＿＿＿＿＿＿＿
＿＿＿＿＿＿＿＿＿＿
＿＿＿＿＿＿＿＿＿＿
＿＿＿＿＿＿＿＿＿＿
＿＿＿＿＿＿＿＿＿＿
＿＿＿＿＿＿＿＿＿＿
＿＿＿＿＿＿＿＿＿＿
＿＿＿＿＿＿＿＿＿＿
＿＿＿＿＿＿＿＿＿＿
＿＿＿＿＿＿＿＿＿＿
＿＿＿■■＿＿＿＿＿
＿＿■■＿＿＿＿＿＿
＿＿□□□□＿＿＿＿
＿＿□□□□＿＿＿＿
＿□□□□□□□□＿
□□□□□□□□□＿
□□□□□□□□□＿
□□□□□□□□□＿
□□□□□□□□□＿
00:28:11(50756f):field(50755f)
＿＿＿＿＿＿＿＿＿＿
＿＿＿＿＿＿＿＿＿＿
＿＿＿＿＿＿＿＿＿＿
＿＿＿＿＿＿＿＿＿＿
＿＿＿＿＿＿＿＿＿＿
＿＿＿＿＿＿＿＿＿＿
＿＿＿＿＿＿＿＿＿＿
＿＿＿＿＿＿＿＿＿＿
＿＿＿＿＿＿＿＿＿＿
＿＿＿＿＿＿＿＿＿＿
＿＿＿＿＿＿＿＿＿＿
＿＿＿□□＿＿＿＿＿
＿＿□□＿＿＿＿＿＿
＿＿□□□□■■＿＿
＿＿□□□□■■＿＿
＿□□□□□□□□＿
□□□□□□□□□＿
□□□□□□□□□＿
□□□□□□□□□＿
□□□□□□□□□＿
00:28:12(50769f):field(50768f)
＿＿＿＿＿＿＿＿＿＿
＿＿＿＿＿＿＿＿＿＿
＿＿＿＿＿＿＿＿＿＿
＿＿＿＿＿＿＿＿＿＿
＿＿＿＿＿＿＿＿＿＿
＿＿＿＿＿＿＿＿＿＿
＿＿＿＿＿＿＿＿＿＿
＿＿＿＿＿＿＿＿＿＿
＿＿＿＿＿＿＿＿＿＿
＿＿＿＿＿＿＿＿＿＿
＿＿＿＿＿＿＿＿＿＿
＿＿＿□□＿＿＿＿＿
＿＿□□＿＿＿＿＿＿
＿■□□□□□□＿＿
■■□□□□□□＿＿
■□□□□□□□□＿
□□□□□□□□□＿
□□□□□□□□□＿
□□□□□□□□□＿
□□□□□□□□□＿
00:28:12(50783f):field(50782f)
＿＿＿＿＿＿＿＿＿＿
＿＿＿＿＿＿＿＿＿＿
＿＿＿＿＿＿＿＿＿＿
＿＿＿＿＿＿＿＿＿＿
＿＿＿＿＿＿＿＿＿＿
＿＿＿＿＿＿＿＿＿＿
＿＿＿＿＿＿＿＿＿＿
＿＿＿＿＿＿＿＿＿＿
＿＿＿＿＿＿＿＿＿＿
＿＿＿＿＿＿＿＿＿＿
＿＿＿＿＿■＿＿＿＿
＿＿＿□□■＿＿＿＿
＿＿□□＿■■＿＿＿
＿□□□□□□□＿＿
□□□□□□□□＿＿
□□□□□□□□□＿
□□□□□□□□□＿
□□□□□□□□□＿
□□□□□□□□□＿
□□□□□□□□□＿
00:28:13(50800f):field(50799f)
＿＿＿＿＿＿＿＿＿＿
＿＿＿＿＿＿＿＿＿＿
＿＿＿＿＿＿＿＿＿＿
＿＿＿＿＿＿＿＿＿＿
＿＿＿＿＿＿＿＿＿＿
＿＿＿＿＿＿＿＿＿＿
＿＿＿＿＿＿＿＿＿＿
＿＿＿＿＿＿＿＿＿＿
＿＿＿＿＿＿＿＿＿＿
＿＿＿＿＿＿＿＿＿＿
＿＿＿＿＿◆＿＿＿＿
＿＿＿◆◆◆＿＿＿＿
＿＿◆◆＿◆◆＿＿＿
＿◆◆◆◆◆◆◆＿＿
◆◆◆◆◆□◆◆＿＿
◆◆□□□□◆◆◆＿
◆◆□□□□□◆□＿
◆□□□□□□□◆＿
□□□□□□□□□＿
□□□□□□□□□＿
00:28:13(50812f):field(50811f)
＿＿＿＿＿＿＿＿＿＿
＿＿＿＿＿＿＿＿＿＿
＿＿＿＿＿＿＿＿＿＿
＿＿＿＿＿＿＿＿＿＿
＿＿＿＿＿＿＿＿＿＿
＿＿＿＿＿＿＿＿＿＿
＿＿＿＿＿＿＿＿＿＿
＿＿＿＿＿＿＿＿＿＿
＿＿＿＿＿＿＿＿＿＿
＿＿＿＿＿＿＿＿＿＿
＿＿＿＿＿＿＿＿＿＿
＿＿＿＿＿＿＿＿＿＿
＿＿＿＿＿＿＿＿＿＿
＿＿＿＿■■＿＿＿＿
＿＿＿■■□＿＿＿＿
＿＿◆□□□＿＿＿＿
＿＿□□◆□□＿◆＿
＿□□□□□□□＿＿
□□□□□□□□◆＿
□□□□□□□□□＿
00:28:14(50829f):field(50828f)
＿＿＿＿＿＿＿＿＿＿
＿＿＿＿＿＿＿＿＿＿
＿＿＿＿＿＿＿＿＿＿
＿＿＿＿＿＿＿＿＿＿
＿＿＿＿＿＿＿＿＿＿
＿＿＿＿＿＿＿＿＿＿
＿＿＿＿＿＿＿＿＿＿
＿＿＿＿＿＿＿＿＿＿
＿＿＿＿＿＿＿＿＿＿
＿＿＿＿＿＿＿＿＿＿
＿＿＿＿＿＿＿＿＿＿
＿＿＿＿＿＿＿＿＿＿
＿＿＿＿＿＿＿＿＿＿
＿＿■■□□＿＿＿＿
＿＿■□□□＿＿＿＿
＿＿■□□□＿＿＿＿
＿＿□□＿□□＿＿＿
＿□□□□□□□＿＿
□□□□□□□□＿＿
□□□□□□□□□＿
00:28:14(50841f):field(50840f)
＿＿＿＿＿＿＿＿＿＿
＿＿＿＿＿＿＿＿＿＿
＿＿＿＿＿＿＿＿＿＿
＿＿＿＿＿＿＿＿＿＿
＿＿＿＿＿＿＿＿＿＿
＿＿＿＿＿＿＿＿＿＿
＿＿＿＿＿＿＿＿＿＿
＿＿＿＿＿＿＿＿＿＿
＿＿＿＿＿＿＿＿＿＿
＿＿＿＿＿＿＿＿＿＿
＿＿＿＿＿＿＿＿＿＿
＿＿＿＿＿＿＿＿＿＿
＿＿＿＿＿＿＿＿＿＿
＿＿□□□□＿＿＿＿
＿＿□□□□＿＿＿＿
＿■□□□□＿＿＿＿
■■□□＿□□＿＿＿
■□□□□□□□＿＿
□□□□□□□□＿＿
□□□□□□□□□＿
00:28:15(50861f):field(50860f)
＿＿＿＿＿＿＿＿＿＿
＿＿＿＿＿＿＿＿＿＿
＿＿＿＿＿＿＿＿＿＿
＿＿＿＿＿＿＿＿＿＿
＿＿＿＿＿＿＿＿＿＿
＿＿＿＿＿＿＿＿＿＿
＿＿＿＿＿＿＿＿＿＿
＿＿＿＿＿＿＿＿＿＿
＿＿＿＿＿＿＿＿＿＿
＿＿＿＿＿＿＿＿＿＿
＿＿＿＿＿＿＿＿＿＿
＿■＿＿＿＿＿＿＿＿
＿■■＿＿＿＿＿＿＿
＿■□□□□＿＿＿＿
＿＿□□□□＿＿＿＿
＿□□□□□＿＿＿＿
□□□□＿□□＿＿＿
□□□□□□□□＿＿
□□□□□□□□＿＿
□□□□□□□□□＿
00:28:15(50873f):field(50872f)
＿＿＿＿＿＿＿＿＿＿
＿＿＿＿＿＿＿＿＿＿
＿＿＿＿＿＿＿＿＿＿
＿＿＿＿＿＿＿＿＿＿
＿＿＿＿＿＿＿＿＿＿
＿＿＿＿＿＿＿＿＿＿
＿＿＿＿＿＿＿＿＿＿
＿＿＿＿＿＿＿＿＿＿
＿＿＿＿＿＿＿＿＿＿
＿＿＿＿＿＿＿＿＿＿
＿＿＿＿＿＿＿＿＿＿
＿□＿■■＿＿＿＿＿
＿□□■■＿＿＿＿＿
＿□□□□□＿＿＿＿
＿＿□□□□＿＿＿＿
＿□□□□□＿＿＿＿
□□□□＿□□＿＿＿
□□□□□□□□＿＿
□□□□□□□□＿＿
□□□□□□□□□＿
00:28:16(50887f):field(50886f)
＿＿＿＿＿＿＿＿＿＿
＿＿＿＿＿＿＿＿＿＿
＿＿＿＿＿＿＿＿＿＿
＿＿＿＿＿＿＿＿＿＿
＿＿＿＿＿＿＿＿＿＿
＿＿＿＿＿＿＿＿＿＿
＿＿＿＿＿＿＿＿＿＿
＿＿＿＿＿＿＿＿＿＿
＿＿＿＿＿＿＿＿＿＿
＿＿＿＿＿＿＿＿＿＿
＿＿＿＿＿＿＿＿＿＿
＿□＿□□＿＿＿＿＿
＿□□□□＿＿＿＿＿
＿□□□□□＿＿＿＿
＿＿□□□□＿＿＿＿
＿□□□□□＿＿＿＿
□□□□＿□□■■＿
□□□□□□□□■＿
□□□□□□□□■＿
□□□□□□□□□＿
00:28:16(50904f):field(50903f)
＿＿＿＿＿＿＿＿＿＿
＿＿＿＿＿＿＿＿＿＿
＿＿＿＿＿＿＿＿＿＿
＿＿＿＿＿＿＿＿＿＿
＿＿＿＿＿＿＿＿＿＿
＿＿＿＿＿＿＿＿＿＿
＿＿＿＿＿＿＿＿＿＿
＿＿＿＿＿＿＿＿＿＿
＿＿＿＿＿＿＿＿＿＿
＿＿＿＿＿＿＿＿＿＿
＿＿＿＿＿＿＿＿＿＿
＿◆＿◆◆＿＿＿＿＿
＿◆◆◆◆＿＿＿＿＿
＿◆◆◆◆◆＿＿＿＿
＿■◆□□◆＿＿＿＿
＿□□□□◆＿＿＿■
◆□□□■□◆◆◆＿
□◆□□□□◆◆◆＿
□□□□□□□◆◆＿
□□□□◆□□□□■
00:28:17(50916f):field(50915f)
＿＿＿＿＿＿＿＿＿＿
＿＿＿＿＿＿＿＿＿＿
＿＿＿＿＿＿＿＿＿＿
＿＿＿＿＿＿＿＿＿＿
＿＿＿＿＿＿＿＿＿＿
＿＿＿＿＿＿＿＿＿＿
＿＿＿＿＿＿＿＿＿＿
＿＿＿＿＿＿＿＿＿＿
＿＿＿＿＿＿＿＿＿＿
＿＿＿＿＿＿＿＿＿＿
＿＿＿＿＿＿＿＿＿＿
＿＿＿＿＿＿＿＿＿＿
＿＿＿＿＿＿＿＿＿＿
＿＿＿＿＿＿＿＿＿＿
＿□＿□□＿＿＿＿＿
＿□□□□＿＿＿＿◆
＿□□□□□＿＿＿■
◆＿□□□□＿＿■■
◆□□□□□◆＿■＿
□□□□＿□□□□□
00:28:17(50928f):field(50927f)
＿＿＿＿＿＿＿＿＿＿
＿＿＿＿＿＿＿＿＿＿
＿＿＿＿＿＿＿＿＿＿
＿＿＿＿＿＿＿＿＿＿
＿＿＿＿＿＿＿＿＿＿
＿＿＿＿＿＿＿＿＿＿
＿＿＿＿＿＿＿＿＿＿
＿＿＿＿＿＿＿＿＿＿
＿＿＿＿＿＿＿＿＿＿
＿＿＿＿＿＿＿＿＿＿
＿＿＿＿＿＿＿＿＿＿
＿＿＿＿＿＿＿＿＿＿
＿＿＿＿＿＿＿＿＿＿
＿＿＿＿＿＿＿＿＿＿
＿□＿□□＿＿＿＿＿
＿□□□□＿＿＿＿＿
＿□□□□□＿■＿□
＿＿□□□□＿■□□
＿□□□□□■■□＿
□□□□＿□□□□□
00:28:18(50945f):field(50944f)
＿＿＿＿＿＿＿＿＿＿
＿＿＿＿＿＿＿＿＿＿
＿＿＿＿＿＿＿＿＿＿
＿＿＿＿＿＿＿＿＿＿
＿＿＿＿＿＿＿＿＿＿
＿＿＿＿＿＿＿＿＿＿
＿＿＿＿＿＿＿＿＿＿
＿＿＿＿＿＿＿＿＿＿
＿＿＿＿＿＿＿＿＿＿
＿＿＿＿＿＿＿＿＿＿
＿＿＿＿＿＿＿＿＿＿
＿＿＿＿＿＿＿＿＿＿
＿＿＿＿＿＿＿＿＿＿
＿■■■＿＿＿＿＿＿
＿□■□□＿＿＿＿＿
＿□□□□＿＿＿＿＿
＿□□□□□＿□＿□
＿＿□□□□＿□□□
＿□□□□□□□□＿
□□□□＿□□□□□
00:28:18(50959f):field(50958f)
＿＿＿＿＿＿＿＿＿＿
＿＿＿＿＿＿＿＿＿＿
＿＿＿＿＿＿＿＿＿＿
＿＿＿＿＿＿＿＿＿＿
＿＿＿＿＿＿＿＿＿＿
＿＿＿＿＿＿＿＿＿＿
＿＿＿＿＿＿＿＿＿＿
＿＿＿＿＿＿＿＿＿＿
＿＿＿＿＿＿＿＿＿＿
＿＿＿＿＿＿＿＿＿＿
＿＿＿＿＿＿＿＿＿＿
＿＿＿＿＿＿＿＿＿＿
＿＿＿＿＿＿＿＿＿＿
＿□□□＿＿＿＿＿＿
＿□□□□＿＿＿■■
＿□□□□＿＿＿■■
＿□□□□□＿□＿□
＿＿□□□□＿□□□
＿□□□□□□□□＿
□□□□＿□□□□□
00:28:19(50971f):field(50970f)
＿＿＿＿＿＿＿＿＿＿
＿＿＿＿＿＿＿＿＿＿
＿＿＿＿＿＿＿＿＿＿
＿＿＿＿＿＿＿＿＿＿
＿＿＿＿＿＿＿＿＿＿
＿＿＿＿＿＿＿＿＿＿
＿＿＿＿＿＿＿＿＿＿
＿＿＿＿＿＿＿＿＿＿
＿＿＿＿＿＿＿＿＿＿
＿＿＿＿＿＿＿＿＿＿
＿＿＿＿＿＿＿＿＿＿
＿＿＿＿＿＿＿＿＿＿
＿＿＿＿＿＿＿＿＿＿
＿□□□＿＿＿＿＿＿
＿□□□□＿■＿□□
＿□□□□＿■＿□□
＿□□□□□■□＿□
＿＿□□□□■□□□
＿□□□□□□□□＿
□□□□＿□□□□□
00:28:19(50984f):field(50983f)
＿＿＿＿＿＿＿＿＿＿
＿＿＿＿＿＿＿＿＿＿
＿＿＿＿＿＿＿＿＿＿
＿＿＿＿＿＿＿＿＿＿
＿＿＿＿＿＿＿＿＿＿
＿＿＿＿＿＿＿＿＿＿
＿＿＿＿＿＿＿＿＿＿
＿＿＿＿＿＿＿＿＿＿
＿＿＿＿＿＿＿＿＿＿
＿＿＿＿＿＿＿＿＿＿
＿＿＿＿＿＿＿＿＿＿
＿＿＿＿＿＿＿＿＿＿
＿＿＿＿＿＿＿＿＿＿
＿□□□■■＿＿＿＿
＿□□□□■□＿□□
＿□□□□■□＿□□
＿□□□□□□□＿□
＿＿□□□□□□□□
＿□□□□□□□□＿
□□□□＿□□□□□
00:28:19(50999f):field(50998f)
＿＿＿＿＿＿＿＿＿＿
＿＿＿＿＿＿＿＿＿＿
＿＿＿＿＿＿＿＿＿＿
＿＿＿＿＿＿＿＿＿＿
＿＿＿＿＿＿＿＿＿＿
＿＿＿＿＿＿＿＿＿＿
＿＿＿＿＿＿＿＿＿＿
＿＿＿＿＿＿＿＿＿＿
＿＿＿＿＿＿＿＿＿＿
＿＿＿＿＿＿＿＿＿＿
＿＿＿＿＿＿＿＿＿＿
＿＿＿＿＿＿＿＿＿＿
＿＿＿＿＿■■＿＿＿
＿□□□□□■■＿＿
＿□□□□□□＿□□
＿□□□□□□＿□□
＿□□□□□□□＿□
＿＿□□□□□□□□
＿□□□□□□□□＿
□□□□＿□□□□□
00:28:20(51011f):field(51010f)
＿＿＿＿＿＿＿＿＿＿
＿＿＿＿＿＿＿＿＿＿
＿＿＿＿＿＿＿＿＿＿
＿＿＿＿＿＿＿＿＿＿
＿＿＿＿＿＿＿＿＿＿
＿＿＿＿＿＿＿＿＿＿
＿＿＿＿＿＿＿＿＿＿
＿＿＿＿＿＿＿＿＿＿
＿＿＿＿＿＿＿＿＿＿
＿＿＿＿＿＿＿＿＿＿
＿＿＿＿＿＿＿＿＿＿
＿＿＿＿■■＿＿＿＿
＿＿＿■■□□＿＿＿
＿□□□□□□□＿＿
＿□□□□□□＿□□
＿□□□□□□＿□□
＿□□□□□□□＿□
＿＿□□□□□□□□
＿□□□□□□□□＿
□□□□＿□□□□□
00:28:21(51030f):field(51029f)
＿＿＿＿＿＿＿＿＿＿
＿＿＿＿＿＿＿＿＿＿
＿＿＿＿＿＿＿＿＿＿
＿＿＿＿＿＿＿＿＿＿
＿＿＿＿＿＿＿＿＿＿
＿＿＿＿＿＿＿＿＿＿
＿＿＿＿＿＿＿＿＿＿
＿＿＿＿＿＿＿＿＿＿
＿＿＿＿＿＿＿＿＿＿
＿＿＿＿＿＿＿＿＿＿
＿＿＿＿＿＿＿＿＿＿
＿＿＿＿□□＿＿＿■
＿＿＿□□□□＿＿■
＿□□□□□□□■■
＿□□□□□□＿□□
＿□□□□□□＿□□
＿□□□□□□□＿□
＿＿□□□□□□□□
＿□□□□□□□□＿
□□□□＿□□□□□
00:28:21(51043f):field(51042f)
＿＿＿＿＿＿＿＿＿＿
＿＿＿＿＿＿＿＿＿＿
＿＿＿＿＿＿＿＿＿＿
＿＿＿＿＿＿＿＿＿＿
＿＿＿＿＿＿＿＿＿＿
＿＿＿＿＿＿＿＿＿＿
＿＿＿＿＿＿＿＿＿＿
＿＿＿＿＿＿＿＿＿＿
＿＿＿＿＿＿＿＿＿＿
＿＿＿＿＿＿＿＿＿＿
＿＿＿＿＿＿＿＿＿＿
＿■＿＿□□＿＿＿□
■■■□□□□＿＿□
＿□□□□□□□□□
＿□□□□□□＿□□
＿□□□□□□＿□□
＿□□□□□□□＿□
＿＿□□□□□□□□
＿□□□□□□□□＿
□□□□＿□□□□□
00:28:21(51057f):field(51056f)
＿＿＿＿＿＿＿＿＿＿
＿＿＿＿＿＿＿＿＿＿
＿＿＿＿＿＿＿＿＿＿
＿＿＿＿＿＿＿＿＿＿
＿＿＿＿＿＿＿＿＿＿
＿＿＿＿＿＿＿＿＿＿
＿＿＿＿＿＿＿＿＿＿
＿＿＿＿＿＿＿＿＿＿
＿＿＿＿＿＿＿＿＿＿
＿＿＿＿＿＿＿＿＿＿
＿＿＿■■■＿＿＿＿
＿□＿■□□＿＿＿□
□□□□□□□＿＿□
＿□□□□□□□□□
＿□□□□□□＿□□
＿□□□□□□＿□□
＿□□□□□□□＿□
＿＿□□□□□□□□
＿□□□□□□□□＿
□□□□＿□□□□□
00:28:22(51069f):field(51068f)
＿＿＿＿＿＿＿＿＿＿
＿＿＿＿＿＿＿＿＿＿
＿＿＿＿＿＿＿＿＿＿
＿＿＿＿＿＿＿＿＿＿
＿＿＿＿＿＿＿＿＿＿
＿＿＿＿＿＿＿＿＿＿
＿＿＿＿＿＿＿＿＿＿
＿＿＿＿＿＿＿＿＿＿
＿＿＿＿＿＿■＿＿＿
＿＿＿＿＿＿■＿＿＿
＿＿＿□□□■＿＿＿
＿□＿□□□■＿＿□
□□□□□□□＿＿□
＿□□□□□□□□□
＿□□□□□□＿□□
＿□□□□□□＿□□
＿□□□□□□□＿□
＿＿□□□□□□□□
＿□□□□□□□□＿
□□□□＿□□□□□
00:28:22(51081f):field(51080f)
＿＿＿＿＿＿＿＿＿＿
＿＿＿＿＿＿＿＿＿＿
＿＿＿＿＿＿＿＿＿＿
＿＿＿＿＿＿＿＿＿＿
＿＿＿＿＿＿＿＿＿＿
＿＿＿＿＿＿＿＿＿＿
＿＿＿＿＿＿＿＿＿＿
＿＿＿＿＿＿＿＿＿＿
＿＿＿＿■■□＿＿＿
＿＿＿＿■■□＿＿＿
＿＿＿□□□□＿＿＿
＿□＿□□□□＿＿□
□□□□□□□＿＿□
＿□□□□□□□□□
＿□□□□□□＿□□
＿□□□□□□＿□□
＿□□□□□□□＿□
＿＿□□□□□□□□
＿□□□□□□□□＿
□□□□＿□□□□□
00:28:23(51100f):field(51099f)
＿＿＿＿＿＿＿＿＿＿
＿＿＿＿＿＿＿＿＿＿
＿＿＿＿＿＿＿＿＿＿
＿＿＿＿＿＿＿＿＿＿
＿＿＿＿＿＿＿＿＿＿
＿＿＿＿＿＿＿＿＿＿
＿＿＿＿＿＿＿＿＿＿
＿＿＿＿＿＿＿＿＿＿
＿＿＿＿□□□＿＿＿
＿＿＿＿□□□＿＿＿
＿＿＿□□□□■＿＿
＿□＿□□□□■■□
□□□□□□□＿■□
＿□□□□□□□□□
＿□□□□□□＿□□
＿□□□□□□＿□□
＿□□□□□□□＿□
＿＿□□□□□□□□
＿□□□□□□□□＿
□□□□＿□□□□□
00:28:23(51113f):field(51112f)
＿＿＿＿＿＿＿＿＿＿
＿＿＿＿＿＿＿＿＿＿
＿＿＿＿＿＿＿＿＿＿
＿＿＿＿＿＿＿＿＿＿
＿＿＿＿＿＿＿＿＿＿
＿＿＿＿＿＿＿＿＿＿
＿＿＿＿＿＿＿＿＿＿
＿＿＿＿＿＿＿＿＿＿
＿＿＿＿□□□＿＿＿
＿■＿＿□□□＿＿＿
■■＿□□□□□＿＿
■□＿□□□□□□□
□□□□□□□＿□□
＿□□□□□□□□□
＿□□□□□□＿□□
＿□□□□□□＿□□
＿□□□□□□□＿□
＿＿□□□□□□□□
＿□□□□□□□□＿
□□□□＿□□□□□
00:28:24(51129f):field(51128f)
＿＿＿＿＿＿＿＿＿＿
＿＿＿＿＿＿＿＿＿＿
＿＿＿＿＿＿＿＿＿＿
＿＿＿＿＿＿＿＿＿＿
＿＿＿＿＿＿＿＿＿＿
＿＿＿＿＿＿＿＿＿＿
＿＿＿＿＿＿＿＿＿＿
＿＿＿＿＿＿＿＿＿＿
＿■■＿□□□＿＿＿
＿□■＿□□□＿＿＿
□□■□□□□□＿＿
□□＿□□□□□□□
□□□□□□□＿□□
＿□□□□□□□□□
＿□□□□□□＿□□
＿□□□□□□＿□□
＿□□□□□□□＿□
＿＿□□□□□□□□
＿□□□□□□□□＿
□□□□＿□□□□□
00:28:24(51142f):field(51141f)
＿＿＿＿＿＿＿＿＿＿
＿＿＿＿＿＿＿＿＿＿
＿＿＿＿＿＿＿＿＿＿
＿＿＿＿＿＿＿＿＿＿
＿＿＿＿＿＿＿＿＿＿
＿＿＿＿＿＿＿＿＿＿
＿＿＿＿＿＿＿＿＿＿
＿＿＿■■＿＿＿＿＿
＿□□■□□□＿＿＿
＿□□■□□□＿＿＿
□□□□□□□□＿＿
□□＿□□□□□□□
□□□□□□□＿□□
＿□□□□□□□□□
＿□□□□□□＿□□
＿□□□□□□＿□□
＿□□□□□□□＿□
＿＿□□□□□□□□
＿□□□□□□□□＿
□□□□＿□□□□□
00:28:25(51159f):field(51158f)
＿＿＿＿＿＿＿＿＿＿
＿＿＿＿＿＿＿＿＿＿
＿＿＿＿＿＿＿＿＿＿
＿＿＿＿＿＿＿＿＿＿
＿＿＿＿＿＿＿＿＿＿
＿＿＿＿＿＿＿＿＿＿
＿＿＿＿＿＿＿＿＿＿
＿＿＿◆◆＿＿＿＿＿
＿◆◆□□◆◆＿＿＿
＿□□□□□□＿＿＿
◆□□□□□□◆■■
□□＿□□□□□□□
□□□□□□□＿□□
＿□□□□□□□□□
＿□□□□□□＿□□
＿□□□□□□＿□□
＿□□□□□□□＿□
＿＿□□□□□□□□
＿□□□□□□□□＿
□□□□＿□□□□□
00:28:25(51171f):field(51170f)
＿＿＿＿＿＿＿＿＿＿
＿＿＿＿＿＿＿＿＿＿
＿＿＿＿＿＿＿＿＿＿
＿＿＿＿＿＿＿＿＿＿
＿＿＿＿＿＿＿＿＿＿
＿＿＿＿＿＿＿＿＿＿
＿＿＿＿＿＿＿＿＿＿
＿＿＿＿＿＿＿■＿＿
＿＿＿□□＿＿■＿＿
＿□□□□□□■＿＿
＿□□□□□□■□□
□□＿□□□□□□□
□□□□□□□＿□□
＿□□□□□□□□□
＿□□□□□□＿□□
＿□□□□□□＿□□
＿□□□□□□□＿□
＿＿□□□□□□□□
＿□□□□□□□□＿
□□□□＿□□□□□
00:28:26(51185f):field(51184f)
＿＿＿＿＿＿＿＿＿＿
＿＿＿＿＿＿＿＿＿＿
＿＿＿＿＿＿＿＿＿＿
＿＿＿＿＿＿＿＿＿＿
＿＿＿＿＿＿＿＿＿＿
＿＿＿＿＿＿＿＿＿＿
＿＿＿＿■＿＿＿＿＿
＿＿＿＿■■＿□＿＿
＿＿＿□□■＿□＿＿
＿□□□□□□□＿＿
＿□□□□□□□□□
□□＿□□□□□□□
□□□□□□□＿□□
＿□□□□□□□□□
＿□□□□□□＿□□
＿□□□□□□＿□□
＿□□□□□□□＿□
＿＿□□□□□□□□
＿□□□□□□□□＿
□□□□＿□□□□□
00:28:26(51201f):field(51200f)
＿＿＿＿＿＿＿＿＿＿
＿＿＿＿＿＿＿＿＿＿
＿＿＿＿＿＿＿＿＿＿
＿＿＿＿＿＿＿＿＿＿
＿＿＿＿＿＿＿＿＿＿
＿＿＿＿＿＿＿＿＿＿
＿＿＿■□＿＿＿＿＿
＿＿■■□□＿□＿＿
＿＿■□□□＿□＿＿
＿□□□□□□□＿＿
＿□□□□□□□□□
□□＿□□□□□□□
□□□□□□□＿□□
＿□□□□□□□□□
＿□□□□□□＿□□
＿□□□□□□＿□□
＿□□□□□□□＿□
＿＿□□□□□□□□
＿□□□□□□□□＿
□□□□＿□□□□□
00:28:27(51214f):field(51213f)
＿＿＿＿＿＿＿＿＿＿
＿＿＿＿＿＿＿＿＿＿
＿＿＿＿＿＿＿＿＿＿
＿＿＿＿＿＿＿＿＿＿
＿＿＿＿＿＿＿＿＿＿
＿＿＿＿＿＿＿＿＿＿
＿＿＿□□■■＿＿＿
＿＿□□□□■□＿＿
＿＿□□□□■□＿＿
＿□□□□□□□＿＿
＿□□□□□□□□□
□□＿□□□□□□□
□□□□□□□＿□□
＿□□□□□□□□□
＿□□□□□□＿□□
＿□□□□□□＿□□
＿□□□□□□□＿□
＿＿□□□□□□□□
＿□□□□□□□□＿
□□□□＿□□□□□
00:28:27(51227f):field(51226f)
＿＿＿＿＿＿＿＿＿＿
＿＿＿＿＿＿＿＿＿＿
＿＿＿＿＿＿＿＿＿＿
＿＿＿＿＿＿＿＿＿＿
＿＿＿＿＿＿＿＿＿＿
＿＿＿＿＿＿＿＿＿＿
＿＿＿□□□□＿＿＿
＿＿□□□□□□＿＿
＿＿□□□□□□■■
＿□□□□□□□■■
＿□□□□□□□□□
□□＿□□□□□□□
□□□□□□□＿□□
＿□□□□□□□□□
＿□□□□□□＿□□
＿□□□□□□＿□□
＿□□□□□□□＿□
＿＿□□□□□□□□
＿□□□□□□□□＿
□□□□＿□□□□□
00:28:28(51246f):field(51245f)
＿＿＿＿＿＿＿＿＿＿
＿＿＿＿＿＿＿＿＿＿
＿＿＿＿＿＿＿＿＿＿
＿＿＿＿＿＿＿＿＿＿
＿＿＿＿＿＿＿＿＿＿
＿＿＿＿＿＿＿＿■＿
＿＿＿□□□□■■＿
＿＿□□□□□□■＿
＿＿□□□□□□□□
＿□□□□□□□□□
＿□□□□□□□□□
□□＿□□□□□□□
□□□□□□□＿□□
＿□□□□□□□□□
＿□□□□□□＿□□
＿□□□□□□＿□□
＿□□□□□□□＿□
＿＿□□□□□□□□
＿□□□□□□□□＿
□□□□＿□□□□□
00:28:28(51264f):field(51263f)
＿＿＿＿＿＿＿＿＿＿
＿＿＿＿＿＿＿＿＿＿
＿＿＿＿＿＿＿＿＿＿
＿＿＿＿＿＿＿＿＿＿
＿＿＿＿＿＿＿＿＿＿
＿＿＿＿＿＿＿＿◆＿
＿＿＿◆◆◆◆◆◆＿
＿＿◆◆◆□◆◆□＿
■■◆□□□□□□◆
■◆□□□□□□□◆
■◆□□□□□□□□
□□＿□□□□□□□
□□□□□□□＿□□
＿□□□□□□□□□
＿□□□□□□＿□□
＿□□□□□□＿□□
＿□□□□□□□＿□
＿＿□□□□□□□□
＿□□□□□□□□＿
□□□□＿□□□□□
00:28:29(51279f):field(51278f)
＿＿＿＿＿＿＿＿＿＿
＿＿＿＿＿＿＿＿＿＿
＿＿＿＿＿＿＿＿＿＿
＿＿＿＿＿＿＿＿＿＿
＿＿＿＿＿＿＿＿＿＿
＿＿＿＿＿＿＿＿＿＿
＿＿＿＿＿＿＿＿＿＿
＿＿＿＿＿◆＿＿◆＿
◆◆＿◆◆◆◆◆□＿
◆■□□□□□□□＿
□■□□□□□□□◆
□□＿□□□□□□□
□□□□□□□＿□□
＿□□□□□□□□□
＿□□□□□□＿□□
＿□□□□□□＿□□
＿□□□□□□□＿□
＿＿□□□□□□□□
＿□□□□□□□□＿
□□□□＿□□□□□
00:28:29(51292f):field(51291f)
＿＿＿＿＿＿＿＿＿＿
＿＿＿＿＿＿＿＿＿＿
＿＿＿＿＿＿＿＿＿＿
＿＿＿＿＿＿＿＿＿＿
＿＿＿＿＿＿＿＿＿＿
＿＿＿＿＿＿＿＿＿＿
＿＿＿＿＿＿＿＿＿＿
＿＿＿＿＿＿＿■■＿
＿＿＿＿＿＿■■□＿
＿□□□□□□□□＿
□□□□□□□□□＿
□□＿□□□□□□□
□□□□□□□＿□□
＿□□□□□□□□□
＿□□□□□□＿□□
＿□□□□□□＿□□
＿□□□□□□□＿□
＿＿□□□□□□□□
＿□□□□□□□□＿
□□□□＿□□□□□
00:28:30(51304f):field(51303f)
＿＿＿＿＿＿＿＿＿＿
＿＿＿＿＿＿＿＿＿＿
＿＿＿＿＿＿＿＿＿＿
＿＿＿＿＿＿＿＿＿＿
＿＿＿＿＿＿＿＿＿＿
＿＿＿＿＿＿＿＿＿＿
＿＿＿＿＿＿＿＿＿＿
＿＿＿＿■■＿□□＿
＿＿＿＿■■□□□＿
＿□□□□□□□□＿
□□□□□□□□□＿
□□＿□□□□□□□
□□□□□□□＿□□
＿□□□□□□□□□
＿□□□□□□＿□□
＿□□□□□□＿□□
＿□□□□□□□＿□
＿＿□□□□□□□□
＿□□□□□□□□＿
□□□□＿□□□□□
00:28:30(51322f):field(51321f)
＿＿＿＿＿＿＿＿＿＿
＿＿＿＿＿＿＿＿＿＿
＿＿＿＿＿＿＿＿＿＿
＿＿＿＿＿＿＿＿＿＿
＿＿＿＿＿＿＿＿＿＿
＿＿＿＿＿■＿＿＿＿
＿＿＿＿＿■■＿＿＿
＿＿＿＿□□■□□＿
＿＿＿＿□□□□□＿
＿□□□□□□□□＿
□□□□□□□□□＿
□□＿□□□□□□□
□□□□□□□＿□□
＿□□□□□□□□□
＿□□□□□□＿□□
＿□□□□□□＿□□
＿□□□□□□□＿□
＿＿□□□□□□□□
＿□□□□□□□□＿
□□□□＿□□□□□
00:28:31(51337f):field(51336f)
＿＿＿＿＿＿＿＿＿＿
＿＿＿＿＿＿＿＿＿＿
＿＿＿＿＿＿＿＿＿＿
＿＿＿＿＿＿＿＿＿＿
＿＿＿＿＿＿＿＿＿＿
＿＿＿＿＿□＿＿＿＿
＿＿＿＿＿□□＿＿＿
＿■＿＿□□□□□＿
■■＿＿□□□□□＿
■□□□□□□□□＿
□□□□□□□□□＿
□□＿□□□□□□□
□□□□□□□＿□□
＿□□□□□□□□□
＿□□□□□□＿□□
＿□□□□□□＿□□
＿□□□□□□□＿□
＿＿□□□□□□□□
＿□□□□□□□□＿
□□□□＿□□□□□
00:28:31(51355f):field(51354f)
＿＿＿＿＿＿＿＿＿＿
＿＿＿＿＿＿＿＿＿＿
＿＿＿＿＿＿＿＿＿＿
＿＿＿＿＿＿＿＿＿＿
＿＿＿＿＿＿＿＿＿＿
＿＿＿＿＿□＿＿＿＿
＿＿＿＿＿□□＿■■
＿□＿＿□□□□□■
□□＿＿□□□□□■
□□□□□□□□□＿
□□□□□□□□□＿
□□＿□□□□□□□
□□□□□□□＿□□
＿□□□□□□□□□
＿□□□□□□＿□□
＿□□□□□□＿□□
＿□□□□□□□＿□
＿＿□□□□□□□□
＿□□□□□□□□＿
□□□□＿□□□□□
00:28:32(51378f):field(51377f)
＿＿＿＿＿＿＿＿＿＿
＿＿＿＿＿＿＿＿＿＿
＿＿＿＿＿＿＿＿＿＿
＿＿＿＿＿＿＿＿＿＿
＿＿＿＿＿＿＿＿＿＿
＿＿＿＿＿□＿＿＿＿
＿＿＿■＿□□＿□□
＿□■■□□□□□□
□□＿■□□□□□□
□□□□□□□□□＿
□□□□□□□□□＿
□□＿□□□□□□□
□□□□□□□＿□□
＿□□□□□□□□□
＿□□□□□□＿□□
＿□□□□□□＿□□
＿□□□□□□□＿□
＿＿□□□□□□□□
＿□□□□□□□□＿
□□□□＿□□□□□
00:28:33(51392f):field(51391f)
＿＿＿＿＿＿＿＿＿＿
＿＿＿＿＿＿＿＿＿＿
＿＿＿＿＿＿＿＿＿＿
＿＿＿＿＿＿＿＿＿＿
＿＿＿＿■■＿＿＿＿
＿＿＿＿■□＿＿＿＿
＿＿＿□■□□＿□□
＿□□□□□□□□□
□□＿□□□□□□□
□□□□□□□□□＿
□□□□□□□□□＿
□□＿□□□□□□□
□□□□□□□＿□□
＿□□□□□□□□□
＿□□□□□□＿□□
＿□□□□□□＿□□
＿□□□□□□□＿□
＿＿□□□□□□□□
＿□□□□□□□□＿
□□□□＿□□□□□
00:28:33(51409f):field(51408f)
＿＿＿＿＿＿＿＿＿＿
＿＿＿＿＿＿＿＿＿＿
＿＿＿＿＿＿＿＿＿＿
＿＿＿＿＿＿＿＿＿＿
＿＿＿＿□□＿＿■■
＿＿＿＿□□＿＿■■
＿＿＿□□□□＿□□
＿□□□□□□□□□
□□＿□□□□□□□
□□□□□□□□□＿
□□□□□□□□□＿
□□＿□□□□□□□
□□□□□□□＿□□
＿□□□□□□□□□
＿□□□□□□＿□□
＿□□□□□□＿□□
＿□□□□□□□＿□
＿＿□□□□□□□□
＿□□□□□□□□＿
□□□□＿□□□□□
00:28:34(51422f):field(51421f)
＿＿＿＿＿＿＿＿＿＿
＿＿＿＿＿＿＿＿＿＿
＿＿＿＿＿＿＿＿＿＿
＿＿＿＿＿＿＿＿＿＿
＿＿＿＿□□＿■□□
＿＿＿＿□□■■□□
＿＿＿□□□□■□□
＿□□□□□□□□□
□□＿□□□□□□□
□□□□□□□□□＿
□□□□□□□□□＿
□□＿□□□□□□□
□□□□□□□＿□□
＿□□□□□□□□□
＿□□□□□□＿□□
＿□□□□□□＿□□
＿□□□□□□□＿□
＿＿□□□□□□□□
＿□□□□□□□□＿
□□□□＿□□□□□
00:28:34(51437f):field(51436f)
＿＿＿＿＿＿＿＿＿＿
＿＿＿＿＿＿＿＿＿＿
＿＿＿＿＿＿＿＿＿＿
＿＿＿＿＿＿＿＿＿＿
＿＿＿＿□□＿□□□
＿＿■■□□□□□□
＿■■□□□□□□□
＿□□□□□□□□□
□□＿□□□□□□□
□□□□□□□□□＿
□□□□□□□□□＿
□□＿□□□□□□□
□□□□□□□＿□□
＿□□□□□□□□□
＿□□□□□□＿□□
＿□□□□□□＿□□
＿□□□□□□□＿□
＿＿□□□□□□□□
＿□□□□□□□□＿
□□□□＿□□□□□
00:28:35(51451f):field(51450f)
＿＿＿＿＿＿＿＿＿＿
＿＿＿＿＿＿＿＿＿＿
＿＿＿＿＿＿＿＿＿＿
＿＿＿＿＿＿■■■＿
＿＿＿＿□□■□□□
＿＿□□□□□□□□
＿□□□□□□□□□
＿□□□□□□□□□
□□＿□□□□□□□
□□□□□□□□□＿
□□□□□□□□□＿
□□＿□□□□□□□
□□□□□□□＿□□
＿□□□□□□□□□
＿□□□□□□＿□□
＿□□□□□□＿□□
＿□□□□□□□＿□
＿＿□□□□□□□□
＿□□□□□□□□＿
□□□□＿□□□□□
00:28:35(51467f):field(51466f)
＿＿＿＿＿＿＿＿＿＿
＿＿＿＿＿＿＿＿＿＿
＿＿＿＿＿＿＿＿＿＿
＿＿＿＿＿■◆◆◆＿
＿＿＿■◆◆◆◆◆◆
＿＿◆□◆◆◆◆◆◆
＿□◆◆◆◆□□□◆
＿□◆◆□□□□□□
□□＿□□□□□□□
□□□□□□□□□＿
□□□□□□□□□＿
□□＿□□□□□□□
□□□□□□□＿□□
＿□□□□□□□□□
＿□□□□□□＿□□
＿□□□□□□＿□□
＿□□□□□□□＿□
＿＿□□□□□□□□
＿□□□□□□□□＿
□□□□＿□□□□□
00:28:36(51485f):field(51484f)
＿＿＿＿＿＿＿＿＿＿
＿＿＿＿＿＿＿＿＿＿
＿＿＿＿＿＿＿＿＿＿
＿＿＿＿＿◆＿＿＿＿
＿＿＿◆＿＿＿＿＿＿
＿＿＿◆＿＿＿＿＿＿
＿◆■＿＿＿◆◆◆＿
＿◆■＿◆◆□□□◆
◆□■◆□□□□□□
□□□□□□□□□＿
□□□□□□□□□＿
□□＿□□□□□□□
□□□□□□□＿□□
＿□□□□□□□□□
＿□□□□□□＿□□
＿□□□□□□＿□□
＿□□□□□□□＿□
＿＿□□□□□□□□
＿□□□□□□□□＿
□□□□＿□□□□□
00:28:36(51497f):field(51496f)
＿＿＿＿＿＿＿＿＿＿
＿＿＿＿＿＿＿＿＿＿
＿＿＿＿＿＿＿＿＿＿
＿＿＿＿＿＿＿＿＿＿
＿＿＿＿＿＿＿＿＿＿
＿＿＿＿＿＿＿＿＿＿
＿＿□＿■＿＿＿＿＿
＿＿□■■＿□□□＿
＿◆□■□□□□□□
□□□□□□□□□＿
□□□□□□□□□＿
□□＿□□□□□□□
□□□□□□□＿□□
＿□□□□□□□□□
＿□□□□□□＿□□
＿□□□□□□＿□□
＿□□□□□□□＿□
＿＿□□□□□□□□
＿□□□□□□□□＿
□□□□＿□□□□□
00:28:37(51511f):field(51510f)
＿＿＿＿＿＿＿＿＿＿
＿＿＿＿＿＿＿＿＿＿
＿＿＿＿＿＿＿＿＿＿
＿＿＿＿＿＿＿＿＿＿
＿＿＿＿＿＿＿＿＿＿
＿＿＿＿＿■＿＿＿＿
＿＿□＿□■■＿＿＿
＿＿□□□■□□□＿
＿＿□□□□□□□□
□□□□□□□□□＿
□□□□□□□□□＿
□□＿□□□□□□□
□□□□□□□＿□□
＿□□□□□□□□□
＿□□□□□□＿□□
＿□□□□□□＿□□
＿□□□□□□□＿□
＿＿□□□□□□□□
＿□□□□□□□□＿
□□□□＿□□□□□
00:28:37(51523f):field(51522f)
＿＿＿＿＿＿＿＿＿＿
＿＿＿＿＿＿＿＿＿＿
＿＿＿＿＿＿＿＿＿＿
＿＿＿＿＿＿＿＿＿＿
＿＿■＿＿＿＿＿＿＿
＿＿■■＿□＿＿＿＿
＿＿□■□□□＿＿＿
＿＿□□□□□□□＿
＿＿□□□□□□□□
□□□□□□□□□＿
□□□□□□□□□＿
□□＿□□□□□□□
□□□□□□□＿□□
＿□□□□□□□□□
＿□□□□□□＿□□
＿□□□□□□＿□□
＿□□□□□□□＿□
＿＿□□□□□□□□
＿□□□□□□□□＿
□□□□＿□□□□□
00:28:37(51536f):field(51535f)
＿＿＿＿＿＿＿＿＿＿
＿＿＿＿＿＿＿＿＿＿
＿＿＿＿＿＿＿＿＿＿
＿＿＿＿＿＿＿＿＿＿
＿＿□＿■■■＿＿＿
＿＿□□■□＿＿＿＿
＿＿□□□□□＿＿＿
＿＿□□□□□□□＿
＿＿□□□□□□□□
□□□□□□□□□＿
□□□□□□□□□＿
□□＿□□□□□□□
□□□□□□□＿□□
＿□□□□□□□□□
＿□□□□□□＿□□
＿□□□□□□＿□□
＿□□□□□□□＿□
＿＿□□□□□□□□
＿□□□□□□□□＿
□□□□＿□□□□□
00:28:38(51553f):field(51552f)
＿＿＿＿＿＿＿＿＿＿
＿＿＿＿＿＿＿＿＿＿
＿＿＿＿＿＿＿＿＿＿
＿＿＿＿＿＿＿＿＿＿
＿＿◆＿◆◆◆＿＿＿
＿＿□◆□□■＿＿＿
＿＿□□□□◆＿＿＿
＿■□□□□□◆◆＿
■■□□□□□□□◆
□□□□□□□□□＿
□□□□□□□□□＿
□□＿□□□□□□□
□□□□□□□＿□□
＿□□□□□□□□□
＿□□□□□□＿□□
＿□□□□□□＿□□
＿□□□□□□□＿□
＿＿□□□□□□□□
＿□□□□□□□□＿
□□□□＿□□□□□
00:28:38(51563f):field(51562f)
＿＿＿＿＿＿＿＿＿＿
＿＿＿＿＿＿＿＿＿＿
＿＿＿＿＿＿＿＿＿＿
＿＿＿＿＿＿＿＿＿＿
＿＿＿＿＿＿＿＿＿＿
＿＿◆＿◆◆◆＿＿＿
＿＿◆◆◆◆＿＿＿＿
＿◆□◆□□□＿＿＿
◆◆□□□□◆◆◆＿
◆□□□□□□◆◆■
□□□□□□□□□■
□□＿□□□□□□□
□□□□□□□＿□□
＿□□□□□□□□□
＿□□□□□□＿□□
＿□□□□□□＿□□
＿□□□□□□□＿□
＿＿□□□□□□□□
＿□□□□□□□□＿
□□□□＿□□□□□
00:28:39(51579f):field(51578f)
＿＿＿＿＿＿＿＿＿＿
＿＿＿＿＿＿＿＿＿＿
＿＿＿＿＿＿＿＿＿＿
＿＿＿＿＿＿＿＿＿＿
＿＿＿＿＿＿＿＿＿＿
＿＿＿＿■■＿＿＿＿
＿＿＿＿■■＿＿＿＿
＿＿□＿□□□＿＿＿
＿＿□□□□＿＿＿＿
＿□□□□□□＿＿□
◆□□□□□□□□□
□□＿□□□□□□□
□□□□□□□＿□□
＿□□□□□□□□□
＿□□□□□□＿□□
＿□□□□□□＿□□
＿□□□□□□□＿□
＿＿□□□□□□□□
＿□□□□□□□□＿
□□□□＿□□□□□
00:28:39(51597f):field(51596f)
＿＿＿＿＿＿＿＿＿＿
＿＿＿＿＿＿＿＿＿＿
＿＿＿＿＿＿＿＿＿＿
＿＿＿＿＿＿＿＿＿＿
＿＿＿＿＿＿＿＿＿＿
＿＿＿＿◆◆＿＿＿＿
＿＿＿＿□□＿＿＿＿
＿＿◆＿□□◆＿＿＿
＿＿□◆□□■＿＿＿
■□□□□□◆＿＿◆
■□□□□□□◆◆□
□□＿□□□□□□□
□□□□□□□＿□□
＿□□□□□□□□□
＿□□□□□□＿□□
＿□□□□□□＿□□
＿□□□□□□□＿□
＿＿□□□□□□□□
＿□□□□□□□□＿
□□□□＿□□□□□
00:28:40(51609f):field(51608f)
＿＿＿＿＿＿＿＿＿＿
＿＿＿＿＿＿＿＿＿＿
＿＿＿＿＿＿＿＿＿＿
＿＿＿＿＿＿＿＿＿＿
＿＿＿＿＿＿＿＿＿＿
＿＿＿＿＿＿＿＿＿＿
＿＿＿■□□＿＿＿＿
＿＿■■□□＿＿＿＿
＿＿□■□□□＿＿＿
□□□□□□＿＿＿＿
□□□□□□□＿＿□
□□＿□□□□□□□
□□□□□□□＿□□
＿□□□□□□□□□
＿□□□□□□＿□□
＿□□□□□□＿□□
＿□□□□□□□＿□
＿＿□□□□□□□□
＿□□□□□□□□＿
□□□□＿□□□□□
00:28:40(51625f):field(51624f)
＿＿＿＿＿＿＿＿＿＿
＿＿＿＿＿＿＿＿＿＿
＿＿＿＿＿＿＿＿＿＿
＿＿＿＿＿＿＿＿＿＿
＿＿＿＿＿＿＿＿＿＿
＿＿＿＿＿＿＿＿＿＿
■＿＿□□□＿＿＿＿
■＿□□□□＿＿＿＿
■■□□□□□＿＿＿
□□□□□□＿＿＿＿
□□□□□□□＿＿□
□□＿□□□□□□□
□□□□□□□＿□□
＿□□□□□□□□□
＿□□□□□□＿□□
＿□□□□□□＿□□
＿□□□□□□□＿□
＿＿□□□□□□□□
＿□□□□□□□□＿
□□□□＿□□□□□
00:28:41(51638f):field(51637f)
＿＿＿＿＿＿＿＿＿＿
＿＿＿＿＿＿＿＿＿＿
＿＿＿＿＿＿＿＿＿＿
＿＿＿＿＿＿＿＿＿＿
＿＿＿＿＿＿＿＿＿＿
＿＿＿＿＿＿＿＿＿＿
□＿＿□□□＿＿＿＿
□＿□□□□■■■■
□□□□□□□＿＿＿
□□□□□□＿＿＿＿
□□□□□□□＿＿□
□□＿□□□□□□□
□□□□□□□＿□□
＿□□□□□□□□□
＿□□□□□□＿□□
＿□□□□□□＿□□
＿□□□□□□□＿□
＿＿□□□□□□□□
＿□□□□□□□□＿
□□□□＿□□□□□
00:28:41(51651f):field(51650f)
＿＿＿＿＿＿＿＿＿＿
＿＿＿＿＿＿＿＿＿＿
＿＿＿＿＿＿＿＿＿＿
＿＿＿＿＿＿＿＿＿＿
＿＿＿■■＿＿＿＿＿
＿＿＿■■＿＿＿＿＿
□＿＿□□□＿＿＿＿
□＿□□□□□□□□
□□□□□□□＿＿＿
□□□□□□＿＿＿＿
□□□□□□□＿＿□
□□＿□□□□□□□
□□□□□□□＿□□
＿□□□□□□□□□
＿□□□□□□＿□□
＿□□□□□□＿□□
＿□□□□□□□＿□
＿＿□□□□□□□□
＿□□□□□□□□＿
□□□□＿□□□□□
00:28:42(51663f):field(51662f)
＿＿＿＿＿＿＿＿＿＿
＿＿＿＿＿＿＿＿＿＿
＿＿＿＿＿＿＿＿＿＿
＿＿＿＿＿＿＿＿＿＿
＿＿＿◆◆＿＿＿＿＿
＿＿＿□□＿＿＿＿＿
◆＿■□□◆＿＿＿＿
□■□□□□◆◆◆◆
□□□□□□□＿＿＿
□□□□□□＿＿＿＿
□□□□□□□＿＿□
□□＿□□□□□□□
□□□□□□□＿□□
＿□□□□□□□□□
＿□□□□□□＿□□
＿□□□□□□＿□□
＿□□□□□□□＿□
＿＿□□□□□□□□
＿□□□□□□□□＿
□□□□＿□□□□□
00:28:42(51682f):field(51681f)
＿＿＿＿＿＿＿＿＿＿
＿＿＿＿＿＿＿＿＿＿
＿＿＿＿＿＿＿＿＿＿
＿＿＿＿＿＿＿＿＿＿
＿＿＿＿＿＿＿＿＿＿
＿＿＿□□■＿＿＿＿
＿＿□□□■■＿＿＿
□□□□□□■＿＿＿
□□□□□□□＿＿＿
□□□□□□＿＿＿＿
□□□□□□□＿＿□
□□＿□□□□□□□
□□□□□□□＿□□
＿□□□□□□□□□
＿□□□□□□＿□□
＿□□□□□□＿□□
＿□□□□□□□＿□
＿＿□□□□□□□□
＿□□□□□□□□＿
□□□□＿□□□□□
00:28:43(51698f):field(51697f)
＿＿＿＿＿＿＿＿＿＿
＿＿＿＿＿＿＿＿＿＿
＿＿＿＿＿＿＿＿＿＿
＿＿＿＿＿＿＿＿＿＿
＿＿＿＿＿＿＿＿＿＿
＿＿＿□□□＿＿＿＿
＿＿□□□□□＿＿■
□□□□□□□＿＿■
□□□□□□□＿＿■
□□□□□□＿＿＿■
□□□□□□□＿＿□
□□＿□□□□□□□
□□□□□□□＿□□
＿□□□□□□□□□
＿□□□□□□＿□□
＿□□□□□□＿□□
＿□□□□□□□＿□
＿＿□□□□□□□□
＿□□□□□□□□＿
□□□□＿□□□□□
00:28:43(51711f):field(51710f)
＿＿＿＿＿＿＿＿＿＿
＿＿＿＿＿＿＿＿＿＿
＿＿＿＿＿＿＿＿＿＿
＿＿＿＿＿＿＿＿＿＿
＿＿＿＿＿＿＿＿＿＿
＿＿＿◆◆◆＿＿＿＿
＿＿◆□□□◆＿＿◆
◆◆□□□□□＿＿□
□□□□□□□＿＿□
□□□□□□＿■■□
□□□□□□□■■□
□□＿□□□□□□□
□□□□□□□＿□□
＿□□□□□□□□□
＿□□□□□□＿□□
＿□□□□□□＿□□
＿□□□□□□□＿□
＿＿□□□□□□□□
＿□□□□□□□□＿
□□□□＿□□□□□
00:28:44(51731f):field(51730f)
＿＿＿＿＿＿＿＿＿＿
＿＿＿＿＿＿＿＿＿＿
＿＿＿＿＿＿＿＿＿＿
＿＿＿＿＿＿＿＿＿＿
＿＿＿＿＿＿＿＿＿＿
＿＿＿＿＿＿＿＿＿＿
＿＿＿□□□＿＿■＿
＿＿□□□□□■■□
□□□□□□□＿■□
□□□□□□＿◆□□
□□□□□□□◆□□
□□＿□□□□□□□
□□□□□□□＿□□
＿□□□□□□□□□
＿□□□□□□＿□□
＿□□□□□□＿□□
＿□□□□□□□＿□
＿＿□□□□□□□□
＿□□□□□□□□＿
□□□□＿□□□□□
00:28:44(51745f):field(51744f)
＿＿＿＿＿＿＿＿＿＿
＿＿＿＿＿＿＿＿＿＿
＿＿＿＿＿＿＿＿＿＿
＿＿＿＿＿＿＿＿＿＿
＿＿＿＿＿＿＿＿＿＿
＿＿＿＿＿■■＿＿＿
＿＿＿□□□■■□＿
＿＿□□□□□□□□
□□□□□□□＿□□
□□□□□□＿＿□□
□□□□□□□＿□□
□□＿□□□□□□□
□□□□□□□＿□□
＿□□□□□□□□□
＿□□□□□□＿□□
＿□□□□□□＿□□
＿□□□□□□□＿□
＿＿□□□□□□□□
＿□□□□□□□□＿
□□□□＿□□□□□
00:28:45(51757f):field(51756f)
＿＿＿＿＿＿＿＿＿＿
＿＿＿＿＿＿＿＿＿＿
＿＿＿＿＿＿＿＿＿＿
＿＿＿＿＿＿＿＿＿＿
＿＿＿＿＿＿＿＿＿＿
＿＿＿＿＿◆◆＿＿＿
＿＿＿◆□□□◆◆＿
＿■□□□□□□□◆
□□□□□□□＿□□
□□□□□□■＿□□
□□□□□□□＿□□
□□＿□□□□□□□
□□□□□□□＿□□
＿□□□□□□□□□
＿□□□□□□＿□□
＿□□□□□□＿□□
＿□□□□□□□＿□
＿＿□□□□□□□□
＿□□□□□□□□＿
□□□□＿□□□□□
00:28:45(51773f):field(51772f)
＿＿＿＿＿＿＿＿＿＿
＿＿＿＿＿＿＿＿＿＿
＿＿＿＿＿＿＿＿＿＿
＿＿＿＿＿＿＿＿＿＿
＿＿＿＿＿＿＿＿＿＿
＿＿＿＿＿＿＿＿＿＿
＿＿＿＿◆□□■■■
＿□□□□□□□□■
□□□□□□□＿□□
□□□□□□◆＿□□
□□□□□□□＿□□
□□＿□□□□□□□
□□□□□□□＿□□
＿□□□□□□□□□
＿□□□□□□＿□□
＿□□□□□□＿□□
＿□□□□□□□＿□
＿＿□□□□□□□□
＿□□□□□□□□＿
□□□□＿□□□□□
00:28:46(51783f):field(51782f)
＿＿＿＿＿＿＿＿＿＿
＿＿＿＿＿＿＿＿＿＿
＿＿＿＿＿＿＿＿＿＿
＿＿＿＿＿＿＿＿＿＿
＿＿＿＿＿＿＿＿＿＿
＿＿＿＿＿＿＿＿＿＿
■＿＿＿＿◆◆□□◆
■□□◆◆□□□□□
□□□□□□□■□□
□□□□□□＿■□□
□□□□□□□＿□□
□□＿□□□□□□□
□□□□□□□＿□□
＿□□□□□□□□□
＿□□□□□□＿□□
＿□□□□□□＿□□
＿□□□□□□□＿□
＿＿□□□□□□□□
＿□□□□□□□□＿
□□□□＿□□□□□
00:28:46(51795f):field(51794f)
＿＿＿＿＿＿＿＿＿＿
＿＿＿＿＿＿＿＿＿＿
＿＿＿＿＿＿＿＿＿＿
＿＿＿＿＿＿＿＿＿＿
＿＿＿＿＿＿＿＿＿＿
＿＿＿＿＿＿＿＿＿＿
◆＿■＿＿＿＿◆◆＿
□□□■＿◆◆◆□□
□□□□□□□◆□□
□□□□□□＿◆□□
□□□□□□□＿□□
□□＿□□□□□□□
□□□□□□□＿□□
＿□□□□□□□□□
＿□□□□□□＿□□
＿□□□□□□＿□□
＿□□□□□□□＿□
＿＿□□□□□□□□
＿□□□□□□□□＿
□□□□＿□□□□□
00:28:46(51809f):field(51808f)
＿＿＿＿＿＿＿＿＿＿
＿＿＿＿＿＿＿＿＿＿
＿＿＿＿＿＿＿＿＿＿
＿＿＿＿＿＿＿＿＿＿
＿＿＿＿＿＿＿＿＿＿
＿＿＿＿■＿＿＿＿＿
＿＿◆■■＿＿＿＿＿
◆◆□□■＿＿＿◆◆
□□□□□□□＿□□
□□□□□□＿＿□□
□□□□□□□＿□□
□□＿□□□□□□□
□□□□□□□＿□□
＿□□□□□□□□□
＿□□□□□□＿□□
＿□□□□□□＿□□
＿□□□□□□□＿□
＿＿□□□□□□□□
＿□□□□□□□□＿
□□□□＿□□□□□
00:28:47(51822f):field(51821f)
＿＿＿＿＿＿＿＿＿＿
＿＿＿＿＿＿＿＿＿＿
＿＿＿＿＿＿＿＿＿＿
＿＿＿＿＿＿＿＿＿＿
＿＿＿＿＿＿＿＿＿＿
＿＿＿＿□＿＿＿＿＿
＿＿＿□□＿＿＿■■
＿＿□□□＿＿＿■■
□□□□□□□＿□□
□□□□□□＿＿□□
□□□□□□□＿□□
□□＿□□□□□□□
□□□□□□□＿□□
＿□□□□□□□□□
＿□□□□□□＿□□
＿□□□□□□＿□□
＿□□□□□□□＿□
＿＿□□□□□□□□
＿□□□□□□□□＿
□□□□＿□□□□□
00:28:47(51834f):field(51833f)
＿＿＿＿＿＿＿＿＿＿
＿＿＿＿＿＿＿＿＿＿
＿＿＿＿＿＿＿＿＿＿
＿＿＿＿＿＿＿＿＿＿
＿＿＿＿＿＿＿＿＿＿
＿＿＿＿◆＿＿＿＿＿
＿＿＿◆□＿＿＿◆◆
＿＿◆□□■＿＿□□
◆◆□□□□□■□□
□□□□□□＿■□□
□□□□□□□＿□□
□□＿□□□□□□□
□□□□□□□＿□□
＿□□□□□□□□□
＿□□□□□□＿□□
＿□□□□□□＿□□
＿□□□□□□□＿□
＿＿□□□□□□□□
＿□□□□□□□□＿
□□□□＿□□□□□
00:28:48(51847f):field(51846f)
＿＿＿＿＿＿＿＿＿＿
＿＿＿＿＿＿＿＿＿＿
＿＿＿＿＿＿＿＿＿＿
＿＿＿＿＿＿＿＿＿＿
＿＿＿＿＿＿＿＿＿＿
＿＿＿＿＿＿＿＿＿＿
＿＿＿＿◆＿＿＿＿＿
＿＿＿◆□□＿＿◆◆
＿■□□□◆◆◆□□
□□□□□□＿◆□□
□□□□□□□■□□
□□＿□□□□□□□
□□□□□□□＿□□
＿□□□□□□□□□
＿□□□□□□＿□□
＿□□□□□□＿□□
＿□□□□□□□＿□
＿＿□□□□□□□□
＿□□□□□□□□＿
□□□□＿□□□□□
00:28:48(51863f):field(51862f)
＿＿＿＿＿＿＿＿＿＿
＿＿＿＿＿＿＿＿＿＿
＿＿＿＿＿＿＿＿＿＿
＿＿＿＿＿＿＿＿＿＿
＿＿＿＿＿＿＿＿＿＿
＿＿＿＿＿＿＿＿＿＿
＿＿＿＿＿＿＿＿＿＿
＿＿＿＿◆◆＿＿＿＿
＿◆◆◆□＿■＿◆◆
◆□□□□□■■□□
□□□□□□□◆□□
□□■□□□□□□□
□□□□□□□＿□□
＿□□□□□□□□□
＿□□□□□□＿□□
＿□□□□□□＿□□
＿□□□□□□□＿□
＿＿□□□□□□□□
＿□□□□□□□□＿
□□□□＿□□□□□
00:28:49(51874f):field(51873f)
＿＿＿＿＿＿＿＿＿＿
＿＿＿＿＿＿＿＿＿＿
＿＿＿＿＿＿＿＿＿＿
＿＿＿＿＿＿＿＿＿＿
＿＿＿＿＿＿＿＿＿＿
＿＿＿＿＿＿＿＿＿＿
＿＿＿＿＿＿＿＿＿＿
＿＿＿＿＿＿＿＿＿＿
＿＿＿＿◆＿◆■＿＿
＿□◆◆□◆◆□◆□
◆□□□□□□■□□
□□◆□□□□□□□
□□□□□□□＿□□
＿□□□□□□□□□
＿□□□□□□＿□□
＿□□□□□□＿□□
＿□□□□□□□＿□
＿＿□□□□□□□□
＿□□□□□□□□＿
□□□□＿□□□□□
00:28:49(51887f):field(51886f)
＿＿＿＿＿＿＿＿＿＿
＿＿＿＿＿＿＿＿＿＿
＿＿＿＿＿＿＿＿＿＿
＿＿＿＿＿＿＿＿＿＿
＿＿＿＿＿＿＿＿＿＿
＿＿＿＿＿＿＿＿＿＿
＿＿＿＿＿＿＿＿＿＿
＿＿＿＿＿■＿＿＿＿
＿＿＿＿＿■＿□＿＿
＿◆＿＿□■■□＿◆
＿□□□□□□□□□
□□＿□□□□□□□
□□□□□□□＿□□
＿□□□□□□□□□
＿□□□□□□＿□□
＿□□□□□□＿□□
＿□□□□□□□＿□
＿＿□□□□□□□□
＿□□□□□□□□＿
□□□□＿□□□□□
00:28:49(51899f):field(51898f)
＿＿＿＿＿＿＿＿＿＿
＿＿＿＿＿＿＿＿＿＿
＿＿＿＿＿＿＿＿＿＿
＿＿＿＿＿＿＿＿＿＿
＿＿＿＿＿＿＿＿＿＿
＿＿＿＿＿＿＿＿＿＿
＿＿＿＿＿＿＿＿＿＿
＿＿＿＿＿□＿＿＿＿
＿＿＿＿＿□＿□■■
＿＿＿＿□□□□■■
＿□□□□□□□□□
□□＿□□□□□□□
□□□□□□□＿□□
＿□□□□□□□□□
＿□□□□□□＿□□
＿□□□□□□＿□□
＿□□□□□□□＿□
＿＿□□□□□□□□
＿□□□□□□□□＿
□□□□＿□□□□□
00:28:50(51912f):field(51911f)
＿＿＿＿＿＿＿＿＿＿
＿＿＿＿＿＿＿＿＿＿
＿＿＿＿＿＿＿＿＿＿
＿＿＿＿＿＿＿＿＿＿
＿＿＿＿＿＿＿＿＿＿
＿＿＿＿＿＿＿＿＿＿
＿＿＿＿＿＿＿＿＿＿
＿＿＿＿＿◆＿＿＿＿
＿＿＿＿＿□＿◆◆◆
■＿＿■◆□◆□□□
■□□◆□□□□□□
□□■□□□□□□□
□□□□□□□■□□
＿□□□□□□□□□
＿□□□□□□＿□□
＿□□□□□□＿□□
＿□□□□□□□＿□
＿＿□□□□□□□□
＿□□□□□□□□＿
□□□□＿□□□□□
00:28:50(51925f):field(51924f)
＿＿＿＿＿＿＿＿＿＿
＿＿＿＿＿＿＿＿＿＿
＿＿＿＿＿＿＿＿＿＿
＿＿＿＿＿＿＿＿＿＿
＿＿＿＿＿＿＿＿＿＿
＿＿＿＿＿＿＿＿＿＿
＿＿＿＿＿＿＿＿＿＿
＿＿＿＿＿＿＿＿＿＿
＿＿＿＿＿◆＿＿＿＿
◆＿＿□＿◆＿◆◆◆
◆□□＿□□◆◆◆◆
□□◆□◆□◆□□□
□□□□□□□□□□
＿□□□□□□□□□
＿□□□□□□＿□□
＿□□□□□□＿□□
＿□□□□□□□＿□
＿＿□□□□□□□□
＿□□□□□□□□＿
□□□□＿□□□□□
00:28:51(51938f):field(51937f)
＿＿＿＿＿＿＿＿＿＿
＿＿＿＿＿＿＿＿＿＿
＿＿＿＿＿＿＿＿＿＿
＿＿＿＿＿＿＿＿＿＿
＿＿＿＿＿＿＿＿＿＿
＿＿＿＿＿＿＿＿＿＿
＿＿＿＿＿＿＿＿＿＿
＿＿＿＿＿＿＿＿＿＿
＿＿＿＿＿＿＿＿＿＿
＿＿＿◆■■＿＿＿＿
＿◆◆＿□□＿＿＿＿
□◆＿□■□＿□□□
□□□□□□□◆□□
＿□□□□□□□□□
＿□□□□□□＿□□
＿□□□□□□＿□□
＿□□□□□□□＿□
＿＿□□□□□□□□
＿□□□□□□□□＿
□□□□＿□□□□□
00:28:51(51949f):field(51948f)
＿＿＿＿＿＿＿＿＿＿
＿＿＿＿＿＿＿＿＿＿
＿＿＿＿＿＿＿＿＿＿
＿＿＿＿＿＿＿＿＿＿
＿＿＿＿＿＿＿＿＿＿
＿＿＿＿＿＿＿＿＿＿
＿＿＿＿＿＿＿＿＿＿
＿＿＿＿＿＿＿＿＿＿
＿＿＿＿＿＿■＿＿＿
＿＿＿＿□□■＿＿＿
＿＿＿＿□□■＿＿＿
□＿＿□□□■□□□
□□□□□□□＿□□
＿□□□□□□□□□
＿□□□□□□＿□□
＿□□□□□□＿□□
＿□□□□□□□＿□
＿＿□□□□□□□□
＿□□□□□□□□＿
□□□□＿□□□□□
00:28:52(51962f):field(51961f)
＿＿＿＿＿＿＿＿＿＿
＿＿＿＿＿＿＿＿＿＿
＿＿＿＿＿＿＿＿＿＿
＿＿＿＿＿＿＿＿＿＿
＿＿＿＿＿＿＿＿＿＿
＿＿＿＿＿＿＿＿＿＿
＿＿＿＿＿＿＿＿＿＿
＿＿＿＿＿＿＿＿＿＿
＿＿＿＿＿＿◆＿＿＿
＿＿＿＿◆◆□＿＿＿
＿＿＿＿□□□＿＿＿
◆■■◆□□□□◆◆
□□□□□□□＿□□
■□□□□□□□□□
＿□□□□□□＿□□
＿□□□□□□＿□□
＿□□□□□□□＿□
＿＿□□□□□□□□
＿□□□□□□□□＿
□□□□＿□□□□□
00:28:52(51974f):field(51973f)
＿＿＿＿＿＿＿＿＿＿
＿＿＿＿＿＿＿＿＿＿
＿＿＿＿＿＿＿＿＿＿
＿＿＿＿＿＿＿＿＿＿
＿＿＿＿＿＿＿＿＿＿
＿＿＿＿＿＿＿＿＿＿
＿＿＿＿＿＿＿＿＿＿
＿＿＿＿■＿＿＿＿＿
＿＿＿＿■＿＿＿＿＿
＿＿＿＿■■□＿＿＿
＿＿＿＿□□□＿＿＿
＿□□＿□□□◆＿＿
□□□□□□□＿□□
◆□□□□□□□□□
＿□□□□□□＿□□
＿□□□□□□＿□□
＿□□□□□□□＿□
＿＿□□□□□□□□
＿□□□□□□□□＿
□□□□＿□□□□□
00:28:52(51986f):field(51985f)
＿＿＿＿＿＿＿＿＿＿
＿＿＿＿＿＿＿＿＿＿
＿＿＿＿＿＿＿＿＿＿
＿＿＿＿＿＿＿＿＿＿
＿＿＿＿＿＿＿＿＿＿
＿＿＿＿＿＿＿＿＿＿
＿＿＿＿＿＿＿＿＿＿
＿＿＿＿□＿＿＿＿＿
＿＿＿＿□＿＿＿＿＿
＿＿＿■□□□＿＿＿
＿＿■■□□□＿＿＿
＿□□■□□□＿＿＿
□□□□□□□＿□□
＿□□□□□□□□□
＿□□□□□□＿□□
＿□□□□□□＿□□
＿□□□□□□□＿□
＿＿□□□□□□□□
＿□□□□□□□□＿
□□□□＿□□□□□
00:28:53(52000f):field(51999f)
＿＿＿＿＿＿＿＿＿＿
＿＿＿＿＿＿＿＿＿＿
＿＿＿＿＿＿＿＿＿＿
＿＿＿＿＿＿＿＿＿＿
＿＿＿＿＿＿＿＿＿＿
＿＿＿＿＿＿＿＿＿＿
＿＿＿＿＿＿＿＿＿＿
＿＿＿＿□＿＿＿＿＿
＿＿＿＿□＿＿＿＿＿
＿■■□□□□＿＿＿
■■□□□□□＿＿＿
＿□□□□□□＿＿＿
□□□□□□□＿□□
＿□□□□□□□□□
＿□□□□□□＿□□
＿□□□□□□＿□□
＿□□□□□□□＿□
＿＿□□□□□□□□
＿□□□□□□□□＿
□□□□＿□□□□□
00:28:53(52014f):field(52013f)
＿＿＿＿＿＿＿＿＿＿
＿＿＿＿＿＿＿＿＿＿
＿＿＿＿＿＿＿＿＿＿
＿＿＿＿＿＿＿＿＿＿
＿＿＿＿＿＿＿＿＿＿
＿＿＿＿＿＿＿＿＿＿
＿＿＿＿＿＿＿＿＿＿
＿＿＿＿◆＿＿＿＿＿
＿＿＿＿□＿＿＿＿＿
＿◆◆◆□◆◆＿＿＿
◆□□□□□□＿＿＿
■□□□□□□＿■＿
◆□□□□□□■□◆
＿□□□□□□□□□
＿□□□□□□■□□
＿□□□□□□＿□□
＿□□□□□□□＿□
＿＿□□□□□□□□
＿□□□□□□□□＿
□□□□＿□□□□□
00:28:54(52027f):field(52026f)
＿＿＿＿＿＿＿＿＿＿
＿＿＿＿＿＿＿＿＿＿
＿＿＿＿＿＿＿＿＿＿
＿＿＿＿＿＿＿＿＿＿
＿＿＿＿＿＿＿＿＿＿
＿＿＿＿＿＿＿＿＿＿
＿＿＿＿＿＿＿＿＿＿
＿＿＿＿＿＿＿＿＿＿
＿＿＿＿□＿＿＿＿＿
＿＿＿＿□＿＿＿＿＿
＿□□□□□□■■■
□□□□□□□■□＿
＿□□□□□□□□＿
＿□□□□□□□□□
＿□□□□□□◆□□
＿□□□□□□＿□□
＿□□□□□□□＿□
＿＿□□□□□□□□
＿□□□□□□□□＿
□□□□＿□□□□□
00:28:54(52039f):field(52038f)
＿＿＿＿＿＿＿＿＿＿
＿＿＿＿＿＿＿＿＿＿
＿＿＿＿＿＿＿＿＿＿
＿＿＿＿＿＿＿＿＿＿
＿＿＿＿＿＿＿＿＿＿
＿＿＿＿＿＿＿＿＿＿
＿＿＿＿＿＿＿＿＿＿
＿＿＿＿＿＿＿＿＿＿
＿＿＿＿□■■＿＿＿
＿＿＿＿□■■＿＿＿
＿□□□□□□□□□
□□□□□□□□□＿
＿□□□□□□□□＿
＿□□□□□□□□□
＿□□□□□□＿□□
＿□□□□□□＿□□
＿□□□□□□□＿□
＿＿□□□□□□□□
＿□□□□□□□□＿
□□□□＿□□□□□
00:28:55(52051f):field(52050f)
＿＿＿＿＿＿＿＿＿＿
＿＿＿＿＿＿＿＿＿＿
＿＿＿＿＿＿＿＿＿＿
＿＿＿＿＿＿＿＿＿＿
＿＿＿＿＿＿＿＿＿＿
＿＿＿＿＿＿＿＿＿＿
＿＿＿＿＿＿＿＿＿＿
＿＿＿＿＿＿＿＿＿＿
＿＿＿＿□□□■＿＿
＿＿＿＿□□□■■■
＿□□□□□□□□□
□□□□□□□□□＿
＿□□□□□□□□＿
＿□□□□□□□□□
＿□□□□□□＿□□
＿□□□□□□＿□□
＿□□□□□□□＿□
＿＿□□□□□□□□
＿□□□□□□□□＿
□□□□＿□□□□□
00:28:55(52067f):field(52066f)
＿＿＿＿＿＿＿＿＿＿
＿＿＿＿＿＿＿＿＿＿
＿＿＿＿＿＿＿＿＿＿
＿＿＿＿＿＿＿＿＿＿
＿＿＿＿＿＿＿＿＿＿
＿＿＿＿＿＿＿＿＿＿
＿＿＿＿＿＿＿■＿＿
＿＿＿＿＿＿＿■■＿
＿＿＿＿□□□□■＿
＿＿＿＿□□□□□□
＿□□□□□□□□□
□□□□□□□□□＿
＿□□□□□□□□＿
＿□□□□□□□□□
＿□□□□□□＿□□
＿□□□□□□＿□□
＿□□□□□□□＿□
＿＿□□□□□□□□
＿□□□□□□□□＿
□□□□＿□□□□□
00:28:56(52080f):field(52079f)
＿＿＿＿＿＿＿＿＿＿
＿＿＿＿＿＿＿＿＿＿
＿＿＿＿＿＿＿＿＿＿
＿＿＿＿＿＿＿＿＿＿
＿＿＿＿＿＿＿＿＿＿
＿＿＿＿＿＿＿＿＿＿
＿＿＿＿＿＿＿◆＿＿
＿＿＿＿＿＿＿□◆＿
■＿＿＿◆◆◆□□＿
■■＿＿□□□□□◆
■◆◆◆□□□□□□
□□□□□□□□□＿
＿□□□□□□□□＿
＿□□□□□□□□□
＿□□□□□□＿□□
＿□□□□□□＿□□
＿□□□□□□□＿□
＿＿□□□□□□□□
＿□□□□□□□□＿
□□□□＿□□□□□
00:28:56(52092f):field(52091f)
＿＿＿＿＿＿＿＿＿＿
＿＿＿＿＿＿＿＿＿＿
＿＿＿＿＿＿＿＿＿＿
＿＿＿＿＿＿＿＿＿＿
＿＿＿＿＿＿＿＿＿＿
＿＿＿＿＿＿＿＿＿＿
＿＿＿＿＿＿＿＿＿＿
＿＿＿＿＿＿＿◆＿＿
◆＿＿＿＿＿＿□◆＿
□◆＿＿◆□◆□□＿
□＿＿■□□□□□◆
□□□□□□□□□＿
＿□□□□□□□□＿
＿□□□□□□□□□
＿□□□□□□＿□□
＿□□□□□□＿□□
＿□□□□□□□＿□
＿＿□□□□□□□□
＿□□□□□□□□＿
□□□□＿□□□□□
00:28:56(52109f):field(52108f)
＿＿＿＿＿＿＿＿＿＿
＿＿＿＿＿＿＿＿＿＿
＿＿＿＿＿＿＿＿＿＿
＿＿＿＿＿＿＿＿＿＿
＿＿＿＿＿＿＿＿＿＿
＿＿＿＿＿＿＿＿＿＿
＿＿＿＿＿＿＿＿＿＿
＿＿＿＿＿＿＿＿＿＿
＿＿＿■＿＿＿□＿＿
□＿■■＿◆＿□□＿
□＿■□□□□□□＿
□□□□□□□□□＿
＿□□□□□□□□＿
＿□□□□□□□□□
＿□□□□□□＿□□
＿□□□□□□＿□□
＿□□□□□□□＿□
＿＿□□□□□□□□
＿□□□□□□□□＿
□□□□＿□□□□□
00:28:57(52120f):field(52119f)
＿＿＿＿＿＿＿＿＿＿
＿＿＿＿＿＿＿＿＿＿
＿＿＿＿＿＿＿＿＿＿
＿＿＿＿＿＿＿＿＿＿
＿＿＿＿＿＿＿＿＿＿
＿＿＿＿＿＿＿＿＿＿
＿＿＿＿＿＿＿＿＿＿
＿＿＿＿＿＿＿＿＿＿
＿＿＿□■■＿□＿＿
□＿□□■■＿□□＿
□＿□□□□□□□＿
□□□□□□□□□＿
＿□□□□□□□□＿
＿□□□□□□□□□
＿□□□□□□＿□□
＿□□□□□□＿□□
＿□□□□□□□＿□
＿＿□□□□□□□□
＿□□□□□□□□＿
□□□□＿□□□□□
00:28:57(52133f):field(52132f)
＿＿＿＿＿＿＿＿＿＿
＿＿＿＿＿＿＿＿＿＿
＿＿＿＿＿＿＿＿＿＿
＿＿＿＿＿＿＿＿＿＿
＿＿＿＿＿＿＿＿＿＿
＿＿＿＿＿＿＿＿＿＿
＿＿＿＿＿＿＿＿＿＿
＿＿＿＿＿＿＿＿＿＿
＿■■□□□＿□＿＿
□■□□□□＿□□＿
□■□□□□□□□＿
□□□□□□□□□＿
＿□□□□□□□□＿
＿□□□□□□□□□
＿□□□□□□＿□□
＿□□□□□□＿□□
＿□□□□□□□＿□
＿＿□□□□□□□□
＿□□□□□□□□＿
□□□□＿□□□□□
00:28:58(52146f):field(52145f)
＿＿＿＿＿＿＿＿＿＿
＿＿＿＿＿＿＿＿＿＿
＿＿＿＿＿＿＿＿＿＿
＿＿＿＿＿＿＿＿＿＿
＿＿＿＿＿＿＿＿＿＿
＿＿＿＿＿＿＿＿＿＿
■＿＿＿＿＿＿＿＿＿
■■＿＿＿＿＿＿＿＿
■□□□□□＿□＿＿
□□□□□□＿□□＿
□□□□□□□□□＿
□□□□□□□□□＿
＿□□□□□□□□＿
＿□□□□□□□□□
＿□□□□□□＿□□
＿□□□□□□＿□□
＿□□□□□□□＿□
＿＿□□□□□□□□
＿□□□□□□□□＿
□□□□＿□□□□□
00:28:58(52158f):field(52157f)
＿＿＿＿＿＿＿＿＿＿
＿＿＿＿＿＿＿＿＿＿
＿＿＿＿＿＿＿＿＿＿
＿＿＿＿＿＿＿＿＿＿
＿＿＿＿＿＿＿＿＿＿
＿＿＿＿＿＿＿＿＿＿
□＿＿＿＿＿■＿＿＿
□□＿＿＿＿■＿＿＿
□□□□□□■□＿＿
□□□□□□■□□＿
□□□□□□□□□＿
□□□□□□□□□＿
＿□□□□□□□□＿
＿□□□□□□□□□
＿□□□□□□＿□□
＿□□□□□□＿□□
＿□□□□□□□＿□
＿＿□□□□□□□□
＿□□□□□□□□＿
□□□□＿□□□□□
00:28:59(52171f):field(52170f)
＿＿＿＿＿＿＿＿＿＿
＿＿＿＿＿＿＿＿＿＿
＿＿＿＿＿＿＿＿＿＿
＿＿＿＿＿＿＿＿＿＿
＿＿＿＿＿＿＿＿＿＿
＿＿＿＿＿＿＿＿＿＿
□■■＿＿＿□＿＿＿
□□■■＿＿□＿＿＿
□□□□□□□□＿＿
□□□□□□□□□＿
□□□□□□□□□＿
□□□□□□□□□＿
＿□□□□□□□□＿
＿□□□□□□□□□
＿□□□□□□＿□□
＿□□□□□□＿□□
＿□□□□□□□＿□
＿＿□□□□□□□□
＿□□□□□□□□＿
□□□□＿□□□□□
00:28:59(52183f):field(52182f)
＿＿＿＿＿＿＿＿＿＿
＿＿＿＿＿＿＿＿＿＿
＿＿＿＿＿＿＿＿＿＿
＿＿＿＿＿＿＿＿＿＿
＿＿＿＿＿＿＿＿＿＿
＿＿＿＿■＿＿＿＿＿
□□□＿■＿□＿＿＿
□□□□■■□＿＿＿
□□□□□□□□＿＿
□□□□□□□□□＿
□□□□□□□□□＿
□□□□□□□□□＿
＿□□□□□□□□＿
＿□□□□□□□□□
＿□□□□□□＿□□
＿□□□□□□＿□□
＿□□□□□□□＿□
＿＿□□□□□□□□
＿□□□□□□□□＿
□□□□＿□□□□□
00:28:59(52197f):field(52196f)
＿＿＿＿＿＿＿＿＿＿
＿＿＿＿＿＿＿＿＿＿
＿＿＿＿＿＿＿＿＿＿
＿＿＿＿＿＿＿＿＿＿
＿＿＿＿＿＿＿＿＿＿
＿＿＿＿□＿＿＿＿＿
□□□＿□＿□■＿＿
□□□□□□□■■＿
□□□□□□□□■＿
□□□□□□□□□＿
□□□□□□□□□＿
□□□□□□□□□＿
＿□□□□□□□□＿
＿□□□□□□□□□
＿□□□□□□＿□□
＿□□□□□□＿□□
＿□□□□□□□＿□
＿＿□□□□□□□□
＿□□□□□□□□＿
□□□□＿□□□□□
00:29:00(52211f):field(52210f)
＿＿＿＿＿＿＿＿＿＿
＿＿＿＿＿＿＿＿＿＿
＿＿＿＿＿＿＿＿＿＿
＿＿＿＿＿＿＿＿＿＿
＿＿＿＿＿＿＿＿＿＿
＿■■■□＿＿＿＿＿
□□□■□＿□□＿＿
□□□□□□□□□＿
□□□□□□□□□＿
□□□□□□□□□＿
□□□□□□□□□＿
□□□□□□□□□＿
＿□□□□□□□□＿
＿□□□□□□□□□
＿□□□□□□＿□□
＿□□□□□□＿□□
＿□□□□□□□＿□
＿＿□□□□□□□□
＿□□□□□□□□＿
□□□□＿□□□□□
00:29:00(52223f):field(52222f)
＿＿＿＿＿＿＿＿＿＿
＿＿＿＿＿＿＿＿＿＿
＿＿＿＿＿＿＿＿＿＿
＿＿＿＿＿＿＿＿＿＿
＿＿＿＿＿■＿＿＿＿
＿□□□□■■＿＿＿
□□□□□■□□＿＿
□□□□□□□□□＿
□□□□□□□□□＿
□□□□□□□□□＿
□□□□□□□□□＿
□□□□□□□□□＿
＿□□□□□□□□＿
＿□□□□□□□□□
＿□□□□□□＿□□
＿□□□□□□＿□□
＿□□□□□□□＿□
＿＿□□□□□□□□
＿□□□□□□□□＿
□□□□＿□□□□□
00:29:01(52237f):field(52236f)
＿＿＿＿＿＿＿＿＿＿
＿＿＿＿＿＿＿＿＿＿
＿＿＿＿＿＿＿＿＿＿
＿■＿＿＿＿＿＿＿＿
■■＿＿＿□＿＿＿＿
■□□□□□□＿＿＿
□□□□□□□□＿＿
□□□□□□□□□＿
□□□□□□□□□＿
□□□□□□□□□＿
□□□□□□□□□＿
□□□□□□□□□＿
＿□□□□□□□□＿
＿□□□□□□□□□
＿□□□□□□＿□□
＿□□□□□□＿□□
＿□□□□□□□＿□
＿＿□□□□□□□□
＿□□□□□□□□＿
□□□□＿□□□□□
00:29:01(52253f):field(52252f)
＿＿＿＿＿＿＿＿＿＿
＿＿＿＿＿＿＿＿＿＿
＿＿＿＿＿＿＿＿＿＿
＿◆＿＿＿＿＿＿＿＿
◆◆＿＿＿◆＿＿＿＿
◆◆◆◆◆◆◆■＿＿
◆□◆◆◆□□◆■＿
□□□□□□□□◆＿
□□□□□□□□□■
□□□□□□□□□＿
□□□□□□□□□■
□□□□□□□□□＿
＿□□□□□□□□＿
＿□□□□□□□□□
＿□□□□□□＿□□
＿□□□□□□＿□□
＿□□□□□□□＿□
＿＿□□□□□□□□
＿□□□□□□□□＿
□□□□＿□□□□□
00:29:02(52264f):field(52263f)
＿＿＿＿＿＿＿＿＿＿
＿＿＿＿＿＿＿＿＿＿
＿＿＿＿＿＿＿＿＿＿
＿＿＿＿＿＿＿＿＿＿
＿＿＿＿＿＿＿＿＿＿
＿＿＿＿＿＿＿◆＿＿
＿□＿＿■□◆＿◆＿
□□◆□□□◆◆＿＿
□□□□□□□◆◆◆
□□□□□□□□□＿
□□□□□□□□□◆
□□□□□□□□□＿
＿□□□□□□□□＿
＿□□□□□□□□□
＿□□□□□□＿□□
＿□□□□□□＿□□
＿□□□□□□□＿□
＿＿□□□□□□□□
＿□□□□□□□□＿
□□□□＿□□□□□
00:29:02(52275f):field(52274f)
＿＿＿＿＿＿＿＿＿＿
＿＿＿＿＿＿＿＿＿＿
＿＿＿＿＿＿＿＿＿＿
＿＿＿＿＿＿＿＿＿＿
＿＿＿＿■■＿＿＿＿
＿＿＿＿■■＿＿＿＿
＿□＿＿□□＿＿＿＿
□□＿□□□＿＿＿＿
□□□□□□□＿＿＿
□□□□□□□□□＿
□□□□□□□□□＿
□□□□□□□□□＿
＿□□□□□□□□＿
＿□□□□□□□□□
＿□□□□□□＿□□
＿□□□□□□＿□□
＿□□□□□□□＿□
＿＿□□□□□□□□
＿□□□□□□□□＿
□□□□＿□□□□□
00:29:02(52289f):field(52288f)
＿＿＿＿＿＿＿＿＿＿
＿＿＿＿＿＿＿＿＿＿
＿＿＿＿＿＿＿＿＿＿
＿＿＿＿＿＿＿＿＿＿
＿＿＿＿◆◆＿＿＿＿
＿＿＿＿◆◆＿＿＿＿
＿◆＿＿□□＿＿＿＿
◆◆＿◆□□＿＿＿＿
◆□◆□□□□＿＿＿
□□◆□□□◆◆◆＿
□□□□□□□□□■
□□□□□□□□□＿
＿□□□□□□□□＿
＿□□□□□□□□□
＿□□□□□□＿□□
＿□□□□□□＿□□
＿□□□□□□□＿□
＿＿□□□□□□□□
＿□□□□□□□□＿
□□□□＿□□□□□
00:29:03(52302f):field(52301f)
＿＿＿＿＿＿＿＿＿＿
＿＿＿＿＿＿＿＿＿＿
＿＿＿＿＿＿＿＿＿＿
＿＿＿＿＿＿＿＿＿＿
＿＿＿＿＿＿＿＿＿＿
＿＿＿＿＿＿＿＿＿＿
＿＿＿＿□□＿＿＿＿
＿＿■＿□□＿＿＿＿
＿□■□□□◆＿＿＿
□□■□□□＿＿＿＿
□□□□□□□□□◆
□□□□□□□□□＿
＿□□□□□□□□＿
＿□□□□□□□□□
＿□□□□□□＿□□
＿□□□□□□＿□□
＿□□□□□□□＿□
＿＿□□□□□□□□
＿□□□□□□□□＿
□□□□＿□□□□□
00:29:03(52314f):field(52313f)
＿＿＿＿＿＿＿＿＿＿
＿＿＿＿＿＿＿＿＿＿
＿＿＿＿＿＿＿＿＿＿
＿＿＿＿＿＿＿＿＿＿
＿＿＿＿＿＿＿＿＿＿
＿＿＿＿＿＿＿＿＿＿
＿■＿＿□□＿＿＿＿
■■□＿□□＿＿＿＿
■□□□□□＿＿＿＿
□□□□□□＿＿＿＿
□□□□□□□□□＿
□□□□□□□□□＿
＿□□□□□□□□＿
＿□□□□□□□□□
＿□□□□□□＿□□
＿□□□□□□＿□□
＿□□□□□□□＿□
＿＿□□□□□□□□
＿□□□□□□□□＿
□□□□＿□□□□□
00:29:04(52327f):field(52326f)
＿＿＿＿＿＿＿＿＿＿
＿＿＿＿＿＿＿＿＿＿
＿＿＿＿＿＿＿＿＿＿
＿＿＿＿＿＿＿＿＿＿
＿＿＿＿＿＿＿＿＿＿
＿＿＿＿＿＿＿＿＿＿
＿□＿＿□□＿＿＿＿
□□□＿□□■＿＿＿
□□□□□□■＿＿＿
□□□□□□■■＿＿
□□□□□□□□□＿
□□□□□□□□□＿
＿□□□□□□□□＿
＿□□□□□□□□□
＿□□□□□□＿□□
＿□□□□□□＿□□
＿□□□□□□□＿□
＿＿□□□□□□□□
＿□□□□□□□□＿
□□□□＿□□□□□
00:29:04(52338f):field(52337f)
＿＿＿＿＿＿＿＿＿＿
＿＿＿＿＿＿＿＿＿＿
＿＿＿＿＿＿＿＿＿＿
＿＿＿＿＿＿＿＿＿＿
＿＿＿＿■■＿＿＿＿
＿＿＿＿■■＿＿＿＿
＿□＿＿□□＿＿＿＿
□□□＿□□□＿＿＿
□□□□□□□＿＿＿
□□□□□□□□＿＿
□□□□□□□□□＿
□□□□□□□□□＿
＿□□□□□□□□＿
＿□□□□□□□□□
＿□□□□□□＿□□
＿□□□□□□＿□□
＿□□□□□□□＿□
＿＿□□□□□□□□
＿□□□□□□□□＿
□□□□＿□□□□□
00:29:05(52352f):field(52351f)
＿＿＿＿＿＿＿＿＿＿
＿＿＿＿＿＿＿＿＿＿
＿＿＿＿＿＿＿＿＿＿
＿＿＿＿＿＿＿＿＿＿
＿＿＿＿◆◆＿＿＿＿
＿＿＿＿□□＿＿＿＿
＿◆＿＿□□＿＿＿＿
◆□◆■□□◆＿＿＿
□□□◆□□□■＿＿
□□□□□□□□＿＿
□□□□□□□□□＿
□□□□□□□□□＿
＿□□□□□□□□＿
＿□□□□□□□□□
＿□□□□□□＿□□
＿□□□□□□＿□□
＿□□□□□□□＿□
＿＿□□□□□□□□
＿□□□□□□□□＿
□□□□＿□□□□□
00:29:05(52365f):field(52364f)
＿＿＿＿＿＿＿＿＿＿
＿＿＿＿＿＿＿＿＿＿
＿＿＿＿＿＿＿＿＿＿
＿＿＿＿＿＿＿＿＿＿
＿＿＿＿＿＿＿＿＿＿
＿＿＿＿□□＿＿＿＿
＿＿＿＿□□＿＿■＿
＿□＿◆□□＿＿■＿
□□□＿□□□□■＿
□□□□□□□□■＿
□□□□□□□□□＿
□□□□□□□□□＿
＿□□□□□□□□＿
＿□□□□□□□□□
＿□□□□□□＿□□
＿□□□□□□＿□□
＿□□□□□□□＿□
＿＿□□□□□□□□
＿□□□□□□□□＿
□□□□＿□□□□□
00:29:05(52377f):field(52376f)
＿＿＿＿＿＿＿＿＿＿
＿＿＿＿＿＿＿＿＿＿
＿＿＿＿＿＿＿＿＿＿
＿＿＿＿＿＿＿＿＿＿
＿＿＿＿＿＿＿＿＿＿
＿＿＿＿□□＿＿＿＿
＿＿＿■□□＿＿□＿
＿□■■□□＿＿□＿
□□□■□□□□□＿
□□□□□□□□□＿
□□□□□□□□□＿
□□□□□□□□□＿
＿□□□□□□□□＿
＿□□□□□□□□□
＿□□□□□□＿□□
＿□□□□□□＿□□
＿□□□□□□□＿□
＿＿□□□□□□□□
＿□□□□□□□□＿
□□□□＿□□□□□
00:29:06(52393f):field(52392f)
＿＿＿＿＿＿＿＿＿＿
＿＿＿＿＿＿＿＿＿＿
＿＿＿＿＿＿＿＿＿＿
＿＿＿＿＿＿＿＿＿＿
＿＿＿＿＿＿＿＿＿＿
＿＿■■□□＿＿＿＿
＿■■□□□＿＿□＿
＿□□□□□＿＿□＿
□□□□□□□□□＿
□□□□□□□□□＿
□□□□□□□□□＿
□□□□□□□□□＿
＿□□□□□□□□＿
＿□□□□□□□□□
＿□□□□□□＿□□
＿□□□□□□＿□□
＿□□□□□□□＿□
＿＿□□□□□□□□
＿□□□□□□□□＿
□□□□＿□□□□□
00:29:07(52413f):field(52412f)
＿＿＿＿＿＿＿＿＿＿
＿＿＿＿＿＿＿＿＿＿
＿＿＿＿＿＿＿＿＿＿
＿＿＿＿＿＿＿＿＿＿
＿＿＿＿＿＿＿＿＿＿
＿＿□□□□＿■＿＿
＿□□□□□■■□＿
＿□□□□□■＿□＿
□□□□□□□□□＿
□□□□□□□□□＿
□□□□□□□□□＿
□□□□□□□□□＿
＿□□□□□□□□＿
＿□□□□□□□□□
＿□□□□□□＿□□
＿□□□□□□＿□□
＿□□□□□□□＿□
＿＿□□□□□□□□
＿□□□□□□□□＿
□□□□＿□□□□□
00:29:07(52425f):field(52424f)
＿＿＿＿＿＿＿＿＿＿
＿＿＿＿＿＿＿＿＿＿
＿＿＿＿＿＿＿＿＿＿
＿＿＿＿＿＿＿＿＿＿
＿＿＿＿■■■＿＿＿
＿＿□□□□■□＿＿
＿□□□□□□□□＿
＿□□□□□□＿□＿
□□□□□□□□□＿
□□□□□□□□□＿
□□□□□□□□□＿
□□□□□□□□□＿
＿□□□□□□□□＿
＿□□□□□□□□□
＿□□□□□□＿□□
＿□□□□□□＿□□
＿□□□□□□□＿□
＿＿□□□□□□□□
＿□□□□□□□□＿
□□□□＿□□□□□
00:29:07(52439f):field(52438f)
＿＿＿＿＿＿＿＿＿＿
＿＿＿＿＿＿＿＿＿＿
＿＿＿＿＿■■＿＿＿
＿＿＿＿＿■■＿＿＿
＿＿＿＿□□□＿＿＿
＿＿□□□□□□＿＿
＿□□□□□□□□＿
＿□□□□□□＿□＿
□□□□□□□□□＿
□□□□□□□□□＿
□□□□□□□□□＿
□□□□□□□□□＿
＿□□□□□□□□＿
＿□□□□□□□□□
＿□□□□□□＿□□
＿□□□□□□＿□□
＿□□□□□□□＿□
＿＿□□□□□□□□
＿□□□□□□□□＿
□□□□＿□□□□□
00:29:08(52454f):field(52453f)
＿＿＿＿＿＿＿＿＿＿
＿＿＿＿＿＿＿＿＿＿
＿＿＿■＿□□＿＿＿
＿＿＿■■□□＿＿＿
＿＿＿■□□□＿＿＿
＿＿□□□□□□＿＿
＿□□□□□□□□＿
＿□□□□□□＿□＿
□□□□□□□□□＿
□□□□□□□□□＿
□□□□□□□□□＿
□□□□□□□□□＿
＿□□□□□□□□＿
＿□□□□□□□□□
＿□□□□□□＿□□
＿□□□□□□＿□□
＿□□□□□□□＿□
＿＿□□□□□□□□
＿□□□□□□□□＿
□□□□＿□□□□□
00:29:08(52469f):field(52468f)
＿＿＿＿＿＿＿＿＿＿
＿＿＿＿＿＿＿＿＿＿
＿＿＿◆＿◆◆＿＿＿
＿＿＿◆◆◆◆＿＿＿
＿＿＿◆◆◆◆＿＿＿
＿＿◆□◆□□◆＿＿
＿◆◆□□□□◆◆＿
＿◆◆□□□□＿◆＿
□◆□□□□□□◆＿
◆□□□□□□□□■
◆□□□□□□□□■
□□□□□□□□□＿
＿□□□□□□□□■
＿□□□□□□□□□
＿□□□□□□＿□□
＿□□□□□□＿□□
＿□□□□□□□＿□
＿＿□□□□□□□□
＿□□□□□□□□＿
□□□□＿□□□□□
00:29:09(52483f):field(52482f)
＿＿＿＿＿＿＿＿＿＿
＿＿＿＿＿＿＿＿＿＿
＿＿＿＿＿＿＿＿＿＿
＿＿＿＿＿＿＿＿＿＿
＿＿＿＿＿＿＿＿＿＿
＿＿＿□＿□□＿＿＿
＿＿＿□□□□＿＿＿
＿＿＿□□□□＿■＿
◆＿□□□□□□■■
＿□□□□□□□□□
＿□□□□□□◆□◆
□□□□□□□□□＿
＿□□□□□□□□□
＿□□□□□□□□□
＿□□□□□□＿□□
＿□□□□□□＿□□
＿□□□□□□□＿□
＿＿□□□□□□□□
＿□□□□□□□□＿
□□□□＿□□□□□
00:29:09(52496f):field(52495f)
＿＿＿＿＿＿＿＿＿＿
＿＿＿＿＿＿＿＿＿＿
＿＿＿＿＿＿＿＿＿＿
＿＿＿＿＿＿＿＿＿＿
＿＿＿＿■■■＿＿＿
＿＿＿□■□□＿＿＿
＿＿＿□□□□＿＿＿
＿＿＿□□□□＿□＿
＿＿□□□□□□□□
＿□□□□□□□□□
＿□□□□□□＿□＿
□□□□□□□□□＿
＿□□□□□□□□□
＿□□□□□□□□□
＿□□□□□□＿□□
＿□□□□□□＿□□
＿□□□□□□□＿□
＿＿□□□□□□□□
＿□□□□□□□□＿
□□□□＿□□□□□
00:29:10(52510f):field(52509f)
＿＿＿＿＿＿＿＿＿＿
＿＿＿＿＿＿＿＿＿＿
＿＿＿＿＿■■＿＿＿
＿＿＿＿＿■■＿＿＿
＿＿＿＿□□□＿＿＿
＿＿＿□□□□＿＿＿
＿＿＿□□□□＿＿＿
＿＿＿□□□□＿□＿
＿＿□□□□□□□□
＿□□□□□□□□□
＿□□□□□□＿□＿
□□□□□□□□□＿
＿□□□□□□□□□
＿□□□□□□□□□
＿□□□□□□＿□□
＿□□□□□□＿□□
＿□□□□□□□＿□
＿＿□□□□□□□□
＿□□□□□□□□＿
□□□□＿□□□□□
00:29:10(52525f):field(52524f)
＿＿＿＿＿＿＿＿＿＿
＿＿＿＿＿＿＿＿＿＿
＿＿＿＿＿◆◆＿＿＿
＿＿＿＿＿◆◆＿＿＿
＿＿＿＿◆□□＿＿＿
＿＿＿◆◆□□＿＿＿
＿＿＿◆□□□＿＿＿
＿■＿□□□□＿◆■
＿＿□□□□□□◆◆
■□□□□□□◆□◆
■□□□□□□＿□＿
□□□□□□□□□＿
＿□□□□□□□□□
＿□□□□□□□□□
＿□□□□□□＿□□
＿□□□□□□＿□□
＿□□□□□□□＿□
＿＿□□□□□□□□
＿□□□□□□□□＿
□□□□＿□□□□□
00:29:11(52539f):field(52538f)
＿＿＿＿＿＿＿＿＿＿
＿＿＿＿＿＿＿＿＿＿
＿＿＿＿＿＿＿＿＿＿
＿＿＿＿＿＿＿＿＿＿
＿＿＿＿＿□□＿＿＿
＿＿＿＿＿□□＿＿＿
＿＿＿＿□□□＿＿＿
＿◆＿□□□□＿＿◆
■■◆□□□□◆＿＿
□□□□□□□＿□＿
◆□□□□□□＿□＿
□□□□□□□□□＿
＿□□□□□□□□□
＿□□□□□□□□□
＿□□□□□□＿□□
＿□□□□□□＿□□
＿□□□□□□□＿□
＿＿□□□□□□□□
＿□□□□□□□□＿
□□□□＿□□□□□
00:29:11(52554f):field(52553f)
＿＿＿＿＿＿＿＿＿＿
＿＿＿＿＿＿＿＿＿＿
＿＿＿＿＿＿＿＿＿＿
＿＿＿＿＿＿＿＿＿＿
＿＿＿＿＿□□＿＿＿
＿＿＿＿＿□□＿＿＿
＿＿＿＿□□□＿＿＿
＿＿＿□□□□■＿＿
□□＿□□□□■＿＿
□□□□□□□■□＿
＿□□□□□□■□＿
□□□□□□□□□＿
＿□□□□□□□□□
＿□□□□□□□□□
＿□□□□□□＿□□
＿□□□□□□＿□□
＿□□□□□□□＿□
＿＿□□□□□□□□
＿□□□□□□□□＿
□□□□＿□□□□□
00:29:12(52567f):field(52566f)
＿＿＿＿＿＿＿＿＿＿
＿＿＿＿＿＿＿＿＿＿
＿＿＿＿＿＿＿＿＿＿
＿＿＿＿＿＿＿＿＿＿
＿＿＿＿＿□□＿＿＿
＿＿＿＿＿□□＿＿＿
＿■＿＿□□□＿＿＿
＿■■□□□□□＿＿
□□■□□□□□＿＿
□□□□□□□□□＿
＿□□□□□□□□＿
□□□□□□□□□＿
＿□□□□□□□□□
＿□□□□□□□□□
＿□□□□□□＿□□
＿□□□□□□＿□□
＿□□□□□□□＿□
＿＿□□□□□□□□
＿□□□□□□□□＿
□□□□＿□□□□□
00:29:12(52583f):field(52582f)
＿＿＿＿＿＿＿＿＿＿
＿＿＿＿＿＿＿＿＿＿
＿＿＿＿＿＿＿＿＿＿
＿＿＿＿＿＿＿＿＿＿
＿＿＿＿＿◆◆＿＿＿
＿＿＿＿＿◆◆＿＿＿
＿◆＿＿◆□□＿＿＿
＿◆◆◆□□□□＿＿
◆□◆◆□□□□■＿
◆□□□□□□□◆＿
＿□□□□□□□□■
□□□□□□□□□＿
＿□□□□□□□□□
＿□□□□□□□□□
＿□□□□□□＿□□
＿□□□□□□＿□□
＿□□□□□□□＿□
＿＿□□□□□□□□
＿□□□□□□□□＿
□□□□＿□□□□□
00:29:13(52597f):field(52596f)
＿＿＿＿＿＿＿＿＿＿
＿＿＿＿＿＿＿＿＿＿
＿＿＿＿＿＿＿＿＿＿
＿＿＿＿＿＿＿＿＿＿
＿＿＿＿＿＿＿＿＿＿
＿＿＿＿＿＿＿＿＿＿
＿＿＿＿＿□□＿＿＿
＿＿■■◆□□◆＿＿
＿□■■□□□◆◆＿
＿□□□□□□□＿＿
＿□□□□□□□□□
□□□□□□□□□＿
＿□□□□□□□□□
＿□□□□□□□□□
＿□□□□□□＿□□
＿□□□□□□＿□□
＿□□□□□□□＿□
＿＿□□□□□□□□
＿□□□□□□□□＿
□□□□＿□□□□□
00:29:13(52609f):field(52608f)
＿＿＿＿＿＿＿＿＿＿
＿＿＿＿＿＿＿＿＿＿
＿＿＿＿＿＿＿＿＿＿
＿＿＿＿＿＿＿＿＿＿
＿＿＿＿＿＿＿＿＿＿
＿＿＿＿■＿＿＿＿＿
＿＿＿■■□□＿＿＿
＿＿□□■□□＿＿＿
＿□□□□□□＿＿＿
＿□□□□□□□＿＿
＿□□□□□□□□□
□□□□□□□□□＿
＿□□□□□□□□□
＿□□□□□□□□□
＿□□□□□□＿□□
＿□□□□□□＿□□
＿□□□□□□□＿□
＿＿□□□□□□□□
＿□□□□□□□□＿
□□□□＿□□□□□
00:29:14(52627f):field(52626f)
＿＿＿＿＿＿＿＿＿＿
＿＿＿＿＿＿＿＿＿＿
＿＿＿＿＿＿＿＿＿＿
＿＿＿＿＿＿＿＿＿＿
＿＿＿＿＿＿＿＿＿＿
＿＿＿＿□＿＿＿＿＿
＿＿＿□□□□＿＿＿
■■□□□□□＿＿＿
■□□□□□□＿＿＿
■□□□□□□□＿＿
＿□□□□□□□□□
□□□□□□□□□＿
＿□□□□□□□□□
＿□□□□□□□□□
＿□□□□□□＿□□
＿□□□□□□＿□□
＿□□□□□□□＿□
＿＿□□□□□□□□
＿□□□□□□□□＿
□□□□＿□□□□□
00:29:14(52639f):field(52638f)
＿＿＿＿＿＿＿＿＿＿
＿＿＿＿＿＿＿＿＿＿
＿＿＿＿＿＿＿＿＿＿
＿＿＿＿＿＿＿＿＿＿
＿＿＿＿＿＿＿＿＿＿
＿＿＿＿◆＿＿＿＿＿
＿＿＿◆□◆◆＿＿＿
◆◆◆□□□□＿＿＿
□□□□□□□＿＿＿
□□□□□□□□■＿
＿□□□□□□□□□
□□□□□□□□□＿
＿□□□□□□□□□
＿□□□□□□□□□
＿□□□□□□＿□□
＿□□□□□□＿□□
＿□□□□□□□＿□
＿＿□□□□□□□□
＿□□□□□□□□＿
□□□□＿□□□□□
00:29:15(52656f):field(52655f)
＿＿＿＿＿＿＿＿＿＿
＿＿＿＿＿＿＿＿＿＿
＿＿＿＿＿＿＿＿＿＿
＿＿＿＿＿＿＿＿＿＿
＿＿＿＿＿＿＿＿＿＿
＿＿＿＿＿＿＿＿＿＿
＿＿＿＿□＿＿＿＿＿
＿＿＿□□□□■■■
□□□□□□□■＿＿
□□□□□□□□□＿
＿□□□□□□□□□
□□□□□□□□□＿
＿□□□□□□□□□
＿□□□□□□□□□
＿□□□□□□＿□□
＿□□□□□□＿□□
＿□□□□□□□＿□
＿＿□□□□□□□□
＿□□□□□□□□＿
□□□□＿□□□□□
00:29:15(52670f):field(52669f)
＿＿＿＿＿＿＿＿＿＿
＿＿＿＿＿＿＿＿＿＿
＿＿＿＿＿＿＿＿＿＿
＿＿＿＿＿＿＿＿＿＿
＿＿＿＿＿＿＿＿＿＿
＿＿＿＿＿＿＿＿＿＿
■■■■□＿＿＿＿＿
＿＿＿□□□□□□□
□□□□□□□□＿＿
□□□□□□□□□＿
＿□□□□□□□□□
□□□□□□□□□＿
＿□□□□□□□□□
＿□□□□□□□□□
＿□□□□□□＿□□
＿□□□□□□＿□□
＿□□□□□□□＿□
＿＿□□□□□□□□
＿□□□□□□□□＿
□□□□＿□□□□□
00:29:16(52682f):field(52681f)
＿＿＿＿＿＿＿＿＿＿
＿＿＿＿＿＿＿＿＿＿
＿＿＿＿＿＿＿＿＿＿
＿＿＿＿＿＿＿＿＿＿
＿＿＿＿■＿＿＿＿＿
＿＿＿＿■■＿＿＿＿
□□□□□■＿＿＿＿
＿＿＿□□□□□□□
□□□□□□□□＿＿
□□□□□□□□□＿
＿□□□□□□□□□
□□□□□□□□□＿
＿□□□□□□□□□
＿□□□□□□□□□
＿□□□□□□＿□□
＿□□□□□□＿□□
＿□□□□□□□＿□
＿＿□□□□□□□□
＿□□□□□□□□＿
□□□□＿□□□□□
00:29:16(52695f):field(52694f)
＿＿＿＿＿＿＿＿＿＿
＿＿＿＿＿＿＿＿＿＿
＿＿＿＿＿＿＿＿＿＿
＿＿＿＿＿＿＿＿＿＿
＿＿＿＿□＿＿＿＿■
＿＿＿＿□□＿＿＿■
□□□□□□＿＿■■
＿＿＿□□□□□□□
□□□□□□□□＿＿
□□□□□□□□□＿
＿□□□□□□□□□
□□□□□□□□□＿
＿□□□□□□□□□
＿□□□□□□□□□
＿□□□□□□＿□□
＿□□□□□□＿□□
＿□□□□□□□＿□
＿＿□□□□□□□□
＿□□□□□□□□＿
□□□□＿□□□□□
00:29:17(52710f):field(52709f)
＿＿＿＿＿＿＿＿＿＿
＿＿＿＿＿＿＿＿＿＿
＿＿＿＿＿＿＿＿＿＿
＿＿＿＿＿＿＿＿＿＿
＿＿＿＿□＿＿■＿□
＿＿＿＿□□＿■■□
□□□□□□＿■□□
＿＿＿□□□□□□□
□□□□□□□□＿＿
□□□□□□□□□＿
＿□□□□□□□□□
□□□□□□□□□＿
＿□□□□□□□□□
＿□□□□□□□□□
＿□□□□□□＿□□
＿□□□□□□＿□□
＿□□□□□□□＿□
＿＿□□□□□□□□
＿□□□□□□□□＿
□□□□＿□□□□□
00:29:17(52727f):field(52726f)
＿＿＿＿＿＿＿＿＿＿
＿＿＿＿＿＿＿＿＿＿
＿＿＿＿■＿＿＿＿＿
＿＿＿■■＿＿＿＿＿
＿＿＿■□＿＿□＿□
＿＿＿＿□□＿□□□
□□□□□□＿□□□
＿＿＿□□□□□□□
□□□□□□□□＿＿
□□□□□□□□□＿
＿□□□□□□□□□
□□□□□□□□□＿
＿□□□□□□□□□
＿□□□□□□□□□
＿□□□□□□＿□□
＿□□□□□□＿□□
＿□□□□□□□＿□
＿＿□□□□□□□□
＿□□□□□□□□＿
□□□□＿□□□□□
00:29:18(52741f):field(52740f)
＿＿＿＿＿＿＿＿＿＿
＿＿＿＿＿＿＿＿＿＿
＿＿＿＿◆＿＿＿＿＿
＿＿＿◆□＿＿＿＿＿
＿＿＿□□＿■◆＿◆
＿＿＿■□◆■□◆□
◆◆◆◆□□■□□□
＿＿＿□□□□□□□
□□□□□□□□＿■
□□□□□□□□□＿
＿□□□□□□□□□
□□□□□□□□□＿
＿□□□□□□□□□
＿□□□□□□□□□
＿□□□□□□＿□□
＿□□□□□□＿□□
＿□□□□□□□＿□
＿＿□□□□□□□□
＿□□□□□□□□＿
□□□□＿□□□□□
00:29:18(52760f):field(52759f)
＿＿＿＿＿＿＿＿＿＿
＿＿＿＿＿＿＿＿＿＿
＿＿＿＿＿＿＿＿＿＿
＿＿＿＿□＿＿＿＿＿
＿＿＿□□＿□＿＿＿
＿＿＿□□＿□□＿□
＿＿■■□□□□□□
＿■■□□□□□□□
□□□□□□□□＿◆
□□□□□□□□□＿
＿□□□□□□□□□
□□□□□□□□□＿
＿□□□□□□□□□
＿□□□□□□□□□
＿□□□□□□＿□□
＿□□□□□□＿□□
＿□□□□□□□＿□
＿＿□□□□□□□□
＿□□□□□□□□＿
□□□□＿□□□□□
00:29:19(52772f):field(52771f)
＿＿＿＿＿＿＿＿＿＿
＿＿＿＿＿＿＿＿＿＿
＿＿＿＿＿＿＿＿＿＿
＿＿＿＿□■■＿＿＿
＿＿＿□□■□＿＿＿
＿＿＿□□■□□＿□
＿＿□□□□□□□□
＿□□□□□□□□□
□□□□□□□□＿＿
□□□□□□□□□＿
＿□□□□□□□□□
□□□□□□□□□＿
＿□□□□□□□□□
＿□□□□□□□□□
＿□□□□□□＿□□
＿□□□□□□＿□□
＿□□□□□□□＿□
＿＿□□□□□□□□
＿□□□□□□□□＿
□□□□＿□□□□□
00:29:19(52785f):field(52784f)
＿＿＿＿＿＿＿＿＿＿
＿＿＿＿＿＿＿＿＿＿
＿＿＿＿＿＿＿＿＿＿
＿＿＿＿◆◆◆＿＿＿
＿＿＿◆◆◆◆＿＿＿
＿＿＿◆□□□□＿◆
■＿◆□□□□◆□◆
■◆◆□□□□□◆□
□□□□□□□□■■
□□□□□□□□□＿
＿□□□□□□□□□
□□□□□□□□□＿
＿□□□□□□□□□
＿□□□□□□□□□
＿□□□□□□＿□□
＿□□□□□□＿□□
＿□□□□□□□＿□
＿＿□□□□□□□□
＿□□□□□□□□＿
□□□□＿□□□□□
00:29:20(52800f):field(52799f)
＿＿＿＿＿＿＿＿＿＿
＿＿＿＿＿＿＿＿＿＿
＿＿＿＿＿＿＿＿＿＿
＿＿＿＿＿＿＿＿＿＿
＿＿＿■■■＿＿＿＿
＿＿＿■□□□◆＿＿
◆＿＿□□□□＿◆＿
□＿＿□□□□□＿□
□□□□□□□□◆◆
□□□□□□□□□＿
＿□□□□□□□□□
□□□□□□□□□＿
＿□□□□□□□□□
＿□□□□□□□□□
＿□□□□□□＿□□
＿□□□□□□＿□□
＿□□□□□□□＿□
＿＿□□□□□□□□
＿□□□□□□□□＿
□□□□＿□□□□□
00:29:20(52812f):field(52811f)
＿＿＿＿＿＿＿＿＿＿
＿＿＿＿＿＿＿＿＿＿
＿＿＿＿＿＿＿＿＿＿
＿＿＿＿＿＿＿＿＿＿
＿＿＿□□□＿＿＿＿
＿＿＿□□□□＿＿＿
■■＿□□□□＿＿＿
□■■□□□□□＿□
□□□□□□□□＿＿
□□□□□□□□□＿
＿□□□□□□□□□
□□□□□□□□□＿
＿□□□□□□□□□
＿□□□□□□□□□
＿□□□□□□＿□□
＿□□□□□□＿□□
＿□□□□□□□＿□
＿＿□□□□□□□□
＿□□□□□□□□＿
□□□□＿□□□□□
00:29:20(52827f):field(52826f)
＿＿＿＿＿＿＿＿＿＿
＿＿＿＿＿＿＿＿＿＿
＿＿＿＿＿＿＿＿＿＿
＿＿＿＿＿＿＿＿＿＿
＿＿＿◆◆◆＿＿＿＿
＿＿＿□□□◆＿＿＿
□◆＿□□□□■■＿
□□◆□□□□□■□
□□□□□□□□＿＿
□□□□□□□□□＿
＿□□□□□□□□□
□□□□□□□□□＿
＿□□□□□□□□□
＿□□□□□□□□□
＿□□□□□□＿□□
＿□□□□□□＿□□
＿□□□□□□□＿□
＿＿□□□□□□□□
＿□□□□□□□□＿
□□□□＿□□□□□
00:29:21(52839f):field(52838f)
＿＿＿＿＿＿＿＿＿＿
＿＿＿＿＿＿＿＿＿＿
＿＿＿＿＿＿＿＿＿＿
＿＿＿＿＿＿＿＿＿＿
＿＿＿＿＿＿＿＿＿＿
■■＿□□□＿＿＿＿
□■＿□□□□□◆＿
□□＿□□□□□□◆
□□□□□□□□＿＿
□□□□□□□□□＿
＿□□□□□□□□□
□□□□□□□□□＿
＿□□□□□□□□□
＿□□□□□□□□□
＿□□□□□□＿□□
＿□□□□□□＿□□
＿□□□□□□□＿□
＿＿□□□□□□□□
＿□□□□□□□□＿
□□□□＿□□□□□
00:29:21(52856f):field(52855f)
＿＿＿＿＿＿＿＿＿＿
＿＿＿＿＿＿＿＿＿＿
＿＿＿＿＿＿＿＿＿＿
＿＿＿＿＿＿＿＿＿＿
＿＿＿＿＿＿＿＿＿＿
□□＿□□□＿■■■
□□＿□□□□□＿■
□□＿□□□□□□＿
□□□□□□□□＿＿
□□□□□□□□□＿
＿□□□□□□□□□
□□□□□□□□□＿
＿□□□□□□□□□
＿□□□□□□□□□
＿□□□□□□＿□□
＿□□□□□□＿□□
＿□□□□□□□＿□
＿＿□□□□□□□□
＿□□□□□□□□＿
□□□□＿□□□□□
00:29:22(52869f):field(52868f)
＿＿＿＿＿＿＿＿＿＿
＿＿＿＿＿＿＿＿＿＿
＿＿＿＿＿＿＿＿＿＿
＿＿＿＿＿＿＿＿＿＿
＿＿■＿＿＿＿＿＿＿
□□■□□□＿□□□
□□■□□□□□＿□
□□■□□□□□□＿
□□□□□□□□＿＿
□□□□□□□□□＿
＿□□□□□□□□□
□□□□□□□□□＿
＿□□□□□□□□□
＿□□□□□□□□□
＿□□□□□□＿□□
＿□□□□□□＿□□
＿□□□□□□□＿□
＿＿□□□□□□□□
＿□□□□□□□□＿
□□□□＿□□□□□
00:29:22(52882f):field(52881f)
＿＿＿＿＿＿＿＿＿＿
＿＿＿＿＿＿＿＿＿＿
＿＿＿＿＿＿＿＿＿＿
＿＿＿＿＿＿＿＿＿＿
■＿◆＿■＿＿＿＿＿
◆◆□◆◆□■□□□
□□□□□□□□＿□
□□□□□□□□□＿
□□□□□□□□＿＿
□□□□□□□□□＿
＿□□□□□□□□□
□□□□□□□□□＿
＿□□□□□□□□□
＿□□□□□□□□□
＿□□□□□□＿□□
＿□□□□□□＿□□
＿□□□□□□□＿□
＿＿□□□□□□□□
＿□□□□□□□□＿
□□□□＿□□□□□
00:29:23(52895f):field(52894f)
＿＿＿＿＿＿＿＿＿＿
＿＿＿＿＿＿＿＿＿＿
＿＿＿＿＿＿＿＿＿＿
＿＿＿＿＿＿＿＿＿＿
◆＿■■◆＿＿＿＿＿
＿＿□■■◆□□□◆
□□□□□□□□＿□
□□□□□□□□□＿
□□□□□□□□＿＿
□□□□□□□□□＿
＿□□□□□□□□□
□□□□□□□□□＿
＿□□□□□□□□□
＿□□□□□□□□□
＿□□□□□□＿□□
＿□□□□□□＿□□
＿□□□□□□□＿□
＿＿□□□□□□□□
＿□□□□□□□□＿
□□□□＿□□□□□
00:29:23(52906f):field(52905f)
＿＿＿＿＿＿＿＿＿＿
＿＿＿＿＿＿＿＿＿＿
＿＿＿＿＿＿＿＿＿＿
＿＿＿＿■＿＿＿＿＿
＿＿□□■■＿＿＿＿
＿＿□□□■□□□＿
□□□□□□□□＿□
□□□□□□□□□＿
□□□□□□□□＿＿
□□□□□□□□□＿
＿□□□□□□□□□
□□□□□□□□□＿
＿□□□□□□□□□
＿□□□□□□□□□
＿□□□□□□＿□□
＿□□□□□□＿□□
＿□□□□□□□＿□
＿＿□□□□□□□□
＿□□□□□□□□＿
□□□□＿□□□□□
00:29:24(52923f):field(52922f)
＿＿＿＿＿＿＿＿＿＿
＿＿＿＿＿＿＿＿＿＿
＿＿＿＿＿＿＿＿＿＿
＿＿＿＿□＿＿＿＿■
＿＿□□□□＿＿■■
＿＿□□□□□□□■
□□□□□□□□＿□
□□□□□□□□□＿
□□□□□□□□＿＿
□□□□□□□□□＿
＿□□□□□□□□□
□□□□□□□□□＿
＿□□□□□□□□□
＿□□□□□□□□□
＿□□□□□□＿□□
＿□□□□□□＿□□
＿□□□□□□□＿□
＿＿□□□□□□□□
＿□□□□□□□□＿
□□□□＿□□□□□
00:29:24(52938f):field(52937f)
＿＿＿＿＿＿＿＿＿＿
＿＿＿＿＿＿＿■＿＿
＿＿＿＿＿＿＿■＿＿
＿＿＿＿□＿＿■＿□
＿＿□□□□＿■□□
＿＿□□□□□□□□
□□□□□□□□＿□
□□□□□□□□□＿
□□□□□□□□＿＿
□□□□□□□□□＿
＿□□□□□□□□□
□□□□□□□□□＿
＿□□□□□□□□□
＿□□□□□□□□□
＿□□□□□□＿□□
＿□□□□□□＿□□
＿□□□□□□□＿□
＿＿□□□□□□□□
＿□□□□□□□□＿
□□□□＿□□□□□
00:29:25(52952f):field(52951f)
＿＿＿＿＿＿＿＿＿＿
＿＿＿＿＿＿＿◆＿＿
＿＿＿＿＿＿＿□＿＿
＿＿＿＿◆＿＿□＿◆
■＿◆◆□◆＿□□□
■■□□□□□□□□
□□□□□□□□＿□
□□□□□□□□□＿
□□□□□□□□＿＿
□□□□□□□□□＿
＿□□□□□□□□□
□□□□□□□□□＿
＿□□□□□□□□□
＿□□□□□□□□□
＿□□□□□□＿□□
＿□□□□□□＿□□
＿□□□□□□□＿□
＿＿□□□□□□□□
＿□□□□□□□□＿
□□□□＿□□□□□
00:29:25(52965f):field(52964f)
＿＿＿＿＿＿＿＿＿＿
＿＿＿＿＿＿＿＿＿＿
＿＿＿＿＿＿＿□＿＿
■＿＿＿＿＿＿□＿＿
□■■＿□＿＿□◆□
□□□□□□◆□□□
□□□□□□□□＿□
□□□□□□□□□＿
□□□□□□□□＿＿
□□□□□□□□□＿
＿□□□□□□□□□
□□□□□□□□□＿
＿□□□□□□□□□
＿□□□□□□□□□
＿□□□□□□＿□□
＿□□□□□□＿□□
＿□□□□□□□＿□
＿＿□□□□□□□□
＿□□□□□□□□＿
□□□□＿□□□□□
00:29:25(52978f):field(52977f)
＿＿＿＿＿＿＿＿＿＿
■＿＿＿＿＿＿＿＿＿
■■＿＿＿＿＿□＿＿
□■＿＿＿＿＿□＿＿
□□□＿□＿＿□＿□
□□□□□□＿□□□
□□□□□□□□＿□
□□□□□□□□□＿
□□□□□□□□＿＿
□□□□□□□□□＿
＿□□□□□□□□□
□□□□□□□□□＿
＿□□□□□□□□□
＿□□□□□□□□□
＿□□□□□□＿□□
＿□□□□□□＿□□
＿□□□□□□□＿□
＿＿□□□□□□□□
＿□□□□□□□□＿
□□□□＿□□□□□
00:29:26(52993f):field(52992f)
＿＿＿＿＿＿＿＿＿＿
□＿＿＿＿＿＿＿＿＿
□□＿＿＿＿＿□＿＿
□□＿＿■■＿□＿＿
□□□＿□■■□＿□
□□□□□□＿□□□
□□□□□□□□＿□
□□□□□□□□□＿
□□□□□□□□＿＿
□□□□□□□□□＿
＿□□□□□□□□□
□□□□□□□□□＿
＿□□□□□□□□□
＿□□□□□□□□□
＿□□□□□□＿□□
＿□□□□□□＿□□
＿□□□□□□□＿□
＿＿□□□□□□□□
＿□□□□□□□□＿
□□□□＿□□□□□
00:29:26(53005f):field(53004f)
＿＿＿＿＿＿＿＿＿＿
□＿＿＿＿＿＿＿＿＿
□□＿■＿＿＿□＿＿
□□■■□□＿□＿＿
□□□■□□□□＿□
□□□□□□＿□□□
□□□□□□□□＿□
□□□□□□□□□＿
□□□□□□□□＿＿
□□□□□□□□□＿
＿□□□□□□□□□
□□□□□□□□□＿
＿□□□□□□□□□
＿□□□□□□□□□
＿□□□□□□＿□□
＿□□□□□□＿□□
＿□□□□□□□＿□
＿＿□□□□□□□□
＿□□□□□□□□＿
□□□□＿□□□□□
00:29:28(53040f):field(53039f)
＿＿＿＿＿＿＿＿＿＿
◆＿＿＿＿＿＿＿＿＿
□◆＿◆＿■■◆■＿
□□◆□◆□■□■＿
□□□□□□◆□■◆
□□□□□□＿□□□
□□□□□□□□＿□
□□□□□□□□□＿
□□□□□□□□＿＿
□□□□□□□□□＿
＿□□□□□□□□□
□□□□□□□□□＿
＿□□□□□□□□□
＿□□□□□□□□□
＿□□□□□□＿□□
＿□□□□□□＿□□
＿□□□□□□□＿□
＿＿□□□□□□□□
＿□□□□□□□□＿
□□□□＿□□□□□
00:29:28(53056f):field(53055f)
＿＿＿＿＿＿＿＿＿＿
＿＿＿＿＿＿■■■■
□＿＿＿＿□□＿□＿
□□＿□＿□□□□＿
□□□□□□＿□□＿
□□□□□□＿□□□
□□□□□□□□＿□
□□□□□□□□□＿
□□□□□□□□＿＿
□□□□□□□□□＿
＿□□□□□□□□□
□□□□□□□□□＿
＿□□□□□□□□□
＿□□□□□□□□□
＿□□□□□□＿□□
＿□□□□□□＿□□
＿□□□□□□□＿□
＿＿□□□□□□□□
＿□□□□□□□□＿
□□□□＿□□□□□
00:29:29(53072f):field(53071f)
＿＿＿＿＿＿＿＿＿＿
＿■＿＿＿＿□□□□
□■■＿＿□□＿□＿
□□■□＿□□□□＿
□□□□□□＿□□＿
□□□□□□＿□□□
□□□□□□□□＿□
□□□□□□□□□＿
□□□□□□□□＿＿
□□□□□□□□□＿
＿□□□□□□□□□
□□□□□□□□□＿
＿□□□□□□□□□
＿□□□□□□□□□
＿□□□□□□＿□□
＿□□□□□□＿□□
＿□□□□□□□＿□
＿＿□□□□□□□□
＿□□□□□□□□＿
□□□□＿□□□□□
00:29:29(53090f):field(53089f)
＿＿＿■＿＿＿＿＿＿
＿□＿■＿＿□□□□
□□□■■□□＿□＿
□□□□＿□□□□＿
□□□□□□＿□□＿
□□□□□□＿□□□
□□□□□□□□＿□
□□□□□□□□□＿
□□□□□□□□＿＿
□□□□□□□□□＿
＿□□□□□□□□□
□□□□□□□□□＿
＿□□□□□□□□□
＿□□□□□□□□□
＿□□□□□□＿□□
＿□□□□□□＿□□
＿□□□□□□□＿□
＿＿□□□□□□□□
＿□□□□□□□□＿
□□□□＿□□□□□
00:29:30(53102f):field(53101f)
＿＿＿□■■＿＿＿＿
＿□＿□■■□□□□
□□□□□□□＿□＿
□□□□＿□□□□＿
□□□□□□＿□□＿
□□□□□□＿□□□
□□□□□□□□＿□
□□□□□□□□□＿
□□□□□□□□＿＿
□□□□□□□□□＿
＿□□□□□□□□□
□□□□□□□□□＿
＿□□□□□□□□□
＿□□□□□□□□□
＿□□□□□□＿□□
＿□□□□□□＿□□
＿□□□□□□□＿□
＿＿□□□□□□□□
＿□□□□□□□□＿
□□□□＿□□□□□
00:29:33(53191f):game end
