00:30:01(54030f):game start
00:30:02(54074f):field(54073f)
＿＿＿＿＿＿＿＿＿＿
＿＿＿＿＿＿＿＿＿＿
＿＿＿＿＿＿＿＿＿＿
＿＿＿＿＿＿＿＿＿＿
＿＿＿＿＿＿＿＿＿＿
＿＿＿＿＿＿＿＿＿＿
＿＿＿＿＿＿＿＿＿＿
＿＿＿＿＿＿＿＿＿＿
＿＿＿＿＿＿＿＿＿＿
＿＿＿＿＿＿＿＿＿＿
＿＿＿＿＿＿＿＿＿＿
＿＿＿＿＿＿＿＿＿＿
＿＿＿＿＿＿＿＿＿＿
＿＿■■■■■■＿＿
＿＿＿＿＿＿＿＿＿＿
＿＿＿＿＿＿＿＿＿＿
＿＿＿＿＿＿＿＿＿＿
＿＿＿＿＿＿＿＿＿＿
＿＿＿＿＿＿＿＿＿＿
＿＿＿＿＿＿＿＿＿＿
00:30:03(54099f):field(54098f)
＿＿＿＿＿＿＿＿＿＿
＿＿＿＿＿＿＿＿＿＿
＿＿＿＿＿＿＿＿＿＿
＿＿＿＿＿＿＿＿＿＿
＿＿＿＿＿＿＿＿＿＿
＿＿＿＿＿＿＿＿＿＿
＿＿＿＿＿＿＿＿＿＿
＿＿＿＿＿＿＿＿＿＿
＿＿＿＿＿＿＿＿＿＿
＿＿＿＿＿＿＿＿＿＿
＿＿＿＿＿＿＿＿＿＿
＿＿＿＿＿＿＿＿＿＿
＿＿＿＿＿＿＿＿＿＿
＿＿◆◆◆◆◆◆＿＿
＿＿＿＿＿＿＿＿＿＿
＿＿＿＿＿＿＿＿＿＿
＿＿＿＿＿＿＿＿＿＿
■＿＿＿＿＿＿＿＿＿
■＿＿＿＿＿＿＿＿＿
■■＿■■■■＿＿＿
00:30:03(54111f):field(54110f)
＿＿＿＿＿＿＿＿＿＿
＿＿＿＿＿＿＿＿＿＿
＿＿＿＿＿＿＿＿＿＿
＿＿＿＿＿＿＿＿＿＿
＿＿＿＿＿＿＿＿＿＿
＿＿＿＿＿＿＿＿＿＿
＿＿＿＿＿＿＿＿＿＿
＿＿＿＿＿＿＿＿＿＿
＿＿＿＿＿＿＿＿＿＿
＿＿＿＿＿＿＿＿＿＿
＿＿＿＿＿＿＿＿＿＿
＿＿＿＿＿＿＿＿＿＿
＿＿＿＿＿＿＿＿＿＿
＿＿＿＿＿＿＿＿＿＿
＿＿＿＿＿＿＿＿＿＿
＿＿＿＿＿＿＿＿＿＿
＿＿＿＿＿＿＿＿＿＿
□＿＿■＿＿＿＿＿＿
□＿＿■■■＿＿＿＿
□□＿□□□□＿＿＿
00:30:04(54129f):field(54128f)
＿＿＿＿＿＿＿＿＿＿
＿＿＿＿＿＿＿＿＿＿
＿＿＿＿＿＿＿＿＿＿
＿＿＿＿＿＿＿＿＿＿
＿＿＿＿＿＿＿＿＿＿
＿＿＿＿＿＿＿＿＿＿
＿＿＿＿＿＿＿＿＿＿
＿＿＿＿＿＿＿＿＿＿
＿＿＿＿＿＿＿＿＿＿
＿＿＿＿＿＿＿＿＿＿
＿＿＿＿＿＿＿＿＿＿
＿＿＿＿＿＿＿＿＿＿
＿＿＿＿＿＿＿＿＿＿
＿＿＿＿＿＿＿＿＿＿
＿＿＿＿＿＿＿＿＿＿
＿＿＿＿＿＿＿＿＿＿
＿＿＿＿＿＿＿＿＿＿
□■＿□＿＿＿＿＿＿
□■■□□□＿＿＿＿
□□■□□□□＿＿＿
00:30:04(54145f):field(54144f)
＿＿＿＿＿＿＿＿＿＿
＿＿＿＿＿＿＿＿＿＿
＿＿＿＿＿＿＿＿＿＿
＿＿＿＿＿＿＿＿＿＿
＿＿＿＿＿＿＿＿＿＿
＿＿＿＿＿＿＿＿＿＿
＿＿＿＿＿＿＿＿＿＿
＿＿＿＿＿＿＿＿＿＿
＿＿＿＿＿＿＿＿＿＿
＿＿＿＿＿＿＿＿＿＿
＿＿＿＿＿＿＿＿＿＿
＿＿＿＿＿＿＿＿＿＿
＿＿＿＿＿＿＿＿＿＿
＿＿＿＿＿＿＿＿＿＿
＿＿＿＿＿＿＿＿＿＿
＿＿＿＿＿＿＿＿＿＿
＿＿＿＿＿＿＿＿＿＿
□□＿□＿＿＿■＿＿
□□□□□□■■＿＿
□□□□□□□■＿＿
00:30:05(54156f):field(54155f)
＿＿＿＿＿＿＿＿＿＿
＿＿＿＿＿＿＿＿＿＿
＿＿＿＿＿＿＿＿＿＿
＿＿＿＿＿＿＿＿＿＿
＿＿＿＿＿＿＿＿＿＿
＿＿＿＿＿＿＿＿＿＿
＿＿＿＿＿＿＿＿＿＿
＿＿＿＿＿＿＿＿＿＿
＿＿＿＿＿＿＿＿＿＿
＿＿＿＿＿＿＿＿＿＿
＿＿＿＿＿＿＿＿＿＿
＿＿＿＿＿＿＿＿＿＿
＿＿＿＿＿＿＿＿＿＿
＿＿＿＿＿＿＿＿＿＿
＿＿＿＿＿＿＿＿＿＿
＿＿＿＿＿＿＿＿＿＿
＿＿＿＿■■＿＿＿＿
□□＿□■■＿□＿＿
□□□□□□□□＿＿
□□□□□□□□＿＿
00:30:05(54179f):field(54178f)
＿＿＿＿＿＿＿＿＿＿
＿＿＿＿＿＿＿＿＿＿
＿＿＿＿＿＿＿＿＿＿
＿＿＿＿＿＿＿＿＿＿
＿＿＿＿＿＿＿＿＿＿
＿＿＿＿＿＿＿＿＿＿
＿＿＿＿＿＿＿＿＿＿
＿＿＿＿＿＿＿＿＿＿
＿＿＿＿＿＿＿＿＿＿
＿＿＿＿＿＿＿＿＿＿
＿＿＿＿＿＿＿＿＿＿
＿＿＿＿＿＿＿＿＿＿
＿＿＿＿＿＿＿＿＿＿
＿＿＿＿＿＿＿＿＿＿
＿＿＿＿＿＿＿＿＿＿
＿＿＿＿＿＿＿＿＿＿
＿＿＿＿□□＿＿■＿
□□＿□□□＿□■＿
□□□□□□□□■＿
□□□□□□□□■＿
00:30:06(54191f):field(54190f)
＿＿＿＿＿＿＿＿＿＿
＿＿＿＿＿＿＿＿＿＿
＿＿＿＿＿＿＿＿＿＿
＿＿＿＿＿＿＿＿＿＿
＿＿＿＿＿＿＿＿＿＿
＿＿＿＿＿＿＿＿＿＿
＿＿＿＿＿＿＿＿＿＿
＿＿＿＿＿＿＿＿＿＿
＿＿＿＿＿＿＿＿＿＿
＿＿＿＿＿＿＿＿＿＿
＿＿＿＿＿＿＿＿＿＿
＿＿＿＿＿＿＿＿＿＿
＿＿＿＿＿＿＿＿＿＿
＿＿＿＿＿＿＿＿＿＿
＿＿＿＿＿＿＿＿＿＿
＿＿＿■＿＿＿＿＿＿
＿＿■■□□＿＿□＿
□□■□□□＿□□＿
□□□□□□□□□＿
□□□□□□□□□＿
00:30:06(54207f):field(54206f)
＿＿＿＿＿＿＿＿＿＿
＿＿＿＿＿＿＿＿＿＿
＿＿＿＿＿＿＿＿＿＿
＿＿＿＿＿＿＿＿＿＿
＿＿＿＿＿＿＿＿＿＿
＿＿＿＿＿＿＿＿＿＿
＿＿＿＿＿＿＿＿＿＿
＿＿＿＿＿＿＿＿＿＿
＿＿＿＿＿＿＿＿＿＿
＿＿＿＿＿＿＿＿＿＿
＿＿＿＿＿＿＿＿＿＿
＿＿＿＿＿＿＿＿＿＿
＿＿＿＿＿＿＿＿＿＿
＿＿＿＿■＿＿＿＿＿
＿＿＿＿■＿＿＿＿＿
＿＿＿□■■＿＿＿＿
＿＿□□□□＿＿□＿
□□□□□□＿□□＿
□□□□□□□□□＿
□□□□□□□□□＿
00:30:07(54219f):field(54218f)
＿＿＿＿＿＿＿＿＿＿
＿＿＿＿＿＿＿＿＿＿
＿＿＿＿＿＿＿＿＿＿
＿＿＿＿＿＿＿＿＿＿
＿＿＿＿＿＿＿＿＿＿
＿＿＿＿＿＿＿＿＿＿
＿＿＿＿＿＿＿＿＿＿
＿＿＿＿＿＿＿＿＿＿
＿＿＿＿＿＿＿＿＿＿
＿＿＿＿＿＿＿＿＿＿
＿＿＿＿＿＿＿＿＿＿
＿＿＿＿＿＿＿＿＿＿
＿＿＿■■＿＿＿＿＿
＿＿＿■□＿＿＿＿＿
＿＿＿■□＿＿＿＿＿
＿＿＿□□□＿＿＿＿
＿＿□□□□＿＿□＿
□□□□□□＿□□＿
□□□□□□□□□＿
□□□□□□□□□＿
00:30:07(54235f):field(54234f)
＿＿＿＿＿＿＿＿＿＿
＿＿＿＿＿＿＿＿＿＿
＿＿＿＿＿＿＿＿＿＿
＿＿＿＿＿＿＿＿＿＿
＿＿＿＿＿＿＿＿＿＿
＿＿＿＿＿＿＿＿＿＿
＿＿＿＿＿＿＿＿＿＿
＿＿＿＿＿＿＿＿＿＿
＿＿＿＿＿＿＿＿＿＿
＿＿＿＿＿＿＿＿＿＿
＿＿＿＿＿＿＿＿＿＿
＿＿＿＿＿＿＿＿＿＿
＿＿＿□□＿＿＿＿＿
＿＿＿□□＿＿＿＿＿
＿＿＿□□＿＿＿＿＿
■■＿□□□＿＿＿＿
■■□□□□＿＿□＿
□□□□□□＿□□＿
□□□□□□□□□＿
□□□□□□□□□＿
00:30:08(54246f):field(54245f)
＿＿＿＿＿＿＿＿＿＿
＿＿＿＿＿＿＿＿＿＿
＿＿＿＿＿＿＿＿＿＿
＿＿＿＿＿＿＿＿＿＿
＿＿＿＿＿＿＿＿＿＿
＿＿＿＿＿＿＿＿＿＿
＿＿＿＿＿＿＿＿＿＿
＿＿＿＿＿＿＿＿＿＿
＿＿＿＿＿＿＿＿＿＿
＿＿＿＿＿＿＿＿＿＿
＿＿＿＿＿＿＿＿＿＿
＿＿＿＿＿■＿＿＿＿
＿＿＿□□■＿＿＿＿
＿＿＿□□■＿＿＿＿
＿＿＿□□■＿＿＿＿
□□＿□□□＿＿＿＿
□□□□□□＿＿□＿
□□□□□□＿□□＿
□□□□□□□□□＿
□□□□□□□□□＿
00:30:08(54265f):field(54264f)
＿＿＿＿＿＿＿＿＿＿
＿＿＿＿＿＿＿＿＿＿
＿＿＿＿＿＿＿＿＿＿
＿＿＿＿＿＿＿＿＿＿
＿＿＿＿＿＿＿＿＿＿
＿＿＿＿＿＿＿＿＿＿
＿＿＿＿＿＿＿＿＿＿
＿＿＿＿＿＿＿＿＿＿
＿＿＿＿＿＿＿＿＿＿
＿＿＿＿＿＿＿＿＿＿
＿＿＿＿■■＿＿＿＿
＿＿＿■■□＿＿＿＿
＿＿＿□□□＿＿＿＿
＿＿＿□□□＿＿＿＿
＿＿＿□□□＿＿＿＿
□□＿□□□＿＿＿＿
□□□□□□＿＿□＿
□□□□□□＿□□＿
□□□□□□□□□＿
□□□□□□□□□＿
00:30:09(54290f):field(54289f)
＿＿＿＿＿＿＿＿＿＿
＿＿＿＿＿＿＿＿＿＿
＿＿＿＿＿＿＿＿＿＿
＿＿＿＿＿＿＿＿＿＿
＿＿＿＿＿＿＿＿＿＿
＿＿＿＿＿＿＿＿＿＿
＿＿＿＿＿＿＿＿＿＿
＿＿＿＿＿＿＿＿＿＿
＿＿＿＿■＿＿＿＿＿
＿＿＿■■＿＿＿＿＿
＿＿＿■□□＿＿＿＿
＿＿＿□□□＿＿＿＿
＿＿＿□□□＿＿＿＿
＿＿＿□□□＿＿＿＿
＿＿＿□□□＿＿＿＿
□□＿□□□■＿＿＿
□□□□□□■■□＿
□□□□□□■□□＿
□□□□□□□□□＿
□□□□□□□□□＿
00:30:10(54304f):field(54303f)
＿＿＿＿＿＿＿＿＿＿
＿＿＿＿＿＿＿＿＿＿
＿＿＿＿＿＿＿＿＿＿
＿＿＿＿＿＿＿＿＿＿
＿＿＿＿＿＿＿＿＿＿
＿＿＿＿＿＿＿＿＿＿
＿＿＿＿■＿＿＿＿＿
＿＿＿■■＿＿＿＿＿
＿＿＿■□＿＿＿＿＿
＿＿＿□□＿＿＿＿＿
＿＿＿□□□＿＿＿＿
＿＿＿□□□＿＿＿＿
＿＿＿□□□＿＿＿＿
＿＿＿□□□＿＿＿＿
＿＿＿□□□＿＿＿＿
□□＿□□□□＿＿＿
□□□□□□□□□＿
□□□□□□□□□＿
□□□□□□□□□＿
□□□□□□□□□＿
00:30:10(54318f):field(54317f)
＿＿＿＿＿＿＿＿＿＿
＿＿＿＿＿＿＿＿＿＿
＿＿＿＿＿＿＿＿＿＿
＿＿＿＿＿＿＿＿＿＿
＿＿＿＿＿＿＿＿＿＿
＿＿＿＿＿＿＿＿＿＿
＿＿＿＿□＿＿＿＿＿
＿＿＿□□＿＿＿＿＿
＿＿＿□□＿＿＿＿＿
＿＿＿□□＿＿＿＿＿
＿＿＿□□□＿＿＿＿
＿＿＿□□□＿＿＿＿
＿＿＿□□□＿＿＿＿
＿＿＿□□□＿＿＿＿
■■■□□□＿＿＿＿
□□■□□□□＿＿＿
□□□□□□□□□＿
□□□□□□□□□＿
□□□□□□□□□＿
□□□□□□□□□＿
00:30:11(54337f):field(54336f)
＿＿＿＿＿＿＿＿＿＿
＿＿＿＿＿＿＿＿＿＿
＿＿＿＿＿＿＿＿＿＿
＿＿＿＿＿＿＿＿＿＿
＿＿＿＿＿＿＿＿＿＿
＿＿＿＿＿＿＿＿＿＿
＿＿＿＿◆＿＿＿＿＿
＿＿＿◆◆＿＿＿＿＿
＿＿＿◆◆＿＿＿＿＿
＿＿＿◆◆＿＿＿＿＿
＿＿＿◆□◆＿＿＿＿
＿＿＿□□◆＿＿＿＿
＿＿＿□□◆＿＿＿＿
＿＿＿□□◆＿＿＿＿
◆◆◆□□□＿＿＿＿
◆◆◆□□□□＿＿＿
◆□◆□□□◆◆◆＿
◆□◆□□□◆□◆＿
□□□□□□□◆◆＿
□□□□□□□◆◆＿
00:30:11(54352f):field(54351f)
＿＿＿＿＿＿＿＿＿＿
＿＿＿＿＿＿＿＿＿＿
＿＿＿＿＿＿＿＿＿＿
＿＿＿＿＿＿＿＿＿＿
＿＿＿＿＿＿＿＿＿＿
＿＿＿＿＿＿＿＿＿＿
＿＿＿＿＿＿＿＿＿＿
＿＿＿＿＿＿＿＿＿＿
＿＿＿＿＿＿＿＿＿＿
＿＿＿＿＿＿＿＿＿＿
＿＿＿＿□＿＿＿＿＿
＿＿＿□□＿＿＿＿＿
＿＿＿□□＿＿＿＿＿
＿＿＿□□＿＿＿＿＿
＿＿＿□□□＿＿＿＿
＿＿＿□□□◆＿＿＿
＿◆＿□□□＿＿＿＿
＿◆＿□□□■◆＿＿
□□□□□□□■＿＿
□□□□□□□■＿＿
00:30:12(54365f):field(54364f)
＿＿＿＿＿＿＿＿＿＿
＿＿＿＿＿＿＿＿＿＿
＿＿＿＿＿＿＿＿＿＿
＿＿＿＿＿＿＿＿＿＿
＿＿＿＿＿＿＿＿＿＿
＿＿＿＿＿＿＿＿＿＿
＿＿＿＿＿＿＿＿＿＿
＿＿＿＿＿＿＿＿＿＿
＿＿＿＿＿＿＿＿＿＿
＿＿＿＿＿＿＿＿＿＿
＿＿＿＿□＿＿＿＿＿
＿＿＿□□＿＿＿＿＿
＿＿＿□□＿＿＿＿＿
＿＿＿□□＿＿＿＿＿
＿＿＿□□□＿＿＿＿
＿＿＿□□□＿＿＿＿
＿■＿□□□＿＿＿＿
■■■□□□□＿＿＿
□□□□□□□□＿＿
□□□□□□□□＿＿
00:30:12(54384f):field(54383f)
＿＿＿＿＿＿＿＿＿＿
＿＿＿＿＿＿＿＿＿＿
＿＿＿＿＿＿＿＿＿＿
＿＿＿＿＿＿＿＿＿＿
＿＿＿＿＿＿＿＿＿＿
＿＿＿＿＿＿＿＿＿＿
＿＿＿＿＿＿＿＿＿＿
＿＿＿＿＿＿＿＿＿＿
＿＿＿＿＿＿＿＿＿＿
＿＿＿＿＿＿＿＿＿＿
＿＿＿＿□＿＿＿＿＿
＿＿＿□□＿＿＿＿＿
＿＿＿□□＿＿＿＿＿
＿＿＿□□＿＿＿＿＿
＿＿＿□□□＿＿＿＿
＿＿＿□□□＿＿＿＿
＿□＿□□□＿＿＿＿
□□□□□□□■■＿
□□□□□□□□■＿
□□□□□□□□■＿
00:30:13(54397f):field(54396f)
＿＿＿＿＿＿＿＿＿＿
＿＿＿＿＿＿＿＿＿＿
＿＿＿＿＿＿＿＿＿＿
＿＿＿＿＿＿＿＿＿＿
＿＿＿＿＿＿＿＿＿＿
＿＿＿＿＿＿＿＿＿＿
＿＿＿＿＿＿＿＿＿＿
＿＿＿＿＿＿＿＿＿＿
＿＿＿＿＿＿＿＿＿＿
＿＿＿＿＿＿＿＿＿＿
＿＿＿＿□＿＿＿＿＿
＿＿＿□□＿＿＿＿＿
＿＿＿□□＿＿＿＿＿
＿＿＿□□＿＿＿＿＿
＿＿＿□□□＿＿＿＿
＿＿＿□□□■＿＿＿
＿□＿□□□■■■＿
□□□□□□□□□＿
□□□□□□□□□＿
□□□□□□□□□＿
00:30:13(54410f):field(54409f)
＿＿＿＿＿＿＿＿＿＿
＿＿＿＿＿＿＿＿＿＿
＿＿＿＿＿＿＿＿＿＿
＿＿＿＿＿＿＿＿＿＿
＿＿＿＿＿＿＿＿＿＿
＿＿＿＿＿＿＿＿＿＿
＿＿＿＿＿＿＿＿＿＿
＿＿＿＿＿＿＿＿＿＿
＿＿＿＿＿＿＿＿＿＿
＿＿＿＿＿＿＿＿＿＿
＿＿＿＿□＿＿＿＿＿
＿＿＿□□＿＿＿＿＿
＿＿＿□□＿＿＿＿＿
＿＿＿□□＿＿＿＿＿
＿■＿□□□＿＿＿＿
■■＿□□□□＿＿＿
■□＿□□□□□□＿
□□□□□□□□□＿
□□□□□□□□□＿
□□□□□□□□□＿
00:30:14(54424f):field(54423f)
＿＿＿＿＿＿＿＿＿＿
＿＿＿＿＿＿＿＿＿＿
＿＿＿＿＿＿＿＿＿＿
＿＿＿＿＿＿＿＿＿＿
＿＿＿＿＿＿＿＿＿＿
＿＿＿＿＿＿＿＿＿＿
＿＿＿＿＿＿＿＿＿＿
＿＿＿＿＿＿＿＿＿＿
＿＿＿＿＿＿＿＿＿＿
＿＿＿＿＿＿＿＿＿＿
＿＿＿＿□＿＿＿＿＿
＿＿＿□□＿＿＿＿＿
＿＿＿□□＿＿＿＿＿
＿＿■□□＿＿＿＿＿
＿□■□□□＿＿＿＿
□□■□□□□＿＿＿
□□■□□□□□□＿
□□□□□□□□□＿
□□□□□□□□□＿
□□□□□□□□□＿
00:30:14(54436f):field(54435f)
＿＿＿＿＿＿＿＿＿＿
＿＿＿＿＿＿＿＿＿＿
＿＿＿＿＿＿＿＿＿＿
＿＿＿＿＿＿＿＿＿＿
＿＿＿＿＿＿＿＿＿＿
＿＿＿＿＿＿＿＿＿＿
＿＿＿＿＿＿＿＿＿＿
＿＿＿＿＿＿＿＿＿＿
＿＿＿＿＿＿＿＿＿＿
＿＿＿＿＿＿＿＿＿＿
＿＿＿＿□＿＿＿＿＿
＿＿＿□□＿＿＿＿＿
■＿＿□□＿＿＿＿＿
■■□□□＿＿＿＿＿
■□□□□□＿＿＿＿
□□□□□□□＿＿＿
□□□□□□□□□＿
□□□□□□□□□＿
□□□□□□□□□＿
□□□□□□□□□＿
00:30:15(54458f):field(54457f)
＿＿＿＿＿＿＿＿＿＿
＿＿＿＿＿＿＿＿＿＿
＿＿＿＿＿＿＿＿＿＿
＿＿＿＿＿＿＿＿＿＿
＿＿＿＿＿＿＿＿＿＿
＿＿＿＿＿＿＿＿＿＿
＿＿＿＿＿＿＿＿＿＿
＿＿＿＿＿＿＿＿＿＿
＿＿＿＿＿＿＿＿＿＿
＿＿＿＿＿＿＿＿＿＿
＿＿＿＿□＿＿＿＿＿
＿＿＿□□＿＿＿＿＿
□＿＿□□＿＿＿＿＿
□□□□□＿＿＿＿＿
□□□□□□＿■■■
□□□□□□□■＿＿
□□□□□□□□□＿
□□□□□□□□□＿
□□□□□□□□□＿
□□□□□□□□□＿
00:30:15(54478f):field(54477f)
＿＿＿＿＿＿＿＿＿＿
＿＿＿＿＿＿＿＿＿＿
＿＿＿＿＿＿＿＿＿＿
＿＿＿＿＿＿＿＿＿＿
＿＿＿＿＿＿＿＿＿＿
＿＿＿＿＿＿＿＿＿＿
＿＿＿＿＿＿＿＿＿＿
＿＿＿＿＿＿＿＿＿＿
＿＿＿＿＿＿＿＿＿＿
＿＿＿＿＿＿＿＿＿＿
＿＿＿＿◆＿＿＿＿＿
＿＿＿◆□＿＿＿＿＿
◆＿＿□□＿＿＿＿＿
□◆□□□■＿＿＿＿
□□□□□□■◆□◆
□□□□□□□□＿＿
□□□□□□□□□＿
□□□□□□□□□＿
□□□□□□□□□＿
□□□□□□□□□＿
00:30:16(54495f):field(54494f)
＿＿＿＿＿＿＿＿＿＿
＿＿＿＿＿＿＿＿＿＿
＿＿＿＿＿＿＿＿＿＿
＿＿＿＿＿＿＿＿＿＿
＿＿＿＿＿＿＿＿＿＿
＿＿＿＿＿＿＿＿＿＿
＿＿＿＿＿＿＿＿＿＿
＿＿＿＿＿＿＿＿＿＿
＿＿＿＿＿＿＿＿＿＿
＿＿＿＿＿＿＿＿＿＿
＿＿＿＿＿＿＿＿＿＿
＿＿＿＿◆＿＿＿＿＿
＿＿＿◆□＿＿＿＿＿
□＿◆□□◆＿＿＿＿
□◆◆□□□□＿◆＿
□□□□□□□□＿■
□□□□□□□□□＿
□□□□□□□□□＿
□□□□□□□□□＿
□□□□□□□□□＿
00:30:17(54512f):field(54511f)
＿＿＿＿＿＿＿＿＿＿
＿＿＿＿＿＿＿＿＿＿
＿＿＿＿＿＿＿＿＿＿
＿＿＿＿＿＿＿＿＿＿
＿＿＿＿＿＿＿＿＿＿
＿＿＿＿＿＿＿＿＿＿
＿＿＿＿＿＿＿＿＿＿
＿＿＿＿＿＿＿＿＿＿
＿＿＿＿＿＿＿＿＿＿
＿＿＿＿＿＿＿＿＿＿
＿＿＿＿＿＿＿＿＿＿
＿＿＿＿＿＿＿＿＿＿
＿＿＿＿□＿＿＿＿＿
◆＿＿□□■■＿＿＿
□＿＿□□□□■＿＿
□□□□□□□□＿□
□□□□□□□□□＿
□□□□□□□□□＿
□□□□□□□□□＿
□□□□□□□□□＿
00:30:17(54529f):field(54528f)
＿＿＿＿＿＿＿＿＿＿
＿＿＿＿＿＿＿＿＿＿
＿＿＿＿＿＿＿＿＿＿
＿＿＿＿＿＿＿＿＿＿
＿＿＿＿＿＿＿＿＿＿
＿＿＿＿＿＿＿＿＿＿
＿＿＿＿＿＿＿＿＿＿
＿＿＿＿＿＿＿＿＿＿
＿＿＿＿＿＿＿＿＿＿
＿＿＿＿＿＿＿＿＿＿
＿＿＿＿＿＿＿＿＿＿
＿＿＿＿＿＿＿＿＿＿
＿＿＿＿◆＿＿＿＿＿
＿＿＿◆□◆◆＿■＿
◆＿＿□□□□◆■＿
□◆◆□□□□□■◆
□□□□□□□□□＿
□□□□□□□□□＿
□□□□□□□□□＿
□□□□□□□□□＿
00:30:18(54544f):field(54543f)
＿＿＿＿＿＿＿＿＿＿
＿＿＿＿＿＿＿＿＿＿
＿＿＿＿＿＿＿＿＿＿
＿＿＿＿＿＿＿＿＿＿
＿＿＿＿＿＿＿＿＿＿
＿＿＿＿＿＿＿＿＿＿
＿＿＿＿＿＿＿＿＿＿
＿＿＿＿＿＿＿＿＿＿
＿＿＿＿＿＿＿＿＿＿
＿＿＿＿＿＿＿＿＿＿
＿＿＿＿＿＿＿＿＿＿
＿＿＿＿＿＿＿＿＿＿
＿＿＿＿＿＿＿＿＿＿
＿■＿＿□＿＿＿□＿
＿■＿□□□□＿□＿
□■■□□□□□□＿
□□□□□□□□□＿
□□□□□□□□□＿
□□□□□□□□□＿
□□□□□□□□□＿
00:30:18(54556f):field(54555f)
＿＿＿＿＿＿＿＿＿＿
＿＿＿＿＿＿＿＿＿＿
＿＿＿＿＿＿＿＿＿＿
＿＿＿＿＿＿＿＿＿＿
＿＿＿＿＿＿＿＿＿＿
＿＿＿＿＿＿＿＿＿＿
＿＿＿＿＿＿＿＿＿＿
＿＿＿＿＿＿＿＿＿＿
＿＿＿＿＿＿＿＿＿＿
＿＿＿＿＿＿＿＿＿＿
＿＿＿＿＿＿＿＿＿＿
＿＿＿＿＿＿＿＿＿＿
＿＿■＿＿＿＿＿＿＿
＿□■■□＿＿＿□＿
＿□■□□□□＿□＿
□□□□□□□□□＿
□□□□□□□□□＿
□□□□□□□□□＿
□□□□□□□□□＿
□□□□□□□□□＿
00:30:18(54568f):field(54567f)
＿＿＿＿＿＿＿＿＿＿
＿＿＿＿＿＿＿＿＿＿
＿＿＿＿＿＿＿＿＿＿
＿＿＿＿＿＿＿＿＿＿
＿＿＿＿＿＿＿＿＿＿
＿＿＿＿＿＿＿＿＿＿
＿＿＿＿＿＿＿＿＿＿
＿＿＿＿＿＿＿＿＿＿
＿＿＿＿＿＿＿＿＿＿
＿＿＿＿＿＿＿＿＿＿
＿＿＿＿＿＿＿＿＿＿
＿＿＿＿＿＿＿＿＿＿
＿＿□■■■＿＿＿＿
＿□□□□■＿＿□＿
＿□□□□□□＿□＿
□□□□□□□□□＿
□□□□□□□□□＿
□□□□□□□□□＿
□□□□□□□□□＿
□□□□□□□□□＿
00:30:19(54583f):field(54582f)
＿＿＿＿＿＿＿＿＿＿
＿＿＿＿＿＿＿＿＿＿
＿＿＿＿＿＿＿＿＿＿
＿＿＿＿＿＿＿＿＿＿
＿＿＿＿＿＿＿＿＿＿
＿＿＿＿＿＿＿＿＿＿
＿＿＿＿＿＿＿＿＿＿
＿＿＿＿＿＿＿＿＿＿
＿＿＿＿＿＿＿＿＿＿
＿＿＿＿■＿＿＿＿＿
＿＿＿■■＿＿＿＿＿
＿＿＿■＿＿＿＿＿＿
＿＿□□□□＿＿＿＿
＿□□□□□＿＿□＿
＿□□□□□□＿□＿
□□□□□□□□□＿
□□□□□□□□□＿
□□□□□□□□□＿
□□□□□□□□□＿
□□□□□□□□□＿
00:30:19(54599f):field(54598f)
＿＿＿＿＿＿＿＿＿＿
＿＿＿＿＿＿＿＿＿＿
＿＿＿＿＿＿＿＿＿＿
＿＿＿＿＿＿＿＿＿＿
＿＿＿＿＿＿＿＿＿＿
＿＿＿＿＿＿＿＿＿＿
＿＿＿＿＿＿＿＿＿＿
＿＿＿＿＿＿＿＿＿＿
＿＿＿＿＿＿＿＿＿＿
＿＿＿＿□＿＿＿＿＿
＿＿＿□□＿＿＿＿＿
＿＿＿□＿＿＿＿＿＿
＿＿□□□□■＿＿＿
＿□□□□□■■□＿
＿□□□□□□■□＿
□□□□□□□□□＿
□□□□□□□□□＿
□□□□□□□□□＿
□□□□□□□□□＿
□□□□□□□□□＿
00:30:20(54612f):field(54611f)
＿＿＿＿＿＿＿＿＿＿
＿＿＿＿＿＿＿＿＿＿
＿＿＿＿＿＿＿＿＿＿
＿＿＿＿＿＿＿＿＿＿
＿＿＿＿＿＿＿＿＿＿
＿＿＿＿＿＿＿＿＿＿
＿＿＿＿＿＿＿＿＿＿
＿＿＿＿＿＿＿＿＿＿
＿＿＿＿＿＿＿＿＿＿
＿＿＿＿□＿＿＿＿＿
＿＿＿□□＿■＿＿＿
＿＿＿□■■■＿＿＿
＿＿□□□□□＿＿＿
＿□□□□□□□□＿
＿□□□□□□□□＿
□□□□□□□□□＿
□□□□□□□□□＿
□□□□□□□□□＿
□□□□□□□□□＿
□□□□□□□□□＿
00:30:20(54628f):field(54627f)
＿＿＿＿＿＿＿＿＿＿
＿＿＿＿＿＿＿＿＿＿
＿＿＿＿＿＿＿＿＿＿
＿＿＿＿＿＿＿＿＿＿
＿＿＿＿＿＿＿＿＿＿
＿＿＿＿＿＿＿＿＿＿
＿＿＿＿＿＿＿＿＿＿
＿＿＿＿＿＿＿＿＿＿
＿＿＿＿＿＿＿＿＿＿
＿＿＿＿□＿＿＿＿＿
＿＿＿□□＿□＿＿＿
＿＿＿□□□□■■＿
＿＿□□□□□■■＿
＿□□□□□□□□＿
＿□□□□□□□□＿
□□□□□□□□□＿
□□□□□□□□□＿
□□□□□□□□□＿
□□□□□□□□□＿
□□□□□□□□□＿
00:30:21(54645f):field(54644f)
＿＿＿＿＿＿＿＿＿＿
＿＿＿＿＿＿＿＿＿＿
＿＿＿＿＿＿＿＿＿＿
＿＿＿＿＿＿＿＿＿＿
＿＿＿＿＿＿＿＿＿＿
＿＿＿＿＿＿＿＿＿＿
＿＿＿＿＿＿＿＿＿＿
＿＿＿＿＿＿＿＿＿＿
＿＿＿■■＿＿＿＿＿
＿＿■■□＿＿＿＿＿
＿＿＿□□＿□＿＿＿
＿＿＿□□□□□□＿
＿＿□□□□□□□＿
＿□□□□□□□□＿
＿□□□□□□□□＿
□□□□□□□□□＿
□□□□□□□□□＿
□□□□□□□□□＿
□□□□□□□□□＿
□□□□□□□□□＿
00:30:21(54657f):field(54656f)
＿＿＿＿＿＿＿＿＿＿
＿＿＿＿＿＿＿＿＿＿
＿＿＿＿＿＿＿＿＿＿
＿＿＿＿＿＿＿＿＿＿
＿＿＿＿＿＿＿＿＿＿
＿＿＿＿＿＿＿＿＿＿
＿＿＿＿＿＿＿＿＿＿
＿＿＿＿＿＿＿＿＿＿
＿＿＿□□＿■＿＿＿
＿＿□□□■■＿＿＿
＿＿＿□□■□＿＿＿
＿＿＿□□□□□□＿
＿＿□□□□□□□＿
＿□□□□□□□□＿
＿□□□□□□□□＿
□□□□□□□□□＿
□□□□□□□□□＿
□□□□□□□□□＿
□□□□□□□□□＿
□□□□□□□□□＿
00:30:22(54678f):field(54677f)
＿＿＿＿＿＿＿＿＿＿
＿＿＿＿＿＿＿＿＿＿
＿＿＿＿＿＿＿＿＿＿
＿＿＿＿＿＿＿＿＿＿
＿＿＿＿＿＿＿＿＿＿
＿＿＿＿＿＿＿＿＿＿
＿＿＿＿＿＿＿＿＿＿
＿＿＿＿＿＿＿＿＿＿
＿＿＿◆◆＿◆＿＿＿
＿＿◆◆◆◆◆＿＿＿
＿＿＿◆◆◆◆＿＿＿
＿＿＿◆◆◆◆◆◆＿
＿＿◆□□◆□◆◆＿
＿◆□□□□□◆◆＿
＿◆◆□□□□◆◆＿
◆◆◆□□□□□□＿
◆◆□□□□□□□＿
◆□□□□□□□□■
◆□□□□□□□□＿
□□□□□□□□□＿
00:30:23(54690f):field(54689f)
＿＿＿＿＿＿＿＿＿＿
＿＿＿＿＿＿＿＿＿＿
＿＿＿＿＿＿＿＿＿＿
＿＿＿＿＿＿＿＿＿＿
＿＿＿＿＿＿＿＿＿＿
＿＿＿＿＿＿＿＿＿＿
＿＿＿＿＿＿＿＿＿＿
＿＿＿＿＿＿＿＿＿＿
＿＿＿＿＿＿＿＿＿＿
＿＿＿＿＿＿＿＿＿＿
＿＿＿＿＿＿＿＿＿＿
＿＿＿＿＿＿＿＿＿＿
＿＿＿□□＿□＿＿＿
＿＿□□□□□＿＿＿
＿＿＿□□□□＿＿＿
＿＿＿□□□□□□＿
■■□□□□□□□＿
■□□□□□□□□◆
■□□□□□□□□＿
□□□□□□□□□＿
00:30:23(54708f):field(54707f)
＿＿＿＿＿＿＿＿＿＿
＿＿＿＿＿＿＿＿＿＿
＿＿＿＿＿＿＿＿＿＿
＿＿＿＿＿＿＿＿＿＿
＿＿＿＿＿＿＿＿＿＿
＿＿＿＿＿＿＿＿＿＿
＿＿＿＿＿＿＿＿＿＿
＿＿＿＿＿＿＿＿＿＿
＿＿＿＿＿＿＿＿＿＿
＿＿＿＿＿＿＿＿＿＿
＿＿＿＿＿＿＿＿＿＿
＿＿＿＿＿＿＿＿＿＿
＿＿＿□□＿□＿＿＿
＿＿□□□□□＿＿＿
＿＿■□□□□＿＿＿
■■■□□□□□□＿
□□□□□□□□□＿
□□□□□□□□□＿
□□□□□□□□□＿
□□□□□□□□□＿
00:30:24(54720f):field(54719f)
＿＿＿＿＿＿＿＿＿＿
＿＿＿＿＿＿＿＿＿＿
＿＿＿＿＿＿＿＿＿＿
＿＿＿＿＿＿＿＿＿＿
＿＿＿＿＿＿＿＿＿＿
＿＿＿＿＿＿＿＿＿＿
＿＿＿＿＿＿＿＿＿＿
＿＿＿＿＿＿＿＿＿＿
＿＿＿＿＿＿＿＿＿＿
＿＿＿＿＿＿＿＿＿＿
＿＿＿＿■＿＿＿＿＿
＿＿＿＿■■＿＿＿＿
＿＿＿□□■□＿＿＿
＿＿□□□□□＿＿＿
＿＿□□□□□＿＿＿
□□□□□□□□□＿
□□□□□□□□□＿
□□□□□□□□□＿
□□□□□□□□□＿
□□□□□□□□□＿
00:30:24(54740f):field(54739f)
＿＿＿＿＿＿＿＿＿＿
＿＿＿＿＿＿＿＿＿＿
＿＿＿＿＿＿＿＿＿＿
＿＿＿＿＿＿＿＿＿＿
＿＿＿＿＿＿＿＿＿＿
＿＿＿＿＿＿＿＿＿＿
＿＿＿＿＿＿＿＿＿＿
＿＿＿＿＿＿＿＿＿＿
＿＿＿＿＿＿＿＿＿＿
＿＿＿＿＿＿＿＿＿＿
＿＿＿＿◆＿＿＿＿＿
＿＿＿＿◆◆＿＿＿＿
＿＿＿◆◆◆◆＿＿＿
＿＿◆◆◆◆◆＿＿＿
＿＿◆◆□◆◆＿＿＿
◆◆□◆□□◆◆◆＿
◆□◆□□□□◆□＿
◆◆□□□□□□◆＿
◆◆□□□□□◆◆＿
□□□□□□□□□■
00:30:25(54752f):field(54751f)
＿＿＿＿＿＿＿＿＿＿
＿＿＿＿＿＿＿＿＿＿
＿＿＿＿＿＿＿＿＿＿
＿＿＿＿＿＿＿＿＿＿
＿＿＿＿＿＿＿＿＿＿
＿＿＿＿＿＿＿＿＿＿
＿＿＿＿＿＿＿＿＿＿
＿＿＿＿＿＿＿＿＿＿
＿＿＿＿＿＿＿＿＿＿
＿＿＿＿＿＿＿＿＿＿
＿＿＿＿＿＿＿＿＿＿
＿＿＿＿＿＿＿＿＿＿
＿＿＿＿＿＿＿＿＿＿
＿＿＿＿＿＿＿＿＿＿
＿＿＿＿□＿＿＿＿＿
＿＿◆＿□□＿＿＿＿
＿◆＿□□□□＿◆＿
■■□□□□□◆＿＿
■■□□□□□＿＿＿
□□□□□□□□□◆
00:30:25(54765f):field(54764f)
＿＿＿＿＿＿＿＿＿＿
＿＿＿＿＿＿＿＿＿＿
＿＿＿＿＿＿＿＿＿＿
＿＿＿＿＿＿＿＿＿＿
＿＿＿＿＿＿＿＿＿＿
＿＿＿＿＿＿＿＿＿＿
＿＿＿＿＿＿＿＿＿＿
＿＿＿＿＿＿＿＿＿＿
＿＿＿＿＿＿＿＿＿＿
＿＿＿＿＿＿＿＿＿＿
＿＿＿＿＿＿＿＿＿＿
＿＿＿＿＿＿＿＿＿＿
＿＿＿＿＿＿＿＿＿＿
＿＿＿＿＿＿＿＿＿＿
＿＿＿＿□＿＿＿＿＿
■＿＿＿□□＿＿＿＿
■■■□□□□＿＿＿
□□□□□□□＿＿＿
□□□□□□□＿＿＿
□□□□□□□□□＿
00:30:25(54777f):field(54776f)
＿＿＿＿＿＿＿＿＿＿
＿＿＿＿＿＿＿＿＿＿
＿＿＿＿＿＿＿＿＿＿
＿＿＿＿＿＿＿＿＿＿
＿＿＿＿＿＿＿＿＿＿
＿＿＿＿＿＿＿＿＿＿
＿＿＿＿＿＿＿＿＿＿
＿＿＿＿＿＿＿＿＿＿
＿＿＿＿＿＿＿＿＿＿
＿＿＿＿＿＿＿＿＿＿
＿＿＿＿＿＿＿＿＿＿
＿＿＿＿＿＿＿＿＿＿
＿＿＿＿＿＿＿＿＿＿
＿＿＿＿＿＿＿＿＿＿
＿＿■＿□＿＿＿＿＿
□■■■□□＿＿＿＿
□□□□□□□＿＿＿
□□□□□□□＿＿＿
□□□□□□□＿＿＿
□□□□□□□□□＿
00:30:26(54795f):field(54794f)
＿＿＿＿＿＿＿＿＿＿
＿＿＿＿＿＿＿＿＿＿
＿＿＿＿＿＿＿＿＿＿
＿＿＿＿＿＿＿＿＿＿
＿＿＿＿＿＿＿＿＿＿
＿＿＿＿＿＿＿＿＿＿
＿＿＿＿＿＿＿＿＿＿
＿＿＿＿＿＿＿＿＿＿
＿＿＿＿＿＿＿＿＿＿
＿＿＿＿＿＿＿＿＿＿
＿＿＿＿＿＿＿＿＿＿
＿＿＿＿＿＿＿＿＿＿
＿＿＿＿■＿＿＿＿＿
＿＿＿＿■■＿＿＿＿
＿＿□＿□■＿＿＿＿
□□□□□□＿＿＿＿
□□□□□□□＿＿＿
□□□□□□□＿＿＿
□□□□□□□＿＿＿
□□□□□□□□□＿
00:30:27(54814f):field(54813f)
＿＿＿＿＿＿＿＿＿＿
＿＿＿＿＿＿＿＿＿＿
＿＿＿＿＿＿＿＿＿＿
＿＿＿＿＿＿＿＿＿＿
＿＿＿＿＿＿＿＿＿＿
＿＿＿＿＿＿＿＿＿＿
＿＿＿＿＿＿＿＿＿＿
＿＿＿＿＿＿＿＿＿＿
＿＿＿＿＿＿＿＿＿＿
＿＿＿＿＿＿＿＿＿＿
＿＿＿＿＿＿＿＿＿＿
＿＿＿＿＿＿＿＿＿＿
＿＿＿＿□＿＿＿＿＿
＿＿＿＿□□＿＿＿＿
＿＿□＿□□＿＿＿＿
□□□□□□＿＿＿＿
□□□□□□□＿＿＿
□□□□□□□■■＿
□□□□□□□＿■■
□□□□□□□□□＿
00:30:27(54827f):field(54826f)
＿＿＿＿＿＿＿＿＿＿
＿＿＿＿＿＿＿＿＿＿
＿＿＿＿＿＿＿＿＿＿
＿＿＿＿＿＿＿＿＿＿
＿＿＿＿＿＿＿＿＿＿
＿＿＿＿＿＿＿＿＿＿
＿＿＿＿＿＿＿＿＿＿
＿＿＿＿＿＿＿＿＿＿
＿＿＿＿＿＿＿＿＿＿
＿＿＿＿＿＿＿＿＿＿
＿＿＿＿＿＿＿＿＿＿
＿＿＿＿＿＿＿＿＿＿
＿＿＿＿□＿＿＿＿＿
■■＿＿□□＿＿＿＿
■■□＿□□＿＿＿＿
□□□□□□＿＿＿＿
□□□□□□□＿＿＿
□□□□□□□□□＿
□□□□□□□＿□□
□□□□□□□□□＿
00:30:28(54844f):field(54843f)
＿＿＿＿＿＿＿＿＿＿
＿＿＿＿＿＿＿＿＿＿
＿＿＿＿＿＿＿＿＿＿
＿＿＿＿＿＿＿＿＿＿
＿＿＿＿＿＿＿＿＿＿
＿＿＿＿＿＿＿＿＿＿
＿＿＿＿＿＿＿＿＿＿
＿＿＿＿＿＿＿＿＿＿
＿＿＿＿＿＿＿＿＿＿
＿＿＿＿＿＿＿＿＿＿
＿＿＿＿＿＿＿＿＿＿
＿＿＿＿＿＿＿＿＿＿
＿＿＿＿□■■＿＿＿
□□＿＿□□■＿＿＿
□□□＿□□■＿＿＿
□□□□□□＿＿＿＿
□□□□□□□＿＿＿
□□□□□□□□□＿
□□□□□□□＿□□
□□□□□□□□□＿
00:30:28(54861f):field(54860f)
＿＿＿＿＿＿＿＿＿＿
＿＿＿＿＿＿＿＿＿＿
＿＿＿＿＿＿＿＿＿＿
＿＿＿＿＿＿＿＿＿＿
＿＿＿＿＿＿＿＿＿＿
＿＿＿＿＿＿＿＿＿＿
＿＿＿＿＿＿＿＿＿＿
＿＿＿＿＿＿＿＿＿＿
＿＿＿＿＿＿＿＿＿＿
＿＿＿＿＿＿＿＿＿＿
＿＿＿＿＿＿＿＿＿＿
＿＿＿＿＿＿＿＿＿＿
＿＿＿＿□□□＿＿＿
□□＿＿□□□＿＿＿
□□□＿□□□■＿＿
□□□□□□■■＿＿
□□□□□□□■＿＿
□□□□□□□□□＿
□□□□□□□＿□□
□□□□□□□□□＿
00:30:29(54873f):field(54872f)
＿＿＿＿＿＿＿＿＿＿
＿＿＿＿＿＿＿＿＿＿
＿＿＿＿＿＿＿＿＿＿
＿＿＿＿＿＿＿＿＿＿
＿＿＿＿＿＿＿＿＿＿
＿＿＿＿＿＿＿＿＿＿
＿＿＿＿＿＿＿＿＿＿
＿＿＿＿＿＿＿＿＿＿
＿＿＿＿＿＿＿＿＿＿
＿＿＿＿＿＿＿＿＿＿
＿＿＿＿＿＿＿＿＿＿
＿＿＿＿＿＿＿＿＿＿
＿＿■＿□□□＿＿＿
□□■■□□□＿＿＿
□□□■□□□□＿＿
□□□□□□□□＿＿
□□□□□□□□＿＿
□□□□□□□□□＿
□□□□□□□＿□□
□□□□□□□□□＿
00:30:29(54886f):field(54885f)
＿＿＿＿＿＿＿＿＿＿
＿＿＿＿＿＿＿＿＿＿
＿＿＿＿＿＿＿＿＿＿
＿＿＿＿＿＿＿＿＿＿
＿＿＿＿＿＿＿＿＿＿
＿＿＿＿＿＿＿＿＿＿
＿＿＿＿＿＿＿＿＿＿
＿＿＿＿＿＿＿＿＿＿
＿＿＿＿＿＿＿＿＿＿
＿＿＿＿＿＿＿＿＿＿
＿＿＿＿■＿＿＿＿＿
＿＿＿＿■■■＿＿＿
＿＿□＿□□□＿＿＿
□□□□□□□＿＿＿
□□□□□□□□＿＿
□□□□□□□□＿＿
□□□□□□□□＿＿
□□□□□□□□□＿
□□□□□□□＿□□
□□□□□□□□□＿
00:30:30(54902f):field(54901f)
＿＿＿＿＿＿＿＿＿＿
＿＿＿＿＿＿＿＿＿＿
＿＿＿＿＿＿＿＿＿＿
＿＿＿＿＿＿＿＿＿＿
＿＿＿＿＿＿＿＿＿＿
＿＿＿＿＿＿＿＿＿＿
＿＿＿＿＿＿＿＿＿＿
＿＿＿＿＿＿＿＿＿＿
＿＿＿＿＿＿＿＿＿＿
＿＿＿＿＿＿＿＿＿＿
＿＿＿＿□＿＿■＿＿
＿＿＿＿□□□■＿＿
＿＿□＿□□□■＿＿
□□□□□□□■＿＿
□□□□□□□□＿＿
□□□□□□□□＿＿
□□□□□□□□＿＿
□□□□□□□□□＿
□□□□□□□＿□□
□□□□□□□□□＿
00:30:30(54917f):field(54916f)
＿＿＿＿＿＿＿＿＿＿
＿＿＿＿＿＿＿＿＿＿
＿＿＿＿＿＿＿＿＿＿
＿＿＿＿＿＿＿＿＿＿
＿＿＿＿＿＿＿＿＿＿
＿＿＿＿＿＿＿＿＿＿
＿＿＿＿＿＿＿＿＿＿
＿＿＿＿＿＿＿＿＿＿
＿＿＿＿＿＿＿＿＿＿
＿＿＿＿＿＿＿＿＿＿
■＿＿＿□＿＿□＿＿
■＿＿＿□□□□＿＿
■■□＿□□□□＿＿
□□□□□□□□＿＿
□□□□□□□□＿＿
□□□□□□□□＿＿
□□□□□□□□＿＿
□□□□□□□□□＿
□□□□□□□＿□□
□□□□□□□□□＿
00:30:30(54929f):field(54928f)
＿＿＿＿＿＿＿＿＿＿
＿＿＿＿＿＿＿＿＿＿
＿＿＿＿＿＿＿＿＿＿
＿＿＿＿＿＿＿＿＿＿
＿＿＿＿＿＿＿＿＿＿
＿＿＿＿＿＿＿＿＿＿
＿＿＿＿＿＿＿＿＿＿
＿＿＿＿＿＿＿＿＿＿
＿＿＿＿＿＿＿＿＿＿
＿＿＿＿■■＿＿＿＿
□＿＿＿□■■□＿＿
□＿＿＿□□□□＿＿
□□□＿□□□□＿＿
□□□□□□□□＿＿
□□□□□□□□＿＿
□□□□□□□□＿＿
□□□□□□□□＿＿
□□□□□□□□□＿
□□□□□□□＿□□
□□□□□□□□□＿
00:30:31(54940f):field(54939f)
＿＿＿＿＿＿＿＿＿＿
＿＿＿＿＿＿＿＿＿＿
＿＿＿＿＿＿＿＿＿＿
＿＿＿＿＿＿＿＿＿＿
＿＿＿＿＿＿＿＿＿＿
＿＿＿＿＿＿＿＿＿＿
＿＿＿＿＿＿＿＿＿＿
＿＿＿＿■■＿＿＿＿
＿＿＿＿■■＿＿＿＿
＿＿＿＿□□＿＿＿＿
□＿＿＿□□□□＿＿
□＿＿＿□□□□＿＿
□□□＿□□□□＿＿
□□□□□□□□＿＿
□□□□□□□□＿＿
□□□□□□□□＿＿
□□□□□□□□＿＿
□□□□□□□□□＿
□□□□□□□＿□□
□□□□□□□□□＿
00:30:31(54952f):field(54951f)
＿＿＿＿＿＿＿＿＿＿
＿＿＿＿＿＿＿＿＿＿
＿＿＿＿＿＿＿＿＿＿
＿＿＿＿＿＿＿＿＿＿
＿＿＿＿＿＿＿＿＿＿
＿＿＿＿＿＿＿＿＿＿
＿＿＿＿＿＿＿＿＿＿
＿＿＿＿□□＿＿＿＿
＿＿＿＿□□＿＿＿＿
＿＿＿＿□□＿＿＿＿
□＿■＿□□□□＿＿
□＿■■□□□□＿＿
□□□■□□□□＿＿
□□□□□□□□＿＿
□□□□□□□□＿＿
□□□□□□□□＿＿
□□□□□□□□＿＿
□□□□□□□□□＿
□□□□□□□＿□□
□□□□□□□□□＿
00:30:32(54965f):field(54964f)
＿＿＿＿＿＿＿＿＿＿
＿＿＿＿＿＿＿＿＿＿
＿＿＿＿＿＿＿＿＿＿
＿＿＿＿＿＿＿＿＿＿
＿＿＿＿＿＿＿＿＿＿
＿＿＿＿＿＿＿＿＿＿
＿＿＿＿＿＿＿＿＿＿
＿＿＿＿□□＿＿＿＿
＿＿＿■□□＿＿＿＿
＿＿■■□□＿＿＿＿
□＿□■□□□□＿＿
□＿□□□□□□＿＿
□□□□□□□□＿＿
□□□□□□□□＿＿
□□□□□□□□＿＿
□□□□□□□□＿＿
□□□□□□□□＿＿
□□□□□□□□□＿
□□□□□□□＿□□
□□□□□□□□□＿
00:30:32(54983f):field(54982f)
＿＿＿＿＿＿＿＿＿＿
＿＿＿＿＿＿＿＿＿＿
＿＿＿＿＿＿＿＿＿＿
＿＿＿＿＿＿＿＿＿＿
＿＿＿＿＿＿＿＿＿＿
＿＿＿＿＿＿＿＿＿＿
＿＿＿＿＿＿＿＿＿＿
＿＿＿＿◆◆＿＿＿＿
＿＿＿◆□□＿＿＿＿
＿＿◆□□□＿＿＿＿
◆＿□□□□◆◆＿＿
□＿□□□□□□＿＿
□◆□□□□□□＿＿
□□□□□□□□＿＿
□□□□□□□□＿＿
□□□□□□□□■■
□□□□□□□□■＿
□□□□□□□□□＿
□□□□□□□＿□□
□□□□□□□□□＿
00:30:33(54998f):field(54997f)
＿＿＿＿＿＿＿＿＿＿
＿＿＿＿＿＿＿＿＿＿
＿＿＿＿＿＿＿＿＿＿
＿＿＿＿＿＿＿＿＿＿
＿＿＿＿＿＿＿＿＿＿
＿＿＿＿＿＿＿＿＿＿
＿＿＿＿＿＿＿＿＿＿
＿＿＿＿＿＿＿＿＿＿
＿＿＿＿◆◆＿＿＿＿
＿＿＿◆◆◆＿＿＿＿
＿＿◆◆◆◆＿＿＿＿
◆＿◆◆□□◆◆＿＿
◆＿◆□□□◆◆＿＿
◆◆□□□□◆◆＿＿
□◆□□□□□□＿＿
□◆□□□□□□◆◆
□□□□□□□□□＿
□□□□□□□□◆■
□□□□□□□＿□□
□□□□□□□□□＿
00:30:33(55016f):field(55015f)
＿＿＿＿＿＿＿＿＿＿
＿＿＿＿＿＿＿＿＿＿
＿＿＿＿＿＿＿＿＿＿
＿＿＿＿＿＿＿＿＿＿
＿＿＿＿＿＿＿＿＿＿
＿＿＿＿＿＿＿＿＿＿
＿＿＿＿＿＿＿＿＿＿
＿＿＿＿＿＿＿＿＿＿
＿＿＿＿＿＿＿＿＿＿
＿＿＿＿＿＿＿＿＿＿
＿＿＿＿＿＿＿＿＿＿
＿＿＿＿◆◆＿＿＿＿
＿＿＿◆□□＿＿＿＿
＿＿◆□□□＿＿＿＿
◆＿□□□□◆◆■＿
□＿□□□□□□＿＿
□◆□□□□□□□■
□□□□□□□□＿□
□□□□□□□＿□□
□□□□□□□□□＿
00:30:34(55031f):field(55030f)
＿＿＿＿＿＿＿＿＿＿
＿＿＿＿＿＿＿＿＿＿
＿＿＿＿＿＿＿＿＿＿
＿＿＿＿＿＿＿＿＿＿
＿＿＿＿＿＿＿＿＿＿
＿＿＿＿＿＿＿＿＿＿
＿＿＿＿＿＿＿＿＿＿
＿＿＿＿＿＿＿＿＿＿
＿＿＿＿＿＿＿＿＿＿
＿＿＿＿＿＿＿＿＿＿
＿＿＿＿＿＿＿＿＿＿
＿＿＿＿＿＿＿＿＿＿
＿＿＿＿□□＿＿＿＿
■＿＿□□□＿＿＿＿
■■□□□□＿＿◆＿
□■□□□□□□＿＿
□＿□□□□□□□□
□□□□□□□□＿□
□□□□□□□＿□□
□□□□□□□□□＿
00:30:35(55050f):field(55049f)
＿＿＿＿＿＿＿＿＿＿
＿＿＿＿＿＿＿＿＿＿
＿＿＿＿＿＿＿＿＿＿
＿＿＿＿＿＿＿＿＿＿
＿＿＿＿＿＿＿＿＿＿
＿＿＿＿＿＿＿＿＿＿
＿＿＿＿＿＿＿＿＿＿
＿＿＿＿＿＿＿＿＿＿
＿＿＿＿＿＿＿＿＿＿
＿＿＿＿＿＿＿＿＿＿
＿＿＿＿＿＿＿＿＿＿
＿＿＿＿＿＿＿＿＿＿
＿＿＿＿◆◆＿＿＿＿
◆＿＿◆□□＿＿＿＿
□◆◆□□□＿＿＿＿
□□□□□□◆□■＿
□＿□□□□□□□□
□□□□□□□□＿□
□□□□□□□＿□□
□□□□□□□□□＿
00:30:35(55064f):field(55063f)
＿＿＿＿＿＿＿＿＿＿
＿＿＿＿＿＿＿＿＿＿
＿＿＿＿＿＿＿＿＿＿
＿＿＿＿＿＿＿＿＿＿
＿＿＿＿＿＿＿＿＿＿
＿＿＿＿＿＿＿＿＿＿
＿＿＿＿＿＿＿＿＿＿
＿＿＿＿＿＿＿＿＿＿
＿＿＿＿＿＿＿＿＿＿
＿＿＿＿＿＿＿＿＿＿
＿＿＿＿＿＿＿＿＿＿
＿＿＿＿＿＿＿＿＿＿
＿＿＿＿＿＿＿＿＿＿
＿＿＿＿□□＿＿＿＿
□＿＿□□□■■■＿
□□□□□□■□□＿
□＿□□□□□□□□
□□□□□□□□＿□
□□□□□□□＿□□
□□□□□□□□□＿
00:30:35(55078f):field(55077f)
＿＿＿＿＿＿＿＿＿＿
＿＿＿＿＿＿＿＿＿＿
＿＿＿＿＿＿＿＿＿＿
＿＿＿＿＿＿＿＿＿＿
＿＿＿＿＿＿＿＿＿＿
＿＿＿＿＿＿＿＿＿＿
＿＿＿＿＿＿＿＿＿＿
＿＿＿＿＿＿＿＿＿＿
＿＿＿＿＿＿＿＿＿＿
＿＿＿＿＿＿＿＿＿＿
＿＿＿＿＿＿＿＿＿＿
＿＿＿＿＿＿＿＿＿＿
＿＿＿＿■■■＿＿＿
＿＿＿＿□□■＿＿＿
□＿＿□□□□□□＿
□□□□□□□□□＿
□＿□□□□□□□□
□□□□□□□□＿□
□□□□□□□＿□□
□□□□□□□□□＿
00:30:36(55094f):field(55093f)
＿＿＿＿＿＿＿＿＿＿
＿＿＿＿＿＿＿＿＿＿
＿＿＿＿＿＿＿＿＿＿
＿＿＿＿＿＿＿＿＿＿
＿＿＿＿＿＿＿＿＿＿
＿＿＿＿＿＿＿＿＿＿
＿＿＿＿＿＿＿＿＿＿
＿＿＿＿＿＿＿＿＿＿
＿＿＿＿＿＿＿＿＿＿
＿＿＿＿＿＿＿＿＿＿
＿＿＿＿＿＿＿＿＿＿
＿＿＿＿＿＿＿＿＿＿
＿＿＿＿◆◆◆＿＿＿
＿＿＿＿□□□＿＿■
◆■＿◆□□□◆◆■
□◆◆□□□□□□■
□＿□□□□□□□□
□□□□□□□□＿□
□□□□□□□■□□
□□□□□□□□□＿
00:30:37(55110f):field(55109f)
＿＿＿＿＿＿＿＿＿＿
＿＿＿＿＿＿＿＿＿＿
＿＿＿＿＿＿＿＿＿＿
＿＿＿＿＿＿＿＿＿＿
＿＿＿＿＿＿＿＿＿＿
＿＿＿＿＿＿＿＿＿＿
＿＿＿＿＿＿＿＿＿＿
＿＿＿＿＿＿＿＿＿＿
＿＿＿＿＿＿＿＿＿＿
＿＿＿＿＿＿＿＿＿＿
＿＿＿＿＿＿＿＿＿＿
＿＿＿＿＿＿＿＿＿＿
＿＿＿＿＿＿＿＿＿＿
＿＿＿＿◆◆◆＿＿◆
＿□＿＿□□□＿＿□
◆＿■□□□□□◆□
□＿□□□□□□□□
□□□□□□□□＿□
□□□□□□□◆□□
□□□□□□□□□＿
00:30:37(55123f):field(55122f)
＿＿＿＿＿＿＿＿＿＿
＿＿＿＿＿＿＿＿＿＿
＿＿＿＿＿＿＿＿＿＿
＿＿＿＿＿＿＿＿＿＿
＿＿＿＿＿＿＿＿＿＿
＿＿＿＿＿＿＿＿＿＿
＿＿＿＿＿＿＿＿＿＿
＿＿＿＿＿＿＿＿＿＿
＿＿＿＿＿＿＿＿＿＿
＿＿＿＿＿＿＿＿＿＿
＿＿＿＿＿＿＿＿＿＿
＿＿＿＿＿＿＿＿＿＿
＿＿＿＿■＿＿＿＿＿
＿＿＿■■＿＿＿＿＿
＿◆＿■□□□＿＿□
＿＿□□□□□◆＿□
□＿□□□□□□□□
□□□□□□□□＿□
□□□□□□□＿□□
□□□□□□□□□＿
00:30:38(55143f):field(55142f)
＿＿＿＿＿＿＿＿＿＿
＿＿＿＿＿＿＿＿＿＿
＿＿＿＿＿＿＿＿＿＿
＿＿＿＿＿＿＿＿＿＿
＿＿＿＿＿＿＿＿＿＿
＿＿＿＿＿＿＿＿＿＿
＿＿＿＿＿＿＿＿＿＿
＿＿＿＿＿＿＿＿＿＿
＿＿＿＿＿＿＿＿＿＿
＿＿＿＿＿＿＿＿＿＿
＿＿＿＿＿＿＿＿＿＿
＿＿＿＿＿＿＿＿＿＿
＿＿＿＿◆＿＿＿＿＿
＿＿＿◆□＿＿＿＿＿
＿＿＿□□◆◆＿＿◆
＿■◆□□□□＿＿□
□■□□□□□◆◆□
□□□□□□□□＿□
□□□□□□□＿□□
□□□□□□□□□＿
00:30:39(55172f):field(55171f)
＿＿＿＿＿＿＿＿＿＿
＿＿＿＿＿＿＿＿＿＿
＿＿＿＿＿＿＿＿＿＿
＿＿＿＿＿＿＿＿＿＿
＿＿＿＿＿＿＿＿＿＿
＿＿＿＿＿＿＿＿＿＿
＿＿＿＿＿＿＿＿＿＿
＿＿＿＿＿＿＿＿＿＿
＿＿＿＿＿＿＿＿＿＿
＿＿＿＿＿＿＿＿＿＿
＿＿＿＿＿＿＿＿＿＿
＿＿＿＿＿＿＿＿＿＿
＿＿＿＿＿＿＿＿＿＿
＿＿■■□■■＿＿＿
＿＿■□□■■＿＿＿
＿□■□□□□＿＿□
□□□□□□□＿＿□
□□□□□□□□＿□
□□□□□□□＿□□
□□□□□□□□□＿
00:30:39(55188f):field(55187f)
＿＿＿＿＿＿＿＿＿＿
＿＿＿＿＿＿＿＿＿＿
＿＿＿＿＿＿＿＿＿＿
＿＿＿＿＿＿＿＿＿＿
＿＿＿＿＿＿＿＿＿＿
＿＿＿＿＿＿＿＿＿＿
＿＿＿＿＿＿＿＿＿＿
＿＿＿＿＿＿＿＿＿＿
＿＿＿＿＿＿＿＿＿＿
＿＿＿＿＿＿＿＿＿＿
＿＿＿＿＿＿＿＿＿＿
＿＿＿＿＿＿＿＿＿＿
＿＿＿＿＿＿＿＿＿＿
■■□□□□□＿＿＿
■＿□□□□□＿＿＿
■□□□□□□＿＿□
□□□□□□□＿＿□
□□□□□□□□＿□
□□□□□□□＿□□
□□□□□□□□□＿
00:30:40(55206f):field(55205f)
＿＿＿＿＿＿＿＿＿＿
＿＿＿＿＿＿＿＿＿＿
＿＿＿＿＿＿＿＿＿＿
＿＿＿＿＿＿＿＿＿＿
＿＿＿＿＿＿＿＿＿＿
＿＿＿＿＿＿＿＿＿＿
＿＿＿＿＿＿＿＿＿＿
＿＿＿＿＿＿＿＿＿＿
＿＿＿＿＿＿＿＿＿＿
＿＿＿＿＿＿＿＿＿＿
＿＿＿＿＿＿＿＿＿＿
＿＿＿＿＿＿＿＿＿＿
＿＿＿＿＿＿＿＿＿＿
◆◆◆◆◆◆◆＿＿＿
□■□□□□□＿＿＿
□◆□□□□□＿■◆
□□□□□□□＿■□
□□□□□□□□■□
□□□□□□□＿□□
□□□□□□□□□＿
00:30:40(55219f):field(55218f)
＿＿＿＿＿＿＿＿＿＿
＿＿＿＿＿＿＿＿＿＿
＿＿＿＿＿＿＿＿＿＿
＿＿＿＿＿＿＿＿＿＿
＿＿＿＿＿＿＿＿＿＿
＿＿＿＿＿＿＿＿＿＿
＿＿＿＿＿＿＿＿＿＿
＿＿＿＿＿＿＿＿＿＿
＿＿＿＿＿＿＿＿＿＿
＿＿＿＿＿＿＿＿＿＿
＿＿＿＿＿＿＿＿＿＿
＿＿＿＿■＿＿＿＿＿
＿＿＿■■＿＿＿＿＿
＿＿＿■＿＿＿＿＿＿
□□□□□□□＿＿＿
□＿□□□□□＿□＿
□□□□□□□＿□□
□□□□□□□◆□□
□□□□□□□＿□□
□□□□□□□□□＿
00:30:41(55237f):field(55236f)
＿＿＿＿＿＿＿＿＿＿
＿＿＿＿＿＿＿＿＿＿
＿＿＿＿＿＿＿＿＿＿
＿＿＿＿＿＿＿＿＿＿
＿＿＿＿＿＿＿＿＿＿
＿＿＿＿＿＿＿＿＿＿
＿＿＿＿＿＿＿＿＿＿
＿＿＿＿＿＿＿＿＿＿
＿＿＿＿＿＿＿＿＿＿
＿＿＿＿＿＿＿＿＿＿
＿＿＿＿＿＿＿＿＿＿
＿＿＿＿□＿＿＿＿＿
＿＿＿□□＿＿＿＿＿
＿＿＿□＿＿＿＿■＿
□□□□□□□＿■■
□＿□□□□□＿□■
□□□□□□□＿□□
□□□□□□□＿□□
□□□□□□□＿□□
□□□□□□□□□＿
00:30:41(55253f):field(55252f)
＿＿＿＿＿＿＿＿＿＿
＿＿＿＿＿＿＿＿＿＿
＿＿＿＿＿＿＿＿＿＿
＿＿＿＿＿＿＿＿＿＿
＿＿＿＿＿＿＿＿＿＿
＿＿＿＿＿＿＿＿＿＿
＿＿＿＿＿＿＿＿＿＿
＿＿＿＿＿＿＿＿＿＿
＿＿＿＿＿＿＿＿＿＿
＿＿＿＿＿＿＿＿＿＿
＿＿＿＿＿＿＿＿＿＿
＿＿＿＿□＿＿＿＿＿
＿＿＿□□■＿＿＿＿
＿＿＿□■■■＿□＿
□□□□□□□＿□□
□＿□□□□□＿□□
□□□□□□□＿□□
□□□□□□□＿□□
□□□□□□□＿□□
□□□□□□□□□＿
00:30:42(55268f):field(55267f)
＿＿＿＿＿＿＿＿＿＿
＿＿＿＿＿＿＿＿＿＿
＿＿＿＿＿＿＿＿＿＿
＿＿＿＿＿＿＿＿＿＿
＿＿＿＿＿＿＿＿＿＿
＿＿＿＿＿＿＿＿＿＿
＿＿＿＿＿＿＿＿＿＿
＿＿＿＿＿＿＿＿＿＿
＿＿＿＿＿＿＿＿＿＿
＿＿＿＿＿＿＿＿＿＿
＿＿＿＿＿＿＿＿＿＿
＿＿＿＿□＿＿＿＿＿
■■＿□□□＿＿＿＿
■■＿□□□□＿□＿
□□□□□□□＿□□
□＿□□□□□＿□□
□□□□□□□＿□□
□□□□□□□＿□□
□□□□□□□＿□□
□□□□□□□□□＿
00:30:42(55286f):field(55285f)
＿＿＿＿＿＿＿＿＿＿
＿＿＿＿＿＿＿＿＿＿
＿＿＿＿＿＿＿＿＿＿
＿＿＿＿＿＿＿＿＿＿
＿＿＿＿＿＿＿＿＿＿
＿＿＿＿＿＿＿＿＿＿
＿＿＿＿＿＿＿＿＿＿
＿＿＿＿＿＿＿＿＿＿
＿＿＿＿＿＿＿＿＿＿
＿＿＿＿＿＿＿＿＿＿
＿＿＿＿＿＿＿＿＿＿
＿＿＿＿◆＿＿＿＿＿
◆◆＿◆□◆＿＿＿＿
□□＿□□□□■◆＿
□□◆□□□□■□◆
□＿□□□□□＿□□
□□□□□□□＿□□
□□□□□□□＿□□
□□□□□□□＿□□
□□□□□□□□□＿
00:30:43(55299f):field(55298f)
＿＿＿＿＿＿＿＿＿＿
＿＿＿＿＿＿＿＿＿＿
＿＿＿＿＿＿＿＿＿＿
＿＿＿＿＿＿＿＿＿＿
＿＿＿＿＿＿＿＿＿＿
＿＿＿＿＿＿＿＿＿＿
＿＿＿＿＿＿＿＿＿＿
＿＿＿＿＿＿＿＿＿＿
＿＿＿＿＿＿＿＿＿＿
＿＿＿＿＿＿＿＿＿＿
＿＿＿＿＿＿＿＿＿＿
＿＿＿＿＿＿＿＿＿■
＿＿＿＿□＿＿＿＿■
□□＿□□□□□＿■
□□＿□□□□□□■
□＿□□□□□＿□□
□□□□□□□＿□□
□□□□□□□＿□□
□□□□□□□＿□□
□□□□□□□□□＿
00:30:43(55312f):field(55311f)
＿＿＿＿＿＿＿＿＿＿
＿＿＿＿＿＿＿＿＿＿
＿＿＿＿＿＿＿＿＿＿
＿＿＿＿＿＿＿＿＿＿
＿＿＿＿＿＿＿＿＿＿
＿＿＿＿＿＿＿＿＿＿
＿＿＿＿＿＿＿＿＿＿
＿＿＿＿＿＿＿＿＿＿
＿＿＿＿＿＿＿＿＿＿
＿＿＿＿＿＿＿＿＿＿
＿＿＿＿＿＿＿＿＿＿
＿＿＿＿＿＿＿＿＿◆
＿＿＿＿◆＿＿＿＿□
◆□■□□◆◆◆＿□
□□■□□□□□□□
□＿□□□□□＿□□
□□□□□□□＿□□
□□□□□□□＿□□
□□□□□□□＿□□
□□□□□□□□□＿
00:30:44(55326f):field(55325f)
＿＿＿＿＿＿＿＿＿＿
＿＿＿＿＿＿＿＿＿＿
＿＿＿＿＿＿＿＿＿＿
＿＿＿＿＿＿＿＿＿＿
＿＿＿＿＿＿＿＿＿＿
＿＿＿＿＿＿＿＿＿＿
＿＿＿＿＿＿＿＿＿＿
＿＿＿＿＿＿＿＿＿＿
＿＿＿＿＿＿＿＿＿＿
＿＿＿＿＿＿＿＿＿＿
＿＿＿＿＿＿＿＿＿＿
＿＿＿＿＿＿＿＿＿＿
＿＿＿＿＿＿＿＿＿◆
＿◆◆◆◆■＿■＿□
◆◆□□□◆□□□□
□＿□□□□□＿□□
□□□□□□□＿□□
□□□□□□□＿□□
□□□□□□□＿□□
□□□□□□□□□＿
00:30:44(55337f):field(55336f)
＿＿＿＿＿＿＿＿＿＿
＿＿＿＿＿＿＿＿＿＿
＿＿＿＿＿＿＿＿＿＿
＿＿＿＿＿＿＿＿＿＿
＿＿＿＿＿＿＿＿＿＿
＿＿＿＿＿＿＿＿＿＿
＿＿＿＿＿＿＿＿＿＿
＿＿＿＿＿＿＿＿＿＿
＿＿＿＿＿＿＿＿＿＿
＿＿＿＿＿＿＿＿＿＿
＿＿＿＿＿＿＿＿＿＿
＿＿＿＿＿＿＿＿＿＿
＿＿＿＿＿＿＿＿＿＿
＿＿＿＿■□＿□＿□
＿＿□□□■□□□□
□＿□□□□□＿□□
□□□□□□□＿□□
□□□□□□□＿□□
□□□□□□□＿□□
□□□□□□□□□＿
00:30:45(55350f):field(55349f)
＿＿＿＿＿＿＿＿＿＿
＿＿＿＿＿＿＿＿＿＿
＿＿＿＿＿＿＿＿＿＿
＿＿＿＿＿＿＿＿＿＿
＿＿＿＿＿＿＿＿＿＿
＿＿＿＿＿＿＿＿＿＿
＿＿＿＿＿＿＿＿＿＿
＿＿＿＿＿＿＿＿＿＿
＿＿＿＿＿＿＿＿＿＿
＿＿＿＿■＿＿＿＿＿
＿＿＿＿■＿＿＿＿＿
＿＿＿＿■＿＿＿＿＿
＿＿＿＿■＿＿＿＿＿
＿＿＿＿□□＿□＿□
＿＿□□□□□□□□
□＿□□□□□＿□□
□□□□□□□＿□□
□□□□□□□＿□□
□□□□□□□＿□□
□□□□□□□□□＿
00:30:45(55363f):field(55362f)
＿＿＿＿＿＿＿＿＿＿
＿＿＿＿＿＿＿＿＿＿
＿＿＿＿＿＿＿＿＿＿
＿＿＿＿＿＿＿＿＿＿
＿＿＿＿＿＿＿＿＿＿
＿＿＿＿＿＿＿＿＿＿
＿＿＿＿＿＿＿＿＿＿
＿＿＿＿＿＿＿＿＿＿
＿＿＿＿＿＿＿＿＿＿
＿＿＿＿◆＿＿＿＿＿
＿＿＿＿□＿＿＿＿＿
＿＿＿＿□＿＿＿＿＿
＿＿＿＿□＿＿＿＿＿
＿＿＿＿□◆＿□＿◆
＿■◆◆□□◆□□□
□■□□□□□＿□□
□□□□□□□＿□□
□□□□□□□＿□□
□□□□□□□＿□□
□□□□□□□□□＿
00:30:45(55376f):field(55375f)
＿＿＿＿＿＿＿＿＿＿
＿＿＿＿＿＿＿＿＿＿
＿＿＿＿＿＿＿＿＿＿
＿＿＿＿＿＿＿＿＿＿
＿＿＿＿＿＿＿＿＿＿
＿＿＿＿＿＿＿＿＿＿
＿＿＿＿＿＿＿＿＿＿
＿＿＿＿＿＿＿＿＿＿
＿＿＿＿＿＿＿＿＿＿
＿＿＿＿＿＿＿＿＿＿
＿＿＿＿□＿＿＿＿＿
＿＿＿＿□＿＿＿＿＿
＿＿＿＿□＿＿＿＿＿
＿＿■■□＿＿◆＿＿
＿□■■□□＿□◆□
□□□□□□□＿□□
□□□□□□□＿□□
□□□□□□□＿□□
□□□□□□□＿□□
□□□□□□□□□＿
00:30:46(55395f):field(55394f)
＿＿＿＿＿＿＿＿＿＿
＿＿＿＿＿＿＿＿＿＿
＿＿＿＿＿＿＿＿＿＿
＿＿＿＿＿＿＿＿＿＿
＿＿＿＿＿＿＿＿＿＿
＿＿＿＿＿＿＿＿＿＿
＿＿＿＿＿＿＿＿＿＿
＿＿＿＿＿＿＿＿＿＿
＿＿＿＿＿＿＿＿＿＿
＿＿＿＿＿＿＿＿＿＿
＿＿＿＿□＿＿＿＿＿
＿＿＿＿□＿＿＿＿＿
＿＿＿＿□■■■＿＿
＿＿□□□＿＿■＿＿
＿□□□□□＿□＿□
□□□□□□□＿□□
□□□□□□□＿□□
□□□□□□□＿□□
□□□□□□□＿□□
□□□□□□□□□＿
00:30:46(55408f):field(55407f)
＿＿＿＿＿＿＿＿＿＿
＿＿＿＿＿＿＿＿＿＿
＿＿＿＿＿＿＿＿＿＿
＿＿＿＿＿＿＿＿＿＿
＿＿＿＿＿＿＿＿＿＿
＿＿＿＿＿＿＿＿＿＿
＿＿＿＿＿＿＿＿＿＿
＿＿＿＿＿＿＿＿＿＿
＿＿＿＿＿＿＿＿＿＿
＿＿＿＿＿＿＿＿＿＿
＿＿＿＿□＿＿＿＿＿
＿＿＿＿□＿＿＿＿＿
＿■＿＿□□□□＿＿
■■□□□＿＿□＿＿
■□□□□□＿□＿□
□□□□□□□＿□□
□□□□□□□＿□□
□□□□□□□＿□□
□□□□□□□＿□□
□□□□□□□□□＿
00:30:47(55422f):field(55421f)
＿＿＿＿＿＿＿＿＿＿
＿＿＿＿＿＿＿＿＿＿
＿＿＿＿＿＿＿＿＿＿
＿＿＿＿＿＿＿＿＿＿
＿＿＿＿＿＿＿＿＿＿
＿＿＿＿＿＿＿＿＿＿
＿＿＿＿＿＿＿＿＿＿
＿＿＿＿＿＿＿＿＿＿
＿＿＿＿■＿＿＿＿＿
＿＿＿＿■■＿＿＿＿
＿＿＿＿□■＿＿＿＿
＿＿＿＿□＿＿＿＿＿
＿□＿＿□□□□＿＿
□□□□□＿＿□＿＿
□□□□□□＿□＿□
□□□□□□□＿□□
□□□□□□□＿□□
□□□□□□□＿□□
□□□□□□□＿□□
□□□□□□□□□＿
00:30:47(55439f):field(55438f)
＿＿＿＿＿＿＿＿＿＿
＿＿＿＿＿＿＿＿＿＿
＿＿＿＿＿＿＿＿＿＿
＿＿＿＿＿＿＿＿＿＿
＿＿＿＿＿＿＿＿＿＿
＿＿＿＿＿＿＿＿＿＿
＿＿＿＿＿＿＿＿＿＿
＿＿＿＿＿＿＿＿＿＿
＿＿＿＿□＿＿＿＿＿
＿＿＿＿□□＿＿＿＿
■＿＿＿□□＿＿＿＿
■■＿＿□＿＿＿＿＿
■□＿＿□□□□＿＿
□□□□□＿＿□＿＿
□□□□□□＿□＿□
□□□□□□□＿□□
□□□□□□□＿□□
□□□□□□□＿□□
□□□□□□□＿□□
□□□□□□□□□＿
00:30:48(55454f):field(55453f)
＿＿＿＿＿＿＿＿＿＿
＿＿＿＿＿＿＿＿＿＿
＿＿＿＿＿＿＿＿＿＿
＿＿＿＿＿＿＿＿＿＿
＿＿＿＿＿＿＿＿＿＿
＿＿＿＿＿＿＿＿＿＿
＿＿＿＿＿＿＿＿＿＿
＿＿＿＿＿＿＿＿＿＿
＿＿＿＿□＿＿＿＿＿
＿＿＿＿□□■＿＿＿
□＿＿＿□□■＿＿＿
□□＿＿□＿■■＿＿
□□＿＿□□□□＿＿
□□□□□＿＿□＿＿
□□□□□□＿□＿□
□□□□□□□＿□□
□□□□□□□＿□□
□□□□□□□＿□□
□□□□□□□＿□□
□□□□□□□□□＿
00:30:48(55467f):field(55466f)
＿＿＿＿＿＿＿＿＿＿
＿＿＿＿＿＿＿＿＿＿
＿＿＿＿＿＿＿＿＿＿
＿＿＿＿＿＿＿＿＿＿
＿＿＿＿＿＿＿＿＿＿
＿＿＿＿＿＿＿＿＿＿
＿＿＿＿＿＿＿＿＿＿
＿＿＿＿＿＿＿＿＿＿
＿＿＿＿□＿＿＿＿＿
＿＿＿＿□□□＿＿＿
□＿＿＿□□□＿＿＿
□□■■□＿□□＿＿
□□■■□□□□＿＿
□□□□□＿＿□＿＿
□□□□□□＿□＿□
□□□□□□□＿□□
□□□□□□□＿□□
□□□□□□□＿□□
□□□□□□□＿□□
□□□□□□□□□＿
00:30:49(55484f):field(55483f)
＿＿＿＿＿＿＿＿＿＿
＿＿＿＿＿＿＿＿＿＿
＿＿＿＿＿＿＿＿＿＿
＿＿＿＿＿＿＿＿＿＿
＿＿＿＿＿＿＿＿＿＿
＿＿＿＿＿＿＿＿＿＿
＿＿＿＿＿＿＿＿＿＿
＿＿＿＿＿＿＿＿＿＿
＿＿＿＿◆＿＿＿＿＿
＿＿＿＿□◆◆＿＿＿
◆＿＿＿□□□＿＿＿
□◆◆□□■□◆＿＿
□□□□□◆□□＿＿
□□□□□■＿□■＿
□□□□□□＿□■□
□□□□□□□＿□□
□□□□□□□＿□□
□□□□□□□＿□□
□□□□□□□＿□□
□□□□□□□□□＿
00:30:49(55497f):field(55496f)
＿＿＿＿＿＿＿＿＿＿
＿＿＿＿＿＿＿＿＿＿
＿＿＿＿＿＿＿＿＿＿
＿＿＿＿＿＿＿＿＿＿
＿＿＿＿＿＿＿＿＿＿
＿＿＿＿＿＿＿＿＿＿
＿＿＿＿＿＿＿＿＿＿
＿＿＿＿＿＿＿＿＿＿
＿＿＿＿＿＿＿＿＿＿
＿＿＿＿□＿＿＿＿＿
＿＿＿＿□□□＿＿■
□＿＿◆□□□＿＿■
□□□□□＿□□＿■
□□□□□◆＿□□■
□□□□□□＿□□□
□□□□□□□＿□□
□□□□□□□＿□□
□□□□□□□＿□□
□□□□□□□＿□□
□□□□□□□□□＿
00:30:50(55511f):field(55510f)
＿＿＿＿＿＿＿＿＿＿
＿＿＿＿＿＿＿＿＿＿
＿＿＿＿＿＿＿＿＿＿
＿＿＿＿＿＿＿＿＿＿
＿＿＿＿＿＿＿＿＿＿
＿＿＿＿＿＿＿＿＿＿
＿＿＿＿＿＿＿＿＿＿
＿＿＿＿＿＿＿＿＿＿
＿＿＿＿＿＿＿＿＿＿
＿＿＿＿□＿＿＿＿＿
＿＿＿＿□□□＿■□
□＿＿＿□□□■■□
□□□□□＿□□■□
□□□□□＿＿□□□
□□□□□□＿□□□
□□□□□□□＿□□
□□□□□□□＿□□
□□□□□□□＿□□
□□□□□□□＿□□
□□□□□□□□□＿
00:30:50(55524f):field(55523f)
＿＿＿＿＿＿＿＿＿＿
＿＿＿＿＿＿＿＿＿＿
＿＿＿＿＿＿＿＿＿＿
＿＿＿＿＿＿＿＿＿＿
＿＿＿＿＿＿＿＿＿＿
＿＿＿＿＿＿＿＿＿＿
＿＿＿＿＿＿＿＿＿＿
＿＿＿＿＿＿＿＿＿＿
＿＿＿＿＿＿＿＿＿＿
＿＿＿＿◆＿＿＿＿＿
＿＿＿＿□□◆＿◆◆
◆＿■■□□□◆□□
□□□□□＿□□□□
□□□□□■＿□□□
□□□□□□＿□□□
□□□□□□□＿□□
□□□□□□□＿□□
□□□□□□□＿□□
□□□□□□□＿□□
□□□□□□□□□＿
00:30:51(55538f):field(55537f)
＿＿＿＿＿＿＿＿＿＿
＿＿＿＿＿＿＿＿＿＿
＿＿＿＿＿＿＿＿＿＿
＿＿＿＿＿＿＿＿＿＿
＿＿＿＿＿＿＿＿＿＿
＿＿＿＿＿＿＿＿＿＿
＿＿＿＿＿＿＿＿＿＿
＿＿＿＿＿＿＿＿＿＿
＿＿＿＿＿＿＿＿＿＿
＿＿＿＿＿＿＿＿＿＿
■■＿＿□◆＿＿＿＿
■■◆□□□□＿□□
□□□□□＿□□□□
□□□□□◆＿□□□
□□□□□□＿□□□
□□□□□□□＿□□
□□□□□□□＿□□
□□□□□□□＿□□
□□□□□□□＿□□
□□□□□□□□□＿
00:30:51(55550f):field(55549f)
＿＿＿＿＿＿＿＿＿＿
＿＿＿＿＿＿＿＿＿＿
＿＿＿＿＿＿＿＿＿＿
＿＿＿＿＿＿＿＿＿＿
＿＿＿＿＿＿＿＿＿＿
＿＿＿＿＿＿＿＿＿＿
＿＿＿＿＿＿＿＿＿＿
＿＿＿＿＿＿＿＿＿＿
＿＿＿＿＿＿＿＿＿＿
＿＿＿■＿＿＿＿＿＿
□□■■□＿＿＿＿＿
□□■□□□□＿□□
□□□□□＿□□□□
□□□□□＿＿□□□
□□□□□□＿□□□
□□□□□□□＿□□
□□□□□□□＿□□
□□□□□□□＿□□
□□□□□□□＿□□
□□□□□□□□□＿
00:30:52(55564f):field(55563f)
＿＿＿＿＿＿＿＿＿＿
＿＿＿＿＿＿＿＿＿＿
＿＿＿＿＿＿＿＿＿＿
＿＿＿＿＿＿＿＿＿＿
＿＿＿＿＿＿＿＿＿＿
＿＿＿＿＿＿＿＿＿＿
＿＿＿＿＿＿＿＿＿＿
＿＿＿＿＿＿＿＿＿＿
＿＿＿＿＿＿＿＿＿＿
＿＿＿◆＿＿＿＿＿＿
◆◆□□◆＿■＿＿＿
□□□□□◆□■◆◆
□□□□□＿□□□□
□□□□□＿■□□□
□□□□□□＿□□□
□□□□□□□＿□□
□□□□□□□＿□□
□□□□□□□＿□□
□□□□□□□＿□□
□□□□□□□□□＿
00:30:52(55577f):field(55576f)
＿＿＿＿＿＿＿＿＿＿
＿＿＿＿＿＿＿＿＿＿
＿＿＿＿＿＿＿＿＿＿
＿＿＿＿＿＿＿＿＿＿
＿＿＿＿＿＿＿＿＿＿
＿＿＿＿＿＿＿＿＿＿
＿＿＿＿＿＿＿＿＿＿
＿＿＿＿＿＿＿＿＿＿
＿＿＿＿＿＿＿＿＿＿
■＿＿＿＿＿＿＿＿＿
■■□□＿＿□＿＿＿
□□□□□＿□□＿＿
□□□□□＿□□□□
□□□□□＿◆□□□
□□□□□□＿□□□
□□□□□□□＿□□
□□□□□□□＿□□
□□□□□□□＿□□
□□□□□□□＿□□
□□□□□□□□□＿
00:30:53(55590f):field(55589f)
＿＿＿＿＿＿＿＿＿＿
＿＿＿＿＿＿＿＿＿＿
＿＿＿＿＿＿＿＿＿＿
＿＿＿＿＿＿＿＿＿＿
＿＿＿＿＿＿＿＿＿＿
＿＿＿＿＿＿＿＿＿＿
＿＿＿＿＿＿＿＿＿＿
＿＿＿＿＿＿＿＿＿＿
＿＿＿＿＿＿＿＿＿＿
◆＿＿＿＿＿＿＿＿＿
□◆◆◆＿＿◆＿＿＿
□□□□◆■□□■＿
□□□□□■□□□◆
□□□□□■＿□□□
□□□□□□＿□□□
□□□□□□□＿□□
□□□□□□□＿□□
□□□□□□□＿□□
□□□□□□□＿□□
□□□□□□□□□＿
00:30:53(55601f):field(55600f)
＿＿＿＿＿＿＿＿＿＿
＿＿＿＿＿＿＿＿＿＿
＿＿＿＿＿＿＿＿＿＿
＿＿＿＿＿＿＿＿＿＿
＿＿＿＿＿＿＿＿＿＿
＿＿＿＿＿＿＿＿＿＿
＿＿＿＿＿＿＿＿＿＿
＿＿＿＿＿＿＿＿＿＿
＿＿＿＿＿＿＿＿＿＿
＿＿＿＿＿＿＿＿＿＿
□＿＿■■■＿＿＿＿
□□□□■□□◆◆＿
□□□□□□□□◆＿
□□□□□□＿□□□
□□□□□□＿□□□
□□□□□□□＿□□
□□□□□□□＿□□
□□□□□□□＿□□
□□□□□□□＿□□
□□□□□□□□□＿
00:30:53(55613f):field(55612f)
＿＿＿＿＿＿＿＿＿＿
＿＿＿＿＿＿＿＿＿＿
＿＿＿＿＿＿＿＿＿＿
＿＿＿＿＿＿＿＿＿＿
＿＿＿＿＿＿＿＿＿＿
＿＿＿＿＿＿＿＿＿＿
＿＿＿＿＿＿＿＿＿＿
＿＿＿＿＿＿＿＿＿＿
＿＿＿＿＿■＿＿＿＿
＿＿＿■■■＿＿＿＿
□＿＿□□□＿＿＿＿
□□□□□□□＿＿＿
□□□□□□□□＿＿
□□□□□□＿□□□
□□□□□□＿□□□
□□□□□□□＿□□
□□□□□□□＿□□
□□□□□□□＿□□
□□□□□□□＿□□
□□□□□□□□□＿
00:30:54(55631f):field(55630f)
＿＿＿＿＿＿＿＿＿＿
＿＿＿＿＿＿＿＿＿＿
＿＿＿＿＿＿＿＿＿＿
＿＿＿＿＿＿＿＿＿＿
＿＿＿＿＿＿＿＿＿＿
＿＿＿＿＿＿＿＿＿＿
＿＿＿＿＿■＿＿＿＿
＿＿＿＿■■＿＿＿＿
＿＿＿＿■□＿＿＿＿
＿＿＿□□□＿＿＿＿
□＿＿□□□＿＿＿＿
□□□□□□□＿＿＿
□□□□□□□□＿＿
□□□□□□＿□□□
□□□□□□＿□□□
□□□□□□□＿□□
□□□□□□□＿□□
□□□□□□□＿□□
□□□□□□□＿□□
□□□□□□□□□＿
00:30:54(55643f):field(55642f)
＿＿＿＿＿＿＿＿＿＿
＿＿＿＿＿＿＿＿＿＿
＿＿＿＿＿＿＿＿＿＿
＿＿＿＿＿＿＿＿＿＿
＿＿＿＿＿＿＿＿＿＿
＿＿＿＿＿＿＿＿＿＿
＿＿＿＿＿□＿＿＿＿
＿＿＿＿□□＿＿＿＿
＿＿＿＿□□＿＿＿＿
＿■■□□□＿＿＿＿
□■■□□□＿＿＿＿
□□□□□□□＿＿＿
□□□□□□□□＿＿
□□□□□□＿□□□
□□□□□□＿□□□
□□□□□□□＿□□
□□□□□□□＿□□
□□□□□□□＿□□
□□□□□□□＿□□
□□□□□□□□□＿
00:30:55(55659f):field(55658f)
＿＿＿＿＿＿＿＿＿＿
＿＿＿＿＿＿＿＿＿＿
＿＿＿＿＿＿＿＿＿＿
＿＿＿＿＿＿＿＿＿＿
＿＿＿＿＿＿＿＿＿＿
＿＿＿＿＿＿＿＿＿＿
＿＿＿＿＿□＿＿＿＿
＿＿＿＿□□＿＿＿＿
＿＿＿＿□□＿＿＿＿
＿□□□□□＿＿＿■
□□□□□□＿＿＿■
□□□□□□□＿＿■
□□□□□□□□＿■
□□□□□□＿□□□
□□□□□□＿□□□
□□□□□□□＿□□
□□□□□□□＿□□
□□□□□□□＿□□
□□□□□□□＿□□
□□□□□□□□□＿
00:30:55(55671f):field(55670f)
＿＿＿＿＿＿＿＿＿＿
＿＿＿＿＿＿＿＿＿＿
＿＿＿＿＿＿＿＿＿＿
＿＿＿＿＿＿＿＿＿＿
＿＿＿＿＿＿＿＿＿＿
＿＿＿＿＿＿＿＿＿＿
＿＿＿■■□＿＿＿＿
＿＿＿■□□＿＿＿＿
＿＿＿■□□＿＿＿＿
＿□□□□□＿＿＿□
□□□□□□＿＿＿□
□□□□□□□＿＿□
□□□□□□□□＿□
□□□□□□＿□□□
□□□□□□＿□□□
□□□□□□□＿□□
□□□□□□□＿□□
□□□□□□□＿□□
□□□□□□□＿□□
□□□□□□□□□＿
00:30:56(55686f):field(55685f)
＿＿＿＿＿＿＿＿＿＿
＿＿＿＿＿＿＿＿＿＿
＿＿＿＿＿＿＿＿＿＿
＿＿＿＿＿＿＿＿＿＿
＿＿＿＿＿＿＿＿＿＿
＿＿＿＿＿＿＿＿＿＿
＿＿＿□□□＿＿＿＿
＿＿＿□□□＿＿＿＿
■■■□□□＿＿＿＿
■□□□□□＿＿＿□
□□□□□□＿＿＿□
□□□□□□□＿＿□
□□□□□□□□＿□
□□□□□□＿□□□
□□□□□□＿□□□
□□□□□□□＿□□
□□□□□□□＿□□
□□□□□□□＿□□
□□□□□□□＿□□
□□□□□□□□□＿
00:30:56(55698f):field(55697f)
＿＿＿＿＿＿＿＿＿＿
＿＿＿＿＿＿＿＿＿＿
＿＿＿＿＿＿＿＿＿＿
＿＿＿＿＿＿＿＿＿＿
＿＿＿＿＿＿＿＿＿＿
＿＿＿＿＿＿＿＿＿＿
＿＿＿◆◆◆＿＿＿＿
＿＿＿□□□＿＿＿＿
◆◆◆□□□＿＿＿＿
□□□□□□＿＿＿◆
□□□□□□＿＿＿□
□□□□□□□■＿□
□□□□□□□□＿□
□□□□□□＿□□□
□□□□□□＿□□□
□□□□□□□＿□□
□□□□□□□＿□□
□□□□□□□＿□□
□□□□□□□＿□□
□□□□□□□□□＿
00:30:57(55712f):field(55711f)
＿＿＿＿＿＿＿＿＿＿
＿＿＿＿＿＿＿＿＿＿
＿＿＿＿＿＿＿＿＿＿
＿＿＿＿＿＿＿＿＿＿
＿＿＿＿＿＿＿＿＿＿
＿＿＿＿＿＿＿＿＿＿
＿＿＿＿＿＿＿＿＿＿
＿＿＿◆◆◆＿＿＿＿
＿＿＿□□□＿＿＿＿
◆◆◆□□□＿＿＿＿
□□□□□□■■＿◆
□□□□□□◆□■□
□□□□□□□□＿□
□□□□□□＿□□□
□□□□□□＿□□□
□□□□□□□＿□□
□□□□□□□＿□□
□□□□□□□＿□□
□□□□□□□＿□□
□□□□□□□□□＿
00:30:57(55725f):field(55724f)
＿＿＿＿＿＿＿＿＿＿
＿＿＿＿＿＿＿＿＿＿
＿＿＿＿＿＿＿＿＿＿
＿＿＿＿＿＿＿＿＿＿
＿＿＿＿＿＿＿＿＿＿
＿＿＿＿＿＿＿＿＿＿
＿＿＿＿＿＿＿＿＿＿
＿＿＿＿＿＿＿＿＿＿
＿＿＿◆◆◆＿＿＿＿
＿＿＿□□□■＿＿＿
◆◆◆□□□□□＿＿
□□□□□□■□◆◆
□□□□□□□□＿□
□□□□□□＿□□□
□□□□□□＿□□□
□□□□□□□＿□□
□□□□□□□＿□□
□□□□□□□＿□□
□□□□□□□＿□□
□□□□□□□□□＿
00:30:58(55740f):field(55739f)
＿＿＿＿＿＿＿＿＿＿
＿＿＿＿＿＿＿＿＿＿
＿＿＿＿＿＿＿＿＿＿
＿＿＿＿＿＿＿＿＿＿
＿＿＿＿＿＿＿＿＿＿
＿＿＿＿＿＿＿＿＿＿
＿＿＿＿＿＿＿＿＿＿
＿＿＿＿＿＿＿＿＿＿
＿＿＿＿＿＿＿＿＿＿
＿■■□□□□＿＿＿
＿■■□□□□◆＿＿
□□□□□□□□＿＿
□□□□□□□□＿□
□□□□□□＿□□□
□□□□□□＿□□□
□□□□□□□＿□□
□□□□□□□＿□□
□□□□□□□＿□□
□□□□□□□＿□□
□□□□□□□□□＿
00:30:58(55753f):field(55752f)
＿＿＿＿＿＿＿＿＿＿
＿＿＿＿＿＿＿＿＿＿
＿＿＿＿＿＿＿＿＿＿
＿＿＿＿＿＿＿＿＿＿
＿＿＿＿＿＿＿＿＿＿
＿＿＿＿＿＿＿＿＿＿
＿＿＿＿＿＿＿＿＿＿
＿＿＿＿＿＿＿＿＿＿
■■＿＿＿＿＿＿＿＿
■□□□□□□＿＿＿
■□□□□□□＿＿＿
□□□□□□□□＿＿
□□□□□□□□＿□
□□□□□□＿□□□
□□□□□□＿□□□
□□□□□□□＿□□
□□□□□□□＿□□
□□□□□□□＿□□
□□□□□□□＿□□
□□□□□□□□□＿
00:30:58(55767f):field(55766f)
＿＿＿＿＿＿＿＿＿＿
＿＿＿＿＿＿＿＿＿＿
＿＿＿＿＿＿＿＿＿＿
＿＿＿＿＿＿＿＿＿＿
＿＿＿＿＿＿＿＿＿＿
＿＿＿＿＿＿＿＿＿＿
＿＿＿＿＿＿＿＿＿＿
＿＿＿＿＿＿＿＿＿＿
◆◆＿＿＿＿＿＿＿＿
◆◆◆◆◆◆◆＿＿＿
□□◆◆□◆◆＿＿＿
□□□□□□□◆＿＿
□□□□□□□◆■□
□□□□□□＿□□□
□□□□□□＿□□□
□□□□□□□＿□□
□□□□□□□＿□□
□□□□□□□＿□□
□□□□□□□＿□□
□□□□□□□□□＿
00:30:59(55780f):field(55779f)
＿＿＿＿＿＿＿＿＿＿
＿＿＿＿＿＿＿＿＿＿
＿＿＿＿＿＿＿＿＿＿
＿＿＿＿＿＿＿＿＿＿
＿＿＿＿＿＿＿＿＿＿
＿＿＿＿＿＿＿＿＿＿
＿＿＿＿＿＿＿＿＿＿
＿＿＿＿＿＿＿＿＿＿
＿＿＿＿＿＿＿＿＿＿
＿＿＿■＿＿＿＿＿＿
□□■■□＿＿＿＿＿
□□□□□□□＿＿＿
□□□□□□□＿◆□
□□□□□□＿□□□
□□□□□□＿□□□
□□□□□□□＿□□
□□□□□□□＿□□
□□□□□□□＿□□
□□□□□□□＿□□
□□□□□□□□□＿
00:30:59(55793f):field(55792f)
＿＿＿＿＿＿＿＿＿＿
＿＿＿＿＿＿＿＿＿＿
＿＿＿＿＿＿＿＿＿＿
＿＿＿＿＿＿＿＿＿＿
＿＿＿＿＿＿＿＿＿＿
＿＿＿＿＿＿＿＿＿＿
＿＿＿＿＿＿＿＿＿＿
＿＿＿＿＿＿＿＿＿＿
＿＿＿＿＿＿＿＿＿＿
＿＿＿□＿＿＿＿＿＿
□□□□□＿■■■■
□□□□□□□＿＿＿
□□□□□□□＿＿□
□□□□□□＿□□□
□□□□□□＿□□□
□□□□□□□＿□□
□□□□□□□＿□□
□□□□□□□＿□□
□□□□□□□＿□□
□□□□□□□□□＿
00:31:00(55809f):field(55808f)
＿＿＿＿＿＿＿＿＿＿
＿＿＿＿＿＿＿＿＿＿
＿＿＿＿＿＿＿＿＿＿
＿＿＿＿＿＿＿＿＿＿
＿＿＿＿＿＿＿＿＿＿
＿＿＿＿＿＿＿＿＿＿
＿＿＿＿＿＿＿＿＿＿
＿＿＿＿＿＿＿＿＿＿
＿＿＿＿＿＿＿＿■■
＿＿＿□＿＿＿＿■■
□□□□□＿□□□□
□□□□□□□＿＿＿
□□□□□□□＿＿□
□□□□□□＿□□□
□□□□□□＿□□□
□□□□□□□＿□□
□□□□□□□＿□□
□□□□□□□＿□□
□□□□□□□＿□□
□□□□□□□□□＿
00:31:00(55822f):field(55821f)
＿＿＿＿＿＿＿＿＿＿
＿＿＿＿＿＿＿＿＿＿
＿＿＿＿＿＿＿＿＿＿
＿＿＿＿＿＿＿＿＿＿
＿＿＿＿＿＿＿＿＿＿
＿＿＿＿＿＿＿＿＿＿
＿＿＿＿＿＿＿＿＿＿
＿＿＿＿＿＿＿＿＿＿
＿＿＿＿＿＿＿＿◆◆
＿■＿◆■＿＿＿□□
◆◆◆□□■□◆□□
□□□□□□□＿＿＿
□□□□□□□＿■□
□□□□□□＿□□□
□□□□□□＿□□□
□□□□□□□＿□□
□□□□□□□＿□□
□□□□□□□＿□□
□□□□□□□＿□□
□□□□□□□□□＿
00:31:01(55836f):field(55835f)
＿＿＿＿＿＿＿＿＿＿
＿＿＿＿＿＿＿＿＿＿
＿＿＿＿＿＿＿＿＿＿
＿＿＿＿＿＿＿＿＿＿
＿＿＿＿＿＿＿＿＿＿
＿＿＿＿＿＿＿＿＿＿
＿＿＿＿＿＿＿＿＿＿
＿＿＿＿＿＿＿＿＿＿
＿＿＿＿＿＿＿＿＿＿
■◆＿＿□＿＿＿□□
■■■□□□◆＿□□
□□□□□□□＿＿＿
□□□□□□□＿◆□
□□□□□□＿□□□
□□□□□□＿□□□
□□□□□□□＿□□
□□□□□□□＿□□
□□□□□□□＿□□
□□□□□□□＿□□
□□□□□□□□□＿
00:31:01(55850f):field(55849f)
＿＿＿＿＿＿＿＿＿＿
＿＿＿＿＿＿＿＿＿＿
＿＿＿＿＿＿＿＿＿＿
＿＿＿＿＿＿＿＿＿＿
＿＿＿＿＿＿＿＿＿＿
＿＿＿＿＿＿＿＿＿＿
＿＿＿＿＿＿＿＿＿＿
＿＿＿＿＿＿＿＿＿＿
＿＿＿＿＿＿＿＿＿＿
◆＿＿＿◆■■＿◆◆
□◆◆□□◆＿＿□□
□□□□□□□■＿＿
□□□□□□□■＿□
□□□□□□＿□□□
□□□□□□＿□□□
□□□□□□□＿□□
□□□□□□□＿□□
□□□□□□□＿□□
□□□□□□□＿□□
□□□□□□□□□＿
00:31:02(55863f):field(55862f)
＿＿＿＿＿＿＿＿＿＿
＿＿＿＿＿＿＿＿＿＿
＿＿＿＿＿＿＿＿＿＿
＿＿＿＿＿＿＿＿＿＿
＿＿＿＿＿＿＿＿＿＿
＿＿＿＿＿＿＿＿＿＿
＿＿＿＿＿＿＿＿＿＿
＿＿＿＿＿＿＿＿＿＿
＿＿＿＿＿＿＿＿＿＿
＿＿＿＿＿◆□＿＿＿
□＿＿◆□■■■□□
□□□□□□□□＿＿
□□□□□□□□＿□
□□□□□□＿□□□
□□□□□□＿□□□
□□□□□□□＿□□
□□□□□□□＿□□
□□□□□□□＿□□
□□□□□□□＿□□
□□□□□□□□□＿
00:31:02(55874f):field(55873f)
＿＿＿＿＿＿＿＿＿＿
＿＿＿＿＿＿＿＿＿＿
＿＿＿＿＿＿＿＿＿＿
＿＿＿＿＿＿＿＿＿＿
＿＿＿＿＿＿＿＿＿＿
＿＿＿＿＿＿＿＿＿＿
＿＿＿＿＿＿＿＿＿＿
＿＿＿＿＿＿＿＿＿＿
＿＿＿＿■■＿＿＿＿
＿＿＿＿■■□＿＿＿
□＿＿＿□□□□□□
□□□□□□□□＿＿
□□□□□□□□＿□
□□□□□□＿□□□
□□□□□□＿□□□
□□□□□□□＿□□
□□□□□□□＿□□
□□□□□□□＿□□
□□□□□□□＿□□
□□□□□□□□□＿
00:31:02(55888f):field(55887f)
＿＿＿＿＿＿＿＿＿＿
＿＿＿＿＿＿＿＿＿＿
＿＿＿＿＿＿＿＿＿＿
＿＿＿＿＿＿＿＿＿＿
＿＿＿＿■＿＿＿＿＿
＿＿＿＿■＿＿＿＿＿
＿＿＿＿■＿＿＿＿＿
＿＿＿＿■＿＿＿＿＿
＿＿＿＿□□＿＿＿＿
＿＿＿＿□□□＿＿＿
□＿＿＿□□□□□□
□□□□□□□□＿＿
□□□□□□□□＿□
□□□□□□＿□□□
□□□□□□＿□□□
□□□□□□□＿□□
□□□□□□□＿□□
□□□□□□□＿□□
□□□□□□□＿□□
□□□□□□□□□＿
00:31:03(55902f):field(55901f)
＿＿＿＿＿＿＿＿＿＿
＿＿＿＿＿＿＿＿＿＿
＿＿＿＿＿＿＿＿＿＿
＿＿＿＿＿＿＿＿＿＿
＿＿＿＿□＿＿＿＿＿
＿＿＿＿□＿＿＿＿＿
＿＿＿＿□＿＿＿＿＿
＿＿＿＿□＿＿＿＿＿
＿＿＿＿□□＿＿＿＿
■■＿＿□□□＿＿＿
□■■＿□□□□□□
□□□□□□□□＿＿
□□□□□□□□＿□
□□□□□□＿□□□
□□□□□□＿□□□
□□□□□□□＿□□
□□□□□□□＿□□
□□□□□□□＿□□
□□□□□□□＿□□
□□□□□□□□□＿
00:31:03(55919f):field(55918f)
＿＿＿＿＿＿＿＿＿＿
＿＿＿＿＿＿＿＿＿＿
＿＿＿＿＿＿＿＿＿＿
＿＿＿＿＿＿＿＿＿＿
＿＿＿＿□＿＿＿＿＿
＿＿＿＿□＿＿＿＿＿
＿＿＿＿□＿＿＿＿＿
＿＿＿＿□＿＿＿＿＿
＿＿＿＿□□＿＿＿■
□□＿＿□□□■■■
□□□＿□□□□□□
□□□□□□□□＿＿
□□□□□□□□＿□
□□□□□□＿□□□
□□□□□□＿□□□
□□□□□□□＿□□
□□□□□□□＿□□
□□□□□□□＿□□
□□□□□□□＿□□
□□□□□□□□□＿
00:31:04(55932f):field(55931f)
＿＿＿＿＿＿＿＿＿＿
＿＿＿＿＿＿＿＿＿＿
＿＿＿＿＿＿＿＿＿＿
＿＿＿＿＿＿＿＿＿＿
＿＿＿＿□＿＿＿＿＿
＿＿＿＿□＿＿＿＿＿
＿＿＿＿□＿＿＿＿＿
＿＿＿＿□＿■＿＿＿
＿＿＿＿□□■■■□
□□＿＿□□□□□□
□□□＿□□□□□□
□□□□□□□□＿＿
□□□□□□□□＿□
□□□□□□＿□□□
□□□□□□＿□□□
□□□□□□□＿□□
□□□□□□□＿□□
□□□□□□□＿□□
□□□□□□□＿□□
□□□□□□□□□＿
00:31:04(55945f):field(55944f)
＿＿＿＿＿＿＿＿＿＿
＿＿＿＿＿＿＿＿＿＿
＿＿＿＿＿＿＿＿＿＿
＿＿＿＿＿＿＿＿＿＿
＿＿＿＿◆＿＿＿＿＿
＿＿＿＿◆＿＿＿＿＿
＿＿＿＿□＿＿＿＿＿
＿＿＿＿□＿◆＿＿＿
■＿＿＿□◆◆◆□◆
◆◆＿■□◆□□◆◆
◆□□■□□□□□□
□□□□□□□□＿■
□□□□□□□□＿□
□□□□□□＿□□□
□□□□□□＿□□□
□□□□□□□＿□□
□□□□□□□＿□□
□□□□□□□＿□□
□□□□□□□＿□□
□□□□□□□□□＿
00:31:05(55958f):field(55957f)
＿＿＿＿＿＿＿＿＿＿
＿＿＿＿＿＿＿＿＿＿
＿＿＿＿＿＿＿＿＿＿
＿＿＿＿＿＿＿＿＿＿
＿＿＿＿＿＿＿＿＿＿
＿＿＿＿＿＿＿＿＿＿
＿＿＿＿□■＿＿＿＿
＿＿＿＿□■＿＿＿＿
◆＿＿＿□■＿＿◆＿
＿＿＿◆□■□◆＿＿
＿◆◆□□□□□□□
□□□□□□□□＿◆
□□□□□□□□＿□
□□□□□□＿□□□
□□□□□□＿□□□
□□□□□□□＿□□
□□□□□□□＿□□
□□□□□□□＿□□
□□□□□□□＿□□
□□□□□□□□□＿
00:31:05(55973f):field(55972f)
＿＿＿＿＿＿＿＿＿＿
＿＿＿＿＿＿＿＿＿＿
＿＿＿＿＿＿＿＿＿＿
＿＿＿＿＿＿＿＿＿＿
＿＿＿＿＿＿＿＿＿＿
＿＿＿＿＿＿＿＿＿＿
＿＿＿＿□□＿＿＿＿
＿＿＿＿□□＿＿＿＿
＿＿＿＿□□＿＿＿＿
＿＿■■□□□＿＿＿
＿■■□□□□□□□
□□□□□□□□＿＿
□□□□□□□□＿□
□□□□□□＿□□□
□□□□□□＿□□□
□□□□□□□＿□□
□□□□□□□＿□□
□□□□□□□＿□□
□□□□□□□＿□□
□□□□□□□□□＿
00:31:06(55987f):field(55986f)
＿＿＿＿＿＿＿＿＿＿
＿＿＿＿＿＿＿＿＿＿
＿＿＿＿＿＿＿＿＿＿
＿＿＿＿＿＿＿＿＿＿
＿＿＿＿＿＿＿＿＿＿
＿＿＿＿＿＿＿＿＿＿
＿＿＿＿□□＿＿＿＿
＿＿■■□□＿＿＿＿
＿＿■■□□＿＿＿＿
＿＿□□□□□＿＿＿
＿□□□□□□□□□
□□□□□□□□＿＿
□□□□□□□□＿□
□□□□□□＿□□□
□□□□□□＿□□□
□□□□□□□＿□□
□□□□□□□＿□□
□□□□□□□＿□□
□□□□□□□＿□□
□□□□□□□□□＿
00:31:06(56000f):field(55999f)
＿＿＿＿＿＿＿＿＿＿
＿＿＿＿＿＿＿＿＿＿
＿＿＿＿＿＿＿＿＿＿
＿＿＿＿＿＿＿＿＿＿
＿＿＿＿＿＿＿＿＿＿
＿＿＿＿＿＿＿＿＿＿
＿＿＿＿◆◆＿＿＿＿
＿＿◆◆□□＿＿＿＿
＿＿□□□□＿＿＿＿
＿■□□□□□＿＿■
■□□□□□□□◆◆
□□□□□□□□＿＿
□□□□□□□□＿□
□□□□□□＿□□□
□□□□□□＿□□□
□□□□□□□＿□□
□□□□□□□＿□□
□□□□□□□＿□□
□□□□□□□＿□□
□□□□□□□□□＿
00:31:07(56019f):field(56018f)
＿＿＿＿＿＿＿＿＿＿
＿＿＿＿＿＿＿＿＿＿
＿＿＿＿＿＿＿＿＿＿
＿＿＿＿＿＿＿＿＿＿
＿＿＿＿＿＿＿＿＿＿
＿＿＿＿＿＿＿＿＿＿
＿＿＿＿＿＿＿＿＿＿
＿＿＿＿◆◆＿＿＿＿
＿＿◆◆□□＿＿＿＿
＿◆□□□□◆＿＿◆
◆□□□□□◆◆＿＿
□□□□□□□□■＿
□□□□□□□□■◆
□□□□□□＿□□□
□□□□□□＿□□□
□□□□□□□＿□□
□□□□□□□＿□□
□□□□□□□＿□□
□□□□□□□＿□□
□□□□□□□□□＿
00:31:07(56033f):field(56032f)
＿＿＿＿＿＿＿＿＿＿
＿＿＿＿＿＿＿＿＿＿
＿＿＿＿＿＿＿＿＿＿
＿＿＿＿＿＿＿＿＿＿
＿＿＿＿＿＿＿＿＿＿
＿＿＿＿＿＿＿＿＿＿
＿＿＿＿＿＿＿＿＿＿
＿＿＿＿＿＿＿＿＿＿
＿＿＿＿□□＿＿＿＿
＿＿□□□□■＿＿＿
＿□□□□□■■■＿
□□□□□□□□□＿
□□□□□□□□□＿
□□□□□□＿□□□
□□□□□□＿□□□
□□□□□□□＿□□
□□□□□□□＿□□
□□□□□□□＿□□
□□□□□□□＿□□
□□□□□□□□□＿
00:31:08(56045f):field(56044f)
＿＿＿＿＿＿＿＿＿＿
＿＿＿＿＿＿＿＿＿＿
＿＿＿＿＿＿＿＿＿＿
＿＿＿＿＿＿＿＿＿＿
＿＿＿＿＿＿＿＿＿＿
＿＿＿＿＿＿＿＿＿＿
＿＿＿＿＿＿＿＿＿＿
＿＿＿■■＿＿＿＿＿
＿＿■■□□＿＿＿＿
＿＿□□□□□＿＿＿
＿□□□□□□□□＿
□□□□□□□□□＿
□□□□□□□□□＿
□□□□□□＿□□□
□□□□□□＿□□□
□□□□□□□＿□□
□□□□□□□＿□□
□□□□□□□＿□□
□□□□□□□＿□□
□□□□□□□□□＿
00:31:08(56058f):field(56057f)
＿＿＿＿＿＿＿＿＿＿
＿＿＿＿＿＿＿＿＿＿
＿＿＿＿＿＿＿＿＿＿
＿＿＿＿＿＿＿＿＿＿
＿＿＿＿＿＿＿＿＿＿
＿＿＿＿＿＿＿＿＿＿
＿＿＿＿＿＿＿＿＿＿
＿＿＿◆◆＿＿＿＿＿
＿＿◆◆◆◆＿＿＿＿
＿＿◆□□◆◆＿＿＿
＿◆□□□□□◆◆＿
◆◆□□□□□◆◆■
□□□□□□□□□■
□□□□□□＿□□□
□□□□□□＿□□□
□□□□□□□＿□□
□□□□□□□＿□□
□□□□□□□＿□□
□□□□□□□＿□□
□□□□□□□□□＿
00:31:09(56071f):field(56070f)
＿＿＿＿＿＿＿＿＿＿
＿＿＿＿＿＿＿＿＿＿
＿＿＿＿＿＿＿＿＿＿
＿＿＿＿＿＿＿＿＿＿
＿＿＿＿＿＿＿＿＿＿
＿＿＿＿＿＿＿＿＿＿
＿＿＿＿＿＿＿＿＿＿
＿＿＿＿＿＿＿＿＿＿
＿＿＿＿＿＿＿＿＿＿
＿＿＿◆◆＿＿＿＿＿
＿＿◆□□◆◆＿＿＿
■＿□□□□◆＿＿◆
□□□□□□□◆◆□
□□□□□□＿□□□
□□□□□□＿□□□
□□□□□□□＿□□
□□□□□□□＿□□
□□□□□□□＿□□
□□□□□□□＿□□
□□□□□□□□□＿
00:31:09(56084f):field(56083f)
＿＿＿＿＿＿＿＿＿＿
＿＿＿＿＿＿＿＿＿＿
＿＿＿＿＿＿＿＿＿＿
＿＿＿＿＿＿＿＿＿＿
＿＿＿＿＿＿＿＿＿＿
＿＿＿＿＿＿＿＿＿＿
＿＿＿＿＿＿＿＿＿＿
＿＿＿＿＿＿＿＿＿＿
＿＿＿＿＿＿＿＿＿＿
＿＿■■■＿＿＿＿＿
＿＿■□□＿＿＿＿＿
□＿□□□□＿＿＿＿
□□□□□□□＿＿□
□□□□□□＿□□□
□□□□□□＿□□□
□□□□□□□＿□□
□□□□□□□＿□□
□□□□□□□＿□□
□□□□□□□＿□□
□□□□□□□□□＿
00:31:09(56097f):field(56096f)
＿＿＿＿＿＿＿＿＿＿
＿＿＿＿＿＿＿＿＿＿
＿＿＿＿＿＿＿＿＿＿
＿＿＿＿＿＿＿＿＿＿
＿＿＿＿＿＿＿＿＿＿
＿＿＿＿＿＿＿＿＿＿
＿＿＿＿＿＿＿＿＿＿
＿＿＿＿＿＿＿＿＿＿
＿＿＿＿＿＿＿＿＿＿
＿＿◆◆◆＿＿＿＿＿
＿＿□□□＿＿＿＿＿
◆＿□□□□＿＿＿＿
□◆□□□□□■＿◆
□□□□□□＿□□□
□□□□□□＿□□□
□□□□□□□＿□□
□□□□□□□＿□□
□□□□□□□＿□□
□□□□□□□＿□□
□□□□□□□□□＿
00:31:10(56112f):field(56111f)
＿＿＿＿＿＿＿＿＿＿
＿＿＿＿＿＿＿＿＿＿
＿＿＿＿＿＿＿＿＿＿
＿＿＿＿＿＿＿＿＿＿
＿＿＿＿＿＿＿＿＿＿
＿＿＿＿＿＿＿＿＿＿
＿＿＿＿＿＿＿＿＿＿
＿＿＿＿＿＿＿＿＿＿
＿＿＿＿＿＿＿＿＿＿
＿＿＿＿＿＿＿＿＿＿
■＿□□□＿＿＿＿＿
■■□□□◆＿＿＿＿
□■□□□□□□＿＿
□□□□□□＿□□□
□□□□□□＿□□□
□□□□□□□＿□□
□□□□□□□＿□□
□□□□□□□＿□□
□□□□□□□＿□□
□□□□□□□□□＿
00:31:10(56125f):field(56124f)
＿＿＿＿＿＿＿＿＿＿
＿＿＿＿＿＿＿＿＿＿
＿＿＿＿＿＿＿＿＿＿
＿＿＿＿＿＿＿＿＿＿
＿＿＿＿＿＿＿＿＿＿
＿＿＿＿＿＿＿＿＿＿
＿＿＿＿＿＿＿＿＿＿
＿＿＿＿＿＿＿＿＿＿
＿＿＿＿＿＿＿＿＿＿
＿＿＿＿＿＿＿＿＿＿
◆＿◆◆◆＿＿＿＿＿
□◆□□□＿＿＿＿＿
□□□□□◆◆□■＿
□□□□□□＿□□□
□□□□□□＿□□□
□□□□□□□＿□□
□□□□□□□＿□□
□□□□□□□＿□□
□□□□□□□＿□□
□□□□□□□□□＿
00:31:11(56139f):field(56138f)
＿＿＿＿＿＿＿＿＿＿
＿＿＿＿＿＿＿＿＿＿
＿＿＿＿＿＿＿＿＿＿
＿＿＿＿＿＿＿＿＿＿
＿＿＿＿＿＿＿＿＿＿
＿＿＿＿＿＿＿＿＿＿
＿＿＿＿＿＿＿＿＿＿
＿＿＿＿＿＿＿＿＿＿
＿＿＿＿＿＿＿＿＿＿
＿＿＿＿＿＿＿＿＿＿
＿＿＿＿＿＿＿＿＿＿
◆＿◆◆◆＿＿＿＿＿
◆◆□◆◆■＿◆◆＿
□◆□□□◆■◆□◆
□□□□□◆■□□◆
□□□□□□□＿□□
□□□□□□□■□□
□□□□□□□＿□□
□□□□□□□＿□□
□□□□□□□□□＿
00:31:11(56151f):field(56150f)
＿＿＿＿＿＿＿＿＿＿
＿＿＿＿＿＿＿＿＿＿
＿＿＿＿＿＿＿＿＿＿
＿＿＿＿＿＿＿＿＿＿
＿＿＿＿＿＿＿＿＿＿
＿＿＿＿＿＿＿＿＿＿
＿＿＿＿＿＿＿＿＿＿
＿＿＿＿＿＿＿＿＿＿
＿＿＿＿＿＿＿＿＿＿
＿＿＿＿＿＿＿＿＿＿
＿＿＿＿＿＿＿＿＿＿
＿＿＿＿＿＿＿＿＿＿
＿＿◆＿■□＿＿＿＿
□＿□□□■□＿◆＿
□□□□□■□□□＿
□□□□□□□＿□□
□□□□□□□◆□□
□□□□□□□＿□□
□□□□□□□＿□□
□□□□□□□□□＿
00:31:12(56166f):field(56165f)
＿＿＿＿＿＿＿＿＿＿
＿＿＿＿＿＿＿＿＿＿
＿＿＿＿＿＿＿＿＿＿
＿＿＿＿＿＿＿＿＿＿
＿＿＿＿＿＿＿＿＿＿
＿＿＿＿＿＿＿＿＿＿
＿＿＿＿＿＿＿＿＿＿
＿＿＿＿＿＿＿＿＿＿
＿＿＿＿＿＿＿＿＿＿
＿＿＿＿＿＿＿＿＿＿
＿＿＿＿＿＿＿＿＿＿
＿＿＿＿＿＿＿＿＿＿
■■■＿□□＿＿＿＿
□■□□□□□＿＿＿
□□□□□□□□□＿
□□□□□□□＿□□
□□□□□□□＿□□
□□□□□□□＿□□
□□□□□□□＿□□
□□□□□□□□□＿
00:31:12(56180f):field(56179f)
＿＿＿＿＿＿＿＿＿＿
＿＿＿＿＿＿＿＿＿＿
＿＿＿＿＿＿＿＿＿＿
＿＿＿＿＿＿＿＿＿＿
＿＿＿＿＿＿＿＿＿＿
＿＿＿＿＿＿＿＿＿＿
＿＿＿＿＿＿＿＿＿＿
＿＿＿＿＿＿＿＿＿＿
＿＿＿＿＿＿＿＿＿＿
＿＿＿＿＿＿＿＿＿＿
＿＿＿＿＿＿＿＿＿＿
＿＿＿＿＿＿＿＿＿＿
□◆□＿◆◆■＿＿＿
◆□◆□□◆◆■＿＿
□□□◆□□□◆◆＿
□□□□□□□■□□
□□□□□□□＿□□
□□□□□□□＿□□
□□□□□□□＿□□
□□□□□□□□□＿
00:31:13(56191f):field(56190f)
＿＿＿＿＿＿＿＿＿＿
＿＿＿＿＿＿＿＿＿＿
＿＿＿＿＿＿＿＿＿＿
＿＿＿＿＿＿＿＿＿＿
＿＿＿＿＿＿＿＿＿＿
＿＿＿＿＿＿＿＿＿＿
＿＿＿＿＿＿＿＿＿＿
＿＿＿＿＿＿＿＿＿＿
＿＿＿＿＿＿＿＿＿＿
＿＿＿＿＿＿＿＿＿＿
＿＿＿＿＿＿＿＿＿＿
＿＿＿＿＿＿＿＿＿＿
◆＿□＿＿＿◆＿＿＿
＿◆■□◆＿＿◆＿＿
□□□■□□◆＿＿＿
□□□□□□□◆□□
□□□□□□□＿□□
□□□□□□□＿□□
□□□□□□□＿□□
□□□□□□□□□＿
00:31:13(56201f):field(56200f)
＿＿＿＿＿＿＿＿＿＿
＿＿＿＿＿＿＿＿＿＿
＿＿＿＿＿＿＿＿＿＿
＿＿＿＿＿＿＿＿＿＿
＿＿＿＿＿＿＿＿＿＿
＿＿＿＿＿＿＿＿＿＿
＿＿＿＿＿＿＿＿＿＿
＿＿＿＿＿＿＿＿＿＿
＿＿＿＿＿＿＿＿＿＿
＿＿＿＿＿＿＿＿＿＿
＿＿＿＿＿＿＿＿＿＿
＿＿＿＿＿＿＿＿＿＿
＿＿□■■＿＿＿＿＿
＿＿□□■■＿＿＿＿
□□□□□□＿＿＿＿
□□□□□□□＿□□
□□□□□□□＿□□
□□□□□□□＿□□
□□□□□□□＿□□
□□□□□□□□□＿
00:31:13(56216f):field(56215f)
＿＿＿＿＿＿＿＿＿＿
＿＿＿＿＿＿＿＿＿＿
＿＿＿＿＿＿＿＿＿＿
＿＿＿＿＿＿＿＿＿＿
＿＿＿＿＿＿＿＿＿＿
＿＿＿＿＿＿＿＿＿＿
＿＿＿＿＿＿＿＿＿＿
＿＿＿＿＿＿＿＿＿＿
＿＿＿＿＿＿＿＿＿＿
＿＿＿＿＿＿＿＿＿＿
＿＿＿＿＿＿＿＿＿＿
＿＿＿＿＿＿＿＿＿＿
■■□□□＿＿＿＿＿
■■□□□□＿＿＿＿
□□□□□□＿＿＿＿
□□□□□□□＿□□
□□□□□□□＿□□
□□□□□□□＿□□
□□□□□□□＿□□
□□□□□□□□□＿
00:31:14(56229f):field(56228f)
＿＿＿＿＿＿＿＿＿＿
＿＿＿＿＿＿＿＿＿＿
＿＿＿＿＿＿＿＿＿＿
＿＿＿＿＿＿＿＿＿＿
＿＿＿＿＿＿＿＿＿＿
＿＿＿＿＿＿＿＿＿＿
＿＿＿＿＿＿＿＿＿＿
＿＿＿＿＿＿＿＿＿＿
＿＿＿＿＿＿＿＿＿＿
＿＿＿＿＿＿＿＿＿＿
＿＿＿＿＿＿＿＿＿＿
＿＿＿＿＿＿＿＿＿＿
◆◆◆◆◆＿＿＿＿＿
◆◆◆◆◆◆＿＿＿＿
□◆◆◆◆◆■＿＿＿
◆◆□◆□◆◆■◆□
□□□□□◆◆＿□□
□□□□□□◆■◆◆
□□□□□□□■◆□
□□□□□□□□□■
00:31:14(56246f):field(56245f)
＿＿＿＿＿＿＿＿＿＿
＿＿＿＿＿＿＿＿＿＿
＿＿＿＿＿＿＿＿＿＿
＿＿＿＿＿＿＿＿＿＿
＿＿＿＿＿＿＿＿＿＿
＿＿＿＿＿＿＿＿＿＿
＿＿＿＿＿＿＿＿＿＿
＿＿＿＿＿＿＿＿＿＿
＿＿＿＿＿＿＿＿＿＿
＿＿＿＿＿＿＿＿＿＿
＿＿＿＿＿＿＿＿＿＿
＿＿＿＿＿＿＿＿＿＿
＿＿＿＿＿＿＿＿＿＿
＿＿＿＿＿＿＿＿＿＿
◆＿＿＿＿＿◆＿＿＿
＿＿◆＿◆＿＿◆＿◆
□□□□□＿＿＿◆◆
□□□□□□＿□＿＿
□□□□□□□□■◆
□□□□□□□□□◆
00:31:15(56261f):field(56260f)
＿＿＿＿＿＿＿＿＿＿
＿＿＿＿＿＿＿＿＿＿
＿＿＿＿＿＿＿＿＿＿
＿＿＿＿＿＿＿＿＿＿
＿＿＿＿＿＿＿＿＿＿
＿＿＿＿＿＿＿＿＿＿
＿＿＿＿＿＿＿＿＿＿
＿＿＿＿＿＿＿＿＿＿
＿＿＿＿＿＿＿＿＿＿
＿＿＿＿＿＿＿＿＿＿
＿＿＿＿＿＿＿＿＿＿
＿＿＿＿＿＿＿＿＿＿
＿＿＿＿＿＿＿＿＿＿
■＿＿＿＿＿＿＿＿＿
■＿＿＿＿＿＿＿＿＿
■■＿＿＿＿＿＿＿＿
□□□□□＿＿＿＿＿
□□□□□□＿□＿＿
□□□□□□□□□＿
□□□□□□□□□＿
00:31:15(56272f):field(56271f)
＿＿＿＿＿＿＿＿＿＿
＿＿＿＿＿＿＿＿＿＿
＿＿＿＿＿＿＿＿＿＿
＿＿＿＿＿＿＿＿＿＿
＿＿＿＿＿＿＿＿＿＿
＿＿＿＿＿＿＿＿＿＿
＿＿＿＿＿＿＿＿＿＿
＿＿＿＿＿＿＿＿＿＿
＿＿＿＿＿＿＿＿＿＿
＿＿＿＿＿＿＿＿＿＿
＿＿＿＿＿＿＿＿＿＿
＿＿＿＿＿＿＿＿＿＿
＿＿＿＿＿＿＿＿＿＿
□＿＿＿＿＿＿＿＿＿
□＿＿＿＿＿＿＿＿＿
□□＿＿＿■＿＿＿＿
□□□□□■■＿＿＿
□□□□□□■□＿＿
□□□□□□□□□＿
□□□□□□□□□＿
00:31:16(56282f):field(56281f)
＿＿＿＿＿＿＿＿＿＿
＿＿＿＿＿＿＿＿＿＿
＿＿＿＿＿＿＿＿＿＿
＿＿＿＿＿＿＿＿＿＿
＿＿＿＿＿＿＿＿＿＿
＿＿＿＿＿＿＿＿＿＿
＿＿＿＿＿＿＿＿＿＿
＿＿＿＿＿＿＿＿＿＿
＿＿＿＿＿＿＿＿＿＿
＿＿＿＿＿＿＿＿＿＿
＿＿＿＿＿＿＿＿＿＿
＿＿＿＿＿＿＿＿＿＿
＿＿＿＿＿＿＿＿＿＿
□＿＿＿＿■＿＿＿＿
□＿＿＿■■＿＿＿＿
□□＿＿■□＿＿＿＿
□□□□□□□＿＿＿
□□□□□□□□＿＿
□□□□□□□□□＿
□□□□□□□□□＿
00:31:16(56296f):field(56295f)
＿＿＿＿＿＿＿＿＿＿
＿＿＿＿＿＿＿＿＿＿
＿＿＿＿＿＿＿＿＿＿
＿＿＿＿＿＿＿＿＿＿
＿＿＿＿＿＿＿＿＿＿
＿＿＿＿＿＿＿＿＿＿
＿＿＿＿＿＿＿＿＿＿
＿＿＿＿＿＿＿＿＿＿
＿＿＿＿＿＿＿＿＿＿
＿＿＿＿＿＿＿＿＿＿
＿＿＿＿＿＿＿＿＿＿
＿＿＿＿＿＿＿＿＿＿
＿＿＿＿＿＿＿＿＿＿
□＿＿＿＿□＿＿＿＿
□＿■■□□＿＿＿＿
□□■■□□＿＿＿＿
□□□□□□□＿＿＿
□□□□□□□□＿＿
□□□□□□□□□＿
□□□□□□□□□＿
00:31:17(56318f):field(56317f)
＿＿＿＿＿＿＿＿＿＿
＿＿＿＿＿＿＿＿＿＿
＿＿＿＿＿＿＿＿＿＿
＿＿＿＿＿＿＿＿＿＿
＿＿＿＿＿＿＿＿＿＿
＿＿＿＿＿＿＿＿＿＿
＿＿＿＿＿＿＿＿＿＿
＿＿＿＿＿＿＿＿＿＿
＿＿＿＿＿＿＿＿＿＿
＿＿＿＿＿＿＿＿＿＿
＿＿＿＿＿＿＿＿＿＿
＿＿＿＿■＿＿＿＿＿
＿＿■■■■＿＿＿＿
□＿■■■□＿＿＿＿
□＿□□□□＿＿＿＿
□□□□□□＿＿＿＿
□□□□□□□＿＿＿
□□□□□□□□＿＿
□□□□□□□□□＿
□□□□□□□□□＿
00:31:18(56341f):field(56340f)
＿＿＿＿＿＿＿＿＿＿
＿＿＿＿＿＿＿＿＿＿
＿＿＿＿＿＿＿＿＿＿
＿＿＿＿＿＿＿＿＿＿
＿＿＿＿＿＿＿＿＿＿
＿＿＿＿＿＿＿＿＿＿
＿＿＿＿＿＿＿＿＿＿
＿＿＿＿＿＿＿＿＿＿
＿＿＿＿＿＿＿＿＿＿
＿＿＿＿＿＿＿＿＿＿
＿＿＿＿＿＿＿＿＿＿
＿＿＿＿□＿＿＿＿＿
＿＿□□□□＿＿＿＿
□＿□□□□＿＿＿＿
□＿□□□□＿■＿＿
□□□□□□■■＿＿
□□□□□□□■＿＿
□□□□□□□□＿＿
□□□□□□□□□＿
□□□□□□□□□＿
00:31:18(56352f):field(56351f)
＿＿＿＿＿＿＿＿＿＿
＿＿＿＿＿＿＿＿＿＿
＿＿＿＿＿＿＿＿＿＿
＿＿＿＿＿＿＿＿＿＿
＿＿＿＿＿＿＿＿＿＿
＿＿＿＿＿＿＿＿＿＿
＿＿＿＿＿＿＿＿＿＿
＿＿＿＿＿＿＿＿＿＿
＿＿＿＿＿＿＿＿＿＿
＿＿＿＿＿＿＿＿＿＿
＿＿＿■■＿＿＿＿＿
＿＿■■□＿＿＿＿＿
＿＿□□□□＿＿＿＿
□＿□□□□＿＿＿＿
□＿□□□□＿□＿＿
□□□□□□□□＿＿
□□□□□□□□＿＿
□□□□□□□□＿＿
□□□□□□□□□＿
□□□□□□□□□＿
00:31:18(56364f):field(56363f)
＿＿＿＿＿＿＿＿＿＿
＿＿＿＿＿＿＿＿＿＿
＿＿＿＿＿＿＿＿＿＿
＿＿＿＿＿＿＿＿＿＿
＿＿＿＿＿＿＿＿＿＿
＿＿＿＿＿＿＿＿＿＿
＿＿＿＿＿＿＿＿＿＿
＿＿＿＿＿＿＿＿＿＿
＿＿＿＿＿＿＿＿＿＿
＿＿＿＿＿＿＿＿＿＿
＿＿＿□□＿＿＿＿＿
＿＿□□□＿＿＿＿＿
＿＿□□□□＿■＿＿
□＿□□□□■■＿＿
□＿□□□□■□＿＿
□□□□□□□□＿＿
□□□□□□□□＿＿
□□□□□□□□＿＿
□□□□□□□□□＿
□□□□□□□□□＿
00:31:19(56381f):field(56380f)
＿＿＿＿＿＿＿＿＿＿
＿＿＿＿＿＿＿＿＿＿
＿＿＿＿＿＿＿＿＿＿
＿＿＿＿＿＿＿＿＿＿
＿＿＿＿＿＿＿＿＿＿
＿＿＿＿＿＿＿＿＿＿
＿＿＿＿＿＿＿＿＿＿
＿＿＿＿＿＿＿＿＿＿
＿＿＿＿＿＿＿＿＿＿
＿＿＿＿＿＿＿＿＿＿
＿＿＿◆◆＿＿＿＿＿
＿＿◆□□＿＿＿＿＿
＿＿□□□◆＿◆＿＿
◆＿□□□□◆□＿＿
□＿□□□□□□＿＿
□□□□□□□□＿＿
□□□□□□□□■＿
□□□□□□□□■＿
□□□□□□□□□＿
□□□□□□□□□＿
00:31:19(56392f):field(56391f)
＿＿＿＿＿＿＿＿＿＿
＿＿＿＿＿＿＿＿＿＿
＿＿＿＿＿＿＿＿＿＿
＿＿＿＿＿＿＿＿＿＿
＿＿＿＿＿＿＿＿＿＿
＿＿＿＿＿＿＿＿＿＿
＿＿＿＿＿＿＿＿＿＿
＿＿＿＿＿＿＿＿＿＿
＿＿＿＿＿＿＿＿＿＿
＿＿＿＿＿■＿＿＿＿
＿＿＿＿＿■＿＿＿＿
＿＿＿□□■＿＿＿＿
＿＿□□□■＿＿＿＿
＿＿□□□□＿□＿＿
□＿□□□□□□＿＿
□◆□□□□□□＿＿
□□□□□□□□□＿
□□□□□□□□□＿
□□□□□□□□□＿
□□□□□□□□□＿
00:31:20(56403f):field(56402f)
＿＿＿＿＿＿＿＿＿＿
＿＿＿＿＿＿＿＿＿＿
＿＿＿＿＿＿＿＿＿＿
＿＿＿＿＿＿＿＿＿＿
＿＿＿＿＿＿＿＿＿＿
＿＿＿＿＿＿＿＿＿＿
＿＿＿＿＿＿＿＿＿＿
＿＿＿＿＿＿＿＿＿＿
＿＿＿＿＿＿＿＿＿＿
＿＿＿■■□＿＿＿＿
＿＿＿■■□＿＿＿＿
＿＿＿□□□＿＿＿＿
＿＿□□□□＿＿＿＿
＿＿□□□□＿□＿＿
□＿□□□□□□＿＿
□＿□□□□□□＿＿
□□□□□□□□□＿
□□□□□□□□□＿
□□□□□□□□□＿
□□□□□□□□□＿
00:31:20(56418f):field(56417f)
＿＿＿＿＿＿＿＿＿＿
＿＿＿＿＿＿＿＿＿＿
＿＿＿＿＿＿＿＿＿＿
＿＿＿＿＿＿＿＿＿＿
＿＿＿＿＿＿＿＿＿＿
＿＿＿＿＿＿＿＿＿＿
＿＿＿＿＿＿＿＿＿＿
＿＿＿＿＿＿＿＿＿＿
＿＿＿＿＿＿＿＿＿＿
＿＿＿◆◆◆＿＿＿＿
＿＿＿□□□＿＿＿＿
＿＿＿□□□＿＿＿＿
＿＿◆□□□＿＿＿＿
＿＿□□□□＿◆＿＿
◆＿□□□□◆□＿＿
□＿□□□□□□■＿
□◆□□□□□□□■
□□□□□□□□□＿
□□□□□□□□□＿
□□□□□□□□□＿
00:31:21(56431f):field(56430f)
＿＿＿＿＿＿＿＿＿＿
＿＿＿＿＿＿＿＿＿＿
＿＿＿＿＿＿＿＿＿＿
＿＿＿＿＿＿＿＿＿＿
＿＿＿＿＿＿＿＿＿＿
＿＿＿＿＿＿＿＿＿＿
＿＿＿＿＿＿＿＿＿＿
＿＿＿＿＿＿＿＿＿＿
＿＿＿＿＿＿＿＿＿＿
＿＿＿＿＿＿＿＿＿＿
＿＿＿□□□＿＿＿＿
＿＿＿□□□＿＿＿＿
＿＿＿□□□■＿＿＿
＿＿□□□□■■＿＿
＿＿□□□□■□＿＿
□＿□□□□□□□＿
□＿□□□□□□□□
□□□□□□□□□＿
□□□□□□□□□＿
□□□□□□□□□＿
00:31:21(56443f):field(56442f)
＿＿＿＿＿＿＿＿＿＿
＿＿＿＿＿＿＿＿＿＿
＿＿＿＿＿＿＿＿＿＿
＿＿＿＿＿＿＿＿＿＿
＿＿＿＿＿＿＿＿＿＿
＿＿＿＿＿＿＿＿＿＿
＿＿＿＿＿＿＿＿＿＿
＿＿＿＿＿＿＿＿＿＿
＿＿＿■＿＿＿＿＿＿
＿＿＿■■■＿＿＿＿
＿＿＿□□□＿＿＿＿
＿＿＿□□□＿＿＿＿
＿＿＿□□□□＿＿＿
＿＿□□□□□□＿＿
＿＿□□□□□□＿＿
□＿□□□□□□□＿
□＿□□□□□□□□
□□□□□□□□□＿
□□□□□□□□□＿
□□□□□□□□□＿
00:31:21(56455f):field(56454f)
＿＿＿＿＿＿＿＿＿＿
＿＿＿＿＿＿＿＿＿＿
＿＿＿＿＿＿＿＿＿＿
＿＿＿＿＿＿＿＿＿＿
＿＿＿＿＿＿＿＿＿＿
＿＿＿＿＿＿＿＿＿＿
＿＿＿＿＿＿＿＿＿＿
＿＿＿■■＿＿＿＿＿
＿＿＿□■■＿＿＿＿
＿＿＿□□□＿＿＿＿
＿＿＿□□□＿＿＿＿
＿＿＿□□□＿＿＿＿
＿＿＿□□□□＿＿＿
＿＿□□□□□□＿＿
＿＿□□□□□□＿＿
□＿□□□□□□□＿
□＿□□□□□□□□
□□□□□□□□□＿
□□□□□□□□□＿
□□□□□□□□□＿
00:31:22(56470f):field(56469f)
＿＿＿＿＿＿＿＿＿＿
＿＿＿＿＿＿＿＿＿＿
＿＿＿＿＿＿＿＿＿＿
＿＿＿＿＿＿＿＿＿＿
＿＿＿＿＿＿＿＿＿＿
＿＿＿＿＿＿＿＿＿＿
＿＿＿＿＿＿＿＿＿＿
＿＿＿□□＿＿＿＿＿
＿＿＿□□□＿＿＿＿
＿＿＿□□□＿＿＿＿
＿＿＿□□□＿＿＿＿
＿＿＿□□□＿＿＿＿
＿＿＿□□□□＿＿＿
＿＿□□□□□□■■
＿＿□□□□□□■■
□＿□□□□□□□＿
□＿□□□□□□□□
□□□□□□□□□＿
□□□□□□□□□＿
□□□□□□□□□＿
00:31:22(56489f):field(56488f)
＿＿＿＿＿＿＿＿＿＿
＿＿＿＿＿＿＿＿＿＿
＿＿＿＿＿＿＿＿＿＿
＿＿＿＿＿＿＿＿＿＿
＿＿＿＿＿＿＿＿＿＿
＿＿＿＿＿＿＿＿＿＿
＿＿＿＿＿＿＿＿＿＿
＿＿＿□□＿＿＿＿＿
＿＿＿□□□＿＿＿＿
＿＿＿□□□＿＿＿＿
＿＿＿□□□■＿＿＿
＿＿＿□□□■■＿＿
＿＿＿□□□□■＿＿
＿＿□□□□□□□□
＿＿□□□□□□□□
□＿□□□□□□□＿
□＿□□□□□□□□
□□□□□□□□□＿
□□□□□□□□□＿
□□□□□□□□□＿
00:31:23(56504f):field(56503f)
＿＿＿＿＿＿＿＿＿＿
＿＿＿＿＿＿＿＿＿＿
＿＿＿＿＿＿＿＿＿＿
＿＿＿＿＿＿＿＿＿＿
＿＿＿＿＿＿＿＿＿＿
＿＿＿＿＿＿＿＿＿＿
＿＿＿＿＿＿＿＿＿＿
＿＿＿◆◆＿＿＿＿＿
＿＿＿◆◆◆＿＿＿＿
＿＿＿□□◆＿＿＿＿
＿＿＿□□□◆＿＿＿
＿＿＿□□□◆◆＿＿
＿＿＿□□□□◆＿＿
＿＿◆□□□□□◆◆
＿＿◆□□□□□◆◆
□＿□□□□□□□■
□■□□□□□□□□
□□□□□□□□□■
□□□□□□□□□＿
□□□□□□□□□＿
00:31:23(56516f):field(56515f)
＿＿＿＿＿＿＿＿＿＿
＿＿＿＿＿＿＿＿＿＿
＿＿＿＿＿＿＿＿＿＿
＿＿＿＿＿＿＿＿＿＿
＿＿＿＿＿＿＿＿＿＿
＿＿＿＿＿＿＿＿＿＿
＿＿＿＿＿＿＿＿＿＿
＿＿＿＿＿＿＿＿＿＿
＿＿＿■■■＿＿＿＿
＿＿＿□□■＿＿＿＿
＿＿＿□□□＿＿＿＿
＿＿＿□□□＿＿＿＿
＿＿＿□□□□＿＿＿
＿＿＿□□□□□＿＿
＿＿＿□□□□□＿＿
◆＿□□□□□□□□
□□□□□□□□□◆
□□□□□□□□□◆
□□□□□□□□□＿
□□□□□□□□□＿
00:31:24(56530f):field(56529f)
＿＿＿＿＿＿＿＿＿＿
＿＿＿＿＿＿＿＿＿＿
＿＿＿＿＿＿＿＿＿＿
＿＿＿＿＿＿＿＿＿＿
＿＿＿＿＿＿＿＿＿＿
＿＿＿＿＿＿＿＿＿＿
＿＿＿＿＿＿＿＿＿＿
＿＿＿＿＿＿＿＿＿＿
＿＿＿□□□＿＿＿＿
＿＿＿□□□＿＿＿＿
＿＿＿□□□＿＿＿＿
＿＿＿□□□＿＿＿＿
＿＿＿□□□□＿＿＿
＿■＿□□□□□＿＿
＿■■□□□□□＿＿
＿■□□□□□□□□
□□□□□□□□□＿
□□□□□□□□□＿
□□□□□□□□□＿
□□□□□□□□□＿
00:31:24(56547f):field(56546f)
＿＿＿＿＿＿＿＿＿＿
＿＿＿＿＿＿＿＿＿＿
＿＿＿＿＿＿＿＿＿＿
＿＿＿＿＿＿＿＿＿＿
＿＿＿＿＿＿＿＿＿＿
＿＿＿＿＿＿＿＿＿＿
＿＿＿＿＿＿＿＿＿＿
＿＿＿＿＿＿＿＿＿＿
＿＿＿□□□＿＿＿＿
＿＿＿□□□＿＿＿＿
＿＿＿□□□＿＿＿＿
＿＿＿□□□＿＿＿＿
＿＿＿□□□□＿＿■
＿□＿□□□□□■■
＿□□□□□□□■＿
＿□□□□□□□□□
□□□□□□□□□＿
□□□□□□□□□＿
□□□□□□□□□＿
□□□□□□□□□＿
00:31:25(56560f):field(56559f)
＿＿＿＿＿＿＿＿＿＿
＿＿＿＿＿＿＿＿＿＿
＿＿＿＿＿＿＿＿＿＿
＿＿＿＿＿＿＿＿＿＿
＿＿＿＿＿＿＿＿＿＿
＿＿＿＿＿＿＿＿＿＿
＿＿＿＿＿＿＿＿＿＿
＿＿＿＿＿＿＿＿＿＿
＿＿＿◆◆◆＿＿＿＿
＿＿＿□□□＿＿＿＿
＿＿＿□□□＿＿＿＿
＿＿＿□□□＿＿＿＿
＿＿＿□□□◆＿＿◆
■◆＿□□□□◆◆□
■□◆□□□□□□■
■□□□□□□□□◆
□□□□□□□□□＿
□□□□□□□□□＿
□□□□□□□□□＿
□□□□□□□□□＿
00:31:25(56573f):field(56572f)
＿＿＿＿＿＿＿＿＿＿
＿＿＿＿＿＿＿＿＿＿
＿＿＿＿＿＿＿＿＿＿
＿＿＿＿＿＿＿＿＿＿
＿＿＿＿＿＿＿＿＿＿
＿＿＿＿＿＿＿＿＿＿
＿＿＿＿＿＿＿＿＿＿
＿＿＿＿＿＿＿＿＿＿
＿＿＿＿＿＿＿＿＿＿
＿＿＿□□□＿＿＿＿
＿＿＿□□□＿＿＿＿
＿＿＿□□□＿■＿＿
＿＿＿□□□＿■＿＿
□＿＿□□□□■■□
□□＿□□□□□□□
□□□□□□□□□＿
□□□□□□□□□＿
□□□□□□□□□＿
□□□□□□□□□＿
□□□□□□□□□＿
00:31:26(56584f):field(56583f)
＿＿＿＿＿＿＿＿＿＿
＿＿＿＿＿＿＿＿＿＿
＿＿＿＿＿＿＿＿＿＿
＿＿＿＿＿＿＿＿＿＿
＿＿＿＿＿＿＿＿＿＿
＿＿＿＿＿＿＿＿＿＿
＿＿＿＿＿＿＿＿＿＿
＿＿＿＿＿＿＿＿＿＿
＿＿＿＿＿＿＿＿＿＿
＿＿＿□□□＿＿＿＿
＿＿＿□□□＿＿＿＿
＿＿＿□□□＿□■■
＿＿＿□□□＿□■■
□＿＿□□□□□□□
□□＿□□□□□□□
□□□□□□□□□＿
□□□□□□□□□＿
□□□□□□□□□＿
□□□□□□□□□＿
□□□□□□□□□＿
00:31:26(56600f):field(56599f)
＿＿＿＿＿＿＿＿＿＿
＿＿＿＿＿＿＿＿＿＿
＿＿＿＿＿＿＿＿＿＿
＿＿＿＿＿＿＿＿＿＿
＿＿＿＿＿＿＿＿＿＿
＿＿＿＿＿＿＿＿＿＿
＿＿＿＿＿＿＿＿＿＿
＿＿＿＿＿＿＿＿＿＿
＿＿＿＿＿＿＿＿＿＿
＿＿＿◆◆◆＿＿＿＿
＿＿＿◆◆◆＿＿＿＿
＿＿＿□□□＿◆◆◆
＿＿■□□□＿◆◆◆
◆■＿□□□□□□□
◆◆■□□□□□□□
□□□□□□□□□＿
□□□□□□□□□■
□□□□□□□□□＿
□□□□□□□□□＿
□□□□□□□□□＿
00:31:27(56611f):field(56610f)
＿＿＿＿＿＿＿＿＿＿
＿＿＿＿＿＿＿＿＿＿
＿＿＿＿＿＿＿＿＿＿
＿＿＿＿＿＿＿＿＿＿
＿＿＿＿＿＿＿＿＿＿
＿＿＿＿＿＿＿＿＿＿
＿＿＿＿＿＿＿＿＿＿
＿＿＿＿＿＿＿＿＿＿
＿＿＿＿＿＿＿＿＿＿
＿＿＿＿＿＿＿＿＿＿
＿＿＿＿＿＿＿＿＿＿
＿＿＿□□□＿＿＿＿
＿＿◆□□□＿＿＿＿
＿□■□□□◆□□□
■■□□□□◆□□□
□□□□□□□□□■
□□□□□□□□□◆
□□□□□□□□□＿
□□□□□□□□□＿
□□□□□□□□□＿
00:31:27(56624f):field(56623f)
＿＿＿＿＿＿＿＿＿＿
＿＿＿＿＿＿＿＿＿＿
＿＿＿＿＿＿＿＿＿＿
＿＿＿＿＿＿＿＿＿＿
＿＿＿＿＿＿＿＿＿＿
＿＿＿＿＿＿＿＿＿＿
＿＿＿＿＿＿＿＿＿＿
＿＿＿＿＿■＿＿＿＿
＿＿＿＿＿■＿＿＿＿
＿＿＿＿＿■＿＿＿＿
＿＿＿＿＿■＿＿＿＿
＿＿＿□□□＿＿＿＿
＿＿＿□□□＿＿＿＿
＿□□□□□＿□□□
□□□□□□＿□□□
□□□□□□□□□◆
□□□□□□□□□＿
□□□□□□□□□＿
□□□□□□□□□＿
□□□□□□□□□＿
00:31:28(56640f):field(56639f)
＿＿＿＿＿＿＿＿＿＿
＿＿＿＿＿＿＿＿＿＿
＿＿＿＿＿＿＿＿＿＿
＿＿＿＿＿＿＿＿＿＿
＿＿＿＿＿＿＿＿＿＿
＿＿＿＿＿＿＿＿＿＿
＿＿＿＿＿＿＿＿＿＿
＿＿＿＿＿□＿＿＿＿
＿＿＿■＿□＿＿＿＿
＿＿＿■■□＿＿＿＿
＿＿＿＿■□＿＿＿＿
＿＿＿□□□＿＿＿＿
＿＿＿□□□＿＿＿＿
＿□□□□□＿□□□
□□□□□□＿□□□
□□□□□□□□□＿
□□□□□□□□□＿
□□□□□□□□□＿
□□□□□□□□□＿
□□□□□□□□□＿
00:31:28(56659f):field(56658f)
＿＿＿＿＿＿＿＿＿＿
＿＿＿＿＿＿＿＿＿＿
＿＿＿＿＿＿＿＿＿＿
＿＿＿＿＿＿＿＿＿＿
＿＿＿＿＿＿＿＿＿＿
＿＿＿＿＿＿＿＿＿＿
＿＿＿＿＿＿＿＿＿＿
＿＿＿＿＿□＿＿＿＿
＿＿＿□＿□＿＿＿＿
＿＿＿□□□＿＿＿＿
＿＿＿＿□□＿＿＿＿
＿■＿□□□＿＿＿＿
■■＿□□□＿＿＿＿
■□□□□□＿□□□
□□□□□□＿□□□
□□□□□□□□□＿
□□□□□□□□□＿
□□□□□□□□□＿
□□□□□□□□□＿
□□□□□□□□□＿
00:31:29(56675f):field(56674f)
＿＿＿＿＿＿＿＿＿＿
＿＿＿＿＿＿＿＿＿＿
＿＿＿＿＿＿＿＿＿＿
＿＿＿＿＿＿＿＿＿＿
＿＿＿＿＿＿＿＿＿＿
＿＿＿＿＿＿＿＿＿＿
＿＿＿＿＿＿＿＿＿＿
＿＿＿＿＿◆＿＿＿＿
＿＿＿◆＿◆＿＿＿＿
＿＿＿◆◆□＿＿＿＿
＿＿＿■◆□＿＿＿＿
＿◆＿□□□＿＿＿＿
◆□＿◆□□＿＿＿＿
◆□□□□□＿◆◆◆
□□◆□□□■□□□
□□□□□□□□□＿
□□□□□□□□□＿
□□□□□□□□□＿
□□□□□□□□□＿
□□□□□□□□□＿
00:31:29(56692f):field(56691f)
＿＿＿＿＿＿＿＿＿＿
＿＿＿＿＿＿＿＿＿＿
＿＿＿＿＿＿＿＿＿＿
＿＿＿＿＿＿＿＿＿＿
＿＿＿＿＿＿＿＿＿＿
＿＿＿＿＿＿＿＿＿＿
＿＿＿＿＿＿＿＿＿＿
＿＿＿＿＿＿＿＿＿＿
＿＿＿＿＿＿＿＿＿＿
＿＿＿＿＿□＿＿＿＿
＿＿＿□＿□＿＿＿＿
＿＿＿□□□＿＿＿＿
＿◆＿＿□□＿＿＿＿
＿□◆□□□＿＿■■
□□＿□□□□□□□
□□□□□□□□□＿
□□□□□□□□□＿
□□□□□□□□□＿
□□□□□□□□□＿
□□□□□□□□□＿
00:31:30(56714f):field(56713f)
＿＿＿＿＿＿＿＿＿＿
＿＿＿＿＿＿＿＿＿＿
＿＿＿＿＿＿＿＿＿＿
＿＿＿＿＿＿＿＿＿＿
＿＿＿＿＿＿＿＿＿＿
＿＿＿＿＿＿＿＿＿＿
＿＿＿＿＿＿＿＿＿＿
＿＿＿＿＿＿＿＿＿＿
＿＿＿＿＿＿＿＿＿＿
＿＿＿＿＿□＿＿＿＿
＿＿■□＿□＿＿＿＿
＿＿■□□□＿＿＿＿
＿＿■■□□＿＿＿＿
＿□＿□□□＿＿□□
□□＿□□□□□□□
□□□□□□□□□＿
□□□□□□□□□＿
□□□□□□□□□＿
□□□□□□□□□＿
□□□□□□□□□＿
00:31:30(56727f):field(56726f)
＿＿＿＿＿＿＿＿＿＿
＿＿＿＿＿＿＿＿＿＿
＿＿＿＿＿＿＿＿＿＿
＿＿＿＿＿＿＿＿＿＿
＿＿＿＿＿＿＿＿＿＿
＿＿＿＿＿＿＿＿＿＿
＿＿＿＿＿＿＿＿＿＿
＿＿＿＿＿＿＿＿＿＿
＿＿＿■＿＿＿＿＿＿
＿＿＿■■□＿＿＿＿
＿＿□□■□＿＿＿＿
＿＿□□□□＿＿＿＿
＿＿□□□□＿＿＿＿
＿□＿□□□＿＿□□
□□＿□□□□□□□
□□□□□□□□□＿
□□□□□□□□□＿
□□□□□□□□□＿
□□□□□□□□□＿
□□□□□□□□□＿
00:31:31(56739f):field(56738f)
＿＿＿＿＿＿＿＿＿＿
＿＿＿＿＿＿＿＿＿＿
＿＿＿＿＿＿＿＿＿＿
＿＿＿＿＿＿＿＿＿＿
＿＿＿＿＿＿＿＿＿＿
＿＿＿＿＿＿＿＿＿＿
＿＿＿＿■＿＿＿＿＿
＿＿＿■■＿＿＿＿＿
＿＿＿□■＿＿＿＿＿
＿＿＿□□□＿＿＿＿
＿＿□□□□＿＿＿＿
＿＿□□□□＿＿＿＿
＿＿□□□□＿＿＿＿
＿□＿□□□＿＿□□
□□＿□□□□□□□
□□□□□□□□□＿
□□□□□□□□□＿
□□□□□□□□□＿
□□□□□□□□□＿
□□□□□□□□□＿
00:31:31(56754f):field(56753f)
＿＿＿＿＿＿＿＿＿＿
＿＿＿＿＿＿＿＿＿＿
＿＿＿＿＿＿＿＿＿＿
＿＿＿＿＿＿＿＿＿＿
＿＿＿＿＿＿＿＿＿＿
＿＿＿＿＿＿＿＿＿＿
＿＿＿＿□＿＿＿＿＿
＿＿＿□□＿＿＿＿＿
＿＿＿□□＿＿＿＿＿
＿＿＿□□□＿＿＿＿
＿＿□□□□＿＿＿＿
＿＿□□□□＿■＿＿
＿＿□□□□＿■＿＿
＿□＿□□□■■□□
□□＿□□□□□□□
□□□□□□□□□＿
□□□□□□□□□＿
□□□□□□□□□＿
□□□□□□□□□＿
□□□□□□□□□＿
00:31:32(56768f):field(56767f)
＿＿＿＿＿＿＿＿＿＿
＿＿＿＿＿＿＿＿＿＿
＿＿＿＿＿＿＿＿＿＿
＿＿＿＿＿＿＿＿＿＿
＿＿＿＿＿＿＿＿＿＿
＿＿＿＿＿＿＿＿＿＿
＿＿＿＿□＿＿＿＿＿
＿＿＿□□＿＿＿＿＿
＿＿＿□□＿＿＿＿＿
＿＿＿□□□＿＿＿＿
＿＿□□□□＿＿＿＿
＿■□□□□＿□＿＿
■■□□□□＿□＿＿
■□＿□□□□□□□
□□＿□□□□□□□
□□□□□□□□□＿
□□□□□□□□□＿
□□□□□□□□□＿
□□□□□□□□□＿
□□□□□□□□□＿
00:31:32(56781f):field(56780f)
＿＿＿＿＿＿＿＿＿＿
＿＿＿＿＿＿＿＿＿＿
＿＿＿＿＿＿＿＿＿＿
＿＿＿＿＿＿＿＿＿＿
＿＿＿＿＿＿＿＿＿＿
＿＿＿＿＿＿＿＿＿＿
＿＿＿＿□＿＿＿＿＿
＿＿＿□□＿＿＿＿＿
＿＿＿□□＿＿＿＿＿
＿＿＿□□□＿＿＿＿
＿＿□□□□＿＿＿＿
＿□□□□□＿□■■
□□□□□□＿□■■
□□＿□□□□□□□
□□＿□□□□□□□
□□□□□□□□□＿
□□□□□□□□□＿
□□□□□□□□□＿
□□□□□□□□□＿
□□□□□□□□□＿
00:31:33(56795f):field(56794f)
＿＿＿＿＿＿＿＿＿＿
＿＿＿＿＿＿＿＿＿＿
＿＿＿＿＿＿＿＿＿＿
＿＿＿＿＿＿＿＿＿＿
＿＿＿＿＿＿＿＿＿＿
＿＿＿＿＿＿＿＿＿＿
＿＿＿＿□＿＿＿＿＿
＿＿＿□□＿＿＿＿＿
＿＿＿□□＿＿＿＿＿
＿＿＿□□□＿＿＿■
＿＿□□□□＿■■■
＿□□□□□＿□□□
□□□□□□＿□□□
□□＿□□□□□□□
□□＿□□□□□□□
□□□□□□□□□＿
□□□□□□□□□＿
□□□□□□□□□＿
□□□□□□□□□＿
□□□□□□□□□＿
00:31:33(56808f):field(56807f)
＿＿＿＿＿＿＿＿＿＿
＿＿＿＿＿＿＿＿＿＿
＿＿＿＿＿＿＿＿＿＿
＿＿＿＿＿＿＿＿＿＿
＿＿＿＿＿＿＿＿＿＿
＿＿＿＿＿＿＿＿＿＿
＿＿＿＿◆＿＿＿＿＿
＿＿＿◆□＿＿＿＿＿
＿＿＿□□＿＿＿＿＿
＿＿＿□□◆＿＿＿◆
＿＿◆□□□■◆◆□
＿◆□□□□■□□□
◆□□□□□■□□□
□□＿□□□□□□□
□□＿□□□□□□□
□□□□□□□□□＿
□□□□□□□□□＿
□□□□□□□□□＿
□□□□□□□□□＿
□□□□□□□□□＿
00:31:34(56822f):field(56821f)
＿＿＿＿＿＿＿＿＿＿
＿＿＿＿＿＿＿＿＿＿
＿＿＿＿＿＿＿＿＿＿
＿＿＿＿＿＿＿＿＿＿
＿＿＿＿＿＿＿＿＿＿
＿＿＿＿＿＿＿＿＿＿
＿＿＿＿＿＿＿＿＿＿
＿＿＿＿□＿＿＿＿＿
＿＿＿□□＿＿＿＿＿
＿＿＿□□＿＿＿■■
＿＿＿□□□□■■□
＿＿□□□□□□□□
＿□□□□□□□□□
□□＿□□□□□□□
□□＿□□□□□□□
□□□□□□□□□＿
□□□□□□□□□＿
□□□□□□□□□＿
□□□□□□□□□＿
□□□□□□□□□＿
00:31:34(56835f):field(56834f)
＿＿＿＿＿＿＿＿＿＿
＿＿＿＿＿＿＿＿＿＿
＿＿＿＿＿＿＿＿＿＿
＿＿＿＿＿＿＿＿＿＿
＿＿＿＿＿＿＿＿＿＿
＿＿＿＿＿＿＿＿＿＿
＿＿＿＿＿＿＿＿＿＿
＿＿＿＿◆＿＿＿＿＿
＿＿＿◆◆＿＿＿＿＿
＿＿＿◆□＿＿＿◆◆
■＿＿□□◆◆◆□◆
＿■◆□□◆◆□□□
■◆◆□□□□□□□
□□＿□□□□□□□
□□＿□□□□□□□
□□□□□□□□□＿
□□□□□□□□□＿
□□□□□□□□□＿
□□□□□□□□□＿
□□□□□□□□□＿
00:31:34(56848f):field(56847f)
＿＿＿＿＿＿＿＿＿＿
＿＿＿＿＿＿＿＿＿＿
＿＿＿＿＿＿＿＿＿＿
＿＿＿＿＿＿＿＿＿＿
＿＿＿＿＿＿＿＿＿＿
＿＿＿＿＿＿＿＿＿＿
＿＿＿＿＿＿＿＿＿＿
＿＿＿＿■＿＿＿＿＿
＿＿＿■■＿＿＿＿＿
＿＿＿■□＿＿＿＿＿
◆＿＿□□＿＿＿◆＿
＿◆＿□□＿＿◆□□
□＿＿□□□□□□□
□□＿□□□□□□□
□□＿□□□□□□□
□□□□□□□□□＿
□□□□□□□□□＿
□□□□□□□□□＿
□□□□□□□□□＿
□□□□□□□□□＿
00:31:35(56860f):field(56859f)
＿＿＿＿＿＿＿＿＿＿
＿＿＿＿＿＿＿＿＿＿
＿＿＿＿＿＿＿＿＿＿
＿＿＿＿＿＿＿＿＿＿
＿＿＿＿＿＿＿＿＿＿
＿＿＿＿＿＿＿＿＿＿
＿＿＿＿＿＿＿＿＿＿
＿＿＿＿◆＿＿＿＿＿
＿＿＿◆◆＿＿＿＿＿
＿＿＿◆◆＿＿＿＿＿
＿＿＿◆□＿＿＿＿＿
＿■■□□＿＿＿◆◆
◆＿＿□□□◆◆□◆
◆◆■□□□◆□◆◆
□◆■□□□◆◆□□
□□□□□□□□□＿
□□□□□□□□□＿
□□□□□□□□□＿
□□□□□□□□□＿
□□□□□□□□□＿
00:31:35(56872f):field(56871f)
＿＿＿＿＿＿＿＿＿＿
＿＿＿＿＿＿＿＿＿＿
＿＿＿＿＿＿＿＿＿＿
＿＿＿＿＿＿＿＿＿＿
＿＿＿＿＿＿＿＿＿＿
＿＿＿＿＿＿＿＿＿＿
＿＿＿＿＿＿＿＿＿＿
＿＿＿＿＿＿＿＿＿＿
＿＿＿＿＿＿＿＿＿＿
＿＿＿＿＿＿＿＿＿＿
＿＿＿＿□＿＿＿＿＿
＿◆◆□□＿＿＿＿＿
＿＿＿□□◆＿＿◆＿
＿＿◆□□□■◆＿＿
◆＿◆□□□■＿□□
□□□□□□□□□＿
□□□□□□□□□＿
□□□□□□□□□＿
□□□□□□□□□＿
□□□□□□□□□＿
00:31:36(56888f):field(56887f)
＿＿＿＿＿＿＿＿＿＿
＿＿＿＿＿＿＿＿＿＿
＿＿＿＿＿＿＿＿＿＿
＿＿＿＿＿＿＿＿＿＿
＿＿＿＿＿＿＿＿＿＿
＿＿＿＿＿＿＿＿＿＿
＿＿＿＿＿＿＿＿＿＿
＿＿＿＿＿＿＿＿＿＿
＿＿＿＿＿＿＿＿＿＿
＿＿＿＿＿＿＿＿＿＿
＿＿＿＿□＿＿＿＿＿
＿＿＿□□＿＿■＿＿
＿＿＿□□＿＿■＿＿
＿＿＿□□□□■＿＿
＿＿＿□□□□■□□
□□□□□□□□□＿
□□□□□□□□□＿
□□□□□□□□□＿
□□□□□□□□□＿
□□□□□□□□□＿
00:31:36(56901f):field(56900f)
＿＿＿＿＿＿＿＿＿＿
＿＿＿＿＿＿＿＿＿＿
＿＿＿＿＿＿＿＿＿＿
＿＿＿＿＿＿＿＿＿＿
＿＿＿＿＿＿＿＿＿＿
＿＿＿＿＿＿＿＿＿＿
＿＿＿＿＿＿＿＿＿＿
＿＿＿＿＿＿＿＿＿＿
＿＿＿＿＿＿＿＿＿＿
＿＿＿＿＿＿＿＿＿＿
＿＿＿＿◆＿＿＿＿＿
＿＿＿◆□＿＿◆＿＿
＿＿＿□□＿＿□＿＿
＿＿＿□□□◆□＿＿
■＿＿□□□□□◆◆
□□□□□□□□□＿
□□□□□□□□□＿
□□□□□□□□□＿
□□□□□□□□□＿
□□□□□□□□□＿
00:31:37(56915f):field(56914f)
＿＿＿＿＿＿＿＿＿＿
＿＿＿＿＿＿＿＿＿＿
＿＿＿＿＿＿＿＿＿＿
＿＿＿＿＿＿＿＿＿＿
＿＿＿＿＿＿＿＿＿＿
＿＿＿＿＿＿＿＿＿＿
＿＿＿＿＿＿＿＿＿＿
＿＿＿＿＿＿＿＿＿＿
＿＿＿＿＿＿＿＿＿＿
＿＿＿＿＿＿＿＿＿＿
＿＿＿＿＿＿＿＿＿＿
＿＿＿＿□＿＿＿＿＿
■＿＿□□＿＿□＿＿
■■＿□□◆＿□＿＿
□■＿□□□□□＿＿
□□□□□□□□□＿
□□□□□□□□□＿
□□□□□□□□□＿
□□□□□□□□□＿
□□□□□□□□□＿
00:31:37(56928f):field(56927f)
＿＿＿＿＿＿＿＿＿＿
＿＿＿＿＿＿＿＿＿＿
＿＿＿＿＿＿＿＿＿＿
＿＿＿＿＿＿＿＿＿＿
＿＿＿＿＿＿＿＿＿＿
＿＿＿＿＿＿＿＿＿＿
＿＿＿＿＿＿＿＿＿＿
＿＿＿＿＿＿＿＿＿＿
＿＿＿＿＿＿＿＿＿＿
＿＿＿■＿＿＿＿＿＿
＿＿＿■■＿＿＿＿＿
＿＿＿■□＿＿＿＿＿
□＿＿□□＿＿□＿＿
□□＿□□＿＿□＿＿
□□＿□□□□□＿＿
□□□□□□□□□＿
□□□□□□□□□＿
□□□□□□□□□＿
□□□□□□□□□＿
□□□□□□□□□＿
00:31:38(56944f):field(56943f)
＿＿＿＿＿＿＿＿＿＿
＿＿＿＿＿＿＿＿＿＿
＿＿＿＿＿＿＿＿＿＿
＿＿＿＿＿＿＿＿＿＿
＿＿＿＿＿＿＿＿＿＿
＿＿＿＿＿＿＿＿＿＿
＿＿＿＿＿＿＿＿＿＿
＿＿＿＿＿＿＿＿＿＿
＿＿＿＿＿＿＿＿＿＿
＿＿＿□＿＿＿＿＿＿
＿＿＿□□＿＿＿＿＿
＿＿＿□□＿＿＿＿＿
□＿＿□□＿＿□＿■
□□＿□□＿＿□■■
□□＿□□□□□■＿
□□□□□□□□□＿
□□□□□□□□□＿
□□□□□□□□□＿
□□□□□□□□□＿
□□□□□□□□□＿
00:31:38(56958f):field(56957f)
＿＿＿＿＿＿＿＿＿＿
＿＿＿＿＿＿＿＿＿＿
＿＿＿＿＿＿＿＿＿＿
＿＿＿＿＿＿＿＿＿＿
＿＿＿＿＿＿＿＿＿＿
＿＿＿＿＿＿＿＿＿＿
＿＿＿＿＿＿＿＿＿＿
＿＿＿＿＿＿＿＿＿＿
＿＿＿＿＿＿＿＿＿＿
＿＿＿□＿＿＿＿＿＿
＿＿＿□□＿＿＿＿＿
＿＿■□□＿＿＿＿＿
□＿■□□＿＿□＿□
□□■□□＿＿□□□
□□■□□□□□□＿
□□□□□□□□□＿
□□□□□□□□□＿
□□□□□□□□□＿
□□□□□□□□□＿
□□□□□□□□□＿
00:31:39(56971f):field(56970f)
＿＿＿＿＿＿＿＿＿＿
＿＿＿＿＿＿＿＿＿＿
＿＿＿＿＿＿＿＿＿＿
＿＿＿＿＿＿＿＿＿＿
＿＿＿＿＿＿＿＿＿＿
＿＿＿＿＿＿＿＿＿＿
＿＿＿＿＿＿＿＿＿＿
＿＿＿＿＿＿＿＿＿＿
＿＿＿＿＿＿＿＿＿＿
＿＿＿◆＿＿＿＿＿＿
＿＿＿□◆＿＿＿＿＿
＿＿◆□□＿＿＿＿＿
◆＿□□□■＿◆＿◆
□◆□□□■＿□□□
□□□□□□□□□＿
□□□□□□□□□＿
□□□□□□□□□＿
□□□□□□□□□＿
□□□□□□□□□＿
□□□□□□□□□＿
00:31:39(56991f):field(56990f)
＿＿＿＿＿＿＿＿＿＿
＿＿＿＿＿＿＿＿＿＿
＿＿＿＿＿＿＿＿＿＿
＿＿＿＿＿＿＿＿＿＿
＿＿＿＿＿＿＿＿＿＿
＿＿＿＿＿＿＿＿＿＿
＿＿＿＿＿＿＿＿＿＿
＿＿＿＿＿＿＿＿＿＿
＿＿＿＿＿＿＿＿＿＿
＿＿＿＿＿＿＿＿＿＿
＿＿＿□＿＿＿＿＿＿
＿＿＿□□＿＿＿＿＿
＿＿□□□□■■■＿
□＿□□□□＿□□□
□□□□□□□□□＿
□□□□□□□□□＿
□□□□□□□□□＿
□□□□□□□□□＿
□□□□□□□□□＿
□□□□□□□□□＿
00:31:40(57004f):field(57003f)
＿＿＿＿＿＿＿＿＿＿
＿＿＿＿＿＿＿＿＿＿
＿＿＿＿＿＿＿＿＿＿
＿＿＿＿＿＿＿＿＿＿
＿＿＿＿＿＿＿＿＿＿
＿＿＿＿＿＿＿＿＿＿
＿＿＿＿＿＿＿＿＿＿
＿＿＿＿＿＿＿＿＿＿
＿＿＿＿＿＿＿＿＿＿
＿＿＿＿＿■＿＿＿＿
＿＿＿□■■＿＿＿＿
＿＿＿□□■＿＿＿＿
＿＿□□□□□□□＿
□＿□□□□＿□□□
□□□□□□□□□＿
□□□□□□□□□＿
□□□□□□□□□＿
□□□□□□□□□＿
□□□□□□□□□＿
□□□□□□□□□＿
00:31:40(57015f):field(57014f)
＿＿＿＿＿＿＿＿＿＿
＿＿＿＿＿＿＿＿＿＿
＿＿＿＿＿＿＿＿＿＿
＿＿＿＿＿＿＿＿＿＿
＿＿＿＿＿＿＿＿＿＿
＿＿＿＿＿＿＿＿＿＿
＿＿＿＿＿＿＿＿＿＿
＿＿＿＿＿■＿＿＿＿
＿＿＿＿■■＿＿＿＿
＿＿＿＿■□＿＿＿＿
＿＿＿□□□＿＿＿＿
＿＿＿□□□＿＿＿＿
＿＿□□□□□□□＿
□＿□□□□＿□□□
□□□□□□□□□＿
□□□□□□□□□＿
□□□□□□□□□＿
□□□□□□□□□＿
□□□□□□□□□＿
□□□□□□□□□＿
00:31:41(57030f):field(57029f)
＿＿＿＿＿＿＿＿＿＿
＿＿＿＿＿＿＿＿＿＿
＿＿＿＿＿＿＿＿＿＿
＿＿＿＿＿＿＿＿＿＿
＿＿＿＿＿＿＿＿＿＿
＿＿＿＿＿＿＿＿＿＿
＿＿＿＿＿＿＿＿＿＿
＿＿＿＿＿□＿＿＿＿
＿＿＿＿□□＿＿＿＿
＿＿＿＿□□＿＿＿＿
＿＿＿□□□＿＿＿＿
■＿＿□□□＿＿＿＿
■■□□□□□□□＿
□■□□□□＿□□□
□□□□□□□□□＿
□□□□□□□□□＿
□□□□□□□□□＿
□□□□□□□□□＿
□□□□□□□□□＿
□□□□□□□□□＿
00:31:41(57043f):field(57042f)
＿＿＿＿＿＿＿＿＿＿
＿＿＿＿＿＿＿＿＿＿
＿＿＿＿＿＿＿＿＿＿
＿＿＿＿＿＿＿＿＿＿
＿＿＿＿＿＿＿＿＿＿
＿＿＿＿＿＿＿＿＿＿
＿＿＿＿＿＿＿＿＿＿
＿＿＿＿＿□＿＿＿＿
＿＿＿＿□□＿＿＿＿
＿■＿＿□□＿＿＿＿
＿■＿□□□＿＿＿＿
□■■□□□＿＿＿＿
□□□□□□□□□＿
□□□□□□＿□□□
□□□□□□□□□＿
□□□□□□□□□＿
□□□□□□□□□＿
□□□□□□□□□＿
□□□□□□□□□＿
□□□□□□□□□＿
00:31:42(57060f):field(57059f)
＿＿＿＿＿＿＿＿＿＿
＿＿＿＿＿＿＿＿＿＿
＿＿＿＿＿＿＿＿＿＿
＿＿＿＿＿＿＿＿＿＿
＿＿＿＿＿＿＿＿＿＿
＿＿＿＿＿＿＿＿＿＿
＿＿＿＿＿＿＿＿＿＿
＿＿＿＿＿□＿＿＿＿
＿＿＿＿□□＿＿＿＿
＿□＿＿□□＿＿＿＿
＿□＿□□□■■＿＿
□□□□□□■■＿＿
□□□□□□□□□＿
□□□□□□＿□□□
□□□□□□□□□＿
□□□□□□□□□＿
□□□□□□□□□＿
□□□□□□□□□＿
□□□□□□□□□＿
□□□□□□□□□＿
00:31:42(57073f):field(57072f)
＿＿＿＿＿＿＿＿＿＿
＿＿＿＿＿＿＿＿＿＿
＿＿＿＿＿＿＿＿＿＿
＿＿＿＿＿＿＿＿＿＿
＿＿＿＿＿＿＿＿＿＿
＿＿＿＿＿＿＿＿＿＿
＿＿＿＿＿＿＿＿＿＿
＿＿＿＿＿□＿＿＿＿
＿＿■＿□□＿＿＿＿
＿□■■□□＿＿＿＿
＿□■□□□□□＿＿
□□□□□□□□＿＿
□□□□□□□□□＿
□□□□□□＿□□□
□□□□□□□□□＿
□□□□□□□□□＿
□□□□□□□□□＿
□□□□□□□□□＿
□□□□□□□□□＿
□□□□□□□□□＿
00:31:42(57084f):field(57083f)
＿＿＿＿＿＿＿＿＿＿
＿＿＿＿＿＿＿＿＿＿
＿＿＿＿＿＿＿＿＿＿
＿＿＿＿＿＿＿＿＿＿
＿＿＿＿＿＿＿＿＿＿
＿＿＿＿＿＿＿＿＿＿
＿＿＿＿■＿＿＿＿＿
＿＿＿■■□＿＿＿＿
＿＿□■□□＿＿＿＿
＿□□□□□＿＿＿＿
＿□□□□□□□＿＿
□□□□□□□□＿＿
□□□□□□□□□＿
□□□□□□＿□□□
□□□□□□□□□＿
□□□□□□□□□＿
□□□□□□□□□＿
□□□□□□□□□＿
□□□□□□□□□＿
□□□□□□□□□＿
00:31:43(57099f):field(57098f)
＿＿＿＿＿＿＿＿＿＿
＿＿＿＿＿＿＿＿＿＿
＿＿＿＿＿＿＿＿＿＿
＿＿＿＿＿＿＿＿＿＿
＿＿＿＿＿＿＿＿＿＿
＿＿＿＿＿＿＿＿＿＿
＿＿＿＿◆＿＿＿＿＿
＿＿＿◆□◆＿＿＿＿
＿＿◆□□□＿＿＿＿
＿◆□□□□＿＿＿＿
＿□□□□□◆◆＿■
◆□□□□□□□＿■
□□□□□□□□◆■
□□□□□□＿□□□
□□□□□□□□□■
□□□□□□□□□＿
□□□□□□□□□＿
□□□□□□□□□＿
□□□□□□□□□＿
□□□□□□□□□＿
00:31:43(57112f):field(57111f)
＿＿＿＿＿＿＿＿＿＿
＿＿＿＿＿＿＿＿＿＿
＿＿＿＿＿＿＿＿＿＿
＿＿＿＿＿＿＿＿＿＿
＿＿＿＿＿＿＿＿＿＿
＿＿＿＿■＿＿＿＿＿
＿＿＿＿■■＿＿＿＿
＿＿＿＿□■＿＿＿＿
＿＿＿□□□＿＿＿＿
＿＿□□□□＿＿＿＿
＿□□□□□＿＿＿□
＿□□□□□□□＿□
□□□□□□□□＿□
□□□□□□＿□□□
□□□□□□□□□◆
□□□□□□□□□＿
□□□□□□□□□＿
□□□□□□□□□＿
□□□□□□□□□＿
□□□□□□□□□＿
00:31:44(57127f):field(57126f)
＿＿＿＿＿＿＿＿＿＿
＿＿＿＿＿＿＿＿＿＿
＿＿＿＿＿＿＿＿＿＿
＿＿＿＿＿＿＿＿＿＿
＿＿＿＿＿＿＿＿＿＿
＿＿＿＿◆＿＿＿＿＿
＿＿＿＿□◆＿＿＿＿
＿＿＿＿□□＿＿＿＿
＿＿＿◆□□＿＿＿＿
＿＿◆□□□＿＿＿＿
＿◆□□□□＿＿＿◆
＿□□□□□◆□■□
◆□□□□□□□■□
□□□□□□＿□□□
□□□□□□□□□＿
□□□□□□□□□＿
□□□□□□□□□＿
□□□□□□□□□＿
□□□□□□□□□＿
□□□□□□□□□＿
00:31:44(57140f):field(57139f)
＿＿＿＿＿＿＿＿＿＿
＿＿＿＿＿＿＿＿＿＿
＿＿＿＿＿＿＿＿＿＿
＿＿＿＿＿＿＿＿＿＿
＿＿＿＿＿＿＿＿＿＿
＿＿＿＿＿＿＿＿＿＿
＿＿＿＿◆＿＿＿＿＿
＿＿＿＿□◆＿＿＿＿
＿＿＿＿□□＿＿＿＿
＿＿＿◆□□＿＿＿＿
＿＿◆□□□＿＿＿＿
■□□□□□＿◆◆◆
■□□□□□◆□□□
□□□□□□＿□□□
□□□□□□□□□＿
□□□□□□□□□＿
□□□□□□□□□＿
□□□□□□□□□＿
□□□□□□□□□＿
□□□□□□□□□＿
00:31:45(57153f):field(57152f)
＿＿＿＿＿＿＿＿＿＿
＿＿＿＿＿＿＿＿＿＿
＿＿＿＿＿＿＿＿＿＿
＿＿＿＿＿＿＿＿＿＿
＿＿＿＿＿＿＿＿＿＿
＿＿＿＿＿＿＿＿＿＿
＿＿＿＿＿＿＿＿＿＿
＿＿＿＿□＿＿＿＿＿
＿＿＿＿□□＿＿＿＿
■■＿＿□□＿＿＿＿
■■＿□□□＿＿＿＿
□□□□□□＿＿＿＿
□□□□□□＿□□□
□□□□□□＿□□□
□□□□□□□□□＿
□□□□□□□□□＿
□□□□□□□□□＿
□□□□□□□□□＿
□□□□□□□□□＿
□□□□□□□□□＿
00:31:45(57166f):field(57165f)
＿＿＿＿＿＿＿＿＿＿
＿＿＿＿＿＿＿＿＿＿
＿＿＿＿＿＿＿＿＿＿
＿＿＿＿＿＿＿＿＿＿
＿＿＿＿＿＿＿＿＿＿
＿＿＿＿＿＿＿＿＿＿
＿＿＿＿＿＿＿＿＿＿
＿＿＿＿◆＿＿＿＿＿
＿＿＿＿◆◆＿＿＿＿
◆◆＿＿□◆＿＿＿＿
◆◆＿◆□□＿＿＿＿
□□◆◆□□＿■＿＿
□□□□□□■◆□◆
□□□□□□■◆□□
□□□□□□□□□＿
□□□□□□□□□＿
□□□□□□□□□＿
□□□□□□□□□＿
□□□□□□□□□＿
□□□□□□□□□＿
00:31:45(57178f):field(57177f)
＿＿＿＿＿＿＿＿＿＿
＿＿＿＿＿＿＿＿＿＿
＿＿＿＿＿＿＿＿＿＿
＿＿＿＿＿＿＿＿＿＿
＿＿＿＿＿＿＿＿＿＿
＿＿＿＿＿＿＿＿＿＿
＿＿＿＿＿＿＿＿＿＿
＿＿＿＿＿＿＿＿＿＿
＿＿＿＿＿＿＿＿＿＿
＿＿＿＿□＿＿＿＿＿
＿＿＿■□□＿＿＿＿
□□■■□□＿◆＿＿
□□□□□□□＿◆＿
□□□□□□□＿◆◆
□□□□□□□□□＿
□□□□□□□□□＿
□□□□□□□□□＿
□□□□□□□□□＿
□□□□□□□□□＿
□□□□□□□□□＿
00:31:46(57199f):field(57198f)
＿＿＿＿＿＿＿＿＿＿
＿＿＿＿＿＿＿＿＿＿
＿＿＿＿＿＿＿＿＿＿
＿＿＿＿＿＿＿＿＿＿
＿＿＿＿＿＿＿＿＿＿
＿＿＿＿＿＿＿＿＿＿
＿＿＿＿＿＿＿＿＿＿
＿＿＿＿＿＿＿＿＿＿
＿＿＿＿＿＿＿＿＿＿
＿＿＿＿□＿＿＿＿＿
＿＿＿□□□＿＿＿＿
□□□□□□■■＿＿
□□□□□□□■＿＿
□□□□□□□■＿＿
□□□□□□□□□＿
□□□□□□□□□＿
□□□□□□□□□＿
□□□□□□□□□＿
□□□□□□□□□＿
□□□□□□□□□＿
00:31:47(57211f):field(57210f)
＿＿＿＿＿＿＿＿＿＿
＿＿＿＿＿＿＿＿＿＿
＿＿＿＿＿＿＿＿＿＿
＿＿＿＿＿＿＿＿＿＿
＿＿＿＿＿＿＿＿＿＿
＿＿＿＿＿＿＿＿＿＿
＿＿＿＿＿＿＿＿＿＿
＿＿＿＿＿＿＿＿＿＿
＿＿＿＿＿＿＿＿＿＿
■＿＿＿□＿＿＿＿＿
■■■□□□＿＿＿＿
□□□□□□□□＿＿
□□□□□□□□＿＿
□□□□□□□□＿＿
□□□□□□□□□＿
□□□□□□□□□＿
□□□□□□□□□＿
□□□□□□□□□＿
□□□□□□□□□＿
□□□□□□□□□＿
00:31:47(57225f):field(57224f)
＿＿＿＿＿＿＿＿＿＿
＿＿＿＿＿＿＿＿＿＿
＿＿＿＿＿＿＿＿＿＿
＿＿＿＿＿＿＿＿＿＿
＿＿＿＿＿＿＿＿＿＿
＿＿＿＿＿＿＿＿＿＿
＿＿＿＿＿＿＿＿＿＿
■＿＿＿＿＿＿＿＿＿
■■＿＿＿＿＿＿＿＿
□■＿＿□＿＿＿＿＿
□□□□□□＿＿＿＿
□□□□□□□□＿＿
□□□□□□□□＿＿
□□□□□□□□＿＿
□□□□□□□□□＿
□□□□□□□□□＿
□□□□□□□□□＿
□□□□□□□□□＿
□□□□□□□□□＿
□□□□□□□□□＿
00:31:47(57238f):field(57237f)
＿＿＿＿＿＿＿＿＿＿
＿＿＿＿＿＿＿＿＿＿
＿＿＿＿＿＿＿＿＿＿
＿＿＿＿＿＿＿＿＿＿
＿＿＿＿＿＿＿＿＿＿
＿＿＿＿＿＿＿＿＿＿
＿＿＿＿＿＿＿＿＿＿
□＿＿＿＿＿＿＿＿＿
□□■■＿＿＿＿＿＿
□□■■□＿＿＿＿＿
□□□□□□＿＿＿＿
□□□□□□□□＿＿
□□□□□□□□＿＿
□□□□□□□□＿＿
□□□□□□□□□＿
□□□□□□□□□＿
□□□□□□□□□＿
□□□□□□□□□＿
□□□□□□□□□＿
□□□□□□□□□＿
00:31:48(57251f):field(57250f)
＿＿＿＿＿＿＿＿＿＿
＿＿＿＿＿＿＿＿＿＿
＿＿＿＿＿＿＿＿＿＿
＿＿＿＿＿＿＿＿＿＿
＿＿＿＿＿＿＿＿＿＿
＿＿＿＿＿＿＿＿＿＿
＿＿＿＿＿＿＿＿＿＿
□＿＿＿＿＿＿＿＿＿
□□□□＿＿■＿＿＿
□□□□□■■＿＿＿
□□□□□□■＿＿＿
□□□□□□□□＿＿
□□□□□□□□＿＿
□□□□□□□□＿＿
□□□□□□□□□＿
□□□□□□□□□＿
□□□□□□□□□＿
□□□□□□□□□＿
□□□□□□□□□＿
□□□□□□□□□＿
00:31:48(57266f):field(57265f)
＿＿＿＿＿＿＿＿＿＿
＿＿＿＿＿＿＿＿＿＿
＿＿＿＿＿＿＿＿＿＿
＿＿＿＿＿＿＿＿＿＿
＿＿＿＿＿＿＿＿＿＿
＿＿＿＿＿＿＿＿＿＿
＿＿＿＿＿＿＿＿＿＿
□＿＿■■＿＿＿＿＿
□□□□■■□＿＿＿
□□□□□□□＿＿＿
□□□□□□□＿＿＿
□□□□□□□□＿＿
□□□□□□□□＿＿
□□□□□□□□＿＿
□□□□□□□□□＿
□□□□□□□□□＿
□□□□□□□□□＿
□□□□□□□□□＿
□□□□□□□□□＿
□□□□□□□□□＿
00:31:49(57282f):field(57281f)
＿＿＿＿＿＿＿＿＿＿
＿＿＿＿＿＿＿＿＿＿
＿＿＿＿＿＿＿＿＿＿
＿＿＿＿＿＿＿＿＿＿
＿＿＿＿＿＿＿＿＿＿
＿＿＿＿＿＿＿＿＿＿
＿＿＿＿＿＿＿＿＿＿
◆＿＿◆◆＿＿＿＿＿
◆◆◆◆◆◆◆＿＿＿
◆◆◆◆◆◆◆＿＿＿
□◆◆□□◆◆＿＿＿
□□□□□□□◆＿＿
□□□□□□□◆＿＿
□□□□□□□□■■
□□□□□□□□□＿
□□□□□□□□◆＿
□□□□□□□□□＿
□□□□□□□□□＿
□□□□□□□□□＿
□□□□□□□□□＿
00:31:49(57296f):field(57295f)
＿＿＿＿＿＿＿＿＿＿
＿＿＿＿＿＿＿＿＿＿
＿＿＿＿＿＿＿＿＿＿
＿＿＿＿＿＿＿＿＿＿
＿＿＿＿＿＿＿＿＿＿
＿＿＿＿＿＿＿＿＿＿
＿＿＿＿＿＿＿＿＿＿
＿＿＿＿＿＿＿＿＿＿
＿＿＿＿＿＿＿＿＿＿
＿＿＿＿＿＿＿＿＿＿
◆＿＿◆◆＿＿＿＿＿
◆◆◆◆◆◆◆＿＿＿
□◆◆□□◆◆＿＿＿
□□□□□□□◆◆◆
□□□□□□□□◆＿
□□□□□□□◆■＿
□□□□□□□□□＿
□□□□□□□□□＿
□□□□□□□□□＿
□□□□□□□□□＿
00:31:50(57307f):field(57306f)
＿＿＿＿＿＿＿＿＿＿
＿＿＿＿＿＿＿＿＿＿
＿＿＿＿＿＿＿＿＿＿
＿＿＿＿＿＿＿＿＿＿
＿＿＿＿＿＿＿＿＿＿
＿＿＿＿＿＿＿＿＿＿
＿＿＿＿＿＿＿＿＿＿
＿＿＿＿＿＿＿＿＿＿
＿＿＿＿＿＿＿＿＿＿
＿＿＿＿＿＿＿＿＿＿
＿＿＿＿＿＿＿＿＿＿
＿＿＿＿＿＿＿＿＿＿
□＿＿□□＿＿＿＿＿
□□□□□□□＿＿＿
□□□□□□□□■＿
□□□□□□□■□＿
□□□□□□□□□＿
□□□□□□□□□＿
□□□□□□□□□＿
□□□□□□□□□＿
00:31:50(57318f):field(57317f)
＿＿＿＿＿＿＿＿＿＿
＿＿＿＿＿＿＿＿＿＿
＿＿＿＿＿＿＿＿＿＿
＿＿＿＿＿＿＿＿＿＿
＿＿＿＿＿＿＿＿＿＿
＿＿＿＿＿＿＿＿＿＿
＿＿＿＿＿＿＿＿＿＿
＿＿＿＿＿＿＿＿＿＿
＿＿＿＿＿＿＿＿＿＿
＿＿＿＿＿＿＿＿＿＿
＿＿＿＿＿■＿＿＿＿
＿＿＿＿■■＿＿＿＿
□＿＿□□■＿＿＿＿
□□□□□□□＿＿＿
□□□□□□□□□＿
□□□□□□□□□＿
□□□□□□□□□＿
□□□□□□□□□＿
□□□□□□□□□＿
□□□□□□□□□＿
00:31:51(57330f):field(57329f)
＿＿＿＿＿＿＿＿＿＿
＿＿＿＿＿＿＿＿＿＿
＿＿＿＿＿＿＿＿＿＿
＿＿＿＿＿＿＿＿＿＿
＿＿＿＿＿＿＿＿＿＿
＿＿＿＿＿＿＿＿＿＿
＿＿＿＿＿＿＿＿＿＿
＿＿＿＿＿＿＿＿＿＿
＿＿＿＿＿＿＿＿＿＿
＿＿＿＿＿＿＿＿＿＿
＿＿＿＿＿□＿＿＿＿
＿＿＿＿□□＿＿＿＿
□＿＿□□□■■■■
□□□□□□□＿＿＿
□□□□□□□□□＿
□□□□□□□□□＿
□□□□□□□□□＿
□□□□□□□□□＿
□□□□□□□□□＿
□□□□□□□□□＿
00:31:51(57345f):field(57344f)
＿＿＿＿＿＿＿＿＿＿
＿＿＿＿＿＿＿＿＿＿
＿＿＿＿＿＿＿＿＿＿
＿＿＿＿＿＿＿＿＿＿
＿＿＿＿＿＿＿＿＿＿
＿＿＿＿＿＿＿＿＿＿
＿＿＿＿＿＿＿＿＿＿
＿＿＿＿＿＿＿＿＿＿
＿＿＿＿＿＿＿＿＿＿
＿＿＿＿＿＿＿＿＿＿
＿＿＿＿＿◆＿＿＿＿
＿＿＿■◆□＿＿＿＿
□■■◆□□◆◆◆◆
□□□□□□□■＿＿
□□□□□□□□□＿
□□□□□□□□□＿
□□□□□□□□□＿
□□□□□□□□□＿
□□□□□□□□□＿
□□□□□□□□□＿
00:31:51(57356f):field(57355f)
＿＿＿＿＿＿＿＿＿＿
＿＿＿＿＿＿＿＿＿＿
＿＿＿＿＿＿＿＿＿＿
＿＿＿＿＿＿＿＿＿＿
＿＿＿＿＿＿＿＿＿＿
＿＿＿＿＿＿＿＿＿＿
＿＿＿＿＿＿＿＿＿＿
＿＿＿＿＿＿＿＿＿＿
＿＿＿＿＿＿＿＿＿＿
＿＿＿＿＿＿＿＿＿＿
＿＿＿＿＿＿＿＿＿＿
＿＿＿□■□＿＿＿＿
□□□■□□＿＿＿＿
□□□□□□□◆＿＿
□□□□□□□□□＿
□□□□□□□□□＿
□□□□□□□□□＿
□□□□□□□□□＿
□□□□□□□□□＿
□□□□□□□□□＿
00:31:52(57372f):field(57371f)
＿＿＿＿＿＿＿＿＿＿
＿＿＿＿＿＿＿＿＿＿
＿＿＿＿＿＿＿＿＿＿
＿＿＿＿＿＿＿＿＿＿
＿＿＿＿＿＿＿＿＿＿
＿＿＿＿＿＿＿＿＿＿
＿＿＿＿＿＿＿＿＿＿
＿＿＿＿＿＿＿＿＿＿
＿＿＿＿＿＿＿＿＿＿
＿＿＿＿＿＿＿＿＿＿
＿＿＿＿＿＿＿＿＿＿
＿＿＿◆◆◆＿＿＿＿
□◆◆□□□＿＿＿＿
□□□□□□◆■＿＿
□□□□□□□□□＿
□□□□□□□□□■
□□□□□□□□□＿
□□□□□□□□□＿
□□□□□□□□□＿
□□□□□□□□□＿
00:31:52(57383f):field(57382f)
＿＿＿＿＿＿＿＿＿＿
＿＿＿＿＿＿＿＿＿＿
＿＿＿＿＿＿＿＿＿＿
＿＿＿＿＿＿＿＿＿＿
＿＿＿＿＿＿＿＿＿＿
＿＿＿＿＿＿＿＿＿＿
＿＿＿＿＿＿＿＿＿＿
＿＿＿＿＿＿＿＿＿＿
＿＿＿＿＿＿＿＿＿＿
＿＿＿＿■＿＿＿＿＿
＿＿＿＿■■＿＿＿＿
＿＿＿＿■＿＿＿＿＿
◆＿＿□□□＿＿＿＿
□□□□□□＿□＿＿
□□□□□□□□□＿
□□□□□□□□□◆
□□□□□□□□□＿
□□□□□□□□□＿
□□□□□□□□□＿
□□□□□□□□□＿
00:31:53(57396f):field(57395f)
＿＿＿＿＿＿＿＿＿＿
＿＿＿＿＿＿＿＿＿＿
＿＿＿＿＿＿＿＿＿＿
＿＿＿＿＿＿＿＿＿＿
＿＿＿＿＿＿＿＿＿＿
＿＿＿＿＿＿＿＿＿＿
＿＿＿＿＿＿＿＿＿＿
＿＿＿＿＿＿＿＿＿＿
＿＿＿＿＿＿＿＿＿＿
＿＿＿＿□＿＿＿＿＿
＿＿＿＿□□＿＿＿＿
＿＿＿＿□＿＿＿＿＿
＿＿＿□□□＿＿■■
□□□□□□＿□■■
□□□□□□□□□＿
□□□□□□□□□＿
□□□□□□□□□＿
□□□□□□□□□＿
□□□□□□□□□＿
□□□□□□□□□＿
00:31:53(57412f):field(57411f)
＿＿＿＿＿＿＿＿＿＿
＿＿＿＿＿＿＿＿＿＿
＿＿＿＿＿＿＿＿＿＿
＿＿＿＿＿＿＿＿＿＿
＿＿＿＿＿＿＿＿＿＿
＿＿＿＿＿＿＿＿＿＿
＿＿＿＿＿＿＿＿＿＿
＿＿＿＿＿＿＿＿＿＿
＿＿＿＿＿＿＿＿＿＿
＿＿＿＿□＿＿＿＿＿
＿＿＿＿□□＿＿＿＿
＿＿＿＿□■■■■＿
＿＿＿□□□＿＿□□
□□□□□□＿□□□
□□□□□□□□□＿
□□□□□□□□□＿
□□□□□□□□□＿
□□□□□□□□□＿
□□□□□□□□□＿
□□□□□□□□□＿
00:31:54(57428f):field(57427f)
＿＿＿＿＿＿＿＿＿＿
＿＿＿＿＿＿＿＿＿＿
＿＿＿＿＿＿＿＿＿＿
＿＿＿＿＿＿＿＿＿＿
＿＿＿＿＿＿＿＿＿＿
＿＿＿＿＿＿＿＿＿＿
＿＿＿＿＿＿＿＿＿＿
＿＿＿＿■＿＿＿＿＿
＿＿＿■■＿＿＿＿＿
＿＿＿■□＿＿＿＿＿
＿＿＿＿□□＿＿＿＿
＿＿＿＿□□□□□＿
＿＿＿□□□＿＿□□
□□□□□□＿□□□
□□□□□□□□□＿
□□□□□□□□□＿
□□□□□□□□□＿
□□□□□□□□□＿
□□□□□□□□□＿
□□□□□□□□□＿
00:31:54(57441f):field(57440f)
＿＿＿＿＿＿＿＿＿＿
＿＿＿＿＿＿＿＿＿＿
＿＿＿＿＿＿＿＿＿＿
＿＿＿＿＿＿＿＿＿＿
＿＿＿＿＿＿＿＿＿＿
＿＿＿＿■＿＿＿＿＿
＿＿＿＿■■＿＿＿＿
＿＿＿＿□■＿＿＿＿
＿＿＿□□＿＿＿＿＿
＿＿＿□□＿＿＿＿＿
＿＿＿＿□□＿＿＿＿
＿＿＿＿□□□□□＿
＿＿＿□□□＿＿□□
□□□□□□＿□□□
□□□□□□□□□＿
□□□□□□□□□＿
□□□□□□□□□＿
□□□□□□□□□＿
□□□□□□□□□＿
□□□□□□□□□＿
00:31:55(57461f):field(57460f)
＿＿＿＿＿＿＿＿＿＿
＿＿＿＿＿＿＿＿＿＿
＿＿＿＿＿＿＿＿＿＿
＿＿＿＿＿＿＿＿＿＿
＿＿＿＿＿＿＿＿＿＿
＿＿＿＿□＿＿＿＿＿
＿＿＿＿□□＿＿＿＿
＿＿＿＿□□＿＿＿＿
＿＿＿□□＿＿＿＿■
＿＿＿□□＿＿＿＿■
＿＿＿＿□□＿＿■■
＿＿＿＿□□□□□＿
＿＿＿□□□＿＿□□
□□□□□□＿□□□
□□□□□□□□□＿
□□□□□□□□□＿
□□□□□□□□□＿
□□□□□□□□□＿
□□□□□□□□□＿
□□□□□□□□□＿
00:31:55(57478f):field(57477f)
＿＿＿＿＿＿＿＿＿＿
＿＿＿＿＿＿＿＿＿＿
＿＿＿＿＿＿＿＿＿＿
＿＿＿＿＿＿＿＿＿＿
＿＿＿＿＿＿＿＿＿＿
＿＿＿＿□＿＿＿＿＿
＿＿＿＿□□＿＿＿＿
＿＿＿＿□□＿＿＿＿
＿＿＿□□＿＿＿＿□
＿＿＿□□＿＿＿＿□
＿＿＿＿□□＿＿□□
■■＿＿□□□□□＿
■■＿□□□＿＿□□
□□□□□□＿□□□
□□□□□□□□□＿
□□□□□□□□□＿
□□□□□□□□□＿
□□□□□□□□□＿
□□□□□□□□□＿
□□□□□□□□□＿
00:31:56(57492f):field(57491f)
＿＿＿＿＿＿＿＿＿＿
＿＿＿＿＿＿＿＿＿＿
＿＿＿＿＿＿＿＿＿＿
＿＿＿＿＿＿＿＿＿＿
＿＿＿＿＿＿＿＿＿＿
＿＿＿＿□＿＿＿＿＿
＿＿＿＿□□＿＿＿＿
＿＿＿＿□□＿＿＿＿
＿＿＿□□＿＿＿＿□
＿＿＿□□＿＿＿＿□
＿■■■□□＿＿□□
□□■＿□□□□□＿
□□＿□□□＿＿□□
□□□□□□＿□□□
□□□□□□□□□＿
□□□□□□□□□＿
□□□□□□□□□＿
□□□□□□□□□＿
□□□□□□□□□＿
□□□□□□□□□＿
00:31:56(57508f):field(57507f)
＿＿＿＿＿＿＿＿＿＿
＿＿＿＿＿＿＿＿＿＿
＿＿＿＿＿＿＿＿＿＿
＿＿＿＿＿＿＿＿＿＿
＿＿＿＿＿＿＿＿＿＿
＿＿＿＿□＿＿＿＿＿
＿＿＿＿□□＿＿＿＿
＿＿＿＿□□＿＿＿＿
＿＿＿□□＿＿＿＿□
■■■□□＿＿＿＿□
■□□□□□＿＿□□
□□□＿□□□□□＿
□□＿□□□＿＿□□
□□□□□□＿□□□
□□□□□□□□□＿
□□□□□□□□□＿
□□□□□□□□□＿
□□□□□□□□□＿
□□□□□□□□□＿
□□□□□□□□□＿
00:31:57(57521f):field(57520f)
＿＿＿＿＿＿＿＿＿＿
＿＿＿＿＿＿＿＿＿＿
＿＿＿＿＿＿＿＿＿＿
＿＿＿＿＿＿＿＿＿＿
＿＿＿＿＿＿＿＿＿＿
＿＿＿＿□＿＿＿＿＿
＿＿＿＿□□＿＿＿＿
■■■■□□＿＿＿＿
＿＿＿□□＿＿＿＿□
□□□□□＿＿＿＿□
□□□□□□＿＿□□
□□□＿□□□□□＿
□□＿□□□＿＿□□
□□□□□□＿□□□
□□□□□□□□□＿
□□□□□□□□□＿
□□□□□□□□□＿
□□□□□□□□□＿
□□□□□□□□□＿
□□□□□□□□□＿
00:31:57(57539f):field(57538f)
＿＿＿＿＿＿＿＿＿＿
＿＿＿＿＿＿＿＿＿＿
＿＿＿＿＿＿＿＿＿＿
＿＿＿＿＿＿＿＿＿＿
＿＿＿＿＿＿＿＿＿＿
＿＿＿＿□＿＿＿＿＿
＿＿＿＿□□＿＿＿＿
□□□□□□＿＿＿＿
＿＿＿□□＿＿■■□
□□□□□＿＿■＿□
□□□□□□＿■□□
□□□＿□□□□□＿
□□＿□□□＿＿□□
□□□□□□＿□□□
□□□□□□□□□＿
□□□□□□□□□＿
□□□□□□□□□＿
□□□□□□□□□＿
□□□□□□□□□＿
□□□□□□□□□＿
00:31:58(57556f):field(57555f)
＿＿＿＿＿＿＿＿＿＿
＿＿＿＿＿＿＿＿＿＿
＿＿＿＿＿＿＿＿＿＿
＿＿＿＿＿＿＿＿＿＿
＿＿＿＿＿＿＿＿＿＿
＿＿＿＿□＿＿＿＿＿
＿＿＿＿□□＿■＿＿
□□□□□□■■＿＿
＿＿＿□□＿■□□□
□□□□□＿＿□＿□
□□□□□□＿□□□
□□□＿□□□□□＿
□□＿□□□＿＿□□
□□□□□□＿□□□
□□□□□□□□□＿
□□□□□□□□□＿
□□□□□□□□□＿
□□□□□□□□□＿
□□□□□□□□□＿
□□□□□□□□□＿
00:31:58(57569f):field(57568f)
＿＿＿＿＿＿＿＿＿＿
＿＿＿＿＿＿＿＿＿＿
＿＿＿＿＿＿＿＿＿＿
＿＿＿＿＿＿＿＿＿＿
＿＿＿＿＿＿＿＿＿＿
＿＿＿＿□■■■＿＿
＿＿＿＿□□■□＿＿
□□□□□□□□＿＿
＿＿＿□□＿□□□□
□□□□□＿＿□＿□
□□□□□□＿□□□
□□□＿□□□□□＿
□□＿□□□＿＿□□
□□□□□□＿□□□
□□□□□□□□□＿
□□□□□□□□□＿
□□□□□□□□□＿
□□□□□□□□□＿
□□□□□□□□□＿
□□□□□□□□□＿
00:31:59(57584f):field(57583f)
＿＿＿＿＿＿＿＿＿＿
＿＿＿＿＿＿＿＿＿＿
＿＿＿＿＿＿＿＿＿＿
＿＿＿＿＿＿＿＿＿＿
＿＿＿＿＿＿＿＿＿＿
＿＿＿＿◆◆◆◆＿＿
＿＿■＿□□□□＿＿
□□◆□□□□□■■
＿■■□□＿□□□□
□□□□□＿■□＿□
□□□□□□＿□□□
□□□＿□□□□□＿
□□＿□□□＿＿□□
□□□□□□＿□□□
□□□□□□□□□＿
□□□□□□□□□＿
□□□□□□□□□＿
□□□□□□□□□＿
□□□□□□□□□＿
□□□□□□□□□＿
00:31:59(57596f):field(57595f)
＿＿＿＿＿＿＿＿＿＿
＿＿＿＿＿＿＿＿＿＿
＿＿＿＿＿＿＿＿＿＿
＿＿＿＿＿＿＿＿＿＿
＿＿＿＿＿＿＿＿＿＿
＿＿＿＿＿＿＿＿＿＿
■＿◆＿□□□□＿＿
□◆＿◆□□□□□□
■□◆□□＿□□□□
□□□□□＿◆□＿□
□□□□□□＿□□□
□□□＿□□□□□＿
□□＿□□□＿＿□□
□□□□□□＿□□□
□□□□□□□□□＿
□□□□□□□□□＿
□□□□□□□□□＿
□□□□□□□□□＿
□□□□□□□□□＿
□□□□□□□□□＿
00:32:00(57609f):field(57608f)
＿＿＿＿＿＿＿＿＿＿
＿＿＿＿＿＿＿＿＿＿
＿＿＿＿■＿＿＿＿＿
＿＿＿＿■＿＿＿＿＿
＿＿＿＿■＿＿＿＿＿
＿＿＿＿■＿＿＿＿＿
□＿＿＿□□□□＿＿
□＿＿＿□□□□□□
□□＿□□＿□□□□
□□□□□＿＿□＿□
□□□□□□＿□□□
□□□＿□□□□□＿
□□＿□□□＿＿□□
□□□□□□＿□□□
□□□□□□□□□＿
□□□□□□□□□＿
□□□□□□□□□＿
□□□□□□□□□＿
□□□□□□□□□＿
□□□□□□□□□＿
00:32:00(57622f):field(57621f)
＿＿＿＿＿＿＿＿＿＿
＿＿＿＿＿＿＿＿＿＿
＿＿＿＿□＿＿＿＿＿
＿＿＿＿□＿＿＿＿＿
＿＿＿＿□＿＿＿＿■
＿＿＿＿□＿＿＿＿■
□＿＿＿□□□□■■
□＿＿＿□□□□□□
□□＿□□＿□□□□
□□□□□＿＿□＿□
□□□□□□＿□□□
□□□＿□□□□□＿
□□＿□□□＿＿□□
□□□□□□＿□□□
□□□□□□□□□＿
□□□□□□□□□＿
□□□□□□□□□＿
□□□□□□□□□＿
□□□□□□□□□＿
□□□□□□□□□＿
00:32:01(57636f):field(57635f)
＿＿＿＿＿＿＿＿＿＿
＿＿＿＿＿＿＿＿＿＿
＿＿＿＿◆＿＿＿＿＿
＿＿＿＿□＿＿＿＿＿
＿＿＿＿□＿＿＿＿◆
＿＿＿＿□＿＿＿＿□
□＿＿＿□◆◆◆◆□
□＿＿＿□□□□□□
□□■□□＿□□□□
□□□□□＿＿□＿□
□□□□□□＿□□□
□□□＿□□□□□＿
□□＿□□□＿＿□□
□□□□□□＿□□□
□□□□□□□□□＿
□□□□□□□□□＿
□□□□□□□□□＿
□□□□□□□□□＿
□□□□□□□□□＿
□□□□□□□□□＿
00:32:01(57651f):field(57650f)
＿＿＿＿＿＿＿＿＿＿
＿＿＿＿＿＿＿＿＿＿
＿＿＿＿＿＿＿＿＿＿
＿＿＿＿□＿＿＿＿＿
＿＿＿＿□＿＿＿＿＿
■＿＿＿□＿＿＿＿□
□■＿＿□＿＿＿＿□
□■＿＿□□□□□□
□□□□□＿□□□□
□□□□□＿＿□＿□
□□□□□□＿□□□
□□□＿□□□□□＿
□□＿□□□＿＿□□
□□□□□□＿□□□
□□□□□□□□□＿
□□□□□□□□□＿
□□□□□□□□□＿
□□□□□□□□□＿
□□□□□□□□□＿
□□□□□□□□□＿
00:32:02(57663f):field(57662f)
＿＿＿＿＿＿＿＿＿＿
＿＿＿＿＿＿＿＿＿＿
＿＿＿＿＿＿＿＿＿＿
＿＿＿＿□＿＿＿＿＿
＿＿＿＿□＿■＿＿＿
□＿＿＿□■■＿＿□
□□＿＿□■＿＿＿□
□□＿＿□□□□□□
□□□□□＿□□□□
□□□□□＿＿□＿□
□□□□□□＿□□□
□□□＿□□□□□＿
□□＿□□□＿＿□□
□□□□□□＿□□□
□□□□□□□□□＿
□□□□□□□□□＿
□□□□□□□□□＿
□□□□□□□□□＿
□□□□□□□□□＿
□□□□□□□□□＿
00:32:02(57678f):field(57677f)
＿＿＿＿＿＿＿＿＿＿
＿＿＿＿＿＿＿＿＿＿
＿＿＿＿＿＿＿＿＿＿
＿＿＿＿□＿＿＿＿＿
＿＿＿＿□＿□＿＿＿
□＿＿＿□□□＿■□
□□＿＿□□■■■□
□□＿＿□□□□□□
□□□□□＿□□□□
□□□□□＿＿□＿□
□□□□□□＿□□□
□□□＿□□□□□＿
□□＿□□□＿＿□□
□□□□□□＿□□□
□□□□□□□□□＿
□□□□□□□□□＿
□□□□□□□□□＿
□□□□□□□□□＿
□□□□□□□□□＿
□□□□□□□□□＿
00:32:03(57691f):field(57690f)
＿＿＿＿＿＿＿＿＿＿
＿＿＿＿＿＿＿＿＿＿
＿＿＿＿＿＿＿＿＿＿
＿＿＿＿◆＿＿＿＿＿
＿＿＿＿□＿◆＿＿＿
◆＿＿＿□◆□＿◆◆
□◆＿■□□□□□□
□□＿■□□□□□□
□□□□□＿□□□□
□□□□□＿＿□＿□
□□□□□□＿□□□
□□□＿□□□□□＿
□□＿□□□＿＿□□
□□□□□□＿□□□
□□□□□□□□□＿
□□□□□□□□□＿
□□□□□□□□□＿
□□□□□□□□□＿
□□□□□□□□□＿
□□□□□□□□□＿
00:32:03(57706f):field(57705f)
＿＿＿＿＿＿＿＿＿＿
＿＿＿＿＿＿＿＿＿＿
＿＿＿＿＿＿＿＿＿＿
＿＿＿＿＿＿＿＿＿＿
＿＿＿＿◆＿＿＿＿＿
＿＿＿＿□＿◆＿＿＿
□＿■◆□◆□◆□◆
□□■□□□□◆□□
□□□□□＿□□□□
□□□□□＿＿□＿□
□□□□□□＿□□□
□□□＿□□□□□＿
□□＿□□□＿＿□□
□□□□□□＿□□□
□□□□□□□□□＿
□□□□□□□□□＿
□□□□□□□□□＿
□□□□□□□□□＿
□□□□□□□□□＿
□□□□□□□□□＿
00:32:03(57718f):field(57717f)
＿＿＿＿＿＿＿＿＿＿
＿＿＿＿＿＿＿＿＿＿
＿＿＿＿＿＿＿＿＿＿
＿＿＿＿＿＿＿＿＿＿
＿＿＿＿＿＿＿＿＿＿
■■＿＿□＿＿＿＿＿
□■□＿□＿□＿◆＿
□□□□□□□＿□□
□□□□□＿□□□□
□□□□□＿＿□＿□
□□□□□□＿□□□
□□□＿□□□□□＿
□□＿□□□＿＿□□
□□□□□□＿□□□
□□□□□□□□□＿
□□□□□□□□□＿
□□□□□□□□□＿
□□□□□□□□□＿
□□□□□□□□□＿
□□□□□□□□□＿
00:32:04(57733f):field(57732f)
＿＿＿＿＿＿＿＿＿＿
＿＿＿＿＿＿＿＿＿＿
＿＿＿＿＿＿＿＿＿＿
＿＿＿＿＿＿＿＿＿＿
＿＿＿＿＿＿＿＿＿＿
◆◆＿＿◆＿＿■＿＿
□□□＿□＿◆■＿＿
□□□□□◆□■◆□
□□□□□＿□□□□
□□□□□＿■□■□
□□□□□□＿□□□
□□□＿□□□□□＿
□□＿□□□＿＿□□
□□□□□□＿□□□
□□□□□□□□□＿
□□□□□□□□□＿
□□□□□□□□□＿
□□□□□□□□□＿
□□□□□□□□□＿
□□□□□□□□□＿
00:32:04(57745f):field(57744f)
＿＿＿＿＿＿＿＿＿＿
＿＿＿＿＿＿＿＿＿＿
＿＿＿＿＿＿＿＿＿＿
＿＿＿＿＿＿＿＿＿＿
＿＿＿＿＿＿＿＿＿＿
＿＿＿＿■■＿□＿＿
□□◆＿□■＿□＿＿
□□□◆□■□□＿◆
□□□□□＿□□□□
□□□□□＿◆□◆□
□□□□□□＿□□□
□□□＿□□□□□＿
□□＿□□□＿＿□□
□□□□□□＿□□□
□□□□□□□□□＿
□□□□□□□□□＿
□□□□□□□□□＿
□□□□□□□□□＿
□□□□□□□□□＿
□□□□□□□□□＿
00:32:05(57757f):field(57756f)
＿＿＿＿＿＿＿＿＿＿
＿＿＿＿＿＿＿＿＿＿
＿＿＿＿＿＿＿＿＿＿
＿＿＿＿＿＿＿＿＿＿
＿＿＿＿＿＿■■＿＿
＿＿＿＿□□■□＿＿
□□＿＿□□■□＿＿
□□□＿□□□□＿＿
□□□□□＿□□□□
□□□□□＿＿□＿□
□□□□□□＿□□□
□□□＿□□□□□＿
□□＿□□□＿＿□□
□□□□□□＿□□□
□□□□□□□□□＿
□□□□□□□□□＿
□□□□□□□□□＿
□□□□□□□□□＿
□□□□□□□□□＿
□□□□□□□□□＿
00:32:05(57769f):field(57768f)
＿＿＿＿＿＿＿＿＿＿
＿＿＿＿＿＿＿＿＿＿
＿＿＿＿＿＿＿＿＿＿
＿＿＿＿＿＿＿＿＿＿
＿＿＿＿＿＿□□＿＿
＿＿＿■□□□□＿＿
□□■■□□□□＿＿
□□□■□□□□＿＿
□□□□□＿□□□□
□□□□□＿＿□＿□
□□□□□□＿□□□
□□□＿□□□□□＿
□□＿□□□＿＿□□
□□□□□□＿□□□
□□□□□□□□□＿
□□□□□□□□□＿
□□□□□□□□□＿
□□□□□□□□□＿
□□□□□□□□□＿
□□□□□□□□□＿
00:32:05(57779f):field(57778f)
＿＿＿＿＿＿＿＿＿＿
＿＿＿＿＿＿＿＿＿＿
＿＿＿＿＿＿＿＿＿＿
＿＿＿＿■■＿＿＿＿
＿＿＿＿■■□□＿＿
＿＿＿□□□□□＿＿
□□□□□□□□＿＿
□□□□□□□□＿＿
□□□□□＿□□□□
□□□□□＿＿□＿□
□□□□□□＿□□□
□□□＿□□□□□＿
□□＿□□□＿＿□□
□□□□□□＿□□□
□□□□□□□□□＿
□□□□□□□□□＿
□□□□□□□□□＿
□□□□□□□□□＿
□□□□□□□□□＿
□□□□□□□□□＿
00:32:06(57799f):field(57798f)
＿＿＿＿＿＿＿＿＿＿
＿＿＿＿＿＿＿＿＿＿
＿＿＿＿＿＿＿＿＿＿
＿＿＿＿◆◆＿＿＿＿
＿＿＿＿□□◆◆＿＿
＿＿＿◆□□□□＿＿
◆◆◆□□□□□■■
□□□□□□□□■＿
□□□□□＿□□□□
□□□□□＿＿□＿□
□□□□□□＿□□□
□□□＿□□□□□＿
□□＿□□□＿＿□□
□□□□□□＿□□□
□□□□□□□□□＿
□□□□□□□□□＿
□□□□□□□□□＿
□□□□□□□□□＿
□□□□□□□□□＿
□□□□□□□□□＿
00:32:07(57810f):field(57809f)
＿＿＿＿＿＿＿＿＿＿
＿＿＿＿＿＿＿＿＿＿
＿＿＿＿＿＿＿＿＿＿
■＿＿＿＿＿＿＿＿＿
■＿＿＿□□＿＿＿＿
■＿＿＿□□□□＿＿
■＿＿□□□□□◆□
□□□□□□□□□＿
□□□□□＿□□□□
□□□□□＿＿□＿□
□□□□□□＿□□□
□□□＿□□□□□＿
□□＿□□□＿＿□□
□□□□□□＿□□□
□□□□□□□□□＿
□□□□□□□□□＿
□□□□□□□□□＿
□□□□□□□□□＿
□□□□□□□□□＿
□□□□□□□□□＿
00:32:07(57824f):field(57823f)
＿＿＿＿＿＿＿＿＿＿
＿＿＿＿＿＿＿＿＿＿
＿＿＿＿＿＿＿＿＿＿
□＿＿＿＿＿＿＿＿＿
□■＿＿□□＿＿＿＿
□■＿＿□□□□＿＿
□■■□□□□□＿□
□□□□□□□□□＿
□□□□□＿□□□□
□□□□□＿＿□＿□
□□□□□□＿□□□
□□□＿□□□□□＿
□□＿□□□＿＿□□
□□□□□□＿□□□
□□□□□□□□□＿
□□□□□□□□□＿
□□□□□□□□□＿
□□□□□□□□□＿
□□□□□□□□□＿
□□□□□□□□□＿
00:32:07(57839f):field(57838f)
＿＿＿＿＿＿＿＿＿＿
＿＿＿＿＿＿＿＿＿＿
＿＿＿＿＿＿＿＿＿＿
◆＿＿＿＿＿＿＿＿＿
□◆＿＿◆◆＿＿＿＿
□□＿＿□□◆□■■
□□◆◆□□□□■◆
□□□□□□□□□＿
□□□□□＿□□□□
□□□□□＿＿□＿□
□□□□□□＿□□□
□□□＿□□□□□＿
□□＿□□□＿＿□□
□□□□□□＿□□□
□□□□□□□□□＿
□□□□□□□□□＿
□□□□□□□□□＿
□□□□□□□□□＿
□□□□□□□□□＿
□□□□□□□□□＿
00:32:08(57850f):field(57849f)
＿＿＿＿＿＿＿＿＿＿
＿＿＿＿＿＿＿＿＿＿
＿＿＿＿＿＿＿＿＿＿
＿＿＿＿＿＿＿＿＿＿
□＿＿■＿＿＿＿＿＿
□□■■□□＿◆□□
□□＿■□□□□□＿
□□□□□□□□□＿
□□□□□＿□□□□
□□□□□＿＿□＿□
□□□□□□＿□□□
□□□＿□□□□□＿
□□＿□□□＿＿□□
□□□□□□＿□□□
□□□□□□□□□＿
□□□□□□□□□＿
□□□□□□□□□＿
□□□□□□□□□＿
□□□□□□□□□＿
□□□□□□□□□＿
00:32:08(57866f):field(57865f)
＿＿＿＿＿＿＿＿＿＿
＿＿＿＿＿＿＿＿＿＿
＿＿＿＿＿＿＿＿＿＿
＿＿＿＿＿＿＿＿＿＿
◆＿■◆＿＿■＿＿＿
□◆◆□◆□■＿◆◆
□□＿□□□□□□＿
□□□□□□□□□■
□□□□□＿□□□□
□□□□□＿＿□＿□
□□□□□□＿□□□
□□□＿□□□□□＿
□□＿□□□＿＿□□
□□□□□□＿□□□
□□□□□□□□□＿
□□□□□□□□□＿
□□□□□□□□□＿
□□□□□□□□□＿
□□□□□□□□□＿
□□□□□□□□□＿
00:32:09(57880f):field(57879f)
＿＿＿＿＿＿＿＿＿＿
＿＿＿＿＿＿＿＿＿＿
＿＿＿＿＿＿＿＿＿＿
＿＿＿＿＿＿＿＿＿＿
＿＿◆＿＿＿◆＿＿＿
◆＿＿◆＿◆◆＿＿■
□◆＿□◆□□◆◆■
□□□□□□□□□□
□□□□□＿□□□□
□□□□□■＿□＿□
□□□□□□＿□□□
□□□＿□□□□□＿
□□＿□□□＿＿□□
□□□□□□＿□□□
□□□□□□□□□＿
□□□□□□□□□＿
□□□□□□□□□＿
□□□□□□□□□＿
□□□□□□□□□＿
□□□□□□□□□＿
00:32:09(57892f):field(57891f)
＿＿＿＿＿＿＿＿＿＿
＿＿＿＿＿＿＿＿＿＿
＿＿＿＿＿＿＿＿＿＿
＿＿＿＿＿＿＿＿＿＿
＿＿＿＿＿＿＿＿＿＿
＿＿＿＿■■■＿＿□
□＿＿□■□□＿＿□
□□◆□□□□□□□
□□□□□＿□□□□
□□□□□◆＿□＿□
□□□□□□＿□□□
□□□＿□□□□□＿
□□＿□□□＿＿□□
□□□□□□＿□□□
□□□□□□□□□＿
□□□□□□□□□＿
□□□□□□□□□＿
□□□□□□□□□＿
□□□□□□□□□＿
□□□□□□□□□＿
00:32:10(57907f):field(57906f)
＿＿＿＿＿＿＿＿＿＿
＿＿＿＿＿＿＿＿＿＿
＿＿＿＿＿＿＿＿＿＿
＿＿＿＿＿＿＿＿＿＿
＿＿＿＿＿＿＿＿＿＿
＿＿＿＿◆◆◆＿＿◆
◆■＿◆□□□＿＿□
□□■□□□□□◆□
□□□□□＿□□□□
□□□□□＿＿□■□
□□□□□□＿□□□
□□□＿□□□□□＿
□□＿□□□＿＿□□
□□□□□□＿□□□
□□□□□□□□□＿
□□□□□□□□□＿
□□□□□□□□□＿
□□□□□□□□□＿
□□□□□□□□□＿
□□□□□□□□□＿
00:32:10(57922f):field(57921f)
＿＿＿＿＿＿＿＿＿＿
＿＿＿＿＿＿＿＿＿＿
＿＿＿＿＿＿＿＿＿＿
＿＿＿＿＿＿＿＿＿＿
＿＿＿＿＿＿＿＿＿＿
＿＿＿＿＿＿＿＿＿＿
＿◆＿＿□◆◆＿■◆
◆□□□□□□◆■□
□□□□□＿□□□□
□□□□□＿■□◆□
□□□□□□＿□□□
□□□＿□□□□□＿
□□＿□□□＿＿□□
□□□□□□＿□□□
□□□□□□□□□＿
□□□□□□□□□＿
□□□□□□□□□＿
□□□□□□□□□＿
□□□□□□□□□＿
□□□□□□□□□＿
00:32:11(57933f):field(57932f)
＿＿＿＿＿＿＿＿＿＿
＿＿＿＿＿＿＿＿＿＿
＿＿＿＿＿＿＿＿＿＿
＿＿＿＿＿＿＿＿＿＿
＿＿＿＿＿＿＿＿＿＿
＿＿＿＿＿＿＿＿＿＿
＿＿■■◆＿＿＿□＿
＿□□□□□□＿□□
□□□□□＿□□□□
□□□□□＿◆□＿□
□□□□□□＿□□□
□□□＿□□□□□＿
□□＿□□□＿＿□□
□□□□□□＿□□□
□□□□□□□□□＿
□□□□□□□□□＿
□□□□□□□□□＿
□□□□□□□□□＿
□□□□□□□□□＿
□□□□□□□□□＿
00:32:11(57944f):field(57943f)
＿＿＿＿＿＿＿＿＿＿
＿＿＿＿＿＿＿＿＿＿
＿＿＿＿＿＿＿＿＿＿
＿＿＿＿＿＿＿＿＿＿
＿＿＿＿＿＿＿＿＿＿
＿＿＿＿＿■＿＿＿＿
＿＿□□■■■＿□＿
＿□□□□□□＿□□
□□□□□＿□□□□
□□□□□＿＿□＿□
□□□□□□＿□□□
□□□＿□□□□□＿
□□＿□□□＿＿□□
□□□□□□＿□□□
□□□□□□□□□＿
□□□□□□□□□＿
□□□□□□□□□＿
□□□□□□□□□＿
□□□□□□□□□＿
□□□□□□□□□＿
00:32:11(57957f):field(57956f)
＿＿＿＿＿＿＿＿＿＿
＿＿＿＿＿＿＿＿＿＿
＿＿＿＿＿＿＿＿＿＿
＿＿＿＿＿＿＿＿＿＿
＿＿＿＿＿＿＿＿＿＿
＿■＿＿＿□＿＿＿＿
■■□□□□□＿□＿
■□□□□□□＿□□
□□□□□＿□□□□
□□□□□＿＿□＿□
□□□□□□＿□□□
□□□＿□□□□□＿
□□＿□□□＿＿□□
□□□□□□＿□□□
□□□□□□□□□＿
□□□□□□□□□＿
□□□□□□□□□＿
□□□□□□□□□＿
□□□□□□□□□＿
□□□□□□□□□＿
00:32:12(57973f):field(57972f)
＿＿＿＿＿＿＿＿＿＿
＿＿＿＿＿＿＿＿＿＿
＿＿＿＿＿＿＿＿＿＿
＿＿＿＿＿＿＿＿＿＿
＿＿＿＿＿＿＿＿＿＿
＿◆＿＿＿◆＿＿＿＿
□□◆◆◆□□■□＿
□□□□□□□■□□
□□□□□■□□□□
□□□□□＿＿□＿□
□□□□□□＿□□□
□□□＿□□□□□＿
□□＿□□□＿＿□□
□□□□□□＿□□□
□□□□□□□□□＿
□□□□□□□□□＿
□□□□□□□□□＿
□□□□□□□□□＿
□□□□□□□□□＿
□□□□□□□□□＿
00:32:12(57985f):field(57984f)
＿＿＿＿＿＿＿＿＿＿
＿＿＿＿＿＿＿＿＿＿
＿＿＿＿＿＿＿＿＿＿
＿＿＿＿＿＿＿＿＿＿
＿＿＿＿＿＿＿＿＿＿
＿＿＿＿■■＿＿＿＿
◆□＿■■□□□◆＿
□□□□□□□□□◆
□□□□□◆□□□□
□□□□□＿＿□＿□
□□□□□□＿□□□
□□□＿□□□□□＿
□□＿□□□＿＿□□
□□□□□□＿□□□
□□□□□□□□□＿
□□□□□□□□□＿
□□□□□□□□□＿
□□□□□□□□□＿
□□□□□□□□□＿
□□□□□□□□□＿
00:32:13(57999f):field(57998f)
＿＿＿＿＿＿＿＿＿＿
＿＿＿＿＿＿＿＿＿＿
＿＿＿＿＿＿＿＿＿＿
＿＿＿＿＿＿＿＿＿＿
＿＿＿＿＿＿＿＿＿＿
＿＿＿＿◆◆＿＿＿■
＿◆■◆□□□◆＿■
□□◆□□□□□◆■
□□□□□■□□□□
□□□□□■＿□＿□
□□□□□□＿□□□
□□□＿□□□□□＿
□□＿□□□＿＿□□
□□□□□□＿□□□
□□□□□□□□□＿
□□□□□□□□□＿
□□□□□□□□□＿
□□□□□□□□□＿
□□□□□□□□□＿
□□□□□□□□□＿
00:32:13(58013f):field(58012f)
＿＿＿＿＿＿＿＿＿＿
＿＿＿＿＿＿＿＿＿＿
＿＿＿＿＿＿＿＿＿＿
＿＿＿＿＿＿＿＿＿＿
＿＿＿＿＿＿＿＿＿＿
＿＿＿＿＿＿＿＿＿□
＿■□■□□◆＿＿□
◆□■□□□□□＿□
□□□□□◆□□□□
□□□□□◆＿□＿□
□□□□□□＿□□□
□□□＿□□□□□＿
□□＿□□□＿＿□□
□□□□□□＿□□□
□□□□□□□□□＿
□□□□□□□□□＿
□□□□□□□□□＿
□□□□□□□□□＿
□□□□□□□□□＿
□□□□□□□□□＿
00:32:14(58025f):field(58024f)
＿＿＿＿＿＿＿＿＿＿
＿＿＿＿＿＿＿＿＿＿
＿＿＿＿＿＿＿＿＿＿
＿＿＿＿＿＿＿＿＿＿
＿＿＿＿＿＿＿＿＿＿
＿＿＿＿＿■■＿＿□
＿□□□□□■■＿□
＿□□□□□□□＿□
□□□□□＿□□□□
□□□□□＿＿□＿□
□□□□□□＿□□□
□□□＿□□□□□＿
□□＿□□□＿＿□□
□□□□□□＿□□□
□□□□□□□□□＿
□□□□□□□□□＿
□□□□□□□□□＿
□□□□□□□□□＿
□□□□□□□□□＿
□□□□□□□□□＿
00:32:14(58037f):field(58036f)
＿＿＿＿＿＿＿＿＿＿
＿＿＿＿＿＿＿＿＿＿
＿＿＿＿＿＿＿＿＿＿
＿＿＿＿＿＿＿＿＿＿
＿＿＿＿＿＿＿＿＿＿
■■＿＿＿□□＿＿□
■□□□□□□□＿□
■□□□□□□□＿□
□□□□□＿□□□□
□□□□□＿＿□＿□
□□□□□□＿□□□
□□□＿□□□□□＿
□□＿□□□＿＿□□
□□□□□□＿□□□
□□□□□□□□□＿
□□□□□□□□□＿
□□□□□□□□□＿
□□□□□□□□□＿
□□□□□□□□□＿
□□□□□□□□□＿
00:32:15(58057f):field(58056f)
＿＿＿＿＿＿＿＿＿＿
＿＿＿＿＿＿＿＿＿＿
＿＿＿＿＿＿＿＿＿＿
＿＿＿＿＿＿＿＿＿＿
＿＿＿＿＿＿＿＿＿＿
◆◆＿■＿◆◆＿＿◆
◆□□◆□◆□◆＿◆
□□□□◆□□□■□
□□□□□■□□□□
□□□□□■＿□＿□
□□□□□□＿□□□
□□□＿□□□□□＿
□□＿□□□＿＿□□
□□□□□□＿□□□
□□□□□□□□□＿
□□□□□□□□□＿
□□□□□□□□□＿
□□□□□□□□□＿
□□□□□□□□□＿
□□□□□□□□□＿
00:32:15(58066f):field(58065f)
＿＿＿＿＿＿＿＿＿＿
＿＿＿＿＿＿＿＿＿＿
＿＿＿＿＿＿＿＿＿＿
＿＿＿＿＿＿＿＿＿■
＿＿＿＿＿＿＿＿＿■
＿＿＿◆＿＿＿＿＿■
＿◆◆＿◆＿□＿＿■
□□◆◆■□□□□□
□□□□□□□□□□
□□□□□◆＿□＿□
□□□□□□＿□□□
□□□＿□□□□□＿
□□＿□□□＿＿□□
□□□□□□＿□□□
□□□□□□□□□＿
□□□□□□□□□＿
□□□□□□□□□＿
□□□□□□□□□＿
□□□□□□□□□＿
□□□□□□□□□＿
00:32:15(58078f):field(58077f)
＿＿＿＿＿＿＿＿＿＿
＿＿＿＿＿＿＿＿＿＿
＿＿＿＿＿＿＿＿＿＿
＿＿＿＿＿＿＿＿＿◆
＿＿＿＿＿＿＿＿＿□
＿＿＿＿＿＿＿＿＿□
＿＿■＿＿＿◆＿＿□
□□＿■◆◆□◆◆□
□□□□□◆□□□□
□□□□□＿■□＿□
□□□□□□＿□□□
□□□＿□□□□□＿
□□＿□□□＿＿□□
□□□□□□＿□□□
□□□□□□□□□＿
□□□□□□□□□＿
□□□□□□□□□＿
□□□□□□□□□＿
□□□□□□□□□＿
□□□□□□□□□＿
00:32:16(58092f):field(58091f)
＿＿＿＿＿＿＿＿＿＿
＿＿＿＿＿＿＿＿＿＿
＿＿＿＿＿＿＿＿＿＿
＿＿＿＿＿＿＿＿＿＿
＿＿＿＿＿＿＿＿＿□
＿＿＿＿＿＿＿＿＿□
＿＿◆■■＿＿＿＿□
◆◆＿□■■◆＿＿□
□□□□□＿□□□□
□□□□□＿◆□＿□
□□□□□□＿□□□
□□□＿□□□□□＿
□□＿□□□＿＿□□
□□□□□□＿□□□
□□□□□□□□□＿
□□□□□□□□□＿
□□□□□□□□□＿
□□□□□□□□□＿
□□□□□□□□□＿
□□□□□□□□□＿
00:32:16(58106f):field(58105f)
＿＿＿＿＿＿＿＿＿＿
＿＿＿＿＿＿＿＿＿＿
＿＿＿＿＿＿＿＿＿＿
＿＿＿＿＿＿＿＿＿＿
＿＿＿＿＿＿＿＿＿□
＿＿＿＿＿＿＿＿＿□
■＿＿□□＿＿＿＿□
■■■□□□＿＿＿□
□□□□□＿□□□□
□□□□□＿＿□＿□
□□□□□□＿□□□
□□□＿□□□□□＿
□□＿□□□＿＿□□
□□□□□□＿□□□
□□□□□□□□□＿
□□□□□□□□□＿
□□□□□□□□□＿
□□□□□□□□□＿
□□□□□□□□□＿
□□□□□□□□□＿
00:32:17(58118f):field(58117f)
＿＿＿＿＿＿＿＿＿＿
＿＿＿＿＿＿＿＿＿＿
＿＿＿＿＿＿＿＿＿＿
＿＿＿＿＿＿＿＿＿＿
＿＿＿＿＿＿＿＿＿□
＿■■＿＿＿＿＿＿□
□■■□□＿＿＿＿□
□□□□□□＿＿＿□
□□□□□＿□□□□
□□□□□＿＿□＿□
□□□□□□＿□□□
□□□＿□□□□□＿
□□＿□□□＿＿□□
□□□□□□＿□□□
□□□□□□□□□＿
□□□□□□□□□＿
□□□□□□□□□＿
□□□□□□□□□＿
□□□□□□□□□＿
□□□□□□□□□＿
00:32:17(58131f):field(58130f)
＿＿＿＿＿＿＿＿＿＿
＿＿＿＿＿＿＿＿＿＿
＿＿＿＿＿＿＿＿＿＿
＿＿■＿＿＿＿＿＿＿
＿＿■■＿＿＿＿＿□
＿□□■＿＿＿＿＿□
□□□□□＿＿＿＿□
□□□□□□＿＿＿□
□□□□□＿□□□□
□□□□□＿＿□＿□
□□□□□□＿□□□
□□□＿□□□□□＿
□□＿□□□＿＿□□
□□□□□□＿□□□
□□□□□□□□□＿
□□□□□□□□□＿
□□□□□□□□□＿
□□□□□□□□□＿
□□□□□□□□□＿
□□□□□□□□□＿
00:32:18(58146f):field(58145f)
＿＿＿＿＿＿＿＿＿＿
＿＿＿＿＿＿＿＿＿＿
＿＿＿＿＿＿＿＿＿＿
＿＿◆＿＿＿＿＿＿＿
＿＿□◆＿＿＿＿＿◆
＿◆□□＿＿＿＿＿□
◆□□□◆＿＿＿＿□
□□□□□◆■＿■□
□□□□□＿□□□□
□□□□□＿■□＿□
□□□□□□＿□□□
□□□＿□□□□□＿
□□＿□□□＿＿□□
□□□□□□＿□□□
□□□□□□□□□＿
□□□□□□□□□＿
□□□□□□□□□＿
□□□□□□□□□＿
□□□□□□□□□＿
□□□□□□□□□＿
00:32:18(58162f):field(58161f)
＿＿＿＿＿＿＿＿＿＿
＿＿＿＿＿＿＿＿＿＿
＿＿＿＿＿＿＿＿＿＿
＿＿＿＿＿＿＿＿＿＿
＿＿◆＿＿＿＿＿＿＿
＿＿□◆＿＿＿＿＿◆
＿◆□□＿＿＿＿＿□
◆□□□◆■◆＿□□
□□□□□■□◆□□
□□□□□■◆□＿□
□□□□□□＿□□□
□□□＿□□□□□＿
□□＿□□□＿＿□□
□□□□□□＿□□□
□□□□□□□□□＿
□□□□□□□□□＿
□□□□□□□□□＿
□□□□□□□□□＿
□□□□□□□□□＿
□□□□□□□□□＿
00:32:19(58178f):field(58177f)
＿＿＿＿＿＿＿＿＿＿
＿＿＿＿＿＿＿＿＿＿
＿＿＿＿＿＿＿＿＿＿
＿＿＿＿＿＿＿＿＿＿
＿＿＿＿＿＿＿＿＿＿
＿＿□＿■＿＿＿＿＿
＿＿□□■■＿＿＿□
＿□□□■□＿＿◆□
□□□□□□◆＿□□
□□□□□□＿□＿□
□□□□□□＿□□□
□□□＿□□□□□＿
□□＿□□□＿＿□□
□□□□□□＿□□□
□□□□□□□□□＿
□□□□□□□□□＿
□□□□□□□□□＿
□□□□□□□□□＿
□□□□□□□□□＿
□□□□□□□□□＿
00:32:19(58189f):field(58188f)
＿＿＿＿＿＿＿＿＿＿
＿＿＿＿＿＿＿＿＿＿
＿＿＿＿＿＿＿＿＿＿
＿＿＿＿＿＿＿＿＿＿
＿＿＿＿＿＿＿＿＿＿
＿■□＿□＿＿＿＿＿
■■□□□□＿＿＿□
■□□□□□＿＿＿□
□□□□□□＿＿□□
□□□□□□＿□＿□
□□□□□□＿□□□
□□□＿□□□□□＿
□□＿□□□＿＿□□
□□□□□□＿□□□
□□□□□□□□□＿
□□□□□□□□□＿
□□□□□□□□□＿
□□□□□□□□□＿
□□□□□□□□□＿
□□□□□□□□□＿
00:32:20(58209f):field(58208f)
＿＿＿＿＿＿＿＿＿＿
＿＿＿＿＿＿＿＿＿＿
＿＿＿＿＿＿＿＿＿＿
＿＿＿＿＿＿＿＿＿＿
＿＿＿＿＿＿＿＿＿＿
＿◆◆＿◆＿＿＿＿＿
◆□□◆□◆＿＿＿◆
□□□□□□＿＿＿□
□□□□□□■■□□
□□□□□□＿□＿□
□□□□□□＿□□□
□□□＿□□□□□＿
□□＿□□□＿＿□□
□□□□□□＿□□□
□□□□□□□□□＿
□□□□□□□□□＿
□□□□□□□□□＿
□□□□□□□□□＿
□□□□□□□□□＿
□□□□□□□□□＿
00:32:20(58224f):field(58223f)
＿＿＿＿＿＿＿＿＿＿
＿＿＿＿＿＿＿＿＿＿
＿＿＿＿＿＿＿＿＿＿
＿＿＿＿＿＿＿＿＿＿
＿＿＿＿＿＿＿＿＿＿
＿＿＿＿＿＿＿＿＿＿
＿◆◆＿◆＿＿＿＿＿
◆□□◆□□＿＿＿◆
□□□□□□□□◆□
□□□□□□■□＿□
□□□□□□＿□□□
□□□＿□□□□□＿
□□＿□□□＿＿□□
□□□□□□＿□□□
□□□□□□□□□＿
□□□□□□□□□＿
□□□□□□□□□＿
□□□□□□□□□＿
□□□□□□□□□＿
□□□□□□□□□＿
00:32:21(58240f):field(58239f)
＿＿＿＿＿＿＿＿＿＿
＿＿＿＿＿＿＿＿＿＿
＿＿＿＿＿＿＿＿＿＿
＿＿＿＿＿＿＿＿＿＿
＿＿＿＿＿＿＿＿＿＿
＿＿＿＿＿＿＿＿＿＿
＿＿＿＿＿＿＿＿＿＿
＿◆◆＿◆□＿＿＿＿
◆◆□□□◆□◆＿◆
□□□◆□□◆□■◆
□□□□□□＿□□□
□□□■□□□□□■
□□＿□□□＿＿□□
□□□□□□＿□□□
□□□□□□□□□＿
□□□□□□□□□＿
□□□□□□□□□＿
□□□□□□□□□＿
□□□□□□□□□＿
□□□□□□□□□＿
00:32:21(58251f):field(58250f)
＿＿＿＿＿＿＿＿＿＿
＿＿＿＿＿＿＿＿＿＿
＿＿＿＿＿＿＿＿＿＿
＿＿＿＿＿＿＿＿＿＿
＿＿＿＿＿＿＿＿＿＿
＿＿＿＿＿＿＿＿＿＿
＿＿＿＿＿＿＿＿＿＿
＿＿＿＿＿◆＿＿＿＿
＿＿□□□＿◆＿＿＿
◆□□■□◆＿□□＿
□□□□□□＿□□□
□□□◆□□□□□◆
□□＿□□□＿＿□□
□□□□□□＿□□□
□□□□□□□□□＿
□□□□□□□□□＿
□□□□□□□□□＿
□□□□□□□□□＿
□□□□□□□□□＿
□□□□□□□□□＿
00:32:22(58262f):field(58261f)
＿＿＿＿＿＿＿＿＿＿
＿＿＿＿＿＿＿＿＿＿
＿＿＿＿＿＿＿＿＿＿
＿＿＿＿＿＿＿＿＿＿
＿＿＿＿＿＿＿＿＿＿
＿＿＿＿＿＿＿＿＿＿
＿＿＿＿＿＿＿＿＿＿
＿＿＿＿＿＿＿＿＿＿
＿＿□□□■■＿＿＿
＿□□□□■■□□＿
□□□□□□＿□□□
□□□＿□□□□□＿
□□＿□□□＿＿□□
□□□□□□＿□□□
□□□□□□□□□＿
□□□□□□□□□＿
□□□□□□□□□＿
□□□□□□□□□＿
□□□□□□□□□＿
□□□□□□□□□＿
00:32:22(58275f):field(58274f)
＿＿＿＿＿＿＿＿＿＿
＿＿＿＿＿＿＿＿＿＿
＿＿＿＿＿＿＿＿＿＿
＿＿＿＿＿＿＿＿＿＿
＿＿＿＿＿＿＿＿＿＿
＿＿＿＿＿＿＿＿＿＿
＿＿＿＿＿＿＿＿＿■
＿＿＿＿＿＿＿＿＿■
＿＿□□□□□＿＿■
＿□□□□□□□□■
□□□□□□＿□□□
□□□＿□□□□□＿
□□＿□□□＿＿□□
□□□□□□＿□□□
□□□□□□□□□＿
□□□□□□□□□＿
□□□□□□□□□＿
□□□□□□□□□＿
□□□□□□□□□＿
□□□□□□□□□＿
00:32:22(58289f):field(58288f)
＿＿＿＿＿＿＿＿＿＿
＿＿＿＿＿＿＿＿＿＿
＿＿＿＿＿＿＿＿＿＿
＿＿＿＿＿＿＿＿＿＿
＿＿＿＿＿＿＿＿＿＿
＿＿＿＿＿＿＿＿＿＿
＿＿＿＿＿＿■＿＿□
＿＿＿＿＿＿■■＿□
＿＿□□□□□■＿□
＿□□□□□□□□□
□□□□□□＿□□□
□□□＿□□□□□＿
□□＿□□□＿＿□□
□□□□□□＿□□□
□□□□□□□□□＿
□□□□□□□□□＿
□□□□□□□□□＿
□□□□□□□□□＿
□□□□□□□□□＿
□□□□□□□□□＿
00:32:23(58299f):field(58298f)
＿＿＿＿＿＿＿＿＿＿
＿＿＿＿＿＿＿＿＿＿
＿＿＿＿＿＿＿＿＿＿
＿＿＿＿＿＿＿＿＿＿
＿＿＿＿＿＿＿＿＿＿
＿＿＿＿＿＿＿＿＿＿
＿＿＿＿＿■□＿＿□
＿＿＿■■■□□＿□
＿＿□□□□□□＿□
＿□□□□□□□□□
□□□□□□＿□□□
□□□＿□□□□□＿
□□＿□□□＿＿□□
□□□□□□＿□□□
□□□□□□□□□＿
□□□□□□□□□＿
□□□□□□□□□＿
□□□□□□□□□＿
□□□□□□□□□＿
□□□□□□□□□＿
00:32:23(58316f):field(58315f)
＿＿＿＿＿＿＿＿＿＿
＿＿＿＿＿＿＿＿＿＿
＿＿＿＿＿＿＿＿＿＿
＿＿＿＿＿＿＿＿＿＿
＿＿＿＿＿＿＿＿＿＿
＿＿＿＿＿＿＿＿＿＿
＿＿＿＿＿◆◆＿＿◆
＿＿＿◆◆□□◆＿□
■＿◆□□□□□■□
■□□□□□□□◆□
□□□□□□＿□□□
□□□＿□□□□□＿
□□＿□□□＿＿□□
□□□□□□＿□□□
□□□□□□□□□＿
□□□□□□□□□＿
□□□□□□□□□＿
□□□□□□□□□＿
□□□□□□□□□＿
□□□□□□□□□＿
00:32:24(58326f):field(58325f)
＿＿＿＿＿＿＿＿＿＿
＿＿＿＿＿＿＿＿＿＿
＿＿＿＿＿＿＿＿＿＿
＿＿＿＿＿＿＿＿＿＿
＿＿＿＿＿＿＿＿＿＿
＿＿＿＿■＿＿＿＿＿
＿＿＿＿■＿＿＿＿＿
＿＿＿■■□□＿＿□
□＿＿□□□□□◆□
□□□□□□□□＿□
□□□□□□＿□□□
□□□＿□□□□□＿
□□＿□□□＿＿□□
□□□□□□＿□□□
□□□□□□□□□＿
□□□□□□□□□＿
□□□□□□□□□＿
□□□□□□□□□＿
□□□□□□□□□＿
□□□□□□□□□＿
00:32:24(58337f):field(58336f)
＿＿＿＿＿＿＿＿＿＿
＿＿＿＿＿＿＿＿＿＿
＿＿＿＿＿＿＿＿＿＿
＿＿＿＿＿＿＿＿＿＿
＿＿＿＿＿＿＿＿＿＿
＿＿＿＿□＿＿＿＿＿
＿＿＿＿□＿＿＿＿＿
■■＿□□□□＿＿□
□■■□□□□□＿□
□□□□□□□□＿□
□□□□□□＿□□□
□□□＿□□□□□＿
□□＿□□□＿＿□□
□□□□□□＿□□□
□□□□□□□□□＿
□□□□□□□□□＿
□□□□□□□□□＿
□□□□□□□□□＿
□□□□□□□□□＿
□□□□□□□□□＿
00:32:25(58350f):field(58349f)
＿＿＿＿＿＿＿＿＿＿
＿＿＿＿＿＿＿＿＿＿
＿＿＿＿＿＿＿＿＿＿
＿＿＿＿＿＿＿＿＿＿
＿＿＿＿＿＿＿＿＿＿
＿＿＿＿□＿＿＿＿＿
＿■■■□＿＿＿＿＿
□□■□□□□＿＿□
□□□□□□□□＿□
□□□□□□□□＿□
□□□□□□＿□□□
□□□＿□□□□□＿
□□＿□□□＿＿□□
□□□□□□＿□□□
□□□□□□□□□＿
□□□□□□□□□＿
□□□□□□□□□＿
□□□□□□□□□＿
□□□□□□□□□＿
□□□□□□□□□＿
00:32:25(58364f):field(58363f)
＿＿＿＿＿＿＿＿＿＿
＿＿＿＿＿＿＿＿＿＿
＿＿＿＿＿＿＿＿＿＿
＿＿＿＿＿＿＿＿＿＿
＿＿＿＿＿＿＿＿＿＿
＿＿＿＿◆＿＿＿＿＿
＿◆◆◆◆■＿＿＿＿
□◆□◆□□□■■□
◆□□□□□□□＿◆
□□□□□□□□＿□
□□□□□□＿□□□
□□□＿□□□□□＿
□□＿□□□＿＿□□
□□□□□□＿□□□
□□□□□□□□□＿
□□□□□□□□□＿
□□□□□□□□□＿
□□□□□□□□□＿
□□□□□□□□□＿
□□□□□□□□□＿
00:32:25(58374f):field(58373f)
＿＿＿＿＿＿＿＿＿＿
＿＿＿＿＿＿＿＿＿＿
＿＿＿＿＿＿＿＿＿＿
＿＿＿＿＿＿＿＿＿＿
＿＿＿＿＿＿＿＿＿＿
＿＿＿＿＿■＿＿＿＿
＿＿＿＿＿□＿＿■＿
◆＿◆＿□□◆◆◆◆
＿□□□□□◆□＿＿
□□□□□□□□＿□
□□□□□□＿□□□
□□□＿□□□□□＿
□□＿□□□＿＿□□
□□□□□□＿□□□
□□□□□□□□□＿
□□□□□□□□□＿
□□□□□□□□□＿
□□□□□□□□□＿
□□□□□□□□□＿
□□□□□□□□□＿
00:32:26(58393f):field(58392f)
＿＿＿＿＿＿＿＿＿＿
＿＿＿＿＿＿＿＿＿＿
＿＿＿＿＿＿＿＿＿＿
＿＿＿＿＿＿＿＿＿＿
＿＿＿＿＿＿＿＿＿＿
＿＿＿＿＿□＿＿＿＿
＿＿＿＿＿□＿＿◆＿
＿＿＿＿□□＿＿■■
＿□□□□□＿□■■
□□□□□□□□＿□
□□□□□□＿□□□
□□□＿□□□□□＿
□□＿□□□＿＿□□
□□□□□□＿□□□
□□□□□□□□□＿
□□□□□□□□□＿
□□□□□□□□□＿
□□□□□□□□□＿
□□□□□□□□□＿
□□□□□□□□□＿
00:32:26(58403f):field(58402f)
＿＿＿＿＿＿＿＿＿＿
＿＿＿＿＿＿＿＿＿＿
＿＿＿＿＿＿＿＿＿＿
＿＿＿＿＿＿＿＿＿＿
＿＿＿＿■■＿＿＿＿
＿＿＿＿■□＿＿＿＿
＿＿＿＿■□＿＿＿＿
＿＿＿＿□□＿＿□□
＿□□□□□＿□□□
□□□□□□□□＿□
□□□□□□＿□□□
□□□＿□□□□□＿
□□＿□□□＿＿□□
□□□□□□＿□□□
□□□□□□□□□＿
□□□□□□□□□＿
□□□□□□□□□＿
□□□□□□□□□＿
□□□□□□□□□＿
□□□□□□□□□＿
00:32:27(58416f):field(58415f)
＿＿＿＿＿＿＿＿＿＿
＿＿＿＿＿＿＿＿＿＿
＿＿＿＿＿＿＿＿＿＿
＿＿＿＿＿＿＿＿＿＿
＿＿＿＿□□＿＿＿＿
＿＿＿＿□□＿＿＿＿
■＿＿＿□□＿＿＿＿
■■＿＿□□＿＿□□
■□□□□□＿□□□
□□□□□□□□＿□
□□□□□□＿□□□
□□□＿□□□□□＿
□□＿□□□＿＿□□
□□□□□□＿□□□
□□□□□□□□□＿
□□□□□□□□□＿
□□□□□□□□□＿
□□□□□□□□□＿
□□□□□□□□□＿
□□□□□□□□□＿
00:32:27(58429f):field(58428f)
＿＿＿＿＿＿＿＿＿＿
＿＿＿＿＿＿＿＿＿＿
＿＿＿＿＿＿＿＿＿＿
＿＿＿＿＿＿＿＿＿＿
＿＿＿＿□□＿＿＿＿
＿■＿＿□□＿＿＿＿
□■■＿□□＿＿＿＿
□□■＿□□＿＿□□
□□□□□□＿□□□
□□□□□□□□＿□
□□□□□□＿□□□
□□□＿□□□□□＿
□□＿□□□＿＿□□
□□□□□□＿□□□
□□□□□□□□□＿
□□□□□□□□□＿
□□□□□□□□□＿
□□□□□□□□□＿
□□□□□□□□□＿
□□□□□□□□□＿
00:32:28(58454f):field(58453f)
＿＿＿＿＿＿＿＿＿＿
＿＿＿＿＿＿＿＿＿＿
＿＿＿＿＿＿＿＿＿＿
＿＿＿＿＿＿＿＿＿＿
＿＿＿＿◆◆＿＿＿＿
＿◆＿＿□□＿＿＿＿
◆□□■□□■＿＿＿
□□□■□□■＿□◆
□□□□□□■□□□
□□□□□□□□■□
□□□□□□＿□□□
□□□＿□□□□□＿
□□＿□□□＿＿□□
□□□□□□＿□□□
□□□□□□□□□＿
□□□□□□□□□＿
□□□□□□□□□＿
□□□□□□□□□＿
□□□□□□□□□＿
□□□□□□□□□＿
00:32:29(58471f):field(58470f)
＿＿＿＿＿＿＿＿＿＿
＿＿＿＿＿＿＿＿＿＿
＿＿＿＿＿＿＿＿＿＿
＿＿＿＿＿＿＿＿＿＿
＿＿＿＿＿＿＿＿＿＿
＿＿＿＿◆◆＿＿＿＿
＿◆◆◆□□◆■＿＿
◆□□□□□□■◆＿
□□□□□□□□◆◆
□□□□□□□□◆□
□□□□□□＿□□□
□□□＿□□□□□＿
□□＿□□□＿＿□□
□□□□□□＿□□□
□□□□□□□□□＿
□□□□□□□□□＿
□□□□□□□□□＿
□□□□□□□□□＿
□□□□□□□□□＿
□□□□□□□□□＿
00:32:29(58481f):field(58480f)
＿＿＿＿＿＿＿＿＿＿
＿＿＿＿＿＿＿＿＿＿
＿＿＿＿＿＿＿＿＿＿
＿＿＿＿＿＿＿＿＿＿
＿＿＿＿＿＿＿＿＿＿
■＿＿＿＿＿＿＿＿＿
■■＿＿□□＿□＿＿
■□□□□□□□＿＿
□□□□□□□□＿＿
□□□□□□□□＿□
□□□□□□＿□□□
□□□＿□□□□□＿
□□＿□□□＿＿□□
□□□□□□＿□□□
□□□□□□□□□＿
□□□□□□□□□＿
□□□□□□□□□＿
□□□□□□□□□＿
□□□□□□□□□＿
□□□□□□□□□＿
00:32:29(58492f):field(58491f)
＿＿＿＿＿＿＿＿＿＿
＿＿＿＿＿＿＿＿＿＿
＿＿＿＿＿＿＿＿＿＿
＿＿＿＿＿＿＿＿＿＿
＿＿＿＿＿＿＿＿＿＿
□＿＿■■＿＿＿＿＿
□□■■□□＿□＿＿
□□□□□□□□＿＿
□□□□□□□□＿＿
□□□□□□□□＿□
□□□□□□＿□□□
□□□＿□□□□□＿
□□＿□□□＿＿□□
□□□□□□＿□□□
□□□□□□□□□＿
□□□□□□□□□＿
□□□□□□□□□＿
□□□□□□□□□＿
□□□□□□□□□＿
□□□□□□□□□＿
00:32:30(58502f):field(58501f)
＿＿＿＿＿＿＿＿＿＿
＿＿＿＿＿＿＿＿＿＿
＿＿＿＿＿＿＿＿＿＿
＿＿＿＿＿＿＿＿＿＿
＿＿■■■＿＿＿＿＿
□＿■□□＿＿＿＿＿
□□□□□□＿□＿＿
□□□□□□□□＿＿
□□□□□□□□＿＿
□□□□□□□□＿□
□□□□□□＿□□□
□□□＿□□□□□＿
□□＿□□□＿＿□□
□□□□□□＿□□□
□□□□□□□□□＿
□□□□□□□□□＿
□□□□□□□□□＿
□□□□□□□□□＿
□□□□□□□□□＿
□□□□□□□□□＿
00:32:30(58518f):field(58517f)
＿＿＿＿＿＿＿＿＿＿
＿＿＿＿＿＿＿＿＿＿
＿＿＿＿＿＿＿＿＿＿
＿＿＿＿＿＿＿＿＿＿
＿＿□□□＿＿■＿＿
□＿□□□＿■■＿＿
□□□□□□■□＿＿
□□□□□□□□＿＿
□□□□□□□□＿＿
□□□□□□□□＿□
□□□□□□＿□□□
□□□＿□□□□□＿
□□＿□□□＿＿□□
□□□□□□＿□□□
□□□□□□□□□＿
□□□□□□□□□＿
□□□□□□□□□＿
□□□□□□□□□＿
□□□□□□□□□＿
□□□□□□□□□＿
00:32:30(58529f):field(58528f)
＿＿＿＿＿＿＿＿＿＿
＿＿＿＿＿＿＿＿＿＿
＿＿＿＿＿＿＿＿＿＿
＿＿＿＿＿■■＿＿＿
＿＿□□□■■□＿＿
□＿□□□＿□□＿＿
□□□□□□□□＿＿
□□□□□□□□＿＿
□□□□□□□□＿＿
□□□□□□□□＿□
□□□□□□＿□□□
□□□＿□□□□□＿
□□＿□□□＿＿□□
□□□□□□＿□□□
□□□□□□□□□＿
□□□□□□□□□＿
□□□□□□□□□＿
□□□□□□□□□＿
□□□□□□□□□＿
□□□□□□□□□＿
00:32:31(58542f):field(58541f)
＿＿＿＿＿＿＿＿＿＿
＿＿＿＿＿＿＿＿＿＿
＿＿＿＿＿＿＿＿＿＿
＿■＿＿＿□□＿＿＿
■■□□□□□□＿＿
□■□□□＿□□＿＿
□□□□□□□□＿＿
□□□□□□□□＿＿
□□□□□□□□＿＿
□□□□□□□□＿□
□□□□□□＿□□□
□□□＿□□□□□＿
□□＿□□□＿＿□□
□□□□□□＿□□□
□□□□□□□□□＿
□□□□□□□□□＿
□□□□□□□□□＿
□□□□□□□□□＿
□□□□□□□□□＿
□□□□□□□□□＿
00:32:31(58557f):field(58556f)
＿＿＿＿＿＿＿＿＿＿
＿＿＿＿＿＿＿＿＿＿
＿＿＿＿＿＿＿＿＿＿
＿◆＿＿＿◆◆＿＿＿
◆□◆◆◆□□◆＿＿
□□□□□■□□＿＿
□□□□□◆□□＿＿
□□□□□□□□■＿
□□□□□□□□■＿
□□□□□□□□■◆
□□□□□□■□□□
□□□■□□□□□＿
□□＿□□□＿＿□□
□□□□□□＿□□□
□□□□□□□□□＿
□□□□□□□□□＿
□□□□□□□□□＿
□□□□□□□□□＿
□□□□□□□□□＿
□□□□□□□□□＿
00:32:32(58567f):field(58566f)
＿＿＿＿＿＿＿＿＿＿
＿＿＿＿＿＿＿＿＿＿
＿＿＿＿＿＿＿＿＿＿
＿＿＿＿■■＿＿＿＿
＿□＿■■□□＿＿＿
□□□□□□□□＿＿
□□□□□＿□□＿＿
□□□□□□□□□＿
□□□□□□□□□＿
□□□□□□□□□＿
□□□□□□◆□□□
□□□◆□□□□□＿
□□＿□□□＿＿□□
□□□□□□■□□□
□□□□□□□□□＿
□□□□□□□□□＿
□□□□□□□□□＿
□□□□□□□□□＿
□□□□□□□□□＿
□□□□□□□□□＿
00:32:32(58578f):field(58577f)
＿＿＿＿＿＿＿＿＿＿
＿＿＿＿＿＿＿＿＿＿
＿＿＿■■■＿＿＿＿
＿＿＿■□□＿＿＿＿
＿□＿□□□□＿＿＿
□□□□□□□□＿＿
□□□□□＿□□＿＿
□□□□□□□□□＿
□□□□□□□□□＿
□□□□□□□□□＿
□□□□□□＿□□□
□□□＿□□□□□＿
□□＿□□□＿＿□□
□□□□□□◆□□□
□□□□□□□□□＿
□□□□□□□□□＿
□□□□□□□□□＿
□□□□□□□□□＿
□□□□□□□□□＿
□□□□□□□□□＿
00:32:33(58591f):field(58590f)
＿＿＿＿＿＿＿＿＿＿
＿＿＿＿＿＿＿＿＿＿
＿＿＿□□□＿＿＿＿
＿＿＿□□□＿＿＿＿
＿□＿□□□□＿＿■
□□□□□□□□＿■
□□□□□＿□□■■
□□□□□□□□□＿
□□□□□□□□□＿
□□□□□□□□□＿
□□□□□□＿□□□
□□□＿□□□□□＿
□□＿□□□＿＿□□
□□□□□□＿□□□
□□□□□□□□□＿
□□□□□□□□□＿
□□□□□□□□□＿
□□□□□□□□□＿
□□□□□□□□□＿
□□□□□□□□□＿
00:32:33(58609f):field(58608f)
＿＿＿＿＿＿＿＿＿＿
＿＿＿＿＿＿＿＿＿＿
＿■＿□□□＿＿＿＿
■■＿□□□＿＿＿＿
■□＿□□□□＿＿□
□□□□□□□□＿□
□□□□□＿□□□□
□□□□□□□□□＿
□□□□□□□□□＿
□□□□□□□□□＿
□□□□□□＿□□□
□□□＿□□□□□＿
□□＿□□□＿＿□□
□□□□□□＿□□□
□□□□□□□□□＿
□□□□□□□□□＿
□□□□□□□□□＿
□□□□□□□□□＿
□□□□□□□□□＿
□□□□□□□□□＿
00:32:34(58623f):field(58622f)
＿＿＿＿＿＿＿＿＿＿
＿＿＿＿＿＿＿＿＿＿
＿□＿□□□＿＿＿＿
□□＿□□□＿■■＿
□□＿□□□□■■□
□□□□□□□□＿□
□□□□□＿□□□□
□□□□□□□□□＿
□□□□□□□□□＿
□□□□□□□□□＿
□□□□□□＿□□□
□□□＿□□□□□＿
□□＿□□□＿＿□□
□□□□□□＿□□□
□□□□□□□□□＿
□□□□□□□□□＿
□□□□□□□□□＿
□□□□□□□□□＿
□□□□□□□□□＿
□□□□□□□□□＿
00:32:34(58640f):field(58639f)
＿＿＿＿＿＿＿＿＿＿
＿＿＿＿＿＿＿＿■＿
＿□＿□□□＿＿■■
□□＿□□□＿□□■
□□＿□□□□□□□
□□□□□□□□＿□
□□□□□＿□□□□
□□□□□□□□□＿
□□□□□□□□□＿
□□□□□□□□□＿
□□□□□□＿□□□
□□□＿□□□□□＿
□□＿□□□＿＿□□
□□□□□□＿□□□
□□□□□□□□□＿
□□□□□□□□□＿
□□□□□□□□□＿
□□□□□□□□□＿
□□□□□□□□□＿
□□□□□□□□□＿
00:32:35(58656f):field(58655f)
＿＿＿＿＿＿＿＿＿＿
＿＿＿＿＿■■＿□＿
＿□＿□□□■＿□□
□□＿□□□■□□□
□□＿□□□□□□□
□□□□□□□□＿□
□□□□□＿□□□□
□□□□□□□□□＿
□□□□□□□□□＿
□□□□□□□□□＿
□□□□□□＿□□□
□□□＿□□□□□＿
□□＿□□□＿＿□□
□□□□□□＿□□□
□□□□□□□□□＿
□□□□□□□□□＿
□□□□□□□□□＿
□□□□□□□□□＿
□□□□□□□□□＿
□□□□□□□□□＿
00:32:38(58744f):game end
