00:46:10(83124f):game start
00:46:12(83178f):field(83177f)
＿＿＿＿＿＿＿＿＿＿
＿＿＿＿＿＿＿＿＿＿
＿＿＿＿＿＿＿＿＿＿
＿＿＿＿＿＿＿＿＿＿
＿＿＿＿＿＿＿＿＿＿
＿＿＿＿＿＿＿＿＿＿
＿＿＿＿＿＿＿＿＿＿
＿＿＿＿＿＿＿＿＿＿
＿＿＿＿＿＿＿＿＿＿
＿＿＿＿＿＿＿＿＿＿
＿＿＿＿＿＿＿＿＿＿
＿＿＿＿＿＿＿＿＿＿
＿＿＿＿＿＿＿＿＿＿
＿＿＿＿＿＿＿＿＿＿
＿＿＿＿＿＿＿＿＿＿
＿＿＿＿＿＿＿＿＿＿
＿＿＿＿＿＿＿＿＿＿
＿＿＿＿＿＿＿＿＿＿
■＿＿＿＿＿＿＿＿＿
■■■＿＿＿＿＿＿＿
00:46:13(83193f):field(83192f)
＿＿＿＿＿＿＿＿＿＿
＿＿＿＿＿＿＿＿＿＿
＿＿＿＿＿＿＿＿＿＿
＿＿＿＿＿＿＿＿＿＿
＿＿＿＿＿＿＿＿＿＿
＿＿＿＿＿＿＿＿＿＿
＿＿＿＿＿＿＿＿＿＿
＿＿＿＿＿＿＿＿＿＿
＿＿＿＿＿＿＿＿＿＿
＿＿＿＿＿＿＿＿＿＿
＿＿＿＿＿＿＿＿＿＿
＿＿＿＿＿＿＿＿＿＿
＿＿＿＿＿＿＿＿＿＿
＿＿＿＿＿＿＿＿＿＿
＿＿＿＿＿＿＿＿＿＿
＿＿＿＿＿＿＿＿＿＿
＿＿＿＿＿＿＿＿＿＿
＿＿＿＿＿＿＿＿＿＿
□＿＿＿＿＿＿＿■＿
□□□＿＿＿■■■＿
00:46:13(83206f):field(83205f)
＿＿＿＿＿＿＿＿＿＿
＿＿＿＿＿＿＿＿＿＿
＿＿＿＿＿＿＿＿＿＿
＿＿＿＿＿＿＿＿＿＿
＿＿＿＿＿＿＿＿＿＿
＿＿＿＿＿＿＿＿＿＿
＿＿＿＿＿＿＿＿＿＿
＿＿＿＿＿＿＿＿＿＿
＿＿＿＿＿＿＿＿＿＿
＿＿＿＿＿＿＿＿＿＿
＿＿＿＿＿＿＿＿＿＿
＿＿＿＿＿＿＿＿＿＿
＿＿＿＿＿＿＿＿＿＿
＿＿＿＿＿＿＿＿＿＿
＿＿＿＿＿＿＿＿＿＿
＿＿＿＿＿＿＿＿＿＿
＿＿＿＿＿＿＿＿＿＿
＿＿＿＿＿＿＿＿＿＿
□＿＿＿■＿＿＿□＿
□□□■■■□□□＿
00:46:13(83219f):field(83218f)
＿＿＿＿＿＿＿＿＿＿
＿＿＿＿＿＿＿＿＿＿
＿＿＿＿＿＿＿＿＿＿
＿＿＿＿＿＿＿＿＿＿
＿＿＿＿＿＿＿＿＿＿
＿＿＿＿＿＿＿＿＿＿
＿＿＿＿＿＿＿＿＿＿
＿＿＿＿＿＿＿＿＿＿
＿＿＿＿＿＿＿＿＿＿
＿＿＿＿＿＿＿＿＿＿
＿＿＿＿＿＿＿＿＿＿
＿＿＿＿＿＿＿＿＿＿
＿＿＿＿＿＿＿＿＿＿
＿＿＿＿＿＿＿＿＿＿
＿＿＿＿＿＿＿＿＿＿
＿＿＿＿＿＿＿＿＿＿
＿＿＿＿＿＿＿＿＿＿
＿＿＿＿＿■＿＿＿＿
□＿＿＿□■■■□＿
□□□□□□□□□＿
00:46:14(83237f):field(83236f)
＿＿＿＿＿＿＿＿＿＿
＿＿＿＿＿＿＿＿＿＿
＿＿＿＿＿＿＿＿＿＿
＿＿＿＿＿＿＿＿＿＿
＿＿＿＿＿＿＿＿＿＿
＿＿＿＿＿＿＿＿＿＿
＿＿＿＿＿＿＿＿＿＿
＿＿＿＿＿＿＿＿＿＿
＿＿＿＿＿＿＿＿＿＿
＿＿＿＿＿＿＿＿＿＿
＿＿＿＿＿＿＿＿＿＿
＿＿＿＿＿＿＿＿＿＿
＿＿＿＿＿＿＿＿＿＿
＿＿＿＿＿＿＿＿＿＿
＿＿＿＿＿＿＿＿＿＿
＿＿＿＿＿＿＿＿＿＿
＿＿＿＿＿＿＿＿＿＿
＿＿■■＿□＿＿＿＿
□＿■■□□□□□＿
□□□□□□□□□＿
00:46:14(83248f):field(83247f)
＿＿＿＿＿＿＿＿＿＿
＿＿＿＿＿＿＿＿＿＿
＿＿＿＿＿＿＿＿＿＿
＿＿＿＿＿＿＿＿＿＿
＿＿＿＿＿＿＿＿＿＿
＿＿＿＿＿＿＿＿＿＿
＿＿＿＿＿＿＿＿＿＿
＿＿＿＿＿＿＿＿＿＿
＿＿＿＿＿＿＿＿＿＿
＿＿＿＿＿＿＿＿＿＿
＿＿＿＿＿＿＿＿＿＿
＿＿＿＿＿＿＿＿＿＿
＿＿＿＿＿＿＿＿＿＿
＿＿＿＿＿＿＿＿＿＿
＿＿＿＿＿＿＿＿＿＿
＿＿＿＿＿■＿＿＿＿
＿＿＿＿■■＿＿＿＿
＿＿□□■□＿＿＿＿
□＿□□□□□□□＿
□□□□□□□□□＿
00:46:15(83261f):field(83260f)
＿＿＿＿＿＿＿＿＿＿
＿＿＿＿＿＿＿＿＿＿
＿＿＿＿＿＿＿＿＿＿
＿＿＿＿＿＿＿＿＿＿
＿＿＿＿＿＿＿＿＿＿
＿＿＿＿＿＿＿＿＿＿
＿＿＿＿＿＿＿＿＿＿
＿＿＿＿＿＿＿＿＿＿
＿＿＿＿＿＿＿＿＿＿
＿＿＿＿＿＿＿＿＿＿
＿＿＿＿＿＿＿＿＿＿
＿＿＿＿＿＿＿＿＿＿
＿＿＿＿＿＿＿＿＿＿
＿＿＿＿＿＿＿＿＿＿
＿＿＿＿＿＿■＿＿＿
＿＿＿＿＿□■＿＿＿
＿＿＿＿□□■＿＿＿
＿＿□□□□■＿＿＿
□＿□□□□□□□＿
□□□□□□□□□＿
00:46:16(83282f):field(83281f)
＿＿＿＿＿＿＿＿＿＿
＿＿＿＿＿＿＿＿＿＿
＿＿＿＿＿＿＿＿＿＿
＿＿＿＿＿＿＿＿＿＿
＿＿＿＿＿＿＿＿＿＿
＿＿＿＿＿＿＿＿＿＿
＿＿＿＿＿＿＿＿＿＿
＿＿＿＿＿＿＿＿＿＿
＿＿＿＿＿＿＿＿＿＿
＿＿＿＿＿＿＿＿＿＿
＿＿＿＿＿＿＿＿＿＿
＿＿＿＿＿＿＿＿＿＿
＿＿＿＿＿＿＿＿＿＿
＿＿＿＿＿＿＿＿＿＿
＿＿■＿＿＿□＿＿＿
＿＿■＿＿□□＿＿＿
＿＿■■□□□＿＿＿
＿＿□□□□□＿＿＿
□＿□□□□□□□＿
□□□□□□□□□＿
00:46:16(83294f):field(83293f)
＿＿＿＿＿＿＿＿＿＿
＿＿＿＿＿＿＿＿＿＿
＿＿＿＿＿＿＿＿＿＿
＿＿＿＿＿＿＿＿＿＿
＿＿＿＿＿＿＿＿＿＿
＿＿＿＿＿＿＿＿＿＿
＿＿＿＿＿＿＿＿＿＿
＿＿＿＿＿＿＿＿＿＿
＿＿＿＿＿＿＿＿＿＿
＿＿＿＿＿＿＿＿＿＿
＿＿＿＿＿＿＿＿＿＿
＿＿＿＿＿＿＿＿＿＿
＿＿＿＿＿＿＿＿＿＿
＿＿＿＿＿＿＿＿＿＿
＿＿□＿■■□＿＿＿
＿＿□■■□□＿＿＿
＿＿□□□□□＿＿＿
＿＿□□□□□＿＿＿
□＿□□□□□□□＿
□□□□□□□□□＿
00:46:16(83309f):field(83308f)
＿＿＿＿＿＿＿＿＿＿
＿＿＿＿＿＿＿＿＿＿
＿＿＿＿＿＿＿＿＿＿
＿＿＿＿＿＿＿＿＿＿
＿＿＿＿＿＿＿＿＿＿
＿＿＿＿＿＿＿＿＿＿
＿＿＿＿＿＿＿＿＿＿
＿＿＿＿＿＿＿＿＿＿
＿＿＿＿＿＿＿＿＿＿
＿＿＿＿＿＿＿＿＿＿
＿＿＿＿＿＿＿＿＿＿
＿＿＿＿＿＿＿＿＿＿
＿＿＿＿＿＿＿＿＿＿
＿＿＿＿＿＿＿＿＿＿
＿＿□＿□□□＿＿＿
＿＿□□□□□＿＿＿
＿＿□□□□□＿■■
＿＿□□□□□＿■■
□＿□□□□□□□＿
□□□□□□□□□＿
00:46:17(83321f):field(83320f)
＿＿＿＿＿＿＿＿＿＿
＿＿＿＿＿＿＿＿＿＿
＿＿＿＿＿＿＿＿＿＿
＿＿＿＿＿＿＿＿＿＿
＿＿＿＿＿＿＿＿＿＿
＿＿＿＿＿＿＿＿＿＿
＿＿＿＿＿＿＿＿＿＿
＿＿＿＿＿＿＿＿＿＿
＿＿＿＿＿＿＿＿＿＿
＿＿＿＿＿＿＿＿＿＿
＿＿＿＿＿＿＿＿＿＿
＿＿＿＿＿＿＿＿＿＿
＿＿＿＿■＿＿＿＿＿
＿＿＿■■＿＿＿＿＿
＿＿□■□□□＿＿＿
＿＿□□□□□＿＿＿
＿＿□□□□□＿□□
＿＿□□□□□＿□□
□＿□□□□□□□＿
□□□□□□□□□＿
00:46:17(83337f):field(83336f)
＿＿＿＿＿＿＿＿＿＿
＿＿＿＿＿＿＿＿＿＿
＿＿＿＿＿＿＿＿＿＿
＿＿＿＿＿＿＿＿＿＿
＿＿＿＿＿＿＿＿＿＿
＿＿＿＿＿＿＿＿＿＿
＿＿＿＿＿＿＿＿＿＿
＿＿＿＿＿＿＿＿＿＿
＿＿＿＿＿＿＿＿＿＿
＿＿＿＿＿＿＿＿＿＿
＿＿＿＿＿＿＿＿＿＿
＿＿＿＿＿＿＿＿＿＿
＿＿＿＿□＿＿＿＿＿
＿＿＿□□＿＿＿＿＿
＿＿□□□□□■＿＿
＿＿□□□□□■＿＿
＿＿□□□□□■□□
＿＿□□□□□■□□
□＿□□□□□□□＿
□□□□□□□□□＿
00:46:18(83352f):field(83351f)
＿＿＿＿＿＿＿＿＿＿
＿＿＿＿＿＿＿＿＿＿
＿＿＿＿＿＿＿＿＿＿
＿＿＿＿＿＿＿＿＿＿
＿＿＿＿＿＿＿＿＿＿
＿＿＿＿＿＿＿＿＿＿
＿＿＿＿＿＿＿＿＿＿
＿＿＿＿＿＿＿＿＿＿
＿＿＿＿＿＿＿＿＿＿
＿＿＿＿＿＿＿＿＿＿
＿＿＿＿＿＿＿＿＿＿
＿＿＿＿＿＿＿＿＿＿
＿＿＿＿□■＿＿＿＿
＿＿＿□□■■■＿＿
＿＿□□□□□□＿＿
＿＿□□□□□□＿＿
＿＿□□□□□□□□
＿＿□□□□□□□□
□＿□□□□□□□＿
□□□□□□□□□＿
00:46:18(83369f):field(83368f)
＿＿＿＿＿＿＿＿＿＿
＿＿＿＿＿＿＿＿＿＿
＿＿＿＿＿＿＿＿＿＿
＿＿＿＿＿＿＿＿＿＿
＿＿＿＿＿＿＿＿＿＿
＿＿＿＿＿＿＿＿＿＿
＿＿＿＿＿＿＿＿＿＿
＿＿＿＿＿＿＿＿＿＿
＿＿＿＿＿＿＿＿＿＿
＿＿＿＿＿＿＿＿＿＿
＿＿＿＿＿＿＿＿＿＿
＿＿＿＿＿＿＿＿＿＿
＿＿＿＿◆◆＿＿＿＿
＿＿＿◆□□◆◆＿＿
＿＿◆□□□□□＿＿
＿＿□□□□□□＿＿
＿＿□□□□□□◆◆
■＿□□□□□□□□
□■□□□□□□□＿
□□□□□□□□□＿
00:46:19(83385f):field(83384f)
＿＿＿＿＿＿＿＿＿＿
＿＿＿＿＿＿＿＿＿＿
＿＿＿＿＿＿＿＿＿＿
＿＿＿＿＿＿＿＿＿＿
＿＿＿＿＿＿＿＿＿＿
＿＿＿＿＿＿＿＿＿＿
＿＿＿＿＿＿＿＿＿＿
＿＿＿＿＿＿＿＿＿＿
＿＿＿＿＿＿＿＿＿＿
＿＿＿＿＿＿＿＿＿＿
＿＿＿＿＿＿＿＿＿＿
＿＿＿＿＿＿＿＿＿＿
＿＿＿＿＿＿＿＿＿＿
＿＿＿＿◆◆＿＿＿＿
＿＿＿◆□□◆◆＿＿
＿＿◆□□□□□＿＿
■■□□□□□□＿＿
□■□□□□□□◆◆
□□□□□□□□□＿
□□□□□□□□□＿
00:46:19(83399f):field(83398f)
＿＿＿＿＿＿＿＿＿＿
＿＿＿＿＿＿＿＿＿＿
＿＿＿＿＿＿＿＿＿＿
＿＿＿＿＿＿＿＿＿＿
＿＿＿＿＿＿＿＿＿＿
＿＿＿＿＿＿＿＿＿＿
＿＿＿＿＿＿＿＿＿＿
＿＿＿＿＿＿＿＿＿＿
＿＿＿＿＿＿＿＿＿＿
＿＿＿＿＿＿＿＿＿＿
＿＿＿＿＿＿＿＿＿＿
＿＿＿＿＿＿＿＿＿＿
＿＿＿＿＿＿＿＿＿＿
＿＿＿＿＿＿■■＿＿
＿＿＿＿□□■■＿＿
＿＿＿□□□□□＿＿
◆□□□□□□□＿＿
□□□□□□□□＿＿
□□□□□□□□□＿
□□□□□□□□□＿
00:46:20(83414f):field(83413f)
＿＿＿＿＿＿＿＿＿＿
＿＿＿＿＿＿＿＿＿＿
＿＿＿＿＿＿＿＿＿＿
＿＿＿＿＿＿＿＿＿＿
＿＿＿＿＿＿＿＿＿＿
＿＿＿＿＿＿＿＿＿＿
＿＿＿＿＿＿＿＿＿＿
＿＿＿＿＿＿＿＿＿＿
＿＿＿＿＿＿＿＿＿＿
＿＿＿＿＿＿＿＿＿＿
＿＿＿＿＿＿＿＿＿＿
＿＿＿＿＿＿＿＿＿＿
＿＿＿＿＿＿＿＿＿＿
＿＿＿＿＿＿□□＿＿
＿＿＿＿□□□□■＿
＿＿＿□□□□□■＿
＿□□□□□□□■＿
□□□□□□□□■＿
□□□□□□□□□＿
□□□□□□□□□＿
00:46:20(83429f):field(83428f)
＿＿＿＿＿＿＿＿＿＿
＿＿＿＿＿＿＿＿＿＿
＿＿＿＿＿＿＿＿＿＿
＿＿＿＿＿＿＿＿＿＿
＿＿＿＿＿＿＿＿＿＿
＿＿＿＿＿＿＿＿＿＿
＿＿＿＿＿＿＿＿＿＿
＿＿＿＿＿＿＿＿＿＿
＿＿＿＿＿＿＿＿＿＿
＿＿＿＿＿＿＿＿＿＿
＿＿＿＿＿＿＿＿＿＿
＿＿＿＿＿＿＿＿＿＿
＿＿＿＿＿＿＿＿＿＿
＿＿＿＿＿＿□□＿＿
＿＿＿＿□□□□□＿
■■■□□□□□□＿
■□□□□□□□□＿
□□□□□□□□□＿
□□□□□□□□□＿
□□□□□□□□□＿
00:46:21(83441f):field(83440f)
＿＿＿＿＿＿＿＿＿＿
＿＿＿＿＿＿＿＿＿＿
＿＿＿＿＿＿＿＿＿＿
＿＿＿＿＿＿＿＿＿＿
＿＿＿＿＿＿＿＿＿＿
＿＿＿＿＿＿＿＿＿＿
＿＿＿＿＿＿＿＿＿＿
＿＿＿＿＿＿＿＿＿＿
＿＿＿＿＿＿＿＿＿＿
＿＿＿＿＿＿＿＿＿＿
＿＿＿＿＿＿＿＿＿＿
＿＿＿＿＿＿＿＿＿＿
＿＿＿＿＿＿＿＿＿＿
■＿＿＿＿＿□□＿＿
■■■＿□□□□□＿
□□□□□□□□□＿
□□□□□□□□□＿
□□□□□□□□□＿
□□□□□□□□□＿
□□□□□□□□□＿
00:46:21(83453f):field(83452f)
＿＿＿＿＿＿＿＿＿＿
＿＿＿＿＿＿＿＿＿＿
＿＿＿＿＿＿＿＿＿＿
＿＿＿＿＿＿＿＿＿＿
＿＿＿＿＿＿＿＿＿＿
＿＿＿＿＿＿＿＿＿＿
＿＿＿＿＿＿＿＿＿＿
＿＿＿＿＿＿＿＿＿＿
＿＿＿＿＿＿＿＿＿＿
＿＿＿＿＿＿＿＿＿＿
＿＿＿＿＿＿＿＿＿＿
＿＿＿＿＿＿＿＿＿＿
＿＿＿＿＿＿＿＿＿＿
□＿■■■＿□□＿＿
□□□■□□□□□＿
□□□□□□□□□＿
□□□□□□□□□＿
□□□□□□□□□＿
□□□□□□□□□＿
□□□□□□□□□＿
00:46:22(83466f):field(83465f)
＿＿＿＿＿＿＿＿＿＿
＿＿＿＿＿＿＿＿＿＿
＿＿＿＿＿＿＿＿＿＿
＿＿＿＿＿＿＿＿＿＿
＿＿＿＿＿＿＿＿＿＿
＿＿＿＿＿＿＿＿＿＿
＿＿＿＿＿＿＿＿＿＿
＿＿＿＿＿＿＿＿＿＿
＿＿＿＿＿＿＿＿＿＿
＿＿＿＿＿＿＿＿＿＿
＿＿＿＿＿＿＿＿＿＿
＿＿＿■■＿＿＿＿＿
＿＿＿■■＿＿＿＿＿
□＿□□□＿□□＿＿
□□□□□□□□□＿
□□□□□□□□□＿
□□□□□□□□□＿
□□□□□□□□□＿
□□□□□□□□□＿
□□□□□□□□□＿
00:46:22(83480f):field(83479f)
＿＿＿＿＿＿＿＿＿＿
＿＿＿＿＿＿＿＿＿＿
＿＿＿＿＿＿＿＿＿＿
＿＿＿＿＿＿＿＿＿＿
＿＿＿＿＿＿＿＿＿＿
＿＿＿＿＿＿＿＿＿＿
＿＿＿＿＿＿＿＿＿＿
＿＿＿＿＿＿＿＿＿＿
＿＿＿＿＿＿＿＿＿＿
＿＿＿＿＿＿＿＿＿＿
＿＿＿＿＿＿＿＿＿＿
■＿＿□□＿＿＿＿＿
■■＿□□＿＿＿＿＿
□■□□□＿□□＿＿
□□□□□□□□□＿
□□□□□□□□□＿
□□□□□□□□□＿
□□□□□□□□□＿
□□□□□□□□□＿
□□□□□□□□□＿
00:46:23(83494f):field(83493f)
＿＿＿＿＿＿＿＿＿＿
＿＿＿＿＿＿＿＿＿＿
＿＿＿＿＿＿＿＿＿＿
＿＿＿＿＿＿＿＿＿＿
＿＿＿＿＿＿＿＿＿＿
＿＿＿＿＿＿＿＿＿＿
＿＿＿＿＿＿＿＿＿＿
＿＿＿＿＿＿＿＿＿＿
＿＿＿＿＿＿＿＿＿＿
＿＿＿＿＿＿＿＿＿＿
＿＿＿＿＿＿＿＿＿＿
□＿＿□□＿＿＿＿＿
□□＿□□■■■＿＿
□□□□□■□□＿＿
□□□□□□□□□＿
□□□□□□□□□＿
□□□□□□□□□＿
□□□□□□□□□＿
□□□□□□□□□＿
□□□□□□□□□＿
00:46:23(83507f):field(83506f)
＿＿＿＿＿＿＿＿＿＿
＿＿＿＿＿＿＿＿＿＿
＿＿＿＿＿＿＿＿＿＿
＿＿＿＿＿＿＿＿＿＿
＿＿＿＿＿＿＿＿＿＿
＿＿＿＿＿＿＿＿＿＿
＿＿＿＿＿＿＿＿＿＿
＿＿＿＿＿＿＿＿＿＿
＿＿＿＿＿＿＿＿＿＿
＿＿＿＿＿＿＿＿＿＿
＿＿■■＿＿＿＿＿＿
□＿■□□＿＿＿＿＿
□□■□□□□□＿＿
□□□□□□□□＿＿
□□□□□□□□□＿
□□□□□□□□□＿
□□□□□□□□□＿
□□□□□□□□□＿
□□□□□□□□□＿
□□□□□□□□□＿
00:46:24(83521f):field(83520f)
＿＿＿＿＿＿＿＿＿＿
＿＿＿＿＿＿＿＿＿＿
＿＿＿＿＿＿＿＿＿＿
＿＿＿＿＿＿＿＿＿＿
＿＿＿＿＿＿＿＿＿＿
＿＿＿＿＿＿＿＿＿＿
＿＿＿＿＿＿＿＿＿＿
＿＿＿＿＿＿＿＿＿＿
＿＿＿＿＿＿＿＿＿＿
＿＿＿＿＿■＿＿＿＿
＿＿□□■■＿＿＿＿
□＿□□□■＿＿＿＿
□□□□□□□□＿＿
□□□□□□□□＿＿
□□□□□□□□□＿
□□□□□□□□□＿
□□□□□□□□□＿
□□□□□□□□□＿
□□□□□□□□□＿
□□□□□□□□□＿
00:46:24(83532f):field(83531f)
＿＿＿＿＿＿＿＿＿＿
＿＿＿＿＿＿＿＿＿＿
＿＿＿＿＿＿＿＿＿＿
＿＿＿＿＿＿＿＿＿＿
＿＿＿＿＿＿＿＿＿＿
＿＿＿＿＿＿＿＿＿＿
＿＿＿＿＿＿＿＿＿＿
＿＿＿＿＿■＿＿＿＿
＿＿＿＿■■＿＿＿＿
＿＿＿＿■□＿＿＿＿
＿＿□□□□＿＿＿＿
□＿□□□□＿＿＿＿
□□□□□□□□＿＿
□□□□□□□□＿＿
□□□□□□□□□＿
□□□□□□□□□＿
□□□□□□□□□＿
□□□□□□□□□＿
□□□□□□□□□＿
□□□□□□□□□＿
00:46:24(83547f):field(83546f)
＿＿＿＿＿＿＿＿＿＿
＿＿＿＿＿＿＿＿＿＿
＿＿＿＿＿＿＿＿＿＿
＿＿＿＿＿＿＿＿＿＿
＿＿＿＿＿＿＿＿＿＿
＿＿＿＿＿＿＿＿＿＿
＿＿＿＿＿＿＿＿＿＿
＿＿＿＿＿□＿＿＿＿
＿＿＿＿□□＿＿＿＿
＿＿＿＿□□＿＿＿＿
＿＿□□□□■■＿＿
□＿□□□□■■＿＿
□□□□□□□□＿＿
□□□□□□□□＿＿
□□□□□□□□□＿
□□□□□□□□□＿
□□□□□□□□□＿
□□□□□□□□□＿
□□□□□□□□□＿
□□□□□□□□□＿
00:46:25(83565f):field(83564f)
＿＿＿＿＿＿＿＿＿＿
＿＿＿＿＿＿＿＿＿＿
＿＿＿＿＿＿＿＿＿＿
＿＿＿＿＿＿＿＿＿＿
＿＿＿＿＿＿＿＿＿＿
＿＿＿＿＿＿＿＿＿＿
＿＿＿＿＿＿＿＿＿＿
＿＿＿＿＿◆＿＿＿＿
＿＿＿＿◆◆＿＿＿＿
＿＿＿＿◆◆＿＿＿＿
＿＿◆◆◆◆◆◆＿＿
◆＿◆◆◆□◆◆＿＿
◆◆◆◆□□◆◆＿＿
◆◆◆◆□□◆◆＿＿
◆◆□□□□□□◆＿
□◆□□□□□□◆■
□□□□□□□□◆＿
□□□□□□□□◆＿
□□□□□□□□□＿
□□□□□□□□□＿
00:46:25(83576f):field(83575f)
＿＿＿＿＿＿＿＿＿＿
＿＿＿＿＿＿＿＿＿＿
＿＿＿＿＿＿＿＿＿＿
＿＿＿＿＿＿＿＿＿＿
＿＿＿＿＿＿＿＿＿＿
＿＿＿＿＿＿＿＿＿＿
＿＿＿＿＿＿＿＿＿＿
＿＿＿＿＿＿＿＿＿＿
＿＿＿＿＿＿＿＿＿＿
＿＿＿＿＿＿＿＿＿＿
＿＿＿＿＿＿＿＿＿＿
＿＿＿■■□＿＿＿＿
＿＿＿■□□＿＿＿＿
＿＿＿■□□＿＿＿＿
＿＿□□□□□□＿＿
□＿□□□□□□＿◆
□□□□□□□□＿＿
□□□□□□□□＿＿
□□□□□□□□□＿
□□□□□□□□□＿
00:46:26(83590f):field(83589f)
＿＿＿＿＿＿＿＿＿＿
＿＿＿＿＿＿＿＿＿＿
＿＿＿＿＿＿＿＿＿＿
＿＿＿＿＿＿＿＿＿＿
＿＿＿＿＿＿＿＿＿＿
＿＿＿＿＿＿＿＿＿＿
＿＿＿＿＿＿＿＿＿＿
＿＿＿＿＿＿＿＿＿＿
＿＿＿＿＿＿＿＿＿＿
＿＿＿＿＿■＿＿＿＿
＿＿＿■■■＿＿＿＿
＿＿＿□□□＿＿＿＿
＿＿＿□□□＿＿＿＿
＿＿＿□□□＿＿＿＿
＿＿□□□□□□＿＿
□＿□□□□□□＿＿
□□□□□□□□＿＿
□□□□□□□□＿＿
□□□□□□□□□＿
□□□□□□□□□＿
00:46:26(83603f):field(83602f)
＿＿＿＿＿＿＿＿＿＿
＿＿＿＿＿＿＿＿＿＿
＿＿＿＿＿＿＿＿＿＿
＿＿＿＿＿＿＿＿＿＿
＿＿＿＿＿＿＿＿＿＿
＿＿＿＿＿＿＿＿＿＿
＿＿＿＿＿＿＿＿＿＿
＿＿＿＿＿＿＿＿＿＿
＿＿＿＿＿＿＿＿＿＿
＿＿＿＿＿□＿＿＿＿
＿＿＿□□□＿＿＿＿
＿＿＿□□□＿＿＿＿
＿＿＿□□□＿＿＿＿
■＿＿□□□＿＿＿＿
■■□□□□□□＿＿
□■□□□□□□＿＿
□□□□□□□□＿＿
□□□□□□□□＿＿
□□□□□□□□□＿
□□□□□□□□□＿
00:46:27(83617f):field(83616f)
＿＿＿＿＿＿＿＿＿＿
＿＿＿＿＿＿＿＿＿＿
＿＿＿＿＿＿＿＿＿＿
＿＿＿＿＿＿＿＿＿＿
＿＿＿＿＿＿＿＿＿＿
＿＿＿＿＿＿＿＿＿＿
＿＿＿＿＿＿＿＿＿＿
＿＿＿＿＿＿＿＿＿＿
＿＿＿＿＿＿＿＿＿＿
＿＿＿＿＿□＿＿＿＿
＿＿＿□□□＿＿＿＿
＿＿＿□□□＿＿＿＿
■■＿□□□＿＿＿＿
□■■□□□＿＿＿＿
□□□□□□□□＿＿
□□□□□□□□＿＿
□□□□□□□□＿＿
□□□□□□□□＿＿
□□□□□□□□□＿
□□□□□□□□□＿
00:46:27(83630f):field(83629f)
＿＿＿＿＿＿＿＿＿＿
＿＿＿＿＿＿＿＿＿＿
＿＿＿＿＿＿＿＿＿＿
＿＿＿＿＿＿＿＿＿＿
＿＿＿＿＿＿＿＿＿＿
＿＿＿＿＿＿＿＿＿＿
＿＿＿＿＿＿＿＿＿＿
＿＿＿＿＿＿＿＿＿＿
＿＿＿＿＿＿＿＿＿＿
＿＿＿＿＿□＿＿＿＿
＿＿■□□□＿＿＿＿
＿■■□□□＿＿＿＿
□□■□□□＿＿＿＿
□□□□□□＿＿＿＿
□□□□□□□□＿＿
□□□□□□□□＿＿
□□□□□□□□＿＿
□□□□□□□□＿＿
□□□□□□□□□＿
□□□□□□□□□＿
00:46:28(83645f):field(83644f)
＿＿＿＿＿＿＿＿＿＿
＿＿＿＿＿＿＿＿＿＿
＿＿＿＿＿＿＿＿＿＿
＿＿＿＿＿＿＿＿＿＿
＿＿＿＿＿＿＿＿＿＿
＿＿＿＿＿＿＿＿＿＿
＿＿＿＿＿＿＿＿＿＿
＿＿＿＿＿＿＿＿＿＿
＿＿＿＿＿＿＿＿＿＿
＿＿＿＿＿□＿＿＿＿
＿＿□□□□＿＿＿＿
＿□□□□□＿＿＿＿
□□□□□□＿＿＿＿
□□□□□□＿＿＿＿
□□□□□□□□■＿
□□□□□□□□■＿
□□□□□□□□■＿
□□□□□□□□■＿
□□□□□□□□□＿
□□□□□□□□□＿
00:46:28(83658f):field(83657f)
＿＿＿＿＿＿＿＿＿＿
＿＿＿＿＿＿＿＿＿＿
＿＿＿＿＿＿＿＿＿＿
＿＿＿＿＿＿＿＿＿＿
＿＿＿＿＿＿＿＿＿＿
＿＿＿＿＿＿＿＿＿＿
＿＿＿＿＿＿＿＿＿＿
＿＿＿＿＿＿＿＿＿＿
＿＿＿＿■＿＿＿＿＿
＿＿■■■□＿＿＿＿
＿＿□□□□＿＿＿＿
＿□□□□□＿＿＿＿
□□□□□□＿＿＿＿
□□□□□□＿＿＿＿
□□□□□□□□□＿
□□□□□□□□□＿
□□□□□□□□□＿
□□□□□□□□□＿
□□□□□□□□□＿
□□□□□□□□□＿
00:46:29(83673f):field(83672f)
＿＿＿＿＿＿＿＿＿＿
＿＿＿＿＿＿＿＿＿＿
＿＿＿＿＿＿＿＿＿＿
＿＿＿＿＿＿＿＿＿＿
＿＿＿＿＿＿＿＿＿＿
＿＿＿＿＿＿＿＿＿＿
＿＿＿＿＿＿＿＿＿＿
＿＿＿＿＿＿＿＿＿＿
＿＿＿＿□＿＿＿＿＿
＿＿□□□□＿＿＿＿
＿＿□□□□＿＿＿＿
＿□□□□□＿＿＿＿
□□□□□□＿■■＿
□□□□□□＿■■＿
□□□□□□□□□＿
□□□□□□□□□＿
□□□□□□□□□＿
□□□□□□□□□＿
□□□□□□□□□＿
□□□□□□□□□＿
00:46:29(83686f):field(83685f)
＿＿＿＿＿＿＿＿＿＿
＿＿＿＿＿＿＿＿＿＿
＿＿＿＿＿＿＿＿＿＿
＿＿＿＿＿＿＿＿＿＿
＿＿＿＿＿＿＿＿＿＿
＿＿＿＿＿＿＿＿＿＿
＿＿＿＿＿＿＿＿＿＿
＿＿＿■■＿＿＿＿＿
＿＿■■□＿＿＿＿＿
＿＿□□□□＿＿＿＿
＿＿□□□□＿＿＿＿
＿□□□□□＿＿＿＿
□□□□□□＿□□＿
□□□□□□＿□□＿
□□□□□□□□□＿
□□□□□□□□□＿
□□□□□□□□□＿
□□□□□□□□□＿
□□□□□□□□□＿
□□□□□□□□□＿
00:46:29(83698f):field(83697f)
＿＿＿＿＿＿＿＿＿＿
＿＿＿＿＿＿＿＿＿＿
＿＿＿＿＿＿＿＿＿＿
＿＿＿＿＿＿＿＿＿＿
＿＿＿＿＿＿＿＿＿＿
＿＿＿＿＿＿＿＿＿＿
＿＿＿＿＿＿＿＿＿＿
＿＿＿□□＿＿＿＿＿
＿＿□□□＿＿＿＿＿
■＿□□□□＿＿＿＿
■■□□□□＿＿＿＿
■□□□□□＿＿＿＿
□□□□□□＿□□＿
□□□□□□＿□□＿
□□□□□□□□□＿
□□□□□□□□□＿
□□□□□□□□□＿
□□□□□□□□□＿
□□□□□□□□□＿
□□□□□□□□□＿
00:46:30(83718f):field(83717f)
＿＿＿＿＿＿＿＿＿＿
＿＿＿＿＿＿＿＿＿＿
＿＿＿＿＿＿＿＿＿＿
＿＿＿＿＿＿＿＿＿＿
＿＿＿＿＿＿＿＿＿＿
＿＿＿■＿＿＿＿＿＿
＿＿■■＿＿＿＿＿＿
＿＿■□□＿＿＿＿＿
＿＿□□□＿＿＿＿＿
□＿□□□□＿＿＿＿
□□□□□□＿＿＿＿
□□□□□□＿＿＿＿
□□□□□□＿□□＿
□□□□□□＿□□＿
□□□□□□□□□＿
□□□□□□□□□＿
□□□□□□□□□＿
□□□□□□□□□＿
□□□□□□□□□＿
□□□□□□□□□＿
00:46:31(83730f):field(83729f)
＿＿＿＿＿＿＿＿＿＿
＿＿＿＿＿＿＿＿＿＿
＿＿＿＿＿＿＿＿＿＿
＿＿＿＿＿＿＿＿＿＿
＿＿＿＿＿＿＿＿＿＿
＿＿＿□＿＿＿＿＿＿
＿＿□□＿＿＿＿＿＿
＿＿□□□＿＿＿＿＿
＿＿□□□＿＿＿＿＿
□＿□□□□＿＿＿＿
□□□□□□＿＿＿＿
□□□□□□■■＿＿
□□□□□□■□□＿
□□□□□□■□□＿
□□□□□□□□□＿
□□□□□□□□□＿
□□□□□□□□□＿
□□□□□□□□□＿
□□□□□□□□□＿
□□□□□□□□□＿
00:46:31(83746f):field(83745f)
＿＿＿＿＿＿＿＿＿＿
＿＿＿＿＿＿＿＿＿＿
＿＿＿＿＿＿＿＿＿＿
＿＿＿＿＿＿＿＿＿＿
＿＿＿＿＿＿＿＿＿＿
＿＿＿□■＿＿＿＿＿
＿＿□□■■＿＿＿＿
＿＿□□□■＿＿＿＿
＿＿□□□＿＿＿＿＿
□＿□□□□＿＿＿＿
□□□□□□＿＿＿＿
□□□□□□□□＿＿
□□□□□□□□□＿
□□□□□□□□□＿
□□□□□□□□□＿
□□□□□□□□□＿
□□□□□□□□□＿
□□□□□□□□□＿
□□□□□□□□□＿
□□□□□□□□□＿
00:46:31(83759f):field(83758f)
＿＿＿＿＿＿＿＿＿＿
＿＿＿＿＿＿＿＿＿＿
＿＿＿＿＿＿＿＿＿＿
＿＿＿■■＿＿＿＿＿
＿＿＿■■＿＿＿＿＿
＿＿＿□□＿＿＿＿＿
＿＿□□□□＿＿＿＿
＿＿□□□□＿＿＿＿
＿＿□□□＿＿＿＿＿
□＿□□□□＿＿＿＿
□□□□□□＿＿＿＿
□□□□□□□□＿＿
□□□□□□□□□＿
□□□□□□□□□＿
□□□□□□□□□＿
□□□□□□□□□＿
□□□□□□□□□＿
□□□□□□□□□＿
□□□□□□□□□＿
□□□□□□□□□＿
00:46:32(83773f):field(83772f)
＿＿＿＿＿＿＿＿＿＿
＿＿＿＿＿＿＿＿＿＿
＿＿＿＿＿＿＿＿＿＿
＿＿＿□□＿＿＿＿＿
＿＿＿□□＿＿＿＿＿
＿＿＿□□＿＿＿＿＿
＿＿□□□□＿＿＿＿
＿■□□□□＿＿＿＿
■■□□□＿＿＿＿＿
□■□□□□＿＿＿＿
□□□□□□＿＿＿＿
□□□□□□□□＿＿
□□□□□□□□□＿
□□□□□□□□□＿
□□□□□□□□□＿
□□□□□□□□□＿
□□□□□□□□□＿
□□□□□□□□□＿
□□□□□□□□□＿
□□□□□□□□□＿
00:46:32(83788f):field(83787f)
＿＿＿＿＿＿＿＿＿＿
＿＿＿＿＿＿＿＿＿＿
＿＿＿＿＿＿＿＿＿＿
＿＿＿□□＿＿＿＿＿
＿＿＿□□＿＿＿＿＿
＿■＿□□＿＿＿＿＿
■■□□□□＿＿＿＿
■□□□□□＿＿＿＿
□□□□□＿＿＿＿＿
□□□□□□＿＿＿＿
□□□□□□＿＿＿＿
□□□□□□□□＿＿
□□□□□□□□□＿
□□□□□□□□□＿
□□□□□□□□□＿
□□□□□□□□□＿
□□□□□□□□□＿
□□□□□□□□□＿
□□□□□□□□□＿
□□□□□□□□□＿
00:46:33(83805f):field(83804f)
＿＿＿＿＿＿＿＿＿＿
＿＿＿＿＿＿＿＿＿＿
＿＿＿＿＿＿＿＿＿＿
＿＿＿◆◆＿＿＿＿＿
＿＿＿◆◆＿＿＿＿＿
＿◆＿◆◆＿＿＿＿＿
◆◆◆◆◆◆＿＿＿＿
◆◆◆□□◆＿＿＿＿
◆◆◆□□＿＿＿＿＿
◆□◆□□◆＿＿＿＿
□□□□□□＿＿＿＿
□□□□□□◆◆＿＿
□□□□□◆◆◆◆＿
□□□□□□◆◆◆＿
□□□□□□◆◆◆＿
□□□□□□□□◆＿
□□□□□□□□□＿
□□□□□□□□□■
□□□□□□□□□＿
□□□□□□□□□＿
00:46:34(83821f):field(83820f)
＿＿＿＿＿＿＿＿＿＿
＿＿＿＿＿＿＿＿＿＿
＿＿＿＿＿＿＿＿＿＿
＿＿＿＿＿＿＿＿＿＿
＿＿＿＿＿＿＿＿＿＿
＿＿＿＿＿＿＿＿＿＿
＿＿＿＿＿＿＿＿＿＿
＿＿＿◆◆＿＿＿＿＿
＿＿＿◆◆＿＿＿＿＿
＿◆＿□□＿＿＿＿＿
◆◆◆□□◆＿＿＿＿
◆□◆□□◆＿＿＿＿
□□□□□■＿＿＿＿
□□□□□□＿＿＿＿
□□□□□◆■＿＿＿
□□□□□□◆◆＿＿
□□□□□□□◆□＿
□□□□□□□□□◆
□□□□□□□□□＿
□□□□□□□□□＿
00:46:34(83836f):field(83835f)
＿＿＿＿＿＿＿＿＿＿
＿＿＿＿＿＿＿＿＿＿
＿＿＿＿＿＿＿＿＿＿
＿＿＿＿＿＿＿＿＿＿
＿＿＿＿＿＿＿＿＿＿
＿＿＿＿＿＿＿＿＿＿
＿＿＿＿＿＿＿＿＿＿
＿＿＿＿＿＿＿＿＿＿
＿＿＿＿＿＿＿＿＿＿
＿＿＿□□＿＿＿＿＿
＿＿＿□□＿＿＿＿＿
＿□＿□□＿＿＿＿＿
□□□□□□＿＿＿＿
□□□□□□＿＿＿＿
□□□□□■□＿＿＿
□□□□□□■＿＿＿
□□□□□□□＿□＿
□□□□□□□□□＿
□□□□□□□□□＿
□□□□□□□□□＿
00:46:35(83852f):field(83851f)
＿＿＿＿＿＿＿＿＿＿
＿＿＿＿＿＿＿＿＿＿
＿＿＿＿＿＿＿＿＿＿
＿＿＿＿＿＿＿＿＿＿
＿＿＿＿＿＿＿＿＿＿
＿＿＿＿＿＿＿＿＿＿
＿＿＿＿＿＿＿＿＿＿
＿＿＿＿＿＿＿＿＿＿
＿＿＿＿＿＿＿＿＿＿
＿■＿□□＿＿＿＿＿
■■＿□□＿＿＿＿＿
■□＿□□＿＿＿＿＿
□□□□□□＿＿＿＿
□□□□□□＿＿＿＿
□□□□□□□＿＿＿
□□□□□□□＿＿＿
□□□□□□□＿□＿
□□□□□□□□□＿
□□□□□□□□□＿
□□□□□□□□□＿
00:46:35(83867f):field(83866f)
＿＿＿＿＿＿＿＿＿＿
＿＿＿＿＿＿＿＿＿＿
＿＿＿＿＿＿＿＿＿＿
＿＿＿＿＿＿＿＿＿＿
＿＿＿＿＿＿＿＿＿＿
＿＿＿＿＿＿＿＿＿＿
＿＿＿＿＿＿＿＿＿＿
＿＿＿＿＿＿＿＿＿＿
＿＿＿■■■＿＿＿＿
＿□＿□□■＿＿＿＿
□□＿□□＿＿＿＿＿
□□＿□□＿＿＿＿＿
□□□□□□＿＿＿＿
□□□□□□＿＿＿＿
□□□□□□□＿＿＿
□□□□□□□＿＿＿
□□□□□□□＿□＿
□□□□□□□□□＿
□□□□□□□□□＿
□□□□□□□□□＿
00:46:36(83884f):field(83883f)
＿＿＿＿＿＿＿＿＿＿
＿＿＿＿＿＿＿＿＿＿
＿＿＿＿＿＿＿＿＿＿
＿＿＿＿＿＿＿＿＿＿
＿＿＿＿＿＿＿＿＿＿
＿＿＿＿＿＿＿＿＿＿
＿＿＿＿＿＿＿＿＿＿
＿＿＿＿＿＿＿＿＿＿
＿＿■□□□＿＿＿＿
＿□■□□□＿＿＿＿
□□■□□＿＿＿＿＿
□□■□□＿＿＿＿＿
□□□□□□＿＿＿＿
□□□□□□＿＿＿＿
□□□□□□□＿＿＿
□□□□□□□＿＿＿
□□□□□□□＿□＿
□□□□□□□□□＿
□□□□□□□□□＿
□□□□□□□□□＿
00:46:36(83898f):field(83897f)
＿＿＿＿＿＿＿＿＿＿
＿＿＿＿＿＿＿＿＿＿
＿＿＿＿＿＿＿＿＿＿
＿＿＿＿＿＿＿＿＿＿
＿＿＿＿＿＿＿＿＿＿
＿＿＿＿＿＿＿＿＿＿
＿＿＿＿＿＿＿＿＿＿
＿＿＿＿＿＿＿＿＿＿
＿＿□□□□＿＿＿＿
＿□□□□□＿＿＿＿
□□□□□＿＿＿＿＿
□□□□□＿＿＿＿＿
□□□□□□＿＿＿＿
□□□□□□＿＿＿＿
□□□□□□□＿■＿
□□□□□□□＿■■
□□□□□□□＿□■
□□□□□□□□□＿
□□□□□□□□□＿
□□□□□□□□□＿
00:46:37(83912f):field(83911f)
＿＿＿＿＿＿＿＿＿＿
＿＿＿＿＿＿＿＿＿＿
＿＿＿＿＿＿＿＿＿＿
＿＿＿＿＿＿＿＿＿＿
＿＿＿＿＿＿＿＿＿＿
＿＿＿＿＿＿＿＿＿＿
＿＿＿＿＿＿＿＿＿＿
■＿＿＿＿＿＿＿＿＿
■■□□□□＿＿＿＿
■□□□□□＿＿＿＿
□□□□□＿＿＿＿＿
□□□□□＿＿＿＿＿
□□□□□□＿＿＿＿
□□□□□□＿＿＿＿
□□□□□□□＿□＿
□□□□□□□＿□□
□□□□□□□＿□□
□□□□□□□□□＿
□□□□□□□□□＿
□□□□□□□□□＿
00:46:37(83925f):field(83924f)
＿＿＿＿＿＿＿＿＿＿
＿＿＿＿＿＿＿＿＿＿
＿＿＿＿＿＿＿＿＿＿
＿＿＿＿＿＿＿＿＿＿
＿＿＿＿＿＿＿＿＿＿
＿＿＿＿＿＿＿＿＿＿
＿＿＿■■＿＿＿＿＿
□＿＿■■＿＿＿＿＿
□□□□□□＿＿＿＿
□□□□□□＿＿＿＿
□□□□□＿＿＿＿＿
□□□□□＿＿＿＿＿
□□□□□□＿＿＿＿
□□□□□□＿＿＿＿
□□□□□□□＿□＿
□□□□□□□＿□□
□□□□□□□＿□□
□□□□□□□□□＿
□□□□□□□□□＿
□□□□□□□□□＿
00:46:37(83938f):field(83937f)
＿＿＿＿＿＿＿＿＿＿
＿＿＿＿＿＿＿＿＿＿
＿＿＿＿＿＿＿＿＿＿
＿＿＿＿■＿＿＿＿＿
＿＿＿＿■＿＿＿＿＿
＿＿＿■■＿＿＿＿＿
＿＿＿□□＿＿＿＿＿
□＿＿□□＿＿＿＿＿
□□□□□□＿＿＿＿
□□□□□□＿＿＿＿
□□□□□＿＿＿＿＿
□□□□□＿＿＿＿＿
□□□□□□＿＿＿＿
□□□□□□＿＿＿＿
□□□□□□□＿□＿
□□□□□□□＿□□
□□□□□□□＿□□
□□□□□□□□□＿
□□□□□□□□□＿
□□□□□□□□□＿
00:46:38(83953f):field(83952f)
＿＿＿＿＿＿＿＿＿＿
＿＿＿＿＿＿＿＿＿＿
＿＿＿＿＿＿＿＿＿＿
＿＿＿＿□＿＿＿＿＿
＿＿＿＿□＿＿＿＿＿
＿＿＿□□＿＿＿＿＿
■■＿□□＿＿＿＿＿
□■■□□＿＿＿＿＿
□□□□□□＿＿＿＿
□□□□□□＿＿＿＿
□□□□□＿＿＿＿＿
□□□□□＿＿＿＿＿
□□□□□□＿＿＿＿
□□□□□□＿＿＿＿
□□□□□□□＿□＿
□□□□□□□＿□□
□□□□□□□＿□□
□□□□□□□□□＿
□□□□□□□□□＿
□□□□□□□□□＿
00:46:39(83971f):field(83970f)
＿＿＿＿＿＿＿＿＿＿
＿＿＿＿＿＿＿＿＿＿
＿＿＿＿＿＿＿＿＿＿
＿＿＿＿◆＿＿＿＿＿
＿＿＿＿◆＿＿＿＿＿
＿＿＿◆□＿＿＿＿＿
◆◆＿◆□＿＿＿＿＿
◆◆◆□□＿＿＿＿＿
□□◆□□◆＿＿＿＿
□□□□□◆＿＿＿＿
□□□□□■＿＿＿＿
□□□□□■＿＿＿＿
□□□□□◆＿＿＿＿
□□□□□◆＿＿＿＿
□□□□□□◆＿◆＿
□□□□□□□■◆◆
□□□□□□□■□◆
□□□□□□□□□＿
□□□□□□□□□＿
□□□□□□□□□＿
00:46:39(83987f):field(83986f)
＿＿＿＿＿＿＿＿＿＿
＿＿＿＿＿＿＿＿＿＿
＿＿＿＿＿＿＿＿＿＿
＿＿＿＿＿＿＿＿＿＿
＿＿＿＿＿＿＿＿＿＿
＿＿＿＿◆＿＿＿＿＿
＿＿＿＿□＿＿＿＿＿
＿＿＿◆□＿＿＿＿＿
◆◆＿□□＿＿＿＿＿
□□◆□□＿＿＿＿＿
□□□□□◆＿＿＿＿
□□□□□□＿＿＿＿
□□□□□■＿＿＿＿
□□□□□＿＿＿＿＿
□□□□□◆＿＿＿＿
□□□□□□◆◆■＿
□□□□□□◆□□■
□□□□□□□□□＿
□□□□□□□□□＿
□□□□□□□□□＿
00:46:40(84001f):field(84000f)
＿＿＿＿＿＿＿＿＿＿
＿＿＿＿＿＿＿＿＿＿
＿＿＿＿＿＿＿＿＿＿
＿＿＿＿＿＿＿＿＿＿
＿＿＿＿＿＿＿＿＿＿
＿＿＿＿＿＿＿＿＿＿
＿＿＿＿□＿＿＿＿＿
■■＿＿□＿＿＿＿＿
■■＿□□＿＿＿＿＿
□□＿□□＿＿＿＿＿
□□□□□＿＿＿＿＿
□□□□□□＿＿＿＿
□□□□□□＿＿＿＿
□□□□□＿＿＿＿＿
□□□□□＿＿＿＿＿
□□□□□□＿＿□＿
□□□□□□＿□□□
□□□□□□□□□＿
□□□□□□□□□＿
□□□□□□□□□＿
00:46:40(84024f):field(84023f)
＿＿＿＿＿＿＿＿＿＿
＿＿＿＿＿＿＿＿＿＿
＿＿＿＿＿＿＿＿＿＿
＿＿＿＿＿＿＿＿＿＿
＿＿＿＿＿＿＿＿＿＿
＿＿＿＿＿＿＿＿＿＿
＿＿＿＿◆＿＿＿＿＿
◆◆＿＿□＿＿＿＿＿
□□＿◆□＿＿＿＿＿
□□＿□□＿＿＿＿＿
□□◆□□＿＿＿＿＿
□□□□□◆＿＿＿＿
□□□□□□＿＿＿＿
□□□□□■＿＿＿＿
□□□□□＿＿＿＿＿
□□□□□◆■＿◆＿
□□□□□□■□□◆
□□□□□□□□□＿
□□□□□□□□□＿
□□□□□□□□□＿
00:46:41(84036f):field(84035f)
＿＿＿＿＿＿＿＿＿＿
＿＿＿＿＿＿＿＿＿＿
＿＿＿＿＿＿＿＿＿＿
＿＿＿＿＿＿＿＿＿＿
＿＿＿＿＿＿＿＿＿＿
＿＿＿＿＿＿＿＿＿＿
＿＿＿＿＿＿＿＿＿＿
＿＿＿＿□＿＿＿＿＿
□□＿＿□＿＿＿＿＿
□□＿□□＿＿＿＿＿
□□＿□□＿＿＿＿＿
□□□□□＿＿＿＿＿
□□□□□□＿＿＿＿
□□□□□□＿＿＿＿
□□□□□＿＿＿＿■
□□□□□＿□■■■
□□□□□□□□□＿
□□□□□□□□□＿
□□□□□□□□□＿
□□□□□□□□□＿
00:46:41(84051f):field(84050f)
＿＿＿＿＿＿＿＿＿＿
＿＿＿＿＿＿＿＿＿＿
＿＿＿＿＿＿＿＿＿＿
＿＿＿＿＿＿＿＿＿＿
＿＿＿＿＿＿＿＿＿＿
＿＿＿＿＿＿＿＿＿＿
＿＿＿＿＿＿＿＿＿＿
＿＿＿＿□＿＿＿＿＿
□□＿＿□＿＿＿＿＿
□□＿□□＿＿＿＿＿
□□＿□□＿＿＿＿＿
□□□□□＿＿＿＿＿
□□□□□□＿＿＿■
□□□□□□＿＿■■
□□□□□＿＿＿■□
□□□□□＿□□□□
□□□□□□□□□＿
□□□□□□□□□＿
□□□□□□□□□＿
□□□□□□□□□＿
00:46:42(84067f):field(84066f)
＿＿＿＿＿＿＿＿＿＿
＿＿＿＿＿＿＿＿＿＿
＿＿＿＿＿＿＿＿＿＿
＿＿＿＿＿＿＿＿＿＿
＿＿＿＿＿＿＿＿＿＿
＿＿＿＿＿＿＿＿＿＿
＿＿＿＿＿＿＿＿＿＿
＿＿■＿□＿＿＿＿＿
□□■＿□＿＿＿＿＿
□□■□□＿＿＿＿＿
□□■□□＿＿＿＿＿
□□□□□＿＿＿＿＿
□□□□□□＿＿＿□
□□□□□□＿＿□□
□□□□□＿＿＿□□
□□□□□＿□□□□
□□□□□□□□□＿
□□□□□□□□□＿
□□□□□□□□□＿
□□□□□□□□□＿
00:46:42(84081f):field(84080f)
＿＿＿＿＿＿＿＿＿＿
＿＿＿＿＿＿＿＿＿＿
＿＿＿＿＿＿＿＿＿＿
＿＿＿＿＿＿＿＿＿＿
＿＿＿＿＿＿＿＿＿＿
＿＿＿＿＿＿＿＿＿＿
＿＿＿■■＿＿＿＿＿
＿＿□■□＿＿＿＿＿
□□□■□＿＿＿＿＿
□□□□□＿＿＿＿＿
□□□□□＿＿＿＿＿
□□□□□＿＿＿＿＿
□□□□□□＿＿＿□
□□□□□□＿＿□□
□□□□□＿＿＿□□
□□□□□＿□□□□
□□□□□□□□□＿
□□□□□□□□□＿
□□□□□□□□□＿
□□□□□□□□□＿
00:46:43(84098f):field(84097f)
＿＿＿＿＿＿＿＿＿＿
＿＿＿＿＿＿＿＿＿＿
＿＿＿＿＿＿＿＿＿＿
＿＿＿＿＿＿＿＿＿＿
＿＿＿＿＿＿＿＿＿＿
＿＿＿＿＿＿＿＿＿＿
＿＿＿◆◆＿＿＿＿＿
＿＿◆□□＿＿＿＿＿
◆◆□□□＿＿＿＿＿
□□□□□＿＿＿＿＿
□□□□□＿＿＿＿＿
□□□□□＿＿＿＿＿
□□□□□◆＿＿＿◆
□□□□□□＿■◆□
□□□□□＿■■□□
□□□□□＿□□□□
□□□□□□□□□＿
□□□□□□□□□＿
□□□□□□□□□＿
□□□□□□□□□＿
00:46:43(84115f):field(84114f)
＿＿＿＿＿＿＿＿＿＿
＿＿＿＿＿＿＿＿＿＿
＿＿＿＿＿＿＿＿＿＿
＿＿＿＿＿＿＿＿＿＿
＿＿＿＿＿＿＿＿＿＿
＿＿＿＿＿＿＿＿＿＿
＿＿＿＿＿＿＿＿＿＿
＿＿＿◆◆＿＿＿＿＿
＿＿◆□□＿＿＿＿＿
◆◆□□□＿＿＿＿＿
□□□□□＿＿＿＿＿
□□□□□＿＿＿＿■
□□□□□＿＿＿＿＿
□□□□□□＿□＿◆
□□□□□＿□□□□
□□□□□＿□□□□
□□□□□□□□□＿
□□□□□□□□□＿
□□□□□□□□□＿
□□□□□□□□□＿
00:46:44(84127f):field(84126f)
＿＿＿＿＿＿＿＿＿＿
＿＿＿＿＿＿＿＿＿＿
＿＿＿＿＿＿＿＿＿＿
＿＿＿＿＿＿＿＿＿＿
＿＿＿＿＿＿＿＿＿＿
＿＿＿＿＿＿＿＿＿＿
＿＿＿＿＿＿＿＿＿＿
■＿＿＿＿＿＿＿＿＿
■＿＿□□＿＿＿＿＿
■■□□□＿＿＿＿＿
□□□□□＿＿＿＿＿
□□□□□＿＿＿＿◆
□□□□□＿＿＿＿＿
□□□□□◆＿□＿＿
□□□□□＿□□□□
□□□□□＿□□□□
□□□□□□□□□＿
□□□□□□□□□＿
□□□□□□□□□＿
□□□□□□□□□＿
00:46:44(84143f):field(84142f)
＿＿＿＿＿＿＿＿＿＿
＿＿＿＿＿＿＿＿＿＿
＿＿＿＿＿＿＿＿＿＿
＿＿＿＿＿＿＿＿＿＿
＿＿＿＿＿＿＿＿＿＿
＿＿＿＿＿＿＿＿＿＿
＿＿＿＿＿＿＿＿＿＿
◆＿＿＿＿＿＿＿＿＿
◆＿＿◆◆＿＿＿＿＿
□◆◆◆◆＿＿＿＿＿
□◆◆□□＿＿＿＿＿
□□□□□＿＿＿＿＿
□□□□□＿＿＿＿＿
□□□□□＿＿◆＿＿
□□□□□■◆◆□◆
□□□□□■◆□◆◆
□□□□□□□□□＿
□□□□□□□□□＿
□□□□□□□□□＿
□□□□□□□□□＿
00:46:45(84155f):field(84154f)
＿＿＿＿＿＿＿＿＿＿
＿＿＿＿＿＿＿＿＿＿
＿＿＿＿＿＿＿＿＿＿
＿＿＿＿＿＿＿＿＿＿
＿＿＿＿＿＿＿＿＿＿
＿＿＿＿＿＿＿＿＿＿
＿＿＿＿＿＿＿＿＿＿
＿＿＿＿＿＿＿＿＿＿
＿＿＿＿＿＿＿＿＿＿
□＿＿＿＿＿＿＿＿＿
□＿＿□□＿＿＿＿＿
□□□□□＿＿＿＿＿
□□□□□＿＿＿＿＿
□□□□□＿＿■＿＿
□□□□□□■■◆＿
□□□□□□■□＿＿
□□□□□□□□□＿
□□□□□□□□□＿
□□□□□□□□□＿
□□□□□□□□□＿
00:46:45(84168f):field(84167f)
＿＿＿＿＿＿＿＿＿＿
＿＿＿＿＿＿＿＿＿＿
＿＿＿＿＿＿＿＿＿＿
＿＿＿＿＿＿＿＿＿＿
＿＿＿＿＿＿＿＿＿＿
＿＿＿＿＿＿＿＿＿＿
＿＿＿＿＿＿＿＿＿＿
＿＿＿＿＿＿＿＿＿＿
＿＿＿＿＿＿＿＿＿＿
□＿＿＿＿＿＿＿＿＿
□＿＿□□＿＿＿＿＿
□□□□□＿＿＿＿＿
□□□□□■■＿＿＿
□□□□□■■□＿＿
□□□□□□□□＿＿
□□□□□□□□＿＿
□□□□□□□□□＿
□□□□□□□□□＿
□□□□□□□□□＿
□□□□□□□□□＿
00:46:46(84185f):field(84184f)
＿＿＿＿＿＿＿＿＿＿
＿＿＿＿＿＿＿＿＿＿
＿＿＿＿＿＿＿＿＿＿
＿＿＿＿＿＿＿＿＿＿
＿＿＿＿＿＿＿＿＿＿
＿＿＿＿＿＿＿＿＿＿
＿＿＿＿＿＿＿＿＿＿
＿＿＿＿＿＿＿＿＿＿
＿＿＿＿＿＿＿＿＿＿
◆＿＿＿＿＿＿＿＿＿
◆＿＿◆◆＿＿＿＿＿
□◆◆◆◆＿＿＿＿＿
□◆◆□□◆◆＿＿＿
□□□□□◆◆◆＿＿
□□□□□□□◆＿＿
□□□□□□□□＿＿
□□□□□□□□□＿
□□□□□□□□□＿
□□□□□□□□□＿
□□□□□□□□□＿
00:46:46(84197f):field(84196f)
＿＿＿＿＿＿＿＿＿＿
＿＿＿＿＿＿＿＿＿＿
＿＿＿＿＿＿＿＿＿＿
＿＿＿＿＿＿＿＿＿＿
＿＿＿＿＿＿＿＿＿＿
＿＿＿＿＿＿＿＿＿＿
＿＿＿＿＿＿＿＿＿＿
＿＿＿＿＿＿＿＿＿＿
＿＿＿＿＿＿＿＿＿＿
＿＿＿＿＿＿＿＿＿＿
＿＿＿＿＿＿＿＿＿＿
□＿＿＿＿＿＿＿＿＿
□＿＿□□＿＿＿＿＿
□□□□□■■■＿＿
□□□□□□□■＿＿
□□□□□□□□＿＿
□□□□□□□□□＿
□□□□□□□□□＿
□□□□□□□□□＿
□□□□□□□□□＿
00:46:47(84214f):field(84213f)
＿＿＿＿＿＿＿＿＿＿
＿＿＿＿＿＿＿＿＿＿
＿＿＿＿＿＿＿＿＿＿
＿＿＿＿＿＿＿＿＿＿
＿＿＿＿＿＿＿＿＿＿
＿＿＿＿＿＿＿＿＿＿
＿＿＿＿＿＿＿＿＿＿
＿＿＿＿＿＿＿＿＿＿
＿＿＿＿＿＿＿＿＿＿
＿＿＿＿＿＿＿＿＿＿
＿＿＿＿＿＿＿＿＿＿
◆＿＿＿＿＿＿＿＿＿
◆＿＿◆◆＿＿＿＿＿
□◆◆◆◆◆◆□＿＿
□◆◆□□□◆◆＿＿
□□□□□□□□＿＿
□□□□□□□□□■
□□□□□□□□□■
□□□□□□□□□＿
□□□□□□□□□＿
00:46:47(84227f):field(84226f)
＿＿＿＿＿＿＿＿＿＿
＿＿＿＿＿＿＿＿＿＿
＿＿＿＿＿＿＿＿＿＿
＿＿＿＿＿＿＿＿＿＿
＿＿＿＿＿＿＿＿＿＿
＿＿＿＿＿＿＿＿＿＿
＿＿＿＿＿＿＿＿＿＿
＿＿＿＿＿＿＿＿＿＿
＿＿＿＿＿＿＿＿＿＿
＿＿＿＿＿＿＿＿＿＿
＿＿＿＿＿＿＿＿＿＿
＿＿＿＿＿＿＿＿＿＿
＿＿＿＿＿＿＿＿＿＿
□＿＿＿■■＿◆＿＿
□＿＿□□□■＿＿＿
□□□□□□□□＿＿
□□□□□□□□◆□
□□□□□□□□□□
□□□□□□□□□＿
□□□□□□□□□＿
00:46:48(84246f):field(84245f)
＿＿＿＿＿＿＿＿＿＿
＿＿＿＿＿＿＿＿＿＿
＿＿＿＿＿＿＿＿＿＿
＿＿＿＿＿＿＿＿＿＿
＿＿＿＿＿＿＿＿＿＿
＿＿＿＿＿＿＿＿＿＿
＿＿＿＿＿＿＿＿＿＿
＿＿＿＿＿＿＿＿＿＿
＿＿＿＿＿＿＿＿＿＿
＿＿＿＿＿＿＿＿＿＿
＿＿＿＿＿＿＿＿＿＿
＿＿＿＿＿＿＿＿＿＿
＿＿＿＿＿＿＿＿＿＿
◆＿＿＿◆◆＿＿＿＿
□＿＿◆□□◆＿＿＿
□◆◆□□□□□■＿
□□□□□□□□■◆
□□□□□□□□□◆
□□□□□□□□□＿
□□□□□□□□□＿
00:46:48(84257f):field(84256f)
＿＿＿＿＿＿＿＿＿＿
＿＿＿＿＿＿＿＿＿＿
＿＿＿＿＿＿＿＿＿＿
＿＿＿＿＿＿＿＿＿＿
＿＿＿＿＿＿＿＿＿＿
＿＿＿＿＿＿＿＿＿＿
＿＿＿＿＿＿＿＿＿＿
＿＿＿＿＿＿＿＿＿＿
＿＿＿＿＿＿＿＿＿＿
＿＿＿＿＿＿＿＿＿＿
＿＿＿＿＿＿＿＿＿＿
＿＿＿＿＿＿＿＿＿＿
＿＿＿＿＿＿＿＿＿＿
＿＿＿＿＿＿＿＿＿＿
◆＿＿＿◆◆＿＿＿＿
◆＿＿◆◆□◆◆◆＿
◆◆◆◆◆◆□◆◆＿
◆◆◆◆□◆□□◆■
□□◆□□□□□□■
□□□□□□□□□＿
00:46:49(84271f):field(84270f)
＿＿＿＿＿＿＿＿＿＿
＿＿＿＿＿＿＿＿＿＿
＿＿＿＿＿＿＿＿＿＿
＿＿＿＿＿＿＿＿＿＿
＿＿＿＿＿＿＿＿＿＿
＿＿＿＿＿＿＿＿＿＿
＿＿＿＿＿＿＿＿＿＿
＿＿＿＿＿＿＿＿＿＿
＿＿＿＿＿＿＿＿＿＿
＿＿＿＿＿＿＿＿＿＿
＿＿＿＿＿＿＿＿＿＿
＿＿＿＿＿＿＿＿＿＿
＿＿＿＿＿＿＿＿＿＿
＿＿＿＿＿＿＿＿＿＿
＿＿＿＿＿＿＿＿＿＿
＿＿＿＿＿◆＿＿＿＿
＿＿＿＿＿＿◆＿＿＿
＿＿＿＿◆＿◆◆＿◆
□□■◆□□◆◆◆◆
□□□□□□□□□＿
00:46:49(84282f):field(84281f)
＿＿＿＿＿＿＿＿＿＿
＿＿＿＿＿＿＿＿＿＿
＿＿＿＿＿＿＿＿＿＿
＿＿＿＿＿＿＿＿＿＿
＿＿＿＿＿＿＿＿＿＿
＿＿＿＿＿＿＿＿＿＿
＿＿＿＿＿＿＿＿＿＿
＿＿＿＿＿＿＿＿＿＿
＿＿＿＿＿＿＿＿＿＿
＿＿＿＿＿＿＿＿＿＿
＿＿＿＿＿＿＿＿＿＿
＿＿＿＿＿＿＿＿＿＿
＿＿＿＿＿＿＿＿＿＿
＿＿＿＿＿＿＿＿＿＿
＿＿＿＿＿＿＿＿＿＿
＿＿＿＿＿＿＿＿＿＿
＿＿■＿＿＿＿＿＿＿
＿＿■■＿＿＿＿＿＿
□□□■□□＿＿＿＿
□□□□□□□□□＿
00:46:49(84291f):field(84290f)
＿＿＿＿＿＿＿＿＿＿
＿＿＿＿＿＿＿＿＿＿
＿＿＿＿＿＿＿＿＿＿
＿＿＿＿＿＿＿＿＿＿
＿＿＿＿＿＿＿＿＿＿
＿＿＿＿＿＿＿＿＿＿
＿＿＿＿＿＿＿＿＿＿
＿＿＿＿＿＿＿＿＿＿
＿＿＿＿＿＿＿＿＿＿
＿＿＿＿＿＿＿＿＿＿
＿＿＿＿＿＿＿＿＿＿
＿＿＿＿＿＿＿＿＿＿
＿＿＿＿＿＿＿＿＿＿
＿＿＿＿＿＿＿＿＿＿
＿＿＿＿＿＿＿＿＿＿
＿＿＿＿＿＿＿＿＿＿
＿＿□■■＿＿＿＿＿
＿＿□□■■＿＿＿＿
□□□□□□＿＿＿＿
□□□□□□□□□＿
00:46:50(84311f):field(84310f)
＿＿＿＿＿＿＿＿＿＿
＿＿＿＿＿＿＿＿＿＿
＿＿＿＿＿＿＿＿＿＿
＿＿＿＿＿＿＿＿＿＿
＿＿＿＿＿＿＿＿＿＿
＿＿＿＿＿＿＿＿＿＿
＿＿＿＿＿＿＿＿＿＿
＿＿＿＿＿＿＿＿＿＿
＿＿＿＿＿＿＿＿＿＿
＿＿＿＿＿＿＿＿＿＿
＿＿＿＿＿＿＿＿＿＿
＿＿＿＿＿＿＿＿＿＿
＿＿＿＿＿＿＿＿＿＿
＿＿＿＿＿＿＿＿＿＿
＿＿＿＿■■＿＿＿＿
＿＿＿＿＿■＿＿＿＿
＿＿□□□■＿＿＿＿
＿＿□□□□＿＿＿＿
□□□□□□＿＿＿＿
□□□□□□□□□＿
00:46:50(84327f):field(84326f)
＿＿＿＿＿＿＿＿＿＿
＿＿＿＿＿＿＿＿＿＿
＿＿＿＿＿＿＿＿＿＿
＿＿＿＿＿＿＿＿＿＿
＿＿＿＿＿＿＿＿＿＿
＿＿＿＿＿＿＿＿＿＿
＿＿＿＿＿＿＿＿＿＿
＿＿＿＿＿＿＿＿＿＿
＿＿＿＿＿＿＿＿＿＿
＿＿＿＿＿＿＿＿＿＿
＿＿＿＿＿＿＿＿＿＿
＿＿＿＿＿＿＿＿＿＿
＿＿＿＿＿＿＿＿＿＿
＿＿＿＿＿＿＿＿＿＿
＿＿＿＿□□＿＿＿＿
＿＿＿＿＿□■＿＿＿
＿＿□□□□■＿＿＿
＿＿□□□□■＿＿＿
□□□□□□■＿＿＿
□□□□□□□□□＿
00:46:51(84340f):field(84339f)
＿＿＿＿＿＿＿＿＿＿
＿＿＿＿＿＿＿＿＿＿
＿＿＿＿＿＿＿＿＿＿
＿＿＿＿＿＿＿＿＿＿
＿＿＿＿＿＿＿＿＿＿
＿＿＿＿＿＿＿＿＿＿
＿＿＿＿＿＿＿＿＿＿
＿＿＿＿＿＿＿＿＿＿
＿＿＿＿＿＿＿＿＿＿
＿＿＿＿＿＿＿＿＿＿
＿＿＿＿＿＿＿＿＿＿
＿＿＿＿＿＿＿＿＿＿
＿＿＿＿＿＿＿＿＿＿
＿＿＿＿＿＿＿＿＿＿
＿＿＿＿□□＿＿＿＿
＿＿＿＿＿□□＿＿＿
■■□□□□□＿＿＿
■■□□□□□＿＿＿
□□□□□□□＿＿＿
□□□□□□□□□＿
00:46:51(84357f):field(84356f)
＿＿＿＿＿＿＿＿＿＿
＿＿＿＿＿＿＿＿＿＿
＿＿＿＿＿＿＿＿＿＿
＿＿＿＿＿＿＿＿＿＿
＿＿＿＿＿＿＿＿＿＿
＿＿＿＿＿＿＿＿＿＿
＿＿＿＿＿＿＿＿＿＿
＿＿＿＿＿＿＿＿＿＿
＿＿＿＿＿＿＿＿＿＿
＿＿＿＿＿＿＿＿＿＿
＿＿＿＿＿＿＿＿＿＿
＿＿＿＿＿＿＿＿＿＿
＿＿＿＿＿＿＿＿＿＿
＿＿＿＿＿＿＿＿＿＿
＿＿＿＿◆◆＿＿＿＿
＿＿＿＿■□◆＿＿＿
◆◆◆◆◆□□＿＿＿
□□□□□□□＿＿＿
□□□□□□□＿■＿
□□□□□□□□□■
00:46:52(84372f):field(84371f)
＿＿＿＿＿＿＿＿＿＿
＿＿＿＿＿＿＿＿＿＿
＿＿＿＿＿＿＿＿＿＿
＿＿＿＿＿＿＿＿＿＿
＿＿＿＿＿＿＿＿＿＿
＿＿＿＿＿＿＿＿＿＿
＿＿＿＿＿＿＿＿＿＿
＿＿＿＿＿＿＿＿＿＿
＿＿＿＿＿＿＿＿＿＿
＿＿＿＿＿＿＿＿＿＿
＿＿＿＿＿＿＿＿＿＿
＿＿＿＿＿＿＿＿＿＿
＿＿＿＿＿＿＿＿＿＿
＿＿＿＿＿＿＿＿＿＿
＿＿＿＿＿＿＿＿＿＿
＿＿＿■□□＿＿＿＿
＿＿■■■□□＿＿＿
□□□□□□□＿＿＿
□□□□□□□＿□＿
□□□□□□□◆□□
00:46:52(84384f):field(84383f)
＿＿＿＿＿＿＿＿＿＿
＿＿＿＿＿＿＿＿＿＿
＿＿＿＿＿＿＿＿＿＿
＿＿＿＿＿＿＿＿＿＿
＿＿＿＿＿＿＿＿＿＿
＿＿＿＿＿＿＿＿＿＿
＿＿＿＿＿＿＿＿＿＿
＿＿＿＿＿＿＿＿＿＿
＿＿＿＿＿＿＿＿＿＿
＿＿＿＿＿＿＿＿＿＿
＿＿＿＿＿＿＿＿＿＿
＿＿＿＿＿＿＿＿＿＿
＿＿＿＿＿＿＿＿＿＿
＿＿＿＿＿＿＿＿＿＿
＿＿＿＿＿＿＿＿＿＿
＿＿＿◆◆◆＿＿＿＿
＿＿◆□□□◆＿＿＿
◆◆□□□□□＿＿＿
□□□□□□□■□＿
□□□□□□□■□◆
00:46:53(84400f):field(84399f)
＿＿＿＿＿＿＿＿＿＿
＿＿＿＿＿＿＿＿＿＿
＿＿＿＿＿＿＿＿＿＿
＿＿＿＿＿＿＿＿＿＿
＿＿＿＿＿＿＿＿＿＿
＿＿＿＿＿＿＿＿＿＿
＿＿＿＿＿＿＿＿＿＿
＿＿＿＿＿＿＿＿＿＿
＿＿＿＿＿＿＿＿＿＿
＿＿＿＿＿＿＿＿＿＿
＿＿＿＿＿＿＿＿＿＿
＿＿＿＿＿＿＿＿＿＿
＿＿＿＿＿＿＿＿＿＿
＿＿＿＿＿＿＿＿＿＿
＿＿＿＿＿＿＿＿＿＿
＿＿＿＿＿＿＿＿＿＿
＿＿＿□□□■■＿＿
＿＿□□□□□■■＿
□□□□□□□□□＿
□□□□□□□□□＿
00:46:53(84412f):field(84411f)
＿＿＿＿＿＿＿＿＿＿
＿＿＿＿＿＿＿＿＿＿
＿＿＿＿＿＿＿＿＿＿
＿＿＿＿＿＿＿＿＿＿
＿＿＿＿＿＿＿＿＿＿
＿＿＿＿＿＿＿＿＿＿
＿＿＿＿＿＿＿＿＿＿
＿＿＿＿＿＿＿＿＿＿
＿＿＿＿＿＿＿＿＿＿
＿＿＿＿＿＿＿＿＿＿
＿＿＿＿＿＿＿＿＿＿
＿＿＿＿＿＿＿＿＿＿
＿＿＿＿＿＿＿＿＿＿
＿＿＿＿＿＿＿＿＿＿
＿＿＿＿＿＿＿＿＿＿
＿＿＿＿＿＿＿＿＿＿
■■＿□□□□□＿＿
■■□□□□□□□＿
□□□□□□□□□＿
□□□□□□□□□＿
00:46:54(84423f):field(84422f)
＿＿＿＿＿＿＿＿＿＿
＿＿＿＿＿＿＿＿＿＿
＿＿＿＿＿＿＿＿＿＿
＿＿＿＿＿＿＿＿＿＿
＿＿＿＿＿＿＿＿＿＿
＿＿＿＿＿＿＿＿＿＿
＿＿＿＿＿＿＿＿＿＿
＿＿＿＿＿＿＿＿＿＿
＿＿＿＿＿＿＿＿＿＿
＿＿＿＿＿＿＿＿＿＿
＿＿＿＿＿＿＿＿＿＿
＿＿＿＿＿＿＿＿＿＿
＿＿＿＿＿＿＿＿＿＿
＿＿＿＿＿＿＿＿＿＿
＿＿＿＿＿＿＿＿＿＿
＿＿＿＿■■■■＿＿
□□＿□□□□□＿＿
□□□□□□□□□＿
□□□□□□□□□＿
□□□□□□□□□＿
00:46:54(84436f):field(84435f)
＿＿＿＿＿＿＿＿＿＿
＿＿＿＿＿＿＿＿＿＿
＿＿＿＿＿＿＿＿＿＿
＿＿＿＿＿＿＿＿＿＿
＿＿＿＿＿＿＿＿＿＿
＿＿＿＿＿＿＿＿＿＿
＿＿＿＿＿＿＿＿＿＿
＿＿＿＿＿＿＿＿＿＿
＿＿＿＿＿＿＿＿＿＿
＿＿＿＿＿＿＿＿＿＿
＿＿＿＿＿＿＿＿＿＿
＿＿＿＿＿＿＿＿＿＿
＿＿＿＿＿＿＿＿＿＿
＿＿＿＿＿＿＿＿＿＿
＿＿＿＿＿＿＿＿＿＿
■■■＿□□□□＿＿
□□■□□□□□＿＿
□□□□□□□□□＿
□□□□□□□□□＿
□□□□□□□□□＿
00:46:54(84446f):field(84445f)
＿＿＿＿＿＿＿＿＿＿
＿＿＿＿＿＿＿＿＿＿
＿＿＿＿＿＿＿＿＿＿
＿＿＿＿＿＿＿＿＿＿
＿＿＿＿＿＿＿＿＿＿
＿＿＿＿＿＿＿＿＿＿
＿＿＿＿＿＿＿＿＿＿
＿＿＿＿＿＿＿＿＿＿
＿＿＿＿＿＿＿＿＿＿
＿＿＿＿＿＿＿＿＿＿
＿＿＿＿＿＿＿＿＿＿
＿＿＿＿＿＿＿＿＿＿
＿＿＿＿＿＿＿＿＿＿
＿＿＿＿＿＿＿＿＿＿
＿＿＿■■■＿＿＿＿
□□□■□□□□＿＿
□□□□□□□□＿＿
□□□□□□□□□＿
□□□□□□□□□＿
□□□□□□□□□＿
00:46:55(84459f):field(84458f)
＿＿＿＿＿＿＿＿＿＿
＿＿＿＿＿＿＿＿＿＿
＿＿＿＿＿＿＿＿＿＿
＿＿＿＿＿＿＿＿＿＿
＿＿＿＿＿＿＿＿＿＿
＿＿＿＿＿＿＿＿＿＿
＿＿＿＿＿＿＿＿＿＿
＿＿＿＿＿＿＿＿＿＿
＿＿＿＿＿＿＿＿＿＿
＿＿＿＿＿＿＿＿＿＿
＿＿＿＿＿＿＿＿＿＿
＿＿＿＿＿＿＿＿＿＿
＿＿＿＿＿＿＿＿＿＿
＿■＿＿＿＿＿＿＿＿
■■■□□□＿＿＿＿
□□□□□□□□＿＿
□□□□□□□□＿＿
□□□□□□□□□＿
□□□□□□□□□＿
□□□□□□□□□＿
00:46:55(84471f):field(84470f)
＿＿＿＿＿＿＿＿＿＿
＿＿＿＿＿＿＿＿＿＿
＿＿＿＿＿＿＿＿＿＿
＿＿＿＿＿＿＿＿＿＿
＿＿＿＿＿＿＿＿＿＿
＿＿＿＿＿＿＿＿＿＿
＿＿＿＿＿＿＿＿＿＿
＿＿＿＿＿＿＿＿＿＿
＿＿＿＿＿＿＿＿＿＿
＿＿＿＿＿＿＿＿＿＿
＿＿＿＿＿＿＿＿＿＿
＿＿＿＿＿＿＿＿＿＿
＿＿＿＿＿＿＿＿＿＿
＿□＿＿＿■■＿＿＿
□□□□□□■■＿＿
□□□□□□□□＿＿
□□□□□□□□＿＿
□□□□□□□□□＿
□□□□□□□□□＿
□□□□□□□□□＿
00:46:56(84483f):field(84482f)
＿＿＿＿＿＿＿＿＿＿
＿＿＿＿＿＿＿＿＿＿
＿＿＿＿＿＿＿＿＿＿
＿＿＿＿＿＿＿＿＿＿
＿＿＿＿＿＿＿＿＿＿
＿＿＿＿＿＿＿＿＿＿
＿＿＿＿＿＿＿＿＿＿
＿＿＿＿＿＿＿＿＿＿
＿＿＿＿＿＿＿＿＿＿
＿＿＿＿＿＿＿＿＿＿
＿＿＿＿＿＿＿＿＿＿
＿＿＿＿＿＿＿＿＿＿
＿＿＿■■＿＿＿＿＿
＿□＿■■□□＿＿＿
□□□□□□□□＿＿
□□□□□□□□＿＿
□□□□□□□□＿＿
□□□□□□□□□＿
□□□□□□□□□＿
□□□□□□□□□＿
00:46:56(84494f):field(84493f)
＿＿＿＿＿＿＿＿＿＿
＿＿＿＿＿＿＿＿＿＿
＿＿＿＿＿＿＿＿＿＿
＿＿＿＿＿＿＿＿＿＿
＿＿＿＿＿＿＿＿＿＿
＿＿＿＿＿＿＿＿＿＿
＿＿＿＿＿＿＿＿＿＿
＿＿＿＿＿＿＿＿＿＿
＿＿＿＿＿＿＿＿＿＿
＿＿＿＿＿＿＿＿＿＿
＿＿＿＿■＿＿＿＿＿
＿＿＿＿■■＿＿＿＿
＿＿＿□□■＿＿＿＿
＿□＿□□□□＿＿＿
□□□□□□□□＿＿
□□□□□□□□＿＿
□□□□□□□□＿＿
□□□□□□□□□＿
□□□□□□□□□＿
□□□□□□□□□＿
00:46:56(84506f):field(84505f)
＿＿＿＿＿＿＿＿＿＿
＿＿＿＿＿＿＿＿＿＿
＿＿＿＿＿＿＿＿＿＿
＿＿＿＿＿＿＿＿＿＿
＿＿＿＿＿＿＿＿＿＿
＿＿＿＿＿＿＿＿＿＿
＿＿＿＿＿＿＿＿＿＿
＿＿＿＿＿＿＿＿＿＿
＿＿＿＿＿＿＿＿＿＿
＿＿＿＿＿＿■＿＿＿
＿＿＿＿□＿■＿＿＿
＿＿＿＿□□■＿＿＿
＿＿＿□□□■＿＿＿
＿□＿□□□□＿＿＿
□□□□□□□□＿＿
□□□□□□□□＿＿
□□□□□□□□＿＿
□□□□□□□□□＿
□□□□□□□□□＿
□□□□□□□□□＿
00:46:57(84519f):field(84518f)
＿＿＿＿＿＿＿＿＿＿
＿＿＿＿＿＿＿＿＿＿
＿＿＿＿＿＿＿＿＿＿
＿＿＿＿＿＿＿＿＿＿
＿＿＿＿＿＿＿＿＿＿
＿＿＿＿＿＿＿＿＿＿
＿＿＿＿＿＿＿＿＿＿
＿＿＿＿＿＿＿＿＿＿
＿＿＿＿＿■■＿＿＿
＿＿＿＿＿■□＿＿＿
＿＿＿＿□■□＿＿＿
＿＿＿＿□□□＿＿＿
＿＿＿□□□□＿＿＿
＿□＿□□□□＿＿＿
□□□□□□□□＿＿
□□□□□□□□＿＿
□□□□□□□□＿＿
□□□□□□□□□＿
□□□□□□□□□＿
□□□□□□□□□＿
00:46:57(84532f):field(84531f)
＿＿＿＿＿＿＿＿＿＿
＿＿＿＿＿＿＿＿＿＿
＿＿＿＿＿＿＿＿＿＿
＿＿＿＿＿＿＿＿＿＿
＿＿＿＿＿＿＿＿＿＿
＿＿＿＿＿＿＿＿＿＿
＿＿＿＿＿＿＿＿＿＿
＿＿＿＿＿＿＿＿＿＿
＿＿＿＿＿□□＿＿＿
＿＿＿＿＿□□＿＿＿
＿＿＿＿□□□＿＿＿
■＿＿＿□□□＿＿＿
■■＿□□□□＿＿＿
■□＿□□□□＿＿＿
□□□□□□□□＿＿
□□□□□□□□＿＿
□□□□□□□□＿＿
□□□□□□□□□＿
□□□□□□□□□＿
□□□□□□□□□＿
00:46:58(84545f):field(84544f)
＿＿＿＿＿＿＿＿＿＿
＿＿＿＿＿＿＿＿＿＿
＿＿＿＿＿＿＿＿＿＿
＿＿＿＿＿＿＿＿＿＿
＿＿＿＿＿＿＿＿＿＿
＿＿＿＿＿＿＿＿＿＿
＿＿＿＿＿＿＿＿＿＿
＿＿＿＿＿＿＿＿＿＿
＿＿＿＿＿◆◆＿＿＿
＿＿＿＿＿◆◆＿＿＿
＿＿＿＿◆□□＿＿＿
◆＿＿＿◆□□＿＿＿
◆◆＿◆□□□＿＿＿
□◆＿◆□□□＿＿＿
□□◆□□□□◆＿＿
□□□□□□□□＿＿
□□□□□□□□■＿
□□□□□□□□□■
□□□□□□□□□＿
□□□□□□□□□＿
00:46:58(84558f):field(84557f)
＿＿＿＿＿＿＿＿＿＿
＿＿＿＿＿＿＿＿＿＿
＿＿＿＿＿＿＿＿＿＿
＿＿＿＿＿＿＿＿＿＿
＿＿＿＿＿＿＿＿＿＿
＿＿＿＿＿＿＿＿＿＿
＿＿＿＿＿＿＿＿＿＿
＿＿＿＿＿＿＿＿＿＿
＿＿＿＿＿＿＿＿＿＿
＿＿＿＿＿＿＿＿＿＿
＿＿＿＿＿□□＿＿＿
＿＿＿＿＿□□＿＿＿
＿＿＿＿□□□＿＿＿
□■■＿□□□＿＿＿
□□■□□□□＿＿＿
□□□□□□□◆＿＿
□□□□□□□□◆＿
□□□□□□□□□◆
□□□□□□□□□＿
□□□□□□□□□＿
00:46:59(84571f):field(84570f)
＿＿＿＿＿＿＿＿＿＿
＿＿＿＿＿＿＿＿＿＿
＿＿＿＿＿＿＿＿＿＿
＿＿＿＿＿＿＿＿＿＿
＿＿＿＿＿＿＿＿＿＿
＿＿＿＿＿＿＿＿＿＿
＿＿＿＿＿＿＿＿＿＿
＿＿＿＿＿＿＿＿＿＿
＿＿＿＿■■＿＿＿＿
＿＿＿＿■■＿＿＿＿
＿＿＿＿＿□□＿＿＿
＿＿＿＿＿□□＿＿＿
＿＿＿＿□□□＿＿＿
□□□＿□□□＿＿＿
□□□□□□□＿＿＿
□□□□□□□＿＿＿
□□□□□□□□＿＿
□□□□□□□□□＿
□□□□□□□□□＿
□□□□□□□□□＿
00:46:59(84589f):field(84588f)
＿＿＿＿＿＿＿＿＿＿
＿＿＿＿＿＿＿＿＿＿
＿＿＿＿＿＿＿＿＿＿
＿＿＿＿＿＿＿＿＿＿
＿＿＿＿＿＿＿＿＿＿
＿＿＿＿＿＿＿＿＿＿
＿＿＿＿＿＿＿＿＿＿
＿＿＿＿＿＿＿＿＿＿
＿＿＿＿□□＿＿＿＿
＿＿＿＿□□＿＿＿＿
＿＿＿＿＿□□＿＿＿
＿＿＿＿＿□□＿＿＿
＿■■■□□□＿＿＿
□□□■□□□＿＿＿
□□□□□□□＿＿＿
□□□□□□□＿＿＿
□□□□□□□□＿＿
□□□□□□□□□＿
□□□□□□□□□＿
□□□□□□□□□＿
00:47:00(84604f):field(84603f)
＿＿＿＿＿＿＿＿＿＿
＿＿＿＿＿＿＿＿＿＿
＿＿＿＿＿＿＿＿＿＿
＿＿＿＿＿＿＿＿＿＿
＿＿＿＿＿＿＿＿＿＿
＿＿＿＿＿＿＿＿＿＿
＿＿＿＿＿＿＿＿＿＿
＿＿＿＿＿＿＿＿＿＿
＿＿＿＿□□＿＿＿＿
＿＿＿＿□□＿＿＿＿
■＿＿＿＿□□＿＿＿
■■＿＿＿□□＿＿＿
■□□□□□□＿＿＿
□□□□□□□＿＿＿
□□□□□□□＿＿＿
□□□□□□□＿＿＿
□□□□□□□□＿＿
□□□□□□□□□＿
□□□□□□□□□＿
□□□□□□□□□＿
00:47:00(84619f):field(84618f)
＿＿＿＿＿＿＿＿＿＿
＿＿＿＿＿＿＿＿＿＿
＿＿＿＿＿＿＿＿＿＿
＿＿＿＿＿＿＿＿＿＿
＿＿＿＿＿＿＿＿＿＿
＿＿＿＿＿＿＿＿＿＿
＿＿＿＿＿＿＿＿＿＿
＿＿＿＿＿＿＿＿＿＿
＿＿＿＿□□＿＿＿＿
＿＿＿＿□□＿＿＿＿
□＿＿＿＿□□＿＿＿
□□＿＿＿□□＿＿＿
□□□□□□□＿＿＿
□□□□□□□＿＿＿
□□□□□□□■＿＿
□□□□□□□■■＿
□□□□□□□□■＿
□□□□□□□□□＿
□□□□□□□□□＿
□□□□□□□□□＿
00:47:01(84630f):field(84629f)
＿＿＿＿＿＿＿＿＿＿
＿＿＿＿＿＿＿＿＿＿
＿＿＿＿＿＿＿＿＿＿
＿＿＿＿＿＿＿＿＿＿
＿＿＿＿＿＿＿＿＿＿
＿＿＿＿＿＿＿＿＿＿
＿＿＿＿＿＿＿＿＿＿
＿＿＿＿＿＿＿＿＿＿
＿＿＿＿◆◆＿＿＿＿
＿＿＿＿◆◆＿＿＿＿
◆＿＿＿＿◆◆＿＿＿
◆◆＿＿＿◆◆＿＿＿
◆◆◆◆□□◆＿＿＿
◆◆◆◆□□◆＿＿＿
□◆◆◆◆□□◆＿＿
□□◆◆◆□□◆◆＿
□□□□□□□◆◆＿
□□□□□□□◆□■
□□□□□□□□□＿
□□□□□□□□□■
00:47:01(84648f):field(84647f)
＿＿＿＿＿＿＿＿＿＿
＿＿＿＿＿＿＿＿＿＿
＿＿＿＿＿＿＿＿＿＿
＿＿＿＿＿＿＿＿＿＿
＿＿＿＿＿＿＿＿＿＿
＿＿＿＿＿＿＿＿＿＿
＿＿＿＿＿＿＿＿＿＿
＿＿＿＿＿＿＿＿＿＿
＿＿＿＿＿＿＿＿＿＿
＿＿＿＿＿＿＿＿＿＿
＿＿＿＿＿＿＿＿＿＿
＿＿＿＿＿＿＿＿＿＿
＿＿＿＿□□＿＿＿＿
＿＿＿＿□□＿＿＿＿
□＿＿＿■□□＿＿＿
□□■■■□□＿＿＿
□□□□□□□＿＿＿
□□□□□□□＿◆◆
□□□□□□□□◆＿
□□□□□□□□□◆
00:47:01(84659f):field(84658f)
＿＿＿＿＿＿＿＿＿＿
＿＿＿＿＿＿＿＿＿＿
＿＿＿＿＿＿＿＿＿＿
＿＿＿＿＿＿＿＿＿＿
＿＿＿＿＿＿＿＿＿＿
＿＿＿＿＿＿＿＿＿＿
＿＿＿＿＿＿＿＿＿＿
＿＿＿＿＿＿＿＿＿＿
＿＿＿＿＿＿＿＿＿＿
＿＿＿＿＿＿＿＿＿＿
＿＿＿＿＿＿＿＿＿＿
＿＿＿＿＿＿＿＿＿＿
＿＿＿＿□□＿＿＿＿
■■＿＿□□＿＿＿＿
□■■＿□□□＿＿＿
□□□□□□□＿＿＿
□□□□□□□＿＿＿
□□□□□□□＿＿＿
□□□□□□□□＿＿
□□□□□□□□□＿
00:47:02(84670f):field(84669f)
＿＿＿＿＿＿＿＿＿＿
＿＿＿＿＿＿＿＿＿＿
＿＿＿＿＿＿＿＿＿＿
＿＿＿＿＿＿＿＿＿＿
＿＿＿＿＿＿＿＿＿＿
＿＿＿＿＿＿＿＿＿＿
＿＿＿＿＿＿＿＿＿＿
＿＿＿＿＿＿＿＿＿＿
＿＿＿＿＿＿＿＿＿＿
＿＿＿＿＿＿＿＿＿＿
＿＿＿＿■■＿＿＿＿
＿＿＿＿■■＿＿＿＿
＿＿＿＿□□＿＿＿＿
□□＿＿□□＿＿＿＿
□□□＿□□□＿＿＿
□□□□□□□＿＿＿
□□□□□□□＿＿＿
□□□□□□□＿＿＿
□□□□□□□□＿＿
□□□□□□□□□＿
00:47:02(84682f):field(84681f)
＿＿＿＿＿＿＿＿＿＿
＿＿＿＿＿＿＿＿＿＿
＿＿＿＿＿＿＿＿＿＿
＿＿＿＿＿＿＿＿＿＿
＿＿＿＿＿＿＿＿＿＿
＿＿＿＿＿＿＿＿＿＿
＿＿＿＿＿＿＿＿＿＿
＿＿＿＿＿＿＿＿＿＿
＿＿＿＿＿＿＿＿＿＿
＿＿＿＿＿＿＿＿＿＿
＿＿＿＿□□＿＿＿＿
＿＿＿＿□□＿＿＿＿
＿＿■＿□□＿＿＿＿
□□■■□□＿＿＿＿
□□□■□□□＿＿＿
□□□□□□□＿＿＿
□□□□□□□＿＿＿
□□□□□□□＿＿＿
□□□□□□□□＿＿
□□□□□□□□□＿
00:47:03(84694f):field(84693f)
＿＿＿＿＿＿＿＿＿＿
＿＿＿＿＿＿＿＿＿＿
＿＿＿＿＿＿＿＿＿＿
＿＿＿＿＿＿＿＿＿＿
＿＿＿＿＿＿＿＿＿＿
＿＿＿＿＿＿＿＿＿＿
＿＿＿＿＿＿＿＿＿＿
＿＿＿＿＿＿＿＿＿＿
＿＿＿＿＿＿＿＿＿＿
＿＿＿＿＿＿＿＿＿＿
＿＿＿■□□＿＿＿＿
＿＿■■□□＿＿＿＿
＿＿□■□□＿＿＿＿
□□□□□□＿＿＿＿
□□□□□□□＿＿＿
□□□□□□□＿＿＿
□□□□□□□＿＿＿
□□□□□□□＿＿＿
□□□□□□□□＿＿
□□□□□□□□□＿
00:47:03(84706f):field(84705f)
＿＿＿＿＿＿＿＿＿＿
＿＿＿＿＿＿＿＿＿＿
＿＿＿＿＿＿＿＿＿＿
＿＿＿＿＿＿＿＿＿＿
＿＿＿＿＿＿＿＿＿＿
＿＿＿＿＿＿＿＿＿＿
＿＿＿＿＿＿＿＿＿＿
＿＿＿＿＿＿＿＿＿＿
＿＿＿＿＿＿＿＿＿＿
■＿＿＿＿＿＿＿＿＿
■＿＿□□□＿＿＿＿
■＿□□□□＿＿＿＿
■＿□□□□＿＿＿＿
□□□□□□＿＿＿＿
□□□□□□□＿＿＿
□□□□□□□＿＿＿
□□□□□□□＿＿＿
□□□□□□□＿＿＿
□□□□□□□□＿＿
□□□□□□□□□＿
00:47:04(84720f):field(84719f)
＿＿＿＿＿＿＿＿＿＿
＿＿＿＿＿＿＿＿＿＿
＿＿＿＿＿＿＿＿＿＿
＿＿＿＿＿＿＿＿＿＿
＿＿＿＿＿＿＿＿＿＿
＿＿＿＿＿＿＿＿＿＿
＿＿＿＿＿＿＿＿＿＿
＿＿＿＿＿＿＿＿＿＿
＿＿＿■■＿＿＿＿＿
□＿＿＿■■＿＿＿＿
□＿＿□□□＿＿＿＿
□＿□□□□＿＿＿＿
□＿□□□□＿＿＿＿
□□□□□□＿＿＿＿
□□□□□□□＿＿＿
□□□□□□□＿＿＿
□□□□□□□＿＿＿
□□□□□□□＿＿＿
□□□□□□□□＿＿
□□□□□□□□□＿
00:47:04(84733f):field(84732f)
＿＿＿＿＿＿＿＿＿＿
＿＿＿＿＿＿＿＿＿＿
＿＿＿＿＿＿＿＿＿＿
＿＿＿＿＿＿＿＿＿＿
＿＿＿＿＿＿＿＿＿＿
＿＿＿＿＿＿＿＿＿＿
＿＿＿＿＿＿＿＿＿＿
＿＿＿＿＿＿＿＿＿＿
＿＿＿◆◆＿＿＿＿＿
◆＿＿■□◆＿＿＿＿
□＿＿◆□□＿＿＿＿
□＿◆□□□＿＿＿＿
□＿□□□□＿＿＿＿
□◆□□□□＿＿＿＿
□□□□□□◆＿＿＿
□□□□□□□＿＿＿
□□□□□□□＿＿＿
□□□□□□□＿■＿
□□□□□□□◆■＿
□□□□□□□□□■
00:47:04(84747f):field(84746f)
＿＿＿＿＿＿＿＿＿＿
＿＿＿＿＿＿＿＿＿＿
＿＿＿＿＿＿＿＿＿＿
＿＿＿＿＿＿＿＿＿＿
＿＿＿＿＿＿＿＿＿＿
＿＿＿＿＿＿＿＿＿＿
＿＿＿＿＿＿＿＿＿＿
＿＿＿＿■＿＿＿＿＿
＿＿＿＿■■＿＿＿＿
＿＿＿□□■＿＿＿＿
□＿＿＿□□＿＿＿＿
□＿＿□□□＿＿＿＿
□＿□□□□＿＿＿＿
□＿□□□□＿＿＿＿
□□□□□□＿＿＿＿
□□□□□□□＿＿＿
□□□□□□□＿＿＿
□□□□□□□＿□＿
□□□□□□□＿□＿
□□□□□□□□□◆
00:47:05(84762f):field(84761f)
＿＿＿＿＿＿＿＿＿＿
＿＿＿＿＿＿＿＿＿＿
＿＿＿＿＿＿＿＿＿＿
＿＿＿＿＿＿＿＿＿＿
＿＿＿＿＿＿＿＿＿＿
＿＿＿＿＿＿＿＿＿＿
＿＿＿＿＿＿＿＿＿＿
＿＿＿＿□＿＿＿＿＿
＿＿＿＿□□＿＿＿＿
＿＿＿□□□＿＿＿＿
□＿＿＿□□＿＿＿＿
□■■□□□＿＿＿＿
□■□□□□＿＿＿＿
□■□□□□＿＿＿＿
□□□□□□＿＿＿＿
□□□□□□□＿＿＿
□□□□□□□＿＿＿
□□□□□□□＿□＿
□□□□□□□＿□＿
□□□□□□□□□＿
00:47:05(84774f):field(84773f)
＿＿＿＿＿＿＿＿＿＿
＿＿＿＿＿＿＿＿＿＿
＿＿＿＿＿＿＿＿＿＿
＿＿＿＿＿＿＿＿＿＿
＿＿＿＿＿＿＿＿＿＿
＿＿＿＿＿＿＿＿＿＿
＿＿＿＿＿＿＿＿＿＿
＿＿＿＿□＿＿＿＿＿
＿＿＿＿□□＿＿＿＿
＿＿■□□□＿＿＿＿
□■■■□□＿＿＿＿
□□□□□□＿＿＿＿
□□□□□□＿＿＿＿
□□□□□□＿＿＿＿
□□□□□□＿＿＿＿
□□□□□□□＿＿＿
□□□□□□□＿＿＿
□□□□□□□＿□＿
□□□□□□□＿□＿
□□□□□□□□□＿
00:47:06(84789f):field(84788f)
＿＿＿＿＿＿＿＿＿＿
＿＿＿＿＿＿＿＿＿＿
＿＿＿＿＿＿＿＿＿＿
＿＿＿＿＿＿＿＿＿＿
＿＿＿＿＿＿＿＿＿＿
＿＿＿＿＿＿＿＿＿＿
＿＿＿＿＿＿＿＿＿＿
＿＿■＿□＿＿＿＿＿
＿■■＿□□＿＿＿＿
＿■□□□□＿＿＿＿
□□□□□□＿＿＿＿
□□□□□□＿＿＿＿
□□□□□□＿＿＿＿
□□□□□□＿＿＿＿
□□□□□□＿＿＿＿
□□□□□□□＿＿＿
□□□□□□□＿＿＿
□□□□□□□＿□＿
□□□□□□□＿□＿
□□□□□□□□□＿
00:47:06(84801f):field(84800f)
＿＿＿＿＿＿＿＿＿＿
＿＿＿＿＿＿＿＿＿＿
＿＿＿＿＿＿＿＿＿＿
＿＿＿＿＿＿＿＿＿＿
＿＿＿＿＿＿＿＿＿＿
＿＿＿＿＿＿＿＿＿＿
＿＿＿＿＿＿＿＿＿＿
＿＿□＿□＿＿＿＿＿
＿□□＿□□＿＿＿＿
＿□□□□□＿＿＿＿
□□□□□□＿＿＿＿
□□□□□□＿＿＿＿
□□□□□□＿＿＿＿
□□□□□□＿＿＿＿
□□□□□□＿＿＿＿
□□□□□□□＿■■
□□□□□□□＿■■
□□□□□□□＿□＿
□□□□□□□＿□＿
□□□□□□□□□＿
00:47:07(84815f):field(84814f)
＿＿＿＿＿＿＿＿＿＿
＿＿＿＿＿＿＿＿＿＿
＿＿＿＿＿＿＿＿＿＿
＿＿＿＿＿＿＿＿＿＿
＿＿＿＿＿＿＿＿＿＿
＿＿＿＿＿＿＿＿＿＿
＿＿＿＿＿＿＿＿＿＿
＿＿◆＿◆＿＿＿＿＿
＿◆◆＿◆◆＿＿＿＿
＿◆□◆□◆＿＿＿＿
◆□□◆□□＿＿＿＿
◆□□□□□＿＿＿＿
□□□□□□＿＿＿＿
□□□□□□＿＿＿＿
□□□□□□＿＿＿＿
□□□□□□□＿◆◆
□□□□□□□■□◆
□□□□□□□＿□■
□□□□□□□＿□＿
□□□□□□□□□＿
00:47:07(84828f):field(84827f)
＿＿＿＿＿＿＿＿＿＿
＿＿＿＿＿＿＿＿＿＿
＿＿＿＿＿＿＿＿＿＿
＿＿＿＿＿＿＿＿＿＿
＿＿＿＿＿＿＿＿＿＿
＿＿＿＿＿＿＿＿＿＿
＿＿＿＿＿＿＿＿＿＿
＿＿＿＿＿＿＿＿＿＿
＿＿＿＿＿＿＿＿＿＿
＿＿◆＿◆＿＿＿＿＿
＿◆□＿□◆＿＿＿＿
＿□□◆□□＿＿＿＿
◆□□□□□＿＿＿＿
□□□□□□＿＿＿＿
□□□□□□＿＿＿＿
□□□□□□◆＿＿＿
□□□□□□◆◆□＿
□□□□□□□■□□
□□□□□□□＿□＿
□□□□□□□□□＿
00:47:08(84845f):field(84844f)
＿＿＿＿＿＿＿＿＿＿
＿＿＿＿＿＿＿＿＿＿
＿＿＿＿＿＿＿＿＿＿
＿＿＿＿＿＿＿＿＿＿
＿＿＿＿＿＿＿＿＿＿
＿＿＿＿＿＿＿＿＿＿
＿＿＿＿＿＿＿＿＿＿
＿＿＿＿＿＿＿＿＿＿
＿＿＿＿＿＿＿＿＿＿
＿＿＿＿＿＿＿＿＿＿
＿＿□＿□＿＿＿＿＿
＿□□＿□□＿＿＿＿
＿□□□□□＿＿＿＿
□□□□□□＿＿＿＿
□□□□□□＿＿＿■
□□□□□□＿＿■■
□□□□□□＿＿□■
□□□□□□□◆□□
□□□□□□□＿□＿
□□□□□□□□□＿
00:47:08(84857f):field(84856f)
＿＿＿＿＿＿＿＿＿＿
＿＿＿＿＿＿＿＿＿＿
＿＿＿＿＿＿＿＿＿＿
＿＿＿＿＿＿＿＿＿＿
＿＿＿＿＿＿＿＿＿＿
＿＿＿＿＿＿＿＿＿＿
＿＿＿＿＿＿＿＿＿＿
＿＿＿＿＿＿＿＿＿＿
＿＿＿＿＿＿＿＿＿＿
＿＿＿■■＿＿＿＿＿
＿＿□■□＿＿＿＿＿
＿□□■□□＿＿＿＿
＿□□□□□＿＿＿＿
□□□□□□＿＿＿＿
□□□□□□＿＿＿□
□□□□□□＿＿□□
□□□□□□＿＿□□
□□□□□□□＿□□
□□□□□□□＿□＿
□□□□□□□□□＿
00:47:08(84869f):field(84868f)
＿＿＿＿＿＿＿＿＿＿
＿＿＿＿＿＿＿＿＿＿
＿＿＿＿＿＿＿＿＿＿
＿＿＿＿＿＿＿＿＿＿
＿＿＿＿＿＿＿＿＿＿
＿＿＿＿＿＿＿＿＿＿
＿＿＿＿＿＿＿＿＿＿
＿＿＿＿＿＿＿＿＿＿
＿＿＿＿＿＿＿＿＿＿
＿＿＿◆◆＿＿＿＿＿
＿＿◆◆◆＿＿＿＿＿
＿◆◆□□◆＿＿＿＿
＿◆□□□◆＿＿＿＿
◆□□□□□＿＿＿＿
◆□□□□□＿■＿◆
□□□□□□＿＿□□
□□□□□□■＿◆□
□□□□□□□■□□
□□□□□□□＿□■
□□□□□□□□□＿
00:47:09(84883f):field(84882f)
＿＿＿＿＿＿＿＿＿＿
＿＿＿＿＿＿＿＿＿＿
＿＿＿＿＿＿＿＿＿＿
＿＿＿＿＿＿＿＿＿＿
＿＿＿＿＿＿＿＿＿＿
＿＿＿＿＿＿＿＿＿＿
＿＿＿＿＿＿＿＿＿＿
＿＿＿＿＿＿＿＿＿＿
＿＿＿＿＿＿＿＿＿＿
＿＿＿＿＿＿＿＿＿＿
＿＿＿＿＿＿＿＿＿＿
＿＿＿◆◆＿＿＿＿＿
＿＿◆□□＿＿＿＿＿
＿◆□□□◆＿＿＿＿
＿□□□□□＿◆＿＿
◆□□□□□＿＿◆◆
□□□□□□◆■＿◆
□□□□□□◆□◆□
□□□□□□□■□◆
□□□□□□□□□＿
00:47:09(84896f):field(84895f)
＿＿＿＿＿＿＿＿＿＿
＿＿＿＿＿＿＿＿＿＿
＿＿＿＿＿＿＿＿＿＿
＿＿＿＿＿＿＿＿＿＿
＿＿＿＿＿＿＿＿＿＿
＿＿＿＿＿＿＿＿＿＿
＿＿＿＿＿＿＿＿＿＿
＿＿＿＿＿＿＿＿＿＿
＿＿＿＿＿＿＿＿＿＿
＿＿＿＿＿＿＿＿＿＿
＿＿＿＿＿＿＿＿＿＿
＿＿＿＿＿＿＿＿＿＿
＿＿＿□□＿＿＿＿＿
＿＿□□□＿＿＿＿＿
＿□□□□□＿＿■＿
＿□□□□□＿＿■■
□□□□□□＿□＿■
□□□□□□＿□＿□
□□□□□□□□□＿
□□□□□□□□□＿
00:47:10(84908f):field(84907f)
＿＿＿＿＿＿＿＿＿＿
＿＿＿＿＿＿＿＿＿＿
＿＿＿＿＿＿＿＿＿＿
＿＿＿＿＿＿＿＿＿＿
＿＿＿＿＿＿＿＿＿＿
＿＿＿＿＿＿＿＿＿＿
＿＿＿＿＿＿＿＿＿＿
＿＿＿＿＿＿＿＿＿＿
＿＿＿＿＿＿＿＿＿＿
＿＿＿＿＿＿＿＿＿＿
＿＿＿＿＿＿＿＿＿＿
＿＿＿＿■■＿＿＿＿
＿＿＿□□■＿＿＿＿
＿＿□□□■＿＿＿＿
＿□□□□□＿＿□＿
＿□□□□□＿＿□□
□□□□□□＿□＿□
□□□□□□＿□＿□
□□□□□□□□□＿
□□□□□□□□□＿
00:47:10(84921f):field(84920f)
＿＿＿＿＿＿＿＿＿＿
＿＿＿＿＿＿＿＿＿＿
＿＿＿＿＿＿＿＿＿＿
＿＿＿＿＿＿＿＿＿＿
＿＿＿＿＿＿＿＿＿＿
＿＿＿＿＿＿＿＿＿＿
＿＿＿＿＿＿＿＿＿＿
＿＿＿＿＿＿＿＿＿＿
＿＿＿＿＿＿＿＿＿＿
＿＿＿＿＿＿＿＿＿＿
＿＿＿＿＿＿＿＿＿＿
＿＿＿＿□□＿＿＿＿
＿＿＿□□□＿＿＿＿
＿＿□□□□＿＿＿＿
＿□□□□□■＿□＿
＿□□□□□■■□□
□□□□□□■□＿□
□□□□□□＿□＿□
□□□□□□□□□＿
□□□□□□□□□＿
00:47:11(84937f):field(84936f)
＿＿＿＿＿＿＿＿＿＿
＿＿＿＿＿＿＿＿＿＿
＿＿＿＿＿＿＿＿＿＿
＿＿＿＿＿＿＿＿＿＿
＿＿＿＿＿＿＿＿＿＿
＿＿＿＿＿＿＿＿＿＿
＿＿＿＿＿＿＿＿＿＿
＿＿＿＿＿＿＿＿＿＿
＿＿＿＿＿＿＿＿＿＿
＿＿＿＿＿＿＿＿＿＿
＿＿＿＿＿＿＿＿＿＿
＿＿＿＿◆◆＿＿＿＿
＿＿＿◆□□＿＿＿＿
＿＿◆□□□＿＿＿＿
■□□□□□◆＿◆＿
■□□□□□□◆□◆
□□□□□□□□■□
□□□□□□■□＿□
□□□□□□□□□＿
□□□□□□□□□＿
00:47:11(84948f):field(84947f)
＿＿＿＿＿＿＿＿＿＿
＿＿＿＿＿＿＿＿＿＿
＿＿＿＿＿＿＿＿＿＿
＿＿＿＿＿＿＿＿＿＿
＿＿＿＿＿＿＿＿＿＿
＿＿＿＿＿＿＿＿＿＿
＿＿＿＿＿＿＿＿＿＿
＿＿＿＿＿＿＿＿＿＿
＿＿＿＿＿＿＿＿＿＿
＿＿＿＿＿＿＿＿＿＿
＿＿＿＿＿＿＿＿＿＿
＿＿＿＿＿＿＿＿＿＿
＿＿＿＿□□＿＿＿＿
＿＿＿□□□＿＿＿＿
□□□□□□■■■＿
□□□□□□□■□＿
□□□□□□□□◆□
□□□□□□◆□＿□
□□□□□□□□□＿
□□□□□□□□□＿
00:47:12(84964f):field(84963f)
＿＿＿＿＿＿＿＿＿＿
＿＿＿＿＿＿＿＿＿＿
＿＿＿＿＿＿＿＿＿＿
＿＿＿＿＿＿＿＿＿＿
＿＿＿＿＿＿＿＿＿＿
＿＿＿＿＿＿＿＿＿＿
＿＿＿＿＿＿＿＿＿＿
＿＿＿＿＿＿＿＿＿＿
＿＿＿＿＿＿＿＿＿＿
＿＿＿＿＿＿＿＿＿＿
＿＿＿＿＿＿＿＿＿＿
＿＿＿＿＿＿＿＿＿＿
＿＿■■□□＿＿＿＿
＿■■□□□＿＿＿＿
□□□□□□□□□＿
□□□□□□□□□＿
□□□□□□□□＿□
□□□□□□＿□＿□
□□□□□□□□□＿
□□□□□□□□□＿
00:47:12(84975f):field(84974f)
＿＿＿＿＿＿＿＿＿＿
＿＿＿＿＿＿＿＿＿＿
＿＿＿＿＿＿＿＿＿＿
＿＿＿＿＿＿＿＿＿＿
＿＿＿＿＿＿＿＿＿＿
＿＿＿＿＿＿＿＿＿＿
＿＿＿＿＿＿＿＿＿＿
＿＿＿＿＿＿＿＿＿＿
＿＿＿＿＿＿＿＿＿＿
＿＿＿＿＿＿＿＿＿＿
＿＿＿＿＿＿＿＿＿＿
＿＿■■■■＿＿＿＿
＿＿□□□□＿＿＿＿
＿□□□□□＿＿＿＿
□□□□□□□□□＿
□□□□□□□□□＿
□□□□□□□□＿□
□□□□□□＿□＿□
□□□□□□□□□＿
□□□□□□□□□＿
00:47:12(84987f):field(84986f)
＿＿＿＿＿＿＿＿＿＿
＿＿＿＿＿＿＿＿＿＿
＿＿＿＿＿＿＿＿＿＿
＿＿＿＿＿＿＿＿＿＿
＿＿＿＿＿＿＿＿＿＿
＿＿＿＿＿＿＿＿＿＿
＿＿＿＿＿＿＿＿＿＿
＿＿＿＿＿＿＿＿＿＿
＿＿＿＿＿＿＿＿＿＿
＿＿＿■■＿＿＿＿＿
＿＿＿■■＿＿＿＿＿
＿＿□□□□＿＿＿＿
＿＿□□□□＿＿＿＿
＿□□□□□＿＿＿＿
□□□□□□□□□＿
□□□□□□□□□＿
□□□□□□□□＿□
□□□□□□＿□＿□
□□□□□□□□□＿
□□□□□□□□□＿
00:47:13(84999f):field(84998f)
＿＿＿＿＿＿＿＿＿＿
＿＿＿＿＿＿＿＿＿＿
＿＿＿＿＿＿＿＿＿＿
＿＿＿＿＿＿＿＿＿＿
＿＿＿＿＿＿＿＿＿＿
＿＿＿＿＿＿＿＿＿＿
＿＿＿＿＿＿＿＿＿＿
＿＿＿＿＿＿＿＿＿＿
＿＿＿＿＿＿＿＿＿＿
＿＿＿□□＿＿＿＿＿
＿＿＿□□＿＿＿＿＿
＿■□□□□＿＿＿＿
■■□□□□＿＿＿＿
■□□□□□＿＿＿＿
□□□□□□□□□＿
□□□□□□□□□＿
□□□□□□□□＿□
□□□□□□＿□＿□
□□□□□□□□□＿
□□□□□□□□□＿
00:47:13(85012f):field(85011f)
＿＿＿＿＿＿＿＿＿＿
＿＿＿＿＿＿＿＿＿＿
＿＿＿＿＿＿＿＿＿＿
＿＿＿＿＿＿＿＿＿＿
＿＿＿＿＿＿＿＿＿＿
＿＿＿＿＿＿＿＿＿＿
＿＿＿＿＿＿＿＿＿＿
＿＿＿＿＿＿＿＿＿＿
＿＿＿＿＿＿＿＿＿＿
■＿＿□□＿＿＿＿＿
■■＿□□＿＿＿＿＿
■□□□□□＿＿＿＿
□□□□□□＿＿＿＿
□□□□□□＿＿＿＿
□□□□□□□□□＿
□□□□□□□□□＿
□□□□□□□□＿□
□□□□□□＿□＿□
□□□□□□□□□＿
□□□□□□□□□＿
00:47:14(85024f):field(85023f)
＿＿＿＿＿＿＿＿＿＿
＿＿＿＿＿＿＿＿＿＿
＿＿＿＿＿＿＿＿＿＿
＿＿＿＿＿＿＿＿＿＿
＿＿＿＿＿＿＿＿＿＿
＿＿＿＿＿＿＿＿＿＿
＿＿＿＿＿＿＿＿＿＿
＿＿＿＿＿＿＿＿＿＿
＿＿＿＿■■＿＿＿＿
□＿＿□□■＿＿＿＿
□□＿□□■＿＿＿＿
□□□□□□＿＿＿＿
□□□□□□＿＿＿＿
□□□□□□＿＿＿＿
□□□□□□□□□＿
□□□□□□□□□＿
□□□□□□□□＿□
□□□□□□＿□＿□
□□□□□□□□□＿
□□□□□□□□□＿
00:47:14(85039f):field(85038f)
＿＿＿＿＿＿＿＿＿＿
＿＿＿＿＿＿＿＿＿＿
＿＿＿＿＿＿＿＿＿＿
＿＿＿＿＿＿＿＿＿＿
＿＿＿＿＿＿＿＿＿＿
＿＿＿＿＿＿＿＿＿＿
＿＿＿＿＿＿＿＿＿＿
＿＿＿＿＿＿＿＿＿＿
＿＿＿＿□□＿＿＿＿
□＿＿□□□＿＿＿＿
□□＿□□□■＿＿＿
□□□□□□■＿＿＿
□□□□□□■＿＿＿
□□□□□□■＿＿＿
□□□□□□□□□＿
□□□□□□□□□＿
□□□□□□□□＿□
□□□□□□＿□＿□
□□□□□□□□□＿
□□□□□□□□□＿
00:47:15(85052f):field(85051f)
＿＿＿＿＿＿＿＿＿＿
＿＿＿＿＿＿＿＿＿＿
＿＿＿＿＿＿＿＿＿＿
＿＿＿＿＿＿＿＿＿＿
＿＿＿＿＿＿＿＿＿＿
＿＿＿＿＿＿＿＿＿＿
＿＿＿＿＿＿＿＿＿＿
＿＿＿＿＿＿＿＿＿＿
＿＿■■□□＿＿＿＿
□＿■□□□＿＿＿＿
□□■□□□□＿＿＿
□□□□□□□＿＿＿
□□□□□□□＿＿＿
□□□□□□□＿＿＿
□□□□□□□□□＿
□□□□□□□□□＿
□□□□□□□□＿□
□□□□□□＿□＿□
□□□□□□□□□＿
□□□□□□□□□＿
00:47:15(85064f):field(85063f)
＿＿＿＿＿＿＿＿＿＿
＿＿＿＿＿＿＿＿＿＿
＿＿＿＿＿＿＿＿＿＿
＿＿＿＿＿＿＿＿＿＿
＿＿＿＿＿＿＿＿＿＿
＿＿＿＿＿＿＿＿＿＿
＿＿＿＿＿＿＿＿＿＿
■＿＿＿＿＿＿＿＿＿
■■□□□□＿＿＿＿
□■□□□□＿＿＿＿
□□□□□□□＿＿＿
□□□□□□□＿＿＿
□□□□□□□＿＿＿
□□□□□□□＿＿＿
□□□□□□□□□＿
□□□□□□□□□＿
□□□□□□□□＿□
□□□□□□＿□＿□
□□□□□□□□□＿
□□□□□□□□□＿
00:47:15(85076f):field(85075f)
＿＿＿＿＿＿＿＿＿＿
＿＿＿＿＿＿＿＿＿＿
＿＿＿＿＿＿＿＿＿＿
＿＿＿＿＿＿＿＿＿＿
＿＿＿＿＿＿＿＿＿＿
＿＿＿＿＿＿＿＿＿＿
■■＿＿＿＿＿＿＿＿
□■■＿＿＿＿＿＿＿
□□□□□□＿＿＿＿
□□□□□□＿＿＿＿
□□□□□□□＿＿＿
□□□□□□□＿＿＿
□□□□□□□＿＿＿
□□□□□□□＿＿＿
□□□□□□□□□＿
□□□□□□□□□＿
□□□□□□□□＿□
□□□□□□＿□＿□
□□□□□□□□□＿
□□□□□□□□□＿
00:47:16(85090f):field(85089f)
＿＿＿＿＿＿＿＿＿＿
＿＿＿＿＿＿＿＿＿＿
＿＿＿＿＿＿＿＿＿＿
＿＿＿＿＿＿＿＿＿＿
＿＿＿＿＿＿＿＿＿＿
＿＿＿＿＿＿＿＿＿＿
◆◆＿＿＿＿＿＿＿＿
□□◆＿＿＿＿＿＿＿
□□□◆◆◆＿＿＿＿
□□□□□□＿＿＿＿
□□□□□□◆＿＿＿
□□□□□□□＿＿＿
□□□□□□□＿■＿
□□□□□□□■＿■
□□□□□□□□□＿
□□□□□□□□□■
□□□□□□□□＿□
□□□□□□＿□＿□
□□□□□□□□□＿
□□□□□□□□□＿
00:47:16(85108f):field(85107f)
＿＿＿＿＿＿＿＿＿＿
＿＿＿＿＿＿＿＿＿＿
＿＿＿＿＿＿＿＿＿＿
＿＿＿＿＿＿＿＿＿＿
＿＿＿＿＿＿＿＿＿＿
＿＿＿＿＿＿＿＿＿＿
＿＿＿＿＿＿＿＿＿＿
□□＿＿＿＿＿＿＿＿
□□□＿＿＿＿＿＿＿
□□□□□□＿＿＿＿
□□□□□□＿＿＿＿
□□□□□□□＿■＿
□□□□□□□＿□■
□□□□□□□◆■□
□□□□□□□□□＿
□□□□□□□□□◆
□□□□□□□□＿□
□□□□□□＿□＿□
□□□□□□□□□＿
□□□□□□□□□＿
00:47:17(85122f):field(85121f)
＿＿＿＿＿＿＿＿＿＿
＿＿＿＿＿＿＿＿＿＿
＿＿＿＿＿＿＿＿＿＿
＿＿＿＿＿＿＿＿＿＿
＿＿＿＿＿＿＿＿＿＿
＿＿＿＿＿＿＿＿＿＿
＿＿＿＿＿＿＿＿＿＿
□□■■＿＿＿＿＿＿
□□□■■＿＿＿＿＿
□□□□□□＿＿＿＿
□□□□□□＿＿＿＿
□□□□□□□＿□＿
□□□□□□□＿□□
□□□□□□□＿□□
□□□□□□□□□＿
□□□□□□□□□＿
□□□□□□□□＿□
□□□□□□＿□＿□
□□□□□□□□□＿
□□□□□□□□□＿
00:47:17(85133f):field(85132f)
＿＿＿＿＿＿＿＿＿＿
＿＿＿＿＿＿＿＿＿＿
＿＿＿＿＿＿＿＿＿＿
＿＿＿＿＿＿＿＿＿＿
＿＿＿＿＿＿＿＿＿＿
＿＿＿＿＿＿＿＿＿＿
＿＿＿＿■■＿＿＿＿
□□□□■■＿＿＿＿
□□□□□＿＿＿＿＿
□□□□□□＿＿＿＿
□□□□□□＿＿＿＿
□□□□□□□＿□＿
□□□□□□□＿□□
□□□□□□□＿□□
□□□□□□□□□＿
□□□□□□□□□＿
□□□□□□□□＿□
□□□□□□＿□＿□
□□□□□□□□□＿
□□□□□□□□□＿
00:47:18(85148f):field(85147f)
＿＿＿＿＿＿＿＿＿＿
＿＿＿＿＿＿＿＿＿＿
＿＿＿＿＿＿＿＿＿＿
＿＿＿＿＿＿＿＿＿＿
＿＿＿＿＿＿＿＿＿＿
＿＿＿＿＿＿＿＿＿＿
＿＿＿＿◆◆＿＿＿＿
◆◆◆◆◆◆＿＿＿＿
◆◆◆◆□■＿＿＿＿
□□□□□□＿＿＿＿
□□□□□◆＿＿＿＿
□□□□□□◆＿◆＿
□□□□□□◆■◆◆
□□□□□□□■□◆
□□□□□□□□□＿
□□□□□□□□□■
□□□□□□□□＿□
□□□□□□＿□＿□
□□□□□□□□□＿
□□□□□□□□□＿
00:47:18(85160f):field(85159f)
＿＿＿＿＿＿＿＿＿＿
＿＿＿＿＿＿＿＿＿＿
＿＿＿＿＿＿＿＿＿＿
＿＿＿＿＿＿＿＿＿＿
＿＿＿＿＿＿＿＿＿＿
＿＿＿＿＿＿＿＿＿＿
＿＿＿＿＿＿＿＿＿＿
■＿＿＿＿＿＿＿＿＿
■■■＿□□＿＿＿＿
□□□□□□＿＿＿＿
□□□□□＿＿＿＿＿
□□□□□□＿＿＿＿
□□□□□□＿□＿＿
□□□□□□□□□＿
□□□□□□□□□＿
□□□□□□□□□◆
□□□□□□□□＿□
□□□□□□＿□＿□
□□□□□□□□□＿
□□□□□□□□□＿
00:47:19(85172f):field(85171f)
＿＿＿＿＿＿＿＿＿＿
＿＿＿＿＿＿＿＿＿＿
＿＿＿＿＿＿＿＿＿＿
＿＿＿＿＿＿＿＿＿＿
＿＿＿＿＿＿＿＿＿＿
＿＿＿＿＿＿＿＿＿＿
＿＿■＿＿＿＿＿＿＿
□＿■■＿＿＿＿＿＿
□□□■□□＿＿＿＿
□□□□□□＿＿＿＿
□□□□□＿＿＿＿＿
□□□□□□＿＿＿＿
□□□□□□＿□＿＿
□□□□□□□□□＿
□□□□□□□□□＿
□□□□□□□□□＿
□□□□□□□□＿□
□□□□□□＿□＿□
□□□□□□□□□＿
□□□□□□□□□＿
00:47:19(85181f):field(85180f)
＿＿＿＿＿＿＿＿＿＿
＿＿＿＿＿＿＿＿＿＿
＿＿＿＿＿＿＿＿＿＿
＿＿＿＿＿＿＿＿＿＿
＿＿＿＿＿＿＿＿＿＿
＿＿＿＿＿＿＿＿＿＿
＿＿□■■＿＿＿＿＿
□＿□□■■＿＿＿＿
□□□□□□＿＿＿＿
□□□□□□＿＿＿＿
□□□□□＿＿＿＿＿
□□□□□□＿＿＿＿
□□□□□□＿□＿＿
□□□□□□□□□＿
□□□□□□□□□＿
□□□□□□□□□＿
□□□□□□□□＿□
□□□□□□＿□＿□
□□□□□□□□□＿
□□□□□□□□□＿
00:47:20(85202f):field(85201f)
＿＿＿＿＿＿＿＿＿＿
＿＿＿＿＿＿＿＿＿＿
＿＿＿＿＿＿＿＿＿＿
＿＿＿＿＿＿＿＿＿＿
＿＿＿＿＿＿＿＿＿＿
＿■＿＿＿＿＿＿＿＿
■■□□□＿＿＿＿＿
□■□□□□＿＿＿＿
□□□□□□＿＿＿＿
□□□□□□＿＿＿＿
□□□□□＿＿＿＿＿
□□□□□□＿＿＿＿
□□□□□□＿□＿＿
□□□□□□□□□＿
□□□□□□□□□＿
□□□□□□□□□＿
□□□□□□□□＿□
□□□□□□＿□＿□
□□□□□□□□□＿
□□□□□□□□□＿
00:47:20(85213f):field(85212f)
＿＿＿＿＿＿＿＿＿＿
＿＿＿＿＿＿＿＿＿＿
＿＿＿＿＿＿＿＿＿＿
＿＿＿＿＿＿＿＿＿＿
＿＿■■＿＿＿＿＿＿
＿□■■＿＿＿＿＿＿
□□□□□＿＿＿＿＿
□□□□□□＿＿＿＿
□□□□□□＿＿＿＿
□□□□□□＿＿＿＿
□□□□□＿＿＿＿＿
□□□□□□＿＿＿＿
□□□□□□＿□＿＿
□□□□□□□□□＿
□□□□□□□□□＿
□□□□□□□□□＿
□□□□□□□□＿□
□□□□□□＿□＿□
□□□□□□□□□＿
□□□□□□□□□＿
00:47:20(85227f):field(85226f)
＿＿＿＿＿＿＿＿＿＿
＿＿＿＿＿＿＿＿＿＿
＿＿＿＿＿＿＿＿＿＿
＿＿＿＿＿＿＿＿＿＿
＿＿◆◆＿＿＿＿＿＿
＿◆□□＿＿＿＿＿＿
◆□□□◆＿＿＿＿＿
□□□□□◆＿＿＿＿
□□□□□□＿＿＿＿
□□□□□□＿＿＿＿
□□□□□■＿＿＿＿
□□□□□□＿＿＿＿
□□□□□□＿□＿＿
□□□□□□□□□＿
□□□□□□□□□＿
□□□□□□□□□＿
□□□□□□□□＿□
□□□□□□＿□＿□
□□□□□□□□□＿
□□□□□□□□□＿
00:47:21(85242f):field(85241f)
＿＿＿＿＿＿＿＿＿＿
＿＿＿＿＿＿＿＿＿＿
＿＿＿＿＿＿＿＿＿＿
＿＿＿＿＿＿＿＿＿＿
＿＿＿＿＿＿＿＿＿＿
＿＿□□■＿＿＿＿＿
＿□□□■■＿＿＿＿
□□□□□■＿＿＿＿
□□□□□□＿＿＿＿
□□□□□□＿＿＿＿
□□□□□□＿＿＿＿
□□□□□◆＿＿＿＿
□□□□□□＿□＿＿
□□□□□□□□□＿
□□□□□□□□□＿
□□□□□□□□□＿
□□□□□□□□＿□
□□□□□□＿□＿□
□□□□□□□□□＿
□□□□□□□□□＿
00:47:21(85252f):field(85251f)
＿＿＿＿＿＿＿＿＿＿
＿＿＿＿＿＿＿＿＿＿
＿＿＿＿＿＿＿＿＿＿
＿＿＿＿＿＿＿＿＿＿
＿＿＿■■■＿＿＿＿
＿＿□□□■＿＿＿＿
＿□□□□□＿＿＿＿
□□□□□□＿＿＿＿
□□□□□□＿＿＿＿
□□□□□□＿＿＿＿
□□□□□□＿＿＿＿
□□□□□＿＿＿＿＿
□□□□□□＿□＿＿
□□□□□□□□□＿
□□□□□□□□□＿
□□□□□□□□□＿
□□□□□□□□＿□
□□□□□□＿□＿□
□□□□□□□□□＿
□□□□□□□□□＿
00:47:22(85265f):field(85264f)
＿＿＿＿＿＿＿＿＿＿
＿＿＿＿＿＿＿＿＿＿
＿＿＿＿＿＿＿＿＿＿
＿＿■■■＿＿＿＿＿
＿＿■□□□＿＿＿＿
＿＿□□□□＿＿＿＿
＿□□□□□＿＿＿＿
□□□□□□＿＿＿＿
□□□□□□＿＿＿＿
□□□□□□＿＿＿＿
□□□□□□＿＿＿＿
□□□□□＿＿＿＿＿
□□□□□□＿□＿＿
□□□□□□□□□＿
□□□□□□□□□＿
□□□□□□□□□＿
□□□□□□□□＿□
□□□□□□＿□＿□
□□□□□□□□□＿
□□□□□□□□□＿
00:47:22(85278f):field(85277f)
＿＿＿＿＿＿＿＿＿＿
＿＿＿＿＿＿＿＿＿＿
＿＿＿＿＿＿＿＿＿＿
＿＿□□□＿＿＿＿＿
＿■□□□□＿＿＿＿
■■□□□□＿＿＿＿
■□□□□□＿＿＿＿
□□□□□□＿＿＿＿
□□□□□□＿＿＿＿
□□□□□□＿＿＿＿
□□□□□□＿＿＿＿
□□□□□＿＿＿＿＿
□□□□□□＿□＿＿
□□□□□□□□□＿
□□□□□□□□□＿
□□□□□□□□□＿
□□□□□□□□＿□
□□□□□□＿□＿□
□□□□□□□□□＿
□□□□□□□□□＿
00:47:23(85292f):field(85291f)
＿＿＿＿＿＿＿＿＿＿
＿＿＿＿＿＿＿＿＿＿
＿＿＿＿＿＿＿＿＿＿
＿＿□□□＿＿＿＿＿
＿□□□□□＿＿＿＿
□□□□□□＿＿＿＿
□□□□□□＿＿＿＿
□□□□□□＿＿＿＿
□□□□□□＿＿＿＿
□□□□□□＿＿＿＿
□□□□□□＿＿＿＿
□□□□□＿＿＿■■
□□□□□□＿□■■
□□□□□□□□□＿
□□□□□□□□□＿
□□□□□□□□□＿
□□□□□□□□＿□
□□□□□□＿□＿□
□□□□□□□□□＿
□□□□□□□□□＿
00:47:23(85307f):field(85306f)
＿＿＿＿＿＿＿＿＿＿
＿＿＿＿＿＿＿＿＿＿
＿＿＿＿＿＿＿＿＿＿
＿＿◆◆◆＿＿＿＿＿
＿◆□□□◆＿＿＿＿
◆□□□□□＿＿＿＿
□□□□□□＿＿＿＿
□□□□□□＿＿＿＿
□□□□□□＿＿＿＿
□□□□□□＿＿＿＿
□□□□□□■＿＿＿
□□□□□■■＿◆◆
□□□□□◆■□□□
□□□□□□□□□＿
□□□□□□□□□＿
□□□□□□□□□＿
□□□□□□□□＿□
□□□□□□＿□＿□
□□□□□□□□□＿
□□□□□□□□□＿
00:47:24(85323f):field(85322f)
＿＿＿＿＿＿＿＿＿＿
＿＿＿＿＿＿＿＿＿＿
＿＿＿＿＿＿＿＿＿＿
＿＿＿＿＿＿＿＿＿＿
＿＿□□□＿＿＿＿＿
＿□□□□□＿＿＿＿
□□□□□□＿＿＿＿
□□□□□□＿＿＿＿
□□□□□□＿＿＿＿
□□□□□□＿＿＿＿
□□□□□□□■＿＿
□□□□□□□■■＿
□□□□□＿□□□□
□□□□□□□□□＿
□□□□□□□□□＿
□□□□□□□□□＿
□□□□□□□□＿□
□□□□□□＿□＿□
□□□□□□□□□＿
□□□□□□□□□＿
00:47:24(85338f):field(85337f)
＿＿＿＿＿＿＿＿＿＿
＿＿＿＿＿＿＿＿＿＿
＿＿＿＿＿＿＿＿＿＿
＿＿＿＿＿＿＿＿＿＿
＿＿□□□＿＿＿＿＿
＿□□□□□＿＿＿＿
□□□□□□＿＿＿＿
□□□□□□＿＿＿＿
□□□□□□＿＿＿＿
□□□□□□■■■＿
□□□□□□□□■＿
□□□□□□□□□＿
□□□□□＿□□□□
□□□□□□□□□＿
□□□□□□□□□＿
□□□□□□□□□＿
□□□□□□□□＿□
□□□□□□＿□＿□
□□□□□□□□□＿
□□□□□□□□□＿
00:47:25(85350f):field(85349f)
＿＿＿＿＿＿＿＿＿＿
＿＿＿＿＿＿＿＿＿＿
＿＿＿＿＿＿＿＿＿＿
＿■＿＿＿＿＿＿＿＿
■■□□□＿＿＿＿＿
■□□□□□＿＿＿＿
□□□□□□＿＿＿＿
□□□□□□＿＿＿＿
□□□□□□＿＿＿＿
□□□□□□□□□＿
□□□□□□□□□＿
□□□□□□□□□＿
□□□□□＿□□□□
□□□□□□□□□＿
□□□□□□□□□＿
□□□□□□□□□＿
□□□□□□□□＿□
□□□□□□＿□＿□
□□□□□□□□□＿
□□□□□□□□□＿
00:47:25(85364f):field(85363f)
＿＿＿＿＿＿＿＿＿＿
＿＿＿＿＿＿＿＿＿＿
＿＿＿＿＿＿＿＿＿＿
＿□＿＿＿＿＿＿＿＿
□□□□□＿＿＿＿＿
□□□□□□＿＿＿＿
□□□□□□＿＿＿＿
□□□□□□■■＿＿
□□□□□□■■＿＿
□□□□□□□□□＿
□□□□□□□□□＿
□□□□□□□□□＿
□□□□□＿□□□□
□□□□□□□□□＿
□□□□□□□□□＿
□□□□□□□□□＿
□□□□□□□□＿□
□□□□□□＿□＿□
□□□□□□□□□＿
□□□□□□□□□＿
00:47:25(85376f):field(85375f)
＿＿＿＿＿＿＿＿＿＿
＿＿＿＿＿＿＿＿＿＿
＿＿＿＿＿＿＿＿＿＿
＿◆＿＿＿＿＿＿＿＿
◆◆◆◆◆＿＿＿＿＿
◆◆◆◆◆◆＿＿＿＿
◆□◆◆◆◆＿＿＿＿
□□□□□◆◆◆＿＿
□□□□□□◆◆■＿
□□□□□□◆□◆＿
□□□□□□□□□＿
□□□□□□□□◆■
□□□□□■□□□□
□□□□□□□□□＿
□□□□□□□□□＿
□□□□□□□□□＿
□□□□□□□□＿□
□□□□□□＿□＿□
□□□□□□□□□＿
□□□□□□□□□＿
00:47:26(85391f):field(85390f)
＿＿＿＿＿＿＿＿＿＿
＿＿＿＿＿＿＿＿＿＿
＿＿＿＿＿＿＿＿＿＿
＿＿＿＿＿＿＿＿＿＿
＿＿＿＿＿＿＿＿＿＿
＿＿＿■＿＿＿＿＿＿
＿□■■■＿＿＿＿＿
□□□□□＿＿＿＿＿
□□□□□□＿＿◆＿
□□□□□□＿◆＿＿
□□□□□□□□◆＿
□□□□□□□□＿□
□□□□□◆□□□□
□□□□□□□□□＿
□□□□□□□□□＿
□□□□□□□□□＿
□□□□□□□□＿□
□□□□□□＿□＿□
□□□□□□□□□＿
□□□□□□□□□＿
00:47:26(85407f):field(85406f)
＿＿＿＿＿＿＿＿＿＿
＿＿＿＿＿＿＿＿＿＿
＿＿＿＿＿＿＿＿＿＿
＿＿＿＿＿＿＿＿＿＿
＿＿＿＿＿＿＿＿＿＿
＿＿＿◆＿＿＿＿＿＿
＿◆◆□◆＿＿＿＿＿
◆□□□□＿＿＿＿＿
□□□□□◆＿＿＿＿
□□□□□□＿■＿■
□□□□□□□◆■■
□□□□□□□□■□
□□□□□＿□□□□
□□□□□□□□□＿
□□□□□□□□□＿
□□□□□□□□□＿
□□□□□□□□＿□
□□□□□□＿□＿□
□□□□□□□□□＿
□□□□□□□□□＿
00:47:27(85420f):field(85419f)
＿＿＿＿＿＿＿＿＿＿
＿＿＿＿＿＿＿＿＿＿
＿＿＿＿＿＿＿＿＿＿
＿＿＿＿＿＿＿＿＿＿
＿＿＿＿＿＿＿＿＿＿
＿＿＿＿＿＿＿＿＿＿
＿＿＿◆＿＿＿＿＿＿
＿◆◆□◆＿＿＿＿＿
◆□□□□＿＿＿＿＿
□□□□□◆＿◆＿◆
□□□□□□◆■◆□
□□□□□□◆□□□
□□□□□＿□□□□
□□□□□□□□□＿
□□□□□□□□□＿
□□□□□□□□□＿
□□□□□□□□＿□
□□□□□□＿□＿□
□□□□□□□□□＿
□□□□□□□□□＿
00:47:27(85435f):field(85434f)
＿＿＿＿＿＿＿＿＿＿
＿＿＿＿＿＿＿＿＿＿
＿＿＿＿＿＿＿＿＿＿
＿＿＿＿＿＿＿＿＿＿
＿＿＿＿＿＿＿＿＿＿
＿＿＿＿＿＿＿＿＿＿
＿＿＿＿＿＿＿＿＿＿
■■■□＿＿＿＿＿＿
■□□□□＿＿＿＿＿
□□□□□＿＿＿＿＿
□□□□□□＿□＿□
□□□□□□＿□□□
□□□□□＿□□□□
□□□□□□□□□＿
□□□□□□□□□＿
□□□□□□□□□＿
□□□□□□□□＿□
□□□□□□＿□＿□
□□□□□□□□□＿
□□□□□□□□□＿
00:47:28(85444f):field(85443f)
＿＿＿＿＿＿＿＿＿＿
＿＿＿＿＿＿＿＿＿＿
＿＿＿＿＿＿＿＿＿＿
＿＿＿＿＿＿＿＿＿＿
＿＿＿＿＿＿＿＿＿＿
＿＿＿＿＿＿＿＿＿＿
＿＿＿＿■■＿＿＿＿
□□□□■■＿＿＿＿
□□□□□＿＿＿＿＿
□□□□□＿＿＿＿＿
□□□□□□＿□＿□
□□□□□□＿□□□
□□□□□＿□□□□
□□□□□□□□□＿
□□□□□□□□□＿
□□□□□□□□□＿
□□□□□□□□＿□
□□□□□□＿□＿□
□□□□□□□□□＿
□□□□□□□□□＿
00:47:28(85467f):field(85466f)
＿＿＿＿＿＿＿＿＿＿
＿＿＿＿＿＿＿＿＿＿
＿＿＿＿＿＿＿＿＿＿
＿＿＿＿＿＿＿＿＿＿
＿＿＿＿＿＿＿＿＿＿
＿＿＿＿＿＿＿＿＿＿
＿＿＿＿□□＿＿＿＿
□□□□□□＿＿＿＿
□□□□□＿＿＿■＿
□□□□□＿＿＿■■
□□□□□□＿□■□
□□□□□□＿□□□
□□□□□＿□□□□
□□□□□□□□□＿
□□□□□□□□□＿
□□□□□□□□□＿
□□□□□□□□＿□
□□□□□□＿□＿□
□□□□□□□□□＿
□□□□□□□□□＿
00:47:29(85486f):field(85485f)
＿＿＿＿＿＿＿＿＿＿
＿＿＿＿＿＿＿＿＿＿
＿＿＿＿＿＿＿＿＿＿
＿＿＿＿＿＿＿＿＿＿
＿＿＿＿＿＿＿＿＿＿
■＿＿＿＿＿＿＿＿＿
■■■＿□□＿＿＿＿
□□□□□□＿＿＿＿
□□□□□＿＿＿□＿
□□□□□＿＿＿□□
□□□□□□＿□□□
□□□□□□＿□□□
□□□□□＿□□□□
□□□□□□□□□＿
□□□□□□□□□＿
□□□□□□□□□＿
□□□□□□□□＿□
□□□□□□＿□＿□
□□□□□□□□□＿
□□□□□□□□□＿
00:47:30(85500f):field(85499f)
＿＿＿＿＿＿＿＿＿＿
＿＿＿＿＿＿＿＿＿＿
＿＿＿＿＿＿＿＿＿＿
■＿＿＿＿＿＿＿＿＿
■■＿＿＿＿＿＿＿＿
□■＿＿＿＿＿＿＿＿
□□□＿□□＿＿＿＿
□□□□□□＿＿＿＿
□□□□□＿＿＿□＿
□□□□□＿＿＿□□
□□□□□□＿□□□
□□□□□□＿□□□
□□□□□＿□□□□
□□□□□□□□□＿
□□□□□□□□□＿
□□□□□□□□□＿
□□□□□□□□＿□
□□□□□□＿□＿□
□□□□□□□□□＿
□□□□□□□□□＿
00:47:30(85513f):field(85512f)
＿＿＿＿＿＿＿＿＿＿
＿＿＿＿＿＿＿＿＿＿
＿＿＿＿＿＿＿＿＿＿
□＿＿＿＿＿＿＿＿＿
□□＿＿＿＿＿＿＿＿
□□＿＿＿＿＿＿＿＿
□□□＿□□＿＿＿＿
□□□□□□＿＿＿＿
□□□□□■■■□＿
□□□□□■＿＿□□
□□□□□□＿□□□
□□□□□□＿□□□
□□□□□＿□□□□
□□□□□□□□□＿
□□□□□□□□□＿
□□□□□□□□□＿
□□□□□□□□＿□
□□□□□□＿□＿□
□□□□□□□□□＿
□□□□□□□□□＿
00:47:30(85526f):field(85525f)
＿＿＿＿＿＿＿＿＿＿
＿＿＿＿＿＿＿＿＿＿
＿＿＿＿＿＿＿＿＿＿
◆＿＿＿＿＿＿＿＿＿
□◆＿＿＿＿＿＿＿＿
□□＿＿＿＿＿＿＿＿
□□◆＿◆◆＿＿＿■
□□□◆□□＿＿＿■
□□□□□□◆□□■
□□□□□□＿＿□□
□□□□□□＿□□□
□□□□□□＿□□□
□□□□□＿□□□□
□□□□□□□□□＿
□□□□□□□□□＿
□□□□□□□□□＿
□□□□□□□□＿□
□□□□□□＿□＿□
□□□□□□□□□＿
□□□□□□□□□＿
00:47:31(85539f):field(85538f)
＿＿＿＿＿＿＿＿＿＿
＿＿＿＿＿＿＿＿＿＿
＿＿＿＿＿＿＿＿＿＿
＿＿＿＿＿＿＿＿＿＿
◆＿＿＿＿＿＿＿＿＿
◆◆＿＿＿＿＿＿＿＿
□◆＿＿＿＿＿＿＿◆
□□◆＿◆◆＿＿＿◆
□□□◆◆◆＿◆◆□
□□□□□□■＿□□
□□□□□□■□◆□
□□□□□□■□□□
□□□□□■□□□□
□□□□□□□□□＿
□□□□□□□□□＿
□□□□□□□□□＿
□□□□□□□□＿□
□□□□□□＿□＿□
□□□□□□□□□＿
□□□□□□□□□＿
00:47:31(85553f):field(85552f)
＿＿＿＿＿＿＿＿＿＿
＿＿＿＿＿＿＿＿＿＿
＿＿＿＿＿＿＿＿＿＿
＿＿＿＿＿＿＿＿＿＿
＿＿＿＿＿＿＿＿＿＿
＿＿＿＿＿＿＿＿＿＿
◆＿＿＿＿＿＿＿＿＿
□◆＿＿＿＿＿＿＿＿
□□◆＿＿＿＿＿＿◆
□□◆◆◆□◆＿◆□
□□□□□□□□＿□
□□□□□□◆□□□
□□□□□◆□□□□
□□□□□□□□□＿
□□□□□□□□□＿
□□□□□□□□□＿
□□□□□□□□＿□
□□□□□□＿□＿□
□□□□□□□□□＿
□□□□□□□□□＿
00:47:32(85566f):field(85565f)
＿＿＿＿＿＿＿＿＿＿
＿＿＿＿＿＿＿＿＿＿
＿＿＿＿＿＿＿＿＿＿
＿＿＿＿＿＿＿＿＿＿
＿＿＿＿＿＿＿＿＿＿
＿＿＿＿＿＿＿＿＿＿
＿＿＿＿＿＿＿＿＿＿
□＿＿＿＿＿＿＿＿＿
□□＿＿＿＿＿＿＿＿
□□＿＿＿◆■■■□
□□□◆□□□□■□
□□□□□□＿□□□
□□□□□＿□□□□
□□□□□□□□□＿
□□□□□□□□□＿
□□□□□□□□□＿
□□□□□□□□＿□
□□□□□□＿□＿□
□□□□□□□□□＿
□□□□□□□□□＿
00:47:32(85580f):field(85579f)
＿＿＿＿＿＿＿＿＿＿
＿＿＿＿＿＿＿＿＿＿
＿＿＿＿＿＿＿＿＿＿
＿＿＿＿＿＿＿＿＿＿
＿＿＿＿＿＿＿＿＿＿
＿＿＿＿＿＿＿＿＿＿
＿＿＿＿＿＿＿＿＿＿
◆＿＿＿＿＿＿＿＿＿
□◆＿＿＿＿＿＿＿＿
□□＿＿■＿◆□◆◆
□□◆■□◆□□□□
□□□□□□■□□□
□□□□□＿□□□□
□□□□□□□□□＿
□□□□□□□□□＿
□□□□□□□□□＿
□□□□□□□□＿□
□□□□□□＿□＿□
□□□□□□□□□＿
□□□□□□□□□＿
00:47:33(85591f):field(85590f)
＿＿＿＿＿＿＿＿＿＿
＿＿＿＿＿＿＿＿＿＿
＿＿＿＿＿＿＿＿＿＿
＿＿＿＿＿＿＿＿＿＿
＿＿＿＿＿＿＿＿＿＿
＿＿＿＿＿＿＿＿＿＿
＿＿＿＿＿＿＿＿＿＿
＿＿＿＿＿＿＿＿＿＿
□＿＿＿■■＿＿＿＿
□□＿＿□■＿◆＿＿
□□＿□□■□□□□
□□□□□□◆□□□
□□□□□＿□□□□
□□□□□□□□□＿
□□□□□□□□□＿
□□□□□□□□□＿
□□□□□□□□＿□
□□□□□□＿□＿□
□□□□□□□□□＿
□□□□□□□□□＿
00:47:33(85605f):field(85604f)
＿＿＿＿＿＿＿＿＿＿
＿＿＿＿＿＿＿＿＿＿
＿＿＿＿＿＿＿＿＿＿
＿＿＿＿＿＿＿＿＿＿
＿＿＿＿＿＿＿＿＿＿
＿＿＿＿＿＿＿＿＿＿
＿＿＿＿＿＿＿＿＿＿
＿＿＿＿＿＿＿＿＿＿
◆＿＿＿◆◆＿＿＿＿
□◆■＿□□＿■＿＿
□□■□□□□◆□◆
□□□□□□＿□□□
□□□□□＿□□□□
□□□□□□□□□＿
□□□□□□□□□＿
□□□□□□□□□＿
□□□□□□□□＿□
□□□□□□＿□＿□
□□□□□□□□□＿
□□□□□□□□□＿
00:47:34(85622f):field(85621f)
＿＿＿＿＿＿＿＿＿＿
＿＿＿＿＿＿＿＿＿＿
＿＿＿＿＿＿＿＿＿＿
＿＿＿＿＿＿＿＿＿＿
＿＿＿＿＿＿＿＿＿＿
＿＿＿＿＿＿＿＿＿＿
＿＿＿＿＿＿＿＿＿＿
■＿＿＿＿＿＿＿＿＿
■■＿＿＿＿＿＿＿＿
□■□＿□□＿◆＿＿
□□□□□□◆＿◆＿
□□□□□□＿□□□
□□□□□＿□□□□
□□□□□□□□□＿
□□□□□□□□□＿
□□□□□□□□□＿
□□□□□□□□＿□
□□□□□□＿□＿□
□□□□□□□□□＿
□□□□□□□□□＿
00:47:34(85634f):field(85633f)
＿＿＿＿＿＿＿＿＿＿
＿＿＿＿＿＿＿＿＿＿
＿＿＿＿＿＿＿＿＿＿
＿＿＿＿＿＿＿＿＿＿
＿＿＿＿＿＿＿＿＿＿
＿＿＿＿＿＿＿＿＿＿
＿＿＿＿＿＿＿＿＿＿
□＿＿＿＿＿＿＿＿＿
□□＿＿＿＿＿＿＿＿
□□□＿□□＿＿■■
□□□□□□＿＿■■
□□□□□□＿□□□
□□□□□＿□□□□
□□□□□□□□□＿
□□□□□□□□□＿
□□□□□□□□□＿
□□□□□□□□＿□
□□□□□□＿□＿□
□□□□□□□□□＿
□□□□□□□□□＿
00:47:34(85645f):field(85644f)
＿＿＿＿＿＿＿＿＿＿
＿＿＿＿＿＿＿＿＿＿
＿＿＿＿＿＿＿＿＿＿
＿＿＿＿＿＿＿＿＿＿
＿＿＿＿＿＿＿＿＿＿
＿＿＿＿＿＿＿＿＿＿
＿＿＿＿＿＿＿＿＿＿
◆＿＿＿＿＿＿＿＿＿
□◆＿＿＿＿＿＿＿＿
□□◆＿◆◆■＿◆◆
□□□◆□□■＿□□
□□□□□□■□□□
□□□□□■□□□□
□□□□□□□□□＿
□□□□□□□□□＿
□□□□□□□□□＿
□□□□□□□□＿□
□□□□□□＿□＿□
□□□□□□□□□＿
□□□□□□□□□＿
00:47:35(85657f):field(85656f)
＿＿＿＿＿＿＿＿＿＿
＿＿＿＿＿＿＿＿＿＿
＿＿＿＿＿＿＿＿＿＿
＿＿＿＿＿＿＿＿＿＿
＿＿＿＿＿＿＿＿＿＿
＿＿＿＿＿＿＿＿＿＿
＿＿＿＿＿＿＿＿＿＿
＿＿＿＿＿＿＿＿＿＿
□＿＿＿■＿＿＿＿＿
□□＿■■＿□＿＿＿
□□□■□□□＿□□
□□□□□□□◆□□
□□□□□◆□□□□
□□□□□□□□□＿
□□□□□□□□□＿
□□□□□□□□□＿
□□□□□□□□＿□
□□□□□□＿□＿□
□□□□□□□□□＿
□□□□□□□□□＿
00:47:35(85671f):field(85670f)
＿＿＿＿＿＿＿＿＿＿
＿＿＿＿＿＿＿＿＿＿
＿＿＿＿＿＿＿＿＿＿
＿＿＿＿＿＿＿＿＿＿
＿＿＿＿＿＿＿＿＿＿
＿＿＿＿＿＿＿＿＿＿
＿＿＿＿＿＿＿＿＿＿
＿＿＿＿＿＿＿＿＿＿
□■■■□＿＿＿＿＿
□□■□□＿□＿＿＿
□□□□□□□＿□□
□□□□□□□＿□□
□□□□□＿□□□□
□□□□□□□□□＿
□□□□□□□□□＿
□□□□□□□□□＿
□□□□□□□□＿□
□□□□□□＿□＿□
□□□□□□□□□＿
□□□□□□□□□＿
00:47:36(85683f):field(85682f)
＿＿＿＿＿＿＿＿＿＿
＿＿＿＿＿＿＿＿＿＿
＿＿＿＿＿＿＿＿＿＿
＿＿＿＿＿＿＿＿＿＿
＿＿＿＿＿＿＿＿＿＿
■＿＿＿＿＿＿＿＿＿
■＿＿＿＿＿＿＿＿＿
■■＿＿＿＿＿＿＿＿
□□□□□＿＿＿＿＿
□□□□□＿□＿＿＿
□□□□□□□＿□□
□□□□□□□＿□□
□□□□□＿□□□□
□□□□□□□□□＿
□□□□□□□□□＿
□□□□□□□□□＿
□□□□□□□□＿□
□□□□□□＿□＿□
□□□□□□□□□＿
□□□□□□□□□＿
00:47:36(85696f):field(85695f)
＿＿＿＿＿＿＿＿＿＿
＿＿＿＿＿＿＿＿＿＿
＿＿＿＿＿＿＿＿＿＿
＿＿＿＿＿＿＿＿＿＿
＿＿＿＿＿＿＿＿＿＿
□■＿＿＿＿＿＿＿＿
□■■＿＿＿＿＿＿＿
□□■＿＿＿＿＿＿＿
□□□□□＿＿＿＿＿
□□□□□＿□＿＿＿
□□□□□□□＿□□
□□□□□□□＿□□
□□□□□＿□□□□
□□□□□□□□□＿
□□□□□□□□□＿
□□□□□□□□□＿
□□□□□□□□＿□
□□□□□□＿□＿□
□□□□□□□□□＿
□□□□□□□□□＿
00:47:37(85714f):field(85713f)
＿＿＿＿＿＿＿＿＿＿
＿＿＿＿＿＿＿＿＿＿
＿＿＿＿＿＿＿＿＿＿
＿＿＿＿＿＿＿＿＿＿
＿＿＿＿＿＿＿＿＿＿
◆◆＿＿＿＿＿＿＿＿
◆◆◆＿＿＿＿＿＿＿
□□◆＿＿＿＿＿＿＿
□□□◆◆＿＿＿＿＿
□□□◆◆■◆＿＿＿
□□□□□◆◆■□◆
□□□□□◆□■□□
□□□□□＿□□□□
□□□□□□□□□＿
□□□□□□□□□＿
□□□□□□□□□＿
□□□□□□□□＿□
□□□□□□＿□＿□
□□□□□□□□□＿
□□□□□□□□□＿
00:47:37(85726f):field(85725f)
＿＿＿＿＿＿＿＿＿＿
＿＿＿＿＿＿＿＿＿＿
＿＿＿＿＿＿＿＿＿＿
＿＿＿＿＿＿＿＿＿＿
＿＿＿＿＿＿＿＿＿＿
＿＿＿＿＿＿＿＿＿＿
＿＿＿＿＿＿＿＿＿＿
□□＿＿＿＿＿＿＿＿
□□□■■＿＿＿＿＿
□□□■■◆＿＿＿＿
□□□□□＿＿◆◆＿
□□□□□＿□□□◆
□□□□□＿□□□□
□□□□□□□□□＿
□□□□□□□□□＿
□□□□□□□□□＿
□□□□□□□□＿□
□□□□□□＿□＿□
□□□□□□□□□＿
□□□□□□□□□＿
00:47:37(85736f):field(85735f)
＿＿＿＿＿＿＿＿＿＿
＿＿＿＿＿＿＿＿＿＿
＿＿＿＿＿＿＿＿＿＿
＿＿＿＿＿＿＿＿＿＿
＿＿＿＿＿＿＿＿＿＿
＿＿＿＿＿＿＿＿＿＿
＿＿＿■＿＿＿＿＿＿
□□■■■＿＿＿＿＿
□□□□□＿＿＿＿＿
□□□□□＿＿＿＿＿
□□□□□＿＿＿＿＿
□□□□□＿□□□＿
□□□□□＿□□□□
□□□□□□□□□＿
□□□□□□□□□＿
□□□□□□□□□＿
□□□□□□□□＿□
□□□□□□＿□＿□
□□□□□□□□□＿
□□□□□□□□□＿
00:47:38(85753f):field(85752f)
＿＿＿＿＿＿＿＿＿＿
＿＿＿＿＿＿＿＿＿＿
＿＿＿＿＿＿＿＿＿＿
＿＿＿＿＿＿＿＿＿＿
＿＿＿＿＿＿＿＿＿＿
＿＿■＿＿＿＿＿＿＿
■■■□＿＿＿＿＿＿
□□□□□＿＿＿＿＿
□□□□□＿＿＿＿＿
□□□□□＿＿＿＿＿
□□□□□＿＿＿＿＿
□□□□□＿□□□＿
□□□□□＿□□□□
□□□□□□□□□＿
□□□□□□□□□＿
□□□□□□□□□＿
□□□□□□□□＿□
□□□□□□＿□＿□
□□□□□□□□□＿
□□□□□□□□□＿
00:47:38(85768f):field(85767f)
＿＿＿＿＿＿＿＿＿＿
＿＿＿＿＿＿＿＿＿＿
＿＿＿＿＿＿＿＿＿＿
＿＿＿＿＿＿＿＿＿＿
＿＿＿＿＿＿＿＿＿＿
＿＿□■■■■＿＿＿
□□□□＿＿＿＿＿＿
□□□□□＿＿＿＿＿
□□□□□＿＿＿＿■
□□□□□＿＿＿■■
□□□□□＿＿＿■＿
□□□□□＿□□□＿
□□□□□＿□□□□
□□□□□□□□□＿
□□□□□□□□□＿
□□□□□□□□□＿
□□□□□□□□＿□
□□□□□□＿□＿□
□□□□□□□□□＿
□□□□□□□□□＿
00:47:39(85778f):field(85777f)
＿＿＿＿＿＿＿＿＿＿
＿＿＿＿＿＿＿＿＿＿
＿＿＿＿＿＿＿＿＿＿
＿＿＿＿＿＿＿＿＿＿
＿＿＿＿＿＿＿＿＿＿
＿＿◆◆◆◆◆＿＿＿
◆◆□◆＿＿＿＿＿＿
□□□□◆＿＿＿＿＿
□□□□□＿＿＿＿◆
□□□□□＿＿＿◆□
□□□□□■＿＿□■
□□□□□■◆◆□＿
□□□□□■□□□◆
□□□□□□□□□＿
□□□□□□□□□＿
□□□□□□□□□＿
□□□□□□□□＿□
□□□□□□＿□＿□
□□□□□□□□□＿
□□□□□□□□□＿
00:47:39(85795f):field(85794f)
＿＿＿＿＿＿＿＿＿＿
＿＿＿＿＿＿＿＿＿＿
＿＿＿＿＿＿＿＿＿＿
＿＿＿＿＿＿＿＿＿＿
＿＿＿＿＿＿＿＿＿＿
＿＿＿＿＿＿＿＿＿＿
＿＿□＿＿＿＿＿＿＿
□□□□＿＿＿＿＿＿
□□□□□＿＿＿＿＿
□□□□□＿＿■■□
□□□□□□＿■□□
□□□□□□＿■□＿
□□□□□□□□□＿
□□□□□□□□□＿
□□□□□□□□□＿
□□□□□□□□□＿
□□□□□□□□＿□
□□□□□□＿□＿□
□□□□□□□□□＿
□□□□□□□□□＿
00:47:40(85806f):field(85805f)
＿＿＿＿＿＿＿＿＿＿
＿＿＿＿＿＿＿＿＿＿
＿＿＿＿＿＿＿＿＿＿
＿＿＿＿＿＿＿＿＿＿
＿＿＿＿＿＿＿＿＿＿
＿＿＿＿＿＿＿＿＿＿
＿＿◆＿＿＿＿＿＿＿
◆◆□◆＿＿＿＿＿＿
□□□□□＿＿＿＿＿
□□□□□■■◆◆◆
□□□□□□＿□□□
□□□□□□■□□＿
□□□□□□□□□＿
□□□□□□□□□＿
□□□□□□□□□＿
□□□□□□□□□＿
□□□□□□□□＿□
□□□□□□＿□＿□
□□□□□□□□□＿
□□□□□□□□□＿
00:47:40(85819f):field(85818f)
＿＿＿＿＿＿＿＿＿＿
＿＿＿＿＿＿＿＿＿＿
＿＿＿＿＿＿＿＿＿＿
＿＿＿＿＿＿＿＿＿＿
＿＿＿＿＿＿＿＿＿＿
＿＿＿＿＿＿＿＿＿＿
＿＿＿■＿＿＿＿＿＿
＿＿□■■＿＿＿＿＿
□□□□□＿＿＿＿＿
□□□□□□□＿＿＿
□□□□□□＿□□□
□□□□□□◆□□＿
□□□□□□□□□＿
□□□□□□□□□＿
□□□□□□□□□＿
□□□□□□□□□＿
□□□□□□□□＿□
□□□□□□＿□＿□
□□□□□□□□□＿
□□□□□□□□□＿
00:47:41(85832f):field(85831f)
＿＿＿＿＿＿＿＿＿＿
＿＿＿＿＿＿＿＿＿＿
＿＿＿＿＿＿＿＿＿＿
＿＿＿＿＿＿＿＿＿＿
＿＿＿＿＿＿＿＿＿＿
＿＿＿■■＿＿＿＿＿
＿＿＿□■■＿＿＿＿
＿＿□□□＿＿＿＿＿
□□□□□＿＿＿＿＿
□□□□□□□＿＿＿
□□□□□□＿□□□
□□□□□□＿□□＿
□□□□□□□□□＿
□□□□□□□□□＿
□□□□□□□□□＿
□□□□□□□□□＿
□□□□□□□□＿□
□□□□□□＿□＿□
□□□□□□□□□＿
□□□□□□□□□＿
00:47:41(85849f):field(85848f)
＿＿＿＿＿＿＿＿＿＿
＿＿＿＿＿＿＿＿＿＿
＿＿＿＿＿＿＿＿＿＿
＿＿＿＿＿＿＿＿＿＿
＿＿＿＿＿＿＿＿＿＿
＿＿＿◆◆＿＿＿＿＿
＿＿＿□□◆＿＿＿＿
＿＿◆□□■＿＿＿＿
◆◆□□□＿＿＿＿＿
□□□□□◆◆＿＿■
□□□□□□■□□□
□□□□□□＿□□＿
□□□□□□□□□＿
□□□□□□□□□＿
□□□□□□□□□＿
□□□□□□□□□＿
□□□□□□□□＿□
□□□□□□＿□＿□
□□□□□□□□□＿
□□□□□□□□□＿
00:47:42(85871f):field(85870f)
＿＿＿＿＿＿＿＿＿＿
＿＿＿＿＿＿＿＿＿＿
＿＿＿＿＿＿＿＿＿＿
＿＿＿＿＿＿＿＿＿＿
＿＿＿＿＿＿＿＿＿＿
＿＿＿＿＿＿＿＿＿＿
＿＿＿◆◆＿＿＿＿＿
＿＿＿□□◆＿＿＿＿
■＿◆□□■＿＿■＿
◆□□□□＿■■＿□
□□□□□□◆□□□
□□□□□□＿□□＿
□□□□□□□□□＿
□□□□□□□□□＿
□□□□□□□□□＿
□□□□□□□□□＿
□□□□□□□□＿□
□□□□□□＿□＿□
□□□□□□□□□＿
□□□□□□□□□＿
00:47:42(85884f):field(85883f)
＿＿＿＿＿＿＿＿＿＿
＿＿＿＿＿＿＿＿＿＿
＿＿＿＿＿＿＿＿＿＿
＿＿＿＿＿＿＿＿＿＿
＿＿＿＿＿＿＿＿＿＿
＿＿＿＿＿＿＿＿＿＿
＿＿＿＿＿＿＿＿＿＿
＿＿＿□□＿＿＿＿＿
□■＿□□□＿＿◆＿
■□□□□＿◆◆＿◆
□□□□□□＿□□□
□□□□□□＿□□＿
□□□□□□□□□＿
□□□□□□□□□＿
□□□□□□□□□＿
□□□□□□□□□＿
□□□□□□□□＿□
□□□□□□＿□＿□
□□□□□□□□□＿
□□□□□□□□□＿
00:47:43(85899f):field(85898f)
＿＿＿＿＿＿＿＿＿＿
＿＿＿＿＿＿＿＿＿＿
＿＿＿＿＿＿＿＿＿＿
＿＿＿＿＿＿＿＿＿＿
＿＿＿＿＿＿＿＿＿＿
＿＿＿＿＿＿＿＿＿＿
＿＿＿＿＿＿＿＿＿＿
＿＿＿◆◆＿＿＿＿＿
◆◆＿□□◆＿＿＿＿
□□◆□□■＿＿＿＿
□□□□□□■□◆◆
□□□□□□＿□□＿
□□□□□□□□□＿
□□□□□□□□□＿
□□□□□□□□□＿
□□□□□□□□□＿
□□□□□□□□＿□
□□□□□□＿□＿□
□□□□□□□□□＿
□□□□□□□□□＿
00:47:43(85914f):field(85913f)
＿＿＿＿＿＿＿＿＿＿
＿＿＿＿＿＿＿＿＿＿
＿＿＿＿＿＿＿＿＿＿
＿＿＿＿＿＿＿＿＿＿
＿＿＿＿＿＿＿＿＿＿
＿＿＿＿＿＿＿＿＿＿
＿＿＿＿＿＿＿＿＿＿
＿＿＿＿＿＿＿＿＿＿
＿＿＿□□■■＿＿＿
□□＿□□□■■＿＿
□□□□□□□□＿＿
□□□□□□＿□□＿
□□□□□□□□□＿
□□□□□□□□□＿
□□□□□□□□□＿
□□□□□□□□□＿
□□□□□□□□＿□
□□□□□□＿□＿□
□□□□□□□□□＿
□□□□□□□□□＿
00:47:44(85926f):field(85925f)
＿＿＿＿＿＿＿＿＿＿
＿＿＿＿＿＿＿＿＿＿
＿＿＿＿＿＿＿＿＿＿
＿＿＿＿＿＿＿＿＿＿
＿＿＿＿＿＿＿＿＿＿
＿＿＿＿＿＿＿＿＿＿
＿＿＿＿＿＿＿＿＿＿
＿＿■＿＿＿＿＿＿＿
＿■■□□□□＿＿＿
□□■□□□□□＿＿
□□□□□□□□＿＿
□□□□□□＿□□＿
□□□□□□□□□＿
□□□□□□□□□＿
□□□□□□□□□＿
□□□□□□□□□＿
□□□□□□□□＿□
□□□□□□＿□＿□
□□□□□□□□□＿
□□□□□□□□□＿
00:47:44(85940f):field(85939f)
＿＿＿＿＿＿＿＿＿＿
＿＿＿＿＿＿＿＿＿＿
＿＿＿＿＿＿＿＿＿＿
＿＿＿＿＿＿＿＿＿＿
＿＿＿＿＿＿＿＿＿＿
＿＿＿＿＿＿＿＿＿＿
＿＿＿＿＿＿＿＿＿＿
＿＿◆＿＿＿＿＿＿＿
＿◆◆◆◆◆◆＿＿＿
◆◆◆◆◆◆◆◆＿＿
◆◆◆◆◆◆◆◆＿＿
◆□□◆◆◆■◆◆■
□□□□□□□□□＿
□□□□□□□□□■
□□□□□□□□◆■
□□□□□□◆□□■
□□□□□□□□＿□
□□□□□□＿□＿□
□□□□□□□□□＿
□□□□□□□□□＿
00:47:45(85956f):field(85955f)
＿＿＿＿＿＿＿＿＿＿
＿＿＿＿＿＿＿＿＿＿
＿＿＿＿＿＿＿＿＿＿
＿＿＿＿＿＿＿＿＿＿
＿＿＿＿＿＿＿＿＿＿
＿＿＿＿＿＿＿＿＿＿
＿＿＿＿＿＿＿＿＿＿
＿＿＿＿＿＿＿＿＿＿
＿＿＿＿＿＿＿＿＿＿
＿＿＿＿＿＿＿＿＿＿
＿＿＿＿＿＿＿＿＿＿
＿◆◆＿＿＿◆＿＿◆
◆◆□◆□◆◆◆◆＿
◆□□□□□□◆◆□
□□□□□□□□＿□
□□□□□□■□□□
□□□□□□□□＿□
□□□□□□■□＿□
□□□□□□□□□＿
□□□□□□□□□＿
00:47:45(85969f):field(85968f)
＿＿＿＿＿＿＿＿＿＿
＿＿＿＿＿＿＿＿＿＿
＿＿＿＿＿＿＿＿＿＿
＿＿＿＿＿＿＿＿＿＿
＿＿＿＿＿＿＿＿＿＿
＿＿＿＿＿＿＿＿＿＿
＿＿＿＿＿＿＿＿＿＿
＿＿＿＿＿＿＿＿＿＿
＿＿＿＿＿＿＿＿＿＿
＿＿＿＿＿＿＿＿＿＿
＿＿＿＿＿＿＿＿＿＿
＿＿＿■＿＿＿＿＿＿
＿＿□■□■＿＿＿＿
＿□□□□□□＿＿◆
□□□□□□□□＿□
□□□□□□◆□□□
□□□□□□□□＿□
□□□□□□◆□＿□
□□□□□□□□□＿
□□□□□□□□□＿
00:47:45(85978f):field(85977f)
＿＿＿＿＿＿＿＿＿＿
＿＿＿＿＿＿＿＿＿＿
＿＿＿＿＿＿＿＿＿＿
＿＿＿＿＿＿＿＿＿＿
＿＿＿＿＿＿＿＿＿＿
＿＿＿＿＿＿＿＿＿＿
＿＿＿＿＿＿＿＿＿＿
＿＿＿＿＿＿＿＿＿＿
＿＿＿＿＿＿＿＿＿＿
＿＿＿＿＿＿＿＿＿＿
＿＿＿■■＿＿＿＿＿
＿＿＿□■■＿＿＿＿
＿＿□□□□＿＿＿＿
＿□□□□□□＿＿＿
□□□□□□□□＿□
□□□□□□＿□□□
□□□□□□□□＿□
□□□□□□＿□＿□
□□□□□□□□□＿
□□□□□□□□□＿
00:47:46(85991f):field(85990f)
＿＿＿＿＿＿＿＿＿＿
＿＿＿＿＿＿＿＿＿＿
＿＿＿＿＿＿＿＿＿＿
＿＿＿＿＿＿＿＿＿＿
＿＿＿＿＿＿＿＿＿＿
＿＿＿＿＿＿＿＿＿＿
＿＿＿＿＿＿＿＿＿＿
＿＿＿＿＿＿＿＿＿＿
＿＿＿■■＿＿＿＿＿
＿＿＿■■＿＿＿＿＿
＿＿＿□□＿＿＿＿＿
＿＿＿□□□＿＿＿＿
＿＿□□□□＿＿＿＿
＿□□□□□□＿＿＿
□□□□□□□□＿□
□□□□□□＿□□□
□□□□□□□□＿□
□□□□□□＿□＿□
□□□□□□□□□＿
□□□□□□□□□＿
00:47:46(86003f):field(86002f)
＿＿＿＿＿＿＿＿＿＿
＿＿＿＿＿＿＿＿＿＿
＿＿＿＿＿＿＿＿＿＿
＿＿＿＿＿＿＿＿＿＿
＿＿＿＿＿＿＿＿＿＿
＿＿＿＿＿＿＿＿＿＿
＿＿＿＿＿＿＿＿＿＿
＿＿＿＿＿＿＿＿＿＿
＿＿＿□□＿＿＿＿＿
＿＿＿□□＿＿＿＿＿
＿＿＿□□＿＿＿＿＿
■＿＿□□□＿＿＿＿
■■□□□□＿＿＿＿
■□□□□□□＿＿＿
□□□□□□□□＿□
□□□□□□＿□□□
□□□□□□□□＿□
□□□□□□＿□＿□
□□□□□□□□□＿
□□□□□□□□□＿
00:47:47(86017f):field(86016f)
＿＿＿＿＿＿＿＿＿＿
＿＿＿＿＿＿＿＿＿＿
＿＿＿＿＿＿＿＿＿＿
＿＿＿＿＿＿＿＿＿＿
＿＿＿＿＿＿＿＿＿＿
＿＿＿＿＿＿＿＿＿＿
＿＿＿＿＿＿＿＿＿＿
＿＿＿＿＿＿＿＿＿＿
＿＿＿□□＿＿＿＿＿
■＿＿□□＿＿＿＿＿
■■＿□□＿＿＿＿＿
□■＿□□□＿＿＿＿
□□□□□□＿＿＿＿
□□□□□□□＿＿＿
□□□□□□□□＿□
□□□□□□＿□□□
□□□□□□□□＿□
□□□□□□＿□＿□
□□□□□□□□□＿
□□□□□□□□□＿
00:47:47(86027f):field(86026f)
＿＿＿＿＿＿＿＿＿＿
＿＿＿＿＿＿＿＿＿＿
＿＿＿＿＿＿＿＿＿＿
＿＿＿＿＿＿＿＿＿＿
＿＿＿＿＿＿＿＿＿＿
＿＿＿＿＿＿＿＿＿＿
＿＿＿＿＿＿＿＿＿＿
＿＿＿＿＿＿＿＿＿＿
＿＿＿□□＿＿＿＿＿
□■■□□＿＿＿＿＿
□□■□□＿＿＿＿＿
□□■□□□＿＿＿＿
□□□□□□＿＿＿＿
□□□□□□□＿＿＿
□□□□□□□□＿□
□□□□□□＿□□□
□□□□□□□□＿□
□□□□□□＿□＿□
□□□□□□□□□＿
□□□□□□□□□＿
00:47:48(86041f):field(86040f)
＿＿＿＿＿＿＿＿＿＿
＿＿＿＿＿＿＿＿＿＿
＿＿＿＿＿＿＿＿＿＿
＿＿＿＿＿＿＿＿＿＿
＿＿＿＿＿＿＿＿＿＿
＿＿＿＿＿＿＿＿＿＿
＿＿＿＿＿＿＿＿＿＿
＿＿＿＿＿＿＿＿＿＿
＿＿＿◆◆＿＿＿＿＿
◆◆◆□□＿＿＿＿＿
□□□□□＿＿＿＿＿
□□□□□◆＿＿＿＿
□□□□□□＿＿＿＿
□□□□□□◆＿＿■
□□□□□□□◆■□
□□□□□□＿□□□
□□□□□□□□＿□
□□□□□□＿□＿□
□□□□□□□□□＿
□□□□□□□□□＿
00:47:48(86054f):field(86053f)
＿＿＿＿＿＿＿＿＿＿
＿＿＿＿＿＿＿＿＿＿
＿＿＿＿＿＿＿＿＿＿
＿＿＿＿＿＿＿＿＿＿
＿＿＿＿＿＿＿＿＿＿
＿＿＿＿＿＿＿＿＿＿
＿＿＿＿＿＿＿＿＿＿
＿＿＿＿＿＿＿＿＿＿
＿＿＿＿＿＿＿＿＿＿
＿＿＿◆◆＿＿＿＿＿
◆◆◆□□＿＿＿＿＿
□□□□□＿＿＿＿＿
□□□□□◆■＿＿＿
□□□□□□■＿＿◆
□□□□□□□＿□□
□□□□□□＿□□□
□□□□□□□□＿□
□□□□□□＿□＿□
□□□□□□□□□＿
□□□□□□□□□＿
00:47:48(86068f):field(86067f)
＿＿＿＿＿＿＿＿＿＿
＿＿＿＿＿＿＿＿＿＿
＿＿＿＿＿＿＿＿＿＿
＿＿＿＿＿＿＿＿＿＿
＿＿＿＿＿＿＿＿＿＿
＿＿＿＿＿＿＿＿＿＿
＿＿＿＿＿＿＿＿＿＿
＿＿＿＿＿＿＿＿＿＿
＿＿＿＿＿＿＿＿＿＿
■■＿＿＿＿＿＿＿＿
■■＿□□＿＿＿＿＿
□□□□□＿＿＿＿＿
□□□□□＿◆＿＿＿
□□□□□□□＿＿＿
□□□□□□□＿□□
□□□□□□＿□□□
□□□□□□□□＿□
□□□□□□＿□＿□
□□□□□□□□□＿
□□□□□□□□□＿
00:47:49(86080f):field(86079f)
＿＿＿＿＿＿＿＿＿＿
＿＿＿＿＿＿＿＿＿＿
＿＿＿＿＿＿＿＿＿＿
＿＿＿＿＿＿＿＿＿＿
＿＿＿＿＿＿＿＿＿＿
＿＿＿＿＿＿＿＿＿＿
＿＿＿＿＿＿＿＿＿＿
＿＿＿＿＿＿＿＿＿＿
＿＿＿＿＿＿＿＿＿＿
◆◆＿＿＿＿＿＿＿＿
□□＿◆◆＿＿＿＿＿
□□◆□□＿＿＿＿＿
□□□□□＿＿■＿＿
□□□□□◆◆■＿＿
□□□□□□□■◆◆
□□□□□□＿□□□
□□□□□□□□＿□
□□□□□□＿□＿□
□□□□□□□□□＿
□□□□□□□□□＿
00:47:49(86094f):field(86093f)
＿＿＿＿＿＿＿＿＿＿
＿＿＿＿＿＿＿＿＿＿
＿＿＿＿＿＿＿＿＿＿
＿＿＿＿＿＿＿＿＿＿
＿＿＿＿＿＿＿＿＿＿
＿＿＿＿＿＿＿＿＿＿
＿＿＿＿＿＿＿＿＿＿
＿＿＿＿＿＿＿＿＿＿
＿＿＿＿＿＿＿＿＿＿
＿＿■＿＿＿＿＿＿＿
□□■■＿＿＿＿＿＿
□□■□□＿＿＿＿＿
□□□□□＿＿□＿＿
□□□□□＿＿□＿＿
□□□□□□□□＿＿
□□□□□□＿□□□
□□□□□□□□＿□
□□□□□□＿□＿□
□□□□□□□□□＿
□□□□□□□□□＿
00:47:50(86109f):field(86108f)
＿＿＿＿＿＿＿＿＿＿
＿＿＿＿＿＿＿＿＿＿
＿＿＿＿＿＿＿＿＿＿
＿＿＿＿＿＿＿＿＿＿
＿＿＿＿＿＿＿＿＿＿
＿＿＿＿＿＿＿＿＿＿
＿＿＿＿＿＿＿＿＿＿
＿＿＿＿＿＿＿＿＿＿
＿＿＿＿＿＿＿＿＿＿
＿＿□＿＿＿＿＿＿＿
□□□□＿＿＿＿＿＿
□□□□□＿■＿＿＿
□□□□□■■□＿＿
□□□□□■＿□＿＿
□□□□□□□□＿＿
□□□□□□＿□□□
□□□□□□□□＿□
□□□□□□＿□＿□
□□□□□□□□□＿
□□□□□□□□□＿
00:47:50(86121f):field(86120f)
＿＿＿＿＿＿＿＿＿＿
＿＿＿＿＿＿＿＿＿＿
＿＿＿＿＿＿＿＿＿＿
＿＿＿＿＿＿＿＿＿＿
＿＿＿＿＿＿＿＿＿＿
＿＿＿＿＿＿＿＿＿＿
＿＿＿＿＿＿＿＿＿＿
＿＿＿＿＿＿＿＿＿＿
＿＿＿＿＿＿＿＿＿＿
＿＿◆＿＿＿＿＿＿＿
◆◆□◆＿＿＿＿＿＿
□□□□◆＿◆＿＿＿
□□□□□◆□◆＿＿
□□□□□□■□■■
□□□□□□◆□■＿
□□□□□□■□□□
□□□□□□□□＿□
□□□□□□＿□＿□
□□□□□□□□□＿
□□□□□□□□□＿
00:47:51(86138f):field(86137f)
＿＿＿＿＿＿＿＿＿＿
＿＿＿＿＿＿＿＿＿＿
＿＿＿＿＿＿＿＿＿＿
＿＿＿＿＿＿＿＿＿＿
＿＿＿＿＿＿＿＿＿＿
＿＿＿＿＿＿＿＿＿＿
＿＿＿＿＿＿＿＿＿＿
＿＿＿＿＿＿＿＿＿＿
＿＿＿＿＿＿＿＿＿＿
＿＿＿＿＿＿＿＿＿＿
＿＿◆＿＿＿＿＿＿＿
◆◆□◆＿＿＿＿＿＿
□□□□◆＿◆＿■＿
□□□□□◆□□□□
□□□□□□＿□□＿
□□□□□□◆□□□
□□□□□□□□＿□
□□□□□□＿□＿□
□□□□□□□□□＿
□□□□□□□□□＿
00:47:51(86152f):field(86151f)
＿＿＿＿＿＿＿＿＿＿
＿＿＿＿＿＿＿＿＿＿
＿＿＿＿＿＿＿＿＿＿
＿＿＿＿＿＿＿＿＿＿
＿＿＿＿＿＿＿＿＿＿
＿＿＿＿＿＿＿＿＿＿
＿＿＿＿＿＿＿＿＿＿
＿＿＿＿＿＿＿＿＿＿
＿＿＿＿＿＿＿＿＿＿
＿＿＿＿＿＿＿＿＿＿
＿＿＿＿＿＿＿＿＿＿
＿＿□＿＿＿＿＿■■
□□□□＿＿＿＿□■
□□□□□＿□□□□
□□□□□□＿□□＿
□□□□□□＿□□□
□□□□□□□□＿□
□□□□□□＿□＿□
□□□□□□□□□＿
□□□□□□□□□＿
00:47:52(86164f):field(86163f)
＿＿＿＿＿＿＿＿＿＿
＿＿＿＿＿＿＿＿＿＿
＿＿＿＿＿＿＿＿＿＿
＿＿＿＿＿＿＿＿＿＿
＿＿＿＿＿＿＿＿＿＿
＿＿＿＿＿＿＿＿＿＿
＿＿＿＿＿＿＿＿＿＿
＿＿＿＿＿＿＿＿＿＿
＿＿＿＿＿＿＿＿＿＿
＿＿＿＿＿＿＿＿＿＿
＿＿＿＿＿＿＿＿＿＿
＿＿◆＿＿＿＿＿◆◆
□◆□◆■＿＿＿□□
□□□□□■◆□□□
□□□□□□■□□＿
□□□□□□＿□□□
□□□□□□□□＿□
□□□□□□＿□＿□
□□□□□□□□□＿
□□□□□□□□□＿
00:47:52(86176f):field(86175f)
＿＿＿＿＿＿＿＿＿＿
＿＿＿＿＿＿＿＿＿＿
＿＿＿＿＿＿＿＿＿＿
＿＿＿＿＿＿＿＿＿＿
＿＿＿＿＿＿＿＿＿＿
＿＿＿＿＿＿＿＿＿＿
＿＿＿＿＿＿＿＿＿＿
＿＿＿＿＿＿＿＿＿＿
＿＿＿＿＿＿＿＿＿＿
＿＿＿＿＿＿＿＿＿＿
＿＿＿＿■＿＿＿＿＿
＿＿＿■■＿＿＿＿＿
◆＿□■□＿＿＿□□
□□□□□□＿◆□□
□□□□□□◆□□＿
□□□□□□＿□□□
□□□□□□□□＿□
□□□□□□＿□＿□
□□□□□□□□□＿
□□□□□□□□□＿
00:47:53(86203f):field(86202f)
＿＿＿＿＿＿＿＿＿＿
＿＿＿＿＿＿＿＿＿＿
＿＿＿＿＿＿＿＿＿＿
＿＿＿＿＿＿＿＿＿＿
＿＿＿＿＿＿＿＿＿＿
＿＿＿＿＿＿＿＿＿＿
＿＿＿＿＿＿＿＿＿＿
＿＿＿＿＿＿＿＿＿＿
＿＿＿＿＿＿＿＿＿＿
＿＿＿＿＿＿＿＿＿＿
＿＿＿＿◆＿＿＿＿＿
＿＿＿◆◆＿＿＿＿＿
■＿□□□＿＿＿◆◆
□◆◆□□◆＿＿◆□
□□□□□◆＿◆□■
□□□□□□■□□◆
□□□□□□□□＿□
□□□□□□■□＿□
□□□□□□□□□＿
□□□□□□□□□＿
00:47:54(86220f):field(86219f)
＿＿＿＿＿＿＿＿＿＿
＿＿＿＿＿＿＿＿＿＿
＿＿＿＿＿＿＿＿＿＿
＿＿＿＿＿＿＿＿＿＿
＿＿＿＿＿＿＿＿＿＿
＿＿＿＿＿＿＿＿＿＿
＿＿＿＿＿＿＿＿＿＿
＿＿＿＿＿＿＿＿＿＿
＿＿＿＿＿＿＿＿＿＿
＿＿＿＿＿＿＿＿＿＿
＿＿＿＿＿＿＿＿＿＿
＿＿＿＿＿＿＿＿＿＿
◆＿◆◆◆＿＿＿＿＿
□＿＿◆□＿＿■■◆
□◆◆□□■■＿□◆
□□□□□□□□□＿
□□□□□□□□■□
□□□□□□◆□＿□
□□□□□□□□□＿
□□□□□□□□□＿
00:47:54(86234f):field(86233f)
＿＿＿＿＿＿＿＿＿＿
＿＿＿＿＿＿＿＿＿＿
＿＿＿＿＿＿＿＿＿＿
＿＿＿＿＿＿＿＿＿＿
＿＿＿＿＿＿＿＿＿＿
＿＿＿＿＿＿＿＿＿＿
＿＿＿＿＿＿＿＿＿＿
＿＿＿＿＿＿＿＿＿＿
＿＿＿＿＿＿＿＿＿＿
＿＿＿＿＿＿＿＿＿＿
＿＿＿＿＿＿＿＿＿＿
＿＿＿＿＿＿＿＿＿＿
＿＿＿＿＿＿＿＿＿＿
□＿■■□＿＿◆◆＿
□■■□□□◆＿◆＿
□□□□□□□□□＿
□□□□□□□□◆□
□□□□□□＿□＿□
□□□□□□□□□＿
□□□□□□□□□＿
00:47:54(86246f):field(86245f)
＿＿＿＿＿＿＿＿＿＿
＿＿＿＿＿＿＿＿＿＿
＿＿＿＿＿＿＿＿＿＿
＿＿＿＿＿＿＿＿＿＿
＿＿＿＿＿＿＿＿＿＿
＿＿＿＿＿＿＿＿＿＿
＿＿＿＿＿＿＿＿＿＿
＿＿＿＿＿＿＿＿＿＿
＿＿＿＿＿＿＿＿＿＿
＿＿＿＿＿＿＿＿＿＿
＿＿＿＿＿＿＿＿＿＿
＿＿＿＿＿＿＿＿＿＿
■■■＿＿＿＿＿＿＿
□■□□□＿＿＿＿＿
□□□□□□＿＿＿＿
□□□□□□□□□＿
□□□□□□□□＿□
□□□□□□＿□＿□
□□□□□□□□□＿
□□□□□□□□□＿
00:47:55(86258f):field(86257f)
＿＿＿＿＿＿＿＿＿＿
＿＿＿＿＿＿＿＿＿＿
＿＿＿＿＿＿＿＿＿＿
＿＿＿＿＿＿＿＿＿＿
＿＿＿＿＿＿＿＿＿＿
＿＿＿＿＿＿＿＿＿＿
＿＿＿＿＿＿＿＿＿＿
＿＿＿＿＿＿＿＿＿＿
＿＿＿＿＿＿＿＿＿＿
＿＿＿＿＿＿＿＿＿＿
＿＿＿＿＿＿＿＿＿＿
＿＿■■＿＿＿＿＿＿
□□□■■＿＿＿＿＿
□□□□□＿＿＿＿＿
□□□□□□＿＿＿＿
□□□□□□□□□＿
□□□□□□□□＿□
□□□□□□＿□＿□
□□□□□□□□□＿
□□□□□□□□□＿
00:47:55(86274f):field(86273f)
＿＿＿＿＿＿＿＿＿＿
＿＿＿＿＿＿＿＿＿＿
＿＿＿＿＿＿＿＿＿＿
＿＿＿＿＿＿＿＿＿＿
＿＿＿＿＿＿＿＿＿＿
＿＿＿＿＿＿＿＿＿＿
＿＿＿＿＿＿＿＿＿＿
＿＿＿＿＿＿＿＿＿＿
＿＿＿＿＿＿＿＿＿＿
＿＿＿＿＿＿＿＿＿＿
＿＿＿＿＿＿＿＿＿＿
＿＿□□＿＿＿＿＿＿
□□□□□■■＿＿＿
□□□□□■■＿＿＿
□□□□□□＿＿＿＿
□□□□□□□□□＿
□□□□□□□□＿□
□□□□□□＿□＿□
□□□□□□□□□＿
□□□□□□□□□＿
00:47:56(86294f):field(86293f)
＿＿＿＿＿＿＿＿＿＿
＿＿＿＿＿＿＿＿＿＿
＿＿＿＿＿＿＿＿＿＿
＿＿＿＿＿＿＿＿＿＿
＿＿＿＿＿＿＿＿＿＿
＿＿＿＿＿＿＿＿＿＿
＿＿＿＿＿＿＿＿＿＿
＿＿＿＿＿＿＿＿＿＿
＿＿＿＿＿＿＿＿＿＿
＿＿＿＿＿＿＿＿＿＿
＿＿＿＿＿＿＿＿＿＿
＿＿□□＿＿＿＿＿＿
□□□□□□□■＿＿
□□□□□□□■＿＿
□□□□□□■■＿＿
□□□□□□□□□＿
□□□□□□□□＿□
□□□□□□＿□＿□
□□□□□□□□□＿
□□□□□□□□□＿
00:47:56(86306f):field(86305f)
＿＿＿＿＿＿＿＿＿＿
＿＿＿＿＿＿＿＿＿＿
＿＿＿＿＿＿＿＿＿＿
＿＿＿＿＿＿＿＿＿＿
＿＿＿＿＿＿＿＿＿＿
＿＿＿＿＿＿＿＿＿＿
＿＿＿＿＿＿＿＿＿＿
＿＿＿＿＿＿＿＿＿＿
＿＿＿＿＿＿＿＿＿＿
＿＿＿＿＿＿＿＿＿＿
＿＿＿＿＿＿＿＿＿＿
＿＿◆◆＿＿＿＿＿＿
◆◆◆◆◆◆◆◆＿＿
◆◆□□◆□◆◆＿＿
□□□□□□□□＿＿
□□□□□□□□□＿
□□□□□□□□＿□
□□□□□□■□■□
□□□□□□□□□＿
□□□□□□□□□＿
00:47:57(86319f):field(86318f)
＿＿＿＿＿＿＿＿＿＿
＿＿＿＿＿＿＿＿＿＿
＿＿＿＿＿＿＿＿＿＿
＿＿＿＿＿＿＿＿＿＿
＿＿＿＿＿＿＿＿＿＿
＿＿＿＿＿＿＿＿＿＿
＿＿＿＿＿＿＿＿＿＿
＿＿＿＿＿＿＿＿＿＿
＿＿＿＿＿＿＿＿＿＿
＿＿＿＿＿＿＿＿＿＿
＿＿＿＿＿＿＿＿＿＿
＿＿＿＿＿＿＿＿＿＿
＿＿＿＿＿＿＿＿＿＿
＿＿◆◆＿□＿＿＿＿
◆◆◆□◆◆□◆＿＿
□◆□□◆◆◆◆◆■
□□□□□□□□＿□
□□□□□□□□□□
□□□□□□□□□＿
□□□□□□□□□＿
00:47:57(86332f):field(86331f)
＿＿＿＿＿＿＿＿＿＿
＿＿＿＿＿＿＿＿＿＿
＿＿＿＿＿＿＿＿＿＿
＿＿＿＿＿＿＿＿＿＿
＿＿＿＿＿＿＿＿＿＿
＿＿＿＿＿＿＿＿＿＿
＿＿＿＿＿＿＿＿＿＿
＿＿＿＿＿＿＿＿＿＿
＿＿＿＿＿＿＿＿＿＿
＿＿＿＿＿＿＿＿＿＿
＿＿＿＿＿＿＿＿＿＿
＿＿＿＿＿＿＿＿＿＿
＿＿＿＿＿＿＿＿＿＿
＿＿＿＿＿◆＿＿＿＿
＿＿＿◆＿＿◆＿＿＿
◆＿◆◆＿＿＿■■◆
◆◆□□◆◆◆◆■□
□□□□□□◆□□□
□□□□□□□□□＿
□□□□□□□□□＿
00:47:57(86339f):field(86338f)
＿＿＿＿＿＿＿＿＿＿
＿＿＿＿＿＿＿＿＿＿
＿＿＿＿＿＿＿＿＿＿
＿＿＿＿＿＿＿＿＿＿
＿＿＿＿＿＿＿＿＿＿
＿＿＿＿＿＿＿＿＿＿
＿＿＿＿＿＿＿＿＿＿
＿＿＿＿＿＿＿＿＿＿
＿＿＿＿＿＿＿＿＿＿
＿＿＿＿＿＿＿＿＿＿
＿＿＿＿＿＿＿＿＿＿
＿＿＿＿＿＿＿＿＿＿
＿＿＿＿＿＿＿＿＿＿
＿＿＿＿＿＿＿＿＿＿
＿＿＿＿＿＿＿＿＿＿
＿＿＿＿■■＿◆□＿
＿＿□□■■■＿□□
□□□□□□＿□□□
□□□□□□□□□＿
□□□□□□□□□＿
00:47:58(86355f):field(86354f)
＿＿＿＿＿＿＿＿＿＿
＿＿＿＿＿＿＿＿＿＿
＿＿＿＿＿＿＿＿＿＿
＿＿＿＿＿＿＿＿＿＿
＿＿＿＿＿＿＿＿＿＿
＿＿＿＿＿＿＿＿＿＿
＿＿＿＿＿＿＿＿＿＿
＿＿＿＿＿＿＿＿＿＿
＿＿＿＿＿＿＿＿＿＿
＿＿＿＿＿＿＿＿＿＿
＿＿＿＿＿＿＿＿＿＿
＿＿＿＿＿＿＿＿＿＿
＿＿＿＿＿＿＿＿＿＿
＿＿＿＿＿＿＿＿＿＿
＿＿＿＿＿＿＿＿＿＿
■■■＿□□＿＿□＿
■＿□□□□◆＿□□
□□□□□□＿□□□
□□□□□□□□□＿
□□□□□□□□□＿
00:47:58(86365f):field(86364f)
＿＿＿＿＿＿＿＿＿＿
＿＿＿＿＿＿＿＿＿＿
＿＿＿＿＿＿＿＿＿＿
＿＿＿＿＿＿＿＿＿＿
＿＿＿＿＿＿＿＿＿＿
＿＿＿＿＿＿＿＿＿＿
＿＿＿＿＿＿＿＿＿＿
＿＿＿＿＿＿＿＿＿＿
＿＿＿＿＿＿＿＿＿＿
＿＿＿＿＿＿＿＿＿＿
＿＿＿＿＿＿＿＿＿＿
＿＿＿＿＿＿＿＿＿＿
＿＿＿＿＿＿＿＿＿＿
＿＿＿■■＿＿＿＿＿
＿＿＿■＿＿＿＿＿＿
□□□■□□＿＿□＿
□＿□□□□＿＿□□
□□□□□□＿□□□
□□□□□□□□□＿
□□□□□□□□□＿
00:47:59(86380f):field(86379f)
＿＿＿＿＿＿＿＿＿＿
＿＿＿＿＿＿＿＿＿＿
＿＿＿＿＿＿＿＿＿＿
＿＿＿＿＿＿＿＿＿＿
＿＿＿＿＿＿＿＿＿＿
＿＿＿＿＿＿＿＿＿＿
＿＿＿＿＿＿＿＿＿＿
＿＿＿＿＿＿＿＿＿＿
＿＿＿＿＿＿＿＿＿＿
＿＿＿＿＿＿＿＿＿＿
＿＿＿＿＿＿＿＿＿＿
＿＿＿＿＿＿＿＿＿＿
＿＿＿＿＿＿＿＿＿＿
＿＿＿◆◆＿＿＿＿＿
＿＿＿□■＿＿＿＿＿
◆◆◆□◆◆＿＿◆＿
□■□□□□■＿□□
□◆□□□□■□□□
□□□□□□□□□■
□□□□□□□□□＿
00:47:59(86395f):field(86394f)
＿＿＿＿＿＿＿＿＿＿
＿＿＿＿＿＿＿＿＿＿
＿＿＿＿＿＿＿＿＿＿
＿＿＿＿＿＿＿＿＿＿
＿＿＿＿＿＿＿＿＿＿
＿＿＿＿＿＿＿＿＿＿
＿＿＿＿＿＿＿＿＿＿
＿＿＿＿＿＿＿＿＿＿
＿＿＿＿＿＿＿＿＿＿
＿＿＿＿＿＿＿＿＿＿
＿＿＿＿＿＿＿＿＿＿
＿＿＿＿＿＿＿＿＿＿
＿＿＿＿＿＿＿＿＿＿
＿＿＿＿＿＿＿＿＿＿
＿＿＿□□＿＿＿■＿
＿＿＿□＿＿＿■■＿
□□□□□□□■□◆
□＿□□□□□□□□
□□□□□□□□□◆
□□□□□□□□□＿
00:48:00(86406f):field(86405f)
＿＿＿＿＿＿＿＿＿＿
＿＿＿＿＿＿＿＿＿＿
＿＿＿＿＿＿＿＿＿＿
＿＿＿＿＿＿＿＿＿＿
＿＿＿＿＿＿＿＿＿＿
＿＿＿＿＿＿＿＿＿＿
＿＿＿＿＿＿＿＿＿＿
＿＿＿＿＿＿＿＿＿＿
＿＿＿＿＿＿＿＿＿＿
＿＿＿＿＿＿＿＿＿＿
＿＿＿＿＿＿＿＿＿＿
＿＿＿＿＿＿＿＿＿＿
＿＿＿＿＿＿＿＿＿＿
■■■■＿＿＿＿＿＿
＿＿＿□□＿＿＿□＿
＿＿＿□＿＿＿□□＿
□□□□□□□□□＿
□＿□□□□□□□□
□□□□□□□□□＿
□□□□□□□□□＿
00:48:00(86425f):field(86424f)
＿＿＿＿＿＿＿＿＿＿
＿＿＿＿＿＿＿＿＿＿
＿＿＿＿＿＿＿＿＿＿
＿＿＿＿＿＿＿＿＿＿
＿＿＿＿＿＿＿＿＿＿
＿＿＿＿＿＿＿＿＿＿
＿＿＿＿＿＿＿＿＿＿
＿＿＿＿＿＿＿＿＿＿
＿＿＿＿＿＿＿＿＿＿
＿＿＿＿＿＿＿＿＿＿
＿＿＿＿＿＿＿＿＿＿
＿＿＿＿＿＿＿＿＿＿
＿＿＿＿＿＿＿＿＿＿
□□□□＿＿＿＿＿＿
＿＿＿□□■■＿□＿
＿＿＿□■■＿□□＿
□□□□□□□□□＿
□＿□□□□□□□□
□□□□□□□□□＿
□□□□□□□□□＿
00:48:01(86437f):field(86436f)
＿＿＿＿＿＿＿＿＿＿
＿＿＿＿＿＿＿＿＿＿
＿＿＿＿＿＿＿＿＿＿
＿＿＿＿＿＿＿＿＿＿
＿＿＿＿＿＿＿＿＿＿
＿＿＿＿＿＿＿＿＿＿
＿＿＿＿＿＿＿＿＿＿
＿＿＿＿＿＿＿＿＿＿
＿＿＿＿＿＿＿＿＿＿
＿＿＿＿＿＿＿＿＿＿
＿＿＿＿＿＿＿＿＿＿
＿＿＿＿＿＿＿＿＿＿
＿＿＿＿＿＿＿＿＿＿
□□□□＿＿＿＿■■
＿＿＿□□□□＿□■
＿＿＿□□□＿□□■
□□□□□□□□□＿
□＿□□□□□□□□
□□□□□□□□□＿
□□□□□□□□□＿
00:48:01(86449f):field(86448f)
＿＿＿＿＿＿＿＿＿＿
＿＿＿＿＿＿＿＿＿＿
＿＿＿＿＿＿＿＿＿＿
＿＿＿＿＿＿＿＿＿＿
＿＿＿＿＿＿＿＿＿＿
＿＿＿＿＿＿＿＿＿＿
＿＿＿＿＿＿＿＿＿＿
＿＿＿＿＿＿＿＿＿＿
＿＿＿＿＿＿＿＿＿＿
＿＿＿＿＿＿＿＿＿＿
＿＿＿＿＿＿＿＿＿＿
＿＿＿＿＿＿＿＿＿＿
＿＿＿＿＿＿＿■＿＿
□□□□＿＿■■□□
＿＿＿□□□□■□□
＿＿＿□□□＿□□□
□□□□□□□□□＿
□＿□□□□□□□□
□□□□□□□□□＿
□□□□□□□□□＿
00:48:02(86461f):field(86460f)
＿＿＿＿＿＿＿＿＿＿
＿＿＿＿＿＿＿＿＿＿
＿＿＿＿＿＿＿＿＿＿
＿＿＿＿＿＿＿＿＿＿
＿＿＿＿＿＿＿＿＿＿
＿＿＿＿＿＿＿＿＿＿
＿＿＿＿＿＿＿＿＿＿
＿＿＿＿＿＿＿＿＿＿
＿＿＿＿＿＿＿＿＿＿
＿＿＿＿＿＿＿＿＿＿
＿＿＿＿■＿＿＿＿＿
＿＿＿＿■＿＿＿＿＿
＿＿＿■■＿＿□＿＿
□□□□＿＿□□□□
＿＿＿□□□□□□□
＿＿＿□□□＿□□□
□□□□□□□□□＿
□＿□□□□□□□□
□□□□□□□□□＿
□□□□□□□□□＿
00:48:02(86476f):field(86475f)
＿＿＿＿＿＿＿＿＿＿
＿＿＿＿＿＿＿＿＿＿
＿＿＿＿＿＿＿＿＿＿
＿＿＿＿＿＿＿＿＿＿
＿＿＿＿＿＿＿＿＿＿
＿＿＿＿＿＿＿＿＿＿
＿＿＿＿＿＿＿＿＿＿
＿＿＿＿＿＿＿＿＿＿
＿＿＿＿＿＿＿＿＿＿
＿＿＿＿＿＿＿＿＿＿
＿＿＿＿□＿＿＿＿＿
■■＿＿□＿＿＿＿＿
■■＿□□＿＿□＿＿
□□□□＿＿□□□□
＿＿＿□□□□□□□
＿＿＿□□□＿□□□
□□□□□□□□□＿
□＿□□□□□□□□
□□□□□□□□□＿
□□□□□□□□□＿
00:48:03(86492f):field(86491f)
＿＿＿＿＿＿＿＿＿＿
＿＿＿＿＿＿＿＿＿＿
＿＿＿＿＿＿＿＿＿＿
＿＿＿＿＿＿＿＿＿＿
＿＿＿＿＿＿＿＿＿＿
＿＿＿＿＿＿＿＿＿＿
＿＿＿＿＿＿＿＿＿＿
＿＿＿＿＿＿＿＿＿＿
＿＿＿＿＿＿＿＿＿＿
＿＿＿＿＿＿＿＿＿＿
＿＿＿＿□＿＿＿＿＿
□□＿＿□＿■■＿＿
□□＿□□■■□＿＿
□□□□＿＿□□□□
＿＿＿□□□□□□□
＿＿＿□□□＿□□□
□□□□□□□□□＿
□＿□□□□□□□□
□□□□□□□□□＿
□□□□□□□□□＿
00:48:03(86505f):field(86504f)
＿＿＿＿＿＿＿＿＿＿
＿＿＿＿＿＿＿＿＿＿
＿＿＿＿＿＿＿＿＿＿
＿＿＿＿＿＿＿＿＿＿
＿＿＿＿＿＿＿＿＿＿
＿＿＿＿＿＿＿＿＿＿
＿＿＿＿＿＿＿＿＿＿
＿＿＿＿＿＿＿＿＿＿
＿＿＿＿＿＿＿＿＿＿
＿＿＿＿＿＿＿＿＿■
＿＿＿＿□＿＿＿＿■
□□＿＿□＿□□＿■
□□＿□□□□□＿■
□□□□＿＿□□□□
＿＿＿□□□□□□□
＿＿＿□□□＿□□□
□□□□□□□□□＿
□＿□□□□□□□□
□□□□□□□□□＿
□□□□□□□□□＿
00:48:03(86516f):field(86515f)
＿＿＿＿＿＿＿＿＿＿
＿＿＿＿＿＿＿＿＿＿
＿＿＿＿＿＿＿＿＿＿
＿＿＿＿＿＿＿＿＿＿
＿＿＿＿＿＿＿＿＿＿
＿＿＿＿＿＿＿＿＿＿
＿＿＿＿＿＿＿＿＿＿
＿＿＿＿＿＿＿＿＿＿
＿＿＿＿＿＿＿＿＿＿
＿＿＿＿＿■＿＿＿□
＿＿＿＿□■■＿＿□
□□＿＿□■□□＿□
□□＿□□□□□＿□
□□□□＿＿□□□□
＿＿＿□□□□□□□
＿＿＿□□□＿□□□
□□□□□□□□□＿
□＿□□□□□□□□
□□□□□□□□□＿
□□□□□□□□□＿
00:48:04(86527f):field(86526f)
＿＿＿＿＿＿＿＿＿＿
＿＿＿＿＿＿＿＿＿＿
＿＿＿＿＿＿＿＿＿＿
＿＿＿＿＿＿＿＿＿＿
＿＿＿＿＿＿＿＿＿＿
＿＿＿＿＿＿＿＿＿＿
＿＿＿＿＿＿＿＿＿＿
＿＿＿＿＿＿＿＿＿＿
＿＿＿＿＿＿＿＿＿＿
＿＿＿■■□＿＿＿□
＿＿＿■□□□＿＿□
□□＿■□□□□＿□
□□＿□□□□□＿□
□□□□＿＿□□□□
＿＿＿□□□□□□□
＿＿＿□□□＿□□□
□□□□□□□□□＿
□＿□□□□□□□□
□□□□□□□□□＿
□□□□□□□□□＿
00:48:04(86538f):field(86537f)
＿＿＿＿＿＿＿＿＿＿
＿＿＿＿＿＿＿＿＿＿
＿＿＿＿＿＿＿＿＿＿
＿＿＿＿＿＿＿＿＿＿
＿＿＿＿＿＿＿＿＿＿
＿＿＿＿＿＿＿＿＿＿
＿＿＿＿＿＿＿＿＿＿
＿＿＿＿＿＿＿＿＿＿
＿＿＿＿＿＿＿＿＿＿
＿＿＿□□□＿＿＿□
＿＿＿□□□□■■□
□□＿□□□□□■□
□□＿□□□□□■□
□□□□＿＿□□□□
＿＿＿□□□□□□□
＿＿＿□□□＿□□□
□□□□□□□□□＿
□＿□□□□□□□□
□□□□□□□□□＿
□□□□□□□□□＿
00:48:05(86550f):field(86549f)
＿＿＿＿＿＿＿＿＿＿
＿＿＿＿＿＿＿＿＿＿
＿＿＿＿＿＿＿＿＿＿
＿＿＿＿＿＿＿＿＿＿
＿＿＿＿＿＿＿＿＿＿
＿＿＿＿＿＿＿＿＿＿
＿＿＿＿＿＿＿＿＿＿
＿＿＿＿＿＿＿＿＿＿
＿＿＿＿＿＿＿＿＿＿
■■＿□□□＿＿＿□
■■＿□□□□□□□
□□＿□□□□□□□
□□＿□□□□□□□
□□□□＿＿□□□□
＿＿＿□□□□□□□
＿＿＿□□□＿□□□
□□□□□□□□□＿
□＿□□□□□□□□
□□□□□□□□□＿
□□□□□□□□□＿
00:48:05(86562f):field(86561f)
＿＿＿＿＿＿＿＿＿＿
＿＿＿＿＿＿＿＿＿＿
＿＿＿＿＿＿＿＿＿＿
＿＿＿＿＿＿＿＿＿＿
＿＿＿＿＿＿＿＿＿＿
＿＿＿＿＿＿＿＿＿＿
＿＿＿＿＿＿＿＿＿＿
＿＿＿＿＿＿＿＿＿＿
＿＿＿＿＿＿＿＿■■
□□＿□□□＿■■□
□□＿□□□□□□□
□□＿□□□□□□□
□□＿□□□□□□□
□□□□＿＿□□□□
＿＿＿□□□□□□□
＿＿＿□□□＿□□□
□□□□□□□□□＿
□＿□□□□□□□□
□□□□□□□□□＿
□□□□□□□□□＿
00:48:05(86574f):field(86573f)
＿＿＿＿＿＿＿＿＿＿
＿＿＿＿＿＿＿＿＿＿
＿＿＿＿＿＿＿＿＿＿
＿＿＿＿＿＿＿＿＿＿
＿＿＿＿＿＿＿＿＿＿
＿＿＿＿＿＿＿＿＿＿
＿＿＿＿＿＿＿＿＿＿
＿＿＿＿＿＿＿＿＿＿
＿＿＿＿＿■■■□□
□□＿□□□■□□□
□□＿□□□□□□□
□□＿□□□□□□□
□□＿□□□□□□□
□□□□＿＿□□□□
＿＿＿□□□□□□□
＿＿＿□□□＿□□□
□□□□□□□□□＿
□＿□□□□□□□□
□□□□□□□□□＿
□□□□□□□□□＿
00:48:06(86587f):field(86586f)
＿＿＿＿＿＿＿＿＿＿
＿＿＿＿＿＿＿＿＿＿
＿＿＿＿＿＿＿＿＿＿
＿＿＿＿＿＿＿＿＿＿
＿＿＿＿＿＿＿＿＿＿
＿＿＿＿＿＿＿＿＿＿
＿＿＿＿＿＿＿＿＿＿
＿＿＿＿＿＿＿＿＿＿
＿＿＿＿■◆◆◆◆◆
◆◆■□◆□◆◆◆◆
□◆＿◆□◆□◆□□
□◆■□□□□□□□
□□＿□□□□□□□
□□□□■＿□□□□
＿＿＿□□□□□□□
＿＿＿□□□＿□□□
□□□□□□□□□＿
□＿□□□□□□□□
□□□□□□□□□＿
□□□□□□□□□＿
00:48:06(86598f):field(86597f)
＿＿＿＿＿＿＿＿＿＿
＿＿＿＿＿＿＿＿＿＿
＿＿＿＿＿＿＿＿＿＿
＿＿＿＿＿＿＿＿＿＿
＿＿＿＿＿＿＿＿＿＿
＿＿＿＿＿＿＿＿＿＿
＿＿＿＿＿＿＿＿＿＿
＿＿＿＿＿＿＿＿＿＿
＿＿＿＿◆＿＿＿＿＿
＿＿◆◆＿◆＿＿＿＿
□＿＿＿◆＿◆＿◆◆
□＿◆◆◆◆◆◆◆◆
□□＿◆◆□□□□□
□□□□◆＿□□□□
＿＿＿□□□□□□□
＿＿＿□□□＿□□□
□□□□□□□□□＿
□＿□□□□□□□□
□□□□□□□□□＿
□□□□□□□□□＿
00:48:07(86610f):field(86609f)
＿＿＿＿＿＿＿＿＿＿
＿＿＿＿＿＿＿＿＿＿
＿＿＿＿＿＿＿＿＿＿
＿＿＿＿＿＿＿＿＿＿
＿＿＿＿＿＿＿＿＿＿
＿＿＿＿＿＿＿＿＿＿
＿＿＿＿＿＿＿＿＿＿
＿＿＿＿＿＿＿＿＿＿
＿＿＿＿＿＿＿＿＿＿
＿＿＿＿＿＿＿＿＿＿
□＿＿＿＿＿＿＿＿＿
□＿■■＿＿＿＿＿＿
□□■■＿□□□□□
□□□□＿＿□□□□
＿＿＿□□□□□□□
＿＿＿□□□＿□□□
□□□□□□□□□＿
□＿□□□□□□□□
□□□□□□□□□＿
□□□□□□□□□＿
00:48:07(86623f):field(86622f)
＿＿＿＿＿＿＿＿＿＿
＿＿＿＿＿＿＿＿＿＿
＿＿＿＿＿＿＿＿＿＿
＿＿＿＿＿＿＿＿＿＿
＿＿＿＿＿＿＿＿＿＿
＿＿＿＿＿＿＿＿＿＿
＿＿＿＿＿＿＿＿＿＿
＿＿＿＿＿＿＿＿＿＿
＿＿＿＿＿＿＿＿＿＿
＿＿＿＿＿＿＿＿＿＿
◆＿＿＿＿＿＿＿＿＿
□■◆◆＿■＿＿＿■
□◆□□■□◆□□◆
□□□□＿■□□□□
＿＿＿□□□□□□□
＿＿＿□□□＿□□□
□□□□□□□□□＿
□＿□□□□□□□□
□□□□□□□□□＿
□□□□□□□□□＿
00:48:07(86635f):field(86634f)
＿＿＿＿＿＿＿＿＿＿
＿＿＿＿＿＿＿＿＿＿
＿＿＿＿＿＿＿＿＿＿
＿＿＿＿＿＿＿＿＿＿
＿＿＿＿＿＿＿＿＿＿
＿＿＿＿＿＿＿＿＿＿
＿＿＿＿＿＿＿＿＿＿
＿＿＿＿＿＿＿＿＿＿
＿＿＿＿＿＿＿＿＿＿
＿＿＿＿＿＿＿＿＿＿
＿■＿＿＿＿＿＿＿＿
□□■＿＿□＿＿＿◆
□■□□□□＿◆◆＿
□□□□＿◆□□□□
＿＿＿□□□□□□□
＿＿＿□□□＿□□□
□□□□□□□□□＿
□＿□□□□□□□□
□□□□□□□□□＿
□□□□□□□□□＿
00:48:08(86649f):field(86648f)
＿＿＿＿＿＿＿＿＿＿
＿＿＿＿＿＿＿＿＿＿
＿＿＿＿＿＿＿＿＿＿
＿＿＿＿＿＿＿＿＿＿
＿＿＿＿＿＿＿＿＿＿
＿＿＿＿＿＿＿＿＿＿
＿＿＿＿＿＿＿＿＿＿
＿＿＿＿＿＿＿＿＿＿
＿＿＿＿＿＿＿＿＿＿
＿＿＿＿＿＿＿＿＿＿
＿◆＿＿＿＿＿＿＿＿
◆□◆＿＿◆＿＿＿■
□□□◆◆□＿■■＿
□□□□＿■□□□□
＿■＿□□□□□□□
＿＿＿□□□＿□□□
□□□□□□□□□＿
□＿□□□□□□□□
□□□□□□□□□＿
□□□□□□□□□＿
00:48:08(86661f):field(86660f)
＿＿＿＿＿＿＿＿＿＿
＿＿＿＿＿＿＿＿＿＿
＿＿＿＿＿＿＿＿＿＿
＿＿＿＿＿＿＿＿＿＿
＿＿＿＿＿＿＿＿＿＿
＿＿＿＿＿＿＿＿＿＿
＿＿＿＿＿＿＿＿＿＿
＿＿＿＿＿＿＿＿＿＿
＿＿＿＿＿＿＿＿＿＿
＿＿＿＿＿＿＿＿＿＿
＿＿＿＿＿＿＿＿＿＿
＿□＿＿＿＿＿＿＿□
□□□＿＿□＿□□■
□□□□＿◆□□□□
＿◆＿□□□□□□□
＿＿＿□□□＿□□□
□□□□□□□□□＿
□＿□□□□□□□□
□□□□□□□□□＿
□□□□□□□□□＿
00:48:09(86672f):field(86671f)
＿＿＿＿＿＿＿＿＿＿
＿＿＿＿＿＿＿＿＿＿
＿＿＿＿＿＿＿＿＿＿
＿＿＿＿＿＿＿＿＿＿
＿＿＿＿＿＿＿＿＿＿
＿＿＿＿＿＿＿＿＿＿
＿＿＿＿＿＿＿＿＿＿
＿＿＿＿＿＿＿＿＿＿
＿＿＿＿＿＿＿＿＿＿
＿＿＿＿＿＿＿＿＿＿
＿＿＿＿＿＿＿＿＿＿
＿□＿■＿＿＿＿＿□
□□□■■□＿□□□
□□□□■＿□□□□
＿＿＿□□□□□□□
＿＿＿□□□＿□□□
□□□□□□□□□＿
□＿□□□□□□□□
□□□□□□□□□＿
□□□□□□□□□＿
00:48:09(86688f):field(86687f)
＿＿＿＿＿＿＿＿＿＿
＿＿＿＿＿＿＿＿＿＿
＿＿＿＿＿＿＿＿＿＿
＿＿＿＿＿＿＿＿＿＿
＿＿＿＿＿＿＿＿＿＿
＿＿＿＿＿＿＿＿＿＿
＿＿＿＿＿＿＿＿＿＿
＿＿＿＿＿＿＿＿＿＿
＿＿＿＿＿＿＿＿＿＿
＿＿＿＿＿＿＿＿＿＿
＿＿＿＿＿＿＿＿＿＿
＿◆＿◆＿■＿■＿◆
◆□◆□◆◆■□◆□
□□□□□＿□□□□
＿＿＿□□□□□□□
＿＿＿□□□＿□□□
□□□□□□□□□＿
□＿□□□□□□□□
□□□□□□□□□＿
□□□□□□□□□＿
00:48:10(86700f):field(86699f)
＿＿＿＿＿＿＿＿＿＿
＿＿＿＿＿＿＿＿＿＿
＿＿＿＿＿＿＿＿＿＿
＿＿＿＿＿＿＿＿＿＿
＿＿＿＿＿＿＿＿＿＿
＿＿＿＿＿＿＿＿＿＿
＿＿＿＿＿＿＿＿＿＿
＿＿＿＿＿＿＿＿＿＿
＿＿＿＿＿＿＿＿＿＿
＿＿＿＿＿＿＿＿＿＿
＿＿＿＿＿＿＿＿＿＿
＿＿＿＿＿◆＿◆＿＿
＿◆＿◆■■□□＿◆
□□□□◆■□□◆□
■■＿□□□□□□□
■＿＿□□□■□□□
□□□□□□□□□＿
□＿□□□□□□□□
□□□□□□□□□＿
□□□□□□□□□＿
00:48:10(86712f):field(86711f)
＿＿＿＿＿＿＿＿＿＿
＿＿＿＿＿＿＿＿＿＿
＿＿＿＿＿＿＿＿＿＿
＿＿＿＿＿＿＿＿＿＿
＿＿＿＿＿＿＿＿＿＿
＿＿＿＿＿＿＿＿＿＿
＿＿＿＿＿＿＿＿＿＿
＿＿＿＿＿＿＿＿＿＿
＿＿＿＿＿＿＿＿＿＿
＿＿＿＿＿＿＿＿＿＿
＿＿＿＿■＿＿＿＿＿
＿＿＿＿■＿＿＿＿＿
＿＿＿＿□□□□＿＿
◆□◆□■□□□＿□
◆◆＿□□□□□□□
◆＿＿□□□◆□□□
□□□□□□□□□＿
□＿□□□□□□□□
□□□□□□□□□＿
□□□□□□□□□＿
00:48:10(86728f):field(86727f)
＿＿＿＿＿＿＿＿＿＿
＿＿＿＿＿＿＿＿＿＿
＿＿＿＿＿＿＿＿＿＿
＿＿＿＿＿＿＿＿＿＿
＿＿＿＿＿＿＿＿＿＿
＿＿＿＿＿＿＿＿＿＿
＿＿＿＿＿＿＿＿＿＿
＿＿＿＿＿＿＿＿＿＿
＿＿＿＿＿＿＿＿＿＿
＿＿＿＿＿＿＿＿＿＿
＿＿＿＿□＿＿＿＿＿
■＿＿＿□＿＿＿＿＿
■■＿＿□□□□＿＿
■□＿□□□□□＿□
＿＿＿□□□□□□□
＿＿＿□□□＿□□□
□□□□□□□□□＿
□＿□□□□□□□□
□□□□□□□□□＿
□□□□□□□□□＿
00:48:11(86740f):field(86739f)
＿＿＿＿＿＿＿＿＿＿
＿＿＿＿＿＿＿＿＿＿
＿＿＿＿＿＿＿＿＿＿
＿＿＿＿＿＿＿＿＿＿
＿＿＿＿＿＿＿＿＿＿
＿＿＿＿＿＿＿＿＿＿
＿＿＿＿＿＿＿＿＿＿
＿＿＿＿＿＿＿＿＿＿
＿＿＿＿＿＿＿＿＿＿
＿＿＿＿＿＿＿＿＿＿
＿＿＿＿□＿＿＿＿＿
□■■＿□＿＿＿＿＿
□□■＿□□□□＿＿
□□■□□□□□＿□
＿＿＿□□□□□□□
＿＿＿□□□＿□□□
□□□□□□□□□＿
□＿□□□□□□□□
□□□□□□□□□＿
□□□□□□□□□＿
00:48:11(86754f):field(86753f)
＿＿＿＿＿＿＿＿＿＿
＿＿＿＿＿＿＿＿＿＿
＿＿＿＿＿＿＿＿＿＿
＿＿＿＿＿＿＿＿＿＿
＿＿＿＿＿＿＿＿＿＿
＿＿＿＿＿＿＿＿＿＿
＿＿＿＿＿＿＿＿＿＿
＿＿＿＿＿＿＿＿＿＿
＿＿＿＿■＿＿＿＿＿
＿＿＿＿■■＿＿＿＿
＿＿＿＿□■＿＿＿＿
□□□＿□＿＿＿＿＿
□□□＿□□□□＿＿
□□□□□□□□＿□
＿＿＿□□□□□□□
＿＿＿□□□＿□□□
□□□□□□□□□＿
□＿□□□□□□□□
□□□□□□□□□＿
□□□□□□□□□＿
00:48:12(86767f):field(86766f)
＿＿＿＿＿＿＿＿＿＿
＿＿＿＿＿＿＿＿＿＿
＿＿＿＿＿＿＿＿＿＿
＿＿＿＿＿＿＿＿＿＿
＿＿＿＿＿＿＿＿＿＿
＿＿＿＿＿＿＿＿＿＿
＿＿＿＿＿＿＿＿＿＿
＿＿＿＿＿＿＿＿＿＿
＿＿＿＿□＿＿＿＿＿
＿＿＿＿□□■＿＿＿
＿＿＿＿□□■＿＿＿
□□□＿□■■＿＿＿
□□□＿□□□□＿＿
□□□□□□□□＿□
＿＿＿□□□□□□□
＿＿＿□□□＿□□□
□□□□□□□□□＿
□＿□□□□□□□□
□□□□□□□□□＿
□□□□□□□□□＿
00:48:12(86782f):field(86781f)
＿＿＿＿＿＿＿＿＿＿
＿＿＿＿＿＿＿＿＿＿
＿＿＿＿＿＿＿＿＿＿
＿＿＿＿＿＿＿＿＿＿
＿＿＿＿＿＿＿＿＿＿
＿＿＿＿＿＿＿＿＿＿
＿＿＿＿＿＿＿＿＿＿
＿＿＿＿＿＿＿＿＿＿
＿＿＿＿□＿＿＿＿＿
＿＿＿■□□□＿＿＿
＿＿＿■□□□＿＿＿
□□□■□□□＿＿＿
□□□■□□□□＿＿
□□□□□□□□＿□
＿＿＿□□□□□□□
＿＿＿□□□＿□□□
□□□□□□□□□＿
□＿□□□□□□□□
□□□□□□□□□＿
□□□□□□□□□＿
00:48:13(86797f):field(86796f)
＿＿＿＿＿＿＿＿＿＿
＿＿＿＿＿＿＿＿＿＿
＿＿＿＿＿＿＿＿＿＿
＿＿＿＿＿＿＿＿＿＿
＿＿＿＿＿＿＿＿＿＿
＿＿＿＿＿＿＿＿＿＿
＿＿＿＿＿＿＿＿＿＿
＿＿＿＿＿＿＿＿＿＿
＿＿＿＿◆＿＿＿＿＿
＿＿＿◆◆◆◆＿＿＿
＿＿＿◆□◆◆＿＿＿
◆◆◆□□□□＿＿＿
◆◆◆□□□□◆＿＿
□□□□□□□◆＿□
＿■■□□□□□□□
■＿＿□□□＿□□□
□□□□□□□□□＿
□＿□□□□□□□□
□□□□□□□□□＿
□□□□□□□□□＿
00:48:13(86812f):field(86811f)
＿＿＿＿＿＿＿＿＿＿
＿＿＿＿＿＿＿＿＿＿
＿＿＿＿＿＿＿＿＿＿
＿＿＿＿＿＿＿＿＿＿
＿＿＿＿＿＿＿＿＿＿
＿＿＿＿＿＿＿＿＿＿
＿＿＿＿＿＿＿＿＿＿
＿＿＿＿＿＿＿＿＿＿
＿＿＿＿＿＿＿＿＿＿
＿＿＿＿＿＿＿＿＿＿
＿＿＿＿◆＿＿＿＿＿
＿＿＿◆□◆◆＿＿＿
■＿＿□□□□■＿＿
◆◆◆□□□□■＿□
＿◆◆□□□□□□□
◆＿■□□□＿□□□
□□□□□□□□□＿
□＿□□□□□□□□
□□□□□□□□□＿
□□□□□□□□□＿
00:48:14(86823f):field(86822f)
＿＿＿＿＿＿＿＿＿＿
＿＿＿＿＿＿＿＿＿＿
＿＿＿＿＿＿＿＿＿＿
＿＿＿＿＿＿＿＿＿＿
＿＿＿＿＿＿＿＿＿＿
＿＿＿＿＿＿＿＿＿＿
＿＿＿＿＿＿＿＿＿＿
＿＿＿＿＿＿＿＿＿＿
＿＿＿＿＿＿＿＿＿＿
＿＿＿＿＿＿＿＿＿＿
＿＿＿＿＿＿＿＿＿＿
＿＿＿＿□＿＿＿＿＿
◆＿＿□□□□□＿＿
＿＿＿□□□□□＿◆
＿■＿□□□□□□□
■■□□□□＿□□□
□□□□□□□□□＿
□＿□□□□□□□□
□□□□□□□□□＿
□□□□□□□□□＿
00:48:14(86836f):field(86835f)
＿＿＿＿＿＿＿＿＿＿
＿＿＿＿＿＿＿＿＿＿
＿＿＿＿＿＿＿＿＿＿
＿＿＿＿＿＿＿＿＿＿
＿＿＿＿＿＿＿＿＿＿
＿＿＿＿＿＿＿＿＿＿
＿＿＿＿＿＿＿＿＿＿
＿＿＿＿＿＿＿＿＿＿
＿＿＿＿＿＿＿＿＿＿
＿＿＿＿＿＿＿＿＿＿
＿＿＿■■■＿＿＿＿
＿＿＿＿□■＿＿＿＿
＿＿＿□□□□□＿＿
＿＿＿□□□□□＿＿
＿□＿□□□□□□□
□□□□□□＿□□□
□□□□□□□□□＿
□＿□□□□□□□□
□□□□□□□□□＿
□□□□□□□□□＿
00:48:15(86850f):field(86849f)
＿＿＿＿＿＿＿＿＿＿
＿＿＿＿＿＿＿＿＿＿
＿＿＿＿＿＿＿＿＿＿
＿＿＿＿＿＿＿＿＿＿
＿＿＿＿＿＿＿＿＿＿
＿＿＿＿＿＿＿＿＿＿
＿＿＿＿＿＿＿＿＿＿
＿＿＿＿＿＿＿＿＿＿
＿＿＿＿＿＿＿＿＿＿
＿＿＿＿＿＿＿＿＿＿
＿＿＿□□□＿＿＿■
＿＿＿＿□□＿＿＿■
＿＿＿□□□□□＿■
＿＿＿□□□□□＿■
＿□＿□□□□□□□
□□□□□□＿□□□
□□□□□□□□□＿
□＿□□□□□□□□
□□□□□□□□□＿
□□□□□□□□□＿
00:48:15(86861f):field(86860f)
＿＿＿＿＿＿＿＿＿＿
＿＿＿＿＿＿＿＿＿＿
＿＿＿＿＿＿＿＿＿＿
＿＿＿＿＿＿＿＿＿＿
＿＿＿＿＿＿＿＿＿＿
＿＿＿＿＿＿＿＿＿＿
＿＿＿＿＿＿＿＿＿＿
＿＿＿＿＿＿＿＿＿＿
＿＿＿＿＿＿＿＿＿＿
＿＿＿＿＿＿＿＿＿＿
＿＿＿□□□＿＿＿□
＿＿＿＿□□＿＿＿□
＿■＿□□□□□＿□
＿■■□□□□□＿□
＿□■□□□□□□□
□□□□□□＿□□□
□□□□□□□□□＿
□＿□□□□□□□□
□□□□□□□□□＿
□□□□□□□□□＿
00:48:15(86872f):field(86871f)
＿＿＿＿＿＿＿＿＿＿
＿＿＿＿＿＿＿＿＿＿
＿＿＿＿＿＿＿＿＿＿
＿＿＿＿＿＿＿＿＿＿
＿＿＿＿＿＿＿＿＿＿
＿＿＿＿＿＿＿＿＿＿
＿＿＿＿＿＿＿＿＿＿
＿＿＿＿＿＿＿＿＿＿
＿＿＿■■＿＿＿＿＿
＿＿＿■■＿＿＿＿＿
＿＿＿□□□＿＿＿□
＿＿＿＿□□＿＿＿□
＿□＿□□□□□＿□
＿□□□□□□□＿□
＿□□□□□□□□□
□□□□□□＿□□□
□□□□□□□□□＿
□＿□□□□□□□□
□□□□□□□□□＿
□□□□□□□□□＿
00:48:16(86885f):field(86884f)
＿＿＿＿＿＿＿＿＿＿
＿＿＿＿＿＿＿＿＿＿
＿＿＿＿＿＿＿＿＿＿
＿＿＿＿＿＿＿＿＿＿
＿＿＿＿＿＿＿＿＿＿
＿＿＿＿＿＿＿＿＿＿
＿＿＿＿＿＿＿＿＿＿
＿＿＿＿＿＿＿＿＿＿
＿＿＿□□＿＿＿＿＿
＿＿＿□□＿＿＿＿＿
＿＿＿□□□＿＿＿□
＿■■■□□＿＿＿□
＿□■□□□□□＿□
＿□□□□□□□＿□
＿□□□□□□□□□
□□□□□□＿□□□
□□□□□□□□□＿
□＿□□□□□□□□
□□□□□□□□□＿
□□□□□□□□□＿
00:48:16(86898f):field(86897f)
＿＿＿＿＿＿＿＿＿＿
＿＿＿＿＿＿＿＿＿＿
＿＿＿＿＿＿＿＿＿＿
＿＿＿＿＿＿＿＿＿＿
＿＿＿＿＿＿＿＿＿＿
＿＿＿＿＿＿＿＿＿＿
＿＿＿＿＿＿＿＿＿＿
＿＿＿＿＿＿＿＿＿＿
＿＿＿□□＿＿＿＿＿
＿＿＿□□＿＿＿＿＿
＿＿＿□□□＿＿＿□
＿□□□□□■■■□
＿□□□□□□□■□
＿□□□□□□□＿□
＿□□□□□□□□□
□□□□□□＿□□□
□□□□□□□□□＿
□＿□□□□□□□□
□□□□□□□□□＿
□□□□□□□□□＿
00:48:16(86909f):field(86908f)
＿＿＿＿＿＿＿＿＿＿
＿＿＿＿＿＿＿＿＿＿
＿＿＿＿＿＿＿＿＿＿
＿＿＿＿＿＿＿＿＿＿
＿＿＿＿＿＿＿＿＿＿
＿＿＿＿＿＿＿＿＿＿
＿＿＿＿＿＿＿＿＿＿
＿＿＿＿■■＿＿＿＿
＿＿＿□□■＿＿＿＿
＿＿＿□□■＿＿＿＿
＿＿＿□□□＿＿＿□
＿□□□□□□□□□
＿□□□□□□□□□
＿□□□□□□□＿□
＿□□□□□□□□□
□□□□□□＿□□□
□□□□□□□□□＿
□＿□□□□□□□□
□□□□□□□□□＿
□□□□□□□□□＿
00:48:17(86920f):field(86919f)
＿＿＿＿＿＿＿＿＿＿
＿＿＿＿＿＿＿＿＿＿
＿＿＿＿＿＿＿＿＿＿
＿＿＿＿＿＿＿＿＿＿
＿＿＿＿＿＿＿＿＿＿
＿＿＿＿＿＿＿＿＿＿
＿＿＿＿＿＿＿＿＿＿
＿＿＿＿□□＿＿＿＿
＿＿＿□□□＿＿＿■
＿＿＿□□□＿＿■■
＿＿＿□□□＿＿■□
＿□□□□□□□□□
＿□□□□□□□□□
＿□□□□□□□＿□
＿□□□□□□□□□
□□□□□□＿□□□
□□□□□□□□□＿
□＿□□□□□□□□
□□□□□□□□□＿
□□□□□□□□□＿
00:48:17(86932f):field(86931f)
＿＿＿＿＿＿＿＿＿＿
＿＿＿＿＿＿＿＿＿＿
＿＿＿＿＿＿＿＿＿＿
＿＿＿＿＿＿＿＿＿＿
＿＿＿＿＿＿＿＿＿＿
＿＿＿＿＿＿＿＿＿＿
＿＿＿＿＿＿＿＿＿＿
＿＿＿＿□□＿＿＿＿
＿＿＿□□□■＿＿□
＿＿＿□□□■■□□
＿＿＿□□□＿■□□
＿□□□□□□□□□
＿□□□□□□□□□
＿□□□□□□□＿□
＿□□□□□□□□□
□□□□□□＿□□□
□□□□□□□□□＿
□＿□□□□□□□□
□□□□□□□□□＿
□□□□□□□□□＿
00:48:18(86946f):field(86945f)
＿＿＿＿＿＿＿＿＿＿
＿＿＿＿＿＿＿＿＿＿
＿＿＿＿＿＿＿＿＿＿
＿＿＿＿＿＿＿＿＿＿
＿＿＿＿＿＿＿＿＿＿
＿＿＿＿＿＿＿＿＿＿
＿＿＿＿＿＿＿＿＿＿
＿＿＿＿□□＿＿＿＿
＿＿＿□□□□＿＿□
＿■■□□□□□□□
＿■■□□□＿□□□
＿□□□□□□□□□
＿□□□□□□□□□
＿□□□□□□□＿□
＿□□□□□□□□□
□□□□□□＿□□□
□□□□□□□□□＿
□＿□□□□□□□□
□□□□□□□□□＿
□□□□□□□□□＿
00:48:18(86957f):field(86956f)
＿＿＿＿＿＿＿＿＿＿
＿＿＿＿＿＿＿＿＿＿
＿＿＿＿＿＿＿＿＿＿
＿＿＿＿＿＿＿＿＿＿
＿＿＿＿＿＿＿＿＿＿
＿＿＿＿＿＿＿＿＿＿
＿＿＿＿■■■＿＿＿
＿＿＿＿□□■＿＿＿
＿＿＿□□□□＿＿□
＿□□□□□□□□□
＿□□□□□＿□□□
＿□□□□□□□□□
＿□□□□□□□□□
＿□□□□□□□＿□
＿□□□□□□□□□
□□□□□□＿□□□
□□□□□□□□□＿
□＿□□□□□□□□
□□□□□□□□□＿
□□□□□□□□□＿
00:48:18(86968f):field(86967f)
＿＿＿＿＿＿＿＿＿＿
＿＿＿＿＿＿＿＿＿＿
＿＿＿＿＿＿＿＿＿＿
＿＿＿＿＿＿＿＿＿＿
＿＿＿■＿＿＿＿＿＿
＿＿＿■■＿＿＿＿＿
＿＿＿■□□□＿＿＿
＿＿＿＿□□□＿＿＿
＿＿＿□□□□＿＿□
＿□□□□□□□□□
＿□□□□□＿□□□
＿□□□□□□□□□
＿□□□□□□□□□
＿□□□□□□□＿□
＿□□□□□□□□□
□□□□□□＿□□□
□□□□□□□□□＿
□＿□□□□□□□□
□□□□□□□□□＿
□□□□□□□□□＿
00:48:19(86983f):field(86982f)
＿＿＿＿＿＿＿＿＿＿
＿＿＿＿＿＿＿＿＿＿
＿＿＿＿＿＿＿＿＿＿
＿＿＿＿＿＿＿＿＿＿
＿＿＿◆＿＿＿＿＿＿
＿＿＿◆◆＿＿＿＿＿
＿＿＿◆◆◆◆＿＿＿
＿＿＿■◆◆◆＿＿＿
＿＿＿□□◆◆＿＿◆
＿◆◆□□□□◆◆◆
■◆◆◆□□■◆□◆
＿□□□□□□□◆□
■□□□□□□□□□
■□□□□□◆□■□
■□□□□□□□□□
□□□□□□＿□□□
□□□□□□□□□＿
□＿□□□□□□□□
□□□□□□□□□＿
□□□□□□□□□＿
00:48:19(86996f):field(86995f)
＿＿＿＿＿＿＿＿＿＿
＿＿＿＿＿＿＿＿＿＿
＿＿＿＿＿＿＿＿＿＿
＿＿＿＿＿＿＿＿＿＿
＿＿＿＿＿＿＿＿＿＿
＿＿＿＿＿＿＿＿＿＿
＿＿＿＿＿＿＿＿＿＿
＿＿＿□＿＿＿＿＿＿
＿＿＿□□＿＿＿＿＿
＿＿＿□□□□＿＿＿
◆＿■■□□□＿◆＿
＿□□□□□□◆＿□
◆□□□□□□□□□
◆□□□□□＿□□□
□□□□□□□□◆□
□□□□□□＿□□□
□□□□□□□□□＿
□＿□□□□□□□□
□□□□□□□□□＿
□□□□□□□□□＿
00:48:20(87005f):field(87004f)
＿＿＿＿＿＿＿＿＿＿
＿＿＿＿＿＿＿＿＿＿
＿＿＿＿＿＿＿＿＿＿
＿＿＿＿＿＿＿＿＿＿
＿＿＿＿＿＿＿＿＿＿
＿＿＿＿＿＿＿＿＿＿
＿＿＿＿＿＿＿＿＿＿
＿＿＿□■■＿＿＿＿
＿＿＿□□■■＿＿＿
＿＿＿□□□□＿＿＿
＿＿□□□□□＿＿＿
＿□□□□□□＿＿□
＿□□□□□□□□□
＿□□□□□＿□□□
□□□□□□□□＿□
□□□□□□＿□□□
□□□□□□□□□＿
□＿□□□□□□□□
□□□□□□□□□＿
□□□□□□□□□＿
00:48:20(87017f):field(87016f)
＿＿＿＿＿＿＿＿＿＿
＿＿＿＿＿＿＿＿＿＿
＿＿＿＿＿＿＿＿＿＿
＿＿＿＿＿＿＿＿＿＿
＿＿＿＿＿＿＿＿＿＿
＿＿＿＿＿＿＿＿＿＿
＿＿＿＿＿＿＿＿＿＿
＿＿＿□□□＿＿＿＿
＿＿＿□□□□＿＿＿
＿＿＿□□□□＿＿＿
＿＿□□□□□■■＿
＿□□□□□□■■□
＿□□□□□□□□□
＿□□□□□＿□□□
□□□□□□□□＿□
□□□□□□＿□□□
□□□□□□□□□＿
□＿□□□□□□□□
□□□□□□□□□＿
□□□□□□□□□＿
00:48:21(87030f):field(87029f)
＿＿＿＿＿＿＿＿＿＿
＿＿＿＿＿＿＿＿＿＿
＿＿＿＿＿＿＿＿＿＿
＿＿＿＿＿＿＿＿＿＿
＿＿＿＿＿＿＿＿＿＿
＿＿＿＿＿＿＿＿＿＿
＿＿＿＿＿＿＿＿＿＿
＿＿＿◆◆◆＿＿＿＿
＿＿＿◆◆◆◆＿＿＿
＿＿＿□□□◆＿＿＿
■＿◆□□□□◆◆＿
＿◆◆□□□□□◆□
■□□□□□□□□◆
＿□□□□□＿□□□
□□□□□□□□＿□
□□□□□□＿□□□
□□□□□□□□□＿
□＿□□□□□□□□
□□□□□□□□□＿
□□□□□□□□□＿
00:48:21(87044f):field(87043f)
＿＿＿＿＿＿＿＿＿＿
＿＿＿＿＿＿＿＿＿＿
＿＿＿＿＿＿＿＿＿＿
＿＿＿＿＿＿＿＿＿＿
＿＿＿＿＿＿＿＿＿＿
＿＿＿＿＿＿＿＿＿＿
＿＿＿＿＿＿＿＿＿＿
＿＿＿＿＿＿＿＿＿＿
＿＿＿＿＿＿＿＿＿＿
＿＿＿◆◆◆＿＿＿＿
◆＿＿□□□◆＿＿■
＿＿＿□□□□□＿□
◆◆◆□□□□◆□■
＿□□□□□■□□□
□□□□□□□□＿□
□□□□□□＿□□□
□□□□□□□□□＿
□＿□□□□□□□□
□□□□□□□□□＿
□□□□□□□□□＿
00:48:21(87053f):field(87052f)
＿＿＿＿＿＿＿＿＿＿
＿＿＿＿＿＿＿＿＿＿
＿＿＿＿＿＿＿＿＿＿
＿＿＿＿＿＿＿＿＿＿
＿＿＿＿＿＿＿＿＿＿
＿＿＿＿＿＿＿＿＿＿
＿＿＿＿＿＿＿＿＿＿
＿＿＿＿＿＿＿＿＿＿
＿＿＿＿■■＿＿＿＿
＿＿＿■■＿＿＿＿＿
＿＿＿□□□＿＿＿□
＿＿＿□□□□◆＿□
＿＿＿□□□□＿◆□
＿□□□□□◆□□□
□□□□□□□□＿□
□□□□□□＿□□□
□□□□□□□□□＿
□＿□□□□□□□□
□□□□□□□□□＿
□□□□□□□□□＿
00:48:22(87063f):field(87062f)
＿＿＿＿＿＿＿＿＿＿
＿＿＿＿＿＿＿＿＿＿
＿＿＿＿＿＿＿＿＿＿
＿＿＿＿＿＿＿＿＿＿
＿＿＿＿＿＿＿＿＿＿
＿＿＿＿＿＿＿＿＿＿
＿＿＿＿＿＿＿＿＿＿
＿＿＿＿＿＿＿＿＿＿
＿＿＿＿□□＿＿＿＿
＿＿＿□□＿＿＿＿＿
＿＿＿□□□＿＿＿□
＿＿＿□□□□＿＿□
■■■□□□□＿＿□
■□□□□□＿□□□
□□□□□□□□＿□
□□□□□□＿□□□
□□□□□□□□□＿
□＿□□□□□□□□
□□□□□□□□□＿
□□□□□□□□□＿
00:48:22(87080f):field(87079f)
＿＿＿＿＿＿＿＿＿＿
＿＿＿＿＿＿＿＿＿＿
＿＿＿＿＿＿＿＿＿＿
＿＿＿＿＿＿＿＿＿＿
＿＿＿＿＿＿＿＿＿＿
＿＿＿＿＿＿＿＿＿＿
＿＿＿＿＿＿＿＿＿＿
＿＿＿＿＿＿＿＿＿＿
＿＿＿＿□□■＿＿＿
＿＿＿□□■■＿＿＿
＿＿＿□□□■＿＿□
＿＿＿□□□□＿＿□
□□□□□□□＿＿□
□□□□□□＿□□□
□□□□□□□□＿□
□□□□□□＿□□□
□□□□□□□□□＿
□＿□□□□□□□□
□□□□□□□□□＿
□□□□□□□□□＿
00:48:23(87090f):field(87089f)
＿＿＿＿＿＿＿＿＿＿
＿＿＿＿＿＿＿＿＿＿
＿＿＿＿＿＿＿＿＿＿
＿＿＿＿＿＿＿＿＿＿
＿＿＿＿＿＿＿＿＿＿
＿＿＿＿＿＿＿＿＿＿
＿＿＿＿＿＿＿＿＿＿
＿■■＿＿＿＿＿＿＿
＿＿■■□□□＿＿＿
＿＿＿□□□□＿＿＿
＿＿＿□□□□＿＿□
＿＿＿□□□□＿＿□
□□□□□□□＿＿□
□□□□□□＿□□□
□□□□□□□□＿□
□□□□□□＿□□□
□□□□□□□□□＿
□＿□□□□□□□□
□□□□□□□□□＿
□□□□□□□□□＿
00:48:23(87102f):field(87101f)
＿＿＿＿＿＿＿＿＿＿
＿＿＿＿＿＿＿＿＿＿
＿＿＿＿＿＿＿＿＿＿
＿＿＿＿＿＿＿＿＿＿
＿＿＿＿＿＿＿＿＿＿
＿＿＿＿＿＿＿＿＿＿
＿＿＿■＿＿＿＿＿＿
＿□□■■■＿＿＿＿
＿＿□□□□□＿＿＿
＿＿＿□□□□＿＿＿
＿＿＿□□□□＿＿□
＿＿＿□□□□＿＿□
□□□□□□□＿＿□
□□□□□□＿□□□
□□□□□□□□＿□
□□□□□□＿□□□
□□□□□□□□□＿
□＿□□□□□□□□
□□□□□□□□□＿
□□□□□□□□□＿
00:48:23(87118f):field(87117f)
＿＿＿＿＿＿＿＿＿＿
＿＿＿＿＿＿＿＿＿＿
＿＿＿＿＿＿＿＿＿＿
＿＿＿＿＿＿＿＿＿＿
＿＿＿＿＿＿＿＿＿＿
＿＿＿＿＿＿＿＿＿＿
＿＿＿◆＿＿＿＿＿＿
＿◆◆□◆◆＿＿＿＿
＿■□□□□◆＿＿＿
＿＿■□□□□＿＿＿
＿＿＿□□□□＿＿◆
＿■＿□□□□＿＿□
◆◆□□□□□■■□
□□□□□□＿□□□
□□□□□□□□＿□
□□□□□□＿□□□
□□□□□□□□□＿
□＿□□□□□□□□
□□□□□□□□□＿
□□□□□□□□□＿
00:48:24(87131f):field(87130f)
＿＿＿＿＿＿＿＿＿＿
＿＿＿＿＿＿＿＿＿＿
＿＿＿＿＿＿＿＿＿＿
＿＿＿＿＿＿＿＿＿＿
＿＿＿＿＿＿＿＿＿＿
＿＿＿＿＿＿＿＿＿＿
＿＿＿＿＿＿＿＿＿＿
＿＿＿□＿＿＿＿＿＿
＿□□□□□＿■＿＿
＿＿□□□□□■＿＿
＿＿＿□□□□■＿＿
＿◆＿□□□□■＿□
＿＿◆□□□□□□□
□□□□□□＿□□□
□□□□□□□□＿□
□□□□□□＿□□□
□□□□□□□□□＿
□＿□□□□□□□□
□□□□□□□□□＿
□□□□□□□□□＿
00:48:24(87143f):field(87142f)
＿＿＿＿＿＿＿＿＿＿
＿＿＿＿＿＿＿＿＿＿
＿＿＿＿＿＿＿＿＿＿
＿＿＿＿＿＿＿＿＿＿
＿＿＿＿＿＿＿＿＿＿
＿＿＿＿■＿＿＿＿＿
＿＿＿■■＿＿＿＿＿
＿＿＿□■＿＿＿＿＿
＿□□□□□＿□＿＿
＿＿□□□□□□＿＿
＿＿＿□□□□□＿＿
＿＿＿□□□□□＿□
＿＿＿□□□□□□□
□□□□□□＿□□□
□□□□□□□□＿□
□□□□□□＿□□□
□□□□□□□□□＿
□＿□□□□□□□□
□□□□□□□□□＿
□□□□□□□□□＿
00:48:25(87155f):field(87154f)
＿＿＿＿＿＿＿＿＿＿
＿＿＿＿＿＿＿＿＿＿
＿＿＿＿＿＿＿＿＿＿
＿＿＿＿＿＿＿＿＿＿
＿＿＿＿＿＿＿＿＿＿
＿＿＿＿□＿＿＿＿＿
＿＿＿□□＿＿＿＿＿
■■■□□＿＿＿＿＿
■□□□□□＿□＿＿
＿＿□□□□□□＿＿
＿＿＿□□□□□＿＿
＿＿＿□□□□□＿□
＿＿＿□□□□□□□
□□□□□□＿□□□
□□□□□□□□＿□
□□□□□□＿□□□
□□□□□□□□□＿
□＿□□□□□□□□
□□□□□□□□□＿
□□□□□□□□□＿
00:48:25(87171f):field(87170f)
＿＿＿＿＿＿＿＿＿＿
＿＿＿＿＿＿＿＿＿＿
＿＿＿＿＿＿＿＿＿＿
＿＿＿＿＿＿＿＿＿＿
＿＿＿＿＿＿＿＿＿＿
＿＿＿＿□＿＿＿＿＿
＿＿＿□□＿＿＿＿＿
□□□□□＿＿＿＿＿
□□□□□□＿□＿＿
＿＿□□□□□□■■
＿＿＿□□□□□■＿
＿＿＿□□□□□■□
＿＿＿□□□□□□□
□□□□□□＿□□□
□□□□□□□□＿□
□□□□□□＿□□□
□□□□□□□□□＿
□＿□□□□□□□□
□□□□□□□□□＿
□□□□□□□□□＿
00:48:26(87182f):field(87181f)
＿＿＿＿＿＿＿＿＿＿
＿＿＿＿＿＿＿＿＿＿
＿＿＿＿＿＿＿＿＿＿
＿＿＿＿＿＿＿＿＿＿
＿＿＿＿＿＿＿＿＿＿
＿＿＿＿□＿＿＿＿＿
＿＿＿□□■＿＿＿＿
□□□□□■■＿＿＿
□□□□□□■□＿＿
＿＿□□□□□□□□
＿＿＿□□□□□□＿
＿＿＿□□□□□□□
＿＿＿□□□□□□□
□□□□□□＿□□□
□□□□□□□□＿□
□□□□□□＿□□□
□□□□□□□□□＿
□＿□□□□□□□□
□□□□□□□□□＿
□□□□□□□□□＿
00:48:26(87195f):field(87194f)
＿＿＿＿＿＿＿＿＿＿
＿＿＿＿＿＿＿＿＿＿
＿＿＿＿＿＿＿＿＿＿
＿＿＿＿＿＿＿＿＿＿
＿＿＿＿＿＿＿＿＿＿
＿＿＿＿□＿＿＿＿■
＿＿＿□□□＿＿＿■
□□□□□□□＿＿■
□□□□□□□□＿■
＿＿□□□□□□□□
＿＿＿□□□□□□＿
＿＿＿□□□□□□□
＿＿＿□□□□□□□
□□□□□□＿□□□
□□□□□□□□＿□
□□□□□□＿□□□
□□□□□□□□□＿
□＿□□□□□□□□
□□□□□□□□□＿
□□□□□□□□□＿
00:48:26(87208f):field(87207f)
＿＿＿＿＿＿＿＿＿＿
＿＿＿＿＿＿＿＿＿＿
＿＿＿＿＿＿＿＿＿＿
＿＿＿＿＿＿＿＿＿＿
＿＿＿＿＿＿＿＿＿＿
■■＿＿□＿＿＿＿□
■■＿□□□＿＿＿□
□□□□□□□＿＿□
□□□□□□□□＿□
＿＿□□□□□□□□
＿＿＿□□□□□□＿
＿＿＿□□□□□□□
＿＿＿□□□□□□□
□□□□□□＿□□□
□□□□□□□□＿□
□□□□□□＿□□□
□□□□□□□□□＿
□＿□□□□□□□□
□□□□□□□□□＿
□□□□□□□□□＿
00:48:27(87221f):field(87220f)
＿＿＿＿＿＿＿＿＿＿
＿＿＿＿＿＿＿＿＿＿
＿＿＿＿＿＿＿＿＿＿
＿＿＿＿＿＿＿＿＿＿
＿＿＿＿＿＿＿＿＿＿
◆◆＿＿◆＿＿＿＿◆
□□＿◆◆◆＿＿■◆
□□◆◆□◆□■＿□
□□◆□□□□◆■□
＿■□□□□□□□□
＿■＿□□□□□□■
＿＿＿□□□□□□□
＿＿＿□□□□□□□
□□□□□□＿□□□
□□□□□□□□＿□
□□□□□□＿□□□
□□□□□□□□□＿
□＿□□□□□□□□
□□□□□□□□□＿
□□□□□□□□□＿
00:48:27(87234f):field(87233f)
＿＿＿＿＿＿＿＿＿＿
＿＿＿＿＿＿＿＿＿＿
＿＿＿＿＿＿＿＿＿＿
＿＿＿＿＿＿＿＿＿＿
＿＿＿＿＿＿＿＿＿＿
＿＿＿＿＿＿＿＿＿＿
◆◆＿■＿＿＿＿◆＿
□□■■□＿◆◆＿□
□□■□□□◆＿□□
＿◆□□□□□□□□
＿◆＿□□□□□□◆
＿＿＿□□□□□□□
＿＿＿□□□□□□□
□□□□□□＿□□□
□□□□□□□□＿□
□□□□□□＿□□□
□□□□□□□□□＿
□＿□□□□□□□□
□□□□□□□□□＿
□□□□□□□□□＿
00:48:28(87251f):field(87250f)
＿＿＿＿＿＿＿＿＿＿
＿＿＿＿＿＿＿＿＿＿
＿＿＿＿＿＿＿＿＿＿
＿＿＿＿＿＿＿＿＿＿
＿＿＿＿＿＿＿＿＿＿
＿＿＿＿＿＿＿＿＿＿
＿＿＿◆＿＿＿＿＿＿
◆◆◆□◆＿＿■＿◆
□□□□□◆＿■□□
＿＿□□□□□□□□
■＿■□□□□□□＿
＿＿＿□□□□□□□
＿＿＿□□□□□□□
□□□□□□＿□□□
□□□□□□□□＿□
□□□□□□＿□□□
□□□□□□□□□＿
□＿□□□□□□□□
□□□□□□□□□＿
□□□□□□□□□＿
00:48:28(87265f):field(87264f)
＿＿＿＿＿＿＿＿＿＿
＿＿＿＿＿＿＿＿＿＿
＿＿＿＿＿＿＿＿＿＿
＿＿＿＿＿＿＿＿＿＿
＿＿＿＿＿＿＿＿＿＿
＿＿＿＿＿＿＿＿＿＿
＿＿＿＿＿＿＿＿＿＿
＿＿＿◆＿■■◆＿＿
□□◆□◆■＿□□◆
＿■□□□□□□□□
◆＿◆□□□□□□＿
＿＿＿□□□□□□□
＿＿＿□□□□□□□
□□□□□□＿□□□
□□□□□□□□＿□
□□□□□□＿□□□
□□□□□□□□□＿
□＿□□□□□□□□
□□□□□□□□□＿
□□□□□□□□□＿
00:48:29(87276f):field(87275f)
＿＿＿＿＿＿＿＿＿＿
＿＿＿＿＿＿＿＿＿＿
＿＿＿＿＿＿＿＿＿＿
＿＿＿＿＿＿＿＿＿＿
＿＿＿＿＿＿＿＿＿＿
＿＿＿＿＿＿＿＿＿＿
＿＿■■■■＿＿＿＿
＿＿＿＿＿□◆＿＿＿
◆◆＿□＿□＿◆◆＿
＿◆□□□□□□□□
＿＿＿□□□□□□＿
＿＿＿□□□□□□□
＿＿＿□□□□□□□
□□□□□□＿□□□
□□□□□□□□＿□
□□□□□□＿□□□
□□□□□□□□□＿
□＿□□□□□□□□
□□□□□□□□□＿
□□□□□□□□□＿
00:48:29(87293f):field(87292f)
＿＿＿＿＿＿＿＿＿＿
＿＿＿＿＿＿＿＿＿＿
＿＿＿＿＿＿＿＿＿＿
＿＿＿＿＿＿＿＿＿＿
＿＿＿＿＿＿＿＿＿＿
＿＿＿＿＿＿＿＿＿＿
＿＿◆◆◆◆＿＿＿＿
＿＿■■■□＿＿＿＿
＿＿＿◆＿□＿＿＿＿
＿＿◆□◆□◆◆◆◆
＿＿■□□□□□□■
＿＿■□□□□□□◆
■■＿□□□□□□□
□□□□□□＿□□□
□□□□□□□□＿□
□□□□□□＿□□□
□□□□□□□□□＿
□＿□□□□□□□□
□□□□□□□□□＿
□□□□□□□□□＿
00:48:30(87313f):field(87312f)
＿＿＿＿＿＿＿＿＿＿
＿＿＿＿＿＿＿＿＿＿
＿＿＿＿＿＿＿＿＿＿
＿＿＿＿＿＿＿＿＿＿
＿＿＿＿＿＿＿＿＿＿
＿＿＿＿＿＿＿＿＿＿
＿＿＿＿＿＿＿＿＿＿
＿＿◆◆◆◆＿＿＿＿
＿＿■■■□＿＿＿＿
＿＿＿◆＿□＿＿＿＿
＿＿◆□◆□◆◆◆◆
＿＿□□□□□□□■
□□＿□□□□□□◆
□□□□□□＿□□□
□□□□□□□□＿□
□□□□□□＿□□□
□□□□□□□□□＿
□＿□□□□□□□□
□□□□□□□□□＿
□□□□□□□□□＿
00:48:30(87327f):field(87326f)
＿＿＿＿＿＿＿＿＿＿
＿＿＿＿＿＿＿＿＿＿
＿＿＿＿＿＿＿＿＿＿
＿＿＿＿＿＿＿＿＿＿
＿＿＿＿＿＿＿＿＿＿
＿＿＿＿＿＿＿＿＿＿
＿＿＿＿＿＿＿＿＿＿
＿＿＿＿＿＿＿＿＿＿
＿＿□□□□＿＿＿＿
＿＿＿＿＿□＿＿＿＿
■■■□＿□＿＿＿＿
＿■□□□□□□□□
□□＿□□□□□□＿
□□□□□□＿□□□
□□□□□□□□＿□
□□□□□□＿□□□
□□□□□□□□□＿
□＿□□□□□□□□
□□□□□□□□□＿
□□□□□□□□□＿
00:48:31(87343f):field(87342f)
＿＿＿＿＿＿＿＿＿＿
＿＿＿＿＿＿＿＿＿＿
＿＿＿＿＿＿＿＿＿＿
＿＿＿＿＿＿＿＿＿＿
＿＿＿＿＿＿＿＿＿＿
＿＿＿＿＿＿＿＿＿＿
＿＿＿＿＿＿＿＿＿＿
＿＿＿＿＿＿＿＿＿＿
＿＿□□□□＿＿＿＿
＿＿＿＿＿□■■＿＿
□□□□＿□■■＿＿
＿□□□□□□□□□
□□＿□□□□□□＿
□□□□□□＿□□□
□□□□□□□□＿□
□□□□□□＿□□□
□□□□□□□□□＿
□＿□□□□□□□□
□□□□□□□□□＿
□□□□□□□□□＿
00:48:32(87361f):field(87360f)
＿＿＿＿＿＿＿＿＿＿
＿＿＿＿＿＿＿＿＿＿
＿＿＿＿＿＿＿＿＿＿
＿＿＿＿＿＿＿＿＿＿
＿＿＿＿＿＿＿＿＿＿
＿＿＿＿＿＿＿＿＿＿
＿＿＿＿＿＿＿＿＿＿
■＿＿＿＿＿＿＿＿＿
■■□□□□＿＿＿＿
＿■＿＿＿□□□＿＿
□□□□＿□□□＿＿
＿□□□□□□□□□
□□＿□□□□□□＿
□□□□□□＿□□□
□□□□□□□□＿□
□□□□□□＿□□□
□□□□□□□□□＿
□＿□□□□□□□□
□□□□□□□□□＿
□□□□□□□□□＿
00:48:32(87376f):field(87375f)
＿＿＿＿＿＿＿＿＿＿
＿＿＿＿＿＿＿＿＿＿
＿＿＿＿＿＿＿＿＿＿
＿＿＿＿＿＿＿＿＿＿
＿＿＿＿＿＿＿＿＿＿
＿＿＿＿＿＿＿＿＿＿
＿＿＿＿＿＿＿＿＿＿
□＿＿＿＿＿＿＿＿＿
□□□□□□■■■＿
＿□＿＿＿□□□■＿
□□□□＿□□□＿＿
＿□□□□□□□□□
□□＿□□□□□□＿
□□□□□□＿□□□
□□□□□□□□＿□
□□□□□□＿□□□
□□□□□□□□□＿
□＿□□□□□□□□
□□□□□□□□□＿
□□□□□□□□□＿
00:48:32(87389f):field(87388f)
＿＿＿＿＿＿＿＿＿＿
＿＿＿＿＿＿＿＿＿＿
＿＿＿＿＿＿＿＿＿＿
＿＿＿＿＿＿＿＿＿＿
＿＿＿＿＿＿＿＿＿＿
＿＿＿＿＿＿＿＿＿＿
■■＿＿＿＿＿＿＿＿
□■■＿＿＿＿＿＿＿
□□□□□□□□□＿
＿□＿＿＿□□□□＿
□□□□＿□□□＿＿
＿□□□□□□□□□
□□＿□□□□□□＿
□□□□□□＿□□□
□□□□□□□□＿□
□□□□□□＿□□□
□□□□□□□□□＿
□＿□□□□□□□□
□□□□□□□□□＿
□□□□□□□□□＿
00:48:33(87402f):field(87401f)
＿＿＿＿＿＿＿＿＿＿
＿＿＿＿＿＿＿＿＿＿
＿＿＿＿＿＿＿＿＿＿
＿＿＿＿＿＿＿＿＿＿
＿＿＿＿＿＿＿＿＿＿
＿＿＿＿＿＿＿＿＿＿
◆◆＿＿＿＿＿＿＿＿
□□◆＿＿＿＿＿■■
□□□◆◆◆◆□□■
＿□＿＿■□□□□＿
□□□□＿□□□■■
＿□□□□□□□□□
□□＿□□□□□□＿
□□□□□□＿□□□
□□□□□□□□＿□
□□□□□□＿□□□
□□□□□□□□□＿
□＿□□□□□□□□
□□□□□□□□□＿
□□□□□□□□□＿
00:48:34(87429f):field(87428f)
＿＿＿＿＿＿＿＿＿＿
＿＿＿＿＿＿＿＿＿＿
＿＿＿＿＿＿＿＿＿＿
＿＿＿＿＿＿＿＿＿＿
＿＿＿＿＿＿＿＿＿＿
＿＿＿＿＿＿＿＿＿＿
＿＿＿＿＿＿＿＿＿＿
◆◆＿＿＿■■＿◆◆
□□◆＿■＿■□◆□
＿□＿■□□□□□＿
□□□□＿□□□◆□
＿□□□□□□□□□
□□＿□□□□□□＿
□□□□□□＿□□□
□□□□□□□□＿□
□□□□□□＿□□□
□□□□□□□□□＿
□＿□□□□□□□□
□□□□□□□□□＿
□□□□□□□□□＿
00:48:34(87439f):field(87438f)
＿＿＿＿＿＿＿＿＿＿
＿＿＿＿＿＿＿＿＿＿
＿＿＿＿＿＿＿＿＿＿
＿＿＿＿＿＿＿＿＿＿
＿＿＿＿＿＿＿＿＿＿
＿＿＿＿＿＿＿＿＿＿
＿＿＿＿＿＿＿＿＿＿
＿＿＿＿■◆◆＿＿＿
□□■■□■◆□＿□
＿□＿□□□□□□■
□□□□＿□□□＿◆
＿□□□□□□□□□
□□＿□□□□□□＿
□□□□□□＿□□□
□□□□□□□□＿□
□□□□□□＿□□□
□□□□□□□□□＿
□＿□□□□□□□□
□□□□□□□□□＿
□□□□□□□□□＿
00:48:35(87453f):field(87452f)
＿＿＿＿＿＿＿＿＿＿
＿＿＿＿＿＿＿＿＿＿
＿＿＿＿＿＿＿＿＿＿
＿＿＿＿＿＿＿＿＿＿
＿＿＿＿＿＿＿＿＿＿
＿＿＿＿＿＿＿＿＿＿
＿＿＿＿＿＿＿＿＿＿
＿＿＿＿□＿■■＿＿
□□□□□□■□＿□
＿□＿□□□□□□◆
□□□□＿□□□＿＿
＿□□□□□□□□□
□□＿□□□□□□＿
□□□□□□＿□□□
□□□□□□□□＿□
□□□□□□＿□□□
□□□□□□□□□＿
□＿□□□□□□□□
□□□□□□□□□＿
□□□□□□□□□＿
00:48:36(87482f):field(87481f)
＿＿＿＿＿＿＿＿＿＿
＿＿＿＿＿＿＿＿＿＿
＿＿＿＿＿＿＿＿＿＿
＿＿＿＿＿＿＿＿＿＿
＿＿＿＿＿＿＿＿＿＿
＿＿＿＿＿＿＿＿＿＿
＿＿＿＿＿＿＿＿＿＿
＿＿＿＿◆＿◆◆＿■
□□□□□◆□□■□
＿□＿□□□□□□＿
□□□□＿□□□＿＿
＿□□□□□□□□□
□□＿□□□□□□＿
□□□□□□＿□□□
□□□□□□□□＿□
□□□□□□＿□□□
□□□□□□□□□＿
□＿□□□□□□□□
□□□□□□□□□＿
□□□□□□□□□＿
00:48:36(87495f):field(87494f)
＿＿＿＿＿＿＿＿＿＿
＿＿＿＿＿＿＿＿＿＿
＿＿＿＿＿＿＿＿＿＿
＿＿＿＿＿＿＿＿＿＿
＿＿＿＿＿＿＿＿＿＿
＿＿＿＿＿＿＿＿＿＿
＿＿＿＿＿■＿＿＿＿
＿■■＿■■＿＿＿□
◆◆□◆◆■◆□□□
＿□＿□□□□□□＿
□□□□＿□□□＿＿
＿□□□□□□□□□
□□＿□□□□□□＿
□□□□□□＿□□□
□□□□□□□□＿□
□□□□□□＿□□□
□□□□□□□□□＿
□＿□□□□□□□□
□□□□□□□□□＿
□□□□□□□□□＿
00:48:36(87507f):field(87506f)
＿＿＿＿＿＿＿＿＿＿
＿＿＿＿＿＿＿＿＿＿
＿＿＿＿＿＿＿＿＿＿
＿＿＿＿＿＿＿＿＿＿
＿＿＿＿＿＿＿＿＿＿
＿＿＿＿＿＿＿＿＿＿
＿＿＿＿＿□＿＿＿＿
＿◆◆＿◆□＿＿＿◆
＿＿□■■□＿◆◆□
＿□■□□□□□□＿
□□□□＿□□□＿＿
＿□□□□□□□□□
□□＿□□□□□□＿
□□□□□□＿□□□
□□□□□□□□＿□
□□□□□□＿□□□
□□□□□□□□□＿
□＿□□□□□□□□
□□□□□□□□□＿
□□□□□□□□□＿
00:48:37(87521f):field(87520f)
＿＿＿＿＿＿＿＿＿＿
＿＿＿＿＿＿＿＿＿＿
＿＿＿＿＿＿＿＿＿＿
＿＿＿＿＿＿＿＿＿＿
＿＿＿＿＿＿＿＿＿＿
＿＿＿＿■■＿＿＿＿
＿＿＿＿■□＿＿＿＿
＿＿＿＿■□＿＿＿＿
＿＿□□□□＿＿＿□
＿□□□□□□□□＿
□□□□＿□□□＿＿
＿□□□□□□□□□
□□＿□□□□□□＿
□□□□□□＿□□□
□□□□□□□□＿□
□□□□□□＿□□□
□□□□□□□□□＿
□＿□□□□□□□□
□□□□□□□□□＿
□□□□□□□□□＿
00:48:37(87532f):field(87531f)
＿＿＿＿＿＿＿＿＿＿
＿＿＿＿＿＿＿＿＿＿
＿＿＿＿＿＿＿＿＿＿
＿＿＿＿＿＿＿＿＿＿
＿＿＿＿＿＿＿＿＿＿
＿＿＿＿□□＿＿＿＿
＿＿＿＿□□＿＿＿＿
＿＿＿＿□□＿＿■■
＿＿□□□□＿■■□
＿□□□□□□□□＿
□□□□＿□□□＿＿
＿□□□□□□□□□
□□＿□□□□□□＿
□□□□□□＿□□□
□□□□□□□□＿□
□□□□□□＿□□□
□□□□□□□□□＿
□＿□□□□□□□□
□□□□□□□□□＿
□□□□□□□□□＿
00:48:38(87544f):field(87543f)
＿＿＿＿＿＿＿＿＿＿
＿＿＿＿＿＿＿＿＿＿
＿＿＿＿＿＿＿＿＿＿
＿＿＿＿＿＿＿＿＿＿
＿＿＿＿＿＿＿＿＿＿
＿＿＿＿□□＿＿＿＿
＿＿■■□□＿＿＿＿
＿＿■■□□＿＿□□
＿＿□□□□＿□□□
＿□□□□□□□□＿
□□□□＿□□□＿＿
＿□□□□□□□□□
□□＿□□□□□□＿
□□□□□□＿□□□
□□□□□□□□＿□
□□□□□□＿□□□
□□□□□□□□□＿
□＿□□□□□□□□
□□□□□□□□□＿
□□□□□□□□□＿
00:48:38(87556f):field(87555f)
＿＿＿＿＿＿＿＿＿＿
＿＿＿＿＿＿＿＿＿＿
＿＿＿＿＿＿＿＿＿＿
＿＿＿＿＿＿＿＿＿＿
＿＿＿＿＿＿＿＿＿＿
＿＿＿＿□□■＿＿＿
＿＿□□□□■＿＿＿
＿＿□□□□■＿□□
＿＿□□□□■□□□
＿□□□□□□□□＿
□□□□＿□□□＿＿
＿□□□□□□□□□
□□＿□□□□□□＿
□□□□□□＿□□□
□□□□□□□□＿□
□□□□□□＿□□□
□□□□□□□□□＿
□＿□□□□□□□□
□□□□□□□□□＿
□□□□□□□□□＿
00:48:39(87570f):field(87569f)
＿＿＿＿＿＿＿＿＿＿
＿＿＿＿＿＿＿＿＿＿
＿＿＿＿＿＿＿＿＿＿
＿＿＿＿＿＿＿＿＿＿
＿＿＿＿＿＿＿＿＿＿
＿＿＿＿◆◆◆＿＿＿
＿＿◆◆□□□＿＿＿
＿＿□□□□□＿◆◆
■■□□□□□◆□□
■□□□□□□□□＿
□□□□＿□□□＿■
＿□□□□□□□□□
□□＿□□□□□□＿
□□□□□□＿□□□
□□□□□□□□＿□
□□□□□□＿□□□
□□□□□□□□□＿
□＿□□□□□□□□
□□□□□□□□□＿
□□□□□□□□□＿
00:48:39(87580f):field(87579f)
＿＿＿＿＿＿＿＿＿＿
＿＿＿＿＿＿＿＿＿＿
＿＿＿＿＿＿＿＿＿＿
＿＿＿＿＿＿＿＿＿＿
＿＿＿＿＿＿＿＿＿＿
＿＿＿＿＿＿＿＿＿＿
＿＿＿＿□□□＿＿＿
＿＿□□□□□■■■
□◆□□□□□■□□
□□□□□□□□□＿
□□□□＿□□□＿◆
＿□□□□□□□□□
□□＿□□□□□□＿
□□□□□□＿□□□
□□□□□□□□＿□
□□□□□□＿□□□
□□□□□□□□□＿
□＿□□□□□□□□
□□□□□□□□□＿
□□□□□□□□□＿
00:48:39(87591f):field(87590f)
＿＿＿＿＿＿＿＿＿＿
＿＿＿＿＿＿＿＿＿＿
＿＿＿＿＿＿＿＿＿＿
＿＿＿＿＿＿＿＿＿＿
＿＿＿＿■＿＿＿＿＿
＿＿＿■■＿＿＿＿＿
＿＿＿■□□□＿＿＿
＿＿□□□□□□□□
□＿□□□□□□□□
□□□□□□□□□＿
□□□□＿□□□＿＿
＿□□□□□□□□□
□□＿□□□□□□＿
□□□□□□＿□□□
□□□□□□□□＿□
□□□□□□＿□□□
□□□□□□□□□＿
□＿□□□□□□□□
□□□□□□□□□＿
□□□□□□□□□＿
00:48:40(87606f):field(87605f)
＿＿＿＿＿＿＿＿＿＿
＿＿＿＿＿＿＿＿＿＿
＿＿＿＿＿＿＿＿＿＿
＿＿＿＿＿＿＿＿＿＿
＿＿＿＿◆＿＿＿＿＿
＿＿＿◆◆＿＿＿＿＿
＿＿＿◆□◆◆■＿＿
■■◆□□◆□◆□□
□■□□□□□□◆◆
□□□□□□□□□＿
□□□□＿□□□■＿
＿□□□□□□□□□
□□＿□□□□□□＿
□□□□□□＿□□□
□□□□□□□□＿□
□□□□□□＿□□□
□□□□□□□□□＿
□＿□□□□□□□□
□□□□□□□□□＿
□□□□□□□□□＿
00:48:40(87621f):field(87620f)
＿＿＿＿＿＿＿＿＿＿
＿＿＿＿＿＿＿＿＿＿
＿＿＿＿＿＿＿＿＿＿
＿＿＿＿＿＿＿＿＿＿
＿＿＿＿＿＿＿＿＿＿
＿＿＿＿＿＿＿＿＿＿
＿＿＿＿◆＿＿◆＿＿
◆◆＿◆□＿◆＿◆◆
◆◆◆□□□□◆＿＿
□◆□□□□□□□■
□□□□＿□□□□＿
＿□□□□□□□□□
□□＿□□□□□□＿
□□□□□□＿□□□
□□□□□□□□＿□
□□□□□□＿□□□
□□□□□□□□□＿
□＿□□□□□□□□
□□□□□□□□□＿
□□□□□□□□□＿
00:48:41(87634f):field(87633f)
＿＿＿＿＿＿＿＿＿＿
＿＿＿＿＿＿＿＿＿＿
＿＿＿＿＿＿＿＿＿＿
＿＿＿＿＿＿＿＿＿＿
＿＿＿＿＿＿＿＿＿＿
＿＿＿＿＿＿＿＿＿＿
＿＿＿＿＿＿＿＿＿＿
＿■＿＿□＿＿＿＿＿
■■＿□□◆◆＿＿＿
□■◆□□□□□□□
□□□□＿□□□◆＿
＿□□□□□□□□□
□□＿□□□□□□＿
□□□□□□＿□□□
□□□□□□□□＿□
□□□□□□＿□□□
□□□□□□□□□＿
□＿□□□□□□□□
□□□□□□□□□＿
□□□□□□□□□＿
00:48:41(87648f):field(87647f)
＿＿＿＿＿＿＿＿＿＿
＿＿＿＿＿＿＿＿＿＿
＿＿＿＿＿＿＿＿＿＿
＿＿＿＿＿＿＿＿＿＿
＿＿＿＿＿＿＿＿＿＿
＿＿＿＿＿＿＿＿＿＿
＿＿＿＿＿＿＿＿＿＿
＿◆■＿◆＿＿＿＿＿
◆□■◆□＿＿＿＿■
□□■□□◆◆◆◆◆
□□□□＿□□□＿■
■□□□□□□□□□
□□＿□□□□□□＿
□□□□□□＿□□□
□□□□□□□□＿□
□□□□□□＿□□□
□□□□□□□□□＿
□＿□□□□□□□□
□□□□□□□□□＿
□□□□□□□□□＿
00:48:41(87659f):field(87658f)
＿＿＿＿＿＿＿＿＿＿
＿＿＿＿＿＿＿＿＿＿
＿＿＿＿＿＿＿＿＿＿
＿＿＿＿＿＿＿＿＿＿
＿＿＿＿＿＿＿＿＿＿
＿＿＿＿＿＿＿＿＿＿
＿＿＿＿＿＿＿＿＿＿
＿＿□■■■＿＿＿＿
＿□□■□＿＿＿＿◆
□□□□□＿＿＿＿＿
□□□□＿□□□＿◆
◆□□□□□□□□□
□□＿□□□□□□＿
□□□□□□＿□□□
□□□□□□□□＿□
□□□□□□＿□□□
□□□□□□□□□＿
□＿□□□□□□□□
□□□□□□□□□＿
□□□□□□□□□＿
00:48:42(87677f):field(87676f)
＿＿＿＿＿＿＿＿＿＿
＿＿＿＿＿＿＿＿＿＿
＿＿＿＿＿＿＿＿＿＿
＿＿＿＿＿＿＿＿＿＿
＿＿＿＿＿＿＿＿＿＿
＿＿＿＿＿＿＿＿＿＿
＿＿＿＿＿＿＿＿＿＿
＿＿□□□□＿＿＿＿
＿□□□□＿＿＿■＿
□□□□□＿＿＿■■
□□□□＿□□□＿■
＿□□□□□□□□□
□□＿□□□□□□＿
□□□□□□＿□□□
□□□□□□□□＿□
□□□□□□＿□□□
□□□□□□□□□＿
□＿□□□□□□□□
□□□□□□□□□＿
□□□□□□□□□＿
00:48:43(87690f):field(87689f)
＿＿＿＿＿＿＿＿＿＿
＿＿＿＿＿＿＿＿＿＿
＿＿＿＿＿＿＿＿＿＿
＿＿＿＿＿＿＿＿＿＿
＿＿＿＿＿＿＿＿＿＿
＿＿＿＿＿＿＿＿＿＿
＿■＿＿＿＿＿＿＿＿
■■□□□□＿＿＿＿
■□□□□＿＿＿□＿
□□□□□＿＿＿□□
□□□□＿□□□＿□
＿□□□□□□□□□
□□＿□□□□□□＿
□□□□□□＿□□□
□□□□□□□□＿□
□□□□□□＿□□□
□□□□□□□□□＿
□＿□□□□□□□□
□□□□□□□□□＿
□□□□□□□□□＿
00:48:43(87701f):field(87700f)
＿＿＿＿＿＿＿＿＿＿
＿＿＿＿＿＿＿＿＿＿
＿＿＿＿＿＿＿＿＿＿
＿＿＿＿＿＿＿＿＿＿
＿＿＿＿＿＿＿＿＿＿
＿＿＿＿＿＿＿＿＿＿
＿□＿＿＿＿＿＿＿＿
□□□□□□＿＿＿＿
□□□□□■■＿□＿
□□□□□■■＿□□
□□□□＿□□□＿□
＿□□□□□□□□□
□□＿□□□□□□＿
□□□□□□＿□□□
□□□□□□□□＿□
□□□□□□＿□□□
□□□□□□□□□＿
□＿□□□□□□□□
□□□□□□□□□＿
□□□□□□□□□＿
00:48:43(87714f):field(87713f)
＿＿＿＿＿＿＿＿＿＿
＿＿＿＿＿＿＿＿＿＿
＿＿＿＿＿＿＿＿＿＿
＿＿＿＿＿＿＿＿＿＿
＿＿＿＿＿＿＿＿＿＿
＿＿＿＿＿＿＿＿＿＿
＿□＿＿■■■＿＿＿
□□□□□□■＿＿＿
□□□□□□□＿□＿
□□□□□□□＿□□
□□□□＿□□□＿□
＿□□□□□□□□□
□□＿□□□□□□＿
□□□□□□＿□□□
□□□□□□□□＿□
□□□□□□＿□□□
□□□□□□□□□＿
□＿□□□□□□□□
□□□□□□□□□＿
□□□□□□□□□＿
00:48:44(87727f):field(87726f)
＿＿＿＿＿＿＿＿＿＿
＿＿＿＿＿＿＿＿＿＿
＿＿＿＿＿＿＿＿＿＿
＿＿＿＿＿＿＿＿＿＿
＿＿＿＿＿＿＿＿＿＿
＿＿＿＿＿＿＿＿＿＿
＿□＿＿□□□＿■■
□□□□□□□＿＿■
□□□□□□□＿□■
□□□□□□□＿□□
□□□□＿□□□＿□
＿□□□□□□□□□
□□＿□□□□□□＿
□□□□□□＿□□□
□□□□□□□□＿□
□□□□□□＿□□□
□□□□□□□□□＿
□＿□□□□□□□□
□□□□□□□□□＿
□□□□□□□□□＿
00:48:44(87739f):field(87738f)
＿＿＿＿＿＿＿＿＿＿
＿＿＿＿＿＿＿＿＿＿
＿＿＿＿＿＿＿＿＿＿
＿＿＿＿＿＿＿＿＿＿
＿＿＿＿＿＿＿＿＿＿
＿＿＿■■＿＿＿＿＿
＿□■■□□□＿□□
□□□□□□□＿＿□
□□□□□□□＿□□
□□□□□□□＿□□
□□□□＿□□□＿□
＿□□□□□□□□□
□□＿□□□□□□＿
□□□□□□＿□□□
□□□□□□□□＿□
□□□□□□＿□□□
□□□□□□□□□＿
□＿□□□□□□□□
□□□□□□□□□＿
□□□□□□□□□＿
00:48:45(87752f):field(87751f)
＿＿＿＿＿＿＿＿＿＿
＿＿＿＿＿＿＿＿＿＿
＿＿＿＿＿＿＿＿＿＿
＿＿＿＿＿＿＿＿＿＿
＿＿＿＿■■＿＿＿＿
＿＿＿□□■■＿＿＿
＿□□□□□□＿□□
□□□□□□□＿＿□
□□□□□□□＿□□
□□□□□□□＿□□
□□□□＿□□□＿□
＿□□□□□□□□□
□□＿□□□□□□＿
□□□□□□＿□□□
□□□□□□□□＿□
□□□□□□＿□□□
□□□□□□□□□＿
□＿□□□□□□□□
□□□□□□□□□＿
□□□□□□□□□＿
00:48:45(87766f):field(87765f)
＿＿＿＿＿＿＿＿＿＿
＿＿＿＿＿＿＿＿＿＿
＿＿＿＿＿＿＿＿＿＿
＿＿＿＿＿＿＿＿＿＿
＿＿＿＿◆◆＿＿＿＿
＿＿＿◆◆◆◆＿＿＿
＿◆◆◆□□◆＿◆◆
◆◆◆□□□□＿＿◆
◆□□□□□□■□□
□□□□□□□■◆□
□□□□＿□□□■□
＿□□□□□□□□□
□□＿□□□□□□＿
□□□□□□＿□□□
□□□□□□□□＿□
□□□□□□＿□□□
□□□□□□□□□＿
□＿□□□□□□□□
□□□□□□□□□＿
□□□□□□□□□＿
00:48:45(87776f):field(87775f)
＿＿＿＿＿＿＿＿＿＿
＿＿＿＿＿＿＿＿＿＿
＿＿＿＿＿＿＿＿＿＿
＿＿＿＿＿＿＿＿＿＿
＿＿＿＿■■＿＿＿＿
＿＿＿＿■■＿＿＿＿
＿＿＿＿□□＿＿＿＿
＿＿＿□□□□＿＿＿
＿□□□□□□□□□
□□□□□□□□＿□
□□□□＿□□□◆□
＿□□□□□□□□□
□□＿□□□□□□＿
□□□□□□＿□□□
□□□□□□□□＿□
□□□□□□＿□□□
□□□□□□□□□＿
□＿□□□□□□□□
□□□□□□□□□＿
□□□□□□□□□＿
00:48:46(87793f):field(87792f)
＿＿＿＿＿＿＿＿＿＿
＿＿＿＿＿＿＿＿＿＿
＿＿＿＿＿＿＿＿＿＿
＿＿＿＿＿＿＿＿＿＿
＿＿＿＿◆◆＿＿＿＿
＿＿＿＿□□＿＿＿＿
＿＿＿＿□□＿＿＿＿
■■■◆□□□＿■＿
■◆◆□□□□◆◆◆
□□□□□□□□＿□
□□□□＿□□□＿□
＿□□□□□□□□□
□□＿□□□□□□＿
□□□□□□＿□□□
□□□□□□□□＿□
□□□□□□＿□□□
□□□□□□□□□＿
□＿□□□□□□□□
□□□□□□□□□＿
□□□□□□□□□＿
00:48:46(87809f):field(87808f)
＿＿＿＿＿＿＿＿＿＿
＿＿＿＿＿＿＿＿＿＿
＿＿＿＿＿＿＿＿＿＿
＿＿＿＿＿＿＿＿＿＿
＿＿＿＿＿＿＿＿＿＿
＿＿＿＿◆◆＿＿＿＿
＿＿＿＿□□＿＿＿＿
◆◆◆＿□□◆＿◆＿
□■＿◆□□◆＿＿＿
□◆□□□□□□■◆
□□□□■□□□■□
■□□□□□□□□□
□□＿□□□□□□＿
□□□□□□＿□□□
□□□□□□□□＿□
□□□□□□＿□□□
□□□□□□□□□＿
□＿□□□□□□□□
□□□□□□□□□＿
□□□□□□□□□＿
00:48:47(87820f):field(87819f)
＿＿＿＿＿＿＿＿＿＿
＿＿＿＿＿＿＿＿＿＿
＿＿＿＿＿＿＿＿＿＿
＿＿＿＿＿＿＿＿＿＿
＿＿＿＿＿＿＿＿＿＿
＿＿＿＿＿＿＿＿＿＿
＿＿＿＿□□＿＿＿＿
＿＿＿■□□＿＿＿＿
□□■■□□＿＿＿＿
□＿□□□□□□□＿
□□□□◆□□□□□
◆□□□□□□□□□
□□＿□□□□□□＿
□□□□□□＿□□□
□□□□□□□□＿□
□□□□□□＿□□□
□□□□□□□□□＿
□＿□□□□□□□□
□□□□□□□□□＿
□□□□□□□□□＿
00:48:47(87833f):field(87832f)
＿＿＿＿＿＿＿＿＿＿
＿＿＿＿＿＿＿＿＿＿
＿＿＿＿＿＿＿＿＿＿
＿＿＿＿＿＿＿＿＿＿
＿＿＿＿＿＿＿＿＿＿
＿＿＿＿＿＿＿＿＿＿
＿＿＿＿□□＿＿＿＿
＿＿＿□□□＿＿■＿
□□□□□□＿＿■■
□＿□□□□□□□■
□□□□＿□□□□□
＿□□□□□□□□□
□□＿□□□□□□＿
□□□□□□＿□□□
□□□□□□□□＿□
□□□□□□＿□□□
□□□□□□□□□＿
□＿□□□□□□□□
□□□□□□□□□＿
□□□□□□□□□＿
00:48:48(87846f):field(87845f)
＿＿＿＿＿＿＿＿＿＿
＿＿＿＿＿＿＿＿＿＿
＿＿＿＿＿＿＿＿＿＿
＿＿＿＿＿＿＿＿＿＿
＿＿＿＿＿＿＿＿＿＿
＿＿＿＿＿＿＿＿＿＿
＿＿＿＿◆◆＿＿＿＿
＿■■◆□□＿＿◆■
◆◆□□□□■■□◆
□■□□□□□□□□
□□□□＿□□□□□
＿□□□□□□□□□
□□＿□□□□□□＿
□□□□□□＿□□□
□□□□□□□□＿□
□□□□□□＿□□□
□□□□□□□□□＿
□＿□□□□□□□□
□□□□□□□□□＿
□□□□□□□□□＿
00:48:48(87857f):field(87856f)
＿＿＿＿＿＿＿＿＿＿
＿＿＿＿＿＿＿＿＿＿
＿＿＿＿＿＿＿＿＿＿
＿＿＿＿＿＿＿＿＿＿
＿＿＿＿＿＿＿＿＿＿
＿＿＿＿＿＿＿＿＿■
＿＿＿＿＿＿＿＿＿■
＿◆◆＿□□＿＿＿□
＿＿◆□□□□□□■
□◆□□□□□□□□
□□□□＿□□□□□
＿□□□□□□□□□
□□＿□□□□□□＿
□□□□□□＿□□□
□□□□□□□□＿□
□□□□□□＿□□□
□□□□□□□□□＿
□＿□□□□□□□□
□□□□□□□□□＿
□□□□□□□□□＿
00:48:49(87872f):field(87871f)
＿＿＿＿＿＿＿＿＿＿
＿＿＿＿＿＿＿＿＿＿
＿＿＿＿＿＿＿＿＿＿
＿＿＿＿＿＿＿＿＿＿
＿＿＿＿＿＿＿＿＿＿
＿＿＿＿＿＿＿＿■□
＿＿＿＿＿＿＿＿■□
＿＿＿＿□□＿■■□
＿＿＿□□□□□□□
□＿□□□□□□□□
□□□□＿□□□□□
＿□□□□□□□□□
□□＿□□□□□□＿
□□□□□□＿□□□
□□□□□□□□＿□
□□□□□□＿□□□
□□□□□□□□□＿
□＿□□□□□□□□
□□□□□□□□□＿
□□□□□□□□□＿
00:48:49(87886f):field(87885f)
＿＿＿＿＿＿＿＿＿＿
＿＿＿＿＿＿＿＿＿＿
＿＿＿＿＿＿＿＿＿＿
＿＿＿＿＿＿＿＿＿＿
＿＿＿＿＿＿＿＿＿＿
＿＿＿＿＿＿＿＿□□
＿＿＿＿＿＿＿＿□□
■■■■□□＿□□□
＿＿＿□□□□□□□
□＿□□□□□□□□
□□□□＿□□□□□
＿□□□□□□□□□
□□＿□□□□□□＿
□□□□□□＿□□□
□□□□□□□□＿□
□□□□□□＿□□□
□□□□□□□□□＿
□＿□□□□□□□□
□□□□□□□□□＿
□□□□□□□□□＿
00:48:50(87900f):field(87899f)
＿＿＿＿＿＿＿＿＿＿
＿＿＿＿＿＿＿＿＿＿
＿＿＿＿＿＿＿＿＿＿
＿＿＿＿＿＿＿＿＿＿
＿＿＿＿＿＿＿＿＿＿
＿＿＿＿＿＿＿＿◆◆
＿■＿■＿＿＿＿□□
◆◆□◆□□■□□□
＿＿＿□□□□□□□
□＿□□□□□□□□
□□□□＿□□□□□
＿□□□□□□□□□
□□＿□□□□□□＿
□□□□□□＿□□□
□□□□□□□□＿□
□□□□□□＿□□□
□□□□□□□□□＿
□＿□□□□□□□□
□□□□□□□□□＿
□□□□□□□□□＿
00:48:50(87911f):field(87910f)
＿＿＿＿＿＿＿＿＿＿
＿＿＿＿＿＿＿＿＿＿
＿＿＿＿＿＿＿＿＿＿
＿＿＿＿＿＿＿＿＿＿
＿＿＿＿＿＿＿＿＿＿
＿＿＿＿＿＿＿＿＿＿
■◆＿◆＿＿＿＿□□
■＿◆＿□□□□□□
■■＿□□□□□□□
□＿□□□□□□□□
□□□□＿□□□□□
＿□□□□□□□□□
□□＿□□□□□□＿
□□□□□□＿□□□
□□□□□□□□＿□
□□□□□□＿□□□
□□□□□□□□□＿
□＿□□□□□□□□
□□□□□□□□□＿
□□□□□□□□□＿
00:48:50(87925f):field(87924f)
＿＿＿＿＿＿＿＿＿＿
＿＿＿＿＿＿＿＿＿＿
＿＿＿＿＿＿＿＿＿＿
＿＿＿＿＿＿＿＿＿＿
＿＿＿＿＿＿＿＿＿＿
＿＿＿＿＿＿＿＿＿＿
□＿■■＿＿＿＿□□
□＿＿■□□□□□□
□□＿□□□□□□□
□＿□□□□□□□□
□□□□＿□□□□□
＿□□□□□□□□□
□□＿□□□□□□＿
□□□□□□＿□□□
□□□□□□□□＿□
□□□□□□＿□□□
□□□□□□□□□＿
□＿□□□□□□□□
□□□□□□□□□＿
□□□□□□□□□＿
00:48:51(87937f):field(87936f)
＿＿＿＿＿＿＿＿＿＿
＿＿＿＿＿＿＿＿＿＿
＿＿＿＿＿＿＿＿＿＿
＿＿＿＿＿＿＿＿＿＿
＿＿＿＿■■＿＿＿＿
＿＿＿＿■＿＿＿＿＿
□＿□□■＿＿＿□□
□＿＿□□□□□□□
□□＿□□□□□□□
□＿□□□□□□□□
□□□□＿□□□□□
＿□□□□□□□□□
□□＿□□□□□□＿
□□□□□□＿□□□
□□□□□□□□＿□
□□□□□□＿□□□
□□□□□□□□□＿
□＿□□□□□□□□
□□□□□□□□□＿
□□□□□□□□□＿
00:48:51(87957f):field(87956f)
＿＿＿＿＿＿＿＿＿＿
＿＿＿＿＿＿＿＿＿＿
＿＿＿＿＿＿＿＿＿＿
＿＿＿＿＿＿＿＿＿＿
■＿＿＿□□＿＿＿＿
■■＿＿□＿＿＿＿＿
□■□□□＿＿＿□□
□＿＿□□□□□□□
□□＿□□□□□□□
□＿□□□□□□□□
□□□□＿□□□□□
＿□□□□□□□□□
□□＿□□□□□□＿
□□□□□□＿□□□
□□□□□□□□＿□
□□□□□□＿□□□
□□□□□□□□□＿
□＿□□□□□□□□
□□□□□□□□□＿
□□□□□□□□□＿
00:48:52(87976f):field(87975f)
＿＿＿＿＿＿＿＿＿＿
＿＿＿＿＿＿＿＿＿＿
＿＿＿＿＿＿＿＿＿＿
＿＿＿＿＿＿＿＿＿＿
◆＿＿＿◆◆＿＿＿＿
□◆■＿□■＿＿＿＿
□□◆□□＿■＿◆◆
□＿■□□□□□□□
□□■□□□□□□□
□＿□□□□□□□□
□□□□＿□□□□□
＿□□□□□□□□□
□□＿□□□□□□＿
□□□□□□＿□□□
□□□□□□□□＿□
□□□□□□＿□□□
□□□□□□□□□＿
□＿□□□□□□□□
□□□□□□□□□＿
□□□□□□□□□＿
00:48:52(87989f):field(87988f)
＿＿＿＿＿＿＿＿＿＿
＿＿＿＿＿＿＿＿＿＿
＿＿＿＿＿＿＿＿＿＿
＿＿＿＿＿＿＿＿＿■
＿＿＿＿＿＿＿＿＿■
□＿◆＿□□＿＿＿■
□□＿◆□＿□＿＿■
□＿◆□□□□□□□
□□◆□□□□□□□
□＿□□□□□□□□
□□□□＿□□□□□
＿□□□□□□□□□
□□＿□□□□□□■
□□□□□□＿□□□
□□□□□□□□＿□
□□□□□□＿□□□
□□□□□□□□□＿
□＿□□□□□□□□
□□□□□□□□□＿
□□□□□□□□□＿
00:48:53(88006f):field(88005f)
＿＿＿＿＿＿＿＿＿＿
＿＿＿＿＿＿＿＿＿＿
＿＿＿＿＿＿＿＿＿＿
＿＿＿＿＿＿＿＿＿□
＿＿＿＿＿＿＿＿＿□
□＿＿■□□＿＿＿□
□□■■□＿□＿＿□
□＿■□□□□□□□
□□＿□□□□□□□
□＿□□□□□□□□
□□□□＿□□□□□
＿□□□□□□□□□
□□＿□□□□□□◆
□□□□□□＿□□□
□□□□□□□□＿□
□□□□□□＿□□□
□□□□□□□□□＿
□＿□□□□□□□□
□□□□□□□□□＿
□□□□□□□□□＿
00:48:54(88020f):field(88019f)
＿＿＿＿＿＿＿＿＿＿
＿＿＿＿＿＿＿＿＿＿
＿＿＿＿＿＿＿＿＿＿
＿＿＿＿＿＿＿＿＿□
＿＿＿＿＿＿＿＿＿□
□＿＿□□□■■■□
□□□□□＿□＿■□
□＿□□□□□□□□
□□＿□□□□□□□
□＿□□□□□□□□
□□□□＿□□□□□
＿□□□□□□□□□
□□＿□□□□□□＿
□□□□□□＿□□□
□□□□□□□□＿□
□□□□□□＿□□□
□□□□□□□□□＿
□＿□□□□□□□□
□□□□□□□□□＿
□□□□□□□□□＿
00:48:54(88034f):field(88033f)
＿＿＿＿＿＿＿＿＿＿
＿＿＿＿＿＿＿＿＿＿
＿＿＿＿＿＿＿＿＿＿
＿＿＿＿＿＿＿＿＿◆
＿＿＿■＿＿＿＿＿□
◆＿■□□□◆□◆□
□□□□□＿□＿□□
□＿□□□□□□□□
□□＿□□□□□□□
□＿□□□□□□□□
□□□□＿□□□□□
＿□□□□□□□□□
□□＿□□□□□□＿
□□□□□□＿□□□
□□□□□□□□＿□
□□□□□□＿□□□
□□□□□□□□□＿
□＿□□□□□□□□
□□□□□□□□□＿
□□□□□□□□□＿
00:48:54(88045f):field(88044f)
＿＿＿＿＿＿＿＿＿＿
＿＿＿＿＿＿＿＿＿＿
＿＿＿＿＿＿＿＿＿＿
＿＿＿＿＿＿＿＿＿＿
＿＿＿◆■■＿＿＿□
＿＿□□□□＿◆＿□
□□□□□＿□＿□□
□＿□□□□□□□□
□□＿□□□□□□□
□＿□□□□□□□□
□□□□＿□□□□□
＿□□□□□□□□□
□□＿□□□□□□＿
□□□□□□＿□□□
□□□□□□□□＿□
□□□□□□＿□□□
□□□□□□□□□＿
□＿□□□□□□□□
□□□□□□□□□＿
□□□□□□□□□＿
00:48:55(88059f):field(88058f)
＿＿＿＿＿＿＿＿＿＿
＿＿＿＿＿＿＿＿＿＿
＿＿＿＿＿＿＿＿＿＿
■＿＿＿＿＿＿＿＿＿
■＿＿＿□□＿＿＿□
■■□□□□＿＿＿□
□□□□□＿□＿□□
□＿□□□□□□□□
□□＿□□□□□□□
□＿□□□□□□□□
□□□□＿□□□□□
＿□□□□□□□□□
□□＿□□□□□□＿
□□□□□□＿□□□
□□□□□□□□＿□
□□□□□□＿□□□
□□□□□□□□□＿
□＿□□□□□□□□
□□□□□□□□□＿
□□□□□□□□□＿
00:48:55(88070f):field(88069f)
＿＿＿＿＿＿＿＿＿＿
＿＿＿＿＿＿＿＿＿＿
＿＿＿＿＿＿＿＿＿＿
□■■■■＿＿＿＿＿
□＿＿＿□□＿＿＿□
□□□□□□＿＿＿□
□□□□□＿□＿□□
□＿□□□□□□□□
□□＿□□□□□□□
□＿□□□□□□□□
□□□□＿□□□□□
＿□□□□□□□□□
□□＿□□□□□□＿
□□□□□□＿□□□
□□□□□□□□＿□
□□□□□□＿□□□
□□□□□□□□□＿
□＿□□□□□□□□
□□□□□□□□□＿
□□□□□□□□□＿
00:48:56(88090f):field(88089f)
＿＿＿＿＿＿＿＿＿＿
＿＿＿＿＿＿＿＿＿＿
＿＿＿＿＿＿＿＿＿＿
◆◆◆◆◆＿＿＿＿＿
□■■■□◆＿＿＿◆
□◆□◆□□■＿＿□
□□□□□＿□＿□□
□＿□□□□□□□□
□□＿□□□□□□□
□＿□□□□□□□□
□□□□＿□□□□□
＿□□□□□□□□□
□□＿□□□□□□＿
□□□□□□＿□□□
□□□□□□□□＿□
□□□□□□＿□□□
□□□□□□□□□＿
□＿□□□□□□□□
□□□□□□□□□＿
□□□□□□□□□＿
00:48:56(88105f):field(88104f)
＿＿＿＿＿＿＿＿＿＿
＿＿＿＿＿＿＿＿＿＿
＿＿＿＿＿＿＿＿＿＿
＿＿＿＿＿＿＿＿＿＿
□□□□□＿＿■＿＿
□＿◆＿□□□■■□
□□□□□＿□■□□
□＿□□□□□□□□
□□＿□□□□□□□
□＿□□□□□□□□
□□□□＿□□□□□
＿□□□□□□□□□
□□＿□□□□□□＿
□□□□□□＿□□□
□□□□□□□□＿□
□□□□□□＿□□□
□□□□□□□□□＿
□＿□□□□□□□□
□□□□□□□□□＿
□□□□□□□□□＿
00:48:57(88119f):field(88118f)
＿＿＿＿＿＿＿＿＿＿
＿＿＿＿＿＿＿＿＿＿
＿＿＿＿＿＿＿＿＿＿
＿＿＿＿■■＿＿＿＿
□□□□□■■□＿＿
□＿＿＿□□□□□□
□□□□□＿□□□□
□＿□□□□□□□□
□□＿□□□□□□□
□＿□□□□□□□□
□□□□＿□□□□□
＿□□□□□□□□□
□□＿□□□□□□＿
□□□□□□＿□□□
□□□□□□□□＿□
□□□□□□＿□□□
□□□□□□□□□＿
□＿□□□□□□□□
□□□□□□□□□＿
□□□□□□□□□＿
00:48:57(88132f):field(88131f)
＿＿＿＿＿＿＿＿＿＿
＿＿＿＿＿＿＿＿＿＿
＿＿＿■■＿＿＿＿＿
＿＿■■□□＿＿＿＿
□□□□□□□□＿＿
□＿＿＿□□□□□□
□□□□□＿□□□□
□＿□□□□□□□□
□□＿□□□□□□□
□＿□□□□□□□□
□□□□＿□□□□□
＿□□□□□□□□□
□□＿□□□□□□＿
□□□□□□＿□□□
□□□□□□□□＿□
□□□□□□＿□□□
□□□□□□□□□＿
□＿□□□□□□□□
□□□□□□□□□＿
□□□□□□□□□＿
00:48:58(88148f):field(88147f)
＿＿＿＿＿＿＿＿＿＿
＿＿＿＿＿＿＿＿＿＿
＿＿＿◆◆＿＿＿＿＿
＿＿□□□◆＿＿＿＿
◆□□□□□◆◆■■
□＿■＿□□□□□□
□□□□□＿□□□□
□＿□□□□□□□□
□□＿□□□□□□□
□＿□□□□□□□□
□□□□＿□□□□□
＿□□□□□□□□□
□□＿□□□□□□＿
□□□□□□＿□□□
□□□□□□□□＿□
□□□□□□＿□□□
□□□□□□□□□＿
□＿□□□□□□□□
□□□□□□□□□＿
□□□□□□□□□＿
00:48:58(88162f):field(88161f)
＿＿＿＿＿＿＿＿＿＿
＿＿＿＿＿＿＿＿＿＿
■＿＿＿＿＿＿＿＿＿
■＿◆□□＿＿＿＿＿
■□□□□□＿＿□□
□＿◆＿□□□□□□
□□□□□＿□□□□
□＿□□□□□□□□
□□＿□□□□□□□
□＿□□□□□□□□
□□□□＿□□□□□
＿□□□□□□□□□
□□＿□□□□□□＿
□□□□□□＿□□□
□□□□□□□□＿□
□□□□□□＿□□□
□□□□□□□□□＿
□＿□□□□□□□□
□□□□□□□□□＿
□□□□□□□□□＿
00:48:59(88179f):field(88178f)
＿＿＿＿＿＿＿＿＿＿
＿＿＿＿＿＿＿＿＿＿
□＿＿＿＿＿＿＿＿＿
□＿＿□□＿■■■■
□□□□□□＿＿□□
□＿＿＿□□□□□□
□□□□□＿□□□□
□＿□□□□□□□□
□□＿□□□□□□□
□＿□□□□□□□□
□□□□＿□□□□□
＿□□□□□□□□□
□□＿□□□□□□＿
□□□□□□＿□□□
□□□□□□□□＿□
□□□□□□＿□□□
□□□□□□□□□＿
□＿□□□□□□□□
□□□□□□□□□＿
□□□□□□□□□＿
00:48:59(88194f):field(88193f)
＿＿＿＿＿＿＿＿＿＿
＿＿＿＿＿＿＿＿＿＿
□＿＿■■■＿＿＿＿
□＿＿□□■□□□□
□□□□□□＿＿□□
□＿＿＿□□□□□□
□□□□□＿□□□□
□＿□□□□□□□□
□□＿□□□□□□□
□＿□□□□□□□□
□□□□＿□□□□□
＿□□□□□□□□□
□□＿□□□□□□＿
□□□□□□＿□□□
□□□□□□□□＿□
□□□□□□＿□□□
□□□□□□□□□＿
□＿□□□□□□□□
□□□□□□□□□＿
□□□□□□□□□＿
00:49:00(88209f):field(88208f)
＿＿＿＿＿＿＿＿■＿
＿＿＿＿＿＿＿＿■■
□＿＿□□□＿＿＿■
□＿＿□□□□□□□
□□□□□□＿＿□□
□＿＿＿□□□□□□
□□□□□＿□□□□
□＿□□□□□□□□
□□＿□□□□□□□
□＿□□□□□□□□
□□□□＿□□□□□
＿□□□□□□□□□
□□＿□□□□□□＿
□□□□□□＿□□□
□□□□□□□□＿□
□□□□□□＿□□□
□□□□□□□□□＿
□＿□□□□□□□□
□□□□□□□□□＿
□□□□□□□□□＿
00:49:00(88224f):field(88223f)
＿＿＿＿＿＿＿＿◆＿
＿＿＿＿＿＿＿＿□◆
◆＿＿□◆◆■■■□
□■■□□□◆□◆□
□□□□□□■■□□
□＿＿■□□□□□□
□□□□□＿□□□□
□＿□□□□□□□□
□□＿□□□□□□□
□＿□□□□□□□□
□□□□＿□□□□□
＿□□□□□□□□□
□□＿□□□□□□＿
□□□□□□＿□□□
□□□□□□□□＿□
□□□□□□＿□□□
□□□□□□□□□＿
□＿□□□□□□□□
□□□□□□□□□＿
□□□□□□□□□＿
00:49:01(88235f):field(88234f)
＿■＿＿＿＿＿＿＿＿
■■＿＿＿＿＿＿□＿
■＿＿◆＿＿◆◆□□
□□□□□□＿◆＿□
□□□□□□◆◆□□
□＿＿◆□□□□□□
□□□□□＿□□□□
□＿□□□□□□□□
□□＿□□□□□□□
□＿□□□□□□□□
□□□□＿□□□□□
＿□□□□□□□□□
□□＿□□□□□□＿
□□□□□□＿□□□
□□□□□□□□＿□
□□□□□□＿□□□
□□□□□□□□□＿
□＿□□□□□□□□
□□□□□□□□□＿
□□□□□□□□□＿
00:49:01(88246f):field(88245f)
＿□＿＿＿＿＿＿＿＿
□□＿＿＿＿＿＿□＿
□■■■■＿＿＿□□
□□□□□□＿＿＿□
□□□□□□＿＿□□
□＿＿＿□□□□□□
□□□□□＿□□□□
□＿□□□□□□□□
□□＿□□□□□□□
□＿□□□□□□□□
□□□□＿□□□□□
＿□□□□□□□□□
□□＿□□□□□□＿
□□□□□□＿□□□
□□□□□□□□＿□
□□□□□□＿□□□
□□□□□□□□□＿
□＿□□□□□□□□
□□□□□□□□□＿
□□□□□□□□□＿
00:49:02(88265f):field(88264f)
＿◆＿＿＿＿＿＿＿＿
◆□＿＿＿＿＿＿◆＿
□□◆◆◆＿＿■□◆
□□□□□◆■＿■□
□□□□□□■■□□
□＿＿＿□□□□□□
□□□□□＿□□□□
□＿□□□□□□□□
□□＿□□□□□□□
□＿□□□□□□□□
□□□□＿□□□□□
＿□□□□□□□□□
□□＿□□□□□□＿
□□□□□□＿□□□
□□□□□□□□＿□
□□□□□□＿□□□
□□□□□□□□□＿
□＿□□□□□□□□
□□□□□□□□□＿
□□□□□□□□□＿
00:49:02(88279f):field(88278f)
＿＿＿＿＿＿＿＿＿＿
＿□＿＿＿＿＿＿＿＿
□□＿■■■＿◆□＿
□□□□□■◆＿□□
□□□□□□□◆□□
□＿＿＿□□□□□□
□□□□□＿□□□□
□＿□□□□□□□□
□□＿□□□□□□□
□＿□□□□□□□□
□□□□＿□□□□□
＿□□□□□□□□□
□□＿□□□□□□＿
□□□□□□＿□□□
□□□□□□□□＿□
□□□□□□＿□□□
□□□□□□□□□＿
□＿□□□□□□□□
□□□□□□□□□＿
□□□□□□□□□＿
00:49:03(88295f):field(88294f)
＿＿＿＿＿＿＿＿＿＿
＿◆＿＿＿＿＿＿＿＿
◆□＿◆◆◆＿■◆＿
□□◆□□□■■□◆
□□□□□□□＿□□
□＿＿＿□□□□□□
□□□□□＿□□□□
□＿□□□□□□□□
□□＿□□□□□□□
□＿□□□□□□□□
□□□□＿□□□□□
＿□□□□□□□□□
□□＿□□□□□□＿
□□□□□□＿□□□
□□□□□□□□＿□
□□□□□□＿□□□
□□□□□□□□□＿
□＿□□□□□□□□
□□□□□□□□□＿
□□□□□□□□□＿
00:49:03(88310f):field(88309f)
＿＿＿＿＿＿＿＿＿＿
＿＿＿＿＿＿＿＿■＿
＿□＿＿＿＿＿◆■■
□□＿□□□□□□■
□□□□□□□＿□□
□＿＿＿□□□□□□
□□□□□＿□□□□
□＿□□□□□□□□
□□＿□□□□□□□
□＿□□□□□□□□
□□□□＿□□□□□
＿□□□□□□□□□
□□＿□□□□□□＿
□□□□□□＿□□□
□□□□□□□□＿□
□□□□□□＿□□□
□□□□□□□□□＿
□＿□□□□□□□□
□□□□□□□□□＿
□□□□□□□□□＿
00:49:04(88326f):field(88325f)
＿＿＿＿＿＿＿＿＿＿
＿＿＿＿＿＿＿＿◆＿
＿◆＿■＿■＿＿□◆
□□■□□◆□□□□
□□□□□□□＿□□
□＿＿＿□□□□□□
□□□□□＿□□□□
□＿□□□□□□□□
□□＿□□□□□□□
□＿□□□□□□□□
□□□□＿□□□□□
＿□□□□□□□□□
□□＿□□□□□□＿
□□□□□□＿□□□
□□□□□□□□＿□
□□□□□□＿□□□
□□□□□□□□□＿
□＿□□□□□□□□
□□□□□□□□□＿
□□□□□□□□□＿
00:49:04(88339f):field(88338f)
＿＿＿＿＿＿＿＿＿＿
＿＿＿＿＿＿＿＿＿＿
＿＿＿□＿◆＿＿□＿
◆□□□□■□□□□
□□□□□□□＿□□
□＿＿＿□□□□□□
□□□□□＿□□□□
□＿□□□□□□□□
□□＿□□□□□□□
□＿□□□□□□□□
□□□□＿□□□□□
＿□□□□□□□□□
□□＿□□□□□□＿
□□□□□□＿□□□
□□□□□□□□＿□
□□□□□□＿□□□
□□□□□□□□□＿
□＿□□□□□□□□
□□□□□□□□□＿
□□□□□□□□□＿
00:49:04(88349f):field(88348f)
＿＿＿＿＿＿＿＿＿＿
＿＿＿＿＿■＿＿＿＿
＿＿＿□■■■＿□＿
＿□□□□□□□□□
□□□□□□□＿□□
□＿＿＿□□□□□□
□□□□□＿□□□□
□＿□□□□□□□□
□□＿□□□□□□□
□＿□□□□□□□□
□□□□＿□□□□□
＿□□□□□□□□□
□□＿□□□□□□＿
□□□□□□＿□□□
□□□□□□□□＿□
□□□□□□＿□□□
□□□□□□□□□＿
□＿□□□□□□□□
□□□□□□□□□＿
□□□□□□□□□＿
00:49:05(88360f):field(88359f)
＿■＿＿＿＿＿＿＿＿
＿■■■＿□＿＿＿＿
＿＿＿□□□□＿□＿
＿□□□□□□□□□
□□□□□□□＿□□
□＿＿＿□□□□□□
□□□□□＿□□□□
□＿□□□□□□□□
□□＿□□□□□□□
□＿□□□□□□□□
□□□□＿□□□□□
＿□□□□□□□□□
□□＿□□□□□□＿
□□□□□□＿□□□
□□□□□□□□＿□
□□□□□□＿□□□
□□□□□□□□□＿
□＿□□□□□□□□
□□□□□□□□□＿
□□□□□□□□□＿
00:49:40(89426f):game end
