00:52:53(95212f):game start
00:52:55(95273f):field(95272f)
＿＿＿＿＿＿＿＿＿＿
＿＿＿＿＿＿＿＿＿＿
＿＿＿＿＿＿＿＿＿＿
＿＿＿＿＿＿＿＿＿＿
＿＿＿＿＿＿＿＿＿＿
＿＿＿＿＿＿＿＿＿＿
＿＿＿＿＿＿＿＿＿＿
＿＿＿＿＿＿＿＿＿＿
＿＿＿＿＿＿＿＿＿＿
＿＿＿＿＿＿＿＿＿＿
＿＿＿＿＿＿＿＿＿＿
＿＿＿＿＿＿＿＿＿＿
＿＿＿＿＿＿＿＿＿＿
＿＿＿＿＿＿＿＿＿＿
＿＿＿＿＿＿＿＿＿＿
＿＿＿＿＿＿＿＿＿＿
＿＿＿＿＿＿＿＿＿＿
＿＿＿＿■＿＿＿＿＿
＿＿＿＿■■＿＿＿＿
＿＿＿＿■＿＿＿＿＿
00:52:56(95286f):field(95285f)
＿＿＿＿＿＿＿＿＿＿
＿＿＿＿＿＿＿＿＿＿
＿＿＿＿＿＿＿＿＿＿
＿＿＿＿＿＿＿＿＿＿
＿＿＿＿＿＿＿＿＿＿
＿＿＿＿＿＿＿＿＿＿
＿＿＿＿＿＿＿＿＿＿
＿＿＿＿＿＿＿＿＿＿
＿＿＿＿＿＿＿＿＿＿
＿＿＿＿＿＿＿＿＿＿
＿＿＿＿＿＿＿＿＿＿
＿＿＿＿＿＿＿＿＿＿
＿＿＿＿＿＿＿＿＿＿
＿＿＿＿＿＿＿＿＿＿
＿＿＿＿＿＿＿＿＿＿
＿＿＿＿＿＿＿＿＿＿
＿＿＿＿＿＿＿＿＿＿
＿＿＿＿□＿＿＿＿＿
■＿＿＿□□＿＿＿＿
■■■＿□＿＿＿＿＿
00:52:56(95305f):field(95304f)
＿＿＿＿＿＿＿＿＿＿
＿＿＿＿＿＿＿＿＿＿
＿＿＿＿＿＿＿＿＿＿
＿＿＿＿＿＿＿＿＿＿
＿＿＿＿＿＿＿＿＿＿
＿＿＿＿＿＿＿＿＿＿
＿＿＿＿＿＿＿＿＿＿
＿＿＿＿＿＿＿＿＿＿
＿＿＿＿＿＿＿＿＿＿
＿＿＿＿＿＿＿＿＿＿
＿＿＿＿＿＿＿＿＿＿
＿＿＿＿＿＿＿＿＿＿
＿＿＿＿＿＿＿＿＿＿
＿＿＿＿＿＿＿＿＿＿
＿＿＿＿＿＿＿＿＿＿
＿＿＿＿＿＿＿＿＿＿
＿＿＿＿＿＿＿＿＿＿
＿＿＿＿□＿＿＿＿＿
□＿＿＿□□＿＿＿＿
□□□＿□■■■■＿
00:52:57(95318f):field(95317f)
＿＿＿＿＿＿＿＿＿＿
＿＿＿＿＿＿＿＿＿＿
＿＿＿＿＿＿＿＿＿＿
＿＿＿＿＿＿＿＿＿＿
＿＿＿＿＿＿＿＿＿＿
＿＿＿＿＿＿＿＿＿＿
＿＿＿＿＿＿＿＿＿＿
＿＿＿＿＿＿＿＿＿＿
＿＿＿＿＿＿＿＿＿＿
＿＿＿＿＿＿＿＿＿＿
＿＿＿＿＿＿＿＿＿＿
＿＿＿＿＿＿＿＿＿＿
＿＿＿＿＿＿＿＿＿＿
＿＿＿＿＿＿＿＿＿＿
＿＿＿＿＿＿＿＿＿＿
＿＿＿＿＿＿＿＿＿＿
＿＿＿＿＿＿＿＿＿＿
＿＿■＿□＿＿＿＿＿
□＿■■□□＿＿＿＿
□□□■□□□□□＿
00:52:57(95330f):field(95329f)
＿＿＿＿＿＿＿＿＿＿
＿＿＿＿＿＿＿＿＿＿
＿＿＿＿＿＿＿＿＿＿
＿＿＿＿＿＿＿＿＿＿
＿＿＿＿＿＿＿＿＿＿
＿＿＿＿＿＿＿＿＿＿
＿＿＿＿＿＿＿＿＿＿
＿＿＿＿＿＿＿＿＿＿
＿＿＿＿＿＿＿＿＿＿
＿＿＿＿＿＿＿＿＿＿
＿＿＿＿＿＿＿＿＿＿
＿＿＿＿＿＿＿＿＿＿
＿＿＿＿＿＿＿＿＿＿
＿＿＿＿＿＿＿＿＿＿
＿＿＿＿＿＿＿＿＿＿
＿＿＿＿■＿＿＿＿＿
＿＿＿■■＿＿＿＿＿
＿＿□■□＿＿＿＿＿
□＿□□□□＿＿＿＿
□□□□□□□□□＿
00:52:58(95341f):field(95340f)
＿＿＿＿＿＿＿＿＿＿
＿＿＿＿＿＿＿＿＿＿
＿＿＿＿＿＿＿＿＿＿
＿＿＿＿＿＿＿＿＿＿
＿＿＿＿＿＿＿＿＿＿
＿＿＿＿＿＿＿＿＿＿
＿＿＿＿＿＿＿＿＿＿
＿＿＿＿＿＿＿＿＿＿
＿＿＿＿＿＿＿＿＿＿
＿＿＿＿＿＿＿＿＿＿
＿＿＿＿＿＿＿＿＿＿
＿＿＿＿＿＿＿＿＿＿
＿＿＿＿＿＿＿＿＿＿
＿＿＿＿＿＿＿＿＿＿
＿＿＿＿＿＿＿＿＿＿
＿＿＿＿□＿＿＿＿＿
＿＿＿□□■■＿＿＿
＿＿□□□■■＿＿＿
□＿□□□□＿＿＿＿
□□□□□□□□□＿
00:52:58(95355f):field(95354f)
＿＿＿＿＿＿＿＿＿＿
＿＿＿＿＿＿＿＿＿＿
＿＿＿＿＿＿＿＿＿＿
＿＿＿＿＿＿＿＿＿＿
＿＿＿＿＿＿＿＿＿＿
＿＿＿＿＿＿＿＿＿＿
＿＿＿＿＿＿＿＿＿＿
＿＿＿＿＿＿＿＿＿＿
＿＿＿＿＿＿＿＿＿＿
＿＿＿＿＿＿＿＿＿＿
＿＿＿＿＿＿＿＿＿＿
＿＿＿＿＿＿＿＿＿＿
＿＿＿＿＿＿＿＿＿＿
＿＿＿＿＿＿＿＿＿＿
＿＿＿＿＿＿＿＿＿＿
＿＿＿＿□＿＿＿＿＿
＿＿＿□□□□＿＿＿
＿＿□□□□□■＿＿
□＿□□□□■■■＿
□□□□□□□□□＿
00:52:59(95375f):field(95374f)
＿＿＿＿＿＿＿＿＿＿
＿＿＿＿＿＿＿＿＿＿
＿＿＿＿＿＿＿＿＿＿
＿＿＿＿＿＿＿＿＿＿
＿＿＿＿＿＿＿＿＿＿
＿＿＿＿＿＿＿＿＿＿
＿＿＿＿＿＿＿＿＿＿
＿＿＿＿＿＿＿＿＿＿
＿＿＿＿＿＿＿＿＿＿
＿＿＿＿＿＿＿＿＿＿
＿＿＿＿＿＿＿＿＿＿
＿＿＿＿＿＿＿＿＿＿
＿＿＿＿＿＿＿＿＿＿
＿＿＿＿＿＿＿＿＿＿
＿＿＿＿＿＿＿＿＿＿
＿＿＿＿□＿＿＿■＿
＿＿＿□□□□＿■＿
＿＿□□□□□□■■
□＿□□□□□□□＿
□□□□□□□□□＿
00:52:59(95391f):field(95390f)
＿＿＿＿＿＿＿＿＿＿
＿＿＿＿＿＿＿＿＿＿
＿＿＿＿＿＿＿＿＿＿
＿＿＿＿＿＿＿＿＿＿
＿＿＿＿＿＿＿＿＿＿
＿＿＿＿＿＿＿＿＿＿
＿＿＿＿＿＿＿＿＿＿
＿＿＿＿＿＿＿＿＿＿
＿＿＿＿＿＿＿＿＿＿
＿＿＿＿＿＿＿＿＿＿
＿＿＿＿＿＿＿＿＿＿
＿＿＿＿＿＿＿＿＿＿
＿＿＿＿＿＿＿＿＿＿
＿＿＿＿＿＿＿■＿＿
＿＿＿＿＿＿＿■＿＿
＿＿＿＿□＿＿■□＿
＿＿＿□□□□■□＿
＿＿□□□□□□□□
□＿□□□□□□□＿
□□□□□□□□□＿
00:53:00(95403f):field(95402f)
＿＿＿＿＿＿＿＿＿＿
＿＿＿＿＿＿＿＿＿＿
＿＿＿＿＿＿＿＿＿＿
＿＿＿＿＿＿＿＿＿＿
＿＿＿＿＿＿＿＿＿＿
＿＿＿＿＿＿＿＿＿＿
＿＿＿＿＿＿＿＿＿＿
＿＿＿＿＿＿＿＿＿＿
＿＿＿＿＿＿＿＿＿＿
＿＿＿＿＿＿＿＿＿＿
＿＿＿＿＿＿＿＿＿＿
＿＿＿＿＿＿＿＿＿＿
＿＿＿＿＿＿＿＿＿＿
＿＿＿＿＿＿＿□＿＿
＿＿＿＿■■＿□＿＿
＿＿＿＿□■■□□＿
＿＿＿□□□□□□＿
＿＿□□□□□□□□
□＿□□□□□□□＿
□□□□□□□□□＿
00:53:00(95416f):field(95415f)
＿＿＿＿＿＿＿＿＿＿
＿＿＿＿＿＿＿＿＿＿
＿＿＿＿＿＿＿＿＿＿
＿＿＿＿＿＿＿＿＿＿
＿＿＿＿＿＿＿＿＿＿
＿＿＿＿＿＿＿＿＿＿
＿＿＿＿＿＿＿＿＿＿
＿＿＿＿＿＿＿＿＿＿
＿＿＿＿＿＿＿＿＿＿
＿＿＿＿＿＿＿＿＿＿
＿＿＿＿＿＿＿＿＿＿
＿＿＿＿＿＿＿＿＿＿
＿＿＿＿＿＿＿＿＿＿
＿＿＿＿■■■□＿＿
＿＿＿＿□□■□＿＿
＿＿＿＿□□□□□＿
＿＿＿□□□□□□＿
＿＿□□□□□□□□
□＿□□□□□□□＿
□□□□□□□□□＿
00:53:00(95427f):field(95426f)
＿＿＿＿＿＿＿＿＿＿
＿＿＿＿＿＿＿＿＿＿
＿＿＿＿＿＿＿＿＿＿
＿＿＿＿＿＿＿＿＿＿
＿＿＿＿＿＿＿＿＿＿
＿＿＿＿＿＿＿＿＿＿
＿＿＿＿＿＿＿＿＿＿
＿＿＿＿＿＿＿＿＿＿
＿＿＿＿＿＿＿＿＿＿
＿＿＿＿＿＿＿＿＿＿
＿＿＿＿＿＿＿＿＿＿
＿＿＿＿■■＿＿＿＿
＿＿＿＿■■＿＿＿＿
＿＿＿＿□□□□＿＿
＿＿＿＿□□□□＿＿
＿＿＿＿□□□□□＿
＿＿＿□□□□□□＿
＿＿□□□□□□□□
□＿□□□□□□□＿
□□□□□□□□□＿
00:53:01(95446f):field(95445f)
＿＿＿＿＿＿＿＿＿＿
＿＿＿＿＿＿＿＿＿＿
＿＿＿＿＿＿＿＿＿＿
＿＿＿＿＿＿＿＿＿＿
＿＿＿＿＿＿＿＿＿＿
＿＿＿＿＿＿＿＿＿＿
＿＿＿＿＿＿＿＿＿＿
＿＿＿＿＿＿＿＿＿＿
＿＿＿＿＿＿＿＿＿＿
＿＿＿＿＿＿＿＿＿＿
＿＿＿＿＿＿＿＿＿＿
＿＿＿＿◆◆＿＿＿＿
＿＿＿＿□□＿＿＿＿
＿＿＿＿□□◆◆＿＿
＿＿＿＿□□□□＿＿
＿＿＿＿□□□□◆＿
■＿＿◆□□□□□＿
＿■□□□□□□□◆
□■□□□□□□□＿
□□□□□□□□□＿
00:53:02(95462f):field(95461f)
＿＿＿＿＿＿＿＿＿＿
＿＿＿＿＿＿＿＿＿＿
＿＿＿＿＿＿＿＿＿＿
＿＿＿＿＿＿＿＿＿＿
＿＿＿＿＿＿＿＿＿＿
＿＿＿＿＿＿＿＿＿＿
＿＿＿＿＿＿＿＿＿＿
＿＿＿＿＿＿＿＿＿＿
＿＿＿＿＿＿＿＿＿＿
＿＿＿＿＿＿＿＿＿＿
＿＿＿＿＿＿＿＿＿＿
＿＿＿＿＿＿＿＿＿＿
＿＿＿＿◆◆＿＿＿＿
＿＿＿＿◆◆＿＿＿＿
＿＿＿＿□□◆◆＿＿
＿＿＿＿□□◆◆＿＿
◆＿＿＿□□□□◆＿
＿◆◆◆□□□□◆＿
◆◆◆◆□□□□□■
◆□◆□□□□□□■
00:53:02(95480f):field(95479f)
＿＿＿＿＿＿＿＿＿＿
＿＿＿＿＿＿＿＿＿＿
＿＿＿＿＿＿＿＿＿＿
＿＿＿＿＿＿＿＿＿＿
＿＿＿＿＿＿＿＿＿＿
＿＿＿＿＿＿＿＿＿＿
＿＿＿＿＿＿＿＿＿＿
＿＿＿＿＿＿＿＿＿＿
＿＿＿＿＿＿＿＿＿＿
＿＿＿＿＿＿＿＿＿＿
＿＿＿＿＿＿＿＿＿＿
＿＿＿＿＿＿＿＿＿＿
＿＿＿＿＿＿＿＿＿＿
＿＿＿＿＿＿＿＿＿＿
＿＿＿＿□□＿＿＿＿
＿＿＿＿□□＿＿＿＿
■＿＿＿□□□□＿＿
■＿＿＿□□□□＿＿
■■＿＿□□□□□□
＿□＿□□□□□□□
00:53:03(95495f):field(95494f)
＿＿＿＿＿＿＿＿＿＿
＿＿＿＿＿＿＿＿＿＿
＿＿＿＿＿＿＿＿＿＿
＿＿＿＿＿＿＿＿＿＿
＿＿＿＿＿＿＿＿＿＿
＿＿＿＿＿＿＿＿＿＿
＿＿＿＿＿＿＿＿＿＿
＿＿＿＿＿＿＿＿＿＿
＿＿＿＿＿＿＿＿＿＿
＿＿＿＿＿＿＿＿＿＿
＿＿＿＿＿＿＿＿＿＿
＿＿＿＿＿＿＿＿＿＿
＿＿＿＿＿＿＿＿＿＿
＿＿＿＿＿＿＿＿＿＿
＿＿＿＿□□＿＿＿＿
＿＿＿＿□□＿＿＿■
□＿＿＿□□□□■■
□＿＿＿□□□□■＿
□□＿＿□□□□□□
＿□＿□□□□□□□
00:53:03(95506f):field(95505f)
＿＿＿＿＿＿＿＿＿＿
＿＿＿＿＿＿＿＿＿＿
＿＿＿＿＿＿＿＿＿＿
＿＿＿＿＿＿＿＿＿＿
＿＿＿＿＿＿＿＿＿＿
＿＿＿＿＿＿＿＿＿＿
＿＿＿＿＿＿＿＿＿＿
＿＿＿＿＿＿＿＿＿＿
＿＿＿＿＿＿＿＿＿＿
＿＿＿＿＿＿＿＿＿＿
＿＿＿＿＿＿＿＿＿＿
＿＿＿＿＿＿＿＿＿＿
＿＿＿＿■■＿＿＿＿
＿＿＿＿■■＿＿＿＿
＿＿＿＿□□＿＿＿＿
＿＿＿＿□□＿＿＿□
□＿＿＿□□□□□□
□＿＿＿□□□□□＿
□□＿＿□□□□□□
＿□＿□□□□□□□
00:53:04(95522f):field(95521f)
＿＿＿＿＿＿＿＿＿＿
＿＿＿＿＿＿＿＿＿＿
＿＿＿＿＿＿＿＿＿＿
＿＿＿＿＿＿＿＿＿＿
＿＿＿＿＿＿＿＿＿＿
＿＿＿＿＿＿＿＿＿＿
＿＿＿＿＿＿＿＿＿＿
＿＿＿＿＿＿＿＿＿＿
＿＿＿＿＿＿＿＿＿＿
＿＿＿＿＿＿＿＿＿＿
＿＿＿＿＿＿＿＿＿＿
＿＿＿＿＿＿＿＿＿＿
＿＿＿＿□□＿＿＿＿
＿＿＿＿□□＿＿＿＿
＿＿＿＿□□■＿＿＿
＿＿＿＿□□■■■□
□＿＿＿□□□□□□
□＿＿＿□□□□□＿
□□＿＿□□□□□□
＿□＿□□□□□□□
00:53:04(95539f):field(95538f)
＿＿＿＿＿＿＿＿＿＿
＿＿＿＿＿＿＿＿＿＿
＿＿＿＿＿＿＿＿＿＿
＿＿＿＿＿＿＿＿＿＿
＿＿＿＿＿＿＿＿＿＿
＿＿＿＿＿＿＿＿＿＿
＿＿＿＿＿＿＿＿＿＿
＿＿＿＿＿＿＿＿＿＿
＿＿＿＿＿＿＿＿＿＿
＿＿＿＿＿＿＿＿＿＿
＿＿＿＿＿＿＿＿＿＿
＿＿＿＿＿＿＿＿＿＿
＿＿＿＿□□＿＿＿＿
＿＿＿＿□□＿＿＿＿
＿＿＿＿□□□＿＿＿
＿＿＿■□□□□□□
□＿＿■□□□□□□
□＿＿■□□□□□＿
□□＿■□□□□□□
＿□＿□□□□□□□
00:53:05(95554f):field(95553f)
＿＿＿＿＿＿＿＿＿＿
＿＿＿＿＿＿＿＿＿＿
＿＿＿＿＿＿＿＿＿＿
＿＿＿＿＿＿＿＿＿＿
＿＿＿＿＿＿＿＿＿＿
＿＿＿＿＿＿＿＿＿＿
＿＿＿＿＿＿＿＿＿＿
＿＿＿＿＿＿＿＿＿＿
＿＿＿＿＿＿＿＿＿＿
＿＿＿＿＿＿＿＿＿＿
＿＿＿＿＿＿＿＿＿＿
＿＿＿＿＿＿＿＿＿＿
＿＿＿＿◆◆＿＿＿＿
＿＿＿＿□□＿＿＿＿
＿＿＿＿□□◆＿＿＿
＿＿＿◆□□□◆◆◆
◆＿＿□□□□□□□
□＿＿□□□□□□■
□□■□□□□□□◆
＿□■□□□□□□□
00:53:05(95569f):field(95568f)
＿＿＿＿＿＿＿＿＿＿
＿＿＿＿＿＿＿＿＿＿
＿＿＿＿＿＿＿＿＿＿
＿＿＿＿＿＿＿＿＿＿
＿＿＿＿＿＿＿＿＿＿
＿＿＿＿＿＿＿＿＿＿
＿＿＿＿＿＿＿＿＿＿
＿＿＿＿＿＿＿＿＿＿
＿＿＿＿＿＿＿＿＿＿
＿＿＿＿＿＿＿＿＿＿
＿＿＿＿＿＿＿＿＿＿
＿＿＿＿＿＿＿＿＿＿
＿＿＿＿＿＿＿＿＿＿
＿＿＿＿□□＿＿＿＿
＿＿＿＿□□＿＿■＿
＿＿＿＿□□□■■■
＿＿＿□□□□□□□
□＿＿□□□□□□□
□□□□□□□□□＿
＿□□□□□□□□□
00:53:06(95584f):field(95583f)
＿＿＿＿＿＿＿＿＿＿
＿＿＿＿＿＿＿＿＿＿
＿＿＿＿＿＿＿＿＿＿
＿＿＿＿＿＿＿＿＿＿
＿＿＿＿＿＿＿＿＿＿
＿＿＿＿＿＿＿＿＿＿
＿＿＿＿＿＿＿＿＿＿
＿＿＿＿＿＿＿＿＿＿
＿＿＿＿＿＿＿＿＿＿
＿＿＿＿＿＿＿＿＿＿
＿＿＿＿＿＿＿＿＿＿
＿＿＿＿＿＿＿＿＿＿
＿＿＿＿＿＿＿＿＿＿
＿＿＿＿◆◆＿＿＿＿
＿＿＿＿□□＿＿◆＿
＿＿＿＿□□◆◆□◆
＿＿＿◆□□□□□□
□■■□□□□□□□
□□□□□□□□□＿
＿□□□□□□□□□
00:53:06(95599f):field(95598f)
＿＿＿＿＿＿＿＿＿＿
＿＿＿＿＿＿＿＿＿＿
＿＿＿＿＿＿＿＿＿＿
＿＿＿＿＿＿＿＿＿＿
＿＿＿＿＿＿＿＿＿＿
＿＿＿＿＿＿＿＿＿＿
＿＿＿＿＿＿＿＿＿＿
＿＿＿＿＿＿＿＿＿＿
＿＿＿＿＿＿＿＿＿＿
＿＿＿＿＿＿＿＿＿＿
＿＿＿＿＿＿＿＿＿＿
＿＿＿＿＿＿＿＿＿＿
＿＿＿＿＿＿＿＿＿＿
＿＿＿＿＿＿＿＿＿＿
＿＿＿＿□□＿■■＿
＿＿＿＿□□■■□＿
＿＿＿＿□□□□□□
◆□□□□□□□□□
□□□□□□□□□＿
＿□□□□□□□□□
00:53:07(95618f):field(95617f)
＿＿＿＿＿＿＿＿＿＿
＿＿＿＿＿＿＿＿＿＿
＿＿＿＿＿＿＿＿＿＿
＿＿＿＿＿＿＿＿＿＿
＿＿＿＿＿＿＿＿＿＿
＿＿＿＿＿＿＿＿＿＿
＿＿＿＿＿＿＿＿＿＿
＿＿＿＿＿＿＿＿＿＿
＿＿＿＿＿＿＿＿＿＿
＿＿＿＿＿＿＿＿＿＿
＿＿＿＿＿＿＿＿＿＿
＿＿＿＿＿＿＿＿＿＿
＿＿＿＿＿＿＿＿＿＿
＿＿＿＿＿＿＿＿＿＿
＿＿＿＿◆◆＿◆◆＿
＿＿＿＿□□◆□□＿
■■■＿□□□□□◆
■◆◆◆□□□□□□
□□□□□□□□□＿
＿□□□□□□□□□
00:53:07(95630f):field(95629f)
＿＿＿＿＿＿＿＿＿＿
＿＿＿＿＿＿＿＿＿＿
＿＿＿＿＿＿＿＿＿＿
＿＿＿＿＿＿＿＿＿＿
＿＿＿＿＿＿＿＿＿＿
＿＿＿＿＿＿＿＿＿＿
＿＿＿＿＿＿＿＿＿＿
＿＿＿＿＿＿＿＿＿＿
＿＿＿＿＿＿＿＿＿＿
＿＿＿＿＿＿＿＿＿＿
＿＿＿＿＿＿＿＿＿＿
＿＿＿＿■＿＿＿＿＿
＿＿＿＿■＿＿＿＿＿
＿＿＿＿■＿＿＿＿＿
＿＿＿＿■＿＿＿＿＿
＿＿＿＿□□＿□□＿
□□◆＿□□□□□＿
□＿＿＿□□□□□□
□□□□□□□□□＿
＿□□□□□□□□□
00:53:08(95646f):field(95645f)
＿＿＿＿＿＿＿＿＿＿
＿＿＿＿＿＿＿＿＿＿
＿＿＿＿＿＿＿＿＿＿
＿＿＿＿＿＿＿＿＿＿
＿＿＿＿＿＿＿＿＿＿
＿＿＿＿＿＿＿＿＿＿
＿＿＿＿＿＿＿＿＿＿
＿＿＿＿＿＿＿＿＿＿
＿＿＿＿＿＿＿＿＿＿
＿＿＿＿＿＿＿＿＿＿
＿＿＿＿＿＿＿＿＿＿
＿＿＿＿□＿＿＿＿＿
＿＿＿＿□＿＿＿＿＿
＿＿＿＿□＿＿■＿＿
＿＿＿＿□＿■■＿＿
＿＿＿＿□□■□□＿
□□＿＿□□□□□＿
□＿＿＿□□□□□□
□□□□□□□□□＿
＿□□□□□□□□□
00:53:08(95661f):field(95660f)
＿＿＿＿＿＿＿＿＿＿
＿＿＿＿＿＿＿＿＿＿
＿＿＿＿＿＿＿＿＿＿
＿＿＿＿＿＿＿＿＿＿
＿＿＿＿＿＿＿＿＿＿
＿＿＿＿＿＿＿＿＿＿
＿＿＿＿＿＿＿＿＿＿
＿＿＿＿＿＿＿＿＿＿
＿＿＿＿＿＿＿＿＿＿
＿＿＿＿＿＿＿＿＿＿
＿＿＿＿＿＿＿＿＿＿
＿＿＿＿□＿＿＿＿＿
＿＿＿＿□＿＿＿＿＿
＿＿＿＿□＿＿□＿＿
＿＿＿＿□＿□□＿＿
＿＿＿＿□□□□□＿
□□■■□□□□□＿
□＿■■□□□□□□
□□□□□□□□□＿
＿□□□□□□□□□
00:53:09(95679f):field(95678f)
＿＿＿＿＿＿＿＿＿＿
＿＿＿＿＿＿＿＿＿＿
＿＿＿＿＿＿＿＿＿＿
＿＿＿＿＿＿＿＿＿＿
＿＿＿＿＿＿＿＿＿＿
＿＿＿＿＿＿＿＿＿＿
＿＿＿＿＿＿＿＿＿＿
＿＿＿＿＿＿＿＿＿＿
＿＿＿＿＿＿＿＿＿＿
＿＿＿＿＿＿＿＿＿＿
＿＿＿＿＿＿＿＿＿＿
＿＿＿＿□＿＿＿＿＿
＿＿＿＿□＿＿＿＿＿
■＿＿＿□＿＿□＿＿
■＿＿＿□＿□□＿＿
■■＿＿□□□□□＿
□□□□□□□□□＿
□＿□□□□□□□□
□□□□□□□□□＿
＿□□□□□□□□□
00:53:09(95692f):field(95691f)
＿＿＿＿＿＿＿＿＿＿
＿＿＿＿＿＿＿＿＿＿
＿＿＿＿＿＿＿＿＿＿
＿＿＿＿＿＿＿＿＿＿
＿＿＿＿＿＿＿＿＿＿
＿＿＿＿＿＿＿＿＿＿
＿＿＿＿＿＿＿＿＿＿
＿＿＿＿＿＿＿＿＿＿
＿＿＿＿＿＿＿＿＿＿
＿＿＿＿＿＿＿＿＿＿
＿＿＿＿＿＿＿＿＿＿
＿＿＿＿□＿＿＿＿＿
＿＿＿＿□＿＿＿＿＿
□＿＿■□＿＿□＿＿
□＿＿■□＿□□＿＿
□□■■□□□□□＿
□□□□□□□□□＿
□＿□□□□□□□□
□□□□□□□□□＿
＿□□□□□□□□□
00:53:10(95710f):field(95709f)
＿＿＿＿＿＿＿＿＿＿
＿＿＿＿＿＿＿＿＿＿
＿＿＿＿＿＿＿＿＿＿
＿＿＿＿＿＿＿＿＿＿
＿＿＿＿＿＿＿＿＿＿
＿＿＿＿＿＿＿＿＿＿
＿＿＿＿＿＿＿＿＿＿
＿＿＿＿＿＿＿＿＿＿
＿＿＿■＿＿＿＿＿＿
＿＿＿■■＿＿＿＿＿
＿＿＿＿■＿＿＿＿＿
＿＿＿＿□＿＿＿＿＿
＿＿＿＿□＿＿＿＿＿
□＿＿□□＿＿□＿＿
□＿＿□□＿□□＿＿
□□□□□□□□□＿
□□□□□□□□□＿
□＿□□□□□□□□
□□□□□□□□□＿
＿□□□□□□□□□
00:53:10(95723f):field(95722f)
＿＿＿＿＿＿＿＿＿＿
＿＿＿＿＿＿＿＿＿＿
＿＿＿＿＿＿＿＿＿＿
＿＿＿＿＿＿＿＿＿＿
＿＿＿＿＿＿＿＿＿＿
＿＿＿＿＿＿＿＿＿＿
＿＿＿＿＿＿＿＿＿＿
＿＿＿＿＿＿＿＿＿＿
＿＿＿□＿＿＿＿＿＿
＿＿＿□□＿＿＿＿＿
＿＿＿＿□＿＿＿＿＿
＿＿＿＿□＿＿＿＿＿
＿＿＿＿□＿■＿＿＿
□＿＿□□■■□＿＿
□＿＿□□■□□＿＿
□□□□□□□□□＿
□□□□□□□□□＿
□＿□□□□□□□□
□□□□□□□□□＿
＿□□□□□□□□□
00:53:11(95737f):field(95736f)
＿＿＿＿＿＿＿＿＿＿
＿＿＿＿＿＿＿＿＿＿
＿＿＿＿＿＿＿＿＿＿
＿＿＿＿＿＿＿＿＿＿
＿＿＿＿＿＿＿＿＿＿
＿＿＿＿＿＿＿＿＿＿
＿＿＿＿＿＿＿＿＿＿
＿＿＿＿＿＿＿＿＿＿
＿＿＿□＿＿＿＿＿＿
＿＿＿□□■＿＿＿＿
＿＿＿＿□■＿＿＿＿
＿＿＿＿□■＿＿＿＿
＿＿＿＿□■□＿＿＿
□＿＿□□□□□＿＿
□＿＿□□□□□＿＿
□□□□□□□□□＿
□□□□□□□□□＿
□＿□□□□□□□□
□□□□□□□□□＿
＿□□□□□□□□□
00:53:11(95758f):field(95757f)
＿＿＿＿＿＿＿＿＿＿
＿＿＿＿＿＿＿＿＿＿
＿＿＿＿＿＿＿＿＿＿
＿＿＿＿＿＿＿＿＿＿
＿＿＿＿＿＿＿＿＿＿
＿＿＿＿＿＿＿＿＿＿
＿＿＿＿＿＿＿＿＿＿
＿＿＿＿＿＿＿＿＿＿
＿＿＿◆＿＿＿＿＿＿
＿＿＿◆◆◆＿＿＿＿
＿＿＿■◆◆＿＿＿＿
＿＿＿■□□＿＿＿＿
＿＿＿＿□□◆＿＿＿
◆＿＿◆□□◆◆＿＿
◆＿＿◆□□□◆＿＿
□◆◆□□□□□◆＿
□◆◆□□□□□□■
□＿□□□□□□□□
□□□□□□□□□＿
■□□□□□□□□□
00:53:12(95770f):field(95769f)
＿＿＿＿＿＿＿＿＿＿
＿＿＿＿＿＿＿＿＿＿
＿＿＿＿＿＿＿＿＿＿
＿＿＿＿＿＿＿＿＿＿
＿＿＿＿＿＿＿＿＿＿
＿＿＿＿＿＿＿＿＿＿
＿＿＿＿＿＿＿＿＿＿
＿＿＿＿＿＿＿＿＿＿
＿＿＿＿＿＿＿＿＿＿
＿＿＿＿■■＿＿＿＿
＿＿＿□■■＿＿＿＿
＿＿＿□□□＿＿＿＿
＿＿＿＿□□＿＿＿＿
＿＿＿＿□□＿＿＿＿
＿＿＿＿□□□＿＿＿
□＿＿□□□□□＿＿
□＿＿□□□□□□□
□＿□□□□□□□□
□□□□□□□□□＿
◆□□□□□□□□□
00:53:12(95787f):field(95786f)
＿＿＿＿＿＿＿＿＿＿
＿＿＿＿＿＿＿＿＿＿
＿＿＿＿＿＿＿＿＿＿
＿＿＿＿＿＿＿＿＿＿
＿＿＿＿＿＿＿＿＿＿
＿＿＿＿＿＿＿＿＿＿
＿＿＿＿＿＿＿＿＿＿
＿＿＿＿＿＿＿＿＿＿
＿＿＿＿＿＿＿＿＿＿
＿＿＿＿□□＿＿＿＿
＿＿＿□□□＿＿＿＿
＿＿＿□□□＿＿＿＿
＿＿＿＿□□＿＿＿＿
＿＿＿＿□□＿■＿＿
＿＿＿＿□□□■■＿
□＿＿□□□□□■＿
□＿＿□□□□□□□
□＿□□□□□□□□
□□□□□□□□□＿
＿□□□□□□□□□
00:53:13(95805f):field(95804f)
＿＿＿＿＿＿＿＿＿＿
＿＿＿＿＿＿＿＿＿＿
＿＿＿＿＿＿＿＿＿＿
＿＿＿＿＿＿＿＿＿＿
＿＿＿＿＿＿＿＿＿＿
＿＿＿＿＿＿＿＿＿＿
＿＿＿＿＿＿＿＿＿＿
＿＿＿＿＿＿＿＿＿＿
＿＿＿＿＿＿＿＿＿＿
＿＿＿＿◆◆＿＿＿＿
＿＿＿◆◆◆＿＿＿＿
＿＿＿◆□□＿＿＿＿
＿＿＿■□□＿＿＿＿
＿＿＿■□□＿◆＿＿
＿＿＿＿□□◆◆◆＿
◆＿■◆□□◆□◆＿
◆■■◆□□□□□◆
□■◆□□□□□□◆
□□□□□□□□□＿
＿□□□□□□□□□
00:53:14(95826f):field(95825f)
＿＿＿＿＿＿＿＿＿＿
＿＿＿＿＿＿＿＿＿＿
＿＿＿＿＿＿＿＿＿＿
＿＿＿＿＿＿＿＿＿＿
＿＿＿＿＿＿＿＿＿＿
＿＿＿＿＿＿＿＿＿＿
＿＿＿＿＿＿＿＿＿＿
＿＿＿＿＿＿＿＿＿＿
＿＿＿＿＿＿＿＿＿＿
＿＿＿＿＿＿＿＿＿＿
＿＿＿＿＿＿＿＿＿＿
＿＿＿＿□□＿＿＿＿
＿＿＿□□□＿＿＿＿
＿＿＿□□□＿＿＿＿
＿＿＿■□□＿＿＿＿
＿＿◆■□□＿□＿＿
＿◆□■□□□□□＿
□□＿□□□□□□＿
□□□□□□□□□＿
＿□□□□□□□□□
00:53:14(95837f):field(95836f)
＿＿＿＿＿＿＿＿＿＿
＿＿＿＿＿＿＿＿＿＿
＿＿＿＿＿＿＿＿＿＿
＿＿＿＿＿＿＿＿＿＿
＿＿＿＿＿＿＿＿＿＿
＿＿＿＿＿＿＿＿＿＿
＿＿＿＿＿＿＿＿＿＿
＿＿＿＿＿＿＿＿＿＿
＿＿＿＿＿＿＿＿＿＿
＿＿＿＿＿＿＿＿＿＿
＿＿＿＿＿＿＿＿＿＿
＿＿＿＿□□＿＿＿＿
＿＿＿□□□＿＿＿＿
＿＿＿□□□＿■＿＿
＿＿＿□□□■■＿＿
＿＿＿□□□■□＿＿
＿＿□□□□□□□＿
□□＿□□□□□□＿
□□□□□□□□□＿
＿□□□□□□□□□
00:53:15(95853f):field(95852f)
＿＿＿＿＿＿＿＿＿＿
＿＿＿＿＿＿＿＿＿＿
＿＿＿＿＿＿＿＿＿＿
＿＿＿＿＿＿＿＿＿＿
＿＿＿＿＿＿＿＿＿＿
＿＿＿＿＿＿＿＿＿＿
＿＿＿＿＿＿＿＿＿＿
＿＿＿＿＿＿＿＿＿＿
＿＿＿＿＿＿＿＿＿＿
＿＿＿＿＿＿＿＿＿＿
＿＿＿＿＿＿■＿＿＿
＿＿＿＿□□■＿＿＿
＿＿＿□□□■＿＿＿
＿＿＿□□□■□＿＿
＿＿＿□□□□□＿＿
＿＿＿□□□□□＿＿
＿＿□□□□□□□＿
□□＿□□□□□□＿
□□□□□□□□□＿
＿□□□□□□□□□
00:53:15(95867f):field(95866f)
＿＿＿＿＿＿＿＿＿＿
＿＿＿＿＿＿＿＿＿＿
＿＿＿＿＿＿＿＿＿＿
＿＿＿＿＿＿＿＿＿＿
＿＿＿＿＿＿＿＿＿＿
＿＿＿＿＿＿＿＿＿＿
＿＿＿＿＿＿＿＿＿＿
＿＿＿＿＿＿＿＿＿＿
＿＿＿＿＿＿＿＿＿＿
＿＿＿＿＿＿＿＿＿＿
＿＿＿＿＿＿□＿＿＿
＿＿＿＿□□□＿＿＿
＿＿＿□□□□＿＿＿
＿＿＿□□□□□＿＿
■＿＿□□□□□＿＿
■＿＿□□□□□＿＿
■■□□□□□□□＿
□□＿□□□□□□＿
□□□□□□□□□＿
＿□□□□□□□□□
00:53:16(95881f):field(95880f)
＿＿＿＿＿＿＿＿＿＿
＿＿＿＿＿＿＿＿＿＿
＿＿＿＿＿＿＿＿＿＿
＿＿＿＿＿＿＿＿＿＿
＿＿＿＿＿＿＿＿＿＿
＿＿＿＿＿＿＿＿＿＿
＿＿＿＿＿＿＿＿＿＿
＿＿＿＿＿＿＿＿＿＿
＿＿＿＿＿＿＿＿＿＿
＿＿＿＿＿＿＿＿＿＿
＿＿＿＿＿＿□＿＿＿
＿＿＿＿□□□＿＿＿
＿＿＿□□□□＿＿＿
＿＿＿□□□□□＿＿
□■■□□□□□＿＿
□■■□□□□□＿＿
□□□□□□□□□＿
□□＿□□□□□□＿
□□□□□□□□□＿
＿□□□□□□□□□
00:53:16(95894f):field(95893f)
＿＿＿＿＿＿＿＿＿＿
＿＿＿＿＿＿＿＿＿＿
＿＿＿＿＿＿＿＿＿＿
＿＿＿＿＿＿＿＿＿＿
＿＿＿＿＿＿＿＿＿＿
＿＿＿＿＿＿＿＿＿＿
＿＿＿＿＿＿＿＿＿＿
＿＿＿＿＿＿＿＿＿＿
＿＿＿＿＿＿＿＿＿＿
＿＿＿＿＿＿＿＿＿＿
＿＿＿＿＿＿□＿＿＿
＿＿＿＿□□□＿＿＿
＿■＿□□□□＿＿＿
■■■□□□□□＿＿
□□□□□□□□＿＿
□□□□□□□□＿＿
□□□□□□□□□＿
□□＿□□□□□□＿
□□□□□□□□□＿
＿□□□□□□□□□
00:53:16(95908f):field(95907f)
＿＿＿＿＿＿＿＿＿＿
＿＿＿＿＿＿＿＿＿＿
＿＿＿＿＿＿＿＿＿＿
＿＿＿＿＿＿＿＿＿＿
＿＿＿＿＿＿＿＿＿＿
＿＿＿＿＿＿＿＿＿＿
＿＿＿＿＿＿＿＿＿＿
＿＿＿＿＿＿＿＿＿＿
＿＿＿＿＿＿＿＿＿＿
＿＿＿＿＿＿＿＿＿＿
＿＿＿■＿＿□＿＿＿
＿＿■■□□□＿＿＿
＿□■□□□□＿＿＿
□□□□□□□□＿＿
□□□□□□□□＿＿
□□□□□□□□＿＿
□□□□□□□□□＿
□□＿□□□□□□＿
□□□□□□□□□＿
＿□□□□□□□□□
00:53:17(95928f):field(95927f)
＿＿＿＿＿＿＿＿＿＿
＿＿＿＿＿＿＿＿＿＿
＿＿＿＿＿＿＿＿＿＿
＿＿＿＿＿＿＿＿＿＿
＿＿＿＿＿＿＿＿＿＿
＿＿＿＿＿＿＿＿＿＿
＿＿＿＿＿＿＿＿＿＿
＿＿＿＿＿＿＿＿＿＿
＿＿＿＿＿＿＿＿＿＿
＿＿＿＿＿＿＿＿＿＿
＿＿＿◆＿＿◆＿＿＿
＿＿◆◆◆◆◆＿＿＿
＿◆◆□◆◆□＿＿＿
◆◆□□□□□◆＿＿
◆□□□□□□◆＿＿
□□□□□□□□＿＿
□□□□□□□□◆＿
□□■□□□□□◆■
□□◆□□□□□□■
＿□□□□□□□□□
00:53:18(95940f):field(95939f)
＿＿＿＿＿＿＿＿＿＿
＿＿＿＿＿＿＿＿＿＿
＿＿＿＿＿＿＿＿＿＿
＿＿＿＿＿＿＿＿＿＿
＿＿＿＿＿＿＿＿＿＿
＿＿＿＿＿＿＿＿＿＿
＿＿＿＿＿＿＿＿＿＿
＿＿＿＿＿＿＿＿＿＿
＿＿＿＿＿＿＿＿＿＿
＿＿＿＿＿＿＿＿＿＿
＿＿＿＿＿＿＿＿＿＿
＿＿＿＿＿■■＿＿＿
＿＿＿□■■□＿＿＿
＿＿□□□□□＿＿＿
＿□□□□□□＿＿＿
□□□□□□□□＿＿
□□□□□□□□＿＿
□□□□□□□□＿□
□□＿□□□□□□□
＿□□□□□□□□□
00:53:18(95958f):field(95957f)
＿＿＿＿＿＿＿＿＿＿
＿＿＿＿＿＿＿＿＿＿
＿＿＿＿＿＿＿＿＿＿
＿＿＿＿＿＿＿＿＿＿
＿＿＿＿＿＿＿＿＿＿
＿＿＿＿＿＿＿＿＿＿
＿＿＿＿＿＿＿＿＿＿
＿＿＿＿＿＿＿＿＿＿
＿＿＿＿＿＿＿＿＿＿
＿＿＿＿＿＿＿＿＿＿
＿＿＿＿＿＿＿＿＿＿
＿＿＿＿＿◆◆＿＿＿
＿＿＿◆◆□□＿＿＿
＿＿◆□□□□＿＿＿
＿◆□□□□□＿＿＿
◆□□□□□□□＿■
□□□□□□□□＿■
□□□□□□□□＿□
□□＿□□□□□□□
＿□□□□□□□□□
00:53:19(95982f):field(95981f)
＿＿＿＿＿＿＿＿＿＿
＿＿＿＿＿＿＿＿＿＿
＿＿＿＿＿＿＿＿＿＿
＿＿＿＿＿＿＿＿＿＿
＿＿＿＿＿＿＿＿＿＿
＿＿＿＿＿＿＿＿＿＿
＿＿＿＿＿＿＿＿＿＿
＿＿＿＿＿＿＿＿＿＿
＿＿＿＿＿＿＿＿＿＿
＿＿＿＿＿＿＿＿＿＿
＿＿＿＿＿＿＿＿＿＿
＿＿＿＿＿＿＿＿＿＿
＿＿＿＿＿◆◆＿＿＿
＿＿＿◆◆◆◆＿＿＿
＿＿◆◆◆□□＿＿＿
＿□◆□□□□◆＿◆
◆□□□□□□◆＿◆
◆□□□□□□□■□
□□＿□□□□□□□
＿□□□□□□□□□
00:53:19(95998f):field(95997f)
＿＿＿＿＿＿＿＿＿＿
＿＿＿＿＿＿＿＿＿＿
＿＿＿＿＿＿＿＿＿＿
＿＿＿＿＿＿＿＿＿＿
＿＿＿＿＿＿＿＿＿＿
＿＿＿＿＿＿＿＿＿＿
＿＿＿＿＿＿＿＿＿＿
＿＿＿＿＿＿＿＿＿＿
＿＿＿＿＿＿＿＿＿＿
＿＿＿＿＿＿＿＿＿＿
＿＿＿＿＿＿＿＿＿＿
＿＿＿＿＿＿＿＿＿＿
＿＿＿＿＿＿＿＿＿＿
＿＿＿＿＿＿＿＿＿＿
＿＿＿＿＿◆◆＿＿＿
＿◆＿◆◆□□＿＿＿
■◆◆□□□□＿＿＿
■□□□□□□◆◆◆
□□＿□□□□□□□
＿□□□□□□□□□
00:53:20(96010f):field(96009f)
＿＿＿＿＿＿＿＿＿＿
＿＿＿＿＿＿＿＿＿＿
＿＿＿＿＿＿＿＿＿＿
＿＿＿＿＿＿＿＿＿＿
＿＿＿＿＿＿＿＿＿＿
＿＿＿＿＿＿＿＿＿＿
＿＿＿＿＿＿＿＿＿＿
＿＿＿＿＿＿＿＿＿＿
＿＿＿＿＿＿＿＿＿＿
＿＿＿＿＿＿＿＿＿＿
＿＿＿＿＿＿＿＿＿＿
＿＿＿＿＿＿＿＿＿＿
＿＿＿＿＿＿＿＿＿＿
＿＿＿＿＿＿＿＿＿＿
＿＿＿＿＿＿＿＿＿＿
■■＿＿＿□□＿＿＿
□■■□□□□＿＿＿
□□□□□□□＿＿＿
□□＿□□□□□□□
＿□□□□□□□□□
00:53:20(96024f):field(96023f)
＿＿＿＿＿＿＿＿＿＿
＿＿＿＿＿＿＿＿＿＿
＿＿＿＿＿＿＿＿＿＿
＿＿＿＿＿＿＿＿＿＿
＿＿＿＿＿＿＿＿＿＿
＿＿＿＿＿＿＿＿＿＿
＿＿＿＿＿＿＿＿＿＿
＿＿＿＿＿＿＿＿＿＿
＿＿＿＿＿＿＿＿＿＿
＿＿＿＿＿＿＿＿＿＿
＿＿＿＿＿＿＿＿＿＿
＿＿＿＿＿＿＿＿＿＿
＿＿＿＿＿＿＿＿＿＿
＿＿＿＿＿＿＿＿＿＿
＿＿＿＿＿＿＿＿＿■
□□＿＿＿□□＿＿■
□□□□□□□＿＿■
□□□□□□□＿＿■
□□＿□□□□□□□
＿□□□□□□□□□
00:53:21(96036f):field(96035f)
＿＿＿＿＿＿＿＿＿＿
＿＿＿＿＿＿＿＿＿＿
＿＿＿＿＿＿＿＿＿＿
＿＿＿＿＿＿＿＿＿＿
＿＿＿＿＿＿＿＿＿＿
＿＿＿＿＿＿＿＿＿＿
＿＿＿＿＿＿＿＿＿＿
＿＿＿＿＿＿＿＿＿＿
＿＿＿＿＿＿＿＿＿＿
＿＿＿＿＿＿＿＿＿＿
＿＿＿＿＿＿＿＿＿＿
＿＿＿＿＿＿＿＿＿＿
＿＿＿＿＿＿＿＿＿＿
＿＿＿＿＿＿＿＿＿＿
＿＿＿＿■■＿＿＿□
□□＿■■□□＿＿□
□□□□□□□＿＿□
□□□□□□□＿＿□
□□＿□□□□□□□
＿□□□□□□□□□
00:53:21(96052f):field(96051f)
＿＿＿＿＿＿＿＿＿＿
＿＿＿＿＿＿＿＿＿＿
＿＿＿＿＿＿＿＿＿＿
＿＿＿＿＿＿＿＿＿＿
＿＿＿＿＿＿＿＿＿＿
＿＿＿＿＿＿＿＿＿＿
＿＿＿＿＿＿＿＿＿＿
＿＿＿＿＿＿＿＿＿＿
＿＿＿＿＿＿＿＿＿＿
＿＿＿＿＿＿＿＿＿＿
＿＿＿＿＿＿＿＿＿＿
＿＿＿＿＿＿＿＿＿＿
＿＿＿＿＿＿＿＿＿＿
＿＿＿＿＿＿＿＿＿＿
＿＿＿＿◆◆＿＿＿◆
□◆＿◆◆◆◆＿＿◆
□◆◆◆□□□＿＿□
□□◆□□□□＿＿□
□□＿□□□□□□□
＿□□□□□□□□□
00:53:22(96066f):field(96065f)
＿＿＿＿＿＿＿＿＿＿
＿＿＿＿＿＿＿＿＿＿
＿＿＿＿＿＿＿＿＿＿
＿＿＿＿＿＿＿＿＿＿
＿＿＿＿＿＿＿＿＿＿
＿＿＿＿＿＿＿＿＿＿
＿＿＿＿＿＿＿＿＿＿
＿＿＿＿＿＿＿＿＿＿
＿＿＿＿＿＿＿＿＿＿
＿＿＿＿＿＿＿＿＿＿
＿＿＿＿＿＿＿＿＿＿
＿＿＿＿＿＿＿＿＿＿
＿＿＿＿＿＿＿＿＿＿
＿＿＿＿＿＿＿＿＿＿
＿＿＿＿＿＿＿＿＿＿
◆＿＿＿＿＿＿＿＿＿
◆■■■□□◆＿＿□
□□■□□□□＿＿□
□□＿□□□□□□□
＿□□□□□□□□□
00:53:22(96079f):field(96078f)
＿＿＿＿＿＿＿＿＿＿
＿＿＿＿＿＿＿＿＿＿
＿＿＿＿＿＿＿＿＿＿
＿＿＿＿＿＿＿＿＿＿
＿＿＿＿＿＿＿＿＿＿
＿＿＿＿＿＿＿＿＿＿
＿＿＿＿＿＿＿＿＿＿
＿＿＿＿＿＿＿＿＿＿
＿＿＿＿＿＿＿＿＿＿
＿＿＿＿＿＿＿＿＿＿
＿＿＿＿＿＿＿＿＿＿
＿＿＿＿＿＿＿＿＿＿
＿＿＿＿＿＿＿＿＿＿
＿＿＿＿＿＿＿＿＿＿
＿＿＿＿＿＿＿＿＿＿
＿＿＿＿＿＿＿＿＿＿
＿□□□□□■■■□
□□□□□□□＿■□
□□＿□□□□□□□
＿□□□□□□□□□
00:53:23(96096f):field(96095f)
＿＿＿＿＿＿＿＿＿＿
＿＿＿＿＿＿＿＿＿＿
＿＿＿＿＿＿＿＿＿＿
＿＿＿＿＿＿＿＿＿＿
＿＿＿＿＿＿＿＿＿＿
＿＿＿＿＿＿＿＿＿＿
＿＿＿＿＿＿＿＿＿＿
＿＿＿＿＿＿＿＿＿＿
＿＿＿＿＿＿＿＿＿＿
＿＿＿＿＿＿＿＿＿＿
＿＿＿＿＿＿＿＿＿＿
＿＿＿＿＿＿＿＿＿＿
＿＿＿＿＿＿＿＿＿＿
＿＿＿＿＿＿＿＿＿＿
＿＿＿＿＿＿＿＿＿＿
＿＿＿■＿＿＿＿＿＿
■□□◆◆◆◆◆□◆
□□□□□□□＿□□
□□■□□□□□□□
■□□□□□□□□□
00:53:23(96107f):field(96106f)
＿＿＿＿＿＿＿＿＿＿
＿＿＿＿＿＿＿＿＿＿
＿＿＿＿＿＿＿＿＿＿
＿＿＿＿＿＿＿＿＿＿
＿＿＿＿＿＿＿＿＿＿
＿＿＿＿＿＿＿＿＿＿
＿＿＿＿＿＿＿＿＿＿
＿＿＿＿＿＿＿＿＿＿
＿＿＿＿＿＿＿＿＿＿
＿＿＿＿＿＿＿＿＿＿
＿＿＿＿＿＿＿＿＿＿
＿＿＿＿＿＿＿＿＿＿
＿＿＿＿＿＿＿＿＿＿
＿＿＿＿＿＿＿＿＿＿
＿＿＿＿＿＿＿＿＿＿
＿＿＿◆＿＿＿＿＿＿
□□□＿＿＿■■□■
□□□□□□□＿□□
□□◆□□□□□□□
◆□□□□□□□□□
00:53:24(96121f):field(96120f)
＿＿＿＿＿＿＿＿＿＿
＿＿＿＿＿＿＿＿＿＿
＿＿＿＿＿＿＿＿＿＿
＿＿＿＿＿＿＿＿＿＿
＿＿＿＿＿＿＿＿＿＿
＿＿＿＿＿＿＿＿＿＿
＿＿＿＿＿＿＿＿＿＿
＿＿＿＿＿＿＿＿＿＿
＿＿＿＿＿＿＿＿＿＿
＿＿＿＿＿＿＿＿＿＿
＿＿＿＿＿＿＿＿＿＿
＿＿＿＿＿＿＿＿＿＿
＿＿＿＿＿＿＿＿＿＿
＿＿＿＿＿＿＿＿＿＿
＿＿＿＿＿＿＿＿＿＿
＿＿■■＿＿＿＿＿＿
□□□■■＿□□□□
□□□□□□□＿□□
□□＿□□□□□□□
＿□□□□□□□□□
00:53:24(96137f):field(96136f)
＿＿＿＿＿＿＿＿＿＿
＿＿＿＿＿＿＿＿＿＿
＿＿＿＿＿＿＿＿＿＿
＿＿＿＿＿＿＿＿＿＿
＿＿＿＿＿＿＿＿＿＿
＿＿＿＿＿＿＿＿＿＿
＿＿＿＿＿＿＿＿＿＿
＿＿＿＿＿＿＿＿＿＿
＿＿＿＿＿＿＿＿＿＿
＿＿＿＿＿＿＿＿＿＿
＿＿＿＿＿＿＿＿＿＿
＿＿＿＿＿＿＿＿＿＿
＿＿＿＿＿＿＿＿＿＿
＿＿＿＿＿＿＿＿＿＿
＿＿＿＿＿＿＿＿＿＿
■＿◆◆■＿＿＿＿＿
□◆□□□■◆◆◆◆
□□□□□□□＿□□
□□＿□□□□□□□
＿□□□□□□□□□
00:53:25(96163f):field(96162f)
＿＿＿＿＿＿＿＿＿＿
＿＿＿＿＿＿＿＿＿＿
＿＿＿＿＿＿＿＿＿＿
＿＿＿＿＿＿＿＿＿＿
＿＿＿＿＿＿＿＿＿＿
＿＿＿＿＿＿＿＿＿＿
＿＿＿＿＿＿＿＿＿＿
＿＿＿＿＿＿＿＿＿＿
＿＿＿＿＿＿＿＿＿＿
＿＿＿＿＿＿＿＿＿＿
＿＿＿＿＿＿＿＿＿＿
＿＿＿＿＿＿＿＿＿＿
＿＿＿＿＿＿＿＿＿＿
＿＿＿＿＿＿＿＿＿＿
＿＿＿＿＿＿＿＿＿■
□■＿＿□＿＿＿＿■
□■□□□□＿＿■■
□□□□□□□＿□□
□□＿□□□□□□□
＿□□□□□□□□□
00:53:25(96179f):field(96178f)
＿＿＿＿＿＿＿＿＿＿
＿＿＿＿＿＿＿＿＿＿
＿＿＿＿＿＿＿＿＿＿
＿＿＿＿＿＿＿＿＿＿
＿＿＿＿＿＿＿＿＿＿
＿＿＿＿＿＿＿＿＿＿
＿＿＿＿＿＿＿＿＿＿
＿＿＿＿＿＿＿＿＿＿
＿＿＿＿＿＿＿＿＿＿
＿＿＿＿＿＿＿＿＿＿
＿＿＿＿＿＿＿＿＿＿
＿＿＿＿＿＿＿＿＿＿
＿＿＿＿＿＿＿＿＿＿
＿＿＿＿＿＿＿＿＿＿
＿＿■■＿＿＿＿＿□
□□■■□＿＿＿＿□
□□□□□□＿＿□□
□□□□□□□＿□□
□□＿□□□□□□□
＿□□□□□□□□□
00:53:26(96196f):field(96195f)
＿＿＿＿＿＿＿＿＿＿
＿＿＿＿＿＿＿＿＿＿
＿＿＿＿＿＿＿＿＿＿
＿＿＿＿＿＿＿＿＿＿
＿＿＿＿＿＿＿＿＿＿
＿＿＿＿＿＿＿＿＿＿
＿＿＿＿＿＿＿＿＿＿
＿＿＿＿＿＿＿＿＿＿
＿＿＿＿＿＿＿＿＿＿
＿＿＿＿＿＿＿＿＿＿
＿＿＿＿＿＿＿＿＿＿
＿＿＿＿＿＿＿＿＿＿
＿＿＿＿＿＿＿＿＿＿
＿＿＿＿＿＿＿＿＿＿
＿＿◆◆＿＿＿＿＿◆
◆◆□□◆＿＿＿＿□
□□□□□□■＿□□
□□□□□□□＿□□
□□＿□□□□□□□
＿□□□□□□□□□
00:53:27(96213f):field(96212f)
＿＿＿＿＿＿＿＿＿＿
＿＿＿＿＿＿＿＿＿＿
＿＿＿＿＿＿＿＿＿＿
＿＿＿＿＿＿＿＿＿＿
＿＿＿＿＿＿＿＿＿＿
＿＿＿＿＿＿＿＿＿＿
＿＿＿＿＿＿＿＿＿＿
＿＿＿＿＿＿＿＿＿＿
＿＿＿＿＿＿＿＿＿＿
＿＿＿＿＿＿＿＿＿＿
＿＿＿＿＿＿＿＿＿＿
＿＿＿＿＿＿＿＿＿＿
＿＿＿＿＿＿＿＿＿＿
＿＿＿＿＿＿＿＿＿＿
＿＿＿＿＿＿＿＿＿＿
＿＿◆□＿＿＿＿＿◆
◆◆◆□◆□◆＿◆◆
◆◆□□◆◆◆■◆□
□□■□□□□□□□
■□□□□□□□□□
00:53:27(96224f):field(96223f)
＿＿＿＿＿＿＿＿＿＿
＿＿＿＿＿＿＿＿＿＿
＿＿＿＿＿＿＿＿＿＿
＿＿＿＿＿＿＿＿＿＿
＿＿＿＿＿＿＿＿＿＿
＿＿＿＿＿＿＿＿＿＿
＿＿＿＿＿＿＿＿＿＿
＿＿＿＿＿＿＿＿＿＿
＿＿＿＿＿＿＿＿＿＿
＿＿＿＿＿＿＿＿＿＿
＿＿＿＿＿＿＿＿＿＿
＿＿＿＿＿＿＿＿＿＿
＿＿＿＿＿＿＿＿＿＿
＿＿＿＿＿＿＿＿＿＿
＿＿＿＿■＿＿＿＿＿
＿＿＿◆■＿＿＿＿＿
＿＿＿◆■◆＿＿＿＿
＿＿□□■＿＿□＿□
□□◆□□□□□□□
◆□□□□□□□□□
00:53:28(96243f):field(96242f)
＿＿＿＿＿＿＿＿＿＿
＿＿＿＿＿＿＿＿＿＿
＿＿＿＿＿＿＿＿＿＿
＿＿＿＿＿＿＿＿＿＿
＿＿＿＿＿＿＿＿＿＿
＿＿＿＿＿＿＿＿＿＿
＿＿＿＿＿＿＿＿＿＿
＿＿＿＿＿＿＿＿＿＿
＿＿＿＿＿＿＿＿＿＿
＿＿＿＿＿＿＿＿＿＿
＿＿＿＿＿＿＿＿＿＿
＿＿＿＿＿＿＿＿＿＿
＿＿＿＿＿＿＿＿＿＿
＿＿＿＿＿＿＿＿＿＿
＿＿＿＿□＿＿＿＿＿
＿＿＿＿□＿＿＿＿＿
＿■■＿□＿＿＿＿＿
■■□□□＿＿□＿□
□□＿□□□□□□□
＿□□□□□□□□□
00:53:28(96256f):field(96255f)
＿＿＿＿＿＿＿＿＿＿
＿＿＿＿＿＿＿＿＿＿
＿＿＿＿＿＿＿＿＿＿
＿＿＿＿＿＿＿＿＿＿
＿＿＿＿＿＿＿＿＿＿
＿＿＿＿＿＿＿＿＿＿
＿＿＿＿＿＿＿＿＿＿
＿＿＿＿＿＿＿＿＿＿
＿＿＿＿＿＿＿＿＿＿
＿＿＿＿＿＿＿＿＿＿
＿＿＿＿＿＿＿＿＿＿
＿＿＿＿＿＿＿＿＿＿
＿＿＿＿＿＿＿＿＿＿
＿＿＿＿＿＿＿＿＿＿
＿＿＿＿□＿＿＿＿＿
＿■■■□＿＿＿＿＿
＿□□■□＿＿＿＿＿
□□□□□＿＿□＿□
□□＿□□□□□□□
＿□□□□□□□□□
00:53:29(96274f):field(96273f)
＿＿＿＿＿＿＿＿＿＿
＿＿＿＿＿＿＿＿＿＿
＿＿＿＿＿＿＿＿＿＿
＿＿＿＿＿＿＿＿＿＿
＿＿＿＿＿＿＿＿＿＿
＿＿＿＿＿＿＿＿＿＿
＿＿＿＿＿＿＿＿＿＿
＿＿＿＿＿＿＿＿＿＿
＿＿＿＿＿＿＿＿＿＿
＿＿＿＿＿＿＿＿＿＿
＿＿＿＿＿＿＿＿＿＿
＿＿＿＿＿＿＿＿＿＿
＿＿＿＿＿＿＿＿＿＿
＿＿＿＿＿＿＿＿＿＿
＿＿＿＿□＿＿＿＿＿
＿□□□□＿＿＿＿■
＿□□□□＿＿＿■■
□□□□□＿＿□■□
□□＿□□□□□□□
＿□□□□□□□□□
00:53:29(96291f):field(96290f)
＿＿＿＿＿＿＿＿＿＿
＿＿＿＿＿＿＿＿＿＿
＿＿＿＿＿＿＿＿＿＿
＿＿＿＿＿＿＿＿＿＿
＿＿＿＿＿＿＿＿＿＿
＿＿＿＿＿＿＿＿＿＿
＿＿＿＿＿＿＿＿＿＿
＿＿＿＿＿＿＿＿＿＿
＿＿＿＿＿＿＿＿＿＿
＿＿＿＿＿＿＿＿＿＿
＿＿＿＿＿＿＿＿＿＿
＿＿＿＿＿＿＿＿＿＿
＿＿＿＿＿＿＿＿＿＿
＿＿＿＿＿＿＿＿＿＿
＿＿＿＿◆＿＿＿＿＿
＿◆◆◆□＿＿＿＿◆
■□□□□■＿＿◆□
◆□□□□■＿◆□□
□□＿□□□□□□□
＿□□□□□□□□□
00:53:30(96303f):field(96302f)
＿＿＿＿＿＿＿＿＿＿
＿＿＿＿＿＿＿＿＿＿
＿＿＿＿＿＿＿＿＿＿
＿＿＿＿＿＿＿＿＿＿
＿＿＿＿＿＿＿＿＿＿
＿＿＿＿＿＿＿＿＿＿
＿＿＿＿＿＿＿＿＿＿
＿＿＿＿＿＿＿＿＿＿
＿＿＿＿＿＿＿＿＿＿
＿＿＿＿＿＿＿＿＿＿
＿＿＿＿＿＿＿＿＿＿
＿＿＿＿＿＿＿＿＿＿
＿＿＿＿＿＿＿＿＿＿
＿＿＿＿＿＿＿＿＿＿
＿＿＿＿＿＿＿＿＿＿
＿＿＿＿□＿＿＿＿＿
◆□□□□□■■＿□
＿□□□□□■■□□
□□＿□□□□□□□
＿□□□□□□□□□
00:53:30(96315f):field(96314f)
＿＿＿＿＿＿＿＿＿＿
＿＿＿＿＿＿＿＿＿＿
＿＿＿＿＿＿＿＿＿＿
＿＿＿＿＿＿＿＿＿＿
＿＿＿＿＿＿＿＿＿＿
＿＿＿＿＿＿＿＿＿＿
＿＿＿＿＿＿＿＿＿＿
＿＿＿＿＿＿＿＿＿＿
＿＿＿＿＿＿＿＿＿＿
＿＿＿＿＿＿＿＿＿＿
＿＿＿＿＿＿＿＿＿＿
＿＿＿＿＿＿＿＿＿＿
＿＿＿＿＿＿＿＿＿＿
＿＿＿＿■＿＿＿＿＿
＿＿＿＿■■＿＿＿＿
＿＿＿＿□■＿＿＿＿
＿□□□□□□□＿□
＿□□□□□□□□□
□□＿□□□□□□□
＿□□□□□□□□□
00:53:31(96336f):field(96335f)
＿＿＿＿＿＿＿＿＿＿
＿＿＿＿＿＿＿＿＿＿
＿＿＿＿＿＿＿＿＿＿
＿＿＿＿＿＿＿＿＿＿
＿＿＿＿＿＿＿＿＿＿
＿＿＿＿＿＿＿＿＿＿
＿＿＿＿＿＿＿＿＿＿
＿＿＿＿＿＿＿＿＿＿
＿＿＿＿＿＿＿＿＿＿
＿＿＿＿＿＿＿＿＿＿
＿＿＿＿＿＿＿＿＿＿
＿＿＿＿＿＿＿＿＿＿
＿＿＿＿＿＿＿＿＿＿
＿＿＿＿□＿＿＿＿＿
＿＿＿＿□□＿＿＿＿
■■■■□□＿＿＿＿
＿□□□□□□□＿□
＿□□□□□□□□□
□□＿□□□□□□□
＿□□□□□□□□□
00:53:31(96353f):field(96352f)
＿＿＿＿＿＿＿＿＿＿
＿＿＿＿＿＿＿＿＿＿
＿＿＿＿＿＿＿＿＿＿
＿＿＿＿＿＿＿＿＿＿
＿＿＿＿＿＿＿＿＿＿
＿＿＿＿＿＿＿＿＿＿
＿＿＿＿＿＿＿＿＿＿
＿＿＿＿＿＿＿＿＿＿
＿＿＿＿＿＿＿＿＿＿
＿＿＿＿＿＿＿＿＿＿
＿＿＿＿＿＿＿＿＿＿
＿＿＿＿＿＿＿＿＿＿
＿＿＿＿＿＿＿＿＿＿
＿＿＿＿□＿＿＿＿＿
＿＿＿＿□□＿＿＿＿
□□□□□□■■■＿
＿□□□□□□□■□
＿□□□□□□□□□
□□＿□□□□□□□
＿□□□□□□□□□
00:53:32(96369f):field(96368f)
＿＿＿＿＿＿＿＿＿＿
＿＿＿＿＿＿＿＿＿＿
＿＿＿＿＿＿＿＿＿＿
＿＿＿＿＿＿＿＿＿＿
＿＿＿＿＿＿＿＿＿＿
＿＿＿＿＿＿＿＿＿＿
＿＿＿＿＿＿＿＿＿＿
＿＿＿＿＿＿＿＿＿＿
＿＿＿＿＿＿＿＿＿＿
＿＿＿＿＿＿＿＿＿＿
＿＿＿＿＿＿＿＿＿＿
＿＿＿＿＿＿＿＿＿＿
＿＿＿＿＿＿＿＿＿＿
＿＿＿＿◆＿＿＿＿＿
＿＿＿＿□□＿＿＿■
◆◆◆□□□◆◆□■
＿□□□□□□□□□
＿□□□□□□□□□
□□＿□□□□□□□
＿□□□□□□□□□
00:53:32(96387f):field(96386f)
＿＿＿＿＿＿＿＿＿＿
＿＿＿＿＿＿＿＿＿＿
＿＿＿＿＿＿＿＿＿＿
＿＿＿＿＿＿＿＿＿＿
＿＿＿＿＿＿＿＿＿＿
＿＿＿＿＿＿＿＿＿＿
＿＿＿＿＿＿＿＿＿＿
＿＿＿＿＿＿＿＿＿＿
＿＿＿＿＿＿＿＿＿＿
＿＿＿＿＿＿＿＿＿＿
＿＿＿＿＿＿＿＿＿＿
＿＿＿＿＿＿＿＿＿＿
＿＿＿＿＿＿＿＿＿＿
＿＿＿＿＿＿＿＿＿＿
＿＿＿＿□□■＿＿□
＿＿＿◆□□■■□□
＿□□□□□□□□□
＿□□□□□□□□□
□□＿□□□□□□□
＿□□□□□□□□□
00:53:33(96397f):field(96396f)
＿＿＿＿＿＿＿＿＿＿
＿＿＿＿＿＿＿＿＿＿
＿＿＿＿＿＿＿＿＿＿
＿＿＿＿＿＿＿＿＿＿
＿＿＿＿＿＿＿＿＿＿
＿＿＿＿＿＿＿＿＿＿
＿＿＿＿＿＿＿＿＿＿
＿＿＿＿＿＿＿＿＿＿
＿＿＿＿＿＿＿＿＿＿
＿＿＿＿＿＿＿＿＿＿
＿＿＿＿＿＿＿＿＿＿
＿＿＿＿＿＿＿＿＿＿
＿＿＿＿■■＿＿＿＿
＿＿＿＿■■＿＿＿＿
＿＿＿＿□□□＿＿□
＿＿＿＿□□□□□□
＿□□□□□□□□□
＿□□□□□□□□□
□□＿□□□□□□□
＿□□□□□□□□□
00:53:33(96415f):field(96414f)
＿＿＿＿＿＿＿＿＿＿
＿＿＿＿＿＿＿＿＿＿
＿＿＿＿＿＿＿＿＿＿
＿＿＿＿＿＿＿＿＿＿
＿＿＿＿＿＿＿＿＿＿
＿＿＿＿＿＿＿＿＿＿
＿＿＿＿＿＿＿＿＿＿
＿＿＿＿＿＿＿＿＿＿
＿＿＿＿＿＿＿＿＿＿
＿＿＿＿＿＿＿＿＿＿
＿＿＿＿＿＿＿＿＿＿
＿＿＿＿＿＿＿＿＿＿
＿＿＿＿◆◆＿＿＿＿
＿＿＿＿□□＿＿＿＿
＿＿＿＿□□◆＿＿◆
＿＿＿＿□□□◆◆□
■□□◆□□□□□□
＿□□□□□□□□□
□□＿□□□□□□□
＿□□□□□□□□□
00:53:34(96427f):field(96426f)
＿＿＿＿＿＿＿＿＿＿
＿＿＿＿＿＿＿＿＿＿
＿＿＿＿＿＿＿＿＿＿
＿＿＿＿＿＿＿＿＿＿
＿＿＿＿＿＿＿＿＿＿
＿＿＿＿＿＿＿＿＿＿
＿＿＿＿＿＿＿＿＿＿
＿＿＿＿＿＿＿＿＿＿
＿＿＿＿＿＿＿＿＿＿
＿＿＿＿＿＿＿＿＿＿
＿＿＿＿＿＿＿＿＿＿
＿＿＿＿＿＿＿＿＿＿
＿＿＿＿＿＿＿＿＿＿
＿＿＿＿◆◆＿＿＿＿
＿＿＿■□□＿＿＿＿
＿＿＿■□□◆＿＿◆
◆◆◆■□□□◆◆□
＿□□□□□□□□□
□□■□□□□□□□
＿□□□□□□□□□
00:53:34(96441f):field(96440f)
＿＿＿＿＿＿＿＿＿＿
＿＿＿＿＿＿＿＿＿＿
＿＿＿＿＿＿＿＿＿＿
＿＿＿＿＿＿＿＿＿＿
＿＿＿＿＿＿＿＿＿＿
＿＿＿＿＿＿＿＿＿＿
＿＿＿＿＿＿＿＿＿＿
＿＿＿＿＿＿＿＿＿＿
＿＿＿＿＿＿＿＿＿＿
＿＿＿＿＿＿＿＿＿＿
＿＿＿＿＿＿＿＿＿＿
＿＿＿＿＿＿＿＿＿＿
＿＿＿＿＿＿＿＿＿＿
＿＿＿＿＿＿＿＿＿＿
＿＿＿◆◆◆＿＿＿＿
＿＿＿□□□＿＿＿＿
■＿＿□□□◆＿＿◆
■□□□□□□◆◆□
□□◆□□□□□□□
■□□□□□□□□□
00:53:35(96453f):field(96452f)
＿＿＿＿＿＿＿＿＿＿
＿＿＿＿＿＿＿＿＿＿
＿＿＿＿＿＿＿＿＿＿
＿＿＿＿＿＿＿＿＿＿
＿＿＿＿＿＿＿＿＿＿
＿＿＿＿＿＿＿＿＿＿
＿＿＿＿＿＿＿＿＿＿
＿＿＿＿＿＿＿＿＿＿
＿＿＿＿＿＿＿＿＿＿
＿＿＿＿＿＿＿＿＿＿
＿＿＿＿＿＿＿＿＿＿
＿＿＿＿＿＿＿＿＿＿
＿＿＿＿＿＿＿＿＿＿
＿＿＿＿＿＿＿＿＿＿
＿＿＿＿＿＿＿＿＿＿
＿＿＿□□□＿＿＿＿
□＿＿□□□■■＿＿
□□◆□□□□■■□
□□＿□□□□□□□
◆□□□□□□□□□
00:53:35(96465f):field(96464f)
＿＿＿＿＿＿＿＿＿＿
＿＿＿＿＿＿＿＿＿＿
＿＿＿＿＿＿＿＿＿＿
＿＿＿＿＿＿＿＿＿＿
＿＿＿＿＿＿＿＿＿＿
＿＿＿＿＿＿＿＿＿＿
＿＿＿＿＿＿＿＿＿＿
＿＿＿＿＿＿＿＿＿＿
＿＿＿＿＿＿＿＿＿＿
＿＿＿＿＿＿＿＿＿＿
＿＿＿＿＿＿＿＿＿＿
＿＿＿＿＿＿＿＿＿＿
＿＿＿＿＿＿＿＿＿＿
＿＿＿＿＿＿＿＿＿＿
＿＿＿＿＿＿＿＿＿＿
＿＿＿□□□＿＿■■
□＿＿□□□□□■■
□□＿□□□□□□□
□□＿□□□□□□□
＿□□□□□□□□□
00:53:35(96479f):field(96478f)
＿＿＿＿＿＿＿＿＿＿
＿＿＿＿＿＿＿＿＿＿
＿＿＿＿＿＿＿＿＿＿
＿＿＿＿＿＿＿＿＿＿
＿＿＿＿＿＿＿＿＿＿
＿＿＿＿＿＿＿＿＿＿
＿＿＿＿＿＿＿＿＿＿
＿＿＿＿＿＿＿＿＿＿
＿＿＿＿＿＿＿＿＿＿
＿＿＿＿＿＿＿＿＿＿
＿＿＿＿＿＿＿＿＿＿
＿＿＿＿＿＿＿＿＿＿
＿＿＿＿＿＿＿＿＿＿
＿＿＿＿＿＿＿＿＿＿
＿＿＿＿＿＿＿■■＿
＿＿＿□□□■■□□
□＿＿□□□□□□□
□□＿□□□□□□□
□□＿□□□□□□□
＿□□□□□□□□□
00:53:36(96491f):field(96490f)
＿＿＿＿＿＿＿＿＿＿
＿＿＿＿＿＿＿＿＿＿
＿＿＿＿＿＿＿＿＿＿
＿＿＿＿＿＿＿＿＿＿
＿＿＿＿＿＿＿＿＿＿
＿＿＿＿＿＿＿＿＿＿
＿＿＿＿＿＿＿＿＿＿
＿＿＿＿＿＿＿＿＿＿
＿＿＿＿＿＿＿＿＿＿
＿＿＿＿＿＿＿＿＿＿
＿＿＿＿＿＿＿＿＿＿
＿＿＿＿＿＿＿＿＿＿
＿＿＿＿＿＿＿＿＿＿
＿＿＿＿＿＿＿＿＿＿
＿＿＿＿＿＿＿◆◆＿
＿■＿◆◆◆◆◆◆◆
◆＿＿◆◆□◆□◆◆
□□■□□□□□□◆
□□＿□□□□□□□
■□□□□□□□□□
00:53:36(96504f):field(96503f)
＿＿＿＿＿＿＿＿＿＿
＿＿＿＿＿＿＿＿＿＿
＿＿＿＿＿＿＿＿＿＿
＿＿＿＿＿＿＿＿＿＿
＿＿＿＿＿＿＿＿＿＿
＿＿＿＿＿＿＿＿＿＿
＿＿＿＿＿＿＿＿＿＿
＿＿＿＿＿＿＿＿＿＿
＿＿＿＿＿＿＿＿＿＿
＿＿＿＿＿＿＿＿＿＿
＿＿＿＿＿＿＿＿＿＿
＿＿＿＿＿＿＿＿＿＿
＿＿＿＿＿＿＿＿＿＿
＿＿＿＿＿＿＿＿＿＿
＿＿＿＿＿＿＿＿＿＿
＿◆＿＿＿＿＿＿＿＿
＿＿＿＿＿◆＿◆＿＿
◆◆◆◆◆◆◆◆◆＿
□◆＿◆□◆□□□◆
□□□□□□□□□□
00:53:37(96515f):field(96514f)
＿＿＿＿＿＿＿＿＿＿
＿＿＿＿＿＿＿＿＿＿
＿＿＿＿＿＿＿＿＿＿
＿＿＿＿＿＿＿＿＿＿
＿＿＿＿＿＿＿＿＿＿
＿＿＿＿＿＿＿＿＿＿
＿＿＿＿＿＿＿＿＿＿
＿＿＿＿＿＿＿＿＿＿
＿＿＿＿＿＿＿＿＿＿
＿＿＿＿＿＿＿＿＿＿
＿＿＿＿＿＿＿＿＿＿
＿＿＿＿＿＿＿＿＿＿
＿＿＿＿＿＿＿＿＿＿
＿＿＿＿＿＿＿＿＿＿
＿＿＿＿＿＿＿＿＿＿
＿＿＿＿＿＿＿＿＿＿
＿＿＿＿＿＿＿＿＿＿
＿＿＿＿＿＿＿＿＿＿
◆＿＿■◆＿◆◆◆＿
□□□□◆◆□□□◆
00:53:37(96526f):field(96525f)
＿＿＿＿＿＿＿＿＿＿
＿＿＿＿＿＿＿＿＿＿
＿＿＿＿＿＿＿＿＿＿
＿＿＿＿＿＿＿＿＿＿
＿＿＿＿＿＿＿＿＿＿
＿＿＿＿＿＿＿＿＿＿
＿＿＿＿＿＿＿＿＿＿
＿＿＿＿＿＿＿＿＿＿
＿＿＿＿＿＿＿＿＿＿
＿＿＿＿＿＿＿＿＿＿
＿＿＿＿＿＿＿＿＿＿
＿＿＿＿＿＿＿＿＿＿
＿＿＿＿＿＿＿＿＿＿
＿＿＿＿＿＿＿＿＿＿
＿＿＿＿＿＿＿＿＿＿
＿＿＿＿＿＿＿＿＿＿
＿＿＿＿＿＿＿＿＿＿
＿＿＿＿＿＿＿＿＿＿
＿＿＿□■■＿＿＿＿
□◆□□■■◆□□＿
00:53:37(96537f):field(96536f)
＿＿＿＿＿＿＿＿＿＿
＿＿＿＿＿＿＿＿＿＿
＿＿＿＿＿＿＿＿＿＿
＿＿＿＿＿＿＿＿＿＿
＿＿＿＿＿＿＿＿＿＿
＿＿＿＿＿＿＿＿＿＿
＿＿＿＿＿＿＿＿＿＿
＿＿＿＿＿＿＿＿＿＿
＿＿＿＿＿＿＿＿＿＿
＿＿＿＿＿＿＿＿＿＿
＿＿＿＿＿＿＿＿＿＿
＿＿＿＿＿＿＿＿＿＿
＿＿＿＿＿＿＿＿＿＿
＿＿＿＿＿＿＿＿＿＿
＿＿＿＿＿＿＿＿＿＿
＿＿＿＿＿＿＿＿＿＿
＿＿＿＿＿＿■＿＿＿
＿＿＿＿＿＿■＿＿＿
＿＿＿□□□■＿＿＿
□＿□□□□■□□＿
00:53:38(96548f):field(96547f)
＿＿＿＿＿＿＿＿＿＿
＿＿＿＿＿＿＿＿＿＿
＿＿＿＿＿＿＿＿＿＿
＿＿＿＿＿＿＿＿＿＿
＿＿＿＿＿＿＿＿＿＿
＿＿＿＿＿＿＿＿＿＿
＿＿＿＿＿＿＿＿＿＿
＿＿＿＿＿＿＿＿＿＿
＿＿＿＿＿＿＿＿＿＿
＿＿＿＿＿＿＿＿＿＿
＿＿＿＿＿＿＿＿＿＿
＿＿＿＿＿＿＿＿＿＿
＿＿＿＿＿＿＿＿＿＿
＿＿＿＿＿＿＿＿＿＿
＿＿＿＿＿＿＿＿＿＿
＿＿＿＿＿＿＿＿＿＿
＿＿＿■＿＿□＿＿＿
＿＿＿■■■□＿＿＿
＿＿＿□□□□＿＿＿
□＿□□□□□□□＿
00:53:38(96561f):field(96560f)
＿＿＿＿＿＿＿＿＿＿
＿＿＿＿＿＿＿＿＿＿
＿＿＿＿＿＿＿＿＿＿
＿＿＿＿＿＿＿＿＿＿
＿＿＿＿＿＿＿＿＿＿
＿＿＿＿＿＿＿＿＿＿
＿＿＿＿＿＿＿＿＿＿
＿＿＿＿＿＿＿＿＿＿
＿＿＿＿＿＿＿＿＿＿
＿＿＿＿＿＿＿＿＿＿
＿＿＿＿＿＿＿＿＿＿
＿＿＿＿＿＿＿＿＿＿
＿＿＿＿＿＿＿＿＿＿
＿＿＿＿＿＿＿＿＿＿
＿＿＿＿＿＿＿＿＿＿
＿＿＿＿＿■■＿＿＿
＿＿＿□■■□＿＿＿
＿＿＿□□□□＿＿＿
＿＿＿□□□□＿＿＿
□＿□□□□□□□＿
00:53:39(96574f):field(96573f)
＿＿＿＿＿＿＿＿＿＿
＿＿＿＿＿＿＿＿＿＿
＿＿＿＿＿＿＿＿＿＿
＿＿＿＿＿＿＿＿＿＿
＿＿＿＿＿＿＿＿＿＿
＿＿＿＿＿＿＿＿＿＿
＿＿＿＿＿＿＿＿＿＿
＿＿＿＿＿＿＿＿＿＿
＿＿＿＿＿＿＿＿＿＿
＿＿＿＿＿＿＿＿＿＿
＿＿＿＿＿＿＿＿＿＿
＿＿＿＿＿＿＿＿＿＿
＿＿＿＿＿＿＿＿＿＿
＿＿＿＿＿＿＿＿＿＿
＿＿＿＿＿＿＿＿＿＿
＿＿＿＿＿□□＿＿＿
＿＿＿□□□□＿＿＿
＿＿＿□□□□＿＿＿
■■■□□□□＿＿＿
□■□□□□□□□＿
00:53:39(96583f):field(96582f)
＿＿＿＿＿＿＿＿＿＿
＿＿＿＿＿＿＿＿＿＿
＿＿＿＿＿＿＿＿＿＿
＿＿＿＿＿＿＿＿＿＿
＿＿＿＿＿＿＿＿＿＿
＿＿＿＿＿＿＿＿＿＿
＿＿＿＿＿＿＿＿＿＿
＿＿＿＿＿＿＿＿＿＿
＿＿＿＿＿＿＿＿＿＿
＿＿＿＿＿＿＿＿＿＿
＿＿＿＿＿＿＿＿＿＿
＿＿＿＿＿＿＿＿＿＿
＿＿＿＿＿＿＿＿＿＿
＿＿＿＿＿■＿＿＿＿
＿＿＿＿■■＿＿＿＿
＿＿＿＿■□□＿＿＿
＿＿＿□□□□＿＿＿
＿＿＿□□□□＿＿＿
□□□□□□□＿＿＿
□□□□□□□□□＿
00:53:39(96597f):field(96596f)
＿＿＿＿＿＿＿＿＿＿
＿＿＿＿＿＿＿＿＿＿
＿＿＿＿＿＿＿＿＿＿
＿＿＿＿＿＿＿＿＿＿
＿＿＿＿＿＿＿＿＿＿
＿＿＿＿＿＿＿＿＿＿
＿＿＿＿＿＿＿＿＿＿
＿＿＿＿＿＿＿＿＿＿
＿＿＿＿＿＿＿＿＿＿
＿＿＿＿＿＿＿＿＿＿
＿＿＿＿＿＿＿＿＿＿
＿＿＿＿＿＿＿＿＿＿
＿＿＿＿＿＿＿＿＿＿
＿＿＿＿＿□＿＿＿＿
■＿＿＿□□＿＿＿＿
■＿＿＿□□□＿＿＿
■＿＿□□□□＿＿＿
■＿＿□□□□＿＿＿
□□□□□□□＿＿＿
□□□□□□□□□＿
00:53:40(96609f):field(96608f)
＿＿＿＿＿＿＿＿＿＿
＿＿＿＿＿＿＿＿＿＿
＿＿＿＿＿＿＿＿＿＿
＿＿＿＿＿＿＿＿＿＿
＿＿＿＿＿＿＿＿＿＿
＿＿＿＿＿＿＿＿＿＿
＿＿＿＿＿＿＿＿＿＿
＿＿＿＿＿＿＿＿＿＿
＿＿＿＿＿＿＿＿＿＿
＿＿＿＿＿＿＿＿＿＿
＿＿＿＿＿＿＿＿＿＿
＿＿＿＿＿＿＿＿＿＿
＿＿＿＿＿＿＿＿＿＿
＿＿＿＿＿□＿＿＿＿
□＿＿＿□□＿＿＿＿
□■＿＿□□□＿＿＿
□■＿□□□□＿＿＿
□■■□□□□＿＿＿
□□□□□□□＿＿＿
□□□□□□□□□＿
00:53:40(96619f):field(96618f)
＿＿＿＿＿＿＿＿＿＿
＿＿＿＿＿＿＿＿＿＿
＿＿＿＿＿＿＿＿＿＿
＿＿＿＿＿＿＿＿＿＿
＿＿＿＿＿＿＿＿＿＿
＿＿＿＿＿＿＿＿＿＿
＿＿＿＿＿＿＿＿＿＿
＿＿＿＿＿＿＿＿＿＿
＿＿＿＿＿＿＿＿＿＿
＿＿＿＿＿＿＿＿＿＿
＿＿＿＿＿＿＿＿＿＿
＿＿＿＿＿＿＿＿＿＿
＿＿＿＿＿＿＿＿＿＿
＿＿＿■■□＿＿＿＿
□＿＿■□□＿＿＿＿
□□＿■□□□＿＿＿
□□＿□□□□＿＿＿
□□□□□□□＿＿＿
□□□□□□□＿＿＿
□□□□□□□□□＿
00:53:41(96634f):field(96633f)
＿＿＿＿＿＿＿＿＿＿
＿＿＿＿＿＿＿＿＿＿
＿＿＿＿＿＿＿＿＿＿
＿＿＿＿＿＿＿＿＿＿
＿＿＿＿＿＿＿＿＿＿
＿＿＿＿＿＿＿＿＿＿
＿＿＿＿＿＿＿＿＿＿
＿＿＿＿＿＿＿＿＿＿
＿＿＿＿＿＿＿＿＿＿
＿＿＿＿＿＿＿＿＿＿
＿＿＿＿＿＿＿＿＿＿
＿＿＿＿＿＿＿＿＿＿
＿＿＿＿＿＿＿＿＿＿
＿＿＿◆◆◆＿＿＿＿
◆＿＿□□□＿＿＿＿
□◆＿□□□◆＿＿＿
□□＿□□□□＿＿＿
□□◆□□□□＿＿＿
□□□□□□□＿■■
□□□□□□□□◆■
00:53:41(96651f):field(96650f)
＿＿＿＿＿＿＿＿＿＿
＿＿＿＿＿＿＿＿＿＿
＿＿＿＿＿＿＿＿＿＿
＿＿＿＿＿＿＿＿＿＿
＿＿＿＿＿＿＿＿＿＿
＿＿＿＿＿＿＿＿＿＿
＿＿＿＿＿＿＿＿＿＿
＿＿＿＿＿＿＿＿＿＿
＿＿＿＿＿＿＿＿＿＿
＿＿＿＿＿＿＿＿＿＿
＿＿＿＿＿＿＿＿＿＿
＿＿＿＿＿＿＿＿＿＿
＿＿＿＿＿＿＿＿＿＿
＿＿＿＿＿＿＿＿＿＿
＿＿＿◆◆◆＿＿＿＿
◆＿＿□□□＿＿＿＿
□◆＿□□□◆＿＿＿
□□＿□□□□■■＿
□□◆□□□□■□◆
□□□□□□□◆■□
00:53:42(96661f):field(96660f)
＿＿＿＿＿＿＿＿＿＿
＿＿＿＿＿＿＿＿＿＿
＿＿＿＿＿＿＿＿＿＿
＿＿＿＿＿＿＿＿＿＿
＿＿＿＿＿＿＿＿＿＿
＿＿＿＿＿＿＿＿＿＿
＿＿＿＿＿＿＿＿＿＿
＿＿＿＿＿＿＿＿＿＿
＿＿＿＿＿＿＿＿＿＿
＿＿＿＿＿＿＿＿＿＿
＿＿＿＿＿＿＿＿＿＿
＿＿＿＿＿＿＿＿＿＿
＿＿＿＿＿＿＿＿＿＿
＿＿＿＿■■＿＿＿＿
＿＿＿＿■■＿＿＿＿
＿＿＿□□□＿＿＿＿
□＿＿□□□＿＿＿＿
□□＿□□□□□◆＿
□□＿□□□□□□＿
□□□□□□□＿◆□
00:53:42(96675f):field(96674f)
＿＿＿＿＿＿＿＿＿＿
＿＿＿＿＿＿＿＿＿＿
＿＿＿＿＿＿＿＿＿＿
＿＿＿＿＿＿＿＿＿＿
＿＿＿＿＿＿＿＿＿＿
＿＿＿＿＿＿＿＿＿＿
＿＿＿＿＿＿＿＿＿＿
＿＿＿＿＿＿＿＿＿＿
＿＿＿＿＿＿＿＿＿＿
＿＿＿＿＿＿＿＿＿＿
＿＿＿＿＿＿＿＿＿＿
＿＿＿＿＿＿＿＿＿＿
＿＿＿＿＿＿＿＿＿＿
＿＿＿＿□□＿＿＿＿
＿＿＿＿□□＿＿＿＿
＿＿＿□□□＿＿＿＿
□＿＿□□□＿■■＿
□□＿□□□□□■■
□□＿□□□□□□＿
□□□□□□□＿＿□
00:53:42(96686f):field(96685f)
＿＿＿＿＿＿＿＿＿＿
＿＿＿＿＿＿＿＿＿＿
＿＿＿＿＿＿＿＿＿＿
＿＿＿＿＿＿＿＿＿＿
＿＿＿＿＿＿＿＿＿＿
＿＿＿＿＿＿＿＿＿＿
＿＿＿＿＿＿＿＿＿＿
＿＿＿＿＿＿＿＿＿＿
＿＿＿＿＿＿＿＿＿＿
＿＿＿＿＿＿＿＿＿＿
＿＿＿＿＿＿＿＿＿＿
＿＿＿＿＿＿＿＿＿＿
＿＿＿■■＿＿＿＿＿
＿＿＿■□□＿＿＿＿
＿＿＿■□□＿＿＿＿
＿＿＿□□□＿＿＿＿
□＿＿□□□＿□□＿
□□＿□□□□□□□
□□＿□□□□□□＿
□□□□□□□＿＿□
00:53:43(96699f):field(96698f)
＿＿＿＿＿＿＿＿＿＿
＿＿＿＿＿＿＿＿＿＿
＿＿＿＿＿＿＿＿＿＿
＿＿＿＿＿＿＿＿＿＿
＿＿＿＿＿＿＿＿＿＿
＿＿＿＿＿＿＿＿＿＿
＿＿＿＿＿＿＿＿＿＿
＿＿＿＿＿＿＿＿＿＿
＿＿＿＿＿＿＿＿＿＿
＿＿＿＿＿＿＿＿＿＿
＿＿＿＿＿＿＿＿＿＿
＿＿＿＿＿＿＿＿＿＿
＿＿＿□□＿＿＿＿＿
＿＿＿□□□＿＿＿＿
■＿＿□□□＿＿＿＿
■■＿□□□＿＿＿＿
□■＿□□□＿□□＿
□□＿□□□□□□□
□□＿□□□□□□＿
□□□□□□□＿＿□
00:53:43(96712f):field(96711f)
＿＿＿＿＿＿＿＿＿＿
＿＿＿＿＿＿＿＿＿＿
＿＿＿＿＿＿＿＿＿＿
＿＿＿＿＿＿＿＿＿＿
＿＿＿＿＿＿＿＿＿＿
＿＿＿＿＿＿＿＿＿＿
＿＿＿＿＿＿＿＿＿＿
＿＿＿＿＿＿＿＿＿＿
＿＿＿＿＿＿＿＿＿＿
＿＿＿＿＿＿＿＿＿＿
＿＿＿＿＿＿＿＿＿＿
＿＿＿＿＿＿＿＿＿＿
＿＿＿◆◆＿＿＿＿＿
＿＿＿□□◆＿＿＿＿
◆＿＿□□□＿＿＿＿
□◆＿□□□＿＿＿＿
□□■□□□＿◆□＿
□□■□□□□□□◆
□□■□□□□□□＿
□□□□□□□＿＿□
00:53:44(96726f):field(96725f)
＿＿＿＿＿＿＿＿＿＿
＿＿＿＿＿＿＿＿＿＿
＿＿＿＿＿＿＿＿＿＿
＿＿＿＿＿＿＿＿＿＿
＿＿＿＿＿＿＿＿＿＿
＿＿＿＿＿＿＿＿＿＿
＿＿＿＿＿＿＿＿＿＿
＿＿＿＿＿＿＿＿＿＿
＿＿＿＿＿＿＿＿＿＿
＿＿＿＿＿＿＿＿＿＿
＿＿＿＿＿＿＿＿＿＿
＿＿＿＿＿＿＿＿＿＿
＿＿＿＿＿＿＿＿＿＿
＿＿＿□□＿＿＿＿＿
＿＿＿□□□＿＿＿＿
□＿＿□□□■＿＿＿
□□□□□□■■◆＿
□□□□□□□□□＿
□□□□□□□□□＿
□□□□□□□＿＿□
00:53:44(96737f):field(96736f)
＿＿＿＿＿＿＿＿＿＿
＿＿＿＿＿＿＿＿＿＿
＿＿＿＿＿＿＿＿＿＿
＿＿＿＿＿＿＿＿＿＿
＿＿＿＿＿＿＿＿＿＿
＿＿＿＿＿＿＿＿＿＿
＿＿＿＿＿＿＿＿＿＿
＿＿＿＿＿＿＿＿＿＿
＿＿＿＿＿＿＿＿＿＿
＿＿＿＿＿＿＿＿＿＿
＿＿＿＿＿＿＿＿＿＿
＿＿＿＿＿＿＿＿＿＿
＿＿＿＿＿＿＿＿＿＿
＿＿＿□□＿＿＿＿＿
■■＿□□□＿＿＿＿
□■■□□□□＿＿＿
□□□□□□□□＿＿
□□□□□□□□□＿
□□□□□□□□□＿
□□□□□□□＿＿□
00:53:45(96751f):field(96750f)
＿＿＿＿＿＿＿＿＿＿
＿＿＿＿＿＿＿＿＿＿
＿＿＿＿＿＿＿＿＿＿
＿＿＿＿＿＿＿＿＿＿
＿＿＿＿＿＿＿＿＿＿
＿＿＿＿＿＿＿＿＿＿
＿＿＿＿＿＿＿＿＿＿
＿＿＿＿＿＿＿＿＿＿
＿＿＿＿＿＿＿＿＿＿
＿＿＿＿＿＿＿＿＿＿
＿＿＿＿＿＿＿＿＿＿
＿＿＿＿＿＿＿＿＿＿
＿■■＿＿＿＿＿＿＿
＿■■□□＿＿＿＿＿
□□＿□□□＿＿＿＿
□□□□□□□＿＿＿
□□□□□□□□＿＿
□□□□□□□□□＿
□□□□□□□□□＿
□□□□□□□＿＿□
00:53:45(96767f):field(96766f)
＿＿＿＿＿＿＿＿＿＿
＿＿＿＿＿＿＿＿＿＿
＿＿＿＿＿＿＿＿＿＿
＿＿＿＿＿＿＿＿＿＿
＿＿＿＿＿＿＿＿＿＿
＿＿＿＿＿＿＿＿＿＿
＿＿＿＿＿＿＿＿＿＿
＿＿＿＿＿＿＿＿＿＿
＿＿＿＿＿＿＿＿＿＿
＿＿＿＿＿＿＿＿＿＿
＿＿＿■■＿＿＿＿＿
＿＿＿■＿＿＿＿＿＿
＿□□■＿＿＿＿＿＿
＿□□□□＿＿＿＿＿
□□＿□□□＿＿＿＿
□□□□□□□＿＿＿
□□□□□□□□＿＿
□□□□□□□□□＿
□□□□□□□□□＿
□□□□□□□＿＿□
00:53:46(96795f):field(96794f)
＿＿＿＿＿＿＿＿＿＿
＿＿＿＿＿＿＿＿＿＿
＿＿＿＿＿＿＿＿＿＿
＿＿＿＿＿＿＿＿＿＿
＿＿＿＿＿＿＿＿＿＿
＿＿＿＿＿＿＿＿＿＿
＿＿＿＿＿＿＿＿＿＿
＿＿＿＿＿＿＿＿＿＿
＿＿＿＿＿＿＿＿＿＿
＿＿＿＿＿＿＿＿＿＿
＿＿＿□□＿＿＿＿＿
＿＿＿□＿＿＿＿＿＿
＿□□□＿■＿＿＿＿
＿□□□□■■＿＿＿
□□＿□□□■＿＿＿
□□□□□□□＿＿＿
□□□□□□□□＿＿
□□□□□□□□□＿
□□□□□□□□□＿
□□□□□□□＿＿□
00:53:47(96811f):field(96810f)
＿＿＿＿＿＿＿＿＿＿
＿＿＿＿＿＿＿＿＿＿
＿＿＿＿＿＿＿＿＿＿
＿＿＿＿＿＿＿＿＿＿
＿＿＿＿＿＿＿＿＿＿
＿＿＿＿＿＿＿＿＿＿
＿＿＿＿＿＿＿＿＿＿
＿＿＿＿＿＿＿＿＿＿
＿＿＿＿＿＿＿＿＿＿
＿＿＿＿＿＿＿＿＿＿
＿＿＿◆◆＿＿＿＿＿
＿＿＿◆＿＿＿＿＿＿
＿◆◆□■◆＿＿＿＿
＿◆◆□◆◆◆＿＿＿
◆□■□◆□◆＿＿＿
◆□□□□□□＿＿＿
□□□□□□□◆■＿
□□□□□□□□◆■
□□□□□□□□□＿
□□□□□□□＿＿□
00:53:47(96824f):field(96823f)
＿＿＿＿＿＿＿＿＿＿
＿＿＿＿＿＿＿＿＿＿
＿＿＿＿＿＿＿＿＿＿
＿＿＿＿＿＿＿＿＿＿
＿＿＿＿＿＿＿＿＿＿
＿＿＿＿＿＿＿＿＿＿
＿＿＿＿＿＿＿＿＿＿
＿＿＿＿＿＿＿＿＿＿
＿＿＿＿＿＿＿＿＿＿
＿＿＿＿＿＿＿＿＿＿
＿＿＿＿＿＿＿＿＿＿
＿＿＿＿＿＿＿＿＿＿
＿＿＿□□＿＿＿＿＿
＿＿＿□＿＿＿＿＿＿
＿□□□＿□＿■＿＿
＿□□□□□□■＿＿
□□◆□□□□■◆＿
□□□□□□□□＿□
□□□□□□□□□＿
□□□□□□□＿＿□
00:53:48(96842f):field(96841f)
＿＿＿＿＿＿＿＿＿＿
＿＿＿＿＿＿＿＿＿＿
＿＿＿＿＿＿＿＿＿＿
＿＿＿＿＿＿＿＿＿＿
＿＿＿＿＿＿＿＿＿＿
＿＿＿＿＿＿＿＿＿＿
＿＿＿＿＿＿＿＿＿＿
＿＿＿＿＿＿＿＿＿＿
＿＿＿＿＿＿＿＿＿＿
＿＿＿＿＿＿＿＿＿＿
＿＿＿＿＿＿＿＿＿＿
＿＿＿＿＿＿＿＿＿＿
＿＿＿□□＿■＿＿＿
＿＿＿□■■■＿＿＿
＿□□□＿□＿□＿＿
＿□□□□□□□＿＿
□□＿□□□□□＿＿
□□□□□□□□＿□
□□□□□□□□□＿
□□□□□□□＿＿□
00:53:48(96855f):field(96854f)
＿＿＿＿＿＿＿＿＿＿
＿＿＿＿＿＿＿＿＿＿
＿＿＿＿＿＿＿＿＿＿
＿＿＿＿＿＿＿＿＿＿
＿＿＿＿＿＿＿＿＿＿
＿＿＿＿＿＿＿＿＿＿
＿＿＿＿＿＿＿＿＿＿
＿＿＿＿＿＿＿＿＿＿
＿＿＿＿＿＿＿＿＿＿
＿＿＿＿＿＿＿＿＿＿
＿＿＿＿＿＿＿＿＿＿
＿＿＿＿＿＿＿＿＿＿
＿＿＿◆◆＿◆＿＿＿
＿＿＿□□◆□＿＿＿
＿◆◆□■□■◆＿＿
＿□□□◆□◆□＿＿
□□■□□□□□＿■
□□◆□□□□□■□
□□□□□□□□□＿
□□□□□□□■＿□
00:53:48(96866f):field(96865f)
＿＿＿＿＿＿＿＿＿＿
＿＿＿＿＿＿＿＿＿＿
＿＿＿＿＿＿＿＿＿＿
＿＿＿＿＿＿＿＿＿＿
＿＿＿＿＿＿＿＿＿＿
＿＿＿＿＿＿＿＿＿＿
＿＿＿＿＿＿＿＿＿＿
＿＿＿＿＿＿＿＿＿＿
＿＿＿＿＿＿＿＿＿＿
＿＿＿＿＿＿＿＿＿＿
＿＿＿＿＿＿＿＿＿＿
＿＿＿＿＿＿＿＿＿＿
＿＿＿■■■＿＿＿＿
＿＿＿□□■□＿＿＿
＿＿＿□□□□＿＿＿
＿□□□＿□＿□＿＿
◆□□□□□□□＿□
□□＿□□□□□□□
□□□□□□□□□＿
□□□□□□□◆＿□
00:53:49(96882f):field(96881f)
＿＿＿＿＿＿＿＿＿＿
＿＿＿＿＿＿＿＿＿＿
＿＿＿＿＿＿＿＿＿＿
＿＿＿＿＿＿＿＿＿＿
＿＿＿＿＿＿＿＿＿＿
＿＿＿＿＿＿＿＿＿＿
＿＿＿＿＿＿＿＿＿＿
＿＿＿＿＿＿＿＿＿＿
＿＿＿＿＿＿＿＿＿＿
＿＿＿＿＿＿＿＿＿＿
＿＿＿＿＿＿＿＿＿＿
＿＿＿＿＿＿＿＿＿＿
＿＿＿□□□＿＿＿＿
＿＿＿□□□□＿＿＿
＿＿＿□□□□＿■＿
＿□□□＿□＿□■■
＿□□□□□□□■□
□□＿□□□□□□□
□□□□□□□□□＿
□□□□□□□＿＿□
00:53:49(96894f):field(96893f)
＿＿＿＿＿＿＿＿＿＿
＿＿＿＿＿＿＿＿＿＿
＿＿＿＿＿＿＿＿＿＿
＿＿＿＿＿＿＿＿＿＿
＿＿＿＿＿＿＿＿＿＿
＿＿＿＿＿＿＿＿＿＿
＿＿＿＿＿＿＿＿＿＿
＿＿＿＿＿＿＿＿＿＿
＿＿＿＿＿＿＿＿＿＿
＿＿＿＿＿＿＿＿＿＿
＿＿＿＿＿＿＿＿＿＿
＿＿＿＿＿＿＿＿＿＿
＿＿＿□□□＿＿■＿
＿＿＿□□□□＿■■
＿＿＿□□□□＿□■
＿□□□＿□＿□□□
＿□□□□□□□□□
□□＿□□□□□□□
□□□□□□□□□＿
□□□□□□□＿＿□
00:53:50(96913f):field(96912f)
＿＿＿＿＿＿＿＿＿＿
＿＿＿＿＿＿＿＿＿＿
＿＿＿＿＿＿＿＿＿＿
＿＿＿＿＿＿＿＿＿＿
＿＿＿＿＿＿＿＿＿＿
＿＿＿＿＿＿＿＿＿＿
＿＿＿＿＿＿＿＿＿＿
＿＿＿＿＿＿＿＿＿＿
＿＿＿＿＿＿＿＿＿＿
＿＿＿＿＿＿＿＿＿＿
＿＿＿＿＿＿＿■＿＿
＿＿＿＿＿＿＿■■＿
＿＿＿□□□＿■□＿
＿＿＿□□□□＿□□
＿＿＿□□□□＿□□
＿□□□＿□＿□□□
＿□□□□□□□□□
□□＿□□□□□□□
□□□□□□□□□＿
□□□□□□□＿＿□
00:53:50(96928f):field(96927f)
＿＿＿＿＿＿＿＿＿＿
＿＿＿＿＿＿＿＿＿＿
＿＿＿＿＿＿＿＿＿＿
＿＿＿＿＿＿＿＿＿＿
＿＿＿＿＿＿＿＿＿＿
＿＿＿＿＿＿＿＿＿＿
＿＿＿＿＿＿＿＿＿＿
＿＿＿＿＿＿＿＿＿＿
＿＿＿＿＿＿＿＿＿＿
＿＿＿＿＿＿＿＿＿＿
＿＿＿＿＿＿＿□＿＿
＿＿＿＿＿＿＿□□＿
＿＿＿□□□＿□□＿
＿■＿□□□□＿□□
■■＿□□□□＿□□
■□□□＿□＿□□□
＿□□□□□□□□□
□□＿□□□□□□□
□□□□□□□□□＿
□□□□□□□＿＿□
00:53:51(96939f):field(96938f)
＿＿＿＿＿＿＿＿＿＿
＿＿＿＿＿＿＿＿＿＿
＿＿＿＿＿＿＿＿＿＿
＿＿＿＿＿＿＿＿＿＿
＿＿＿＿＿＿＿＿＿＿
＿＿＿＿＿＿＿＿＿＿
＿＿＿＿＿＿＿＿＿＿
＿＿＿＿＿＿＿＿＿＿
＿＿＿＿＿＿＿＿＿＿
＿＿＿＿＿＿＿＿＿＿
＿＿＿＿＿＿＿□＿＿
＿＿■＿＿＿＿□□＿
＿＿■□□□＿□□＿
＿□■□□□□＿□□
□□■□□□□＿□□
□□□□＿□＿□□□
＿□□□□□□□□□
□□＿□□□□□□□
□□□□□□□□□＿
□□□□□□□＿＿□
00:53:51(96951f):field(96950f)
＿＿＿＿＿＿＿＿＿＿
＿＿＿＿＿＿＿＿＿＿
＿＿＿＿＿＿＿＿＿＿
＿＿＿＿＿＿＿＿＿＿
＿＿＿＿＿＿＿＿＿＿
＿＿＿＿＿＿＿＿＿＿
＿＿＿＿＿＿＿＿＿＿
＿＿＿＿＿＿＿＿＿＿
＿＿＿＿＿＿＿＿＿＿
＿＿＿＿＿＿＿＿＿＿
＿＿＿＿＿■＿□＿＿
＿＿□■■■＿□□＿
＿＿□□□□＿□□＿
＿□□□□□□＿□□
□□□□□□□＿□□
□□□□＿□＿□□□
＿□□□□□□□□□
□□＿□□□□□□□
□□□□□□□□□＿
□□□□□□□＿＿□
00:53:52(96963f):field(96962f)
＿＿＿＿＿＿＿＿＿＿
＿＿＿＿＿＿＿＿＿＿
＿＿＿＿＿＿＿＿＿＿
＿＿＿＿＿＿＿＿＿＿
＿＿＿＿＿＿＿＿＿＿
＿＿＿＿＿＿＿＿＿＿
＿＿＿＿＿＿＿＿＿＿
＿＿＿＿＿＿＿＿＿＿
＿＿＿＿＿＿＿＿＿＿
＿＿■＿＿＿＿＿＿＿
＿＿■■■□＿□＿＿
＿＿□□□□＿□□＿
＿＿□□□□＿□□＿
＿□□□□□□＿□□
□□□□□□□＿□□
□□□□＿□＿□□□
＿□□□□□□□□□
□□＿□□□□□□□
□□□□□□□□□＿
□□□□□□□＿＿□
00:53:52(96978f):field(96977f)
＿＿＿＿＿＿＿＿＿＿
＿＿＿＿＿＿＿＿＿＿
＿＿＿＿＿＿＿＿＿＿
＿＿＿＿＿＿＿＿＿＿
＿＿＿＿＿＿＿＿＿＿
＿＿＿＿＿＿＿＿＿＿
＿＿＿＿＿＿＿＿＿＿
＿＿■＿＿＿＿＿＿＿
＿＿■■＿＿＿＿＿＿
＿＿□■＿＿＿＿＿＿
＿＿□□□□＿□＿＿
＿＿□□□□＿□□＿
＿＿□□□□＿□□＿
＿□□□□□□＿□□
□□□□□□□＿□□
□□□□＿□＿□□□
＿□□□□□□□□□
□□＿□□□□□□□
□□□□□□□□□＿
□□□□□□□＿＿□
00:53:52(96988f):field(96987f)
＿＿＿＿＿＿＿＿＿＿
＿＿＿＿＿＿＿＿＿＿
＿＿＿＿＿＿＿＿＿＿
＿＿＿＿＿＿＿＿＿＿
＿＿＿＿＿＿＿＿＿＿
＿＿＿＿＿＿＿＿＿＿
＿＿＿＿＿＿＿＿＿＿
＿＿□＿＿＿＿＿＿＿
＿＿□□■■＿＿＿＿
＿＿□□■■＿＿＿＿
＿＿□□□□＿□＿＿
＿＿□□□□＿□□＿
＿＿□□□□＿□□＿
＿□□□□□□＿□□
□□□□□□□＿□□
□□□□＿□＿□□□
＿□□□□□□□□□
□□＿□□□□□□□
□□□□□□□□□＿
□□□□□□□＿＿□
00:53:53(97002f):field(97001f)
＿＿＿＿＿＿＿＿＿＿
＿＿＿＿＿＿＿＿＿＿
＿＿＿＿＿＿＿＿＿＿
＿＿＿＿＿＿＿＿＿＿
＿＿＿＿＿＿＿＿＿＿
＿＿＿＿＿＿＿＿＿＿
＿＿＿＿■＿＿＿＿＿
＿＿□■■■＿＿＿＿
＿＿□□□□＿＿＿＿
＿＿□□□□＿＿＿＿
＿＿□□□□＿□＿＿
＿＿□□□□＿□□＿
＿＿□□□□＿□□＿
＿□□□□□□＿□□
□□□□□□□＿□□
□□□□＿□＿□□□
＿□□□□□□□□□
□□＿□□□□□□□
□□□□□□□□□＿
□□□□□□□＿＿□
00:53:53(97017f):field(97016f)
＿＿＿＿＿＿＿＿＿＿
＿＿＿＿＿＿＿＿＿＿
＿＿＿＿＿＿＿＿＿＿
＿＿＿＿＿＿＿＿＿＿
＿＿＿＿＿＿＿＿＿＿
＿＿＿＿＿＿＿＿＿＿
＿＿＿＿□＿＿＿＿＿
＿＿□□□□＿＿＿＿
＿＿□□□□＿＿＿＿
＿＿□□□□＿＿＿＿
＿＿□□□□＿□■■
＿＿□□□□＿□□■
＿＿□□□□＿□□■
＿□□□□□□＿□□
□□□□□□□＿□□
□□□□＿□＿□□□
＿□□□□□□□□□
□□＿□□□□□□□
□□□□□□□□□＿
□□□□□□□＿＿□
00:53:54(97029f):field(97028f)
＿＿＿＿＿＿＿＿＿＿
＿＿＿＿＿＿＿＿＿＿
＿＿＿＿＿＿＿＿＿＿
＿＿＿＿＿＿＿＿＿＿
＿＿＿＿＿＿＿＿＿＿
＿＿＿＿＿＿＿＿＿＿
＿＿＿＿□＿＿＿＿＿
＿＿□□□□＿＿＿＿
＿＿□□□□＿＿＿＿
＿＿□□□□■＿＿＿
＿＿□□□□■□□□
＿＿□□□□■□□□
＿＿□□□□■□□□
＿□□□□□□＿□□
□□□□□□□＿□□
□□□□＿□＿□□□
＿□□□□□□□□□
□□＿□□□□□□□
□□□□□□□□□＿
□□□□□□□＿＿□
00:53:54(97041f):field(97040f)
＿＿＿＿＿＿＿＿＿＿
＿＿＿＿＿＿＿＿＿＿
＿＿＿＿＿＿＿＿＿＿
＿＿＿＿＿＿＿＿＿＿
＿＿＿＿＿＿＿＿＿＿
＿＿＿＿＿＿＿＿＿＿
＿＿＿＿◆＿＿＿＿＿
＿＿◆◆□◆＿＿＿＿
＿＿□□□□＿＿＿＿
＿＿□□□□◆＿＿＿
■＿□□□□□◆□◆
＿■□□□□□□□□
■＿□□□□□□□□
■□□□□□□＿□□
□□□□□□□＿□□
□□□□＿□＿□□□
＿□□□□□□□□□
□□＿□□□□□□□
□□□□□□□□□＿
□□□□□□□＿＿□
00:53:55(97055f):field(97054f)
＿＿＿＿＿＿＿＿＿＿
＿＿＿＿＿＿＿＿＿＿
＿＿＿＿＿＿＿＿＿＿
＿＿＿＿＿＿＿＿＿＿
＿＿＿＿＿＿＿＿＿＿
＿＿＿＿＿＿＿＿＿＿
＿＿＿＿＿＿＿＿＿＿
＿＿＿＿◆＿＿＿＿＿
＿＿◆◆□◆＿＿＿＿
＿＿□□□□＿＿＿＿
◆＿□□□□◆＿◆＿
■□□□□□□◆◆◆
□＿□□□□□□□□
□□□□□□□＿□□
□□□□□□□＿□□
□□□□＿□＿□□□
＿□□□□□□□□□
□□＿□□□□□□□
□□□□□□□□□＿
□□□□□□□＿＿□
00:53:55(97074f):field(97073f)
＿＿＿＿＿＿＿＿＿＿
＿＿＿＿＿＿＿＿＿＿
＿＿＿＿＿＿＿＿＿＿
＿＿＿＿＿＿＿＿＿＿
＿＿＿＿＿＿＿＿＿＿
＿＿＿＿＿＿＿＿＿＿
＿＿＿＿＿＿＿＿＿＿
＿＿＿＿＿■＿＿＿＿
＿＿＿＿□■■＿＿＿
＿＿□□□□■＿＿＿
＿＿□□□□＿＿＿＿
□□□□□□□＿＿＿
□＿□□□□□□□□
□□□□□□□＿□□
□□□□□□□＿□□
□□□□＿□＿□□□
＿□□□□□□□□□
□□＿□□□□□□□
□□□□□□□□□＿
□□□□□□□＿＿□
00:53:56(97088f):field(97087f)
＿＿＿＿＿＿＿＿＿＿
＿＿＿＿＿＿＿＿＿＿
＿＿＿＿＿＿＿＿＿＿
＿＿＿＿＿＿＿＿＿＿
＿＿＿＿＿＿＿＿＿＿
＿＿＿＿＿＿＿＿＿＿
＿＿＿＿■＿＿＿＿＿
＿＿＿■■□＿＿＿＿
＿＿＿■□□□＿＿＿
＿＿□□□□□＿＿＿
＿＿□□□□＿＿＿＿
□□□□□□□＿＿＿
□＿□□□□□□□□
□□□□□□□＿□□
□□□□□□□＿□□
□□□□＿□＿□□□
＿□□□□□□□□□
□□＿□□□□□□□
□□□□□□□□□＿
□□□□□□□＿＿□
00:53:56(97103f):field(97102f)
＿＿＿＿＿＿＿＿＿＿
＿＿＿＿＿＿＿＿＿＿
＿＿＿＿＿＿＿＿＿＿
＿＿＿＿＿＿＿＿＿＿
＿＿＿＿＿＿＿＿＿＿
＿＿＿＿＿＿＿＿＿＿
＿＿＿＿□＿＿＿＿＿
＿＿＿□□□＿＿＿＿
＿＿＿□□□□＿＿■
＿＿□□□□□＿＿■
＿＿□□□□＿＿＿■
□□□□□□□＿＿■
□＿□□□□□□□□
□□□□□□□＿□□
□□□□□□□＿□□
□□□□＿□＿□□□
＿□□□□□□□□□
□□＿□□□□□□□
□□□□□□□□□＿
□□□□□□□＿＿□
00:53:57(97117f):field(97116f)
＿＿＿＿＿＿＿＿＿＿
＿＿＿＿＿＿＿＿＿＿
＿＿＿＿＿＿＿＿＿＿
＿＿＿＿＿＿＿＿＿＿
＿＿＿＿＿＿＿＿＿＿
＿＿＿＿＿＿＿＿＿＿
＿＿＿＿□＿＿＿＿＿
＿＿＿□□□＿＿＿＿
■＿＿□□□□＿＿□
■＿□□□□□＿＿□
■■□□□□＿＿＿□
□□□□□□□＿＿□
□＿□□□□□□□□
□□□□□□□＿□□
□□□□□□□＿□□
□□□□＿□＿□□□
＿□□□□□□□□□
□□＿□□□□□□□
□□□□□□□□□＿
□□□□□□□＿＿□
00:53:57(97133f):field(97132f)
＿＿＿＿＿＿＿＿＿＿
＿＿＿＿＿＿＿＿＿＿
＿＿＿＿＿＿＿＿＿＿
＿＿＿＿＿＿＿＿＿＿
＿＿＿＿＿＿＿＿＿＿
＿＿＿＿＿＿＿＿＿＿
＿＿＿＿◆＿＿＿＿＿
＿＿＿◆□◆＿＿＿＿
◆＿＿□□□◆＿＿◆
□＿◆□□□□＿＿□
□◆□□□□■■＿□
□□□□□□□■■□
□■□□□□□□□□
□□□□□□□＿□□
□□□□□□□＿□□
□□□□＿□＿□□□
＿□□□□□□□□□
□□＿□□□□□□□
□□□□□□□□□＿
□□□□□□□＿＿□
00:53:58(97149f):field(97148f)
＿＿＿＿＿＿＿＿＿＿
＿＿＿＿＿＿＿＿＿＿
＿＿＿＿＿＿＿＿＿＿
＿＿＿＿＿＿＿＿＿＿
＿＿＿＿＿＿＿＿＿＿
＿＿＿＿＿＿＿＿＿＿
＿＿＿＿＿＿＿＿＿＿
＿＿＿＿□＿＿＿＿＿
＿＿＿□□□＿＿＿＿
□＿＿□□□□■■□
□＿□□□□□□■□
□□□□□□□◆□□
□◆□□□□□□□□
□□□□□□□＿□□
□□□□□□□＿□□
□□□□＿□＿□□□
＿□□□□□□□□□
□□＿□□□□□□□
□□□□□□□□□＿
□□□□□□□＿＿□
00:53:58(97162f):field(97161f)
＿＿＿＿＿＿＿＿＿＿
＿＿＿＿＿＿＿＿＿＿
＿＿＿＿＿＿＿＿＿＿
＿＿＿＿＿＿＿＿＿＿
＿＿＿＿＿＿＿＿＿＿
＿＿＿＿＿＿＿＿＿＿
＿＿＿＿＿＿＿＿＿＿
＿＿■■□＿＿＿＿＿
＿＿■□□□＿＿＿＿
□＿■□□□□□□□
□＿□□□□□□□□
□□□□□□□＿□□
□＿□□□□□□□□
□□□□□□□＿□□
□□□□□□□＿□□
□□□□＿□＿□□□
＿□□□□□□□□□
□□＿□□□□□□□
□□□□□□□□□＿
□□□□□□□＿＿□
00:53:59(97176f):field(97175f)
＿＿＿＿＿＿＿＿＿＿
＿＿＿＿＿＿＿＿＿＿
＿＿＿＿＿＿＿＿＿＿
＿＿＿＿＿＿＿＿＿＿
＿＿＿＿＿＿＿＿＿＿
＿＿＿＿＿＿＿＿＿＿
＿＿＿＿＿＿＿＿＿＿
＿＿□□□＿＿＿＿＿
＿＿□□□□■■■■
□＿□□□□□□□□
□＿□□□□□□□□
□□□□□□□＿□□
□＿□□□□□□□□
□□□□□□□＿□□
□□□□□□□＿□□
□□□□＿□＿□□□
＿□□□□□□□□□
□□＿□□□□□□□
□□□□□□□□□＿
□□□□□□□＿＿□
00:53:59(97188f):field(97187f)
＿＿＿＿＿＿＿＿＿＿
＿＿＿＿＿＿＿＿＿＿
＿＿＿＿＿＿＿＿＿＿
＿＿＿＿＿＿＿＿＿＿
＿＿＿＿＿＿＿＿＿＿
＿＿＿＿＿＿＿＿＿＿
＿＿＿＿＿＿＿＿＿＿
＿＿◆◆◆■＿■＿＿
＿＿□◆◆◆◆◆□◆
□■◆□◆□□□◆□
◆■□□□◆□◆□◆
□□□□□□□＿□□
□■□□□□□□□□
□□□□□□□＿□□
□□□□□□□＿□□
□□□□＿□＿□□□
＿□□□□□□□□□
□□＿□□□□□□□
□□□□□□□□□＿
□□□□□□□＿＿□
00:54:00(97201f):field(97200f)
＿＿＿＿＿＿＿＿＿＿
＿＿＿＿＿＿＿＿＿＿
＿＿＿＿＿＿＿＿＿＿
＿＿＿＿＿＿＿＿＿＿
＿＿＿＿＿＿＿＿＿＿
＿＿＿＿＿＿＿＿＿＿
＿＿＿＿＿＿＿＿＿＿
＿＿＿＿＿◆＿◆＿＿
＿＿◆＿＿＿＿＿◆＿
◆◆＿◆■□◆◆＿◆
＿◆□□□■□＿◆＿
□□□□□□□＿□□
□◆□□□□□□□□
□□□□□□□＿□□
□□□□□□□＿□□
□□□□＿□＿□□□
＿□□□□□□□□□
□□＿□□□□□□□
□□□□□□□□□＿
□□□□□□□＿＿□
00:54:00(97214f):field(97213f)
＿＿＿＿＿＿＿＿＿＿
＿＿＿＿＿＿＿＿＿＿
＿＿＿＿＿＿＿＿＿＿
＿＿＿＿＿＿＿＿＿＿
＿＿＿＿＿＿＿＿＿＿
＿＿＿＿＿＿＿＿＿＿
＿＿＿＿＿＿＿＿＿＿
＿＿＿＿＿＿＿＿＿＿
＿＿＿＿＿＿＿＿＿＿
＿＿＿＿◆◆＿＿＿＿
■＿◆◆□□□■＿＿
◆◆□□□□□■□◆
□＿□□□□□□□□
□□□□□□□■□□
□□□□□□□＿□□
□□□□＿□＿□□□
＿□□□□□□□□□
□□＿□□□□□□□
□□□□□□□□□＿
□□□□□□□＿＿□
00:54:00(97227f):field(97226f)
＿＿＿＿＿＿＿＿＿＿
＿＿＿＿＿＿＿＿＿＿
＿＿＿＿＿＿＿＿＿＿
＿＿＿＿＿＿＿＿＿＿
＿＿＿＿＿＿＿＿＿＿
＿＿＿＿＿＿＿＿＿＿
＿＿＿＿＿＿＿＿＿＿
＿＿＿＿＿＿＿＿＿＿
＿＿＿＿＿＿＿＿＿＿
＿＿＿＿＿＿＿＿＿＿
◆＿＿＿◆◆◆◆＿＿
■■◆◆□□◆□□＿
□■□□□□□□□◆
□□□□□□□◆□□
□□□□□□□＿□□
□□□□＿□＿□□□
＿□□□□□□□□□
□□＿□□□□□□□
□□□□□□□□□＿
□□□□□□□＿＿□
00:54:01(97239f):field(97238f)
＿＿＿＿＿＿＿＿＿＿
＿＿＿＿＿＿＿＿＿＿
＿＿＿＿＿＿＿＿＿＿
＿＿＿＿＿＿＿＿＿＿
＿＿＿＿＿＿＿＿＿＿
＿＿＿＿＿＿＿＿＿＿
＿＿＿＿＿＿＿＿＿＿
＿＿＿＿＿＿＿＿＿＿
＿＿＿＿＿＿＿＿＿＿
＿＿＿＿■■＿＿＿＿
＿＿＿＿■■＿＿＿＿
□◆＿＿□□＿□◆＿
□□□□□□□□□＿
□□□□□□□＿□□
□□□□□□□＿□□
□□□□＿□＿□□□
＿□□□□□□□□□
□□＿□□□□□□□
□□□□□□□□□＿
□□□□□□□＿＿□
00:54:01(97251f):field(97250f)
＿＿＿＿＿＿＿＿＿＿
＿＿＿＿＿＿＿＿＿＿
＿＿＿＿＿＿＿＿＿＿
＿＿＿＿＿＿＿＿＿＿
＿＿＿＿＿＿＿＿＿＿
＿＿＿＿＿＿＿＿＿＿
＿＿＿＿＿＿＿＿＿＿
＿＿＿＿＿＿＿＿＿＿
＿＿＿＿＿＿＿＿＿＿
＿＿＿■□□＿＿＿＿
＿＿＿■□□＿＿＿＿
□＿■■□□＿□＿＿
□□□□□□□□□＿
□□□□□□□＿□□
□□□□□□□＿□□
□□□□＿□＿□□□
＿□□□□□□□□□
□□＿□□□□□□□
□□□□□□□□□＿
□□□□□□□＿＿□
00:54:02(97264f):field(97263f)
＿＿＿＿＿＿＿＿＿＿
＿＿＿＿＿＿＿＿＿＿
＿＿＿＿＿＿＿＿＿＿
＿＿＿＿＿＿＿＿＿＿
＿＿＿＿＿＿＿＿＿＿
＿＿＿＿＿＿＿＿＿＿
＿＿＿＿＿＿＿＿＿＿
＿＿＿＿＿■＿＿＿＿
＿＿＿■■■＿＿＿＿
＿＿＿□□□＿＿＿＿
＿＿＿□□□＿＿＿＿
□＿□□□□＿□＿＿
□□□□□□□□□＿
□□□□□□□＿□□
□□□□□□□＿□□
□□□□＿□＿□□□
＿□□□□□□□□□
□□＿□□□□□□□
□□□□□□□□□＿
□□□□□□□＿＿□
00:54:02(97277f):field(97276f)
＿＿＿＿＿＿＿＿＿＿
＿＿＿＿＿＿＿＿＿＿
＿＿＿＿＿＿＿＿＿＿
＿＿＿＿＿＿＿＿＿＿
＿＿＿＿＿＿＿＿＿＿
＿＿＿＿＿＿＿＿＿＿
＿＿＿＿＿＿＿＿＿＿
＿＿＿＿＿□＿＿＿＿
＿＿＿□□□＿＿＿＿
＿＿＿□□□＿＿＿＿
■■■□□□＿＿＿＿
□■□□□□＿□＿＿
□□□□□□□□□＿
□□□□□□□＿□□
□□□□□□□＿□□
□□□□＿□＿□□□
＿□□□□□□□□□
□□＿□□□□□□□
□□□□□□□□□＿
□□□□□□□＿＿□
00:54:03(97291f):field(97290f)
＿＿＿＿＿＿＿＿＿＿
＿＿＿＿＿＿＿＿＿＿
＿＿＿＿＿＿＿＿＿＿
＿＿＿＿＿＿＿＿＿＿
＿＿＿＿＿＿＿＿＿＿
＿＿＿＿＿＿＿＿＿＿
＿＿＿＿＿＿＿＿＿＿
＿＿＿＿＿□＿＿＿＿
＿＿＿□□□■＿＿＿
＿＿＿□□□■＿＿＿
□□□□□□■＿＿＿
□□□□□□■□＿＿
□□□□□□□□□＿
□□□□□□□＿□□
□□□□□□□＿□□
□□□□＿□＿□□□
＿□□□□□□□□□
□□＿□□□□□□□
□□□□□□□□□＿
□□□□□□□＿＿□
00:54:03(97302f):field(97301f)
＿＿＿＿＿＿＿＿＿＿
＿＿＿＿＿＿＿＿＿＿
＿＿＿＿＿＿＿＿＿＿
＿＿＿＿＿＿＿＿＿＿
＿＿＿＿＿＿＿＿＿＿
＿＿＿＿＿＿＿＿＿＿
＿＿＿■■＿＿＿＿＿
＿＿＿■■□＿＿＿＿
＿＿＿□□□□＿＿＿
＿＿＿□□□□＿＿＿
□□□□□□□＿＿＿
□□□□□□□□＿＿
□□□□□□□□□＿
□□□□□□□＿□□
□□□□□□□＿□□
□□□□＿□＿□□□
＿□□□□□□□□□
□□＿□□□□□□□
□□□□□□□□□＿
□□□□□□□＿＿□
00:54:03(97317f):field(97316f)
＿＿＿＿＿＿＿＿＿＿
＿＿＿＿＿＿＿＿＿＿
＿＿＿＿＿＿＿＿＿＿
＿＿＿＿＿＿＿＿＿＿
＿＿＿＿＿＿＿＿＿＿
＿＿＿＿＿＿＿＿＿＿
＿＿＿□□＿＿＿＿＿
＿＿＿□□□＿＿＿＿
■＿＿□□□□＿＿＿
■■■□□□□＿＿＿
□□□□□□□＿＿＿
□□□□□□□□＿＿
□□□□□□□□□＿
□□□□□□□＿□□
□□□□□□□＿□□
□□□□＿□＿□□□
＿□□□□□□□□□
□□＿□□□□□□□
□□□□□□□□□＿
□□□□□□□＿＿□
00:54:04(97329f):field(97328f)
＿＿＿＿＿＿＿＿＿＿
＿＿＿＿＿＿＿＿＿＿
＿＿＿＿＿＿＿＿＿＿
＿＿＿＿＿＿＿＿＿＿
＿＿＿＿＿＿＿＿＿＿
＿＿＿＿＿＿＿＿＿＿
＿＿＿□□＿＿＿＿＿
■■＿□□□＿＿＿＿
□■■□□□□＿＿＿
□□□□□□□＿＿＿
□□□□□□□＿＿＿
□□□□□□□□＿＿
□□□□□□□□□＿
□□□□□□□＿□□
□□□□□□□＿□□
□□□□＿□＿□□□
＿□□□□□□□□□
□□＿□□□□□□□
□□□□□□□□□＿
□□□□□□□＿＿□
00:54:04(97341f):field(97340f)
＿＿＿＿＿＿＿＿＿＿
＿＿＿＿＿＿＿＿＿＿
＿＿＿＿＿＿＿＿＿＿
＿＿＿＿＿＿＿＿＿＿
＿＿＿＿＿＿＿＿＿＿
＿＿＿＿＿＿＿＿＿＿
＿＿＿◆◆＿＿＿＿＿
◆◆＿◆◆◆＿＿＿＿
◆◆◆□□◆◆＿＿＿
□□◆□□□◆＿＿＿
□□□□□□□＿＿＿
□□□□□□□□＿■
□□□□□□□◆□＿
□□□□□□□＿□□
□□□□□□□＿□□
□□□□＿□＿□□□
＿□□□□□□□□□
□□＿□□□□□□□
□□□□□□□□□＿
□□□□□□□＿＿□
00:54:05(97354f):field(97353f)
＿＿＿＿＿＿＿＿＿＿
＿＿＿＿＿＿＿＿＿＿
＿＿＿＿＿＿＿＿＿＿
＿＿＿＿＿＿＿＿＿＿
＿＿＿＿＿＿＿＿＿＿
＿＿＿＿＿＿＿＿＿＿
＿＿＿＿＿＿＿＿＿＿
＿＿＿＿＿＿＿＿＿＿
＿＿＿◆◆＿＿＿＿＿
◆◆＿◆◆◆＿＿＿＿
◆◆◆□□◆◆＿＿＿
□□◆□□□◆◆＿◆
□□□□□□□＿◆＿
□□□□□□□■◆◆
□□□□□□□■□□
□□□□＿□＿□□□
＿□□□□□□□□□
□□＿□□□□□□□
□□□□□□□□□＿
□□□□□□□＿＿□
00:54:05(97370f):field(97369f)
＿＿＿＿＿＿＿＿＿＿
＿＿＿＿＿＿＿＿＿＿
＿＿＿＿＿＿＿＿＿＿
＿＿＿＿＿＿＿＿＿＿
＿＿＿＿＿＿＿＿＿＿
＿＿＿＿＿＿＿＿＿＿
＿＿＿＿＿＿＿＿＿＿
＿＿＿＿＿＿＿＿＿＿
＿＿＿＿＿＿＿＿＿＿
＿＿＿＿＿＿＿＿＿＿
＿＿＿◆◆＿＿＿＿＿
◆◆＿□□◆＿＿＿＿
□□□□□□◆＿＿＿
□□□□□□□◆■■
□□□□□□□□□◆
□□□□■□■□□□
＿□□□□□□□□□
□□＿□□□□□□□
□□□□□□□□□＿
□□□□□□□＿＿□
00:54:06(97383f):field(97382f)
＿＿＿＿＿＿＿＿＿＿
＿＿＿＿＿＿＿＿＿＿
＿＿＿＿＿＿＿＿＿＿
＿＿＿＿＿＿＿＿＿＿
＿＿＿＿＿＿＿＿＿＿
＿＿＿＿＿＿＿＿＿＿
＿＿＿＿＿＿＿＿＿＿
＿＿＿＿＿＿＿＿＿＿
＿＿＿＿＿＿＿＿＿＿
＿＿＿＿＿＿＿＿＿＿
＿＿＿＿＿＿＿＿＿＿
＿＿＿◆◆＿＿＿＿＿
□◆□□□◆＿＿＿＿
□□◆□□□◆■□□
□□□□□□□□□＿
□□□□□□□□□□
＿□□□□□□□□□
□□＿□□□□□□□
□□□□□□□□□＿
□□□□□□□＿＿□
00:54:06(97395f):field(97394f)
＿＿＿＿＿＿＿＿＿＿
＿＿＿＿＿＿＿＿＿＿
＿＿＿＿＿＿＿＿＿＿
＿＿＿＿＿＿＿＿＿＿
＿＿＿＿＿＿＿＿＿＿
＿＿＿＿＿＿＿＿＿＿
＿＿＿＿＿＿＿＿＿＿
＿＿＿＿＿＿＿＿＿＿
＿＿＿＿＿＿＿＿＿＿
＿＿＿＿＿＿＿＿＿＿
＿＿＿＿＿＿＿＿＿＿
＿＿＿＿＿＿＿＿＿＿
□■□□□＿＿＿＿＿
□□■□□□＿□□□
□□□□□□□□□＿
□□□□◆□◆□□□
＿□□□□□□□□□
□□＿□□□□□□□
□□□□□□□□□＿
□□□□□□□＿＿□
00:54:06(97407f):field(97406f)
＿＿＿＿＿＿＿＿＿＿
＿＿＿＿＿＿＿＿＿＿
＿＿＿＿＿＿＿＿＿＿
＿＿＿＿＿＿＿＿＿＿
＿＿＿＿＿＿＿＿＿＿
＿＿＿＿＿＿＿＿＿＿
＿＿＿＿＿＿＿＿＿＿
＿＿＿＿＿＿＿＿＿＿
＿＿＿＿＿＿＿＿＿＿
＿＿＿＿＿＿＿＿＿＿
＿＿＿＿＿＿＿＿＿＿
＿＿＿＿＿＿＿＿＿＿
□◆◆◆□■＿＿＿＿
□□□□□□■◆◆□
□□□□□□□□□＿
□□□□＿□＿□□□
＿□□□□□□□□□
□□＿□□□□□□□
□□□□□□□□□＿
□□□□□□□＿＿□
00:54:07(97422f):field(97421f)
＿＿＿＿＿＿＿＿＿＿
＿＿＿＿＿＿＿＿＿＿
＿＿＿＿＿＿＿＿＿＿
＿＿＿＿＿＿＿＿＿＿
＿＿＿＿＿＿＿＿＿＿
＿＿＿＿＿＿＿＿＿＿
＿＿＿＿＿＿＿＿＿＿
＿＿＿＿＿＿＿＿＿＿
＿＿＿＿＿＿＿＿＿＿
＿＿＿＿＿＿＿＿＿＿
＿＿＿＿＿＿＿＿＿＿
＿＿＿＿＿＿＿＿＿＿
◆＿＿＿◆□■■＿＿
□□□□□□□■■◆
□□□□□□□□□＿
□□□□＿□＿□□□
＿□□□□□□□□□
□□＿□□□□□□□
□□□□□□□□□＿
□□□□□□□＿＿□
00:54:07(97433f):field(97432f)
＿＿＿＿＿＿＿＿＿＿
＿＿＿＿＿＿＿＿＿＿
＿＿＿＿＿＿＿＿＿＿
＿＿＿＿＿＿＿＿＿＿
＿＿＿＿＿＿＿＿＿＿
＿＿＿＿＿＿＿＿＿＿
＿＿＿＿＿＿＿＿＿＿
＿＿＿＿＿＿＿＿＿＿
＿＿＿＿＿＿＿＿＿＿
＿＿＿＿＿＿＿＿＿＿
＿＿＿＿＿＿＿＿＿＿
＿＿＿■＿＿＿＿＿＿
＿＿■■■□□□＿＿
□□□□□□□□□＿
□□□□□□□□□＿
□□□□＿□＿□□□
＿□□□□□□□□□
□□＿□□□□□□□
□□□□□□□□□＿
□□□□□□□＿＿□
00:54:08(97448f):field(97447f)
＿＿＿＿＿＿＿＿＿＿
＿＿＿＿＿＿＿＿＿＿
＿＿＿＿＿＿＿＿＿＿
＿＿＿＿＿＿＿＿＿＿
＿＿＿＿＿＿＿＿＿＿
＿＿＿＿＿＿＿＿＿＿
＿＿＿＿＿＿＿＿＿＿
＿＿＿＿＿＿＿＿＿＿
＿＿＿＿＿＿＿＿＿＿
＿＿＿＿＿＿＿＿＿＿
■＿＿＿＿＿＿＿＿＿
■＿＿□＿＿＿＿＿＿
■■□□□□□□＿＿
□□□□□□□□□＿
□□□□□□□□□＿
□□□□＿□＿□□□
＿□□□□□□□□□
□□＿□□□□□□□
□□□□□□□□□＿
□□□□□□□＿＿□
00:54:08(97459f):field(97458f)
＿＿＿＿＿＿＿＿＿＿
＿＿＿＿＿＿＿＿＿＿
＿＿＿＿＿＿＿＿＿＿
＿＿＿＿＿＿＿＿＿＿
＿＿＿＿＿＿＿＿＿＿
＿＿＿＿＿＿＿＿＿＿
＿＿＿＿＿＿＿＿＿＿
＿＿＿＿＿＿＿＿＿＿
＿＿＿＿＿＿＿＿＿＿
＿＿＿＿＿＿＿＿＿＿
□＿＿＿■■＿＿＿＿
□＿＿□■■＿＿＿＿
□□□□□□□□＿＿
□□□□□□□□□＿
□□□□□□□□□＿
□□□□＿□＿□□□
＿□□□□□□□□□
□□＿□□□□□□□
□□□□□□□□□＿
□□□□□□□＿＿□
00:54:09(97472f):field(97471f)
＿＿＿＿＿＿＿＿＿＿
＿＿＿＿＿＿＿＿＿＿
＿＿＿＿＿＿＿＿＿＿
＿＿＿＿＿＿＿＿＿＿
＿＿＿＿＿＿＿＿＿＿
＿＿＿＿＿＿＿＿＿＿
＿＿＿＿＿＿＿＿＿＿
＿＿＿＿＿＿＿＿＿＿
＿＿＿＿＿＿＿＿＿＿
＿＿＿＿＿＿＿＿＿＿
□＿■■□□＿＿＿＿
□■■□□□＿＿＿＿
□□□□□□□□＿＿
□□□□□□□□□＿
□□□□□□□□□＿
□□□□＿□＿□□□
＿□□□□□□□□□
□□＿□□□□□□□
□□□□□□□□□＿
□□□□□□□＿＿□
00:54:09(97485f):field(97484f)
＿＿＿＿＿＿＿＿＿＿
＿＿＿＿＿＿＿＿＿＿
＿＿＿＿＿＿＿＿＿＿
＿＿＿＿＿＿＿＿＿＿
＿＿＿＿＿＿＿＿＿＿
＿＿＿＿＿＿＿＿＿＿
＿＿＿＿＿＿＿＿＿＿
＿＿＿＿＿＿＿＿＿＿
＿＿＿＿＿＿＿＿＿＿
■■■＿＿＿＿＿＿＿
□■□□□□＿＿＿＿
□□□□□□＿＿＿＿
□□□□□□□□＿＿
□□□□□□□□□＿
□□□□□□□□□＿
□□□□＿□＿□□□
＿□□□□□□□□□
□□＿□□□□□□□
□□□□□□□□□＿
□□□□□□□＿＿□
00:54:09(97495f):field(97494f)
＿＿＿＿＿＿＿＿＿＿
＿＿＿＿＿＿＿＿＿＿
＿＿＿＿＿＿＿＿＿＿
＿＿＿＿＿＿＿＿＿＿
＿＿＿＿＿＿＿＿＿＿
＿＿＿＿＿＿＿＿＿＿
＿＿＿＿＿＿＿＿＿＿
＿＿＿＿＿＿＿＿＿＿
＿＿■■＿＿＿＿＿＿
□□□■■＿＿＿＿＿
□□□□□□＿＿＿＿
□□□□□□＿＿＿＿
□□□□□□□□＿＿
□□□□□□□□□＿
□□□□□□□□□＿
□□□□＿□＿□□□
＿□□□□□□□□□
□□＿□□□□□□□
□□□□□□□□□＿
□□□□□□□＿＿□
00:54:10(97509f):field(97508f)
＿＿＿＿＿＿＿＿＿＿
＿＿＿＿＿＿＿＿＿＿
＿＿＿＿＿＿＿＿＿＿
＿＿＿＿＿＿＿＿＿＿
＿＿＿＿＿＿＿＿＿＿
＿＿＿＿＿＿＿＿＿＿
＿＿＿＿＿＿＿＿＿＿
＿＿＿＿＿＿＿＿＿＿
＿＿◆◆＿＿＿＿＿＿
◆◆◆◆◆＿＿＿＿＿
◆◆□□◆◆＿＿＿＿
□□□□□◆＿＿＿＿
□□□□□□□◆＿＿
□□□□□□◆□◆■
□□□□□□□□◆■
□□□□＿□＿□□□
＿□□□□□□□□□
□□＿□□□□□□□
□□□□□□□□□＿
□□□□□□□＿＿□
00:54:10(97524f):field(97523f)
＿＿＿＿＿＿＿＿＿＿
＿＿＿＿＿＿＿＿＿＿
＿＿＿＿＿＿＿＿＿＿
＿＿＿＿＿＿＿＿＿＿
＿＿＿＿＿＿＿＿＿＿
＿＿＿＿＿＿＿＿＿＿
＿＿＿＿＿＿＿＿＿＿
＿＿＿＿＿＿＿＿＿＿
＿＿＿＿＿＿＿＿＿＿
＿＿＿＿＿＿＿＿＿＿
＿＿◆◆＿＿＿＿＿＿
◆◆◆◆◆＿＿＿＿＿
◆◆□□□◆◆＿＿＿
□□□□□□＿◆＿◆
□□□□□□◆◆■◆
□□□□＿□■□□□
＿□□□□□□□□□
□□＿□□□□□□□
□□□□□□□□□＿
□□□□□□□＿＿□
00:54:11(97539f):field(97538f)
＿＿＿＿＿＿＿＿＿＿
＿＿＿＿＿＿＿＿＿＿
＿＿＿＿＿＿＿＿＿＿
＿＿＿＿＿＿＿＿＿＿
＿＿＿＿＿＿＿＿＿＿
＿＿＿＿＿＿＿＿＿＿
＿＿＿＿＿＿＿＿＿＿
＿＿＿＿＿＿＿＿＿＿
＿＿＿＿＿＿＿＿＿＿
＿＿＿＿＿＿＿＿＿＿
＿＿＿＿＿＿＿＿＿＿
＿＿＿＿＿＿＿＿＿＿
＿＿□□◆■＿＿＿＿
□□□□□□■＿＿＿
□□□□□□■＿◆＿
□□□□＿□◆□□□
＿□□□□□□□□□
□□＿□□□□□□□
□□□□□□□□□＿
□□□□□□□＿＿□
00:54:11(97555f):field(97554f)
＿＿＿＿＿＿＿＿＿＿
＿＿＿＿＿＿＿＿＿＿
＿＿＿＿＿＿＿＿＿＿
＿＿＿＿＿＿＿＿＿＿
＿＿＿＿＿＿＿＿＿＿
＿＿＿＿＿＿＿＿＿＿
＿＿＿＿＿＿＿＿＿＿
＿＿＿＿＿＿＿＿＿＿
＿＿＿＿＿＿＿＿＿＿
＿＿＿＿＿＿＿＿＿＿
＿＿＿＿＿＿＿＿＿＿
＿＿＿＿＿＿＿＿＿＿
＿＿□□＿□＿＿＿＿
□□□□□□□■■＿
□□□□□□□■■＿
□□□□＿□＿□□□
＿□□□□□□□□□
□□＿□□□□□□□
□□□□□□□□□＿
□□□□□□□＿＿□
00:54:12(97570f):field(97569f)
＿＿＿＿＿＿＿＿＿＿
＿＿＿＿＿＿＿＿＿＿
＿＿＿＿＿＿＿＿＿＿
＿＿＿＿＿＿＿＿＿＿
＿＿＿＿＿＿＿＿＿＿
＿＿＿＿＿＿＿＿＿＿
＿＿＿＿＿＿＿＿＿＿
＿＿＿＿＿＿＿＿＿＿
＿＿＿＿＿＿＿＿＿＿
＿＿＿＿＿＿＿＿＿＿
＿＿＿＿＿＿＿＿＿＿
＿＿＿＿＿＿＿＿＿＿
＿＿◆◆■◆＿＿＿＿
◆◆□◆◆□◆◆◆＿
□□□□◆□◆◆□■
□□□□＿□■□□□
＿□□□□□□□□□
□□＿□□□□□□□
□□□□□□□□□＿
□□□□□□□＿＿□
00:54:12(97583f):field(97582f)
＿＿＿＿＿＿＿＿＿＿
＿＿＿＿＿＿＿＿＿＿
＿＿＿＿＿＿＿＿＿＿
＿＿＿＿＿＿＿＿＿＿
＿＿＿＿＿＿＿＿＿＿
＿＿＿＿＿＿＿＿＿＿
＿＿＿＿＿＿＿＿＿＿
＿＿＿＿＿＿＿＿＿＿
＿＿＿＿＿＿＿＿＿＿
＿＿＿＿＿＿＿＿＿＿
＿＿＿＿＿＿＿＿＿＿
＿＿＿＿＿＿＿＿＿＿
＿＿＿＿◆＿＿＿＿＿
＿＿◆■■□＿＿＿＿
◆◆□□■□＿＿□□
□□□□＿□◆□□□
＿□□□□□□□□□
□□＿□□□□□□□
□□□□□□□□□＿
□□□□□□□＿＿□
00:54:13(97596f):field(97595f)
＿＿＿＿＿＿＿＿＿＿
＿＿＿＿＿＿＿＿＿＿
＿＿＿＿＿＿＿＿＿＿
＿＿＿＿＿＿＿＿＿＿
＿＿＿＿＿＿＿＿＿＿
＿＿＿＿＿＿＿＿＿＿
＿＿＿＿＿＿＿＿＿＿
＿＿＿＿＿＿＿＿＿＿
＿＿＿＿＿＿＿＿＿＿
＿＿＿＿＿＿＿＿＿＿
＿＿＿＿＿＿＿＿＿＿
＿＿＿＿＿＿＿＿＿＿
＿＿＿＿＿＿＿＿＿＿
＿＿＿□□□＿■＿＿
＿＿□□□□■■□□
□□□□＿□■□□□
＿□□□□□□□□□
□□＿□□□□□□□
□□□□□□□□□＿
□□□□□□□＿＿□
00:54:13(97608f):field(97607f)
＿＿＿＿＿＿＿＿＿＿
＿＿＿＿＿＿＿＿＿＿
＿＿＿＿＿＿＿＿＿＿
＿＿＿＿＿＿＿＿＿＿
＿＿＿＿＿＿＿＿＿＿
＿＿＿＿＿＿＿＿＿＿
＿＿＿＿＿＿＿＿＿＿
＿＿＿＿＿＿＿＿＿＿
＿＿＿＿＿＿＿＿＿＿
＿＿＿＿＿＿＿＿＿＿
＿＿＿＿＿＿＿＿＿＿
＿＿＿＿＿＿＿＿＿＿
＿＿＿＿■■■＿＿＿
＿＿＿□□□■□＿＿
＿＿□□□□□□□□
□□□□＿□□□□□
＿□□□□□□□□□
□□＿□□□□□□□
□□□□□□□□□＿
□□□□□□□＿＿□
00:54:13(97619f):field(97618f)
＿＿＿＿＿＿＿＿＿＿
＿＿＿＿＿＿＿＿＿＿
＿＿＿＿＿＿＿＿＿＿
＿＿＿＿＿＿＿＿＿＿
＿＿＿＿＿＿＿＿＿＿
＿＿＿＿＿＿＿＿＿＿
＿＿＿＿＿＿＿＿＿＿
＿＿＿＿＿＿＿＿＿＿
＿＿＿＿＿＿＿＿＿＿
＿＿＿＿＿＿＿＿＿＿
＿＿＿＿＿＿＿＿＿＿
＿＿＿＿＿＿＿＿＿＿
＿＿＿＿□□□＿■■
＿＿＿□□□□□■■
＿＿□□□□□□□□
□□□□＿□□□□□
＿□□□□□□□□□
□□＿□□□□□□□
□□□□□□□□□＿
□□□□□□□＿＿□
00:54:14(97632f):field(97631f)
＿＿＿＿＿＿＿＿＿＿
＿＿＿＿＿＿＿＿＿＿
＿＿＿＿＿＿＿＿＿＿
＿＿＿＿＿＿＿＿＿＿
＿＿＿＿＿＿＿＿＿＿
＿＿＿＿＿＿＿＿＿＿
＿＿＿＿＿＿＿＿＿＿
＿＿＿＿＿＿＿＿＿＿
＿＿＿＿＿＿＿＿＿＿
＿＿＿＿＿＿＿＿＿＿
＿＿＿＿＿＿＿＿＿＿
＿＿＿＿＿＿＿＿＿＿
＿＿＿＿◆◆◆＿◆◆
＿＿＿□□□□◆□□
＿■□□□□□□□□
□□□□■□□□□□
＿□□□□□□□□□
□□＿□□□□□□□
□□□□□□□□□＿
□□□□□□□＿＿□
00:54:14(97644f):field(97643f)
＿＿＿＿＿＿＿＿＿＿
＿＿＿＿＿＿＿＿＿＿
＿＿＿＿＿＿＿＿＿＿
＿＿＿＿＿＿＿＿＿＿
＿＿＿＿＿＿＿＿＿＿
＿＿＿＿＿＿＿＿＿＿
＿＿＿＿＿＿＿＿＿＿
＿＿＿＿＿＿＿＿＿＿
＿＿＿＿＿＿＿＿＿＿
＿＿＿＿＿＿＿＿＿＿
＿＿＿＿＿＿＿＿＿＿
＿＿＿＿＿＿＿＿＿＿
＿＿＿＿＿＿＿＿＿＿
■■■□□□□＿□□
＿□□□□□□□□□
□□□□◆□□□□□
＿□□□□□□□□□
□□＿□□□□□□□
□□□□□□□□□＿
□□□□□□□＿＿□
00:54:15(97657f):field(97656f)
＿＿＿＿＿＿＿＿＿＿
＿＿＿＿＿＿＿＿＿＿
＿＿＿＿＿＿＿＿＿＿
＿＿＿＿＿＿＿＿＿＿
＿＿＿＿＿＿＿＿＿＿
＿＿＿＿＿＿＿＿＿＿
＿＿＿＿＿＿＿＿＿＿
＿＿＿＿＿＿＿＿＿＿
＿＿＿＿＿＿＿＿＿＿
＿＿＿＿＿＿＿＿＿＿
＿＿＿＿＿＿＿＿＿＿
＿＿＿＿＿＿＿＿＿＿
＿＿＿＿＿＿＿＿■＿
◆◆□◆□□◆■□◆
＿□□□□□□□□□
□□□□＿□□□□□
＿□□□□□□□□□
□□＿□□□□□□□
□□□□□□□□□＿
□□□□□□□＿＿□
00:54:15(97669f):field(97668f)
＿＿＿＿＿＿＿＿＿＿
＿＿＿＿＿＿＿＿＿＿
＿＿＿＿＿＿＿＿＿＿
＿＿＿＿＿＿＿＿＿＿
＿＿＿＿＿＿＿＿＿＿
＿＿＿＿＿＿＿＿＿＿
＿＿＿＿＿＿＿＿＿＿
＿＿＿＿＿＿＿＿＿＿
＿＿＿＿＿＿＿＿＿＿
＿＿＿＿＿＿＿＿＿＿
＿＿＿＿＿＿＿＿＿＿
＿＿＿＿＿＿＿＿＿＿
＿＿＿＿＿＿＿＿◆＿
■■◆＿◆◆＿◆□＿
■□◆◆◆◆◆□□◆
□□□□＿□□□□□
＿□□□□□□□□□
□□＿□□□□□□□
□□□□□□□□□＿
□□□□□□□＿＿□
00:54:16(97680f):field(97679f)
＿＿＿＿＿＿＿＿＿＿
＿＿＿＿＿＿＿＿＿＿
＿＿＿＿＿＿＿＿＿＿
＿＿＿＿＿＿＿＿＿＿
＿＿＿＿＿＿＿＿＿＿
＿＿＿＿＿＿＿＿＿＿
＿＿＿＿＿＿＿＿＿＿
＿＿＿＿＿＿＿＿＿＿
＿＿＿＿＿＿＿＿＿＿
＿＿＿＿＿＿＿＿＿＿
＿＿＿＿＿＿＿＿＿＿
＿＿＿＿＿＿＿＿＿＿
＿＿＿＿＿＿＿＿＿＿
□◆＿＿＿■■＿□＿
□□＿＿＿■■□□＿
□□□□＿□□□□□
＿□□□□□□□□□
□□＿□□□□□□□
□□□□□□□□□＿
□□□□□□□＿＿□
00:54:16(97692f):field(97691f)
＿＿＿＿＿＿＿＿＿＿
＿＿＿＿＿＿＿＿＿＿
＿＿＿＿＿＿＿＿＿＿
＿＿＿＿＿＿＿＿＿＿
＿＿＿＿＿＿＿＿＿＿
＿＿＿＿＿＿＿＿＿＿
＿＿＿＿＿＿＿＿＿＿
＿＿＿＿＿＿＿＿＿＿
＿＿＿＿＿＿＿＿＿＿
＿＿＿＿＿＿＿＿＿＿
＿＿＿＿＿＿＿＿＿＿
＿＿＿＿＿＿＿＿＿＿
＿＿＿＿＿＿＿＿＿＿
◆＿＿＿＿◆◆＿◆＿
□◆＿＿＿□□◆□＿
□□□□■□□□□◆
＿□□□□□□□□□
□□■□□□□□□□
□□□□□□□□□＿
□□□□□□□＿＿□
00:54:16(97703f):field(97702f)
＿＿＿＿＿＿＿＿＿＿
＿＿＿＿＿＿＿＿＿＿
＿＿＿＿＿＿＿＿＿＿
＿＿＿＿＿＿＿＿＿＿
＿＿＿＿＿＿＿＿＿＿
＿＿＿＿＿＿＿＿＿＿
＿＿＿＿＿＿＿＿＿＿
＿＿＿＿＿＿＿＿＿＿
＿＿＿＿＿＿＿＿＿＿
＿＿＿＿＿＿＿＿＿＿
＿＿＿＿＿＿＿＿＿＿
＿＿＿＿＿＿＿＿＿＿
＿＿＿＿＿＿＿＿＿＿
＿＿＿＿■■＿＿＿＿
□＿＿■■□□＿□＿
□□□□□□□□□＿
＿□□□□□□□□□
□□◆□□□□□□□
□□□□□□□□□＿
□□□□□□□＿＿□
00:54:17(97714f):field(97713f)
＿＿＿＿＿＿＿＿＿＿
＿＿＿＿＿＿＿＿＿＿
＿＿＿＿＿＿＿＿＿＿
＿＿＿＿＿＿＿＿＿＿
＿＿＿＿＿＿＿＿＿＿
＿＿＿＿＿＿＿＿＿＿
＿＿＿＿＿＿＿＿＿＿
＿＿＿＿＿＿＿＿＿＿
＿＿＿＿＿＿＿＿＿＿
＿＿＿＿＿＿＿＿＿＿
＿＿＿＿＿＿＿＿＿＿
＿＿＿＿＿＿＿＿＿＿
＿＿＿■■■＿＿＿＿
＿＿＿■□□＿＿＿＿
□＿＿□□□□＿□＿
□□□□□□□□□＿
＿□□□□□□□□□
□□＿□□□□□□□
□□□□□□□□□＿
□□□□□□□＿＿□
00:54:17(97728f):field(97727f)
＿＿＿＿＿＿＿＿＿＿
＿＿＿＿＿＿＿＿＿＿
＿＿＿＿＿＿＿＿＿＿
＿＿＿＿＿＿＿＿＿＿
＿＿＿＿＿＿＿＿＿＿
＿＿＿＿＿＿＿＿＿＿
＿＿＿＿＿＿＿＿＿＿
＿＿＿＿＿＿＿＿＿＿
＿＿＿＿＿＿＿＿＿＿
＿＿＿＿＿＿＿＿＿＿
＿＿＿＿＿＿＿＿＿＿
＿＿＿＿＿＿＿＿＿＿
＿＿＿□□□＿＿＿＿
■■＿□□□＿＿＿＿
□■■□□□□＿□＿
□□□□□□□□□＿
＿□□□□□□□□□
□□＿□□□□□□□
□□□□□□□□□＿
□□□□□□□＿＿□
00:54:18(97741f):field(97740f)
＿＿＿＿＿＿＿＿＿＿
＿＿＿＿＿＿＿＿＿＿
＿＿＿＿＿＿＿＿＿＿
＿＿＿＿＿＿＿＿＿＿
＿＿＿＿＿＿＿＿＿＿
＿＿＿＿＿＿＿＿＿＿
＿＿＿＿＿＿＿＿＿＿
＿＿＿＿＿＿＿＿＿＿
＿＿＿＿＿＿＿＿＿＿
＿＿＿＿＿＿＿＿＿＿
＿＿＿＿＿＿＿＿＿＿
＿＿＿＿＿■■■＿＿
＿＿＿□□□■＿＿＿
□□＿□□□＿＿＿＿
□□□□□□□＿□＿
□□□□□□□□□＿
＿□□□□□□□□□
□□＿□□□□□□□
□□□□□□□□□＿
□□□□□□□＿＿□
00:54:18(97755f):field(97754f)
＿＿＿＿＿＿＿＿＿＿
＿＿＿＿＿＿＿＿＿＿
＿＿＿＿＿＿＿＿＿＿
＿＿＿＿＿＿＿＿＿＿
＿＿＿＿＿＿＿＿＿＿
＿＿＿＿＿＿＿＿＿＿
＿＿＿＿＿＿＿＿＿＿
＿＿＿＿＿＿＿＿＿＿
＿＿＿＿＿＿＿＿＿＿
＿＿＿＿＿＿＿＿＿＿
＿＿＿＿＿＿＿＿＿＿
＿＿＿＿＿□□□＿＿
■■■□□□□＿＿＿
□□■□□□＿＿＿＿
□□□□□□□＿□＿
□□□□□□□□□＿
＿□□□□□□□□□
□□＿□□□□□□□
□□□□□□□□□＿
□□□□□□□＿＿□
00:54:18(97767f):field(97766f)
＿＿＿＿＿＿＿＿＿＿
＿＿＿＿＿＿＿＿＿＿
＿＿＿＿＿＿＿＿＿＿
＿＿＿＿＿＿＿＿＿＿
＿＿＿＿＿＿＿＿＿＿
＿＿＿＿＿＿＿＿＿＿
＿＿＿＿＿＿＿＿＿＿
＿＿＿＿＿＿＿＿＿＿
＿＿＿＿＿＿＿＿＿＿
＿＿＿＿＿＿＿＿＿＿
＿■■＿＿＿＿＿＿＿
＿■■＿＿□□□＿＿
□□□□□□□＿＿＿
□□□□□□＿＿＿＿
□□□□□□□＿□＿
□□□□□□□□□＿
＿□□□□□□□□□
□□＿□□□□□□□
□□□□□□□□□＿
□□□□□□□＿＿□
00:54:19(97781f):field(97780f)
＿＿＿＿＿＿＿＿＿＿
＿＿＿＿＿＿＿＿＿＿
＿＿＿＿＿＿＿＿＿＿
＿＿＿＿＿＿＿＿＿＿
＿＿＿＿＿＿＿＿＿＿
＿＿＿＿＿＿＿＿＿＿
＿＿＿＿＿＿＿＿＿＿
＿＿＿＿＿＿＿＿＿＿
＿＿＿＿＿＿＿＿＿＿
＿＿＿■＿＿＿＿＿＿
＿□□■＿＿＿＿＿＿
＿□□■■□□□＿＿
□□□□□□□＿＿＿
□□□□□□＿＿＿＿
□□□□□□□＿□＿
□□□□□□□□□＿
＿□□□□□□□□□
□□＿□□□□□□□
□□□□□□□□□＿
□□□□□□□＿＿□
00:54:20(97802f):field(97801f)
＿＿＿＿＿＿＿＿＿＿
＿＿＿＿＿＿＿＿＿＿
＿＿＿＿＿＿＿＿＿＿
＿＿＿＿＿＿＿＿＿＿
＿＿＿＿＿＿＿＿＿＿
＿＿＿＿＿＿＿＿＿＿
＿＿＿＿＿＿＿＿＿＿
＿＿＿＿＿＿＿＿＿＿
＿＿＿＿＿＿＿＿＿＿
＿＿＿□＿＿＿＿＿＿
＿□□□＿＿＿＿＿＿
＿□□□□□□□＿＿
□□□□□□□＿■＿
□□□□□□＿＿■■
□□□□□□□＿□■
□□□□□□□□□＿
＿□□□□□□□□□
□□＿□□□□□□□
□□□□□□□□□＿
□□□□□□□＿＿□
00:54:20(97816f):field(97815f)
＿＿＿＿＿＿＿＿＿＿
＿＿＿＿＿＿＿＿＿＿
＿＿＿＿＿＿＿＿＿＿
＿＿＿＿＿＿＿＿＿＿
＿＿＿＿＿＿＿＿＿＿
＿＿＿＿＿＿＿＿＿＿
＿＿＿＿＿＿＿＿＿＿
＿＿＿＿＿＿＿＿＿＿
＿＿＿＿＿■＿＿＿＿
＿＿＿□■■＿＿＿＿
＿□□□■＿＿＿＿＿
＿□□□□□□□＿＿
□□□□□□□＿□＿
□□□□□□＿＿□□
□□□□□□□＿□□
□□□□□□□□□＿
＿□□□□□□□□□
□□＿□□□□□□□
□□□□□□□□□＿
□□□□□□□＿＿□
00:54:20(97828f):field(97827f)
＿＿＿＿＿＿＿＿＿＿
＿＿＿＿＿＿＿＿＿＿
＿＿＿＿＿＿＿＿＿＿
＿＿＿＿＿＿＿＿＿＿
＿＿＿＿＿＿＿＿＿＿
＿＿＿＿＿＿＿＿＿＿
＿＿＿＿■＿＿＿＿＿
＿＿＿＿■■＿＿＿＿
＿＿＿＿■□＿＿＿＿
＿＿＿□□□＿＿＿＿
＿□□□□＿＿＿＿＿
＿□□□□□□□＿＿
□□□□□□□＿□＿
□□□□□□＿＿□□
□□□□□□□＿□□
□□□□□□□□□＿
＿□□□□□□□□□
□□＿□□□□□□□
□□□□□□□□□＿
□□□□□□□＿＿□
00:54:21(97843f):field(97842f)
＿＿＿＿＿＿＿＿＿＿
＿＿＿＿＿＿＿＿＿＿
＿＿＿＿＿＿＿＿＿＿
＿＿＿＿＿＿＿＿＿＿
＿＿＿＿＿＿＿＿＿＿
＿＿＿＿＿＿＿＿＿＿
＿＿＿＿□＿＿＿＿＿
＿＿＿＿□□＿＿＿＿
＿＿＿＿□□＿＿＿＿
＿＿＿□□□＿＿＿＿
＿□□□□＿＿＿■■
＿□□□□□□□■■
□□□□□□□＿□＿
□□□□□□＿＿□□
□□□□□□□＿□□
□□□□□□□□□＿
＿□□□□□□□□□
□□＿□□□□□□□
□□□□□□□□□＿
□□□□□□□＿＿□
00:54:22(97861f):field(97860f)
＿＿＿＿＿＿＿＿＿＿
＿＿＿＿＿＿＿＿＿＿
＿＿＿＿＿＿＿＿＿＿
＿＿＿＿＿＿＿＿＿＿
＿＿＿＿＿＿＿＿＿＿
＿＿＿＿＿＿＿＿＿＿
＿＿＿＿◆＿＿＿＿＿
＿＿＿＿□◆＿＿＿＿
＿＿＿＿□□＿＿＿＿
■＿＿◆□□＿＿＿＿
■◆□□□■■＿◆◆
■□□□□◆◆□□□
□□□□□□□＿□＿
□□□□□□＿＿□□
□□□□□□□＿□□
□□□□□□□□□＿
＿□□□□□□□□□
□□＿□□□□□□□
□□□□□□□□□＿
□□□□□□□＿＿□
00:54:22(97874f):field(97873f)
＿＿＿＿＿＿＿＿＿＿
＿＿＿＿＿＿＿＿＿＿
＿＿＿＿＿＿＿＿＿＿
＿＿＿＿＿＿＿＿＿＿
＿＿＿＿＿＿＿＿＿＿
＿＿＿＿＿＿＿＿＿＿
＿＿＿＿＿＿＿＿＿＿
＿＿＿＿□＿＿＿＿＿
＿＿＿＿□□＿＿＿＿
□＿■■□□＿＿＿＿
□■□□□□◆＿＿＿
□□□□□＿＿◆□□
□□□□□□□＿□＿
□□□□□□＿＿□□
□□□□□□□＿□□
□□□□□□□□□＿
＿□□□□□□□□□
□□＿□□□□□□□
□□□□□□□□□＿
□□□□□□□＿＿□
00:54:22(97889f):field(97888f)
＿＿＿＿＿＿＿＿＿＿
＿＿＿＿＿＿＿＿＿＿
＿＿＿＿＿＿＿＿＿＿
＿＿＿＿＿＿＿＿＿＿
＿＿＿＿＿＿＿＿＿＿
＿＿＿＿＿＿＿＿＿＿
＿＿＿＿＿＿＿＿＿＿
＿＿■＿□＿＿＿＿＿
＿■■＿□□＿＿＿＿
□■□□□□＿＿＿＿
□□□□□□＿＿＿＿
□□□□□＿＿＿□□
□□□□□□□＿□＿
□□□□□□＿＿□□
□□□□□□□＿□□
□□□□□□□□□＿
＿□□□□□□□□□
□□＿□□□□□□□
□□□□□□□□□＿
□□□□□□□＿＿□
00:54:23(97906f):field(97905f)
＿＿＿＿＿＿＿＿＿＿
＿＿＿＿＿＿＿＿＿＿
＿＿＿＿＿＿＿＿＿＿
＿＿＿＿＿＿＿＿＿＿
＿＿＿＿＿＿＿＿＿＿
＿＿＿＿＿＿＿＿＿＿
＿＿＿■■■＿＿＿＿
＿＿□■□＿＿＿＿＿
＿□□＿□□＿＿＿＿
□□□□□□＿＿＿＿
□□□□□□＿＿＿＿
□□□□□＿＿＿□□
□□□□□□□＿□＿
□□□□□□＿＿□□
□□□□□□□＿□□
□□□□□□□□□＿
＿□□□□□□□□□
□□＿□□□□□□□
□□□□□□□□□＿
□□□□□□□＿＿□
00:54:24(97922f):field(97921f)
＿＿＿＿＿＿＿＿＿＿
＿＿＿＿＿＿＿＿＿＿
＿＿＿＿＿＿＿＿＿＿
＿＿＿＿＿＿＿＿＿＿
＿＿＿＿＿＿＿＿＿＿
＿＿＿＿＿＿＿＿＿＿
■＿＿□□□＿＿＿＿
■■□□□＿＿＿＿＿
■□□＿□□＿＿＿＿
□□□□□□＿＿＿＿
□□□□□□＿＿＿＿
□□□□□＿＿＿□□
□□□□□□□＿□＿
□□□□□□＿＿□□
□□□□□□□＿□□
□□□□□□□□□＿
＿□□□□□□□□□
□□＿□□□□□□□
□□□□□□□□□＿
□□□□□□□＿＿□
00:54:24(97943f):field(97942f)
＿＿＿＿＿＿＿＿＿＿
＿＿＿＿＿＿＿＿＿＿
＿＿＿＿＿＿＿＿＿＿
＿＿＿＿＿＿＿＿＿＿
＿＿＿＿＿＿＿＿＿＿
＿＿＿＿＿＿＿＿＿＿
□＿＿□□□＿＿＿＿
□□□□□＿＿＿＿＿
□□□＿□□＿＿＿＿
□□□□□□■＿＿＿
□□□□□□■＿＿＿
□□□□□■■＿□□
□□□□□□□＿□＿
□□□□□□＿＿□□
□□□□□□□＿□□
□□□□□□□□□＿
＿□□□□□□□□□
□□＿□□□□□□□
□□□□□□□□□＿
□□□□□□□＿＿□
00:54:25(97956f):field(97955f)
＿＿＿＿＿＿＿＿＿＿
＿＿＿＿＿＿＿＿＿＿
＿＿＿＿＿＿＿＿＿＿
＿＿＿＿＿＿＿＿＿＿
＿＿＿＿＿＿＿＿＿＿
＿＿＿＿＿＿＿＿＿＿
□＿＿□□□＿＿＿＿
□□□□□＿＿＿＿＿
□□□＿□□＿＿＿＿
□□□□□□□＿■■
□□□□□□□＿■■
□□□□□□□＿□□
□□□□□□□＿□＿
□□□□□□＿＿□□
□□□□□□□＿□□
□□□□□□□□□＿
＿□□□□□□□□□
□□＿□□□□□□□
□□□□□□□□□＿
□□□□□□□＿＿□
00:54:25(97971f):field(97970f)
＿＿＿＿＿＿＿＿＿＿
＿＿＿＿＿＿＿＿＿＿
＿＿＿＿＿＿＿＿＿＿
＿＿＿＿＿＿＿＿＿＿
＿＿＿＿＿＿＿＿＿＿
＿＿■■＿＿＿＿＿＿
□■■□□□＿＿＿＿
□□□□□＿＿＿＿＿
□□□＿□□＿＿＿＿
□□□□□□□＿□□
□□□□□□□＿□□
□□□□□□□＿□□
□□□□□□□＿□＿
□□□□□□＿＿□□
□□□□□□□＿□□
□□□□□□□□□＿
＿□□□□□□□□□
□□＿□□□□□□□
□□□□□□□□□＿
□□□□□□□＿＿□
00:54:26(97988f):field(97987f)
＿＿＿＿＿＿＿＿＿＿
＿＿＿＿＿＿＿＿＿＿
＿＿＿＿＿＿＿＿＿＿
＿＿＿＿＿＿＿＿＿＿
＿＿＿＿＿＿＿＿＿＿
＿＿□□＿＿＿＿＿＿
□□□□□□＿＿＿＿
□□□□□■■＿＿＿
□□□＿□□■■＿＿
□□□□□□□＿□□
□□□□□□□＿□□
□□□□□□□＿□□
□□□□□□□＿□＿
□□□□□□＿＿□□
□□□□□□□＿□□
□□□□□□□□□＿
＿□□□□□□□□□
□□＿□□□□□□□
□□□□□□□□□＿
□□□□□□□＿＿□
00:54:26(98000f):field(97999f)
＿＿＿＿＿＿＿＿＿＿
＿＿＿＿＿＿＿＿＿＿
＿＿＿＿＿＿＿＿＿＿
＿＿＿＿＿＿＿＿＿＿
＿＿＿＿＿＿＿＿＿＿
＿＿□□＿＿＿＿＿■
□□□□□□＿＿＿■
□□□□□□□＿＿■
□□□＿□□□□＿■
□□□□□□□＿□□
□□□□□□□＿□□
□□□□□□□＿□□
□□□□□□□＿□＿
□□□□□□＿＿□□
□□□□□□□＿□□
□□□□□□□□□＿
＿□□□□□□□□□
□□＿□□□□□□□
□□□□□□□□□＿
□□□□□□□＿＿□
00:54:27(98013f):field(98012f)
＿＿＿＿＿＿＿＿＿＿
＿＿＿＿＿＿＿＿＿＿
＿＿＿＿＿＿＿＿＿＿
＿＿＿＿＿＿＿＿＿＿
＿＿＿＿＿＿＿＿＿＿
＿＿□□■■■＿＿□
□□□□□□■＿＿□
□□□□□□□＿＿□
□□□＿□□□□＿□
□□□□□□□＿□□
□□□□□□□＿□□
□□□□□□□＿□□
□□□□□□□＿□＿
□□□□□□＿＿□□
□□□□□□□＿□□
□□□□□□□□□＿
＿□□□□□□□□□
□□＿□□□□□□□
□□□□□□□□□＿
□□□□□□□＿＿□
00:54:27(98027f):field(98026f)
＿＿＿＿＿＿＿＿＿＿
＿＿＿＿＿＿＿＿＿＿
＿＿＿＿＿＿＿＿＿＿
＿＿＿＿＿＿＿＿＿＿
■■＿＿＿＿＿＿＿＿
■■□□□□□＿＿□
□□□□□□□＿＿□
□□□□□□□＿＿□
□□□＿□□□□＿□
□□□□□□□＿□□
□□□□□□□＿□□
□□□□□□□＿□□
□□□□□□□＿□＿
□□□□□□＿＿□□
□□□□□□□＿□□
□□□□□□□□□＿
＿□□□□□□□□□
□□＿□□□□□□□
□□□□□□□□□＿
□□□□□□□＿＿□
00:54:28(98041f):field(98040f)
＿＿＿＿＿＿＿＿＿＿
＿＿＿＿＿＿＿＿＿＿
＿＿＿＿＿＿＿＿＿＿
＿＿＿＿＿＿＿＿＿＿
◆◆＿＿＿＿＿＿＿＿
□□◆◆◆◆◆＿＿◆
□□□□□□□＿■□
□□□□□□□■■□
□□□＿□□□□■□
□□□□□□□＿□□
□□□□□□□＿□□
□□□□□□□＿□□
□□□□□□□＿□＿
□□□□□□＿＿□□
□□□□□□□＿□□
□□□□□□□□□＿
＿□□□□□□□□□
□□＿□□□□□□□
□□□□□□□□□＿
□□□□□□□＿＿□
00:54:28(98055f):field(98054f)
＿＿＿＿＿＿＿＿＿＿
＿＿＿＿＿＿＿＿＿＿
＿＿＿＿＿＿＿＿＿＿
＿＿＿＿＿＿＿＿＿＿
＿＿＿＿＿＿＿＿＿＿
◆□＿＿＿＿＿＿＿■
□□□◆◆◆◆■□□
□□□□□□□◆□□
□□□■□□□□□□
□□□□□□□＿□□
□□□□□□□＿□□
□□□□□□□＿□□
□□□□□□□＿□＿
□□□□□□＿＿□□
□□□□□□□＿□□
□□□□□□□□□＿
＿□□□□□□□□□
□□＿□□□□□□□
□□□□□□□□□＿
□□□□□□□＿＿□
00:54:28(98068f):field(98067f)
＿＿＿＿＿＿＿＿＿＿
＿＿＿＿＿＿＿＿＿＿
＿＿＿＿＿＿＿＿＿＿
＿＿＿＿＿＿＿＿＿＿
＿＿＿＿＿＿＿＿＿＿
＿◆＿＿＿＿＿＿＿◆
□◆◆＿■＿■□◆◆
□□◆◆◆□□■□□
□□□□□□□□□□
□□□□□□□＿□□
□□□□□□□＿□□
□□□□□□□＿□□
□□□□□□□＿□＿
□□□□□□＿＿□□
□□□□□□□＿□□
□□□□□□□□□＿
＿□□□□□□□□□
□□＿□□□□□□□
□□□□□□□□□＿
□□□□□□□＿＿□
00:54:29(98082f):field(98081f)
＿＿＿＿＿＿＿＿＿＿
＿＿＿＿＿＿＿＿＿＿
＿＿＿＿＿＿＿＿＿＿
＿＿＿＿＿＿＿＿＿＿
＿＿＿＿＿＿＿＿＿＿
＿＿＿＿＿＿＿＿＿＿
◆＿＿＿□■□□＿＿
□□＿＿＿□□□□□
□□□◆□□□□□□
□□□□□□□＿□□
□□□□□□□＿□□
□□□□□□□＿□□
□□□□□□□＿□＿
□□□□□□＿＿□□
□□□□□□□＿□□
□□□□□□□□□＿
＿□□□□□□□□□
□□＿□□□□□□□
□□□□□□□□□＿
□□□□□□□＿＿□
00:54:29(98094f):field(98093f)
＿＿＿＿＿＿＿＿＿＿
＿＿＿＿＿＿＿＿＿＿
＿＿＿＿＿＿＿＿＿＿
＿＿＿＿＿＿＿＿＿■
＿＿＿＿＿＿＿＿＿■
＿＿＿＿＿＿＿＿＿■
＿＿＿＿□□□□＿■
□□＿＿＿□□□□□
□□□＿□□□□□□
□□□□□□□＿□□
□□□□□□□＿□□
□□□□□□□＿□□
□□□□□□□＿□＿
□□□□□□＿＿□□
□□□□□□□＿□□
□□□□□□□□□＿
＿□□□□□□□□□
□□＿□□□□□□□
□□□□□□□□□＿
□□□□□□□＿＿□
00:54:30(98109f):field(98108f)
＿＿＿＿＿＿＿＿＿＿
＿＿＿＿＿＿＿＿＿＿
＿＿＿＿＿＿＿＿＿＿
＿＿＿＿＿＿＿＿＿□
＿＿＿＿＿＿＿＿＿□
＿＿＿＿＿＿■■■□
＿＿＿＿□□□□■□
□□＿＿＿□□□□□
□□□＿□□□□□□
□□□□□□□＿□□
□□□□□□□＿□□
□□□□□□□＿□□
□□□□□□□＿□＿
□□□□□□＿＿□□
□□□□□□□＿□□
□□□□□□□□□＿
＿□□□□□□□□□
□□＿□□□□□□□
□□□□□□□□□＿
□□□□□□□＿＿□
00:54:30(98121f):field(98120f)
＿＿＿＿＿＿＿＿＿＿
＿＿＿＿＿＿＿＿＿＿
＿＿＿＿＿＿＿＿＿＿
＿＿＿＿＿＿＿＿＿□
＿＿＿＿＿■■＿＿□
＿＿＿＿■■□□□□
＿＿＿＿□□□□□□
□□＿＿＿□□□□□
□□□＿□□□□□□
□□□□□□□＿□□
□□□□□□□＿□□
□□□□□□□＿□□
□□□□□□□＿□＿
□□□□□□＿＿□□
□□□□□□□＿□□
□□□□□□□□□＿
＿□□□□□□□□□
□□＿□□□□□□□
□□□□□□□□□＿
□□□□□□□＿＿□
00:54:31(98135f):field(98134f)
＿＿＿＿＿＿＿＿＿＿
＿＿＿＿＿＿＿＿＿＿
＿＿＿＿＿＿＿＿＿＿
＿＿＿＿＿＿＿■■□
＿＿＿＿＿□□■■□
＿＿＿＿□□□□□□
＿＿＿＿□□□□□□
□□＿＿＿□□□□□
□□□＿□□□□□□
□□□□□□□＿□□
□□□□□□□＿□□
□□□□□□□＿□□
□□□□□□□＿□＿
□□□□□□＿＿□□
□□□□□□□＿□□
□□□□□□□□□＿
＿□□□□□□□□□
□□＿□□□□□□□
□□□□□□□□□＿
□□□□□□□＿＿□
00:54:31(98150f):field(98149f)
＿＿＿＿＿＿＿＿＿＿
＿＿＿＿＿＿＿＿＿＿
＿＿＿＿＿＿＿＿＿＿
＿＿＿＿＿＿＿□□□
＿＿＿＿＿□□□□□
＿＿＿＿□□□□□□
＿＿■■□□□□□□
□□＿■■□□□□□
□□□＿□□□□□□
□□□□□□□＿□□
□□□□□□□＿□□
□□□□□□□＿□□
□□□□□□□＿□＿
□□□□□□＿＿□□
□□□□□□□＿□□
□□□□□□□□□＿
＿□□□□□□□□□
□□＿□□□□□□□
□□□□□□□□□＿
□□□□□□□＿＿□
00:54:32(98163f):field(98162f)
＿＿＿＿＿＿＿＿＿＿
＿＿＿＿＿＿＿＿＿＿
＿＿＿＿＿＿＿＿＿＿
＿＿＿＿＿＿＿◆◆◆
＿＿＿＿＿◆◆□□□
■＿＿＿◆□□□□□
■＿◆◆□□□□□□
□□＿□□□□□□□
□□□＿□□□□□□
□□□□□□□＿□□
□□□□□□□＿□□
□□□□□□□＿□□
□□□□□□□＿□＿
□□□□□□＿＿□□
□□□□□□□＿□□
□□□□□□□□□＿
＿□□□□□□□□□
□□＿□□□□□□□
□□□□□□□□□＿
□□□□□□□＿＿□
00:54:32(98178f):field(98177f)
＿＿＿＿＿＿＿＿＿＿
＿＿＿＿＿＿＿＿＿＿
＿＿＿＿＿＿＿＿＿＿
＿＿＿＿＿＿＿＿＿＿
＿＿＿＿＿＿＿◆◆◆
◆＿＿＿＿□◆□□□
□■＿■◆□□□□□
□□＿□□□□□□□
□□□■□□□□□□
□□□□□□□＿□□
□□□□□□□＿□□
□□□□□□□＿□□
□□□□□□□＿□＿
□□□□□□＿＿□□
□□□□□□□＿□□
□□□□□□□□□＿
＿□□□□□□□□□
□□＿□□□□□□□
□□□□□□□□□＿
□□□□□□□＿＿□
00:54:32(98189f):field(98188f)
＿＿＿＿＿＿＿＿＿＿
＿＿＿＿＿＿＿＿＿＿
＿＿＿＿＿＿＿＿＿＿
＿＿＿＿＿＿＿＿＿＿
＿＿＿＿＿＿＿＿＿＿
＿＿■＿＿◆＿◆◆◆
□◆■◆＿◆◆□□□
□□■◆□□□□□□
□□□◆□□□□□□
□□□□□□□＿□□
□□□□□□□＿□□
□□□□□□□＿□□
□□□□□□□＿□＿
□□□□□□＿＿□□
□□□□□□□＿□□
□□□□□□□□□＿
＿□□□□□□□□□
□□＿□□□□□□□
□□□□□□□□□＿
□□□□□□□＿＿□
00:54:33(98203f):field(98202f)
＿＿＿＿＿＿＿＿＿＿
＿＿＿＿＿＿＿＿＿＿
＿＿＿＿＿＿＿＿＿＿
＿＿＿＿＿＿＿＿＿＿
＿＿＿＿＿＿＿＿＿＿
＿＿◆＿＿＿＿＿＿＿
◆＿□＿■＿＿◆◆◆
◆◆□■□□◆□□□
□□□＿□□□□□□
□□□□□□□＿□□
□□□□□□□＿□□
□□□□□□□＿□□
□□□□□□□＿□＿
□□□□□□＿＿□□
□□□□□□□＿□□
□□□□□□□□□＿
＿□□□□□□□□□
□□＿□□□□□□□
□□□□□□□□□＿
□□□□□□□＿＿□
00:54:33(98214f):field(98213f)
＿＿＿＿＿＿＿＿＿＿
＿＿＿＿＿＿＿＿＿＿
＿＿＿＿＿＿＿＿＿＿
＿＿＿＿＿＿＿＿＿＿
＿＿＿＿＿＿＿＿＿＿
＿＿＿＿■■＿＿＿＿
＿＿□＿□■＿＿＿＿
＿＿□◆□□＿□□□
□□□＿□□□□□□
□□□□□□□＿□□
□□□□□□□＿□□
□□□□□□□＿□□
□□□□□□□＿□＿
□□□□□□＿＿□□
□□□□□□□＿□□
□□□□□□□□□＿
＿□□□□□□□□□
□□＿□□□□□□□
□□□□□□□□□＿
□□□□□□□＿＿□
00:54:34(98229f):field(98228f)
＿＿＿＿＿＿＿＿＿＿
＿＿＿＿＿＿＿＿＿＿
＿＿＿＿＿＿＿＿＿＿
＿＿＿＿＿＿＿＿＿＿
＿＿＿＿＿＿＿＿＿＿
＿＿＿＿□□■＿＿＿
＿＿□＿□□■■＿＿
＿＿□＿□□■□□□
□□□＿□□□□□□
□□□□□□□＿□□
□□□□□□□＿□□
□□□□□□□＿□□
□□□□□□□＿□＿
□□□□□□＿＿□□
□□□□□□□＿□□
□□□□□□□□□＿
＿□□□□□□□□□
□□＿□□□□□□□
□□□□□□□□□＿
□□□□□□□＿＿□
00:54:35(98257f):field(98256f)
＿＿＿＿＿＿＿＿＿＿
＿＿＿＿＿＿＿＿＿＿
＿＿＿＿＿＿＿＿＿＿
＿＿＿＿＿＿＿＿＿＿
＿＿＿＿＿＿＿＿＿■
■＿＿＿□□□＿＿■
■＿□＿□□□□■■
■■□＿□□□□□□
□□□＿□□□□□□
□□□□□□□＿□□
□□□□□□□＿□□
□□□□□□□＿□□
□□□□□□□＿□＿
□□□□□□＿＿□□
□□□□□□□＿□□
□□□□□□□□□＿
＿□□□□□□□□□
□□＿□□□□□□□
□□□□□□□□□＿
□□□□□□□＿＿□
00:54:35(98271f):field(98270f)
＿＿＿＿＿＿＿＿＿＿
＿＿＿＿＿＿＿＿＿＿
＿＿＿＿＿＿＿＿＿＿
＿＿＿＿＿＿＿＿■＿
＿＿＿＿＿＿＿＿■□
□＿＿＿□□□■■□
□＿□＿□□□□□□
□□□＿□□□□□□
□□□＿□□□□□□
□□□□□□□＿□□
□□□□□□□＿□□
□□□□□□□＿□□
□□□□□□□＿□＿
□□□□□□＿＿□□
□□□□□□□＿□□
□□□□□□□□□＿
＿□□□□□□□□□
□□＿□□□□□□□
□□□□□□□□□＿
□□□□□□□＿＿□
00:54:36(98285f):field(98284f)
＿＿＿＿＿＿＿＿＿＿
＿＿＿＿＿＿＿＿＿＿
＿＿＿＿＿＿■＿＿＿
＿＿＿＿＿＿■■□＿
＿＿＿＿＿＿＿■□□
□＿＿＿□□□□□□
□＿□＿□□□□□□
□□□＿□□□□□□
□□□＿□□□□□□
□□□□□□□＿□□
□□□□□□□＿□□
□□□□□□□＿□□
□□□□□□□＿□＿
□□□□□□＿＿□□
□□□□□□□＿□□
□□□□□□□□□＿
＿□□□□□□□□□
□□＿□□□□□□□
□□□□□□□□□＿
□□□□□□□＿＿□
00:54:36(98297f):field(98296f)
＿＿＿＿＿＿＿＿＿＿
＿＿＿＿＿＿＿＿＿＿
＿＿＿＿＿＿□＿＿＿
＿＿＿＿■■□□□＿
＿＿＿＿■■＿□□□
□＿＿＿□□□□□□
□＿□＿□□□□□□
□□□＿□□□□□□
□□□＿□□□□□□
□□□□□□□＿□□
□□□□□□□＿□□
□□□□□□□＿□□
□□□□□□□＿□＿
□□□□□□＿＿□□
□□□□□□□＿□□
□□□□□□□□□＿
＿□□□□□□□□□
□□＿□□□□□□□
□□□□□□□□□＿
□□□□□□□＿＿□
00:54:37(98312f):field(98311f)
＿＿＿＿＿＿＿＿＿＿
＿＿＿＿＿＿＿＿＿＿
＿＿＿＿＿＿◆＿＿＿
＿＿＿＿◆◆□◆◆＿
＿＿＿＿□□■□□◆
◆＿＿＿□□◆□□□
□■□■□□□□□□
□◆□■□□□□□□
□□□＿□□□□□□
□□□□□□□＿□□
□□□□□□□＿□□
□□□□□□□＿□□
□□□□□□□＿□＿
□□□□□□＿＿□□
□□□□□□□＿□□
□□□□□□□□□＿
＿□□□□□□□□□
□□＿□□□□□□□
□□□□□□□□□＿
□□□□□□□＿＿□
00:54:37(98328f):field(98327f)
＿＿＿＿＿＿＿＿＿＿
＿＿＿＿＿＿＿＿＿＿
＿＿＿＿＿＿＿＿＿＿
＿＿＿＿＿＿◆＿＿＿
＿＿＿＿◆◆◆◆◆＿
＿＿＿＿◆□■◆◆◆
◆□□□□□□□□◆
□■□□□□◆□□□
□□□■□□□□□□
□□□□□□□＿□□
□□□□□□□＿□□
□□□□□□□＿□□
□□□□□□□＿□＿
□□□□□□＿＿□□
□□□□□□□＿□□
□□□□□□□□□＿
＿□□□□□□□□□
□□＿□□□□□□□
□□□□□□□□□＿
□□□□□□□＿＿□
00:54:38(98342f):field(98341f)
＿＿＿＿＿＿＿＿＿＿
＿＿＿＿＿＿＿＿＿＿
＿＿＿＿＿＿＿＿＿＿
＿＿＿＿＿＿＿＿＿＿
＿＿＿＿＿＿＿＿＿＿
＿＿＿■＿◆□＿＿＿
＿□◆□□□□□□＿
◆□□□□□＿□□□
□□□◆□□□□□□
□□□□□□□＿□□
□□□□□□□＿□□
□□□□□□□＿□□
□□□□□□□＿□＿
□□□□□□＿＿□□
□□□□□□□＿□□
□□□□□□□□□＿
＿□□□□□□□□□
□□＿□□□□□□□
□□□□□□□□□＿
□□□□□□□＿＿□
00:54:38(98355f):field(98354f)
＿＿＿＿＿＿＿＿＿＿
＿＿＿＿＿＿＿＿＿＿
＿＿＿＿＿＿＿＿＿＿
＿＿＿＿＿＿＿＿＿＿
＿＿＿■■＿＿＿＿＿
＿＿＿□■■□＿＿＿
＿□＿□□□□□□＿
＿□□□□□＿□□□
□□□＿□□□□□□
□□□□□□□＿□□
□□□□□□□＿□□
□□□□□□□＿□□
□□□□□□□＿□＿
□□□□□□＿＿□□
□□□□□□□＿□□
□□□□□□□□□＿
＿□□□□□□□□□
□□＿□□□□□□□
□□□□□□□□□＿
□□□□□□□＿＿□
00:54:39(98370f):field(98369f)
＿＿＿＿＿＿＿＿＿＿
＿＿＿＿＿＿＿＿＿＿
＿＿＿＿＿＿＿＿＿＿
＿＿＿＿＿＿＿＿＿＿
＿＿＿□□＿＿＿■＿
＿＿＿□□□□＿■■
＿□＿□□□□□□■
＿□□□□□＿□□□
□□□＿□□□□□□
□□□□□□□＿□□
□□□□□□□＿□□
□□□□□□□＿□□
□□□□□□□＿□＿
□□□□□□＿＿□□
□□□□□□□＿□□
□□□□□□□□□＿
＿□□□□□□□□□
□□＿□□□□□□□
□□□□□□□□□＿
□□□□□□□＿＿□
00:54:39(98382f):field(98381f)
＿＿＿＿＿＿＿＿＿＿
＿＿＿＿＿＿＿＿＿＿
＿＿＿＿＿＿＿＿＿＿
＿＿＿＿＿■■＿＿＿
＿＿＿□□■■＿□＿
＿＿＿□□□□＿□□
＿□＿□□□□□□□
＿□□□□□＿□□□
□□□＿□□□□□□
□□□□□□□＿□□
□□□□□□□＿□□
□□□□□□□＿□□
□□□□□□□＿□＿
□□□□□□＿＿□□
□□□□□□□＿□□
□□□□□□□□□＿
＿□□□□□□□□□
□□＿□□□□□□□
□□□□□□□□□＿
□□□□□□□＿＿□
00:54:40(98400f):field(98399f)
＿＿＿＿＿＿＿＿＿＿
＿＿＿＿＿＿＿＿＿＿
＿＿＿＿＿＿＿＿＿＿
＿＿＿＿＿□□＿＿＿
■＿＿□□□□＿□＿
■＿＿□□□□＿□□
■□＿□□□□□□□
■□□□□□＿□□□
□□□＿□□□□□□
□□□□□□□＿□□
□□□□□□□＿□□
□□□□□□□＿□□
□□□□□□□＿□＿
□□□□□□＿＿□□
□□□□□□□＿□□
□□□□□□□□□＿
＿□□□□□□□□□
□□＿□□□□□□□
□□□□□□□□□＿
□□□□□□□＿＿□
00:54:40(98413f):field(98412f)
＿＿＿＿＿＿＿＿＿＿
＿＿＿＿＿＿＿＿＿＿
＿＿＿＿＿＿＿＿＿＿
＿＿＿＿＿◆◆＿＿＿
◆＿＿◆◆□□＿◆＿
□■■□□□□＿□□
□□■□□□□□□□
□□□□□□＿□□□
□□□■□□□□□□
□□□□□□□＿□□
□□□□□□□＿□□
□□□□□□□＿□□
□□□□□□□＿□＿
□□□□□□＿＿□□
□□□□□□□＿□□
□□□□□□□□□＿
＿□□□□□□□□□
□□＿□□□□□□□
□□□□□□□□□＿
□□□□□□□＿＿□
00:54:40(98428f):field(98427f)
＿＿＿＿＿＿＿＿＿＿
＿＿＿＿＿＿＿＿＿＿
＿＿＿＿＿＿＿＿＿＿
＿＿＿＿＿＿＿＿＿＿
＿■■■＿□□＿＿＿
□□□□□□□＿□◆
□□□□□□□◆□□
□□□□□□＿□□□
□□□◆□□□□□□
□□□□□□□＿□□
□□□□□□□＿□□
□□□□□□□＿□□
□□□□□□□＿□＿
□□□□□□＿＿□□
□□□□□□□＿□□
□□□□□□□□□＿
＿□□□□□□□□□
□□＿□□□□□□□
□□□□□□□□□＿
□□□□□□□＿＿□
00:54:41(98442f):field(98441f)
＿＿＿＿＿＿＿＿＿＿
＿＿＿＿＿＿＿＿＿＿
＿＿＿＿＿＿＿＿＿＿
＿＿＿＿＿＿＿＿■＿
＿□□□＿□□＿■■
□□□□□□□＿□■
□□□□□□□＿□□
□□□□□□＿□□□
□□□＿□□□□□□
□□□□□□□＿□□
□□□□□□□＿□□
□□□□□□□＿□□
□□□□□□□＿□＿
□□□□□□＿＿□□
□□□□□□□＿□□
□□□□□□□□□＿
＿□□□□□□□□□
□□＿□□□□□□□
□□□□□□□□□＿
□□□□□□□＿＿□
00:54:41(98457f):field(98456f)
＿＿＿＿＿＿＿＿＿＿
＿＿＿＿＿＿＿＿＿＿
＿■＿＿＿＿＿＿＿＿
■■＿＿＿＿＿＿□＿
■□□□＿□□＿□□
□□□□□□□＿□□
□□□□□□□＿□□
□□□□□□＿□□□
□□□＿□□□□□□
□□□□□□□＿□□
□□□□□□□＿□□
□□□□□□□＿□□
□□□□□□□＿□＿
□□□□□□＿＿□□
□□□□□□□＿□□
□□□□□□□□□＿
＿□□□□□□□□□
□□＿□□□□□□□
□□□□□□□□□＿
□□□□□□□＿＿□
00:54:42(98470f):field(98469f)
＿＿＿＿＿＿＿＿＿＿
＿＿＿＿＿＿＿＿＿＿
＿□■■＿＿＿＿＿＿
□□■■＿＿＿＿□＿
□□□□＿□□＿□□
□□□□□□□＿□□
□□□□□□□＿□□
□□□□□□＿□□□
□□□＿□□□□□□
□□□□□□□＿□□
□□□□□□□＿□□
□□□□□□□＿□□
□□□□□□□＿□＿
□□□□□□＿＿□□
□□□□□□□＿□□
□□□□□□□□□＿
＿□□□□□□□□□
□□＿□□□□□□□
□□□□□□□□□＿
□□□□□□□＿＿□
00:54:42(98487f):field(98486f)
＿＿＿＿＿＿＿＿＿＿
＿＿＿＿＿＿＿＿＿＿
＿□□□＿＿＿＿＿＿
□□□□＿■■■□＿
□□□□＿□□■□□
□□□□□□□＿□□
□□□□□□□＿□□
□□□□□□＿□□□
□□□＿□□□□□□
□□□□□□□＿□□
□□□□□□□＿□□
□□□□□□□＿□□
□□□□□□□＿□＿
□□□□□□＿＿□□
□□□□□□□＿□□
□□□□□□□□□＿
＿□□□□□□□□□
□□＿□□□□□□□
□□□□□□□□□＿
□□□□□□□＿＿□
00:54:43(98501f):field(98500f)
＿＿＿＿＿＿＿＿＿＿
＿＿＿＿＿＿＿＿＿＿
＿◆◆◆■＿＿＿＿＿
◆□□□■□◆◆□■
□□□□■□□□□◆
□□□□□□□＿□□
□□□□□□□＿□□
□□□□□□＿□□□
□□□＿□□□□□□
□□□□□□□＿□□
□□□□□□□＿□□
□□□□□□□＿□□
□□□□□□□＿□＿
□□□□□□＿＿□□
□□□□□□□＿□□
□□□□□□□□□＿
＿□□□□□□□□□
□□＿□□□□□□□
□□□□□□□□□＿
□□□□□□□＿＿□
00:54:43(98513f):field(98512f)
＿＿＿＿＿＿＿＿＿＿
■＿＿＿＿＿＿＿＿＿
■■＿＿□＿＿＿＿＿
■□□□□◆＿＿◆◆
□□□□□□□□□＿
□□□□□□□＿□□
□□□□□□□＿□□
□□□□□□＿□□□
□□□＿□□□□□□
□□□□□□□＿□□
□□□□□□□＿□□
□□□□□□□＿□□
□□□□□□□＿□＿
□□□□□□＿＿□□
□□□□□□□＿□□
□□□□□□□□□＿
＿□□□□□□□□□
□□＿□□□□□□□
□□□□□□□□□＿
□□□□□□□＿＿□
00:54:44(98528f):field(98527f)
＿＿＿＿＿＿＿＿＿＿
◆＿＿＿＿＿＿＿＿＿
□◆＿＿◆＿＿＿＿＿
□□◆◆□■＿＿■＿
□□□□□◆□◆□■
□□□□□□□＿□□
□□□□□□□■□□
□□□□□□＿□□□
□□□＿□□□□□□
□□□□□□□＿□□
□□□□□□□＿□□
□□□□□□□＿□□
□□□□□□□＿□＿
□□□□□□＿＿□□
□□□□□□□＿□□
□□□□□□□□□＿
＿□□□□□□□□□
□□＿□□□□□□□
□□□□□□□□□＿
□□□□□□□＿＿□
00:54:44(98544f):field(98543f)
＿＿＿＿＿＿＿＿＿＿
＿＿＿＿＿＿＿＿＿＿
◆＿＿＿＿＿＿＿＿＿
◆◆＿＿◆◆＿＿◆＿
□◆◆◆◆＿□＿◆◆
□□□◆□□◆■□□
□□□□□◆□□□□
□□□□□□＿□□□
□□□＿□□□□□□
□□□□□□□＿□□
□□□□□□□＿□□
□□□□□□□＿□□
□□□□□□□＿□＿
□□□□□□＿＿□□
□□□□□□□＿□□
□□□□□□□□□＿
＿□□□□□□□□□
□□＿□□□□□□□
□□□□□□□□□＿
□□□□□□□＿＿□
00:54:45(98556f):field(98555f)
＿＿＿＿＿＿＿＿＿＿
＿＿＿＿＿＿＿＿＿＿
＿＿＿＿＿＿＿＿＿＿
＿＿＿＿＿＿＿＿＿＿
◆＿＿＿＿＿◆＿＿＿
□◆◆＿◆□■◆◆◆
□□◆◆□■□◆□◆
□□□□□□＿□□□
□□□＿□□□□□□
□□□□□□□＿□□
□□□□□□□＿□□
□□□□□□□＿□□
□□□□□□□＿□＿
□□□□□□＿＿□□
□□□□□□□＿□□
□□□□□□□□□＿
＿□□□□□□□□□
□□＿□□□□□□□
□□□□□□□□□＿
□□□□□□□＿＿□
00:54:45(98567f):field(98566f)
＿＿＿＿＿＿＿＿＿＿
＿＿＿＿＿＿＿＿＿＿
＿＿＿＿＿＿＿＿＿＿
＿＿＿＿＿＿＿＿＿＿
＿＿＿■＿＿＿＿＿＿
□＿＿■＿◆□＿＿＿
□□■■□□□＿□＿
□□□□□□＿□□□
□□□＿□□□□□□
□□□□□□□＿□□
□□□□□□□＿□□
□□□□□□□＿□□
□□□□□□□＿□＿
□□□□□□＿＿□□
□□□□□□□＿□□
□□□□□□□□□＿
＿□□□□□□□□□
□□＿□□□□□□□
□□□□□□□□□＿
□□□□□□□＿＿□
00:54:45(98577f):field(98576f)
＿＿＿＿＿＿＿＿＿＿
＿＿＿＿＿＿＿＿＿＿
＿＿＿＿■＿＿＿＿＿
＿＿＿＿■＿＿＿＿＿
＿＿＿□■＿＿＿＿＿
□＿＿□■＿□＿＿＿
□□□□□□□＿□＿
□□□□□□＿□□□
□□□＿□□□□□□
□□□□□□□＿□□
□□□□□□□＿□□
□□□□□□□＿□□
□□□□□□□＿□＿
□□□□□□＿＿□□
□□□□□□□＿□□
□□□□□□□□□＿
＿□□□□□□□□□
□□＿□□□□□□□
□□□□□□□□□＿
□□□□□□□＿＿□
00:54:46(98589f):field(98588f)
＿＿＿＿＿＿＿＿＿＿
＿＿＿＿＿＿＿＿＿＿
＿＿＿＿□＿＿＿＿＿
＿＿＿＿□■＿＿＿＿
＿＿＿□□■■＿＿＿
□＿＿□□■□＿＿＿
□□□□□□□＿□＿
□□□□□□＿□□□
□□□＿□□□□□□
□□□□□□□＿□□
□□□□□□□＿□□
□□□□□□□＿□□
□□□□□□□＿□＿
□□□□□□＿＿□□
□□□□□□□＿□□
□□□□□□□□□＿
＿□□□□□□□□□
□□＿□□□□□□□
□□□□□□□□□＿
□□□□□□□＿＿□
00:54:46(98600f):field(98599f)
＿＿＿＿＿＿＿＿＿＿
＿＿＿＿＿＿＿＿＿＿
＿＿＿＿□＿＿＿＿＿
＿＿＿＿□□＿＿＿＿
＿＿＿□□□□＿＿＿
□＿＿□□□□■■■
□□□□□□□■□＿
□□□□□□＿□□□
□□□＿□□□□□□
□□□□□□□＿□□
□□□□□□□＿□□
□□□□□□□＿□□
□□□□□□□＿□＿
□□□□□□＿＿□□
□□□□□□□＿□□
□□□□□□□□□＿
＿□□□□□□□□□
□□＿□□□□□□□
□□□□□□□□□＿
□□□□□□□＿＿□
00:54:47(98615f):field(98614f)
＿＿＿＿＿＿＿＿＿＿
＿＿＿＿＿＿＿＿＿＿
＿＿＿＿□＿＿＿＿＿
■＿＿＿□□＿＿＿＿
■■＿□□□□＿＿＿
□■＿□□□□□□□
□□□□□□□□□＿
□□□□□□＿□□□
□□□＿□□□□□□
□□□□□□□＿□□
□□□□□□□＿□□
□□□□□□□＿□□
□□□□□□□＿□＿
□□□□□□＿＿□□
□□□□□□□＿□□
□□□□□□□□□＿
＿□□□□□□□□□
□□＿□□□□□□□
□□□□□□□□□＿
□□□□□□□＿＿□
00:54:47(98630f):field(98629f)
＿＿＿＿＿＿＿＿＿＿
＿＿＿＿＿＿＿＿＿＿
＿＿＿＿□＿＿＿＿＿
□＿＿＿□□■■＿＿
□□＿□□□□■■＿
□□＿□□□□□□□
□□□□□□□□□＿
□□□□□□＿□□□
□□□＿□□□□□□
□□□□□□□＿□□
□□□□□□□＿□□
□□□□□□□＿□□
□□□□□□□＿□＿
□□□□□□＿＿□□
□□□□□□□＿□□
□□□□□□□□□＿
＿□□□□□□□□□
□□＿□□□□□□□
□□□□□□□□□＿
□□□□□□□＿＿□
00:54:48(98645f):field(98644f)
＿＿＿＿＿＿＿＿＿＿
＿＿＿＿＿＿＿＿＿＿
＿＿＿＿◆＿＿＿＿＿
◆＿■＿□◆◆◆＿＿
□◆■◆□□□□◆＿
□□■□□□□□□◆
□□□□□□□□□＿
□□□□□□＿□□□
□□□＿□□□□□□
□□□□□□□＿□□
□□□□□□□＿□□
□□□□□□□＿□□
□□□□□□□＿□＿
□□□□□□＿＿□□
□□□□□□□＿□□
□□□□□□□□□＿
＿□□□□□□□□□
□□＿□□□□□□□
□□□□□□□□□＿
□□□□□□□＿＿□
00:54:48(98662f):field(98661f)
＿＿＿＿＿＿＿＿＿＿
＿＿＿＿＿＿＿＿＿＿
＿＿＿＿＿■■＿＿＿
＿＿□＿□■■＿＿＿
□＿□＿□□□□＿＿
□□□□□□□□□＿
□□□□□□□□□＿
□□□□□□＿□□□
□□□＿□□□□□□
□□□□□□□＿□□
□□□□□□□＿□□
□□□□□□□＿□□
□□□□□□□＿□＿
□□□□□□＿＿□□
□□□□□□□＿□□
□□□□□□□□□＿
＿□□□□□□□□□
□□＿□□□□□□□
□□□□□□□□□＿
□□□□□□□＿＿□
00:54:49(98673f):field(98672f)
＿＿＿＿＿＿＿＿＿＿
＿＿＿＿＿＿＿＿＿＿
＿＿■■■□□＿＿＿
＿＿□■□□□＿＿＿
□＿□＿□□□□＿＿
□□□□□□□□□＿
□□□□□□□□□＿
□□□□□□＿□□□
□□□＿□□□□□□
□□□□□□□＿□□
□□□□□□□＿□□
□□□□□□□＿□□
□□□□□□□＿□＿
□□□□□□＿＿□□
□□□□□□□＿□□
□□□□□□□□□＿
＿□□□□□□□□□
□□＿□□□□□□□
□□□□□□□□□＿
□□□□□□□＿＿□
00:54:49(98689f):field(98688f)
＿＿＿＿＿＿＿＿＿＿
＿＿＿＿＿＿＿＿＿＿
＿＿□□□□□＿＿■
＿＿□□□□□＿＿■
□＿□＿□□□□■■
□□□□□□□□□＿
□□□□□□□□□＿
□□□□□□＿□□□
□□□＿□□□□□□
□□□□□□□＿□□
□□□□□□□＿□□
□□□□□□□＿□□
□□□□□□□＿□＿
□□□□□□＿＿□□
□□□□□□□＿□□
□□□□□□□□□＿
＿□□□□□□□□□
□□＿□□□□□□□
□□□□□□□□□＿
□□□□□□□＿＿□
00:54:50(98703f):field(98702f)
＿＿＿＿＿＿＿＿＿＿
＿＿＿＿＿＿＿＿＿＿
■＿□□□□□＿＿□
■■□□□□□＿＿□
□■□＿□□□□□□
□□□□□□□□□＿
□□□□□□□□□＿
□□□□□□＿□□□
□□□＿□□□□□□
□□□□□□□＿□□
□□□□□□□＿□□
□□□□□□□＿□□
□□□□□□□＿□＿
□□□□□□＿＿□□
□□□□□□□＿□□
□□□□□□□□□＿
＿□□□□□□□□□
□□＿□□□□□□□
□□□□□□□□□＿
□□□□□□□＿＿□
00:54:50(98715f):field(98714f)
＿＿■＿＿＿＿＿＿＿
＿■■＿＿＿＿＿＿＿
□■□□□□□＿＿□
□□□□□□□＿＿□
□□□＿□□□□□□
□□□□□□□□□＿
□□□□□□□□□＿
□□□□□□＿□□□
□□□＿□□□□□□
□□□□□□□＿□□
□□□□□□□＿□□
□□□□□□□＿□□
□□□□□□□＿□＿
□□□□□□＿＿□□
□□□□□□□＿□□
□□□□□□□□□＿
＿□□□□□□□□□
□□＿□□□□□□□
□□□□□□□□□＿
□□□□□□□＿＿□
00:54:50(98728f):field(98727f)
＿＿□＿＿＿＿＿■＿
＿□□＿＿＿＿＿■＿
□□□□□□□＿■□
□□□□□□□＿■□
□□□＿□□□□□□
□□□□□□□□□＿
□□□□□□□□□＿
□□□□□□＿□□□
□□□＿□□□□□□
□□□□□□□＿□□
□□□□□□□＿□□
□□□□□□□＿□□
□□□□□□□＿□＿
□□□□□□＿＿□□
□□□□□□□＿□□
□□□□□□□□□＿
＿□□□□□□□□□
□□＿□□□□□□□
□□□□□□□□□＿
□□□□□□□＿＿□
00:54:51(98740f):field(98739f)
＿＿□＿＿■■＿□＿
＿□□＿＿■■＿□＿
□□□□□□□＿□□
□□□□□□□＿□□
□□□＿□□□□□□
□□□□□□□□□＿
□□□□□□□□□＿
□□□□□□＿□□□
□□□＿□□□□□□
□□□□□□□＿□□
□□□□□□□＿□□
□□□□□□□＿□□
□□□□□□□＿□＿
□□□□□□＿＿□□
□□□□□□□＿□□
□□□□□□□□□＿
＿□□□□□□□□□
□□＿□□□□□□□
□□□□□□□□□＿
□□□□□□□＿＿□
00:54:54(98829f):game end
