00:50:20(90629f):game start
00:50:22(90673f):field(90672f)
＿＿＿＿＿＿＿＿＿＿
＿＿＿＿＿＿＿＿＿＿
＿＿＿＿＿＿＿＿＿＿
＿＿＿＿＿＿＿＿＿＿
＿＿＿＿＿＿＿＿＿＿
＿＿＿＿＿＿＿＿＿＿
＿＿＿＿＿＿＿＿＿＿
＿＿＿＿＿＿＿＿＿＿
＿＿＿＿＿＿＿＿＿＿
＿＿＿＿＿＿＿＿＿＿
＿＿＿＿＿＿＿＿＿＿
＿＿＿＿＿＿＿＿＿＿
＿＿＿＿＿＿＿＿＿＿
＿＿■■■■■■＿＿
＿＿＿＿＿＿＿＿＿＿
＿＿＿＿＿＿＿＿＿＿
＿＿＿＿＿＿＿＿＿＿
＿＿＿＿＿＿＿＿＿＿
＿＿＿＿＿＿＿＿＿＿
＿＿＿＿＿＿＿＿＿＿
00:50:23(90697f):field(90696f)
＿＿＿＿＿＿＿＿＿＿
＿＿＿＿＿＿＿＿＿＿
＿＿＿＿＿＿＿＿＿＿
＿＿＿＿＿＿＿＿＿＿
＿＿＿＿＿＿＿＿＿＿
＿＿＿＿＿＿＿＿＿＿
＿＿＿＿＿＿＿＿＿＿
＿＿＿＿＿＿＿＿＿＿
＿＿＿＿＿＿＿＿＿＿
＿＿＿＿＿＿＿＿＿＿
＿＿＿＿＿＿＿＿＿＿
＿＿＿＿＿＿＿＿＿＿
＿＿＿＿＿＿＿＿＿＿
＿＿◆◆◆◆◆◆＿＿
＿＿＿＿＿＿＿＿＿＿
＿＿＿＿＿＿＿＿＿＿
＿＿＿＿＿＿＿＿＿＿
＿＿＿＿＿＿＿＿＿＿
■＿＿＿＿＿＿＿＿＿
■■■■■■■＿＿＿
00:50:23(90707f):field(90706f)
＿＿＿＿＿＿＿＿＿＿
＿＿＿＿＿＿＿＿＿＿
＿＿＿＿＿＿＿＿＿＿
＿＿＿＿＿＿＿＿＿＿
＿＿＿＿＿＿＿＿＿＿
＿＿＿＿＿＿＿＿＿＿
＿＿＿＿＿＿＿＿＿＿
＿＿＿＿＿＿＿＿＿＿
＿＿＿＿＿＿＿＿＿＿
＿＿＿＿＿＿＿＿＿＿
＿＿＿＿＿＿＿＿＿＿
＿＿＿＿＿＿＿＿＿＿
＿＿＿＿＿＿＿＿＿＿
＿＿＿＿＿＿＿＿＿＿
＿＿＿＿＿＿＿＿＿＿
＿＿＿＿＿＿＿＿＿＿
＿＿＿＿＿＿＿＿＿＿
＿＿＿＿＿■＿＿＿＿
□＿＿■■■＿＿＿＿
□□□□□□□＿＿＿
00:50:24(90721f):field(90720f)
＿＿＿＿＿＿＿＿＿＿
＿＿＿＿＿＿＿＿＿＿
＿＿＿＿＿＿＿＿＿＿
＿＿＿＿＿＿＿＿＿＿
＿＿＿＿＿＿＿＿＿＿
＿＿＿＿＿＿＿＿＿＿
＿＿＿＿＿＿＿＿＿＿
＿＿＿＿＿＿＿＿＿＿
＿＿＿＿＿＿＿＿＿＿
＿＿＿＿＿＿＿＿＿＿
＿＿＿＿＿＿＿＿＿＿
＿＿＿＿＿＿＿＿＿＿
＿＿＿＿＿＿＿＿＿＿
＿＿＿＿＿＿＿＿＿＿
＿＿＿＿＿＿＿＿＿＿
＿＿＿＿＿＿＿＿＿＿
＿＿＿＿＿＿＿＿＿＿
＿■■＿＿□＿＿＿＿
□■■□□□＿＿＿＿
□□□□□□□＿＿＿
00:50:24(90733f):field(90732f)
＿＿＿＿＿＿＿＿＿＿
＿＿＿＿＿＿＿＿＿＿
＿＿＿＿＿＿＿＿＿＿
＿＿＿＿＿＿＿＿＿＿
＿＿＿＿＿＿＿＿＿＿
＿＿＿＿＿＿＿＿＿＿
＿＿＿＿＿＿＿＿＿＿
＿＿＿＿＿＿＿＿＿＿
＿＿＿＿＿＿＿＿＿＿
＿＿＿＿＿＿＿＿＿＿
＿＿＿＿＿＿＿＿＿＿
＿＿＿＿＿＿＿＿＿＿
＿＿＿＿＿＿＿＿＿＿
＿＿＿＿＿＿＿＿＿＿
＿＿＿＿＿＿＿＿＿＿
＿＿＿＿＿＿＿＿＿＿
＿＿■■＿＿＿＿＿＿
＿□□■■□＿＿＿＿
□□□□□□＿＿＿＿
□□□□□□□＿＿＿
00:50:24(90744f):field(90743f)
＿＿＿＿＿＿＿＿＿＿
＿＿＿＿＿＿＿＿＿＿
＿＿＿＿＿＿＿＿＿＿
＿＿＿＿＿＿＿＿＿＿
＿＿＿＿＿＿＿＿＿＿
＿＿＿＿＿＿＿＿＿＿
＿＿＿＿＿＿＿＿＿＿
＿＿＿＿＿＿＿＿＿＿
＿＿＿＿＿＿＿＿＿＿
＿＿＿＿＿＿＿＿＿＿
＿＿＿＿＿＿＿＿＿＿
＿＿＿＿＿＿＿＿＿＿
＿＿＿＿＿＿＿＿＿＿
＿＿＿＿＿＿＿＿＿＿
＿＿＿■＿＿＿＿＿＿
＿＿＿■■＿＿＿＿＿
＿＿□□■＿＿＿＿＿
＿□□□□□＿＿＿＿
□□□□□□＿＿＿＿
□□□□□□□＿＿＿
00:50:25(90759f):field(90758f)
＿＿＿＿＿＿＿＿＿＿
＿＿＿＿＿＿＿＿＿＿
＿＿＿＿＿＿＿＿＿＿
＿＿＿＿＿＿＿＿＿＿
＿＿＿＿＿＿＿＿＿＿
＿＿＿＿＿＿＿＿＿＿
＿＿＿＿＿＿＿＿＿＿
＿＿＿＿＿＿＿＿＿＿
＿＿＿＿＿＿＿＿＿＿
＿＿＿＿＿＿＿＿＿＿
＿＿＿＿＿＿＿＿＿＿
＿＿＿＿＿＿＿＿＿＿
＿＿＿＿＿＿＿＿＿＿
＿＿＿＿＿＿＿＿＿＿
＿＿＿□＿＿＿＿＿＿
＿＿＿□□＿＿＿＿＿
＿＿□□□＿＿＿＿＿
＿□□□□□＿＿■＿
□□□□□□＿＿■＿
□□□□□□□■■＿
00:50:25(90770f):field(90769f)
＿＿＿＿＿＿＿＿＿＿
＿＿＿＿＿＿＿＿＿＿
＿＿＿＿＿＿＿＿＿＿
＿＿＿＿＿＿＿＿＿＿
＿＿＿＿＿＿＿＿＿＿
＿＿＿＿＿＿＿＿＿＿
＿＿＿＿＿＿＿＿＿＿
＿＿＿＿＿＿＿＿＿＿
＿＿＿＿＿＿＿＿＿＿
＿＿＿＿＿＿＿＿＿＿
＿＿＿＿＿＿＿＿＿＿
＿＿＿＿＿＿＿＿＿＿
＿＿＿＿■＿＿＿＿＿
＿＿＿■■＿＿＿＿＿
＿＿＿□■＿＿＿＿＿
＿＿＿□□＿＿＿＿＿
＿＿□□□＿＿＿＿＿
＿□□□□□＿＿□＿
□□□□□□＿＿□＿
□□□□□□□□□＿
00:50:26(90785f):field(90784f)
＿＿＿＿＿＿＿＿＿＿
＿＿＿＿＿＿＿＿＿＿
＿＿＿＿＿＿＿＿＿＿
＿＿＿＿＿＿＿＿＿＿
＿＿＿＿＿＿＿＿＿＿
＿＿＿＿＿＿＿＿＿＿
＿＿＿＿＿＿＿＿＿＿
＿＿＿＿＿＿＿＿＿＿
＿＿＿＿＿＿＿＿＿＿
＿＿＿＿＿＿＿＿＿＿
＿＿＿＿＿＿＿＿＿＿
＿＿＿＿＿＿＿＿＿＿
＿＿＿＿□＿＿＿＿＿
＿＿＿□□＿＿＿＿＿
＿＿＿□□＿＿＿＿＿
＿＿＿□□＿＿＿＿＿
＿＿□□□＿■＿＿＿
＿□□□□□■＿□＿
□□□□□□■■□＿
□□□□□□□□□＿
00:50:26(90797f):field(90796f)
＿＿＿＿＿＿＿＿＿＿
＿＿＿＿＿＿＿＿＿＿
＿＿＿＿＿＿＿＿＿＿
＿＿＿＿＿＿＿＿＿＿
＿＿＿＿＿＿＿＿＿＿
＿＿＿＿＿＿＿＿＿＿
＿＿＿＿＿＿＿＿＿＿
＿＿＿＿＿＿＿＿＿＿
＿＿＿＿＿＿＿＿＿＿
＿＿＿＿＿＿＿＿＿＿
＿＿＿＿＿＿＿＿＿＿
＿＿＿＿＿＿＿＿＿＿
＿＿＿＿□＿＿＿＿＿
＿＿＿□□■＿＿＿＿
＿＿＿□□■＿＿＿＿
＿＿＿□□■＿＿＿＿
＿＿□□□■□＿＿＿
＿□□□□□□＿□＿
□□□□□□□□□＿
□□□□□□□□□＿
00:50:27(90811f):field(90810f)
＿＿＿＿＿＿＿＿＿＿
＿＿＿＿＿＿＿＿＿＿
＿＿＿＿＿＿＿＿＿＿
＿＿＿＿＿＿＿＿＿＿
＿＿＿＿＿＿＿＿＿＿
＿＿＿＿＿＿＿＿＿＿
＿＿＿＿＿＿＿＿＿＿
＿＿＿＿＿＿＿＿＿＿
＿＿＿＿＿＿＿＿＿＿
＿＿＿＿＿＿＿＿＿＿
＿＿＿＿＿＿＿＿＿＿
＿＿＿＿＿＿＿＿＿＿
＿＿＿＿□＿＿＿＿＿
＿＿＿□□□＿＿＿＿
＿＿＿□□□＿＿＿＿
＿＿＿□□□＿＿■■
＿＿□□□□□＿■■
＿□□□□□□＿□＿
□□□□□□□□□＿
□□□□□□□□□＿
00:50:27(90823f):field(90822f)
＿＿＿＿＿＿＿＿＿＿
＿＿＿＿＿＿＿＿＿＿
＿＿＿＿＿＿＿＿＿＿
＿＿＿＿＿＿＿＿＿＿
＿＿＿＿＿＿＿＿＿＿
＿＿＿＿＿＿＿＿＿＿
＿＿＿＿＿＿＿＿＿＿
＿＿＿＿＿＿＿＿＿＿
＿＿＿＿＿＿＿＿＿＿
＿＿＿＿＿＿＿＿＿＿
＿＿＿＿＿＿＿＿＿＿
＿＿＿＿＿＿＿＿＿＿
＿＿＿＿□＿＿＿＿＿
＿＿＿□□□＿＿＿＿
＿＿＿□□□＿＿＿＿
＿■＿□□□＿＿□□
■■□□□□□＿□□
■□□□□□□＿□＿
□□□□□□□□□＿
□□□□□□□□□＿
00:50:28(90844f):field(90843f)
＿＿＿＿＿＿＿＿＿＿
＿＿＿＿＿＿＿＿＿＿
＿＿＿＿＿＿＿＿＿＿
＿＿＿＿＿＿＿＿＿＿
＿＿＿＿＿＿＿＿＿＿
＿＿＿＿＿＿＿＿＿＿
＿＿＿＿＿＿＿＿＿＿
＿＿＿＿＿＿＿＿＿＿
＿＿＿＿＿＿＿＿＿＿
＿＿＿＿＿＿＿＿＿＿
＿＿＿＿＿＿＿＿＿＿
＿＿＿＿＿＿＿＿＿＿
＿＿＿＿□＿＿＿＿＿
＿＿＿□□□＿＿＿＿
■■■□□□＿＿＿＿
＿□■□□□＿＿□□
□□□□□□□＿□□
□□□□□□□＿□＿
□□□□□□□□□＿
□□□□□□□□□＿
00:50:28(90859f):field(90858f)
＿＿＿＿＿＿＿＿＿＿
＿＿＿＿＿＿＿＿＿＿
＿＿＿＿＿＿＿＿＿＿
＿＿＿＿＿＿＿＿＿＿
＿＿＿＿＿＿＿＿＿＿
＿＿＿＿＿＿＿＿＿＿
＿＿＿＿＿＿＿＿＿＿
＿＿＿＿＿＿＿＿＿＿
＿＿＿＿＿＿＿＿＿＿
＿＿＿＿＿＿＿＿＿＿
＿＿＿＿＿＿＿＿＿＿
＿＿＿＿＿＿＿＿＿＿
＿＿＿＿◆＿＿＿＿＿
＿＿＿◆□◆＿＿＿＿
◆◆◆□□□＿＿■＿
■□□□□□■＿◆◆
◆□□□□□□■□□
□□□□□□□■□＿
□□□□□□□□□＿
□□□□□□□□□＿
00:50:29(90872f):field(90871f)
＿＿＿＿＿＿＿＿＿＿
＿＿＿＿＿＿＿＿＿＿
＿＿＿＿＿＿＿＿＿＿
＿＿＿＿＿＿＿＿＿＿
＿＿＿＿＿＿＿＿＿＿
＿＿＿＿＿＿＿＿＿＿
＿＿＿＿＿＿＿＿＿＿
＿＿＿＿＿＿＿＿＿＿
＿＿＿＿＿＿＿＿＿＿
＿＿＿＿＿＿＿＿＿＿
＿＿＿＿＿＿＿＿＿＿
＿＿＿＿＿＿＿＿＿＿
＿＿＿＿＿＿＿＿＿＿
＿＿■■□＿＿＿＿＿
＿■■□□□＿＿◆＿
□□□□□□◆＿＿＿
＿□□□□□□□□□
□□□□□□□□□＿
□□□□□□□□□＿
□□□□□□□□□＿
00:50:29(90891f):field(90890f)
＿＿＿＿＿＿＿＿＿＿
＿＿＿＿＿＿＿＿＿＿
＿＿＿＿＿＿＿＿＿＿
＿＿＿＿＿＿＿＿＿＿
＿＿＿＿＿＿＿＿＿＿
＿＿＿＿＿＿＿＿＿＿
＿＿＿＿＿＿＿＿＿＿
＿＿＿＿＿＿＿＿＿＿
＿＿＿＿＿＿＿＿＿＿
＿＿＿＿＿＿＿＿＿＿
＿＿＿＿＿＿＿＿＿＿
＿＿＿＿＿＿＿＿＿＿
＿＿＿＿＿＿＿＿＿＿
＿＿□□□＿＿＿＿＿
＿□□□□□■■＿＿
□□□□□□■■＿＿
＿□□□□□□□□□
□□□□□□□□□＿
□□□□□□□□□＿
□□□□□□□□□＿
00:50:30(90903f):field(90902f)
＿＿＿＿＿＿＿＿＿＿
＿＿＿＿＿＿＿＿＿＿
＿＿＿＿＿＿＿＿＿＿
＿＿＿＿＿＿＿＿＿＿
＿＿＿＿＿＿＿＿＿＿
＿＿＿＿＿＿＿＿＿＿
＿＿＿＿＿＿＿＿＿＿
＿＿＿＿＿＿＿＿＿＿
＿＿＿＿＿＿＿＿＿＿
＿＿＿＿＿＿＿＿＿＿
＿＿＿＿＿＿＿＿＿＿
＿＿＿＿＿＿＿＿＿＿
＿＿＿＿＿＿■＿＿＿
＿＿□□□■■■＿＿
＿□□□□□□□＿＿
□□□□□□□□＿＿
＿□□□□□□□□□
□□□□□□□□□＿
□□□□□□□□□＿
□□□□□□□□□＿
00:50:30(90916f):field(90915f)
＿＿＿＿＿＿＿＿＿＿
＿＿＿＿＿＿＿＿＿＿
＿＿＿＿＿＿＿＿＿＿
＿＿＿＿＿＿＿＿＿＿
＿＿＿＿＿＿＿＿＿＿
＿＿＿＿＿＿＿＿＿＿
＿＿＿＿＿＿＿＿＿＿
＿＿＿＿＿＿＿＿＿＿
＿＿＿＿＿＿＿＿＿＿
＿＿＿＿＿＿＿＿＿＿
＿＿＿＿＿＿＿＿＿＿
＿＿＿■＿＿＿＿＿＿
＿＿＿■■■□＿＿＿
＿＿□□□□□□＿＿
＿□□□□□□□＿＿
□□□□□□□□＿＿
＿□□□□□□□□□
□□□□□□□□□＿
□□□□□□□□□＿
□□□□□□□□□＿
00:50:31(90932f):field(90931f)
＿＿＿＿＿＿＿＿＿＿
＿＿＿＿＿＿＿＿＿＿
＿＿＿＿＿＿＿＿＿＿
＿＿＿＿＿＿＿＿＿＿
＿＿＿＿＿＿＿＿＿＿
＿＿＿＿＿＿＿＿＿＿
＿＿＿＿＿＿＿＿＿＿
＿＿＿＿＿＿＿＿＿＿
＿＿＿＿＿＿＿＿＿＿
＿＿＿＿＿＿＿＿＿＿
＿＿＿＿＿＿＿＿＿＿
＿＿＿◆＿＿＿＿＿＿
＿＿＿□◆◆◆＿＿＿
＿＿◆□□□□□＿＿
＿◆□□□□□□■＿
◆□□□□□□□■＿
＿□□□□□□□□□
□□□□□□□□□＿
□□□□□□□□□＿
□□□□□□□□□＿
00:50:31(90943f):field(90942f)
＿＿＿＿＿＿＿＿＿＿
＿＿＿＿＿＿＿＿＿＿
＿＿＿＿＿＿＿＿＿＿
＿＿＿＿＿＿＿＿＿＿
＿＿＿＿＿＿＿＿＿＿
＿＿＿＿＿＿＿＿＿＿
＿＿＿＿＿＿＿＿＿＿
＿＿＿＿＿＿＿＿＿＿
＿＿＿＿＿＿＿＿＿＿
＿＿＿＿＿＿＿＿＿＿
＿＿＿＿＿＿＿＿＿＿
＿＿＿■■＿＿＿＿＿
＿＿＿□■■＿＿＿＿
＿＿＿□□□□◆＿＿
＿＿□□□□□□□＿
＿□□□□□□□□＿
＿□□□□□□□□□
□□□□□□□□□＿
□□□□□□□□□＿
□□□□□□□□□＿
00:50:31(90958f):field(90957f)
＿＿＿＿＿＿＿＿＿＿
＿＿＿＿＿＿＿＿＿＿
＿＿＿＿＿＿＿＿＿＿
＿＿＿＿＿＿＿＿＿＿
＿＿＿＿＿＿＿＿＿＿
＿＿＿＿＿＿＿＿＿＿
＿＿＿＿＿＿＿＿＿＿
＿＿＿＿＿＿＿＿＿＿
＿＿＿＿＿＿＿＿＿＿
＿＿＿＿＿＿＿＿＿＿
＿＿＿＿＿＿＿＿＿＿
＿＿＿□□＿＿＿＿＿
＿＿＿□□□＿■■＿
＿＿＿□□□□■■＿
＿＿□□□□□□□＿
＿□□□□□□□□＿
＿□□□□□□□□□
□□□□□□□□□＿
□□□□□□□□□＿
□□□□□□□□□＿
00:50:32(90975f):field(90974f)
＿＿＿＿＿＿＿＿＿＿
＿＿＿＿＿＿＿＿＿＿
＿＿＿＿＿＿＿＿＿＿
＿＿＿＿＿＿＿＿＿＿
＿＿＿＿＿＿＿＿＿＿
＿＿＿＿＿＿＿＿＿＿
＿＿＿＿＿＿＿＿＿＿
＿＿＿＿＿＿＿＿＿＿
＿＿＿＿＿＿＿＿＿＿
＿＿＿＿＿＿＿＿＿＿
＿＿＿＿＿＿＿＿＿＿
＿＿＿◆◆＿＿＿＿＿
＿＿＿□□◆＿◆◆＿
＿＿＿□□□◆□□＿
■＿◆□□□□□□＿
■◆□□□□□□□＿
■□□□□□□□□◆
□□□□□□□□□＿
□□□□□□□□□＿
□□□□□□□□□＿
00:50:32(90988f):field(90987f)
＿＿＿＿＿＿＿＿＿＿
＿＿＿＿＿＿＿＿＿＿
＿＿＿＿＿＿＿＿＿＿
＿＿＿＿＿＿＿＿＿＿
＿＿＿＿＿＿＿＿＿＿
＿＿＿＿＿＿＿＿＿＿
＿＿＿＿＿＿＿＿＿＿
＿＿＿＿＿＿＿＿＿＿
＿＿＿＿＿＿＿＿＿＿
＿＿＿＿＿＿＿＿＿＿
＿＿＿＿＿＿＿＿＿＿
＿＿＿＿＿■＿＿＿＿
＿＿＿□□■■＿＿＿
＿＿＿□□□■□□＿
□＿＿□□□□□□＿
□＿□□□□□□□＿
□□□□□□□□□＿
□□□□□□□□□＿
□□□□□□□□□＿
□□□□□□□□□＿
00:50:33(91002f):field(91001f)
＿＿＿＿＿＿＿＿＿＿
＿＿＿＿＿＿＿＿＿＿
＿＿＿＿＿＿＿＿＿＿
＿＿＿＿＿＿＿＿＿＿
＿＿＿＿＿＿＿＿＿＿
＿＿＿＿＿＿＿＿＿＿
＿＿＿＿＿＿＿＿＿＿
＿＿＿＿＿＿＿＿＿＿
＿＿＿＿＿＿＿＿＿＿
＿＿＿■＿＿＿＿＿＿
＿＿＿■＿＿＿＿＿＿
＿＿＿■■□＿＿＿＿
＿＿＿□□□□＿＿＿
＿＿＿□□□□□□＿
□＿＿□□□□□□＿
□＿□□□□□□□＿
□□□□□□□□□＿
□□□□□□□□□＿
□□□□□□□□□＿
□□□□□□□□□＿
00:50:33(91016f):field(91015f)
＿＿＿＿＿＿＿＿＿＿
＿＿＿＿＿＿＿＿＿＿
＿＿＿＿＿＿＿＿＿＿
＿＿＿＿＿＿＿＿＿＿
＿＿＿＿＿＿＿＿＿＿
＿＿＿＿＿＿＿＿＿＿
＿＿＿＿＿＿＿＿＿＿
＿＿＿＿＿＿＿＿＿＿
＿＿＿＿■＿＿＿＿＿
＿＿＿□■■＿＿＿＿
＿＿＿□■＿＿＿＿＿
＿＿＿□□□＿＿＿＿
＿＿＿□□□□＿＿＿
＿＿＿□□□□□□＿
□＿＿□□□□□□＿
□＿□□□□□□□＿
□□□□□□□□□＿
□□□□□□□□□＿
□□□□□□□□□＿
□□□□□□□□□＿
00:50:34(91030f):field(91029f)
＿＿＿＿＿＿＿＿＿＿
＿＿＿＿＿＿＿＿＿＿
＿＿＿＿＿＿＿＿＿＿
＿＿＿＿＿＿＿＿＿＿
＿＿＿＿＿＿＿＿＿＿
＿＿＿＿＿＿＿＿＿＿
＿＿＿＿＿＿＿＿＿＿
＿＿＿＿＿＿＿＿＿＿
＿＿＿＿□＿＿＿＿＿
＿＿＿□□□＿＿＿＿
＿＿＿□□＿＿＿＿＿
＿＿＿□□□＿＿＿＿
＿＿＿□□□□＿＿＿
＿■■□□□□□□＿
□■■□□□□□□＿
□＿□□□□□□□＿
□□□□□□□□□＿
□□□□□□□□□＿
□□□□□□□□□＿
□□□□□□□□□＿
00:50:34(91047f):field(91046f)
＿＿＿＿＿＿＿＿＿＿
＿＿＿＿＿＿＿＿＿＿
＿＿＿＿＿＿＿＿＿＿
＿＿＿＿＿＿＿＿＿＿
＿＿＿＿＿＿＿＿＿＿
＿＿＿＿＿＿＿＿＿＿
＿＿＿＿＿＿＿＿＿＿
＿＿＿＿＿＿＿＿＿＿
＿＿＿＿◆＿＿＿＿＿
＿＿＿◆◆◆＿＿＿＿
＿＿＿◆◆＿＿＿＿＿
＿＿＿◆◆◆＿＿＿＿
＿＿＿◆□◆◆＿＿＿
＿◆◆□□□◆◆◆＿
◆◆◆□□◆◆◆◆＿
◆■◆□□□◆◆◆＿
◆◆◆□□□□◆◆＿
◆□□□□□□□□＿
□□□□□□□□□＿
□◆□□□□□□□＿
00:50:35(91066f):field(91065f)
＿＿＿＿＿＿＿＿＿＿
＿＿＿＿＿＿＿＿＿＿
＿＿＿＿＿＿＿＿＿＿
＿＿＿＿＿＿＿＿＿＿
＿＿＿＿＿＿＿＿＿＿
＿＿＿＿＿＿＿＿＿＿
＿＿＿＿＿＿＿＿＿＿
＿＿＿＿＿＿＿＿＿＿
＿＿＿＿＿＿＿＿＿＿
＿＿＿＿＿＿＿＿＿＿
＿＿＿＿■＿＿＿＿＿
＿＿＿＿■■＿＿＿＿
＿＿＿＿□■＿＿＿＿
＿＿＿□□□＿＿＿＿
＿＿＿□□＿＿＿＿＿
＿◆＿□□□＿＿＿＿
＿＿＿□□□□＿＿＿
＿□□□□□□□□＿
□□□□□□□□□＿
□＿□□□□□□□＿
00:50:35(91079f):field(91078f)
＿＿＿＿＿＿＿＿＿＿
＿＿＿＿＿＿＿＿＿＿
＿＿＿＿＿＿＿＿＿＿
＿＿＿＿＿＿＿＿＿＿
＿＿＿＿＿＿＿＿＿＿
＿＿＿＿＿＿＿＿＿＿
＿＿＿＿＿＿＿＿＿＿
＿＿＿＿＿＿＿＿＿＿
＿＿＿＿＿＿＿＿＿＿
＿＿＿＿＿＿＿＿＿＿
＿＿＿＿□＿＿＿＿＿
＿＿＿＿□□＿＿＿＿
＿＿＿＿□□＿＿＿＿
＿＿＿□□□＿＿＿＿
＿＿＿□□＿＿＿＿＿
＿＿＿□□□＿＿＿＿
■■■□□□□＿＿＿
■□□□□□□□□＿
□□□□□□□□□＿
□＿□□□□□□□＿
00:50:36(91095f):field(91094f)
＿＿＿＿＿＿＿＿＿＿
＿＿＿＿＿＿＿＿＿＿
＿＿＿＿＿＿＿＿＿＿
＿＿＿＿＿＿＿＿＿＿
＿＿＿＿＿＿＿＿＿＿
＿＿＿＿＿＿＿＿＿＿
＿＿＿＿＿＿＿＿＿＿
＿＿＿＿＿＿＿＿＿＿
＿＿＿＿＿＿＿＿＿＿
＿＿＿＿＿＿＿＿＿＿
＿＿＿＿□＿＿＿＿＿
＿＿＿＿□□＿＿＿＿
＿＿＿＿□□＿＿＿＿
＿＿＿□□□＿＿＿＿
＿＿＿□□＿＿＿＿＿
＿＿＿□□□■■＿＿
□□□□□□□■■＿
□□□□□□□□□＿
□□□□□□□□□＿
□＿□□□□□□□＿
00:50:36(91109f):field(91108f)
＿＿＿＿＿＿＿＿＿＿
＿＿＿＿＿＿＿＿＿＿
＿＿＿＿＿＿＿＿＿＿
＿＿＿＿＿＿＿＿＿＿
＿＿＿＿＿＿＿＿＿＿
＿＿＿＿＿＿＿＿＿＿
＿＿＿＿＿＿＿＿＿＿
＿＿＿＿＿＿＿＿＿＿
＿＿＿＿＿＿＿＿＿＿
＿＿＿＿＿＿＿＿＿＿
＿＿＿＿□＿＿＿＿＿
＿＿＿＿□□＿＿＿＿
＿＿＿＿□□＿＿＿＿
＿＿＿□□□＿＿＿＿
＿■■□□＿＿＿＿＿
＿■■□□□□□＿＿
□□□□□□□□□＿
□□□□□□□□□＿
□□□□□□□□□＿
□＿□□□□□□□＿
00:50:37(91127f):field(91126f)
＿＿＿＿＿＿＿＿＿＿
＿＿＿＿＿＿＿＿＿＿
＿＿＿＿＿＿＿＿＿＿
＿＿＿＿＿＿＿＿＿＿
＿＿＿＿＿＿＿＿＿＿
＿＿＿＿＿＿＿＿＿＿
＿＿＿＿＿＿＿＿＿＿
＿＿＿＿＿＿＿＿＿＿
＿＿＿＿＿＿＿＿＿＿
＿＿＿＿＿＿＿＿＿＿
＿＿＿＿◆＿＿＿＿＿
＿＿＿＿◆◆＿＿＿＿
＿＿＿＿◆◆＿＿＿＿
＿＿＿◆□◆＿＿＿＿
＿◆◆◆□■＿＿＿＿
■◆◆◆□□◆◆＿＿
□◆◆□□□◆◆◆＿
◆□□□□◆◆□◆■
◆□□□□□□□◆■
□＿□□□□□□□■
00:50:37(91136f):field(91135f)
＿＿＿＿＿＿＿＿＿＿
＿＿＿＿＿＿＿＿＿＿
＿＿＿＿＿＿＿＿＿＿
＿＿＿＿＿＿＿＿＿＿
＿＿＿＿＿＿＿＿＿＿
＿＿＿＿＿＿＿＿＿＿
＿＿＿＿＿＿＿＿＿＿
＿＿＿＿＿＿＿＿＿＿
＿＿＿＿＿＿＿＿＿＿
＿＿＿＿＿＿＿＿＿＿
＿＿＿■＿＿＿＿＿＿
＿＿＿■■＿＿＿＿＿
＿＿＿＿■＿＿＿＿＿
＿＿＿＿□＿＿＿＿＿
＿＿＿＿□□＿＿＿＿
◆＿＿＿□□＿＿＿＿
◆＿＿□□□＿＿＿＿
＿□□□□＿＿◆＿◆
＿□□□□□□□＿◆
□＿□□□□□□□□
00:50:39(91170f):field(91169f)
＿＿＿＿＿＿＿＿＿＿
＿＿＿＿＿＿＿＿＿＿
＿＿＿＿＿＿＿＿＿＿
＿＿＿＿＿＿＿＿＿＿
＿＿＿＿＿＿＿＿＿＿
＿＿＿＿＿＿＿＿＿＿
＿＿＿＿＿＿＿＿＿＿
＿＿＿＿＿＿＿＿＿＿
＿＿＿＿＿＿＿＿＿＿
＿＿＿＿＿＿＿＿＿＿
＿＿＿□＿＿＿＿＿＿
＿＿＿□□＿＿＿＿＿
＿＿＿＿□＿＿＿＿＿
＿＿＿＿□＿＿＿＿＿
＿＿＿＿□□＿＿＿＿
＿＿＿＿□□＿＿＿＿
＿＿＿□□□＿＿＿＿
＿□□□□＿■■■＿
＿□□□□□□□■＿
□＿□□□□□□□□
00:50:39(91189f):field(91188f)
＿＿＿＿＿＿＿＿＿＿
＿＿＿＿＿＿＿＿＿＿
＿＿＿＿＿＿＿＿＿＿
＿＿＿＿＿＿＿＿＿＿
＿＿＿＿＿＿＿＿＿＿
＿＿＿＿＿＿＿＿＿＿
＿＿＿＿＿＿＿＿＿＿
＿＿＿＿＿＿＿＿＿＿
＿＿＿＿＿＿＿＿＿＿
＿＿＿＿＿＿＿＿＿＿
＿＿＿□＿＿＿＿＿＿
＿＿＿□□＿＿＿＿＿
＿＿＿＿□＿＿＿＿＿
＿＿＿＿□＿＿＿＿＿
＿＿＿＿□□＿＿＿＿
＿＿＿＿□□＿＿＿＿
＿＿＿□□□＿＿■■
＿□□□□＿□□□■
＿□□□□□□□□■
□＿□□□□□□□□
00:50:40(91203f):field(91202f)
＿＿＿＿＿＿＿＿＿＿
＿＿＿＿＿＿＿＿＿＿
＿＿＿＿＿＿＿＿＿＿
＿＿＿＿＿＿＿＿＿＿
＿＿＿＿＿＿＿＿＿＿
＿＿＿＿＿＿＿＿＿＿
＿＿＿＿＿＿＿＿＿＿
＿＿＿＿＿＿＿＿＿＿
＿＿＿＿■＿＿＿＿＿
＿＿＿■■＿＿＿＿＿
＿＿＿□■＿＿＿＿＿
＿＿＿□□＿＿＿＿＿
＿＿＿＿□＿＿＿＿＿
＿＿＿＿□＿＿＿＿＿
＿＿＿＿□□＿＿＿＿
＿＿＿＿□□＿＿＿＿
＿＿＿□□□＿＿□□
＿□□□□＿□□□□
＿□□□□□□□□□
□＿□□□□□□□□
00:50:40(91222f):field(91221f)
＿＿＿＿＿＿＿＿＿＿
＿＿＿＿＿＿＿＿＿＿
＿＿＿＿＿＿＿＿＿＿
＿＿＿＿＿＿＿＿＿＿
＿＿＿＿＿＿＿＿＿＿
＿＿＿＿＿＿＿＿＿＿
＿＿＿＿＿＿＿＿＿＿
＿＿＿＿＿＿＿＿＿＿
＿＿＿＿□＿＿＿＿＿
＿＿＿□□＿＿＿＿＿
＿＿＿□□＿＿＿＿＿
＿＿＿□□＿＿＿＿＿
＿＿＿＿□＿＿＿＿＿
＿＿＿＿□＿＿＿＿＿
＿＿＿■□□＿＿＿＿
＿＿■■□□＿＿＿＿
＿＿■□□□＿＿□□
＿□□□□＿□□□□
＿□□□□□□□□□
□＿□□□□□□□□
00:50:41(91240f):field(91239f)
＿＿＿＿＿＿＿＿＿＿
＿＿＿＿＿＿＿＿＿＿
＿＿＿＿＿＿＿＿＿＿
＿＿＿＿＿＿＿＿＿＿
＿＿＿＿＿＿＿＿＿＿
＿＿＿＿＿＿＿＿＿＿
＿＿＿＿＿＿＿＿＿＿
＿＿＿＿＿＿＿＿＿＿
＿＿＿＿◆＿＿＿＿＿
＿＿＿◆□＿＿＿＿＿
＿＿＿□□＿＿＿＿＿
＿＿＿□□＿＿＿＿＿
＿＿＿■□＿＿＿＿＿
＿＿＿＿□＿＿＿＿＿
＿＿＿◆□◆＿＿＿＿
＿＿◆□□□＿＿＿＿
■＿□□□□＿＿◆◆
■◆□□□■◆◆□□
■□□□□◆□□□□
□＿□□□□□□□□
00:50:41(91252f):field(91251f)
＿＿＿＿＿＿＿＿＿＿
＿＿＿＿＿＿＿＿＿＿
＿＿＿＿＿＿＿＿＿＿
＿＿＿＿＿＿＿＿＿＿
＿＿＿＿＿＿＿＿＿＿
＿＿＿＿＿＿＿＿＿＿
＿＿＿＿＿＿＿＿＿＿
＿＿＿＿＿＿＿＿＿＿
＿＿＿＿＿＿＿＿＿＿
＿＿＿＿□＿＿＿＿＿
＿＿＿□□＿＿＿＿＿
＿＿＿□□＿＿＿＿＿
＿＿＿□□＿＿＿＿＿
＿＿＿＿□＿＿＿＿＿
＿＿＿＿□＿＿＿＿＿
＿＿＿□□□＿＿＿＿
□＿□□□□■■＿＿
□＿□□□□■■□□
□□□□□＿□□□□
□＿□□□□□□□□
00:50:42(91264f):field(91263f)
＿＿＿＿＿＿＿＿＿＿
＿＿＿＿＿＿＿＿＿＿
＿＿＿＿＿＿＿＿＿＿
＿＿＿＿＿＿＿＿＿＿
＿＿＿＿＿＿＿＿＿＿
＿＿＿＿＿＿＿＿＿＿
＿＿＿■＿＿＿＿＿＿
＿＿＿■■＿＿＿＿＿
＿＿＿＿■＿＿＿＿＿
＿＿＿＿□＿＿＿＿＿
＿＿＿□□＿＿＿＿＿
＿＿＿□□＿＿＿＿＿
＿＿＿□□＿＿＿＿＿
＿＿＿＿□＿＿＿＿＿
＿＿＿＿□＿＿＿＿＿
＿＿＿□□□＿＿＿＿
□＿□□□□□□＿＿
□＿□□□□□□□□
□□□□□＿□□□□
□＿□□□□□□□□
00:50:42(91287f):field(91286f)
＿＿＿＿＿＿＿＿＿＿
＿＿＿＿＿＿＿＿＿＿
＿＿＿＿＿＿＿＿＿＿
＿＿＿＿＿＿＿＿＿＿
＿＿＿＿＿＿＿＿＿＿
＿＿＿＿＿＿＿＿＿＿
＿＿＿□＿＿＿＿＿＿
＿＿＿□□＿＿＿＿＿
＿＿＿＿□＿＿＿＿＿
＿＿＿＿□＿＿＿＿＿
＿＿＿□□＿＿＿＿＿
＿＿＿□□＿＿＿＿＿
＿＿＿□□＿＿＿＿＿
＿＿＿＿□＿■＿＿＿
＿＿＿＿□■■＿＿＿
＿＿＿□□□■＿＿＿
□＿□□□□□□＿＿
□＿□□□□□□□□
□□□□□＿□□□□
□＿□□□□□□□□
00:50:43(91306f):field(91305f)
＿＿＿＿＿＿＿＿＿＿
＿＿＿＿＿＿＿＿＿＿
＿＿＿＿＿＿＿＿＿＿
＿＿＿＿＿＿＿＿＿＿
＿＿＿＿＿＿＿＿＿＿
＿＿＿＿＿＿＿＿＿＿
＿＿＿◆＿＿＿＿＿＿
＿＿＿□◆＿＿＿＿＿
＿＿＿■□＿＿＿＿＿
＿＿＿＿□＿＿＿＿＿
＿＿＿◆□＿＿＿＿＿
＿＿＿□□＿＿＿＿＿
＿＿＿□□＿＿＿＿＿
＿＿＿■□＿◆＿＿＿
＿＿＿＿□◆□＿＿＿
＿＿＿◆□□□＿＿＿
□■□□□□□◆＿＿
□■□□□□□□◆◆
□□□□□＿□□□□
□■□□□□□□□□
00:50:43(91318f):field(91317f)
＿＿＿＿＿＿＿＿＿＿
＿＿＿＿＿＿＿＿＿＿
＿＿＿＿＿＿＿＿＿＿
＿＿＿＿＿＿＿＿＿＿
＿＿＿＿＿＿＿＿＿＿
＿＿＿＿＿＿＿＿＿＿
＿＿＿＿＿＿＿＿＿＿
＿＿＿□＿＿＿＿＿＿
＿＿＿□□＿＿＿＿＿
＿＿＿＿□＿＿＿＿＿
＿＿＿＿□＿＿＿＿＿
＿＿＿□□■＿＿＿＿
＿＿＿□□■＿＿＿＿
＿＿＿□□■＿＿＿＿
＿＿＿＿□■□＿＿＿
＿＿＿＿□□□＿＿＿
□□◆□□□□＿＿＿
□□□□□□□□＿＿
□□□□□＿□□□□
□◆□□□□□□□□
00:50:44(91336f):field(91335f)
＿＿＿＿＿＿＿＿＿＿
＿＿＿＿＿＿＿＿＿＿
＿＿＿＿＿＿＿＿＿＿
＿＿＿＿＿＿＿＿＿＿
＿＿＿＿＿＿＿＿＿＿
＿＿＿＿＿＿＿＿＿＿
＿＿＿＿＿＿＿＿＿＿
＿＿＿◆＿＿＿＿＿＿
＿＿＿□◆＿＿＿＿＿
＿＿＿■□＿＿＿＿＿
＿＿＿＿□＿＿＿＿＿
＿＿＿◆□◆＿＿＿＿
＿＿＿□□□＿＿＿＿
＿＿＿□□□＿＿＿＿
＿＿＿■□□◆＿＿＿
＿＿＿＿□□□＿＿■
◆◆＿◆□□□＿＿＿
□□◆□□□□□■＿
□□□□□＿□□□□
□＿□□□□□□□□
00:50:45(91353f):field(91352f)
＿＿＿＿＿＿＿＿＿＿
＿＿＿＿＿＿＿＿＿＿
＿＿＿＿＿＿＿＿＿＿
＿＿＿＿＿＿＿＿＿＿
＿＿＿＿＿＿＿＿＿＿
＿＿＿＿＿＿＿＿＿＿
＿＿＿＿＿＿＿＿＿＿
＿＿＿＿＿＿＿＿＿＿
＿＿＿□＿＿＿＿＿＿
＿＿＿□□＿＿＿＿＿
＿＿＿＿□＿＿＿＿＿
＿＿＿＿□＿＿＿＿＿
＿＿＿□□□＿＿＿＿
＿＿＿□□□＿＿＿＿
＿＿＿□□□＿＿＿＿
＿＿＿＿□□□■■◆
＿＿＿＿□□□■■＿
□□＿□□□□□□＿
□□□□□＿□□□□
□＿□□□□□□□□
00:50:45(91368f):field(91367f)
＿＿＿＿＿＿＿＿＿＿
＿＿＿＿＿＿＿＿＿＿
＿＿＿＿＿＿＿＿＿＿
＿＿＿＿＿＿＿＿＿＿
＿＿＿＿＿＿＿＿＿＿
＿＿＿＿＿＿＿＿＿＿
＿＿＿＿＿＿＿＿＿＿
＿＿＿＿＿＿＿＿＿＿
＿＿＿□＿＿＿＿＿＿
＿＿＿□□＿＿＿＿＿
＿＿＿＿□＿＿＿＿＿
＿＿＿＿□＿＿＿＿＿
＿＿＿□□□＿＿＿＿
＿＿＿□□□＿＿＿＿
＿＿＿□□□＿＿＿＿
＿＿＿＿□□□□□＿
■■■＿□□□□□＿
□□■□□□□□□＿
□□□□□＿□□□□
□＿□□□□□□□□
00:50:45(91379f):field(91378f)
＿＿＿＿＿＿＿＿＿＿
＿＿＿＿＿＿＿＿＿＿
＿＿＿＿＿＿＿＿＿＿
＿＿＿＿＿＿＿＿＿＿
＿＿＿＿＿＿＿＿＿＿
＿＿＿＿＿＿＿＿＿＿
＿＿＿＿■＿＿＿＿＿
＿＿＿■■＿＿＿＿＿
＿＿＿□■＿＿＿＿＿
＿＿＿□□＿＿＿＿＿
＿＿＿＿□＿＿＿＿＿
＿＿＿＿□＿＿＿＿＿
＿＿＿□□□＿＿＿＿
＿＿＿□□□＿＿＿＿
＿＿＿□□□＿＿＿＿
＿＿＿＿□□□□□＿
□□□＿□□□□□＿
□□□□□□□□□＿
□□□□□＿□□□□
□＿□□□□□□□□
00:50:46(91396f):field(91395f)
＿＿＿＿＿＿＿＿＿＿
＿＿＿＿＿＿＿＿＿＿
＿＿＿＿＿＿＿＿＿＿
＿＿＿＿＿＿＿＿＿＿
＿＿＿＿＿＿＿＿＿＿
＿＿＿＿＿＿＿＿＿＿
＿＿＿＿◆＿＿＿＿＿
＿＿＿◆□＿＿＿＿＿
＿＿＿□□＿＿＿＿＿
＿＿＿□□＿＿＿＿＿
＿＿＿■□＿＿＿＿＿
＿＿＿＿□＿＿＿＿＿
＿＿＿◆□◆＿＿＿＿
＿＿＿□□□＿＿＿＿
＿＿＿□□□＿＿＿＿
＿＿＿■□□◆◆◆■
◆◆◆＿□□□□□■
□□□◆□□□□□■
□□□□□＿□□□□
□＿□□□□□□□□
00:50:47(91410f):field(91409f)
＿＿＿＿＿＿＿＿＿＿
＿＿＿＿＿＿＿＿＿＿
＿＿＿＿＿＿＿＿＿＿
＿＿＿＿＿＿＿＿＿＿
＿＿＿＿＿＿＿＿＿＿
＿＿＿＿＿＿＿＿＿＿
＿＿＿＿＿＿＿＿＿＿
＿＿＿＿□＿＿＿＿＿
＿＿＿□□＿＿＿＿＿
＿＿＿□□＿＿＿＿＿
＿＿＿□□＿＿＿＿＿
＿＿＿＿□＿＿＿＿＿
＿＿＿＿□＿＿＿＿＿
＿＿＿□□□＿＿＿■
＿＿＿□□□＿＿■■
＿＿＿□□□＿＿■□
＿＿＿＿□□□□□□
□□□＿□□□□□□
□□□□□＿□□□□
□＿□□□□□□□□
00:50:47(91423f):field(91422f)
＿＿＿＿＿＿＿＿＿＿
＿＿＿＿＿＿＿＿＿＿
＿＿＿＿＿＿＿＿＿＿
＿＿＿＿＿＿＿＿＿＿
＿＿＿＿＿＿＿＿＿＿
＿＿＿＿＿＿＿＿＿＿
＿＿＿＿＿＿＿＿＿＿
＿＿＿＿□＿＿＿＿＿
＿＿＿□□＿＿＿＿＿
＿＿＿□□＿＿＿＿＿
＿＿＿□□＿＿＿＿＿
＿＿＿＿□＿＿＿＿＿
＿＿＿＿□＿＿＿＿＿
＿＿＿□□□＿＿＿□
＿＿＿□□□■■□□
＿＿＿□□□■■□□
＿＿＿＿□□□□□□
□□□＿□□□□□□
□□□□□＿□□□□
□＿□□□□□□□□
00:50:48(91448f):field(91447f)
＿＿＿＿＿＿＿＿＿＿
＿＿＿＿＿＿＿＿＿＿
＿＿＿＿＿＿＿＿＿＿
＿＿＿＿＿＿＿＿＿＿
＿＿＿＿＿＿＿＿＿＿
＿＿＿＿＿＿＿＿＿＿
＿＿＿＿＿＿＿＿＿＿
＿＿＿＿□＿＿＿＿＿
＿＿＿□□＿＿＿＿＿
＿＿＿□□＿＿＿＿＿
＿＿＿□□＿＿＿＿＿
＿＿＿＿□＿＿＿＿＿
＿＿＿＿□＿＿＿＿＿
＿＿＿□□□＿＿＿□
＿＿■□□□□□□□
＿＿■□□□□□□□
＿＿■■□□□□□□
□□□＿□□□□□□
□□□□□＿□□□□
□＿□□□□□□□□
00:50:48(91467f):field(91466f)
＿＿＿＿＿＿＿＿＿＿
＿＿＿＿＿＿＿＿＿＿
＿＿＿＿＿＿＿＿＿＿
＿＿＿＿＿＿＿＿＿＿
＿＿＿＿＿＿＿＿＿＿
＿＿＿＿＿＿＿＿＿＿
＿＿＿＿＿＿＿＿＿＿
＿＿＿＿◆＿＿＿＿＿
＿＿＿◆□＿＿＿＿＿
＿＿＿□□＿＿＿＿＿
＿＿＿□□＿＿＿＿＿
＿＿＿■□＿＿＿＿＿
＿＿＿＿□＿＿＿＿＿
＿＿＿◆□◆＿＿＿◆
＿＿◆□□□◆◆◆□
■■□□□□□□□□
■＿□□□□□□□□
□□□＿□□□□□□
□□□□□＿□□□□
□＿□□□□□□□□
00:50:49(91483f):field(91482f)
＿＿＿＿＿＿＿＿＿＿
＿＿＿＿＿＿＿＿＿＿
＿＿＿＿＿＿＿＿＿＿
＿＿＿＿＿＿＿＿＿＿
＿＿＿＿＿＿＿＿＿＿
＿＿＿＿＿＿＿＿＿＿
＿＿＿＿＿＿＿＿＿＿
＿＿＿＿＿＿＿＿＿＿
＿＿＿＿◆＿＿＿＿＿
＿＿＿◆◆＿＿＿＿＿
＿＿＿◆□＿＿＿＿＿
＿＿＿□□＿＿＿＿＿
＿＿＿■□＿＿＿＿＿
＿＿＿■□＿＿＿＿＿
＿＿■◆□◆＿＿＿◆
□◆◆◆□◆◆◆◆◆
□■□□□□□◆□□
□□□■□□□□□□
□□□□□＿□□□□
□■□□□□□□□□
00:50:49(91497f):field(91496f)
＿＿＿＿＿＿＿＿＿＿
＿＿＿＿＿＿＿＿＿＿
＿＿＿＿＿＿＿＿＿＿
＿＿＿＿＿＿＿＿＿＿
＿＿＿＿＿＿＿＿＿＿
＿＿＿＿＿＿＿＿＿＿
＿＿＿＿＿＿＿＿＿＿
＿＿＿＿＿＿＿＿＿＿
＿＿＿＿＿＿＿＿＿＿
＿＿＿＿＿＿＿＿＿＿
＿＿＿＿□＿＿＿＿＿
＿＿＿□□＿＿＿＿＿
＿＿＿□□＿＿＿＿＿
＿＿＿□□＿＿＿＿＿
＿＿◆＿□＿＿＿＿＿
◆＿＿＿□＿＿＿■■
◆□□□□□◆■□□
□□□◆□□□□□□
□□□□□＿□□□□
□◆□□□□□□□□
00:50:50(91517f):field(91516f)
＿＿＿＿＿＿＿＿＿＿
＿＿＿＿＿＿＿＿＿＿
＿＿＿＿＿＿＿＿＿＿
＿＿＿＿＿＿＿＿＿＿
＿＿＿＿＿＿＿＿＿＿
＿＿＿＿＿＿＿＿＿＿
＿＿＿＿＿＿＿＿＿＿
＿＿＿＿＿＿＿＿＿＿
＿＿＿＿＿＿＿＿＿＿
＿＿＿＿＿＿＿＿＿＿
＿＿＿＿□＿＿＿＿＿
＿＿＿□□＿＿＿＿＿
＿＿＿□□＿＿＿＿＿
＿＿＿□□＿＿＿＿＿
＿＿■■□＿＿＿＿＿
＿＿■■□＿＿＿□□
＿□□□□□＿□□□
□□□＿□□□□□□
□□□□□＿□□□□
□＿□□□□□□□□
00:50:51(91531f):field(91530f)
＿＿＿＿＿＿＿＿＿＿
＿＿＿＿＿＿＿＿＿＿
＿＿＿＿＿＿＿＿＿＿
＿＿＿＿＿＿＿＿＿＿
＿＿＿＿＿＿＿＿＿＿
＿＿＿＿＿＿＿＿＿＿
＿＿＿＿＿＿＿＿＿＿
＿＿＿＿＿＿＿＿＿＿
＿＿＿＿＿＿＿＿＿＿
＿＿＿＿＿＿＿＿＿＿
＿＿＿＿□＿＿＿＿＿
＿＿＿□□＿＿＿＿＿
＿＿＿□□＿＿＿＿＿
＿＿＿□□＿＿＿＿＿
＿■□□□＿＿＿＿＿
■■□□□＿＿＿□□
■□□□□□＿□□□
□□□＿□□□□□□
□□□□□＿□□□□
□＿□□□□□□□□
00:50:51(91542f):field(91541f)
＿＿＿＿＿＿＿＿＿＿
＿＿＿＿＿＿＿＿＿＿
＿＿＿＿＿＿＿＿＿＿
＿＿＿＿＿＿＿＿＿＿
＿＿＿＿＿＿＿＿＿＿
＿＿＿＿＿＿＿＿＿＿
＿＿＿＿＿＿＿＿＿＿
＿＿＿＿＿＿＿＿＿＿
＿＿＿＿＿＿＿＿＿＿
＿＿＿＿＿＿＿＿＿＿
＿＿＿＿□＿＿＿＿＿
＿＿＿□□＿＿＿＿＿
＿＿＿□□■＿＿＿＿
＿＿＿□□■＿＿＿＿
＿□□□□■＿＿＿＿
□□□□□■＿＿□□
□□□□□□＿□□□
□□□＿□□□□□□
□□□□□＿□□□□
□＿□□□□□□□□
00:50:52(91563f):field(91562f)
＿＿＿＿＿＿＿＿＿＿
＿＿＿＿＿＿＿＿＿＿
＿＿＿＿＿＿＿＿＿＿
＿＿＿＿＿＿＿＿＿＿
＿＿＿＿＿＿＿＿＿＿
＿＿＿＿＿＿＿＿＿＿
＿＿＿＿＿＿＿＿＿＿
＿＿＿＿＿＿＿＿＿＿
＿＿＿＿＿＿＿＿＿＿
＿＿＿＿＿＿＿＿＿＿
＿＿＿＿□＿＿＿＿＿
＿＿■□□＿＿＿＿＿
＿＿■□□□＿＿＿＿
＿■■□□□＿＿＿＿
＿□□□□□＿＿＿＿
□□□□□□＿＿□□
□□□□□□＿□□□
□□□＿□□□□□□
□□□□□＿□□□□
□＿□□□□□□□□
00:50:52(91577f):field(91576f)
＿＿＿＿＿＿＿＿＿＿
＿＿＿＿＿＿＿＿＿＿
＿＿＿＿＿＿＿＿＿＿
＿＿＿＿＿＿＿＿＿＿
＿＿＿＿＿＿＿＿＿＿
＿＿＿＿＿＿＿＿＿＿
＿＿＿＿＿＿＿＿＿＿
＿＿＿＿＿＿＿＿＿＿
＿＿＿＿＿＿＿＿＿＿
＿＿＿＿■■＿＿＿＿
＿＿＿＿□■＿＿＿＿
＿＿□□□■＿＿＿＿
＿＿□□□□＿＿＿＿
＿□□□□□＿＿＿＿
＿□□□□□＿＿＿＿
□□□□□□＿＿□□
□□□□□□＿□□□
□□□＿□□□□□□
□□□□□＿□□□□
□＿□□□□□□□□
00:50:53(91594f):field(91593f)
＿＿＿＿＿＿＿＿＿＿
＿＿＿＿＿＿＿＿＿＿
＿＿＿＿＿＿＿＿＿＿
＿＿＿＿＿＿＿＿＿＿
＿＿＿＿＿＿＿＿＿＿
＿＿＿＿＿＿＿＿＿＿
＿＿＿＿＿＿＿＿＿＿
＿＿＿＿＿＿＿＿＿＿
＿＿＿＿＿＿＿＿＿＿
＿＿■■□□＿＿＿＿
＿＿■■□□＿＿＿＿
＿＿□□□□＿＿＿＿
＿＿□□□□＿＿＿＿
＿□□□□□＿＿＿＿
＿□□□□□＿＿＿＿
□□□□□□＿＿□□
□□□□□□＿□□□
□□□＿□□□□□□
□□□□□＿□□□□
□＿□□□□□□□□
00:50:53(91611f):field(91610f)
＿＿＿＿＿＿＿＿＿＿
＿＿＿＿＿＿＿＿＿＿
＿＿＿＿＿＿＿＿＿＿
＿＿＿＿＿＿＿＿＿＿
＿＿＿＿＿＿＿＿＿＿
＿＿＿＿＿＿＿＿＿＿
＿＿＿＿＿＿＿＿＿＿
＿＿＿＿＿＿＿＿＿＿
＿＿＿＿＿＿＿＿＿＿
＿＿◆◆◆◆＿＿＿＿
＿＿◆◆◆◆＿＿＿＿
＿＿□□□□＿＿＿＿
＿＿□□□□＿＿＿＿
＿◆□□□□＿＿＿＿
＿◆□□□□＿＿＿＿
◆□□□□□■＿◆◆
◆□□□□□■◆◆◆
□□□■□□□□□□
□□□□□＿□□□□
□＿□□□□□□□□
00:50:54(91635f):field(91634f)
＿＿＿＿＿＿＿＿＿＿
＿＿＿＿＿＿＿＿＿＿
＿＿＿＿＿＿＿＿＿＿
＿＿＿＿＿＿＿＿＿＿
＿＿＿＿＿＿＿＿＿＿
＿＿＿＿＿＿＿＿＿＿
＿＿＿＿＿＿＿＿＿＿
＿＿＿＿＿＿＿＿＿＿
＿＿＿＿＿＿＿＿＿＿
＿＿＿＿＿＿＿＿＿＿
＿＿＿＿＿＿＿＿＿＿
＿＿□□□□＿＿＿＿
＿＿□□□□＿＿＿＿
＿＿□□□□＿＿＿＿
＿＿□□□□■＿＿＿
＿□□□□□□■＿＿
＿□□□□□□■＿＿
□□□◆□□□□□□
□□□□□＿□□□□
□＿□□□□□□□□
00:50:54(91649f):field(91648f)
＿＿＿＿＿＿＿＿＿＿
＿＿＿＿＿＿＿＿＿＿
＿＿＿＿＿＿＿＿＿＿
＿＿＿＿＿＿＿＿＿＿
＿＿＿＿＿＿＿＿＿＿
＿＿＿＿＿＿＿＿＿＿
＿＿＿＿＿＿＿＿＿＿
＿＿＿＿＿＿＿＿＿＿
＿＿＿＿＿＿＿＿＿＿
＿＿＿＿＿＿＿＿＿＿
＿＿＿＿＿＿＿＿＿＿
＿＿□□□□＿＿＿＿
＿＿□□□□＿＿＿＿
＿＿□□□□＿＿＿＿
＿＿□□□□□＿＿■
＿□□□□□□□■■
＿□□□□□□□■＿
□□□＿□□□□□□
□□□□□＿□□□□
□＿□□□□□□□□
00:50:55(91667f):field(91666f)
＿＿＿＿＿＿＿＿＿＿
＿＿＿＿＿＿＿＿＿＿
＿＿＿＿＿＿＿＿＿＿
＿＿＿＿＿＿＿＿＿＿
＿＿＿＿＿＿＿＿＿＿
＿＿＿＿＿＿＿＿＿＿
＿＿＿＿＿＿＿＿＿＿
＿＿＿＿＿＿＿＿＿＿
＿＿＿＿＿＿＿＿＿＿
＿＿＿＿＿＿＿＿＿＿
＿＿＿＿＿＿＿＿＿＿
＿＿◆◆◆◆＿＿＿＿
＿＿□□□□＿＿＿＿
＿＿□□□□＿■＿＿
■＿□□□□◆＿＿◆
■◆□□□□□◆◆□
■□□□□□□□□＿
□□□＿□□□□□□
□□□□□＿□□□□
□＿□□□□□□□□
00:50:56(91680f):field(91679f)
＿＿＿＿＿＿＿＿＿＿
＿＿＿＿＿＿＿＿＿＿
＿＿＿＿＿＿＿＿＿＿
＿＿＿＿＿＿＿＿＿＿
＿＿＿＿＿＿＿＿＿＿
＿＿＿＿＿＿＿＿＿＿
＿＿＿＿＿＿＿＿＿＿
＿＿＿＿＿＿＿＿＿＿
＿＿＿＿＿＿＿＿＿＿
＿＿＿＿＿＿＿＿＿＿
＿＿＿＿＿＿＿＿＿＿
＿＿＿＿＿＿＿＿＿＿
＿＿□□□□＿＿＿＿
＿＿□□□□＿◆■＿
□＿□□□□＿＿■＿
□＿□□□□□■■□
□□□□□□□□□＿
□□□＿□□□□□□
□□□□□＿□□□□
□＿□□□□□□□□
00:50:56(91693f):field(91692f)
＿＿＿＿＿＿＿＿＿＿
＿＿＿＿＿＿＿＿＿＿
＿＿＿＿＿＿＿＿＿＿
＿＿＿＿＿＿＿＿＿＿
＿＿＿＿＿＿＿＿＿＿
＿＿＿＿＿＿＿＿＿＿
＿＿＿＿＿＿＿＿＿＿
＿＿＿＿＿＿＿＿＿＿
＿＿＿＿＿＿＿＿＿＿
＿＿＿＿＿＿＿＿＿＿
＿＿＿＿＿＿＿＿＿＿
＿＿＿＿＿＿＿＿＿＿
＿＿□□□□＿＿＿＿
＿＿□□□□■■□＿
□＿□□□□■■□＿
□＿□□□□□□□□
□□□□□□□□□＿
□□□＿□□□□□□
□□□□□＿□□□□
□＿□□□□□□□□
00:50:57(91710f):field(91709f)
＿＿＿＿＿＿＿＿＿＿
＿＿＿＿＿＿＿＿＿＿
＿＿＿＿＿＿＿＿＿＿
＿＿＿＿＿＿＿＿＿＿
＿＿＿＿＿＿＿＿＿＿
＿＿＿＿＿＿＿＿＿＿
＿＿＿＿＿＿＿＿＿＿
＿＿＿＿＿＿＿＿＿＿
＿＿＿＿＿＿＿＿＿＿
＿＿＿＿＿＿＿＿＿＿
＿＿＿＿＿■＿＿＿＿
＿＿＿＿＿■■＿＿＿
＿＿□□□□■＿＿＿
＿＿□□□□□□□＿
□＿□□□□□□□＿
□＿□□□□□□□□
□□□□□□□□□＿
□□□＿□□□□□□
□□□□□＿□□□□
□＿□□□□□□□□
00:50:57(91724f):field(91723f)
＿＿＿＿＿＿＿＿＿＿
＿＿＿＿＿＿＿＿＿＿
＿＿＿＿＿＿＿＿＿＿
＿＿＿＿＿＿＿＿＿＿
＿＿＿＿＿＿＿＿＿＿
＿＿＿＿＿＿＿＿＿＿
＿＿＿＿＿＿＿＿＿＿
＿＿＿＿＿＿＿＿＿＿
＿＿＿＿＿＿＿＿＿＿
＿＿＿＿＿＿＿＿＿＿
＿＿■■＿□＿＿＿＿
＿＿＿■■□□＿＿＿
＿＿□□□□□＿＿＿
＿＿□□□□□□□＿
□＿□□□□□□□＿
□＿□□□□□□□□
□□□□□□□□□＿
□□□＿□□□□□□
□□□□□＿□□□□
□＿□□□□□□□□
00:50:57(91735f):field(91734f)
＿＿＿＿＿＿＿＿＿＿
＿＿＿＿＿＿＿＿＿＿
＿＿＿＿＿＿＿＿＿＿
＿＿＿＿＿＿＿＿＿＿
＿＿＿＿＿＿＿＿＿＿
＿＿＿＿＿＿＿＿＿＿
＿＿＿＿＿＿＿＿＿＿
＿＿＿＿＿＿＿＿＿＿
＿＿＿＿＿＿＿＿＿＿
＿＿＿■■■＿＿＿＿
＿＿□□■□＿＿＿＿
＿＿＿□□□□＿＿＿
＿＿□□□□□＿＿＿
＿＿□□□□□□□＿
□＿□□□□□□□＿
□＿□□□□□□□□
□□□□□□□□□＿
□□□＿□□□□□□
□□□□□＿□□□□
□＿□□□□□□□□
00:50:58(91752f):field(91751f)
＿＿＿＿＿＿＿＿＿＿
＿＿＿＿＿＿＿＿＿＿
＿＿＿＿＿＿＿＿＿＿
＿＿＿＿＿＿＿＿＿＿
＿＿＿＿＿＿＿＿＿＿
＿＿＿＿＿＿＿＿＿＿
＿＿＿＿＿＿＿＿＿＿
＿＿＿＿＿＿＿＿＿＿
＿＿＿＿＿＿＿＿＿＿
＿＿＿□□□＿＿＿＿
＿＿□□□□＿＿＿＿
＿＿＿□□□□＿＿■
＿＿□□□□□＿＿■
＿＿□□□□□□□■
□＿□□□□□□□■
□＿□□□□□□□□
□□□□□□□□□＿
□□□＿□□□□□□
□□□□□＿□□□□
□＿□□□□□□□□
00:50:58(91764f):field(91763f)
＿＿＿＿＿＿＿＿＿＿
＿＿＿＿＿＿＿＿＿＿
＿＿＿＿＿＿＿＿＿＿
＿＿＿＿＿＿＿＿＿＿
＿＿＿＿＿＿＿＿＿＿
＿＿＿＿＿＿＿＿＿＿
＿＿＿＿＿＿＿＿＿＿
＿＿＿＿■＿＿＿＿＿
＿＿＿■■■＿＿＿＿
＿＿＿□□□＿＿＿＿
＿＿□□□□＿＿＿＿
＿＿＿□□□□＿＿□
＿＿□□□□□＿＿□
＿＿□□□□□□□□
□＿□□□□□□□□
□＿□□□□□□□□
□□□□□□□□□＿
□□□＿□□□□□□
□□□□□＿□□□□
□＿□□□□□□□□
00:50:59(91780f):field(91779f)
＿＿＿＿＿＿＿＿＿＿
＿＿＿＿＿＿＿＿＿＿
＿＿＿＿＿＿＿＿＿＿
＿＿＿＿＿＿＿＿＿＿
＿＿＿＿＿＿＿＿＿＿
＿＿＿＿＿＿＿＿＿＿
＿＿＿＿＿＿＿＿＿＿
＿＿＿＿◆＿＿＿＿＿
＿＿＿◆◆◆＿＿＿＿
＿＿＿◆◆◆＿＿＿＿
＿＿◆◆□◆＿＿＿＿
＿＿＿□□□◆＿＿◆
＿＿◆□□□◆＿＿◆
＿＿□□□□◆◆◆◆
◆＿◆□□□□◆◆□
◆＿□□□□□◆◆□
□□□□□□□□□＿
□□□＿□□□□□□
□□□□□＿□□□□
□＿□□□□□□□□
00:50:59(91798f):field(91797f)
＿＿＿＿＿＿＿＿＿＿
＿＿＿＿＿＿＿＿＿＿
＿＿＿＿＿＿＿＿＿＿
＿＿＿＿＿＿＿＿＿＿
＿＿＿＿＿＿＿＿＿＿
＿＿＿＿＿＿＿＿＿＿
＿＿＿＿＿＿＿＿＿＿
＿＿＿＿＿＿＿＿＿＿
＿＿＿＿＿＿＿＿＿＿
＿＿＿＿＿＿＿＿＿＿
＿＿＿＿□＿＿＿＿＿
＿＿＿□□□＿＿＿＿
＿＿＿□□□＿＿＿＿
＿＿□□□□＿＿＿＿
＿■■□□□□＿＿□
■■□□□□□＿＿□
□□□□□□□□□＿
□□□＿□□□□□□
□□□□□＿□□□□
□＿□□□□□□□□
00:51:00(91815f):field(91814f)
＿＿＿＿＿＿＿＿＿＿
＿＿＿＿＿＿＿＿＿＿
＿＿＿＿＿＿＿＿＿＿
＿＿＿＿＿＿＿＿＿＿
＿＿＿＿＿＿＿＿＿＿
＿＿＿＿＿＿＿＿＿＿
＿＿＿＿＿＿＿＿＿＿
＿＿＿＿＿＿＿＿＿＿
＿＿＿＿＿＿＿＿＿＿
＿＿＿＿＿＿＿＿＿＿
＿＿＿＿◆＿＿＿＿＿
＿＿＿◆□◆＿＿＿＿
＿＿＿□□□＿＿＿＿
＿＿◆□□□＿＿＿＿
■◆□□□□◆＿■◆
◆□□□□□□＿■□
□□□□□□□□□＿
□□□＿□□□□□□
□□□□□＿□□□□
□＿□□□□□□□□
00:51:00(91827f):field(91826f)
＿＿＿＿＿＿＿＿＿＿
＿＿＿＿＿＿＿＿＿＿
＿＿＿＿＿＿＿＿＿＿
＿＿＿＿＿＿＿＿＿＿
＿＿＿＿＿＿＿＿＿＿
＿＿＿＿＿＿＿＿＿＿
＿＿＿＿＿＿＿＿＿＿
＿＿＿＿＿＿＿＿＿＿
＿＿＿＿＿＿＿＿＿＿
＿＿＿＿＿＿＿＿＿＿
＿＿＿＿＿＿＿＿＿＿
＿＿＿＿□＿＿＿＿＿
＿＿＿□□□＿＿＿＿
＿＿＿□□□■■＿＿
◆＿□□□□■■□＿
＿□□□□□□＿□□
□□□□□□□□□＿
□□□＿□□□□□□
□□□□□＿□□□□
□＿□□□□□□□□
00:51:01(91840f):field(91839f)
＿＿＿＿＿＿＿＿＿＿
＿＿＿＿＿＿＿＿＿＿
＿＿＿＿＿＿＿＿＿＿
＿＿＿＿＿＿＿＿＿＿
＿＿＿＿＿＿＿＿＿＿
＿＿＿＿＿＿＿＿＿＿
＿＿＿＿＿＿＿＿＿＿
＿＿＿＿＿＿＿＿＿＿
＿＿＿＿＿＿＿＿＿＿
＿＿＿＿＿＿＿＿＿＿
＿＿＿＿＿＿＿＿＿＿
＿＿＿＿□＿＿＿＿＿
＿＿＿□□□＿＿＿＿
＿■＿□□□□□＿＿
■■□□□□□□□＿
■□□□□□□＿□□
□□□□□□□□□＿
□□□＿□□□□□□
□□□□□＿□□□□
□＿□□□□□□□□
00:51:02(91861f):field(91860f)
＿＿＿＿＿＿＿＿＿＿
＿＿＿＿＿＿＿＿＿＿
＿＿＿＿＿＿＿＿＿＿
＿＿＿＿＿＿＿＿＿＿
＿＿＿＿＿＿＿＿＿＿
＿＿＿＿＿＿＿＿＿＿
＿＿＿＿＿＿＿＿＿＿
＿＿＿＿＿＿＿＿＿＿
＿＿＿＿＿＿＿＿＿＿
＿＿＿＿＿＿＿＿＿＿
＿＿＿＿＿＿＿＿＿＿
＿＿＿＿□＿＿＿＿＿
■■■□□□＿＿＿＿
■□＿□□□□□＿＿
□□□□□□□□□＿
□□□□□□□＿□□
□□□□□□□□□＿
□□□＿□□□□□□
□□□□□＿□□□□
□＿□□□□□□□□
00:51:02(91877f):field(91876f)
＿＿＿＿＿＿＿＿＿＿
＿＿＿＿＿＿＿＿＿＿
＿＿＿＿＿＿＿＿＿＿
＿＿＿＿＿＿＿＿＿＿
＿＿＿＿＿＿＿＿＿＿
＿＿＿＿＿＿＿＿＿＿
＿＿＿＿＿＿＿＿＿＿
＿＿＿＿＿＿＿＿＿＿
＿＿＿＿＿＿＿＿＿＿
＿＿＿＿＿＿＿＿＿＿
＿＿＿＿＿＿＿＿＿＿
＿＿＿＿◆＿＿＿＿＿
◆◆◆◆□◆＿＿＿■
□□■□□□◆◆＿■
□□◆□□□□□◆■
□□□□□□□＿□□
□□□□□□□□□＿
□□□＿□□□□□□
□□□□□＿□□□□
□＿□□□□□□□□
00:51:02(91888f):field(91887f)
＿＿＿＿＿＿＿＿＿＿
＿＿＿＿＿＿＿＿＿＿
＿＿＿＿＿＿＿＿＿＿
＿＿＿＿＿＿＿＿＿＿
＿＿＿＿＿＿＿＿＿＿
＿＿＿＿＿＿＿＿＿＿
＿＿＿＿＿＿＿＿＿＿
＿＿＿＿＿＿＿＿＿＿
＿＿＿＿＿＿＿＿＿＿
＿＿＿＿＿＿＿＿＿＿
＿＿＿＿＿＿＿＿＿＿
＿＿＿＿＿＿＿＿＿＿
＿＿＿＿□＿＿■＿□
□□□□□□＿■■□
□□＿□□□□□■□
□□□□□□□＿□□
□□□□□□□□□＿
□□□＿□□□□□□
□□□□□＿□□□□
□＿□□□□□□□□
00:51:03(91903f):field(91902f)
＿＿＿＿＿＿＿＿＿＿
＿＿＿＿＿＿＿＿＿＿
＿＿＿＿＿＿＿＿＿＿
＿＿＿＿＿＿＿＿＿＿
＿＿＿＿＿＿＿＿＿＿
＿＿＿＿＿＿＿＿＿＿
＿＿＿＿＿＿＿＿＿＿
＿＿＿＿＿＿＿＿＿＿
＿＿＿＿＿＿＿＿＿＿
＿＿＿＿＿＿＿＿＿＿
＿＿＿＿＿＿＿＿＿＿
＿＿＿＿＿＿＿＿＿＿
＿＿＿＿◆＿■□■◆
◆□◆◆□◆■□◆□
□□＿□□□□□□□
□□□□□□□＿□□
□□□□□□□□□＿
□□□＿□□□□□□
□□□□□＿□□□□
□＿□□□□□□□□
00:51:03(91916f):field(91915f)
＿＿＿＿＿＿＿＿＿＿
＿＿＿＿＿＿＿＿＿＿
＿＿＿＿＿＿＿＿＿＿
＿＿＿＿＿＿＿＿＿＿
＿＿＿＿＿＿＿＿＿＿
＿＿＿＿＿＿＿＿＿＿
＿＿＿＿＿＿＿＿＿＿
＿＿＿＿＿＿＿＿＿＿
＿＿＿＿＿＿＿＿＿＿
＿＿＿＿＿＿＿＿＿＿
＿＿＿＿＿＿＿＿＿＿
＿＿＿＿＿＿＿＿＿＿
＿＿＿＿＿＿◆◆◆＿
＿◆＿■◆■□□＿◆
◆◆■□□◆□□◆□
□□□□□□□＿□□
□□□□□□□□□■
□□□＿□□□□□□
□□□□□＿□□□□
□＿□□□□□□□□
00:51:04(91927f):field(91926f)
＿＿＿＿＿＿＿＿＿＿
＿＿＿＿＿＿＿＿＿＿
＿＿＿＿＿＿＿＿＿＿
＿＿＿＿＿＿＿＿＿＿
＿＿＿＿＿＿＿＿＿＿
＿＿＿＿＿＿＿＿＿＿
＿＿＿＿＿＿＿＿＿＿
＿＿＿＿＿＿＿＿＿＿
＿＿＿＿＿＿＿＿＿＿
＿＿＿＿＿＿＿＿＿＿
＿＿＿＿＿＿＿＿＿＿
＿＿＿＿＿＿＿＿＿＿
＿＿＿＿■■＿＿＿＿
＿＿＿□■□□□＿＿
＿＿□□□＿□□＿□
□□□□□□□＿□□
□□□□□□□□□◆
□□□＿□□□□□□
□□□□□＿□□□□
□＿□□□□□□□□
00:51:04(91944f):field(91943f)
＿＿＿＿＿＿＿＿＿＿
＿＿＿＿＿＿＿＿＿＿
＿＿＿＿＿＿＿＿＿＿
＿＿＿＿＿＿＿＿＿＿
＿＿＿＿＿＿＿＿＿＿
＿＿＿＿＿＿＿＿＿＿
＿＿＿＿＿＿＿＿＿＿
＿＿＿＿＿＿＿＿＿＿
＿＿＿＿＿＿＿＿＿＿
＿＿＿＿＿＿＿＿＿＿
＿＿＿＿＿＿＿＿＿＿
＿＿＿＿＿＿＿＿■＿
＿＿＿＿□□＿＿■＿
＿＿＿□□□□□■＿
＿＿□□□＿□□■□
□□□□□□□＿□□
□□□□□□□□□＿
□□□＿□□□□□□
□□□□□＿□□□□
□＿□□□□□□□□
00:51:05(91956f):field(91955f)
＿＿＿＿＿＿＿＿＿＿
＿＿＿＿＿＿＿＿＿＿
＿＿＿＿＿＿＿＿＿＿
＿＿＿＿＿＿＿＿＿＿
＿＿＿＿＿＿＿＿＿＿
＿＿＿＿＿＿＿＿＿＿
＿＿＿＿＿＿＿＿＿＿
＿＿＿＿＿＿＿＿＿＿
＿＿＿＿＿＿＿＿＿＿
＿＿＿＿＿＿＿＿＿＿
＿＿＿＿＿＿＿＿＿＿
＿＿＿＿＿＿＿＿□＿
■＿＿＿□□＿＿□＿
■＿＿□□□□□□＿
■■□□□＿□□□□
□□□□□□□＿□□
□□□□□□□□□＿
□□□＿□□□□□□
□□□□□＿□□□□
□＿□□□□□□□□
00:51:05(91970f):field(91969f)
＿＿＿＿＿＿＿＿＿＿
＿＿＿＿＿＿＿＿＿＿
＿＿＿＿＿＿＿＿＿＿
＿＿＿＿＿＿＿＿＿＿
＿＿＿＿＿＿＿＿＿＿
＿＿＿＿＿＿＿＿＿＿
＿＿＿＿＿＿＿＿＿＿
＿＿＿＿＿＿＿＿＿＿
＿＿＿＿＿＿＿＿＿＿
＿＿＿＿＿＿＿＿＿＿
＿＿＿＿＿＿＿＿＿＿
＿＿＿＿＿＿＿＿□＿
□＿■■□□＿＿□＿
□■■□□□□□□＿
□□□□□＿□□□□
□□□□□□□＿□□
□□□□□□□□□＿
□□□＿□□□□□□
□□□□□＿□□□□
□＿□□□□□□□□
00:51:06(91985f):field(91984f)
＿＿＿＿＿＿＿＿＿＿
＿＿＿＿＿＿＿＿＿＿
＿＿＿＿＿＿＿＿＿＿
＿＿＿＿＿＿＿＿＿＿
＿＿＿＿＿＿＿＿＿＿
＿＿＿＿＿＿＿＿＿＿
＿＿＿＿＿＿＿＿＿＿
＿＿＿＿＿＿＿＿＿＿
＿＿＿＿＿＿＿＿＿＿
＿＿＿＿＿＿＿＿＿＿
＿＿＿＿＿＿＿＿＿＿
＿＿＿＿＿■■＿□＿
□＿□□□□■■□＿
□□□□□□□□□＿
□□□□□＿□□□□
□□□□□□□＿□□
□□□□□□□□□＿
□□□＿□□□□□□
□□□□□＿□□□□
□＿□□□□□□□□
00:51:06(91997f):field(91996f)
＿＿＿＿＿＿＿＿＿＿
＿＿＿＿＿＿＿＿＿＿
＿＿＿＿＿＿＿＿＿＿
＿＿＿＿＿＿＿＿＿＿
＿＿＿＿＿＿＿＿＿＿
＿＿＿＿＿＿＿＿＿＿
＿＿＿＿＿＿＿＿＿＿
＿＿＿＿＿＿＿＿＿＿
＿＿＿＿＿＿＿＿＿＿
＿＿＿＿＿＿＿＿＿＿
＿＿＿■■＿＿＿＿＿
＿＿＿■■□□＿□＿
□＿□□□□□□□＿
□□□□□□□□□＿
□□□□□＿□□□□
□□□□□□□＿□□
□□□□□□□□□＿
□□□＿□□□□□□
□□□□□＿□□□□
□＿□□□□□□□□
00:51:07(92011f):field(92010f)
＿＿＿＿＿＿＿＿＿＿
＿＿＿＿＿＿＿＿＿＿
＿＿＿＿＿＿＿＿＿＿
＿＿＿＿＿＿＿＿＿＿
＿＿＿＿＿＿＿＿＿＿
＿＿＿＿＿＿＿＿＿＿
＿＿＿＿＿＿＿＿＿＿
＿＿＿＿＿＿＿＿＿＿
＿＿＿＿＿＿＿■＿＿
＿＿＿＿＿＿＿■＿＿
＿＿＿□□＿＿■＿＿
＿＿＿□□□□■□＿
□＿□□□□□□□＿
□□□□□□□□□＿
□□□□□＿□□□□
□□□□□□□＿□□
□□□□□□□□□＿
□□□＿□□□□□□
□□□□□＿□□□□
□＿□□□□□□□□
00:51:07(92024f):field(92023f)
＿＿＿＿＿＿＿＿＿＿
＿＿＿＿＿＿＿＿＿＿
＿＿＿＿＿＿＿＿＿＿
＿＿＿＿＿＿＿＿＿＿
＿＿＿＿＿＿＿＿＿＿
＿＿＿＿＿＿＿＿＿＿
＿＿＿＿＿＿＿＿＿＿
＿＿＿＿＿＿＿＿＿＿
＿＿＿＿＿■＿□＿＿
＿＿＿＿＿■＿□＿＿
＿＿＿□□■■□＿＿
＿＿＿□□□□□□＿
□＿□□□□□□□＿
□□□□□□□□□＿
□□□□□＿□□□□
□□□□□□□＿□□
□□□□□□□□□＿
□□□＿□□□□□□
□□□□□＿□□□□
□＿□□□□□□□□
00:51:07(92036f):field(92035f)
＿＿＿＿＿＿＿＿＿＿
＿＿＿＿＿＿＿＿＿＿
＿＿＿＿＿＿＿＿＿＿
＿＿＿＿＿＿＿＿＿＿
＿＿＿＿＿＿＿＿＿＿
＿＿＿＿＿＿＿＿＿＿
＿＿＿＿＿＿＿＿＿＿
＿＿＿＿＿＿＿＿＿＿
＿＿＿＿＿□＿□＿＿
＿＿＿＿＿□＿□＿＿
＿＿＿□□□□□＿＿
■■■□□□□□□＿
□■□□□□□□□＿
□□□□□□□□□＿
□□□□□＿□□□□
□□□□□□□＿□□
□□□□□□□□□＿
□□□＿□□□□□□
□□□□□＿□□□□
□＿□□□□□□□□
00:51:08(92049f):field(92048f)
＿＿＿＿＿＿＿＿＿＿
＿＿＿＿＿＿＿＿＿＿
＿＿＿＿＿＿＿＿＿＿
＿＿＿＿＿＿＿＿＿＿
＿＿＿＿＿＿＿＿＿＿
＿＿＿＿＿＿＿＿＿＿
＿＿＿＿＿＿＿＿＿＿
＿＿＿＿＿＿＿＿＿＿
＿＿＿＿＿□＿□＿＿
＿＿■■＿□＿□＿＿
＿■■□□□□□＿＿
□□□□□□□□□＿
□□□□□□□□□＿
□□□□□□□□□＿
□□□□□＿□□□□
□□□□□□□＿□□
□□□□□□□□□＿
□□□＿□□□□□□
□□□□□＿□□□□
□＿□□□□□□□□
00:51:08(92062f):field(92061f)
＿＿＿＿＿＿＿＿＿＿
＿＿＿＿＿＿＿＿＿＿
＿＿＿＿＿＿＿＿＿＿
＿＿＿＿＿＿＿＿＿＿
＿＿＿＿＿＿＿＿＿＿
＿＿＿＿＿＿＿＿＿＿
＿＿＿＿＿＿＿＿＿＿
＿＿＿＿＿＿＿＿＿＿
＿＿■■■□＿□＿＿
＿＿□□■□＿□＿＿
＿□□□□□□□＿＿
□□□□□□□□□＿
□□□□□□□□□＿
□□□□□□□□□＿
□□□□□＿□□□□
□□□□□□□＿□□
□□□□□□□□□＿
□□□＿□□□□□□
□□□□□＿□□□□
□＿□□□□□□□□
00:51:09(92082f):field(92081f)
＿＿＿＿＿＿＿＿＿＿
＿＿＿＿＿＿＿＿＿＿
＿＿＿＿＿＿＿＿＿＿
＿＿＿＿＿＿＿＿＿＿
＿＿＿＿＿＿＿＿＿＿
＿＿＿＿＿＿＿＿＿＿
＿＿＿＿＿＿＿＿＿＿
＿＿＿＿＿＿＿＿＿＿
＿＿◆◆◆◆＿◆＿＿
＿＿◆◆◆◆＿◆＿＿
＿◆◆◆◆◆□◆＿＿
◆□□□□□◆□◆＿
□◆□□□□□□□＿
□□□□□□□□◆■
□□□□□■□□□□
□□□□□□□＿□□
□□□□□□□□□＿
□□□＿□□□□□□
□□□□□＿□□□□
□＿□□□□□□□□
00:51:09(92095f):field(92094f)
＿＿＿＿＿＿＿＿＿＿
＿＿＿＿＿＿＿＿＿＿
＿＿＿＿＿＿＿＿＿＿
＿＿＿＿＿＿＿＿＿＿
＿＿＿＿＿＿＿＿＿＿
＿＿＿＿＿＿＿＿＿＿
＿＿＿＿＿＿＿＿＿＿
＿＿＿＿＿＿＿＿＿＿
＿＿＿＿＿＿＿＿＿＿
＿＿＿＿＿■＿＿＿＿
＿＿＿■■■◆＿＿＿
＿◆□□□□＿□＿＿
◆＿□□□□◆□◆＿
◆□□□□□□□＿□
□□□□□◆□□□□
□□□□□□□＿□□
□□□□□□□□□＿
□□□＿□□□□□□
□□□□□＿□□□□
□＿□□□□□□□□
00:51:10(92108f):field(92107f)
＿＿＿＿＿＿＿＿＿＿
＿＿＿＿＿＿＿＿＿＿
＿＿＿＿＿＿＿＿＿＿
＿＿＿＿＿＿＿＿＿＿
＿＿＿＿＿＿＿＿＿＿
＿＿＿＿＿＿＿＿＿＿
＿＿＿＿＿＿＿＿＿＿
＿＿＿＿＿＿＿＿＿＿
＿＿＿＿＿＿＿＿＿＿
＿＿＿＿＿□＿＿＿＿
＿＿＿□□□＿＿＿＿
■＿□□□□＿□＿＿
■■□□□□＿□＿＿
■□□□□□□□＿□
□□□□□＿□□□□
□□□□□□□＿□□
□□□□□□□□□＿
□□□＿□□□□□□
□□□□□＿□□□□
□＿□□□□□□□□
00:51:10(92119f):field(92118f)
＿＿＿＿＿＿＿＿＿＿
＿＿＿＿＿＿＿＿＿＿
＿＿＿＿＿＿＿＿＿＿
＿＿＿＿＿＿＿＿＿＿
＿＿＿＿＿＿＿＿＿＿
＿＿＿＿＿＿＿＿＿＿
＿＿＿＿＿＿＿＿＿＿
＿＿＿＿＿＿＿＿＿＿
＿＿＿■■＿＿＿＿＿
＿＿＿■■□＿＿＿＿
＿＿＿□□□＿＿＿＿
□＿□□□□＿□＿＿
□□□□□□＿□＿＿
□□□□□□□□＿□
□□□□□＿□□□□
□□□□□□□＿□□
□□□□□□□□□＿
□□□＿□□□□□□
□□□□□＿□□□□
□＿□□□□□□□□
00:51:11(92133f):field(92132f)
＿＿＿＿＿＿＿＿＿＿
＿＿＿＿＿＿＿＿＿＿
＿＿＿＿＿＿＿＿＿＿
＿＿＿＿＿＿＿＿＿＿
＿＿＿＿＿＿＿＿＿＿
＿＿＿＿＿＿＿＿＿＿
＿＿＿＿＿＿＿＿＿＿
＿＿＿＿＿＿＿＿＿＿
＿＿＿□□＿＿＿＿＿
■＿＿□□□＿＿＿＿
■■＿□□□＿＿＿＿
□■□□□□＿□＿＿
□□□□□□＿□＿＿
□□□□□□□□＿□
□□□□□＿□□□□
□□□□□□□＿□□
□□□□□□□□□＿
□□□＿□□□□□□
□□□□□＿□□□□
□＿□□□□□□□□
00:51:11(92142f):field(92141f)
＿＿＿＿＿＿＿＿＿＿
＿＿＿＿＿＿＿＿＿＿
＿＿＿＿＿＿＿＿＿＿
＿＿＿＿＿＿＿＿＿＿
＿＿＿＿＿＿＿＿＿＿
＿＿＿＿＿＿＿＿＿＿
＿＿＿＿＿＿＿＿＿＿
＿＿＿＿＿＿＿＿＿＿
＿＿＿□□＿＿＿＿＿
□＿＿□□□■＿＿＿
□□＿□□□■＿＿＿
□□□□□□■□＿＿
□□□□□□■□＿＿
□□□□□□□□＿□
□□□□□＿□□□□
□□□□□□□＿□□
□□□□□□□□□＿
□□□＿□□□□□□
□□□□□＿□□□□
□＿□□□□□□□□
00:51:11(92156f):field(92155f)
＿＿＿＿＿＿＿＿＿＿
＿＿＿＿＿＿＿＿＿＿
＿＿＿＿＿＿＿＿＿＿
＿＿＿＿＿＿＿＿＿＿
＿＿＿＿＿＿＿＿＿＿
＿＿＿＿＿＿＿＿＿＿
＿＿＿＿＿＿＿＿＿＿
＿＿＿＿＿＿＿＿＿＿
＿＿＿◆◆＿＿＿＿＿
◆＿＿◆◆◆◆＿＿＿
◆◆■□□◆◆＿＿＿
□◆◆□□□□◆＿＿
□□◆□□□□◆＿＿
□□□□□□□□■◆
□□□□□＿□□□□
□□□□□□□＿□□
□□□□□□□□□＿
□□□＿□□□□□□
□□□□□＿□□□□
□＿□□□□□□□□
00:51:12(92168f):field(92167f)
＿＿＿＿＿＿＿＿＿＿
＿＿＿＿＿＿＿＿＿＿
＿＿＿＿＿＿＿＿＿＿
＿＿＿＿＿＿＿＿＿＿
＿＿＿＿＿＿＿＿＿＿
＿＿＿＿＿＿＿＿＿＿
＿＿＿＿＿＿＿＿＿＿
＿＿＿＿＿＿＿＿＿＿
＿＿＿＿＿＿＿＿＿＿
＿＿＿＿■■＿＿＿＿
＿＿◆□□■■＿＿＿
□＿＿□□□□＿＿＿
□□＿□□□□＿＿＿
□□□□□□□□□＿
□□□□□＿□□□□
□□□□□□□＿□□
□□□□□□□□□＿
□□□＿□□□□□□
□□□□□＿□□□□
□＿□□□□□□□□
00:51:12(92182f):field(92181f)
＿＿＿＿＿＿＿＿＿＿
＿＿＿＿＿＿＿＿＿＿
＿＿＿＿＿＿＿＿＿＿
＿＿＿＿＿＿＿＿＿＿
＿＿＿＿＿＿＿＿＿＿
＿＿＿＿＿＿＿＿＿＿
＿＿＿＿＿＿＿＿＿＿
＿＿＿＿＿＿＿＿＿＿
＿＿＿＿＿＿＿＿＿＿
＿＿＿＿□□＿＿＿＿
＿＿＿□□□□■＿＿
□＿＿□□□□■＿＿
□□＿□□□□■■＿
□□□□□□□□□＿
□□□□□＿□□□□
□□□□□□□＿□□
□□□□□□□□□＿
□□□＿□□□□□□
□□□□□＿□□□□
□＿□□□□□□□□
00:51:13(92193f):field(92192f)
＿＿＿＿＿＿＿＿＿＿
＿＿＿＿＿＿＿＿＿＿
＿＿＿＿＿＿＿＿＿＿
＿＿＿＿＿＿＿＿＿＿
＿＿＿＿＿＿＿＿＿＿
＿＿＿＿＿＿＿＿＿＿
＿＿＿＿＿＿＿＿＿＿
＿＿＿＿＿＿＿＿＿＿
＿＿＿＿＿＿＿＿＿＿
＿＿＿＿□□＿＿＿＿
＿■＿□□□□□＿＿
□■■□□□□□＿＿
□□■□□□□□□＿
□□□□□□□□□＿
□□□□□＿□□□□
□□□□□□□＿□□
□□□□□□□□□＿
□□□＿□□□□□□
□□□□□＿□□□□
□＿□□□□□□□□
00:51:13(92204f):field(92203f)
＿＿＿＿＿＿＿＿＿＿
＿＿＿＿＿＿＿＿＿＿
＿＿＿＿＿＿＿＿＿＿
＿＿＿＿＿＿＿＿＿＿
＿＿＿＿＿＿＿＿＿＿
＿＿＿＿＿＿＿＿＿＿
＿＿＿＿＿＿＿＿＿＿
＿＿＿＿■■＿＿＿＿
＿＿＿＿■■＿＿＿＿
＿＿＿＿□□＿＿＿＿
＿□＿□□□□□＿＿
□□□□□□□□＿＿
□□□□□□□□□＿
□□□□□□□□□＿
□□□□□＿□□□□
□□□□□□□＿□□
□□□□□□□□□＿
□□□＿□□□□□□
□□□□□＿□□□□
□＿□□□□□□□□
00:51:13(92219f):field(92218f)
＿＿＿＿＿＿＿＿＿＿
＿＿＿＿＿＿＿＿＿＿
＿＿＿＿＿＿＿＿＿＿
＿＿＿＿＿＿＿＿＿＿
＿＿＿＿＿＿＿＿＿＿
＿＿＿＿＿＿＿＿＿＿
＿＿＿＿＿＿＿＿＿＿
＿＿＿＿□□＿＿＿＿
＿＿＿＿□□＿＿＿＿
＿＿＿＿□□＿＿■■
＿□＿□□□□□■＿
□□□□□□□□■＿
□□□□□□□□□＿
□□□□□□□□□＿
□□□□□＿□□□□
□□□□□□□＿□□
□□□□□□□□□＿
□□□＿□□□□□□
□□□□□＿□□□□
□＿□□□□□□□□
00:51:14(92233f):field(92232f)
＿＿＿＿＿＿＿＿＿＿
＿＿＿＿＿＿＿＿＿＿
＿＿＿＿＿＿＿＿＿＿
＿＿＿＿＿＿＿＿＿＿
＿＿＿＿＿＿＿＿＿＿
＿＿＿＿＿＿＿＿＿＿
＿＿＿＿＿＿＿＿＿＿
＿＿＿＿□□＿＿＿＿
＿＿＿＿□□＿＿＿＿
＿■■■□□＿＿□□
＿□■□□□□□□＿
□□□□□□□□□＿
□□□□□□□□□＿
□□□□□□□□□＿
□□□□□＿□□□□
□□□□□□□＿□□
□□□□□□□□□＿
□□□＿□□□□□□
□□□□□＿□□□□
□＿□□□□□□□□
00:51:14(92246f):field(92245f)
＿＿＿＿＿＿＿＿＿＿
＿＿＿＿＿＿＿＿＿＿
＿＿＿＿＿＿＿＿＿＿
＿＿＿＿＿＿＿＿＿＿
＿＿＿＿＿＿＿＿＿＿
＿＿＿＿＿＿＿＿＿＿
＿＿＿＿＿＿＿＿＿＿
■＿＿＿□□＿＿＿＿
■＿＿＿□□＿＿＿＿
■□□□□□＿＿□□
■□□□□□□□□＿
□□□□□□□□□＿
□□□□□□□□□＿
□□□□□□□□□＿
□□□□□＿□□□□
□□□□□□□＿□□
□□□□□□□□□＿
□□□＿□□□□□□
□□□□□＿□□□□
□＿□□□□□□□□
00:51:15(92259f):field(92258f)
＿＿＿＿＿＿＿＿＿＿
＿＿＿＿＿＿＿＿＿＿
＿＿＿＿＿＿＿＿＿＿
＿＿＿＿＿＿＿＿＿＿
＿＿＿＿＿＿＿＿＿＿
＿＿＿＿■＿＿＿＿＿
＿＿＿■■＿＿＿＿＿
□＿＿■□□＿＿＿＿
□＿＿＿□□＿＿＿＿
□□□□□□＿＿□□
□□□□□□□□□＿
□□□□□□□□□＿
□□□□□□□□□＿
□□□□□□□□□＿
□□□□□＿□□□□
□□□□□□□＿□□
□□□□□□□□□＿
□□□＿□□□□□□
□□□□□＿□□□□
□＿□□□□□□□□
00:51:15(92271f):field(92270f)
＿＿＿＿＿＿＿＿＿＿
＿＿＿＿＿＿＿＿＿＿
＿＿＿＿＿＿＿＿＿＿
＿＿＿＿＿＿＿＿＿＿
＿＿＿＿＿＿＿＿＿＿
＿＿＿＿◆＿＿＿＿＿
＿＿＿◆□＿＿＿＿＿
◆＿＿□□◆＿＿＿＿
□＿＿■□□＿■■＿
□□◆◆□□＿■□□
□□□□□□□□□＿
□□□□□□□□□＿
□□□□□□□□□＿
□□□□□□□□□＿
□□□□□＿□□□□
□□□□□□□＿□□
□□□□□□□□□＿
□□□＿□□□□□□
□□□□□＿□□□□
□＿□□□□□□□□
00:51:16(92284f):field(92283f)
＿＿＿＿＿＿＿＿＿＿
＿＿＿＿＿＿＿＿＿＿
＿＿＿＿＿＿＿＿＿＿
＿＿＿＿＿＿＿＿＿＿
＿＿＿＿＿＿＿＿＿＿
＿＿＿＿＿＿＿＿＿＿
＿＿＿＿□＿＿＿＿＿
＿＿＿□□＿＿＿＿＿
□■＿□□□＿◆◆＿
□□■■□□＿□□◆
□□□□□□□□□＿
□□□□□□□□□＿
□□□□□□□□□＿
□□□□□□□□□＿
□□□□□＿□□□□
□□□□□□□＿□□
□□□□□□□□□＿
□□□＿□□□□□□
□□□□□＿□□□□
□＿□□□□□□□□
00:51:16(92298f):field(92297f)
＿＿＿＿＿＿＿＿＿＿
＿＿＿＿＿＿＿＿＿＿
＿＿＿＿＿＿＿＿＿＿
＿＿＿＿＿＿＿＿＿＿
＿＿＿＿＿＿＿＿＿＿
＿＿＿＿＿＿＿＿＿＿
＿＿■＿□＿＿＿＿＿
＿■■□□＿＿＿＿＿
□□■□□□＿＿＿＿
□□□□□□＿□□＿
□□□□□□□□□＿
□□□□□□□□□＿
□□□□□□□□□＿
□□□□□□□□□＿
□□□□□＿□□□□
□□□□□□□＿□□
□□□□□□□□□＿
□□□＿□□□□□□
□□□□□＿□□□□
□＿□□□□□□□□
00:51:17(92315f):field(92314f)
＿＿＿＿＿＿＿＿＿＿
＿＿＿＿＿＿＿＿＿＿
＿＿＿＿＿＿＿＿＿＿
＿＿＿＿＿＿＿＿＿＿
＿＿＿＿＿＿＿＿＿＿
＿＿＿＿＿＿＿＿＿＿
＿＿□＿□＿＿＿＿＿
＿□□□□＿＿■■＿
□□□□□□＿■■＿
□□□□□□＿□□＿
□□□□□□□□□＿
□□□□□□□□□＿
□□□□□□□□□＿
□□□□□□□□□＿
□□□□□＿□□□□
□□□□□□□＿□□
□□□□□□□□□＿
□□□＿□□□□□□
□□□□□＿□□□□
□＿□□□□□□□□
00:51:17(92327f):field(92326f)
＿＿＿＿＿＿＿＿＿＿
＿＿＿＿＿＿＿＿＿＿
＿＿＿＿＿＿＿＿＿＿
＿＿＿＿＿＿＿＿＿＿
＿＿＿＿＿＿＿＿＿＿
＿＿＿＿＿＿＿＿＿＿
＿＿□＿□＿■＿＿＿
＿□□□□＿■□□＿
□□□□□□■□□＿
□□□□□□■□□＿
□□□□□□□□□＿
□□□□□□□□□＿
□□□□□□□□□＿
□□□□□□□□□＿
□□□□□＿□□□□
□□□□□□□＿□□
□□□□□□□□□＿
□□□＿□□□□□□
□□□□□＿□□□□
□＿□□□□□□□□
00:51:18(92342f):field(92341f)
＿＿＿＿＿＿＿＿＿＿
＿＿＿＿＿＿＿＿＿＿
＿＿＿＿＿＿＿＿＿＿
＿＿＿＿＿＿＿＿＿＿
＿＿＿＿＿＿＿＿＿＿
＿■＿＿＿＿＿＿＿＿
■■□＿□＿□＿＿＿
■□□□□＿□□□＿
□□□□□□□□□＿
□□□□□□□□□＿
□□□□□□□□□＿
□□□□□□□□□＿
□□□□□□□□□＿
□□□□□□□□□＿
□□□□□＿□□□□
□□□□□□□＿□□
□□□□□□□□□＿
□□□＿□□□□□□
□□□□□＿□□□□
□＿□□□□□□□□
00:51:18(92354f):field(92353f)
＿＿＿＿＿＿＿＿＿＿
＿＿＿＿＿＿＿＿＿＿
＿＿＿＿＿＿＿＿＿＿
＿＿＿＿＿＿＿＿＿＿
＿＿＿＿＿＿＿＿＿＿
＿□＿＿■■＿＿＿＿
□□□＿□■□＿＿＿
□□□□□■□□□＿
□□□□□□□□□＿
□□□□□□□□□＿
□□□□□□□□□＿
□□□□□□□□□＿
□□□□□□□□□＿
□□□□□□□□□＿
□□□□□＿□□□□
□□□□□□□＿□□
□□□□□□□□□＿
□□□＿□□□□□□
□□□□□＿□□□□
□＿□□□□□□□□
00:51:18(92369f):field(92368f)
＿＿＿＿＿＿＿＿＿＿
＿＿＿＿＿＿＿＿＿＿
＿＿＿＿＿＿＿＿＿＿
＿＿＿＿＿＿＿＿＿＿
＿＿＿＿＿＿＿＿＿＿
＿◆＿＿◆◆＿＿＿＿
◆◆◆＿◆◆◆＿＿＿
◆◆◆◆◆◆◆◆◆＿
◆◆◆◆◆◆◆◆◆＿
◆□◆◆□□◆◆◆＿
□□□□□□□◆□＿
□□□□□□□□□■
□□□□□□□□□＿
□□□□□□□□□■
□□□□□■□□□□
□□□□□□□＿□□
□□□□□□□□□＿
□□□＿□□□□□□
□□□□□＿□□□□
□＿□□□□□□□□
00:51:19(92383f):field(92382f)
＿＿＿＿＿＿＿＿＿＿
＿＿＿＿＿＿＿＿＿＿
＿＿＿＿＿＿＿＿＿＿
＿＿＿＿＿＿＿＿＿＿
＿＿＿＿＿＿＿＿＿＿
＿＿＿＿＿＿＿＿＿＿
＿＿＿＿＿＿＿＿＿＿
＿＿＿＿＿＿＿＿＿＿
＿＿＿＿＿＿＿＿＿＿
＿□＿＿□□＿■■＿
□□□◆□□□■□＿
□□□□□□□□□◆
□□□□□□□□□＿
□□□□□□□□□◆
□□□□□◆□□□□
□□□□□□□＿□□
□□□□□□□□□＿
□□□＿□□□□□□
□□□□□＿□□□□
□＿□□□□□□□□
00:51:19(92394f):field(92393f)
＿＿＿＿＿＿＿＿＿＿
＿＿＿＿＿＿＿＿＿＿
＿＿＿＿＿＿＿＿＿＿
＿＿＿＿＿＿＿＿＿＿
＿＿＿＿＿＿＿＿＿＿
＿＿＿＿＿＿＿＿＿＿
＿＿＿＿＿＿＿＿＿＿
＿＿＿＿＿＿＿＿＿＿
＿＿■＿＿＿＿＿＿＿
＿□■■□□＿□□＿
□□□■□□□□□＿
□□□□□□□□□＿
□□□□□□□□□＿
□□□□□□□□□＿
□□□□□＿□□□□
□□□□□□□＿□□
□□□□□□□□□＿
□□□＿□□□□□□
□□□□□＿□□□□
□＿□□□□□□□□
00:51:20(92404f):field(92403f)
＿＿＿＿＿＿＿＿＿＿
＿＿＿＿＿＿＿＿＿＿
＿＿＿＿＿＿＿＿＿＿
＿＿＿＿＿＿＿＿＿＿
＿＿＿＿＿＿＿＿＿＿
＿＿＿＿＿＿＿＿＿＿
＿＿＿＿＿＿＿＿＿＿
＿＿＿＿＿＿＿＿＿＿
＿＿□＿■■■＿＿＿
＿□□□□□■□□＿
□□□□□□□□□＿
□□□□□□□□□＿
□□□□□□□□□＿
□□□□□□□□□＿
□□□□□＿□□□□
□□□□□□□＿□□
□□□□□□□□□＿
□□□＿□□□□□□
□□□□□＿□□□□
□＿□□□□□□□□
00:51:20(92416f):field(92415f)
＿＿＿＿＿＿＿＿＿＿
＿＿＿＿＿＿＿＿＿＿
＿＿＿＿＿＿＿＿＿＿
＿＿＿＿＿＿＿＿＿＿
＿＿＿＿＿＿＿＿＿＿
＿＿＿＿＿＿＿＿＿＿
＿＿＿＿■＿＿＿＿＿
＿＿＿■■＿＿＿＿＿
＿＿□■□□□＿＿＿
＿□□□□□□□□＿
□□□□□□□□□＿
□□□□□□□□□＿
□□□□□□□□□＿
□□□□□□□□□＿
□□□□□＿□□□□
□□□□□□□＿□□
□□□□□□□□□＿
□□□＿□□□□□□
□□□□□＿□□□□
□＿□□□□□□□□
00:51:20(92428f):field(92427f)
＿＿＿＿＿＿＿＿＿＿
＿＿＿＿＿＿＿＿＿＿
＿＿＿＿＿＿＿＿＿＿
＿＿＿＿＿＿＿＿＿＿
＿＿＿＿＿＿＿＿＿＿
＿＿＿＿＿＿＿＿＿＿
＿＿＿＿□＿＿＿＿＿
■＿＿□□＿＿＿＿＿
■■□□□□□＿＿＿
■□□□□□□□□＿
□□□□□□□□□＿
□□□□□□□□□＿
□□□□□□□□□＿
□□□□□□□□□＿
□□□□□＿□□□□
□□□□□□□＿□□
□□□□□□□□□＿
□□□＿□□□□□□
□□□□□＿□□□□
□＿□□□□□□□□
00:51:21(92440f):field(92439f)
＿＿＿＿＿＿＿＿＿＿
＿＿＿＿＿＿＿＿＿＿
＿＿＿＿＿＿＿＿＿＿
＿＿＿＿＿＿＿＿＿＿
＿＿＿＿＿＿＿＿＿＿
＿＿＿＿＿＿＿＿＿＿
＿＿＿＿◆＿＿＿＿＿
◆＿＿◆◆＿＿＿＿＿
◆◆◆◆◆◆◆＿＿＿
◆□◆◆◆◆◆◆◆■
◆◆◆◆□◆◆◆□＿
□◆□□□□◆□◆＿
□□□□□□□□□＿
□□□□□□□□□■
□□□□□■□□□□
□□□□□□□＿□□
□□□□□□□□□＿
□□□＿□□□□□□
□□□□□＿□□□□
□＿□□□□□□□□
00:51:21(92453f):field(92452f)
＿＿＿＿＿＿＿＿＿＿
＿＿＿＿＿＿＿＿＿＿
＿＿＿＿＿＿＿＿＿＿
＿＿＿＿＿＿＿＿＿＿
＿＿＿＿＿＿＿＿＿＿
＿＿＿＿＿＿＿＿＿＿
＿＿＿＿＿＿＿＿＿＿
＿＿＿＿＿＿＿＿＿＿
＿＿＿＿＿＿＿＿＿＿
＿◆＿＿＿■＿＿＿◆
＿＿＿＿□■＿＿◆＿
□＿◆□□□■◆＿＿
□□□□□□□◆◆＿
□□□□□□□□□◆
□□□□□◆□□□□
□□□□□□□＿□□
□□□□□□□□□＿
□□□＿□□□□□□
□□□□□＿□□□□
□＿□□□□□□□□
00:51:22(92465f):field(92464f)
＿＿＿＿＿＿＿＿＿＿
＿＿＿＿＿＿＿＿＿＿
＿＿＿＿＿＿＿＿＿＿
＿＿＿＿＿＿＿＿＿＿
＿＿＿＿＿＿＿＿＿＿
＿＿＿＿＿＿＿＿＿＿
＿＿＿＿＿＿＿＿＿＿
＿＿＿＿＿＿＿＿＿＿
＿＿＿＿＿＿＿＿＿＿
＿＿＿＿＿◆＿＿＿＿
＿＿＿＿◆◆＿＿＿＿
◆■＿◆◆□◆＿＿■
◆◆◆◆□□◆■■＿
□□□□□□□◆◆＿
□□□□□■□□□□
□□□□□□□＿□□
□□□□□□□□□＿
□□□＿□□□□□□
□□□□□＿□□□□
□＿□□□□□□□□
00:51:22(92476f):field(92475f)
＿＿＿＿＿＿＿＿＿＿
＿＿＿＿＿＿＿＿＿＿
＿＿＿＿＿＿＿＿＿＿
＿＿＿＿＿＿＿＿＿＿
＿＿＿＿＿＿＿＿＿＿
＿＿＿＿＿＿＿＿＿＿
＿＿＿＿＿＿＿＿＿＿
＿＿＿＿＿＿＿＿＿＿
＿＿＿＿＿＿＿＿＿＿
＿＿＿＿＿＿＿＿＿＿
＿＿＿＿＿＿＿＿＿＿
＿◆＿＿＿□＿＿＿◆
■■＿＿□□＿◆◆＿
□□□□□□□＿＿＿
□□□□□◆□□□□
□□□□□□□＿□□
□□□□□□□□□＿
□□□＿□□□□□□
□□□□□＿□□□□
□＿□□□□□□□□
00:51:22(92486f):field(92485f)
＿＿＿＿＿＿＿＿＿＿
＿＿＿＿＿＿＿＿＿＿
＿＿＿＿＿＿＿＿＿＿
＿＿＿＿＿＿＿＿＿＿
＿＿＿＿＿＿＿＿＿＿
＿＿＿＿＿＿＿＿＿＿
＿＿＿＿＿＿＿＿＿＿
＿＿＿＿＿＿＿＿＿＿
＿＿＿＿＿＿＿＿＿＿
＿＿＿＿＿＿＿＿＿＿
＿＿＿＿＿＿＿＿＿＿
＿＿＿■■□＿＿＿＿
□□■■□□＿＿＿＿
□□□□□□□＿＿＿
□□□□□＿□□□□
□□□□□□□＿□□
□□□□□□□□□＿
□□□＿□□□□□□
□□□□□＿□□□□
□＿□□□□□□□□
00:51:23(92498f):field(92497f)
＿＿＿＿＿＿＿＿＿＿
＿＿＿＿＿＿＿＿＿＿
＿＿＿＿＿＿＿＿＿＿
＿＿＿＿＿＿＿＿＿＿
＿＿＿＿＿＿＿＿＿＿
＿＿＿＿＿＿＿＿＿＿
＿＿＿＿＿＿＿＿＿＿
＿＿＿＿＿＿＿＿＿＿
＿＿＿＿＿＿＿＿＿＿
＿＿＿＿＿＿＿＿＿＿
＿＿＿＿＿＿＿＿＿＿
＿＿＿□□□＿＿＿＿
□□□□□□＿＿■■
□□□□□□□＿■■
□□□□□＿□□□□
□□□□□□□＿□□
□□□□□□□□□＿
□□□＿□□□□□□
□□□□□＿□□□□
□＿□□□□□□□□
00:51:23(92509f):field(92508f)
＿＿＿＿＿＿＿＿＿＿
＿＿＿＿＿＿＿＿＿＿
＿＿＿＿＿＿＿＿＿＿
＿＿＿＿＿＿＿＿＿＿
＿＿＿＿＿＿＿＿＿＿
＿＿＿＿＿＿＿＿＿＿
＿＿＿＿＿＿＿＿＿＿
＿＿＿＿＿＿＿＿＿＿
＿＿＿＿＿＿＿＿＿＿
＿＿＿＿＿＿＿＿＿＿
＿＿＿＿＿＿＿＿＿＿
＿＿＿◆◆◆＿■＿＿
◆◆◆◆◆◆■＿□◆
◆□◆□□□□■◆□
□□□□□■□□□□
□□□□□□□＿□□
□□□□□□□□□＿
□□□＿□□□□□□
□□□□□＿□□□□
□＿□□□□□□□□
00:51:24(92528f):field(92527f)
＿＿＿＿＿＿＿＿＿＿
＿＿＿＿＿＿＿＿＿＿
＿＿＿＿＿＿＿＿＿＿
＿＿＿＿＿＿＿＿＿＿
＿＿＿＿＿＿＿＿＿＿
＿＿＿＿＿＿＿＿＿＿
＿＿＿＿＿＿＿＿＿＿
＿＿＿＿＿＿＿＿＿＿
＿＿＿＿＿＿＿＿＿＿
＿＿＿＿＿＿＿＿＿＿
＿＿＿＿＿＿＿＿＿＿
■■＿＿＿＿＿◆＿＿
■＿＿＿＿＿◆＿◆＿
■◆＿□□□◆□＿◆
□□□□□◆□□□□
□□□□□□□＿□□
□□□□□□□□□＿
□□□＿□□□□□□
□□□□□＿□□□□
□＿□□□□□□□□
00:51:24(92548f):field(92547f)
＿＿＿＿＿＿＿＿＿＿
＿＿＿＿＿＿＿＿＿＿
＿＿＿＿＿＿＿＿＿＿
＿＿＿＿＿＿＿＿＿＿
＿＿＿＿＿＿＿＿＿＿
＿＿＿＿＿＿＿＿＿＿
＿＿＿＿＿＿＿＿＿＿
＿＿＿＿＿＿＿＿＿＿
＿＿＿＿＿＿＿＿＿＿
＿＿＿＿＿＿＿＿＿＿
＿＿＿＿＿＿＿＿＿＿
□□＿＿＿＿＿＿＿＿
□＿＿＿■■■■＿＿
□＿＿□□□＿□＿＿
□□□□□＿□□□□
□□□□□□□＿□□
□□□□□□□□□＿
□□□＿□□□□□□
□□□□□＿□□□□
□＿□□□□□□□□
00:51:25(92565f):field(92564f)
＿＿＿＿＿＿＿＿＿＿
＿＿＿＿＿＿＿＿＿＿
＿＿＿＿＿＿＿＿＿＿
＿＿＿＿＿＿＿＿＿＿
＿＿＿＿＿＿＿＿＿＿
＿＿＿＿＿＿＿＿＿＿
＿＿＿＿＿＿＿＿＿＿
＿＿＿＿＿＿＿＿＿＿
＿＿＿＿＿＿＿＿＿＿
＿＿＿＿＿＿＿＿＿＿
＿＿＿＿＿＿＿＿＿＿
□□＿＿＿＿＿＿■＿
□＿＿＿□□□□■＿
□＿＿□□□＿□■■
□□□□□＿□□□□
□□□□□□□＿□□
□□□□□□□□□＿
□□□＿□□□□□□
□□□□□＿□□□□
□＿□□□□□□□□
00:51:25(92575f):field(92574f)
＿＿＿＿＿＿＿＿＿＿
＿＿＿＿＿＿＿＿＿＿
＿＿＿＿＿＿＿＿＿＿
＿＿＿＿＿＿＿＿＿＿
＿＿＿＿＿＿＿＿＿＿
＿＿＿＿＿＿＿＿＿＿
＿＿＿＿＿＿＿＿＿＿
＿＿＿＿＿＿＿＿＿＿
＿＿＿＿＿＿＿＿＿＿
＿＿＿＿＿＿＿＿＿＿
＿＿＿＿■■＿＿＿＿
□□＿＿■■＿＿□＿
□＿＿＿□□□□□＿
□＿＿□□□＿□□□
□□□□□＿□□□□
□□□□□□□＿□□
□□□□□□□□□＿
□□□＿□□□□□□
□□□□□＿□□□□
□＿□□□□□□□□
00:51:26(92589f):field(92588f)
＿＿＿＿＿＿＿＿＿＿
＿＿＿＿＿＿＿＿＿＿
＿＿＿＿＿＿＿＿＿＿
＿＿＿＿＿＿＿＿＿＿
＿＿＿＿＿＿＿＿＿＿
＿＿＿＿＿＿＿＿＿＿
＿＿＿＿＿＿＿＿＿＿
＿＿＿＿＿＿＿＿＿＿
＿＿＿＿＿＿＿＿＿＿
＿＿＿＿＿＿＿＿＿＿
＿＿＿＿□□＿■■＿
□□＿＿□□■■□＿
□＿＿＿□□□□□＿
□＿＿□□□＿□□□
□□□□□＿□□□□
□□□□□□□＿□□
□□□□□□□□□＿
□□□＿□□□□□□
□□□□□＿□□□□
□＿□□□□□□□□
00:51:26(92605f):field(92604f)
＿＿＿＿＿＿＿＿＿＿
＿＿＿＿＿＿＿＿＿＿
＿＿＿＿＿＿＿＿＿＿
＿＿＿＿＿＿＿＿＿＿
＿＿＿＿＿＿＿＿＿＿
＿＿＿＿＿＿＿＿＿＿
＿＿＿＿＿＿＿＿＿＿
＿＿＿＿＿＿＿＿＿＿
＿＿＿＿＿＿＿＿＿＿
＿＿＿＿＿＿＿＿＿＿
＿＿＿＿□□＿□□＿
□□＿■□□□□□＿
□＿■■□□□□□＿
□＿■□□□＿□□□
□□□□□＿□□□□
□□□□□□□＿□□
□□□□□□□□□＿
□□□＿□□□□□□
□□□□□＿□□□□
□＿□□□□□□□□
00:51:27(92621f):field(92620f)
＿＿＿＿＿＿＿＿＿＿
＿＿＿＿＿＿＿＿＿＿
＿＿＿＿＿＿＿＿＿＿
＿＿＿＿＿＿＿＿＿＿
＿＿＿＿＿＿＿＿＿＿
＿＿＿＿＿＿＿＿＿＿
＿＿＿＿＿＿＿＿＿＿
＿＿＿＿＿＿＿＿＿＿
＿＿＿＿＿＿＿＿＿＿
＿＿＿＿＿＿＿＿＿＿
＿■■■□□＿□□＿
□□■□□□□□□＿
□＿□□□□□□□＿
□＿□□□□＿□□□
□□□□□＿□□□□
□□□□□□□＿□□
□□□□□□□□□＿
□□□＿□□□□□□
□□□□□＿□□□□
□＿□□□□□□□□
00:51:27(92635f):field(92634f)
＿＿＿＿＿＿＿＿＿＿
＿＿＿＿＿＿＿＿＿＿
＿＿＿＿＿＿＿＿＿＿
＿＿＿＿＿＿＿＿＿＿
＿＿＿＿＿＿＿＿＿＿
＿＿＿＿＿＿＿＿＿＿
＿＿＿＿＿＿＿＿＿＿
＿＿＿＿＿＿＿＿＿＿
＿＿＿＿＿＿＿＿＿＿
■■■＿＿＿＿＿＿＿
■□□□□□＿□□＿
□□□□□□□□□＿
□＿□□□□□□□＿
□＿□□□□＿□□□
□□□□□＿□□□□
□□□□□□□＿□□
□□□□□□□□□＿
□□□＿□□□□□□
□□□□□＿□□□□
□＿□□□□□□□□
00:51:28(92645f):field(92644f)
＿＿＿＿＿＿＿＿＿＿
＿＿＿＿＿＿＿＿＿＿
＿＿＿＿＿＿＿＿＿＿
＿＿＿＿＿＿＿＿＿＿
＿＿＿＿＿＿＿＿＿＿
＿＿＿＿＿＿＿＿＿＿
＿＿＿＿＿＿＿＿＿＿
＿＿＿＿＿＿＿＿＿＿
＿＿＿＿＿＿＿＿＿＿
□□□＿■■■＿＿＿
□□□□□□■□□＿
□□□□□□□□□＿
□＿□□□□□□□＿
□＿□□□□＿□□□
□□□□□＿□□□□
□□□□□□□＿□□
□□□□□□□□□＿
□□□＿□□□□□□
□□□□□＿□□□□
□＿□□□□□□□□
00:51:28(92657f):field(92656f)
＿＿＿＿＿＿＿＿＿＿
＿＿＿＿＿＿＿＿＿＿
＿＿＿＿＿＿＿＿＿＿
＿＿＿＿＿＿＿＿＿＿
＿＿＿＿＿＿＿＿＿＿
＿＿＿＿＿＿＿＿＿＿
＿＿＿＿＿＿＿＿＿＿
＿＿■＿＿＿＿＿＿＿
＿＿■■＿＿＿＿＿＿
□□□■□□□＿＿＿
□□□□□□□□□＿
□□□□□□□□□＿
□＿□□□□□□□＿
□＿□□□□＿□□□
□□□□□＿□□□□
□□□□□□□＿□□
□□□□□□□□□＿
□□□＿□□□□□□
□□□□□＿□□□□
□＿□□□□□□□□
00:51:28(92668f):field(92667f)
＿＿＿＿＿＿＿＿＿＿
＿＿＿＿＿＿＿＿＿＿
＿＿＿＿＿＿＿＿＿＿
＿＿＿＿＿＿＿＿＿＿
＿＿＿＿＿＿＿＿＿＿
＿＿＿＿＿＿＿＿＿＿
＿＿＿＿＿＿＿＿＿＿
＿＿□＿■■＿＿＿＿
＿＿□□■■＿＿＿＿
□□□□□□□＿＿＿
□□□□□□□□□＿
□□□□□□□□□＿
□＿□□□□□□□＿
□＿□□□□＿□□□
□□□□□＿□□□□
□□□□□□□＿□□
□□□□□□□□□＿
□□□＿□□□□□□
□□□□□＿□□□□
□＿□□□□□□□□
00:51:29(92680f):field(92679f)
＿＿＿＿＿＿＿＿＿＿
＿＿＿＿＿＿＿＿＿＿
＿＿＿＿＿＿＿＿＿＿
＿＿＿＿＿＿＿＿＿＿
＿＿＿＿＿＿＿＿＿＿
＿＿＿＿＿＿＿＿＿＿
＿＿■■■＿＿＿＿＿
＿＿□■□□＿＿＿＿
＿＿□□□□＿＿＿＿
□□□□□□□＿＿＿
□□□□□□□□□＿
□□□□□□□□□＿
□＿□□□□□□□＿
□＿□□□□＿□□□
□□□□□＿□□□□
□□□□□□□＿□□
□□□□□□□□□＿
□□□＿□□□□□□
□□□□□＿□□□□
□＿□□□□□□□□
00:51:29(92693f):field(92692f)
＿＿＿＿＿＿＿＿＿＿
＿＿＿＿＿＿＿＿＿＿
＿＿＿＿＿＿＿＿＿＿
＿＿＿＿＿＿＿＿＿＿
＿＿＿＿＿＿＿＿＿＿
＿＿＿＿＿＿＿＿＿＿
＿＿◆◆◆＿＿＿＿＿
＿＿◆◆◆◆＿＿＿＿
＿＿□□□◆＿＿＿＿
◆◆□□□□◆■＿＿
□◆□□□□□◆□＿
□□□□□□□□□■
□■□□□□□□□■
□＿□□□□＿□□□
□□□□□＿□□□□
□□□□□□□＿□□
□□□□□□□□□＿
□□□＿□□□□□□
□□□□□＿□□□□
□＿□□□□□□□□
00:51:30(92705f):field(92704f)
＿＿＿＿＿＿＿＿＿＿
＿＿＿＿＿＿＿＿＿＿
＿＿＿＿＿＿＿＿＿＿
＿＿＿＿＿＿＿＿＿＿
＿＿＿＿＿＿＿＿＿＿
＿＿＿＿＿＿＿＿＿＿
＿＿＿＿＿＿＿＿＿＿
＿＿＿＿＿＿＿＿＿＿
＿＿◆◆◆＿＿＿＿＿
＿＿□□□◆＿◆＿＿
◆＿□□□□◆＿□＿
◆◆□□□□◆□□□
□◆□□□□□□□◆
□■□□□□＿□□□
□□□□□＿□□□□
□□□□□□□＿□□
□□□□□□□□□＿
□□□＿□□□□□□
□□□□□＿□□□□
□＿□□□□□□□□
00:51:30(92716f):field(92715f)
＿＿＿＿＿＿＿＿＿＿
＿＿＿＿＿＿＿＿＿＿
＿＿＿＿＿＿＿＿＿＿
＿＿＿＿＿＿＿＿＿＿
＿＿＿＿＿＿＿＿＿＿
＿＿＿＿＿＿＿＿＿＿
＿＿＿＿＿＿＿＿＿＿
＿＿＿＿■＿＿＿＿＿
＿＿＿＿■■＿＿＿＿
＿＿□□□■＿＿＿＿
＿＿□□□□＿＿□＿
＿＿□□□□＿□□◆
□＿□□□□□□□＿
□◆□□□□＿□□□
□□□□□＿□□□□
□□□□□□□＿□□
□□□□□□□□□＿
□□□＿□□□□□□
□□□□□＿□□□□
□＿□□□□□□□□
00:51:30(92728f):field(92727f)
＿＿＿＿＿＿＿＿＿＿
＿＿＿＿＿＿＿＿＿＿
＿＿＿＿＿＿＿＿＿＿
＿＿＿＿＿＿＿＿＿＿
＿＿＿＿＿＿＿＿＿＿
＿＿＿＿＿＿＿＿＿＿
＿＿＿＿＿＿＿＿＿＿
＿＿＿＿□＿＿＿＿＿
＿＿＿＿□□■＿＿＿
＿＿□□□□■＿＿＿
＿＿□□□□■＿□＿
＿＿□□□□■□□＿
□＿□□□□□□□＿
□＿□□□□＿□□□
□□□□□＿□□□□
□□□□□□□＿□□
□□□□□□□□□＿
□□□＿□□□□□□
□□□□□＿□□□□
□＿□□□□□□□□
00:51:31(92739f):field(92738f)
＿＿＿＿＿＿＿＿＿＿
＿＿＿＿＿＿＿＿＿＿
＿＿＿＿＿＿＿＿＿＿
＿＿＿＿＿＿＿＿＿＿
＿＿＿＿＿＿＿＿＿＿
＿＿＿＿＿＿＿＿＿＿
＿＿＿＿＿＿＿＿＿＿
＿＿＿＿□＿＿＿＿＿
＿＿＿＿□□□■＿＿
＿＿□□□□□■■＿
＿＿□□□□□■□＿
＿＿□□□□□□□＿
□＿□□□□□□□＿
□＿□□□□＿□□□
□□□□□＿□□□□
□□□□□□□＿□□
□□□□□□□□□＿
□□□＿□□□□□□
□□□□□＿□□□□
□＿□□□□□□□□
00:51:31(92757f):field(92756f)
＿＿＿＿＿＿＿＿＿＿
＿＿＿＿＿＿＿＿＿＿
＿＿＿＿＿＿＿＿＿＿
＿＿＿＿＿＿＿＿＿＿
＿＿＿＿＿＿＿＿＿＿
＿＿＿＿＿＿＿＿＿＿
＿＿＿＿＿＿＿＿＿＿
＿＿■■□＿＿＿＿＿
＿＿■■□□□□＿＿
＿＿□□□□□□□＿
＿＿□□□□□□□＿
＿＿□□□□□□□＿
□＿□□□□□□□＿
□＿□□□□＿□□□
□□□□□＿□□□□
□□□□□□□＿□□
□□□□□□□□□＿
□□□＿□□□□□□
□□□□□＿□□□□
□＿□□□□□□□□
00:51:32(92779f):field(92778f)
＿＿＿＿＿＿＿＿＿＿
＿＿＿＿＿＿＿＿＿＿
＿＿＿＿＿＿＿＿＿＿
＿＿＿＿＿＿＿＿＿＿
＿＿＿＿＿＿＿＿＿＿
＿＿＿＿■■■＿＿＿
＿＿＿＿■■■＿＿＿
＿＿□□□■■＿＿＿
＿＿□□□□□□＿＿
＿＿□□□□□□□＿
＿＿□□□□□□□＿
＿＿□□□□□□□＿
□＿□□□□□□□＿
□＿□□□□＿□□□
□□□□□＿□□□□
□□□□□□□＿□□
□□□□□□□□□＿
□□□＿□□□□□□
□□□□□＿□□□□
□＿□□□□□□□□
00:51:33(92797f):field(92796f)
＿＿＿＿＿＿＿＿＿＿
＿＿＿＿＿＿＿＿＿＿
＿＿＿＿＿＿＿＿＿＿
＿＿＿＿＿＿＿＿＿＿
＿＿＿■■＿＿＿＿＿
＿＿＿■□□□＿＿＿
＿＿＿■□□□＿＿＿
＿＿□□□□□＿＿＿
＿＿□□□□□□＿＿
＿＿□□□□□□□＿
＿＿□□□□□□□＿
＿＿□□□□□□□＿
□＿□□□□□□□＿
□＿□□□□＿□□□
□□□□□＿□□□□
□□□□□□□＿□□
□□□□□□□□□＿
□□□＿□□□□□□
□□□□□＿□□□□
□＿□□□□□□□□
00:51:33(92812f):field(92811f)
＿＿＿＿＿＿＿＿＿＿
＿＿＿＿＿＿＿＿＿＿
＿＿＿＿＿＿＿＿＿＿
＿＿＿＿＿＿＿＿＿＿
＿＿＿□□＿＿＿＿＿
＿＿＿□□□□＿＿＿
＿＿＿□□□□＿＿＿
＿＿□□□□□＿＿＿
＿＿□□□□□□＿＿
＿＿□□□□□□□＿
＿■□□□□□□□＿
■■□□□□□□□＿
□■□□□□□□□＿
□＿□□□□＿□□□
□□□□□＿□□□□
□□□□□□□＿□□
□□□□□□□□□＿
□□□＿□□□□□□
□□□□□＿□□□□
□＿□□□□□□□□
00:51:34(92826f):field(92825f)
＿＿＿＿＿＿＿＿＿＿
＿＿＿＿＿＿＿＿＿＿
＿＿＿＿＿＿＿＿＿＿
＿＿＿＿＿＿＿＿＿＿
＿＿＿◆◆＿＿＿＿＿
＿＿＿◆◆◆◆＿＿＿
＿＿＿□□◆◆＿＿＿
＿＿◆□□□□＿＿＿
＿＿◆□□□□◆＿＿
＿＿□□□□□◆◆＿
■◆□□□□□□◆＿
◆◆□□□□□□□■
◆□□□□□□□□■
□＿□□□□＿□□□
□□□□□＿□□□□
□□□□□□□＿□□
□□□□□□□□□＿
□□□＿□□□□□□
□□□□□＿□□□□
□＿□□□□□□□□
00:51:34(92841f):field(92840f)
＿＿＿＿＿＿＿＿＿＿
＿＿＿＿＿＿＿＿＿＿
＿＿＿＿＿＿＿＿＿＿
＿＿＿＿＿＿＿＿＿＿
＿＿＿＿＿＿＿＿＿＿
＿＿＿＿＿＿＿＿＿＿
＿＿＿□□＿＿＿＿＿
＿＿＿□□□□＿＿＿
＿＿＿□□□□＿＿＿
＿＿□□□□□＿■■
◆＿□□□□□□■■
＿＿□□□□□□□□
＿□□□□□□□□□
□＿□□□□＿□□□
□□□□□＿□□□□
□□□□□□□＿□□
□□□□□□□□□＿
□□□＿□□□□□□
□□□□□＿□□□□
□＿□□□□□□□□
00:51:35(92854f):field(92853f)
＿＿＿＿＿＿＿＿＿＿
＿＿＿＿＿＿＿＿＿＿
＿＿＿＿＿＿＿＿＿＿
＿＿＿＿＿＿＿＿＿＿
＿＿＿＿＿＿＿＿＿＿
＿＿＿＿＿＿＿＿＿＿
＿＿＿◆◆＿＿＿＿＿
＿＿＿◆◆◆◆＿＿＿
＿＿＿□□◆◆＿＿＿
＿＿◆□□□□＿◆◆
＿＿□□□□□◆◆◆
■■□□□□□◆□□
＿□□□□□□□□□
□＿□□□□■□□□
□□□□□■□□□□
□□□□□□□＿□□
□□□□□□□□□＿
□□□＿□□□□□□
□□□□□＿□□□□
□＿□□□□□□□□
00:51:35(92868f):field(92867f)
＿＿＿＿＿＿＿＿＿＿
＿＿＿＿＿＿＿＿＿＿
＿＿＿＿＿＿＿＿＿＿
＿＿＿＿＿＿＿＿＿＿
＿＿＿＿＿＿＿＿＿＿
＿＿＿＿＿＿＿＿＿＿
＿＿＿＿＿＿＿＿＿＿
＿＿＿＿＿＿＿＿＿＿
＿＿＿□□＿＿＿＿＿
＿＿＿□□□□＿＿＿
＿＿◆□□□□■■■
◆◆□□□□□■□□
＿□□□□□□□□□
□＿□□□□◆□□□
□□□□□◆□□□□
□□□□□□□＿□□
□□□□□□□□□＿
□□□＿□□□□□□
□□□□□＿□□□□
□＿□□□□□□□□
00:51:36(92880f):field(92879f)
＿＿＿＿＿＿＿＿＿＿
＿＿＿＿＿＿＿＿＿＿
＿＿＿＿＿＿＿＿＿＿
＿＿＿＿＿＿＿＿＿＿
＿＿＿＿＿＿＿＿＿＿
＿＿＿＿＿＿＿＿＿＿
＿＿＿＿＿＿＿＿＿＿
＿＿＿＿＿＿＿＿＿＿
＿＿＿◆◆＿＿＿＿＿
＿＿＿□□◆◆＿＿＿
＿＿■□□□□◆◆◆
■■□□□□□□□□
＿□□□□□□□□□
□＿□□□□■□□□
□□□□□＿□□□□
□□□□□□□＿□□
□□□□□□□□□＿
□□□＿□□□□□□
□□□□□＿□□□□
□＿□□□□□□□□
00:51:36(92894f):field(92893f)
＿＿＿＿＿＿＿＿＿＿
＿＿＿＿＿＿＿＿＿＿
＿＿＿＿＿＿＿＿＿＿
＿＿＿＿＿＿＿＿＿＿
＿＿＿＿＿＿＿＿＿＿
＿＿＿＿＿＿＿＿＿＿
＿＿＿＿＿＿＿＿＿＿
＿＿＿＿＿＿＿＿＿＿
＿＿＿＿＿＿＿＿＿＿
＿＿＿◆◆＿＿＿＿＿
＿＿◆◆◆◆□＿＿＿
□□◆□□□◆◆◆□
■◆□□□□□◆□◆
□＿□□□□◆□□□
□□□□□■□□□□
□□□□□□□＿□□
□□□□□□□□□＿
□□□＿□□□□□□
□□□□□＿□□□□
□＿□□□□□□□□
00:51:36(92906f):field(92905f)
＿＿＿＿＿＿＿＿＿＿
＿＿＿＿＿＿＿＿＿＿
＿＿＿＿＿＿＿＿＿＿
＿＿＿＿＿＿＿＿＿＿
＿＿＿＿＿＿＿＿＿＿
＿＿＿＿＿＿＿＿＿＿
＿＿＿＿＿＿＿＿＿＿
＿＿＿＿＿＿＿＿＿＿
＿＿＿＿＿＿＿＿＿＿
＿＿＿＿＿＿＿＿＿＿
＿＿＿＿＿＿◆＿＿＿
□◆＿□□◆＿＿■□
□＿◆□□□□＿□■
□＿□□□□＿□□□
□□□□□◆□□□□
□□□□□□□＿□□
□□□□□□□□□＿
□□□＿□□□□□□
□□□□□＿□□□□
□＿□□□□□□□□
00:51:37(92916f):field(92915f)
＿＿＿＿＿＿＿＿＿＿
＿＿＿＿＿＿＿＿＿＿
＿＿＿＿＿＿＿＿＿＿
＿＿＿＿＿＿＿＿＿＿
＿＿＿＿＿＿＿＿＿＿
＿＿＿＿＿＿＿＿＿＿
＿＿＿＿＿＿＿＿＿＿
＿＿＿＿＿＿＿＿＿＿
＿＿＿＿＿＿＿＿＿＿
＿＿＿＿＿＿＿＿＿＿
＿＿＿＿＿＿＿＿＿＿
□■＿□□＿＿＿□□
□■■□□□□＿□□
□■□□□□＿□□□
□□□□□＿□□□□
□□□□□□□＿□□
□□□□□□□□□＿
□□□＿□□□□□□
□□□□□＿□□□□
□＿□□□□□□□□
00:51:37(92933f):field(92932f)
＿＿＿＿＿＿＿＿＿＿
＿＿＿＿＿＿＿＿＿＿
＿＿＿＿＿＿＿＿＿＿
＿＿＿＿＿＿＿＿＿＿
＿＿＿＿＿＿＿＿＿＿
＿＿＿＿＿＿＿＿＿＿
＿＿＿＿＿＿＿＿＿＿
＿＿＿＿＿＿＿＿＿＿
＿＿＿＿＿＿＿＿＿＿
＿＿＿＿＿＿＿＿＿＿
■■■＿＿＿＿＿＿＿
□□■□□＿＿＿□□
□□□□□□□＿□□
□□□□□□＿□□□
□□□□□＿□□□□
□□□□□□□＿□□
□□□□□□□□□＿
□□□＿□□□□□□
□□□□□＿□□□□
□＿□□□□□□□□
00:51:38(92945f):field(92944f)
＿＿＿＿＿＿＿＿＿＿
＿＿＿＿＿＿＿＿＿＿
＿＿＿＿＿＿＿＿＿＿
＿＿＿＿＿＿＿＿＿＿
＿＿＿＿＿＿＿＿＿＿
＿＿＿＿＿＿＿＿＿＿
＿＿＿＿＿＿＿＿＿＿
＿＿＿＿＿＿＿＿＿＿
＿＿＿＿＿＿＿＿＿＿
＿＿＿＿＿＿＿＿＿＿
◆◆◆＿＿＿＿＿＿＿
□□□□◆＿＿■◆◆
□□□□□□□■□□
□□□□□□＿□□□
□□□□□■□□□□
□□□□□□□＿□□
□□□□□□□□□＿
□□□＿□□□□□□
□□□□□＿□□□□
□＿□□□□□□□□
00:51:38(92955f):field(92954f)
＿＿＿＿＿＿＿＿＿＿
＿＿＿＿＿＿＿＿＿＿
＿＿＿＿＿＿＿＿＿＿
＿＿＿＿＿＿＿＿＿＿
＿＿＿＿＿＿＿＿＿＿
＿＿＿＿＿＿＿＿＿＿
＿＿＿＿＿＿＿＿＿＿
＿＿＿＿＿＿＿＿＿＿
＿＿＿＿＿＿＿＿＿＿
＿＿＿＿＿＿＿＿＿＿
＿＿＿＿＿■＿＿＿＿
◆□◆◆＿■＿◆＿＿
□□□◆◆□◆□□◆
□□□□□□＿□□□
□□□□□□□□□□
□□□□□□□＿□□
□□□□□□□□□＿
□□□＿□□□□□□
□□□□□＿□□□□
□＿□□□□□□□□
00:51:38(92968f):field(92967f)
＿＿＿＿＿＿＿＿＿＿
＿＿＿＿＿＿＿＿＿＿
＿＿＿＿＿＿＿＿＿＿
＿＿＿＿＿＿＿＿＿＿
＿＿＿＿＿＿＿＿＿＿
＿＿＿＿＿＿＿＿＿＿
＿＿＿＿＿＿＿＿＿＿
＿＿＿＿＿＿＿＿＿＿
＿＿＿＿＿＿＿＿＿＿
＿＿＿＿＿＿＿＿＿＿
＿＿＿＿＿□＿＿＿＿
＿◆＿■■□＿＿＿＿
□□□■■□＿□◆＿
□□□□□□＿□□□
□□□□□◆□□□□
□□□□□□□＿□□
□□□□□□□□□＿
□□□＿□□□□□□
□□□□□＿□□□□
□＿□□□□□□□□
00:51:39(92978f):field(92977f)
＿＿＿＿＿＿＿＿＿＿
＿＿＿＿＿＿＿＿＿＿
＿＿＿＿＿＿＿＿＿＿
＿＿＿＿＿＿＿＿＿＿
＿＿＿＿＿＿＿＿＿＿
＿＿＿＿＿＿＿＿＿＿
＿＿＿＿＿＿＿＿＿＿
＿＿＿＿＿＿＿＿＿＿
＿＿＿＿＿＿＿＿＿＿
＿＿＿＿■■＿＿＿＿
＿＿＿■■□＿＿＿＿
＿＿＿□□□＿＿＿＿
□□□□□□＿□＿＿
□□□□□□＿□□□
□□□□□＿□□□□
□□□□□□□＿□□
□□□□□□□□□＿
□□□＿□□□□□□
□□□□□＿□□□□
□＿□□□□□□□□
00:51:39(92993f):field(92992f)
＿＿＿＿＿＿＿＿＿＿
＿＿＿＿＿＿＿＿＿＿
＿＿＿＿＿＿＿＿＿＿
＿＿＿＿＿＿＿＿＿＿
＿＿＿＿＿＿＿＿＿＿
＿＿＿＿＿＿＿＿＿＿
＿＿＿＿＿＿＿＿＿＿
＿＿＿＿＿＿＿＿＿＿
＿＿＿＿＿＿＿＿＿＿
＿＿＿＿□□＿＿＿＿
＿＿■□□□＿＿＿＿
■■■□□□＿＿＿＿
□□□□□□＿□＿＿
□□□□□□＿□□□
□□□□□＿□□□□
□□□□□□□＿□□
□□□□□□□□□＿
□□□＿□□□□□□
□□□□□＿□□□□
□＿□□□□□□□□
00:51:40(93004f):field(93003f)
＿＿＿＿＿＿＿＿＿＿
＿＿＿＿＿＿＿＿＿＿
＿＿＿＿＿＿＿＿＿＿
＿＿＿＿＿＿＿＿＿＿
＿＿＿＿＿＿＿＿＿＿
＿＿＿＿＿＿＿＿＿＿
＿＿＿＿＿＿＿＿＿＿
＿＿＿＿＿＿＿＿＿＿
＿＿＿＿＿＿＿＿＿＿
＿＿＿＿□□＿＿＿＿
＿＿□□□□＿＿＿＿
□□□□□□＿■■＿
□□□□□□＿□■■
□□□□□□＿□□□
□□□□□＿□□□□
□□□□□□□＿□□
□□□□□□□□□＿
□□□＿□□□□□□
□□□□□＿□□□□
□＿□□□□□□□□
00:51:40(93015f):field(93014f)
＿＿＿＿＿＿＿＿＿＿
＿＿＿＿＿＿＿＿＿＿
＿＿＿＿＿＿＿＿＿＿
＿＿＿＿＿＿＿＿＿＿
＿＿＿＿＿＿＿＿＿＿
＿＿＿＿＿＿＿＿＿＿
＿＿＿＿＿＿＿＿＿＿
＿＿＿＿＿＿＿＿＿＿
＿＿＿＿＿＿＿＿＿＿
＿＿＿＿◆◆＿＿＿＿
＿＿◆◆◆◆＿＿＿＿
◆□◆◆□□＿◆◆■
□◆□□□□■□□◆
□□□□□□■□□□
□□□□□■□□□□
□□□□□□□■□□
□□□□□□□□□＿
□□□＿□□□□□□
□□□□□＿□□□□
□＿□□□□□□□□
00:51:41(93031f):field(93030f)
＿＿＿＿＿＿＿＿＿＿
＿＿＿＿＿＿＿＿＿＿
＿＿＿＿＿＿＿＿＿＿
＿＿＿＿＿＿＿＿＿＿
＿＿＿＿＿＿＿＿＿＿
＿＿＿＿＿＿＿＿＿＿
＿＿＿＿＿＿＿＿＿＿
＿＿＿＿＿＿＿＿＿＿
＿＿＿＿＿＿＿＿＿＿
＿＿＿＿＿＿＿＿＿＿
＿■＿＿＿＿＿＿＿＿
＿□■＿□□＿＿＿◆
◆■□□□□□◆◆＿
□□□□□□□□□◆
□□□□□◆□□□□
□□□□□□□◆□□
□□□□□□□□□＿
□□□＿□□□□□□
□□□□□＿□□□□
□＿□□□□□□□□
00:51:41(93044f):field(93043f)
＿＿＿＿＿＿＿＿＿＿
＿＿＿＿＿＿＿＿＿＿
＿＿＿＿＿＿＿＿＿＿
＿＿＿＿＿＿＿＿＿＿
＿＿＿＿＿＿＿＿＿＿
＿＿＿＿＿＿＿＿＿＿
＿＿＿＿＿＿＿＿＿＿
＿＿＿＿＿＿＿＿＿＿
＿＿＿＿＿＿＿＿＿＿
＿＿＿＿■■＿＿＿＿
＿□＿＿■■＿＿＿＿
＿□□＿□□＿＿＿＿
＿□□□□□□＿＿＿
□□□□□□□□□＿
□□□□□＿□□□□
□□□□□□□＿□□
□□□□□□□□□＿
□□□＿□□□□□□
□□□□□＿□□□□
□＿□□□□□□□□
00:51:41(93056f):field(93055f)
＿＿＿＿＿＿＿＿＿＿
＿＿＿＿＿＿＿＿＿＿
＿＿＿＿＿＿＿＿＿＿
＿＿＿＿＿＿＿＿＿＿
＿＿＿＿＿＿＿＿＿＿
＿＿＿＿＿＿＿＿＿＿
＿＿＿＿＿＿＿＿＿＿
＿＿＿＿＿＿＿＿＿＿
＿＿＿＿＿＿＿＿＿＿
＿＿＿＿□□＿＿＿＿
＿□＿＿□□＿＿＿＿
＿□□＿□□＿＿＿■
＿□□□□□□■■■
□□□□□□□□□＿
□□□□□＿□□□□
□□□□□□□＿□□
□□□□□□□□□＿
□□□＿□□□□□□
□□□□□＿□□□□
□＿□□□□□□□□
00:51:42(93068f):field(93067f)
＿＿＿＿＿＿＿＿＿＿
＿＿＿＿＿＿＿＿＿＿
＿＿＿＿＿＿＿＿＿＿
＿＿＿＿＿＿＿＿＿＿
＿＿＿＿＿＿＿＿＿＿
＿＿＿＿＿＿＿＿＿＿
＿＿＿＿＿＿＿＿＿＿
＿＿＿＿＿＿＿＿＿＿
＿＿＿＿＿＿＿＿＿＿
＿＿■＿□□＿＿＿＿
＿□■■□□＿＿＿＿
＿□□■□□＿＿＿□
＿□□□□□□□□□
□□□□□□□□□＿
□□□□□＿□□□□
□□□□□□□＿□□
□□□□□□□□□＿
□□□＿□□□□□□
□□□□□＿□□□□
□＿□□□□□□□□
00:51:42(93078f):field(93077f)
＿＿＿＿＿＿＿＿＿＿
＿＿＿＿＿＿＿＿＿＿
＿＿＿＿＿＿＿＿＿＿
＿＿＿＿＿＿＿＿＿＿
＿＿＿＿＿＿＿＿＿＿
＿＿＿＿＿＿＿＿＿＿
＿＿＿＿＿＿＿＿＿＿
＿＿＿＿■＿＿＿＿＿
＿＿＿■■＿＿＿＿＿
＿＿□■□□＿＿＿＿
＿□□□□□＿＿＿＿
＿□□□□□＿＿＿□
＿□□□□□□□□□
□□□□□□□□□＿
□□□□□＿□□□□
□□□□□□□＿□□
□□□□□□□□□＿
□□□＿□□□□□□
□□□□□＿□□□□
□＿□□□□□□□□
00:51:43(93092f):field(93091f)
＿＿＿＿＿＿＿＿＿＿
＿＿＿＿＿＿＿＿＿＿
＿＿＿＿＿＿＿＿＿＿
＿＿＿＿＿＿＿＿＿＿
＿＿＿＿＿＿＿＿＿＿
＿＿＿＿＿＿＿＿＿＿
＿＿＿＿＿＿＿＿＿＿
＿＿＿＿□＿＿＿＿＿
＿＿＿□□＿■＿＿＿
＿＿□□□□■＿＿＿
＿□□□□□■＿＿＿
＿□□□□□■＿＿□
＿□□□□□□□□□
□□□□□□□□□＿
□□□□□＿□□□□
□□□□□□□＿□□
□□□□□□□□□＿
□□□＿□□□□□□
□□□□□＿□□□□
□＿□□□□□□□□
00:51:43(93108f):field(93107f)
＿＿＿＿＿＿＿＿＿＿
＿＿＿＿＿＿＿＿＿＿
＿＿＿＿＿＿＿＿＿＿
＿＿＿＿＿＿＿＿＿＿
＿＿＿＿＿＿＿＿＿＿
＿＿＿＿＿＿＿＿＿＿
＿＿＿＿＿＿＿＿＿＿
＿＿＿＿□＿＿＿＿＿
＿＿＿□□＿□＿＿＿
＿＿□□□□□＿■＿
＿□□□□□□＿■＿
＿□□□□□□■■□
＿□□□□□□□□□
□□□□□□□□□＿
□□□□□＿□□□□
□□□□□□□＿□□
□□□□□□□□□＿
□□□＿□□□□□□
□□□□□＿□□□□
□＿□□□□□□□□
00:51:44(93120f):field(93119f)
＿＿＿＿＿＿＿＿＿＿
＿＿＿＿＿＿＿＿＿＿
＿＿＿＿＿＿＿＿＿＿
＿＿＿＿＿＿＿＿＿＿
＿＿＿＿＿＿＿＿＿＿
＿＿＿＿＿＿＿＿＿＿
＿＿＿＿＿■＿＿＿＿
＿＿＿＿□■■＿＿＿
＿＿＿□□■□＿＿＿
＿＿□□□□□＿□＿
＿□□□□□□＿□＿
＿□□□□□□□□□
＿□□□□□□□□□
□□□□□□□□□＿
□□□□□＿□□□□
□□□□□□□＿□□
□□□□□□□□□＿
□□□＿□□□□□□
□□□□□＿□□□□
□＿□□□□□□□□
00:51:44(93130f):field(93129f)
＿＿＿＿＿＿＿＿＿＿
＿＿＿＿＿＿＿＿＿＿
＿＿＿＿＿＿＿＿＿＿
＿＿＿＿＿＿＿＿＿＿
＿＿＿＿＿＿＿＿＿＿
＿＿＿■■＿＿＿＿＿
＿＿＿■■□＿＿＿＿
＿＿＿＿□□□＿＿＿
＿＿＿□□□□＿＿＿
＿＿□□□□□＿□＿
＿□□□□□□＿□＿
＿□□□□□□□□□
＿□□□□□□□□□
□□□□□□□□□＿
□□□□□＿□□□□
□□□□□□□＿□□
□□□□□□□□□＿
□□□＿□□□□□□
□□□□□＿□□□□
□＿□□□□□□□□
00:51:44(93147f):field(93146f)
＿＿＿＿＿＿＿＿＿＿
＿＿＿＿＿＿＿＿＿＿
＿＿＿＿＿＿＿＿＿＿
＿＿＿＿＿＿＿＿＿＿
＿＿＿＿＿＿＿＿＿＿
＿＿＿□□■■＿＿＿
＿＿＿□□□■■＿＿
＿＿＿＿□□□＿＿＿
＿＿＿□□□□＿＿＿
＿＿□□□□□＿□＿
＿□□□□□□＿□＿
＿□□□□□□□□□
＿□□□□□□□□□
□□□□□□□□□＿
□□□□□＿□□□□
□□□□□□□＿□□
□□□□□□□□□＿
□□□＿□□□□□□
□□□□□＿□□□□
□＿□□□□□□□□
00:51:45(93161f):field(93160f)
＿＿＿＿＿＿＿＿＿＿
＿＿＿＿＿＿＿＿＿＿
＿＿＿＿＿＿＿＿＿＿
＿＿＿＿＿＿＿＿＿＿
＿＿＿＿＿＿＿＿＿＿
＿＿＿□□□□＿＿＿
＿＿＿□□□□□＿＿
＿＿＿＿□□□＿＿＿
＿■■□□□□＿＿＿
■■□□□□□＿□＿
＿□□□□□□＿□＿
＿□□□□□□□□□
＿□□□□□□□□□
□□□□□□□□□＿
□□□□□＿□□□□
□□□□□□□＿□□
□□□□□□□□□＿
□□□＿□□□□□□
□□□□□＿□□□□
□＿□□□□□□□□
00:51:45(93179f):field(93178f)
＿＿＿＿＿＿＿＿＿＿
＿＿＿＿＿＿＿＿＿＿
＿＿＿＿＿＿＿＿＿＿
＿＿＿＿＿＿＿＿＿＿
＿＿＿＿＿＿＿＿＿＿
＿＿＿□□□□＿＿＿
＿＿＿□□□□□＿＿
＿＿＿＿□□□■＿＿
＿□□□□□□■■■
□□□□□□□＿□＿
＿□□□□□□＿□＿
＿□□□□□□□□□
＿□□□□□□□□□
□□□□□□□□□＿
□□□□□＿□□□□
□□□□□□□＿□□
□□□□□□□□□＿
□□□＿□□□□□□
□□□□□＿□□□□
□＿□□□□□□□□
00:51:46(93199f):field(93198f)
＿＿＿＿＿＿＿＿＿＿
＿＿＿＿＿＿＿＿＿＿
＿＿＿＿＿＿＿＿＿＿
＿＿＿＿＿＿＿＿＿＿
＿＿＿＿＿＿＿＿＿＿
＿＿■□□□□＿＿＿
＿＿■□□□□□＿＿
＿＿■■□□□□＿＿
＿□□□□□□□□□
□□□□□□□＿□＿
＿□□□□□□＿□＿
＿□□□□□□□□□
＿□□□□□□□□□
□□□□□□□□□＿
□□□□□＿□□□□
□□□□□□□＿□□
□□□□□□□□□＿
□□□＿□□□□□□
□□□□□＿□□□□
□＿□□□□□□□□
00:51:47(93211f):field(93210f)
＿＿＿＿＿＿＿＿＿＿
＿＿＿＿＿＿＿＿＿＿
＿＿＿＿＿＿＿＿＿＿
＿＿＿＿＿＿＿＿＿＿
＿＿＿■■■■＿＿＿
＿＿□□□□□＿＿＿
＿＿□□□□□□＿＿
＿＿□□□□□□＿＿
＿□□□□□□□□□
□□□□□□□＿□＿
＿□□□□□□＿□＿
＿□□□□□□□□□
＿□□□□□□□□□
□□□□□□□□□＿
□□□□□＿□□□□
□□□□□□□＿□□
□□□□□□□□□＿
□□□＿□□□□□□
□□□□□＿□□□□
□＿□□□□□□□□
00:51:47(93223f):field(93222f)
＿＿＿＿＿＿＿＿＿＿
＿＿＿＿＿＿＿＿＿＿
＿＿＿＿＿＿＿＿＿＿
＿＿＿＿＿＿＿＿＿＿
＿＿＿◆◆◆◆＿＿＿
＿＿◆□□□□＿＿＿
＿＿□□□□□◆＿＿
＿■□□□□□□＿＿
■□□□□□□□◆◆
□□□□□□□■□＿
＿□□□□□□＿□＿
＿□□□□□□□□□
＿□□□□□□□□□
□□□□□□□□□＿
□□□□□＿□□□□
□□□□□□□＿□□
□□□□□□□□□＿
□□□＿□□□□□□
□□□□□＿□□□□
□＿□□□□□□□□
00:51:47(93238f):field(93237f)
＿＿＿＿＿＿＿＿＿＿
＿＿＿＿＿＿＿＿＿＿
＿＿＿＿＿＿＿＿＿＿
＿＿＿＿＿＿＿＿＿＿
＿＿＿＿＿＿＿＿＿＿
＿＿＿◆◆◆◆＿＿＿
＿＿◆□□□□＿＿＿
＿□□□□□□◆＿■
◆□□□□□□□■＿
□□□□□□□◆□■
＿□□□□□□＿□＿
＿□□□□□□□□□
＿□□□□□□□□□
□□□□□□□□□＿
□□□□□＿□□□□
□□□□□□□＿□□
□□□□□□□□□＿
□□□＿□□□□□□
□□□□□＿□□□□
□＿□□□□□□□□
00:51:48(93249f):field(93248f)
＿＿＿＿＿＿＿＿＿＿
＿＿＿＿＿＿＿＿＿＿
＿＿＿＿＿＿＿＿＿＿
＿＿＿＿＿＿＿＿＿＿
＿＿＿＿＿＿＿＿＿＿
＿＿＿＿＿＿＿＿＿＿
＿＿＿□□□□＿＿＿
＿◆□□□□□■■□
＿□□□□□□□□■
□□□□□□□＿□□
＿□□□□□□＿□＿
＿□□□□□□□□□
＿□□□□□□□□□
□□□□□□□□□＿
□□□□□＿□□□□
□□□□□□□＿□□
□□□□□□□□□＿
□□□＿□□□□□□
□□□□□＿□□□□
□＿□□□□□□□□
00:51:48(93262f):field(93261f)
＿＿＿＿＿＿＿＿＿＿
＿＿＿＿＿＿＿＿＿＿
＿＿＿＿＿＿＿＿＿＿
＿＿＿＿＿＿＿＿＿＿
＿＿＿＿＿■＿＿＿＿
＿＿＿■■■＿＿＿＿
＿＿＿□□□□＿＿＿
＿＿□□□□□□□□
＿□□□□□□□□□
□□□□□□□＿□□
＿□□□□□□＿□＿
＿□□□□□□□□□
＿□□□□□□□□□
□□□□□□□□□＿
□□□□□＿□□□□
□□□□□□□＿□□
□□□□□□□□□＿
□□□＿□□□□□□
□□□□□＿□□□□
□＿□□□□□□□□
00:51:49(93277f):field(93276f)
＿＿＿＿＿＿＿＿＿＿
＿＿＿＿＿＿＿＿＿＿
＿＿＿＿＿＿＿＿＿＿
＿＿＿＿＿＿＿＿＿＿
＿＿＿＿＿◆＿＿＿＿
＿＿＿◆◆□＿＿＿＿
■＿＿□□□◆＿＿＿
■＿◆□□□□□◆◆
■◆□□□□□□□□
□□□□□□□＿□□
＿□□□□□□＿□■
＿□□□□□□□□□
＿□□□□□□□□□
□□□□□□□□□＿
□□□□□＿□□□□
□□□□□□□＿□□
□□□□□□□□□＿
□□□＿□□□□□□
□□□□□＿□□□□
□＿□□□□□□□□
00:51:49(93291f):field(93290f)
＿＿＿＿＿＿＿＿＿＿
＿＿＿＿＿＿＿＿＿＿
＿＿＿＿＿＿＿＿＿＿
＿＿＿＿＿＿＿＿＿＿
＿＿＿■■＿＿＿＿＿
＿＿＿■■□＿＿＿＿
□＿＿□□□＿＿＿＿
□＿＿□□□□◆＿＿
□＿□□□□□□□□
□□□□□□□＿□□
＿□□□□□□＿□◆
＿□□□□□□□□□
＿□□□□□□□□□
□□□□□□□□□＿
□□□□□＿□□□□
□□□□□□□＿□□
□□□□□□□□□＿
□□□＿□□□□□□
□□□□□＿□□□□
□＿□□□□□□□□
00:51:50(93303f):field(93302f)
＿＿＿＿＿＿＿＿＿＿
＿＿＿＿＿＿＿＿＿＿
＿＿＿＿＿＿＿＿＿＿
＿＿＿＿＿＿＿＿＿＿
＿＿＿◆◆＿＿＿＿＿
＿＿＿□□◆＿＿＿＿
◆＿＿□□□＿＿＿＿
□■＿□□□◆＿＿＿
□■□□□□□◆□◆
□□□□□□□■□□
■□□□□□□＿□＿
＿□□□□□□□□□
＿□□□□□□□□□
□□□□□□□□□＿
□□□□□＿□□□□
□□□□□□□＿□□
□□□□□□□□□＿
□□□＿□□□□□□
□□□□□＿□□□□
□＿□□□□□□□□
00:51:50(93316f):field(93315f)
＿＿＿＿＿＿＿＿＿＿
＿＿＿＿＿＿＿＿＿＿
＿＿＿＿＿＿＿＿＿＿
＿＿＿＿＿＿＿＿＿＿
＿＿＿＿＿＿＿＿＿＿
＿＿＿◆◆＿＿＿＿＿
＿＿＿□□◆＿＿＿＿
◆◆＿□□□＿＿＿＿
□□◆□□□◆＿□＿
□□□□□□□□□◆
◆□□□□□□■□＿
＿□□□□□□□□□
＿□□□□□□□□□
□□□□□□□□□＿
□□□□□＿□□□□
□□□□□□□＿□□
□□□□□□□□□＿
□□□＿□□□□□□
□□□□□＿□□□□
□＿□□□□□□□□
00:51:51(93333f):field(93332f)
＿＿＿＿＿＿＿＿＿＿
＿＿＿＿＿＿＿＿＿＿
＿＿＿＿＿＿＿＿＿＿
＿＿＿＿＿＿＿＿＿＿
＿＿＿＿＿＿＿＿＿＿
＿＿＿＿＿■＿＿＿＿
＿＿＿□□■■＿＿＿
＿＿＿□□□■＿＿＿
□□＿□□□＿＿□＿
□□□□□□□□□＿
＿□□□□□□◆□＿
＿□□□□□□□□□
＿□□□□□□□□□
□□□□□□□□□＿
□□□□□＿□□□□
□□□□□□□＿□□
□□□□□□□□□＿
□□□＿□□□□□□
□□□□□＿□□□□
□＿□□□□□□□□
00:51:51(93345f):field(93344f)
＿＿＿＿＿＿＿＿＿＿
＿＿＿＿＿＿＿＿＿＿
＿＿＿＿＿＿＿＿＿＿
＿＿＿＿＿＿＿＿＿＿
＿＿＿＿＿＿＿＿＿＿
＿＿＿＿＿□＿＿＿＿
＿＿＿□□□□＿＿＿
■■■□□□□＿＿＿
□□■□□□＿＿□＿
□□□□□□□□□＿
＿□□□□□□＿□＿
＿□□□□□□□□□
＿□□□□□□□□□
□□□□□□□□□＿
□□□□□＿□□□□
□□□□□□□＿□□
□□□□□□□□□＿
□□□＿□□□□□□
□□□□□＿□□□□
□＿□□□□□□□□
00:51:51(93358f):field(93357f)
＿＿＿＿＿＿＿＿＿＿
＿＿＿＿＿＿＿＿＿＿
＿＿＿＿＿＿＿＿＿＿
＿＿＿＿＿＿＿＿＿＿
＿＿＿＿＿＿＿＿＿＿
＿＿＿＿＿◆＿＿＿＿
■＿＿◆◆□◆＿■＿
◆□◆□□□□■＿■
□□□□□□＿■□＿
□□□□□□□□□＿
＿□□□□□□＿□＿
＿□□□□□□□□□
＿□□□□□□□□□
□□□□□□□□□＿
□□□□□＿□□□□
□□□□□□□＿□□
□□□□□□□□□＿
□□□＿□□□□□□
□□□□□＿□□□□
□＿□□□□□□□□
00:51:52(93369f):field(93368f)
＿＿＿＿＿＿＿＿＿＿
＿＿＿＿＿＿＿＿＿＿
＿＿＿＿＿＿＿＿＿＿
＿＿＿＿＿＿＿＿＿＿
＿＿＿＿＿＿＿＿＿＿
＿＿＿＿＿＿＿＿＿＿
◆＿＿＿＿◆＿＿◆＿
＿◆＿◆◆□◆◆＿◆
◆□□□□□■◆◆■
□□□□□□◆□□■
＿□□□□□□＿□■
■□□□□□□□□□
＿□□□□□□□□□
□□□□□□□□□＿
□□□□□＿□□□□
□□□□□□□＿□□
□□□□□□□□□＿
□□□＿□□□□□□
□□□□□＿□□□□
□＿□□□□□□□□
00:51:52(93382f):field(93381f)
＿＿＿＿＿＿＿＿＿＿
＿＿＿＿＿＿＿＿＿＿
＿＿＿＿＿＿＿＿＿＿
＿＿＿＿＿＿＿＿＿＿
＿＿＿＿＿＿＿＿＿＿
＿＿＿＿＿＿＿＿＿＿
＿＿＿■■＿＿＿＿＿
＿＿＿■■□＿＿＿＿
＿◆◆□□□□＿＿□
□□□□□□＿□□□
＿□□□□□□＿□□
◆□□□□□□□□□
＿□□□□□□□□□
□□□□□□□□□＿
□□□□□＿□□□□
□□□□□□□＿□□
□□□□□□□□□＿
□□□＿□□□□□□
□□□□□＿□□□□
□＿□□□□□□□□
00:51:53(93392f):field(93391f)
＿＿＿＿＿＿＿＿＿＿
＿＿＿＿＿＿＿＿＿＿
＿＿＿＿＿＿＿＿＿＿
＿＿＿＿＿＿＿＿＿＿
＿＿＿＿＿＿＿＿＿＿
＿＿＿＿＿＿＿＿＿＿
＿＿＿□□＿＿＿＿＿
＿＿＿□□□＿＿■■
＿＿＿□□□□■■□
□□□□□□＿□□□
＿□□□□□□＿□□
＿□□□□□□□□□
＿□□□□□□□□□
□□□□□□□□□＿
□□□□□＿□□□□
□□□□□□□＿□□
□□□□□□□□□＿
□□□＿□□□□□□
□□□□□＿□□□□
□＿□□□□□□□□
00:51:53(93414f):field(93413f)
＿＿＿＿＿＿＿＿＿＿
＿＿＿＿＿＿＿＿＿＿
＿＿＿＿＿＿＿＿＿＿
＿＿＿＿＿＿＿＿＿＿
＿＿＿＿＿＿＿＿＿＿
＿＿＿＿＿＿＿＿＿＿
＿＿＿□□■■＿＿＿
＿＿＿□□□■■□□
＿＿＿□□□□□□□
□□□□□□＿□□□
＿□□□□□□＿□□
＿□□□□□□□□□
＿□□□□□□□□□
□□□□□□□□□＿
□□□□□＿□□□□
□□□□□□□＿□□
□□□□□□□□□＿
□□□＿□□□□□□
□□□□□＿□□□□
□＿□□□□□□□□
00:51:54(93426f):field(93425f)
＿＿＿＿＿＿＿＿＿＿
＿＿＿＿＿＿＿＿＿＿
＿＿＿＿＿＿＿＿＿＿
＿＿＿＿＿＿＿＿＿＿
＿＿＿＿＿＿＿＿＿＿
＿＿＿＿＿＿＿＿＿＿
＿＿＿◆◆◆◆＿＿＿
＿＿＿□□□□◆◆◆
＿＿■□□□□□□□
□□□□□□＿□□□
＿□□□□□□＿□□
＿□□□□□□□□□
＿□□□□□□□□□
□□□□□□□□□＿
□□□□□＿□□□□
□□□□□□□＿□□
□□□□□□□□□＿
□□□＿□□□□□□
□□□□□＿□□□□
□＿□□□□□□□□
00:51:54(93438f):field(93437f)
＿＿＿＿＿＿＿＿＿＿
＿＿＿＿＿＿＿＿＿＿
＿＿＿＿＿＿＿＿＿＿
＿＿＿＿＿＿＿＿＿＿
＿＿＿＿＿＿＿＿＿■
＿＿＿＿＿＿＿＿＿■
＿＿＿＿＿＿＿＿＿■
＿＿＿□□□□＿＿■
＿＿□□□□□□□□
□□□□□□＿□□□
＿□□□□□□＿□□
＿□□□□□□□□□
＿□□□□□□□□□
□□□□□□□□□＿
□□□□□＿□□□□
□□□□□□□＿□□
□□□□□□□□□＿
□□□＿□□□□□□
□□□□□＿□□□□
□＿□□□□□□□□
00:51:55(93450f):field(93449f)
＿＿＿＿＿＿＿＿＿＿
＿＿＿＿＿＿＿＿＿＿
＿＿＿＿＿＿＿＿＿＿
＿＿＿＿＿＿＿＿＿＿
＿＿＿＿＿＿＿＿＿□
＿＿＿＿■＿＿＿＿□
＿＿＿■■■＿＿＿□
＿＿＿□□□□＿＿□
＿＿□□□□□□□□
□□□□□□＿□□□
＿□□□□□□＿□□
＿□□□□□□□□□
＿□□□□□□□□□
□□□□□□□□□＿
□□□□□＿□□□□
□□□□□□□＿□□
□□□□□□□□□＿
□□□＿□□□□□□
□□□□□＿□□□□
□＿□□□□□□□□
00:51:55(93461f):field(93460f)
＿＿＿＿＿＿＿＿＿＿
＿＿＿＿＿＿＿＿＿＿
＿＿＿＿＿＿＿＿＿＿
＿＿＿＿＿＿＿＿＿＿
＿＿＿＿＿＿＿＿＿◆
＿＿＿＿◆＿＿＿＿□
＿＿＿◆□◆＿＿＿□
＿■＿□□□◆＿＿□
＿■□□□□□□□□
□□□□□□＿□□□
＿□□□□□□＿□□
＿□□□□□□□□□
＿□□□□□□□□□
□□□□□□□□□＿
□□□□□＿□□□□
□□□□□□□＿□□
□□□□□□□□□＿
□□□＿□□□□□□
□□□□□＿□□□□
□＿□□□□□□□□
00:51:55(93477f):field(93476f)
＿＿＿＿＿＿＿＿＿＿
＿＿＿＿＿＿＿＿＿＿
＿＿＿＿＿＿＿＿＿＿
＿＿＿＿＿＿＿＿＿＿
＿＿＿＿＿＿＿＿＿＿
＿＿＿＿＿＿＿＿＿□
＿＿＿＿□＿＿＿＿□
＿◆＿□□□■■＿□
＿□□□□□□□□□
□□□□□□＿□□□
＿□□□□□□＿□□
＿□□□□□□□□□
＿□□□□□□□□□
□□□□□□□□□＿
□□□□□＿□□□□
□□□□□□□＿□□
□□□□□□□□□＿
□□□＿□□□□□□
□□□□□＿□□□□
□＿□□□□□□□□
00:51:56(93487f):field(93486f)
＿＿＿＿＿＿＿＿＿＿
＿＿＿＿＿＿＿＿＿＿
＿＿＿＿＿＿＿＿＿＿
＿＿＿＿＿＿＿＿＿＿
＿＿＿＿＿＿＿＿＿＿
＿＿＿＿＿＿＿＿＿□
＿＿＿＿□＿■■■□
＿＿＿□□□□□■□
＿□□□□□□□□□
□□□□□□＿□□□
＿□□□□□□＿□□
＿□□□□□□□□□
＿□□□□□□□□□
□□□□□□□□□＿
□□□□□＿□□□□
□□□□□□□＿□□
□□□□□□□□□＿
□□□＿□□□□□□
□□□□□＿□□□□
□＿□□□□□□□□
00:51:56(93500f):field(93499f)
＿＿＿＿＿＿＿＿＿＿
＿＿＿＿＿＿＿＿＿＿
＿＿＿＿＿＿＿＿＿＿
＿＿＿＿＿＿＿＿＿＿
＿＿＿＿＿＿＿＿＿＿
＿＿＿＿■■■＿＿□
＿＿＿＿□■□□□□
＿＿＿□□□□□□□
＿□□□□□□□□□
□□□□□□＿□□□
＿□□□□□□＿□□
＿□□□□□□□□□
＿□□□□□□□□□
□□□□□□□□□＿
□□□□□＿□□□□
□□□□□□□＿□□
□□□□□□□□□＿
□□□＿□□□□□□
□□□□□＿□□□□
□＿□□□□□□□□
00:51:57(93513f):field(93512f)
＿＿＿＿＿＿＿＿＿＿
＿＿＿＿＿＿＿＿＿＿
＿＿＿＿＿＿＿＿＿＿
＿＿＿＿＿＿＿＿＿＿
＿＿＿＿＿＿＿＿＿＿
＿＿＿＿◆◆◆＿＿◆
＿＿＿＿□◆◆◆◆◆
＿■■□□□□◆◆□
■◆□◆□□□□□□
□□□□□□＿□□□
＿□□□□□□＿□□
＿□□□□□□□□□
＿□□□□□□□□□
□□□□□□□□□＿
□□□□□＿□□□□
□□□□□□□＿□□
□□□□□□□□□＿
□□□＿□□□□□□
□□□□□＿□□□□
□＿□□□□□□□□
00:51:57(93525f):field(93524f)
＿＿＿＿＿＿＿＿＿＿
＿＿＿＿＿＿＿＿＿＿
＿＿＿＿＿＿＿＿＿＿
＿＿＿＿＿＿＿＿＿＿
＿＿＿＿＿＿＿＿＿＿
＿＿＿＿＿＿＿＿＿＿
＿＿＿＿◆＿＿＿＿＿
＿◆◆◆◆◆◆■＿◆
◆＿◆＿□□□◆□□
□□□□□□＿□□□
＿□□□□□□＿□□
＿□□□□□□□□□
＿□□□□□□□□□
□□□□□□□□□＿
□□□□□＿□□□□
□□□□□□□＿□□
□□□□□□□□□＿
□□□＿□□□□□□
□□□□□＿□□□□
□＿□□□□□□□□
00:51:58(93540f):field(93539f)
＿＿＿＿＿＿＿＿＿＿
＿＿＿＿＿＿＿＿＿＿
＿＿＿＿＿＿＿＿＿＿
＿＿＿＿＿＿＿＿＿＿
＿＿＿＿＿＿＿＿＿＿
＿＿＿＿＿＿＿＿＿＿
＿＿＿＿＿＿＿＿＿■
＿＿＿＿＿＿＿◆■■
＿＿＿＿□□□＿□□
□□□□□□＿□□□
＿□□□□□□＿□□
＿□□□□□□□□□
＿□□□□□□□□□
□□□□□□□□□＿
□□□□□＿□□□□
□□□□□□□＿□□
□□□□□□□□□＿
□□□＿□□□□□□
□□□□□＿□□□□
□＿□□□□□□□□
00:51:58(93555f):field(93554f)
＿＿＿＿＿＿＿＿＿＿
＿＿＿＿＿＿＿＿＿＿
＿＿＿＿＿＿＿＿＿＿
＿＿＿＿＿＿＿＿＿＿
＿＿＿＿＿＿＿＿＿＿
＿＿＿＿＿＿＿＿＿＿
＿＿＿＿＿＿＿＿＿□
■■＿＿＿＿＿＿□□
■■＿＿□□□＿□□
□□□□□□＿□□□
＿□□□□□□＿□□
＿□□□□□□□□□
＿□□□□□□□□□
□□□□□□□□□＿
□□□□□＿□□□□
□□□□□□□＿□□
□□□□□□□□□＿
□□□＿□□□□□□
□□□□□＿□□□□
□＿□□□□□□□□
00:51:59(93570f):field(93569f)
＿＿＿＿＿＿＿＿＿＿
＿＿＿＿＿＿＿＿＿＿
＿＿＿＿＿＿＿＿＿＿
＿＿＿＿＿＿＿＿＿＿
＿＿＿＿＿＿＿＿＿＿
＿＿＿＿＿＿＿＿＿＿
＿＿＿＿＿＿＿＿＿□
□□＿＿＿■■■□□
□□＿＿□□□■□□
□□□□□□＿□□□
＿□□□□□□＿□□
＿□□□□□□□□□
＿□□□□□□□□□
□□□□□□□□□＿
□□□□□＿□□□□
□□□□□□□＿□□
□□□□□□□□□＿
□□□＿□□□□□□
□□□□□＿□□□□
□＿□□□□□□□□
00:51:59(93583f):field(93582f)
＿＿＿＿＿＿＿＿＿＿
＿＿＿＿＿＿＿＿＿＿
＿＿＿＿＿＿＿＿＿＿
＿＿＿＿＿＿＿＿＿＿
＿＿＿＿＿＿＿＿＿＿
＿＿＿＿＿＿＿＿＿＿
＿＿■■＿＿＿＿＿◆
□◆＿■＿◆◆◆◆□
□□＿■□□□□□□
□□□□□□＿□□□
＿□□□□□□＿□□
＿□□□□□□□□□
＿□□□□□□□□□
□□□□□□□□□＿
□□□□□＿□□□□
□□□□□□□＿□□
□□□□□□□□□＿
□□□＿□□□□□□
□□□□□＿□□□□
□＿□□□□□□□□
00:51:59(93595f):field(93594f)
＿＿＿＿＿＿＿＿＿＿
＿＿＿＿＿＿＿＿＿＿
＿＿＿＿＿＿＿＿＿＿
＿＿＿＿＿＿＿＿＿＿
＿＿＿＿＿＿＿＿＿＿
＿＿＿＿＿＿＿＿＿＿
＿＿◆◆＿＿＿＿＿＿
◆■＿□＿＿＿＿＿◆
◆□■◆◆◆◆◆◆□
□□□□□□＿□□□
＿□□□□□□■□□
＿□□□□□□□□□
＿□□□□□□□□□
□□□□□□□□□＿
□□□□□＿□□□□
□□□□□□□＿□□
□□□□□□□□□＿
□□□＿□□□□□□
□□□□□＿□□□□
□＿□□□□□□□□
00:52:00(93607f):field(93606f)
＿＿＿＿＿＿＿＿＿＿
＿＿＿＿＿＿＿＿＿＿
＿＿＿＿＿＿＿＿＿＿
＿＿＿＿＿＿＿＿＿＿
＿＿＿＿＿＿＿＿＿＿
＿＿＿＿＿＿＿＿＿＿
＿＿＿＿＿＿＿＿＿＿
＿□■□＿＿＿＿＿＿
＿□□■■＿＿＿＿□
□□□□□□＿□□□
＿□□□□□□◆□□
＿□□□□□□□□□
＿□□□□□□□□□
□□□□□□□□□＿
□□□□□＿□□□□
□□□□□□□＿□□
□□□□□□□□□＿
□□□＿□□□□□□
□□□□□＿□□□□
□＿□□□□□□□□
00:52:00(93619f):field(93618f)
＿＿＿＿＿＿＿＿＿＿
＿＿＿＿＿＿＿＿＿＿
＿＿＿＿＿＿＿＿＿＿
＿＿＿＿＿＿＿＿＿＿
＿＿＿＿＿＿＿＿＿＿
＿＿＿＿＿＿＿＿＿＿
＿＿＿＿＿＿＿＿＿＿
＿◆◆◆＿＿＿＿＿＿
＿□□□◆＿＿＿＿◆
□□□□□◆■□□□
＿□□□□□□■□□
＿□□□□□□□□□
＿□□□□□□□□□
□□□□□□□□□＿
□□□□□＿□□□□
□□□□□□□＿□□
□□□□□□□□□＿
□□□＿□□□□□□
□□□□□＿□□□□
□＿□□□□□□□□
00:52:01(93630f):field(93629f)
＿＿＿＿＿＿＿＿＿＿
＿＿＿＿＿＿＿＿＿＿
＿＿＿＿＿＿＿＿＿＿
＿＿＿＿＿＿＿＿＿＿
＿＿＿＿＿＿＿＿＿＿
＿＿＿＿＿＿＿＿＿＿
＿＿＿＿＿■＿＿＿＿
＿＿＿＿＿■＿＿＿＿
＿□□□＿■＿＿＿＿
◆□□□□■□□□□
＿□□□□□□◆□□
＿□□□□□□□□□
＿□□□□□□□□□
□□□□□□□□□＿
□□□□□＿□□□□
□□□□□□□＿□□
□□□□□□□□□＿
□□□＿□□□□□□
□□□□□＿□□□□
□＿□□□□□□□□
00:52:01(93651f):field(93650f)
＿＿＿＿＿＿＿＿＿＿
＿＿＿＿＿＿＿＿＿＿
＿＿＿＿＿＿＿＿＿＿
＿＿＿＿＿＿＿＿＿＿
＿＿＿＿＿＿＿＿＿＿
＿＿＿＿＿＿＿＿＿＿
＿＿＿＿＿□＿＿＿＿
＿＿＿＿＿□■■＿＿
＿□□□＿□■■＿＿
＿□□□□□□□□□
＿□□□□□□＿□□
＿□□□□□□□□□
＿□□□□□□□□□
□□□□□□□□□＿
□□□□□＿□□□□
□□□□□□□＿□□
□□□□□□□□□＿
□□□＿□□□□□□
□□□□□＿□□□□
□＿□□□□□□□□
00:52:02(93661f):field(93660f)
＿＿＿＿＿＿＿＿＿＿
＿＿＿＿＿＿＿＿＿＿
＿＿＿＿＿＿＿＿＿＿
＿＿＿＿＿＿＿＿＿＿
＿＿＿＿＿＿＿＿＿＿
＿＿＿＿＿＿＿＿＿＿
＿＿＿■＿□＿＿＿＿
＿＿＿■■□□□＿＿
＿□□□■□□□＿＿
＿□□□□□□□□□
＿□□□□□□＿□□
＿□□□□□□□□□
＿□□□□□□□□□
□□□□□□□□□＿
□□□□□＿□□□□
□□□□□□□＿□□
□□□□□□□□□＿
□□□＿□□□□□□
□□□□□＿□□□□
□＿□□□□□□□□
00:52:02(93673f):field(93672f)
＿＿＿＿＿＿＿＿＿＿
＿＿＿＿＿＿＿＿＿＿
＿＿＿＿＿＿＿＿＿＿
＿＿＿＿＿＿＿＿＿＿
＿＿＿＿＿＿＿＿＿＿
＿＿＿■■■＿＿＿＿
＿＿＿□■□＿＿＿＿
＿＿＿□□□□□＿＿
＿□□□□□□□＿＿
＿□□□□□□□□□
＿□□□□□□＿□□
＿□□□□□□□□□
＿□□□□□□□□□
□□□□□□□□□＿
□□□□□＿□□□□
□□□□□□□＿□□
□□□□□□□□□＿
□□□＿□□□□□□
□□□□□＿□□□□
□＿□□□□□□□□
00:52:02(93685f):field(93684f)
＿＿＿＿＿＿＿＿＿＿
＿＿＿＿＿＿＿＿＿＿
＿＿＿＿＿＿＿＿＿＿
＿＿＿＿＿＿＿＿＿＿
＿＿＿＿＿＿＿＿＿＿
＿＿＿□□□＿＿＿＿
＿＿＿□□□＿＿＿■
＿＿＿□□□□□■■
＿□□□□□□□■＿
＿□□□□□□□□□
＿□□□□□□＿□□
＿□□□□□□□□□
＿□□□□□□□□□
□□□□□□□□□＿
□□□□□＿□□□□
□□□□□□□＿□□
□□□□□□□□□＿
□□□＿□□□□□□
□□□□□＿□□□□
□＿□□□□□□□□
00:52:03(93699f):field(93698f)
＿＿＿＿＿＿＿＿＿＿
＿＿＿＿＿＿＿＿＿＿
＿＿＿＿＿＿＿＿＿＿
＿＿＿＿＿＿＿＿＿＿
＿＿＿＿＿＿＿■＿＿
＿＿＿□□□＿■＿＿
＿＿＿□□□＿■■□
＿＿＿□□□□□□□
＿□□□□□□□□＿
＿□□□□□□□□□
＿□□□□□□＿□□
＿□□□□□□□□□
＿□□□□□□□□□
□□□□□□□□□＿
□□□□□＿□□□□
□□□□□□□＿□□
□□□□□□□□□＿
□□□＿□□□□□□
□□□□□＿□□□□
□＿□□□□□□□□
00:52:03(93713f):field(93712f)
＿＿＿＿＿＿＿＿＿＿
＿＿＿＿＿＿＿＿＿＿
＿＿＿＿＿＿＿＿＿＿
＿＿＿＿＿＿＿＿＿＿
＿＿＿＿＿＿＿□＿＿
＿＿＿□□□＿□＿＿
＿■■□□□＿□□□
＿■■□□□□□□□
＿□□□□□□□□＿
＿□□□□□□□□□
＿□□□□□□＿□□
＿□□□□□□□□□
＿□□□□□□□□□
□□□□□□□□□＿
□□□□□＿□□□□
□□□□□□□＿□□
□□□□□□□□□＿
□□□＿□□□□□□
□□□□□＿□□□□
□＿□□□□□□□□
00:52:04(93725f):field(93724f)
＿＿＿＿＿＿＿＿＿＿
＿＿＿＿＿＿＿＿＿＿
＿＿＿＿＿＿＿＿＿＿
＿＿＿＿＿＿＿＿＿＿
＿＿＿＿■■■□＿＿
＿＿＿□□□■□＿＿
＿□□□□□＿□□□
＿□□□□□□□□□
＿□□□□□□□□＿
＿□□□□□□□□□
＿□□□□□□＿□□
＿□□□□□□□□□
＿□□□□□□□□□
□□□□□□□□□＿
□□□□□＿□□□□
□□□□□□□＿□□
□□□□□□□□□＿
□□□＿□□□□□□
□□□□□＿□□□□
□＿□□□□□□□□
00:52:04(93740f):field(93739f)
＿＿＿＿＿＿＿＿＿＿
＿＿＿＿＿＿＿＿＿＿
＿＿＿＿＿＿＿＿＿＿
＿＿＿＿＿＿＿＿＿＿
＿＿■■□□□□＿＿
＿■■□□□□□＿＿
＿□□□□□＿□□□
＿□□□□□□□□□
＿□□□□□□□□＿
＿□□□□□□□□□
＿□□□□□□＿□□
＿□□□□□□□□□
＿□□□□□□□□□
□□□□□□□□□＿
□□□□□＿□□□□
□□□□□□□＿□□
□□□□□□□□□＿
□□□＿□□□□□□
□□□□□＿□□□□
□＿□□□□□□□□
00:52:05(93752f):field(93751f)
＿＿＿＿＿＿＿＿＿＿
＿＿＿＿＿＿＿＿＿＿
＿＿＿＿＿＿＿＿＿＿
＿＿＿＿＿＿＿＿＿＿
＿＿◆◆◆◆◆◆＿＿
＿◆◆◆◆◆◆◆＿＿
＿◆◆◆◆◆＿◆◆◆
＿◆□□□□□□◆◆
＿□□□□□□□◆＿
＿□□□□□◆□□□
＿□□□□□□■□□
■□□□□□□□□◆
■□□□□□□◆□□
□□□□□□□□□＿
□□□□□＿□□□□
□□□□□□□＿□□
□□□□□□□□□＿
□□□＿□□□□□□
□□□□□＿□□□□
□＿□□□□□□□□
00:52:05(93765f):field(93764f)
＿＿＿＿＿＿＿＿＿＿
＿＿＿＿＿＿＿＿＿＿
＿＿＿＿＿＿＿＿＿＿
＿＿＿＿＿＿＿＿＿＿
＿＿＿＿■＿＿＿＿＿
＿＿＿＿■■＿＿＿＿
＿＿＿＿■＿＿＿＿＿
＿＿□□□□□□＿＿
＿□□□□□□□＿＿
＿□□□□□＿□□□
＿□□□□□□□□□
◆□□□□□□□□＿
□□□□□□□＿□□
□□□□□□□□□＿
□□□□□＿□□□□
□□□□□□□＿□□
□□□□□□□□□＿
□□□＿□□□□□□
□□□□□＿□□□□
□＿□□□□□□□□
00:52:06(93791f):field(93790f)
＿＿＿＿＿＿＿＿＿＿
＿＿＿＿＿＿＿＿＿＿
＿＿＿＿＿＿＿＿＿＿
＿＿＿＿＿＿＿＿＿＿
＿＿＿＿□＿＿＿＿＿
＿＿＿＿□□＿＿＿＿
＿＿＿＿□＿＿＿＿■
＿＿□□□□□□■■
＿□□□□□□□■＿
＿□□□□□＿□□□
＿□□□□□□□□□
＿□□□□□□□□＿
□□□□□□□＿□□
□□□□□□□□□＿
□□□□□＿□□□□
□□□□□□□＿□□
□□□□□□□□□＿
□□□＿□□□□□□
□□□□□＿□□□□
□＿□□□□□□□□
00:52:06(93804f):field(93803f)
＿＿＿＿＿＿＿＿＿＿
＿＿＿＿＿＿＿＿＿＿
＿＿＿＿＿＿＿＿＿＿
＿＿＿＿＿＿＿＿＿＿
＿＿＿＿◆＿＿＿＿＿
＿＿＿＿□◆＿＿＿＿
＿＿■＿□■■＿＿◆
■＿◆◆□◆◆◆◆□
■□□□□□□□□＿
■□□□□□＿□□□
＿□□□□□□□□□
＿□□□□□□□□＿
□□□□□□□＿□□
□□□□□□□□□＿
□□□□□＿□□□□
□□□□□□□＿□□
□□□□□□□□□＿
□□□＿□□□□□□
□□□□□＿□□□□
□＿□□□□□□□□
00:52:07(93823f):field(93822f)
＿＿＿＿＿＿＿＿＿＿
＿＿＿＿＿＿＿＿＿＿
＿＿＿＿＿＿＿＿＿＿
＿＿＿＿＿＿＿＿＿＿
＿＿＿＿＿＿＿＿＿＿
＿＿＿＿□＿＿＿＿＿
＿＿□■□□◆＿＿＿
◆＿■■□＿＿＿＿□
□□□□□□□□□＿
□□□□□□＿□□□
＿□□□□□□□□□
＿□□□□□□□□＿
□□□□□□□＿□□
□□□□□□□□□＿
□□□□□＿□□□□
□□□□□□□＿□□
□□□□□□□□□＿
□□□＿□□□□□□
□□□□□＿□□□□
□＿□□□□□□□□
00:52:08(93843f):field(93842f)
＿＿＿＿＿＿＿＿＿＿
＿＿＿＿＿＿＿＿＿＿
＿＿＿＿＿＿＿＿＿＿
＿＿＿＿＿＿＿＿＿＿
＿＿＿＿＿＿＿＿＿＿
＿＿＿＿□＿＿＿＿＿
＿＿□□□□■■■■
＿＿□□□＿＿＿＿□
□□□□□□□□□＿
□□□□□□＿□□□
＿□□□□□□□□□
＿□□□□□□□□＿
□□□□□□□＿□□
□□□□□□□□□＿
□□□□□＿□□□□
□□□□□□□＿□□
□□□□□□□□□＿
□□□＿□□□□□□
□□□□□＿□□□□
□＿□□□□□□□□
00:52:08(93858f):field(93857f)
＿＿＿＿＿＿＿＿＿＿
＿＿＿＿＿＿＿＿＿＿
＿＿＿＿＿＿＿＿＿＿
＿＿＿＿＿＿＿＿＿＿
＿＿＿＿＿＿＿＿＿＿
＿＿＿■◆＿＿＿＿＿
■■□◆□◆◆◆◆◆
■＿□□□＿＿■＿□
□□□□□□□□□■
□□□□□□＿□□□
＿□□□□□□□□□
＿□□□□□□□□＿
□□□□□□□＿□□
□□□□□□□□□＿
□□□□□＿□□□□
□□□□□□□＿□□
□□□□□□□□□＿
□□□＿□□□□□□
□□□□□＿□□□□
□＿□□□□□□□□
00:52:09(93870f):field(93869f)
＿＿＿＿＿＿＿＿＿＿
＿＿＿＿＿＿＿＿＿＿
＿＿＿＿＿＿＿＿＿＿
＿＿＿＿＿＿＿＿＿＿
＿＿＿＿＿＿＿＿＿＿
＿＿■◆＿＿＿＿＿＿
□□□＿□＿＿＿＿＿
□■□□□■＿◆＿□
□□□□□□□□□◆
□□□□□□＿□□□
＿□□□□□□□□□
＿□□□□□□□□＿
□□□□□□□＿□□
□□□□□□□□□＿
□□□□□＿□□□□
□□□□□□□＿□□
□□□□□□□□□＿
□□□＿□□□□□□
□□□□□＿□□□□
□＿□□□□□□□□
00:52:09(93882f):field(93881f)
＿＿＿＿＿＿＿＿＿＿
＿＿＿＿＿＿＿＿＿＿
＿＿＿＿＿＿＿＿＿＿
＿＿＿＿＿＿＿＿＿＿
＿＿＿＿＿＿＿＿＿＿
＿＿□＿＿＿＿■＿＿
□□□＿□＿＿■■＿
□□□□□◆＿＿■□
□□□□□□□□□＿
□□□□□□＿□□□
＿□□□□□□□□□
＿□□□□□□□□＿
□□□□□□□＿□□
□□□□□□□□□＿
□□□□□＿□□□□
□□□□□□□＿□□
□□□□□□□□□＿
□□□＿□□□□□□
□□□□□＿□□□□
□＿□□□□□□□□
00:52:09(93892f):field(93891f)
＿＿＿＿＿＿＿＿＿＿
＿＿＿＿＿＿＿＿＿＿
＿＿＿＿＿＿＿＿＿＿
＿＿＿＿＿＿＿＿＿＿
＿＿＿＿＿＿＿＿＿＿
＿＿□＿＿■＿□＿＿
□□□＿□■＿□□＿
□□□□□■■＿□□
□□□□□□□□□＿
□□□□□□＿□□□
＿□□□□□□□□□
＿□□□□□□□□＿
□□□□□□□＿□□
□□□□□□□□□＿
□□□□□＿□□□□
□□□□□□□＿□□
□□□□□□□□□＿
□□□＿□□□□□□
□□□□□＿□□□□
□＿□□□□□□□□
00:52:10(93906f):field(93905f)
＿＿＿＿＿＿＿＿＿＿
＿＿＿＿＿＿＿＿＿＿
＿＿＿＿＿＿＿＿＿＿
＿＿＿＿＿＿＿＿＿＿
＿＿＿＿＿■■■■＿
＿＿□＿＿□＿□＿＿
□□□＿□□＿□□＿
□□□□□□□＿□□
□□□□□□□□□＿
□□□□□□＿□□□
＿□□□□□□□□□
＿□□□□□□□□＿
□□□□□□□＿□□
□□□□□□□□□＿
□□□□□＿□□□□
□□□□□□□＿□□
□□□□□□□□□＿
□□□＿□□□□□□
□□□□□＿□□□□
□＿□□□□□□□□
00:52:10(93919f):field(93918f)
＿＿＿＿＿＿＿＿＿＿
＿＿＿＿＿＿＿＿＿＿
＿＿＿＿＿＿＿＿＿＿
＿＿＿＿＿＿＿＿＿＿
＿＿＿■■□□□□＿
＿＿□■■□＿□＿＿
□□□＿□□＿□□＿
□□□□□□□＿□□
□□□□□□□□□＿
□□□□□□＿□□□
＿□□□□□□□□□
＿□□□□□□□□＿
□□□□□□□＿□□
□□□□□□□□□＿
□□□□□＿□□□□
□□□□□□□＿□□
□□□□□□□□□＿
□□□＿□□□□□□
□□□□□＿□□□□
□＿□□□□□□□□
00:52:11(93933f):field(93932f)
＿＿＿＿＿＿＿＿＿＿
＿＿＿＿＿＿＿＿＿＿
＿＿＿＿＿＿＿■■＿
＿＿＿＿＿＿＿＿■■
＿＿＿□□□□□□＿
＿＿□□□□＿□＿＿
□□□＿□□＿□□＿
□□□□□□□＿□□
□□□□□□□□□＿
□□□□□□＿□□□
＿□□□□□□□□□
＿□□□□□□□□＿
□□□□□□□＿□□
□□□□□□□□□＿
□□□□□＿□□□□
□□□□□□□＿□□
□□□□□□□□□＿
□□□＿□□□□□□
□□□□□＿□□□□
□＿□□□□□□□□
00:52:11(93945f):field(93944f)
＿＿＿＿＿＿＿＿＿＿
＿＿＿＿＿＿＿＿＿＿
＿＿＿＿＿＿＿□□＿
＿＿＿＿＿＿＿＿□□
■■＿□□□□□□＿
■■□□□□＿□＿＿
□□□＿□□＿□□＿
□□□□□□□＿□□
□□□□□□□□□＿
□□□□□□＿□□□
＿□□□□□□□□□
＿□□□□□□□□＿
□□□□□□□＿□□
□□□□□□□□□＿
□□□□□＿□□□□
□□□□□□□＿□□
□□□□□□□□□＿
□□□＿□□□□□□
□□□□□＿□□□□
□＿□□□□□□□□
00:52:11(93958f):field(93957f)
＿＿＿＿＿＿＿＿＿＿
＿＿＿＿＿＿＿＿＿＿
＿＿＿＿＿■■□□＿
＿＿＿＿■■＿＿□□
□□＿□□□□□□＿
□□□□□□＿□＿＿
□□□＿□□＿□□＿
□□□□□□□＿□□
□□□□□□□□□＿
□□□□□□＿□□□
＿□□□□□□□□□
＿□□□□□□□□＿
□□□□□□□＿□□
□□□□□□□□□＿
□□□□□＿□□□□
□□□□□□□＿□□
□□□□□□□□□＿
□□□＿□□□□□□
□□□□□＿□□□□
□＿□□□□□□□□
00:52:12(93970f):field(93969f)
＿＿＿＿＿＿＿＿＿＿
■＿＿＿＿＿＿＿＿＿
■＿＿＿＿□□□□＿
■■＿＿□□＿＿□□
□□＿□□□□□□＿
□□□□□□＿□＿＿
□□□＿□□＿□□＿
□□□□□□□＿□□
□□□□□□□□□＿
□□□□□□＿□□□
＿□□□□□□□□□
＿□□□□□□□□＿
□□□□□□□＿□□
□□□□□□□□□＿
□□□□□＿□□□□
□□□□□□□＿□□
□□□□□□□□□＿
□□□＿□□□□□□
□□□□□＿□□□□
□＿□□□□□□□□
00:52:12(93982f):field(93981f)
＿＿＿＿＿＿＿＿＿＿
□＿＿＿＿＿■■■■
□＿＿＿＿□□□□＿
□□＿＿□□＿＿□□
□□＿□□□□□□＿
□□□□□□＿□＿＿
□□□＿□□＿□□＿
□□□□□□□＿□□
□□□□□□□□□＿
□□□□□□＿□□□
＿□□□□□□□□□
＿□□□□□□□□＿
□□□□□□□＿□□
□□□□□□□□□＿
□□□□□＿□□□□
□□□□□□□＿□□
□□□□□□□□□＿
□□□＿□□□□□□
□□□□□＿□□□□
□＿□□□□□□□□
00:52:13(94002f):field(94001f)
＿＿＿＿＿＿＿＿＿＿
□＿＿■■■□□□□
□＿■■■□□□□＿
□□■＿□□＿＿□□
□□■□□□□□□＿
□□□□□□＿□＿＿
□□□＿□□＿□□＿
□□□□□□□＿□□
□□□□□□□□□＿
□□□□□□＿□□□
＿□□□□□□□□□
＿□□□□□□□□＿
□□□□□□□＿□□
□□□□□□□□□＿
□□□□□＿□□□□
□□□□□□□＿□□
□□□□□□□□□＿
□□□＿□□□□□□
□□□□□＿□□□□
□＿□□□□□□□□
00:52:16(94090f):game end
