00:01:05(1970f):game start
00:01:07(2029f):field(2028f)
＿＿＿＿＿＿＿＿＿＿
＿＿＿＿＿＿＿＿＿＿
＿＿＿＿＿＿＿＿＿＿
＿＿＿＿＿＿＿＿＿＿
＿＿＿＿＿＿＿＿＿＿
＿＿＿＿＿＿＿＿＿＿
＿＿＿＿＿＿＿＿＿＿
＿＿＿＿＿＿＿＿＿＿
＿＿＿＿＿＿＿＿＿＿
＿＿＿＿＿＿＿＿＿＿
＿＿＿＿＿＿＿＿＿＿
＿＿＿＿＿＿＿＿＿＿
＿＿＿＿＿＿＿＿＿＿
＿＿＿＿＿＿＿＿＿＿
＿＿＿＿＿＿＿＿＿＿
＿＿＿＿＿＿＿＿＿＿
＿＿＿＿＿＿＿＿＿＿
＿＿＿＿＿＿＿＿＿＿
＿＿＿＿＿■＿＿＿＿
＿＿＿＿■■■＿＿＿
00:01:08(2040f):field(2039f)
＿＿＿＿＿＿＿＿＿＿
＿＿＿＿＿＿＿＿＿＿
＿＿＿＿＿＿＿＿＿＿
＿＿＿＿＿＿＿＿＿＿
＿＿＿＿＿＿＿＿＿＿
＿＿＿＿＿＿＿＿＿＿
＿＿＿＿＿＿＿＿＿＿
＿＿＿＿＿＿＿＿＿＿
＿＿＿＿＿＿＿＿＿＿
＿＿＿＿＿＿＿＿＿＿
＿＿＿＿＿＿＿＿＿＿
＿＿＿＿＿＿＿＿＿＿
＿＿＿＿＿＿＿＿＿＿
＿＿＿＿＿＿＿＿＿＿
＿＿＿＿＿＿＿＿＿＿
＿＿＿＿＿＿＿＿＿＿
＿＿＿＿＿＿＿＿＿＿
＿＿＿＿＿＿＿＿＿＿
＿＿＿＿＿□＿＿＿＿
■■■■□□□＿＿＿
00:01:08(2053f):field(2052f)
＿＿＿＿＿＿＿＿＿＿
＿＿＿＿＿＿＿＿＿＿
＿＿＿＿＿＿＿＿＿＿
＿＿＿＿＿＿＿＿＿＿
＿＿＿＿＿＿＿＿＿＿
＿＿＿＿＿＿＿＿＿＿
＿＿＿＿＿＿＿＿＿＿
＿＿＿＿＿＿＿＿＿＿
＿＿＿＿＿＿＿＿＿＿
＿＿＿＿＿＿＿＿＿＿
＿＿＿＿＿＿＿＿＿＿
＿＿＿＿＿＿＿＿＿＿
＿＿＿＿＿＿＿＿＿＿
＿＿＿＿＿＿＿＿＿＿
＿＿＿＿＿＿＿＿＿＿
＿＿＿＿＿＿＿＿＿＿
＿＿＿＿＿＿＿＿＿＿
■＿＿＿＿＿＿＿＿＿
■■■＿＿□＿＿＿＿
□□□□□□□＿＿＿
00:01:09(2079f):field(2078f)
＿＿＿＿＿＿＿＿＿＿
＿＿＿＿＿＿＿＿＿＿
＿＿＿＿＿＿＿＿＿＿
＿＿＿＿＿＿＿＿＿＿
＿＿＿＿＿＿＿＿＿＿
＿＿＿＿＿＿＿＿＿＿
＿＿＿＿＿＿＿＿＿＿
＿＿＿＿＿＿＿＿＿＿
＿＿＿＿＿＿＿＿＿＿
＿＿＿＿＿＿＿＿＿＿
＿＿＿＿＿＿＿＿＿＿
＿＿＿＿＿＿＿＿＿＿
＿＿＿＿＿＿＿＿＿＿
＿＿＿＿＿＿＿＿＿＿
＿＿＿＿＿＿＿＿＿＿
＿＿＿＿＿＿＿＿＿＿
＿＿＿■＿＿＿＿＿＿
□＿＿■＿＿＿＿＿＿
□□□■■□＿■■＿
□□□□□□□■■＿
00:01:09(2091f):field(2090f)
＿＿＿＿＿＿＿＿＿＿
＿＿＿＿＿＿＿＿＿＿
＿＿＿＿＿＿＿＿＿＿
＿＿＿＿＿＿＿＿＿＿
＿＿＿＿＿＿＿＿＿＿
＿＿＿＿＿＿＿＿＿＿
＿＿＿＿＿＿＿＿＿＿
＿＿＿＿＿＿＿＿＿＿
＿＿＿＿＿＿＿＿＿＿
＿＿＿＿＿＿＿＿＿＿
＿＿＿＿＿＿＿＿＿＿
＿＿＿＿＿＿＿＿＿＿
＿＿＿＿＿＿＿＿＿＿
＿＿＿＿＿＿＿＿＿＿
＿＿＿＿＿＿＿＿＿＿
＿＿＿＿＿＿＿＿＿＿
＿＿＿□■■＿＿＿＿
□＿＿□■■＿＿＿＿
□□□□□□＿□□＿
□□□□□□□□□＿
00:01:10(2103f):field(2102f)
＿＿＿＿＿＿＿＿＿＿
＿＿＿＿＿＿＿＿＿＿
＿＿＿＿＿＿＿＿＿＿
＿＿＿＿＿＿＿＿＿＿
＿＿＿＿＿＿＿＿＿＿
＿＿＿＿＿＿＿＿＿＿
＿＿＿＿＿＿＿＿＿＿
＿＿＿＿＿＿＿＿＿＿
＿＿＿＿＿＿＿＿＿＿
＿＿＿＿＿＿＿＿＿＿
＿＿＿＿＿＿＿＿＿＿
＿＿＿＿＿＿＿＿＿＿
＿＿＿＿＿＿＿＿＿＿
＿＿＿＿＿＿＿＿＿＿
＿＿＿＿＿＿＿＿＿＿
＿＿＿＿＿＿＿＿＿＿
＿＿＿□□□■＿＿＿
□＿＿□□□■■＿＿
□□□□□□■□□＿
□□□□□□□□□＿
00:01:10(2116f):field(2115f)
＿＿＿＿＿＿＿＿＿＿
＿＿＿＿＿＿＿＿＿＿
＿＿＿＿＿＿＿＿＿＿
＿＿＿＿＿＿＿＿＿＿
＿＿＿＿＿＿＿＿＿＿
＿＿＿＿＿＿＿＿＿＿
＿＿＿＿＿＿＿＿＿＿
＿＿＿＿＿＿＿＿＿＿
＿＿＿＿＿＿＿＿＿＿
＿＿＿＿＿＿＿＿＿＿
＿＿＿＿＿＿＿＿＿＿
＿＿＿＿＿＿＿＿＿＿
＿＿＿＿＿＿＿＿＿＿
＿＿＿＿＿＿＿＿＿＿
＿＿＿＿＿＿＿＿＿＿
＿＿＿■■■■＿＿＿
＿＿＿□□□□＿＿＿
□＿＿□□□□□＿＿
□□□□□□□□□＿
□□□□□□□□□＿
00:01:10(2129f):field(2128f)
＿＿＿＿＿＿＿＿＿＿
＿＿＿＿＿＿＿＿＿＿
＿＿＿＿＿＿＿＿＿＿
＿＿＿＿＿＿＿＿＿＿
＿＿＿＿＿＿＿＿＿＿
＿＿＿＿＿＿＿＿＿＿
＿＿＿＿＿＿＿＿＿＿
＿＿＿＿＿＿＿＿＿＿
＿＿＿＿＿＿＿＿＿＿
＿＿＿＿＿＿＿＿＿＿
＿＿＿＿＿＿＿＿＿＿
＿＿＿＿＿＿＿＿＿＿
＿＿＿＿＿＿＿＿＿＿
＿＿＿＿＿＿＿＿＿＿
＿＿＿＿＿＿＿＿＿＿
＿■＿□□□□＿＿＿
＿■＿□□□□＿＿＿
□■■□□□□□＿＿
□□□□□□□□□＿
□□□□□□□□□＿
00:01:11(2142f):field(2141f)
＿＿＿＿＿＿＿＿＿＿
＿＿＿＿＿＿＿＿＿＿
＿＿＿＿＿＿＿＿＿＿
＿＿＿＿＿＿＿＿＿＿
＿＿＿＿＿＿＿＿＿＿
＿＿＿＿＿＿＿＿＿＿
＿＿＿＿＿＿＿＿＿＿
＿＿＿＿＿＿＿＿＿＿
＿＿＿＿＿＿＿＿＿＿
＿＿＿＿＿＿＿＿＿＿
＿＿＿＿＿＿＿＿＿＿
＿＿＿＿＿＿＿＿＿＿
＿＿＿＿■＿＿＿＿＿
＿＿＿■■＿＿＿＿＿
＿＿＿■＿＿＿＿＿＿
＿□＿□□□□＿＿＿
＿□＿□□□□＿＿＿
□□□□□□□□＿＿
□□□□□□□□□＿
□□□□□□□□□＿
00:01:12(2164f):field(2163f)
＿＿＿＿＿＿＿＿＿＿
＿＿＿＿＿＿＿＿＿＿
＿＿＿＿＿＿＿＿＿＿
＿＿＿＿＿＿＿＿＿＿
＿＿＿＿＿＿＿＿＿＿
＿＿＿＿＿＿＿＿＿＿
＿＿＿＿＿＿＿＿＿＿
＿＿＿＿＿＿＿＿＿＿
＿＿＿＿＿＿＿＿＿＿
＿＿＿＿＿＿＿＿＿＿
＿＿＿＿＿＿＿＿＿＿
＿＿＿＿＿＿＿＿＿＿
＿＿＿＿◆＿＿＿＿＿
＿＿＿◆□＿＿＿＿＿
＿＿＿□■＿＿＿＿＿
＿◆＿□◆□◆＿＿＿
＿□＿□□□□＿＿＿
◆□◆□□□□□■■
□□□□□□□□□＿
□□□□□□□□□＿
00:01:12(2177f):field(2176f)
＿＿＿＿＿＿＿＿＿＿
＿＿＿＿＿＿＿＿＿＿
＿＿＿＿＿＿＿＿＿＿
＿＿＿＿＿＿＿＿＿＿
＿＿＿＿＿＿＿＿＿＿
＿＿＿＿＿＿＿＿＿＿
＿＿＿＿＿＿＿＿＿＿
＿＿＿＿＿＿＿＿＿＿
＿＿＿＿＿＿＿＿＿＿
＿＿＿＿＿＿＿＿＿＿
＿＿＿＿＿＿＿＿＿＿
＿＿＿＿＿＿＿＿＿＿
＿＿＿＿＿＿＿＿＿＿
＿＿＿＿□＿＿＿＿＿
＿＿＿□□■＿＿＿＿
＿＿＿□■□■＿＿＿
＿□＿□□□□＿＿＿
＿□＿□□□□◆□□
□□□□□□□□□＿
□□□□□□□□□＿
00:01:13(2190f):field(2189f)
＿＿＿＿＿＿＿＿＿＿
＿＿＿＿＿＿＿＿＿＿
＿＿＿＿＿＿＿＿＿＿
＿＿＿＿＿＿＿＿＿＿
＿＿＿＿＿＿＿＿＿＿
＿＿＿＿＿＿＿＿＿＿
＿＿＿＿＿＿＿＿＿＿
＿＿＿＿＿＿＿＿＿＿
＿＿＿＿＿＿＿＿＿＿
＿＿＿＿＿＿＿＿＿＿
＿＿＿＿＿＿＿＿＿＿
＿＿＿＿＿＿＿＿＿＿
＿＿＿＿＿＿＿＿＿＿
＿＿＿＿□＿＿＿＿＿
＿＿＿□□□＿＿＿＿
■■＿□□□□＿＿＿
■□＿□□□□＿＿＿
■□＿□□□□＿□□
□□□□□□□□□＿
□□□□□□□□□＿
00:01:13(2204f):field(2203f)
＿＿＿＿＿＿＿＿＿＿
＿＿＿＿＿＿＿＿＿＿
＿＿＿＿＿＿＿＿＿＿
＿＿＿＿＿＿＿＿＿＿
＿＿＿＿＿＿＿＿＿＿
＿＿＿＿＿＿＿＿＿＿
＿＿＿＿＿＿＿＿＿＿
＿＿＿＿＿＿＿＿＿＿
＿＿＿＿＿＿＿＿＿＿
＿＿＿＿＿＿＿＿＿＿
＿＿＿＿＿＿＿＿＿＿
＿＿＿＿＿＿＿＿＿＿
＿＿＿＿＿＿＿＿＿＿
＿＿＿＿□＿＿＿＿＿
＿＿■□□□＿＿＿＿
□□■□□□□＿＿＿
□□■□□□□＿＿＿
□□■□□□□＿□□
□□□□□□□□□＿
□□□□□□□□□＿
00:01:13(2218f):field(2217f)
＿＿＿＿＿＿＿＿＿＿
＿＿＿＿＿＿＿＿＿＿
＿＿＿＿＿＿＿＿＿＿
＿＿＿＿＿＿＿＿＿＿
＿＿＿＿＿＿＿＿＿＿
＿＿＿＿＿＿＿＿＿＿
＿＿＿＿＿＿＿＿＿＿
＿＿＿＿＿＿＿＿＿＿
＿＿＿＿＿＿＿＿＿＿
＿＿＿＿＿＿＿＿＿＿
＿＿＿＿＿＿＿＿＿＿
＿＿＿＿■＿＿＿＿＿
＿＿＿■■＿＿＿＿＿
＿＿＿■□＿＿＿＿＿
＿＿□□□□＿＿＿＿
□□□□□□□＿＿＿
□□□□□□□＿＿＿
□□□□□□□＿□□
□□□□□□□□□＿
□□□□□□□□□＿
00:01:14(2230f):field(2229f)
＿＿＿＿＿＿＿＿＿＿
＿＿＿＿＿＿＿＿＿＿
＿＿＿＿＿＿＿＿＿＿
＿＿＿＿＿＿＿＿＿＿
＿＿＿＿＿＿＿＿＿＿
＿＿＿＿＿＿＿＿＿＿
＿＿＿＿＿＿＿＿＿＿
＿＿＿＿＿＿＿＿＿＿
＿＿＿＿＿＿＿＿＿＿
＿＿＿＿＿＿＿＿＿＿
＿＿＿＿＿＿＿＿＿＿
＿＿＿＿□＿＿＿＿＿
＿＿＿□□＿＿＿＿＿
■■＿□□＿＿＿＿＿
■■□□□□＿＿＿＿
□□□□□□□＿＿＿
□□□□□□□＿＿＿
□□□□□□□＿□□
□□□□□□□□□＿
□□□□□□□□□＿
00:01:14(2243f):field(2242f)
＿＿＿＿＿＿＿＿＿＿
＿＿＿＿＿＿＿＿＿＿
＿＿＿＿＿＿＿＿＿＿
＿＿＿＿＿＿＿＿＿＿
＿＿＿＿＿＿＿＿＿＿
＿＿＿＿＿＿＿＿＿＿
＿＿＿＿＿＿＿＿＿＿
＿＿＿＿＿＿＿＿＿＿
＿＿＿＿＿＿＿＿＿＿
＿＿＿＿＿＿＿＿＿＿
＿＿＿＿＿＿＿＿＿＿
＿＿■＿□＿＿＿＿＿
＿■■□□＿＿＿＿＿
□□■□□＿＿＿＿＿
□□□□□□＿＿＿＿
□□□□□□□＿＿＿
□□□□□□□＿＿＿
□□□□□□□＿□□
□□□□□□□□□＿
□□□□□□□□□＿
00:01:15(2255f):field(2254f)
＿＿＿＿＿＿＿＿＿＿
＿＿＿＿＿＿＿＿＿＿
＿＿＿＿＿＿＿＿＿＿
＿＿＿＿＿＿＿＿＿＿
＿＿＿＿＿＿＿＿＿＿
＿＿＿＿＿＿＿＿＿＿
＿＿＿＿＿＿＿＿＿＿
＿＿＿＿＿＿＿＿＿＿
＿＿＿＿＿＿＿＿＿＿
＿＿＿■■＿＿＿＿＿
＿＿＿■＿＿＿＿＿＿
＿＿□■□＿＿＿＿＿
＿□□□□＿＿＿＿＿
□□□□□＿＿＿＿＿
□□□□□□＿＿＿＿
□□□□□□□＿＿＿
□□□□□□□＿＿＿
□□□□□□□＿□□
□□□□□□□□□＿
□□□□□□□□□＿
00:01:15(2273f):field(2272f)
＿＿＿＿＿＿＿＿＿＿
＿＿＿＿＿＿＿＿＿＿
＿＿＿＿＿＿＿＿＿＿
＿＿＿＿＿＿＿＿＿＿
＿＿＿＿＿＿＿＿＿＿
＿＿＿＿＿＿＿＿＿＿
＿＿＿＿＿＿＿＿＿＿
＿＿＿＿＿＿＿＿＿＿
＿＿＿＿＿＿＿＿＿＿
＿＿＿◆◆＿＿＿＿＿
＿＿＿◆＿＿＿＿＿＿
＿＿◆□□＿＿＿＿＿
＿◆◆□◆＿＿＿＿＿
◆◆□□□＿＿＿＿＿
◆□□□□◆＿＿＿＿
□□□□□◆◆＿＿＿
□□□□□□◆＿■＿
□□□□□□□＿◆◆
□□□□□□□□□＿
□□□□□□□□□＿
00:01:16(2288f):field(2287f)
＿＿＿＿＿＿＿＿＿＿
＿＿＿＿＿＿＿＿＿＿
＿＿＿＿＿＿＿＿＿＿
＿＿＿＿＿＿＿＿＿＿
＿＿＿＿＿＿＿＿＿＿
＿＿＿＿＿＿＿＿＿＿
＿＿＿＿＿＿＿＿＿＿
＿＿＿＿＿＿＿＿＿＿
＿＿＿＿＿＿＿＿＿＿
＿＿＿＿＿＿＿＿＿＿
＿＿＿＿＿＿＿＿＿＿
＿＿＿□□＿＿＿＿＿
＿＿＿□＿＿＿＿＿＿
＿＿□□□＿＿＿＿＿
＿□□□□＿＿＿＿＿
□□□□□＿＿＿＿＿
□□□□□□■■◆＿
□□□□□□□■■＿
□□□□□□□□□＿
□□□□□□□□□＿
00:01:16(2300f):field(2299f)
＿＿＿＿＿＿＿＿＿＿
＿＿＿＿＿＿＿＿＿＿
＿＿＿＿＿＿＿＿＿＿
＿＿＿＿＿＿＿＿＿＿
＿＿＿＿＿＿＿＿＿＿
＿＿＿＿＿＿＿＿＿＿
＿＿＿＿＿＿＿＿＿＿
＿＿＿＿＿＿＿＿＿＿
＿＿＿＿＿＿＿＿＿＿
＿＿＿＿＿＿＿＿＿＿
＿＿＿＿＿＿＿＿＿＿
＿＿＿□□＿＿＿＿＿
＿＿＿□＿＿＿＿＿＿
＿＿□□□＿＿＿＿＿
＿□□□□■■＿＿＿
□□□□□■■＿＿＿
□□□□□□□□＿＿
□□□□□□□□□＿
□□□□□□□□□＿
□□□□□□□□□＿
00:01:17(2316f):field(2315f)
＿＿＿＿＿＿＿＿＿＿
＿＿＿＿＿＿＿＿＿＿
＿＿＿＿＿＿＿＿＿＿
＿＿＿＿＿＿＿＿＿＿
＿＿＿＿＿＿＿＿＿＿
＿＿＿＿＿＿＿＿＿＿
＿＿＿＿＿＿＿＿＿＿
＿＿＿＿＿＿＿＿＿＿
＿＿＿＿＿＿＿＿＿＿
＿＿＿＿＿＿＿＿＿＿
＿＿＿＿＿＿＿＿＿＿
＿＿＿□□＿＿＿＿＿
＿＿＿□＿＿＿＿＿＿
＿＿□□□＿＿＿＿＿
＿□□□□□□＿■＿
□□□□□□□■■＿
□□□□□□□□■＿
□□□□□□□□□＿
□□□□□□□□□＿
□□□□□□□□□＿
00:01:17(2330f):field(2329f)
＿＿＿＿＿＿＿＿＿＿
＿＿＿＿＿＿＿＿＿＿
＿＿＿＿＿＿＿＿＿＿
＿＿＿＿＿＿＿＿＿＿
＿＿＿＿＿＿＿＿＿＿
＿＿＿＿＿＿＿＿＿＿
＿＿＿＿＿＿＿＿＿＿
＿＿＿＿＿＿＿＿＿＿
＿＿＿＿＿＿＿＿＿＿
＿＿＿＿＿＿＿＿＿＿
＿＿＿＿＿＿＿＿＿＿
＿＿＿□□＿＿＿＿＿
＿＿＿□＿＿＿＿■＿
＿＿□□□＿＿＿■■
＿□□□□□□＿□■
□□□□□□□□□＿
□□□□□□□□□＿
□□□□□□□□□＿
□□□□□□□□□＿
□□□□□□□□□＿
00:01:18(2344f):field(2343f)
＿＿＿＿＿＿＿＿＿＿
＿＿＿＿＿＿＿＿＿＿
＿＿＿＿＿＿＿＿＿＿
＿＿＿＿＿＿＿＿＿＿
＿＿＿＿＿＿＿＿＿＿
＿＿＿＿＿＿＿＿＿＿
＿＿＿＿＿＿＿＿＿＿
＿＿＿＿＿＿＿＿＿＿
＿＿＿＿＿＿＿＿＿＿
＿＿＿＿＿＿＿＿＿＿
＿＿＿＿＿＿＿＿＿＿
＿＿＿□□＿＿＿＿＿
＿＿＿□＿＿＿＿□＿
＿＿□□□■■■□□
＿□□□□□□■□□
□□□□□□□□□＿
□□□□□□□□□＿
□□□□□□□□□＿
□□□□□□□□□＿
□□□□□□□□□＿
00:01:18(2364f):field(2363f)
＿＿＿＿＿＿＿＿＿＿
＿＿＿＿＿＿＿＿＿＿
＿＿＿＿＿＿＿＿＿＿
＿＿＿＿＿＿＿＿＿＿
＿＿＿＿＿＿＿＿＿＿
＿＿＿＿＿＿＿＿＿＿
＿＿＿＿＿＿＿＿＿＿
＿＿＿＿＿＿＿＿＿＿
＿＿＿＿＿＿＿＿＿＿
＿＿＿＿＿＿＿＿＿＿
＿＿＿＿＿＿＿＿＿＿
＿＿＿◆◆＿＿＿＿■
＿＿＿◆＿＿＿＿◆＿
■＿◆□□□◆◆◆◆
■□◆□◆◆□◆□◆
□□□□□□□□□＿
□□□□□□□□□＿
□□□□□□□□□＿
□□□□□□□□□＿
□□□□□□□□□＿
00:01:19(2375f):field(2374f)
＿＿＿＿＿＿＿＿＿＿
＿＿＿＿＿＿＿＿＿＿
＿＿＿＿＿＿＿＿＿＿
＿＿＿＿＿＿＿＿＿＿
＿＿＿＿＿＿＿＿＿＿
＿＿＿＿＿＿＿＿＿＿
＿＿＿＿＿＿＿＿＿＿
＿＿＿＿＿＿＿＿＿＿
＿＿＿＿＿＿＿＿＿＿
＿＿＿＿＿＿＿＿＿＿
＿＿＿＿＿＿＿＿＿＿
＿＿＿■■＿＿＿＿◆
＿＿＿■■＿＿＿＿＿
◆＿＿□□◆＿＿＿＿
◆□＿□＿＿◆＿□＿
□□□□□□□□□＿
□□□□□□□□□＿
□□□□□□□□□＿
□□□□□□□□□＿
□□□□□□□□□＿
00:01:19(2396f):field(2395f)
＿＿＿＿＿＿＿＿＿＿
＿＿＿＿＿＿＿＿＿＿
＿＿＿＿＿＿＿＿＿＿
＿＿＿＿＿＿＿＿＿＿
＿＿＿＿＿＿＿＿＿＿
＿＿＿＿＿＿＿＿＿＿
＿＿＿＿＿＿＿＿＿＿
＿＿＿＿＿＿＿＿＿＿
＿＿＿＿＿＿＿＿＿＿
＿＿＿＿＿＿＿＿＿＿
＿＿＿＿＿＿＿＿＿＿
＿＿＿□□＿＿■＿＿
＿＿＿□□＿＿■＿＿
＿＿＿□□＿＿■＿＿
＿□＿□＿＿＿■□＿
□□□□□□□□□＿
□□□□□□□□□＿
□□□□□□□□□＿
□□□□□□□□□＿
□□□□□□□□□＿
00:01:20(2409f):field(2408f)
＿＿＿＿＿＿＿＿＿＿
＿＿＿＿＿＿＿＿＿＿
＿＿＿＿＿＿＿＿＿＿
＿＿＿＿＿＿＿＿＿＿
＿＿＿＿＿＿＿＿＿＿
＿＿＿＿＿＿＿＿＿＿
＿＿＿＿＿＿＿＿＿＿
＿＿＿＿＿＿＿＿＿＿
＿＿＿＿＿＿＿＿＿＿
＿＿＿＿＿＿＿＿＿＿
＿＿＿＿＿＿＿＿＿＿
＿＿＿□□＿＿□＿＿
＿＿＿□□■＿□＿＿
＿＿＿□□■■□＿＿
＿□＿□＿■＿□□＿
□□□□□□□□□＿
□□□□□□□□□＿
□□□□□□□□□＿
□□□□□□□□□＿
□□□□□□□□□＿
00:01:20(2424f):field(2423f)
＿＿＿＿＿＿＿＿＿＿
＿＿＿＿＿＿＿＿＿＿
＿＿＿＿＿＿＿＿＿＿
＿＿＿＿＿＿＿＿＿＿
＿＿＿＿＿＿＿＿＿＿
＿＿＿＿＿＿＿＿＿＿
＿＿＿＿＿＿＿＿＿＿
＿＿＿＿＿＿＿＿＿＿
＿＿＿＿＿＿＿＿＿＿
＿＿＿＿＿＿＿＿＿＿
＿＿＿＿＿■＿＿＿＿
＿＿＿□□■■□＿＿
＿＿＿□□□■□＿＿
＿＿＿□□□□□＿＿
＿□＿□＿□＿□□＿
□□□□□□□□□＿
□□□□□□□□□＿
□□□□□□□□□＿
□□□□□□□□□＿
□□□□□□□□□＿
00:01:21(2439f):field(2438f)
＿＿＿＿＿＿＿＿＿＿
＿＿＿＿＿＿＿＿＿＿
＿＿＿＿＿＿＿＿＿＿
＿＿＿＿＿＿＿＿＿＿
＿＿＿＿＿＿＿＿＿＿
＿＿＿＿＿＿＿＿＿＿
＿＿＿＿＿＿＿＿＿＿
＿＿＿＿＿＿＿＿＿＿
＿＿＿＿＿＿＿＿＿＿
＿＿＿＿＿＿＿＿＿＿
＿＿＿＿＿□＿＿＿＿
＿＿＿□□□□□＿＿
＿■＿□□□□□＿＿
■■＿□□□□□＿＿
■□＿□＿□＿□□＿
□□□□□□□□□＿
□□□□□□□□□＿
□□□□□□□□□＿
□□□□□□□□□＿
□□□□□□□□□＿
00:01:21(2453f):field(2452f)
＿＿＿＿＿＿＿＿＿＿
＿＿＿＿＿＿＿＿＿＿
＿＿＿＿＿＿＿＿＿＿
＿＿＿＿＿＿＿＿＿＿
＿＿＿＿＿＿＿＿＿＿
＿＿＿＿＿＿＿＿＿＿
＿＿＿＿＿＿＿＿＿＿
＿＿＿＿＿＿＿＿＿＿
＿＿＿＿＿＿＿＿＿＿
＿＿＿＿＿＿＿＿＿＿
＿＿＿＿＿□＿＿＿＿
＿＿＿□□□□□＿＿
＿□＿□□□□□■■
□□＿□□□□□■■
□□＿□＿□＿□□＿
□□□□□□□□□＿
□□□□□□□□□＿
□□□□□□□□□＿
□□□□□□□□□＿
□□□□□□□□□＿
00:01:22(2485f):field(2484f)
＿＿＿＿＿＿＿＿＿＿
＿＿＿＿＿＿＿＿＿＿
＿＿＿＿＿＿＿＿＿＿
＿＿＿＿＿＿＿＿＿＿
＿＿＿＿＿＿＿＿＿＿
＿＿＿＿＿＿＿＿＿＿
＿＿＿＿＿＿＿＿＿＿
＿＿＿＿＿＿＿＿＿＿
＿＿＿＿＿＿＿＿＿＿
＿＿＿＿＿＿＿＿＿＿
＿＿＿＿■□＿＿＿＿
＿＿＿□□□◆◆＿＿
＿◆■□□□□□◆◆
◆□■□□□□□□□
□□■□＿□■□□＿
□□□□□□□□□＿
□□□□□□□□□■
□□□□□□□□□＿
□□□□□□□□□＿
□□□□□□□□□＿
00:01:23(2501f):field(2500f)
＿＿＿＿＿＿＿＿＿＿
＿＿＿＿＿＿＿＿＿＿
＿＿＿＿＿＿＿＿＿＿
＿＿＿＿＿＿＿＿＿＿
＿＿＿＿＿＿＿＿＿＿
＿＿＿＿＿＿＿＿＿＿
＿＿＿＿＿＿＿＿＿＿
＿＿＿＿＿＿＿＿＿＿
＿＿＿＿＿＿＿＿＿＿
＿＿＿＿＿＿＿＿＿＿
＿＿＿＿◆◆＿＿＿＿
■＿＿◆□□＿＿＿＿
■＿◆□□□◆◆＿＿
■◆□□□□□□◆◆
□□□□＿□◆□□＿
□□□□□□□□□＿
□□□□□□□□□◆
□□□□□□□□□＿
□□□□□□□□□＿
□□□□□□□□□＿
00:01:23(2514f):field(2513f)
＿＿＿＿＿＿＿＿＿＿
＿＿＿＿＿＿＿＿＿＿
＿＿＿＿＿＿＿＿＿＿
＿＿＿＿＿＿＿＿＿＿
＿＿＿＿＿＿＿＿＿＿
＿＿＿＿＿＿＿＿＿＿
＿＿＿＿＿＿＿＿＿＿
＿＿＿＿＿＿＿＿＿＿
＿＿＿＿＿＿＿＿＿＿
＿＿＿＿＿＿＿＿＿＿
＿＿＿■■■＿＿＿＿
□＿＿■□□＿＿＿＿
□＿＿□□□＿＿＿＿
□＿□□□□□□＿＿
□□□□＿□＿□□＿
□□□□□□□□□＿
□□□□□□□□□＿
□□□□□□□□□＿
□□□□□□□□□＿
□□□□□□□□□＿
00:01:24(2530f):field(2529f)
＿＿＿＿＿＿＿＿＿＿
＿＿＿＿＿＿＿＿＿＿
＿＿＿＿＿＿＿＿＿＿
＿＿＿＿＿＿＿＿＿＿
＿＿＿＿＿＿＿＿＿＿
＿＿＿＿＿＿＿＿＿＿
＿＿＿＿＿＿＿＿＿＿
＿＿＿＿＿＿＿＿＿＿
＿＿＿＿＿＿＿＿＿＿
＿＿＿＿＿＿＿＿＿＿
＿＿＿□□□＿＿＿＿
□＿＿□□□＿＿＿＿
□＿＿□□□■■■＿
□＿□□□□□□■＿
□□□□＿□＿□□＿
□□□□□□□□□＿
□□□□□□□□□＿
□□□□□□□□□＿
□□□□□□□□□＿
□□□□□□□□□＿
00:01:24(2543f):field(2542f)
＿＿＿＿＿＿＿＿＿＿
＿＿＿＿＿＿＿＿＿＿
＿＿＿＿＿＿＿＿＿＿
＿＿＿＿＿＿＿＿＿＿
＿＿＿＿＿＿＿＿＿＿
＿＿＿＿＿＿＿＿＿＿
＿＿＿＿＿＿＿＿＿＿
＿＿＿＿＿＿＿＿＿＿
＿＿＿＿＿＿＿＿＿＿
＿＿＿＿＿＿＿＿＿＿
＿＿＿□□□＿＿＿＿
□■＿□□□＿＿＿＿
□■■□□□□□□＿
□■□□□□□□□＿
□□□□＿□＿□□＿
□□□□□□□□□＿
□□□□□□□□□＿
□□□□□□□□□＿
□□□□□□□□□＿
□□□□□□□□□＿
00:01:25(2555f):field(2554f)
＿＿＿＿＿＿＿＿＿＿
＿＿＿＿＿＿＿＿＿＿
＿＿＿＿＿＿＿＿＿＿
＿＿＿＿＿＿＿＿＿＿
＿＿＿＿＿＿＿＿＿＿
＿＿＿＿＿＿＿＿＿＿
＿＿＿＿＿＿＿＿＿＿
＿＿＿＿■＿＿＿＿＿
＿＿＿■■＿＿＿＿＿
＿＿＿■＿＿＿＿＿＿
＿＿＿□□□＿＿＿＿
□□＿□□□＿＿＿＿
□□□□□□□□□＿
□□□□□□□□□＿
□□□□＿□＿□□＿
□□□□□□□□□＿
□□□□□□□□□＿
□□□□□□□□□＿
□□□□□□□□□＿
□□□□□□□□□＿
00:01:25(2570f):field(2569f)
＿＿＿＿＿＿＿＿＿＿
＿＿＿＿＿＿＿＿＿＿
＿＿＿＿＿＿＿＿＿＿
＿＿＿＿＿＿＿＿＿＿
＿＿＿＿＿＿＿＿＿＿
＿＿＿＿＿＿＿＿＿＿
＿＿＿＿＿＿＿＿＿＿
＿＿＿＿□＿＿＿＿＿
＿＿＿□□＿＿＿＿＿
＿■＿□＿＿＿＿＿＿
＿■■□□□＿＿＿＿
□□■□□□＿＿＿＿
□□□□□□□□□＿
□□□□□□□□□＿
□□□□＿□＿□□＿
□□□□□□□□□＿
□□□□□□□□□＿
□□□□□□□□□＿
□□□□□□□□□＿
□□□□□□□□□＿
00:01:26(2607f):field(2606f)
＿＿＿＿＿＿＿＿＿＿
＿＿＿＿＿＿＿＿＿＿
＿＿＿＿＿＿＿＿＿＿
＿＿＿＿＿＿＿＿＿＿
＿＿＿＿＿＿＿＿＿＿
＿＿＿＿＿＿＿＿＿＿
＿＿＿＿＿＿＿＿＿＿
＿＿＿＿◆＿＿＿＿＿
＿＿＿◆◆＿＿＿＿＿
＿◆＿◆＿＿＿＿＿＿
＿◆◆◆◆◆＿＿＿＿
◆◆◆◆□◆＿＿＿＿
◆◆◆□□◆◆◆◆＿
◆□◆□◆◆◆◆◆＿
◆□□□■□＿◆□＿
□□□□□□□□□＿
□□□□□□□□□＿
□□□□□□□□□＿
□□□□◆□◆□□＿
□□□□□□□□□＿
00:01:27(2631f):field(2630f)
＿＿＿＿＿＿＿＿＿＿
＿＿＿＿＿＿＿＿＿＿
＿＿＿＿＿＿＿＿＿＿
＿＿＿＿＿＿＿＿＿＿
＿＿＿＿＿＿＿＿＿＿
＿＿＿＿＿＿＿＿＿＿
＿＿＿＿＿＿＿＿＿＿
＿＿＿＿＿＿＿＿＿＿
＿＿＿＿＿＿＿＿＿＿
＿＿＿＿＿＿＿＿＿＿
＿＿＿＿＿＿＿＿＿＿
＿＿＿＿◆＿＿＿＿＿
＿＿＿◆□＿＿＿＿＿
＿◆＿□■＿＿＿＿■
＿□◆□◆◆＿＿□■
◆□□□□□◆◆□■
□□□□□□□□□＿
□□□□□□□□□＿
□□□□＿□＿□□＿
□□□□□□□□□＿
00:01:28(2648f):field(2647f)
＿＿＿＿＿＿＿＿＿＿
＿＿＿＿＿＿＿＿＿＿
＿＿＿＿＿＿＿＿＿＿
＿＿＿＿＿＿＿＿＿＿
＿＿＿＿＿＿＿＿＿＿
＿＿＿＿＿＿＿＿＿＿
＿＿＿＿＿＿＿＿＿＿
＿＿＿＿＿＿＿＿＿＿
＿＿＿＿＿＿＿＿＿＿
＿＿＿＿＿＿＿＿＿＿
＿＿＿＿＿＿＿＿＿＿
＿＿＿＿＿＿＿＿＿＿
＿＿＿＿□＿＿＿＿＿
＿＿＿□□■＿＿＿◆
＿□＿□■■■＿□□
＿□□□□□＿＿□□
□□□□□□□□□＿
□□□□□□□□□＿
□□□□＿□＿□□＿
□□□□□□□□□＿
00:01:28(2662f):field(2661f)
＿＿＿＿＿＿＿＿＿＿
＿＿＿＿＿＿＿＿＿＿
＿＿＿＿＿＿＿＿＿＿
＿＿＿＿＿＿＿＿＿＿
＿＿＿＿＿＿＿＿＿＿
＿＿＿＿＿＿＿＿＿＿
＿＿＿＿＿＿＿＿＿＿
＿＿＿＿＿＿＿＿＿＿
＿＿＿＿＿＿＿＿＿＿
＿＿＿＿＿＿＿＿＿＿
＿＿＿＿＿＿＿＿＿＿
＿＿＿＿＿＿＿＿＿＿
＿＿＿＿□＿＿＿■■
＿＿＿□□□＿＿■■
＿□＿□□□□＿□□
＿□□□□□＿＿□□
□□□□□□□□□＿
□□□□□□□□□＿
□□□□＿□＿□□＿
□□□□□□□□□＿
00:01:29(2675f):field(2674f)
＿＿＿＿＿＿＿＿＿＿
＿＿＿＿＿＿＿＿＿＿
＿＿＿＿＿＿＿＿＿＿
＿＿＿＿＿＿＿＿＿＿
＿＿＿＿＿＿＿＿＿＿
＿＿＿＿＿＿＿＿＿＿
＿＿＿＿＿＿＿＿＿＿
＿＿＿＿＿＿＿＿＿＿
＿＿＿＿＿＿＿＿＿＿
＿＿＿＿＿＿＿＿＿＿
＿＿＿＿■＿＿＿＿＿
＿＿＿■■＿＿＿＿＿
＿＿＿■□＿＿＿□□
＿＿＿□□□＿＿□□
＿□＿□□□□＿□□
＿□□□□□＿＿□□
□□□□□□□□□＿
□□□□□□□□□＿
□□□□＿□＿□□＿
□□□□□□□□□＿
00:01:29(2688f):field(2687f)
＿＿＿＿＿＿＿＿＿＿
＿＿＿＿＿＿＿＿＿＿
＿＿＿＿＿＿＿＿＿＿
＿＿＿＿＿＿＿＿＿＿
＿＿＿＿＿＿＿＿＿＿
＿＿＿＿＿＿＿＿＿＿
＿＿＿＿＿＿＿＿＿＿
＿＿＿＿＿＿＿＿＿＿
＿＿＿＿＿＿＿＿＿＿
＿＿＿＿＿＿＿＿＿＿
＿＿＿＿□＿＿＿＿＿
＿＿＿□□＿＿＿＿＿
＿＿＿□□＿＿＿□□
■■＿□□□＿＿□□
■□＿□□□□＿□□
■□□□□□＿＿□□
□□□□□□□□□＿
□□□□□□□□□＿
□□□□＿□＿□□＿
□□□□□□□□□＿
00:01:30(2703f):field(2702f)
＿＿＿＿＿＿＿＿＿＿
＿＿＿＿＿＿＿＿＿＿
＿＿＿＿＿＿＿＿＿＿
＿＿＿＿＿＿＿＿＿＿
＿＿＿＿＿＿＿＿＿＿
＿＿＿＿＿＿＿＿＿＿
＿＿＿＿＿＿＿＿＿＿
＿＿＿＿＿＿＿＿＿＿
＿＿＿＿＿＿＿＿＿＿
＿＿■■■■＿＿＿＿
＿＿＿＿□＿＿＿＿＿
＿＿＿□□＿＿＿＿＿
＿＿＿□□＿＿＿□□
□□＿□□□＿＿□□
□□＿□□□□＿□□
□□□□□□＿＿□□
□□□□□□□□□＿
□□□□□□□□□＿
□□□□＿□＿□□＿
□□□□□□□□□＿
00:01:30(2726f):field(2725f)
＿＿＿＿＿＿＿＿＿＿
＿＿＿＿＿＿＿＿＿＿
＿＿＿＿＿＿＿＿＿＿
＿＿＿＿＿＿＿＿＿＿
＿＿＿＿＿＿＿＿＿＿
＿＿＿＿＿＿＿＿＿＿
＿＿＿＿＿＿＿＿＿＿
＿＿＿＿＿＿＿＿＿＿
＿＿＿＿＿＿＿＿＿＿
＿＿□□□□＿＿＿＿
＿＿＿＿□＿＿＿＿＿
＿＿＿□□＿＿＿＿＿
＿＿＿□□＿■＿□□
□□＿□□□■■□□
□□＿□□□□■□□
□□□□□□＿＿□□
□□□□□□□□□＿
□□□□□□□□□＿
□□□□＿□＿□□＿
□□□□□□□□□＿
00:01:31(2741f):field(2740f)
＿＿＿＿＿＿＿＿＿＿
＿＿＿＿＿＿＿＿＿＿
＿＿＿＿＿＿＿＿＿＿
＿＿＿＿＿＿＿＿＿＿
＿＿＿＿＿＿＿＿＿＿
＿＿＿＿＿＿＿＿＿＿
＿＿＿＿＿＿＿＿＿＿
＿＿＿＿＿＿＿＿＿＿
＿＿＿＿＿＿＿＿＿＿
＿＿□□□□＿＿＿＿
＿＿＿＿□＿＿＿＿＿
■■＿□□＿＿＿＿＿
■■＿□□＿□＿□□
□□＿□□□□□□□
□□＿□□□□□□□
□□□□□□＿＿□□
□□□□□□□□□＿
□□□□□□□□□＿
□□□□＿□＿□□＿
□□□□□□□□□＿
00:01:31(2755f):field(2754f)
＿＿＿＿＿＿＿＿＿＿
＿＿＿＿＿＿＿＿＿＿
＿＿＿＿＿＿＿＿＿＿
＿＿＿＿＿＿＿＿＿＿
＿＿＿＿＿＿＿＿＿＿
＿＿＿＿＿＿＿＿＿＿
＿＿＿＿＿＿＿＿＿＿
＿＿＿＿＿＿＿＿＿＿
＿＿＿＿＿＿＿＿＿＿
＿＿□□□□＿＿＿＿
＿＿＿＿□＿＿＿＿＿
□□＿□□＿■■■＿
□□＿□□＿□■□□
□□＿□□□□□□□
□□＿□□□□□□□
□□□□□□＿＿□□
□□□□□□□□□＿
□□□□□□□□□＿
□□□□＿□＿□□＿
□□□□□□□□□＿
00:01:32(2771f):field(2770f)
＿＿＿＿＿＿＿＿＿＿
＿＿＿＿＿＿＿＿＿＿
＿＿＿＿＿＿＿＿＿＿
＿＿＿＿＿＿＿＿＿＿
＿＿＿＿＿＿＿＿＿＿
＿＿＿＿＿＿＿＿＿＿
＿＿＿＿＿＿＿＿＿＿
＿＿＿＿＿＿＿＿＿＿
＿＿＿＿＿＿＿＿＿＿
＿＿□□□□■■＿＿
＿＿＿＿□＿＿■■＿
□□＿□□＿□□□＿
□□＿□□＿□□□□
□□＿□□□□□□□
□□＿□□□□□□□
□□□□□□＿＿□□
□□□□□□□□□＿
□□□□□□□□□＿
□□□□＿□＿□□＿
□□□□□□□□□＿
00:01:32(2785f):field(2784f)
＿＿＿＿＿＿＿＿＿＿
＿＿＿＿＿＿＿＿＿＿
＿＿＿＿＿＿＿＿＿＿
＿＿＿＿＿＿＿＿＿＿
＿＿＿＿＿＿＿＿＿＿
＿＿＿＿＿＿＿＿＿＿
＿＿＿＿＿＿＿＿＿＿
＿＿＿＿＿＿＿＿＿＿
＿＿＿＿＿＿＿＿＿■
＿＿□□□□□□＿■
＿＿＿＿□＿＿□□■
□□＿□□＿□□□■
□□＿□□＿□□□□
□□＿□□□□□□□
□□＿□□□□□□□
□□□□□□＿＿□□
□□□□□□□□□＿
□□□□□□□□□＿
□□□□＿□＿□□＿
□□□□□□□□□＿
00:01:33(2799f):field(2798f)
＿＿＿＿＿＿＿＿＿＿
＿＿＿＿＿＿＿＿＿＿
＿＿＿＿＿＿＿＿＿＿
＿＿＿＿＿＿＿＿＿＿
＿＿＿＿＿＿＿＿＿＿
＿＿＿＿＿＿＿＿＿＿
＿＿＿＿＿＿＿＿＿＿
＿＿＿＿＿＿＿＿■■
＿＿＿＿＿＿＿＿■□
＿＿□□□□□□■□
＿＿＿＿□＿＿□□□
□□＿□□＿□□□□
□□＿□□＿□□□□
□□＿□□□□□□□
□□＿□□□□□□□
□□□□□□＿＿□□
□□□□□□□□□＿
□□□□□□□□□＿
□□□□＿□＿□□＿
□□□□□□□□□＿
00:01:33(2818f):field(2817f)
＿＿＿＿＿＿＿＿＿＿
＿＿＿＿＿＿＿＿＿＿
＿＿＿＿＿＿＿＿＿＿
＿＿＿＿＿＿＿＿＿＿
＿＿＿＿＿＿＿＿＿＿
＿＿＿＿＿＿＿＿＿＿
＿＿＿＿＿＿＿＿＿＿
＿＿＿＿＿＿＿＿◆◆
＿＿■＿＿＿＿＿□□
＿＿◆◆◆◆◆◆□□
■■＿＿□＿＿□□□
□□＿□□＿□□□□
□□＿□□＿□□□□
□□＿□□□□□□□
□□＿□□□□□□□
□□□□□□＿＿□□
□□□□□□□□□＿
□□□□□□□□□＿
□□□□＿□＿□□＿
□□□□□□□□□＿
00:01:34(2832f):field(2831f)
＿＿＿＿＿＿＿＿＿＿
＿＿＿＿＿＿＿＿＿＿
＿＿＿＿＿＿＿＿＿＿
＿＿＿＿＿＿＿＿＿＿
＿＿＿＿＿＿＿＿＿＿
＿＿＿＿＿＿＿＿＿＿
＿＿＿＿＿＿＿＿＿＿
＿＿＿＿＿＿＿＿＿＿
＿＿◆＿＿■＿＿□□
＿＿＿＿＿■＿＿□□
□□＿＿□■■□□□
□□＿□□＿□□□□
□□＿□□＿□□□□
□□＿□□□□□□□
□□＿□□□□□□□
□□□□□□＿＿□□
□□□□□□□□□＿
□□□□□□□□□＿
□□□□＿□＿□□＿
□□□□□□□□□＿
00:01:34(2849f):field(2848f)
＿＿＿＿＿＿＿＿＿＿
＿＿＿＿＿＿＿＿＿＿
＿＿＿＿＿＿＿＿＿＿
＿＿＿＿＿＿＿＿＿＿
＿＿＿＿＿＿＿＿＿＿
＿＿＿＿＿＿＿＿＿＿
＿＿＿＿＿＿＿＿＿＿
＿＿＿＿＿＿＿＿＿＿
＿＿＿＿＿◆＿＿◆◆
＿＿＿＿＿□＿＿□□
◆◆＿■□□◆◆□□
□□＿□□＿□□□□
□□＿□□＿□□□□
□□＿□□□□□□□
□□＿□□□□□□□
□□□□□□＿＿□□
□□□□□□□□□＿
□□□□□□□□□＿
□□□□＿□＿□□＿
□□□□□□□□□＿
00:01:35(2862f):field(2861f)
＿＿＿＿＿＿＿＿＿＿
＿＿＿＿＿＿＿＿＿＿
＿＿＿＿＿＿＿＿＿＿
＿＿＿＿＿＿＿＿＿＿
＿＿＿＿＿＿＿＿＿＿
＿＿＿＿＿＿＿＿＿＿
＿＿＿＿＿＿＿＿＿＿
＿＿＿＿■＿＿＿＿＿
＿＿＿＿■■＿＿＿＿
＿＿＿＿■□＿＿□□
＿＿＿□□□＿＿□□
□□＿□□＿□□□□
□□＿□□＿□□□□
□□＿□□□□□□□
□□＿□□□□□□□
□□□□□□＿＿□□
□□□□□□□□□＿
□□□□□□□□□＿
□□□□＿□＿□□＿
□□□□□□□□□＿
00:01:35(2878f):field(2877f)
＿＿＿＿＿＿＿＿＿＿
＿＿＿＿＿＿＿＿＿＿
＿＿＿＿＿＿＿＿＿＿
＿＿＿＿＿＿＿＿＿＿
＿＿＿＿＿＿＿＿＿＿
＿＿＿＿＿＿＿＿＿＿
＿＿＿■＿＿＿＿＿＿
＿＿＿■□＿＿＿＿＿
＿＿＿■□□＿＿＿＿
＿＿＿■□□＿＿□□
＿＿＿□□□＿＿□□
□□＿□□＿□□□□
□□＿□□＿□□□□
□□＿□□□□□□□
□□＿□□□□□□□
□□□□□□＿＿□□
□□□□□□□□□＿
□□□□□□□□□＿
□□□□＿□＿□□＿
□□□□□□□□□＿
00:01:36(2908f):field(2907f)
＿＿＿＿＿＿＿＿＿＿
＿＿＿＿＿＿＿＿＿＿
＿＿＿＿＿＿＿＿＿＿
＿＿＿＿＿＿＿＿＿＿
＿＿＿＿＿＿＿＿＿＿
＿＿＿＿＿＿＿＿＿＿
＿＿＿□＿＿＿＿＿＿
＿＿＿□□＿＿＿＿＿
＿＿＿□□□＿■■＿
＿＿＿□□□＿■□□
＿＿＿□□□＿■□□
□□＿□□＿□□□□
□□＿□□＿□□□□
□□＿□□□□□□□
□□＿□□□□□□□
□□□□□□＿＿□□
□□□□□□□□□＿
□□□□□□□□□＿
□□□□＿□＿□□＿
□□□□□□□□□＿
00:01:37(2926f):field(2925f)
＿＿＿＿＿＿＿＿＿＿
＿＿＿＿＿＿＿＿＿＿
＿＿＿＿＿＿＿＿＿＿
＿＿＿＿＿＿＿＿＿＿
＿＿＿＿＿＿＿＿＿＿
＿＿＿＿＿＿＿＿＿＿
＿＿＿□＿＿＿■＿＿
＿＿＿□□＿■■＿＿
＿＿＿□□□■□□＿
＿＿＿□□□＿□□□
＿＿＿□□□＿□□□
□□＿□□＿□□□□
□□＿□□＿□□□□
□□＿□□□□□□□
□□＿□□□□□□□
□□□□□□＿＿□□
□□□□□□□□□＿
□□□□□□□□□＿
□□□□＿□＿□□＿
□□□□□□□□□＿
00:01:38(2940f):field(2939f)
＿＿＿＿＿＿＿＿＿＿
＿＿＿＿＿＿＿＿＿＿
＿＿＿＿＿＿＿＿＿＿
＿＿＿＿＿＿＿＿＿＿
＿＿＿＿＿＿＿＿＿＿
＿＿＿＿■＿＿＿＿＿
＿＿＿□■■＿□＿＿
＿＿＿□□■□□＿＿
＿＿＿□□□□□□＿
＿＿＿□□□＿□□□
＿＿＿□□□＿□□□
□□＿□□＿□□□□
□□＿□□＿□□□□
□□＿□□□□□□□
□□＿□□□□□□□
□□□□□□＿＿□□
□□□□□□□□□＿
□□□□□□□□□＿
□□□□＿□＿□□＿
□□□□□□□□□＿
00:01:38(2954f):field(2953f)
＿＿＿＿＿＿＿＿＿＿
＿＿＿＿＿＿＿＿＿＿
＿＿＿＿＿＿＿＿＿＿
＿＿＿＿＿＿＿＿＿＿
＿＿＿＿＿＿＿＿＿＿
＿＿＿＿□■■■＿＿
＿＿＿□□□■□＿＿
＿＿＿□□□□□＿＿
＿＿＿□□□□□□＿
＿＿＿□□□＿□□□
＿＿＿□□□＿□□□
□□＿□□＿□□□□
□□＿□□＿□□□□
□□＿□□□□□□□
□□＿□□□□□□□
□□□□□□＿＿□□
□□□□□□□□□＿
□□□□□□□□□＿
□□□□＿□＿□□＿
□□□□□□□□□＿
00:01:38(2967f):field(2966f)
＿＿＿＿＿＿＿＿＿＿
＿＿＿＿＿＿＿＿＿＿
＿＿＿＿＿＿＿＿＿＿
＿＿＿＿＿＿＿＿＿＿
＿＿＿＿＿＿＿＿＿＿
＿＿＿＿□□□□＿＿
＿＿＿□□□□□＿＿
＿＿＿□□□□□＿＿
＿＿＿□□□□□□＿
■■＿□□□＿□□□
■■＿□□□＿□□□
□□＿□□＿□□□□
□□＿□□＿□□□□
□□＿□□□□□□□
□□＿□□□□□□□
□□□□□□＿＿□□
□□□□□□□□□＿
□□□□□□□□□＿
□□□□＿□＿□□＿
□□□□□□□□□＿
00:01:39(2981f):field(2980f)
＿＿＿＿＿＿＿＿＿＿
＿＿＿＿＿＿＿＿＿＿
＿＿＿＿＿＿＿＿＿＿
＿＿＿＿＿＿＿＿＿＿
＿＿＿＿＿＿＿＿＿＿
＿＿＿＿□□□□＿＿
＿＿＿□□□□□＿＿
＿＿＿□□□□□＿＿
＿■■□□□□□□＿
□□■□□□＿□□□
□□■□□□＿□□□
□□＿□□＿□□□□
□□＿□□＿□□□□
□□＿□□□□□□□
□□＿□□□□□□□
□□□□□□＿＿□□
□□□□□□□□□＿
□□□□□□□□□＿
□□□□＿□＿□□＿
□□□□□□□□□＿
00:01:40(3000f):field(2999f)
＿＿＿＿＿＿＿＿＿＿
＿＿＿＿＿＿＿＿＿＿
＿＿＿＿＿＿＿＿＿＿
＿＿＿＿＿＿＿＿＿＿
＿＿＿＿＿＿＿＿＿＿
＿＿＿＿□□□□＿＿
＿＿＿□□□□□＿■
＿＿＿□□□□□■■
＿□□□□□□□□■
□□□□□□＿□□□
□□□□□□＿□□□
□□＿□□＿□□□□
□□＿□□＿□□□□
□□＿□□□□□□□
□□＿□□□□□□□
□□□□□□＿＿□□
□□□□□□□□□＿
□□□□□□□□□＿
□□□□＿□＿□□＿
□□□□□□□□□＿
00:01:40(3014f):field(3013f)
＿＿＿＿＿＿＿＿＿＿
＿＿＿＿＿＿＿＿＿＿
＿＿＿＿＿＿＿＿＿＿
＿＿＿＿＿＿＿＿＿＿
＿＿＿■■＿＿＿＿＿
＿＿■■□□□□＿＿
＿＿＿□□□□□＿□
＿＿＿□□□□□□□
＿□□□□□□□□□
□□□□□□＿□□□
□□□□□□＿□□□
□□＿□□＿□□□□
□□＿□□＿□□□□
□□＿□□□□□□□
□□＿□□□□□□□
□□□□□□＿＿□□
□□□□□□□□□＿
□□□□□□□□□＿
□□□□＿□＿□□＿
□□□□□□□□□＿
00:01:40(3028f):field(3027f)
＿＿＿＿＿＿＿＿＿＿
＿＿＿＿＿＿＿＿＿＿
＿＿＿＿＿＿＿＿＿＿
＿＿＿■■■＿＿＿＿
＿＿＿□□■＿＿＿＿
＿＿□□□□□□＿＿
＿＿＿□□□□□＿□
＿＿＿□□□□□□□
＿□□□□□□□□□
□□□□□□＿□□□
□□□□□□＿□□□
□□＿□□＿□□□□
□□＿□□＿□□□□
□□＿□□□□□□□
□□＿□□□□□□□
□□□□□□＿＿□□
□□□□□□□□□＿
□□□□□□□□□＿
□□□□＿□＿□□＿
□□□□□□□□□＿
00:01:41(3050f):field(3049f)
＿＿＿＿＿＿＿＿＿＿
＿＿＿＿＿＿＿＿＿＿
＿＿＿＿＿＿＿＿＿＿
＿＿＿◆◆◆＿＿＿＿
＿＿＿□□□＿＿＿＿
＿＿◆□□□◆◆＿＿
■＿■□□□□□＿◆
■＿＿□□□□□◆□
■◆□□□□□□□□
□□□□□□＿□□□
□□□□□□＿□□□
□□＿□□＿□□□□
□□＿□□＿□□□□
□□＿□□□□□□□
□□＿□□□□□□□
□□□□□□＿＿□□
□□□□□□□□□＿
□□□□□□□□□＿
□□□□＿□＿□□＿
□□□□□□□□□＿
00:01:42(3064f):field(3063f)
＿＿＿＿＿＿＿＿＿＿
＿＿＿＿＿＿＿＿＿＿
＿＿＿＿＿＿＿＿＿＿
＿＿＿＿＿＿＿＿＿＿
＿＿＿□□□＿＿＿＿
■■＿□□□＿＿＿＿
□■□□□□□□＿＿
□■＿□□□□□＿□
□＿◆□□□□□□□
□□□□□□＿□□□
□□□□□□＿□□□
□□＿□□＿□□□□
□□＿□□＿□□□□
□□＿□□□□□□□
□□＿□□□□□□□
□□□□□□＿＿□□
□□□□□□□□□＿
□□□□□□□□□＿
□□□□＿□＿□□＿
□□□□□□□□□＿
00:01:42(3084f):field(3083f)
＿＿＿＿＿＿＿＿＿＿
＿＿＿＿＿＿＿＿＿＿
＿＿＿＿＿＿＿＿＿＿
＿＿＿＿＿＿＿＿＿＿
＿＿＿◆◆◆＿＿＿＿
◆◆＿□□□＿＿＿＿
□□◆□□□◆◆■＿
□□＿□□□□□■□
□＿＿□□□□□□□
□□□□□□＿□□□
□□□□□□■□□□
□□＿□□＿□□□□
□□＿□□＿□□□□
□□＿□□□□□□□
□□＿□□□□□□□
□□□□□□＿＿□□
□□□□□□□□□＿
□□□□□□□□□＿
□□□□＿□＿□□＿
□□□□□□□□□＿
00:01:43(3098f):field(3097f)
＿＿＿＿＿＿＿＿＿＿
＿＿＿＿＿＿＿＿＿＿
＿＿＿＿＿＿＿＿＿＿
＿＿＿■■＿＿＿＿＿
＿＿＿＿■■＿＿＿＿
＿＿＿□□□＿＿＿＿
□□＿□□□＿＿□＿
□□＿□□□□□□□
□＿＿□□□□□□□
□□□□□□＿□□□
□□□□□□◆□□□
□□＿□□＿□□□□
□□＿□□＿□□□□
□□＿□□□□□□□
□□＿□□□□□□□
□□□□□□＿＿□□
□□□□□□□□□＿
□□□□□□□□□＿
□□□□＿□＿□□＿
□□□□□□□□□＿
00:01:44(3120f):field(3119f)
＿＿＿＿＿＿＿＿＿＿
＿＿＿＿＿＿＿＿＿＿
＿＿＿＿＿＿＿＿＿＿
＿＿＿□□＿＿＿＿＿
＿＿＿＿□□＿＿＿■
＿＿＿□□□＿＿■■
□□＿□□□＿＿□■
□□＿□□□□□□□
□＿＿□□□□□□□
□□□□□□＿□□□
□□□□□□＿□□□
□□＿□□＿□□□□
□□＿□□＿□□□□
□□＿□□□□□□□
□□＿□□□□□□□
□□□□□□＿＿□□
□□□□□□□□□＿
□□□□□□□□□＿
□□□□＿□＿□□＿
□□□□□□□□□＿
00:01:44(3136f):field(3135f)
＿＿＿＿＿＿＿＿＿＿
＿＿＿＿＿＿＿＿＿＿
＿＿＿■■■＿＿＿＿
＿＿＿□□■＿＿＿＿
＿＿＿＿□□＿＿＿□
＿＿＿□□□＿＿□□
□□＿□□□＿＿□□
□□＿□□□□□□□
□＿＿□□□□□□□
□□□□□□＿□□□
□□□□□□＿□□□
□□＿□□＿□□□□
□□＿□□＿□□□□
□□＿□□□□□□□
□□＿□□□□□□□
□□□□□□＿＿□□
□□□□□□□□□＿
□□□□□□□□□＿
□□□□＿□＿□□＿
□□□□□□□□□＿
00:01:45(3155f):field(3154f)
＿＿＿＿＿＿＿＿＿＿
＿■■■■＿＿＿＿＿
＿＿＿□□□＿＿＿＿
＿＿＿□□□＿＿＿＿
＿＿＿＿□□＿＿＿□
＿＿＿□□□＿＿□□
□□＿□□□＿＿□□
□□＿□□□□□□□
□＿＿□□□□□□□
□□□□□□＿□□□
□□□□□□＿□□□
□□＿□□＿□□□□
□□＿□□＿□□□□
□□＿□□□□□□□
□□＿□□□□□□□
□□□□□□＿＿□□
□□□□□□□□□＿
□□□□□□□□□＿
□□□□＿□＿□□＿
□□□□□□□□□＿
00:02:20(4220f):game end
