00:13:00(23426f):game start
00:13:02(23481f):field(23480f)　×　５列目が高くなるように寝かせる
＿＿＿＿＿＿＿＿＿＿
＿＿＿＿＿＿＿＿＿＿
＿＿＿＿＿＿＿＿＿＿
＿＿＿＿＿＿＿＿＿＿
＿＿＿＿＿＿＿＿＿＿
＿＿＿＿＿＿＿＿＿＿
＿＿＿＿＿＿＿＿＿＿
＿＿＿＿＿＿＿＿＿＿
＿＿＿＿＿＿＿＿＿＿
＿＿＿＿＿＿＿＿＿＿
＿＿＿＿＿＿＿＿＿＿
＿＿＿＿＿＿＿＿＿＿
＿＿＿＿＿＿＿＿＿＿
＿＿＿＿＿＿＿＿＿＿
＿＿＿＿＿＿＿＿＿＿
＿＿＿＿＿＿＿＿＿＿
＿＿＿＿＿＿＿＿＿＿
＿■＿＿＿＿＿＿＿＿
＿■＿＿＿＿＿＿＿＿
＿■■＿＿＿＿＿＿＿
00:13:03(23492f):field(23491f)　〇
＿＿＿＿＿＿＿＿＿＿
＿＿＿＿＿＿＿＿＿＿
＿＿＿＿＿＿＿＿＿＿
＿＿＿＿＿＿＿＿＿＿
＿＿＿＿＿＿＿＿＿＿
＿＿＿＿＿＿＿＿＿＿
＿＿＿＿＿＿＿＿＿＿
＿＿＿＿＿＿＿＿＿＿
＿＿＿＿＿＿＿＿＿＿
＿＿＿＿＿＿＿＿＿＿
＿＿＿＿＿＿＿＿＿＿
＿＿＿＿＿＿＿＿＿＿
＿＿＿＿＿＿＿＿＿＿
＿＿＿＿＿＿＿＿＿＿
＿＿＿＿＿＿＿＿＿＿
＿＿＿＿＿＿＿＿＿＿
＿＿＿＿＿＿＿＿＿＿
＿□＿＿＿＿＿＿＿＿
＿□＿■■＿＿＿＿＿
＿□□■■＿＿＿＿＿
00:13:03(23509f):field(23508f)　〇
＿＿＿＿＿＿＿＿＿＿
＿＿＿＿＿＿＿＿＿＿
＿＿＿＿＿＿＿＿＿＿
＿＿＿＿＿＿＿＿＿＿
＿＿＿＿＿＿＿＿＿＿
＿＿＿＿＿＿＿＿＿＿
＿＿＿＿＿＿＿＿＿＿
＿＿＿＿＿＿＿＿＿＿
＿＿＿＿＿＿＿＿＿＿
＿＿＿＿＿＿＿＿＿＿
＿＿＿＿＿＿＿＿＿＿
＿＿＿＿＿＿＿＿＿＿
＿＿＿＿＿＿＿＿＿＿
＿＿＿＿＿＿＿＿＿＿
＿＿＿＿＿＿＿＿＿＿
＿＿＿＿＿＿＿＿＿＿
＿＿＿＿＿＿＿＿＿＿
＿□＿＿＿＿＿＿＿＿
＿□＿□□＿＿＿＿＿
＿□□□□■■■■＿
00:13:04(23529f):field(23528f)　×　６列目が高くなるように立てる
＿＿＿＿＿＿＿＿＿＿
＿＿＿＿＿＿＿＿＿＿
＿＿＿＿＿＿＿＿＿＿
＿＿＿＿＿＿＿＿＿＿
＿＿＿＿＿＿＿＿＿＿
＿＿＿＿＿＿＿＿＿＿
＿＿＿＿＿＿＿＿＿＿
＿＿＿＿＿＿＿＿＿＿
＿＿＿＿＿＿＿＿＿＿
＿＿＿＿＿＿＿＿＿＿
＿＿＿＿＿＿＿＿＿＿
＿＿＿＿＿＿＿＿＿＿
＿＿＿＿＿＿＿＿＿＿
＿＿＿＿＿＿＿＿＿＿
＿＿＿＿＿＿＿＿＿＿
＿＿＿＿＿＿＿＿＿＿
＿＿■＿＿＿＿＿＿＿
＿□■■＿＿＿＿＿＿
＿□■□□＿＿＿＿＿
＿□□□□□□□□＿
00:13:04(23540f):field(23539f)　〇
＿＿＿＿＿＿＿＿＿＿
＿＿＿＿＿＿＿＿＿＿
＿＿＿＿＿＿＿＿＿＿
＿＿＿＿＿＿＿＿＿＿
＿＿＿＿＿＿＿＿＿＿
＿＿＿＿＿＿＿＿＿＿
＿＿＿＿＿＿＿＿＿＿
＿＿＿＿＿＿＿＿＿＿
＿＿＿＿＿＿＿＿＿＿
＿＿＿＿＿＿＿＿＿＿
＿＿＿＿＿＿＿＿＿＿
＿＿＿＿＿＿＿＿＿＿
＿＿＿＿＿＿＿＿＿＿
＿＿＿＿＿＿＿＿＿＿
＿＿＿＿＿＿＿＿＿＿
＿＿＿＿＿＿＿＿＿＿
＿＿□＿＿＿＿＿＿＿
＿□□□■■＿＿＿＿
＿□□□□■■＿＿＿
＿□□□□□□□□＿
00:13:05(23554f):field(23553f)　×　６列目が高くなるように立てる
＿＿＿＿＿＿＿＿＿＿
＿＿＿＿＿＿＿＿＿＿
＿＿＿＿＿＿＿＿＿＿
＿＿＿＿＿＿＿＿＿＿
＿＿＿＿＿＿＿＿＿＿
＿＿＿＿＿＿＿＿＿＿
＿＿＿＿＿＿＿＿＿＿
＿＿＿＿＿＿＿＿＿＿
＿＿＿＿＿＿＿＿＿＿
＿＿＿＿＿＿＿＿＿＿
＿＿＿＿＿＿＿＿＿＿
＿＿＿＿＿＿＿＿＿＿
＿＿＿＿＿＿＿＿＿＿
＿＿＿＿＿＿＿＿＿＿
＿＿＿＿＿＿＿＿＿＿
＿＿＿＿＿＿＿＿＿＿
＿＿□＿＿＿＿＿＿＿
＿□□□□□＿＿■＿
＿□□□□□□＿■■
＿□□□□□□□□■
00:13:05(23566f):field(23565f)　〇
＿＿＿＿＿＿＿＿＿＿
＿＿＿＿＿＿＿＿＿＿
＿＿＿＿＿＿＿＿＿＿
＿＿＿＿＿＿＿＿＿＿
＿＿＿＿＿＿＿＿＿＿
＿＿＿＿＿＿＿＿＿＿
＿＿＿＿＿＿＿＿＿＿
＿＿＿＿＿＿＿＿＿＿
＿＿＿＿＿＿＿＿＿＿
＿＿＿＿＿＿＿＿＿＿
＿＿＿＿＿＿＿＿＿＿
＿＿＿＿＿＿＿＿＿＿
＿＿＿＿＿＿＿＿＿＿
＿＿＿＿＿＿＿＿＿＿
＿＿＿＿＿＿＿＿＿＿
＿＿＿■＿＿＿＿＿＿
＿＿□■■■＿＿＿＿
＿□□□□□＿＿□＿
＿□□□□□□＿□□
＿□□□□□□□□□
00:13:05(23579f):field(23578f)　〇
＿＿＿＿＿＿＿＿＿＿
＿＿＿＿＿＿＿＿＿＿
＿＿＿＿＿＿＿＿＿＿
＿＿＿＿＿＿＿＿＿＿
＿＿＿＿＿＿＿＿＿＿
＿＿＿＿＿＿＿＿＿＿
＿＿＿＿＿＿＿＿＿＿
＿＿＿＿＿＿＿＿＿＿
＿＿＿＿＿＿＿＿＿＿
＿＿＿＿＿＿＿＿＿＿
＿＿＿＿＿＿＿＿＿＿
＿＿＿＿＿＿＿＿＿＿
＿＿＿＿＿＿＿＿＿＿
＿＿＿＿■＿＿＿＿＿
＿＿＿＿■＿＿＿＿＿
＿＿＿□■■＿＿＿＿
＿＿□□□□＿＿＿＿
＿□□□□□＿＿□＿
＿□□□□□□＿□□
＿□□□□□□□□□
00:13:06(23592f):field(23591f)　×　左端に立てる
＿＿＿＿＿＿＿＿＿＿
＿＿＿＿＿＿＿＿＿＿
＿＿＿＿＿＿＿＿＿＿
＿＿＿＿＿＿＿＿＿＿
＿＿＿＿＿＿＿＿＿＿
＿＿＿＿＿＿＿＿＿＿
＿＿＿＿＿＿＿＿＿＿
＿＿＿＿＿＿＿＿＿＿
＿＿＿＿＿＿＿＿＿＿
＿＿＿＿＿＿＿＿＿＿
＿＿＿＿＿＿＿＿＿＿
＿＿＿＿＿＿＿＿＿＿
＿＿＿＿＿＿＿＿＿＿
＿＿＿＿□＿＿＿＿＿
＿＿＿＿□＿＿＿＿＿
＿＿＿□□□＿■＿＿
＿＿□□□□＿■＿＿
＿□□□□□＿■□＿
＿□□□□□□■□□
＿□□□□□□□□□
00:13:06(23608f):field(23607f)　？　塞ぎまではしない３、４列に置く方がいい気もする。
＿＿＿＿＿＿＿＿＿＿
＿＿＿＿＿＿＿＿＿＿
＿＿＿＿＿＿＿＿＿＿
＿＿＿＿＿＿＿＿＿＿
＿＿＿＿＿＿＿＿＿＿
＿＿＿＿＿＿＿＿＿＿
＿＿＿＿＿＿＿＿＿＿
＿＿＿＿＿＿＿＿＿＿
＿＿＿＿＿＿＿＿＿＿
＿＿＿＿＿＿＿＿＿＿
＿＿＿＿＿＿＿＿＿＿
＿＿＿＿＿＿＿＿＿＿
＿＿＿＿＿＿＿＿＿＿
＿＿＿＿□＿＿＿＿＿
＿＿＿＿□＿＿＿＿＿
■■＿□□□＿□＿＿
■■□□□□＿□＿＿
＿□□□□□＿□□＿
＿□□□□□□□□□
＿□□□□□□□□□
00:13:07(23620f):field(23619f)　〇
＿＿＿＿＿＿＿＿＿＿
＿＿＿＿＿＿＿＿＿＿
＿＿＿＿＿＿＿＿＿＿
＿＿＿＿＿＿＿＿＿＿
＿＿＿＿＿＿＿＿＿＿
＿＿＿＿＿＿＿＿＿＿
＿＿＿＿＿＿＿＿＿＿
＿＿＿＿＿＿＿＿＿＿
＿＿＿＿＿＿＿＿＿＿
＿＿＿＿＿＿＿＿＿＿
＿＿＿＿＿＿＿＿＿＿
＿＿＿＿＿＿＿＿＿＿
＿＿＿＿＿＿＿＿＿＿
＿＿＿＿□＿＿＿＿＿
＿＿＿＿□＿＿＿＿＿
□□＿□□□＿□■＿
□□□□□□＿□■■
＿□□□□□＿□□■
＿□□□□□□□□□
＿□□□□□□□□□
00:13:07(23632f):field(23631f)　〇
＿＿＿＿＿＿＿＿＿＿
＿＿＿＿＿＿＿＿＿＿
＿＿＿＿＿＿＿＿＿＿
＿＿＿＿＿＿＿＿＿＿
＿＿＿＿＿＿＿＿＿＿
＿＿＿＿＿＿＿＿＿＿
＿＿＿＿＿＿＿＿＿＿
＿＿＿＿＿＿＿＿＿＿
＿＿＿＿＿＿＿＿＿＿
＿＿＿＿＿＿＿＿＿＿
＿＿＿＿＿＿＿＿＿＿
＿＿＿＿＿＿＿＿＿＿
＿＿＿＿＿＿＿＿＿＿
＿＿＿■□＿＿＿＿＿
＿＿■■□＿＿＿＿＿
□□■□□□＿□□＿
□□□□□□＿□□□
＿□□□□□＿□□□
＿□□□□□□□□□
＿□□□□□□□□□
00:13:08(23654f):field(23653f)　〇
＿＿＿＿＿＿＿＿＿＿
＿＿＿＿＿＿＿＿＿＿
＿＿＿＿＿＿＿＿＿＿
＿＿＿＿＿＿＿＿＿＿
＿＿＿＿＿＿＿＿＿＿
＿＿＿＿＿＿＿＿＿＿
＿＿＿＿＿＿＿＿＿＿
＿＿＿＿＿＿＿＿＿＿
＿＿＿＿＿＿＿＿＿＿
＿＿＿＿＿＿＿＿＿＿
＿＿＿＿＿＿＿＿＿＿
＿＿＿＿＿＿＿＿＿＿
＿＿＿＿＿＿＿＿＿＿
＿＿＿□□＿＿＿＿■
＿＿□□□＿＿＿■■
□□□□□□＿□□■
□□□□□□＿□□□
＿□□□□□＿□□□
＿□□□□□□□□□
＿□□□□□□□□□
00:13:08(23666f):field(23665f)　〇
＿＿＿＿＿＿＿＿＿＿
＿＿＿＿＿＿＿＿＿＿
＿＿＿＿＿＿＿＿＿＿
＿＿＿＿＿＿＿＿＿＿
＿＿＿＿＿＿＿＿＿＿
＿＿＿＿＿＿＿＿＿＿
＿＿＿＿＿＿＿＿＿＿
＿＿＿＿＿＿＿＿＿＿
＿＿＿＿＿＿＿＿＿＿
＿＿＿＿＿＿＿＿＿＿
＿＿＿＿＿＿＿＿＿＿
＿＿＿＿＿＿＿＿＿＿
＿＿＿＿■■＿＿＿＿
＿＿＿□□■＿＿＿□
＿＿□□□■＿＿□□
□□□□□□＿□□□
□□□□□□＿□□□
＿□□□□□＿□□□
＿□□□□□□□□□
＿□□□□□□□□□
00:13:09(23683f):field(23682f)
＿＿＿＿＿＿＿＿＿＿
＿＿＿＿＿＿＿＿＿＿
＿＿＿＿＿＿＿＿＿＿
＿＿＿＿＿＿＿＿＿＿
＿＿＿＿＿＿＿＿＿＿
＿＿＿＿＿＿＿＿＿＿
＿＿＿＿＿＿＿＿＿＿
＿＿＿＿＿＿＿＿＿＿
＿＿＿＿＿＿＿＿＿＿
＿＿＿＿＿＿＿＿＿＿
＿＿＿＿＿＿＿＿＿＿
＿＿＿＿＿＿＿＿＿＿
＿＿＿＿◆◆＿＿＿＿
＿＿＿◆◆◆＿＿＿◆
＿＿◆□□□＿＿◆◆
◆◆□□□□＿◆◆□
◆◆□□□□■◆□□
＿□□□□□■□□□
＿□□□□□□□□□
＿□□□□□□□□□
00:13:09(23695f):field(23694f)
＿＿＿＿＿＿＿＿＿＿
＿＿＿＿＿＿＿＿＿＿
＿＿＿＿＿＿＿＿＿＿
＿＿＿＿＿＿＿＿＿＿
＿＿＿＿＿＿＿＿＿＿
＿＿＿＿＿＿＿＿＿＿
＿＿＿＿＿＿＿＿＿＿
＿＿＿＿＿＿＿＿＿＿
＿＿＿＿＿＿＿＿＿＿
＿＿＿＿＿＿＿＿＿＿
＿＿＿＿＿＿＿＿＿＿
＿＿＿＿＿＿＿＿＿＿
＿＿＿＿＿＿＿＿＿＿
＿＿＿＿■■■＿＿＿
＿＿＿◆□□■＿＿＿
＿＿◆□□□＿＿＿□
＿＿□□□□□＿□□
＿□□□□□□□□□
＿□□□□□□□□□
＿□□□□□□□□□
00:13:10(23709f):field(23708f)　〇
＿＿＿＿＿＿＿＿＿＿
＿＿＿＿＿＿＿＿＿＿
＿＿＿＿＿＿＿＿＿＿
＿＿＿＿＿＿＿＿＿＿
＿＿＿＿＿＿＿＿＿＿
＿＿＿＿＿＿＿＿＿＿
＿＿＿＿＿＿＿＿＿＿
＿＿＿＿＿＿＿＿＿＿
＿＿＿＿＿＿＿＿＿＿
＿＿＿＿＿＿＿＿＿＿
＿＿＿＿＿＿＿＿＿＿
＿＿＿＿＿＿＿＿＿＿
＿＿＿＿＿＿＿＿＿＿
＿＿＿■□□□＿＿＿
＿＿■■□□□＿＿＿
＿＿■□□□＿＿＿□
＿＿□□□□□＿□□
＿□□□□□□□□□
＿□□□□□□□□□
＿□□□□□□□□□
00:13:10(23720f):field(23719f)　〇
＿＿＿＿＿＿＿＿＿＿
＿＿＿＿＿＿＿＿＿＿
＿＿＿＿＿＿＿＿＿＿
＿＿＿＿＿＿＿＿＿＿
＿＿＿＿＿＿＿＿＿＿
＿＿＿＿＿＿＿＿＿＿
＿＿＿＿＿＿＿＿＿＿
＿＿＿＿＿＿＿＿＿＿
＿＿＿＿＿＿＿＿＿＿
＿＿＿＿＿＿＿＿＿＿
＿＿＿＿＿＿＿＿＿＿
＿＿＿＿■■＿＿＿＿
＿＿＿＿■■＿＿＿＿
＿＿＿□□□□＿＿＿
＿＿□□□□□＿＿＿
＿＿□□□□＿＿＿□
＿＿□□□□□＿□□
＿□□□□□□□□□
＿□□□□□□□□□
＿□□□□□□□□□
00:13:11(23736f):field(23735f)　？　６列目が高くなるように立てる方がいい気もする。
＿＿＿＿＿＿＿＿＿＿
＿＿＿＿＿＿＿＿＿＿
＿＿＿＿＿＿＿＿＿＿
＿＿＿＿＿＿＿＿＿＿
＿＿＿＿＿＿＿＿＿＿
＿＿＿＿＿＿＿＿＿＿
＿＿＿＿＿＿＿＿＿＿
＿＿＿＿＿＿＿＿＿＿
＿＿＿＿＿＿＿＿＿＿
＿＿＿＿＿＿＿＿＿＿
＿＿＿＿＿＿＿＿＿＿
＿＿＿＿□□＿＿＿＿
＿＿＿＿□□＿＿＿＿
＿＿＿□□□□＿＿＿
＿＿□□□□□＿■■
＿＿□□□□＿■■□
＿＿□□□□□＿□□
＿□□□□□□□□□
＿□□□□□□□□□
＿□□□□□□□□□
00:13:11(23755f):field(23754f)　×　左端に立てる
＿＿＿＿＿＿＿＿＿＿
＿＿＿＿＿＿＿＿＿＿
＿＿＿＿＿＿＿＿＿＿
＿＿＿＿＿＿＿＿＿＿
＿＿＿＿＿＿＿＿＿＿
＿＿＿＿＿＿＿＿＿＿
＿＿＿＿＿＿＿＿＿＿
＿＿＿＿＿＿＿＿＿＿
＿＿＿＿＿＿＿＿＿＿
＿＿＿＿＿＿■＿＿＿
＿＿＿＿＿＿■＿＿＿
＿＿＿＿□□■＿＿＿
＿＿＿＿□□■＿＿＿
＿＿＿□□□□＿＿＿
＿＿□□□□□＿□□
＿＿□□□□＿□□□
＿＿□□□□□＿□□
＿□□□□□□□□□
＿□□□□□□□□□
＿□□□□□□□□□
00:13:12(23768f):field(23767f)　〇
＿＿＿＿＿＿＿＿＿＿
＿＿＿＿＿＿＿＿＿＿
＿＿＿＿＿＿＿＿＿＿
＿＿＿＿＿＿＿＿＿＿
＿＿＿＿＿＿＿＿＿＿
＿＿＿＿＿＿＿＿＿＿
＿＿＿＿＿＿＿＿＿＿
＿＿＿＿＿＿＿＿＿＿
＿＿＿＿■＿＿＿＿＿
＿＿＿＿■＿□＿＿＿
＿＿＿＿■■□＿＿＿
＿＿＿＿□□□＿＿＿
＿＿＿＿□□□＿＿＿
＿＿＿□□□□＿＿＿
＿＿□□□□□＿□□
＿＿□□□□＿□□□
＿＿□□□□□＿□□
＿□□□□□□□□□
＿□□□□□□□□□
＿□□□□□□□□□
00:13:12(23780f):field(23779f)　×　４列目が高くなるように立てる
＿＿＿＿＿＿＿＿＿＿
＿＿＿＿＿＿＿＿＿＿
＿＿＿＿＿＿＿＿＿＿
＿＿＿＿＿＿＿＿＿＿
＿＿＿＿＿＿＿＿＿＿
＿＿＿＿＿＿＿＿＿＿
＿＿＿＿＿＿＿＿＿＿
＿＿＿＿＿＿■＿＿＿
＿＿＿＿□■■＿＿＿
＿＿＿＿□■□＿＿＿
＿＿＿＿□□□＿＿＿
＿＿＿＿□□□＿＿＿
＿＿＿＿□□□＿＿＿
＿＿＿□□□□＿＿＿
＿＿□□□□□＿□□
＿＿□□□□＿□□□
＿＿□□□□□＿□□
＿□□□□□□□□□
＿□□□□□□□□□
＿□□□□□□□□□
00:13:13(23794f):field(23793f)　×　３列目が高くなるように立てる
＿＿＿＿＿＿＿＿＿＿
＿＿＿＿＿＿＿＿＿＿
＿＿＿＿＿＿＿＿＿＿
＿＿＿＿＿＿＿＿＿＿
＿＿＿＿＿＿＿＿＿＿
＿＿＿＿＿■＿＿＿＿
＿＿＿＿＿■■＿＿＿
＿＿＿＿＿■□＿＿＿
＿＿＿＿□□□＿＿＿
＿＿＿＿□□□＿＿＿
＿＿＿＿□□□＿＿＿
＿＿＿＿□□□＿＿＿
＿＿＿＿□□□＿＿＿
＿＿＿□□□□＿＿＿
＿＿□□□□□＿□□
＿＿□□□□＿□□□
＿＿□□□□□＿□□
＿□□□□□□□□□
＿□□□□□□□□□
＿□□□□□□□□□
00:13:13(23806f):field(23805f)　〇
＿＿＿＿＿＿＿＿＿＿
＿＿＿＿＿＿＿＿＿＿
＿＿＿＿＿＿＿＿＿＿
＿＿＿＿＿＿＿＿＿＿
＿＿＿＿＿＿＿＿＿＿
＿＿＿＿＿□＿＿＿＿
＿＿＿＿＿□□＿＿＿
＿＿＿＿＿□□＿＿＿
＿＿＿＿□□□＿＿＿
＿＿＿＿□□□＿＿＿
＿＿＿＿□□□＿＿＿
＿＿＿＿□□□＿＿＿
＿＿＿＿□□□＿■■
＿＿＿□□□□＿■■
＿＿□□□□□＿□□
＿＿□□□□＿□□□
＿＿□□□□□＿□□
＿□□□□□□□□□
＿□□□□□□□□□
＿□□□□□□□□□
00:13:14(23821f):field(23820f)　？　２３４に寝かせる方がいい気がする
＿＿＿＿＿＿＿＿＿＿
＿＿＿＿＿＿＿＿＿＿
＿＿＿＿＿＿＿＿＿＿
＿＿＿＿＿＿＿＿＿＿
＿＿＿＿＿＿＿＿＿＿
＿＿＿＿＿□＿＿＿＿
＿＿＿＿＿□□＿＿＿
＿＿＿＿＿□□＿＿＿
＿＿＿＿□□□＿＿＿
＿＿＿＿□□□＿＿＿
＿＿＿＿□□□＿＿＿
＿＿＿＿□□□＿＿＿
＿＿＿＿□□□＿□□
＿＿＿□□□□＿□□
■＿□□□□□＿□□
■■□□□□＿□□□
＿■□□□□□＿□□
＿□□□□□□□□□
＿□□□□□□□□□
＿□□□□□□□□□
00:13:14(23838f):field(23837f)　？　１２３に寝かせとどっちがいいだろう
＿＿＿＿＿＿＿＿＿＿
＿＿＿＿＿＿＿＿＿＿
＿＿＿＿＿＿＿＿＿＿
＿＿＿＿＿＿＿＿＿＿
＿＿＿＿＿＿＿＿＿＿
＿＿＿＿＿□＿＿＿＿
＿＿＿＿＿□□＿＿＿
＿＿＿＿＿□□＿＿＿
＿＿＿＿□□□＿＿＿
＿＿＿＿□□□＿＿■
＿＿＿＿□□□＿＿■
＿＿＿＿□□□＿■■
＿＿＿＿□□□＿□□
＿＿＿□□□□＿□□
□＿□□□□□＿□□
□□□□□□＿□□□
＿□□□□□□＿□□
＿□□□□□□□□□
＿□□□□□□□□□
＿□□□□□□□□□
00:13:15(23854f):field(23853f)　×　１に立て
＿＿＿＿＿＿＿＿＿＿
＿＿＿＿＿＿＿＿＿＿
＿＿＿＿＿＿＿＿＿＿
＿＿＿＿＿＿＿＿＿＿
＿＿＿＿＿＿＿＿＿＿
＿＿＿＿＿□＿＿＿＿
＿＿＿＿＿□□＿＿＿
＿＿＿＿＿□□＿＿＿
＿＿＿＿□□□＿＿＿
＿＿＿＿□□□＿＿□
＿＿＿＿□□□＿＿□
＿＿＿＿□□□＿□□
＿＿■＿□□□＿□□
■■■□□□□＿□□
□＿□□□□□＿□□
□□□□□□＿□□□
＿□□□□□□＿□□
＿□□□□□□□□□
＿□□□□□□□□□
＿□□□□□□□□□
00:13:15(23874f):field(23873f)　〇
＿＿＿＿＿＿＿＿＿＿
＿＿＿＿＿＿＿＿＿＿
＿＿＿＿＿＿＿＿＿＿
＿＿＿＿＿＿＿＿＿＿
＿＿＿＿＿＿＿＿＿＿
＿＿＿＿＿□＿＿＿＿
＿＿＿＿＿□□＿＿＿
＿＿＿＿＿□□＿＿＿
＿＿＿＿□□□＿＿＿
＿＿＿＿□□□＿■□
＿＿＿＿□□□■■□
＿＿＿＿□□□■□□
＿＿□＿□□□＿□□
□□□□□□□＿□□
□＿□□□□□＿□□
□□□□□□＿□□□
＿□□□□□□＿□□
＿□□□□□□□□□
＿□□□□□□□□□
＿□□□□□□□□□
00:13:16(23887f):field(23886f)　〇
＿＿＿＿＿＿＿＿＿＿
＿＿＿＿＿＿＿＿＿＿
＿＿＿＿＿＿＿＿＿＿
＿＿＿＿＿＿＿＿＿＿
＿＿＿＿＿＿＿＿＿＿
＿＿＿＿＿□＿＿＿＿
＿＿＿＿＿□□＿＿＿
＿＿＿＿＿□□＿＿＿
＿＿＿＿□□□＿＿＿
＿＿＿■□□□＿□□
＿＿＿■□□□□□□
＿＿＿■□□□□□□
＿＿□■□□□＿□□
□□□□□□□＿□□
□＿□□□□□＿□□
□□□□□□＿□□□
＿□□□□□□＿□□
＿□□□□□□□□□
＿□□□□□□□□□
＿□□□□□□□□□
00:13:16(23898f):field(23897f)　〇
＿＿＿＿＿＿＿＿＿＿
＿＿＿＿＿＿＿＿＿＿
＿＿＿＿＿＿＿＿＿＿
＿＿＿＿＿＿＿＿＿＿
＿＿＿＿＿＿＿＿＿＿
＿＿＿＿＿□＿＿＿＿
＿＿＿＿＿□□＿＿＿
＿＿＿＿＿□□＿＿＿
＿＿＿＿□□□＿＿＿
＿＿＿□□□□＿□□
＿＿＿□□□□□□□
■■＿□□□□□□□
■■□□□□□＿□□
□□□□□□□＿□□
□＿□□□□□＿□□
□□□□□□＿□□□
＿□□□□□□＿□□
＿□□□□□□□□□
＿□□□□□□□□□
＿□□□□□□□□□
00:13:17(23914f):field(23913f)
＿＿＿＿＿＿＿＿＿＿
＿＿＿＿＿＿＿＿＿＿
＿＿＿＿＿＿＿＿＿＿
＿＿＿＿＿＿＿＿＿＿
＿＿＿＿＿＿＿＿＿＿
＿＿＿＿＿◆＿＿＿＿
＿＿＿＿＿□◆＿＿＿
＿＿＿＿＿□□＿＿＿
＿＿＿＿◆□□＿＿＿
＿＿＿◆□□□＿◆□
＿■＿□□□□◆□□
◆□■□□□□□□□
□□□□□□□＿□□
□□□□□□□＿□□
□＿□□□□□＿□□
□□□□□□＿□□□
＿□□□□□□＿□□
＿□□□□□□□□□
＿□□□□□□□□□
＿□□□□□□□□□
00:13:17(23934f):field(23933f)
＿＿＿＿＿＿＿＿＿＿
＿＿＿＿＿＿＿＿＿＿
＿＿＿＿＿＿＿＿＿＿
＿＿＿＿＿＿＿＿＿＿
＿＿＿＿＿＿＿＿＿＿
＿＿＿＿＿＿＿＿＿＿
＿＿＿＿＿◆＿＿＿＿
＿＿＿＿＿□◆＿＿＿
＿＿＿＿＿□□＿＿＿
＿＿＿＿◆□□＿＿□
■□＿◆□□□＿◆◆
■□◆□□□□□□□
□□□□□□□＿□□
□□□□□□□＿□□
□＿□□□□□＿□□
□□□□□□＿□□□
＿□□□□□□＿□□
＿□□□□□□□□□
＿□□□□□□□□□
＿□□□□□□□□□
00:13:18(23946f):field(23945f)
＿＿＿＿＿＿＿＿＿＿
＿＿＿＿＿＿＿＿＿＿
＿＿＿＿＿＿＿＿＿＿
＿＿＿＿＿＿＿＿＿＿
＿＿＿＿＿＿＿＿＿＿
＿＿＿＿＿＿＿＿＿＿
＿＿＿＿＿＿＿＿＿＿
＿＿＿＿＿□＿＿＿＿
＿＿＿＿＿□□＿＿＿
＿＿■＿＿□□＿＿◆
□□■■□□□＿＿＿
□□■□□□□◆□□
□□□□□□□＿□□
□□□□□□□＿□□
□＿□□□□□＿□□
□□□□□□＿□□□
＿□□□□□□＿□□
＿□□□□□□□□□
＿□□□□□□□□□
＿□□□□□□□□□
00:13:18(23963f):field(23962f)　×　１に立て。ただ、置けるかかかなりわかりづらい。多分無回転で左まで移動してから回しでできるはず。
＿＿＿＿＿＿＿＿＿＿
＿＿＿＿＿＿＿＿＿＿
＿＿＿＿＿＿＿＿＿＿
＿＿＿＿＿＿＿＿＿＿
＿＿＿＿＿＿＿＿＿＿
＿＿＿＿＿＿＿＿＿＿
＿＿＿＿＿＿＿＿＿＿
＿＿＿■＿□＿＿＿＿
＿＿＿■＿□□＿＿＿
＿＿□■■□□＿＿＿
□□□□□□□＿＿＿
□□□□□□□＿□□
□□□□□□□＿□□
□□□□□□□＿□□
□＿□□□□□＿□□
□□□□□□＿□□□
＿□□□□□□＿□□
＿□□□□□□□□□
＿□□□□□□□□□
＿□□□□□□□□□
00:13:19(23976f):field(23975f)　〇
＿＿＿＿＿＿＿＿＿＿
＿＿＿＿＿＿＿＿＿＿
＿＿＿＿＿＿＿＿＿＿
＿＿＿＿＿＿＿＿＿＿
＿＿＿＿＿＿＿＿＿＿
＿＿＿＿＿＿＿＿＿＿
＿＿＿＿＿＿＿＿＿＿
＿＿＿□＿□＿＿＿＿
■■＿□＿□□＿＿＿
■■□□□□□＿＿＿
□□□□□□□＿＿＿
□□□□□□□＿□□
□□□□□□□＿□□
□□□□□□□＿□□
□＿□□□□□＿□□
□□□□□□＿□□□
＿□□□□□□＿□□
＿□□□□□□□□□
＿□□□□□□□□□
＿□□□□□□□□□
00:13:19(23991f):field(23990f)　？　９、１０に立てかも
＿＿＿＿＿＿＿＿＿＿
＿＿＿＿＿＿＿＿＿＿
＿＿＿＿＿＿＿＿＿＿
＿＿＿＿＿＿＿＿＿＿
＿＿＿＿＿＿＿＿＿＿
＿＿＿＿＿＿＿＿＿＿
＿＿＿＿＿■■＿＿＿
＿＿＿□＿□■■＿＿
□□＿□＿□□＿＿＿
□□□□□□□＿＿＿
□□□□□□□＿＿＿
□□□□□□□＿□□
□□□□□□□＿□□
□□□□□□□＿□□
□＿□□□□□＿□□
□□□□□□＿□□□
＿□□□□□□＿□□
＿□□□□□□□□□
＿□□□□□□□□□
＿□□□□□□□□□
00:13:20(24004f):field(24003f)　〇
＿＿＿＿＿＿＿＿＿＿
＿＿＿＿＿＿＿＿＿＿
＿＿＿＿＿＿＿＿＿＿
＿＿＿＿＿＿＿＿＿＿
＿＿＿＿＿＿＿＿＿＿
＿＿＿＿＿＿＿＿＿＿
＿■＿＿＿□□＿＿＿
＿■■□＿□□□＿＿
□□■□＿□□＿＿＿
□□□□□□□＿＿＿
□□□□□□□＿＿＿
□□□□□□□＿□□
□□□□□□□＿□□
□□□□□□□＿□□
□＿□□□□□＿□□
□□□□□□＿□□□
＿□□□□□□＿□□
＿□□□□□□□□□
＿□□□□□□□□□
＿□□□□□□□□□
00:13:20(24020f):field(24019f)　？　右端に寝かせかな
＿＿＿＿＿＿＿＿＿＿
＿＿＿＿＿＿＿＿＿＿
＿＿＿＿＿＿＿＿＿＿
＿＿＿＿＿＿＿＿＿＿
＿＿＿＿＿＿＿＿＿＿
＿＿＿＿■＿＿＿＿＿
＿□＿■■□□＿＿＿
＿□□□■□□□＿＿
□□□□＿□□＿＿＿
□□□□□□□＿＿＿
□□□□□□□＿＿＿
□□□□□□□＿□□
□□□□□□□＿□□
□□□□□□□＿□□
□＿□□□□□＿□□
□□□□□□＿□□□
＿□□□□□□＿□□
＿□□□□□□□□□
＿□□□□□□□□□
＿□□□□□□□□□
00:13:21(24039f):field(24038f)　×　８に逆さ
＿＿＿＿＿＿＿＿＿＿
＿＿＿＿＿＿＿＿＿＿
＿＿＿＿＿＿＿＿＿＿
＿＿＿＿＿＿＿＿＿＿
＿＿＿＿＿＿＿＿＿＿
■■＿＿□＿＿＿＿＿
■□＿□□□□＿＿＿
■□□□□□□□＿＿
□□□□＿□□＿＿＿
□□□□□□□＿＿＿
□□□□□□□＿＿＿
□□□□□□□＿□□
□□□□□□□＿□□
□□□□□□□＿□□
□＿□□□□□＿□□
□□□□□□＿□□□
＿□□□□□□＿□□
＿□□□□□□□□□
＿□□□□□□□□□
＿□□□□□□□□□
00:13:21(24055f):field(24054f)
＿＿＿＿＿＿＿＿＿＿
＿＿＿＿＿＿＿＿＿＿
＿＿＿＿＿＿＿＿＿＿
＿＿＿＿＿＿＿＿＿＿
＿＿＿＿＿＿＿＿＿＿
◆◆＿＿◆＿＿＿＿＿
◆◆＿◆◆◆◆＿＿＿
□□◆◆□◆◆◆＿＿
□□◆□■□□＿＿＿
□□□□□□□■＿＿
□□□□◆□□＿＿＿
□□□□□□□■◆◆
□□□□□□□＿□□
□□□□□□□＿□□
□＿□□□□□＿□□
□□□□□□＿□□□
＿□□□□□□＿□□
＿□□□□□□□□□
＿□□□□□□□□□
＿□□□□□□□□□
00:13:22(24068f):field(24067f)
＿＿＿＿＿＿＿＿＿＿
＿＿＿＿＿＿＿＿＿＿
＿＿＿＿＿＿＿＿＿＿
＿＿＿＿＿＿＿＿＿＿
＿＿＿＿＿＿＿＿＿＿
＿＿＿＿＿＿＿＿＿＿
＿＿＿＿＿＿＿＿＿＿
□□＿＿□＿＿＿＿＿
□□＿□□□□＿＿＿
□□□□□□□□＿＿
□□□□＿□□■■＿
□□□□□□□□■＿
□□□□□□□＿□□
□□□□□□□＿□□
□＿□□□□□＿□□
□□□□□□＿□□□
＿□□□□□□＿□□
＿□□□□□□□□□
＿□□□□□□□□□
＿□□□□□□□□□
00:13:22(24081f):field(24080f)　〇
＿＿＿＿＿＿＿＿＿＿
＿＿＿＿＿＿＿＿＿＿
＿＿＿＿＿＿＿＿＿＿
＿＿＿＿＿＿＿＿＿＿
＿＿＿＿＿＿＿＿＿＿
＿＿＿＿＿＿＿＿＿＿
＿＿＿■＿＿＿＿＿＿
□□■■□＿＿＿＿＿
□□■□□□□＿＿＿
□□□□□□□□＿＿
□□□□＿□□□□＿
□□□□□□□□□＿
□□□□□□□＿□□
□□□□□□□＿□□
□＿□□□□□＿□□
□□□□□□＿□□□
＿□□□□□□＿□□
＿□□□□□□□□□
＿□□□□□□□□□
＿□□□□□□□□□
00:13:23(24097f):field(24096f)
＿＿＿＿＿＿＿＿＿＿
＿＿＿＿＿＿＿＿＿＿
＿＿＿＿＿＿＿＿＿＿
＿＿＿＿＿＿＿＿＿＿
＿＿＿＿＿＿＿＿＿＿
＿＿＿＿＿＿＿＿＿＿
＿＿＿◆＿＿＿＿＿＿
◆◆◆□◆＿＿＿＿＿
□□□□□◆◆＿＿＿
□□□□□□□□＿■
□□□□＿□□□□■
□□□□□□□□□＿
□□□□□□□＿□□
□□□□□□□＿□□
□＿□□□□□＿□□
□□□□□□＿□□□
＿□□□□□□＿□□
＿□□□□□□□□□
＿□□□□□□□□□
＿□□□□□□□□□
00:13:23(24112f):field(24111f)
＿＿＿＿＿＿＿＿＿＿
＿＿＿＿＿＿＿＿＿＿
＿＿＿＿＿＿＿＿＿＿
＿＿＿＿＿＿＿＿＿＿
＿＿＿＿＿＿＿＿＿＿
＿＿＿＿＿＿＿＿＿＿
＿＿＿＿＿＿＿＿＿＿
＿＿＿□＿＿＿＿＿＿
□□□□□■■■＿＿
□□□□□□□□＿□
□□□□＿□□□□□
□□□□□□□□□＿
□□□□□□□＿□□
□□□□□□□＿□□
□＿□□□□□＿□□
□□□□□□＿□□□
＿□□□□□□＿□□
＿□□□□□□□□□
＿□□□□□□□□□
＿□□□□□□□□□
00:13:24(24125f):field(24124f)　〇
＿＿＿＿＿＿＿＿＿＿
＿＿＿＿＿＿＿＿＿＿
＿＿＿＿＿＿＿＿＿＿
＿＿＿＿＿＿＿＿＿＿
＿＿＿＿＿＿＿＿＿＿
■＿＿＿＿＿＿＿＿＿
■＿＿＿＿＿＿＿＿＿
■■＿□＿＿＿＿＿＿
□□□□□□□□＿＿
□□□□□□□□＿□
□□□□＿□□□□□
□□□□□□□□□＿
□□□□□□□＿□□
□□□□□□□＿□□
□＿□□□□□＿□□
□□□□□□＿□□□
＿□□□□□□＿□□
＿□□□□□□□□□
＿□□□□□□□□□
＿□□□□□□□□□
00:13:24(24141f):field(24140f)
＿＿＿＿＿＿＿＿＿＿
＿＿＿＿＿＿＿＿＿＿
＿＿＿＿＿＿＿＿＿＿
＿＿＿＿＿＿＿＿＿＿
＿＿＿＿＿＿＿＿＿＿
◆＿＿＿＿＿＿＿＿＿
□＿＿＿＿＿＿＿＿＿
□◆＿◆＿＿＿＿■＿
□□◆□◆□◆◆■＿
□□□□□□□□■◆
□□□□＿□□□□□
□□□□□□□□□＿
□□□□□□□＿□□
□□□□□□□＿□□
□＿□□□□□＿□□
□□□□□□＿□□□
＿□□□□□□＿□□
＿□□□□□□□□□
＿□□□□□□□□□
＿□□□□□□□□□
00:13:25(24154f):field(24153f)
＿＿＿＿＿＿＿＿＿＿
＿＿＿＿＿＿＿＿＿＿
＿＿＿＿＿＿＿＿＿＿
＿＿＿＿＿＿＿＿＿＿
＿＿＿＿＿＿＿＿＿＿
＿＿＿＿＿＿＿＿＿＿
□■＿＿＿＿＿＿＿＿
□■■＿＿＿＿＿□＿
□□■□＿◆＿＿□＿
□□□□□□□□□＿
□□□□＿□□□□□
□□□□□□□□□＿
□□□□□□□＿□□
□□□□□□□＿□□
□＿□□□□□＿□□
□□□□□□＿□□□
＿□□□□□□＿□□
＿□□□□□□□□□
＿□□□□□□□□□
＿□□□□□□□□□
00:13:25(24168f):field(24167f)　〇
＿＿＿＿＿＿＿＿＿＿
＿＿＿＿＿＿＿＿＿＿
＿＿＿＿＿＿＿＿＿＿
＿＿＿＿＿＿＿＿＿＿
＿＿＿＿＿＿＿＿＿＿
＿＿＿＿＿＿＿＿＿＿
□□＿＿＿＿＿＿＿＿
□□□＿＿■＿＿□＿
□□□□■■■＿□＿
□□□□□□□□□＿
□□□□＿□□□□□
□□□□□□□□□＿
□□□□□□□＿□□
□□□□□□□＿□□
□＿□□□□□＿□□
□□□□□□＿□□□
＿□□□□□□＿□□
＿□□□□□□□□□
＿□□□□□□□□□
＿□□□□□□□□□
00:13:26(24181f):field(24180f)　〇
＿＿＿＿＿＿＿＿＿＿
＿＿＿＿＿＿＿＿＿＿
＿＿＿＿＿＿＿＿＿＿
＿＿＿＿＿＿＿＿＿＿
＿＿＿＿＿＿＿＿＿＿
＿＿＿＿■＿＿＿＿＿
□□＿＿■＿＿＿＿＿
□□□■■□＿＿□＿
□□□□□□□＿□＿
□□□□□□□□□＿
□□□□＿□□□□□
□□□□□□□□□＿
□□□□□□□＿□□
□□□□□□□＿□□
□＿□□□□□＿□□
□□□□□□＿□□□
＿□□□□□□＿□□
＿□□□□□□□□□
＿□□□□□□□□□
＿□□□□□□□□□
00:13:26(24208f):field(24207f)
＿＿＿＿＿＿＿＿＿＿
＿＿＿＿＿＿＿＿＿＿
＿＿＿＿＿＿＿＿＿＿
＿＿＿＿＿＿＿＿＿＿
＿＿＿＿■■＿＿＿＿
＿＿■■□■＿＿＿＿
□□■■□■＿＿＿＿
□□□□□□＿＿□＿
□□□□□□□＿□＿
□□□□□□□□□＿
□□□□＿□□□□□
□□□□□□□□□＿
□□□□□□□＿□□
□□□□□□□＿□□
□＿□□□□□＿□□
□□□□□□＿□□□
＿□□□□□□＿□□
＿□□□□□□□□□
＿□□□□□□□□□
＿□□□□□□□□□
00:13:27(24223f):field(24222f)　〇
＿＿＿＿＿＿＿＿＿＿
＿＿＿＿＿＿＿＿＿＿
＿＿＿＿＿＿＿＿＿＿
＿＿＿＿＿＿＿＿＿＿
■■＿＿□□＿＿＿＿
■■□□□□＿＿＿＿
□□□□□□＿＿＿＿
□□□□□□＿＿□＿
□□□□□□□＿□＿
□□□□□□□□□＿
□□□□＿□□□□□
□□□□□□□□□＿
□□□□□□□＿□□
□□□□□□□＿□□
□＿□□□□□＿□□
□□□□□□＿□□□
＿□□□□□□＿□□
＿□□□□□□□□□
＿□□□□□□□□□
＿□□□□□□□□□
00:13:27(24239f):field(24238f)
＿＿＿＿＿＿＿＿＿＿
＿＿＿＿＿＿＿＿＿＿
＿＿＿＿＿＿＿＿＿＿
＿＿＿＿＿＿＿＿＿＿
◆◆＿＿◆◆＿＿＿＿
□□□◆□□＿＿＿■
□□□□□□＿＿■＿
□□□□□□＿＿□＿
□□□□□□□＿□＿
□□□□□□□□□＿
□□□□＿□□□□□
□□□□□□□□□＿
□□□□□□□＿□□
□□□□□□□＿□□
□＿□□□□□＿□□
□□□□□□＿□□□
＿□□□□□□＿□□
＿□□□□□□□□□
＿□□□□□□□□□
＿□□□□□□□□□
00:13:28(24252f):field(24251f)
＿＿＿＿＿＿＿＿＿＿
＿＿＿＿＿＿＿＿＿＿
＿＿＿＿＿＿＿＿＿＿
＿＿＿＿＿＿＿＿＿＿
＿■■＿＿＿＿＿＿＿
□□□■□□＿＿＿◆
□□□□□□＿＿◆＿
□□□□□□＿＿□＿
□□□□□□□＿□＿
□□□□□□□□□＿
□□□□＿□□□□□
□□□□□□□□□＿
□□□□□□□＿□□
□□□□□□□＿□□
□＿□□□□□＿□□
□□□□□□＿□□□
＿□□□□□□＿□□
＿□□□□□□□□□
＿□□□□□□□□□
＿□□□□□□□□□
00:13:29(24271f):field(24270f)　？　普通なら６に寝かせだけど、高さを踏まえると
＿＿＿＿＿＿＿＿＿＿
＿＿＿＿＿＿＿＿＿＿
＿＿＿＿＿＿＿＿＿＿
＿＿＿＿＿＿＿＿＿＿
＿□□＿＿＿＿＿＿＿
□□□□□□■＿＿＿
□□□□□□■＿＿＿
□□□□□□■■□＿
□□□□□□□＿□＿
□□□□□□□□□＿
□□□□＿□□□□□
□□□□□□□□□＿
□□□□□□□＿□□
□□□□□□□＿□□
□＿□□□□□＿□□
□□□□□□＿□□□
＿□□□□□□＿□□
＿□□□□□□□□□
＿□□□□□□□□□
＿□□□□□□□□□
00:13:29(24284f):field(24283f)　〇
＿＿＿＿＿＿＿＿＿＿
＿＿＿＿＿＿＿＿＿＿
＿＿＿＿＿＿＿＿＿＿
＿＿＿＿■＿＿＿＿＿
＿□□■■■＿＿＿＿
□□□□□□□＿＿＿
□□□□□□□＿＿＿
□□□□□□□□□＿
□□□□□□□＿□＿
□□□□□□□□□＿
□□□□＿□□□□□
□□□□□□□□□＿
□□□□□□□＿□□
□□□□□□□＿□□
□＿□□□□□＿□□
□□□□□□＿□□□
＿□□□□□□＿□□
＿□□□□□□□□□
＿□□□□□□□□□
＿□□□□□□□□□
00:13:30(24301f):field(24300f)
＿＿＿＿＿＿＿＿＿＿
＿＿＿＿＿＿＿＿＿＿
＿＿＿＿＿＿＿＿＿＿
＿＿＿＿◆＿＿＿＿＿
＿◆◆◆◆◆＿＿＿＿
◆◆◆◆□◆◆■＿＿
◆□□□□□◆■■＿
□□□□□□□□◆＿
□□□□□□□＿□＿
□□□□□□□□□＿
□□□□＿□□□□□
□□□□□□□□□＿
□□□□□□□＿□□
□□□□□□□＿□□
□＿□□□□□＿□□
□□□□□□＿□□□
＿□□□□□□＿□□
＿□□□□□□□□□
＿□□□□□□□□□
＿□□□□□□□□□
00:13:30(24313f):field(24312f)
＿＿＿＿＿＿＿＿＿＿
＿＿＿＿＿＿＿＿＿＿
＿＿＿＿＿＿＿＿＿＿
＿＿＿＿＿＿＿＿＿＿
＿＿＿＿＿＿＿＿＿＿
＿＿＿＿□＿＿◆＿＿
＿□□□□□■□□■
□□□□□□□◆＿＿
□□□□□□□＿□＿
□□□□□□□□□＿
□□□□＿□□□□□
□□□□□□□□□＿
□□□□□□□＿□□
□□□□□□□＿□□
□＿□□□□□＿□□
□□□□□□＿□□□
＿□□□□□□＿□□
＿□□□□□□□□□
＿□□□□□□□□□
＿□□□□□□□□□
00:13:31(24330f):field(24329f)　〇
＿＿＿＿＿＿＿＿＿＿
＿＿＿＿＿＿＿＿＿＿
＿＿＿＿＿＿＿＿＿＿
＿＿＿＿＿＿＿＿＿＿
＿＿＿＿＿■■＿＿＿
＿＿＿＿□■■＿＿＿
＿□□□□□□□□□
□□□□□□□＿＿＿
□□□□□□□＿□＿
□□□□□□□□□＿
□□□□＿□□□□□
□□□□□□□□□＿
□□□□□□□＿□□
□□□□□□□＿□□
□＿□□□□□＿□□
□□□□□□＿□□□
＿□□□□□□＿□□
＿□□□□□□□□□
＿□□□□□□□□□
＿□□□□□□□□□
00:13:31(24345f):field(24344f)
＿＿＿＿＿＿＿＿＿＿
＿＿＿＿＿＿＿＿＿＿
＿＿＿＿＿＿＿＿＿＿
＿＿＿＿＿＿＿＿＿＿
＿＿＿＿＿◆◆＿＿＿
＿■＿■◆□□＿＿＿
■□□◆□□□◆□◆
□□□□□□□＿＿＿
□□□□□□□＿□＿
□□□□□□□□□＿
□□□□＿□□□□□
□□□□□□□□□＿
□□□□□□□＿□□
□□□□□□□＿□□
□＿□□□□□＿□□
□□□□□□＿□□□
＿□□□□□□＿□□
＿□□□□□□□□□
＿□□□□□□□□□
＿□□□□□□□□□
00:13:31(24356f):field(24355f)
＿＿＿＿＿＿＿＿＿＿
＿＿＿＿＿＿＿＿＿＿
＿＿＿＿＿＿＿＿＿＿
＿＿＿＿＿＿＿＿＿＿
＿＿＿＿＿＿＿＿＿＿
＿◆■□■□□＿＿＿
□□□■□□□＿◆＿
□□□□□□□＿＿＿
□□□□□□□＿□＿
□□□□□□□□□＿
□□□□＿□□□□□
□□□□□□□□□＿
□□□□□□□＿□□
□□□□□□□＿□□
□＿□□□□□＿□□
□□□□□□＿□□□
＿□□□□□□＿□□
＿□□□□□□□□□
＿□□□□□□□□□
＿□□□□□□□□□
00:13:32(24374f):field(24373f)
＿＿＿＿＿＿＿＿＿＿
＿＿＿＿＿＿＿＿＿＿
＿＿＿＿＿＿＿＿＿＿
＿＿＿＿＿＿＿＿＿＿
＿＿＿＿＿＿＿＿＿＿
＿＿◆◆◆◆◆＿＿＿
◆◆□□□□□＿＿＿
□□□□□□□＿＿■
□□□□□□□＿◆■
□□□□□□□◆□■
□□□□＿□□□□□
□□□□□□□□□＿
□□□□□□□＿□□
□□□□□□□■□□
□＿□□□□□＿□□
□□□□□□＿□□□
＿□□□□□□＿□□
＿□□□□□□□□□
＿□□□□□□□□□
＿□□□□□□□□□
00:13:32(24389f):field(24388f)
＿＿＿＿＿＿＿＿＿＿
＿＿＿＿＿＿＿＿＿＿
＿＿＿＿＿＿＿＿＿＿
＿＿＿＿＿＿＿＿＿＿
＿＿＿＿＿＿＿＿＿＿
＿＿＿＿＿＿＿＿＿＿
＿■◆◆◆◆◆＿■＿
◆◆◆◆◆◆◆＿＿□
□◆□□□□□＿＿◆
□□□□□□□■◆□
□□□□＿□□□□□
□□□□□□□□□＿
□□□□□□□＿□□
□□□□□□□◆□□
□＿□□□□□＿□□
□□□□□□＿□□□
＿□□□□□□＿□□
＿□□□□□□□□□
＿□□□□□□□□□
＿□□□□□□□□□
00:13:33(24404f):field(24403f)
＿＿＿＿＿＿＿＿＿＿
＿＿＿＿＿＿＿＿＿＿
＿＿＿＿＿＿＿＿＿＿
＿＿＿＿＿＿＿＿＿＿
＿＿＿＿＿＿＿＿＿＿
＿＿＿＿＿＿＿＿＿＿
＿◆＿＿＿＿＿＿◆＿
＿■■＿＿＿＿＿＿◆
□■□□□□□＿＿＿
□□□□□□□□＿□
□□□□＿□□□□□
□□□□□□□□□＿
□□□□□□□＿□□
□□□□□□□＿□□
□＿□□□□□＿□□
□□□□□□＿□□□
＿□□□□□□＿□□
＿□□□□□□□□□
＿□□□□□□□□□
＿□□□□□□□□□
00:13:34(24420f):field(24419f)
＿＿＿＿＿＿＿＿＿＿
＿＿＿＿＿＿＿＿＿＿
＿＿＿＿＿＿＿＿＿＿
＿＿＿＿＿＿＿＿＿＿
＿＿＿＿＿＿＿＿＿＿
＿＿＿＿＿＿＿＿＿＿
＿＿＿＿＿＿＿＿＿＿
＿◆◆＿＿＿＿＿＿＿
◆□□◆◆◆◆＿＿■
□□□□□□□◆■□
□□□□＿□□□□□
□□□□□□□□□＿
□□□□□□□＿□□
□□□□□□□＿□□
□＿□□□□□＿□□
□□□□□□＿□□□
＿□□□□□□＿□□
＿□□□□□□□□□
＿□□□□□□□□□
＿□□□□□□□□□
00:13:34(24432f):field(24431f)　〇
＿＿＿＿＿＿＿＿＿＿
＿＿＿＿＿＿＿＿＿＿
＿＿＿＿＿＿＿＿＿＿
＿＿＿＿＿＿＿＿＿＿
＿＿＿＿＿＿＿＿＿＿
＿＿＿＿＿＿＿＿＿＿
＿＿＿＿＿＿＿＿＿＿
＿＿＿＿＿■■＿＿＿
＿□□＿＿■■＿＿□
□□□□□□□＿□□
□□□□＿□□□□□
□□□□□□□□□＿
□□□□□□□＿□□
□□□□□□□＿□□
□＿□□□□□＿□□
□□□□□□＿□□□
＿□□□□□□＿□□
＿□□□□□□□□□
＿□□□□□□□□□
＿□□□□□□□□□
00:13:34(24448f):field(24447f)　×　８に立て
＿＿＿＿＿＿＿＿＿＿
＿＿＿＿＿＿＿＿＿＿
＿＿＿＿＿＿＿＿＿＿
＿＿＿＿＿＿＿＿＿＿
＿＿＿＿＿＿＿＿＿＿
＿＿＿＿＿＿＿＿＿＿
＿＿＿＿■■■■＿＿
＿＿＿＿＿□□＿＿＿
＿□□＿＿□□＿＿□
□□□□□□□＿□□
□□□□＿□□□□□
□□□□□□□□□＿
□□□□□□□＿□□
□□□□□□□＿□□
□＿□□□□□＿□□
□□□□□□＿□□□
＿□□□□□□＿□□
＿□□□□□□□□□
＿□□□□□□□□□
＿□□□□□□□□□
00:13:35(24465f):field(24464f)　×　４に立て
＿＿＿＿＿＿＿＿＿＿
＿＿＿＿＿＿＿＿＿＿
＿＿＿＿＿＿＿＿＿＿
＿＿＿＿＿＿＿＿＿＿
＿＿＿＿＿＿＿＿＿＿
＿＿＿＿＿＿＿＿＿＿
＿＿＿＿□□□□＿＿
＿＿■■■□□＿＿＿
＿□□■＿□□＿＿□
□□□□□□□＿□□
□□□□＿□□□□□
□□□□□□□□□＿
□□□□□□□＿□□
□□□□□□□＿□□
□＿□□□□□＿□□
□□□□□□＿□□□
＿□□□□□□＿□□
＿□□□□□□□□□
＿□□□□□□□□□
＿□□□□□□□□□
00:13:36(24480f):field(24479f)　〇
＿＿＿＿＿＿＿＿＿＿
＿＿＿＿＿＿＿＿＿＿
＿＿＿＿＿＿＿＿＿＿
＿＿＿＿＿＿＿＿＿＿
＿＿＿＿＿＿＿＿＿＿
＿＿＿＿＿＿＿＿＿＿
＿■■■□□□□＿＿
＿■□□□□□＿＿＿
＿□□□＿□□＿＿□
□□□□□□□＿□□
□□□□＿□□□□□
□□□□□□□□□＿
□□□□□□□＿□□
□□□□□□□＿□□
□＿□□□□□＿□□
□□□□□□＿□□□
＿□□□□□□＿□□
＿□□□□□□□□□
＿□□□□□□□□□
＿□□□□□□□□□
00:13:36(24494f):field(24493f)　〇
＿＿＿＿＿＿＿＿＿＿
＿＿＿＿＿＿＿＿＿＿
＿＿＿＿＿＿＿＿＿＿
＿＿＿＿＿＿＿＿＿＿
＿＿＿＿■＿＿＿＿＿
＿＿＿＿■■■＿＿＿
＿□□□□□□□＿＿
＿□□□□□□＿＿＿
＿□□□＿□□＿＿□
□□□□□□□＿□□
□□□□＿□□□□□
□□□□□□□□□＿
□□□□□□□＿□□
□□□□□□□＿□□
□＿□□□□□＿□□
□□□□□□＿□□□
＿□□□□□□＿□□
＿□□□□□□□□□
＿□□□□□□□□□
＿□□□□□□□□□
00:13:37(24510f):field(24509f)　〇　奥にしない方がいい。新しい穴を新たに消せるようにしなければならなくなる。
＿＿＿＿＿＿＿＿＿＿
＿＿＿＿＿＿＿＿＿＿
＿＿＿＿＿＿＿＿＿＿
＿＿＿＿＿＿＿＿＿＿
＿＿＿＿□＿＿＿＿＿
＿＿＿＿□□□＿＿＿
＿□□□□□□□＿■
＿□□□□□□＿■■
＿□□□＿□□＿■□
□□□□□□□＿□□
□□□□＿□□□□□
□□□□□□□□□＿
□□□□□□□＿□□
□□□□□□□＿□□
□＿□□□□□＿□□
□□□□□□＿□□□
＿□□□□□□＿□□
＿□□□□□□□□□
＿□□□□□□□□□
＿□□□□□□□□□
00:13:37(24531f):field(24530f)　〇
＿＿＿＿＿＿＿＿＿＿
＿＿＿＿＿＿＿＿＿＿
＿＿＿＿＿＿＿＿＿＿
＿＿＿＿＿＿＿＿＿＿
＿＿＿＿□＿＿＿＿＿
■＿＿＿□□□＿＿＿
■□□□□□□□＿□
■□□□□□□＿□□
■□□□＿□□＿□□
□□□□□□□＿□□
□□□□＿□□□□□
□□□□□□□□□＿
□□□□□□□＿□□
□□□□□□□＿□□
□＿□□□□□＿□□
□□□□□□＿□□□
＿□□□□□□＿□□
＿□□□□□□□□□
＿□□□□□□□□□
＿□□□□□□□□□
00:13:38(24548f):field(24547f)
＿＿＿＿＿＿＿＿＿＿
＿＿＿＿＿＿＿＿＿＿
＿＿＿＿＿＿＿＿＿＿
＿＿＿＿＿＿＿＿＿＿
＿＿＿＿◆＿＿＿＿＿
◆＿＿＿□◆◆＿＿＿
□◆◆◆□□□□■□
□□□□□□□■□□
□□□□＿□□＿□□
□□□□□□□＿□□
□□□□＿□□□□□
□□□□□□□□□＿
□□□□□□□＿□□
□□□□□□□＿□□
□＿□□□□□＿□□
□□□□□□＿□□□
＿□□□□□□＿□□
＿□□□□□□□□□
＿□□□□□□□□□
＿□□□□□□□□□
00:13:38(24562f):field(24561f)
＿＿＿＿＿＿＿＿＿＿
＿＿＿＿＿＿＿＿＿＿
＿＿＿＿＿＿＿＿＿＿
＿＿＿＿＿＿＿＿＿＿
■＿＿＿＿＿＿＿＿＿
■■＿＿□＿＿＿＿＿
□■＿＿□□□□□□
□□□□□□□◆□□
□□□□＿□□＿□□
□□□□□□□＿□□
□□□□＿□□□□□
□□□□□□□□□＿
□□□□□□□＿□□
□□□□□□□＿□□
□＿□□□□□＿□□
□□□□□□＿□□□
＿□□□□□□＿□□
＿□□□□□□□□□
＿□□□□□□□□□
＿□□□□□□□□□
00:13:39(24578f):field(24577f)
＿＿＿＿＿＿＿＿＿＿
＿＿＿＿＿＿＿＿＿＿
＿＿＿＿＿＿＿＿＿＿
＿＿＿＿＿＿＿＿＿＿
◆＿＿＿＿＿＿＿＿＿
□◆＿＿◆＿＿＿＿＿
□□■■□◆◆◆◆◆
□□□□□□□＿□□
□□□□＿□□＿□□
□□□□□□□＿□□
□□□□＿□□□□□
□□□□□□□□□＿
□□□□□□□＿□□
□□□□□□□＿□□
□＿□□□□□＿□□
□□□□□□＿□□□
＿□□□□□□＿□□
＿□□□□□□□□□
＿□□□□□□□□□
＿□□□□□□□□□
00:13:39(24591f):field(24590f)　〇
＿＿＿＿＿＿＿＿＿＿
＿＿＿＿＿＿＿＿＿＿
＿＿＿＿＿＿＿＿＿＿
＿＿＿＿＿＿＿＿＿＿
＿＿＿＿＿＿＿＿＿＿
□＿＿＿■■＿＿＿＿
□□□□□■■＿＿＿
□□□□□□□＿□□
□□□□＿□□＿□□
□□□□□□□＿□□
□□□□＿□□□□□
□□□□□□□□□＿
□□□□□□□＿□□
□□□□□□□＿□□
□＿□□□□□＿□□
□□□□□□＿□□□
＿□□□□□□＿□□
＿□□□□□□□□□
＿□□□□□□□□□
＿□□□□□□□□□
00:13:40(24608f):field(24607f)
＿＿＿＿＿＿＿＿＿＿
＿＿＿＿＿＿＿＿＿＿
＿＿＿＿＿＿＿＿＿＿
＿＿＿＿＿＿＿＿＿＿
＿＿＿＿＿＿＿＿＿＿
◆＿＿＿◆◆■＿＿＿
◆◆◆□◆◆◆＿＿＿
□◆◆□□□◆＿◆◆
□□□□＿□□＿□□
□□□□□□□＿□□
□□□□■□□□□□
□□□□□□□□□＿
□□□□□□□＿□□
□□□□□□□＿□□
□＿□□□□□＿□□
□□□□□□＿□□□
＿□□□□□□＿□□
＿□□□□□□□□□
＿□□□□□□□□□
＿□□□□□□□□□
00:13:41(24631f):field(24630f)
＿＿＿＿＿＿＿＿＿＿
＿＿＿＿＿＿＿＿＿＿
＿＿＿＿＿＿＿＿＿＿
＿＿＿＿＿＿＿＿＿＿
＿＿＿＿＿＿＿＿＿＿
＿＿＿＿＿＿◆＿＿＿
＿＿＿◆＿＿＿＿＿＿
◆＿＿◆◆◆＿＿＿＿
□□◆◆■□◆■□◆
□□□□◆□□■□□
□□□□◆□□□□□
□□□□□□□□□＿
□□□□□□□＿□□
□□□□□□□＿□□
□＿□□□□□＿□□
□□□□□□＿□□□
＿□□□□□□＿□□
＿□□□□□□□□□
＿□□□□□□□□□
＿□□□□□□□□□
00:13:41(24644f):field(24643f)
＿＿＿＿＿＿＿＿＿＿
＿＿＿＿＿＿＿＿＿＿
＿＿＿＿＿＿＿＿＿＿
＿＿＿＿＿＿＿＿＿＿
＿＿＿＿＿＿＿＿＿＿
＿＿＿＿＿＿■＿＿＿
＿＿＿＿＿＿■＿＿＿
＿＿＿＿＿＿■＿＿＿
□◆＿＿□□■□□＿
□□□□＿□□□□□
□□□□＿□□□□□
□□□□□□□□□＿
□□□□□□□＿□□
□□□□□□□＿□□
□＿□□□□□＿□□
□□□□□□＿□□□
＿□□□□□□＿□□
＿□□□□□□□□□
＿□□□□□□□□□
＿□□□□□□□□□
00:13:41(24657f):field(24656f)　〇
＿＿＿＿＿＿＿＿＿＿
＿＿＿＿＿＿＿＿＿＿
＿＿＿＿＿＿＿＿＿＿
＿＿＿＿＿＿＿＿＿＿
＿＿＿＿＿＿＿＿＿＿
＿＿＿＿＿＿□＿＿＿
＿＿＿＿＿＿□＿＿＿
■■＿＿＿＿□＿＿＿
□■■＿□□□□□＿
□□□□＿□□□□□
□□□□＿□□□□□
□□□□□□□□□＿
□□□□□□□＿□□
□□□□□□□＿□□
□＿□□□□□＿□□
□□□□□□＿□□□
＿□□□□□□＿□□
＿□□□□□□□□□
＿□□□□□□□□□
＿□□□□□□□□□
00:13:42(24668f):field(24667f)　〇
＿＿＿＿＿＿＿＿＿＿
＿＿＿＿＿＿＿＿＿＿
＿＿＿＿＿＿＿＿＿＿
＿＿＿＿＿＿＿＿＿＿
＿＿＿＿＿＿＿＿＿＿
＿＿＿＿＿＿□＿＿＿
＿＿＿＿■■□＿＿＿
□□＿＿■■□＿＿＿
□□□＿□□□□□＿
□□□□＿□□□□□
□□□□＿□□□□□
□□□□□□□□□＿
□□□□□□□＿□□
□□□□□□□＿□□
□＿□□□□□＿□□
□□□□□□＿□□□
＿□□□□□□＿□□
＿□□□□□□□□□
＿□□□□□□□□□
＿□□□□□□□□□
00:13:42(24680f):field(24679f)　〇
＿＿＿＿＿＿＿＿＿＿
＿＿＿＿＿＿＿＿＿＿
＿＿＿＿＿＿＿＿＿＿
＿＿＿＿＿＿＿＿＿＿
＿＿＿＿＿＿＿＿＿＿
＿＿＿＿＿＿□＿＿＿
＿＿＿■□□□＿＿＿
□□■■□□□＿＿＿
□□□■□□□□□＿
□□□□＿□□□□□
□□□□＿□□□□□
□□□□□□□□□＿
□□□□□□□＿□□
□□□□□□□＿□□
□＿□□□□□＿□□
□□□□□□＿□□□
＿□□□□□□＿□□
＿□□□□□□□□□
＿□□□□□□□□□
＿□□□□□□□□□
00:13:43(24705f):field(24704f)　×　４に寝かせ
＿＿＿＿＿＿＿＿＿＿
＿＿＿＿＿＿＿＿＿＿
＿＿＿＿＿＿＿＿＿＿
＿＿＿＿＿■■＿＿＿
＿＿＿＿＿■＿＿＿＿
＿＿＿＿＿■□＿＿＿
＿＿＿□□□□＿＿＿
□□□□□□□＿＿＿
□□□□□□□□□＿
□□□□＿□□□□□
□□□□＿□□□□□
□□□□□□□□□＿
□□□□□□□＿□□
□□□□□□□＿□□
□＿□□□□□＿□□
□□□□□□＿□□□
＿□□□□□□＿□□
＿□□□□□□□□□
＿□□□□□□□□□
＿□□□□□□□□□
00:13:43(24718f):field(24717f)　〇
＿＿＿＿＿＿＿＿＿＿
＿＿＿＿＿＿＿＿＿＿
＿＿＿＿＿＿＿＿＿＿
＿＿＿＿＿□□＿＿＿
■＿＿＿＿□＿＿＿＿
■＿＿＿＿□□＿＿＿
■■＿□□□□＿＿＿
□□□□□□□＿＿＿
□□□□□□□□□＿
□□□□＿□□□□□
□□□□＿□□□□□
□□□□□□□□□＿
□□□□□□□＿□□
□□□□□□□＿□□
□＿□□□□□＿□□
□□□□□□＿□□□
＿□□□□□□＿□□
＿□□□□□□□□□
＿□□□□□□□□□
＿□□□□□□□□□
00:13:44(24731f):field(24730f)　〇
＿＿＿＿＿＿＿＿＿＿
＿＿＿＿＿＿＿＿＿＿
＿＿＿＿＿＿＿＿＿＿
＿＿＿＿＿□□＿＿＿
□■＿＿＿□＿＿＿＿
□■■＿＿□□＿＿＿
□□■□□□□＿＿＿
□□□□□□□＿＿＿
□□□□□□□□□＿
□□□□＿□□□□□
□□□□＿□□□□□
□□□□□□□□□＿
□□□□□□□＿□□
□□□□□□□＿□□
□＿□□□□□＿□□
□□□□□□＿□□□
＿□□□□□□＿□□
＿□□□□□□□□□
＿□□□□□□□□□
＿□□□□□□□□□
00:13:44(24746f):field(24745f)　〇
＿＿＿＿＿＿＿＿＿＿
＿＿＿＿＿＿＿＿＿＿
＿＿＿＿＿＿＿＿＿＿
＿＿＿＿＿□□＿＿＿
□□＿■■□＿＿＿＿
□□□■■□□＿＿＿
□□□□□□□＿＿＿
□□□□□□□＿＿＿
□□□□□□□□□＿
□□□□＿□□□□□
□□□□＿□□□□□
□□□□□□□□□＿
□□□□□□□＿□□
□□□□□□□＿□□
□＿□□□□□＿□□
□□□□□□＿□□□
＿□□□□□□＿□□
＿□□□□□□□□□
＿□□□□□□□□□
＿□□□□□□□□□
00:13:45(24762f):field(24761f)　〇　ほんとは５凹なので良くないが、状況的に仕方がない
＿＿＿＿＿＿＿＿＿＿
＿＿＿＿＿＿＿＿＿＿
＿＿＿＿＿＿＿＿＿＿
＿■■■＿□□＿＿＿
□□■□□□＿＿＿＿
□□□□□□□＿＿＿
□□□□□□□＿＿＿
□□□□□□□＿＿＿
□□□□□□□□□＿
□□□□＿□□□□□
□□□□＿□□□□□
□□□□□□□□□＿
□□□□□□□＿□□
□□□□□□□＿□□
□＿□□□□□＿□□
□□□□□□＿□□□
＿□□□□□□＿□□
＿□□□□□□□□□
＿□□□□□□□□□
＿□□□□□□□□□
00:13:45(24773f):field(24772f)
＿＿＿＿＿＿＿＿＿＿
＿＿＿＿＿＿＿＿＿＿
＿＿＿＿＿＿＿＿＿＿
＿◆◆◆＿◆◆＿＿＿
◆◆◆◆◆◆＿＿＿＿
◆□□□◆□□＿＿＿
□□□□□□□＿＿＿
□□□□□□□＿＿＿
□□□□□□□◆□＿
□□□□＿□□□□□
□□□□＿□□□□□
□□□□□□□□□＿
□□□□□□□＿□□
□□□□□□□＿□□
□＿□□□□□＿□□
□□□□□□＿□□□
＿□□□□□□＿□□
＿□□□□□□□□□
＿□□□□□□□□□
＿□□□□□□□□□
00:13:46(24786f):field(24785f)
＿＿＿＿＿＿＿＿＿＿
＿＿＿＿＿＿＿＿＿＿
＿＿＿＿＿＿＿＿＿＿
＿＿＿＿＿■＿＿＿＿
＿＿＿＿■■＿＿＿＿
＿□□□■□□＿＿＿
□□□□□□◆＿＿＿
□□□□□□□＿＿＿
□□□□□□□＿◆＿
□□□□＿□□□□□
□□□□＿□□□□□
□□□□□□□□□＿
□□□□□□□＿□□
□□□□□□□＿□□
□＿□□□□□＿□□
□□□□□□＿□□□
＿□□□□□□＿□□
＿□□□□□□□□□
＿□□□□□□□□□
＿□□□□□□□□□
00:13:46(24800f):field(24799f)　〇
＿＿＿＿＿＿＿＿＿＿
＿＿＿＿＿＿＿＿＿＿
＿＿＿＿＿＿＿＿＿＿
＿＿＿＿＿□＿＿＿＿
■■■＿□□＿＿＿＿
■□□□□□□＿＿＿
□□□□□□＿＿＿＿
□□□□□□□＿＿＿
□□□□□□□＿＿＿
□□□□＿□□□□□
□□□□＿□□□□□
□□□□□□□□□＿
□□□□□□□＿□□
□□□□□□□＿□□
□＿□□□□□＿□□
□□□□□□＿□□□
＿□□□□□□＿□□
＿□□□□□□□□□
＿□□□□□□□□□
＿□□□□□□□□□
00:13:47(24812f):field(24811f)　〇
＿＿＿＿＿＿＿＿＿＿
＿＿＿＿＿＿＿＿＿＿
＿＿＿＿＿＿＿＿＿＿
＿＿＿＿＿□＿＿＿＿
□□□＿□□＿＿＿＿
□□□□□□□＿＿■
□□□□□□＿＿＿■
□□□□□□□＿＿■
□□□□□□□＿＿■
□□□□＿□□□□□
□□□□＿□□□□□
□□□□□□□□□＿
□□□□□□□＿□□
□□□□□□□＿□□
□＿□□□□□＿□□
□□□□□□＿□□□
＿□□□□□□＿□□
＿□□□□□□□□□
＿□□□□□□□□□
＿□□□□□□□□□
00:13:47(24825f):field(24824f)
＿＿＿＿＿＿＿＿＿＿
＿＿＿＿＿＿＿＿＿＿
＿＿＿＿＿＿＿＿＿＿
＿＿＿＿＿◆＿＿＿＿
◆◆◆＿◆◆＿＿＿＿
◆◆◆◆◆□◆＿＿◆
□□□◆□□■＿＿◆
□□□□□□□■＿□
□□□□□□◆■■□
□□□□＿□□□□□
□□□□＿□□□□□
□□□□□□□□□＿
□□□□□□□＿□□
□□□□□□□＿□□
□＿□□□□□＿□□
□□□□□□＿□□□
＿□□□□□□＿□□
＿□□□□□□□□□
＿□□□□□□□□□
＿□□□□□□□□□
00:13:47(24837f):field(24836f)
＿＿＿＿＿＿＿＿＿＿
＿＿＿＿＿＿＿＿＿＿
＿＿＿＿＿＿＿＿＿＿
＿＿＿＿＿＿＿＿＿＿
＿＿■＿＿＿＿＿＿＿
＿＿■■＿□＿＿＿＿
□□□■□□◆＿＿＿
□□□□□□□◆＿□
□□□□□□＿◆◆□
□□□□＿□□□□□
□□□□＿□□□□□
□□□□□□□□□＿
□□□□□□□＿□□
□□□□□□□＿□□
□＿□□□□□＿□□
□□□□□□＿□□□
＿□□□□□□＿□□
＿□□□□□□□□□
＿□□□□□□□□□
＿□□□□□□□□□
00:13:48(24847f):field(24846f)　〇
＿＿＿＿＿＿＿＿＿＿
＿＿＿＿＿＿＿＿＿＿
＿＿＿＿＿＿＿＿＿＿
＿＿＿＿＿＿＿＿＿＿
＿＿□■■■＿＿＿＿
＿＿□□■□＿＿＿＿
□□□□□□＿＿＿＿
□□□□□□□＿＿□
□□□□□□＿＿＿□
□□□□＿□□□□□
□□□□＿□□□□□
□□□□□□□□□＿
□□□□□□□＿□□
□□□□□□□＿□□
□＿□□□□□＿□□
□□□□□□＿□□□
＿□□□□□□＿□□
＿□□□□□□□□□
＿□□□□□□□□□
＿□□□□□□□□□
00:13:48(24861f):field(24860f)
＿＿＿＿＿＿＿＿＿＿
＿＿＿＿＿＿＿＿＿＿
＿＿＿＿＿＿＿＿＿＿
＿＿＿＿＿＿＿＿＿＿
＿＿◆◆◆◆＿＿＿＿
＿＿□□□□＿＿＿＿
◆◆□□□□＿＿＿＿
□□□□□□◆＿＿◆
□□□□□□■＿■□
□□□□＿□□□□□
□□□□＿□□□□□
□□□□□□□□□＿
□□□□□□□＿□□
□□□□□□□＿□□
□＿□□□□□＿□□
□□□□□□＿□□□
＿□□□□□□＿□□
＿□□□□□□□□□
＿□□□□□□□□□
＿□□□□□□□□□
00:13:49(24877f):field(24876f)
＿＿＿＿＿＿＿＿＿＿
＿＿＿＿＿＿＿＿＿＿
＿＿＿＿＿＿＿＿＿＿
＿＿＿＿＿＿＿＿＿＿
＿＿＿＿＿＿＿＿＿＿
＿＿◆◆◆◆＿＿＿＿
＿＿□□□□＿＿＿＿
◆◆□□□□＿■■＿
□□□□□□□■□◆
□□□□■□□□□□
□□□□＿□□□□□
□□□□□□□□□＿
□□□□□□□＿□□
□□□□□□□＿□□
□＿□□□□□＿□□
□□□□□□＿□□□
＿□□□□□□＿□□
＿□□□□□□□□□
＿□□□□□□□□□
＿□□□□□□□□□
00:13:49(24891f):field(24890f)
＿＿＿＿＿＿＿＿＿＿
＿＿＿＿＿＿＿＿＿＿
＿＿＿＿＿＿＿＿＿＿
＿＿＿＿＿＿＿＿＿＿
＿＿＿＿＿＿＿＿＿＿
＿＿＿＿＿＿＿＿＿＿
＿＿□□□□■■＿＿
＿＿□□□□■◆□＿
□□□□□□□□□＿
□□□□◆□□□□□
□□□□＿□□□□□
□□□□□□□□□＿
□□□□□□□＿□□
□□□□□□□＿□□
□＿□□□□□＿□□
□□□□□□＿□□□
＿□□□□□□＿□□
＿□□□□□□□□□
＿□□□□□□□□□
＿□□□□□□□□□
00:13:50(24903f):field(24902f)　〇
＿＿＿＿＿＿＿＿＿＿
＿＿＿＿＿＿＿＿＿＿
＿＿＿＿＿＿＿＿＿＿
＿＿＿＿＿＿＿＿＿＿
＿＿＿＿＿＿＿＿＿＿
＿＿＿＿＿＿＿＿＿＿
■■□□□□□□＿＿
■■□□□□□＿□＿
□□□□□□□□□＿
□□□□＿□□□□□
□□□□＿□□□□□
□□□□□□□□□＿
□□□□□□□＿□□
□□□□□□□＿□□
□＿□□□□□＿□□
□□□□□□＿□□□
＿□□□□□□＿□□
＿□□□□□□□□□
＿□□□□□□□□□
＿□□□□□□□□□
00:13:50(24916f):field(24915f)
＿＿＿＿＿＿＿＿＿＿
＿＿＿＿＿＿＿＿＿＿
＿＿＿＿＿＿＿＿＿＿
＿＿＿＿＿＿＿＿＿＿
＿＿＿＿＿＿＿＿＿＿
＿＿＿＿＿＿＿＿＿＿
◆◆◆◆◆◆◆◆＿■
□□□□□□□■◆■
□□□□□□□◆□■
□□□□＿□□□□□
□□□□＿□□□□□
□□□□□□□□□＿
□□□□□□□＿□□
□□□□□□□＿□□
□＿□□□□□＿□□
□□□□□□＿□□□
＿□□□□□□＿□□
＿□□□□□□□□□
＿□□□□□□□□□
＿□□□□□□□□□
00:13:51(24930f):field(24929f)
＿＿＿＿＿＿＿＿＿＿
＿＿＿＿＿＿＿＿＿＿
＿＿＿＿＿＿＿＿＿＿
＿＿＿＿＿＿＿＿＿＿
＿＿＿＿＿＿＿＿＿＿
＿＿＿＿＿＿＿＿＿＿
＿＿＿＿＿■＿＿■◆
□◆◆◆□◆□□■□
□□□□□□□＿□□
□□□□■□□□□□
□□□□＿□□□□□
□□□□□□□□□＿
□□□□□□□＿□□
□□□□□□□＿□□
□＿□□□□□＿□□
□□□□□□＿□□□
＿□□□□□□＿□□
＿□□□□□□□□□
＿□□□□□□□□□
＿□□□□□□□□□
00:13:51(24942f):field(24941f)
＿＿＿＿＿＿＿＿＿＿
＿＿＿＿＿＿＿＿＿＿
＿＿＿＿＿＿＿＿＿＿
＿＿＿＿＿＿＿＿＿＿
＿＿＿＿＿＿＿＿＿＿
■＿＿＿＿＿＿＿＿＿
■＿＿＿＿◆＿＿□＿
□■＿＿◆＿◆□□□
□□□□□□□＿□□
□□□□◆□□□□□
□□□□＿□□□□□
□□□□□□□□□＿
□□□□□□□＿□□
□□□□□□□＿□□
□＿□□□□□＿□□
□□□□□□＿□□□
＿□□□□□□＿□□
＿□□□□□□□□□
＿□□□□□□□□□
＿□□□□□□□□□
00:13:51(24954f):field(24953f)　〇
＿＿＿＿＿＿＿＿＿＿
＿＿＿＿＿＿＿＿＿＿
＿＿＿＿＿＿＿＿＿＿
＿＿＿＿＿＿＿＿＿＿
＿＿＿＿＿＿＿＿＿＿
□＿＿＿＿＿＿＿＿＿
□■■＿＿＿＿＿□＿
□□■■＿＿＿□□□
□□□□□□□＿□□
□□□□＿□□□□□
□□□□＿□□□□□
□□□□□□□□□＿
□□□□□□□＿□□
□□□□□□□＿□□
□＿□□□□□＿□□
□□□□□□＿□□□
＿□□□□□□＿□□
＿□□□□□□□□□
＿□□□□□□□□□
＿□□□□□□□□□
00:13:52(24970f):field(24969f)
＿＿＿＿＿＿＿＿＿＿
＿＿＿＿＿＿＿＿＿＿
＿＿＿＿＿＿＿＿＿＿
＿＿＿＿＿＿＿＿＿＿
＿＿＿＿＿＿＿＿＿＿
◆＿＿＿＿＿＿＿＿＿
□◆◆＿＿＿＿＿□＿
□□□◆■＿■□□□
□□□□□□□＿□□
□□□□■□□□□□
□□□□＿□□□□□
□□□□□□□□□＿
□□□□□□□＿□□
□□□□□□□＿□□
□＿□□□□□＿□□
□□□□□□＿□□□
＿□□□□□□＿□□
＿□□□□□□□□□
＿□□□□□□□□□
＿□□□□□□□□□
00:13:52(24981f):field(24980f)
＿＿＿＿＿＿＿＿＿＿
＿＿＿＿＿＿＿＿＿＿
＿＿＿＿＿＿＿＿＿＿
＿＿＿＿＿＿＿＿＿＿
＿＿＿＿＿＿＿＿＿＿
＿＿■＿＿＿＿＿＿＿
□＿■■＿＿＿＿◆＿
□□□■□＿◆◆□◆
□□□□□□□＿□□
□□□□◆□□□□□
□□□□＿□□□□□
□□□□□□□□□＿
□□□□□□□＿□□
□□□□□□□＿□□
□＿□□□□□＿□□
□□□□□□＿□□□
＿□□□□□□＿□□
＿□□□□□□□□□
＿□□□□□□□□□
＿□□□□□□□□□
00:13:53(24996f):field(24995f)
＿＿＿＿＿＿＿＿＿＿
＿＿＿＿＿＿＿＿＿＿
＿＿＿＿＿＿＿＿＿＿
＿＿＿＿＿＿＿＿＿＿
＿＿＿＿＿＿＿＿＿＿
＿＿◆＿＿＿＿＿＿＿
◆＿□◆＿＿＿■＿＿
□□□□◆＿＿■◆■
□□□□□◆◆■□◆
□□□□＿□□□□□
□□□□＿□□□□□
□□□□□□□□□＿
□□□□□□□＿□□
□□□□□□□＿□□
□＿□□□□□＿□□
□□□□□□＿□□□
＿□□□□□□＿□□
＿□□□□□□□□□
＿□□□□□□□□□
＿□□□□□□□□□
00:13:53(25007f):field(25006f)
＿＿＿＿＿＿＿＿＿＿
＿＿＿＿＿＿＿＿＿＿
＿＿＿＿＿＿＿＿＿＿
＿＿＿＿＿＿＿＿＿＿
＿＿＿＿＿＿＿＿＿＿
＿＿＿＿■＿＿＿＿＿
＿＿□■■＿＿□＿＿
□◆□□■＿＿□＿◆
□□□□□＿＿□□＿
□□□□＿□□□□□
□□□□＿□□□□□
□□□□□□□□□＿
□□□□□□□＿□□
□□□□□□□＿□□
□＿□□□□□＿□□
□□□□□□＿□□□
＿□□□□□□＿□□
＿□□□□□□□□□
＿□□□□□□□□□
＿□□□□□□□□□
00:13:53(25018f):field(25017f)　〇
＿＿＿＿＿＿＿＿＿＿
＿＿＿＿＿＿＿＿＿＿
＿＿＿＿＿＿＿＿＿＿
＿＿＿＿＿＿＿＿＿＿
＿＿＿＿＿＿＿＿＿＿
＿＿＿＿□＿＿＿＿＿
＿＿□□□＿＿□＿＿
□＿□□□■■□＿＿
□□□□□■■□□＿
□□□□＿□□□□□
□□□□＿□□□□□
□□□□□□□□□＿
□□□□□□□＿□□
□□□□□□□＿□□
□＿□□□□□＿□□
□□□□□□＿□□□
＿□□□□□□＿□□
＿□□□□□□□□□
＿□□□□□□□□□
＿□□□□□□□□□
00:13:54(25028f):field(25027f)　〇
＿＿＿＿＿＿＿＿＿＿
＿＿＿＿＿＿＿＿＿＿
＿＿＿＿＿＿＿＿＿＿
＿＿＿＿＿＿＿＿＿＿
＿＿＿＿＿■＿＿＿＿
＿＿＿＿□■＿＿＿＿
＿＿□□□■■□＿＿
□＿□□□□□□＿＿
□□□□□□□□□＿
□□□□＿□□□□□
□□□□＿□□□□□
□□□□□□□□□＿
□□□□□□□＿□□
□□□□□□□＿□□
□＿□□□□□＿□□
□□□□□□＿□□□
＿□□□□□□＿□□
＿□□□□□□□□□
＿□□□□□□□□□
＿□□□□□□□□□
00:13:54(25041f):field(25040f)　×　２に逆さ
＿＿＿＿＿＿＿＿＿＿
＿＿＿＿＿＿＿＿＿＿
＿＿＿＿＿＿＿＿＿＿
＿＿＿■＿＿＿＿＿＿
＿＿＿■＿□＿＿＿＿
＿＿■■□□＿＿＿＿
＿＿□□□□□□＿＿
□＿□□□□□□＿＿
□□□□□□□□□＿
□□□□＿□□□□□
□□□□＿□□□□□
□□□□□□□□□＿
□□□□□□□＿□□
□□□□□□□＿□□
□＿□□□□□＿□□
□□□□□□＿□□□
＿□□□□□□＿□□
＿□□□□□□□□□
＿□□□□□□□□□
＿□□□□□□□□□
00:13:55(25051f):field(25050f)　〇
＿＿＿＿＿＿＿＿＿＿
＿＿＿＿＿＿＿＿＿＿
＿＿＿＿＿■＿＿＿＿
＿＿＿□■■＿＿＿＿
＿＿＿□■□＿＿＿＿
＿＿□□□□＿＿＿＿
＿＿□□□□□□＿＿
□＿□□□□□□＿＿
□□□□□□□□□＿
□□□□＿□□□□□
□□□□＿□□□□□
□□□□□□□□□＿
□□□□□□□＿□□
□□□□□□□＿□□
□＿□□□□□＿□□
□□□□□□＿□□□
＿□□□□□□＿□□
＿□□□□□□□□□
＿□□□□□□□□□
＿□□□□□□□□□
00:13:55(25066f):field(25065f)　〇
＿＿＿＿＿＿＿＿＿＿
＿＿＿＿＿＿＿＿＿＿
＿＿＿＿＿□＿＿＿＿
＿＿＿□□□＿＿＿＿
＿＿＿□□□＿＿＿＿
＿■□□□□＿＿＿＿
■■□□□□□□＿＿
□■□□□□□□＿＿
□□□□□□□□□＿
□□□□＿□□□□□
□□□□＿□□□□□
□□□□□□□□□＿
□□□□□□□＿□□
□□□□□□□＿□□
□＿□□□□□＿□□
□□□□□□＿□□□
＿□□□□□□＿□□
＿□□□□□□□□□
＿□□□□□□□□□
＿□□□□□□□□□
00:13:55(25079f):field(25078f)　〇
＿＿＿＿＿＿＿＿＿＿
＿＿＿＿＿＿＿＿＿＿
＿＿＿＿＿□＿＿＿＿
＿＿＿□□□＿＿＿＿
＿＿＿□□□■■＿＿
＿□□□□□■■＿＿
□□□□□□□□＿＿
□□□□□□□□＿＿
□□□□□□□□□＿
□□□□＿□□□□□
□□□□＿□□□□□
□□□□□□□□□＿
□□□□□□□＿□□
□□□□□□□＿□□
□＿□□□□□＿□□
□□□□□□＿□□□
＿□□□□□□＿□□
＿□□□□□□□□□
＿□□□□□□□□□
＿□□□□□□□□□
00:13:56(25098f):field(25097f)　？　５６寝かせだと終わるか？？？
＿＿＿＿＿＿＿＿＿＿
＿＿＿＿＿＿＿＿＿＿
＿＿＿＿＿□＿＿＿＿
＿■■□□□＿＿＿＿
■■＿□□□□□＿＿
＿□□□□□□□＿＿
□□□□□□□□＿＿
□□□□□□□□＿＿
□□□□□□□□□＿
□□□□＿□□□□□
□□□□＿□□□□□
□□□□□□□□□＿
□□□□□□□＿□□
□□□□□□□＿□□
□＿□□□□□＿□□
□□□□□□＿□□□
＿□□□□□□＿□□
＿□□□□□□□□□
＿□□□□□□□□□
＿□□□□□□□□□
00:13:57(25116f):field(25115f)
＿＿＿＿＿＿＿＿＿＿
＿＿＿＿＿＿＿＿＿＿
＿＿＿＿＿◆＿＿＿＿
＿◆◆◆◆◆＿＿＿＿
◆◆＿◆◆□◆◆＿＿
＿□□□□□◆◆＿■
□□□□□□□□■＿
□□□□□□□□■■
□□□□□□□□□■
□□□□＿□□□□□
□□□□＿□□□□□
□□□□□□□□□＿
□□□□□□□＿□□
□□□□□□□＿□□
□＿□□□□□＿□□
□□□□□□＿□□□
＿□□□□□□＿□□
＿□□□□□□□□□
＿□□□□□□□□□
＿□□□□□□□□□
00:13:57(25128f):field(25127f)
＿＿＿＿＿＿＿＿＿＿
＿＿＿＿＿＿＿＿＿＿
＿＿＿＿＿＿＿＿＿＿
＿＿＿＿＿＿＿＿＿＿
＿＿＿＿＿◆＿＿＿＿
＿◆◆◆◆□＿＿＿◆
◆□□□□□◆◆◆＿
□□◆□□□□□◆□
◆□□□□□□□□□
□□□□＿□□□□□
□□□□■□□□□□
□□□□□□□□□＿
□□□□□□□＿□□
□□□□□□□＿□□
□＿□□□□□＿□□
□□□□□□＿□□□
＿□□□□□□＿□□
＿□□□□□□□□□
＿□□□□□□□□□
＿□□□□□□□□□
00:13:58(25143f):field(25142f)
＿＿＿＿＿＿＿＿＿＿
＿＿＿＿＿＿＿＿＿＿
＿＿＿＿＿＿＿＿＿＿
＿＿＿＿＿＿＿＿＿＿
＿＿＿■■■＿＿＿＿
＿＿＿＿■□＿＿＿＿
＿□□□□□＿＿＿＿
□□＿□□□□□＿□
＿□□□□□□□□□
□□□□＿□□□□□
□□□□◆□□□□□
□□□□□□□□□＿
□□□□□□□＿□□
□□□□□□□＿□□
□＿□□□□□＿□□
□□□□□□＿□□□
＿□□□□□□＿□□
＿□□□□□□□□□
＿□□□□□□□□□
＿□□□□□□□□□
00:13:58(25156f):field(25155f)　〇
＿＿＿＿＿＿＿＿＿＿
＿＿＿＿＿＿＿＿＿＿
＿＿＿＿＿＿＿＿＿＿
＿＿＿＿＿＿＿＿＿＿
＿＿＿□□□＿＿＿＿
＿＿＿＿□□■■＿＿
＿□□□□□■■＿＿
□□＿□□□□□＿□
＿□□□□□□□□□
□□□□＿□□□□□
□□□□＿□□□□□
□□□□□□□□□＿
□□□□□□□＿□□
□□□□□□□＿□□
□＿□□□□□＿□□
□□□□□□＿□□□
＿□□□□□□＿□□
＿□□□□□□□□□
＿□□□□□□□□□
＿□□□□□□□□□
00:13:59(25170f):field(25169f)　〇
＿＿＿＿＿＿＿＿＿＿
＿＿＿＿＿＿＿＿＿＿
＿＿＿＿＿＿＿＿＿＿
■＿＿＿＿＿＿＿＿＿
■＿＿□□□＿＿＿＿
■＿＿＿□□□□＿＿
■□□□□□□□＿＿
□□＿□□□□□＿□
＿□□□□□□□□□
□□□□＿□□□□□
□□□□＿□□□□□
□□□□□□□□□＿
□□□□□□□＿□□
□□□□□□□＿□□
□＿□□□□□＿□□
□□□□□□＿□□□
＿□□□□□□＿□□
＿□□□□□□□□□
＿□□□□□□□□□
＿□□□□□□□□□
00:13:59(25189f):field(25188f)　？　６に寝かせだと終わるか？？？
＿＿＿＿＿＿＿＿＿＿
＿＿＿＿＿＿＿＿＿＿
＿＿＿＿＿＿■＿＿＿
□＿＿＿＿＿■＿＿＿
□＿＿□□□■■＿＿
□＿＿＿□□□□＿＿
□□□□□□□□＿＿
□□＿□□□□□＿□
＿□□□□□□□□□
□□□□＿□□□□□
□□□□＿□□□□□
□□□□□□□□□＿
□□□□□□□＿□□
□□□□□□□＿□□
□＿□□□□□＿□□
□□□□□□＿□□□
＿□□□□□□＿□□
＿□□□□□□□□□
＿□□□□□□□□□
＿□□□□□□□□□
00:14:00(25200f):field(25199f)　〇
＿＿＿＿＿＿＿＿＿＿
＿＿＿＿＿＿＿＿＿＿
＿＿＿■■＿□＿＿＿
□＿＿＿■■□＿＿＿
□＿＿□□□□□＿＿
□＿＿＿□□□□＿＿
□□□□□□□□＿＿
□□＿□□□□□＿□
＿□□□□□□□□□
□□□□＿□□□□□
□□□□＿□□□□□
□□□□□□□□□＿
□□□□□□□＿□□
□□□□□□□＿□□
□＿□□□□□＿□□
□□□□□□＿□□□
＿□□□□□□＿□□
＿□□□□□□□□□
＿□□□□□□□□□
＿□□□□□□□□□
00:14:00(25218f):field(25217f)　〇
＿＿＿＿＿＿＿＿＿＿
＿＿＿＿＿＿＿＿＿＿
＿＿＿□□＿□＿＿＿
□＿＿＿□□□＿＿＿
□＿■□□□□□＿＿
□■■■□□□□＿＿
□□□□□□□□＿＿
□□＿□□□□□＿□
＿□□□□□□□□□
□□□□＿□□□□□
□□□□＿□□□□□
□□□□□□□□□＿
□□□□□□□＿□□
□□□□□□□＿□□
□＿□□□□□＿□□
□□□□□□＿□□□
＿□□□□□□＿□□
＿□□□□□□□□□
＿□□□□□□□□□
＿□□□□□□□□□
00:14:01(25231f):field(25230f)
＿＿＿＿＿＿＿＿＿＿
＿＿＿＿＿＿＿＿＿＿
＿＿＿◆◆＿◆＿＿＿
◆＿＿＿◆◆◆＿＿＿
◆＿◆□□◆□◆＿＿
□□◆□□□□□＿＿
□◆□□□□□□■＿
□□■□□□□□＿□
＿□□□□□□□□□
□□□□＿□□□□□
□□□□＿□□□□□
□□□□□□□□□＿
□□□□□□□＿□□
□□□□□□□＿□□
□＿□□□□□＿□□
□□□□□□＿□□□
＿□□□□□□＿□□
＿□□□□□□□□□
＿□□□□□□□□□
＿□□□□□□□□□
00:14:01(25243f):field(25242f)
＿＿＿＿＿＿＿＿＿＿
＿＿＿＿＿＿＿＿＿＿
＿＿＿＿＿＿＿＿＿＿
＿＿＿■■■＿＿＿＿
＿＿＿□□■□＿＿＿
□◆＿◆□□□◆＿＿
□＿□□□□□□◆＿
□□◆□□□□□＿□
＿□□□□□□□□□
□□□□＿□□□□□
□□□□＿□□□□□
□□□□□□□□□＿
□□□□□□□＿□□
□□□□□□□＿□□
□＿□□□□□＿□□
□□□□□□＿□□□
＿□□□□□□＿□□
＿□□□□□□□□□
＿□□□□□□□□□
＿□□□□□□□□□
00:14:01(25258f):field(25257f)　〇
＿＿＿＿＿＿＿＿＿＿
＿＿＿＿＿＿＿＿＿＿
＿＿＿＿＿＿＿＿＿＿
＿＿＿□□□＿＿＿■
＿＿＿□□□□＿＿■
□＿＿＿□□□＿＿■
□＿□□□□□□＿■
□□＿□□□□□＿□
＿□□□□□□□□□
□□□□＿□□□□□
□□□□＿□□□□□
□□□□□□□□□＿
□□□□□□□＿□□
□□□□□□□＿□□
□＿□□□□□＿□□
□□□□□□＿□□□
＿□□□□□□＿□□
＿□□□□□□□□□
＿□□□□□□□□□
＿□□□□□□□□□
00:14:02(25269f):field(25268f)　〇
＿＿＿＿＿＿＿＿＿＿
＿＿＿＿＿＿＿＿＿＿
＿＿＿＿＿＿＿＿＿＿
＿＿＿□□□＿＿＿□
＿＿＿□□□□＿＿□
□＿＿＿□□□■■□
□＿□□□□□□■□
□□＿□□□□□■□
＿□□□□□□□□□
□□□□＿□□□□□
□□□□＿□□□□□
□□□□□□□□□＿
□□□□□□□＿□□
□□□□□□□＿□□
□＿□□□□□＿□□
□□□□□□＿□□□
＿□□□□□□＿□□
＿□□□□□□□□□
＿□□□□□□□□□
＿□□□□□□□□□
00:14:02(25283f):field(25282f)　〇
＿＿＿＿＿＿＿＿＿＿
＿＿＿＿＿＿＿＿＿＿
＿＿＿＿＿＿＿＿＿＿
＿＿＿□□□■■＿□
＿＿＿□□□□■■□
□＿＿＿□□□□□□
□＿□□□□□□□□
□□＿□□□□□□□
＿□□□□□□□□□
□□□□＿□□□□□
□□□□＿□□□□□
□□□□□□□□□＿
□□□□□□□＿□□
□□□□□□□＿□□
□＿□□□□□＿□□
□□□□□□＿□□□
＿□□□□□□＿□□
＿□□□□□□□□□
＿□□□□□□□□□
＿□□□□□□□□□
00:14:03(25297f):field(25296f)　〇
＿＿＿＿＿＿＿＿＿＿
＿＿＿＿＿＿＿■＿＿
＿＿＿＿＿＿＿■■＿
＿＿＿□□□□□■□
＿＿＿□□□□□□□
□＿＿＿□□□□□□
□＿□□□□□□□□
□□＿□□□□□□□
＿□□□□□□□□□
□□□□＿□□□□□
□□□□＿□□□□□
□□□□□□□□□＿
□□□□□□□＿□□
□□□□□□□＿□□
□＿□□□□□＿□□
□□□□□□＿□□□
＿□□□□□□＿□□
＿□□□□□□□□□
＿□□□□□□□□□
＿□□□□□□□□□
00:14:03(25311f):field(25310f)
＿＿＿＿＿＿＿＿＿＿
＿＿＿＿＿＿＿◆＿＿
＿＿＿＿＿＿＿□◆＿
＿＿＿◆◆◆◆□□◆
■＿＿□□□□□□□
◆＿■■□□□□□□
□＿□□□□□□□□
□□＿□□□□□□□
＿□□□□□□□□□
□□□□＿□□□□□
□□□□＿□□□□□
□□□□□□□□□＿
□□□□□□□＿□□
□□□□□□□＿□□
□＿□□□□□＿□□
□□□□□□＿□□□
＿□□□□□□＿□□
＿□□□□□□□□□
＿□□□□□□□□□
＿□□□□□□□□□
00:14:04(25322f):field(25321f)
＿＿＿＿＿＿＿＿＿＿
＿＿＿＿＿＿＿＿＿＿
＿＿＿＿＿■■□＿＿
＿＿＿＿＿■■□□＿
◆＿＿□□□□□□□
＿＿□□□□□□□□
□＿□□□□□□□□
□□＿□□□□□□□
＿□□□□□□□□□
□□□□＿□□□□□
□□□□＿□□□□□
□□□□□□□□□＿
□□□□□□□＿□□
□□□□□□□＿□□
□＿□□□□□＿□□
□□□□□□＿□□□
＿□□□□□□＿□□
＿□□□□□□□□□
＿□□□□□□□□□
＿□□□□□□□□□
00:14:04(25336f):field(25335f)
＿＿＿＿＿＿＿＿＿＿
＿＿＿＿＿＿＿＿＿＿
＿＿＿＿＿◆◆◆＿＿
＿＿＿＿＿□□□◆＿
＿＿＿◆◆□□□□◆
■■◆□□□□□□□
◆■□□□□□□□□
□□＿□□□□□□□
＿□□□□□□□□□
□□□□＿□□□□□
□□□□＿□□□□□
□□□□□□□□□＿
□□□□□□□＿□□
□□□□□□□＿□□
□＿□□□□□＿□□
□□□□□□＿□□□
＿□□□□□□＿□□
＿□□□□□□□□□
＿□□□□□□□□□
＿□□□□□□□□□
00:14:05(25351f):field(25350f)　〇
＿＿＿＿＿＿＿＿＿＿
＿＿＿＿＿＿＿＿＿■
＿＿＿＿＿＿＿＿＿■
＿＿＿＿＿□□□＿■
＿＿＿＿＿□□□□■
□□＿□□□□□□□
＿□□□□□□□□□
□□＿□□□□□□□
＿□□□□□□□□□
□□□□＿□□□□□
□□□□＿□□□□□
□□□□□□□□□＿
□□□□□□□＿□□
□□□□□□□＿□□
□＿□□□□□＿□□
□□□□□□＿□□□
＿□□□□□□＿□□
＿□□□□□□□□□
＿□□□□□□□□□
＿□□□□□□□□□
00:14:05(25363f):field(25362f)
＿＿＿＿＿＿＿＿＿＿
＿＿＿＿＿＿＿＿＿◆
＿＿＿＿＿＿＿＿＿□
＿＿＿＿＿◆◆◆＿□
＿＿＿＿■□□□◆□
□□■□◆□□□□□
■□□□□□□□□□
□□■□□□□□□□
＿□□□□□□□□□
□□□□＿□□□□□
□□□□＿□□□□□
□□□□□□□□□＿
□□□□□□□＿□□
□□□□□□□＿□□
□＿□□□□□＿□□
□□□□□□＿□□□
＿□□□□□□＿□□
＿□□□□□□□□□
＿□□□□□□□□□
＿□□□□□□□□□
00:14:05(25375f):field(25374f)
＿＿＿＿＿＿＿＿＿＿
＿＿＿＿＿＿＿＿＿＿
＿＿＿＿＿＿＿＿＿◆
＿＿＿＿＿＿＿＿＿□
＿＿＿■◆◆□◆＿□
□◆◆□＿□□□◆□
□□□□□□□□□□
□□□□□□□□□□
＿□□□□□□□□□
□□□□＿□□□□□
□□□□＿□□□□□
□□□□□□□□□＿
□□□□□□□＿□□
□□□□□□□＿□□
□＿□□□□□＿□□
□□□□□□＿□□□
＿□□□□□□＿□□
＿□□□□□□□□□
＿□□□□□□□□□
＿□□□□□□□□□
00:14:06(25386f):field(25385f)
＿＿＿＿＿＿＿＿＿＿
＿＿＿＿＿＿＿＿＿＿
＿＿＿＿＿＿＿＿＿＿
＿＿＿＿＿■＿＿＿□
＿＿＿□■■◆＿＿□
◆＿＿□■□□□＿□
◆□□□□□□□□□
□□◆□□□□□□□
＿□□□□□□□□□
□□□□＿□□□□□
□□□□＿□□□□□
□□□□□□□□□＿
□□□□□□□＿□□
□□□□□□□＿□□
□＿□□□□□＿□□
□□□□□□＿□□□
＿□□□□□□＿□□
＿□□□□□□□□□
＿□□□□□□□□□
＿□□□□□□□□□
00:14:06(25396f):field(25395f)　？　８に立てとどっちだろう
＿＿＿＿＿＿＿＿＿＿
＿＿＿＿＿＿＿＿＿＿
＿＿＿＿■■＿＿＿＿
＿＿＿■■□＿＿＿□
＿＿＿□□□＿＿＿□
＿＿＿□□□□□＿□
＿□□□□□□□□□
□□＿□□□□□□□
＿□□□□□□□□□
□□□□＿□□□□□
□□□□＿□□□□□
□□□□□□□□□＿
□□□□□□□＿□□
□□□□□□□＿□□
□＿□□□□□＿□□
□□□□□□＿□□□
＿□□□□□□＿□□
＿□□□□□□□□□
＿□□□□□□□□□
＿□□□□□□□□□
00:14:07(25411f):field(25410f)
＿＿＿＿＿＿＿＿＿＿
＿＿＿＿＿＿＿＿＿＿
＿＿＿＿◆◆＿＿＿＿
＿＿＿◆□□＿＿＿◆
■＿＿□□□＿＿＿□
■＿＿□□□◆□＿□
■◆◆□□□□□□□
□□＿□□□□□□□
＿□□□□□□□□□
□□□□＿□□□□□
□□□□＿□□□□□
□□□□□□□□□＿
□□□□□□□＿□□
□□□□□□□＿□□
□＿□□□□□＿□□
□□□□□□＿□□□
＿□□□□□□＿□□
＿□□□□□□□□□
＿□□□□□□□□□
＿□□□□□□□□□
00:14:07(25426f):field(25425f)
＿＿＿＿＿＿＿＿＿＿
＿＿＿＿＿＿＿＿＿＿
＿＿＿＿＿＿＿＿＿＿
＿＿＿＿□□＿＿＿＿
□＿＿□□□■■＿□
□＿＿□□□■□＿□
□＿＿□□□□□◆□
□□＿□□□□□□□
＿□□□□□□□□□
□□□□＿□□□□□
□□□□＿□□□□□
□□□□□□□□□＿
□□□□□□□＿□□
□□□□□□□＿□□
□＿□□□□□＿□□
□□□□□□＿□□□
＿□□□□□□＿□□
＿□□□□□□□□□
＿□□□□□□□□□
＿□□□□□□□□□
00:14:07(25437f):field(25436f)
＿＿＿＿＿＿＿＿＿＿
＿＿＿＿＿＿＿＿＿＿
＿＿＿＿＿＿＿＿＿＿
＿＿＿＿◆◆＿＿＿＿
◆＿＿◆□□◆◆＿◆
□＿＿□□□□□＿□
□■■□□□□□＿□
□◆■□□□□□◆□
■□□□□□□□□□
□□□□＿□□□□□
□□□□＿□□□□□
□□□□□□□□□＿
□□□□□□□＿□□
□□□□□□□＿□□
□＿□□□□□＿□□
□□□□□□＿□□□
＿□□□□□□＿□□
＿□□□□□□□□□
＿□□□□□□□□□
＿□□□□□□□□□
00:14:08(25452f):field(25451f)
＿＿＿＿＿＿＿＿＿＿
＿＿＿＿＿＿＿＿＿＿
＿＿＿＿＿＿＿＿＿＿
＿＿＿＿＿＿＿＿＿＿
■■＿＿□□＿＿＿＿
□■■□□□□□＿□
□□□□□□□□＿□
□＿□□□□□□＿□
◆□□□□□□□□□
□□□□＿□□□□□
□□□□＿□□□□□
□□□□□□□□□＿
□□□□□□□＿□□
□□□□□□□＿□□
□＿□□□□□＿□□
□□□□□□＿□□□
＿□□□□□□＿□□
＿□□□□□□□□□
＿□□□□□□□□□
＿□□□□□□□□□
00:14:08(25463f):field(25462f)　？　高さがなければ５６７に寝かせか
＿＿＿＿＿＿＿＿＿＿
＿＿＿＿＿＿＿＿＿＿
＿＿＿■＿＿＿＿＿＿
＿＿＿■＿＿＿＿＿＿
□□■■□□＿＿＿＿
□□□□□□□□＿□
□□□□□□□□＿□
□＿□□□□□□＿□
＿□□□□□□□□□
□□□□＿□□□□□
□□□□＿□□□□□
□□□□□□□□□＿
□□□□□□□＿□□
□□□□□□□＿□□
□＿□□□□□＿□□
□□□□□□＿□□□
＿□□□□□□＿□□
＿□□□□□□□□□
＿□□□□□□□□□
＿□□□□□□□□□
00:14:09(25480f):field(25479f)
＿＿＿＿＿＿＿＿＿＿
＿＿＿＿＿＿＿＿＿＿
＿＿＿◆＿＿＿＿＿＿
＿＿＿◆＿＿＿＿＿＿
◆◆□□◆◆＿＿＿＿
□□◆□◆◆◆◆＿□
□□□□□□□□■◆
□■□□□□□□■□
■□□□□□□□□□
□□□□＿□□□□□
□□□□＿□□□□□
□□□□□□□□□＿
□□□□□□□＿□□
□□□□□□□＿□□
□＿□□□□□＿□□
□□□□□□＿□□□
＿□□□□□□＿□□
＿□□□□□□□□□
＿□□□□□□□□□
＿□□□□□□□□□
00:14:10(25505f):field(25504f)
＿＿＿＿＿＿＿＿＿＿
＿＿＿＿＿＿＿＿＿＿
＿＿＿＿＿＿＿＿＿＿
＿＿＿＿＿＿＿＿＿＿
＿＿◆□＿＿＿■＿＿
◆◆＿□＿＿＿■■◆
□□□□□□◆□□＿
□◆□□□□□□□□
◆□□□□□□□□□
□□□□＿□□□□□
□□□□＿□□□□□
□□□□□□□□□＿
□□□□□□□＿□□
□□□□□□□＿□□
□＿□□□□□＿□□
□□□□□□＿□□□
＿□□□□□□＿□□
＿□□□□□□□□□
＿□□□□□□□□□
＿□□□□□□□□□
00:14:10(25516f):field(25515f)　〇
＿＿＿＿＿＿＿＿＿＿
＿＿＿＿＿＿＿＿＿＿
＿＿＿＿＿＿＿＿＿＿
＿＿＿＿＿＿＿＿＿＿
＿＿＿□＿■＿□＿＿
＿＿＿□＿■■□□＿
□□□□□□■□□＿
□＿□□□□□□□□
＿□□□□□□□□□
□□□□＿□□□□□
□□□□＿□□□□□
□□□□□□□□□＿
□□□□□□□＿□□
□□□□□□□＿□□
□＿□□□□□＿□□
□□□□□□＿□□□
＿□□□□□□＿□□
＿□□□□□□□□□
＿□□□□□□□□□
＿□□□□□□□□□
00:14:11(25531f):field(25530f)　×　８９１０に寝かせ
＿＿＿＿＿＿＿＿＿＿
＿＿＿＿＿＿＿＿＿＿
＿＿＿＿＿＿＿■＿＿
＿＿＿＿＿＿■■＿＿
＿＿＿□＿□■□＿＿
＿＿＿□＿□□□□＿
□□□□□□□□□＿
□＿□□□□□□□□
＿□□□□□□□□□
□□□□＿□□□□□
□□□□＿□□□□□
□□□□□□□□□＿
□□□□□□□＿□□
□□□□□□□＿□□
□＿□□□□□＿□□
□□□□□□＿□□□
＿□□□□□□＿□□
＿□□□□□□□□□
＿□□□□□□□□□
＿□□□□□□□□□
00:14:11(25544f):field(25543f)　×　２３
＿＿＿＿＿＿＿＿＿＿
＿＿＿＿＿＿＿＿＿＿
＿＿＿＿＿＿＿□＿＿
＿＿＿＿＿＿□□＿＿
■■＿□＿□□□＿＿
■■＿□＿□□□□＿
□□□□□□□□□＿
□＿□□□□□□□□
＿□□□□□□□□□
□□□□＿□□□□□
□□□□＿□□□□□
□□□□□□□□□＿
□□□□□□□＿□□
□□□□□□□＿□□
□＿□□□□□＿□□
□□□□□□＿□□□
＿□□□□□□＿□□
＿□□□□□□□□□
＿□□□□□□□□□
＿□□□□□□□□□
00:14:11(25554f):field(25553f)　〇
＿＿＿＿＿＿＿＿＿＿
＿＿＿＿＿＿＿＿＿＿
＿＿＿＿＿＿＿□＿＿
＿＿＿＿■■□□＿＿
□□＿□■□□□＿＿
□□＿□■□□□□＿
□□□□□□□□□＿
□＿□□□□□□□□
＿□□□□□□□□□
□□□□＿□□□□□
□□□□＿□□□□□
□□□□□□□□□＿
□□□□□□□＿□□
□□□□□□□＿□□
□＿□□□□□＿□□
□□□□□□＿□□□
＿□□□□□□＿□□
＿□□□□□□□□□
＿□□□□□□□□□
＿□□□□□□□□□
00:14:12(25573f):field(25572f)　〇
＿＿＿＿＿＿＿＿＿＿
＿＿＿＿＿＿＿＿＿＿
＿＿＿＿＿＿＿□＿＿
＿■■■□□□□＿＿
□□■□□□□□＿＿
□□＿□□□□□□＿
□□□□□□□□□＿
□＿□□□□□□□□
＿□□□□□□□□□
□□□□＿□□□□□
□□□□＿□□□□□
□□□□□□□□□＿
□□□□□□□＿□□
□□□□□□□＿□□
□＿□□□□□＿□□
□□□□□□＿□□□
＿□□□□□□＿□□
＿□□□□□□□□□
＿□□□□□□□□□
＿□□□□□□□□□
00:14:12(25585f):field(25584f)　〇
＿＿＿＿＿＿＿＿＿＿
＿＿＿＿＿＿■■＿＿
＿＿＿＿＿■■□＿＿
＿□□□□□□□＿＿
□□□□□□□□＿＿
□□＿□□□□□□＿
□□□□□□□□□＿
□＿□□□□□□□□
＿□□□□□□□□□
□□□□＿□□□□□
□□□□＿□□□□□
□□□□□□□□□＿
□□□□□□□＿□□
□□□□□□□＿□□
□＿□□□□□＿□□
□□□□□□＿□□□
＿□□□□□□＿□□
＿□□□□□□□□□
＿□□□□□□□□□
＿□□□□□□□□□
00:14:13(25597f):field(25596f)　〇
＿＿＿＿＿＿＿＿＿＿
＿＿＿＿＿＿□□＿＿
■■■＿＿□□□＿＿
■□□□□□□□＿＿
□□□□□□□□＿＿
□□＿□□□□□□＿
□□□□□□□□□＿
□＿□□□□□□□□
＿□□□□□□□□□
□□□□＿□□□□□
□□□□＿□□□□□
□□□□□□□□□＿
□□□□□□□＿□□
□□□□□□□＿□□
□＿□□□□□＿□□
□□□□□□＿□□□
＿□□□□□□＿□□
＿□□□□□□□□□
＿□□□□□□□□□
＿□□□□□□□□□
00:14:13(25611f):field(25610f)
＿＿＿＿＿＿＿＿＿＿
＿＿＿＿＿＿◆◆＿＿
◆◆◆＿＿◆□□＿＿
□□□◆◆□□□＿＿
□□□□□□□□＿■
□□■□□□□□◆■
□□◆□□□□□□■
□＿□□□□□□□□
■□□□□□□□□□
□□□□＿□□□□□
□□□□＿□□□□□
□□□□□□□□□＿
□□□□□□□＿□□
□□□□□□□＿□□
□＿□□□□□＿□□
□□□□□□＿□□□
＿□□□□□□＿□□
＿□□□□□□□□□
＿□□□□□□□□□
＿□□□□□□□□□
00:14:14(25630f):field(25629f)
＿＿＿＿＿＿＿＿＿＿
＿＿＿■＿＿＿＿＿＿
＿＿＿■＿＿□□＿＿
□□□■■□□□＿＿
□□□□□□□□＿□
□□□□□□□□＿□
□□＿□□□□□□□
□＿□□□□□□□□
◆□□□□□□□□□
□□□□＿□□□□□
□□□□＿□□□□□
□□□□□□□□□＿
□□□□□□□＿□□
□□□□□□□＿□□
□＿□□□□□＿□□
□□□□□□＿□□□
＿□□□□□□＿□□
＿□□□□□□□□□
＿□□□□□□□□□
＿□□□□□□□□□
00:14:14(25645f):field(25644f)
＿＿＿＿＿＿＿＿＿＿
＿＿＿◆＿＿＿＿＿＿
＿■＿◆■＿◆◆＿＿
◆◆□□◆□◆◆＿＿
□◆◆□□◆□□＿□
□□□□□□□□■□
□□＿□□□□□□□
□＿□□□□□□□□
＿□□□□□□□□□
□□□□＿□□□□□
□□□□＿□□□□□
□□□□□□□□□＿
□□□□□□□＿□□
□□□□□□□＿□□
□＿□□□□□＿□□
□□□□□□＿□□□
＿□□□□□□＿□□
＿□□□□□□□□□
＿□□□□□□□□□
＿□□□□□□□□□
00:14:15(25655f):field(25654f)
＿＿＿＿＿＿＿＿＿＿
＿＿＿＿＿＿＿＿＿＿
＿◆＿＿◆＿＿＿＿＿
＿＿◆□■□＿＿＿＿
◆＿＿□□■□□＿□
□□□□□□□□◆□
□□＿□□□□□□□
□＿□□□□□□□□
＿□□□□□□□□□
□□□□＿□□□□□
□□□□＿□□□□□
□□□□□□□□□＿
□□□□□□□＿□□
□□□□□□□＿□□
□＿□□□□□＿□□
□□□□□□＿□□□
＿□□□□□□＿□□
＿□□□□□□□□□
＿□□□□□□□□□
＿□□□□□□□□□
00:14:15(25670f):field(25669f)
＿＿＿＿＿＿＿＿＿＿
＿＿＿＿＿＿＿＿＿＿
＿＿＿＿＿＿＿＿＿＿
＿＿＿◆◆◆＿＿＿＿
＿＿＿□□□□□■◆
◆◆◆□□□□□■□
□□■□□□□□□□
□■□□□□□□□□
＿□□□□□□□□□
□□□□＿□□□□□
□□□□＿□□□□□
□□□□□□□□□＿
□□□□□□□＿□□
□□□□□□□＿□□
□＿□□□□□＿□□
□□□□□□＿□□□
＿□□□□□□＿□□
＿□□□□□□□□□
＿□□□□□□□□□
＿□□□□□□□□□
00:14:16(25684f):field(25683f)
＿＿＿＿＿＿＿＿＿＿
＿＿＿＿＿＿＿＿＿＿
＿＿＿＿＿＿＿＿＿＿
＿＿＿＿＿＿＿＿＿＿
＿＿■◆◆◆◆◆◆＿
＿＿■□□□◆□□◆
◆□□□□□□□□□
□□□□□□□□□□
＿□□□□□□□□□
□□□□＿□□□□□
□□□□＿□□□□□
□□□□□□□□□＿
□□□□□□□＿□□
□□□□□□□＿□□
□＿□□□□□＿□□
□□□□□□＿□□□
＿□□□□□□＿□□
＿□□□□□□□□□
＿□□□□□□□□□
＿□□□□□□□□□
00:14:16(25698f):field(25697f)
＿＿＿＿＿＿＿＿＿＿
＿＿＿＿＿＿＿＿＿＿
＿＿＿＿＿＿＿＿＿＿
＿＿＿＿＿＿＿＿＿＿
＿＿□＿＿＿＿■■■
＿＿□□□□＿□□■
＿◆□□□□□□□□
□◆□□□□□□□□
＿□□□□□□□□□
□□□□＿□□□□□
□□□□＿□□□□□
□□□□□□□□□＿
□□□□□□□＿□□
□□□□□□□＿□□
□＿□□□□□＿□□
□□□□□□＿□□□
＿□□□□□□＿□□
＿□□□□□□□□□
＿□□□□□□□□□
＿□□□□□□□□□
00:14:16(25709f):field(25708f)　？　高さがなければ４５６か
＿＿＿＿＿＿＿＿＿＿
＿＿＿＿＿＿＿＿＿＿
＿＿＿＿＿＿＿＿＿＿
＿＿＿＿＿＿■＿＿＿
＿＿□＿＿■■□□□
＿＿□□□□■□□□
＿＿□□□□□□□□
□＿□□□□□□□□
＿□□□□□□□□□
□□□□＿□□□□□
□□□□＿□□□□□
□□□□□□□□□＿
□□□□□□□＿□□
□□□□□□□＿□□
□＿□□□□□＿□□
□□□□□□＿□□□
＿□□□□□□＿□□
＿□□□□□□□□□
＿□□□□□□□□□
＿□□□□□□□□□
00:14:17(25720f):field(25719f)　〇
＿＿＿＿＿＿＿＿＿＿
＿＿＿＿＿＿＿＿＿＿
＿＿＿＿＿＿＿＿＿＿
＿＿＿＿■■□＿＿＿
＿＿□■■□□□□□
＿＿□□□□□□□□
＿＿□□□□□□□□
□＿□□□□□□□□
＿□□□□□□□□□
□□□□＿□□□□□
□□□□＿□□□□□
□□□□□□□□□＿
□□□□□□□＿□□
□□□□□□□＿□□
□＿□□□□□＿□□
□□□□□□＿□□□
＿□□□□□□＿□□
＿□□□□□□□□□
＿□□□□□□□□□
＿□□□□□□□□□
00:14:17(25737f):field(25736f)　？　削りになるので意外と２立てもよいか
＿＿＿＿＿＿＿＿＿＿
＿＿＿＿＿＿＿＿＿＿
＿＿＿＿＿＿■■＿＿
＿＿＿＿□□□■■＿
＿＿□□□□□□□□
＿＿□□□□□□□□
＿＿□□□□□□□□
□＿□□□□□□□□
＿□□□□□□□□□
□□□□＿□□□□□
□□□□＿□□□□□
□□□□□□□□□＿
□□□□□□□＿□□
□□□□□□□＿□□
□＿□□□□□＿□□
□□□□□□＿□□□
＿□□□□□□＿□□
＿□□□□□□□□□
＿□□□□□□□□□
＿□□□□□□□□□
00:14:18(25750f):field(25749f)
＿＿＿＿＿＿＿＿＿＿
＿＿＿＿＿＿＿＿＿＿
＿＿＿＿＿＿◆◆＿＿
＿＿＿＿◆◆□□◆＿
＿＿◆◆□□□□□◆
＿■□□□□□□□□
＿■□□□□□□□□
◆■□□□□□□□□
＿□□□□□□□□□
□□□□＿□□□□□
□□□□＿□□□□□
□□□□□□□□□＿
□□□□□□□＿□□
□□□□□□□＿□□
□＿□□□□□＿□□
□□□□□□＿□□□
＿□□□□□□＿□□
＿□□□□□□□□□
＿□□□□□□□□□
＿□□□□□□□□□
00:14:18(25763f):field(25762f)
＿＿＿＿＿＿＿＿＿＿
＿＿＿＿＿＿＿＿＿＿
＿＿＿＿＿＿＿＿＿＿
＿＿＿＿＿＿◆◆＿＿
＿＿＿＿◆◆□◆◆＿
＿□□□□□□□◆◆
■□□◆□□□□□◆
■□□□□□□□□□
■□□□□□□□□□
□□□□＿□□□□□
□□□□＿□□□□□
□□□□□□□□□＿
□□□□□□□＿□□
□□□□□□□＿□□
□＿□□□□□＿□□
□□□□□□＿□□□
＿□□□□□□＿□□
＿□□□□□□□□□
＿□□□□□□□□□
＿□□□□□□□□□
00:14:19(25774f):field(25773f)
＿＿＿＿＿＿＿＿＿＿
＿＿＿＿＿＿＿＿＿＿
＿＿＿＿＿＿＿＿＿＿
＿＿＿＿＿＿＿＿＿＿
＿＿＿＿＿＿◆＿＿＿
＿◆□□◆◆□□＿＿
□□□■□□□□□＿
◆□□□□□□□□□
◆□□□□□□□□□
□□□□＿□□□□□
□□□□＿□□□□□
□□□□□□□□□＿
□□□□□□□＿□□
□□□□□□□＿□□
□＿□□□□□＿□□
□□□□□□＿□□□
＿□□□□□□＿□□
＿□□□□□□□□□
＿□□□□□□□□□
＿□□□□□□□□□
00:14:19(25786f):field(25785f)　×　５６７
＿＿＿＿＿＿＿＿＿＿
＿＿＿＿＿＿＿＿＿＿
＿＿＿＿＿＿＿＿＿＿
＿＿＿＿■＿＿＿＿＿
＿＿＿＿■■＿＿＿＿
＿＿□□＿■□□＿＿
□□□□□□□□□＿
＿□□□□□□□□□
＿□□□□□□□□□
□□□□＿□□□□□
□□□□＿□□□□□
□□□□□□□□□＿
□□□□□□□＿□□
□□□□□□□＿□□
□＿□□□□□＿□□
□□□□□□＿□□□
＿□□□□□□＿□□
＿□□□□□□□□□
＿□□□□□□□□□
＿□□□□□□□□□
00:14:20(25805f):field(25804f)　〇
＿＿＿＿＿＿＿＿＿＿
＿＿＿＿＿＿＿＿＿＿
＿＿＿＿＿＿＿＿＿＿
＿＿＿＿□■■＿＿＿
＿＿＿＿□□■■＿＿
＿＿□□＿□□□＿＿
□□□□□□□□□＿
＿□□□□□□□□□
＿□□□□□□□□□
□□□□＿□□□□□
□□□□＿□□□□□
□□□□□□□□□＿
□□□□□□□＿□□
□□□□□□□＿□□
□＿□□□□□＿□□
□□□□□□＿□□□
＿□□□□□□＿□□
＿□□□□□□□□□
＿□□□□□□□□□
＿□□□□□□□□□
00:14:20(25818f):field(25817f)
＿＿＿＿＿＿＿＿＿＿
＿＿＿＿＿＿＿＿＿＿
＿＿＿＿＿＿＿＿＿＿
＿＿＿＿◆◆◆＿＿＿
＿＿＿＿□□□◆＿＿
＿＿◆□■□□□＿■
◆□□□◆□□□□■
＿□□□□□□□□□
＿□□□□□□□□□
□□□□＿□□□□□
□□□□＿□□□□□
□□□□□□□□□＿
□□□□□□□＿□□
□□□□□□□＿□□
□＿□□□□□＿□□
□□□□□□＿□□□
＿□□□□□□＿□□
＿□□□□□□□□□
＿□□□□□□□□□
＿□□□□□□□□□
00:14:21(25830f):field(25829f)
＿＿＿＿＿＿＿＿＿＿
＿＿＿＿＿＿＿＿＿＿
＿＿＿＿＿＿＿＿＿＿
＿＿＿＿＿＿＿＿＿＿
＿＿＿＿◆◆◆＿＿＿
＿＿＿◆◆◆◆◆＿◆
■□◆◆■□□◆□◆
■□◆◆□□□□◆□
■◆□□□□□□□□
□□□□■□□□□□
□□□□＿□□□□□
□□□□□□□□□＿
□□□□□□□＿□□
□□□□□□□＿□□
□＿□□□□□＿□□
□□□□□□＿□□□
＿□□□□□□＿□□
＿□□□□□□□□□
＿□□□□□□□□□
＿□□□□□□□□□
00:14:21(25843f):field(25842f)
＿＿＿＿＿＿＿＿＿＿
＿＿＿＿＿＿＿＿＿＿
＿＿＿＿＿＿＿＿＿＿
＿＿＿＿＿＿＿＿＿＿
＿＿＿＿＿＿＿＿＿＿
＿＿＿＿＿＿＿＿＿＿
◆◆＿＿□□□＿◆＿
□□■■□□□□＿□
□■□□◆□□□□□
□□□□◆□□□□□
□□□□＿□□□□□
□□□□□□□□□＿
□□□□□□□＿□□
□□□□□□□＿□□
□＿□□□□□＿□□
□□□□□□＿□□□
＿□□□□□□＿□□
＿□□□□□□□□□
＿□□□□□□□□□
＿□□□□□□□□□
00:14:21(25855f):field(25854f)　×　３４
＿＿＿＿＿＿＿＿＿＿
＿＿＿＿＿＿＿＿＿＿
＿＿＿＿＿＿＿＿＿＿
＿＿＿＿＿＿＿＿＿＿
＿＿＿＿＿＿＿＿＿＿
■■＿＿＿＿＿＿＿＿
■■＿＿□□□＿＿＿
□□□□□□□□＿□
□□□□＿□□□□□
□□□□＿□□□□□
□□□□＿□□□□□
□□□□□□□□□＿
□□□□□□□＿□□
□□□□□□□＿□□
□＿□□□□□＿□□
□□□□□□＿□□□
＿□□□□□□＿□□
＿□□□□□□□□□
＿□□□□□□□□□
＿□□□□□□□□□
00:14:22(25869f):field(25868f)　〇
＿＿＿＿＿＿＿＿＿＿
＿＿＿＿＿＿＿＿＿＿
＿＿＿＿＿＿＿＿＿＿
＿＿＿＿＿＿＿＿＿＿
＿＿＿■＿＿＿＿＿＿
□□＿■＿＿＿＿＿＿
□□■■□□□＿＿＿
□□□□□□□□＿□
□□□□＿□□□□□
□□□□＿□□□□□
□□□□＿□□□□□
□□□□□□□□□＿
□□□□□□□＿□□
□□□□□□□＿□□
□＿□□□□□＿□□
□□□□□□＿□□□
＿□□□□□□＿□□
＿□□□□□□□□□
＿□□□□□□□□□
＿□□□□□□□□□
00:14:22(25881f):field(25880f)
＿＿＿＿＿＿＿＿＿＿
＿＿＿＿＿＿＿＿＿＿
＿＿＿＿＿＿＿＿＿＿
＿＿＿＿＿＿＿＿＿＿
＿＿＿◆＿＿＿＿＿＿
◆◆＿◆＿＿＿■＿＿
◆◆□□◆□□＿■＿
□□◆□◆◆◆□＿◆
□□□□＿□□□□□
□□□□＿□□□□□
□□□□＿□□□□□
□□□□□□□□□＿
□□□□□□□＿□□
□□□□□□□＿□□
□＿□□□□□＿□□
□□□□□□＿□□□
＿□□□□□□＿□□
＿□□□□□□□□□
＿□□□□□□□□□
＿□□□□□□□□□
00:14:23(25894f):field(25893f)
＿＿＿＿＿＿＿＿＿＿
＿＿＿＿＿＿＿＿＿＿
＿＿＿＿＿＿＿＿＿＿
＿＿＿＿＿＿＿＿＿＿
＿＿＿＿＿＿＿＿＿＿
＿＿＿＿＿＿＿◆＿＿
＿＿◆◆＿◆◆＿◆＿
◆◆■□＿＿＿◆＿＿
□□□◆■◆◆◆◆◆
◆□□□＿□◆□◆□
□□□□■□□□◆◆
□□□□□□□□□■
□□□□□□□＿□□
□□□□□□□＿□□
□＿□□□□□＿□□
□□□□□□＿□□□
＿□□□□□□＿□□
＿□□□□□□□□□
＿□□□□□□□□□
＿□□□□□□□□□
00:14:23(25905f):field(25904f)
＿＿＿＿＿＿＿＿＿＿
＿＿＿＿＿＿＿＿＿＿
＿＿＿＿＿＿＿＿＿＿
＿＿＿＿＿＿＿＿＿＿
＿＿＿＿＿＿＿＿＿＿
＿＿＿＿＿＿＿＿＿＿
＿＿＿＿＿＿＿＿＿＿
＿＿◆◆＿＿＿＿＿＿
◆◆◆＿□＿＿＿＿＿
＿◆◆□■□＿◆＿◆
□□◆□□□◆◆＿＿
□□□□□□□□□◆
□□□□□□□＿□□
□□□□□□□＿□□
□＿□□□□□＿□□
□□□□□□＿□□□
＿□□□□□□＿□□
＿□□□□□□□□□
＿□□□□□□□□□
＿□□□□□□□□□
00:14:23(25916f):field(25915f)　〇
＿＿＿＿＿＿＿＿＿＿
＿＿＿＿＿＿＿＿＿＿
＿＿＿＿＿＿＿＿＿＿
＿＿＿＿＿＿＿＿＿＿
＿＿＿＿＿＿＿＿＿＿
＿＿＿＿＿＿＿＿＿＿
＿＿＿＿■＿＿＿＿＿
＿＿＿■■＿＿＿＿＿
＿＿＿■□＿＿＿＿＿
＿＿＿□□□＿＿＿＿
□□＿□□□＿＿＿＿
□□□□□□□□□＿
□□□□□□□＿□□
□□□□□□□＿□□
□＿□□□□□＿□□
□□□□□□＿□□□
＿□□□□□□＿□□
＿□□□□□□□□□
＿□□□□□□□□□
＿□□□□□□□□□
00:14:24(25932f):field(25931f)　〇
＿＿＿＿＿＿＿＿＿＿
＿＿＿＿＿＿＿＿＿＿
＿＿＿＿＿＿＿＿＿＿
＿＿＿＿＿＿＿＿＿＿
＿＿＿＿＿＿＿＿＿＿
＿＿＿＿＿＿＿＿＿＿
＿＿＿＿□＿＿＿＿＿
＿＿＿□□＿＿＿＿＿
＿＿＿□□＿＿＿＿＿
■■■□□□＿＿＿＿
□□■□□□＿＿＿＿
□□□□□□□□□＿
□□□□□□□＿□□
□□□□□□□＿□□
□＿□□□□□＿□□
□□□□□□＿□□□
＿□□□□□□＿□□
＿□□□□□□□□□
＿□□□□□□□□□
＿□□□□□□□□□
00:14:24(25949f):field(25948f)
＿＿＿＿＿＿＿＿＿＿
＿＿＿＿＿＿＿＿＿＿
＿＿＿＿＿＿＿＿＿＿
＿＿＿＿＿＿＿＿＿＿
＿＿＿＿＿＿＿＿＿＿
＿＿＿＿＿＿＿＿＿＿
＿＿＿＿◆＿＿＿＿＿
＿＿＿◆□＿＿＿＿＿
＿＿＿□□＿＿＿＿＿
◆◆◆□□◆＿＿＿＿
□□□□□□■＿■■
□□□□□□◆□◆■
□□□□□□□＿□□
□□□□□□□＿□□
□＿□□□□□＿□□
□□□□□□＿□□□
＿□□□□□□＿□□
＿□□□□□□□□□
＿□□□□□□□□□
＿□□□□□□□□□
00:14:25(25960f):field(25959f)
＿＿＿＿＿＿＿＿＿＿
＿＿＿＿＿＿＿＿＿＿
＿＿＿＿＿＿＿＿＿＿
＿＿＿＿＿＿＿＿＿＿
＿＿＿＿＿＿＿＿＿＿
＿＿＿＿■＿＿＿＿＿
＿＿＿■■＿＿＿＿＿
＿＿＿■□＿＿＿＿＿
＿＿＿□□＿＿＿＿＿
＿＿＿□□＿＿＿＿＿
□□□□□□◆＿□□
□□□□□□＿◆＿□
□□□□□□□＿□□
□□□□□□□＿□□
□＿□□□□□＿□□
□□□□□□＿□□□
＿□□□□□□＿□□
＿□□□□□□□□□
＿□□□□□□□□□
＿□□□□□□□□□
00:14:25(25973f):field(25972f)
＿＿＿＿＿＿＿＿＿＿
＿＿＿＿＿＿＿＿＿＿
＿＿＿＿＿＿＿＿＿＿
＿＿＿＿＿＿＿＿＿＿
＿＿＿＿＿＿＿＿＿＿
＿＿＿＿◆＿＿＿＿＿
＿＿＿◆◆＿＿＿＿＿
＿＿＿◆□＿＿＿＿＿
＿＿＿□□＿＿＿＿＿
＿＿＿□□＿＿＿＿＿
□◆◆□□◆＿＿◆◆
◆◆◆□□□＿＿＿□
□□□□□□□＿□□
□□□□□□□＿□□
□■□□□□□■□□
□□□□□□＿□□□
＿□□□□□□＿□□
＿□□□□□□□□□
＿□□□□□□□□□
＿□□□□□□□□□
00:14:26(25998f):field(25997f)
＿＿＿＿＿＿＿＿＿＿
＿＿＿＿＿＿＿＿＿＿
＿＿＿＿＿＿＿＿＿＿
＿＿＿＿＿＿＿＿＿＿
＿＿＿＿＿＿＿＿＿＿
＿＿＿＿＿＿＿＿＿＿
＿＿＿＿＿＿＿＿＿＿
＿＿＿＿◆＿＿＿＿＿
＿＿＿◆◆＿＿＿＿＿
＿＿＿◆□＿＿＿＿＿
◆＿＿□□＿＿＿＿＿
＿＿＿□□◆＿＿＿◆
◆◆◆□□◆□■◆◆
◆◆◆□□◆□■◆◆
□◆□□□□□□□□
□□□□□□＿□□□
＿□□□□□□＿□□
＿□□□□□□□□□
＿□□□□□□□□□
＿□□□□□□□□□
00:14:27(26022f):field(26021f)　？　掘るためか
＿＿＿＿＿＿＿＿＿＿
＿＿＿＿＿＿＿＿＿＿
＿＿＿＿＿＿＿＿＿＿
＿＿＿＿＿＿＿＿＿＿
＿＿＿＿＿＿＿＿＿＿
＿＿＿＿＿＿＿＿＿＿
＿＿＿＿＿＿＿＿＿＿
＿＿＿＿＿＿＿＿＿＿
＿＿＿＿＿＿＿＿＿＿
＿＿＿＿□＿＿＿＿＿
＿＿＿□□＿＿＿＿＿
＿＿＿□□＿＿＿■■
＿＿＿□□＿□□■＿
＿＿＿□□＿□□■＿
□＿□□□□□□□□
□□□□□□＿□□□
＿□□□□□□＿□□
＿□□□□□□□□□
＿□□□□□□□□□
＿□□□□□□□□□
00:14:27(26035f):field(26034f)　？　掘るためか
＿＿＿＿＿＿＿＿＿＿
＿＿＿＿＿＿＿＿＿＿
＿＿＿＿＿＿＿＿＿＿
＿＿＿＿＿＿＿＿＿＿
＿＿＿＿＿＿＿＿＿＿
＿＿＿＿＿＿＿＿＿＿
＿＿＿＿＿＿＿＿＿＿
＿＿＿＿＿＿＿＿＿＿
＿＿＿＿＿＿＿＿＿＿
＿＿＿＿□＿■＿＿＿
＿＿＿□□＿■＿＿＿
＿＿＿□□＿■■□□
＿＿＿□□＿□□□＿
＿＿＿□□＿□□□＿
□＿□□□□□□□□
□□□□□□＿□□□
＿□□□□□□＿□□
＿□□□□□□□□□
＿□□□□□□□□□
＿□□□□□□□□□
00:14:28(26048f):field(26047f)
＿＿＿＿＿＿＿＿＿＿
＿＿＿＿＿＿＿＿＿＿
＿＿＿＿＿＿＿＿＿＿
＿＿＿＿＿＿＿＿＿＿
＿＿＿＿＿＿＿＿＿＿
＿＿＿＿＿＿＿＿＿＿
＿＿＿＿＿＿＿＿＿＿
＿＿＿＿＿＿＿＿＿＿
＿＿＿＿＿＿＿＿＿＿
＿＿＿＿◆＿◆＿＿＿
＿＿＿◆□＿□＿＿＿
＿＿＿□□＿□◆◆◆
＿＿＿□□＿□□□■
■＿＿□□■□□□＿
□■□□□◆□□□◆
□□□□□□＿□□□
＿□□□□□□■□□
＿□□□□□□□□□
＿□□□□□□□□□
＿□□□□□□□□□
00:14:28(26059f):field(26058f)
＿＿＿＿＿＿＿＿＿＿
＿＿＿＿＿＿＿＿＿＿
＿＿＿＿＿＿＿＿＿＿
＿＿＿＿＿＿＿＿＿＿
＿＿＿＿＿＿＿＿＿＿
＿＿＿＿＿＿＿＿＿＿
＿＿＿＿＿＿＿＿＿＿
＿＿＿＿＿＿＿＿＿＿
＿＿＿＿■＿＿＿＿＿
＿＿＿■■＿＿＿＿＿
＿＿＿■□＿□＿＿＿
＿＿＿□□＿□＿＿＿
＿＿＿□□＿□□□□
◆＿＿□□◆□□□＿
□□□□□＿□□□＿
□□□□□□＿□□□
＿□□□□□□◆□□
＿□□□□□□□□□
＿□□□□□□□□□
＿□□□□□□□□□
00:14:29(26073f):field(26072f)　×　２３
＿＿＿＿＿＿＿＿＿＿
＿＿＿＿＿＿＿＿＿＿
＿＿＿＿＿＿＿＿＿＿
＿＿＿＿＿＿＿＿＿＿
＿＿＿＿＿＿＿＿＿＿
＿＿＿＿＿＿＿＿＿＿
＿＿＿＿＿＿＿＿＿＿
＿＿＿＿＿＿＿＿＿＿
＿＿＿＿□＿＿＿＿＿
＿＿＿□□＿＿＿＿＿
＿＿＿□□＿□＿＿＿
＿＿＿□□＿□＿＿＿
■■＿□□＿□□□□
■■＿□□＿□□□＿
□□□□□＿□□□＿
□□□□□□＿□□□
＿□□□□□□＿□□
＿□□□□□□□□□
＿□□□□□□□□□
＿□□□□□□□□□
00:14:29(26085f):field(26084f)　〇
＿＿＿＿＿＿＿＿＿＿
＿＿＿＿＿＿＿＿＿＿
＿＿＿＿＿＿＿＿＿＿
＿＿＿＿＿＿＿＿＿＿
＿＿＿＿＿＿＿＿＿＿
＿＿＿＿＿＿＿＿＿＿
＿＿＿＿＿＿＿＿＿＿
＿＿＿＿＿＿＿＿＿＿
＿＿＿＿□＿＿＿＿＿
＿＿＿□□＿＿＿＿＿
＿＿＿□□＿□＿＿＿
＿＿＿□□■□＿＿＿
□□＿□□■□□□□
□□＿□□■□□□＿
□□□□□■□□□＿
□□□□□□＿□□□
＿□□□□□□＿□□
＿□□□□□□□□□
＿□□□□□□□□□
＿□□□□□□□□□
00:14:29(26098f):field(26097f)
＿＿＿＿＿＿＿＿＿＿
＿＿＿＿＿＿＿＿＿＿
＿＿＿＿＿＿＿＿＿＿
＿＿＿＿＿＿＿＿＿＿
＿＿＿＿＿＿＿＿＿＿
＿＿＿＿＿＿＿＿＿＿
＿＿＿＿＿＿＿＿＿＿
＿＿＿＿＿＿＿＿＿＿
＿＿＿＿◆＿＿＿＿＿
＿＿＿◆□＿＿＿＿＿
＿＿＿□□＿◆＿＿＿
＿＿＿□□◆□■＿＿
◆□■□□□□◆□◆
□□■□□□□□□■
□□□□□□□□□＿
□□□□□□＿□□□
＿□□□□□□＿□□
＿□□□□□□□□□
＿□□□□□□□□□
＿□□□□□□□□□
00:14:30(26109f):field(26108f)
＿＿＿＿＿＿＿＿＿＿
＿＿＿＿＿＿＿＿＿＿
＿＿＿＿＿＿＿＿＿＿
＿＿＿＿＿＿＿＿＿＿
＿＿＿＿＿＿＿＿＿＿
＿＿＿＿＿＿＿＿＿＿
＿＿＿＿＿＿＿＿＿＿
＿＿＿＿＿＿＿＿＿＿
＿＿＿＿＿＿＿＿＿＿
＿＿＿＿□■＿＿＿＿
＿＿＿□□■■＿＿＿
＿＿＿□□■□◆＿＿
＿□□□□□□＿◆＿
□□□□□□□□□◆
□□□□□□□□□＿
□□□□□□＿□□□
＿□□□□□□＿□□
＿□□□□□□□□□
＿□□□□□□□□□
＿□□□□□□□□□
00:14:30(26120f):field(26119f)　？　２立てじゃないのは掘るためか
＿＿＿＿＿＿＿＿＿＿
＿＿＿＿＿＿＿＿＿＿
＿＿＿＿＿＿＿＿＿＿
＿＿＿＿＿＿＿＿＿＿
＿＿＿＿＿＿＿＿＿＿
＿＿＿＿＿＿＿＿＿＿
＿＿＿＿＿＿＿＿＿＿
＿＿＿＿■＿＿＿＿＿
＿＿＿■■＿＿＿＿＿
＿＿＿■□□＿＿＿＿
＿＿＿□□□□＿＿＿
＿＿＿□□□□＿＿＿
＿□□□□□□＿＿＿
□□□□□□□□□＿
□□□□□□□□□＿
□□□□□□＿□□□
＿□□□□□□＿□□
＿□□□□□□□□□
＿□□□□□□□□□
＿□□□□□□□□□
00:14:31(26134f):field(26133f)
＿＿＿＿＿＿＿＿＿＿
＿＿＿＿＿＿＿＿＿＿
＿＿＿＿＿＿＿＿＿＿
＿＿＿＿＿＿＿＿＿＿
＿＿＿＿＿＿＿＿＿＿
＿＿＿＿＿＿＿＿＿＿
＿＿＿＿＿＿＿＿＿＿
＿＿＿＿◆＿＿＿＿＿
＿＿＿◆□＿＿＿＿＿
＿＿＿□□◆＿＿＿＿
＿＿＿□□□◆＿＿＿
＿＿＿□□□□＿＿＿
＿◆◆□□□□＿■＿
◆□□□□□□□□■
□□□□□□□□□＿
□□□□□□＿□□□
＿□□□□□□＿□□
＿□□□□□□□□□
＿□□□□□□□□□
＿□□□□□□□□□
00:14:31(26147f):field(26146f)
＿＿＿＿＿＿＿＿＿＿
＿＿＿＿＿＿＿＿＿＿
＿＿＿＿＿＿＿＿＿＿
＿＿＿＿＿＿＿＿＿＿
＿＿＿＿＿＿＿＿＿＿
＿＿＿＿＿＿＿＿＿＿
＿＿＿＿＿＿＿＿＿＿
＿＿＿＿＿＿＿＿＿＿
＿＿＿＿◆＿＿＿＿＿
＿＿＿◆□＿＿＿＿＿
＿＿＿□□◆＿＿＿＿
■＿＿□□□◆＿＿＿
■＿＿□□□□＿◆＿
■◆◆□□□□□◆◆
□□□□□□□□□＿
□□□□□□＿□□□
＿□□□□□□＿□□
＿□□□□□□□□□
＿□□□□□□□□□
＿□□□□□□□□□
00:14:31(26159f):field(26158f)
＿＿＿＿＿＿＿＿＿＿
＿＿＿＿＿＿＿＿＿＿
＿＿＿＿＿＿＿＿＿＿
＿＿＿＿＿＿＿＿＿＿
＿＿＿＿＿＿＿＿＿＿
＿＿＿＿＿＿＿＿＿＿
＿＿＿＿＿＿＿＿＿＿
＿＿＿＿＿＿＿＿＿＿
＿＿＿＿＿＿＿＿＿＿
＿＿＿＿□＿＿＿＿＿
＿＿＿□□＿＿＿＿＿
□■＿□□□＿＿＿＿
□■＿□□□□＿＿＿
□■■□□□□◆＿＿
□□□□□□□□□＿
□□□□□□＿□□□
＿□□□□□□＿□□
＿□□□□□□□□□
＿□□□□□□□□□
＿□□□□□□□□□
00:14:32(26171f):field(26170f)
＿＿＿＿＿＿＿＿＿＿
＿＿＿＿＿＿＿＿＿＿
＿＿＿＿＿＿＿＿＿＿
＿＿＿＿＿＿＿＿＿＿
＿＿＿＿＿＿＿＿＿＿
＿＿＿＿＿＿＿＿＿＿
＿＿＿＿＿＿＿＿＿＿
＿＿＿＿＿＿＿＿＿＿
＿＿＿＿＿＿＿＿＿＿
＿＿＿＿◆＿＿＿＿＿
＿＿＿◆□＿＿＿＿＿
◆◆＿□□◆＿＿＿＿
□□＿□□□◆＿＿＿
□□◆□□□□■＿■
□□□□□□□◆□■
□□□□□□＿□□□
＿□□□□□□＿□□
＿□□□□□□□□□
＿□□□□□□□□□
＿□□□□□□□□□
00:14:33(26200f):field(26199f)
＿＿＿＿＿＿＿＿＿＿
＿＿＿＿＿＿＿＿＿＿
＿＿＿＿＿＿＿＿＿＿
＿＿＿＿＿＿＿＿＿＿
＿＿＿＿＿＿＿＿＿＿
＿＿＿＿＿＿＿＿＿＿
＿＿＿＿＿＿＿＿＿＿
＿＿＿＿＿＿＿＿＿＿
＿＿＿＿＿＿＿＿＿＿
＿＿＿＿＿＿＿＿＿＿
＿＿＿＿◆＿＿＿＿＿
■■＿◆□＿＿＿＿＿
□□＿□□◆＿＿＿＿
□□＿□□□◆□■◆
□□◆□□□□■□□
□□□□□□＿□□□
■□□□□□□■□□
＿□□□□□□□□□
＿□□□□□□□□□
＿□□□□□□□□□
00:14:33(26214f):field(26213f)
＿＿＿＿＿＿＿＿＿＿
＿＿＿＿＿＿＿＿＿＿
＿＿＿＿＿＿＿＿＿＿
＿＿＿＿＿＿＿＿＿＿
＿＿＿＿＿＿＿＿＿＿
＿＿＿＿＿＿＿＿＿＿
＿＿＿＿＿＿＿＿＿＿
＿＿＿＿＿＿＿＿＿＿
＿＿＿＿＿＿＿＿＿＿
＿＿＿＿＿＿＿＿＿＿
＿＿＿＿＿＿＿＿＿＿
□□＿＿□＿＿＿＿＿
□□＿□□＿＿■■■
□□＿□□□＿□□■
□□＿□□□□□◆□
□□□□□□＿□□□
◆□□□□□□◆□□
＿□□□□□□□□□
＿□□□□□□□□□
＿□□□□□□□□□
00:14:34(26225f):field(26224f)　〇
＿＿＿＿＿＿＿＿＿＿
＿＿＿＿＿＿＿＿＿＿
＿＿＿＿＿＿＿＿＿＿
＿＿＿＿＿＿＿＿＿＿
＿＿＿＿＿＿＿＿＿＿
＿＿＿＿＿＿＿＿＿＿
＿＿＿＿＿＿＿＿＿＿
＿＿＿＿＿＿＿＿＿＿
＿＿＿＿＿＿＿＿＿＿
＿＿＿＿■＿＿＿＿＿
＿＿＿■■＿＿＿＿＿
□□＿■□＿＿＿＿＿
□□＿□□＿＿□□□
□□＿□□□＿□□□
□□＿□□□□□＿□
□□□□□□＿□□□
＿□□□□□□＿□□
＿□□□□□□□□□
＿□□□□□□□□□
＿□□□□□□□□□
00:14:34(26239f):field(26238f)　〇
＿＿＿＿＿＿＿＿＿＿
＿＿＿＿＿＿＿＿＿＿
＿＿＿＿＿＿＿＿＿＿
＿＿＿＿＿＿＿＿＿＿
＿＿＿＿＿＿＿＿＿＿
＿＿＿＿＿＿＿＿＿＿
＿＿＿＿＿＿＿＿＿＿
＿＿＿＿＿＿＿＿＿＿
＿＿＿＿＿＿＿＿＿＿
＿＿＿＿□＿＿＿＿＿
＿＿＿□□＿＿＿＿＿
□□＿□□＿■＿＿＿
□□＿□□■■□□□
□□＿□□□■□□□
□□＿□□□□□＿□
□□□□□□＿□□□
＿□□□□□□＿□□
＿□□□□□□□□□
＿□□□□□□□□□
＿□□□□□□□□□
00:14:35(26251f):field(26250f)　〇
＿＿＿＿＿＿＿＿＿＿
＿＿＿＿＿＿＿＿＿＿
＿＿＿＿＿＿＿＿＿＿
＿＿＿＿＿＿＿＿＿＿
＿＿＿＿＿＿＿＿＿＿
＿＿＿＿＿＿＿＿＿＿
＿＿＿＿＿＿＿＿＿＿
＿＿＿＿＿＿＿＿＿＿
＿＿＿＿＿＿＿＿＿＿
＿＿＿＿□＿＿＿＿＿
＿＿＿□□＿＿＿＿■
□□＿□□＿□■■■
□□＿□□□□□□□
□□＿□□□□□□□
□□＿□□□□□＿□
□□□□□□＿□□□
＿□□□□□□＿□□
＿□□□□□□□□□
＿□□□□□□□□□
＿□□□□□□□□□
00:14:35(26264f):field(26263f)　〇
＿＿＿＿＿＿＿＿＿＿
＿＿＿＿＿＿＿＿＿＿
＿＿＿＿＿＿＿＿＿＿
＿＿＿＿＿＿＿＿＿＿
＿＿＿＿＿＿＿＿＿＿
＿＿＿＿＿＿＿＿＿＿
＿＿＿＿＿＿＿＿＿＿
＿＿＿＿＿＿＿＿＿＿
＿＿＿＿＿＿＿＿＿＿
＿＿＿＿□＿＿＿■■
＿＿＿□□＿＿■■□
□□＿□□＿□□□□
□□＿□□□□□□□
□□＿□□□□□□□
□□＿□□□□□＿□
□□□□□□＿□□□
＿□□□□□□＿□□
＿□□□□□□□□□
＿□□□□□□□□□
＿□□□□□□□□□
00:14:35(26276f):field(26275f)　〇
＿＿＿＿＿＿＿＿＿＿
＿＿＿＿＿＿＿＿＿＿
＿＿＿＿＿＿＿＿＿＿
＿＿＿＿＿＿＿＿＿＿
＿＿＿＿＿＿＿＿＿＿
＿＿＿＿＿＿＿＿＿＿
＿＿＿＿＿＿＿＿＿＿
＿＿＿＿＿＿＿＿＿＿
＿＿＿＿＿＿＿＿＿＿
■■＿＿□＿＿＿□□
■■＿□□＿＿□□□
□□＿□□＿□□□□
□□＿□□□□□□□
□□＿□□□□□□□
□□＿□□□□□＿□
□□□□□□＿□□□
＿□□□□□□＿□□
＿□□□□□□□□□
＿□□□□□□□□□
＿□□□□□□□□□
00:14:36(26295f):field(26294f)　〇　どこを掘るか定めてる
＿＿＿＿＿＿＿＿＿＿
＿＿＿＿＿＿＿＿＿＿
＿＿＿＿＿＿＿＿＿＿
＿＿＿＿＿＿＿＿＿＿
＿＿＿＿＿＿＿＿＿＿
＿＿＿＿＿＿＿＿＿＿
＿＿＿＿＿＿＿＿＿＿
＿＿＿＿＿＿＿＿＿＿
＿＿＿＿＿＿＿＿＿＿
□□＿＿□■■＿□□
□□＿□□■＿□□□
□□＿□□■□□□□
□□＿□□□□□□□
□□＿□□□□□□□
□□＿□□□□□＿□
□□□□□□＿□□□
＿□□□□□□＿□□
＿□□□□□□□□□
＿□□□□□□□□□
＿□□□□□□□□□
00:14:36(26307f):field(26306f)　〇
＿＿＿＿＿＿＿＿＿＿
＿＿＿＿＿＿＿＿＿＿
＿＿＿＿＿＿＿＿＿＿
＿＿＿＿＿＿＿＿＿＿
＿＿＿＿＿＿＿＿＿＿
＿＿＿＿＿＿＿＿＿＿
＿＿＿＿＿＿＿＿＿＿
＿＿＿＿■＿＿＿＿＿
＿＿＿■■＿＿＿＿＿
□□＿■□□□＿□□
□□＿□□□＿□□□
□□＿□□□□□□□
□□＿□□□□□□□
□□＿□□□□□□□
□□＿□□□□□＿□
□□□□□□＿□□□
＿□□□□□□＿□□
＿□□□□□□□□□
＿□□□□□□□□□
＿□□□□□□□□□
00:14:37(26323f):field(26322f)
＿＿＿＿＿＿＿＿＿＿
＿＿＿＿＿＿＿＿＿＿
＿＿＿＿＿＿＿＿＿＿
＿＿＿＿＿＿＿＿＿＿
＿＿＿＿＿＿＿＿＿＿
＿＿＿＿＿＿＿＿＿＿
＿＿＿＿＿＿＿＿＿＿
＿＿＿＿◆＿＿＿＿＿
＿＿＿◆◆＿＿＿＿＿
◆◆＿◆◆◆◆＿◆◆
□◆■◆□◆＿◆◆◆
◆◆＿□□□◆□◆◆
□□＿□□□□□□□
□□＿□□□□□□□
□□■□□□□□■□
□□□□□□＿□□□
＿□□□□□□＿□□
＿□□□□□□□□□
＿□□□□□□□□□
＿□□□□□□□□□
00:14:37(26339f):field(26338f)
＿＿＿＿＿＿＿＿＿＿
＿＿＿＿＿＿＿＿＿＿
＿＿＿＿＿＿＿＿＿＿
＿＿＿＿＿＿＿＿＿＿
＿＿＿＿＿＿＿＿＿＿
＿＿＿＿＿＿＿＿＿＿
＿＿＿＿＿＿＿＿＿＿
＿＿＿＿＿＿＿＿＿＿
＿＿＿＿＿＿＿＿＿＿
＿＿＿＿＿＿＿＿＿＿
◆＿◆＿□＿＿■＿＿
＿＿＿□□◆＿□■＿
□□＿□□□□□□□
□□＿□□□◆□□□
□□□□□□□□◆□
□□□□□□＿□□□
＿□□□□□□＿□□
＿□□□□□□□□□
＿□□□□□□□□□
＿□□□□□□□□□
00:14:38(26353f):field(26352f)　〇
＿＿＿＿＿＿＿＿＿＿
＿＿＿＿＿＿＿＿＿＿
＿＿＿＿＿＿＿＿＿＿
＿＿＿＿＿＿＿＿＿＿
＿＿＿＿＿＿＿＿＿＿
＿＿＿＿＿＿＿＿＿＿
＿＿＿＿＿＿＿＿＿＿
＿＿＿＿＿＿＿＿＿＿
＿＿＿＿＿＿＿＿＿＿
＿＿＿＿＿■＿＿＿＿
＿＿＿＿□■■□＿＿
＿＿＿□□＿■□□＿
□□＿□□□□□□□
□□＿□□□＿□□□
□□□□□□□□＿□
□□□□□□＿□□□
＿□□□□□□＿□□
＿□□□□□□□□□
＿□□□□□□□□□
＿□□□□□□□□□
00:14:38(26364f):field(26363f)
＿＿＿＿＿＿＿＿＿＿
＿＿＿＿＿＿＿＿＿＿
＿＿＿＿＿＿＿＿＿＿
＿＿＿＿＿＿＿＿＿＿
＿＿＿＿＿＿＿＿＿＿
＿＿＿＿＿＿＿＿＿＿
＿＿＿＿＿＿＿＿＿＿
＿＿＿＿＿＿＿＿＿＿
＿＿＿＿＿＿＿＿＿＿
＿＿＿＿＿◆＿＿＿＿
＿＿＿＿◆□◆◆＿＿
＿■＿◆□■□□◆■
◆□■□□◆□□□◆
□□■□□□＿□□□
□□□□□□□□＿□
□□□□□□＿□□□
＿□□□□□□＿□□
＿□□□□□□□□□
＿□□□□□□□□□
＿□□□□□□□□□
00:14:39(26376f):field(26375f)
＿＿＿＿＿＿＿＿＿＿
＿＿＿＿＿＿＿＿＿＿
＿＿＿＿＿＿＿＿＿＿
＿＿＿＿＿＿＿＿＿＿
＿＿＿＿＿＿＿＿＿＿
＿＿＿＿＿＿＿＿＿＿
＿＿＿＿＿＿＿＿＿＿
＿＿＿＿＿＿＿＿＿＿
＿＿＿＿＿＿＿＿＿＿
＿＿＿■＿＿＿＿＿＿
＿＿＿■＿□＿＿＿＿
＿◆■■□□□□＿◆
＿□□□□＿□□□＿
□□□□□□＿□□□
□□□□□□□□＿□
□□□□□□＿□□□
＿□□□□□□＿□□
＿□□□□□□□□□
＿□□□□□□□□□
＿□□□□□□□□□
00:14:39(26393f):field(26392f)　〇
＿＿＿＿＿＿＿＿＿＿
＿＿＿＿＿＿＿＿＿＿
＿＿＿＿＿＿＿＿＿＿
＿＿＿＿＿＿＿＿＿＿
＿＿＿＿＿＿＿＿＿＿
＿＿＿＿＿＿＿＿＿＿
＿＿＿＿＿＿＿＿＿＿
＿＿＿＿＿＿＿＿＿＿
＿＿＿＿＿＿＿＿＿＿
＿＿＿□＿＿■■＿＿
＿＿＿□＿□■■＿＿
＿＿□□□□□□＿＿
＿□□□□＿□□□＿
□□□□□□＿□□□
□□□□□□□□＿□
□□□□□□＿□□□
＿□□□□□□＿□□
＿□□□□□□□□□
＿□□□□□□□□□
＿□□□□□□□□□
00:14:40(26403f):field(26402f)　〇　ただ、むずい操作ができるなら１立てか
＿＿＿＿＿＿＿＿＿＿
＿＿＿＿＿＿＿＿＿＿
＿＿＿＿＿＿＿＿＿＿
＿＿＿＿＿＿＿＿＿＿
＿＿＿＿＿＿＿＿＿＿
＿＿＿＿＿＿＿＿＿＿
＿＿＿＿＿＿＿＿＿＿
＿＿＿＿＿＿＿＿＿＿
＿＿＿＿■＿＿＿＿＿
＿＿＿□■■□□＿＿
＿＿＿□■□□□＿＿
＿＿□□□□□□＿＿
＿□□□□＿□□□＿
□□□□□□＿□□□
□□□□□□□□＿□
□□□□□□＿□□□
＿□□□□□□＿□□
＿□□□□□□□□□
＿□□□□□□□□□
＿□□□□□□□□□
00:14:40(26418f):field(26417f)　？　掘るためか
＿＿＿＿＿＿＿＿＿＿
＿＿＿＿＿＿＿＿＿＿
＿＿＿＿＿＿＿＿＿＿
＿＿＿＿＿＿＿＿＿＿
＿＿＿＿＿＿＿＿＿＿
＿＿＿＿＿＿＿＿＿＿
＿＿＿＿＿＿＿＿＿＿
＿＿＿＿＿＿＿＿＿＿
＿＿＿＿□＿＿＿＿＿
＿＿＿□□□□□＿■
＿＿＿□□□□□＿■
＿＿□□□□□□＿■
＿□□□□＿□□□■
□□□□□□＿□□□
□□□□□□□□＿□
□□□□□□＿□□□
＿□□□□□□＿□□
＿□□□□□□□□□
＿□□□□□□□□□
＿□□□□□□□□□
00:14:41(26432f):field(26431f)　？　今までの掘り理由に反する気が。５６７寝かせかと
＿＿＿＿＿＿＿＿＿＿
＿＿＿＿＿＿＿＿＿＿
＿＿＿＿＿＿＿＿＿＿
＿＿＿＿＿＿＿＿＿＿
＿＿＿＿＿＿＿＿＿＿
＿＿＿＿＿＿＿＿＿＿
＿＿＿＿＿＿＿＿＿＿
＿＿＿＿＿＿＿＿＿＿
＿＿＿＿□＿＿＿＿＿
＿＿＿□□□□□＿□
＿■＿□□□□□＿□
■■□□□□□□＿□
■□□□□＿□□□□
□□□□□□＿□□□
□□□□□□□□＿□
□□□□□□＿□□□
＿□□□□□□＿□□
＿□□□□□□□□□
＿□□□□□□□□□
＿□□□□□□□□□
00:14:41(26443f):field(26442f)　〇
＿＿＿＿＿＿＿＿＿＿
＿＿＿＿＿＿＿＿＿＿
＿＿＿＿＿＿＿＿＿＿
＿＿＿＿＿＿＿＿＿＿
＿＿＿＿＿＿＿＿＿＿
＿＿＿＿＿＿＿＿＿＿
＿＿＿＿＿＿＿＿＿＿
＿＿＿＿＿＿＿■＿＿
＿＿＿＿□■■■＿＿
＿＿＿□□□□□＿□
＿□＿□□□□□＿□
□□□□□□□□＿□
□□□□□＿□□□□
□□□□□□＿□□□
□□□□□□□□＿□
□□□□□□＿□□□
＿□□□□□□＿□□
＿□□□□□□□□□
＿□□□□□□□□□
＿□□□□□□□□□
00:14:41(26456f):field(26455f)　〇
＿＿＿＿＿＿＿＿＿＿
＿＿＿＿＿＿＿＿＿＿
＿＿＿＿＿＿＿＿＿＿
＿＿＿＿＿＿＿＿＿＿
＿＿＿＿＿＿＿＿＿＿
＿＿＿＿＿＿＿＿＿＿
＿＿＿＿＿■■＿＿＿
＿＿＿＿＿■■□＿＿
＿＿＿＿□□□□＿＿
＿＿＿□□□□□＿□
＿□＿□□□□□＿□
□□□□□□□□＿□
□□□□□＿□□□□
□□□□□□＿□□□
□□□□□□□□＿□
□□□□□□＿□□□
＿□□□□□□＿□□
＿□□□□□□□□□
＿□□□□□□□□□
＿□□□□□□□□□
00:14:42(26467f):field(26466f)　〇
＿＿＿＿＿＿＿＿＿＿
＿＿＿＿＿＿＿＿＿＿
＿＿＿＿＿＿＿＿＿＿
＿＿＿＿＿＿＿＿＿＿
＿＿＿＿＿＿＿＿＿＿
＿＿＿＿＿＿＿＿＿＿
＿＿＿＿＿□□＿＿＿
＿＿＿＿＿□□□＿＿
＿＿■■□□□□＿＿
＿＿■□□□□□＿□
＿□■□□□□□＿□
□□□□□□□□＿□
□□□□□＿□□□□
□□□□□□＿□□□
□□□□□□□□＿□
□□□□□□＿□□□
＿□□□□□□＿□□
＿□□□□□□□□□
＿□□□□□□□□□
＿□□□□□□□□□
00:14:42(26481f):field(26480f)
＿＿＿＿＿＿＿＿＿＿
＿＿＿＿＿＿＿＿＿＿
＿＿＿＿＿＿＿＿＿＿
＿＿＿＿＿＿＿＿＿＿
＿＿＿＿＿＿＿＿＿＿
＿＿＿＿＿＿＿＿＿＿
＿＿＿＿＿◆◆＿＿＿
＿＿＿＿＿□□◆＿＿
＿＿◆◆◆□□□＿＿
＿＿□□□□□□■◆
■◆□□□□□□■□
◆□□□□□□□■□
□□□□□＿□□□□
□□□□□□＿□□□
□□□□□□□□＿□
□□□□□□＿□□□
＿□□□□□□＿□□
＿□□□□□□□□□
＿□□□□□□□□□
＿□□□□□□□□□
00:14:43(26493f):field(26492f)
＿＿＿＿＿＿＿＿＿＿
＿＿＿＿＿＿＿＿＿＿
＿＿＿＿＿＿＿＿＿＿
＿＿＿＿＿＿＿＿＿＿
＿＿＿＿＿＿＿＿＿＿
＿＿＿＿＿＿＿＿＿＿
＿＿＿＿＿＿＿＿＿＿
＿＿＿＿＿◆◆＿＿＿
＿＿＿＿＿◆◆◆＿＿
＿＿◆□◆□□◆◆＿
□■□◆□□□□◆◆
■□□□□□□□□◆
□□□□□■□□□□
□□□□□□■□□□
□□□□□□□□＿□
□□□□□□＿□□□
＿□□□□□□＿□□
＿□□□□□□□□□
＿□□□□□□□□□
＿□□□□□□□□□
00:14:43(26509f):field(26508f)
＿＿＿＿＿＿＿＿＿＿
＿＿＿＿＿＿＿＿＿＿
＿＿＿＿＿＿＿＿＿＿
＿＿＿＿＿＿＿＿＿＿
＿＿＿＿＿＿＿＿＿＿
＿＿＿＿＿＿＿＿＿＿
＿＿＿＿＿＿＿＿＿＿
＿＿＿＿＿＿＿＿＿＿
＿＿＿＿＿＿＿＿＿＿
＿＿■◆＿□□＿＿＿
◆□□＿◆□□□＿＿
□□□□□□□□□＿
□□□□□◆□□□□
□□□□□□◆□□□
□□□□□□□□＿□
□□□□□□＿□□□
＿□□□□□□＿□□
＿□□□□□□□□□
＿□□□□□□□□□
＿□□□□□□□□□
00:14:43(26519f):field(26518f)　〇
＿＿＿＿＿＿＿＿＿＿
＿＿＿＿＿＿＿＿＿＿
＿＿＿＿＿＿＿＿＿＿
＿＿＿＿＿＿＿＿＿＿
＿＿＿＿＿＿＿＿＿＿
＿＿＿＿＿＿＿＿＿＿
＿＿＿＿＿＿＿＿＿＿
＿＿＿＿＿＿＿＿＿＿
＿＿＿＿＿＿＿＿＿＿
＿＿□■■□□＿＿＿
＿□□■■□□□＿＿
□□□□□□□□□＿
□□□□□＿□□□□
□□□□□□＿□□□
□□□□□□□□＿□
□□□□□□＿□□□
＿□□□□□□＿□□
＿□□□□□□□□□
＿□□□□□□□□□
＿□□□□□□□□□
00:14:44(26535f):field(26534f)
＿＿＿＿＿＿＿＿＿＿
＿＿＿＿＿＿＿＿＿＿
＿＿＿＿＿＿＿＿＿＿
＿＿＿＿＿＿＿＿＿＿
＿＿＿＿＿＿＿＿＿＿
＿＿＿＿＿＿＿＿＿＿
＿＿＿＿＿＿＿＿＿＿
＿＿＿＿＿＿＿＿＿＿
＿＿＿＿＿＿＿＿＿＿
＿＿◆◆◆◆◆＿＿＿
＿◆□□□□□◆■＿
□□□□□□□□□■
□□□□□＿□□□□
□□□□□□＿□□□
□□□□□□□□＿□
□□□□□□＿□□□
＿□□□□□□＿□□
＿□□□□□□□□□
＿□□□□□□□□□
＿□□□□□□□□□
00:14:45(26551f):field(26550f)
＿＿＿＿＿＿＿＿＿＿
＿＿＿＿＿＿＿＿＿＿
＿＿＿＿＿＿＿＿＿＿
＿＿＿＿＿＿＿＿＿＿
＿＿＿＿＿＿＿＿＿＿
＿＿＿＿＿＿＿＿＿＿
＿＿＿＿＿＿＿＿＿＿
＿＿＿＿＿＿＿＿＿＿
＿＿＿＿＿＿＿＿＿＿
■＿＿＿＿＿＿＿＿＿
■＿◆◆◆◆□＿◆＿
□◆□□□□□□□◆
□□□□□＿□□□□
□□□□□□＿□□□
□□□□□□□□＿□
□□□□□□＿□□□
＿□□□□□□＿□□
＿□□□□□□□□□
＿□□□□□□□□□
＿□□□□□□□□□
00:14:45(26562f):field(26561f)
＿＿＿＿＿＿＿＿＿＿
＿＿＿＿＿＿＿＿＿＿
＿＿＿＿＿＿＿＿＿＿
＿＿＿＿＿＿＿＿＿＿
＿＿＿＿＿＿＿＿＿＿
＿＿＿＿＿＿＿＿＿＿
＿＿＿＿＿＿＿＿＿＿
＿＿＿＿＿＿＿＿＿＿
＿＿＿＿＿＿＿＿＿＿
□＿＿＿＿＿＿＿＿＿
□■■■＿＿◆＿＿＿
□■□□□□□◆□＿
□□□□□＿□□□□
□□□□□□＿□□□
□□□□□□□□＿□
□□□□□□＿□□□
＿□□□□□□＿□□
＿□□□□□□□□□
＿□□□□□□□□□
＿□□□□□□□□□
00:14:46(26581f):field(26580f)　？　掘るためか
＿＿＿＿＿＿＿＿＿＿
＿＿＿＿＿＿＿＿＿＿
＿＿＿＿＿＿＿＿＿＿
＿＿＿＿＿＿＿＿＿＿
＿＿＿＿＿＿＿＿＿＿
＿＿＿＿＿＿＿＿＿＿
＿＿＿＿＿＿＿＿＿＿
＿＿＿＿＿＿＿＿＿＿
＿＿＿＿＿＿＿＿＿＿
□＿＿＿＿＿＿＿＿■
□□□□＿＿＿＿■■
□□□□□□□＿□■
□□□□□＿□□□□
□□□□□□＿□□□
□□□□□□□□＿□
□□□□□□＿□□□
＿□□□□□□＿□□
＿□□□□□□□□□
＿□□□□□□□□□
＿□□□□□□□□□
00:14:46(26592f):field(26591f)　〇
＿＿＿＿＿＿＿＿＿＿
＿＿＿＿＿＿＿＿＿＿
＿＿＿＿＿＿＿＿＿＿
＿＿＿＿＿＿＿＿＿＿
＿＿＿＿＿＿＿＿＿＿
＿＿＿＿＿＿＿＿＿＿
＿＿＿＿＿＿＿＿＿＿
＿＿＿＿＿＿＿＿＿＿
＿＿＿＿＿＿＿＿＿＿
□＿＿＿■■＿＿＿□
□□□□■■＿＿□□
□□□□□□□＿□□
□□□□□＿□□□□
□□□□□□＿□□□
□□□□□□□□＿□
□□□□□□＿□□□
＿□□□□□□＿□□
＿□□□□□□□□□
＿□□□□□□□□□
＿□□□□□□□□□
00:14:46(26609f):field(26608f)　〇
＿＿＿＿＿＿＿＿＿＿
＿＿＿＿＿＿＿＿＿＿
＿＿＿＿＿＿＿＿＿＿
＿＿＿＿＿＿＿＿＿＿
＿＿＿＿＿＿＿＿＿＿
＿＿＿＿＿＿＿＿＿＿
＿＿＿＿＿＿＿＿＿＿
＿＿＿＿＿＿＿＿＿＿
■■＿＿＿＿＿＿＿＿
□■■＿□□＿＿＿□
□□□□□□＿＿□□
□□□□□□□＿□□
□□□□□＿□□□□
□□□□□□＿□□□
□□□□□□□□＿□
□□□□□□＿□□□
＿□□□□□□＿□□
＿□□□□□□□□□
＿□□□□□□□□□
＿□□□□□□□□□
00:14:47(26620f):field(26619f)
＿＿＿＿＿＿＿＿＿＿
＿＿＿＿＿＿＿＿＿＿
＿＿＿＿＿＿＿＿＿＿
＿＿＿＿＿＿＿＿＿＿
＿＿＿＿＿＿＿＿＿＿
＿＿＿＿＿＿＿＿＿＿
＿＿＿＿＿＿＿＿＿＿
＿＿＿＿＿＿＿＿＿＿
◆◆＿＿＿＿＿＿＿＿
□□◆＿◆◆＿■＿◆
□□□◆□□＿■◆□
□□□□□□◆■□□
□□□□□＿□□□□
□□□□□□■□□□
□□□□□□□□＿□
□□□□□□＿□□□
＿□□□□□□＿□□
＿□□□□□□□□□
＿□□□□□□□□□
＿□□□□□□□□□
00:14:47(26633f):field(26632f)
＿＿＿＿＿＿＿＿＿＿
＿＿＿＿＿＿＿＿＿＿
＿＿＿＿＿＿＿＿＿＿
＿＿＿＿＿＿＿＿＿＿
＿＿＿＿＿＿＿＿＿＿
＿＿＿＿＿＿＿＿＿＿
＿＿＿＿＿＿＿＿＿＿
＿＿＿＿＿＿＿＿＿＿
＿＿＿＿＿＿＿＿＿＿
□□＿＿■■■□＿＿
□□□＿□□■□＿□
□□□□□□＿□□□
□□□□□＿□□□□
□□□□□□◆□□□
□□□□□□□□＿□
□□□□□□＿□□□
＿□□□□□□＿□□
＿□□□□□□□□□
＿□□□□□□□□□
＿□□□□□□□□□
00:14:48(26644f):field(26643f)　〇
＿＿＿＿＿＿＿＿＿＿
＿＿＿＿＿＿＿＿＿＿
＿＿＿＿＿＿＿＿＿＿
＿＿＿＿＿＿＿＿＿＿
＿＿＿＿＿＿＿＿＿＿
＿＿＿＿＿＿＿＿＿＿
＿＿＿＿＿＿＿＿＿＿
＿＿＿＿＿＿＿＿＿＿
＿＿■＿＿＿＿＿＿＿
□□■■□□□□＿＿
□□□■□□□□＿□
□□□□□□＿□□□
□□□□□＿□□□□
□□□□□□＿□□□
□□□□□□□□＿□
□□□□□□＿□□□
＿□□□□□□＿□□
＿□□□□□□□□□
＿□□□□□□□□□
＿□□□□□□□□□
00:14:48(26657f):field(26656f)
＿＿＿＿＿＿＿＿＿＿
＿＿＿＿＿＿＿＿＿＿
＿＿＿＿＿＿＿＿＿＿
＿＿＿＿＿＿＿＿＿＿
＿＿＿＿＿＿＿＿＿＿
＿＿＿＿＿＿＿＿＿＿
＿＿＿＿＿＿＿＿＿＿
＿＿＿＿＿＿＿＿＿＿
＿＿◆＿■＿＿＿＿＿
◆◆□◆◆□◆◆＿＿
◆◆□□□◆◆◆■□
□□□□□□■□□□
□□□□□＿□□□□
□□□□□□＿□□□
□□□□□□□□＿□
□□□□□□＿□□□
＿□□□□□□＿□□
＿□□□□□□□□□
＿□□□□□□□□□
＿□□□□□□□□□
00:14:48(26665f):field(26664f)
＿＿＿＿＿＿＿＿＿＿
＿＿＿＿＿＿＿＿＿＿
＿＿＿＿＿＿＿＿＿＿
＿＿＿＿＿＿＿＿＿＿
＿＿＿＿＿＿＿＿＿＿
＿＿＿＿＿＿＿＿＿＿
＿＿＿＿＿＿＿＿＿＿
＿＿＿＿＿＿＿＿＿＿
＿＿＿■□＿＿＿＿＿
＿＿◆■＿◆＿＿＿＿
＿＿□□□＿＿＿□◆
□□□□□□◆□□□
□□□□□＿□□□□
□□□□□□＿□□□
□□□□□□□□＿□
□□□□□□＿□□□
＿□□□□□□＿□□
＿□□□□□□□□□
＿□□□□□□□□□
＿□□□□□□□□□
00:14:49(26681f):field(26680f)
＿＿＿＿＿＿＿＿＿＿
＿＿＿＿＿＿＿＿＿＿
＿＿＿＿＿＿＿＿＿＿
＿＿＿＿＿＿＿＿＿＿
＿＿＿＿＿＿＿＿＿＿
＿＿＿＿＿＿＿＿＿＿
＿＿＿＿＿＿＿＿＿＿
＿＿＿＿＿＿＿＿＿＿
＿＿＿◆◆＿＿＿＿＿
＿＿＿□＿＿■＿＿＿
■＿◆□◆＿■＿□＿
◆□□□□◆■□□□
□□□□□＿□□□□
□□□□□□＿□□□
□□□□□□□□＿□
□□□□□□＿□□□
＿□□□□□□＿□□
＿□□□□□□□□□
＿□□□□□□□□□
＿□□□□□□□□□
00:14:49(26693f):field(26692f)
＿＿＿＿＿＿＿＿＿＿
＿＿＿＿＿＿＿＿＿＿
＿＿＿＿＿＿＿＿＿＿
＿＿＿＿＿＿＿＿＿＿
＿＿＿＿＿＿＿＿＿＿
＿＿＿＿＿＿＿＿＿＿
＿＿＿＿＿＿＿＿＿＿
＿＿＿＿＿＿＿＿＿＿
＿＿＿＿＿＿＿＿＿＿
＿■＿□＿＿□＿＿＿
◆■＿□＿＿□＿◆＿
■□□□□＿□◆□◆
□□□□□＿□□□□
□□□□□□＿□□□
□□□□□□□□＿□
□□□□□□＿□□□
＿□□□□□□＿□□
＿□□□□□□□□□
＿□□□□□□□□□
＿□□□□□□□□□
00:14:50(26702f):field(26701f)　〇
＿＿＿＿＿＿＿＿＿＿
＿＿＿＿＿＿＿＿＿＿
＿＿＿＿＿＿＿＿＿＿
＿＿＿＿＿＿＿＿＿＿
＿＿＿＿＿＿＿＿＿＿
＿＿＿＿＿＿＿＿＿＿
＿＿＿＿＿＿＿＿＿＿
＿＿＿＿＿＿＿＿＿＿
＿＿＿＿＿＿＿＿＿＿
＿□＿□■■□＿＿＿
＿□＿□■■□＿＿＿
□□□□□＿□＿□＿
□□□□□＿□□□□
□□□□□□＿□□□
□□□□□□□□＿□
□□□□□□＿□□□
＿□□□□□□＿□□
＿□□□□□□□□□
＿□□□□□□□□□
＿□□□□□□□□□
00:14:50(26713f):field(26712f)　〇
＿＿＿＿＿＿＿＿＿＿
＿＿＿＿＿＿＿＿＿＿
＿＿＿＿＿＿＿＿＿＿
＿＿＿＿＿＿＿＿＿＿
＿＿＿＿＿＿＿＿＿＿
＿＿＿＿＿＿＿＿＿＿
＿＿＿＿＿＿＿＿＿＿
＿＿＿＿＿＿＿＿＿＿
＿＿＿＿＿＿＿＿＿＿
＿□＿□□□□＿＿■
＿□＿□□□□＿■■
□□□□□＿□＿□■
□□□□□＿□□□□
□□□□□□＿□□□
□□□□□□□□＿□
□□□□□□＿□□□
＿□□□□□□＿□□
＿□□□□□□□□□
＿□□□□□□□□□
＿□□□□□□□□□
00:14:50(26725f):field(26724f)　〇
＿＿＿＿＿＿＿＿＿＿
＿＿＿＿＿＿＿＿＿＿
＿＿＿＿＿＿＿＿＿＿
＿＿＿＿＿＿＿＿＿＿
＿＿＿＿＿＿＿＿＿＿
＿＿＿＿＿＿＿＿＿＿
＿＿＿＿＿＿＿＿＿＿
＿＿＿＿＿＿＿＿＿＿
＿■■＿＿＿＿＿＿＿
＿□■□□□□＿＿□
＿□■□□□□＿□□
□□□□□＿□＿□□
□□□□□＿□□□□
□□□□□□＿□□□
□□□□□□□□＿□
□□□□□□＿□□□
＿□□□□□□＿□□
＿□□□□□□□□□
＿□□□□□□□□□
＿□□□□□□□□□
00:14:51(26735f):field(26734f)　〇
＿＿＿＿＿＿＿＿＿＿
＿＿＿＿＿＿＿＿＿＿
＿＿＿＿＿＿＿＿＿＿
＿＿＿＿＿＿＿＿＿＿
＿＿＿＿＿＿＿＿＿＿
＿＿＿＿＿＿＿＿＿＿
＿＿＿＿＿＿＿＿＿＿
＿＿＿＿＿＿＿＿＿＿
＿□□＿＿＿＿■＿＿
＿□□□□□□■＿□
＿□□□□□□■□□
□□□□□＿□■□□
□□□□□＿□□□□
□□□□□□＿□□□
□□□□□□□□＿□
□□□□□□＿□□□
＿□□□□□□＿□□
＿□□□□□□□□□
＿□□□□□□□□□
＿□□□□□□□□□
00:14:51(26747f):field(26746f)　〇
＿＿＿＿＿＿＿＿＿＿
＿＿＿＿＿＿＿＿＿＿
＿＿＿＿＿＿＿＿＿＿
＿＿＿＿＿＿＿＿＿＿
＿＿＿＿＿＿＿＿＿＿
＿＿＿＿＿＿＿＿＿＿
＿＿＿＿＿＿＿＿＿＿
＿＿＿■＿＿＿＿＿＿
＿□□■■■＿□＿＿
＿□□□□□□□＿□
＿□□□□□□□□□
□□□□□＿□□□□
□□□□□＿□□□□
□□□□□□＿□□□
□□□□□□□□＿□
□□□□□□＿□□□
＿□□□□□□＿□□
＿□□□□□□□□□
＿□□□□□□□□□
＿□□□□□□□□□
00:14:51(26755f):field(26754f)　〇
＿＿＿＿＿＿＿＿＿＿
＿＿＿＿＿＿＿＿＿＿
＿＿＿＿＿＿＿＿＿＿
＿＿＿＿＿＿＿＿＿＿
＿＿＿＿＿＿＿＿＿＿
＿＿＿＿＿＿＿＿＿＿
＿＿＿＿■■＿＿＿＿
＿＿＿□■■＿＿＿＿
＿□□□□□＿□＿＿
＿□□□□□□□＿□
＿□□□□□□□□□
□□□□□＿□□□□
□□□□□＿□□□□
□□□□□□＿□□□
□□□□□□□□＿□
□□□□□□＿□□□
＿□□□□□□＿□□
＿□□□□□□□□□
＿□□□□□□□□□
＿□□□□□□□□□
00:14:52(26769f):field(26768f)　〇
＿＿＿＿＿＿＿＿＿＿
＿＿＿＿＿＿＿＿＿＿
＿＿＿＿＿＿＿＿＿＿
＿＿＿＿＿＿＿＿＿＿
＿＿＿＿＿＿＿＿＿＿
＿＿＿＿＿＿＿＿＿＿
＿＿■■□□＿＿＿＿
＿■■□□□＿＿＿＿
＿□□□□□＿□＿＿
＿□□□□□□□＿□
＿□□□□□□□□□
□□□□□＿□□□□
□□□□□＿□□□□
□□□□□□＿□□□
□□□□□□□□＿□
□□□□□□＿□□□
＿□□□□□□＿□□
＿□□□□□□□□□
＿□□□□□□□□□
＿□□□□□□□□□
00:14:52(26781f):field(26780f)　〇
＿＿＿＿＿＿＿＿＿＿
＿＿＿＿＿＿＿＿＿＿
＿＿＿＿＿＿＿＿＿＿
＿＿＿＿＿＿＿＿＿＿
＿＿＿＿■＿＿＿＿＿
＿＿■■■＿＿＿＿＿
＿＿□□□□＿＿＿＿
＿□□□□□＿＿＿＿
＿□□□□□＿□＿＿
＿□□□□□□□＿□
＿□□□□□□□□□
□□□□□＿□□□□
□□□□□＿□□□□
□□□□□□＿□□□
□□□□□□□□＿□
□□□□□□＿□□□
＿□□□□□□＿□□
＿□□□□□□□□□
＿□□□□□□□□□
＿□□□□□□□□□
00:14:53(26793f):field(26792f)　〇
＿＿＿＿＿＿＿＿＿＿
＿＿＿＿＿＿＿＿＿＿
＿＿＿＿＿＿＿＿＿＿
＿＿＿＿＿＿＿＿＿＿
＿＿＿＿□＿＿＿＿＿
＿＿□□□＿＿＿＿＿
＿＿□□□□＿＿＿＿
＿□□□□□＿＿＿■
＿□□□□□＿□■■
＿□□□□□□□■□
＿□□□□□□□□□
□□□□□＿□□□□
□□□□□＿□□□□
□□□□□□＿□□□
□□□□□□□□＿□
□□□□□□＿□□□
＿□□□□□□＿□□
＿□□□□□□□□□
＿□□□□□□□□□
＿□□□□□□□□□
00:14:53(26805f):field(26804f)　〇
＿＿＿＿＿＿＿＿＿＿
＿＿＿＿＿＿＿＿＿＿
＿＿＿＿＿＿＿＿＿＿
＿＿＿＿＿＿＿＿＿＿
＿＿＿＿□＿＿＿＿＿
＿＿□□□＿＿＿＿＿
＿＿□□□□■＿＿＿
＿□□□□□■■＿□
＿□□□□□■□□□
＿□□□□□□□□□
＿□□□□□□□□□
□□□□□＿□□□□
□□□□□＿□□□□
□□□□□□＿□□□
□□□□□□□□＿□
□□□□□□＿□□□
＿□□□□□□＿□□
＿□□□□□□□□□
＿□□□□□□□□□
＿□□□□□□□□□
00:14:53(26817f):field(26816f)　？　苦しい。６立てか。１立てはできないはず。
＿＿＿＿＿＿＿＿＿＿
＿＿＿＿＿＿＿＿＿＿
＿＿＿＿＿＿＿＿＿＿
＿＿＿＿＿＿＿＿＿＿
＿＿＿＿□＿＿＿■＿
＿＿□□□＿＿＿■＿
＿＿□□□□□＿■＿
＿□□□□□□□■□
＿□□□□□□□□□
＿□□□□□□□□□
＿□□□□□□□□□
□□□□□＿□□□□
□□□□□＿□□□□
□□□□□□＿□□□
□□□□□□□□＿□
□□□□□□＿□□□
＿□□□□□□＿□□
＿□□□□□□□□□
＿□□□□□□□□□
＿□□□□□□□□□
00:14:54(26829f):field(26828f)　〇
＿＿＿＿＿＿＿＿＿＿
＿＿＿＿＿＿＿＿＿＿
＿＿＿＿＿＿＿＿＿＿
＿＿＿＿＿＿＿＿＿＿
＿＿＿＿□＿■＿□＿
＿＿□□□＿■■□＿
＿＿□□□□□■□＿
＿□□□□□□□□□
＿□□□□□□□□□
＿□□□□□□□□□
＿□□□□□□□□□
□□□□□＿□□□□
□□□□□＿□□□□
□□□□□□＿□□□
□□□□□□□□＿□
□□□□□□＿□□□
＿□□□□□□＿□□
＿□□□□□□□□□
＿□□□□□□□□□
＿□□□□□□□□□
00:14:55(26852f):field(26851f)
＿＿＿＿＿＿＿＿＿＿
＿＿＿＿＿＿＿＿＿＿
＿＿＿＿＿＿＿＿＿＿
＿＿＿＿＿＿＿＿＿＿
＿＿＿＿◆＿◆＿◆＿
＿＿◆◆□■◆◆◆＿
＿＿□◆□□□◆□＿
■□□□□□□□□□
■□□□□□□□□◆
■□□□□□□□□□
＿□□□□□□□□□
□□□□□＿□□□□
□□□□□＿□□□□
□□□□□□＿□□□
□□□□□□□□＿□
□□□□□□＿□□□
＿□□□□□□＿□□
＿□□□□□□□□□
＿□□□□□□□□□
＿□□□□□□□□□
00:14:55(26862f):field(26861f)
＿＿＿＿＿＿＿＿＿＿
＿＿＿＿＿＿＿＿＿＿
＿＿＿＿＿＿＿＿＿＿
＿＿＿＿＿＿＿＿＿＿
＿＿＿■■＿＿＿＿＿
＿＿＿■□□＿＿＿＿
＿＿◆■□□□＿□＿
◆◆□□□□□□□◆
□□□□□□□□□＿
◆□□□□□□□□□
＿□□□□□□□□□
□□□□□＿□□□□
□□□□□＿□□□□
□□□□□□＿□□□
□□□□□□□□＿□
□□□□□□＿□□□
＿□□□□□□＿□□
＿□□□□□□□□□
＿□□□□□□□□□
＿□□□□□□□□□
00:14:55(26878f):field(26877f)　×　３立て
＿＿＿＿＿＿＿＿＿＿
＿＿＿＿＿＿＿＿＿＿
＿＿＿＿＿＿＿＿＿＿
＿＿＿＿＿＿＿＿＿＿
＿＿＿□□＿＿＿■＿
＿＿＿□□□＿■■＿
＿＿＿□□□□■□＿
＿＿□□□□□□□＿
□□□□□□□□□＿
＿□□□□□□□□□
＿□□□□□□□□□
□□□□□＿□□□□
□□□□□＿□□□□
□□□□□□＿□□□
□□□□□□□□＿□
□□□□□□＿□□□
＿□□□□□□＿□□
＿□□□□□□□□□
＿□□□□□□□□□
＿□□□□□□□□□
00:14:56(26889f):field(26888f)　？　掘るためか
＿＿＿＿＿＿＿＿＿＿
＿＿＿＿＿＿＿＿＿＿
＿＿＿＿＿＿■＿＿＿
＿＿＿＿＿＿■＿＿＿
＿＿＿□□＿■＿□＿
＿＿＿□□□■□□＿
＿＿＿□□□□□□＿
＿＿□□□□□□□＿
□□□□□□□□□＿
＿□□□□□□□□□
＿□□□□□□□□□
□□□□□＿□□□□
□□□□□＿□□□□
□□□□□□＿□□□
□□□□□□□□＿□
□□□□□□＿□□□
＿□□□□□□＿□□
＿□□□□□□□□□
＿□□□□□□□□□
＿□□□□□□□□□
00:14:56(26901f):field(26900f)　〇
＿＿＿＿＿＿＿＿＿＿
＿＿＿＿＿＿＿＿＿＿
＿＿＿＿＿＿□＿＿＿
＿＿＿＿＿＿□＿＿＿
＿＿＿□□＿□＿□＿
■＿＿□□□□□□＿
■＿＿□□□□□□＿
■■□□□□□□□＿
□□□□□□□□□＿
＿□□□□□□□□□
＿□□□□□□□□□
□□□□□＿□□□□
□□□□□＿□□□□
□□□□□□＿□□□
□□□□□□□□＿□
□□□□□□＿□□□
＿□□□□□□＿□□
＿□□□□□□□□□
＿□□□□□□□□□
＿□□□□□□□□□
00:14:57(26912f):field(26911f)　〇
＿＿＿＿＿＿＿＿＿＿
＿＿＿＿＿＿＿＿＿＿
＿＿＿＿■＿□＿＿＿
＿＿＿＿■■□＿＿＿
＿＿＿□□■□＿□＿
□＿＿□□□□□□＿
□＿＿□□□□□□＿
□□□□□□□□□＿
□□□□□□□□□＿
＿□□□□□□□□□
＿□□□□□□□□□
□□□□□＿□□□□
□□□□□＿□□□□
□□□□□□＿□□□
□□□□□□□□＿□
□□□□□□＿□□□
＿□□□□□□＿□□
＿□□□□□□□□□
＿□□□□□□□□□
＿□□□□□□□□□
00:14:57(26923f):field(26922f)　〇
＿＿＿＿＿＿＿＿＿＿
＿＿＿＿＿＿＿＿＿＿
＿＿＿＿□＿□＿＿＿
＿＿＿＿□□□＿＿＿
＿＿■□□□□＿□＿
□＿■□□□□□□＿
□■■□□□□□□＿
□□□□□□□□□＿
□□□□□□□□□＿
＿□□□□□□□□□
＿□□□□□□□□□
□□□□□＿□□□□
□□□□□＿□□□□
□□□□□□＿□□□
□□□□□□□□＿□
□□□□□□＿□□□
＿□□□□□□＿□□
＿□□□□□□□□□
＿□□□□□□□□□
＿□□□□□□□□□
00:14:58(26944f):field(26943f)　〇
＿＿＿＿＿＿＿＿＿＿
＿＿＿＿＿＿＿＿＿＿
＿＿＿＿□＿□■■＿
＿＿＿＿□□□＿■■
＿＿□□□□□＿□＿
□＿□□□□□□□＿
□□□□□□□□□＿
□□□□□□□□□＿
□□□□□□□□□＿
＿□□□□□□□□□
＿□□□□□□□□□
□□□□□＿□□□□
□□□□□＿□□□□
□□□□□□＿□□□
□□□□□□□□＿□
□□□□□□＿□□□
＿□□□□□□＿□□
＿□□□□□□□□□
＿□□□□□□□□□
＿□□□□□□□□□
00:14:58(26956f):field(26955f)　？　１２３４か
＿＿＿＿＿＿＿＿＿＿
＿＿＿＿＿＿■■■■
＿＿＿＿□＿□□□＿
＿＿＿＿□□□＿□□
＿＿□□□□□＿□＿
□＿□□□□□□□＿
□□□□□□□□□＿
□□□□□□□□□＿
□□□□□□□□□＿
＿□□□□□□□□□
＿□□□□□□□□□
□□□□□＿□□□□
□□□□□＿□□□□
□□□□□□＿□□□
□□□□□□□□＿□
□□□□□□＿□□□
＿□□□□□□＿□□
＿□□□□□□□□□
＿□□□□□□□□□
＿□□□□□□□□□
00:14:59(26970f):field(26969f)　〇
＿＿＿＿＿＿＿＿＿＿
＿＿＿＿＿＿□□□□
＿＿＿＿□＿□□□＿
＿■＿＿□□□＿□□
■■□□□□□＿□＿
□■□□□□□□□＿
□□□□□□□□□＿
□□□□□□□□□＿
□□□□□□□□□＿
＿□□□□□□□□□
＿□□□□□□□□□
□□□□□＿□□□□
□□□□□＿□□□□
□□□□□□＿□□□
□□□□□□□□＿□
□□□□□□＿□□□
＿□□□□□□＿□□
＿□□□□□□□□□
＿□□□□□□□□□
＿□□□□□□□□□
00:14:59(26981f):field(26980f)　〇
＿＿＿＿＿＿＿＿＿＿
＿＿＿＿＿＿□□□□
＿＿■■□＿□□□＿
＿□■■□□□＿□□
□□□□□□□＿□＿
□□□□□□□□□＿
□□□□□□□□□＿
□□□□□□□□□＿
□□□□□□□□□＿
＿□□□□□□□□□
＿□□□□□□□□□
□□□□□＿□□□□
□□□□□＿□□□□
□□□□□□＿□□□
□□□□□□□□＿□
□□□□□□＿□□□
＿□□□□□□＿□□
＿□□□□□□□□□
＿□□□□□□□□□
＿□□□□□□□□□
00:14:59(26993f):field(26992f)　〇
＿＿＿＿＿＿＿＿＿＿
■■■■＿＿□□□□
＿＿□□□＿□□□＿
＿□□□□□□＿□□
□□□□□□□＿□＿
□□□□□□□□□＿
□□□□□□□□□＿
□□□□□□□□□＿
□□□□□□□□□＿
＿□□□□□□□□□
＿□□□□□□□□□
□□□□□＿□□□□
□□□□□＿□□□□
□□□□□□＿□□□
□□□□□□□□＿□
□□□□□□＿□□□
＿□□□□□□＿□□
＿□□□□□□□□□
＿□□□□□□□□□
＿□□□□□□□□□
00:15:00(27006f):field(27005f)
＿＿■＿＿＿■＿＿＿
◆◆◆□■＿◆□◆◆
＿■□□□＿□□□＿
＿□□□□□□＿□□
□□□□□□□＿□＿
□□□□□□□□□＿
□□□□□□□□□＿
□□□□□□□□□＿
□□□□□□□□□＿
＿□□□□□□□□□
＿□□□□□□□□□
□□□□□＿□□□□
□□□□□＿□□□□
□□□□□□＿□□□
□□□□□□□□＿□
□□□□□□＿□□□
＿□□□□□□＿□□
＿□□□□□□□□□
＿□□□□□□□□□
＿□□□□□□□□□
00:15:00(27019f):field(27018f)
＿＿◆＿＿＿◆＿＿＿
＿＿＿□□＿＿□■■
＿◆□□□＿□□□■
＿□□□□□□＿□□
□□□□□□□＿□＿
□□□□□□□□□＿
□□□□□□□□□＿
□□□□□□□□□＿
□□□□□□□□□＿
＿□□□□□□□□□
＿□□□□□□□□□
□□□□□＿□□□□
□□□□□＿□□□□
□□□□□□＿□□□
□□□□□□□□＿□
□□□□□□＿□□□
＿□□□□□□＿□□
＿□□□□□□□□□
＿□□□□□□□□□
＿□□□□□□□□□
00:15:01(27058f):game end
