00:47:11(84941f):game start
00:47:13(85000f):field(84999f)
＿＿＿＿＿＿＿＿＿＿
＿＿＿＿＿＿＿＿＿＿
＿＿＿＿＿＿＿＿＿＿
＿＿＿＿＿＿＿＿＿＿
＿＿＿＿＿＿＿＿＿＿
＿＿＿＿＿＿＿＿＿＿
＿＿＿＿＿＿＿＿＿＿
＿＿＿＿＿＿＿＿＿＿
＿＿＿＿＿＿＿＿＿＿
＿＿＿＿＿＿＿＿＿＿
＿＿＿＿＿＿＿＿＿＿
＿＿＿＿＿＿＿＿＿＿
＿＿＿＿＿＿＿＿＿＿
＿＿＿＿＿＿＿＿＿＿
＿＿＿＿＿＿＿＿＿＿
＿＿＿＿＿＿＿＿＿＿
＿＿＿＿＿＿＿＿＿＿
＿＿＿＿＿＿＿＿＿＿
■＿＿＿＿＿＿＿＿＿
■■■＿＿＿＿＿＿＿
00:47:13(85012f):field(85011f)
＿＿＿＿＿＿＿＿＿＿
＿＿＿＿＿＿＿＿＿＿
＿＿＿＿＿＿＿＿＿＿
＿＿＿＿＿＿＿＿＿＿
＿＿＿＿＿＿＿＿＿＿
＿＿＿＿＿＿＿＿＿＿
＿＿＿＿＿＿＿＿＿＿
＿＿＿＿＿＿＿＿＿＿
＿＿＿＿＿＿＿＿＿＿
＿＿＿＿＿＿＿＿＿＿
＿＿＿＿＿＿＿＿＿＿
＿＿＿＿＿＿＿＿＿＿
＿＿＿＿＿＿＿＿＿＿
＿＿＿＿＿＿＿＿＿＿
＿＿＿＿＿＿＿＿＿＿
＿＿＿＿＿＿＿＿＿＿
＿＿＿＿＿＿＿＿＿＿
＿＿＿＿＿＿＿＿＿＿
□＿＿■■＿＿＿＿＿
□□□■■＿＿＿＿＿
00:47:14(85024f):field(85023f)
＿＿＿＿＿＿＿＿＿＿
＿＿＿＿＿＿＿＿＿＿
＿＿＿＿＿＿＿＿＿＿
＿＿＿＿＿＿＿＿＿＿
＿＿＿＿＿＿＿＿＿＿
＿＿＿＿＿＿＿＿＿＿
＿＿＿＿＿＿＿＿＿＿
＿＿＿＿＿＿＿＿＿＿
＿＿＿＿＿＿＿＿＿＿
＿＿＿＿＿＿＿＿＿＿
＿＿＿＿＿＿＿＿＿＿
＿＿＿＿＿＿＿＿＿＿
＿＿＿＿＿＿＿＿＿＿
＿＿＿＿＿＿＿＿＿＿
＿＿＿＿＿＿＿＿＿＿
＿＿＿＿＿＿＿＿＿＿
＿＿＿＿＿＿＿＿＿＿
＿＿＿＿＿＿＿＿＿＿
□＿＿□□＿＿■＿＿
□□□□□■■■＿＿
00:47:14(85042f):field(85041f)
＿＿＿＿＿＿＿＿＿＿
＿＿＿＿＿＿＿＿＿＿
＿＿＿＿＿＿＿＿＿＿
＿＿＿＿＿＿＿＿＿＿
＿＿＿＿＿＿＿＿＿＿
＿＿＿＿＿＿＿＿＿＿
＿＿＿＿＿＿＿＿＿＿
＿＿＿＿＿＿＿＿＿＿
＿＿＿＿＿＿＿＿＿＿
＿＿＿＿＿＿＿＿＿＿
＿＿＿＿＿＿＿＿＿＿
＿＿＿＿＿＿＿＿＿＿
＿＿＿＿＿＿＿＿＿＿
＿＿＿＿＿＿＿＿＿＿
＿＿＿＿＿＿＿＿＿＿
＿＿＿＿＿＿＿＿＿＿
＿＿＿＿＿＿＿＿＿■
＿＿＿＿＿＿＿＿＿■
□＿＿□□＿＿□＿■
□□□□□□□□＿■
00:47:15(85055f):field(85054f)
＿＿＿＿＿＿＿＿＿＿
＿＿＿＿＿＿＿＿＿＿
＿＿＿＿＿＿＿＿＿＿
＿＿＿＿＿＿＿＿＿＿
＿＿＿＿＿＿＿＿＿＿
＿＿＿＿＿＿＿＿＿＿
＿＿＿＿＿＿＿＿＿＿
＿＿＿＿＿＿＿＿＿＿
＿＿＿＿＿＿＿＿＿＿
＿＿＿＿＿＿＿＿＿＿
＿＿＿＿＿＿＿＿＿＿
＿＿＿＿＿＿＿＿＿＿
＿＿＿＿＿＿＿＿＿＿
＿＿＿＿＿＿＿＿＿＿
＿＿＿＿＿＿＿＿＿＿
＿＿＿＿＿＿＿＿＿＿
＿＿＿＿＿＿＿＿＿□
＿＿＿＿■■＿＿＿□
□＿＿□□■■□＿□
□□□□□□□□＿□
00:47:15(85068f):field(85067f)
＿＿＿＿＿＿＿＿＿＿
＿＿＿＿＿＿＿＿＿＿
＿＿＿＿＿＿＿＿＿＿
＿＿＿＿＿＿＿＿＿＿
＿＿＿＿＿＿＿＿＿＿
＿＿＿＿＿＿＿＿＿＿
＿＿＿＿＿＿＿＿＿＿
＿＿＿＿＿＿＿＿＿＿
＿＿＿＿＿＿＿＿＿＿
＿＿＿＿＿＿＿＿＿＿
＿＿＿＿＿＿＿＿＿＿
＿＿＿＿＿＿＿＿＿＿
＿＿＿＿＿＿＿＿＿＿
＿＿＿＿＿＿＿＿＿＿
＿＿＿＿＿＿＿＿＿＿
＿＿＿＿■＿＿＿＿＿
＿＿＿＿■■■＿＿□
＿＿＿＿□□＿＿＿□
□＿＿□□□□□＿□
□□□□□□□□＿□
00:47:16(85084f):field(85083f)
＿＿＿＿＿＿＿＿＿＿
＿＿＿＿＿＿＿＿＿＿
＿＿＿＿＿＿＿＿＿＿
＿＿＿＿＿＿＿＿＿＿
＿＿＿＿＿＿＿＿＿＿
＿＿＿＿＿＿＿＿＿＿
＿＿＿＿＿＿＿＿＿＿
＿＿＿＿＿＿＿＿＿＿
＿＿＿＿＿＿＿＿＿＿
＿＿＿＿＿＿＿＿＿＿
＿＿＿＿＿＿＿＿＿＿
＿＿＿＿＿＿＿＿＿＿
＿＿＿＿＿＿＿＿＿＿
＿＿＿＿＿＿＿＿＿＿
＿＿＿＿＿＿＿＿＿＿
＿＿＿＿□＿＿＿＿＿
＿＿■＿□□□＿＿□
＿＿■■□□＿＿＿□
□＿■□□□□□＿□
□□□□□□□□＿□
00:47:16(85096f):field(85095f)
＿＿＿＿＿＿＿＿＿＿
＿＿＿＿＿＿＿＿＿＿
＿＿＿＿＿＿＿＿＿＿
＿＿＿＿＿＿＿＿＿＿
＿＿＿＿＿＿＿＿＿＿
＿＿＿＿＿＿＿＿＿＿
＿＿＿＿＿＿＿＿＿＿
＿＿＿＿＿＿＿＿＿＿
＿＿＿＿＿＿＿＿＿＿
＿＿＿＿＿＿＿＿＿＿
＿＿＿＿＿＿＿＿＿＿
＿＿＿＿＿＿＿＿＿＿
＿＿＿＿＿＿＿＿＿＿
＿＿＿＿＿＿＿＿＿＿
＿＿＿＿■■＿＿＿＿
＿＿＿＿□■■＿＿＿
＿＿□＿□□□＿＿□
＿＿□□□□＿＿＿□
□＿□□□□□□＿□
□□□□□□□□＿□
00:47:17(85114f):field(85113f)
＿＿＿＿＿＿＿＿＿＿
＿＿＿＿＿＿＿＿＿＿
＿＿＿＿＿＿＿＿＿＿
＿＿＿＿＿＿＿＿＿＿
＿＿＿＿＿＿＿＿＿＿
＿＿＿＿＿＿＿＿＿＿
＿＿＿＿＿＿＿＿＿＿
＿＿＿＿＿＿＿＿＿＿
＿＿＿＿＿＿＿＿＿＿
＿＿＿＿＿＿＿＿＿＿
＿＿＿＿＿＿＿＿＿＿
＿＿＿＿＿＿＿＿＿＿
＿＿＿＿＿＿＿＿＿＿
＿＿＿＿＿＿＿＿＿＿
＿＿＿＿□□＿＿＿＿
＿＿＿＿□□□＿＿＿
■＿□＿□□□＿＿□
■■□□□□＿＿＿□
□■□□□□□□＿□
□□□□□□□□＿□
00:47:17(85128f):field(85127f)
＿＿＿＿＿＿＿＿＿＿
＿＿＿＿＿＿＿＿＿＿
＿＿＿＿＿＿＿＿＿＿
＿＿＿＿＿＿＿＿＿＿
＿＿＿＿＿＿＿＿＿＿
＿＿＿＿＿＿＿＿＿＿
＿＿＿＿＿＿＿＿＿＿
＿＿＿＿＿＿＿＿＿＿
＿＿＿＿＿＿＿＿＿＿
＿＿＿＿＿＿＿＿＿＿
＿＿＿＿＿＿＿＿＿＿
＿＿＿＿＿＿＿＿＿＿
＿＿＿＿＿＿＿＿＿＿
＿＿＿■＿＿＿＿＿＿
＿＿＿■□□＿＿＿＿
＿＿＿■□□□＿＿＿
□＿□■□□□＿＿□
□□□□□□＿＿＿□
□□□□□□□□＿□
□□□□□□□□＿□
00:47:17(85139f):field(85138f)
＿＿＿＿＿＿＿＿＿＿
＿＿＿＿＿＿＿＿＿＿
＿＿＿＿＿＿＿＿＿＿
＿＿＿＿＿＿＿＿＿＿
＿＿＿＿＿＿＿＿＿＿
＿＿＿＿＿＿＿＿＿＿
＿＿＿＿＿＿＿＿＿＿
＿＿＿＿＿＿＿＿＿＿
＿＿＿＿＿＿＿＿＿＿
＿＿＿＿＿＿＿＿＿＿
＿＿＿＿＿＿＿＿＿＿
＿＿＿＿■＿＿＿＿＿
＿＿＿＿■＿＿＿＿＿
＿＿＿□■■＿＿＿＿
＿＿＿□□□＿＿＿＿
＿＿＿□□□□＿＿＿
□＿□□□□□＿＿□
□□□□□□＿＿＿□
□□□□□□□□＿□
□□□□□□□□＿□
00:47:18(85155f):field(85154f)
＿＿＿＿＿＿＿＿＿＿
＿＿＿＿＿＿＿＿＿＿
＿＿＿＿＿＿＿＿＿＿
＿＿＿＿＿＿＿＿＿＿
＿＿＿＿＿＿＿＿＿＿
＿＿＿＿＿＿＿＿＿＿
＿＿＿＿＿＿＿＿＿＿
＿＿＿＿＿＿＿＿＿＿
＿＿＿＿＿＿＿＿＿＿
＿＿＿＿＿＿＿＿＿＿
＿＿＿＿＿＿＿＿＿＿
＿＿＿＿□＿＿＿＿＿
＿＿＿＿□＿＿＿＿＿
＿＿＿□□□＿＿＿＿
＿＿＿□□□＿＿＿＿
■■■□□□□＿＿＿
□■□□□□□＿＿□
□□□□□□＿＿＿□
□□□□□□□□＿□
□□□□□□□□＿□
00:47:18(85167f):field(85166f)
＿＿＿＿＿＿＿＿＿＿
＿＿＿＿＿＿＿＿＿＿
＿＿＿＿＿＿＿＿＿＿
＿＿＿＿＿＿＿＿＿＿
＿＿＿＿＿＿＿＿＿＿
＿＿＿＿＿＿＿＿＿＿
＿＿＿＿＿＿＿＿＿＿
＿＿＿＿＿＿＿＿＿＿
＿＿＿＿＿＿＿＿＿＿
＿＿＿＿＿＿＿＿＿＿
＿＿＿＿＿＿＿＿＿＿
＿＿＿＿□＿＿＿＿＿
＿＿＿＿□＿＿＿＿＿
■■＿□□□＿＿＿＿
■■＿□□□＿＿＿＿
□□□□□□□＿＿＿
□□□□□□□＿＿□
□□□□□□＿＿＿□
□□□□□□□□＿□
□□□□□□□□＿□
00:47:19(85197f):field(85196f)
＿＿＿＿＿＿＿＿＿＿
＿＿＿＿＿＿＿＿＿＿
＿＿＿＿＿＿＿＿＿＿
＿＿＿＿＿＿＿＿＿＿
＿＿＿＿＿＿＿＿＿＿
＿＿＿＿＿＿＿＿＿＿
＿＿＿＿＿＿＿＿＿＿
＿＿＿＿＿＿＿＿＿＿
＿＿＿＿＿＿＿＿＿＿
＿＿＿＿＿＿＿＿＿＿
＿＿＿＿＿＿＿＿＿＿
＿＿＿＿□＿＿＿＿＿
＿＿＿＿□＿＿＿＿＿
□□＿□□□＿＿＿＿
□□＿□□□＿＿＿＿
□□□□□□□■＿＿
□□□□□□□■＿□
□□□□□□■■＿□
□□□□□□□□＿□
□□□□□□□□＿□
00:47:20(85214f):field(85213f)
＿＿＿＿＿＿＿＿＿＿
＿＿＿＿＿＿＿＿＿＿
＿＿＿＿＿＿＿＿＿＿
＿＿＿＿＿＿＿＿＿＿
＿＿＿＿＿＿＿＿＿＿
＿＿＿＿＿＿＿＿＿＿
＿＿＿＿＿＿＿＿＿＿
＿＿＿＿＿＿＿＿＿＿
＿＿＿＿＿＿＿＿＿＿
＿＿＿＿＿＿＿＿＿＿
＿＿＿＿＿＿＿＿＿＿
＿＿＿＿◆＿＿＿＿＿
＿＿＿＿◆＿＿＿＿＿
◆◆＿◆◆◆＿＿＿＿
◆◆＿◆◆◆＿＿＿＿
◆◆◆◆□◆◆◆＿＿
□□◆◆□◆◆◆＿◆
□□□□□□◆◆＿◆
□□□□□□□◆■◆
□□□□□□□□＿◆
00:47:21(85230f):field(85229f)
＿＿＿＿＿＿＿＿＿＿
＿＿＿＿＿＿＿＿＿＿
＿＿＿＿＿＿＿＿＿＿
＿＿＿＿＿＿＿＿＿＿
＿＿＿＿＿＿＿＿＿＿
＿＿＿＿＿＿＿＿＿＿
＿＿＿＿＿＿＿＿＿＿
＿＿＿＿＿＿＿＿＿＿
＿＿＿＿＿＿＿＿＿＿
＿＿＿＿＿＿＿＿＿＿
＿＿＿＿＿＿＿＿＿＿
＿＿＿＿＿＿＿＿＿＿
＿＿＿＿＿＿＿＿＿＿
＿＿＿＿＿＿＿＿＿＿
＿＿＿＿＿＿＿＿＿＿
＿＿＿＿□■＿＿＿＿
◆◆＿＿□■■＿＿＿
□□◆□□□■＿＿＿
□□◆□□□◆＿◆＿
□□□□□□□□＿＿
00:47:21(85247f):field(85246f)
＿＿＿＿＿＿＿＿＿＿
＿＿＿＿＿＿＿＿＿＿
＿＿＿＿＿＿＿＿＿＿
＿＿＿＿＿＿＿＿＿＿
＿＿＿＿＿＿＿＿＿＿
＿＿＿＿＿＿＿＿＿＿
＿＿＿＿＿＿＿＿＿＿
＿＿＿＿＿＿＿＿＿＿
＿＿＿＿＿＿＿＿＿＿
＿＿＿＿＿＿＿＿＿＿
＿＿＿＿＿＿＿＿＿＿
＿＿＿＿＿＿＿＿＿＿
＿＿＿＿＿＿＿＿＿＿
＿＿＿＿＿＿＿＿＿＿
＿＿＿＿＿＿＿＿＿＿
＿＿＿＿□□＿＿＿＿
＿■■＿□□□＿＿＿
□□■□□□□＿＿＿
□□■□□□＿＿＿＿
□□□□□□□□＿＿
00:47:22(85260f):field(85259f)
＿＿＿＿＿＿＿＿＿＿
＿＿＿＿＿＿＿＿＿＿
＿＿＿＿＿＿＿＿＿＿
＿＿＿＿＿＿＿＿＿＿
＿＿＿＿＿＿＿＿＿＿
＿＿＿＿＿＿＿＿＿＿
＿＿＿＿＿＿＿＿＿＿
＿＿＿＿＿＿＿＿＿＿
＿＿＿＿＿＿＿＿＿＿
＿＿＿＿＿＿＿＿＿＿
＿＿＿＿＿＿＿＿＿＿
＿＿＿＿＿＿＿＿＿＿
＿＿＿＿＿＿＿＿＿＿
＿＿＿＿＿＿＿＿＿＿
＿＿＿■＿＿＿＿＿＿
＿＿■■□□＿＿＿＿
＿□□■□□□＿＿＿
□□□□□□□＿＿＿
□□□□□□＿＿＿＿
□□□□□□□□＿＿
00:47:22(85277f):field(85276f)
＿＿＿＿＿＿＿＿＿＿
＿＿＿＿＿＿＿＿＿＿
＿＿＿＿＿＿＿＿＿＿
＿＿＿＿＿＿＿＿＿＿
＿＿＿＿＿＿＿＿＿＿
＿＿＿＿＿＿＿＿＿＿
＿＿＿＿＿＿＿＿＿＿
＿＿＿＿＿＿＿＿＿＿
＿＿＿＿＿＿＿＿＿＿
＿＿＿＿＿＿＿＿＿＿
＿＿＿＿＿＿＿＿＿＿
＿＿＿＿＿＿＿＿＿＿
＿＿＿＿＿＿＿＿＿＿
＿＿＿＿＿■＿＿＿＿
＿＿＿□＿■■＿＿＿
＿＿□□□□■＿＿＿
＿□□□□□□＿＿＿
□□□□□□□＿＿＿
□□□□□□＿＿＿＿
□□□□□□□□＿＿
00:47:22(85289f):field(85288f)
＿＿＿＿＿＿＿＿＿＿
＿＿＿＿＿＿＿＿＿＿
＿＿＿＿＿＿＿＿＿＿
＿＿＿＿＿＿＿＿＿＿
＿＿＿＿＿＿＿＿＿＿
＿＿＿＿＿＿＿＿＿＿
＿＿＿＿＿＿＿＿＿＿
＿＿＿＿＿＿＿＿＿＿
＿＿＿＿＿＿＿＿＿＿
＿＿＿＿＿＿＿＿＿＿
＿＿＿＿＿＿＿＿＿＿
＿＿＿＿■＿＿＿＿＿
＿＿＿＿■＿＿＿＿＿
＿＿＿＿■□＿＿＿＿
＿＿＿□■□□＿＿＿
＿＿□□□□□＿＿＿
＿□□□□□□＿＿＿
□□□□□□□＿＿＿
□□□□□□＿＿＿＿
□□□□□□□□＿＿
00:47:23(85307f):field(85306f)
＿＿＿＿＿＿＿＿＿＿
＿＿＿＿＿＿＿＿＿＿
＿＿＿＿＿＿＿＿＿＿
＿＿＿＿＿＿＿＿＿＿
＿＿＿＿＿＿＿＿＿＿
＿＿＿＿＿＿＿＿＿＿
＿＿＿＿＿＿＿＿＿＿
＿＿＿＿＿＿＿＿＿＿
＿＿＿＿＿＿＿＿＿＿
＿＿＿＿＿＿＿＿＿＿
＿＿＿＿＿＿＿＿＿＿
＿＿＿＿□＿＿＿＿＿
＿＿■■□＿＿＿＿＿
＿＿■■□□＿＿＿＿
＿＿＿□□□□＿＿＿
＿＿□□□□□＿＿＿
＿□□□□□□＿＿＿
□□□□□□□＿＿＿
□□□□□□＿＿＿＿
□□□□□□□□＿＿
00:47:24(85325f):field(85324f)
＿＿＿＿＿＿＿＿＿＿
＿＿＿＿＿＿＿＿＿＿
＿＿＿＿＿＿＿＿＿＿
＿＿＿＿＿＿＿＿＿＿
＿＿＿＿＿＿＿＿＿＿
＿＿＿＿＿＿＿＿＿＿
＿＿＿＿＿＿＿＿＿＿
＿＿＿＿＿＿＿＿＿＿
＿＿＿＿＿＿＿＿＿＿
＿＿＿＿＿＿＿＿＿＿
＿＿＿＿■■＿＿＿＿
＿＿＿＿□■＿＿＿＿
＿＿□□□■＿＿＿＿
＿＿□□□□＿＿＿＿
＿＿＿□□□□＿＿＿
＿＿□□□□□＿＿＿
＿□□□□□□＿＿＿
□□□□□□□＿＿＿
□□□□□□＿＿＿＿
□□□□□□□□＿＿
00:47:25(85356f):field(85355f)
＿＿＿＿＿＿＿＿＿＿
＿＿＿＿＿＿＿＿＿＿
＿＿＿＿＿＿＿＿＿＿
＿＿＿＿＿＿＿＿＿＿
＿＿＿＿＿＿＿＿＿＿
＿＿＿＿＿＿＿＿＿＿
＿＿＿＿＿＿＿＿＿＿
＿＿＿＿＿＿＿＿＿＿
＿＿＿＿＿＿＿＿＿＿
＿＿＿＿＿＿＿＿＿＿
＿＿＿＿□□＿＿＿＿
＿＿＿＿□□＿＿＿＿
＿＿□□□□＿＿＿＿
＿■□□□□＿＿＿＿
＿■■□□□□＿＿＿
＿■□□□□□＿＿＿
＿□□□□□□＿＿＿
□□□□□□□＿＿＿
□□□□□□＿＿＿＿
□□□□□□□□＿＿
00:47:25(85379f):field(85378f)
＿＿＿＿＿＿＿＿＿＿
＿＿＿＿＿＿＿＿＿＿
＿＿＿＿＿＿＿＿＿＿
＿＿＿＿＿＿＿＿＿＿
＿＿＿＿＿＿＿＿＿＿
＿＿＿＿＿＿＿＿＿＿
＿＿＿＿＿＿＿＿＿＿
＿＿＿＿＿＿＿＿＿＿
＿＿＿＿＿＿＿＿＿＿
＿＿＿＿＿＿＿＿＿＿
＿＿■＿□□＿＿＿＿
＿■■＿□□＿＿＿＿
＿■□□□□＿＿＿＿
＿□□□□□＿＿＿＿
＿□□□□□□＿＿＿
＿□□□□□□＿＿＿
＿□□□□□□＿＿＿
□□□□□□□＿＿＿
□□□□□□＿＿＿＿
□□□□□□□□＿＿
00:47:26(85393f):field(85392f)
＿＿＿＿＿＿＿＿＿＿
＿＿＿＿＿＿＿＿＿＿
＿＿＿＿＿＿＿＿＿＿
＿＿＿＿＿＿＿＿＿＿
＿＿＿＿＿＿＿＿＿＿
＿＿＿＿＿＿＿＿＿＿
＿＿＿＿■＿＿＿＿＿
＿＿＿＿■＿＿＿＿＿
＿＿＿＿■＿＿＿＿＿
＿＿＿＿■＿＿＿＿＿
＿＿□＿□□＿＿＿＿
＿□□＿□□＿＿＿＿
＿□□□□□＿＿＿＿
＿□□□□□＿＿＿＿
＿□□□□□□＿＿＿
＿□□□□□□＿＿＿
＿□□□□□□＿＿＿
□□□□□□□＿＿＿
□□□□□□＿＿＿＿
□□□□□□□□＿＿
00:47:27(85426f):field(85425f)
＿＿＿＿＿＿＿＿＿＿
＿＿＿＿＿＿＿＿＿＿
＿＿＿＿＿＿＿＿＿＿
＿＿＿＿＿＿＿＿＿＿
＿＿＿＿＿＿＿＿＿＿
＿＿＿＿＿＿＿＿＿＿
＿＿＿＿□＿＿＿＿＿
＿＿＿＿□＿＿＿＿＿
＿＿＿＿□＿＿＿＿＿
＿＿＿＿□＿＿＿＿＿
＿＿□＿□□＿＿＿＿
＿□□＿□□＿＿＿＿
＿□□□□□＿＿＿＿
＿□□□□□＿＿＿＿
＿□□□□□□＿＿＿
＿□□□□□□＿＿＿
＿□□□□□□＿＿＿
□□□□□□□■＿＿
□□□□□□＿■■＿
□□□□□□□□■＿
00:47:28(85446f):field(85445f)
＿＿＿＿＿＿＿＿＿＿
＿＿＿＿＿＿＿＿＿＿
＿＿＿＿＿＿＿＿＿＿
＿＿＿＿＿＿＿＿＿＿
＿＿＿＿＿＿＿＿＿＿
＿＿＿＿＿＿＿＿＿＿
＿＿＿＿◆＿＿＿＿＿
＿＿＿＿□＿＿＿＿＿
＿＿＿＿□＿＿＿＿＿
＿＿＿＿□＿＿＿＿＿
＿＿◆＿□◆＿＿＿＿
＿◆□＿□□＿＿＿＿
＿□□◆□□＿＿＿＿
＿□□□□□＿＿＿＿
＿□□□□□◆＿＿＿
＿□□□□□□＿＿＿
＿□□□□□□＿＿＿
□□□□□□□◆＿■
□□□□□□＿□□■
□□□□□□□□□＿
00:47:28(85459f):field(85458f)
＿＿＿＿＿＿＿＿＿＿
＿＿＿＿＿＿＿＿＿＿
＿＿＿＿＿＿＿＿＿＿
＿＿＿＿＿＿＿＿＿＿
＿＿＿＿＿＿＿＿＿＿
＿＿＿＿＿＿＿＿＿＿
＿＿＿＿＿＿＿＿＿＿
＿＿＿＿□＿＿＿＿＿
＿＿＿＿□＿＿＿＿＿
＿＿＿＿□＿＿＿＿＿
＿＿＿＿□＿＿＿＿＿
＿＿□＿□□＿＿＿＿
＿□□＿□□＿＿＿＿
＿□□□□□＿＿＿＿
＿□□□□□＿＿＿＿
＿□□□□□□＿＿＿
＿□□□□□□■■＿
◆□□□□□□■■□
□□□□□□＿□□□
□□□□□□□□□＿
00:47:29(85475f):field(85474f)
＿＿＿＿＿＿＿＿＿＿
＿＿＿＿＿＿＿＿＿＿
＿＿＿＿＿＿＿＿＿＿
＿＿＿＿＿＿＿＿＿＿
＿＿＿＿＿＿＿＿＿＿
＿＿＿＿＿＿＿＿＿＿
＿＿＿＿＿＿＿＿＿＿
＿＿＿＿□＿＿＿＿＿
＿＿＿＿□＿＿＿＿＿
＿＿＿＿□＿＿＿＿＿
＿＿＿＿□＿＿＿＿＿
＿＿□＿□□＿＿＿＿
＿□□＿□□＿＿＿＿
＿□□□□□＿＿＿＿
＿□□□□□＿＿＿＿
＿□□□□□□■■■
＿□□□□□□□□■
＿□□□□□□□□□
□□□□□□＿□□□
□□□□□□□□□＿
00:47:29(85490f):field(85489f)
＿＿＿＿＿＿＿＿＿＿
＿＿＿＿＿＿＿＿＿＿
＿＿＿＿＿＿＿＿＿＿
＿＿＿＿＿＿＿＿＿＿
＿＿＿＿＿＿＿＿＿＿
＿＿＿＿＿＿＿＿＿＿
＿＿＿＿＿＿＿＿＿＿
＿＿＿＿□＿＿＿＿＿
＿＿＿＿□＿＿＿＿＿
＿＿＿＿□＿＿＿＿＿
＿＿＿＿□＿＿＿＿＿
＿＿□＿□□＿＿＿＿
＿□□＿□□＿■＿＿
＿□□□□□■■＿＿
＿□□□□□■＿＿＿
＿□□□□□□□□□
＿□□□□□□□□□
＿□□□□□□□□□
□□□□□□＿□□□
□□□□□□□□□＿
00:47:30(85505f):field(85504f)
＿＿＿＿＿＿＿＿＿＿
＿＿＿＿＿＿＿＿＿＿
＿＿＿＿＿＿＿＿＿＿
＿＿＿＿＿＿＿＿＿＿
＿＿＿＿＿＿＿＿＿＿
＿＿＿＿＿＿＿＿＿＿
＿＿＿＿＿＿＿＿＿＿
＿＿＿＿□＿＿＿＿＿
＿＿＿＿□＿＿＿＿＿
＿＿＿■□＿＿＿＿＿
＿＿＿■□＿＿＿＿＿
＿＿□■□□＿＿＿＿
＿□□■□□＿□＿＿
＿□□□□□□□＿＿
＿□□□□□□＿＿＿
＿□□□□□□□□□
＿□□□□□□□□□
＿□□□□□□□□□
□□□□□□＿□□□
□□□□□□□□□＿
00:47:30(85521f):field(85520f)
＿＿＿＿＿＿＿＿＿＿
＿＿＿＿＿＿＿＿＿＿
＿＿＿＿＿＿＿＿＿＿
＿＿＿＿＿＿＿＿＿＿
＿＿＿＿＿＿＿＿＿＿
＿＿＿＿＿＿＿＿＿＿
＿＿＿＿＿＿＿＿＿＿
＿＿＿＿□＿＿＿＿＿
＿＿＿＿□＿＿＿＿＿
＿＿＿□□＿＿＿＿＿
＿＿＿□□■■＿＿＿
＿＿□□□□■＿＿＿
＿□□□□□■□＿＿
＿□□□□□□□＿＿
＿□□□□□□＿＿＿
＿□□□□□□□□□
＿□□□□□□□□□
＿□□□□□□□□□
□□□□□□＿□□□
□□□□□□□□□＿
00:47:31(85535f):field(85534f)
＿＿＿＿＿＿＿＿＿＿
＿＿＿＿＿＿＿＿＿＿
＿＿＿＿＿＿＿＿＿＿
＿＿＿＿＿＿＿＿＿＿
＿＿＿＿＿＿＿＿＿＿
＿＿＿＿＿＿＿＿＿＿
＿＿＿＿＿＿＿＿＿＿
＿＿＿＿□＿＿＿＿＿
＿＿＿＿□＿＿＿＿＿
＿＿＿□□＿＿＿＿＿
＿＿＿□□□□＿＿＿
＿＿□□□□□＿＿＿
＿□□□□□□□＿＿
＿□□□□□□□■＿
＿□□□□□□■■■
＿□□□□□□□□□
＿□□□□□□□□□
＿□□□□□□□□□
□□□□□□＿□□□
□□□□□□□□□＿
00:47:31(85548f):field(85547f)
＿＿＿＿＿＿＿＿＿＿
＿＿＿＿＿＿＿＿＿＿
＿＿＿＿＿＿＿＿＿＿
＿＿＿＿＿＿＿＿＿＿
＿＿＿＿＿＿＿＿＿＿
＿＿＿＿＿＿＿＿＿＿
＿＿＿＿＿＿＿＿＿＿
＿＿＿＿□＿＿＿＿＿
＿＿＿＿□■■＿＿＿
＿＿＿□□■■＿＿＿
＿＿＿□□□□＿＿＿
＿＿□□□□□＿＿＿
＿□□□□□□□＿＿
＿□□□□□□□□＿
＿□□□□□□□□□
＿□□□□□□□□□
＿□□□□□□□□□
＿□□□□□□□□□
□□□□□□＿□□□
□□□□□□□□□＿
00:47:32(85563f):field(85562f)
＿＿＿＿＿＿＿＿＿＿
＿＿＿＿＿＿＿＿＿＿
＿＿＿＿＿＿＿＿＿＿
＿＿＿＿＿＿＿＿＿＿
＿＿＿＿＿＿＿＿＿＿
＿＿＿＿＿＿＿＿＿＿
＿＿＿＿■■＿＿＿＿
＿＿＿＿□■■＿＿＿
＿＿＿＿□□□＿＿＿
＿＿＿□□□□＿＿＿
＿＿＿□□□□＿＿＿
＿＿□□□□□＿＿＿
＿□□□□□□□＿＿
＿□□□□□□□□＿
＿□□□□□□□□□
＿□□□□□□□□□
＿□□□□□□□□□
＿□□□□□□□□□
□□□□□□＿□□□
□□□□□□□□□＿
00:47:32(85580f):field(85579f)
＿＿＿＿＿＿＿＿＿＿
＿＿＿＿＿＿＿＿＿＿
＿＿＿＿＿＿＿＿＿＿
＿＿＿＿＿＿＿＿＿＿
＿＿＿＿＿＿＿＿＿＿
＿＿＿＿＿＿＿＿＿＿
＿＿＿＿◆◆＿＿＿＿
＿＿＿＿◆◆◆＿＿＿
＿＿＿＿◆◆◆＿＿＿
＿＿＿◆◆◆◆＿＿＿
＿＿＿◆□□◆＿＿＿
＿＿◆◆□□□＿＿＿
＿◆◆◆□□□◆＿＿
＿◆□□□□□◆◆＿
＿◆□□□□□◆□◆
＿◆□□□□□◆◆◆
＿□□□□□□□◆◆
＿□□□□□□□□◆
□□□□□□■□□□
□□□□□□□□□＿
00:47:33(85593f):field(85592f)
＿＿＿＿＿＿＿＿＿＿
＿＿＿＿＿＿＿＿＿＿
＿＿＿＿＿＿＿＿＿＿
＿＿＿＿＿＿＿＿＿＿
＿＿＿＿＿＿＿＿＿＿
＿＿＿＿＿＿＿＿＿＿
＿＿＿＿＿＿＿＿＿＿
＿＿＿＿＿＿＿＿＿＿
＿＿＿＿＿＿＿＿＿＿
＿＿＿＿＿＿＿＿＿＿
＿＿＿＿□□＿＿＿＿
＿＿＿＿□□□＿＿＿
＿＿＿＿□□□＿＿＿
＿＿◆□□□□＿＿＿
＿＿◆□□□□＿◆＿
■■□□□□□＿＿＿
■□□□□□□□＿＿
■□□□□□□□□＿
□□□□□□◆□□□
□□□□□□□□□＿
00:47:33(85607f):field(85606f)
＿＿＿＿＿＿＿＿＿＿
＿＿＿＿＿＿＿＿＿＿
＿＿＿＿＿＿＿＿＿＿
＿＿＿＿＿＿＿＿＿＿
＿＿＿＿＿＿＿＿＿＿
＿＿＿＿＿＿＿＿＿＿
＿＿＿＿＿＿＿＿＿＿
＿＿＿＿＿＿＿＿＿＿
＿＿＿＿＿＿＿＿＿＿
＿＿＿＿＿＿＿＿＿＿
＿＿＿＿□□＿＿＿＿
＿＿＿＿□□□＿＿＿
＿＿＿＿□□□＿＿＿
＿＿■□□□□＿＿＿
■■■□□□□＿＿＿
□□□□□□□＿＿＿
□□□□□□□□＿＿
□□□□□□□□□＿
□□□□□□＿□□□
□□□□□□□□□＿
00:47:34(85625f):field(85624f)
＿＿＿＿＿＿＿＿＿＿
＿＿＿＿＿＿＿＿＿＿
＿＿＿＿＿＿＿＿＿＿
＿＿＿＿＿＿＿＿＿＿
＿＿＿＿＿＿＿＿＿＿
＿＿＿＿＿＿＿＿＿＿
＿＿＿＿＿＿＿＿＿＿
＿＿＿＿＿＿＿＿＿＿
＿＿＿＿＿＿＿＿＿＿
＿＿＿＿＿＿＿＿＿＿
＿＿＿＿◆◆＿＿＿＿
＿＿＿＿◆◆◆＿＿＿
＿＿＿＿□□◆＿＿＿
＿＿◆◆□□□＿＿＿
◆◆◆◆□□□＿＿＿
□◆□□□□□＿＿＿
□□□□□□□◆＿＿
□□□□□□□□□＿
□□□□□□■□□□
□□□□□□□□□＿
00:47:34(85639f):field(85638f)
＿＿＿＿＿＿＿＿＿＿
＿＿＿＿＿＿＿＿＿＿
＿＿＿＿＿＿＿＿＿＿
＿＿＿＿＿＿＿＿＿＿
＿＿＿＿＿＿＿＿＿＿
＿＿＿＿＿＿＿＿＿＿
＿＿＿＿＿＿＿＿＿＿
＿＿＿＿＿＿＿＿＿＿
＿＿＿＿＿＿＿＿＿＿
＿＿＿＿＿＿＿＿＿＿
＿＿＿＿＿＿＿＿＿＿
＿＿＿＿＿＿＿＿＿＿
＿＿＿＿□□＿＿＿＿
＿＿＿＿□□□＿＿＿
＿＿＿＿□□□＿＿＿
◆＿□□□□□■＿＿
□□□□□□□■■＿
□□□□□□□□□＿
□□□□□□◆□□□
□□□□□□□□□＿
00:47:35(85653f):field(85652f)
＿＿＿＿＿＿＿＿＿＿
＿＿＿＿＿＿＿＿＿＿
＿＿＿＿＿＿＿＿＿＿
＿＿＿＿＿＿＿＿＿＿
＿＿＿＿＿＿＿＿＿＿
＿＿＿＿＿＿＿＿＿＿
＿＿＿＿＿＿＿＿＿＿
＿＿＿＿＿＿＿＿＿＿
＿＿＿＿＿＿＿＿＿＿
＿＿＿＿＿＿＿＿＿＿
＿＿＿＿＿＿＿＿＿＿
＿＿＿＿＿＿＿＿＿＿
＿＿＿＿□□＿＿＿＿
＿＿＿＿□□□＿＿＿
■■＿＿□□□＿＿＿
■■□□□□□□＿＿
□□□□□□□□□＿
□□□□□□□□□＿
□□□□□□＿□□□
□□□□□□□□□＿
00:47:35(85668f):field(85667f)
＿＿＿＿＿＿＿＿＿＿
＿＿＿＿＿＿＿＿＿＿
＿＿＿＿＿＿＿＿＿＿
＿＿＿＿＿＿＿＿＿＿
＿＿＿＿＿＿＿＿＿＿
＿＿＿＿＿＿＿＿＿＿
＿＿＿＿＿＿＿＿＿＿
＿＿＿＿＿＿＿＿＿＿
＿＿＿＿＿＿＿＿＿＿
＿＿＿＿＿＿＿＿＿＿
＿＿＿＿＿＿＿＿＿＿
＿＿＿＿＿＿＿＿＿＿
＿＿＿＿◆◆＿＿＿＿
＿＿＿＿◆◆◆＿＿＿
◆◆＿＿□□◆＿＿＿
◆◆◆◆□□□◆＿＿
□□□◆□□□◆◆■
□□□□□□□□◆■
□□□□□□＿□□□
□□□□□□□□□＿
00:47:36(85682f):field(85681f)
＿＿＿＿＿＿＿＿＿＿
＿＿＿＿＿＿＿＿＿＿
＿＿＿＿＿＿＿＿＿＿
＿＿＿＿＿＿＿＿＿＿
＿＿＿＿＿＿＿＿＿＿
＿＿＿＿＿＿＿＿＿＿
＿＿＿＿＿＿＿＿＿＿
＿＿＿＿＿＿＿＿＿＿
＿＿＿＿＿＿＿＿＿＿
＿＿＿＿＿＿＿＿＿＿
＿＿＿＿＿＿＿＿＿＿
＿＿＿＿＿＿＿＿＿＿
＿＿＿＿＿＿＿＿＿＿
＿＿＿＿＿＿＿＿＿＿
＿＿＿■□□＿＿＿＿
＿＿＿■□□□＿＿＿
□□□■□□□＿＿□
□□□□□□□□＿□
□□□□□□＿□□□
□□□□□□□□□＿
00:47:36(85694f):field(85693f)
＿＿＿＿＿＿＿＿＿＿
＿＿＿＿＿＿＿＿＿＿
＿＿＿＿＿＿＿＿＿＿
＿＿＿＿＿＿＿＿＿＿
＿＿＿＿＿＿＿＿＿＿
＿＿＿＿＿＿＿＿＿＿
＿＿＿＿＿＿＿＿＿＿
＿＿＿＿＿＿＿＿＿＿
＿＿＿＿＿＿＿＿＿＿
＿＿＿＿＿＿＿＿＿＿
＿＿＿＿＿＿＿＿＿＿
＿＿＿＿＿＿＿＿＿＿
＿＿＿＿＿＿＿＿＿＿
＿＿＿＿＿＿＿＿＿＿
＿＿■□□□＿＿＿＿
■■■□□□□＿＿＿
□□□□□□□＿＿□
□□□□□□□□＿□
□□□□□□＿□□□
□□□□□□□□□＿
00:47:37(85710f):field(85709f)
＿＿＿＿＿＿＿＿＿＿
＿＿＿＿＿＿＿＿＿＿
＿＿＿＿＿＿＿＿＿＿
＿＿＿＿＿＿＿＿＿＿
＿＿＿＿＿＿＿＿＿＿
＿＿＿＿＿＿＿＿＿＿
＿＿＿＿＿＿＿＿＿＿
＿＿＿＿＿＿＿＿＿＿
＿＿＿＿＿＿＿＿＿＿
＿＿＿＿＿＿＿＿＿＿
＿＿＿＿＿＿＿＿＿＿
＿＿＿＿＿＿＿＿＿＿
＿＿■＿＿＿＿＿＿＿
＿■■＿＿＿＿＿＿＿
＿■□□□□＿＿＿＿
□□□□□□□＿＿＿
□□□□□□□＿＿□
□□□□□□□□＿□
□□□□□□＿□□□
□□□□□□□□□＿
00:47:37(85726f):field(85725f)
＿＿＿＿＿＿＿＿＿＿
＿＿＿＿＿＿＿＿＿＿
＿＿＿＿＿＿＿＿＿＿
＿＿＿＿＿＿＿＿＿＿
＿＿＿＿＿＿＿＿＿＿
＿＿＿＿＿＿＿＿＿＿
＿＿＿＿＿＿＿＿＿＿
＿＿＿＿＿＿＿＿＿＿
＿＿＿＿＿＿＿＿＿＿
＿＿＿＿＿＿＿＿＿＿
＿＿＿＿＿＿＿＿＿＿
＿＿＿＿＿＿＿＿＿＿
＿＿◆＿＿＿＿＿＿＿
＿◆◆＿＿＿＿＿＿＿
＿◆□◆◆◆＿＿＿＿
□□□◆◆◆◆＿＿＿
◆□□□□□□＿＿◆
□□□□□□□□＿◆
□□□□□□＿□□□
□□□□□□□□□＿
00:47:37(85739f):field(85738f)
＿＿＿＿＿＿＿＿＿＿
＿＿＿＿＿＿＿＿＿＿
＿＿＿＿＿＿＿＿＿＿
＿＿＿＿＿＿＿＿＿＿
＿＿＿＿＿＿＿＿＿＿
＿＿＿＿＿＿＿＿＿＿
＿＿＿＿＿＿＿＿＿＿
＿＿＿＿＿＿＿＿＿＿
＿＿＿＿＿＿＿＿＿＿
＿＿＿＿＿＿＿＿＿＿
＿＿＿＿＿＿＿＿＿＿
＿＿＿＿＿＿＿＿＿＿
＿＿＿＿＿＿＿＿＿＿
＿＿＿＿＿＿＿＿＿＿
＿＿□＿＿＿＿＿＿■
◆□□＿＿＿＿＿＿■
＿□□□□□◆＿＿■
□□□□□□□□＿■
□□□□□□＿□□□
□□□□□□□□□＿
00:47:38(85750f):field(85749f)
＿＿＿＿＿＿＿＿＿＿
＿＿＿＿＿＿＿＿＿＿
＿＿＿＿＿＿＿＿＿＿
＿＿＿＿＿＿＿＿＿＿
＿＿＿＿＿＿＿＿＿＿
＿＿＿＿＿＿＿＿＿＿
＿＿＿＿＿＿＿＿＿＿
＿＿＿＿＿＿＿＿＿＿
＿＿＿＿＿＿＿＿＿＿
＿＿＿＿＿＿＿＿＿＿
＿＿＿＿＿＿＿＿＿＿
＿＿＿＿＿＿＿＿＿＿
＿＿＿＿＿＿＿＿＿＿
＿＿＿＿＿＿＿＿＿＿
＿＿□■■＿＿＿＿□
＿□□■■＿＿＿＿□
＿□□□□□＿＿＿□
□□□□□□□□＿□
□□□□□□＿□□□
□□□□□□□□□＿
00:47:38(85763f):field(85762f)
＿＿＿＿＿＿＿＿＿＿
＿＿＿＿＿＿＿＿＿＿
＿＿＿＿＿＿＿＿＿＿
＿＿＿＿＿＿＿＿＿＿
＿＿＿＿＿＿＿＿＿＿
＿＿＿＿＿＿＿＿＿＿
＿＿＿＿＿＿＿＿＿＿
＿＿＿＿＿＿＿＿＿＿
＿＿＿＿＿＿＿＿＿＿
＿＿＿＿＿＿＿＿＿＿
＿＿＿＿＿＿＿＿＿＿
＿＿＿＿＿＿＿＿＿＿
＿＿＿＿＿＿＿＿＿＿
＿＿＿＿■■＿＿＿＿
＿＿□□□■＿＿＿□
＿□□□□■＿＿＿□
＿□□□□□＿＿＿□
□□□□□□□□＿□
□□□□□□＿□□□
□□□□□□□□□＿
00:47:39(85780f):field(85779f)
＿＿＿＿＿＿＿＿＿＿
＿＿＿＿＿＿＿＿＿＿
＿＿＿＿＿＿＿＿＿＿
＿＿＿＿＿＿＿＿＿＿
＿＿＿＿＿＿＿＿＿＿
＿＿＿＿＿＿＿＿＿＿
＿＿＿＿＿＿＿＿＿＿
＿＿＿＿＿＿＿＿＿＿
＿＿＿＿＿＿＿＿＿＿
＿＿＿＿＿＿＿＿＿＿
＿＿＿＿＿＿＿＿＿＿
＿＿＿＿＿＿＿＿＿＿
＿＿＿＿＿＿＿＿＿＿
＿＿＿＿□□＿＿＿＿
■■□□□□＿＿＿□
■□□□□□＿＿＿□
■□□□□□＿＿＿□
□□□□□□□□＿□
□□□□□□＿□□□
□□□□□□□□□＿
00:47:39(85796f):field(85795f)
＿＿＿＿＿＿＿＿＿＿
＿＿＿＿＿＿＿＿＿＿
＿＿＿＿＿＿＿＿＿＿
＿＿＿＿＿＿＿＿＿＿
＿＿＿＿＿＿＿＿＿＿
＿＿＿＿＿＿＿＿＿＿
＿＿＿＿＿＿＿＿＿＿
＿＿＿＿＿＿＿＿＿＿
＿＿＿＿＿＿＿＿＿＿
＿＿＿＿＿＿＿＿＿＿
＿＿＿＿＿＿＿＿＿＿
＿＿＿＿＿＿＿＿＿＿
＿＿＿＿＿＿＿＿＿＿
＿＿＿＿◆◆＿＿＿＿
◆◆◆◆□□＿＿＿◆
□□□□□□＿＿＿□
□□□□□□＿＿■□
□□□□□□◆□■□
□□□□□□■□□□
□□□□□□□□□＿
00:47:40(85809f):field(85808f)
＿＿＿＿＿＿＿＿＿＿
＿＿＿＿＿＿＿＿＿＿
＿＿＿＿＿＿＿＿＿＿
＿＿＿＿＿＿＿＿＿＿
＿＿＿＿＿＿＿＿＿＿
＿＿＿＿＿＿＿＿＿＿
＿＿＿＿＿＿＿＿＿＿
＿＿＿＿＿＿＿＿＿＿
＿＿＿＿＿＿＿＿＿＿
＿＿＿＿＿＿＿＿＿＿
＿＿＿＿＿＿＿＿＿＿
＿＿＿＿＿＿＿＿＿＿
＿＿＿＿＿＿＿＿＿＿
＿＿＿■■＿＿＿＿＿
＿＿■■□□＿＿＿＿
□□□□□□＿＿＿□
□□□□□□＿＿□□
□□□□□□＿□□□
□□□□□□◆□□□
□□□□□□□□□＿
00:47:40(85825f):field(85824f)
＿＿＿＿＿＿＿＿＿＿
＿＿＿＿＿＿＿＿＿＿
＿＿＿＿＿＿＿＿＿＿
＿＿＿＿＿＿＿＿＿＿
＿＿＿＿＿＿＿＿＿＿
＿＿＿＿＿＿＿＿＿＿
＿＿＿＿＿＿＿＿＿＿
＿＿＿＿＿＿＿＿＿＿
＿＿＿＿＿＿＿＿＿＿
＿＿＿＿＿＿＿＿＿＿
＿＿＿＿＿＿＿＿＿＿
＿＿＿＿＿＿＿＿＿＿
＿＿＿＿＿＿＿＿＿＿
＿＿＿◆◆＿＿＿＿＿
＿＿◆◆◆◆＿＿＿＿
◆◆◆□□◆＿＿＿◆
□◆□□□□＿＿□◆
□□□□□□■◆◆□
□□□□□□■◆□□
□□□□□□□□□＿
00:47:41(85839f):field(85838f)
＿＿＿＿＿＿＿＿＿＿
＿＿＿＿＿＿＿＿＿＿
＿＿＿＿＿＿＿＿＿＿
＿＿＿＿＿＿＿＿＿＿
＿＿＿＿＿＿＿＿＿＿
＿＿＿＿＿＿＿＿＿＿
＿＿＿＿＿＿＿＿＿＿
＿＿＿＿＿＿＿＿＿＿
＿＿＿＿＿＿＿＿＿＿
＿＿＿＿＿＿＿＿＿＿
＿＿＿＿＿＿＿＿＿＿
＿＿＿＿＿＿＿＿＿＿
＿＿＿＿＿＿＿＿＿＿
＿＿＿＿＿＿＿＿＿＿
＿＿＿＿＿＿＿＿＿＿
■■＿□□＿＿＿＿＿
□■□□□□＿＿◆＿
□□□□□□□＿＿□
□□□□□□□＿□□
□□□□□□□□□＿
00:47:41(85856f):field(85855f)
＿＿＿＿＿＿＿＿＿＿
＿＿＿＿＿＿＿＿＿＿
＿＿＿＿＿＿＿＿＿＿
＿＿＿＿＿＿＿＿＿＿
＿＿＿＿＿＿＿＿＿＿
＿＿＿＿＿＿＿＿＿＿
＿＿＿＿＿＿＿＿＿＿
＿＿＿＿＿＿＿＿＿＿
＿＿＿＿＿＿＿＿＿＿
＿＿＿＿＿＿＿＿＿＿
＿＿＿＿＿＿＿＿＿＿
＿＿＿＿＿＿＿＿＿＿
＿＿＿＿＿＿＿＿＿＿
＿＿＿＿＿＿＿＿＿＿
＿＿＿＿＿＿＿＿＿＿
◆◆＿◆◆＿＿＿＿＿
◆◆◆□◆◆＿＿＿＿
□□◆□□◆◆■＿□
□□□□□□□■◆◆
□□□□□□□□□＿
00:47:42(85869f):field(85868f)
＿＿＿＿＿＿＿＿＿＿
＿＿＿＿＿＿＿＿＿＿
＿＿＿＿＿＿＿＿＿＿
＿＿＿＿＿＿＿＿＿＿
＿＿＿＿＿＿＿＿＿＿
＿＿＿＿＿＿＿＿＿＿
＿＿＿＿＿＿＿＿＿＿
＿＿＿＿＿＿＿＿＿＿
＿＿＿＿＿＿＿＿＿＿
＿＿＿＿＿＿＿＿＿＿
＿＿＿＿＿＿＿＿＿＿
＿＿＿＿＿＿＿＿＿＿
＿＿＿＿＿＿＿＿＿＿
＿＿＿＿＿＿＿＿＿＿
＿＿＿＿＿＿＿＿＿＿
＿＿＿■＿＿＿＿＿＿
＿＿■□＿＿＿＿＿＿
□□■□□＿＿◆＿◆
□□□□□□◆□＿＿
□□□□□□□□□＿
00:47:42(85881f):field(85880f)
＿＿＿＿＿＿＿＿＿＿
＿＿＿＿＿＿＿＿＿＿
＿＿＿＿＿＿＿＿＿＿
＿＿＿＿＿＿＿＿＿＿
＿＿＿＿＿＿＿＿＿＿
＿＿＿＿＿＿＿＿＿＿
＿＿＿＿＿＿＿＿＿＿
＿＿＿＿＿＿＿＿＿＿
＿＿＿＿＿＿＿＿＿＿
＿＿＿＿＿＿＿＿＿＿
＿＿＿＿＿＿＿＿＿＿
＿＿＿＿＿＿＿＿＿＿
＿＿＿＿＿＿＿＿＿＿
＿＿＿＿＿＿＿＿＿＿
＿＿＿＿＿＿＿＿＿＿
＿＿＿□■＿＿＿＿＿
＿＿□□■■＿＿＿＿
□□□□□■＿＿＿＿
□□□□□□＿□＿＿
□□□□□□□□□＿
00:47:43(85892f):field(85891f)
＿＿＿＿＿＿＿＿＿＿
＿＿＿＿＿＿＿＿＿＿
＿＿＿＿＿＿＿＿＿＿
＿＿＿＿＿＿＿＿＿＿
＿＿＿＿＿＿＿＿＿＿
＿＿＿＿＿＿＿＿＿＿
＿＿＿＿＿＿＿＿＿＿
＿＿＿＿＿＿＿＿＿＿
＿＿＿＿＿＿＿＿＿＿
＿＿＿＿＿＿＿＿＿＿
＿＿＿＿＿＿＿＿＿＿
＿＿＿＿＿＿＿＿＿＿
＿＿＿＿＿＿＿＿＿＿
＿＿＿＿＿＿＿＿＿＿
＿＿＿■■■＿＿＿＿
＿＿＿□□■＿＿＿＿
＿＿□□□□＿＿＿＿
□□□□□□＿＿＿＿
□□□□□□＿□＿＿
□□□□□□□□□＿
00:47:43(85910f):field(85909f)
＿＿＿＿＿＿＿＿＿＿
＿＿＿＿＿＿＿＿＿＿
＿＿＿＿＿＿＿＿＿＿
＿＿＿＿＿＿＿＿＿＿
＿＿＿＿＿＿＿＿＿＿
＿＿＿＿＿＿＿＿＿＿
＿＿＿＿＿＿＿＿＿＿
＿＿＿＿＿＿＿＿＿＿
＿＿＿＿＿＿＿＿＿＿
＿＿＿＿＿＿＿＿＿＿
＿＿＿＿＿＿＿＿＿＿
＿＿＿＿＿＿＿＿＿＿
＿＿＿＿＿＿＿＿＿＿
＿＿＿＿＿＿＿＿＿＿
＿＿＿□□□＿＿＿＿
■■＿□□□＿＿＿＿
■■□□□□＿＿＿＿
□□□□□□＿＿＿＿
□□□□□□＿□＿＿
□□□□□□□□□＿
00:47:44(85922f):field(85921f)
＿＿＿＿＿＿＿＿＿＿
＿＿＿＿＿＿＿＿＿＿
＿＿＿＿＿＿＿＿＿＿
＿＿＿＿＿＿＿＿＿＿
＿＿＿＿＿＿＿＿＿＿
＿＿＿＿＿＿＿＿＿＿
＿＿＿＿＿＿＿＿＿＿
＿＿＿＿＿＿＿＿＿＿
＿＿＿＿＿＿＿＿＿＿
＿＿＿＿＿＿＿＿＿＿
＿＿＿＿＿＿＿＿＿＿
＿＿＿＿＿＿＿＿＿＿
＿＿＿＿＿＿＿＿＿＿
＿＿＿＿＿＿＿＿＿＿
＿＿＿□□□＿＿＿＿
□□＿□□□■＿＿＿
□□□□□□■＿＿＿
□□□□□□■＿＿＿
□□□□□□■□＿＿
□□□□□□□□□＿
00:47:44(85936f):field(85935f)
＿＿＿＿＿＿＿＿＿＿
＿＿＿＿＿＿＿＿＿＿
＿＿＿＿＿＿＿＿＿＿
＿＿＿＿＿＿＿＿＿＿
＿＿＿＿＿＿＿＿＿＿
＿＿＿＿＿＿＿＿＿＿
＿＿＿＿＿＿＿＿＿＿
＿＿＿＿＿＿＿＿＿＿
＿＿＿＿＿＿＿＿＿＿
＿＿＿＿＿＿＿＿＿＿
＿＿＿＿＿＿＿＿＿＿
＿＿＿＿＿＿＿＿＿＿
＿＿＿＿＿■＿＿＿＿
＿＿＿■■■＿＿＿＿
＿＿＿□□□＿＿＿＿
□□＿□□□□＿＿＿
□□□□□□□＿＿＿
□□□□□□□＿＿＿
□□□□□□□□＿＿
□□□□□□□□□＿
00:47:44(85948f):field(85947f)
＿＿＿＿＿＿＿＿＿＿
＿＿＿＿＿＿＿＿＿＿
＿＿＿＿＿＿＿＿＿＿
＿＿＿＿＿＿＿＿＿＿
＿＿＿＿＿＿＿＿＿＿
＿＿＿＿＿＿＿＿＿＿
＿＿＿＿＿＿＿＿＿＿
＿＿＿＿＿＿＿＿＿＿
＿＿＿＿＿＿＿＿＿＿
＿＿＿＿＿＿＿＿＿＿
＿＿＿＿＿＿＿＿＿＿
＿＿＿＿■■＿＿＿＿
＿＿＿■■□＿＿＿＿
＿＿＿□□□＿＿＿＿
＿＿＿□□□＿＿＿＿
□□＿□□□□＿＿＿
□□□□□□□＿＿＿
□□□□□□□＿＿＿
□□□□□□□□＿＿
□□□□□□□□□＿
00:47:45(85960f):field(85959f)
＿＿＿＿＿＿＿＿＿＿
＿＿＿＿＿＿＿＿＿＿
＿＿＿＿＿＿＿＿＿＿
＿＿＿＿＿＿＿＿＿＿
＿＿＿＿＿＿＿＿＿＿
＿＿＿＿＿＿＿＿＿＿
＿＿＿＿＿＿＿＿＿＿
＿＿＿＿＿＿＿＿＿＿
＿＿＿＿＿＿＿＿＿＿
＿＿＿＿＿＿＿＿＿＿
＿＿＿＿＿＿＿＿＿＿
＿＿＿＿□□＿＿＿＿
＿＿＿□□□＿＿＿＿
＿＿＿□□□＿＿＿＿
■■■□□□＿＿＿＿
□□■□□□□＿＿＿
□□□□□□□＿＿＿
□□□□□□□＿＿＿
□□□□□□□□＿＿
□□□□□□□□□＿
00:47:45(85973f):field(85972f)
＿＿＿＿＿＿＿＿＿＿
＿＿＿＿＿＿＿＿＿＿
＿＿＿＿＿＿＿＿＿＿
＿＿＿＿＿＿＿＿＿＿
＿＿＿＿＿＿＿＿＿＿
＿＿＿＿＿＿＿＿＿＿
＿＿＿＿＿＿＿＿＿＿
＿＿＿＿＿＿＿＿＿＿
＿＿＿＿＿＿＿＿＿＿
＿＿＿＿＿＿＿＿＿＿
＿＿＿＿＿＿＿＿＿＿
＿＿＿＿□□＿＿＿＿
＿■＿□□□＿＿＿＿
■■■□□□＿＿＿＿
□□□□□□＿＿＿＿
□□□□□□□＿＿＿
□□□□□□□＿＿＿
□□□□□□□＿＿＿
□□□□□□□□＿＿
□□□□□□□□□＿
00:47:46(85985f):field(85984f)
＿＿＿＿＿＿＿＿＿＿
＿＿＿＿＿＿＿＿＿＿
＿＿＿＿＿＿＿＿＿＿
＿＿＿＿＿＿＿＿＿＿
＿＿＿＿＿＿＿＿＿＿
＿＿＿＿＿＿＿＿＿＿
＿＿＿＿＿＿＿＿＿＿
＿＿＿＿＿＿＿＿＿＿
＿＿＿＿＿＿＿＿＿＿
＿＿＿＿＿＿＿＿＿＿
＿＿＿＿＿＿＿＿＿＿
＿＿＿＿□□■＿＿＿
＿□＿□□□■＿＿＿
□□□□□□■＿＿＿
□□□□□□■＿＿＿
□□□□□□□＿＿＿
□□□□□□□＿＿＿
□□□□□□□＿＿＿
□□□□□□□□＿＿
□□□□□□□□□＿
00:47:46(85999f):field(85998f)
＿＿＿＿＿＿＿＿＿＿
＿＿＿＿＿＿＿＿＿＿
＿＿＿＿＿＿＿＿＿＿
＿＿＿＿＿＿＿＿＿＿
＿＿＿＿＿＿＿＿＿＿
＿＿＿＿＿＿＿＿＿＿
＿＿＿＿＿＿＿＿＿＿
＿＿＿＿＿＿＿＿＿＿
＿＿＿＿＿＿＿＿＿＿
＿＿＿＿＿■■＿＿＿
＿＿＿＿＿■■＿＿＿
＿＿＿＿□□□＿＿＿
＿□＿□□□□＿＿＿
□□□□□□□＿＿＿
□□□□□□□＿＿＿
□□□□□□□＿＿＿
□□□□□□□＿＿＿
□□□□□□□＿＿＿
□□□□□□□□＿＿
□□□□□□□□□＿
00:47:47(86016f):field(86015f)
＿＿＿＿＿＿＿＿＿＿
＿＿＿＿＿＿＿＿＿＿
＿＿＿＿＿＿＿＿＿＿
＿＿＿＿＿＿＿＿＿＿
＿＿＿＿＿＿＿＿＿＿
＿＿＿＿＿＿＿＿＿＿
＿＿＿＿＿＿＿＿＿＿
＿＿＿＿＿＿＿＿＿＿
＿＿＿＿＿＿＿＿＿＿
＿＿＿＿＿□□＿＿＿
＿■＿＿＿□□＿＿＿
＿■■＿□□□＿＿＿
＿□■□□□□＿＿＿
□□□□□□□＿＿＿
□□□□□□□＿＿＿
□□□□□□□＿＿＿
□□□□□□□＿＿＿
□□□□□□□＿＿＿
□□□□□□□□＿＿
□□□□□□□□□＿
00:47:47(86027f):field(86026f)
＿＿＿＿＿＿＿＿＿＿
＿＿＿＿＿＿＿＿＿＿
＿＿＿＿＿＿＿＿＿＿
＿＿＿＿＿＿＿＿＿＿
＿＿＿＿＿＿＿＿＿＿
＿＿＿＿＿＿＿＿＿＿
＿＿＿＿＿＿＿＿＿＿
＿＿＿＿＿＿＿＿＿＿
＿＿＿＿＿＿＿＿＿＿
＿＿＿＿＿□□＿＿＿
＿□■■■□□＿＿＿
＿□□■□□□＿＿＿
＿□□□□□□＿＿＿
□□□□□□□＿＿＿
□□□□□□□＿＿＿
□□□□□□□＿＿＿
□□□□□□□＿＿＿
□□□□□□□＿＿＿
□□□□□□□□＿＿
□□□□□□□□□＿
00:47:48(86040f):field(86039f)
＿＿＿＿＿＿＿＿＿＿
＿＿＿＿＿＿＿＿＿＿
＿＿＿＿＿＿＿＿＿＿
＿＿＿＿＿＿＿＿＿＿
＿＿＿＿＿＿＿＿＿＿
＿＿＿＿＿＿＿＿＿＿
＿＿＿＿＿＿＿＿＿＿
＿＿＿＿＿＿＿＿＿＿
＿＿■＿＿＿＿＿＿＿
＿＿■■■□□＿＿＿
＿□□□□□□＿＿＿
＿□□□□□□＿＿＿
＿□□□□□□＿＿＿
□□□□□□□＿＿＿
□□□□□□□＿＿＿
□□□□□□□＿＿＿
□□□□□□□＿＿＿
□□□□□□□＿＿＿
□□□□□□□□＿＿
□□□□□□□□□＿
00:47:48(86052f):field(86051f)
＿＿＿＿＿＿＿＿＿＿
＿＿＿＿＿＿＿＿＿＿
＿＿＿＿＿＿＿＿＿＿
＿＿＿＿＿＿＿＿＿＿
＿＿＿＿＿＿＿＿＿＿
＿＿＿＿＿＿＿＿＿＿
＿＿＿＿＿＿＿＿＿＿
＿＿＿＿＿■＿＿＿＿
＿＿□■■■＿＿＿＿
＿＿□□□□□＿＿＿
＿□□□□□□＿＿＿
＿□□□□□□＿＿＿
＿□□□□□□＿＿＿
□□□□□□□＿＿＿
□□□□□□□＿＿＿
□□□□□□□＿＿＿
□□□□□□□＿＿＿
□□□□□□□＿＿＿
□□□□□□□□＿＿
□□□□□□□□□＿
00:47:48(86065f):field(86064f)
＿＿＿＿＿＿＿＿＿＿
＿＿＿＿＿＿＿＿＿＿
＿＿＿＿＿＿＿＿＿＿
＿＿＿＿＿＿＿＿＿＿
＿＿＿＿＿＿＿＿＿＿
＿＿＿＿＿＿＿＿＿＿
＿＿＿■■＿＿＿＿＿
＿＿＿■■□＿＿＿＿
＿＿□□□□＿＿＿＿
＿＿□□□□□＿＿＿
＿□□□□□□＿＿＿
＿□□□□□□＿＿＿
＿□□□□□□＿＿＿
□□□□□□□＿＿＿
□□□□□□□＿＿＿
□□□□□□□＿＿＿
□□□□□□□＿＿＿
□□□□□□□＿＿＿
□□□□□□□□＿＿
□□□□□□□□□＿
00:47:49(86083f):field(86082f)
＿＿＿＿＿＿＿＿＿＿
＿＿＿＿＿＿＿＿＿＿
＿＿＿＿＿＿＿＿＿＿
＿＿＿＿＿＿＿＿＿＿
＿＿＿＿＿＿＿＿＿＿
＿＿＿＿＿＿＿＿＿＿
＿＿＿◆◆＿＿＿＿＿
＿＿＿□□◆＿＿＿＿
＿＿◆□□□＿＿＿＿
＿＿□□□□◆＿＿＿
＿◆□□□□□＿＿＿
＿□□□□□□＿＿＿
＿□□□□□□＿＿＿
◆□□□□□□＿＿＿
□□□□□□□＿＿＿
□□□□□□□＿＿＿
□□□□□□□＿＿＿
□□□□□□□＿＿＿
□□□□□□□□■＿
□□□□□□□□□＿
00:47:49(86099f):field(86098f)
＿＿＿＿＿＿＿＿＿＿
＿＿＿＿＿＿＿＿＿＿
＿＿＿＿＿＿＿＿＿＿
＿＿＿＿＿＿＿＿＿＿
＿＿＿＿＿＿＿＿＿＿
＿＿＿＿＿＿＿＿＿＿
＿＿＿＿＿＿＿＿＿＿
＿＿＿◆◆＿＿＿＿＿
＿＿＿□□◆＿＿＿＿
＿＿◆□□□＿＿＿＿
＿＿□□□□◆＿＿＿
＿◆□□□□□＿＿＿
＿□□□□□□＿＿＿
＿□□□□□□＿＿＿
◆□□□□□□＿＿＿
□□□□□□□＿＿＿
□□□□□□□＿＿＿
□□□□□□□＿＿■
□□□□□□□◆□■
□□□□□□□□□＿
00:47:50(86111f):field(86110f)
＿＿＿＿＿＿＿＿＿＿
＿＿＿＿＿＿＿＿＿＿
＿＿＿＿＿＿＿＿＿＿
＿＿＿＿＿＿＿＿＿＿
＿＿＿＿＿＿＿＿＿＿
＿＿＿＿＿＿＿＿＿＿
＿＿＿＿＿＿＿＿＿＿
＿＿＿■■■＿＿＿＿
＿＿＿□□■＿＿＿＿
＿＿＿□□□＿＿＿＿
＿＿□□□□＿＿＿＿
＿＿□□□□□＿＿＿
＿□□□□□□＿＿＿
＿□□□□□□＿＿＿
＿□□□□□□＿＿＿
□□□□□□□＿＿＿
□□□□□□□＿＿＿
□□□□□□□＿＿□
□□□□□□□＿□□
□□□□□□□□□＿
00:47:51(86130f):field(86129f)
＿＿＿＿＿＿＿＿＿＿
＿＿＿＿＿＿＿＿＿＿
＿＿＿＿＿＿＿＿＿＿
＿＿＿＿＿＿＿＿＿＿
＿＿＿＿＿＿＿＿＿＿
＿＿＿＿＿＿＿＿＿＿
＿＿＿＿＿＿＿＿＿＿
＿＿＿◆◆◆＿＿＿＿
＿＿＿□□□＿＿＿＿
＿＿＿□□□＿＿＿＿
＿＿◆□□□＿＿＿＿
＿＿□□□□◆＿＿＿
＿◆□□□□□＿＿＿
＿□□□□□□＿＿＿
＿□□□□□□＿＿＿
◆□□□□□□＿＿＿
□□□□□□□＿＿＿
□□□□□□□＿■□
□□□□□□□＿□□
□□□□□□□□□＿
00:47:51(86145f):field(86144f)
＿＿＿＿＿＿＿＿＿＿
＿＿＿＿＿＿＿＿＿＿
＿＿＿＿＿＿＿＿＿＿
＿＿＿＿＿＿＿＿＿＿
＿＿＿＿＿＿＿＿＿＿
＿＿＿＿＿＿＿＿＿＿
＿＿＿■■＿＿＿＿＿
＿＿＿■■＿＿＿＿＿
＿＿＿□□□＿＿＿＿
＿＿＿□□□＿＿＿＿
＿＿＿□□□＿＿＿＿
＿＿□□□□＿＿＿＿
＿＿□□□□□＿＿＿
＿□□□□□□＿＿＿
＿□□□□□□＿＿＿
＿□□□□□□＿＿＿
□□□□□□□＿＿＿
□□□□□□□＿□□
□□□□□□□＿□□
□□□□□□□□□＿
00:47:51(86154f):field(86153f)
＿＿＿＿＿＿＿＿＿＿
＿＿＿＿＿＿＿＿＿＿
＿＿＿＿＿＿＿＿＿＿
＿＿＿＿＿＿＿＿＿＿
＿＿＿＿＿＿＿＿＿＿
＿＿＿＿＿＿＿＿＿＿
＿＿＿◆◆＿＿＿＿＿
＿＿＿◆◆＿＿＿＿＿
＿＿＿□□◆＿＿＿＿
＿＿＿□□◆＿＿＿＿
＿＿＿□□□＿＿＿＿
＿＿◆□□□＿＿＿＿
＿＿◆□□□◆＿＿＿
＿◆□□□□◆＿＿＿
＿◆□□□□□＿＿＿
＿□□□□□□＿＿＿
◆□□□□□□＿＿＿
□□□□□□□■◆◆
□□□□□□□■◆◆
□□□□□□□□□＿
00:47:52(86170f):field(86169f)
＿＿＿＿＿＿＿＿＿＿
＿＿＿＿＿＿＿＿＿＿
＿＿＿＿＿＿＿＿＿＿
＿＿＿＿＿＿＿＿＿＿
＿＿＿＿＿＿＿＿＿＿
＿＿＿＿＿＿＿＿＿＿
＿＿＿＿＿＿＿＿＿＿
＿＿＿＿＿＿＿＿＿＿
＿＿＿◆◆＿＿＿＿＿
＿＿＿◆◆＿＿＿＿＿
＿＿＿□□◆＿＿＿＿
＿＿＿□□◆＿＿＿＿
＿＿＿□□□＿＿＿＿
＿＿◆□□□＿＿＿＿
＿＿◆□□□◆＿＿＿
＿◆□□□□◆＿＿＿
＿◆□□□□□＿＿＿
◆□□□□□□◆＿＿
◆□□□□□□◆■＿
□□□□□□□□□■
00:47:52(86182f):field(86181f)
＿＿＿＿＿＿＿＿＿＿
＿＿＿＿＿＿＿＿＿＿
＿＿＿＿＿＿＿＿＿＿
＿＿＿＿＿＿＿＿＿＿
＿＿＿＿＿＿＿＿＿＿
＿＿＿＿＿＿＿＿＿＿
＿＿＿＿＿＿＿＿＿＿
＿＿＿＿＿＿＿＿＿＿
＿＿＿＿＿＿＿＿＿＿
＿＿＿＿＿＿＿＿＿＿
＿＿＿□□＿＿＿＿＿
＿＿＿□□＿＿＿＿＿
＿＿＿□□□＿＿＿＿
＿＿＿□□□＿＿＿＿
＿＿＿□□□＿＿＿＿
＿＿□□□□＿＿＿＿
＿＿□□□□□＿＿＿
＿□□□□□□＿＿■
＿□□□□□□＿□■
◆□□□□□□□□□
00:47:53(86201f):field(86200f)
＿＿＿＿＿＿＿＿＿＿
＿＿＿＿＿＿＿＿＿＿
＿＿＿＿＿＿＿＿＿＿
＿＿＿＿＿＿＿＿＿＿
＿＿＿＿＿＿＿＿＿＿
＿＿＿＿＿＿＿＿＿＿
＿＿＿＿＿＿＿＿＿＿
＿＿＿＿＿＿＿＿＿＿
＿＿＿＿＿＿＿＿＿＿
＿＿＿＿＿＿＿＿＿＿
＿＿＿□□＿＿＿＿＿
＿＿＿□□■■＿＿＿
＿＿＿□□□■＿＿＿
＿＿＿□□□■＿＿＿
＿＿＿□□□＿＿＿＿
＿＿□□□□＿＿＿＿
＿＿□□□□□＿＿＿
＿□□□□□□＿＿□
＿□□□□□□＿□□
＿□□□□□□□□□
00:47:53(86213f):field(86212f)
＿＿＿＿＿＿＿＿＿＿
＿＿＿＿＿＿＿＿＿＿
＿＿＿＿＿＿＿＿＿＿
＿＿＿＿＿＿＿＿＿＿
＿＿＿＿＿＿＿＿＿＿
＿＿＿＿＿＿＿＿＿＿
＿＿＿＿＿＿＿＿＿＿
＿＿＿＿＿＿＿＿＿＿
＿＿＿■■＿＿＿＿＿
＿＿＿■■＿＿＿＿＿
＿＿＿□□＿＿＿＿＿
＿＿＿□□□□＿＿＿
＿＿＿□□□□＿＿＿
＿＿＿□□□□＿＿＿
＿＿＿□□□＿＿＿＿
＿＿□□□□＿＿＿＿
＿＿□□□□□＿＿＿
＿□□□□□□＿＿□
＿□□□□□□＿□□
＿□□□□□□□□□
00:47:54(86234f):field(86233f)
＿＿＿＿＿＿＿＿＿＿
＿＿＿＿＿＿＿＿＿＿
＿＿＿＿＿＿＿＿＿＿
＿＿＿＿＿＿＿＿＿＿
＿＿＿＿＿＿＿＿＿＿
＿＿＿＿＿＿＿＿＿＿
＿＿＿＿＿＿＿＿＿＿
＿＿＿＿＿■＿＿＿＿
＿＿＿□□■＿＿＿＿
＿＿＿□□■＿＿＿＿
＿＿＿□□■＿＿＿＿
＿＿＿□□□□＿＿＿
＿＿＿□□□□＿＿＿
＿＿＿□□□□＿＿＿
＿＿＿□□□＿＿＿＿
＿＿□□□□＿＿＿＿
＿＿□□□□□＿＿＿
＿□□□□□□＿＿□
＿□□□□□□＿□□
＿□□□□□□□□□
00:47:54(86243f):field(86242f)
＿＿＿＿＿＿＿＿＿＿
＿＿＿＿＿＿＿＿＿＿
＿＿＿＿＿＿＿＿＿＿
＿＿＿＿＿＿＿＿＿＿
＿＿＿＿＿＿＿＿＿＿
＿＿＿＿■＿＿＿＿＿
＿＿＿＿■■＿＿＿＿
＿＿＿＿■□＿＿＿＿
＿＿＿□□□＿＿＿＿
＿＿＿□□□＿＿＿＿
＿＿＿□□□＿＿＿＿
＿＿＿□□□□＿＿＿
＿＿＿□□□□＿＿＿
＿＿＿□□□□＿＿＿
＿＿＿□□□＿＿＿＿
＿＿□□□□＿＿＿＿
＿＿□□□□□＿＿＿
＿□□□□□□＿＿□
＿□□□□□□＿□□
＿□□□□□□□□□
00:47:55(86259f):field(86258f)
＿＿＿＿＿＿＿＿＿＿
＿＿＿＿＿＿＿＿＿＿
＿＿＿＿＿＿＿＿＿＿
＿＿＿＿＿＿＿＿＿＿
＿＿＿＿＿＿＿＿＿＿
＿＿＿＿□＿＿＿＿＿
＿＿＿＿□□＿＿＿＿
＿＿＿＿□□＿＿＿＿
＿＿＿□□□＿＿＿＿
＿＿＿□□□＿＿＿＿
＿＿＿□□□＿＿＿＿
＿＿＿□□□□＿＿＿
＿＿＿□□□□＿＿＿
＿＿＿□□□□＿＿＿
＿＿＿□□□＿＿＿＿
＿＿□□□□＿＿＿＿
＿＿□□□□□■■＿
＿□□□□□□■＿□
＿□□□□□□■□□
＿□□□□□□□□□
00:47:55(86275f):field(86274f)
＿＿＿＿＿＿＿＿＿＿
＿＿＿＿＿＿＿＿＿＿
＿＿＿＿＿＿＿＿＿＿
＿＿＿＿＿＿＿＿＿＿
＿＿＿＿＿＿＿＿＿＿
＿＿＿＿□＿＿＿＿＿
＿＿＿＿□□＿＿＿＿
＿＿＿＿□□＿＿＿＿
＿＿＿□□□＿＿＿＿
＿＿＿□□□＿＿＿＿
＿＿＿□□□＿＿＿＿
＿＿＿□□□□＿＿＿
＿＿＿□□□□＿＿＿
＿＿＿□□□□＿＿＿
＿＿＿□□□■■■＿
＿＿□□□□■＿＿＿
＿＿□□□□□□□＿
＿□□□□□□□＿□
＿□□□□□□□□□
＿□□□□□□□□□
00:47:56(86290f):field(86289f)
＿＿＿＿＿＿＿＿＿＿
＿＿＿＿＿＿＿＿＿＿
＿＿＿＿＿＿＿＿＿＿
＿＿＿＿＿＿＿＿＿＿
＿＿＿＿＿＿＿＿＿＿
＿＿＿＿□＿＿＿＿＿
＿＿＿＿□□＿＿＿＿
＿＿＿＿□□＿＿＿＿
＿＿＿□□□＿＿＿＿
＿＿＿□□□＿＿＿＿
＿＿＿□□□＿＿＿＿
＿＿＿□□□□＿＿＿
＿＿＿□□□□＿■＿
＿＿＿□□□□＿■■
＿＿＿□□□□□□■
＿＿□□□□□＿＿＿
＿＿□□□□□□□＿
＿□□□□□□□＿□
＿□□□□□□□□□
＿□□□□□□□□□
00:47:56(86306f):field(86305f)
＿＿＿＿＿＿＿＿＿＿
＿＿＿＿＿＿＿＿＿＿
＿＿＿＿＿＿＿＿＿＿
＿＿＿＿＿＿＿＿＿＿
＿＿＿＿＿＿＿＿＿＿
＿＿＿＿□＿＿＿＿＿
＿＿＿＿□□＿＿＿＿
＿＿＿＿□□＿＿＿＿
＿＿＿□□□＿＿＿＿
＿＿＿□□□＿＿＿＿
＿＿＿□□□＿＿＿＿
＿＿＿□□□□＿＿＿
＿＿＿□□□□＿□＿
＿＿＿□□□□＿□□
＿＿＿□□□□□□□
■■□□□□□＿＿＿
■■□□□□□□□＿
＿□□□□□□□＿□
＿□□□□□□□□□
＿□□□□□□□□□
00:47:57(86319f):field(86318f)
＿＿＿＿＿＿＿＿＿＿
＿＿＿＿＿＿＿＿＿＿
＿＿＿＿＿＿＿＿＿＿
＿＿＿＿＿＿＿＿＿＿
＿＿＿＿＿＿＿＿＿＿
＿＿＿＿□＿＿＿＿＿
＿＿＿＿□□＿＿＿＿
＿＿＿＿□□＿＿＿＿
＿＿＿□□□＿＿＿＿
＿＿＿□□□＿＿＿＿
＿＿＿□□□＿■＿＿
＿＿＿□□□□■＿＿
＿＿＿□□□□■□＿
＿＿＿□□□□■□□
＿＿＿□□□□□□□
□□□□□□□＿＿＿
□□□□□□□□□＿
＿□□□□□□□＿□
＿□□□□□□□□□
＿□□□□□□□□□
00:47:57(86334f):field(86333f)
＿＿＿＿＿＿＿＿＿＿
＿＿＿＿＿＿＿＿＿＿
＿＿＿＿＿＿＿＿＿＿
＿＿＿＿＿＿＿＿＿＿
＿＿＿＿＿＿＿＿＿＿
＿＿＿＿◆＿＿＿＿＿
＿＿＿＿□◆＿＿＿＿
＿＿＿＿□□＿＿＿＿
＿＿＿◆□□＿＿＿＿
＿＿＿□□□＿＿＿＿
＿＿＿□□□＿◆＿＿
＿＿＿□□□◆□＿＿
＿＿＿□□□□□◆＿
＿＿＿□□□□□□◆
■＿＿□□□□□□□
□□□□□□□＿＿■
□□□□□□□□□＿
＿□□□□□□□＿□
＿□□□□□□□□□
＿□□□□□□□□□
00:47:58(86345f):field(86344f)
＿＿＿＿＿＿＿＿＿＿
＿＿＿＿＿＿＿＿＿＿
＿＿＿＿＿＿＿＿＿＿
＿＿＿＿＿＿＿＿＿＿
＿＿＿＿＿＿＿＿＿＿
＿＿＿＿＿＿＿＿＿＿
＿＿＿＿◆＿＿＿＿＿
＿＿＿＿□◆＿＿＿＿
＿＿＿＿□□＿＿＿＿
＿＿＿◆□□＿＿＿＿
＿＿＿□□□＿＿＿＿
＿＿＿□□□＿◆＿＿
＿＿＿□□□◆□＿＿
＿■■□□□□□◆＿
◆■＿□□□□□□◆
□□□□□□□＿＿◆
□□□□□□□□□■
＿□□□□□□□＿□
＿□□□□□□□□□
＿□□□□□□□□□
00:47:58(86359f):field(86358f)
＿＿＿＿＿＿＿＿＿＿
＿＿＿＿＿＿＿＿＿＿
＿＿＿＿＿＿＿＿＿＿
＿＿＿＿＿＿＿＿＿＿
＿＿＿＿＿＿＿＿＿＿
＿＿＿＿＿＿＿＿＿＿
＿＿＿＿＿＿＿＿＿＿
＿＿＿＿□＿＿＿＿＿
＿＿＿＿□□＿＿＿＿
＿＿＿＿□□＿＿＿＿
＿＿＿□□□＿■＿＿
＿＿＿□□□■■＿＿
＿＿＿□□□■□＿＿
＿□◆□□□□□＿＿
＿□＿□□□□□□＿
□□□□□□□＿＿＿
□□□□□□□□□◆
＿□□□□□□□＿□
＿□□□□□□□□□
＿□□□□□□□□□
00:47:59(86372f):field(86371f)
＿＿＿＿＿＿＿＿＿＿
＿＿＿＿＿＿＿＿＿＿
＿＿＿＿＿＿＿＿＿＿
＿＿＿＿＿＿＿＿＿＿
＿＿＿＿＿＿＿＿＿＿
＿＿＿＿＿＿＿＿＿＿
＿＿＿＿＿＿＿＿＿＿
＿＿＿＿□＿＿＿＿＿
＿＿＿＿□□＿＿＿＿
＿＿＿＿□□＿＿＿＿
＿＿＿□□□＿□＿＿
＿＿＿□□□□□＿＿
＿＿＿□□□□□■■
＿□＿□□□□□■■
＿□＿□□□□□□＿
□□□□□□□＿＿＿
□□□□□□□□□＿
＿□□□□□□□＿□
＿□□□□□□□□□
＿□□□□□□□□□
00:47:59(86385f):field(86384f)
＿＿＿＿＿＿＿＿＿＿
＿＿＿＿＿＿＿＿＿＿
＿＿＿＿＿＿＿＿＿＿
＿＿＿＿＿＿＿＿＿＿
＿＿＿＿＿＿＿＿＿＿
＿＿＿＿■＿＿＿＿＿
＿＿＿＿■■＿＿＿＿
＿＿＿＿□■＿＿＿＿
＿＿＿＿□□＿＿＿＿
＿＿＿＿□□＿＿＿＿
＿＿＿□□□＿□＿＿
＿＿＿□□□□□＿＿
＿＿＿□□□□□□□
＿□＿□□□□□□□
＿□＿□□□□□□＿
□□□□□□□＿＿＿
□□□□□□□□□＿
＿□□□□□□□＿□
＿□□□□□□□□□
＿□□□□□□□□□
00:48:00(86402f):field(86401f)
＿＿＿＿＿＿＿＿＿＿
＿＿＿＿＿＿＿＿＿＿
＿＿＿＿＿＿＿＿＿＿
＿＿＿＿＿＿＿＿＿＿
＿＿＿＿＿＿＿＿＿＿
＿＿＿＿□＿＿＿＿＿
＿＿＿＿□□＿＿＿＿
＿＿＿＿□□＿＿＿＿
＿＿＿＿□□＿＿＿＿
＿＿＿＿□□＿＿＿＿
＿＿＿□□□＿□＿＿
＿＿＿□□□□□＿＿
■■＿□□□□□□□
■□＿□□□□□□□
■□＿□□□□□□＿
□□□□□□□＿＿＿
□□□□□□□□□＿
＿□□□□□□□＿□
＿□□□□□□□□□
＿□□□□□□□□□
00:48:00(86415f):field(86414f)
＿＿＿＿＿＿＿＿＿＿
＿＿＿＿＿＿＿＿＿＿
＿＿＿＿＿＿＿＿＿＿
＿＿＿＿＿＿＿＿＿＿
＿＿＿＿＿＿＿＿＿＿
＿＿＿＿◆＿＿＿＿＿
＿＿＿＿◆◆＿＿＿＿
＿＿＿＿□◆＿＿＿＿
＿＿＿＿□□＿＿＿＿
＿＿＿＿□□＿＿＿＿
＿＿＿◆□□＿◆＿＿
＿＿＿□□□□□＿＿
◆◆＿□□□□□□◆
◆□■□□□□□◆□
□□■□□□□□□＿
□□□□□□□＿＿＿
□□□□□□□□□＿
＿□□□□□□□＿□
＿□□□□□□□□□
＿□□□□□□□□□
00:48:00(86429f):field(86428f)
＿＿＿＿＿＿＿＿＿＿
＿＿＿＿＿＿＿＿＿＿
＿＿＿＿＿＿＿＿＿＿
＿＿＿＿＿＿＿＿＿＿
＿＿＿＿＿＿＿＿＿＿
＿＿＿＿＿＿＿＿＿＿
＿＿＿＿＿＿＿＿＿＿
＿＿＿＿□＿＿＿＿＿
＿＿＿＿□□＿＿＿＿
＿＿＿＿□□＿＿＿＿
＿＿＿＿□□＿＿＿＿
■＿＿◆□□◆◆＿＿
■＿＿□□□◆□◆＿
■□□□□□□□＿◆
□□□□□□□□□＿
□□□□□□□＿＿＿
□□□□□□□□□＿
＿□□□□□□□＿□
＿□□□□□□□□□
＿□□□□□□□□□
00:48:01(86441f):field(86440f)
＿＿＿＿＿＿＿＿＿＿
＿＿＿＿＿＿＿＿＿＿
＿＿＿＿＿＿＿＿＿＿
＿＿＿＿＿＿＿＿＿＿
＿＿＿＿＿＿＿＿＿＿
＿＿＿＿＿＿＿＿＿＿
＿＿＿＿＿＿＿＿＿＿
＿＿＿＿□＿＿＿＿＿
＿＿＿＿□□＿＿＿＿
＿＿＿＿□□＿＿＿＿
＿＿＿■□□＿＿＿＿
□＿■■□□＿＿＿＿
□＿■□□□＿□＿＿
□□□□□□□□＿＿
□□□□□□□□□＿
□□□□□□□＿＿＿
□□□□□□□□□＿
＿□□□□□□□＿□
＿□□□□□□□□□
＿□□□□□□□□□
00:48:01(86456f):field(86455f)
＿＿＿＿＿＿＿＿＿＿
＿＿＿＿＿＿＿＿＿＿
＿＿＿＿＿＿＿＿＿＿
＿＿＿＿＿＿＿＿＿＿
＿＿＿＿＿＿＿＿＿＿
＿＿＿＿＿＿＿＿＿＿
＿＿＿＿＿＿＿＿＿＿
＿＿＿＿◆＿＿＿＿＿
＿＿＿＿◆◆＿＿＿＿
＿＿＿＿□◆＿＿＿＿
＿＿＿◆□□＿＿＿＿
◆＿◆◆□□＿＿＿＿
□＿◆□□□＿◆＿＿
□□□□□□◆◆＿■
□□□□□□◆□□＿
□□□□□□□■＿＿
□□□□□□□□□＿
＿□□□□□□□＿□
＿□□□□□□□□□
＿□□□□□□□□□
00:48:02(86468f):field(86467f)
＿＿＿＿＿＿＿＿＿＿
＿＿＿＿＿＿＿＿＿＿
＿＿＿＿＿＿＿＿＿＿
＿＿＿＿＿＿＿＿＿＿
＿＿＿＿＿＿＿＿＿＿
＿＿＿＿＿＿＿＿＿＿
＿＿＿＿＿＿＿＿＿＿
＿＿＿＿＿＿＿＿＿＿
＿＿＿＿＿＿＿＿＿＿
＿＿＿＿□＿＿＿＿＿
＿＿＿＿□□＿＿＿＿
＿＿＿＿□□＿＿＿＿
◆＿＿□□□■＿＿＿
□◆□□□□■■＿◆
□◆□□□□■□□＿
□□□□□□□◆＿＿
□□□□□□□□□＿
＿□□□□□□□＿□
＿□□□□□□□□□
＿□□□□□□□□□
00:48:02(86483f):field(86482f)
＿＿＿＿＿＿＿＿＿＿
＿＿＿＿＿＿＿＿＿＿
＿＿＿＿＿＿＿＿＿＿
＿＿＿＿＿＿＿＿＿＿
＿＿＿＿＿＿＿＿＿＿
＿＿＿＿＿＿＿＿＿＿
＿＿＿＿＿＿＿＿＿＿
＿＿＿＿＿＿＿＿＿＿
＿＿＿＿＿＿＿＿＿＿
＿＿＿＿◆＿＿＿＿＿
＿＿＿＿□◆＿＿＿＿
＿＿＿＿□□＿＿＿＿
＿＿＿◆□□◆＿＿＿
◆＿◆□□□□◆＿＿
□＿□□□□□□◆■
□□□□□□□■■■
□□□□□□□◆◆■
＿□□□□□□□＿□
■□□□□□□□□□
＿□□□□□□□□□
00:48:03(86496f):field(86495f)
＿＿＿＿＿＿＿＿＿＿
＿＿＿＿＿＿＿＿＿＿
＿＿＿＿＿＿＿＿＿＿
＿＿＿＿＿＿＿＿＿＿
＿＿＿＿＿＿＿＿＿＿
＿＿＿＿＿＿＿＿＿＿
＿＿＿＿＿＿＿＿＿＿
＿＿＿＿＿＿＿＿＿＿
＿＿＿＿＿＿＿＿＿＿
＿＿＿＿＿＿＿＿＿＿
＿＿＿＿□＿＿＿＿＿
＿＿＿＿□□＿＿＿＿
＿＿＿＿□□＿＿■■
＿＿＿□□□□＿■■
□＿□□□□□□＿□
□◆□□□□□□□□
□□□□□□□＿＿□
＿□□□□□□□＿□
◆□□□□□□□□□
＿□□□□□□□□□
00:48:03(86507f):field(86506f)
＿＿＿＿＿＿＿＿＿＿
＿＿＿＿＿＿＿＿＿＿
＿＿＿＿＿＿＿＿＿＿
＿＿＿＿＿＿＿＿＿＿
＿＿＿＿＿＿＿＿＿＿
＿＿＿＿＿＿＿＿＿＿
＿＿＿＿＿＿＿＿＿＿
＿＿＿＿＿＿＿＿＿＿
＿＿＿＿＿＿＿＿＿＿
＿＿＿＿＿＿＿＿＿＿
＿＿＿＿◆＿＿＿＿＿
＿＿＿＿□◆＿＿＿＿
＿＿＿＿□□＿＿◆◆
＿＿＿◆□□◆＿□□
◆■□□□□□◆■□
□■□□□□□□◆□
□□□□□□□＿■□
＿□□□□□□□＿□
＿□□□□□□□□□
＿□□□□□□□□□
00:48:04(86521f):field(86520f)
＿＿＿＿＿＿＿＿＿＿
＿＿＿＿＿＿＿＿＿＿
＿＿＿＿＿＿＿＿＿＿
＿＿＿＿＿＿＿＿＿＿
＿＿＿＿＿＿＿＿＿＿
＿＿＿＿＿＿＿＿＿＿
＿＿＿＿＿＿＿＿＿＿
＿＿＿＿＿＿＿＿＿＿
＿＿＿＿＿＿＿＿＿＿
＿＿＿＿＿＿＿＿＿＿
＿＿＿＿＿＿＿＿＿＿
＿＿＿＿□＿＿＿＿＿
＿＿＿＿□□＿＿＿＿
■■■＿□□＿＿□□
■□□□□□□＿□□
□□□□□□□□＿□
□□□□□□□＿◆□
＿□□□□□□□＿□
＿□□□□□□□□□
＿□□□□□□□□□
00:48:04(86536f):field(86535f)
＿＿＿＿＿＿＿＿＿＿
＿＿＿＿＿＿＿＿＿＿
＿＿＿＿＿＿＿＿＿＿
＿＿＿＿＿＿＿＿＿＿
＿＿＿＿＿＿＿＿＿＿
＿＿＿＿＿＿＿＿＿＿
＿＿＿＿＿＿＿＿＿＿
＿＿＿＿＿＿＿＿＿＿
＿＿＿＿＿＿＿＿＿＿
＿＿＿＿＿＿＿＿＿＿
＿＿＿＿■■＿＿＿＿
＿＿＿＿□■■＿＿＿
＿＿＿＿□□＿＿＿＿
□□□＿□□＿＿□□
□□□□□□□＿□□
□□□□□□□□＿□
□□□□□□□＿＿□
＿□□□□□□□＿□
＿□□□□□□□□□
＿□□□□□□□□□
00:48:05(86550f):field(86549f)
＿＿＿＿＿＿＿＿＿＿
＿＿＿＿＿＿＿＿＿＿
＿＿＿＿＿＿＿＿＿＿
＿＿＿＿＿＿＿＿＿＿
＿＿＿＿＿＿＿＿＿＿
＿＿＿＿＿＿＿＿＿＿
＿＿＿＿＿＿＿＿＿＿
＿＿＿＿＿＿＿＿＿＿
＿＿＿＿＿＿＿＿＿＿
＿＿＿＿＿＿＿＿＿＿
＿＿＿＿□□＿＿＿＿
＿＿＿■□□□＿＿＿
＿＿■■□□＿＿＿＿
□□□■□□＿＿□□
□□□□□□□＿□□
□□□□□□□□＿□
□□□□□□□＿＿□
＿□□□□□□□＿□
＿□□□□□□□□□
＿□□□□□□□□□
00:48:05(86561f):field(86560f)
＿＿＿＿＿＿＿＿＿＿
＿＿＿＿＿＿＿＿＿＿
＿＿＿＿＿＿＿＿＿＿
＿＿＿＿＿＿＿＿＿＿
＿＿＿＿＿＿＿＿＿＿
＿＿＿＿＿＿＿＿＿＿
＿＿＿＿＿＿＿＿＿＿
＿＿＿＿＿＿＿＿＿＿
＿＿＿＿＿＿＿＿＿＿
＿＿＿＿＿＿＿＿＿＿
＿＿＿＿□□＿＿＿＿
■■＿□□□□＿＿＿
■■□□□□＿＿＿＿
□□□□□□＿＿□□
□□□□□□□＿□□
□□□□□□□□＿□
□□□□□□□＿＿□
＿□□□□□□□＿□
＿□□□□□□□□□
＿□□□□□□□□□
00:48:05(86574f):field(86573f)
＿＿＿＿＿＿＿＿＿＿
＿＿＿＿＿＿＿＿＿＿
＿＿＿＿＿＿＿＿＿＿
＿＿＿＿＿＿＿＿＿＿
＿＿＿＿＿＿＿＿＿＿
＿＿＿＿＿＿＿＿＿＿
＿＿＿＿＿＿＿＿＿＿
＿＿＿＿＿＿＿＿＿＿
＿＿＿＿＿＿＿＿＿＿
＿＿＿＿＿＿＿＿＿＿
＿＿＿＿◆◆＿＿＿＿
◆◆＿◆□□◆＿＿＿
□□◆□□□■■＿＿
□□□□□□＿■◆◆
□□□□□□◆■□□
□□□□□□□□＿□
□□□□□□□■＿□
＿□□□□□□□＿□
＿□□□□□□□□□
＿□□□□□□□□□
00:48:06(86590f):field(86589f)
＿＿＿＿＿＿＿＿＿＿
＿＿＿＿＿＿＿＿＿＿
＿＿＿＿＿＿＿＿＿＿
＿＿＿＿＿＿＿＿＿＿
＿＿＿＿＿＿＿＿＿＿
＿＿＿＿＿＿＿＿＿＿
＿＿＿＿＿＿＿＿＿＿
＿＿＿＿＿＿＿＿＿＿
＿＿＿＿＿＿＿＿＿＿
＿＿＿＿＿＿＿＿＿＿
＿＿＿＿＿＿＿＿＿＿
■■■＿□□＿＿＿＿
□□■□□□□□＿＿
□□□□□□＿□＿＿
□□□□□□＿□□□
□□□□□□□□＿□
□□□□□□□◆＿□
＿□□□□□□□＿□
＿□□□□□□□□□
＿□□□□□□□□□
00:48:06(86601f):field(86600f)
＿＿＿＿＿＿＿＿＿＿
＿＿＿＿＿＿＿＿＿＿
＿＿＿＿＿＿＿＿＿＿
＿＿＿＿＿＿＿＿＿＿
＿＿＿＿＿＿＿＿＿＿
＿＿＿＿＿＿＿＿＿＿
＿＿＿＿＿＿＿＿＿＿
＿＿＿＿＿＿＿＿＿＿
＿＿＿＿＿＿＿＿＿＿
＿＿■＿＿＿＿＿＿＿
＿＿■■＿＿＿＿＿＿
□□□■□□＿＿＿＿
□□□□□□□□＿＿
□□□□□□＿□＿＿
□□□□□□＿□□□
□□□□□□□□＿□
□□□□□□□＿＿□
＿□□□□□□□＿□
＿□□□□□□□□□
＿□□□□□□□□□
00:48:07(86616f):field(86615f)
＿＿＿＿＿＿＿＿＿＿
＿＿＿＿＿＿＿＿＿＿
＿＿＿＿＿＿＿＿＿＿
＿＿＿＿＿＿＿＿＿＿
＿＿＿＿＿＿＿＿＿＿
＿＿＿＿＿＿＿＿＿＿
＿＿＿＿＿＿＿＿＿＿
＿＿＿＿＿＿＿＿＿＿
＿＿＿＿＿＿＿＿＿＿
＿＿◆＿＿＿＿＿＿＿
＿＿□◆＿＿＿＿＿＿
◆◆□□◆◆＿■＿＿
□□□□□□◆◆■■
□□□□□□■□＿■
□□□□□□■□□□
□□□□□□□□＿□
□□□□□□□＿＿□
＿□□□□□□□＿□
＿□□□□□□□□□
＿□□□□□□□□□
00:48:07(86627f):field(86626f)
＿＿＿＿＿＿＿＿＿＿
＿＿＿＿＿＿＿＿＿＿
＿＿＿＿＿＿＿＿＿＿
＿＿＿＿＿＿＿＿＿＿
＿＿＿＿＿＿＿＿＿＿
＿＿＿＿＿＿＿＿＿＿
＿＿＿＿＿＿＿＿＿＿
＿＿＿＿＿＿＿＿＿＿
＿＿＿＿＿＿＿＿＿＿
＿＿＿＿＿＿＿＿＿＿
＿＿□＿■■＿＿＿＿
＿＿□□■■＿◆＿＿
□□□□□□＿＿◆□
□□□□□□◆□＿□
□□□□□□◆□□□
□□□□□□□□＿□
□□□□□□□＿＿□
＿□□□□□□□＿□
＿□□□□□□□□□
＿□□□□□□□□□
00:48:07(86638f):field(86637f)
＿＿＿＿＿＿＿＿＿＿
＿＿＿＿＿＿＿＿＿＿
＿＿＿＿＿＿＿＿＿＿
＿＿＿＿＿＿＿＿＿＿
＿＿＿＿＿＿＿＿＿＿
＿＿＿＿＿＿＿＿＿＿
＿＿＿＿＿＿＿＿＿＿
＿＿＿＿＿＿＿＿＿＿
＿＿＿＿＿＿＿＿＿＿
＿＿＿■■■＿＿＿＿
＿＿□■□□＿＿＿＿
＿＿□□□□＿＿＿＿
□□□□□□＿＿＿□
□□□□□□＿□＿□
□□□□□□＿□□□
□□□□□□□□＿□
□□□□□□□＿＿□
＿□□□□□□□＿□
＿□□□□□□□□□
＿□□□□□□□□□
00:48:08(86650f):field(86649f)
＿＿＿＿＿＿＿＿＿＿
＿＿＿＿＿＿＿＿＿＿
＿＿＿＿＿＿＿＿＿＿
＿＿＿＿＿＿＿＿＿＿
＿＿＿＿＿＿＿＿＿＿
＿＿＿＿＿＿＿＿＿＿
＿＿＿＿■＿＿＿＿＿
＿＿＿■■＿＿＿＿＿
＿＿＿■＿＿＿＿＿＿
＿＿＿□□□＿＿＿＿
＿＿□□□□＿＿＿＿
＿＿□□□□＿＿＿＿
□□□□□□＿＿＿□
□□□□□□＿□＿□
□□□□□□＿□□□
□□□□□□□□＿□
□□□□□□□＿＿□
＿□□□□□□□＿□
＿□□□□□□□□□
＿□□□□□□□□□
00:48:08(86664f):field(86663f)
＿＿＿＿＿＿＿＿＿＿
＿＿＿＿＿＿＿＿＿＿
＿＿＿＿＿＿＿＿＿＿
＿＿＿＿＿＿＿＿＿＿
＿＿＿＿＿＿＿＿＿＿
＿＿＿＿＿＿＿＿＿＿
＿＿＿＿□＿＿＿＿＿
＿＿＿□□＿＿＿＿＿
＿＿＿□＿＿＿＿＿＿
＿＿＿□□□＿＿＿＿
■■□□□□＿＿＿＿
■■□□□□＿＿＿＿
□□□□□□＿＿＿□
□□□□□□＿□＿□
□□□□□□＿□□□
□□□□□□□□＿□
□□□□□□□＿＿□
＿□□□□□□□＿□
＿□□□□□□□□□
＿□□□□□□□□□
00:48:09(86677f):field(86676f)
＿＿＿＿＿＿＿＿＿＿
＿＿＿＿＿＿＿＿＿＿
＿＿＿＿＿＿＿＿＿＿
＿＿＿＿＿＿＿＿＿＿
＿＿＿＿＿＿＿＿＿＿
＿＿＿＿＿＿＿＿＿＿
＿＿＿＿◆＿＿＿＿＿
＿＿＿◆□＿＿＿＿＿
＿＿＿□■＿＿＿＿＿
＿＿＿□◆◆＿＿＿＿
◆◆◆□□□＿＿＿＿
□□□□□□＿＿＿＿
□□□□□□■＿＿◆
□□□□□□■◆＿□
□□□□□□■□◆□
□□□□□□□□＿□
□□□□□□□＿＿□
＿□□□□□□□＿□
＿□□□□□□□□□
＿□□□□□□□□□
00:48:09(86692f):field(86691f)
＿＿＿＿＿＿＿＿＿＿
＿＿＿＿＿＿＿＿＿＿
＿＿＿＿＿＿＿＿＿＿
＿＿＿＿＿＿＿＿＿＿
＿＿＿＿＿＿＿＿＿＿
＿＿＿＿＿＿＿＿＿＿
＿＿＿＿＿＿＿＿＿＿
＿＿＿＿□■＿＿＿＿
＿＿＿□□■＿＿＿＿
＿＿＿□■■＿＿＿＿
＿＿＿□□□＿＿＿＿
□□□□□□＿＿＿＿
□□□□□□□＿＿＿
□□□□□□□＿＿□
□□□□□□□□＿□
□□□□□□□□＿□
□□□□□□□＿＿□
＿□□□□□□□＿□
＿□□□□□□□□□
＿□□□□□□□□□
00:48:10(86704f):field(86703f)
＿＿＿＿＿＿＿＿＿＿
＿＿＿＿＿＿＿＿＿＿
＿＿＿＿＿＿＿＿＿＿
＿＿＿＿＿＿＿＿＿＿
＿＿＿＿＿＿＿＿＿＿
＿＿＿＿＿＿＿＿＿＿
＿＿＿＿＿＿＿＿＿＿
＿＿＿＿◆◆＿＿＿＿
＿＿＿◆◆◆＿＿＿＿
＿＿＿◆◆◆＿＿＿＿
＿＿＿◆□□＿＿＿＿
◆◆◆□□□＿＿＿＿
◆◆◆□□□◆＿＿＿
□◆□□□□◆＿■◆
□□□□□□□□■□
□□□□□□□□■□
□□□□□□□■■□
＿□□□□□□□＿□
＿□□□□□□□□□
＿□□□□□□□□□
00:48:10(86719f):field(86718f)
＿＿＿＿＿＿＿＿＿＿
＿＿＿＿＿＿＿＿＿＿
＿＿＿＿＿＿＿＿＿＿
＿＿＿＿＿＿＿＿＿＿
＿＿＿＿＿＿＿＿＿＿
＿＿＿＿＿＿＿＿＿＿
＿＿＿＿＿＿＿＿＿＿
＿＿＿＿＿＿＿＿＿＿
＿＿＿＿＿＿＿＿＿＿
＿＿＿＿＿＿＿＿＿＿
＿＿＿＿□□＿＿＿＿
＿＿＿□□□＿＿＿＿
＿＿＿□□□＿＿＿＿
◆＿◆□□□＿＿◆＿
□□□□□□◆◆◆□
□□□□□□□◆□□
□□□□□□□◆□□
＿□□□□□□□＿□
＿□□□□□□□□□
＿□□□□□□□□□
00:48:11(86737f):field(86736f)
＿＿＿＿＿＿＿＿＿＿
＿＿＿＿＿＿＿＿＿＿
＿＿＿＿＿＿＿＿＿＿
＿＿＿＿＿＿＿＿＿＿
＿＿＿＿＿＿＿＿＿＿
＿＿＿＿＿＿＿＿＿＿
＿＿＿＿＿＿＿＿＿＿
＿＿＿＿＿＿＿＿＿＿
＿＿＿＿＿＿＿＿＿＿
＿＿＿＿＿＿＿＿＿＿
＿＿＿＿□□＿＿＿＿
＿＿＿□□□＿＿＿＿
＿■＿□□□＿＿＿＿
■■■□□□＿＿＿＿
□□□□□□＿＿＿□
□□□□□□□＿□□
□□□□□□□＿□□
＿□□□□□□□＿□
＿□□□□□□□□□
＿□□□□□□□□□
00:48:11(86750f):field(86749f)
＿＿＿＿＿＿＿＿＿＿
＿＿＿＿＿＿＿＿＿＿
＿＿＿＿＿＿＿＿＿＿
＿＿＿＿＿＿＿＿＿＿
＿＿＿＿＿＿＿＿＿＿
＿＿＿＿＿＿＿＿＿＿
＿＿＿＿＿＿＿＿＿＿
＿＿＿＿＿＿＿＿＿＿
＿＿＿＿＿＿＿＿＿＿
＿＿＿＿＿＿＿＿＿＿
＿＿＿＿◆◆＿＿＿＿
＿＿＿◆◆◆＿＿＿＿
＿◆＿◆□□＿＿＿＿
◆◆◆□□□＿＿＿＿
◆□◆□□□＿＿＿◆
□□□□□□◆■□◆
□□□□□□◆■□□
＿□□□□□□□＿□
＿□□□□□□□□□
＿□□□□□□□□□
00:48:12(86764f):field(86763f)
＿＿＿＿＿＿＿＿＿＿
＿＿＿＿＿＿＿＿＿＿
＿＿＿＿＿＿＿＿＿＿
＿＿＿＿＿＿＿＿＿＿
＿＿＿＿＿＿＿＿＿＿
＿＿＿＿＿＿＿＿＿＿
＿＿＿＿＿＿＿＿＿＿
＿＿＿＿＿＿＿＿＿＿
＿＿＿＿＿＿＿＿＿＿
＿＿＿＿＿＿＿＿＿＿
＿＿＿＿＿＿＿＿＿＿
＿＿＿＿＿＿＿＿＿＿
＿＿＿＿□□＿＿＿＿
＿＿＿□□□＿＿＿＿
＿□＿□□□■■＿＿
□□□□□□■□◆＿
□□□□□□■□◆□
＿□□□□□□□＿□
＿□□□□□□□□□
＿□□□□□□□□□
00:48:12(86775f):field(86774f)
＿＿＿＿＿＿＿＿＿＿
＿＿＿＿＿＿＿＿＿＿
＿＿＿＿＿＿＿＿＿＿
＿＿＿＿＿＿＿＿＿＿
＿＿＿＿＿＿＿＿＿＿
＿＿＿＿＿＿＿＿＿＿
＿＿＿＿＿＿＿＿＿＿
＿＿＿＿＿＿＿＿＿＿
＿＿＿＿＿＿＿＿＿＿
＿＿＿＿＿＿＿＿＿＿
＿＿＿＿＿＿＿＿＿＿
＿＿＿■■■＿＿＿＿
＿＿＿■□□＿＿＿＿
＿＿＿□□□＿＿＿＿
＿□＿□□□□□＿＿
□□□□□□□□＿＿
□□□□□□□□＿□
＿□□□□□□□＿□
＿□□□□□□□□□
＿□□□□□□□□□
00:48:12(86789f):field(86788f)
＿＿＿＿＿＿＿＿＿＿
＿＿＿＿＿＿＿＿＿＿
＿＿＿＿＿＿＿＿＿＿
＿＿＿＿＿＿＿＿＿＿
＿＿＿＿＿＿＿＿＿＿
＿＿＿＿＿＿＿＿＿＿
＿＿＿＿＿＿＿＿＿＿
＿＿＿＿＿＿＿＿＿＿
＿＿＿＿＿＿＿＿＿＿
＿＿＿＿＿＿＿＿＿＿
＿＿＿＿＿＿＿＿＿＿
＿＿＿□□□＿＿＿＿
＿■＿□□□＿＿＿＿
■■＿□□□＿＿＿＿
■□＿□□□□□＿＿
□□□□□□□□＿＿
□□□□□□□□＿□
＿□□□□□□□＿□
＿□□□□□□□□□
＿□□□□□□□□□
00:48:13(86800f):field(86799f)
＿＿＿＿＿＿＿＿＿＿
＿＿＿＿＿＿＿＿＿＿
＿＿＿＿＿＿＿＿＿＿
＿＿＿＿＿＿＿＿＿＿
＿＿＿＿＿＿＿＿＿＿
＿＿＿＿＿＿＿＿＿＿
＿＿＿＿＿＿＿＿＿＿
＿＿＿＿＿＿＿＿＿＿
＿＿＿＿＿＿＿＿＿＿
＿＿＿＿＿＿＿＿＿＿
■＿＿＿＿＿＿＿＿＿
■■＿□□□＿＿＿＿
■□＿□□□＿＿＿＿
□□＿□□□＿＿＿＿
□□＿□□□□□＿＿
□□□□□□□□＿＿
□□□□□□□□＿□
＿□□□□□□□＿□
＿□□□□□□□□□
＿□□□□□□□□□
00:48:14(86821f):field(86820f)
＿＿＿＿＿＿＿＿＿＿
＿＿＿＿＿＿＿＿＿＿
＿＿＿＿＿＿＿＿＿＿
＿＿＿＿＿＿＿＿＿＿
＿＿＿＿＿＿＿＿＿＿
＿＿＿＿＿＿＿＿＿＿
＿＿＿＿＿＿＿＿＿＿
＿＿＿＿＿＿＿＿＿＿
＿＿＿＿＿＿＿＿＿＿
＿＿＿＿＿＿＿＿＿＿
□＿＿＿＿＿＿＿＿＿
□□＿□□□＿＿＿＿
□□＿□□□＿＿＿＿
□□＿□□□＿＿■＿
□□＿□□□□□■■
□□□□□□□□＿■
□□□□□□□□＿□
＿□□□□□□□＿□
＿□□□□□□□□□
＿□□□□□□□□□
00:48:14(86833f):field(86832f)
＿＿＿＿＿＿＿＿＿＿
＿＿＿＿＿＿＿＿＿＿
＿＿＿＿＿＿＿＿＿＿
＿＿＿＿＿＿＿＿＿＿
＿＿＿＿＿＿＿＿＿＿
＿＿＿＿＿＿＿＿＿＿
＿＿＿＿＿＿＿＿＿＿
＿＿＿＿＿＿＿＿＿＿
＿＿＿＿＿＿＿＿＿＿
＿＿＿＿＿＿＿＿＿＿
◆＿＿＿＿＿＿＿＿＿
□◆＿◆◆◆＿＿＿＿
□□■□□□＿＿＿＿
□□■□□□＿＿◆＿
□□■□□□◆◆□◆
□□□□□□□□＿□
□□□□□□□□＿□
＿□□□□□□□＿□
＿□□□□□□□□□
＿□□□□□□□□□
00:48:14(86846f):field(86845f)
＿＿＿＿＿＿＿＿＿＿
＿＿＿＿＿＿＿＿＿＿
＿＿＿＿＿＿＿＿＿＿
＿＿＿＿＿＿＿＿＿＿
＿＿＿＿＿＿＿＿＿＿
＿＿＿＿＿＿＿＿＿＿
＿＿＿＿＿＿＿＿＿＿
＿＿＿＿＿＿＿＿＿＿
＿＿＿＿＿＿＿＿＿＿
＿＿＿＿＿＿＿＿＿＿
＿＿＿＿＿＿＿＿＿＿
□＿＿＿＿＿＿＿＿＿
□□□□□□＿■＿＿
□□□□□□＿■＿＿
□□□□□□■■□＿
□□□□□□□□＿□
□□□□□□□□＿□
＿□□□□□□□＿□
＿□□□□□□□□□
＿□□□□□□□□□
00:48:15(86858f):field(86857f)
＿＿＿＿＿＿＿＿＿＿
＿＿＿＿＿＿＿＿＿＿
＿＿＿＿＿＿＿＿＿＿
＿＿＿＿＿＿＿＿＿＿
＿＿＿＿＿＿＿＿＿＿
＿＿＿＿＿＿＿＿＿＿
＿＿＿＿＿＿＿＿＿＿
＿＿＿＿＿＿＿＿＿＿
＿＿＿＿＿＿＿＿＿＿
＿＿＿＿＿＿＿＿＿＿
■■＿＿＿＿＿＿＿＿
□■■＿＿＿＿＿＿＿
□□□□□□＿□＿＿
□□□□□□＿□＿＿
□□□□□□□□□＿
□□□□□□□□＿□
□□□□□□□□＿□
＿□□□□□□□＿□
＿□□□□□□□□□
＿□□□□□□□□□
00:48:15(86869f):field(86868f)
＿＿＿＿＿＿＿＿＿＿
＿＿＿＿＿＿＿＿＿＿
＿＿＿＿＿＿＿＿＿＿
＿＿＿＿＿＿＿＿＿＿
＿＿＿＿＿＿＿＿＿＿
＿＿＿＿＿＿＿＿＿＿
＿＿＿＿＿＿＿＿＿＿
＿＿＿＿＿＿＿＿＿＿
＿＿＿＿＿＿＿＿＿＿
＿＿＿＿＿＿＿＿＿＿
□□＿■■＿＿＿＿＿
□□□■■＿＿＿＿＿
□□□□□□＿□＿＿
□□□□□□＿□＿＿
□□□□□□□□□＿
□□□□□□□□＿□
□□□□□□□□＿□
＿□□□□□□□＿□
＿□□□□□□□□□
＿□□□□□□□□□
00:48:16(86883f):field(86882f)
＿＿＿＿＿＿＿＿＿＿
＿＿＿＿＿＿＿＿＿＿
＿＿＿＿＿＿＿＿＿＿
＿＿＿＿＿＿＿＿＿＿
＿＿＿＿＿＿＿＿＿＿
＿＿＿＿＿＿＿＿＿＿
＿＿＿＿＿＿＿＿＿＿
＿＿＿＿＿＿＿＿＿＿
＿＿＿＿＿＿＿＿＿＿
＿＿＿＿＿＿＿＿＿＿
□□＿□□＿＿＿＿＿
□□□□□■■＿＿＿
□□□□□□■□＿＿
□□□□□□■□＿＿
□□□□□□□□□＿
□□□□□□□□＿□
□□□□□□□□＿□
＿□□□□□□□＿□
＿□□□□□□□□□
＿□□□□□□□□□
00:48:16(86895f):field(86894f)
＿＿＿＿＿＿＿＿＿＿
＿＿＿＿＿＿＿＿＿＿
＿＿＿＿＿＿＿＿＿＿
＿＿＿＿＿＿＿＿＿＿
＿＿＿＿＿＿＿＿＿＿
＿＿＿＿＿＿＿＿＿＿
＿＿＿＿＿＿＿＿＿＿
＿＿＿＿＿＿＿＿＿＿
＿＿＿＿＿＿＿＿＿＿
＿＿＿＿＿＿＿＿＿＿
◆◆＿◆◆＿＿＿＿＿
◆◆◆◆◆◆◆＿＿＿
□□◆□□◆◆◆■＿
□□□□□□□□＿■
□□□□□□□□□＿
□□□□□□□□■□
□□□□□□□□＿□
＿□□□□□□□＿□
＿□□□□□□□□□
＿□□□□□□□□□
00:48:16(86909f):field(86908f)
＿＿＿＿＿＿＿＿＿＿
＿＿＿＿＿＿＿＿＿＿
＿＿＿＿＿＿＿＿＿＿
＿＿＿＿＿＿＿＿＿＿
＿＿＿＿＿＿＿＿＿＿
＿＿＿＿＿＿＿＿＿＿
＿＿＿＿＿＿＿＿＿＿
＿＿＿＿＿＿＿＿＿＿
＿＿＿＿＿＿＿＿＿＿
＿＿＿＿＿＿＿＿＿＿
＿＿＿＿＿＿＿＿＿＿
＿＿＿＿＿＿＿＿＿＿
◆◆＿◆◆＿＿＿◆＿
□□◆□□◆◆◆＿□
□□□□□□□◆□■
□□□□□□□□□□
□□□□□□□□■□
＿□□□□□□□＿□
＿□□□□□□□□□
＿□□□□□□□□□
00:48:17(86922f):field(86921f)
＿＿＿＿＿＿＿＿＿＿
＿＿＿＿＿＿＿＿＿＿
＿＿＿＿＿＿＿＿＿＿
＿＿＿＿＿＿＿＿＿＿
＿＿＿＿＿＿＿＿＿＿
＿＿＿＿＿＿＿＿＿＿
＿＿＿＿＿＿＿＿＿＿
＿＿＿＿＿＿＿＿＿＿
＿＿＿＿＿＿＿＿＿＿
＿＿＿＿＿＿＿＿＿＿
＿＿＿＿＿＿＿＿＿＿
＿＿＿＿＿＿＿＿＿＿
＿＿＿＿■■＿＿＿＿
□□＿□□■■＿＿□
□□□□□□□＿□□
□□□□□□□□◆□
□□□□□□□□◆□
＿□□□□□□□＿□
＿□□□□□□□□□
＿□□□□□□□□□
00:48:17(86938f):field(86937f)
＿＿＿＿＿＿＿＿＿＿
＿＿＿＿＿＿＿＿＿＿
＿＿＿＿＿＿＿＿＿＿
＿＿＿＿＿＿＿＿＿＿
＿＿＿＿＿＿＿＿＿＿
＿＿＿＿＿＿＿＿＿＿
＿＿＿＿＿＿＿＿＿＿
＿＿＿＿＿＿＿＿＿＿
＿＿＿＿＿＿＿＿＿＿
＿＿＿＿＿＿＿＿＿＿
＿＿＿＿＿＿＿＿＿＿
＿＿＿＿＿＿＿＿＿＿
■■■＿□□＿＿＿＿
□□■□□□□＿＿□
□□□□□□□＿□□
□□□□□□□□＿□
□□□□□□□□＿□
＿□□□□□□□＿□
＿□□□□□□□□□
＿□□□□□□□□□
00:48:18(86950f):field(86949f)
＿＿＿＿＿＿＿＿＿＿
＿＿＿＿＿＿＿＿＿＿
＿＿＿＿＿＿＿＿＿＿
＿＿＿＿＿＿＿＿＿＿
＿＿＿＿＿＿＿＿＿＿
＿＿＿＿＿＿＿＿＿＿
＿＿＿＿＿＿＿＿＿＿
＿＿＿＿＿＿＿＿＿＿
＿＿＿＿＿＿＿＿＿＿
＿＿＿＿＿＿＿＿＿＿
■■＿＿＿＿＿＿＿＿
■■＿＿＿＿＿＿＿＿
□□□＿□□＿＿＿＿
□□□□□□□＿＿□
□□□□□□□＿□□
□□□□□□□□＿□
□□□□□□□□＿□
＿□□□□□□□＿□
＿□□□□□□□□□
＿□□□□□□□□□
00:48:18(86963f):field(86962f)
＿＿＿＿＿＿＿＿＿＿
＿＿＿＿＿＿＿＿＿＿
＿＿＿＿＿＿＿＿＿＿
＿＿＿＿＿＿＿＿＿＿
＿＿＿＿＿＿＿＿＿＿
＿＿＿＿＿＿＿＿＿＿
＿＿＿＿＿＿＿＿＿＿
＿＿＿＿＿＿＿＿＿＿
＿＿＿＿＿＿＿＿＿＿
＿＿＿＿＿＿＿＿＿＿
□□■＿＿＿＿＿＿＿
□□■■＿＿＿＿＿＿
□□□■□□＿＿＿＿
□□□□□□□＿＿□
□□□□□□□＿□□
□□□□□□□□＿□
□□□□□□□□＿□
＿□□□□□□□＿□
＿□□□□□□□□□
＿□□□□□□□□□
00:48:19(86977f):field(86976f)
＿＿＿＿＿＿＿＿＿＿
＿＿＿＿＿＿＿＿＿＿
＿＿＿＿＿＿＿＿＿＿
＿＿＿＿＿＿＿＿＿＿
＿＿＿＿＿＿＿＿＿＿
＿＿＿＿＿＿＿＿＿＿
＿＿＿＿＿＿＿＿＿＿
＿＿＿＿＿＿＿＿＿＿
＿＿＿＿＿＿＿＿＿＿
＿＿＿＿＿＿＿＿＿＿
◆◆◆＿＿＿＿＿＿＿
□□□◆＿＿＿＿＿＿
□□□□◆◆＿＿＿＿
□□□□□□□■＿◆
□□□□□□□■□□
□□□□□□□□＿□
□□□□□□□□＿□
＿□□□□□□□＿□
＿□□□□□□□□□
＿□□□□□□□□□
00:48:19(86988f):field(86987f)
＿＿＿＿＿＿＿＿＿＿
＿＿＿＿＿＿＿＿＿＿
＿＿＿＿＿＿＿＿＿＿
＿＿＿＿＿＿＿＿＿＿
＿＿＿＿＿＿＿＿＿＿
＿＿＿＿＿＿＿＿＿＿
＿＿＿＿＿＿＿＿＿＿
＿＿＿＿＿＿＿＿＿＿
＿＿＿＿＿＿＿＿＿＿
＿＿＿＿＿＿＿＿＿＿
＿＿＿＿＿＿＿＿＿＿
◆◆◆＿＿＿＿＿＿＿
◆◆◆◆＿＿＿＿＿＿
◆◆◆◆◆◆◆◆＿＿
□□□◆◆□◆□◆◆
□□□□◆□□◆■□
□□□□□□□□■□
■□□□□□□□■□
＿□□□□□□□□□
＿□□□□□□□□□
00:48:20(87005f):field(87004f)
＿＿＿＿＿＿＿＿＿＿
＿＿＿＿＿＿＿＿＿＿
＿＿＿＿＿＿＿＿＿＿
＿＿＿＿＿＿＿＿＿＿
＿＿＿＿＿＿＿＿＿＿
＿＿＿＿＿＿＿＿＿＿
＿＿＿＿＿＿＿＿＿＿
＿＿＿＿＿＿＿＿＿＿
＿＿＿＿＿＿＿＿＿＿
＿＿＿＿＿＿＿＿＿＿
＿＿＿＿＿＿＿＿＿＿
＿＿＿＿＿＿＿＿＿＿
＿＿＿＿＿＿＿＿＿＿
＿＿＿＿■＿＿＿＿＿
□□□■■◆＿◆＿＿
□□□□■◆◆＿◆◆
□□□□□□□□◆◆
◆□□□□□□□□□
＿□□□□□□□□□
＿□□□□□□□□□
00:48:20(87020f):field(87019f)
＿＿＿＿＿＿＿＿＿＿
＿＿＿＿＿＿＿＿＿＿
＿＿＿＿＿＿＿＿＿＿
＿＿＿＿＿＿＿＿＿＿
＿＿＿＿＿＿＿＿＿＿
＿＿＿＿＿＿＿＿＿＿
＿＿＿＿＿＿＿＿＿＿
＿＿＿＿＿＿＿＿＿＿
＿＿＿＿＿＿＿＿＿＿
＿＿＿＿＿＿＿＿＿＿
＿＿＿＿＿＿＿＿＿＿
＿＿＿＿＿＿＿＿＿＿
＿＿＿＿＿＿＿＿＿＿
＿＿＿＿◆＿＿＿＿＿
◆◆◆◆□＿＿＿＿＿
□□□□□＿＿＿＿＿
□□□□□◆◆□■＿
＿□□□□□□□□□
＿□□□□□□□□□
＿□□□□□□□□□
00:48:21(87035f):field(87034f)
＿＿＿＿＿＿＿＿＿＿
＿＿＿＿＿＿＿＿＿＿
＿＿＿＿＿＿＿＿＿＿
＿＿＿＿＿＿＿＿＿＿
＿＿＿＿＿＿＿＿＿＿
＿＿＿＿＿＿＿＿＿＿
＿＿＿＿＿＿＿＿＿＿
＿＿＿＿＿＿＿＿＿＿
＿＿＿＿＿＿＿＿＿＿
＿＿＿＿＿＿＿＿＿＿
＿＿＿＿＿＿＿＿＿＿
＿＿＿＿＿＿＿＿＿＿
＿＿＿＿＿＿＿＿＿＿
＿＿＿＿＿＿＿＿＿＿
＿＿＿＿□＿■＿＿＿
□□□□□＿■＿＿＿
□□□□□■■□□＿
＿□□□□□□□□□
＿□□□□□□□□□
＿□□□□□□□□□
00:48:21(87050f):field(87049f)
＿＿＿＿＿＿＿＿＿＿
＿＿＿＿＿＿＿＿＿＿
＿＿＿＿＿＿＿＿＿＿
＿＿＿＿＿＿＿＿＿＿
＿＿＿＿＿＿＿＿＿＿
＿＿＿＿＿＿＿＿＿＿
＿＿＿＿＿＿＿＿＿＿
＿＿＿＿＿＿＿＿＿＿
＿＿＿＿＿＿＿＿＿＿
＿＿＿＿＿＿＿＿＿＿
＿＿＿＿＿＿＿＿＿＿
＿＿＿＿＿＿＿＿＿＿
＿＿＿＿＿＿＿＿＿＿
＿＿＿＿■■＿＿＿＿
＿＿＿＿□■□＿＿＿
□□□□□■□＿＿＿
□□□□□□□□□＿
＿□□□□□□□□□
＿□□□□□□□□□
＿□□□□□□□□□
00:48:22(87061f):field(87060f)
＿＿＿＿＿＿＿＿＿＿
＿＿＿＿＿＿＿＿＿＿
＿＿＿＿＿＿＿＿＿＿
＿＿＿＿＿＿＿＿＿＿
＿＿＿＿＿＿＿＿＿＿
＿＿＿＿＿＿＿＿＿＿
＿＿＿＿＿＿＿＿＿＿
＿＿＿＿＿＿＿＿＿＿
＿＿＿＿＿＿＿＿＿＿
＿＿＿＿＿＿＿＿＿＿
＿＿＿＿＿＿＿＿＿＿
＿＿＿＿＿＿＿＿＿＿
＿＿＿＿＿＿＿＿＿＿
＿＿＿＿◆◆＿＿＿＿
＿＿＿＿□□◆＿＿■
◆◆◆◆□□□＿＿■
□□□□□□□◆◆■
＿□□□□□□□□□
＿□□□□□□□□□
＿□□□□□□□□□
00:48:22(87075f):field(87074f)
＿＿＿＿＿＿＿＿＿＿
＿＿＿＿＿＿＿＿＿＿
＿＿＿＿＿＿＿＿＿＿
＿＿＿＿＿＿＿＿＿＿
＿＿＿＿＿＿＿＿＿＿
＿＿＿＿＿＿＿＿＿＿
＿＿＿＿＿＿＿＿＿＿
＿＿＿＿＿＿＿＿＿＿
＿＿＿＿＿＿＿＿＿＿
＿＿＿＿＿＿＿＿＿＿
＿＿＿＿＿＿＿＿＿＿
＿＿＿＿＿＿＿＿＿＿
＿＿＿＿＿＿＿＿＿＿
＿＿＿＿＿＿＿＿＿＿
＿＿＿＿◆◆＿＿＿◆
＿＿＿＿□□◆＿＿□
◆◆◆□□□□■■□
＿□□□□□□□□□
＿□□□□□□□□□
＿□□□□□□□□□
00:48:22(87086f):field(87085f)
＿＿＿＿＿＿＿＿＿＿
＿＿＿＿＿＿＿＿＿＿
＿＿＿＿＿＿＿＿＿＿
＿＿＿＿＿＿＿＿＿＿
＿＿＿＿＿＿＿＿＿＿
＿＿＿＿＿＿＿＿＿＿
＿＿＿＿＿＿＿＿＿＿
＿＿＿＿＿＿＿＿＿＿
＿＿＿＿＿＿＿＿＿＿
＿＿＿＿＿＿＿＿＿＿
＿＿＿＿＿＿＿＿＿＿
＿＿＿＿＿＿＿＿＿＿
＿＿＿＿＿＿＿＿＿＿
＿＿＿＿＿＿＿＿＿＿
＿＿＿＿＿＿＿＿■■
＿＿＿＿□□＿■■□
＿＿＿◆□□□□□□
＿□□□□□□□□□
＿□□□□□□□□□
＿□□□□□□□□□
00:48:23(87101f):field(87100f)
＿＿＿＿＿＿＿＿＿＿
＿＿＿＿＿＿＿＿＿＿
＿＿＿＿＿＿＿＿＿＿
＿＿＿＿＿＿＿＿＿＿
＿＿＿＿＿＿＿＿＿＿
＿＿＿＿＿＿＿＿＿＿
＿＿＿＿＿＿＿＿＿＿
＿＿＿＿＿＿＿＿＿＿
＿＿＿＿＿＿＿＿＿＿
＿＿＿＿＿＿＿＿＿＿
＿＿＿＿＿＿＿＿＿＿
＿＿＿＿＿＿＿＿＿＿
＿＿＿＿＿＿＿＿＿＿
＿＿＿＿＿＿＿＿＿＿
＿＿＿＿＿■■■□□
＿＿＿＿□□■□□□
＿＿＿＿□□□□□□
＿□□□□□□□□□
＿□□□□□□□□□
＿□□□□□□□□□
00:48:23(87112f):field(87111f)
＿＿＿＿＿＿＿＿＿＿
＿＿＿＿＿＿＿＿＿＿
＿＿＿＿＿＿＿＿＿＿
＿＿＿＿＿＿＿＿＿＿
＿＿＿＿＿＿＿＿＿＿
＿＿＿＿＿＿＿＿＿＿
＿＿＿＿＿＿＿＿＿＿
＿＿＿＿＿＿＿＿＿＿
＿＿＿＿＿＿＿＿＿＿
＿＿＿＿＿＿＿＿＿＿
＿＿＿＿＿＿＿＿＿＿
＿＿＿＿＿＿＿＿＿＿
＿＿＿＿＿＿＿＿＿＿
＿＿＿＿■■＿＿＿＿
＿＿＿■■□□□□□
＿＿＿＿□□□□□□
＿＿＿＿□□□□□□
＿□□□□□□□□□
＿□□□□□□□□□
＿□□□□□□□□□
00:48:24(87127f):field(87126f)
＿＿＿＿＿＿＿＿＿＿
＿＿＿＿＿＿＿＿＿＿
＿＿＿＿＿＿＿＿＿＿
＿＿＿＿＿＿＿＿＿＿
＿＿＿＿＿＿＿＿＿＿
＿＿＿＿＿＿＿＿＿＿
＿＿＿＿＿＿＿＿＿＿
＿＿＿＿＿＿＿＿＿＿
＿＿＿＿＿＿＿＿＿＿
＿＿＿＿＿＿＿＿＿＿
＿＿＿＿＿＿＿＿＿＿
＿＿＿＿＿＿＿＿＿＿
＿＿＿＿＿＿＿＿＿＿
＿＿＿＿◆◆＿＿＿＿
＿＿＿◆◆◆◆◆◆◆
＿＿＿＿◆◆◆◆◆◆
■＿■＿□□◆◆◆◆
＿◆◆□□□□□□□
＿□□◆□□□□□□
■□◆◆□□□□□□
00:48:24(87139f):field(87138f)
＿＿＿＿＿＿＿＿＿＿
＿＿＿＿＿＿＿＿＿＿
＿＿＿＿＿＿＿＿＿＿
＿＿＿＿＿＿＿＿＿＿
＿＿＿＿＿＿＿＿＿＿
＿＿＿＿＿＿＿＿＿＿
＿＿＿＿＿＿＿＿＿＿
＿＿＿＿＿＿＿＿＿＿
＿＿＿＿＿＿＿＿＿＿
＿＿＿＿＿＿＿＿＿＿
＿＿＿＿＿＿＿＿＿＿
＿＿＿＿＿＿＿＿＿＿
＿＿＿＿＿＿＿＿＿＿
＿＿＿＿＿＿＿＿＿＿
＿＿＿＿＿＿＿＿＿＿
＿＿＿＿＿＿＿＿＿＿
◆＿◆＿□□＿＿＿＿
＿＿＿□□□□□□□
＿◆□■□□□□□□
□◆■■□□□□□□
00:48:25(87156f):field(87155f)
＿＿＿＿＿＿＿＿＿＿
＿＿＿＿＿＿＿＿＿＿
＿＿＿＿＿＿＿＿＿＿
＿＿＿＿＿＿＿＿＿＿
＿＿＿＿＿＿＿＿＿＿
＿＿＿＿＿＿＿＿＿＿
＿＿＿＿＿＿＿＿＿＿
＿＿＿＿＿＿＿＿＿＿
＿＿＿＿＿＿＿＿＿＿
＿＿＿＿＿＿＿＿＿＿
＿＿＿＿＿＿＿＿＿＿
＿＿＿＿＿＿＿＿＿＿
＿＿＿＿＿＿＿＿＿＿
＿＿＿＿＿＿＿＿＿＿
＿＿＿＿＿＿＿＿＿＿
＿＿＿＿＿＿＿＿＿＿
＿＿＿＿◆◆＿＿＿＿
＿＿＿◆□□◆◆◆◆
＿■□□□□□□□□
◆■□□□□□□□□
00:48:25(87168f):field(87167f)
＿＿＿＿＿＿＿＿＿＿
＿＿＿＿＿＿＿＿＿＿
＿＿＿＿＿＿＿＿＿＿
＿＿＿＿＿＿＿＿＿＿
＿＿＿＿＿＿＿＿＿＿
＿＿＿＿＿＿＿＿＿＿
＿＿＿＿＿＿＿＿＿＿
＿＿＿＿＿＿＿＿＿＿
＿＿＿＿＿＿＿＿＿＿
＿＿＿＿＿＿＿＿＿＿
＿＿＿＿＿＿＿＿＿＿
＿＿＿＿＿＿＿＿＿＿
＿＿＿＿＿＿＿＿＿＿
＿＿＿＿＿＿＿＿＿＿
＿＿＿＿＿＿＿＿＿＿
＿＿＿＿＿＿＿＿＿＿
＿＿＿■■■＿＿＿＿
＿＿＿■□□＿＿＿＿
＿□□□□□□□□□
＿□□□□□□□□□
00:48:26(87183f):field(87182f)
＿＿＿＿＿＿＿＿＿＿
＿＿＿＿＿＿＿＿＿＿
＿＿＿＿＿＿＿＿＿＿
＿＿＿＿＿＿＿＿＿＿
＿＿＿＿＿＿＿＿＿＿
＿＿＿＿＿＿＿＿＿＿
＿＿＿＿＿＿＿＿＿＿
＿＿＿＿＿＿＿＿＿＿
＿＿＿＿＿＿＿＿＿＿
＿＿＿＿＿＿＿＿＿＿
＿＿＿＿＿＿＿＿＿＿
＿＿＿＿＿＿＿＿＿＿
＿＿＿＿＿＿＿＿＿＿
＿＿＿＿＿＿＿＿＿＿
＿＿＿＿＿＿＿＿＿＿
＿＿＿＿＿＿＿＿＿＿
＿＿＿□□□＿■＿＿
＿＿＿□□□■■■＿
＿□□□□□□□□□
＿□□□□□□□□□
00:48:26(87194f):field(87193f)
＿＿＿＿＿＿＿＿＿＿
＿＿＿＿＿＿＿＿＿＿
＿＿＿＿＿＿＿＿＿＿
＿＿＿＿＿＿＿＿＿＿
＿＿＿＿＿＿＿＿＿＿
＿＿＿＿＿＿＿＿＿＿
＿＿＿＿＿＿＿＿＿＿
＿＿＿＿＿＿＿＿＿＿
＿＿＿＿＿＿＿＿＿＿
＿＿＿＿＿＿＿＿＿＿
＿＿＿＿＿＿＿＿＿＿
＿＿＿＿＿＿＿＿＿＿
＿＿＿＿＿＿＿＿＿＿
＿＿＿＿＿＿＿＿＿＿
＿＿＿＿＿■＿＿＿＿
＿＿＿＿＿■■＿＿＿
＿＿＿□□□■□＿＿
＿＿＿□□□□□□＿
＿□□□□□□□□□
＿□□□□□□□□□
00:48:26(87205f):field(87204f)
＿＿＿＿＿＿＿＿＿＿
＿＿＿＿＿＿＿＿＿＿
＿＿＿＿＿＿＿＿＿＿
＿＿＿＿＿＿＿＿＿＿
＿＿＿＿＿＿＿＿＿＿
＿＿＿＿＿＿＿＿＿＿
＿＿＿＿＿＿＿＿＿＿
＿＿＿＿＿＿＿＿＿＿
＿＿＿＿＿＿＿＿＿＿
＿＿＿＿＿＿＿＿＿＿
＿＿＿＿＿＿＿＿＿＿
＿＿＿＿＿＿＿＿＿＿
＿＿＿＿＿＿＿＿＿＿
＿＿＿＿＿＿＿＿＿＿
＿＿＿■■□＿＿＿＿
＿＿＿■■□□＿＿＿
＿＿＿□□□□□＿＿
＿＿＿□□□□□□＿
＿□□□□□□□□□
＿□□□□□□□□□
00:48:27(87219f):field(87218f)
＿＿＿＿＿＿＿＿＿＿
＿＿＿＿＿＿＿＿＿＿
＿＿＿＿＿＿＿＿＿＿
＿＿＿＿＿＿＿＿＿＿
＿＿＿＿＿＿＿＿＿＿
＿＿＿＿＿＿＿＿＿＿
＿＿＿＿＿＿＿＿＿＿
＿＿＿＿＿＿＿＿＿＿
＿＿＿＿＿＿＿＿＿＿
＿＿＿＿＿＿＿＿＿＿
＿＿＿＿＿＿＿＿＿＿
＿＿＿＿＿＿＿＿＿＿
＿＿＿＿＿＿＿＿＿＿
＿＿＿＿＿＿＿＿＿＿
＿＿＿◆◆◆＿＿＿＿
＿＿＿◆◆◆◆＿＿＿
＿＿＿□□□◆◆＿＿
＿■＿□□□□◆◆＿
■◆◆□□□□□□◆
■◆□□□□□□□◆
00:48:27(87236f):field(87235f)
＿＿＿＿＿＿＿＿＿＿
＿＿＿＿＿＿＿＿＿＿
＿＿＿＿＿＿＿＿＿＿
＿＿＿＿＿＿＿＿＿＿
＿＿＿＿＿＿＿＿＿＿
＿＿＿＿＿＿＿＿＿＿
＿＿＿＿＿＿＿＿＿＿
＿＿＿＿＿＿＿＿＿＿
＿＿＿＿＿＿＿＿＿＿
＿＿＿＿＿＿＿＿＿＿
＿＿＿＿＿＿＿＿＿＿
＿＿＿＿＿＿＿＿＿＿
＿＿＿＿＿＿＿＿＿＿
＿＿＿＿＿＿＿＿＿＿
＿＿＿＿＿＿＿＿＿＿
＿＿＿＿＿＿＿＿＿＿
＿＿＿□□□＿＿＿＿
＿◆＿□□□□■■＿
□＿＿□□□□□□■
□＿◆□□□□□□＿
00:48:28(87250f):field(87249f)
＿＿＿＿＿＿＿＿＿＿
＿＿＿＿＿＿＿＿＿＿
＿＿＿＿＿＿＿＿＿＿
＿＿＿＿＿＿＿＿＿＿
＿＿＿＿＿＿＿＿＿＿
＿＿＿＿＿＿＿＿＿＿
＿＿＿＿＿＿＿＿＿＿
＿＿＿＿＿＿＿＿＿＿
＿＿＿＿＿＿＿＿＿＿
＿＿＿＿＿＿＿＿＿＿
＿＿＿＿＿＿＿＿＿＿
＿＿＿＿＿＿＿＿＿＿
＿＿＿＿＿＿＿＿＿＿
＿＿＿＿＿＿＿＿＿＿
＿＿＿＿＿＿＿＿＿＿
＿＿＿＿＿＿＿＿＿＿
＿＿＿◆◆◆＿＿＿＿
＿＿■□□□◆◆◆＿
◆＿■□□□□□□◆
□＿■□□□□□□＿
00:48:28(87261f):field(87260f)
＿＿＿＿＿＿＿＿＿＿
＿＿＿＿＿＿＿＿＿＿
＿＿＿＿＿＿＿＿＿＿
＿＿＿＿＿＿＿＿＿＿
＿＿＿＿＿＿＿＿＿＿
＿＿＿＿＿＿＿＿＿＿
＿＿＿＿＿＿＿＿＿＿
＿＿＿＿＿＿＿＿＿＿
＿＿＿＿＿＿＿＿＿＿
＿＿＿＿＿＿＿＿＿＿
＿＿＿＿＿＿＿＿＿＿
＿＿＿＿＿＿＿＿＿＿
＿＿＿＿＿＿＿＿＿＿
＿＿＿＿＿＿＿＿＿＿
＿＿＿＿＿＿＿＿＿＿
＿＿＿■■＿＿＿＿＿
＿＿＿■■＿＿＿＿＿
＿＿◆□□□＿＿＿＿
＿＿□□□□□□□＿
□＿□□□□□□□＿
00:48:29(87276f):field(87275f)
＿＿＿＿＿＿＿＿＿＿
＿＿＿＿＿＿＿＿＿＿
＿＿＿＿＿＿＿＿＿＿
＿＿＿＿＿＿＿＿＿＿
＿＿＿＿＿＿＿＿＿＿
＿＿＿＿＿＿＿＿＿＿
＿＿＿＿＿＿＿＿＿＿
＿＿＿＿＿＿＿＿＿＿
＿＿＿＿＿＿＿＿＿＿
＿＿＿＿＿＿＿＿＿＿
＿＿＿＿＿＿＿＿＿＿
＿＿＿＿＿＿＿＿＿＿
＿＿＿＿＿＿＿＿＿＿
＿＿＿＿＿＿＿＿＿＿
＿＿＿＿■■＿＿＿＿
＿＿＿□□■＿＿＿＿
＿＿＿□□■＿＿＿＿
＿＿＿□□□＿＿＿＿
＿＿□□□□□□□＿
□＿□□□□□□□＿
00:48:29(87294f):field(87293f)
＿＿＿＿＿＿＿＿＿＿
＿＿＿＿＿＿＿＿＿＿
＿＿＿＿＿＿＿＿＿＿
＿＿＿＿＿＿＿＿＿＿
＿＿＿＿＿＿＿＿＿＿
＿＿＿＿＿＿＿＿＿＿
＿＿＿＿＿＿＿＿＿＿
＿＿＿＿＿＿＿＿＿＿
＿＿＿＿＿＿＿＿＿＿
＿＿＿＿＿＿＿＿＿＿
＿＿＿＿＿＿＿＿＿＿
＿＿＿＿＿＿＿＿＿＿
＿＿＿＿＿＿＿＿＿＿
＿＿＿＿＿＿＿＿＿＿
＿＿＿＿□□＿＿＿＿
＿＿＿□□□＿＿＿＿
＿＿＿□□□＿＿＿＿
＿■■□□□＿＿＿＿
＿■□□□□□□□＿
□■□□□□□□□＿
00:48:30(87306f):field(87305f)
＿＿＿＿＿＿＿＿＿＿
＿＿＿＿＿＿＿＿＿＿
＿＿＿＿＿＿＿＿＿＿
＿＿＿＿＿＿＿＿＿＿
＿＿＿＿＿＿＿＿＿＿
＿＿＿＿＿＿＿＿＿＿
＿＿＿＿＿＿＿＿＿＿
＿＿＿＿＿＿＿＿＿＿
＿＿＿＿＿＿＿＿＿＿
＿＿＿＿＿＿＿＿＿＿
＿＿＿＿＿＿＿＿＿＿
＿＿＿＿＿＿＿＿＿＿
＿＿＿＿＿＿＿＿＿＿
＿＿＿＿＿＿＿＿＿＿
＿＿＿＿□□＿＿＿＿
■＿＿□□□＿＿＿＿
■＿＿□□□＿＿＿＿
■□□□□□＿＿＿＿
■□□□□□□□□＿
□□□□□□□□□＿
00:48:30(87317f):field(87316f)
＿＿＿＿＿＿＿＿＿＿
＿＿＿＿＿＿＿＿＿＿
＿＿＿＿＿＿＿＿＿＿
＿＿＿＿＿＿＿＿＿＿
＿＿＿＿＿＿＿＿＿＿
＿＿＿＿＿＿＿＿＿＿
＿＿＿＿＿＿＿＿＿＿
＿＿＿＿＿＿＿＿＿＿
＿＿＿＿＿＿＿＿＿＿
＿＿＿＿＿＿＿＿＿＿
＿＿＿＿＿＿＿＿＿＿
＿＿＿＿＿＿＿＿＿＿
＿＿＿＿■＿＿＿＿＿
＿＿＿■■＿＿＿＿＿
＿＿＿■□□＿＿＿＿
□＿＿□□□＿＿＿＿
□＿＿□□□＿＿＿＿
□□□□□□＿＿＿＿
□□□□□□□□□＿
□□□□□□□□□＿
00:48:31(87331f):field(87330f)
＿＿＿＿＿＿＿＿＿＿
＿＿＿＿＿＿＿＿＿＿
＿＿＿＿＿＿＿＿＿＿
＿＿＿＿＿＿＿＿＿＿
＿＿＿＿＿＿＿＿＿＿
＿＿＿＿＿＿＿＿＿＿
＿＿＿＿＿＿＿＿＿＿
＿＿＿＿＿＿＿＿＿＿
＿＿＿＿＿＿＿＿＿＿
＿＿＿＿＿＿＿＿＿＿
＿＿＿＿■＿＿＿＿＿
＿＿＿＿■■＿＿＿＿
＿＿＿＿□■＿＿＿＿
＿＿＿□□＿＿＿＿＿
＿＿＿□□□＿＿＿＿
□＿＿□□□＿＿＿＿
□＿＿□□□＿＿＿＿
□□□□□□＿＿＿＿
□□□□□□□□□＿
□□□□□□□□□＿
00:48:31(87339f):field(87338f)
＿＿＿＿＿＿＿＿＿＿
＿＿＿＿＿＿＿＿＿＿
＿＿＿＿＿＿＿＿＿＿
＿＿＿＿＿＿＿＿＿＿
＿＿＿＿＿＿＿＿＿＿
＿＿＿＿＿＿＿＿＿＿
＿＿＿＿＿＿＿＿＿＿
＿＿＿＿■＿＿＿＿＿
＿＿＿＿■■＿＿＿＿
＿＿＿＿■＿＿＿＿＿
＿＿＿＿□＿＿＿＿＿
＿＿＿＿□□＿＿＿＿
＿＿＿＿□□＿＿＿＿
＿＿＿□□＿＿＿＿＿
＿＿＿□□□＿＿＿＿
□＿＿□□□＿＿＿＿
□＿＿□□□＿＿＿＿
□□□□□□＿＿＿＿
□□□□□□□□□＿
□□□□□□□□□＿
00:48:31(87358f):field(87357f)
＿＿＿＿＿＿＿＿＿＿
＿＿＿＿＿＿＿＿＿＿
＿＿＿＿＿＿＿＿＿＿
＿＿＿＿＿＿＿＿＿＿
＿＿＿＿＿＿＿＿＿＿
＿＿＿＿＿＿＿＿＿＿
＿＿＿＿＿＿＿＿＿＿
＿＿＿＿□＿＿＿＿＿
＿＿＿＿□□＿＿＿＿
＿＿＿＿□＿＿＿＿＿
＿＿＿＿□＿＿＿＿＿
＿＿＿＿□□＿＿＿＿
＿＿＿＿□□＿＿＿＿
＿＿＿□□＿＿＿＿＿
＿＿＿□□□＿＿＿＿
□＿＿□□□＿＿＿＿
□＿＿□□□■■＿＿
□□□□□□■■＿＿
□□□□□□□□□＿
□□□□□□□□□＿
00:48:32(87383f):field(87382f)
＿＿＿＿＿＿＿＿＿＿
＿＿＿＿＿＿＿＿＿＿
＿＿＿＿＿＿＿＿＿＿
＿＿＿＿＿＿＿＿＿＿
＿＿＿＿＿＿＿＿＿＿
＿＿＿＿＿＿＿＿＿＿
＿＿＿＿＿＿＿＿＿＿
＿＿＿＿□＿＿＿＿＿
＿＿＿＿□□＿＿＿＿
＿＿＿＿□＿＿＿＿＿
＿＿＿＿□＿＿＿＿＿
＿＿＿＿□□＿＿＿＿
＿＿＿＿□□＿＿＿＿
＿＿＿□□■■＿＿＿
＿＿＿□□□■＿＿＿
□＿＿□□□■＿＿＿
□＿＿□□□□□＿＿
□□□□□□□□＿＿
□□□□□□□□□＿
□□□□□□□□□＿
00:48:33(87398f):field(87397f)
＿＿＿＿＿＿＿＿＿＿
＿＿＿＿＿＿＿＿＿＿
＿＿＿＿＿＿＿＿＿＿
＿＿＿＿＿＿＿＿＿＿
＿＿＿＿＿＿＿＿＿＿
＿＿＿＿＿＿＿＿＿＿
＿＿＿＿＿＿＿＿＿＿
＿＿＿＿□＿＿＿＿＿
＿＿＿＿□□＿＿＿＿
＿＿＿＿□＿＿＿＿＿
＿＿＿＿□＿＿＿＿＿
＿＿＿＿□□＿＿＿＿
＿＿＿＿□□＿＿＿＿
＿＿＿□□□□＿＿＿
＿＿■□□□□＿＿＿
□＿■□□□□＿＿＿
□■■□□□□□＿＿
□□□□□□□□＿＿
□□□□□□□□□＿
□□□□□□□□□＿
00:48:33(87412f):field(87411f)
＿＿＿＿＿＿＿＿＿＿
＿＿＿＿＿＿＿＿＿＿
＿＿＿＿＿＿＿＿＿＿
＿＿＿＿＿＿＿＿＿＿
＿＿＿＿＿＿＿＿＿＿
＿＿＿＿＿＿＿＿＿＿
＿＿＿＿＿＿＿＿＿＿
＿＿＿＿□＿＿＿＿＿
＿＿＿＿□□＿＿＿＿
＿＿＿＿□＿＿＿＿＿
＿＿＿＿□＿＿＿＿＿
＿＿＿■□□＿＿＿＿
＿＿■■□□＿＿＿＿
＿＿■□□□□＿＿＿
＿＿□□□□□＿＿＿
□＿□□□□□＿＿＿
□□□□□□□□＿＿
□□□□□□□□＿＿
□□□□□□□□□＿
□□□□□□□□□＿
00:48:34(87425f):field(87424f)
＿＿＿＿＿＿＿＿＿＿
＿＿＿＿＿＿＿＿＿＿
＿＿＿＿＿＿＿＿＿＿
＿＿＿＿＿＿＿＿＿＿
＿＿＿＿＿＿＿＿＿＿
＿＿＿＿＿＿＿＿＿＿
＿＿＿＿＿＿＿＿＿＿
＿＿＿＿□＿＿＿＿＿
＿＿＿＿□□＿＿＿＿
＿＿＿＿□＿＿＿＿＿
＿＿＿＿□＿＿＿＿＿
＿＿＿□□□＿＿＿＿
＿＿□□□□＿＿＿＿
■＿□□□□□＿＿＿
■■□□□□□＿＿＿
□■□□□□□＿＿＿
□□□□□□□□＿＿
□□□□□□□□＿＿
□□□□□□□□□＿
□□□□□□□□□＿
00:48:34(87440f):field(87439f)
＿＿＿＿＿＿＿＿＿＿
＿＿＿＿＿＿＿＿＿＿
＿＿＿＿＿＿＿＿＿＿
＿＿＿＿＿＿＿＿＿＿
＿＿＿＿＿＿＿＿＿＿
＿＿＿＿＿＿＿＿＿＿
＿＿＿＿＿＿＿＿＿＿
＿＿＿＿◆＿＿＿＿＿
＿＿＿＿◆◆＿＿＿＿
＿＿＿＿□＿＿＿＿＿
＿＿＿＿□■＿＿＿＿
＿＿＿◆□◆＿＿＿＿
＿＿◆◆□◆＿＿＿＿
◆＿◆□□□◆＿＿＿
◆◆□□□□◆＿＿＿
□◆□□□□□＿＿＿
□□□□□□□◆＿＿
□□□□□□□◆＿■
□□□□□□□□◆■
□□□□□□□□◆■
00:48:35(87457f):field(87456f)
＿＿＿＿＿＿＿＿＿＿
＿＿＿＿＿＿＿＿＿＿
＿＿＿＿＿＿＿＿＿＿
＿＿＿＿＿＿＿＿＿＿
＿＿＿＿＿＿＿＿＿＿
＿＿＿＿＿＿＿＿＿＿
＿＿＿＿＿＿＿＿＿＿
＿＿＿＿＿＿＿＿＿＿
＿＿＿＿＿＿＿＿＿＿
＿＿＿＿□＿＿＿＿＿
＿＿＿＿□□＿＿＿＿
＿＿＿＿□＿＿＿＿＿
＿＿＿＿□＿＿＿＿＿
＿■＿□□□＿＿＿＿
■■□□□□＿＿＿＿
□■□□□□□＿＿＿
□□□□□□□＿＿＿
□□□□□□□＿＿◆
□□□□□□□□＿□
□□□□□□□□＿□
00:48:35(87472f):field(87471f)
＿＿＿＿＿＿＿＿＿＿
＿＿＿＿＿＿＿＿＿＿
＿＿＿＿＿＿＿＿＿＿
＿＿＿＿＿＿＿＿＿＿
＿＿＿＿＿＿＿＿＿＿
＿＿＿＿＿＿＿＿＿＿
＿＿＿＿＿＿＿＿＿＿
＿＿＿＿＿＿＿＿＿＿
＿＿＿＿＿＿＿＿＿＿
＿＿＿＿□＿＿＿＿＿
＿＿＿＿□□＿＿＿＿
＿＿＿＿□＿＿＿＿＿
＿＿＿＿□＿＿＿＿＿
＿□＿□□□＿＿＿＿
□□□□□□＿＿＿＿
□□□□□□□＿＿＿
□□□□□□□■■＿
□□□□□□□■■＿
□□□□□□□□＿□
□□□□□□□□＿□
00:48:36(87488f):field(87487f)
＿＿＿＿＿＿＿＿＿＿
＿＿＿＿＿＿＿＿＿＿
＿＿＿＿＿＿＿＿＿＿
＿＿＿＿＿＿＿＿＿＿
＿＿＿＿＿＿＿＿＿＿
＿＿＿＿＿＿＿＿＿＿
＿＿＿＿＿＿＿＿＿＿
＿＿＿＿＿＿＿＿＿＿
＿＿＿＿＿＿＿＿＿＿
＿＿＿＿◆＿＿＿＿＿
＿＿＿＿◆◆＿＿＿＿
＿＿＿＿□＿＿＿＿＿
＿＿＿＿□■＿＿＿＿
＿◆＿◆□◆＿＿＿＿
□◆◆◆□◆＿＿＿＿
◆□◆□□□□■＿＿
□□□□□□◆◆□＿
□□□□□□□□□＿
□□□□□□□□■□
□□□□□□□□＿□
00:48:36(87503f):field(87502f)
＿＿＿＿＿＿＿＿＿＿
＿＿＿＿＿＿＿＿＿＿
＿＿＿＿＿＿＿＿＿＿
＿＿＿＿＿＿＿＿＿＿
＿＿＿＿＿＿＿＿＿＿
＿＿＿＿＿＿＿＿＿＿
＿＿＿＿＿＿＿＿＿＿
＿＿＿＿＿＿＿＿＿＿
＿＿＿＿＿＿＿＿＿＿
＿＿＿＿＿＿＿＿＿＿
＿＿＿＿＿＿＿＿＿＿
＿＿＿＿□＿＿＿＿＿
＿＿＿＿□□＿＿＿＿
＿■＿＿□＿＿＿＿＿
◆■■＿□＿＿＿＿＿
＿□■□□□◆◆＿＿
□□□□□□＿＿◆＿
□□□□□□□□□＿
□□□□□□□□◆□
□□□□□□□□＿□
00:48:37(87522f):field(87521f)
＿＿＿＿＿＿＿＿＿＿
＿＿＿＿＿＿＿＿＿＿
＿＿＿＿＿＿＿＿＿＿
＿＿＿＿＿＿＿＿＿＿
＿＿＿＿＿＿＿＿＿＿
＿＿＿＿＿＿＿＿＿＿
＿＿＿＿＿＿＿＿＿＿
＿＿＿＿＿＿＿＿＿＿
＿＿＿＿＿＿＿＿＿＿
＿＿＿＿＿＿＿＿＿＿
＿＿＿＿＿＿＿＿＿＿
＿＿＿＿□＿＿＿＿＿
＿＿＿＿□□＿＿＿＿
＿□＿＿□＿＿＿＿＿
＿□□＿□■■＿＿＿
＿□□□□□■＿＿＿
□□□□□□■＿＿＿
□□□□□□□□□＿
□□□□□□□□＿□
□□□□□□□□＿□
00:48:37(87539f):field(87538f)
＿＿＿＿＿＿＿＿＿＿
＿＿＿＿＿＿＿＿＿＿
＿＿＿＿＿＿＿＿＿＿
＿＿＿＿＿＿＿＿＿＿
＿＿＿＿＿＿＿＿＿＿
＿＿＿＿＿＿＿＿＿＿
＿＿＿＿＿＿＿＿＿＿
＿＿＿＿＿＿＿＿＿＿
＿＿＿＿＿＿＿＿＿＿
＿＿＿＿＿＿＿＿＿＿
＿＿＿＿＿＿＿＿＿＿
＿＿＿＿□＿＿＿＿＿
＿＿＿＿□□＿＿＿＿
＿□＿＿□＿＿＿＿＿
＿□□＿□□□＿＿■
＿□□□□□□＿■■
□□□□□□□＿■＿
□□□□□□□□□＿
□□□□□□□□＿□
□□□□□□□□＿□
00:48:38(87555f):field(87554f)
＿＿＿＿＿＿＿＿＿＿
＿＿＿＿＿＿＿＿＿＿
＿＿＿＿＿＿＿＿＿＿
＿＿＿＿＿＿＿＿＿＿
＿＿＿＿＿＿＿＿＿＿
＿＿＿＿＿＿＿＿＿＿
＿＿＿＿＿＿＿＿＿＿
＿＿＿＿＿＿＿＿＿＿
＿＿＿＿＿＿＿＿＿＿
＿＿＿＿＿＿＿＿＿＿
＿＿＿＿＿＿＿＿＿＿
＿＿＿＿□＿＿＿＿＿
＿＿＿＿□□＿＿＿＿
＿□＿＿□＿＿■■＿
＿□□＿□□□■■□
＿□□□□□□＿□□
□□□□□□□＿□＿
□□□□□□□□□＿
□□□□□□□□＿□
□□□□□□□□＿□
00:48:38(87568f):field(87567f)
＿＿＿＿＿＿＿＿＿＿
＿＿＿＿＿＿＿＿＿＿
＿＿＿＿＿＿＿＿＿＿
＿＿＿＿＿＿＿＿＿＿
＿＿＿＿＿＿＿＿＿＿
＿＿＿＿＿＿＿＿＿＿
＿＿＿＿＿＿＿＿＿＿
＿＿＿＿＿＿＿＿＿＿
＿＿＿＿＿＿＿＿＿＿
＿＿＿＿＿＿＿＿＿＿
＿＿＿＿＿＿＿＿＿＿
＿＿＿■□＿＿＿＿＿
＿＿＿■□□＿＿＿＿
＿□＿■□＿＿□□＿
＿□□■□□□□□□
＿□□□□□□＿□□
□□□□□□□＿□＿
□□□□□□□□□＿
□□□□□□□□＿□
□□□□□□□□＿□
00:48:39(87587f):field(87586f)
＿＿＿＿＿＿＿＿＿＿
＿＿＿＿＿＿＿＿＿＿
＿＿＿＿＿＿＿＿＿＿
＿＿＿＿＿＿＿＿＿＿
＿＿＿＿＿＿＿＿＿＿
＿＿＿＿＿＿＿＿＿＿
＿＿＿＿＿＿＿＿＿＿
＿＿＿＿＿＿＿＿＿＿
＿＿＿＿＿＿＿＿＿＿
＿＿＿＿＿＿＿＿＿＿
＿＿＿＿＿＿＿＿＿＿
＿＿＿□□＿＿＿■＿
＿＿＿□□□＿＿■■
＿□＿□□＿＿□□■
＿□□□□□□□□□
＿□□□□□□＿□□
□□□□□□□＿□＿
□□□□□□□□□＿
□□□□□□□□＿□
□□□□□□□□＿□
00:48:39(87599f):field(87598f)
＿＿＿＿＿＿＿＿＿＿
＿＿＿＿＿＿＿＿＿＿
＿＿＿＿＿＿＿＿＿＿
＿＿＿＿＿＿＿＿＿＿
＿＿＿＿＿＿＿＿＿＿
＿＿＿＿＿＿＿＿＿＿
＿＿＿＿＿＿＿＿＿＿
＿＿＿＿＿＿＿＿＿＿
＿＿＿＿＿＿＿＿＿＿
＿＿＿＿＿＿＿＿＿＿
＿＿＿＿＿＿＿＿＿＿
＿＿＿□□＿■＿□＿
＿＿＿□□□■■□□
＿□＿□□＿■□□□
＿□□□□□□□□□
＿□□□□□□＿□□
□□□□□□□＿□＿
□□□□□□□□□＿
□□□□□□□□＿□
□□□□□□□□＿□
00:48:40(87611f):field(87610f)
＿＿＿＿＿＿＿＿＿＿
＿＿＿＿＿＿＿＿＿＿
＿＿＿＿＿＿＿＿＿＿
＿＿＿＿＿＿＿＿＿＿
＿＿＿＿＿＿＿＿＿＿
＿＿＿＿＿＿＿＿＿＿
＿＿＿＿＿＿＿＿＿＿
＿＿＿＿＿＿＿＿＿＿
＿＿＿＿＿＿＿＿＿＿
＿＿＿＿＿＿＿＿＿＿
＿＿＿■■■＿＿＿＿
＿＿＿□□■□＿□＿
＿＿＿□□□□□□□
＿□＿□□＿□□□□
＿□□□□□□□□□
＿□□□□□□＿□□
□□□□□□□＿□＿
□□□□□□□□□＿
□□□□□□□□＿□
□□□□□□□□＿□
00:48:40(87623f):field(87622f)
＿＿＿＿＿＿＿＿＿＿
＿＿＿＿＿＿＿＿＿＿
＿＿＿＿＿＿＿＿＿＿
＿＿＿＿＿＿＿＿＿＿
＿＿＿＿＿＿＿＿＿＿
＿＿＿＿＿＿＿＿＿＿
＿＿＿＿＿＿＿＿＿＿
＿＿＿＿＿＿＿＿＿＿
＿＿＿■■＿＿＿＿＿
＿＿＿■■＿＿＿＿＿
＿＿＿□□□＿＿＿＿
＿＿＿□□□□＿□＿
＿＿＿□□□□□□□
＿□＿□□＿□□□□
＿□□□□□□□□□
＿□□□□□□＿□□
□□□□□□□＿□＿
□□□□□□□□□＿
□□□□□□□□＿□
□□□□□□□□＿□
00:48:41(87638f):field(87637f)
＿＿＿＿＿＿＿＿＿＿
＿＿＿＿＿＿＿＿＿＿
＿＿＿＿＿＿＿＿＿＿
＿＿＿＿＿＿＿＿＿＿
＿＿＿＿＿＿＿＿＿＿
＿＿＿＿＿＿＿＿＿＿
＿＿＿＿＿＿＿＿＿＿
＿＿＿＿＿＿＿＿＿＿
＿＿＿□□＿＿＿＿＿
＿＿＿□□＿＿＿■＿
＿＿＿□□□＿■■＿
＿＿＿□□□□■□＿
＿＿＿□□□□□□□
＿□＿□□＿□□□□
＿□□□□□□□□□
＿□□□□□□＿□□
□□□□□□□＿□＿
□□□□□□□□□＿
□□□□□□□□＿□
□□□□□□□□＿□
00:48:41(87650f):field(87649f)
＿＿＿＿＿＿＿＿＿＿
＿＿＿＿＿＿＿＿＿＿
＿＿＿＿＿＿＿＿＿＿
＿＿＿＿＿＿＿＿＿＿
＿＿＿＿＿＿＿＿＿＿
＿＿＿＿＿＿＿＿＿＿
＿＿＿＿＿＿＿＿＿＿
＿＿＿＿■■＿＿＿＿
＿＿＿□□■＿＿＿＿
＿＿＿□□■＿＿□＿
＿＿＿□□□＿□□＿
＿＿＿□□□□□□＿
＿＿＿□□□□□□□
＿□＿□□＿□□□□
＿□□□□□□□□□
＿□□□□□□＿□□
□□□□□□□＿□＿
□□□□□□□□□＿
□□□□□□□□＿□
□□□□□□□□＿□
00:48:42(87664f):field(87663f)
＿＿＿＿＿＿＿＿＿＿
＿＿＿＿＿＿＿＿＿＿
＿＿＿＿＿＿＿＿＿＿
＿＿＿＿＿＿＿＿＿＿
＿＿＿＿＿＿＿＿＿＿
＿＿＿＿＿＿＿＿＿＿
＿＿＿＿＿＿＿＿＿＿
＿＿＿＿□□＿＿＿＿
＿＿＿□□□■＿＿＿
＿＿＿□□□■■□＿
＿＿＿□□□■□□＿
＿＿＿□□□□□□＿
＿＿＿□□□□□□□
＿□＿□□＿□□□□
＿□□□□□□□□□
＿□□□□□□＿□□
□□□□□□□＿□＿
□□□□□□□□□＿
□□□□□□□□＿□
□□□□□□□□＿□
00:48:42(87677f):field(87676f)
＿＿＿＿＿＿＿＿＿＿
＿＿＿＿＿＿＿＿＿＿
＿＿＿＿＿＿＿＿＿＿
＿＿＿＿＿＿＿＿＿＿
＿＿＿＿＿＿＿＿＿＿
＿＿＿＿＿＿＿＿＿＿
＿＿＿＿■■■＿＿＿
＿＿＿＿□□■＿＿＿
＿＿＿□□□□＿＿＿
＿＿＿□□□□□□＿
＿＿＿□□□□□□＿
＿＿＿□□□□□□＿
＿＿＿□□□□□□□
＿□＿□□＿□□□□
＿□□□□□□□□□
＿□□□□□□＿□□
□□□□□□□＿□＿
□□□□□□□□□＿
□□□□□□□□＿□
□□□□□□□□＿□
00:48:43(87690f):field(87689f)
＿＿＿＿＿＿＿＿＿＿
＿＿＿＿＿＿＿＿＿＿
＿＿＿＿＿＿＿＿＿＿
＿＿＿＿＿＿＿＿＿＿
＿＿＿＿＿＿＿＿＿＿
＿＿＿＿＿＿＿＿＿＿
＿＿＿＿◆◆◆＿＿＿
＿＿＿＿□□□＿＿＿
＿＿＿◆□□□＿＿＿
＿＿＿□□□□◆◆＿
＿＿＿□□□□□□＿
＿＿＿□□□□□□＿
＿＿＿□□□□□□◆
■◆＿□□■□□□□
■□□□□◆□□□□
■□□□□□□■□□
□□□□□□□■□＿
□□□□□□□□□＿
□□□□□□□□＿□
□□□□□□□□＿□
00:48:43(87707f):field(87706f)
＿＿＿＿＿＿＿＿＿＿
＿＿＿＿＿＿＿＿＿＿
＿＿＿＿＿＿＿＿＿＿
＿＿＿＿＿＿＿＿＿＿
＿＿＿＿＿＿＿＿＿＿
＿＿＿＿＿＿＿＿＿＿
＿＿＿＿＿＿＿＿＿＿
＿＿＿＿□□□＿＿＿
＿＿＿＿□□□■■＿
＿＿＿□□□□■■＿
＿＿＿□□□□□□＿
＿＿＿□□□□□□＿
＿＿＿□□□□□□＿
□＿＿□□□□□□□
□□◆□□＿□□□□
□□□□□□□◆□□
□□□□□□□◆□＿
□□□□□□□□□＿
□□□□□□□□＿□
□□□□□□□□＿□
00:48:44(87720f):field(87719f)
＿＿＿＿＿＿＿＿＿＿
＿＿＿＿＿＿＿＿＿＿
＿＿＿＿＿＿＿＿＿＿
＿＿＿＿＿＿＿＿＿＿
＿＿＿＿＿＿＿＿＿＿
＿＿＿＿■＿＿＿＿＿
＿＿＿■■＿＿＿＿＿
＿＿＿■□□□＿＿＿
＿＿＿＿□□□□□＿
＿＿＿□□□□□□＿
＿＿＿□□□□□□＿
＿＿＿□□□□□□＿
＿＿＿□□□□□□＿
□＿＿□□□□□□□
□□＿□□＿□□□□
□□□□□□□＿□□
□□□□□□□＿□＿
□□□□□□□□□＿
□□□□□□□□＿□
□□□□□□□□＿□
00:48:44(87733f):field(87732f)
＿＿＿＿＿＿＿＿＿＿
＿＿＿＿＿＿＿＿＿＿
＿＿＿＿＿＿＿＿＿＿
＿＿＿＿＿＿＿＿＿＿
＿＿＿＿＿＿＿＿＿＿
＿＿＿＿◆＿＿＿＿＿
＿＿＿◆□＿＿＿＿＿
＿＿＿□□◆◆＿＿＿
＿＿＿■□□□◆◆＿
＿＿＿◆□□□□□＿
＿＿＿□□□□□□＿
＿＿＿□□□□□□＿
■＿＿□□□□□□＿
◆■＿□□□□□□□
□□■□□＿□□□□
□□□□□□□■□□
□□□□□□□＿□＿
□□□□□□□□□＿
□□□□□□□□＿□
□□□□□□□□＿□
00:48:45(87750f):field(87749f)
＿＿＿＿＿＿＿＿＿＿
＿＿＿＿＿＿＿＿＿＿
＿＿＿＿＿＿＿＿＿＿
＿＿＿＿＿＿＿＿＿＿
＿＿＿＿＿＿＿＿＿＿
＿＿＿＿＿＿＿＿＿＿
＿＿＿＿□＿＿＿＿＿
＿＿＿□□＿＿＿＿＿
＿＿＿□□□□＿＿＿
＿＿＿＿□□□□□＿
＿＿＿□□□□□□＿
＿＿＿□□□□□□＿
□■■□□□□□□＿
■□＿□□□□□□◆
□□□□□＿□□□□
□□□□□□□◆□□
□□□□□□□＿□＿
□□□□□□□□□＿
□□□□□□□□＿□
□□□□□□□□＿□
00:48:45(87766f):field(87765f)
＿＿＿＿＿＿＿＿＿＿
＿＿＿＿＿＿＿＿＿＿
＿＿＿＿＿＿＿＿＿＿
＿＿＿＿＿＿＿＿＿＿
＿＿＿＿＿＿＿＿＿＿
＿＿＿＿＿＿＿＿＿＿
＿＿＿＿□＿＿＿＿＿
＿＿＿□□＿＿＿＿＿
＿＿＿□□□□＿＿＿
＿＿＿＿□□□□□＿
＿■＿□□□□□□＿
■■■□□□□□□＿
□□□□□□□□□＿
□□＿□□□□□□＿
□□□□□＿□□□□
□□□□□□□＿□□
□□□□□□□＿□＿
□□□□□□□□□＿
□□□□□□□□＿□
□□□□□□□□＿□
00:48:45(87779f):field(87778f)
＿＿＿＿＿＿＿＿＿＿
＿＿＿＿＿＿＿＿＿＿
＿＿＿＿＿＿＿＿＿＿
＿＿＿＿＿＿＿＿＿＿
＿＿＿＿＿＿＿＿＿＿
＿＿＿＿＿＿＿＿＿＿
＿＿＿＿□■■＿＿＿
＿＿＿□□■■＿＿＿
＿＿＿□□□□＿＿＿
＿＿＿＿□□□□□＿
＿□＿□□□□□□＿
□□□□□□□□□＿
□□□□□□□□□＿
□□＿□□□□□□＿
□□□□□＿□□□□
□□□□□□□＿□□
□□□□□□□＿□＿
□□□□□□□□□＿
□□□□□□□□＿□
□□□□□□□□＿□
00:48:46(87790f):field(87789f)
＿＿＿＿＿＿＿＿＿＿
＿＿＿＿＿＿＿＿＿＿
＿＿＿＿＿＿＿＿＿＿
＿＿＿＿＿＿＿＿＿＿
＿＿＿＿■＿＿＿＿＿
＿＿＿■■＿＿＿＿＿
＿＿＿■□□□＿＿＿
＿＿＿□□□□＿＿＿
＿＿＿□□□□＿＿＿
＿＿＿＿□□□□□＿
＿□＿□□□□□□＿
□□□□□□□□□＿
□□□□□□□□□＿
□□＿□□□□□□＿
□□□□□＿□□□□
□□□□□□□＿□□
□□□□□□□＿□＿
□□□□□□□□□＿
□□□□□□□□＿□
□□□□□□□□＿□
00:48:46(87806f):field(87805f)
＿＿＿＿＿＿＿＿＿＿
＿＿＿＿＿＿＿＿＿＿
＿＿＿＿＿＿＿＿＿＿
＿＿＿＿＿＿＿＿＿＿
＿＿＿＿□＿＿＿＿＿
＿＿＿□□＿＿＿＿＿
＿＿＿□□□□＿＿＿
＿＿＿□□□□＿＿＿
＿＿＿□□□□■■■
＿＿＿＿□□□□□■
＿□＿□□□□□□＿
□□□□□□□□□＿
□□□□□□□□□＿
□□＿□□□□□□＿
□□□□□＿□□□□
□□□□□□□＿□□
□□□□□□□＿□＿
□□□□□□□□□＿
□□□□□□□□＿□
□□□□□□□□＿□
00:48:47(87821f):field(87820f)
＿＿＿＿＿＿＿＿＿＿
＿＿＿＿＿＿＿＿＿＿
＿＿＿＿＿＿＿＿＿＿
＿＿＿＿＿＿＿＿＿＿
＿＿＿＿□＿＿＿＿＿
＿＿＿□□＿＿＿＿＿
＿＿＿□□□□＿＿■
＿＿＿□□□□■■■
＿＿＿□□□□□□□
＿＿＿＿□□□□□□
＿□＿□□□□□□＿
□□□□□□□□□＿
□□□□□□□□□＿
□□＿□□□□□□＿
□□□□□＿□□□□
□□□□□□□＿□□
□□□□□□□＿□＿
□□□□□□□□□＿
□□□□□□□□＿□
□□□□□□□□＿□
00:48:47(87835f):field(87834f)
＿＿＿＿＿＿＿＿＿＿
＿＿＿＿＿＿＿＿＿＿
＿＿＿＿＿＿＿＿＿＿
＿＿＿＿＿＿＿＿＿＿
＿＿＿＿□＿＿＿＿＿
＿＿＿□□＿＿＿＿＿
＿＿＿□□□□＿＿□
■＿＿□□□□□□□
■＿＿□□□□□□□
■＿＿＿□□□□□□
■□＿□□□□□□＿
□□□□□□□□□＿
□□□□□□□□□＿
□□＿□□□□□□＿
□□□□□＿□□□□
□□□□□□□＿□□
□□□□□□□＿□＿
□□□□□□□□□＿
□□□□□□□□＿□
□□□□□□□□＿□
00:48:48(87850f):field(87849f)
＿＿＿＿＿＿＿＿＿＿
＿＿＿＿＿＿＿＿＿＿
＿＿＿＿＿＿＿＿＿＿
＿＿＿＿＿＿＿＿＿＿
＿＿＿＿□＿＿＿＿＿
＿＿＿□□＿＿■■＿
＿＿＿□□□□■■□
□＿＿□□□□□□□
□＿＿□□□□□□□
□＿＿＿□□□□□□
□□＿□□□□□□＿
□□□□□□□□□＿
□□□□□□□□□＿
□□＿□□□□□□＿
□□□□□＿□□□□
□□□□□□□＿□□
□□□□□□□＿□＿
□□□□□□□□□＿
□□□□□□□□＿□
□□□□□□□□＿□
00:48:48(87865f):field(87864f)
＿＿＿＿＿＿＿＿＿＿
＿＿＿＿＿＿＿＿＿＿
＿＿＿＿＿＿＿＿＿＿
＿＿＿＿＿＿＿＿＿＿
＿＿＿＿□＿■■＿＿
＿＿＿□□■■□□＿
＿＿＿□□□□□□□
□＿＿□□□□□□□
□＿＿□□□□□□□
□＿＿＿□□□□□□
□□＿□□□□□□＿
□□□□□□□□□＿
□□□□□□□□□＿
□□＿□□□□□□＿
□□□□□＿□□□□
□□□□□□□＿□□
□□□□□□□＿□＿
□□□□□□□□□＿
□□□□□□□□＿□
□□□□□□□□＿□
00:48:49(87882f):field(87881f)
＿＿＿＿＿＿＿＿＿＿
＿＿＿＿＿＿＿＿＿＿
＿＿＿＿■＿＿＿＿＿
＿＿＿■■＿＿＿＿＿
＿＿＿■□＿□□＿＿
＿＿＿□□□□□□＿
＿＿＿□□□□□□□
□＿＿□□□□□□□
□＿＿□□□□□□□
□＿＿＿□□□□□□
□□＿□□□□□□＿
□□□□□□□□□＿
□□□□□□□□□＿
□□＿□□□□□□＿
□□□□□＿□□□□
□□□□□□□＿□□
□□□□□□□＿□＿
□□□□□□□□□＿
□□□□□□□□＿□
□□□□□□□□＿□
00:48:49(87899f):field(87898f)
＿＿＿＿＿＿＿＿＿＿
＿＿＿＿＿＿＿＿＿＿
＿＿＿＿◆＿＿＿＿＿
＿＿＿◆□＿＿＿＿＿
＿＿＿□□＿◆◆＿＿
＿＿＿□□◆□□◆＿
＿＿＿□□□□□□◆
◆＿＿□□□□□□□
□＿■□□□□□□□
□■＿■□□□□□□
□□■□□□□□□＿
□□□□□□□□□＿
□□□□□□□□□＿
□□＿□□□□□□＿
□□□□□＿□□□□
□□□□□□□＿□□
□□□□□□□＿□＿
□□□□□□□□□＿
□□□□□□□□＿□
□□□□□□□□＿□
00:48:50(87913f):field(87912f)
＿＿＿＿＿＿＿＿＿＿
＿＿＿＿＿＿＿＿＿＿
＿＿＿＿＿＿＿＿＿＿
＿＿＿＿◆＿＿＿＿＿
＿＿＿◆□＿＿＿＿＿
＿＿＿□□＿◆◆＿＿
＿＿＿□□◆□□◆＿
＿＿＿□□□□□□◆
□■□□□□□□□□
□◆■□□□□□□□
□□□□□□□□□＿
□□□□□□□□□＿
□□□□□□□□□＿
□□＿□□□□□□＿
□□□□□＿□□□□
□□□□□□□＿□□
□□□□□□□＿□＿
□□□□□□□□□＿
□□□□□□□□＿□
□□□□□□□□＿□
00:48:50(87926f):field(87925f)
＿＿＿＿＿＿＿＿＿＿
＿＿＿＿＿＿＿＿＿＿
＿＿＿＿＿＿＿＿＿＿
＿＿＿＿＿＿＿＿＿＿
＿＿＿＿◆＿＿＿＿＿
＿＿＿◆◆＿＿＿＿＿
＿＿＿◆□＿◆◆＿＿
＿＿＿□□□◆◆◆＿
□◆◆□□◆□□◆◆
◆■◆□□□□□□□
□□□□□□□□□＿
□□□□□□□□□＿
□□□□□□□□□＿
□□＿□□□□□□＿
□□□□□＿□□□□
□□□□□□□＿□□
□□□□□□□＿□＿
□□□□□□□□□＿
□□□□□□□□＿□
□□□□□□□□＿□
00:48:51(87940f):field(87939f)
＿＿＿＿＿＿＿＿＿＿
＿＿＿＿＿＿＿＿＿＿
＿＿＿＿＿＿＿＿＿＿
＿＿＿＿＿＿＿＿＿＿
＿＿＿＿＿＿＿＿＿＿
＿＿＿＿＿＿＿＿＿＿
＿＿＿＿□＿＿＿＿＿
＿＿＿□□□■■＿＿
◆＿＿□□■□□＿＿
＿□＿□□□□□□◆
□□□□□□□□□＿
□□□□□□□□□＿
□□□□□□□□□＿
□□＿□□□□□□＿
□□□□□＿□□□□
□□□□□□□＿□□
□□□□□□□＿□＿
□□□□□□□□□＿
□□□□□□□□＿□
□□□□□□□□＿□
00:48:51(87950f):field(87949f)
＿＿＿＿＿＿＿＿＿＿
＿＿＿＿＿＿＿＿＿＿
＿＿＿＿＿＿＿＿＿＿
＿＿＿＿＿＿＿＿＿＿
＿＿＿＿■＿＿＿＿＿
＿＿＿＿■■＿＿＿＿
＿＿＿＿□■＿＿＿＿
＿＿＿□□□□□＿＿
＿＿＿□□□□□＿＿
＿□＿□□□□□□＿
□□□□□□□□□＿
□□□□□□□□□＿
□□□□□□□□□＿
□□＿□□□□□□＿
□□□□□＿□□□□
□□□□□□□＿□□
□□□□□□□＿□＿
□□□□□□□□□＿
□□□□□□□□＿□
□□□□□□□□＿□
00:48:52(87965f):field(87964f)
＿＿＿＿＿＿＿＿＿＿
＿＿＿＿＿＿＿＿＿＿
＿＿＿＿＿＿＿＿＿＿
＿＿＿＿＿＿＿＿＿＿
＿＿＿＿□＿＿＿＿＿
＿＿＿＿□□＿＿＿＿
＿＿＿＿□□＿＿＿＿
＿■＿□□□□□＿＿
■■＿□□□□□＿＿
■□＿□□□□□□＿
□□□□□□□□□＿
□□□□□□□□□＿
□□□□□□□□□＿
□□＿□□□□□□＿
□□□□□＿□□□□
□□□□□□□＿□□
□□□□□□□＿□＿
□□□□□□□□□＿
□□□□□□□□＿□
□□□□□□□□＿□
00:48:52(87978f):field(87977f)
＿＿＿＿＿＿＿＿＿＿
＿＿＿＿＿＿＿＿＿＿
＿＿＿＿＿＿＿＿＿＿
＿＿＿＿＿＿＿＿＿＿
＿＿＿＿□＿＿＿＿＿
＿＿＿＿□□■■＿＿
＿＿＿＿□□■■＿＿
＿□＿□□□□□＿＿
□□＿□□□□□＿＿
□□＿□□□□□□＿
□□□□□□□□□＿
□□□□□□□□□＿
□□□□□□□□□＿
□□＿□□□□□□＿
□□□□□＿□□□□
□□□□□□□＿□□
□□□□□□□＿□＿
□□□□□□□□□＿
□□□□□□□□＿□
□□□□□□□□＿□
00:48:53(87996f):field(87995f)
＿＿＿＿＿＿＿＿＿＿
＿＿＿＿＿＿＿＿＿＿
＿＿＿＿＿＿＿＿＿＿
＿＿＿＿＿＿＿＿＿＿
＿＿＿＿□＿＿＿＿＿
■＿＿＿□□□□＿＿
■■＿＿□□□□＿＿
■□＿□□□□□＿＿
□□＿□□□□□＿＿
□□＿□□□□□□＿
□□□□□□□□□＿
□□□□□□□□□＿
□□□□□□□□□＿
□□＿□□□□□□＿
□□□□□＿□□□□
□□□□□□□＿□□
□□□□□□□＿□＿
□□□□□□□□□＿
□□□□□□□□＿□
□□□□□□□□＿□
00:48:53(88011f):field(88010f)
＿＿＿＿＿＿＿＿＿＿
＿＿＿＿＿＿＿＿＿＿
＿＿＿＿＿＿＿＿＿＿
＿＿＿＿＿＿＿＿＿＿
＿＿＿＿◆＿＿＿＿＿
◆＿＿＿□◆◆◆＿＿
□◆＿＿□□□□＿＿
□□＿◆□□□□＿＿
□□＿□□□□□＿＿
□□＿□□□□□□■
□□□□□□□□□■
□□□□□□□□□■
□□□□□□□□□＿
□□＿□□□□□□＿
□□□□□＿□□□□
□□□□□□□＿□□
□□□□□□□＿□＿
□□□□□□□□□＿
□□□□□□□□＿□
□□□□□□□□＿□
00:48:54(88025f):field(88024f)
＿＿＿＿＿＿＿＿＿＿
＿＿＿＿＿＿＿＿＿＿
＿＿＿＿＿＿＿＿＿＿
＿＿＿＿■＿＿＿＿＿
＿＿＿＿■■＿＿＿＿
＿＿＿＿□■＿＿＿＿
□＿＿＿□□□□＿＿
□□＿＿□□□□＿＿
□□＿□□□□□＿＿
□□＿□□□□□□□
□□◆□□□□□□□
□□□□□□□□□◆
□□□□□□□□□＿
□□＿□□□□□□＿
□□□□□＿□□□□
□□□□□□□＿□□
□□□□□□□＿□＿
□□□□□□□□□＿
□□□□□□□□＿□
□□□□□□□□＿□
00:48:54(88041f):field(88040f)
＿＿＿＿＿＿＿＿＿＿
＿＿＿＿＿＿＿＿＿＿
＿＿＿＿＿＿＿＿＿＿
＿＿＿＿□＿＿＿＿＿
＿＿＿＿□□＿＿＿＿
＿＿＿＿□□＿＿＿＿
□＿＿＿□□□□＿■
□□＿＿□□□□■■
□□＿□□□□□■＿
□□＿□□□□□□□
□□＿□□□□□□□
□□□□□□□□□＿
□□□□□□□□□＿
□□＿□□□□□□＿
□□□□□＿□□□□
□□□□□□□＿□□
□□□□□□□＿□＿
□□□□□□□□□＿
□□□□□□□□＿□
□□□□□□□□＿□
00:48:55(88058f):field(88057f)
＿＿＿＿＿＿＿＿＿＿
＿＿＿＿＿＿＿＿＿＿
＿＿＿＿＿＿＿＿＿＿
＿＿＿＿□＿＿＿＿＿
＿＿＿＿□□＿＿＿＿
＿＿＿＿□□■■■＿
□＿＿＿□□□□■□
□□＿＿□□□□□□
□□＿□□□□□□＿
□□＿□□□□□□□
□□＿□□□□□□□
□□□□□□□□□＿
□□□□□□□□□＿
□□＿□□□□□□＿
□□□□□＿□□□□
□□□□□□□＿□□
□□□□□□□＿□＿
□□□□□□□□□＿
□□□□□□□□＿□
□□□□□□□□＿□
00:48:55(88076f):field(88075f)
＿＿＿＿＿＿＿＿＿＿
＿＿＿＿＿＿＿＿＿＿
＿＿＿＿＿＿＿＿＿＿
＿＿＿＿□＿＿＿＿■
＿＿＿＿□□＿＿■■
＿＿＿＿□□□□□■
□＿＿＿□□□□□□
□□＿＿□□□□□□
□□＿□□□□□□＿
□□＿□□□□□□□
□□＿□□□□□□□
□□□□□□□□□＿
□□□□□□□□□＿
□□＿□□□□□□＿
□□□□□＿□□□□
□□□□□□□＿□□
□□□□□□□＿□＿
□□□□□□□□□＿
□□□□□□□□＿□
□□□□□□□□＿□
00:48:56(88090f):field(88089f)
＿＿＿＿＿＿＿＿＿＿
＿＿＿＿＿＿＿＿＿＿
＿＿＿＿＿＿＿＿＿＿
＿＿＿＿◆＿＿＿＿◆
＿＿＿＿◆◆＿＿◆◆
＿＿＿＿□◆◆◆◆□
◆＿＿＿□□◆◆□□
◆◆＿＿□□□□□□
□◆＿◆□□□□□■
□□■□□□□□□□
□□■□□□□□□◆
□□□□□□□□□＿
□□□□□□□□□＿
□□＿□□□□□□＿
□□□□□＿□□□□
□□□□□□□＿□□
□□□□□□□＿□＿
□□□□□□□□□＿
□□□□□□□□＿□
□□□□□□□□＿□
00:48:56(88104f):field(88103f)
＿＿＿＿＿＿＿＿＿＿
＿＿＿＿＿＿＿＿＿＿
＿＿＿＿＿＿＿＿＿＿
＿＿＿＿＿＿＿＿＿＿
＿＿＿＿＿＿＿＿＿＿
＿＿＿＿□＿■■＿□
＿＿＿＿□□■■□□
＿＿＿＿□□□□□□
□＿＿＿□□□□□□
□□□◆□□□□□□
□□□□□□□□□＿
□□□□□□□□□＿
□□□□□□□□□＿
□□＿□□□□□□＿
□□□□□＿□□□□
□□□□□□□＿□□
□□□□□□□＿□＿
□□□□□□□□□＿
□□□□□□□□＿□
□□□□□□□□＿□
00:48:57(88117f):field(88116f)
＿＿＿＿＿＿＿＿＿＿
＿＿＿＿＿＿＿＿＿＿
＿＿＿＿＿＿＿＿＿＿
＿＿＿＿■＿＿＿＿＿
＿＿＿＿■■＿＿＿＿
＿＿＿＿□■□□＿□
＿＿＿＿□□□□□□
＿＿＿＿□□□□□□
□＿＿＿□□□□□□
□□□＿□□□□□□
□□□□□□□□□＿
□□□□□□□□□＿
□□□□□□□□□＿
□□＿□□□□□□＿
□□□□□＿□□□□
□□□□□□□＿□□
□□□□□□□＿□＿
□□□□□□□□□＿
□□□□□□□□＿□
□□□□□□□□＿□
00:48:57(88134f):field(88133f)
＿＿＿＿＿＿＿＿＿＿
＿＿＿＿＿＿＿＿＿＿
＿＿＿＿＿＿＿＿＿＿
＿＿＿＿□＿＿＿＿＿
＿＿＿＿□□＿＿＿＿
＿＿＿＿□□□□＿□
＿＿＿＿□□□□□□
■■＿＿□□□□□□
□■■＿□□□□□□
□□□＿□□□□□□
□□□□□□□□□＿
□□□□□□□□□＿
□□□□□□□□□＿
□□＿□□□□□□＿
□□□□□＿□□□□
□□□□□□□＿□□
□□□□□□□＿□＿
□□□□□□□□□＿
□□□□□□□□＿□
□□□□□□□□＿□
00:48:58(88151f):field(88150f)
＿＿＿＿＿＿＿＿＿＿
＿＿＿＿＿＿＿＿＿＿
＿＿＿＿＿＿＿＿＿＿
＿＿＿＿□＿＿＿＿＿
＿＿＿＿□□＿■■■
＿＿＿＿□□□□■□
＿＿＿＿□□□□□□
□□＿＿□□□□□□
□□□＿□□□□□□
□□□＿□□□□□□
□□□□□□□□□＿
□□□□□□□□□＿
□□□□□□□□□＿
□□＿□□□□□□＿
□□□□□＿□□□□
□□□□□□□＿□□
□□□□□□□＿□＿
□□□□□□□□□＿
□□□□□□□□＿□
□□□□□□□□＿□
00:48:58(88166f):field(88165f)
＿＿＿＿＿＿＿＿＿＿
＿＿＿＿＿＿＿＿＿＿
＿＿＿＿＿＿＿＿＿＿
＿＿＿＿◆＿＿＿＿＿
＿＿＿＿◆◆＿◆◆◆
＿＿＿＿□◆◆◆◆◆
＿＿＿＿□□◆□□□
◆□＿＿□□□□□□
□□◆■□□□□□□
□□□■□□□□□□
□□□□□□□□□＿
□□□□□□□□□■
□□□□□□□□□＿
□□＿□□□□□□＿
□□□□□＿□□□□
□□□□□□□＿□□
□□□□□□□＿□＿
□□□□□□□□□＿
□□□□□□□□＿□
□□□□□□□□＿□
00:48:59(88181f):field(88180f)
＿＿＿＿＿＿＿＿＿＿
＿＿＿＿＿＿＿＿＿＿
＿＿＿＿＿＿＿＿＿＿
＿＿＿＿＿＿＿＿＿＿
＿＿＿＿＿＿＿＿＿＿
＿＿＿＿□＿＿＿＿＿
■＿＿＿□□＿□□□
■◆＿＿□□□□□□
□□＿□□□□□□□
□□◆□□□□□□□
□□□□□□□□□＿
□□□□□□□□□◆
□□□□□□□□□＿
□□＿□□□□□□＿
□□□□□＿□□□□
□□□□□□□＿□□
□□□□□□□＿□＿
□□□□□□□□□＿
□□□□□□□□＿□
□□□□□□□□＿□
00:48:59(88193f):field(88192f)
＿＿＿＿＿＿＿＿＿＿
＿＿＿＿＿＿＿＿＿＿
＿＿＿＿＿＿＿＿＿＿
＿＿＿＿＿＿＿＿＿＿
＿＿＿＿＿＿＿＿＿＿
＿＿＿＿◆＿＿＿＿＿
◆＿＿＿◆◆＿◆◆◆
◆＿＿＿□◆◆□◆◆
□◆＿□□□◆□□□
□□■□□□□□□□
□□□□□□□□□＿
□□□□□□□□□＿
□□□□□□□□□＿
□□＿□□□□□□＿
□□□□□＿□□□□
□□□□□□□＿□□
□□□□□□□＿□＿
□□□□□□□□□＿
□□□□□□□□＿□
□□□□□□□□＿□
00:49:00(88208f):field(88207f)
＿＿＿＿＿＿＿＿＿＿
＿＿＿＿＿＿＿＿＿＿
＿＿＿＿＿＿＿＿＿＿
＿＿＿＿＿＿＿＿＿＿
＿＿＿＿＿＿＿＿＿＿
＿＿＿＿＿＿＿＿＿＿
＿＿＿＿＿■＿＿＿＿
＿＿＿＿□■■◆＿＿
□＿＿◆□□■□□□
□◆□□□□□□□□
□□□□□□□□□＿
□□□□□□□□□＿
□□□□□□□□□＿
□□＿□□□□□□＿
□□□□□＿□□□□
□□□□□□□＿□□
□□□□□□□＿□＿
□□□□□□□□□＿
□□□□□□□□＿□
□□□□□□□□＿□
00:49:00(88221f):field(88220f)
＿＿＿＿＿＿＿＿＿＿
＿＿＿＿＿＿＿＿＿＿
＿＿＿＿＿＿＿＿＿＿
＿＿＿＿＿＿＿＿＿＿
＿＿＿＿＿＿＿＿＿＿
＿＿＿＿＿＿＿＿＿＿
＿＿＿＿＿□＿＿＿＿
＿＿■■□□□＿＿＿
□＿■■□□□□□□
□＿□□□□□□□□
□□□□□□□□□＿
□□□□□□□□□＿
□□□□□□□□□＿
□□＿□□□□□□＿
□□□□□＿□□□□
□□□□□□□＿□□
□□□□□□□＿□＿
□□□□□□□□□＿
□□□□□□□□＿□
□□□□□□□□＿□
00:49:01(88235f):field(88234f)
＿＿＿＿＿＿＿＿＿＿
＿＿＿＿＿＿＿＿＿＿
＿＿＿＿＿＿＿＿＿＿
＿＿＿＿＿＿＿＿＿＿
＿＿＿＿＿＿＿＿＿＿
＿＿＿■＿＿＿＿＿＿
＿＿■■■□＿＿＿＿
＿＿□□□□□＿＿＿
□＿□□□□□□□□
□＿□□□□□□□□
□□□□□□□□□＿
□□□□□□□□□＿
□□□□□□□□□＿
□□＿□□□□□□＿
□□□□□＿□□□□
□□□□□□□＿□□
□□□□□□□＿□＿
□□□□□□□□□＿
□□□□□□□□＿□
□□□□□□□□＿□
00:49:01(88249f):field(88248f)
＿＿＿＿＿＿＿＿＿＿
＿＿＿＿＿＿＿＿＿＿
＿＿＿＿＿＿＿＿＿＿
＿＿＿＿＿＿＿＿＿＿
＿＿＿＿＿＿＿＿＿＿
＿＿＿◆＿＿＿＿＿＿
＿＿◆◆◆◆＿＿＿＿
＿■◆□◆◆◆＿＿■
◆＿□□□□◆□□◆
□■□□□□□◆◆□
□□□□□□□□□＿
□□□□□□□□□＿
□□□□□□□□□＿
□□＿□□□□□□＿
□□□□□＿□□□□
□□□□□□□＿□□
□□□□□□□＿□＿
□□□□□□□□□＿
□□□□□□□□＿□
□□□□□□□□＿□
00:49:01(88259f):field(88258f)
＿＿＿＿＿＿＿＿＿＿
＿＿＿＿＿＿＿＿＿＿
＿＿＿＿＿＿＿＿＿＿
＿＿＿＿＿＿＿＿＿＿
＿＿＿＿＿＿＿＿＿＿
＿＿＿＿＿＿＿＿＿＿
＿＿＿＿＿＿＿＿＿＿
＿◆＿□■■■＿＿◆
＿＿□□□□■□◆＿
□□□□□□□＿■◆
□□□□□□□□□＿
□□□□□□□□□＿
□□□□□□□□□＿
□□■□□□□□□＿
□□□□□＿□□□□
□□□□□□□＿□□
□□□□□□□＿□＿
□□□□□□□□□＿
□□□□□□□□＿□
□□□□□□□□＿□
00:49:02(88274f):field(88273f)
＿＿＿＿＿＿＿＿＿＿
＿＿＿＿＿＿＿＿＿＿
＿＿＿＿＿＿＿＿＿＿
＿＿＿＿＿＿＿＿＿＿
＿＿＿＿＿＿＿＿＿＿
＿＿＿＿＿＿＿＿＿＿
＿＿■＿＿＿＿＿＿＿
＿■■□□□□＿＿＿
＿■□□□□□◆＿＿
□□□□□□□＿◆＿
□□□□□□□□□＿
□□□□□□□□□＿
□□□□□□□□□＿
□□◆□□□□□□＿
□□□□□＿□□□□
□□□□□□□＿□□
□□□□□□□＿□＿
□□□□□□□□□＿
□□□□□□□□＿□
□□□□□□□□＿□
00:49:02(88284f):field(88283f)
＿＿＿＿＿＿＿＿＿＿
＿＿＿＿＿＿＿＿＿＿
＿＿＿＿＿＿＿＿＿＿
＿＿＿＿＿＿＿＿＿＿
＿＿＿＿＿＿＿＿＿＿
＿＿＿＿■■＿＿＿＿
＿＿□■■＿＿＿＿＿
＿□□□□□□＿＿＿
＿□□□□□□＿＿＿
□□□□□□□＿＿＿
□□□□□□□□□＿
□□□□□□□□□＿
□□□□□□□□□＿
□□＿□□□□□□＿
□□□□□＿□□□□
□□□□□□□＿□□
□□□□□□□＿□＿
□□□□□□□□□＿
□□□□□□□□＿□
□□□□□□□□＿□
00:49:03(88297f):field(88296f)
＿＿＿＿＿＿＿＿＿＿
＿＿＿＿＿＿＿＿＿＿
＿＿＿＿＿＿＿＿＿＿
＿＿＿＿＿＿＿＿＿＿
＿＿＿＿＿＿＿＿＿＿
＿＿＿＿□□＿＿＿＿
＿＿□□□＿＿＿＿＿
＿□□□□□□＿＿＿
＿□□□□□□■■＿
□□□□□□□■■＿
□□□□□□□□□＿
□□□□□□□□□＿
□□□□□□□□□＿
□□＿□□□□□□＿
□□□□□＿□□□□
□□□□□□□＿□□
□□□□□□□＿□＿
□□□□□□□□□＿
□□□□□□□□＿□
□□□□□□□□＿□
00:49:03(88312f):field(88311f)
＿＿＿＿＿＿＿＿＿＿
＿＿＿＿＿＿＿＿＿＿
＿＿＿＿＿＿＿＿＿＿
＿＿＿＿＿＿＿＿＿＿
＿＿＿＿＿＿＿＿＿＿
＿＿＿＿◆◆＿＿＿＿
＿＿◆◆◆＿＿＿＿＿
＿◆◆◆◆◆◆＿＿＿
＿◆◆◆□□◆◆◆＿
◆◆□□□◆◆◆◆＿
◆□□□□□□◆□＿
◆□□□□□□□□＿
□□□□□□□□□＿
□□■□□□□□□■
□□□□□■□□□□
□□□□□□□＿□□
□□□□□□□＿□＿
□□□□□□□□□＿
□□□□□□□□＿□
□□□□□□□□＿□
00:49:04(88323f):field(88322f)
＿＿＿＿＿＿＿＿＿＿
＿＿＿＿＿＿＿＿＿＿
＿＿＿＿＿＿＿＿＿＿
＿＿＿＿＿＿＿＿＿＿
＿＿＿＿＿＿＿＿＿＿
＿＿＿＿＿＿＿＿＿＿
＿＿＿■＿＿＿＿＿＿
＿＿＿■■＿＿＿＿＿
＿＿＿■□□＿＿＿＿
＿＿□□□＿＿＿＿＿
＿□□□□□□＿◆＿
＿□□□□□□□□＿
□□□□□□□□□＿
□□◆□□□□□□□
□□□□□◆□□□□
□□□□□□□＿□□
□□□□□□□＿□＿
□□□□□□□□□＿
□□□□□□□□＿□
□□□□□□□□＿□
00:49:04(88342f):field(88341f)
＿＿＿＿＿＿＿＿＿＿
＿＿＿＿＿＿＿＿＿＿
＿＿＿＿＿＿＿＿＿＿
＿＿＿＿＿＿＿＿＿＿
＿＿＿＿＿＿＿＿＿＿
＿＿＿＿＿＿＿＿＿＿
＿＿＿□＿＿＿＿＿＿
＿＿＿□□＿＿＿＿＿
＿＿＿□□□＿＿＿＿
＿＿□□□■■■＿＿
＿□□□□□□■＿＿
＿□□□□□□□□＿
□□□□□□□□□＿
□□＿□□□□□□□
□□□□□＿□□□□
□□□□□□□＿□□
□□□□□□□＿□＿
□□□□□□□□□＿
□□□□□□□□＿□
□□□□□□□□＿□
00:49:05(88356f):field(88355f)
＿＿＿＿＿＿＿＿＿＿
＿＿＿＿＿＿＿＿＿＿
＿＿＿＿＿＿＿＿＿＿
＿＿＿＿＿＿＿＿＿＿
＿＿＿＿＿＿＿＿＿＿
＿＿＿＿＿＿＿＿＿＿
＿＿＿□＿＿＿＿＿＿
＿＿＿□□■■＿＿＿
＿＿＿□□□■■＿＿
＿＿□□□□□□＿＿
＿□□□□□□□＿＿
＿□□□□□□□□＿
□□□□□□□□□＿
□□＿□□□□□□□
□□□□□＿□□□□
□□□□□□□＿□□
□□□□□□□＿□＿
□□□□□□□□□＿
□□□□□□□□＿□
□□□□□□□□＿□
00:49:05(88372f):field(88371f)
＿＿＿＿＿＿＿＿＿＿
＿＿＿＿＿＿＿＿＿＿
＿＿＿＿＿＿＿＿＿＿
＿＿＿＿＿＿＿＿＿＿
＿＿＿＿＿＿＿＿＿＿
＿＿＿＿＿＿＿＿＿＿
＿＿＿◆＿＿＿＿＿＿
＿＿＿□◆◆◆＿＿＿
＿＿＿□□□□◆＿＿
＿＿◆□□□□□＿＿
＿◆□□□□□□＿＿
＿□□□□□□□□■
◆□□□□□□□□■
□□■□□□□□□□
□□□□□■□□□□
□□□□□□□＿□□
□□□□□□□＿□＿
□□□□□□□□□＿
□□□□□□□□＿□
□□□□□□□□＿□
00:49:06(88381f):field(88380f)
＿＿＿＿＿＿＿＿＿＿
＿＿＿＿＿＿＿＿＿＿
＿＿＿＿＿＿＿＿＿＿
＿＿＿＿＿＿＿＿＿＿
＿＿＿＿＿＿＿＿＿＿
＿＿＿＿＿＿＿＿＿＿
＿＿＿＿＿＿＿＿＿＿
＿＿＿□＿＿＿＿＿■
＿＿＿□□□□＿＿■
＿＿＿□□□□□＿■
＿＿□□□□□□＿■
＿□□□□□□□□□
＿□□□□□□□□□
□□◆□□□□□□□
□□□□□◆□□□□
□□□□□□□＿□□
□□□□□□□＿□＿
□□□□□□□□□＿
□□□□□□□□＿□
□□□□□□□□＿□
00:49:06(88392f):field(88391f)
＿＿＿＿＿＿＿＿＿＿
＿＿＿＿＿＿＿＿＿＿
＿＿＿＿＿＿＿＿＿＿
＿＿＿＿＿＿＿＿＿＿
＿＿＿＿＿＿＿＿＿＿
＿＿＿＿＿＿＿＿＿＿
＿＿＿＿■■＿＿＿＿
＿＿＿□■■＿＿＿□
＿＿＿□□□□＿＿□
＿＿＿□□□□□＿□
＿＿□□□□□□＿□
＿□□□□□□□□□
＿□□□□□□□□□
□□＿□□□□□□□
□□□□□＿□□□□
□□□□□□□＿□□
□□□□□□□＿□＿
□□□□□□□□□＿
□□□□□□□□＿□
□□□□□□□□＿□
00:49:06(88408f):field(88407f)
＿＿＿＿＿＿＿＿＿＿
＿＿＿＿＿＿＿＿＿＿
＿＿＿＿＿＿＿＿＿＿
＿＿＿＿＿＿＿＿＿＿
＿＿＿＿＿＿＿＿＿＿
＿＿＿＿＿＿＿＿＿＿
＿＿＿＿□□■＿＿＿
＿＿＿□□□■■＿□
＿＿＿□□□□■＿□
＿＿＿□□□□□＿□
＿＿□□□□□□＿□
＿□□□□□□□□□
＿□□□□□□□□□
□□＿□□□□□□□
□□□□□＿□□□□
□□□□□□□＿□□
□□□□□□□＿□＿
□□□□□□□□□＿
□□□□□□□□＿□
□□□□□□□□＿□
00:49:07(88425f):field(88424f)
＿＿＿＿＿＿＿＿＿＿
＿＿＿＿＿＿＿＿＿＿
＿＿＿＿＿＿＿＿＿＿
＿＿＿＿＿＿＿＿＿＿
＿＿＿＿＿＿＿＿＿＿
＿＿＿＿＿＿＿＿＿＿
＿＿＿＿◆◆◆＿＿＿
＿＿＿◆□□□◆＿◆
＿＿＿□□□□□＿□
＿＿＿□□□□□＿□
＿■◆□□□□□＿□
■□□□□□□□◆□
■□□□□□□□□□
□□＿□□□□□□□
□□□□□＿□□□□
□□□□□□□＿□□
□□□□□□□＿□＿
□□□□□□□□□＿
□□□□□□□□＿□
□□□□□□□□＿□
00:49:07(88436f):field(88435f)
＿＿＿＿＿＿＿＿＿＿
＿＿＿＿＿＿＿＿＿＿
＿＿＿＿＿＿＿＿＿＿
＿＿＿＿＿＿＿＿＿＿
＿＿＿＿＿＿＿＿＿＿
＿＿＿＿＿＿＿＿＿＿
＿＿＿＿＿＿＿＿＿＿
＿＿＿＿□□□＿＿＿
＿＿＿□□□□□＿□
■■■□□□□□＿□
＿□■□□□□□＿□
□□□□□□□□＿□
◆□□□□□□□□□
□□＿□□□□□□□
□□□□□＿□□□□
□□□□□□□＿□□
□□□□□□□＿□＿
□□□□□□□□□＿
□□□□□□□□＿□
□□□□□□□□＿□
00:49:08(88448f):field(88447f)
＿＿＿＿＿＿＿＿＿＿
＿＿＿＿＿＿＿＿＿＿
＿＿＿＿＿＿＿＿＿＿
＿＿＿＿＿＿＿＿＿＿
＿＿＿＿＿＿＿＿＿＿
＿＿＿＿＿＿＿＿＿＿
＿＿＿＿＿＿＿＿＿＿
＿■＿＿□□□＿＿＿
■■■□□□□□＿□
□□□□□□□□＿□
＿□□□□□□□＿□
□□□□□□□□＿□
＿□□□□□□□□□
□□＿□□□□□□□
□□□□□＿□□□□
□□□□□□□＿□□
□□□□□□□＿□＿
□□□□□□□□□＿
□□□□□□□□＿□
□□□□□□□□＿□
00:49:08(88462f):field(88461f)
＿＿＿＿＿＿＿＿＿＿
＿＿＿＿＿＿＿＿＿＿
＿＿＿＿＿＿＿＿＿＿
＿＿＿＿＿＿＿＿＿＿
＿＿＿＿＿＿＿＿＿＿
＿＿＿＿＿＿＿＿＿＿
＿＿＿＿＿＿＿＿＿＿
＿□＿＿◆◆◆＿＿■
□◆□□◆◆◆◆■◆
□□□□◆□◆◆■□
■□□◆□□□□■◆
◆□□□□□□□■□
＿□□□□□□□□□
□□■□□□□□□□
□□□□□＿□□□□
□□□□□□□＿□□
□□□□□□□＿□＿
□□□□□□□□□＿
□□□□□□□□＿□
□□□□□□□□＿□
00:49:09(88474f):field(88473f)
＿＿＿＿＿＿＿＿＿＿
＿＿＿＿＿＿＿＿＿＿
＿＿＿＿＿＿＿＿＿＿
＿＿＿＿＿＿＿＿＿＿
＿＿＿＿＿＿＿＿＿＿
＿＿＿＿＿＿＿＿＿＿
＿＿＿＿＿＿＿＿＿＿
＿◆＿＿＿＿＿＿＿◆
◆＿◆◆＿＿＿＿◆＿
◆◆◆◆＿◆＿＿□□
◆□◆＿□□□◆□■
＿□□□□□□□□□
＿□□□□□□□□□
□□◆□□□□□□□
□□□□□＿□□□□
□□□□□□□＿□□
□□□□□□□＿□＿
□□□□□□□□□＿
□□□□□□□□＿□
□□□□□□□□＿□
00:49:09(88484f):field(88483f)
＿＿＿＿＿＿＿＿＿＿
＿＿＿＿＿＿＿＿＿＿
＿＿＿＿＿＿＿＿＿＿
＿＿＿＿＿＿＿＿＿＿
＿＿＿＿＿＿＿＿＿＿
＿＿＿＿＿＿＿＿＿＿
＿＿＿＿＿＿＿＿＿＿
＿＿＿＿＿＿＿＿＿＿
＿＿＿＿＿＿＿＿＿＿
＿＿＿■■■＿＿□□
＿□＿■□□□＿□□
＿□□□□□□□□□
＿□□□□□□□□□
□□＿□□□□□□□
□□□□□＿□□□□
□□□□□□□＿□□
□□□□□□□＿□＿
□□□□□□□□□＿
□□□□□□□□＿□
□□□□□□□□＿□
00:49:09(88495f):field(88494f)
＿＿＿＿＿＿＿＿＿＿
＿＿＿＿＿＿＿＿＿＿
＿＿＿＿＿＿＿＿＿＿
＿＿＿＿＿＿＿＿＿＿
＿＿＿＿＿＿＿＿＿＿
＿＿＿＿＿＿＿＿＿＿
＿＿＿＿■＿＿＿＿＿
＿＿＿■■＿＿＿＿＿
＿＿＿■＿＿＿＿＿＿
＿＿＿□□□＿＿□□
＿□＿□□□□＿□□
＿□□□□□□□□□
＿□□□□□□□□□
□□＿□□□□□□□
□□□□□＿□□□□
□□□□□□□＿□□
□□□□□□□＿□＿
□□□□□□□□□＿
□□□□□□□□＿□
□□□□□□□□＿□
00:49:10(88509f):field(88508f)
＿＿＿＿＿＿＿＿＿＿
＿＿＿＿＿＿＿＿＿＿
＿＿＿＿＿＿＿＿＿＿
＿＿＿＿＿＿＿＿＿＿
＿＿＿＿＿＿＿＿＿＿
＿＿＿＿＿＿＿＿＿＿
＿＿＿＿□■＿＿＿＿
＿＿＿□□■＿＿＿＿
＿＿＿□■■＿＿＿＿
＿＿＿□□□＿＿□□
＿□＿□□□□＿□□
＿□□□□□□□□□
＿□□□□□□□□□
□□＿□□□□□□□
□□□□□＿□□□□
□□□□□□□＿□□
□□□□□□□＿□＿
□□□□□□□□□＿
□□□□□□□□＿□
□□□□□□□□＿□
00:49:10(88523f):field(88522f)
＿＿＿＿＿＿＿＿＿＿
＿＿＿＿＿＿＿＿＿＿
＿＿＿＿＿＿＿＿＿＿
＿＿＿＿＿＿＿＿＿＿
＿＿＿＿＿＿＿＿＿＿
＿＿＿＿＿＿＿＿＿＿
＿＿＿＿◆◆＿＿＿＿
＿＿＿◆◆◆＿＿＿＿
＿＿＿◆□□＿＿＿＿
＿＿＿□□□＿＿◆◆
■□＿□□□□■◆◆
■◆◆□□□◆□□□
■□□□□□□□□□
□□■□□□□□□□
□□□□□■□□□□
□□□□□□□＿□□
□□□□□□□＿□＿
□□□□□□□□□＿
□□□□□□□□＿□
□□□□□□□□＿□
00:49:11(88532f):field(88531f)
＿＿＿＿＿＿＿＿＿＿
＿＿＿＿＿＿＿＿＿＿
＿＿＿＿＿＿＿＿＿＿
＿＿＿＿＿＿＿＿＿＿
＿＿＿＿＿＿＿＿＿＿
＿＿＿＿＿＿＿＿＿＿
＿＿＿＿■■＿＿＿＿
＿＿＿＿■■＿＿＿＿
＿＿＿＿□□＿＿＿＿
＿＿＿□□□＿＿＿＿
□◆＿□□□◆◆■＿
□＿＿□□□＿◆□□
□□◆□□□□◆□□
□□◆□□□□□□□
□□□□□◆□□□□
□□□□□□□＿□□
□□□□□□□＿□＿
□□□□□□□□□＿
□□□□□□□□＿□
□□□□□□□□＿□
00:49:11(88547f):field(88546f)
＿＿＿＿＿＿＿＿＿＿
＿＿＿＿＿＿＿＿＿＿
＿＿＿＿＿＿＿＿＿＿
＿＿＿＿＿＿＿＿＿＿
＿＿＿＿＿＿＿＿＿＿
＿＿＿＿＿＿＿＿＿＿
＿＿＿＿◆◆＿＿＿＿
＿＿＿＿□□＿＿＿＿
＿＿＿＿□□＿＿＿＿
＿＿＿◆□□＿＿＿＿
◆＿＿□□□＿＿◆＿
◆＿＿□□□＿＿◆◆
□□■□□□◆■□□
□□■□□□□◆□□
□□□□□■□□□□
□□□□□□□＿□□
□□□□□□□＿□＿
□□□□□□□□□＿
□□□□□□□□＿□
□□□□□□□□＿□
00:49:12(88562f):field(88561f)
＿＿＿＿＿＿＿＿＿＿
＿＿＿＿＿＿＿＿＿＿
＿＿＿＿＿＿＿＿＿＿
＿＿＿＿＿＿＿＿＿＿
＿＿＿＿＿＿＿＿＿＿
＿＿＿＿＿＿＿＿＿＿
＿＿＿＿＿＿＿＿＿＿
＿＿＿＿◆◆＿＿＿＿
＿＿＿＿◆◆＿＿＿＿
＿＿＿＿□□＿＿＿＿
＿＿＿◆□□＿＿＿＿
＿＿＿□□□＿＿＿＿
◆□□□□□■◆◆◆
◆◆□□□□◆■◆◆
□□□□□□□□□□
□□□□□□□＿□□
□□□□□□□＿□＿
□□□□□□□□□＿
□□□□□□□□＿□
□□□□□□□□＿□
00:49:12(88573f):field(88572f)
＿＿＿＿＿＿＿＿＿＿
＿＿＿＿＿＿＿＿＿＿
＿＿＿＿＿＿＿＿＿＿
＿＿＿＿＿＿＿＿＿＿
＿＿＿＿＿＿＿＿＿＿
＿＿＿＿＿＿＿＿＿＿
＿＿＿＿＿＿＿＿＿＿
＿＿＿＿＿＿＿＿＿＿
＿＿＿＿＿＿＿＿＿＿
＿＿＿＿□□＿＿＿＿
＿＿＿＿□□＿＿＿＿
＿＿＿◆□□＿＿＿＿
■◆◆□□□◆＿＿＿
■■□□□□＿□＿＿
□□□□□◆□□□□
□□□□□□□＿□□
□□□□□□□＿□＿
□□□□□□□□□＿
□□□□□□□□＿□
□□□□□□□□＿□
00:49:12(88584f):field(88583f)
＿＿＿＿＿＿＿＿＿＿
＿＿＿＿＿＿＿＿＿＿
＿＿＿＿＿＿＿＿＿＿
＿＿＿＿＿＿＿＿＿＿
＿＿＿＿＿＿＿＿＿＿
＿＿＿＿＿＿＿＿＿＿
＿＿＿＿＿＿＿＿＿＿
＿＿＿＿＿＿＿＿＿＿
＿＿＿＿＿＿＿＿＿＿
＿＿＿＿□□＿＿＿＿
＿＿＿＿□□■＿＿＿
＿＿＿＿□□■＿＿＿
□＿＿□□□■＿＿＿
□□□□□□■□＿＿
□□□□□＿□□□□
□□□□□□□＿□□
□□□□□□□＿□＿
□□□□□□□□□＿
□□□□□□□□＿□
□□□□□□□□＿□
00:49:13(88595f):field(88594f)
＿＿＿＿＿＿＿＿＿＿
＿＿＿＿＿＿＿＿＿＿
＿＿＿＿＿＿＿＿＿＿
＿＿＿＿＿＿＿＿＿＿
＿＿＿＿＿＿＿＿＿＿
＿＿＿＿＿＿＿＿＿＿
＿＿＿＿＿＿＿＿＿＿
＿＿＿＿＿＿＿＿＿＿
＿＿＿＿＿＿＿＿＿＿
＿＿＿＿□□＿＿＿＿
＿＿＿＿□□□＿＿＿
＿＿■■□□□＿＿＿
□■■□□□□＿＿＿
□□□□□□□□＿＿
□□□□□＿□□□□
□□□□□□□＿□□
□□□□□□□＿□＿
□□□□□□□□□＿
□□□□□□□□＿□
□□□□□□□□＿□
00:49:13(88606f):field(88605f)
＿＿＿＿＿＿＿＿＿＿
＿＿＿＿＿＿＿＿＿＿
＿＿＿＿＿＿＿＿＿＿
＿＿＿＿＿＿＿＿＿＿
＿＿＿＿＿＿＿＿＿＿
＿＿＿＿＿＿＿＿＿＿
＿＿＿＿＿＿＿＿＿＿
＿＿＿＿＿＿＿＿＿＿
＿＿＿＿＿＿＿＿＿＿
■＿＿＿□□＿＿＿＿
■＿＿＿□□□＿＿＿
■■□□□□□＿＿＿
□□□□□□□＿＿＿
□□□□□□□□＿＿
□□□□□＿□□□□
□□□□□□□＿□□
□□□□□□□＿□＿
□□□□□□□□□＿
□□□□□□□□＿□
□□□□□□□□＿□
00:49:14(88620f):field(88619f)
＿＿＿＿＿＿＿＿＿＿
＿＿＿＿＿＿＿＿＿＿
＿＿＿＿＿＿＿＿＿＿
＿＿＿＿＿＿＿＿＿＿
＿＿＿＿＿＿＿＿＿＿
＿＿＿＿＿＿＿＿＿＿
＿＿＿＿＿＿＿＿＿＿
＿＿＿＿＿＿＿＿＿＿
＿＿＿＿＿＿＿＿＿＿
◆＿＿＿◆◆＿＿＿＿
□＿＿＿□□◆＿＿＿
□◆◆◆□□□＿＿＿
□□□□□□□＿＿＿
□□□□□□□□■＿
□□□□□＿□□□□
□□□□□□□＿□□
□□□□□□□＿□＿
□□□□□□□□□＿
□□□□□□□□＿□
□□□□□□□□＿□
00:49:14(88631f):field(88630f)
＿＿＿＿＿＿＿＿＿＿
＿＿＿＿＿＿＿＿＿＿
＿＿＿＿＿＿＿＿＿＿
＿＿＿＿＿＿＿＿＿＿
＿＿＿＿＿＿＿＿＿＿
＿＿＿＿＿＿＿＿＿＿
＿＿＿＿＿＿＿＿＿＿
＿＿＿＿＿＿＿＿＿＿
＿＿＿＿＿＿＿＿＿＿
＿＿＿＿＿＿＿＿＿＿
□＿■■□□＿＿＿＿
□＿■■□□□＿＿＿
□□□□□□□＿＿＿
□□□□□□□□□＿
□□□□□＿□□□□
□□□□□□□＿□□
□□□□□□□＿□＿
□□□□□□□□□＿
□□□□□□□□＿□
□□□□□□□□＿□
00:49:14(88647f):field(88646f)
＿＿＿＿＿＿＿＿＿＿
＿＿＿＿＿＿＿＿＿＿
＿＿＿＿＿＿＿＿＿＿
＿＿＿＿＿＿＿＿＿＿
＿＿＿＿＿＿＿＿＿＿
＿＿＿＿＿＿＿＿＿＿
＿＿＿＿＿＿＿＿＿＿
＿＿＿＿＿＿＿＿＿＿
＿＿＿＿＿＿＿＿＿＿
＿＿＿＿＿＿＿＿＿＿
◆＿◆◆◆◆＿＿＿＿
□＿□□□□◆＿＿＿
□◆□□□□□＿＿■
□□□□□□□□□■
□□□□□＿□□□□
□□□□□□□＿□□
□□□□□□□＿□＿
□□□□□□□□□＿
□□□□□□□□＿□
□□□□□□□□＿□
00:49:15(88658f):field(88657f)
＿＿＿＿＿＿＿＿＿＿
＿＿＿＿＿＿＿＿＿＿
＿＿＿＿＿＿＿＿＿＿
＿＿＿＿＿＿＿＿＿＿
＿＿＿＿＿＿＿＿＿＿
＿＿＿＿＿＿＿＿＿＿
＿＿＿＿＿＿＿＿＿＿
＿＿＿＿＿＿＿＿＿＿
＿＿＿＿＿＿＿＿＿＿
＿＿＿＿＿■＿＿＿＿
＿＿＿＿＿■■＿＿＿
□＿□□□□■＿＿＿
□＿□□□□□＿＿□
□□□□□□□◆□□
□□□□□＿□□□□
□□□□□□□＿□□
□□□□□□□＿□＿
□□□□□□□□□＿
□□□□□□□□＿□
□□□□□□□□＿□
00:49:15(88674f):field(88673f)
＿＿＿＿＿＿＿＿＿＿
＿＿＿＿＿＿＿＿＿＿
＿＿＿＿＿＿＿＿＿＿
＿＿＿＿＿＿＿＿＿＿
＿＿＿＿＿＿＿＿＿＿
＿＿＿＿＿＿＿＿＿＿
＿＿＿＿＿＿＿＿＿＿
＿＿＿＿＿＿＿＿＿＿
＿＿＿＿＿＿＿＿＿＿
＿＿＿＿＿◆＿＿＿＿
＿＿＿＿＿□◆＿＿＿
◆＿◆◆◆□□■＿＿
□＿□□□□□■■◆
□◆□□□□□■◆□
□□□□□＿□□□□
□□□□□□□＿□□
□□□□□□□＿□＿
□□□□□□□□□＿
□□□□□□□□＿□
□□□□□□□□＿□
00:49:16(88688f):field(88687f)
＿＿＿＿＿＿＿＿＿＿
＿＿＿＿＿＿＿＿＿＿
＿＿＿＿＿＿＿＿＿＿
＿＿＿＿＿＿＿＿＿＿
＿＿＿＿＿＿＿＿＿＿
＿＿＿＿＿＿＿＿＿＿
＿＿＿＿＿＿＿＿＿＿
＿＿＿＿＿＿＿＿＿＿
＿＿＿＿＿＿＿＿＿＿
＿＿＿＿＿＿＿＿＿＿
＿＿＿＿＿□＿＿＿＿
■■＿＿＿□□□＿＿
□■□□□□□□◆＿
□■□□□□□□＿□
□□□□□＿□□□□
□□□□□□□＿□□
□□□□□□□＿□＿
□□□□□□□□□＿
□□□□□□□□＿□
□□□□□□□□＿□
00:49:16(88700f):field(88699f)
＿＿＿＿＿＿＿＿＿＿
＿＿＿＿＿＿＿＿＿＿
＿＿＿＿＿＿＿＿＿＿
＿＿＿＿＿＿＿＿＿＿
＿＿＿＿＿＿＿＿＿＿
＿＿＿＿＿＿＿＿＿＿
＿＿＿＿＿＿＿＿＿＿
＿＿＿＿＿＿＿＿＿＿
＿＿＿＿＿＿＿＿＿＿
＿＿＿＿＿＿＿＿＿＿
＿＿＿■■□＿＿＿＿
□□＿■■□□□＿＿
□□□□□□□□＿＿
□□□□□□□□＿□
□□□□□＿□□□□
□□□□□□□＿□□
□□□□□□□＿□＿
□□□□□□□□□＿
□□□□□□□□＿□
□□□□□□□□＿□
00:49:17(88716f):field(88715f)
＿＿＿＿＿＿＿＿＿＿
＿＿＿＿＿＿＿＿＿＿
＿＿＿＿＿＿＿＿＿＿
＿＿＿＿＿＿＿＿＿＿
＿＿＿＿＿＿＿＿＿＿
＿＿＿＿＿＿＿＿＿＿
＿＿＿＿＿＿＿＿＿＿
＿＿＿＿＿＿＿＿＿＿
＿＿＿＿＿＿＿＿＿＿
＿＿＿＿＿＿＿＿＿＿
＿＿＿◆◆◆＿＿＿＿
◆◆＿◆◆□◆◆＿＿
◆□◆□□□□◆＿＿
□□□□□□□□＿□
□□□□□＿□□□□
□□□□□□□＿□□
□□□□□□□＿□＿
□□□□□□□□□＿
□□□□□□□□＿□
□□□□□□□□＿□
00:49:17(88729f):field(88728f)
＿＿＿＿＿＿＿＿＿＿
＿＿＿＿＿＿＿＿＿＿
＿＿＿＿＿＿＿＿＿＿
＿＿＿＿＿＿＿＿＿＿
＿＿＿＿＿＿＿＿＿＿
＿＿＿＿＿＿＿＿＿＿
＿＿＿＿＿＿＿＿＿＿
＿＿＿＿＿＿＿＿＿＿
＿＿＿＿＿＿＿＿＿＿
＿＿＿＿＿＿＿＿＿＿
＿＿＿＿＿＿＿＿＿＿
＿＿＿＿＿◆＿＿＿＿
■□■□□□◆＿＿＿
□□□□□□□□＿□
□□□□□＿□□□□
□□□□□□□＿□□
□□□□□□□＿□＿
□□□□□□□□□＿
□□□□□□□□＿□
□□□□□□□□＿□
00:49:18(88743f):field(88742f)
＿＿＿＿＿＿＿＿＿＿
＿＿＿＿＿＿＿＿＿＿
＿＿＿＿＿＿＿＿＿＿
＿＿＿＿＿＿＿＿＿＿
＿＿＿＿＿＿＿＿＿＿
＿＿＿＿＿＿＿＿＿＿
＿＿＿＿＿＿＿＿＿＿
＿＿＿＿＿＿＿＿＿＿
＿＿＿＿＿＿＿＿＿＿
＿＿＿＿＿＿＿＿＿＿
＿＿＿＿＿＿＿＿＿＿
＿＿＿■＿＿＿＿＿＿
◆□□◆□◆＿＿＿＿
□□□□□□□□＿□
□□□□□■□□□□
□□□□□□□＿□□
□□□□□□□＿□＿
□□□□□□□□□＿
□□□□□□□□＿□
□□□□□□□□＿□
00:49:18(88756f):field(88755f)
＿＿＿＿＿＿＿＿＿＿
＿＿＿＿＿＿＿＿＿＿
＿＿＿＿＿＿＿＿＿＿
＿＿＿＿＿＿＿＿＿＿
＿＿＿＿＿＿＿＿＿＿
＿＿＿＿＿＿＿＿＿＿
＿＿＿＿＿＿＿＿＿＿
＿＿＿＿＿＿＿＿＿＿
＿＿＿＿＿＿＿＿＿＿
＿＿＿＿＿＿＿＿＿＿
＿＿＿＿＿＿＿＿＿＿
＿＿＿◆＿＿＿＿＿＿
＿◆◆＿◆＿■■＿＿
◆◆◆◆□◆◆□■◆
□□□□□◆□□□□
□□□□□□□＿□□
□□□□□□□＿□＿
□□□□□□□□□＿
□□□□□□□□＿□
□□□□□□□□＿□
00:49:18(88765f):field(88764f)
＿＿＿＿＿＿＿＿＿＿
＿＿＿＿＿＿＿＿＿＿
＿＿＿＿＿＿＿＿＿＿
＿＿＿＿＿＿＿＿＿＿
＿＿＿＿＿＿＿＿＿＿
＿＿＿＿＿＿＿＿＿＿
＿＿＿＿＿＿＿＿＿＿
＿＿＿＿＿＿＿＿＿＿
＿＿＿＿＿＿＿＿＿＿
＿＿＿＿＿＿＿＿＿＿
＿＿＿＿＿＿＿＿＿＿
＿＿＿＿＿＿＿＿＿＿
■■＿＿＿＿◆□＿＿
■■＿＿◆＿＿□□＿
□□□□□＿□□□□
□□□□□□□＿□□
□□□□□□□＿□＿
□□□□□□□□□＿
□□□□□□□□＿□
□□□□□□□□＿□
00:49:19(88779f):field(88778f)
＿＿＿＿＿＿＿＿＿＿
＿＿＿＿＿＿＿＿＿＿
＿＿＿＿＿＿＿＿＿＿
＿＿＿＿＿＿＿＿＿＿
＿＿＿＿＿＿＿＿＿＿
＿＿＿＿＿＿＿＿＿＿
＿＿＿＿＿＿＿＿＿＿
＿＿＿＿＿＿＿＿＿＿
＿＿＿＿＿＿＿＿＿＿
＿＿＿＿＿＿＿＿＿＿
＿＿＿＿＿＿＿＿＿＿
＿＿＿＿＿＿＿＿＿＿
◆◆＿＿＿＿＿◆＿＿
□□＿＿■＿＿□◆＿
□□◆◆□■□□□◆
□□□□□□□＿□□
□□□□□□□＿□＿
□□□□□□□□□＿
□□□□□□□□＿□
□□□□□□□□＿□
00:49:19(88790f):field(88789f)
＿＿＿＿＿＿＿＿＿＿
＿＿＿＿＿＿＿＿＿＿
＿＿＿＿＿＿＿＿＿＿
＿＿＿＿＿＿＿＿＿＿
＿＿＿＿＿＿＿＿＿＿
＿＿＿＿＿＿＿＿＿＿
＿＿＿＿＿＿＿＿＿＿
＿＿＿＿＿＿＿＿＿＿
＿＿＿＿＿＿＿＿＿＿
＿＿＿＿＿＿＿＿＿＿
＿＿＿＿＿＿＿＿＿＿
＿＿＿＿＿＿＿＿＿＿
＿＿■＿＿＿＿＿＿＿
□□■＿◆＿＿□＿＿
□□■■□□□□□＿
□□□□□□□＿□□
□□□□□□□＿□＿
□□□□□□□□□＿
□□□□□□□□＿□
□□□□□□□□＿□
00:49:20(88802f):field(88801f)
＿＿＿＿＿＿＿＿＿＿
＿＿＿＿＿＿＿＿＿＿
＿＿＿＿＿＿＿＿＿＿
＿＿＿＿＿＿＿＿＿＿
＿＿＿＿＿＿＿＿＿＿
＿＿＿＿＿＿＿＿＿＿
＿＿＿＿＿＿＿＿＿＿
＿＿＿＿＿＿＿＿＿＿
＿＿＿＿＿＿＿＿＿＿
＿＿＿＿＿＿＿＿＿＿
＿＿＿＿＿＿＿＿＿＿
＿＿＿＿■＿＿＿＿＿
＿＿□■■＿＿＿＿＿
□□□■＿＿＿□＿＿
□□□□□□□□□＿
□□□□□□□＿□□
□□□□□□□＿□＿
□□□□□□□□□＿
□□□□□□□□＿□
□□□□□□□□＿□
00:49:20(88813f):field(88812f)
＿＿＿＿＿＿＿＿＿＿
＿＿＿＿＿＿＿＿＿＿
＿＿＿＿＿＿＿＿＿＿
＿＿＿＿＿＿＿＿＿＿
＿＿＿＿＿＿＿＿＿＿
＿＿＿＿＿＿＿＿＿＿
＿＿＿＿＿＿＿＿＿＿
＿＿＿＿＿＿＿＿＿＿
＿＿＿＿＿＿＿＿＿＿
＿＿＿＿＿＿＿＿＿＿
＿＿＿＿＿■＿＿＿＿
＿＿＿＿□■＿＿＿＿
＿＿□□□■＿＿＿＿
□□□□＿■＿□＿＿
□□□□□□□□□＿
□□□□□□□＿□□
□□□□□□□＿□＿
□□□□□□□□□＿
□□□□□□□□＿□
□□□□□□□□＿□
00:49:20(88825f):field(88824f)
＿＿＿＿＿＿＿＿＿＿
＿＿＿＿＿＿＿＿＿＿
＿＿＿＿＿＿＿＿＿＿
＿＿＿＿＿＿＿＿＿＿
＿＿＿＿＿＿＿＿＿＿
＿＿＿＿＿＿＿＿＿＿
＿＿＿＿＿＿＿＿＿＿
＿＿＿＿＿＿＿＿＿＿
＿＿＿＿＿＿＿＿＿＿
＿＿＿＿＿＿＿＿＿＿
＿＿＿＿＿□＿＿＿＿
■■＿＿□□＿＿＿＿
■■□□□□＿＿＿＿
□□□□＿□＿□＿＿
□□□□□□□□□＿
□□□□□□□＿□□
□□□□□□□＿□＿
□□□□□□□□□＿
□□□□□□□□＿□
□□□□□□□□＿□
00:49:21(88836f):field(88835f)
＿＿＿＿＿＿＿＿＿＿
＿＿＿＿＿＿＿＿＿＿
＿＿＿＿＿＿＿＿＿＿
＿＿＿＿＿＿＿＿＿＿
＿＿＿＿＿＿＿＿＿＿
＿＿＿＿＿＿＿＿＿＿
＿＿＿＿＿＿＿＿＿＿
＿＿＿＿＿＿＿＿＿＿
＿＿＿＿＿＿＿＿＿＿
＿＿＿■＿＿＿＿＿＿
＿＿＿■■□＿＿＿＿
□□＿■□□＿＿＿＿
□□□□□□＿＿＿＿
□□□□＿□＿□＿＿
□□□□□□□□□＿
□□□□□□□＿□□
□□□□□□□＿□＿
□□□□□□□□□＿
□□□□□□□□＿□
□□□□□□□□＿□
00:49:21(88846f):field(88845f)
＿＿＿＿＿＿＿＿＿＿
＿＿＿＿＿＿＿＿＿＿
＿＿＿＿＿＿＿＿＿＿
＿＿＿＿＿＿＿＿＿＿
＿＿＿＿＿＿＿＿＿＿
＿＿＿＿＿＿＿＿＿＿
＿＿＿＿＿＿＿＿＿＿
＿＿＿＿■＿＿＿＿＿
＿＿＿＿■＿＿＿＿＿
＿＿＿□■■＿＿＿＿
＿＿＿□□□＿＿＿＿
□□＿□□□＿＿＿＿
□□□□□□＿＿＿＿
□□□□＿□＿□＿＿
□□□□□□□□□＿
□□□□□□□＿□□
□□□□□□□＿□＿
□□□□□□□□□＿
□□□□□□□□＿□
□□□□□□□□＿□
00:49:21(88859f):field(88858f)
＿＿＿＿＿＿＿＿＿＿
＿＿＿＿＿＿＿＿＿＿
＿＿＿＿＿＿＿＿＿＿
＿＿＿＿＿＿＿＿＿＿
＿＿＿＿＿＿＿＿＿＿
＿＿＿＿＿＿＿＿＿＿
＿＿＿＿＿＿＿＿＿＿
＿＿＿＿□＿＿＿＿＿
＿＿＿＿□＿＿＿＿＿
＿＿＿□□□＿＿＿＿
＿＿＿□□□＿＿＿＿
□□＿□□□＿■＿＿
□□□□□□■■＿＿
□□□□＿□■□＿＿
□□□□□□□□□＿
□□□□□□□＿□□
□□□□□□□＿□＿
□□□□□□□□□＿
□□□□□□□□＿□
□□□□□□□□＿□
00:49:22(88873f):field(88872f)
＿＿＿＿＿＿＿＿＿＿
＿＿＿＿＿＿＿＿＿＿
＿＿＿＿＿＿＿＿＿＿
＿＿＿＿＿＿＿＿＿＿
＿＿＿＿＿＿＿＿＿＿
＿＿＿＿＿＿＿＿＿＿
＿＿＿＿＿＿＿＿＿＿
＿＿＿＿□＿＿＿＿＿
＿＿＿＿□＿＿＿＿＿
＿■＿□□□＿＿＿＿
＿■■□□□＿＿＿＿
□□■□□□＿□＿＿
□□□□□□□□＿＿
□□□□＿□□□＿＿
□□□□□□□□□＿
□□□□□□□＿□□
□□□□□□□＿□＿
□□□□□□□□□＿
□□□□□□□□＿□
□□□□□□□□＿□
00:49:22(88889f):field(88888f)
＿＿＿＿＿＿＿＿＿＿
＿＿＿＿＿＿＿＿＿＿
＿＿＿＿＿＿＿＿＿＿
＿＿＿＿＿＿＿＿＿＿
＿＿＿＿＿＿＿＿＿＿
＿＿＿＿＿＿＿＿＿＿
＿＿＿＿＿＿＿＿＿＿
＿＿＿＿◆＿＿＿＿＿
＿＿＿＿□＿＿＿＿＿
＿◆＿◆□◆＿＿＿＿
＿□◆□□□＿＿＿＿
◆□□□□□＿◆＿＿
□□□□□□◆□＿■
□□□□■□□□＿■
□□□□◆□□□◆■
□□□□□□□＿□□
□□□□□□□＿□＿
□□□□□□□□□＿
□□□□□□□□＿□
□□□□□□□□＿□
00:49:23(88903f):field(88902f)
＿＿＿＿＿＿＿＿＿＿
＿＿＿＿＿＿＿＿＿＿
＿＿＿＿＿＿＿＿＿＿
＿＿＿＿＿＿＿＿＿＿
＿＿＿＿＿＿＿＿＿＿
＿＿＿＿＿＿＿＿＿＿
＿＿＿＿＿＿＿＿＿＿
＿＿＿＿＿＿＿＿＿＿
＿＿＿＿□＿＿＿＿＿
■■＿＿□＿＿＿＿＿
■□＿□□□＿＿＿＿
■□□□□□＿＿＿＿
□□□□□□＿□＿□
□□□□□□□□＿□
□□□□＿□□□＿□
□□□□□□□＿□□
□□□□□□□＿□＿
□□□□□□□□□＿
□□□□□□□□＿□
□□□□□□□□＿□
00:49:23(88915f):field(88914f)
＿＿＿＿＿＿＿＿＿＿
＿＿＿＿＿＿＿＿＿＿
＿＿＿＿＿＿＿＿＿＿
＿＿＿＿＿＿＿＿＿＿
＿＿＿＿＿＿＿＿＿＿
＿＿＿＿＿＿＿＿＿＿
＿＿＿＿＿＿＿＿＿＿
＿＿＿＿＿＿＿＿＿＿
＿＿＿＿□＿＿＿＿＿
□□＿＿□＿＿＿＿＿
□□＿□□□■＿＿＿
□□□□□□■■＿＿
□□□□□□■□＿□
□□□□□□□□＿□
□□□□＿□□□＿□
□□□□□□□＿□□
□□□□□□□＿□＿
□□□□□□□□□＿
□□□□□□□□＿□
□□□□□□□□＿□
00:49:24(88927f):field(88926f)
＿＿＿＿＿＿＿＿＿＿
＿＿＿＿＿＿＿＿＿＿
＿＿＿＿＿＿＿＿＿＿
＿＿＿＿＿＿＿＿＿＿
＿＿＿＿＿＿＿＿＿＿
＿＿＿＿＿＿＿＿＿＿
＿＿＿＿＿＿＿＿＿＿
＿＿＿＿＿＿＿＿＿＿
＿＿＿■□＿＿＿＿＿
□□■■□＿＿＿＿＿
□□■□□□□＿＿＿
□□□□□□□□＿＿
□□□□□□□□＿□
□□□□□□□□＿□
□□□□＿□□□＿□
□□□□□□□＿□□
□□□□□□□＿□＿
□□□□□□□□□＿
□□□□□□□□＿□
□□□□□□□□＿□
00:49:24(88943f):field(88942f)
＿＿＿＿＿＿＿＿＿＿
＿＿＿＿＿＿＿＿＿＿
＿＿＿＿＿＿＿＿＿＿
＿＿＿＿＿＿＿＿＿＿
＿＿＿＿＿＿＿＿＿＿
＿＿＿＿＿＿＿＿＿＿
＿＿＿＿＿＿＿＿＿＿
＿＿＿＿＿＿＿＿＿＿
＿＿＿□□＿■＿＿＿
□□□□□＿■■＿＿
□□□□□□□■＿＿
□□□□□□□□＿＿
□□□□□□□□＿□
□□□□□□□□＿□
□□□□＿□□□＿□
□□□□□□□＿□□
□□□□□□□＿□＿
□□□□□□□□□＿
□□□□□□□□＿□
□□□□□□□□＿□
00:49:25(88959f):field(88958f)
＿＿＿＿＿＿＿＿＿＿
＿＿＿＿＿＿＿＿＿＿
＿＿＿＿＿＿＿＿＿＿
＿＿＿＿＿＿＿＿＿＿
＿＿＿＿＿＿＿＿＿＿
＿＿＿＿＿＿＿＿＿＿
＿＿＿＿＿＿＿＿＿＿
＿＿＿＿＿＿＿＿＿＿
＿＿＿◆◆＿◆＿＿＿
◆◆◆◆◆＿◆◆＿＿
◆◆◆□□◆□◆＿＿
□□□□□◆□□＿＿
□□□□□□□□■◆
□□□□□□□□■◆
□□□□＿□□□■□
□□□□□□□＿□□
□□□□□□□＿□＿
□□□□□□□□□＿
□□□□□□□□＿□
□□□□□□□□＿□
00:49:25(88971f):field(88970f)
＿＿＿＿＿＿＿＿＿＿
＿＿＿＿＿＿＿＿＿＿
＿＿＿＿＿＿＿＿＿＿
＿＿＿＿＿＿＿＿＿＿
＿＿＿＿＿＿＿＿＿＿
＿＿＿＿＿＿＿＿＿＿
＿＿＿＿＿＿＿＿＿＿
＿＿＿＿＿＿＿＿＿＿
＿＿＿＿＿＿＿＿＿＿
＿＿＿＿＿■■＿＿＿
＿＿＿□□■□＿＿＿
□□□□□■□□＿＿
□□□□□□□□◆＿
□□□□□□□□□＿
□□□□＿□□□□□
□□□□□□□＿□□
□□□□□□□＿□＿
□□□□□□□□□＿
□□□□□□□□＿□
□□□□□□□□＿□
00:49:26(88981f):field(88980f)
＿＿＿＿＿＿＿＿＿＿
＿＿＿＿＿＿＿＿＿＿
＿＿＿＿＿＿＿＿＿＿
＿＿＿＿＿＿＿＿＿＿
＿＿＿＿＿＿＿＿＿＿
＿＿＿＿＿＿＿＿＿＿
＿＿＿＿＿＿＿＿＿＿
＿＿＿＿＿＿＿＿＿＿
■＿＿＿＿＿＿＿＿＿
■＿＿＿＿□□＿＿＿
■■＿□□□□＿＿＿
□□□□□□□□＿＿
□□□□□□□□＿＿
□□□□□□□□□＿
□□□□＿□□□□□
□□□□□□□＿□□
□□□□□□□＿□＿
□□□□□□□□□＿
□□□□□□□□＿□
□□□□□□□□＿□
00:49:26(88992f):field(88991f)
＿＿＿＿＿＿＿＿＿＿
＿＿＿＿＿＿＿＿＿＿
＿＿＿＿＿＿＿＿＿＿
＿＿＿＿＿＿＿＿＿＿
＿＿＿＿＿＿＿＿＿＿
＿＿＿＿＿＿＿＿＿＿
＿＿＿＿＿＿＿＿＿＿
＿＿＿＿＿＿＿＿＿＿
□＿＿■■＿＿＿＿＿
□＿＿■■□□＿＿＿
□□＿□□□□＿＿＿
□□□□□□□□＿＿
□□□□□□□□＿＿
□□□□□□□□□＿
□□□□＿□□□□□
□□□□□□□＿□□
□□□□□□□＿□＿
□□□□□□□□□＿
□□□□□□□□＿□
□□□□□□□□＿□
00:49:26(89003f):field(89002f)
＿＿＿＿＿＿＿＿＿＿
＿＿＿＿＿＿＿＿＿＿
＿＿＿＿＿＿＿＿＿＿
＿＿＿＿＿＿＿＿＿＿
＿＿＿＿＿＿＿＿＿＿
＿＿＿＿＿＿＿＿＿＿
＿＿＿＿＿＿＿＿＿＿
＿＿＿＿＿＿＿＿＿＿
□■＿□□＿＿＿＿＿
□■■□□□□＿＿＿
□□■□□□□＿＿＿
□□□□□□□□＿＿
□□□□□□□□＿＿
□□□□□□□□□＿
□□□□＿□□□□□
□□□□□□□＿□□
□□□□□□□＿□＿
□□□□□□□□□＿
□□□□□□□□＿□
□□□□□□□□＿□
00:49:27(89020f):field(89019f)
＿＿＿＿＿＿＿＿＿＿
＿＿＿＿＿＿＿＿＿＿
＿＿＿＿＿＿＿＿＿＿
＿＿＿＿＿＿＿＿＿＿
＿＿＿＿＿＿＿＿＿＿
＿＿＿＿＿＿＿＿＿＿
＿＿＿＿＿＿＿＿＿＿
＿＿＿＿＿＿＿＿＿＿
◆◆＿◆◆＿＿＿＿＿
□□◆□□◆◆＿＿＿
□□□□□□□＿＿＿
□□□□□□□◆＿■
□□□□□□□□＿■
□□□□□□□□◆■
□□□□＿□□□□□
□□□□□□□＿□□
□□□□□□□＿□＿
□□□□□□□□□＿
□□□□□□□□＿□
□□□□□□□□＿□
00:49:27(89031f):field(89030f)
＿＿＿＿＿＿＿＿＿＿
＿＿＿＿＿＿＿＿＿＿
＿＿＿＿＿＿＿＿＿＿
＿＿＿＿＿＿＿＿＿＿
＿＿＿＿＿＿＿＿＿＿
＿＿＿＿＿＿＿＿＿＿
＿＿＿＿＿＿＿＿＿＿
＿＿＿＿＿＿＿＿＿＿
■■■＿＿＿＿＿＿＿
□□■□□＿＿＿＿＿
□□□□□□□＿＿＿
□□□□□□□＿＿□
□□□□□□□□＿□
□□□□□□□□＿□
□□□□＿□□□□□
□□□□□□□＿□□
□□□□□□□＿□＿
□□□□□□□□□＿
□□□□□□□□＿□
□□□□□□□□＿□
00:49:28(89042f):field(89041f)
＿＿＿＿＿＿＿＿＿＿
＿＿＿＿＿＿＿＿＿＿
＿＿＿＿＿＿＿＿＿＿
＿＿＿＿＿＿＿＿＿＿
＿＿＿＿＿＿＿＿＿＿
＿＿＿＿＿＿＿＿＿＿
＿＿＿＿＿＿＿＿＿＿
＿＿＿＿＿＿＿＿＿＿
□□□＿■■＿＿＿＿
□□□□□■■＿＿＿
□□□□□□□＿＿＿
□□□□□□□＿＿□
□□□□□□□□＿□
□□□□□□□□＿□
□□□□＿□□□□□
□□□□□□□＿□□
□□□□□□□＿□＿
□□□□□□□□□＿
□□□□□□□□＿□
□□□□□□□□＿□
00:49:28(89053f):field(89052f)
＿＿＿＿＿＿＿＿＿＿
＿＿＿＿＿＿＿＿＿＿
＿＿＿＿＿＿＿＿＿＿
＿＿＿＿＿＿＿＿＿＿
＿＿＿＿＿＿＿＿＿＿
＿＿＿＿＿＿＿＿＿＿
＿＿＿＿＿＿＿＿＿＿
＿＿■■■＿＿＿＿＿
□□□■□□＿＿＿＿
□□□□□□□＿＿＿
□□□□□□□＿＿＿
□□□□□□□＿＿□
□□□□□□□□＿□
□□□□□□□□＿□
□□□□＿□□□□□
□□□□□□□＿□□
□□□□□□□＿□＿
□□□□□□□□□＿
□□□□□□□□＿□
□□□□□□□□＿□
00:49:28(89068f):field(89067f)
＿＿＿＿＿＿＿＿＿＿
＿＿＿＿＿＿＿＿＿＿
＿＿＿＿＿＿＿＿＿＿
＿＿＿＿＿＿＿＿＿＿
＿＿＿＿＿＿＿＿＿＿
＿＿＿＿＿＿＿＿＿＿
＿＿＿＿＿＿＿＿＿＿
＿＿◆◆◆＿＿＿＿＿
◆◆◆◆◆◆＿＿＿＿
◆◆◆◆◆◆◆＿＿＿
◆◆□□□◆□＿＿＿
□□□□□□◆■＿◆
□□□□□□□◆■◆
□□□□□□□◆＿□
□□□□＿□□□□□
□□□□□□□■□□
□□□□□□□＿□＿
□□□□□□□□□＿
□□□□□□□□＿□
□□□□□□□□＿□
00:49:29(89079f):field(89078f)
＿＿＿＿＿＿＿＿＿＿
＿＿＿＿＿＿＿＿＿＿
＿＿＿＿＿＿＿＿＿＿
＿＿＿＿＿＿＿＿＿＿
＿＿＿＿＿＿＿＿＿＿
＿＿＿＿＿＿＿＿＿＿
＿＿＿＿＿＿＿＿＿＿
＿＿＿＿＿＿＿＿＿＿
＿＿＿＿＿＿＿＿＿＿
＿＿＿＿＿＿＿＿＿＿
＿＿□□□＿◆＿＿＿
□□□□□□＿◆＿＿
□□□□□□□＿□■
□□□□□□□■■◆
□□□□＿□□□□□
□□□□□□□◆□□
□□□□□□□＿□＿
□□□□□□□□□＿
□□□□□□□□＿□
□□□□□□□□＿□
00:49:29(89096f):field(89095f)
＿＿＿＿＿＿＿＿＿＿
＿＿＿＿＿＿＿＿＿＿
＿＿＿＿＿＿＿＿＿＿
＿＿＿＿＿＿＿＿＿＿
＿＿＿＿＿＿＿＿＿＿
＿＿＿＿＿＿＿＿＿＿
＿＿＿＿＿＿＿＿＿＿
＿＿＿＿＿＿＿＿＿＿
＿＿＿＿＿＿＿＿＿＿
＿＿＿＿＿＿＿＿＿＿
＿＿◆◆◆＿＿■＿＿
◆◆□□□□＿■＿＿
□□□□□□◆■□◆
□□□□□□□□□■
□□□□＿□□□□□
□□□□□□□＿□□
□□□□□□□＿□＿
□□□□□□□□□＿
□□□□□□□□＿□
□□□□□□□□＿□
00:49:30(89108f):field(89107f)
＿＿＿＿＿＿＿＿＿＿
＿＿＿＿＿＿＿＿＿＿
＿＿＿＿＿＿＿＿＿＿
＿＿＿＿＿＿＿＿＿＿
＿＿＿＿＿＿＿＿＿＿
＿＿＿＿＿＿＿＿＿＿
＿＿＿＿＿＿＿＿＿＿
＿＿＿＿＿＿＿＿＿＿
＿＿＿＿＿＿＿＿＿＿
＿＿■＿＿＿＿＿＿＿
＿■■＿＿＿＿□＿＿
＿■□□□◆＿□＿＿
□□□□□□＿□◆＿
□□□□□□□□□◆
□□□□＿□□□□□
□□□□□□□＿□□
□□□□□□□＿□＿
□□□□□□□□□＿
□□□□□□□□＿□
□□□□□□□□＿□
00:49:30(89121f):field(89120f)
＿＿＿＿＿＿＿＿＿＿
＿＿＿＿＿＿＿＿＿＿
＿＿＿＿＿＿＿＿＿＿
＿＿＿＿＿＿＿＿＿＿
＿＿＿＿＿＿＿＿＿＿
＿＿＿＿＿＿＿＿＿＿
＿＿＿＿＿＿＿＿＿＿
＿＿＿＿＿＿＿＿＿＿
＿＿＿＿＿＿＿＿＿＿
＿＿□＿＿＿＿＿＿＿
＿□□■■■＿□＿＿
＿□□□□■＿□＿＿
□□□□□□＿□＿＿
□□□□□□□□□＿
□□□□＿□□□□□
□□□□□□□＿□□
□□□□□□□＿□＿
□□□□□□□□□＿
□□□□□□□□＿□
□□□□□□□□＿□
00:49:31(89133f):field(89132f)
＿＿＿＿＿＿＿＿＿＿
＿＿＿＿＿＿＿＿＿＿
＿＿＿＿＿＿＿＿＿＿
＿＿＿＿＿＿＿＿＿＿
＿＿＿＿＿＿＿＿＿＿
＿＿＿＿＿＿＿＿＿＿
＿＿＿＿＿＿＿＿＿＿
＿＿＿＿＿＿＿＿＿＿
＿＿＿＿＿■＿＿＿＿
＿＿□■■■＿＿＿＿
＿□□□□□＿□＿＿
＿□□□□□＿□＿＿
□□□□□□＿□＿＿
□□□□□□□□□＿
□□□□＿□□□□□
□□□□□□□＿□□
□□□□□□□＿□＿
□□□□□□□□□＿
□□□□□□□□＿□
□□□□□□□□＿□
00:49:31(89146f):field(89145f)
＿＿＿＿＿＿＿＿＿＿
＿＿＿＿＿＿＿＿＿＿
＿＿＿＿＿＿＿＿＿＿
＿＿＿＿＿＿＿＿＿＿
＿＿＿＿＿＿＿＿＿＿
＿＿＿＿＿＿＿＿＿＿
＿＿＿＿＿＿＿＿＿＿
＿＿＿＿■■＿＿＿＿
＿＿＿■■□＿＿＿＿
＿＿□□□□＿＿＿＿
＿□□□□□＿□＿＿
＿□□□□□＿□＿＿
□□□□□□＿□＿＿
□□□□□□□□□＿
□□□□＿□□□□□
□□□□□□□＿□□
□□□□□□□＿□＿
□□□□□□□□□＿
□□□□□□□□＿□
□□□□□□□□＿□
00:49:31(89157f):field(89156f)
＿＿＿＿＿＿＿＿＿＿
＿＿＿＿＿＿＿＿＿＿
＿＿＿＿＿＿＿＿＿＿
＿＿＿＿＿＿＿＿＿＿
＿＿＿＿＿＿＿＿＿＿
＿＿＿＿＿＿＿＿＿＿
＿＿＿＿＿＿＿＿＿＿
＿＿＿＿□□＿＿＿＿
＿＿＿□□□＿＿＿＿
＿＿□□□□■＿＿＿
＿□□□□□■□＿＿
＿□□□□□■□＿＿
□□□□□□■□＿＿
□□□□□□□□□＿
□□□□＿□□□□□
□□□□□□□＿□□
□□□□□□□＿□＿
□□□□□□□□□＿
□□□□□□□□＿□
□□□□□□□□＿□
00:49:32(89171f):field(89170f)
＿＿＿＿＿＿＿＿＿＿
＿＿＿＿＿＿＿＿＿＿
＿＿＿＿＿＿＿＿＿＿
＿＿＿＿＿＿＿＿＿＿
＿＿＿＿＿＿＿＿＿＿
＿＿＿＿＿＿＿＿＿＿
＿＿＿＿＿＿＿＿＿＿
＿＿＿＿◆◆＿＿＿＿
＿＿＿◆◆◆＿＿＿＿
＿＿◆◆□□◆＿＿＿
＿◆◆□□□◆◆＿＿
＿◆□□□□□□＿＿
□□□□□□□□■＿
◆□□□□□□□◆■
□□□□＿□□□□□
□□□□□□□＿□□
□□□□□□□＿□＿
□□□□□□□□□＿
□□□□□□□□＿□
□□□□□□□□＿□
00:49:32(89182f):field(89181f)
＿＿＿＿＿＿＿＿＿＿
＿＿＿＿＿＿＿＿＿＿
＿＿＿＿＿＿＿＿＿＿
＿＿＿＿＿＿＿＿＿＿
＿＿＿＿＿＿＿＿＿＿
＿＿＿＿＿＿＿＿＿＿
＿＿＿＿＿＿＿＿＿＿
＿＿＿＿■■＿＿＿＿
＿＿＿＿■■＿＿＿＿
＿＿＿＿□□＿＿＿＿
＿＿＿□□□＿＿＿＿
＿＿□□□□□◆＿＿
◆□□□□□□□◆＿
＿□□□□□□□■□
□□□□＿□□□□□
□□□□□□□＿□□
□□□□□□□＿□＿
□□□□□□□□□＿
□□□□□□□□＿□
□□□□□□□□＿□
00:49:33(89194f):field(89193f)
＿＿＿＿＿＿＿＿＿＿
＿＿＿＿＿＿＿＿＿＿
＿＿＿＿＿＿＿＿＿＿
＿＿＿＿＿＿＿＿＿＿
＿＿＿＿＿＿＿＿＿＿
＿＿＿＿＿＿＿＿＿＿
＿＿＿＿＿＿＿＿＿＿
＿＿＿＿□□＿＿＿＿
＿＿＿＿□□＿＿＿＿
＿＿＿＿□□＿＿＿＿
＿＿＿□□□＿＿＿＿
＿＿□□□□□＿＿■
＿□□□□□□□■■
＿□□□□□□□□□
□□□□＿□□□□□
□□□□□□□＿□□
□□□□□□□＿□＿
□□□□□□□□□＿
□□□□□□□□＿□
□□□□□□□□＿□
00:49:33(89207f):field(89206f)
＿＿＿＿＿＿＿＿＿＿
＿＿＿＿＿＿＿＿＿＿
＿＿＿＿＿＿＿＿＿＿
＿＿＿＿＿＿＿＿＿＿
＿＿＿＿＿＿＿＿＿＿
＿＿＿＿＿＿＿＿＿＿
＿＿＿＿＿＿＿＿＿＿
＿＿＿＿◆◆＿＿＿＿
＿＿＿＿◆◆＿＿＿＿
＿＿＿＿□□＿＿＿＿
＿＿＿◆□□＿＿＿＿
＿＿◆◆□□◆＿■◆
＿□□□□□◆□◆□
■□□□□□□□□□
□□□□＿□□□□□
□□□□□□□＿□□
□□□□□□□＿□＿
□□□□□□□□□＿
□□□□□□□□＿□
□□□□□□□□＿□
00:49:33(89219f):field(89218f)
＿＿＿＿＿＿＿＿＿＿
＿＿＿＿＿＿＿＿＿＿
＿＿＿＿＿＿＿＿＿＿
＿＿＿＿＿＿＿＿＿＿
＿＿＿＿＿＿＿＿＿＿
＿＿＿＿＿＿＿＿＿＿
＿＿＿＿＿＿＿＿＿＿
＿＿＿＿＿＿＿＿＿＿
＿＿＿＿＿＿＿＿＿＿
＿＿＿＿□□＿＿＿＿
＿＿＿＿□□＿＿＿＿
＿＿■■□□＿＿◆＿
＿□□□□□＿◆＿◆
□□□□□□□◆◆□
□□□□＿□□□□□
□□□□□□□＿□□
□□□□□□□＿□＿
□□□□□□□□□＿
□□□□□□□□＿□
□□□□□□□□＿□
00:49:34(89232f):field(89231f)
＿＿＿＿＿＿＿＿＿＿
＿＿＿＿＿＿＿＿＿＿
＿＿＿＿＿＿＿＿＿＿
＿＿＿＿＿＿＿＿＿＿
＿＿＿＿＿＿＿＿＿＿
＿＿＿＿＿＿＿＿＿＿
＿＿＿＿＿＿＿＿＿＿
＿＿＿＿＿＿＿＿＿＿
＿＿＿＿＿＿＿＿＿＿
＿＿＿＿□□＿＿＿＿
＿■■■□□＿＿＿＿
＿■□□□□＿＿＿＿
＿□□□□□＿＿＿＿
□□□□□□□＿＿□
□□□□＿□□□□□
□□□□□□□＿□□
□□□□□□□＿□＿
□□□□□□□□□＿
□□□□□□□□＿□
□□□□□□□□＿□
00:49:34(89243f):field(89242f)
＿＿＿＿＿＿＿＿＿＿
＿＿＿＿＿＿＿＿＿＿
＿＿＿＿＿＿＿＿＿＿
＿＿＿＿＿＿＿＿＿＿
＿＿＿＿＿＿＿＿＿＿
＿＿＿＿＿＿＿＿＿＿
＿＿＿＿＿＿＿＿＿＿
＿＿＿＿＿＿＿＿＿＿
＿＿＿＿＿＿＿＿＿＿
■＿＿＿□□＿＿＿＿
■□□□□□＿＿＿＿
■□□□□□＿＿＿＿
■□□□□□＿＿＿＿
□□□□□□□＿＿□
□□□□＿□□□□□
□□□□□□□＿□□
□□□□□□□＿□＿
□□□□□□□□□＿
□□□□□□□□＿□
□□□□□□□□＿□
00:49:35(89255f):field(89254f)
＿＿＿＿＿＿＿＿＿＿
＿＿＿＿＿＿＿＿＿＿
＿＿＿＿＿＿＿＿＿＿
＿＿＿＿＿＿＿＿＿＿
＿＿＿＿＿＿＿＿＿＿
＿＿＿＿＿＿＿＿＿＿
＿＿＿＿＿＿＿＿＿＿
＿＿＿＿＿＿＿＿＿＿
＿＿＿＿＿＿＿＿＿＿
◆＿＿＿◆◆＿＿＿＿
□◆◆◆□□＿＿＿＿
□□□□□□＿＿＿＿
□□□□□□＿＿■＿
□□□□□□□■■◆
□□□□■□□□□□
□□□□□□□＿□□
□□□□□□□＿□＿
□□□□□□□□□＿
□□□□□□□□＿□
□□□□□□□□＿□
00:49:35(89267f):field(89266f)
＿＿＿＿＿＿＿＿＿＿
＿＿＿＿＿＿＿＿＿＿
＿＿＿＿＿＿＿＿＿＿
＿＿＿＿＿＿＿＿＿＿
＿＿＿＿＿＿＿＿＿＿
＿＿＿＿＿＿＿＿＿＿
＿＿＿＿＿＿＿＿＿＿
＿＿＿＿＿＿＿＿＿＿
＿＿＿＿＿＿＿＿＿＿
＿＿＿＿＿＿＿＿＿＿
□＿＿＿□□＿＿＿＿
□□□□□□■＿＿＿
□□□□□□■■◆＿
□□□□□□□□□＿
□□□□◆□□□□□
□□□□□□□＿□□
□□□□□□□＿□＿
□□□□□□□□□＿
□□□□□□□□＿□
□□□□□□□□＿□
00:49:35(89276f):field(89275f)
＿＿＿＿＿＿＿＿＿＿
＿＿＿＿＿＿＿＿＿＿
＿＿＿＿＿＿＿＿＿＿
＿＿＿＿＿＿＿＿＿＿
＿＿＿＿＿＿＿＿＿＿
＿＿＿＿＿＿＿＿＿＿
＿＿＿＿＿＿＿＿＿＿
＿＿＿＿＿＿＿＿＿＿
＿＿＿＿＿＿＿＿＿＿
＿■＿＿＿＿＿＿＿＿
□■■■□□＿＿＿＿
□□□□□□□＿＿＿
□□□□□□□□＿＿
□□□□□□□□□＿
□□□□＿□□□□□
□□□□□□□＿□□
□□□□□□□＿□＿
□□□□□□□□□＿
□□□□□□□□＿□
□□□□□□□□＿□
00:49:36(89287f):field(89286f)
＿＿＿＿＿＿＿＿＿＿
＿＿＿＿＿＿＿＿＿＿
＿＿＿＿＿＿＿＿＿＿
＿＿＿＿＿＿＿＿＿＿
＿＿＿＿＿＿＿＿＿＿
＿＿＿＿＿＿＿＿＿＿
＿＿＿＿＿＿＿＿＿＿
＿＿＿＿＿＿＿＿＿＿
＿＿＿＿■＿＿＿＿＿
＿□■■■＿＿＿＿＿
□□□□□□＿＿＿＿
□□□□□□□＿＿＿
□□□□□□□□＿＿
□□□□□□□□□＿
□□□□＿□□□□□
□□□□□□□＿□□
□□□□□□□＿□＿
□□□□□□□□□＿
□□□□□□□□＿□
□□□□□□□□＿□
00:49:36(89300f):field(89299f)
＿＿＿＿＿＿＿＿＿＿
＿＿＿＿＿＿＿＿＿＿
＿＿＿＿＿＿＿＿＿＿
＿＿＿＿＿＿＿＿＿＿
＿＿＿＿＿＿＿＿＿＿
＿＿＿＿＿＿＿＿＿＿
＿＿＿＿＿＿＿＿＿＿
＿＿＿＿＿＿＿＿＿＿
＿＿＿＿◆＿＿＿＿＿
＿◆◆◆□＿＿＿＿＿
◆□□□□◆＿＿＿＿
□□□□□□◆＿＿■
□□□□□□□◆＿■
□□□□□□□□◆■
□□□□＿□□□□□
□□□□□□□＿□□
□□□□□□□＿□＿
□□□□□□□□□＿
□□□□□□□□＿□
□□□□□□□□＿□
00:49:37(89315f):field(89314f)
＿＿＿＿＿＿＿＿＿＿
＿＿＿＿＿＿＿＿＿＿
＿＿＿＿＿＿＿＿＿＿
＿＿＿＿＿＿＿＿＿＿
＿＿＿＿＿＿＿＿＿＿
＿＿＿＿＿＿＿＿＿＿
＿＿＿＿＿＿＿＿＿＿
＿＿＿＿＿＿＿＿＿＿
＿＿＿＿＿＿＿＿＿＿
＿＿＿＿◆＿＿＿＿＿
＿◆◆◆□＿＿＿＿＿
◆□□□□◆■＿＿◆
□□□□□□◆■■□
□□□□□□□□＿□
□□□□＿□□□□□
□□□□□□□＿□□
□□□□□□□＿□＿
□□□□□□□□□＿
□□□□□□□□＿□
□□□□□□□□＿□
00:49:37(89329f):field(89328f)
＿＿＿＿＿＿＿＿＿＿
＿＿＿＿＿＿＿＿＿＿
＿＿＿＿＿＿＿＿＿＿
＿＿＿＿＿＿＿＿＿＿
＿＿＿＿＿＿＿＿＿＿
＿＿＿＿＿＿＿＿＿＿
＿＿＿＿＿＿＿＿＿＿
＿＿＿＿＿＿＿＿＿＿
＿＿＿＿＿＿＿＿＿＿
＿＿＿＿＿＿＿＿＿＿
＿＿＿＿◆＿＿＿＿＿
＿◆◆◆□■◆■＿＿
◆□□□□□■◆□◆
□□□□□□□□＿□
□□□□■□□□□□
□□□□□□□＿□□
□□□□□□□＿□＿
□□□□□□□□□＿
□□□□□□□□＿□
□□□□□□□□＿□
00:49:37(89339f):field(89338f)
＿＿＿＿＿＿＿＿＿＿
＿＿＿＿＿＿＿＿＿＿
＿＿＿＿＿＿＿＿＿＿
＿＿＿＿＿＿＿＿＿＿
＿＿＿＿＿＿＿＿＿＿
＿＿＿＿＿＿＿＿＿＿
＿＿＿＿＿＿＿＿＿＿
＿＿＿＿＿＿＿＿＿＿
＿＿＿＿＿＿＿＿＿＿
＿＿＿＿＿＿＿＿＿＿
＿＿＿＿■■■＿＿＿
＿＿＿＿□□■◆＿＿
＿□□□□□□＿◆＿
□□□□□□□□＿□
□□□□◆□□□□□
□□□□□□□＿□□
□□□□□□□＿□＿
□□□□□□□□□＿
□□□□□□□□＿□
□□□□□□□□＿□
00:49:38(89351f):field(89350f)
＿＿＿＿＿＿＿＿＿＿
＿＿＿＿＿＿＿＿＿＿
＿＿＿＿＿＿＿＿＿＿
＿＿＿＿＿＿＿＿＿＿
＿＿＿＿＿＿＿＿＿＿
＿＿＿＿＿＿＿＿＿＿
＿＿＿＿＿＿＿＿＿＿
＿＿＿＿＿＿＿＿＿＿
＿＿＿＿＿＿＿＿＿＿
＿＿＿＿＿＿＿＿＿＿
＿■＿＿□□□＿＿＿
■■＿＿□□□＿＿＿
■□□□□□□＿＿＿
□□□□□□□□＿□
□□□□＿□□□□□
□□□□□□□＿□□
□□□□□□□＿□＿
□□□□□□□□□＿
□□□□□□□□＿□
□□□□□□□□＿□
00:49:38(89368f):field(89367f)
＿＿＿＿＿＿＿＿＿＿
＿＿＿＿＿＿＿＿＿＿
＿＿＿＿＿＿＿＿＿＿
＿＿＿＿＿＿＿＿＿＿
＿＿＿＿＿＿＿＿＿＿
＿＿＿＿＿＿＿＿＿＿
＿＿＿＿＿＿＿＿＿＿
＿＿＿＿＿＿＿＿＿＿
＿＿＿＿＿＿＿＿＿＿
＿＿＿＿＿＿＿＿＿＿
＿◆＿＿◆◆◆＿＿＿
◆□＿＿□□□＿■＿
□□◆◆□□□■■＿
□□□□□□□◆■◆
□□□□＿□□□□□
□□□□□□□＿□□
□□□□□□□＿□＿
□□□□□□□□□＿
□□□□□□□□＿□
□□□□□□□□＿□
00:49:39(89381f):field(89380f)
＿＿＿＿＿＿＿＿＿＿
＿＿＿＿＿＿＿＿＿＿
＿＿＿＿＿＿＿＿＿＿
＿＿＿＿＿＿＿＿＿＿
＿＿＿＿＿＿＿＿＿＿
＿＿＿＿＿＿＿＿＿＿
＿＿＿＿＿＿＿＿＿＿
＿＿＿＿＿＿＿＿＿＿
＿＿＿＿＿＿＿＿＿＿
＿＿＿＿＿＿＿＿＿＿
＿＿■＿＿＿＿＿＿＿
＿□■＿□□□＿□＿
□□■■□□□◆□＿
□□□□□□□＿□＿
□□□□＿□□□□□
□□□□□□□＿□□
□□□□□□□＿□＿
□□□□□□□□□＿
□□□□□□□□＿□
□□□□□□□□＿□
00:49:39(89391f):field(89390f)
＿＿＿＿＿＿＿＿＿＿
＿＿＿＿＿＿＿＿＿＿
＿＿＿＿＿＿＿＿＿＿
＿＿＿＿＿＿＿＿＿＿
＿＿＿＿＿＿＿＿＿＿
＿＿＿＿＿＿＿＿＿＿
＿＿＿＿＿＿＿＿＿＿
＿＿＿＿＿＿＿＿＿＿
＿＿＿＿＿＿＿＿＿＿
＿＿＿＿＿■■＿＿＿
＿＿□＿■■＿＿＿＿
＿□□＿□□□＿□＿
□□□□□□□＿□＿
□□□□□□□＿□＿
□□□□＿□□□□□
□□□□□□□＿□□
□□□□□□□＿□＿
□□□□□□□□□＿
□□□□□□□□＿□
□□□□□□□□＿□
00:49:40(89406f):field(89405f)
＿＿＿＿＿＿＿＿＿＿
＿＿＿＿＿＿＿＿＿＿
＿＿＿＿＿＿＿＿＿＿
＿＿＿＿＿＿＿＿＿＿
＿＿＿＿＿＿＿＿＿＿
＿＿＿＿＿＿＿＿＿＿
＿＿＿＿＿＿＿＿＿＿
＿＿＿＿＿＿＿＿＿＿
＿＿＿＿＿＿＿＿＿＿
＿＿＿■■□□＿＿＿
＿＿□■□□＿＿＿＿
＿□□■□□□＿□＿
□□□□□□□＿□＿
□□□□□□□＿□＿
□□□□＿□□□□□
□□□□□□□＿□□
□□□□□□□＿□＿
□□□□□□□□□＿
□□□□□□□□＿□
□□□□□□□□＿□
00:49:40(89420f):field(89419f)
＿＿＿＿＿＿＿＿＿＿
＿＿＿＿＿＿＿＿＿＿
＿＿＿＿＿＿＿＿＿＿
＿＿＿＿＿＿＿＿＿＿
＿＿＿＿＿＿＿＿＿＿
＿＿＿＿＿＿＿＿＿＿
＿＿＿＿＿＿＿＿＿＿
＿＿＿＿＿＿＿＿＿＿
＿＿＿＿＿＿＿＿＿＿
■＿＿□□□□＿＿＿
■■□□□□＿＿＿＿
■□□□□□□＿□＿
□□□□□□□＿□＿
□□□□□□□＿□＿
□□□□＿□□□□□
□□□□□□□＿□□
□□□□□□□＿□＿
□□□□□□□□□＿
□□□□□□□□＿□
□□□□□□□□＿□
00:49:41(89432f):field(89431f)
＿＿＿＿＿＿＿＿＿＿
＿＿＿＿＿＿＿＿＿＿
＿＿＿＿＿＿＿＿＿＿
＿＿＿＿＿＿＿＿＿＿
＿＿＿＿＿＿＿＿＿＿
＿＿＿＿＿＿＿＿＿＿
＿＿＿＿＿＿＿＿＿＿
＿＿＿＿＿＿＿＿＿＿
■■＿＿＿＿＿＿＿＿
□■■□□□□＿＿＿
□□□□□□＿＿＿＿
□□□□□□□＿□＿
□□□□□□□＿□＿
□□□□□□□＿□＿
□□□□＿□□□□□
□□□□□□□＿□□
□□□□□□□＿□＿
□□□□□□□□□＿
□□□□□□□□＿□
□□□□□□□□＿□
00:49:41(89442f):field(89441f)
＿＿＿＿＿＿＿＿＿＿
＿＿＿＿＿＿＿＿＿＿
＿＿＿＿＿＿＿＿＿＿
＿＿＿＿＿＿＿＿＿＿
＿＿＿＿＿＿＿＿＿＿
＿＿＿＿＿＿＿＿＿＿
＿＿＿＿＿＿＿＿＿＿
＿＿■■＿＿＿＿＿＿
□□■■＿＿＿＿＿＿
□□□□□□□＿＿＿
□□□□□□＿＿＿＿
□□□□□□□＿□＿
□□□□□□□＿□＿
□□□□□□□＿□＿
□□□□＿□□□□□
□□□□□□□＿□□
□□□□□□□＿□＿
□□□□□□□□□＿
□□□□□□□□＿□
□□□□□□□□＿□
00:49:41(89456f):field(89455f)
＿＿＿＿＿＿＿＿＿＿
＿＿＿＿＿＿＿＿＿＿
＿＿＿＿＿＿＿＿＿＿
＿＿＿＿＿＿＿＿＿＿
＿＿＿＿＿＿＿＿＿＿
＿＿＿＿＿＿＿＿＿＿
＿＿＿＿■＿＿＿＿＿
＿＿□□■＿＿＿＿＿
□□□□■■＿＿＿＿
□□□□□□□＿＿＿
□□□□□□＿＿＿＿
□□□□□□□＿□＿
□□□□□□□＿□＿
□□□□□□□＿□＿
□□□□＿□□□□□
□□□□□□□＿□□
□□□□□□□＿□＿
□□□□□□□□□＿
□□□□□□□□＿□
□□□□□□□□＿□
00:49:42(89469f):field(89468f)
＿＿＿＿＿＿＿＿＿＿
＿＿＿＿＿＿＿＿＿＿
＿＿＿＿＿＿＿＿＿＿
＿＿＿＿＿＿＿＿＿＿
＿＿＿＿＿＿＿＿＿＿
＿＿＿■■＿＿＿＿＿
＿＿■■□＿＿＿＿＿
＿＿□□□＿＿＿＿＿
□□□□□□＿＿＿＿
□□□□□□□＿＿＿
□□□□□□＿＿＿＿
□□□□□□□＿□＿
□□□□□□□＿□＿
□□□□□□□＿□＿
□□□□＿□□□□□
□□□□□□□＿□□
□□□□□□□＿□＿
□□□□□□□□□＿
□□□□□□□□＿□
□□□□□□□□＿□
00:49:42(89483f):field(89482f)
＿＿＿＿＿＿＿＿＿＿
＿＿＿＿＿＿＿＿＿＿
＿＿＿＿＿＿＿＿＿＿
＿＿＿＿＿＿＿＿＿＿
＿＿＿＿＿＿＿＿＿＿
＿＿＿□□＿＿＿＿＿
＿＿□□□＿＿＿＿＿
＿＿□□□＿＿＿＿＿
□□□□□□＿＿＿＿
□□□□□□□＿＿＿
□□□□□□＿■＿＿
□□□□□□□■□＿
□□□□□□□■□＿
□□□□□□□■□＿
□□□□＿□□□□□
□□□□□□□＿□□
□□□□□□□＿□＿
□□□□□□□□□＿
□□□□□□□□＿□
□□□□□□□□＿□
00:49:43(89502f):field(89501f)
＿＿＿＿＿＿＿＿＿＿
＿＿＿＿＿＿＿＿＿＿
＿＿＿＿＿＿＿＿＿＿
＿＿＿＿＿＿＿＿＿＿
＿＿＿＿＿＿＿＿＿＿
＿＿＿◆◆＿＿＿＿＿
＿＿◆□□＿＿＿＿＿
＿＿□□□＿＿＿＿＿
◆◆□□□◆■■＿＿
□□□□□□◆■＿＿
□□□□□□＿□＿■
□□□□□□□□□＿
□□□□□□□□□＿
□□□□□□□□□＿
□□□□＿□□□□□
□□□□□□□＿□□
□□□□□□□＿□＿
□□□□□□□□□＿
□□□□□□□□＿□
□□□□□□□□＿□
00:49:43(89514f):field(89513f)
＿＿＿＿＿＿＿＿＿＿
＿＿＿＿＿＿＿＿＿＿
＿＿＿＿＿＿＿＿＿＿
＿＿＿＿＿＿＿＿＿＿
＿＿＿＿＿＿＿＿＿＿
＿＿＿＿＿＿＿＿＿＿
＿＿＿□□＿＿＿＿＿
＿＿□□□＿＿＿＿＿
＿＿□□□＿□◆＿＿
□□□□□□■□＿＿
□□□□□□■□＿□
□□□□□□□□□＿
□□□□□□□□□＿
□□□□□□□□□＿
□□□□＿□□□□□
□□□□□□□＿□□
□□□□□□□＿□＿
□□□□□□□□□＿
□□□□□□□□＿□
□□□□□□□□＿□
00:49:44(89530f):field(89529f)
＿＿＿＿＿＿＿＿＿＿
＿＿＿＿＿＿＿＿＿＿
＿＿＿＿＿＿＿＿＿＿
＿＿＿＿＿＿＿＿＿＿
＿＿＿＿＿＿＿＿＿＿
＿＿＿＿＿＿＿＿＿＿
＿＿＿◆◆＿＿＿＿＿
＿＿◆◆◆＿＿＿＿＿
＿＿◆□□■◆＿＿＿
□□□□□◆□□＿■
◆□□□□□□□■□
□□□□□□□□□＿
□□□□□□□□□＿
□□□□□□□□□＿
□□□□＿□□□□□
□□□□□□□＿□□
□□□□□□□＿□＿
□□□□□□□□□＿
□□□□□□□□＿□
□□□□□□□□＿□
00:49:44(89540f):field(89539f)
＿＿＿＿＿＿＿＿＿＿
＿＿＿＿＿＿＿＿＿＿
＿＿＿＿＿＿＿＿＿＿
＿＿＿＿＿＿＿＿＿＿
＿＿＿＿＿＿＿＿＿＿
＿＿＿＿＿＿＿＿＿＿
＿＿＿＿＿＿＿＿＿＿
＿＿＿＿＿＿＿＿＿＿
＿＿＿□□◆＿＿＿＿
◆◆□□□＿□□■◆
＿◆□□□◆□□□□
□□□□□□□□□＿
□□□□□□□□□＿
□□□□□□□□□＿
□□□□＿□□□□□
□□□□□□□＿□□
□□□□□□□＿□＿
□□□□□□□□□＿
□□□□□□□□＿□
□□□□□□□□＿□
00:49:45(89551f):field(89550f)
＿＿＿＿＿＿＿＿＿＿
＿＿＿＿＿＿＿＿＿＿
＿＿＿＿＿＿＿＿＿＿
＿＿＿＿＿＿＿＿＿＿
＿＿＿＿＿＿＿＿＿＿
＿＿＿＿＿＿＿＿＿＿
＿＿＿＿＿＿＿＿＿＿
＿＿＿＿＿■＿＿＿＿
＿＿＿□□■＿＿＿＿
＿＿□□□■◆□□＿
＿＿□□□■□□□□
□□□□□□□□□＿
□□□□□□□□□＿
□□□□□□□□□＿
□□□□＿□□□□□
□□□□□□□＿□□
□□□□□□□＿□＿
□□□□□□□□□＿
□□□□□□□□＿□
□□□□□□□□＿□
00:49:45(89565f):field(89564f)
＿＿＿＿＿＿＿＿＿＿
＿＿＿＿＿＿＿＿＿＿
＿＿＿＿＿＿＿＿＿＿
＿＿＿＿＿＿＿＿＿＿
＿＿＿＿＿＿＿＿＿＿
＿＿＿＿＿＿＿＿＿＿
＿＿＿＿＿＿＿＿＿＿
＿＿＿＿＿◆＿＿＿＿
＿＿＿◆◆□＿＿＿＿
＿＿□□□□＿◆◆＿
■■□□□□□□□◆
□□□□□□□□□＿
□□□□□□□□□■
□□□□□□□□□＿
□□□□＿□□□□□
□□□□□□□＿□□
□□□□□□□＿□＿
□□□□□□□□□＿
□□□□□□□□＿□
□□□□□□□□＿□
00:49:45(89576f):field(89575f)
＿＿＿＿＿＿＿＿＿＿
＿＿＿＿＿＿＿＿＿＿
＿＿＿＿＿＿＿＿＿＿
＿＿＿＿＿＿＿＿＿＿
＿＿＿＿＿＿＿＿＿＿
＿＿＿＿＿＿＿＿＿＿
＿＿＿＿＿＿＿＿＿＿
＿＿＿＿＿＿＿＿＿＿
■＿＿＿＿□＿＿＿＿
■■□□□□＿＿＿＿
□□□□□□◆□□＿
□□□□□□□□□＿
□□□□□□□□□◆
□□□□□□□□□＿
□□□□＿□□□□□
□□□□□□□＿□□
□□□□□□□＿□＿
□□□□□□□□□＿
□□□□□□□□＿□
□□□□□□□□＿□
00:49:46(89585f):field(89584f)
＿＿＿＿＿＿＿＿＿＿
＿＿＿＿＿＿＿＿＿＿
＿＿＿＿＿＿＿＿＿＿
＿＿＿＿＿＿＿＿＿＿
＿＿＿＿＿＿＿＿＿＿
＿＿＿＿＿＿＿＿＿＿
＿＿＿＿＿＿＿＿＿＿
＿＿＿＿■■＿＿＿＿
□＿＿■■□＿＿＿＿
□□□□□□＿＿＿＿
□□□□□□＿□□＿
□□□□□□□□□＿
□□□□□□□□□＿
□□□□□□□□□＿
□□□□＿□□□□□
□□□□□□□＿□□
□□□□□□□＿□＿
□□□□□□□□□＿
□□□□□□□□＿□
□□□□□□□□＿□
00:49:46(89599f):field(89598f)
＿＿＿＿＿＿＿＿＿＿
＿＿＿＿＿＿＿＿＿＿
＿＿＿＿＿＿＿＿＿＿
＿＿＿＿＿＿＿＿＿＿
＿＿＿＿＿＿＿＿＿＿
＿＿＿＿＿＿＿＿＿＿
＿＿＿＿＿＿＿＿＿＿
＿＿＿＿□□＿＿＿＿
□＿＿□□□■■＿＿
□□□□□□■＿＿＿
□□□□□□■□□＿
□□□□□□□□□＿
□□□□□□□□□＿
□□□□□□□□□＿
□□□□＿□□□□□
□□□□□□□＿□□
□□□□□□□＿□＿
□□□□□□□□□＿
□□□□□□□□＿□
□□□□□□□□＿□
00:49:47(89614f):field(89613f)
＿＿＿＿＿＿＿＿＿＿
＿＿＿＿＿＿＿＿＿＿
＿＿＿＿＿＿＿＿＿＿
＿＿＿＿＿＿＿＿＿＿
＿＿＿＿＿＿＿＿＿＿
＿＿＿＿＿＿＿＿＿＿
＿＿＿＿＿＿＿＿＿＿
＿＿＿＿◆◆＿＿＿＿
◆＿＿◆◆◆◆◆＿＿
□◆□◆◆□□＿■＿
◆◆◆□□◆□◆◆■
□□□◆□□□□◆＿
□□□□□□□□□■
□□□□□□□◆□＿
□□□□■□□□□□
□□□□□□□＿□□
□□□□□□□＿□＿
□□□□□□□□□＿
□□□□□□□□＿□
□□□□□□□□＿□
00:49:47(89628f):field(89627f)
＿＿＿＿＿＿＿＿＿＿
＿＿＿＿＿＿＿＿＿＿
＿＿＿＿＿＿＿＿＿＿
＿＿＿＿＿＿＿＿＿＿
＿＿＿＿＿＿＿＿＿＿
＿＿＿＿＿＿＿＿＿＿
＿＿＿＿＿＿＿＿＿＿
＿＿＿＿＿＿＿＿＿＿
＿＿＿＿＿＿＿＿＿＿
◆＿◆＿＿◆◆＿◆＿
＿＿＿◆◆＿◆＿＿◆
◆◆◆＿◆◆◆◆＿＿
◆◆◆◆□□◆◆◆◆
□□◆□□□□■□＿
□□□□◆□□□□□
□□□□□□□＿□□
□□□□□□□＿□＿
□□□□□□□□□＿
□□□□□□□□＿□
□□□□□□□□＿□
00:49:48(89640f):field(89639f)
＿＿＿＿＿＿＿＿＿＿
＿＿＿＿＿＿＿＿＿＿
＿＿＿＿＿＿＿＿＿＿
＿＿＿＿＿＿＿＿＿＿
＿＿＿＿＿＿＿＿＿＿
＿＿＿＿＿＿＿＿＿＿
＿＿＿＿＿＿＿＿＿＿
＿＿＿＿＿＿＿＿＿＿
＿＿＿＿＿＿＿＿＿＿
＿＿＿＿＿＿＿＿＿＿
＿＿＿＿＿＿＿＿＿＿
＿＿＿＿＿＿＿＿＿＿
■■＿＿□□＿＿＿＿
□□■□□□□□□＿
□□□□＿□□□□□
□□□□□□□＿□□
□□□□□□□＿□＿
□□□□□□□□□＿
□□□□□□□□＿□
□□□□□□□□＿□
00:49:48(89651f):field(89650f)
＿＿＿＿＿＿＿＿＿＿
＿＿＿＿＿＿＿＿＿＿
＿＿＿＿＿＿＿＿＿＿
＿＿＿＿＿＿＿＿＿＿
＿＿＿＿＿＿＿＿＿＿
＿＿＿＿＿＿＿＿＿＿
＿＿＿＿＿＿＿＿＿＿
＿＿＿＿＿＿＿＿＿＿
＿＿＿＿＿＿＿＿＿＿
＿＿＿＿＿＿＿＿＿＿
＿＿＿＿＿＿＿＿＿＿
＿＿■■＿＿＿＿＿＿
□□■■□□＿＿＿＿
□□□□□□□□□＿
□□□□＿□□□□□
□□□□□□□＿□□
□□□□□□□＿□＿
□□□□□□□□□＿
□□□□□□□□＿□
□□□□□□□□＿□
00:49:48(89666f):field(89665f)
＿＿＿＿＿＿＿＿＿＿
＿＿＿＿＿＿＿＿＿＿
＿＿＿＿＿＿＿＿＿＿
＿＿＿＿＿＿＿＿＿＿
＿＿＿＿＿＿＿＿＿＿
＿＿＿＿＿＿＿＿＿＿
＿＿＿＿＿＿＿＿＿＿
＿＿＿＿＿＿＿＿＿＿
＿＿＿＿＿＿＿＿＿＿
＿＿＿＿＿＿＿＿＿＿
＿＿＿＿＿＿＿＿＿＿
＿＿◆◆＿＿＿＿＿＿
◆◆□□◆◆＿■■＿
□□□□□□□◆□■
□□□□＿□□□□□
□□□□□□□■□□
□□□□□□□＿□＿
□□□□□□□□□＿
□□□□□□□□＿□
□□□□□□□□＿□
00:49:49(89679f):field(89678f)
＿＿＿＿＿＿＿＿＿＿
＿＿＿＿＿＿＿＿＿＿
＿＿＿＿＿＿＿＿＿＿
＿＿＿＿＿＿＿＿＿＿
＿＿＿＿＿＿＿＿＿＿
＿＿＿＿＿＿＿＿＿＿
＿＿＿＿＿＿＿＿＿＿
＿＿＿＿＿＿＿＿＿＿
＿＿＿＿＿＿＿＿＿＿
＿＿＿＿＿＿＿＿＿＿
＿＿＿＿＿＿＿■＿＿
＿＿＿＿＿＿＿■＿＿
＿＿□□＿＿＿□□＿
□□□□□□◆■□□
□□□□＿□□□□□
□□□□□□□◆□□
□□□□□□□＿□＿
□□□□□□□□□＿
□□□□□□□□＿□
□□□□□□□□＿□
00:49:49(89695f):field(89694f)
＿＿＿＿＿＿＿＿＿＿
＿＿＿＿＿＿＿＿＿＿
＿＿＿＿＿＿＿＿＿＿
＿＿＿＿＿＿＿＿＿＿
＿＿＿＿＿＿＿＿＿＿
＿＿＿＿＿＿＿＿＿＿
＿＿＿＿＿＿＿＿＿＿
＿＿＿＿＿＿＿＿＿＿
＿＿＿＿＿＿＿＿＿＿
＿＿＿＿＿＿＿＿＿＿
＿＿＿＿＿＿＿◆＿＿
＿＿＿＿＿＿＿□＿＿
＿＿◆◆■■■□◆＿
◆◆□□◆□■□□◆
□□□□＿□□□□□
□□□□□□□＿□□
□□□□□□□＿□＿
□□□□□□□□□＿
□□□□□□□□＿□
□□□□□□□□＿□
00:49:50(89707f):field(89706f)
＿＿＿＿＿＿＿＿＿＿
＿＿＿＿＿＿＿＿＿＿
＿＿＿＿＿＿＿＿＿＿
＿＿＿＿＿＿＿＿＿＿
＿＿＿＿＿＿＿＿＿＿
＿＿＿＿＿＿＿＿＿＿
＿＿＿＿＿＿＿＿＿＿
＿＿＿＿＿＿＿＿＿＿
＿＿＿＿＿＿＿＿＿＿
＿＿＿＿＿＿＿＿＿＿
＿＿＿＿＿＿＿＿＿＿
＿＿＿＿＿＿＿◆＿＿
＿＿＿＿□◆◆□＿＿
＿＿◆◆■□□□◆＿
◆◆□□■□□□□◆
□□□□□□□＿□□
□□□□□□□＿□＿
□□□□□□□□□＿
□□□□□□□□＿□
□□□□□□□□＿□
00:49:50(89720f):field(89719f)
＿＿＿＿＿＿＿＿＿＿
＿＿＿＿＿＿＿＿＿＿
＿＿＿＿＿＿＿＿＿＿
＿＿＿＿＿＿＿＿＿＿
＿＿＿＿＿＿＿＿＿＿
＿＿＿＿＿＿＿＿＿＿
＿＿＿＿＿＿＿＿＿＿
＿＿＿＿＿＿＿＿＿＿
＿＿＿＿＿＿＿＿＿＿
＿＿＿＿＿＿＿＿＿＿
＿＿＿＿＿■＿＿＿＿
＿＿＿＿■■＿＿＿＿
＿＿＿＿□■＿□＿＿
＿＿＿＿□□□□＿＿
＿＿□□□◆□□□＿
□□□□□□□＿□□
□□□□□□□＿□＿
□□□□□□□□□＿
□□□□□□□□＿□
□□□□□□□□＿□
00:49:51(89737f):field(89736f)
＿＿＿＿＿＿＿＿＿＿
＿＿＿＿＿＿＿＿＿＿
＿＿＿＿＿＿＿＿＿＿
＿＿＿＿＿＿＿＿＿＿
＿＿＿＿＿＿＿＿＿＿
＿＿＿＿＿＿＿＿＿＿
＿＿＿＿＿＿＿＿＿＿
＿＿＿＿＿＿＿＿＿＿
＿＿＿＿＿＿＿＿＿＿
＿＿＿＿＿＿＿＿＿＿
＿＿＿＿＿□＿＿＿＿
＿＿＿■□□＿＿＿＿
＿＿＿■□□＿□＿＿
＿＿■■□□□□＿＿
＿＿□□□＿□□□＿
□□□□□□□＿□□
□□□□□□□＿□＿
□□□□□□□□□＿
□□□□□□□□＿□
□□□□□□□□＿□
00:49:51(89749f):field(89748f)
＿＿＿＿＿＿＿＿＿＿
＿＿＿＿＿＿＿＿＿＿
＿＿＿＿＿＿＿＿＿＿
＿＿＿＿＿＿＿＿＿＿
＿＿＿＿＿＿＿＿＿＿
＿＿＿＿＿＿＿＿＿＿
＿＿＿＿＿＿＿＿＿＿
＿＿＿＿＿＿＿＿＿＿
＿＿＿＿＿＿＿＿＿＿
＿＿＿＿＿＿＿＿＿＿
＿＿＿＿＿□＿＿＿＿
＿＿＿□□□＿＿＿＿
＿＿＿□□□＿□＿＿
■■□□□□□□＿＿
■■□□□＿□□□＿
□□□□□□□＿□□
□□□□□□□＿□＿
□□□□□□□□□＿
□□□□□□□□＿□
□□□□□□□□＿□
00:49:51(89759f):field(89758f)
＿＿＿＿＿＿＿＿＿＿
＿＿＿＿＿＿＿＿＿＿
＿＿＿＿＿＿＿＿＿＿
＿＿＿＿＿＿＿＿＿＿
＿＿＿＿＿＿＿＿＿＿
＿＿＿＿＿＿＿＿＿＿
＿＿＿＿＿＿＿＿＿＿
＿＿＿＿＿＿＿＿＿＿
＿＿＿＿＿■＿＿＿＿
＿＿＿＿■■＿＿＿＿
＿＿＿＿■□＿＿＿＿
＿＿＿□□□＿＿＿＿
＿＿＿□□□＿□＿＿
□□□□□□□□＿＿
□□□□□＿□□□＿
□□□□□□□＿□□
□□□□□□□＿□＿
□□□□□□□□□＿
□□□□□□□□＿□
□□□□□□□□＿□
00:49:52(89774f):field(89773f)
＿＿＿＿＿＿＿＿＿＿
＿＿＿＿＿＿＿＿＿＿
＿＿＿＿＿＿＿＿＿＿
＿＿＿＿＿＿＿＿＿＿
＿＿＿＿＿＿＿＿＿＿
＿＿＿＿＿＿＿＿＿＿
＿＿＿＿＿＿＿＿＿＿
＿＿＿＿＿＿＿＿＿＿
＿＿＿＿＿□＿＿＿＿
＿＿＿＿□□＿＿＿＿
＿＿＿＿□□＿＿＿＿
＿■■□□□＿＿＿＿
■■＿□□□＿□＿＿
□□□□□□□□＿＿
□□□□□＿□□□＿
□□□□□□□＿□□
□□□□□□□＿□＿
□□□□□□□□□＿
□□□□□□□□＿□
□□□□□□□□＿□
00:49:53(89794f):field(89793f)
＿＿＿＿＿＿＿＿＿＿
＿＿＿＿＿＿＿＿＿＿
＿＿＿＿＿＿＿＿＿＿
＿＿＿＿＿＿＿＿＿＿
＿＿＿＿＿＿＿＿＿＿
＿＿＿＿＿＿＿＿＿＿
＿＿＿＿＿＿＿＿＿＿
＿＿＿＿＿＿＿＿＿＿
＿＿＿＿＿◆＿＿＿＿
＿＿＿＿◆□＿＿＿＿
＿＿＿＿□□＿＿＿＿
＿◆◆◆□□＿＿＿＿
□□■□□□＿◆■＿
□□◆□□□□□■■
□□□□□＿□□□＿
□□□□□□□＿□□
□□□□□□□＿□＿
□□□□□□□□□＿
□□□□□□□□＿□
□□□□□□□□＿□
00:49:53(89806f):field(89805f)
＿＿＿＿＿＿＿＿＿＿
＿＿＿＿＿＿＿＿＿＿
＿＿＿＿＿＿＿＿＿＿
＿＿＿＿＿＿＿＿＿＿
＿＿＿＿＿＿＿＿＿＿
＿＿＿＿＿＿＿＿＿＿
＿＿＿＿＿＿＿＿＿＿
＿＿＿＿＿＿＿＿＿＿
＿＿＿＿＿＿＿＿＿＿
＿＿＿■■□＿＿＿＿
＿＿＿■□□＿＿＿＿
＿＿＿■□□＿＿＿＿
◆□□□□□＿＿□＿
□□＿□□□◆□□◆
□□□□□＿□□□＿
□□□□□□□＿□□
□□□□□□□＿□＿
□□□□□□□□□＿
□□□□□□□□＿□
□□□□□□□□＿□
00:49:53(89818f):field(89817f)
＿＿＿＿＿＿＿＿＿＿
＿＿＿＿＿＿＿＿＿＿
＿＿＿＿＿＿＿＿＿＿
＿＿＿＿＿＿＿＿＿＿
＿＿＿＿＿＿＿＿＿＿
＿＿＿＿＿＿＿＿＿＿
＿＿＿＿＿＿＿＿＿＿
＿＿＿＿■■＿＿＿＿
＿＿＿＿■■＿＿＿＿
＿＿＿□□□＿＿＿＿
＿＿＿□□□＿＿＿＿
＿＿＿□□□＿＿＿＿
＿□□□□□＿＿□＿
□□＿□□□＿□□＿
□□□□□＿□□□＿
□□□□□□□＿□□
□□□□□□□＿□＿
□□□□□□□□□＿
□□□□□□□□＿□
□□□□□□□□＿□
00:49:54(89828f):field(89827f)
＿＿＿＿＿＿＿＿＿＿
＿＿＿＿＿＿＿＿＿＿
＿＿＿＿＿＿＿＿＿＿
＿＿＿＿＿＿＿＿＿＿
＿＿＿＿＿＿＿＿＿＿
＿＿＿＿＿＿＿＿＿＿
＿＿＿＿＿＿＿＿＿＿
＿＿＿＿□□＿＿＿＿
＿＿＿＿□□＿＿＿＿
＿＿＿□□□＿＿＿＿
＿＿＿□□□＿＿＿＿
＿＿＿□□□■＿＿＿
＿□□□□□■■□＿
□□＿□□□■□□＿
□□□□□＿□□□＿
□□□□□□□＿□□
□□□□□□□＿□＿
□□□□□□□□□＿
□□□□□□□□＿□
□□□□□□□□＿□
00:49:54(89839f):field(89838f)
＿＿＿＿＿＿＿＿＿＿
＿＿＿＿＿＿＿＿＿＿
＿＿＿＿＿＿＿＿＿＿
＿＿＿＿＿＿＿＿＿＿
＿＿＿＿＿＿＿＿＿＿
＿＿＿＿＿＿＿＿＿＿
＿＿＿＿＿＿＿＿＿＿
＿＿＿＿□□＿＿＿＿
＿＿＿＿□□＿＿＿＿
＿＿＿□□□＿＿＿＿
＿＿＿□□□＿＿＿＿
＿＿＿□□□□＿＿■
＿□□□□□□□□■
□□＿□□□□□□■
□□□□□＿□□□■
□□□□□□□＿□□
□□□□□□□＿□＿
□□□□□□□□□＿
□□□□□□□□＿□
□□□□□□□□＿□
00:49:55(89851f):field(89850f)
＿＿＿＿＿＿＿＿＿＿
＿＿＿＿＿＿＿＿＿＿
＿＿＿＿＿＿＿＿＿＿
＿＿＿＿＿＿＿＿＿＿
＿＿＿＿＿＿＿＿＿＿
＿＿＿＿＿＿＿＿＿＿
＿＿＿＿＿＿＿＿＿＿
＿＿＿＿□□＿＿＿＿
＿＿＿＿□□＿＿＿＿
＿＿＿□□□＿＿＿＿
＿＿＿□□□■■＿＿
＿＿＿□□□□■■□
＿□□□□□□□□□
□□＿□□□□□□□
□□□□□＿□□□□
□□□□□□□＿□□
□□□□□□□＿□＿
□□□□□□□□□＿
□□□□□□□□＿□
□□□□□□□□＿□
00:49:55(89865f):field(89864f)
＿＿＿＿＿＿＿＿＿＿
＿＿＿＿＿＿＿＿＿＿
＿＿＿＿＿＿＿＿＿＿
＿＿＿＿＿＿＿＿＿＿
＿＿＿＿＿＿＿＿＿＿
＿＿＿＿＿＿＿＿＿＿
＿＿＿＿＿＿＿＿＿＿
＿＿＿＿◆◆＿＿＿＿
＿＿＿＿◆◆＿＿＿＿
＿＿＿◆□□＿＿＿＿
＿■＿□□□◆◆＿＿
＿＿■□□□◆◆◆◆
＿□◆□□□□□◆◆
□□■□□□□□□□
□□□□□＿□□□□
□□□□□□□＿□□
□□□□□□□＿□＿
□□□□□□□□□＿
□□□□□□□□＿□
□□□□□□□□＿□
00:49:55(89878f):field(89877f)
＿＿＿＿＿＿＿＿＿＿
＿＿＿＿＿＿＿＿＿＿
＿＿＿＿＿＿＿＿＿＿
＿＿＿＿＿＿＿＿＿＿
＿＿＿＿＿＿＿＿＿＿
＿＿＿＿＿＿＿＿＿＿
＿＿＿＿＿＿＿＿＿＿
＿＿＿＿＿＿＿＿＿＿
＿＿＿＿＿＿＿＿＿＿
＿＿＿＿◆◆＿＿＿＿
＿◆＿◆□□＿＿＿＿
＿＿◆◆□□＿＿＿＿
■□＿□□□◆◆■■
□□□□□□□□◆◆
□□□□□＿□□□□
□□□□□□□＿□□
□□□□□□□＿□＿
□□□□□□□□□＿
□□□□□□□□＿□
□□□□□□□□＿□
00:49:56(89890f):field(89889f)
＿＿＿＿＿＿＿＿＿＿
＿＿＿＿＿＿＿＿＿＿
＿＿＿＿＿＿＿＿＿＿
＿＿＿＿＿＿＿＿＿＿
＿＿＿＿＿＿＿＿＿＿
＿＿＿＿＿＿＿＿＿＿
＿＿＿＿＿＿＿＿＿＿
＿＿＿＿＿＿＿＿＿＿
＿＿＿＿＿＿＿＿＿＿
＿＿＿＿＿＿＿＿＿＿
＿＿＿＿□□＿＿＿＿
＿■＿＿□□＿＿＿＿
□□■□□□＿＿◆◆
□□□□□□□□＿＿
□□□□□■□□□□
□□□□□□□＿□□
□□□□□□□＿□＿
□□□□□□□□□＿
□□□□□□□□＿□
□□□□□□□□＿□
00:49:56(89900f):field(89899f)
＿＿＿＿＿＿＿＿＿＿
＿＿＿＿＿＿＿＿＿＿
＿＿＿＿＿＿＿＿＿＿
＿＿＿＿＿＿＿＿＿＿
＿＿＿＿＿＿＿＿＿＿
＿＿＿＿＿＿＿＿＿＿
＿＿＿＿＿＿＿＿＿＿
＿＿＿＿＿＿＿＿＿＿
＿＿＿＿＿＿＿＿＿＿
＿＿＿＿＿＿＿＿＿＿
＿＿■■□□＿＿＿＿
＿□■■□□＿＿＿＿
□□□□□□＿＿＿＿
□□□□□□□□＿＿
□□□□□◆□□□□
□□□□□□□＿□□
□□□□□□□＿□＿
□□□□□□□□□＿
□□□□□□□□＿□
□□□□□□□□＿□
00:49:57(89912f):field(89911f)
＿＿＿＿＿＿＿＿＿＿
＿＿＿＿＿＿＿＿＿＿
＿＿＿＿＿＿＿＿＿＿
＿＿＿＿＿＿＿＿＿＿
＿＿＿＿＿＿＿＿＿＿
＿＿＿＿＿＿＿＿＿＿
＿＿＿＿＿＿＿＿＿＿
＿＿＿＿＿＿＿＿＿＿
＿＿＿＿＿＿＿＿＿＿
＿■＿＿＿＿＿＿＿＿
■■□□□□＿＿＿＿
■□□□□□＿＿＿＿
□□□□□□＿＿＿＿
□□□□□□□□＿＿
□□□□□＿□□□□
□□□□□□□＿□□
□□□□□□□＿□＿
□□□□□□□□□＿
□□□□□□□□＿□
□□□□□□□□＿□
00:49:57(89926f):field(89925f)
＿＿＿＿＿＿＿＿＿＿
＿＿＿＿＿＿＿＿＿＿
＿＿＿＿＿＿＿＿＿＿
＿＿＿＿＿＿＿＿＿＿
＿＿＿＿＿＿＿＿＿＿
＿＿＿＿＿＿＿＿＿＿
＿＿＿＿＿＿＿＿＿＿
＿＿＿＿＿＿＿＿＿＿
＿＿＿＿＿＿＿＿＿＿
＿◆＿＿＿＿＿＿＿＿
◆□◆◆◆◆＿＿＿＿
□□□□□□＿＿＿＿
□□□□□□＿■■＿
□□□□□□□◆■■
□□□□□＿□□□□
□□□□□□□■□□
□□□□□□□＿□＿
□□□□□□□□□＿
□□□□□□□□＿□
□□□□□□□□＿□
00:49:57(89938f):field(89937f)
＿＿＿＿＿＿＿＿＿＿
＿＿＿＿＿＿＿＿＿＿
＿＿＿＿＿＿＿＿＿＿
＿＿＿＿＿＿＿＿＿＿
＿＿＿＿＿＿＿＿＿＿
＿＿＿＿＿＿＿＿＿＿
＿＿＿＿＿＿＿＿＿＿
＿＿＿＿＿＿＿＿＿＿
＿＿＿＿＿＿＿＿＿＿
＿＿＿■■＿＿＿＿＿
＿□■■＿＿＿＿＿＿
□□□□□□＿＿＿＿
□□□□□□＿◆□＿
□□□□□□◆＿□◆
□□□□□＿□□□□
□□□□□□□◆□□
□□□□□□□＿□＿
□□□□□□□□□＿
□□□□□□□□＿□
□□□□□□□□＿□
00:49:58(89951f):field(89950f)
＿＿＿＿＿＿＿＿＿＿
＿＿＿＿＿＿＿＿＿＿
＿＿＿＿＿＿＿＿＿＿
＿＿＿＿＿＿＿＿＿＿
＿＿＿＿＿＿＿＿＿＿
＿＿＿＿＿＿＿＿＿＿
＿＿＿＿＿＿＿＿＿＿
＿＿＿＿＿＿＿＿＿＿
＿＿＿＿＿＿＿＿＿＿
＿＿＿□□＿＿＿＿＿
＿□□□＿＿■＿＿＿
□□□□□□■＿＿＿
□□□□□□■＿□＿
□□□□□□■＿□＿
□□□□□＿□□□□
□□□□□□□＿□□
□□□□□□□＿□＿
□□□□□□□□□＿
□□□□□□□□＿□
□□□□□□□□＿□
00:49:58(89966f):field(89965f)
＿＿＿＿＿＿＿＿＿＿
＿＿＿＿＿＿＿＿＿＿
＿＿＿＿＿＿＿＿＿＿
＿＿＿＿＿＿＿＿＿＿
＿＿＿＿＿＿＿＿＿＿
＿＿＿＿＿＿＿＿＿＿
＿＿＿＿＿＿＿＿＿＿
＿＿＿＿＿＿＿＿＿＿
＿＿＿＿＿＿＿＿＿＿
＿＿＿□□＿＿＿＿＿
＿□□□＿＿□＿■■
□□□□□□□＿■■
□□□□□□□＿□＿
□□□□□□□＿□＿
□□□□□＿□□□□
□□□□□□□＿□□
□□□□□□□＿□＿
□□□□□□□□□＿
□□□□□□□□＿□
□□□□□□□□＿□
00:49:59(89983f):field(89982f)
＿＿＿＿＿＿＿＿＿＿
＿＿＿＿＿＿＿＿＿＿
＿＿＿＿＿＿＿＿＿＿
＿＿＿＿＿＿＿＿＿＿
＿＿＿＿＿＿＿＿＿＿
＿＿＿＿＿＿＿＿＿＿
＿＿＿＿＿＿＿＿＿＿
＿＿＿＿＿＿＿＿＿＿
＿＿＿＿＿＿＿＿＿＿
＿＿＿□□■■■＿＿
＿□□□＿＿□■□□
□□□□□□□＿□□
□□□□□□□＿□＿
□□□□□□□＿□＿
□□□□□＿□□□□
□□□□□□□＿□□
□□□□□□□＿□＿
□□□□□□□□□＿
□□□□□□□□＿□
□□□□□□□□＿□
00:49:59(89997f):field(89996f)
＿＿＿＿＿＿＿＿＿＿
＿＿＿＿＿＿＿＿＿＿
＿＿＿＿＿＿＿＿＿＿
＿＿＿＿＿＿＿＿＿＿
＿＿＿＿＿＿＿＿＿＿
＿＿＿＿＿＿＿＿＿＿
＿＿＿＿＿＿＿＿＿＿
＿＿＿＿＿＿＿＿＿＿
＿＿＿＿＿＿＿＿＿＿
■■■□□□□□＿＿
■□□□＿＿□□□□
□□□□□□□＿□□
□□□□□□□＿□＿
□□□□□□□＿□＿
□□□□□＿□□□□
□□□□□□□＿□□
□□□□□□□＿□＿
□□□□□□□□□＿
□□□□□□□□＿□
□□□□□□□□＿□
00:50:00(90010f):field(90009f)
＿＿＿＿＿＿＿＿＿＿
＿＿＿＿＿＿＿＿＿＿
＿＿＿＿＿＿＿＿＿＿
＿＿＿＿＿＿＿＿＿＿
＿＿＿＿＿＿＿＿＿＿
＿＿＿＿＿＿＿＿＿＿
＿＿＿＿＿＿＿＿＿＿
＿＿＿＿＿＿＿＿＿＿
＿＿＿＿＿＿＿＿＿＿
◆◆□◆□□□□■＿
□□□□＿■□□□□
□□□□□□□＿□□
□□□□□□□＿□＿
□□□□□□□＿□＿
□□□□□＿□□□□
□□□□□□□＿□□
□□□□□□□＿□＿
□□□□□□□□□＿
□□□□□□□□＿□
□□□□□□□□＿□
00:50:00(90021f):field(90020f)
＿＿＿＿＿＿＿＿＿＿
＿＿＿＿＿＿＿＿＿＿
＿＿＿＿＿＿＿＿＿＿
＿＿＿＿＿＿＿＿＿＿
＿＿＿＿＿＿＿＿＿＿
＿＿＿＿＿＿＿＿＿＿
＿＿＿＿＿＿＿＿＿＿
＿＿＿＿＿＿＿＿＿＿
＿＿＿＿＿■＿＿＿＿
＿＿◆＿◆□□□□＿
□□□□＿□□□□□
□□□□□□□＿□□
□□□□□□□＿□＿
□□□□□□□＿□＿
□□□□□＿□□□□
□□□□□□□＿□□
□□□□□□□＿□＿
□□□□□□□□□＿
□□□□□□□□＿□
□□□□□□□□＿□
00:50:01(90033f):field(90032f)
＿＿＿＿＿＿＿＿＿＿
＿＿＿＿＿＿＿＿＿＿
＿＿＿＿＿＿＿＿＿＿
＿＿＿＿＿＿＿＿＿＿
＿＿＿＿＿＿＿＿＿＿
＿＿＿＿＿＿＿＿＿＿
＿＿＿＿＿＿＿＿＿＿
＿＿＿＿＿＿＿＿＿＿
■■＿＿＿□＿＿＿＿
■■＿＿＿□□□□＿
□□□□＿□□□□□
□□□□□□□＿□□
□□□□□□□＿□＿
□□□□□□□＿□＿
□□□□□＿□□□□
□□□□□□□＿□□
□□□□□□□＿□＿
□□□□□□□□□＿
□□□□□□□□＿□
□□□□□□□□＿□
00:50:01(90047f):field(90046f)
＿＿＿＿＿＿＿＿＿＿
＿＿＿＿＿＿＿＿＿＿
＿＿＿＿＿＿＿＿＿＿
＿＿＿＿＿＿＿＿＿＿
＿＿＿＿＿＿＿＿＿＿
＿＿＿＿＿＿＿＿＿＿
＿＿＿＿＿＿＿＿＿＿
＿＿＿＿＿＿＿＿＿＿
◆◆＿＿＿◆＿＿＿＿
□□＿■＿□□◆◆＿
□□◆□■□□□□◆
□□□□□□□＿□□
□□□□□□□＿□＿
□□□□□□□＿□＿
□□□□□＿□□□□
□□□□□□□＿□□
□□□□□□□＿□＿
□□□□□□□□□＿
□□□□□□□□＿□
□□□□□□□□＿□
00:50:01(90058f):field(90057f)
＿＿＿＿＿＿＿＿＿＿
＿＿＿＿＿＿＿＿＿＿
＿＿＿＿＿＿＿＿＿＿
＿＿＿＿＿＿＿＿＿＿
＿＿＿＿＿＿＿＿＿＿
＿＿＿＿＿＿＿＿＿＿
■■＿＿＿＿＿＿＿＿
＿■＿＿＿＿＿＿＿＿
＿■＿＿＿＿＿＿＿＿
□□＿□＿□◆＿＿＿
□□＿□□□□□□＿
□□□□□□□＿□□
□□□□□□□＿□＿
□□□□□□□＿□＿
□□□□□＿□□□□
□□□□□□□＿□□
□□□□□□□＿□＿
□□□□□□□□□＿
□□□□□□□□＿□
□□□□□□□□＿□
00:50:02(90069f):field(90068f)
＿＿＿＿＿＿＿＿＿＿
＿＿＿＿＿＿＿＿＿＿
＿＿＿＿＿＿＿＿＿＿
＿＿＿＿＿＿＿＿＿＿
＿＿＿＿＿＿＿＿＿＿
＿＿＿＿＿＿＿＿＿＿
□□＿＿＿＿＿＿＿＿
＿□＿＿＿＿＿＿■＿
＿□＿＿＿＿＿■■＿
□□＿□＿□＿■＿＿
□□＿□□□□□□＿
□□□□□□□＿□□
□□□□□□□＿□＿
□□□□□□□＿□＿
□□□□□＿□□□□
□□□□□□□＿□□
□□□□□□□＿□＿
□□□□□□□□□＿
□□□□□□□□＿□
□□□□□□□□＿□
00:50:02(90086f):field(90085f)
＿＿＿＿＿＿＿＿＿＿
＿＿＿＿＿＿＿＿＿＿
＿＿＿＿＿＿＿＿＿＿
＿＿＿＿＿＿＿＿＿＿
＿＿＿＿＿＿＿＿＿＿
＿＿＿＿＿＿＿＿＿＿
□□＿＿＿＿＿＿＿＿
＿□＿＿＿＿＿＿□＿
＿□＿＿■■■□□＿
□□＿□■□＿□＿＿
□□＿□□□□□□＿
□□□□□□□＿□□
□□□□□□□＿□＿
□□□□□□□＿□＿
□□□□□＿□□□□
□□□□□□□＿□□
□□□□□□□＿□＿
□□□□□□□□□＿
□□□□□□□□＿□
□□□□□□□□＿□
00:50:03(90101f):field(90100f)
＿＿＿＿＿＿＿＿＿＿
＿＿＿＿＿＿＿＿＿＿
＿＿＿＿＿＿＿＿＿＿
＿＿＿＿＿＿＿＿＿＿
＿＿＿＿＿＿＿＿＿＿
＿＿＿＿＿＿＿＿＿＿
□□＿＿＿＿＿＿＿＿
＿□■＿＿＿＿＿□＿
＿□■■□□□□□＿
□□■□□□＿□＿＿
□□＿□□□□□□＿
□□□□□□□＿□□
□□□□□□□＿□＿
□□□□□□□＿□＿
□□□□□＿□□□□
□□□□□□□＿□□
□□□□□□□＿□＿
□□□□□□□□□＿
□□□□□□□□＿□
□□□□□□□□＿□
00:50:03(90112f):field(90111f)
＿＿＿＿＿＿＿＿＿＿
＿＿＿＿＿＿＿＿＿＿
＿＿＿＿＿＿＿＿＿＿
＿＿＿＿＿＿＿＿＿＿
＿＿＿＿＿＿＿＿＿＿
＿＿＿＿＿＿＿＿＿＿
□□＿■■＿＿＿＿＿
＿□□■■＿＿＿□＿
＿□□□□□□□□＿
□□□□□□＿□＿＿
□□＿□□□□□□＿
□□□□□□□＿□□
□□□□□□□＿□＿
□□□□□□□＿□＿
□□□□□＿□□□□
□□□□□□□＿□□
□□□□□□□＿□＿
□□□□□□□□□＿
□□□□□□□□＿□
□□□□□□□□＿□
00:50:04(90128f):field(90127f)
＿＿＿＿＿＿＿＿＿＿
＿＿＿＿＿＿＿＿＿＿
＿＿＿＿＿＿＿＿＿＿
＿＿＿＿＿＿＿＿＿＿
＿＿＿＿＿＿＿＿＿＿
＿＿＿＿＿＿＿＿＿＿
□□＿□□■＿＿＿＿
＿□□□□■■■□＿
＿□□□□□□□□＿
□□□□□□＿□＿＿
□□＿□□□□□□＿
□□□□□□□＿□□
□□□□□□□＿□＿
□□□□□□□＿□＿
□□□□□＿□□□□
□□□□□□□＿□□
□□□□□□□＿□＿
□□□□□□□□□＿
□□□□□□□□＿□
□□□□□□□□＿□
00:50:04(90143f):field(90142f)
＿＿＿＿＿＿＿＿＿＿
＿＿＿＿＿＿＿＿＿＿
＿＿＿＿＿＿＿＿＿＿
＿＿＿＿＿＿＿＿＿＿
＿＿＿＿＿■＿＿＿＿
＿＿＿＿＿■■＿＿＿
□□＿□□□■＿＿＿
＿□□□□□□□□＿
＿□□□□□□□□＿
□□□□□□＿□＿＿
□□＿□□□□□□＿
□□□□□□□＿□□
□□□□□□□＿□＿
□□□□□□□＿□＿
□□□□□＿□□□□
□□□□□□□＿□□
□□□□□□□＿□＿
□□□□□□□□□＿
□□□□□□□□＿□
□□□□□□□□＿□
00:50:05(90156f):field(90155f)
＿＿＿＿＿＿＿＿＿＿
＿＿＿＿＿＿＿＿＿＿
＿＿＿＿＿＿＿＿＿＿
＿＿＿＿＿＿＿＿＿＿
＿＿＿＿＿□＿＿＿＿
＿＿■■■□□＿＿＿
□□■□□□□＿＿＿
＿□□□□□□□□＿
＿□□□□□□□□＿
□□□□□□＿□＿＿
□□＿□□□□□□＿
□□□□□□□＿□□
□□□□□□□＿□＿
□□□□□□□＿□＿
□□□□□＿□□□□
□□□□□□□＿□□
□□□□□□□＿□＿
□□□□□□□□□＿
□□□□□□□□＿□
□□□□□□□□＿□
00:50:05(90174f):field(90173f)
＿＿＿＿＿＿＿＿＿＿
＿＿＿＿＿＿＿＿＿＿
＿＿＿＿＿＿＿＿＿＿
＿＿■＿＿＿＿＿＿＿
＿■■＿＿□＿＿＿＿
＿■□□□□□＿＿＿
□□□□□□□＿＿＿
＿□□□□□□□□＿
＿□□□□□□□□＿
□□□□□□＿□＿＿
□□＿□□□□□□＿
□□□□□□□＿□□
□□□□□□□＿□＿
□□□□□□□＿□＿
□□□□□＿□□□□
□□□□□□□＿□□
□□□□□□□＿□＿
□□□□□□□□□＿
□□□□□□□□＿□
□□□□□□□□＿□
00:50:06(90186f):field(90185f)
＿＿＿＿＿＿＿＿＿＿
＿＿＿＿＿＿＿＿＿＿
＿＿＿＿＿＿＿＿＿＿
＿＿□■■＿＿＿＿＿
＿□□■■□＿＿＿＿
＿□□□□□□＿＿＿
□□□□□□□＿＿＿
＿□□□□□□□□＿
＿□□□□□□□□＿
□□□□□□＿□＿＿
□□＿□□□□□□＿
□□□□□□□＿□□
□□□□□□□＿□＿
□□□□□□□＿□＿
□□□□□＿□□□□
□□□□□□□＿□□
□□□□□□□＿□＿
□□□□□□□□□＿
□□□□□□□□＿□
□□□□□□□□＿□
00:50:06(90203f):field(90202f)
＿＿＿＿＿＿＿＿＿＿
＿＿＿＿＿＿＿＿＿＿
＿＿＿＿＿＿■＿＿＿
＿＿□□□■■＿＿＿
＿□□□□□■＿＿＿
＿□□□□□□＿＿＿
□□□□□□□＿＿＿
＿□□□□□□□□＿
＿□□□□□□□□＿
□□□□□□＿□＿＿
□□＿□□□□□□＿
□□□□□□□＿□□
□□□□□□□＿□＿
□□□□□□□＿□＿
□□□□□＿□□□□
□□□□□□□＿□□
□□□□□□□＿□＿
□□□□□□□□□＿
□□□□□□□□＿□
□□□□□□□□＿□
00:50:07(90220f):field(90219f)
＿＿＿＿＿＿＿＿＿＿
＿＿＿＿＿＿＿＿＿＿
＿＿＿＿＿＿□＿＿＿
＿＿□□□□□＿＿＿
＿□□□□□□＿＿＿
＿□□□□□□＿＿＿
□□□□□□□＿＿＿
＿□□□□□□□□■
＿□□□□□□□□■
□□□□□□＿□＿■
□□＿□□□□□□■
□□□□□□□＿□□
□□□□□□□＿□＿
□□□□□□□＿□＿
□□□□□＿□□□□
□□□□□□□＿□□
□□□□□□□＿□＿
□□□□□□□□□＿
□□□□□□□□＿□
□□□□□□□□＿□
00:50:07(90230f):field(90229f)
＿＿＿＿＿＿＿＿＿＿
＿＿＿＿＿■■＿＿＿
＿＿＿＿■■□＿＿＿
＿＿□□□□□＿＿＿
＿□□□□□□＿＿＿
＿□□□□□□＿＿＿
□□□□□□□＿＿＿
＿□□□□□□□□□
＿□□□□□□□□□
□□□□□□＿□＿□
□□＿□□□□□□□
□□□□□□□＿□□
□□□□□□□＿□＿
□□□□□□□＿□＿
□□□□□＿□□□□
□□□□□□□＿□□
□□□□□□□＿□＿
□□□□□□□□□＿
□□□□□□□□＿□
□□□□□□□□＿□
00:50:10(90319f):game end
