01:02:48(113064f):game start
01:02:50(113108f):field(113107f)
＿＿＿＿＿＿＿＿＿＿
＿＿＿＿＿＿＿＿＿＿
＿＿＿＿＿＿＿＿＿＿
＿＿＿＿＿＿＿＿＿＿
＿＿＿＿＿＿＿＿＿＿
＿＿＿＿＿＿＿＿＿＿
＿＿＿＿＿＿＿＿＿＿
＿＿＿＿＿＿＿＿＿＿
＿＿＿＿＿＿＿＿＿＿
＿＿＿＿＿＿＿＿＿＿
＿＿＿＿＿＿＿＿＿＿
＿＿＿＿＿＿＿＿＿＿
＿＿＿＿＿＿＿＿＿＿
＿＿■■■■■■＿＿
＿＿＿＿＿＿＿＿＿＿
＿＿＿＿＿＿＿＿＿＿
＿＿＿＿＿＿＿＿＿＿
＿＿＿＿＿＿＿＿＿＿
＿＿＿＿＿＿＿＿＿＿
＿＿＿＿＿＿＿＿＿＿
01:02:51(113134f):field(113133f)
＿＿＿＿＿＿＿＿＿＿
＿＿＿＿＿＿＿＿＿＿
＿＿＿＿＿＿＿＿＿＿
＿＿＿＿＿＿＿＿＿＿
＿＿＿＿＿＿＿＿＿＿
＿＿＿＿＿＿＿＿＿＿
＿＿＿＿＿＿＿＿＿＿
＿＿＿＿＿＿＿＿＿＿
＿＿＿＿＿＿＿＿＿＿
＿＿＿＿＿＿＿＿＿＿
＿＿＿＿＿＿＿＿＿＿
＿＿＿＿＿＿＿＿＿＿
＿＿＿＿＿＿＿＿＿＿
＿＿◆◆◆◆◆◆＿＿
＿＿＿＿＿＿＿＿＿＿
＿＿＿＿＿＿＿＿＿＿
＿＿＿＿＿＿＿＿＿＿
＿＿＿＿＿＿＿＿＿＿
＿■＿■■＿＿＿＿＿
■■■■■＿＿＿＿＿
01:02:51(113147f):field(113146f)
＿＿＿＿＿＿＿＿＿＿
＿＿＿＿＿＿＿＿＿＿
＿＿＿＿＿＿＿＿＿＿
＿＿＿＿＿＿＿＿＿＿
＿＿＿＿＿＿＿＿＿＿
＿＿＿＿＿＿＿＿＿＿
＿＿＿＿＿＿＿＿＿＿
＿＿＿＿＿＿＿＿＿＿
＿＿＿＿＿＿＿＿＿＿
＿＿＿＿＿＿＿＿＿＿
＿＿＿＿＿＿＿＿＿＿
＿＿＿＿＿＿＿＿＿＿
＿＿＿＿＿＿＿＿＿＿
＿＿＿＿＿＿＿＿＿＿
＿＿＿＿＿＿＿＿＿＿
＿＿＿＿＿＿＿＿＿＿
＿＿＿＿＿＿＿＿＿＿
＿＿＿＿＿＿＿＿＿＿
＿□＿□□■＿＿＿＿
□□□□□■■■＿＿
01:02:52(113160f):field(113159f)
＿＿＿＿＿＿＿＿＿＿
＿＿＿＿＿＿＿＿＿＿
＿＿＿＿＿＿＿＿＿＿
＿＿＿＿＿＿＿＿＿＿
＿＿＿＿＿＿＿＿＿＿
＿＿＿＿＿＿＿＿＿＿
＿＿＿＿＿＿＿＿＿＿
＿＿＿＿＿＿＿＿＿＿
＿＿＿＿＿＿＿＿＿＿
＿＿＿＿＿＿＿＿＿＿
＿＿＿＿＿＿＿＿＿＿
＿＿＿＿＿＿＿＿＿＿
＿＿＿＿＿＿＿＿＿＿
＿＿＿＿＿＿＿＿＿＿
＿＿＿＿＿＿＿＿＿＿
＿＿＿＿＿＿＿＿＿＿
＿＿＿＿＿＿＿＿＿＿
＿＿■■■＿＿＿＿＿
＿□■□□□＿＿＿＿
□□□□□□□□＿＿
01:02:52(113173f):field(113172f)
＿＿＿＿＿＿＿＿＿＿
＿＿＿＿＿＿＿＿＿＿
＿＿＿＿＿＿＿＿＿＿
＿＿＿＿＿＿＿＿＿＿
＿＿＿＿＿＿＿＿＿＿
＿＿＿＿＿＿＿＿＿＿
＿＿＿＿＿＿＿＿＿＿
＿＿＿＿＿＿＿＿＿＿
＿＿＿＿＿＿＿＿＿＿
＿＿＿＿＿＿＿＿＿＿
＿＿＿＿＿＿＿＿＿＿
＿＿＿＿＿＿＿＿＿＿
＿＿＿＿＿＿＿＿＿＿
＿＿＿＿＿＿＿＿＿＿
＿＿＿＿＿＿＿＿＿＿
＿＿＿＿■＿＿＿＿＿
＿＿＿＿■■＿＿＿＿
＿＿□□□■＿＿＿＿
＿□□□□□＿＿＿＿
□□□□□□□□＿＿
01:02:52(113187f):field(113186f)
＿＿＿＿＿＿＿＿＿＿
＿＿＿＿＿＿＿＿＿＿
＿＿＿＿＿＿＿＿＿＿
＿＿＿＿＿＿＿＿＿＿
＿＿＿＿＿＿＿＿＿＿
＿＿＿＿＿＿＿＿＿＿
＿＿＿＿＿＿＿＿＿＿
＿＿＿＿＿＿＿＿＿＿
＿＿＿＿＿＿＿＿＿＿
＿＿＿＿＿＿＿＿＿＿
＿＿＿＿＿＿＿＿＿＿
＿＿＿＿＿＿＿＿＿＿
＿＿＿＿＿＿＿＿＿＿
＿＿＿＿＿＿＿＿＿＿
＿＿＿＿＿＿＿＿＿＿
＿＿＿＿□＿＿＿＿＿
＿■＿＿□□＿＿＿＿
■■□□□□＿＿＿＿
■□□□□□＿＿＿＿
□□□□□□□□＿＿
01:02:53(113201f):field(113200f)
＿＿＿＿＿＿＿＿＿＿
＿＿＿＿＿＿＿＿＿＿
＿＿＿＿＿＿＿＿＿＿
＿＿＿＿＿＿＿＿＿＿
＿＿＿＿＿＿＿＿＿＿
＿＿＿＿＿＿＿＿＿＿
＿＿＿＿＿＿＿＿＿＿
＿＿＿＿＿＿＿＿＿＿
＿＿＿＿＿＿＿＿＿＿
＿＿＿＿＿＿＿＿＿＿
＿＿＿＿＿＿＿＿＿＿
＿＿＿＿＿＿＿＿＿＿
＿＿＿＿＿＿＿＿＿＿
＿＿＿＿＿＿＿＿＿＿
＿＿＿＿＿＿＿＿＿＿
＿＿＿＿□＿＿＿＿＿
＿□＿＿□□＿＿■＿
□□□□□□＿＿■＿
□□□□□□＿＿■＿
□□□□□□□□■＿
01:02:53(113215f):field(113214f)
＿＿＿＿＿＿＿＿＿＿
＿＿＿＿＿＿＿＿＿＿
＿＿＿＿＿＿＿＿＿＿
＿＿＿＿＿＿＿＿＿＿
＿＿＿＿＿＿＿＿＿＿
＿＿＿＿＿＿＿＿＿＿
＿＿＿＿＿＿＿＿＿＿
＿＿＿＿＿＿＿＿＿＿
＿＿＿＿＿＿＿＿＿＿
＿＿＿＿＿＿＿＿＿＿
＿＿＿＿＿＿＿＿＿＿
＿＿＿＿＿＿＿＿＿＿
＿＿＿＿＿＿＿＿＿＿
＿＿＿＿＿＿＿＿＿＿
＿＿＿■＿＿＿＿＿＿
＿＿＿■□＿＿＿＿＿
＿□■■□□＿＿□＿
□□□□□□＿＿□＿
□□□□□□＿＿□＿
□□□□□□□□□＿
01:02:54(113231f):field(113230f)
＿＿＿＿＿＿＿＿＿＿
＿＿＿＿＿＿＿＿＿＿
＿＿＿＿＿＿＿＿＿＿
＿＿＿＿＿＿＿＿＿＿
＿＿＿＿＿＿＿＿＿＿
＿＿＿＿＿＿＿＿＿＿
＿＿＿＿＿＿＿＿＿＿
＿＿＿＿＿＿＿＿＿＿
＿＿＿＿＿＿＿＿＿＿
＿＿＿＿＿＿＿＿＿＿
＿＿＿＿＿＿＿＿＿＿
＿＿＿＿＿＿＿＿＿＿
＿＿＿＿＿＿＿＿＿＿
＿＿＿＿＿＿＿＿＿＿
＿＿＿□＿＿＿＿＿＿
＿＿＿□□＿＿＿＿＿
＿□□□□□■＿□＿
□□□□□□■＿□＿
□□□□□□■■□＿
□□□□□□□□□＿
01:02:54(113244f):field(113243f)
＿＿＿＿＿＿＿＿＿＿
＿＿＿＿＿＿＿＿＿＿
＿＿＿＿＿＿＿＿＿＿
＿＿＿＿＿＿＿＿＿＿
＿＿＿＿＿＿＿＿＿＿
＿＿＿＿＿＿＿＿＿＿
＿＿＿＿＿＿＿＿＿＿
＿＿＿＿＿＿＿＿＿＿
＿＿＿＿＿＿＿＿＿＿
＿＿＿＿＿＿＿＿＿＿
＿＿＿＿＿＿＿＿＿＿
＿＿＿＿＿＿＿＿＿＿
＿＿＿＿＿＿＿＿＿＿
＿＿＿＿＿■＿＿＿＿
＿＿＿□■■＿＿＿＿
＿＿＿□□■＿＿＿＿
＿□□□□□□＿□＿
□□□□□□□＿□＿
□□□□□□□□□＿
□□□□□□□□□＿
01:02:55(113257f):field(113256f)
＿＿＿＿＿＿＿＿＿＿
＿＿＿＿＿＿＿＿＿＿
＿＿＿＿＿＿＿＿＿＿
＿＿＿＿＿＿＿＿＿＿
＿＿＿＿＿＿＿＿＿＿
＿＿＿＿＿＿＿＿＿＿
＿＿＿＿＿＿＿＿＿＿
＿＿＿＿＿＿＿＿＿＿
＿＿＿＿＿＿＿＿＿＿
＿＿＿＿＿＿＿＿＿＿
＿＿＿＿＿＿＿＿＿＿
＿＿＿＿＿＿＿＿＿＿
＿＿＿■■＿＿＿＿＿
＿＿＿■■□＿＿＿＿
＿＿＿□□□＿＿＿＿
＿＿＿□□□＿＿＿＿
＿□□□□□□＿□＿
□□□□□□□＿□＿
□□□□□□□□□＿
□□□□□□□□□＿
01:02:55(113271f):field(113270f)
＿＿＿＿＿＿＿＿＿＿
＿＿＿＿＿＿＿＿＿＿
＿＿＿＿＿＿＿＿＿＿
＿＿＿＿＿＿＿＿＿＿
＿＿＿＿＿＿＿＿＿＿
＿＿＿＿＿＿＿＿＿＿
＿＿＿＿＿＿＿＿＿＿
＿＿＿＿＿＿＿＿＿＿
＿＿＿＿＿＿＿＿＿＿
＿＿＿＿＿＿＿＿＿＿
＿＿＿＿＿＿＿＿＿＿
＿＿＿＿＿＿＿＿＿＿
＿＿＿□□＿＿＿＿＿
■＿＿□□□＿＿＿＿
■＿＿□□□＿＿＿＿
■＿＿□□□＿＿＿＿
■□□□□□□＿□＿
□□□□□□□＿□＿
□□□□□□□□□＿
□□□□□□□□□＿
01:02:56(113284f):field(113283f)
＿＿＿＿＿＿＿＿＿＿
＿＿＿＿＿＿＿＿＿＿
＿＿＿＿＿＿＿＿＿＿
＿＿＿＿＿＿＿＿＿＿
＿＿＿＿＿＿＿＿＿＿
＿＿＿＿＿＿＿＿＿＿
＿＿＿＿＿＿＿＿＿＿
＿＿＿＿＿＿＿＿＿＿
＿＿＿＿＿＿＿＿＿＿
＿＿＿＿＿＿＿＿＿＿
＿＿＿＿＿＿＿＿＿＿
＿＿＿＿＿＿＿＿＿＿
＿＿＿□□＿＿＿＿＿
□＿＿□□□＿＿＿＿
□＿＿□□□＿＿＿＿
□＿＿□□□＿■■＿
□□□□□□□■□＿
□□□□□□□■□＿
□□□□□□□□□＿
□□□□□□□□□＿
01:02:56(113297f):field(113296f)
＿＿＿＿＿＿＿＿＿＿
＿＿＿＿＿＿＿＿＿＿
＿＿＿＿＿＿＿＿＿＿
＿＿＿＿＿＿＿＿＿＿
＿＿＿＿＿＿＿＿＿＿
＿＿＿＿＿＿＿＿＿＿
＿＿＿＿＿＿＿＿＿＿
＿＿＿＿＿＿＿＿＿＿
＿＿＿＿＿＿＿＿＿＿
＿＿＿＿＿＿＿＿＿＿
＿＿＿＿＿＿＿＿＿＿
＿＿＿＿＿＿＿＿＿＿
＿＿＿□□＿＿＿＿＿
□＿＿□□□＿■＿＿
□＿＿□□□■■＿＿
□＿＿□□□■□□＿
□□□□□□□□□＿
□□□□□□□□□＿
□□□□□□□□□＿
□□□□□□□□□＿
01:02:57(113310f):field(113309f)
＿＿＿＿＿＿＿＿＿＿
＿＿＿＿＿＿＿＿＿＿
＿＿＿＿＿＿＿＿＿＿
＿＿＿＿＿＿＿＿＿＿
＿＿＿＿＿＿＿＿＿＿
＿＿＿＿＿＿＿＿＿＿
＿＿＿＿＿＿＿＿＿＿
＿＿＿＿＿＿＿＿＿＿
＿＿＿＿＿＿＿＿＿＿
＿＿＿＿＿＿＿＿＿＿
＿＿＿＿＿＿＿＿＿＿
＿＿＿＿＿■＿＿＿＿
＿＿＿□□■■＿＿＿
□＿＿□□□■□＿＿
□＿＿□□□□□＿＿
□＿＿□□□□□□＿
□□□□□□□□□＿
□□□□□□□□□＿
□□□□□□□□□＿
□□□□□□□□□＿
01:02:57(113324f):field(113323f)
＿＿＿＿＿＿＿＿＿＿
＿＿＿＿＿＿＿＿＿＿
＿＿＿＿＿＿＿＿＿＿
＿＿＿＿＿＿＿＿＿＿
＿＿＿＿＿＿＿＿＿＿
＿＿＿＿＿＿＿＿＿＿
＿＿＿＿＿＿＿＿＿＿
＿＿＿＿＿＿＿＿＿＿
＿＿＿＿＿＿＿＿＿＿
＿＿＿＿＿＿＿＿＿＿
＿＿＿＿＿＿＿＿＿＿
＿■＿＿＿□＿＿＿＿
■■＿□□□□＿＿＿
□■＿□□□□□＿＿
□＿＿□□□□□＿＿
□＿＿□□□□□□＿
□□□□□□□□□＿
□□□□□□□□□＿
□□□□□□□□□＿
□□□□□□□□□＿
01:02:58(113340f):field(113339f)
＿＿＿＿＿＿＿＿＿＿
＿＿＿＿＿＿＿＿＿＿
＿＿＿＿＿＿＿＿＿＿
＿＿＿＿＿＿＿＿＿＿
＿＿＿＿＿＿＿＿＿＿
＿＿＿＿＿＿＿＿＿＿
＿＿＿＿＿＿＿＿＿＿
＿＿＿＿＿＿＿＿＿＿
＿＿＿＿＿＿＿＿＿＿
＿＿＿＿＿＿＿＿＿＿
＿＿＿＿＿＿＿＿＿＿
＿◆＿＿＿◆＿＿＿＿
◆◆＿◆◆◆◆＿＿＿
◆◆＿◆◆◆◆◆＿＿
◆＿＿◆◆◆◆◆＿＿
◆■＿◆□□◆◆◆＿
□□◆□□□□◆◆＿
□□◆□□□□□◆＿
□◆◆□□□□□◆＿
□□◆□□□□□□■
01:02:58(113353f):field(113352f)
＿＿＿＿＿＿＿＿＿＿
＿＿＿＿＿＿＿＿＿＿
＿＿＿＿＿＿＿＿＿＿
＿＿＿＿＿＿＿＿＿＿
＿＿＿＿＿＿＿＿＿＿
＿＿＿＿＿＿＿＿＿＿
＿＿＿＿＿＿＿＿＿＿
＿＿＿＿＿＿＿＿＿＿
＿＿＿＿＿＿＿＿＿＿
＿＿＿＿＿＿＿＿＿＿
＿＿＿＿＿＿＿＿＿＿
＿＿＿＿＿＿＿＿＿＿
＿＿＿＿＿＿＿＿＿＿
＿＿＿＿＿＿＿＿＿＿
＿＿＿■■＿＿＿＿＿
＿□＿■□□＿＿＿＿
□□＿□□□□＿＿＿
□□＿□□□□□＿＿
□＿＿□□□□□＿＿
□◆＿□□□□□□◆
01:02:58(113366f):field(113365f)
＿＿＿＿＿＿＿＿＿＿
＿＿＿＿＿＿＿＿＿＿
＿＿＿＿＿＿＿＿＿＿
＿＿＿＿＿＿＿＿＿＿
＿＿＿＿＿＿＿＿＿＿
＿＿＿＿＿＿＿＿＿＿
＿＿＿＿＿＿＿＿＿＿
＿＿＿＿＿＿＿＿＿＿
＿＿＿＿＿＿＿＿＿＿
＿＿＿＿＿＿＿＿＿＿
＿＿＿＿＿＿＿＿＿＿
＿＿＿＿＿＿＿＿＿＿
＿＿＿＿＿＿＿＿＿＿
＿＿＿＿＿＿＿＿＿＿
＿＿＿□□＿＿＿＿＿
＿□＿□□□＿＿＿＿
□□＿□□□□＿＿＿
□□＿□□□□□■■
□＿＿□□□□□＿■
□＿＿□□□□□□■
01:02:59(113381f):field(113380f)
＿＿＿＿＿＿＿＿＿＿
＿＿＿＿＿＿＿＿＿＿
＿＿＿＿＿＿＿＿＿＿
＿＿＿＿＿＿＿＿＿＿
＿＿＿＿＿＿＿＿＿＿
＿＿＿＿＿＿＿＿＿＿
＿＿＿＿＿＿＿＿＿＿
＿＿＿＿＿＿＿＿＿＿
＿＿＿＿＿＿＿＿＿＿
＿＿＿＿＿＿＿＿＿＿
＿＿＿＿＿＿＿＿＿＿
＿＿＿＿＿＿＿＿＿＿
＿＿＿＿＿＿＿＿＿＿
＿＿＿＿＿＿＿＿＿＿
＿＿＿□□＿■＿＿＿
＿□＿□□□■■＿＿
□□＿□□□□■＿＿
□□＿□□□□□□□
□＿＿□□□□□＿□
□＿＿□□□□□□□
01:02:59(113394f):field(113393f)
＿＿＿＿＿＿＿＿＿＿
＿＿＿＿＿＿＿＿＿＿
＿＿＿＿＿＿＿＿＿＿
＿＿＿＿＿＿＿＿＿＿
＿＿＿＿＿＿＿＿＿＿
＿＿＿＿＿＿＿＿＿＿
＿＿＿＿＿＿＿＿＿＿
＿＿＿＿＿＿＿＿＿＿
＿＿＿＿＿＿＿＿＿＿
＿＿＿＿＿＿＿＿＿＿
＿＿＿＿＿＿＿＿＿＿
＿＿＿＿＿＿＿＿＿＿
＿＿＿＿＿＿＿＿＿＿
＿＿＿■■■＿＿＿＿
＿＿＿□□■□＿＿＿
＿□＿□□□□□＿＿
□□＿□□□□□＿＿
□□＿□□□□□□□
□＿＿□□□□□＿□
□＿＿□□□□□□□
01:03:00(113411f):field(113410f)
＿＿＿＿＿＿＿＿＿＿
＿＿＿＿＿＿＿＿＿＿
＿＿＿＿＿＿＿＿＿＿
＿＿＿＿＿＿＿＿＿＿
＿＿＿＿＿＿＿＿＿＿
＿＿＿＿＿＿＿＿＿＿
＿＿＿＿＿＿＿＿＿＿
＿＿＿＿＿＿＿＿＿＿
＿＿＿＿＿＿＿＿＿＿
＿＿＿＿＿＿＿＿＿＿
＿＿＿＿＿＿＿＿＿＿
＿＿＿＿＿＿＿＿＿＿
＿＿＿＿＿＿＿＿＿＿
＿＿＿◆◆◆＿＿＿＿
＿＿＿□□□◆＿＿＿
＿◆＿□□□□◆＿＿
◆□＿□□□□□＿＿
□□■□□□□□◆□
□＿■□□□□□＿□
□＿■□□□□□□□
01:03:00(113427f):field(113426f)
＿＿＿＿＿＿＿＿＿＿
＿＿＿＿＿＿＿＿＿＿
＿＿＿＿＿＿＿＿＿＿
＿＿＿＿＿＿＿＿＿＿
＿＿＿＿＿＿＿＿＿＿
＿＿＿＿＿＿＿＿＿＿
＿＿＿＿＿＿＿＿＿＿
＿＿＿＿＿＿＿＿＿＿
＿＿＿＿＿＿＿＿＿＿
＿＿＿＿＿＿＿＿＿＿
＿＿＿＿＿＿＿＿＿＿
＿＿＿＿＿＿＿＿＿＿
＿＿＿＿＿＿＿＿＿＿
＿＿＿＿＿＿＿＿＿＿
＿＿＿◆◆◆＿＿＿＿
＿＿＿□□□◆＿＿＿
＿◆＿□□□□◆＿＿
◆□◆□□□□□■□
□＿□□□□□□＿□
□＿□□□□□□□□
01:03:01(113440f):field(113439f)
＿＿＿＿＿＿＿＿＿＿
＿＿＿＿＿＿＿＿＿＿
＿＿＿＿＿＿＿＿＿＿
＿＿＿＿＿＿＿＿＿＿
＿＿＿＿＿＿＿＿＿＿
＿＿＿＿＿＿＿＿＿＿
＿＿＿＿＿＿＿＿＿＿
＿＿＿＿＿＿＿＿＿＿
＿＿＿＿＿＿＿＿＿＿
＿＿＿＿＿＿＿＿＿＿
＿＿＿＿＿＿＿＿＿＿
＿＿＿＿＿＿＿＿＿＿
＿＿＿＿＿＿＿＿＿＿
＿＿＿＿＿＿＿＿＿＿
＿＿＿＿＿＿＿＿＿＿
＿■＿□□□＿＿＿＿
■■＿□□□□＿＿＿
■□＿□□□□□□□
□＿□□□□□□＿□
□＿□□□□□□□□
01:03:01(113453f):field(113452f)
＿＿＿＿＿＿＿＿＿＿
＿＿＿＿＿＿＿＿＿＿
＿＿＿＿＿＿＿＿＿＿
＿＿＿＿＿＿＿＿＿＿
＿＿＿＿＿＿＿＿＿＿
＿＿＿＿＿＿＿＿＿＿
＿＿＿＿＿＿＿＿＿＿
＿＿＿＿＿＿＿＿＿＿
＿＿＿＿＿＿＿＿＿＿
＿＿＿＿＿＿＿＿＿＿
＿＿＿＿＿＿＿＿＿＿
＿＿＿＿＿＿＿＿＿＿
＿＿＿＿＿＿＿＿＿＿
＿＿＿＿＿＿＿＿＿＿
＿＿＿＿＿＿＿＿＿＿
＿□＿□□□＿＿＿■
□□＿□□□□■■■
□□＿□□□□□□□
□＿□□□□□□＿□
□＿□□□□□□□□
01:03:02(113467f):field(113466f)
＿＿＿＿＿＿＿＿＿＿
＿＿＿＿＿＿＿＿＿＿
＿＿＿＿＿＿＿＿＿＿
＿＿＿＿＿＿＿＿＿＿
＿＿＿＿＿＿＿＿＿＿
＿＿＿＿＿＿＿＿＿＿
＿＿＿＿＿＿＿＿＿＿
＿＿＿＿＿＿＿＿＿＿
＿＿＿＿＿＿＿＿＿＿
＿＿＿＿＿＿＿＿＿＿
＿＿＿＿＿＿＿＿＿＿
＿＿＿＿＿＿＿＿＿＿
＿＿＿＿＿＿＿＿＿＿
＿＿＿＿＿＿＿＿＿＿
＿＿＿＿＿＿＿＿■■
＿□＿□□□＿■■□
□□＿□□□□□□□
□□＿□□□□□□□
□＿□□□□□□＿□
□＿□□□□□□□□
01:03:02(113480f):field(113479f)
＿＿＿＿＿＿＿＿＿＿
＿＿＿＿＿＿＿＿＿＿
＿＿＿＿＿＿＿＿＿＿
＿＿＿＿＿＿＿＿＿＿
＿＿＿＿＿＿＿＿＿＿
＿＿＿＿＿＿＿＿＿＿
＿＿＿＿＿＿＿＿＿＿
＿＿＿＿＿＿＿＿＿＿
＿＿＿＿＿＿＿＿＿＿
＿＿＿＿＿＿＿＿＿＿
＿＿＿＿＿＿＿＿＿＿
＿＿＿＿＿＿＿＿＿＿
＿＿＿＿＿＿＿＿＿＿
＿＿＿＿＿＿＿＿＿＿
＿＿＿＿■■■＿□□
＿□＿□□□■□□□
□□＿□□□□□□□
□□＿□□□□□□□
□＿□□□□□□＿□
□＿□□□□□□□□
01:03:03(113494f):field(113493f)
＿＿＿＿＿＿＿＿＿＿
＿＿＿＿＿＿＿＿＿＿
＿＿＿＿＿＿＿＿＿＿
＿＿＿＿＿＿＿＿＿＿
＿＿＿＿＿＿＿＿＿＿
＿＿＿＿＿＿＿＿＿＿
＿＿＿＿＿＿＿＿＿＿
＿＿＿＿＿＿＿＿＿＿
＿＿＿＿＿＿＿＿＿＿
＿＿＿＿＿＿＿＿＿＿
＿＿＿＿＿＿＿＿＿＿
＿＿＿＿＿＿＿＿＿＿
＿＿＿＿＿＿＿＿＿＿
■＿＿＿＿＿＿＿＿＿
■■＿＿□□□＿□□
■□＿□□□□□□□
□□＿□□□□□□□
□□＿□□□□□□□
□＿□□□□□□＿□
□＿□□□□□□□□
01:03:03(113507f):field(113506f)
＿＿＿＿＿＿＿＿＿＿
＿＿＿＿＿＿＿＿＿＿
＿＿＿＿＿＿＿＿＿＿
＿＿＿＿＿＿＿＿＿＿
＿＿＿＿＿＿＿＿＿＿
＿＿＿＿＿＿＿＿＿＿
＿＿＿＿＿＿＿＿＿＿
＿＿＿＿＿＿＿＿＿＿
＿＿＿＿＿＿＿＿＿＿
＿＿＿＿＿＿＿＿＿＿
＿＿＿＿＿＿＿＿＿＿
＿＿＿＿＿＿＿＿＿＿
＿＿＿＿■＿＿＿＿＿
□＿＿■■＿＿＿＿＿
□□＿■□□□＿□□
□□＿□□□□□□□
□□＿□□□□□□□
□□＿□□□□□□□
□＿□□□□□□＿□
□＿□□□□□□□□
01:03:04(113535f):field(113534f)
＿＿＿＿＿＿＿＿＿＿
＿＿＿＿＿＿＿＿＿＿
＿＿＿＿＿＿＿＿＿＿
＿＿＿＿＿＿＿＿＿＿
＿＿＿＿＿＿＿＿＿＿
＿＿＿＿＿＿＿＿＿＿
＿＿＿＿＿＿＿＿＿＿
＿＿＿＿＿＿＿＿＿＿
＿＿＿＿＿＿＿＿＿＿
＿＿＿＿＿＿＿＿＿＿
＿＿＿＿＿＿＿＿＿＿
■＿＿＿＿＿＿＿＿＿
■■＿＿□■■＿＿＿
□■＿□□■■＿＿＿
□□＿□□□□＿□□
□□＿□□□□□□□
□□＿□□□□□□□
□□＿□□□□□□□
□＿□□□□□□＿□
□＿□□□□□□□□
01:03:05(113550f):field(113549f)
＿＿＿＿＿＿＿＿＿＿
＿＿＿＿＿＿＿＿＿＿
＿＿＿＿＿＿＿＿＿＿
＿＿＿＿＿＿＿＿＿＿
＿＿＿＿＿＿＿＿＿＿
＿＿＿＿＿＿＿＿＿＿
＿＿＿＿＿＿＿＿＿＿
＿＿＿＿＿＿＿＿＿＿
＿＿＿＿＿＿＿＿＿＿
＿＿＿＿＿＿＿＿＿＿
＿＿＿＿＿■■＿＿＿
□＿＿＿■■＿＿＿＿
□□＿＿□□□＿＿＿
□□＿□□□□＿＿＿
□□＿□□□□＿□□
□□＿□□□□□□□
□□＿□□□□□□□
□□＿□□□□□□□
□＿□□□□□□＿□
□＿□□□□□□□□
01:03:05(113562f):field(113561f)
＿＿＿＿＿＿＿＿＿＿
＿＿＿＿＿＿＿＿＿＿
＿＿＿＿＿＿＿＿＿＿
＿＿＿＿＿＿＿＿＿＿
＿＿＿＿＿＿＿＿＿＿
＿＿＿＿＿＿＿＿＿＿
＿＿＿＿＿＿＿＿＿＿
＿＿＿＿＿＿＿＿＿＿
＿＿＿＿＿＿＿＿＿＿
＿＿＿＿＿＿＿＿＿＿
＿＿＿＿＿□□＿＿＿
□＿＿＿□□＿＿＿＿
□□＿＿□□□＿＿＿
□□＿□□□□■■■
□□＿□□□□■□□
□□＿□□□□□□□
□□＿□□□□□□□
□□＿□□□□□□□
□＿□□□□□□＿□
□＿□□□□□□□□
01:03:05(113577f):field(113576f)
＿＿＿＿＿＿＿＿＿＿
＿＿＿＿＿＿＿＿＿＿
＿＿＿＿＿＿＿＿＿＿
＿＿＿＿＿＿＿＿＿＿
＿＿＿＿＿＿＿＿＿＿
＿＿＿＿＿＿＿＿＿＿
＿＿＿＿＿＿＿＿＿＿
＿＿＿＿＿＿＿＿＿＿
＿＿＿＿＿＿＿＿＿＿
＿＿＿＿＿＿＿＿＿＿
＿＿＿＿＿□□＿＿＿
□＿＿＿□□■■＿＿
□□＿＿□□□■■＿
□□＿□□□□□□□
□□＿□□□□□□□
□□＿□□□□□□□
□□＿□□□□□□□
□□＿□□□□□□□
□＿□□□□□□＿□
□＿□□□□□□□□
01:03:06(113590f):field(113589f)
＿＿＿＿＿＿＿＿＿＿
＿＿＿＿＿＿＿＿＿＿
＿＿＿＿＿＿＿＿＿＿
＿＿＿＿＿＿＿＿＿＿
＿＿＿＿＿＿＿＿＿＿
＿＿＿＿＿＿＿＿＿＿
＿＿＿＿＿＿＿＿＿＿
＿＿＿＿＿＿＿＿＿＿
＿＿＿＿■＿＿＿＿＿
＿＿＿＿■■＿＿＿＿
＿＿＿＿■□□＿＿＿
□＿＿＿□□□□＿＿
□□＿＿□□□□□＿
□□＿□□□□□□□
□□＿□□□□□□□
□□＿□□□□□□□
□□＿□□□□□□□
□□＿□□□□□□□
□＿□□□□□□＿□
□＿□□□□□□□□
01:03:06(113606f):field(113605f)
＿＿＿＿＿＿＿＿＿＿
＿＿＿＿＿＿＿＿＿＿
＿＿＿＿＿＿＿＿＿＿
＿＿＿＿＿＿＿＿＿＿
＿＿＿＿＿＿＿＿＿＿
＿＿＿＿＿＿＿＿＿＿
＿＿＿＿＿＿＿＿＿＿
＿＿＿＿＿＿＿＿＿＿
＿＿＿＿□＿＿＿＿＿
＿＿＿＿□□＿＿＿＿
＿＿＿＿□□□＿■■
□＿＿＿□□□□■■
□□＿＿□□□□□＿
□□＿□□□□□□□
□□＿□□□□□□□
□□＿□□□□□□□
□□＿□□□□□□□
□□＿□□□□□□□
□＿□□□□□□＿□
□＿□□□□□□□□
01:03:07(113624f):field(113623f)
＿＿＿＿＿＿＿＿＿＿
＿＿＿＿＿＿＿＿＿＿
＿＿＿＿＿＿＿＿＿＿
＿＿＿＿＿＿＿＿＿＿
＿＿＿＿＿＿＿＿＿＿
＿＿＿＿＿＿＿＿＿＿
＿＿＿＿＿＿＿＿＿＿
＿＿＿＿＿＿＿＿＿＿
＿＿＿＿◆＿＿＿＿＿
＿＿＿＿◆◆＿＿＿＿
＿＿＿＿◆◆◆＿◆◆
◆＿＿＿◆◆◆◆◆◆
◆◆＿＿□◆◆◆□＿
◆◆＿◆□□□◆◆◆
◆◆＿◆□□□◆□□
□◆＿□□□□□□□
□□＿◆□□□□□◆
□□＿□□□□□□□
□＿□□□□□□＿□
□＿□□□□□□□□
01:03:07(113635f):field(113634f)
＿＿＿＿＿＿＿＿＿＿
＿＿＿＿＿＿＿＿＿＿
＿＿＿＿＿＿＿＿＿＿
＿＿＿＿＿＿＿＿＿＿
＿＿＿＿＿＿＿＿＿＿
＿＿＿＿＿＿＿＿＿＿
＿＿＿＿＿＿＿＿＿＿
＿＿＿＿＿＿＿＿＿＿
＿＿＿＿＿＿＿＿＿＿
＿＿＿＿＿＿＿＿＿＿
＿＿＿＿＿＿＿＿＿＿
＿＿＿＿＿＿＿＿＿＿
＿＿＿＿□＿＿＿◆＿
＿＿＿＿□□◆＿＿＿
＿＿＿■□□□＿□□
□＿＿□□□□□□□
□□■■□□□□□＿
□□＿□□□□□□□
□＿□□□□□□＿□
□＿□□□□□□□□
01:03:08(113658f):field(113657f)
＿＿＿＿＿＿＿＿＿＿
＿＿＿＿＿＿＿＿＿＿
＿＿＿＿＿＿＿＿＿＿
＿＿＿＿＿＿＿＿＿＿
＿＿＿＿＿＿＿＿＿＿
＿＿＿＿＿＿＿＿＿＿
＿＿＿＿＿＿＿＿＿＿
＿＿＿＿＿＿＿＿＿＿
＿＿＿＿＿＿＿＿＿＿
＿＿＿＿＿＿＿＿＿＿
＿＿＿＿＿＿＿＿＿＿
＿＿＿＿＿＿＿＿＿＿
＿＿＿＿□＿＿＿＿＿
＿■■＿□□＿＿＿＿
＿＿■□□□□＿□□
□＿■□□□□□□□
□□□□□□□□□＿
□□＿□□□□□□□
□＿□□□□□□＿□
□＿□□□□□□□□
01:03:09(113678f):field(113677f)
＿＿＿＿＿＿＿＿＿＿
＿＿＿＿＿＿＿＿＿＿
＿＿＿＿＿＿＿＿＿＿
＿＿＿＿＿＿＿＿＿＿
＿＿＿＿＿＿＿＿＿＿
＿＿＿＿＿＿＿＿＿＿
＿＿＿＿＿＿＿＿＿＿
＿＿＿＿＿＿＿＿＿＿
＿＿＿＿＿＿＿＿＿＿
＿＿＿＿＿＿＿＿＿＿
＿＿＿＿＿＿＿＿＿＿
＿■＿＿＿＿＿＿＿＿
■■＿＿□＿＿＿＿＿
■□□＿□□＿＿＿＿
＿＿□□□□□＿□□
□＿□□□□□□□□
□□□□□□□□□＿
□□＿□□□□□□□
□＿□□□□□□＿□
□＿□□□□□□□□
01:03:09(113690f):field(113689f)
＿＿＿＿＿＿＿＿＿＿
＿＿＿＿＿＿＿＿＿＿
＿＿＿＿＿＿＿＿＿＿
＿＿＿＿＿＿＿＿＿＿
＿＿＿＿＿＿＿＿＿＿
＿＿＿＿＿＿＿＿＿＿
＿＿＿＿＿＿＿＿＿＿
＿＿＿＿＿＿＿＿＿＿
＿＿＿＿＿＿＿＿＿＿
＿＿＿＿＿＿＿＿＿＿
＿＿＿＿＿＿＿＿＿＿
＿□■＿＿＿＿＿＿＿
□□■■□＿＿＿＿＿
□□□■□□＿＿＿＿
＿＿□□□□□＿□□
□＿□□□□□□□□
□□□□□□□□□＿
□□＿□□□□□□□
□＿□□□□□□＿□
□＿□□□□□□□□
01:03:10(113702f):field(113701f)
＿＿＿＿＿＿＿＿＿＿
＿＿＿＿＿＿＿＿＿＿
＿＿＿＿＿＿＿＿＿＿
＿＿＿＿＿＿＿＿＿＿
＿＿＿＿＿＿＿＿＿＿
＿＿＿＿＿＿＿＿＿＿
＿＿＿＿＿＿＿＿＿＿
＿＿＿＿＿＿＿＿＿＿
＿＿＿＿＿＿＿＿＿＿
＿＿＿＿＿＿＿＿＿＿
＿＿＿＿＿＿＿＿＿＿
＿□□＿＿＿＿＿＿＿
□□□□□＿＿＿■■
□□□□□□＿＿■■
＿＿□□□□□＿□□
□＿□□□□□□□□
□□□□□□□□□＿
□□＿□□□□□□□
□＿□□□□□□＿□
□＿□□□□□□□□
01:03:10(113719f):field(113718f)
＿＿＿＿＿＿＿＿＿＿
＿＿＿＿＿＿＿＿＿＿
＿＿＿＿＿＿＿＿＿＿
＿＿＿＿＿＿＿＿＿＿
＿＿＿＿＿＿＿＿＿＿
＿＿＿＿＿＿＿＿＿＿
＿＿＿＿＿＿＿＿＿＿
＿＿＿＿＿＿＿＿＿＿
＿＿＿＿＿＿＿＿＿＿
＿＿＿＿＿＿＿＿＿＿
＿＿＿＿＿＿＿＿＿＿
＿◆◆＿＿＿＿＿＿＿
□□□◆◆＿＿＿◆◆
□□□□□◆＿■□□
＿＿□□□□□■□□
□＿□□□□□□□□
□□□□□□□□□＿
□□＿□□□□□□□
□＿□□□□□□＿□
□＿□□□□□□□□
01:03:11(113732f):field(113731f)
＿＿＿＿＿＿＿＿＿＿
＿＿＿＿＿＿＿＿＿＿
＿＿＿＿＿＿＿＿＿＿
＿＿＿＿＿＿＿＿＿＿
＿＿＿＿＿＿＿＿＿＿
＿＿＿＿＿＿＿＿＿＿
＿＿＿＿＿＿＿＿＿＿
＿＿＿＿＿＿＿＿＿＿
＿＿＿＿＿＿＿＿＿＿
＿＿＿＿＿＿＿＿＿＿
＿＿＿＿＿＿＿＿■＿
＿＿＿＿＿＿＿＿■＿
◆□□＿＿＿＿＿■■
□□□□□＿＿□□□
＿＿□□□□□□□□
□＿□□□□□□□□
□□□□□□□□□＿
□□＿□□□□□□□
□＿□□□□□□＿□
□＿□□□□□□□□
01:03:11(113744f):field(113743f)
＿＿＿＿＿＿＿＿＿＿
＿＿＿＿＿＿＿＿＿＿
＿＿＿＿＿＿＿＿＿＿
＿＿＿＿＿＿＿＿＿＿
＿＿＿＿＿＿＿＿＿＿
＿＿＿＿＿＿＿＿＿＿
＿＿＿＿＿＿＿＿＿＿
＿＿＿＿＿＿＿＿＿＿
＿＿＿＿＿＿＿＿＿＿
＿＿＿＿＿＿＿＿＿＿
＿＿＿＿＿■＿＿□＿
＿＿＿＿＿■＿＿□＿
＿□□＿＿■＿＿□□
□□□□□■＿□□□
＿＿□□□□□□□□
□＿□□□□□□□□
□□□□□□□□□＿
□□＿□□□□□□□
□＿□□□□□□＿□
□＿□□□□□□□□
01:03:11(113758f):field(113757f)
＿＿＿＿＿＿＿＿＿＿
＿＿＿＿＿＿＿＿＿＿
＿＿＿＿＿＿＿＿＿＿
＿＿＿＿＿＿＿＿＿＿
＿＿＿＿＿＿＿＿＿＿
＿＿＿＿＿＿＿＿＿＿
＿＿＿＿＿＿＿＿＿＿
＿＿＿＿＿＿＿＿＿＿
＿＿＿＿＿＿＿＿＿＿
＿＿＿＿＿＿＿＿＿＿
＿＿＿＿■□＿＿□＿
＿＿＿＿■□＿＿□＿
＿□□■■□＿＿□□
□□□□□□＿□□□
＿＿□□□□□□□□
□＿□□□□□□□□
□□□□□□□□□＿
□□＿□□□□□□□
□＿□□□□□□＿□
□＿□□□□□□□□
01:03:12(113771f):field(113770f)
＿＿＿＿＿＿＿＿＿＿
＿＿＿＿＿＿＿＿＿＿
＿＿＿＿＿＿＿＿＿＿
＿＿＿＿＿＿＿＿＿＿
＿＿＿＿＿＿＿＿＿＿
＿＿＿＿＿＿＿＿＿＿
＿＿＿＿＿＿＿＿＿＿
＿＿＿＿＿＿＿＿＿＿
＿＿＿＿＿＿＿＿＿＿
＿＿■＿＿＿＿＿＿＿
＿＿■■□□＿＿□＿
＿＿＿■□□＿＿□＿
＿□□□□□＿＿□□
□□□□□□＿□□□
＿＿□□□□□□□□
□＿□□□□□□□□
□□□□□□□□□＿
□□＿□□□□□□□
□＿□□□□□□＿□
□＿□□□□□□□□
01:03:12(113788f):field(113787f)
＿＿＿＿＿＿＿＿＿＿
＿＿＿＿＿＿＿＿＿＿
＿＿＿＿＿＿＿＿＿＿
＿＿＿＿＿＿＿＿＿＿
＿＿＿＿＿＿＿＿＿＿
＿＿＿＿＿＿＿＿＿＿
＿＿＿＿＿＿＿＿＿＿
＿＿＿＿＿＿＿＿＿＿
＿＿＿＿＿＿＿＿＿＿
＿＿◆＿＿＿＿＿＿＿
＿＿□◆◆◆＿＿◆＿
＿＿■□□□＿＿□＿
＿□◆□□□＿■□◆
◆□□□□□■□□□
＿＿□□□□□□□□
□＿□□□□□□□□
□□□□□□□□□＿
□□＿□□□□□□□
□＿□□□□□□＿□
□＿□□□□□□□□
01:03:13(113798f):field(113797f)
＿＿＿＿＿＿＿＿＿＿
＿＿＿＿＿＿＿＿＿＿
＿＿＿＿＿＿＿＿＿＿
＿＿＿＿＿＿＿＿＿＿
＿＿＿＿＿＿＿＿＿＿
＿＿＿＿＿＿＿＿＿＿
＿＿＿＿＿＿＿＿＿＿
＿＿＿＿＿＿＿＿＿＿
＿＿＿＿＿＿＿＿＿＿
＿＿＿＿＿■＿＿＿＿
＿＿□■■■＿＿＿＿
＿＿□□□□＿＿□＿
＿◆＿□□□＿□□＿
＿□□□□□□□□□
＿＿□□□□□□□□
□＿□□□□□□□□
□□□□□□□□□＿
□□＿□□□□□□□
□＿□□□□□□＿□
□＿□□□□□□□□
01:03:13(113812f):field(113811f)
＿＿＿＿＿＿＿＿＿＿
＿＿＿＿＿＿＿＿＿＿
＿＿＿＿＿＿＿＿＿＿
＿＿＿＿＿＿＿＿＿＿
＿＿＿＿＿＿＿＿＿＿
＿＿＿＿＿＿＿＿＿＿
＿＿＿＿＿＿＿＿＿＿
＿＿＿＿＿＿＿＿＿＿
＿＿＿■＿＿＿＿＿＿
＿＿■■■□＿＿＿＿
＿＿□□□□＿＿＿＿
＿＿□□□□＿＿□＿
＿＿＿□□□＿□□＿
＿□□□□□□□□□
＿＿□□□□□□□□
□＿□□□□□□□□
□□□□□□□□□＿
□□＿□□□□□□□
□＿□□□□□□＿□
□＿□□□□□□□□
01:03:14(113823f):field(113822f)
＿＿＿＿＿＿＿＿＿＿
＿＿＿＿＿＿＿＿＿＿
＿＿＿＿＿＿＿＿＿＿
＿＿＿＿＿＿＿＿＿＿
＿＿＿＿＿＿＿＿＿＿
＿＿＿＿＿＿＿＿＿＿
＿＿＿＿＿＿＿＿＿＿
＿＿＿＿■■＿＿＿＿
＿＿＿□■■＿＿＿＿
＿＿□□□□＿＿＿＿
＿＿□□□□＿＿＿＿
＿＿□□□□＿＿□＿
＿＿＿□□□＿□□＿
＿□□□□□□□□□
＿＿□□□□□□□□
□＿□□□□□□□□
□□□□□□□□□＿
□□＿□□□□□□□
□＿□□□□□□＿□
□＿□□□□□□□□
01:03:14(113845f):field(113844f)
＿＿＿＿＿＿＿＿＿＿
＿＿＿＿＿＿＿＿＿＿
＿＿＿＿＿＿＿＿＿＿
＿＿＿＿＿＿＿＿＿＿
＿＿＿＿＿＿＿＿＿＿
＿＿＿＿＿＿＿＿＿＿
＿＿＿＿＿＿＿＿＿＿
＿＿＿＿◆◆＿＿＿＿
＿＿＿◆□□＿＿＿＿
＿＿◆□□□＿＿＿＿
＿＿□□□□＿＿＿＿
＿＿□□□□＿＿◆＿
■＿■□□□＿◆□＿
■□◆□□□◆□□◆
■＿□□□□□□□□
□＿□□□□□□□□
□□□□□□□□□＿
□□＿□□□□□□□
□＿□□□□□□＿□
□＿□□□□□□□□
01:03:15(113858f):field(113857f)
＿＿＿＿＿＿＿＿＿＿
＿＿＿＿＿＿＿＿＿＿
＿＿＿＿＿＿＿＿＿＿
＿＿＿＿＿＿＿＿＿＿
＿＿＿＿＿＿＿＿＿＿
＿＿＿＿＿＿＿＿＿＿
＿＿＿＿＿＿＿＿＿＿
＿＿＿＿＿＿＿＿＿＿
＿＿＿＿□□＿＿＿＿
＿＿＿□□□＿＿＿＿
■＿□□□□＿＿＿＿
■■□□□□＿＿＿＿
◆■□□□□＿＿□＿
□□＿□□□＿□□＿
□＿□□□□□□□□
□＿□□□□□□□□
□□□□□□□□□＿
□□＿□□□□□□□
□＿□□□□□□＿□
□＿□□□□□□□□
01:03:15(113872f):field(113871f)
＿＿＿＿＿＿＿＿＿＿
＿＿＿＿＿＿＿＿＿＿
＿＿＿＿＿＿＿＿＿＿
＿＿＿＿＿＿＿＿＿＿
＿＿＿＿＿＿＿＿＿＿
＿＿＿＿＿＿＿＿＿＿
＿＿＿＿＿＿＿＿＿＿
＿＿＿＿＿＿＿＿＿＿
＿＿＿＿□□＿＿＿＿
＿＿＿□□□＿＿＿＿
□＿□□□□＿＿＿＿
□□□□□□＿■■■
＿□□□□□＿■□＿
□□＿□□□＿□□＿
□＿□□□□□□□□
□＿□□□□□□□□
□□□□□□□□□＿
□□＿□□□□□□□
□＿□□□□□□＿□
□＿□□□□□□□□
01:03:16(113885f):field(113884f)
＿＿＿＿＿＿＿＿＿＿
＿＿＿＿＿＿＿＿＿＿
＿＿＿＿＿＿＿＿＿＿
＿＿＿＿＿＿＿＿＿＿
＿＿＿＿＿＿＿＿＿＿
＿＿＿＿＿＿＿＿＿＿
＿＿＿＿＿＿＿＿＿＿
＿＿＿＿＿＿＿＿＿＿
＿＿＿＿□□＿＿＿＿
■■■□□□＿＿＿＿
□■□□□□＿＿＿＿
□□□□□□＿□□□
＿□□□□□＿□□＿
□□＿□□□＿□□＿
□＿□□□□□□□□
□＿□□□□□□□□
□□□□□□□□□＿
□□＿□□□□□□□
□＿□□□□□□＿□
□＿□□□□□□□□
01:03:16(113897f):field(113896f)
＿＿＿＿＿＿＿＿＿＿
＿＿＿＿＿＿＿＿＿＿
＿＿＿＿＿＿＿＿＿＿
＿＿＿＿＿＿＿＿＿＿
＿＿＿＿＿＿＿＿＿＿
＿＿＿＿＿＿＿＿＿＿
＿＿＿＿■＿＿＿＿＿
＿＿＿■■＿＿＿＿＿
＿＿＿■□□＿＿＿＿
□□□□□□＿＿＿＿
□□□□□□＿＿＿＿
□□□□□□＿□□□
＿□□□□□＿□□＿
□□＿□□□＿□□＿
□＿□□□□□□□□
□＿□□□□□□□□
□□□□□□□□□＿
□□＿□□□□□□□
□＿□□□□□□＿□
□＿□□□□□□□□
01:03:17(113912f):field(113911f)
＿＿＿＿＿＿＿＿＿＿
＿＿＿＿＿＿＿＿＿＿
＿＿＿＿＿＿＿＿＿＿
＿＿＿＿＿＿＿＿＿＿
＿＿＿＿＿＿＿＿＿＿
＿＿＿＿＿＿＿＿＿＿
＿＿＿＿□＿＿＿＿＿
■＿＿□□＿＿＿＿＿
■■■□□□＿＿＿＿
□□□□□□＿＿＿＿
□□□□□□＿＿＿＿
□□□□□□＿□□□
＿□□□□□＿□□＿
□□＿□□□＿□□＿
□＿□□□□□□□□
□＿□□□□□□□□
□□□□□□□□□＿
□□＿□□□□□□□
□＿□□□□□□＿□
□＿□□□□□□□□
01:03:17(113928f):field(113927f)
＿＿＿＿＿＿＿＿＿＿
＿＿＿＿＿＿＿＿＿＿
＿＿＿＿＿＿＿＿＿＿
＿＿＿＿＿＿＿＿＿＿
＿＿＿＿＿＿＿＿＿＿
＿＿＿＿＿＿＿＿＿＿
＿＿＿＿◆＿＿＿＿＿
◆＿＿◆□＿＿＿＿＿
□◆◆□□◆＿＿＿＿
□□□□□□＿＿＿■
□□□□□□＿＿＿＿
□□□□□□■□◆◆
＿□□□□□■□□＿
□□＿□□□■□□＿
□＿□□□□□□□□
□＿□□□□□□□□
□□□□□□□□□＿
□□＿□□□□□□□
□＿□□□□□□＿□
□＿□□□□□□□□
01:03:18(113940f):field(113939f)
＿＿＿＿＿＿＿＿＿＿
＿＿＿＿＿＿＿＿＿＿
＿＿＿＿＿＿＿＿＿＿
＿＿＿＿＿＿＿＿＿＿
＿＿＿＿＿＿＿＿＿＿
＿＿＿＿＿＿＿＿＿＿
＿＿＿＿＿＿＿＿＿＿
＿＿＿＿□＿＿＿＿＿
□＿＿□□＿＿＿＿＿
□□□□□□＿＿＿◆
□□□□□□＿＿＿＿
□□□□□□□◆■■
＿□□□□□□□□■
□□＿□□□□□□■
□＿□□□□□□□□
□＿□□□□□□□□
□□□□□□□□□＿
□□＿□□□□□□□
□＿□□□□□□＿□
□＿□□□□□□□□
01:03:18(113959f):field(113958f)
＿＿＿＿＿＿＿＿＿＿
＿＿＿＿＿＿＿＿＿＿
＿＿＿＿＿＿＿＿＿＿
＿＿＿＿＿＿＿＿＿＿
＿＿＿＿＿＿＿＿＿＿
＿＿＿＿＿＿＿＿＿＿
＿＿＿＿＿＿＿＿＿＿
＿＿＿＿◆＿＿＿＿＿
◆＿＿◆□＿＿＿＿＿
□◆◆□□◆＿■＿＿
□□□□□□＿＿＿＿
□□□□□□□■□◆
＿□□□□□□□□□
□□＿□□□□□□□
□＿□□□□□□□□
□＿□□□□□□□□
□□□□□□□□□＿
□□＿□□□□□□□
□＿□□□□□□＿□
□＿□□□□□□□□
01:03:19(113974f):field(113973f)
＿＿＿＿＿＿＿＿＿＿
＿＿＿＿＿＿＿＿＿＿
＿＿＿＿＿＿＿＿＿＿
＿＿＿＿＿＿＿＿＿＿
＿＿＿＿＿＿＿＿＿＿
＿＿＿＿＿＿＿＿＿＿
＿＿＿＿＿＿＿＿＿＿
＿＿＿＿＿＿＿＿＿＿
＿＿＿＿□＿＿＿＿＿
□＿＿□□＿■□＿＿
□□□□□□■■＿＿
□□□□□□□□□＿
＿□□□□□□□□□
□□＿□□□□□□□
□＿□□□□□□□□
□＿□□□□□□□□
□□□□□□□□□＿
□□＿□□□□□□□
□＿□□□□□□＿□
□＿□□□□□□□□
01:03:19(113986f):field(113985f)
＿＿＿＿＿＿＿＿＿＿
＿＿＿＿＿＿＿＿＿＿
＿＿＿＿＿＿＿＿＿＿
＿＿＿＿＿＿＿＿＿＿
＿＿＿＿＿＿＿＿＿＿
＿＿＿＿＿＿＿＿＿＿
＿＿＿＿＿＿＿＿＿＿
＿＿＿＿＿＿＿＿＿＿
■■＿＿□＿＿＿＿＿
□■■□□＿□□＿＿
□□□□□□□□＿＿
□□□□□□□□□＿
＿□□□□□□□□□
□□＿□□□□□□□
□＿□□□□□□□□
□＿□□□□□□□□
□□□□□□□□□＿
□□＿□□□□□□□
□＿□□□□□□＿□
□＿□□□□□□□□
01:03:20(114000f):field(113999f)
＿＿＿＿＿＿＿＿＿＿
＿＿＿＿＿＿＿＿＿＿
＿＿＿＿＿＿＿＿＿＿
＿＿＿＿＿＿＿＿＿＿
＿＿＿＿＿＿＿＿＿＿
＿＿＿＿＿＿＿＿＿＿
＿＿＿＿＿＿＿＿＿＿
＿＿＿＿＿＿＿■＿＿
□□＿＿□＿＿■■＿
□□□□□＿□□■＿
□□□□□□□□＿＿
□□□□□□□□□＿
＿□□□□□□□□□
□□＿□□□□□□□
□＿□□□□□□□□
□＿□□□□□□□□
□□□□□□□□□＿
□□＿□□□□□□□
□＿□□□□□□＿□
□＿□□□□□□□□
01:03:20(114017f):field(114016f)
＿＿＿＿＿＿＿＿＿＿
＿＿＿＿＿＿＿＿＿＿
＿＿＿＿＿＿＿＿＿＿
＿＿＿＿＿＿＿＿＿＿
＿＿＿＿＿＿＿＿＿＿
＿＿＿＿＿＿＿＿＿＿
＿＿＿＿＿＿■■＿＿
＿＿＿＿＿＿■□＿＿
□□＿＿□＿■□□＿
□□□□□＿□□□＿
□□□□□□□□＿＿
□□□□□□□□□＿
＿□□□□□□□□□
□□＿□□□□□□□
□＿□□□□□□□□
□＿□□□□□□□□
□□□□□□□□□＿
□□＿□□□□□□□
□＿□□□□□□＿□
□＿□□□□□□□□
01:03:21(114032f):field(114031f)
＿＿＿＿＿＿＿＿＿＿
＿＿＿＿＿＿＿＿＿＿
＿＿＿＿＿＿＿＿＿＿
＿＿＿＿＿＿＿＿＿＿
＿＿＿＿＿＿＿＿＿＿
＿＿＿＿＿＿＿＿＿＿
＿＿＿＿＿■□□＿＿
＿＿＿＿＿■□□＿＿
□□＿＿□■□□□＿
□□□□□■□□□＿
□□□□□□□□＿＿
□□□□□□□□□＿
＿□□□□□□□□□
□□＿□□□□□□□
□＿□□□□□□□□
□＿□□□□□□□□
□□□□□□□□□＿
□□＿□□□□□□□
□＿□□□□□□＿□
□＿□□□□□□□□
01:03:21(114049f):field(114048f)
＿＿＿＿＿＿＿＿＿＿
＿＿＿＿＿＿＿＿＿＿
＿＿＿＿＿＿＿＿＿＿
＿＿＿＿＿＿＿＿＿＿
＿＿＿＿＿＿＿＿＿＿
＿＿＿＿＿＿＿＿＿＿
＿＿＿＿＿□□□＿＿
＿＿■■＿□□□＿＿
□□■■□□□□□＿
□□□□□□□□□＿
□□□□□□□□＿＿
□□□□□□□□□＿
＿□□□□□□□□□
□□＿□□□□□□□
□＿□□□□□□□□
□＿□□□□□□□□
□□□□□□□□□＿
□□＿□□□□□□□
□＿□□□□□□＿□
□＿□□□□□□□□
01:03:22(114063f):field(114062f)
＿＿＿＿＿＿＿＿＿＿
＿＿＿＿＿＿＿＿＿＿
＿＿＿＿＿＿＿＿＿＿
＿＿＿＿＿＿＿＿＿＿
＿＿＿＿＿＿＿＿＿＿
＿＿■＿＿＿＿＿＿＿
＿■■＿＿□□□＿＿
＿■□□＿□□□＿＿
□□□□□□□□□＿
□□□□□□□□□＿
□□□□□□□□＿＿
□□□□□□□□□＿
＿□□□□□□□□□
□□＿□□□□□□□
□＿□□□□□□□□
□＿□□□□□□□□
□□□□□□□□□＿
□□＿□□□□□□□
□＿□□□□□□＿□
□＿□□□□□□□□
01:03:22(114084f):field(114083f)
＿＿＿＿＿＿＿＿＿＿
＿＿＿＿＿＿＿＿＿＿
＿＿＿＿＿＿＿＿＿＿
＿＿＿＿＿＿＿＿＿＿
＿＿＿＿＿＿＿＿＿＿
＿＿◆＿＿＿＿＿＿＿
＿◆◆＿■◆◆◆＿＿
＿◆□◆＿□◆◆＿＿
◆□□□◆□□□□＿
◆□□□◆□□□□■
□□□□□□□□＿＿
□□□□□□□□□＿
＿□□□□□□□□□
□□＿□□□□□□□
□＿□□□□□□□□
□＿□□□□□□□□
□□□□□□□□□＿
□□＿□□□□□□□
□＿□□□□□□＿□
□＿□□□□□□□□
01:03:23(114098f):field(114097f)
＿＿＿＿＿＿＿＿＿＿
＿＿＿＿＿＿＿＿＿＿
＿＿＿＿＿＿＿＿＿＿
＿＿＿＿＿＿＿＿＿＿
＿＿＿＿＿＿＿＿＿＿
＿＿＿＿＿＿＿＿＿＿
＿＿＿＿◆＿＿＿＿■
＿＿□＿＿◆＿＿＿■
＿□□◆＿□□□□■
＿□□□＿□□□□□
□□□□□□□□＿＿
□□□□□□□□□＿
＿□□□□□□□□□
□□＿□□□□□□□
□＿□□□□□□□□
□＿□□□□□□□□
□□□□□□□□□＿
□□＿□□□□□□□
□＿□□□□□□＿□
□＿□□□□□□□□
01:03:23(114110f):field(114109f)
＿＿＿＿＿＿＿＿＿＿
＿＿＿＿＿＿＿＿＿＿
＿＿＿＿＿＿＿＿＿＿
＿＿＿＿＿＿＿＿＿＿
＿＿＿＿＿＿＿＿＿＿
＿＿＿＿＿＿＿＿＿＿
＿＿＿＿■＿＿＿＿□
＿＿□＿■＿＿＿＿□
＿□□＿■□□□□□
＿□□□■□□□□□
□□□□□□□□＿＿
□□□□□□□□□＿
＿□□□□□□□□□
□□＿□□□□□□□
□＿□□□□□□□□
□＿□□□□□□□□
□□□□□□□□□＿
□□＿□□□□□□□
□＿□□□□□□＿□
□＿□□□□□□□□
01:03:24(114128f):field(114127f)
＿＿＿＿＿＿＿＿＿＿
＿＿＿＿＿＿＿＿＿＿
＿＿＿＿＿＿＿＿＿＿
＿＿＿＿＿＿＿＿＿＿
＿＿＿＿■＿＿＿＿＿
＿＿＿＿■■＿＿＿＿
＿＿＿＿□■＿＿＿□
＿＿□＿□＿＿＿＿□
＿□□＿□□□□□□
＿□□□□□□□□□
□□□□□□□□＿＿
□□□□□□□□□＿
＿□□□□□□□□□
□□＿□□□□□□□
□＿□□□□□□□□
□＿□□□□□□□□
□□□□□□□□□＿
□□＿□□□□□□□
□＿□□□□□□＿□
□＿□□□□□□□□
01:03:24(114142f):field(114141f)
＿＿＿＿＿＿＿＿＿＿
＿＿＿＿＿＿＿＿＿＿
＿＿＿＿＿＿＿＿＿＿
＿＿＿＿＿＿＿＿＿＿
＿＿＿＿□＿＿＿＿＿
＿＿＿＿□□＿＿＿＿
＿■＿＿□□＿＿＿□
■■□＿□＿＿＿＿□
■□□＿□□□□□□
＿□□□□□□□□□
□□□□□□□□＿＿
□□□□□□□□□＿
＿□□□□□□□□□
□□＿□□□□□□□
□＿□□□□□□□□
□＿□□□□□□□□
□□□□□□□□□＿
□□＿□□□□□□□
□＿□□□□□□＿□
□＿□□□□□□□□
01:03:25(114174f):field(114173f)
＿＿＿＿＿＿＿＿＿＿
＿＿＿＿＿＿＿＿＿＿
＿＿＿＿＿＿＿＿＿＿
＿＿＿＿＿＿＿＿＿＿
＿＿＿＿□＿＿＿＿＿
＿＿＿＿□□■■＿＿
＿□＿＿□□■■■□
□□□＿□＿■■■□
□□□＿□□□□□□
＿□□□□□□□□□
□□□□□□□□＿＿
□□□□□□□□□＿
＿□□□□□□□□□
□□＿□□□□□□□
□＿□□□□□□□□
□＿□□□□□□□□
□□□□□□□□□＿
□□＿□□□□□□□
□＿□□□□□□＿□
□＿□□□□□□□□
01:03:26(114189f):field(114188f)
＿＿＿＿＿＿＿＿＿＿
＿＿＿＿＿＿＿＿＿＿
＿＿＿＿＿＿＿＿＿＿
＿＿＿＿＿＿＿＿＿■
＿＿＿＿□＿＿＿＿■
＿＿＿＿□□□□■■
＿□＿＿□□□□□□
□□□＿□＿□□□□
□□□＿□□□□□□
＿□□□□□□□□□
□□□□□□□□＿＿
□□□□□□□□□＿
＿□□□□□□□□□
□□＿□□□□□□□
□＿□□□□□□□□
□＿□□□□□□□□
□□□□□□□□□＿
□□＿□□□□□□□
□＿□□□□□□＿□
□＿□□□□□□□□
01:03:26(114201f):field(114200f)
＿＿＿＿＿＿＿＿＿＿
＿＿＿＿＿＿＿＿＿＿
＿＿＿＿＿＿＿＿＿＿
＿＿＿＿＿＿＿＿＿□
＿＿＿＿□＿＿＿＿□
＿＿■＿□□□□□□
＿□■■□□□□□□
□□□■□＿□□□□
□□□＿□□□□□□
＿□□□□□□□□□
□□□□□□□□＿＿
□□□□□□□□□＿
＿□□□□□□□□□
□□＿□□□□□□□
□＿□□□□□□□□
□＿□□□□□□□□
□□□□□□□□□＿
□□＿□□□□□□□
□＿□□□□□□＿□
□＿□□□□□□□□
01:03:27(114221f):field(114220f)
＿＿＿＿＿＿＿＿＿＿
＿＿＿＿＿＿＿＿＿＿
＿＿＿＿＿＿＿＿＿＿
＿＿＿＿＿＿＿＿＿◆
＿＿＿＿◆＿＿＿■□
＿■◆＿□◆□◆◆□
■□□◆□□□□□□
□□□□□＿□□□□
□□□＿□□□□□□
＿□□□□□□□□□
□□□□□□□□＿＿
□□□□□□□□□＿
＿□□□□□□□□□
□□＿□□□□□□□
□＿□□□□□□□□
□＿□□□□□□□□
□□□□□□□□□＿
□□＿□□□□□□□
□＿□□□□□□＿□
□＿□□□□□□□□
01:03:27(114233f):field(114232f)
＿＿＿＿＿＿＿＿＿＿
＿＿＿＿＿＿＿＿＿＿
＿＿＿＿＿＿＿＿＿＿
＿＿＿＿＿＿＿＿＿＿
＿＿＿＿＿＿＿■□□
＿□＿＿□＿◆■■□
□□□＿□□□□□□
□□□□□＿□□□□
□□□＿□□□□□□
＿□□□□□□□□□
□□□□□□□□＿＿
□□□□□□□□□＿
＿□□□□□□□□□
□□＿□□□□□□□
□＿□□□□□□□□
□＿□□□□□□□□
□□□□□□□□□＿
□□＿□□□□□□□
□＿□□□□□□＿□
□＿□□□□□□□□
01:03:28(114247f):field(114246f)
＿＿＿＿＿＿＿＿＿＿
＿＿＿＿＿＿＿＿＿＿
＿＿＿＿＿■＿＿＿＿
＿＿＿＿＿■＿＿＿＿
＿＿＿＿＿■＿□□□
＿□＿＿□■＿□□□
□□□＿□□□□□□
□□□□□＿□□□□
□□□＿□□□□□□
＿□□□□□□□□□
□□□□□□□□＿＿
□□□□□□□□□＿
＿□□□□□□□□□
□□＿□□□□□□□
□＿□□□□□□□□
□＿□□□□□□□□
□□□□□□□□□＿
□□＿□□□□□□□
□＿□□□□□□＿□
□＿□□□□□□□□
01:03:28(114264f):field(114263f)
＿＿＿＿＿＿＿＿＿＿
＿＿＿＿＿＿＿＿＿＿
＿＿＿＿＿□＿＿＿＿
＿＿＿＿＿□■■＿＿
＿＿＿＿＿□■□□□
＿□＿＿□□■□□□
□□□＿□□□□□□
□□□□□＿□□□□
□□□＿□□□□□□
＿□□□□□□□□□
□□□□□□□□＿＿
□□□□□□□□□＿
＿□□□□□□□□□
□□＿□□□□□□□
□＿□□□□□□□□
□＿□□□□□□□□
□□□□□□□□□＿
□□＿□□□□□□□
□＿□□□□□□＿□
□＿□□□□□□□□
01:03:29(114280f):field(114279f)
＿＿＿＿＿＿＿＿＿＿
＿＿＿＿＿＿＿＿＿＿
＿＿＿＿＿◆＿＿＿＿
＿＿＿＿＿□◆◆＿＿
＿＿＿＿＿□□□◆◆
＿◆■＿◆□□□□□
◆□□■□□□□□□
□□□□□＿□□□□
□□□＿□□□□□□
＿□□□□□□□□□
□□□□□□□□＿＿
□□□□□□□□□＿
＿□□□□□□□□□
□□＿□□□□□□□
□＿□□□□□□□□
□＿□□□□□□□□
□□□□□□□□□＿
□□＿□□□□□□□
□＿□□□□□□＿□
□＿□□□□□□□□
01:03:29(114293f):field(114292f)
＿＿＿＿＿＿＿＿＿＿
＿＿＿＿＿＿＿＿＿＿
＿＿＿＿＿＿＿＿＿＿
＿＿＿＿＿□＿＿＿＿
＿＿■■＿□□□＿＿
＿＿□■■□□□□□
＿□□□□□□□□□
□□□□□＿□□□□
□□□＿□□□□□□
＿□□□□□□□□□
□□□□□□□□＿＿
□□□□□□□□□＿
＿□□□□□□□□□
□□＿□□□□□□□
□＿□□□□□□□□
□＿□□□□□□□□
□□□□□□□□□＿
□□＿□□□□□□□
□＿□□□□□□＿□
□＿□□□□□□□□
01:03:30(114305f):field(114304f)
＿＿＿＿＿＿＿＿＿＿
＿＿＿＿＿＿＿＿＿＿
＿＿＿＿＿＿＿＿＿＿
＿＿＿＿＿◆＿＿＿＿
＿＿□◆■◆◆◆＿＿
■■◆□◆□◆◆◆□
■◆□□◆□□□◆◆
□□□□□＿□□□□
□□□＿□□□□□□
＿□□□□□□□□□
□□□□□□□□＿＿
□□□□□□□□□＿
＿□□□□□□□□□
□□＿□□□□□□□
□＿□□□□□□□□
□＿□□□□□□□□
□□□□□□□□□＿
□□＿□□□□□□□
□＿□□□□□□＿□
□＿□□□□□□□□
01:03:30(114321f):field(114320f)
＿＿＿＿＿＿＿＿＿＿
＿＿＿＿＿＿＿＿＿＿
＿＿＿＿＿＿＿＿＿＿
＿＿＿＿＿＿＿＿＿＿
＿＿◆＿◆＿＿＿＿＿
◆◆＿◆＿□＿＿■□
□＿□□＿□□□■■
□□□□□＿□□□□
□□□＿□□□□□□
＿□□□□□□□□□
□□□□□□□□＿＿
□□□□□□□□□＿
＿□□□□□□□□□
□□＿□□□□□□□
□＿□□□□□□□□
□＿□□□□□□□□
□□□□□□□□□＿
□□＿□□□□□□□
□＿□□□□□□＿□
□＿□□□□□□□□
01:03:31(114333f):field(114332f)
＿＿＿＿＿＿＿＿＿＿
＿＿＿＿＿＿＿＿＿＿
＿＿＿＿＿＿＿＿＿＿
＿＿＿＿■＿＿＿＿＿
＿＿＿＿■＿＿＿＿＿
＿＿＿＿■□＿＿□□
□＿□□■□□□□□
□□□□□＿□□□□
□□□＿□□□□□□
＿□□□□□□□□□
□□□□□□□□＿＿
□□□□□□□□□＿
＿□□□□□□□□□
□□＿□□□□□□□
□＿□□□□□□□□
□＿□□□□□□□□
□□□□□□□□□＿
□□＿□□□□□□□
□＿□□□□□□＿□
□＿□□□□□□□□
01:03:31(114347f):field(114346f)
＿＿＿＿＿＿＿＿＿＿
＿＿＿＿＿＿＿＿＿＿
＿＿＿＿＿＿＿＿＿＿
＿＿＿＿◆＿＿＿＿＿
＿＿＿＿□＿＿＿＿＿
■■■＿□◆＿＿◆◆
□■◆◆□□◆◆□□
□□□□□■□□□□
□□□＿□□□□□□
＿□□□□□□□□□
□□□□□□□□＿＿
□□□□□□□□□＿
＿□□□□□□□□□
□□＿□□□□□□□
□＿□□□□□□□□
□＿□□□□□□□□
□□□□□□□□□＿
□□＿□□□□□□□
□＿□□□□□□＿□
□＿□□□□□□□□
01:03:32(114362f):field(114361f)
＿＿＿＿＿＿＿＿＿＿
＿＿＿＿＿＿＿＿＿＿
＿＿＿＿＿＿＿＿＿＿
＿＿＿＿＿＿＿＿＿＿
＿＿＿＿□＿＿＿＿＿
□□□＿□＿＿＿＿＿
□□■■□□＿＿□□
□□□□□◆□□□□
□□□＿□□□□□□
＿□□□□□□□□□
□□□□□□□□＿＿
□□□□□□□□□＿
＿□□□□□□□□□
□□＿□□□□□□□
□＿□□□□□□□□
□＿□□□□□□□□
□□□□□□□□□＿
□□＿□□□□□□□
□＿□□□□□□＿□
□＿□□□□□□□□
01:03:32(114375f):field(114374f)
＿＿＿＿＿＿＿＿＿＿
＿＿＿＿＿＿＿＿＿＿
＿＿＿＿＿＿＿＿＿＿
＿＿＿■＿＿＿＿＿＿
＿＿■■□＿＿＿＿＿
□□□■□＿＿＿＿＿
□□□□□□＿＿□□
□□□□□＿□□□□
□□□＿□□□□□□
＿□□□□□□□□□
□□□□□□□□＿＿
□□□□□□□□□＿
＿□□□□□□□□□
□□＿□□□□□□□
□＿□□□□□□□□
□＿□□□□□□□□
□□□□□□□□□＿
□□＿□□□□□□□
□＿□□□□□□＿□
□＿□□□□□□□□
01:03:32(114387f):field(114386f)
＿＿＿＿＿＿＿＿＿＿
＿＿＿＿＿＿＿＿＿＿
＿＿＿＿＿＿＿＿＿＿
＿＿＿◆＿＿＿＿＿＿
＿＿◆□◆＿＿＿＿＿
◆□□□□＿■＿＿■
□□□□□◆■■□◆
□□□□□＿□□□□
□□□■□□□□□□
＿□□□□□□□□□
□□□□□□□□＿＿
□□□□□□□□□＿
＿□□□□□□□□□
□□＿□□□□□□□
□＿□□□□□□□□
□＿□□□□□□□□
□□□□□□□□□＿
□□＿□□□□□□□
□＿□□□□□□＿□
□＿□□□□□□□□
01:03:33(114398f):field(114397f)
＿＿＿＿＿＿＿＿＿＿
＿＿＿＿＿＿＿＿＿＿
＿＿＿＿＿＿＿＿＿＿
＿＿＿＿＿＿＿＿＿＿
＿＿＿◆＿＿＿＿＿＿
＿◆◆□◆■◆＿＿◆
◆◆□□□■□◆◆＿
□□□□□■□□◆◆
□□□◆□□□□□□
■□□□□□□□□□
□□□□□□□□＿＿
□□□□□□□□□＿
＿□□□□□□□□□
□□＿□□□□□□□
□＿□□□□□□□□
□＿□□□□□□□□
□□□□□□□□□＿
□□＿□□□□□□□
□＿□□□□□□＿□
□＿□□□□□□□□
01:03:33(114413f):field(114412f)
＿＿＿＿＿＿＿＿＿＿
＿＿＿＿＿＿＿＿＿＿
＿＿＿＿＿＿＿＿＿＿
＿＿＿＿＿＿＿＿＿＿
＿＿＿＿＿＿＿＿＿＿
＿■■□＿□＿＿＿＿
■■□□□□◆＿＿＿
□□□□□□□□＿＿
□□□＿□□□□□□
◆□□□□□□□□□
□□□□□□□□＿＿
□□□□□□□□□＿
＿□□□□□□□□□
□□＿□□□□□□□
□＿□□□□□□□□
□＿□□□□□□□□
□□□□□□□□□＿
□□＿□□□□□□□
□＿□□□□□□＿□
□＿□□□□□□□□
01:03:34(114425f):field(114424f)
＿＿＿＿＿＿＿＿＿＿
＿＿＿＿＿＿＿＿＿＿
＿＿＿＿＿＿＿＿＿＿
＿＿＿＿＿■＿＿＿＿
＿＿＿＿■■＿＿＿＿
＿□□□■□＿＿＿＿
□□□□□□＿＿＿＿
□□□□□□□□＿＿
□□□＿□□□□□□
＿□□□□□□□□□
□□□□□□□□＿＿
□□□□□□□□□＿
＿□□□□□□□□□
□□＿□□□□□□□
□＿□□□□□□□□
□＿□□□□□□□□
□□□□□□□□□＿
□□＿□□□□□□□
□＿□□□□□□＿□
□＿□□□□□□□□
01:03:34(114439f):field(114438f)
＿＿＿＿＿＿＿＿＿＿
＿＿＿＿＿＿＿＿＿＿
＿＿＿＿＿＿＿＿＿＿
＿＿＿＿＿□＿＿＿＿
■■■＿□□＿＿＿＿
■□□□□□＿＿＿＿
□□□□□□＿＿＿＿
□□□□□□□□＿＿
□□□＿□□□□□□
＿□□□□□□□□□
□□□□□□□□＿＿
□□□□□□□□□＿
＿□□□□□□□□□
□□＿□□□□□□□
□＿□□□□□□□□
□＿□□□□□□□□
□□□□□□□□□＿
□□＿□□□□□□□
□＿□□□□□□＿□
□＿□□□□□□□□
01:03:35(114453f):field(114452f)
＿＿＿＿＿＿＿＿＿＿
＿＿＿＿＿＿＿＿＿＿
＿＿＿＿＿＿＿＿＿＿
＿＿＿＿＿□＿＿＿＿
□□□＿□□＿＿＿＿
□□□□□□＿＿＿＿
□□□□□□■■■＿
□□□□□□□□■＿
□□□＿□□□□□□
＿□□□□□□□□□
□□□□□□□□＿＿
□□□□□□□□□＿
＿□□□□□□□□□
□□＿□□□□□□□
□＿□□□□□□□□
□＿□□□□□□□□
□□□□□□□□□＿
□□＿□□□□□□□
□＿□□□□□□＿□
□＿□□□□□□□□
01:03:35(114465f):field(114464f)
＿＿＿＿＿＿＿＿＿＿
＿＿＿＿＿＿＿＿＿＿
＿＿＿＿＿＿＿＿＿＿
＿＿＿＿＿◆＿＿＿＿
◆◆◆＿◆◆＿＿＿＿
◆□◆◆◆□＿＿＿＿
□□□◆□□□□□■
□□□□□□◆□◆■
□□□＿□□□□□□
＿□□□□□□□□□
□□□□□□□□＿＿
□□□□□□□□□＿
＿□□□□□□□□□
□□＿□□□□□□□
□＿□□□□□□□□
□＿□□□□□□□□
□□□□□□□□□＿
□□＿□□□□□□□
□＿□□□□□□＿□
□＿□□□□□□□□
01:03:35(114477f):field(114476f)
＿＿＿＿＿＿＿＿＿＿
＿＿＿＿＿＿＿＿＿＿
＿＿＿＿＿＿＿＿＿＿
＿＿＿＿＿＿＿＿＿＿
＿＿■＿＿＿＿＿＿＿
＿◆■■＿□＿＿＿＿
□□□■□□◆◆◆□
□□□□□□＿◆＿□
□□□＿□□□□□□
＿□□□□□□□□□
□□□□□□□□＿＿
□□□□□□□□□＿
＿□□□□□□□□□
□□＿□□□□□□□
□＿□□□□□□□□
□＿□□□□□□□□
□□□□□□□□□＿
□□＿□□□□□□□
□＿□□□□□□＿□
□＿□□□□□□□□
01:03:36(114490f):field(114489f)
＿＿＿＿＿＿＿＿＿＿
＿＿＿＿＿＿＿＿＿＿
＿＿＿＿＿＿＿＿＿＿
＿＿＿＿＿■＿＿＿＿
＿＿□＿■■＿＿＿＿
＿＿□□■□＿＿＿＿
□□□□□□＿＿＿□
□□□□□□＿＿＿□
□□□＿□□□□□□
＿□□□□□□□□□
□□□□□□□□＿＿
□□□□□□□□□＿
＿□□□□□□□□□
□□＿□□□□□□□
□＿□□□□□□□□
□＿□□□□□□□□
□□□□□□□□□＿
□□＿□□□□□□□
□＿□□□□□□＿□
□＿□□□□□□□□
01:03:36(114504f):field(114503f)
＿＿＿＿＿＿＿＿＿＿
＿＿＿＿＿＿＿＿＿＿
＿＿＿＿＿＿＿＿＿＿
＿＿＿＿＿□＿＿＿＿
■■□＿□□＿＿＿＿
■■□□□□＿＿＿＿
□□□□□□＿＿＿□
□□□□□□＿＿＿□
□□□＿□□□□□□
＿□□□□□□□□□
□□□□□□□□＿＿
□□□□□□□□□＿
＿□□□□□□□□□
□□＿□□□□□□□
□＿□□□□□□□□
□＿□□□□□□□□
□□□□□□□□□＿
□□＿□□□□□□□
□＿□□□□□□＿□
□＿□□□□□□□□
01:03:37(114516f):field(114515f)
＿＿＿＿＿＿＿＿＿＿
＿＿＿＿＿＿＿＿＿＿
＿＿＿＿＿＿＿＿＿＿
＿＿■■■□＿＿＿＿
□□□■□□＿＿＿＿
□□□□□□＿＿＿＿
□□□□□□＿＿＿□
□□□□□□＿＿＿□
□□□＿□□□□□□
＿□□□□□□□□□
□□□□□□□□＿＿
□□□□□□□□□＿
＿□□□□□□□□□
□□＿□□□□□□□
□＿□□□□□□□□
□＿□□□□□□□□
□□□□□□□□□＿
□□＿□□□□□□□
□＿□□□□□□＿□
□＿□□□□□□□□
01:03:37(114529f):field(114528f)
＿＿＿＿＿＿＿＿＿＿
＿＿＿＿＿＿＿＿＿＿
＿＿＿＿＿＿＿＿＿＿
＿＿◆◆◆◆＿＿＿＿
□◆□□□□＿＿■＿
□□□□□□■■＿■
□□□□□□＿＿■□
□□□□□□＿＿＿□
□□□＿□□□□□□
＿□□□□□□□□□
□□□□□□□□＿＿
□□□□□□□□□＿
＿□□□□□□□□□
□□＿□□□□□□□
□＿□□□□□□□□
□＿□□□□□□□□
□□□□□□□□□＿
□□＿□□□□□□□
□＿□□□□□□＿□
□＿□□□□□□□□
01:03:38(114542f):field(114541f)
＿＿＿＿＿＿＿＿＿＿
＿＿＿＿＿＿＿＿＿＿
＿＿＿＿＿＿＿＿＿＿
＿＿＿＿＿＿＿＿＿＿
◆＿◆◆◆◆＿＿◆＿
◆◆□□□□◆◆＿◆
□□□□□□＿＿◆◆
□□□□□□＿＿■□
□□□＿□□□□□□
■□□□□□□□□□
□□□□□□□□＿＿
□□□□□□□□□＿
＿□□□□□□□□□
□□＿□□□□□□□
□＿□□□□□□□□
□＿□□□□□□□□
□□□□□□□□□＿
□□＿□□□□□□□
□＿□□□□□□＿□
□＿□□□□□□□□
01:03:38(114558f):field(114557f)
＿＿＿＿＿＿＿＿＿＿
＿＿＿＿＿＿＿＿＿＿
＿＿＿＿＿＿＿＿＿＿
＿＿＿＿＿＿＿＿＿＿
＿＿＿＿＿＿＿＿＿■
＿＿□□□□＿＿＿■
□□□□□□＿＿■■
□□□□□□＿＿□□
□□□＿□□□□□□
◆□□□□□□□□□
□□□□□□□□＿＿
□□□□□□□□□＿
＿□□□□□□□□□
□□＿□□□□□□□
□＿□□□□□□□□
□＿□□□□□□□□
□□□□□□□□□＿
□□＿□□□□□□□
□＿□□□□□□＿□
□＿□□□□□□□□
01:03:39(114571f):field(114570f)
＿＿＿＿＿＿＿＿＿＿
＿＿＿＿＿＿＿＿＿＿
＿＿＿＿＿＿＿＿＿＿
＿＿＿＿＿＿＿＿＿＿
＿■■＿＿＿＿＿＿□
■■□□□□＿＿＿□
□□□□□□＿＿□□
□□□□□□＿＿□□
□□□＿□□□□□□
＿□□□□□□□□□
□□□□□□□□＿＿
□□□□□□□□□＿
＿□□□□□□□□□
□□＿□□□□□□□
□＿□□□□□□□□
□＿□□□□□□□□
□□□□□□□□□＿
□□＿□□□□□□□
□＿□□□□□□＿□
□＿□□□□□□□□
01:03:39(114584f):field(114583f)
＿＿＿＿＿＿＿＿＿＿
＿＿＿＿＿＿＿＿＿＿
＿＿＿＿＿＿＿＿＿＿
＿＿＿＿＿＿＿＿＿＿
＿◆◆＿＿＿＿＿＿◆
◆□□◆◆□＿＿＿□
□□□□□□■■◆□
□□□□□□■■□□
□□□＿□□□□□□
＿□□□□□□□□□
□□□□□□□□＿＿
□□□□□□□□□＿
＿□□□□□□□□□
□□＿□□□□□□□
□＿□□□□□□□□
□＿□□□□□□□□
□□□□□□□□□＿
□□＿□□□□□□□
□＿□□□□□□＿□
□＿□□□□□□□□
01:03:39(114597f):field(114596f)
＿＿＿＿＿＿＿＿＿＿
＿＿＿＿＿＿＿＿＿＿
＿＿＿＿＿＿＿＿＿＿
＿＿＿＿＿＿＿＿＿＿
＿＿＿＿＿＿＿＿＿＿
＿□□■■□■＿＿□
□□□□□□□◆＿□
□□□□□□□◆□□
□□□＿□□□□□□
＿□□□□□□□□□
□□□□□□□□＿＿
□□□□□□□□□＿
＿□□□□□□□□□
□□＿□□□□□□□
□＿□□□□□□□□
□＿□□□□□□□□
□□□□□□□□□＿
□□＿□□□□□□□
□＿□□□□□□＿□
□＿□□□□□□□□
01:03:40(114609f):field(114608f)
＿＿＿＿＿＿＿＿＿＿
＿＿＿＿＿＿＿＿＿＿
＿＿＿＿＿＿＿＿＿＿
＿＿＿＿＿＿＿＿＿＿
＿＿＿＿＿＿＿＿＿＿
＿◆◆□◆◆◆＿＿◆
◆□□□□□□■■□
□□□□□□□■□□
□□□＿□□□□□□
＿□□□□□□□□□
□□□□□□□□＿＿
□□□□□□□□□＿
＿□□□□□□□□□
□□＿□□□□□□□
□＿□□□□□□□□
□＿□□□□□□□□
□□□□□□□□□＿
□□＿□□□□□□□
□＿□□□□□□＿□
□＿□□□□□□□□
01:03:40(114622f):field(114621f)
＿＿＿＿＿＿＿＿＿＿
＿＿＿＿＿＿＿＿＿＿
＿＿＿＿＿＿＿＿＿＿
＿＿＿＿＿＿＿＿＿＿
＿＿＿＿＿＿＿＿＿＿
＿■＿◆＿■＿＿＿＿
■□◆◆□◆◆□◆◆
□□□□□□□□□□
□□□＿□□□□□□
＿□□□□□□□□□
□□□□□□□□＿＿
□□□□□□□□□＿
＿□□□□□□□□□
□□＿□□□□□□□
□＿□□□□□□□□
□＿□□□□□□□□
□□□□□□□□□＿
□□＿□□□□□□□
□＿□□□□□□＿□
□＿□□□□□□□□
01:03:41(114634f):field(114633f)
＿＿＿＿＿＿＿＿＿＿
＿＿＿＿＿＿＿＿＿＿
＿＿＿＿＿＿＿＿＿＿
＿＿＿＿＿＿＿＿＿＿
＿＿＿＿＿＿＿＿＿＿
＿◆＿＿＿◆＿＿＿＿
□□＿＿◆＿＿◆■＿
□□◆◆◆◆◆□□□
□□□＿□□□□□□
＿□□□□□□□□□
□□□□□□□□＿＿
□□□□□□□□□＿
＿□□□□□□□□□
□□＿□□□□□□□
□＿□□□□□□□□
□＿□□□□□□□□
□□□□□□□□□＿
□□＿□□□□□□□
□＿□□□□□□＿□
□＿□□□□□□□□
01:03:41(114647f):field(114646f)
＿＿＿＿＿＿＿＿＿＿
＿＿＿＿＿＿＿＿＿＿
＿＿＿＿＿＿＿＿＿＿
＿＿＿＿＿＿＿＿＿＿
＿＿＿＿＿＿＿＿＿＿
＿＿＿＿＿＿＿＿＿＿
◆◆＿＿＿＿＿＿◆＿
◆□＿＿＿■＿◆◆□
□□□■□◆◆□□□
■□□□□□□□□□
□□□□□□□□■＿
□□□□□□□□□＿
＿□□□□□□□□□
□□＿□□□□□□□
□＿□□□□□□□□
□＿□□□□□□□□
□□□□□□□□□＿
□□＿□□□□□□□
□＿□□□□□□＿□
□＿□□□□□□□□
01:03:41(114659f):field(114658f)
＿＿＿＿＿＿＿＿＿＿
＿＿＿＿＿＿＿＿＿＿
＿＿＿＿＿＿＿＿＿＿
＿＿＿＿＿＿＿＿＿＿
＿＿＿＿＿＿＿＿＿＿
＿＿＿＿＿＿＿＿＿＿
＿＿＿＿＿＿＿＿＿＿
＿◆＿＿＿□＿＿＿◆
◆□◆□□＿■□◆◆
◆□□□□□□□□□
□□□□□□□□◆■
□□□□□□□□□＿
＿□□□□□□□□□
□□＿□□□□□□□
□＿□□□□□□□□
□＿□□□□□□□□
□□□□□□□□□＿
□□＿□□□□□□□
□＿□□□□□□＿□
□＿□□□□□□□□
01:03:42(114672f):field(114671f)
＿＿＿＿＿＿＿＿＿＿
＿＿＿＿＿＿＿＿＿＿
＿＿＿＿＿＿＿＿＿＿
＿＿＿＿＿＿＿＿＿＿
＿＿＿＿＿＿＿＿＿＿
＿＿＿＿＿＿＿＿＿＿
＿＿＿＿＿＿＿＿＿＿
＿＿＿■■◆＿＿＿＿
＿□＿□□＿□□＿＿
＿□□□□□□□□□
□□□□□□□□＿◆
□□□□□□□□□＿
＿□□□□□□□□□
□□＿□□□□□□□
□＿□□□□□□□□
□＿□□□□□□□□
□□□□□□□□□＿
□□＿□□□□□□□
□＿□□□□□□＿□
□＿□□□□□□□□
01:03:42(114684f):field(114683f)
＿＿＿＿＿＿＿＿＿＿
＿＿＿＿＿＿＿＿＿＿
＿＿＿＿＿＿＿＿＿＿
＿＿＿＿＿＿＿＿＿＿
＿＿＿＿＿＿＿＿＿＿
＿＿＿＿＿＿＿＿＿＿
＿＿＿＿＿＿■＿＿＿
＿＿＿□□■■＿＿＿
＿□＿□□■□□＿＿
＿□□□□□□□□□
□□□□□□□□＿＿
□□□□□□□□□＿
＿□□□□□□□□□
□□＿□□□□□□□
□＿□□□□□□□□
□＿□□□□□□□□
□□□□□□□□□＿
□□＿□□□□□□□
□＿□□□□□□＿□
□＿□□□□□□□□
01:03:43(114700f):field(114699f)
＿＿＿＿＿＿＿＿＿＿
＿＿＿＿＿＿＿＿＿＿
＿＿＿＿＿＿＿＿＿＿
＿＿＿＿＿＿＿＿＿＿
＿＿＿＿＿＿＿＿＿＿
＿＿＿＿＿＿＿＿＿＿
＿＿＿＿＿＿◆＿＿＿
＿＿＿◆◆◆□＿＿＿
■□■□□□□◆＿＿
■□◆□□□□□◆□
□□□□□□□□＿＿
□□□□□□□□□＿
＿□□□□□□□□□
□□＿□□□□□□□
□＿□□□□□□□□
□＿□□□□□□□□
□□□□□□□□□＿
□□＿□□□□□□□
□＿□□□□□□＿□
□＿□□□□□□□□
01:03:43(114713f):field(114712f)
＿＿＿＿＿＿＿＿＿＿
＿＿＿＿＿＿＿＿＿＿
＿＿＿＿＿＿＿＿＿＿
＿＿＿＿＿＿＿＿＿＿
＿＿＿＿＿＿＿＿＿＿
＿＿＿＿＿＿＿＿＿＿
＿＿■＿＿＿＿＿＿＿
＿＿■＿＿＿□＿＿＿
□□□□□□□＿＿＿
□□■□□□□□＿◆
□□□□□□□□＿＿
□□□□□□□□□＿
＿□□□□□□□□□
□□＿□□□□□□□
□＿□□□□□□□□
□＿□□□□□□□□
□□□□□□□□□＿
□□＿□□□□□□□
□＿□□□□□□＿□
□＿□□□□□□□□
01:03:44(114726f):field(114725f)
＿＿＿＿＿＿＿＿＿＿
＿＿＿＿＿＿＿＿＿＿
＿＿＿＿＿＿＿＿＿＿
＿＿＿＿＿＿＿＿＿＿
＿＿＿＿＿＿＿＿＿＿
＿＿＿＿＿＿＿＿＿＿
＿＿□＿＿■＿＿＿＿
＿＿□■■■□＿＿＿
□□□□□□□＿＿＿
□□□□□□□□＿＿
□□□□□□□□＿＿
□□□□□□□□□＿
＿□□□□□□□□□
□□＿□□□□□□□
□＿□□□□□□□□
□＿□□□□□□□□
□□□□□□□□□＿
□□＿□□□□□□□
□＿□□□□□□＿□
□＿□□□□□□□□
01:03:44(114737f):field(114736f)
＿＿＿＿＿＿＿＿＿＿
＿＿＿＿＿＿＿＿＿＿
＿＿＿＿＿＿＿＿＿＿
＿＿＿＿＿＿＿＿＿＿
＿＿＿＿＿＿＿＿＿＿
＿＿＿＿■■＿＿＿＿
＿＿□■■□＿＿＿＿
＿＿□□□□□＿＿＿
□□□□□□□＿＿＿
□□□□□□□□＿＿
□□□□□□□□＿＿
□□□□□□□□□＿
＿□□□□□□□□□
□□＿□□□□□□□
□＿□□□□□□□□
□＿□□□□□□□□
□□□□□□□□□＿
□□＿□□□□□□□
□＿□□□□□□＿□
□＿□□□□□□□□
01:03:45(114751f):field(114750f)
＿＿＿＿＿＿＿＿＿＿
＿＿＿＿＿＿＿＿＿＿
＿＿＿＿＿＿＿＿＿＿
＿＿＿＿＿＿＿＿＿＿
＿＿＿＿＿＿＿＿＿＿
＿＿＿＿◆◆＿＿＿＿
＿＿◆◆◆◆＿＿＿＿
＿＿◆◆□□◆＿＿＿
◆◆□□□□◆＿＿＿
◆□□□□□□◆＿■
□□□□□□□□＿＿
□□□□□□□□◆■
■□□□□□□□□□
□□＿□□□□□□□
□＿□□□□□□□□
□＿□□□□□□□□
□□□□□□□□□＿
□□＿□□□□□□□
□＿□□□□□□＿□
□＿□□□□□□□□
01:03:45(114764f):field(114763f)
＿＿＿＿＿＿＿＿＿＿
＿＿＿＿＿＿＿＿＿＿
＿＿＿＿＿＿＿＿＿＿
＿＿＿＿＿＿＿＿＿＿
＿＿＿＿＿＿＿＿＿＿
＿＿＿＿＿＿＿＿＿＿
＿＿＿＿＿＿＿＿＿＿
＿＿＿＿◆◆＿＿＿＿
＿＿◆◆□□＿＿＿＿
＿◆□□□□◆＿＿◆
□◆□□□□□◆＿■
□□□□□□□◆■□
◆□□□□□□□□□
□□＿□□□□□□□
□＿□□□□□□□□
□＿□□□□□□□□
□□□□□□□□□＿
□□＿□□□□□□□
□＿□□□□□□＿□
□＿□□□□□□□□
01:03:45(114777f):field(114776f)
＿＿＿＿＿＿＿＿＿＿
＿＿＿＿＿＿＿＿＿＿
＿＿＿＿＿＿＿＿＿＿
＿＿＿＿＿＿＿＿＿＿
＿＿＿＿＿＿＿＿＿＿
＿＿＿＿＿＿＿＿＿＿
＿＿＿＿＿＿＿＿＿＿
＿＿＿＿＿＿＿＿＿＿
＿＿＿＿□□＿＿＿＿
■■□□□□＿＿＿＿
□■□□□□□＿＿□
□□□□□□□＿□□
＿□□□□□□□□□
□□＿□□□□□□□
□＿□□□□□□□□
□＿□□□□□□□□
□□□□□□□□□＿
□□＿□□□□□□□
□＿□□□□□□＿□
□＿□□□□□□□□
01:03:46(114789f):field(114788f)
＿＿＿＿＿＿＿＿＿＿
＿＿＿＿＿＿＿＿＿＿
＿＿＿＿＿＿＿＿＿＿
＿＿＿＿＿＿＿＿＿＿
＿＿＿＿＿＿＿＿＿＿
＿＿＿＿＿＿＿＿＿＿
＿＿＿＿＿＿＿＿＿＿
＿＿＿■■■＿＿＿＿
＿＿＿■□□＿＿＿＿
□□□□□□＿＿＿＿
□□□□□□□＿＿□
□□□□□□□＿□□
＿□□□□□□□□□
□□＿□□□□□□□
□＿□□□□□□□□
□＿□□□□□□□□
□□□□□□□□□＿
□□＿□□□□□□□
□＿□□□□□□＿□
□＿□□□□□□□□
01:03:46(114802f):field(114801f)
＿＿＿＿＿＿＿＿＿＿
＿＿＿＿＿＿＿＿＿＿
＿＿＿＿＿＿＿＿＿＿
＿＿＿＿＿＿＿＿＿＿
＿＿＿＿＿＿＿＿＿＿
＿＿＿＿＿＿＿＿＿＿
＿＿＿＿＿＿＿＿＿＿
＿＿＿◆◆◆＿＿＿＿
＿＿＿□□□＿＿＿＿
◆◆◆□□□＿＿■＿
□□□□□□◆＿■◆
□□□□□□□＿□□
＿□□□□□□□□□
□□＿□□□□□□□
□＿□□□□□□□□
□＿□□□□□□□□
□□□□□□□□□＿
□□＿□□□□□□□
□＿□□□□□□＿□
□＿□□□□□□□□
01:03:47(114828f):field(114827f)
＿＿＿＿＿＿＿＿＿＿
＿＿＿＿＿＿＿＿＿＿
＿＿＿＿＿＿＿＿＿＿
＿＿＿＿＿＿＿＿＿＿
＿＿＿＿＿＿＿＿＿＿
＿＿＿＿＿＿＿＿＿＿
＿＿＿＿■＿＿＿＿＿
＿＿＿■■■■＿＿＿
＿＿＿□□□■＿＿＿
＿＿＿□□□■＿□＿
□□□□□□■＿□＿
□□□□□□□＿□□
＿□□□□□□□□□
□□＿□□□□□□□
□＿□□□□□□□□
□＿□□□□□□□□
□□□□□□□□□＿
□□＿□□□□□□□
□＿□□□□□□＿□
□＿□□□□□□□□
01:03:48(114847f):field(114846f)
＿＿＿＿＿＿＿＿＿＿
＿＿＿＿＿＿＿＿＿＿
＿＿＿＿＿＿＿＿＿＿
＿＿＿＿＿＿＿＿＿＿
＿＿＿＿＿＿＿＿＿＿
＿＿＿＿＿＿＿＿＿＿
＿＿＿＿□＿＿＿＿＿
＿＿＿□□□□＿＿＿
＿■＿□□□□＿＿＿
■■■□□□□＿□＿
□□□□□□□＿□＿
□□□□□□□＿□□
＿□□□□□□□□□
□□＿□□□□□□□
□＿□□□□□□□□
□＿□□□□□□□□
□□□□□□□□□＿
□□＿□□□□□□□
□＿□□□□□□＿□
□＿□□□□□□□□
01:03:48(114861f):field(114860f)
＿＿＿＿＿＿＿＿＿＿
＿＿＿＿＿＿＿＿＿＿
＿＿＿＿＿＿＿＿＿＿
＿＿＿＿＿＿＿＿＿＿
＿＿＿＿■＿＿＿＿＿
＿＿＿＿■■＿＿＿＿
＿＿＿＿□■＿＿＿＿
＿＿＿□□□□＿＿＿
＿□＿□□□□＿＿＿
□□□□□□□＿□＿
□□□□□□□＿□＿
□□□□□□□＿□□
＿□□□□□□□□□
□□＿□□□□□□□
□＿□□□□□□□□
□＿□□□□□□□□
□□□□□□□□□＿
□□＿□□□□□□□
□＿□□□□□□＿□
□＿□□□□□□□□
01:03:49(114874f):field(114873f)
＿＿＿＿＿＿＿＿＿＿
＿＿＿＿＿＿＿＿＿＿
＿＿＿＿＿＿＿＿＿＿
＿＿＿＿＿＿＿＿＿＿
＿＿＿＿□＿＿＿＿＿
＿＿＿＿□□＿＿＿＿
＿■＿＿□□＿＿＿＿
■■＿□□□□＿＿＿
■□＿□□□□＿＿＿
□□□□□□□＿□＿
□□□□□□□＿□＿
□□□□□□□＿□□
＿□□□□□□□□□
□□＿□□□□□□□
□＿□□□□□□□□
□＿□□□□□□□□
□□□□□□□□□＿
□□＿□□□□□□□
□＿□□□□□□＿□
□＿□□□□□□□□
01:03:49(114889f):field(114888f)
＿＿＿＿＿＿＿＿＿＿
＿＿＿＿＿＿＿＿＿＿
＿＿＿＿＿＿＿＿＿＿
＿＿＿＿＿＿＿＿＿＿
＿＿＿＿□＿＿＿＿＿
＿＿＿＿□□＿＿＿＿
＿□＿＿□□＿＿＿＿
□□＿□□□□＿＿＿
□□＿□□□□＿■■
□□□□□□□＿□■
□□□□□□□＿□■
□□□□□□□＿□□
＿□□□□□□□□□
□□＿□□□□□□□
□＿□□□□□□□□
□＿□□□□□□□□
□□□□□□□□□＿
□□＿□□□□□□□
□＿□□□□□□＿□
□＿□□□□□□□□
01:03:50(114901f):field(114900f)
＿＿＿＿＿＿＿＿＿＿
＿＿＿＿＿＿＿＿＿＿
＿＿＿＿＿＿＿＿＿＿
＿＿＿＿＿＿＿＿＿＿
＿＿＿＿◆＿＿＿＿＿
＿＿＿＿◆◆＿＿＿＿
＿◆＿＿◆◆＿＿＿＿
◆◆＿◆□◆◆＿＿＿
□◆■◆□□◆＿◆◆
◆□◆□□□◆＿◆◆
□□□□□□□■◆◆
□□□□□□□■□□
■□□□□□□□□□
□□＿□□□□□□□
□＿□□□□□□□□
□＿□□□□□□□□
□□□□□□□□□＿
□□＿□□□□□□□
□＿□□□□□□＿□
□＿□□□□□□□□
01:03:50(114916f):field(114915f)
＿＿＿＿＿＿＿＿＿＿
＿＿＿＿＿＿＿＿＿＿
＿＿＿＿＿＿＿＿＿＿
＿＿＿＿＿＿＿＿＿＿
＿＿＿＿＿＿＿＿＿＿
＿＿＿＿＿＿＿＿＿＿
＿＿＿■■■＿＿＿＿
＿＿＿＿□■＿＿＿＿
◆＿◆＿□□＿＿＿＿
＿□＿◆□□＿＿＿＿
□□◆□□□□◆＿＿
□□◆□□□□□□□
◆□□□□□□□□□
□□＿□□□□□□□
□＿□□□□□□□□
□＿□□□□□□□□
□□□□□□□□□＿
□□＿□□□□□□□
□＿□□□□□□＿□
□＿□□□□□□□□
01:03:50(114929f):field(114928f)
＿＿＿＿＿＿＿＿＿＿
＿＿＿＿＿＿＿＿＿＿
＿＿＿＿＿＿＿＿＿＿
＿＿＿＿＿＿＿＿＿＿
＿＿＿＿＿＿＿＿＿＿
＿＿＿＿＿＿＿＿＿＿
＿＿＿□□□＿＿＿＿
＿＿＿＿□□＿＿＿＿
＿＿＿＿□□＿＿＿＿
＿□＿＿□□＿＿■■
□□＿□□□□＿■■
□□＿□□□□□□□
＿□□□□□□□□□
□□＿□□□□□□□
□＿□□□□□□□□
□＿□□□□□□□□
□□□□□□□□□＿
□□＿□□□□□□□
□＿□□□□□□＿□
□＿□□□□□□□□
01:03:51(114943f):field(114942f)
＿＿＿＿＿＿＿＿＿＿
＿＿＿＿＿＿＿＿＿＿
＿＿＿＿＿＿＿＿＿＿
＿＿＿＿＿＿＿＿＿＿
＿＿＿＿＿＿＿＿＿＿
＿＿＿＿＿＿＿＿＿＿
＿＿＿□□□＿＿＿＿
＿＿＿＿□□＿＿＿＿
＿＿＿＿□□＿■＿＿
＿□＿＿□□■■□□
□□＿□□□□■□□
□□＿□□□□□□□
＿□□□□□□□□□
□□＿□□□□□□□
□＿□□□□□□□□
□＿□□□□□□□□
□□□□□□□□□＿
□□＿□□□□□□□
□＿□□□□□□＿□
□＿□□□□□□□□
01:03:52(114968f):field(114967f)
＿＿＿＿＿＿＿＿＿＿
＿＿＿＿＿＿＿＿＿＿
＿＿＿＿＿＿＿＿＿＿
＿＿＿＿■■＿＿＿＿
＿＿＿■■■＿＿＿＿
＿＿＿■■■＿＿＿＿
＿＿＿□□□＿＿＿＿
＿＿＿＿□□＿＿＿＿
＿＿＿＿□□＿□＿＿
＿□＿＿□□□□□□
□□＿□□□□□□□
□□＿□□□□□□□
＿□□□□□□□□□
□□＿□□□□□□□
□＿□□□□□□□□
□＿□□□□□□□□
□□□□□□□□□＿
□□＿□□□□□□□
□＿□□□□□□＿□
□＿□□□□□□□□
01:03:52(114985f):field(114984f)
＿＿＿＿＿＿＿＿＿＿
＿＿＿＿＿＿＿＿＿＿
＿＿＿＿＿＿＿＿＿＿
＿＿＿＿□□＿＿＿＿
＿＿＿□□□＿＿＿＿
＿＿＿□□□＿＿＿＿
＿＿＿□□□＿■＿＿
＿＿＿＿□□＿■■＿
＿＿＿＿□□＿□■＿
＿□＿＿□□□□□□
□□＿□□□□□□□
□□＿□□□□□□□
＿□□□□□□□□□
□□＿□□□□□□□
□＿□□□□□□□□
□＿□□□□□□□□
□□□□□□□□□＿
□□＿□□□□□□□
□＿□□□□□□＿□
□＿□□□□□□□□
01:03:53(115008f):field(115007f)
＿＿＿＿＿＿＿＿＿＿
＿＿＿＿＿＿＿＿＿＿
＿＿＿＿＿＿＿＿＿＿
＿＿＿＿□□＿＿＿＿
＿＿＿□□□＿＿＿＿
＿＿＿□□□＿＿＿＿
＿＿＿□□□＿□＿＿
＿＿＿＿□□＿□□＿
＿■■■□□＿□□＿
＿□＿■□□□□□□
□□＿□□□□□□□
□□＿□□□□□□□
＿□□□□□□□□□
□□＿□□□□□□□
□＿□□□□□□□□
□＿□□□□□□□□
□□□□□□□□□＿
□□＿□□□□□□□
□＿□□□□□□＿□
□＿□□□□□□□□
01:03:54(115028f):field(115027f)
＿＿＿＿＿＿＿＿＿＿
＿＿＿＿＿＿＿＿＿＿
＿＿＿＿＿＿＿＿＿＿
＿＿＿＿□□＿＿＿＿
＿＿＿□□□＿＿＿＿
＿＿＿□□□＿＿＿＿
＿＿■□□□＿□＿＿
＿■■■□□＿□□＿
＿□□□□□＿□□＿
＿□＿□□□□□□□
□□＿□□□□□□□
□□＿□□□□□□□
＿□□□□□□□□□
□□＿□□□□□□□
□＿□□□□□□□□
□＿□□□□□□□□
□□□□□□□□□＿
□□＿□□□□□□□
□＿□□□□□□＿□
□＿□□□□□□□□
01:03:54(115041f):field(115040f)
＿＿＿＿＿＿＿＿＿＿
＿＿＿＿＿＿＿＿＿＿
＿＿＿＿＿＿＿＿＿＿
＿＿＿＿□□＿＿＿＿
＿＿■□□□＿＿＿＿
＿■■□□□＿＿＿＿
＿■□□□□＿□＿＿
＿□□□□□＿□□＿
＿□□□□□＿□□＿
＿□＿□□□□□□□
□□＿□□□□□□□
□□＿□□□□□□□
＿□□□□□□□□□
□□＿□□□□□□□
□＿□□□□□□□□
□＿□□□□□□□□
□□□□□□□□□＿
□□＿□□□□□□□
□＿□□□□□□＿□
□＿□□□□□□□□
01:03:55(115055f):field(115054f)
＿＿＿＿＿＿＿＿＿＿
＿＿＿＿＿＿＿＿＿＿
＿＿＿＿＿＿＿＿＿＿
＿＿＿＿□□＿＿＿＿
＿＿□□□□＿＿＿＿
＿□□□□□＿＿■■
＿□□□□□＿□■■
＿□□□□□＿□□＿
＿□□□□□＿□□＿
＿□＿□□□□□□□
□□＿□□□□□□□
□□＿□□□□□□□
＿□□□□□□□□□
□□＿□□□□□□□
□＿□□□□□□□□
□＿□□□□□□□□
□□□□□□□□□＿
□□＿□□□□□□□
□＿□□□□□□＿□
□＿□□□□□□□□
01:03:55(115069f):field(115068f)
＿＿＿＿＿＿＿＿＿＿
＿＿＿＿＿＿＿＿＿＿
＿＿＿＿＿＿＿＿＿＿
＿＿＿＿□□＿＿＿＿
＿＿□□□□＿＿＿＿
＿□□□□□＿＿□□
■□□□□□＿□□□
■□□□□□＿□□＿
■□□□□□＿□□＿
■□＿□□□□□□□
□□＿□□□□□□□
□□＿□□□□□□□
＿□□□□□□□□□
□□＿□□□□□□□
□＿□□□□□□□□
□＿□□□□□□□□
□□□□□□□□□＿
□□＿□□□□□□□
□＿□□□□□□＿□
□＿□□□□□□□□
01:03:56(115082f):field(115081f)
＿＿＿＿＿＿＿＿＿＿
＿＿＿＿＿＿＿＿＿＿
＿＿＿＿＿＿＿＿＿＿
＿＿＿＿◆◆＿＿＿＿
＿＿◆◆□□＿＿＿＿
＿□□□□□■＿◆□
◆□□□□□■□□□
□□□□□□■□□■
□□□□□□＿□□＿
□□＿□□□□□□□
□□＿□□□□□□□
□□＿□□□□□□□
＿□□□□□□□□□
□□＿□□□□□□□
□＿□□□□□□□□
□＿□□□□□□□□
□□□□□□□□□＿
□□＿□□□□□□□
□＿□□□□□□＿□
□＿□□□□□□□□
01:03:56(115095f):field(115094f)
＿＿＿＿＿＿＿＿＿＿
＿＿＿＿＿＿＿＿＿＿
＿＿＿＿＿＿＿＿＿＿
＿＿＿■■＿＿＿＿＿
＿＿■■□□＿＿＿＿
＿◆□□□□◆＿＿◆
＿□□□□□□□□□
□□□□□□□□□◆
□□□□□□＿□□＿
□□＿□□□□□□□
□□＿□□□□□□□
□□＿□□□□□□□
＿□□□□□□□□□
□□＿□□□□□□□
□＿□□□□□□□□
□＿□□□□□□□□
□□□□□□□□□＿
□□＿□□□□□□□
□＿□□□□□□＿□
□＿□□□□□□□□
01:03:56(115108f):field(115107f)
＿＿＿＿＿＿＿＿＿＿
＿＿＿＿＿＿＿＿＿＿
＿＿＿＿＿＿＿＿＿＿
＿＿＿◆◆＿＿＿＿＿
＿＿◆□□◆＿＿＿＿
■＿□□□□＿＿＿＿
■□□□□□□◆◆◆
□□□□□□□□□＿
□□□□□□＿□□■
□□＿□□□□□□□
□□＿□□□□□□□
□□＿□□□□□□□
＿□□□□□□□□□
□□＿□□□□□□□
□＿□□□□□□□□
□＿□□□□□□□□
□□□□□□□□□＿
□□＿□□□□□□□
□＿□□□□□□＿□
□＿□□□□□□□□
01:03:57(115121f):field(115120f)
＿＿＿＿＿＿＿＿＿＿
＿＿＿＿＿＿＿＿＿＿
＿＿＿＿＿＿＿＿＿＿
＿＿＿＿＿＿＿＿＿＿
＿＿＿◆◆＿＿＿＿＿
◆＿◆□□◆＿＿＿＿
□◆□□□□◆＿＿＿
□□□□□□◆◆□■
□□□□□□■□□□
□□＿□□□□□□□
□□＿□□□□□□□
□□＿□□□□□□□
＿□□□□□□□□□
□□＿□□□□□□□
□＿□□□□□□□□
□＿□□□□□□□□
□□□□□□□□□＿
□□＿□□□□□□□
□＿□□□□□□＿□
□＿□□□□□□□□
01:03:57(115133f):field(115132f)
＿＿＿＿＿＿＿＿＿＿
＿＿＿＿＿＿＿＿＿＿
＿＿＿＿＿＿＿＿＿＿
＿＿＿＿＿＿＿＿＿＿
＿＿＿＿＿＿＿＿＿＿
＿＿＿◆◆＿＿＿＿＿
◆＿◆□□◆＿＿＿＿
□◆□□□□■■◆□
□□□□□□◆□□□
□□■□□□□□□□
□□＿□□□□□□□
□□＿□□□□□□□
＿□□□□□□□□□
□□＿□□□□□□□
□＿□□□□□□□□
□＿□□□□□□□□
□□□□□□□□□＿
□□＿□□□□□□□
□＿□□□□□□＿□
□＿□□□□□□□□
01:03:58(115147f):field(115146f)
＿＿＿＿＿＿＿＿＿＿
＿＿＿＿＿＿＿＿＿＿
＿＿＿＿＿＿＿＿＿＿
＿＿＿＿＿＿＿＿＿＿
＿＿＿＿＿＿＿＿＿＿
＿＿＿＿■■＿＿＿＿
＿＿＿□□■■＿＿＿
□＿□□□□□□＿◆
□□□□□□＿□□□
□□◆□□□□□□□
□□＿□□□□□□□
□□＿□□□□□□□
＿□□□□□□□□□
□□＿□□□□□□□
□＿□□□□□□□□
□＿□□□□□□□□
□□□□□□□□□＿
□□＿□□□□□□□
□＿□□□□□□＿□
□＿□□□□□□□□
01:03:58(115161f):field(115160f)
＿＿＿＿＿＿＿＿＿＿
＿＿＿＿＿＿＿＿＿＿
＿＿＿＿＿＿＿＿＿＿
＿＿＿＿＿＿＿＿＿＿
＿＿＿＿＿＿＿＿＿■
＿＿＿＿□□＿＿＿■
＿＿＿□□□□＿＿■
□＿□□□□□□＿■
□□□□□□＿□□□
□□＿□□□□□□□
□□＿□□□□□□□
□□＿□□□□□□□
＿□□□□□□□□□
□□＿□□□□□□□
□＿□□□□□□□□
□＿□□□□□□□□
□□□□□□□□□＿
□□＿□□□□□□□
□＿□□□□□□＿□
□＿□□□□□□□□
01:03:59(115173f):field(115172f)
＿＿＿＿＿＿＿＿＿＿
＿＿＿＿＿＿＿＿＿＿
＿＿＿＿＿＿＿＿＿＿
＿＿＿＿＿＿＿＿＿＿
＿＿＿＿＿＿＿＿＿□
■＿＿＿□□＿＿＿□
■■＿□□□□＿＿□
□■□□□□□□＿□
□□□□□□＿□□□
□□＿□□□□□□□
□□＿□□□□□□□
□□＿□□□□□□□
＿□□□□□□□□□
□□＿□□□□□□□
□＿□□□□□□□□
□＿□□□□□□□□
□□□□□□□□□＿
□□＿□□□□□□□
□＿□□□□□□＿□
□＿□□□□□□□□
01:03:59(115185f):field(115184f)
＿＿＿＿＿＿＿＿＿＿
＿＿＿＿＿＿＿＿＿＿
＿＿＿＿＿＿＿＿＿＿
＿＿＿＿＿＿＿＿＿＿
＿＿＿＿■■■＿＿□
□＿＿＿□□■＿＿□
□□＿□□□□＿＿□
□□□□□□□□＿□
□□□□□□＿□□□
□□＿□□□□□□□
□□＿□□□□□□□
□□＿□□□□□□□
＿□□□□□□□□□
□□＿□□□□□□□
□＿□□□□□□□□
□＿□□□□□□□□
□□□□□□□□□＿
□□＿□□□□□□□
□＿□□□□□□＿□
□＿□□□□□□□□
01:03:59(115199f):field(115198f)
＿＿＿＿＿＿＿＿＿＿
＿＿＿＿＿＿＿＿＿＿
＿＿＿＿＿＿＿＿＿＿
＿＿＿＿＿＿＿＿＿＿
＿＿＿＿□□□＿＿□
□＿＿＿□□□■■□
□□＿□□□□■■□
□□□□□□□□＿□
□□□□□□＿□□□
□□＿□□□□□□□
□□＿□□□□□□□
□□＿□□□□□□□
＿□□□□□□□□□
□□＿□□□□□□□
□＿□□□□□□□□
□＿□□□□□□□□
□□□□□□□□□＿
□□＿□□□□□□□
□＿□□□□□□＿□
□＿□□□□□□□□
01:04:00(115211f):field(115210f)
＿＿＿＿＿＿＿＿＿＿
＿＿＿＿＿＿＿＿＿＿
＿＿＿＿＿＿＿＿＿＿
＿＿＿＿＿＿＿＿＿＿
＿＿＿＿□◆◆＿＿◆
◆＿■■◆□◆◆◆◆
□◆＿□□□□◆□□
□□□□□□□□■□
□□□□□□＿□□□
□□＿□□□□□□□
□□＿□□□□□□□
□□＿□□□□□□□
＿□□□□□□□□□
□□＿□□□□□□□
□＿□□□□□□□□
□＿□□□□□□□□
□□□□□□□□□＿
□□＿□□□□□□□
□＿□□□□□□＿□
□＿□□□□□□□□
01:04:00(115226f):field(115225f)
＿＿＿＿＿＿＿＿＿＿
＿＿＿＿＿＿＿＿＿＿
＿＿＿＿＿＿＿＿＿＿
＿＿＿＿＿＿＿＿＿＿
＿＿＿＿◆＿＿＿＿＿
＿＿◆◆＿◆＿＿＿＿
□■■□□□□＿◆□
□□□□□□□□◆□
□□□□□□＿□□□
□□＿□□□□□□□
□□＿□□□□□□□
□□＿□□□□□□□
＿□□□□□□□□□
□□＿□□□□□□□
□＿□□□□□□□□
□＿□□□□□□□□
□□□□□□□□□＿
□□＿□□□□□□□
□＿□□□□□□＿□
□＿□□□□□□□□
01:04:01(115237f):field(115236f)
＿＿＿＿＿＿＿＿＿＿
＿＿＿＿＿＿＿＿＿＿
＿＿＿＿＿＿＿＿＿＿
■＿＿＿＿＿＿＿＿＿
■＿＿＿＿＿＿＿＿＿
■■＿＿＿＿＿＿＿＿
□□□□□□□＿＿□
□□□□□□□□＿□
□□□□□□＿□□□
□□＿□□□□□□□
□□＿□□□□□□□
□□＿□□□□□□□
＿□□□□□□□□□
□□＿□□□□□□□
□＿□□□□□□□□
□＿□□□□□□□□
□□□□□□□□□＿
□□＿□□□□□□□
□＿□□□□□□＿□
□＿□□□□□□□□
01:04:01(115253f):field(115252f)
＿＿＿＿＿＿＿＿＿＿
＿＿＿＿＿＿＿＿＿＿
＿＿＿＿＿＿＿＿＿＿
◆＿＿＿＿＿＿＿＿＿
□＿＿＿＿＿＿＿＿＿
□◆＿＿＿＿＿＿＿＿
□□□◆◆◆◆＿■□
□□□□□□□◆■□
□□□□□□■□□□
□□■□□□□□□□
□□＿□□□□□□□
□□＿□□□□□□□
＿□□□□□□□□□
□□＿□□□□□□□
□＿□□□□□□□□
□＿□□□□□□□□
□□□□□□□□□＿
□□＿□□□□□□□
□＿□□□□□□＿□
□＿□□□□□□□□
01:04:02(115265f):field(115264f)
＿＿＿＿＿＿＿＿＿＿
＿＿＿＿＿＿＿＿＿＿
＿＿＿＿＿＿＿＿＿＿
＿＿＿＿＿＿＿＿＿＿
□■＿＿＿＿＿＿＿＿
□■■＿＿＿＿＿＿＿
□□□＿＿＿＿＿□□
□□□□□□□＿□□
□□□□□□◆□□□
□□◆□□□□□□□
□□＿□□□□□□□
□□＿□□□□□□□
＿□□□□□□□□□
□□＿□□□□□□□
□＿□□□□□□□□
□＿□□□□□□□□
□□□□□□□□□＿
□□＿□□□□□□□
□＿□□□□□□＿□
□＿□□□□□□□□
01:04:02(115278f):field(115277f)
＿＿＿＿＿＿＿＿＿＿
＿＿＿＿＿＿＿＿＿＿
＿＿＿＿＿＿＿＿＿＿
＿＿＿＿＿＿＿＿＿＿
□□＿＿■＿＿＿＿＿
□□□■■＿＿＿＿＿
□□□■＿＿＿＿□□
□□□□□□□＿□□
□□□□□□＿□□□
□□＿□□□□□□□
□□＿□□□□□□□
□□＿□□□□□□□
＿□□□□□□□□□
□□＿□□□□□□□
□＿□□□□□□□□
□＿□□□□□□□□
□□□□□□□□□＿
□□＿□□□□□□□
□＿□□□□□□＿□
□＿□□□□□□□□
01:04:03(115291f):field(115290f)
＿＿＿＿＿＿＿＿＿＿
＿＿＿＿＿＿＿＿＿＿
＿＿＿＿＿＿＿＿＿＿
＿＿＿＿＿＿＿＿＿＿
□□＿＿□＿＿＿＿＿
□□□□□■＿＿＿＿
□□□□■■■＿□□
□□□□□□□＿□□
□□□□□□＿□□□
□□＿□□□□□□□
□□＿□□□□□□□
□□＿□□□□□□□
＿□□□□□□□□□
□□＿□□□□□□□
□＿□□□□□□□□
□＿□□□□□□□□
□□□□□□□□□＿
□□＿□□□□□□□
□＿□□□□□□＿□
□＿□□□□□□□□
01:04:03(115303f):field(115302f)
＿＿＿＿＿＿＿＿＿＿
＿＿＿＿＿＿＿＿＿＿
＿＿＿＿＿＿＿＿＿＿
＿＿＿＿＿＿＿＿＿＿
◆◆＿＿◆＿＿＿＿＿
□◆□◆◆□■＿■＿
□□□□□□□■◆◆
□□□□□□◆■□□
□□□□□□■□□□
□□＿□□□□□□□
□□＿□□□□□□□
□□＿□□□□□□□
＿□□□□□□□□□
□□＿□□□□□□□
□＿□□□□□□□□
□＿□□□□□□□□
□□□□□□□□□＿
□□＿□□□□□□□
□＿□□□□□□＿□
□＿□□□□□□□□
01:04:03(115315f):field(115314f)
＿＿＿＿＿＿＿＿＿＿
＿＿＿＿＿＿＿＿＿＿
＿＿＿＿＿＿＿＿＿＿
＿＿＿＿＿＿＿＿＿＿
＿＿＿＿＿＿＿＿＿＿
◆＿◆＿＿◆◆＿◆＿
◆◆◆◆◆◆◆◆＿＿
□□◆◆□□■□◆◆
□□□□□□□□□◆
□□＿□□□□□□□
□□＿□□□□□□□
□□＿□□□□□□□
＿□□□□□□□□□
□□＿□□□□□□□
□＿□□□□□□□□
□＿□□□□□□□□
□□□□□□□□□＿
□□＿□□□□□□□
□＿□□□□□□＿□
□＿□□□□□□□□
01:04:04(115327f):field(115326f)
＿＿＿＿＿＿＿＿＿＿
＿＿＿＿＿＿＿＿＿＿
＿＿＿＿＿＿＿＿＿＿
＿＿＿＿＿＿＿＿＿＿
＿＿＿＿＿＿＿＿＿＿
＿＿＿＿＿＿＿＿＿＿
＿＿＿■■＿＿＿＿＿
□□■■□□□□＿＿
□□□□□□□□◆＿
□□＿□□□□□□□
□□＿□□□□□□□
□□＿□□□□□□□
＿□□□□□□□□□
□□＿□□□□□□□
□＿□□□□□□□□
□＿□□□□□□□□
□□□□□□□□□＿
□□＿□□□□□□□
□＿□□□□□□＿□
□＿□□□□□□□□
01:04:04(115341f):field(115340f)
＿＿＿＿＿＿＿＿＿＿
＿＿＿＿＿＿＿＿＿＿
＿＿＿＿＿＿＿＿＿＿
＿＿＿＿＿＿＿＿＿＿
＿＿＿＿＿＿＿＿＿＿
＿＿＿＿＿＿＿＿＿＿
■＿■◆◆＿＿＿＿＿
◆◆◆□□◆◆□＿＿
◆□□□□◆◆◆＿＿
□□＿□□□□□□□
□□＿□□□□□□□
□□＿□□□□□□□
＿□□□□□□□□□
□□＿□□□□□□□
□＿□□□□□□□□
□＿□□□□□□□□
□□□□□□□□□＿
□□＿□□□□□□□
□＿□□□□□□＿□
□＿□□□□□□□□
01:04:05(115355f):field(115354f)
＿＿＿＿＿＿＿＿＿＿
＿＿＿＿＿＿＿＿＿＿
＿＿＿＿＿＿＿＿＿＿
＿＿＿＿＿＿＿＿＿＿
＿＿＿＿＿＿＿＿＿＿
＿＿＿＿＿＿＿＿＿＿
◆＿◆＿＿＿＿＿＿■
＿＿＿◆◆＿＿◆＿■
＿◆◆□□＿＿＿■■
□□＿□□□□□□□
□□＿□□□□□□□
□□＿□□□□□□□
＿□□□□□□□□□
□□＿□□□□□□□
□＿□□□□□□□□
□＿□□□□□□□□
□□□□□□□□□＿
□□＿□□□□□□□
□＿□□□□□□＿□
□＿□□□□□□□□
01:04:05(115369f):field(115368f)
＿＿＿＿＿＿＿＿＿＿
＿＿＿＿＿＿＿＿＿＿
＿＿＿＿＿＿＿＿＿＿
＿＿＿＿＿＿＿＿＿＿
＿＿＿＿＿＿＿＿＿＿
＿＿＿＿＿＿＿＿＿＿
＿＿＿＿＿＿＿＿＿□
＿＿＿＿＿＿＿■■□
＿＿＿□□＿■■□□
□□＿□□□□□□□
□□＿□□□□□□□
□□＿□□□□□□□
＿□□□□□□□□□
□□＿□□□□□□□
□＿□□□□□□□□
□＿□□□□□□□□
□□□□□□□□□＿
□□＿□□□□□□□
□＿□□□□□□＿□
□＿□□□□□□□□
01:04:06(115383f):field(115382f)
＿＿＿＿＿＿＿＿＿＿
＿＿＿＿＿＿＿＿＿＿
＿＿＿＿＿＿＿＿＿＿
＿＿＿＿＿＿＿＿＿＿
＿＿＿＿＿＿＿＿＿＿
＿＿＿＿＿■＿＿＿＿
＿＿＿＿＿■＿＿＿□
＿＿＿＿＿■■□□□
＿＿＿□□＿□□□□
□□＿□□□□□□□
□□＿□□□□□□□
□□＿□□□□□□□
＿□□□□□□□□□
□□＿□□□□□□□
□＿□□□□□□□□
□＿□□□□□□□□
□□□□□□□□□＿
□□＿□□□□□□□
□＿□□□□□□＿□
□＿□□□□□□□□
01:04:06(115397f):field(115396f)
＿＿＿＿＿＿＿＿＿＿
＿＿＿＿＿＿＿＿＿＿
＿＿＿＿＿＿＿＿＿＿
＿＿＿＿＿＿＿＿＿＿
＿＿＿＿＿＿＿＿＿＿
＿＿＿＿■□＿＿＿＿
＿＿＿■■□＿＿＿□
＿＿＿＿■□□□□□
＿＿＿□□＿□□□□
□□＿□□□□□□□
□□＿□□□□□□□
□□＿□□□□□□□
＿□□□□□□□□□
□□＿□□□□□□□
□＿□□□□□□□□
□＿□□□□□□□□
□□□□□□□□□＿
□□＿□□□□□□□
□＿□□□□□□＿□
□＿□□□□□□□□
01:04:07(115410f):field(115409f)
＿＿＿＿＿＿＿＿＿＿
＿＿＿＿＿＿＿＿＿＿
＿＿＿＿＿＿＿＿＿＿
＿＿＿＿＿＿＿＿＿＿
＿＿＿＿＿＿＿＿＿■
＿＿＿＿□□＿＿■■
＿＿＿□□□＿＿■□
＿＿＿＿□□□□□□
＿＿＿□□＿□□□□
□□＿□□□□□□□
□□＿□□□□□□□
□□＿□□□□□□□
＿□□□□□□□□□
□□＿□□□□□□□
□＿□□□□□□□□
□＿□□□□□□□□
□□□□□□□□□＿
□□＿□□□□□□□
□＿□□□□□□＿□
□＿□□□□□□□□
01:04:07(115423f):field(115422f)
＿＿＿＿＿＿＿＿＿＿
＿＿＿＿＿＿＿＿＿＿
＿＿＿＿＿＿＿＿＿＿
＿＿＿＿＿＿＿＿＿＿
＿＿＿＿＿＿＿＿＿□
＿＿＿＿□□■■□□
＿＿＿□□□■■□□
＿＿＿＿□□□□□□
＿＿＿□□＿□□□□
□□＿□□□□□□□
□□＿□□□□□□□
□□＿□□□□□□□
＿□□□□□□□□□
□□＿□□□□□□□
□＿□□□□□□□□
□＿□□□□□□□□
□□□□□□□□□＿
□□＿□□□□□□□
□＿□□□□□□＿□
□＿□□□□□□□□
01:04:07(115436f):field(115435f)
＿＿＿＿＿＿＿＿＿＿
＿＿＿＿＿＿＿＿＿＿
＿＿＿＿＿＿＿＿＿＿
＿＿＿＿＿＿＿＿＿＿
＿＿＿＿＿＿＿＿＿◆
＿＿＿＿◆◆◆◆◆□
＿＿＿◆□□□□□□
＿＿＿■□□□□□□
＿＿＿◆□■□□□□
□□■□□□□□□□
□□■□□□□□□□
□□■□□□□□□□
＿□□□□□□□□□
□□＿□□□□□□□
□＿□□□□□□□□
□＿□□□□□□□□
□□□□□□□□□＿
□□＿□□□□□□□
□＿□□□□□□＿□
□＿□□□□□□□□
01:04:08(115450f):field(115449f)
＿＿＿＿＿＿＿＿＿＿
＿＿＿＿＿＿＿＿＿＿
＿＿＿＿＿＿＿＿＿＿
＿＿＿＿＿＿＿＿＿＿
＿＿＿＿＿＿＿＿＿＿
＿＿＿＿＿＿＿＿＿□
＿＿＿＿□□□□□□
＿■■□□□□□□□
■■＿＿□□□□□□
□□□□□◆□□□□
□□◆□□□□□□□
□□◆□□□□□□□
＿□□□□□□□□□
□□＿□□□□□□□
□＿□□□□□□□□
□＿□□□□□□□□
□□□□□□□□□＿
□□＿□□□□□□□
□＿□□□□□□＿□
□＿□□□□□□□□
01:04:08(115463f):field(115462f)
＿＿＿＿＿＿＿＿＿＿
＿＿＿＿＿＿＿＿＿＿
＿＿＿＿＿＿＿＿＿＿
＿＿＿＿＿＿＿＿＿＿
＿＿＿＿＿＿＿＿＿＿
＿＿＿＿＿＿＿＿＿◆
■＿■＿◆◆◆◆◆□
■□◆□□□□□□□
□□＿＿□□□□□□
□□□□□＿□□□□
□□＿□□□□□□□
□□＿□□□□□□□
＿□□□□□□□□□
□□＿□□□□□□□
□＿□□□□□□□□
□＿□□□□□□□□
□□□□□□□□□＿
□□＿□□□□□□□
□＿□□□□□□＿□
□＿□□□□□□□□
01:04:09(115475f):field(115474f)
＿＿＿＿＿＿＿＿＿＿
＿＿＿＿＿＿＿＿＿＿
＿＿＿＿＿＿＿＿＿＿
＿＿＿＿＿＿＿＿＿＿
＿＿＿＿＿＿＿＿＿＿
＿＿＿＿＿＿＿＿＿＿
□＿◆＿＿＿＿＿■◆
□◆＿□◆◆◆□◆□
□□■＿□□□□□□
□□□□□＿□□□□
□□＿□□□□□□□
□□＿□□□□□□□
＿□□□□□□□□□
□□＿□□□□□□□
□＿□□□□□□□□
□＿□□□□□□□□
□□□□□□□□□＿
□□＿□□□□□□□
□＿□□□□□□＿□
□＿□□□□□□□□
01:04:09(115489f):field(115488f)
＿＿＿＿＿＿＿＿＿＿
＿＿＿＿＿＿＿＿＿＿
＿＿＿＿＿＿＿＿＿＿
＿＿＿＿＿＿＿＿＿＿
＿＿＿＿＿＿＿＿＿＿
＿＿＿＿＿＿＿＿＿＿
◆＿＿＿＿＿＿＿◆＿
□＿＿□■■■□＿□
□□□＿□□□□□□
□□□□□＿□□□□
□□＿□□□□□□□
□□＿□□□□□□□
＿□□□□□□□□□
□□＿□□□□□□□
□＿□□□□□□□□
□＿□□□□□□□□
□□□□□□□□□＿
□□＿□□□□□□□
□＿□□□□□□＿□
□＿□□□□□□□□
01:04:10(115500f):field(115499f)
＿＿＿＿＿＿＿＿＿＿
＿＿＿＿＿＿＿＿＿＿
＿＿＿＿＿＿＿＿＿＿
＿＿＿＿＿＿＿＿＿＿
＿＿＿＿＿＿＿＿＿＿
＿＿＿＿＿＿＿＿＿＿
＿■■＿＿＿＿＿＿＿
□■■□□□□□＿□
□□□＿□□□□□□
□□□□□＿□□□□
□□＿□□□□□□□
□□＿□□□□□□□
＿□□□□□□□□□
□□＿□□□□□□□
□＿□□□□□□□□
□＿□□□□□□□□
□□□□□□□□□＿
□□＿□□□□□□□
□＿□□□□□□＿□
□＿□□□□□□□□
01:04:10(115512f):field(115511f)
＿＿＿＿＿＿＿＿＿＿
＿＿＿＿＿＿＿＿＿＿
＿＿＿＿＿＿＿＿＿＿
＿＿＿＿＿＿＿＿＿＿
＿＿＿＿＿＿＿＿＿＿
＿＿＿＿＿＿＿＿＿＿
■◆□＿＿＿＿＿＿＿
◆□□◆□◆□□■□
□□□＿□□□□□□
□□□□□■□□□□
□□＿□□□□□□□
□□＿□□□□□□□
＿□□□□□□□□□
□□＿□□□□□□□
□＿□□□□□□□□
□＿□□□□□□□□
□□□□□□□□□＿
□□＿□□□□□□□
□＿□□□□□□＿□
□＿□□□□□□□□
01:04:10(115525f):field(115524f)
＿＿＿＿＿＿＿＿＿＿
＿＿＿＿＿＿＿＿＿＿
＿＿＿＿＿＿＿＿＿＿
＿＿＿＿＿＿＿＿＿＿
＿＿＿＿＿＿＿＿＿＿
＿＿＿＿＿＿＿＿＿＿
◆＿◆＿＿■■＿＿＿
＿□□＿□■□□□◆
□□□＿□□□□□□
□□□□□◆□□□□
□□＿□□□□□□□
□□＿□□□□□□□
＿□□□□□□□□□
□□＿□□□□□□□
□＿□□□□□□□□
□＿□□□□□□□□
□□□□□□□□□＿
□□＿□□□□□□□
□＿□□□□□□＿□
□＿□□□□□□□□
01:04:11(115538f):field(115537f)
＿＿＿＿＿＿＿＿＿＿
＿＿＿＿＿＿＿＿＿＿
＿＿＿＿＿＿＿＿＿＿
＿＿＿＿＿＿＿＿＿＿
＿＿＿＿＿＿＿＿＿＿
＿■＿＿＿＿＿＿＿＿
■■＿＿＿□□＿＿＿
■□□＿□□□□□＿
□□□＿□□□□□□
□□□□□＿□□□□
□□＿□□□□□□□
□□＿□□□□□□□
＿□□□□□□□□□
□□＿□□□□□□□
□＿□□□□□□□□
□＿□□□□□□□□
□□□□□□□□□＿
□□＿□□□□□□□
□＿□□□□□□＿□
□＿□□□□□□□□
01:04:11(115550f):field(115549f)
＿＿＿＿＿＿＿＿＿＿
＿＿＿＿＿＿＿＿＿＿
＿＿＿＿＿＿＿＿＿＿
＿＿＿＿＿＿＿＿＿＿
＿＿＿＿＿＿＿＿＿■
＿□＿＿＿＿＿＿＿■
□□＿＿＿□□＿＿■
□□□＿□□□□□■
□□□＿□□□□□□
□□□□□＿□□□□
□□＿□□□□□□□
□□＿□□□□□□□
＿□□□□□□□□□
□□＿□□□□□□□
□＿□□□□□□□□
□＿□□□□□□□□
□□□□□□□□□＿
□□＿□□□□□□□
□＿□□□□□□＿□
□＿□□□□□□□□
01:04:12(115563f):field(115562f)
＿＿＿＿＿＿＿＿＿＿
＿＿＿＿＿＿＿＿＿＿
＿＿＿＿＿＿＿＿＿＿
＿＿＿＿＿＿＿＿＿＿
＿＿＿＿＿＿＿＿＿◆
＿◆＿＿＿＿＿＿＿□
◆□＿＿■◆◆＿＿□
□□□■□□□◆◆□
□□□＿□□□□□□
□□□□□＿□□□□
□□＿□□□□□□□
□□＿□□□□□□□
＿□□□□□□□□□
□□＿□□□□□□□
□＿□□□□□□□□
□＿□□□□□□□□
□□□□□□□□□＿
□□＿□□□□□□□
□＿□□□□□□＿□
□＿□□□□□□□□
01:04:12(115575f):field(115574f)
＿＿＿＿＿＿＿＿＿＿
＿＿＿＿＿＿＿＿＿＿
＿＿＿＿＿＿＿＿＿＿
＿＿＿＿＿＿＿＿＿＿
＿＿＿＿＿＿＿＿＿＿
＿＿＿＿＿＿＿＿＿◆
＿◆＿＿◆＿■＿■□
◆□◆◆□□◆■■□
□□□＿□□□□□□
□□□□□＿□□□□
□□＿□□□□□□□
□□＿□□□□□□□
＿□□□□□□□□□
□□＿□□□□□□□
□＿□□□□□□□□
□＿□□□□□□□□
□□□□□□□□□＿
□□＿□□□□□□□
□＿□□□□□□＿□
□＿□□□□□□□□
01:04:12(115588f):field(115587f)
＿＿＿＿＿＿＿＿＿＿
＿＿＿＿＿＿＿＿＿＿
＿＿＿＿＿＿＿＿＿＿
＿＿＿＿＿＿＿＿＿＿
＿＿＿＿＿＿＿＿＿＿
＿＿＿＿＿＿＿＿＿＿
＿＿＿＿＿＿◆＿◆◆
＿◆＿＿◆◆＿□□□
◆□◆■□□□◆□□
□□□□□■□□□□
□□＿□□□□□□□
□□＿□□□□□□□
＿□□□□□□□□□
□□＿□□□□□□□
□＿□□□□□□□□
□＿□□□□□□□□
□□□□□□□□□＿
□□＿□□□□□□□
□＿□□□□□□＿□
□＿□□□□□□□□
01:04:13(115605f):field(115604f)
＿＿＿＿＿＿＿＿＿＿
＿＿＿＿＿＿＿＿＿＿
＿＿＿＿＿＿＿＿＿＿
＿＿＿＿＿＿＿＿＿＿
＿＿＿＿＿＿＿＿＿＿
＿＿＿＿＿＿＿＿＿＿
＿＿＿＿＿■＿＿＿＿
＿＿＿＿＿■■◆□□
＿□＿□□□□＿□□
□□□□□◆□□□□
□□＿□□□□□□□
□□＿□□□□□□□
＿□□□□□□□□□
□□＿□□□□□□□
□＿□□□□□□□□
□＿□□□□□□□□
□□□□□□□□□＿
□□＿□□□□□□□
□＿□□□□□□＿□
□＿□□□□□□□□
01:04:13(115617f):field(115616f)
＿＿＿＿＿＿＿＿＿＿
＿＿＿＿＿＿＿＿＿＿
＿＿＿＿＿＿＿＿＿＿
＿＿＿＿＿＿＿＿＿＿
＿＿＿＿＿＿＿＿＿＿
＿＿＿＿＿＿＿■＿＿
＿＿＿＿＿□＿■＿＿
＿＿＿＿＿□□■□□
＿□＿□□□□■□□
□□□□□＿□□□□
□□＿□□□□□□□
□□＿□□□□□□□
＿□□□□□□□□□
□□＿□□□□□□□
□＿□□□□□□□□
□＿□□□□□□□□
□□□□□□□□□＿
□□＿□□□□□□□
□＿□□□□□□＿□
□＿□□□□□□□□
01:04:14(115632f):field(115631f)
＿＿＿＿＿＿＿＿＿＿
＿＿＿＿＿＿＿＿＿＿
＿＿＿＿＿＿＿＿＿＿
＿＿＿＿＿＿＿＿＿＿
＿＿＿＿＿＿＿＿＿＿
＿＿＿＿＿＿＿□＿＿
■＿＿＿＿□＿□＿＿
■■＿＿＿□□□□□
■□＿□□□□□□□
□□□□□＿□□□□
□□＿□□□□□□□
□□＿□□□□□□□
＿□□□□□□□□□
□□＿□□□□□□□
□＿□□□□□□□□
□＿□□□□□□□□
□□□□□□□□□＿
□□＿□□□□□□□
□＿□□□□□□＿□
□＿□□□□□□□□
01:04:14(115643f):field(115642f)
＿＿＿＿＿＿＿＿＿＿
＿＿＿＿＿＿＿＿＿＿
＿＿＿＿＿＿＿＿＿＿
＿＿＿＿＿＿＿＿＿＿
＿＿＿＿＿＿＿＿＿＿
＿＿＿＿■■＿□＿＿
□＿＿＿■□＿□＿＿
□□＿＿■□□□□□
□□＿□□□□□□□
□□□□□＿□□□□
□□＿□□□□□□□
□□＿□□□□□□□
＿□□□□□□□□□
□□＿□□□□□□□
□＿□□□□□□□□
□＿□□□□□□□□
□□□□□□□□□＿
□□＿□□□□□□□
□＿□□□□□□＿□
□＿□□□□□□□□
01:04:15(115658f):field(115657f)
＿＿＿＿＿＿＿＿＿＿
＿＿＿＿＿＿＿＿＿＿
＿＿＿＿＿＿＿＿＿＿
＿＿＿＿＿＿＿＿＿＿
＿＿＿＿＿＿＿＿＿＿
＿＿＿＿□□＿□■■
□＿＿＿□□＿□■■
□□＿＿□□□□□□
□□＿□□□□□□□
□□□□□＿□□□□
□□＿□□□□□□□
□□＿□□□□□□□
＿□□□□□□□□□
□□＿□□□□□□□
□＿□□□□□□□□
□＿□□□□□□□□
□□□□□□□□□＿
□□＿□□□□□□□
□＿□□□□□□＿□
□＿□□□□□□□□
01:04:15(115671f):field(115670f)
＿＿＿＿＿＿＿＿＿＿
＿＿＿＿＿＿＿＿＿＿
＿＿＿＿＿＿＿＿＿＿
＿＿＿＿＿＿＿＿＿＿
＿＿＿＿＿＿＿＿＿＿
＿＿＿＿◆◆＿◆◆◆
◆＿＿＿◆◆■◆◆◆
◆◆＿■□□◆□□□
□◆■□□□◆□□□
□□□□□■□□□□
□□■□□□□□□□
□□＿□□□□□□□
＿□□□□□□□□□
□□＿□□□□□□□
□＿□□□□□□□□
□＿□□□□□□□□
□□□□□□□□□＿
□□＿□□□□□□□
□＿□□□□□□＿□
□＿□□□□□□□□
01:04:16(115684f):field(115683f)
＿＿＿＿＿＿＿＿＿＿
＿＿＿＿＿＿＿＿＿＿
＿＿＿＿＿＿＿＿＿＿
＿＿＿＿＿＿＿＿＿＿
＿＿＿＿＿＿＿＿＿＿
＿＿＿＿＿＿＿＿＿＿
＿＿＿＿＿＿◆＿＿＿
＿＿■□□□＿□□□
□■□□□□＿□□□
□□□□□◆□□□□
□□◆□□□□□□□
□□＿□□□□□□□
＿□□□□□□□□□
□□＿□□□□□□□
□＿□□□□□□□□
□＿□□□□□□□□
□□□□□□□□□＿
□□＿□□□□□□□
□＿□□□□□□＿□
□＿□□□□□□□□
01:04:16(115696f):field(115695f)
＿＿＿＿＿＿＿＿＿＿
＿＿＿＿＿＿＿＿＿＿
＿＿＿＿＿＿＿＿＿＿
＿＿＿＿＿＿＿＿＿＿
＿＿＿＿＿＿＿＿＿＿
＿＿＿＿■＿＿＿＿＿
＿＿＿■■■＿＿＿＿
＿＿□□□□＿□□□
□□□□□□＿□□□
□□□□□＿□□□□
□□＿□□□□□□□
□□＿□□□□□□□
＿□□□□□□□□□
□□＿□□□□□□□
□＿□□□□□□□□
□＿□□□□□□□□
□□□□□□□□□＿
□□＿□□□□□□□
□＿□□□□□□＿□
□＿□□□□□□□□
01:04:16(115708f):field(115707f)
＿＿＿＿＿＿＿＿＿＿
＿＿＿＿＿＿＿＿＿＿
＿＿＿＿＿＿＿＿＿＿
＿＿＿＿＿＿＿＿＿＿
＿＿＿＿＿＿＿＿＿＿
＿＿＿＿◆＿＿＿＿＿
＿＿＿◆□◆＿＿＿＿
＿＿◆□□□■□□◆
◆◆□□□□■□□□
□□□□□■□□□□
□□＿□□□□□□□
□□＿□□□□□□□
＿□□□□□□□□□
□□＿□□□□□□□
□＿□□□□□□□□
□＿□□□□□□□□
□□□□□□□□□＿
□□＿□□□□□□□
□＿□□□□□□＿□
□＿□□□□□□□□
01:04:17(115721f):field(115720f)
＿＿＿＿＿＿＿＿＿＿
＿＿＿＿＿＿＿＿＿＿
＿＿＿＿＿＿＿＿＿＿
＿＿＿＿＿＿＿＿＿＿
＿＿＿＿＿＿＿＿＿■
＿＿＿＿＿＿＿＿＿■
＿＿＿＿□＿＿＿＿■
＿＿＿□□□□□◆■
＿＿□□□□□□□□
□□□□□◆□□□□
□□＿□□□□□□□
□□＿□□□□□□□
＿□□□□□□□□□
□□＿□□□□□□□
□＿□□□□□□□□
□＿□□□□□□□□
□□□□□□□□□＿
□□＿□□□□□□□
□＿□□□□□□＿□
□＿□□□□□□□□
01:04:17(115735f):field(115734f)
＿＿＿＿＿＿＿＿＿＿
＿＿＿＿＿＿＿＿＿＿
＿＿＿＿＿＿＿＿＿＿
＿＿＿＿＿＿＿＿＿＿
＿＿＿＿＿＿＿＿＿◆
＿＿＿＿＿＿＿＿＿□
＿＿＿＿◆＿＿＿＿□
＿＿＿◆□◆◆□■□
■■◆□□□□□□□
□□□□□＿□□□□
□□＿□□□□□□□
□□＿□□□□□□□
＿□□□□□□□□□
□□＿□□□□□□□
□＿□□□□□□□□
□＿□□□□□□□□
□□□□□□□□□＿
□□＿□□□□□□□
□＿□□□□□□＿□
□＿□□□□□□□□
01:04:18(115748f):field(115747f)
＿＿＿＿＿＿＿＿＿＿
＿＿＿＿＿＿＿＿＿＿
＿＿＿＿＿＿＿＿＿＿
＿＿＿＿＿＿＿＿＿＿
＿＿＿＿＿＿＿＿＿＿
＿＿＿＿＿＿＿＿＿□
＿＿＿＿＿＿＿■■□
＿＿＿＿□＿＿◆□□
□□＿□□□□□□□
□□□□□＿□□□□
□□＿□□□□□□□
□□＿□□□□□□□
＿□□□□□□□□□
□□＿□□□□□□□
□＿□□□□□□□□
□＿□□□□□□□□
□□□□□□□□□＿
□□＿□□□□□□□
□＿□□□□□□＿□
□＿□□□□□□□□
01:04:18(115759f):field(115758f)
＿＿＿＿＿＿＿＿＿＿
＿＿＿＿＿＿＿＿＿＿
＿＿＿＿＿＿＿＿＿＿
＿＿＿＿＿＿＿＿＿＿
＿＿＿＿＿＿＿＿＿＿
＿＿＿＿＿＿＿＿＿◆
＿＿＿＿＿＿＿◆◆□
＿＿＿■◆＿■■□□
□□■□□□◆□□□
□□□□□＿□□□□
□□＿□□□□□□□
□□＿□□□□□□□
＿□□□□□□□□□
□□＿□□□□□□□
□＿□□□□□□□□
□＿□□□□□□□□
□□□□□□□□□＿
□□＿□□□□□□□
□＿□□□□□□＿□
□＿□□□□□□□□
01:04:19(115773f):field(115772f)
＿＿＿＿＿＿＿＿＿＿
＿＿＿＿＿＿＿＿＿＿
＿＿＿＿＿＿＿＿＿＿
＿＿＿＿＿＿＿＿＿＿
＿＿＿＿＿＿＿＿＿＿
＿＿＿＿＿＿＿＿＿＿
＿＿＿＿＿＿＿＿＿◆
＿＿＿◆＿＿◆◆◆□
◆□◆□□□■□□□
◆◆□□□■◆◆□□
□□＿□□□□□□□
□□＿□□□□□□□
＿□□□□□□□□□
□□＿□□□□□□□
□＿□□□□□□□□
□＿□□□□□□□□
□□□□□□□□□＿
□□＿□□□□□□□
□＿□□□□□□＿□
□＿□□□□□□□□
01:04:19(115785f):field(115784f)
＿＿＿＿＿＿＿＿＿＿
＿＿＿＿＿＿＿＿＿＿
＿＿＿＿＿＿＿＿＿＿
＿＿＿＿＿＿＿＿＿＿
＿＿＿＿＿＿＿＿＿＿
＿＿＿＿＿＿＿＿＿＿
＿＿＿＿＿＿＿＿＿＿
■＿＿＿＿＿＿＿＿□
■◆＿□◆□□□□□
■■□□□□＿＿□□
□□＿□□□□□□□
□□＿□□□□□□□
＿□□□□□□□□□
□□＿□□□□□□□
□＿□□□□□□□□
□＿□□□□□□□□
□□□□□□□□□＿
□□＿□□□□□□□
□＿□□□□□□＿□
□＿□□□□□□□□
01:04:19(115798f):field(115797f)
＿＿＿＿＿＿＿＿＿＿
＿＿＿＿＿＿＿＿＿＿
＿＿＿＿＿＿＿＿＿＿
＿＿＿＿＿＿＿＿＿＿
＿＿＿＿＿＿＿＿＿＿
＿＿＿＿■＿＿＿＿＿
＿＿＿＿■＿＿＿＿＿
□＿＿＿■＿＿＿＿□
□＿＿□■□□□□□
□□□□□□＿＿□□
□□＿□□□□□□□
□□＿□□□□□□□
＿□□□□□□□□□
□□＿□□□□□□□
□＿□□□□□□□□
□＿□□□□□□□□
□□□□□□□□□＿
□□＿□□□□□□□
□＿□□□□□□＿□
□＿□□□□□□□□
01:04:20(115811f):field(115810f)
＿＿＿＿＿＿＿＿＿＿
＿＿＿＿＿＿＿＿＿＿
＿＿＿＿＿＿＿＿＿＿
＿＿＿＿＿＿＿＿＿＿
＿＿＿＿＿＿＿＿＿＿
＿＿＿＿◆＿＿＿＿＿
＿＿＿＿□＿＿＿＿＿
◆＿＿■□■＿＿＿◆
□＿■□□◆◆◆◆□
□□□□□□＿＿□□
□□＿□□□□□□□
□□＿□□□□□□□
＿□□□□□□□□□
□□＿□□□□□□□
□＿□□□□□□□□
□＿□□□□□□□□
□□□□□□□□□＿
□□＿□□□□□□□
□＿□□□□□□＿□
□＿□□□□□□□□
01:04:20(115824f):field(115823f)
＿＿＿＿＿＿＿＿＿＿
＿＿＿＿＿＿＿＿＿＿
＿＿＿＿＿＿＿＿＿＿
＿＿＿＿＿＿＿＿＿＿
＿＿＿＿＿＿＿＿＿＿
＿＿＿＿＿＿＿＿＿＿
＿＿＿＿◆＿＿＿＿＿
＿＿＿◆□◆＿＿＿＿
□＿◆◆□＿＿＿■□
□◆□□□□■■◆□
□□＿□□□□□□□
□□＿□□□□□□□
＿□□□□□□□□□
□□＿□□□□□□□
□＿□□□□□□□□
□＿□□□□□□□□
□□□□□□□□□＿
□□＿□□□□□□□
□＿□□□□□□＿□
□＿□□□□□□□□
01:04:21(115836f):field(115835f)
＿＿＿＿＿＿＿＿＿＿
＿＿＿＿＿＿＿＿＿＿
＿＿＿＿＿＿＿＿＿＿
＿＿＿＿＿＿＿＿＿＿
＿＿＿＿＿＿＿＿＿＿
＿＿＿＿＿＿＿＿＿＿
＿＿＿＿＿＿＿＿＿＿
＿＿＿＿□■■＿＿＿
◆＿＿＿□■■＿◆◆
□＿□□□□□◆＿□
□□＿□□□□□□□
□□＿□□□□□□□
＿□□□□□□□□□
□□＿□□□□□□□
□＿□□□□□□□□
□＿□□□□□□□□
□□□□□□□□□＿
□□＿□□□□□□□
□＿□□□□□□＿□
□＿□□□□□□□□
01:04:21(115850f):field(115849f)
＿＿＿＿＿＿＿＿＿＿
＿＿＿＿＿＿＿＿＿＿
＿＿＿＿＿＿＿＿＿＿
＿＿＿＿＿＿＿＿＿＿
＿＿＿＿＿＿＿＿＿＿
＿＿＿＿＿＿＿＿＿＿
＿＿＿＿＿＿＿＿＿＿
＿＿＿＿□□□＿＿＿
■■■＿□□□＿＿＿
□■□□□□□＿＿□
□□＿□□□□□□□
□□＿□□□□□□□
＿□□□□□□□□□
□□＿□□□□□□□
□＿□□□□□□□□
□＿□□□□□□□□
□□□□□□□□□＿
□□＿□□□□□□□
□＿□□□□□□＿□
□＿□□□□□□□□
01:04:22(115866f):field(115865f)
＿＿＿＿＿＿＿＿＿＿
＿＿＿＿＿＿＿＿＿＿
＿＿＿＿＿＿＿＿＿＿
＿＿＿＿＿＿＿＿＿＿
＿＿＿＿＿＿＿＿＿＿
＿＿＿＿＿＿＿＿＿＿
＿＿＿＿＿＿＿■＿＿
＿＿＿＿□□□■＿＿
□□□＿□□□■＿＿
□□□□□□□■＿□
□□＿□□□□□□□
□□＿□□□□□□□
＿□□□□□□□□□
□□＿□□□□□□□
□＿□□□□□□□□
□＿□□□□□□□□
□□□□□□□□□＿
□□＿□□□□□□□
□＿□□□□□□＿□
□＿□□□□□□□□
01:04:22(115879f):field(115878f)
＿＿＿＿＿＿＿＿＿＿
＿＿＿＿＿＿＿＿＿＿
＿＿＿＿＿＿＿＿＿＿
＿＿＿＿＿＿＿＿＿＿
＿＿＿＿＿＿＿＿＿＿
＿＿＿＿■＿＿＿＿＿
＿＿＿＿■■■□＿＿
＿＿＿＿□□□□＿＿
□□□＿□□□□＿＿
□□□□□□□□＿□
□□＿□□□□□□□
□□＿□□□□□□□
＿□□□□□□□□□
□□＿□□□□□□□
□＿□□□□□□□□
□＿□□□□□□□□
□□□□□□□□□＿
□□＿□□□□□□□
□＿□□□□□□＿□
□＿□□□□□□□□
01:04:23(115897f):field(115896f)
＿＿＿＿＿＿＿＿＿＿
＿＿＿＿＿＿＿＿＿＿
＿＿＿＿＿＿＿＿＿＿
＿＿＿＿＿＿＿＿＿＿
＿＿＿＿＿＿＿＿＿＿
＿＿＿＿◆＿＿＿＿＿
＿＿＿＿□◆◆◆＿＿
＿＿＿＿□□□□＿＿
□□□＿□□□□＿■
□□□◆□□□□■□
□□＿□□□□□□□
□□＿□□□□□□□
＿□□□□□□□□□
□□＿□□□□□□□
□＿□□□□□□□□
□＿□□□□□□□□
□□□□□□□□□＿
□□＿□□□□□□□
□＿□□□□□□＿□
□＿□□□□□□□□
01:04:23(115909f):field(115908f)
＿＿＿＿＿＿＿＿＿＿
＿＿＿＿＿＿＿＿＿＿
＿＿＿＿＿＿＿＿＿＿
＿＿＿＿＿＿＿＿＿＿
＿＿＿＿＿＿＿＿＿＿
＿＿＿＿＿＿＿＿＿＿
＿＿＿＿◆＿＿＿＿＿
＿＿＿＿□◆◆◆＿＿
□◆□＿□□□□＿◆
□◆□■□□□□◆□
□□＿□□□□□□□
□□＿□□□□□□□
＿□□□□□□□□□
□□＿□□□□□□□
□＿□□□□□□□□
□＿□□□□□□□□
□□□□□□□□□＿
□□＿□□□□□□□
□＿□□□□□□＿□
□＿□□□□□□□□
01:04:24(115923f):field(115922f)
＿＿＿＿＿＿＿＿＿＿
＿＿＿＿＿＿＿＿＿＿
＿＿＿＿＿＿＿＿＿＿
＿＿＿＿＿＿＿＿＿＿
＿＿＿＿＿＿＿＿＿＿
＿＿＿＿＿＿＿＿＿＿
＿＿＿＿＿＿＿＿＿＿
＿＿＿＿□＿＿＿＿＿
□■□＿□□□□＿＿
□■□□□□□□＿□
□□＿□□□□□□□
□□＿□□□□□□□
＿□□□□□□□□□
□□＿□□□□□□□
□＿□□□□□□□□
□＿□□□□□□□□
□□□□□□□□□＿
□□＿□□□□□□□
□＿□□□□□□＿□
□＿□□□□□□□□
01:04:24(115939f):field(115938f)
＿＿＿＿＿＿＿＿＿＿
＿＿＿＿＿＿＿＿＿＿
＿＿＿＿＿＿＿＿＿＿
＿＿＿＿＿＿＿＿＿＿
＿＿＿＿＿＿＿＿＿＿
＿＿＿＿＿＿＿＿＿＿
＿＿■■＿＿＿＿＿＿
＿＿＿■□＿＿＿＿＿
□□□■□□□□＿＿
□□□□□□□□＿□
□□＿□□□□□□□
□□＿□□□□□□□
＿□□□□□□□□□
□□＿□□□□□□□
□＿□□□□□□□□
□＿□□□□□□□□
□□□□□□□□□＿
□□＿□□□□□□□
□＿□□□□□□＿□
□＿□□□□□□□□
01:04:25(115955f):field(115954f)
＿＿＿＿＿＿＿＿＿＿
＿＿＿＿＿＿＿＿＿＿
＿＿＿＿＿＿＿＿＿＿
＿＿＿＿＿＿＿＿＿＿
＿＿＿＿＿＿＿＿＿＿
＿＿＿＿＿＿＿＿＿＿
■＿□□＿＿＿＿＿＿
■■■□□＿＿＿＿＿
□□□□□□□□＿＿
□□□□□□□□＿□
□□＿□□□□□□□
□□＿□□□□□□□
＿□□□□□□□□□
□□＿□□□□□□□
□＿□□□□□□□□
□＿□□□□□□□□
□□□□□□□□□＿
□□＿□□□□□□□
□＿□□□□□□＿□
□＿□□□□□□□□
01:04:25(115968f):field(115967f)
＿＿＿＿＿＿＿＿＿＿
＿＿＿＿＿＿＿＿＿＿
＿＿＿＿＿＿＿＿＿＿
＿＿＿＿＿＿＿＿＿＿
＿＿＿＿＿＿＿＿＿＿
＿＿＿＿＿＿＿＿＿＿
◆＿◆◆＿＿＿＿＿＿
◆◆□◆◆■＿＿＿＿
□◆□□□◆◆◆＿＿
□□□□□□◆◆＿□
□□＿□□□□□□□
□□＿□□□□□□□
＿□□□□□□□□□
□□＿□□□□□□□
□＿□□□□□□□□
□＿□□□□□□□□
□□□□□□□□□＿
□□＿□□□□□□□
□＿□□□□□□＿□
□＿□□□□□□□□
01:04:26(115981f):field(115980f)
＿＿＿＿＿＿＿＿＿＿
＿＿＿＿＿＿＿＿＿＿
＿＿＿＿＿＿＿＿＿＿
＿＿＿＿＿＿＿＿＿＿
＿＿＿＿＿＿＿＿＿＿
＿＿＿＿＿＿＿＿＿＿
＿＿＿＿＿＿＿＿＿＿
＿＿◆＿＿□＿＿＿＿
□＿□□□■＿＿＿＿
□□□□□□＿＿＿□
□□＿□□□□□□□
□□＿□□□□□□□
＿□□□□□□□□□
□□＿□□□□□□□
□＿□□□□□□□□
□＿□□□□□□□□
□□□□□□□□□＿
□□＿□□□□□□□
□＿□□□□□□＿□
□＿□□□□□□□□
01:04:26(115994f):field(115993f)
＿＿＿＿＿＿＿＿＿＿
＿＿＿＿＿＿＿＿＿＿
＿＿＿＿＿＿＿＿＿＿
＿＿＿＿＿＿＿＿＿＿
＿＿＿＿■＿＿＿＿＿
＿＿＿＿■＿＿＿＿＿
＿＿＿＿■＿＿＿＿＿
＿＿＿＿■□＿＿＿＿
□＿□□□□＿＿＿＿
□□□□□□＿＿＿□
□□＿□□□□□□□
□□＿□□□□□□□
＿□□□□□□□□□
□□＿□□□□□□□
□＿□□□□□□□□
□＿□□□□□□□□
□□□□□□□□□＿
□□＿□□□□□□□
□＿□□□□□□＿□
□＿□□□□□□□□
01:04:26(116006f):field(116005f)
＿＿＿＿＿＿＿＿＿＿
＿＿＿＿＿＿＿＿＿＿
＿＿＿＿＿＿＿＿＿＿
＿＿＿＿＿＿＿＿＿＿
＿＿＿＿□＿＿＿＿＿
＿＿＿＿□＿＿＿＿＿
■＿＿＿□＿＿＿＿＿
■■＿＿□□＿＿＿＿
□■□□□□＿＿＿＿
□□□□□□＿＿＿□
□□＿□□□□□□□
□□＿□□□□□□□
＿□□□□□□□□□
□□＿□□□□□□□
□＿□□□□□□□□
□＿□□□□□□□□
□□□□□□□□□＿
□□＿□□□□□□□
□＿□□□□□□＿□
□＿□□□□□□□□
01:04:27(116019f):field(116018f)
＿＿＿＿＿＿＿＿＿＿
＿＿＿＿＿＿＿＿＿＿
＿＿＿＿＿＿＿＿＿＿
＿＿＿＿＿＿＿＿＿＿
＿＿＿＿□＿＿＿＿＿
＿＿＿＿□＿＿＿＿＿
□＿＿＿□＿＿＿＿＿
□□＿＿□□＿＿＿■
□□□□□□＿■■■
□□□□□□＿＿＿□
□□＿□□□□□□□
□□＿□□□□□□□
＿□□□□□□□□□
□□＿□□□□□□□
□＿□□□□□□□□
□＿□□□□□□□□
□□□□□□□□□＿
□□＿□□□□□□□
□＿□□□□□□＿□
□＿□□□□□□□□
01:04:27(116036f):field(116035f)
＿＿＿＿＿＿＿＿＿＿
＿＿＿＿＿＿＿＿＿＿
＿＿＿＿＿＿＿＿＿＿
＿＿＿＿＿＿＿＿＿＿
＿＿＿＿□＿＿＿＿＿
＿＿＿＿□＿＿＿＿＿
□■■＿□＿＿＿＿＿
□□■■□□＿＿＿□
□□□□□□＿□□□
□□□□□□＿＿＿□
□□＿□□□□□□□
□□＿□□□□□□□
＿□□□□□□□□□
□□＿□□□□□□□
□＿□□□□□□□□
□＿□□□□□□□□
□□□□□□□□□＿
□□＿□□□□□□□
□＿□□□□□□＿□
□＿□□□□□□□□
01:04:28(116049f):field(116048f)
＿＿＿＿＿＿＿＿＿＿
＿＿＿＿＿＿＿＿＿＿
＿＿＿＿＿＿＿＿＿＿
＿＿＿＿＿＿＿＿＿＿
＿＿＿＿□＿＿＿＿＿
＿■■■□＿＿＿＿＿
□□□■□＿＿＿＿＿
□□□□□□＿＿＿□
□□□□□□＿□□□
□□□□□□＿＿＿□
□□＿□□□□□□□
□□＿□□□□□□□
＿□□□□□□□□□
□□＿□□□□□□□
□＿□□□□□□□□
□＿□□□□□□□□
□□□□□□□□□＿
□□＿□□□□□□□
□＿□□□□□□＿□
□＿□□□□□□□□
01:04:28(116063f):field(116062f)
＿＿＿＿＿＿＿＿＿＿
＿＿＿＿＿＿＿＿＿＿
＿＿＿＿＿＿＿＿＿＿
＿＿＿＿＿＿＿＿＿＿
＿＿＿＿□＿＿＿＿＿
＿□□□□＿＿＿＿＿
□□□□□＿＿■■＿
□□□□□□＿■■□
□□□□□□＿□□□
□□□□□□＿＿＿□
□□＿□□□□□□□
□□＿□□□□□□□
＿□□□□□□□□□
□□＿□□□□□□□
□＿□□□□□□□□
□＿□□□□□□□□
□□□□□□□□□＿
□□＿□□□□□□□
□＿□□□□□□＿□
□＿□□□□□□□□
01:04:29(116075f):field(116074f)
＿＿＿＿＿＿＿＿＿＿
＿＿＿＿＿＿＿＿＿＿
＿＿＿＿＿＿＿＿＿＿
＿＿＿＿＿＿＿＿＿＿
＿＿＿＿◆＿＿＿＿＿
＿◆◆◆◆＿＿＿＿＿
◆◆◆◆□＿■◆◆＿
◆□□□□◆＿□◆◆
□□□□□□■□□◆
□□□□□□＿■■□
□□＿□□□□□□□
□□＿□□□□□□□
＿□□□□□□□□□
□□＿□□□□□□□
□＿□□□□□□□□
□＿□□□□□□□□
□□□□□□□□□＿
□□＿□□□□□□□
□＿□□□□□□＿□
□＿□□□□□□□□
01:04:29(116089f):field(116088f)
＿＿＿＿＿＿＿＿＿＿
＿＿＿＿＿＿＿＿＿＿
＿＿＿＿＿＿＿＿＿＿
＿＿＿＿＿＿＿＿＿＿
＿＿＿＿＿＿＿＿＿＿
＿＿＿＿＿＿＿＿＿＿
＿＿＿＿◆＿◆＿＿＿
＿□◆◆□＿＿□■＿
◆□□□□◆□◆□■
□□□□□□＿◆□□
□□＿□□□□□□□
□□＿□□□□□□□
＿□□□□□□□□□
□□＿□□□□□□□
□＿□□□□□□□□
□＿□□□□□□□□
□□□□□□□□□＿
□□＿□□□□□□□
□＿□□□□□□＿□
□＿□□□□□□□□
01:04:30(116104f):field(116103f)
＿＿＿＿＿＿＿＿＿＿
＿＿＿＿＿＿＿＿＿＿
＿＿＿＿＿＿＿＿＿＿
＿＿＿＿＿＿＿＿＿＿
＿＿＿＿＿＿＿＿＿＿
＿＿＿＿＿＿＿＿＿＿
＿＿＿＿＿＿＿＿＿＿
＿◆＿＿□＿＿◆□＿
＿□□□□＿□■□□
□□□□□□＿■□□
□□＿□□□□□□□
□□＿□□□□□□□
＿□□□□□□□□□
□□＿□□□□□□□
□＿□□□□□□□□
□＿□□□□□□□□
□□□□□□□□□＿
□□＿□□□□□□□
□＿□□□□□□＿□
□＿□□□□□□□□
01:04:30(116117f):field(116116f)
＿＿＿＿＿＿＿＿＿＿
＿＿＿＿＿＿＿＿＿＿
＿＿＿＿＿＿＿＿＿＿
＿＿＿＿＿＿＿＿＿＿
＿＿＿＿＿＿＿＿＿＿
＿＿＿＿＿＿＿＿＿＿
＿＿＿＿＿■■＿＿＿
＿＿＿＿□■＿＿□＿
＿□□□□■□□□□
□□□□□□＿□□□
□□＿□□□□□□□
□□＿□□□□□□□
＿□□□□□□□□□
□□＿□□□□□□□
□＿□□□□□□□□
□＿□□□□□□□□
□□□□□□□□□＿
□□＿□□□□□□□
□＿□□□□□□＿□
□＿□□□□□□□□
01:04:31(116130f):field(116129f)
＿＿＿＿＿＿＿＿＿＿
＿＿＿＿＿＿＿＿＿＿
＿＿＿＿＿＿＿＿＿＿
＿＿＿＿＿＿＿＿＿＿
＿＿＿＿＿＿＿＿＿＿
＿＿＿＿＿＿＿＿＿＿
■＿＿＿＿◆◆＿＿＿
■■■■◆□■＿◆＿
■◆◆◆□□◆◆□◆
□□□□□□＿□□□
□□＿□□□□□□□
□□＿□□□□□□□
＿□□□□□□□□□
□□＿□□□□□□□
□＿□□□□□□□□
□＿□□□□□□□□
□□□□□□□□□＿
□□＿□□□□□□□
□＿□□□□□□＿□
□＿□□□□□□□□
01:04:31(116144f):field(116143f)
＿＿＿＿＿＿＿＿＿＿
＿＿＿＿＿＿＿＿＿＿
＿＿＿＿＿＿＿＿＿＿
＿＿＿＿＿＿＿＿＿＿
＿＿＿＿＿＿＿＿＿＿
＿＿＿＿＿＿＿＿＿＿
□＿＿＿＿＿＿＿＿＿
□◆◆◆＿□□■■■
□＿＿＿□□＿■□＿
□□□□□□＿□□□
□□＿□□□□□□□
□□＿□□□□□□□
＿□□□□□□□□□
□□＿□□□□□□□
□＿□□□□□□□□
□＿□□□□□□□□
□□□□□□□□□＿
□□＿□□□□□□□
□＿□□□□□□＿□
□＿□□□□□□□□
01:04:31(116156f):field(116155f)
＿＿＿＿＿＿＿＿＿＿
＿＿＿＿＿＿＿＿＿＿
＿＿＿＿＿＿＿＿＿＿
＿＿＿＿＿＿＿＿＿＿
＿＿＿＿＿＿＿＿＿＿
＿＿＿＿＿＿＿＿＿＿
□＿＿＿＿＿＿＿＿＿
□＿■＿＿□□□□□
□■■■□□＿□□＿
□□□□□□＿□□□
□□＿□□□□□□□
□□＿□□□□□□□
＿□□□□□□□□□
□□＿□□□□□□□
□＿□□□□□□□□
□＿□□□□□□□□
□□□□□□□□□＿
□□＿□□□□□□□
□＿□□□□□□＿□
□＿□□□□□□□□
01:04:32(116168f):field(116167f)
＿＿＿＿＿＿＿＿＿＿
＿＿＿＿＿＿＿＿＿＿
＿＿＿＿＿＿＿＿＿＿
＿＿＿＿＿＿＿＿＿＿
＿＿＿＿＿＿＿＿＿＿
＿＿＿＿＿＿＿＿＿＿
□＿＿＿■■＿＿＿＿
□＿□■■□□□□□
□□□□□□＿□□＿
□□□□□□＿□□□
□□＿□□□□□□□
□□＿□□□□□□□
＿□□□□□□□□□
□□＿□□□□□□□
□＿□□□□□□□□
□＿□□□□□□□□
□□□□□□□□□＿
□□＿□□□□□□□
□＿□□□□□□＿□
□＿□□□□□□□□
01:04:32(116181f):field(116180f)
＿＿＿＿＿＿＿＿＿＿
＿＿＿＿＿＿＿＿＿＿
＿＿＿＿＿＿＿＿＿＿
＿＿＿＿＿＿＿＿＿＿
＿＿＿＿＿＿＿＿＿＿
＿＿＿＿＿＿＿＿＿＿
◆＿■＿◆◆■＿＿＿
□■□◆□□◆□◆◆
□□□□□□■□□＿
□□□□□□＿□□□
□□＿□□□□□□□
□□＿□□□□□□□
＿□□□□□□□□□
□□＿□□□□□□□
□＿□□□□□□□□
□＿□□□□□□□□
□□□□□□□□□＿
□□＿□□□□□□□
□＿□□□□□□＿□
□＿□□□□□□□□
01:04:33(116193f):field(116192f)
＿＿＿＿＿＿＿＿＿＿
＿＿＿＿＿＿＿＿＿＿
＿＿＿＿＿＿＿＿＿＿
＿＿＿＿＿＿＿＿＿＿
＿＿＿＿＿＿＿＿＿＿
＿＿＿＿＿＿＿＿＿＿
＿＿◆＿＿＿◆＿＿＿
◆◆□＿◆◆■◆＿＿
□□□□□□□◆□＿
□□□□□□■□□□
□□＿□□□□□□□
□□＿□□□□□□□
＿□□□□□□□□□
□□＿□□□□□□□
□＿□□□□□□□□
□＿□□□□□□□□
□□□□□□□□□＿
□□＿□□□□□□□
□＿□□□□□□＿□
□＿□□□□□□□□
01:04:33(116208f):field(116207f)
＿＿＿＿＿＿＿＿＿＿
＿＿＿＿＿＿＿＿＿＿
＿＿＿＿＿＿＿＿＿＿
＿＿＿＿＿＿＿＿＿＿
＿＿＿＿＿＿＿＿＿＿
＿＿＿＿＿＿＿＿＿＿
＿＿＿＿■■＿＿＿＿
＿＿□＿■■□＿＿＿
□□□◆□□□＿◆＿
□□□□□□□□□◆
□□＿□□□□□□□
□□＿□□□□□□□
＿□□□□□□□□□
□□＿□□□□□□□
□＿□□□□□□□□
□＿□□□□□□□□
□□□□□□□□□＿
□□＿□□□□□□□
□＿□□□□□□＿□
□＿□□□□□□□□
01:04:34(116222f):field(116221f)
＿＿＿＿＿＿＿＿＿＿
＿＿＿＿＿＿＿＿＿＿
＿＿＿＿＿＿＿＿＿＿
＿＿＿＿＿＿＿＿＿＿
＿＿＿＿＿＿＿＿＿＿
＿＿＿＿＿＿＿＿＿＿
＿＿＿＿◆◆＿＿＿＿
＿＿◆＿□□◆＿＿＿
◆□□＿□□□＿＿＿
□□□□□□□□□■
□□＿□□□□□□□
□□＿□□□□□□□
＿□□□□□□□□□
□□＿□□□□□□□
□＿□□□□□□□□
□＿□□□□□□□□
□□□□□□□□□＿
□□＿□□□□□□□
□＿□□□□□□＿□
□＿□□□□□□□□
01:04:34(116237f):field(116236f)
＿＿＿＿＿＿＿＿＿＿
＿＿＿＿＿＿＿＿＿＿
＿＿＿＿＿＿＿＿＿＿
＿＿＿＿＿＿＿＿＿＿
＿＿＿＿＿＿＿＿＿＿
＿＿＿＿＿＿＿＿＿＿
＿＿＿＿＿＿＿＿＿＿
＿＿＿＿□□＿＿■＿
＿◆□＿□□□■■■
□□□◆□□□□□□
□□＿□□□□□□□
□□＿□□□□□□□
＿□□□□□□□□□
□□＿□□□□□□□
□＿□□□□□□□□
□＿□□□□□□□□
□□□□□□□□□＿
□□＿□□□□□□□
□＿□□□□□□＿□
□＿□□□□□□□□
01:04:34(116249f):field(116248f)
＿＿＿＿＿＿＿＿＿＿
＿＿＿＿＿＿＿＿＿＿
＿＿＿＿＿＿＿＿＿＿
＿＿＿＿＿＿＿＿＿＿
＿＿＿＿＿＿＿＿＿＿
＿＿＿＿＿＿＿＿＿＿
＿＿＿＿＿＿＿■■＿
＿＿＿＿□□■■□＿
＿＿□＿□□□□□□
□□□＿□□□□□□
□□＿□□□□□□□
□□＿□□□□□□□
＿□□□□□□□□□
□□＿□□□□□□□
□＿□□□□□□□□
□＿□□□□□□□□
□□□□□□□□□＿
□□＿□□□□□□□
□＿□□□□□□＿□
□＿□□□□□□□□
01:04:35(116262f):field(116261f)
＿＿＿＿＿＿＿＿＿＿
＿＿＿＿＿＿＿＿＿＿
＿＿＿＿＿＿＿＿＿＿
＿＿＿＿＿＿＿＿＿＿
＿＿＿＿＿＿＿＿＿＿
＿＿＿＿＿＿＿＿＿＿
＿＿＿＿＿＿＿◆◆＿
＿＿＿■◆◆◆□□＿
＿＿◆■□□□□□◆
◆◆□■□□□□□□
□□＿□□□□□□□
□□＿□□□□□□□
＿□□□□□□□□□
□□＿□□□□□□□
□＿□□□□□□□□
□＿□□□□□□□□
□□□□□□□□□＿
□□＿□□□□□□□
□＿□□□□□□＿□
□＿□□□□□□□□
01:04:35(116271f):field(116270f)
＿＿＿＿＿＿＿＿＿＿
＿＿＿＿＿＿＿＿＿＿
＿＿＿＿＿＿＿＿＿＿
＿＿＿＿＿＿＿＿＿＿
＿＿＿＿＿＿＿＿＿＿
＿＿＿＿＿＿＿＿＿＿
＿＿＿＿■■＿＿＿＿
＿＿＿□■■＿□□＿
＿＿＿□□□□□□＿
＿＿□□□□□□□□
□□＿□□□□□□□
□□＿□□□□□□□
＿□□□□□□□□□
□□＿□□□□□□□
□＿□□□□□□□□
□＿□□□□□□□□
□□□□□□□□□＿
□□＿□□□□□□□
□＿□□□□□□＿□
□＿□□□□□□□□
01:04:36(116285f):field(116284f)
＿＿＿＿＿＿＿＿＿＿
＿＿＿＿＿＿＿＿＿＿
＿＿＿＿＿＿＿＿＿＿
＿＿＿＿＿＿＿＿＿＿
＿＿＿＿＿＿＿＿＿＿
＿＿＿＿＿＿＿■＿＿
＿＿＿＿□□■■＿＿
＿＿＿□□□■□□＿
＿＿＿□□□□□□＿
＿＿□□□□□□□□
□□＿□□□□□□□
□□＿□□□□□□□
＿□□□□□□□□□
□□＿□□□□□□□
□＿□□□□□□□□
□＿□□□□□□□□
□□□□□□□□□＿
□□＿□□□□□□□
□＿□□□□□□＿□
□＿□□□□□□□□
01:04:36(116298f):field(116297f)
＿＿＿＿＿＿＿＿＿＿
＿＿＿＿＿＿＿＿＿＿
＿＿＿＿＿＿＿＿＿＿
＿＿＿＿＿＿＿＿＿＿
＿＿＿＿＿＿＿＿＿＿
＿＿＿＿＿＿＿◆＿＿
＿＿＿＿◆◆◆□＿＿
＿＿＿◆□□□□◆＿
■＿＿□□□□□□＿
■■□□□□□□□□
□□■□□□□□□□
□□■□□□□□□□
＿□□□□□□□□□
□□＿□□□□□□□
□＿□□□□□□□□
□＿□□□□□□□□
□□□□□□□□□＿
□□＿□□□□□□□
□＿□□□□□□＿□
□＿□□□□□□□□
01:04:37(116310f):field(116309f)
＿＿＿＿＿＿＿＿＿＿
＿＿＿＿＿＿＿＿＿＿
＿＿＿＿＿＿＿＿＿＿
＿＿＿＿＿＿＿＿＿＿
＿＿＿＿＿＿＿＿＿＿
＿＿＿＿■＿＿＿＿＿
＿＿＿＿■■■□＿＿
＿＿＿＿□□□□＿＿
□＿＿□□□□□□＿
□◆◆□□□□□□◆
□□◆□□□□□□□
□□◆□□□□□□□
＿□□□□□□□□□
□□＿□□□□□□□
□＿□□□□□□□□
□＿□□□□□□□□
□□□□□□□□□＿
□□＿□□□□□□□
□＿□□□□□□＿□
□＿□□□□□□□□
01:04:37(116324f):field(116323f)
＿＿＿＿＿＿＿＿＿＿
＿＿＿＿＿＿＿＿＿＿
＿＿＿＿＿＿＿＿＿＿
＿＿＿＿＿＿＿＿＿＿
＿＿＿＿＿＿＿＿＿＿
＿＿＿＿◆＿＿＿＿＿
＿＿＿＿□◆◆◆＿＿
＿＿＿＿□□□□＿＿
◆＿＿◆□□□□◆＿
□■■□□□□□□■
□□■□□□□□□◆
□□＿□□□□□□□
＿□□□□□□□□□
□□＿□□□□□□□
□＿□□□□□□□□
□＿□□□□□□□□
□□□□□□□□□＿
□□＿□□□□□□□
□＿□□□□□□＿□
□＿□□□□□□□□
01:04:37(116336f):field(116335f)
＿＿＿＿＿＿＿＿＿＿
＿＿＿＿＿＿＿＿＿＿
＿＿＿＿＿＿＿＿＿＿
＿＿＿＿＿＿＿＿＿＿
＿＿＿＿＿＿＿＿＿＿
＿＿＿＿＿＿＿＿＿＿
＿＿＿＿◆＿＿＿＿＿
＿＿＿＿□◆◆◆＿＿
＿＿＿＿□□□□＿■
◆◆◆□□□□□◆□
□◆□□□□□□□■
□□＿□□□□□□□
＿□□□□□□□□□
□□＿□□□□□□□
□＿□□□□□□□□
□＿□□□□□□□□
□□□□□□□□□＿
□□＿□□□□□□□
□＿□□□□□□＿□
□＿□□□□□□□□
01:04:38(116348f):field(116347f)
＿＿＿＿＿＿＿＿＿＿
＿＿＿＿＿＿＿＿＿＿
＿＿＿＿＿＿＿＿＿＿
＿＿＿＿＿＿＿＿＿＿
＿＿＿＿＿＿＿＿＿＿
＿＿＿＿＿＿＿＿＿＿
＿＿＿＿＿■■＿＿＿
＿＿＿＿□■■＿＿＿
＿＿＿＿□□□□＿□
＿＿＿◆□□□□＿□
□＿□□□□□□□□
□□＿□□□□□□□
＿□□□□□□□□□
□□＿□□□□□□□
□＿□□□□□□□□
□＿□□□□□□□□
□□□□□□□□□＿
□□＿□□□□□□□
□＿□□□□□□＿□
□＿□□□□□□□□
01:04:38(116359f):field(116358f)
＿＿＿＿＿＿＿＿＿＿
＿＿＿＿＿＿＿＿＿＿
＿＿＿＿＿＿＿＿＿＿
＿＿＿＿＿＿＿＿＿＿
＿＿＿＿＿■＿＿＿＿
＿＿＿＿■■＿＿＿＿
＿＿＿＿■□□＿＿＿
＿＿＿＿□□□＿＿＿
＿＿＿＿□□□□＿□
＿＿＿＿□□□□＿□
□＿□□□□□□□□
□□＿□□□□□□□
＿□□□□□□□□□
□□＿□□□□□□□
□＿□□□□□□□□
□＿□□□□□□□□
□□□□□□□□□＿
□□＿□□□□□□□
□＿□□□□□□＿□
□＿□□□□□□□□
01:04:39(116374f):field(116373f)
＿＿＿＿＿＿＿＿＿＿
＿＿＿＿＿＿＿＿＿＿
＿＿＿＿＿＿＿＿＿＿
＿＿＿＿＿＿＿＿＿＿
＿＿＿＿＿□＿＿＿＿
＿＿＿＿□□＿＿＿＿
＿＿＿＿□□□＿＿＿
＿＿＿＿□□□■■＿
＿＿＿＿□□□□■□
＿＿＿＿□□□□■□
□＿□□□□□□□□
□□＿□□□□□□□
＿□□□□□□□□□
□□＿□□□□□□□
□＿□□□□□□□□
□＿□□□□□□□□
□□□□□□□□□＿
□□＿□□□□□□□
□＿□□□□□□＿□
□＿□□□□□□□□
01:04:39(116387f):field(116386f)
＿＿＿＿＿＿＿＿＿＿
＿＿＿＿＿＿＿＿＿＿
＿＿＿＿＿＿＿＿＿＿
＿＿＿＿＿＿＿＿＿＿
＿＿＿＿＿◆＿＿＿＿
＿＿＿＿◆□＿＿＿＿
＿＿＿＿□□◆＿＿＿
＿＿＿＿□□□◆◆＿
＿＿＿＿□□□□□◆
■■＿＿□□□□□□
□■◆◆□□□□□□
□□＿□□□□□□□
＿□□□□□□□□□
□□＿□□□□□□□
□＿□□□□□□□□
□＿□□□□□□□□
□□□□□□□□□＿
□□＿□□□□□□□
□＿□□□□□□＿□
□＿□□□□□□□□
01:04:39(116399f):field(116398f)
＿＿＿＿＿＿＿＿＿＿
＿＿＿＿＿＿＿＿＿＿
＿＿＿＿＿＿＿＿＿＿
＿＿＿＿＿＿＿＿＿＿
＿＿＿＿＿＿＿＿＿＿
＿＿＿＿＿□＿＿＿■
＿＿＿＿□□＿＿＿■
＿＿＿＿□□□＿＿■
＿＿＿＿□□□□□■
□◆＿＿□□□□□□
□□＿＿□□□□□□
□□＿□□□□□□□
＿□□□□□□□□□
□□＿□□□□□□□
□＿□□□□□□□□
□＿□□□□□□□□
□□□□□□□□□＿
□□＿□□□□□□□
□＿□□□□□□＿□
□＿□□□□□□□□
01:04:40(116410f):field(116409f)
＿＿＿＿＿＿＿＿＿＿
＿＿＿＿＿＿＿＿＿＿
＿＿＿＿＿＿＿＿＿＿
＿＿＿＿＿＿＿＿＿＿
＿＿＿＿＿＿＿＿＿＿
＿＿＿＿＿□＿＿■□
＿＿＿＿□□＿＿■□
＿＿＿＿□□□■■□
＿＿＿＿□□□□□□
□＿＿＿□□□□□□
□□＿＿□□□□□□
□□＿□□□□□□□
＿□□□□□□□□□
□□＿□□□□□□□
□＿□□□□□□□□
□＿□□□□□□□□
□□□□□□□□□＿
□□＿□□□□□□□
□＿□□□□□□＿□
□＿□□□□□□□□
01:04:40(116421f):field(116420f)
＿＿＿＿＿＿＿＿＿＿
＿＿＿＿＿＿＿＿＿＿
＿＿＿＿＿＿＿＿＿＿
＿＿＿＿＿＿＿＿＿＿
＿＿＿＿＿＿＿＿＿＿
＿＿＿＿＿□■■□□
＿＿＿＿□□■■□□
＿＿＿＿□□□□□□
＿＿＿＿□□□□□□
□＿＿＿□□□□□□
□□＿＿□□□□□□
□□＿□□□□□□□
＿□□□□□□□□□
□□＿□□□□□□□
□＿□□□□□□□□
□＿□□□□□□□□
□□□□□□□□□＿
□□＿□□□□□□□
□＿□□□□□□＿□
□＿□□□□□□□□
01:04:41(116435f):field(116434f)
＿＿＿＿＿＿＿＿＿＿
＿＿＿＿＿＿＿＿＿＿
＿＿＿＿＿＿＿＿＿＿
＿＿＿＿＿＿＿＿＿＿
＿＿＿＿＿＿＿＿＿＿
＿＿＿＿＿◆◆◆◆◆
＿＿＿＿◆◆◆◆◆◆
＿＿＿＿◆□□□□□
＿＿＿＿□□□□□□
◆＿＿■□□□□□□
◆◆■＿□□□□□□
□□■□□□□□□□
■□□□□□□□□□
□□■□□□□□□□
□＿□□□□□□□□
□＿□□□□□□□□
□□□□□□□□□＿
□□＿□□□□□□□
□＿□□□□□□＿□
□＿□□□□□□□□
01:04:41(116448f):field(116447f)
＿＿＿＿＿＿＿＿＿＿
＿＿＿＿＿＿＿＿＿＿
＿＿＿＿＿＿＿＿＿＿
＿＿＿＿＿＿＿＿＿＿
＿＿＿＿＿＿＿＿＿＿
＿＿＿＿＿＿＿＿＿＿
＿＿＿＿＿＿＿＿＿＿
＿＿＿＿＿◆◆◆◆◆
＿＿＿＿◆□□□□□
＿＿＿◆□□□□□□
■＿◆＿□□□□□□
◆□□□□□□□□□
□□□□□□□□□□
□□□□□□□□□□
□＿□□□□□□□□
□＿□□□□□□□□
□□□□□□□□□＿
□□＿□□□□□□□
□＿□□□□□□＿□
□＿□□□□□□□□
01:04:42(116460f):field(116459f)
＿＿＿＿＿＿＿＿＿＿
＿＿＿＿＿＿＿＿＿＿
＿＿＿＿＿＿＿＿＿＿
＿＿＿＿＿＿＿＿＿＿
＿＿＿＿＿＿＿＿＿＿
＿＿＿＿＿＿＿＿＿＿
＿＿＿＿＿＿＿＿＿＿
＿＿＿＿＿＿＿＿＿＿
＿＿＿＿＿◆◆◆◆◆
＿＿＿＿◆□□□□□
□＿＿＿□□□□□□
■◆◆◆□□□□□□
□◆□□□□□□□□
□□◆□□□□□□□
□■□□□□□□□□
□＿□□□□□□□□
□□□□□□□□□＿
□□＿□□□□□□□
□＿□□□□□□＿□
□＿□□□□□□□□
01:04:42(116473f):field(116472f)
＿＿＿＿＿＿＿＿＿＿
＿＿＿＿＿＿＿＿＿＿
＿＿＿＿＿＿＿＿＿＿
＿＿＿＿＿＿＿＿＿＿
＿＿＿＿＿＿＿＿＿＿
＿＿＿＿＿＿＿＿＿＿
＿＿＿＿＿＿＿＿＿＿
＿＿＿＿＿＿＿＿＿＿
＿＿＿＿＿＿＿＿＿＿
＿＿＿＿＿◆◆◆◆◆
◆＿＿＿□◆◆◆◆◆
□＿■＿◆□□□□□
□＿◆□□□□□□□
□□＿□□□□□□□
□□□□□□□□□□
□＿□□□□□□□□
□□□□□□□□□＿
□□＿□□□□□□□
□＿□□□□□□＿□
□＿□□□□□□□□
01:04:42(116486f):field(116485f)
＿＿＿＿＿＿＿＿＿＿
＿＿＿＿＿＿＿＿＿＿
＿＿＿＿＿＿＿＿＿＿
＿＿＿＿＿＿＿＿＿＿
＿＿＿＿＿＿＿＿＿＿
＿＿＿＿＿＿＿＿＿＿
＿＿＿＿＿＿＿＿＿＿
＿＿＿＿＿＿＿＿＿＿
＿＿＿＿＿＿＿＿＿＿
＿＿＿＿＿＿＿＿＿＿
＿＿＿＿◆＿＿＿＿＿
◆■◆＿＿◆◆◆◆□
□＿■◆◆◆□◆□◆
□◆＿□◆□□□□□
□◆□□□□□□□□
□＿□□□□□□□□
□□□□□□□□□＿
□□＿□□□□□□□
□＿□□□□□□＿□
□＿□□□□□□□□
01:04:43(116497f):field(116496f)
＿＿＿＿＿＿＿＿＿＿
＿＿＿＿＿＿＿＿＿＿
＿＿＿＿＿＿＿＿＿＿
＿＿＿＿＿＿＿＿＿＿
＿＿＿＿＿＿＿＿＿＿
＿＿＿＿＿＿＿＿＿＿
＿＿＿＿＿＿＿＿＿＿
＿＿＿＿＿＿＿＿＿＿
＿＿＿＿＿＿＿＿＿＿
＿＿＿＿＿＿＿＿＿＿
＿＿＿＿＿＿＿＿＿＿
＿◆＿＿＿＿＿＿＿◆
◆＿□＿＿＿◆＿◆＿
◆＿■□■□□□□□
□＿□□□□□□□□
□＿□□□□□□□□
□□□□□□□□□＿
□□＿□□□□□□□
□＿□□□□□□＿□
□＿□□□□□□□□
01:04:43(116507f):field(116506f)
＿＿＿＿＿＿＿＿＿＿
＿＿＿＿＿＿＿＿＿＿
＿＿＿＿＿＿＿＿＿＿
＿＿＿＿＿＿＿＿＿＿
＿＿＿＿＿＿＿＿＿＿
＿＿＿＿＿＿＿＿＿＿
＿＿＿＿＿＿＿＿＿＿
＿＿＿＿＿＿＿＿＿＿
＿＿＿＿＿＿＿＿＿＿
＿＿＿＿＿＿＿＿＿＿
＿＿＿＿＿＿＿＿＿＿
＿＿＿■■＿＿＿＿＿
＿＿□■■＿＿＿＿＿
＿＿□□□□□□□□
□＿□□□□□□□□
□＿□□□□□□□□
□□□□□□□□□＿
□□＿□□□□□□□
□＿□□□□□□＿□
□＿□□□□□□□□
01:04:44(116533f):field(116532f)
＿＿＿＿＿＿＿＿＿＿
＿＿＿＿＿＿＿＿＿＿
＿＿＿＿＿＿＿＿＿＿
＿＿＿＿＿＿＿＿＿＿
＿＿＿＿＿＿＿＿＿＿
＿＿＿＿＿＿＿＿＿＿
＿＿＿＿＿＿＿＿＿＿
＿＿＿＿■＿＿＿＿＿
＿＿＿■■＿＿＿＿＿
＿＿＿■■■＿＿＿＿
＿＿＿■■＿＿＿＿＿
＿＿＿□□＿＿＿＿＿
＿＿□□□＿＿＿＿＿
＿＿□□□□□□□□
□＿□□□□□□□□
□＿□□□□□□□□
□□□□□□□□□＿
□□＿□□□□□□□
□＿□□□□□□＿□
□＿□□□□□□□□
01:04:45(116557f):field(116556f)
＿＿＿＿＿＿＿＿＿＿
＿＿＿＿＿＿＿＿＿＿
＿＿＿＿＿＿＿＿＿＿
＿＿＿＿＿＿＿＿＿＿
＿＿＿＿＿＿＿＿＿＿
＿＿＿＿＿＿＿＿＿＿
＿＿＿＿＿＿＿＿＿＿
＿＿＿＿□＿＿＿＿＿
＿＿＿□□＿＿＿＿＿
＿＿＿□□□＿＿＿＿
＿＿＿□□＿■＿＿＿
＿＿＿□□■■＿＿＿
＿＿□□□■＿＿＿＿
＿＿□□□□□□□□
□＿□□□□□□□□
□＿□□□□□□□□
□□□□□□□□□＿
□□＿□□□□□□□
□＿□□□□□□＿□
□＿□□□□□□□□
01:04:45(116578f):field(116577f)
＿＿＿＿＿＿＿＿＿＿
＿＿＿＿＿＿＿＿＿＿
＿＿＿＿＿＿＿＿＿＿
＿＿＿＿＿＿＿＿＿＿
＿＿＿＿＿＿＿＿＿＿
＿＿＿＿＿＿＿＿＿＿
＿＿＿＿＿＿＿＿＿＿
＿＿＿＿□＿＿＿＿＿
＿＿＿□□＿＿＿＿＿
＿＿＿□□□＿＿＿＿
＿＿＿□□＿□＿■＿
＿＿＿□□□□■■＿
＿＿□□□□＿＿■＿
＿＿□□□□□□□□
□＿□□□□□□□□
□＿□□□□□□□□
□□□□□□□□□＿
□□＿□□□□□□□
□＿□□□□□□＿□
□＿□□□□□□□□
01:04:46(116594f):field(116593f)
＿＿＿＿＿＿＿＿＿＿
＿＿＿＿＿＿＿＿＿＿
＿＿＿＿＿＿＿＿＿＿
＿＿＿＿＿＿＿＿＿＿
＿＿＿＿＿＿＿＿＿＿
＿＿＿＿＿＿＿＿＿＿
＿＿＿＿＿＿＿＿＿＿
＿＿＿＿◆＿＿＿＿＿
＿＿＿◆◆＿＿＿＿＿
＿＿＿◆◆◆＿＿＿＿
＿＿＿◆□＿◆＿◆＿
＿＿＿□□◆◆◆◆＿
＿＿◆□□□＿＿◆＿
＿■□□□□□□□◆
□■□□□□□□□◆
□＿□□□□□◆□◆
□□□□□□□□□＿
□□■□□□□□□□
□＿□□□□□□＿□
□＿□□□□□□□□
01:04:46(116603f):field(116602f)
＿＿＿＿＿＿＿＿＿＿
＿＿＿＿＿＿＿＿＿＿
＿＿＿＿＿＿＿＿＿＿
＿＿＿＿＿＿＿＿＿＿
＿＿＿＿＿＿＿＿＿＿
＿＿＿＿＿＿＿＿＿＿
＿＿＿＿＿＿＿＿＿＿
＿＿＿＿＿＿＿＿＿＿
＿＿＿＿＿＿＿＿＿＿
＿＿＿＿＿＿＿＿＿＿
＿＿＿＿□＿＿＿＿＿
＿＿＿□□＿＿＿＿＿
＿＿＿□□□＿＿＿＿
＿□□□□◆□◆□＿
◆□◆□□□□□□＿
□■□□□□◆＿□＿
□□□□□□□□□＿
□□◆□□□□□□□
□■□□□□□□＿□
□＿□□□□□□□□
01:04:47(116617f):field(116616f)
＿＿＿＿＿＿＿＿＿＿
＿＿＿＿＿＿＿＿＿＿
＿＿＿＿＿＿＿＿＿＿
＿＿＿＿＿＿＿＿＿＿
＿＿＿＿＿＿＿＿＿＿
＿＿＿＿＿＿＿＿＿＿
＿＿＿＿＿＿＿＿＿＿
＿＿＿＿＿＿＿＿＿＿
＿＿＿＿＿＿＿＿＿＿
＿＿＿＿＿＿＿＿＿＿
＿＿＿＿□＿＿＿＿＿
＿＿＿□□＿■＿＿＿
＿＿＿□□□■■＿＿
＿□◆□□＿□■□＿
＿□＿□□□□□□＿
□□□□□□＿＿□＿
□□□□□□□□□＿
□□＿□□□□□□□
□◆□□□□□□＿□
□＿□□□□□□□□
01:04:47(116628f):field(116627f)
＿＿＿＿＿＿＿＿＿＿
＿＿＿＿＿＿＿＿＿＿
＿＿＿＿＿＿＿＿＿＿
＿＿＿＿＿＿＿＿＿＿
＿＿＿＿＿＿＿＿＿＿
＿＿＿＿＿＿＿＿＿＿
＿＿＿＿＿＿＿＿＿＿
＿＿＿＿＿＿＿＿＿＿
＿＿＿＿＿＿＿＿＿＿
＿＿＿＿＿＿＿＿＿＿
＿＿＿＿□＿＿＿＿＿
＿＿■□□＿□＿＿＿
＿＿■□□□□□＿＿
＿□■□□＿□□□＿
＿□■□□□□□□＿
□□□□□□＿＿□＿
□□□□□□□□□＿
□□＿□□□□□□□
□＿□□□□□□＿□
□＿□□□□□□□□
01:04:48(116640f):field(116639f)
＿＿＿＿＿＿＿＿＿＿
＿＿＿＿＿＿＿＿＿＿
＿＿＿＿＿＿＿＿＿＿
＿＿＿＿＿＿＿＿＿＿
＿＿＿＿＿＿＿＿＿＿
＿＿＿＿＿＿＿＿＿＿
＿＿＿＿＿＿＿＿＿＿
＿＿＿＿＿＿＿＿＿＿
＿＿＿＿＿＿＿＿＿＿
＿＿＿＿＿＿■＿＿＿
＿＿＿＿□■■＿＿＿
＿＿□□□■□＿＿＿
＿＿□□□□□□＿＿
＿□□□□＿□□□＿
＿□□□□□□□□＿
□□□□□□＿＿□＿
□□□□□□□□□＿
□□＿□□□□□□□
□＿□□□□□□＿□
□＿□□□□□□□□
01:04:48(116649f):field(116648f)
＿＿＿＿＿＿＿＿＿＿
＿＿＿＿＿＿＿＿＿＿
＿＿＿＿＿＿＿＿＿＿
＿＿＿＿＿＿＿＿＿＿
＿＿＿＿＿＿＿＿＿＿
＿＿＿＿＿＿＿＿＿＿
＿＿＿＿＿＿＿＿＿＿
＿＿＿＿＿＿＿＿＿＿
＿＿＿＿＿＿＿＿＿＿
＿＿＿■■■□＿＿＿
＿＿＿■□□□＿＿＿
＿＿□□□□□＿＿＿
＿＿□□□□□□＿＿
＿□□□□＿□□□＿
＿□□□□□□□□＿
□□□□□□＿＿□＿
□□□□□□□□□＿
□□＿□□□□□□□
□＿□□□□□□＿□
□＿□□□□□□□□
01:04:48(116663f):field(116662f)
＿＿＿＿＿＿＿＿＿＿
＿＿＿＿＿＿＿＿＿＿
＿＿＿＿＿＿＿＿＿＿
＿＿＿＿＿＿＿＿＿＿
＿＿＿＿＿＿＿＿＿＿
＿＿＿＿＿＿＿＿＿＿
＿＿＿＿＿＿＿＿＿＿
＿＿＿＿＿＿＿＿＿＿
＿＿＿＿＿＿＿＿＿＿
＿＿＿□□□□＿＿＿
＿＿＿□□□□＿＿＿
＿＿□□□□□＿＿■
＿＿□□□□□□■■
＿□□□□＿□□□■
＿□□□□□□□□＿
□□□□□□＿＿□＿
□□□□□□□□□＿
□□＿□□□□□□□
□＿□□□□□□＿□
□＿□□□□□□□□
01:04:49(116676f):field(116675f)
＿＿＿＿＿＿＿＿＿＿
＿＿＿＿＿＿＿＿＿＿
＿＿＿＿＿＿＿＿＿＿
＿＿＿＿＿＿＿＿＿＿
＿＿＿＿＿＿＿＿＿＿
＿＿＿＿＿＿＿＿＿＿
＿＿＿＿＿＿＿＿＿＿
＿＿＿＿＿＿＿＿＿＿
＿＿＿＿＿＿＿＿＿＿
＿＿＿□□□□＿＿＿
＿＿＿□□□□＿■■
＿＿□□□□□■■□
＿＿□□□□□□□□
＿□□□□＿□□□□
＿□□□□□□□□＿
□□□□□□＿＿□＿
□□□□□□□□□＿
□□＿□□□□□□□
□＿□□□□□□＿□
□＿□□□□□□□□
01:04:49(116687f):field(116686f)
＿＿＿＿＿＿＿＿＿＿
＿＿＿＿＿＿＿＿＿＿
＿＿＿＿＿＿＿＿＿＿
＿＿＿＿＿＿＿＿＿＿
＿＿＿＿＿＿＿＿＿＿
＿＿＿＿＿＿＿＿＿＿
＿＿＿＿＿＿＿＿＿＿
＿＿＿＿＿＿＿＿＿＿
＿＿＿＿＿＿＿＿＿＿
＿＿＿□□□□＿＿＿
＿＿＿□□□□＿□□
■＿□□□□□□□□
■＿□□□□□□□□
■□□□□＿□□□□
■□□□□□□□□＿
□□□□□□＿＿□＿
□□□□□□□□□＿
□□＿□□□□□□□
□＿□□□□□□＿□
□＿□□□□□□□□
01:04:50(116702f):field(116701f)
＿＿＿＿＿＿＿＿＿＿
＿＿＿＿＿＿＿＿＿＿
＿＿＿＿＿＿＿＿＿＿
＿＿＿＿＿＿＿＿＿＿
＿＿＿＿＿＿＿＿＿＿
＿＿＿＿＿＿＿＿＿＿
＿＿＿＿＿＿＿＿＿＿
＿＿＿＿＿＿＿＿＿＿
＿＿＿＿＿＿＿＿＿＿
＿＿＿◆◆◆◆＿＿＿
＿＿＿◆◆◆□＿◆◆
□■◆□□□□□□□
□■□□□□□◆□□
□□□□□■□□□□
□□□□□□□□□＿
□□□□□□＿＿□＿
□□□□□□□□□＿
□□＿□□□□□□□
□＿□□□□□□＿□
□＿□□□□□□□□
01:04:50(116712f):field(116711f)
＿＿＿＿＿＿＿＿＿＿
＿＿＿＿＿＿＿＿＿＿
＿＿＿＿＿＿＿＿＿＿
＿＿＿＿＿＿＿＿＿＿
＿＿＿＿＿＿＿＿＿＿
＿＿＿＿＿＿＿＿＿＿
＿＿＿＿＿＿＿＿＿＿
＿＿＿＿＿＿＿＿＿＿
＿＿＿＿＿＿＿＿＿＿
＿＿＿＿＿＿＿＿＿＿
＿＿＿＿＿＿◆＿＿＿
□□■□□□□◆◆◆
□□□□□□□■□□
□□□□□◆□□□□
□□□□□□□□□＿
□□□□□□＿＿□＿
□□□□□□□□□＿
□□＿□□□□□□□
□＿□□□□□□＿□
□＿□□□□□□□□
01:04:50(116727f):field(116726f)
＿＿＿＿＿＿＿＿＿＿
＿＿＿＿＿＿＿＿＿＿
＿＿＿＿＿＿＿＿＿＿
＿＿＿＿＿＿＿＿＿＿
＿＿＿＿＿＿＿＿＿＿
＿＿＿＿＿＿＿＿＿＿
＿＿＿＿＿＿＿＿＿＿
＿＿＿＿＿＿＿＿＿＿
＿＿＿＿＿＿＿＿＿＿
＿＿＿＿＿＿＿＿＿＿
＿＿＿＿＿＿＿＿＿＿
◆◆◆◆◆◆◆■■＿
□□□□□□□□□◆
□□□□□■□□□□
□□□□□□□□□＿
□□□□□□＿＿□＿
□□□□□□□□□＿
□□＿□□□□□□□
□＿□□□□□□＿□
□＿□□□□□□□□
01:04:51(116737f):field(116736f)
＿＿＿＿＿＿＿＿＿＿
＿＿＿＿＿＿＿＿＿＿
＿＿＿＿＿＿＿＿＿＿
＿＿＿＿＿＿＿＿＿＿
＿＿＿＿＿＿＿＿＿＿
＿＿＿＿＿＿＿＿＿＿
＿＿＿＿＿＿＿＿＿＿
＿＿＿＿＿＿＿＿＿＿
＿＿＿＿＿＿＿＿＿＿
■＿＿＿＿＿＿＿＿＿
＿■＿＿＿＿＿＿＿＿
■■■＿＿＿＿◆□＿
□□□□□□□□□＿
□□□□□◆□□□□
□□□□□□□□□＿
□□□□□□＿＿□＿
□□□□□□□□□＿
□□＿□□□□□□□
□＿□□□□□□＿□
□＿□□□□□□□□
01:04:51(116747f):field(116746f)
＿＿＿＿＿＿＿＿＿＿
＿＿＿＿＿＿＿＿＿＿
＿＿＿＿＿＿＿＿＿＿
＿＿＿＿＿＿＿＿＿＿
＿＿＿＿＿＿＿＿＿＿
＿＿＿＿＿＿＿＿＿＿
＿＿＿＿＿＿＿＿＿＿
＿＿＿＿＿＿＿＿＿＿
＿＿＿＿＿＿＿＿＿＿
◆＿＿＿＿＿＿＿＿＿
＿□＿■＿＿＿＿＿＿
□□□■■■＿＿□＿
□□□□□□□□□＿
□□□□□＿□□□□
□□□□□□□□□＿
□□□□□□＿＿□＿
□□□□□□□□□＿
□□＿□□□□□□□
□＿□□□□□□＿□
□＿□□□□□□□□
01:04:51(116758f):field(116757f)
＿＿＿＿＿＿＿＿＿＿
＿＿＿＿＿＿＿＿＿＿
＿＿＿＿＿＿＿＿＿＿
＿＿＿＿＿＿＿＿＿＿
＿＿＿＿＿＿＿＿＿＿
＿＿＿＿＿＿＿＿＿＿
＿＿＿＿＿＿＿＿＿＿
＿＿＿＿＿＿＿＿＿＿
＿＿＿＿＿＿＿＿＿＿
＿＿＿＿■■＿＿＿＿
＿□＿□■■＿＿＿＿
□□□□□□＿＿□＿
□□□□□□□□□＿
□□□□□＿□□□□
□□□□□□□□□＿
□□□□□□＿＿□＿
□□□□□□□□□＿
□□＿□□□□□□□
□＿□□□□□□＿□
□＿□□□□□□□□
01:04:52(116769f):field(116768f)
＿＿＿＿＿＿＿＿＿＿
＿＿＿＿＿＿＿＿＿＿
＿＿＿＿＿＿＿＿＿＿
＿＿＿＿＿＿＿＿＿＿
＿＿＿＿＿＿＿＿＿＿
＿＿＿＿＿＿＿＿＿＿
＿＿＿＿＿＿＿＿＿＿
＿＿＿＿＿＿＿＿＿＿
＿＿＿＿＿＿＿＿＿＿
＿＿＿＿□□＿＿＿＿
＿□＿□□□＿■■＿
□□□□□□■■□＿
□□□□□□□□□＿
□□□□□＿□□□□
□□□□□□□□□＿
□□□□□□＿＿□＿
□□□□□□□□□＿
□□＿□□□□□□□
□＿□□□□□□＿□
□＿□□□□□□□□
01:04:52(116781f):field(116780f)
＿＿＿＿＿＿＿＿＿＿
＿＿＿＿＿＿＿＿＿＿
＿＿＿＿＿＿＿＿＿＿
＿＿＿＿＿＿＿＿＿＿
＿＿＿＿＿＿＿＿＿＿
＿＿＿＿＿＿＿＿＿＿
＿＿＿＿＿＿＿＿＿＿
＿＿＿＿＿＿■＿＿＿
＿＿＿＿＿＿■＿＿＿
＿＿＿＿□□■＿＿＿
＿□＿□□□■□□＿
□□□□□□□□□＿
□□□□□□□□□＿
□□□□□＿□□□□
□□□□□□□□□＿
□□□□□□＿＿□＿
□□□□□□□□□＿
□□＿□□□□□□□
□＿□□□□□□＿□
□＿□□□□□□□□
01:04:53(116791f):field(116790f)
＿＿＿＿＿＿＿＿＿＿
＿＿＿＿＿＿＿＿＿＿
＿＿＿＿＿＿＿＿＿＿
＿＿＿＿＿＿＿＿＿＿
＿＿＿＿＿＿＿＿＿＿
＿＿＿＿＿＿＿＿＿＿
＿＿＿＿＿＿＿＿＿＿
＿＿＿＿＿＿□＿＿＿
＿＿＿■＿＿□＿＿＿
＿＿■■□□□＿＿＿
＿□■□□□□□□＿
□□□□□□□□□＿
□□□□□□□□□＿
□□□□□＿□□□□
□□□□□□□□□＿
□□□□□□＿＿□＿
□□□□□□□□□＿
□□＿□□□□□□□
□＿□□□□□□＿□
□＿□□□□□□□□
01:04:53(116802f):field(116801f)
＿＿＿＿＿＿＿＿＿＿
＿＿＿＿＿＿＿＿＿＿
＿＿＿＿＿＿＿＿＿＿
＿＿＿＿＿＿＿＿＿＿
＿＿＿＿＿＿＿＿＿＿
＿＿＿＿＿＿＿＿＿＿
＿＿＿＿■＿＿＿＿＿
＿＿＿＿■＿□＿＿＿
＿＿＿□■■□＿＿＿
＿＿□□□□□＿＿＿
＿□□□□□□□□＿
□□□□□□□□□＿
□□□□□□□□□＿
□□□□□＿□□□□
□□□□□□□□□＿
□□□□□□＿＿□＿
□□□□□□□□□＿
□□＿□□□□□□□
□＿□□□□□□＿□
□＿□□□□□□□□
01:04:53(116815f):field(116814f)
＿＿＿＿＿＿＿＿＿＿
＿＿＿＿＿＿＿＿＿＿
＿＿＿＿＿＿＿＿＿＿
＿＿＿＿＿＿＿＿＿＿
＿＿＿＿＿＿＿＿＿＿
＿＿＿＿＿＿＿＿＿＿
＿＿＿＿□＿＿＿＿＿
＿＿＿＿□＿□＿＿＿
＿＿＿□□□□■■＿
＿＿□□□□□■■＿
＿□□□□□□□□＿
□□□□□□□□□＿
□□□□□□□□□＿
□□□□□＿□□□□
□□□□□□□□□＿
□□□□□□＿＿□＿
□□□□□□□□□＿
□□＿□□□□□□□
□＿□□□□□□＿□
□＿□□□□□□□□
01:04:54(116825f):field(116824f)
＿＿＿＿＿＿＿＿＿＿
＿＿＿＿＿＿＿＿＿＿
＿＿＿＿＿＿＿＿＿＿
＿＿＿＿＿＿＿＿＿＿
＿＿＿＿＿＿＿＿＿＿
＿＿＿■■＿＿＿＿＿
＿＿＿■□＿＿＿＿＿
＿＿＿■□＿□＿＿＿
＿＿＿□□□□□□＿
＿＿□□□□□□□＿
＿□□□□□□□□＿
□□□□□□□□□＿
□□□□□□□□□＿
□□□□□＿□□□□
□□□□□□□□□＿
□□□□□□＿＿□＿
□□□□□□□□□＿
□□＿□□□□□□□
□＿□□□□□□＿□
□＿□□□□□□□□
01:04:54(116839f):field(116838f)
＿＿＿＿＿＿＿＿＿＿
＿＿＿＿＿＿＿＿＿＿
＿＿＿＿＿＿＿＿＿＿
＿＿＿＿＿＿＿＿＿＿
＿＿＿＿＿＿＿＿＿＿
＿＿＿□□＿＿＿＿＿
＿＿＿□□＿＿＿＿＿
＿＿＿□□＿□＿＿＿
■＿＿□□□□□□＿
■■□□□□□□□＿
■□□□□□□□□＿
□□□□□□□□□＿
□□□□□□□□□＿
□□□□□＿□□□□
□□□□□□□□□＿
□□□□□□＿＿□＿
□□□□□□□□□＿
□□＿□□□□□□□
□＿□□□□□□＿□
□＿□□□□□□□□
01:04:55(116851f):field(116850f)
＿＿＿＿＿＿＿＿＿＿
＿＿＿＿＿＿＿＿＿＿
＿＿＿＿＿＿＿＿＿＿
＿＿＿＿＿＿＿＿＿＿
＿＿＿＿＿＿＿＿＿＿
＿＿＿□□＿■＿＿＿
＿＿＿□□■■＿＿＿
＿＿＿□□■□＿＿＿
□＿＿□□□□□□＿
□□□□□□□□□＿
□□□□□□□□□＿
□□□□□□□□□＿
□□□□□□□□□＿
□□□□□＿□□□□
□□□□□□□□□＿
□□□□□□＿＿□＿
□□□□□□□□□＿
□□＿□□□□□□□
□＿□□□□□□＿□
□＿□□□□□□□□
01:04:55(116862f):field(116861f)
＿＿＿＿＿＿＿＿＿＿
＿＿＿＿＿＿＿＿＿＿
＿＿＿＿＿＿＿＿＿＿
＿＿＿＿＿＿＿＿＿＿
＿＿＿＿＿＿＿＿＿＿
＿＿＿□□＿□＿＿＿
■＿＿□□□□＿＿＿
■■＿□□□□＿＿＿
□■＿□□□□□□＿
□□□□□□□□□＿
□□□□□□□□□＿
□□□□□□□□□＿
□□□□□□□□□＿
□□□□□＿□□□□
□□□□□□□□□＿
□□□□□□＿＿□＿
□□□□□□□□□＿
□□＿□□□□□□□
□＿□□□□□□＿□
□＿□□□□□□□□
01:04:55(116875f):field(116874f)
＿＿＿＿＿＿＿＿＿＿
＿＿＿＿＿＿＿＿＿＿
＿＿＿＿＿＿＿＿＿＿
＿＿＿＿＿＿＿＿＿＿
＿＿＿＿＿＿＿＿＿＿
＿＿＿◆◆＿◆＿＿＿
◆＿＿◆◆◆◆＿＿＿
◆◆＿◆◆◆◆＿＿＿
◆◆＿◆□◆◆◆◆＿
◆□□□□□□□◆■
□□□□□□□◆□＿
□□◆□□□□□◆＿
□□□□□□□□□＿
□□□□□＿□□□□
□□□□□□□□□＿
□□□□□□＿＿□＿
□□□□□□□□□＿
□□＿□□□□□□□
□＿□□□□□□＿□
□＿□□□□□□□□
01:04:56(116887f):field(116886f)
＿＿＿＿＿＿＿＿＿＿
＿＿＿＿＿＿＿＿＿＿
＿＿＿＿＿＿＿＿＿＿
＿＿＿＿＿＿＿＿＿＿
＿＿＿＿＿＿＿＿＿＿
＿＿＿＿＿＿＿＿＿＿
＿＿＿＿＿＿＿＿＿＿
＿＿＿＿＿＿＿＿＿＿
＿＿＿＿◆＿＿＿＿＿
＿◆◆□□◆□◆＿◆
□◆◆□□□□＿◆＿
□□＿□□□□□■■
□□◆□□□□□□■
□□□□□＿□□□□
□□□□□□□□□＿
□□□□□□＿＿□＿
□□□□□□□□□＿
□□＿□□□□□□□
□＿□□□□□□＿□
□＿□□□□□□□□
01:04:56(116903f):field(116902f)
＿＿＿＿＿＿＿＿＿＿
＿＿＿＿＿＿＿＿＿＿
＿＿＿＿＿＿＿＿＿＿
＿＿＿＿＿＿＿＿＿＿
＿＿＿＿＿＿＿＿＿＿
＿＿＿＿＿＿＿＿＿＿
＿＿＿＿＿＿＿＿＿＿
＿＿＿＿＿＿＿＿＿＿
＿＿＿＿＿＿＿＿＿＿
＿＿＿◆◆＿◆＿＿＿
◆＿＿◆◆◆□＿＿＿
◆◆＿□□□□□◆◆
□□■□□□□◆◆◆
□□□□□＿□□□□
□□□□□□□□□＿
□□□□□□＿＿□＿
□□□□□□□□□＿
□□＿□□□□□□□
□＿□□□□□□＿□
□＿□□□□□□□□
01:04:57(116914f):field(116913f)
＿＿＿＿＿＿＿＿＿＿
＿＿＿＿＿＿＿＿＿＿
＿＿＿＿＿＿＿＿＿＿
＿＿＿＿＿＿＿＿＿＿
＿＿＿＿＿＿＿＿＿＿
＿＿＿＿＿＿＿＿＿＿
＿＿＿＿＿＿＿＿＿＿
＿＿＿＿＿＿＿＿＿＿
＿＿＿＿＿＿＿＿＿＿
＿＿＿＿＿＿■＿＿＿
＿＿＿＿＿■□＿＿＿
＿＿＿□□□□◆＿＿
□□□□□□□＿＿＿
□□□□□＿□□□□
□□□□□□□□□＿
□□□□□□＿＿□＿
□□□□□□□□□＿
□□＿□□□□□□□
□＿□□□□□□＿□
□＿□□□□□□□□
01:04:57(116924f):field(116923f)
＿＿＿＿＿＿＿＿＿＿
＿＿＿＿＿＿＿＿＿＿
＿＿＿＿＿＿＿＿＿＿
＿＿＿＿＿＿＿＿＿＿
＿＿＿＿＿＿＿＿＿＿
＿＿＿＿＿＿＿＿＿＿
＿＿＿＿＿＿＿＿＿＿
＿＿＿＿＿＿＿＿＿＿
＿＿＿＿＿＿＿＿＿＿
＿＿＿＿■■□＿＿＿
＿＿＿■■□□＿＿＿
＿＿＿□□□□＿＿＿
□□□□□□□＿＿＿
□□□□□＿□□□□
□□□□□□□□□＿
□□□□□□＿＿□＿
□□□□□□□□□＿
□□＿□□□□□□□
□＿□□□□□□＿□
□＿□□□□□□□□
01:04:57(116936f):field(116935f)
＿＿＿＿＿＿＿＿＿＿
＿＿＿＿＿＿＿＿＿＿
＿＿＿＿＿＿＿＿＿＿
＿＿＿＿＿＿＿＿＿＿
＿＿＿＿＿＿＿＿＿＿
＿＿＿＿＿＿＿＿＿＿
＿＿＿＿＿＿＿＿＿＿
＿＿＿＿＿＿＿＿＿＿
＿＿＿＿＿＿＿＿＿＿
＿＿＿＿□□□＿＿＿
＿＿＿□□□□＿＿＿
＿＿＿□□□□■■＿
□□□□□□□■■＿
□□□□□＿□□□□
□□□□□□□□□＿
□□□□□□＿＿□＿
□□□□□□□□□＿
□□＿□□□□□□□
□＿□□□□□□＿□
□＿□□□□□□□□
01:04:58(116948f):field(116947f)
＿＿＿＿＿＿＿＿＿＿
＿＿＿＿＿＿＿＿＿＿
＿＿＿＿＿＿＿＿＿＿
＿＿＿＿＿＿＿＿＿＿
＿＿＿＿＿＿＿＿＿＿
＿＿＿＿＿＿＿＿＿＿
＿＿＿＿＿＿＿＿＿＿
＿＿＿＿＿＿＿＿＿＿
＿＿＿＿＿＿＿＿＿＿
＿＿＿＿□□□＿＿＿
＿■＿□□□□＿＿＿
■■■□□□□□□＿
□□□□□□□□□＿
□□□□□＿□□□□
□□□□□□□□□＿
□□□□□□＿＿□＿
□□□□□□□□□＿
□□＿□□□□□□□
□＿□□□□□□＿□
□＿□□□□□□□□
01:04:58(116959f):field(116958f)
＿＿＿＿＿＿＿＿＿＿
＿＿＿＿＿＿＿＿＿＿
＿＿＿＿＿＿＿＿＿＿
＿＿＿＿＿＿＿＿＿＿
＿＿＿＿＿＿＿＿＿＿
＿＿＿＿＿＿＿＿＿＿
＿＿＿＿＿＿＿＿＿＿
＿＿＿＿＿＿＿＿＿＿
＿＿＿■■■＿＿＿＿
＿＿＿■□□□＿＿＿
＿□＿□□□□＿＿＿
□□□□□□□□□＿
□□□□□□□□□＿
□□□□□＿□□□□
□□□□□□□□□＿
□□□□□□＿＿□＿
□□□□□□□□□＿
□□＿□□□□□□□
□＿□□□□□□＿□
□＿□□□□□□□□
01:04:59(116971f):field(116970f)
＿＿＿＿＿＿＿＿＿＿
＿＿＿＿＿＿＿＿＿＿
＿＿＿＿＿＿＿＿＿＿
＿＿＿＿＿＿＿＿＿＿
＿＿＿＿＿＿＿＿＿＿
＿＿＿＿＿＿＿＿＿＿
＿＿＿＿＿＿＿＿＿＿
■＿＿＿＿＿＿＿＿＿
■＿＿□□□＿＿＿＿
■＿＿□□□□＿＿＿
■□＿□□□□＿＿＿
□□□□□□□□□＿
□□□□□□□□□＿
□□□□□＿□□□□
□□□□□□□□□＿
□□□□□□＿＿□＿
□□□□□□□□□＿
□□＿□□□□□□□
□＿□□□□□□＿□
□＿□□□□□□□□
01:04:59(116984f):field(116983f)
＿＿＿＿＿＿＿＿＿＿
＿＿＿＿＿＿＿＿＿＿
＿＿＿＿＿＿＿＿＿＿
＿＿＿＿＿＿＿＿＿＿
＿＿＿＿＿＿＿＿＿＿
＿＿＿＿＿＿＿＿＿＿
＿＿＿＿＿＿＿＿＿＿
□＿＿＿＿■■＿＿＿
□＿＿□□□■■＿＿
□＿＿□□□□＿＿＿
□□＿□□□□＿＿＿
□□□□□□□□□＿
□□□□□□□□□＿
□□□□□＿□□□□
□□□□□□□□□＿
□□□□□□＿＿□＿
□□□□□□□□□＿
□□＿□□□□□□□
□＿□□□□□□＿□
□＿□□□□□□□□
01:05:00(117000f):field(116999f)
＿＿＿＿＿＿＿＿＿＿
＿＿＿＿＿＿＿＿＿＿
＿＿＿＿＿＿＿＿＿＿
＿＿＿＿＿＿＿＿＿＿
＿＿＿＿＿＿＿＿＿＿
＿＿＿＿＿＿＿＿＿＿
＿＿＿＿＿＿＿＿＿＿
□＿＿＿＿□□＿＿＿
□＿＿□□□□□＿＿
□＿＿□□□□■＿＿
□□＿□□□□■■■
□□□□□□□□□＿
□□□□□□□□□＿
□□□□□＿□□□□
□□□□□□□□□＿
□□□□□□＿＿□＿
□□□□□□□□□＿
□□＿□□□□□□□
□＿□□□□□□＿□
□＿□□□□□□□□
01:05:00(117012f):field(117011f)
＿＿＿＿＿＿＿＿＿＿
＿＿＿＿＿＿＿＿＿＿
＿＿＿＿＿＿＿＿＿＿
＿＿＿＿＿＿＿＿＿＿
＿＿＿＿＿＿＿＿＿＿
＿＿＿＿＿＿＿＿＿＿
＿＿＿＿＿＿＿＿＿＿
◆＿＿＿＿◆◆＿＿＿
□＿＿◆◆□□◆＿＿
□■＿□□□□□■＿
□□■□□□□□□◆
□□□□□□□□□＿
□□□□□□□□□＿
□□□□□＿□□□□
□□□□□□□□□＿
□□□□□□＿＿□＿
□□□□□□□□□＿
□□＿□□□□□□□
□＿□□□□□□＿□
□＿□□□□□□□□
01:05:00(117023f):field(117022f)
＿＿＿＿＿＿＿＿＿＿
＿＿＿＿＿＿＿＿＿＿
＿＿＿＿＿＿＿＿＿＿
＿＿＿＿＿＿＿＿＿＿
＿＿＿＿＿＿＿＿＿＿
＿＿＿＿＿＿＿＿＿＿
＿＿＿＿＿＿＿＿＿＿
＿＿＿＿＿＿＿＿＿＿
□＿■■■□□＿＿＿
□□■□□□□□◆＿
□□□□□□□□◆＿
□□□□□□□□□＿
□□□□□□□□□＿
□□□□□＿□□□□
□□□□□□□□□＿
□□□□□□＿＿□＿
□□□□□□□□□＿
□□＿□□□□□□□
□＿□□□□□□＿□
□＿□□□□□□□□
01:05:01(117033f):field(117032f)
＿＿＿＿＿＿＿＿＿＿
＿＿＿＿＿＿＿＿＿＿
＿＿＿＿＿＿＿＿＿＿
＿＿＿＿＿＿＿＿＿＿
＿＿＿＿＿＿＿＿＿＿
＿＿＿＿＿＿＿＿＿＿
＿＿＿＿＿＿＿＿＿＿
■■■＿＿＿＿＿＿＿
□■□□□□□＿＿＿
□□□□□□□□＿＿
□□□□□□□□＿＿
□□□□□□□□□＿
□□□□□□□□□＿
□□□□□＿□□□□
□□□□□□□□□＿
□□□□□□＿＿□＿
□□□□□□□□□＿
□□＿□□□□□□□
□＿□□□□□□＿□
□＿□□□□□□□□
01:05:01(117044f):field(117043f)
＿＿＿＿＿＿＿＿＿＿
＿＿＿＿＿＿＿＿＿＿
＿＿＿＿＿＿＿＿＿＿
＿＿＿＿＿＿＿＿＿＿
＿＿＿＿＿＿＿＿＿＿
＿＿＿＿＿＿＿＿＿＿
＿＿■■＿＿＿＿＿＿
□□□■■＿＿＿＿＿
□□□□□□□＿＿＿
□□□□□□□□＿＿
□□□□□□□□＿＿
□□□□□□□□□＿
□□□□□□□□□＿
□□□□□＿□□□□
□□□□□□□□□＿
□□□□□□＿＿□＿
□□□□□□□□□＿
□□＿□□□□□□□
□＿□□□□□□＿□
□＿□□□□□□□□
01:05:01(117059f):field(117058f)
＿＿＿＿＿＿＿＿＿＿
＿＿＿＿＿＿＿＿＿＿
＿＿＿＿＿＿＿＿＿＿
＿＿＿＿＿＿＿＿＿＿
＿＿＿＿＿＿＿＿＿＿
＿＿＿＿＿＿＿＿＿＿
＿＿◆◆＿＿＿＿＿＿
◆◆◆◆◆＿＿＿＿＿
◆◆□□◆◆◆＿＿＿
□□□□□◆◆◆＿＿
□□□□□□□◆＿＿
□□□□□□□□◆■
□□□□□□□□◆■
□□□□□＿□□□□
□□□□□□□□□＿
□□□□□□＿＿□＿
□□□□□□□□□＿
□□＿□□□□□□□
□＿□□□□□□＿□
□＿□□□□□□□□
01:05:02(117069f):field(117068f)
＿＿＿＿＿＿＿＿＿＿
＿＿＿＿＿＿＿＿＿＿
＿＿＿＿＿＿＿＿＿＿
＿＿＿＿＿＿＿＿＿＿
＿＿＿＿＿＿＿＿＿＿
＿＿＿＿＿＿＿＿＿＿
＿＿＿＿＿＿＿＿＿＿
＿＿＿＿＿＿＿＿＿＿
＿＿□□＿■■＿＿＿
□□□□□■■＿＿＿
□□□□□□□＿＿＿
□□□□□□□□＿□
□□□□□□□□＿□
□□□□□＿□□□□
□□□□□□□□□＿
□□□□□□＿＿□＿
□□□□□□□□□＿
□□＿□□□□□□□
□＿□□□□□□＿□
□＿□□□□□□□□
01:05:02(117084f):field(117083f)
＿＿＿＿＿＿＿＿＿＿
＿＿＿＿＿＿＿＿＿＿
＿＿＿＿＿＿＿＿＿＿
＿＿＿＿＿＿＿＿＿＿
＿＿＿＿＿＿＿＿＿＿
＿＿＿＿＿＿＿＿＿＿
＿＿＿＿＿＿＿＿＿＿
＿＿＿＿＿＿＿＿＿＿
＿＿◆◆＿◆◆＿＿＿
◆◆◆◆◆◆◆＿＿＿
◆◆□□◆□□＿＿＿
□□□□□□□□＿◆
□□□□□□□◆■□
□□□□□＿□□□□
□□□□□□□□□■
□□□□□□＿＿□＿
□□□□□□□□□＿
□□＿□□□□□□□
□＿□□□□□□＿□
□＿□□□□□□□□
01:05:03(117095f):field(117094f)
＿＿＿＿＿＿＿＿＿＿
＿＿＿＿＿＿＿＿＿＿
＿＿＿＿＿＿＿＿＿＿
＿＿＿＿＿＿＿＿＿＿
＿＿＿＿＿＿＿＿＿＿
＿＿＿＿＿＿＿＿＿＿
＿＿＿＿＿＿＿＿＿＿
＿＿＿＿＿＿＿＿＿＿
＿＿＿＿■＿＿＿＿＿
＿＿＿■■＿＿＿＿＿
＿＿□□■□□＿＿＿
□□□□□□□◆＿＿
□□□□□□□＿□□
□□□□□＿□□□□
□□□□□□□□□◆
□□□□□□＿＿□＿
□□□□□□□□□＿
□□＿□□□□□□□
□＿□□□□□□＿□
□＿□□□□□□□□
01:05:03(117106f):field(117105f)
＿＿＿＿＿＿＿＿＿＿
＿＿＿＿＿＿＿＿＿＿
＿＿＿＿＿＿＿＿＿＿
＿＿＿＿＿＿＿＿＿＿
＿＿＿＿＿＿＿＿＿＿
＿＿＿＿＿＿＿＿＿＿
＿＿＿＿＿＿＿＿＿＿
＿＿＿＿＿＿＿＿＿＿
■＿＿＿□＿＿＿＿＿
■＿＿□□＿＿＿＿＿
■■□□□□□＿＿＿
□□□□□□□＿＿＿
□□□□□□□＿□□
□□□□□＿□□□□
□□□□□□□□□＿
□□□□□□＿＿□＿
□□□□□□□□□＿
□□＿□□□□□□□
□＿□□□□□□＿□
□＿□□□□□□□□
01:05:03(117117f):field(117116f)
＿＿＿＿＿＿＿＿＿＿
＿＿＿＿＿＿＿＿＿＿
＿＿＿＿＿＿＿＿＿＿
＿＿＿＿＿＿＿＿＿＿
＿＿＿＿＿＿＿＿＿＿
＿＿＿＿＿＿＿＿＿＿
＿＿＿＿＿＿＿＿＿＿
＿＿＿＿＿＿＿＿＿＿
□＿■■□＿＿＿＿＿
□■■□□＿＿＿＿＿
□□□□□□□＿＿＿
□□□□□□□＿＿＿
□□□□□□□＿□□
□□□□□＿□□□□
□□□□□□□□□＿
□□□□□□＿＿□＿
□□□□□□□□□＿
□□＿□□□□□□□
□＿□□□□□□＿□
□＿□□□□□□□□
01:05:04(117129f):field(117128f)
＿＿＿＿＿＿＿＿＿＿
＿＿＿＿＿＿＿＿＿＿
＿＿＿＿＿＿＿＿＿＿
＿＿＿＿＿＿＿＿＿＿
＿＿＿＿＿＿＿＿＿＿
＿＿＿＿＿＿＿＿＿＿
＿＿＿＿＿＿＿＿＿＿
＿＿＿＿＿＿＿＿＿＿
□＿□□□＿＿＿＿■
□□□□□＿＿＿＿■
□□□□□□□＿＿■
□□□□□□□＿＿■
□□□□□□□＿□□
□□□□□＿□□□□
□□□□□□□□□＿
□□□□□□＿＿□＿
□□□□□□□□□＿
□□＿□□□□□□□
□＿□□□□□□＿□
□＿□□□□□□□□
01:05:04(117142f):field(117141f)
＿＿＿＿＿＿＿＿＿＿
＿＿＿＿＿＿＿＿＿＿
＿＿＿＿＿＿＿＿＿＿
＿＿＿＿＿＿＿＿＿＿
＿＿＿＿＿＿＿＿＿＿
＿＿＿＿＿＿＿＿＿＿
＿＿＿＿＿＿＿＿＿＿
＿＿＿＿＿＿＿＿＿＿
◆＿◆◆◆＿＿＿＿◆
◆◆◆◆□＿＿＿＿◆
□◆□□□□□＿＿□
□□□□□◆□■■□
□□□□□□□＿□□
□□□□□■□□□□
□□□□□□□□□＿
□□□□□□＿＿□＿
□□□□□□□□□＿
□□＿□□□□□□□
□＿□□□□□□＿□
□＿□□□□□□□□
01:05:05(117154f):field(117153f)
＿＿＿＿＿＿＿＿＿＿
＿＿＿＿＿＿＿＿＿＿
＿＿＿＿＿＿＿＿＿＿
＿＿＿＿＿＿＿＿＿＿
＿＿＿＿＿＿＿＿＿＿
＿＿＿＿＿＿＿＿＿＿
＿＿＿＿＿＿＿＿＿＿
＿＿＿＿＿＿＿＿＿＿
＿＿＿＿＿＿＿＿＿＿
＿＿＿＿◆＿＿＿＿＿
◆＿◆◆◆◆◆＿＿◆
□◆□□□■□◆◆□
□□□□□◆□■□□
□□□□□◆□□□□
□□□□□□□□□＿
□□□□□□＿＿□＿
□□□□□□□□□＿
□□＿□□□□□□□
□＿□□□□□□＿□
□＿□□□□□□□□
01:05:05(117165f):field(117164f)
＿＿＿＿＿＿＿＿＿＿
＿＿＿＿＿＿＿＿＿＿
＿＿＿＿＿＿＿＿＿＿
＿＿＿＿＿＿＿＿＿＿
＿＿＿＿＿＿＿＿＿＿
＿＿＿＿＿＿＿＿＿＿
＿＿＿＿＿＿＿＿＿＿
＿＿＿＿＿＿＿＿＿＿
＿＿＿＿＿＿＿＿＿＿
＿＿＿＿＿＿＿＿＿＿
＿＿＿＿＿＿＿＿＿＿
◆＿◆◆◆◆□＿■◆
□□□□□■□□◆□
□□□□□＿□□□□
□□□□□□□□□■
□□□□□□＿＿□＿
□□□□□□□□□＿
□□＿□□□□□□□
□＿□□□□□□＿□
□＿□□□□□□□□
01:05:05(117175f):field(117174f)
＿＿＿＿＿＿＿＿＿＿
＿＿＿＿＿＿＿＿＿＿
＿＿＿＿＿＿＿＿＿＿
＿＿＿＿＿＿＿＿＿＿
＿＿＿＿＿＿＿＿＿＿
＿＿＿＿＿＿＿＿＿＿
＿＿＿＿＿＿＿＿＿＿
＿＿＿＿＿＿＿＿＿＿
＿＿＿＿＿＿＿＿＿＿
＿＿＿＿＿＿＿＿＿＿
＿＿＿＿＿■＿＿■＿
＿＿＿■■■□＿◆＿
□◆□□□□□◆■□
□□□□□■□□□□
□□□□□□□□□◆
□□□□□□＿＿□＿
□□□□□□□□□＿
□□＿□□□□□□□
□＿□□□□□□＿□
□＿□□□□□□□□
01:05:06(117188f):field(117187f)
＿＿＿＿＿＿＿＿＿＿
＿＿＿＿＿＿＿＿＿＿
＿＿＿＿＿＿＿＿＿＿
＿＿＿＿＿＿＿＿＿＿
＿＿＿＿＿＿＿＿＿＿
＿＿＿＿＿＿＿＿＿＿
＿＿＿＿＿＿＿＿＿＿
＿＿＿＿＿＿＿＿＿＿
＿＿＿＿＿＿＿＿＿＿
＿＿＿＿＿＿＿＿＿＿
＿＿＿＿＿□＿＿□＿
＿＿＿□□□□＿■＿
□＿□□□□□■□□
□□□□□◆□□□□
□□□□□□□□□＿
□□□□□□＿＿□＿
□□□□□□□□□＿
□□＿□□□□□□□
□＿□□□□□□＿□
□＿□□□□□□□□
01:05:06(117199f):field(117198f)
＿＿＿＿＿＿＿＿＿＿
＿＿＿＿＿＿＿＿＿＿
＿＿＿＿＿＿＿＿＿＿
＿＿＿＿＿＿＿＿＿＿
＿＿＿＿＿＿＿＿＿＿
＿＿＿＿＿＿＿＿＿＿
＿＿＿＿＿＿＿＿＿＿
＿＿＿＿＿＿＿＿＿＿
＿＿＿＿＿＿＿■＿＿
＿＿＿＿＿＿＿■＿＿
＿＿＿＿＿□＿■□＿
＿＿＿□□□□■□＿
□＿□□□□□□□□
□□□□□＿□□□□
□□□□□□□□□＿
□□□□□□＿＿□＿
□□□□□□□□□＿
□□＿□□□□□□□
□＿□□□□□□＿□
□＿□□□□□□□□
01:05:07(117214f):field(117213f)
＿＿＿＿＿＿＿＿＿＿
＿＿＿＿＿＿＿＿＿＿
＿＿＿＿＿＿＿＿＿＿
＿＿＿＿＿＿＿＿＿＿
＿＿＿＿＿＿＿＿＿＿
＿＿＿＿＿＿＿＿＿＿
＿＿＿＿＿＿＿＿＿＿
＿＿＿＿＿＿＿＿＿＿
＿＿＿＿＿＿＿◆＿＿
＿＿＿＿＿＿＿□＿＿
＿＿＿＿＿◆＿□◆＿
＿■■◆◆□◆□□■
◆■□□□□□□□◆
□□□□□■□□□□
□□□□□□□□□＿
□□□□□□＿＿□＿
□□□□□□□□□＿
□□＿□□□□□□□
□＿□□□□□□＿□
□＿□□□□□□□□
01:05:07(117223f):field(117222f)
＿＿＿＿＿＿＿＿＿＿
＿＿＿＿＿＿＿＿＿＿
＿＿＿＿＿＿＿＿＿＿
＿＿＿＿＿＿＿＿＿＿
＿＿＿＿＿＿＿＿＿＿
＿＿＿＿＿＿＿＿＿＿
＿＿＿＿＿＿＿＿＿＿
＿＿＿＿＿＿＿＿＿＿
＿＿＿＿＿＿＿＿＿＿
＿＿＿＿＿＿＿□＿＿
＿＿＿■■＿＿□＿＿
＿◆□■■□＿□□◆
＿□□□□□□□□＿
□□□□□◆□□□□
□□□□□□□□□＿
□□□□□□＿＿□＿
□□□□□□□□□＿
□□＿□□□□□□□
□＿□□□□□□＿□
□＿□□□□□□□□
01:05:07(117235f):field(117234f)
＿＿＿＿＿＿＿＿＿＿
＿＿＿＿＿＿＿＿＿＿
＿＿＿＿＿＿＿＿＿＿
＿＿＿＿＿＿＿＿＿＿
＿＿＿＿＿＿＿＿＿＿
＿＿＿＿＿＿＿＿＿＿
＿＿＿＿＿＿＿＿＿＿
＿＿＿＿＿＿＿＿＿＿
＿＿＿＿＿＿＿＿＿＿
＿＿＿＿＿＿■□＿＿
＿＿＿□□■■□＿＿
＿＿□□□□■□□＿
＿□□□□□□□□＿
□□□□□＿□□□□
□□□□□□□□□＿
□□□□□□＿＿□＿
□□□□□□□□□＿
□□＿□□□□□□□
□＿□□□□□□＿□
□＿□□□□□□□□
01:05:08(117246f):field(117245f)
＿＿＿＿＿＿＿＿＿＿
＿＿＿＿＿＿＿＿＿＿
＿＿＿＿＿＿＿＿＿＿
＿＿＿＿＿＿＿＿＿＿
＿＿＿＿＿＿＿＿＿＿
＿＿＿＿＿＿＿＿＿＿
＿＿＿＿＿＿＿＿＿＿
＿＿＿＿＿＿＿＿＿＿
＿＿＿＿＿＿＿＿＿＿
＿＿■■■＿□□＿＿
＿＿■□□□□□＿＿
＿＿□□□□□□□＿
＿□□□□□□□□＿
□□□□□＿□□□□
□□□□□□□□□＿
□□□□□□＿＿□＿
□□□□□□□□□＿
□□＿□□□□□□□
□＿□□□□□□＿□
□＿□□□□□□□□
01:05:08(117254f):field(117253f)
＿＿＿＿＿＿＿＿＿＿
＿＿＿＿＿＿＿＿＿＿
＿＿＿＿＿＿＿＿＿＿
＿＿＿＿＿＿＿＿＿＿
＿＿＿＿＿＿＿＿＿＿
＿＿＿＿＿＿＿＿＿＿
＿＿＿＿＿＿＿＿＿＿
＿＿＿＿＿＿＿＿＿＿
＿＿＿■■■＿＿＿＿
＿＿□□□■□□＿＿
＿＿□□□□□□＿＿
＿＿□□□□□□□＿
＿□□□□□□□□＿
□□□□□＿□□□□
□□□□□□□□□＿
□□□□□□＿＿□＿
□□□□□□□□□＿
□□＿□□□□□□□
□＿□□□□□□＿□
□＿□□□□□□□□
01:05:08(117265f):field(117264f)
＿＿＿＿＿＿＿＿＿＿
＿＿＿＿＿＿＿＿＿＿
＿＿＿＿＿＿＿＿＿＿
＿＿＿＿＿＿＿＿＿＿
＿＿＿＿＿＿＿＿＿＿
＿＿＿＿＿＿＿＿＿＿
＿＿＿＿＿＿＿＿＿＿
＿＿＿＿＿＿＿＿＿＿
＿＿＿□□□＿＿＿＿
＿＿□□□□□□＿■
＿＿□□□□□□＿■
＿＿□□□□□□□■
＿□□□□□□□□■
□□□□□＿□□□□
□□□□□□□□□＿
□□□□□□＿＿□＿
□□□□□□□□□＿
□□＿□□□□□□□
□＿□□□□□□＿□
□＿□□□□□□□□
01:05:09(117277f):field(117276f)
＿＿＿＿＿＿＿＿＿＿
＿＿＿＿＿＿＿＿＿＿
＿＿＿＿＿＿＿＿＿＿
＿＿＿＿＿＿＿＿＿＿
＿＿＿＿＿＿＿＿＿＿
＿＿＿＿＿＿＿＿＿＿
＿＿＿＿＿■＿＿＿＿
＿＿＿＿＿■■＿＿＿
＿＿＿□□□■＿＿＿
＿＿□□□□□□＿□
＿＿□□□□□□＿□
＿＿□□□□□□□□
＿□□□□□□□□□
□□□□□＿□□□□
□□□□□□□□□＿
□□□□□□＿＿□＿
□□□□□□□□□＿
□□＿□□□□□□□
□＿□□□□□□＿□
□＿□□□□□□□□
01:05:09(117291f):field(117290f)
＿＿＿＿＿＿＿＿＿＿
＿＿＿＿＿＿＿＿＿＿
＿＿＿＿＿＿＿＿＿＿
＿＿＿＿＿＿＿＿＿＿
＿＿＿＿＿＿＿＿＿＿
＿＿＿＿＿＿＿＿＿＿
＿＿＿＿＿◆＿＿＿＿
＿＿＿＿＿◆◆＿＿＿
＿＿＿◆◆□◆＿＿＿
＿＿◆◆◆□□◆＿◆
■■◆□□□□◆■□
＿■□□□□□□◆□
＿□□□□□□□□□
□□□□□■□□□□
□□□□□□□□□＿
□□□□□□＿＿□＿
□□□□□□□□□＿
□□＿□□□□□□□
□＿□□□□□□＿□
□＿□□□□□□□□
01:05:10(117300f):field(117299f)
＿＿＿＿＿＿＿＿＿＿
＿＿＿＿＿＿＿＿＿＿
＿＿＿＿＿＿＿＿＿＿
＿＿＿＿＿＿＿＿＿＿
＿＿＿＿＿＿＿＿＿＿
＿＿＿＿＿＿＿＿＿＿
＿＿＿＿＿＿＿＿＿＿
＿＿＿＿＿＿＿＿＿＿
＿■＿■■□＿＿＿＿
■＿＿■■□□＿＿＿
◆◆■□□□□＿◆◆
＿◆□□□□□□＿□
＿□□□□□□□◆□
□□□□□◆□□□□
□□□□□□□□□＿
□□□□□□＿＿□＿
□□□□□□□□□＿
□□＿□□□□□□□
□＿□□□□□□＿□
□＿□□□□□□□□
01:05:10(117312f):field(117311f)
＿＿＿＿＿＿＿＿＿＿
＿＿＿＿＿＿＿＿＿＿
＿＿＿＿＿＿＿＿＿＿
＿＿＿＿＿＿＿＿＿＿
＿＿＿＿＿＿＿＿＿＿
＿＿＿＿＿＿＿＿＿＿
＿＿＿＿＿＿＿＿＿＿
＿＿＿＿＿＿＿＿＿＿
＿◆＿□□□＿＿＿＿
◆＿＿□□□□＿＿＿
＿＿◆□□□□＿■■
＿＿□□□□□□■□
＿□□□□□□□■□
□□□□□＿□□□□
□□□□□□□□□＿
□□□□□□＿＿□＿
□□□□□□□□□＿
□□＿□□□□□□□
□＿□□□□□□＿□
□＿□□□□□□□□
01:05:10(117323f):field(117322f)
＿＿＿＿＿＿＿＿＿＿
＿＿＿＿＿＿＿＿＿＿
＿＿＿＿＿＿＿＿＿＿
＿＿＿＿＿＿＿＿＿＿
＿＿＿＿＿＿＿＿＿＿
＿＿＿＿＿＿＿＿＿＿
＿＿＿＿＿＿＿＿＿＿
＿＿＿＿＿＿＿＿＿＿
＿＿＿□□□＿＿＿＿
＿＿＿□□□□■■■
＿＿＿□□□□■□□
＿＿□□□□□□□□
＿□□□□□□□□□
□□□□□＿□□□□
□□□□□□□□□＿
□□□□□□＿＿□＿
□□□□□□□□□＿
□□＿□□□□□□□
□＿□□□□□□＿□
□＿□□□□□□□□
01:05:11(117335f):field(117334f)
＿＿＿＿＿＿＿＿＿＿
＿＿＿＿＿＿＿＿＿＿
＿＿＿＿＿＿＿＿＿＿
＿＿＿＿＿＿＿＿＿＿
＿＿＿＿＿＿＿＿＿＿
＿＿＿＿＿＿＿＿＿＿
＿＿＿＿＿＿＿＿＿＿
＿＿＿＿＿＿＿＿＿＿
＿＿＿◆◆◆＿＿＿＿
＿＿＿◆◆◆◆◆◆◆
＿■＿□□□◆◆◆□
■■□□□□□□□□
■□□□□□□□□□
□□□□□■□□□□
□□□□□□□□□＿
□□□□□□＿＿□＿
□□□□□□□□□＿
□□＿□□□□□□□
□＿□□□□□□＿□
□＿□□□□□□□□
01:05:11(117344f):field(117343f)
＿＿＿＿＿＿＿＿＿＿
＿＿＿＿＿＿＿＿＿＿
＿＿＿＿＿＿＿＿＿＿
＿＿＿＿＿＿＿＿＿＿
＿＿＿＿＿＿＿＿＿＿
＿＿＿＿＿＿＿＿＿＿
＿＿＿＿＿＿＿＿＿＿
＿＿＿＿＿＿＿＿＿＿
＿＿＿＿＿＿＿＿＿＿
＿■＿＿＿＿＿＿＿＿
■◆＿□□□＿＿＿◆
□□◆□□□□□□□
□□◆□□□□□□□
□□□□□◆□□□□
□□□□□□□□□＿
□□□□□□＿＿□＿
□□□□□□□□□＿
□□＿□□□□□□□
□＿□□□□□□＿□
□＿□□□□□□□□
01:05:11(117358f):field(117357f)
＿＿＿＿＿＿＿＿＿＿
＿＿＿＿＿＿＿＿＿＿
＿＿＿＿＿＿＿＿＿＿
＿＿＿＿＿＿＿＿＿＿
＿＿＿＿＿＿＿＿＿＿
＿＿＿＿＿＿＿＿＿＿
＿＿＿＿＿＿＿＿＿＿
＿＿＿＿＿＿＿＿＿＿
＿＿＿＿＿＿＿＿＿＿
＿◆＿＿＿＿＿＿＿＿
◆■＿◆◆◆■■＿＿
◆□■◆□◆□□◆□
□□■□□□◆□□◆
□□□□□■□□□□
□□□□□□□□□＿
□□□□□□＿＿□＿
□□□□□□□□□＿
□□＿□□□□□□□
□＿□□□□□□＿□
□＿□□□□□□□□
01:05:12(117367f):field(117366f)
＿＿＿＿＿＿＿＿＿＿
＿＿＿＿＿＿＿＿＿＿
＿＿＿＿＿＿＿＿＿＿
＿＿＿＿＿＿＿＿＿＿
＿＿＿＿＿＿＿＿＿＿
＿＿＿＿＿＿＿＿＿＿
＿＿＿＿＿＿＿＿＿＿
＿＿＿＿＿＿＿＿＿＿
＿＿＿＿＿＿＿＿＿＿
＿＿＿＿＿＿＿＿＿＿
＿◆■■＿＿◆◆＿＿
＿◆□■□■◆◆■◆
□◆□□□□＿◆□＿
□□□□□◆□□□□
□□□□□□□□□＿
□□□□□□＿＿□＿
□□□□□□□□□＿
□□＿□□□□□□□
□＿□□□□□□＿□
□＿□□□□□□□□
01:05:12(117378f):field(117377f)
＿＿＿＿＿＿＿＿＿＿
＿＿＿＿＿＿＿＿＿＿
＿＿＿＿＿＿＿＿＿＿
＿＿＿＿＿＿＿＿＿＿
＿＿＿＿＿＿＿＿＿＿
＿＿＿＿＿＿＿＿＿＿
＿＿＿＿＿＿＿＿＿＿
＿＿＿＿＿＿＿＿＿＿
＿＿＿＿＿＿＿＿＿＿
＿＿＿＿＿＿＿＿＿＿
＿＿□□＿＿＿＿＿＿
＿＿□□□◆＿＿◆■
□＿□□□□＿■□■
□□□□□＿□□□□
□□□□□□□□□＿
□□□□□□＿＿□＿
□□□□□□□□□＿
□□＿□□□□□□□
□＿□□□□□□＿□
□＿□□□□□□□□
01:05:13(117391f):field(117390f)
＿＿＿＿＿＿＿＿＿＿
＿＿＿＿＿＿＿＿＿＿
＿＿＿＿＿＿＿＿＿＿
＿＿＿＿＿＿＿＿＿＿
＿＿＿＿＿＿＿＿＿＿
＿＿＿＿＿＿＿＿＿＿
＿＿＿＿＿＿＿＿＿＿
＿＿＿＿＿＿＿＿＿＿
＿＿＿＿＿＿＿＿＿＿
＿＿＿＿＿＿＿＿＿＿
＿＿□□＿＿■＿＿＿
＿＿□□□■■＿＿□
□＿□□□□■□□□
□□□□□＿□□□□
□□□□□□□□□＿
□□□□□□＿＿□＿
□□□□□□□□□＿
□□＿□□□□□□□
□＿□□□□□□＿□
□＿□□□□□□□□
01:05:13(117402f):field(117401f)
＿＿＿＿＿＿＿＿＿＿
＿＿＿＿＿＿＿＿＿＿
＿＿＿＿＿＿＿＿＿＿
＿＿＿＿＿＿＿＿＿＿
＿＿＿＿＿＿＿＿＿＿
＿＿＿＿＿＿＿＿＿＿
＿＿＿＿＿＿＿＿＿＿
＿＿＿＿＿＿＿＿＿＿
＿＿＿＿＿＿＿＿＿＿
＿＿＿＿■■＿＿＿＿
＿＿□□■■□＿＿＿
＿＿□□□□□＿＿□
□＿□□□□□□□□
□□□□□＿□□□□
□□□□□□□□□＿
□□□□□□＿＿□＿
□□□□□□□□□＿
□□＿□□□□□□□
□＿□□□□□□＿□
□＿□□□□□□□□
01:05:13(117414f):field(117413f)
＿＿＿＿＿＿＿＿＿＿
＿＿＿＿＿＿＿＿＿＿
＿＿＿＿＿＿＿＿＿＿
＿＿＿＿＿＿＿＿＿＿
＿＿＿＿＿＿＿＿＿＿
＿＿＿＿＿＿＿＿＿＿
＿＿＿＿＿＿＿＿＿＿
＿＿＿＿＿＿＿＿＿＿
＿＿＿＿＿＿＿＿■＿
＿＿＿＿□□＿＿■＿
＿＿□□□□□＿■＿
＿＿□□□□□＿■□
□＿□□□□□□□□
□□□□□＿□□□□
□□□□□□□□□＿
□□□□□□＿＿□＿
□□□□□□□□□＿
□□＿□□□□□□□
□＿□□□□□□＿□
□＿□□□□□□□□
01:05:14(117425f):field(117424f)
＿＿＿＿＿＿＿＿＿＿
＿＿＿＿＿＿＿＿＿＿
＿＿＿＿＿＿＿＿＿＿
＿＿＿＿＿＿＿＿＿＿
＿＿＿＿＿＿＿＿＿＿
＿＿＿＿＿＿＿＿＿＿
＿＿＿＿＿＿＿＿＿＿
＿＿＿＿■＿＿＿＿＿
＿＿＿■■＿＿＿□＿
＿＿＿■□□＿＿□＿
＿＿□□□□□＿□＿
＿＿□□□□□＿□□
□＿□□□□□□□□
□□□□□＿□□□□
□□□□□□□□□＿
□□□□□□＿＿□＿
□□□□□□□□□＿
□□＿□□□□□□□
□＿□□□□□□＿□
□＿□□□□□□□□
01:05:14(117439f):field(117438f)
＿＿＿＿＿＿＿＿＿＿
＿＿＿＿＿＿＿＿＿＿
＿＿＿＿＿＿＿＿＿＿
＿＿＿＿＿＿＿＿＿＿
＿＿＿＿＿＿＿＿＿＿
＿＿＿＿＿＿＿＿＿＿
＿＿＿＿＿＿＿＿＿＿
＿＿＿＿◆＿＿＿＿＿
＿＿＿◆□＿＿＿◆＿
＿＿＿□□◆＿＿□＿
＿＿◆□□□◆＿□＿
■＿□□□□□＿□◆
□■□□□□□◆□□
□□□□□＿□□□□
□□□□□□□□□＿
□□□□□□＿＿□＿
□□□□□□□□□＿
□□＿□□□□□□□
□＿□□□□□□＿□
□＿□□□□□□□□
01:05:15(117450f):field(117449f)
＿＿＿＿＿＿＿＿＿＿
＿＿＿＿＿＿＿＿＿＿
＿＿＿＿＿＿＿＿＿＿
＿＿＿＿＿＿＿＿＿＿
＿＿＿＿＿＿＿＿＿＿
＿＿＿＿＿＿＿＿＿＿
＿＿＿＿＿＿＿＿＿＿
＿＿＿＿＿＿＿＿＿＿
＿＿■■□＿＿＿＿＿
＿＿■□□＿＿＿□＿
＿＿■□□□＿＿□＿
□＿□□□□□＿□＿
□□□□□□□＿□□
□□□□□＿□□□□
□□□□□□□□□＿
□□□□□□＿＿□＿
□□□□□□□□□＿
□□＿□□□□□□□
□＿□□□□□□＿□
□＿□□□□□□□□
01:05:15(117462f):field(117461f)
＿＿＿＿＿＿＿＿＿＿
＿＿＿＿＿＿＿＿＿＿
＿＿＿＿＿＿＿＿＿＿
＿＿＿＿＿＿＿＿＿＿
＿＿＿＿＿＿＿＿＿＿
＿＿＿＿＿＿＿＿＿＿
＿＿＿＿＿＿＿＿＿＿
＿＿＿＿＿＿＿＿＿＿
＿＿□□□＿＿＿＿＿
＿■□□□＿＿＿□＿
■■□□□□＿＿□＿
□■□□□□□＿□＿
□□□□□□□＿□□
□□□□□＿□□□□
□□□□□□□□□＿
□□□□□□＿＿□＿
□□□□□□□□□＿
□□＿□□□□□□□
□＿□□□□□□＿□
□＿□□□□□□□□
01:05:15(117474f):field(117473f)
＿＿＿＿＿＿＿＿＿＿
＿＿＿＿＿＿＿＿＿＿
＿＿＿＿＿＿＿＿＿＿
＿＿＿＿＿＿＿＿＿＿
＿＿＿＿＿＿＿＿＿＿
＿＿＿＿＿＿＿＿＿＿
＿＿＿＿＿＿＿＿＿＿
＿＿＿＿＿＿＿＿＿＿
＿＿◆◆◆＿＿＿＿＿
＿◆□□□＿＿＿◆＿
◆□□□□◆＿■□＿
□□□□□□□■□＿
□□□□□□□■□□
□□□□□■□□□□
□□□□□□□□□＿
□□□□□□＿＿□＿
□□□□□□□□□＿
□□＿□□□□□□□
□＿□□□□□□＿□
□＿□□□□□□□□
01:05:16(117485f):field(117484f)
＿＿＿＿＿＿＿＿＿＿
＿＿＿＿＿＿＿＿＿＿
＿＿＿＿＿＿＿＿＿＿
＿＿＿＿＿＿＿＿＿＿
＿＿＿＿＿＿＿＿＿＿
＿＿＿＿＿＿＿＿＿＿
＿＿＿＿＿＿＿＿＿＿
＿＿＿＿＿＿＿＿＿＿
＿＿＿＿■■＿＿＿＿
＿＿□□□■＿＿＿＿
＿□□□□■＿□□＿
□□□□□□◆□□＿
□□□□□□□□□◆
□□□□□◆□□□□
□□□□□□□□□＿
□□□□□□＿＿□＿
□□□□□□□□□＿
□□＿□□□□□□□
□＿□□□□□□＿□
□＿□□□□□□□□
01:05:16(117494f):field(117493f)
＿＿＿＿＿＿＿＿＿＿
＿＿＿＿＿＿＿＿＿＿
＿＿＿＿＿＿＿＿＿＿
＿＿＿＿＿＿＿＿＿＿
＿＿＿＿＿＿＿＿＿＿
＿＿＿＿＿＿＿＿＿＿
＿＿＿＿＿＿＿＿＿＿
＿＿＿■■＿＿＿＿＿
＿＿■■□□＿＿＿＿
＿＿□□□□＿＿＿＿
＿□□□□□＿□□＿
□□□□□□＿□□＿
□□□□□□□□□＿
□□□□□＿□□□□
□□□□□□□□□＿
□□□□□□＿＿□＿
□□□□□□□□□＿
□□＿□□□□□□□
□＿□□□□□□＿□
□＿□□□□□□□□
01:05:16(117506f):field(117505f)
＿＿＿＿＿＿＿＿＿＿
＿＿＿＿＿＿＿＿＿＿
＿＿＿＿＿＿＿＿＿＿
＿＿＿＿＿＿＿＿＿＿
＿＿＿＿＿＿＿＿＿＿
＿＿＿＿＿＿＿＿＿＿
＿＿＿＿＿＿＿＿＿＿
＿＿＿□□＿＿＿＿＿
＿■□□□□＿＿＿＿
■■□□□□＿＿＿＿
■□□□□□＿□□＿
□□□□□□＿□□＿
□□□□□□□□□＿
□□□□□＿□□□□
□□□□□□□□□＿
□□□□□□＿＿□＿
□□□□□□□□□＿
□□＿□□□□□□□
□＿□□□□□□＿□
□＿□□□□□□□□
01:05:17(117517f):field(117516f)
＿＿＿＿＿＿＿＿＿＿
＿＿＿＿＿＿＿＿＿＿
＿＿＿＿＿＿＿＿＿＿
＿＿＿＿＿＿＿＿＿＿
＿＿＿＿＿＿＿＿＿＿
＿＿＿＿＿＿＿＿＿＿
■＿＿＿＿＿＿＿＿＿
■■＿□□＿＿＿＿＿
■□□□□□＿＿＿＿
□□□□□□＿＿＿＿
□□□□□□＿□□＿
□□□□□□＿□□＿
□□□□□□□□□＿
□□□□□＿□□□□
□□□□□□□□□＿
□□□□□□＿＿□＿
□□□□□□□□□＿
□□＿□□□□□□□
□＿□□□□□□＿□
□＿□□□□□□□□
01:05:17(117527f):field(117526f)
＿＿＿＿＿＿＿＿＿＿
＿＿＿＿＿＿＿＿＿＿
＿＿＿＿＿＿＿＿＿＿
＿＿＿＿＿＿＿＿＿＿
＿＿＿＿＿＿＿＿＿＿
＿＿＿■■＿＿＿＿＿
□＿＿■■＿＿＿＿＿
□□＿□□＿＿＿＿＿
□□□□□□＿＿＿＿
□□□□□□＿＿＿＿
□□□□□□＿□□＿
□□□□□□＿□□＿
□□□□□□□□□＿
□□□□□＿□□□□
□□□□□□□□□＿
□□□□□□＿＿□＿
□□□□□□□□□＿
□□＿□□□□□□□
□＿□□□□□□＿□
□＿□□□□□□□□
01:05:17(117537f):field(117536f)
＿＿＿＿＿＿＿＿＿＿
＿＿＿＿＿＿＿＿＿＿
＿＿＿＿＿＿＿＿＿＿
＿＿＿＿＿＿＿＿＿＿
＿＿＿＿＿＿＿＿＿＿
＿＿＿□□＿＿＿＿＿
□＿＿□□＿＿＿＿＿
□□＿□□＿＿＿＿＿
□□□□□□■＿＿＿
□□□□□□■＿＿＿
□□□□□□■□□＿
□□□□□□■□□＿
□□□□□□□□□＿
□□□□□＿□□□□
□□□□□□□□□＿
□□□□□□＿＿□＿
□□□□□□□□□＿
□□＿□□□□□□□
□＿□□□□□□＿□
□＿□□□□□□□□
01:05:18(117553f):field(117552f)
＿＿＿＿＿＿＿＿＿＿
＿＿＿＿＿＿＿＿＿＿
＿＿＿＿＿＿＿＿＿＿
＿＿＿＿＿＿＿＿＿＿
＿＿＿＿＿＿＿＿＿＿
＿＿＿◆◆＿＿＿＿＿
◆＿＿□□＿＿＿＿＿
□◆＿□□＿＿＿＿＿
□□◆□□◆◆＿＿＿
□□□□□□□＿■■
□□□□□□□□□■
□□□□□□□□□＿
□□□□□□□□□＿
□□□□□＿□□□□
□□□□□□□□□＿
□□□□□□＿＿□＿
□□□□□□□□□＿
□□＿□□□□□□□
□＿□□□□□□＿□
□＿□□□□□□□□
01:05:18(117563f):field(117562f)
＿＿＿＿＿＿＿＿＿＿
＿＿＿＿＿＿＿＿＿＿
＿＿＿＿＿＿＿＿＿＿
＿＿＿＿＿＿＿＿＿＿
＿＿＿＿＿＿＿＿＿＿
＿＿＿＿＿＿＿＿＿＿
＿＿＿◆◆＿＿＿＿＿
◆＿＿□□＿＿＿＿＿
□◆＿□□＿＿＿＿＿
□□□□□□□■□◆
□□□□□□□□□◆
□□□□□□□□□＿
□□□□□□□□□■
□□□□□＿□□□□
□□□□□□□□□＿
□□□□□□＿＿□＿
□□□□□□□□□＿
□□＿□□□□□□□
□＿□□□□□□＿□
□＿□□□□□□□□
01:05:19(117576f):field(117575f)
＿＿＿＿＿＿＿＿＿＿
＿＿＿＿＿＿＿＿＿＿
＿＿＿＿＿＿＿＿＿＿
＿＿＿＿＿＿＿＿＿＿
＿＿＿＿＿＿＿＿＿＿
＿＿＿＿＿＿＿＿＿＿
＿＿＿＿＿＿＿＿＿＿
＿＿＿□□＿＿■＿＿
□＿＿□□＿■■＿＿
□□◆□□◆□□□＿
□□□□□□□□□＿
□□□□□□□□□＿
□□□□□□□□□◆
□□□□□＿□□□□
□□□□□□□□□＿
□□□□□□＿＿□＿
□□□□□□□□□＿
□□＿□□□□□□□
□＿□□□□□□＿□
□＿□□□□□□□□
01:05:19(117586f):field(117585f)
＿＿＿＿＿＿＿＿＿＿
＿＿＿＿＿＿＿＿＿＿
＿＿＿＿＿＿＿＿＿＿
＿＿＿＿＿＿＿＿＿＿
＿＿＿＿＿＿＿＿＿＿
＿＿＿＿＿＿＿＿＿＿
＿＿＿＿＿＿＿＿＿＿
＿＿■□□＿＿□＿＿
□■■□□＿□□＿＿
□□■□□＿□□□＿
□□□□□□□□□＿
□□□□□□□□□＿
□□□□□□□□□＿
□□□□□＿□□□□
□□□□□□□□□＿
□□□□□□＿＿□＿
□□□□□□□□□＿
□□＿□□□□□□□
□＿□□□□□□＿□
□＿□□□□□□□□
01:05:19(117596f):field(117595f)
＿＿＿＿＿＿＿＿＿＿
＿＿＿＿＿＿＿＿＿＿
＿＿＿＿＿＿＿＿＿＿
＿＿＿＿＿＿＿＿＿＿
＿＿＿＿＿＿＿＿＿＿
＿＿＿＿＿＿＿＿＿＿
＿＿＿＿＿■＿＿＿＿
＿＿□□□■＿□＿＿
□□□□□■□□＿＿
□□□□□■□□□＿
□□□□□□□□□＿
□□□□□□□□□＿
□□□□□□□□□＿
□□□□□＿□□□□
□□□□□□□□□＿
□□□□□□＿＿□＿
□□□□□□□□□＿
□□＿□□□□□□□
□＿□□□□□□＿□
□＿□□□□□□□□
01:05:20(117610f):field(117609f)
＿＿＿＿＿＿＿＿＿＿
＿＿＿＿＿＿＿＿＿＿
＿＿＿＿＿＿＿＿＿＿
＿＿＿＿＿＿＿＿＿＿
＿＿＿＿＿＿＿＿＿＿
＿＿＿＿＿＿＿＿＿＿
■■＿＿＿□＿＿＿＿
■■□□□□＿□＿＿
□□□□□□□□＿＿
□□□□□□□□□＿
□□□□□□□□□＿
□□□□□□□□□＿
□□□□□□□□□＿
□□□□□＿□□□□
□□□□□□□□□＿
□□□□□□＿＿□＿
□□□□□□□□□＿
□□＿□□□□□□□
□＿□□□□□□＿□
□＿□□□□□□□□
01:05:20(117621f):field(117620f)
＿＿＿＿＿＿＿＿＿＿
＿＿＿＿＿＿＿＿＿＿
＿＿＿＿＿＿＿＿＿＿
＿＿＿＿＿＿＿＿＿＿
＿＿＿＿＿＿＿＿＿＿
＿＿■＿＿＿＿＿＿＿
□□■■■□＿＿＿＿
□□□□□□＿□＿＿
□□□□□□□□＿＿
□□□□□□□□□＿
□□□□□□□□□＿
□□□□□□□□□＿
□□□□□□□□□＿
□□□□□＿□□□□
□□□□□□□□□＿
□□□□□□＿＿□＿
□□□□□□□□□＿
□□＿□□□□□□□
□＿□□□□□□＿□
□＿□□□□□□□□
01:05:21(117631f):field(117630f)
＿＿＿＿＿＿＿＿＿＿
＿＿＿＿＿＿＿＿＿＿
＿＿＿＿＿＿＿＿＿＿
＿＿＿＿＿＿＿＿＿＿
＿＿＿＿＿■＿＿＿＿
＿＿□■■■＿＿＿＿
□□□□□□＿＿＿＿
□□□□□□＿□＿＿
□□□□□□□□＿＿
□□□□□□□□□＿
□□□□□□□□□＿
□□□□□□□□□＿
□□□□□□□□□＿
□□□□□＿□□□□
□□□□□□□□□＿
□□□□□□＿＿□＿
□□□□□□□□□＿
□□＿□□□□□□□
□＿□□□□□□＿□
□＿□□□□□□□□
01:05:21(117643f):field(117642f)
＿＿＿＿＿＿＿＿＿＿
＿＿＿＿＿＿＿＿＿＿
＿＿＿＿＿＿＿＿＿＿
＿＿＿■＿＿＿＿＿＿
＿＿■■■□＿＿＿＿
＿＿□□□□＿＿＿＿
□□□□□□＿＿＿＿
□□□□□□＿□＿＿
□□□□□□□□＿＿
□□□□□□□□□＿
□□□□□□□□□＿
□□□□□□□□□＿
□□□□□□□□□＿
□□□□□＿□□□□
□□□□□□□□□＿
□□□□□□＿＿□＿
□□□□□□□□□＿
□□＿□□□□□□□
□＿□□□□□□＿□
□＿□□□□□□□□
01:05:21(117656f):field(117655f)
＿＿＿＿＿＿＿＿＿＿
＿＿＿＿＿＿＿＿＿＿
＿＿＿＿＿＿＿＿＿＿
＿＿＿◆＿＿＿＿＿＿
＿＿◆◆◆◆＿＿＿＿
＿＿◆□◆◆＿＿＿＿
◆◆□□□□＿＿＿＿
◆◆□□□□■◆＿＿
□□□□□□□◆＿＿
□□□□□□◆□□■
□□□□□□□□□■
□□□□□□□□□＿
□□□□□□□□□＿
□□□□□＿□□□□
□□□□□□□□□＿
□□□□□□＿＿□＿
□□□□□□□□□＿
□□＿□□□□□□□
□＿□□□□□□＿□
□＿□□□□□□□□
01:05:22(117667f):field(117666f)
＿＿＿＿＿＿＿＿＿＿
＿＿＿＿＿＿＿＿＿＿
＿＿＿＿＿＿＿＿＿＿
＿＿＿＿＿＿＿＿＿＿
＿＿＿＿■■＿＿＿＿
＿＿＿□■■＿＿＿＿
＿＿□□□□＿＿＿＿
＿＿□□□□◆＿＿＿
□□□□□□◆＿＿＿
□□□□□□＿□□□
□□□□□□□□□◆
□□□□□□□□□＿
□□□□□□□□□＿
□□□□□＿□□□□
□□□□□□□□□＿
□□□□□□＿＿□＿
□□□□□□□□□＿
□□＿□□□□□□□
□＿□□□□□□＿□
□＿□□□□□□□□
01:05:22(117678f):field(117677f)
＿＿＿＿＿＿＿＿＿＿
＿＿＿＿＿＿＿＿＿＿
＿＿＿＿＿＿＿＿＿＿
＿＿＿＿＿＿＿＿＿＿
＿＿＿＿□□＿＿＿＿
＿＿＿□□□＿＿＿＿
＿＿□□□□＿＿＿＿
＿＿□□□□＿■＿＿
□□□□□□■■＿＿
□□□□□□■□□◆
□□□□□□□□□＿
□□□□□□□□□＿
□□□□□□□□□＿
□□□□□＿□□□□
□□□□□□□□□＿
□□□□□□＿＿□＿
□□□□□□□□□＿
□□＿□□□□□□□
□＿□□□□□□＿□
□＿□□□□□□□□
01:05:22(117688f):field(117687f)
＿＿＿＿＿＿＿＿＿＿
＿＿＿＿＿＿＿＿＿＿
＿＿＿＿＿＿＿＿＿＿
＿＿＿＿■■■＿＿＿
＿＿＿＿□□■＿＿＿
＿＿＿□□□＿＿＿＿
＿＿□□□□＿＿＿＿
＿＿□□□□＿□＿＿
□□□□□□□□＿＿
□□□□□□□□□＿
□□□□□□□□□＿
□□□□□□□□□＿
□□□□□□□□□＿
□□□□□＿□□□□
□□□□□□□□□＿
□□□□□□＿＿□＿
□□□□□□□□□＿
□□＿□□□□□□□
□＿□□□□□□＿□
□＿□□□□□□□□
01:05:23(117704f):field(117703f)
＿＿＿＿＿＿＿＿＿＿
＿＿＿＿＿＿＿＿＿＿
＿＿＿＿＿＿＿＿＿＿
＿＿＿＿◆◆◆＿＿＿
＿＿＿＿◆◆◆＿＿＿
＿＿＿◆◆◆＿＿＿＿
＿＿◆◆◆◆＿＿＿＿
＿＿◆◆□□■◆＿＿
◆◆◆◆□□□◆＿＿
□◆□□□□□◆□＿
◆□□□□□□□◆＿
◆□□□□□□□◆■
□□□□□□□□□＿
□□□□□■□□□□
□□□□□□□□□＿
□□□□□□＿＿□＿
□□□□□□□□□＿
□□＿□□□□□□□
□＿□□□□□□＿□
□＿□□□□□□□□
01:05:23(117718f):field(117717f)
＿＿＿＿＿＿＿＿＿＿
＿＿＿＿＿＿＿＿＿＿
＿＿＿＿＿＿＿＿＿＿
＿＿＿＿＿＿＿＿＿＿
＿＿＿＿＿＿＿＿＿＿
＿＿＿＿＿＿＿＿＿＿
＿＿＿＿＿＿＿＿＿＿
＿＿＿＿□□□＿＿＿
＿＿＿＿□□□＿＿＿
◆＿◆□□□◆＿◆＿
＿◆□□□□◆◆■＿
＿◆□□□□◆□■□
□□□□□□□□◆■
□□□□□◆□□□□
□□□□□□□□□＿
□□□□□□＿＿□＿
□□□□□□□□□＿
□□＿□□□□□□□
□＿□□□□□□＿□
□＿□□□□□□□□
01:05:24(117727f):field(117726f)
＿＿＿＿＿＿＿＿＿＿
＿＿＿＿＿＿＿＿＿＿
＿＿＿＿＿＿＿＿＿＿
＿＿＿＿＿＿＿＿＿＿
＿＿＿＿＿＿＿＿＿＿
＿＿＿＿＿＿＿＿＿＿
＿＿＿＿＿＿＿＿＿＿
＿＿＿＿□□□＿＿＿
＿＿＿＿□□□＿＿＿
＿＿＿□□□＿＿＿＿
■■□□□□＿＿□＿
■■□□□□＿□□□
□□□□□□□□＿□
□□□□□＿□□□□
□□□□□□□□□＿
□□□□□□＿＿□＿
□□□□□□□□□＿
□□＿□□□□□□□
□＿□□□□□□＿□
□＿□□□□□□□□
01:05:24(117747f):field(117746f)
＿＿＿＿＿＿＿＿＿＿
＿＿＿＿＿＿＿＿＿＿
＿＿＿＿＿＿＿＿＿＿
＿＿＿＿＿＿＿＿＿＿
＿＿＿＿＿＿＿＿＿＿
＿＿＿＿＿＿＿＿＿＿
＿＿＿＿＿＿＿＿＿＿
＿＿＿＿◆◆◆＿＿＿
＿＿＿＿□□□＿＿＿
＿＿＿◆□□■＿＿＿
◆□◆□□□＿■◆■
□□□□□□■□□◆
□□□□□□□□＿□
□□□□□＿□□□□
□□□□□□□□□＿
□□□□□□＿＿□＿
□□□□□□□□□＿
□□＿□□□□□□□
□＿□□□□□□＿□
□＿□□□□□□□□
01:05:25(117756f):field(117755f)
＿＿＿＿＿＿＿＿＿＿
＿＿＿＿＿＿＿＿＿＿
＿＿＿＿＿＿＿＿＿＿
＿＿＿＿＿＿＿＿＿＿
＿＿＿＿＿＿＿＿＿＿
＿＿＿＿＿＿＿＿＿＿
＿＿＿＿＿＿＿＿＿＿
＿＿＿＿＿＿＿＿＿＿
＿＿＿＿□□□＿＿＿
＿＿■＿□□□＿＿＿
■□■□□□＿□＿◆
□□□□□□□□□＿
□□□□□□□□＿□
□□□□□＿□□□□
□□□□□□□□□＿
□□□□□□＿＿□＿
□□□□□□□□□＿
□□＿□□□□□□□
□＿□□□□□□＿□
□＿□□□□□□□□
01:05:25(117767f):field(117766f)
＿＿＿＿＿＿＿＿＿＿
＿＿＿＿＿＿＿＿＿＿
＿＿＿＿＿＿＿＿＿＿
＿＿＿＿＿＿＿＿＿＿
＿＿＿＿＿＿＿＿＿＿
＿＿＿＿＿＿＿＿＿＿
＿＿＿＿＿＿＿＿＿＿
＿＿＿■■＿＿＿＿＿
＿＿＿■□□□＿＿＿
＿＿□■□□□＿＿＿
□□□□□□＿□＿＿
□□□□□□□□□＿
□□□□□□□□＿□
□□□□□＿□□□□
□□□□□□□□□＿
□□□□□□＿＿□＿
□□□□□□□□□＿
□□＿□□□□□□□
□＿□□□□□□＿□
□＿□□□□□□□□
01:05:26(117780f):field(117779f)
＿＿＿＿＿＿＿＿＿＿
＿＿＿＿＿＿＿＿＿＿
＿＿＿＿＿＿＿＿＿＿
＿＿＿＿＿＿＿＿＿＿
＿＿＿＿＿＿＿＿＿＿
＿＿＿＿＿＿＿＿＿＿
＿＿＿＿＿＿＿＿＿＿
＿＿＿◆◆＿＿＿＿＿
＿＿＿□□◆◆＿＿＿
＿＿◆□□□□＿＿＿
◆◆□□□□■◆＿■
□□□□□□◆□□■
□□□□□□□□＿□
□□□□□＿□□□□
□□□□□□□□□＿
□□□□□□＿＿□＿
□□□□□□□□□＿
□□＿□□□□□□□
□＿□□□□□□＿□
□＿□□□□□□□□
01:05:26(117795f):field(117794f)
＿＿＿＿＿＿＿＿＿＿
＿＿＿＿＿＿＿＿＿＿
＿＿＿＿＿＿＿＿＿＿
＿＿＿＿＿＿＿＿＿＿
＿＿＿＿＿＿＿＿＿＿
＿＿＿＿＿＿＿＿＿＿
＿＿＿＿＿＿＿＿＿＿
＿＿＿＿＿＿＿■＿＿
＿＿＿□□＿＿■＿＿
＿＿＿□□□□■＿＿
＿＿□□□□□■＿□
□□□□□□＿□□□
□□□□□□□□＿□
□□□□□＿□□□□
□□□□□□□□□＿
□□□□□□＿＿□＿
□□□□□□□□□＿
□□＿□□□□□□□
□＿□□□□□□＿□
□＿□□□□□□□□
01:05:26(117805f):field(117804f)
＿＿＿＿＿＿＿＿＿＿
＿＿＿＿＿＿＿＿＿＿
＿＿＿＿＿＿＿＿＿＿
＿＿＿＿＿＿＿＿＿＿
＿＿＿＿＿＿＿＿＿＿
＿＿＿＿＿＿＿＿＿＿
＿＿＿＿＿＿＿＿＿＿
＿＿＿＿■■＿□＿＿
＿＿＿□□■■□＿＿
＿＿＿□□□□□＿＿
＿＿□□□□□□＿□
□□□□□□＿□□□
□□□□□□□□＿□
□□□□□＿□□□□
□□□□□□□□□＿
□□□□□□＿＿□＿
□□□□□□□□□＿
□□＿□□□□□□□
□＿□□□□□□＿□
□＿□□□□□□□□
01:05:27(117816f):field(117815f)
＿＿＿＿＿＿＿＿＿＿
＿＿＿＿＿＿＿＿＿＿
＿＿＿＿＿＿＿＿＿＿
＿＿＿＿＿＿＿＿＿＿
＿＿＿＿＿＿＿＿＿＿
＿＿＿＿＿＿＿＿＿＿
＿＿＿＿＿＿＿＿＿＿
＿＿＿＿□□＿□＿＿
＿＿＿□□□□□＿＿
＿■■□□□□□＿＿
■■□□□□□□＿□
□□□□□□＿□□□
□□□□□□□□＿□
□□□□□＿□□□□
□□□□□□□□□＿
□□□□□□＿＿□＿
□□□□□□□□□＿
□□＿□□□□□□□
□＿□□□□□□＿□
□＿□□□□□□□□
01:05:27(117827f):field(117826f)
＿＿＿＿＿＿＿＿＿＿
＿＿＿＿＿＿＿＿＿＿
＿＿＿＿＿＿＿＿＿＿
＿＿＿＿＿＿＿＿＿＿
＿＿＿＿＿＿＿＿＿＿
＿＿＿＿＿＿＿＿＿＿
＿＿＿＿■■■＿＿＿
＿＿＿＿□□■□＿＿
＿＿＿□□□□□＿＿
＿□□□□□□□＿＿
□□□□□□□□＿□
□□□□□□＿□□□
□□□□□□□□＿□
□□□□□＿□□□□
□□□□□□□□□＿
□□□□□□＿＿□＿
□□□□□□□□□＿
□□＿□□□□□□□
□＿□□□□□□＿□
□＿□□□□□□□□
01:05:27(117838f):field(117837f)
＿＿＿＿＿＿＿＿＿＿
＿＿＿＿＿＿＿＿＿＿
＿＿＿＿＿＿＿＿＿＿
＿＿＿＿＿＿＿＿＿＿
＿＿＿＿＿＿＿＿＿＿
＿＿＿＿＿＿＿＿＿＿
＿＿＿＿□□□＿＿＿
＿＿＿＿□□□□＿＿
■■■□□□□□＿＿
■□□□□□□□＿＿
□□□□□□□□＿□
□□□□□□＿□□□
□□□□□□□□＿□
□□□□□＿□□□□
□□□□□□□□□＿
□□□□□□＿＿□＿
□□□□□□□□□＿
□□＿□□□□□□□
□＿□□□□□□＿□
□＿□□□□□□□□
01:05:28(117850f):field(117849f)
＿＿＿＿＿＿＿＿＿＿
＿＿＿＿＿＿＿＿＿＿
＿＿＿＿＿＿＿＿＿＿
＿＿＿＿＿＿＿＿＿＿
＿＿＿＿＿＿＿＿＿＿
＿＿＿＿＿＿＿＿＿＿
＿＿＿＿◆◆◆＿＿＿
＿＿＿＿◆◆◆◆＿＿
◆◆□□□□□◆＿＿
□□□□□□□□■■
□□□□□□□□■◆
□□□□□□■□□□
□□□□□□□□＿□
□□□□□＿□□□□
□□□□□□□□□＿
□□□□□□＿＿□＿
□□□□□□□□□＿
□□＿□□□□□□□
□＿□□□□□□＿□
□＿□□□□□□□□
01:05:28(117861f):field(117860f)
＿＿＿＿＿＿＿＿＿＿
＿＿＿＿＿＿＿＿＿＿
＿＿＿＿＿＿＿＿＿＿
＿＿＿＿＿＿＿＿＿＿
＿＿＿＿＿＿＿＿＿＿
＿＿＿＿＿＿＿＿＿＿
＿＿＿■＿＿＿＿＿＿
＿＿＿＿＿＿＿＿＿＿
＿＿◆◆□□□■■＿
◆◆◆◆□□□□□□
□□□□□□□□□＿
□□□□□□◆□□□
□□□□□□□□＿□
□□□□□＿□□□□
□□□□□□□□□＿
□□□□□□＿＿□＿
□□□□□□□□□＿
□□＿□□□□□□□
□＿□□□□□□＿□
□＿□□□□□□□□
01:05:29(117872f):field(117871f)
＿＿＿＿＿＿＿＿＿＿
＿＿＿＿＿＿＿＿＿＿
＿＿＿＿＿＿＿＿＿＿
＿＿＿＿＿＿＿＿＿＿
＿＿＿＿＿＿＿＿＿＿
＿＿＿＿＿＿＿＿＿＿
＿＿＿◆＿＿＿＿＿＿
＿＿＿＿＿＿＿＿＿＿
■■＿＿□□□□□＿
■■＿＿□□□□□□
□□□□□□□□□＿
□□□□□□＿□□□
□□□□□□□□＿□
□□□□□＿□□□□
□□□□□□□□□＿
□□□□□□＿＿□＿
□□□□□□□□□＿
□□＿□□□□□□□
□＿□□□□□□＿□
□＿□□□□□□□□
01:05:29(117884f):field(117883f)
＿＿＿＿＿＿＿＿＿＿
＿＿＿＿＿＿＿＿＿＿
＿＿＿＿＿＿＿＿＿＿
＿＿＿＿＿＿＿＿＿＿
＿＿＿＿＿＿＿＿＿＿
＿＿＿＿＿＿＿＿＿＿
＿＿＿■＿＿＿＿＿＿
＿＿＿■＿＿＿＿＿＿
□□＿■□□□□□＿
□□＿■□□□□□□
□□□□□□□□□＿
□□□□□□＿□□□
□□□□□□□□＿□
□□□□□＿□□□□
□□□□□□□□□＿
□□□□□□＿＿□＿
□□□□□□□□□＿
□□＿□□□□□□□
□＿□□□□□□＿□
□＿□□□□□□□□
01:05:29(117898f):field(117897f)
＿＿＿＿＿＿＿＿＿＿
＿＿＿＿＿＿＿＿＿＿
＿＿＿＿＿＿＿＿＿＿
＿＿＿＿＿＿＿＿＿＿
＿＿＿＿＿＿＿＿＿＿
＿＿＿＿＿＿＿＿＿＿
＿＿＿◆＿＿＿＿＿＿
＿＿＿□＿＿＿＿＿＿
◆□■□◆□◆◆◆＿
□□■□□□□□□□
□□□□□□□□□＿
□□□□□□＿□□□
□□□□□□□□＿□
□□□□□＿□□□□
□□□□□□□□□＿
□□□□□□＿＿□＿
□□□□□□□□□＿
□□＿□□□□□□□
□＿□□□□□□＿□
□＿□□□□□□□□
01:05:30(117909f):field(117908f)
＿＿＿＿＿＿＿＿＿＿
＿＿＿＿＿＿＿＿＿＿
＿＿＿＿＿＿＿＿＿＿
＿＿＿＿＿＿＿＿＿＿
＿＿＿＿＿＿＿＿＿＿
＿＿＿＿＿＿＿＿＿＿
＿＿■■＿＿＿＿＿＿
＿■■□＿＿＿＿＿＿
＿□□□＿◆＿＿＿＿
□□□□□□□□□◆
□□□□□□□□□＿
□□□□□□＿□□□
□□□□□□□□＿□
□□□□□＿□□□□
□□□□□□□□□＿
□□□□□□＿＿□＿
□□□□□□□□□＿
□□＿□□□□□□□
□＿□□□□□□＿□
□＿□□□□□□□□
01:05:30(117919f):field(117918f)
＿＿＿＿＿＿＿＿＿＿
＿＿＿＿＿＿＿＿＿＿
＿＿＿＿＿＿＿＿＿＿
＿＿＿＿＿＿＿＿＿＿
＿＿＿＿＿＿＿＿＿＿
＿＿＿＿＿＿＿＿＿＿
＿＿□□＿■＿＿＿＿
＿□□□■■＿＿＿＿
＿□□□■＿＿＿＿＿
□□□□□□□□□＿
□□□□□□□□□＿
□□□□□□＿□□□
□□□□□□□□＿□
□□□□□＿□□□□
□□□□□□□□□＿
□□□□□□＿＿□＿
□□□□□□□□□＿
□□＿□□□□□□□
□＿□□□□□□＿□
□＿□□□□□□□□
01:05:31(117932f):field(117931f)
＿＿＿＿＿＿＿＿＿＿
＿＿＿＿＿＿＿＿＿＿
＿＿＿＿＿＿＿＿＿＿
＿＿＿＿＿＿＿＿＿＿
＿＿＿＿＿＿＿＿＿＿
＿＿＿＿＿＿＿＿＿＿
＿＿□□＿□＿＿＿＿
＿□□□□□＿＿■■
＿□□□□＿＿＿■■
□□□□□□□□□＿
□□□□□□□□□＿
□□□□□□＿□□□
□□□□□□□□＿□
□□□□□＿□□□□
□□□□□□□□□＿
□□□□□□＿＿□＿
□□□□□□□□□＿
□□＿□□□□□□□
□＿□□□□□□＿□
□＿□□□□□□□□
01:05:31(117943f):field(117942f)
＿＿＿＿＿＿＿＿＿＿
＿＿＿＿＿＿＿＿＿＿
＿＿＿＿＿＿＿＿＿＿
＿＿＿＿■＿＿＿＿＿
＿＿＿＿■＿＿＿＿＿
＿＿＿＿■＿＿＿＿＿
＿＿□□■□＿＿＿＿
＿□□□□□＿＿□□
＿□□□□＿＿＿□□
□□□□□□□□□＿
□□□□□□□□□＿
□□□□□□＿□□□
□□□□□□□□＿□
□□□□□＿□□□□
□□□□□□□□□＿
□□□□□□＿＿□＿
□□□□□□□□□＿
□□＿□□□□□□□
□＿□□□□□□＿□
□＿□□□□□□□□
01:05:31(117954f):field(117953f)
＿＿＿＿＿＿＿＿＿＿
＿＿＿＿＿＿＿＿＿＿
＿＿＿＿＿＿＿＿＿＿
＿＿＿＿□＿＿＿＿＿
＿＿＿＿□＿＿＿＿＿
＿＿＿＿□＿＿＿＿＿
＿＿□□□□＿＿＿＿
＿□□□□□■＿□□
＿□□□□■■■□□
□□□□□□□□□＿
□□□□□□□□□＿
□□□□□□＿□□□
□□□□□□□□＿□
□□□□□＿□□□□
□□□□□□□□□＿
□□□□□□＿＿□＿
□□□□□□□□□＿
□□＿□□□□□□□
□＿□□□□□□＿□
□＿□□□□□□□□
01:05:32(117967f):field(117966f)
＿＿＿＿＿＿＿＿＿＿
＿＿＿＿＿＿＿＿＿＿
＿＿＿＿＿＿＿＿＿＿
＿＿＿＿□＿＿＿＿＿
＿＿＿＿□＿＿■＿＿
＿＿＿＿□＿＿■＿＿
＿＿□□□□＿■＿＿
＿□□□□□□■□□
＿□□□□□□□□□
□□□□□□□□□＿
□□□□□□□□□＿
□□□□□□＿□□□
□□□□□□□□＿□
□□□□□＿□□□□
□□□□□□□□□＿
□□□□□□＿＿□＿
□□□□□□□□□＿
□□＿□□□□□□□
□＿□□□□□□＿□
□＿□□□□□□□□
01:05:32(117980f):field(117979f)
＿＿＿＿＿＿＿＿＿＿
＿＿＿＿＿＿＿＿＿＿
＿＿＿＿＿＿＿＿＿＿
＿＿＿■□＿＿＿＿＿
＿＿■■□＿＿□＿＿
＿＿■＿□＿＿□＿＿
＿＿□□□□＿□＿＿
＿□□□□□□□□□
＿□□□□□□□□□
□□□□□□□□□＿
□□□□□□□□□＿
□□□□□□＿□□□
□□□□□□□□＿□
□□□□□＿□□□□
□□□□□□□□□＿
□□□□□□＿＿□＿
□□□□□□□□□＿
□□＿□□□□□□□
□＿□□□□□□＿□
□＿□□□□□□□□
01:05:33(117993f):field(117992f)
＿＿＿＿＿＿＿＿＿＿
＿＿＿＿＿＿＿＿＿＿
＿＿＿＿＿＿＿＿＿＿
＿＿＿□□＿＿＿＿＿
＿＿□□□＿＿□＿■
＿＿□＿□＿＿□＿■
＿＿□□□□＿□■■
＿□□□□□□□□□
＿□□□□□□□□□
□□□□□□□□□＿
□□□□□□□□□＿
□□□□□□＿□□□
□□□□□□□□＿□
□□□□□＿□□□□
□□□□□□□□□＿
□□□□□□＿＿□＿
□□□□□□□□□＿
□□＿□□□□□□□
□＿□□□□□□＿□
□＿□□□□□□□□
01:05:33(118006f):field(118005f)
＿＿＿＿＿＿＿＿＿＿
＿＿＿＿＿＿＿＿＿＿
＿＿＿＿＿＿＿＿＿＿
＿＿＿□□＿＿＿＿＿
■＿□□□＿＿□＿□
■＿□＿□＿＿□＿□
■■□□□□＿□□□
＿□□□□□□□□□
＿□□□□□□□□□
□□□□□□□□□＿
□□□□□□□□□＿
□□□□□□＿□□□
□□□□□□□□＿□
□□□□□＿□□□□
□□□□□□□□□＿
□□□□□□＿＿□＿
□□□□□□□□□＿
□□＿□□□□□□□
□＿□□□□□□＿□
□＿□□□□□□□□
01:05:33(118019f):field(118018f)
＿＿＿＿＿＿＿＿＿＿
＿＿＿＿＿＿＿＿＿＿
＿＿＿＿＿＿＿＿＿＿
＿＿＿◆◆＿＿＿＿＿
◆＿◆□□＿＿◆＿◆
□■□■□■＿□＿□
□◆□◆□□■□□□
＿□□□□□□□□□
＿□□□□□□□□□
□□□□□□□□□＿
□□□□□□□□□＿
□□□□□□＿□□□
□□□□□□□□＿□
□□□□□＿□□□□
□□□□□□□□□＿
□□□□□□＿＿□＿
□□□□□□□□□＿
□□＿□□□□□□□
□＿□□□□□□＿□
□＿□□□□□□□□
01:05:34(118031f):field(118030f)
＿＿＿＿＿＿＿＿＿＿
＿＿＿＿＿＿＿＿＿＿
＿＿＿＿＿＿＿＿＿＿
＿＿＿＿＿＿＿＿■＿
＿＿＿□□＿＿＿■＿
□◆□□□□＿□■□
□＿□＿□□□□□□
＿□□□□□□□□□
＿□□□□□□□□□
□□□□□□□□□＿
□□□□□□□□□＿
□□□□□□＿□□□
□□□□□□□□＿□
□□□□□＿□□□□
□□□□□□□□□＿
□□□□□□＿＿□＿
□□□□□□□□□＿
□□＿□□□□□□□
□＿□□□□□□＿□
□＿□□□□□□□□
01:05:34(118041f):field(118040f)
＿＿＿＿＿＿＿＿＿＿
＿＿＿＿＿＿＿＿＿＿
＿＿＿＿＿＿＿＿＿＿
＿＿＿＿＿＿＿■□＿
＿＿＿□□＿■■□＿
□＿□□□□■□□□
□＿□＿□□□□□□
＿□□□□□□□□□
＿□□□□□□□□□
□□□□□□□□□＿
□□□□□□□□□＿
□□□□□□＿□□□
□□□□□□□□＿□
□□□□□＿□□□□
□□□□□□□□□＿
□□□□□□＿＿□＿
□□□□□□□□□＿
□□＿□□□□□□□
□＿□□□□□□＿□
□＿□□□□□□□□
01:05:35(118051f):field(118050f)
＿＿＿＿＿＿＿＿＿＿
＿＿＿＿＿＿＿＿＿＿
＿＿＿■■＿＿＿＿＿
＿＿＿■■＿＿□□＿
＿＿＿□□＿□□□＿
□＿□□□□□□□□
□＿□＿□□□□□□
＿□□□□□□□□□
＿□□□□□□□□□
□□□□□□□□□＿
□□□□□□□□□＿
□□□□□□＿□□□
□□□□□□□□＿□
□□□□□＿□□□□
□□□□□□□□□＿
□□□□□□＿＿□＿
□□□□□□□□□＿
□□＿□□□□□□□
□＿□□□□□□＿□
□＿□□□□□□□□
01:05:35(118064f):field(118063f)
＿＿＿＿＿＿＿＿＿＿
＿＿＿＿＿＿＿＿＿＿
＿＿＿◆◆＿＿＿＿＿
＿＿＿□□＿＿◆◆＿
＿＿＿□□＿◆□□＿
□■□□□□□□□◆
□■□■□□□□□□
＿□□□□□□□□□
＿□□□□□□□□□
□□□□□□□□□＿
□□□□□□□□□＿
□□□□□□＿□□□
□□□□□□□□＿□
□□□□□＿□□□□
□□□□□□□□□＿
□□□□□□＿＿□＿
□□□□□□□□□＿
□□＿□□□□□□□
□＿□□□□□□＿□
□＿□□□□□□□□
01:05:35(118075f):field(118074f)
＿＿＿＿＿＿＿＿＿＿
＿＿＿＿＿＿＿＿＿＿
＿＿＿＿＿＿＿＿＿＿
＿＿＿□□■＿＿＿＿
＿＿＿□□■■□□＿
□□◆□□□□□□＿
□□□◆□□□□□□
＿□□□□□□□□□
＿□□□□□□□□□
□□□□□□□□□＿
□□□□□□□□□＿
□□□□□□＿□□□
□□□□□□□□＿□
□□□□□＿□□□□
□□□□□□□□□＿
□□□□□□＿＿□＿
□□□□□□□□□＿
□□＿□□□□□□□
□＿□□□□□□＿□
□＿□□□□□□□□
01:05:36(118087f):field(118086f)
＿＿＿＿＿＿＿＿＿＿
＿＿＿＿＿＿＿＿＿＿
＿＿＿＿＿＿＿＿＿＿
＿＿＿□□□＿＿＿＿
■■■□□□□□□＿
□□■□□□□□□＿
□□□＿□□□□□□
＿□□□□□□□□□
＿□□□□□□□□□
□□□□□□□□□＿
□□□□□□□□□＿
□□□□□□＿□□□
□□□□□□□□＿□
□□□□□＿□□□□
□□□□□□□□□＿
□□□□□□＿＿□＿
□□□□□□□□□＿
□□＿□□□□□□□
□＿□□□□□□＿□
□＿□□□□□□□□
01:05:36(118098f):field(118097f)
＿＿＿＿＿＿＿＿＿＿
＿＿＿＿＿＿＿＿＿＿
＿＿＿＿＿＿＿＿＿＿
＿＿■◆□◆＿＿■＿
◆◆◆◆◆□□◆□■
□□□□□□□□□■
□□□■□□□□□□
■□□□□□□□□□
＿□□□□□□□□□
□□□□□□□□□＿
□□□□□□□□□＿
□□□□□□＿□□□
□□□□□□□□＿□
□□□□□＿□□□□
□□□□□□□□□＿
□□□□□□＿＿□＿
□□□□□□□□□＿
□□＿□□□□□□□
□＿□□□□□□＿□
□＿□□□□□□□□
01:05:36(118109f):field(118108f)
＿＿＿＿＿＿＿＿＿＿
■＿＿＿＿＿＿＿＿＿
＿＿＿＿＿＿＿＿＿＿
＿■◆＿◆＿＿＿◆＿
＿＿＿＿＿◆◆■□□
◆□◆□□□◆□□□
□□□◆□□□□□□
◆□□□□□□□□□
＿□□□□□□□□□
□□□□□□□□□＿
□□□□□□□□□＿
□□□□□□＿□□□
□□□□□□□□＿□
□□□□□＿□□□□
□□□□□□□□□＿
□□□□□□＿＿□＿
□□□□□□□□□＿
□□＿□□□□□□□
□＿□□□□□□＿□
□＿□□□□□□□□
01:05:37(118121f):field(118120f)
＿＿＿＿＿＿＿＿＿＿
◆＿＿＿＿＿＿＿＿＿
＿＿＿＿＿＿＿＿＿＿
■◆＿■■＿＿＿＿＿
■＿＿＿■■＿□□□
■□＿□□□＿□□□
□□□＿□□□□□□
＿□□□□□□□□□
＿□□□□□□□□□
□□□□□□□□□＿
□□□□□□□□□＿
□□□□□□＿□□□
□□□□□□□□＿□
□□□□□＿□□□□
□□□□□□□□□＿
□□□□□□＿＿□＿
□□□□□□□□□＿
□□＿□□□□□□□
□＿□□□□□□＿□
□＿□□□□□□□□
01:05:37(118131f):field(118130f)
＿＿＿＿＿＿＿＿＿＿
＿＿＿＿＿＿＿＿＿＿
＿＿■＿＿＿＿＿＿＿
□■■◆◆＿＿＿＿＿
□■＿＿◆◆＿□□□
□□＿□□□＿□□□
□□□＿□□□□□□
＿□□□□□□□□□
＿□□□□□□□□□
□□□□□□□□□＿
□□□□□□□□□＿
□□□□□□＿□□□
□□□□□□□□＿□
□□□□□＿□□□□
□□□□□□□□□＿
□□□□□□＿＿□＿
□□□□□□□□□＿
□□＿□□□□□□□
□＿□□□□□□＿□
□＿□□□□□□□□
01:05:38(118141f):field(118140f)
＿＿＿＿＿＿＿＿＿＿
＿＿＿＿＿＿＿＿＿＿
＿＿□＿＿■＿＿＿＿
□□□＿＿■＿＿＿＿
□□＿＿■■＿□□□
□□＿□□□＿□□□
□□□＿□□□□□□
＿□□□□□□□□□
＿□□□□□□□□□
□□□□□□□□□＿
□□□□□□□□□＿
□□□□□□＿□□□
□□□□□□□□＿□
□□□□□＿□□□□
□□□□□□□□□＿
□□□□□□＿＿□＿
□□□□□□□□□＿
□□＿□□□□□□□
□＿□□□□□□＿□
□＿□□□□□□□□
01:05:38(118152f):field(118151f)
＿＿＿＿＿＿＿＿＿＿
＿＿＿■■■＿＿＿＿
＿＿□＿■□＿＿＿＿
□□□＿＿□＿＿＿＿
□□＿＿□□＿□□□
□□＿□□□＿□□□
□□□＿□□□□□□
＿□□□□□□□□□
＿□□□□□□□□□
□□□□□□□□□＿
□□□□□□□□□＿
□□□□□□＿□□□
□□□□□□□□＿□
□□□□□＿□□□□
□□□□□□□□□＿
□□□□□□＿＿□＿
□□□□□□□□□＿
□□＿□□□□□□□
□＿□□□□□□＿□
□＿□□□□□□□□
01:05:41(118241f):game end
