00:09:52(17777f):game start
00:09:54(17832f):field(17831f)
＿＿＿＿＿＿＿＿＿＿
＿＿＿＿＿＿＿＿＿＿
＿＿＿＿＿＿＿＿＿＿
＿＿＿＿＿＿＿＿＿＿
＿＿＿＿＿＿＿＿＿＿
＿＿＿＿＿＿＿＿＿＿
＿＿＿＿＿＿＿＿＿＿
＿＿＿＿＿＿＿＿＿＿
＿＿＿＿＿＿＿＿＿＿
＿＿＿＿＿＿＿＿＿＿
＿＿＿＿＿＿＿＿＿＿
＿＿＿＿＿＿＿＿＿＿
＿＿＿＿＿＿＿＿＿＿
＿＿＿＿＿＿＿＿＿＿
＿＿＿＿＿＿＿＿＿＿
＿＿＿＿＿＿＿＿＿＿
＿＿＿＿＿＿＿＿＿＿
＿＿＿＿＿＿＿＿＿＿
■＿＿＿＿＿＿＿＿＿
■■■＿＿＿＿＿＿＿
00:09:54(17844f):field(17843f)
＿＿＿＿＿＿＿＿＿＿
＿＿＿＿＿＿＿＿＿＿
＿＿＿＿＿＿＿＿＿＿
＿＿＿＿＿＿＿＿＿＿
＿＿＿＿＿＿＿＿＿＿
＿＿＿＿＿＿＿＿＿＿
＿＿＿＿＿＿＿＿＿＿
＿＿＿＿＿＿＿＿＿＿
＿＿＿＿＿＿＿＿＿＿
＿＿＿＿＿＿＿＿＿＿
＿＿＿＿＿＿＿＿＿＿
＿＿＿＿＿＿＿＿＿＿
＿＿＿＿＿＿＿＿＿＿
＿＿＿＿＿＿＿＿＿＿
＿＿＿＿＿＿＿＿＿＿
＿＿＿＿＿＿＿＿＿＿
＿＿＿＿＿＿＿＿＿＿
＿＿＿＿＿＿＿＿＿＿
□＿＿■■＿＿＿＿＿
□□□■■＿＿＿＿＿
00:09:55(17856f):field(17855f)
＿＿＿＿＿＿＿＿＿＿
＿＿＿＿＿＿＿＿＿＿
＿＿＿＿＿＿＿＿＿＿
＿＿＿＿＿＿＿＿＿＿
＿＿＿＿＿＿＿＿＿＿
＿＿＿＿＿＿＿＿＿＿
＿＿＿＿＿＿＿＿＿＿
＿＿＿＿＿＿＿＿＿＿
＿＿＿＿＿＿＿＿＿＿
＿＿＿＿＿＿＿＿＿＿
＿＿＿＿＿＿＿＿＿＿
＿＿＿＿＿＿＿＿＿＿
＿＿＿＿＿＿＿＿＿＿
＿＿＿＿＿＿＿＿＿＿
＿＿＿＿＿＿＿＿＿＿
＿＿＿＿＿＿＿＿＿＿
＿＿＿＿＿＿＿＿＿＿
＿＿＿＿＿■＿＿＿＿
□＿＿□□■＿＿＿＿
□□□□□■■＿＿＿
00:09:55(17870f):field(17869f)
＿＿＿＿＿＿＿＿＿＿
＿＿＿＿＿＿＿＿＿＿
＿＿＿＿＿＿＿＿＿＿
＿＿＿＿＿＿＿＿＿＿
＿＿＿＿＿＿＿＿＿＿
＿＿＿＿＿＿＿＿＿＿
＿＿＿＿＿＿＿＿＿＿
＿＿＿＿＿＿＿＿＿＿
＿＿＿＿＿＿＿＿＿＿
＿＿＿＿＿＿＿＿＿＿
＿＿＿＿＿＿＿＿＿＿
＿＿＿＿＿＿＿＿＿＿
＿＿＿＿＿＿＿＿＿＿
＿＿＿＿＿＿＿＿＿＿
＿＿＿＿■＿＿＿＿＿
＿＿＿＿■＿＿＿＿＿
＿＿＿＿■＿＿＿＿＿
＿＿＿＿■□＿＿＿＿
□＿＿□□□＿＿＿＿
□□□□□□□＿＿＿
00:09:56(17884f):field(17883f)
＿＿＿＿＿＿＿＿＿＿
＿＿＿＿＿＿＿＿＿＿
＿＿＿＿＿＿＿＿＿＿
＿＿＿＿＿＿＿＿＿＿
＿＿＿＿＿＿＿＿＿＿
＿＿＿＿＿＿＿＿＿＿
＿＿＿＿＿＿＿＿＿＿
＿＿＿＿＿＿＿＿＿＿
＿＿＿＿＿＿＿＿＿＿
＿＿＿＿＿＿＿＿＿＿
＿＿＿＿＿＿＿＿＿＿
＿＿＿＿＿＿＿＿＿＿
＿＿＿＿＿＿＿＿＿＿
＿＿＿＿＿＿＿＿＿＿
＿＿＿＿□＿＿＿＿＿
＿＿＿＿□＿＿＿＿＿
＿＿＿＿□＿＿＿＿＿
＿＿■■□□＿＿＿＿
□■■□□□＿＿＿＿
□□□□□□□＿＿＿
00:09:56(17899f):field(17898f)
＿＿＿＿＿＿＿＿＿＿
＿＿＿＿＿＿＿＿＿＿
＿＿＿＿＿＿＿＿＿＿
＿＿＿＿＿＿＿＿＿＿
＿＿＿＿＿＿＿＿＿＿
＿＿＿＿＿＿＿＿＿＿
＿＿＿＿＿＿＿＿＿＿
＿＿＿＿＿＿＿＿＿＿
＿＿＿＿＿＿＿＿＿＿
＿＿＿＿＿＿＿＿＿＿
＿＿＿＿＿＿＿＿＿＿
＿＿＿＿＿＿＿＿＿＿
＿＿＿＿＿＿＿＿＿＿
＿＿＿＿＿＿＿＿＿＿
＿＿＿＿□＿＿＿＿＿
＿＿＿＿□＿＿＿＿＿
＿＿＿＿□＿＿＿＿＿
＿＿□□□□＿＿■＿
□□□□□□＿＿■＿
□□□□□□□■■＿
00:09:57(17913f):field(17912f)
＿＿＿＿＿＿＿＿＿＿
＿＿＿＿＿＿＿＿＿＿
＿＿＿＿＿＿＿＿＿＿
＿＿＿＿＿＿＿＿＿＿
＿＿＿＿＿＿＿＿＿＿
＿＿＿＿＿＿＿＿＿＿
＿＿＿＿＿＿＿＿＿＿
＿＿＿＿＿＿＿＿＿＿
＿＿＿＿＿＿＿＿＿＿
＿＿＿＿＿＿＿＿＿＿
＿＿＿＿＿＿＿＿＿＿
＿＿＿＿＿＿＿＿＿＿
＿＿＿■＿＿＿＿＿＿
＿＿＿■■＿＿＿＿＿
＿＿＿■□＿＿＿＿＿
＿＿＿＿□＿＿＿＿＿
＿＿＿＿□＿＿＿＿＿
＿＿□□□□＿＿□＿
□□□□□□＿＿□＿
□□□□□□□□□＿
00:09:57(17926f):field(17925f)
＿＿＿＿＿＿＿＿＿＿
＿＿＿＿＿＿＿＿＿＿
＿＿＿＿＿＿＿＿＿＿
＿＿＿＿＿＿＿＿＿＿
＿＿＿＿＿＿＿＿＿＿
＿＿＿＿＿＿＿＿＿＿
＿＿＿＿＿＿＿＿＿＿
＿＿＿＿＿＿＿＿＿＿
＿＿＿＿＿＿＿＿＿＿
＿＿＿＿＿＿＿＿＿＿
＿＿＿＿＿＿＿＿＿＿
＿＿＿＿＿＿＿＿＿＿
＿＿＿□＿＿＿＿＿＿
＿＿＿□□＿＿＿＿＿
＿＿＿□□＿＿＿＿＿
＿＿＿＿□＿＿＿＿＿
＿＿＿＿□＿＿＿＿＿
＿＿□□□□■■□＿
□□□□□□■■□＿
□□□□□□□□□＿
00:09:58(17941f):field(17940f)
＿＿＿＿＿＿＿＿＿＿
＿＿＿＿＿＿＿＿＿＿
＿＿＿＿＿＿＿＿＿＿
＿＿＿＿＿＿＿＿＿＿
＿＿＿＿＿＿＿＿＿＿
＿＿＿＿＿＿＿＿＿＿
＿＿＿＿＿＿＿＿＿＿
＿＿＿＿＿＿＿＿＿＿
＿＿＿＿＿＿＿＿＿＿
＿＿＿＿＿＿＿＿＿＿
＿＿＿＿＿＿＿＿＿＿
＿＿＿＿＿＿＿＿＿＿
＿＿＿□＿＿＿＿＿＿
＿＿＿□□＿＿＿＿＿
＿＿＿□□＿■＿＿＿
＿＿＿＿□■■＿＿＿
＿＿＿＿□■＿＿＿＿
＿＿□□□□□□□＿
□□□□□□□□□＿
□□□□□□□□□＿
00:09:58(17954f):field(17953f)
＿＿＿＿＿＿＿＿＿＿
＿＿＿＿＿＿＿＿＿＿
＿＿＿＿＿＿＿＿＿＿
＿＿＿＿＿＿＿＿＿＿
＿＿＿＿＿＿＿＿＿＿
＿＿＿＿＿＿＿＿＿＿
＿＿＿＿＿＿＿＿＿＿
＿＿＿＿＿＿＿＿＿＿
＿＿＿＿＿＿＿＿＿＿
＿＿＿＿＿＿＿＿＿＿
＿＿＿■＿＿＿＿＿＿
＿＿＿■■＿＿＿＿＿
＿＿＿□■＿＿＿＿＿
＿＿＿□□＿＿＿＿＿
＿＿＿□□＿□＿＿＿
＿＿＿＿□□□＿＿＿
＿＿＿＿□□＿＿＿＿
＿＿□□□□□□□＿
□□□□□□□□□＿
□□□□□□□□□＿
00:09:59(17981f):field(17980f)
＿＿＿＿＿＿＿＿＿＿
＿＿＿＿＿＿＿＿＿＿
＿＿＿＿＿＿＿＿＿＿
＿＿＿＿＿＿＿＿＿＿
＿＿＿＿＿＿＿＿＿＿
＿＿＿＿＿＿＿＿＿＿
＿＿＿＿＿＿＿＿＿＿
＿＿＿＿＿＿＿＿＿＿
＿＿＿＿＿＿＿＿＿＿
＿＿＿＿＿＿＿＿＿＿
＿＿＿□＿＿＿＿＿＿
＿＿＿□□＿＿＿＿＿
＿＿＿□□＿＿＿＿＿
＿＿＿□□＿＿＿＿＿
＿＿＿□□＿□＿＿＿
＿＿＿＿□□□＿＿＿
＿＿＿＿□□＿■■■
＿＿□□□□□□□■
□□□□□□□□□＿
□□□□□□□□□＿
00:10:00(18000f):field(17999f)
＿＿＿＿＿＿＿＿＿＿
＿＿＿＿＿＿＿＿＿＿
＿＿＿＿＿＿＿＿＿＿
＿＿＿＿＿＿＿＿＿＿
＿＿＿＿＿＿＿＿＿＿
＿＿＿＿＿＿＿＿＿＿
＿＿＿＿＿＿＿＿＿＿
＿＿＿＿＿＿＿＿＿＿
＿＿＿＿＿＿＿＿＿＿
＿＿＿＿＿＿＿＿＿＿
＿＿＿◆＿＿＿＿＿＿
＿＿＿□◆＿＿＿＿＿
＿＿＿□□＿＿＿＿＿
＿＿＿□□＿＿＿＿＿
＿＿＿□□＿◆＿＿＿
＿＿＿■□◆□＿＿＿
■＿■＿□□■◆◆◆
■＿◆◆□□◆□□□
□□□□□□□□□＿
□□□□□□□□□＿
00:10:00(18016f):field(18015f)
＿＿＿＿＿＿＿＿＿＿
＿＿＿＿＿＿＿＿＿＿
＿＿＿＿＿＿＿＿＿＿
＿＿＿＿＿＿＿＿＿＿
＿＿＿＿＿＿＿＿＿＿
＿＿＿＿＿＿＿＿＿＿
＿＿＿＿＿＿＿＿＿＿
＿＿＿＿＿＿＿＿＿＿
＿＿＿＿＿＿＿＿＿＿
＿＿＿＿＿＿＿＿＿＿
＿＿＿＿＿＿＿＿＿＿
＿＿＿□＿＿＿＿＿＿
＿＿＿□□＿＿＿＿＿
＿＿＿□□■＿＿＿＿
＿＿＿□□■■＿＿＿
＿＿＿□□■□＿＿＿
□＿◆＿□□□＿＿＿
□＿＿＿□□＿□□□
□□□□□□□□□＿
□□□□□□□□□＿
00:10:00(18026f):field(18025f)
＿＿＿＿＿＿＿＿＿＿
＿＿＿＿＿＿＿＿＿＿
＿＿＿＿＿＿＿＿＿＿
＿＿＿＿＿＿＿＿＿＿
＿＿＿＿＿＿＿＿＿＿
＿＿＿＿＿＿＿＿＿＿
＿＿＿＿＿＿＿＿＿＿
＿＿＿＿＿＿＿＿＿＿
＿＿＿＿＿＿＿＿＿＿
＿＿＿＿＿■＿＿＿＿
＿＿＿＿＿■＿＿＿＿
＿＿＿□＿■＿＿＿＿
＿＿＿□□■＿＿＿＿
＿＿＿□□□＿＿＿＿
＿＿＿□□□□＿＿＿
＿＿＿□□□□＿＿＿
□＿＿＿□□□＿＿＿
□＿＿＿□□＿□□□
□□□□□□□□□＿
□□□□□□□□□＿
00:10:01(18039f):field(18038f)
＿＿＿＿＿＿＿＿＿＿
＿＿＿＿＿＿＿＿＿＿
＿＿＿＿＿＿＿＿＿＿
＿＿＿＿＿＿＿＿＿＿
＿＿＿＿＿＿＿＿＿＿
＿＿＿＿＿＿＿＿＿＿
＿＿＿＿＿＿＿＿＿＿
＿＿＿＿＿＿＿＿＿＿
＿＿＿＿＿＿＿＿＿＿
＿＿＿■＿□＿＿＿＿
＿＿＿■■□＿＿＿＿
＿＿＿□■□＿＿＿＿
＿＿＿□□□＿＿＿＿
＿＿＿□□□＿＿＿＿
＿＿＿□□□□＿＿＿
＿＿＿□□□□＿＿＿
□＿＿＿□□□＿＿＿
□＿＿＿□□＿□□□
□□□□□□□□□＿
□□□□□□□□□＿
00:10:01(18055f):field(18054f)
＿＿＿＿＿＿＿＿＿＿
＿＿＿＿＿＿＿＿＿＿
＿＿＿＿＿＿＿＿＿＿
＿＿＿＿＿＿＿＿＿＿
＿＿＿＿＿＿＿＿＿＿
＿＿＿＿＿＿＿＿＿＿
＿＿＿＿＿＿＿＿＿＿
＿＿＿＿＿＿＿＿＿＿
＿＿＿＿＿＿＿＿＿＿
＿＿＿□＿□＿＿＿＿
＿＿＿□□□＿＿＿＿
＿＿＿□□□＿＿＿＿
＿＿＿□□□＿＿＿＿
＿＿＿□□□＿＿＿＿
＿＿＿□□□□＿＿＿
＿＿＿□□□□＿＿＿
□＿■■□□□＿＿＿
□＿■■□□＿□□□
□□□□□□□□□＿
□□□□□□□□□＿
00:10:02(18066f):field(18065f)
＿＿＿＿＿＿＿＿＿＿
＿＿＿＿＿＿＿＿＿＿
＿＿＿＿＿＿＿＿＿＿
＿＿＿＿＿＿＿＿＿＿
＿＿＿＿＿＿＿＿＿＿
＿＿＿＿＿＿＿＿＿＿
＿＿＿＿＿＿＿＿＿＿
＿＿＿＿＿■＿＿＿＿
＿＿＿＿■■＿＿＿＿
＿＿＿□■□＿＿＿＿
＿＿＿□□□＿＿＿＿
＿＿＿□□□＿＿＿＿
＿＿＿□□□＿＿＿＿
＿＿＿□□□＿＿＿＿
＿＿＿□□□□＿＿＿
＿＿＿□□□□＿＿＿
□＿□□□□□＿＿＿
□＿□□□□＿□□□
□□□□□□□□□＿
□□□□□□□□□＿
00:10:02(18083f):field(18082f)
＿＿＿＿＿＿＿＿＿＿
＿＿＿＿＿＿＿＿＿＿
＿＿＿＿＿＿＿＿＿＿
＿＿＿＿＿＿＿＿＿＿
＿＿＿＿＿＿＿＿＿＿
＿＿＿＿＿＿＿＿＿＿
＿＿＿＿＿＿＿＿＿＿
＿＿＿＿＿□＿＿＿＿
＿＿＿＿□□＿＿＿＿
＿＿＿□□□＿＿＿＿
＿＿＿□□□＿＿＿＿
＿＿＿□□□＿＿＿＿
＿＿＿□□□＿＿＿＿
＿＿＿□□□＿＿＿＿
＿＿＿□□□□＿＿＿
■■＿□□□□＿＿＿
□■□□□□□＿＿＿
□■□□□□＿□□□
□□□□□□□□□＿
□□□□□□□□□＿
00:10:03(18095f):field(18094f)
＿＿＿＿＿＿＿＿＿＿
＿＿＿＿＿＿＿＿＿＿
＿＿＿＿＿＿＿＿＿＿
＿＿＿＿＿＿＿＿＿＿
＿＿＿＿＿＿＿＿＿＿
＿＿＿＿＿＿＿＿＿＿
＿＿＿＿＿＿＿＿＿＿
＿＿＿＿＿□＿＿＿＿
＿＿＿＿□□＿＿＿＿
＿＿＿□□□＿＿＿＿
＿＿＿□□□＿＿＿＿
＿＿＿□□□＿＿＿＿
＿＿＿□□□＿＿＿＿
＿＿＿□□□＿＿＿＿
■■■□□□□＿＿＿
□□■□□□□＿＿＿
□□□□□□□＿＿＿
□□□□□□＿□□□
□□□□□□□□□＿
□□□□□□□□□＿
00:10:03(18108f):field(18107f)
＿＿＿＿＿＿＿＿＿＿
＿＿＿＿＿＿＿＿＿＿
＿＿＿＿＿＿＿＿＿＿
＿＿＿＿＿＿＿＿＿＿
＿＿＿＿＿＿＿＿＿＿
＿＿＿＿＿＿＿＿＿＿
＿＿＿＿＿＿＿＿＿＿
＿＿＿■■□＿＿＿＿
＿＿■■□□＿＿＿＿
＿＿＿□□□＿＿＿＿
＿＿＿□□□＿＿＿＿
＿＿＿□□□＿＿＿＿
＿＿＿□□□＿＿＿＿
＿＿＿□□□＿＿＿＿
□□□□□□□＿＿＿
□□□□□□□＿＿＿
□□□□□□□＿＿＿
□□□□□□＿□□□
□□□□□□□□□＿
□□□□□□□□□＿
00:10:04(18122f):field(18121f)
＿＿＿＿＿＿＿＿＿＿
＿＿＿＿＿＿＿＿＿＿
＿＿＿＿＿＿＿＿＿＿
＿＿＿＿＿＿＿＿＿＿
＿＿＿＿＿＿＿＿＿＿
＿＿＿＿＿＿＿＿＿＿
＿＿＿＿＿＿＿＿＿＿
＿＿＿□□□＿＿＿＿
＿＿□□□□＿＿＿＿
＿＿＿□□□＿＿＿＿
＿＿＿□□□＿＿＿＿
＿＿＿□□□＿＿＿＿
＿＿＿□□□＿＿＿＿
＿＿＿□□□＿＿＿＿
□□□□□□□＿＿＿
□□□□□□□＿■■
□□□□□□□＿■■
□□□□□□＿□□□
□□□□□□□□□＿
□□□□□□□□□＿
00:10:04(18138f):field(18137f)
＿＿＿＿＿＿＿＿＿＿
＿＿＿＿＿＿＿＿＿＿
＿＿＿＿＿＿＿＿＿＿
＿＿＿＿＿＿＿＿＿＿
＿＿＿＿＿＿＿＿＿＿
＿＿＿＿＿＿＿＿＿＿
＿＿＿＿＿＿＿＿＿＿
＿＿＿□□□＿＿＿＿
＿＿□□□□＿＿＿＿
＿＿＿□□□＿＿＿＿
＿＿＿□□□＿＿＿＿
＿＿＿□□□＿＿＿＿
＿＿＿□□□＿＿＿■
＿＿＿□□□＿＿■■
□□□□□□□＿■＿
□□□□□□□＿□□
□□□□□□□＿□□
□□□□□□＿□□□
□□□□□□□□□＿
□□□□□□□□□＿
00:10:05(18158f):field(18157f)
＿＿＿＿＿＿＿＿＿＿
＿＿＿＿＿＿＿＿＿＿
＿＿＿＿＿＿＿＿＿＿
＿＿＿＿＿＿＿＿＿＿
＿＿＿＿＿＿＿＿＿＿
＿＿＿＿＿＿＿＿＿＿
＿＿＿＿＿＿＿＿＿＿
＿＿＿◆◆◆＿＿＿＿
＿＿◆◆◆◆＿＿＿＿
＿＿＿□□□＿＿＿＿
＿＿■□□□＿＿＿＿
＿＿＿□□□＿＿＿＿
＿＿＿□□□＿＿＿◆
＿＿＿□□□＿＿◆◆
◆□◆□□□◆＿◆■
◆□◆□□□◆■□□
□□□□□□□■□◆
□□□□□□＿□□□
□□□□□□□□□＿
□□□□□□□□□＿
00:10:05(18179f):field(18178f)
＿＿＿＿＿＿＿＿＿＿
＿＿＿＿＿＿＿＿＿＿
＿＿＿＿＿＿＿＿＿＿
＿＿＿＿＿＿＿＿＿＿
＿＿＿＿＿＿＿＿＿＿
＿＿＿＿＿＿＿＿＿＿
＿＿＿＿＿＿＿＿＿＿
＿＿＿＿＿＿＿＿＿＿
＿＿＿＿＿＿＿＿＿＿
＿＿＿□□□＿＿＿＿
＿＿□□□□＿＿＿＿
＿＿＿□□□＿＿＿＿
＿＿＿□□□＿＿＿＿
＿＿■□□□＿＿＿＿
＿◆■□□□＿＿＿□
＿□■□□□＿□□□
□□□□□□□□□＿
□□□□□□＿□□□
□□□□□□□□□＿
□□□□□□□□□＿
00:10:06(18192f):field(18191f)
＿＿＿＿＿＿＿＿＿＿
＿＿＿＿＿＿＿＿＿＿
＿＿＿＿＿＿＿＿＿＿
＿＿＿＿＿＿＿＿＿＿
＿＿＿＿＿＿＿＿＿＿
＿＿＿＿＿＿＿＿＿＿
＿＿＿＿＿＿＿＿＿＿
＿＿＿＿＿＿＿＿＿＿
＿＿＿＿＿＿＿＿＿＿
＿＿＿□□□＿＿＿＿
＿＿□□□□＿＿＿＿
＿＿＿□□□＿＿＿＿
＿＿＿□□□＿＿＿＿
＿＿□□□□＿＿■■
＿＿□□□□＿■■□
＿□□□□□＿□□□
□□□□□□□□□＿
□□□□□□＿□□□
□□□□□□□□□＿
□□□□□□□□□＿
00:10:06(18205f):field(18204f)
＿＿＿＿＿＿＿＿＿＿
＿＿＿＿＿＿＿＿＿＿
＿＿＿＿＿＿＿＿＿＿
＿＿＿＿＿＿＿＿＿＿
＿＿＿＿＿＿＿＿＿＿
＿＿＿＿＿＿＿＿＿＿
＿＿＿＿＿＿＿＿＿＿
＿＿＿■■＿＿＿＿＿
＿＿＿■■＿＿＿＿＿
＿＿＿□□□＿＿＿＿
＿＿□□□□＿＿＿＿
＿＿＿□□□＿＿＿＿
＿＿＿□□□＿＿＿＿
＿＿□□□□＿＿□□
＿＿□□□□＿□□□
＿□□□□□＿□□□
□□□□□□□□□＿
□□□□□□＿□□□
□□□□□□□□□＿
□□□□□□□□□＿
00:10:07(18219f):field(18218f)
＿＿＿＿＿＿＿＿＿＿
＿＿＿＿＿＿＿＿＿＿
＿＿＿＿＿＿＿＿＿＿
＿＿＿＿＿＿＿＿＿＿
＿＿＿＿＿＿＿＿＿＿
＿＿＿＿＿＿＿＿＿＿
＿＿＿＿＿＿＿＿＿＿
＿＿＿□□＿＿＿＿＿
＿＿＿□□＿＿＿＿＿
＿＿＿□□□＿＿＿＿
＿＿□□□□＿＿＿＿
＿＿＿□□□＿＿＿＿
＿＿＿□□□＿＿＿＿
＿■□□□□＿＿□□
■■□□□□＿□□□
■□□□□□＿□□□
□□□□□□□□□＿
□□□□□□＿□□□
□□□□□□□□□＿
□□□□□□□□□＿
00:10:07(18235f):field(18234f)
＿＿＿＿＿＿＿＿＿＿
＿＿＿＿＿＿＿＿＿＿
＿＿＿＿＿＿＿＿＿＿
＿＿＿＿＿＿＿＿＿＿
＿＿＿＿＿＿＿＿＿＿
＿＿＿＿＿＿＿＿＿＿
＿＿＿＿＿＿＿＿＿＿
＿＿＿□□＿＿＿＿＿
＿＿＿□□＿＿＿＿＿
＿＿＿□□□＿＿＿＿
＿＿□□□□＿＿＿＿
＿＿＿□□□＿＿＿＿
■■■□□□＿＿＿＿
■□□□□□＿＿□□
□□□□□□＿□□□
□□□□□□＿□□□
□□□□□□□□□＿
□□□□□□＿□□□
□□□□□□□□□＿
□□□□□□□□□＿
00:10:08(18248f):field(18247f)
＿＿＿＿＿＿＿＿＿＿
＿＿＿＿＿＿＿＿＿＿
＿＿＿＿＿＿＿＿＿＿
＿＿＿＿＿＿＿＿＿＿
＿＿＿＿＿＿＿＿＿＿
＿＿＿＿＿＿＿＿＿＿
＿＿＿＿＿＿＿＿＿＿
＿＿＿□□＿＿＿＿＿
＿＿＿□□＿＿＿＿＿
＿＿＿□□□＿＿＿＿
＿■□□□□＿＿＿＿
■■■□□□＿＿＿＿
□□□□□□＿＿＿＿
□□□□□□＿＿□□
□□□□□□＿□□□
□□□□□□＿□□□
□□□□□□□□□＿
□□□□□□＿□□□
□□□□□□□□□＿
□□□□□□□□□＿
00:10:08(18265f):field(18264f)
＿＿＿＿＿＿＿＿＿＿
＿＿＿＿＿＿＿＿＿＿
＿＿＿＿＿＿＿＿＿＿
＿＿＿＿＿＿＿＿＿＿
＿＿＿＿＿＿＿＿＿＿
＿＿＿＿＿＿＿＿＿＿
＿＿＿＿＿＿＿＿＿＿
＿＿＿◆◆＿＿＿＿＿
＿＿＿□□＿＿＿＿＿
＿＿＿□□◆＿＿＿＿
＿◆◆□□□＿＿＿＿
◆□□□□□＿＿＿＿
□□□□□□■＿＿＿
□□□□□□＿■□◆
□□□□□□＿□□□
□□□□□□＿□□□
□□□□□□□□□＿
□□□□□□＿□□□
□□□□□□□□□＿
□□□□□□□□□＿
00:10:09(18277f):field(18276f)
＿＿＿＿＿＿＿＿＿＿
＿＿＿＿＿＿＿＿＿＿
＿＿＿＿＿＿＿＿＿＿
＿＿＿＿＿＿＿＿＿＿
＿＿＿＿＿＿＿＿＿＿
＿＿＿＿＿＿＿＿＿＿
＿＿＿■■＿＿＿＿＿
＿＿＿■■＿＿＿＿＿
＿＿＿□□＿＿＿＿＿
＿＿＿□□＿＿＿＿＿
＿＿＿□□□＿＿＿＿
＿□□□□□＿＿＿＿
□□□□□□◆＿＿＿
□□□□□□＿□□＿
□□□□□□＿□□□
□□□□□□＿□□□
□□□□□□□□□＿
□□□□□□＿□□□
□□□□□□□□□＿
□□□□□□□□□＿
00:10:09(18293f):field(18292f)
＿＿＿＿＿＿＿＿＿＿
＿＿＿＿＿＿＿＿＿＿
＿＿＿＿＿＿＿＿＿＿
＿＿＿＿＿＿＿＿＿＿
＿＿＿＿＿＿＿＿＿＿
＿＿＿＿＿＿＿＿＿＿
＿＿＿◆◆＿＿＿＿＿
＿＿＿◆◆＿＿＿＿＿
＿＿＿□□＿＿＿＿＿
＿＿＿□□＿＿＿＿＿
＿＿＿□□◆＿＿＿＿
＿◆◆□□◆＿＿＿＿
◆◆◆□□□＿＿＿＿
◆□□□□□＿◆◆＿
□□□□□□■◆□◆
□□□□□□■□□□
□□□□□□□□□＿
□□□□□□＿□□□
□□□□□□□□□＿
□□□□□□□□□＿
00:10:10(18307f):field(18306f)
＿＿＿＿＿＿＿＿＿＿
＿＿＿＿＿＿＿＿＿＿
＿＿＿＿＿＿＿＿＿＿
＿＿＿＿＿＿＿＿＿＿
＿＿＿＿＿＿＿＿＿＿
＿＿＿＿＿＿＿＿＿＿
＿＿＿＿＿＿＿＿＿＿
＿＿＿＿＿＿＿＿＿＿
＿＿＿□□＿＿＿＿＿
＿＿＿□□＿＿＿＿＿
＿＿＿□□＿＿＿＿＿
＿＿＿□□＿＿＿＿＿
■■■□□□＿＿＿＿
■□□□□□＿＿＿＿
□□□□□□□＿◆＿
□□□□□□□□□◆
□□□□□□□□□＿
□□□□□□＿□□□
□□□□□□□□□＿
□□□□□□□□□＿
00:10:10(18323f):field(18322f)
＿＿＿＿＿＿＿＿＿＿
＿＿＿＿＿＿＿＿＿＿
＿＿＿＿＿＿＿＿＿＿
＿＿＿＿＿＿＿＿＿＿
＿＿＿＿＿＿＿＿＿＿
＿＿＿＿＿＿＿＿＿＿
＿＿＿＿＿＿＿＿＿＿
＿＿＿＿＿＿＿＿＿＿
＿＿＿◆◆＿＿＿＿＿
＿＿＿◆◆＿＿＿＿＿
＿＿＿□□＿＿＿＿＿
＿＿＿□□＿＿＿＿＿
◆◆◆□□◆＿＿＿＿
◆◆□□□◆＿＿＿＿
□□□□□□◆＿■＿
□□□□□□◆◆◆＿
□□□□□□□□□＿
□□□□□□＿□□□
□□□□□□□□□＿
□□□□□□□□□＿
00:10:11(18340f):field(18339f)
＿＿＿＿＿＿＿＿＿＿
＿＿＿＿＿＿＿＿＿＿
＿＿＿＿＿＿＿＿＿＿
＿＿＿＿＿＿＿＿＿＿
＿＿＿＿＿＿＿＿＿＿
＿＿＿＿＿＿＿＿＿＿
＿＿＿＿＿＿＿＿＿＿
＿＿＿＿＿＿＿＿＿＿
＿＿＿＿＿＿＿＿＿＿
＿＿＿＿＿＿＿＿＿＿
＿＿＿◆◆＿＿＿＿＿
＿＿＿□□＿＿＿＿＿
＿＿＿□□＿＿＿＿＿
＿＿◆□□＿＿＿＿＿
◆◆◆□□◆＿＿◆＿
□□□□□□＿＿■＿
□□□□□□◆◆□■
□□□□□□＿□□□
□□□□□□□□□＿
□□□□□□□□□＿
00:10:11(18355f):field(18354f)
＿＿＿＿＿＿＿＿＿＿
＿＿＿＿＿＿＿＿＿＿
＿＿＿＿＿＿＿＿＿＿
＿＿＿＿＿＿＿＿＿＿
＿＿＿＿＿＿＿＿＿＿
＿＿＿＿＿＿＿＿＿＿
＿＿＿＿＿＿＿＿＿＿
＿＿＿＿＿＿＿＿＿＿
＿＿＿＿＿＿＿＿＿＿
＿＿＿＿＿＿＿＿＿＿
＿＿＿＿＿＿＿＿＿＿
＿＿＿◆◆＿＿＿＿＿
＿＿＿◆◆＿＿＿＿＿
＿＿＿□□＿＿＿＿＿
＿＿＿□□＿＿＿＿＿
◆◆□□□◆＿＿◆＿
◆◆◆□□◆＿＿□◆
□□□□□□＿□□◆
□□□□□□□□□＿
□□□□□□□□□＿
00:10:12(18368f):field(18367f)
＿＿＿＿＿＿＿＿＿＿
＿＿＿＿＿＿＿＿＿＿
＿＿＿＿＿＿＿＿＿＿
＿＿＿＿＿＿＿＿＿＿
＿＿＿＿＿＿＿＿＿＿
＿＿＿＿＿＿＿＿＿＿
＿＿＿＿＿＿＿＿＿＿
＿＿＿＿＿＿＿＿＿＿
＿＿＿＿＿＿＿＿＿＿
＿＿＿＿＿＿＿＿＿＿
＿＿＿＿＿＿＿＿＿＿
＿＿＿＿＿＿＿＿＿＿
＿＿＿＿＿＿＿＿＿＿
＿＿＿□□＿＿＿＿＿
＿＿＿□□＿＿＿＿＿
＿＿◆□□＿＿＿＿＿
＿＿＿□□■■■◆＿
□□□□□□■□□＿
□□□□□□□□□＿
□□□□□□□□□＿
00:10:12(18383f):field(18382f)
＿＿＿＿＿＿＿＿＿＿
＿＿＿＿＿＿＿＿＿＿
＿＿＿＿＿＿＿＿＿＿
＿＿＿＿＿＿＿＿＿＿
＿＿＿＿＿＿＿＿＿＿
＿＿＿＿＿＿＿＿＿＿
＿＿＿＿＿＿＿＿＿＿
＿＿＿＿＿＿＿＿＿＿
＿＿＿＿＿＿＿＿＿＿
＿＿＿＿＿＿＿＿＿＿
＿＿＿＿＿＿＿＿＿＿
＿＿＿＿＿＿＿＿＿＿
＿＿＿＿＿＿＿＿＿＿
＿＿＿□□＿＿＿＿＿
■＿＿□□＿＿＿＿＿
■＿＿□□＿＿＿＿＿
■■＿□□□□□＿＿
□□□□□□□□□＿
□□□□□□□□□＿
□□□□□□□□□＿
00:10:13(18394f):field(18393f)
＿＿＿＿＿＿＿＿＿＿
＿＿＿＿＿＿＿＿＿＿
＿＿＿＿＿＿＿＿＿＿
＿＿＿＿＿＿＿＿＿＿
＿＿＿＿＿＿＿＿＿＿
＿＿＿＿＿＿＿＿＿＿
＿＿＿＿＿＿＿＿＿＿
＿＿＿＿＿＿＿＿＿＿
＿＿＿＿＿＿＿＿＿＿
＿＿＿＿＿＿＿＿＿＿
＿＿＿＿＿＿＿＿＿＿
＿＿＿＿＿＿＿＿＿＿
＿＿＿＿＿■＿＿＿＿
＿＿＿□□■＿＿＿＿
□＿＿□□■＿＿＿＿
□＿＿□□■＿＿＿＿
□□＿□□□□□＿＿
□□□□□□□□□＿
□□□□□□□□□＿
□□□□□□□□□＿
00:10:13(18405f):field(18404f)
＿＿＿＿＿＿＿＿＿＿
＿＿＿＿＿＿＿＿＿＿
＿＿＿＿＿＿＿＿＿＿
＿＿＿＿＿＿＿＿＿＿
＿＿＿＿＿＿＿＿＿＿
＿＿＿＿＿＿＿＿＿＿
＿＿＿＿＿＿＿＿＿＿
＿＿＿＿＿＿＿＿＿＿
＿＿＿＿＿＿＿＿＿＿
＿＿＿＿＿＿＿＿＿＿
＿＿＿＿■＿＿＿＿＿
＿＿＿＿■＿＿＿＿＿
＿＿＿■■□＿＿＿＿
＿＿＿□□□＿＿＿＿
□＿＿□□□＿＿＿＿
□＿＿□□□＿＿＿＿
□□＿□□□□□＿＿
□□□□□□□□□＿
□□□□□□□□□＿
□□□□□□□□□＿
00:10:14(18437f):field(18436f)
＿＿＿＿＿＿＿＿＿＿
＿＿＿＿＿＿＿＿＿＿
＿＿＿＿＿＿＿＿＿＿
＿＿＿＿＿＿＿＿＿＿
＿＿＿＿＿＿＿＿＿＿
＿＿＿＿＿＿＿＿＿＿
＿＿＿＿＿＿＿＿＿＿
＿＿＿＿＿＿＿＿＿＿
＿＿＿＿＿＿＿＿＿＿
＿＿＿＿＿＿＿＿＿＿
＿＿＿＿□＿＿＿＿＿
＿＿＿＿□＿■＿＿＿
＿＿＿□□□■■＿＿
＿＿＿□□□■■＿＿
□＿＿□□□■■＿＿
□＿＿□□□■＿＿＿
□□＿□□□□□＿＿
□□□□□□□□□＿
□□□□□□□□□＿
□□□□□□□□□＿
00:10:15(18451f):field(18450f)
＿＿＿＿＿＿＿＿＿＿
＿＿＿＿＿＿＿＿＿＿
＿＿＿＿＿＿＿＿＿＿
＿＿＿＿＿＿＿＿＿＿
＿＿＿＿＿＿＿＿＿＿
＿＿＿＿＿＿＿＿＿＿
＿＿＿＿＿＿＿＿＿＿
＿＿＿＿＿＿＿＿＿＿
＿＿＿＿＿＿＿＿＿＿
＿＿＿＿＿■＿＿＿＿
＿＿＿＿□■■＿＿＿
＿＿＿＿□■□＿＿＿
＿＿＿□□□□□＿＿
＿＿＿□□□□□＿＿
□＿＿□□□□□＿＿
□＿＿□□□□＿＿＿
□□＿□□□□□＿＿
□□□□□□□□□＿
□□□□□□□□□＿
□□□□□□□□□＿
00:10:15(18466f):field(18465f)
＿＿＿＿＿＿＿＿＿＿
＿＿＿＿＿＿＿＿＿＿
＿＿＿＿＿＿＿＿＿＿
＿＿＿＿＿＿＿＿＿＿
＿＿＿＿＿＿＿＿＿＿
＿＿＿＿＿＿＿＿＿＿
＿＿＿＿＿＿＿＿＿＿
＿＿＿＿＿＿＿＿＿＿
＿＿＿＿＿＿＿＿＿＿
＿＿＿＿＿□＿＿＿＿
＿＿＿＿□□□＿＿＿
＿＿＿＿□□□＿＿＿
＿＿＿□□□□□＿＿
＿＿＿□□□□□＿＿
□＿＿□□□□□＿＿
□＿＿□□□□＿■■
□□＿□□□□□■■
□□□□□□□□□＿
□□□□□□□□□＿
□□□□□□□□□＿
00:10:16(18483f):field(18482f)
＿＿＿＿＿＿＿＿＿＿
＿＿＿＿＿＿＿＿＿＿
＿＿＿＿＿＿＿＿＿＿
＿＿＿＿＿＿＿＿＿＿
＿＿＿＿＿＿＿＿＿＿
＿＿＿＿＿＿＿＿＿＿
＿＿＿＿＿＿＿＿＿＿
＿＿＿＿＿＿＿＿＿＿
＿＿＿＿＿＿＿＿＿＿
＿＿＿＿＿◆＿＿＿＿
＿＿＿＿◆□◆＿＿＿
＿＿＿＿□□□＿＿＿
＿＿＿◆□□□◆＿＿
＿＿＿□□□□□＿＿
◆＿＿□□□□□＿＿
□■＿□□□□■◆◆
□□■□□□□◆□□
□□□□□□□□□＿
□□□□□□□□□＿
□□□□□□□□□＿
00:10:16(18494f):field(18493f)
＿＿＿＿＿＿＿＿＿＿
＿＿＿＿＿＿＿＿＿＿
＿＿＿＿＿＿＿＿＿＿
＿＿＿＿＿＿＿＿＿＿
＿＿＿＿＿＿＿＿＿＿
＿＿＿＿＿＿＿＿＿＿
＿＿＿＿＿＿＿＿＿＿
＿＿＿＿＿＿＿＿＿＿
＿＿＿＿＿■＿＿＿＿
＿＿＿＿■■＿＿＿＿
＿＿＿＿■□＿＿＿＿
＿＿＿＿□□□＿＿＿
＿＿＿＿□□□＿＿＿
＿＿＿□□□□□＿＿
＿＿＿□□□□□＿＿
□□＿□□□□□＿＿
□□□□□□□＿□□
□□□□□□□□□＿
□□□□□□□□□＿
□□□□□□□□□＿
00:10:17(18513f):field(18512f)
＿＿＿＿＿＿＿＿＿＿
＿＿＿＿＿＿＿＿＿＿
＿＿＿＿＿＿＿＿＿＿
＿＿＿＿＿＿＿＿＿＿
＿＿＿＿＿＿＿＿＿＿
＿＿＿＿＿＿＿＿＿＿
＿＿＿＿＿＿＿＿＿＿
＿＿＿＿＿＿＿＿＿＿
＿＿＿＿＿□＿＿＿＿
＿＿＿＿□□＿＿＿＿
＿＿＿＿□□＿＿＿＿
＿＿＿＿□□□＿＿＿
＿＿＿＿□□□＿＿＿
＿＿＿□□□□□＿＿
■■■□□□□□＿＿
□□■□□□□□＿＿
□□□□□□□＿□□
□□□□□□□□□＿
□□□□□□□□□＿
□□□□□□□□□＿
00:10:17(18527f):field(18526f)
＿＿＿＿＿＿＿＿＿＿
＿＿＿＿＿＿＿＿＿＿
＿＿＿＿＿＿＿＿＿＿
＿＿＿＿＿＿＿＿＿＿
＿＿＿＿＿＿＿＿＿＿
＿＿＿＿＿＿＿＿＿＿
＿＿＿＿＿＿＿＿＿＿
＿＿＿＿＿＿＿＿＿＿
＿＿＿＿＿□＿＿＿＿
＿＿＿＿□□＿＿＿＿
■＿＿＿□□＿＿＿＿
■＿＿＿□□□＿＿＿
■＿＿＿□□□＿＿＿
■＿＿□□□□□＿＿
□□□□□□□□＿＿
□□□□□□□□＿＿
□□□□□□□＿□□
□□□□□□□□□＿
□□□□□□□□□＿
□□□□□□□□□＿
00:10:18(18540f):field(18539f)
＿＿＿＿＿＿＿＿＿＿
＿＿＿＿＿＿＿＿＿＿
＿＿＿＿＿＿＿＿＿＿
＿＿＿＿＿＿＿＿＿＿
＿＿＿＿＿＿＿＿＿＿
＿＿＿＿＿＿＿＿＿＿
＿＿＿＿＿＿＿＿＿＿
＿＿＿＿＿＿＿＿＿＿
＿＿＿＿＿□＿＿＿＿
＿＿＿＿□□＿＿＿＿
□＿＿＿□□＿＿＿＿
□■＿＿□□□＿＿＿
□■＿＿□□□＿＿＿
□■■□□□□□＿＿
□□□□□□□□＿＿
□□□□□□□□＿＿
□□□□□□□＿□□
□□□□□□□□□＿
□□□□□□□□□＿
□□□□□□□□□＿
00:10:18(18553f):field(18552f)
＿＿＿＿＿＿＿＿＿＿
＿＿＿＿＿＿＿＿＿＿
＿＿＿＿＿＿＿＿＿＿
＿＿＿＿＿＿＿＿＿＿
＿＿＿＿＿＿＿＿＿＿
＿＿＿＿＿＿＿＿＿＿
＿＿＿＿＿＿＿＿＿＿
＿＿＿＿＿＿＿＿＿＿
＿＿＿＿＿□＿＿＿＿
＿＿＿＿□□＿＿＿＿
□＿＿＿□□＿＿＿＿
□□■■□□□＿＿＿
□□■■□□□＿＿＿
□□□□□□□□＿＿
□□□□□□□□＿＿
□□□□□□□□＿＿
□□□□□□□＿□□
□□□□□□□□□＿
□□□□□□□□□＿
□□□□□□□□□＿
00:10:18(18566f):field(18565f)
＿＿＿＿＿＿＿＿＿＿
＿＿＿＿＿＿＿＿＿＿
＿＿＿＿＿＿＿＿＿＿
＿＿＿＿＿＿＿＿＿＿
＿＿＿＿＿＿＿＿＿＿
＿＿＿＿＿＿＿＿＿＿
＿＿＿＿＿＿＿＿＿＿
＿＿＿＿＿＿＿＿＿＿
＿＿＿＿＿□＿＿＿＿
■■＿＿□□＿＿＿＿
□■■＿□□＿＿＿＿
□□□□□□□＿＿＿
□□□□□□□＿＿＿
□□□□□□□□＿＿
□□□□□□□□＿＿
□□□□□□□□＿＿
□□□□□□□＿□□
□□□□□□□□□＿
□□□□□□□□□＿
□□□□□□□□□＿
00:10:19(18578f):field(18577f)
＿＿＿＿＿＿＿＿＿＿
＿＿＿＿＿＿＿＿＿＿
＿＿＿＿＿＿＿＿＿＿
＿＿＿＿＿＿＿＿＿＿
＿＿＿＿＿＿＿＿＿＿
＿＿＿＿＿＿＿＿＿＿
＿＿＿＿＿＿＿＿＿＿
＿＿＿＿＿＿＿＿＿＿
＿＿■＿＿□＿＿＿＿
□□■■□□＿＿＿＿
□□□■□□＿＿＿＿
□□□□□□□＿＿＿
□□□□□□□＿＿＿
□□□□□□□□＿＿
□□□□□□□□＿＿
□□□□□□□□＿＿
□□□□□□□＿□□
□□□□□□□□□＿
□□□□□□□□□＿
□□□□□□□□□＿
00:10:19(18591f):field(18590f)
＿＿＿＿＿＿＿＿＿＿
＿＿＿＿＿＿＿＿＿＿
＿＿＿＿＿＿＿＿＿＿
＿＿＿＿＿＿＿＿＿＿
＿＿＿＿＿＿＿＿＿＿
＿＿＿＿＿＿＿＿＿＿
＿＿＿■＿＿＿＿＿＿
＿＿■■＿＿＿＿＿＿
＿＿□■＿□＿＿＿＿
□□□□□□＿＿＿＿
□□□□□□＿＿＿＿
□□□□□□□＿＿＿
□□□□□□□＿＿＿
□□□□□□□□＿＿
□□□□□□□□＿＿
□□□□□□□□＿＿
□□□□□□□＿□□
□□□□□□□□□＿
□□□□□□□□□＿
□□□□□□□□□＿
00:10:20(18607f):field(18606f)
＿＿＿＿＿＿＿＿＿＿
＿＿＿＿＿＿＿＿＿＿
＿＿＿＿＿＿＿＿＿＿
＿＿＿＿＿＿＿＿＿＿
＿＿＿＿＿＿＿＿＿＿
＿＿＿＿＿＿＿＿＿＿
■＿＿□＿＿＿＿＿＿
■■□□＿＿＿＿＿＿
＿■□□＿□＿＿＿＿
□□□□□□＿＿＿＿
□□□□□□＿＿＿＿
□□□□□□□＿＿＿
□□□□□□□＿＿＿
□□□□□□□□＿＿
□□□□□□□□＿＿
□□□□□□□□＿＿
□□□□□□□＿□□
□□□□□□□□□＿
□□□□□□□□□＿
□□□□□□□□□＿
00:10:20(18627f):field(18626f)
＿＿＿＿＿＿＿＿＿＿
＿＿＿＿＿＿＿＿＿＿
＿＿＿＿＿＿＿＿＿＿
＿＿＿＿＿＿＿＿＿＿
＿＿＿＿＿＿＿＿＿＿
＿＿＿＿＿＿＿＿＿＿
◆＿＿◆＿＿＿＿＿＿
□◆◆□＿＿＿＿＿＿
■□□□＿◆＿＿＿＿
◆□□□◆□＿＿＿＿
□□□□□□＿＿＿＿
□□□□□□◆＿＿＿
□□□□□□□＿＿＿
□□□□□□□◆＿＿
□□□□□□□□■＿
□□□□□□□□■＿
□□□□□□□＿□□
□□□□□□□□□＿
□□□□□□□□□＿
□□□□□□□□□＿
00:10:21(18640f):field(18639f)
＿＿＿＿＿＿＿＿＿＿
＿＿＿＿＿＿＿＿＿＿
＿＿＿＿＿＿＿＿＿＿
＿＿＿＿＿＿＿＿＿＿
＿＿＿＿＿＿＿＿＿＿
＿＿＿＿＿＿＿＿＿＿
＿＿＿＿＿＿＿＿＿＿
□＿＿□＿＿＿＿＿＿
□□□□＿＿＿＿＿＿
＿□□□＿□＿＿＿＿
□□□□□□＿＿＿＿
□□□□□□＿＿＿＿
□□□□□□□■■＿
□□□□□□□■■＿
□□□□□□□□□＿
□□□□□□□□□＿
□□□□□□□＿□□
□□□□□□□□□＿
□□□□□□□□□＿
□□□□□□□□□＿
00:10:21(18657f):field(18656f)
＿＿＿＿＿＿＿＿＿＿
＿＿＿＿＿＿＿＿＿＿
＿＿＿＿＿＿＿＿＿＿
＿＿＿＿＿＿＿＿＿＿
＿＿＿＿＿＿＿＿＿＿
＿＿＿＿＿＿＿＿＿＿
＿＿＿＿＿＿＿＿＿＿
◆＿＿◆＿＿＿＿＿＿
◆◆◆◆＿＿＿＿＿＿
＿◆◆◆＿◆＿＿＿＿
◆◆◆◆□◆＿＿＿＿
□◆□□◆◆＿＿＿■
□□□□□◆◆◆□＿
◆□□□◆□◆◆◆■
□□□□□□◆◆◆＿
□□□□□□◆◆□＿
□□□□□□□＿□□
□□□□□□□□□＿
□□□□□□□□□＿
□□□□□□□□□＿
00:10:22(18669f):field(18668f)
＿＿＿＿＿＿＿＿＿＿
＿＿＿＿＿＿＿＿＿＿
＿＿＿＿＿＿＿＿＿＿
＿＿＿＿＿＿＿＿＿＿
＿＿＿＿＿＿＿＿＿＿
＿＿＿＿＿＿＿＿＿＿
＿＿＿＿＿＿＿＿＿＿
＿＿＿＿＿＿＿＿＿＿
＿＿＿＿＿＿＿＿＿＿
＿＿＿＿＿＿＿＿＿＿
＿＿＿＿◆＿＿＿＿＿
□＿◆□■＿＿＿＿◆
□□□□□■＿＿◆＿
＿□□□■□＿＿＿◆
□□□□□□＿＿＿＿
□□□□□□＿＿◆＿
□□□□□□□＿□□
□□□□□□□□□＿
□□□□□□□□□＿
□□□□□□□□□＿
00:10:22(18687f):field(18686f)
＿＿＿＿＿＿＿＿＿＿
＿＿＿＿＿＿＿＿＿＿
＿＿＿＿＿＿＿＿＿＿
＿＿＿＿＿＿＿＿＿＿
＿＿＿＿＿＿＿＿＿＿
＿＿＿＿＿＿＿＿＿＿
＿＿＿＿＿＿＿＿＿＿
＿＿＿＿＿＿＿＿＿＿
＿＿＿＿＿＿＿＿＿＿
＿＿＿＿＿＿＿＿＿＿
＿＿＿＿＿＿＿＿＿＿
◆＿＿◆◆＿＿＿＿＿
□◆◆□□◆＿＿＿＿
■□□□□□＿＿＿＿
◆□□□□□＿＿＿＿
□□□□□□＿＿■＿
□□□□□□□■□◆
□□□□□□□□□＿
□□□□□□□□□＿
□□□□□□□□□＿
00:10:23(18700f):field(18699f)
＿＿＿＿＿＿＿＿＿＿
＿＿＿＿＿＿＿＿＿＿
＿＿＿＿＿＿＿＿＿＿
＿＿＿＿＿＿＿＿＿＿
＿＿＿＿＿＿＿＿＿＿
＿＿＿＿＿＿＿＿＿＿
＿＿＿＿＿＿＿＿＿＿
＿＿＿＿＿＿＿＿＿＿
＿＿＿＿＿＿＿＿＿＿
＿＿＿＿＿＿＿＿＿＿
＿＿＿＿＿＿＿＿＿＿
＿＿■■＿＿＿＿＿＿
□■■□□＿＿＿＿＿
□□□□□□＿＿＿＿
＿□□□□□＿＿＿＿
□□□□□□＿＿□＿
□□□□□□◆□□＿
□□□□□□□□□＿
□□□□□□□□□＿
□□□□□□□□□＿
00:10:23(18713f):field(18712f)
＿＿＿＿＿＿＿＿＿＿
＿＿＿＿＿＿＿＿＿＿
＿＿＿＿＿＿＿＿＿＿
＿＿＿＿＿＿＿＿＿＿
＿＿＿＿＿＿＿＿＿＿
＿＿＿＿＿＿＿＿＿＿
＿＿＿＿＿＿＿＿＿＿
＿＿＿＿＿＿＿＿＿＿
＿＿＿＿＿＿＿＿＿＿
＿＿＿＿＿＿＿＿＿＿
＿＿■■■＿＿＿＿＿
＿＿□□■＿＿＿＿＿
□□□□□＿＿＿＿＿
□□□□□□＿＿＿＿
＿□□□□□＿＿＿＿
□□□□□□＿＿□＿
□□□□□□＿□□＿
□□□□□□□□□＿
□□□□□□□□□＿
□□□□□□□□□＿
00:10:24(18727f):field(18726f)
＿＿＿＿＿＿＿＿＿＿
＿＿＿＿＿＿＿＿＿＿
＿＿＿＿＿＿＿＿＿＿
＿＿＿＿＿＿＿＿＿＿
＿＿＿＿＿＿＿＿＿＿
＿＿＿＿＿＿＿＿＿＿
＿＿＿＿＿＿＿＿＿＿
＿＿＿＿＿＿＿＿＿＿
＿＿＿＿＿＿＿＿＿＿
＿＿＿＿＿■＿＿＿＿
＿＿□□□■＿＿＿＿
＿＿□□□■＿＿＿＿
□□□□□■＿＿＿＿
□□□□□□＿＿＿＿
＿□□□□□＿＿＿＿
□□□□□□＿＿□＿
□□□□□□＿□□＿
□□□□□□□□□＿
□□□□□□□□□＿
□□□□□□□□□＿
00:10:24(18739f):field(18738f)
＿＿＿＿＿＿＿＿＿＿
＿＿＿＿＿＿＿＿＿＿
＿＿＿＿＿＿＿＿＿＿
＿＿＿＿＿＿＿＿＿＿
＿＿＿＿＿＿＿＿＿＿
＿＿＿＿＿＿＿＿＿＿
＿＿＿＿＿＿＿＿＿＿
＿＿＿＿＿＿＿＿＿＿
＿＿＿■＿＿＿＿＿＿
＿＿■■■□＿＿＿＿
＿＿□□□□＿＿＿＿
＿＿□□□□＿＿＿＿
□□□□□□＿＿＿＿
□□□□□□＿＿＿＿
＿□□□□□＿＿＿＿
□□□□□□＿＿□＿
□□□□□□＿□□＿
□□□□□□□□□＿
□□□□□□□□□＿
□□□□□□□□□＿
00:10:25(18750f):field(18749f)
＿＿＿＿＿＿＿＿＿＿
＿＿＿＿＿＿＿＿＿＿
＿＿＿＿＿＿＿＿＿＿
＿＿＿＿＿＿＿＿＿＿
＿＿＿＿＿＿＿＿＿＿
＿＿＿＿＿＿＿＿＿＿
＿＿＿＿＿＿＿＿＿＿
＿＿＿＿■■＿＿＿＿
＿＿＿□■■＿＿＿＿
＿＿□□□□＿＿＿＿
＿＿□□□□＿＿＿＿
＿＿□□□□＿＿＿＿
□□□□□□＿＿＿＿
□□□□□□＿＿＿＿
＿□□□□□＿＿＿＿
□□□□□□＿＿□＿
□□□□□□＿□□＿
□□□□□□□□□＿
□□□□□□□□□＿
□□□□□□□□□＿
00:10:25(18763f):field(18762f)
＿＿＿＿＿＿＿＿＿＿
＿＿＿＿＿＿＿＿＿＿
＿＿＿＿＿＿＿＿＿＿
＿＿＿＿＿＿＿＿＿＿
＿＿＿＿＿＿＿＿＿＿
＿＿＿＿＿＿＿＿＿＿
＿＿＿■■＿＿＿＿＿
＿＿■■□□＿＿＿＿
＿＿＿□□□＿＿＿＿
＿＿□□□□＿＿＿＿
＿＿□□□□＿＿＿＿
＿＿□□□□＿＿＿＿
□□□□□□＿＿＿＿
□□□□□□＿＿＿＿
＿□□□□□＿＿＿＿
□□□□□□＿＿□＿
□□□□□□＿□□＿
□□□□□□□□□＿
□□□□□□□□□＿
□□□□□□□□□＿
00:10:25(18777f):field(18776f)
＿＿＿＿＿＿＿＿＿＿
＿＿＿＿＿＿＿＿＿＿
＿＿＿＿＿＿＿＿＿＿
＿＿＿＿＿＿＿＿＿＿
＿＿＿＿＿＿＿＿＿＿
＿＿＿＿＿＿＿＿＿＿
＿＿＿□□＿＿＿＿＿
＿＿□□□□＿＿＿＿
＿＿＿□□□＿＿＿＿
＿＿□□□□＿＿＿＿
＿＿□□□□＿＿＿＿
＿＿□□□□＿＿＿＿
□□□□□□＿＿＿＿
□□□□□□＿＿＿＿
＿□□□□□＿■＿＿
□□□□□□■■□＿
□□□□□□■□□＿
□□□□□□□□□＿
□□□□□□□□□＿
□□□□□□□□□＿
00:10:26(18790f):field(18789f)
＿＿＿＿＿＿＿＿＿＿
＿＿＿＿＿＿＿＿＿＿
＿＿＿＿＿＿＿＿＿＿
＿＿＿＿＿＿＿＿＿＿
＿＿＿＿＿＿＿＿＿＿
＿＿＿＿＿＿＿＿＿＿
＿＿＿□□＿＿＿＿＿
＿＿□□□□＿＿＿＿
＿＿＿□□□＿＿＿＿
＿＿□□□□＿＿＿＿
＿＿□□□□＿＿＿＿
＿＿□□□□■＿＿＿
□□□□□□■＿＿＿
□□□□□□■＿＿＿
＿□□□□□■□＿＿
□□□□□□□□□＿
□□□□□□□□□＿
□□□□□□□□□＿
□□□□□□□□□＿
□□□□□□□□□＿
00:10:26(18809f):field(18808f)
＿＿＿＿＿＿＿＿＿＿
＿＿＿＿＿＿＿＿＿＿
＿＿＿＿＿＿＿＿＿＿
＿＿＿＿＿＿＿＿＿＿
＿＿＿＿＿＿＿＿＿＿
＿＿＿＿＿＿＿＿＿＿
＿＿＿◆◆＿＿＿＿＿
＿＿◆◆◆◆＿＿＿＿
＿＿＿□□◆＿＿＿＿
＿＿□□□□＿＿＿＿
＿＿◆□□□＿＿＿＿
＿＿□□□□◆＿＿＿
◆◆□□□□◆＿＿＿
◆◆□□□□□＿＿＿
■□□□□□□◆■＿
□□□□□□□◆◆＿
◆□□□□□□□□■
□□□□□□□□□＿
□□□□□□□□□＿
□□□□□□□□□＿
00:10:27(18826f):field(18825f)
＿＿＿＿＿＿＿＿＿＿
＿＿＿＿＿＿＿＿＿＿
＿＿＿＿＿＿＿＿＿＿
＿＿＿＿＿＿＿＿＿＿
＿＿＿＿＿＿＿＿＿＿
＿＿＿＿＿＿＿＿＿＿
＿＿＿＿＿＿＿＿＿＿
＿＿＿＿＿＿＿＿＿＿
＿＿＿◆◆＿＿＿＿＿
＿＿◆□□◆＿＿＿＿
＿＿■□□□＿＿＿＿
＿＿◆□□□＿＿＿＿
＿＿□□□□＿＿＿＿
＿＿□□□□◆＿＿＿
◆◆□□□□□＿◆＿
□□□□□□□＿＿■
＿□□□□□□□□□
□□□□□□□□□＿
□□□□□□□□□＿
□□□□□□□□□＿
00:10:28(18842f):field(18841f)
＿＿＿＿＿＿＿＿＿＿
＿＿＿＿＿＿＿＿＿＿
＿＿＿＿＿＿＿＿＿＿
＿＿＿＿＿＿＿＿＿＿
＿＿＿＿＿＿＿＿＿＿
＿＿＿＿＿＿＿＿＿＿
＿＿＿＿＿＿＿＿＿＿
＿＿＿＿＿＿＿＿＿＿
＿＿＿＿＿＿＿＿＿＿
＿＿＿◆◆＿＿＿＿＿
＿＿◆□□◆＿＿＿＿
＿＿■□□□＿＿＿＿
＿＿◆□□□＿＿＿＿
＿＿□□□□＿■＿＿
＿＿□□□□◆＿＿＿
◆◆□□□□□＿■□
＿□□□□□□□□□
□□□□□□□□□＿
□□□□□□□□□＿
□□□□□□□□□＿
00:10:28(18855f):field(18854f)
＿＿＿＿＿＿＿＿＿＿
＿＿＿＿＿＿＿＿＿＿
＿＿＿＿＿＿＿＿＿＿
＿＿＿＿＿＿＿＿＿＿
＿＿＿＿＿＿＿＿＿＿
＿＿＿＿＿＿＿＿＿＿
＿＿＿＿＿＿＿＿＿＿
＿＿＿＿＿＿＿＿＿＿
＿＿＿■■＿＿＿＿＿
＿＿＿■■＿＿＿＿＿
＿＿＿□□＿＿＿＿＿
＿＿□□□□＿＿＿＿
＿＿＿□□□＿＿＿＿
＿＿□□□□＿◆＿＿
＿＿□□□□＿＿＿＿
＿＿□□□□□＿□□
＿□□□□□□□□□
□□□□□□□□□＿
□□□□□□□□□＿
□□□□□□□□□＿
00:10:29(18870f):field(18869f)
＿＿＿＿＿＿＿＿＿＿
＿＿＿＿＿＿＿＿＿＿
＿＿＿＿＿＿＿＿＿＿
＿＿＿＿＿＿＿＿＿＿
＿＿＿＿＿＿＿＿＿＿
＿＿＿＿＿＿＿＿＿＿
＿＿＿＿＿＿＿＿＿＿
＿＿＿＿＿＿＿＿＿＿
＿＿＿□□＿＿＿＿＿
＿＿＿□□＿＿＿＿＿
＿＿＿□□＿＿＿＿＿
＿＿□□□□＿＿＿＿
＿＿＿□□□＿＿＿＿
＿＿□□□□＿＿■＿
＿＿□□□□＿■■＿
＿＿□□□□□■□□
＿□□□□□□□□□
□□□□□□□□□＿
□□□□□□□□□＿
□□□□□□□□□＿
00:10:29(18883f):field(18882f)
＿＿＿＿＿＿＿＿＿＿
＿＿＿＿＿＿＿＿＿＿
＿＿＿＿＿＿＿＿＿＿
＿＿＿＿＿＿＿＿＿＿
＿＿＿＿＿＿＿＿＿＿
＿＿＿＿＿＿＿＿＿＿
＿＿＿＿＿＿＿＿＿＿
＿＿＿＿＿＿＿＿＿＿
＿＿＿□□＿＿＿＿＿
＿＿＿□□＿＿＿＿＿
＿＿＿□□＿＿＿＿＿
＿＿□□□□＿＿＿＿
＿＿＿□□□■＿＿＿
＿＿□□□□■■□＿
＿＿□□□□■□□＿
＿＿□□□□□□□□
＿□□□□□□□□□
□□□□□□□□□＿
□□□□□□□□□＿
□□□□□□□□□＿
00:10:29(18898f):field(18897f)
＿＿＿＿＿＿＿＿＿＿
＿＿＿＿＿＿＿＿＿＿
＿＿＿＿＿＿＿＿＿＿
＿＿＿＿＿＿＿＿＿＿
＿＿＿＿＿＿＿＿＿＿
＿＿＿＿＿＿＿＿＿＿
＿＿＿＿＿＿＿＿＿＿
＿＿＿＿＿＿＿＿＿＿
＿＿＿□□＿＿＿＿＿
＿＿＿□□＿＿＿＿＿
＿＿＿□□＿＿＿＿＿
＿＿□□□□＿＿＿■
＿＿＿□□□□＿＿■
＿＿□□□□□□□■
＿＿□□□□□□□■
＿＿□□□□□□□□
＿□□□□□□□□□
□□□□□□□□□＿
□□□□□□□□□＿
□□□□□□□□□＿
00:10:30(18919f):field(18918f)
＿＿＿＿＿＿＿＿＿＿
＿＿＿＿＿＿＿＿＿＿
＿＿＿＿＿＿＿＿＿＿
＿＿＿＿＿＿＿＿＿＿
＿＿＿＿＿＿＿＿＿＿
＿＿＿＿＿＿＿＿＿＿
＿＿＿＿＿＿＿＿＿＿
＿＿＿＿＿＿＿＿＿＿
＿＿＿◆◆＿＿＿＿＿
＿＿＿◆◆＿＿＿＿＿
＿＿＿□□＿＿＿＿＿
＿＿◆□□◆＿＿＿◆
＿＿＿□□◆◆＿＿◆
＿＿□□□□◆◆◆□
＿＿◆□□□□◆◆□
＿■□□□□□□□□
＿□□□□□□□□□
□□□□□□□□□＿
□□□□□□□□□＿
□□□□□□□□□＿
00:10:31(18934f):field(18933f)
＿＿＿＿＿＿＿＿＿＿
＿＿＿＿＿＿＿＿＿＿
＿＿＿＿＿＿＿＿＿＿
＿＿＿＿＿＿＿＿＿＿
＿＿＿＿＿＿＿＿＿＿
＿＿＿＿＿＿＿＿＿＿
＿＿＿＿＿＿＿＿＿＿
＿＿＿＿＿＿＿＿＿＿
＿＿＿＿＿＿＿＿＿＿
＿＿＿＿＿＿＿＿＿＿
＿＿＿◆◆＿＿＿＿＿
＿＿＿□□＿＿＿＿＿
＿＿＿□□＿＿＿＿＿
＿＿◆□□◆＿＿＿◆
■＿■□□□◆＿＿□
＿□□□□□□◆◆□
＿□□□□□□□□□
□□□□□□□□□＿
□□□□□□□□□＿
□□□□□□□□□＿
00:10:31(18946f):field(18945f)
＿＿＿＿＿＿＿＿＿＿
＿＿＿＿＿＿＿＿＿＿
＿＿＿＿＿＿＿＿＿＿
＿＿＿＿＿＿＿＿＿＿
＿＿＿＿＿＿＿＿＿＿
＿＿＿＿＿＿＿＿＿＿
＿＿＿＿＿＿＿＿＿＿
＿＿＿＿＿＿＿＿＿＿
＿＿＿＿＿＿＿＿＿＿
＿＿＿＿＿＿＿＿＿＿
＿＿＿＿＿＿＿＿＿＿
＿＿＿□□＿＿＿＿＿
＿＿＿□□＿＿＿＿＿
＿＿＿□□＿＿＿＿＿
◆＿□□□□＿■■□
＿□□□□□□■■□
＿□□□□□□□□□
□□□□□□□□□＿
□□□□□□□□□＿
□□□□□□□□□＿
00:10:31(18959f):field(18958f)
＿＿＿＿＿＿＿＿＿＿
＿＿＿＿＿＿＿＿＿＿
＿＿＿＿＿＿＿＿＿＿
＿＿＿＿＿＿＿＿＿＿
＿＿＿＿＿＿＿＿＿＿
＿＿＿＿＿＿＿＿＿＿
＿＿＿＿＿＿＿＿＿＿
＿＿＿＿＿＿＿＿＿＿
＿＿＿＿＿＿＿＿＿＿
＿＿＿＿＿＿＿＿＿＿
＿＿＿＿＿＿＿＿＿＿
＿＿＿□□＿＿＿＿＿
＿＿＿□□＿＿＿＿＿
＿＿＿□□＿■■■＿
＿＿□□□□■□□□
＿□□□□□□□□□
＿□□□□□□□□□
□□□□□□□□□＿
□□□□□□□□□＿
□□□□□□□□□＿
00:10:32(18971f):field(18970f)
＿＿＿＿＿＿＿＿＿＿
＿＿＿＿＿＿＿＿＿＿
＿＿＿＿＿＿＿＿＿＿
＿＿＿＿＿＿＿＿＿＿
＿＿＿＿＿＿＿＿＿＿
＿＿＿＿＿＿＿＿＿＿
＿＿＿＿＿＿＿＿＿＿
＿＿＿＿＿＿＿＿＿＿
＿＿＿＿＿＿＿＿＿＿
＿＿＿＿＿＿＿＿＿＿
＿＿＿＿＿■＿＿＿＿
＿＿＿□□■＿＿＿＿
＿＿＿□□■＿＿＿＿
＿＿＿□□■□□□＿
＿＿□□□□□□□□
＿□□□□□□□□□
＿□□□□□□□□□
□□□□□□□□□＿
□□□□□□□□□＿
□□□□□□□□□＿
00:10:32(18984f):field(18983f)
＿＿＿＿＿＿＿＿＿＿
＿＿＿＿＿＿＿＿＿＿
＿＿＿＿＿＿＿＿＿＿
＿＿＿＿＿＿＿＿＿＿
＿＿＿＿＿＿＿＿＿＿
＿＿＿＿＿＿＿＿＿＿
＿＿＿＿＿＿＿＿＿＿
＿＿＿＿＿＿＿＿＿＿
＿＿＿＿＿＿＿＿＿＿
＿＿＿＿＿＿＿＿＿＿
＿＿＿＿＿◆＿＿＿＿
＿＿＿◆◆◆＿＿＿＿
＿＿＿◆◆◆＿＿＿＿
＿＿＿◆◆□◆□◆＿
＿■◆□□□◆◆◆◆
＿◆□□□□◆□◆◆
＿□□□□□□□□□
□□□□□□□□□＿
□□□□□□□□□＿
□□□□□□□□□＿
00:10:33(18995f):field(18994f)
＿＿＿＿＿＿＿＿＿＿
＿＿＿＿＿＿＿＿＿＿
＿＿＿＿＿＿＿＿＿＿
＿＿＿＿＿＿＿＿＿＿
＿＿＿＿＿＿＿＿＿＿
＿＿＿＿＿＿＿＿＿＿
＿＿＿＿＿＿＿＿＿＿
＿＿＿＿＿＿＿＿＿＿
＿＿＿＿＿＿＿＿＿＿
＿＿＿＿＿＿＿＿＿＿
＿＿＿＿＿＿＿＿＿＿
＿＿＿＿＿＿＿＿＿＿
＿＿＿＿■■＿＿＿＿
＿＿＿■■□＿◆＿＿
＿◆＿□□□＿＿＿＿
＿＿◆□□□＿◆＿＿
＿◆◆□□□□□□◆
□□□□□□□□□＿
□□□□□□□□□＿
□□□□□□□□□＿
00:10:33(19007f):field(19006f)
＿＿＿＿＿＿＿＿＿＿
＿＿＿＿＿＿＿＿＿＿
＿＿＿＿＿＿＿＿＿＿
＿＿＿＿＿＿＿＿＿＿
＿＿＿＿＿＿＿＿＿＿
＿＿＿＿＿＿＿＿＿＿
＿＿＿＿＿＿＿＿＿＿
＿＿＿＿＿＿＿＿＿＿
＿＿＿＿＿＿＿＿＿＿
＿＿＿＿＿＿＿＿＿＿
＿＿＿＿＿＿＿＿＿＿
＿＿＿＿＿＿＿＿＿＿
＿＿＿＿□□＿＿＿＿
＿＿＿□□□＿＿＿＿
＿＿＿□□□＿＿＿＿
＿■＿□□□＿＿＿＿
■■■□□□□□□＿
□□□□□□□□□＿
□□□□□□□□□＿
□□□□□□□□□＿
00:10:34(19020f):field(19019f)
＿＿＿＿＿＿＿＿＿＿
＿＿＿＿＿＿＿＿＿＿
＿＿＿＿＿＿＿＿＿＿
＿＿＿＿＿＿＿＿＿＿
＿＿＿＿＿＿＿＿＿＿
＿＿＿＿＿＿＿＿＿＿
＿＿＿＿＿＿＿＿＿＿
＿＿＿＿＿＿＿＿＿＿
＿＿＿＿＿＿＿＿＿＿
＿＿＿＿＿＿＿＿＿＿
＿＿＿＿＿＿＿＿＿＿
＿＿＿＿＿＿＿＿＿＿
＿＿＿＿□□＿＿＿＿
＿■＿□□□＿＿＿＿
■■＿□□□＿＿＿＿
■□＿□□□＿＿＿＿
□□□□□□□□□＿
□□□□□□□□□＿
□□□□□□□□□＿
□□□□□□□□□＿
00:10:34(19030f):field(19029f)
＿＿＿＿＿＿＿＿＿＿
＿＿＿＿＿＿＿＿＿＿
＿＿＿＿＿＿＿＿＿＿
＿＿＿＿＿＿＿＿＿＿
＿＿＿＿＿＿＿＿＿＿
＿＿＿＿＿＿＿＿＿＿
＿＿＿＿＿＿＿＿＿＿
＿＿＿＿＿＿＿＿＿＿
＿＿＿＿＿＿＿＿＿＿
＿＿＿＿＿＿＿＿＿＿
＿＿＿＿■■＿＿＿＿
＿＿＿＿■■＿＿＿＿
＿＿＿＿□□＿＿＿＿
＿□＿□□□＿＿＿＿
□□＿□□□＿＿＿＿
□□＿□□□＿＿＿＿
□□□□□□□□□＿
□□□□□□□□□＿
□□□□□□□□□＿
□□□□□□□□□＿
00:10:34(19047f):field(19046f)
＿＿＿＿＿＿＿＿＿＿
＿＿＿＿＿＿＿＿＿＿
＿＿＿＿＿＿＿＿＿＿
＿＿＿＿＿＿＿＿＿＿
＿＿＿＿＿＿＿＿＿＿
＿＿＿＿＿＿＿＿＿＿
＿＿＿＿＿＿＿＿＿＿
＿＿＿＿＿＿＿＿＿＿
＿＿＿＿＿＿＿＿＿＿
＿＿＿＿＿＿＿＿＿＿
＿＿＿＿□□＿＿＿＿
＿＿＿＿□□＿＿＿＿
＿＿＿＿□□＿＿＿＿
＿□＿□□□＿＿＿＿
□□＿□□□＿＿■＿
□□＿□□□■■■＿
□□□□□□□□□＿
□□□□□□□□□＿
□□□□□□□□□＿
□□□□□□□□□＿
00:10:35(19058f):field(19057f)
＿＿＿＿＿＿＿＿＿＿
＿＿＿＿＿＿＿＿＿＿
＿＿＿＿＿＿＿＿＿＿
＿＿＿＿＿＿＿＿＿＿
＿＿＿＿＿＿＿＿＿＿
＿＿＿＿＿＿＿＿＿＿
＿＿＿＿＿＿＿＿＿＿
＿＿＿＿＿＿＿＿＿＿
＿＿＿＿＿＿＿＿＿＿
＿＿＿＿＿＿＿＿＿＿
＿＿＿＿□□＿＿＿＿
＿＿＿＿□□＿＿＿＿
＿＿＿＿□□＿＿＿＿
＿□＿□□□＿■■＿
□□＿□□□■■□＿
□□＿□□□□□□＿
□□□□□□□□□＿
□□□□□□□□□＿
□□□□□□□□□＿
□□□□□□□□□＿
00:10:35(19072f):field(19071f)
＿＿＿＿＿＿＿＿＿＿
＿＿＿＿＿＿＿＿＿＿
＿＿＿＿＿＿＿＿＿＿
＿＿＿＿＿＿＿＿＿＿
＿＿＿＿＿＿＿＿＿＿
＿＿＿＿＿＿＿＿＿＿
＿＿＿＿＿＿＿＿＿＿
＿＿＿＿＿＿＿＿＿＿
＿＿＿＿＿＿＿＿＿＿
＿＿＿＿＿＿＿＿＿＿
＿＿＿＿□□＿＿＿＿
＿＿＿＿□□＿＿＿＿
＿＿■＿□□＿＿＿＿
＿□■□□□＿□□＿
□□■□□□□□□＿
□□■□□□□□□＿
□□□□□□□□□＿
□□□□□□□□□＿
□□□□□□□□□＿
□□□□□□□□□＿
00:10:36(19088f):field(19087f)
＿＿＿＿＿＿＿＿＿＿
＿＿＿＿＿＿＿＿＿＿
＿＿＿＿＿＿＿＿＿＿
＿＿＿＿＿＿＿＿＿＿
＿＿＿＿＿＿＿＿＿＿
＿＿＿＿＿＿＿＿＿＿
＿＿＿＿＿＿＿＿＿＿
＿＿＿＿＿＿＿＿＿＿
＿＿＿＿＿＿＿＿＿＿
＿＿＿＿＿＿＿＿＿＿
＿＿＿＿□□＿＿＿＿
＿＿＿＿□□■■＿＿
＿＿□＿□□■＿＿＿
＿□□□□□■□□＿
□□□□□□□□□＿
□□□□□□□□□＿
□□□□□□□□□＿
□□□□□□□□□＿
□□□□□□□□□＿
□□□□□□□□□＿
00:10:36(19099f):field(19098f)
＿＿＿＿＿＿＿＿＿＿
＿＿＿＿＿＿＿＿＿＿
＿＿＿＿＿＿＿＿＿＿
＿＿＿＿＿＿＿＿＿＿
＿＿＿＿＿＿＿＿＿＿
＿＿＿＿＿＿＿＿＿＿
＿＿＿＿＿＿＿＿＿＿
＿＿＿＿＿＿＿＿＿＿
＿＿＿＿＿＿＿＿＿＿
＿＿＿＿＿＿＿＿＿＿
＿＿＿＿□□＿＿＿＿
＿■＿＿□□□□＿＿
■■□＿□□□＿＿＿
■□□□□□□□□＿
□□□□□□□□□＿
□□□□□□□□□＿
□□□□□□□□□＿
□□□□□□□□□＿
□□□□□□□□□＿
□□□□□□□□□＿
00:10:37(19112f):field(19111f)
＿＿＿＿＿＿＿＿＿＿
＿＿＿＿＿＿＿＿＿＿
＿＿＿＿＿＿＿＿＿＿
＿＿＿＿＿＿＿＿＿＿
＿＿＿＿＿＿＿＿＿＿
＿＿＿＿＿＿＿＿＿＿
＿＿＿＿＿＿＿＿＿＿
＿＿＿＿＿＿＿＿＿＿
＿＿＿＿＿＿＿＿＿＿
＿＿＿＿＿＿＿＿＿＿
＿＿＿■□□＿＿＿＿
＿□■■□□□□＿＿
□□□■□□□＿＿＿
□□□□□□□□□＿
□□□□□□□□□＿
□□□□□□□□□＿
□□□□□□□□□＿
□□□□□□□□□＿
□□□□□□□□□＿
□□□□□□□□□＿
00:10:37(19123f):field(19122f)
＿＿＿＿＿＿＿＿＿＿
＿＿＿＿＿＿＿＿＿＿
＿＿＿＿＿＿＿＿＿＿
＿＿＿＿＿＿＿＿＿＿
＿＿＿＿＿＿＿＿＿＿
＿＿＿＿＿＿＿＿＿＿
＿＿＿＿＿＿＿＿＿＿
＿＿＿＿＿＿＿＿＿＿
＿＿＿＿■■＿＿＿＿
＿＿＿＿■■＿＿＿＿
＿＿＿□□□＿＿＿＿
＿□□□□□□□＿＿
□□□□□□□＿＿＿
□□□□□□□□□＿
□□□□□□□□□＿
□□□□□□□□□＿
□□□□□□□□□＿
□□□□□□□□□＿
□□□□□□□□□＿
□□□□□□□□□＿
00:10:37(19136f):field(19135f)
＿＿＿＿＿＿＿＿＿＿
＿＿＿＿＿＿＿＿＿＿
＿＿＿＿＿＿＿＿＿＿
＿＿＿＿＿＿＿＿＿＿
＿＿＿＿＿＿＿＿＿＿
＿＿＿＿＿＿＿＿＿＿
＿＿＿＿＿＿＿＿＿＿
＿＿＿＿＿＿＿＿＿＿
■＿＿＿□□＿＿＿＿
■＿＿＿□□＿＿＿＿
■＿＿□□□＿＿＿＿
■□□□□□□□＿＿
□□□□□□□＿＿＿
□□□□□□□□□＿
□□□□□□□□□＿
□□□□□□□□□＿
□□□□□□□□□＿
□□□□□□□□□＿
□□□□□□□□□＿
□□□□□□□□□＿
00:10:38(19151f):field(19150f)
＿＿＿＿＿＿＿＿＿＿
＿＿＿＿＿＿＿＿＿＿
＿＿＿＿＿＿＿＿＿＿
＿＿＿＿＿＿＿＿＿＿
＿＿＿＿＿＿＿＿＿＿
＿＿＿＿＿＿＿＿＿＿
＿＿＿＿＿＿＿＿＿＿
＿＿＿＿＿＿＿＿＿＿
□＿＿＿□□＿＿＿＿
□＿＿＿□□＿＿＿＿
□＿＿□□□＿＿■＿
□□□□□□□□■＿
□□□□□□□■■＿
□□□□□□□□□＿
□□□□□□□□□＿
□□□□□□□□□＿
□□□□□□□□□＿
□□□□□□□□□＿
□□□□□□□□□＿
□□□□□□□□□＿
00:10:38(19163f):field(19162f)
＿＿＿＿＿＿＿＿＿＿
＿＿＿＿＿＿＿＿＿＿
＿＿＿＿＿＿＿＿＿＿
＿＿＿＿＿＿＿＿＿＿
＿＿＿＿＿＿＿＿＿＿
＿＿＿＿＿＿＿＿＿＿
＿＿＿＿＿＿＿＿＿＿
＿＿＿＿＿＿＿＿＿＿
□＿＿＿□□＿＿＿＿
□＿＿＿□□＿■■＿
□＿＿□□□■■□＿
□□□□□□□□□＿
□□□□□□□□□＿
□□□□□□□□□＿
□□□□□□□□□＿
□□□□□□□□□＿
□□□□□□□□□＿
□□□□□□□□□＿
□□□□□□□□□＿
□□□□□□□□□＿
00:10:39(19174f):field(19173f)
＿＿＿＿＿＿＿＿＿＿
＿＿＿＿＿＿＿＿＿＿
＿＿＿＿＿＿＿＿＿＿
＿＿＿＿＿＿＿＿＿＿
＿＿＿＿＿＿＿＿＿＿
＿＿＿＿＿＿＿＿＿＿
＿＿＿＿＿＿＿＿＿＿
＿＿＿＿＿＿＿■＿＿
□＿＿＿□□■■＿＿
□＿＿＿□□■□□＿
□＿＿□□□□□□＿
□□□□□□□□□＿
□□□□□□□□□＿
□□□□□□□□□＿
□□□□□□□□□＿
□□□□□□□□□＿
□□□□□□□□□＿
□□□□□□□□□＿
□□□□□□□□□＿
□□□□□□□□□＿
00:10:39(19192f):field(19191f)
＿＿＿＿＿＿＿＿＿＿
＿＿＿＿＿＿＿＿＿＿
＿＿＿＿＿＿＿＿＿＿
＿＿＿＿＿＿＿＿＿＿
＿＿＿＿＿＿＿＿＿＿
＿＿＿＿＿＿＿＿＿＿
＿＿＿＿＿＿＿＿＿＿
＿＿＿＿＿＿＿□＿＿
□■＿＿□□□□＿＿
□■＿＿□□□□□＿
□■■□□□□□□＿
□□□□□□□□□＿
□□□□□□□□□＿
□□□□□□□□□＿
□□□□□□□□□＿
□□□□□□□□□＿
□□□□□□□□□＿
□□□□□□□□□＿
□□□□□□□□□＿
□□□□□□□□□＿
00:10:40(19202f):field(19201f)
＿＿＿＿＿＿＿＿＿＿
＿＿＿＿＿＿＿＿＿＿
＿＿＿＿＿＿＿＿＿＿
＿＿＿＿＿＿＿＿＿＿
＿＿＿＿＿＿＿＿＿＿
＿＿＿＿＿＿＿＿＿＿
＿＿＿＿＿＿＿＿＿＿
＿＿＿＿＿＿＿□＿＿
□□■■□□□□＿＿
□□■■□□□□□＿
□□□□□□□□□＿
□□□□□□□□□＿
□□□□□□□□□＿
□□□□□□□□□＿
□□□□□□□□□＿
□□□□□□□□□＿
□□□□□□□□□＿
□□□□□□□□□＿
□□□□□□□□□＿
□□□□□□□□□＿
00:10:40(19214f):field(19213f)
＿＿＿＿＿＿＿＿＿＿
＿＿＿＿＿＿＿＿＿＿
＿＿＿＿＿＿＿＿＿＿
＿＿＿＿＿＿＿＿＿＿
＿＿＿＿＿＿＿＿＿＿
＿＿＿＿＿＿＿＿＿＿
＿＿＿＿■＿＿＿＿＿
＿＿＿＿■■■□＿＿
□□□□□□□□＿＿
□□□□□□□□□＿
□□□□□□□□□＿
□□□□□□□□□＿
□□□□□□□□□＿
□□□□□□□□□＿
□□□□□□□□□＿
□□□□□□□□□＿
□□□□□□□□□＿
□□□□□□□□□＿
□□□□□□□□□＿
□□□□□□□□□＿
00:10:40(19227f):field(19226f)
＿＿＿＿＿＿＿＿＿＿
＿＿＿＿＿＿＿＿＿＿
＿＿＿＿＿＿＿＿＿＿
＿＿＿＿＿＿＿＿＿＿
＿＿＿＿＿＿＿＿＿＿
＿＿＿＿＿＿＿＿＿＿
＿＿＿＿◆＿＿＿＿＿
＿＿＿＿◆◆◆◆＿＿
◆◆◆◆◆◆◆◆＿＿
◆◆◆◆◆◆◆◆◆＿
◆◆◆◆□◆◆◆◆＿
◆◆◆◆□□□□◆＿
□□□□□□□□◆＿
□□□□□□□□□＿
□□□□□□□□□＿
□□□□□□□□□＿
□□□□□□□□□＿
□□□□□□□□□■
□□□□□□□□□■
□□□□□□□□□＿
00:10:41(19242f):field(19241f)
＿＿＿＿＿＿＿＿＿＿
＿＿＿＿＿＿＿＿＿＿
＿＿＿＿＿＿＿＿＿＿
＿＿＿＿＿＿＿＿＿＿
＿＿＿＿＿＿＿＿＿＿
＿＿＿＿＿＿＿＿＿＿
＿＿＿＿＿＿＿＿＿＿
＿＿＿＿＿＿＿＿＿＿
＿＿＿＿＿＿＿＿＿＿
＿＿＿＿＿＿＿＿＿＿
＿＿＿＿◆＿＿＿＿＿
＿＿＿＿◆□◆◆＿＿
◆◆◆◆□◆□◆＿＿
◆□◆◆□□□□□＿
□□□□□□□□□＿
□□□□□□□□□■
□□□□□□□□□＿
□□□□□□□□□◆
□□□□□□□□□◆
□□□□□□□□□＿
00:10:41(19253f):field(19252f)
＿＿＿＿＿＿＿＿＿＿
＿＿＿＿＿＿＿＿＿＿
＿＿＿＿＿＿＿＿＿＿
＿＿＿＿＿＿＿＿＿＿
＿＿＿＿＿＿＿＿＿＿
＿＿＿＿＿＿＿＿＿＿
＿＿＿＿＿＿＿＿＿＿
＿＿＿＿＿＿＿＿＿＿
＿＿＿＿＿＿＿＿＿＿
＿＿＿＿＿＿＿＿＿＿
＿＿＿＿＿＿＿＿＿＿
＿＿＿＿＿◆＿＿＿＿
＿＿■＿□＿◆＿＿＿
＿□■■□□□□□＿
□□□□□□□□□＿
□□□□□□□□□◆
□□□□□□□□□＿
□□□□□□□□□＿
□□□□□□□□□＿
□□□□□□□□□＿
00:10:42(19267f):field(19266f)
＿＿＿＿＿＿＿＿＿＿
＿＿＿＿＿＿＿＿＿＿
＿＿＿＿＿＿＿＿＿＿
＿＿＿＿＿＿＿＿＿＿
＿＿＿＿＿＿＿＿＿＿
＿＿＿＿＿＿＿＿＿＿
＿＿＿＿＿＿＿＿＿＿
＿＿＿＿＿＿＿＿＿＿
＿＿＿＿＿＿＿＿＿＿
＿＿＿＿＿＿＿＿＿＿
＿＿＿＿＿＿＿＿＿＿
＿＿＿■■■＿＿＿＿
＿＿□■□＿＿＿＿＿
＿□□□□□□□□＿
□□□□□□□□□＿
□□□□□□□□□＿
□□□□□□□□□＿
□□□□□□□□□＿
□□□□□□□□□＿
□□□□□□□□□＿
00:10:42(19283f):field(19282f)
＿＿＿＿＿＿＿＿＿＿
＿＿＿＿＿＿＿＿＿＿
＿＿＿＿＿＿＿＿＿＿
＿＿＿＿＿＿＿＿＿＿
＿＿＿＿＿＿＿＿＿＿
＿＿＿＿＿＿＿＿＿＿
＿＿＿＿＿＿＿＿＿＿
＿＿＿＿＿＿＿＿＿＿
＿＿＿＿＿＿＿＿＿＿
＿＿＿＿＿＿＿＿＿＿
＿＿＿＿＿＿■＿＿＿
＿＿＿□□□■＿＿＿
＿＿□□□■■＿＿＿
＿□□□□□□□□＿
□□□□□□□□□＿
□□□□□□□□□＿
□□□□□□□□□＿
□□□□□□□□□＿
□□□□□□□□□＿
□□□□□□□□□＿
00:10:43(19291f):field(19290f)
＿＿＿＿＿＿＿＿＿＿
＿＿＿＿＿＿＿＿＿＿
＿＿＿＿＿＿＿＿＿＿
＿＿＿＿＿＿＿＿＿＿
＿＿＿＿＿＿＿＿＿＿
＿＿＿＿＿＿＿＿＿＿
＿＿＿＿＿＿＿＿＿＿
＿＿＿＿＿＿＿＿＿＿
＿＿＿＿＿＿＿＿＿＿
＿＿＿＿■■＿＿＿＿
＿＿＿＿■■□＿＿＿
＿＿＿□□□□＿＿＿
＿＿□□□□□＿＿＿
＿□□□□□□□□＿
□□□□□□□□□＿
□□□□□□□□□＿
□□□□□□□□□＿
□□□□□□□□□＿
□□□□□□□□□＿
□□□□□□□□□＿
00:10:43(19315f):field(19314f)
＿＿＿＿＿＿＿＿＿＿
＿＿＿＿＿＿＿＿＿＿
＿＿＿＿＿＿＿＿＿＿
＿＿＿＿＿＿＿＿＿＿
＿＿＿＿＿＿＿＿＿＿
＿＿＿＿＿＿＿＿＿＿
＿＿＿＿＿＿＿＿＿＿
＿＿＿＿＿＿＿＿＿＿
＿＿＿＿＿＿＿＿＿＿
＿＿＿＿□□＿＿＿＿
■■■■□□□＿＿＿
＿＿＿□□□□＿＿＿
＿＿□□□□□＿＿＿
＿□□□□□□□□＿
□□□□□□□□□＿
□□□□□□□□□＿
□□□□□□□□□＿
□□□□□□□□□＿
□□□□□□□□□＿
□□□□□□□□□＿
00:10:44(19332f):field(19331f)
＿＿＿＿＿＿＿＿＿＿
＿＿＿＿＿＿＿＿＿＿
＿＿＿＿＿＿＿＿＿＿
＿＿＿＿＿＿＿＿＿＿
＿＿＿＿＿＿＿＿＿＿
＿＿＿＿＿＿＿＿＿＿
＿＿＿＿＿＿＿＿＿＿
＿＿＿＿＿■＿＿＿＿
＿＿＿＿＿■■＿＿＿
＿＿＿＿□□■＿＿＿
□□□□□□□＿＿＿
＿＿＿□□□□＿＿＿
＿＿□□□□□＿＿＿
＿□□□□□□□□＿
□□□□□□□□□＿
□□□□□□□□□＿
□□□□□□□□□＿
□□□□□□□□□＿
□□□□□□□□□＿
□□□□□□□□□＿
00:10:44(19346f):field(19345f)
＿＿＿＿＿＿＿＿＿＿
＿＿＿＿＿＿＿＿＿＿
＿＿＿＿＿＿＿＿＿＿
＿＿＿＿＿＿＿＿＿＿
＿＿＿＿＿＿＿＿＿＿
＿＿＿＿＿＿＿＿＿＿
＿＿＿＿＿＿＿＿＿＿
＿＿＿＿＿□＿＿＿＿
＿＿＿＿＿□□＿＿＿
＿＿＿＿□□□＿＿＿
□□□□□□□■＿＿
＿＿＿□□□□■＿＿
＿＿□□□□□■■＿
＿□□□□□□□□＿
□□□□□□□□□＿
□□□□□□□□□＿
□□□□□□□□□＿
□□□□□□□□□＿
□□□□□□□□□＿
□□□□□□□□□＿
00:10:45(19359f):field(19358f)
＿＿＿＿＿＿＿＿＿＿
＿＿＿＿＿＿＿＿＿＿
＿＿＿＿＿＿＿＿＿＿
＿＿＿＿＿＿＿＿＿＿
＿＿＿＿＿＿＿＿＿＿
＿＿＿＿＿＿＿＿＿＿
＿＿＿＿■■＿＿＿＿
＿＿＿＿■□＿＿＿＿
＿＿＿＿■□□＿＿＿
＿＿＿＿□□□＿＿＿
□□□□□□□□＿＿
＿＿＿□□□□□＿＿
＿＿□□□□□□□＿
＿□□□□□□□□＿
□□□□□□□□□＿
□□□□□□□□□＿
□□□□□□□□□＿
□□□□□□□□□＿
□□□□□□□□□＿
□□□□□□□□□＿
00:10:45(19372f):field(19371f)
＿＿＿＿＿＿＿＿＿＿
＿＿＿＿＿＿＿＿＿＿
＿＿＿＿＿＿＿＿＿＿
＿＿＿＿＿＿＿＿＿＿
＿＿＿＿＿＿＿＿＿＿
＿＿＿＿＿＿＿＿＿＿
＿＿＿＿◆◆＿＿＿＿
＿＿＿＿□□＿＿＿＿
＿＿＿＿□□◆＿＿＿
＿＿＿■□□□＿＿＿
◆□□◆□□□□＿■
＿＿＿□□□□□■＿
＿＿□□□□□□□＿
＿□□□□□□□□＿
□□□□□□□□□＿
□□□□□□□□□＿
□□□□□□□□□＿
□□□□□□□□□＿
□□□□□□□□□＿
□□□□□□□□□＿
00:10:46(19386f):field(19385f)
＿＿＿＿＿＿＿＿＿＿
＿＿＿＿＿＿＿＿＿＿
＿＿＿＿＿＿＿＿＿＿
＿＿＿＿＿＿＿＿＿＿
＿＿＿＿＿＿＿＿＿＿
＿＿＿＿＿＿＿＿＿＿
＿＿＿＿＿＿＿＿＿＿
＿＿＿＿□□＿＿＿＿
＿＿＿＿□□＿＿＿＿
＿＿＿◆□□□■■＿
＿◆◆＿□□□□■□
＿＿＿□□□□□□＿
＿＿□□□□□□□＿
＿□□□□□□□□＿
□□□□□□□□□＿
□□□□□□□□□＿
□□□□□□□□□＿
□□□□□□□□□＿
□□□□□□□□□＿
□□□□□□□□□＿
00:10:46(19399f):field(19398f)
＿＿＿＿＿＿＿＿＿＿
＿＿＿＿＿＿＿＿＿＿
＿＿＿＿＿＿＿＿＿＿
＿＿＿＿＿＿＿＿＿＿
＿＿＿＿＿＿＿＿＿＿
＿＿＿＿＿＿＿＿＿＿
＿＿＿＿＿＿＿＿＿＿
＿＿＿＿□□＿＿＿＿
＿＿＿＿□□＿＿＿＿
＿＿＿＿□□□□□＿
＿＿＿＿□□□□□□
＿■■□□□□□□＿
■■□□□□□□□＿
＿□□□□□□□□＿
□□□□□□□□□＿
□□□□□□□□□＿
□□□□□□□□□＿
□□□□□□□□□＿
□□□□□□□□□＿
□□□□□□□□□＿
00:10:47(19413f):field(19412f)
＿＿＿＿＿＿＿＿＿＿
＿＿＿＿＿＿＿＿＿＿
＿＿＿＿＿＿＿＿＿＿
＿＿＿＿＿＿＿＿＿＿
＿＿＿＿＿＿＿＿＿＿
＿＿＿＿＿＿＿＿＿＿
＿＿＿＿＿＿＿＿＿＿
＿＿＿＿□□＿＿＿＿
■＿＿＿□□＿＿＿＿
■＿＿＿□□□□□＿
■＿＿＿□□□□□□
■□□□□□□□□＿
□□□□□□□□□＿
＿□□□□□□□□＿
□□□□□□□□□＿
□□□□□□□□□＿
□□□□□□□□□＿
□□□□□□□□□＿
□□□□□□□□□＿
□□□□□□□□□＿
00:10:47(19427f):field(19426f)
＿＿＿＿＿＿＿＿＿＿
＿＿＿＿＿＿＿＿＿＿
＿＿＿＿＿＿＿＿＿＿
＿＿＿＿＿＿＿＿＿＿
＿＿＿＿＿＿＿＿＿＿
＿＿＿＿＿＿＿＿＿＿
＿＿＿＿＿＿＿＿＿＿
＿＿＿＿◆◆＿＿＿＿
◆＿＿＿□□＿＿＿＿
□＿＿■□□◆◆◆＿
□■■＿□□□□□◆
□□□□□□□□□＿
□□□□□□□□□＿
＿□□□□□□□□＿
□□□□□□□□□＿
□□□□□□□□□＿
□□□□□□□□□＿
□□□□□□□□□＿
□□□□□□□□□＿
□□□□□□□□□＿
00:10:48(19442f):field(19441f)
＿＿＿＿＿＿＿＿＿＿
＿＿＿＿＿＿＿＿＿＿
＿＿＿＿＿＿＿＿＿＿
＿＿＿＿＿＿＿＿＿＿
＿＿＿＿＿＿＿＿＿＿
＿＿＿＿＿＿＿＿＿＿
＿＿＿＿＿＿＿＿＿＿
＿＿＿＿＿＿＿＿＿＿
■■＿＿□□＿＿＿＿
□■＿◆□□＿＿＿＿
□□□＿□□□□□＿
□□□□□□□□□＿
□□□□□□□□□＿
＿□□□□□□□□＿
□□□□□□□□□＿
□□□□□□□□□＿
□□□□□□□□□＿
□□□□□□□□□＿
□□□□□□□□□＿
□□□□□□□□□＿
00:10:48(19453f):field(19452f)
＿＿＿＿＿＿＿＿＿＿
＿＿＿＿＿＿＿＿＿＿
＿＿＿＿＿＿＿＿＿＿
＿＿＿＿＿＿＿＿＿＿
＿＿＿＿＿＿＿＿＿＿
＿＿＿＿＿＿＿＿＿＿
＿＿＿＿＿＿＿＿＿＿
＿＿＿＿＿＿＿＿＿＿
□□■＿□□＿＿＿＿
□□■■□□＿＿＿＿
□□□■□□□□□＿
□□□□□□□□□＿
□□□□□□□□□＿
＿□□□□□□□□＿
□□□□□□□□□＿
□□□□□□□□□＿
□□□□□□□□□＿
□□□□□□□□□＿
□□□□□□□□□＿
□□□□□□□□□＿
00:10:48(19468f):field(19467f)
＿＿＿＿＿＿＿＿＿＿
＿＿＿＿＿＿＿＿＿＿
＿＿＿＿＿＿＿＿＿＿
＿＿＿＿＿＿＿＿＿＿
＿＿＿＿＿＿＿＿＿＿
＿＿＿＿＿＿＿＿＿＿
＿＿＿＿＿＿＿＿＿＿
＿＿＿＿＿＿＿＿＿＿
□□□＿□□■■＿＿
□□□□□□■■＿＿
□□□□□□□□□＿
□□□□□□□□□＿
□□□□□□□□□＿
＿□□□□□□□□＿
□□□□□□□□□＿
□□□□□□□□□＿
□□□□□□□□□＿
□□□□□□□□□＿
□□□□□□□□□＿
□□□□□□□□□＿
00:10:49(19481f):field(19480f)
＿＿＿＿＿＿＿＿＿＿
＿＿＿＿＿＿＿＿＿＿
＿＿＿＿＿＿＿＿＿＿
＿＿＿＿＿＿＿＿＿＿
＿＿＿＿＿＿＿＿＿＿
＿＿＿＿＿＿＿＿＿＿
＿＿＿＿＿＿＿＿＿＿
＿＿＿＿＿＿＿＿＿＿
◆◆◆＿◆◆◆◆＿＿
◆◆◆◆◆◆◆◆＿＿
◆◆◆◆◆◆◆◆◆＿
◆◆◆◆◆◆◆◆◆＿
□□□◆□□□□◆＿
■□□□□□□□◆＿
□□□□□□□□□＿
□□□□□□□□□＿
□□□□□□□□□＿
□□□□□□□□□■
□□□□□□□□□■
□□□□□□□□□＿
00:10:49(19493f):field(19492f)
＿＿＿＿＿＿＿＿＿＿
＿＿＿＿＿＿＿＿＿＿
＿＿＿＿＿＿＿＿＿＿
＿＿＿＿＿＿＿＿＿＿
＿＿＿＿＿＿＿＿＿＿
＿＿＿＿＿＿＿＿＿＿
＿＿＿＿＿＿＿＿＿＿
＿＿＿＿＿＿＿＿＿＿
＿＿＿＿＿＿＿＿＿＿
＿＿＿＿＿＿＿＿＿＿
＿＿＿＿＿＿＿＿＿＿
＿■■■＿＿＿＿＿＿
□□□■□□□□＿＿
□□□□□□□□＿＿
□□□□□□□□□＿
□□□□□□□□□＿
□□□□□□□□□＿
◆□□□□□□□□◆
□□□□□□□□□◆
□□□□□□□□□＿
00:10:50(19508f):field(19507f)
＿＿＿＿＿＿＿＿＿＿
＿＿＿＿＿＿＿＿＿＿
＿＿＿＿＿＿＿＿＿＿
＿＿＿＿＿＿＿＿＿＿
＿＿＿＿＿＿＿＿＿＿
＿＿＿＿＿＿＿＿＿＿
＿＿＿＿＿＿＿＿＿＿
＿＿＿＿＿＿＿＿＿＿
＿＿＿＿＿＿＿＿＿＿
＿＿＿＿＿＿＿＿＿＿
＿＿＿＿＿＿■＿＿＿
＿□□□■■■＿＿＿
□□□□□□□□＿＿
□□□□□□□□＿＿
□□□□□□□□□＿
□□□□□□□□□＿
□□□□□□□□□＿
＿□□□□□□□□＿
□□□□□□□□□＿
□□□□□□□□□＿
00:10:50(19520f):field(19519f)
＿＿＿＿＿＿＿＿＿＿
＿＿＿＿＿＿＿＿＿＿
＿＿＿＿＿＿＿＿＿＿
＿＿＿＿＿＿＿＿＿＿
＿＿＿＿＿＿＿＿＿＿
＿＿＿＿＿＿＿＿＿＿
＿＿＿＿＿＿＿＿＿＿
＿＿＿＿＿＿＿＿＿＿
＿＿＿＿＿＿＿＿＿＿
＿＿＿＿＿■■＿＿＿
＿＿＿＿■■□＿＿＿
＿□□□□□□＿＿＿
□□□□□□□□＿＿
□□□□□□□□＿＿
□□□□□□□□□＿
□□□□□□□□□＿
□□□□□□□□□＿
＿□□□□□□□□＿
□□□□□□□□□＿
□□□□□□□□□＿
00:10:51(19535f):field(19534f)
＿＿＿＿＿＿＿＿＿＿
＿＿＿＿＿＿＿＿＿＿
＿＿＿＿＿＿＿＿＿＿
＿＿＿＿＿＿＿＿＿＿
＿＿＿＿＿＿＿＿＿＿
＿＿＿＿＿＿＿＿＿＿
＿＿＿＿＿＿＿＿＿＿
＿＿＿＿＿＿＿＿＿＿
＿＿＿＿＿＿＿＿＿＿
＿＿■■＿□□＿＿＿
＿＿■■□□□＿＿＿
＿□□□□□□＿＿＿
□□□□□□□□＿＿
□□□□□□□□＿＿
□□□□□□□□□＿
□□□□□□□□□＿
□□□□□□□□□＿
＿□□□□□□□□＿
□□□□□□□□□＿
□□□□□□□□□＿
00:10:51(19547f):field(19546f)
＿＿＿＿＿＿＿＿＿＿
＿＿＿＿＿＿＿＿＿＿
＿＿＿＿＿＿＿＿＿＿
＿＿＿＿＿＿＿＿＿＿
＿＿＿＿＿＿＿＿＿＿
＿＿＿＿＿＿＿＿＿＿
＿＿＿＿＿＿＿＿＿＿
＿＿＿＿＿＿＿＿＿＿
＿＿＿＿＿＿＿＿＿＿
＿■□□＿□□＿＿＿
■■□□□□□＿＿＿
■□□□□□□＿＿＿
□□□□□□□□＿＿
□□□□□□□□＿＿
□□□□□□□□□＿
□□□□□□□□□＿
□□□□□□□□□＿
＿□□□□□□□□＿
□□□□□□□□□＿
□□□□□□□□□＿
00:10:51(19559f):field(19558f)
＿＿＿＿＿＿＿＿＿＿
＿＿＿＿＿＿＿＿＿＿
＿＿＿＿＿＿＿＿＿＿
＿＿＿＿＿＿＿＿＿＿
＿＿＿＿＿＿＿＿＿＿
＿＿＿＿＿＿＿＿＿＿
＿＿＿＿＿＿＿＿＿＿
＿＿＿＿＿＿＿＿＿＿
＿＿■■■＿＿＿＿＿
＿□□□■□□＿＿＿
□□□□□□□＿＿＿
□□□□□□□＿＿＿
□□□□□□□□＿＿
□□□□□□□□＿＿
□□□□□□□□□＿
□□□□□□□□□＿
□□□□□□□□□＿
＿□□□□□□□□＿
□□□□□□□□□＿
□□□□□□□□□＿
00:10:52(19572f):field(19571f)
＿＿＿＿＿＿＿＿＿＿
＿＿＿＿＿＿＿＿＿＿
＿＿＿＿＿＿＿＿＿＿
＿＿＿＿＿＿＿＿＿＿
＿＿＿＿＿＿＿＿＿＿
＿＿＿＿＿＿＿＿＿＿
＿＿＿＿＿＿＿＿＿＿
＿＿＿＿＿＿＿＿＿＿
＿＿◆◆◆＿＿＿＿＿
＿◆◆◆◆◆◆＿＿＿
◆◆◆◆◆◆◆＿＿＿
◆◆□□□◆◆＿＿＿
◆□□□□□□◆＿＿
□□□□□□□◆＿＿
□□□□□□□□□■
□□□□□□□□□＿
□□□□□□□□□＿
■□□□□□□□□＿
□□□□□□□□□＿
□□□□□□□□□＿
00:10:52(19585f):field(19584f)
＿＿＿＿＿＿＿＿＿＿
＿＿＿＿＿＿＿＿＿＿
＿＿＿＿＿＿＿＿＿＿
＿＿＿＿＿＿＿＿＿＿
＿＿＿＿＿＿＿＿＿＿
＿＿＿＿＿＿＿＿＿＿
＿＿＿＿＿＿＿＿＿＿
＿＿＿＿＿＿＿＿＿＿
＿＿＿＿＿＿＿＿＿＿
＿＿＿＿＿＿＿＿＿＿
＿＿＿＿＿＿＿＿＿＿
＿＿◆◆◆＿＿＿＿＿
＿◆◆◆◆◆◆＿＿＿
◆◆□□□◆◆＿＿＿
◆□□□□□□◆◆◆
□□□□□□□◆◆＿
□□□□□□□◆□＿
□□□□□□□□□＿
□□□□□□□□□＿
□□□□□□□□□＿
00:10:53(19597f):field(19596f)
＿＿＿＿＿＿＿＿＿＿
＿＿＿＿＿＿＿＿＿＿
＿＿＿＿＿＿＿＿＿＿
＿＿＿＿＿＿＿＿＿＿
＿＿＿＿＿＿＿＿＿＿
＿＿＿＿＿＿＿＿＿＿
＿＿＿＿＿＿＿＿＿＿
＿＿＿＿＿＿＿＿＿＿
＿＿＿＿＿＿＿＿＿＿
＿＿＿＿＿＿＿＿＿＿
＿＿＿＿＿＿＿＿＿＿
＿＿＿＿＿＿＿＿＿＿
＿＿＿＿＿■■＿＿＿
＿＿□□□■■＿＿＿
＿□□□□□□＿＿＿
□□□□□□□＿＿＿
□□□□□□□＿□＿
◆□□□□□□□□＿
□□□□□□□□□＿
□□□□□□□□□＿
00:10:53(19612f):field(19611f)
＿＿＿＿＿＿＿＿＿＿
＿＿＿＿＿＿＿＿＿＿
＿＿＿＿＿＿＿＿＿＿
＿＿＿＿＿＿＿＿＿＿
＿＿＿＿＿＿＿＿＿＿
＿＿＿＿＿＿＿＿＿＿
＿＿＿＿＿＿＿＿＿＿
＿＿＿＿＿＿＿＿＿＿
＿＿＿＿＿＿＿＿＿＿
＿＿＿＿＿＿＿＿＿＿
＿＿＿＿＿＿＿＿＿＿
＿＿＿＿＿＿＿＿＿＿
＿■＿＿＿□□＿＿＿
■■□□□□□＿＿＿
■□□□□□□＿＿＿
□□□□□□□＿＿＿
□□□□□□□＿□＿
＿□□□□□□□□＿
□□□□□□□□□＿
□□□□□□□□□＿
00:10:54(19626f):field(19625f)
＿＿＿＿＿＿＿＿＿＿
＿＿＿＿＿＿＿＿＿＿
＿＿＿＿＿＿＿＿＿＿
＿＿＿＿＿＿＿＿＿＿
＿＿＿＿＿＿＿＿＿＿
＿＿＿＿＿＿＿＿＿＿
＿＿＿＿＿＿＿＿＿＿
＿＿＿＿＿＿＿＿＿＿
＿＿＿＿＿＿＿＿＿＿
＿＿＿＿＿＿＿＿＿＿
＿＿＿＿＿＿＿＿＿＿
＿＿＿■＿＿＿＿＿＿
＿□■■■□□＿＿＿
□□□□□□□＿＿＿
□□□□□□□＿＿＿
□□□□□□□＿＿＿
□□□□□□□＿□＿
＿□□□□□□□□＿
□□□□□□□□□＿
□□□□□□□□□＿
00:10:54(19640f):field(19639f)
＿＿＿＿＿＿＿＿＿＿
＿＿＿＿＿＿＿＿＿＿
＿＿＿＿＿＿＿＿＿＿
＿＿＿＿＿＿＿＿＿＿
＿＿＿＿＿＿＿＿＿＿
＿＿＿＿＿＿＿＿＿＿
＿＿＿＿＿＿＿＿＿＿
＿＿＿＿＿＿＿＿＿＿
＿＿＿＿＿＿＿＿＿＿
＿＿＿＿＿＿＿＿＿＿
＿＿＿＿＿＿＿＿＿＿
＿＿＿◆＿＿＿＿＿＿
＿◆◆◆◆◆◆＿＿＿
◆◆◆□◆◆◆＿＿＿
◆□□□□□□＿＿＿
□□□□□□□＿＿＿
□□□□□□□＿◆＿
■□□□□□□□◆＿
□□□□□□□◆□■
◆□□□□□□□□■
00:10:55(19652f):field(19651f)
＿＿＿＿＿＿＿＿＿＿
＿＿＿＿＿＿＿＿＿＿
＿＿＿＿＿＿＿＿＿＿
＿＿＿＿＿＿＿＿＿＿
＿＿＿＿＿＿＿＿＿＿
＿＿＿＿＿＿＿＿＿＿
＿＿＿＿＿＿＿＿＿＿
＿＿＿＿＿＿＿＿＿＿
＿＿＿＿＿＿＿＿＿＿
＿＿＿＿＿＿＿＿＿＿
＿＿＿＿＿＿＿＿＿＿
＿＿＿＿＿＿＿＿＿＿
＿＿＿＿＿＿＿＿＿＿
■■■□＿＿＿＿＿＿
■□□□□□□＿＿＿
□□□□□□□＿＿＿
□□□□□□□＿＿＿
□□□□□□□◆＿＿
□□□□□□□＿□□
＿□□□□□□□□□
00:10:55(19664f):field(19663f)
＿＿＿＿＿＿＿＿＿＿
＿＿＿＿＿＿＿＿＿＿
＿＿＿＿＿＿＿＿＿＿
＿＿＿＿＿＿＿＿＿＿
＿＿＿＿＿＿＿＿＿＿
＿＿＿＿＿＿＿＿＿＿
＿＿＿＿＿＿＿＿＿＿
＿＿＿＿＿＿＿＿＿＿
＿＿＿＿＿＿＿＿＿＿
＿＿＿＿＿＿＿＿＿＿
＿＿＿＿＿＿＿＿＿＿
＿＿＿＿＿＿＿＿＿＿
＿＿＿＿＿＿＿＿＿＿
□□□□＿＿＿＿＿＿
□□□□□□□＿＿＿
□□□□□□□＿＿＿
□□□□□□□＿■■
□□□□□□□■■＿
□□□□□□□＿□□
＿□□□□□□□□□
00:10:55(19676f):field(19675f)
＿＿＿＿＿＿＿＿＿＿
＿＿＿＿＿＿＿＿＿＿
＿＿＿＿＿＿＿＿＿＿
＿＿＿＿＿＿＿＿＿＿
＿＿＿＿＿＿＿＿＿＿
＿＿＿＿＿＿＿＿＿＿
＿＿＿＿＿＿＿＿＿＿
＿＿＿＿＿＿＿＿＿＿
＿＿＿＿＿＿＿＿＿＿
＿＿＿＿＿＿＿＿＿＿
＿＿＿＿＿＿＿＿＿＿
＿＿＿＿＿＿＿＿＿＿
＿＿＿＿■＿＿＿＿＿
□□□□■■■＿＿＿
□□□□□□□＿＿＿
□□□□□□□＿＿＿
□□□□□□□＿□□
□□□□□□□□□＿
□□□□□□□＿□□
＿□□□□□□□□□
00:10:56(19691f):field(19690f)
＿＿＿＿＿＿＿＿＿＿
＿＿＿＿＿＿＿＿＿＿
＿＿＿＿＿＿＿＿＿＿
＿＿＿＿＿＿＿＿＿＿
＿＿＿＿＿＿＿＿＿＿
＿＿＿＿＿＿＿＿＿＿
＿＿＿＿＿＿＿＿＿＿
＿＿＿＿＿＿＿＿＿＿
＿＿＿＿＿＿＿＿＿＿
＿＿＿＿＿＿＿＿＿＿
＿＿＿＿＿＿＿＿＿＿
＿＿＿＿＿＿＿＿＿＿
＿＿＿＿◆＿＿＿＿＿
◆◆◆◆□◆◆＿＿＿
□□□□□□□＿＿＿
□□□□□□□＿■＿
□□□□□□□■□◆
□□□□□□□□□＿
□□□□□□□■□□
＿□□□□□□□□□
00:10:56(19704f):field(19703f)
＿＿＿＿＿＿＿＿＿＿
＿＿＿＿＿＿＿＿＿＿
＿＿＿＿＿＿＿＿＿＿
＿＿＿＿＿＿＿＿＿＿
＿＿＿＿＿＿＿＿＿＿
＿＿＿＿＿＿＿＿＿＿
＿＿＿＿＿＿＿＿＿＿
＿＿＿＿＿＿＿＿＿＿
＿＿＿＿＿＿＿＿＿＿
＿＿＿＿＿＿＿＿＿＿
＿＿＿＿＿＿＿＿＿＿
＿＿＿＿＿＿＿＿＿＿
■■＿＿＿＿＿＿＿＿
■■＿＿□＿＿＿＿＿
□□□□□□□＿＿＿
□□□□□□□＿□＿
□□□□□□□□□＿
□□□□□□□□□＿
□□□□□□□◆□□
＿□□□□□□□□□
00:10:57(19720f):field(19719f)
＿＿＿＿＿＿＿＿＿＿
＿＿＿＿＿＿＿＿＿＿
＿＿＿＿＿＿＿＿＿＿
＿＿＿＿＿＿＿＿＿＿
＿＿＿＿＿＿＿＿＿＿
＿＿＿＿＿＿＿＿＿＿
＿＿＿＿＿＿＿＿＿＿
＿＿＿＿＿＿＿＿＿＿
＿＿＿＿＿＿＿＿＿＿
＿＿＿＿＿＿＿＿＿＿
＿＿＿＿＿＿＿＿＿＿
＿＿＿＿＿＿＿＿＿＿
□□＿＿＿＿＿＿＿＿
□□＿＿□＿＿■＿＿
□□□□□□□■■＿
□□□□□□□■□＿
□□□□□□□□□＿
□□□□□□□□□＿
□□□□□□□＿□□
＿□□□□□□□□□
00:10:57(19727f):field(19726f)
＿＿＿＿＿＿＿＿＿＿
＿＿＿＿＿＿＿＿＿＿
＿＿＿＿＿＿＿＿＿＿
＿＿＿＿＿＿＿＿＿＿
＿＿＿＿＿＿＿＿＿＿
＿＿＿＿＿＿＿＿＿＿
＿＿＿＿＿＿＿＿＿＿
＿＿＿＿＿＿＿＿＿＿
＿＿＿＿＿＿＿＿＿＿
＿＿＿＿＿＿＿＿＿＿
＿＿＿＿＿■＿＿＿＿
＿＿＿＿＿■＿＿＿＿
□□＿＿＿■＿＿＿＿
□□＿＿□■＿□＿＿
□□□□□□□□□＿
□□□□□□□□□＿
□□□□□□□□□＿
□□□□□□□□□＿
□□□□□□□＿□□
＿□□□□□□□□□
00:10:58(19746f):field(19745f)
＿＿＿＿＿＿＿＿＿＿
＿＿＿＿＿＿＿＿＿＿
＿＿＿＿＿＿＿＿＿＿
＿＿＿＿＿＿＿＿＿＿
＿＿＿＿＿＿＿＿＿＿
＿＿＿＿＿＿＿＿＿＿
＿＿＿＿＿＿＿＿＿＿
＿＿＿＿＿＿＿＿＿＿
＿＿＿＿＿＿＿＿＿＿
＿＿＿＿＿＿＿＿＿＿
＿＿＿＿＿□＿＿＿＿
＿＿＿■＿□＿＿＿＿
□□＿■＿□＿＿＿＿
□□■■□□＿□＿＿
□□□□□□□□□＿
□□□□□□□□□＿
□□□□□□□□□＿
□□□□□□□□□＿
□□□□□□□＿□□
＿□□□□□□□□□
00:10:58(19757f):field(19756f)
＿＿＿＿＿＿＿＿＿＿
＿＿＿＿＿＿＿＿＿＿
＿＿＿＿＿＿＿＿＿＿
＿＿＿＿＿＿＿＿＿＿
＿＿＿＿＿＿＿＿＿＿
＿＿＿＿＿＿＿＿＿＿
＿＿＿＿＿＿＿＿＿＿
＿＿＿＿＿＿＿＿＿＿
＿＿＿＿＿＿＿＿＿＿
＿＿＿＿＿＿＿＿＿＿
＿＿＿■■□＿＿＿＿
＿＿＿□■□＿＿＿＿
□□＿□■□＿＿＿＿
□□□□□□＿□＿＿
□□□□□□□□□＿
□□□□□□□□□＿
□□□□□□□□□＿
□□□□□□□□□＿
□□□□□□□＿□□
＿□□□□□□□□□
00:10:59(19771f):field(19770f)
＿＿＿＿＿＿＿＿＿＿
＿＿＿＿＿＿＿＿＿＿
＿＿＿＿＿＿＿＿＿＿
＿＿＿＿＿＿＿＿＿＿
＿＿＿＿＿＿＿＿＿＿
＿＿＿＿＿＿＿＿＿＿
＿＿＿＿＿＿＿＿＿＿
＿＿＿＿＿＿＿＿＿＿
＿＿＿＿＿＿＿＿＿＿
＿＿＿＿＿＿＿＿＿＿
＿＿＿□□□＿＿＿＿
＿＿＿□□□＿■＿＿
□□＿□□□■■＿＿
□□□□□□■□＿＿
□□□□□□□□□＿
□□□□□□□□□＿
□□□□□□□□□＿
□□□□□□□□□＿
□□□□□□□＿□□
＿□□□□□□□□□
00:10:59(19784f):field(19783f)
＿＿＿＿＿＿＿＿＿＿
＿＿＿＿＿＿＿＿＿＿
＿＿＿＿＿＿＿＿＿＿
＿＿＿＿＿＿＿＿＿＿
＿＿＿＿＿＿＿＿＿＿
＿＿＿＿＿＿＿＿＿＿
＿＿＿＿＿＿＿＿＿＿
＿＿＿＿＿＿＿＿＿＿
＿＿＿＿＿＿＿＿＿＿
＿＿＿＿＿＿＿＿＿＿
＿＿＿□□□＿＿＿＿
■■■□□□＿□＿＿
□□■□□□□□＿＿
□□□□□□□□＿＿
□□□□□□□□□＿
□□□□□□□□□＿
□□□□□□□□□＿
□□□□□□□□□＿
□□□□□□□＿□□
＿□□□□□□□□□
00:10:59(19797f):field(19796f)
＿＿＿＿＿＿＿＿＿＿
＿＿＿＿＿＿＿＿＿＿
＿＿＿＿＿＿＿＿＿＿
＿＿＿＿＿＿＿＿＿＿
＿＿＿＿＿＿＿＿＿＿
＿＿＿＿＿＿＿＿＿＿
＿＿＿＿＿＿＿＿＿＿
＿＿＿＿＿＿＿＿＿＿
＿＿＿＿＿＿＿＿＿＿
＿＿＿＿＿＿＿＿＿＿
＿＿＿◆◆◆＿＿＿＿
◆□◆□◆□＿◆＿＿
◆◆□□□□□◆＿＿
□□□□□□◆□＿＿
□□□□□□□□□＿
□□□□□□□□□＿
□□□□□□□□□＿
□□□□□□□□□＿
□□□□□□□＿□□
＿□□□□□□□□□
00:11:00(19810f):field(19809f)
＿＿＿＿＿＿＿＿＿＿
＿＿＿＿＿＿＿＿＿＿
＿＿＿＿＿＿＿＿＿＿
＿＿＿＿＿＿＿＿＿＿
＿＿＿＿＿＿＿＿＿＿
＿＿＿＿＿＿＿＿＿＿
＿＿＿＿＿＿＿＿＿＿
＿＿＿＿＿＿＿＿＿＿
＿＿＿＿＿＿＿＿＿＿
＿＿＿＿＿＿＿＿＿＿
＿＿＿＿＿＿＿＿＿＿
＿◆＿◆＿◆■＿＿＿
＿＿◆□□□□■＿＿
□□□□□□■□＿＿
□□□□□□□□□＿
□□□□□□□□□＿
□□□□□□□□□＿
□□□□□□□□□＿
□□□□□□□＿□□
＿□□□□□□□□□
00:11:00(19825f):field(19824f)
＿＿＿＿＿＿＿＿＿＿
＿＿＿＿＿＿＿＿＿＿
＿＿＿＿＿＿＿＿＿＿
＿＿＿＿＿＿＿＿＿＿
＿＿＿＿＿＿＿＿＿＿
＿＿＿＿＿＿＿＿＿＿
＿＿＿＿＿＿＿＿＿＿
＿＿＿＿＿＿＿＿＿＿
＿＿＿＿＿＿＿＿＿＿
＿＿＿＿＿＿＿＿＿＿
＿＿＿＿＿＿＿＿＿＿
＿＿＿＿＿＿◆＿＿＿
＿＿＿◆◆◆◆◆＿＿
◆□◆◆◆◆□◆＿■
□◆◆◆◆□◆□□＿
□□◆◆◆□□□◆■
□□◆□□□□□◆＿
□□□□□□□□◆■
□□□□□□□＿□□
■□□□□□□□□□
00:11:01(19838f):field(19837f)
＿＿＿＿＿＿＿＿＿＿
＿＿＿＿＿＿＿＿＿＿
＿＿＿＿＿＿＿＿＿＿
＿＿＿＿＿＿＿＿＿＿
＿＿＿＿＿＿＿＿＿＿
＿＿＿＿＿＿＿＿＿＿
＿＿＿＿＿＿＿＿＿＿
＿＿＿＿＿＿＿＿＿＿
＿＿＿＿＿＿＿＿＿＿
＿＿＿＿＿＿＿＿＿＿
＿＿＿＿＿＿＿＿＿＿
＿＿＿＿＿＿＿＿＿＿
＿＿＿＿＿＿＿＿＿＿
＿◆＿＿＿＿◆＿＿◆
◆＿＿＿＿□■◆◆＿
◆◆＿＿■□□◆＿◆
◆◆＿□□□□□＿＿
□□□□□□□□＿◆
□□□□□□□＿□□
◆□□□□□□□□□
00:11:01(19851f):field(19850f)
＿＿＿＿＿＿＿＿＿＿
＿＿＿＿＿＿＿＿＿＿
＿＿＿＿＿＿＿＿＿＿
＿＿＿＿＿＿＿＿＿＿
＿＿＿＿＿＿＿＿＿＿
＿＿＿＿＿＿＿＿＿＿
＿＿＿＿＿＿＿＿＿＿
＿＿＿＿＿＿＿＿＿＿
＿＿＿＿＿＿＿＿＿＿
＿＿＿＿＿＿＿＿＿＿
＿＿＿＿＿＿＿＿＿＿
＿＿＿＿＿＿＿＿＿＿
＿＿＿＿＿＿＿＿＿＿
＿＿＿＿■＿＿＿＿＿
＿＿＿■■□□＿＿＿
＿＿＿■□□□＿＿＿
＿＿＿□□□□□＿＿
□□□□□□□□＿＿
□□□□□□□＿□□
＿□□□□□□□□□
00:11:02(19864f):field(19863f)
＿＿＿＿＿＿＿＿＿＿
＿＿＿＿＿＿＿＿＿＿
＿＿＿＿＿＿＿＿＿＿
＿＿＿＿＿＿＿＿＿＿
＿＿＿＿＿＿＿＿＿＿
＿＿＿＿＿＿＿＿＿＿
＿＿＿＿＿＿＿＿＿＿
＿＿＿＿＿＿＿＿＿＿
＿＿＿＿＿＿＿＿＿＿
＿＿＿＿＿＿＿＿＿＿
＿＿＿＿＿＿＿＿＿＿
＿＿＿＿＿＿＿＿＿＿
＿＿＿＿＿＿＿＿＿＿
＿＿＿＿□＿＿＿＿＿
＿＿＿□□□□＿＿＿
■＿＿□□□□＿＿＿
■■■□□□□□＿＿
□□□□□□□□＿＿
□□□□□□□＿□□
＿□□□□□□□□□
00:11:02(19876f):field(19875f)
＿＿＿＿＿＿＿＿＿＿
＿＿＿＿＿＿＿＿＿＿
＿＿＿＿＿＿＿＿＿＿
＿＿＿＿＿＿＿＿＿＿
＿＿＿＿＿＿＿＿＿＿
＿＿＿＿＿＿＿＿＿＿
＿＿＿＿＿＿＿＿＿＿
＿＿＿＿＿＿＿＿＿＿
＿＿＿＿＿＿＿＿＿＿
＿＿＿＿＿＿＿＿＿＿
＿＿＿＿＿＿＿＿＿＿
＿＿＿＿＿＿＿＿＿＿
＿＿＿＿＿＿＿＿＿＿
＿■＿＿□＿＿＿＿＿
■■＿□□□□＿＿＿
□■＿□□□□＿＿＿
□□□□□□□□＿＿
□□□□□□□□＿＿
□□□□□□□＿□□
＿□□□□□□□□□
00:11:03(19891f):field(19890f)
＿＿＿＿＿＿＿＿＿＿
＿＿＿＿＿＿＿＿＿＿
＿＿＿＿＿＿＿＿＿＿
＿＿＿＿＿＿＿＿＿＿
＿＿＿＿＿＿＿＿＿＿
＿＿＿＿＿＿＿＿＿＿
＿＿＿＿＿＿＿＿＿＿
＿＿＿＿＿＿＿＿＿＿
＿＿＿＿＿＿＿＿＿＿
＿＿＿＿＿＿＿＿＿＿
＿＿＿＿＿＿＿＿＿＿
＿＿＿＿＿＿＿＿＿＿
＿＿＿＿＿＿＿＿＿＿
＿□＿＿□＿＿＿＿＿
□□＿□□□□＿＿＿
□□＿□□□□■■＿
□□□□□□□□■＿
□□□□□□□□■＿
□□□□□□□＿□□
＿□□□□□□□□□
00:11:03(19904f):field(19903f)
＿＿＿＿＿＿＿＿＿＿
＿＿＿＿＿＿＿＿＿＿
＿＿＿＿＿＿＿＿＿＿
＿＿＿＿＿＿＿＿＿＿
＿＿＿＿＿＿＿＿＿＿
＿＿＿＿＿＿＿＿＿＿
＿＿＿＿＿＿＿＿＿＿
＿＿＿＿＿＿＿＿＿＿
＿＿＿＿＿＿＿＿＿＿
＿＿＿＿＿＿＿＿＿＿
＿＿＿＿＿＿＿＿＿＿
＿＿＿＿＿＿＿＿＿＿
＿＿＿＿＿＿＿＿＿＿
＿◆＿＿◆＿＿＿＿＿
◆◆＿◆◆◆◆＿＿＿
◆□＿◆□◆◆◆◆＿
□□□□□□□□◆■
□□□□□□□□□■
□□□□□□□■□□
■□□□□□□□□□
00:11:03(19918f):field(19917f)
＿＿＿＿＿＿＿＿＿＿
＿＿＿＿＿＿＿＿＿＿
＿＿＿＿＿＿＿＿＿＿
＿＿＿＿＿＿＿＿＿＿
＿＿＿＿＿＿＿＿＿＿
＿＿＿＿＿＿＿＿＿＿
＿＿＿＿＿＿＿＿＿＿
＿＿＿＿＿＿＿＿＿＿
＿＿＿＿＿＿＿＿＿＿
＿＿＿＿＿＿＿＿＿＿
＿＿＿＿＿＿＿＿＿＿
＿＿＿＿＿＿＿＿＿＿
＿＿＿＿＿＿＿＿＿＿
＿＿＿＿＿＿＿＿＿＿
＿＿＿＿■■＿＿＿＿
＿□＿＿□■■＿＿＿
□□◆□□□□◆＿□
□□◆□□□□□□□
□□□□□□□◆□□
◆□□□□□□□□□
00:11:04(19931f):field(19930f)
＿＿＿＿＿＿＿＿＿＿
＿＿＿＿＿＿＿＿＿＿
＿＿＿＿＿＿＿＿＿＿
＿＿＿＿＿＿＿＿＿＿
＿＿＿＿＿＿＿＿＿＿
＿＿＿＿＿＿＿＿＿＿
＿＿＿＿＿＿＿＿＿＿
＿＿＿＿＿＿＿＿＿＿
＿＿＿＿＿＿＿＿＿＿
＿＿＿＿＿＿＿＿＿＿
＿＿＿＿＿＿＿＿＿＿
＿＿＿＿＿＿＿＿＿＿
＿＿＿＿＿＿＿＿＿＿
＿＿＿＿＿＿＿＿＿＿
＿＿＿＿□□＿＿＿＿
＿□＿＿□□□＿■■
□□＿□□□□■■□
□□＿□□□□□□□
□□□□□□□＿□□
＿□□□□□□□□□
00:11:04(19943f):field(19942f)
＿＿＿＿＿＿＿＿＿＿
＿＿＿＿＿＿＿＿＿＿
＿＿＿＿＿＿＿＿＿＿
＿＿＿＿＿＿＿＿＿＿
＿＿＿＿＿＿＿＿＿＿
＿＿＿＿＿＿＿＿＿＿
＿＿＿＿＿＿＿＿＿＿
＿＿＿＿＿＿＿＿＿＿
＿＿＿＿＿＿＿＿＿＿
＿＿＿＿＿＿＿＿＿＿
＿＿＿＿＿＿＿＿＿＿
＿＿＿＿＿＿＿＿＿＿
＿＿＿＿＿＿＿＿＿＿
＿＿＿＿＿＿＿＿＿＿
＿＿＿＿□□■■■＿
＿□＿＿□□□■□□
□□＿□□□□□□□
□□＿□□□□□□□
□□□□□□□＿□□
＿□□□□□□□□□
00:11:05(19955f):field(19954f)
＿＿＿＿＿＿＿＿＿＿
＿＿＿＿＿＿＿＿＿＿
＿＿＿＿＿＿＿＿＿＿
＿＿＿＿＿＿＿＿＿＿
＿＿＿＿＿＿＿＿＿＿
＿＿＿＿＿＿＿＿＿＿
＿＿＿＿＿＿＿＿＿＿
＿＿＿＿＿＿＿＿＿＿
＿＿＿＿＿＿＿＿＿＿
＿＿＿＿＿＿＿＿＿＿
＿＿＿＿＿＿＿＿＿＿
＿＿＿＿■＿＿＿＿＿
＿＿＿＿■＿＿＿＿＿
＿＿＿＿■■＿＿＿＿
＿＿＿＿□□□□□＿
＿□＿＿□□□□□□
□□＿□□□□□□□
□□＿□□□□□□□
□□□□□□□＿□□
＿□□□□□□□□□
00:11:05(19968f):field(19967f)
＿＿＿＿＿＿＿＿＿＿
＿＿＿＿＿＿＿＿＿＿
＿＿＿＿＿＿＿＿＿＿
＿＿＿＿＿＿＿＿＿＿
＿＿＿＿＿＿＿＿＿＿
＿＿＿＿＿＿＿＿＿＿
＿＿＿＿＿＿＿＿＿＿
＿＿＿＿＿＿＿＿＿＿
＿＿＿＿＿＿＿＿＿＿
＿＿＿＿＿＿＿＿＿＿
＿＿＿＿＿＿＿＿＿＿
＿＿＿＿◆＿＿＿＿＿
＿＿＿＿◆＿＿＿＿＿
＿＿＿＿□◆＿＿＿＿
＿＿＿＿□◆◆◆◆＿
＿□■■□□◆◆◆◆
◆□＿□□□□□□◆
◆□■□□□□□□□
□□□□□□□＿□□
■□□□□□□□□□
00:11:06(19981f):field(19980f)
＿＿＿＿＿＿＿＿＿＿
＿＿＿＿＿＿＿＿＿＿
＿＿＿＿＿＿＿＿＿＿
＿＿＿＿＿＿＿＿＿＿
＿＿＿＿＿＿＿＿＿＿
＿＿＿＿＿＿＿＿＿＿
＿＿＿＿＿＿＿＿＿＿
＿＿＿＿＿＿＿＿＿＿
＿＿＿＿＿＿＿＿＿＿
＿＿＿＿＿＿＿＿＿＿
＿＿＿＿＿＿＿＿＿＿
＿＿＿＿＿＿＿＿＿＿
＿＿＿＿＿＿＿＿＿＿
＿＿＿＿◆＿＿＿＿＿
＿＿＿＿□＿＿＿＿＿
＿◆◆◆□◆＿＿＿＿
■□＿◆□□□◆◆＿
■□◆◆□□□□□□
□□□□□□□■□□
◆□□□□□□□□□
00:11:06(19998f):field(19997f)
＿＿＿＿＿＿＿＿＿＿
＿＿＿＿＿＿＿＿＿＿
＿＿＿＿＿＿＿＿＿＿
＿＿＿＿＿＿＿＿＿＿
＿＿＿＿＿＿＿＿＿＿
＿＿＿＿＿＿＿＿＿＿
＿＿＿＿＿＿＿＿＿＿
＿＿＿＿＿＿＿＿＿＿
＿＿＿＿＿＿＿＿＿＿
＿＿＿＿＿＿＿＿＿＿
＿＿＿＿＿＿＿＿＿＿
＿＿＿＿＿＿＿＿＿＿
＿＿＿＿＿＿＿＿＿＿
＿＿＿＿＿＿＿＿＿＿
＿＿＿＿□■＿＿＿＿
＿＿＿＿□■■＿＿＿
◆□＿＿□□□＿＿＿
□□＿＿□□□□□◆
□□□□□□□◆□□
＿□□□□□□□□□
00:11:07(20010f):field(20009f)
＿＿＿＿＿＿＿＿＿＿
＿＿＿＿＿＿＿＿＿＿
＿＿＿＿＿＿＿＿＿＿
＿＿＿＿＿＿＿＿＿＿
＿＿＿＿＿＿＿＿＿＿
＿＿＿＿＿＿＿＿＿＿
＿＿＿＿＿＿＿＿＿＿
＿＿＿＿＿＿＿＿＿＿
＿＿＿＿＿＿＿＿＿＿
＿＿＿＿＿＿＿＿＿＿
＿＿＿＿＿＿＿＿＿＿
＿＿＿＿＿＿＿＿＿＿
＿＿＿＿＿＿＿＿＿＿
＿＿＿＿＿＿＿＿＿＿
＿＿＿＿□□＿＿＿＿
＿＿＿＿□□□＿＿＿
＿□■■□□□＿＿＿
□□■■□□□□□＿
□□□□□□□＿□□
＿□□□□□□□□□
00:11:07(20026f):field(20025f)
＿＿＿＿＿＿＿＿＿＿
＿＿＿＿＿＿＿＿＿＿
＿＿＿＿＿＿＿＿＿＿
＿＿＿＿＿＿＿＿＿＿
＿＿＿＿＿＿＿＿＿＿
＿＿＿＿＿＿＿＿＿＿
＿＿＿＿＿＿＿＿＿＿
＿＿＿＿＿＿＿＿＿＿
＿＿＿＿＿＿＿＿＿＿
＿＿＿＿＿＿＿＿＿＿
＿＿＿＿＿＿＿＿＿＿
＿＿＿＿＿＿＿＿＿＿
＿＿＿＿＿＿＿＿＿＿
＿＿＿＿＿＿＿＿＿＿
＿＿＿＿□□＿＿＿＿
■■■＿□□□＿＿＿
■□□□□□□＿＿＿
□□□□□□□□□＿
□□□□□□□＿□□
＿□□□□□□□□□
00:11:08(20046f):field(20045f)
＿＿＿＿＿＿＿＿＿＿
＿＿＿＿＿＿＿＿＿＿
＿＿＿＿＿＿＿＿＿＿
＿＿＿＿＿＿＿＿＿＿
＿＿＿＿＿＿＿＿＿＿
＿＿＿＿＿＿＿＿＿＿
＿＿＿＿＿＿＿＿＿＿
＿＿＿＿＿＿＿＿＿＿
＿＿＿＿＿＿＿＿＿＿
＿＿＿＿＿＿＿＿＿＿
＿＿＿＿＿＿＿＿＿＿
＿＿＿＿＿＿＿＿＿＿
＿＿＿＿＿＿＿＿＿＿
＿＿＿■＿＿＿＿＿＿
＿＿■■□□＿＿＿＿
□□□■□□□＿＿＿
□□□□□□□＿＿＿
□□□□□□□□□＿
□□□□□□□＿□□
＿□□□□□□□□□
00:11:08(20058f):field(20057f)
＿＿＿＿＿＿＿＿＿＿
＿＿＿＿＿＿＿＿＿＿
＿＿＿＿＿＿＿＿＿＿
＿＿＿＿＿＿＿＿＿＿
＿＿＿＿＿＿＿＿＿＿
＿＿＿＿＿＿＿＿＿＿
＿＿＿＿＿＿＿＿＿＿
＿＿＿＿＿＿＿＿＿＿
＿＿＿＿＿＿＿＿＿＿
＿＿＿＿＿＿＿＿＿＿
＿＿＿＿＿＿＿＿＿＿
＿＿＿＿＿＿＿＿＿＿
＿＿＿＿＿＿＿＿＿＿
＿＿＿◆＿＿＿＿＿＿
＿＿◆□◆◆＿＿＿＿
◆◆□□□□◆＿＿■
□□□□□□□＿＿■
□□□□□□□◆◆■
□□□□□□□＿□□
＿□□□□□□□□□
00:11:09(20071f):field(20070f)
＿＿＿＿＿＿＿＿＿＿
＿＿＿＿＿＿＿＿＿＿
＿＿＿＿＿＿＿＿＿＿
＿＿＿＿＿＿＿＿＿＿
＿＿＿＿＿＿＿＿＿＿
＿＿＿＿＿＿＿＿＿＿
＿＿＿＿＿＿＿＿＿＿
＿＿＿＿＿＿＿＿＿＿
＿＿＿＿＿＿＿＿＿＿
＿＿＿＿＿＿＿＿＿＿
＿＿＿＿＿＿＿＿＿＿
＿＿＿＿＿＿＿＿＿＿
＿＿＿＿＿＿＿＿＿＿
＿＿＿＿＿＿＿＿＿＿
＿＿＿◆＿＿＿＿＿＿
＿＿◆◆◆◆＿＿＿◆
□◆□□◆◆◆＿＿◆
◆□□□□□◆■＿□
□□□□□□□＿□□
＿□□□□□□□□□
00:11:09(20081f):field(20080f)
＿＿＿＿＿＿＿＿＿＿
＿＿＿＿＿＿＿＿＿＿
＿＿＿＿＿＿＿＿＿＿
＿＿＿＿＿＿＿＿＿＿
＿＿＿＿＿＿＿＿＿＿
＿＿＿＿＿＿＿＿＿＿
＿＿＿＿＿＿＿＿＿＿
＿＿＿＿＿＿＿＿＿＿
＿＿＿＿＿＿＿＿＿＿
＿＿＿＿＿＿＿＿＿＿
＿＿＿＿＿＿＿＿＿＿
＿＿＿＿＿＿＿＿＿＿
＿＿＿＿＿＿＿＿＿＿
＿＿＿＿＿＿＿＿＿＿
＿＿＿＿＿＿＿＿＿＿
＿＿＿＿■■＿＿＿＿
◆＿◆□■■＿＿＿＿
＿◆□□□□＿◆■□
□□□□□□□＿□□
＿□□□□□□□□□
00:11:10(20100f):field(20099f)
＿＿＿＿＿＿＿＿＿＿
＿＿＿＿＿＿＿＿＿＿
＿＿＿＿＿＿＿＿＿＿
＿＿＿＿＿＿＿＿＿＿
＿＿＿＿＿＿＿＿＿＿
＿＿＿＿＿＿＿＿＿＿
＿＿＿＿＿＿＿＿＿＿
＿＿＿＿＿＿＿＿＿＿
＿＿＿＿＿＿＿＿＿＿
＿＿＿＿＿＿＿＿＿＿
＿＿＿＿＿＿＿＿＿＿
＿＿＿＿＿＿＿＿＿＿
＿＿＿＿＿＿＿＿＿＿
＿＿＿＿＿＿＿＿＿＿
＿＿＿＿＿＿＿＿＿＿
＿＿＿＿□□＿＿＿＿
＿＿＿□□□■■■＿
＿＿□□□□＿＿□□
□□□□□□□＿□□
＿□□□□□□□□□
00:11:10(20112f):field(20111f)
＿＿＿＿＿＿＿＿＿＿
＿＿＿＿＿＿＿＿＿＿
＿＿＿＿＿＿＿＿＿＿
＿＿＿＿＿＿＿＿＿＿
＿＿＿＿＿＿＿＿＿＿
＿＿＿＿＿＿＿＿＿＿
＿＿＿＿＿＿＿＿＿＿
＿＿＿＿＿＿＿＿＿＿
＿＿＿＿＿＿＿＿＿＿
＿＿＿＿＿＿＿＿＿＿
＿＿＿＿＿＿＿＿＿＿
＿＿＿＿＿＿＿＿＿＿
＿＿＿＿＿＿＿＿＿＿
＿＿＿＿＿＿＿＿＿＿
＿＿＿＿＿＿＿＿＿＿
＿＿＿＿□□＿＿＿＿
＿■■□□□□□□＿
■■□□□□＿＿□□
□□□□□□□＿□□
＿□□□□□□□□□
00:11:10(20124f):field(20123f)
＿＿＿＿＿＿＿＿＿＿
＿＿＿＿＿＿＿＿＿＿
＿＿＿＿＿＿＿＿＿＿
＿＿＿＿＿＿＿＿＿＿
＿＿＿＿＿＿＿＿＿＿
＿＿＿＿＿＿＿＿＿＿
＿＿＿＿＿＿＿＿＿＿
＿＿＿＿＿＿＿＿＿＿
＿＿＿＿＿＿＿＿＿＿
＿＿＿＿＿＿＿＿＿＿
＿＿＿＿＿＿＿＿＿＿
＿＿＿＿＿＿＿＿＿＿
＿＿＿＿＿＿＿＿＿＿
＿＿＿＿＿＿＿＿＿＿
＿＿＿＿＿＿＿＿＿＿
■■■＿□□＿＿＿＿
■□□□□□□□□＿
□□□□□□＿＿□□
□□□□□□□＿□□
＿□□□□□□□□□
00:11:11(20135f):field(20134f)
＿＿＿＿＿＿＿＿＿＿
＿＿＿＿＿＿＿＿＿＿
＿＿＿＿＿＿＿＿＿＿
＿＿＿＿＿＿＿＿＿＿
＿＿＿＿＿＿＿＿＿＿
＿＿＿＿＿＿＿＿＿＿
＿＿＿＿＿＿＿＿＿＿
＿＿＿＿＿＿＿＿＿＿
＿＿＿＿＿＿＿＿＿＿
＿＿＿＿＿＿＿＿＿＿
＿＿＿＿＿＿＿＿＿＿
＿＿＿＿＿＿＿＿＿＿
＿＿＿＿＿＿＿＿＿＿
＿＿＿＿■＿＿＿＿＿
＿＿＿■■＿＿＿＿＿
□□□■□□＿＿＿＿
□□□□□□□□□＿
□□□□□□＿＿□□
□□□□□□□＿□□
＿□□□□□□□□□
00:11:11(20151f):field(20150f)
＿＿＿＿＿＿＿＿＿＿
＿＿＿＿＿＿＿＿＿＿
＿＿＿＿＿＿＿＿＿＿
＿＿＿＿＿＿＿＿＿＿
＿＿＿＿＿＿＿＿＿＿
＿＿＿＿＿＿＿＿＿＿
＿＿＿＿＿＿＿＿＿＿
＿＿＿＿＿＿＿＿＿＿
＿＿＿＿＿＿＿＿＿＿
＿＿＿＿＿＿＿＿＿＿
＿＿＿＿＿＿＿＿＿＿
＿＿＿＿＿＿＿＿＿＿
＿＿＿＿＿＿＿＿＿＿
＿＿＿＿◆＿＿＿＿＿
＿＿＿◆□＿＿＿＿■
◆◆◆□□◆＿＿＿■
□□□□□□◆◆◆■
□□□□□□＿■□□
□□□□□□□＿□□
＿□□□□□□□□□
00:11:12(20167f):field(20166f)
＿＿＿＿＿＿＿＿＿＿
＿＿＿＿＿＿＿＿＿＿
＿＿＿＿＿＿＿＿＿＿
＿＿＿＿＿＿＿＿＿＿
＿＿＿＿＿＿＿＿＿＿
＿＿＿＿＿＿＿＿＿＿
＿＿＿＿＿＿＿＿＿＿
＿＿＿＿＿＿＿＿＿＿
＿＿＿＿＿＿＿＿＿＿
＿＿＿＿＿＿＿＿＿＿
＿＿＿＿＿＿＿＿＿＿
＿＿＿＿＿＿＿＿＿＿
＿＿＿＿＿＿＿＿＿＿
＿＿＿＿＿＿＿＿＿＿
＿＿＿＿◆＿＿＿＿◆
＿＿＿□□＿＿＿＿□
◆◆◆□□◆＿■■□
□□□□□□＿□□□
□□□□□□□＿□□
＿□□□□□□□□□
00:11:12(20185f):field(20184f)
＿＿＿＿＿＿＿＿＿＿
＿＿＿＿＿＿＿＿＿＿
＿＿＿＿＿＿＿＿＿＿
＿＿＿＿＿＿＿＿＿＿
＿＿＿＿＿＿＿＿＿＿
＿＿＿＿＿＿＿＿＿＿
＿＿＿＿＿＿＿＿＿＿
＿＿＿＿＿＿＿＿＿＿
＿＿＿＿＿＿＿＿＿＿
＿＿＿＿＿＿＿＿＿＿
＿＿＿＿＿＿＿＿＿＿
＿＿＿＿＿＿＿＿＿＿
＿＿＿＿＿＿＿＿＿＿
＿＿＿＿＿＿＿＿＿＿
＿＿＿＿＿＿＿＿＿＿
＿＿＿◆□■＿＿＿□
＿＿＿□□■■□◆□
□□□□□□■◆□□
□□□□□□□＿□□
＿□□□□□□□□□
00:11:13(20197f):field(20196f)
＿＿＿＿＿＿＿＿＿＿
＿＿＿＿＿＿＿＿＿＿
＿＿＿＿＿＿＿＿＿＿
＿＿＿＿＿＿＿＿＿＿
＿＿＿＿＿＿＿＿＿＿
＿＿＿＿＿＿＿＿＿＿
＿＿＿＿＿＿＿＿＿＿
＿＿＿＿＿＿＿＿＿＿
＿＿＿＿＿＿＿＿＿＿
＿＿＿＿＿＿＿＿＿＿
＿＿＿＿＿＿＿＿＿＿
＿＿＿＿＿＿＿＿＿＿
＿＿＿＿＿＿＿＿＿＿
＿＿＿＿＿＿＿＿＿＿
＿＿＿＿＿＿＿＿＿＿
■＿＿＿□□＿＿＿□
■■■□□□□□＿□
□□□□□□□＿□□
□□□□□□□＿□□
＿□□□□□□□□□
00:11:13(20212f):field(20211f)
＿＿＿＿＿＿＿＿＿＿
＿＿＿＿＿＿＿＿＿＿
＿＿＿＿＿＿＿＿＿＿
＿＿＿＿＿＿＿＿＿＿
＿＿＿＿＿＿＿＿＿＿
＿＿＿＿＿＿＿＿＿＿
＿＿＿＿＿＿＿＿＿＿
＿＿＿＿＿＿＿＿＿＿
＿＿＿＿＿＿＿＿＿＿
＿＿＿＿＿＿＿＿＿＿
＿＿＿＿＿＿＿＿＿＿
＿＿＿＿＿＿＿＿＿＿
＿＿＿＿＿＿＿＿＿＿
＿＿＿＿＿＿＿＿＿＿
＿＿■■＿＿＿＿＿＿
□＿■■□□＿＿＿□
□□□□□□□□＿□
□□□□□□□＿□□
□□□□□□□＿□□
＿□□□□□□□□□
00:11:14(20224f):field(20223f)
＿＿＿＿＿＿＿＿＿＿
＿＿＿＿＿＿＿＿＿＿
＿＿＿＿＿＿＿＿＿＿
＿＿＿＿＿＿＿＿＿＿
＿＿＿＿＿＿＿＿＿＿
＿＿＿＿＿＿＿＿＿＿
＿＿＿＿＿＿＿＿＿＿
＿＿＿＿＿＿＿＿＿＿
＿＿＿＿＿＿＿＿＿＿
＿＿＿＿＿＿＿＿＿＿
＿＿＿＿＿＿＿＿＿＿
＿＿＿＿＿＿＿＿＿＿
＿＿＿＿＿＿＿＿＿＿
＿＿＿■■＿＿＿＿＿
＿＿□□■■＿＿＿＿
□＿□□□□＿＿＿□
□□□□□□□□＿□
□□□□□□□＿□□
□□□□□□□＿□□
＿□□□□□□□□□
00:11:14(20237f):field(20236f)
＿＿＿＿＿＿＿＿＿＿
＿＿＿＿＿＿＿＿＿＿
＿＿＿＿＿＿＿＿＿＿
＿＿＿＿＿＿＿＿＿＿
＿＿＿＿＿＿＿＿＿＿
＿＿＿＿＿＿＿＿＿＿
＿＿＿＿＿＿＿＿＿＿
＿＿＿＿＿＿＿＿＿＿
＿＿＿＿＿＿＿＿＿＿
＿＿＿＿＿＿＿＿＿＿
＿＿＿＿＿＿＿＿＿＿
＿＿＿＿＿＿＿＿＿＿
＿＿＿＿＿＿＿＿＿＿
＿＿＿◆◆＿＿＿＿＿
＿＿◆□□◆＿＿■＿
◆＿□□□□■＿■□
□◆□□□□◆□■□
□□□□□□□＿□□
□□□□□□□＿□□
＿□□□□□□□□□
00:11:15(20250f):field(20249f)
＿＿＿＿＿＿＿＿＿＿
＿＿＿＿＿＿＿＿＿＿
＿＿＿＿＿＿＿＿＿＿
＿＿＿＿＿＿＿＿＿＿
＿＿＿＿＿＿＿＿＿＿
＿＿＿＿＿＿＿＿＿＿
＿＿＿＿＿＿＿＿＿＿
＿＿＿＿＿＿＿＿＿＿
＿＿＿＿＿＿＿＿＿＿
＿＿＿＿＿＿＿＿＿＿
＿＿＿＿＿＿＿＿＿＿
＿＿＿＿＿＿＿＿＿＿
＿＿＿＿＿＿＿＿＿＿
＿＿＿＿＿＿＿＿＿＿
＿■＿□□＿＿＿□＿
■■□□□□◆＿□◆
□■□□□□＿◆□□
□□□□□□□＿□□
□□□□□□□＿□□
＿□□□□□□□□□
00:11:15(20261f):field(20260f)
＿＿＿＿＿＿＿＿＿＿
＿＿＿＿＿＿＿＿＿＿
＿＿＿＿＿＿＿＿＿＿
＿＿＿＿＿＿＿＿＿＿
＿＿＿＿＿＿＿＿＿＿
＿＿＿＿＿＿＿＿＿＿
＿＿＿＿＿＿＿＿＿＿
＿＿＿＿＿＿＿＿＿＿
＿＿＿＿＿＿＿＿＿＿
＿＿＿＿＿＿＿＿＿＿
＿＿＿＿＿＿＿＿＿＿
＿＿＿＿＿＿＿＿＿＿
＿＿＿■■＿＿＿＿＿
＿＿＿■■＿＿＿＿＿
＿□＿□□＿＿＿□＿
□□□□□□＿＿□＿
□□□□□□＿＿□□
□□□□□□□＿□□
□□□□□□□＿□□
＿□□□□□□□□□
00:11:15(20274f):field(20273f)
＿＿＿＿＿＿＿＿＿＿
＿＿＿＿＿＿＿＿＿＿
＿＿＿＿＿＿＿＿＿＿
＿＿＿＿＿＿＿＿＿＿
＿＿＿＿＿＿＿＿＿＿
＿＿＿＿＿＿＿＿＿＿
＿＿＿＿＿＿＿＿＿＿
＿＿＿＿＿＿＿＿＿＿
＿＿＿＿＿＿＿＿＿＿
＿＿＿＿＿＿＿＿＿＿
＿＿＿＿＿＿＿＿＿＿
＿＿＿＿＿＿＿＿＿＿
＿＿＿◆◆＿＿＿＿＿
＿＿＿◆◆＿＿＿＿＿
＿◆＿◆◆＿＿＿◆＿
◆◆◆□□□＿■◆＿
□◆◆□□◆■＿□◆
◆□◆□□◆□■□□
□□□□□□□■□◆
■□□□□□□□□□
00:11:16(20288f):field(20287f)
＿＿＿＿＿＿＿＿＿＿
＿＿＿＿＿＿＿＿＿＿
＿＿＿＿＿＿＿＿＿＿
＿＿＿＿＿＿＿＿＿＿
＿＿＿＿＿＿＿＿＿＿
＿＿＿＿＿＿＿＿＿＿
＿＿＿＿＿＿＿＿＿＿
＿＿＿＿＿＿＿＿＿＿
＿＿＿＿＿＿＿＿＿＿
＿＿＿＿＿＿＿＿＿＿
＿＿＿＿＿＿＿＿＿＿
＿＿＿＿＿＿＿＿＿＿
＿＿＿＿＿＿＿＿＿＿
＿＿＿＿＿＿＿＿＿＿
＿＿＿＿＿＿＿＿＿＿
＿＿＿□□◆＿◆＿＿
◆＿＿□□＿◆＿◆＿
＿□＿□□■□◆□◆
□□□□□□□□□＿
◆□□□□□□□□□
00:11:16(20299f):field(20298f)
＿＿＿＿＿＿＿＿＿＿
＿＿＿＿＿＿＿＿＿＿
＿＿＿＿＿＿＿＿＿＿
＿＿＿＿＿＿＿＿＿＿
＿＿＿＿＿＿＿＿＿＿
＿＿＿＿＿＿＿＿＿＿
＿＿＿＿＿＿＿＿＿＿
＿＿＿＿＿＿＿＿＿＿
＿＿＿＿＿＿＿＿＿＿
＿＿＿＿＿＿＿＿＿＿
＿＿＿＿＿＿＿＿＿＿
＿＿＿＿＿＿＿＿＿＿
＿＿＿＿＿＿＿＿＿＿
＿＿＿＿＿■＿＿＿＿
＿＿＿＿＿■＿＿＿＿
＿＿＿□□■＿＿＿＿
＿＿＿□□■＿＿＿＿
＿□＿□□□□＿□＿
□□□□□□□□□＿
＿□□□□□□□□□
00:11:17(20313f):field(20312f)
＿＿＿＿＿＿＿＿＿＿
＿＿＿＿＿＿＿＿＿＿
＿＿＿＿＿＿＿＿＿＿
＿＿＿＿＿＿＿＿＿＿
＿＿＿＿＿＿＿＿＿＿
＿＿＿＿＿＿＿＿＿＿
＿＿＿＿＿＿＿＿＿＿
＿＿＿＿＿＿＿＿＿＿
＿＿＿＿＿＿＿＿＿＿
＿＿＿＿＿＿＿＿＿＿
＿＿＿＿＿＿＿＿＿＿
＿＿＿＿＿＿＿＿＿＿
＿＿＿＿＿＿＿＿＿＿
＿＿＿＿＿□＿＿＿＿
＿＿＿＿＿□＿＿＿＿
＿＿■□□□＿＿＿＿
＿■■□□□＿＿＿＿
＿□■□□□□＿□＿
□□□□□□□□□＿
＿□□□□□□□□□
00:11:17(20325f):field(20324f)
＿＿＿＿＿＿＿＿＿＿
＿＿＿＿＿＿＿＿＿＿
＿＿＿＿＿＿＿＿＿＿
＿＿＿＿＿＿＿＿＿＿
＿＿＿＿＿＿＿＿＿＿
＿＿＿＿＿＿＿＿＿＿
＿＿＿＿＿＿＿＿＿＿
＿＿＿＿＿＿＿＿＿＿
＿＿＿＿＿＿＿＿＿＿
＿＿＿＿＿＿＿＿＿＿
＿＿＿＿＿＿＿＿＿＿
＿＿＿＿＿＿＿＿＿＿
＿＿＿＿＿＿＿＿＿＿
＿＿＿■■□＿＿＿＿
＿＿■■＿□＿＿＿＿
＿＿□□□□＿＿＿＿
＿□□□□□＿＿＿＿
＿□□□□□□＿□＿
□□□□□□□□□＿
＿□□□□□□□□□
00:11:18(20346f):field(20345f)
＿＿＿＿＿＿＿＿＿＿
＿＿＿＿＿＿＿＿＿＿
＿＿＿＿＿＿＿＿＿＿
＿＿＿＿＿＿＿＿＿＿
＿＿＿＿＿＿＿＿＿＿
＿＿＿＿＿＿＿＿＿＿
＿＿＿＿＿＿＿＿＿＿
＿＿＿＿＿＿＿＿＿＿
＿＿＿＿＿＿＿＿＿＿
＿＿＿＿＿＿＿＿＿＿
＿＿＿＿＿＿＿＿＿＿
＿＿＿＿＿＿＿＿＿＿
＿＿＿＿＿＿＿＿＿＿
＿■＿□□□＿＿＿＿
＿■□□＿□＿＿＿＿
■■□□□□＿＿＿＿
＿□□□□□＿＿＿＿
＿□□□□□□＿□＿
□□□□□□□□□＿
＿□□□□□□□□□
00:11:18(20360f):field(20359f)
＿＿＿＿＿＿＿＿＿＿
＿＿＿＿＿＿＿＿＿＿
＿＿＿＿＿＿＿＿＿＿
＿＿＿＿＿＿＿＿＿＿
＿＿＿＿＿＿＿＿＿＿
＿＿＿＿＿＿＿＿＿＿
＿＿＿＿＿＿＿＿＿＿
＿＿＿＿＿＿＿＿＿＿
＿＿＿＿＿＿＿＿＿＿
＿＿＿＿＿＿＿＿＿＿
＿＿＿＿＿＿＿＿＿＿
＿＿＿＿＿＿＿＿＿＿
＿＿＿＿＿＿＿＿＿＿
＿□＿□□□＿＿＿＿
＿□□□＿□＿＿＿＿
□□□□□□＿＿■＿
＿□□□□□＿■■＿
＿□□□□□□■□＿
□□□□□□□□□＿
＿□□□□□□□□□
00:11:19(20371f):field(20370f)
＿＿＿＿＿＿＿＿＿＿
＿＿＿＿＿＿＿＿＿＿
＿＿＿＿＿＿＿＿＿＿
＿＿＿＿＿＿＿＿＿＿
＿＿＿＿＿＿＿＿＿＿
＿＿＿＿＿＿＿＿＿＿
＿＿＿＿＿＿＿＿＿＿
＿＿＿＿＿＿＿＿＿＿
＿＿＿＿＿＿＿＿＿＿
＿＿＿＿＿＿＿＿＿＿
＿＿＿＿＿＿＿＿＿＿
＿＿＿■■＿＿＿＿＿
＿＿＿■■＿＿＿＿＿
＿□＿□□□＿＿＿＿
＿□□□＿□＿＿＿＿
□□□□□□＿＿□＿
＿□□□□□＿□□＿
＿□□□□□□□□＿
□□□□□□□□□＿
＿□□□□□□□□□
00:11:19(20384f):field(20383f)
＿＿＿＿＿＿＿＿＿＿
＿＿＿＿＿＿＿＿＿＿
＿＿＿＿＿＿＿＿＿＿
＿＿＿＿＿＿＿＿＿＿
＿＿＿＿＿＿＿＿＿＿
＿＿＿＿＿＿＿＿＿＿
＿＿＿＿＿＿＿＿＿＿
＿＿＿＿＿＿＿＿＿＿
＿＿＿＿＿＿＿＿＿＿
＿＿＿＿＿＿＿＿＿＿
＿＿＿＿＿＿＿＿＿＿
＿＿＿□□＿＿＿＿＿
＿＿＿□□＿＿＿＿＿
＿□＿□□□■＿＿＿
＿□□□＿□■＿＿＿
□□□□□□■＿□＿
＿□□□□□■□□＿
＿□□□□□□□□＿
□□□□□□□□□＿
＿□□□□□□□□□
00:11:19(20397f):field(20396f)
＿＿＿＿＿＿＿＿＿＿
＿＿＿＿＿＿＿＿＿＿
＿＿＿＿＿＿＿＿＿＿
＿＿＿＿＿＿＿＿＿＿
＿＿＿＿＿＿＿＿＿＿
＿＿＿＿＿＿＿＿＿＿
＿＿＿＿＿＿＿＿＿＿
＿＿＿＿＿＿＿＿＿＿
＿＿＿＿＿＿＿＿＿＿
＿＿＿＿＿＿＿＿＿＿
＿＿＿＿＿＿＿＿＿＿
＿＿＿□□＿＿＿＿＿
＿＿＿□□＿＿＿＿＿
＿□＿□□□□＿■＿
＿□□□＿□□＿■■
□□□□□□□＿□■
＿□□□□□□□□＿
＿□□□□□□□□＿
□□□□□□□□□＿
＿□□□□□□□□□
00:11:20(20409f):field(20408f)
＿＿＿＿＿＿＿＿＿＿
＿＿＿＿＿＿＿＿＿＿
＿＿＿＿＿＿＿＿＿＿
＿＿＿＿＿＿＿＿＿＿
＿＿＿＿＿＿＿＿＿＿
＿＿＿＿＿＿＿＿＿＿
＿＿＿＿＿＿＿＿＿＿
＿＿＿＿＿＿＿＿＿＿
＿＿＿＿＿＿＿＿＿＿
＿＿＿＿＿＿＿＿＿＿
＿＿＿＿■■＿＿＿＿
＿＿＿□□■＿＿＿＿
＿＿＿□□■＿＿＿＿
＿□＿□□□□＿□＿
＿□□□＿□□＿□□
□□□□□□□＿□□
＿□□□□□□□□＿
＿□□□□□□□□＿
□□□□□□□□□＿
＿□□□□□□□□□
00:11:20(20423f):field(20422f)
＿＿＿＿＿＿＿＿＿＿
＿＿＿＿＿＿＿＿＿＿
＿＿＿＿＿＿＿＿＿＿
＿＿＿＿＿＿＿＿＿＿
＿＿＿＿＿＿＿＿＿＿
＿＿＿＿＿＿＿＿＿＿
＿＿＿＿＿＿＿＿＿＿
＿＿＿＿＿＿＿＿＿＿
＿＿＿＿＿＿＿＿＿＿
＿＿＿■＿＿＿＿＿＿
＿＿■■□□＿＿＿＿
＿＿■□□□＿＿＿＿
＿＿＿□□□＿＿＿＿
＿□＿□□□□＿□＿
＿□□□＿□□＿□□
□□□□□□□＿□□
＿□□□□□□□□＿
＿□□□□□□□□＿
□□□□□□□□□＿
＿□□□□□□□□□
00:11:21(20436f):field(20435f)
＿＿＿＿＿＿＿＿＿＿
＿＿＿＿＿＿＿＿＿＿
＿＿＿＿＿＿＿＿＿＿
＿＿＿＿＿＿＿＿＿＿
＿＿＿＿＿＿＿＿＿＿
＿＿＿＿＿＿＿＿＿＿
＿＿＿＿＿＿＿＿＿＿
＿＿＿＿＿＿＿＿＿＿
＿＿＿＿■■＿＿＿＿
＿＿＿□■■＿＿＿＿
＿＿□□□□＿＿＿＿
＿＿□□□□＿＿＿＿
＿＿＿□□□＿＿＿＿
＿□＿□□□□＿□＿
＿□□□＿□□＿□□
□□□□□□□＿□□
＿□□□□□□□□＿
＿□□□□□□□□＿
□□□□□□□□□＿
＿□□□□□□□□□
00:11:21(20452f):field(20451f)
＿＿＿＿＿＿＿＿＿＿
＿＿＿＿＿＿＿＿＿＿
＿＿＿＿＿＿＿＿＿＿
＿＿＿＿＿＿＿＿＿＿
＿＿＿＿＿＿＿＿＿＿
＿＿＿＿＿＿＿＿＿＿
＿＿＿＿＿＿＿＿＿＿
＿＿＿＿＿＿＿＿＿＿
＿＿＿＿□□＿＿＿＿
＿＿＿□□□＿＿＿＿
＿＿□□□□＿＿＿＿
■＿□□□□＿＿＿＿
■■■□□□＿＿＿＿
＿□＿□□□□＿□＿
＿□□□＿□□＿□□
□□□□□□□＿□□
＿□□□□□□□□＿
＿□□□□□□□□＿
□□□□□□□□□＿
＿□□□□□□□□□
00:11:22(20467f):field(20466f)
＿＿＿＿＿＿＿＿＿＿
＿＿＿＿＿＿＿＿＿＿
＿＿＿＿＿＿＿＿＿＿
＿＿＿＿＿＿＿＿＿＿
＿＿＿＿＿＿＿＿＿＿
＿＿＿＿＿＿＿＿＿＿
＿＿＿＿＿＿＿＿＿＿
＿＿＿＿＿＿＿＿＿＿
＿＿＿＿□□＿＿＿＿
＿＿＿□□□＿＿＿＿
＿＿□□□□＿＿＿＿
□＿□□□□＿＿＿■
□□□□□□＿＿■■
＿□＿□□□□＿□■
＿□□□＿□□＿□□
□□□□□□□＿□□
＿□□□□□□□□＿
＿□□□□□□□□＿
□□□□□□□□□＿
＿□□□□□□□□□
00:11:22(20479f):field(20478f)
＿＿＿＿＿＿＿＿＿＿
＿＿＿＿＿＿＿＿＿＿
＿＿＿＿＿＿＿＿＿＿
＿＿＿＿＿＿＿＿＿＿
＿＿＿＿＿＿＿＿＿＿
＿＿＿＿＿＿＿＿＿＿
＿＿＿＿＿＿＿＿＿＿
＿＿＿＿＿＿＿＿＿＿
＿＿＿＿◆◆＿＿＿＿
＿＿＿◆□□＿＿＿＿
＿＿◆□□□＿＿＿＿
◆＿□□□□＿＿＿◆
□◆□□□□＿＿◆□
■□■□□□◆■□□
＿□□□■□□■□□
◆□□□◆□□■□□
■□□□□□□□□＿
■□□□□□□□□＿
□□□□□□□□□＿
＿□□□□□□□□□
00:11:23(20495f):field(20494f)
＿＿＿＿＿＿＿＿＿＿
＿＿＿＿＿＿＿＿＿＿
＿＿＿＿＿＿＿＿＿＿
＿＿＿＿＿＿＿＿＿＿
＿＿＿＿＿＿＿＿＿＿
＿＿＿＿＿＿＿＿＿＿
＿＿＿＿＿＿＿＿＿＿
＿＿＿＿＿＿＿＿＿＿
＿＿＿＿＿＿＿＿＿＿
＿＿＿＿□□＿＿＿＿
■＿＿□□□＿＿＿＿
■■□□□□＿＿＿＿
□■□□□□＿＿＿□
□□□□□□＿□□□
＿□◆□□□□□□□
＿□□□＿□□□□□
◆□□□□□□□□＿
◆□□□□□□□□＿
□□□□□□□□□＿
＿□□□□□□□□□
00:11:23(20509f):field(20508f)
＿＿＿＿＿＿＿＿＿＿
＿＿＿＿＿＿＿＿＿＿
＿＿＿＿＿＿＿＿＿＿
＿＿＿＿＿＿＿＿＿＿
＿＿＿＿＿＿＿＿＿＿
＿＿＿＿＿＿＿＿＿＿
＿＿＿＿＿＿＿＿＿＿
＿＿＿＿＿＿＿＿＿＿
＿＿＿＿＿＿＿＿＿＿
＿＿＿＿◆◆＿＿＿＿
◆＿＿◆◆◆＿＿＿＿
◆◆◆◆□□＿＿＿＿
□◆◆□□□■＿＿◆
□□□□□□＿□◆□
＿□＿□□□□□□□
＿□□□＿□□□□□
＿□□□□□□□□＿
＿□□□□□□□□＿
□□□□□□□□□＿
＿□□□□□□□□□
00:11:24(20523f):field(20522f)
＿＿＿＿＿＿＿＿＿＿
＿＿＿＿＿＿＿＿＿＿
＿＿＿＿＿＿＿＿＿＿
＿＿＿＿＿＿＿＿＿＿
＿＿＿＿＿＿＿＿＿＿
＿＿＿＿＿＿＿＿＿＿
＿＿＿＿＿＿＿＿＿＿
＿＿＿＿＿＿＿＿＿＿
＿＿＿＿＿＿＿＿＿＿
＿＿＿＿＿＿＿＿＿＿
＿＿＿＿＿＿＿＿＿＿
＿＿＿＿□□＿＿＿＿
□＿＿□□□◆＿■■
□□□□□□＿◆■□
＿□＿□□□□□□□
＿□□□＿□□□□□
＿□□□□□□□□＿
＿□□□□□□□□＿
□□□□□□□□□＿
＿□□□□□□□□□
00:11:24(20535f):field(20534f)
＿＿＿＿＿＿＿＿＿＿
＿＿＿＿＿＿＿＿＿＿
＿＿＿＿＿＿＿＿＿＿
＿＿＿＿＿＿＿＿＿＿
＿＿＿＿＿＿＿＿＿＿
＿＿＿＿＿＿＿＿＿＿
＿＿＿＿＿＿＿＿＿＿
＿＿＿＿＿＿＿＿＿＿
＿＿＿＿＿＿＿＿＿＿
＿＿＿■＿＿＿＿＿＿
＿＿＿■■＿＿＿＿＿
＿＿＿■□□＿＿＿＿
□＿＿□□□＿＿□□
□□□□□□＿＿□□
＿□＿□□□□□□□
＿□□□＿□□□□□
＿□□□□□□□□＿
＿□□□□□□□□＿
□□□□□□□□□＿
＿□□□□□□□□□
00:11:24(20549f):field(20548f)
＿＿＿＿＿＿＿＿＿＿
＿＿＿＿＿＿＿＿＿＿
＿＿＿＿＿＿＿＿＿＿
＿＿＿＿＿＿＿＿＿＿
＿＿＿＿＿＿＿＿＿＿
＿＿＿＿＿＿＿＿＿＿
＿＿＿＿＿＿＿＿＿＿
＿＿＿＿＿＿＿＿＿＿
＿＿＿＿＿＿＿＿＿＿
＿＿＿◆＿＿＿＿＿＿
＿＿＿□◆＿＿＿＿＿
＿＿＿□□◆＿＿＿＿
□＿＿□□□＿■□◆
□◆◆□□□＿■□□
＿□＿□□□□□□□
＿□□□＿□□□□□
＿□□□□□□□□＿
＿□□□□□□□□＿
□□□□□□□□□＿
＿□□□□□□□□□
00:11:25(20563f):field(20562f)
＿＿＿＿＿＿＿＿＿＿
＿＿＿＿＿＿＿＿＿＿
＿＿＿＿＿＿＿＿＿＿
＿＿＿＿＿＿＿＿＿＿
＿＿＿＿＿＿＿＿＿＿
＿＿＿＿＿＿＿＿＿＿
＿＿＿＿＿＿＿＿＿＿
＿＿＿＿＿＿＿＿＿＿
＿＿＿＿＿＿＿＿＿＿
＿＿＿＿＿＿＿＿＿＿
＿＿＿□＿＿＿＿＿＿
＿＿＿□□＿＿■■＿
◆＿＿□□□＿□□■
□＿＿□□□＿□□□
＿□＿□□□□□□□
＿□□□＿□□□□□
＿□□□□□□□□＿
＿□□□□□□□□＿
□□□□□□□□□＿
＿□□□□□□□□□
00:11:25(20579f):field(20578f)
＿＿＿＿＿＿＿＿＿＿
＿＿＿＿＿＿＿＿＿＿
＿＿＿＿＿＿＿＿＿＿
＿＿＿＿＿＿＿＿＿＿
＿＿＿＿＿＿＿＿＿＿
＿＿＿＿＿＿＿＿＿＿
＿＿＿＿＿＿＿＿＿＿
＿＿＿＿＿＿＿＿＿＿
＿＿＿＿＿＿＿＿＿＿
＿＿＿＿＿＿＿＿＿＿
＿＿＿□＿＿＿＿＿＿
＿＿＿□□■■□□＿
＿＿＿□□□■□□□
□＿＿□□□■□□□
＿□＿□□□□□□□
＿□□□＿□□□□□
＿□□□□□□□□＿
＿□□□□□□□□＿
□□□□□□□□□＿
＿□□□□□□□□□
00:11:26(20592f):field(20591f)
＿＿＿＿＿＿＿＿＿＿
＿＿＿＿＿＿＿＿＿＿
＿＿＿＿＿＿＿＿＿＿
＿＿＿＿＿＿＿＿＿＿
＿＿＿＿＿＿＿＿＿＿
＿＿＿＿＿＿＿＿＿＿
＿＿＿＿＿＿＿＿＿＿
＿＿＿＿＿＿＿＿＿＿
＿＿＿＿＿＿＿＿＿＿
＿＿＿＿＿＿＿＿＿＿
＿＿＿◆＿＿＿＿＿＿
＿＿＿□◆◆◆◆◆＿
■＿＿□□□□□□◆
◆■＿□□□□□□□
＿□■□□□□□□□
＿□□□＿□□□□□
＿□□□□□□□□＿
＿□□□□□□□□＿
□□□□□□□□□＿
＿□□□□□□□□□
00:11:26(20607f):field(20606f)
＿＿＿＿＿＿＿＿＿＿
＿＿＿＿＿＿＿＿＿＿
＿＿＿＿＿＿＿＿＿＿
＿＿＿＿＿＿＿＿＿＿
＿＿＿＿＿＿＿＿＿＿
＿＿＿＿＿＿＿＿＿＿
＿＿＿＿＿＿＿＿＿＿
＿＿＿＿＿＿＿＿＿＿
＿＿＿＿＿＿＿＿＿＿
＿＿＿＿＿＿＿＿＿＿
＿＿＿＿＿＿＿＿＿＿
＿＿＿◆＿＿＿＿＿＿
◆＿＿□◆◆◆◆◆＿
＿◆＿□□□□□□◆
＿□◆□□□□□□□
■□□□＿□□□□□
■□□□□□□□□＿
■□□□□□□□□＿
□□□□□□□□□＿
＿□□□□□□□□□
00:11:27(20615f):field(20614f)
＿＿＿＿＿＿＿＿＿＿
＿＿＿＿＿＿＿＿＿＿
＿＿＿＿＿＿＿＿＿＿
＿＿＿＿＿＿＿＿＿＿
＿＿＿＿＿＿＿＿＿＿
＿＿＿＿＿＿＿＿＿＿
＿＿＿＿＿＿＿＿＿＿
＿＿＿＿＿＿＿＿＿＿
＿＿＿＿＿＿＿＿＿＿
＿＿＿＿＿＿＿＿＿＿
＿＿＿＿＿＿＿＿＿＿
＿＿＿＿■■＿＿＿＿
＿＿＿□■■＿＿＿＿
＿＿＿□□□□□□＿
＿□＿□□□□□□□
□□□□＿□□□□□
□□□□□□□□□＿
□□□□□□□□□＿
□□□□□□□□□＿
＿□□□□□□□□□
00:11:27(20636f):field(20635f)
＿＿＿＿＿＿＿＿＿＿
＿＿＿＿＿＿＿＿＿＿
＿＿＿＿＿＿＿＿＿＿
＿＿＿＿＿＿＿＿＿＿
＿＿＿＿＿＿＿＿＿＿
＿＿＿＿＿＿＿＿＿＿
＿＿＿＿＿＿＿＿＿＿
＿＿＿＿＿＿＿＿＿＿
＿＿＿＿＿＿＿＿＿＿
＿＿＿＿＿＿＿＿＿＿
＿＿＿＿＿＿＿＿＿＿
＿＿＿＿□□＿＿＿＿
＿＿＿□□□＿■■■
＿＿＿□□□□□□■
＿□＿□□□□□□□
□□□□＿□□□□□
□□□□□□□□□＿
□□□□□□□□□＿
□□□□□□□□□＿
＿□□□□□□□□□
00:11:28(20650f):field(20649f)
＿＿＿＿＿＿＿＿＿＿
＿＿＿＿＿＿＿＿＿＿
＿＿＿＿＿＿＿＿＿＿
＿＿＿＿＿＿＿＿＿＿
＿＿＿＿＿＿＿＿＿＿
＿＿＿＿＿＿＿＿＿＿
＿＿＿＿＿＿＿＿＿＿
＿＿＿＿＿＿＿＿＿＿
＿＿＿＿＿＿＿＿＿＿
＿＿＿＿＿＿＿＿＿＿
＿＿＿＿＿＿＿＿＿＿
＿＿＿＿◆◆＿＿＿＿
＿＿■◆□□＿◆◆◆
■■＿□□□◆□□□
■□■□□□□□□□
□□□□■□□□□□
□□□□□□□□□＿
□□□□□□□□□＿
□□□□□□□□□＿
＿□□□□□□□□□
00:11:28(20664f):field(20663f)
＿＿＿＿＿＿＿＿＿＿
＿＿＿＿＿＿＿＿＿＿
＿＿＿＿＿＿＿＿＿＿
＿＿＿＿＿＿＿＿＿＿
＿＿＿＿＿＿＿＿＿＿
＿＿＿＿＿＿＿＿＿＿
＿＿＿＿＿＿＿＿＿＿
＿＿＿＿＿＿＿＿＿＿
＿＿＿＿＿＿＿＿＿＿
＿＿＿＿＿＿＿＿＿＿
＿＿＿＿＿＿＿＿＿＿
＿＿＿＿＿＿＿■＿＿
＿＿◆＿□□■■＿＿
◆◆＿□□□■□□□
□□◆□□□□□□□
□□□□◆□□□□□
□□□□□□□□□＿
□□□□□□□□□＿
□□□□□□□□□＿
＿□□□□□□□□□
00:11:29(20677f):field(20676f)
＿＿＿＿＿＿＿＿＿＿
＿＿＿＿＿＿＿＿＿＿
＿＿＿＿＿＿＿＿＿＿
＿＿＿＿＿＿＿＿＿＿
＿＿＿＿＿＿＿＿＿＿
＿＿＿＿＿＿＿＿＿＿
＿＿＿＿＿＿＿＿＿＿
＿＿＿＿＿＿＿＿＿＿
＿＿＿＿＿＿＿＿＿＿
＿＿＿＿＿＿＿＿＿＿
＿＿＿＿＿＿■■＿＿
＿＿＿＿＿■■□＿＿
＿＿＿＿□□□□＿＿
＿＿＿□□□□□□□
□□＿□□□□□□□
□□□□＿□□□□□
□□□□□□□□□＿
□□□□□□□□□＿
□□□□□□□□□＿
＿□□□□□□□□□
00:11:29(20693f):field(20692f)
＿＿＿＿＿＿＿＿＿＿
＿＿＿＿＿＿＿＿＿＿
＿＿＿＿＿＿＿＿＿＿
＿＿＿＿＿＿＿＿＿＿
＿＿＿＿＿＿＿＿＿＿
＿＿＿＿＿＿＿＿＿＿
＿＿＿＿＿＿＿＿＿＿
＿＿＿＿＿＿＿＿＿＿
＿＿＿＿＿＿＿＿＿＿
＿＿＿＿＿＿＿＿＿＿
＿＿＿＿＿＿□□＿＿
＿＿＿＿＿□□□＿＿
■■＿＿□□□□＿＿
■■＿□□□□□□□
□□＿□□□□□□□
□□□□＿□□□□□
□□□□□□□□□＿
□□□□□□□□□＿
□□□□□□□□□＿
＿□□□□□□□□□
00:11:30(20704f):field(20703f)
＿＿＿＿＿＿＿＿＿＿
＿＿＿＿＿＿＿＿＿＿
＿＿＿＿＿＿＿＿＿＿
＿＿＿＿＿＿＿＿＿＿
＿＿＿＿＿＿＿＿＿＿
＿＿＿＿＿＿＿＿＿＿
＿＿＿＿＿＿＿＿＿＿
＿＿＿＿＿＿＿＿＿＿
＿＿＿＿＿＿＿＿＿＿
＿＿＿＿＿＿＿＿＿＿
＿＿＿＿＿＿◆◆＿＿
＿＿＿＿＿◆◆◆＿＿
◆◆＿＿◆◆□□＿＿
◆□＿□◆□□□◆◆
□□■□□□□□◆◆
□□□□＿□□□□□
□□□□□□□□□＿
□□□□□□□□□＿
□□□□□□□□□＿
＿□□□□□□□□□
00:11:30(20717f):field(20716f)
＿＿＿＿＿＿＿＿＿＿
＿＿＿＿＿＿＿＿＿＿
＿＿＿＿＿＿＿＿＿＿
＿＿＿＿＿＿＿＿＿＿
＿＿＿＿＿＿＿＿＿＿
＿＿＿＿＿＿＿＿＿＿
＿＿＿＿＿＿＿＿＿＿
＿＿＿＿＿＿＿＿＿＿
＿＿＿＿＿＿＿＿＿＿
＿＿＿＿＿＿＿＿＿＿
＿＿＿＿＿＿＿＿＿＿
＿＿＿＿＿＿＿＿＿＿
＿＿＿■＿＿□□＿＿
＿◆■□■□□□＿＿
□□□□□□□□＿＿
□□□□＿□□□□□
□□□□□□□□□＿
□□□□□□□□□＿
□□□□□□□□□＿
＿□□□□□□□□□
00:11:30(20727f):field(20726f)
＿＿＿＿＿＿＿＿＿＿
＿＿＿＿＿＿＿＿＿＿
＿＿＿＿＿＿＿＿＿＿
＿＿＿＿＿＿＿＿＿＿
＿＿＿＿＿＿＿＿＿＿
＿＿＿＿＿＿＿＿＿＿
＿＿＿＿＿＿＿＿＿＿
＿＿＿＿＿＿＿＿＿＿
＿＿＿＿＿＿＿＿＿＿
＿＿＿＿＿＿＿＿＿＿
＿＿＿＿＿＿＿＿＿＿
＿＿＿■■＿＿＿＿＿
＿＿＿□■■□□＿＿
＿＿□□□□□□＿＿
□□□□□□□□＿＿
□□□□＿□□□□□
□□□□□□□□□＿
□□□□□□□□□＿
□□□□□□□□□＿
＿□□□□□□□□□
00:11:31(20742f):field(20741f)
＿＿＿＿＿＿＿＿＿＿
＿＿＿＿＿＿＿＿＿＿
＿＿＿＿＿＿＿＿＿＿
＿＿＿＿＿＿＿＿＿＿
＿＿＿＿＿＿＿＿＿＿
＿＿＿＿＿＿＿＿＿＿
＿＿＿＿＿＿＿＿＿＿
＿＿＿＿＿＿＿＿＿＿
＿＿＿＿＿＿＿＿＿＿
＿＿＿＿＿＿＿＿＿＿
＿＿＿＿＿＿＿＿＿＿
■＿＿□□＿＿＿＿＿
■＿＿□□□□□＿＿
■■□□□□□□＿＿
□□□□□□□□＿＿
□□□□＿□□□□□
□□□□□□□□□＿
□□□□□□□□□＿
□□□□□□□□□＿
＿□□□□□□□□□
00:11:31(20754f):field(20753f)
＿＿＿＿＿＿＿＿＿＿
＿＿＿＿＿＿＿＿＿＿
＿＿＿＿＿＿＿＿＿＿
＿＿＿＿＿＿＿＿＿＿
＿＿＿＿＿＿＿＿＿＿
＿＿＿＿＿＿＿＿＿＿
＿＿＿＿＿＿＿＿＿＿
＿＿＿＿＿＿＿＿＿＿
＿＿＿＿＿＿＿＿＿＿
＿＿＿＿＿＿＿＿＿＿
＿＿＿＿■■＿＿＿＿
□＿＿□□■■＿＿＿
□＿＿□□□□□＿＿
□□□□□□□□＿＿
□□□□□□□□＿＿
□□□□＿□□□□□
□□□□□□□□□＿
□□□□□□□□□＿
□□□□□□□□□＿
＿□□□□□□□□□
00:11:32(20768f):field(20767f)
＿＿＿＿＿＿＿＿＿＿
＿＿＿＿＿＿＿＿＿＿
＿＿＿＿＿＿＿＿＿＿
＿＿＿＿＿＿＿＿＿＿
＿＿＿＿＿＿＿＿＿＿
＿＿＿＿＿＿＿＿＿＿
＿＿＿＿＿＿＿＿＿＿
＿＿＿＿＿＿＿＿＿＿
＿＿＿＿＿＿＿＿＿＿
＿＿＿＿＿＿＿＿＿＿
＿＿＿＿□□＿＿＿＿
□＿＿□□□□＿＿■
□＿＿□□□□□＿■
□□□□□□□□＿■
□□□□□□□□＿■
□□□□＿□□□□□
□□□□□□□□□＿
□□□□□□□□□＿
□□□□□□□□□＿
＿□□□□□□□□□
00:11:32(20781f):field(20780f)
＿＿＿＿＿＿＿＿＿＿
＿＿＿＿＿＿＿＿＿＿
＿＿＿＿＿＿＿＿＿＿
＿＿＿＿＿＿＿＿＿＿
＿＿＿＿＿＿＿＿＿＿
＿＿＿＿＿＿＿＿＿＿
＿＿＿＿＿＿＿＿＿＿
＿＿＿＿＿＿＿＿＿＿
＿＿＿＿＿＿＿＿＿＿
＿＿＿＿＿＿＿＿＿＿
＿＿＿＿□□＿＿＿＿
□■■□□□□＿＿□
□■■□□□□□＿□
□□□□□□□□＿□
□□□□□□□□＿□
□□□□＿□□□□□
□□□□□□□□□＿
□□□□□□□□□＿
□□□□□□□□□＿
＿□□□□□□□□□
00:11:33(20794f):field(20793f)
＿＿＿＿＿＿＿＿＿＿
＿＿＿＿＿＿＿＿＿＿
＿＿＿＿＿＿＿＿＿＿
＿＿＿＿＿＿＿＿＿＿
＿＿＿＿＿＿＿＿＿＿
＿＿＿＿＿＿＿＿＿＿
＿＿＿＿＿＿＿＿＿＿
＿＿＿＿＿＿＿＿＿＿
＿＿＿＿＿＿＿＿＿＿
■＿＿＿＿＿＿＿＿＿
■■■＿□□＿＿＿＿
□□□□□□□＿＿□
□□□□□□□□＿□
□□□□□□□□＿□
□□□□□□□□＿□
□□□□＿□□□□□
□□□□□□□□□＿
□□□□□□□□□＿
□□□□□□□□□＿
＿□□□□□□□□□
00:11:33(20806f):field(20805f)
＿＿＿＿＿＿＿＿＿＿
＿＿＿＿＿＿＿＿＿＿
＿＿＿＿＿＿＿＿＿＿
＿＿＿＿＿＿＿＿＿＿
＿＿＿＿＿＿＿＿＿＿
＿＿＿＿＿＿＿＿＿＿
＿＿＿＿＿＿＿＿＿＿
＿＿＿＿＿＿＿＿＿＿
＿＿＿＿■＿＿＿＿＿
□＿＿■■＿＿＿＿＿
□□□■□□＿＿＿＿
□□□□□□□＿＿□
□□□□□□□□＿□
□□□□□□□□＿□
□□□□□□□□＿□
□□□□＿□□□□□
□□□□□□□□□＿
□□□□□□□□□＿
□□□□□□□□□＿
＿□□□□□□□□□
00:11:34(20827f):field(20826f)
＿＿＿＿＿＿＿＿＿＿
＿＿＿＿＿＿＿＿＿＿
＿＿＿＿＿＿＿＿＿＿
＿＿＿＿＿＿＿＿＿＿
＿＿＿＿＿＿＿＿＿＿
＿＿＿＿＿＿＿＿＿＿
＿＿＿＿＿＿＿＿＿＿
＿＿＿＿＿＿＿＿＿＿
＿＿＿＿□＿＿＿＿＿
□＿＿□□＿＿■＿＿
□□□□□□■■＿＿
□□□□□□□■＿□
□□□□□□□□＿□
□□□□□□□□＿□
□□□□□□□□＿□
□□□□＿□□□□□
□□□□□□□□□＿
□□□□□□□□□＿
□□□□□□□□□＿
＿□□□□□□□□□
00:11:34(20840f):field(20839f)
＿＿＿＿＿＿＿＿＿＿
＿＿＿＿＿＿＿＿＿＿
＿＿＿＿＿＿＿＿＿＿
＿＿＿＿＿＿＿＿＿＿
＿＿＿＿＿＿＿＿＿＿
＿＿＿＿＿＿＿＿＿＿
＿＿＿＿＿＿＿＿＿＿
＿＿＿＿＿＿＿＿＿＿
＿＿＿＿◆＿＿＿＿＿
◆＿＿◆◆＿＿◆＿＿
◆◆□◆□◆◆◆＿＿
◆◆◆◆◆◆□□＿□
◆◆◆□□□□◆■◆
□◆□□□□□□＿◆
□□□□□□□□■□
□□□□＿□□□□□
□□□□□□□□□＿
□□□□□□□□□＿
□□□□□□□□□＿
＿□□□□□□□□□
00:11:35(20855f):field(20854f)
＿＿＿＿＿＿＿＿＿＿
＿＿＿＿＿＿＿＿＿＿
＿＿＿＿＿＿＿＿＿＿
＿＿＿＿＿＿＿＿＿＿
＿＿＿＿＿＿＿＿＿＿
＿＿＿＿＿＿＿＿＿＿
＿＿＿＿＿＿＿＿＿＿
＿＿＿＿＿＿＿＿＿＿
＿＿＿＿＿＿＿＿＿＿
＿＿＿＿＿＿＿＿＿＿
＿＿◆＿◆＿＿＿＿＿
＿＿＿＿＿＿◆◆＿◆
＿＿■□□◆◆＿◆＿
□■□□□◆◆□＿＿
□□□□□□□□◆◆
□□□□＿□□□□□
□□□□□□□□□＿
□□□□□□□□□＿
□□□□□□□□□＿
＿□□□□□□□□□
00:11:35(20869f):field(20868f)
＿＿＿＿＿＿＿＿＿＿
＿＿＿＿＿＿＿＿＿＿
＿＿＿＿＿＿＿＿＿＿
＿＿＿＿＿＿＿＿＿＿
＿＿＿＿＿＿＿＿＿＿
＿＿＿＿＿＿＿＿＿＿
＿＿＿＿＿＿＿＿＿＿
＿＿＿＿＿＿＿＿＿＿
＿＿＿＿＿＿＿＿＿＿
＿＿＿＿＿＿＿＿＿＿
＿＿＿＿＿＿＿＿＿＿
＿＿＿＿＿■＿＿＿＿
＿＿□□□■＿＿＿＿
□□□□□■■□＿＿
□□□□□□□□＿＿
□□□□＿□□□□□
□□□□□□□□□＿
□□□□□□□□□＿
□□□□□□□□□＿
＿□□□□□□□□□
00:11:36(20882f):field(20881f)
＿＿＿＿＿＿＿＿＿＿
＿＿＿＿＿＿＿＿＿＿
＿＿＿＿＿＿＿＿＿＿
＿＿＿＿＿＿＿＿＿＿
＿＿＿＿＿＿＿＿＿＿
＿＿＿＿＿＿＿＿＿＿
＿＿＿＿＿＿＿＿＿＿
＿＿＿＿＿＿＿＿＿＿
＿＿＿＿＿＿＿＿＿＿
＿＿＿＿＿＿＿＿＿＿
＿＿＿＿＿＿＿＿＿＿
＿＿＿＿＿◆＿＿＿＿
■＿□◆◆◆＿＿＿＿
◆□□□◆□◆□＿＿
◆□□□□□□◆■＿
□□□□＿□□□□□
□□□□□□□□□＿
□□□□□□□□□＿
□□□□□□□□□＿
＿□□□□□□□□□
00:11:36(20899f):field(20898f)
＿＿＿＿＿＿＿＿＿＿
＿＿＿＿＿＿＿＿＿＿
＿＿＿＿＿＿＿＿＿＿
＿＿＿＿＿＿＿＿＿＿
＿＿＿＿＿＿＿＿＿＿
＿＿＿＿＿＿＿＿＿＿
＿＿＿＿＿＿＿＿＿＿
＿＿＿＿＿＿＿＿＿＿
＿＿＿＿＿＿＿＿＿＿
＿＿＿＿＿＿＿＿＿＿
＿＿＿＿＿＿＿＿＿＿
＿＿＿＿＿＿＿＿＿＿
◆＿◆＿＿＿＿＿＿■
＿◆◆◆＿□＿◆＿■
＿◆□□□□◆＿□■
□□□□＿□□□□□
□□□□□□□□□＿
□□□□□□□□□＿
□□□□□□□□□＿
＿□□□□□□□□□
00:11:37(20911f):field(20910f)
＿＿＿＿＿＿＿＿＿＿
＿＿＿＿＿＿＿＿＿＿
＿＿＿＿＿＿＿＿＿＿
＿＿＿＿＿＿＿＿＿＿
＿＿＿＿＿＿＿＿＿＿
＿＿＿＿＿＿＿＿＿＿
＿＿＿＿＿＿＿＿＿＿
＿＿＿＿＿＿＿＿＿＿
＿＿＿＿＿＿＿＿＿＿
＿＿＿＿＿＿＿＿＿＿
＿＿＿＿＿＿＿＿＿＿
＿＿＿＿＿＿■＿＿＿
＿＿＿＿＿＿■＿＿□
＿＿＿＿＿□■＿＿□
＿＿□□□□■＿□□
□□□□＿□□□□□
□□□□□□□□□＿
□□□□□□□□□＿
□□□□□□□□□＿
＿□□□□□□□□□
00:11:37(20926f):field(20925f)
＿＿＿＿＿＿＿＿＿＿
＿＿＿＿＿＿＿＿＿＿
＿＿＿＿＿＿＿＿＿＿
＿＿＿＿＿＿＿＿＿＿
＿＿＿＿＿＿＿＿＿＿
＿＿＿＿＿＿＿＿＿＿
＿＿＿＿＿＿＿＿＿＿
＿＿＿＿＿＿＿＿＿＿
＿＿＿＿＿＿＿＿＿＿
＿＿＿＿＿＿＿＿＿＿
＿＿＿＿＿＿＿＿＿＿
＿＿＿＿＿■□＿＿＿
＿＿＿＿■■□＿＿□
＿＿＿＿■□□＿＿□
＿＿□□□□□＿□□
□□□□＿□□□□□
□□□□□□□□□＿
□□□□□□□□□＿
□□□□□□□□□＿
＿□□□□□□□□□
00:11:38(20941f):field(20940f)
＿＿＿＿＿＿＿＿＿＿
＿＿＿＿＿＿＿＿＿＿
＿＿＿＿＿＿＿＿＿＿
＿＿＿＿＿＿＿＿＿＿
＿＿＿＿＿＿＿＿＿＿
＿＿＿＿＿＿＿＿＿＿
＿＿＿＿＿＿＿＿＿＿
＿＿＿＿＿＿＿＿＿＿
＿＿＿＿＿＿＿＿＿＿
＿＿＿＿■＿＿＿＿＿
＿＿＿＿■■＿＿＿＿
＿＿＿＿■□□＿＿＿
＿＿＿＿□□□＿＿□
＿＿＿＿□□□＿＿□
＿＿□□□□□＿□□
□□□□＿□□□□□
□□□□□□□□□＿
□□□□□□□□□＿
□□□□□□□□□＿
＿□□□□□□□□□
00:11:38(20953f):field(20952f)
＿＿＿＿＿＿＿＿＿＿
＿＿＿＿＿＿＿＿＿＿
＿＿＿＿＿＿＿＿＿＿
＿＿＿＿＿＿＿＿＿＿
＿＿＿＿＿＿＿＿＿＿
＿＿＿＿＿＿＿＿＿＿
＿＿＿＿＿＿＿＿＿＿
＿＿＿＿＿＿＿＿＿＿
＿＿＿＿＿＿＿＿＿＿
＿＿＿＿□＿＿＿＿＿
＿＿＿＿□□＿＿＿＿
＿＿＿＿□□□＿＿＿
＿＿＿＿□□□＿＿□
＿■■＿□□□＿＿□
■■□□□□□＿□□
□□□□＿□□□□□
□□□□□□□□□＿
□□□□□□□□□＿
□□□□□□□□□＿
＿□□□□□□□□□
00:11:38(20966f):field(20965f)
＿＿＿＿＿＿＿＿＿＿
＿＿＿＿＿＿＿＿＿＿
＿＿＿＿＿＿＿＿＿＿
＿＿＿＿＿＿＿＿＿＿
＿＿＿＿＿＿＿＿＿＿
＿＿＿＿＿＿＿＿＿＿
＿＿＿＿＿＿＿＿＿＿
＿＿＿＿■■＿＿＿＿
＿＿＿＿■■＿＿＿＿
＿＿＿＿□＿＿＿＿＿
＿＿＿＿□□＿＿＿＿
＿＿＿＿□□□＿＿＿
＿＿＿＿□□□＿＿□
＿□□＿□□□＿＿□
□□□□□□□＿□□
□□□□＿□□□□□
□□□□□□□□□＿
□□□□□□□□□＿
□□□□□□□□□＿
＿□□□□□□□□□
00:11:39(20980f):field(20979f)
＿＿＿＿＿＿＿＿＿＿
＿＿＿＿＿＿＿＿＿＿
＿＿＿＿＿＿＿＿＿＿
＿＿＿＿＿＿＿＿＿＿
＿＿＿＿＿＿＿＿＿＿
＿＿＿＿＿＿＿＿＿＿
＿＿＿＿＿＿＿＿＿＿
＿＿＿＿◆◆＿＿＿＿
＿＿＿＿□□＿＿＿＿
＿＿＿＿□■＿＿＿＿
＿＿＿＿□◆＿＿＿＿
＿＿＿＿□□◆＿＿＿
＿＿＿＿□□□＿＿◆
＿◆◆＿□□□■＿□
◆□□◆□□□■□□
□□□□■□□□□□
□□□□□□□□□＿
□□□□□□□□□＿
□□□□□□□□□＿
＿□□□□□□□□□
00:11:39(20991f):field(20990f)
＿＿＿＿＿＿＿＿＿＿
＿＿＿＿＿＿＿＿＿＿
＿＿＿＿＿＿＿＿＿＿
＿＿＿＿＿＿＿＿＿＿
＿＿＿＿＿＿＿＿＿＿
＿＿＿＿＿＿＿＿＿＿
＿＿＿＿＿＿＿＿＿＿
＿＿＿＿＿＿＿＿＿＿
＿＿＿＿□□＿＿＿＿
＿＿＿＿□□＿＿＿＿
＿＿＿＿□＿＿＿＿＿
＿＿＿■□□＿＿＿＿
＿＿＿■□□□＿＿＿
＿＿＿■□□□□＿□
＿□□■□□□□□□
□□□□◆□□□□□
□□□□□□□□□＿
□□□□□□□□□＿
□□□□□□□□□＿
＿□□□□□□□□□
00:11:40(21005f):field(21004f)
＿＿＿＿＿＿＿＿＿＿
＿＿＿＿＿＿＿＿＿＿
＿＿＿＿＿＿＿＿＿＿
＿＿＿＿＿＿＿＿＿＿
＿＿＿＿＿＿＿＿＿＿
＿＿＿＿＿＿＿＿＿＿
＿＿＿＿＿＿＿＿＿＿
＿＿＿＿＿＿＿＿＿＿
＿＿＿＿◆◆＿＿＿＿
＿＿＿＿□□＿＿＿＿
＿＿＿＿□■＿＿＿＿
＿＿＿◆□◆＿＿＿＿
＿＿＿□□□◆＿＿＿
＿■＿□□□□◆＿◆
■□□□□□□□□□
□□□□＿□□□□□
□□□□□□□□□＿
□□□□□□□□□＿
□□□□□□□□□＿
＿□□□□□□□□□
00:11:40(21017f):field(21016f)
＿＿＿＿＿＿＿＿＿＿
＿＿＿＿＿＿＿＿＿＿
＿＿＿＿＿＿＿＿＿＿
＿＿＿＿＿＿＿＿＿＿
＿＿＿＿＿＿＿＿＿＿
＿＿＿＿＿＿＿＿＿＿
＿＿＿＿＿＿＿＿＿＿
＿＿＿＿＿＿＿＿＿＿
＿＿＿＿＿＿＿＿＿＿
＿＿＿＿□□＿＿＿＿
＿＿＿＿□□＿＿＿＿
＿＿■■□＿＿＿＿＿
＿■■□□□＿＿＿＿
＿◆＿□□□□＿＿＿
□□□□□□□□◆□
□□□□＿□□□□□
□□□□□□□□□＿
□□□□□□□□□＿
□□□□□□□□□＿
＿□□□□□□□□□
00:11:41(21030f):field(21029f)
＿＿＿＿＿＿＿＿＿＿
＿＿＿＿＿＿＿＿＿＿
＿＿＿＿＿＿＿＿＿＿
＿＿＿＿＿＿＿＿＿＿
＿＿＿＿＿＿＿＿＿＿
＿＿＿＿＿＿＿＿＿＿
＿＿＿＿＿＿＿＿＿＿
＿＿＿＿＿＿＿＿＿＿
＿＿＿＿＿＿＿＿＿＿
＿＿＿＿□□＿＿＿＿
＿＿＿＿□□＿＿＿＿
＿＿□□□＿＿＿＿＿
■□□□□□＿＿＿＿
■■■□□□□＿＿＿
□□□□□□□□＿□
□□□□＿□□□□□
□□□□□□□□□＿
□□□□□□□□□＿
□□□□□□□□□＿
＿□□□□□□□□□
00:11:41(21042f):field(21041f)
＿＿＿＿＿＿＿＿＿＿
＿＿＿＿＿＿＿＿＿＿
＿＿＿＿＿＿＿＿＿＿
＿＿＿＿＿＿＿＿＿＿
＿＿＿＿＿＿＿＿＿＿
＿＿＿＿＿＿＿＿＿＿
＿＿＿＿＿＿＿＿＿＿
＿＿＿＿＿＿＿＿＿＿
＿＿＿＿＿＿＿＿＿＿
＿＿＿＿□□＿＿＿＿
■■＿＿□□＿＿＿＿
■■□□□＿＿＿＿＿
□□□□□□＿＿＿＿
□□□□□□□＿＿＿
□□□□□□□□＿□
□□□□＿□□□□□
□□□□□□□□□＿
□□□□□□□□□＿
□□□□□□□□□＿
＿□□□□□□□□□
00:11:41(21055f):field(21054f)
＿＿＿＿＿＿＿＿＿＿
＿＿＿＿＿＿＿＿＿＿
＿＿＿＿＿＿＿＿＿＿
＿＿＿＿＿＿＿＿＿＿
＿＿＿＿＿＿＿＿＿＿
＿＿＿＿＿＿＿＿＿＿
＿＿＿＿＿＿＿＿＿＿
＿＿＿＿＿＿＿＿＿＿
＿＿＿＿＿＿＿＿＿＿
＿＿＿＿□□＿＿＿＿
□□＿＿□□＿＿＿＿
□□□□□＿＿＿＿■
□□□□□□＿＿＿■
□□□□□□□＿■■
□□□□□□□□＿□
□□□□＿□□□□□
□□□□□□□□□＿
□□□□□□□□□＿
□□□□□□□□□＿
＿□□□□□□□□□
00:11:42(21069f):field(21068f)
＿＿＿＿＿＿＿＿＿＿
＿＿＿＿＿＿＿＿＿＿
＿＿＿＿＿＿＿＿＿＿
＿＿＿＿＿＿＿＿＿＿
＿＿＿＿＿＿＿＿＿＿
＿＿＿＿＿＿＿＿＿＿
＿＿＿＿＿＿＿＿＿＿
＿＿＿＿＿＿＿＿＿＿
＿＿＿＿＿＿＿＿＿＿
＿＿＿＿◆◆＿＿＿＿
◆◆＿＿□□＿＿＿＿
□□◆◆□■＿＿＿◆
□□□□□◆＿＿■□
□□□□□□◆■□□
□□□□□□□□＿□
□□□□＿□□□□□
□□□□□□□□□＿
□□□□□□□□□＿
□□□□□□□□□＿
＿□□□□□□□□□
00:11:42(21084f):field(21083f)
＿＿＿＿＿＿＿＿＿＿
＿＿＿＿＿＿＿＿＿＿
＿＿＿＿＿＿＿＿＿＿
＿＿＿＿＿＿＿＿＿＿
＿＿＿＿＿＿＿＿＿＿
＿＿＿＿＿＿＿＿＿＿
＿＿＿＿＿＿＿＿＿＿
＿＿＿＿＿＿＿＿＿＿
＿＿＿＿＿＿＿＿＿＿
＿＿＿＿＿＿＿＿＿＿
＿＿＿＿◆◆＿＿＿＿
◆◆＿＿□□＿■＿＿
□□◆◆□■＿■□◆
□□□□□□■□□□
□□□□□□□□＿□
□□□□＿□□□□□
□□□□□□□□□＿
□□□□□□□□□＿
□□□□□□□□□＿
＿□□□□□□□□□
00:11:43(21097f):field(21096f)
＿＿＿＿＿＿＿＿＿＿
＿＿＿＿＿＿＿＿＿＿
＿＿＿＿＿＿＿＿＿＿
＿＿＿＿＿＿＿＿＿＿
＿＿＿＿＿＿＿＿＿＿
＿＿＿＿＿＿＿＿＿＿
＿＿＿＿＿＿＿＿＿＿
＿＿＿＿＿＿＿＿＿＿
＿＿＿＿＿＿＿＿＿＿
＿＿＿＿＿＿＿＿＿＿
＿＿＿＿＿＿＿＿＿＿
＿＿＿＿◆◆■◆＿＿
◆◆＿＿□□■◆◆＿
□□◆◆□□□□◆◆
□□□□□□□□＿□
□□□□＿□□□□□
□□□□□□□□□＿
□□□□□□□□□＿
□□□□□□□□□＿
＿□□□□□□□□□
00:11:43(21106f):field(21105f)
＿＿＿＿＿＿＿＿＿＿
＿＿＿＿＿＿＿＿＿＿
＿＿＿＿＿＿＿＿＿＿
＿＿＿＿＿＿＿＿＿＿
＿＿＿＿＿＿＿＿＿＿
＿＿＿＿＿＿＿＿＿＿
＿＿＿＿＿＿＿＿＿＿
＿＿＿＿＿＿＿＿＿＿
＿＿＿＿＿＿＿＿＿＿
＿＿＿＿＿＿＿＿＿＿
＿＿＿＿＿■■＿＿＿
＿＿＿＿■■□＿＿＿
＿＿＿＿□□□＿＿＿
□□＿■□□□□＿＿
□□□□□□□□＿□
□□□□＿□□□□□
□□□□□□□□□＿
□□□□□□□□□＿
□□□□□□□□□＿
＿□□□□□□□□□
00:11:43(21118f):field(21117f)
＿＿＿＿＿＿＿＿＿＿
＿＿＿＿＿＿＿＿＿＿
＿＿＿＿＿＿＿＿＿＿
＿＿＿＿＿＿＿＿＿＿
＿＿＿＿＿＿＿＿＿＿
＿＿＿＿＿＿＿＿＿＿
＿＿＿＿＿＿＿＿＿＿
＿＿＿＿＿＿＿＿＿＿
＿＿＿＿＿＿＿＿＿＿
＿＿＿＿＿＿＿＿＿＿
＿＿＿＿＿□□＿＿＿
＿＿＿＿□□□＿＿＿
＿＿■■□□□＿＿＿
□□■□□□□□＿＿
□□□□□□□□＿□
□□□□＿□□□□□
□□□□□□□□□＿
□□□□□□□□□＿
□□□□□□□□□＿
＿□□□□□□□□□
00:11:44(21129f):field(21128f)
＿＿＿＿＿＿＿＿＿＿
＿＿＿＿＿＿＿＿＿＿
＿＿＿＿＿＿＿＿＿＿
＿＿＿＿＿＿＿＿＿＿
＿＿＿＿＿＿＿＿＿＿
＿＿＿＿＿＿＿＿＿＿
＿＿＿＿＿＿＿＿＿＿
＿＿＿＿＿＿＿＿＿＿
＿＿＿＿＿＿＿＿＿＿
＿＿＿■＿＿＿＿＿＿
＿＿＿■■□□＿＿＿
＿＿＿■□□□＿＿＿
＿＿□□□□□＿＿＿
□□□□□□□□＿＿
□□□□□□□□＿□
□□□□＿□□□□□
□□□□□□□□□＿
□□□□□□□□□＿
□□□□□□□□□＿
＿□□□□□□□□□
00:11:44(21140f):field(21139f)
＿＿＿＿＿＿＿＿＿＿
＿＿＿＿＿＿＿＿＿＿
＿＿＿＿＿＿＿＿＿＿
＿＿＿＿＿＿＿＿＿＿
＿＿＿＿＿＿＿＿＿＿
＿＿＿＿＿＿＿＿＿＿
＿＿＿＿＿＿＿＿＿＿
＿＿＿＿＿＿＿＿＿＿
＿＿＿＿＿＿＿＿＿＿
＿＿＿□＿＿＿＿＿＿
■＿＿□□□□＿＿＿
■＿＿□□□□＿＿＿
■■□□□□□＿＿＿
□□□□□□□□＿＿
□□□□□□□□＿□
□□□□＿□□□□□
□□□□□□□□□＿
□□□□□□□□□＿
□□□□□□□□□＿
＿□□□□□□□□□
00:11:45(21151f):field(21150f)
＿＿＿＿＿＿＿＿＿＿
＿＿＿＿＿＿＿＿＿＿
＿＿＿＿＿＿＿＿＿＿
＿＿＿＿＿＿＿＿＿＿
＿＿＿＿＿＿＿＿＿＿
＿＿＿＿＿＿＿＿＿＿
＿＿＿＿＿＿＿＿＿＿
＿＿＿＿＿＿＿＿＿＿
＿＿＿■■＿＿＿＿＿
＿＿＿□■■＿＿＿＿
□＿＿□□□□＿＿＿
□＿＿□□□□＿＿＿
□□□□□□□＿＿＿
□□□□□□□□＿＿
□□□□□□□□＿□
□□□□＿□□□□□
□□□□□□□□□＿
□□□□□□□□□＿
□□□□□□□□□＿
＿□□□□□□□□□
00:11:45(21165f):field(21164f)
＿＿＿＿＿＿＿＿＿＿
＿＿＿＿＿＿＿＿＿＿
＿＿＿＿＿＿＿＿＿＿
＿＿＿＿＿＿＿＿＿＿
＿＿＿＿＿＿＿＿＿＿
＿＿＿＿＿＿＿＿＿＿
＿＿＿＿＿＿＿＿＿＿
＿＿＿＿＿＿＿＿＿＿
＿＿＿□□＿＿＿＿＿
＿＿＿□□□＿＿＿＿
□＿＿□□□□＿＿■
□＿＿□□□□＿＿■
□□□□□□□＿＿■
□□□□□□□□＿■
□□□□□□□□＿□
□□□□＿□□□□□
□□□□□□□□□＿
□□□□□□□□□＿
□□□□□□□□□＿
＿□□□□□□□□□
00:11:45(21176f):field(21175f)
＿＿＿＿＿＿＿＿＿＿
＿＿＿＿＿＿＿＿＿＿
＿＿＿＿＿＿＿＿＿＿
＿＿＿＿＿＿＿＿＿＿
＿＿＿＿＿＿＿＿＿＿
＿＿＿＿＿＿＿＿＿＿
＿＿＿＿＿＿＿＿＿＿
＿＿＿＿＿＿＿＿＿＿
＿＿＿□□＿＿＿＿＿
＿＿＿□□□＿＿＿＿
□■■□□□□＿＿□
□■■□□□□＿＿□
□□□□□□□＿＿□
□□□□□□□□＿□
□□□□□□□□＿□
□□□□＿□□□□□
□□□□□□□□□＿
□□□□□□□□□＿
□□□□□□□□□＿
＿□□□□□□□□□
00:11:46(21187f):field(21186f)
＿＿＿＿＿＿＿＿＿＿
＿＿＿＿＿＿＿＿＿＿
＿＿＿＿＿＿＿＿＿＿
＿＿＿＿＿＿＿＿＿＿
＿＿＿＿＿＿＿＿＿＿
＿＿＿＿＿＿＿＿＿＿
＿＿＿＿＿＿＿＿＿＿
＿＿＿＿＿＿＿＿＿＿
■＿＿□□＿＿＿＿＿
■■■□□□＿＿＿＿
□□□□□□□＿＿□
□□□□□□□＿＿□
□□□□□□□＿＿□
□□□□□□□□＿□
□□□□□□□□＿□
□□□□＿□□□□□
□□□□□□□□□＿
□□□□□□□□□＿
□□□□□□□□□＿
＿□□□□□□□□□
00:11:46(21208f):field(21207f)
＿＿＿＿＿＿＿＿＿＿
＿＿＿＿＿＿＿＿＿＿
＿＿＿＿＿＿＿＿＿＿
＿＿＿＿＿＿＿＿＿＿
＿＿＿＿＿＿＿＿＿＿
＿＿＿＿＿＿＿＿＿＿
＿＿＿＿＿＿＿＿＿＿
＿＿＿＿＿＿＿＿＿＿
◆＿＿◆◆＿＿＿＿＿
□◆◆□□◆＿＿＿＿
□□□□□□◆＿＿◆
□□□□□□□■＿□
□□□□□□□■＿□
□□□□□□□□＿□
□□□□□□□□＿□
□□□□＿□□□□□
□□□□□□□□□＿
□□□□□□□□□＿
□□□□□□□□□＿
＿□□□□□□□□□
00:11:47(21217f):field(21216f)
＿＿＿＿＿＿＿＿＿＿
＿＿＿＿＿＿＿＿＿＿
＿＿＿＿＿＿＿＿＿＿
＿＿＿＿＿＿＿＿＿＿
＿＿＿＿＿＿＿＿＿＿
＿＿＿＿＿＿＿＿＿＿
＿＿＿＿＿＿＿＿＿＿
＿＿＿＿＿＿＿＿＿＿
＿＿■■■■＿＿＿＿
□＿■□□＿＿＿＿＿
□□□□□□＿＿＿＿
□□□□□□□□＿□
□□□□□□□□＿□
□□□□□□□□＿□
□□□□□□□□＿□
□□□□＿□□□□□
□□□□□□□□□＿
□□□□□□□□□＿
□□□□□□□□□＿
＿□□□□□□□□□
00:11:47(21235f):field(21234f)
＿＿＿＿＿＿＿＿＿＿
＿＿＿＿＿＿＿＿＿＿
＿＿＿＿＿＿＿＿＿＿
＿＿＿＿＿＿＿＿＿＿
＿＿＿＿＿＿＿＿＿＿
＿＿＿＿＿＿＿＿＿＿
＿＿＿＿＿＿＿＿＿＿
＿＿＿＿＿＿＿＿＿＿
＿＿◆◆◆◆＿＿＿＿
◆＿◆◆◆＿＿＿＿＿
◆◆◆□◆◆＿＿＿＿
◆□□◆□□◆◆＿□
◆□□□□◆□□■□
□◆□□□□□◆■◆
□□□□□□□□■□
□□□□＿□□□□□
□□□□□□□□□＿
□□□□□□□□□＿
□□□□□□□□□＿
＿□□□□□□□□□
00:11:48(21246f):field(21245f)
＿＿＿＿＿＿＿＿＿＿
＿＿＿＿＿＿＿＿＿＿
＿＿＿＿＿＿＿＿＿＿
＿＿＿＿＿＿＿＿＿＿
＿＿＿＿＿＿＿＿＿＿
＿＿＿＿＿＿＿＿＿＿
＿＿＿＿＿＿＿＿＿＿
＿＿＿＿＿＿＿＿＿＿
＿＿＿＿＿＿＿＿＿＿
＿＿＿＿＿＿＿＿＿＿
＿＿＿◆＿＿＿＿＿＿
＿◆◆＿◆◆＿＿＿◆
＿◆□□□＿◆◆◆◆
□＿□□□□□＿◆＿
□□□□□□□□◆◆
□□□□＿□□□□□
□□□□□□□□□＿
□□□□□□□□□＿
□□□□□□□□□＿
＿□□□□□□□□□
00:11:48(21257f):field(21256f)
＿＿＿＿＿＿＿＿＿＿
＿＿＿＿＿＿＿＿＿＿
＿＿＿＿＿＿＿＿＿＿
＿＿＿＿＿＿＿＿＿＿
＿＿＿＿＿＿＿＿＿＿
＿＿＿＿＿＿＿＿＿＿
＿＿＿＿＿＿＿＿＿＿
＿＿＿＿＿＿＿＿＿＿
＿＿＿＿＿＿＿＿＿＿
＿＿＿＿＿＿＿＿＿＿
＿＿＿＿＿＿＿＿＿＿
■＿＿＿＿＿＿＿＿＿
■■□□□＿＿＿＿＿
□■□□□□□＿＿＿
□□□□□□□□＿＿
□□□□＿□□□□□
□□□□□□□□□＿
□□□□□□□□□＿
□□□□□□□□□＿
＿□□□□□□□□□
00:11:49(21270f):field(21269f)
＿＿＿＿＿＿＿＿＿＿
＿＿＿＿＿＿＿＿＿＿
＿＿＿＿＿＿＿＿＿＿
＿＿＿＿＿＿＿＿＿＿
＿＿＿＿＿＿＿＿＿＿
＿＿＿＿＿＿＿＿＿＿
＿＿＿＿＿＿＿＿＿＿
＿＿＿＿＿＿＿＿＿＿
＿＿＿＿＿＿＿＿＿＿
＿＿＿＿＿＿＿＿＿＿
＿＿＿＿＿＿＿＿＿＿
◆＿＿＿＿＿＿＿＿＿
□◆◆◆◆＿＿＿＿＿
□□□□□◆◆＿＿＿
□□□□□□□□■■
□□□□＿□□□□□
□□□□□□□□□＿
□□□□□□□□□＿
□□□□□□□□□＿
＿□□□□□□□□□
00:11:49(21283f):field(21282f)
＿＿＿＿＿＿＿＿＿＿
＿＿＿＿＿＿＿＿＿＿
＿＿＿＿＿＿＿＿＿＿
＿＿＿＿＿＿＿＿＿＿
＿＿＿＿＿＿＿＿＿＿
＿＿＿＿＿＿＿＿＿＿
＿＿＿＿＿＿＿＿＿＿
＿＿＿＿＿＿＿＿＿＿
＿＿＿＿＿＿＿＿＿＿
＿＿＿＿＿＿＿＿＿＿
＿＿＿＿＿＿＿＿＿＿
＿＿＿＿＿＿＿＿＿＿
◆＿＿＿＿＿＿＿＿＿
□◆◆◆◆＿＿■■＿
□□□□□□□□□◆
□□□□＿□□□□□
□□□□□□□□□＿
□□□□□□□□□＿
□□□□□□□□□＿
＿□□□□□□□□□
00:11:49(21298f):field(21297f)
＿＿＿＿＿＿＿＿＿＿
＿＿＿＿＿＿＿＿＿＿
＿＿＿＿＿＿＿＿＿＿
＿＿＿＿＿＿＿＿＿＿
＿＿＿＿＿＿＿＿＿＿
＿＿＿＿＿＿＿＿＿＿
＿＿＿＿＿＿＿＿＿＿
＿＿＿＿＿＿＿＿＿＿
＿＿＿＿＿＿＿＿＿＿
＿＿＿＿＿＿＿＿＿＿
＿＿＿＿＿＿＿＿＿＿
＿＿＿＿＿＿＿＿＿＿
＿＿＿＿＿＿＿＿＿■
□＿＿＿＿＿＿◆□■
□□□□□□□□◆■
□□□□＿□□□□□
□□□□□□□□□＿
□□□□□□□□□＿
□□□□□□□□□＿
＿□□□□□□□□□
00:11:50(21307f):field(21306f)
＿＿＿＿＿＿＿＿＿＿
＿＿＿＿＿＿＿＿＿＿
＿＿＿＿＿＿＿＿＿＿
＿＿＿＿＿＿＿＿＿＿
＿＿＿＿＿＿＿＿＿＿
＿＿＿＿＿＿＿＿＿＿
＿＿＿＿＿＿＿＿＿＿
＿＿＿＿＿＿＿＿＿＿
＿＿＿＿＿＿＿＿＿＿
＿＿＿＿＿＿＿＿＿＿
＿＿＿＿＿＿＿＿＿＿
＿＿＿＿＿＿＿＿＿＿
＿＿＿＿＿＿■＿＿□
□＿＿＿■■■＿□□
□□□□□□□□＿□
□□□□＿□□□□□
□□□□□□□□□＿
□□□□□□□□□＿
□□□□□□□□□＿
＿□□□□□□□□□
00:11:50(21322f):field(21321f)
＿＿＿＿＿＿＿＿＿＿
＿＿＿＿＿＿＿＿＿＿
＿＿＿＿＿＿＿＿＿＿
＿＿＿＿＿＿＿＿＿＿
＿＿＿＿＿＿＿＿＿＿
＿＿＿＿＿＿＿＿＿＿
＿＿＿＿＿＿＿＿＿＿
＿＿＿＿＿＿＿＿＿＿
＿＿＿＿＿＿＿＿＿＿
＿＿＿＿＿＿＿＿＿＿
＿＿＿＿＿＿＿＿＿＿
＿＿＿■■■■＿＿＿
＿＿＿＿＿＿□＿＿□
□＿＿＿□□□＿□□
□□□□□□□□＿□
□□□□＿□□□□□
□□□□□□□□□＿
□□□□□□□□□＿
□□□□□□□□□＿
＿□□□□□□□□□
00:11:51(21340f):field(21339f)
＿＿＿＿＿＿＿＿＿＿
＿＿＿＿＿＿＿＿＿＿
＿＿＿＿＿＿＿＿＿＿
＿＿＿＿＿＿＿＿＿＿
＿＿＿＿＿＿＿＿＿＿
＿＿＿＿＿＿＿＿＿＿
＿＿＿＿＿＿＿＿＿＿
＿＿＿＿＿＿＿＿＿＿
＿＿＿＿＿＿＿＿＿＿
＿＿＿＿＿＿＿＿＿＿
＿＿＿＿＿＿＿＿＿＿
＿＿＿□□□□＿＿＿
＿＿＿■■＿□＿＿□
□＿■■□□□＿□□
□□□□□□□□＿□
□□□□＿□□□□□
□□□□□□□□□＿
□□□□□□□□□＿
□□□□□□□□□＿
＿□□□□□□□□□
00:11:51(21354f):field(21353f)
＿＿＿＿＿＿＿＿＿＿
＿＿＿＿＿＿＿＿＿＿
＿＿＿＿＿＿＿＿＿＿
＿＿＿＿＿＿＿＿＿＿
＿＿＿＿＿＿＿＿＿＿
＿＿＿＿＿＿＿＿＿＿
＿＿＿＿＿＿＿＿＿＿
＿＿＿＿＿＿＿＿＿＿
＿＿＿＿＿＿＿＿＿＿
＿＿＿＿＿＿＿＿＿＿
＿＿＿＿＿＿＿＿＿＿
＿＿＿□□□□＿■＿
＿＿＿□□＿□■■□
□＿□□□□□■□□
□□□□□□□□＿□
□□□□＿□□□□□
□□□□□□□□□＿
□□□□□□□□□＿
□□□□□□□□□＿
＿□□□□□□□□□
00:11:52(21365f):field(21364f)
＿＿＿＿＿＿＿＿＿＿
＿＿＿＿＿＿＿＿＿＿
＿＿＿＿＿＿＿＿＿＿
＿＿＿＿＿＿＿＿＿＿
＿＿＿＿＿＿＿＿＿＿
＿＿＿＿＿＿＿＿＿＿
＿＿＿＿＿＿＿＿＿＿
＿＿＿＿＿＿＿＿＿＿
＿＿＿＿＿＿＿＿＿＿
＿＿＿＿＿＿＿＿＿＿
＿＿＿＿＿■■■＿＿
＿＿＿□□□□■□＿
＿＿＿□□＿□□□□
□＿□□□□□□□□
□□□□□□□□＿□
□□□□＿□□□□□
□□□□□□□□□＿
□□□□□□□□□＿
□□□□□□□□□＿
＿□□□□□□□□□
00:11:52(21378f):field(21377f)
＿＿＿＿＿＿＿＿＿＿
＿＿＿＿＿＿＿＿＿＿
＿＿＿＿＿＿＿＿＿＿
＿＿＿＿＿＿＿＿＿＿
＿＿＿＿＿＿＿＿＿＿
＿＿＿＿＿＿＿＿＿＿
＿＿＿＿＿＿＿＿＿＿
＿＿＿＿＿＿＿＿＿＿
＿＿＿＿＿＿＿＿＿＿
＿＿＿＿＿＿＿＿＿＿
＿＿＿＿＿□□□＿＿
■■■□□□□□□＿
■＿＿□□＿□□□□
□＿□□□□□□□□
□□□□□□□□＿□
□□□□＿□□□□□
□□□□□□□□□＿
□□□□□□□□□＿
□□□□□□□□□＿
＿□□□□□□□□□
00:11:53(21393f):field(21392f)
＿＿＿＿＿＿＿＿＿＿
＿＿＿＿＿＿＿＿＿＿
＿＿＿＿＿＿＿＿＿＿
＿＿＿＿＿＿＿＿＿＿
＿＿＿＿＿＿＿＿＿＿
＿＿＿＿＿＿＿＿＿＿
＿＿＿＿＿＿＿＿＿＿
＿＿＿＿＿＿＿＿＿＿
＿＿＿＿＿＿＿＿＿＿
＿＿＿＿＿＿＿＿＿■
＿＿■＿＿◆◆◆＿■
□□◆□◆□□□◆■
□■＿□□＿□□□□
□■□□□□□□□□
□□□□□□□□＿□
□□□□＿□□□□□
□□□□□□□□□＿
□□□□□□□□□＿
□□□□□□□□□＿
＿□□□□□□□□□
00:11:53(21403f):field(21402f)
＿＿＿＿＿＿＿＿＿＿
＿＿＿＿＿＿＿＿＿＿
＿＿＿＿＿＿＿＿＿＿
＿＿＿＿＿＿＿＿＿＿
＿＿＿＿＿＿＿＿＿＿
＿＿＿＿＿＿＿＿＿＿
＿＿＿＿＿＿＿＿＿＿
＿＿＿＿＿＿＿＿＿＿
＿＿＿＿＿＿＿＿＿＿
＿＿＿＿＿＿＿＿＿□
＿＿◆■■＿＿＿＿□
◆◆＿□■□□□＿□
□◆＿□□＿□□□□
□◆□□□□□□□□
□□□□□□□□＿□
□□□□＿□□□□□
□□□□□□□□□＿
□□□□□□□□□＿
□□□□□□□□□＿
＿□□□□□□□□□
00:11:53(21416f):field(21415f)
＿＿＿＿＿＿＿＿＿＿
＿＿＿＿＿＿＿＿＿＿
＿＿＿＿＿＿＿＿＿＿
＿＿＿＿＿＿＿＿＿＿
＿＿＿＿＿＿＿＿＿＿
＿＿＿＿＿＿＿＿＿＿
＿＿＿＿＿＿＿＿＿＿
＿＿＿＿＿＿＿＿＿＿
＿＿＿＿＿＿＿＿＿＿
＿＿＿＿＿＿＿＿＿◆
＿＿＿◆◆＿＿＿＿□
＿＿＿□□◆◆◆＿□
◆■■□□■□□◆□
□■□□□◆□□□□
□□□□□□□□＿□
□□□□■□□□□□
□□□□□□□□□＿
□□□□□□□□□＿
□□□□□□□□□＿
＿□□□□□□□□□
00:11:54(21426f):field(21425f)
＿＿＿＿＿＿＿＿＿＿
＿＿＿＿＿＿＿＿＿＿
＿＿＿＿＿＿＿＿＿＿
＿＿＿＿＿＿＿＿＿＿
＿＿＿＿＿＿＿＿＿＿
＿＿＿＿＿＿＿＿＿＿
＿＿＿＿＿＿＿＿＿＿
＿＿＿＿＿＿＿＿＿＿
＿＿＿＿＿＿＿＿＿＿
＿＿＿＿＿＿＿＿＿＿
＿■＿＿＿＿＿＿＿□
■■＿□□＿＿＿＿□
■□◆□□□□□＿□
□□□□□＿□□□□
□□□□□□□□＿□
□□□□◆□□□□□
□□□□□□□□□＿
□□□□□□□□□＿
□□□□□□□□□＿
＿□□□□□□□□□
00:11:54(21437f):field(21436f)
＿＿＿＿＿＿＿＿＿＿
＿＿＿＿＿＿＿＿＿＿
＿＿＿＿＿＿＿＿＿＿
＿＿＿＿＿＿＿＿＿＿
＿＿＿＿＿＿＿＿＿＿
＿＿＿＿＿＿＿＿＿＿
＿＿＿＿＿＿＿＿＿＿
＿＿＿＿＿＿＿＿＿＿
＿＿＿＿＿＿＿＿＿＿
＿＿＿＿＿＿＿＿＿＿
＿□■■＿＿＿＿＿□
□□■□□＿＿＿＿□
□□■□□□□□＿□
□□□□□＿□□□□
□□□□□□□□＿□
□□□□＿□□□□□
□□□□□□□□□＿
□□□□□□□□□＿
□□□□□□□□□＿
＿□□□□□□□□□
00:11:55(21451f):field(21450f)
＿＿＿＿＿＿＿＿＿＿
＿＿＿＿＿＿＿＿＿＿
＿＿＿＿＿＿＿＿＿＿
＿＿＿＿＿＿＿＿＿＿
＿＿＿＿＿＿＿＿＿＿
＿＿＿＿＿＿＿＿＿＿
＿＿＿＿＿＿＿＿＿＿
＿＿＿＿＿＿＿＿＿＿
＿＿＿＿＿＿＿＿＿＿
＿＿＿＿＿＿＿＿＿＿
＿◆◆◆＿＿＿＿■◆
◆□□□◆＿＿＿■□
□□□□□□◆◆■□
□□□□□■□□□□
□□□□□□□□＿□
□□□□＿□□□□□
□□□□□□□□□＿
□□□□□□□□□＿
□□□□□□□□□＿
＿□□□□□□□□□
00:11:55(21463f):field(21462f)
＿＿＿＿＿＿＿＿＿＿
＿＿＿＿＿＿＿＿＿＿
＿＿＿＿＿＿＿＿＿＿
＿＿＿＿＿＿＿＿＿＿
＿＿＿＿＿＿＿＿＿＿
＿＿＿＿＿＿＿＿＿＿
＿＿＿＿＿＿＿＿＿＿
＿＿＿＿＿＿＿＿＿＿
＿＿＿＿＿＿＿＿＿＿
＿＿＿＿＿＿＿＿＿＿
＿＿＿＿＿＿＿＿□＿
＿□□□＿＿■■□□
□□□□□◆■■□□
□□□□□◆□□□□
□□□□□□□□＿□
□□□□＿□□□□□
□□□□□□□□□＿
□□□□□□□□□＿
□□□□□□□□□＿
＿□□□□□□□□□
00:11:55(21475f):field(21474f)
＿＿＿＿＿＿＿＿＿＿
＿＿＿＿＿＿＿＿＿＿
＿＿＿＿＿＿＿＿＿＿
＿＿＿＿＿＿＿＿＿＿
＿＿＿＿＿＿＿＿＿＿
＿＿＿＿＿＿＿＿＿＿
＿＿＿＿＿＿＿＿＿＿
＿＿＿＿＿＿＿＿＿＿
＿＿＿＿＿＿＿＿＿＿
＿＿＿■＿＿＿＿＿＿
＿＿＿■■＿＿＿□＿
＿□□□■＿□□□□
□□□□□＿□□□□
□□□□□＿□□□□
□□□□□□□□＿□
□□□□＿□□□□□
□□□□□□□□□＿
□□□□□□□□□＿
□□□□□□□□□＿
＿□□□□□□□□□
00:11:56(21485f):field(21484f)
＿＿＿＿＿＿＿＿＿＿
＿＿＿＿＿＿＿＿＿＿
＿＿＿＿＿＿＿＿＿＿
＿＿＿＿＿＿＿＿＿＿
＿＿＿＿＿＿＿＿＿＿
＿＿＿＿＿＿＿＿＿＿
＿＿＿＿＿＿＿＿＿＿
＿＿＿＿＿＿＿＿＿＿
＿＿＿＿＿＿＿＿＿＿
＿＿＿□＿＿＿＿＿＿
■■■□□＿＿＿□＿
■□□□□＿□□□□
□□□□□＿□□□□
□□□□□＿□□□□
□□□□□□□□＿□
□□□□＿□□□□□
□□□□□□□□□＿
□□□□□□□□□＿
□□□□□□□□□＿
＿□□□□□□□□□
00:11:56(21498f):field(21497f)
＿＿＿＿＿＿＿＿＿＿
＿＿＿＿＿＿＿＿＿＿
＿＿＿＿＿＿＿＿＿＿
＿＿＿＿＿＿＿＿＿＿
＿＿＿＿＿＿＿＿＿＿
＿＿＿＿＿＿＿＿＿＿
＿＿＿＿＿＿＿＿＿＿
＿＿＿＿＿＿＿＿＿＿
＿＿＿＿＿＿＿＿■＿
＿＿＿□＿＿＿■■＿
□□□□□＿＿■□＿
□□□□□＿□□□□
□□□□□＿□□□□
□□□□□＿□□□□
□□□□□□□□＿□
□□□□＿□□□□□
□□□□□□□□□＿
□□□□□□□□□＿
□□□□□□□□□＿
＿□□□□□□□□□
00:11:57(21510f):field(21509f)
＿＿＿＿＿＿＿＿＿＿
＿＿＿＿＿＿＿＿＿＿
＿＿＿＿＿＿＿＿＿＿
＿＿＿＿＿＿＿＿＿＿
＿＿＿＿＿＿＿＿＿＿
＿＿＿＿＿＿＿＿＿＿
＿＿＿＿＿＿＿＿＿＿
＿＿＿＿＿＿＿＿＿＿
＿＿■■■＿＿＿□＿
＿＿＿□■＿＿□□＿
□□□□□＿＿□□＿
□□□□□＿□□□□
□□□□□＿□□□□
□□□□□＿□□□□
□□□□□□□□＿□
□□□□＿□□□□□
□□□□□□□□□＿
□□□□□□□□□＿
□□□□□□□□□＿
＿□□□□□□□□□
00:11:57(21520f):field(21519f)
＿＿＿＿＿＿＿＿＿＿
＿＿＿＿＿＿＿＿＿＿
＿＿＿＿＿＿＿＿＿＿
＿＿＿＿＿＿＿＿＿＿
＿＿＿＿＿＿＿＿＿＿
＿＿＿＿＿＿＿＿＿＿
＿＿＿■■＿＿＿＿＿
＿＿＿■■＿＿＿＿＿
＿＿□□□＿＿＿□＿
＿＿＿□□＿＿□□＿
□□□□□＿＿□□＿
□□□□□＿□□□□
□□□□□＿□□□□
□□□□□＿□□□□
□□□□□□□□＿□
□□□□＿□□□□□
□□□□□□□□□＿
□□□□□□□□□＿
□□□□□□□□□＿
＿□□□□□□□□□
00:11:57(21537f):field(21536f)
＿＿＿＿＿＿＿＿＿＿
＿＿＿＿＿＿＿＿＿＿
＿＿＿＿＿＿＿＿＿＿
＿＿＿＿＿＿＿＿＿＿
＿＿＿＿＿＿＿＿＿＿
＿＿＿＿＿＿＿＿＿＿
＿＿＿□□＿＿＿＿＿
■＿＿□□＿＿＿＿＿
■■□□□＿＿＿□＿
＿■＿□□＿＿□□＿
□□□□□＿＿□□＿
□□□□□＿□□□□
□□□□□＿□□□□
□□□□□＿□□□□
□□□□□□□□＿□
□□□□＿□□□□□
□□□□□□□□□＿
□□□□□□□□□＿
□□□□□□□□□＿
＿□□□□□□□□□
00:11:58(21550f):field(21549f)
＿＿＿＿＿＿＿＿＿＿
＿＿＿＿＿＿＿＿＿＿
＿＿＿＿＿＿＿＿＿＿
＿＿＿＿＿＿＿＿＿＿
＿＿＿＿＿＿＿＿＿＿
＿■＿＿＿＿＿＿＿＿
■■＿□□＿＿＿＿＿
□■＿□□＿＿＿＿＿
□□□□□＿＿＿□＿
＿□＿□□＿＿□□＿
□□□□□＿＿□□＿
□□□□□＿□□□□
□□□□□＿□□□□
□□□□□＿□□□□
□□□□□□□□＿□
□□□□＿□□□□□
□□□□□□□□□＿
□□□□□□□□□＿
□□□□□□□□□＿
＿□□□□□□□□□
00:11:58(21562f):field(21561f)
＿＿＿＿＿＿＿＿＿＿
＿＿＿＿＿＿＿＿＿＿
＿＿＿＿＿＿＿＿＿＿
＿＿＿＿＿＿＿＿＿＿
＿＿＿■＿＿＿＿＿＿
＿□■■＿＿＿＿＿＿
□□■□□＿＿＿＿＿
□□＿□□＿＿＿＿＿
□□□□□＿＿＿□＿
＿□＿□□＿＿□□＿
□□□□□＿＿□□＿
□□□□□＿□□□□
□□□□□＿□□□□
□□□□□＿□□□□
□□□□□□□□＿□
□□□□＿□□□□□
□□□□□□□□□＿
□□□□□□□□□＿
□□□□□□□□□＿
＿□□□□□□□□□
00:11:59(21575f):field(21574f)
＿＿＿＿＿＿＿＿＿＿
＿＿＿＿＿＿＿＿＿＿
＿＿＿＿＿＿＿＿＿＿
＿＿＿＿＿＿＿＿＿＿
＿＿＿◆＿＿＿＿＿＿
＿◆◆◆＿＿＿＿＿＿
◆◆◆◆◆＿＿＿＿＿
◆◆＿□◆＿＿＿＿＿
◆□□□◆＿＿＿◆＿
■□■□□＿＿◆◆＿
□□◆□□＿＿◆□■
□□□□□＿◆□□◆
◆□◆□□■□□□◆
□□□□□■□□□□
□□□□□□□□■□
□□□□■□□□□□
□□□□□□□□□＿
□□□□□□□□□＿
□□□□□□□□□＿
＿□□□□□□□□□
00:11:59(21586f):field(21585f)
＿＿＿＿＿＿＿＿＿＿
＿＿＿＿＿＿＿＿＿＿
＿＿＿＿＿＿＿＿＿＿
＿＿＿＿＿＿＿＿＿＿
＿＿＿＿＿＿＿＿＿＿
＿＿＿＿＿＿＿＿＿＿
＿＿＿＿＿＿＿＿＿＿
＿＿＿□＿＿＿＿＿＿
＿□□□＿＿＿＿＿＿
□□□□□＿＿＿＿＿
□□＿□□＿＿＿◆◆
□□□□□■■◆□＿
＿□＿□□□□□□＿
□□□□□□◆□□◆
□□□□□□□□◆□
□□□□◆□□□□□
□□□□□□□□□＿
□□□□□□□□□＿
□□□□□□□□□＿
＿□□□□□□□□□
00:11:59(21599f):field(21598f)
＿＿＿＿＿＿＿＿＿＿
＿＿＿＿＿＿＿＿＿＿
＿＿＿＿＿＿＿＿＿＿
＿＿＿＿＿＿＿＿＿＿
＿＿＿＿＿＿＿＿＿＿
＿＿＿＿＿＿＿＿＿＿
＿＿＿＿＿＿＿＿＿＿
＿＿＿□＿＿＿＿＿＿
＿□□□＿＿＿＿＿＿
□□□□□＿■＿＿＿
□□＿□□＿■■＿＿
□□□□□□□■□＿
＿□＿□□□□□□＿
□□□□□□＿□□＿
□□□□□□□□＿□
□□□□＿□□□□□
□□□□□□□□□＿
□□□□□□□□□＿
□□□□□□□□□＿
＿□□□□□□□□□
00:12:00(21614f):field(21613f)
＿＿＿＿＿＿＿＿＿＿
＿＿＿＿＿＿＿＿＿＿
＿＿＿＿＿＿＿＿＿＿
＿＿＿＿＿＿＿＿＿＿
＿＿＿＿＿＿＿＿＿＿
＿＿＿＿＿＿＿＿＿＿
＿＿＿＿＿＿＿＿＿＿
＿＿＿□＿＿＿＿＿＿
＿□□□＿＿＿＿＿＿
□□□□□＿□＿■■
□□＿□□＿□□■■
□□□□□□□□□＿
＿□＿□□□□□□＿
□□□□□□＿□□＿
□□□□□□□□＿□
□□□□＿□□□□□
□□□□□□□□□＿
□□□□□□□□□＿
□□□□□□□□□＿
＿□□□□□□□□□
00:12:00(21625f):field(21624f)
＿＿＿＿＿＿＿＿＿＿
＿＿＿＿＿＿＿＿＿＿
＿＿＿＿＿＿＿＿＿＿
＿＿＿＿＿＿＿＿＿＿
＿＿＿＿＿＿＿＿＿＿
＿＿＿＿＿＿＿＿＿＿
＿＿＿＿＿＿＿＿＿＿
＿＿＿□＿＿＿＿＿＿
＿□□□■■＿＿＿＿
□□□□□■□＿□□
□□＿□□■□□□□
□□□□□□□□□＿
＿□＿□□□□□□＿
□□□□□□＿□□＿
□□□□□□□□＿□
□□□□＿□□□□□
□□□□□□□□□＿
□□□□□□□□□＿
□□□□□□□□□＿
＿□□□□□□□□□
00:12:01(21642f):field(21641f)
＿＿＿＿＿＿＿＿＿＿
＿＿＿＿＿＿＿＿＿＿
＿＿＿＿＿＿＿＿＿＿
＿＿＿＿＿＿＿＿＿＿
＿＿＿＿＿＿＿＿＿＿
＿＿＿＿＿＿＿＿＿＿
＿＿＿＿＿＿＿＿＿＿
＿＿＿◆＿＿＿■＿＿
■◆◆□◆◆＿■■＿
◆□□□□□◆■◆◆
□□＿□□□□□□□
□□□□□□□□□■
＿□＿□□□□□□＿
□□□□□□＿□□＿
□□□□□□□□＿□
□□□□＿□□□□□
□□□□□□□□□＿
□□□□□□□□□＿
□□□□□□□□□＿
＿□□□□□□□□□
00:12:01(21652f):field(21651f)
＿＿＿＿＿＿＿＿＿＿
＿＿＿＿＿＿＿＿＿＿
＿＿＿＿＿＿＿＿＿＿
＿＿＿＿＿＿＿＿＿＿
＿＿＿＿＿＿＿＿＿＿
＿＿＿＿＿＿＿＿＿＿
＿＿＿＿＿＿＿＿＿＿
＿＿＿■■＿＿□＿＿
◆＿＿□■■＿□◆＿
＿□□□□□＿□＿＿
□□＿□□□□□□□
□□□□□□□□□◆
＿□＿□□□□□□＿
□□□□□□＿□□＿
□□□□□□□□＿□
□□□□＿□□□□□
□□□□□□□□□＿
□□□□□□□□□＿
□□□□□□□□□＿
＿□□□□□□□□□
00:12:02(21664f):field(21663f)
＿＿＿＿＿＿＿＿＿＿
＿＿＿＿＿＿＿＿＿＿
＿＿＿＿＿＿＿＿＿＿
＿＿＿＿＿＿＿＿＿＿
＿＿＿＿＿＿＿＿＿＿
＿＿＿＿＿＿＿＿＿＿
＿＿＿■■■＿＿＿＿
＿＿＿□□■＿□＿＿
＿＿＿□□□＿□＿＿
＿□□□□□＿□＿＿
□□＿□□□□□□□
□□□□□□□□□＿
＿□＿□□□□□□＿
□□□□□□＿□□＿
□□□□□□□□＿□
□□□□＿□□□□□
□□□□□□□□□＿
□□□□□□□□□＿
□□□□□□□□□＿
＿□□□□□□□□□
00:12:02(21675f):field(21674f)
＿＿＿＿＿＿＿＿＿＿
＿＿＿＿＿＿＿＿＿＿
＿＿＿＿＿＿＿＿＿＿
＿＿＿＿＿＿＿＿＿＿
＿＿＿＿＿＿＿＿＿＿
＿＿＿＿＿＿＿＿＿＿
＿＿＿□□□＿＿＿＿
■＿＿□□□＿□＿＿
■■＿□□□＿□＿＿
■□□□□□＿□＿＿
□□＿□□□□□□□
□□□□□□□□□＿
＿□＿□□□□□□＿
□□□□□□＿□□＿
□□□□□□□□＿□
□□□□＿□□□□□
□□□□□□□□□＿
□□□□□□□□□＿
□□□□□□□□□＿
＿□□□□□□□□□
00:12:03(21690f):field(21689f)
＿＿＿＿＿＿＿＿＿＿
＿＿＿＿＿＿＿＿＿＿
＿＿＿＿＿＿＿＿＿＿
＿＿＿＿＿＿＿＿＿＿
＿＿＿＿＿＿＿＿＿＿
＿＿＿＿＿＿＿＿＿＿
＿■＿□□□＿＿＿＿
□■■□□□＿□＿＿
□□■□□□＿□＿＿
□□□□□□＿□＿＿
□□＿□□□□□□□
□□□□□□□□□＿
＿□＿□□□□□□＿
□□□□□□＿□□＿
□□□□□□□□＿□
□□□□＿□□□□□
□□□□□□□□□＿
□□□□□□□□□＿
□□□□□□□□□＿
＿□□□□□□□□□
00:12:03(21700f):field(21699f)
＿＿＿＿＿＿＿＿＿＿
＿＿＿＿＿＿＿＿＿＿
＿＿＿＿＿＿＿＿＿＿
＿＿＿＿＿＿＿＿＿＿
＿＿＿＿＿＿＿＿＿＿
＿＿■■■＿＿＿＿＿
＿□■□□□＿＿＿＿
□□□□□□＿□＿＿
□□□□□□＿□＿＿
□□□□□□＿□＿＿
□□＿□□□□□□□
□□□□□□□□□＿
＿□＿□□□□□□＿
□□□□□□＿□□＿
□□□□□□□□＿□
□□□□＿□□□□□
□□□□□□□□□＿
□□□□□□□□□＿
□□□□□□□□□＿
＿□□□□□□□□□
00:12:03(21713f):field(21712f)
＿＿＿＿＿＿＿＿＿＿
＿＿＿＿＿＿＿＿＿＿
＿＿＿＿＿＿＿＿＿＿
＿＿＿＿＿＿＿＿＿＿
＿＿＿＿＿＿＿＿＿＿
＿＿□□□＿＿＿＿＿
＿□□□□□＿＿＿＿
□□□□□□＿□＿＿
□□□□□□＿□■■
□□□□□□＿□■■
□□＿□□□□□□□
□□□□□□□□□＿
＿□＿□□□□□□＿
□□□□□□＿□□＿
□□□□□□□□＿□
□□□□＿□□□□□
□□□□□□□□□＿
□□□□□□□□□＿
□□□□□□□□□＿
＿□□□□□□□□□
00:12:04(21724f):field(21723f)
＿＿＿＿＿＿＿＿＿＿
＿＿＿＿＿＿＿＿＿＿
＿＿＿＿＿＿＿＿＿＿
＿＿＿＿＿＿＿＿＿＿
＿＿＿＿＿＿＿＿＿＿
＿＿□□□＿＿＿＿■
＿□□□□□＿＿＿■
□□□□□□＿□■■
□□□□□□＿□□□
□□□□□□＿□□□
□□＿□□□□□□□
□□□□□□□□□＿
＿□＿□□□□□□＿
□□□□□□＿□□＿
□□□□□□□□＿□
□□□□＿□□□□□
□□□□□□□□□＿
□□□□□□□□□＿
□□□□□□□□□＿
＿□□□□□□□□□
00:12:04(21737f):field(21736f)
＿＿＿＿＿＿＿＿＿＿
＿＿＿＿＿＿＿＿＿＿
＿＿＿＿＿＿＿＿＿＿
＿＿＿＿＿＿＿＿＿＿
＿＿＿＿＿＿＿＿＿＿
＿＿◆◆◆＿＿＿＿◆
■◆◆◆◆◆＿＿■◆
◆◆◆◆□□■□◆□
□◆□□□◆＿◆□□
□□□□□□■◆◆□
□□＿□□□□□□□
□□□□□□□□□■
＿□＿□□□□□□＿
□□□□□□＿□□＿
□□□□□□□□＿□
□□□□＿□□□□□
□□□□□□□□□＿
□□□□□□□□□＿
□□□□□□□□□＿
＿□□□□□□□□□
00:12:04(21747f):field(21746f)
＿＿＿＿＿＿＿＿＿＿
＿＿＿＿＿＿＿＿＿＿
＿＿＿＿＿＿＿＿＿＿
＿＿＿＿＿＿＿＿＿＿
＿＿＿＿＿＿＿＿＿＿
＿＿＿＿＿＿＿＿＿＿
◆＿＿＿＿＿＿＿◆＿
＿＿＿＿□□◆◆＿◆
◆＿□□□■■＿◆□
◆□□□□□□＿＿□
□□＿□□□□□□□
□□□□□□□□□◆
＿□＿□□□□□□＿
□□□□□□＿□□＿
□□□□□□□□＿□
□□□□＿□□□□□
□□□□□□□□□＿
□□□□□□□□□＿
□□□□□□□□□＿
＿□□□□□□□□□
00:12:05(21772f):field(21771f)
＿＿＿＿＿＿＿＿＿＿
＿＿＿＿＿＿＿＿＿＿
＿＿＿＿＿＿＿＿＿＿
＿＿＿＿＿＿＿＿＿＿
＿＿＿＿＿＿＿＿＿＿
＿＿＿＿＿＿＿＿＿＿
＿＿＿■■＿＿＿＿＿
＿＿■■□□■■＿＿
＿＿□□□□□■＿□
＿□□□□□□■＿□
□□＿□□□□□□□
□□□□□□□□□＿
＿□＿□□□□□□＿
□□□□□□＿□□＿
□□□□□□□□＿□
□□□□＿□□□□□
□□□□□□□□□＿
□□□□□□□□□＿
□□□□□□□□□＿
＿□□□□□□□□□
00:12:06(21784f):field(21783f)
＿＿＿＿＿＿＿＿＿＿
＿＿＿＿＿＿＿＿＿＿
＿＿＿＿＿＿＿＿＿＿
＿＿＿＿＿＿＿＿＿＿
＿＿＿＿＿＿＿＿＿＿
＿＿■■■＿＿＿＿＿
＿＿■□□＿＿＿＿＿
＿＿□□□□□□＿＿
＿＿□□□□□□＿□
＿□□□□□□□＿□
□□＿□□□□□□□
□□□□□□□□□＿
＿□＿□□□□□□＿
□□□□□□＿□□＿
□□□□□□□□＿□
□□□□＿□□□□□
□□□□□□□□□＿
□□□□□□□□□＿
□□□□□□□□□＿
＿□□□□□□□□□
00:12:06(21799f):field(21798f)
＿＿＿＿＿＿＿＿＿＿
＿＿＿＿＿＿＿＿＿＿
＿＿＿＿＿＿＿＿＿＿
＿＿＿＿＿＿＿＿＿＿
＿＿＿＿＿＿＿＿＿＿
＿＿□□□＿＿＿＿＿
＿＿□□□＿＿＿■＿
＿＿□□□□□□■＿
＿＿□□□□□□■□
＿□□□□□□□■□
□□＿□□□□□□□
□□□□□□□□□＿
＿□＿□□□□□□＿
□□□□□□＿□□＿
□□□□□□□□＿□
□□□□＿□□□□□
□□□□□□□□□＿
□□□□□□□□□＿
□□□□□□□□□＿
＿□□□□□□□□□
00:12:07(21814f):field(21813f)
＿＿＿＿＿＿＿＿＿＿
＿＿＿＿＿＿＿＿＿＿
＿＿＿＿＿＿＿＿＿＿
＿＿＿＿＿＿＿＿＿＿
＿＿＿＿＿＿＿＿＿＿
＿＿□□□■■＿＿＿
＿＿□□□■■＿□＿
＿＿□□□□□□□＿
＿＿□□□□□□□□
＿□□□□□□□□□
□□＿□□□□□□□
□□□□□□□□□＿
＿□＿□□□□□□＿
□□□□□□＿□□＿
□□□□□□□□＿□
□□□□＿□□□□□
□□□□□□□□□＿
□□□□□□□□□＿
□□□□□□□□□＿
＿□□□□□□□□□
00:12:07(21829f):field(21828f)
＿＿＿＿＿＿＿＿＿＿
＿＿＿＿＿＿＿＿＿＿
＿＿＿＿＿＿＿＿＿＿
＿＿＿＿＿■＿＿＿＿
＿＿＿＿＿■■■＿＿
＿＿□□□□□＿＿＿
＿＿□□□□□＿□＿
＿＿□□□□□□□＿
＿＿□□□□□□□□
＿□□□□□□□□□
□□＿□□□□□□□
□□□□□□□□□＿
＿□＿□□□□□□＿
□□□□□□＿□□＿
□□□□□□□□＿□
□□□□＿□□□□□
□□□□□□□□□＿
□□□□□□□□□＿
□□□□□□□□□＿
＿□□□□□□□□□
00:12:08(21845f):field(21844f)
＿＿＿＿＿＿＿＿＿＿
＿＿＿＿＿＿＿＿＿＿
＿＿＿＿＿＿＿＿＿＿
＿＿＿＿＿◆＿＿＿＿
＿＿＿＿＿◆◆◆＿＿
＿＿◆◆◆□◆＿＿＿
＿＿◆◆◆□□■◆＿
＿■□□□□□◆◆■
＿＿□□□□□◆□◆
■□□□□□□□□◆
□□＿□□□□□□□
□□□□□□□□□＿
＿□＿□□□□□□＿
□□□□□□＿□□＿
□□□□□□□□＿□
□□□□＿□□□□□
□□□□□□□□□＿
□□□□□□□□□＿
□□□□□□□□□＿
＿□□□□□□□□□
00:12:08(21856f):field(21855f)
＿＿＿＿＿＿＿＿＿＿
＿＿＿＿＿＿＿＿＿＿
＿＿＿＿＿＿＿＿＿＿
＿＿＿＿＿＿＿＿＿＿
＿＿＿＿＿■■＿＿＿
＿＿＿＿＿□■■＿＿
＿＿＿＿＿□□□＿＿
＿◆□□□□□＿＿◆
＿＿□□□□□＿□＿
□◆□□□□□□□＿
□□＿□□□□□□□
□□□□□□□□□＿
＿□＿□□□□□□＿
□□□□□□＿□□＿
□□□□□□□□＿□
□□□□＿□□□□□
□□□□□□□□□＿
□□□□□□□□□＿
□□□□□□□□□＿
＿□□□□□□□□□
00:12:08(21867f):field(21866f)
＿＿＿＿＿＿＿＿＿＿
＿＿＿＿＿＿＿＿＿＿
＿＿＿＿＿＿＿＿＿＿
＿＿＿＿＿＿＿＿＿＿
＿＿＿＿＿□□＿＿＿
＿＿＿＿＿□□□＿＿
＿＿＿＿＿□□□＿＿
■＿□□□□□＿＿＿
■■□□□□□＿□＿
□■□□□□□□□＿
□□＿□□□□□□□
□□□□□□□□□＿
＿□＿□□□□□□＿
□□□□□□＿□□＿
□□□□□□□□＿□
□□□□＿□□□□□
□□□□□□□□□＿
□□□□□□□□□＿
□□□□□□□□□＿
＿□□□□□□□□□
00:12:09(21879f):field(21878f)
＿＿＿＿＿＿＿＿＿＿
＿＿＿＿＿＿＿＿＿＿
＿＿＿＿＿＿＿＿＿＿
＿＿＿＿＿＿＿＿＿＿
＿＿＿＿＿□□＿＿＿
＿＿＿■■□□□＿＿
＿＿＿■■□□□＿＿
□＿□□□□□＿＿＿
□□□□□□□＿□＿
□□□□□□□□□＿
□□＿□□□□□□□
□□□□□□□□□＿
＿□＿□□□□□□＿
□□□□□□＿□□＿
□□□□□□□□＿□
□□□□＿□□□□□
□□□□□□□□□＿
□□□□□□□□□＿
□□□□□□□□□＿
＿□□□□□□□□□
00:12:09(21895f):field(21894f)
＿＿＿＿＿＿＿＿＿＿
＿＿＿＿＿＿＿＿＿＿
＿＿＿＿＿＿＿＿＿＿
＿＿＿＿＿＿＿＿＿■
＿＿＿＿＿□□■■■
＿＿＿□□□□□＿＿
＿＿＿□□□□□＿＿
□＿□□□□□＿＿＿
□□□□□□□＿□＿
□□□□□□□□□＿
□□＿□□□□□□□
□□□□□□□□□＿
＿□＿□□□□□□＿
□□□□□□＿□□＿
□□□□□□□□＿□
□□□□＿□□□□□
□□□□□□□□□＿
□□□□□□□□□＿
□□□□□□□□□＿
＿□□□□□□□□□
00:12:10(21908f):field(21907f)
＿＿＿＿＿＿＿＿＿＿
＿＿＿＿＿＿＿＿＿＿
＿＿＿＿＿＿＿＿＿＿
＿＿＿＿＿■■■■□
＿＿＿＿＿□□□□□
＿＿＿□□□□□＿＿
＿＿＿□□□□□＿＿
□＿□□□□□＿＿＿
□□□□□□□＿□＿
□□□□□□□□□＿
□□＿□□□□□□□
□□□□□□□□□＿
＿□＿□□□□□□＿
□□□□□□＿□□＿
□□□□□□□□＿□
□□□□＿□□□□□
□□□□□□□□□＿
□□□□□□□□□＿
□□□□□□□□□＿
＿□□□□□□□□□
00:12:10(21923f):field(21922f)
＿＿＿＿＿＿＿＿＿＿
＿＿＿＿＿＿＿＿＿＿
＿＿＿＿＿＿＿＿＿＿
＿＿＿＿＿□□□□□
＿＿＿＿＿□□□□□
＿＿■□□□□□＿＿
＿■■□□□□□＿＿
□■□□□□□＿＿＿
□□□□□□□＿□＿
□□□□□□□□□＿
□□＿□□□□□□□
□□□□□□□□□＿
＿□＿□□□□□□＿
□□□□□□＿□□＿
□□□□□□□□＿□
□□□□＿□□□□□
□□□□□□□□□＿
□□□□□□□□□＿
□□□□□□□□□＿
＿□□□□□□□□□
00:12:11(21934f):field(21933f)
＿＿＿＿＿＿＿＿＿＿
＿＿＿＿＿＿＿＿＿＿
＿＿＿＿＿＿＿＿＿＿
＿＿＿■■□□□□□
＿＿＿■■□□□□□
＿＿□□□□□□＿＿
＿□□□□□□□＿＿
□□□□□□□＿＿＿
□□□□□□□＿□＿
□□□□□□□□□＿
□□＿□□□□□□□
□□□□□□□□□＿
＿□＿□□□□□□＿
□□□□□□＿□□＿
□□□□□□□□＿□
□□□□＿□□□□□
□□□□□□□□□＿
□□□□□□□□□＿
□□□□□□□□□＿
＿□□□□□□□□□
00:12:11(21953f):field(21952f)
＿＿＿＿＿＿＿＿＿＿
＿＿＿＿＿＿＿＿＿＿
＿＿＿＿■＿＿＿＿＿
＿＿■□◆□◆◆◆◆
■＿■□□□□□□□
■＿□□□□□□＿＿
＿□□□□□□□＿＿
□□□□□□□＿＿＿
□□□□□□□＿□＿
□□□□□□□□□＿
□□＿□□□□□□□
□□□□□□□□□＿
＿□＿□□□□□□＿
□□□□□□＿□□＿
□□□□□□□□＿□
□□□□＿□□□□□
□□□□□□□□□＿
□□□□□□□□□＿
□□□□□□□□□＿
＿□□□□□□□□□
00:12:12(21963f):field(21962f)
＿＿＿＿＿＿＿＿＿＿
＿＿＿＿＿＿＿＿＿＿
＿＿＿＿◆＿＿＿＿＿
＿＿◆◆＿◆＿＿＿＿
□＿□□□□□□□□
□■□□□□□□＿＿
■□□□□□□□＿＿
□□□□□□□＿＿＿
□□□□□□□＿□＿
□□□□□□□□□＿
□□＿□□□□□□□
□□□□□□□□□＿
＿□＿□□□□□□＿
□□□□□□＿□□＿
□□□□□□□□＿□
□□□□＿□□□□□
□□□□□□□□□＿
□□□□□□□□□＿
□□□□□□□□□＿
＿□□□□□□□□□
00:12:12(21979f):field(21978f)
＿＿＿＿＿＿＿＿＿＿
＿＿＿＿＿＿＿＿＿＿
＿＿＿＿＿＿＿＿＿＿
＿＿＿＿■■■■＿＿
□＿□□□□□□□□
□□□□□□□□＿＿
□□□□□□□□＿＿
□□□□□□□＿＿＿
□□□□□□□＿□＿
□□□□□□□□□＿
□□＿□□□□□□□
□□□□□□□□□＿
＿□＿□□□□□□＿
□□□□□□＿□□＿
□□□□□□□□＿□
□□□□＿□□□□□
□□□□□□□□□＿
□□□□□□□□□＿
□□□□□□□□□＿
＿□□□□□□□□□
00:12:13(21993f):field(21992f)
＿＿＿＿＿＿＿＿＿＿
＿＿＿＿＿＿＿＿＿＿
＿＿＿＿＿＿＿＿＿＿
■＿＿＿◆◆◆□■＿
□■◆◆□□□□□◆
□□□□□□□□＿■
□□□□□□□□＿＿
□□□□□□□＿＿＿
□□□□□□□＿□＿
□□□□□□□□□＿
□□＿□□□□□□□
□□□□□□□□□＿
＿□＿□□□□□□＿
□□□□□□＿□□＿
□□□□□□□□＿□
□□□□＿□□□□□
□□□□□□□□□＿
□□□□□□□□□＿
□□□□□□□□□＿
＿□□□□□□□□□
00:12:13(22005f):field(22004f)
＿＿＿＿＿＿＿＿＿＿
＿＿＿＿＿＿＿＿＿＿
＿＿＿＿＿＿＿＿＿＿
□＿■■＿＿＿◆◆＿
□□■■□□□□◆＿
□□□□□□□□＿◆
□□□□□□□□＿＿
□□□□□□□＿＿＿
□□□□□□□＿□＿
□□□□□□□□□＿
□□＿□□□□□□□
□□□□□□□□□＿
＿□＿□□□□□□＿
□□□□□□＿□□＿
□□□□□□□□＿□
□□□□＿□□□□□
□□□□□□□□□＿
□□□□□□□□□＿
□□□□□□□□□＿
＿□□□□□□□□□
00:12:14(22021f):field(22020f)
＿＿＿＿＿＿＿＿＿＿
＿＿＿＿＿＿＿＿＿＿
＿＿＿＿＿＿＿＿＿＿
□＿□□＿＿＿＿＿＿
□□□□□□□□＿＿
□□□□□□□□■＿
□□□□□□□□■＿
□□□□□□□■■＿
□□□□□□□＿□＿
□□□□□□□□□＿
□□＿□□□□□□□
□□□□□□□□□＿
＿□＿□□□□□□＿
□□□□□□＿□□＿
□□□□□□□□＿□
□□□□＿□□□□□
□□□□□□□□□＿
□□□□□□□□□＿
□□□□□□□□□＿
＿□□□□□□□□□
00:12:14(22035f):field(22034f)
＿＿＿＿＿＿＿＿＿＿
＿＿＿＿＿＿＿＿＿＿
＿＿＿＿＿＿＿＿＿＿
◆＿◆□■＿＿＿＿＿
◆□□◆□◆◆□＿＿
□□◆◆◆□□□□■
□◆□□◆◆□□□＿
□□□□□□□□□■
□□□□□□□＿□＿
□□□□□□□□□＿
□□＿□□□□□□□
□□□□□□□□□＿
＿□＿□□□□□□＿
□□□□□□＿□□＿
□□□□□□□□＿□
□□□□＿□□□□□
□□□□□□□□□＿
□□□□□□□□□＿
□□□□□□□□□＿
＿□□□□□□□□□
00:12:14(22047f):field(22046f)
＿＿＿＿＿＿＿＿＿＿
＿＿＿＿＿＿＿＿＿＿
＿＿＿＿＿＿＿＿＿＿
＿＿＿◆◆＿＿＿＿＿
■◆◆＿◆＿＿◆＿＿
◆◆＿＿＿□◆□◆◆
□＿□□■■□◆◆＿
□□□□□□□□□◆
□□□□□□□＿□＿
□□□□□□□□□＿
□□＿□□□□□□□
□□□□□□□□□＿
＿□＿□□□□□□＿
□□□□□□＿□□＿
□□□□□□□□＿□
□□□□＿□□□□□
□□□□□□□□□＿
□□□□□□□□□＿
□□□□□□□□□＿
＿□□□□□□□□□
00:12:15(22061f):field(22060f)
＿＿＿＿＿＿＿＿＿＿
＿＿＿＿＿＿＿＿＿＿
＿＿＿＿＿＿＿＿＿＿
＿＿＿＿＿＿＿＿＿＿
◆＿＿＿＿＿＿＿＿＿
＿＿＿＿＿□■□■■
□＿□□□□□＿＿＿
□□□□□□□□□＿
□□□□□□□＿□＿
□□□□□□□□□＿
□□＿□□□□□□□
□□□□□□□□□＿
＿□＿□□□□□□＿
□□□□□□＿□□＿
□□□□□□□□＿□
□□□□＿□□□□□
□□□□□□□□□＿
□□□□□□□□□＿
□□□□□□□□□＿
＿□□□□□□□□□
00:12:15(22073f):field(22072f)
＿＿＿＿＿＿＿＿＿＿
＿＿＿＿＿＿＿＿＿＿
＿＿＿＿＿＿＿＿＿＿
＿＿＿＿＿＿＿＿＿＿
■＿＿＿＿＿＿＿＿＿
■■＿＿＿□□□□□
□■□□□□□＿＿＿
□□□□□□□□□＿
□□□□□□□＿□＿
□□□□□□□□□＿
□□＿□□□□□□□
□□□□□□□□□＿
＿□＿□□□□□□＿
□□□□□□＿□□＿
□□□□□□□□＿□
□□□□＿□□□□□
□□□□□□□□□＿
□□□□□□□□□＿
□□□□□□□□□＿
＿□□□□□□□□□
00:12:16(22085f):field(22084f)
＿＿＿＿＿＿＿＿＿＿
＿＿＿＿＿＿＿＿＿＿
＿＿＿＿＿＿＿＿＿＿
＿＿＿＿＿＿＿＿＿＿
◆■＿■＿＿■■＿＿
□◆■＿■◆◆□◆◆
□□□□□□□＿■＿
□□□□□□□□□＿
□□□□□□□＿□＿
□□□□□□□□□＿
□□＿□□□□□□□
□□□□□□□□□＿
＿□＿□□□□□□＿
□□□□□□＿□□＿
□□□□□□□□＿□
□□□□＿□□□□□
□□□□□□□□□＿
□□□□□□□□□＿
□□□□□□□□□＿
＿□□□□□□□□□
00:12:16(22099f):field(22098f)
＿＿＿＿＿＿＿＿＿＿
＿＿＿＿＿＿＿＿＿＿
＿＿＿＿＿＿＿＿＿＿
＿＿＿＿＿＿＿＿＿＿
＿◆＿◆＿＿◆◆＿＿
◆＿◆＿◆＿＿◆＿＿
□◆□□◆◆◆＿◆＿
□□□□□□□◆□■
□□□□□□□＿□■
□□□□□□□□□＿
□□＿□□□□□□□
□□□□□□□□□＿
＿□＿□□□□□□＿
□□□□□□＿□□＿
□□□□□□□□＿□
□□□□＿□□□□□
□□□□□□□□□＿
□□□□□□□□□＿
□□□□□□□□□＿
＿□□□□□□□□□
00:12:16(22107f):field(22106f)
＿＿＿＿＿＿＿＿＿＿
＿＿＿＿＿＿＿＿＿＿
＿＿＿＿＿＿＿＿＿＿
＿＿＿＿＿＿＿＿＿＿
＿＿＿＿＿＿＿＿＿＿
＿＿＿■■＿＿＿＿＿
□＿□□■＿＿＿＿＿
□□□□□□□＿□□
□□□□□□□＿□□
□□□□□□□□□＿
□□＿□□□□□□□
□□□□□□□□□＿
＿□＿□□□□□□＿
□□□□□□＿□□＿
□□□□□□□□＿□
□□□□＿□□□□□
□□□□□□□□□＿
□□□□□□□□□＿
□□□□□□□□□＿
＿□□□□□□□□□
00:12:17(22122f):field(22121f)
＿＿＿＿＿＿＿＿＿＿
＿＿＿＿＿＿＿＿＿＿
＿＿＿＿＿＿＿＿＿＿
＿＿＿＿＿＿＿＿＿＿
＿＿＿＿＿＿＿＿＿＿
■■■□□＿＿＿＿＿
□■□□□＿＿＿＿＿
□□□□□□□＿□□
□□□□□□□＿□□
□□□□□□□□□＿
□□＿□□□□□□□
□□□□□□□□□＿
＿□＿□□□□□□＿
□□□□□□＿□□＿
□□□□□□□□＿□
□□□□＿□□□□□
□□□□□□□□□＿
□□□□□□□□□＿
□□□□□□□□□＿
＿□□□□□□□□□
00:12:17(22135f):field(22134f)
＿＿＿＿＿＿＿＿＿＿
＿＿＿＿＿＿＿＿＿＿
＿＿＿＿＿＿＿＿＿＿
＿＿＿＿■＿＿＿＿＿
＿＿＿＿■■＿＿＿＿
□□□□□■＿＿＿＿
□□□□□＿＿＿＿＿
□□□□□□□＿□□
□□□□□□□＿□□
□□□□□□□□□＿
□□＿□□□□□□□
□□□□□□□□□＿
＿□＿□□□□□□＿
□□□□□□＿□□＿
□□□□□□□□＿□
□□□□＿□□□□□
□□□□□□□□□＿
□□□□□□□□□＿
□□□□□□□□□＿
＿□□□□□□□□□
00:12:18(22148f):field(22147f)
＿＿＿＿＿＿＿＿＿＿
＿＿＿＿＿＿＿＿＿＿
＿＿＿＿＿＿＿＿＿＿
＿＿＿＿□＿＿＿＿＿
＿＿＿＿□□＿＿＿＿
□□□□□□＿＿＿＿
□□□□□■■■■＿
□□□□□□□＿□□
□□□□□□□＿□□
□□□□□□□□□＿
□□＿□□□□□□□
□□□□□□□□□＿
＿□＿□□□□□□＿
□□□□□□＿□□＿
□□□□□□□□＿□
□□□□＿□□□□□
□□□□□□□□□＿
□□□□□□□□□＿
□□□□□□□□□＿
＿□□□□□□□□□
00:12:18(22164f):field(22163f)
＿＿＿＿＿＿＿＿＿＿
＿＿＿＿＿＿＿＿＿＿
＿＿＿＿■■＿＿＿＿
＿＿＿＿□■■＿＿＿
＿＿＿＿□□＿＿＿＿
□□□□□□＿＿＿＿
□□□□□□□□□＿
□□□□□□□＿□□
□□□□□□□＿□□
□□□□□□□□□＿
□□＿□□□□□□□
□□□□□□□□□＿
＿□＿□□□□□□＿
□□□□□□＿□□＿
□□□□□□□□＿□
□□□□＿□□□□□
□□□□□□□□□＿
□□□□□□□□□＿
□□□□□□□□□＿
＿□□□□□□□□□
00:12:19(22177f):field(22176f)
＿＿＿＿＿＿＿＿＿＿
＿＿＿＿＿＿＿＿＿＿
＿＿＿＿□□＿＿＿＿
＿＿＿＿□□□＿＿＿
＿＿＿＿□□■■■＿
□□□□□□■＿＿＿
□□□□□□□□□＿
□□□□□□□＿□□
□□□□□□□＿□□
□□□□□□□□□＿
□□＿□□□□□□□
□□□□□□□□□＿
＿□＿□□□□□□＿
□□□□□□＿□□＿
□□□□□□□□＿□
□□□□＿□□□□□
□□□□□□□□□＿
□□□□□□□□□＿
□□□□□□□□□＿
＿□□□□□□□□□
00:12:19(22191f):field(22190f)
＿＿＿＿＿＿＿＿＿＿
＿＿＿＿＿＿＿＿＿＿
＿＿＿＿□□＿＿＿＿
■■＿＿□□□＿＿＿
■■＿＿□□□□□＿
□□□□□□□＿＿＿
□□□□□□□□□＿
□□□□□□□＿□□
□□□□□□□＿□□
□□□□□□□□□＿
□□＿□□□□□□□
□□□□□□□□□＿
＿□＿□□□□□□＿
□□□□□□＿□□＿
□□□□□□□□＿□
□□□□＿□□□□□
□□□□□□□□□＿
□□□□□□□□□＿
□□□□□□□□□＿
＿□□□□□□□□□
00:12:20(22207f):field(22206f)
＿＿＿＿＿＿＿＿＿＿
＿＿＿＿＿＿＿＿＿＿
＿＿＿＿□□＿＿＿＿
□□＿＿□□□■■■
□□＿＿□□□□□■
□□□□□□□＿＿＿
□□□□□□□□□＿
□□□□□□□＿□□
□□□□□□□＿□□
□□□□□□□□□＿
□□＿□□□□□□□
□□□□□□□□□＿
＿□＿□□□□□□＿
□□□□□□＿□□＿
□□□□□□□□＿□
□□□□＿□□□□□
□□□□□□□□□＿
□□□□□□□□□＿
□□□□□□□□□＿
＿□□□□□□□□□
00:12:20(22224f):field(22223f)
＿＿＿＿＿＿＿＿＿＿
＿＿＿＿＿＿＿＿＿＿
＿＿＿＿◆□＿＿＿＿
◆◆＿■□□□□◆□
□□＿■□□□□□□
□□□□□□□＿＿＿
□□□□□□□□□＿
□□□□□□□＿□□
□□□□□□□＿□□
□□□□□□□□□＿
□□＿□□□□□□□
□□□□□□□□□＿
＿□＿□□□□□□＿
□□□□□□＿□□＿
□□□□□□□□＿□
□□□□＿□□□□□
□□□□□□□□□＿
□□□□□□□□□＿
□□□□□□□□□＿
＿□□□□□□□□□
00:12:21(22238f):field(22237f)
＿＿＿＿＿＿＿＿＿＿
＿＿＿＿＿＿＿＿＿＿
＿＿■＿＿◆＿＿＿＿
＿■■◆◆◆◆◆＿□
◆◆■□□□◆◆□◆
□□□□□□□＿＿＿
□□□□□□□□□＿
□□□□□□□＿□□
□□□□□□□＿□□
□□□□□□□□□＿
□□＿□□□□□□□
□□□□□□□□□＿
＿□＿□□□□□□＿
□□□□□□＿□□＿
□□□□□□□□＿□
□□□□＿□□□□□
□□□□□□□□□＿
□□□□□□□□□＿
□□□□□□□□□＿
＿□□□□□□□□□
00:12:21(22251f):field(22250f)
＿＿＿＿＿＿＿＿＿＿
＿＿＿＿＿＿＿＿＿＿
＿＿□＿＿＿＿＿＿＿
＿◆□＿＿＿＿＿＿◆
＿＿□□□□■■◆＿
□□□□□□□■■＿
□□□□□□□□□＿
□□□□□□□＿□□
□□□□□□□＿□□
□□□□□□□□□＿
□□＿□□□□□□□
□□□□□□□□□＿
＿□＿□□□□□□＿
□□□□□□＿□□＿
□□□□□□□□＿□
□□□□＿□□□□□
□□□□□□□□□＿
□□□□□□□□□＿
□□□□□□□□□＿
＿□□□□□□□□□
00:12:22(22262f):field(22261f)
＿＿＿＿＿＿＿＿＿＿
＿＿＿＿＿＿＿＿＿＿
＿＿□＿■■＿＿＿＿
＿＿□■■＿＿＿＿＿
＿＿□□□□□□＿＿
□□□□□□□□□＿
□□□□□□□□□＿
□□□□□□□＿□□
□□□□□□□＿□□
□□□□□□□□□＿
□□＿□□□□□□□
□□□□□□□□□＿
＿□＿□□□□□□＿
□□□□□□＿□□＿
□□□□□□□□＿□
□□□□＿□□□□□
□□□□□□□□□＿
□□□□□□□□□＿
□□□□□□□□□＿
＿□□□□□□□□□
00:12:22(22274f):field(22273f)
＿＿＿＿＿＿＿＿＿＿
＿＿＿＿＿＿＿＿＿＿
＿＿□＿□□＿＿＿＿
■■□□□＿＿＿＿＿
■■□□□□□□＿＿
□□□□□□□□□＿
□□□□□□□□□＿
□□□□□□□＿□□
□□□□□□□＿□□
□□□□□□□□□＿
□□＿□□□□□□□
□□□□□□□□□＿
＿□＿□□□□□□＿
□□□□□□＿□□＿
□□□□□□□□＿□
□□□□＿□□□□□
□□□□□□□□□＿
□□□□□□□□□＿
□□□□□□□□□＿
＿□□□□□□□□□
00:12:23(22292f):field(22291f)
＿＿＿＿＿＿＿＿＿＿
＿＿＿＿＿＿■＿＿＿
＿＿□＿□□■＿＿＿
□□□□□■■＿＿＿
□□□□□□□□＿＿
□□□□□□□□□＿
□□□□□□□□□＿
□□□□□□□＿□□
□□□□□□□＿□□
□□□□□□□□□＿
□□＿□□□□□□□
□□□□□□□□□＿
＿□＿□□□□□□＿
□□□□□□＿□□＿
□□□□□□□□＿□
□□□□＿□□□□□
□□□□□□□□□＿
□□□□□□□□□＿
□□□□□□□□□＿
＿□□□□□□□□□
00:12:23(22308f):field(22307f)
＿＿＿＿＿＿＿＿＿＿
＿＿■■■＿□＿＿＿
＿＿□■□□□＿＿＿
□□□□□□□＿＿＿
□□□□□□□□＿＿
□□□□□□□□□＿
□□□□□□□□□＿
□□□□□□□＿□□
□□□□□□□＿□□
□□□□□□□□□＿
□□＿□□□□□□□
□□□□□□□□□＿
＿□＿□□□□□□＿
□□□□□□＿□□＿
□□□□□□□□＿□
□□□□＿□□□□□
□□□□□□□□□＿
□□□□□□□□□＿
□□□□□□□□□＿
＿□□□□□□□□□
00:12:33(22618f):game end
