01:06:48(120265f):game start
01:06:50(120323f):field(120322f)
＿＿＿＿＿＿＿＿＿＿
＿＿＿＿＿＿＿＿＿＿
＿＿＿＿＿＿＿＿＿＿
＿＿＿＿＿＿＿＿＿＿
＿＿＿＿＿＿＿＿＿＿
＿＿＿＿＿＿＿＿＿＿
＿＿＿＿＿＿＿＿＿＿
＿＿＿＿＿＿＿＿＿＿
＿＿＿＿＿＿＿＿＿＿
＿＿＿＿＿＿＿＿＿＿
＿＿＿＿＿＿＿＿＿＿
＿＿＿＿＿＿＿＿＿＿
＿＿＿＿＿＿＿＿＿＿
＿＿＿＿＿＿＿＿＿＿
＿＿＿＿＿＿＿＿＿＿
＿＿＿＿＿＿＿＿＿＿
＿＿＿＿＿＿＿＿＿＿
＿＿＿＿＿＿＿＿＿＿
＿＿＿＿■＿＿＿＿＿
＿＿＿■■■＿＿＿＿
01:06:51(120350f):field(120349f)
＿＿＿＿＿＿＿＿＿＿
＿＿＿＿＿＿＿＿＿＿
＿＿＿＿＿＿＿＿＿＿
＿＿＿＿＿＿＿＿＿＿
＿＿＿＿＿＿＿＿＿＿
＿＿＿＿＿＿＿＿＿＿
＿＿＿＿＿＿＿＿＿＿
＿＿＿＿＿＿＿＿＿＿
＿＿＿＿＿＿＿＿＿＿
＿＿＿＿＿＿＿＿＿＿
＿＿＿＿＿＿＿＿＿＿
＿＿＿＿＿＿＿＿＿＿
＿＿＿＿＿＿＿＿＿＿
＿＿＿＿＿＿＿＿＿＿
＿＿＿＿＿＿＿＿＿＿
＿＿＿＿＿＿＿＿＿＿
＿＿＿＿＿＿＿＿＿＿
＿＿＿＿＿＿＿＿＿＿
＿＿■＿□＿＿■■＿
■■■□□□＿■■＿
01:06:52(120368f):field(120367f)
＿＿＿＿＿＿＿＿＿＿
＿＿＿＿＿＿＿＿＿＿
＿＿＿＿＿＿＿＿＿＿
＿＿＿＿＿＿＿＿＿＿
＿＿＿＿＿＿＿＿＿＿
＿＿＿＿＿＿＿＿＿＿
＿＿＿＿＿＿＿＿＿＿
＿＿＿＿＿＿＿＿＿＿
＿＿＿＿＿＿＿＿＿＿
＿＿＿＿＿＿＿＿＿＿
＿＿＿＿＿＿＿＿＿＿
＿＿＿＿＿＿＿＿＿＿
＿＿＿＿＿＿＿＿＿＿
＿＿＿＿＿＿＿＿＿＿
＿＿＿＿＿＿＿＿＿＿
＿＿＿＿＿＿＿＿＿＿
＿＿＿＿＿＿＿＿＿＿
■■＿＿＿＿＿＿＿＿
■■□＿□＿＿□□＿
□□□□□□＿□□＿
01:06:52(120381f):field(120380f)
＿＿＿＿＿＿＿＿＿＿
＿＿＿＿＿＿＿＿＿＿
＿＿＿＿＿＿＿＿＿＿
＿＿＿＿＿＿＿＿＿＿
＿＿＿＿＿＿＿＿＿＿
＿＿＿＿＿＿＿＿＿＿
＿＿＿＿＿＿＿＿＿＿
＿＿＿＿＿＿＿＿＿＿
＿＿＿＿＿＿＿＿＿＿
＿＿＿＿＿＿＿＿＿＿
＿＿＿＿＿＿＿＿＿＿
＿＿＿＿＿＿＿＿＿＿
＿＿＿＿＿＿＿＿＿＿
＿＿＿＿＿＿＿＿＿＿
＿＿＿＿＿＿＿＿＿＿
＿＿＿＿＿＿＿＿＿＿
＿＿＿＿＿＿＿＿＿＿
□□＿＿＿■＿＿＿＿
□□□＿□■■□□＿
□□□□□□■□□＿
01:06:53(120394f):field(120393f)
＿＿＿＿＿＿＿＿＿＿
＿＿＿＿＿＿＿＿＿＿
＿＿＿＿＿＿＿＿＿＿
＿＿＿＿＿＿＿＿＿＿
＿＿＿＿＿＿＿＿＿＿
＿＿＿＿＿＿＿＿＿＿
＿＿＿＿＿＿＿＿＿＿
＿＿＿＿＿＿＿＿＿＿
＿＿＿＿＿＿＿＿＿＿
＿＿＿＿＿＿＿＿＿＿
＿＿＿＿＿＿＿＿＿＿
＿＿＿＿＿＿＿＿＿＿
＿＿＿＿＿＿＿＿＿＿
＿＿＿＿＿＿＿＿＿＿
＿＿＿＿＿＿＿＿＿＿
＿＿＿＿＿＿＿＿＿＿
＿＿＿＿＿＿＿＿＿＿
□□■■■□＿＿＿＿
□□□■□□□□□＿
□□□□□□□□□＿
01:06:53(120407f):field(120406f)
＿＿＿＿＿＿＿＿＿＿
＿＿＿＿＿＿＿＿＿＿
＿＿＿＿＿＿＿＿＿＿
＿＿＿＿＿＿＿＿＿＿
＿＿＿＿＿＿＿＿＿＿
＿＿＿＿＿＿＿＿＿＿
＿＿＿＿＿＿＿＿＿＿
＿＿＿＿＿＿＿＿＿＿
＿＿＿＿＿＿＿＿＿＿
＿＿＿＿＿＿＿＿＿＿
＿＿＿＿＿＿＿＿＿＿
＿＿＿＿＿＿＿＿＿＿
＿＿＿＿＿＿＿＿＿＿
＿＿＿＿＿＿＿＿＿＿
■＿＿＿＿＿＿＿＿＿
■＿＿＿＿＿＿＿＿＿
■■＿＿＿＿＿＿＿＿
□□□□□□＿＿＿＿
□□□□□□□□□＿
□□□□□□□□□＿
01:06:53(120419f):field(120418f)
＿＿＿＿＿＿＿＿＿＿
＿＿＿＿＿＿＿＿＿＿
＿＿＿＿＿＿＿＿＿＿
＿＿＿＿＿＿＿＿＿＿
＿＿＿＿＿＿＿＿＿＿
＿＿＿＿＿＿＿＿＿＿
＿＿＿＿＿＿＿＿＿＿
＿＿＿＿＿＿＿＿＿＿
＿＿＿＿＿＿＿＿＿＿
＿＿＿＿＿＿＿＿＿＿
＿＿＿＿＿＿＿＿＿＿
＿＿＿＿＿＿＿＿＿＿
＿＿＿＿＿＿＿＿＿＿
＿＿＿＿＿＿＿＿＿＿
□＿＿＿＿＿＿＿＿＿
□＿＿＿＿＿＿＿＿＿
□□■■■■＿＿＿＿
□□□□□□＿＿＿＿
□□□□□□□□□＿
□□□□□□□□□＿
01:06:54(120432f):field(120431f)
＿＿＿＿＿＿＿＿＿＿
＿＿＿＿＿＿＿＿＿＿
＿＿＿＿＿＿＿＿＿＿
＿＿＿＿＿＿＿＿＿＿
＿＿＿＿＿＿＿＿＿＿
＿＿＿＿＿＿＿＿＿＿
＿＿＿＿＿＿＿＿＿＿
＿＿＿＿＿＿＿＿＿＿
＿＿＿＿＿＿＿＿＿＿
＿＿＿＿＿＿＿＿＿＿
＿＿＿＿＿＿＿＿＿＿
＿＿＿＿＿＿＿＿＿＿
＿＿＿＿＿＿＿＿＿＿
＿＿＿＿＿＿＿＿＿＿
□■■＿＿＿＿＿＿＿
□■■＿＿＿＿＿＿＿
□□□□□□＿＿＿＿
□□□□□□＿＿＿＿
□□□□□□□□□＿
□□□□□□□□□＿
01:06:54(120447f):field(120446f)
＿＿＿＿＿＿＿＿＿＿
＿＿＿＿＿＿＿＿＿＿
＿＿＿＿＿＿＿＿＿＿
＿＿＿＿＿＿＿＿＿＿
＿＿＿＿＿＿＿＿＿＿
＿＿＿＿＿＿＿＿＿＿
＿＿＿＿＿＿＿＿＿＿
＿＿＿＿＿＿＿＿＿＿
＿＿＿＿＿＿＿＿＿＿
＿＿＿＿＿＿＿＿＿＿
＿＿＿＿＿＿＿＿＿＿
＿＿＿＿＿＿＿＿＿＿
＿＿＿＿＿＿＿＿＿＿
＿＿＿＿＿＿＿＿＿＿
□□□＿＿＿＿＿＿＿
□□□＿＿＿＿＿＿＿
□□□□□□■＿＿＿
□□□□□□■■■＿
□□□□□□□□□＿
□□□□□□□□□＿
01:06:55(120459f):field(120458f)
＿＿＿＿＿＿＿＿＿＿
＿＿＿＿＿＿＿＿＿＿
＿＿＿＿＿＿＿＿＿＿
＿＿＿＿＿＿＿＿＿＿
＿＿＿＿＿＿＿＿＿＿
＿＿＿＿＿＿＿＿＿＿
＿＿＿＿＿＿＿＿＿＿
＿＿＿＿＿＿＿＿＿＿
＿＿＿＿＿＿＿＿＿＿
＿＿＿＿＿＿＿＿＿＿
＿＿＿＿＿＿＿＿＿＿
＿＿＿＿＿＿＿＿＿＿
＿＿＿＿＿＿＿＿＿＿
＿＿＿＿＿＿＿＿＿＿
□□□＿■■＿＿＿＿
□□□■■＿＿＿＿＿
□□□□□□□＿＿＿
□□□□□□□□□＿
□□□□□□□□□＿
□□□□□□□□□＿
01:06:55(120472f):field(120471f)
＿＿＿＿＿＿＿＿＿＿
＿＿＿＿＿＿＿＿＿＿
＿＿＿＿＿＿＿＿＿＿
＿＿＿＿＿＿＿＿＿＿
＿＿＿＿＿＿＿＿＿＿
＿＿＿＿＿＿＿＿＿＿
＿＿＿＿＿＿＿＿＿＿
＿＿＿＿＿＿＿＿＿＿
＿＿＿＿＿＿＿＿＿＿
＿＿＿＿＿＿＿＿＿＿
＿＿＿＿＿＿＿＿＿＿
＿＿＿＿＿＿＿＿＿＿
＿＿＿＿＿＿＿＿＿＿
＿＿＿■■■＿＿＿＿
□□□■□□＿＿＿＿
□□□□□＿＿＿＿＿
□□□□□□□＿＿＿
□□□□□□□□□＿
□□□□□□□□□＿
□□□□□□□□□＿
01:06:56(120486f):field(120485f)
＿＿＿＿＿＿＿＿＿＿
＿＿＿＿＿＿＿＿＿＿
＿＿＿＿＿＿＿＿＿＿
＿＿＿＿＿＿＿＿＿＿
＿＿＿＿＿＿＿＿＿＿
＿＿＿＿＿＿＿＿＿＿
＿＿＿＿＿＿＿＿＿＿
＿＿＿＿＿＿＿＿＿＿
＿＿＿＿＿＿＿＿＿＿
＿＿＿＿＿＿＿＿＿＿
＿＿＿＿＿＿＿＿＿＿
＿＿＿＿＿＿＿＿＿＿
＿＿＿＿＿＿＿＿＿＿
＿＿＿□□□＿＿＿＿
□□□□□□＿＿＿■
□□□□□＿＿＿■■
□□□□□□□＿■＿
□□□□□□□□□＿
□□□□□□□□□＿
□□□□□□□□□＿
01:06:56(120499f):field(120498f)
＿＿＿＿＿＿＿＿＿＿
＿＿＿＿＿＿＿＿＿＿
＿＿＿＿＿＿＿＿＿＿
＿＿＿＿＿＿＿＿＿＿
＿＿＿＿＿＿＿＿＿＿
＿＿＿＿＿＿＿＿＿＿
＿＿＿＿＿＿＿＿＿＿
＿＿＿＿＿＿＿＿＿＿
＿＿＿＿＿＿＿＿＿＿
＿＿＿＿＿＿＿＿＿＿
■＿＿＿＿＿＿＿＿＿
■＿＿＿＿＿＿＿＿＿
■＿＿＿＿＿＿＿＿＿
■＿＿□□□＿＿＿＿
□□□□□□＿＿＿□
□□□□□＿＿＿□□
□□□□□□□＿□＿
□□□□□□□□□＿
□□□□□□□□□＿
□□□□□□□□□＿
01:06:57(120518f):field(120517f)
＿＿＿＿＿＿＿＿＿＿
＿＿＿＿＿＿＿＿＿＿
＿＿＿＿＿＿＿＿＿＿
＿＿＿＿＿＿＿＿＿＿
＿＿＿＿＿＿＿＿＿＿
＿＿＿＿＿＿＿＿＿＿
＿＿＿＿＿＿＿＿＿＿
＿＿＿＿＿＿＿＿＿＿
＿＿＿＿＿＿＿＿＿＿
＿＿＿＿＿＿＿＿＿＿
◆＿＿＿＿＿＿＿＿＿
□＿＿＿＿＿＿＿＿＿
□＿＿＿＿＿＿＿＿＿
□＿＿◆◆◆＿＿＿＿
□◆□□□□＿＿＿◆
□□□□□■■＿◆□
□□□□□□□＿□＿
□□□□□□□□□＿
□□□□□□□□□＿
□□□□□□□□□＿
01:06:57(120530f):field(120529f)
＿＿＿＿＿＿＿＿＿＿
＿＿＿＿＿＿＿＿＿＿
＿＿＿＿＿＿＿＿＿＿
＿＿＿＿＿＿＿＿＿＿
＿＿＿＿＿＿＿＿＿＿
＿＿＿＿＿＿＿＿＿＿
＿＿＿＿＿＿＿＿＿＿
＿＿＿＿＿＿＿＿＿＿
＿＿＿＿＿＿＿＿＿＿
＿＿＿＿＿＿＿＿＿＿
＿＿＿＿＿＿＿＿＿＿
□＿＿＿＿＿＿＿＿＿
□＿＿＿＿＿＿＿＿＿
□＿■■＿＿＿＿＿＿
□■□□□□＿＿＿＿
□□□□□□□＿＿□
□□□□□□□＿□＿
□□□□□□□□□＿
□□□□□□□□□＿
□□□□□□□□□＿
01:06:58(120542f):field(120541f)
＿＿＿＿＿＿＿＿＿＿
＿＿＿＿＿＿＿＿＿＿
＿＿＿＿＿＿＿＿＿＿
＿＿＿＿＿＿＿＿＿＿
＿＿＿＿＿＿＿＿＿＿
＿＿＿＿＿＿＿＿＿＿
＿＿＿＿＿＿＿＿＿＿
＿＿＿＿＿＿＿＿＿＿
＿＿＿＿＿＿＿＿＿＿
＿＿＿＿＿＿＿＿＿＿
＿＿＿＿＿＿＿＿＿＿
□＿＿＿＿＿＿＿＿＿
□＿＿＿＿＿＿＿＿＿
□＿□□＿＿＿＿＿＿
□□□□□□■■＿＿
□□□□□□□■＿□
□□□□□□□■□＿
□□□□□□□□□＿
□□□□□□□□□＿
□□□□□□□□□＿
01:06:58(120557f):field(120556f)
＿＿＿＿＿＿＿＿＿＿
＿＿＿＿＿＿＿＿＿＿
＿＿＿＿＿＿＿＿＿＿
＿＿＿＿＿＿＿＿＿＿
＿＿＿＿＿＿＿＿＿＿
＿＿＿＿＿＿＿＿＿＿
＿＿＿＿＿＿＿＿＿＿
＿＿＿＿＿＿＿＿＿＿
＿＿＿＿＿＿＿＿＿＿
＿＿＿＿＿＿＿＿＿＿
＿＿＿＿＿＿＿＿＿＿
□＿＿＿＿＿＿＿＿＿
□＿＿＿■＿＿＿＿＿
□＿□□■■■＿＿＿
□□□□□□□□＿＿
□□□□□□□□＿□
□□□□□□□□□＿
□□□□□□□□□＿
□□□□□□□□□＿
□□□□□□□□□＿
01:06:58(120568f):field(120567f)
＿＿＿＿＿＿＿＿＿＿
＿＿＿＿＿＿＿＿＿＿
＿＿＿＿＿＿＿＿＿＿
＿＿＿＿＿＿＿＿＿＿
＿＿＿＿＿＿＿＿＿＿
＿＿＿＿＿＿＿＿＿＿
＿＿＿＿＿＿＿＿＿＿
＿＿＿＿＿＿＿＿＿＿
＿＿＿＿＿＿＿＿＿＿
＿＿＿＿＿＿＿＿＿＿
＿＿＿＿＿＿＿＿＿＿
□＿＿＿＿■■＿＿＿
□＿＿＿□■■＿＿＿
□＿□□□□□＿＿＿
□□□□□□□□＿＿
□□□□□□□□＿□
□□□□□□□□□＿
□□□□□□□□□＿
□□□□□□□□□＿
□□□□□□□□□＿
01:06:59(120583f):field(120582f)
＿＿＿＿＿＿＿＿＿＿
＿＿＿＿＿＿＿＿＿＿
＿＿＿＿＿＿＿＿＿＿
＿＿＿＿＿＿＿＿＿＿
＿＿＿＿＿＿＿＿＿＿
＿＿＿＿＿＿＿＿＿＿
＿＿＿＿＿＿＿＿＿＿
＿＿＿＿＿＿＿＿＿＿
＿＿＿＿＿＿＿＿＿＿
＿＿＿＿＿＿＿＿＿＿
＿＿＿＿＿＿＿＿＿＿
□＿■＿＿□□＿＿＿
□■■＿□□□＿＿＿
□■□□□□□＿＿＿
□□□□□□□□＿＿
□□□□□□□□＿□
□□□□□□□□□＿
□□□□□□□□□＿
□□□□□□□□□＿
□□□□□□□□□＿
01:06:59(120595f):field(120594f)
＿＿＿＿＿＿＿＿＿＿
＿＿＿＿＿＿＿＿＿＿
＿＿＿＿＿＿＿＿＿＿
＿＿＿＿＿＿＿＿＿＿
＿＿＿＿＿＿＿＿＿＿
＿＿＿＿＿＿＿＿＿＿
＿＿＿＿＿＿＿＿＿＿
＿＿＿＿＿＿＿＿＿＿
＿＿＿＿＿＿＿＿＿＿
＿＿＿＿＿＿＿＿＿＿
＿＿＿＿■■＿＿＿＿
□＿□■■□□＿＿＿
□□□＿□□□＿＿＿
□□□□□□□＿＿＿
□□□□□□□□＿＿
□□□□□□□□＿□
□□□□□□□□□＿
□□□□□□□□□＿
□□□□□□□□□＿
□□□□□□□□□＿
01:07:00(120611f):field(120610f)
＿＿＿＿＿＿＿＿＿＿
＿＿＿＿＿＿＿＿＿＿
＿＿＿＿＿＿＿＿＿＿
＿＿＿＿＿＿＿＿＿＿
＿＿＿＿＿＿＿＿＿＿
＿＿＿＿＿＿＿＿＿＿
＿＿＿＿＿＿＿＿＿＿
＿＿＿＿＿＿＿＿＿＿
＿＿＿＿＿＿＿＿＿＿
＿＿＿＿＿＿＿＿＿＿
＿＿＿＿◆◆＿＿＿＿
◆＿◆◆□□◆＿＿＿
□◆□■□□□＿＿＿
□□□◆□□□＿＿＿
□□□□□□□□■＿
□□□□□□□□■◆
□□□□□□□□□＿
□□□□□□□□□＿
□□□□□□□□□＿
□□□□□□□□□＿
01:07:00(120624f):field(120623f)
＿＿＿＿＿＿＿＿＿＿
＿＿＿＿＿＿＿＿＿＿
＿＿＿＿＿＿＿＿＿＿
＿＿＿＿＿＿＿＿＿＿
＿＿＿＿＿＿＿＿＿＿
＿＿＿＿＿＿＿＿＿＿
＿＿＿＿＿＿＿＿＿＿
＿＿＿＿＿＿＿＿＿＿
＿＿＿＿＿＿＿＿＿＿
＿＿＿＿＿＿＿＿＿＿
＿＿＿＿＿＿＿＿＿＿
■■■＿□□＿＿＿＿
□■□□□□□＿＿＿
□□□＿□□□＿＿＿
□□□□□□□□□＿
□□□□□□□□□＿
□□□□□□□□□＿
□□□□□□□□□＿
□□□□□□□□□＿
□□□□□□□□□＿
01:07:01(120640f):field(120639f)
＿＿＿＿＿＿＿＿＿＿
＿＿＿＿＿＿＿＿＿＿
＿＿＿＿＿＿＿＿＿＿
＿＿＿＿＿＿＿＿＿＿
＿＿＿＿＿＿＿＿＿＿
＿＿＿＿＿＿＿＿＿＿
＿＿＿＿＿＿＿＿＿＿
＿＿＿＿＿＿＿＿＿＿
＿＿＿＿＿＿＿＿＿＿
＿＿＿＿＿＿＿＿＿＿
＿＿＿＿＿＿＿＿＿＿
◆◆◆＿◆◆＿＿＿＿
□□□◆□□◆＿＿＿
□□□■□□□＿＿＿
□□□◆□□□□□■
□□□□□□□□□＿
□□□□□□□□□＿
□□□□□□□□□＿
□□□□□□□□□＿
□□□□□□□□□＿
01:07:01(120655f):field(120654f)
＿＿＿＿＿＿＿＿＿＿
＿＿＿＿＿＿＿＿＿＿
＿＿＿＿＿＿＿＿＿＿
＿＿＿＿＿＿＿＿＿＿
＿＿＿＿＿＿＿＿＿＿
＿＿＿＿＿＿＿＿＿＿
＿＿＿＿＿＿＿＿＿＿
＿＿＿＿＿＿＿＿＿＿
＿＿＿＿＿＿＿＿＿＿
＿＿＿＿＿＿＿＿＿＿
＿＿＿＿＿＿＿＿＿＿
＿＿＿＿＿＿＿＿＿＿
□□□＿□□■■＿＿
□□□□□□□■■＿
□□□＿□□□□□□
□□□□□□□□□＿
□□□□□□□□□＿
□□□□□□□□□＿
□□□□□□□□□＿
□□□□□□□□□＿
01:07:02(120667f):field(120666f)
＿＿＿＿＿＿＿＿＿＿
＿＿＿＿＿＿＿＿＿＿
＿＿＿＿＿＿＿＿＿＿
＿＿＿＿＿＿＿＿＿＿
＿＿＿＿＿＿＿＿＿＿
＿＿＿＿＿＿＿＿＿＿
＿＿＿＿＿＿＿＿＿＿
＿＿＿＿＿＿＿＿＿＿
＿＿＿＿＿＿＿＿＿＿
＿＿＿＿＿＿＿＿＿＿
＿＿＿＿■■＿＿＿＿
＿＿＿＿■■＿＿＿＿
□□□＿□□□□＿＿
□□□□□□□□□＿
□□□＿□□□□□□
□□□□□□□□□＿
□□□□□□□□□＿
□□□□□□□□□＿
□□□□□□□□□＿
□□□□□□□□□＿
01:07:02(120683f):field(120682f)
＿＿＿＿＿＿＿＿＿＿
＿＿＿＿＿＿＿＿＿＿
＿＿＿＿＿＿＿＿＿＿
＿＿＿＿＿＿＿＿＿＿
＿＿＿＿＿＿＿＿＿＿
＿＿＿＿＿＿＿＿＿＿
＿＿＿＿＿＿＿＿＿＿
＿＿＿＿＿＿＿＿＿＿
＿＿＿＿＿＿＿＿＿＿
＿＿＿＿＿＿＿＿＿＿
＿＿＿＿◆◆＿＿＿＿
＿＿＿＿□□＿＿＿＿
□◆◆＿□□◆◆■＿
□□□◆□□□□□■
□□□＿□□□□□□
□□□□□□□□□＿
□□□□□□□□□＿
□□□□□□□□□＿
□□□□□□□□□＿
□□□□□□□□□＿
01:07:03(120700f):field(120699f)
＿＿＿＿＿＿＿＿＿＿
＿＿＿＿＿＿＿＿＿＿
＿＿＿＿＿＿＿＿＿＿
＿＿＿＿＿＿＿＿＿＿
＿＿＿＿＿＿＿＿＿＿
＿＿＿＿＿＿＿＿＿＿
＿＿＿＿＿＿＿＿＿＿
＿＿＿＿＿＿＿＿＿＿
＿＿＿＿＿＿＿＿＿＿
＿＿＿＿＿＿＿＿＿＿
＿＿＿＿＿＿＿＿＿＿
＿＿＿＿◆◆＿＿＿＿
◆＿＿＿◆□＿＿◆＿
◆◆◆■□□□◆◆◆
◆◆◆■□□□◆□◆
□□□□□□□□□＿
□□□□□□□□□＿
□□□□□□□□□＿
□□□□□□□□□＿
□□□□□□□□□＿
01:07:03(120711f):field(120710f)
＿＿＿＿＿＿＿＿＿＿
＿＿＿＿＿＿＿＿＿＿
＿＿＿＿＿＿＿＿＿＿
＿＿＿＿＿＿＿＿＿＿
＿＿＿＿＿＿＿＿＿＿
＿＿＿＿＿＿＿＿＿＿
＿＿＿＿＿＿＿＿＿＿
＿＿＿＿＿＿＿＿＿＿
＿＿＿＿＿＿＿＿＿＿
＿＿＿＿＿＿＿＿＿＿
＿＿＿＿＿＿＿＿＿＿
＿＿＿＿＿＿＿＿＿＿
＿＿＿＿＿◆＿＿＿＿
■＿＿□□□◆＿＿＿
■■■□□□◆＿□＿
□□□□□□□□□＿
□□□□□□□□□＿
□□□□□□□□□＿
□□□□□□□□□＿
□□□□□□□□□＿
01:07:04(120725f):field(120724f)
＿＿＿＿＿＿＿＿＿＿
＿＿＿＿＿＿＿＿＿＿
＿＿＿＿＿＿＿＿＿＿
＿＿＿＿＿＿＿＿＿＿
＿＿＿＿＿＿＿＿＿＿
＿＿＿＿＿＿＿＿＿＿
＿＿＿＿＿＿＿＿＿＿
＿＿＿＿＿＿＿＿＿＿
＿＿＿＿＿＿＿＿＿＿
＿＿＿＿＿＿＿＿＿＿
＿＿＿＿＿＿＿＿＿＿
＿＿＿＿＿＿＿＿＿＿
＿＿＿＿＿＿＿■＿＿
□＿＿□□□＿■■＿
□□□□□□＿■□＿
□□□□□□□□□＿
□□□□□□□□□＿
□□□□□□□□□＿
□□□□□□□□□＿
□□□□□□□□□＿
01:07:04(120739f):field(120738f)
＿＿＿＿＿＿＿＿＿＿
＿＿＿＿＿＿＿＿＿＿
＿＿＿＿＿＿＿＿＿＿
＿＿＿＿＿＿＿＿＿＿
＿＿＿＿＿＿＿＿＿＿
＿＿＿＿＿＿＿＿＿＿
＿＿＿＿＿＿＿＿＿＿
＿＿＿＿＿＿＿＿＿＿
＿＿＿＿＿＿＿＿＿＿
＿＿＿＿＿＿＿＿＿＿
＿＿＿＿＿＿＿＿＿＿
＿＿＿＿＿＿＿＿＿＿
＿＿＿＿＿■■□＿＿
□＿＿□□□■□□＿
□□□□□□■□□＿
□□□□□□□□□＿
□□□□□□□□□＿
□□□□□□□□□＿
□□□□□□□□□＿
□□□□□□□□□＿
01:07:05(120751f):field(120750f)
＿＿＿＿＿＿＿＿＿＿
＿＿＿＿＿＿＿＿＿＿
＿＿＿＿＿＿＿＿＿＿
＿＿＿＿＿＿＿＿＿＿
＿＿＿＿＿＿＿＿＿＿
＿＿＿＿＿＿＿＿＿＿
＿＿＿＿＿＿＿＿＿＿
＿＿＿＿＿＿＿＿＿＿
＿＿＿＿＿＿＿＿＿＿
＿＿＿＿＿＿＿＿＿＿
＿＿＿＿＿＿＿＿＿＿
＿＿＿＿＿＿＿＿＿＿
＿＿■■＿□□□＿＿
□■■□□□□□□＿
□□□□□□□□□＿
□□□□□□□□□＿
□□□□□□□□□＿
□□□□□□□□□＿
□□□□□□□□□＿
□□□□□□□□□＿
01:07:05(120764f):field(120763f)
＿＿＿＿＿＿＿＿＿＿
＿＿＿＿＿＿＿＿＿＿
＿＿＿＿＿＿＿＿＿＿
＿＿＿＿＿＿＿＿＿＿
＿＿＿＿＿＿＿＿＿＿
＿＿＿＿＿＿＿＿＿＿
＿＿＿＿＿＿＿＿＿＿
＿＿＿＿＿＿＿＿＿＿
＿＿＿＿＿＿＿＿＿＿
＿＿＿＿■＿＿＿＿＿
＿＿＿＿■＿＿＿＿＿
＿＿＿＿■＿＿＿＿＿
＿＿□□■□□□＿＿
□□□□□□□□□＿
□□□□□□□□□＿
□□□□□□□□□＿
□□□□□□□□□＿
□□□□□□□□□＿
□□□□□□□□□＿
□□□□□□□□□＿
01:07:05(120776f):field(120775f)
＿＿＿＿＿＿＿＿＿＿
＿＿＿＿＿＿＿＿＿＿
＿＿＿＿＿＿＿＿＿＿
＿＿＿＿＿＿＿＿＿＿
＿＿＿＿＿＿＿＿＿＿
＿＿＿＿＿＿＿＿＿＿
＿＿＿＿＿＿＿＿＿＿
＿＿＿＿＿＿＿＿＿＿
＿＿＿＿＿＿＿＿＿＿
＿＿＿■□＿＿＿＿＿
＿＿＿■□＿＿＿＿＿
＿＿■■□＿＿＿＿＿
＿＿□□□□□□＿＿
□□□□□□□□□＿
□□□□□□□□□＿
□□□□□□□□□＿
□□□□□□□□□＿
□□□□□□□□□＿
□□□□□□□□□＿
□□□□□□□□□＿
01:07:06(120789f):field(120788f)
＿＿＿＿＿＿＿＿＿＿
＿＿＿＿＿＿＿＿＿＿
＿＿＿＿＿＿＿＿＿＿
＿＿＿＿＿＿＿＿＿＿
＿＿＿＿＿＿＿＿＿＿
＿＿＿＿＿＿＿＿＿＿
＿＿＿＿＿＿＿＿＿＿
＿＿＿＿＿＿＿＿＿＿
＿＿＿＿＿＿＿＿＿＿
＿＿＿□□＿＿＿＿＿
＿＿＿□□＿■＿＿＿
＿＿□□□■■■＿＿
＿＿□□□□□□＿＿
□□□□□□□□□＿
□□□□□□□□□＿
□□□□□□□□□＿
□□□□□□□□□＿
□□□□□□□□□＿
□□□□□□□□□＿
□□□□□□□□□＿
01:07:06(120802f):field(120801f)
＿＿＿＿＿＿＿＿＿＿
＿＿＿＿＿＿＿＿＿＿
＿＿＿＿＿＿＿＿＿＿
＿＿＿＿＿＿＿＿＿＿
＿＿＿＿＿＿＿＿＿＿
＿＿＿＿＿＿＿＿＿＿
＿＿＿＿＿＿＿＿＿＿
＿＿＿＿＿＿＿＿＿＿
＿＿＿＿＿＿■＿＿＿
＿＿＿□□■■＿＿＿
＿＿＿□□■□＿＿＿
＿＿□□□□□□＿＿
＿＿□□□□□□＿＿
□□□□□□□□□＿
□□□□□□□□□＿
□□□□□□□□□＿
□□□□□□□□□＿
□□□□□□□□□＿
□□□□□□□□□＿
□□□□□□□□□＿
01:07:07(120816f):field(120815f)
＿＿＿＿＿＿＿＿＿＿
＿＿＿＿＿＿＿＿＿＿
＿＿＿＿＿＿＿＿＿＿
＿＿＿＿＿＿＿＿＿＿
＿＿＿＿＿＿＿＿＿＿
＿＿＿＿＿＿＿＿＿＿
＿＿＿＿＿＿＿＿＿＿
＿＿＿＿＿■■＿＿＿
＿＿＿＿■■□＿＿＿
＿＿＿□□□□＿＿＿
＿＿＿□□□□＿＿＿
＿＿□□□□□□＿＿
＿＿□□□□□□＿＿
□□□□□□□□□＿
□□□□□□□□□＿
□□□□□□□□□＿
□□□□□□□□□＿
□□□□□□□□□＿
□□□□□□□□□＿
□□□□□□□□□＿
01:07:07(120830f):field(120829f)
＿＿＿＿＿＿＿＿＿＿
＿＿＿＿＿＿＿＿＿＿
＿＿＿＿＿＿＿＿＿＿
＿＿＿＿＿＿＿＿＿＿
＿＿＿＿＿＿＿＿＿＿
＿＿＿＿＿＿＿＿＿＿
＿＿＿＿＿＿＿＿＿＿
＿＿＿＿＿□□＿＿＿
＿＿＿＿□□□＿＿＿
＿＿＿□□□□＿＿＿
＿＿＿□□□□＿＿＿
■■□□□□□□＿＿
■■□□□□□□＿＿
□□□□□□□□□＿
□□□□□□□□□＿
□□□□□□□□□＿
□□□□□□□□□＿
□□□□□□□□□＿
□□□□□□□□□＿
□□□□□□□□□＿
01:07:08(120847f):field(120846f)
＿＿＿＿＿＿＿＿＿＿
＿＿＿＿＿＿＿＿＿＿
＿＿＿＿＿＿＿＿＿＿
＿＿＿＿＿＿＿＿＿＿
＿＿＿＿＿＿＿＿＿＿
＿＿＿＿＿＿＿＿＿＿
＿＿＿＿＿＿＿＿＿＿
＿＿＿＿＿◆◆＿＿＿
＿＿＿＿◆◆◆＿＿＿
＿＿＿◆◆◆◆＿＿＿
＿＿＿◆◆◆◆＿＿＿
◆◆◆◆◆□□◆＿＿
◆◆◆◆□□□◆＿＿
◆◆◆□□□□◆◆＿
◆◆◆□□□□◆◆＿
□□□□□□□□◆＿
□□□□□□□□◆＿
□□□□□□□□□＿
□□□□□□□□□＿
□□□□□□□□□＿
01:07:08(120861f):field(120860f)
＿＿＿＿＿＿＿＿＿＿
＿＿＿＿＿＿＿＿＿＿
＿＿＿＿＿＿＿＿＿＿
＿＿＿＿＿＿＿＿＿＿
＿＿＿＿＿＿＿＿＿＿
＿＿＿＿＿＿＿＿＿＿
＿＿＿＿＿＿＿＿＿＿
＿＿＿＿＿＿＿＿＿＿
＿＿＿＿＿＿＿＿＿＿
＿＿＿＿＿＿＿＿＿＿
＿＿＿＿＿＿＿＿＿＿
＿＿＿＿＿□□＿＿＿
＿＿＿＿□□□＿＿＿
＿＿■□□□□＿＿＿
■■■□□□□＿＿＿
□□□□□□□□＿＿
□□□□□□□□＿＿
□□□□□□□□□＿
□□□□□□□□□＿
□□□□□□□□□＿
01:07:09(120873f):field(120872f)
＿＿＿＿＿＿＿＿＿＿
＿＿＿＿＿＿＿＿＿＿
＿＿＿＿＿＿＿＿＿＿
＿＿＿＿＿＿＿＿＿＿
＿＿＿＿＿＿＿＿＿＿
＿＿＿＿＿＿＿＿＿＿
＿＿＿＿＿＿＿＿＿＿
＿＿＿＿＿＿＿＿＿＿
＿＿＿＿＿＿＿＿＿＿
＿＿＿＿＿＿＿＿＿＿
＿＿＿■＿＿＿＿＿＿
＿＿＿■■□□＿＿＿
＿＿＿■□□□＿＿＿
＿＿□□□□□＿＿＿
□□□□□□□＿＿＿
□□□□□□□□＿＿
□□□□□□□□＿＿
□□□□□□□□□＿
□□□□□□□□□＿
□□□□□□□□□＿
01:07:09(120886f):field(120885f)
＿＿＿＿＿＿＿＿＿＿
＿＿＿＿＿＿＿＿＿＿
＿＿＿＿＿＿＿＿＿＿
＿＿＿＿＿＿＿＿＿＿
＿＿＿＿＿＿＿＿＿＿
＿＿＿＿＿＿＿＿＿＿
＿＿＿＿＿＿＿＿＿＿
＿＿＿＿＿＿＿＿＿＿
＿＿＿＿＿＿＿＿＿＿
＿＿＿■■＿＿＿＿＿
＿＿＿□■■＿＿＿＿
＿＿＿□□□□＿＿＿
＿＿＿□□□□＿＿＿
＿＿□□□□□＿＿＿
□□□□□□□＿＿＿
□□□□□□□□＿＿
□□□□□□□□＿＿
□□□□□□□□□＿
□□□□□□□□□＿
□□□□□□□□□＿
01:07:09(120899f):field(120898f)
＿＿＿＿＿＿＿＿＿＿
＿＿＿＿＿＿＿＿＿＿
＿＿＿＿＿＿＿＿＿＿
＿＿＿＿＿＿＿＿＿＿
＿＿＿＿＿＿＿＿＿＿
＿＿＿＿＿＿＿＿＿＿
＿＿＿＿＿＿＿＿＿＿
＿＿＿＿＿＿＿＿＿＿
＿＿＿＿＿＿＿＿＿＿
＿＿＿□□＿＿＿＿＿
＿＿＿□□□＿＿＿＿
＿＿＿□□□□＿＿＿
■■＿□□□□＿＿＿
■■□□□□□＿＿＿
□□□□□□□＿＿＿
□□□□□□□□＿＿
□□□□□□□□＿＿
□□□□□□□□□＿
□□□□□□□□□＿
□□□□□□□□□＿
01:07:10(120913f):field(120912f)
＿＿＿＿＿＿＿＿＿＿
＿＿＿＿＿＿＿＿＿＿
＿＿＿＿＿＿＿＿＿＿
＿＿＿＿＿＿＿＿＿＿
＿＿＿＿＿＿＿＿＿＿
＿＿＿＿＿＿＿＿＿＿
＿＿＿＿＿＿＿＿＿＿
＿＿＿＿＿＿＿＿＿＿
＿＿＿＿＿＿＿＿＿＿
＿＿＿□□＿＿＿＿＿
＿■＿□□□＿＿＿＿
＿■■□□□□＿＿＿
□□■□□□□＿＿＿
□□□□□□□＿＿＿
□□□□□□□＿＿＿
□□□□□□□□＿＿
□□□□□□□□＿＿
□□□□□□□□□＿
□□□□□□□□□＿
□□□□□□□□□＿
01:07:11(120931f):field(120930f)
＿＿＿＿＿＿＿＿＿＿
＿＿＿＿＿＿＿＿＿＿
＿＿＿＿＿＿＿＿＿＿
＿＿＿＿＿＿＿＿＿＿
＿＿＿＿＿＿＿＿＿＿
＿＿＿＿＿＿＿＿＿＿
＿＿＿＿＿＿＿＿＿＿
＿＿＿＿＿＿＿＿＿＿
＿＿＿＿＿＿＿＿＿＿
＿＿＿◆◆＿＿＿＿＿
＿◆＿◆◆◆＿＿＿＿
＿◆◆◆◆◆◆＿＿＿
◆◆◆□□◆◆＿＿＿
◆□◆□□□◆＿＿＿
◆□□□□□□＿＿＿
□□□□□□□◆＿＿
□□□□□□□◆＿＿
□□□□□□□□◆■
□□□□□□□□◆＿
□□□□□□□□□＿
01:07:11(120944f):field(120943f)
＿＿＿＿＿＿＿＿＿＿
＿＿＿＿＿＿＿＿＿＿
＿＿＿＿＿＿＿＿＿＿
＿＿＿＿＿＿＿＿＿＿
＿＿＿＿＿＿＿＿＿＿
＿＿＿＿＿＿＿＿＿＿
＿＿＿＿＿＿＿＿＿＿
＿＿＿＿＿＿＿＿＿＿
＿＿＿＿＿＿＿＿＿＿
＿＿＿＿＿＿＿＿＿＿
＿＿＿＿＿■＿＿＿＿
＿＿＿＿■■＿＿＿＿
＿＿＿□□■＿＿＿＿
＿□＿□□□＿＿＿＿
＿□□□□□□＿＿＿
□□□□□□□＿＿＿
□□□□□□□＿＿＿
□□□□□□□◆＿◆
□□□□□□□□＿＿
□□□□□□□□□＿
01:07:12(120963f):field(120962f)
＿＿＿＿＿＿＿＿＿＿
＿＿＿＿＿＿＿＿＿＿
＿＿＿＿＿＿＿＿＿＿
＿＿＿＿＿＿＿＿＿＿
＿＿＿＿＿＿＿＿＿＿
＿＿＿＿＿＿＿＿＿＿
＿＿＿＿＿＿＿＿＿＿
＿＿＿＿＿＿＿＿＿＿
＿＿＿＿＿＿＿＿＿＿
＿＿＿＿＿＿＿＿＿＿
＿＿＿＿＿□＿＿＿＿
＿＿■■□□＿＿＿＿
＿＿■□□□＿＿＿＿
＿□■□□□＿＿＿＿
＿□□□□□□＿＿＿
□□□□□□□＿＿＿
□□□□□□□＿＿＿
□□□□□□□＿＿＿
□□□□□□□□＿＿
□□□□□□□□□＿
01:07:12(120976f):field(120975f)
＿＿＿＿＿＿＿＿＿＿
＿＿＿＿＿＿＿＿＿＿
＿＿＿＿＿＿＿＿＿＿
＿＿＿＿＿＿＿＿＿＿
＿＿＿＿＿＿＿＿＿＿
＿＿＿＿＿＿＿＿＿＿
＿＿＿＿＿＿＿＿＿＿
＿＿＿＿＿＿＿＿＿＿
＿＿＿＿＿＿＿＿＿＿
＿＿＿■■＿＿＿＿＿
＿＿＿■■□＿＿＿＿
＿＿□□□□＿＿＿＿
＿＿□□□□＿＿＿＿
＿□□□□□＿＿＿＿
＿□□□□□□＿＿＿
□□□□□□□＿＿＿
□□□□□□□＿＿＿
□□□□□□□＿＿＿
□□□□□□□□＿＿
□□□□□□□□□＿
01:07:13(120991f):field(120990f)
＿＿＿＿＿＿＿＿＿＿
＿＿＿＿＿＿＿＿＿＿
＿＿＿＿＿＿＿＿＿＿
＿＿＿＿＿＿＿＿＿＿
＿＿＿＿＿＿＿＿＿＿
＿＿＿＿＿＿＿＿＿＿
＿＿＿＿＿＿＿＿＿＿
＿＿＿＿＿＿＿＿＿＿
＿＿＿＿＿＿＿＿＿＿
＿＿＿□□＿＿＿＿＿
＿＿＿□□□＿＿＿＿
■＿□□□□＿＿＿＿
■＿□□□□＿＿＿＿
■□□□□□＿＿＿＿
■□□□□□□＿＿＿
□□□□□□□＿＿＿
□□□□□□□＿＿＿
□□□□□□□＿＿＿
□□□□□□□□＿＿
□□□□□□□□□＿
01:07:13(121005f):field(121004f)
＿＿＿＿＿＿＿＿＿＿
＿＿＿＿＿＿＿＿＿＿
＿＿＿＿＿＿＿＿＿＿
＿＿＿＿＿＿＿＿＿＿
＿＿＿＿＿＿＿＿＿＿
＿＿＿＿＿＿＿＿＿＿
＿＿＿＿＿＿＿＿＿＿
＿＿＿＿＿＿＿＿＿＿
＿＿＿＿＿＿＿＿＿＿
＿＿＿□□＿＿＿＿＿
＿＿＿□□□＿＿＿＿
□＿□□□□＿＿＿＿
□＿□□□□＿＿＿＿
□□□□□□＿＿＿＿
□□□□□□□＿＿＿
□□□□□□□＿＿＿
□□□□□□□■＿＿
□□□□□□□■■＿
□□□□□□□□■＿
□□□□□□□□□＿
01:07:13(121018f):field(121017f)
＿＿＿＿＿＿＿＿＿＿
＿＿＿＿＿＿＿＿＿＿
＿＿＿＿＿＿＿＿＿＿
＿＿＿＿＿＿＿＿＿＿
＿＿＿＿＿＿＿＿＿＿
＿＿＿＿＿＿＿＿＿＿
＿＿＿＿＿＿＿＿＿＿
＿＿＿＿＿＿＿＿＿＿
＿＿＿＿＿＿＿＿＿＿
＿＿＿□□＿＿＿＿＿
■■＿□□□＿＿＿＿
□■□□□□＿＿＿＿
□■□□□□＿＿＿＿
□□□□□□＿＿＿＿
□□□□□□□＿＿＿
□□□□□□□＿＿＿
□□□□□□□□＿＿
□□□□□□□□□＿
□□□□□□□□□＿
□□□□□□□□□＿
01:07:14(121032f):field(121031f)
＿＿＿＿＿＿＿＿＿＿
＿＿＿＿＿＿＿＿＿＿
＿＿＿＿＿＿＿＿＿＿
＿＿＿＿＿＿＿＿＿＿
＿＿＿＿＿＿＿＿＿＿
＿＿＿＿＿＿＿＿＿＿
＿＿＿＿＿＿＿＿＿＿
＿＿＿＿＿＿＿＿＿＿
＿＿＿＿＿＿＿＿＿＿
■■■□□＿＿＿＿＿
□□■□□□＿＿＿＿
□□□□□□＿＿＿＿
□□□□□□＿＿＿＿
□□□□□□＿＿＿＿
□□□□□□□＿＿＿
□□□□□□□＿＿＿
□□□□□□□□＿＿
□□□□□□□□□＿
□□□□□□□□□＿
□□□□□□□□□＿
01:07:14(121048f):field(121047f)
＿＿＿＿＿＿＿＿＿＿
＿＿＿＿＿＿＿＿＿＿
＿＿＿＿＿＿＿＿＿＿
＿＿＿＿＿＿＿＿＿＿
＿＿＿＿＿＿＿＿＿＿
＿＿＿＿＿＿＿＿＿＿
＿＿＿＿＿＿＿＿＿＿
＿＿＿＿＿＿＿＿＿＿
＿＿＿＿＿＿＿＿＿＿
◆◆◆◆◆＿＿＿＿＿
□□□□□◆＿＿＿＿
□□□□□□＿＿＿＿
□□□□□□＿＿＿＿
□□□□□□＿＿＿＿
□□□□□□◆＿＿＿
□□□□□□□＿＿＿
□□□□□□□□■＿
□□□□□□□□□＿
□□□□□□□□□＿
□□□□□□□□□＿
01:07:15(121064f):field(121063f)
＿＿＿＿＿＿＿＿＿＿
＿＿＿＿＿＿＿＿＿＿
＿＿＿＿＿＿＿＿＿＿
＿＿＿＿＿＿＿＿＿＿
＿＿＿＿＿＿＿＿＿＿
＿＿＿＿＿＿＿＿＿＿
＿＿＿＿＿＿＿＿＿＿
＿＿＿＿＿＿＿＿＿＿
＿＿＿＿＿＿＿＿＿＿
＿＿＿＿＿＿＿＿＿＿
◆◆◆◆◆＿＿＿＿＿
◆◆◆◆◆◆＿＿＿＿
◆◆◆◆◆◆＿＿＿＿
◆◆◆◆◆◆＿＿＿＿
□□□□□◆＿＿＿＿
□□□□□□◆＿＿＿
□□□□□□◆◆◆＿
□□□□□□◆◆◆■
□□□□□□□□◆＿
□□□□□□□◆◆＿
01:07:15(121078f):field(121077f)
＿＿＿＿＿＿＿＿＿＿
＿＿＿＿＿＿＿＿＿＿
＿＿＿＿＿＿＿＿＿＿
＿＿＿＿＿＿＿＿＿＿
＿＿＿＿＿＿＿＿＿＿
＿＿＿＿＿＿＿＿＿＿
＿＿＿＿＿＿＿＿＿＿
＿＿＿＿＿＿＿＿＿＿
＿＿＿＿＿＿＿＿＿＿
＿＿＿＿＿＿＿＿＿＿
＿＿＿＿＿＿＿＿＿＿
＿＿＿＿＿＿＿＿＿＿
＿＿＿＿＿＿＿＿＿＿
＿＿＿＿＿＿＿＿＿＿
□□□□□＿＿＿＿＿
□□□□□□＿＿＿＿
□□□□□□＿＿＿＿
□□□□□□＿＿＿◆
□□□□□□◆□■＿
□□□□□□□■■＿
01:07:16(121090f):field(121089f)
＿＿＿＿＿＿＿＿＿＿
＿＿＿＿＿＿＿＿＿＿
＿＿＿＿＿＿＿＿＿＿
＿＿＿＿＿＿＿＿＿＿
＿＿＿＿＿＿＿＿＿＿
＿＿＿＿＿＿＿＿＿＿
＿＿＿＿＿＿＿＿＿＿
＿＿＿＿＿＿＿＿＿＿
＿＿＿＿＿＿＿＿＿＿
＿＿＿＿＿＿＿＿＿＿
＿＿＿＿＿＿＿＿＿＿
＿＿＿＿＿＿＿＿＿＿
＿＿＿＿＿＿＿＿＿＿
＿＿＿＿＿＿＿＿＿＿
□□□□□＿＿＿＿＿
□□□□□□＿＿＿＿
□□□□□□＿＿＿＿
□□□□□□■■■＿
□□□□□□■□□＿
□□□□□□□□□＿
01:07:16(121105f):field(121104f)
＿＿＿＿＿＿＿＿＿＿
＿＿＿＿＿＿＿＿＿＿
＿＿＿＿＿＿＿＿＿＿
＿＿＿＿＿＿＿＿＿＿
＿＿＿＿＿＿＿＿＿＿
＿＿＿＿＿＿＿＿＿＿
＿＿＿＿＿＿＿＿＿＿
＿＿＿＿＿＿＿＿＿＿
＿＿＿＿＿＿＿＿＿＿
＿＿＿＿＿＿＿＿＿＿
＿＿＿＿＿＿＿＿＿＿
＿＿＿＿＿＿＿＿＿＿
＿＿＿＿＿＿＿＿＿＿
＿＿＿＿＿＿＿＿＿＿
□□□□□＿＿＿＿＿
□□□□□□＿■＿＿
□□□□□□■■■＿
□□□□□□□□□＿
□□□□□□□□□＿
□□□□□□□□□＿
01:07:17(121116f):field(121115f)
＿＿＿＿＿＿＿＿＿＿
＿＿＿＿＿＿＿＿＿＿
＿＿＿＿＿＿＿＿＿＿
＿＿＿＿＿＿＿＿＿＿
＿＿＿＿＿＿＿＿＿＿
＿＿＿＿＿＿＿＿＿＿
＿＿＿＿＿＿＿＿＿＿
＿＿＿＿＿＿＿＿＿＿
＿＿＿＿＿＿＿＿＿＿
＿＿＿＿＿＿＿＿＿＿
＿＿＿＿＿＿＿＿＿＿
＿＿＿＿＿＿＿＿＿＿
＿＿＿＿＿＿＿＿＿＿
＿＿＿■■■＿＿＿＿
□□□□□■＿＿＿＿
□□□□□□＿□＿＿
□□□□□□□□□＿
□□□□□□□□□＿
□□□□□□□□□＿
□□□□□□□□□＿
01:07:17(121129f):field(121128f)
＿＿＿＿＿＿＿＿＿＿
＿＿＿＿＿＿＿＿＿＿
＿＿＿＿＿＿＿＿＿＿
＿＿＿＿＿＿＿＿＿＿
＿＿＿＿＿＿＿＿＿＿
＿＿＿＿＿＿＿＿＿＿
＿＿＿＿＿＿＿＿＿＿
＿＿＿＿＿＿＿＿＿＿
＿＿＿＿＿＿＿＿＿＿
＿＿＿＿＿＿＿＿＿＿
＿＿＿＿＿＿＿＿＿＿
＿＿＿＿＿＿＿＿＿＿
＿＿＿＿＿＿■＿＿＿
＿＿＿□□□■＿＿＿
□□□□□□■＿＿＿
□□□□□□■□＿＿
□□□□□□□□□＿
□□□□□□□□□＿
□□□□□□□□□＿
□□□□□□□□□＿
01:07:18(121140f):field(121139f)
＿＿＿＿＿＿＿＿＿＿
＿＿＿＿＿＿＿＿＿＿
＿＿＿＿＿＿＿＿＿＿
＿＿＿＿＿＿＿＿＿＿
＿＿＿＿＿＿＿＿＿＿
＿＿＿＿＿＿＿＿＿＿
＿＿＿＿＿＿＿＿＿＿
＿＿＿＿＿＿＿＿＿＿
＿＿＿＿＿＿＿＿＿＿
＿＿＿＿＿＿＿＿＿＿
＿＿＿＿＿＿＿＿＿＿
＿＿＿＿■■＿＿＿＿
＿＿＿＿■■□＿＿＿
＿＿＿□□□□＿＿＿
□□□□□□□＿＿＿
□□□□□□□□＿＿
□□□□□□□□□＿
□□□□□□□□□＿
□□□□□□□□□＿
□□□□□□□□□＿
01:07:18(121160f):field(121159f)
＿＿＿＿＿＿＿＿＿＿
＿＿＿＿＿＿＿＿＿＿
＿＿＿＿＿＿＿＿＿＿
＿＿＿＿＿＿＿＿＿＿
＿＿＿＿＿＿＿＿＿＿
＿＿＿＿＿＿＿＿＿＿
＿＿＿＿＿＿＿＿＿＿
＿＿＿＿＿＿＿＿＿＿
＿＿＿＿＿＿＿＿＿＿
＿＿＿＿＿＿＿＿＿＿
＿＿＿＿＿＿＿＿＿＿
＿＿＿■□□＿＿＿＿
＿＿■■□□□＿＿＿
＿＿■□□□□＿＿＿
□□□□□□□＿＿＿
□□□□□□□□＿＿
□□□□□□□□□＿
□□□□□□□□□＿
□□□□□□□□□＿
□□□□□□□□□＿
01:07:19(121174f):field(121173f)
＿＿＿＿＿＿＿＿＿＿
＿＿＿＿＿＿＿＿＿＿
＿＿＿＿＿＿＿＿＿＿
＿＿＿＿＿＿＿＿＿＿
＿＿＿＿＿＿＿＿＿＿
＿＿＿＿＿＿＿＿＿＿
＿＿＿＿＿＿＿＿＿＿
＿＿＿＿＿＿＿＿＿＿
＿＿＿＿＿＿＿＿＿＿
＿＿＿＿＿＿＿＿＿＿
＿＿＿＿＿＿＿＿＿＿
■＿＿□□□＿＿＿＿
■＿□□□□□＿＿＿
■■□□□□□＿＿＿
□□□□□□□＿＿＿
□□□□□□□□＿＿
□□□□□□□□□＿
□□□□□□□□□＿
□□□□□□□□□＿
□□□□□□□□□＿
01:07:19(121187f):field(121186f)
＿＿＿＿＿＿＿＿＿＿
＿＿＿＿＿＿＿＿＿＿
＿＿＿＿＿＿＿＿＿＿
＿＿＿＿＿＿＿＿＿＿
＿＿＿＿＿＿＿＿＿＿
＿＿＿＿＿＿＿＿＿＿
＿＿＿＿＿＿＿＿＿＿
＿＿＿＿＿＿＿＿＿＿
＿＿＿＿＿＿＿＿＿＿
＿＿＿＿＿＿＿＿＿＿
＿＿＿＿＿＿＿＿＿＿
□＿＿□□□＿＿＿＿
□＿□□□□□＿＿＿
□□□□□□□■＿＿
□□□□□□□■■＿
□□□□□□□□■＿
□□□□□□□□□＿
□□□□□□□□□＿
□□□□□□□□□＿
□□□□□□□□□＿
01:07:20(121200f):field(121199f)
＿＿＿＿＿＿＿＿＿＿
＿＿＿＿＿＿＿＿＿＿
＿＿＿＿＿＿＿＿＿＿
＿＿＿＿＿＿＿＿＿＿
＿＿＿＿＿＿＿＿＿＿
＿＿＿＿＿＿＿＿＿＿
＿＿＿＿＿＿＿＿＿＿
＿＿＿＿＿＿＿＿＿＿
＿＿＿＿＿＿＿＿＿＿
＿＿＿＿＿＿＿＿＿＿
＿■＿＿＿＿＿＿＿＿
□■■□□□＿＿＿＿
□■□□□□□＿＿＿
□□□□□□□□＿＿
□□□□□□□□□＿
□□□□□□□□□＿
□□□□□□□□□＿
□□□□□□□□□＿
□□□□□□□□□＿
□□□□□□□□□＿
01:07:20(121216f):field(121215f)
＿＿＿＿＿＿＿＿＿＿
＿＿＿＿＿＿＿＿＿＿
＿＿＿＿＿＿＿＿＿＿
＿＿＿＿＿＿＿＿＿＿
＿＿＿＿＿＿＿＿＿＿
＿＿＿＿＿＿＿＿＿＿
＿＿＿＿＿＿＿＿＿＿
＿＿＿＿＿＿＿＿＿＿
＿＿＿＿＿＿＿＿＿＿
＿＿＿＿＿＿＿＿＿＿
＿◆＿＿＿＿＿＿＿＿
◆◆◆◆◆◆＿＿＿＿
◆◆◆◆◆◆◆＿＿＿
◆◆◆◆◆◆◆◆＿＿
◆□◆◆◆◆◆◆◆＿
□□□□□□◆◆◆＿
□□□□□□□◆□＿
□□□□□□□□◆■
□□□□□□□□□＿
□□□□□□□□□■
01:07:20(121229f):field(121228f)
＿＿＿＿＿＿＿＿＿＿
＿＿＿＿＿＿＿＿＿＿
＿＿＿＿＿＿＿＿＿＿
＿＿＿＿＿＿＿＿＿＿
＿＿＿＿＿＿＿＿＿＿
＿＿＿＿＿＿＿＿＿＿
＿＿＿＿＿＿＿＿＿＿
＿＿＿＿＿＿＿＿＿＿
＿＿＿＿＿＿＿＿＿＿
＿＿＿＿＿＿＿＿＿＿
＿＿＿＿＿＿＿＿＿＿
＿＿＿＿＿＿＿＿＿＿
＿＿＿＿＿＿＿＿＿＿
＿＿＿■■＿＿＿＿＿
＿□＿■■＿＿＿＿＿
□□□□□□＿＿＿＿
□□□□□□□＿◆＿
□□□□□□□□＿◆
□□□□□□□□□＿
□□□□□□□□□◆
01:07:21(121242f):field(121241f)
＿＿＿＿＿＿＿＿＿＿
＿＿＿＿＿＿＿＿＿＿
＿＿＿＿＿＿＿＿＿＿
＿＿＿＿＿＿＿＿＿＿
＿＿＿＿＿＿＿＿＿＿
＿＿＿＿＿＿＿＿＿＿
＿＿＿＿＿＿＿＿＿＿
＿＿＿＿＿＿＿＿＿＿
＿＿＿＿＿＿＿＿＿＿
＿＿＿＿＿＿＿＿＿＿
＿＿＿＿＿＿＿＿＿＿
＿＿＿＿＿＿＿＿＿＿
＿■＿＿＿＿＿＿＿＿
■■＿□□＿＿＿＿＿
■□＿□□＿＿＿＿＿
□□□□□□＿＿＿＿
□□□□□□□＿＿＿
□□□□□□□□＿＿
□□□□□□□□□＿
□□□□□□□□□＿
01:07:21(121255f):field(121254f)
＿＿＿＿＿＿＿＿＿＿
＿＿＿＿＿＿＿＿＿＿
＿＿＿＿＿＿＿＿＿＿
＿＿＿＿＿＿＿＿＿＿
＿＿＿＿＿＿＿＿＿＿
＿＿＿＿＿＿＿＿＿＿
＿＿＿＿＿＿＿＿＿＿
＿＿＿＿＿＿＿＿＿＿
＿＿＿＿＿＿＿＿＿＿
＿＿＿＿＿＿＿＿＿＿
＿＿＿＿＿＿＿＿＿＿
＿＿＿＿＿＿＿＿＿＿
＿□■■＿＿＿＿＿＿
□□■□□＿＿＿＿＿
□□■□□＿＿＿＿＿
□□□□□□＿＿＿＿
□□□□□□□＿＿＿
□□□□□□□□＿＿
□□□□□□□□□＿
□□□□□□□□□＿
01:07:22(121268f):field(121267f)
＿＿＿＿＿＿＿＿＿＿
＿＿＿＿＿＿＿＿＿＿
＿＿＿＿＿＿＿＿＿＿
＿＿＿＿＿＿＿＿＿＿
＿＿＿＿＿＿＿＿＿＿
＿＿＿＿＿＿＿＿＿＿
＿＿＿＿＿＿＿＿＿＿
＿＿＿＿＿＿＿＿＿＿
＿＿＿＿＿＿＿＿＿＿
＿＿＿＿＿＿＿＿＿＿
＿＿＿＿＿＿＿＿＿＿
＿＿＿＿＿＿＿＿＿＿
＿□□□＿＿＿＿＿＿
□□□□□＿＿＿＿＿
□□□□□＿＿＿＿＿
□□□□□□＿■＿＿
□□□□□□□■■＿
□□□□□□□□■＿
□□□□□□□□□＿
□□□□□□□□□＿
01:07:22(121280f):field(121279f)
＿＿＿＿＿＿＿＿＿＿
＿＿＿＿＿＿＿＿＿＿
＿＿＿＿＿＿＿＿＿＿
＿＿＿＿＿＿＿＿＿＿
＿＿＿＿＿＿＿＿＿＿
＿＿＿＿＿＿＿＿＿＿
＿＿＿＿＿＿＿＿＿＿
＿＿＿＿＿＿＿＿＿＿
＿＿＿＿＿＿＿＿＿＿
＿＿＿＿＿＿＿＿＿＿
＿＿＿＿＿＿＿＿＿＿
＿＿＿＿＿＿＿＿＿＿
＿□□□＿＿＿＿＿＿
□□□□□＿＿＿＿＿
□□□□□■■■＿＿
□□□□□□■□＿＿
□□□□□□□□□＿
□□□□□□□□□＿
□□□□□□□□□＿
□□□□□□□□□＿
01:07:23(121298f):field(121297f)
＿＿＿＿＿＿＿＿＿＿
＿＿＿＿＿＿＿＿＿＿
＿＿＿＿＿＿＿＿＿＿
＿＿＿＿＿＿＿＿＿＿
＿＿＿＿＿＿＿＿＿＿
＿＿＿＿＿＿＿＿＿＿
＿＿＿＿＿＿＿＿＿＿
＿＿＿＿＿＿＿＿＿＿
＿＿＿＿＿＿＿＿＿＿
＿＿＿＿＿＿＿＿＿＿
＿＿＿＿＿＿＿＿＿＿
＿＿＿＿＿＿＿＿＿＿
＿◆◆◆＿＿＿＿＿＿
◆◆◆◆◆＿＿＿＿＿
◆◆◆◆◆◆◆◆＿＿
◆◆◆◆◆□◆◆＿＿
◆□□□◆◆◆◆◆＿
□□□□□◆◆◆◆＿
□□□□□□□□◆＿
□□□□□□□□◆＿
01:07:23(121311f):field(121310f)
＿＿＿＿＿＿＿＿＿＿
＿＿＿＿＿＿＿＿＿＿
＿＿＿＿＿＿＿＿＿＿
＿＿＿＿＿＿＿＿＿＿
＿＿＿＿＿＿＿＿＿＿
＿＿＿＿＿＿＿＿＿＿
＿＿＿＿＿＿＿＿＿＿
＿＿＿＿＿＿＿＿＿＿
＿＿＿＿＿＿＿＿＿＿
＿＿＿＿＿＿＿＿＿＿
＿＿＿＿＿＿＿＿＿＿
＿＿＿＿＿＿＿＿＿＿
＿＿＿＿＿＿＿＿＿＿
＿＿＿＿＿＿＿＿＿＿
＿＿＿＿＿＿＿＿＿＿
＿＿＿＿■□＿＿＿＿
＿□□□＿■＿＿＿＿
□□□□□■＿＿＿＿
□□□□□□□□＿＿
□□□□□□□□＿＿
01:07:24(121329f):field(121328f)
＿＿＿＿＿＿＿＿＿＿
＿＿＿＿＿＿＿＿＿＿
＿＿＿＿＿＿＿＿＿＿
＿＿＿＿＿＿＿＿＿＿
＿＿＿＿＿＿＿＿＿＿
＿＿＿＿＿＿＿＿＿＿
＿＿＿＿＿＿＿＿＿＿
＿＿＿＿＿＿＿＿＿＿
＿＿＿＿＿＿＿＿＿＿
＿＿＿＿＿＿＿＿＿＿
＿＿＿＿＿＿＿＿＿＿
＿＿＿＿＿＿＿＿＿＿
＿＿＿＿＿＿＿＿＿＿
＿＿＿＿＿＿＿＿＿＿
＿＿＿＿＿＿＿＿＿＿
＿＿＿＿◆◆＿＿＿＿
＿◆◆◆＿◆＿＿＿＿
◆◆□◆□□＿＿＿＿
□□□□◆□◆◆■＿
□□□□□□◆◆＿＿
01:07:24(121341f):field(121340f)
＿＿＿＿＿＿＿＿＿＿
＿＿＿＿＿＿＿＿＿＿
＿＿＿＿＿＿＿＿＿＿
＿＿＿＿＿＿＿＿＿＿
＿＿＿＿＿＿＿＿＿＿
＿＿＿＿＿＿＿＿＿＿
＿＿＿＿＿＿＿＿＿＿
＿＿＿＿＿＿＿＿＿＿
＿＿＿＿＿＿＿＿＿＿
＿＿＿＿＿＿＿＿＿＿
＿＿＿＿＿＿＿＿＿＿
＿＿＿＿＿＿＿＿＿＿
＿＿＿＿＿＿＿＿＿＿
＿＿＿＿＿＿＿＿＿＿
＿＿＿＿＿＿＿＿＿＿
＿＿＿＿＿＿＿＿＿＿
＿■＿＿＿＿＿＿＿＿
■■◆＿□□＿＿＿＿
□□□□＿□＿＿◆＿
□□□□□□＿＿＿＿
01:07:25(121353f):field(121352f)
＿＿＿＿＿＿＿＿＿＿
＿＿＿＿＿＿＿＿＿＿
＿＿＿＿＿＿＿＿＿＿
＿＿＿＿＿＿＿＿＿＿
＿＿＿＿＿＿＿＿＿＿
＿＿＿＿＿＿＿＿＿＿
＿＿＿＿＿＿＿＿＿＿
＿＿＿＿＿＿＿＿＿＿
＿＿＿＿＿＿＿＿＿＿
＿＿＿＿＿＿＿＿＿＿
＿＿＿＿＿＿＿＿＿＿
＿＿＿＿＿＿＿＿＿＿
＿＿＿＿＿＿＿＿＿＿
＿＿＿＿＿＿＿＿＿＿
＿＿＿＿＿＿＿＿＿＿
＿＿＿＿＿＿＿＿＿＿
＿□＿＿＿＿＿＿＿＿
□□＿＿□□＿＿＿＿
□□□□＿□＿＿■＿
□□□□□□＿■■■
01:07:25(121366f):field(121365f)
＿＿＿＿＿＿＿＿＿＿
＿＿＿＿＿＿＿＿＿＿
＿＿＿＿＿＿＿＿＿＿
＿＿＿＿＿＿＿＿＿＿
＿＿＿＿＿＿＿＿＿＿
＿＿＿＿＿＿＿＿＿＿
＿＿＿＿＿＿＿＿＿＿
＿＿＿＿＿＿＿＿＿＿
＿＿＿＿＿＿＿＿＿＿
＿＿＿＿＿＿＿＿＿＿
＿＿＿＿＿＿＿＿＿＿
＿＿＿＿＿＿＿＿＿＿
＿＿＿＿＿＿＿＿＿＿
＿＿＿＿＿＿＿＿＿＿
＿＿＿＿＿＿＿＿＿＿
＿＿＿■＿＿＿＿＿＿
＿□＿■＿＿＿＿＿＿
□□■■□□＿＿＿＿
□□□□＿□＿＿□＿
□□□□□□＿□□□
01:07:26(121382f):field(121381f)
＿＿＿＿＿＿＿＿＿＿
＿＿＿＿＿＿＿＿＿＿
＿＿＿＿＿＿＿＿＿＿
＿＿＿＿＿＿＿＿＿＿
＿＿＿＿＿＿＿＿＿＿
＿＿＿＿＿＿＿＿＿＿
＿＿＿＿＿＿＿＿＿＿
＿＿＿＿＿＿＿＿＿＿
＿＿＿＿＿＿＿＿＿＿
＿＿＿＿＿＿＿＿＿＿
＿＿＿＿＿＿＿＿＿＿
＿＿＿＿＿＿＿＿＿＿
＿＿＿＿＿＿＿＿＿＿
＿＿＿＿＿＿＿＿＿＿
＿＿＿＿＿＿＿＿＿＿
＿＿＿□＿＿＿＿＿＿
＿□＿□＿＿＿＿＿＿
□□□□□□＿■■＿
□□□□＿□■■□＿
□□□□□□＿□□□
01:07:26(121396f):field(121395f)
＿＿＿＿＿＿＿＿＿＿
＿＿＿＿＿＿＿＿＿＿
＿＿＿＿＿＿＿＿＿＿
＿＿＿＿＿＿＿＿＿＿
＿＿＿＿＿＿＿＿＿＿
＿＿＿＿＿＿＿＿＿＿
＿＿＿＿＿＿＿＿＿＿
＿＿＿＿＿＿＿＿＿＿
＿＿＿＿＿＿＿＿＿＿
＿＿＿＿＿＿＿＿＿＿
＿＿＿＿＿＿＿＿＿＿
＿＿＿＿＿＿＿＿＿＿
＿＿＿＿＿＿＿＿＿＿
＿＿＿＿＿＿＿＿＿＿
＿＿＿＿＿＿＿＿＿＿
＿＿＿□＿＿＿＿＿＿
＿□＿□＿■■■＿＿
□□□□□□■□□＿
□□□□＿□□□□＿
□□□□□□＿□□□
01:07:26(121407f):field(121406f)
＿＿＿＿＿＿＿＿＿＿
＿＿＿＿＿＿＿＿＿＿
＿＿＿＿＿＿＿＿＿＿
＿＿＿＿＿＿＿＿＿＿
＿＿＿＿＿＿＿＿＿＿
＿＿＿＿＿＿＿＿＿＿
＿＿＿＿＿＿＿＿＿＿
＿＿＿＿＿＿＿＿＿＿
＿＿＿＿＿＿＿＿＿＿
＿＿＿＿＿＿＿＿＿＿
＿＿＿＿＿＿＿＿＿＿
＿＿＿＿＿＿＿＿＿＿
＿＿＿＿＿＿＿＿＿＿
＿＿＿＿＿＿＿＿＿＿
＿＿＿＿＿■＿＿＿＿
＿＿＿□■■＿＿＿＿
＿□＿□■□□□＿＿
□□□□□□□□□＿
□□□□＿□□□□＿
□□□□□□＿□□□
01:07:27(121421f):field(121420f)
＿＿＿＿＿＿＿＿＿＿
＿＿＿＿＿＿＿＿＿＿
＿＿＿＿＿＿＿＿＿＿
＿＿＿＿＿＿＿＿＿＿
＿＿＿＿＿＿＿＿＿＿
＿＿＿＿＿＿＿＿＿＿
＿＿＿＿＿＿＿＿＿＿
＿＿＿＿＿＿＿＿＿＿
＿＿＿＿＿＿＿＿＿＿
＿＿＿＿＿＿＿＿＿＿
＿＿＿＿＿＿＿＿＿＿
＿＿＿＿＿＿＿＿＿＿
＿＿＿＿＿＿＿＿＿＿
＿＿■＿＿＿＿＿＿＿
＿＿■＿＿□＿＿＿＿
＿＿■□□□＿＿＿＿
＿□■□□□□□＿＿
□□□□□□□□□＿
□□□□＿□□□□＿
□□□□□□＿□□□
01:07:27(121432f):field(121431f)
＿＿＿＿＿＿＿＿＿＿
＿＿＿＿＿＿＿＿＿＿
＿＿＿＿＿＿＿＿＿＿
＿＿＿＿＿＿＿＿＿＿
＿＿＿＿＿＿＿＿＿＿
＿＿＿＿＿＿＿＿＿＿
＿＿＿＿＿＿＿＿＿＿
＿＿＿＿＿＿＿＿＿＿
＿＿＿＿＿＿＿＿＿＿
＿＿＿＿＿＿＿＿＿＿
＿＿＿＿＿＿＿＿＿＿
＿＿＿＿＿＿＿＿＿＿
＿＿＿＿■＿＿＿＿＿
＿＿□＿■＿＿＿＿＿
＿＿□■■□＿＿＿＿
＿＿□□□□＿＿＿＿
＿□□□□□□□＿＿
□□□□□□□□□＿
□□□□＿□□□□＿
□□□□□□＿□□□
01:07:28(121447f):field(121446f)
＿＿＿＿＿＿＿＿＿＿
＿＿＿＿＿＿＿＿＿＿
＿＿＿＿＿＿＿＿＿＿
＿＿＿＿＿＿＿＿＿＿
＿＿＿＿＿＿＿＿＿＿
＿＿＿＿＿＿＿＿＿＿
＿＿＿＿＿＿＿＿＿＿
＿＿＿＿＿＿＿＿＿＿
＿＿＿＿＿＿＿＿＿＿
＿＿＿＿＿＿＿＿＿＿
＿＿＿＿＿＿＿＿＿＿
＿＿＿＿＿＿＿＿＿＿
＿＿＿＿□■＿＿＿＿
＿＿□＿□■■＿＿＿
＿＿□□□□■＿＿＿
＿＿□□□□＿＿＿＿
＿□□□□□□□＿＿
□□□□□□□□□＿
□□□□＿□□□□＿
□□□□□□＿□□□
01:07:28(121459f):field(121458f)
＿＿＿＿＿＿＿＿＿＿
＿＿＿＿＿＿＿＿＿＿
＿＿＿＿＿＿＿＿＿＿
＿＿＿＿＿＿＿＿＿＿
＿＿＿＿＿＿＿＿＿＿
＿＿＿＿＿＿＿＿＿＿
＿＿＿＿＿＿＿＿＿＿
＿＿＿＿＿＿＿＿＿＿
＿＿＿＿＿＿＿＿＿＿
＿＿＿＿＿＿＿＿＿＿
＿＿＿＿■■＿＿＿＿
＿＿＿＿■■＿＿＿＿
＿＿＿＿□□＿＿＿＿
＿＿□＿□□□＿＿＿
＿＿□□□□□＿＿＿
＿＿□□□□＿＿＿＿
＿□□□□□□□＿＿
□□□□□□□□□＿
□□□□＿□□□□＿
□□□□□□＿□□□
01:07:29(121473f):field(121472f)
＿＿＿＿＿＿＿＿＿＿
＿＿＿＿＿＿＿＿＿＿
＿＿＿＿＿＿＿＿＿＿
＿＿＿＿＿＿＿＿＿＿
＿＿＿＿＿＿＿＿＿＿
＿＿＿＿＿＿＿＿＿＿
＿＿＿＿＿＿＿＿＿＿
＿＿＿＿＿＿＿＿＿＿
＿＿＿＿＿＿＿＿＿＿
＿＿＿＿＿＿＿＿＿＿
＿＿＿＿◆◆＿＿＿＿
＿＿＿＿□□＿＿＿＿
＿＿＿＿□□＿＿＿＿
＿＿◆＿□□◆＿＿＿
＿＿□◆□□□＿＿＿
＿＿□□□□■＿＿＿
＿◆□□□□◆◆＿＿
◆□□□□□□□□■
□□□□＿□□□□■
□□□□□□■□□□
01:07:29(121488f):field(121487f)
＿＿＿＿＿＿＿＿＿＿
＿＿＿＿＿＿＿＿＿＿
＿＿＿＿＿＿＿＿＿＿
＿＿＿＿＿＿＿＿＿＿
＿＿＿＿＿＿＿＿＿＿
＿＿＿＿＿＿＿＿＿＿
＿＿＿＿＿＿＿＿＿＿
＿＿＿＿＿＿＿＿＿＿
＿＿＿＿＿＿＿＿＿＿
＿＿＿＿＿＿＿＿＿＿
＿＿＿＿＿＿＿＿＿＿
＿＿＿＿□□＿＿＿＿
＿＿＿＿□□＿＿＿＿
＿＿＿＿□□＿＿＿＿
＿＿□＿□□□＿＿＿
＿＿□□□□□■＿＿
＿＿□□□□■■■＿
＿□□□□□□□□□
□□□□＿□□□□□
□□□□□□◆□□□
01:07:30(121500f):field(121499f)
＿＿＿＿＿＿＿＿＿＿
＿＿＿＿＿＿＿＿＿＿
＿＿＿＿＿＿＿＿＿＿
＿＿＿＿＿＿＿＿＿＿
＿＿＿＿＿＿＿＿＿＿
＿＿＿＿＿＿＿＿＿＿
＿＿＿＿＿＿＿＿＿＿
＿＿＿＿＿＿＿＿＿＿
＿＿＿＿＿＿＿＿＿＿
＿＿＿＿＿＿＿＿＿＿
＿＿＿＿＿＿＿＿＿＿
＿＿＿■□□＿＿＿＿
＿＿＿■□□＿＿＿＿
＿＿＿■□□＿＿＿＿
＿＿□■□□□＿＿＿
＿＿□□□□□□＿＿
＿＿□□□□□□□＿
＿□□□□□□□□□
□□□□＿□□□□□
□□□□□□＿□□□
01:07:30(121516f):field(121515f)
＿＿＿＿＿＿＿＿＿＿
＿＿＿＿＿＿＿＿＿＿
＿＿＿＿＿＿＿＿＿＿
＿＿＿＿＿＿＿＿＿＿
＿＿＿＿＿＿＿＿＿＿
＿＿＿＿＿＿＿＿＿＿
＿＿＿＿＿＿＿＿＿＿
＿＿＿＿＿＿＿＿＿＿
＿＿＿＿＿＿＿＿＿＿
＿＿＿＿＿＿＿＿＿＿
＿＿＿＿＿＿＿＿＿＿
＿＿＿□□□＿＿＿＿
＿＿＿□□□＿＿＿＿
＿＿＿□□□＿■＿＿
＿＿□□□□□■■＿
＿＿□□□□□□■＿
＿＿□□□□□□□＿
＿□□□□□□□□□
□□□□＿□□□□□
□□□□□□＿□□□
01:07:30(121525f):field(121524f)
＿＿＿＿＿＿＿＿＿＿
＿＿＿＿＿＿＿＿＿＿
＿＿＿＿＿＿＿＿＿＿
＿＿＿＿＿＿＿＿＿＿
＿＿＿＿＿＿＿＿＿＿
＿＿＿＿＿＿＿＿＿＿
＿＿＿＿＿＿＿＿＿＿
＿＿＿＿＿＿＿＿＿＿
＿＿＿＿＿＿＿＿＿＿
＿＿＿＿■■＿＿＿＿
＿＿＿＿■■＿＿＿＿
＿＿＿□□□＿＿＿＿
＿＿＿□□□＿＿＿＿
＿＿＿□□□＿□＿＿
＿＿□□□□□□□＿
＿＿□□□□□□□＿
＿＿□□□□□□□＿
＿□□□□□□□□□
□□□□＿□□□□□
□□□□□□＿□□□
01:07:31(121540f):field(121539f)
＿＿＿＿＿＿＿＿＿＿
＿＿＿＿＿＿＿＿＿＿
＿＿＿＿＿＿＿＿＿＿
＿＿＿＿＿＿＿＿＿＿
＿＿＿＿＿＿＿＿＿＿
＿＿＿＿＿＿＿＿＿＿
＿＿＿＿＿＿＿＿＿＿
＿＿＿＿＿＿＿＿＿＿
＿＿＿＿＿＿＿＿＿＿
＿＿＿＿◆◆＿＿＿＿
＿＿＿＿□□＿＿＿＿
＿＿＿◆□□＿＿＿＿
＿＿＿□□□＿＿＿＿
＿＿＿□□□＿◆＿＿
＿＿◆□□□◆□◆＿
＿＿□□□□□□□＿
■■□□□□□□□＿
■□□□□□□□□◆
□□□□■□□□□□
□□□□□□＿□□□
01:07:31(121555f):field(121554f)
＿＿＿＿＿＿＿＿＿＿
＿＿＿＿＿＿＿＿＿＿
＿＿＿＿＿＿＿＿＿＿
＿＿＿＿＿＿＿＿＿＿
＿＿＿＿＿＿＿＿＿＿
＿＿＿＿＿＿＿＿＿＿
＿＿＿＿＿＿＿＿＿＿
＿＿＿＿＿＿＿＿＿＿
＿＿＿＿＿＿＿＿＿＿
＿＿＿＿＿＿＿＿＿＿
＿＿＿＿□□＿＿＿＿
＿＿＿＿□□＿＿＿＿
＿＿＿□□□＿＿＿＿
＿＿＿□□□＿＿■＿
＿＿＿□□□＿□■■
＿＿□□□□□□□■
◆□□□□□□□□＿
□□□□□□□□□＿
□□□□◆□□□□□
□□□□□□＿□□□
01:07:32(121567f):field(121566f)
＿＿＿＿＿＿＿＿＿＿
＿＿＿＿＿＿＿＿＿＿
＿＿＿＿＿＿＿＿＿＿
＿＿＿＿＿＿＿＿＿＿
＿＿＿＿＿＿＿＿＿＿
＿＿＿＿＿＿＿＿＿＿
＿＿＿＿＿＿＿＿＿＿
＿＿＿＿＿＿＿＿＿＿
＿＿＿＿＿＿＿＿＿＿
＿＿＿＿＿＿＿＿＿＿
＿＿＿＿◆◆＿＿＿＿
＿＿＿＿□□＿＿＿＿
＿＿＿◆□□＿＿＿＿
＿＿＿□□□＿＿◆＿
＿■＿□□□■□□◆
■＿◆□□□◆□□□
■□□□□□□□□＿
□□□□□□□□□＿
□□□□＿□□□□□
□□□□□□＿□□□
01:07:32(121579f):field(121578f)
＿＿＿＿＿＿＿＿＿＿
＿＿＿＿＿＿＿＿＿＿
＿＿＿＿＿＿＿＿＿＿
＿＿＿＿＿＿＿＿＿＿
＿＿＿＿＿＿＿＿＿＿
＿＿＿＿＿＿＿＿＿＿
＿＿＿＿＿＿＿＿＿＿
＿＿＿＿＿＿＿＿＿＿
＿＿＿＿＿＿＿＿＿＿
＿＿＿＿＿＿＿＿＿＿
＿＿＿＿＿＿＿＿＿＿
＿＿＿＿□□＿＿＿＿
＿＿＿＿□□＿＿＿＿
＿＿■□□□＿＿＿＿
＿◆■□□□◆◆□＿
□■■□□□＿□□□
□□□□□□□□□＿
□□□□□□□□□＿
□□□□＿□□□□□
□□□□□□＿□□□
01:07:33(121593f):field(121592f)
＿＿＿＿＿＿＿＿＿＿
＿＿＿＿＿＿＿＿＿＿
＿＿＿＿＿＿＿＿＿＿
＿＿＿＿＿＿＿＿＿＿
＿＿＿＿＿＿＿＿＿＿
＿＿＿＿＿＿＿＿＿＿
＿＿＿＿＿＿＿＿＿＿
＿＿＿＿＿＿＿＿＿＿
＿＿＿＿＿＿＿＿＿＿
＿＿＿＿＿＿＿＿＿＿
＿＿＿＿＿＿＿＿＿＿
＿＿＿＿□□＿＿＿＿
■■■＿□□＿＿＿＿
■＿□□□□＿＿＿＿
＿＿□□□□＿＿□＿
□□□□□□＿□□□
□□□□□□□□□＿
□□□□□□□□□＿
□□□□＿□□□□□
□□□□□□＿□□□
01:07:33(121605f):field(121604f)
＿＿＿＿＿＿＿＿＿＿
＿＿＿＿＿＿＿＿＿＿
＿＿＿＿＿＿＿＿＿＿
＿＿＿＿＿＿＿＿＿＿
＿＿＿＿＿＿＿＿＿＿
＿＿＿＿＿＿＿＿＿＿
＿＿＿＿＿＿＿＿＿＿
＿＿＿＿＿＿＿＿＿＿
＿＿＿＿＿＿＿＿＿＿
＿＿＿＿＿＿＿＿＿＿
＿＿＿＿＿＿＿＿＿＿
＿＿＿＿□□＿＿＿＿
□□□＿□□＿＿＿＿
□＿□□□□＿■■＿
＿＿□□□□■■□＿
□□□□□□＿□□□
□□□□□□□□□＿
□□□□□□□□□＿
□□□□＿□□□□□
□□□□□□＿□□□
01:07:33(121617f):field(121616f)
＿＿＿＿＿＿＿＿＿＿
＿＿＿＿＿＿＿＿＿＿
＿＿＿＿＿＿＿＿＿＿
＿＿＿＿＿＿＿＿＿＿
＿＿＿＿＿＿＿＿＿＿
＿＿＿＿＿＿＿＿＿＿
＿＿＿＿＿＿＿＿＿＿
＿＿＿＿＿＿＿＿＿＿
＿＿＿＿＿＿＿＿＿＿
＿＿＿＿＿＿＿＿＿＿
＿＿＿＿＿＿■＿＿＿
＿＿＿＿□□■＿＿＿
□□□＿□□■＿＿＿
□＿□□□□■□□＿
＿＿□□□□□□□＿
□□□□□□＿□□□
□□□□□□□□□＿
□□□□□□□□□＿
□□□□＿□□□□□
□□□□□□＿□□□
01:07:34(121629f):field(121628f)
＿＿＿＿＿＿＿＿＿＿
＿＿＿＿＿＿＿＿＿＿
＿＿＿＿＿＿＿＿＿＿
＿＿＿＿＿＿＿＿＿＿
＿＿＿＿＿＿＿＿＿＿
＿＿＿＿＿＿＿＿＿＿
＿＿＿＿＿＿＿＿＿＿
＿＿＿＿＿＿＿＿＿＿
＿＿＿＿＿＿＿＿＿＿
＿＿＿＿■■＿＿＿＿
＿＿＿＿■■□＿＿＿
＿＿＿＿□□□＿＿＿
□□□＿□□□＿＿＿
□＿□□□□□□□＿
＿＿□□□□□□□＿
□□□□□□＿□□□
□□□□□□□□□＿
□□□□□□□□□＿
□□□□＿□□□□□
□□□□□□＿□□□
01:07:34(121643f):field(121642f)
＿＿＿＿＿＿＿＿＿＿
＿＿＿＿＿＿＿＿＿＿
＿＿＿＿＿＿＿＿＿＿
＿＿＿＿＿＿＿＿＿＿
＿＿＿＿＿＿＿＿＿＿
＿＿＿＿＿＿＿＿＿＿
＿＿＿＿＿＿＿＿＿＿
＿＿＿＿＿＿＿＿＿＿
＿＿＿＿＿＿＿＿＿＿
＿＿＿＿□□＿＿＿＿
＿＿＿＿□□□＿＿＿
＿■■■□□□＿＿＿
□□□■□□□＿＿＿
□＿□□□□□□□＿
＿＿□□□□□□□＿
□□□□□□＿□□□
□□□□□□□□□＿
□□□□□□□□□＿
□□□□＿□□□□□
□□□□□□＿□□□
01:07:35(121656f):field(121655f)
＿＿＿＿＿＿＿＿＿＿
＿＿＿＿＿＿＿＿＿＿
＿＿＿＿＿＿＿＿＿＿
＿＿＿＿＿＿＿＿＿＿
＿＿＿＿＿＿＿＿＿＿
＿＿＿＿＿＿＿＿＿＿
＿＿＿＿＿＿＿＿＿＿
＿＿＿＿＿＿＿＿＿＿
＿＿＿＿＿＿＿＿＿＿
＿＿＿＿□□＿＿＿＿
■■■＿□□□＿＿＿
■□□□□□□＿＿＿
□□□□□□□＿＿＿
□＿□□□□□□□＿
＿＿□□□□□□□＿
□□□□□□＿□□□
□□□□□□□□□＿
□□□□□□□□□＿
□□□□＿□□□□□
□□□□□□＿□□□
01:07:35(121667f):field(121666f)
＿＿＿＿＿＿＿＿＿＿
＿＿＿＿＿＿＿＿＿＿
＿＿＿＿＿＿＿＿＿＿
＿＿＿＿＿＿＿＿＿＿
＿＿＿＿＿＿＿＿＿＿
＿＿＿＿＿＿＿＿＿＿
＿＿＿＿＿＿＿＿＿＿
＿＿＿＿＿＿＿＿＿＿
＿＿＿■＿＿＿＿＿＿
＿＿■■□□＿＿＿＿
□□□■□□□＿＿＿
□□□□□□□＿＿＿
□□□□□□□＿＿＿
□＿□□□□□□□＿
＿＿□□□□□□□＿
□□□□□□＿□□□
□□□□□□□□□＿
□□□□□□□□□＿
□□□□＿□□□□□
□□□□□□＿□□□
01:07:36(121680f):field(121679f)
＿＿＿＿＿＿＿＿＿＿
＿＿＿＿＿＿＿＿＿＿
＿＿＿＿＿＿＿＿＿＿
＿＿＿＿＿＿＿＿＿＿
＿＿＿＿＿＿＿＿＿＿
＿＿＿＿＿＿＿＿＿＿
＿＿＿＿＿＿＿＿＿＿
＿＿＿＿＿＿＿＿＿＿
＿＿＿□＿＿＿＿＿＿
＿＿□□□□＿＿＿＿
□□□□□□□＿＿＿
□□□□□□□＿■■
□□□□□□□■■＿
□＿□□□□□□□＿
＿＿□□□□□□□＿
□□□□□□＿□□□
□□□□□□□□□＿
□□□□□□□□□＿
□□□□＿□□□□□
□□□□□□＿□□□
01:07:36(121691f):field(121690f)
＿＿＿＿＿＿＿＿＿＿
＿＿＿＿＿＿＿＿＿＿
＿＿＿＿＿＿＿＿＿＿
＿＿＿＿＿＿＿＿＿＿
＿＿＿＿＿＿＿＿＿＿
＿＿＿＿＿＿＿＿＿＿
＿＿＿＿＿＿＿＿＿＿
＿＿＿＿■■＿＿＿＿
＿＿＿□■■＿＿＿＿
＿＿□□□□＿＿＿＿
□□□□□□□＿＿＿
□□□□□□□＿□□
□□□□□□□□□＿
□＿□□□□□□□＿
＿＿□□□□□□□＿
□□□□□□＿□□□
□□□□□□□□□＿
□□□□□□□□□＿
□□□□＿□□□□□
□□□□□□＿□□□
01:07:36(121707f):field(121706f)
＿＿＿＿＿＿＿＿＿＿
＿＿＿＿＿＿＿＿＿＿
＿＿＿＿＿＿＿＿＿＿
＿＿＿＿＿＿＿＿＿＿
＿＿＿＿＿＿＿＿＿＿
＿＿＿＿＿＿＿＿＿＿
＿＿＿＿＿＿＿＿＿＿
＿＿＿＿◆◆＿＿＿＿
＿＿＿◆□□＿＿＿＿
＿＿◆□□□＿＿＿＿
◆◆□□□□◆■■＿
□□□□□□□■◆□
□□□□□□□□□＿
□■□□□□□□□＿
＿＿□□□□□□□＿
□□□□□□＿□□□
□□□□□□□□□＿
□□□□□□□□□＿
□□□□＿□□□□□
□□□□□□＿□□□
01:07:37(121720f):field(121719f)
＿＿＿＿＿＿＿＿＿＿
＿＿＿＿＿＿＿＿＿＿
＿＿＿＿＿＿＿＿＿＿
＿＿＿＿＿＿＿＿＿＿
＿＿＿＿＿＿＿＿＿＿
＿＿＿＿＿＿＿＿＿＿
＿＿＿＿＿＿＿＿＿＿
＿＿＿＿＿＿＿＿＿＿
■＿＿＿□□＿＿＿＿
■＿＿□□□＿＿＿＿
■■□□□□＿□□＿
□□□□□□□□＿◆
□□□□□□□□□＿
□◆□□□□□□□＿
＿＿□□□□□□□＿
□□□□□□＿□□□
□□□□□□□□□＿
□□□□□□□□□＿
□□□□＿□□□□□
□□□□□□＿□□□
01:07:37(121731f):field(121730f)
＿＿＿＿＿＿＿＿＿＿
＿＿＿＿＿＿＿＿＿＿
＿＿＿＿＿＿＿＿＿＿
＿＿＿＿＿＿＿＿＿＿
＿＿＿＿＿＿＿＿＿＿
＿＿＿＿＿＿＿＿＿＿
＿＿＿＿＿＿＿＿＿＿
＿＿＿＿＿＿＿＿＿＿
□＿＿＿□□■＿＿＿
□＿＿□□□■■＿＿
□□□□□□■□□＿
□□□□□□□□＿＿
□□□□□□□□□＿
□＿□□□□□□□＿
＿＿□□□□□□□＿
□□□□□□＿□□□
□□□□□□□□□＿
□□□□□□□□□＿
□□□□＿□□□□□
□□□□□□＿□□□
01:07:38(121743f):field(121742f)
＿＿＿＿＿＿＿＿＿＿
＿＿＿＿＿＿＿＿＿＿
＿＿＿＿＿＿＿＿＿＿
＿＿＿＿＿＿＿＿＿＿
＿＿＿＿＿＿＿＿＿＿
＿＿＿＿＿＿＿＿＿＿
＿＿＿＿■＿＿＿＿＿
＿＿＿■■＿＿＿＿＿
□＿＿■□□□＿＿＿
□＿＿□□□□□＿＿
□□□□□□□□□＿
□□□□□□□□＿＿
□□□□□□□□□＿
□＿□□□□□□□＿
＿＿□□□□□□□＿
□□□□□□＿□□□
□□□□□□□□□＿
□□□□□□□□□＿
□□□□＿□□□□□
□□□□□□＿□□□
01:07:38(121760f):field(121759f)
＿＿＿＿＿＿＿＿＿＿
＿＿＿＿＿＿＿＿＿＿
＿＿＿＿＿＿＿＿＿＿
＿＿＿＿＿＿＿＿＿＿
＿＿＿＿■＿＿＿＿＿
＿＿＿＿■■＿＿＿＿
＿＿＿＿□■＿＿＿＿
＿＿＿□□＿＿＿＿＿
□＿＿□□□□＿＿＿
□＿＿□□□□□＿＿
□□□□□□□□□＿
□□□□□□□□＿＿
□□□□□□□□□＿
□＿□□□□□□□＿
＿＿□□□□□□□＿
□□□□□□＿□□□
□□□□□□□□□＿
□□□□□□□□□＿
□□□□＿□□□□□
□□□□□□＿□□□
01:07:39(121778f):field(121777f)
＿＿＿＿＿＿＿＿＿＿
＿＿＿＿＿＿＿＿＿＿
＿＿＿＿＿＿＿＿＿＿
＿＿＿＿＿＿＿＿＿＿
＿＿＿＿□＿＿＿＿＿
＿＿＿＿□□■＿＿＿
＿＿＿＿□□■＿＿＿
＿＿＿□□■■＿＿＿
□＿＿□□□□＿＿＿
□＿＿□□□□□＿＿
□□□□□□□□□＿
□□□□□□□□＿＿
□□□□□□□□□＿
□＿□□□□□□□＿
＿＿□□□□□□□＿
□□□□□□＿□□□
□□□□□□□□□＿
□□□□□□□□□＿
□□□□＿□□□□□
□□□□□□＿□□□
01:07:39(121790f):field(121789f)
＿＿＿＿＿＿＿＿＿＿
＿＿＿＿＿＿＿＿＿＿
＿＿＿＿＿＿＿＿＿＿
＿＿＿＿＿＿＿＿＿＿
＿＿＿＿□＿＿＿＿＿
＿＿＿＿□□□＿＿＿
＿＿＿＿□□□＿＿＿
＿＿＿□□□□＿＿＿
□■■□□□□＿＿＿
□■■□□□□□＿＿
□□□□□□□□□＿
□□□□□□□□＿＿
□□□□□□□□□＿
□＿□□□□□□□＿
＿＿□□□□□□□＿
□□□□□□＿□□□
□□□□□□□□□＿
□□□□□□□□□＿
□□□□＿□□□□□
□□□□□□＿□□□
01:07:40(121804f):field(121803f)
＿＿＿＿＿＿＿＿＿＿
＿＿＿＿＿＿＿＿＿＿
＿＿＿＿＿＿＿＿＿＿
＿＿＿＿＿＿＿＿＿＿
＿＿＿＿◆＿＿＿＿＿
＿＿＿＿□◆◆＿＿＿
＿＿＿＿□□□＿＿＿
＿＿＿◆□□□＿＿＿
◆◆◆□□□□＿＿＿
□□□□□□□◆＿＿
□□□□□□□□◆＿
□□□□□□□□■＿
□□□□□□□□◆■
□■□□□□□□□■
＿＿□□□□□□□■
□□□□□□＿□□□
□□□□□□□□□＿
□□□□□□□□□＿
□□□□＿□□□□□
□□□□□□＿□□□
01:07:40(121818f):field(121817f)
＿＿＿＿＿＿＿＿＿＿
＿＿＿＿＿＿＿＿＿＿
＿＿＿＿＿＿＿＿＿＿
＿＿＿＿＿＿＿＿＿＿
＿＿＿＿＿＿＿＿＿＿
＿＿＿＿□＿＿＿＿＿
■＿＿＿□□□＿＿＿
■＿＿＿□□□＿＿＿
■■＿□□□□＿＿＿
□□□□□□□＿＿＿
□□□□□□□□＿＿
□□□□□□□□□＿
□□□□□□□□＿□
□◆□□□□□□□□
＿＿□□□□□□□□
□□□□□□＿□□□
□□□□□□□□□＿
□□□□□□□□□＿
□□□□＿□□□□□
□□□□□□＿□□□
01:07:41(121836f):field(121835f)
＿＿＿＿＿＿＿＿＿＿
＿＿＿＿＿＿＿＿＿＿
＿＿＿＿＿＿＿＿＿＿
＿＿＿＿＿＿＿＿＿＿
＿＿＿＿＿＿＿＿＿＿
＿＿＿＿□＿＿＿＿＿
□＿＿■□□□＿＿＿
□＿■■□□□＿＿＿
□□■□□□□＿＿＿
□□□□□□□＿＿＿
□□□□□□□□＿＿
□□□□□□□□□＿
□□□□□□□□＿□
□＿□□□□□□□□
＿＿□□□□□□□□
□□□□□□＿□□□
□□□□□□□□□＿
□□□□□□□□□＿
□□□□＿□□□□□
□□□□□□＿□□□
01:07:41(121854f):field(121853f)
＿＿＿＿＿＿＿＿＿＿
＿＿＿＿＿＿＿＿＿＿
＿＿＿＿＿＿＿＿＿＿
＿＿＿＿＿＿＿＿＿＿
＿＿＿＿＿＿＿＿＿＿
＿＿＿＿◆＿＿＿＿＿
◆＿＿◆□◆◆＿＿＿
□＿◆□□□□＿＿＿
□◆□□□□□＿＿＿
□□□□□□□■＿＿
□□□□□□□□＿＿
□□□□□□□□□＿
□□□□□□□□＿□
□＿□□□□□□□□
＿＿□□□□□□□□
□□□□□□＿□□□
□□□□□□□□□＿
□□□□□□□□□＿
□□□□＿□□□□□
□□□□□□＿□□□
01:07:42(121870f):field(121869f)
＿＿＿＿＿＿＿＿＿＿
＿＿＿＿＿＿＿＿＿＿
＿＿＿＿＿＿＿＿＿＿
＿＿＿＿＿＿＿＿＿＿
＿＿＿＿＿＿＿＿＿＿
＿＿＿＿＿＿＿＿＿＿
＿＿＿＿□＿＿＿＿＿
□＿＿□□□□■＿＿
□＿□□□□□■■＿
□□□□□□□□■＿
□□□□□□□□＿＿
□□□□□□□□□＿
□□□□□□□□＿□
□＿□□□□□□□□
＿＿□□□□□□□□
□□□□□□＿□□□
□□□□□□□□□＿
□□□□□□□□□＿
□□□□＿□□□□□
□□□□□□＿□□□
01:07:42(121883f):field(121882f)
＿＿＿＿＿＿＿＿＿＿
＿＿＿＿＿＿＿＿＿＿
＿＿＿＿＿＿＿＿＿＿
＿＿＿＿＿＿＿＿＿＿
＿＿＿＿＿＿＿＿＿＿
＿＿＿＿＿＿＿＿＿＿
＿＿＿＿◆＿＿＿＿＿
◆＿＿◆◆◆◆◆＿＿
□＿◆◆□◆◆◆□＿
□◆◆□□□□□◆■
□◆□□□□□□■■
□□□□□□□□◆■
□□□□□□□□■□
□＿□□□□□□□□
＿＿□□□□□□□□
□□□□□□＿□□□
□□□□□□□□□＿
□□□□□□□□□＿
□□□□＿□□□□□
□□□□□□＿□□□
01:07:43(121895f):field(121894f)
＿＿＿＿＿＿＿＿＿＿
＿＿＿＿＿＿＿＿＿＿
＿＿＿＿＿＿＿＿＿＿
＿＿＿＿＿＿＿＿＿＿
＿＿＿＿＿＿＿＿＿＿
＿＿＿＿＿＿＿＿＿＿
＿＿＿＿＿＿＿＿＿＿
＿＿＿＿＿■■＿＿＿
◆＿＿＿□■■＿◆＿
□＿＿□□□□□＿◆
□＿□□□□□□□□
□□□□□□□□＿□
□□□□□□□□◆□
□＿□□□□□□□□
＿＿□□□□□□□□
□□□□□□＿□□□
□□□□□□□□□＿
□□□□□□□□□＿
□□□□＿□□□□□
□□□□□□＿□□□
01:07:43(121907f):field(121906f)
＿＿＿＿＿＿＿＿＿＿
＿＿＿＿＿＿＿＿＿＿
＿＿＿＿＿＿＿＿＿＿
＿＿＿＿＿＿＿＿＿＿
＿＿＿＿＿＿＿＿＿＿
＿＿＿＿＿＿＿＿＿＿
＿＿＿＿＿＿＿＿＿＿
＿＿＿＿＿◆◆＿＿＿
＿＿＿＿◆□□＿＿＿
◆■＿◆□□□□＿＿
□■□□□□□□□◆
□□□□□□□□＿□
□□□□□□□□＿□
□＿□□□□□□□□
＿＿□□□□□□□□
□□□□□□＿□□□
□□□□□□□□□＿
□□□□□□□□□＿
□□□□＿□□□□□
□□□□□□＿□□□
01:07:44(121921f):field(121920f)
＿＿＿＿＿＿＿＿＿＿
＿＿＿＿＿＿＿＿＿＿
＿＿＿＿＿＿＿＿＿＿
＿＿＿＿＿＿＿＿＿＿
＿＿＿＿＿＿＿＿＿＿
＿＿＿＿＿＿＿＿＿＿
＿＿＿＿＿＿＿＿＿＿
＿＿＿＿＿＿＿＿＿＿
＿＿＿＿＿◆◆＿＿＿
＿◆＿■◆◆□□＿＿
□◆◆◆□◆□◆□＿
◆□◆□◆□□◆＿□
◆□◆□□□□◆＿◆
□■□□□□□□□□
＿■□□□□□□□□
□□□□□□＿□□□
□□□□□□□□□＿
□□□□□□□□□＿
□□□□＿□□□□□
□□□□□□＿□□□
01:07:44(121933f):field(121932f)
＿＿＿＿＿＿＿＿＿＿
＿＿＿＿＿＿＿＿＿＿
＿＿＿＿＿＿＿＿＿＿
＿＿＿＿＿＿＿＿＿＿
＿＿＿＿＿＿＿＿＿＿
＿＿＿＿＿＿＿＿＿＿
＿＿＿＿＿＿＿＿＿＿
＿＿＿＿＿＿＿＿＿＿
＿＿＿＿＿＿＿＿＿＿
＿＿＿◆＿＿◆◆＿＿
◆＿＿＿◆■◆＿◆＿
＿◆＿◆＿□□＿＿□
＿□＿◆□□□■■■
□◆□□□□□□□□
＿◆□□□□□□□□
□□□□□□＿□□□
□□□□□□□□□＿
□□□□□□□□□＿
□□□□＿□□□□□
□□□□□□＿□□□
01:07:44(121945f):field(121944f)
＿＿＿＿＿＿＿＿＿＿
＿＿＿＿＿＿＿＿＿＿
＿＿＿＿＿＿＿＿＿＿
＿＿＿＿＿＿＿＿＿＿
＿＿＿＿＿＿＿＿＿＿
＿＿＿＿＿＿＿＿＿＿
＿＿＿＿＿＿＿＿＿＿
＿＿＿＿＿＿＿＿＿＿
＿＿＿＿＿＿＿＿＿＿
＿＿＿＿＿＿＿＿＿＿
＿＿＿＿■◆＿＿＿＿
＿＿＿■■□□＿＿□
＿□＿■□□□□□□
□＿□□□□□□□□
＿＿□□□□□□□□
□□□□□□＿□□□
□□□□□□□□□＿
□□□□□□□□□＿
□□□□＿□□□□□
□□□□□□＿□□□
01:07:45(121957f):field(121956f)
＿＿＿＿＿＿＿＿＿＿
＿＿＿＿＿＿＿＿＿＿
＿＿＿＿＿＿＿＿＿＿
＿＿＿＿＿＿＿＿＿＿
＿＿＿＿＿＿＿＿＿＿
＿＿＿＿＿＿＿＿＿＿
＿＿＿＿＿＿＿＿＿＿
＿＿＿＿＿＿＿＿＿＿
＿＿＿＿＿＿＿＿＿＿
＿＿＿＿＿＿＿＿＿＿
＿＿＿＿□＿＿■■＿
＿＿＿□□□□■■□
＿□＿□□□□□□□
□＿□□□□□□□□
＿＿□□□□□□□□
□□□□□□＿□□□
□□□□□□□□□＿
□□□□□□□□□＿
□□□□＿□□□□□
□□□□□□＿□□□
01:07:45(121971f):field(121970f)
＿＿＿＿＿＿＿＿＿＿
＿＿＿＿＿＿＿＿＿＿
＿＿＿＿＿＿＿＿＿＿
＿＿＿＿＿＿＿＿＿＿
＿＿＿＿＿＿＿＿＿＿
＿＿＿＿＿＿＿＿＿＿
＿＿＿＿＿＿＿＿＿＿
＿＿＿＿＿＿＿＿＿＿
＿＿＿＿＿■＿＿＿＿
＿＿＿＿■■＿＿＿＿
＿＿＿＿□■＿□□＿
＿＿＿□□□□□□□
＿□＿□□□□□□□
□＿□□□□□□□□
＿＿□□□□□□□□
□□□□□□＿□□□
□□□□□□□□□＿
□□□□□□□□□＿
□□□□＿□□□□□
□□□□□□＿□□□
01:07:46(121983f):field(121982f)
＿＿＿＿＿＿＿＿＿＿
＿＿＿＿＿＿＿＿＿＿
＿＿＿＿＿＿＿＿＿＿
＿＿＿＿＿＿＿＿＿＿
＿＿＿＿＿＿＿＿＿＿
＿＿＿＿＿＿＿＿＿＿
＿＿＿＿＿＿＿＿＿＿
＿＿＿＿＿＿＿＿＿＿
＿＿＿＿＿□＿＿＿＿
＿＿＿＿□□＿＿＿＿
＿＿■■□□＿□□＿
＿＿■□□□□□□□
＿□■□□□□□□□
□＿□□□□□□□□
＿＿□□□□□□□□
□□□□□□＿□□□
□□□□□□□□□＿
□□□□□□□□□＿
□□□□＿□□□□□
□□□□□□＿□□□
01:07:46(121996f):field(121995f)
＿＿＿＿＿＿＿＿＿＿
＿＿＿＿＿＿＿＿＿＿
＿＿＿＿＿＿＿＿＿＿
＿＿＿＿＿＿＿＿＿＿
＿＿＿＿＿＿＿＿＿＿
＿＿＿＿＿＿＿＿＿＿
＿＿＿＿＿＿＿＿＿＿
＿＿＿＿＿＿＿＿＿＿
＿＿＿＿＿□＿＿＿＿
＿＿＿＿□□■■■■
＿＿□□□□＿□□＿
＿＿□□□□□□□□
＿□□□□□□□□□
□＿□□□□□□□□
＿＿□□□□□□□□
□□□□□□＿□□□
□□□□□□□□□＿
□□□□□□□□□＿
□□□□＿□□□□□
□□□□□□＿□□□
01:07:46(122007f):field(122006f)
＿＿＿＿＿＿＿＿＿＿
＿＿＿＿＿＿＿＿＿＿
＿＿＿＿＿＿＿＿＿＿
＿＿＿＿＿＿＿＿＿＿
＿＿＿＿＿＿＿＿＿＿
＿＿＿＿＿＿＿＿＿＿
＿＿＿＿＿＿＿＿＿＿
＿＿＿＿＿＿＿＿＿＿
＿＿＿■■□＿＿＿＿
＿＿■■□□□□□□
＿＿□□□□＿□□＿
＿＿□□□□□□□□
＿□□□□□□□□□
□＿□□□□□□□□
＿＿□□□□□□□□
□□□□□□＿□□□
□□□□□□□□□＿
□□□□□□□□□＿
□□□□＿□□□□□
□□□□□□＿□□□
01:07:47(122020f):field(122019f)
＿＿＿＿＿＿＿＿＿＿
＿＿＿＿＿＿＿＿＿＿
＿＿＿＿＿＿＿＿＿＿
＿＿＿＿＿＿＿＿＿＿
＿＿＿＿＿＿＿＿＿＿
＿＿＿＿＿＿＿＿＿＿
＿＿＿＿＿＿＿＿＿＿
＿＿＿＿＿＿＿＿＿＿
＿＿＿◆◆◆＿＿＿＿
＿＿◆□□□◆◆◆◆
＿＿□□□□■□□■
■■□□□□◆□□◆
■□□□□□□□□□
□＿□□□□□□□□
＿＿□□□□□□□□
□□□□□□＿□□□
□□□□□□□□□＿
□□□□□□□□□＿
□□□□＿□□□□□
□□□□□□＿□□□
01:07:47(122032f):field(122031f)
＿＿＿＿＿＿＿＿＿＿
＿＿＿＿＿＿＿＿＿＿
＿＿＿＿＿＿＿＿＿＿
＿＿＿＿＿＿＿＿＿＿
＿＿＿＿＿＿＿＿＿＿
＿＿＿＿＿＿＿＿＿＿
＿＿＿＿＿＿＿＿＿＿
＿＿＿＿＿＿＿＿＿＿
＿＿＿＿＿＿＿＿＿＿
■■■◆◆◆＿＿＿＿
■＿◆□□□◆◆□◆
□□□□□□＿□□＿
□□□□□□□□□□
□＿□□□□□□□□
＿＿□□□□□□□□
□□□□□□＿□□□
□□□□□□□□□＿
□□□□□□□□□＿
□□□□＿□□□□□
□□□□□□＿□□□
01:07:48(122046f):field(122045f)
＿＿＿＿＿＿＿＿＿＿
＿＿＿＿＿＿＿＿＿＿
＿＿＿＿＿＿＿＿＿＿
＿＿＿＿＿＿＿＿＿＿
＿＿＿＿＿＿＿＿＿＿
＿＿＿＿＿＿＿＿＿＿
＿＿＿＿＿＿＿＿＿＿
＿＿＿＿＿＿＿＿＿＿
＿＿＿＿＿＿＿＿＿＿
□◆◆＿＿＿＿＿＿＿
□＿＿□□□＿■□■
□□□□□□＿□□■
◆□□□□□□□□□
□＿□□□□□□□□
＿＿□□□□□□□□
□□□□□□＿□□□
□□□□□□□□□＿
□□□□□□□□□＿
□□□□＿□□□□□
□□□□□□＿□□□
01:07:48(122058f):field(122057f)
＿＿＿＿＿＿＿＿＿＿
＿＿＿＿＿＿＿＿＿＿
＿＿＿＿＿＿＿＿＿＿
＿＿＿＿＿＿＿＿＿＿
＿＿＿＿＿＿＿＿＿＿
＿＿＿＿＿＿＿＿＿＿
＿＿＿＿＿＿＿＿＿＿
＿＿＿＿＿＿＿＿＿＿
＿＿＿＿■＿＿＿＿＿
□＿＿■■■＿＿＿＿
□＿＿□□□＿□□□
□□□□□□＿□□□
＿□□□□□□□□□
□＿□□□□□□□□
＿＿□□□□□□□□
□□□□□□＿□□□
□□□□□□□□□＿
□□□□□□□□□＿
□□□□＿□□□□□
□□□□□□＿□□□
01:07:48(122069f):field(122068f)
＿＿＿＿＿＿＿＿＿＿
＿＿＿＿＿＿＿＿＿＿
＿＿＿＿＿＿＿＿＿＿
＿＿＿＿＿＿＿＿＿＿
＿＿＿＿＿＿＿＿＿＿
＿＿＿＿＿＿＿＿＿＿
＿＿＿＿＿＿＿＿＿＿
＿＿＿＿＿＿＿＿＿＿
＿＿＿＿◆＿＿＿＿＿
◆＿＿◆□◆■＿＿＿
□＿＿□□□■◆□◆
□□◆□□□■□□□
＿□□□□□□□□□
□＿□□□□□□□□
＿＿□□□□□□□□
□□□□□□＿□□□
□□□□□□□□□＿
□□□□□□□□□＿
□□□□＿□□□□□
□□□□□□＿□□□
01:07:49(122081f):field(122080f)
＿＿＿＿＿＿＿＿＿＿
＿＿＿＿＿＿＿＿＿＿
＿＿＿＿＿＿＿＿＿＿
＿＿＿＿＿＿＿＿＿＿
＿＿＿＿＿＿＿＿＿＿
＿＿＿＿＿＿＿＿＿＿
＿＿＿＿＿＿＿＿＿＿
＿＿＿＿■＿＿＿＿＿
＿＿＿■■＿＿＿＿＿
＿＿＿■□＿□＿＿＿
□＿＿□□□□＿◆＿
□◆＿□□□□□□□
＿□□□□□□□□□
□＿□□□□□□□□
＿＿□□□□□□□□
□□□□□□＿□□□
□□□□□□□□□＿
□□□□□□□□□＿
□□□□＿□□□□□
□□□□□□＿□□□
01:07:49(122095f):field(122094f)
＿＿＿＿＿＿＿＿＿＿
＿＿＿＿＿＿＿＿＿＿
＿＿＿＿＿＿＿＿＿＿
＿＿＿＿＿＿＿＿＿＿
＿＿＿＿＿＿＿＿＿＿
＿＿＿＿＿＿＿＿＿＿
＿＿＿＿＿＿＿＿＿＿
＿＿＿＿□＿＿＿＿＿
＿＿＿□□＿＿＿＿＿
＿＿＿□□＿□＿■■
□＿＿□□□□■■＿
□＿＿□□□□□□□
＿□□□□□□□□□
□＿□□□□□□□□
＿＿□□□□□□□□
□□□□□□＿□□□
□□□□□□□□□＿
□□□□□□□□□＿
□□□□＿□□□□□
□□□□□□＿□□□
01:07:50(122107f):field(122106f)
＿＿＿＿＿＿＿＿＿＿
＿＿＿＿＿＿＿＿＿＿
＿＿＿＿＿＿＿＿＿＿
＿＿＿＿＿＿＿＿＿＿
＿＿＿＿＿＿＿＿＿＿
＿＿＿＿＿＿＿＿＿＿
＿＿＿＿＿＿＿＿＿＿
＿＿＿＿◆＿＿＿＿＿
＿＿＿◆□＿＿＿＿＿
＿＿＿□□＿◆＿◆◆
□＿＿□□◆□◆□■
□■■□□□□□□□
＿□□□□□□□□□
□＿□□□□□□□□
＿＿□□□□□□□□
□□□□□□＿□□□
□□□□□□□□□＿
□□□□□□□□□＿
□□□□＿□□□□□
□□□□□□＿□□□
01:07:50(122119f):field(122118f)
＿＿＿＿＿＿＿＿＿＿
＿＿＿＿＿＿＿＿＿＿
＿＿＿＿＿＿＿＿＿＿
＿＿＿＿＿＿＿＿＿＿
＿＿＿＿＿＿＿＿＿＿
＿＿＿＿＿＿＿＿＿＿
＿＿＿＿＿＿＿＿＿＿
＿＿＿＿＿＿＿＿＿＿
＿＿＿＿□＿＿＿＿＿
■＿＿□□＿＿＿＿＿
□■■□□＿□＿□□
□□□□□□□□□◆
＿□□□□□□□□□
□＿□□□□□□□□
＿＿□□□□□□□□
□□□□□□＿□□□
□□□□□□□□□＿
□□□□□□□□□＿
□□□□＿□□□□□
□□□□□□＿□□□
01:07:51(122132f):field(122131f)
＿＿＿＿＿＿＿＿＿＿
＿＿＿＿＿＿＿＿＿＿
＿＿＿＿＿＿＿＿＿＿
＿＿＿＿＿＿＿＿＿＿
＿＿＿＿＿＿＿＿＿＿
＿＿＿＿＿＿＿＿＿＿
＿＿＿＿＿＿＿＿＿＿
＿＿＿＿＿＿＿＿＿＿
＿＿＿＿□■＿＿＿＿
□＿＿□□■■＿＿＿
□□□□□■□＿□□
□□□□□□□□□＿
＿□□□□□□□□□
□＿□□□□□□□□
＿＿□□□□□□□□
□□□□□□＿□□□
□□□□□□□□□＿
□□□□□□□□□＿
□□□□＿□□□□□
□□□□□□＿□□□
01:07:51(122144f):field(122143f)
＿＿＿＿＿＿＿＿＿＿
＿＿＿＿＿＿＿＿＿＿
＿＿＿＿＿＿＿＿＿＿
＿＿＿＿＿＿＿＿＿＿
＿＿＿＿＿＿＿＿＿＿
＿＿＿＿＿＿＿＿＿＿
＿＿＿＿＿＿＿＿＿＿
＿＿＿＿＿＿＿＿＿＿
＿＿＿＿◆◆＿■＿＿
◆＿＿□□□◆■＿＿
□◆◆□□□□■□◆
□□□□□□□□□＿
＿□□□□□□□□□
□＿□□□□□□□□
＿＿□□□□□□□□
□□□□□□＿□□□
□□□□□□□□□＿
□□□□□□□□□＿
□□□□＿□□□□□
□□□□□□＿□□□
01:07:51(122157f):field(122156f)
＿＿＿＿＿＿＿＿＿＿
＿＿＿＿＿＿＿＿＿＿
＿＿＿＿＿＿＿＿＿＿
＿＿＿＿＿＿＿＿＿＿
＿＿＿＿＿＿＿＿＿＿
＿＿＿＿＿＿＿＿＿＿
＿＿＿＿＿＿＿＿＿＿
＿＿＿＿＿＿＿＿＿＿
＿＿＿■■■＿□＿＿
＿＿＿□□□＿□＿＿
□＿＿□□□□□◆＿
□□□□□□□□□＿
＿□□□□□□□□□
□＿□□□□□□□□
＿＿□□□□□□□□
□□□□□□＿□□□
□□□□□□□□□＿
□□□□□□□□□＿
□□□□＿□□□□□
□□□□□□＿□□□
01:07:52(122169f):field(122168f)
＿＿＿＿＿＿＿＿＿＿
＿＿＿＿＿＿＿＿＿＿
＿＿＿＿＿＿＿＿＿＿
＿＿＿＿＿＿＿＿＿＿
＿＿＿＿＿＿＿＿＿＿
＿＿＿＿＿＿＿＿＿＿
＿＿＿＿＿＿＿＿＿＿
＿＿＿＿＿＿＿＿＿＿
＿＿＿□□□＿□＿＿
■■＿□□□＿□＿＿
□■■□□□□□＿＿
□□□□□□□□□＿
＿□□□□□□□□□
□＿□□□□□□□□
＿＿□□□□□□□□
□□□□□□＿□□□
□□□□□□□□□＿
□□□□□□□□□＿
□□□□＿□□□□□
□□□□□□＿□□□
01:07:52(122183f):field(122182f)
＿＿＿＿＿＿＿＿＿＿
＿＿＿＿＿＿＿＿＿＿
＿＿＿＿＿＿＿＿＿＿
＿＿＿＿＿＿＿＿＿＿
＿＿＿＿＿＿＿＿＿＿
＿＿＿＿＿＿＿＿＿＿
＿＿＿＿＿＿＿＿＿＿
＿＿＿＿＿＿＿＿＿＿
■■■□□□＿□＿＿
□□■□□□＿□＿＿
□□□□□□□□＿＿
□□□□□□□□□＿
＿□□□□□□□□□
□＿□□□□□□□□
＿＿□□□□□□□□
□□□□□□＿□□□
□□□□□□□□□＿
□□□□□□□□□＿
□□□□＿□□□□□
□□□□□□＿□□□
01:07:53(122195f):field(122194f)
＿＿＿＿＿＿＿＿＿＿
＿＿＿＿＿＿＿＿＿＿
＿＿＿＿＿＿＿＿＿＿
＿＿＿＿＿＿＿＿＿＿
＿＿＿＿＿＿＿＿＿＿
＿＿＿＿＿＿＿＿＿＿
＿＿＿＿■＿＿＿＿＿
＿＿＿■■■＿＿＿＿
□□□□□□＿□＿＿
□□□□□□＿□＿＿
□□□□□□□□＿＿
□□□□□□□□□＿
＿□□□□□□□□□
□＿□□□□□□□□
＿＿□□□□□□□□
□□□□□□＿□□□
□□□□□□□□□＿
□□□□□□□□□＿
□□□□＿□□□□□
□□□□□□＿□□□
01:07:53(122208f):field(122207f)
＿＿＿＿＿＿＿＿＿＿
＿＿＿＿＿＿＿＿＿＿
＿＿＿＿＿＿＿＿＿＿
＿＿＿＿＿＿＿＿＿＿
＿＿＿＿＿＿＿＿＿＿
＿＿＿＿＿＿＿＿＿＿
＿＿＿＿□＿■＿＿＿
＿＿＿□□□■＿＿＿
□□□□□□■□＿＿
□□□□□□■□＿＿
□□□□□□□□＿＿
□□□□□□□□□＿
＿□□□□□□□□□
□＿□□□□□□□□
＿＿□□□□□□□□
□□□□□□＿□□□
□□□□□□□□□＿
□□□□□□□□□＿
□□□□＿□□□□□
□□□□□□＿□□□
01:07:54(122221f):field(122220f)
＿＿＿＿＿＿＿＿＿＿
＿＿＿＿＿＿＿＿＿＿
＿＿＿＿＿＿＿＿＿＿
＿＿＿＿＿＿＿＿＿＿
＿＿＿＿＿＿＿＿＿＿
＿＿＿＿＿＿＿＿＿＿
＿＿＿＿◆＿◆＿＿＿
＿＿＿◆◆◆◆＿＿＿
◆◆◆◆□◆□◆＿＿
◆◆□□□□□◆＿＿
□□□□□□□□■＿
□□□□□□□□□■
■□□□□□□□□□
□＿□□□□□□□□
＿＿□□□□□□□□
□□□□□□＿□□□
□□□□□□□□□＿
□□□□□□□□□＿
□□□□＿□□□□□
□□□□□□＿□□□
01:07:54(122234f):field(122233f)
＿＿＿＿＿＿＿＿＿＿
＿＿＿＿＿＿＿＿＿＿
＿＿＿＿＿＿＿＿＿＿
＿＿＿＿＿＿＿＿＿＿
＿＿＿＿＿＿＿＿＿＿
＿＿＿＿＿＿＿＿＿＿
＿＿＿＿■＿＿＿＿＿
＿＿＿■■＿＿＿＿＿
＿＿＿■□＿□＿＿＿
＿＿◆□□□□＿＿＿
□□□□□□□□◆＿
□□□□□□□□□◆
◆□□□□□□□□□
□＿□□□□□□□□
＿＿□□□□□□□□
□□□□□□＿□□□
□□□□□□□□□＿
□□□□□□□□□＿
□□□□＿□□□□□
□□□□□□＿□□□
01:07:54(122248f):field(122247f)
＿＿＿＿＿＿＿＿＿＿
＿＿＿＿＿＿＿＿＿＿
＿＿＿＿＿＿＿＿＿＿
＿＿＿＿＿＿＿＿＿＿
＿＿＿＿＿＿＿＿＿＿
＿＿＿＿＿＿＿＿＿＿
＿＿＿＿□＿＿＿＿＿
＿＿＿□□＿＿＿＿＿
＿■■□□＿□＿＿＿
＿■■□□□□＿＿＿
□□□□□□□□＿＿
□□□□□□□□□＿
＿□□□□□□□□□
□＿□□□□□□□□
＿＿□□□□□□□□
□□□□□□＿□□□
□□□□□□□□□＿
□□□□□□□□□＿
□□□□＿□□□□□
□□□□□□＿□□□
01:07:55(122262f):field(122261f)
＿＿＿＿＿＿＿＿＿＿
＿＿＿＿＿＿＿＿＿＿
＿＿＿＿＿＿＿＿＿＿
＿＿＿＿＿＿＿＿＿＿
＿＿＿＿＿＿＿＿＿＿
＿＿＿＿＿＿＿＿＿＿
＿＿＿＿□＿＿＿＿＿
■■＿□□＿＿＿＿＿
■□□□□＿□＿＿＿
■□□□□□□＿＿＿
□□□□□□□□＿＿
□□□□□□□□□＿
＿□□□□□□□□□
□＿□□□□□□□□
＿＿□□□□□□□□
□□□□□□＿□□□
□□□□□□□□□＿
□□□□□□□□□＿
□□□□＿□□□□□
□□□□□□＿□□□
01:07:55(122275f):field(122274f)
＿＿＿＿＿＿＿＿＿＿
＿＿＿＿＿＿＿＿＿＿
＿＿＿＿＿＿＿＿＿＿
＿＿＿＿＿＿＿＿＿＿
＿＿＿＿＿＿＿＿＿＿
＿＿＿＿＿＿＿＿＿＿
＿＿＿＿□＿＿＿＿＿
□□＿□□■■■＿＿
□□□□□■□＿＿＿
□□□□□□□＿＿＿
□□□□□□□□＿＿
□□□□□□□□□＿
＿□□□□□□□□□
□＿□□□□□□□□
＿＿□□□□□□□□
□□□□□□＿□□□
□□□□□□□□□＿
□□□□□□□□□＿
□□□□＿□□□□□
□□□□□□＿□□□
01:07:56(122287f):field(122286f)
＿＿＿＿＿＿＿＿＿＿
＿＿＿＿＿＿＿＿＿＿
＿＿＿＿＿＿＿＿＿＿
＿＿＿＿＿＿＿＿＿＿
＿＿＿＿＿＿＿＿＿＿
＿＿＿＿＿＿＿＿＿＿
＿＿＿＿◆＿＿＿＿＿
◆◆＿◆□◆◆◆＿＿
□□◆□□□□■＿＿
□□□□□□□＿＿■
□□□□□□□◆＿■
□□□□□□□□◆■
＿□□□□□□□□□
□■□□□□□□□□
＿＿□□□□□□□□
□□□□□□＿□□□
□□□□□□□□□＿
□□□□□□□□□＿
□□□□＿□□□□□
□□□□□□＿□□□
01:07:56(122300f):field(122299f)
＿＿＿＿＿＿＿＿＿＿
＿＿＿＿＿＿＿＿＿＿
＿＿＿＿＿＿＿＿＿＿
＿＿＿＿＿＿＿＿＿＿
＿＿＿＿＿＿＿＿＿＿
＿＿＿＿＿＿＿＿＿＿
＿＿＿■＿＿＿＿＿＿
＿＿■■□＿＿＿＿＿
□□■□□□□□＿＿
□□□□□□□＿＿□
□□□□□□□＿＿□
□□□□□□□□＿□
＿□□□□□□□□□
□◆□□□□□□□□
＿＿□□□□□□□□
□□□□□□＿□□□
□□□□□□□□□＿
□□□□□□□□□＿
□□□□＿□□□□□
□□□□□□＿□□□
01:07:57(122312f):field(122311f)
＿＿＿＿＿＿＿＿＿＿
＿＿＿＿＿＿＿＿＿＿
＿＿＿＿＿＿＿＿＿＿
＿＿＿＿＿＿＿＿＿＿
＿＿＿＿＿＿＿＿＿＿
＿＿＿＿＿＿＿＿＿＿
＿＿＿◆＿＿＿＿＿＿
＿■◆□◆＿■＿＿■
◆◆□□□◆◆□■■
□□□□□□□＿＿□
□□□□□□□＿＿□
□□□□□□□□＿□
＿□□□□□□□□□
□＿□□□□□□□□
＿＿□□□□□□□□
□□□□□□＿□□□
□□□□□□□□□＿
□□□□□□□□□＿
□□□□＿□□□□□
□□□□□□＿□□□
01:07:57(122325f):field(122324f)
＿＿＿＿＿＿＿＿＿＿
＿＿＿＿＿＿＿＿＿＿
＿＿＿＿＿＿＿＿＿＿
＿＿＿＿＿＿＿＿＿＿
＿＿＿＿＿＿＿＿＿＿
＿＿＿＿＿＿＿＿＿＿
＿＿＿＿＿＿＿＿＿＿
＿□■□＿＿◆＿＿◆
■■□□□＿＿◆□□
□□□□□□□＿＿□
□□□□□□□＿＿□
□□□□□□□□＿□
＿□□□□□□□□□
□＿□□□□□□□□
＿＿□□□□□□□□
□□□□□□＿□□□
□□□□□□□□□＿
□□□□□□□□□＿
□□□□＿□□□□□
□□□□□□＿□□□
01:07:58(122340f):field(122339f)
＿＿＿＿＿＿＿＿＿＿
＿＿＿＿＿＿＿＿＿＿
＿＿＿＿＿＿＿＿＿＿
＿＿＿＿＿＿＿＿＿＿
＿＿＿＿＿＿＿＿＿＿
＿＿＿＿＿＿＿＿＿＿
＿＿＿＿＿＿＿＿＿＿
＿□□□■■＿＿＿＿
□□□□□■■＿□□
□□□□□□□＿＿□
□□□□□□□＿＿□
□□□□□□□□＿□
＿□□□□□□□□□
□＿□□□□□□□□
＿＿□□□□□□□□
□□□□□□＿□□□
□□□□□□□□□＿
□□□□□□□□□＿
□□□□＿□□□□□
□□□□□□＿□□□
01:07:58(122353f):field(122352f)
＿＿＿＿＿＿＿＿＿＿
＿＿＿＿＿＿＿＿＿＿
＿＿＿＿＿＿＿＿＿＿
＿＿＿＿＿＿＿＿＿＿
＿＿＿＿＿＿＿＿＿＿
＿＿＿＿＿＿＿＿＿＿
＿＿＿＿■■■＿＿＿
＿□□□□□■＿＿＿
□□□□□□□＿□□
□□□□□□□＿＿□
□□□□□□□＿＿□
□□□□□□□□＿□
＿□□□□□□□□□
□＿□□□□□□□□
＿＿□□□□□□□□
□□□□□□＿□□□
□□□□□□□□□＿
□□□□□□□□□＿
□□□□＿□□□□□
□□□□□□＿□□□
01:07:58(122366f):field(122365f)
＿＿＿＿＿＿＿＿＿＿
＿＿＿＿＿＿＿＿＿＿
＿＿＿＿＿＿＿＿＿＿
＿＿＿＿＿＿＿＿＿＿
＿＿＿＿＿＿＿＿＿＿
＿＿＿＿＿＿＿＿＿＿
■■■＿□□□＿＿＿
■□□□□□□＿＿＿
□□□□□□□＿□□
□□□□□□□＿＿□
□□□□□□□＿＿□
□□□□□□□□＿□
＿□□□□□□□□□
□＿□□□□□□□□
＿＿□□□□□□□□
□□□□□□＿□□□
□□□□□□□□□＿
□□□□□□□□□＿
□□□□＿□□□□□
□□□□□□＿□□□
01:07:59(122380f):field(122379f)
＿＿＿＿＿＿＿＿＿＿
＿＿＿＿＿＿＿＿＿＿
＿＿＿＿＿＿＿＿＿＿
＿＿＿＿＿＿＿＿＿＿
＿■■＿＿＿＿＿＿＿
＿■■＿＿＿＿＿＿＿
□□□＿□□□＿＿＿
□□□□□□□＿＿＿
□□□□□□□＿□□
□□□□□□□＿＿□
□□□□□□□＿＿□
□□□□□□□□＿□
＿□□□□□□□□□
□＿□□□□□□□□
＿＿□□□□□□□□
□□□□□□＿□□□
□□□□□□□□□＿
□□□□□□□□□＿
□□□□＿□□□□□
□□□□□□＿□□□
01:07:59(122393f):field(122392f)
＿＿＿＿＿＿＿＿＿＿
＿＿＿＿＿＿＿＿＿＿
＿＿＿＿＿＿＿＿＿＿
＿＿＿■＿＿＿＿＿＿
＿□□■■＿＿＿＿＿
＿□□＿■＿＿＿＿＿
□□□＿□□□＿＿＿
□□□□□□□＿＿＿
□□□□□□□＿□□
□□□□□□□＿＿□
□□□□□□□＿＿□
□□□□□□□□＿□
＿□□□□□□□□□
□＿□□□□□□□□
＿＿□□□□□□□□
□□□□□□＿□□□
□□□□□□□□□＿
□□□□□□□□□＿
□□□□＿□□□□□
□□□□□□＿□□□
01:08:00(122406f):field(122405f)
＿＿＿＿＿＿＿＿＿＿
＿＿＿＿＿＿＿＿＿＿
＿＿＿＿＿＿＿＿＿＿
＿＿＿◆＿＿＿＿＿＿
＿◆◆□◆＿＿＿＿＿
＿□□■□＿＿＿＿＿
◆□□＿□◆◆＿＿＿
□□□◆□□□＿＿■
□□□□□□□■□◆
□□□□□□□■＿□
□□□□□□□■＿□
□□□□□□□□＿□
＿□□□□□□□□□
□＿□□□□□□□□
＿＿□□□□□□□□
□□□□□□＿□□□
□□□□□□□□□＿
□□□□□□□□□＿
□□□□＿□□□□□
□□□□□□＿□□□
01:08:00(122420f):field(122419f)
＿＿＿＿＿＿＿＿＿＿
＿＿＿＿＿＿＿＿＿＿
＿＿＿＿＿＿＿＿＿＿
＿＿＿＿＿＿＿＿＿＿
＿＿＿◆＿＿＿＿＿＿
＿◆◆◆◆＿＿＿＿＿
＿◆◆■◆＿＿＿＿＿
◆□□■□□◆＿＿◆
□□□□□◆□◆□＿
□□□◆□□□□＿□
□□□□□□□□＿□
□□□□□□□□＿□
＿□□□□□□□□□
□＿□□□□□□□□
＿＿□□□□□□□□
□□□□□□＿□□□
□□□□□□□□□＿
□□□□□□□□□＿
□□□□＿□□□□□
□□□□□□＿□□□
01:08:01(122433f):field(122432f)
＿＿＿＿＿＿＿＿＿＿
＿＿＿＿＿＿＿＿＿＿
＿＿＿＿＿＿＿＿＿＿
＿＿＿＿＿＿＿＿＿＿
＿＿＿＿＿＿＿＿＿＿
＿＿＿＿＿＿＿＿＿＿
＿＿＿□■■＿＿＿＿
＿□□□□□＿＿＿＿
◆□□◆□■◆＿◆＿
□□□＿□□□◆＿□
□□□□□□□□＿□
□□□□□□□□＿□
＿□□□□□□□□□
□＿□□□□□□□□
＿＿□□□□□□□□
□□□□□□＿□□□
□□□□□□□□□＿
□□□□□□□□□＿
□□□□＿□□□□□
□□□□□□＿□□□
01:08:01(122446f):field(122445f)
＿＿＿＿＿＿＿＿＿＿
＿＿＿＿＿＿＿＿＿＿
＿＿＿＿＿＿＿＿＿＿
＿＿＿＿＿＿＿＿＿＿
＿＿＿＿＿＿＿＿＿＿
＿＿＿＿＿＿＿＿＿＿
＿＿＿□□□＿＿＿＿
＿□□□□□＿＿＿＿
＿□□＿□□＿■■＿
□□□＿□□□■■□
□□□□□□□□＿□
□□□□□□□□＿□
＿□□□□□□□□□
□＿□□□□□□□□
＿＿□□□□□□□□
□□□□□□＿□□□
□□□□□□□□□＿
□□□□□□□□□＿
□□□□＿□□□□□
□□□□□□＿□□□
01:08:01(122458f):field(122457f)
＿＿＿＿＿＿＿＿＿＿
＿＿＿＿＿＿＿＿＿＿
＿＿＿＿＿＿＿＿＿＿
＿＿＿＿＿＿＿＿＿＿
＿＿＿＿＿＿＿＿＿＿
＿＿＿＿＿＿＿＿＿＿
■■＿□□□＿＿＿＿
■□□□□□＿＿＿＿
■□□＿□□＿□□＿
□□□＿□□□□□□
□□□□□□□□＿□
□□□□□□□□＿□
＿□□□□□□□□□
□＿□□□□□□□□
＿＿□□□□□□□□
□□□□□□＿□□□
□□□□□□□□□＿
□□□□□□□□□＿
□□□□＿□□□□□
□□□□□□＿□□□
01:08:02(122470f):field(122469f)
＿＿＿＿＿＿＿＿＿＿
＿＿＿＿＿＿＿＿＿＿
＿＿＿＿＿＿＿＿＿＿
＿＿＿＿＿＿＿＿＿＿
＿＿＿＿＿＿＿＿＿＿
＿＿＿＿＿＿＿＿＿＿
□□＿□□□■＿＿＿
□□□□□□■■＿＿
□□□＿□□■□□＿
□□□＿□□□□□□
□□□□□□□□＿□
□□□□□□□□＿□
＿□□□□□□□□□
□＿□□□□□□□□
＿＿□□□□□□□□
□□□□□□＿□□□
□□□□□□□□□＿
□□□□□□□□□＿
□□□□＿□□□□□
□□□□□□＿□□□
01:08:02(122482f):field(122481f)
＿＿＿＿＿＿＿＿＿＿
＿＿＿＿＿＿＿＿＿＿
＿＿＿＿＿＿＿＿＿＿
＿＿＿＿＿＿＿＿＿＿
＿＿＿＿＿＿＿＿＿＿
＿＿＿＿＿＿＿＿＿＿
◆◆■◆◆◆□＿＿＿
□□◆□□□□◆■＿
□□□＿□□□□□■
□□□＿□□□□□□
□□□□□□□□＿□
□□□□□□□□＿□
＿□□□□□□□□□
□＿□□□□□□□□
＿＿□□□□□□□□
□□□□□□＿□□□
□□□□□□□□□＿
□□□□□□□□□＿
□□□□＿□□□□□
□□□□□□＿□□□
01:08:03(122497f):field(122496f)
＿＿＿＿＿＿＿＿＿＿
＿＿＿＿＿＿＿＿＿＿
＿＿＿＿＿＿＿＿＿＿
＿＿＿＿＿＿＿＿＿＿
＿＿＿＿＿＿＿＿＿＿
＿＿＿＿＿＿＿＿＿＿
＿＿◆■■■□＿＿＿
□□＿□□□□＿□＿
□□□＿□□□□□□
□□□＿□□□□□□
□□□□□□□□＿□
□□□□□□□□＿□
＿□□□□□□□□□
□＿□□□□□□□□
＿＿□□□□□□□□
□□□□□□＿□□□
□□□□□□□□□＿
□□□□□□□□□＿
□□□□＿□□□□□
□□□□□□＿□□□
01:08:03(122509f):field(122508f)
＿＿＿＿＿＿＿＿＿＿
＿＿＿＿＿＿＿＿＿＿
＿＿＿＿＿＿＿＿＿＿
＿＿＿＿＿＿＿＿＿＿
＿＿＿＿＿＿＿＿＿＿
■■＿＿＿＿＿＿＿＿
■■＿□□□□＿＿＿
□□＿□□□□＿□＿
□□□＿□□□□□□
□□□＿□□□□□□
□□□□□□□□＿□
□□□□□□□□＿□
＿□□□□□□□□□
□＿□□□□□□□□
＿＿□□□□□□□□
□□□□□□＿□□□
□□□□□□□□□＿
□□□□□□□□□＿
□□□□＿□□□□□
□□□□□□＿□□□
01:08:04(122521f):field(122520f)
＿＿＿＿＿＿＿＿＿＿
＿＿＿＿＿＿＿＿＿＿
＿＿＿＿＿＿＿＿＿＿
＿＿＿＿＿＿＿＿＿＿
＿＿＿＿＿＿＿＿＿＿
□□■■＿＿＿＿＿＿
□□■□□□□＿＿＿
□□■□□□□＿□＿
□□□＿□□□□□□
□□□＿□□□□□□
□□□□□□□□＿□
□□□□□□□□＿□
＿□□□□□□□□□
□＿□□□□□□□□
＿＿□□□□□□□□
□□□□□□＿□□□
□□□□□□□□□＿
□□□□□□□□□＿
□□□□＿□□□□□
□□□□□□＿□□□
01:08:04(122534f):field(122533f)
＿＿＿＿＿＿＿＿＿＿
＿＿＿＿＿＿＿＿＿＿
＿＿＿＿＿＿＿＿＿＿
＿＿＿＿＿＿＿＿＿＿
＿＿＿＿＿＿＿＿＿＿
□□□□＿＿＿＿＿■
□□□□□□□＿■■
□□□□□□□＿□■
□□□＿□□□□□□
□□□＿□□□□□□
□□□□□□□□＿□
□□□□□□□□＿□
＿□□□□□□□□□
□＿□□□□□□□□
＿＿□□□□□□□□
□□□□□□＿□□□
□□□□□□□□□＿
□□□□□□□□□＿
□□□□＿□□□□□
□□□□□□＿□□□
01:08:04(122546f):field(122545f)
＿＿＿＿＿＿＿＿＿＿
＿＿＿＿＿＿＿＿＿＿
＿＿＿＿＿＿＿＿＿＿
＿＿＿＿＿＿＿＿＿＿
＿＿＿＿＿＿＿＿＿＿
◆□◆◆＿＿＿＿＿□
□◆□◆□◆◆■□◆
□□□□◆□□■□□
□□□■□□□□□□
□□□＿□□□□□□
□□□□□□□□＿□
□□□□□□□□＿□
＿□□□□□□□□□
□＿□□□□□□□□
＿＿□□□□□□□□
□□□□□□＿□□□
□□□□□□□□□＿
□□□□□□□□□＿
□□□□＿□□□□□
□□□□□□＿□□□
01:08:05(122558f):field(122557f)
＿＿＿＿＿＿＿＿＿＿
＿＿＿＿＿＿＿＿＿＿
＿＿＿＿＿＿＿＿＿＿
＿＿＿＿＿＿＿＿＿＿
＿＿＿＿＿＿＿＿＿＿
＿◆＿＿＿＿＿＿＿◆
◆＿◆■□＿＿◆◆＿
□□□□■□□□◆□
□□□◆□□□□□□
□□□＿□□□□□□
□□□□□□□□＿□
□□□□□□□□＿□
＿□□□□□□□□□
□＿□□□□□□□□
＿＿□□□□□□□□
□□□□□□＿□□□
□□□□□□□□□＿
□□□□□□□□□＿
□□□□＿□□□□□
□□□□□□＿□□□
01:08:05(122579f):field(122578f)
＿＿＿＿＿＿＿＿＿＿
＿＿＿＿＿＿＿＿＿＿
＿＿＿＿＿＿＿＿＿＿
＿＿＿＿＿＿＿＿＿＿
＿＿＿＿＿＿＿＿＿＿
＿＿＿＿＿＿＿＿＿＿
＿＿＿□□■■■■＿
□□□□□□□□＿□
□□□＿□□□□□□
□□□＿□□□□□□
□□□□□□□□＿□
□□□□□□□□＿□
＿□□□□□□□□□
□＿□□□□□□□□
＿＿□□□□□□□□
□□□□□□＿□□□
□□□□□□□□□＿
□□□□□□□□□＿
□□□□＿□□□□□
□□□□□□＿□□□
01:08:06(122591f):field(122590f)
＿＿＿＿＿＿＿＿＿＿
＿＿＿＿＿＿＿＿＿＿
＿＿＿＿＿＿＿＿＿＿
＿＿＿＿＿＿＿＿＿＿
＿＿＿＿＿＿＿＿＿＿
■■＿＿＿＿＿＿＿＿
■■＿□□□□□□＿
□□□□□□□□＿□
□□□＿□□□□□□
□□□＿□□□□□□
□□□□□□□□＿□
□□□□□□□□＿□
＿□□□□□□□□□
□＿□□□□□□□□
＿＿□□□□□□□□
□□□□□□＿□□□
□□□□□□□□□＿
□□□□□□□□□＿
□□□□＿□□□□□
□□□□□□＿□□□
01:08:06(122604f):field(122603f)
＿＿＿＿＿＿＿＿＿＿
＿＿＿＿＿＿＿＿＿＿
＿＿＿＿＿＿＿＿＿＿
＿＿＿＿＿＿＿＿＿＿
＿＿■＿＿＿＿＿＿＿
□□■■＿＿＿＿＿＿
□□■□□□□□□＿
□□□□□□□□＿□
□□□＿□□□□□□
□□□＿□□□□□□
□□□□□□□□＿□
□□□□□□□□＿□
＿□□□□□□□□□
□＿□□□□□□□□
＿＿□□□□□□□□
□□□□□□＿□□□
□□□□□□□□□＿
□□□□□□□□□＿
□□□□＿□□□□□
□□□□□□＿□□□
01:08:07(122616f):field(122615f)
＿＿＿＿＿＿＿＿＿＿
＿＿＿＿＿＿＿＿＿＿
＿＿＿＿＿＿＿＿＿＿
＿＿＿＿＿＿＿＿＿＿
＿＿◆＿＿＿＿＿＿＿
◆□□◆＿＿＿＿■■
□□□□◆□◆□□■
□□□□□□□□＿□
□□□■□□□□□□
□□□＿□□□□□□
□□□□□□□□＿□
□□□□□□□□＿□
＿□□□□□□□□□
□＿□□□□□□□□
＿＿□□□□□□□□
□□□□□□＿□□□
□□□□□□□□□＿
□□□□□□□□□＿
□□□□＿□□□□□
□□□□□□＿□□□
01:08:07(122631f):field(122630f)
＿＿＿＿＿＿＿＿＿＿
＿＿＿＿＿＿＿＿＿＿
＿＿＿＿＿＿＿＿＿＿
＿＿＿＿＿＿＿＿＿＿
＿＿＿＿＿＿＿＿＿＿
＿◆□＿■＿＿＿□◆
□□□□■□■◆□□
□□□□□□□□＿□
□□□◆□□□□□□
□□□＿□□□□□□
□□□□□□□□＿□
□□□□□□□□＿□
＿□□□□□□□□□
□＿□□□□□□□□
＿＿□□□□□□□□
□□□□□□＿□□□
□□□□□□□□□＿
□□□□□□□□□＿
□□□□＿□□□□□
□□□□□□＿□□□
01:08:08(122644f):field(122643f)
＿＿＿＿＿＿＿＿＿＿
＿＿＿＿＿＿＿＿＿＿
＿＿＿＿＿＿＿＿＿＿
■＿＿＿＿＿＿＿＿＿
■＿＿＿＿＿＿＿＿＿
■■□＿□＿＿＿□＿
□□□□□□□＿□□
□□□□□□□□＿□
□□□＿□□□□□□
□□□＿□□□□□□
□□□□□□□□＿□
□□□□□□□□＿□
＿□□□□□□□□□
□＿□□□□□□□□
＿＿□□□□□□□□
□□□□□□＿□□□
□□□□□□□□□＿
□□□□□□□□□＿
□□□□＿□□□□□
□□□□□□＿□□□
01:08:08(122655f):field(122654f)
＿＿＿＿＿＿＿＿＿＿
＿＿＿＿＿＿＿＿＿＿
＿＿＿＿＿＿＿＿＿＿
◆＿＿＿＿＿＿＿＿＿
□＿＿＿＿＿＿■＿＿
□◆◆■◆＿＿■◆＿
□□□◆□◆◆■□◆
□□□□□□□□■□
□□□＿□□□□□□
□□□＿□□□□□□
□□□□□□□□＿□
□□□□□□□□＿□
＿□□□□□□□□□
□＿□□□□□□□□
＿＿□□□□□□□□
□□□□□□＿□□□
□□□□□□□□□＿
□□□□□□□□□＿
□□□□＿□□□□□
□□□□□□＿□□□
01:08:09(122671f):field(122670f)
＿＿＿＿＿＿＿＿＿＿
＿＿＿＿＿＿＿＿＿＿
＿＿＿＿＿＿＿＿＿＿
＿＿＿＿＿＿＿＿＿＿
□＿＿＿＿＿■□＿＿
□＿＿◆＿＿■□＿＿
□□□＿□■■□□＿
□□□□□□□□◆□
□□□＿□□□□□□
□□□＿□□□□□□
□□□□□□□□＿□
□□□□□□□□＿□
＿□□□□□□□□□
□＿□□□□□□□□
＿＿□□□□□□□□
□□□□□□＿□□□
□□□□□□□□□＿
□□□□□□□□□＿
□□□□＿□□□□□
□□□□□□＿□□□
01:08:09(122683f):field(122682f)
＿＿＿＿＿＿＿＿＿＿
＿＿＿＿＿＿＿＿＿＿
＿＿＿＿＿＿＿＿＿＿
＿＿＿＿＿＿＿＿＿＿
□＿＿＿■＿□□＿＿
□＿＿■■＿□□＿＿
□□□■□□□□□＿
□□□□□□□□＿□
□□□＿□□□□□□
□□□＿□□□□□□
□□□□□□□□＿□
□□□□□□□□＿□
＿□□□□□□□□□
□＿□□□□□□□□
＿＿□□□□□□□□
□□□□□□＿□□□
□□□□□□□□□＿
□□□□□□□□□＿
□□□□＿□□□□□
□□□□□□＿□□□
01:08:10(122702f):field(122701f)
＿＿＿＿＿＿＿＿＿＿
＿＿＿＿＿＿＿＿＿＿
＿＿＿＿＿＿＿＿＿＿
＿＿＿＿＿＿＿＿＿＿
◆＿＿＿◆＿◆◆＿＿
□＿＿◆□＿□□＿■
□◆◆□□□□□□■
□□□□□□□□＿□
□□□■□□□□□□
□□□＿□□□□□□
□□□□□□□□＿□
□□□□□□□□＿□
＿□□□□□□□□□
□＿□□□□□□□□
＿＿□□□□□□□□
□□□□□□＿□□□
□□□□□□□□□＿
□□□□□□□□□＿
□□□□＿□□□□□
□□□□□□＿□□□
01:08:10(122716f):field(122715f)
＿＿＿＿＿＿＿＿＿＿
＿＿＿＿＿＿＿＿＿＿
＿＿＿＿＿＿＿＿＿＿
＿＿＿＿＿＿＿＿＿＿
＿＿＿＿＿＿＿＿＿＿
□＿■■□＿□□＿□
□■■□□◆□□□□
□□□□□□□□＿□
□□□◆□□□□□□
□□□＿□□□□□□
□□□□□□□□＿□
□□□□□□□□＿□
＿□□□□□□□□□
□＿□□□□□□□□
＿＿□□□□□□□□
□□□□□□＿□□□
□□□□□□□□□＿
□□□□□□□□□＿
□□□□＿□□□□□
□□□□□□＿□□□
01:08:10(122727f):field(122726f)
＿＿＿＿＿＿＿＿＿＿
＿＿＿＿＿＿＿＿＿＿
＿＿＿＿＿＿＿＿＿＿
＿＿＿＿＿＿＿＿＿＿
＿＿＿＿＿■＿＿＿＿
◆＿◆◆◆■◆□＿◆
□◆□□□■□□□□
□□□□□□□□＿□
□□□■□□□□□□
□□□＿□□□□□□
□□□□□□□□＿□
□□□□□□□□＿□
＿□□□□□□□□□
□＿□□□□□□□□
＿＿□□□□□□□□
□□□□□□＿□□□
□□□□□□□□□＿
□□□□□□□□□＿
□□□□＿□□□□□
□□□□□□＿□□□
01:08:11(122743f):field(122742f)
＿＿＿＿＿＿＿＿＿＿
＿＿＿＿＿＿＿＿＿＿
＿＿＿＿＿＿＿＿＿＿
＿＿＿＿＿＿＿＿＿＿
＿＿＿＿＿◆＿＿＿＿
＿＿＿＿＿□＿◆＿＿
□＿◆◆◆□□□□◆
□◆□□□□□□■□
□□□◆□□□□□□
□□□＿□□□□□□
□□□□□□□□＿□
□□□□□□□□＿□
＿□□□□□□□□□
□＿□□□□□□□□
＿＿□□□□□□□□
□□□□□□＿□□□
□□□□□□□□□＿
□□□□□□□□□＿
□□□□＿□□□□□
□□□□□□＿□□□
01:08:11(122759f):field(122758f)
＿＿＿＿＿＿＿＿＿＿
＿＿＿＿＿＿＿＿＿＿
＿＿＿＿＿＿＿＿＿＿
＿＿＿＿＿＿＿＿＿＿
＿＿＿＿＿＿＿■＿＿
＿＿＿＿＿□■■＿＿
◆＿＿＿＿□□□□＿
□＿□□□□□□□□
□□□＿□□□□□□
□□□＿□□□□□□
□□□□□□□□＿□
□□□□□□□□＿□
＿□□□□□□□□□
□＿□□□□□□□□
＿＿□□□□□□□□
□□□□□□＿□□□
□□□□□□□□□＿
□□□□□□□□□＿
□□□□＿□□□□□
□□□□□□＿□□□
01:08:12(122772f):field(122771f)
＿＿＿＿＿＿＿＿＿＿
＿＿＿＿＿＿＿＿＿＿
＿＿＿＿＿＿＿＿＿＿
＿＿＿＿＿＿＿＿＿＿
＿＿＿＿＿＿＿◆＿＿
＿＿＿＿＿◆◆□＿＿
＿＿■＿＿□□□◆＿
□■□□◆□□□□◆
□□□＿□□□□□□
□□□＿□□□□□□
□□□□□□□□＿□
□□□□□□□□＿□
＿□□□□□□□□□
□＿□□□□□□□□
＿＿□□□□□□□□
□□□□□□＿□□□
□□□□□□□□□＿
□□□□□□□□□＿
□□□□＿□□□□□
□□□□□□＿□□□
01:08:13(122793f):field(122792f)
＿＿＿＿＿＿＿＿＿＿
＿＿＿＿＿＿＿＿＿＿
＿＿＿＿＿＿＿＿＿＿
＿＿＿＿＿＿＿＿＿＿
＿＿＿＿＿＿＿＿＿＿
＿＿■＿＿＿＿□＿＿
＿＿□■＿□□□＿＿
□□□□＿□□□□＿
□□□＿□□□□□□
□□□＿□□□□□□
□□□□□□□□＿□
□□□□□□□□＿□
＿□□□□□□□□□
□＿□□□□□□□□
＿＿□□□□□□□□
□□□□□□＿□□□
□□□□□□□□□＿
□□□□□□□□□＿
□□□□＿□□□□□
□□□□□□＿□□□
01:08:13(122806f):field(122805f)
＿＿＿＿＿＿＿＿＿＿
＿＿＿＿＿＿＿＿＿＿
＿＿＿＿＿＿＿＿＿＿
＿＿＿＿＿＿＿＿＿＿
＿＿＿＿＿■■＿＿＿
＿＿□＿＿■■□＿＿
＿＿□□＿□□□＿＿
□□□□＿□□□□＿
□□□＿□□□□□□
□□□＿□□□□□□
□□□□□□□□＿□
□□□□□□□□＿□
＿□□□□□□□□□
□＿□□□□□□□□
＿＿□□□□□□□□
□□□□□□＿□□□
□□□□□□□□□＿
□□□□□□□□□＿
□□□□＿□□□□□
□□□□□□＿□□□
01:08:14(122820f):field(122819f)
＿＿＿＿＿＿＿＿＿＿
＿＿＿＿＿＿＿＿＿＿
＿＿＿＿＿＿＿＿＿＿
＿＿＿＿＿■■■＿＿
＿＿＿＿＿□□■＿＿
＿＿□＿＿□□□＿＿
＿＿□□＿□□□＿＿
□□□□＿□□□□＿
□□□＿□□□□□□
□□□＿□□□□□□
□□□□□□□□＿□
□□□□□□□□＿□
＿□□□□□□□□□
□＿□□□□□□□□
＿＿□□□□□□□□
□□□□□□＿□□□
□□□□□□□□□＿
□□□□□□□□□＿
□□□□＿□□□□□
□□□□□□＿□□□
01:08:14(122836f):field(122835f)
＿＿＿＿＿＿＿＿＿＿
＿＿＿＿＿＿＿＿＿＿
＿＿＿＿＿＿＿＿＿＿
＿＿＿＿＿□□□＿＿
＿＿＿＿■□□□＿＿
＿＿□＿■□□□＿＿
＿＿□□■□□□＿＿
□□□□■□□□□＿
□□□＿□□□□□□
□□□＿□□□□□□
□□□□□□□□＿□
□□□□□□□□＿□
＿□□□□□□□□□
□＿□□□□□□□□
＿＿□□□□□□□□
□□□□□□＿□□□
□□□□□□□□□＿
□□□□□□□□□＿
□□□□＿□□□□□
□□□□□□＿□□□
01:08:14(122849f):field(122848f)
＿＿＿＿＿＿＿＿＿＿
＿＿＿＿＿＿＿＿＿＿
＿＿＿＿＿＿＿＿＿＿
＿＿＿＿＿□□□＿＿
■＿＿＿□□□□＿＿
■＿□＿□□□□＿＿
■■□□□□□□＿＿
□□□□□□□□□＿
□□□＿□□□□□□
□□□＿□□□□□□
□□□□□□□□＿□
□□□□□□□□＿□
＿□□□□□□□□□
□＿□□□□□□□□
＿＿□□□□□□□□
□□□□□□＿□□□
□□□□□□□□□＿
□□□□□□□□□＿
□□□□＿□□□□□
□□□□□□＿□□□
01:08:15(122872f):field(122871f)
＿＿＿＿＿＿＿＿＿＿
＿＿＿＿＿＿＿＿＿＿
＿＿＿＿＿＿＿＿＿＿
＿＿■＿＿□□□＿＿
□＿■■□□□□＿＿
□＿□■□□□□＿＿
□□□□□□□□＿＿
□□□□□□□□□＿
□□□＿□□□□□□
□□□＿□□□□□□
□□□□□□□□＿□
□□□□□□□□＿□
＿□□□□□□□□□
□＿□□□□□□□□
＿＿□□□□□□□□
□□□□□□＿□□□
□□□□□□□□□＿
□□□□□□□□□＿
□□□□＿□□□□□
□□□□□□＿□□□
01:08:16(122887f):field(122886f)
＿＿＿＿＿＿＿＿＿＿
＿＿＿＿＿＿＿＿＿＿
＿＿＿■■■＿＿＿＿
＿＿□＿■□□□＿＿
□＿□□□□□□＿＿
□＿□□□□□□＿＿
□□□□□□□□＿＿
□□□□□□□□□＿
□□□＿□□□□□□
□□□＿□□□□□□
□□□□□□□□＿□
□□□□□□□□＿□
＿□□□□□□□□□
□＿□□□□□□□□
＿＿□□□□□□□□
□□□□□□＿□□□
□□□□□□□□□＿
□□□□□□□□□＿
□□□□＿□□□□□
□□□□□□＿□□□
01:08:16(122899f):field(122898f)
＿＿＿＿＿＿＿＿＿＿
＿＿＿＿＿＿＿＿＿＿
＿＿＿◆◆◆＿＿＿＿
＿＿◆■□□◆◆＿＿
◆＿□◆□□□□＿＿
□＿□□□□□□＿＿
□□□□□□□□■■
□□□□□□□□□＿
□□□＿□□□□□□
□□□＿□□□□□□
□□□□□□□□＿□
□□□□□□□□＿□
＿□□□□□□□□□
□＿□□□□□□□□
＿＿□□□□□□□□
□□□□□□＿□□□
□□□□□□□□□＿
□□□□□□□□□＿
□□□□＿□□□□□
□□□□□□＿□□□
01:08:17(122913f):field(122912f)
＿＿＿＿＿＿＿＿＿＿
＿＿＿＿＿＿＿＿＿＿
＿＿＿＿＿＿＿＿＿■
＿＿＿□□□＿＿＿■
＿＿□＿□□□□＿■
□＿□□□□□□＿■
□◆□□□□□□□□
□□□□□□□□□＿
□□□＿□□□□□□
□□□＿□□□□□□
□□□□□□□□＿□
□□□□□□□□＿□
＿□□□□□□□□□
□＿□□□□□□□□
＿＿□□□□□□□□
□□□□□□＿□□□
□□□□□□□□□＿
□□□□□□□□□＿
□□□□＿□□□□□
□□□□□□＿□□□
01:08:17(122928f):field(122927f)
＿＿＿＿＿＿＿＿＿＿
＿＿＿＿＿＿＿＿＿＿
＿＿＿＿＿■■＿＿□
＿＿＿□□□■■＿□
＿＿□＿□□□□＿□
□＿□□□□□□＿□
□＿□□□□□□□□
□□□□□□□□□＿
□□□＿□□□□□□
□□□＿□□□□□□
□□□□□□□□＿□
□□□□□□□□＿□
＿□□□□□□□□□
□＿□□□□□□□□
＿＿□□□□□□□□
□□□□□□＿□□□
□□□□□□□□□＿
□□□□□□□□□＿
□□□□＿□□□□□
□□□□□□＿□□□
01:08:18(122941f):field(122940f)
＿＿＿＿＿＿＿＿＿＿
＿＿＿＿＿＿＿＿＿＿
＿＿＿＿＿◆◆＿＿◆
＿＿＿◆◆□□◆＿□
＿＿◆■□□□□＿□
□■□◆□□□□＿□
□■□□□□□□□□
□□□□□□□□□＿
□□□■□□□□□□
□□□＿□□□□□□
□□□□□□□□＿□
□□□□□□□□＿□
＿□□□□□□□□□
□＿□□□□□□□□
＿＿□□□□□□□□
□□□□□□＿□□□
□□□□□□□□□＿
□□□□□□□□□＿
□□□□＿□□□□□
□□□□□□＿□□□
01:08:18(122956f):field(122955f)
＿＿＿＿＿＿＿＿＿＿
＿＿＿＿＿＿＿＿＿＿
＿＿＿＿＿＿＿＿＿＿
＿■＿＿＿□□＿＿□
■■■□□□□□＿□
□□□＿□□□□＿□
□□□□□□□□◆□
□□□□□□□□□＿
□□□◆□□□□□□
□□□＿□□□□□□
□□□□□□□□＿□
□□□□□□□□＿□
＿□□□□□□□□□
□＿□□□□□□□□
＿＿□□□□□□□□
□□□□□□＿□□□
□□□□□□□□□＿
□□□□□□□□□＿
□□□□＿□□□□□
□□□□□□＿□□□
01:08:18(122969f):field(122968f)
＿＿＿＿＿＿＿＿＿＿
＿＿＿＿＿＿＿＿＿＿
＿＿＿＿■■＿＿＿＿
＿□＿■■□□＿＿□
□□□□□□□□＿□
□□□＿□□□□＿□
□□□□□□□□＿□
□□□□□□□□□＿
□□□＿□□□□□□
□□□＿□□□□□□
□□□□□□□□＿□
□□□□□□□□＿□
＿□□□□□□□□□
□＿□□□□□□□□
＿＿□□□□□□□□
□□□□□□＿□□□
□□□□□□□□□＿
□□□□□□□□□＿
□□□□＿□□□□□
□□□□□□＿□□□
01:08:19(122984f):field(122983f)
＿＿＿＿＿＿＿＿＿＿
＿＿＿＿■■■＿＿＿
＿＿＿＿□□■＿＿＿
＿□＿□□□□＿＿□
□□□□□□□□＿□
□□□＿□□□□＿□
□□□□□□□□＿□
□□□□□□□□□＿
□□□＿□□□□□□
□□□＿□□□□□□
□□□□□□□□＿□
□□□□□□□□＿□
＿□□□□□□□□□
□＿□□□□□□□□
＿＿□□□□□□□□
□□□□□□＿□□□
□□□□□□□□□＿
□□□□□□□□□＿
□□□□＿□□□□□
□□□□□□＿□□□
01:08:22(123073f):game end
