00:28:39(51576f):game start
00:28:41(51636f):field(51635f)
＿＿＿＿＿＿＿＿＿＿
＿＿＿＿＿＿＿＿＿＿
＿＿＿＿＿＿＿＿＿＿
＿＿＿＿＿＿＿＿＿＿
＿＿＿＿＿＿＿＿＿＿
＿＿＿＿＿＿＿＿＿＿
＿＿＿＿＿＿＿＿＿＿
＿＿＿＿＿＿＿＿＿＿
＿＿＿＿＿＿＿＿＿＿
＿＿＿＿＿＿＿＿＿＿
＿＿＿＿＿＿＿＿＿＿
＿＿＿＿＿＿＿＿＿＿
＿＿＿＿＿＿＿＿＿＿
＿＿＿＿＿＿＿＿＿＿
＿＿＿＿＿＿＿＿＿＿
＿＿＿＿＿＿＿＿＿＿
＿＿＿＿＿＿＿＿＿＿
＿＿＿＿＿＿＿＿＿＿
＿■＿＿＿＿＿＿＿＿
■■■＿＿＿＿＿＿＿
00:28:41(51648f):field(51647f)
＿＿＿＿＿＿＿＿＿＿
＿＿＿＿＿＿＿＿＿＿
＿＿＿＿＿＿＿＿＿＿
＿＿＿＿＿＿＿＿＿＿
＿＿＿＿＿＿＿＿＿＿
＿＿＿＿＿＿＿＿＿＿
＿＿＿＿＿＿＿＿＿＿
＿＿＿＿＿＿＿＿＿＿
＿＿＿＿＿＿＿＿＿＿
＿＿＿＿＿＿＿＿＿＿
＿＿＿＿＿＿＿＿＿＿
＿＿＿＿＿＿＿＿＿＿
＿＿＿＿＿＿＿＿＿＿
＿＿＿＿＿＿＿＿＿＿
＿＿＿＿＿＿＿＿＿＿
＿＿＿＿＿＿＿＿＿＿
＿＿＿＿＿＿＿＿＿＿
＿＿＿＿＿＿＿＿＿＿
＿□＿＿＿＿＿＿＿■
□□□＿＿＿＿■■■
00:28:42(51660f):field(51659f)
＿＿＿＿＿＿＿＿＿＿
＿＿＿＿＿＿＿＿＿＿
＿＿＿＿＿＿＿＿＿＿
＿＿＿＿＿＿＿＿＿＿
＿＿＿＿＿＿＿＿＿＿
＿＿＿＿＿＿＿＿＿＿
＿＿＿＿＿＿＿＿＿＿
＿＿＿＿＿＿＿＿＿＿
＿＿＿＿＿＿＿＿＿＿
＿＿＿＿＿＿＿＿＿＿
＿＿＿＿＿＿＿＿＿＿
＿＿＿＿＿＿＿＿＿＿
＿＿＿＿＿＿＿＿＿＿
＿＿＿＿＿＿＿＿＿＿
＿＿＿＿＿＿＿＿＿＿
＿＿＿＿＿＿＿＿＿＿
＿＿＿＿＿■＿＿＿＿
＿＿＿＿＿■＿＿＿＿
＿□＿＿＿■＿＿＿□
□□□＿＿■＿□□□
00:28:42(51670f):field(51669f)
＿＿＿＿＿＿＿＿＿＿
＿＿＿＿＿＿＿＿＿＿
＿＿＿＿＿＿＿＿＿＿
＿＿＿＿＿＿＿＿＿＿
＿＿＿＿＿＿＿＿＿＿
＿＿＿＿＿＿＿＿＿＿
＿＿＿＿＿＿＿＿＿＿
＿＿＿＿＿＿＿＿＿＿
＿＿＿＿＿＿＿＿＿＿
＿＿＿＿＿＿＿＿＿＿
＿＿＿＿＿＿＿＿＿＿
＿＿＿＿＿＿＿＿＿＿
＿＿＿＿＿＿＿＿＿＿
＿＿＿＿＿＿＿＿＿＿
＿＿＿＿＿＿＿＿＿＿
＿＿＿＿＿＿＿＿＿＿
＿＿＿＿＿□＿＿＿＿
＿＿＿＿■□＿＿＿＿
＿□＿＿■□＿＿＿□
□□□■■□＿□□□
00:28:42(51683f):field(51682f)
＿＿＿＿＿＿＿＿＿＿
＿＿＿＿＿＿＿＿＿＿
＿＿＿＿＿＿＿＿＿＿
＿＿＿＿＿＿＿＿＿＿
＿＿＿＿＿＿＿＿＿＿
＿＿＿＿＿＿＿＿＿＿
＿＿＿＿＿＿＿＿＿＿
＿＿＿＿＿＿＿＿＿＿
＿＿＿＿＿＿＿＿＿＿
＿＿＿＿＿＿＿＿＿＿
＿＿＿＿＿＿＿＿＿＿
＿＿＿＿＿＿＿＿＿＿
＿＿＿＿＿＿＿＿＿＿
＿＿＿＿＿＿＿＿＿＿
＿＿＿＿＿＿＿＿＿＿
＿＿＿＿＿＿＿＿＿＿
＿■＿＿＿□＿＿＿＿
＿■■＿□□＿＿＿＿
＿□■＿□□＿＿＿□
□□□□□□＿□□□
00:28:43(51697f):field(51696f)
＿＿＿＿＿＿＿＿＿＿
＿＿＿＿＿＿＿＿＿＿
＿＿＿＿＿＿＿＿＿＿
＿＿＿＿＿＿＿＿＿＿
＿＿＿＿＿＿＿＿＿＿
＿＿＿＿＿＿＿＿＿＿
＿＿＿＿＿＿＿＿＿＿
＿＿＿＿＿＿＿＿＿＿
＿＿＿＿＿＿＿＿＿＿
＿＿＿＿＿＿＿＿＿＿
＿＿＿＿＿＿＿＿＿＿
＿＿＿＿＿＿＿＿＿＿
＿＿＿＿＿＿＿＿＿＿
＿＿＿＿＿＿＿＿＿＿
＿＿＿＿＿＿＿＿＿＿
＿＿＿＿＿＿＿＿＿＿
＿□＿＿＿□＿＿＿■
＿□□＿□□＿＿■■
＿□□＿□□＿＿■□
□□□□□□＿□□□
00:28:43(51711f):field(51710f)
＿＿＿＿＿＿＿＿＿＿
＿＿＿＿＿＿＿＿＿＿
＿＿＿＿＿＿＿＿＿＿
＿＿＿＿＿＿＿＿＿＿
＿＿＿＿＿＿＿＿＿＿
＿＿＿＿＿＿＿＿＿＿
＿＿＿＿＿＿＿＿＿＿
＿＿＿＿＿＿＿＿＿＿
＿＿＿＿＿＿＿＿＿＿
＿＿＿＿＿＿＿＿＿＿
＿＿＿＿＿＿＿＿＿＿
＿＿＿＿＿＿＿＿＿＿
＿＿＿＿＿＿＿＿＿＿
＿＿＿＿＿＿＿＿＿＿
＿＿＿＿＿＿＿＿＿＿
＿＿■＿＿＿＿＿＿＿
＿□■■＿□＿＿＿□
＿□□■□□＿＿□□
＿□□＿□□＿＿□□
□□□□□□＿□□□
00:28:44(51725f):field(51724f)
＿＿＿＿＿＿＿＿＿＿
＿＿＿＿＿＿＿＿＿＿
＿＿＿＿＿＿＿＿＿＿
＿＿＿＿＿＿＿＿＿＿
＿＿＿＿＿＿＿＿＿＿
＿＿＿＿＿＿＿＿＿＿
＿＿＿＿＿＿＿＿＿＿
＿＿＿＿＿＿＿＿＿＿
＿＿＿＿＿＿＿＿＿＿
＿＿＿＿＿＿＿＿＿＿
＿＿＿＿＿＿＿＿＿＿
＿＿＿＿＿＿＿＿＿＿
＿＿＿＿＿＿＿＿＿＿
＿＿＿＿＿＿＿＿＿＿
＿＿＿＿＿＿＿＿＿＿
＿＿□＿＿＿＿＿＿＿
＿□□□＿□■＿＿□
＿□□□□□■＿□□
＿□□＿□□■■□□
□□□□□□＿□□□
00:28:44(51738f):field(51737f)
＿＿＿＿＿＿＿＿＿＿
＿＿＿＿＿＿＿＿＿＿
＿＿＿＿＿＿＿＿＿＿
＿＿＿＿＿＿＿＿＿＿
＿＿＿＿＿＿＿＿＿＿
＿＿＿＿＿＿＿＿＿＿
＿＿＿＿＿＿＿＿＿＿
＿＿＿＿＿＿＿＿＿＿
＿＿＿＿＿＿＿＿＿＿
＿＿＿＿＿＿＿＿＿＿
＿＿＿＿＿＿＿＿＿＿
＿＿＿＿＿＿＿＿＿＿
＿＿＿＿＿＿＿＿＿＿
＿＿＿＿＿＿＿＿＿＿
＿＿＿＿■■■＿＿＿
＿＿□＿＿＿■＿＿＿
＿□□□＿□□＿＿□
＿□□□□□□＿□□
＿□□＿□□□□□□
□□□□□□＿□□□
00:28:45(51750f):field(51749f)
＿＿＿＿＿＿＿＿＿＿
＿＿＿＿＿＿＿＿＿＿
＿＿＿＿＿＿＿＿＿＿
＿＿＿＿＿＿＿＿＿＿
＿＿＿＿＿＿＿＿＿＿
＿＿＿＿＿＿＿＿＿＿
＿＿＿＿＿＿＿＿＿＿
＿＿＿＿＿＿＿＿＿＿
＿＿＿＿＿＿＿＿＿＿
＿＿＿＿＿＿＿＿＿＿
＿＿＿＿＿＿＿＿＿＿
＿＿＿＿＿＿＿＿＿＿
＿＿＿＿■■＿＿＿＿
＿＿＿＿■■＿＿＿＿
＿＿＿＿□□□＿＿＿
＿＿□＿＿＿□＿＿＿
＿□□□＿□□＿＿□
＿□□□□□□＿□□
＿□□＿□□□□□□
□□□□□□＿□□□
00:28:45(51763f):field(51762f)
＿＿＿＿＿＿＿＿＿＿
＿＿＿＿＿＿＿＿＿＿
＿＿＿＿＿＿＿＿＿＿
＿＿＿＿＿＿＿＿＿＿
＿＿＿＿＿＿＿＿＿＿
＿＿＿＿＿＿＿＿＿＿
＿＿＿＿＿＿＿＿＿＿
＿＿＿＿＿＿＿＿＿＿
＿＿＿＿＿＿＿＿＿＿
＿＿＿＿＿＿＿＿＿＿
＿＿＿＿＿＿＿＿＿＿
＿＿＿＿＿＿＿＿＿＿
＿＿＿＿□□＿＿＿＿
＿＿＿＿□□＿＿＿＿
＿＿＿＿□□□■＿＿
＿＿□＿＿＿□■＿＿
＿□□□＿□□■＿□
＿□□□□□□■□□
＿□□＿□□□□□□
□□□□□□＿□□□
00:28:45(51776f):field(51775f)
＿＿＿＿＿＿＿＿＿＿
＿＿＿＿＿＿＿＿＿＿
＿＿＿＿＿＿＿＿＿＿
＿＿＿＿＿＿＿＿＿＿
＿＿＿＿＿＿＿＿＿＿
＿＿＿＿＿＿＿＿＿＿
＿＿＿＿＿＿＿＿＿＿
＿＿＿＿＿＿＿＿＿＿
＿＿＿＿＿＿＿＿＿＿
＿＿＿＿＿＿＿＿＿＿
＿＿＿＿＿＿＿＿＿＿
＿＿＿＿＿＿＿＿＿＿
＿＿＿＿□□＿＿＿＿
＿＿■＿□□＿＿＿＿
＿＿■■□□□□＿＿
＿＿□■＿＿□□＿＿
＿□□□＿□□□＿□
＿□□□□□□□□□
＿□□＿□□□□□□
□□□□□□＿□□□
00:28:46(51793f):field(51792f)
＿＿＿＿＿＿＿＿＿＿
＿＿＿＿＿＿＿＿＿＿
＿＿＿＿＿＿＿＿＿＿
＿＿＿＿＿＿＿＿＿＿
＿＿＿＿＿＿＿＿＿＿
＿＿＿＿＿＿＿＿＿＿
＿＿＿＿＿＿＿＿＿＿
＿＿＿＿＿＿＿＿＿＿
＿＿＿＿＿＿＿＿＿＿
＿＿＿＿＿＿＿＿＿＿
＿＿＿＿＿＿＿＿＿＿
＿＿＿■■■＿＿＿＿
＿＿＿■□□＿＿＿＿
＿＿□＿□□＿＿＿＿
＿＿□□□□□□＿＿
＿＿□□＿＿□□＿＿
＿□□□＿□□□＿□
＿□□□□□□□□□
＿□□＿□□□□□□
□□□□□□＿□□□
00:28:46(51809f):field(51808f)
＿＿＿＿＿＿＿＿＿＿
＿＿＿＿＿＿＿＿＿＿
＿＿＿＿＿＿＿＿＿＿
＿＿＿＿＿＿＿＿＿＿
＿＿＿＿＿＿＿＿＿＿
＿＿＿＿＿＿＿＿＿＿
＿＿＿＿＿＿＿＿＿＿
＿＿＿＿＿＿＿＿＿＿
＿＿＿＿＿＿＿＿＿＿
＿＿＿＿＿＿＿＿＿＿
＿＿＿＿＿＿＿＿＿＿
＿＿＿◆◆◆＿＿＿＿
＿＿＿□□□＿＿＿＿
＿＿◆■□□＿＿＿＿
＿＿□◆□□◆◆＿＿
＿＿□□■■□□＿＿
■□□□＿□□□＿◆
■□□□◆□□□◆□
＿□□＿□□□□□□
□□□□□□＿□□□
00:28:47(51823f):field(51822f)
＿＿＿＿＿＿＿＿＿＿
＿＿＿＿＿＿＿＿＿＿
＿＿＿＿＿＿＿＿＿＿
＿＿＿＿＿＿＿＿＿＿
＿＿＿＿＿＿＿＿＿＿
＿＿＿＿＿＿＿＿＿＿
＿＿＿＿＿＿＿＿＿＿
＿＿＿＿＿＿＿＿＿＿
＿＿＿＿＿＿＿＿＿＿
＿＿＿＿＿＿＿＿＿＿
＿＿＿＿＿＿＿＿＿＿
＿＿＿＿＿＿＿＿＿＿
＿＿＿□□□＿＿＿＿
＿＿＿□□□＿＿＿＿
＿＿□＿□□＿＿＿＿
＿＿□□□□□□■＿
□□□□＿◆□□■■
□□□□＿□□□■□
＿□□＿□□□□□□
□□□□□□＿□□□
00:28:48(51842f):field(51841f)
＿＿＿＿＿＿＿＿＿＿
＿＿＿＿＿＿＿＿＿＿
＿＿＿＿＿＿＿＿＿＿
＿＿＿＿＿＿＿＿＿＿
＿＿＿＿＿＿＿＿＿＿
＿＿＿＿＿＿＿＿＿＿
＿＿＿＿＿＿＿＿＿＿
＿＿＿＿＿＿＿＿＿＿
＿＿＿＿＿＿＿＿＿＿
＿＿＿＿＿＿＿＿＿＿
＿＿＿＿＿＿＿＿＿＿
＿＿＿＿＿＿＿＿＿＿
＿＿■□□□＿＿＿＿
＿■■□□□＿＿＿＿
＿■□＿□□＿＿＿＿
＿＿□□□□□□□＿
□□□□＿＿□□□□
□□□□＿□□□□□
＿□□＿□□□□□□
□□□□□□＿□□□
00:28:48(51855f):field(51854f)
＿＿＿＿＿＿＿＿＿＿
＿＿＿＿＿＿＿＿＿＿
＿＿＿＿＿＿＿＿＿＿
＿＿＿＿＿＿＿＿＿＿
＿＿＿＿＿＿＿＿＿＿
＿＿＿＿＿＿＿＿＿＿
＿＿＿＿＿＿＿＿＿＿
＿＿＿＿＿＿＿＿＿＿
＿＿＿＿＿＿＿＿＿＿
＿＿＿＿＿＿＿＿＿＿
＿＿＿＿＿＿＿＿＿＿
＿＿＿＿＿＿＿＿＿＿
＿＿□□□□＿＿＿＿
＿□□□□□＿＿■＿
＿□□＿□□＿＿■■
＿＿□□□□□□□■
□□□□＿＿□□□□
□□□□＿□□□□□
＿□□＿□□□□□□
□□□□□□＿□□□
00:28:48(51868f):field(51867f)
＿＿＿＿＿＿＿＿＿＿
＿＿＿＿＿＿＿＿＿＿
＿＿＿＿＿＿＿＿＿＿
＿＿＿＿＿＿＿＿＿＿
＿＿＿＿＿＿＿＿＿＿
＿＿＿＿＿＿＿＿＿＿
＿＿＿＿＿＿＿＿＿＿
＿＿＿＿＿＿＿＿＿＿
＿＿＿＿＿＿＿＿＿＿
＿＿＿＿＿＿＿＿＿＿
＿＿＿＿＿＿＿＿＿＿
＿＿＿＿＿＿＿＿＿＿
＿＿□□□□＿■＿＿
＿□□□□□■■□＿
＿□□＿□□■＿□□
＿＿□□□□□□□□
□□□□＿＿□□□□
□□□□＿□□□□□
＿□□＿□□□□□□
□□□□□□＿□□□
00:28:49(51879f):field(51878f)
＿＿＿＿＿＿＿＿＿＿
＿＿＿＿＿＿＿＿＿＿
＿＿＿＿＿＿＿＿＿＿
＿＿＿＿＿＿＿＿＿＿
＿＿＿＿＿＿＿＿＿＿
＿＿＿＿＿＿＿＿＿＿
＿＿＿＿＿＿＿＿＿＿
＿＿＿＿＿＿＿＿＿＿
＿＿＿＿＿＿＿＿＿＿
＿＿＿＿＿＿＿＿＿＿
＿＿＿＿＿＿＿＿＿＿
＿＿＿＿■■■＿＿＿
＿＿□□□□■□＿＿
＿□□□□□□□□＿
＿□□＿□□□＿□□
＿＿□□□□□□□□
□□□□＿＿□□□□
□□□□＿□□□□□
＿□□＿□□□□□□
□□□□□□＿□□□
00:28:49(51892f):field(51891f)
＿＿＿＿＿＿＿＿＿＿
＿＿＿＿＿＿＿＿＿＿
＿＿＿＿＿＿＿＿＿＿
＿＿＿＿＿＿＿＿＿＿
＿＿＿＿＿＿＿＿＿＿
＿＿＿＿＿＿＿＿＿＿
＿＿＿＿＿＿＿＿＿＿
＿＿＿＿＿＿＿＿＿＿
＿＿＿＿＿＿＿＿＿＿
＿＿＿＿■■＿＿＿＿
＿＿＿＿■■＿＿＿＿
＿＿＿＿□□□＿＿＿
＿＿□□□□□□＿＿
＿□□□□□□□□＿
＿□□＿□□□＿□□
＿＿□□□□□□□□
□□□□＿＿□□□□
□□□□＿□□□□□
＿□□＿□□□□□□
□□□□□□＿□□□
00:28:50(51906f):field(51905f)
＿＿＿＿＿＿＿＿＿＿
＿＿＿＿＿＿＿＿＿＿
＿＿＿＿＿＿＿＿＿＿
＿＿＿＿＿＿＿＿＿＿
＿＿＿＿＿＿＿＿＿＿
＿＿＿＿＿＿＿＿＿＿
＿＿＿＿＿＿＿＿＿＿
＿＿＿＿＿＿＿＿＿＿
＿＿＿＿＿＿＿＿＿＿
＿＿＿＿□□＿＿＿＿
＿＿＿＿□□＿＿＿＿
＿＿＿＿□□□＿＿＿
■＿□□□□□□＿＿
■□□□□□□□□＿
■□□＿□□□＿□□
■＿□□□□□□□□
□□□□＿＿□□□□
□□□□＿□□□□□
＿□□＿□□□□□□
□□□□□□＿□□□
00:28:50(51921f):field(51920f)
＿＿＿＿＿＿＿＿＿＿
＿＿＿＿＿＿＿＿＿＿
＿＿＿＿＿＿＿＿＿＿
＿＿＿＿＿＿＿＿＿＿
＿＿＿＿＿＿＿＿＿＿
＿＿＿＿＿＿＿＿＿＿
＿＿＿＿＿＿＿＿＿＿
＿＿＿＿＿＿＿＿＿＿
＿＿＿＿＿＿＿＿＿＿
＿＿■＿□□＿＿＿＿
＿＿■＿□□＿＿＿＿
＿■■＿□□□＿＿＿
□＿□□□□□□＿＿
□□□□□□□□□＿
□□□＿□□□＿□□
□＿□□□□□□□□
□□□□＿＿□□□□
□□□□＿□□□□□
＿□□＿□□□□□□
□□□□□□＿□□□
00:28:51(51936f):field(51935f)
＿＿＿＿＿＿＿＿＿＿
＿＿＿＿＿＿＿＿＿＿
＿＿＿＿＿＿＿＿＿＿
＿＿＿＿＿＿＿＿＿＿
＿＿＿＿＿＿＿＿＿＿
＿＿＿＿＿＿＿＿＿＿
＿＿＿＿＿＿＿＿＿＿
＿＿＿＿＿＿＿＿＿＿
■＿＿＿＿＿＿＿＿＿
■■□＿□□＿＿＿＿
＿■□＿□□＿＿＿＿
＿□□＿□□□＿＿＿
□＿□□□□□□＿＿
□□□□□□□□□＿
□□□＿□□□＿□□
□＿□□□□□□□□
□□□□＿＿□□□□
□□□□＿□□□□□
＿□□＿□□□□□□
□□□□□□＿□□□
00:28:51(51950f):field(51949f)
＿＿＿＿＿＿＿＿＿＿
＿＿＿＿＿＿＿＿＿＿
＿＿＿＿＿＿＿＿＿＿
＿＿＿＿＿＿＿＿＿＿
＿＿＿＿＿＿＿＿＿＿
＿＿＿＿＿＿＿＿＿＿
＿＿＿＿＿＿＿＿＿＿
＿＿＿＿＿＿＿＿＿＿
□＿＿■■■＿＿＿＿
□□□■□□＿＿＿＿
＿□□＿□□＿＿＿＿
＿□□＿□□□＿＿＿
□＿□□□□□□＿＿
□□□□□□□□□＿
□□□＿□□□＿□□
□＿□□□□□□□□
□□□□＿＿□□□□
□□□□＿□□□□□
＿□□＿□□□□□□
□□□□□□＿□□□
00:28:52(51962f):field(51961f)
＿＿＿＿＿＿＿＿＿＿
＿＿＿＿＿＿＿＿＿＿
＿＿＿＿＿＿＿＿＿＿
＿＿＿＿＿＿＿＿＿＿
＿＿＿＿＿＿＿＿＿＿
＿＿＿＿＿＿＿＿＿＿
＿＿＿＿＿＿＿＿＿＿
＿＿＿＿＿＿＿＿＿＿
□＿＿□□□＿＿＿＿
□□□□□□＿＿＿＿
＿□□＿□□＿＿＿＿
＿□□＿□□□＿■■
□＿□□□□□□■■
□□□□□□□□□＿
□□□＿□□□＿□□
□＿□□□□□□□□
□□□□＿＿□□□□
□□□□＿□□□□□
＿□□＿□□□□□□
□□□□□□＿□□□
00:28:52(51976f):field(51975f)
＿＿＿＿＿＿＿＿＿＿
＿＿＿＿＿＿＿＿＿＿
＿＿＿＿＿＿＿＿＿＿
＿＿＿＿＿＿＿＿＿＿
＿＿＿＿＿＿＿＿＿＿
＿＿＿＿＿＿＿＿＿＿
＿＿＿＿＿＿＿＿＿＿
＿＿＿＿＿＿＿＿＿＿
□＿＿□□□＿＿＿＿
□□□□□□＿＿■＿
＿□□＿□□＿■■＿
＿□□＿□□□■□□
□＿□□□□□□□□
□□□□□□□□□＿
□□□＿□□□＿□□
□＿□□□□□□□□
□□□□＿＿□□□□
□□□□＿□□□□□
＿□□＿□□□□□□
□□□□□□＿□□□
00:28:52(51988f):field(51987f)
＿＿＿＿＿＿＿＿＿＿
＿＿＿＿＿＿＿＿＿＿
＿＿＿＿＿＿＿＿＿＿
＿＿＿＿＿＿＿＿＿＿
＿＿＿＿＿＿＿＿＿＿
＿＿＿＿＿＿＿＿＿＿
＿＿＿＿＿＿＿＿＿＿
＿＿＿＿＿＿＿＿＿＿
□＿＿□□□■■＿＿
□□□□□□■■□＿
＿□□＿□□＿□□＿
＿□□＿□□□□□□
□＿□□□□□□□□
□□□□□□□□□＿
□□□＿□□□＿□□
□＿□□□□□□□□
□□□□＿＿□□□□
□□□□＿□□□□□
＿□□＿□□□□□□
□□□□□□＿□□□
00:28:53(52004f):field(52003f)
＿＿＿＿＿＿＿＿＿＿
＿＿＿＿＿＿＿＿＿＿
＿＿＿＿＿＿＿＿＿＿
＿＿＿＿＿＿＿＿＿＿
＿＿＿＿＿＿＿＿＿＿
＿＿＿＿＿＿＿＿＿＿
＿＿＿＿＿＿＿＿＿＿
＿＿■■＿＿＿＿＿＿
□■■□□□□□＿＿
□□□□□□□□□＿
＿□□＿□□＿□□＿
＿□□＿□□□□□□
□＿□□□□□□□□
□□□□□□□□□＿
□□□＿□□□＿□□
□＿□□□□□□□□
□□□□＿＿□□□□
□□□□＿□□□□□
＿□□＿□□□□□□
□□□□□□＿□□□
00:28:54(52021f):field(52020f)
＿＿＿＿＿＿＿＿＿＿
＿＿＿＿＿＿＿＿＿＿
＿＿＿＿＿＿＿＿＿＿
＿＿＿＿＿＿＿＿＿＿
＿＿＿＿＿＿＿＿＿＿
＿＿＿＿＿＿＿＿＿＿
＿＿＿＿＿＿＿＿＿＿
＿＿◆◆＿＿＿■＿＿
◆◆□□◆◆◆◆＿■
□□□□□□□□◆■
＿□□＿□□＿□□■
＿□□＿□□□□□□
□＿□□□□□□□□
□□□□□□□□□＿
□□□＿□□□＿□□
□＿□□□□□□□□
□□□□＿＿□□□□
□□□□＿□□□□□
＿□□＿□□□□□□
□□□□□□＿□□□
00:28:54(52037f):field(52036f)
＿＿＿＿＿＿＿＿＿＿
＿＿＿＿＿＿＿＿＿＿
＿＿＿＿＿＿＿＿＿＿
＿＿＿＿＿＿＿＿＿＿
＿＿＿＿＿＿＿＿＿＿
＿＿＿＿＿＿＿＿＿＿
＿＿＿＿＿＿＿＿＿＿
＿＿＿＿＿＿＿□＿＿
＿＿□◆＿＿＿＿■□
◆◆□□◆◆◆□■□
＿□□＿□□＿□□□
＿□□＿□□□□□□
□＿□□□□□□□□
□□□□□□□□□＿
□□□＿□□□＿□□
□＿□□□□□□□□
□□□□＿＿□□□□
□□□□＿□□□□□
＿□□＿□□□□□□
□□□□□□＿□□□
00:28:54(52048f):field(52047f)
＿＿＿＿＿＿＿＿＿＿
＿＿＿＿＿＿＿＿＿＿
＿＿＿＿＿＿＿＿＿＿
＿＿＿＿＿＿＿＿＿＿
＿＿＿＿＿＿＿＿＿＿
＿＿＿＿＿＿＿＿＿＿
＿＿＿＿＿＿＿＿＿＿
＿＿＿＿＿＿＿◆＿＿
＿＿◆＿＿＿＿＿□□
＿＿□□＿■■□□□
＿□□＿□□■□□□
＿□□＿□□□□□□
□＿□□□□□□□□
□□□□□□□□□＿
□□□＿□□□＿□□
□＿□□□□□□□□
□□□□＿＿□□□□
□□□□＿□□□□□
＿□□＿□□□□□□
□□□□□□＿□□□
00:28:55(52060f):field(52059f)
＿＿＿＿＿＿＿＿＿＿
＿＿＿＿＿＿＿＿＿＿
＿＿＿＿＿＿＿＿＿＿
＿＿＿＿＿＿＿＿＿＿
＿＿＿＿＿＿＿＿＿＿
＿＿＿＿＿＿＿＿＿＿
＿＿＿＿＿＿＿＿＿＿
＿＿＿＿＿■＿＿＿＿
＿＿＿＿■■＿＿□□
＿＿□□■□□□□□
＿□□＿□□□□□□
＿□□＿□□□□□□
□＿□□□□□□□□
□□□□□□□□□＿
□□□＿□□□＿□□
□＿□□□□□□□□
□□□□＿＿□□□□
□□□□＿□□□□□
＿□□＿□□□□□□
□□□□□□＿□□□
00:28:55(52072f):field(52071f)
＿＿＿＿＿＿＿＿＿＿
＿＿＿＿＿＿＿＿＿＿
＿＿＿＿＿＿＿＿＿＿
＿＿＿＿＿＿＿＿＿＿
＿＿＿＿＿＿＿＿＿＿
＿＿＿＿＿＿＿＿＿＿
＿＿＿＿＿＿＿＿＿＿
＿＿＿■■□＿＿＿＿
＿＿■■□□＿＿□□
＿＿□□□□□□□□
＿□□＿□□□□□□
＿□□＿□□□□□□
□＿□□□□□□□□
□□□□□□□□□＿
□□□＿□□□＿□□
□＿□□□□□□□□
□□□□＿＿□□□□
□□□□＿□□□□□
＿□□＿□□□□□□
□□□□□□＿□□□
00:28:56(52088f):field(52087f)
＿＿＿＿＿＿＿＿＿＿
＿＿＿＿＿＿＿＿＿＿
＿＿＿＿＿＿＿＿＿＿
＿＿＿＿＿＿＿＿＿＿
＿＿＿＿＿＿＿＿＿＿
＿＿＿＿＿＿＿＿＿＿
＿＿＿＿＿＿■＿＿＿
＿＿＿□□□■＿＿＿
＿＿□□□□■■□□
＿＿□□□□□□□□
＿□□＿□□□□□□
＿□□＿□□□□□□
□＿□□□□□□□□
□□□□□□□□□＿
□□□＿□□□＿□□
□＿□□□□□□□□
□□□□＿＿□□□□
□□□□＿□□□□□
＿□□＿□□□□□□
□□□□□□＿□□□
00:28:57(52110f):field(52109f)
＿＿＿＿＿＿＿＿＿＿
＿＿＿＿＿＿＿＿＿＿
＿＿＿＿＿＿＿＿＿＿
＿＿＿＿＿＿＿＿＿＿
＿＿＿＿＿＿＿＿＿＿
＿＿＿＿＿＿＿＿＿＿
＿＿＿＿＿＿◆＿＿＿
＿＿＿◆◆◆□＿＿＿
＿＿◆□□□□◆◆◆
＿＿□□□□□□□□
■□□＿□□□□□□
■□□＿□□□□□□
□＿□□□□□□□□
□□□□□□□□□＿
□□□＿□□□＿□□
□＿□□□□□□□□
□□□□＿＿□□□□
□□□□＿□□□□□
＿□□＿□□□□□□
□□□□□□＿□□□
00:28:57(52122f):field(52121f)
＿＿＿＿＿＿＿＿＿＿
＿＿＿＿＿＿＿＿＿＿
＿＿＿＿＿＿＿＿＿＿
＿＿＿＿＿＿＿＿＿＿
＿＿＿＿＿＿＿＿＿＿
＿＿＿＿＿＿＿＿＿＿
＿＿＿＿■＿＿＿＿＿
＿＿＿■■■□＿＿＿
＿＿＿□□□□＿＿＿
＿＿□□□□□□□□
□□□＿□□□□□□
□□□＿□□□□□□
□＿□□□□□□□□
□□□□□□□□□＿
□□□＿□□□＿□□
□＿□□□□□□□□
□□□□＿＿□□□□
□□□□＿□□□□□
＿□□＿□□□□□□
□□□□□□＿□□□
00:28:57(52135f):field(52134f)
＿＿＿＿＿＿＿＿＿＿
＿＿＿＿＿＿＿＿＿＿
＿＿＿＿＿＿＿＿＿＿
＿＿＿＿＿＿＿＿＿＿
＿＿＿＿＿＿＿＿＿＿
＿＿＿＿＿＿＿＿＿■
＿＿＿＿□＿＿＿＿■
＿＿＿□□□□＿＿■
＿＿＿□□□□＿＿■
＿＿□□□□□□□□
□□□＿□□□□□□
□□□＿□□□□□□
□＿□□□□□□□□
□□□□□□□□□＿
□□□＿□□□＿□□
□＿□□□□□□□□
□□□□＿＿□□□□
□□□□＿□□□□□
＿□□＿□□□□□□
□□□□□□＿□□□
00:28:58(52150f):field(52149f)
＿＿＿＿＿＿＿＿＿＿
＿＿＿＿＿＿＿＿＿＿
＿＿＿＿＿＿＿＿＿＿
＿＿＿＿＿＿＿＿＿＿
＿＿＿＿＿＿＿＿＿＿
＿＿＿＿＿＿＿＿＿□
＿＿＿＿□＿＿＿＿□
＿＿■□□□□＿＿□
＿■■□□□□＿＿□
＿■□□□□□□□□
□□□＿□□□□□□
□□□＿□□□□□□
□＿□□□□□□□□
□□□□□□□□□＿
□□□＿□□□＿□□
□＿□□□□□□□□
□□□□＿＿□□□□
□□□□＿□□□□□
＿□□＿□□□□□□
□□□□□□＿□□□
00:28:58(52163f):field(52162f)
＿＿＿＿＿＿＿＿＿＿
＿＿＿＿＿＿＿＿＿＿
＿＿＿＿＿＿＿＿＿＿
＿＿＿＿＿＿＿＿＿＿
＿＿＿＿■＿＿＿＿＿
＿＿＿＿■■＿＿＿□
＿＿＿＿□■＿＿＿□
＿＿□□□□□＿＿□
＿□□□□□□＿＿□
＿□□□□□□□□□
□□□＿□□□□□□
□□□＿□□□□□□
□＿□□□□□□□□
□□□□□□□□□＿
□□□＿□□□＿□□
□＿□□□□□□□□
□□□□＿＿□□□□
□□□□＿□□□□□
＿□□＿□□□□□□
□□□□□□＿□□□
00:28:59(52176f):field(52175f)
＿＿＿＿＿＿＿＿＿＿
＿＿＿＿＿＿＿＿＿＿
＿＿＿＿＿＿＿＿＿＿
＿＿＿＿＿＿＿＿＿＿
＿＿＿＿□＿＿＿＿＿
＿＿＿＿□□＿＿＿□
＿＿＿＿□□＿＿＿□
＿＿□□□□□■■□
＿□□□□□□■■□
＿□□□□□□□□□
□□□＿□□□□□□
□□□＿□□□□□□
□＿□□□□□□□□
□□□□□□□□□＿
□□□＿□□□＿□□
□＿□□□□□□□□
□□□□＿＿□□□□
□□□□＿□□□□□
＿□□＿□□□□□□
□□□□□□＿□□□
00:28:59(52193f):field(52192f)
＿＿＿＿＿＿＿＿＿＿
＿＿＿＿＿＿＿＿＿＿
＿＿＿＿＿＿＿＿＿＿
＿＿＿＿＿＿＿＿＿＿
＿＿＿＿□＿＿＿＿＿
＿＿＿＿□□＿■＿□
＿＿＿＿□□■■■□
＿＿□□□□□□□□
＿□□□□□□□□□
＿□□□□□□□□□
□□□＿□□□□□□
□□□＿□□□□□□
□＿□□□□□□□□
□□□□□□□□□＿
□□□＿□□□＿□□
□＿□□□□□□□□
□□□□＿＿□□□□
□□□□＿□□□□□
＿□□＿□□□□□□
□□□□□□＿□□□
00:29:00(52210f):field(52209f)
＿＿＿＿＿＿＿＿＿＿
＿＿＿＿＿＿＿＿＿＿
＿＿＿＿＿＿＿＿＿＿
＿＿＿＿＿＿＿＿＿＿
＿＿＿＿□＿＿＿＿＿
■＿＿＿□□＿□＿□
■■■＿□□□□□□
＿＿□□□□□□□□
＿□□□□□□□□□
＿□□□□□□□□□
□□□＿□□□□□□
□□□＿□□□□□□
□＿□□□□□□□□
□□□□□□□□□＿
□□□＿□□□＿□□
□＿□□□□□□□□
□□□□＿＿□□□□
□□□□＿□□□□□
＿□□＿□□□□□□
□□□□□□＿□□□
00:29:01(52232f):field(52231f)
＿＿＿＿＿＿＿＿＿＿
＿＿＿＿＿＿＿＿＿＿
＿＿＿＿＿＿＿＿＿＿
＿＿＿＿＿＿＿＿＿＿
＿＿＿＿◆＿＿＿＿＿
◆＿■■□◆＿□＿◆
□◆◆■□□□□◆□
＿＿□□□□□□□□
＿□□□□□□□□□
＿□□□□□□□□□
□□□＿□□□□□□
□□□＿□□□□□□
□＿□□□□□□□□
□□□□□□□□□＿
□□□＿□□□＿□□
□＿□□□□□□□□
□□□□＿＿□□□□
□□□□＿□□□□□
＿□□＿□□□□□□
□□□□□□＿□□□
00:29:01(52248f):field(52247f)
＿＿＿＿＿＿＿＿＿＿
＿＿＿＿＿＿＿＿＿＿
＿＿＿＿＿＿＿＿＿＿
＿＿＿＿＿＿＿＿＿＿
＿＿＿＿＿＿＿＿＿＿
＿＿□□□■■□■＿
□＿＿□□□◆□＿□
＿＿□□□□□□□□
＿□□□□□□□□□
＿□□□□□□□□□
□□□＿□□□□□□
□□□＿□□□□□□
□＿□□□□□□□□
□□□□□□□□□＿
□□□＿□□□＿□□
□＿□□□□□□□□
□□□□＿＿□□□□
□□□□＿□□□□□
＿□□＿□□□□□□
□□□□□□＿□□□
00:29:02(52261f):field(52260f)
＿＿＿＿＿＿＿＿＿＿
＿＿＿＿＿＿＿＿＿＿
＿＿＿＿＿＿＿＿＿＿
＿＿＿＿＿＿＿＿＿＿
■＿＿＿＿＿＿＿＿＿
■■□□□□□□□＿
□■＿□□□＿□＿□
＿＿□□□□□□□□
＿□□□□□□□□□
＿□□□□□□□□□
□□□＿□□□□□□
□□□＿□□□□□□
□＿□□□□□□□□
□□□□□□□□□＿
□□□＿□□□＿□□
□＿□□□□□□□□
□□□□＿＿□□□□
□□□□＿□□□□□
＿□□＿□□□□□□
□□□□□□＿□□□
00:29:02(52273f):field(52272f)
＿＿＿＿＿＿＿＿＿＿
＿＿＿＿＿＿＿＿＿＿
＿＿＿＿＿＿＿＿＿＿
＿＿＿＿■■＿＿＿＿
□＿＿＿■■＿＿＿＿
□□□□□□□□□＿
□□＿□□□＿□＿□
＿＿□□□□□□□□
＿□□□□□□□□□
＿□□□□□□□□□
□□□＿□□□□□□
□□□＿□□□□□□
□＿□□□□□□□□
□□□□□□□□□＿
□□□＿□□□＿□□
□＿□□□□□□□□
□□□□＿＿□□□□
□□□□＿□□□□□
＿□□＿□□□□□□
□□□□□□＿□□□
00:29:02(52289f):field(52288f)
＿＿＿＿＿＿＿＿＿＿
＿＿＿＿＿＿＿＿＿＿
＿＿＿＿＿＿＿＿＿＿
＿＿＿＿◆◆＿＿＿＿
◆＿＿＿□□＿＿＿＿
□◆◆□□□◆□□■
□□＿□□□＿□＿□
＿＿□□□□□□□□
＿□□□□□□□□□
＿□□□□□□□□□
□□□■□□□□□□
□□□＿□□□□□□
□＿□□□□□□□□
□□□□□□□□□＿
□□□＿□□□＿□□
□＿□□□□□□□□
□□□□＿＿□□□□
□□□□＿□□□□□
＿□□＿□□□□□□
□□□□□□＿□□□
00:29:03(52303f):field(52302f)
＿＿＿＿＿＿＿＿＿＿
＿＿＿＿＿＿＿＿＿＿
＿＿＿＿＿＿＿＿＿＿
＿＿＿＿＿＿＿＿＿＿
＿＿＿■□□＿＿＿＿
□＿■□□□＿□□□
□□■□□□＿□＿□
＿＿□□□□□□□□
＿□□□□□□□□□
＿□□□□□□□□□
□□□◆□□□□□□
□□□＿□□□□□□
□＿□□□□□□□□
□□□□□□□□□＿
□□□＿□□□＿□□
□＿□□□□□□□□
□□□□＿＿□□□□
□□□□＿□□□□□
＿□□＿□□□□□□
□□□□□□＿□□□
00:29:03(52316f):field(52315f)
＿＿＿＿＿＿＿＿＿＿
＿＿＿＿＿＿＿＿＿＿
＿＿＿＿＿＿＿＿＿＿
＿＿＿＿＿＿＿＿＿＿
■■■□□□＿＿＿＿
□■□□□□＿□□□
□□□□□□＿□＿□
＿＿□□□□□□□□
＿□□□□□□□□□
＿□□□□□□□□□
□□□＿□□□□□□
□□□＿□□□□□□
□＿□□□□□□□□
□□□□□□□□□＿
□□□＿□□□＿□□
□＿□□□□□□□□
□□□□＿＿□□□□
□□□□＿□□□□□
＿□□＿□□□□□□
□□□□□□＿□□□
00:29:04(52332f):field(52331f)
＿＿＿＿＿＿＿＿＿＿
＿＿＿＿＿＿＿＿＿＿
＿＿＿＿＿＿＿＿＿＿
＿＿＿＿＿■＿＿＿＿
□□◆◆◆◆■＿＿＿
□□□□□□■◆◆◆
□□□□□□■□＿□
＿＿□□□□□□□□
＿□□□□□□□□□
＿□□□□□□□□□
□□□＿□□□□□□
□□□＿□□□□□□
□＿□□□□□□□□
□□□□□□□□□＿
□□□＿□□□＿□□
□＿□□□□□□□□
□□□□＿＿□□□□
□□□□＿□□□□□
＿□□＿□□□□□□
□□□□□□＿□□□
00:29:04(52343f):field(52342f)
＿＿＿＿＿＿＿＿＿＿
＿＿＿＿＿＿＿＿＿＿
＿＿＿＿＿＿＿＿＿＿
＿＿＿＿＿□＿＿＿＿
◆◆＿■■■□＿＿＿
□□□□□□□＿＿＿
□□□□□□□□＿□
＿＿□□□□□□□□
＿□□□□□□□□□
＿□□□□□□□□□
□□□＿□□□□□□
□□□＿□□□□□□
□＿□□□□□□□□
□□□□□□□□□＿
□□□＿□□□＿□□
□＿□□□□□□□□
□□□□＿＿□□□□
□□□□＿□□□□□
＿□□＿□□□□□□
□□□□□□＿□□□
00:29:05(52355f):field(52354f)
＿＿＿＿＿＿＿＿＿＿
＿＿＿＿＿＿＿＿＿＿
＿＿＿＿■■＿＿＿＿
＿＿＿■■□＿＿＿＿
＿＿＿□□□□＿＿＿
□□□□□□□＿＿＿
□□□□□□□□＿□
＿＿□□□□□□□□
＿□□□□□□□□□
＿□□□□□□□□□
□□□＿□□□□□□
□□□＿□□□□□□
□＿□□□□□□□□
□□□□□□□□□＿
□□□＿□□□＿□□
□＿□□□□□□□□
□□□□＿＿□□□□
□□□□＿□□□□□
＿□□＿□□□□□□
□□□□□□＿□□□
00:29:05(52376f):field(52375f)
＿＿＿＿＿＿＿＿＿＿
＿＿＿＿＿＿＿＿＿＿
＿＿＿＿◆◆＿＿＿＿
＿＿＿◆□□＿＿＿＿
＿＿＿□□□◆＿＿＿
◆◆◆□□□□■＿＿
□□□□□□□□＿□
＿＿□□□□□□□□
＿□□□□□□□□□
＿□□□□□□□□□
□□□＿□□□□□□
□□□＿□□□□□□
□＿□□□□□□□□
□□□□□□□□□＿
□□□＿□□□＿□□
□＿□□□□□□□□
□□□□＿＿□□□□
□□□□＿□□□□□
＿□□＿□□□□□□
□□□□□□＿□□□
00:29:06(52393f):field(52392f)
＿＿＿＿＿＿＿＿＿＿
＿＿＿＿＿＿＿＿＿＿
＿＿＿＿＿＿＿＿＿＿
＿＿＿＿◆◆＿＿＿＿
＿＿＿◆□□＿＿＿＿
＿＿■□□□◆◆■＿
◆◆□□□□□□■□
＿＿□□□□□□□□
＿□□□□□□□□□
＿□□□□□□□□□
□□□＿□□□□□□
□□□＿□□□□□□
□＿□□□□□□□□
□□□□□□□□□＿
□□□＿□□□＿□□
□＿□□□□□□□□
□□□□＿＿□□□□
□□□□＿□□□□□
＿□□＿□□□□□□
□□□□□□＿□□□
00:29:06(52409f):field(52408f)
＿＿＿＿＿＿＿＿＿＿
＿＿＿＿＿＿＿＿＿＿
＿＿＿＿＿＿＿＿＿＿
＿＿＿＿＿＿＿＿＿＿
＿＿＿＿◆◆＿＿＿＿
＿＿◆◆◆◆＿＿◆＿
＿＿◆◆□□◆◆◆◆
＿＿◆□□□◆◆□◆
■□◆□□□□□□□
■◆□□□□□□□□
□□□＿□□□□□□
□□□＿□□□□□□
□＿□□□□□□□□
□□□□□□□□□＿
□□□＿□□□＿□□
□＿□□□□□□□□
□□□□＿＿□□□□
□□□□＿□□□□□
＿□□＿□□□□□□
□□□□□□＿□□□
00:29:07(52422f):field(52421f)
＿＿＿＿＿＿＿＿＿＿
＿＿＿＿＿＿＿＿＿＿
＿＿＿＿＿＿＿＿＿＿
＿＿＿＿＿＿＿＿＿＿
＿＿＿＿＿＿＿＿＿＿
＿＿＿＿＿＿＿＿＿＿
＿＿＿＿□□■■＿＿
＿＿＿□□□■■□＿
□◆＿□□□□□□□
□＿□□□□□□□□
□□□＿□□□□□□
□□□＿□□□□□□
□＿□□□□□□□□
□□□□□□□□□＿
□□□＿□□□＿□□
□＿□□□□□□□□
□□□□＿＿□□□□
□□□□＿□□□□□
＿□□＿□□□□□□
□□□□□□＿□□□
00:29:07(52436f):field(52435f)
＿＿＿＿＿＿＿＿＿＿
＿＿＿＿＿＿＿＿＿＿
＿＿＿＿＿＿＿＿＿＿
＿＿＿＿＿＿＿＿＿＿
＿＿＿＿＿＿＿＿＿＿
＿＿＿＿＿＿＿＿■＿
＿＿＿＿□□□□■■
＿＿＿□□□□□□■
□＿＿□□□□□□□
□＿□□□□□□□□
□□□＿□□□□□□
□□□＿□□□□□□
□＿□□□□□□□□
□□□□□□□□□＿
□□□＿□□□＿□□
□＿□□□□□□□□
□□□□＿＿□□□□
□□□□＿□□□□□
＿□□＿□□□□□□
□□□□□□＿□□□
00:29:08(52453f):field(52452f)
＿＿＿＿＿＿＿＿＿＿
＿＿＿＿＿＿＿＿＿＿
＿＿＿＿＿＿＿＿＿＿
＿＿＿＿＿＿＿＿＿＿
＿＿＿＿＿＿＿＿＿＿
＿＿＿＿＿＿＿＿◆＿
＿＿＿＿◆◆◆◆◆◆
＿＿＿◆◆◆◆◆□◆
□＿＿◆□□□□□□
◆＿□□□□□□□□
□□□＿□□□□□□
□□□＿□□□□□□
□＿□□□□□□□□
□□□□□□□□□＿
□□□＿□□□＿□□
□＿□□□□□□□□
□□□□＿＿□□□□
□□□□＿□□□□□
＿□□＿□□□□□□
□□□□□□＿□□□
00:29:08(52469f):field(52468f)
＿＿＿＿＿＿＿＿＿＿
＿＿＿＿＿＿＿＿＿＿
＿＿＿＿＿＿＿＿＿＿
＿＿＿＿＿＿＿＿＿＿
＿＿＿＿＿＿＿＿＿＿
＿＿＿＿＿＿＿＿＿＿
＿＿＿＿＿＿＿＿＿＿
＿＿＿＿＿＿＿＿◆＿
◆＿＿＿◆□◆◆□◆
＿■□◆□□□□□□
□□□＿□□□□□□
□□□＿□□□□□□
□＿□□□□□□□□
□□□□□□□□□＿
□□□＿□□□＿□□
□＿□□□□□□□□
□□□□＿＿□□□□
□□□□＿□□□□□
＿□□＿□□□□□□
□□□□□□＿□□□
00:29:09(52481f):field(52480f)
＿＿＿＿＿＿＿＿＿＿
＿＿＿＿＿＿＿＿＿＿
＿＿＿＿＿＿＿＿＿＿
＿＿＿＿＿＿＿＿＿＿
＿＿＿＿＿＿＿＿＿＿
＿＿＿＿＿＿＿＿＿＿
＿＿＿＿＿＿＿＿＿＿
＿＿＿＿■＿＿＿＿＿
＿＿＿＿■□■＿□＿
＿□□＿□□□□□□
□□□＿□□□□□□
□□□＿□□□□□□
□＿□□□□□□□□
□□□□□□□□□＿
□□□＿□□□＿□□
□＿□□□□□□□□
□□□□＿＿□□□□
□□□□＿□□□□□
＿□□＿□□□□□□
□□□□□□＿□□□
00:29:10(52500f):field(52499f)
＿＿＿＿＿＿＿＿＿＿
＿＿＿＿＿＿＿＿＿＿
＿＿＿＿＿＿＿＿＿＿
＿＿＿＿＿＿＿＿＿＿
＿＿＿＿＿＿＿＿＿＿
＿＿＿＿＿＿＿＿＿＿
＿＿＿＿＿＿＿＿＿＿
＿＿＿＿□＿■■■＿
＿＿＿＿□□□■□＿
＿□□＿□□□□□□
□□□＿□□□□□□
□□□＿□□□□□□
□＿□□□□□□□□
□□□□□□□□□＿
□□□＿□□□＿□□
□＿□□□□□□□□
□□□□＿＿□□□□
□□□□＿□□□□□
＿□□＿□□□□□□
□□□□□□＿□□□
00:29:10(52517f):field(52516f)
＿＿＿＿＿＿＿＿＿＿
＿＿＿＿＿＿＿＿＿＿
＿＿＿＿＿＿＿＿＿＿
＿＿＿＿＿＿＿＿＿＿
＿＿＿＿＿＿＿＿＿＿
＿＿＿＿＿＿■■＿＿
＿＿＿＿＿＿■■＿＿
＿＿＿＿□＿□□□＿
＿＿＿＿□□□□□＿
＿□□＿□□□□□□
□□□＿□□□□□□
□□□＿□□□□□□
□＿□□□□□□□□
□□□□□□□□□＿
□□□＿□□□＿□□
□＿□□□□□□□□
□□□□＿＿□□□□
□□□□＿□□□□□
＿□□＿□□□□□□
□□□□□□＿□□□
00:29:10(52528f):field(52527f)
＿＿＿＿＿＿＿＿＿＿
＿＿＿＿＿＿＿＿＿＿
＿＿＿＿＿＿＿＿＿＿
＿＿＿＿＿＿＿＿＿＿
＿＿＿＿＿＿＿＿＿＿
＿＿＿＿＿＿□□＿＿
＿＿＿＿＿＿□□＿＿
＿＿＿＿□＿□□□＿
■■■＿□□□□□＿
■□□＿□□□□□□
□□□＿□□□□□□
□□□＿□□□□□□
□＿□□□□□□□□
□□□□□□□□□＿
□□□＿□□□＿□□
□＿□□□□□□□□
□□□□＿＿□□□□
□□□□＿□□□□□
＿□□＿□□□□□□
□□□□□□＿□□□
00:29:11(52550f):field(52549f)
＿＿＿＿＿＿＿＿＿＿
＿＿＿＿＿＿＿＿＿＿
＿＿＿＿＿＿＿＿＿＿
＿＿＿＿＿＿＿＿＿＿
＿＿＿＿＿＿＿＿＿＿
＿＿＿＿＿＿◆◆＿＿
＿＿＿＿＿＿◆◆＿＿
＿＿＿＿◆＿◆□◆＿
◆◆□■◆◆□□◆＿
◆◆◆■□◆□□◆◆
◆◆◆＿□◆□□□◆
□□□■□□□□□□
□＿□□□□□□□□
□□□□□□□□□＿
□□□＿□□□＿□□
□＿□□□□□□□□
□□□□＿＿□□□□
□□□□＿□□□□□
＿□□＿□□□□□□
□□□□□□＿□□□
00:29:12(52562f):field(52561f)
＿＿＿＿＿＿＿＿＿＿
＿＿＿＿＿＿＿＿＿＿
＿＿＿＿＿＿＿＿＿＿
＿＿＿＿＿＿＿＿＿＿
＿＿＿＿＿＿＿＿＿＿
＿＿＿＿＿＿＿＿＿＿
＿＿＿＿＿＿＿＿＿＿
＿＿＿＿＿＿＿◆＿＿
＿＿◆◆＿＿□□＿＿
■＿＿◆◆＿□□＿＿
■■■＿□＿□□□＿
□□□□□□□□□◆
□＿□□□□□□□□
□□□□□□□□□＿
□□□＿□□□＿□□
□＿□□□□□□□□
□□□□＿＿□□□□
□□□□＿□□□□□
＿□□＿□□□□□□
□□□□□□＿□□□
00:29:12(52574f):field(52573f)
＿＿＿＿＿＿＿＿＿＿
＿＿＿＿＿＿＿＿＿＿
＿＿＿＿＿＿＿＿＿＿
＿＿＿＿＿＿＿＿＿＿
＿＿＿＿＿＿＿＿＿＿
＿＿＿＿＿＿＿＿＿＿
＿＿＿＿＿＿＿＿＿＿
＿＿＿＿＿＿＿＿＿＿
＿＿＿＿■＿□□＿＿
□＿＿■■＿□□＿＿
□□□■□＿□□□＿
□□□□□□□□□＿
□＿□□□□□□□□
□□□□□□□□□＿
□□□＿□□□＿□□
□＿□□□□□□□□
□□□□＿＿□□□□
□□□□＿□□□□□
＿□□＿□□□□□□
□□□□□□＿□□□
00:29:12(52586f):field(52585f)
＿＿＿＿＿＿＿＿＿＿
＿＿＿＿＿＿＿＿＿＿
＿＿＿＿＿＿＿＿＿＿
＿＿＿＿＿＿＿＿＿＿
＿＿＿＿＿＿＿＿＿＿
＿＿＿＿＿＿＿＿＿＿
＿＿＿＿＿＿＿＿＿＿
＿＿＿＿＿＿＿＿＿＿
＿■■＿□＿□□＿＿
□■■□□＿□□＿＿
□□□□□＿□□□＿
□□□□□□□□□＿
□＿□□□□□□□□
□□□□□□□□□＿
□□□＿□□□＿□□
□＿□□□□□□□□
□□□□＿＿□□□□
□□□□＿□□□□□
＿□□＿□□□□□□
□□□□□□＿□□□
00:29:13(52599f):field(52598f)
＿＿＿＿＿＿＿＿＿＿
＿＿＿＿＿＿＿＿＿＿
＿＿＿＿＿＿＿＿＿＿
＿＿＿＿＿＿＿＿＿＿
＿＿＿＿＿＿＿＿＿＿
＿＿＿＿＿＿＿＿＿＿
＿＿＿＿＿＿＿＿＿＿
＿＿■■■＿＿＿＿＿
＿□□■□＿□□＿＿
□□□□□＿□□＿＿
□□□□□＿□□□＿
□□□□□□□□□＿
□＿□□□□□□□□
□□□□□□□□□＿
□□□＿□□□＿□□
□＿□□□□□□□□
□□□□＿＿□□□□
□□□□＿□□□□□
＿□□＿□□□□□□
□□□□□□＿□□□
00:29:13(52615f):field(52614f)
＿＿＿＿＿＿＿＿＿＿
＿＿＿＿＿＿＿＿＿＿
＿＿＿＿＿＿＿＿＿＿
＿＿＿＿＿＿＿＿＿＿
＿＿＿＿＿＿＿＿＿＿
＿＿＿＿＿＿＿＿＿＿
＿＿＿＿＿＿＿＿＿＿
＿＿□□□＿＿＿＿＿
＿□□□□＿□□■＿
□□□□□＿□□■■
□□□□□＿□□□■
□□□□□□□□□＿
□＿□□□□□□□□
□□□□□□□□□＿
□□□＿□□□＿□□
□＿□□□□□□□□
□□□□＿＿□□□□
□□□□＿□□□□□
＿□□＿□□□□□□
□□□□□□＿□□□
00:29:14(52630f):field(52629f)
＿＿＿＿＿＿＿＿＿＿
＿＿＿＿＿＿＿＿＿＿
＿＿＿＿＿＿＿＿＿＿
＿＿＿＿＿＿＿＿＿＿
＿＿＿＿＿＿＿＿＿＿
＿＿＿＿＿＿＿＿＿＿
＿＿＿＿＿＿＿＿＿＿
＿＿◆◆◆＿＿＿＿＿
＿◆◆◆◆■◆◆◆＿
◆◆□□□■◆◆◆◆
◆□□□□■□□□◆
□□□□□□□□□＿
□＿□□□□□□□□
□□□□□□□□□＿
□□□＿□□□＿□□
□＿□□□□□□□□
□□□□＿＿□□□□
□□□□＿□□□□□
＿□□＿□□□□□□
□□□□□□＿□□□
00:29:14(52645f):field(52644f)
＿＿＿＿＿＿＿＿＿＿
＿＿＿＿＿＿＿＿＿＿
＿＿＿＿＿＿＿＿＿＿
＿＿＿＿＿＿＿＿＿＿
＿＿＿＿＿＿＿＿＿＿
＿＿＿＿＿＿＿＿＿＿
＿＿＿＿＿＿＿＿＿＿
＿＿＿＿＿＿＿＿＿＿
■＿＿＿＿◆＿＿＿＿
■■□□□□＿＿＿＿
■□□□□□□□□＿
□□□□□□□□□＿
□＿□□□□□□□□
□□□□□□□□□＿
□□□＿□□□＿□□
□＿□□□□□□□□
□□□□＿＿□□□□
□□□□＿□□□□□
＿□□＿□□□□□□
□□□□□□＿□□□
00:29:15(52657f):field(52656f)
＿＿＿＿＿＿＿＿＿＿
＿＿＿＿＿＿＿＿＿＿
＿＿＿＿＿＿＿＿＿＿
＿＿＿＿＿＿＿＿＿＿
＿＿＿＿＿＿＿＿＿＿
＿＿＿＿＿＿＿＿＿＿
＿＿＿＿＿＿＿＿＿＿
＿＿＿＿＿＿＿＿＿＿
□＿＿＿■■■＿＿＿
□□□□□□■＿＿＿
□□□□□□□□□＿
□□□□□□□□□＿
□＿□□□□□□□□
□□□□□□□□□＿
□□□＿□□□＿□□
□＿□□□□□□□□
□□□□＿＿□□□□
□□□□＿□□□□□
＿□□＿□□□□□□
□□□□□□＿□□□
00:29:15(52679f):field(52678f)
＿＿＿＿＿＿＿＿＿＿
＿＿＿＿＿＿＿＿＿＿
＿＿＿＿＿＿＿＿＿＿
＿＿＿＿＿＿＿＿＿＿
＿＿＿＿＿＿＿＿＿＿
＿＿＿＿＿＿＿＿＿＿
＿＿＿＿＿＿＿＿＿＿
＿＿＿＿＿＿＿＿＿＿
◆＿＿＿◆◆◆＿＿＿
◆□◆◆□◆◆＿＿■
□◆◆◆□□□◆□＿
□□□□□□□◆□■
□＿□□□□□□□□
□□□□□□□□□＿
□□□＿□□□＿□□
□＿□□□□□□□□
□□□□＿＿□□□□
□□□□＿□□□□□
＿□□＿□□□□□□
□□□□□□＿□□□
00:29:16(52695f):field(52694f)
＿＿＿＿＿＿＿＿＿＿
＿＿＿＿＿＿＿＿＿＿
＿＿＿＿＿＿＿＿＿＿
＿＿＿＿＿＿＿＿＿＿
＿＿＿＿＿＿＿＿＿＿
＿＿＿＿＿＿＿＿＿＿
＿＿＿＿＿＿＿＿＿＿
＿＿＿＿＿＿＿＿＿＿
＿＿＿＿＿＿＿＿＿＿
＿◆＿＿◆＿＿＿＿◆
◆＿＿＿◆◆◆＿□＿
□◆◆◆□□□■□◆
□＿□□□□□□□□
□□□□□□□□□＿
□□□＿□□□＿□□
□＿□□□□□□□□
□□□□＿＿□□□□
□□□□＿□□□□□
＿□□＿□□□□□□
□□□□□□＿□□□
00:29:16(52709f):field(52708f)
＿＿＿＿＿＿＿＿＿＿
＿＿＿＿＿＿＿＿＿＿
＿＿＿＿＿＿＿＿＿＿
＿＿＿＿＿＿＿＿＿＿
＿＿＿＿＿＿＿＿＿＿
＿＿＿＿＿＿＿＿＿＿
＿＿＿＿＿＿＿＿＿＿
＿＿＿＿＿＿＿＿＿＿
＿＿＿＿＿＿＿＿＿＿
＿＿＿＿＿＿■■＿＿
＿＿＿＿＿＿■■□＿
□＿＿＿□□□□□＿
□＿□□□□□□□□
□□□□□□□□□＿
□□□＿□□□＿□□
□＿□□□□□□□□
□□□□＿＿□□□□
□□□□＿□□□□□
＿□□＿□□□□□□
□□□□□□＿□□□
00:29:17(52721f):field(52720f)
＿＿＿＿＿＿＿＿＿＿
＿＿＿＿＿＿＿＿＿＿
＿＿＿＿＿＿＿＿＿＿
＿＿＿＿＿＿＿＿＿＿
＿＿＿＿＿＿＿＿＿＿
＿＿＿＿＿＿＿＿＿＿
＿＿＿＿＿＿＿＿＿＿
＿＿＿＿＿■＿＿＿＿
＿＿＿＿＿■＿＿＿＿
＿＿＿＿＿■□□＿＿
＿＿＿＿＿■□□□＿
□＿＿＿□□□□□＿
□＿□□□□□□□□
□□□□□□□□□＿
□□□＿□□□＿□□
□＿□□□□□□□□
□□□□＿＿□□□□
□□□□＿□□□□□
＿□□＿□□□□□□
□□□□□□＿□□□
00:29:18(52743f):field(52742f)
＿＿＿＿＿＿＿＿＿＿
＿＿＿＿＿＿＿＿＿＿
＿＿＿＿＿＿＿＿＿＿
＿＿＿＿＿＿＿＿＿＿
＿＿＿＿＿＿＿＿＿＿
＿＿＿＿＿＿＿＿＿＿
＿＿＿＿＿＿＿＿＿＿
＿＿＿＿＿□＿＿＿＿
＿＿＿＿＿□■■■＿
＿＿＿＿＿□□□■＿
＿＿＿＿＿□□□□＿
□＿＿＿□□□□□＿
□＿□□□□□□□□
□□□□□□□□□＿
□□□＿□□□＿□□
□＿□□□□□□□□
□□□□＿＿□□□□
□□□□＿□□□□□
＿□□＿□□□□□□
□□□□□□＿□□□
00:29:18(52760f):field(52759f)
＿＿＿＿＿＿＿＿＿＿
＿＿＿＿＿＿＿＿＿＿
＿＿＿＿＿＿＿＿＿＿
＿＿＿＿＿＿＿＿＿＿
＿＿＿＿＿＿＿＿＿＿
＿＿＿＿＿＿＿＿＿＿
＿＿＿＿＿＿＿＿＿＿
＿＿＿＿＿◆＿＿＿＿
＿＿＿＿＿□◆◆◆＿
＿＿＿＿＿□□□□＿
＿＿＿＿＿□□□□＿
□■＿＿◆□□□□＿
□■□◆□□□□□◆
□□□□□□□□□＿
□□□＿□□□＿□□
□＿□□□□□□□□
□□□□■＿□□□□
□□□□＿□□□□□
＿□□＿□□□□□□
□□□□□□＿□□□
00:29:19(52773f):field(52772f)
＿＿＿＿＿＿＿＿＿＿
＿＿＿＿＿＿＿＿＿＿
＿＿＿＿＿＿＿＿＿＿
＿＿＿＿＿＿＿＿＿＿
＿＿＿＿＿＿＿＿＿＿
＿＿＿＿＿＿＿＿＿＿
＿＿＿＿＿＿＿＿＿＿
＿＿＿＿＿＿＿＿＿＿
＿＿＿＿＿◆＿＿＿＿
＿＿＿＿＿□◆◆◆＿
＿＿＿＿＿□□□□＿
◆◆＿＿＿□□□□■
◆□◆＿◆□□□□■
□□□◆□□□□□■
□□□＿□□□＿□□
□＿□□□□□□□□
□□□□◆＿□□□□
□□□□＿□□□□□
＿□□＿□□□□□□
□□□□□□＿□□□
00:29:19(52789f):field(52788f)
＿＿＿＿＿＿＿＿＿＿
＿＿＿＿＿＿＿＿＿＿
＿＿＿＿＿＿＿＿＿＿
＿＿＿＿＿＿＿＿＿＿
＿＿＿＿＿＿＿＿＿＿
＿＿＿＿＿＿＿＿＿＿
＿＿＿＿＿＿＿＿＿＿
＿＿＿＿＿＿＿＿＿＿
＿＿＿＿＿＿■■＿＿
＿＿＿＿＿□■■＿＿
＿＿＿＿＿□□□□＿
＿＿＿＿＿□□□□□
＿□＿＿＿□□□□□
□□□＿□□□□□□
□□□＿□□□＿□□
□＿□□□□□□□□
□□□□＿＿□□□□
□□□□＿□□□□□
＿□□＿□□□□□□
□□□□□□＿□□□
00:29:19(52799f):field(52798f)
＿＿＿＿＿＿＿＿＿＿
＿＿＿＿＿＿＿＿＿＿
＿＿＿＿＿＿＿＿＿＿
＿＿＿＿＿＿＿＿＿＿
＿＿＿＿＿＿＿＿＿＿
＿＿＿＿＿＿＿＿＿＿
＿＿＿＿＿＿＿＿＿＿
＿＿＿＿＿＿＿＿＿＿
＿＿＿＿＿＿◆◆＿＿
＿＿＿＿＿◆□□＿＿
＿＿＿＿＿□□□◆＿
＿＿＿＿＿□□□□◆
■◆■＿■□□□□□
◆□□■◆□□□□□
□□□＿□□□■□□
□＿□□□□□□□□
□□□□＿＿□□□□
□□□□＿□□□□□
＿□□＿□□□□□□
□□□□□□＿□□□
00:29:20(52815f):field(52814f)
＿＿＿＿＿＿＿＿＿＿
＿＿＿＿＿＿＿＿＿＿
＿＿＿＿＿＿＿＿＿＿
＿＿＿＿＿＿＿＿＿＿
＿＿＿＿＿＿＿＿＿＿
＿＿＿＿＿＿＿＿＿＿
＿＿＿＿＿＿＿＿＿＿
＿＿＿＿＿＿＿＿＿＿
＿＿＿＿＿＿＿＿＿＿
＿＿＿＿■■□□＿＿
＿＿＿＿■□□□＿＿
＿＿＿＿■□□□□＿
◆＿□＿◆□□□□□
＿□□□＿□□□□□
□□□＿□□□◆□□
□＿□□□□□□□□
□□□□＿＿□□□□
□□□□＿□□□□□
＿□□＿□□□□□□
□□□□□□＿□□□
00:29:20(52827f):field(52826f)
＿＿＿＿＿＿＿＿＿＿
＿＿＿＿＿＿＿＿＿＿
＿＿＿＿＿＿＿＿＿＿
＿＿＿＿＿＿＿＿＿＿
＿＿＿＿＿＿＿＿＿＿
＿＿＿＿＿＿＿＿＿＿
＿＿＿＿＿＿＿＿＿＿
＿＿＿＿＿＿＿＿＿＿
＿＿＿＿＿＿＿＿＿■
＿＿＿＿□□□□＿■
＿＿＿＿□□□□＿■
＿＿＿＿□□□□□■
＿＿□＿＿□□□□□
＿□□□＿□□□□□
□□□＿□□□＿□□
□＿□□□□□□□□
□□□□＿＿□□□□
□□□□＿□□□□□
＿□□＿□□□□□□
□□□□□□＿□□□
00:29:21(52839f):field(52838f)
＿＿＿＿＿＿＿＿＿＿
＿＿＿＿＿＿＿＿＿＿
＿＿＿＿＿＿＿＿＿＿
＿＿＿＿＿＿＿＿＿＿
＿＿＿＿＿＿＿＿＿＿
＿＿＿＿＿＿＿＿＿＿
＿＿＿＿＿＿＿＿＿＿
＿＿＿＿＿＿＿＿＿＿
＿＿＿＿＿＿＿＿＿□
＿＿＿＿□□□□＿□
＿＿＿■□□□□＿□
＿＿■■□□□□□□
＿＿□■＿□□□□□
＿□□□＿□□□□□
□□□＿□□□＿□□
□＿□□□□□□□□
□□□□＿＿□□□□
□□□□＿□□□□□
＿□□＿□□□□□□
□□□□□□＿□□□
00:29:21(52855f):field(52854f)
＿＿＿＿＿＿＿＿＿＿
＿＿＿＿＿＿＿＿＿＿
＿＿＿＿＿＿＿＿＿＿
＿＿＿＿＿＿＿＿＿＿
＿＿＿＿＿＿＿＿＿＿
＿＿＿＿＿＿＿＿＿＿
＿＿＿＿＿＿＿＿＿＿
＿＿＿＿＿＿＿＿＿＿
＿＿＿＿＿＿＿■■□
＿＿＿＿□□□□■□
＿＿＿□□□□□■□
＿＿□□□□□□□□
＿＿□□＿□□□□□
＿□□□＿□□□□□
□□□＿□□□＿□□
□＿□□□□□□□□
□□□□＿＿□□□□
□□□□＿□□□□□
＿□□＿□□□□□□
□□□□□□＿□□□
00:29:22(52865f):field(52864f)
＿＿＿＿＿＿＿＿＿＿
＿＿＿＿＿＿＿＿＿＿
＿＿＿＿＿＿＿＿＿＿
＿＿＿＿＿＿＿＿＿＿
＿＿＿＿＿＿＿＿＿＿
＿＿＿＿＿＿＿＿＿＿
＿＿＿＿＿＿＿＿＿＿
＿＿＿＿＿＿＿＿＿＿
＿＿＿＿＿＿＿◆◆◆
＿＿＿＿◆◆◆□□□
■＿■◆□□□□□□
■＿◆□□□□□□□
■■□□＿□□□□□
＿□□□＿□□□□□
□□□＿□□□＿□□
□＿□□□□□□□□
□□□□＿＿□□□□
□□□□＿□□□□□
＿□□＿□□□□□□
□□□□□□＿□□□
00:29:22(52879f):field(52878f)
＿＿＿＿＿＿＿＿＿＿
＿＿＿＿＿＿＿＿＿＿
＿＿＿＿＿＿＿＿＿＿
＿＿＿＿＿＿＿＿＿＿
＿＿＿＿＿＿＿＿＿＿
＿＿＿＿＿＿＿＿＿＿
＿＿＿＿＿＿＿＿＿＿
＿＿＿＿＿＿＿＿＿＿
＿＿＿＿＿＿＿＿＿＿
＿＿＿＿＿＿＿◆◆◆
◆＿◆＿◆◆□□□□
□＿＿◆□□□□□□
□□□□＿□□□□□
■□□□＿□□□□□
□□□＿□□□＿□□
□＿□□□□□□□□
□□□□＿＿□□□□
□□□□＿□□□□□
＿□□＿□□□□□□
□□□□□□＿□□□
00:29:23(52893f):field(52892f)
＿＿＿＿＿＿＿＿＿＿
＿＿＿＿＿＿＿＿＿＿
＿＿＿＿＿＿＿＿＿＿
＿＿＿＿＿＿＿＿＿＿
＿＿＿＿＿＿＿＿＿＿
＿＿＿＿＿＿＿＿＿＿
＿＿＿＿＿＿＿＿＿＿
＿＿＿＿＿＿＿＿＿＿
＿＿＿＿＿＿＿＿＿＿
＿＿＿＿＿＿＿＿＿＿
＿＿＿■■■□□□□
□＿＿＿□□□□□□
□□□□＿□□□□□
◆□□□＿□□□□□
□□□＿□□□＿□□
□＿□□□□□□□□
□□□□＿＿□□□□
□□□□＿□□□□□
＿□□＿□□□□□□
□□□□□□＿□□□
00:29:23(52906f):field(52905f)
＿＿＿＿＿＿＿＿＿＿
＿＿＿＿＿＿＿＿＿＿
＿＿＿＿＿＿＿＿＿＿
＿＿＿＿＿＿＿＿＿＿
＿＿＿＿＿＿＿＿＿＿
＿＿＿＿＿＿＿＿＿＿
＿＿＿＿＿＿＿＿＿＿
＿＿＿＿＿＿＿＿＿＿
＿＿＿＿＿＿＿＿＿＿
■＿＿＿＿＿＿＿＿＿
■■＿□□□□□□□
□■＿＿□□□□□□
□□□□＿□□□□□
＿□□□＿□□□□□
□□□＿□□□＿□□
□＿□□□□□□□□
□□□□＿＿□□□□
□□□□＿□□□□□
＿□□＿□□□□□□
□□□□□□＿□□□
00:29:24(52921f):field(52920f)
＿＿＿＿＿＿＿＿＿＿
＿＿＿＿＿＿＿＿＿＿
＿＿＿＿＿＿＿＿＿＿
＿＿＿＿＿＿＿＿＿＿
＿＿＿＿＿＿＿＿＿＿
＿＿＿＿＿＿＿＿＿＿
＿＿＿＿＿＿＿＿＿＿
＿＿＿＿＿＿＿＿＿＿
＿＿＿＿＿＿＿＿■＿
□＿＿＿＿＿＿■■■
□□＿□□□□□□□
□□＿＿□□□□□□
□□□□＿□□□□□
＿□□□＿□□□□□
□□□＿□□□＿□□
□＿□□□□□□□□
□□□□＿＿□□□□
□□□□＿□□□□□
＿□□＿□□□□□□
□□□□□□＿□□□
00:29:24(52933f):field(52932f)
＿＿＿＿＿＿＿＿＿＿
＿＿＿＿＿＿＿＿＿＿
＿＿＿＿＿＿＿＿＿＿
＿＿＿＿＿＿＿＿＿＿
＿＿＿＿＿＿＿＿＿＿
＿＿＿＿＿＿＿＿＿＿
＿＿＿＿＿＿＿＿＿＿
＿＿＿＿＿＿＿■＿＿
＿＿＿＿＿＿■■□＿
□＿＿＿＿＿■□□□
□□＿□□□□□□□
□□＿＿□□□□□□
□□□□＿□□□□□
＿□□□＿□□□□□
□□□＿□□□＿□□
□＿□□□□□□□□
□□□□＿＿□□□□
□□□□＿□□□□□
＿□□＿□□□□□□
□□□□□□＿□□□
00:29:24(52944f):field(52943f)
＿＿＿＿＿＿＿＿＿＿
＿＿＿＿＿＿＿＿＿＿
＿＿＿＿＿＿＿＿＿＿
＿＿＿＿＿＿＿＿＿＿
＿＿＿＿＿＿＿＿＿＿
＿＿＿＿＿＿＿＿＿＿
＿＿＿＿＿＿＿＿＿＿
＿＿＿＿＿＿＿◆＿＿
＿＿＿＿＿＿◆□◆＿
◆＿＿＿■■□□□◆
□□■◆□◆□□□□
□□■＿□□□□□□
□□□□■□□□□□
＿□□□＿□□□□□
□□□＿□□□＿□□
□＿□□□□□□□□
□□□□＿＿□□□□
□□□□＿□□□□□
＿□□＿□□□□□□
□□□□□□＿□□□
00:29:25(52956f):field(52955f)
＿＿＿＿＿＿＿＿＿＿
＿＿＿＿＿＿＿＿＿＿
＿＿＿＿＿＿＿＿＿＿
＿＿＿＿＿＿＿＿＿＿
＿＿＿＿＿＿＿＿＿＿
＿＿＿＿＿＿＿＿＿＿
＿＿＿＿＿＿＿＿＿＿
＿＿＿＿＿＿＿＿＿＿
＿＿＿＿＿＿＿◆＿＿
＿＿＿＿◆◆◆□◆＿
□◆◆■□＿□□□◆
□□□■◆□□□□□
□□□□◆□□□□□
■□□□＿□□□□□
□□□＿□□□＿□□
□＿□□□□□□□□
□□□□＿＿□□□□
□□□□＿□□□□□
＿□□＿□□□□□□
□□□□□□＿□□□
00:29:25(52970f):field(52969f)
＿＿＿＿＿＿＿＿＿＿
＿＿＿＿＿＿＿＿＿＿
＿＿＿＿＿＿＿＿＿＿
＿＿＿＿＿＿＿＿＿＿
＿＿＿＿＿＿＿＿＿＿
＿＿＿＿＿＿＿＿＿＿
＿＿＿＿＿＿＿＿＿＿
＿＿＿＿＿＿＿＿＿＿
＿＿＿■■＿＿＿＿＿
＿＿＿■■＿＿□＿＿
◆＿＿□□＿□□□＿
□□□□＿◆□□□□
□□□□＿□□□□□
◆□□□＿□□□□□
□□□＿□□□＿□□
□＿□□□□□□□□
□□□□＿＿□□□□
□□□□＿□□□□□
＿□□＿□□□□□□
□□□□□□＿□□□
00:29:26(52981f):field(52980f)
＿＿＿＿＿＿＿＿＿＿
＿＿＿＿＿＿＿＿＿＿
＿＿＿＿＿＿＿＿＿＿
＿＿＿＿＿＿＿＿＿＿
＿＿＿＿＿＿＿＿＿＿
＿＿＿＿＿＿＿＿＿＿
＿＿＿＿＿＿＿＿＿＿
＿＿＿＿＿＿＿＿＿＿
＿＿＿□□■＿＿＿＿
＿＿＿□□■＿□＿＿
＿＿＿□□■□□□＿
□□□□＿■□□□□
□□□□＿□□□□□
＿□□□＿□□□□□
□□□＿□□□＿□□
□＿□□□□□□□□
□□□□＿＿□□□□
□□□□＿□□□□□
＿□□＿□□□□□□
□□□□□□＿□□□
00:29:26(52994f):field(52993f)
＿＿＿＿＿＿＿＿＿＿
＿＿＿＿＿＿＿＿＿＿
＿＿＿＿＿＿＿＿＿＿
＿＿＿＿＿＿＿＿＿＿
＿＿＿＿＿＿＿＿＿＿
＿＿＿＿＿＿＿＿＿＿
＿＿＿＿＿＿＿＿＿＿
＿＿＿＿＿＿＿＿＿＿
＿＿＿□□□＿＿＿■
＿＿＿□□□＿□■■
＿＿＿□□□□□□■
□□□□＿□□□□□
□□□□＿□□□□□
＿□□□＿□□□□□
□□□＿□□□＿□□
□＿□□□□□□□□
□□□□＿＿□□□□
□□□□＿□□□□□
＿□□＿□□□□□□
□□□□□□＿□□□
00:29:26(53006f):field(53005f)
＿＿＿＿＿＿＿＿＿＿
＿＿＿＿＿＿＿＿＿＿
＿＿＿＿＿＿＿＿＿＿
＿＿＿＿＿＿＿＿＿＿
＿＿＿＿＿＿＿＿＿＿
＿＿＿＿＿＿＿＿＿＿
＿＿＿＿＿＿＿＿＿■
＿＿＿＿＿＿＿＿■■
＿＿＿□□□＿＿■□
＿＿＿□□□＿□□□
＿＿＿□□□□□□□
□□□□＿□□□□□
□□□□＿□□□□□
＿□□□＿□□□□□
□□□＿□□□＿□□
□＿□□□□□□□□
□□□□＿＿□□□□
□□□□＿□□□□□
＿□□＿□□□□□□
□□□□□□＿□□□
00:29:27(53019f):field(53018f)
＿＿＿＿＿＿＿＿＿＿
＿＿＿＿＿＿＿＿＿＿
＿＿＿＿＿＿＿＿＿＿
＿＿＿＿＿＿＿＿＿＿
＿＿＿＿＿＿＿＿＿＿
＿＿＿＿＿＿＿＿＿＿
＿＿＿＿＿＿＿＿＿◆
＿＿＿＿＿＿＿＿◆□
＿＿＿◆◆◆＿＿□□
＿■＿□□□＿◆□□
■＿■□□□◆□□□
□□□□＿□□□□□
□□□□＿□□□□□
＿□□□＿□□□□□
□□□＿□□□＿□□
□＿□□□□□□□□
□□□□＿＿□□□□
□□□□＿□□□□□
＿□□＿□□□□□□
□□□□□□＿□□□
00:29:27(53034f):field(53033f)
＿＿＿＿＿＿＿＿＿＿
＿＿＿＿＿＿＿＿＿＿
＿＿＿＿＿＿＿＿＿＿
＿＿＿＿＿＿＿＿＿＿
＿＿＿＿＿＿＿＿＿＿
＿＿＿＿＿＿＿＿＿＿
＿＿＿＿＿＿＿＿＿＿
＿＿＿＿＿■＿＿＿□
＿＿＿■■■＿＿□□
＿◆＿□□□＿＿□□
□＿◆□□□＿□□□
□□□□＿□□□□□
□□□□＿□□□□□
＿□□□＿□□□□□
□□□＿□□□＿□□
□＿□□□□□□□□
□□□□＿＿□□□□
□□□□＿□□□□□
＿□□＿□□□□□□
□□□□□□＿□□□
00:29:28(53045f):field(53044f)
＿＿＿＿＿＿＿＿＿＿
＿＿＿＿＿＿＿＿＿＿
＿＿＿＿＿＿＿＿＿＿
＿＿＿＿＿＿＿＿＿＿
＿＿＿＿＿＿＿＿＿＿
＿＿＿＿＿＿＿＿＿＿
＿＿＿＿＿＿＿＿＿＿
＿＿＿＿＿□■＿＿□
＿＿＿□□□■＿□□
＿＿＿□□□■＿□□
□＿＿□□□■□□□
□□□□＿□□□□□
□□□□＿□□□□□
＿□□□＿□□□□□
□□□＿□□□＿□□
□＿□□□□□□□□
□□□□＿＿□□□□
□□□□＿□□□□□
＿□□＿□□□□□□
□□□□□□＿□□□
00:29:28(53059f):field(53058f)
＿＿＿＿＿＿＿＿＿＿
＿＿＿＿＿＿＿＿＿＿
＿＿＿＿＿＿＿＿＿＿
＿＿＿＿＿＿＿＿＿＿
＿＿＿＿＿＿＿＿＿＿
＿＿＿＿＿＿＿＿＿＿
＿＿＿＿＿＿＿＿＿＿
＿＿＿＿＿◆◆＿＿◆
＿＿＿◆◆□□＿◆□
＿＿＿□□□□＿□□
◆■■□□□□◆□□
□□□□＿□□□□□
□□□□＿□□□□□
＿□□□＿□□□□□
□□□＿□□□＿□□
□＿□□□□□□□□
□□□□＿＿□□□□
□□□□＿□□□□□
＿□□＿□□□□□□
□□□□□□＿□□□
00:29:29(53070f):field(53069f)
＿＿＿＿＿＿＿＿＿＿
＿＿＿＿＿＿＿＿＿＿
＿＿＿＿＿＿＿＿＿＿
＿＿＿＿＿＿＿＿＿＿
＿＿＿＿＿＿＿＿＿＿
＿＿＿＿＿＿＿＿＿＿
＿＿＿＿＿＿＿＿＿＿
＿＿＿＿■■＿＿＿＿
＿＿＿■■□□＿＿□
＿＿＿□□□□＿□□
＿□□□□□□＿□□
□□□□＿□□□□□
□□□□＿□□□□□
＿□□□＿□□□□□
□□□＿□□□＿□□
□＿□□□□□□□□
□□□□＿＿□□□□
□□□□＿□□□□□
＿□□＿□□□□□□
□□□□□□＿□□□
00:29:29(53084f):field(53083f)
＿＿＿＿＿＿＿＿＿＿
＿＿＿＿＿＿＿＿＿＿
＿＿＿＿＿＿＿＿＿＿
＿＿＿＿＿＿＿＿＿＿
＿＿＿＿＿＿＿＿＿＿
＿＿＿＿＿＿＿＿＿＿
＿＿＿＿＿＿＿＿＿＿
＿＿＿＿□□＿＿＿＿
＿■＿□□□□＿＿□
■■＿□□□□＿□□
■□□□□□□＿□□
□□□□＿□□□□□
□□□□＿□□□□□
＿□□□＿□□□□□
□□□＿□□□＿□□
□＿□□□□□□□□
□□□□＿＿□□□□
□□□□＿□□□□□
＿□□＿□□□□□□
□□□□□□＿□□□
00:29:29(53096f):field(53095f)
＿＿＿＿＿＿＿＿＿＿
＿＿＿＿＿＿＿＿＿＿
＿＿＿＿＿＿＿＿＿＿
＿＿＿＿＿＿＿＿＿＿
＿＿＿＿＿＿＿＿＿＿
＿＿＿＿＿＿＿＿＿＿
＿＿＿＿＿＿＿＿＿＿
＿＿■■□□＿＿＿＿
＿□■□□□□＿＿□
□□■□□□□＿□□
□□□□□□□＿□□
□□□□＿□□□□□
□□□□＿□□□□□
＿□□□＿□□□□□
□□□＿□□□＿□□
□＿□□□□□□□□
□□□□＿＿□□□□
□□□□＿□□□□□
＿□□＿□□□□□□
□□□□□□＿□□□
00:29:30(53108f):field(53107f)
＿＿＿＿＿＿＿＿＿＿
＿＿＿＿＿＿＿＿＿＿
＿＿＿＿＿＿＿＿＿＿
＿＿＿＿＿＿＿＿＿＿
＿＿＿＿＿＿＿＿＿＿
＿＿＿■■＿＿＿＿＿
＿＿＿■■＿＿＿＿＿
＿＿□□□□＿＿＿＿
＿□□□□□□＿＿□
□□□□□□□＿□□
□□□□□□□＿□□
□□□□＿□□□□□
□□□□＿□□□□□
＿□□□＿□□□□□
□□□＿□□□＿□□
□＿□□□□□□□□
□□□□＿＿□□□□
□□□□＿□□□□□
＿□□＿□□□□□□
□□□□□□＿□□□
00:29:30(53122f):field(53121f)
＿＿＿＿＿＿＿＿＿＿
＿＿＿＿＿＿＿＿＿＿
＿＿＿＿＿＿＿＿＿＿
＿＿＿＿＿＿＿＿＿＿
＿＿＿＿＿＿＿＿＿＿
＿＿＿◆◆＿＿＿＿＿
＿＿＿◆◆＿＿＿＿＿
＿＿◆□□◆＿＿＿＿
■◆◆□□◆□＿＿◆
◆◆□□□□□■◆◆
◆□□□□□□■◆□
□□□□■□□□□□
□□□□＿□□□□□
＿□□□＿□□□□□
□□□＿□□□＿□□
□＿□□□□□□□□
□□□□＿＿□□□□
□□□□＿□□□□□
＿□□＿□□□□□□
□□□□□□＿□□□
00:29:31(53133f):field(53132f)
＿＿＿＿＿＿＿＿＿＿
＿＿＿＿＿＿＿＿＿＿
＿＿＿＿＿＿＿＿＿＿
＿＿＿＿＿＿＿＿＿＿
＿＿＿＿＿＿＿＿＿＿
＿＿＿＿＿＿＿＿＿＿
＿＿＿＿■■＿＿＿＿
＿＿＿□□■＿＿＿＿
◆＿＿□□■◆＿＿＿
＿＿□□□□◆□＿＿
＿□□□□□□□＿□
□□□□◆□□□□□
□□□□＿□□□□□
＿□□□＿□□□□□
□□□＿□□□＿□□
□＿□□□□□□□□
□□□□＿＿□□□□
□□□□＿□□□□□
＿□□＿□□□□□□
□□□□□□＿□□□
00:29:31(53148f):field(53147f)
＿＿＿＿＿＿＿＿＿＿
＿＿＿＿＿＿＿＿＿＿
＿＿＿＿＿＿＿＿＿＿
＿＿＿＿＿＿＿＿＿＿
＿＿＿＿＿＿＿＿＿＿
＿＿＿＿＿＿＿＿＿＿
＿＿＿＿□□＿＿＿＿
＿＿＿□□□＿＿＿＿
＿＿＿□□□＿＿＿■
＿＿□□□□＿□■■
＿□□□□□□□■□
□□□□＿□□□□□
□□□□＿□□□□□
＿□□□＿□□□□□
□□□＿□□□＿□□
□＿□□□□□□□□
□□□□＿＿□□□□
□□□□＿□□□□□
＿□□＿□□□□□□
□□□□□□＿□□□
00:29:31(53159f):field(53158f)
＿＿＿＿＿＿＿＿＿＿
＿＿＿＿＿＿＿＿＿＿
＿＿＿＿＿＿＿＿＿＿
＿＿＿＿＿＿＿＿＿＿
＿＿＿＿＿＿＿＿＿＿
＿＿＿＿＿＿＿＿＿＿
＿＿＿＿◆◆＿＿＿＿
＿＿＿◆□□＿＿＿＿
＿＿＿□□□＿＿＿◆
■＿◆□□□＿◆◆□
■□□□□□◆□□□
□□□□＿□□□□□
□□□□＿□□□□□
＿□□□＿□□□□□
□□□＿□□□＿□□
□＿□□□□□□□□
□□□□＿＿□□□□
□□□□＿□□□□□
＿□□＿□□□□□□
□□□□□□＿□□□
00:29:32(53172f):field(53171f)
＿＿＿＿＿＿＿＿＿＿
＿＿＿＿＿＿＿＿＿＿
＿＿＿＿＿＿＿＿＿＿
＿＿＿＿＿＿＿＿＿＿
＿＿＿＿＿＿＿＿＿＿
＿＿＿＿＿＿＿＿＿＿
＿＿＿＿＿＿＿＿＿＿
＿＿＿＿□□＿＿＿＿
＿■■□□□＿＿＿＿
□■■□□□＿＿＿□
□□□□□□＿□□□
□□□□＿□□□□□
□□□□＿□□□□□
＿□□□＿□□□□□
□□□＿□□□＿□□
□＿□□□□□□□□
□□□□＿＿□□□□
□□□□＿□□□□□
＿□□＿□□□□□□
□□□□□□＿□□□
00:29:32(53184f):field(53183f)
＿＿＿＿＿＿＿＿＿＿
＿＿＿＿＿＿＿＿＿＿
＿＿＿＿＿＿＿＿＿＿
＿＿＿＿＿＿＿＿＿＿
＿＿＿＿＿＿＿＿＿＿
＿＿＿＿＿＿＿＿＿＿
＿＿＿＿＿＿＿＿＿＿
＿＿＿＿□□＿＿＿＿
＿□□□□□＿＿■■
□□□□□□＿■■□
□□□□□□＿□□□
□□□□＿□□□□□
□□□□＿□□□□□
＿□□□＿□□□□□
□□□＿□□□＿□□
□＿□□□□□□□□
□□□□＿＿□□□□
□□□□＿□□□□□
＿□□＿□□□□□□
□□□□□□＿□□□
00:29:33(53199f):field(53198f)
＿＿＿＿＿＿＿＿＿＿
＿＿＿＿＿＿＿＿＿＿
＿＿＿＿＿＿＿＿＿＿
＿＿＿＿＿＿＿＿＿＿
＿＿＿＿＿＿＿＿＿＿
＿＿＿＿＿＿＿＿＿＿
＿＿＿＿＿＿＿＿＿＿
■■■＿□□＿＿＿＿
■□□□□□＿＿□□
□□□□□□＿□□□
□□□□□□＿□□□
□□□□＿□□□□□
□□□□＿□□□□□
＿□□□＿□□□□□
□□□＿□□□＿□□
□＿□□□□□□□□
□□□□＿＿□□□□
□□□□＿□□□□□
＿□□＿□□□□□□
□□□□□□＿□□□
00:29:33(53209f):field(53208f)
＿＿＿＿＿＿＿＿＿＿
＿＿＿＿＿＿＿＿＿＿
＿＿＿＿＿＿＿＿＿＿
＿＿＿＿＿＿＿＿＿＿
＿＿＿＿＿＿＿＿＿＿
＿＿＿＿＿＿＿＿＿＿
＿＿＿＿＿＿＿＿＿＿
◆◆◆＿◆◆＿■＿＿
◆□◆◆□◆■＿◆◆
◆□□□□□■◆◆□
□□□□□□■◆□◆
□□□□■□□□□□
□□□□■□□□□□
＿□□□＿□□□□□
□□□＿□□□＿□□
□＿□□□□□□□□
□□□□＿＿□□□□
□□□□＿□□□□□
＿□□＿□□□□□□
□□□□□□＿□□□
00:29:34(53221f):field(53220f)
＿＿＿＿＿＿＿＿＿＿
＿＿＿＿＿＿＿＿＿＿
＿＿＿＿＿＿＿＿＿＿
＿＿＿＿＿＿＿＿＿＿
＿＿＿＿＿＿＿＿＿＿
＿＿＿＿＿＿＿＿＿＿
＿＿＿＿＿＿＿＿＿＿
＿＿＿＿＿＿＿◆＿＿
＿◆＿■◆＿◆＿＿＿
＿◆□□◆◆◆＿＿◆
□□□□□□◆＿◆＿
□□□□◆□□□□□
□□□□◆□□□□□
＿□□□＿□□□□□
□□□＿□□□＿□□
□＿□□□□□□□□
□□□□＿＿□□□□
□□□□＿□□□□□
＿□□＿□□□□□□
□□□□□□＿□□□
00:29:34(53234f):field(53233f)
＿＿＿＿＿＿＿＿＿＿
＿＿＿＿＿＿＿＿＿＿
＿＿＿＿＿＿＿＿＿＿
＿＿＿＿＿＿＿＿＿＿
＿＿＿＿＿＿＿＿＿＿
＿＿＿＿＿＿＿＿＿＿
＿＿＿＿＿＿＿＿＿＿
＿＿＿＿＿＿＿＿＿＿
＿＿＿□＿＿＿＿＿＿
＿＿□□＿■■＿＿＿
□□□□□□■■＿＿
□□□□＿□□□□□
□□□□＿□□□□□
＿□□□＿□□□□□
□□□＿□□□＿□□
□＿□□□□□□□□
□□□□＿＿□□□□
□□□□＿□□□□□
＿□□＿□□□□□□
□□□□□□＿□□□
00:29:34(53246f):field(53245f)
＿＿＿＿＿＿＿＿＿＿
＿＿＿＿＿＿＿＿＿＿
＿＿＿＿＿＿＿＿＿＿
＿＿＿＿＿＿＿＿＿＿
＿＿＿＿＿＿＿＿＿＿
＿＿＿＿＿＿＿＿＿＿
＿＿＿＿＿＿＿＿＿＿
＿＿＿＿＿＿＿＿＿＿
＿＿＿◆＿＿＿＿＿＿
＿＿◆□＿◆◆■＿＿
◆◆□□◆□□◆■■
□□□□＿□□□□□
□□□□＿□□□□□
＿□□□＿□□□□□
□□□＿□□□＿□□
□＿□□□□□□□□
□□□□＿＿□□□□
□□□□＿□□□□□
＿□□＿□□□□□□
□□□□□□＿□□□
00:29:35(53263f):field(53262f)
＿＿＿＿＿＿＿＿＿＿
＿＿＿＿＿＿＿＿＿＿
＿＿＿＿＿＿＿＿＿＿
＿＿＿＿＿＿＿＿＿＿
＿＿＿＿＿＿＿＿＿＿
＿＿＿＿＿＿＿＿＿＿
＿＿＿＿＿＿＿＿＿＿
＿＿＿＿＿＿＿＿＿＿
＿＿＿＿＿＿＿＿＿＿
＿■■□＿＿＿◆＿＿
■■□□＿□□＿□□
□□□□＿□□□□□
□□□□＿□□□□□
＿□□□＿□□□□□
□□□＿□□□＿□□
□＿□□□□□□□□
□□□□＿＿□□□□
□□□□＿□□□□□
＿□□＿□□□□□□
□□□□□□＿□□□
00:29:35(53273f):field(53272f)
＿＿＿＿＿＿＿＿＿＿
＿＿＿＿＿＿＿＿＿＿
＿＿＿＿＿＿＿＿＿＿
＿＿＿＿＿＿＿＿＿＿
＿＿＿＿＿＿＿＿＿＿
＿＿＿＿＿＿＿＿＿＿
＿＿＿＿＿＿＿＿＿＿
＿＿＿＿＿＿＿＿＿＿
＿＿＿＿＿＿＿＿＿＿
＿◆◆◆＿＿＿＿＿＿
◆◆□◆＿◆◆＿◆◆
□□□□＿◆◆□◆□
□□□□■□□◆□□
＿□□□■□□□□□
□□□■□□□＿□□
□＿□□□□□□□□
□□□□＿＿□□□□
□□□□＿□□□□□
＿□□＿□□□□□□
□□□□□□＿□□□
00:29:36(53285f):field(53284f)
＿＿＿＿＿＿＿＿＿＿
＿＿＿＿＿＿＿＿＿＿
＿＿＿＿＿＿＿＿＿＿
＿＿＿＿＿＿＿＿＿＿
＿＿＿＿＿＿＿＿＿＿
＿＿＿＿＿＿＿＿＿＿
＿＿＿＿＿＿＿＿＿＿
＿＿＿＿＿＿＿＿＿＿
＿＿＿＿＿＿＿＿＿＿
＿＿＿＿＿＿＿＿＿＿
＿＿◆＿＿＿＿＿＿＿
◆◆◆◆＿■■◆＿◆
◆□□□□□□■◆◆
＿□□□□□□□□□
□□□◆□□□■□□
□＿□□□□□□□□
□□□□＿＿□□□□
□□□□＿□□□□□
＿□□＿□□□□□□
□□□□□□＿□□□
00:29:36(53295f):field(53294f)
＿＿＿＿＿＿＿＿＿＿
＿＿＿＿＿＿＿＿＿＿
＿＿＿＿＿＿＿＿＿＿
＿＿＿＿＿＿＿＿＿＿
＿＿＿＿＿＿＿＿＿＿
＿＿＿＿＿＿＿＿＿＿
＿＿＿＿＿＿＿＿＿＿
＿＿＿＿＿＿＿＿＿＿
＿＿＿＿＿＿＿＿＿＿
＿＿＿＿＿＿＿＿＿＿
＿＿＿＿＿＿＿＿＿＿
＿＿＿＿■□□＿＿＿
＿□□□□□□□＿＿
＿□□□□□□□□□
□□□＿□□□◆□□
□＿□□□□□□□□
□□□□＿＿□□□□
□□□□＿□□□□□
＿□□＿□□□□□□
□□□□□□＿□□□
00:29:37(53311f):field(53310f)
＿＿＿＿＿＿＿＿＿＿
＿＿＿＿＿＿＿＿＿＿
＿＿＿＿＿＿＿＿＿＿
＿＿＿＿＿＿＿＿＿＿
＿＿＿＿＿＿＿＿＿＿
＿＿＿＿＿＿＿＿＿＿
＿＿＿＿＿＿＿＿＿＿
＿＿＿＿＿＿＿＿＿＿
＿＿＿＿＿＿＿＿＿＿
＿＿＿＿＿＿＿＿＿＿
＿＿＿＿＿＿＿＿■＿
＿＿＿＿□□□＿■■
＿□□□□□□□■＿
＿□□□□□□□□□
□□□＿□□□＿□□
□＿□□□□□□□□
□□□□＿＿□□□□
□□□□＿□□□□□
＿□□＿□□□□□□
□□□□□□＿□□□
00:29:37(53324f):field(53323f)
＿＿＿＿＿＿＿＿＿＿
＿＿＿＿＿＿＿＿＿＿
＿＿＿＿＿＿＿＿＿＿
＿＿＿＿＿＿＿＿＿＿
＿＿＿＿＿＿＿＿＿＿
＿＿＿＿＿＿＿＿＿＿
＿＿＿＿＿＿＿＿＿＿
＿＿＿＿＿＿＿＿＿＿
＿＿＿＿＿＿＿＿＿＿
＿＿＿＿＿＿＿＿＿＿
＿＿＿■■＿＿＿□＿
＿＿■■□□□＿□□
＿□□□□□□□□＿
＿□□□□□□□□□
□□□＿□□□＿□□
□＿□□□□□□□□
□□□□＿＿□□□□
□□□□＿□□□□□
＿□□＿□□□□□□
□□□□□□＿□□□
00:29:37(53339f):field(53338f)
＿＿＿＿＿＿＿＿＿＿
＿＿＿＿＿＿＿＿＿＿
＿＿＿＿＿＿＿＿＿＿
＿＿＿＿＿＿＿＿＿＿
＿＿＿＿＿＿＿＿＿＿
＿＿＿＿＿＿＿＿＿＿
＿＿＿＿＿＿＿＿＿＿
＿＿＿＿＿＿＿＿＿＿
＿＿＿＿＿＿＿■＿＿
＿＿＿＿＿＿＿■＿＿
＿＿＿□□＿＿■□＿
＿＿□□□□□■□□
＿□□□□□□□□＿
＿□□□□□□□□□
□□□＿□□□＿□□
□＿□□□□□□□□
□□□□＿＿□□□□
□□□□＿□□□□□
＿□□＿□□□□□□
□□□□□□＿□□□
00:29:38(53349f):field(53348f)
＿＿＿＿＿＿＿＿＿＿
＿＿＿＿＿＿＿＿＿＿
＿＿＿＿＿＿＿＿＿＿
＿＿＿＿＿＿＿＿＿＿
＿＿＿＿＿＿＿＿＿＿
＿＿＿＿＿＿＿＿＿＿
＿＿＿＿＿＿＿＿＿＿
＿＿＿＿＿＿＿＿＿＿
＿＿＿＿＿＿＿□＿＿
＿＿＿＿＿■■□＿＿
＿＿＿□□■■□□＿
＿＿□□□□□□□□
＿□□□□□□□□＿
＿□□□□□□□□□
□□□＿□□□＿□□
□＿□□□□□□□□
□□□□＿＿□□□□
□□□□＿□□□□□
＿□□＿□□□□□□
□□□□□□＿□□□
00:29:38(53361f):field(53360f)
＿＿＿＿＿＿＿＿＿＿
＿＿＿＿＿＿＿＿＿＿
＿＿＿＿＿＿＿＿＿＿
＿＿＿＿＿＿＿＿＿＿
＿＿＿＿＿＿＿＿＿＿
＿＿＿＿＿＿＿＿＿＿
＿＿＿＿＿＿＿＿＿＿
＿＿＿＿＿■＿＿＿＿
＿＿＿＿■■＿□＿＿
＿＿＿＿■□□□＿＿
＿＿＿□□□□□□＿
＿＿□□□□□□□□
＿□□□□□□□□＿
＿□□□□□□□□□
□□□＿□□□＿□□
□＿□□□□□□□□
□□□□＿＿□□□□
□□□□＿□□□□□
＿□□＿□□□□□□
□□□□□□＿□□□
00:29:39(53373f):field(53372f)
＿＿＿＿＿＿＿＿＿＿
＿＿＿＿＿＿＿＿＿＿
＿＿＿＿＿＿＿＿＿＿
＿＿＿＿＿＿＿＿＿＿
＿＿＿＿＿＿＿＿＿＿
＿＿＿＿＿＿＿＿＿＿
＿＿＿＿＿＿＿＿＿＿
＿＿＿＿＿◆＿＿＿＿
＿＿＿＿◆◆＿◆＿＿
＿＿＿＿◆□◆◆＿＿
＿＿＿◆□□□□◆＿
＿＿◆◆□□□□◆◆
＿◆□□□□□□□＿
■□□□□□□□□□
□□□＿□□□＿□□
□＿□□□□□□□□
□□□□＿＿□□□□
□□□□＿□□□□□
＿□□＿□□□□□□
□□□□□□＿□□□
00:29:39(53386f):field(53385f)
＿＿＿＿＿＿＿＿＿＿
＿＿＿＿＿＿＿＿＿＿
＿＿＿＿＿＿＿＿＿＿
＿＿＿＿＿＿＿＿＿＿
＿＿＿＿＿＿＿＿＿＿
＿＿＿＿＿＿＿＿＿＿
＿＿＿＿＿＿＿＿＿＿
＿＿＿＿＿＿＿＿＿＿
＿＿＿＿＿＿＿＿＿＿
＿＿＿＿＿□＿＿＿＿
■＿＿＿□□◆□＿＿
■＿＿＿□□□□＿＿
■■◆□□□□□□＿
□□□□□□□□□◆
□□□＿□□□＿□□
□＿□□□□□□□□
□□□□＿＿□□□□
□□□□＿□□□□□
＿□□＿□□□□□□
□□□□□□＿□□□
00:29:39(53398f):field(53397f)
＿＿＿＿＿＿＿＿＿＿
＿＿＿＿＿＿＿＿＿＿
＿＿＿＿＿＿＿＿＿＿
＿＿＿＿＿＿＿＿＿＿
＿＿＿＿＿＿＿＿＿＿
＿＿＿＿＿＿＿＿＿＿
＿＿＿＿＿＿＿＿＿＿
＿＿＿＿＿＿＿＿＿＿
＿＿＿＿＿＿＿＿＿＿
＿＿＿＿＿□＿＿＿＿
□■＿＿□□＿□＿＿
□■■＿□□□□＿＿
□□■□□□□□□＿
□□□□□□□□□＿
□□□＿□□□＿□□
□＿□□□□□□□□
□□□□＿＿□□□□
□□□□＿□□□□□
＿□□＿□□□□□□
□□□□□□＿□□□
00:29:40(53410f):field(53409f)
＿＿＿＿＿＿＿＿＿＿
＿＿＿＿＿＿＿＿＿＿
＿＿＿＿＿＿＿＿＿＿
＿＿＿＿＿＿＿＿＿＿
＿＿＿＿＿＿＿＿＿＿
＿＿＿＿＿＿＿＿＿＿
＿＿＿＿＿＿＿＿＿＿
＿＿＿＿＿＿＿＿＿＿
＿＿＿＿＿＿＿＿＿＿
＿＿＿■＿□＿＿＿＿
□□■■□□＿□＿＿
□□□■□□□□＿＿
□□□□□□□□□＿
□□□□□□□□□＿
□□□＿□□□＿□□
□＿□□□□□□□□
□□□□＿＿□□□□
□□□□＿□□□□□
＿□□＿□□□□□□
□□□□□□＿□□□
00:29:40(53423f):field(53422f)
＿＿＿＿＿＿＿＿＿＿
＿＿＿＿＿＿＿＿＿＿
＿＿＿＿＿＿＿＿＿＿
＿＿＿＿＿＿＿＿＿＿
＿＿＿＿＿＿＿＿＿＿
＿＿＿＿＿＿＿＿＿＿
＿＿＿＿＿＿＿＿＿＿
＿＿＿＿＿＿＿＿＿＿
＿＿＿＿＿＿＿＿＿＿
＿＿＿◆＿◆＿＿＿＿
◆◆◆□□□＿◆＿＿
□□□□□□◆□■■
□□□□□□□□□＿
□□□□□□□□□＿
□□□＿□□□＿□□
□＿□□□□□□□□
□□□□＿＿□□□□
□□□□＿□□□□□
＿□□＿□□□□□□
□□□□□□＿□□□
00:29:41(53437f):field(53436f)
＿＿＿＿＿＿＿＿＿＿
＿＿＿＿＿＿＿＿＿＿
＿＿＿＿＿＿＿＿＿＿
＿＿＿＿＿＿＿＿＿＿
＿＿＿＿＿＿＿＿＿＿
＿＿＿＿＿＿＿＿＿＿
＿＿＿＿＿＿＿＿＿＿
＿＿＿＿＿＿＿＿＿＿
＿＿＿＿＿＿＿＿＿＿
＿＿＿＿＿＿＿＿＿＿
■＿＿◆◆◆＿■■＿
◆□◆□◆□■□◆◆
□□□□□□□□□＿
□□□□□□□□□■
□□□＿□□□＿□□
□＿□□□□□□□□
□□□□＿＿□□□□
□□□□＿□□□□□
＿□□＿□□□□□□
□□□□□□＿□□□
00:29:41(53453f):field(53452f)
＿＿＿＿＿＿＿＿＿＿
＿＿＿＿＿＿＿＿＿＿
＿＿＿＿＿＿＿＿＿＿
＿＿＿＿＿＿＿＿＿＿
＿＿＿＿＿＿＿＿＿＿
＿＿＿＿＿＿＿＿＿＿
＿＿＿＿＿＿＿＿＿＿
＿＿＿＿＿＿＿＿＿＿
＿＿＿＿＿＿＿＿＿＿
＿＿＿＿＿＿＿＿＿＿
◆＿＿＿＿＿＿◆◆＿
＿◆＿◆＿◆◆□＿＿
◆◆□□□□◆□□■
◆□◆□◆□□□◆□
□□□■□□□＿□□
□＿□□□□□□□□
□□□□＿＿□□□□
□□□□＿□□□□□
＿□□＿□□□□□□
□□□□□□＿□□□
00:29:42(53465f):field(53464f)
＿＿＿＿＿＿＿＿＿＿
＿＿＿＿＿＿＿＿＿＿
＿＿＿＿＿＿＿＿＿＿
＿＿＿＿＿＿＿＿＿＿
＿＿＿＿＿＿＿＿＿＿
＿＿＿＿＿＿＿＿＿＿
＿＿＿＿＿＿＿＿＿＿
＿＿＿＿＿＿＿＿＿＿
＿＿＿＿＿＿＿＿＿＿
＿＿＿＿＿＿＿＿＿＿
＿＿＿＿＿＿＿＿＿＿
＿＿＿＿＿＿＿◆＿＿
■＿◆◆◆◆＿□◆□
■□■□＿□□□＿□
□□□◆□□□＿□□
□＿□□□□□□□□
□□□□＿＿□□□□
□□□□＿□□□□□
＿□□＿□□□□□□
□□□□□□＿□□□
00:29:42(53476f):field(53475f)
＿＿＿＿＿＿＿＿＿＿
＿＿＿＿＿＿＿＿＿＿
＿＿＿＿＿＿＿＿＿＿
＿＿＿＿＿＿＿＿＿＿
＿＿＿＿＿＿＿＿＿＿
＿＿＿＿＿＿＿＿＿＿
＿＿＿＿＿＿＿＿＿＿
＿＿＿＿＿＿＿＿＿＿
＿＿＿＿＿＿＿＿＿＿
＿＿＿＿＿＿＿＿＿＿
＿＿＿＿＿＿＿＿＿＿
＿＿＿■＿＿＿＿＿＿
□＿＿■■＿＿□＿□
□□□□■□□□＿□
□□□＿□□□＿□□
□＿□□□□□□□□
□□□□＿＿□□□□
□□□□＿□□□□□
＿□□＿□□□□□□
□□□□□□＿□□□
00:29:43(53490f):field(53489f)
＿＿＿＿＿＿＿＿＿＿
＿＿＿＿＿＿＿＿＿＿
＿＿＿＿＿＿＿＿＿＿
＿＿＿＿＿＿＿＿＿＿
＿＿＿＿＿＿＿＿＿＿
＿＿＿＿＿＿＿＿＿＿
＿＿＿＿＿＿＿＿＿＿
＿＿＿＿＿＿＿＿＿＿
＿＿＿＿＿＿＿＿＿＿
＿＿＿＿＿＿＿＿＿＿
＿＿＿＿＿＿■＿＿＿
＿＿＿□＿＿■＿＿＿
□＿＿□□■■□＿□
□□□□□□□□＿□
□□□＿□□□＿□□
□＿□□□□□□□□
□□□□＿＿□□□□
□□□□＿□□□□□
＿□□＿□□□□□□
□□□□□□＿□□□
00:29:43(53501f):field(53500f)
＿＿＿＿＿＿＿＿＿＿
＿＿＿＿＿＿＿＿＿＿
＿＿＿＿＿＿＿＿＿＿
＿＿＿＿＿＿＿＿＿＿
＿＿＿＿＿＿＿＿＿＿
＿＿＿＿＿＿＿＿＿＿
＿＿＿＿＿＿＿＿＿＿
＿＿＿＿＿＿＿＿＿＿
＿＿＿＿＿＿＿＿＿＿
＿＿＿＿■＿＿＿＿＿
＿＿＿■■＿□＿＿＿
＿＿＿□■＿□＿＿＿
□＿＿□□□□□＿□
□□□□□□□□＿□
□□□＿□□□＿□□
□＿□□□□□□□□
□□□□＿＿□□□□
□□□□＿□□□□□
＿□□＿□□□□□□
□□□□□□＿□□□
00:29:43(53513f):field(53512f)
＿＿＿＿＿＿＿＿＿＿
＿＿＿＿＿＿＿＿＿＿
＿＿＿＿＿＿＿＿＿＿
＿＿＿＿＿＿＿＿＿＿
＿＿＿＿＿＿＿＿＿＿
＿＿＿＿＿＿＿＿＿＿
＿＿＿＿＿＿＿＿＿＿
＿＿＿＿＿＿＿＿＿＿
＿＿＿＿＿＿＿＿＿＿
＿＿＿＿□＿＿＿＿＿
＿＿＿□□＿□＿＿＿
■■＿□□＿□＿＿＿
□■■□□□□□＿□
□□□□□□□□＿□
□□□＿□□□＿□□
□＿□□□□□□□□
□□□□＿＿□□□□
□□□□＿□□□□□
＿□□＿□□□□□□
□□□□□□＿□□□
00:29:44(53525f):field(53524f)
＿＿＿＿＿＿＿＿＿＿
＿＿＿＿＿＿＿＿＿＿
＿＿＿＿＿＿＿＿＿＿
＿＿＿＿＿＿＿＿＿＿
＿＿＿＿＿＿＿＿＿＿
＿＿＿＿＿＿＿＿＿＿
＿＿＿＿＿＿＿＿＿＿
＿＿＿＿＿＿＿＿＿＿
＿＿＿＿＿■＿＿＿＿
＿＿＿＿□■＿＿＿＿
＿＿＿□□■□＿＿＿
□□＿□□■□＿＿＿
□□□□□□□□＿□
□□□□□□□□＿□
□□□＿□□□＿□□
□＿□□□□□□□□
□□□□＿＿□□□□
□□□□＿□□□□□
＿□□＿□□□□□□
□□□□□□＿□□□
00:29:44(53540f):field(53539f)
＿＿＿＿＿＿＿＿＿＿
＿＿＿＿＿＿＿＿＿＿
＿＿＿＿＿＿＿＿＿＿
＿＿＿＿＿＿＿＿＿＿
＿＿＿＿＿＿＿＿＿＿
＿＿＿＿＿＿＿＿＿＿
＿＿＿＿＿■■＿＿＿
＿＿＿＿＿■■＿＿＿
＿＿＿＿＿□＿＿＿＿
＿＿＿＿□□＿＿＿＿
＿＿＿□□□□＿＿＿
□□＿□□□□＿＿＿
□□□□□□□□＿□
□□□□□□□□＿□
□□□＿□□□＿□□
□＿□□□□□□□□
□□□□＿＿□□□□
□□□□＿□□□□□
＿□□＿□□□□□□
□□□□□□＿□□□
00:29:45(53553f):field(53552f)
＿＿＿＿＿＿＿＿＿＿
＿＿＿＿＿＿＿＿＿＿
＿＿＿＿＿＿＿＿＿＿
＿＿＿＿＿＿＿＿＿＿
＿＿＿＿＿＿＿＿＿＿
＿＿＿＿＿＿＿＿＿＿
＿＿＿＿＿□□＿＿＿
＿＿＿＿＿□□＿＿＿
＿＿＿＿＿□＿＿＿＿
＿■＿＿□□＿＿＿＿
＿■■□□□□＿＿＿
□□■□□□□＿＿＿
□□□□□□□□＿□
□□□□□□□□＿□
□□□＿□□□＿□□
□＿□□□□□□□□
□□□□＿＿□□□□
□□□□＿□□□□□
＿□□＿□□□□□□
□□□□□□＿□□□
00:29:45(53569f):field(53568f)
＿＿＿＿＿＿＿＿＿＿
＿＿＿＿＿＿＿＿＿＿
＿＿＿＿＿＿＿＿＿＿
＿＿＿＿＿＿＿＿＿＿
＿＿＿＿＿＿＿＿＿＿
＿＿＿＿＿＿＿＿＿＿
＿＿＿＿＿◆◆＿＿＿
＿＿＿＿＿◆◆＿＿＿
＿＿＿＿＿□■＿＿＿
＿◆＿＿◆□■＿＿＿
＿◆◆◆◆□◆＿＿＿
◆□◆□□□□＿＿＿
◆□□□□□□□＿◆
□□□□□□□□■◆
□□□■□□□■□□
□＿□□□□□□□□
□□□□＿＿□□□□
□□□□＿□□□□□
＿□□＿□□□□□□
□□□□□□＿□□□
00:29:46(53581f):field(53580f)
＿＿＿＿＿＿＿＿＿＿
＿＿＿＿＿＿＿＿＿＿
＿＿＿＿＿＿＿＿＿＿
＿＿＿＿＿＿＿＿＿＿
＿＿＿＿＿＿＿＿＿＿
＿＿＿＿＿＿＿＿＿＿
＿＿＿＿＿＿＿＿＿＿
＿＿＿＿＿＿＿＿＿＿
＿＿＿＿＿□□＿＿＿
＿＿＿■＿□□＿＿＿
＿＿＿■■□＿＿＿＿
＿□＿□□□◆＿＿＿
＿□□□□□□◆＿＿
□□□□□□□□□＿
□□□◆□□□◆□□
□＿□□□□□□□□
□□□□＿＿□□□□
□□□□＿□□□□□
＿□□＿□□□□□□
□□□□□□＿□□□
00:29:46(53595f):field(53594f)
＿＿＿＿＿＿＿＿＿＿
＿＿＿＿＿＿＿＿＿＿
＿＿＿＿＿＿＿＿＿＿
＿＿＿＿＿＿＿＿＿＿
＿＿＿＿＿＿＿＿＿＿
＿＿＿＿＿＿＿＿＿＿
＿＿＿＿＿＿＿＿＿＿
＿＿＿＿＿＿＿＿＿＿
＿＿＿＿＿◆◆＿＿＿
＿＿＿◆＿□□＿＿＿
＿＿＿□◆□■＿＿＿
＿◆＿□□□＿＿＿■
■□□□□□◆＿＿■
◆□□□□□□◆◆■
□□□＿□□□＿□□
□■□□□□□□□□
□□□□＿＿□□□□
□□□□＿□□□□□
＿□□＿□□□□□□
□□□□□□＿□□□
00:29:46(53608f):field(53607f)
＿＿＿＿＿＿＿＿＿＿
＿＿＿＿＿＿＿＿＿＿
＿＿＿＿＿＿＿＿＿＿
＿＿＿＿＿＿＿＿＿＿
＿＿＿＿＿＿＿＿＿＿
＿＿＿＿＿＿＿＿＿＿
＿＿＿＿＿＿＿＿＿＿
＿＿＿＿＿＿＿＿＿＿
＿＿＿＿＿＿＿＿＿＿
＿＿＿＿＿□□＿＿＿
＿＿＿□＿□□＿＿＿
＿＿＿□□□＿＿＿□
◆□◆□□□＿＿■□
＿□□□□□□■■□
□□□＿□□□■□□
□◆□□□□□□□□
□□□□＿＿□□□□
□□□□＿□□□□□
＿□□＿□□□□□□
□□□□□□＿□□□
00:29:47(53622f):field(53621f)
＿＿＿＿＿＿＿＿＿＿
＿＿＿＿＿＿＿＿＿＿
＿＿＿＿＿＿＿＿＿＿
＿＿＿＿＿＿＿＿＿＿
＿＿＿＿＿＿＿＿＿＿
＿＿＿＿＿＿＿＿＿＿
＿＿＿＿＿＿＿＿＿＿
＿＿＿＿＿＿＿＿＿＿
＿＿＿＿■■＿＿＿＿
＿＿＿＿■□□＿＿＿
＿＿＿□■□□＿＿＿
＿＿＿□□□＿＿＿□
＿□＿□□□＿＿□□
＿□□□□□□□□□
□□□＿□□□□□□
□＿□□□□□□□□
□□□□＿＿□□□□
□□□□＿□□□□□
＿□□＿□□□□□□
□□□□□□＿□□□
00:29:47(53636f):field(53635f)
＿＿＿＿＿＿＿＿＿＿
＿＿＿＿＿＿＿＿＿＿
＿＿＿＿＿＿＿＿＿＿
＿＿＿＿＿＿＿＿＿＿
＿＿＿＿＿＿＿＿＿＿
＿＿＿＿＿＿＿＿＿＿
＿＿＿＿＿＿＿＿＿＿
＿＿＿＿＿＿＿＿＿＿
＿＿＿＿□□＿＿＿＿
＿＿＿＿□□□＿＿＿
＿＿＿□□□□＿＿＿
■■■□□□＿＿＿□
■□＿□□□＿＿□□
＿□□□□□□□□□
□□□＿□□□□□□
□＿□□□□□□□□
□□□□＿＿□□□□
□□□□＿□□□□□
＿□□＿□□□□□□
□□□□□□＿□□□
00:29:48(53650f):field(53649f)
＿＿＿＿＿＿＿＿＿＿
＿＿＿＿＿＿＿＿＿＿
＿＿＿＿＿＿＿＿＿＿
＿＿＿＿＿＿＿＿＿＿
＿＿＿＿＿＿＿＿＿＿
＿＿＿＿＿＿＿＿＿＿
＿＿＿＿＿＿＿＿＿＿
＿＿＿＿＿＿＿＿＿＿
＿＿＿＿□□■■■＿
＿＿＿＿□□□■＿＿
＿＿＿□□□□＿＿＿
□□□□□□＿＿＿□
□□＿□□□＿＿□□
＿□□□□□□□□□
□□□＿□□□□□□
□＿□□□□□□□□
□□□□＿＿□□□□
□□□□＿□□□□□
＿□□＿□□□□□□
□□□□□□＿□□□
00:29:48(53663f):field(53662f)
＿＿＿＿＿＿＿＿＿＿
＿＿＿＿＿＿＿＿＿＿
＿＿＿＿＿＿＿＿＿＿
＿＿＿＿＿＿＿＿＿＿
＿＿＿＿＿＿＿＿＿＿
＿＿＿＿＿＿＿＿＿＿
＿＿＿＿＿＿＿＿■■
＿＿＿＿＿＿＿＿■■
＿＿＿＿□□□□□＿
＿＿＿＿□□□□＿＿
＿＿＿□□□□＿＿＿
□□□□□□＿＿＿□
□□＿□□□＿＿□□
＿□□□□□□□□□
□□□＿□□□□□□
□＿□□□□□□□□
□□□□＿＿□□□□
□□□□＿□□□□□
＿□□＿□□□□□□
□□□□□□＿□□□
00:29:49(53677f):field(53676f)
＿＿＿＿＿＿＿＿＿＿
＿＿＿＿＿＿＿＿＿＿
＿＿＿＿＿＿＿＿＿＿
＿＿＿＿＿＿＿＿＿＿
＿＿＿＿＿＿＿＿＿＿
＿＿＿＿＿＿＿＿＿＿
＿＿＿＿＿＿＿＿□□
＿＿＿＿＿＿＿＿□□
＿＿＿＿□□□□□＿
■■■■□□□□＿＿
＿＿＿□□□□＿＿＿
□□□□□□＿＿＿□
□□＿□□□＿＿□□
＿□□□□□□□□□
□□□＿□□□□□□
□＿□□□□□□□□
□□□□＿＿□□□□
□□□□＿□□□□□
＿□□＿□□□□□□
□□□□□□＿□□□
00:29:49(53695f):field(53694f)
＿＿＿＿＿＿＿＿＿＿
＿＿＿＿＿＿＿＿＿＿
＿＿＿＿＿＿＿＿＿＿
＿＿＿＿＿＿＿＿＿＿
＿＿＿＿＿＿＿＿＿＿
＿＿＿＿＿＿＿＿＿＿
＿＿＿＿＿＿＿＿□□
＿＿＿■■＿＿＿□□
＿＿■■□□□□□＿
□□□□□□□□＿＿
＿＿＿□□□□＿＿＿
□□□□□□＿＿＿□
□□＿□□□＿＿□□
＿□□□□□□□□□
□□□＿□□□□□□
□＿□□□□□□□□
□□□□＿＿□□□□
□□□□＿□□□□□
＿□□＿□□□□□□
□□□□□□＿□□□
00:29:50(53707f):field(53706f)
＿＿＿＿＿＿＿＿＿＿
＿＿＿＿＿＿＿＿＿＿
＿＿＿＿＿＿＿＿＿＿
＿＿＿＿＿＿＿＿＿＿
＿＿＿＿＿＿＿＿＿＿
＿＿＿＿＿＿＿＿＿＿
■＿＿＿＿＿＿＿□□
■＿＿□□＿＿＿□□
■■□□□□□□□＿
□□□□□□□□＿＿
＿＿＿□□□□＿＿＿
□□□□□□＿＿＿□
□□＿□□□＿＿□□
＿□□□□□□□□□
□□□＿□□□□□□
□＿□□□□□□□□
□□□□＿＿□□□□
□□□□＿□□□□□
＿□□＿□□□□□□
□□□□□□＿□□□
00:29:50(53720f):field(53719f)
＿＿＿＿＿＿＿＿＿＿
＿＿＿＿＿＿＿＿＿＿
＿＿＿＿＿＿＿＿＿＿
＿＿＿＿＿＿＿＿＿＿
＿＿＿＿＿＿＿＿＿＿
＿＿＿＿＿＿＿＿＿＿
□＿＿＿＿■＿＿□□
□＿＿□□■■■□□
□□□□□□□□□＿
□□□□□□□□＿＿
＿＿＿□□□□＿＿＿
□□□□□□＿＿＿□
□□＿□□□＿＿□□
＿□□□□□□□□□
□□□＿□□□□□□
□＿□□□□□□□□
□□□□＿＿□□□□
□□□□＿□□□□□
＿□□＿□□□□□□
□□□□□□＿□□□
00:29:51(53734f):field(53733f)
＿＿＿＿＿＿＿＿＿＿
＿＿＿＿＿＿＿＿＿＿
＿＿＿＿＿＿＿＿＿＿
＿＿＿＿＿＿＿＿＿＿
＿＿＿＿＿＿＿＿＿＿
＿＿＿＿＿■■＿＿＿
□＿＿＿＿□■■□□
□＿＿□□□□□□□
□□□□□□□□□＿
□□□□□□□□＿＿
＿＿＿□□□□＿＿＿
□□□□□□＿＿＿□
□□＿□□□＿＿□□
＿□□□□□□□□□
□□□＿□□□□□□
□＿□□□□□□□□
□□□□＿＿□□□□
□□□□＿□□□□□
＿□□＿□□□□□□
□□□□□□＿□□□
00:29:51(53746f):field(53745f)
＿＿＿＿＿＿＿＿＿＿
＿＿＿＿＿＿＿＿＿＿
＿＿＿＿＿＿＿＿＿＿
＿＿＿＿＿＿＿＿＿＿
＿＿＿＿＿＿＿＿＿＿
＿＿＿＿＿□□＿＿＿
□■■■＿□□□□□
□＿■□□□□□□□
□□□□□□□□□＿
□□□□□□□□＿＿
＿＿＿□□□□＿＿＿
□□□□□□＿＿＿□
□□＿□□□＿＿□□
＿□□□□□□□□□
□□□＿□□□□□□
□＿□□□□□□□□
□□□□＿＿□□□□
□□□□＿□□□□□
＿□□＿□□□□□□
□□□□□□＿□□□
00:29:51(53757f):field(53756f)
＿＿＿＿＿＿＿＿＿＿
＿＿＿＿＿＿＿＿＿＿
＿＿＿＿＿＿＿＿＿＿
＿＿＿＿＿＿＿＿＿＿
＿＿＿＿■＿＿＿＿＿
＿■＿＿■◆◆＿＿＿
◆◆◆◆■□□◆□◆
□＿□□□□□□□□
□□□□□□□□□＿
□□□□□□□□＿＿
＿＿＿□□□□＿＿＿
□□□□□□＿＿＿□
□□＿□□□＿＿□□
＿□□□□□□□□□
□□□＿□□□□□□
□＿□□□□□□□□
□□□□＿＿□□□□
□□□□＿□□□□□
＿□□＿□□□□□□
□□□□□□＿□□□
00:29:52(53770f):field(53769f)
＿＿＿＿＿＿＿＿＿＿
＿＿＿＿＿＿＿＿＿＿
＿＿＿＿＿＿＿＿＿＿
＿＿＿＿＿＿＿＿＿＿
＿＿＿＿□■■＿＿＿
＿◆＿＿□■■＿＿＿
＿＿＿＿□□□＿◆＿
□＿□□□□□□□□
□□□□□□□□□＿
□□□□□□□□＿＿
＿＿＿□□□□＿＿＿
□□□□□□＿＿＿□
□□＿□□□＿＿□□
＿□□□□□□□□□
□□□＿□□□□□□
□＿□□□□□□□□
□□□□＿＿□□□□
□□□□＿□□□□□
＿□□＿□□□□□□
□□□□□□＿□□□
00:29:52(53782f):field(53781f)
＿＿＿＿＿＿＿＿＿＿
＿＿＿＿＿＿＿＿＿＿
＿＿＿＿＿＿＿＿＿＿
＿＿＿＿＿＿＿＿＿＿
＿＿＿＿◆◆◆＿＿＿
＿＿＿＿□□□＿＿＿
■＿■＿□□□＿＿＿
□■◆□□□□◆◆◆
□□□□□□□□□＿
□□□□□□□□＿■
＿＿＿□□□□＿＿＿
□□□□□□＿＿＿□
□□＿□□□＿＿□□
＿□□□□□□□□□
□□□＿□□□□□□
□＿□□□□□□□□
□□□□＿＿□□□□
□□□□＿□□□□□
＿□□＿□□□□□□
□□□□□□＿□□□
00:29:53(53795f):field(53794f)
＿＿＿＿＿＿＿＿＿＿
＿＿＿＿＿＿＿＿＿＿
＿＿＿＿＿＿＿＿＿＿
＿＿＿＿＿＿＿＿＿＿
＿＿＿＿＿＿＿＿＿＿
＿＿＿■□□□＿＿＿
□＿◆■□□□＿＿＿
□□■□□□□＿＿＿
□□□□□□□□□＿
□□□□□□□□＿◆
＿＿＿□□□□＿＿＿
□□□□□□＿＿＿□
□□＿□□□＿＿□□
＿□□□□□□□□□
□□□＿□□□□□□
□＿□□□□□□□□
□□□□＿＿□□□□
□□□□＿□□□□□
＿□□＿□□□□□□
□□□□□□＿□□□
00:29:53(53809f):field(53808f)
＿＿＿＿＿＿＿＿＿＿
＿＿＿＿＿＿＿＿＿＿
＿＿＿＿＿＿＿＿＿＿
＿＿＿＿＿＿＿＿＿＿
＿＿＿＿＿＿＿＿＿＿
＿＿＿□□□□■＿＿
□＿＿□□□□■＿＿
□□□□□□□■■＿
□□□□□□□□□＿
□□□□□□□□＿＿
＿＿＿□□□□＿＿＿
□□□□□□＿＿＿□
□□＿□□□＿＿□□
＿□□□□□□□□□
□□□＿□□□□□□
□＿□□□□□□□□
□□□□＿＿□□□□
□□□□＿□□□□□
＿□□＿□□□□□□
□□□□□□＿□□□
00:29:54(53821f):field(53820f)
＿＿＿＿＿＿＿＿＿＿
＿＿＿＿＿＿＿＿＿＿
＿＿＿＿＿＿＿＿＿＿
＿＿＿＿＿＿＿＿＿＿
＿＿＿＿＿＿＿＿＿＿
＿＿＿◆◆◆◆◆＿＿
◆＿＿◆◆◆□◆＿＿
◆□□□□□□□◆■
□◆□□□□□□□＿
□□□□□□□□■■
＿■＿□□□□＿＿■
□□□□□□＿＿＿□
□□＿□□□＿＿□□
＿□□□□□□□□□
□□□＿□□□□□□
□＿□□□□□□□□
□□□□＿＿□□□□
□□□□＿□□□□□
＿□□＿□□□□□□
□□□□□□＿□□□
00:29:54(53832f):field(53831f)
＿＿＿＿＿＿＿＿＿＿
＿＿＿＿＿＿＿＿＿＿
＿＿＿＿＿＿＿＿＿＿
＿＿＿＿＿＿＿＿＿＿
＿＿＿＿＿＿＿＿＿＿
＿＿＿＿＿＿＿＿＿＿
＿＿＿＿＿＿◆＿＿＿
＿◆◆□□□□□■□
□＿◆□□□□□□■
□□□□□□□□◆□
＿◆＿□□□□＿＿□
□□□□□□＿＿＿□
□□＿□□□＿＿□□
＿□□□□□□□□□
□□□＿□□□□□□
□＿□□□□□□□□
□□□□＿＿□□□□
□□□□＿□□□□□
＿□□＿□□□□□□
□□□□□□＿□□□
00:29:54(53845f):field(53844f)
＿＿＿＿＿＿＿＿＿＿
＿＿＿＿＿＿＿＿＿＿
＿＿＿＿＿＿＿＿＿＿
＿＿＿＿＿＿＿＿＿＿
＿＿＿＿＿＿＿＿＿＿
＿＿＿＿＿＿＿＿＿＿
＿＿■＿＿＿＿＿＿＿
■■＿□◆◆□◆◆□
□■■□□□□□□□
□□□□□□□□＿□
＿＿＿□□□□＿＿□
□□□□□□＿＿＿□
□□＿□□□＿＿□□
＿□□□□□□□□□
□□□＿□□□□□□
□＿□□□□□□□□
□□□□＿＿□□□□
□□□□＿□□□□□
＿□□＿□□□□□□
□□□□□□＿□□□
00:29:55(53855f):field(53854f)
＿＿＿＿＿＿＿＿＿＿
＿＿＿＿＿＿＿＿＿＿
＿＿＿＿＿＿＿＿＿＿
＿＿＿＿＿＿＿＿＿＿
＿＿＿＿＿＿＿＿＿＿
＿＿＿＿＿＿＿＿＿＿
＿＿◆＿＿＿＿＿＿＿
◆◆＿□＿■◆＿＿◆
◆□□□◆◆□◆◆◆
□□□□□□□□＿□
＿■＿□□□□■＿□
□□□□□□＿＿＿□
□□＿□□□＿＿□□
＿□□□□□□□□□
□□□＿□□□□□□
□＿□□□□□□□□
□□□□＿＿□□□□
□□□□＿□□□□□
＿□□＿□□□□□□
□□□□□□＿□□□
00:29:55(53869f):field(53868f)
＿＿＿＿＿＿＿＿＿＿
＿＿＿＿＿＿＿＿＿＿
＿＿＿＿＿＿＿＿＿＿
＿＿＿＿＿＿＿＿＿＿
＿＿＿＿＿＿＿＿＿＿
＿＿＿＿＿＿＿＿＿＿
＿＿＿＿＿＿＿＿＿＿
＿＿＿◆＿◆＿＿＿＿
■◆◆□＿＿◆■■＿
◆□□□◆◆□□■□
■◆＿□□□□◆＿□
□□□□□□＿＿＿□
□□＿□□□＿＿□□
＿□□□□□□□□□
□□□＿□□□□□□
□＿□□□□□□□□
□□□□＿＿□□□□
□□□□＿□□□□□
＿□□＿□□□□□□
□□□□□□＿□□□
00:29:56(53880f):field(53879f)
＿＿＿＿＿＿＿＿＿＿
＿＿＿＿＿＿＿＿＿＿
＿＿＿＿＿＿＿＿＿＿
＿＿＿＿＿＿＿＿＿＿
＿＿＿＿＿＿＿＿＿＿
＿＿＿＿＿＿＿＿＿＿
＿＿＿＿＿＿＿＿＿＿
＿＿＿＿＿＿＿＿＿＿
◆＿＿□＿＿■□◆＿
＿◆□□■■□□□◆
◆＿＿□□□□＿＿□
□□□□□□＿＿＿□
□□＿□□□＿＿□□
＿□□□□□□□□□
□□□＿□□□□□□
□＿□□□□□□□□
□□□□＿＿□□□□
□□□□＿□□□□□
＿□□＿□□□□□□
□□□□□□＿□□□
00:29:56(53890f):field(53889f)
＿＿＿＿＿＿＿＿＿＿
＿＿＿＿＿＿＿＿＿＿
＿＿＿＿＿＿＿＿＿＿
＿＿＿＿＿＿＿＿＿＿
＿＿＿＿＿＿＿＿＿＿
＿＿＿＿＿＿＿＿＿＿
＿＿＿＿＿＿＿＿＿＿
＿＿＿＿■■＿＿＿＿
＿＿＿□■■□□＿＿
＿＿□□□□□□□＿
＿＿＿□□□□＿＿□
□□□□□□＿＿＿□
□□＿□□□＿＿□□
＿□□□□□□□□□
□□□＿□□□□□□
□＿□□□□□□□□
□□□□＿＿□□□□
□□□□＿□□□□□
＿□□＿□□□□□□
□□□□□□＿□□□
00:29:56(53904f):field(53903f)
＿＿＿＿＿＿＿＿＿＿
＿＿＿＿＿＿＿＿＿＿
＿＿＿＿＿＿＿＿＿＿
＿＿＿＿＿＿＿＿＿＿
＿＿＿＿＿＿＿＿＿＿
＿＿＿＿＿＿＿＿＿＿
＿＿＿＿＿＿＿＿＿＿
＿＿＿＿□□＿＿＿＿
＿＿＿□□□□□＿＿
■＿□□□□□□□＿
■■■□□□□＿＿□
□□□□□□＿＿＿□
□□＿□□□＿＿□□
＿□□□□□□□□□
□□□＿□□□□□□
□＿□□□□□□□□
□□□□＿＿□□□□
□□□□＿□□□□□
＿□□＿□□□□□□
□□□□□□＿□□□
00:29:57(53917f):field(53916f)
＿＿＿＿＿＿＿＿＿＿
＿＿＿＿＿＿＿＿＿＿
＿＿＿＿＿＿＿＿＿＿
＿＿＿＿＿＿＿＿＿＿
＿＿＿＿＿＿＿＿＿＿
＿＿＿＿＿＿＿＿＿＿
＿＿＿＿＿＿＿＿＿＿
＿＿＿＿□□＿＿＿＿
■■■□□□□□＿＿
□■□□□□□□□＿
□□□□□□□＿＿□
□□□□□□＿＿＿□
□□＿□□□＿＿□□
＿□□□□□□□□□
□□□＿□□□□□□
□＿□□□□□□□□
□□□□＿＿□□□□
□□□□＿□□□□□
＿□□＿□□□□□□
□□□□□□＿□□□
00:29:57(53930f):field(53929f)
＿＿＿＿＿＿＿＿＿＿
＿＿＿＿＿＿＿＿＿＿
＿＿＿＿＿＿＿＿＿＿
＿＿＿＿＿＿＿＿＿＿
＿＿＿＿＿＿＿＿＿＿
＿＿＿＿＿＿＿＿＿＿
＿＿＿＿＿＿＿＿＿＿
＿＿＿＿◆◆＿＿＿■
◆◆□◆□□◆◆＿■
□□□□□□□□◆■
□□□□□□□＿＿□
□□□□□□■＿＿□
□□＿□□□＿＿□□
＿□□□□□□□□□
□□□＿□□□□□□
□＿□□□□□□□□
□□□□＿＿□□□□
□□□□＿□□□□□
＿□□＿□□□□□□
□□□□□□＿□□□
00:29:58(53943f):field(53942f)
＿＿＿＿＿＿＿＿＿＿
＿＿＿＿＿＿＿＿＿＿
＿＿＿＿＿＿＿＿＿＿
＿＿＿＿＿＿＿＿＿＿
＿＿＿＿＿＿＿＿＿＿
＿＿＿＿＿＿＿＿＿＿
■＿＿＿＿＿＿＿＿＿
■＿＿＿＿＿＿＿＿□
■■◆＿□□＿＿＿□
□□□□□□□□＿□
□□□□□□□＿＿□
□□□□□□◆＿＿□
□□＿□□□＿＿□□
＿□□□□□□□□□
□□□＿□□□□□□
□＿□□□□□□□□
□□□□＿＿□□□□
□□□□＿□□□□□
＿□□＿□□□□□□
□□□□□□＿□□□
00:29:58(53955f):field(53954f)
＿＿＿＿＿＿＿＿＿＿
＿＿＿＿＿＿＿＿＿＿
＿＿＿＿＿＿＿＿＿＿
＿＿＿＿＿＿＿＿＿＿
＿＿＿＿＿＿＿＿＿＿
＿＿＿＿＿＿＿＿＿＿
□＿＿＿＿＿＿＿＿＿
□＿■■＿＿＿＿＿□
□□■■□□＿＿＿□
□□□□□□□□＿□
□□□□□□□＿＿□
□□□□□□＿＿＿□
□□＿□□□＿＿□□
＿□□□□□□□□□
□□□＿□□□□□□
□＿□□□□□□□□
□□□□＿＿□□□□
□□□□＿□□□□□
＿□□＿□□□□□□
□□□□□□＿□□□
00:29:58(53967f):field(53966f)
＿＿＿＿＿＿＿＿＿＿
＿＿＿＿＿＿＿＿＿＿
＿＿＿＿＿＿＿＿＿＿
＿＿＿＿＿＿＿＿＿＿
＿＿＿＿＿＿＿＿＿＿
＿＿＿＿＿＿＿＿＿＿
◆＿＿＿＿＿＿＿＿＿
□＿◆◆＿＿＿＿＿◆
□□□□◆◆■■＿□
□□□□□□◆□■□
□□□□□□□＿■□
□□□□□□＿＿＿□
□□＿□□□＿＿□□
＿□□□□□□□□□
□□□＿□□□□□□
□＿□□□□□□□□
□□□□＿＿□□□□
□□□□＿□□□□□
＿□□＿□□□□□□
□□□□□□＿□□□
00:29:59(53979f):field(53978f)
＿＿＿＿＿＿＿＿＿＿
＿＿＿＿＿＿＿＿＿＿
＿＿＿＿＿＿＿＿＿＿
＿＿＿＿＿＿＿＿＿＿
＿＿＿＿＿＿＿＿＿＿
＿＿＿＿＿＿＿＿＿＿
＿＿＿＿＿＿＿＿＿＿
□＿＿■■＿＿＿＿＿
□◆□□■■◆□＿□
□□□□□□＿□□□
□□□□□□□＿◆□
□□□□□□＿＿＿□
□□＿□□□＿＿□□
＿□□□□□□□□□
□□□＿□□□□□□
□＿□□□□□□□□
□□□□＿＿□□□□
□□□□＿□□□□□
＿□□＿□□□□□□
□□□□□□＿□□□
00:30:00(54001f):field(54000f)
＿＿＿＿＿＿＿＿＿＿
＿＿＿＿＿＿＿＿＿＿
＿＿＿＿＿＿＿＿＿＿
＿＿＿＿＿＿＿＿＿＿
＿＿＿＿＿＿＿＿＿＿
＿＿＿＿＿＿＿＿＿＿
＿＿＿＿＿＿＿＿＿＿
◆＿＿◆◆＿＿＿＿＿
□＿◆□□◆■□＿◆
□◆□□□□■□◆□
□□□□□□□＿＿□
□□□□□□＿＿■□
□□＿□□□＿＿□□
＿□□□□□□□□□
□□□＿□□□□□□
□＿□□□□□□□□
□□□□＿＿□□□□
□□□□＿□□□□□
＿□□＿□□□□□□
□□□□□□＿□□□
00:30:00(54014f):field(54013f)
＿＿＿＿＿＿＿＿＿＿
＿＿＿＿＿＿＿＿＿＿
＿＿＿＿＿＿＿＿＿＿
＿＿＿＿＿＿＿＿＿＿
＿＿＿＿＿＿＿＿＿＿
＿＿＿＿＿■＿＿＿＿
＿＿＿＿＿■＿＿＿＿
＿＿＿＿＿■＿＿＿＿
□＿＿□□■□□＿＿
□＿□□□□□□＿□
□□□□□□□＿＿□
□□□□□□＿＿◆□
□□＿□□□＿＿□□
＿□□□□□□□□□
□□□＿□□□□□□
□＿□□□□□□□□
□□□□＿＿□□□□
□□□□＿□□□□□
＿□□＿□□□□□□
□□□□□□＿□□□
00:30:00(54025f):field(54024f)
＿＿＿＿＿＿＿＿＿＿
＿＿＿＿＿＿＿＿＿＿
＿＿＿＿＿＿＿＿＿＿
＿＿＿＿＿＿＿＿＿＿
＿＿＿＿＿＿＿＿＿＿
＿＿＿＿＿□＿＿＿＿
＿＿＿＿＿□＿＿＿＿
＿＿■■■□＿＿＿＿
□＿■□□□□□＿＿
□＿□□□□□□＿□
□□□□□□□＿＿□
□□□□□□＿＿＿□
□□＿□□□＿＿□□
＿□□□□□□□□□
□□□＿□□□□□□
□＿□□□□□□□□
□□□□＿＿□□□□
□□□□＿□□□□□
＿□□＿□□□□□□
□□□□□□＿□□□
00:30:01(54036f):field(54035f)
＿＿＿＿＿＿＿＿＿＿
＿＿＿＿＿＿＿＿＿＿
＿＿＿＿＿＿＿＿＿＿
＿＿＿＿＿＿＿＿＿＿
＿＿＿■＿＿＿＿＿＿
＿＿＿■■□＿＿＿＿
＿＿＿＿■□＿＿＿＿
＿＿□□□□＿＿＿＿
□＿□□□□□□＿＿
□＿□□□□□□＿□
□□□□□□□＿＿□
□□□□□□＿＿＿□
□□＿□□□＿＿□□
＿□□□□□□□□□
□□□＿□□□□□□
□＿□□□□□□□□
□□□□＿＿□□□□
□□□□＿□□□□□
＿□□＿□□□□□□
□□□□□□＿□□□
00:30:01(54052f):field(54051f)
＿＿＿＿＿＿＿＿＿＿
＿＿＿＿＿＿＿＿＿＿
＿＿＿＿＿＿＿＿＿＿
＿＿＿＿＿＿＿＿＿＿
＿＿＿□＿＿＿＿＿＿
＿＿＿□□□＿＿＿＿
＿＿＿＿□□＿＿＿＿
＿＿□□□□＿＿＿■
□＿□□□□□□■■
□＿□□□□□□■□
□□□□□□□＿＿□
□□□□□□＿＿＿□
□□＿□□□＿＿□□
＿□□□□□□□□□
□□□＿□□□□□□
□＿□□□□□□□□
□□□□＿＿□□□□
□□□□＿□□□□□
＿□□＿□□□□□□
□□□□□□＿□□□
00:30:02(54067f):field(54066f)
＿＿＿＿＿＿＿＿＿＿
＿＿＿＿＿＿＿＿＿＿
＿＿＿＿＿＿＿＿＿＿
＿＿＿＿＿＿＿＿＿＿
＿＿＿□＿＿＿＿＿＿
＿＿＿□□□＿＿＿＿
＿＿＿＿□□＿■＿＿
＿＿□□□□■■■□
□＿□□□□□□□□
□＿□□□□□□□□
□□□□□□□＿＿□
□□□□□□＿＿＿□
□□＿□□□＿＿□□
＿□□□□□□□□□
□□□＿□□□□□□
□＿□□□□□□□□
□□□□＿＿□□□□
□□□□＿□□□□□
＿□□＿□□□□□□
□□□□□□＿□□□
00:30:02(54079f):field(54078f)
＿＿＿＿＿＿＿＿＿＿
＿＿＿＿＿＿＿＿＿＿
＿＿＿＿＿＿＿＿＿＿
＿＿＿＿＿＿＿＿＿＿
＿＿＿□＿＿＿＿＿＿
＿＿＿□□□＿＿■■
＿＿＿＿□□＿□■■
＿＿□□□□□□□□
□＿□□□□□□□□
□＿□□□□□□□□
□□□□□□□＿＿□
□□□□□□＿＿＿□
□□＿□□□＿＿□□
＿□□□□□□□□□
□□□＿□□□□□□
□＿□□□□□□□□
□□□□＿＿□□□□
□□□□＿□□□□□
＿□□＿□□□□□□
□□□□□□＿□□□
00:30:03(54090f):field(54089f)
＿＿＿＿＿＿＿＿＿＿
＿＿＿＿＿＿＿＿＿＿
＿＿＿■＿＿＿＿＿＿
＿＿＿■■＿＿＿＿＿
＿＿＿□■＿＿＿＿＿
＿＿＿□□□＿＿□□
＿＿＿＿□□＿□□□
＿＿□□□□□□□□
□＿□□□□□□□□
□＿□□□□□□□□
□□□□□□□＿＿□
□□□□□□＿＿＿□
□□＿□□□＿＿□□
＿□□□□□□□□□
□□□＿□□□□□□
□＿□□□□□□□□
□□□□＿＿□□□□
□□□□＿□□□□□
＿□□＿□□□□□□
□□□□□□＿□□□
00:30:03(54105f):field(54104f)
＿＿＿＿＿＿＿＿＿＿
＿＿＿＿＿＿＿＿＿＿
＿＿＿◆＿＿＿＿＿＿
＿＿＿◆◆＿＿＿＿＿
＿＿＿◆◆＿＿＿＿＿
＿＿＿□◆◆＿＿◆◆
■＿＿■□◆＿◆□◆
＿■◆□□□□◆◆□
□＿◆□□□□□□□
□■□◆□□◆□□□
□□□□□□□■＿□
□□□□□□＿■＿□
□□＿□□□＿＿□□
＿□□□□□□□□□
□□□＿□□□□□□
□＿□□□□□□□□
□□□□＿＿□□□□
□□□□＿□□□□□
＿□□＿□□□□□□
□□□□□□＿□□□
00:30:03(54116f):field(54115f)
＿＿＿＿＿＿＿＿＿＿
＿＿＿＿＿＿＿＿＿＿
＿＿＿＿＿＿＿＿＿＿
＿＿＿＿＿＿＿＿＿＿
＿＿＿＿＿＿＿＿＿＿
＿＿＿□＿＿＿＿＿＿
◆＿＿□□＿■＿◆＿
＿◆＿□□◆□＿＿◆
◆＿＿□□□□◆□□
◆◆◆＿□□■□□□
□□□□□□□◆＿□
□□□□□□＿◆＿□
□□＿□□□＿＿□□
＿□□□□□□□□□
□□□＿□□□□□□
□＿□□□□□□□□
□□□□＿＿□□□□
□□□□＿□□□□□
＿□□＿□□□□□□
□□□□□□＿□□□
00:30:04(54134f):field(54133f)
＿＿＿＿＿＿＿＿＿＿
＿＿＿＿＿＿＿＿＿＿
＿＿＿＿＿＿＿＿＿＿
＿＿＿＿■＿＿＿＿＿
＿＿＿■■＿＿＿＿＿
＿＿＿□■＿＿＿＿＿
＿＿＿□□＿□＿＿＿
＿＿＿□□＿□＿＿＿
＿＿＿□□□□＿□□
＿＿＿＿□□□□□□
□□□□□□□＿＿□
□□□□□□＿＿＿□
□□＿□□□＿＿□□
＿□□□□□□□□□
□□□＿□□□□□□
□＿□□□□□□□□
□□□□＿＿□□□□
□□□□＿□□□□□
＿□□＿□□□□□□
□□□□□□＿□□□
00:30:04(54145f):field(54144f)
＿＿＿＿＿＿＿＿＿＿
＿＿＿＿＿＿＿＿＿＿
＿＿＿＿＿＿＿＿＿＿
＿＿＿＿□＿＿＿＿＿
＿＿＿□□＿＿＿＿＿
＿＿＿□□＿＿＿＿＿
＿＿＿□□＿□＿■＿
＿＿＿□□＿□■■＿
＿＿＿□□□□■□□
＿＿＿＿□□□□□□
□□□□□□□＿＿□
□□□□□□＿＿＿□
□□＿□□□＿＿□□
＿□□□□□□□□□
□□□＿□□□□□□
□＿□□□□□□□□
□□□□＿＿□□□□
□□□□＿□□□□□
＿□□＿□□□□□□
□□□□□□＿□□□
00:30:05(54159f):field(54158f)
＿＿＿＿＿＿＿＿＿＿
＿＿＿＿＿＿＿＿＿＿
＿＿＿＿＿＿＿＿＿＿
＿＿＿＿□＿＿＿＿＿
＿＿＿□□＿＿＿＿＿
＿＿＿□□■■＿＿＿
＿＿＿□□■□＿□＿
＿＿＿□□■□□□＿
＿＿＿□□□□□□□
＿＿＿＿□□□□□□
□□□□□□□＿＿□
□□□□□□＿＿＿□
□□＿□□□＿＿□□
＿□□□□□□□□□
□□□＿□□□□□□
□＿□□□□□□□□
□□□□＿＿□□□□
□□□□＿□□□□□
＿□□＿□□□□□□
□□□□□□＿□□□
00:30:05(54170f):field(54169f)
＿＿＿＿＿＿＿＿＿＿
＿＿＿＿＿＿＿＿＿＿
＿＿＿＿＿＿＿＿＿＿
＿＿＿＿□■■＿＿＿
＿＿＿□□■■＿＿＿
＿＿＿□□□□＿＿＿
＿＿＿□□□□＿□＿
＿＿＿□□□□□□＿
＿＿＿□□□□□□□
＿＿＿＿□□□□□□
□□□□□□□＿＿□
□□□□□□＿＿＿□
□□＿□□□＿＿□□
＿□□□□□□□□□
□□□＿□□□□□□
□＿□□□□□□□□
□□□□＿＿□□□□
□□□□＿□□□□□
＿□□＿□□□□□□
□□□□□□＿□□□
00:30:06(54191f):field(54190f)
＿＿＿＿＿＿＿＿＿＿
＿＿＿＿＿＿＿＿＿＿
＿＿＿＿＿＿＿＿＿＿
＿＿＿＿□□□＿＿＿
＿＿＿□□□□＿＿＿
＿＿＿□□□□＿＿＿
＿＿＿□□□□＿□＿
＿＿■□□□□□□＿
＿＿■□□□□□□□
＿＿■■□□□□□□
□□□□□□□＿＿□
□□□□□□＿＿＿□
□□＿□□□＿＿□□
＿□□□□□□□□□
□□□＿□□□□□□
□＿□□□□□□□□
□□□□＿＿□□□□
□□□□＿□□□□□
＿□□＿□□□□□□
□□□□□□＿□□□
00:30:06(54206f):field(54205f)
＿＿＿＿＿＿＿＿＿＿
＿＿＿＿＿＿＿＿＿＿
＿＿＿＿＿＿＿＿＿＿
＿＿＿＿◆◆◆＿＿＿
＿＿＿◆□□□＿＿＿
＿＿＿□□□□＿＿＿
＿＿＿□□□□＿◆＿
＿■◆□□□□◆□＿
＿■□□□□□□□◆
＿■□□□□□□□□
□□□□□□□■＿□
□□□□□□＿＿＿□
□□＿□□□＿＿□□
＿□□□□□□□□□
□□□＿□□□□□□
□＿□□□□□□□□
□□□□＿＿□□□□
□□□□＿□□□□□
＿□□＿□□□□□□
□□□□□□＿□□□
00:30:07(54218f):field(54217f)
＿＿＿＿＿＿＿＿＿＿
＿＿＿＿＿＿＿＿＿＿
＿＿＿＿＿＿＿＿＿＿
＿＿＿＿＿＿＿＿＿＿
＿＿＿＿□□□＿＿＿
＿＿＿□□□□＿■＿
＿＿＿□□□□■■＿
＿◆＿□□□□■□＿
＿□□□□□□□□＿
＿□□□□□□□□□
□□□□□□□◆＿□
□□□□□□＿＿＿□
□□＿□□□＿＿□□
＿□□□□□□□□□
□□□＿□□□□□□
□＿□□□□□□□□
□□□□＿＿□□□□
□□□□＿□□□□□
＿□□＿□□□□□□
□□□□□□＿□□□
00:30:07(54231f):field(54230f)
＿＿＿＿＿＿＿＿＿＿
＿＿＿＿＿＿＿＿＿＿
＿＿＿＿＿＿＿＿＿＿
＿＿＿＿＿＿＿＿＿＿
＿＿＿＿◆◆◆＿＿＿
＿＿＿◆□□□＿◆＿
＿＿＿□□□□◆□＿
■＿＿□□□□□□＿
■◆◆□□□□□□＿
■□□□□□□□□□
□□□□□□□＿■□
□□□□□□■＿＿□
□□＿□□□＿＿□□
＿□□□□□□□□□
□□□＿□□□□□□
□＿□□□□□□□□
□□□□＿＿□□□□
□□□□＿□□□□□
＿□□＿□□□□□□
□□□□□□＿□□□
00:30:08(54243f):field(54242f)
＿＿＿＿＿＿＿＿＿＿
＿＿＿＿＿＿＿＿＿＿
＿＿＿＿＿＿＿＿＿＿
＿＿＿＿＿＿＿＿＿＿
＿＿＿＿＿＿＿＿＿＿
＿＿＿＿□□□＿＿＿
＿＿＿□□□□＿□＿
□■■□□□□□□＿
□■■□□□□□□＿
□□□□□□□□□◆
□□□□□□□＿◆□
□□□□□□◆＿＿□
□□＿□□□＿＿□□
＿□□□□□□□□□
□□□＿□□□□□□
□＿□□□□□□□□
□□□□＿＿□□□□
□□□□＿□□□□□
＿□□＿□□□□□□
□□□□□□＿□□□
00:30:08(54260f):field(54259f)
＿＿＿＿＿＿＿＿＿＿
＿＿＿＿＿＿＿＿＿＿
＿＿＿＿＿＿＿＿＿＿
＿＿＿＿＿＿＿＿＿＿
＿＿＿＿＿＿＿＿＿＿
■■■■□□□＿＿＿
＿＿＿□□□□＿□＿
□□□□□□□□□＿
□□□□□□□□□＿
□□□□□□□□□＿
□□□□□□□＿＿□
□□□□□□＿＿＿□
□□＿□□□＿＿□□
＿□□□□□□□□□
□□□＿□□□□□□
□＿□□□□□□□□
□□□□＿＿□□□□
□□□□＿□□□□□
＿□□＿□□□□□□
□□□□□□＿□□□
00:30:09(54273f):field(54272f)
＿＿＿＿＿＿＿＿＿＿
＿＿＿＿＿＿＿＿＿＿
＿＿＿＿＿＿＿＿＿＿
＿＿＿＿＿＿＿＿＿＿
＿＿＿＿＿＿＿■＿＿
□□□□□□□■■＿
＿＿＿□□□□■□＿
□□□□□□□□□＿
□□□□□□□□□＿
□□□□□□□□□＿
□□□□□□□＿＿□
□□□□□□＿＿＿□
□□＿□□□＿＿□□
＿□□□□□□□□□
□□□＿□□□□□□
□＿□□□□□□□□
□□□□＿＿□□□□
□□□□＿□□□□□
＿□□＿□□□□□□
□□□□□□＿□□□
00:30:09(54286f):field(54285f)
＿＿＿＿＿＿＿＿＿＿
＿＿＿＿＿＿＿＿＿＿
＿＿＿＿＿＿＿＿＿＿
＿＿＿＿＿＿■■＿＿
＿＿＿＿＿■■□＿＿
□□□□□□□□□＿
＿＿＿□□□□□□＿
□□□□□□□□□＿
□□□□□□□□□＿
□□□□□□□□□＿
□□□□□□□＿＿□
□□□□□□＿＿＿□
□□＿□□□＿＿□□
＿□□□□□□□□□
□□□＿□□□□□□
□＿□□□□□□□□
□□□□＿＿□□□□
□□□□＿□□□□□
＿□□＿□□□□□□
□□□□□□＿□□□
00:30:10(54301f):field(54300f)
＿＿＿＿＿＿＿＿＿＿
＿＿＿＿＿＿＿＿＿＿
■＿＿＿＿＿＿＿＿＿
■＿＿＿＿＿□□＿＿
■■＿＿＿□□□＿＿
□□□□□□□□□＿
＿＿＿□□□□□□＿
□□□□□□□□□＿
□□□□□□□□□＿
□□□□□□□□□＿
□□□□□□□＿＿□
□□□□□□＿＿＿□
□□＿□□□＿＿□□
＿□□□□□□□□□
□□□＿□□□□□□
□＿□□□□□□□□
□□□□＿＿□□□□
□□□□＿□□□□□
＿□□＿□□□□□□
□□□□□□＿□□□
00:30:10(54311f):field(54310f)
＿＿＿＿＿＿＿＿＿＿
＿＿＿＿＿＿＿＿＿＿
□＿＿＿＿＿＿＿＿＿
□＿＿■■＿□□＿＿
□□＿■■□□□＿＿
□□□□□□□□□＿
＿＿＿□□□□□□＿
□□□□□□□□□＿
□□□□□□□□□＿
□□□□□□□□□＿
□□□□□□□＿＿□
□□□□□□＿＿＿□
□□＿□□□＿＿□□
＿□□□□□□□□□
□□□＿□□□□□□
□＿□□□□□□□□
□□□□＿＿□□□□
□□□□＿□□□□□
＿□□＿□□□□□□
□□□□□□＿□□□
00:30:10(54325f):field(54324f)
＿＿＿＿＿＿＿＿＿＿
＿＿＿＿＿＿＿＿＿＿
□＿＿＿＿■■■＿＿
□＿＿□□■□□＿＿
□□＿□□□□□＿＿
□□□□□□□□□＿
＿＿＿□□□□□□＿
□□□□□□□□□＿
□□□□□□□□□＿
□□□□□□□□□＿
□□□□□□□＿＿□
□□□□□□＿＿＿□
□□＿□□□＿＿□□
＿□□□□□□□□□
□□□＿□□□□□□
□＿□□□□□□□□
□□□□＿＿□□□□
□□□□＿□□□□□
＿□□＿□□□□□□
□□□□□□＿□□□
00:30:11(54338f):field(54337f)
＿＿＿＿＿＿＿＿＿＿
＿＿＿＿＿＿＿＿＿＿
□＿■＿＿□□□＿＿
□■■□□□□□＿＿
□□■□□□□□＿＿
□□□□□□□□□＿
＿＿＿□□□□□□＿
□□□□□□□□□＿
□□□□□□□□□＿
□□□□□□□□□＿
□□□□□□□＿＿□
□□□□□□＿＿＿□
□□＿□□□＿＿□□
＿□□□□□□□□□
□□□＿□□□□□□
□＿□□□□□□□□
□□□□＿＿□□□□
□□□□＿□□□□□
＿□□＿□□□□□□
□□□□□□＿□□□
00:30:11(54356f):field(54355f)
＿＿＿＿＿＿＿＿＿＿
＿＿＿＿＿＿＿＿＿＿
□＿□＿＿□□□■■
□□□□□□□□■＿
□□□□□□□□■＿
□□□□□□□□□＿
＿＿＿□□□□□□＿
□□□□□□□□□＿
□□□□□□□□□＿
□□□□□□□□□＿
□□□□□□□＿＿□
□□□□□□＿＿＿□
□□＿□□□＿＿□□
＿□□□□□□□□□
□□□＿□□□□□□
□＿□□□□□□□□
□□□□＿＿□□□□
□□□□＿□□□□□
＿□□＿□□□□□□
□□□□□□＿□□□
00:30:12(54370f):field(54369f)
＿＿＿＿＿＿＿＿＿＿
＿＿■■＿＿＿＿＿＿
□＿□■■□□□□□
□□□□□□□□□＿
□□□□□□□□□＿
□□□□□□□□□＿
＿＿＿□□□□□□＿
□□□□□□□□□＿
□□□□□□□□□＿
□□□□□□□□□＿
□□□□□□□＿＿□
□□□□□□＿＿＿□
□□＿□□□＿＿□□
＿□□□□□□□□□
□□□＿□□□□□□
□＿□□□□□□□□
□□□□＿＿□□□□
□□□□＿□□□□□
＿□□＿□□□□□□
□□□□□□＿□□□
00:30:13(54404f):game end
