00:44:26(79987f):game start
00:44:28(80040f):field(80039f)
＿＿＿＿＿＿＿＿＿＿
＿＿＿＿＿＿＿＿＿＿
＿＿＿＿＿＿＿＿＿＿
＿＿＿＿＿＿＿＿＿＿
＿＿＿＿＿＿＿＿＿＿
＿＿＿＿＿＿＿＿＿＿
＿＿＿＿＿＿＿＿＿＿
＿＿＿＿＿＿＿＿＿＿
＿＿＿＿＿＿＿＿＿＿
＿＿＿＿＿＿＿＿＿＿
＿＿＿＿＿＿＿＿＿＿
＿＿＿＿＿＿＿＿＿＿
＿＿＿＿＿＿＿＿＿＿
＿＿＿＿＿＿＿＿＿＿
＿＿＿＿＿＿＿＿＿＿
＿＿＿＿＿＿＿＿＿＿
＿＿＿＿＿＿＿＿＿＿
＿＿＿＿＿＿＿＿＿＿
＿＿＿＿＿＿＿＿＿＿
＿＿＿■■■■＿＿＿
00:44:28(80052f):field(80051f)
＿＿＿＿＿＿＿＿＿＿
＿＿＿＿＿＿＿＿＿＿
＿＿＿＿＿＿＿＿＿＿
＿＿＿＿＿＿＿＿＿＿
＿＿＿＿＿＿＿＿＿＿
＿＿＿＿＿＿＿＿＿＿
＿＿＿＿＿＿＿＿＿＿
＿＿＿＿＿＿＿＿＿＿
＿＿＿＿＿＿＿＿＿＿
＿＿＿＿＿＿＿＿＿＿
＿＿＿＿＿＿＿＿＿＿
＿＿＿＿＿＿＿＿＿＿
＿＿＿＿＿＿＿＿＿＿
＿＿＿＿＿＿＿＿＿＿
＿＿＿＿＿＿＿＿＿＿
＿＿＿＿＿＿＿＿＿＿
＿＿＿＿＿＿＿＿＿＿
＿＿＿＿＿＿＿＿＿＿
＿■＿＿＿＿＿＿＿＿
■■■□□□□＿＿＿
00:44:28(80063f):field(80062f)
＿＿＿＿＿＿＿＿＿＿
＿＿＿＿＿＿＿＿＿＿
＿＿＿＿＿＿＿＿＿＿
＿＿＿＿＿＿＿＿＿＿
＿＿＿＿＿＿＿＿＿＿
＿＿＿＿＿＿＿＿＿＿
＿＿＿＿＿＿＿＿＿＿
＿＿＿＿＿＿＿＿＿＿
＿＿＿＿＿＿＿＿＿＿
＿＿＿＿＿＿＿＿＿＿
＿＿＿＿＿＿＿＿＿＿
＿＿＿＿＿＿＿＿＿＿
＿＿＿＿＿＿＿＿＿＿
＿＿＿＿＿＿＿＿＿＿
＿＿＿＿＿＿＿＿＿＿
＿＿＿＿＿＿＿＿＿＿
＿＿＿＿＿＿＿＿＿＿
＿＿■■＿＿＿＿＿＿
＿□■■＿＿＿＿＿＿
□□□□□□□＿＿＿
00:44:29(80076f):field(80075f)
＿＿＿＿＿＿＿＿＿＿
＿＿＿＿＿＿＿＿＿＿
＿＿＿＿＿＿＿＿＿＿
＿＿＿＿＿＿＿＿＿＿
＿＿＿＿＿＿＿＿＿＿
＿＿＿＿＿＿＿＿＿＿
＿＿＿＿＿＿＿＿＿＿
＿＿＿＿＿＿＿＿＿＿
＿＿＿＿＿＿＿＿＿＿
＿＿＿＿＿＿＿＿＿＿
＿＿＿＿＿＿＿＿＿＿
＿＿＿＿＿＿＿＿＿＿
＿＿＿＿＿＿＿＿＿＿
＿＿＿＿＿＿＿＿＿＿
＿＿＿＿＿＿＿＿＿＿
＿＿＿＿＿＿＿＿＿＿
＿＿＿＿＿＿＿＿＿＿
＿＿□□■＿＿＿＿＿
＿□□□■■■＿＿＿
□□□□□□□＿＿＿
00:44:29(80087f):field(80086f)
＿＿＿＿＿＿＿＿＿＿
＿＿＿＿＿＿＿＿＿＿
＿＿＿＿＿＿＿＿＿＿
＿＿＿＿＿＿＿＿＿＿
＿＿＿＿＿＿＿＿＿＿
＿＿＿＿＿＿＿＿＿＿
＿＿＿＿＿＿＿＿＿＿
＿＿＿＿＿＿＿＿＿＿
＿＿＿＿＿＿＿＿＿＿
＿＿＿＿＿＿＿＿＿＿
＿＿＿＿＿＿＿＿＿＿
＿＿＿＿＿＿＿＿＿＿
＿＿＿＿＿＿＿＿＿＿
＿＿＿＿＿＿＿＿＿＿
＿＿＿＿＿＿＿＿＿＿
＿＿＿＿■＿＿＿＿＿
＿＿＿＿■■＿＿＿＿
＿＿□□□■＿＿＿＿
＿□□□□□□＿＿＿
□□□□□□□＿＿＿
00:44:30(80104f):field(80103f)
＿＿＿＿＿＿＿＿＿＿
＿＿＿＿＿＿＿＿＿＿
＿＿＿＿＿＿＿＿＿＿
＿＿＿＿＿＿＿＿＿＿
＿＿＿＿＿＿＿＿＿＿
＿＿＿＿＿＿＿＿＿＿
＿＿＿＿＿＿＿＿＿＿
＿＿＿＿＿＿＿＿＿＿
＿＿＿＿＿＿＿＿＿＿
＿＿＿＿＿＿＿＿＿＿
＿＿＿＿＿＿＿＿＿＿
＿＿＿＿＿＿＿＿＿＿
＿＿＿＿＿＿＿＿＿＿
＿＿＿＿＿＿＿＿＿＿
＿＿＿＿＿＿＿＿＿＿
＿＿＿＿□■■＿＿＿
＿＿＿＿□□■＿＿＿
＿＿□□□□■＿＿＿
＿□□□□□□＿＿＿
□□□□□□□＿＿＿
00:44:30(80118f):field(80117f)
＿＿＿＿＿＿＿＿＿＿
＿＿＿＿＿＿＿＿＿＿
＿＿＿＿＿＿＿＿＿＿
＿＿＿＿＿＿＿＿＿＿
＿＿＿＿＿＿＿＿＿＿
＿＿＿＿＿＿＿＿＿＿
＿＿＿＿＿＿＿＿＿＿
＿＿＿＿＿＿＿＿＿＿
＿＿＿＿＿＿＿＿＿＿
＿＿＿＿＿＿＿＿＿＿
＿＿＿＿＿＿＿＿＿＿
＿＿＿＿＿＿＿＿＿＿
＿＿＿＿＿＿＿＿＿＿
＿＿＿＿＿＿＿＿＿＿
＿＿＿＿＿＿＿＿＿＿
＿＿＿＿□□□＿＿＿
＿＿＿＿□□□■＿＿
＿＿□□□□□■＿＿
＿□□□□□□■＿＿
□□□□□□□■＿＿
00:44:31(80147f):field(80146f)
＿＿＿＿＿＿＿＿＿＿
＿＿＿＿＿＿＿＿＿＿
＿＿＿＿＿＿＿＿＿＿
＿＿＿＿＿＿＿＿＿＿
＿＿＿＿＿＿＿＿＿＿
＿＿＿＿＿＿＿＿＿＿
＿＿＿＿＿＿＿＿＿＿
＿＿＿＿＿＿＿＿＿＿
＿＿＿＿＿＿＿＿＿＿
＿＿＿＿＿＿＿＿＿＿
＿＿＿＿＿＿＿＿＿＿
＿＿＿＿＿＿＿＿＿＿
＿＿＿＿＿＿＿＿＿＿
＿＿＿＿＿＿＿＿＿＿
＿＿＿＿＿＿＿＿＿＿
＿＿■■□□□＿＿＿
■＿■■□□□□＿＿
■■□□□□□□＿＿
■□□□□□□□＿＿
□□□□□□□□＿＿
00:44:32(80169f):field(80168f)
＿＿＿＿＿＿＿＿＿＿
＿＿＿＿＿＿＿＿＿＿
＿＿＿＿＿＿＿＿＿＿
＿＿＿＿＿＿＿＿＿＿
＿＿＿＿＿＿＿＿＿＿
＿＿＿＿＿＿＿＿＿＿
＿＿＿＿＿＿＿＿＿＿
＿＿＿＿＿＿＿＿＿＿
＿＿＿＿＿＿＿＿＿＿
＿＿＿＿＿＿＿＿＿＿
＿＿＿＿＿＿＿＿＿＿
＿＿＿＿＿＿＿＿＿＿
＿＿＿＿＿＿＿＿＿＿
＿＿＿＿＿＿＿＿＿＿
■■■＿＿＿＿＿＿＿
＿■□□□□□＿＿＿
□＿□□□□□□＿＿
□□□□□□□□＿＿
□□□□□□□□＿＿
□□□□□□□□＿＿
00:44:32(80183f):field(80182f)
＿＿＿＿＿＿＿＿＿＿
＿＿＿＿＿＿＿＿＿＿
＿＿＿＿＿＿＿＿＿＿
＿＿＿＿＿＿＿＿＿＿
＿＿＿＿＿＿＿＿＿＿
＿＿＿＿＿＿＿＿＿＿
＿＿＿＿＿＿＿＿＿＿
＿＿＿＿＿＿＿＿＿＿
＿＿＿＿＿＿＿＿＿＿
＿＿＿＿＿＿＿＿＿＿
＿＿＿＿＿＿＿＿＿＿
＿＿＿＿＿＿＿＿＿＿
＿＿＿＿＿＿＿＿＿＿
＿＿■■＿＿＿＿＿＿
□□□■■＿＿＿＿＿
＿□□□□□□＿＿＿
□＿□□□□□□＿＿
□□□□□□□□＿＿
□□□□□□□□＿＿
□□□□□□□□＿＿
00:44:33(80198f):field(80197f)
＿＿＿＿＿＿＿＿＿＿
＿＿＿＿＿＿＿＿＿＿
＿＿＿＿＿＿＿＿＿＿
＿＿＿＿＿＿＿＿＿＿
＿＿＿＿＿＿＿＿＿＿
＿＿＿＿＿＿＿＿＿＿
＿＿＿＿＿＿＿＿＿＿
＿＿＿＿＿＿＿＿＿＿
＿＿＿＿＿＿＿＿＿＿
＿＿＿＿＿＿＿＿＿＿
＿＿＿＿＿＿＿＿＿＿
＿＿＿＿＿＿＿＿＿＿
＿＿＿＿＿＿＿＿＿＿
＿＿□□■■■＿＿＿
□□□□□＿■＿＿＿
＿□□□□□□＿＿＿
□＿□□□□□□＿＿
□□□□□□□□＿＿
□□□□□□□□＿＿
□□□□□□□□＿＿
00:44:33(80215f):field(80214f)
＿＿＿＿＿＿＿＿＿＿
＿＿＿＿＿＿＿＿＿＿
＿＿＿＿＿＿＿＿＿＿
＿＿＿＿＿＿＿＿＿＿
＿＿＿＿＿＿＿＿＿＿
＿＿＿＿＿＿＿＿＿＿
＿＿＿＿＿＿＿＿＿＿
＿＿＿＿＿＿＿＿＿＿
＿＿＿＿＿＿＿＿＿＿
＿＿＿＿＿＿＿＿＿＿
＿＿＿＿＿＿＿＿＿＿
＿＿＿＿＿＿＿＿＿＿
＿＿＿＿＿＿＿＿＿＿
＿＿□□□□□＿＿＿
□□□□□＿□＿＿＿
＿□□□□□□＿＿＿
□＿□□□□□□■＿
□□□□□□□□■＿
□□□□□□□□■＿
□□□□□□□□■＿
00:44:34(80227f):field(80226f)
＿＿＿＿＿＿＿＿＿＿
＿＿＿＿＿＿＿＿＿＿
＿＿＿＿＿＿＿＿＿＿
＿＿＿＿＿＿＿＿＿＿
＿＿＿＿＿＿＿＿＿＿
＿＿＿＿＿＿＿＿＿＿
＿＿＿＿＿＿＿＿＿＿
＿＿＿＿＿＿＿＿＿＿
＿＿＿＿＿＿＿＿＿＿
＿＿＿＿＿＿＿＿＿＿
＿＿＿＿＿＿＿＿＿＿
＿＿＿＿＿＿＿＿＿＿
＿＿＿＿＿＿＿＿＿＿
＿＿□□□□□＿＿＿
□□□□□＿□■■■
＿□□□□□□■＿＿
□＿□□□□□□□＿
□□□□□□□□□＿
□□□□□□□□□＿
□□□□□□□□□＿
00:44:34(80245f):field(80244f)
＿＿＿＿＿＿＿＿＿＿
＿＿＿＿＿＿＿＿＿＿
＿＿＿＿＿＿＿＿＿＿
＿＿＿＿＿＿＿＿＿＿
＿＿＿＿＿＿＿＿＿＿
＿＿＿＿＿＿＿＿＿＿
＿＿＿＿＿＿＿＿＿＿
＿＿＿＿＿＿＿＿＿＿
＿＿＿＿＿＿＿＿＿＿
＿＿＿＿＿＿＿＿＿＿
＿＿＿＿＿＿＿＿＿＿
＿＿＿＿＿＿＿＿＿＿
■■＿＿＿＿＿＿＿＿
■■□□□□□＿＿＿
□□□□□＿□□□□
＿□□□□□□□＿＿
□＿□□□□□□□＿
□□□□□□□□□＿
□□□□□□□□□＿
□□□□□□□□□＿
00:44:35(80258f):field(80257f)
＿＿＿＿＿＿＿＿＿＿
＿＿＿＿＿＿＿＿＿＿
＿＿＿＿＿＿＿＿＿＿
＿＿＿＿＿＿＿＿＿＿
＿＿＿＿＿＿＿＿＿＿
＿＿＿＿＿＿＿＿＿＿
＿＿＿＿＿＿＿＿＿＿
＿＿＿＿＿＿＿＿＿＿
＿＿＿＿＿＿＿＿＿＿
＿＿＿＿＿＿＿＿＿＿
＿＿＿＿＿＿＿＿＿＿
＿■■＿＿＿＿＿＿＿
□□■■＿＿＿＿＿＿
□□□□□□□＿＿＿
□□□□□＿□□□□
＿□□□□□□□＿＿
□＿□□□□□□□＿
□□□□□□□□□＿
□□□□□□□□□＿
□□□□□□□□□＿
00:44:35(80268f):field(80267f)
＿＿＿＿＿＿＿＿＿＿
＿＿＿＿＿＿＿＿＿＿
＿＿＿＿＿＿＿＿＿＿
＿＿＿＿＿＿＿＿＿＿
＿＿＿＿＿＿＿＿＿＿
＿＿＿＿＿＿＿＿＿＿
＿＿＿＿＿＿＿＿＿＿
＿＿＿＿＿＿＿＿＿＿
＿＿＿＿＿＿＿＿＿＿
＿＿＿＿＿＿＿＿＿＿
＿＿＿■＿＿＿＿＿＿
＿□□■■＿＿＿＿＿
□□□□■＿＿＿＿＿
□□□□□□□＿＿＿
□□□□□＿□□□□
＿□□□□□□□＿＿
□＿□□□□□□□＿
□□□□□□□□□＿
□□□□□□□□□＿
□□□□□□□□□＿
00:44:36(80287f):field(80286f)
＿＿＿＿＿＿＿＿＿＿
＿＿＿＿＿＿＿＿＿＿
＿＿＿＿＿＿＿＿＿＿
＿＿＿＿＿＿＿＿＿＿
＿＿＿＿＿＿＿＿＿＿
＿＿＿＿＿＿＿＿＿＿
＿＿＿＿＿＿＿＿＿＿
＿＿＿＿＿＿＿＿＿＿
＿＿＿＿＿＿＿＿＿＿
＿＿＿＿＿＿＿＿＿＿
＿＿＿◆＿＿＿＿＿＿
＿◆◆□◆＿＿＿＿＿
□□□□□＿＿＿＿＿
□□□□□◆◆■＿＿
□□□□□＿□□□□
＿□□□□□□□＿＿
□＿□□□□□□□＿
□□□□□□□□□＿
□□□□□□□□□＿
□□□□□□□□□＿
00:44:37(80311f):field(80310f)
＿＿＿＿＿＿＿＿＿＿
＿＿＿＿＿＿＿＿＿＿
＿＿＿＿＿＿＿＿＿＿
＿＿＿＿＿＿＿＿＿＿
＿＿＿＿＿＿＿＿＿＿
＿＿＿＿＿＿＿＿＿＿
＿＿＿＿＿＿＿＿＿＿
＿＿＿＿＿＿＿＿＿＿
＿＿＿＿＿＿＿＿＿＿
＿＿＿＿＿＿＿＿＿＿
＿＿＿＿■■■＿＿＿
＿＿＿□■＿＿＿＿＿
◆□□□□＿＿＿＿＿
□□□□□＿＿□＿＿
□□□□□＿□□□□
＿□□□□□□□＿＿
□＿□□□□□□□＿
□□□□□□□□□＿
□□□□□□□□□＿
□□□□□□□□□＿
00:44:37(80321f):field(80320f)
＿＿＿＿＿＿＿＿＿＿
＿＿＿＿＿＿＿＿＿＿
＿＿＿＿＿＿＿＿＿＿
＿＿＿＿＿＿＿＿＿＿
＿＿＿＿＿＿＿＿＿＿
＿＿＿＿＿＿＿＿＿＿
＿＿＿＿＿＿＿＿＿＿
＿＿＿＿＿＿＿＿＿＿
＿＿＿＿■■＿＿＿＿
＿＿＿＿■■＿＿＿＿
＿＿＿＿□□□＿＿＿
＿＿＿□□＿＿＿＿＿
＿□□□□＿＿＿＿＿
□□□□□＿＿□＿＿
□□□□□＿□□□□
＿□□□□□□□＿＿
□＿□□□□□□□＿
□□□□□□□□□＿
□□□□□□□□□＿
□□□□□□□□□＿
00:44:38(80340f):field(80339f)
＿＿＿＿＿＿＿＿＿＿
＿＿＿＿＿＿＿＿＿＿
＿＿＿＿＿＿＿＿＿＿
＿＿＿＿＿＿＿＿＿＿
＿＿＿＿＿＿＿＿＿＿
＿＿＿＿＿＿＿＿＿＿
＿＿＿＿＿＿＿＿＿＿
＿＿＿＿＿＿＿＿＿＿
＿＿＿＿□□＿＿＿＿
■＿＿＿□□＿＿＿＿
■＿＿＿□□□＿＿＿
■＿＿□□＿＿＿＿＿
■□□□□＿＿＿＿＿
□□□□□＿＿□＿＿
□□□□□＿□□□□
＿□□□□□□□＿＿
□＿□□□□□□□＿
□□□□□□□□□＿
□□□□□□□□□＿
□□□□□□□□□＿
00:44:38(80353f):field(80352f)
＿＿＿＿＿＿＿＿＿＿
＿＿＿＿＿＿＿＿＿＿
＿＿＿＿＿＿＿＿＿＿
＿＿＿＿＿＿＿＿＿＿
＿＿＿＿＿＿＿＿＿＿
＿＿＿＿＿＿＿＿＿＿
＿＿＿＿＿＿＿＿＿＿
＿＿＿＿＿＿＿＿＿＿
＿＿＿＿□□＿＿＿＿
□＿＿＿□□＿＿＿＿
□＿■■□□□＿＿＿
□■■□□＿＿＿＿＿
□□□□□＿＿＿＿＿
□□□□□＿＿□＿＿
□□□□□＿□□□□
＿□□□□□□□＿＿
□＿□□□□□□□＿
□□□□□□□□□＿
□□□□□□□□□＿
□□□□□□□□□＿
00:44:39(80385f):field(80384f)
＿＿＿＿＿＿＿＿＿＿
＿＿＿＿＿＿＿＿＿＿
＿＿＿＿＿＿＿＿＿＿
＿＿＿＿＿＿＿＿＿＿
＿＿＿＿＿＿＿＿＿＿
＿＿＿＿＿＿＿＿＿＿
＿＿＿＿＿＿＿＿＿＿
＿＿＿＿＿＿＿＿＿＿
＿＿＿＿◆◆＿＿＿＿
◆＿＿＿□□＿＿＿＿
□＿◆◆□□◆＿＿＿
□◆□□□■■＿＿＿
□□□□□＿＿＿＿＿
□□□□□＿■◆＿＿
□□□□□■□□◆◆
＿□□□□□□□＿＿
□＿□□□□□□□＿
□□□□□□□□□＿
□□□□□□□□□＿
□□□□□□□□□＿
00:44:40(80401f):field(80400f)
＿＿＿＿＿＿＿＿＿＿
＿＿＿＿＿＿＿＿＿＿
＿＿＿＿＿＿＿＿＿＿
＿＿＿＿＿＿＿＿＿＿
＿＿＿＿＿＿＿＿＿＿
＿＿＿＿＿＿＿＿＿＿
＿＿＿＿＿＿＿＿＿＿
＿＿＿＿＿＿＿＿＿＿
＿＿＿＿＿＿＿＿＿＿
＿＿＿＿□□＿＿＿＿
□■■■□□＿＿＿＿
□■□□□□□＿＿＿
□□□□□＿＿＿＿＿
□□□□□＿□＿＿＿
□□□□□□□□＿＿
＿□□□□□□□＿＿
□＿□□□□□□□＿
□□□□□□□□□＿
□□□□□□□□□＿
□□□□□□□□□＿
00:44:40(80418f):field(80417f)
＿＿＿＿＿＿＿＿＿＿
＿＿＿＿＿＿＿＿＿＿
＿＿＿＿＿＿＿＿＿＿
＿＿＿＿＿＿＿＿＿＿
＿＿＿＿＿＿＿＿＿＿
＿＿＿＿＿＿＿＿＿＿
＿＿＿＿＿＿＿＿＿＿
＿＿＿＿＿＿＿＿＿＿
＿＿＿＿＿＿＿＿＿＿
＿＿＿＿◆◆＿＿＿＿
◆◆◆◆□□＿＿＿＿
□□□□□□◆＿＿＿
□□□□□■■＿＿＿
□□□□□＿◆＿＿＿
□□□□□◆□◆■＿
＿□□□□□□□■■
□＿□□□□□□□＿
□□□□□□□□□＿
□□□□□□□□□＿
□□□□□□□□□＿
00:44:41(80435f):field(80434f)
＿＿＿＿＿＿＿＿＿＿
＿＿＿＿＿＿＿＿＿＿
＿＿＿＿＿＿＿＿＿＿
＿＿＿＿＿＿＿＿＿＿
＿＿＿＿＿＿＿＿＿＿
＿＿＿＿＿＿＿＿＿＿
＿＿＿＿＿＿＿＿＿＿
＿＿＿＿＿＿＿＿＿＿
＿＿＿＿＿＿＿＿＿＿
＿＿＿＿＿＿＿＿＿＿
＿＿＿＿□□＿＿＿＿
□□□□□□＿＿＿■
□□□□□□□＿＿■
□□□□□＿＿＿＿■
□□□□□＿□＿◆■
＿□□□□□□□□□
□＿□□□□□□□＿
□□□□□□□□□＿
□□□□□□□□□＿
□□□□□□□□□＿
00:44:41(80452f):field(80451f)
＿＿＿＿＿＿＿＿＿＿
＿＿＿＿＿＿＿＿＿＿
＿＿＿＿＿＿＿＿＿＿
＿＿＿＿＿＿＿＿＿＿
＿＿＿＿＿＿＿＿＿＿
＿＿＿＿＿＿＿＿＿＿
＿＿＿＿＿＿＿＿＿＿
＿＿＿＿＿＿＿＿＿＿
＿＿＿＿＿＿＿＿＿＿
＿＿■＿＿＿＿＿＿＿
＿■■■□□＿＿＿＿
□□□□□□＿＿＿□
□□□□□□□＿＿□
□□□□□＿＿＿＿□
□□□□□＿□＿＿□
＿□□□□□□□□□
□＿□□□□□□□＿
□□□□□□□□□＿
□□□□□□□□□＿
□□□□□□□□□＿
00:44:42(80464f):field(80463f)
＿＿＿＿＿＿＿＿＿＿
＿＿＿＿＿＿＿＿＿＿
＿＿＿＿＿＿＿＿＿＿
＿＿＿＿＿＿＿＿＿＿
＿＿＿＿＿＿＿＿＿＿
＿＿＿＿＿＿＿＿＿＿
＿＿＿＿＿＿＿＿＿＿
＿＿＿＿＿＿＿＿＿＿
＿＿■■＿＿＿＿＿＿
＿＿□■■＿＿＿＿＿
＿□□□□□＿＿＿＿
□□□□□□＿＿＿□
□□□□□□□＿＿□
□□□□□＿＿＿＿□
□□□□□＿□＿＿□
＿□□□□□□□□□
□＿□□□□□□□＿
□□□□□□□□□＿
□□□□□□□□□＿
□□□□□□□□□＿
00:44:42(80488f):field(80487f)
＿＿＿＿＿＿＿＿＿＿
＿＿＿＿＿＿＿＿＿＿
＿＿＿＿＿＿＿＿＿＿
＿＿＿＿＿＿＿＿＿＿
＿＿＿＿＿＿＿＿＿＿
＿＿＿＿＿＿＿＿＿＿
＿＿＿＿＿＿＿＿＿＿
＿＿＿＿＿＿＿＿＿＿
＿＿□□＿＿＿＿＿＿
＿＿□□□＿＿＿＿＿
＿□□□□□＿＿＿＿
□□□□□□＿＿＿□
□□□□□□□＿＿□
□□□□□■■■＿□
□□□□□＿□■＿□
＿□□□□□□□□□
□＿□□□□□□□＿
□□□□□□□□□＿
□□□□□□□□□＿
□□□□□□□□□＿
00:44:43(80506f):field(80505f)
＿＿＿＿＿＿＿＿＿＿
＿＿＿＿＿＿＿＿＿＿
＿＿＿＿＿＿＿＿＿＿
＿＿＿＿＿＿＿＿＿＿
＿＿＿＿＿＿＿＿＿＿
＿＿＿＿＿＿＿＿＿＿
＿＿＿＿＿＿＿＿＿＿
＿＿＿＿＿＿＿＿＿＿
＿＿◆◆＿＿＿＿＿＿
＿＿□□◆＿＿＿＿＿
＿◆□□□◆＿＿＿＿
◆□□□□□＿＿＿◆
□□□□□□◆■■□
□□□□□□□□＿□
□□□□□＿□□＿□
＿□□□□□□□□□
□＿□□□□□□□＿
□□□□□□□□□＿
□□□□□□□□□＿
□□□□□□□□□＿
00:44:44(80521f):field(80520f)
＿＿＿＿＿＿＿＿＿＿
＿＿＿＿＿＿＿＿＿＿
＿＿＿＿＿＿＿＿＿＿
＿＿＿＿＿＿＿＿＿＿
＿＿＿＿＿＿＿＿＿＿
＿＿＿＿＿＿＿＿＿＿
＿＿＿＿＿＿＿＿＿＿
＿＿＿＿＿＿＿＿＿＿
＿＿＿＿＿＿＿＿＿＿
＿＿◆◆＿＿＿＿＿＿
＿＿□□◆＿■＿＿＿
＿□□□□◆■＿＿＿
◆□□□□□■◆◆◆
□□□□□□□□＿□
□□□□□＿□□＿□
＿□□□□□□□□□
□＿□□□□□□□＿
□□□□□□□□□＿
□□□□□□□□□＿
□□□□□□□□□＿
00:44:44(80532f):field(80531f)
＿＿＿＿＿＿＿＿＿＿
＿＿＿＿＿＿＿＿＿＿
＿＿＿＿＿＿＿＿＿＿
＿＿＿＿＿＿＿＿＿＿
＿＿＿＿＿＿＿＿＿＿
＿＿＿＿＿＿＿＿＿＿
＿＿＿＿＿＿＿＿＿＿
＿＿＿＿＿＿＿＿＿＿
＿＿＿＿＿＿＿＿＿＿
＿＿＿＿■＿＿＿＿＿
＿＿□□■■□＿＿＿
＿◆□□□■□＿＿＿
＿□□□□□□＿＿＿
□□□□□□□□＿□
□□□□□＿□□＿□
＿□□□□□□□□□
□＿□□□□□□□＿
□□□□□□□□□＿
□□□□□□□□□＿
□□□□□□□□□＿
00:44:45(80551f):field(80550f)
＿＿＿＿＿＿＿＿＿＿
＿＿＿＿＿＿＿＿＿＿
＿＿＿＿＿＿＿＿＿＿
＿＿＿＿＿＿＿＿＿＿
＿＿＿＿＿＿＿＿＿＿
＿＿＿＿＿＿＿＿＿＿
＿＿＿＿＿＿＿＿＿＿
＿＿＿＿＿＿＿＿＿＿
＿＿＿＿＿＿＿＿＿＿
＿＿＿＿□＿＿＿＿＿
■＿□□□□□＿＿＿
■■□□□□□＿＿＿
■□□□□□□＿＿＿
□□□□□□□□＿□
□□□□□＿□□＿□
＿□□□□□□□□□
□＿□□□□□□□＿
□□□□□□□□□＿
□□□□□□□□□＿
□□□□□□□□□＿
00:44:45(80562f):field(80561f)
＿＿＿＿＿＿＿＿＿＿
＿＿＿＿＿＿＿＿＿＿
＿＿＿＿＿＿＿＿＿＿
＿＿＿＿＿＿＿＿＿＿
＿＿＿＿＿＿＿＿＿＿
＿＿＿＿＿＿＿＿＿＿
＿＿＿＿＿＿＿＿＿＿
＿＿＿＿■＿＿＿＿＿
＿＿＿■■＿＿＿＿＿
＿＿＿■□＿＿＿＿＿
□＿□□□□□＿＿＿
□□□□□□□＿＿＿
□□□□□□□＿＿＿
□□□□□□□□＿□
□□□□□＿□□＿□
＿□□□□□□□□□
□＿□□□□□□□＿
□□□□□□□□□＿
□□□□□□□□□＿
□□□□□□□□□＿
00:44:46(80580f):field(80579f)
＿＿＿＿＿＿＿＿＿＿
＿＿＿＿＿＿＿＿＿＿
＿＿＿＿＿＿＿＿＿＿
＿＿＿＿＿＿＿＿＿＿
＿＿＿＿＿＿＿＿＿＿
＿＿＿＿＿＿＿＿＿＿
＿＿＿＿＿＿＿＿＿＿
＿＿＿＿◆＿＿＿＿＿
＿＿＿◆□＿＿＿＿＿
＿＿＿□□＿＿＿＿＿
◆＿◆□□◆◆＿＿＿
□◆□□□□□＿＿＿
□□□□□□□＿＿＿
□□□□□□□◆■□
□□□□□＿□□■□
＿□□□□□□□□□
□＿□□□□□□□＿
□□□□□□□□□＿
□□□□□□□□□＿
□□□□□□□□□＿
00:44:46(80595f):field(80594f)
＿＿＿＿＿＿＿＿＿＿
＿＿＿＿＿＿＿＿＿＿
＿＿＿＿＿＿＿＿＿＿
＿＿＿＿＿＿＿＿＿＿
＿＿＿＿＿＿＿＿＿＿
＿＿＿＿＿＿＿＿＿＿
＿＿＿＿＿＿＿＿＿＿
＿＿＿＿＿＿＿＿＿＿
＿＿＿＿◆＿＿＿＿＿
＿＿＿◆□＿＿＿＿＿
＿＿＿□□＿＿＿＿＿
◆＿◆□□◆◆■＿＿
□◆□□□□□■＿＿
□□□□□□□■◆◆
□□□□□＿□□□□
＿□□□□□□□□□
□■□□□□□□□＿
□□□□□□□□□＿
□□□□□□□□□＿
□□□□□□□□□＿
00:44:46(80607f):field(80606f)
＿＿＿＿＿＿＿＿＿＿
＿＿＿＿＿＿＿＿＿＿
＿＿＿＿＿＿＿＿＿＿
＿＿＿＿＿＿＿＿＿＿
＿＿＿＿＿＿＿＿＿＿
＿＿＿＿＿＿＿＿＿＿
＿＿＿＿＿＿＿＿＿＿
＿＿＿＿＿＿＿＿＿＿
＿＿＿＿＿＿＿＿＿＿
＿＿＿＿□＿＿＿＿＿
＿＿＿□□■■＿＿＿
＿＿＿□□■■□＿＿
□＿□□□□□□＿＿
□□□□□□□□＿＿
□□□□□＿□□□□
＿□□□□□□□□□
□◆□□□□□□□＿
□□□□□□□□□＿
□□□□□□□□□＿
□□□□□□□□□＿
00:44:47(80630f):field(80629f)
＿＿＿＿＿＿＿＿＿＿
＿＿＿＿＿＿＿＿＿＿
＿＿＿＿＿＿＿＿＿＿
＿＿＿＿＿＿＿＿＿＿
＿＿＿＿＿＿＿＿＿＿
＿＿＿＿＿＿＿＿＿＿
＿＿＿＿＿＿＿＿＿＿
＿＿＿＿＿＿＿＿＿＿
＿＿＿＿＿＿＿＿＿＿
＿＿＿＿◆＿＿＿＿＿
＿＿＿◆□◆◆＿＿＿
＿＿＿□□□□◆＿＿
◆＿◆□□□□□■＿
□◆□□□□□□■＿
□□□□□＿□□□□
＿□□□□□□□□□
□＿□□□□□□□＿
□□□□□□□□□＿
□□□□□□□□□＿
□□□□□□□□□＿
00:44:48(80644f):field(80643f)
＿＿＿＿＿＿＿＿＿＿
＿＿＿＿＿＿＿＿＿＿
＿＿＿＿＿＿＿＿＿＿
＿＿＿＿＿＿＿＿＿＿
＿＿＿＿＿＿＿＿＿＿
＿＿＿＿＿＿＿＿＿＿
＿＿＿＿＿＿＿＿＿＿
＿＿＿＿＿＿＿＿＿＿
＿＿＿＿＿＿＿＿＿＿
＿＿＿＿＿＿＿＿＿＿
＿＿＿＿□＿＿＿＿＿
■＿＿□□□□＿＿＿
■■＿□□□□□□＿
□■□□□□□□□＿
□□□□□＿□□□□
＿□□□□□□□□□
□＿□□□□□□□＿
□□□□□□□□□＿
□□□□□□□□□＿
□□□□□□□□□＿
00:44:48(80661f):field(80660f)
＿＿＿＿＿＿＿＿＿＿
＿＿＿＿＿＿＿＿＿＿
＿＿＿＿＿＿＿＿＿＿
＿＿＿＿＿＿＿＿＿＿
＿＿＿＿＿＿＿＿＿＿
＿＿＿＿＿＿＿＿＿＿
＿＿＿＿＿＿＿＿＿＿
＿＿＿＿＿＿＿＿＿＿
＿＿＿■■＿＿＿＿＿
＿＿＿■＿＿＿＿＿＿
＿＿＿■□＿＿＿＿＿
□＿＿□□□□＿＿＿
□□＿□□□□□□＿
□□□□□□□□□＿
□□□□□＿□□□□
＿□□□□□□□□□
□＿□□□□□□□＿
□□□□□□□□□＿
□□□□□□□□□＿
□□□□□□□□□＿
00:44:49(80674f):field(80673f)
＿＿＿＿＿＿＿＿＿＿
＿＿＿＿＿＿＿＿＿＿
＿＿＿＿＿＿＿＿＿＿
＿＿＿＿＿＿＿＿＿＿
＿＿＿＿＿＿＿＿＿＿
＿＿＿＿＿＿＿＿＿＿
＿＿＿＿＿＿＿＿＿＿
＿＿＿＿＿＿＿＿＿＿
＿＿＿□□＿＿＿＿＿
＿＿＿□＿＿＿＿＿＿
＿＿■□□＿＿＿＿＿
□■■□□□□＿＿＿
□□■□□□□□□＿
□□□□□□□□□＿
□□□□□＿□□□□
＿□□□□□□□□□
□＿□□□□□□□＿
□□□□□□□□□＿
□□□□□□□□□＿
□□□□□□□□□＿
00:44:49(80695f):field(80694f)
＿＿＿＿＿＿＿＿＿＿
＿＿＿＿＿＿＿＿＿＿
＿＿＿＿＿＿＿＿＿＿
＿＿＿＿＿＿＿＿＿＿
＿＿＿＿＿＿＿＿＿＿
＿＿＿＿＿＿＿＿＿＿
＿＿＿＿＿＿＿＿＿＿
＿＿＿＿＿＿＿＿＿＿
＿＿＿◆◆＿＿＿＿＿
＿＿＿◆＿＿＿＿＿＿
＿＿◆□□＿＿＿＿＿
◆◆◆□◆□◆＿＿＿
□◆□□□◆◆◆◆■
□□□□□□□◆◆■
□□□□□＿□□□□
■□□□□□□□□□
□＿□□□□□□□＿
□□□□□□□□□＿
□□□□□□□□□＿
□□□□□□□□□＿
00:44:50(80707f):field(80706f)
＿＿＿＿＿＿＿＿＿＿
＿＿＿＿＿＿＿＿＿＿
＿＿＿＿＿＿＿＿＿＿
＿＿＿＿＿＿＿＿＿＿
＿＿＿＿＿＿＿＿＿＿
＿＿＿＿＿＿＿＿＿＿
＿＿＿＿＿＿＿＿＿＿
＿＿＿＿＿＿＿＿＿＿
＿＿＿＿＿＿＿＿＿＿
＿＿＿＿＿＿＿＿＿＿
＿＿＿□□＿＿＿＿＿
＿＿＿□■□＿＿＿＿
◆＿□□□■■＿＿□
□□□□□□□＿＿□
□□□□□＿□□□□
◆□□□□□□□□□
□＿□□□□□□□＿
□□□□□□□□□＿
□□□□□□□□□＿
□□□□□□□□□＿
00:44:50(80720f):field(80719f)
＿＿＿＿＿＿＿＿＿＿
＿＿＿＿＿＿＿＿＿＿
＿＿＿＿＿＿＿＿＿＿
＿＿＿＿＿＿＿＿＿＿
＿＿＿＿＿＿＿＿＿＿
＿＿＿＿＿＿＿＿＿＿
＿＿＿＿＿＿＿＿＿＿
＿＿＿＿＿＿＿＿＿＿
＿＿＿＿＿＿＿＿＿＿
＿＿＿＿＿＿＿＿＿＿
＿＿＿□□＿＿＿＿＿
＿■■□□□＿＿＿＿
■■□□□□□＿＿□
□□□□□□□＿＿□
□□□□□＿□□□□
＿□□□□□□□□□
□＿□□□□□□□＿
□□□□□□□□□＿
□□□□□□□□□＿
□□□□□□□□□＿
00:44:51(80738f):field(80737f)
＿＿＿＿＿＿＿＿＿＿
＿＿＿＿＿＿＿＿＿＿
＿＿＿＿＿＿＿＿＿＿
＿＿＿＿＿＿＿＿＿＿
＿＿＿＿＿＿＿＿＿＿
＿＿＿＿＿＿＿＿＿＿
＿＿＿＿＿＿＿＿＿＿
＿＿＿＿＿＿＿＿＿＿
＿＿＿＿＿＿＿＿＿＿
＿＿＿＿＿＿＿＿＿＿
＿＿＿□□＿＿＿＿＿
＿□□□□□＿＿■■
□□□□□□□＿■□
□□□□□□□＿■□
□□□□□＿□□□□
＿□□□□□□□□□
□＿□□□□□□□＿
□□□□□□□□□＿
□□□□□□□□□＿
□□□□□□□□□＿
00:44:51(80753f):field(80752f)
＿＿＿＿＿＿＿＿＿＿
＿＿＿＿＿＿＿＿＿＿
＿＿＿＿＿＿＿＿＿＿
＿＿＿＿＿＿＿＿＿＿
＿＿＿＿＿＿＿＿＿＿
＿＿＿＿＿＿＿＿＿＿
＿＿＿＿＿＿＿＿＿＿
＿＿＿＿＿＿＿＿＿＿
＿＿＿＿＿＿＿＿＿＿
＿＿＿＿＿＿＿＿＿＿
＿＿＿◆◆＿＿＿＿＿
＿◆◆◆□□＿＿◆◆
◆◆◆□□◆◆＿◆◆
◆□□□□□□■□□
□□□□□＿□□□□
＿□□□□□□□□□
□＿□□□□□□□＿
□□□□□□□□□＿
□□□□□□□□□＿
□□□□□□□□□＿
00:44:52(80766f):field(80765f)
＿＿＿＿＿＿＿＿＿＿
＿＿＿＿＿＿＿＿＿＿
＿＿＿＿＿＿＿＿＿＿
＿＿＿＿＿＿＿＿＿＿
＿＿＿＿＿＿＿＿＿＿
＿＿＿＿＿＿＿＿＿＿
＿＿＿＿＿＿＿＿＿＿
＿＿＿＿＿＿＿＿＿＿
＿＿＿＿＿＿＿＿＿＿
＿＿＿＿＿＿＿＿＿＿
＿＿＿＿＿＿＿＿＿＿
＿＿＿＿◆◆＿＿■■
＿＿＿□□＿＿＿■■
＿□□□□□□□□□
□□□□□＿□□□□
＿□□□□□□□□□
□＿□□□□□□□＿
□□□□□□□□□＿
□□□□□□□□□＿
□□□□□□□□□＿
00:44:52(80786f):field(80785f)
＿＿＿＿＿＿＿＿＿＿
＿＿＿＿＿＿＿＿＿＿
＿＿＿＿＿＿＿＿＿＿
＿＿＿＿＿＿＿＿＿＿
＿＿＿＿＿＿＿＿＿＿
＿＿＿＿＿＿＿＿＿＿
＿＿＿＿＿＿＿＿＿＿
＿＿＿＿＿＿＿＿＿＿
＿＿＿＿＿＿＿＿＿＿
＿＿＿＿＿＿＿■＿＿
＿＿＿＿＿＿＿■＿＿
＿＿＿＿＿＿＿■□□
＿＿＿□□＿＿■□□
＿□□□□□□□□□
□□□□□＿□□□□
＿□□□□□□□□□
□＿□□□□□□□＿
□□□□□□□□□＿
□□□□□□□□□＿
□□□□□□□□□＿
00:44:53(80801f):field(80800f)
＿＿＿＿＿＿＿＿＿＿
＿＿＿＿＿＿＿＿＿＿
＿＿＿＿＿＿＿＿＿＿
＿＿＿＿＿＿＿＿＿＿
＿＿＿＿＿＿＿＿＿＿
＿＿＿＿＿＿＿＿＿＿
＿＿＿＿＿＿＿＿＿＿
＿＿＿＿＿＿＿＿＿＿
＿＿＿＿＿＿＿＿＿＿
＿＿＿＿＿＿＿◆＿＿
＿＿＿＿＿＿＿□＿＿
＿＿＿＿＿＿＿□◆◆
＿■＿◆◆＿＿□□□
■□◆□□◆◆□□□
□□□□□＿□□□□
■□□□□□□□□□
□＿□□□□□□□＿
□□□□□□□□□＿
□□□□□□□□□＿
□□□□□□□□□＿
00:44:54(80821f):field(80820f)
＿＿＿＿＿＿＿＿＿＿
＿＿＿＿＿＿＿＿＿＿
＿＿＿＿＿＿＿＿＿＿
＿＿＿＿＿＿＿＿＿＿
＿＿＿＿＿＿＿＿＿＿
＿＿＿＿＿＿＿＿＿＿
＿＿＿＿＿＿＿＿＿＿
＿＿＿＿＿＿＿＿＿＿
＿＿＿＿＿＿＿＿＿＿
＿＿＿＿＿＿＿＿＿＿
＿■＿＿＿＿＿□＿＿
＿■■＿＿＿＿□＿＿
＿□■＿＿＿＿□□□
□□＿□□＿＿□□□
□□□□□＿□□□□
◆□□□□□□□□□
□＿□□□□□□□＿
□□□□□□□□□＿
□□□□□□□□□＿
□□□□□□□□□＿
00:44:54(80834f):field(80833f)
＿＿＿＿＿＿＿＿＿＿
＿＿＿＿＿＿＿＿＿＿
＿＿＿＿＿＿＿＿＿＿
＿＿＿＿＿＿＿＿＿＿
＿＿＿＿＿＿＿＿＿＿
＿＿＿＿＿＿＿＿＿＿
＿＿＿＿＿＿＿＿＿＿
＿＿＿＿＿＿＿＿＿＿
＿＿＿＿＿＿＿＿＿＿
＿＿＿＿＿＿＿＿＿＿
＿□■■＿＿＿□＿＿
＿□□■＿＿＿□＿＿
＿□□■＿＿＿□□□
□□＿□□＿＿□□□
□□□□□＿□□□□
＿□□□□□□□□□
□＿□□□□□□□＿
□□□□□□□□□＿
□□□□□□□□□＿
□□□□□□□□□＿
00:44:55(80850f):field(80849f)
＿＿＿＿＿＿＿＿＿＿
＿＿＿＿＿＿＿＿＿＿
＿＿＿＿＿＿＿＿＿＿
＿＿＿＿＿＿＿＿＿＿
＿＿＿＿＿＿＿＿＿＿
＿＿＿＿＿＿＿＿＿＿
＿＿＿＿＿＿＿＿＿＿
＿＿＿＿＿＿＿＿＿＿
＿＿＿＿＿＿＿＿＿＿
＿＿＿＿＿＿＿＿＿＿
＿◆◆◆＿＿＿◆＿＿
＿□□□＿＿＿□＿＿
＿□□□＿＿＿□◆◆
◆□■□◆■■□□□
□□◆□□■◆□□□
＿□□□□□□□□□
□＿□□□□□□□＿
□□□□□□□□□＿
□□□□□□□□□＿
□□□□□□□□□＿
00:44:55(80865f):field(80864f)
＿＿＿＿＿＿＿＿＿＿
＿＿＿＿＿＿＿＿＿＿
＿＿＿＿＿＿＿＿＿＿
＿＿＿＿＿＿＿＿＿＿
＿＿＿＿＿＿＿＿＿＿
＿＿＿＿＿＿＿＿＿＿
＿＿＿＿＿＿＿＿＿＿
＿＿＿＿＿＿＿＿＿＿
＿＿＿＿＿＿＿＿＿＿
＿＿＿＿＿＿＿＿＿＿
＿＿＿＿■＿＿＿＿＿
＿□□□■＿＿□＿＿
＿□□□■＿＿□＿＿
＿□□□■□□□□□
□□＿□□□＿□□□
＿□□□□□□□□□
□＿□□□□□□□＿
□□□□□□□□□＿
□□□□□□□□□＿
□□□□□□□□□＿
00:44:55(80876f):field(80875f)
＿＿＿＿＿＿＿＿＿＿
＿＿＿＿＿＿＿＿＿＿
＿＿＿＿＿＿＿＿＿＿
＿＿＿＿＿＿＿＿＿＿
＿＿＿＿＿＿＿＿＿＿
＿＿＿＿＿＿＿＿＿＿
＿＿＿＿＿＿＿＿＿＿
＿＿＿＿＿＿＿＿＿＿
＿＿＿＿＿＿＿＿＿＿
＿＿＿＿＿＿＿＿＿＿
＿＿＿＿□＿＿＿＿＿
＿□□□□■■□＿＿
＿□□□□■■□＿＿
＿□□□□□□□□□
□□＿□□□＿□□□
＿□□□□□□□□□
□＿□□□□□□□＿
□□□□□□□□□＿
□□□□□□□□□＿
□□□□□□□□□＿
00:44:56(80889f):field(80888f)
＿＿＿＿＿＿＿＿＿＿
＿＿＿＿＿＿＿＿＿＿
＿＿＿＿＿＿＿＿＿＿
＿＿＿＿＿＿＿＿＿＿
＿＿＿＿＿＿＿＿＿＿
＿＿＿＿＿＿＿＿＿＿
＿＿＿＿＿＿＿＿＿＿
＿＿＿＿＿＿＿＿＿＿
＿＿＿＿＿＿＿＿＿＿
＿＿＿＿＿＿■＿＿＿
＿＿＿＿□■■■＿＿
＿□□□□□□□＿＿
＿□□□□□□□＿＿
＿□□□□□□□□□
□□＿□□□＿□□□
＿□□□□□□□□□
□＿□□□□□□□＿
□□□□□□□□□＿
□□□□□□□□□＿
□□□□□□□□□＿
00:44:56(80902f):field(80901f)
＿＿＿＿＿＿＿＿＿＿
＿＿＿＿＿＿＿＿＿＿
＿＿＿＿＿＿＿＿＿＿
＿＿＿＿＿＿＿＿＿＿
＿＿＿＿＿＿＿＿＿＿
＿＿＿＿＿＿＿＿＿＿
＿＿＿＿＿＿＿＿＿＿
＿＿＿＿＿＿＿＿＿＿
＿＿＿＿＿■■＿＿＿
＿＿＿＿■■□＿＿＿
＿＿＿＿□□□□＿＿
＿□□□□□□□＿＿
＿□□□□□□□＿＿
＿□□□□□□□□□
□□＿□□□＿□□□
＿□□□□□□□□□
□＿□□□□□□□＿
□□□□□□□□□＿
□□□□□□□□□＿
□□□□□□□□□＿
00:44:57(80915f):field(80914f)
＿＿＿＿＿＿＿＿＿＿
＿＿＿＿＿＿＿＿＿＿
＿＿＿＿＿＿＿＿＿＿
＿＿＿＿＿＿＿＿＿＿
＿＿＿＿＿＿＿＿＿＿
＿＿＿＿＿＿＿＿＿＿
＿＿＿＿＿■＿＿＿＿
＿＿＿＿■■＿＿＿＿
＿＿＿＿■□□＿＿＿
＿＿＿＿□□□＿＿＿
＿＿＿＿□□□□＿＿
＿□□□□□□□＿＿
＿□□□□□□□＿＿
＿□□□□□□□□□
□□＿□□□＿□□□
＿□□□□□□□□□
□＿□□□□□□□＿
□□□□□□□□□＿
□□□□□□□□□＿
□□□□□□□□□＿
00:44:57(80930f):field(80929f)
＿＿＿＿＿＿＿＿＿＿
＿＿＿＿＿＿＿＿＿＿
＿＿＿＿＿＿＿＿＿＿
＿＿＿＿＿＿＿＿＿＿
＿＿＿＿＿＿＿＿＿＿
＿＿＿＿＿＿＿＿＿＿
＿＿＿＿＿□＿＿＿＿
＿＿＿＿□□＿＿＿＿
＿＿＿＿□□□＿＿＿
＿＿＿＿□□□＿＿＿
＿＿＿＿□□□□■＿
＿□□□□□□□■＿
＿□□□□□□□■■
＿□□□□□□□□□
□□＿□□□＿□□□
＿□□□□□□□□□
□＿□□□□□□□＿
□□□□□□□□□＿
□□□□□□□□□＿
□□□□□□□□□＿
00:44:58(80948f):field(80947f)
＿＿＿＿＿＿＿＿＿＿
＿＿＿＿＿＿＿＿＿＿
＿＿＿＿＿＿＿＿＿＿
＿＿＿＿＿＿＿＿＿＿
＿＿＿＿＿＿＿＿＿＿
＿＿＿＿＿＿＿＿＿＿
＿＿＿＿＿◆＿＿＿＿
＿＿＿＿◆◆＿＿＿＿
＿＿＿＿◆□◆＿＿＿
＿＿＿＿□□◆＿＿＿
＿＿＿＿□□□◆◆＿
＿◆◆◆□□□◆◆＿
■◆◆◆□□□□□◆
■□□□□□□□□◆
□□＿□□□＿□□□
＿□□□□□□□□□
□＿□□□□□□□＿
□□□□□□□□□＿
□□□□□□□□□＿
□□□□□□□□□＿
00:44:58(80964f):field(80963f)
＿＿＿＿＿＿＿＿＿＿
＿＿＿＿＿＿＿＿＿＿
＿＿＿＿＿＿＿＿＿＿
＿＿＿＿＿＿＿＿＿＿
＿＿＿＿＿＿＿＿＿＿
＿＿＿＿＿＿＿＿＿＿
＿＿＿＿＿＿＿＿＿＿
＿＿＿＿＿＿＿＿＿＿
＿＿＿＿＿□＿＿＿＿
＿＿＿＿□□＿＿＿＿
＿＿＿＿□□□＿＿＿
■■＿＿□□□＿＿＿
□■■＿□□□□□＿
□□□□□□□□□＿
□□＿□□□＿□□□
＿□□□□□□□□□
□＿□□□□□□□＿
□□□□□□□□□＿
□□□□□□□□□＿
□□□□□□□□□＿
00:44:59(80979f):field(80978f)
＿＿＿＿＿＿＿＿＿＿
＿＿＿＿＿＿＿＿＿＿
＿＿＿＿＿＿＿＿＿＿
＿＿＿＿＿＿＿＿＿＿
＿＿＿＿＿＿＿＿＿＿
＿＿＿＿＿＿＿＿＿＿
＿＿＿＿＿＿＿＿＿＿
＿＿＿＿＿＿＿＿＿＿
＿＿＿＿＿□＿＿＿＿
＿＿＿＿□□＿＿＿＿
＿＿＿＿□□□＿＿＿
□□＿＿□□□■■■
□□□＿□□□□□■
□□□□□□□□□＿
□□＿□□□＿□□□
＿□□□□□□□□□
□＿□□□□□□□＿
□□□□□□□□□＿
□□□□□□□□□＿
□□□□□□□□□＿
00:44:59(80996f):field(80995f)
＿＿＿＿＿＿＿＿＿＿
＿＿＿＿＿＿＿＿＿＿
＿＿＿＿＿＿＿＿＿＿
＿＿＿＿＿＿＿＿＿＿
＿＿＿＿＿＿＿＿＿＿
＿＿＿＿＿＿＿＿＿＿
＿＿＿＿＿＿＿＿＿＿
＿＿＿＿＿＿＿＿＿＿
＿＿＿＿＿□＿＿＿＿
＿＿＿＿□□＿■■＿
＿＿＿＿□□□■■＿
□□＿＿□□□□□□
□□□＿□□□□□□
□□□□□□□□□＿
□□＿□□□＿□□□
＿□□□□□□□□□
□＿□□□□□□□＿
□□□□□□□□□＿
□□□□□□□□□＿
□□□□□□□□□＿
00:45:00(81013f):field(81012f)
＿＿＿＿＿＿＿＿＿＿
＿＿＿＿＿＿＿＿＿＿
＿＿＿＿＿＿＿＿＿＿
＿＿＿＿＿＿＿＿＿＿
＿＿＿＿＿＿＿＿＿＿
＿＿＿＿＿＿＿＿＿＿
＿＿＿＿＿＿＿＿＿＿
＿＿＿＿＿＿＿＿＿＿
＿＿＿＿＿◆＿＿＿＿
＿＿＿＿◆◆＿◆◆＿
＿＿＿＿◆□◆◆◆＿
◆◆＿＿□□◆□□◆
◆◆◆■□□□□□◆
□□□□□□□□□＿
□□＿□□□＿□□□
＿□□□□□□□□□
□＿□□□□□□□＿
□□□□□□□□□＿
□□□□□□□□□＿
□□□□□□□□□＿
00:45:00(81026f):field(81025f)
＿＿＿＿＿＿＿＿＿＿
＿＿＿＿＿＿＿＿＿＿
＿＿＿＿＿＿＿＿＿＿
＿＿＿＿＿＿＿＿＿＿
＿＿＿＿＿＿＿＿＿＿
＿＿＿＿＿＿＿＿＿＿
＿＿＿＿＿＿＿＿＿＿
＿＿＿＿＿＿＿＿＿＿
＿＿＿＿＿＿＿＿＿＿
■＿＿＿＿＿＿＿＿＿
■＿＿＿＿□＿＿＿＿
■＿＿＿□□＿□□＿
■＿＿□□□□□□＿
□□□□□□□□□＿
□□＿□□□＿□□□
＿□□□□□□□□□
□＿□□□□□□□＿
□□□□□□□□□＿
□□□□□□□□□＿
□□□□□□□□□＿
00:45:01(81038f):field(81037f)
＿＿＿＿＿＿＿＿＿＿
＿＿＿＿＿＿＿＿＿＿
＿＿＿＿＿＿＿＿＿＿
＿＿＿＿＿＿＿＿＿＿
＿＿＿＿＿＿＿＿＿＿
＿＿＿＿＿＿＿＿＿＿
＿＿＿＿＿＿＿＿＿＿
＿＿＿＿＿＿＿＿＿＿
＿＿＿＿＿＿＿＿＿＿
□＿＿＿＿＿＿＿＿＿
□＿＿＿＿□＿＿＿＿
□＿■■□□＿□□＿
□■■□□□□□□＿
□□□□□□□□□＿
□□＿□□□＿□□□
＿□□□□□□□□□
□＿□□□□□□□＿
□□□□□□□□□＿
□□□□□□□□□＿
□□□□□□□□□＿
00:45:01(81050f):field(81049f)
＿＿＿＿＿＿＿＿＿＿
＿＿＿＿＿＿＿＿＿＿
＿＿＿＿＿＿＿＿＿＿
＿＿＿＿＿＿＿＿＿＿
＿＿＿＿＿＿＿＿＿＿
＿＿＿＿＿＿＿＿＿＿
＿＿＿＿＿＿＿＿＿＿
＿＿＿＿＿＿＿＿＿＿
＿＿＿＿＿＿＿＿＿＿
□＿＿＿＿＿＿＿＿＿
□■■■＿□＿＿＿＿
□■□□□□＿□□＿
□□□□□□□□□＿
□□□□□□□□□＿
□□＿□□□＿□□□
＿□□□□□□□□□
□＿□□□□□□□＿
□□□□□□□□□＿
□□□□□□□□□＿
□□□□□□□□□＿
00:45:02(81064f):field(81063f)
＿＿＿＿＿＿＿＿＿＿
＿＿＿＿＿＿＿＿＿＿
＿＿＿＿＿＿＿＿＿＿
＿＿＿＿＿＿＿＿＿＿
＿＿＿＿＿＿＿＿＿＿
＿＿＿＿＿＿＿＿＿＿
＿＿＿＿＿＿＿＿＿＿
＿＿＿＿＿＿＿＿＿＿
＿＿＿＿＿＿＿＿＿＿
□＿＿＿■■■＿＿＿
□□□□＿□■＿＿＿
□□□□□□＿□□＿
□□□□□□□□□＿
□□□□□□□□□＿
□□＿□□□＿□□□
＿□□□□□□□□□
□＿□□□□□□□＿
□□□□□□□□□＿
□□□□□□□□□＿
□□□□□□□□□＿
00:45:02(81081f):field(81080f)
＿＿＿＿＿＿＿＿＿＿
＿＿＿＿＿＿＿＿＿＿
＿＿＿＿＿＿＿＿＿＿
＿＿＿＿＿＿＿＿＿＿
＿＿＿＿＿＿＿＿＿＿
＿＿＿＿＿＿＿＿＿＿
＿＿＿＿＿＿＿＿＿＿
＿＿＿＿＿＿＿＿＿＿
＿＿■■＿＿＿＿＿＿
□＿■■□□□＿＿＿
□□□□＿□□＿＿＿
□□□□□□＿□□＿
□□□□□□□□□＿
□□□□□□□□□＿
□□＿□□□＿□□□
＿□□□□□□□□□
□＿□□□□□□□＿
□□□□□□□□□＿
□□□□□□□□□＿
□□□□□□□□□＿
00:45:03(81098f):field(81097f)
＿＿＿＿＿＿＿＿＿＿
＿＿＿＿＿＿＿＿＿＿
＿＿＿＿＿＿＿＿＿＿
＿＿＿＿＿＿＿＿＿＿
＿＿＿＿＿＿＿＿＿＿
＿＿＿＿＿＿＿＿＿＿
＿＿＿＿＿＿＿＿＿＿
＿＿＿＿＿＿＿＿＿＿
＿＿◆◆＿＿＿＿＿＿
◆＿◆◆◆◆◆＿＿＿
◆◆□□＿◆◆＿＿＿
□□□□□□■◆◆＿
□□□□◆□□◆◆■
□□□□□□◆□□■
□□＿□□□＿□□□
＿□□□□□□□□□
□＿□□□□□□□＿
□□□□□□□□□＿
□□□□□□□□□＿
□□□□□□□□□＿
00:45:03(81111f):field(81110f)
＿＿＿＿＿＿＿＿＿＿
＿＿＿＿＿＿＿＿＿＿
＿＿＿＿＿＿＿＿＿＿
＿＿＿＿＿＿＿＿＿＿
＿＿＿＿＿＿＿＿＿＿
＿＿＿＿＿＿＿＿＿＿
＿＿＿＿＿＿＿＿＿＿
＿＿＿＿＿＿＿＿＿＿
＿＿＿＿＿＿＿＿＿＿
＿＿＿＿＿＿＿＿＿＿
＿＿□□＿＿＿＿＿＿
□◆□□□□□■■■
□□□□＿□□＿■□
□□□□□□＿□□□
□□＿□□□＿□□□
＿□□□□□□□□□
□＿□□□□□□□＿
□□□□□□□□□＿
□□□□□□□□□＿
□□□□□□□□□＿
00:45:04(81124f):field(81123f)
＿＿＿＿＿＿＿＿＿＿
＿＿＿＿＿＿＿＿＿＿
＿＿＿＿＿＿＿＿＿＿
＿＿＿＿＿＿＿＿＿＿
＿＿＿＿＿＿＿＿＿＿
＿＿＿＿＿＿＿＿＿＿
＿＿＿＿＿＿＿＿＿＿
＿＿＿＿＿＿＿＿＿＿
＿＿＿＿＿＿＿＿＿＿
＿＿＿■■＿＿＿＿＿
＿＿□□■■＿＿＿＿
□＿□□□□□□□□
□□□□＿□□＿□□
□□□□□□＿□□□
□□＿□□□＿□□□
＿□□□□□□□□□
□＿□□□□□□□＿
□□□□□□□□□＿
□□□□□□□□□＿
□□□□□□□□□＿
00:45:04(81144f):field(81143f)
＿＿＿＿＿＿＿＿＿＿
＿＿＿＿＿＿＿＿＿＿
＿＿＿＿＿＿＿＿＿＿
＿＿＿＿＿＿＿＿＿＿
＿＿＿＿＿＿＿＿＿＿
＿＿＿＿＿＿＿＿＿＿
＿＿＿＿＿＿＿＿＿＿
＿＿＿＿＿＿＿＿＿＿
＿＿＿＿＿＿＿＿＿■
＿＿＿□□＿＿＿＿■
＿＿□□□□＿＿■■
□＿□□□□□□□□
□□□□＿□□＿□□
□□□□□□＿□□□
□□＿□□□＿□□□
＿□□□□□□□□□
□＿□□□□□□□＿
□□□□□□□□□＿
□□□□□□□□□＿
□□□□□□□□□＿
00:45:05(81160f):field(81159f)
＿＿＿＿＿＿＿＿＿＿
＿＿＿＿＿＿＿＿＿＿
＿＿＿＿＿＿＿＿＿＿
＿＿＿＿＿＿＿＿＿＿
＿＿＿＿＿＿＿＿＿＿
＿＿＿＿＿＿＿＿＿＿
＿＿＿＿＿＿＿＿＿＿
＿＿＿＿＿＿＿＿＿＿
＿＿＿＿＿＿＿＿＿◆
＿＿＿◆◆＿＿＿＿□
■＿◆□□◆＿＿◆□
□■□□□□◆◆□□
□□□□＿□□＿□□
□□□□□□＿□□□
□□＿□□□＿□□□
＿□□□□□□□□□
□＿□□□□□□□＿
□□□□□□□□□＿
□□□□□□□□□＿
□□□□□□□□□＿
00:45:05(81175f):field(81174f)
＿＿＿＿＿＿＿＿＿＿
＿＿＿＿＿＿＿＿＿＿
＿＿＿＿＿＿＿＿＿＿
＿＿＿＿＿＿＿＿＿＿
＿＿＿＿＿＿＿＿＿＿
＿＿＿＿＿＿＿＿＿＿
＿＿＿＿＿＿＿＿＿＿
＿＿＿＿＿＿＿＿＿＿
＿＿＿＿＿＿＿＿＿＿
＿■■＿＿＿＿＿＿□
□■■□□＿＿＿＿□
□□□□□□＿＿□□
□□□□＿□□＿□□
□□□□□□＿□□□
□□＿□□□＿□□□
＿□□□□□□□□□
□＿□□□□□□□＿
□□□□□□□□□＿
□□□□□□□□□＿
□□□□□□□□□＿
00:45:06(81190f):field(81189f)
＿＿＿＿＿＿＿＿＿＿
＿＿＿＿＿＿＿＿＿＿
＿＿＿＿＿＿＿＿＿＿
＿＿＿＿＿＿＿＿＿＿
＿＿＿＿＿＿＿＿＿＿
＿＿＿＿＿＿＿＿＿＿
＿＿＿＿＿＿＿＿＿＿
＿＿＿＿＿＿＿＿＿＿
＿＿＿＿＿＿＿＿＿＿
＿□□＿＿＿＿■＿□
□□□□□＿＿■＿□
□□□□□□＿■□□
□□□□＿□□■□□
□□□□□□＿□□□
□□＿□□□＿□□□
＿□□□□□□□□□
□＿□□□□□□□＿
□□□□□□□□□＿
□□□□□□□□□＿
□□□□□□□□□＿
00:45:06(81207f):field(81206f)
＿＿＿＿＿＿＿＿＿＿
＿＿＿＿＿＿＿＿＿＿
＿＿＿＿＿＿＿＿＿＿
＿＿＿＿＿＿＿＿＿＿
＿＿＿＿＿＿＿＿＿＿
＿＿＿＿＿＿＿＿＿＿
＿＿＿＿＿＿＿＿＿＿
＿＿＿＿＿＿＿＿＿＿
＿＿＿＿＿＿＿＿＿＿
＿◆◆＿＿＿＿◆＿◆
◆□□◆◆■■□＿□
□□□□□□■□◆□
□□□□＿□□□□□
□□□□□□＿□□□
□□■□□□＿□□□
＿□□□□□□□□□
□＿□□□□□□□＿
□□□□□□□□□＿
□□□□□□□□□＿
□□□□□□□□□＿
00:45:07(81221f):field(81220f)
＿＿＿＿＿＿＿＿＿＿
＿＿＿＿＿＿＿＿＿＿
＿＿＿＿＿＿＿＿＿＿
＿＿＿＿＿＿＿＿＿＿
＿＿＿＿＿＿＿＿＿＿
＿＿＿＿＿＿＿＿＿＿
＿＿＿＿＿＿＿＿＿＿
＿＿＿＿＿＿＿＿＿＿
＿＿＿＿＿＿＿＿＿＿
＿＿＿＿＿■＿＿＿＿
＿□□■■□□□＿□
□□□□□□□□＿□
□□□□＿□□□□□
□□□□□□＿□□□
□□◆□□□＿□□□
＿□□□□□□□□□
□＿□□□□□□□＿
□□□□□□□□□＿
□□□□□□□□□＿
□□□□□□□□□＿
00:45:07(81235f):field(81234f)
＿＿＿＿＿＿＿＿＿＿
＿＿＿＿＿＿＿＿＿＿
＿＿＿＿＿＿＿＿＿＿
＿＿＿＿＿＿＿＿＿＿
＿＿＿＿＿＿＿＿＿＿
＿＿＿＿＿＿＿＿＿＿
＿＿＿＿＿＿＿＿＿＿
＿＿＿＿＿■＿＿＿＿
＿＿＿＿■■＿＿＿＿
＿＿＿＿■□＿＿＿＿
＿□□□□□□□＿□
□□□□□□□□＿□
□□□□＿□□□□□
□□□□□□＿□□□
□□＿□□□＿□□□
＿□□□□□□□□□
□＿□□□□□□□＿
□□□□□□□□□＿
□□□□□□□□□＿
□□□□□□□□□＿
00:45:08(81246f):field(81245f)
＿＿＿＿＿＿＿＿＿＿
＿＿＿＿＿＿＿＿＿＿
＿＿＿＿＿＿＿＿＿＿
＿＿＿＿＿＿＿＿＿＿
＿＿＿＿＿＿＿＿＿＿
＿＿＿＿＿＿＿＿＿＿
＿＿＿＿■■＿＿＿＿
＿＿＿■■□＿＿＿＿
＿＿＿＿□□＿＿＿＿
＿＿＿＿□□＿＿＿＿
＿□□□□□□□＿□
□□□□□□□□＿□
□□□□＿□□□□□
□□□□□□＿□□□
□□＿□□□＿□□□
＿□□□□□□□□□
□＿□□□□□□□＿
□□□□□□□□□＿
□□□□□□□□□＿
□□□□□□□□□＿
00:45:08(81267f):field(81266f)
＿＿＿＿＿＿＿＿＿＿
＿＿＿＿＿＿＿＿＿＿
＿＿＿＿＿＿＿＿＿＿
＿＿＿＿＿＿＿＿＿＿
＿＿＿＿＿＿＿＿＿＿
＿＿＿＿＿＿＿＿＿＿
＿＿＿＿◆◆＿＿＿＿
＿＿＿◆□□＿＿＿＿
＿＿＿■□□＿＿＿＿
＿＿＿＿□□＿＿＿＿
＿◆◆◆□□□◆■□
□□□□□□□□■□
□□□□＿□□□□□
□□□□□□＿□□□
□□＿□□□＿□□□
＿□□□□□□□□□
□＿□□□□□□□＿
□□□□□□□□□＿
□□□□□□□□□＿
□□□□□□□□□＿
00:45:09(81286f):field(81285f)
＿＿＿＿＿＿＿＿＿＿
＿＿＿＿＿＿＿＿＿＿
＿＿＿＿＿＿＿＿＿＿
＿＿＿＿＿＿＿＿＿＿
＿＿＿＿＿＿＿＿＿＿
＿＿＿＿＿＿＿＿＿＿
＿＿＿＿＿＿＿＿＿＿
＿＿＿＿□□＿＿＿＿
＿＿＿□□□＿＿＿＿
＿＿■■□□＿＿＿＿
＿＿■■□□◆＿□□
◆□□□□□□□□□
□□□□＿□□□□□
□□□□□□＿□□□
□□＿□□□＿□□□
＿□□□□□□□□□
□＿□□□□□□□＿
□□□□□□□□□＿
□□□□□□□□□＿
□□□□□□□□□＿
00:45:09(81299f):field(81298f)
＿＿＿＿＿＿＿＿＿＿
＿＿＿＿＿＿＿＿＿＿
＿＿＿＿＿＿＿＿＿＿
＿＿＿＿＿＿＿＿＿＿
＿＿＿＿＿＿＿＿＿＿
＿＿＿＿＿＿＿＿＿＿
＿＿＿＿＿＿＿＿＿＿
＿＿＿＿◆◆＿＿＿＿
＿＿＿◆□□＿＿＿＿
＿＿◆□□□＿＿＿＿
■＿□□□□＿＿□◆
■□□□□□◆□□□
□□□□＿□□□□□
□□□□□□＿□□□
□□＿□□□＿□□□
＿□□□□□□□□□
□＿□□□□□□□＿
□□□□□□□□□＿
□□□□□□□□□＿
□□□□□□□□□＿
00:45:10(81311f):field(81310f)
＿＿＿＿＿＿＿＿＿＿
＿＿＿＿＿＿＿＿＿＿
＿＿＿＿＿＿＿＿＿＿
＿＿＿＿＿＿＿＿＿＿
＿＿＿＿＿＿＿＿＿＿
＿＿＿＿＿＿＿＿＿＿
＿＿＿＿＿＿＿＿＿＿
＿＿＿＿＿＿＿＿＿＿
＿＿■＿□□＿＿＿＿
＿■■□□□＿＿＿＿
□■□□□□＿＿◆＿
□□□□□□＿◆□□
□□□□＿□□□□□
□□□□□□＿□□□
□□＿□□□＿□□□
＿□□□□□□□□□
□＿□□□□□□□＿
□□□□□□□□□＿
□□□□□□□□□＿
□□□□□□□□□＿
00:45:10(81324f):field(81323f)
＿＿＿＿＿＿＿＿＿＿
＿＿＿＿＿＿＿＿＿＿
＿＿＿＿＿＿＿＿＿＿
＿＿＿＿＿＿＿＿＿＿
＿＿＿＿＿＿＿＿＿＿
＿＿＿＿＿＿＿＿＿＿
＿＿＿＿＿＿＿＿＿＿
＿＿＿＿＿＿＿＿＿＿
＿＿◆＿◆◆＿＿＿＿
＿◆□◆□□＿＿＿＿
◆□□□□□＿＿＿＿
□□□□□□＿■□◆
□□□□＿□□□□□
□□□□□□■□□□
□□＿□□□＿□□□
＿□□□□□□□□□
□＿□□□□□□□＿
□□□□□□□□□＿
□□□□□□□□□＿
□□□□□□□□□＿
00:45:11(81337f):field(81336f)
＿＿＿＿＿＿＿＿＿＿
＿＿＿＿＿＿＿＿＿＿
＿＿＿＿＿＿＿＿＿＿
＿＿＿＿＿＿＿＿＿＿
＿＿＿＿＿＿＿＿＿＿
＿＿＿＿＿＿＿＿＿＿
＿＿＿＿＿＿＿＿＿＿
＿＿＿＿＿＿＿＿＿＿
＿＿＿＿＿＿＿＿＿＿
＿＿□＿□□＿＿＿＿
＿□□□□□＿■■■
□□□□□□＿□□■
□□□□＿□□□□□
□□□□□□◆□□□
□□＿□□□＿□□□
＿□□□□□□□□□
□＿□□□□□□□＿
□□□□□□□□□＿
□□□□□□□□□＿
□□□□□□□□□＿
00:45:12(81362f):field(81361f)
＿＿＿＿＿＿＿＿＿＿
＿＿＿＿＿＿＿＿＿＿
＿＿＿＿＿＿＿＿＿＿
＿＿＿＿＿＿＿＿＿＿
＿＿＿＿＿＿＿＿＿＿
＿＿＿＿＿＿＿＿＿＿
＿＿＿＿＿＿＿＿＿＿
＿＿＿＿＿＿＿＿＿＿
＿＿＿＿＿＿＿＿＿＿
＿＿◆＿◆◆■＿■■
■◆□◆□□■◆□□
◆□□□□□■□□□
□□□□■□□□□□
□□□□□□■□□□
□□＿□□□＿□□□
＿□□□□□□□□□
□＿□□□□□□□＿
□□□□□□□□□＿
□□□□□□□□□＿
□□□□□□□□□＿
00:45:12(81385f):field(81384f)
＿＿＿＿＿＿＿＿＿＿
＿＿＿＿＿＿＿＿＿＿
＿＿＿＿＿＿＿＿＿＿
＿＿＿＿＿＿＿＿＿＿
＿＿＿＿＿＿＿＿＿＿
＿＿＿＿＿＿＿＿＿＿
＿＿＿＿＿＿＿＿＿＿
＿＿＿＿＿＿＿■＿＿
＿＿＿＿＿＿＿■＿＿
＿＿＿＿＿＿□■□□
◆＿□＿□□□■□□
＿□□□□□□□□□
□□□□◆□□□□□
□□□□□□◆□□□
□□＿□□□＿□□□
＿□□□□□□□□□
□＿□□□□□□□＿
□□□□□□□□□＿
□□□□□□□□□＿
□□□□□□□□□＿
00:45:13(81396f):field(81395f)
＿＿＿＿＿＿＿＿＿＿
＿＿＿＿＿＿＿＿＿＿
＿＿＿＿＿＿＿＿＿＿
＿＿＿＿＿＿＿＿＿＿
＿＿＿＿＿＿＿＿＿＿
＿＿＿＿＿＿＿＿＿＿
＿＿＿＿＿＿＿＿＿＿
＿＿＿＿＿＿＿□＿＿
＿＿＿＿＿＿＿□＿＿
＿＿■■■＿□□□□
＿＿□■□□□□□□
＿□□□□□□□□□
□□□□＿□□□□□
□□□□□□＿□□□
□□＿□□□＿□□□
＿□□□□□□□□□
□＿□□□□□□□＿
□□□□□□□□□＿
□□□□□□□□□＿
□□□□□□□□□＿
00:45:13(81408f):field(81407f)
＿＿＿＿＿＿＿＿＿＿
＿＿＿＿＿＿＿＿＿＿
＿＿＿＿＿＿＿＿＿＿
＿＿＿＿＿＿＿＿＿＿
＿＿＿＿＿＿＿＿＿＿
＿＿＿＿＿＿＿＿＿＿
＿＿＿＿＿＿＿＿＿＿
＿＿＿＿＿＿＿□＿＿
＿＿＿■■■＿□＿＿
＿＿□□□■□□□□
＿＿□□□□□□□□
＿□□□□□□□□□
□□□□＿□□□□□
□□□□□□＿□□□
□□＿□□□＿□□□
＿□□□□□□□□□
□＿□□□□□□□＿
□□□□□□□□□＿
□□□□□□□□□＿
□□□□□□□□□＿
00:45:14(81422f):field(81421f)
＿＿＿＿＿＿＿＿＿＿
＿＿＿＿＿＿＿＿＿＿
＿＿＿＿＿＿＿＿＿＿
＿＿＿＿＿＿＿＿＿＿
＿＿＿＿＿＿＿＿＿＿
＿＿＿＿＿＿＿＿＿＿
＿＿＿＿＿＿＿＿＿＿
＿＿＿＿＿＿＿◆＿＿
＿＿＿◆◆◆＿◆＿＿
＿＿◆◆◆◆◆□◆◆
＿＿◆□□□□□□◆
＿□□□□□□□□□
□□□□＿□□□□□
□□□□□□■□□□
□□＿□□□＿□□□
＿□□□□□□□□□
□＿□□□□□□□＿
□□□□□□□□□＿
□□□□□□□□□＿
□□□□□□□□□＿
00:45:14(81434f):field(81433f)
＿＿＿＿＿＿＿＿＿＿
＿＿＿＿＿＿＿＿＿＿
＿＿＿＿＿＿＿＿＿＿
＿＿＿＿＿＿＿＿＿＿
＿＿＿＿＿＿＿＿＿＿
＿＿＿＿＿＿＿＿＿＿
＿＿＿＿＿＿＿＿＿＿
＿＿＿＿＿＿＿＿＿＿
＿＿＿＿■■＿＿＿＿
＿＿＿＿■■＿□＿＿
＿＿＿□□□◆□◆＿
＿□□□□□□□□□
□□□□＿□□□□□
□□□□□□◆□□□
□□＿□□□＿□□□
＿□□□□□□□□□
□＿□□□□□□□＿
□□□□□□□□□＿
□□□□□□□□□＿
□□□□□□□□□＿
00:45:14(81448f):field(81447f)
＿＿＿＿＿＿＿＿＿＿
＿＿＿＿＿＿＿＿＿＿
＿＿＿＿＿＿＿＿＿＿
＿＿＿＿＿＿＿＿＿＿
＿＿＿＿＿＿＿＿＿＿
＿＿＿＿＿＿＿＿＿＿
＿＿＿＿＿＿＿＿＿＿
＿＿＿＿＿＿■＿＿＿
＿＿＿＿□□■＿＿＿
＿＿＿＿□□■□＿＿
＿＿＿□□□■□＿＿
＿□□□□□□□□□
□□□□＿□□□□□
□□□□□□＿□□□
□□＿□□□＿□□□
＿□□□□□□□□□
□＿□□□□□□□＿
□□□□□□□□□＿
□□□□□□□□□＿
□□□□□□□□□＿
00:45:15(81460f):field(81459f)
＿＿＿＿＿＿＿＿＿＿
＿＿＿＿＿＿＿＿＿＿
＿＿＿＿＿＿＿＿＿＿
＿＿＿＿＿＿＿＿＿＿
＿＿＿＿＿＿＿＿＿＿
＿＿＿＿＿＿＿＿＿＿
＿＿＿＿＿＿＿＿＿＿
＿＿＿＿＿＿◆＿＿＿
＿＿＿＿◆◆□＿＿＿
＿＿＿＿□□□◆＿＿
＿＿＿◆□□□□＿＿
■□□□□□□□◆◆
□□□□＿□□□□□
□□□□□□■□□□
□□＿□□□＿□□□
＿□□□□□□□□□
□＿□□□□□□□＿
□□□□□□□□□＿
□□□□□□□□□＿
□□□□□□□□□＿
00:45:15(81473f):field(81472f)
＿＿＿＿＿＿＿＿＿＿
＿＿＿＿＿＿＿＿＿＿
＿＿＿＿＿＿＿＿＿＿
＿＿＿＿＿＿＿＿＿＿
＿＿＿＿＿＿＿＿＿＿
＿＿＿＿＿＿＿＿＿＿
＿＿＿＿＿＿＿＿＿＿
＿＿＿＿＿＿＿＿＿＿
＿＿＿＿＿＿□＿＿＿
＿＿■＿□□□＿＿＿
＿■■■□□□□＿＿
□□□□□□□□＿＿
□□□□＿□□□□□
□□□□□□◆□□□
□□＿□□□＿□□□
＿□□□□□□□□□
□＿□□□□□□□＿
□□□□□□□□□＿
□□□□□□□□□＿
□□□□□□□□□＿
00:45:16(81491f):field(81490f)
＿＿＿＿＿＿＿＿＿＿
＿＿＿＿＿＿＿＿＿＿
＿＿＿＿＿＿＿＿＿＿
＿＿＿＿＿＿＿＿＿＿
＿＿＿＿＿＿＿＿＿＿
＿＿＿＿＿＿＿＿＿＿
＿＿＿＿＿＿＿＿＿＿
＿＿＿＿■＿＿＿＿＿
＿＿＿■■＿□＿＿＿
＿＿□■□□□＿＿＿
＿□□□□□□□＿＿
□□□□□□□□＿＿
□□□□＿□□□□□
□□□□□□＿□□□
□□＿□□□＿□□□
＿□□□□□□□□□
□＿□□□□□□□＿
□□□□□□□□□＿
□□□□□□□□□＿
□□□□□□□□□＿
00:45:16(81502f):field(81501f)
＿＿＿＿＿＿＿＿＿＿
＿＿＿＿＿＿＿＿＿＿
＿＿＿＿＿＿＿＿＿＿
＿＿＿＿＿＿＿＿＿＿
＿＿＿＿＿＿＿＿＿＿
＿＿＿＿＿＿＿＿＿＿
＿＿＿＿＿＿＿＿＿＿
＿＿＿＿◆＿＿＿＿＿
＿＿＿◆□＿◆＿＿＿
＿＿◆□□◆□＿＿＿
■◆□□□□□◆＿＿
◆□□□□□□□■■
□□□□■□□□□□
□□□□□□■□□□
□□＿□□□＿□□□
＿□□□□□□□□□
□＿□□□□□□□＿
□□□□□□□□□＿
□□□□□□□□□＿
□□□□□□□□□＿
00:45:17(81516f):field(81515f)
＿＿＿＿＿＿＿＿＿＿
＿＿＿＿＿＿＿＿＿＿
＿＿＿＿＿＿＿＿＿＿
＿＿＿＿＿＿＿＿＿＿
＿＿＿＿＿＿＿＿＿＿
＿＿＿＿＿＿＿＿＿＿
＿＿＿＿＿＿＿＿＿＿
＿＿＿＿＿＿＿＿＿＿
＿＿＿＿□＿＿＿＿＿
＿＿＿□□＿□■＿＿
◆＿□□□□□■■■
＿□□□□□□□□□
□□□□◆□□□□□
□□□□□□◆□□□
□□＿□□□＿□□□
＿□□□□□□□□□
□＿□□□□□□□＿
□□□□□□□□□＿
□□□□□□□□□＿
□□□□□□□□□＿
00:45:17(81527f):field(81526f)
＿＿＿＿＿＿＿＿＿＿
＿＿＿＿＿＿＿＿＿＿
＿＿＿＿＿＿＿＿＿＿
＿＿＿＿＿＿＿＿＿＿
＿＿＿＿＿＿＿＿＿＿
＿＿＿＿＿＿＿＿＿＿
＿＿＿＿＿■＿＿＿＿
＿＿＿＿＿■＿＿＿＿
＿＿＿＿□■＿＿＿＿
＿＿＿□□■□□＿＿
＿＿□□□□□□□□
＿□□□□□□□□□
□□□□＿□□□□□
□□□□□□＿□□□
□□＿□□□＿□□□
＿□□□□□□□□□
□＿□□□□□□□＿
□□□□□□□□□＿
□□□□□□□□□＿
□□□□□□□□□＿
00:45:18(81542f):field(81541f)
＿＿＿＿＿＿＿＿＿＿
＿＿＿＿＿＿＿＿＿＿
＿＿＿＿＿＿＿＿＿＿
＿＿＿＿＿＿＿＿＿＿
＿＿＿＿＿＿＿＿＿＿
＿＿＿＿＿＿＿＿＿＿
＿＿＿＿＿□■＿＿＿
＿＿＿＿＿□■＿＿＿
＿＿＿＿□□■■＿＿
＿＿＿□□□□□＿＿
＿＿□□□□□□□□
＿□□□□□□□□□
□□□□＿□□□□□
□□□□□□＿□□□
□□＿□□□＿□□□
＿□□□□□□□□□
□＿□□□□□□□＿
□□□□□□□□□＿
□□□□□□□□□＿
□□□□□□□□□＿
00:45:18(81555f):field(81554f)
＿＿＿＿＿＿＿＿＿＿
＿＿＿＿＿＿＿＿＿＿
＿＿＿＿＿＿＿＿＿＿
＿＿＿＿＿＿＿＿＿＿
＿＿＿＿＿＿＿＿＿＿
＿＿＿＿＿＿＿＿＿＿
＿＿＿＿＿◆◆＿＿＿
＿＿＿＿＿□□＿＿＿
＿＿＿＿◆□□◆＿＿
＿＿＿◆□□□□■＿
＿■□□□□□□□◆
■□□□□□□□□□
□□□□＿□□□□□
□□□□□□＿□□□
□□＿□□□＿□□□
＿□□□□□□□□□
□＿□□□□□□□＿
□□□□□□□□□＿
□□□□□□□□□＿
□□□□□□□□□＿
00:45:18(81566f):field(81565f)
＿＿＿＿＿＿＿＿＿＿
＿＿＿＿＿＿＿＿＿＿
＿＿＿＿＿＿＿＿＿＿
＿＿＿＿＿＿＿＿＿＿
＿＿＿＿＿＿＿＿＿＿
＿＿＿＿＿＿＿＿＿＿
＿＿＿＿＿＿＿＿＿＿
＿＿＿■＿□□＿＿＿
＿＿＿■■□□＿＿＿
＿＿＿■□□□□◆＿
＿□□□□□□□◆＿
◆□□□□□□□□□
□□□□＿□□□□□
□□□□□□＿□□□
□□＿□□□＿□□□
＿□□□□□□□□□
□＿□□□□□□□＿
□□□□□□□□□＿
□□□□□□□□□＿
□□□□□□□□□＿
00:45:19(81578f):field(81577f)
＿＿＿＿＿＿＿＿＿＿
＿＿＿＿＿＿＿＿＿＿
＿＿＿＿＿＿＿＿＿＿
＿＿＿＿＿＿＿＿＿＿
＿＿＿＿＿＿＿＿＿＿
＿＿＿＿＿■＿＿＿＿
＿＿＿＿■■＿＿＿＿
＿＿＿□■□□＿＿＿
＿＿＿□□□□＿＿＿
＿＿＿□□□□□＿＿
＿□□□□□□□＿＿
＿□□□□□□□□□
□□□□＿□□□□□
□□□□□□＿□□□
□□＿□□□＿□□□
＿□□□□□□□□□
□＿□□□□□□□＿
□□□□□□□□□＿
□□□□□□□□□＿
□□□□□□□□□＿
00:45:19(81592f):field(81591f)
＿＿＿＿＿＿＿＿＿＿
＿＿＿＿＿＿＿＿＿＿
＿＿＿＿＿＿＿＿＿＿
＿＿＿＿＿＿＿＿＿＿
＿＿＿＿＿＿＿＿＿＿
＿＿＿＿＿□＿＿＿＿
＿＿＿＿□□＿＿＿＿
＿＿＿□□□□＿＿＿
＿＿＿□□□□＿＿＿
＿＿＿□□□□□■■
＿□□□□□□□■■
＿□□□□□□□□□
□□□□＿□□□□□
□□□□□□＿□□□
□□＿□□□＿□□□
＿□□□□□□□□□
□＿□□□□□□□＿
□□□□□□□□□＿
□□□□□□□□□＿
□□□□□□□□□＿
00:45:20(81606f):field(81605f)
＿＿＿＿＿＿＿＿＿＿
＿＿＿＿＿＿＿＿＿＿
＿＿＿＿＿＿＿＿＿＿
＿＿＿＿＿＿＿＿＿＿
＿＿＿＿＿＿＿＿＿＿
＿＿＿＿＿□＿＿＿＿
＿＿＿＿□□＿＿＿＿
＿＿＿□□□□＿＿■
＿＿＿□□□□■■■
＿＿＿□□□□□□□
＿□□□□□□□□□
＿□□□□□□□□□
□□□□＿□□□□□
□□□□□□＿□□□
□□＿□□□＿□□□
＿□□□□□□□□□
□＿□□□□□□□＿
□□□□□□□□□＿
□□□□□□□□□＿
□□□□□□□□□＿
00:45:20(81618f):field(81617f)
＿＿＿＿＿＿＿＿＿＿
＿＿＿＿＿＿＿＿＿＿
＿＿＿＿＿＿＿＿＿＿
＿＿＿＿＿＿＿＿＿＿
＿＿＿＿＿＿＿＿＿＿
＿＿＿＿＿◆＿＿＿＿
＿＿＿＿◆◆＿＿＿＿
＿＿＿◆◆□◆＿＿◆
＿＿＿◆□□◆◆◆◆
＿■＿□□□□◆◆□
■◆□□□□□□□□
■□◆□□□□□□□
□□□□＿□□□□□
□□□□□□■□□□
□□＿□□□＿□□□
＿□□□□□□□□□
□＿□□□□□□□＿
□□□□□□□□□＿
□□□□□□□□□＿
□□□□□□□□□＿
00:45:21(81631f):field(81630f)
＿＿＿＿＿＿＿＿＿＿
＿＿＿＿＿＿＿＿＿＿
＿＿＿＿＿＿＿＿＿＿
＿＿＿＿＿＿＿＿＿＿
＿＿＿＿＿＿＿＿＿＿
＿＿＿＿＿＿＿＿＿＿
＿＿＿＿＿＿＿＿＿＿
＿＿＿＿＿◆＿＿＿＿
＿＿＿＿◆□＿＿＿＿
＿◆＿◆□□◆＿＿◆
◆＿□□□□□◆◆□
□◆■□□□□□□□
□□□□＿□□□□□
□□□□□□◆□□□
□□＿□□□＿□□□
＿□□□□□□□□□
□＿□□□□□□□＿
□□□□□□□□□＿
□□□□□□□□□＿
□□□□□□□□□＿
00:45:21(81642f):field(81641f)
＿＿＿＿＿＿＿＿＿＿
＿＿＿＿＿＿＿＿＿＿
＿＿＿＿＿＿＿＿＿＿
＿＿＿＿＿＿＿＿＿＿
＿＿＿＿＿＿＿＿＿＿
＿＿＿＿＿＿＿＿＿＿
＿＿＿＿＿＿＿＿＿＿
＿＿＿＿＿＿＿＿＿＿
＿＿＿＿＿◆＿＿＿＿
＿＿＿＿◆□＿＿＿＿
■＿□◆□□◆＿＿◆
□■□□□□□◆□□
□□□□■□□□□□
□□□□□□■□□□
□□＿□□□＿□□□
＿□□□□□□□□□
□＿□□□□□□□＿
□□□□□□□□□＿
□□□□□□□□□＿
□□□□□□□□□＿
00:45:21(81657f):field(81656f)
＿＿＿＿＿＿＿＿＿＿
＿＿＿＿＿＿＿＿＿＿
＿＿＿＿＿＿＿＿＿＿
＿＿＿＿＿＿＿＿＿＿
＿＿＿＿＿＿＿＿＿＿
＿＿＿＿＿＿＿＿＿＿
＿＿＿＿＿＿＿＿＿＿
＿＿＿＿＿＿＿＿＿＿
＿＿＿＿＿＿＿＿＿＿
＿＿＿＿＿◆＿＿＿＿
□＿□＿◆□＿＿＿＿
□◆◆◆□□◆■□◆
□□□□□□□□□□
□□□□□□□□□□
□□＿□□□＿□□□
＿□□□□□□□□□
□＿□□□□□□□＿
□□□□□□□□□＿
□□□□□□□□□＿
□□□□□□□□□＿
00:45:22(81669f):field(81668f)
＿＿＿＿＿＿＿＿＿＿
＿＿＿＿＿＿＿＿＿＿
＿＿＿＿＿＿＿＿＿＿
＿＿＿＿＿＿＿＿＿＿
＿＿＿＿＿＿＿＿＿＿
＿＿＿＿＿＿＿＿＿＿
＿＿＿＿＿＿＿＿＿＿
＿＿＿＿＿＿＿＿＿＿
＿＿＿＿＿＿＿＿＿＿
＿＿＿＿＿＿＿＿＿＿
◆＿□＿＿□＿＿＿＿
□■■■□□＿□□＿
□□□□◆□□□□□
□□□□□□◆□□□
□□＿□□□＿□□□
＿□□□□□□□□□
□＿□□□□□□□＿
□□□□□□□□□＿
□□□□□□□□□＿
□□□□□□□□□＿
00:45:22(81682f):field(81681f)
＿＿＿＿＿＿＿＿＿＿
＿＿＿＿＿＿＿＿＿＿
＿＿＿＿＿＿＿＿＿＿
＿＿＿＿＿＿＿＿＿＿
＿＿＿＿＿＿＿＿＿＿
＿＿＿＿＿＿＿＿＿＿
＿＿＿＿＿＿＿＿＿＿
＿＿＿＿■＿＿＿＿＿
＿＿＿＿■＿＿＿＿＿
＿＿＿＿■＿＿＿＿＿
＿＿□＿■□＿＿＿＿
□□□□□□＿□□＿
□□□□＿□□□□□
□□□□□□＿□□□
□□＿□□□＿□□□
＿□□□□□□□□□
□＿□□□□□□□＿
□□□□□□□□□＿
□□□□□□□□□＿
□□□□□□□□□＿
00:45:23(81695f):field(81694f)
＿＿＿＿＿＿＿＿＿＿
＿＿＿＿＿＿＿＿＿＿
＿＿＿＿＿＿＿＿＿＿
＿＿＿＿＿＿＿＿＿＿
＿＿＿＿＿＿＿＿＿＿
＿＿＿＿＿＿＿＿＿＿
＿＿＿＿＿＿＿＿＿＿
＿＿＿＿□＿＿＿＿＿
＿＿＿＿□＿＿＿＿＿
＿＿＿＿□＿＿■＿＿
＿＿□＿□□■■＿＿
□□□□□□■□□＿
□□□□＿□□□□□
□□□□□□＿□□□
□□＿□□□＿□□□
＿□□□□□□□□□
□＿□□□□□□□＿
□□□□□□□□□＿
□□□□□□□□□＿
□□□□□□□□□＿
00:45:23(81708f):field(81707f)
＿＿＿＿＿＿＿＿＿＿
＿＿＿＿＿＿＿＿＿＿
＿＿＿＿＿＿＿＿＿＿
＿＿＿＿＿＿＿＿＿＿
＿＿＿＿＿＿＿＿＿＿
＿＿＿＿＿＿＿＿＿＿
＿＿＿＿＿＿＿＿＿＿
＿＿＿＿□＿■＿＿＿
＿＿＿＿□＿■＿＿＿
＿＿＿＿□■■□＿＿
＿＿□＿□□□□＿＿
□□□□□□□□□＿
□□□□＿□□□□□
□□□□□□＿□□□
□□＿□□□＿□□□
＿□□□□□□□□□
□＿□□□□□□□＿
□□□□□□□□□＿
□□□□□□□□□＿
□□□□□□□□□＿
00:45:24(81721f):field(81720f)
＿＿＿＿＿＿＿＿＿＿
＿＿＿＿＿＿＿＿＿＿
＿＿＿＿＿＿＿＿＿＿
＿＿＿＿＿＿＿＿＿＿
＿＿＿＿＿＿＿＿＿＿
＿＿＿＿＿＿＿＿＿＿
＿＿＿＿＿＿＿＿＿＿
＿＿＿＿□＿□＿＿＿
＿＿＿＿□＿□＿＿＿
■■＿＿□□□□＿＿
■■□＿□□□□＿＿
□□□□□□□□□＿
□□□□＿□□□□□
□□□□□□＿□□□
□□＿□□□＿□□□
＿□□□□□□□□□
□＿□□□□□□□＿
□□□□□□□□□＿
□□□□□□□□□＿
□□□□□□□□□＿
00:45:24(81733f):field(81732f)
＿＿＿＿＿＿＿＿＿＿
＿＿＿＿＿＿＿＿＿＿
＿＿＿＿＿＿＿＿＿＿
＿＿＿＿＿＿＿＿＿＿
＿＿＿＿＿＿＿＿＿＿
＿＿＿＿＿＿＿＿＿＿
＿＿＿＿＿＿＿＿＿＿
＿＿＿＿□＿□＿＿＿
＿＿＿■□＿□＿＿＿
□□■■□□□□＿＿
□□□■□□□□＿＿
□□□□□□□□□＿
□□□□＿□□□□□
□□□□□□＿□□□
□□＿□□□＿□□□
＿□□□□□□□□□
□＿□□□□□□□＿
□□□□□□□□□＿
□□□□□□□□□＿
□□□□□□□□□＿
00:45:25(81756f):field(81755f)
＿＿＿＿＿＿＿＿＿＿
＿＿＿＿＿＿＿＿＿＿
＿＿＿＿＿＿＿＿＿＿
＿＿＿＿＿＿＿＿＿＿
＿＿＿＿＿＿＿＿＿＿
＿＿＿＿＿＿＿＿＿＿
＿＿＿＿＿＿＿＿＿＿
＿＿■＿□＿□＿＿＿
■■■□□＿□＿＿＿
□□□□□□□□＿＿
□□□□□□□□＿＿
□□□□□□□□□＿
□□□□＿□□□□□
□□□□□□＿□□□
□□＿□□□＿□□□
＿□□□□□□□□□
□＿□□□□□□□＿
□□□□□□□□□＿
□□□□□□□□□＿
□□□□□□□□□＿
00:45:25(81769f):field(81768f)
＿＿＿＿＿＿＿＿＿＿
＿＿＿＿＿＿＿＿＿＿
＿＿＿＿＿＿＿＿＿＿
＿＿＿＿＿＿＿＿＿＿
＿＿＿＿＿＿＿＿＿＿
＿＿■＿＿＿＿＿＿＿
＿＿■■＿＿＿＿＿＿
＿＿□■□＿□＿＿＿
□□□□□＿□＿＿＿
□□□□□□□□＿＿
□□□□□□□□＿＿
□□□□□□□□□＿
□□□□＿□□□□□
□□□□□□＿□□□
□□＿□□□＿□□□
＿□□□□□□□□□
□＿□□□□□□□＿
□□□□□□□□□＿
□□□□□□□□□＿
□□□□□□□□□＿
00:45:26(81780f):field(81779f)
＿＿＿＿＿＿＿＿＿＿
＿＿＿＿＿＿＿＿＿＿
＿＿＿＿＿＿＿＿＿＿
＿＿＿＿＿＿＿＿＿＿
＿＿＿＿＿＿＿＿＿＿
＿＿□＿＿■＿＿＿＿
＿＿□□＿■＿＿＿＿
＿＿□□□■□＿＿＿
□□□□□■□＿＿＿
□□□□□□□□＿＿
□□□□□□□□＿＿
□□□□□□□□□＿
□□□□＿□□□□□
□□□□□□＿□□□
□□＿□□□＿□□□
＿□□□□□□□□□
□＿□□□□□□□＿
□□□□□□□□□＿
□□□□□□□□□＿
□□□□□□□□□＿
00:45:26(81792f):field(81791f)
＿＿＿＿＿＿＿＿＿＿
＿＿＿＿＿＿＿＿＿＿
＿＿＿＿＿＿＿＿＿＿
＿＿＿＿＿＿＿＿＿＿
＿＿＿■＿＿＿＿＿＿
＿＿□■■□＿＿＿＿
＿＿□□■□＿＿＿＿
＿＿□□□□□＿＿＿
□□□□□□□＿＿＿
□□□□□□□□＿＿
□□□□□□□□＿＿
□□□□□□□□□＿
□□□□＿□□□□□
□□□□□□＿□□□
□□＿□□□＿□□□
＿□□□□□□□□□
□＿□□□□□□□＿
□□□□□□□□□＿
□□□□□□□□□＿
□□□□□□□□□＿
00:45:26(81808f):field(81807f)
＿＿＿＿＿＿＿＿＿＿
＿＿＿＿＿＿＿＿＿＿
＿＿＿＿＿＿＿＿＿＿
＿＿＿＿＿＿＿＿＿＿
＿＿＿◆＿＿＿＿＿＿
＿＿◆◆◆◆＿＿＿＿
＿＿◆□◆◆＿＿＿＿
＿＿□□□□◆＿＿＿
◆◆□□□□◆＿＿＿
◆◆□□□□□□＿＿
□□□□□□□◆■＿
□□□□□□□□◆■
□□□□＿□□□□□
□□□□□□■□□□
□□＿□□□＿□□□
＿□□□□□□□□□
□＿□□□□□□□＿
□□□□□□□□□＿
□□□□□□□□□＿
□□□□□□□□□＿
00:45:27(81821f):field(81820f)
＿＿＿＿＿＿＿＿＿＿
＿＿＿＿＿＿＿＿＿＿
＿＿＿＿＿＿＿＿＿＿
＿＿＿＿＿＿＿＿＿＿
＿＿＿＿＿＿＿＿＿＿
＿＿＿＿■■＿＿＿＿
＿＿＿□■■＿＿＿＿
＿＿□□□□＿＿＿＿
＿＿□□□□＿＿＿＿
＿＿□□□□□◆＿＿
□□□□□□□＿◆＿
□□□□□□□□＿□
□□□□＿□□□□□
□□□□□□◆□□□
□□＿□□□＿□□□
＿□□□□□□□□□
□＿□□□□□□□＿
□□□□□□□□□＿
□□□□□□□□□＿
□□□□□□□□□＿
00:45:27(81834f):field(81833f)
＿＿＿＿＿＿＿＿＿＿
＿＿＿＿＿＿＿＿＿＿
＿＿＿＿＿＿＿＿＿＿
＿＿＿＿＿＿＿＿＿＿
＿＿＿＿＿＿＿＿＿＿
＿＿＿＿□□＿＿＿＿
＿＿＿□□□＿＿＿＿
■＿□□□□＿＿＿＿
■＿□□□□＿＿＿＿
■■□□□□□＿＿＿
□□□□□□□＿＿＿
□□□□□□□□＿□
□□□□＿□□□□□
□□□□□□＿□□□
□□＿□□□＿□□□
＿□□□□□□□□□
□＿□□□□□□□＿
□□□□□□□□□＿
□□□□□□□□□＿
□□□□□□□□□＿
00:45:28(81846f):field(81845f)
＿＿＿＿＿＿＿＿＿＿
＿＿＿＿＿＿＿＿＿＿
＿＿＿＿＿＿＿＿＿＿
＿＿＿＿＿＿＿＿＿＿
＿＿＿＿＿＿＿＿＿＿
＿＿＿＿□□＿＿＿＿
＿■■□□□＿＿＿＿
□■□□□□＿＿＿＿
□■□□□□＿＿＿＿
□□□□□□□＿＿＿
□□□□□□□＿＿＿
□□□□□□□□＿□
□□□□＿□□□□□
□□□□□□＿□□□
□□＿□□□＿□□□
＿□□□□□□□□□
□＿□□□□□□□＿
□□□□□□□□□＿
□□□□□□□□□＿
□□□□□□□□□＿
00:45:28(81861f):field(81860f)
＿＿＿＿＿＿＿＿＿＿
＿＿＿＿＿＿＿＿＿＿
＿＿＿＿＿＿＿＿＿＿
＿＿＿＿＿＿＿＿＿＿
＿＿＿＿＿＿＿＿＿＿
＿＿＿＿□□＿＿＿＿
＿□□□□□＿＿＿＿
□□□□□□＿＿＿＿
□□□□□□＿＿＿＿
□□□□□□□■■＿
□□□□□□□■■＿
□□□□□□□□＿□
□□□□＿□□□□□
□□□□□□＿□□□
□□＿□□□＿□□□
＿□□□□□□□□□
□＿□□□□□□□＿
□□□□□□□□□＿
□□□□□□□□□＿
□□□□□□□□□＿
00:45:29(81873f):field(81872f)
＿＿＿＿＿＿＿＿＿＿
＿＿＿＿＿＿＿＿＿＿
＿＿＿＿＿＿＿＿＿＿
＿＿＿＿＿＿＿＿＿＿
■＿＿＿＿＿＿＿＿＿
■■＿＿□□＿＿＿＿
■□□□□□＿＿＿＿
□□□□□□＿＿＿＿
□□□□□□＿＿＿＿
□□□□□□□□□＿
□□□□□□□□□＿
□□□□□□□□＿□
□□□□＿□□□□□
□□□□□□＿□□□
□□＿□□□＿□□□
＿□□□□□□□□□
□＿□□□□□□□＿
□□□□□□□□□＿
□□□□□□□□□＿
□□□□□□□□□＿
00:45:29(81886f):field(81885f)
＿＿＿＿＿＿＿＿＿＿
＿＿＿＿＿＿＿＿＿＿
＿＿＿＿＿＿＿＿＿＿
＿＿＿＿＿＿＿＿＿＿
□＿＿■■＿＿＿＿＿
□□■■□□＿＿＿＿
□□□□□□＿＿＿＿
□□□□□□＿＿＿＿
□□□□□□＿＿＿＿
□□□□□□□□□＿
□□□□□□□□□＿
□□□□□□□□＿□
□□□□＿□□□□□
□□□□□□＿□□□
□□＿□□□＿□□□
＿□□□□□□□□□
□＿□□□□□□□＿
□□□□□□□□□＿
□□□□□□□□□＿
□□□□□□□□□＿
00:45:30(81900f):field(81899f)
＿＿＿＿＿＿＿＿＿＿
＿＿＿＿＿＿＿＿＿＿
＿＿＿＿＿＿＿＿＿＿
■■＿＿＿＿＿＿＿＿
□■■□□＿＿＿＿＿
□□□□□□＿＿＿＿
□□□□□□＿＿＿＿
□□□□□□＿＿＿＿
□□□□□□＿＿＿＿
□□□□□□□□□＿
□□□□□□□□□＿
□□□□□□□□＿□
□□□□＿□□□□□
□□□□□□＿□□□
□□＿□□□＿□□□
＿□□□□□□□□□
□＿□□□□□□□＿
□□□□□□□□□＿
□□□□□□□□□＿
□□□□□□□□□＿
00:45:30(81925f):field(81924f)
＿＿＿＿＿＿＿＿＿＿
＿＿＿＿＿＿＿＿＿＿
＿＿＿＿＿＿＿＿＿＿
□□＿＿＿＿＿＿＿＿
□□□□□＿＿＿＿＿
□□□□□□＿＿＿＿
□□□□□□■＿＿＿
□□□□□□■＿＿＿
□□□□□□■■＿＿
□□□□□□□□□＿
□□□□□□□□□＿
□□□□□□□□＿□
□□□□＿□□□□□
□□□□□□＿□□□
□□＿□□□＿□□□
＿□□□□□□□□□
□＿□□□□□□□＿
□□□□□□□□□＿
□□□□□□□□□＿
□□□□□□□□□＿
00:45:31(81944f):field(81943f)
＿＿＿＿＿＿＿＿＿＿
＿＿＿＿＿＿＿＿＿＿
＿＿＿＿＿＿＿＿＿＿
◆◆＿＿＿＿＿＿＿＿
□□◆◆◆＿＿＿＿＿
□□□□□◆＿＿＿＿
□□□□□□◆＿＿＿
□□□□□□□＿＿＿
□□□□□□□□■＿
□□□□□□□□□＿
□□□□□□□□□＿
□□□□□□□□＿□
□□□□＿□□□□□
□□□□□□＿□□□
□□＿□□□＿□□□
＿□□□□□□□□□
□＿□□□□□□□＿
□□□□□□□□□＿
□□□□□□□□□＿
□□□□□□□□□＿
00:45:31(81956f):field(81955f)
＿＿＿＿＿＿＿＿＿＿
＿＿＿＿＿＿＿＿＿＿
＿＿＿＿＿＿＿＿＿＿
＿＿＿＿＿＿＿＿＿＿
◆◆＿＿＿＿＿＿＿＿
◆◆◆◆◆＿＿＿＿＿
◆◆◆◆◆◆＿＿＿＿
□□◆◆◆◆□＿＿■
□□□□□◆◆□□＿
□□□□□□□◆◆■
□□□□□□□◆◆■
□□□□□□□□＿□
□□□□＿□□□□□
□□□□□□＿□□□
□□＿□□□＿□□□
＿□□□□□□□□□
□＿□□□□□□□＿
□□□□□□□□□＿
□□□□□□□□□＿
□□□□□□□□□＿
00:45:32(81972f):field(81971f)
＿＿＿＿＿＿＿＿＿＿
＿＿＿＿＿＿＿＿＿＿
＿＿＿＿＿＿＿＿＿＿
＿＿＿＿＿＿＿＿＿＿
＿＿＿＿＿＿＿＿＿＿
＿＿＿＿＿＿＿＿＿＿
＿＿＿＿＿＿＿＿＿＿
◆◆＿＿＿＿◆＿＿◆
□□◆◆◆＿＿◆◆＿
□□□□□◆◆＿＿◆
□□□□□□□＿■□
□□□□□□□□■□
□□□□＿□□□□□
□□□□□□■□□□
□□＿□□□＿□□□
＿□□□□□□□□□
□＿□□□□□□□＿
□□□□□□□□□＿
□□□□□□□□□＿
□□□□□□□□□＿
00:45:32(81986f):field(81985f)
＿＿＿＿＿＿＿＿＿＿
＿＿＿＿＿＿＿＿＿＿
＿＿＿＿＿＿＿＿＿＿
＿＿＿＿＿＿＿＿＿＿
＿＿＿＿＿＿＿＿＿＿
＿＿＿＿＿＿＿＿＿＿
＿＿＿＿＿＿＿＿＿＿
＿＿■■＿＿＿＿＿＿
□□■■＿＿＿＿＿＿
□□□□□＿＿＿＿＿
□□□□□□◆＿□□
□□□□□□□◆□□
□□□□＿□□□□□
□□□□□□◆□□□
□□＿□□□＿□□□
＿□□□□□□□□□
□＿□□□□□□□＿
□□□□□□□□□＿
□□□□□□□□□＿
□□□□□□□□□＿
00:45:33(81999f):field(81998f)
＿＿＿＿＿＿＿＿＿＿
＿＿＿＿＿＿＿＿＿＿
＿＿＿＿＿＿＿＿＿＿
＿＿＿＿＿＿＿＿＿＿
＿＿＿＿＿＿＿＿＿＿
＿＿＿＿＿＿＿＿＿＿
＿＿＿＿＿＿＿＿＿＿
＿＿◆◆＿＿＿＿＿＿
◆◆◆◆＿＿＿＿＿＿
◆◆□□◆＿＿■＿＿
□□□□◆◆■＿◆◆
□□□□□□□■◆◆
□□□□＿□□□□□
□□□□□□＿□□□
□□＿□□□＿□□□
＿□□□□□□□□□
□＿□□□□□□□＿
□□□□□□□□□＿
□□□□□□□□□＿
□□□□□□□□□＿
00:45:33(82014f):field(82013f)
＿＿＿＿＿＿＿＿＿＿
＿＿＿＿＿＿＿＿＿＿
＿＿＿＿＿＿＿＿＿＿
＿＿＿＿＿＿＿＿＿＿
＿＿＿＿＿＿＿＿＿＿
＿＿＿＿＿＿＿＿＿＿
＿＿＿＿＿＿＿＿＿＿
＿＿＿＿＿＿＿＿＿＿
＿＿＿＿＿＿＿＿＿＿
＿＿□□＿＿＿◆＿＿
□□□□＿＿◆＿＿■
□□□□□◆□□■■
□□□□＿□□□□□
□□□□□□＿□□□
□□＿□□□＿□□□
＿□□□□□□□□□
□＿□□□□□□□＿
□□□□□□□□□＿
□□□□□□□□□＿
□□□□□□□□□＿
00:45:34(82027f):field(82026f)
＿＿＿＿＿＿＿＿＿＿
＿＿＿＿＿＿＿＿＿＿
＿＿＿＿＿＿＿＿＿＿
＿＿＿＿＿＿＿＿＿＿
＿＿＿＿＿＿＿＿＿＿
＿＿＿＿＿＿＿＿＿＿
＿＿＿＿＿＿＿＿＿＿
＿＿＿＿＿＿＿＿＿＿
＿＿＿＿＿＿＿＿＿＿
＿＿◆◆＿＿＿＿＿＿
◆◆□□■■＿＿＿◆
□□□□◆■□◆◆□
□□□□＿□□□□□
□□□□□□■□□□
□□＿□□□＿□□□
＿□□□□□□□□□
□＿□□□□□□□＿
□□□□□□□□□＿
□□□□□□□□□＿
□□□□□□□□□＿
00:45:34(82042f):field(82041f)
＿＿＿＿＿＿＿＿＿＿
＿＿＿＿＿＿＿＿＿＿
＿＿＿＿＿＿＿＿＿＿
＿＿＿＿＿＿＿＿＿＿
＿＿＿＿＿＿＿＿＿＿
＿＿＿＿＿＿＿＿＿＿
＿＿＿＿＿＿＿＿＿＿
＿＿＿＿＿＿＿＿＿＿
＿＿＿＿＿＿＿＿＿＿
＿＿＿＿＿＿＿＿＿＿
＿＿□□◆□■■＿＿
□□□□＿□□■■□
□□□□＿□□□□□
□□□□□□◆□□□
□□＿□□□＿□□□
＿□□□□□□□□□
□＿□□□□□□□＿
□□□□□□□□□＿
□□□□□□□□□＿
□□□□□□□□□＿
00:45:35(82055f):field(82054f)
＿＿＿＿＿＿＿＿＿＿
＿＿＿＿＿＿＿＿＿＿
＿＿＿＿＿＿＿＿＿＿
＿＿＿＿＿＿＿＿＿＿
＿＿＿＿＿＿＿＿＿＿
＿＿＿＿＿＿＿＿＿＿
＿＿＿＿＿＿＿＿＿＿
＿＿＿＿＿＿＿＿＿＿
＿＿＿＿＿＿＿＿＿＿
■■＿＿＿＿＿＿＿＿
■■□□＿□□□＿＿
□□□□＿□□□□□
□□□□＿□□□□□
□□□□□□＿□□□
□□＿□□□＿□□□
＿□□□□□□□□□
□＿□□□□□□□＿
□□□□□□□□□＿
□□□□□□□□□＿
□□□□□□□□□＿
00:45:35(82068f):field(82067f)
＿＿＿＿＿＿＿＿＿＿
＿＿＿＿＿＿＿＿＿＿
＿＿＿＿＿＿＿＿＿＿
＿＿＿＿＿＿＿＿＿＿
＿＿＿＿＿＿＿＿＿＿
＿＿＿＿＿＿＿＿＿＿
＿＿＿＿＿＿＿＿＿＿
＿＿＿■＿＿＿＿＿＿
＿＿＿■＿＿＿＿＿＿
□□■■＿＿＿＿＿＿
□□□□＿□□□＿＿
□□□□＿□□□□□
□□□□＿□□□□□
□□□□□□＿□□□
□□＿□□□＿□□□
＿□□□□□□□□□
□＿□□□□□□□＿
□□□□□□□□□＿
□□□□□□□□□＿
□□□□□□□□□＿
00:45:36(82089f):field(82088f)
＿＿＿＿＿＿＿＿＿＿
＿＿＿＿＿＿＿＿＿＿
＿＿＿＿＿＿＿＿＿＿
＿＿＿＿＿＿＿＿＿＿
＿＿＿＿＿＿＿＿＿＿
＿＿＿＿＿＿＿＿＿＿
＿＿＿＿＿＿＿＿＿＿
＿＿＿□＿■＿＿＿＿
＿＿＿□＿■＿＿＿＿
□□□□＿■■＿＿＿
□□□□＿□□□＿＿
□□□□＿□□□□□
□□□□＿□□□□□
□□□□□□＿□□□
□□＿□□□＿□□□
＿□□□□□□□□□
□＿□□□□□□□＿
□□□□□□□□□＿
□□□□□□□□□＿
□□□□□□□□□＿
00:45:36(82102f):field(82101f)
＿＿＿＿＿＿＿＿＿＿
＿＿＿＿＿＿＿＿＿＿
＿＿＿＿＿＿＿＿＿＿
＿＿＿＿＿＿＿＿＿＿
＿＿＿＿＿＿＿＿＿＿
＿＿＿＿＿＿＿＿＿＿
＿＿＿＿＿＿＿＿＿＿
＿＿＿◆＿◆＿＿＿＿
＿＿＿◆＿◆＿＿＿＿
◆◆◆□＿□◆＿＿＿
◆◆□□＿□◆◆＿＿
□□□□■□□□□◆
□□□□■□□□□◆
□□□□□□■□□□
□□＿□□□＿□□□
＿□□□□□□□□□
□＿□□□□□□□＿
□□□□□□□□□＿
□□□□□□□□□＿
□□□□□□□□□＿
00:45:37(82116f):field(82115f)
＿＿＿＿＿＿＿＿＿＿
＿＿＿＿＿＿＿＿＿＿
＿＿＿＿＿＿＿＿＿＿
＿＿＿＿＿＿＿＿＿＿
＿＿＿＿＿＿＿＿＿＿
＿＿＿＿＿＿＿＿＿＿
＿＿＿＿＿＿＿＿＿＿
＿＿＿＿＿＿＿＿＿＿
＿＿＿＿＿＿＿＿＿＿
＿＿＿◆＿◆＿＿＿＿
＿＿◆□＿□＿＿＿＿
□◆□□◆□◆◆◆＿
□□□□□□□□□＿
□□□□□□□□□□
□□■□□□＿□□□
＿□□□□□□□□□
□＿□□□□□□□＿
□□□□□□□□□＿
□□□□□□□□□＿
□□□□□□□□□＿
00:45:37(82130f):field(82129f)
＿＿＿＿＿＿＿＿＿＿
＿＿＿＿＿＿＿＿＿＿
＿＿＿＿＿＿＿＿＿＿
＿＿＿＿＿＿＿＿＿＿
＿＿＿＿＿＿＿＿＿＿
＿＿＿＿＿＿＿＿＿＿
＿＿＿＿＿＿＿＿＿＿
＿＿＿＿＿＿＿＿＿＿
＿＿＿＿＿＿＿＿＿＿
＿＿＿＿＿＿＿＿＿＿
＿＿＿□＿□■■＿＿
◆＿◆□＿□■■＿＿
□□□□□□□□□＿
□□□□□□◆□□□
□□◆□□□＿□□□
＿□□□□□□□□□
□＿□□□□□□□＿
□□□□□□□□□＿
□□□□□□□□□＿
□□□□□□□□□＿
00:45:38(82141f):field(82140f)
＿＿＿＿＿＿＿＿＿＿
＿＿＿＿＿＿＿＿＿＿
＿＿＿＿＿＿＿＿＿＿
＿＿＿＿＿＿＿＿＿＿
＿＿＿＿＿＿＿＿＿＿
＿＿＿＿＿＿＿＿＿＿
＿＿＿＿＿＿＿＿＿＿
＿＿＿＿＿＿＿＿＿＿
＿＿＿＿＿＿＿＿＿＿
＿＿＿■■■＿＿＿＿
＿＿＿□■□□□＿＿
＿＿＿□＿□□□＿＿
□□□□□□□□□＿
□□□□□□＿□□□
□□＿□□□＿□□□
＿□□□□□□□□□
□＿□□□□□□□＿
□□□□□□□□□＿
□□□□□□□□□＿
□□□□□□□□□＿
00:45:38(82155f):field(82154f)
＿＿＿＿＿＿＿＿＿＿
＿＿＿＿＿＿＿＿＿＿
＿＿＿＿＿＿＿＿＿＿
＿＿＿＿＿＿＿＿＿＿
＿＿＿＿＿＿＿＿＿＿
＿＿＿＿＿＿＿＿＿＿
＿＿＿＿＿＿＿＿＿＿
＿＿＿＿＿＿＿＿＿＿
＿＿＿＿＿＿＿＿＿＿
＿＿＿□□□＿＿＿＿
■＿＿□□□□□＿＿
■■■□＿□□□＿＿
□□□□□□□□□＿
□□□□□□＿□□□
□□＿□□□＿□□□
＿□□□□□□□□□
□＿□□□□□□□＿
□□□□□□□□□＿
□□□□□□□□□＿
□□□□□□□□□＿
00:45:38(82168f):field(82167f)
＿＿＿＿＿＿＿＿＿＿
＿＿＿＿＿＿＿＿＿＿
＿＿＿＿＿＿＿＿＿＿
＿＿＿＿＿＿＿＿＿＿
＿＿＿＿＿＿＿＿＿＿
＿＿＿＿＿＿＿＿＿＿
＿＿＿＿＿＿＿＿＿＿
＿＿＿＿＿＿＿＿＿＿
＿＿＿＿＿＿＿＿＿＿
＿＿＿◆◆◆＿＿＿＿
◆＿＿□□□◆◆＿＿
□◆◆□■□□□■＿
□□□□□□□□□■
□□□□□□＿□□□
□□＿□□□■□□□
＿□□□□□□□□□
□＿□□□□□□□＿
□□□□□□□□□＿
□□□□□□□□□＿
□□□□□□□□□＿
00:45:39(82183f):field(82182f)
＿＿＿＿＿＿＿＿＿＿
＿＿＿＿＿＿＿＿＿＿
＿＿＿＿＿＿＿＿＿＿
＿＿＿＿＿＿＿＿＿＿
＿＿＿＿＿＿＿＿＿＿
＿＿＿＿＿＿＿＿＿＿
＿＿＿＿＿＿＿＿＿＿
＿＿＿＿＿＿＿＿＿＿
＿＿＿＿＿＿＿＿＿＿
＿＿＿＿＿＿＿＿＿＿
■■＿□□□＿＿＿＿
□■■□□□□□□＿
□□□□◆□□□□□
□□□□□□＿□□□
□□＿□□□◆□□□
＿□□□□□□□□□
□＿□□□□□□□＿
□□□□□□□□□＿
□□□□□□□□□＿
□□□□□□□□□＿
00:45:39(82195f):field(82194f)
＿＿＿＿＿＿＿＿＿＿
＿＿＿＿＿＿＿＿＿＿
＿＿＿＿＿＿＿＿＿＿
＿＿＿＿＿＿＿＿＿＿
＿＿＿＿＿＿＿＿＿＿
＿＿＿＿＿＿＿＿＿＿
＿＿＿＿＿＿＿＿＿＿
＿＿＿＿＿＿＿＿＿＿
＿＿＿＿＿＿＿＿＿＿
＿＿＿＿＿＿＿＿＿■
□◆＿◆◆◆＿＿■■
□□◆□□□◆□◆■
□□□□＿□□□□□
□□□□□□＿□□□
□□＿□□□＿□□□
＿□□□□□□□□□
□＿□□□□□□□＿
□□□□□□□□□＿
□□□□□□□□□＿
□□□□□□□□□＿
00:45:40(82209f):field(82208f)
＿＿＿＿＿＿＿＿＿＿
＿＿＿＿＿＿＿＿＿＿
＿＿＿＿＿＿＿＿＿＿
＿＿＿＿＿＿＿＿＿＿
＿＿＿＿＿＿＿＿＿＿
＿＿＿＿＿＿＿＿＿＿
＿＿＿＿＿＿＿＿＿＿
＿＿＿＿＿＿＿＿＿＿
＿＿＿＿＿＿＿＿＿＿
＿＿＿＿＿＿＿＿＿□
◆＿＿＿＿＿＿■□□
□□＿□□□＿□■□
□□□□＿□□□□□
□□□□□□＿□□□
□□＿□□□＿□□□
＿□□□□□□□□□
□＿□□□□□□□＿
□□□□□□□□□＿
□□□□□□□□□＿
□□□□□□□□□＿
00:45:40(82222f):field(82221f)
＿＿＿＿＿＿＿＿＿＿
＿＿＿＿＿＿＿＿＿＿
＿＿＿＿＿＿＿＿＿＿
＿＿＿＿＿＿＿＿＿＿
＿＿＿＿＿＿＿＿＿＿
＿＿＿＿＿＿＿＿＿＿
＿＿＿＿＿＿＿＿＿＿
＿＿＿＿＿＿＿＿＿＿
＿＿＿＿＿＿＿＿＿＿
＿＿＿＿＿＿■＿＿□
＿＿＿＿＿■■□□□
□□＿□□□■□□□
□□□□＿□□□□□
□□□□□□＿□□□
□□＿□□□＿□□□
＿□□□□□□□□□
□＿□□□□□□□＿
□□□□□□□□□＿
□□□□□□□□□＿
□□□□□□□□□＿
00:45:41(82235f):field(82234f)
＿＿＿＿＿＿＿＿＿＿
＿＿＿＿＿＿＿＿＿＿
＿＿＿＿＿＿＿＿＿＿
＿＿＿＿＿＿＿＿＿＿
＿＿＿＿＿＿＿＿＿＿
＿＿＿＿＿＿＿＿＿＿
＿＿＿＿＿＿＿＿＿＿
＿＿＿＿＿＿＿＿＿＿
＿＿＿＿＿＿＿＿＿＿
＿＿＿＿＿＿◆＿＿◆
＿■＿＿＿□□◆◆□
◆□■◆□□□□□□
□□□□＿□□□□□
□□□□□□＿□□□
□□＿□□□＿□□□
＿□□□□□□□□□
□＿□□□□□□□＿
□□□□□□□□□＿
□□□□□□□□□＿
□□□□□□□□□＿
00:45:42(82264f):field(82263f)
＿＿＿＿＿＿＿＿＿＿
＿＿＿＿＿＿＿＿＿＿
＿＿＿＿＿＿＿＿＿＿
＿＿＿＿＿＿＿＿＿＿
＿＿＿＿＿＿＿＿＿＿
＿＿＿＿＿＿＿＿＿＿
＿＿＿＿＿＿＿＿＿＿
＿＿＿＿＿＿＿＿＿＿
＿＿＿＿＿＿＿＿＿＿
＿＿＿＿＿■＿＿＿＿
＿□＿＿■□□＿＿□
＿□□＿□□□□□□
□□□□＿□□□□□
□□□□□□＿□□□
□□＿□□□＿□□□
＿□□□□□□□□□
□＿□□□□□□□＿
□□□□□□□□□＿
□□□□□□□□□＿
□□□□□□□□□＿
00:45:42(82277f):field(82276f)
＿＿＿＿＿＿＿＿＿＿
＿＿＿＿＿＿＿＿＿＿
＿＿＿＿＿＿＿＿＿＿
＿＿＿＿＿＿＿＿＿＿
＿＿＿＿＿＿＿＿＿＿
＿＿＿＿＿＿＿＿＿＿
＿＿＿＿＿＿＿＿＿＿
＿＿＿＿＿＿＿＿＿＿
＿＿＿＿＿＿＿＿＿＿
＿＿＿■■□＿＿＿＿
＿□＿■□□□＿＿□
＿□□■□□□□□□
□□□□＿□□□□□
□□□□□□＿□□□
□□＿□□□＿□□□
＿□□□□□□□□□
□＿□□□□□□□＿
□□□□□□□□□＿
□□□□□□□□□＿
□□□□□□□□□＿
00:45:43(82295f):field(82294f)
＿＿＿＿＿＿＿＿＿＿
＿＿＿＿＿＿＿＿＿＿
＿＿＿＿＿＿＿＿＿＿
＿＿＿＿＿＿＿＿＿＿
＿＿＿＿＿＿＿＿＿＿
＿＿＿＿＿＿＿＿＿＿
＿＿＿＿＿＿＿＿＿＿
＿＿■＿＿＿＿＿＿＿
＿＿■＿＿＿＿＿＿＿
＿＿■□□□＿＿＿＿
＿□■□□□□＿＿□
＿□□□□□□□□□
□□□□＿□□□□□
□□□□□□＿□□□
□□＿□□□＿□□□
＿□□□□□□□□□
□＿□□□□□□□＿
□□□□□□□□□＿
□□□□□□□□□＿
□□□□□□□□□＿
00:45:43(82307f):field(82306f)
＿＿＿＿＿＿＿＿＿＿
＿＿＿＿＿＿＿＿＿＿
＿＿＿＿＿＿＿＿＿＿
＿＿＿＿＿＿＿＿＿＿
＿＿＿＿＿＿＿＿＿＿
＿＿＿＿＿＿＿＿＿＿
＿＿＿■＿＿＿＿＿＿
＿＿□■＿＿＿＿＿＿
＿＿□■■＿＿＿＿＿
＿＿□□□□＿＿＿＿
＿□□□□□□＿＿□
＿□□□□□□□□□
□□□□＿□□□□□
□□□□□□＿□□□
□□＿□□□＿□□□
＿□□□□□□□□□
□＿□□□□□□□＿
□□□□□□□□□＿
□□□□□□□□□＿
□□□□□□□□□＿
00:45:44(82322f):field(82321f)
＿＿＿＿＿＿＿＿＿＿
＿＿＿＿＿＿＿＿＿＿
＿＿＿＿＿＿＿＿＿＿
＿＿＿＿＿＿＿＿＿＿
＿＿＿＿＿＿＿＿＿＿
＿＿＿＿＿＿＿＿＿＿
＿＿＿□＿＿＿＿＿＿
＿＿□□＿＿＿＿＿＿
＿＿□□□＿＿＿＿＿
＿＿□□□□＿■■＿
＿□□□□□□■■□
＿□□□□□□□□□
□□□□＿□□□□□
□□□□□□＿□□□
□□＿□□□＿□□□
＿□□□□□□□□□
□＿□□□□□□□＿
□□□□□□□□□＿
□□□□□□□□□＿
□□□□□□□□□＿
00:45:44(82334f):field(82333f)
＿＿＿＿＿＿＿＿＿＿
＿＿＿＿＿＿＿＿＿＿
＿＿＿＿＿＿＿＿＿＿
＿＿＿＿＿＿＿＿＿＿
＿＿＿＿＿＿＿＿＿＿
＿＿＿＿＿＿＿＿＿＿
＿＿＿□■＿＿＿＿＿
＿＿□□■■＿＿＿＿
＿＿□□□■＿＿＿＿
＿＿□□□□＿□□＿
＿□□□□□□□□□
＿□□□□□□□□□
□□□□＿□□□□□
□□□□□□＿□□□
□□＿□□□＿□□□
＿□□□□□□□□□
□＿□□□□□□□＿
□□□□□□□□□＿
□□□□□□□□□＿
□□□□□□□□□＿
00:45:44(82348f):field(82347f)
＿＿＿＿＿＿＿＿＿＿
＿＿＿＿＿＿＿＿＿＿
＿＿＿＿＿＿＿＿＿＿
＿＿＿＿＿＿＿＿＿＿
＿＿＿＿＿＿＿＿＿＿
＿＿＿＿＿＿＿＿＿＿
＿＿＿◆◆＿＿＿＿＿
＿＿◆□□◆＿＿＿＿
＿＿□□□□＿＿＿＿
＿■□□□□＿◆◆＿
■□□□□□◆□□◆
＿□□□□□□□□□
□□□□■□□□□□
□□□□□□＿□□□
□□＿□□□＿□□□
＿□□□□□□□□□
□＿□□□□□□□＿
□□□□□□□□□＿
□□□□□□□□□＿
□□□□□□□□□＿
00:45:45(82360f):field(82359f)
＿＿＿＿＿＿＿＿＿＿
＿＿＿＿＿＿＿＿＿＿
＿＿＿＿＿＿＿＿＿＿
＿＿＿＿＿＿＿＿＿＿
＿＿＿＿＿＿＿＿＿＿
＿＿＿＿＿＿＿＿＿＿
＿＿＿＿＿＿＿＿＿＿
＿＿＿□□＿＿＿＿＿
＿＿□□□□■＿＿＿
＿□□□□□■■＿＿
□□□□□□■□□＿
＿□□□□□□□□□
□□□□◆□□□□□
□□□□□□＿□□□
□□＿□□□＿□□□
＿□□□□□□□□□
□＿□□□□□□□＿
□□□□□□□□□＿
□□□□□□□□□＿
□□□□□□□□□＿
00:45:45(82373f):field(82372f)
＿＿＿＿＿＿＿＿＿＿
＿＿＿＿＿＿＿＿＿＿
＿＿＿＿＿＿＿＿＿＿
＿＿＿＿＿＿＿＿＿＿
＿＿＿＿＿＿＿＿＿＿
＿＿＿＿＿＿＿＿＿＿
＿＿■■■＿＿＿＿＿
＿＿■□□＿＿＿＿＿
＿＿□□□□□＿＿＿
＿□□□□□□□＿＿
□□□□□□□□□＿
＿□□□□□□□□□
□□□□＿□□□□□
□□□□□□＿□□□
□□＿□□□＿□□□
＿□□□□□□□□□
□＿□□□□□□□＿
□□□□□□□□□＿
□□□□□□□□□＿
□□□□□□□□□＿
00:45:46(82388f):field(82387f)
＿＿＿＿＿＿＿＿＿＿
＿＿＿＿＿＿＿＿＿＿
＿＿＿＿＿＿＿＿＿＿
＿＿＿＿＿＿＿＿＿＿
＿＿＿＿＿＿＿＿＿＿
＿＿＿＿＿＿＿＿＿＿
＿＿□□□＿＿＿＿＿
＿＿□□□■■■＿＿
＿＿□□□□□■＿＿
＿□□□□□□□＿＿
□□□□□□□□□＿
＿□□□□□□□□□
□□□□＿□□□□□
□□□□□□＿□□□
□□＿□□□＿□□□
＿□□□□□□□□□
□＿□□□□□□□＿
□□□□□□□□□＿
□□□□□□□□□＿
□□□□□□□□□＿
00:45:46(82398f):field(82397f)
＿＿＿＿＿＿＿＿＿＿
＿＿＿＿＿＿＿＿＿＿
＿＿＿＿＿＿＿＿＿＿
＿＿＿＿＿＿＿＿＿＿
＿＿＿■■＿＿＿＿＿
＿＿＿■■＿＿＿＿＿
＿＿□□□＿＿＿＿＿
＿＿□□□□□□＿＿
＿＿□□□□□□＿＿
＿□□□□□□□＿＿
□□□□□□□□□＿
＿□□□□□□□□□
□□□□＿□□□□□
□□□□□□＿□□□
□□＿□□□＿□□□
＿□□□□□□□□□
□＿□□□□□□□＿
□□□□□□□□□＿
□□□□□□□□□＿
□□□□□□□□□＿
00:45:47(82414f):field(82413f)
＿＿＿＿＿＿＿＿＿＿
＿＿＿＿＿＿＿＿＿＿
＿＿＿＿＿＿＿＿＿＿
＿＿＿＿＿＿＿＿＿＿
＿＿＿◆◆＿＿＿＿＿
＿＿＿□□＿＿＿＿＿
＿＿◆□□＿＿＿＿＿
＿＿□□□◆◆◆＿＿
＿＿□□□□□□＿＿
＿□□□□□□□■■
◆□□□□□□□□■
■□□□□□□□□□
□□□□＿□□□□□
□□□□□□＿□□□
□□＿□□□＿□□□
＿□□□□□□□□□
□＿□□□□□□□＿
□□□□□□□□□＿
□□□□□□□□□＿
□□□□□□□□□＿
00:45:47(82428f):field(82427f)
＿＿＿＿＿＿＿＿＿＿
＿＿＿＿＿＿＿＿＿＿
＿＿＿＿＿＿＿＿＿＿
＿＿＿＿＿＿＿＿＿＿
＿＿＿＿＿＿＿＿＿＿
＿＿＿□□＿＿＿＿＿
＿＿＿□□＿＿＿＿■
＿＿□□□＿＿＿＿■
＿＿□□□□□□＿■
＿◆□□□□□□□□
＿□□□□□□□□□
◆□□□□□□□□□
□□□□＿□□□□□
□□□□□□＿□□□
□□＿□□□＿□□□
＿□□□□□□□□□
□＿□□□□□□□＿
□□□□□□□□□＿
□□□□□□□□□＿
□□□□□□□□□＿
00:45:48(82440f):field(82439f)
＿＿＿＿＿＿＿＿＿＿
＿＿＿＿＿＿＿＿＿＿
＿＿＿＿＿＿＿＿＿＿
＿＿＿＿＿＿＿＿＿＿
＿＿＿＿＿＿＿＿＿＿
＿＿＿□□■＿＿＿＿
＿＿＿□□■＿＿＿□
＿＿□□□■■＿＿□
＿＿□□□□□□＿□
＿＿□□□□□□□□
＿□□□□□□□□□
＿□□□□□□□□□
□□□□＿□□□□□
□□□□□□＿□□□
□□＿□□□＿□□□
＿□□□□□□□□□
□＿□□□□□□□＿
□□□□□□□□□＿
□□□□□□□□□＿
□□□□□□□□□＿
00:45:48(82453f):field(82452f)
＿＿＿＿＿＿＿＿＿＿
＿＿＿＿＿＿＿＿＿＿
＿＿＿＿＿＿＿＿＿＿
＿＿＿＿＿＿＿＿＿＿
＿＿＿＿＿＿＿＿＿＿
＿＿＿□□□＿＿＿＿
＿＿＿□□□＿＿■□
＿＿□□□□□■■□
＿＿□□□□□□■□
＿＿□□□□□□□□
＿□□□□□□□□□
＿□□□□□□□□□
□□□□＿□□□□□
□□□□□□＿□□□
□□＿□□□＿□□□
＿□□□□□□□□□
□＿□□□□□□□＿
□□□□□□□□□＿
□□□□□□□□□＿
□□□□□□□□□＿
00:45:48(82465f):field(82464f)
＿＿＿＿＿＿＿＿＿＿
＿＿＿＿＿＿＿＿＿＿
＿＿＿＿＿＿＿＿＿＿
＿＿＿＿＿＿＿＿＿＿
＿＿＿＿＿＿＿＿＿＿
＿＿＿◆◆◆＿＿＿＿
＿＿＿◆◆◆＿＿◆◆
＿■◆□□□□◆◆□
＿＿◆□□□□□□□
■■□□□□□□□□
＿□□□□□□□□□
■□□□□□□□□□
□□□□＿□□□□□
□□□□□□＿□□□
□□＿□□□＿□□□
＿□□□□□□□□□
□＿□□□□□□□＿
□□□□□□□□□＿
□□□□□□□□□＿
□□□□□□□□□＿
00:45:49(82480f):field(82479f)
＿＿＿＿＿＿＿＿＿＿
＿＿＿＿＿＿＿＿＿＿
＿＿＿＿＿＿＿＿＿＿
＿＿＿＿＿＿＿＿＿＿
＿＿＿＿＿＿＿＿＿＿
＿＿＿＿＿＿＿＿＿＿
＿＿＿＿＿＿＿＿■＿
＿◆＿□□□◆■■◆
＿＿＿□□□◆□□□
◆◆□□□□□□□□
＿□□□□□□□□□
◆□□□□□□□□□
□□□□＿□□□□□
□□□□□□＿□□□
□□＿□□□＿□□□
＿□□□□□□□□□
□＿□□□□□□□＿
□□□□□□□□□＿
□□□□□□□□□＿
□□□□□□□□□＿
00:45:49(82493f):field(82492f)
＿＿＿＿＿＿＿＿＿＿
＿＿＿＿＿＿＿＿＿＿
＿＿＿＿＿＿＿＿＿＿
＿＿＿＿＿＿＿＿＿＿
＿＿＿＿■＿＿＿＿＿
＿＿＿＿■■＿＿＿＿
＿＿＿＿＿■＿＿□＿
＿＿＿□□□＿□□＿
＿＿＿□□□＿□□□
＿＿□□□□□□□□
＿□□□□□□□□□
＿□□□□□□□□□
□□□□＿□□□□□
□□□□□□＿□□□
□□＿□□□＿□□□
＿□□□□□□□□□
□＿□□□□□□□＿
□□□□□□□□□＿
□□□□□□□□□＿
□□□□□□□□□＿
00:45:50(82506f):field(82505f)
＿＿＿＿＿＿＿＿＿＿
＿＿＿＿＿＿＿＿＿＿
＿＿＿＿＿＿＿＿＿＿
＿＿＿＿＿＿＿＿＿＿
＿＿＿＿□＿＿＿＿＿
＿＿＿＿□□＿＿＿＿
＿＿＿＿＿□■■□＿
＿＿＿□□□■□□＿
＿＿＿□□□■□□□
＿＿□□□□□□□□
＿□□□□□□□□□
＿□□□□□□□□□
□□□□＿□□□□□
□□□□□□＿□□□
□□＿□□□＿□□□
＿□□□□□□□□□
□＿□□□□□□□＿
□□□□□□□□□＿
□□□□□□□□□＿
□□□□□□□□□＿
00:45:50(82526f):field(82525f)
＿＿＿＿＿＿＿＿＿＿
＿＿＿＿＿＿＿＿＿＿
＿＿＿＿＿＿＿＿＿＿
＿＿＿＿＿＿＿＿＿＿
＿＿＿＿◆＿＿＿＿＿
＿＿＿＿◆◆＿＿＿＿
＿＿＿＿■◆◆◆◆＿
＿＿＿◆□□◆◆◆＿
＿＿＿◆◆□□□□◆
＿＿◆□□□□□□◆
■◆◆□□□□□□□
■◆□□□□□□□□
□□□□＿□□□□□
□□□□□□＿□□□
□□＿□□□＿□□□
＿□□□□□□□□□
□＿□□□□□□□＿
□□□□□□□□□＿
□□□□□□□□□＿
□□□□□□□□□＿
00:45:51(82543f):field(82542f)
＿＿＿＿＿＿＿＿＿＿
＿＿＿＿＿＿＿＿＿＿
＿＿＿＿＿＿＿＿＿＿
＿＿＿＿＿＿＿＿＿＿
＿＿＿＿＿＿＿＿＿＿
＿＿＿＿＿＿＿＿＿＿
＿＿＿■□＿＿＿＿＿
＿＿＿■□□＿＿＿＿
＿＿＿■■□□□□＿
＿＿＿□□□□□□＿
□＿＿□□□□□□□
□＿□□□□□□□□
□□□□＿□□□□□
□□□□□□＿□□□
□□＿□□□＿□□□
＿□□□□□□□□□
□＿□□□□□□□＿
□□□□□□□□□＿
□□□□□□□□□＿
□□□□□□□□□＿
00:45:51(82555f):field(82554f)
＿＿＿＿＿＿＿＿＿＿
＿＿＿＿＿＿＿＿＿＿
＿＿＿＿＿＿＿＿＿＿
＿＿＿＿＿＿＿＿＿＿
＿＿＿＿＿＿＿＿＿＿
＿＿＿＿＿＿＿＿＿＿
＿＿＿◆◆＿＿＿＿＿
＿＿＿◆◆◆＿＿＿＿
＿＿＿□□◆◆◆◆＿
＿＿＿□□□◆◆◆＿
□＿＿□□□□□□◆
◆■□□□□□□□□
□□□□■□□□□□
□□□□□□＿□□□
□□＿□□□＿□□□
＿□□□□□□□□□
□＿□□□□□□□＿
□□□□□□□□□＿
□□□□□□□□□＿
□□□□□□□□□＿
00:45:52(82568f):field(82567f)
＿＿＿＿＿＿＿＿＿＿
＿＿＿＿＿＿＿＿＿＿
＿＿＿＿＿＿＿＿＿＿
＿＿＿＿＿＿＿＿＿＿
＿＿＿＿＿＿＿＿＿＿
＿＿＿＿＿＿＿＿＿＿
＿＿＿＿＿＿＿＿＿＿
＿＿＿＿＿＿＿＿＿＿
＿＿＿□□＿＿＿＿＿
＿＿＿□□□＿＿＿＿
□■＿□□□□□□＿
■□□□□□□□□◆
□□□□◆□□□□□
□□□□□□＿□□□
□□＿□□□＿□□□
＿□□□□□□□□□
□＿□□□□□□□＿
□□□□□□□□□＿
□□□□□□□□□＿
□□□□□□□□□＿
00:45:52(82579f):field(82578f)
＿＿＿＿＿＿＿＿＿＿
＿＿＿＿＿＿＿＿＿＿
＿＿＿＿＿＿＿＿＿＿
＿＿＿＿＿＿＿＿＿＿
＿＿＿＿＿＿＿＿＿＿
＿＿＿＿＿＿＿＿＿＿
＿＿＿＿＿＿＿＿＿＿
＿＿＿＿＿＿＿＿＿＿
＿＿＿□□＿＿＿＿＿
■■■□□□＿＿＿＿
□□■□□□□□□＿
□□□□□□□□□＿
□□□□＿□□□□□
□□□□□□＿□□□
□□＿□□□＿□□□
＿□□□□□□□□□
□＿□□□□□□□＿
□□□□□□□□□＿
□□□□□□□□□＿
□□□□□□□□□＿
00:45:53(82593f):field(82592f)
＿＿＿＿＿＿＿＿＿＿
＿＿＿＿＿＿＿＿＿＿
＿＿＿＿＿＿＿＿＿＿
＿＿＿＿＿＿＿＿＿＿
＿＿＿＿＿＿＿＿＿＿
＿＿＿＿＿＿＿＿＿＿
＿＿＿＿＿＿＿＿＿＿
＿＿＿＿＿＿＿＿＿＿
＿＿＿◆◆＿＿＿＿＿
◆◆◆◆◆□■＿＿＿
◆◆◆□□◆□◆◆■
□□□□□□□◆◆■
□□□□＿□□□□□
□□□□□□＿□□□
□□＿□□□＿□□□
＿□□□□□□□□□
□＿□□□□□□□＿
□□□□□□□□□＿
□□□□□□□□□＿
□□□□□□□□□＿
00:45:53(82607f):field(82606f)
＿＿＿＿＿＿＿＿＿＿
＿＿＿＿＿＿＿＿＿＿
＿＿＿＿＿＿＿＿＿＿
＿＿＿＿＿＿＿＿＿＿
＿＿＿＿＿＿＿＿＿＿
＿＿＿＿＿＿＿＿＿＿
＿＿＿＿＿＿＿＿＿＿
＿＿＿＿＿＿＿＿＿＿
＿＿＿＿＿＿＿＿＿＿
＿＿＿＿＿◆◆＿＿＿
＿＿＿◆□＿◆＿＿◆
◆◆□□□□◆＿■□
□□□□＿□□□□□
□□□□□□＿□□□
□□＿□□□＿□□□
＿□□□□□□□□□
□＿□□□□□□□＿
□□□□□□□□□＿
□□□□□□□□□＿
□□□□□□□□□＿
00:45:54(82622f):field(82621f)
＿＿＿＿＿＿＿＿＿＿
＿＿＿＿＿＿＿＿＿＿
＿＿＿＿＿＿＿＿＿＿
＿＿＿＿＿＿＿＿＿＿
＿＿＿＿＿＿＿＿＿＿
＿＿＿＿＿＿＿＿＿＿
＿＿＿＿＿＿＿＿＿＿
＿＿＿＿＿＿＿＿＿＿
＿＿＿＿＿＿＿＿＿＿
＿＿＿＿＿＿＿＿＿＿
＿＿＿＿◆＿＿■■＿
＿＿◆□□◆■■□□
□□□□＿□□□□□
□□□□□□＿□□□
□□＿□□□＿□□□
＿□□□□□□□□□
□＿□□□□□□□＿
□□□□□□□□□＿
□□□□□□□□□＿
□□□□□□□□□＿
00:45:54(82636f):field(82635f)
＿＿＿＿＿＿＿＿＿＿
＿＿＿＿＿＿＿＿＿＿
＿＿＿＿＿＿＿＿＿＿
＿＿＿＿＿＿＿＿＿＿
＿＿＿＿＿＿＿＿＿＿
＿＿＿＿＿＿＿＿＿＿
＿＿＿＿＿＿＿＿＿＿
＿＿＿＿＿＿＿＿＿＿
＿＿＿＿＿＿＿＿＿＿
＿＿＿＿＿■＿＿＿＿
＿＿＿＿＿■■□□＿
＿＿＿□□■□□□□
□□□□＿□□□□□
□□□□□□＿□□□
□□＿□□□＿□□□
＿□□□□□□□□□
□＿□□□□□□□＿
□□□□□□□□□＿
□□□□□□□□□＿
□□□□□□□□□＿
00:45:54(82649f):field(82648f)
＿＿＿＿＿＿＿＿＿＿
＿＿＿＿＿＿＿＿＿＿
＿＿＿＿＿＿＿＿＿＿
＿＿＿＿＿＿＿＿＿＿
＿＿＿＿＿＿＿＿＿＿
＿＿＿＿＿＿＿＿＿＿
＿＿＿＿＿＿＿＿＿＿
＿＿＿＿＿＿＿＿＿＿
＿＿＿＿＿■■＿＿＿
＿＿＿＿＿□■■＿＿
＿＿＿＿＿□□□□＿
＿＿＿□□□□□□□
□□□□＿□□□□□
□□□□□□＿□□□
□□＿□□□＿□□□
＿□□□□□□□□□
□＿□□□□□□□＿
□□□□□□□□□＿
□□□□□□□□□＿
□□□□□□□□□＿
00:45:55(82663f):field(82662f)
＿＿＿＿＿＿＿＿＿＿
＿＿＿＿＿＿＿＿＿＿
＿＿＿＿＿＿＿＿＿＿
＿＿＿＿＿＿＿＿＿＿
＿＿＿＿＿＿＿＿＿＿
＿＿＿＿＿＿＿＿＿＿
＿＿＿＿＿＿＿＿＿＿
＿＿＿＿＿＿＿＿＿＿
＿＿＿＿＿□□＿＿＿
＿＿＿＿＿□□□＿＿
■■＿＿＿□□□□＿
■■＿□□□□□□□
□□□□＿□□□□□
□□□□□□＿□□□
□□＿□□□＿□□□
＿□□□□□□□□□
□＿□□□□□□□＿
□□□□□□□□□＿
□□□□□□□□□＿
□□□□□□□□□＿
00:45:55(82674f):field(82673f)
＿＿＿＿＿＿＿＿＿＿
＿＿＿＿＿＿＿＿＿＿
＿＿＿＿＿＿＿＿＿＿
＿＿＿＿＿＿＿＿＿＿
＿＿＿＿＿＿＿＿＿＿
＿＿＿＿＿＿＿＿＿＿
＿＿＿＿＿＿＿＿＿＿
＿＿＿＿＿＿＿＿＿＿
＿＿＿＿＿◆◆＿＿＿
＿＿＿＿＿□□◆＿＿
◆◆■＿＿□□□◆＿
□□■□□□□□□◆
□□□□＿□□□□□
□□□□□□■□□□
□□＿□□□＿□□□
＿□□□□□□□□□
□＿□□□□□□□＿
□□□□□□□□□＿
□□□□□□□□□＿
□□□□□□□□□＿
00:45:56(82691f):field(82690f)
＿＿＿＿＿＿＿＿＿＿
＿＿＿＿＿＿＿＿＿＿
＿＿＿＿＿＿＿＿＿＿
＿＿＿＿＿＿＿＿＿＿
＿＿＿＿＿＿＿＿＿＿
＿＿＿＿＿＿＿＿＿＿
＿＿＿＿＿＿＿＿＿＿
＿＿＿＿＿＿＿＿＿＿
＿＿＿＿＿＿＿＿＿＿
＿＿＿＿＿◆◆＿＿■
＿＿◆＿■□□◆＿■
◆◆□◆◆□□□◆■
□□□□＿□□□□□
□□□□□□◆□□□
□□＿□□□＿□□□
＿□□□□□□□□□
□＿□□□□□□□＿
□□□□□□□□□＿
□□□□□□□□□＿
□□□□□□□□□＿
00:45:56(82705f):field(82704f)
＿＿＿＿＿＿＿＿＿＿
＿＿＿＿＿＿＿＿＿＿
＿＿＿＿＿＿＿＿＿＿
＿＿＿＿＿＿＿＿＿＿
＿＿＿＿＿＿＿＿＿＿
＿＿＿＿＿＿＿＿＿＿
＿＿＿＿＿＿＿＿＿＿
＿＿＿＿＿＿＿＿＿＿
＿＿＿＿＿＿＿＿＿＿
＿＿＿＿＿＿＿＿＿□
■■＿＿◆□□＿＿□
■■◆＿＿□□□＿□
□□□□＿□□□□□
□□□□□□＿□□□
□□＿□□□＿□□□
＿□□□□□□□□□
□＿□□□□□□□＿
□□□□□□□□□＿
□□□□□□□□□＿
□□□□□□□□□＿
00:45:57(82715f):field(82714f)
＿＿＿＿＿＿＿＿＿＿
＿＿＿＿＿＿＿＿＿＿
＿＿＿＿＿＿＿＿＿＿
＿＿＿＿＿＿＿＿＿＿
＿＿＿＿＿＿＿＿＿＿
＿＿＿＿＿＿＿＿＿＿
＿＿＿＿＿＿＿＿＿＿
＿＿＿＿＿＿＿＿＿＿
＿＿＿＿＿＿＿＿＿＿
＿＿＿＿＿＿＿＿＿◆
◆◆＿＿＿◆◆＿＿□
□□＿■■□□◆＿□
□□◆□■□□□◆□
□□□□□□＿□□□
□□＿□□□＿□□□
＿□□□□□□□□□
□＿□□□□□□□＿
□□□□□□□□□＿
□□□□□□□□□＿
□□□□□□□□□＿
00:45:57(82732f):field(82731f)
＿＿＿＿＿＿＿＿＿＿
＿＿＿＿＿＿＿＿＿＿
＿＿＿＿＿＿＿＿＿＿
＿＿＿＿＿＿＿＿＿＿
＿＿＿＿＿＿＿＿＿＿
＿＿＿＿＿＿＿＿＿＿
＿＿＿＿＿＿＿＿＿＿
＿＿＿＿＿＿＿＿＿＿
＿＿＿＿＿＿＿＿＿＿
＿＿＿＿■■＿＿＿＿
＿＿＿＿■＿＿＿＿□
□□＿□□□□＿＿□
□□＿□□□□□＿□
□□□□□□＿□□□
□□＿□□□＿□□□
＿□□□□□□□□□
□＿□□□□□□□＿
□□□□□□□□□＿
□□□□□□□□□＿
□□□□□□□□□＿
00:45:58(82750f):field(82749f)
＿＿＿＿＿＿＿＿＿＿
＿＿＿＿＿＿＿＿＿＿
＿＿＿＿＿＿＿＿＿＿
＿＿＿＿＿＿＿＿＿＿
＿＿＿＿＿＿＿＿＿＿
＿＿＿＿＿＿＿＿＿＿
＿＿＿＿＿＿＿＿＿＿
＿＿＿＿＿＿＿＿＿＿
＿＿＿＿＿＿＿＿＿＿
＿＿＿■□□＿＿＿＿
＿＿■■□＿＿＿＿□
□□■□□□□＿＿□
□□＿□□□□□＿□
□□□□□□＿□□□
□□＿□□□＿□□□
＿□□□□□□□□□
□＿□□□□□□□＿
□□□□□□□□□＿
□□□□□□□□□＿
□□□□□□□□□＿
00:45:58(82762f):field(82761f)
＿＿＿＿＿＿＿＿＿＿
＿＿＿＿＿＿＿＿＿＿
＿＿＿＿＿＿＿＿＿＿
＿＿＿＿＿＿＿＿＿＿
＿＿＿＿＿＿＿＿＿＿
＿＿＿＿＿＿＿＿＿＿
＿＿＿＿＿＿＿＿＿＿
＿＿＿＿＿＿＿＿＿＿
■＿＿＿＿＿＿＿＿＿
■＿＿□□□＿＿＿＿
■■□□□＿＿＿＿□
□□□□□□□＿＿□
□□＿□□□□□＿□
□□□□□□＿□□□
□□＿□□□＿□□□
＿□□□□□□□□□
□＿□□□□□□□＿
□□□□□□□□□＿
□□□□□□□□□＿
□□□□□□□□□＿
00:45:59(82775f):field(82774f)
＿＿＿＿＿＿＿＿＿＿
＿＿＿＿＿＿＿＿＿＿
＿＿＿＿＿＿＿＿＿＿
＿＿＿＿＿＿＿＿＿＿
＿＿＿＿＿＿＿＿＿＿
＿＿＿＿＿＿＿＿＿＿
＿＿＿＿＿＿＿＿＿＿
＿＿＿＿＿＿＿＿＿＿
□■■＿＿＿＿＿＿＿
□■■□□□＿＿＿＿
□□□□□＿＿＿＿□
□□□□□□□＿＿□
□□＿□□□□□＿□
□□□□□□＿□□□
□□＿□□□＿□□□
＿□□□□□□□□□
□＿□□□□□□□＿
□□□□□□□□□＿
□□□□□□□□□＿
□□□□□□□□□＿
00:45:59(82789f):field(82788f)
＿＿＿＿＿＿＿＿＿＿
＿＿＿＿＿＿＿＿＿＿
＿＿＿＿＿＿＿＿＿＿
＿＿＿＿＿＿＿＿＿＿
＿＿＿＿＿＿＿＿＿＿
＿＿＿＿＿＿＿＿＿＿
＿＿＿＿＿＿＿＿＿＿
＿＿＿＿＿＿＿＿＿＿
□□□＿＿＿＿＿＿＿
□□□□□□＿＿■＿
□□□□□＿＿＿■□
□□□□□□□＿■□
□□＿□□□□□■□
□□□□□□＿□□□
□□＿□□□＿□□□
＿□□□□□□□□□
□＿□□□□□□□＿
□□□□□□□□□＿
□□□□□□□□□＿
□□□□□□□□□＿
00:46:00(82813f):field(82812f)
＿＿＿＿＿＿＿＿＿＿
＿＿＿＿＿＿＿＿＿＿
＿＿＿＿＿＿＿＿＿＿
＿＿＿＿＿＿＿＿＿＿
＿＿＿＿＿＿＿＿＿＿
＿＿＿＿＿＿＿＿＿＿
＿＿＿＿＿＿＿＿＿＿
＿＿＿＿＿＿＿＿＿＿
◆◆◆＿＿＿＿＿＿＿
□□□□◆◆＿■◆＿
□□□□□■■＿□◆
□□□□□□□＿□□
□□＿□□□□□□□
□□□□□□＿□□□
□□＿□□□＿□□□
＿□□□□□□□□□
□＿□□□□□□□＿
□□□□□□□□□＿
□□□□□□□□□＿
□□□□□□□□□＿
00:46:01(82841f):field(82840f)
＿＿＿＿＿＿＿＿＿＿
＿＿＿＿＿＿＿＿＿＿
＿＿＿＿＿＿＿＿＿＿
＿＿＿＿＿＿＿＿＿＿
＿＿＿＿＿＿＿＿＿＿
＿＿＿＿＿＿＿＿＿＿
＿＿＿＿＿＿＿＿＿＿
＿＿＿＿＿＿＿＿＿＿
＿＿＿＿＿＿＿＿■＿
□□□◆＿＿＿◆■■
□□□□□□□＿□■
□□□□□□□＿□□
□□＿□□□□□□□
□□□□□□＿□□□
□□＿□□□＿□□□
＿□□□□□□□□□
□＿□□□□□□□＿
□□□□□□□□□＿
□□□□□□□□□＿
□□□□□□□□□＿
00:46:01(82854f):field(82853f)
＿＿＿＿＿＿＿＿＿＿
＿＿＿＿＿＿＿＿＿＿
＿＿＿＿＿＿＿＿＿＿
＿＿＿＿＿＿＿＿＿＿
＿＿＿＿＿＿＿＿＿＿
＿＿＿＿＿＿＿＿＿＿
＿＿＿＿＿＿＿＿＿＿
＿＿＿＿＿＿＿＿＿＿
＿＿＿■＿＿＿＿□＿
□□□■■■＿＿□□
□□□□□□□＿□□
□□□□□□□＿□□
□□＿□□□□□□□
□□□□□□＿□□□
□□＿□□□＿□□□
＿□□□□□□□□□
□＿□□□□□□□＿
□□□□□□□□□＿
□□□□□□□□□＿
□□□□□□□□□＿
00:46:02(82865f):field(82864f)
＿＿＿＿＿＿＿＿＿＿
＿＿＿＿＿＿＿＿＿＿
＿＿＿＿＿＿＿＿＿＿
＿＿＿＿＿＿＿＿＿＿
＿＿＿＿＿＿＿＿＿＿
＿＿＿＿＿＿＿＿＿＿
＿＿＿＿＿＿＿＿＿＿
＿＿＿＿■■＿＿＿＿
＿＿＿□■■＿＿□＿
□□□□□□＿＿□□
□□□□□□□＿□□
□□□□□□□＿□□
□□＿□□□□□□□
□□□□□□＿□□□
□□＿□□□＿□□□
＿□□□□□□□□□
□＿□□□□□□□＿
□□□□□□□□□＿
□□□□□□□□□＿
□□□□□□□□□＿
00:46:02(82877f):field(82876f)
＿＿＿＿＿＿＿＿＿＿
＿＿＿＿＿＿＿＿＿＿
＿＿＿＿＿＿＿＿＿＿
＿＿＿＿＿＿＿＿＿＿
＿＿＿＿＿＿＿＿＿＿
＿＿＿＿■＿＿＿＿＿
＿＿＿■■＿＿＿＿＿
＿＿＿■□□＿＿＿＿
＿＿＿□□□＿＿□＿
□□□□□□＿＿□□
□□□□□□□＿□□
□□□□□□□＿□□
□□＿□□□□□□□
□□□□□□＿□□□
□□＿□□□＿□□□
＿□□□□□□□□□
□＿□□□□□□□＿
□□□□□□□□□＿
□□□□□□□□□＿
□□□□□□□□□＿
00:46:03(82896f):field(82895f)
＿＿＿＿＿＿＿＿＿＿
＿＿＿＿＿＿＿＿＿＿
＿＿＿＿＿＿＿＿＿＿
＿＿＿＿＿＿＿＿＿＿
＿＿＿＿＿＿＿＿＿＿
＿＿＿＿□＿＿＿＿＿
＿＿＿□□＿＿＿＿■
＿＿＿□□□＿＿■■
＿＿＿□□□＿＿□■
□□□□□□＿＿□□
□□□□□□□＿□□
□□□□□□□＿□□
□□＿□□□□□□□
□□□□□□＿□□□
□□＿□□□＿□□□
＿□□□□□□□□□
□＿□□□□□□□＿
□□□□□□□□□＿
□□□□□□□□□＿
□□□□□□□□□＿
00:46:03(82908f):field(82907f)
＿＿＿＿＿＿＿＿＿＿
＿＿＿＿＿＿＿＿＿＿
＿＿＿＿＿＿＿＿＿＿
＿＿＿＿＿＿＿＿＿＿
＿＿＿＿＿＿＿＿＿＿
＿＿＿＿◆＿＿＿＿＿
＿＿＿◆◆＿＿＿＿◆
＿＿＿◆□◆＿＿◆◆
■＿＿□□◆■■□□
◆□□□□□＿■□□
◆□□□□□□■□□
□□□□□□□■□□
□□＿□□□□□□□
□□□□□□＿□□□
□□＿□□□＿□□□
＿□□□□□□□□□
□＿□□□□□□□＿
□□□□□□□□□＿
□□□□□□□□□＿
□□□□□□□□□＿
00:46:04(82924f):field(82923f)
＿＿＿＿＿＿＿＿＿＿
＿＿＿＿＿＿＿＿＿＿
＿＿＿＿＿＿＿＿＿＿
＿＿＿＿＿＿＿＿＿＿
＿＿＿＿＿＿＿＿＿＿
＿＿＿＿＿＿＿＿＿＿
＿＿＿＿＿＿＿＿＿＿
＿＿＿＿□＿＿＿＿＿
◆＿＿□□＿◆◆◆□
■◆◆□□□＿◆□□
■□□□□□□◆□□
□□□□□□□◆□□
□□＿□□□□□□□
□□□□□□＿□□□
□□＿□□□＿□□□
＿□□□□□□□□□
□＿□□□□□□□＿
□□□□□□□□□＿
□□□□□□□□□＿
□□□□□□□□□＿
00:46:04(82934f):field(82933f)
＿＿＿＿＿＿＿＿＿＿
＿＿＿＿＿＿＿＿＿＿
＿＿＿＿＿＿＿＿＿＿
＿＿＿＿＿＿＿＿＿＿
＿＿＿＿＿＿＿＿＿＿
＿＿＿＿＿＿＿＿＿＿
＿＿＿＿＿＿＿＿＿＿
＿＿＿＿◆＿＿＿＿＿
＿＿＿◆◆＿＿＿＿◆
◆■■◆□◆＿＿◆◆
◆◆◆□□◆□＿□□
□◆◆□□□□■□□
□□■□□□□□□□
□□□□□□＿□□□
□□＿□□□＿□□□
＿□□□□□□□□□
□＿□□□□□□□＿
□□□□□□□□□＿
□□□□□□□□□＿
□□□□□□□□□＿
00:46:05(82951f):field(82950f)
＿＿＿＿＿＿＿＿＿＿
＿＿＿＿＿＿＿＿＿＿
＿＿＿＿＿＿＿＿＿＿
＿＿＿＿＿＿＿＿＿＿
＿＿＿＿＿＿＿＿＿＿
＿＿＿＿＿＿＿＿＿＿
＿＿＿＿＿＿＿＿＿＿
＿＿＿＿＿＿＿＿＿＿
＿＿＿■＿＿＿＿＿＿
＿◆□■□＿＿＿＿＿
＿＿■□□＿◆＿◆□
□＿＿□□□□□□□
□□◆□□□□□□□
□□□□□□＿□□□
□□＿□□□＿□□□
＿□□□□□□□□□
□＿□□□□□□□＿
□□□□□□□□□＿
□□□□□□□□□＿
□□□□□□□□□＿
00:46:05(82975f):field(82974f)
＿＿＿＿＿＿＿＿＿＿
＿＿＿＿＿＿＿＿＿＿
＿＿＿＿＿＿＿＿＿＿
＿＿＿＿＿＿＿＿＿＿
＿＿＿＿＿＿＿＿＿＿
＿＿＿＿＿＿＿＿＿＿
＿＿＿＿＿＿＿＿＿＿
＿＿＿＿＿＿＿＿＿＿
＿＿＿□＿＿＿＿＿＿
＿＿□□□＿■＿＿＿
＿＿□□□■■■＿□
□＿＿□□□□□□□
□□＿□□□□□□□
□□□□□□＿□□□
□□＿□□□＿□□□
＿□□□□□□□□□
□＿□□□□□□□＿
□□□□□□□□□＿
□□□□□□□□□＿
□□□□□□□□□＿
00:46:06(82985f):field(82984f)
＿＿＿＿＿＿＿＿＿＿
＿＿＿＿＿＿＿＿＿＿
＿＿＿＿＿＿＿＿＿＿
＿＿＿＿＿＿＿＿＿＿
＿＿＿＿＿＿＿＿＿＿
＿＿＿＿＿＿＿＿＿＿
＿＿＿＿＿■＿＿＿＿
＿＿＿＿＿■＿＿＿＿
＿＿＿□＿■＿＿＿＿
＿＿□□□■□＿＿＿
＿＿□□□□□□＿□
□＿＿□□□□□□□
□□＿□□□□□□□
□□□□□□＿□□□
□□＿□□□＿□□□
＿□□□□□□□□□
□＿□□□□□□□＿
□□□□□□□□□＿
□□□□□□□□□＿
□□□□□□□□□＿
00:46:06(83002f):field(83001f)
＿＿＿＿＿＿＿＿＿＿
＿＿＿＿＿＿＿＿＿＿
＿＿＿＿＿＿＿＿＿＿
＿＿＿＿＿＿＿＿＿＿
＿＿＿＿＿＿＿＿＿＿
＿＿＿＿＿＿＿＿＿＿
＿＿＿＿＿□＿＿＿＿
＿＿■■■□＿＿＿＿
＿＿＿□■□＿＿＿＿
＿＿□□□□□＿＿＿
＿＿□□□□□□＿□
□＿＿□□□□□□□
□□＿□□□□□□□
□□□□□□＿□□□
□□＿□□□＿□□□
＿□□□□□□□□□
□＿□□□□□□□＿
□□□□□□□□□＿
□□□□□□□□□＿
□□□□□□□□□＿
00:46:07(83015f):field(83014f)
＿＿＿＿＿＿＿＿＿＿
＿＿＿＿＿＿＿＿＿＿
＿＿＿＿＿＿＿＿＿＿
＿＿＿＿＿＿＿＿＿＿
＿＿＿＿＿＿＿＿＿＿
＿＿＿＿＿＿＿＿＿＿
＿＿＿＿＿□＿＿＿＿
＿＿□□□□＿＿＿＿
＿＿＿□□□＿＿＿＿
■＿□□□□□＿＿＿
■■□□□□□□＿□
□■＿□□□□□□□
□□＿□□□□□□□
□□□□□□＿□□□
□□＿□□□＿□□□
＿□□□□□□□□□
□＿□□□□□□□＿
□□□□□□□□□＿
□□□□□□□□□＿
□□□□□□□□□＿
00:46:07(83030f):field(83029f)
＿＿＿＿＿＿＿＿＿＿
＿＿＿＿＿＿＿＿＿＿
＿＿＿＿＿＿＿＿＿＿
＿＿＿＿＿＿＿＿＿＿
＿＿＿＿＿＿＿＿＿＿
＿＿＿＿＿＿＿＿＿＿
＿＿＿＿＿◆＿＿＿＿
＿＿◆◆◆□＿＿＿＿
＿＿■□□□＿＿＿＿
◆■◆□□□◆＿＿■
□◆□□□□□◆■□
□□＿□□□□□□□
□□＿□□□□□□□
□□□□□□＿□□□
□□＿□□□＿□□□
＿□□□□□□□□□
□＿□□□□□□□＿
□□□□□□□□□＿
□□□□□□□□□＿
□□□□□□□□□＿
00:46:08(83044f):field(83043f)
＿＿＿＿＿＿＿＿＿＿
＿＿＿＿＿＿＿＿＿＿
＿＿＿＿＿＿＿＿＿＿
＿＿＿＿＿＿＿＿＿＿
＿＿＿＿＿＿＿＿＿＿
＿＿＿＿＿＿＿＿＿＿
＿＿＿＿＿＿＿＿＿＿
＿＿＿＿＿□＿＿＿＿
＿＿□□□□＿＿＿＿
■□■□□□＿＿＿□
□■□□□□□＿□□
□□＿□□□□□□□
□□＿□□□□□□□
□□□□□□＿□□□
□□＿□□□＿□□□
＿□□□□□□□□□
□＿□□□□□□□＿
□□□□□□□□□＿
□□□□□□□□□＿
□□□□□□□□□＿
00:46:08(83054f):field(83053f)
＿＿＿＿＿＿＿＿＿＿
＿＿＿＿＿＿＿＿＿＿
＿＿＿＿＿＿＿＿＿＿
＿＿＿＿＿＿＿＿＿＿
＿＿＿＿■＿＿＿＿＿
＿＿＿＿■＿＿＿＿＿
＿＿＿＿■＿＿＿＿＿
＿＿＿＿■□＿＿＿＿
＿＿□□□□＿＿＿＿
□□□□□□＿＿＿□
□□□□□□□＿□□
□□＿□□□□□□□
□□＿□□□□□□□
□□□□□□＿□□□
□□＿□□□＿□□□
＿□□□□□□□□□
□＿□□□□□□□＿
□□□□□□□□□＿
□□□□□□□□□＿
□□□□□□□□□＿
00:46:09(83071f):field(83070f)
＿＿＿＿＿＿＿＿＿＿
＿＿＿＿＿＿＿＿＿＿
＿＿＿＿＿＿＿＿＿＿
＿＿＿＿＿＿＿＿＿＿
＿＿＿＿□＿＿＿＿＿
＿＿＿＿□＿＿＿＿＿
■＿＿＿□＿＿＿＿＿
■＿＿＿□□＿＿＿＿
■■□□□□＿＿＿＿
□□□□□□＿＿＿□
□□□□□□□＿□□
□□＿□□□□□□□
□□＿□□□□□□□
□□□□□□＿□□□
□□＿□□□＿□□□
＿□□□□□□□□□
□＿□□□□□□□＿
□□□□□□□□□＿
□□□□□□□□□＿
□□□□□□□□□＿
00:46:09(83082f):field(83081f)
＿＿＿＿＿＿＿＿＿＿
＿＿＿＿＿＿＿＿＿＿
＿＿＿＿＿＿＿＿＿＿
＿＿＿＿＿＿＿＿＿＿
＿＿＿＿◆＿＿＿＿＿
＿＿＿＿□＿＿＿＿＿
◆＿＿＿□＿＿＿＿＿
□＿＿＿□◆＿＿＿＿
□◆◆◆□□＿＿＿＿
□□□□□□■＿＿◆
□□□□□□□■◆□
□□＿□□□□□□□
□□■□□□□□□□
□□□□□□＿□□□
□□＿□□□＿□□□
＿□□□□□□□□□
□＿□□□□□□□＿
□□□□□□□□□＿
□□□□□□□□□＿
□□□□□□□□□＿
00:46:09(83098f):field(83097f)
＿＿＿＿＿＿＿＿＿＿
＿＿＿＿＿＿＿＿＿＿
＿＿＿＿＿＿＿＿＿＿
＿＿＿＿＿＿＿＿＿＿
＿＿＿＿＿＿＿＿＿＿
＿＿＿＿□＿＿＿＿＿
＿＿＿＿□＿＿＿＿＿
□＿■■□＿＿＿＿＿
□＿■■□□＿＿＿＿
□□□□□□□＿＿＿
□□□□□□□□＿□
□□＿□□□□□□□
□□◆□□□□□□□
□□□□□□＿□□□
□□＿□□□＿□□□
＿□□□□□□□□□
□＿□□□□□□□＿
□□□□□□□□□＿
□□□□□□□□□＿
□□□□□□□□□＿
00:46:10(83111f):field(83110f)
＿＿＿＿＿＿＿＿＿＿
＿＿＿＿＿＿＿＿＿＿
＿＿＿＿＿＿＿＿＿＿
＿＿＿＿＿＿＿＿＿＿
＿＿＿＿＿＿＿＿＿＿
＿＿＿＿□＿＿＿＿＿
＿■■＿□＿＿＿＿＿
□■□□□＿＿＿＿＿
□■□□□□＿＿＿＿
□□□□□□□＿＿＿
□□□□□□□□＿□
□□＿□□□□□□□
□□＿□□□□□□□
□□□□□□＿□□□
□□＿□□□＿□□□
＿□□□□□□□□□
□＿□□□□□□□＿
□□□□□□□□□＿
□□□□□□□□□＿
□□□□□□□□□＿
00:46:10(83123f):field(83122f)
＿＿＿＿＿＿＿＿＿＿
＿＿＿＿＿＿＿＿＿＿
＿＿＿＿＿＿＿＿＿＿
＿＿＿＿＿＿＿＿＿＿
＿＿＿＿＿＿＿＿＿＿
＿＿＿＿◆＿＿＿＿＿
＿◆◆＿◆＿＿＿＿＿
◆◆◆◆□＿＿＿＿＿
◆□□◆□□＿＿＿＿
□□□□□◆□■＿■
□□□□□□□◆■◆
□□■□□□□□□□
□□＿□□□□□□□
□□□□□□＿□□□
□□＿□□□＿□□□
＿□□□□□□□□□
□＿□□□□□□□＿
□□□□□□□□□＿
□□□□□□□□□＿
□□□□□□□□□＿
00:46:11(83138f):field(83137f)
＿＿＿＿＿＿＿＿＿＿
＿＿＿＿＿＿＿＿＿＿
＿＿＿＿＿＿＿＿＿＿
＿＿＿＿＿＿＿＿＿＿
＿＿＿＿＿＿＿＿＿＿
＿＿＿＿＿＿＿＿＿＿
＿＿＿＿＿＿＿＿＿＿
＿＿＿＿□＿＿＿＿■
＿□□＿□◆＿＿＿■
□□□□□＿◆◆＿□
□□□□□□◆＿◆■
□□◆□□□□□□□
□□＿□□□□□□□
□□□□□□＿□□□
□□＿□□□＿□□□
＿□□□□□□□□□
□＿□□□□□□□＿
□□□□□□□□□＿
□□□□□□□□□＿
□□□□□□□□□＿
00:46:11(83150f):field(83149f)
＿＿＿＿＿＿＿＿＿＿
＿＿＿＿＿＿＿＿＿＿
＿＿＿＿＿＿＿＿＿＿
＿＿＿＿＿＿＿＿＿＿
＿＿＿＿＿＿＿＿＿＿
＿＿＿＿＿＿＿＿＿＿
＿＿＿＿＿＿＿＿＿＿
＿＿＿＿◆＿＿＿＿◆
＿◆◆＿□＿＿＿＿□
◆□□□□＿＿＿＿□
□□□□□◆＿■■□
□□＿□□□□□□□
□□＿□□□□□□□
□□□□□□＿□□□
□□＿□□□＿□□□
＿□□□□□□□□□
□＿□□□□□□□＿
□□□□□□□□□＿
□□□□□□□□□＿
□□□□□□□□□＿
00:46:12(83165f):field(83164f)
＿＿＿＿＿＿＿＿＿＿
＿＿＿＿＿＿＿＿＿＿
＿＿＿＿＿＿＿＿＿＿
＿＿＿＿＿＿＿＿＿＿
＿＿＿＿＿＿＿＿＿＿
＿＿＿＿＿＿＿＿＿＿
＿＿＿＿＿＿＿＿＿＿
＿＿＿＿＿＿＿＿＿＿
＿＿＿＿□＿＿＿■□
＿□□◆□＿＿■■□
□□□□□＿＿□□□
□□＿□□□□□□□
□□＿□□□□□□□
□□□□□□＿□□□
□□＿□□□＿□□□
＿□□□□□□□□□
□＿□□□□□□□＿
□□□□□□□□□＿
□□□□□□□□□＿
□□□□□□□□□＿
00:46:12(83176f):field(83175f)
＿＿＿＿＿＿＿＿＿＿
＿＿＿＿＿＿＿＿＿＿
＿＿＿＿＿＿＿＿＿＿
＿＿＿＿＿＿＿＿＿＿
＿＿＿＿＿＿＿＿＿＿
＿＿＿＿＿＿＿＿＿＿
＿＿＿＿＿＿＿＿＿＿
＿＿＿＿＿＿＿＿＿＿
＿＿＿＿◆＿＿＿◆◆
＿◆◆■□＿＿◆□□
◆□□◆□■■□□□
□□＿□□□□□□□
□□＿□□□□□□□
□□□□□□＿□□□
□□＿□□□＿□□□
＿□□□□□□□□□
□＿□□□□□□□＿
□□□□□□□□□＿
□□□□□□□□□＿
□□□□□□□□□＿
00:46:12(83189f):field(83188f)
＿＿＿＿＿＿＿＿＿＿
＿＿＿＿＿＿＿＿＿＿
＿＿＿＿＿＿＿＿＿＿
＿＿＿＿＿＿＿＿＿＿
＿＿＿＿＿＿＿＿＿＿
＿＿＿＿＿＿＿＿＿＿
＿＿＿＿＿＿＿＿＿＿
＿＿＿＿＿＿＿＿＿＿
＿＿＿＿＿■＿＿＿＿
＿＿＿◆□■■■□□
＿□□＿□□□□□□
□□＿□□□□□□□
□□＿□□□□□□□
□□□□□□＿□□□
□□＿□□□＿□□□
＿□□□□□□□□□
□＿□□□□□□□＿
□□□□□□□□□＿
□□□□□□□□□＿
□□□□□□□□□＿
00:46:13(83203f):field(83202f)
＿＿＿＿＿＿＿＿＿＿
＿＿＿＿＿＿＿＿＿＿
＿＿＿＿＿＿＿＿＿＿
＿＿＿＿＿＿＿＿＿＿
＿＿＿＿＿＿＿＿＿＿
＿＿＿＿＿＿＿＿＿■
＿＿＿＿＿＿＿＿＿■
＿＿＿＿＿＿＿＿＿■
＿＿＿＿＿□＿＿＿■
＿＿＿＿□□□□□□
＿□□＿□□□□□□
□□＿□□□□□□□
□□＿□□□□□□□
□□□□□□＿□□□
□□＿□□□＿□□□
＿□□□□□□□□□
□＿□□□□□□□＿
□□□□□□□□□＿
□□□□□□□□□＿
□□□□□□□□□＿
00:46:13(83219f):field(83218f)
＿＿＿＿＿＿＿＿＿＿
＿＿＿＿＿＿＿＿＿＿
＿＿＿＿＿＿＿＿＿＿
＿＿＿＿＿＿＿＿＿＿
＿＿＿＿＿＿＿＿＿＿
＿＿＿＿＿＿＿＿＿□
＿＿＿＿＿＿＿＿＿□
＿＿＿＿＿＿＿＿■□
＿＿＿＿＿□■■■□
＿＿＿＿□□□□□□
＿□□＿□□□□□□
□□＿□□□□□□□
□□＿□□□□□□□
□□□□□□＿□□□
□□＿□□□＿□□□
＿□□□□□□□□□
□＿□□□□□□□＿
□□□□□□□□□＿
□□□□□□□□□＿
□□□□□□□□□＿
00:46:14(83234f):field(83233f)
＿＿＿＿＿＿＿＿＿＿
＿＿＿＿＿＿＿＿＿＿
＿＿＿＿＿＿＿＿＿＿
＿＿＿＿＿＿＿＿＿＿
＿＿＿＿＿＿＿＿＿＿
＿＿＿＿＿＿＿＿＿□
＿＿＿＿＿＿＿＿＿□
＿＿＿＿＿＿＿＿□□
＿＿＿■＿□□□□□
＿＿■■□□□□□□
＿□□■□□□□□□
□□＿□□□□□□□
□□＿□□□□□□□
□□□□□□＿□□□
□□＿□□□＿□□□
＿□□□□□□□□□
□＿□□□□□□□＿
□□□□□□□□□＿
□□□□□□□□□＿
□□□□□□□□□＿
00:46:14(83244f):field(83243f)
＿＿＿＿＿＿＿＿＿＿
＿＿＿＿＿＿＿＿＿＿
＿＿＿＿＿＿＿＿＿＿
＿＿＿＿＿＿＿＿＿＿
＿＿＿＿＿＿＿＿＿＿
＿＿＿＿＿＿＿＿＿□
＿＿＿■＿＿＿＿＿□
＿＿＿■■＿＿＿□□
＿＿＿□■□□□□□
＿＿□□□□□□□□
＿□□□□□□□□□
□□＿□□□□□□□
□□＿□□□□□□□
□□□□□□＿□□□
□□＿□□□＿□□□
＿□□□□□□□□□
□＿□□□□□□□＿
□□□□□□□□□＿
□□□□□□□□□＿
□□□□□□□□□＿
00:46:15(83256f):field(83255f)
＿＿＿＿＿＿＿＿＿＿
＿＿＿＿＿＿＿＿＿＿
＿＿＿＿＿＿＿＿＿＿
＿＿＿＿＿＿＿＿＿＿
＿＿＿＿＿＿＿＿＿＿
＿＿＿＿＿＿＿＿＿□
＿＿＿□＿■■＿＿□
＿＿＿□□■■＿□□
＿＿＿□□□□□□□
＿＿□□□□□□□□
＿□□□□□□□□□
□□＿□□□□□□□
□□＿□□□□□□□
□□□□□□＿□□□
□□＿□□□＿□□□
＿□□□□□□□□□
□＿□□□□□□□＿
□□□□□□□□□＿
□□□□□□□□□＿
□□□□□□□□□＿
00:46:15(83268f):field(83267f)
＿＿＿＿＿＿＿＿＿＿
＿＿＿＿＿＿＿＿＿＿
＿＿＿＿＿＿＿＿＿＿
＿＿＿＿■＿＿＿＿＿
＿＿＿＿■＿＿＿＿＿
＿＿＿＿■＿＿＿＿□
＿＿＿□■□□＿＿□
＿＿＿□□□□＿□□
＿＿＿□□□□□□□
＿＿□□□□□□□□
＿□□□□□□□□□
□□＿□□□□□□□
□□＿□□□□□□□
□□□□□□＿□□□
□□＿□□□＿□□□
＿□□□□□□□□□
□＿□□□□□□□＿
□□□□□□□□□＿
□□□□□□□□□＿
□□□□□□□□□＿
00:46:16(83293f):field(83292f)
＿＿＿＿＿＿＿＿＿＿
＿＿＿＿＿＿＿＿＿＿
＿＿＿＿＿＿＿＿＿＿
＿＿＿＿□＿＿＿＿＿
＿＿＿＿□＿＿＿＿＿
＿＿＿＿□＿■■■□
＿＿＿□□□□＿■□
＿＿＿□□□□＿□□
＿＿＿□□□□□□□
＿＿□□□□□□□□
＿□□□□□□□□□
□□＿□□□□□□□
□□＿□□□□□□□
□□□□□□＿□□□
□□＿□□□＿□□□
＿□□□□□□□□□
□＿□□□□□□□＿
□□□□□□□□□＿
□□□□□□□□□＿
□□□□□□□□□＿
00:46:16(83309f):field(83308f)
＿＿＿＿＿＿＿＿＿＿
＿＿＿＿＿＿＿＿＿＿
＿＿＿＿＿＿＿＿＿＿
＿＿＿＿◆＿＿＿＿＿
＿＿＿＿◆＿＿＿＿＿
＿＿＿＿□＿◆◆◆◆
＿＿＿◆□◆◆＿◆◆
＿＿＿◆□◆□■□□
■＿■□□□□◆□□
＿■◆□□□□◆□□
■◆□□□□□□□□
□□＿□□□□□□□
□□＿□□□□□□□
□□□□□□＿□□□
□□＿□□□＿□□□
＿□□□□□□□□□
□＿□□□□□□□＿
□□□□□□□□□＿
□□□□□□□□□＿
□□□□□□□□□＿
00:46:17(83322f):field(83321f)
＿＿＿＿＿＿＿＿＿＿
＿＿＿＿＿＿＿＿＿＿
＿＿＿＿＿＿＿＿＿＿
＿＿＿＿＿＿＿＿＿＿
＿＿＿＿＿＿＿＿＿＿
＿＿＿＿◆＿＿＿＿＿
＿＿＿＿□＿＿＿＿＿
＿＿＿＿□＿◆◆◆◆
◆＿◆◆□◆□■□□
＿□＿□□□□＿□□
□■◆□□□□◆□□
□□＿□□□□□□□
□□■□□□□□□□
□□□□□□＿□□□
□□＿□□□＿□□□
＿□□□□□□□□□
□＿□□□□□□□＿
□□□□□□□□□＿
□□□□□□□□□＿
□□□□□□□□□＿
00:46:18(83347f):field(83346f)
＿＿＿＿＿＿＿＿＿＿
＿＿＿＿＿＿＿＿＿＿
＿＿＿＿＿＿＿＿＿＿
＿＿＿＿＿＿＿＿＿＿
＿＿＿＿＿＿＿＿＿＿
＿＿＿＿＿＿＿＿＿＿
＿＿＿＿◆＿＿＿＿＿
＿＿＿＿□＿＿＿＿＿
＿＿＿＿□＿◆◆◆◆
＿◆＿◆□◆□■□□
◆□■□□□□＿□□
□□■□□□□□□□
□□□□□□□□□□
□□□□□□＿□□□
□□＿□□□＿□□□
＿□□□□□□□□□
□＿□□□□□□□＿
□□□□□□□□□＿
□□□□□□□□□＿
□□□□□□□□□＿
00:46:18(83365f):field(83364f)
＿＿＿＿＿＿＿＿＿＿
＿＿＿＿＿＿＿＿＿＿
＿＿＿＿＿＿＿＿＿＿
＿＿＿＿＿＿＿＿＿＿
＿＿＿＿＿＿＿＿＿＿
＿＿＿＿＿＿＿＿＿＿
＿＿＿＿＿＿＿＿■＿
＿＿＿＿□＿＿＿■■
＿＿＿＿□＿＿＿＿■
＿＿＿＿□＿□□□□
＿□□□□□□＿□□
□□□□□□□◆□□
□□□□□□□□□□
□□□□□□＿□□□
□□＿□□□＿□□□
＿□□□□□□□□□
□＿□□□□□□□＿
□□□□□□□□□＿
□□□□□□□□□＿
□□□□□□□□□＿
00:46:19(83379f):field(83378f)
＿＿＿＿＿＿＿＿＿＿
＿＿＿＿＿＿＿＿＿＿
＿＿＿＿＿＿＿＿＿＿
＿＿＿＿＿＿＿＿＿＿
＿＿＿＿＿＿＿＿＿＿
＿＿＿＿＿＿＿＿＿＿
＿＿＿＿＿＿＿＿□＿
＿＿＿＿□＿＿＿□□
＿＿■■□＿＿＿＿□
＿＿■■□＿□□□□
＿□□□□□□＿□□
□□□□□□□＿□□
□□□□□□□□□□
□□□□□□＿□□□
□□＿□□□＿□□□
＿□□□□□□□□□
□＿□□□□□□□＿
□□□□□□□□□＿
□□□□□□□□□＿
□□□□□□□□□＿
00:46:19(83392f):field(83391f)
＿＿＿＿＿＿＿＿＿＿
＿＿＿＿＿＿＿＿＿＿
＿＿＿＿＿＿＿＿＿＿
＿＿＿＿＿＿＿＿＿＿
＿＿＿＿＿＿＿＿＿＿
＿＿＿＿＿＿＿＿＿＿
＿＿＿＿＿■＿＿□＿
＿＿＿＿□■＿＿□□
＿＿□□□■＿＿＿□
＿＿□□□■□□□□
＿□□□□□□＿□□
□□□□□□□＿□□
□□◆□□□□□□□
□□□□□□＿□□□
□□＿□□□＿□□□
＿□□□□□□□□□
□＿□□□□□□□＿
□□□□□□□□□＿
□□□□□□□□□＿
□□□□□□□□□＿
00:46:20(83406f):field(83405f)
＿＿＿＿＿＿＿＿＿＿
＿＿＿＿＿＿＿＿＿＿
＿＿＿＿＿＿＿＿＿＿
＿＿＿＿＿＿＿＿＿＿
＿＿＿＿＿＿＿＿＿＿
＿＿＿＿＿＿＿＿＿＿
＿＿＿＿＿◆＿＿◆＿
＿＿＿＿◆□＿＿□◆
＿＿◆◆□□■■■□
＿■□□□□◆□◆□
■□□□□□□■□□
□□□□□□□■□□
□□＿□□□□□□□
□□□□□□＿□□□
□□＿□□□＿□□□
＿□□□□□□□□□
□＿□□□□□□□＿
□□□□□□□□□＿
□□□□□□□□□＿
□□□□□□□□□＿
00:46:20(83419f):field(83418f)
＿＿＿＿＿＿＿＿＿＿
＿＿＿＿＿＿＿＿＿＿
＿＿＿＿＿＿＿＿＿＿
＿＿＿＿＿＿＿＿＿＿
＿＿＿＿＿＿＿＿＿＿
＿＿＿＿＿＿＿＿＿＿
＿＿＿＿＿＿＿＿＿＿
■＿＿＿＿□＿＿□＿
■■＿＿□□◆◆□□
■□□□□□＿◆＿□
□□□□□□□◆□□
□□□□□□□◆□□
□□＿□□□□□□□
□□□□□□＿□□□
□□＿□□□＿□□□
＿□□□□□□□□□
□＿□□□□□□□＿
□□□□□□□□□＿
□□□□□□□□□＿
□□□□□□□□□＿
00:46:21(83433f):field(83432f)
＿＿＿＿＿＿＿＿＿＿
＿＿＿＿＿＿＿＿＿＿
＿＿＿＿＿＿＿＿＿＿
＿＿＿＿＿＿＿＿＿＿
＿＿＿＿＿＿＿＿＿＿
＿＿＿＿＿＿＿＿＿＿
＿＿＿■＿＿＿＿＿＿
□＿＿■＿□＿＿□＿
□□■■□□＿＿□□
□□□□□□＿＿＿□
□□□□□□□＿□□
□□□□□□□＿□□
□□＿□□□□□□□
□□□□□□＿□□□
□□＿□□□＿□□□
＿□□□□□□□□□
□＿□□□□□□□＿
□□□□□□□□□＿
□□□□□□□□□＿
□□□□□□□□□＿
00:46:21(83450f):field(83449f)
＿＿＿＿＿＿＿＿＿＿
＿＿＿＿＿＿＿＿＿＿
＿＿＿＿＿＿＿＿＿＿
＿＿＿＿＿＿＿＿＿＿
＿＿＿＿＿＿＿＿＿＿
＿＿＿＿＿＿＿＿＿＿
＿＿＿◆＿＿＿＿＿＿
◆＿＿□＿◆＿＿◆＿
□◆◆□◆□＿＿□◆
□□□□□□■＿■□
□□□□□□□■◆□
□□□□□□□＿□□
□□＿□□□□□□□
□□□□□□＿□□□
□□＿□□□＿□□□
＿□□□□□□□□□
□＿□□□□□□□＿
□□□□□□□□□＿
□□□□□□□□□＿
□□□□□□□□□＿
00:46:22(83460f):field(83459f)
＿＿＿＿＿＿＿＿＿＿
＿＿＿＿＿＿＿＿＿＿
＿＿＿＿＿＿＿＿＿＿
＿＿＿＿＿＿＿＿＿＿
＿＿＿＿＿＿＿＿＿＿
＿＿＿＿＿＿＿＿＿＿
＿＿＿■■＿＿＿＿＿
＿＿＿□■＿＿＿＿＿
□＿＿□■□＿＿□＿
□□□□□□□＿□□
□□□□□□□□＿□
□□□□□□□＿□□
□□＿□□□□□□□
□□□□□□＿□□□
□□＿□□□＿□□□
＿□□□□□□□□□
□＿□□□□□□□＿
□□□□□□□□□＿
□□□□□□□□□＿
□□□□□□□□□＿
00:46:22(83475f):field(83474f)
＿＿＿＿＿＿＿＿＿＿
＿＿＿＿＿＿＿＿＿＿
＿＿＿＿＿＿＿＿＿＿
＿＿＿＿＿＿＿＿＿＿
＿＿＿＿＿＿＿＿＿＿
＿＿＿＿＿＿＿＿＿＿
＿＿＿◆◆＿＿＿＿＿
＿＿＿□□＿＿■＿＿
◆＿■□□◆＿■◆＿
□◆◆□□□◆■□□
□□□□□□□□＿□
□□□□□□□＿□□
□□＿□□□□□□□
□□□□□□＿□□□
□□＿□□□＿□□□
＿□□□□□□□□□
□＿□□□□□□□＿
□□□□□□□□□＿
□□□□□□□□□＿
□□□□□□□□□＿
00:46:22(83486f):field(83485f)
＿＿＿＿＿＿＿＿＿＿
＿＿＿＿＿＿＿＿＿＿
＿＿＿＿＿＿＿＿＿＿
＿＿＿＿＿＿＿＿＿＿
＿＿＿＿＿＿＿＿＿＿
＿＿＿＿＿＿＿＿＿＿
＿＿＿＿＿＿＿＿＿＿
＿＿＿□□＿■□＿＿
＿＿◆□□■■□＿＿
□＿＿□□□■□□◆
□□□□□□□□＿□
□□□□□□□＿□□
□□＿□□□□□□□
□□□□□□＿□□□
□□＿□□□＿□□□
＿□□□□□□□□□
□＿□□□□□□□＿
□□□□□□□□□＿
□□□□□□□□□＿
□□□□□□□□□＿
00:46:23(83498f):field(83497f)
＿＿＿＿＿＿＿＿＿＿
＿＿＿＿＿＿＿＿＿＿
＿＿＿＿＿＿＿＿＿＿
＿＿＿＿＿＿＿＿＿＿
＿＿＿＿＿＿＿＿＿＿
＿＿＿＿＿＿＿＿＿＿
＿＿＿＿＿＿＿＿＿＿
＿＿＿□□＿□□＿＿
■■＿□□□□□＿＿
□■■□□□□□□＿
□□□□□□□□＿□
□□□□□□□＿□□
□□＿□□□□□□□
□□□□□□＿□□□
□□＿□□□＿□□□
＿□□□□□□□□□
□＿□□□□□□□＿
□□□□□□□□□＿
□□□□□□□□□＿
□□□□□□□□□＿
00:46:23(83510f):field(83509f)
＿＿＿＿＿＿＿＿＿＿
＿＿＿＿＿＿＿＿＿＿
＿＿＿＿＿＿＿＿＿＿
＿＿＿＿＿＿＿＿＿＿
＿＿＿＿＿＿＿＿＿＿
＿＿＿＿＿＿＿＿＿＿
＿＿＿＿＿＿＿＿＿＿
■■■□□＿□□＿＿
□□■□□□□□＿＿
□□□□□□□□□＿
□□□□□□□□＿□
□□□□□□□＿□□
□□＿□□□□□□□
□□□□□□＿□□□
□□＿□□□＿□□□
＿□□□□□□□□□
□＿□□□□□□□＿
□□□□□□□□□＿
□□□□□□□□□＿
□□□□□□□□□＿
00:46:24(83524f):field(83523f)
＿＿＿＿＿＿＿＿＿＿
＿＿＿＿＿＿＿＿＿＿
＿＿＿＿＿＿＿＿＿＿
＿＿＿＿＿＿＿＿＿＿
＿＿＿＿＿＿＿＿＿＿
＿＿＿＿＿＿＿＿＿＿
＿＿＿＿＿■■■＿＿
□□□□□■□□＿＿
□□□□□□□□＿＿
□□□□□□□□□＿
□□□□□□□□＿□
□□□□□□□＿□□
□□＿□□□□□□□
□□□□□□＿□□□
□□＿□□□＿□□□
＿□□□□□□□□□
□＿□□□□□□□＿
□□□□□□□□□＿
□□□□□□□□□＿
□□□□□□□□□＿
00:46:24(83534f):field(83533f)
＿＿＿＿＿＿＿＿＿＿
＿＿＿＿＿＿＿＿＿＿
＿＿＿＿＿＿＿＿＿＿
＿＿＿＿＿＿＿＿＿＿
＿＿＿＿＿＿＿＿＿＿
＿＿＿＿■■＿＿＿＿
＿＿＿■■□□□＿＿
□□□□□□□□＿＿
□□□□□□□□＿＿
□□□□□□□□□＿
□□□□□□□□＿□
□□□□□□□＿□□
□□＿□□□□□□□
□□□□□□＿□□□
□□＿□□□＿□□□
＿□□□□□□□□□
□＿□□□□□□□＿
□□□□□□□□□＿
□□□□□□□□□＿
□□□□□□□□□＿
00:46:25(83550f):field(83549f)
＿＿＿＿＿＿＿＿＿＿
＿＿＿＿＿＿＿＿＿＿
＿＿＿＿＿＿＿＿＿＿
＿＿＿＿＿＿＿＿＿＿
＿＿＿＿＿＿＿＿＿＿
＿＿＿＿◆◆＿＿＿＿
＿＿＿◆□□◆◆＿＿
◆◆◆□□□□□＿■
□□□□□□□□＿■
□□□□□□□□◆■
□□□□□□□□＿□
□□□□□□□＿□□
□□＿□□□□□□□
□□□□□□＿□□□
□□＿□□□＿□□□
＿□□□□□□□□□
□＿□□□□□□□＿
□□□□□□□□□＿
□□□□□□□□□＿
□□□□□□□□□＿
00:46:25(83560f):field(83559f)
＿＿＿＿＿＿＿＿＿＿
＿＿＿＿＿＿＿＿＿＿
＿＿＿＿＿＿＿＿＿＿
＿＿＿＿＿＿＿＿＿＿
＿＿＿＿＿＿＿＿＿＿
＿＿＿＿＿＿＿＿＿＿
■■＿＿□□＿＿＿＿
■■＿□□□□□＿□
□□□□□□□□＿□
□□□□□□□□＿□
□□□□□□□□＿□
□□□□□□□＿□□
□□＿□□□□□□□
□□□□□□＿□□□
□□＿□□□＿□□□
＿□□□□□□□□□
□＿□□□□□□□＿
□□□□□□□□□＿
□□□□□□□□□＿
□□□□□□□□□＿
00:46:25(83573f):field(83572f)
＿＿＿＿＿＿＿＿＿＿
＿＿＿＿＿＿＿＿＿＿
＿＿＿＿＿＿＿＿＿＿
＿＿＿＿＿＿＿＿＿＿
＿＿＿＿＿＿＿＿＿＿
＿＿＿■＿＿＿＿＿＿
□□■■□□＿＿＿＿
□□■□□□□□＿□
□□□□□□□□＿□
□□□□□□□□＿□
□□□□□□□□＿□
□□□□□□□＿□□
□□＿□□□□□□□
□□□□□□＿□□□
□□＿□□□＿□□□
＿□□□□□□□□□
□＿□□□□□□□＿
□□□□□□□□□＿
□□□□□□□□□＿
□□□□□□□□□＿
00:46:26(83587f):field(83586f)
＿＿＿＿＿＿＿＿＿＿
＿＿＿＿＿＿＿＿＿＿
＿＿＿＿＿＿＿＿＿＿
＿＿＿＿■＿＿＿＿＿
＿＿＿■■＿＿＿＿＿
＿＿＿□■＿＿＿＿＿
□□□□□□＿＿＿＿
□□□□□□□□＿□
□□□□□□□□＿□
□□□□□□□□＿□
□□□□□□□□＿□
□□□□□□□＿□□
□□＿□□□□□□□
□□□□□□＿□□□
□□＿□□□＿□□□
＿□□□□□□□□□
□＿□□□□□□□＿
□□□□□□□□□＿
□□□□□□□□□＿
□□□□□□□□□＿
00:46:26(83600f):field(83599f)
＿＿＿＿＿＿＿＿＿＿
＿＿＿＿＿＿＿＿＿＿
＿＿＿＿＿＿＿＿＿＿
＿＿＿＿□＿＿＿＿＿
＿＿■□□＿＿＿＿＿
■■■□□＿＿＿＿＿
□□□□□□＿＿＿＿
□□□□□□□□＿□
□□□□□□□□＿□
□□□□□□□□＿□
□□□□□□□□＿□
□□□□□□□＿□□
□□＿□□□□□□□
□□□□□□＿□□□
□□＿□□□＿□□□
＿□□□□□□□□□
□＿□□□□□□□＿
□□□□□□□□□＿
□□□□□□□□□＿
□□□□□□□□□＿
00:46:27(83617f):field(83616f)
＿＿＿＿＿＿＿＿＿＿
＿＿＿＿＿＿＿＿＿＿
＿＿＿＿＿＿＿＿＿＿
＿＿＿＿◆＿＿＿＿＿
＿＿◆◆◆＿＿＿＿＿
◆◆◆◆◆＿＿＿＿＿
◆◆◆◆◆◆■＿＿＿
◆◆◆◆□□◆□■◆
□◆□□□◆□□■◆
□□□□□□◆□■□
□□□□□□◆□■◆
□□□□□□□■□□
□□■□□□□□□□
□□□□□□＿□□□
□□＿□□□＿□□□
＿□□□□□□□□□
□＿□□□□□□□＿
□□□□□□□□□＿
□□□□□□□□□＿
□□□□□□□□□＿
00:46:27(83631f):field(83630f)
＿＿＿＿＿＿＿＿＿＿
＿＿＿＿＿＿＿＿＿＿
＿＿＿＿＿＿＿＿＿＿
＿＿＿＿＿＿＿＿＿＿
＿＿＿＿＿＿＿＿＿＿
＿＿＿＿＿＿＿＿＿＿
＿＿＿＿＿＿◆＿＿＿
＿＿＿＿□◆＿◆◆＿
◆＿□□□＿◆◆◆■
□□□□□◆＿◆◆□
□□□□□□＿◆□■
□□□□□□□◆□□
□□◆□□□□□□□
□□□□□□＿□□□
□□＿□□□＿□□□
＿□□□□□□□□□
□＿□□□□□□□＿
□□□□□□□□□＿
□□□□□□□□□＿
□□□□□□□□□＿
00:46:28(83645f):field(83644f)
＿＿＿＿＿＿＿＿＿＿
＿＿＿＿＿＿＿＿＿＿
＿＿＿＿＿＿＿＿＿＿
＿＿＿＿＿＿＿＿＿＿
＿＿＿＿＿＿＿＿＿＿
＿＿＿＿＿＿＿＿＿＿
＿＿＿＿＿＿＿＿＿＿
＿＿＿＿◆＿＿＿＿＿
＿＿◆◆□＿＿＿＿◆
◆□□□□＿＿＿＿□
□□□□□□■■◆□
□□□□□□□＿□□
□□＿□□□□□□□
□□□□□□＿□□□
□□＿□□□＿□□□
＿□□□□□□□□□
□＿□□□□□□□＿
□□□□□□□□□＿
□□□□□□□□□＿
□□□□□□□□□＿
00:46:28(83656f):field(83655f)
＿＿＿＿＿＿＿＿＿＿
＿＿＿＿＿＿＿＿＿＿
＿＿＿＿＿＿＿＿＿＿
＿＿＿＿＿＿＿＿＿＿
＿＿＿＿＿＿＿＿＿＿
＿＿＿＿＿＿＿＿＿＿
＿＿＿＿＿＿＿＿＿＿
＿＿＿■■＿＿＿＿＿
＿＿■■□＿＿＿＿＿
＿◆□□□＿＿＿＿□
□□□□□□□◆＿□
□□□□□□□＿□□
□□＿□□□□□□□
□□□□□□＿□□□
□□＿□□□＿□□□
＿□□□□□□□□□
□＿□□□□□□□＿
□□□□□□□□□＿
□□□□□□□□□＿
□□□□□□□□□＿
00:46:28(83667f):field(83666f)
＿＿＿＿＿＿＿＿＿＿
＿＿＿＿＿＿＿＿＿＿
＿＿＿＿＿＿＿＿＿＿
＿＿＿＿＿＿＿＿＿＿
＿＿＿＿＿＿＿＿＿＿
＿＿＿＿＿＿＿＿＿＿
＿＿＿＿＿＿＿＿＿＿
＿＿＿□□＿＿＿＿＿
＿＿□□□■■＿＿＿
＿＿□□□■■＿＿□
□□□□□□□＿＿□
□□□□□□□＿□□
□□＿□□□□□□□
□□□□□□＿□□□
□□＿□□□＿□□□
＿□□□□□□□□□
□＿□□□□□□□＿
□□□□□□□□□＿
□□□□□□□□□＿
□□□□□□□□□＿
00:46:29(83681f):field(83680f)
＿＿＿＿＿＿＿＿＿＿
＿＿＿＿＿＿＿＿＿＿
＿＿＿＿＿＿＿＿＿＿
＿＿＿＿＿＿＿＿＿＿
＿＿＿＿＿＿＿＿＿＿
＿＿＿＿＿＿＿＿＿＿
＿＿＿＿＿＿＿＿＿＿
＿＿＿◆◆＿＿＿＿＿
＿＿◆□□◆◆＿＿＿
＿＿□□□□□■＿◆
◆◆□□□□□■＿□
□□□□□□□■◆□
□□＿□□□□□□□
□□□□□□■□□□
□□＿□□□＿□□□
＿□□□□□□□□□
□＿□□□□□□□＿
□□□□□□□□□＿
□□□□□□□□□＿
□□□□□□□□□＿
00:46:29(83696f):field(83695f)
＿＿＿＿＿＿＿＿＿＿
＿＿＿＿＿＿＿＿＿＿
＿＿＿＿＿＿＿＿＿＿
＿＿＿＿＿＿＿＿＿＿
＿＿＿＿＿＿＿＿＿＿
＿＿＿＿＿＿＿＿＿＿
＿＿＿＿＿＿＿＿＿＿
＿＿＿＿＿＿＿＿＿＿
＿＿＿◆◆＿＿＿＿＿
＿＿◆□□◆◆◆＿＿
＿＿□□□□□□■□
◆◆□□□□□□■□
□□＿□□□□□□□
□□□□□□□□□□
□□＿□□□＿□□□
＿□□□□□□□□□
□＿□□□□□□□＿
□□□□□□□□□＿
□□□□□□□□□＿
□□□□□□□□□＿
00:46:30(83706f):field(83705f)
＿＿＿＿＿＿＿＿＿＿
＿＿＿＿＿＿＿＿＿＿
＿＿＿＿＿＿＿＿＿＿
＿＿＿＿＿＿＿＿＿＿
＿＿＿＿＿＿＿＿＿＿
＿＿＿＿＿＿＿＿＿＿
＿＿＿＿＿＿＿＿＿＿
＿＿＿＿＿＿＿＿＿＿
＿＿＿＿＿＿■＿＿＿
＿＿＿□□■■■＿＿
＿＿□□□□□□□□
＿＿□□□□□□□□
□□＿□□□□□□□
□□□□□□◆□□□
□□＿□□□＿□□□
＿□□□□□□□□□
□＿□□□□□□□＿
□□□□□□□□□＿
□□□□□□□□□＿
□□□□□□□□□＿
00:46:30(83717f):field(83716f)
＿＿＿＿＿＿＿＿＿＿
＿＿＿＿＿＿＿＿＿＿
＿＿＿＿＿＿＿＿＿＿
＿＿＿＿＿＿＿＿＿＿
＿＿＿＿＿＿＿＿＿＿
＿＿＿＿＿＿＿＿＿＿
＿＿＿＿■＿＿＿＿＿
＿＿＿＿■＿＿＿＿＿
＿＿＿＿■■□＿＿＿
＿＿＿□□□□□＿＿
＿＿□□□□□□□□
＿＿□□□□□□□□
□□＿□□□□□□□
□□□□□□＿□□□
□□＿□□□＿□□□
＿□□□□□□□□□
□＿□□□□□□□＿
□□□□□□□□□＿
□□□□□□□□□＿
□□□□□□□□□＿
00:46:31(83734f):field(83733f)
＿＿＿＿＿＿＿＿＿＿
＿＿＿＿＿＿＿＿＿＿
＿＿＿＿＿＿＿＿＿＿
＿＿＿＿＿＿＿＿＿＿
＿＿＿＿＿＿＿＿＿＿
＿＿＿＿＿＿＿＿＿＿
＿＿＿＿□＿＿＿＿＿
＿＿＿＿□＿＿■＿＿
＿＿＿＿□□□■■＿
＿＿＿□□□□□■＿
＿＿□□□□□□□□
＿＿□□□□□□□□
□□＿□□□□□□□
□□□□□□＿□□□
□□＿□□□＿□□□
＿□□□□□□□□□
□＿□□□□□□□＿
□□□□□□□□□＿
□□□□□□□□□＿
□□□□□□□□□＿
00:46:31(83749f):field(83748f)
＿＿＿＿＿＿＿＿＿＿
＿＿＿＿＿＿＿＿＿＿
＿＿＿＿＿＿＿＿＿＿
＿＿＿＿＿＿＿＿＿＿
＿＿＿＿＿＿＿＿＿＿
＿＿＿＿＿＿＿＿＿＿
＿＿＿＿◆＿＿＿＿＿
＿＿＿＿□＿＿◆＿＿
＿＿＿＿□◆◆□◆＿
＿＿＿◆□□□□□＿
■＿◆□□□□□□◆
■■□□□□□□□□
□□＿□□□□□□□
□□□□□□＿□□□
□□＿□□□＿□□□
＿□□□□□□□□□
□＿□□□□□□□＿
□□□□□□□□□＿
□□□□□□□□□＿
□□□□□□□□□＿
00:46:32(83760f):field(83759f)
＿＿＿＿＿＿＿＿＿＿
＿＿＿＿＿＿＿＿＿＿
＿＿＿＿＿＿＿＿＿＿
＿＿＿＿＿＿＿＿＿＿
＿＿＿＿＿＿＿＿＿＿
＿＿＿＿＿■＿＿＿＿
＿＿＿＿＿■＿＿＿＿
＿＿＿＿□■＿＿＿＿
＿＿＿＿□■＿□＿＿
＿＿＿＿□□□□□＿
□＿＿□□□□□□＿
□◆□□□□□□□□
□□＿□□□□□□□
□□□□□□＿□□□
□□＿□□□＿□□□
＿□□□□□□□□□
□＿□□□□□□□＿
□□□□□□□□□＿
□□□□□□□□□＿
□□□□□□□□□＿
00:46:32(83775f):field(83774f)
＿＿＿＿＿＿＿＿＿＿
＿＿＿＿＿＿＿＿＿＿
＿＿＿＿＿＿＿＿＿＿
＿＿＿＿＿＿＿＿＿＿
＿＿＿＿＿＿＿＿＿＿
＿＿＿＿＿◆＿＿＿＿
＿＿＿＿＿□＿＿＿＿
＿＿＿＿◆□＿＿＿＿
＿＿＿＿□□＿◆＿＿
＿＿＿＿□□◆□◆＿
◆■■◆□□□□□＿
□■□□□□□□□□
□□＿□□□□□□□
□□□□□□＿□□□
□□＿□□□＿□□□
＿□□□□□□□□□
□＿□□□□□□□＿
□□□□□□□□□＿
□□□□□□□□□＿
□□□□□□□□□＿
00:46:32(83788f):field(83787f)
＿＿＿＿＿＿＿＿＿＿
＿＿＿＿＿＿＿＿＿＿
＿＿＿＿＿＿＿＿＿＿
＿＿＿＿＿＿＿＿＿＿
＿＿＿＿＿＿＿＿＿＿
＿＿＿＿＿＿＿＿＿＿
＿＿＿＿＿□＿＿＿＿
＿＿＿＿＿□＿＿＿＿
＿＿＿＿□□＿＿＿＿
＿＿■■□□＿□＿＿
＿□□■□□□□□＿
□□□□□□□□□◆
□□＿□□□□□□□
□□□□□□＿□□□
□□＿□□□＿□□□
＿□□□□□□□□□
□＿□□□□□□□＿
□□□□□□□□□＿
□□□□□□□□□＿
□□□□□□□□□＿
00:46:33(83798f):field(83797f)
＿＿＿＿＿＿＿＿＿＿
＿＿＿＿＿＿＿＿＿＿
＿＿＿＿＿＿＿＿＿＿
＿＿＿＿＿＿＿＿＿＿
＿＿＿＿＿＿＿＿＿＿
＿＿＿＿■■＿＿＿＿
＿＿＿＿■□＿＿＿＿
＿＿＿＿■□＿＿＿＿
＿＿＿＿□□＿＿＿＿
＿＿□□□□＿□＿＿
＿□□□□□□□□＿
□□□□□□□□□＿
□□＿□□□□□□□
□□□□□□＿□□□
□□＿□□□＿□□□
＿□□□□□□□□□
□＿□□□□□□□＿
□□□□□□□□□＿
□□□□□□□□□＿
□□□□□□□□□＿
00:46:33(83816f):field(83815f)
＿＿＿＿＿＿＿＿＿＿
＿＿＿＿＿＿＿＿＿＿
＿＿＿＿＿＿＿＿＿＿
＿＿＿＿＿＿＿＿＿＿
＿＿＿＿＿＿＿＿＿＿
＿＿＿＿◆◆＿＿＿＿
＿＿＿＿□□＿＿＿＿
＿＿＿＿□□＿＿＿＿
＿＿＿＿□□＿＿＿＿
＿＿◆◆□□＿◆＿＿
＿◆□□□□◆□□■
◆□□□□□□□□■
□□＿□□□□□□□
□□□□□□■□□□
□□＿□□□＿□□□
＿□□□□□□□□□
□＿□□□□□□□＿
□□□□□□□□□＿
□□□□□□□□□＿
□□□□□□□□□＿
00:46:34(83829f):field(83828f)
＿＿＿＿＿＿＿＿＿＿
＿＿＿＿＿＿＿＿＿＿
＿＿＿＿＿＿＿＿＿＿
＿＿＿＿＿＿＿＿＿＿
＿＿＿＿＿＿＿＿＿＿
＿＿＿＿＿＿＿＿＿＿
＿＿＿＿◆◆＿＿＿＿
＿＿＿＿□□＿＿＿＿
＿＿＿＿□□＿＿＿＿
＿＿＿＿□□＿＿＿＿
＿■□◆□□＿◆◆◆
■□□□□□◆□□□
□□＿□□□□□□□
□□□□□□□□□□
□□＿□□□＿□□□
＿□□□□□□□□□
□＿□□□□□□□＿
□□□□□□□□□＿
□□□□□□□□□＿
□□□□□□□□□＿
00:46:34(83842f):field(83841f)
＿＿＿＿＿＿＿＿＿＿
＿＿＿＿＿＿＿＿＿＿
＿＿＿＿＿＿＿＿＿＿
＿＿＿＿＿＿＿＿＿＿
＿＿＿＿＿＿＿＿＿＿
＿＿＿＿＿＿＿＿＿＿
＿＿＿＿＿＿＿＿＿＿
＿＿＿＿□□＿＿＿＿
＿■＿＿□□＿＿＿＿
＿■■＿□□＿＿＿＿
＿□□＿□□＿＿＿＿
□□□□□□＿□□□
□□＿□□□□□□□
□□□□□□◆□□□
□□＿□□□＿□□□
＿□□□□□□□□□
□＿□□□□□□□＿
□□□□□□□□□＿
□□□□□□□□□＿
□□□□□□□□□＿
00:46:35(83856f):field(83855f)
＿＿＿＿＿＿＿＿＿＿
＿＿＿＿＿＿＿＿＿＿
＿＿＿＿＿＿＿＿＿＿
＿＿＿＿＿＿＿＿＿＿
＿＿＿＿＿＿＿＿＿＿
＿＿＿＿＿＿＿＿＿＿
＿＿＿＿＿＿＿＿＿＿
＿＿＿＿◆◆＿＿＿＿
＿◆＿＿□□＿＿＿＿
＿□◆＿□□■＿＿＿
＿□□＿□□■＿＿＿
◆□□◆□□■◆◆◆
□□■□□□□□□□
□□□□□□＿□□□
□□＿□□□＿□□□
＿□□□□□□□□□
□＿□□□□□□□＿
□□□□□□□□□＿
□□□□□□□□□＿
□□□□□□□□□＿
00:46:35(83870f):field(83869f)
＿＿＿＿＿＿＿＿＿＿
＿＿＿＿＿＿＿＿＿＿
＿＿＿＿＿＿＿＿＿＿
＿＿＿＿＿＿＿＿＿＿
＿＿＿＿＿＿＿＿＿＿
＿＿＿＿＿＿＿＿＿＿
＿＿＿＿＿＿＿＿＿＿
＿＿＿＿＿＿＿＿＿＿
＿＿＿＿□□＿＿＿＿
＿□＿＿□□□＿＿＿
＿□□＿□□□＿■＿
＿□□＿□□□■■■
□□◆□□□□□□□
□□□□□□＿□□□
□□＿□□□＿□□□
＿□□□□□□□□□
□＿□□□□□□□＿
□□□□□□□□□＿
□□□□□□□□□＿
□□□□□□□□□＿
00:46:36(83880f):field(83879f)
＿＿＿＿＿＿＿＿＿＿
＿＿＿＿＿＿＿＿＿＿
＿＿＿＿＿＿＿＿＿＿
＿＿＿＿＿＿＿＿＿＿
＿＿＿＿＿＿＿＿＿＿
＿＿＿＿＿＿＿＿＿＿
＿＿＿＿■■＿＿＿＿
＿＿＿＿■■＿＿＿＿
＿＿＿＿□□＿＿＿＿
＿□＿＿□□□＿＿＿
＿□□＿□□□＿□＿
＿□□＿□□□□□□
□□＿□□□□□□□
□□□□□□＿□□□
□□＿□□□＿□□□
＿□□□□□□□□□
□＿□□□□□□□＿
□□□□□□□□□＿
□□□□□□□□□＿
□□□□□□□□□＿
00:46:36(83893f):field(83892f)
＿＿＿＿＿＿＿＿＿＿
＿＿＿＿＿＿＿＿＿＿
＿＿＿＿＿＿＿＿＿＿
＿＿＿＿＿＿＿＿＿＿
＿＿＿＿＿＿＿＿＿＿
＿＿＿＿＿＿＿＿＿＿
＿＿＿＿□□＿＿＿＿
＿＿＿＿□□＿＿＿＿
＿＿＿＿□□＿＿■＿
＿□＿＿□□□■■＿
＿□□＿□□□■□＿
＿□□＿□□□□□□
□□＿□□□□□□□
□□□□□□＿□□□
□□＿□□□＿□□□
＿□□□□□□□□□
□＿□□□□□□□＿
□□□□□□□□□＿
□□□□□□□□□＿
□□□□□□□□□＿
00:46:36(83907f):field(83906f)
＿＿＿＿＿＿＿＿＿＿
＿＿＿＿＿＿＿＿＿＿
＿＿＿＿＿＿＿＿＿＿
＿＿＿＿＿＿＿＿＿＿
＿＿＿＿＿＿＿＿＿＿
＿＿＿＿＿＿＿＿＿＿
＿＿＿＿□□＿■＿＿
＿＿＿＿□□＿■＿＿
＿＿＿＿□□■■□＿
＿□＿＿□□□□□＿
＿□□＿□□□□□＿
＿□□＿□□□□□□
□□＿□□□□□□□
□□□□□□＿□□□
□□＿□□□＿□□□
＿□□□□□□□□□
□＿□□□□□□□＿
□□□□□□□□□＿
□□□□□□□□□＿
□□□□□□□□□＿
00:46:37(83920f):field(83919f)
＿＿＿＿＿＿＿＿＿＿
＿＿＿＿＿＿＿＿＿＿
＿＿＿＿＿＿＿＿＿＿
＿＿＿＿＿＿＿＿＿＿
＿＿＿＿＿＿＿＿＿＿
＿＿＿＿＿＿＿＿＿＿
＿＿＿＿□□＿□＿＿
＿＿＿＿□□＿□＿＿
＿＿＿■□□□□□＿
＿□＿■□□□□□＿
＿□□■□□□□□＿
＿□□■□□□□□□
□□＿□□□□□□□
□□□□□□＿□□□
□□＿□□□＿□□□
＿□□□□□□□□□
□＿□□□□□□□＿
□□□□□□□□□＿
□□□□□□□□□＿
□□□□□□□□□＿
00:46:37(83934f):field(83933f)
＿＿＿＿＿＿＿＿＿＿
＿＿＿＿＿＿＿＿＿＿
＿＿＿＿＿＿＿＿＿＿
＿＿＿＿＿＿＿＿＿＿
＿＿＿＿＿＿＿＿＿＿
＿＿＿＿＿＿＿＿＿＿
＿＿＿＿□□＿□＿＿
＿＿■＿□□＿□＿＿
＿■■□□□□□□＿
＿□■□□□□□□＿
＿□□□□□□□□＿
＿□□□□□□□□□
□□＿□□□□□□□
□□□□□□＿□□□
□□＿□□□＿□□□
＿□□□□□□□□□
□＿□□□□□□□＿
□□□□□□□□□＿
□□□□□□□□□＿
□□□□□□□□□＿
00:46:38(83948f):field(83947f)
＿＿＿＿＿＿＿＿＿＿
＿＿＿＿＿＿＿＿＿＿
＿＿＿＿＿＿＿＿＿＿
＿＿＿＿＿＿＿＿＿＿
＿＿＿＿＿＿＿＿＿＿
＿＿＿＿＿＿＿＿＿＿
＿＿＿＿□□＿□■■
＿＿□＿□□＿□■■
＿□□□□□□□□＿
＿□□□□□□□□＿
＿□□□□□□□□＿
＿□□□□□□□□□
□□＿□□□□□□□
□□□□□□＿□□□
□□＿□□□＿□□□
＿□□□□□□□□□
□＿□□□□□□□＿
□□□□□□□□□＿
□□□□□□□□□＿
□□□□□□□□□＿
00:46:38(83961f):field(83960f)
＿＿＿＿＿＿＿＿＿＿
＿＿＿＿＿＿＿＿＿＿
＿＿＿＿＿＿＿＿＿＿
＿＿＿＿＿＿＿＿＿＿
＿＿＿＿＿＿＿＿＿＿
＿＿■＿＿＿＿＿＿＿
＿＿■■□□＿□□□
＿＿□■□□＿□□□
＿□□□□□□□□＿
＿□□□□□□□□＿
＿□□□□□□□□＿
＿□□□□□□□□□
□□＿□□□□□□□
□□□□□□＿□□□
□□＿□□□＿□□□
＿□□□□□□□□□
□＿□□□□□□□＿
□□□□□□□□□＿
□□□□□□□□□＿
□□□□□□□□□＿
00:46:39(83987f):field(83986f)
＿＿＿＿＿＿＿＿＿＿
＿＿＿＿＿＿＿＿＿＿
＿＿＿＿＿＿＿＿＿＿
＿＿＿＿＿＿＿＿＿＿
＿＿■■＿＿■＿＿＿
＿＿□■■＿■＿＿＿
＿＿□□□□■□□□
＿＿□□□□■□□□
＿□□□□□□□□＿
＿□□□□□□□□＿
＿□□□□□□□□＿
＿□□□□□□□□□
□□＿□□□□□□□
□□□□□□＿□□□
□□＿□□□＿□□□
＿□□□□□□□□□
□＿□□□□□□□＿
□□□□□□□□□＿
□□□□□□□□□＿
□□□□□□□□□＿
00:46:39(83999f):field(83998f)
＿＿＿＿＿＿＿＿＿＿
＿＿＿＿＿＿＿＿＿＿
＿＿＿＿＿■＿＿＿＿
＿＿＿＿＿■＿＿＿＿
＿＿□□＿■□＿＿＿
＿＿□□□■□＿＿＿
＿＿□□□□□□□□
＿＿□□□□□□□□
＿□□□□□□□□＿
＿□□□□□□□□＿
＿□□□□□□□□＿
＿□□□□□□□□□
□□＿□□□□□□□
□□□□□□＿□□□
□□＿□□□＿□□□
＿□□□□□□□□□
□＿□□□□□□□＿
□□□□□□□□□＿
□□□□□□□□□＿
□□□□□□□□□＿
00:46:40(84018f):field(84017f)
＿＿＿＿＿＿＿＿＿＿
＿＿＿＿＿＿＿＿＿＿
＿＿＿＿＿□＿＿＿＿
＿＿＿＿＿□＿＿＿＿
＿＿□□＿□□＿＿■
＿＿□□□□□■■■
＿＿□□□□□□□□
＿＿□□□□□□□□
＿□□□□□□□□＿
＿□□□□□□□□＿
＿□□□□□□□□＿
＿□□□□□□□□□
□□＿□□□□□□□
□□□□□□＿□□□
□□＿□□□＿□□□
＿□□□□□□□□□
□＿□□□□□□□＿
□□□□□□□□□＿
□□□□□□□□□＿
□□□□□□□□□＿
00:46:41(84035f):field(84034f)
＿＿＿＿＿＿＿＿＿＿
＿＿＿＿＿＿＿＿＿＿
＿＿＿■＿□＿＿＿＿
＿＿＿■■□＿＿＿＿
＿＿□□■□□＿＿□
＿＿□□□□□□□□
＿＿□□□□□□□□
＿＿□□□□□□□□
＿□□□□□□□□＿
＿□□□□□□□□＿
＿□□□□□□□□＿
＿□□□□□□□□□
□□＿□□□□□□□
□□□□□□＿□□□
□□＿□□□＿□□□
＿□□□□□□□□□
□＿□□□□□□□＿
□□□□□□□□□＿
□□□□□□□□□＿
□□□□□□□□□＿
00:46:41(84047f):field(84046f)
＿＿＿＿＿＿＿＿＿＿
＿＿＿■■■＿＿＿＿
＿＿＿□■□＿＿＿＿
＿＿＿□□□＿＿＿＿
＿＿□□□□□＿＿□
＿＿□□□□□□□□
＿＿□□□□□□□□
＿＿□□□□□□□□
＿□□□□□□□□＿
＿□□□□□□□□＿
＿□□□□□□□□＿
＿□□□□□□□□□
□□＿□□□□□□□
□□□□□□＿□□□
□□＿□□□＿□□□
＿□□□□□□□□□
□＿□□□□□□□＿
□□□□□□□□□＿
□□□□□□□□□＿
□□□□□□□□□＿
00:46:44(84135f):game end
