00:18:31(33353f):game start
00:18:33(33397f):field(33396f)
＿＿＿＿＿＿＿＿＿＿
＿＿＿＿＿＿＿＿＿＿
＿＿＿＿＿＿＿＿＿＿
＿＿＿＿＿＿＿＿＿＿
＿＿＿＿＿＿＿＿＿＿
＿＿＿＿＿＿＿＿＿＿
＿＿＿＿＿＿＿＿＿＿
＿＿＿＿＿＿＿＿＿＿
＿＿＿＿＿＿＿＿＿＿
＿＿＿＿＿＿＿＿＿＿
＿＿＿＿＿＿＿＿＿＿
＿＿＿＿＿＿＿＿＿＿
＿＿＿＿＿＿＿＿＿＿
＿＿■■■■■■＿＿
＿＿＿＿＿＿＿＿＿＿
＿＿＿＿＿＿＿＿＿＿
＿＿＿＿＿＿＿＿＿＿
＿＿＿＿＿＿＿＿＿＿
＿＿＿＿＿＿＿＿＿＿
＿＿＿＿＿＿＿＿＿＿
00:18:34(33421f):field(33420f)
＿＿＿＿＿＿＿＿＿＿
＿＿＿＿＿＿＿＿＿＿
＿＿＿＿＿＿＿＿＿＿
＿＿＿＿＿＿＿＿＿＿
＿＿＿＿＿＿＿＿＿＿
＿＿＿＿＿＿＿＿＿＿
＿＿＿＿＿＿＿＿＿＿
＿＿＿＿＿＿＿＿＿＿
＿＿＿＿＿＿＿＿＿＿
＿＿＿＿＿＿＿＿＿＿
＿＿＿＿＿＿＿＿＿＿
＿＿＿＿＿＿＿＿＿＿
＿＿＿＿＿＿＿＿＿＿
＿＿◆◆◆◆◆◆＿＿
＿＿＿＿＿＿＿＿＿＿
＿＿＿＿＿＿＿＿＿＿
＿＿＿＿＿＿＿＿＿＿
＿＿＿＿＿＿＿＿＿＿
■＿＿＿■＿＿＿＿＿
■■■■■■＿＿＿＿
00:18:34(33434f):field(33433f)
＿＿＿＿＿＿＿＿＿＿
＿＿＿＿＿＿＿＿＿＿
＿＿＿＿＿＿＿＿＿＿
＿＿＿＿＿＿＿＿＿＿
＿＿＿＿＿＿＿＿＿＿
＿＿＿＿＿＿＿＿＿＿
＿＿＿＿＿＿＿＿＿＿
＿＿＿＿＿＿＿＿＿＿
＿＿＿＿＿＿＿＿＿＿
＿＿＿＿＿＿＿＿＿＿
＿＿＿＿＿＿＿＿＿＿
＿＿＿＿＿＿＿＿＿＿
＿＿＿＿＿＿＿＿＿＿
＿＿＿＿＿＿＿＿＿＿
＿＿＿＿＿＿＿＿＿＿
＿＿＿＿＿＿＿＿＿＿
＿＿＿＿＿＿＿＿■＿
＿＿＿＿＿＿＿＿■＿
□＿＿＿□＿＿＿■＿
□□□□□□＿＿■＿
00:18:34(33447f):field(33446f)
＿＿＿＿＿＿＿＿＿＿
＿＿＿＿＿＿＿＿＿＿
＿＿＿＿＿＿＿＿＿＿
＿＿＿＿＿＿＿＿＿＿
＿＿＿＿＿＿＿＿＿＿
＿＿＿＿＿＿＿＿＿＿
＿＿＿＿＿＿＿＿＿＿
＿＿＿＿＿＿＿＿＿＿
＿＿＿＿＿＿＿＿＿＿
＿＿＿＿＿＿＿＿＿＿
＿＿＿＿＿＿＿＿＿＿
＿＿＿＿＿＿＿＿＿＿
＿＿＿＿＿＿＿＿＿＿
＿＿＿＿＿＿＿＿＿＿
＿＿＿＿＿＿＿＿＿＿
＿＿＿＿＿＿＿＿＿＿
＿＿＿＿＿＿＿＿□＿
＿＿＿＿＿■＿＿□＿
□＿＿＿□■■＿□＿
□□□□□□■＿□＿
00:18:35(33465f):field(33464f)
＿＿＿＿＿＿＿＿＿＿
＿＿＿＿＿＿＿＿＿＿
＿＿＿＿＿＿＿＿＿＿
＿＿＿＿＿＿＿＿＿＿
＿＿＿＿＿＿＿＿＿＿
＿＿＿＿＿＿＿＿＿＿
＿＿＿＿＿＿＿＿＿＿
＿＿＿＿＿＿＿＿＿＿
＿＿＿＿＿＿＿＿＿＿
＿＿＿＿＿＿＿＿＿＿
＿＿＿＿＿＿＿＿＿＿
＿＿＿＿＿＿＿＿＿＿
＿＿＿＿＿＿＿＿＿＿
＿＿＿＿＿＿＿＿＿＿
＿＿＿＿＿＿＿＿＿＿
＿＿＿＿＿＿＿＿＿＿
＿＿＿＿＿＿＿＿□＿
＿＿＿＿＿□■■□＿
□＿＿＿□□□■□＿
□□□□□□□■□＿
00:18:35(33476f):field(33475f)
＿＿＿＿＿＿＿＿＿＿
＿＿＿＿＿＿＿＿＿＿
＿＿＿＿＿＿＿＿＿＿
＿＿＿＿＿＿＿＿＿＿
＿＿＿＿＿＿＿＿＿＿
＿＿＿＿＿＿＿＿＿＿
＿＿＿＿＿＿＿＿＿＿
＿＿＿＿＿＿＿＿＿＿
＿＿＿＿＿＿＿＿＿＿
＿＿＿＿＿＿＿＿＿＿
＿＿＿＿＿＿＿＿＿＿
＿＿＿＿＿＿＿＿＿＿
＿＿＿＿＿＿＿＿＿＿
＿＿＿＿＿＿＿＿＿＿
＿＿＿＿＿＿＿＿＿＿
＿＿＿＿＿＿＿＿＿＿
＿＿＿＿＿＿＿＿□＿
＿■＿＿＿□□□□＿
□■■■□□□□□＿
□□□□□□□□□＿
00:18:36(33500f):field(33499f)
＿＿＿＿＿＿＿＿＿＿
＿＿＿＿＿＿＿＿＿＿
＿＿＿＿＿＿＿＿＿＿
＿＿＿＿＿＿＿＿＿＿
＿＿＿＿＿＿＿＿＿＿
＿＿＿＿＿＿＿＿＿＿
＿＿＿＿＿＿＿＿＿＿
＿＿＿＿＿＿＿＿＿＿
＿＿＿＿＿＿＿＿＿＿
＿＿＿＿＿＿＿＿＿＿
＿＿＿＿＿＿＿＿＿＿
＿＿＿＿＿＿＿＿＿＿
＿＿＿＿＿＿＿＿＿＿
＿＿＿＿＿■＿＿＿＿
＿＿＿＿＿■＿＿＿＿
＿＿＿＿＿■＿＿＿＿
＿■■＿＿■＿＿□＿
＿□■■＿□□□□＿
□□□□□□□□□＿
□□□□□□□□□＿
00:18:37(33517f):field(33516f)
＿＿＿＿＿＿＿＿＿＿
＿＿＿＿＿＿＿＿＿＿
＿＿＿＿＿＿＿＿＿＿
＿＿＿＿＿＿＿＿＿＿
＿＿＿＿＿＿＿＿＿＿
＿＿＿＿＿＿＿＿＿＿
＿＿＿＿＿＿＿＿＿＿
＿＿＿＿＿＿＿＿＿＿
＿＿＿＿＿＿＿＿＿＿
＿＿＿＿＿＿＿＿＿＿
＿＿＿＿＿＿＿＿＿＿
＿＿＿＿＿＿＿＿＿＿
＿＿＿＿＿＿＿＿＿＿
＿＿＿＿＿□＿＿＿＿
＿＿＿＿■□＿＿＿＿
＿＿＿＿■□＿＿＿＿
＿□□＿■□＿＿□＿
＿□□□■□□□□＿
□□□□□□□□□＿
□□□□□□□□□＿
00:18:37(33528f):field(33527f)
＿＿＿＿＿＿＿＿＿＿
＿＿＿＿＿＿＿＿＿＿
＿＿＿＿＿＿＿＿＿＿
＿＿＿＿＿＿＿＿＿＿
＿＿＿＿＿＿＿＿＿＿
＿＿＿＿＿＿＿＿＿＿
＿＿＿＿＿＿＿＿＿＿
＿＿＿＿＿＿＿＿＿＿
＿＿＿＿＿＿＿＿＿＿
＿＿＿＿＿＿＿＿＿＿
＿＿＿＿＿＿＿＿＿＿
＿＿＿＿＿＿＿＿＿＿
＿＿＿＿＿＿＿＿＿＿
＿＿＿＿＿□＿＿＿＿
＿＿■＿□□＿＿＿＿
＿＿■■□□＿＿＿＿
＿□□■□□＿＿□＿
＿□□□□□□□□＿
□□□□□□□□□＿
□□□□□□□□□＿
00:18:38(33543f):field(33542f)
＿＿＿＿＿＿＿＿＿＿
＿＿＿＿＿＿＿＿＿＿
＿＿＿＿＿＿＿＿＿＿
＿＿＿＿＿＿＿＿＿＿
＿＿＿＿＿＿＿＿＿＿
＿＿＿＿＿＿＿＿＿＿
＿＿＿＿＿＿＿＿＿＿
＿＿＿＿＿＿＿＿＿＿
＿＿＿＿＿＿＿＿＿＿
＿＿＿＿＿＿＿＿＿＿
＿＿＿＿＿＿＿＿＿＿
＿＿＿＿＿＿＿＿＿＿
＿＿＿＿＿＿＿＿＿＿
＿＿＿＿＿□＿＿＿＿
＿＿□＿□□■＿＿＿
＿＿□□□□■＿＿＿
＿□□□□□■■□＿
＿□□□□□□□□＿
□□□□□□□□□＿
□□□□□□□□□＿
00:18:38(33560f):field(33559f)
＿＿＿＿＿＿＿＿＿＿
＿＿＿＿＿＿＿＿＿＿
＿＿＿＿＿＿＿＿＿＿
＿＿＿＿＿＿＿＿＿＿
＿＿＿＿＿＿＿＿＿＿
＿＿＿＿＿＿＿＿＿＿
＿＿＿＿＿＿＿＿＿＿
＿＿＿＿＿＿＿＿＿＿
＿＿＿＿＿＿＿＿＿＿
＿＿＿＿＿＿＿＿＿＿
＿＿＿＿＿＿＿＿＿＿
＿＿＿＿＿＿＿＿＿＿
＿＿＿＿＿＿＿＿＿＿
＿＿＿＿＿□＿＿＿＿
＿＿□＿□□□＿＿＿
■■□□□□□＿＿＿
■□□□□□□□□＿
■□□□□□□□□＿
□□□□□□□□□＿
□□□□□□□□□＿
00:18:39(33571f):field(33570f)
＿＿＿＿＿＿＿＿＿＿
＿＿＿＿＿＿＿＿＿＿
＿＿＿＿＿＿＿＿＿＿
＿＿＿＿＿＿＿＿＿＿
＿＿＿＿＿＿＿＿＿＿
＿＿＿＿＿＿＿＿＿＿
＿＿＿＿＿＿＿＿＿＿
＿＿＿＿＿＿＿＿＿＿
＿＿＿＿＿＿＿＿＿＿
＿＿＿＿＿＿＿＿＿＿
＿＿＿＿＿＿＿＿＿＿
＿＿＿＿＿＿＿＿＿＿
＿＿＿■＿＿＿＿＿＿
＿＿＿■■□＿＿＿＿
＿＿□■□□□＿＿＿
□□□□□□□＿＿＿
□□□□□□□□□＿
□□□□□□□□□＿
□□□□□□□□□＿
□□□□□□□□□＿
00:18:39(33584f):field(33583f)
＿＿＿＿＿＿＿＿＿＿
＿＿＿＿＿＿＿＿＿＿
＿＿＿＿＿＿＿＿＿＿
＿＿＿＿＿＿＿＿＿＿
＿＿＿＿＿＿＿＿＿＿
＿＿＿＿＿＿＿＿＿＿
＿＿＿＿＿＿＿＿＿＿
＿＿＿＿＿＿＿＿＿＿
＿＿＿＿＿＿＿＿＿＿
＿＿＿＿＿＿＿＿＿＿
＿＿＿＿＿■＿＿＿＿
＿＿＿＿■■＿＿＿＿
＿＿＿□■＿＿＿＿＿
＿＿＿□□□＿＿＿＿
＿＿□□□□□＿＿＿
□□□□□□□＿＿＿
□□□□□□□□□＿
□□□□□□□□□＿
□□□□□□□□□＿
□□□□□□□□□＿
00:18:40(33600f):field(33599f)
＿＿＿＿＿＿＿＿＿＿
＿＿＿＿＿＿＿＿＿＿
＿＿＿＿＿＿＿＿＿＿
＿＿＿＿＿＿＿＿＿＿
＿＿＿＿＿＿＿＿＿＿
＿＿＿＿＿＿＿＿＿＿
＿＿＿＿＿＿＿＿＿＿
＿＿＿＿＿＿＿＿＿＿
＿＿＿＿＿＿＿＿＿＿
＿＿＿＿＿＿＿＿＿＿
＿＿＿＿＿□＿＿＿＿
＿＿＿＿□□＿＿＿＿
＿＿＿□□＿＿＿＿＿
＿■■□□□＿＿＿＿
■■□□□□□＿＿＿
□□□□□□□＿＿＿
□□□□□□□□□＿
□□□□□□□□□＿
□□□□□□□□□＿
□□□□□□□□□＿
00:18:40(33612f):field(33611f)
＿＿＿＿＿＿＿＿＿＿
＿＿＿＿＿＿＿＿＿＿
＿＿＿＿＿＿＿＿＿＿
＿＿＿＿＿＿＿＿＿＿
＿＿＿＿＿＿＿＿＿＿
＿＿＿＿＿＿＿＿＿＿
＿＿＿＿＿＿＿＿＿＿
＿＿＿＿＿＿＿＿＿＿
＿＿＿＿＿＿＿＿＿＿
＿＿＿＿■＿＿＿＿＿
＿＿＿■■□＿＿＿＿
＿＿＿■□□＿＿＿＿
＿＿＿□□＿＿＿＿＿
＿□□□□□＿＿＿＿
□□□□□□□＿＿＿
□□□□□□□＿＿＿
□□□□□□□□□＿
□□□□□□□□□＿
□□□□□□□□□＿
□□□□□□□□□＿
00:18:40(33628f):field(33627f)
＿＿＿＿＿＿＿＿＿＿
＿＿＿＿＿＿＿＿＿＿
＿＿＿＿＿＿＿＿＿＿
＿＿＿＿＿＿＿＿＿＿
＿＿＿＿＿＿＿＿＿＿
＿＿＿＿＿＿＿＿＿＿
＿＿＿＿＿＿＿＿＿＿
＿＿＿＿＿＿＿＿＿＿
＿＿＿＿＿＿＿＿＿＿
＿＿＿＿◆＿＿＿＿＿
＿＿＿◆◆◆＿＿＿＿
＿＿＿◆◆◆＿＿＿＿
＿＿＿◆◆＿＿＿＿＿
＿◆◆◆□◆＿＿＿＿
◆◆◆□□□◆＿＿＿
◆◆◆□□□◆■＿＿
◆□◆□□◆□◆◆＿
□□□□□□◆◆◆＿
□□□□□□□◆□＿
□□□□□□□◆◆＿
00:18:41(33647f):field(33646f)
＿＿＿＿＿＿＿＿＿＿
＿＿＿＿＿＿＿＿＿＿
＿＿＿＿＿＿＿＿＿＿
＿＿＿＿＿＿＿＿＿＿
＿＿＿＿＿＿＿＿＿＿
＿＿＿＿＿＿＿＿＿＿
＿＿＿＿＿＿＿＿＿＿
＿＿＿＿＿＿＿＿＿＿
＿＿＿＿＿＿＿＿＿＿
＿＿＿＿＿＿＿＿＿＿
＿＿＿＿＿＿＿＿＿＿
＿＿＿＿＿＿＿＿＿＿
＿＿＿＿＿＿＿＿＿＿
＿＿＿＿□＿＿＿＿＿
＿＿＿□□□＿＿＿＿
＿＿＿□□□■◆＿＿
＿◆＿□□■□＿＿＿
◆□□□□□■＿＿＿
□□□□□□□＿◆＿
□□□□□□□＿＿＿
00:18:42(33661f):field(33660f)
＿＿＿＿＿＿＿＿＿＿
＿＿＿＿＿＿＿＿＿＿
＿＿＿＿＿＿＿＿＿＿
＿＿＿＿＿＿＿＿＿＿
＿＿＿＿＿＿＿＿＿＿
＿＿＿＿＿＿＿＿＿＿
＿＿＿＿＿＿＿＿＿＿
＿＿＿＿＿＿＿＿＿＿
＿＿＿＿＿＿＿＿＿＿
＿＿＿＿＿＿＿＿＿＿
＿＿＿＿＿＿＿＿＿＿
＿＿＿＿＿＿＿＿＿＿
＿＿＿＿＿＿＿＿＿＿
＿＿＿＿□＿＿＿＿＿
＿＿＿□□□＿＿＿＿
＿＿＿□□□□＿＿＿
■■■□□□□＿＿＿
■□□□□□□＿＿＿
□□□□□□□＿＿＿
□□□□□□□＿＿＿
00:18:42(33674f):field(33673f)
＿＿＿＿＿＿＿＿＿＿
＿＿＿＿＿＿＿＿＿＿
＿＿＿＿＿＿＿＿＿＿
＿＿＿＿＿＿＿＿＿＿
＿＿＿＿＿＿＿＿＿＿
＿＿＿＿＿＿＿＿＿＿
＿＿＿＿＿＿＿＿＿＿
＿＿＿＿＿＿＿＿＿＿
＿＿＿＿＿＿＿＿＿＿
＿＿＿＿＿＿＿＿＿＿
＿＿＿＿＿＿＿＿＿＿
＿＿＿＿＿＿＿＿＿＿
＿＿＿＿＿＿＿＿＿＿
＿＿＿＿□＿＿＿＿＿
■＿＿□□□＿＿＿＿
■■■□□□□＿＿＿
□□□□□□□＿＿＿
□□□□□□□＿＿＿
□□□□□□□＿＿＿
□□□□□□□＿＿＿
00:18:42(33688f):field(33687f)
＿＿＿＿＿＿＿＿＿＿
＿＿＿＿＿＿＿＿＿＿
＿＿＿＿＿＿＿＿＿＿
＿＿＿＿＿＿＿＿＿＿
＿＿＿＿＿＿＿＿＿＿
＿＿＿＿＿＿＿＿＿＿
＿＿＿＿＿＿＿＿＿＿
＿＿＿＿＿＿＿＿＿＿
＿＿＿＿＿＿＿＿＿＿
＿＿＿＿＿＿＿＿＿＿
＿＿＿＿＿＿＿＿＿＿
＿＿＿＿＿＿＿＿＿＿
＿＿＿＿＿＿＿＿＿＿
＿＿■■□＿＿＿＿＿
□■■□□□＿＿＿＿
□□□□□□□＿＿＿
□□□□□□□＿＿＿
□□□□□□□＿＿＿
□□□□□□□＿＿＿
□□□□□□□＿＿＿
00:18:43(33705f):field(33704f)
＿＿＿＿＿＿＿＿＿＿
＿＿＿＿＿＿＿＿＿＿
＿＿＿＿＿＿＿＿＿＿
＿＿＿＿＿＿＿＿＿＿
＿＿＿＿＿＿＿＿＿＿
＿＿＿＿＿＿＿＿＿＿
＿＿＿＿＿＿＿＿＿＿
＿＿＿＿＿＿＿＿＿＿
＿＿＿＿＿＿＿＿＿＿
＿＿＿＿＿＿＿＿＿＿
＿＿＿＿＿＿＿＿＿＿
＿＿＿＿＿＿＿＿＿＿
＿＿＿＿＿＿＿＿＿＿
＿＿□□□＿＿＿＿＿
□□□□□□＿＿＿＿
□□□□□□□＿＿＿
□□□□□□□＿＿＿
□□□□□□□＿＿■
□□□□□□□＿■■
□□□□□□□＿■＿
00:18:44(33721f):field(33720f)
＿＿＿＿＿＿＿＿＿＿
＿＿＿＿＿＿＿＿＿＿
＿＿＿＿＿＿＿＿＿＿
＿＿＿＿＿＿＿＿＿＿
＿＿＿＿＿＿＿＿＿＿
＿＿＿＿＿＿＿＿＿＿
＿＿＿＿＿＿＿＿＿＿
＿＿＿＿＿＿＿＿＿＿
＿＿＿＿＿＿＿＿＿＿
＿＿＿＿＿＿＿＿＿＿
＿＿＿＿＿＿＿＿＿＿
＿＿＿＿＿＿＿＿＿＿
＿＿＿＿＿＿＿＿＿＿
＿＿◆◆◆＿＿＿＿＿
◆◆◆◆◆◆＿＿＿＿
◆◆□□□◆◆＿＿＿
□□□□□□◆＿＿＿
□□□□□□□＿＿◆
□□□□□□□＿◆◆
□□□□□□□■□＿
00:18:44(33734f):field(33733f)
＿＿＿＿＿＿＿＿＿＿
＿＿＿＿＿＿＿＿＿＿
＿＿＿＿＿＿＿＿＿＿
＿＿＿＿＿＿＿＿＿＿
＿＿＿＿＿＿＿＿＿＿
＿＿＿＿＿＿＿＿＿＿
＿＿＿＿＿＿＿＿＿＿
＿＿＿＿＿＿＿＿＿＿
＿＿＿＿＿＿＿＿＿＿
＿＿＿＿＿＿＿＿＿＿
＿＿＿＿＿＿＿＿＿＿
＿＿＿＿＿＿＿＿＿＿
＿＿＿＿＿＿＿＿＿＿
＿＿＿＿＿＿＿＿＿＿
＿＿＿＿＿＿＿＿＿＿
＿＿□□□＿＿＿＿＿
□□□□□□＿＿＿＿
□□□□□□□■■＿
□□□□□□□■■＿
□□□□□□□□□＿
00:18:44(33749f):field(33748f)
＿＿＿＿＿＿＿＿＿＿
＿＿＿＿＿＿＿＿＿＿
＿＿＿＿＿＿＿＿＿＿
＿＿＿＿＿＿＿＿＿＿
＿＿＿＿＿＿＿＿＿＿
＿＿＿＿＿＿＿＿＿＿
＿＿＿＿＿＿＿＿＿＿
＿＿＿＿＿＿＿＿＿＿
＿＿＿＿＿＿＿＿＿＿
＿＿＿＿＿＿＿＿＿＿
＿＿＿＿＿＿＿＿＿＿
＿＿＿＿＿＿＿＿＿＿
＿＿＿＿＿＿＿＿＿＿
＿＿＿＿＿＿＿＿＿＿
＿＿＿＿＿＿＿＿＿＿
＿＿◆◆◆＿＿＿＿■
◆◆◆◆◆◆＿＿■＿
◆◆◆◆◆□□◆◆＿
◆□□□□◆◆◆◆＿
□□□□□□◆□◆■
00:18:45(33765f):field(33764f)
＿＿＿＿＿＿＿＿＿＿
＿＿＿＿＿＿＿＿＿＿
＿＿＿＿＿＿＿＿＿＿
＿＿＿＿＿＿＿＿＿＿
＿＿＿＿＿＿＿＿＿＿
＿＿＿＿＿＿＿＿＿＿
＿＿＿＿＿＿＿＿＿＿
＿＿＿＿＿＿＿＿＿＿
＿＿＿＿＿＿＿＿＿＿
＿＿＿＿＿＿＿＿＿＿
＿＿＿＿＿＿＿＿＿＿
＿＿＿＿＿＿＿＿＿＿
＿＿＿＿＿＿＿＿＿＿
＿＿＿＿＿＿＿＿＿＿
＿＿＿＿＿＿＿＿＿＿
＿＿＿＿＿＿＿＿＿◆
＿＿＿＿＿＿＿＿◆＿
＿＿＿＿＿◆◆＿＿＿
＿◆□◆◆＿＿＿＿＿
◆◆□□□◆＿◆■◆
00:18:45(33778f):field(33777f)
＿＿＿＿＿＿＿＿＿＿
＿＿＿＿＿＿＿＿＿＿
＿＿＿＿＿＿＿＿＿＿
＿＿＿＿＿＿＿＿＿＿
＿＿＿＿＿＿＿＿＿＿
＿＿＿＿＿＿＿＿＿＿
＿＿＿＿＿＿＿＿＿＿
＿＿＿＿＿＿＿＿＿＿
＿＿＿＿＿＿＿＿＿＿
＿＿＿＿＿＿＿＿＿＿
＿＿＿＿＿＿＿＿＿＿
＿＿＿＿＿＿＿＿＿＿
＿＿＿＿＿＿＿＿＿＿
＿＿＿＿＿＿＿＿＿＿
＿＿＿＿＿＿＿＿＿＿
＿＿＿＿＿＿＿＿＿＿
＿＿＿＿＿＿＿＿＿＿
＿＿＿＿＿＿＿＿＿＿
＿＿◆＿＿＿＿■■＿
＿＿□□□＿■■□＿
00:18:46(33789f):field(33788f)
＿＿＿＿＿＿＿＿＿＿
＿＿＿＿＿＿＿＿＿＿
＿＿＿＿＿＿＿＿＿＿
＿＿＿＿＿＿＿＿＿＿
＿＿＿＿＿＿＿＿＿＿
＿＿＿＿＿＿＿＿＿＿
＿＿＿＿＿＿＿＿＿＿
＿＿＿＿＿＿＿＿＿＿
＿＿＿＿＿＿＿＿＿＿
＿＿＿＿＿＿＿＿＿＿
＿＿＿＿＿＿＿＿＿＿
＿＿＿＿＿＿＿＿＿＿
＿＿＿＿＿＿＿＿＿＿
＿＿＿＿＿＿＿＿＿＿
＿＿＿＿＿＿＿＿＿＿
＿＿＿＿＿＿＿＿＿＿
＿＿＿＿＿＿＿＿＿＿
＿＿＿＿＿＿＿＿＿＿
＿＿＿■■■＿□□＿
＿＿□□□■□□□＿
00:18:46(33804f):field(33803f)
＿＿＿＿＿＿＿＿＿＿
＿＿＿＿＿＿＿＿＿＿
＿＿＿＿＿＿＿＿＿＿
＿＿＿＿＿＿＿＿＿＿
＿＿＿＿＿＿＿＿＿＿
＿＿＿＿＿＿＿＿＿＿
＿＿＿＿＿＿＿＿＿＿
＿＿＿＿＿＿＿＿＿＿
＿＿＿＿＿＿＿＿＿＿
＿＿＿＿＿＿＿＿＿＿
＿＿＿＿＿＿＿＿＿＿
＿＿＿＿＿＿＿＿＿＿
＿＿＿＿＿＿＿＿＿＿
＿＿＿＿＿＿＿＿＿＿
＿＿＿＿＿＿＿＿＿＿
＿＿＿＿＿＿＿＿＿＿
＿＿＿＿＿＿＿＿＿＿
＿＿■＿＿＿＿＿＿＿
＿■■□□□＿□□＿
＿■□□□□□□□＿
00:18:47(33815f):field(33814f)
＿＿＿＿＿＿＿＿＿＿
＿＿＿＿＿＿＿＿＿＿
＿＿＿＿＿＿＿＿＿＿
＿＿＿＿＿＿＿＿＿＿
＿＿＿＿＿＿＿＿＿＿
＿＿＿＿＿＿＿＿＿＿
＿＿＿＿＿＿＿＿＿＿
＿＿＿＿＿＿＿＿＿＿
＿＿＿＿＿＿＿＿＿＿
＿＿＿＿＿＿＿＿＿＿
＿＿＿＿＿＿＿＿＿＿
＿＿＿＿＿＿＿＿＿＿
＿＿＿＿＿＿＿＿＿＿
＿＿＿＿＿＿＿＿＿＿
＿＿＿＿＿＿＿＿＿＿
＿＿＿＿＿＿■＿＿＿
＿＿＿＿＿＿■＿＿＿
＿＿□＿＿＿■＿＿＿
＿□□□□□■□□＿
＿□□□□□□□□＿
00:18:47(33827f):field(33826f)
＿＿＿＿＿＿＿＿＿＿
＿＿＿＿＿＿＿＿＿＿
＿＿＿＿＿＿＿＿＿＿
＿＿＿＿＿＿＿＿＿＿
＿＿＿＿＿＿＿＿＿＿
＿＿＿＿＿＿＿＿＿＿
＿＿＿＿＿＿＿＿＿＿
＿＿＿＿＿＿＿＿＿＿
＿＿＿＿＿＿＿＿＿＿
＿＿＿＿＿＿＿＿＿＿
＿＿＿＿＿＿＿＿＿＿
＿＿＿＿＿＿＿＿＿＿
＿＿＿＿＿＿＿＿＿＿
＿＿＿＿＿＿＿＿＿＿
＿＿＿＿＿＿＿＿＿＿
＿＿＿＿＿＿□＿＿＿
＿＿＿＿■■□＿＿＿
＿＿□＿■■□＿＿＿
＿□□□□□□□□＿
＿□□□□□□□□＿
00:18:47(33838f):field(33837f)
＿＿＿＿＿＿＿＿＿＿
＿＿＿＿＿＿＿＿＿＿
＿＿＿＿＿＿＿＿＿＿
＿＿＿＿＿＿＿＿＿＿
＿＿＿＿＿＿＿＿＿＿
＿＿＿＿＿＿＿＿＿＿
＿＿＿＿＿＿＿＿＿＿
＿＿＿＿＿＿＿＿＿＿
＿＿＿＿＿＿＿＿＿＿
＿＿＿＿＿＿＿＿＿＿
＿＿＿＿＿＿＿＿＿＿
＿＿＿＿＿＿＿＿＿＿
＿＿＿＿＿＿＿＿＿＿
＿＿＿＿＿＿＿＿＿＿
＿＿＿＿＿＿＿＿＿＿
＿＿■＿＿＿□＿＿＿
＿＿■■□□□＿＿＿
＿＿□■□□□＿＿＿
＿□□□□□□□□＿
＿□□□□□□□□＿
00:18:48(33851f):field(33850f)
＿＿＿＿＿＿＿＿＿＿
＿＿＿＿＿＿＿＿＿＿
＿＿＿＿＿＿＿＿＿＿
＿＿＿＿＿＿＿＿＿＿
＿＿＿＿＿＿＿＿＿＿
＿＿＿＿＿＿＿＿＿＿
＿＿＿＿＿＿＿＿＿＿
＿＿＿＿＿＿＿＿＿＿
＿＿＿＿＿＿＿＿＿＿
＿＿＿＿＿＿＿＿＿＿
＿＿＿＿＿＿＿＿＿＿
＿＿＿＿＿＿＿＿＿＿
＿＿＿＿＿＿＿＿＿＿
＿＿＿＿＿＿＿＿＿＿
＿＿＿■＿＿＿＿＿＿
＿＿□■■■□＿＿＿
＿＿□□□□□＿＿＿
＿＿□□□□□＿＿＿
＿□□□□□□□□＿
＿□□□□□□□□＿
00:18:48(33863f):field(33862f)
＿＿＿＿＿＿＿＿＿＿
＿＿＿＿＿＿＿＿＿＿
＿＿＿＿＿＿＿＿＿＿
＿＿＿＿＿＿＿＿＿＿
＿＿＿＿＿＿＿＿＿＿
＿＿＿＿＿＿＿＿＿＿
＿＿＿＿＿＿＿＿＿＿
＿＿＿＿＿＿＿＿＿＿
＿＿＿＿＿＿＿＿＿＿
＿＿＿＿＿＿＿＿＿＿
＿＿＿＿＿＿＿＿＿＿
＿＿＿＿＿＿＿＿＿＿
＿＿＿＿＿＿＿＿＿＿
＿＿＿＿＿＿■＿＿＿
＿＿＿□■■■＿＿＿
＿＿□□□□□＿＿＿
＿＿□□□□□＿＿＿
＿＿□□□□□＿＿＿
＿□□□□□□□□＿
＿□□□□□□□□＿
00:18:49(33877f):field(33876f)
＿＿＿＿＿＿＿＿＿＿
＿＿＿＿＿＿＿＿＿＿
＿＿＿＿＿＿＿＿＿＿
＿＿＿＿＿＿＿＿＿＿
＿＿＿＿＿＿＿＿＿＿
＿＿＿＿＿＿＿＿＿＿
＿＿＿＿＿＿＿＿＿＿
＿＿＿＿＿＿＿＿＿＿
＿＿＿＿＿＿＿＿＿＿
＿＿＿＿＿＿＿＿＿＿
＿＿＿＿＿＿＿＿＿＿
＿＿＿＿＿＿＿＿＿＿
＿＿＿＿■＿＿＿＿＿
＿＿＿■■■□＿＿＿
＿＿＿□□□□＿＿＿
＿＿□□□□□＿＿＿
＿＿□□□□□＿＿＿
＿＿□□□□□＿＿＿
＿□□□□□□□□＿
＿□□□□□□□□＿
00:18:49(33889f):field(33888f)
＿＿＿＿＿＿＿＿＿＿
＿＿＿＿＿＿＿＿＿＿
＿＿＿＿＿＿＿＿＿＿
＿＿＿＿＿＿＿＿＿＿
＿＿＿＿＿＿＿＿＿＿
＿＿＿＿＿＿＿＿＿＿
＿＿＿＿＿＿＿＿＿＿
＿＿＿＿＿＿＿＿＿＿
＿＿＿＿＿＿＿＿＿＿
＿＿＿＿＿＿＿＿＿＿
＿＿＿＿＿＿＿＿＿＿
＿＿＿＿＿■■＿＿＿
＿＿＿＿□■■＿＿＿
＿＿＿□□□□＿＿＿
＿＿＿□□□□＿＿＿
＿＿□□□□□＿＿＿
＿＿□□□□□＿＿＿
＿＿□□□□□＿＿＿
＿□□□□□□□□＿
＿□□□□□□□□＿
00:18:50(33903f):field(33902f)
＿＿＿＿＿＿＿＿＿＿
＿＿＿＿＿＿＿＿＿＿
＿＿＿＿＿＿＿＿＿＿
＿＿＿＿＿＿＿＿＿＿
＿＿＿＿＿＿＿＿＿＿
＿＿＿＿＿＿＿＿＿＿
＿＿＿＿＿＿＿＿＿＿
＿＿＿＿＿＿＿＿＿＿
＿＿＿＿＿＿＿＿＿＿
＿＿＿＿＿＿＿＿＿＿
＿＿＿＿＿＿＿＿＿＿
＿＿＿＿＿□□＿＿＿
＿＿＿＿□□□＿＿＿
＿＿＿□□□□＿＿＿
＿＿＿□□□□＿＿＿
＿＿□□□□□＿＿＿
■＿□□□□□＿＿＿
■＿□□□□□＿＿＿
■□□□□□□□□＿
■□□□□□□□□＿
00:18:50(33914f):field(33913f)
＿＿＿＿＿＿＿＿＿＿
＿＿＿＿＿＿＿＿＿＿
＿＿＿＿＿＿＿＿＿＿
＿＿＿＿＿＿＿＿＿＿
＿＿＿＿＿＿＿＿＿＿
＿＿＿＿＿＿＿＿＿＿
＿＿＿＿＿＿＿＿＿＿
＿＿＿＿＿＿＿＿＿＿
＿＿＿＿＿＿＿＿＿＿
＿＿＿＿＿＿＿＿＿＿
＿＿＿＿■■＿＿＿＿
＿＿＿■■□□＿＿＿
＿＿＿＿□□□＿＿＿
＿＿＿□□□□＿＿＿
＿＿＿□□□□＿＿＿
＿＿□□□□□＿＿＿
□＿□□□□□＿＿＿
□＿□□□□□＿＿＿
□□□□□□□□□＿
□□□□□□□□□＿
00:18:50(33926f):field(33925f)
＿＿＿＿＿＿＿＿＿＿
＿＿＿＿＿＿＿＿＿＿
＿＿＿＿＿＿＿＿＿＿
＿＿＿＿＿＿＿＿＿＿
＿＿＿＿＿＿＿＿＿＿
＿＿＿＿＿＿＿＿＿＿
＿＿＿＿＿＿＿＿＿＿
＿＿＿＿＿＿＿＿＿＿
＿＿＿＿＿＿＿＿＿＿
＿＿＿＿■■■＿＿＿
＿＿＿＿□□■＿＿＿
＿＿＿□□□□＿＿＿
＿＿＿＿□□□＿＿＿
＿＿＿□□□□＿＿＿
＿＿＿□□□□＿＿＿
＿＿□□□□□＿＿＿
□＿□□□□□＿＿＿
□＿□□□□□＿＿＿
□□□□□□□□□＿
□□□□□□□□□＿
00:18:51(33942f):field(33941f)
＿＿＿＿＿＿＿＿＿＿
＿＿＿＿＿＿＿＿＿＿
＿＿＿＿＿＿＿＿＿＿
＿＿＿＿＿＿＿＿＿＿
＿＿＿＿＿＿＿＿＿＿
＿＿＿＿＿＿＿＿＿＿
＿＿＿＿＿＿＿＿＿＿
＿＿＿＿＿＿＿＿＿＿
＿＿＿＿＿＿＿＿＿＿
＿＿＿＿□□□＿＿＿
＿＿＿＿□□□＿＿＿
＿＿＿□□□□＿＿＿
＿＿＿＿□□□＿＿＿
＿＿＿□□□□＿＿＿
＿＿＿□□□□＿＿＿
＿＿□□□□□＿＿■
□＿□□□□□＿■■
□＿□□□□□＿■＿
□□□□□□□□□＿
□□□□□□□□□＿
00:18:51(33953f):field(33952f)
＿＿＿＿＿＿＿＿＿＿
＿＿＿＿＿＿＿＿＿＿
＿＿＿＿＿＿＿＿＿＿
＿＿＿＿＿＿＿＿＿＿
＿＿＿＿＿＿＿＿＿＿
＿＿＿＿＿＿＿＿＿＿
＿＿＿＿＿＿＿＿＿＿
＿＿＿＿＿＿＿＿＿＿
＿＿＿＿＿＿＿＿＿＿
＿＿＿＿□□□＿＿＿
＿＿＿＿□□□＿＿＿
＿＿＿□□□□＿＿＿
＿＿＿＿□□□＿＿＿
＿＿＿□□□□＿＿＿
＿＿＿□□□□＿＿＿
■■□□□□□＿＿□
□■□□□□□＿□□
□■□□□□□＿□＿
□□□□□□□□□＿
□□□□□□□□□＿
00:18:52(33976f):field(33975f)
＿＿＿＿＿＿＿＿＿＿
＿＿＿＿＿＿＿＿＿＿
＿＿＿＿＿＿＿＿＿＿
＿＿＿＿＿＿＿＿＿＿
＿＿＿＿＿＿＿＿＿＿
＿＿＿＿＿＿＿＿＿＿
＿＿＿＿＿＿＿＿＿＿
＿＿＿＿＿＿＿＿＿＿
＿＿＿＿＿＿＿＿＿＿
＿＿＿＿◆◆◆＿＿＿
＿＿＿＿◆◆◆＿＿＿
＿＿＿◆□□□＿＿＿
＿＿＿＿□□□＿＿＿
＿＿＿□□□□＿＿＿
＿＿＿□□□□＿＿＿
◆□◆□□□□＿＿□
◆◆◆□□□□■◆◆
□□□□□□□＿□＿
□□□□□□□□□＿
□□□□□□□□□＿
00:18:52(33989f):field(33988f)
＿＿＿＿＿＿＿＿＿＿
＿＿＿＿＿＿＿＿＿＿
＿＿＿＿＿＿＿＿＿＿
＿＿＿＿＿＿＿＿＿＿
＿＿＿＿＿＿＿＿＿＿
＿＿＿＿＿＿＿＿＿＿
＿＿＿＿＿＿＿＿＿＿
＿＿＿＿＿＿＿＿＿＿
＿＿＿＿＿＿＿＿＿＿
＿＿＿＿＿＿＿＿＿＿
＿＿＿＿＿＿＿＿＿＿
＿＿＿＿□□□＿＿＿
＿＿＿＿□□□＿＿＿
＿＿＿□□□□＿＿＿
＿＿＿◆□□□＿＿＿
＿□■□□□□＿＿◆
＿■■□□□□□＿＿
□□□□□□□＿□＿
□□□□□□□□□＿
□□□□□□□□□＿
00:18:53(34002f):field(34001f)
＿＿＿＿＿＿＿＿＿＿
＿＿＿＿＿＿＿＿＿＿
＿＿＿＿＿＿＿＿＿＿
＿＿＿＿＿＿＿＿＿＿
＿＿＿＿＿＿＿＿＿＿
＿＿＿＿＿＿＿＿＿＿
＿＿＿＿＿＿＿＿＿＿
＿＿＿＿＿＿＿＿＿＿
＿＿＿＿＿＿＿＿＿＿
＿＿＿＿＿＿＿＿＿＿
＿＿＿＿＿＿＿＿＿＿
＿＿＿＿□□□＿＿＿
＿＿＿＿□□□＿＿＿
＿＿＿□□□□＿＿＿
＿＿＿＿□□□＿＿＿
＿□□□□□□＿■＿
＿□□□□□□□■■
□□□□□□□＿□■
□□□□□□□□□＿
□□□□□□□□□＿
00:18:53(34018f):field(34017f)
＿＿＿＿＿＿＿＿＿＿
＿＿＿＿＿＿＿＿＿＿
＿＿＿＿＿＿＿＿＿＿
＿＿＿＿＿＿＿＿＿＿
＿＿＿＿＿＿＿＿＿＿
＿＿＿＿＿＿＿＿＿＿
＿＿＿＿＿＿＿＿＿＿
＿＿＿＿＿＿＿＿＿＿
＿＿＿＿＿＿＿＿＿＿
＿＿＿＿＿＿＿＿＿＿
＿＿＿＿＿＿＿＿＿＿
＿＿＿＿□□□＿＿＿
＿＿＿＿□□□＿＿＿
＿＿＿□□□□＿■＿
＿＿＿＿□□□■■＿
＿□□□□□□■□＿
＿□□□□□□□□□
□□□□□□□＿□□
□□□□□□□□□＿
□□□□□□□□□＿
00:18:54(34030f):field(34029f)
＿＿＿＿＿＿＿＿＿＿
＿＿＿＿＿＿＿＿＿＿
＿＿＿＿＿＿＿＿＿＿
＿＿＿＿＿＿＿＿＿＿
＿＿＿＿＿＿＿＿＿＿
＿＿＿＿＿＿＿＿＿＿
＿＿＿＿＿＿＿＿＿＿
＿＿＿＿＿＿＿＿＿＿
＿＿＿＿＿＿＿＿＿＿
＿＿＿＿＿＿＿＿＿＿
＿＿＿＿＿＿＿＿＿＿
＿＿＿＿□□□＿＿＿
＿＿＿＿□□□＿＿＿
＿■＿□□□□＿□＿
＿■■■□□□□□＿
＿□□□□□□□□＿
＿□□□□□□□□□
□□□□□□□＿□□
□□□□□□□□□＿
□□□□□□□□□＿
00:18:54(34042f):field(34041f)
＿＿＿＿＿＿＿＿＿＿
＿＿＿＿＿＿＿＿＿＿
＿＿＿＿＿＿＿＿＿＿
＿＿＿＿＿＿＿＿＿＿
＿＿＿＿＿＿＿＿＿＿
＿＿＿＿＿＿＿＿＿＿
＿＿＿＿＿＿＿＿＿＿
＿＿＿＿＿＿＿＿＿＿
＿＿＿＿■＿＿＿＿＿
＿＿＿＿■＿＿＿＿＿
＿＿＿＿■■＿＿＿＿
＿＿＿＿□□□＿＿＿
＿＿＿＿□□□＿＿＿
＿□＿□□□□＿□＿
＿□□□□□□□□＿
＿□□□□□□□□＿
＿□□□□□□□□□
□□□□□□□＿□□
□□□□□□□□□＿
□□□□□□□□□＿
00:18:55(34057f):field(34056f)
＿＿＿＿＿＿＿＿＿＿
＿＿＿＿＿＿＿＿＿＿
＿＿＿＿＿＿＿＿＿＿
＿＿＿＿＿＿＿＿＿＿
＿＿＿＿＿＿＿＿＿＿
＿＿＿＿＿＿＿＿＿＿
＿＿＿＿＿＿＿＿＿＿
＿＿＿＿＿＿＿＿＿＿
＿＿＿＿□■■＿＿＿
＿＿＿＿□■■＿＿＿
＿＿＿＿□□＿＿＿＿
＿＿＿＿□□□＿＿＿
＿＿＿＿□□□＿＿＿
＿□＿□□□□＿□＿
＿□□□□□□□□＿
＿□□□□□□□□＿
＿□□□□□□□□□
□□□□□□□＿□□
□□□□□□□□□＿
□□□□□□□□□＿
00:18:55(34075f):field(34074f)
＿＿＿＿＿＿＿＿＿＿
＿＿＿＿＿＿＿＿＿＿
＿＿＿＿＿＿＿＿＿＿
＿＿＿＿＿＿＿＿＿＿
＿＿＿＿＿＿＿＿＿＿
＿＿＿＿＿＿＿＿＿＿
＿＿＿＿＿＿＿＿＿＿
＿＿＿＿＿＿＿＿＿＿
＿＿＿＿□□□＿＿＿
＿＿＿＿□□□＿＿＿
＿＿＿＿□□＿＿＿＿
＿■＿＿□□□＿＿＿
＿■■＿□□□＿＿＿
＿□■□□□□＿□＿
＿□□□□□□□□＿
＿□□□□□□□□＿
＿□□□□□□□□□
□□□□□□□＿□□
□□□□□□□□□＿
□□□□□□□□□＿
00:18:56(34088f):field(34087f)
＿＿＿＿＿＿＿＿＿＿
＿＿＿＿＿＿＿＿＿＿
＿＿＿＿＿＿＿＿＿＿
＿＿＿＿＿＿＿＿＿＿
＿＿＿＿＿＿＿＿＿＿
＿＿＿＿＿＿＿＿＿＿
＿＿＿＿＿＿＿＿＿＿
＿＿＿＿＿＿＿＿＿＿
＿＿＿＿□□□＿＿＿
＿＿＿＿□□□＿＿＿
＿＿＿■□□＿＿＿＿
＿□■■□□□＿＿＿
＿□□■□□□＿＿＿
＿□□□□□□＿□＿
＿□□□□□□□□＿
＿□□□□□□□□＿
＿□□□□□□□□□
□□□□□□□＿□□
□□□□□□□□□＿
□□□□□□□□□＿
00:18:56(34100f):field(34099f)
＿＿＿＿＿＿＿＿＿＿
＿＿＿＿＿＿＿＿＿＿
＿＿＿＿＿＿＿＿＿＿
＿＿＿＿＿＿＿＿＿＿
＿＿＿＿＿＿＿＿＿＿
＿＿＿＿＿＿＿＿＿＿
＿＿＿＿＿＿＿＿＿＿
＿＿＿■■＿＿＿＿＿
＿＿＿■□□□＿＿＿
＿＿＿■□□□＿＿＿
＿＿＿□□□＿＿＿＿
＿□□□□□□＿＿＿
＿□□□□□□＿＿＿
＿□□□□□□＿□＿
＿□□□□□□□□＿
＿□□□□□□□□＿
＿□□□□□□□□□
□□□□□□□＿□□
□□□□□□□□□＿
□□□□□□□□□＿
00:18:57(34116f):field(34115f)
＿＿＿＿＿＿＿＿＿＿
＿＿＿＿＿＿＿＿＿＿
＿＿＿＿＿＿＿＿＿＿
＿＿＿＿＿＿＿＿＿＿
＿＿＿＿＿＿＿＿＿＿
＿＿＿＿＿＿＿＿＿＿
＿＿＿＿＿＿＿＿＿＿
＿＿＿□□＿＿＿＿＿
＿＿＿□□□□＿＿＿
＿＿＿□□□□＿＿＿
＿＿＿□□□＿＿＿＿
＿□□□□□□＿＿＿
＿□□□□□□■■■
＿□□□□□□■□＿
＿□□□□□□□□＿
＿□□□□□□□□＿
＿□□□□□□□□□
□□□□□□□＿□□
□□□□□□□□□＿
□□□□□□□□□＿
00:18:57(34127f):field(34126f)
＿＿＿＿＿＿＿＿＿＿
＿＿＿＿＿＿＿＿＿＿
＿＿＿＿＿＿＿＿＿＿
＿＿＿＿＿＿＿＿＿＿
＿＿＿＿＿＿＿＿＿＿
＿＿＿■■＿＿＿＿＿
＿＿＿■■＿＿＿＿＿
＿＿＿□□＿＿＿＿＿
＿＿＿□□□□＿＿＿
＿＿＿□□□□＿＿＿
＿＿＿□□□＿＿＿＿
＿□□□□□□＿＿＿
＿□□□□□□□□□
＿□□□□□□□□＿
＿□□□□□□□□＿
＿□□□□□□□□＿
＿□□□□□□□□□
□□□□□□□＿□□
□□□□□□□□□＿
□□□□□□□□□＿
00:18:58(34142f):field(34141f)
＿＿＿＿＿＿＿＿＿＿
＿＿＿＿＿＿＿＿＿＿
＿＿＿＿＿＿＿＿＿＿
＿＿＿＿■＿＿＿＿＿
＿＿＿＿■■＿＿＿＿
＿＿＿□□■＿＿＿＿
＿＿＿□□＿＿＿＿＿
＿＿＿□□＿＿＿＿＿
＿＿＿□□□□＿＿＿
＿＿＿□□□□＿＿＿
＿＿＿□□□＿＿＿＿
＿□□□□□□＿＿＿
＿□□□□□□□□□
＿□□□□□□□□＿
＿□□□□□□□□＿
＿□□□□□□□□＿
＿□□□□□□□□□
□□□□□□□＿□□
□□□□□□□□□＿
□□□□□□□□□＿
00:18:58(34158f):field(34157f)
＿＿＿＿＿＿＿＿＿＿
＿＿＿＿＿＿＿＿＿＿
＿＿＿＿＿＿＿＿＿＿
＿＿＿＿□＿＿＿＿＿
＿＿＿＿□□＿＿＿＿
＿＿＿□□□＿＿＿＿
＿＿＿□□＿＿＿＿＿
＿＿＿□□＿＿＿＿＿
＿＿＿□□□□＿＿＿
＿＿＿□□□□＿＿＿
＿＿＿□□□■■＿＿
＿□□□□□□■■＿
＿□□□□□□□□□
＿□□□□□□□□＿
＿□□□□□□□□＿
＿□□□□□□□□＿
＿□□□□□□□□□
□□□□□□□＿□□
□□□□□□□□□＿
□□□□□□□□□＿
00:18:59(34181f):field(34180f)
＿＿＿＿＿＿＿＿＿＿
＿＿＿＿＿＿＿＿＿＿
＿＿＿＿＿＿＿＿＿＿
＿＿＿＿◆＿＿＿＿＿
＿＿＿＿□◆＿＿＿＿
＿＿＿◆□□＿＿＿＿
＿＿＿□□■＿＿＿＿
＿＿＿□□＿＿＿＿＿
＿＿＿□□◆◆＿＿＿
＿＿＿□□□□＿＿＿
＿＿＿□□□□◆＿＿
■□◆□□□□□◆＿
■□□□□□□□□◆
＿□□□□□□□□＿
■□□□□□□□□＿
＿□□□□□□□□＿
■□□□□□□□□□
□□□□□□□＿□□
□□□□□□□□□＿
□□□□□□□□□＿
00:18:59(34196f):field(34195f)
＿＿＿＿＿＿＿＿＿＿
＿＿＿＿＿＿＿＿＿＿
＿＿＿＿＿＿＿＿＿＿
＿＿＿＿＿＿＿＿＿＿
＿＿＿＿□＿＿＿＿＿
＿＿＿＿□□＿＿＿＿
＿＿＿□□□＿＿＿＿
＿＿＿□□＿＿＿＿＿
＿＿＿□□＿＿＿＿＿
＿■■□□□□＿＿＿
＿＿■□□□□＿＿＿
□□■□□□□□＿＿
□□□□□□□□□＿
＿□□□□□□□□＿
◆□□□□□□□□＿
＿□□□□□□□□＿
◆□□□□□□□□□
□□□□□□□＿□□
□□□□□□□□□＿
□□□□□□□□□＿
00:19:00(34213f):field(34212f)
＿＿＿＿＿＿＿＿＿＿
＿＿＿＿＿＿＿＿＿＿
＿＿＿＿＿＿＿＿＿＿
＿＿＿＿＿＿＿＿＿＿
＿＿＿＿◆＿＿＿＿＿
＿＿＿＿□◆＿＿＿＿
＿＿＿◆□□＿＿＿＿
＿＿＿□□■＿＿＿＿
＿＿＿□□＿＿＿＿＿
＿◆◆□□◆◆＿＿＿
＿■□□□□□＿■＿
◆◆□□□□□◆＿＿
□□□□□□□□◆＿
＿□□□□□□□□■
＿□□□□□□□□■
＿□□□□□□□□■
＿□□□□□□□□□
□□□□□□□＿□□
□□□□□□□□□＿
□□□□□□□□□＿
00:19:00(34225f):field(34224f)
＿＿＿＿＿＿＿＿＿＿
＿＿＿＿＿＿＿＿＿＿
＿＿＿＿＿＿＿＿＿＿
＿＿＿＿＿＿＿＿＿＿
＿＿＿＿＿＿＿＿＿＿
＿＿＿＿□＿＿＿＿＿
＿＿＿＿□□＿＿＿＿
＿＿＿□□□＿＿＿＿
＿＿＿□□＿＿＿＿＿
＿＿＿□□＿＿＿＿＿
＿□□□□□□■◆＿
＿＿□□□□□■■＿
□□□□□□□□■＿
＿□□□□□□□□□
＿□□□□□□□□□
＿□□□□□□□□□
＿□□□□□□□□□
□□□□□□□＿□□
□□□□□□□□□＿
□□□□□□□□□＿
00:19:01(34242f):field(34241f)
＿＿＿＿＿＿＿＿＿＿
＿＿＿＿＿＿＿＿＿＿
＿＿＿＿＿＿＿＿＿＿
＿＿＿＿＿＿＿＿＿＿
＿＿＿＿＿＿＿＿＿＿
＿＿＿＿□＿＿＿＿＿
＿＿＿＿□□＿＿＿＿
＿＿＿□□□＿＿＿＿
■＿＿□□＿＿＿＿＿
■■＿□□＿＿＿＿＿
■□□□□□□□＿＿
＿＿□□□□□□□＿
□□□□□□□□□＿
＿□□□□□□□□□
＿□□□□□□□□□
＿□□□□□□□□□
＿□□□□□□□□□
□□□□□□□＿□□
□□□□□□□□□＿
□□□□□□□□□＿
00:19:01(34259f):field(34258f)
＿＿＿＿＿＿＿＿＿＿
＿＿＿＿＿＿＿＿＿＿
＿＿＿＿＿＿＿＿＿＿
＿＿＿＿＿＿＿＿＿＿
＿＿＿＿＿■■＿＿＿
＿＿＿＿□■■＿＿＿
＿＿＿＿□□＿＿＿＿
＿＿＿□□□＿＿＿＿
□＿＿□□＿＿＿＿＿
□□＿□□＿＿＿＿＿
□□□□□□□□＿＿
＿＿□□□□□□□＿
□□□□□□□□□＿
＿□□□□□□□□□
＿□□□□□□□□□
＿□□□□□□□□□
＿□□□□□□□□□
□□□□□□□＿□□
□□□□□□□□□＿
□□□□□□□□□＿
00:19:02(34281f):field(34280f)
＿＿＿＿＿＿＿＿＿＿
＿＿＿＿＿＿＿＿＿＿
＿＿＿＿＿＿＿＿＿＿
＿＿＿＿＿＿＿＿＿＿
＿＿■■■□□＿＿＿
＿＿■＿□□□＿＿＿
＿＿＿＿□□＿＿＿＿
＿＿＿□□□＿＿＿＿
□＿＿□□＿＿＿＿＿
□□＿□□＿＿＿＿＿
□□□□□□□□＿＿
＿＿□□□□□□□＿
□□□□□□□□□＿
＿□□□□□□□□□
＿□□□□□□□□□
＿□□□□□□□□□
＿□□□□□□□□□
□□□□□□□＿□□
□□□□□□□□□＿
□□□□□□□□□＿
00:19:03(34298f):field(34297f)
＿＿＿＿＿＿＿＿＿＿
＿＿＿＿＿＿＿＿＿＿
＿＿＿＿＿＿＿＿＿＿
＿＿＿＿＿＿＿＿＿＿
＿＿◆◆◆◆◆＿＿＿
＿＿□■□□□＿＿＿
＿＿■＿□□■＿＿＿
＿＿＿◆□□＿＿＿＿
◆＿＿□□■＿＿＿＿
□◆＿□□＿＿＿＿＿
□□◆□□◆◆◆＿■
■■□□□□□□◆■
◆◆□□□□□□□■
＿□□□□□□□□□
＿□□□□□□□□□
＿□□□□□□□□□
＿□□□□□□□□□
□□□□□□□＿□□
□□□□□□□□□＿
□□□□□□□□□＿
00:19:04(34333f):field(34332f)
＿＿＿＿＿＿＿＿＿＿
＿＿＿＿＿＿＿＿＿＿
＿＿＿＿＿＿＿＿＿＿
＿＿＿＿＿＿＿＿＿＿
＿＿＿＿＿＿＿＿＿＿
＿＿□□□□□＿＿＿
＿＿□＿□□□＿＿＿
＿＿＿＿□□＿＿＿＿
＿＿＿□□□＿＿＿＿
□＿＿□□■＿＿＿＿
□□＿□□■■■＿□
□□□□□□□□＿□
＿＿□□□□□□□□
＿□□□□□□□□□
＿□□□□□□□□□
＿□□□□□□□□□
＿□□□□□□□□□
□□□□□□□＿□□
□□□□□□□□□＿
□□□□□□□□□＿
00:19:04(34345f):field(34344f)
＿＿＿＿＿＿＿＿＿＿
＿＿＿＿＿＿＿＿＿＿
＿＿＿＿＿＿＿＿＿＿
＿＿＿＿＿＿＿＿＿＿
＿＿＿＿＿＿＿＿＿＿
＿＿□□□□□＿＿＿
＿＿□＿□□□＿＿＿
＿＿＿＿□□＿＿＿＿
＿＿＿□□□＿＿＿■
□＿＿□□□＿＿■■
□□＿□□□□□■□
□□□□□□□□＿□
＿＿□□□□□□□□
＿□□□□□□□□□
＿□□□□□□□□□
＿□□□□□□□□□
＿□□□□□□□□□
□□□□□□□＿□□
□□□□□□□□□＿
□□□□□□□□□＿
00:19:05(34364f):field(34363f)
＿＿＿＿＿＿＿＿＿＿
＿＿＿＿＿＿＿＿＿＿
＿＿＿＿＿＿＿＿＿＿
＿＿＿＿＿＿＿＿＿＿
＿＿＿＿＿＿＿＿＿＿
＿＿□□□□□＿＿＿
＿＿□＿□□□＿＿＿
＿＿＿＿□□＿＿＿＿
＿＿＿□□□■■＿□
□＿＿□□□■■□□
□□＿□□□□□□□
□□□□□□□□＿□
＿＿□□□□□□□□
＿□□□□□□□□□
＿□□□□□□□□□
＿□□□□□□□□□
＿□□□□□□□□□
□□□□□□□＿□□
□□□□□□□□□＿
□□□□□□□□□＿
00:19:06(34385f):field(34384f)
＿＿＿＿＿＿＿＿＿＿
＿＿＿＿＿＿＿＿＿＿
＿＿＿＿＿＿＿＿＿＿
＿＿＿＿＿＿＿＿＿＿
＿＿＿＿＿＿＿＿＿＿
＿＿◆◆◆◆◆＿＿＿
＿＿◆＿◆◆◆＿＿＿
＿＿■■□□■＿＿■
＿＿■◆□□□◆＿◆
◆＿＿◆□□◆□◆◆
◆□＿□□□□□◆□
□□□□□□□□＿□
＿＿□□□□□□□□
＿□□□□□□□□□
＿□□□□□□□□□
＿□□□□□□□□□
＿□□□□□□□□□
□□□□□□□＿□□
□□□□□□□□□＿
□□□□□□□□□＿
00:19:06(34399f):field(34398f)
＿＿＿＿＿＿＿＿＿＿
＿＿＿＿＿＿＿＿＿＿
＿＿＿＿＿＿＿＿＿＿
＿＿＿＿＿＿＿＿＿＿
＿＿＿＿＿＿＿＿＿＿
＿＿＿＿＿＿＿＿＿＿
＿＿＿＿＿＿＿＿＿■
＿＿□□□□□＿＿□
＿＿□＿□□□＿＿■
＿＿＿＿□□＿◆＿■
＿□＿□□□□□＿□
□□□□□□□□＿□
＿＿□□□□□□□□
＿□□□□□□□□□
＿□□□□□□□□□
＿□□□□□□□□□
＿□□□□□□□□□
□□□□□□□＿□□
□□□□□□□□□＿
□□□□□□□□□＿
00:19:07(34413f):field(34412f)
＿＿＿＿＿＿＿＿＿＿
＿＿＿＿＿＿＿＿＿＿
＿＿＿＿＿＿＿＿＿＿
＿＿＿＿＿＿＿＿＿＿
＿＿＿＿＿＿＿＿＿＿
＿＿＿＿＿＿＿＿＿＿
＿＿＿＿＿＿＿＿＿□
＿＿□□□□□■＿□
＿＿□＿□□□■＿□
＿＿＿＿□□■■＿□
＿□＿□□□□□＿□
□□□□□□□□＿□
＿＿□□□□□□□□
＿□□□□□□□□□
＿□□□□□□□□□
＿□□□□□□□□□
＿□□□□□□□□□
□□□□□□□＿□□
□□□□□□□□□＿
□□□□□□□□□＿
00:19:07(34426f):field(34425f)
＿＿＿＿＿＿＿＿＿＿
＿＿＿＿＿＿＿＿＿＿
＿＿＿＿＿＿＿＿＿＿
＿＿＿＿＿＿＿＿＿＿
＿＿＿＿＿＿＿＿＿＿
＿＿＿＿＿＿＿＿＿＿
＿＿＿＿＿＿＿＿＿□
＿＿□□□□□□＿□
＿■□＿□□□□＿□
■■＿＿□□□□＿□
■□＿□□□□□＿□
□□□□□□□□＿□
＿＿□□□□□□□□
＿□□□□□□□□□
＿□□□□□□□□□
＿□□□□□□□□□
＿□□□□□□□□□
□□□□□□□＿□□
□□□□□□□□□＿
□□□□□□□□□＿
00:19:08(34440f):field(34439f)
＿＿＿＿＿＿＿＿＿＿
＿＿＿＿＿＿＿＿＿＿
＿＿＿＿＿＿＿＿＿＿
＿＿＿＿＿＿＿＿＿＿
＿＿＿＿＿＿＿＿＿＿
＿＿＿＿＿■＿＿＿＿
＿＿＿■■■＿＿＿□
＿＿□□□□□□＿□
＿□□＿□□□□＿□
□□＿＿□□□□＿□
□□＿□□□□□＿□
□□□□□□□□＿□
＿＿□□□□□□□□
＿□□□□□□□□□
＿□□□□□□□□□
＿□□□□□□□□□
＿□□□□□□□□□
□□□□□□□＿□□
□□□□□□□□□＿
□□□□□□□□□＿
00:19:08(34452f):field(34451f)
＿＿＿＿＿＿＿＿＿＿
＿＿＿＿＿＿＿＿＿＿
＿＿＿＿＿＿＿＿＿＿
＿＿＿＿＿＿＿＿＿＿
＿＿＿＿■■＿＿＿＿
＿＿＿■■□＿＿＿＿
＿＿＿□□□＿＿＿□
＿＿□□□□□□＿□
＿□□＿□□□□＿□
□□＿＿□□□□＿□
□□＿□□□□□＿□
□□□□□□□□＿□
＿＿□□□□□□□□
＿□□□□□□□□□
＿□□□□□□□□□
＿□□□□□□□□□
＿□□□□□□□□□
□□□□□□□＿□□
□□□□□□□□□＿
□□□□□□□□□＿
00:19:08(34468f):field(34467f)
＿＿＿＿＿＿＿＿＿＿
＿＿＿＿＿＿＿＿＿＿
＿＿＿＿＿＿＿＿＿＿
＿＿＿＿＿＿＿＿＿＿
＿＿＿＿□□＿＿＿＿
＿＿＿□□□■■＿＿
＿＿＿□□□■■＿□
＿＿□□□□□□＿□
＿□□＿□□□□＿□
□□＿＿□□□□＿□
□□＿□□□□□＿□
□□□□□□□□＿□
＿＿□□□□□□□□
＿□□□□□□□□□
＿□□□□□□□□□
＿□□□□□□□□□
＿□□□□□□□□□
□□□□□□□＿□□
□□□□□□□□□＿
□□□□□□□□□＿
00:19:09(34485f):field(34484f)
＿＿＿＿＿＿＿＿＿＿
＿＿＿＿＿＿＿＿＿＿
＿＿＿＿＿＿＿＿＿＿
＿＿＿＿＿＿＿＿＿＿
＿＿＿＿◆◆＿＿＿＿
＿＿＿◆□□◆◆＿＿
＿＿＿□□□□□＿◆
＿＿◆□□□□□＿□
＿◆□■□□□□＿□
◆□■＿□□□□■□
□□■◆□□□□■□
□□◆□□□□□■□
＿＿□□□□□□□□
＿□□□□□□□□□
＿□□□□□□□□□
＿□□□□□□□□□
＿□□□□□□□□□
□□□□□□□＿□□
□□□□□□□□□＿
□□□□□□□□□＿
00:19:09(34498f):field(34497f)
＿＿＿＿＿＿＿＿＿＿
＿＿＿＿＿＿＿＿＿＿
＿＿＿＿＿＿＿＿＿＿
＿＿＿＿＿＿＿＿＿＿
＿＿＿＿＿＿＿＿＿＿
＿＿＿＿□□＿＿＿＿
＿＿＿□□□□□■■
＿＿＿□□□□□■□
＿＿□□□□□□■□
＿□□＿□□□□□□
□□◆＿□□□□□□
□□＿□□□□□□□
＿＿□□□□□□□□
＿□□□□□□□□□
＿□□□□□□□□□
＿□□□□□□□□□
＿□□□□□□□□□
□□□□□□□＿□□
□□□□□□□□□＿
□□□□□□□□□＿
00:19:10(34516f):field(34515f)
＿＿＿＿＿＿＿＿＿＿
＿＿＿＿＿＿＿＿＿＿
＿＿＿＿＿＿＿＿＿＿
＿＿＿＿＿＿＿＿＿＿
＿＿＿＿＿＿＿＿＿＿
＿＿＿＿◆◆＿＿＿＿
＿＿＿□□□◆◆◆◆
＿■■□□□□□□□
＿＿□□□□□□□□
＿□□＿□□□□□□
□□＿＿□□□□□□
□□＿□□□□□□□
＿＿□□□□□□□□
＿□□□□□□□□□
＿□□□□□□□□□
＿□□□□□□□□□
＿□□□□□□□□□
□□□□□□□＿□□
□□□□□□□□□＿
□□□□□□□□□＿
00:19:11(34531f):field(34530f)
＿＿＿＿＿＿＿＿＿＿
＿＿＿＿＿＿＿＿＿＿
＿＿＿＿＿＿＿＿＿＿
＿＿＿＿＿＿＿＿＿＿
＿＿＿＿＿■＿＿＿＿
＿＿＿＿＿■■＿＿＿
＿＿＿◆□□■＿＿＿
＿◆□□□□□□□□
＿＿□□□□□□□□
＿□□＿□□□□□□
□□＿＿□□□□□□
□□＿□□□□□□□
＿＿□□□□□□□□
＿□□□□□□□□□
＿□□□□□□□□□
＿□□□□□□□□□
＿□□□□□□□□□
□□□□□□□＿□□
□□□□□□□□□＿
□□□□□□□□□＿
00:19:11(34548f):field(34547f)
＿＿＿＿＿＿＿＿＿＿
＿＿＿＿＿＿＿＿＿＿
＿＿＿＿＿＿＿＿＿＿
＿＿＿＿＿＿＿＿＿＿
＿＿＿＿＿◆＿＿＿＿
＿＿＿＿＿□◆＿＿＿
＿＿＿＿◆□□＿＿＿
■＿◆◆□□□◆◆◆
■■□□□□□□□□
■□□＿□□□□□□
□□＿＿□□□□□□
□□＿□□□□□□□
＿＿□□□□□□□□
＿□□□□□□□□□
＿□□□□□□□□□
＿□□□□□□□□□
＿□□□□□□□□□
□□□□□□□＿□□
□□□□□□□□□＿
□□□□□□□□□＿
00:19:12(34561f):field(34560f)
＿＿＿＿＿＿＿＿＿＿
＿＿＿＿＿＿＿＿＿＿
＿＿＿＿＿＿＿＿＿＿
＿＿＿＿＿＿＿＿＿＿
＿＿＿＿＿＿＿＿＿＿
＿＿＿＿＿□＿＿＿＿
＿＿＿＿＿□□■■＿
◆＿＿＿□□□■■＿
◆□□□□□□□□□
□□□＿□□□□□□
□□＿＿□□□□□□
□□＿□□□□□□□
＿＿□□□□□□□□
＿□□□□□□□□□
＿□□□□□□□□□
＿□□□□□□□□□
＿□□□□□□□□□
□□□□□□□＿□□
□□□□□□□□□＿
□□□□□□□□□＿
00:19:12(34577f):field(34576f)
＿＿＿＿＿＿＿＿＿＿
＿＿＿＿＿＿＿＿＿＿
＿＿＿＿＿＿＿＿＿＿
＿＿＿＿＿＿＿＿＿＿
＿＿＿＿＿＿＿＿＿＿
＿＿＿＿＿◆＿＿＿＿
＿＿＿＿＿□◆◆◆＿
■＿＿＿◆□□□□＿
■□◆◆□□□□□◆
□□□＿□□□□□□
□□＿＿□□□□□□
□□＿□□□□□□□
＿＿□□□□□□□□
＿□□□□□□□□□
＿□□□□□□□□□
＿□□□□□□□□□
＿□□□□□□□□□
□□□□□□□＿□□
□□□□□□□□□＿
□□□□□□□□□＿
00:19:12(34587f):field(34586f)
＿＿＿＿＿＿＿＿＿＿
＿＿＿＿＿＿＿＿＿＿
＿＿＿＿＿＿＿＿＿＿
＿＿＿＿＿＿＿＿＿＿
＿＿＿＿＿＿＿＿＿＿
＿＿＿＿＿＿＿＿＿＿
＿＿＿＿＿◆＿＿＿＿
◆＿＿＿＿□◆◆◆＿
□◆＿■◆□□□□＿
□□◆■□□□□□◆
□□■■□□□□□□
□□■□□□□□□□
＿＿□□□□□□□□
＿□□□□□□□□□
＿□□□□□□□□□
＿□□□□□□□□□
＿□□□□□□□□□
□□□□□□□＿□□
□□□□□□□□□＿
□□□□□□□□□＿
00:19:13(34600f):field(34599f)
＿＿＿＿＿＿＿＿＿＿
＿＿＿＿＿＿＿＿＿＿
＿＿＿＿＿＿＿＿＿＿
＿＿＿＿＿＿＿＿＿＿
＿＿＿＿＿＿＿＿＿＿
＿＿＿＿＿＿＿＿＿＿
＿＿＿■＿＿＿＿＿＿
＿＿＿■■□＿＿＿＿
□＿＿□■□□□□＿
□□＿□□□□□□＿
□□◆□□□□□□□
□□◆□□□□□□□
＿＿□□□□□□□□
＿□□□□□□□□□
＿□□□□□□□□□
＿□□□□□□□□□
＿□□□□□□□□□
□□□□□□□＿□□
□□□□□□□□□＿
□□□□□□□□□＿
00:19:13(34615f):field(34614f)
＿＿＿＿＿＿＿＿＿＿
＿＿＿＿＿＿＿＿＿＿
＿＿＿＿＿＿＿＿＿＿
＿＿＿＿＿＿＿＿＿＿
＿＿＿＿＿＿＿＿＿＿
＿＿＿＿＿＿＿＿＿＿
＿＿＿□＿＿＿＿＿＿
＿＿＿□□□＿＿■■
□＿＿□□□□□□■
□□＿□□□□□□■
□□＿□□□□□□□
□□＿□□□□□□□
＿＿□□□□□□□□
＿□□□□□□□□□
＿□□□□□□□□□
＿□□□□□□□□□
＿□□□□□□□□□
□□□□□□□＿□□
□□□□□□□□□＿
□□□□□□□□□＿
00:19:14(34630f):field(34629f)
＿＿＿＿＿＿＿＿＿＿
＿＿＿＿＿＿＿＿＿＿
＿＿＿＿＿＿＿＿＿＿
＿＿＿＿＿＿＿＿＿＿
＿＿＿＿＿＿＿＿＿＿
＿＿＿＿＿＿＿＿＿＿
＿＿＿□＿■■＿＿＿
＿＿＿□□□■■□□
□＿＿□□□□□□□
□□＿□□□□□□□
□□＿□□□□□□□
□□＿□□□□□□□
＿＿□□□□□□□□
＿□□□□□□□□□
＿□□□□□□□□□
＿□□□□□□□□□
＿□□□□□□□□□
□□□□□□□＿□□
□□□□□□□□□＿
□□□□□□□□□＿
00:19:14(34639f):field(34638f)
＿＿＿＿＿＿＿＿＿＿
＿＿＿＿＿＿＿＿＿＿
＿＿＿＿＿＿＿＿＿＿
＿＿＿＿＿＿＿＿＿＿
＿＿＿■＿＿＿＿＿＿
＿＿＿■■＿＿＿＿＿
＿＿＿□■□□＿＿＿
＿＿＿□□□□□□□
□＿＿□□□□□□□
□□＿□□□□□□□
□□＿□□□□□□□
□□＿□□□□□□□
＿＿□□□□□□□□
＿□□□□□□□□□
＿□□□□□□□□□
＿□□□□□□□□□
＿□□□□□□□□□
□□□□□□□＿□□
□□□□□□□□□＿
□□□□□□□□□＿
00:19:15(34652f):field(34651f)
＿＿＿＿＿＿＿＿＿＿
＿＿＿＿＿＿＿＿＿＿
＿＿＿＿＿＿＿＿＿＿
＿＿＿＿＿＿＿＿＿＿
＿＿＿□＿＿＿＿＿＿
＿＿＿□□＿＿＿■■
＿＿＿□□□□＿■■
＿＿＿□□□□□□□
□＿＿□□□□□□□
□□＿□□□□□□□
□□＿□□□□□□□
□□＿□□□□□□□
＿＿□□□□□□□□
＿□□□□□□□□□
＿□□□□□□□□□
＿□□□□□□□□□
＿□□□□□□□□□
□□□□□□□＿□□
□□□□□□□□□＿
□□□□□□□□□＿
00:19:15(34663f):field(34662f)
＿＿＿＿＿＿＿＿＿＿
＿＿＿＿＿＿＿＿＿＿
＿＿＿＿＿＿＿＿＿＿
＿＿＿＿＿＿＿＿＿＿
＿＿＿□＿＿＿＿＿＿
＿＿＿□□■■■□□
＿＿＿□□□□■□□
＿＿＿□□□□□□□
□＿＿□□□□□□□
□□＿□□□□□□□
□□＿□□□□□□□
□□＿□□□□□□□
＿＿□□□□□□□□
＿□□□□□□□□□
＿□□□□□□□□□
＿□□□□□□□□□
＿□□□□□□□□□
□□□□□□□＿□□
□□□□□□□□□＿
□□□□□□□□□＿
00:19:15(34673f):field(34672f)
＿＿＿＿＿＿＿＿＿＿
＿＿＿＿＿＿＿＿＿＿
＿＿＿＿＿＿＿＿＿＿
＿＿＿■■＿＿＿＿＿
＿＿＿□■■＿＿＿＿
＿＿＿□□□□□□□
＿＿＿□□□□□□□
＿＿＿□□□□□□□
□＿＿□□□□□□□
□□＿□□□□□□□
□□＿□□□□□□□
□□＿□□□□□□□
＿＿□□□□□□□□
＿□□□□□□□□□
＿□□□□□□□□□
＿□□□□□□□□□
＿□□□□□□□□□
□□□□□□□＿□□
□□□□□□□□□＿
□□□□□□□□□＿
00:19:16(34688f):field(34687f)
＿＿＿＿＿＿＿＿＿＿
＿＿＿＿＿＿＿＿＿＿
＿＿＿＿＿＿＿＿＿＿
＿＿＿◆◆＿＿＿＿＿
＿＿＿◆◆◆＿＿＿＿
＿＿＿◆◆◆◆◆◆◆
＿＿＿□□◆◆◆◆◆
＿＿＿□□□◆◆◆◆
□＿■□□□□□□□
◆□＿□□□□□□□
◆◆■□□□□□□□
□□■□□□□□□□
＿■□□□□□□□□
■□□□□□□□□□
＿□□□□□□□□□
＿□□□□□□□□□
＿□□□□□□□□□
□□□□□□□＿□□
□□□□□□□□□＿
□□□□□□□□□＿
00:19:16(34700f):field(34699f)
＿＿＿＿＿＿＿＿＿＿
＿＿＿＿＿＿＿＿＿＿
＿＿＿＿＿＿＿＿＿＿
＿＿＿＿＿＿＿＿＿＿
＿＿＿＿＿＿＿＿＿＿
＿＿＿＿＿＿＿＿＿＿
＿＿＿◆◆＿＿＿＿＿
＿＿＿□□◆＿＿＿＿
◆＿◆□□□◆◆◆◆
＿◆＿□□□□□□□
■＿◆□□□□□□□
□□◆□□□□□□□
＿◆□□□□□□□□
◆□□□□□□□□□
＿□□□□□□□□□
＿□□□□□□□□□
＿□□□□□□□□□
□□□□□□□＿□□
□□□□□□□□□＿
□□□□□□□□□＿
00:19:17(34713f):field(34712f)
＿＿＿＿＿＿＿＿＿＿
＿＿＿＿＿＿＿＿＿＿
＿＿＿＿＿＿＿＿＿＿
＿＿＿＿＿＿＿＿＿＿
＿＿＿＿＿＿＿＿＿＿
＿＿＿＿＿＿＿＿＿＿
＿＿＿＿＿＿＿＿＿＿
＿＿＿◆◆＿＿＿＿＿
＿＿＿◆◆◆＿＿＿＿
＿■＿□□◆◆◆◆□
□＿＿□□□◆◆□◆
□□■□□□□□□□
■＿□□□□□□□□
■□□□□□□□□□
＿□□□□□□□□□
＿□□□□□□□□□
＿□□□□□□□□□
□□□□□□□＿□□
□□□□□□□□□＿
□□□□□□□□□＿
00:19:17(34725f):field(34724f)
＿＿＿＿＿＿＿＿＿＿
＿＿＿＿＿＿＿＿＿＿
＿＿＿＿＿＿＿＿＿＿
＿＿＿＿＿＿＿＿＿＿
＿＿＿＿＿＿＿＿＿＿
＿＿＿＿＿＿＿＿＿＿
＿＿＿＿＿＿＿＿＿＿
＿＿＿＿＿＿＿＿＿＿
＿＿＿＿＿＿＿＿＿＿
＿◆＿◆◆＿＿＿＿◆
◆＿＿◆◆◆＿＿◆＿
◆◆◆□◆◆◆◆◆◆
◆■□□□◆□□◆◆
◆◆◆□□□◆□□◆
＿□□□□□□□□□
■□□□□□□□□□
＿□□□□□□□□□
□□□□□□□＿□□
□□□□□□□□□＿
□□□□□□□□□＿
00:19:18(34740f):field(34739f)
＿＿＿＿＿＿＿＿＿＿
＿＿＿＿＿＿＿＿＿＿
＿＿＿＿＿＿＿＿＿＿
＿＿＿＿＿＿＿＿＿＿
＿＿＿＿＿＿＿＿＿＿
＿＿＿＿＿＿＿＿＿＿
＿＿＿＿＿＿＿＿＿＿
＿＿＿＿＿＿＿＿＿＿
＿＿＿＿＿＿＿＿＿＿
＿＿＿＿＿＿＿＿＿＿
＿＿＿＿＿＿＿＿＿＿
＿＿＿◆＿＿＿＿＿＿
＿◆◆□□＿◆◆■＿
＿＿＿□□□■□□＿
＿◆□□□□□□□□
◆□□□□□□□□□
＿□□□□□□□□□
□□□□□□□＿□□
□□□□□□□□□＿
□□□□□□□□□＿
00:19:18(34752f):field(34751f)
＿＿＿＿＿＿＿＿＿＿
＿＿＿＿＿＿＿＿＿＿
＿＿＿＿＿＿＿＿＿＿
＿＿＿＿＿＿＿＿＿＿
＿＿＿＿＿＿＿＿＿＿
＿＿＿＿＿＿＿＿＿＿
＿＿＿＿＿＿＿＿＿＿
＿＿＿＿＿＿＿＿＿＿
＿＿＿＿＿＿＿＿＿＿
＿＿＿＿＿＿＿＿＿＿
＿＿＿＿＿＿＿＿＿＿
＿＿＿＿＿＿■■＿＿
＿＿＿□□＿■■□＿
＿＿＿□□□□□□＿
＿＿□□□□□□□□
＿□□□□□□□□□
＿□□□□□□□□□
□□□□□□□＿□□
□□□□□□□□□＿
□□□□□□□□□＿
00:19:18(34763f):field(34762f)
＿＿＿＿＿＿＿＿＿＿
＿＿＿＿＿＿＿＿＿＿
＿＿＿＿＿＿＿＿＿＿
＿＿＿＿＿＿＿＿＿＿
＿＿＿＿＿＿＿＿＿＿
＿＿＿＿＿＿＿＿＿＿
＿＿＿＿＿＿＿＿＿＿
＿＿＿＿＿＿＿＿＿＿
＿＿＿＿＿＿＿＿＿＿
＿＿＿＿＿＿＿＿＿＿
＿＿＿＿■＿＿＿＿＿
＿＿＿＿■■□□＿＿
＿＿＿□□■□□□＿
＿＿＿□□□□□□＿
＿＿□□□□□□□□
＿□□□□□□□□□
＿□□□□□□□□□
□□□□□□□＿□□
□□□□□□□□□＿
□□□□□□□□□＿
00:19:19(34774f):field(34773f)
＿＿＿＿＿＿＿＿＿＿
＿＿＿＿＿＿＿＿＿＿
＿＿＿＿＿＿＿＿＿＿
＿＿＿＿＿＿＿＿＿＿
＿＿＿＿＿＿＿＿＿＿
＿＿＿＿＿＿＿＿＿＿
＿＿＿＿＿＿＿＿＿＿
＿＿＿＿＿＿＿＿＿＿
＿＿＿＿＿＿＿＿＿＿
＿＿＿＿■■＿＿＿＿
＿＿＿＿□■■＿＿＿
＿＿＿＿□□□□＿＿
＿＿＿□□□□□□＿
＿＿＿□□□□□□＿
＿＿□□□□□□□□
＿□□□□□□□□□
＿□□□□□□□□□
□□□□□□□＿□□
□□□□□□□□□＿
□□□□□□□□□＿
00:19:19(34788f):field(34787f)
＿＿＿＿＿＿＿＿＿＿
＿＿＿＿＿＿＿＿＿＿
＿＿＿＿＿＿＿＿＿＿
＿＿＿＿＿＿＿＿＿＿
＿＿＿＿＿＿＿＿＿＿
＿＿＿＿＿＿＿＿＿＿
＿＿＿＿＿＿＿＿＿＿
＿＿＿＿＿＿＿＿＿＿
＿＿＿＿＿＿＿＿＿＿
＿＿＿＿◆◆＿＿＿＿
＿＿＿＿◆◆◆＿＿＿
＿＿＿＿◆◆◆◆＿＿
＿＿＿◆□□◆◆◆＿
＿■＿◆□□□□◆＿
＿＿□◆□□□□□◆
■□◆□□□□□□□
＿◆□□□□□□□◆
□□□□□□□■□□
□□□□□□□□□＿
□□□□□□□□□＿
00:19:19(34799f):field(34798f)
＿＿＿＿＿＿＿＿＿＿
＿＿＿＿＿＿＿＿＿＿
＿＿＿＿＿＿＿＿＿＿
＿＿＿＿＿＿＿＿＿＿
＿＿＿＿＿＿＿＿＿＿
＿＿＿＿＿＿＿＿＿＿
＿＿＿＿＿＿＿＿＿＿
＿＿＿＿＿＿＿＿＿＿
＿＿＿＿＿＿＿＿＿＿
＿＿＿＿＿＿＿＿＿＿
＿＿＿＿＿＿＿＿＿＿
＿＿＿＿＿＿＿＿＿＿
＿＿＿＿□□＿＿＿＿
＿◆＿＿□□□◆＿■
＿＿◆＿□□□□◆■
◆◆＿□□□□□□□
＿＿◆□□□□□□■
□□□□□□□◆□□
□□□□□□□□□＿
□□□□□□□□□＿
00:19:20(34811f):field(34810f)
＿＿＿＿＿＿＿＿＿＿
＿＿＿＿＿＿＿＿＿＿
＿＿＿＿＿＿＿＿＿＿
＿＿＿＿＿＿＿＿＿＿
＿＿＿＿＿＿＿＿＿＿
＿＿＿＿＿＿＿＿＿＿
＿＿＿＿＿＿＿＿＿＿
＿＿＿＿＿＿＿＿＿＿
＿＿＿＿＿＿＿＿＿＿
＿＿＿＿＿＿＿＿＿＿
＿＿＿＿＿＿＿＿＿＿
＿＿＿＿＿＿＿＿＿＿
＿＿＿＿◆◆＿＿＿＿
＿＿＿＿□□◆＿＿◆
＿＿＿■□□□◆＿□
＿＿＿◆□□□□◆□
■■＿□□□□□□□
□□□□□□□＿□□
□□□□□□□□□＿
□□□□□□□□□＿
00:19:20(34825f):field(34824f)
＿＿＿＿＿＿＿＿＿＿
＿＿＿＿＿＿＿＿＿＿
＿＿＿＿＿＿＿＿＿＿
＿＿＿＿＿＿＿＿＿＿
＿＿＿＿＿＿＿＿＿＿
＿＿＿＿＿＿＿＿＿＿
＿＿＿＿＿＿＿＿＿＿
＿＿＿＿＿＿＿＿＿＿
＿＿＿＿＿＿＿＿＿＿
＿＿＿＿＿＿＿＿＿＿
＿＿＿＿＿＿＿＿＿＿
＿＿＿＿＿＿＿＿＿＿
＿＿＿＿＿＿＿＿＿＿
＿＿＿＿□□＿■＿＿
＿＿＿◆□□□■■□
＿＿＿＿□□□□■□
◆□＿□□□□□□□
□□□□□□□＿□□
□□□□□□□□□＿
□□□□□□□□□＿
00:19:21(34838f):field(34837f)
＿＿＿＿＿＿＿＿＿＿
＿＿＿＿＿＿＿＿＿＿
＿＿＿＿＿＿＿＿＿＿
＿＿＿＿＿＿＿＿＿＿
＿＿＿＿＿＿＿＿＿＿
＿＿＿＿＿＿＿＿＿＿
＿＿＿＿＿＿＿＿＿＿
＿＿＿＿＿＿＿＿＿＿
＿＿＿＿＿＿＿＿＿＿
＿＿＿＿＿＿＿＿＿＿
＿＿＿＿＿＿＿＿＿＿
＿＿＿＿＿＿＿＿＿＿
＿＿＿＿＿＿＿＿■■
＿＿＿＿□□＿□■■
＿＿＿＿□□□□□□
＿＿＿＿□□□□□□
＿□＿□□□□□□□
□□□□□□□＿□□
□□□□□□□□□＿
□□□□□□□□□＿
00:19:21(34849f):field(34848f)
＿＿＿＿＿＿＿＿＿＿
＿＿＿＿＿＿＿＿＿＿
＿＿＿＿＿＿＿＿＿＿
＿＿＿＿＿＿＿＿＿＿
＿＿＿＿＿＿＿＿＿＿
＿＿＿＿＿＿＿＿＿＿
＿＿＿＿＿＿＿＿＿＿
＿＿＿＿＿＿＿＿＿＿
＿＿＿＿＿＿＿＿＿＿
＿＿＿＿＿＿＿＿＿＿
＿＿＿＿＿＿＿＿＿＿
＿＿＿＿＿＿＿■■■
＿＿＿＿＿＿＿■□□
＿＿＿＿□□＿□□□
＿＿＿＿□□□□□□
＿＿＿＿□□□□□□
＿□＿□□□□□□□
□□□□□□□＿□□
□□□□□□□□□＿
□□□□□□□□□＿
00:19:22(34861f):field(34860f)
＿＿＿＿＿＿＿＿＿＿
＿＿＿＿＿＿＿＿＿＿
＿＿＿＿＿＿＿＿＿＿
＿＿＿＿＿＿＿＿＿＿
＿＿＿＿＿＿＿＿＿＿
＿＿＿＿＿＿＿＿＿＿
＿＿＿＿＿＿＿＿＿＿
＿＿＿＿＿＿＿＿＿＿
＿＿＿＿＿＿＿＿＿＿
＿＿＿＿＿＿＿＿＿＿
＿＿＿＿＿＿＿＿＿＿
＿＿＿＿＿＿＿□□□
＿＿＿＿■■■□□□
＿＿＿＿□□■□□□
＿＿＿＿□□□□□□
＿＿＿＿□□□□□□
＿□＿□□□□□□□
□□□□□□□＿□□
□□□□□□□□□＿
□□□□□□□□□＿
00:19:22(34874f):field(34873f)
＿＿＿＿＿＿＿＿＿＿
＿＿＿＿＿＿＿＿＿＿
＿＿＿＿＿＿＿＿＿＿
＿＿＿＿＿＿＿＿＿＿
＿＿＿＿＿＿＿＿＿＿
＿＿＿＿＿＿＿＿＿＿
＿＿＿＿＿＿＿＿＿＿
＿＿＿＿＿＿＿＿＿＿
＿＿＿＿＿＿＿＿＿＿
＿＿＿＿＿＿＿＿＿＿
＿＿＿＿＿＿＿＿＿＿
＿＿＿＿＿＿＿◆◆◆
＿＿＿＿◆◆◆□□□
＿＿＿＿□□□□□□
■＿■＿□□□□□□
＿＿＿＿□□□□□□
＿□＿□□□□□□□
□□□□□□□＿□□
□□□□□□□□□＿
□□□□□□□□□＿
00:19:22(34887f):field(34886f)
＿＿＿＿＿＿＿＿＿＿
＿＿＿＿＿＿＿＿＿＿
＿＿＿＿＿＿＿＿＿＿
＿＿＿＿＿＿＿＿＿＿
＿＿＿＿＿＿＿＿＿＿
＿＿＿＿＿＿＿＿＿＿
＿＿＿＿＿＿＿＿＿＿
＿＿＿＿＿＿＿＿＿＿
＿＿＿＿＿＿＿＿＿＿
＿＿＿＿＿＿＿＿＿＿
＿＿＿＿＿＿＿＿＿＿
＿＿＿＿＿＿＿＿＿＿
＿＿＿＿＿＿＿□□□
＿＿＿＿□□□□□□
◆＿◆■□□□□□□
＿＿■■□□□□□□
＿□■□□□□□□□
□□□□□□□＿□□
□□□□□□□□□＿
□□□□□□□□□＿
00:19:23(34899f):field(34898f)
＿＿＿＿＿＿＿＿＿＿
＿＿＿＿＿＿＿＿＿＿
＿＿＿＿＿＿＿＿＿＿
＿＿＿＿＿＿＿＿＿＿
＿＿＿＿＿＿＿＿＿＿
＿＿＿＿＿＿＿＿＿＿
＿＿＿＿＿＿＿＿＿＿
＿＿＿＿＿＿＿＿＿＿
＿＿＿＿＿＿＿＿＿＿
＿＿＿＿＿＿＿＿＿＿
＿＿＿＿＿＿＿＿＿＿
＿＿＿＿＿＿＿＿＿＿
＿＿＿＿＿＿＿◆◆◆
＿＿＿＿◆◆◆◆◆◆
＿＿＿◆◆◆□□□□
＿■◆◆□□□□□□
■◆◆□□□□□□□
□□□□□□□■□□
□□□□□□□□□＿
□□□□□□□□□＿
00:19:23(34912f):field(34911f)
＿＿＿＿＿＿＿＿＿＿
＿＿＿＿＿＿＿＿＿＿
＿＿＿＿＿＿＿＿＿＿
＿＿＿＿＿＿＿＿＿＿
＿＿＿＿＿＿＿＿＿＿
＿＿＿＿＿＿＿＿＿＿
＿＿＿＿＿＿＿＿＿＿
＿＿＿＿＿＿＿＿＿＿
＿＿＿＿＿＿＿＿＿＿
＿＿＿＿＿＿＿＿＿＿
＿＿＿＿＿＿＿＿＿＿
＿＿＿＿＿＿＿＿＿＿
＿＿＿＿＿＿＿＿＿＿
＿＿＿＿＿＿＿＿＿＿
＿＿＿＿＿＿◆◆◆◆
＿◆■＿◆◆◆□□□
◆＿■◆□□□□□□
□□□□□□□◆□□
□□□□□□□□□＿
□□□□□□□□□＿
00:19:24(34922f):field(34921f)
＿＿＿＿＿＿＿＿＿＿
＿＿＿＿＿＿＿＿＿＿
＿＿＿＿＿＿＿＿＿＿
＿＿＿＿＿＿＿＿＿＿
＿＿＿＿＿＿＿＿＿＿
＿＿＿＿＿＿＿＿＿＿
＿＿＿＿＿＿＿＿＿＿
＿＿＿＿＿＿＿＿＿＿
＿＿＿＿＿＿＿＿＿＿
＿＿＿＿＿＿＿＿＿＿
＿＿＿＿＿＿＿＿＿＿
＿＿＿＿＿＿＿＿＿＿
＿＿＿＿＿＿＿＿＿＿
＿＿＿＿＿＿＿＿＿＿
＿＿＿＿＿＿＿＿＿＿
＿＿□■■■＿□□□
＿＿□■□□□□□□
□□□□□□□＿□□
□□□□□□□□□＿
□□□□□□□□□＿
00:19:24(34934f):field(34933f)
＿＿＿＿＿＿＿＿＿＿
＿＿＿＿＿＿＿＿＿＿
＿＿＿＿＿＿＿＿＿＿
＿＿＿＿＿＿＿＿＿＿
＿＿＿＿＿＿＿＿＿＿
＿＿＿＿＿＿＿＿＿＿
＿＿＿＿＿＿＿＿＿＿
＿＿＿＿＿＿＿＿＿＿
＿＿＿＿＿＿＿＿＿＿
＿＿＿＿＿＿＿＿＿＿
＿＿＿＿＿＿＿＿＿＿
＿＿＿＿＿＿＿＿＿＿
＿＿＿＿＿＿＿＿＿＿
＿＿＿＿＿＿＿＿＿＿
＿＿＿＿■■■＿＿＿
＿＿□□□□■□□□
＿＿□□□□□□□□
□□□□□□□＿□□
□□□□□□□□□＿
□□□□□□□□□＿
00:19:24(34949f):field(34948f)
＿＿＿＿＿＿＿＿＿＿
＿＿＿＿＿＿＿＿＿＿
＿＿＿＿＿＿＿＿＿＿
＿＿＿＿＿＿＿＿＿＿
＿＿＿＿＿＿＿＿＿＿
＿＿＿＿＿＿＿＿＿＿
＿＿＿＿＿＿＿＿＿＿
＿＿＿＿＿＿＿＿＿＿
＿＿＿＿＿＿＿＿＿＿
＿＿＿＿＿＿＿＿＿＿
＿＿＿＿＿＿＿＿＿＿
＿＿＿＿＿＿＿＿＿＿
＿＿＿＿＿＿＿＿＿＿
■＿＿＿＿＿＿＿＿＿
■＿＿＿□□□＿＿＿
■＿□□□□□□□□
■＿□□□□□□□□
□□□□□□□＿□□
□□□□□□□□□＿
□□□□□□□□□＿
00:19:25(34961f):field(34960f)
＿＿＿＿＿＿＿＿＿＿
＿＿＿＿＿＿＿＿＿＿
＿＿＿＿＿＿＿＿＿＿
＿＿＿＿＿＿＿＿＿＿
＿＿＿＿＿＿＿＿＿＿
＿＿＿＿＿＿＿＿＿＿
＿＿＿＿＿＿＿＿＿＿
＿＿＿＿＿＿＿＿＿＿
＿＿＿＿＿＿＿＿＿＿
＿＿＿＿＿＿＿＿＿＿
＿＿＿＿＿＿＿＿＿＿
＿＿＿＿＿＿＿＿＿＿
＿＿＿＿＿＿＿＿＿＿
□＿＿＿＿＿＿＿■■
□＿＿＿□□□＿■■
□＿□□□□□□□□
□＿□□□□□□□□
□□□□□□□＿□□
□□□□□□□□□＿
□□□□□□□□□＿
00:19:25(34975f):field(34974f)
＿＿＿＿＿＿＿＿＿＿
＿＿＿＿＿＿＿＿＿＿
＿＿＿＿＿＿＿＿＿＿
＿＿＿＿＿＿＿＿＿＿
＿＿＿＿＿＿＿＿＿＿
＿＿＿＿＿＿＿＿＿＿
＿＿＿＿＿＿＿＿＿＿
＿＿＿＿＿＿＿＿＿＿
＿＿＿＿＿＿＿＿＿＿
＿＿＿＿＿＿＿＿＿＿
＿＿＿＿＿＿＿＿＿＿
＿＿＿＿＿＿＿＿＿＿
＿＿＿＿＿＿■＿＿＿
□＿＿＿＿＿■■□□
□＿＿＿□□□■□□
□＿□□□□□□□□
□＿□□□□□□□□
□□□□□□□＿□□
□□□□□□□□□＿
□□□□□□□□□＿
00:19:26(34991f):field(34990f)
＿＿＿＿＿＿＿＿＿＿
＿＿＿＿＿＿＿＿＿＿
＿＿＿＿＿＿＿＿＿＿
＿＿＿＿＿＿＿＿＿＿
＿＿＿＿＿＿＿＿＿＿
＿＿＿＿＿＿＿＿＿＿
＿＿＿＿＿＿＿＿＿＿
＿＿＿＿＿＿＿＿＿＿
＿＿＿＿＿＿＿＿＿＿
＿＿＿＿＿＿＿＿＿＿
＿＿＿＿＿＿＿＿＿＿
＿＿＿＿＿＿＿＿＿＿
＿＿＿■＿＿□＿＿＿
□＿＿■■＿□□□□
□＿＿■□□□□□□
□＿□□□□□□□□
□＿□□□□□□□□
□□□□□□□＿□□
□□□□□□□□□＿
□□□□□□□□□＿
00:19:26(35008f):field(35007f)
＿＿＿＿＿＿＿＿＿＿
＿＿＿＿＿＿＿＿＿＿
＿＿＿＿＿＿＿＿＿＿
＿＿＿＿＿＿＿＿＿＿
＿＿＿＿＿＿＿＿＿＿
＿＿＿＿＿＿＿＿＿＿
＿＿＿＿＿＿＿＿＿＿
＿＿＿＿＿＿＿＿＿＿
＿＿＿＿＿＿＿＿＿＿
＿＿＿＿＿＿＿＿＿＿
＿＿＿＿＿＿＿＿＿＿
＿＿＿＿＿＿＿＿＿＿
＿＿＿◆＿＿◆＿＿＿
◆＿＿□◆＿◆◆◆◆
◆＿■◆□◆◆◆◆◆
◆＿□□◆□□◆◆□
□＿□□□□□□□□
□□□□□□□＿□□
□□□□□□□□□＿
□□□□□□□□□＿
00:19:27(35019f):field(35018f)
＿＿＿＿＿＿＿＿＿＿
＿＿＿＿＿＿＿＿＿＿
＿＿＿＿＿＿＿＿＿＿
＿＿＿＿＿＿＿＿＿＿
＿＿＿＿＿＿＿＿＿＿
＿＿＿＿＿＿＿＿＿＿
＿＿＿＿＿＿＿＿＿＿
＿＿＿＿＿＿＿＿＿＿
＿＿＿＿＿＿＿＿＿＿
＿＿＿＿＿＿＿＿＿＿
＿＿＿＿＿＿＿＿＿＿
＿＿＿＿＿＿＿＿＿＿
＿＿＿＿＿＿＿＿＿＿
＿＿＿◆＿＿＿＿＿＿
＿＿◆＿□■＿＿＿＿
＿＿◆□＿□□＿＿◆
□＿◆□□□□□□□
□□□□□□□＿□□
□□□□□□□□□＿
□□□□□□□□□＿
00:19:27(35032f):field(35031f)
＿＿＿＿＿＿＿＿＿＿
＿＿＿＿＿＿＿＿＿＿
＿＿＿＿＿＿＿＿＿＿
＿＿＿＿＿＿＿＿＿＿
＿＿＿＿＿＿＿＿＿＿
＿＿＿＿＿＿＿＿＿＿
＿＿＿＿＿＿＿＿＿＿
＿＿＿＿＿＿＿＿＿＿
＿＿＿＿＿＿＿＿＿＿
＿＿＿＿＿＿＿＿＿＿
＿＿＿＿＿＿＿＿＿＿
＿＿＿＿＿＿＿＿＿＿
＿＿＿＿＿＿＿＿＿＿
＿＿＿＿＿＿＿＿＿＿
＿＿＿＿◆◆＿＿＿＿
＿■＿◆■□◆＿＿■
◆■■□◆□□□◆◆
□□□□□□□■□□
□□□□□□□□□＿
□□□□□□□□□＿
00:19:28(35045f):field(35044f)
＿＿＿＿＿＿＿＿＿＿
＿＿＿＿＿＿＿＿＿＿
＿＿＿＿＿＿＿＿＿＿
＿＿＿＿＿＿＿＿＿＿
＿＿＿＿＿＿＿＿＿＿
＿＿＿＿＿＿＿＿＿＿
＿＿＿＿＿＿＿＿＿＿
＿＿＿＿＿＿＿＿＿＿
＿＿＿＿＿＿＿＿＿＿
＿＿＿＿＿＿＿＿＿＿
＿＿＿＿＿＿＿＿＿＿
＿＿＿＿＿＿＿＿＿＿
＿＿＿＿＿＿＿＿＿＿
＿＿＿＿＿＿＿＿＿＿
＿＿＿■■＿＿＿＿＿
＿◆■■□□＿＿＿◆
＿□□□＿□□◆＿＿
□□□□□□□◆□□
□□□□□□□□□＿
□□□□□□□□□＿
00:19:28(35060f):field(35059f)
＿＿＿＿＿＿＿＿＿＿
＿＿＿＿＿＿＿＿＿＿
＿＿＿＿＿＿＿＿＿＿
＿＿＿＿＿＿＿＿＿＿
＿＿＿＿＿＿＿＿＿＿
＿＿＿＿＿＿＿＿＿＿
＿＿＿＿＿＿＿＿＿＿
＿＿＿＿＿＿＿＿＿＿
＿＿＿＿＿＿＿＿＿＿
＿＿＿＿＿＿＿＿＿＿
＿＿＿＿＿＿＿＿＿＿
＿＿＿＿＿＿＿＿＿＿
＿＿＿＿＿＿＿＿＿＿
＿＿＿＿＿＿＿＿＿＿
＿＿＿□□＿＿＿＿■
＿＿□□□□＿＿＿■
＿□□□＿□□＿■■
□□□□□□□＿□□
□□□□□□□□□＿
□□□□□□□□□＿
00:19:29(35073f):field(35072f)
＿＿＿＿＿＿＿＿＿＿
＿＿＿＿＿＿＿＿＿＿
＿＿＿＿＿＿＿＿＿＿
＿＿＿＿＿＿＿＿＿＿
＿＿＿＿＿＿＿＿＿＿
＿＿＿＿＿＿＿＿＿＿
＿＿＿＿＿＿＿＿＿＿
＿＿＿＿＿＿＿＿＿＿
＿＿＿＿＿＿＿＿＿＿
＿＿＿＿＿＿＿＿＿＿
＿＿＿＿＿＿＿＿＿＿
＿＿＿＿＿＿＿＿＿＿
＿＿＿＿＿＿＿＿＿＿
＿＿＿＿＿＿＿＿＿＿
■＿＿□□＿＿＿＿□
■■□□□□＿＿＿□
■□□□＿□□＿□□
□□□□□□□＿□□
□□□□□□□□□＿
□□□□□□□□□＿
00:19:29(35087f):field(35086f)
＿＿＿＿＿＿＿＿＿＿
＿＿＿＿＿＿＿＿＿＿
＿＿＿＿＿＿＿＿＿＿
＿＿＿＿＿＿＿＿＿＿
＿＿＿＿＿＿＿＿＿＿
＿＿＿＿＿＿＿＿＿＿
＿＿＿＿＿＿＿＿＿＿
＿＿＿＿＿＿＿＿＿＿
＿＿＿＿＿＿＿＿＿＿
＿＿＿＿＿＿＿＿＿＿
＿＿＿＿＿＿＿＿＿＿
＿＿＿＿＿＿＿＿＿＿
＿＿＿＿＿＿＿＿＿＿
＿＿＿＿＿＿＿＿＿＿
□＿＿□□■■＿＿□
□□□□□□■■＿□
□□□□＿□□＿□□
□□□□□□□＿□□
□□□□□□□□□＿
□□□□□□□□□＿
00:19:30(35100f):field(35099f)
＿＿＿＿＿＿＿＿＿＿
＿＿＿＿＿＿＿＿＿＿
＿＿＿＿＿＿＿＿＿＿
＿＿＿＿＿＿＿＿＿＿
＿＿＿＿＿＿＿＿＿＿
＿＿＿＿＿＿＿＿＿＿
＿＿＿＿＿＿＿＿＿＿
＿＿＿＿＿＿＿＿＿＿
＿＿＿＿＿＿＿＿＿＿
＿＿＿＿＿＿＿＿＿＿
＿＿＿＿＿＿＿＿＿＿
＿＿＿＿＿＿＿＿＿＿
＿■＿＿＿＿＿＿＿＿
＿■＿＿＿＿＿＿＿＿
□■■□□□□＿＿□
□□□□□□□□＿□
□□□□＿□□＿□□
□□□□□□□＿□□
□□□□□□□□□＿
□□□□□□□□□＿
00:19:30(35111f):field(35110f)
＿＿＿＿＿＿＿＿＿＿
＿＿＿＿＿＿＿＿＿＿
＿＿＿＿＿＿＿＿＿＿
＿＿＿＿＿＿＿＿＿＿
＿＿＿＿＿＿＿＿＿＿
＿＿＿＿＿＿＿＿＿＿
＿＿＿＿＿＿＿＿＿＿
＿＿＿＿＿＿＿＿＿＿
＿＿＿＿＿＿＿＿＿＿
＿＿＿＿＿＿＿＿＿＿
＿＿＿＿＿＿＿＿＿＿
＿＿＿＿＿＿＿＿＿＿
＿◆＿＿＿＿＿＿＿＿
＿◆＿■＿＿＿＿＿＿
◆□◆◆◆◆□■＿◆
◆□◆□□□◆□■◆
□□□□■□□■□□
□□□□□□□■□□
□□□□□□□□□＿
□□□□□□□□□＿
00:19:30(35124f):field(35123f)
＿＿＿＿＿＿＿＿＿＿
＿＿＿＿＿＿＿＿＿＿
＿＿＿＿＿＿＿＿＿＿
＿＿＿＿＿＿＿＿＿＿
＿＿＿＿＿＿＿＿＿＿
＿＿＿＿＿＿＿＿＿＿
＿＿＿＿＿＿＿＿＿＿
＿＿＿＿＿＿＿＿＿＿
＿＿＿＿＿＿＿＿＿＿
＿＿＿＿＿＿＿＿＿＿
＿＿＿＿＿＿＿＿＿＿
＿＿＿＿＿＿＿＿＿＿
＿＿＿＿＿＿＿＿＿＿
＿＿＿◆■＿＿＿＿＿
＿□＿＿■＿◆◆＿＿
＿□＿◆□◆＿□◆＿
□□□□□□□◆□□
□□□□□□□◆□□
□□□□□□□□□＿
□□□□□□□□□＿
00:19:31(35134f):field(35133f)
＿＿＿＿＿＿＿＿＿＿
＿＿＿＿＿＿＿＿＿＿
＿＿＿＿＿＿＿＿＿＿
＿＿＿＿＿＿＿＿＿＿
＿＿＿＿＿＿＿＿＿＿
＿＿＿＿＿＿＿＿＿＿
＿＿＿＿＿＿＿＿＿＿
＿＿＿＿＿＿＿＿＿＿
＿＿＿＿＿＿＿＿＿＿
＿＿＿＿＿＿＿＿＿＿
＿＿＿＿＿＿＿＿＿＿
＿＿＿＿＿＿＿＿＿＿
＿＿＿＿＿＿＿＿＿＿
＿＿＿■□＿＿＿＿＿
＿□＿■□＿＿＿＿＿
＿□■■□＿＿□＿＿
□□□□□□□＿□□
□□□□□□□＿□□
□□□□□□□□□＿
□□□□□□□□□＿
00:19:31(35151f):field(35150f)
＿＿＿＿＿＿＿＿＿＿
＿＿＿＿＿＿＿＿＿＿
＿＿＿＿＿＿＿＿＿＿
＿＿＿＿＿＿＿＿＿＿
＿＿＿＿＿＿＿＿＿＿
＿＿＿＿＿＿＿＿＿＿
＿＿＿＿＿＿＿＿＿＿
＿＿＿＿＿＿＿＿＿＿
＿＿＿＿＿＿＿＿＿＿
＿＿＿＿＿＿＿＿＿＿
＿＿＿＿＿＿＿＿＿＿
＿＿＿＿＿＿＿＿＿＿
＿＿＿＿＿＿＿＿＿＿
＿＿＿□□＿＿＿＿＿
＿□＿□□＿＿■■＿
＿□□□□＿＿□■■
□□□□□□□＿□□
□□□□□□□＿□□
□□□□□□□□□＿
□□□□□□□□□＿
00:19:32(35161f):field(35160f)
＿＿＿＿＿＿＿＿＿＿
＿＿＿＿＿＿＿＿＿＿
＿＿＿＿＿＿＿＿＿＿
＿＿＿＿＿＿＿＿＿＿
＿＿＿＿＿＿＿＿＿＿
＿＿＿＿＿＿＿＿＿＿
＿＿＿＿＿＿＿＿＿＿
＿＿＿＿＿＿＿＿＿＿
＿＿＿＿＿＿＿＿＿＿
＿＿＿＿＿＿＿＿＿＿
＿＿＿＿＿＿＿＿＿＿
＿＿＿＿＿＿＿＿＿＿
＿＿＿＿＿＿＿＿＿＿
＿＿＿□□■＿＿＿＿
＿□＿□□■＿□□＿
＿□□□□■■□□□
□□□□□□□＿□□
□□□□□□□＿□□
□□□□□□□□□＿
□□□□□□□□□＿
00:19:32(35174f):field(35173f)
＿＿＿＿＿＿＿＿＿＿
＿＿＿＿＿＿＿＿＿＿
＿＿＿＿＿＿＿＿＿＿
＿＿＿＿＿＿＿＿＿＿
＿＿＿＿＿＿＿＿＿＿
＿＿＿＿＿＿＿＿＿＿
＿＿＿＿＿＿＿＿＿＿
＿＿＿＿＿＿＿＿＿＿
＿＿＿＿＿＿＿＿＿＿
＿＿＿＿＿＿＿＿＿＿
＿＿＿＿＿＿＿＿＿＿
＿＿＿＿＿＿＿＿＿＿
＿＿＿＿＿＿■＿＿＿
＿＿＿□□□■■＿＿
＿□＿□□□■□□＿
＿□□□□□□□□□
□□□□□□□＿□□
□□□□□□□＿□□
□□□□□□□□□＿
□□□□□□□□□＿
00:19:32(35187f):field(35186f)
＿＿＿＿＿＿＿＿＿＿
＿＿＿＿＿＿＿＿＿＿
＿＿＿＿＿＿＿＿＿＿
＿＿＿＿＿＿＿＿＿＿
＿＿＿＿＿＿＿＿＿＿
＿＿＿＿＿＿＿＿＿＿
＿＿＿＿＿＿＿＿＿＿
＿＿＿＿＿＿＿＿＿＿
＿＿＿＿＿＿＿＿＿＿
＿＿＿＿＿＿＿＿＿＿
＿＿＿＿＿＿＿＿＿＿
＿＿■＿＿＿＿＿＿＿
＿＿■＿＿＿□＿＿＿
＿＿■□□□□□＿＿
＿□■□□□□□□＿
＿□□□□□□□□□
□□□□□□□＿□□
□□□□□□□＿□□
□□□□□□□□□＿
□□□□□□□□□＿
00:19:33(35199f):field(35198f)
＿＿＿＿＿＿＿＿＿＿
＿＿＿＿＿＿＿＿＿＿
＿＿＿＿＿＿＿＿＿＿
＿＿＿＿＿＿＿＿＿＿
＿＿＿＿＿＿＿＿＿＿
＿＿＿＿＿＿＿＿＿＿
＿＿＿＿＿＿＿＿＿＿
＿＿＿＿＿＿＿＿＿＿
＿＿＿＿＿＿＿＿＿＿
＿＿＿＿＿＿＿＿＿＿
＿＿＿＿＿＿＿＿＿＿
＿＿□■＿＿＿＿＿＿
＿＿□■■■□＿＿＿
＿＿□□□□□□＿＿
＿□□□□□□□□＿
＿□□□□□□□□□
□□□□□□□＿□□
□□□□□□□＿□□
□□□□□□□□□＿
□□□□□□□□□＿
00:19:33(35211f):field(35210f)
＿＿＿＿＿＿＿＿＿＿
＿＿＿＿＿＿＿＿＿＿
＿＿＿＿＿＿＿＿＿＿
＿＿＿＿＿＿＿＿＿＿
＿＿＿＿＿＿＿＿＿＿
＿＿＿＿＿＿＿＿＿＿
＿＿＿＿＿＿＿＿＿＿
＿＿＿＿＿＿＿＿＿＿
＿＿＿＿＿＿＿＿＿＿
＿＿＿＿＿＿＿＿＿＿
＿＿＿■■＿＿＿＿＿
＿＿□□■■＿＿＿＿
＿＿□□□□□＿＿＿
＿＿□□□□□□＿＿
＿□□□□□□□□＿
＿□□□□□□□□□
□□□□□□□＿□□
□□□□□□□＿□□
□□□□□□□□□＿
□□□□□□□□□＿
00:19:34(35222f):field(35221f)
＿＿＿＿＿＿＿＿＿＿
＿＿＿＿＿＿＿＿＿＿
＿＿＿＿＿＿＿＿＿＿
＿＿＿＿＿＿＿＿＿＿
＿＿＿＿＿＿＿＿＿＿
＿＿＿＿＿＿＿＿＿＿
＿＿＿＿＿＿＿＿＿＿
＿＿＿＿＿＿＿＿＿＿
＿＿＿＿＿＿＿＿＿＿
＿＿■■■＿＿＿＿＿
＿＿■□□＿＿＿＿＿
＿＿□□□□＿＿＿＿
＿＿□□□□□＿＿＿
＿＿□□□□□□＿＿
＿□□□□□□□□＿
＿□□□□□□□□□
□□□□□□□＿□□
□□□□□□□＿□□
□□□□□□□□□＿
□□□□□□□□□＿
00:19:34(35233f):field(35232f)
＿＿＿＿＿＿＿＿＿＿
＿＿＿＿＿＿＿＿＿＿
＿＿＿＿＿＿＿＿＿＿
＿＿＿＿＿＿＿＿＿＿
＿＿＿＿＿＿＿＿＿＿
＿＿＿＿＿＿＿＿＿＿
＿＿＿＿＿＿＿＿＿＿
＿＿＿＿＿＿＿＿＿＿
＿＿＿＿＿＿＿＿＿＿
＿＿□□□＿＿＿＿＿
＿＿□□□＿＿＿＿＿
＿＿□□□□＿＿＿＿
＿＿□□□□□＿■■
＿＿□□□□□□■■
＿□□□□□□□□＿
＿□□□□□□□□□
□□□□□□□＿□□
□□□□□□□＿□□
□□□□□□□□□＿
□□□□□□□□□＿
00:19:34(35246f):field(35245f)
＿＿＿＿＿＿＿＿＿＿
＿＿＿＿＿＿＿＿＿＿
＿＿＿＿＿＿＿＿＿＿
＿＿＿＿＿＿＿＿＿＿
＿＿＿＿＿＿＿＿＿＿
＿＿＿＿＿＿＿＿＿＿
＿＿＿＿＿＿＿＿＿＿
＿＿＿＿＿＿＿＿＿＿
＿＿＿＿＿＿＿＿＿＿
＿＿□□□＿＿＿＿＿
＿＿□□□＿＿＿■＿
＿＿□□□□＿■■＿
＿＿□□□□□■□□
＿＿□□□□□□□□
＿□□□□□□□□＿
＿□□□□□□□□□
□□□□□□□＿□□
□□□□□□□＿□□
□□□□□□□□□＿
□□□□□□□□□＿
00:19:35(35257f):field(35256f)
＿＿＿＿＿＿＿＿＿＿
＿＿＿＿＿＿＿＿＿＿
＿＿＿＿＿＿＿＿＿＿
＿＿＿＿＿＿＿＿＿＿
＿＿＿＿＿＿＿＿＿＿
＿＿＿＿＿＿＿＿＿＿
＿＿＿＿＿＿＿＿＿＿
＿＿＿＿＿＿＿＿＿＿
＿＿＿＿＿＿＿＿＿＿
＿＿□□□■＿＿＿＿
＿＿□□□■■＿□＿
＿＿□□□□■□□＿
＿＿□□□□□□□□
＿＿□□□□□□□□
＿□□□□□□□□＿
＿□□□□□□□□□
□□□□□□□＿□□
□□□□□□□＿□□
□□□□□□□□□＿
□□□□□□□□□＿
00:19:35(35273f):field(35272f)
＿＿＿＿＿＿＿＿＿＿
＿＿＿＿＿＿＿＿＿＿
＿＿＿＿＿＿＿＿＿＿
＿＿＿＿＿＿＿＿＿＿
＿＿＿＿＿＿＿＿＿＿
＿＿＿＿＿＿＿＿＿＿
＿＿＿＿＿＿＿＿＿＿
＿＿＿＿＿＿＿＿＿＿
＿＿＿＿＿＿＿＿＿＿
＿＿◆◆◆◆＿＿＿＿
＿＿□□□□◆＿◆＿
＿＿□□□□□◆□＿
＿＿□□□□□□□◆
■＿□□□□□□□□
■◆□□□□□□□■
■□□□□□□□□◆
□□□□□□□＿□□
□□□□□□□＿□□
□□□□□□□□□＿
□□□□□□□□□＿
00:19:36(35285f):field(35284f)
＿＿＿＿＿＿＿＿＿＿
＿＿＿＿＿＿＿＿＿＿
＿＿＿＿＿＿＿＿＿＿
＿＿＿＿＿＿＿＿＿＿
＿＿＿＿＿＿＿＿＿＿
＿＿＿＿＿＿＿＿＿＿
＿＿＿＿＿＿＿＿＿＿
＿＿＿＿＿＿＿＿＿＿
＿＿＿＿＿＿＿＿＿＿
＿＿＿＿＿＿＿＿＿＿
＿＿◆◆◆◆＿＿＿＿
＿＿◆◆◆◆◆＿◆＿
＿＿□□□□◆◆◆＿
□■□□□□□◆□□
□■□□□□□□□◆
□□□□□□□□□＿
□□□□□□□＿□□
□□□□□□□＿□□
□□□□□□□□□＿
□□□□□□□□□＿
00:19:36(35296f):field(35295f)
＿＿＿＿＿＿＿＿＿＿
＿＿＿＿＿＿＿＿＿＿
＿＿＿＿＿＿＿＿＿＿
＿＿＿＿＿＿＿＿＿＿
＿＿＿＿＿＿＿＿＿＿
＿＿＿＿＿＿＿＿＿＿
＿＿＿＿＿＿＿＿＿＿
＿＿＿＿＿＿＿＿＿＿
＿＿＿＿＿＿＿＿＿＿
＿＿＿＿＿＿＿＿＿＿
＿＿＿＿＿＿＿＿＿＿
＿＿＿＿■■■＿＿＿
＿＿□□□□■＿＿＿
◆◆□□□□□＿□◆
□□□□□□□□□＿
□□□□□□□□□＿
□□□□□□□＿□□
□□□□□□□＿□□
□□□□□□□□□＿
□□□□□□□□□＿
00:19:37(35311f):field(35310f)
＿＿＿＿＿＿＿＿＿＿
＿＿＿＿＿＿＿＿＿＿
＿＿＿＿＿＿＿＿＿＿
＿＿＿＿＿＿＿＿＿＿
＿＿＿＿＿＿＿＿＿＿
＿＿＿＿＿＿＿＿＿＿
＿＿＿＿＿＿＿＿＿＿
＿＿＿＿＿＿＿＿＿＿
＿＿＿＿＿＿＿＿＿＿
＿＿＿＿＿＿＿＿＿＿
＿＿＿＿＿＿＿＿＿＿
＿＿＿＿□□□＿■＿
＿＿□□□□□■■＿
＿＿□□□□□■□＿
□□□□□□□□□＿
□□□□□□□□□＿
□□□□□□□＿□□
□□□□□□□＿□□
□□□□□□□□□＿
□□□□□□□□□＿
00:19:37(35324f):field(35323f)
＿＿＿＿＿＿＿＿＿＿
＿＿＿＿＿＿＿＿＿＿
＿＿＿＿＿＿＿＿＿＿
＿＿＿＿＿＿＿＿＿＿
＿＿＿＿＿＿＿＿＿＿
＿＿＿＿＿＿＿＿＿＿
＿＿＿＿＿＿＿＿＿＿
＿＿＿＿＿＿＿＿＿＿
＿＿＿＿＿＿＿＿＿＿
＿＿＿＿＿＿＿■＿＿
＿＿＿＿＿＿■■＿＿
＿＿＿＿□□□■□＿
＿＿□□□□□□□＿
＿＿□□□□□□□＿
□□□□□□□□□＿
□□□□□□□□□＿
□□□□□□□＿□□
□□□□□□□＿□□
□□□□□□□□□＿
□□□□□□□□□＿
00:19:37(35337f):field(35336f)
＿＿＿＿＿＿＿＿＿＿
＿＿＿＿＿＿＿＿＿＿
＿＿＿＿＿＿＿＿＿＿
＿＿＿＿＿＿＿＿＿＿
＿＿＿＿＿＿＿＿＿＿
＿＿＿＿＿＿＿＿＿＿
＿＿＿＿＿＿＿＿＿＿
＿＿＿＿＿＿＿＿＿＿
＿＿＿＿＿＿＿＿＿＿
＿＿＿＿＿＿＿□＿＿
＿＿＿＿＿＿□□＿＿
＿＿＿＿□□□□□＿
■■□□□□□□□＿
■■□□□□□□□＿
□□□□□□□□□＿
□□□□□□□□□＿
□□□□□□□＿□□
□□□□□□□＿□□
□□□□□□□□□＿
□□□□□□□□□＿
00:19:38(35349f):field(35348f)
＿＿＿＿＿＿＿＿＿＿
＿＿＿＿＿＿＿＿＿＿
＿＿＿＿＿＿＿＿＿＿
＿＿＿＿＿＿＿＿＿＿
＿＿＿＿＿＿＿＿＿＿
＿＿＿＿＿＿＿＿＿＿
＿＿＿＿＿＿＿＿＿＿
＿＿＿＿＿＿＿＿＿＿
＿＿＿＿＿＿＿＿＿＿
＿＿＿＿＿■■□＿＿
＿＿＿＿■■□□＿＿
＿＿＿＿□□□□□＿
□□□□□□□□□＿
□□□□□□□□□＿
□□□□□□□□□＿
□□□□□□□□□＿
□□□□□□□＿□□
□□□□□□□＿□□
□□□□□□□□□＿
□□□□□□□□□＿
00:19:38(35362f):field(35361f)
＿＿＿＿＿＿＿＿＿＿
＿＿＿＿＿＿＿＿＿＿
＿＿＿＿＿＿＿＿＿＿
＿＿＿＿＿＿＿＿＿＿
＿＿＿＿＿＿＿＿＿＿
＿＿＿＿＿＿＿＿＿＿
＿＿＿＿＿＿＿＿＿＿
＿＿＿＿＿＿＿＿＿＿
＿＿＿＿＿＿＿＿＿＿
＿＿＿＿＿◆◆◆＿＿
＿＿＿＿◆◆◆◆＿＿
＿＿＿＿◆□◆◆◆＿
□◆◆□◆◆□◆□＿
◆□◆◆□□□□◆■
◆□□□□□□□◆＿
□◆□□□□□□□■
□□□□□□□＿□□
□□□□□□□■□□
□□□□□□□□□＿
□□□□□□□□□＿
00:19:39(35372f):field(35371f)
＿＿＿＿＿＿＿＿＿＿
＿＿＿＿＿＿＿＿＿＿
＿＿＿＿＿＿＿＿＿＿
＿＿＿＿＿＿＿＿＿＿
＿＿＿＿＿＿＿＿＿＿
＿＿＿＿＿＿＿＿＿＿
＿＿＿＿＿＿＿＿＿＿
＿＿＿＿＿＿＿＿＿＿
＿＿＿＿＿＿＿＿＿＿
＿＿＿＿＿＿＿＿＿＿
＿＿＿＿＿＿＿＿＿＿
＿＿＿＿＿□＿＿＿＿
◆＿＿◆■■◆＿◆＿
＿◆＿＿□□□□＿◆
＿◆◆◆□□□□＿＿
◆＿◆◆□□□□□◆
□□□□□□□＿□□
□□□□□□□◆□□
□□□□□□□□□＿
□□□□□□□□□＿
00:19:39(35388f):field(35387f)
＿＿＿＿＿＿＿＿＿＿
＿＿＿＿＿＿＿＿＿＿
＿＿＿＿＿＿＿＿＿＿
＿＿＿＿＿＿＿＿＿＿
＿＿＿＿＿＿＿＿＿＿
＿＿＿＿＿＿＿＿＿＿
＿＿＿＿＿＿＿＿＿＿
＿＿＿＿＿＿＿＿＿＿
＿＿＿＿＿＿＿＿＿＿
＿＿＿＿＿＿＿＿＿＿
＿＿＿＿＿＿＿＿＿＿
＿＿＿＿＿□＿＿＿＿
＿＿＿＿□□＿＿＿＿
■＿＿＿□□□□＿＿
■＿＿＿□□□□＿＿
■■＿＿□□□□□＿
□□□□□□□＿□□
□□□□□□□＿□□
□□□□□□□□□＿
□□□□□□□□□＿
00:19:39(35398f):field(35397f)
＿＿＿＿＿＿＿＿＿＿
＿＿＿＿＿＿＿＿＿＿
＿＿＿＿＿＿＿＿＿＿
＿＿＿＿＿＿＿＿＿＿
＿＿＿＿＿＿＿＿＿＿
＿＿＿＿＿＿＿＿＿＿
＿＿＿＿＿＿＿＿＿＿
＿＿＿＿＿＿＿＿＿＿
＿＿＿＿＿＿＿＿＿＿
＿＿＿＿＿＿＿＿＿＿
＿＿＿＿＿＿＿＿＿＿
＿＿＿＿＿□＿＿＿＿
＿＿＿＿□□＿＿＿＿
□＿＿■□□□□＿＿
□＿＿■□□□□＿＿
□□■■□□□□□＿
□□□□□□□＿□□
□□□□□□□＿□□
□□□□□□□□□＿
□□□□□□□□□＿
00:19:40(35410f):field(35409f)
＿＿＿＿＿＿＿＿＿＿
＿＿＿＿＿＿＿＿＿＿
＿＿＿＿＿＿＿＿＿＿
＿＿＿＿＿＿＿＿＿＿
＿＿＿＿＿＿＿＿＿＿
＿＿＿＿＿＿＿＿＿＿
＿＿＿＿＿＿＿＿＿＿
＿＿＿＿＿＿＿＿＿＿
＿＿＿＿＿＿＿＿＿＿
＿＿＿＿＿＿＿＿＿＿
＿＿＿■＿＿＿＿＿＿
＿＿＿■■□＿＿＿＿
＿＿＿■□□＿＿＿＿
□＿＿□□□□□＿＿
□＿＿□□□□□＿＿
□□□□□□□□□＿
□□□□□□□＿□□
□□□□□□□＿□□
□□□□□□□□□＿
□□□□□□□□□＿
00:19:40(35420f):field(35419f)
＿＿＿＿＿＿＿＿＿＿
＿＿＿＿＿＿＿＿＿＿
＿＿＿＿＿＿＿＿＿＿
＿＿＿＿＿＿＿＿＿＿
＿＿＿＿＿＿＿＿＿＿
＿＿＿＿＿＿＿＿＿＿
＿＿＿＿＿＿＿＿＿＿
＿＿＿＿＿＿＿＿＿＿
＿＿＿■＿＿＿＿＿＿
＿＿＿■■＿＿＿＿＿
＿＿＿□■＿＿＿＿＿
＿＿＿□□□＿＿＿＿
＿＿＿□□□＿＿＿＿
□＿＿□□□□□＿＿
□＿＿□□□□□＿＿
□□□□□□□□□＿
□□□□□□□＿□□
□□□□□□□＿□□
□□□□□□□□□＿
□□□□□□□□□＿
00:19:41(35438f):field(35437f)
＿＿＿＿＿＿＿＿＿＿
＿＿＿＿＿＿＿＿＿＿
＿＿＿＿＿＿＿＿＿＿
＿＿＿＿＿＿＿＿＿＿
＿＿＿＿＿＿＿＿＿＿
＿＿＿＿＿＿＿＿＿＿
＿＿＿＿＿＿＿＿＿＿
＿＿＿＿＿＿＿＿＿＿
＿＿＿□＿＿＿＿＿＿
＿＿＿□□＿＿＿＿＿
＿＿＿□□＿＿＿＿＿
＿＿＿□□□■■＿＿
＿＿＿□□□■■＿＿
□＿＿□□□□□＿＿
□＿＿□□□□□＿＿
□□□□□□□□□＿
□□□□□□□＿□□
□□□□□□□＿□□
□□□□□□□□□＿
□□□□□□□□□＿
00:19:41(35447f):field(35446f)
＿＿＿＿＿＿＿＿＿＿
＿＿＿＿＿＿＿＿＿＿
＿＿＿＿＿＿＿＿＿＿
＿＿＿＿＿＿＿＿＿＿
＿＿＿＿＿＿＿＿＿＿
＿＿＿＿＿＿＿＿＿＿
＿＿＿＿＿＿＿＿＿＿
＿＿＿■■＿＿＿＿＿
＿＿＿□■■＿＿＿＿
＿＿＿□□＿＿＿＿＿
＿＿＿□□＿＿＿＿＿
＿＿＿□□□□□＿＿
＿＿＿□□□□□＿＿
□＿＿□□□□□＿＿
□＿＿□□□□□＿＿
□□□□□□□□□＿
□□□□□□□＿□□
□□□□□□□＿□□
□□□□□□□□□＿
□□□□□□□□□＿
00:19:42(35460f):field(35459f)
＿＿＿＿＿＿＿＿＿＿
＿＿＿＿＿＿＿＿＿＿
＿＿＿＿＿＿＿＿＿＿
＿＿＿＿＿＿＿＿＿＿
＿＿＿＿＿＿＿＿＿＿
＿＿＿＿＿＿＿＿＿＿
＿＿＿＿＿＿＿＿＿＿
＿＿＿◆◆＿＿＿＿＿
＿＿＿□□◆＿＿＿＿
＿＿＿□□■＿＿＿＿
＿＿＿□□＿＿＿＿＿
＿＿＿□□◆◆◆＿＿
＿＿＿□□□□□＿＿
◆＿＿□□□□□＿■
□＿＿□□□□□＿■
□◆□□□□□□◆■
□□□□□□□＿□□
□□□□□□□＿□□
□□□□□□□□□＿
□□□□□□□□□＿
00:19:42(35480f):field(35479f)
＿＿＿＿＿＿＿＿＿＿
＿＿＿＿＿＿＿＿＿＿
＿＿＿＿＿＿＿＿＿＿
＿＿＿＿＿＿＿＿＿＿
＿＿＿＿＿＿＿＿＿＿
＿＿＿＿＿＿＿＿＿＿
＿＿＿＿＿＿＿＿＿＿
＿＿＿＿＿＿＿＿＿＿
＿＿＿□□＿＿＿＿＿
＿＿＿□□□■＿＿＿
＿＿＿□□＿■■＿＿
＿＿＿□□＿■＿＿＿
＿＿＿□□□□□＿＿
＿＿＿□□□□□＿□
□＿＿□□□□□＿□
□＿◆□□□□□＿□
□□□□□□□＿□□
□□□□□□□＿□□
□□□□□□□□□＿
□□□□□□□□□＿
00:19:43(35491f):field(35490f)
＿＿＿＿＿＿＿＿＿＿
＿＿＿＿＿＿＿＿＿＿
＿＿＿＿＿＿＿＿＿＿
＿＿＿＿＿＿＿＿＿＿
＿＿＿＿＿＿＿＿＿＿
＿＿＿＿＿＿＿＿＿＿
＿＿＿＿■＿＿＿＿＿
＿＿＿＿■■＿＿＿＿
＿＿＿□□■＿＿＿＿
＿＿＿□□□□＿＿＿
＿＿＿□□＿□□＿＿
＿＿＿□□＿□＿＿＿
＿＿＿□□□□□＿＿
＿＿＿□□□□□＿□
□＿＿□□□□□＿□
□＿＿□□□□□＿□
□□□□□□□＿□□
□□□□□□□＿□□
□□□□□□□□□＿
□□□□□□□□□＿
00:19:43(35503f):field(35502f)
＿＿＿＿＿＿＿＿＿＿
＿＿＿＿＿＿＿＿＿＿
＿＿＿＿＿＿＿＿＿＿
＿＿＿＿＿＿＿＿＿＿
＿＿＿＿＿＿＿＿＿＿
＿＿＿＿＿＿＿＿＿＿
＿＿＿＿□＿＿＿＿＿
＿＿＿＿□□＿＿＿＿
＿＿＿□□□＿＿＿＿
＿＿＿□□□□＿＿＿
＿＿＿□□＿□□＿＿
＿＿＿□□＿□＿＿＿
＿＿＿□□□□□＿＿
＿＿＿□□□□□＿□
□■■□□□□□＿□
□■■□□□□□＿□
□□□□□□□＿□□
□□□□□□□＿□□
□□□□□□□□□＿
□□□□□□□□□＿
00:19:43(35515f):field(35514f)
＿＿＿＿＿＿＿＿＿＿
＿＿＿＿＿＿＿＿＿＿
＿＿＿＿＿＿＿＿＿＿
＿＿＿＿＿＿＿＿＿＿
＿＿＿＿＿＿＿＿＿＿
＿＿＿＿＿＿＿＿＿＿
＿＿＿＿□＿＿＿＿＿
＿＿＿＿□□＿＿＿＿
＿＿＿□□□＿＿＿＿
＿＿＿□□□□＿＿＿
＿＿＿□□＿□□＿＿
＿＿＿□□＿□＿＿＿
＿＿■□□□□□＿＿
■■■□□□□□＿□
□□□□□□□□＿□
□□□□□□□□＿□
□□□□□□□＿□□
□□□□□□□＿□□
□□□□□□□□□＿
□□□□□□□□□＿
00:19:44(35530f):field(35529f)
＿＿＿＿＿＿＿＿＿＿
＿＿＿＿＿＿＿＿＿＿
＿＿＿＿＿＿＿＿＿＿
＿＿＿＿＿＿＿＿＿＿
＿＿＿＿＿＿＿＿＿＿
＿＿＿＿＿＿＿＿＿＿
＿＿＿＿◆＿＿＿＿＿
＿＿＿＿◆◆＿＿＿＿
＿＿＿◆□◆＿＿＿＿
＿＿＿◆□□◆＿＿＿
＿＿＿□□■◆◆＿＿
＿＿＿□□■□＿＿＿
＿＿◆□□◆□□＿＿
◆◆□□□□□◆＿◆
□◆□□□□□□■□
□□□□□□□□＿□
□□□□□□□■□□
□□□□□□□＿□□
□□□□□□□□□＿
□□□□□□□□□＿
00:19:44(35544f):field(35543f)
＿＿＿＿＿＿＿＿＿＿
＿＿＿＿＿＿＿＿＿＿
＿＿＿＿＿＿＿＿＿＿
＿＿＿＿＿＿＿＿＿＿
＿＿＿＿＿＿＿＿＿＿
＿＿＿＿＿＿＿＿＿＿
＿＿＿＿＿＿＿＿＿＿
＿＿＿＿＿＿＿＿＿＿
＿＿＿＿□＿＿＿＿＿
＿＿＿＿□□＿＿＿＿
＿＿＿□□□＿＿＿＿
＿＿＿□□□□＿＿■
＿＿＿□□＿□□■■
＿＿◆□□◆□＿■＿
◆＿□□□□□□□□
□□□□□□□□＿□
□□□□□□□◆□□
□□□□□□□＿□□
□□□□□□□□□＿
□□□□□□□□□＿
00:19:45(35559f):field(35558f)
＿＿＿＿＿＿＿＿＿＿
＿＿＿＿＿＿＿＿＿＿
＿＿＿＿＿＿＿＿＿＿
＿＿＿＿＿＿＿＿＿＿
＿＿＿＿＿＿＿＿＿＿
＿＿＿＿＿＿＿＿＿＿
＿＿＿＿＿＿＿＿＿＿
＿＿＿＿＿＿＿＿＿＿
＿＿＿＿□＿＿＿＿＿
＿＿＿＿□□＿＿■＿
＿＿＿□□□＿＿■■
＿＿＿□□□□＿■□
＿＿＿□□＿□□□□
＿＿＿□□＿□＿□＿
＿＿□□□□□□□□
□□□□□□□□＿□
□□□□□□□＿□□
□□□□□□□＿□□
□□□□□□□□□＿
□□□□□□□□□＿
00:19:45(35572f):field(35571f)
＿＿＿＿＿＿＿＿＿＿
＿＿＿＿＿＿＿＿＿＿
＿＿＿＿＿＿＿＿＿＿
＿＿＿＿＿＿＿＿＿＿
＿＿＿＿＿＿＿＿＿＿
＿＿＿＿＿＿＿＿＿＿
＿＿＿＿＿＿＿＿＿＿
＿＿＿＿＿＿＿＿＿＿
＿＿＿＿□＿＿＿＿＿
＿＿＿＿□□＿＿□＿
＿＿＿□□□＿＿□□
■＿＿□□□□＿□□
■＿＿□□＿□□□□
■＿＿□□＿□＿□＿
■＿□□□□□□□□
□□□□□□□□＿□
□□□□□□□＿□□
□□□□□□□＿□□
□□□□□□□□□＿
□□□□□□□□□＿
00:19:46(35584f):field(35583f)
＿＿＿＿＿＿＿＿＿＿
＿＿＿＿＿＿＿＿＿＿
＿＿＿＿＿＿＿＿＿＿
＿＿＿＿＿＿＿＿＿＿
＿＿＿＿＿＿＿＿＿＿
＿＿＿＿＿＿＿＿＿＿
＿＿＿＿＿＿＿＿＿＿
＿＿＿＿＿＿＿＿＿＿
＿＿＿＿□＿＿＿＿＿
＿＿＿＿□□＿＿□＿
＿＿＿□□□＿＿□□
□＿＿□□□□＿□□
□■■□□＿□□□□
□■■□□＿□＿□＿
□＿□□□□□□□□
□□□□□□□□＿□
□□□□□□□＿□□
□□□□□□□＿□□
□□□□□□□□□＿
□□□□□□□□□＿
00:19:46(35599f):field(35598f)
＿＿＿＿＿＿＿＿＿＿
＿＿＿＿＿＿＿＿＿＿
＿＿＿＿＿＿＿＿＿＿
＿＿＿＿＿＿＿＿＿＿
＿＿＿＿＿＿＿＿＿＿
＿＿＿＿＿＿＿＿＿＿
＿＿＿＿■■＿＿＿＿
＿＿＿＿＿■＿＿＿＿
＿＿＿＿□■＿＿＿＿
＿＿＿＿□□＿＿□＿
＿＿＿□□□＿＿□□
□＿＿□□□□＿□□
□□□□□＿□□□□
□□□□□＿□＿□＿
□＿□□□□□□□□
□□□□□□□□＿□
□□□□□□□＿□□
□□□□□□□＿□□
□□□□□□□□□＿
□□□□□□□□□＿
00:19:47(35612f):field(35611f)
＿＿＿＿＿＿＿＿＿＿
＿＿＿＿＿＿＿＿＿＿
＿＿＿＿＿＿＿＿＿＿
＿＿＿＿＿＿＿＿＿＿
＿＿＿＿＿＿＿＿＿＿
＿＿＿＿＿＿＿＿＿＿
＿＿＿＿□□＿＿＿＿
＿＿＿＿＿□＿＿＿＿
＿＿＿＿□□＿＿＿＿
■＿＿＿□□＿＿□＿
■■＿□□□＿＿□□
□■＿□□□□＿□□
□□□□□＿□□□□
□□□□□＿□＿□＿
□＿□□□□□□□□
□□□□□□□□＿□
□□□□□□□＿□□
□□□□□□□＿□□
□□□□□□□□□＿
□□□□□□□□□＿
00:19:47(35624f):field(35623f)
＿＿＿＿＿＿＿＿＿＿
＿＿＿＿＿＿＿＿＿＿
＿＿＿＿＿＿＿＿＿＿
＿＿＿＿＿＿＿＿＿＿
＿＿＿＿＿＿＿＿＿＿
＿＿＿＿＿＿＿＿＿＿
＿＿＿＿□□＿＿＿＿
＿＿＿＿＿□＿＿＿＿
＿＿＿＿□□＿＿＿＿
□＿■■□□＿＿□＿
□□■□□□＿＿□□
□□■□□□□＿□□
□□□□□＿□□□□
□□□□□＿□＿□＿
□＿□□□□□□□□
□□□□□□□□＿□
□□□□□□□＿□□
□□□□□□□＿□□
□□□□□□□□□＿
□□□□□□□□□＿
00:19:47(35638f):field(35637f)
＿＿＿＿＿＿＿＿＿＿
＿＿＿＿＿＿＿＿＿＿
＿＿＿＿＿＿＿＿＿＿
＿＿＿＿＿＿＿＿＿＿
＿＿＿＿＿＿＿＿＿＿
＿＿＿＿＿＿＿＿＿＿
＿＿＿＿◆◆＿＿＿＿
＿＿＿＿■□＿＿＿＿
＿＿＿＿◆□＿＿＿＿
◆＿◆◆□□＿■◆＿
□◆□□□□＿■□◆
□□□□□□◆■□□
□□□□□＿□□□□
□□□□□＿□＿□＿
□＿□□□□□□□□
□□□□□□□□＿□
□□□□□□□＿□□
□□□□□□□＿□□
□□□□□□□□□＿
□□□□□□□□□＿
00:19:48(35653f):field(35652f)
＿＿＿＿＿＿＿＿＿＿
＿＿＿＿＿＿＿＿＿＿
＿＿＿＿＿＿＿＿＿＿
＿＿＿＿＿＿＿＿＿＿
＿＿＿＿＿＿＿＿＿＿
＿＿＿＿＿＿＿＿＿＿
＿＿＿＿＿＿＿＿＿＿
＿＿＿＿□□＿＿＿＿
＿＿＿＿＿□＿■■＿
＿＿＿＿□□＿□■■
□＿□□□□＿□□＿
□□□□□□＿□□□
□□□□□＿□□□□
□□□□□＿□＿□＿
□＿□□□□□□□□
□□□□□□□□＿□
□□□□□□□＿□□
□□□□□□□＿□□
□□□□□□□□□＿
□□□□□□□□□＿
00:19:48(35663f):field(35662f)
＿＿＿＿＿＿＿＿＿＿
＿＿＿＿＿＿＿＿＿＿
＿＿＿＿＿＿＿＿＿＿
＿＿＿＿＿＿＿＿＿＿
＿＿＿＿＿＿＿＿＿＿
＿＿＿＿■■＿＿＿＿
＿＿＿＿■■＿＿＿＿
＿＿＿＿□□＿＿＿＿
＿＿＿＿＿□＿□□＿
＿＿＿＿□□＿□□□
□＿□□□□＿□□＿
□□□□□□＿□□□
□□□□□＿□□□□
□□□□□＿□＿□＿
□＿□□□□□□□□
□□□□□□□□＿□
□□□□□□□＿□□
□□□□□□□＿□□
□□□□□□□□□＿
□□□□□□□□□＿
00:19:49(35678f):field(35677f)
＿＿＿＿＿＿＿＿＿＿
＿＿＿＿＿＿＿＿＿＿
＿＿＿＿＿＿＿＿＿＿
＿＿＿＿＿＿＿＿＿＿
＿＿＿＿＿＿＿＿＿＿
＿＿＿＿□□＿＿＿＿
＿＿＿＿□□＿＿＿＿
＿＿＿＿□□＿＿＿＿
＿＿＿＿＿□＿□□＿
＿■■■□□＿□□□
□■□□□□＿□□＿
□□□□□□＿□□□
□□□□□＿□□□□
□□□□□＿□＿□＿
□＿□□□□□□□□
□□□□□□□□＿□
□□□□□□□＿□□
□□□□□□□＿□□
□□□□□□□□□＿
□□□□□□□□□＿
00:19:49(35698f):field(35697f)
＿＿＿＿＿＿＿＿＿＿
＿＿＿＿＿＿＿＿＿＿
＿＿＿＿＿＿＿＿＿＿
＿＿＿＿＿＿＿＿＿＿
＿＿＿＿＿＿＿＿＿＿
＿＿＿＿□□＿＿＿＿
＿＿＿＿□□＿＿＿＿
＿＿＿■□□＿＿＿＿
＿＿■■■□＿□□＿
＿□□□□□＿□□□
□□□□□□＿□□＿
□□□□□□＿□□□
□□□□□＿□□□□
□□□□□＿□＿□＿
□＿□□□□□□□□
□□□□□□□□＿□
□□□□□□□＿□□
□□□□□□□＿□□
□□□□□□□□□＿
□□□□□□□□□＿
00:19:50(35709f):field(35708f)
＿＿＿＿＿＿＿＿＿＿
＿＿＿＿＿＿＿＿＿＿
＿＿＿＿＿＿＿＿＿＿
＿＿＿＿＿＿＿＿＿＿
＿＿＿＿＿＿＿＿＿＿
＿＿＿＿◆◆＿＿＿＿
＿＿＿＿□□＿＿＿＿
＿＿＿◆□□＿＿＿＿
＿＿◆□□□＿◆◆＿
＿◆□□□□■□□◆
◆□□□□□■□□■
□□□□□□■□□◆
□□□□□＿□□□□
□□□□□■□＿□＿
□＿□□□□□□□□
□□□□□□□□＿□
□□□□□□□＿□□
□□□□□□□＿□□
□□□□□□□□□＿
□□□□□□□□□＿
00:19:50(35724f):field(35723f)
＿＿＿＿＿＿＿＿＿＿
＿＿＿＿＿＿＿＿＿＿
＿＿＿＿＿＿＿＿＿＿
＿＿＿＿＿＿＿＿＿＿
＿＿＿＿＿＿＿＿＿＿
＿＿＿＿＿＿＿＿＿＿
＿＿＿＿□□＿＿＿＿
＿＿＿＿□□＿＿■＿
＿＿＿□□□＿＿■■
＿＿□□□□□□□■
＿□□□□□□□□□
□□□□□□□□□＿
□□□□□＿□□□□
□□□□□◆□＿□＿
□＿□□□□□□□□
□□□□□□□□＿□
□□□□□□□＿□□
□□□□□□□＿□□
□□□□□□□□□＿
□□□□□□□□□＿
00:19:51(35736f):field(35735f)
＿＿＿＿＿＿＿＿＿＿
＿＿＿＿＿＿＿＿＿＿
＿＿＿＿＿＿＿＿＿＿
＿＿＿＿＿＿＿＿＿＿
＿＿＿＿＿＿＿＿＿＿
＿＿＿＿＿＿＿＿＿＿
＿＿＿＿◆◆＿＿＿＿
＿＿＿＿◆◆＿＿◆＿
■＿＿◆□□＿＿□◆
＿■◆□□□□◆□□
■□◆□□□◆□□□
□□□□□□□□□＿
□□□□□＿□□□□
□□□□□＿□＿□＿
□＿□□□□□□□□
□□□□□□□□＿□
□□□□□□□＿□□
□□□□□□□＿□□
□□□□□□□□□＿
□□□□□□□□□＿
00:19:51(35748f):field(35747f)
＿＿＿＿＿＿＿＿＿＿
＿＿＿＿＿＿＿＿＿＿
＿＿＿＿＿＿＿＿＿＿
＿＿＿＿＿＿＿＿＿＿
＿＿＿＿＿＿＿＿＿＿
＿＿＿＿＿＿＿＿＿＿
＿＿＿＿＿＿＿＿＿＿
＿＿＿＿＿＿＿＿＿＿
◆＿＿＿□□＿＿◆＿
＿◆＿◆□□□■□◆
◆□＿□□□■□□□
□□□□□□□□□＿
□□□□□＿□□□□
□□□□□＿□＿□＿
□＿□□□□□□□□
□□□□□□□□＿□
□□□□□□□＿□□
□□□□□□□＿□□
□□□□□□□□□＿
□□□□□□□□□＿
00:19:51(35758f):field(35757f)
＿＿＿＿＿＿＿＿＿＿
＿＿＿＿＿＿＿＿＿＿
＿＿＿＿＿＿＿＿＿＿
＿＿＿＿＿＿＿＿＿＿
＿＿＿＿＿＿＿＿＿＿
＿＿＿＿＿＿＿＿＿＿
＿＿＿＿＿＿＿＿＿＿
＿＿＿■■■＿＿＿＿
＿＿＿■□□＿＿＿＿
＿＿＿＿□□□□□＿
＿□＿□□□□□□□
□□□□□□□□□＿
□□□□□＿□□□□
□□□□□＿□＿□＿
□＿□□□□□□□□
□□□□□□□□＿□
□□□□□□□＿□□
□□□□□□□＿□□
□□□□□□□□□＿
□□□□□□□□□＿
00:19:52(35774f):field(35773f)
＿＿＿＿＿＿＿＿＿＿
＿＿＿＿＿＿＿＿＿＿
＿＿＿＿＿＿＿＿＿＿
＿＿＿＿＿＿＿＿＿＿
＿＿＿＿＿＿＿＿＿＿
＿＿＿＿＿＿＿＿＿＿
＿＿＿＿＿＿＿＿＿＿
＿＿＿□□□＿＿＿＿
＿＿＿□□□＿＿＿＿
＿■■■□□□□□＿
＿□■□□□□□□□
□□□□□□□□□＿
□□□□□＿□□□□
□□□□□＿□＿□＿
□＿□□□□□□□□
□□□□□□□□＿□
□□□□□□□＿□□
□□□□□□□＿□□
□□□□□□□□□＿
□□□□□□□□□＿
00:19:53(35791f):field(35790f)
＿＿＿＿＿＿＿＿＿＿
＿＿＿＿＿＿＿＿＿＿
＿＿＿＿＿＿＿＿＿＿
＿＿＿＿＿＿＿＿＿＿
＿＿＿＿＿＿＿＿＿＿
＿＿＿＿＿＿＿＿＿＿
＿＿＿＿＿＿＿＿＿＿
＿＿＿◆◆◆＿＿＿＿
■＿＿□□□＿＿＿＿
■□◆□□□◆◆◆■
■□□□□□□□□◆
□□□□□□□□□＿
□□□□□■□□□□
□□□□□＿□＿□＿
□＿□□□□□□□□
□□□□□□□□＿□
□□□□□□□＿□□
□□□□□□□＿□□
□□□□□□□□□＿
□□□□□□□□□＿
00:19:53(35805f):field(35804f)
＿＿＿＿＿＿＿＿＿＿
＿＿＿＿＿＿＿＿＿＿
＿＿＿＿＿＿＿＿＿＿
＿＿＿＿＿＿＿＿＿＿
＿＿＿＿＿＿＿＿＿＿
＿＿＿＿＿＿＿＿＿＿
＿＿＿＿＿＿＿＿＿＿
＿＿＿＿＿＿＿■＿＿
□＿＿□□□■■＿＿
□◆＿□□□■＿＿◆
□□□□□□□□□＿
□□□□□□□□□＿
□□□□□◆□□□□
□□□□□＿□＿□＿
□＿□□□□□□□□
□□□□□□□□＿□
□□□□□□□＿□□
□□□□□□□＿□□
□□□□□□□□□＿
□□□□□□□□□＿
00:19:53(35816f):field(35815f)
＿＿＿＿＿＿＿＿＿＿
＿＿＿＿＿＿＿＿＿＿
＿＿＿＿＿＿＿＿＿＿
＿＿＿＿＿＿＿＿＿＿
＿＿＿＿＿＿＿＿＿＿
＿＿＿＿＿＿＿＿＿＿
＿＿＿＿＿＿＿＿＿＿
＿＿■＿＿＿＿□＿＿
□＿■□□□□□＿＿
□■■□□□□＿＿＿
□□□□□□□□□＿
□□□□□□□□□＿
□□□□□＿□□□□
□□□□□＿□＿□＿
□＿□□□□□□□□
□□□□□□□□＿□
□□□□□□□＿□□
□□□□□□□＿□□
□□□□□□□□□＿
□□□□□□□□□＿
00:19:54(35831f):field(35830f)
＿＿＿＿＿＿＿＿＿＿
＿＿＿＿＿＿＿＿＿＿
＿＿＿＿＿＿＿＿＿＿
＿＿＿＿＿＿＿＿＿＿
＿＿＿＿＿＿＿＿＿＿
＿＿■＿＿＿＿＿＿＿
＿＿■■＿＿＿＿＿＿
＿＿□■＿＿＿□＿＿
□＿□□□□□□＿＿
□□□□□□□＿＿＿
□□□□□□□□□＿
□□□□□□□□□＿
□□□□□＿□□□□
□□□□□＿□＿□＿
□＿□□□□□□□□
□□□□□□□□＿□
□□□□□□□＿□□
□□□□□□□＿□□
□□□□□□□□□＿
□□□□□□□□□＿
00:19:54(35843f):field(35842f)
＿＿＿＿＿＿＿＿＿＿
＿＿＿＿＿＿＿＿＿＿
＿＿＿＿＿＿＿＿＿＿
＿＿＿＿＿＿＿＿＿＿
＿＿＿＿＿＿＿＿＿＿
＿＿□＿＿＿＿＿＿＿
＿＿□□＿■＿＿＿＿
＿＿□□■■■□＿＿
□＿□□□□□□＿＿
□□□□□□□＿＿＿
□□□□□□□□□＿
□□□□□□□□□＿
□□□□□＿□□□□
□□□□□＿□＿□＿
□＿□□□□□□□□
□□□□□□□□＿□
□□□□□□□＿□□
□□□□□□□＿□□
□□□□□□□□□＿
□□□□□□□□□＿
00:19:55(35854f):field(35853f)
＿＿＿＿＿＿＿＿＿＿
＿＿＿＿＿＿＿＿＿＿
＿＿＿＿＿＿＿＿＿＿
＿＿＿＿＿＿＿＿＿＿
＿＿＿■＿＿＿＿＿＿
＿＿□■■＿＿＿＿＿
＿＿□□■□＿＿＿＿
＿＿□□□□□□＿＿
□＿□□□□□□＿＿
□□□□□□□＿＿＿
□□□□□□□□□＿
□□□□□□□□□＿
□□□□□＿□□□□
□□□□□＿□＿□＿
□＿□□□□□□□□
□□□□□□□□＿□
□□□□□□□＿□□
□□□□□□□＿□□
□□□□□□□□□＿
□□□□□□□□□＿
00:19:55(35869f):field(35868f)
＿＿＿＿＿＿＿＿＿＿
＿＿＿＿＿＿＿＿＿＿
＿＿＿＿＿＿＿＿＿＿
＿＿＿＿＿＿＿＿＿＿
＿＿＿◆＿＿＿＿＿＿
＿＿◆◆◆＿＿＿＿＿
＿＿◆□◆◆＿＿＿＿
＿＿□□□◆◆◆＿＿
◆＿□□□□◆◆＿＿
◆◆□□□□□■＿＿
□◆□□□□□□□■
□□□□□□□◆◆■
□□□□□＿□□□□
□□□□□＿□＿□＿
□＿□□□□□□□□
□□□□□□□□＿□
□□□□□□□＿□□
□□□□□□□＿□□
□□□□□□□□□＿
□□□□□□□□□＿
00:19:56(35882f):field(35881f)
＿＿＿＿＿＿＿＿＿＿
＿＿＿＿＿＿＿＿＿＿
＿＿＿＿＿＿＿＿＿＿
＿＿＿＿＿＿＿＿＿＿
＿＿＿＿＿＿＿＿＿＿
＿＿＿＿＿＿＿＿＿＿
＿＿＿□＿＿＿＿＿＿
＿＿□□□＿＿＿＿＿
＿＿□□□□＿＿■■
＿＿□□□□□□■■
□＿□□□□□□◆□
□□□□□□□＿＿□
□□□□□＿□□□□
□□□□□＿□＿□＿
□＿□□□□□□□□
□□□□□□□□＿□
□□□□□□□＿□□
□□□□□□□＿□□
□□□□□□□□□＿
□□□□□□□□□＿
00:19:56(35897f):field(35896f)
＿＿＿＿＿＿＿＿＿＿
＿＿＿＿＿＿＿＿＿＿
＿＿＿＿＿＿＿＿＿＿
＿＿＿＿＿＿＿＿＿＿
＿＿＿＿＿＿＿＿＿＿
＿＿＿＿＿＿＿＿＿＿
＿＿＿□＿＿＿■＿＿
＿＿□□□＿＿■＿＿
＿＿□□□□■■□□
＿＿□□□□□□□□
□＿□□□□□□＿□
□□□□□□□＿＿□
□□□□□＿□□□□
□□□□□＿□＿□＿
□＿□□□□□□□□
□□□□□□□□＿□
□□□□□□□＿□□
□□□□□□□＿□□
□□□□□□□□□＿
□□□□□□□□□＿
00:19:56(35909f):field(35908f)
＿＿＿＿＿＿＿＿＿＿
＿＿＿＿＿＿＿＿＿＿
＿＿＿＿＿＿＿＿＿＿
＿＿＿＿＿＿＿＿＿＿
＿＿＿＿＿＿＿＿＿＿
＿＿＿＿＿＿＿＿＿＿
＿＿＿◆＿＿＿◆＿＿
＿■◆□◆＿＿□＿■
＿＿□□□□◆□□◆
■■□□□□□□□□
□■□□□□□□＿□
□□□□□□□＿＿□
□□□□□＿□□□□
□□□□□＿□＿□＿
□＿□□□□□□□□
□□□□□□□□＿□
□□□□□□□＿□□
□□□□□□□＿□□
□□□□□□□□□＿
□□□□□□□□□＿
00:19:57(35921f):field(35920f)
＿＿＿＿＿＿＿＿＿＿
＿＿＿＿＿＿＿＿＿＿
＿＿＿＿＿＿＿＿＿＿
＿＿＿＿＿＿＿＿＿＿
＿＿＿＿＿＿＿＿＿＿
＿＿＿＿＿＿＿＿＿＿
＿＿＿＿■＿＿＿＿＿
＿◆＿□■■＿□＿◆
＿＿□□□□＿□◆＿
◆□□□□□□□□□
□□□□□□□□＿□
□□□□□□□＿＿□
□□□□□＿□□□□
□□□□□＿□＿□＿
□＿□□□□□□□□
□□□□□□□□＿□
□□□□□□□＿□□
□□□□□□□＿□□
□□□□□□□□□＿
□□□□□□□□□＿
00:19:57(35935f):field(35934f)
＿＿＿＿＿＿＿＿＿＿
＿＿＿＿＿＿＿＿＿＿
＿＿＿＿＿＿＿＿＿＿
＿＿＿＿＿＿＿＿＿＿
＿＿＿＿＿＿＿＿＿＿
＿＿＿＿＿＿■＿＿＿
＿＿＿＿□＿■＿＿＿
＿＿＿□□□■□＿＿
＿＿□□□□■□＿＿
＿□□□□□□□□□
□□□□□□□□＿□
□□□□□□□＿＿□
□□□□□＿□□□□
□□□□□＿□＿□＿
□＿□□□□□□□□
□□□□□□□□＿□
□□□□□□□＿□□
□□□□□□□＿□□
□□□□□□□□□＿
□□□□□□□□□＿
00:19:58(35947f):field(35946f)
＿＿＿＿＿＿＿＿＿＿
＿＿＿＿＿＿＿＿＿＿
＿＿＿＿＿＿＿＿＿＿
＿＿＿＿＿＿＿＿＿＿
＿＿＿＿＿＿＿＿＿＿
＿＿＿＿＿＿◆＿＿＿
＿＿＿＿◆＿□＿＿＿
＿＿＿◆□◆□◆＿＿
＿■◆□□□□□＿＿
■□□□□□□□◆◆
□□□□□□□□＿□
□□□□□□□＿■□
□□□□□＿□□□□
□□□□□＿□＿□＿
□＿□□□□□□□□
□□□□□□□□＿□
□□□□□□□＿□□
□□□□□□□＿□□
□□□□□□□□□＿
□□□□□□□□□＿
00:19:58(35961f):field(35960f)
＿＿＿＿＿＿＿＿＿＿
＿＿＿＿＿＿＿＿＿＿
＿＿＿＿＿＿＿＿＿＿
＿＿＿＿＿＿＿＿＿＿
＿＿＿＿＿＿＿＿＿＿
＿＿＿＿＿＿＿＿＿＿
■■＿＿＿＿□＿＿＿
■■＿＿□＿□＿＿＿
＿□＿□□□□□＿＿
□□□□□□□□＿＿
□□□□□□□□＿□
□□□□□□□＿◆□
□□□□□＿□□□□
□□□□□＿□＿□＿
□＿□□□□□□□□
□□□□□□□□＿□
□□□□□□□＿□□
□□□□□□□＿□□
□□□□□□□□□＿
□□□□□□□□□＿
00:19:59(35971f):field(35970f)
＿＿＿＿＿＿＿＿＿＿
＿＿＿＿＿＿＿＿＿＿
＿＿＿＿＿＿＿＿＿＿
＿＿＿＿＿＿＿＿＿＿
＿＿＿＿＿＿＿＿＿＿
＿＿＿＿＿■■＿＿＿
□□＿＿＿■□＿＿＿
□□＿＿□■□＿＿＿
＿□＿□□□□□＿＿
□□□□□□□□＿＿
□□□□□□□□＿□
□□□□□□□＿＿□
□□□□□＿□□□□
□□□□□＿□＿□＿
□＿□□□□□□□□
□□□□□□□□＿□
□□□□□□□＿□□
□□□□□□□＿□□
□□□□□□□□□＿
□□□□□□□□□＿
00:19:59(35986f):field(35985f)
＿＿＿＿＿＿＿＿＿＿
＿＿＿＿＿＿＿＿＿＿
＿＿＿＿＿＿＿＿＿＿
＿＿＿＿＿＿＿＿＿＿
＿＿＿＿＿＿＿＿＿＿
＿＿＿＿＿□□＿＿＿
□□■＿＿□□＿＿＿
□□■■□□□＿＿＿
＿□■□□□□□＿＿
□□□□□□□□＿＿
□□□□□□□□＿□
□□□□□□□＿＿□
□□□□□＿□□□□
□□□□□＿□＿□＿
□＿□□□□□□□□
□□□□□□□□＿□
□□□□□□□＿□□
□□□□□□□＿□□
□□□□□□□□□＿
□□□□□□□□□＿
00:19:59(35997f):field(35996f)
＿＿＿＿＿＿＿＿＿＿
＿＿＿＿＿＿＿＿＿＿
＿＿＿＿＿＿＿＿＿＿
＿＿＿＿＿＿＿＿＿＿
＿＿＿■＿＿＿＿＿＿
＿＿＿■＿□□＿＿＿
□□□■■□□＿＿＿
□□□□□□□＿＿＿
＿□□□□□□□＿＿
□□□□□□□□＿＿
□□□□□□□□＿□
□□□□□□□＿＿□
□□□□□＿□□□□
□□□□□＿□＿□＿
□＿□□□□□□□□
□□□□□□□□＿□
□□□□□□□＿□□
□□□□□□□＿□□
□□□□□□□□□＿
□□□□□□□□□＿
00:20:00(36010f):field(36009f)
＿＿＿＿＿＿＿＿＿＿
＿＿＿＿＿＿＿＿＿＿
＿＿＿＿＿＿＿＿＿＿
＿＿＿＿＿＿＿＿＿＿
＿＿＿◆＿＿＿＿＿＿
＿＿＿◆＿◆◆＿＿＿
◆◆◆□◆◆◆＿＿＿
◆◆◆□◆□□＿＿＿
■□□□□□□◆＿＿
□□□□□□□□＿■
◆□□□□□□□＿□
□□□□□□□＿■□
□□□□□■□□□□
□□□□□＿□＿□＿
□＿□□□□□□□□
□□□□□□□□＿□
□□□□□□□＿□□
□□□□□□□＿□□
□□□□□□□□□＿
□□□□□□□□□＿
00:20:00(36025f):field(36024f)
＿＿＿＿＿＿＿＿＿＿
＿＿＿＿＿＿＿＿＿＿
＿＿＿＿＿＿＿＿＿＿
＿＿＿＿＿＿＿＿＿＿
＿＿＿＿■＿＿＿＿＿
＿＿＿＿■＿＿＿＿＿
＿＿＿□■＿＿＿＿＿
＿＿＿□■□□＿＿＿
□□□□□□□＿＿＿
□□□□□□□◆＿◆
＿□□□□□□□＿□
□□□□□□□＿◆□
□□□□□◆□□□□
□□□□□＿□＿□＿
□＿□□□□□□□□
□□□□□□□□＿□
□□□□□□□＿□□
□□□□□□□＿□□
□□□□□□□□□＿
□□□□□□□□□＿
00:20:01(36038f):field(36037f)
＿＿＿＿＿＿＿＿＿＿
＿＿＿＿＿＿＿＿＿＿
＿＿＿＿＿＿＿＿＿＿
＿＿＿＿＿＿＿＿＿＿
＿＿＿＿□＿＿＿＿＿
＿＿＿＿□＿＿＿＿＿
＿＿＿□□＿＿＿＿＿
＿＿＿□□□□＿＿＿
□□□□□□□■＿＿
□□□□□□□■■＿
＿□□□□□□□■□
□□□□□□□＿＿□
□□□□□＿□□□□
□□□□□＿□＿□＿
□＿□□□□□□□□
□□□□□□□□＿□
□□□□□□□＿□□
□□□□□□□＿□□
□□□□□□□□□＿
□□□□□□□□□＿
00:20:01(36052f):field(36051f)
＿＿＿＿＿＿＿＿＿＿
＿＿＿＿＿＿＿＿＿＿
＿＿＿＿＿＿＿＿＿＿
＿＿＿＿＿＿＿＿＿＿
＿＿＿＿◆＿＿＿＿＿
＿＿＿＿◆＿＿＿＿＿
＿＿＿◆□＿＿＿＿＿
＿＿＿◆□□◆＿＿＿
◆◆□□□◆□◆＿＿
□□◆□□□□◆◆■
＿□□□□□□□□□
□□□□□□□＿＿□
□□□□□＿□□□□
□□□□□＿□＿□＿
□＿□□□□□□□□
□□□□□□□□＿□
□□□□□□□＿□□
□□□□□□□＿□□
□□□□□□□□□＿
□□□□□□□□□＿
00:20:02(36066f):field(36065f)
＿＿＿＿＿＿＿＿＿＿
＿＿＿＿＿＿＿＿＿＿
＿＿＿＿＿＿＿＿＿＿
＿＿＿＿＿＿＿＿＿＿
＿＿＿＿＿＿＿＿＿＿
＿＿＿■■＿＿＿＿＿
＿＿＿■□＿＿＿＿＿
＿＿＿■□◆＿＿＿＿
＿＿◆□□＿◆＿＿＿
◆◆＿□□□□＿＿□
＿□□□□□□□□□
□□□□□□□＿＿□
□□□□□＿□□□□
□□□□□＿□＿□＿
□＿□□□□□□□□
□□□□□□□□＿□
□□□□□□□＿□□
□□□□□□□＿□□
□□□□□□□□□＿
□□□□□□□□□＿
00:20:02(36078f):field(36077f)
＿＿＿＿＿＿＿＿＿＿
＿＿＿＿＿＿＿＿＿＿
＿＿＿＿＿＿＿＿＿＿
＿＿＿＿＿＿＿＿＿＿
＿＿＿＿＿＿＿＿＿＿
＿＿＿□□＿＿＿＿＿
＿＿＿□□＿＿＿＿＿
＿＿＿□□■■＿＿＿
＿＿＿□□■■＿＿＿
＿＿＿□□□□＿＿□
＿□□□□□□□□□
□□□□□□□＿＿□
□□□□□＿□□□□
□□□□□＿□＿□＿
□＿□□□□□□□□
□□□□□□□□＿□
□□□□□□□＿□□
□□□□□□□＿□□
□□□□□□□□□＿
□□□□□□□□□＿
00:20:03(36090f):field(36089f)
＿＿＿＿＿＿＿＿＿＿
＿＿＿＿＿＿＿＿＿＿
＿＿＿＿＿＿＿＿＿＿
＿＿＿＿＿＿＿＿＿＿
＿＿＿＿＿＿＿＿＿＿
＿＿＿◆◆＿＿＿＿＿
＿＿＿□□＿＿＿＿＿
＿＿＿□□◆◆＿＿＿
＿＿＿□□□□＿＿＿
＿＿＿□□□□＿＿◆
■□□□□□□◆◆□
□□□□□□□■＿□
□□□□□＿□□□□
□□□□□＿□＿□＿
□＿□□□□□□□□
□□□□□□□□＿□
□□□□□□□＿□□
□□□□□□□＿□□
□□□□□□□□□＿
□□□□□□□□□＿
00:20:03(36108f):field(36107f)
＿＿＿＿＿＿＿＿＿＿
＿＿＿＿＿＿＿＿＿＿
＿＿＿＿＿＿＿＿＿＿
＿＿＿＿＿＿＿＿＿＿
＿＿＿＿＿＿＿＿＿＿
＿＿＿＿＿＿＿＿＿＿
＿＿＿□□＿＿＿＿＿
＿＿＿□□＿＿＿＿＿
＿＿＿□□□□■＿＿
＿＿＿□□□□■＿＿
□□□□□□□■＿□
□□□□□□□□＿□
□□□□□＿□□□□
□□□□□＿□＿□＿
□＿□□□□□□□□
□□□□□□□□＿□
□□□□□□□＿□□
□□□□□□□＿□□
□□□□□□□□□＿
□□□□□□□□□＿
00:20:04(36120f):field(36119f)
＿＿＿＿＿＿＿＿＿＿
＿＿＿＿＿＿＿＿＿＿
＿＿＿＿＿＿＿＿＿＿
＿＿＿＿＿＿＿＿＿＿
＿＿＿＿＿＿＿＿＿＿
＿＿＿＿＿＿＿＿＿＿
＿＿＿□□＿＿＿＿＿
＿＿＿□□＿＿＿＿＿
＿■＿□□□□□＿＿
■■■□□□□□＿＿
□□□□□□□□＿□
□□□□□□□□＿□
□□□□□＿□□□□
□□□□□＿□＿□＿
□＿□□□□□□□□
□□□□□□□□＿□
□□□□□□□＿□□
□□□□□□□＿□□
□□□□□□□□□＿
□□□□□□□□□＿
00:20:04(36132f):field(36131f)
＿＿＿＿＿＿＿＿＿＿
＿＿＿＿＿＿＿＿＿＿
＿＿＿＿＿＿＿＿＿＿
＿＿＿＿＿＿＿＿＿＿
＿＿＿＿＿＿＿＿＿＿
＿＿＿＿＿＿＿＿＿＿
＿＿＿◆◆＿＿＿＿＿
＿＿＿◆◆＿＿＿＿＿
＿◆＿◆□◆◆◆＿＿
◆◆□□□□□◆＿＿
□◆◆□□◆□◆■◆
□□◆□□□□□■□
□□□□□■□□□□
□□□□□＿□■□＿
□＿□□□□□□□□
□□□□□□□□＿□
□□□□□□□＿□□
□□□□□□□＿□□
□□□□□□□□□＿
□□□□□□□□□＿
00:20:04(36145f):field(36144f)
＿＿＿＿＿＿＿＿＿＿
＿＿＿＿＿＿＿＿＿＿
＿＿＿＿＿＿＿＿＿＿
＿＿＿＿＿＿＿＿＿＿
＿＿＿＿＿＿＿＿＿＿
＿＿＿＿＿＿＿＿＿＿
＿＿＿＿＿＿＿＿＿＿
＿＿＿＿＿＿＿＿＿＿
＿＿＿＿◆＿＿＿＿＿
＿＿◆□□◆◆＿＿＿
◆＿＿□□＿◆■□＿
◆□＿□□□□□□□
□□□□□◆□□□□
□□□□□＿□◆□＿
□＿□□□□□□□□
□□□□□□□□＿□
□□□□□□□＿□□
□□□□□□□＿□□
□□□□□□□□□＿
□□□□□□□□□＿
00:20:05(36158f):field(36157f)
＿＿＿＿＿＿＿＿＿＿
＿＿＿＿＿＿＿＿＿＿
＿＿＿＿＿＿＿＿＿＿
＿＿＿＿＿＿＿＿＿＿
＿＿＿＿＿＿＿＿＿＿
＿＿＿＿＿＿＿＿＿＿
＿＿＿＿＿＿＿＿＿＿
＿＿＿＿＿＿＿＿＿＿
＿＿＿＿＿＿＿＿＿＿
＿＿＿□□＿■■＿＿
＿＿＿□□■■□□＿
＿□＿□□□□□□□
□□□□□＿□□□□
□□□□□＿□＿□＿
□＿□□□□□□□□
□□□□□□□□＿□
□□□□□□□＿□□
□□□□□□□＿□□
□□□□□□□□□＿
□□□□□□□□□＿
00:20:05(36171f):field(36170f)
＿＿＿＿＿＿＿＿＿＿
＿＿＿＿＿＿＿＿＿＿
＿＿＿＿＿＿＿＿＿＿
＿＿＿＿＿＿＿＿＿＿
＿＿＿＿＿＿＿＿＿＿
＿＿＿＿＿＿＿＿＿＿
＿＿＿＿＿＿＿＿＿＿
＿＿＿＿＿＿＿＿＿＿
■＿＿＿＿＿＿＿＿＿
■＿＿□□＿□□＿＿
■＿＿□□□□□□＿
■□＿□□□□□□□
□□□□□＿□□□□
□□□□□＿□＿□＿
□＿□□□□□□□□
□□□□□□□□＿□
□□□□□□□＿□□
□□□□□□□＿□□
□□□□□□□□□＿
□□□□□□□□□＿
00:20:06(36183f):field(36182f)
＿＿＿＿＿＿＿＿＿＿
＿＿＿＿＿＿＿＿＿＿
＿＿＿＿＿＿＿＿＿＿
＿＿＿＿＿＿＿＿＿＿
＿＿＿＿＿＿＿＿＿＿
＿＿＿＿＿＿＿＿＿＿
＿＿＿＿＿＿＿＿＿＿
＿＿＿＿■■＿＿＿＿
□＿＿＿＿■＿＿＿＿
□＿＿□□■□□＿＿
□＿＿□□□□□□＿
□□＿□□□□□□□
□□□□□＿□□□□
□□□□□＿□＿□＿
□＿□□□□□□□□
□□□□□□□□＿□
□□□□□□□＿□□
□□□□□□□＿□□
□□□□□□□□□＿
□□□□□□□□□＿
00:20:06(36206f):field(36205f)
＿＿＿＿＿＿＿＿＿＿
＿＿＿＿＿＿＿＿＿＿
＿＿＿＿＿＿＿＿＿＿
＿＿＿＿＿＿＿＿＿＿
＿＿＿＿＿＿＿＿＿＿
＿＿＿＿＿＿＿＿＿＿
＿＿＿＿＿＿＿＿＿＿
＿■■■□□＿＿＿＿
□＿＿■＿□＿＿＿＿
□＿＿□□□□□＿＿
□＿＿□□□□□□＿
□□＿□□□□□□□
□□□□□＿□□□□
□□□□□＿□＿□＿
□＿□□□□□□□□
□□□□□□□□＿□
□□□□□□□＿□□
□□□□□□□＿□□
□□□□□□□□□＿
□□□□□□□□□＿
00:20:07(36220f):field(36219f)
＿＿＿＿＿＿＿＿＿＿
＿＿＿＿＿＿＿＿＿＿
＿＿＿＿＿＿＿＿＿＿
＿＿＿＿＿＿＿＿＿＿
＿＿＿＿＿＿＿＿＿＿
＿＿＿＿＿＿＿＿＿＿
＿＿＿＿＿＿＿＿＿＿
＿□□□□□■■＿＿
□＿＿□＿□■■＿＿
□＿＿□□□□□＿＿
□＿＿□□□□□□＿
□□＿□□□□□□□
□□□□□＿□□□□
□□□□□＿□＿□＿
□＿□□□□□□□□
□□□□□□□□＿□
□□□□□□□＿□□
□□□□□□□＿□□
□□□□□□□□□＿
□□□□□□□□□＿
00:20:07(36233f):field(36232f)
＿＿＿＿＿＿＿＿＿＿
＿＿＿＿＿＿＿＿＿＿
＿＿＿＿＿＿＿＿＿＿
＿＿＿＿＿＿＿＿＿＿
＿＿＿＿＿＿＿＿＿＿
＿＿＿＿＿＿＿＿＿＿
＿＿＿＿＿＿＿＿＿＿
＿□□□□□□□＿＿
□＿＿□＿□□□＿■
□＿＿□□□□□■■
□＿＿□□□□□□■
□□＿□□□□□□□
□□□□□＿□□□□
□□□□□＿□＿□＿
□＿□□□□□□□□
□□□□□□□□＿□
□□□□□□□＿□□
□□□□□□□＿□□
□□□□□□□□□＿
□□□□□□□□□＿
00:20:08(36246f):field(36245f)
＿＿＿＿＿＿＿＿＿＿
＿＿＿＿＿＿＿＿＿＿
＿＿＿＿＿＿＿＿＿＿
＿＿＿＿＿＿＿＿＿＿
＿＿＿＿＿＿＿＿＿＿
＿＿＿■■＿＿＿＿＿
＿＿■■＿＿＿＿＿＿
＿□□□□□□□＿＿
□＿＿□＿□□□＿□
□＿＿□□□□□□□
□＿＿□□□□□□□
□□＿□□□□□□□
□□□□□＿□□□□
□□□□□＿□＿□＿
□＿□□□□□□□□
□□□□□□□□＿□
□□□□□□□＿□□
□□□□□□□＿□□
□□□□□□□□□＿
□□□□□□□□□＿
00:20:08(36266f):field(36265f)
＿＿＿＿＿＿＿＿＿＿
＿＿＿＿＿＿＿＿＿＿
＿＿＿＿＿＿＿＿＿＿
＿＿＿＿＿＿＿＿＿＿
＿＿＿＿＿＿＿＿＿＿
＿＿＿□□＿＿＿＿＿
＿＿□□■■■■＿＿
＿□□□□□□□＿＿
□＿＿□＿□□□＿□
□＿＿□□□□□□□
□＿＿□□□□□□□
□□＿□□□□□□□
□□□□□＿□□□□
□□□□□＿□＿□＿
□＿□□□□□□□□
□□□□□□□□＿□
□□□□□□□＿□□
□□□□□□□＿□□
□□□□□□□□□＿
□□□□□□□□□＿
00:20:09(36277f):field(36276f)
＿＿＿＿＿＿＿＿＿＿
＿＿＿＿＿＿＿＿＿＿
＿＿＿＿＿＿＿＿＿＿
＿＿＿＿＿＿＿＿＿＿
＿＿＿＿＿＿＿＿＿＿
＿＿＿□□＿＿＿＿＿
＿＿□□□□□□＿■
＿□□□□□□□■■
□＿＿□＿□□□■□
□＿＿□□□□□□□
□＿＿□□□□□□□
□□＿□□□□□□□
□□□□□＿□□□□
□□□□□＿□＿□＿
□＿□□□□□□□□
□□□□□□□□＿□
□□□□□□□＿□□
□□□□□□□＿□□
□□□□□□□□□＿
□□□□□□□□□＿
00:20:09(36288f):field(36287f)
＿＿＿＿＿＿＿＿＿＿
＿＿＿＿＿＿＿＿＿＿
＿＿＿＿＿＿＿＿＿＿
＿＿＿＿＿＿＿＿＿＿
＿＿＿＿＿■■＿＿＿
＿＿＿□□■■＿＿＿
＿＿□□□□□□＿□
＿□□□□□□□□□
□＿＿□＿□□□□□
□＿＿□□□□□□□
□＿＿□□□□□□□
□□＿□□□□□□□
□□□□□＿□□□□
□□□□□＿□＿□＿
□＿□□□□□□□□
□□□□□□□□＿□
□□□□□□□＿□□
□□□□□□□＿□□
□□□□□□□□□＿
□□□□□□□□□＿
00:20:10(36303f):field(36302f)
＿＿＿＿＿＿＿＿＿＿
＿＿＿＿＿＿＿＿＿＿
＿＿＿＿＿＿＿＿＿＿
＿＿＿＿＿＿＿＿＿＿
＿＿＿＿＿◆◆＿＿＿
＿＿＿◆◆□□＿＿＿
■＿◆□□□□◆＿◆
■□□□□□□□◆□
□＿■□■□□□□□
□＿■□□□□□□□
□＿＿□□□□□□□
□□＿□□□□□□□
□□□□□＿□□□□
□□□□□＿□＿□＿
□＿□□□□□□□□
□□□□□□□□＿□
□□□□□□□＿□□
□□□□□□□＿□□
□□□□□□□□□＿
□□□□□□□□□＿
00:20:10(36314f):field(36313f)
＿＿＿＿＿＿＿＿＿＿
＿＿＿＿＿＿＿＿＿＿
＿＿＿＿＿＿＿＿＿＿
＿＿＿＿＿＿＿＿＿＿
＿＿＿■■＿＿＿＿＿
＿＿＿■■□□＿＿＿
□＿＿□□□□＿＿＿
□□□□□□□□＿□
□＿◆□◆□□□□□
□＿◆□□□□□□□
□＿＿□□□□□□□
□□＿□□□□□□□
□□□□□＿□□□□
□□□□□＿□＿□＿
□＿□□□□□□□□
□□□□□□□□＿□
□□□□□□□＿□□
□□□□□□□＿□□
□□□□□□□□□＿
□□□□□□□□□＿
00:20:10(36328f):field(36327f)
＿＿＿＿＿＿＿＿＿＿
＿＿＿＿＿＿＿＿＿＿
＿＿＿＿＿＿＿＿＿＿
＿＿＿＿＿＿＿＿＿＿
＿＿＿◆◆＿＿＿＿＿
＿＿＿□□◆◆＿＿＿
◆＿＿□□□□■＿＿
□◆□□□□□□■◆
□＿＿□■□□□□□
□＿■□□□□□□□
□＿＿□□□□□□□
□□＿□□□□□□□
□□□□□＿□□□□
□□□□□＿□＿□＿
□＿□□□□□□□□
□□□□□□□□＿□
□□□□□□□＿□□
□□□□□□□＿□□
□□□□□□□□□＿
□□□□□□□□□＿
00:20:11(36342f):field(36341f)
＿＿＿＿＿＿＿＿＿＿
＿＿＿＿＿＿＿＿＿＿
＿＿＿＿＿＿＿＿＿＿
＿＿＿＿＿＿＿＿＿＿
＿＿＿＿＿＿＿＿＿＿
＿＿＿◆◆＿＿＿＿＿
＿＿＿□□◆◆◆＿＿
◆＿◆□□□□□◆＿
□＿＿□□□□□□◆
□＿□□◆□□□□□
□＿■□□□□□□□
□◆■□□□□□□□
□□□□□＿□□□□
□□□□□＿□■□＿
□＿□□□□□□□□
□□□□□□□□＿□
□□□□□□□＿□□
□□□□□□□＿□□
□□□□□□□□□＿
□□□□□□□□□＿
00:20:11(36353f):field(36352f)
＿＿＿＿＿＿＿＿＿＿
＿＿＿＿＿＿＿＿＿＿
＿＿＿＿＿＿＿＿＿＿
＿＿＿＿＿＿＿＿＿＿
＿＿＿＿＿＿＿＿＿＿
＿＿＿＿＿＿＿＿＿＿
＿＿＿◆◆＿＿＿＿＿
＿＿＿□□◆◆◆＿＿
◆＿＿□□□□□◆＿
□■□□■□□□□◆
□■□□◆□□□□□
□＿□□□□□□□□
□□□□□■□□□□
□□□□□＿□◆□＿
□＿□□□□□□□□
□□□□□□□□＿□
□□□□□□□＿□□
□□□□□□□＿□□
□□□□□□□□□＿
□□□□□□□□□＿
00:20:12(36369f):field(36368f)
＿＿＿＿＿＿＿＿＿＿
＿＿＿＿＿＿＿＿＿＿
＿＿＿＿＿＿＿＿＿＿
＿＿＿＿＿＿＿＿＿＿
＿＿＿＿＿＿＿＿＿＿
＿＿＿＿＿＿＿＿＿＿
＿＿＿＿＿＿＿＿＿＿
＿＿＿◆◆＿＿＿＿＿
＿＿＿□□◆◆◆＿■
□◆◆□□□□□□■
□□□□＿□□□□□
□＿□□□□□□□□
□□□□□◆□□□□
□□□□□＿□＿□＿
□＿□□□□□□□□
□□□□□□□□＿□
□□□□□□□＿□□
□□□□□□□＿□□
□□□□□□□□□＿
□□□□□□□□□＿
00:20:12(36382f):field(36381f)
＿＿＿＿＿＿＿＿＿＿
＿＿＿＿＿＿＿＿＿＿
＿＿＿＿＿＿＿＿＿＿
＿＿＿＿＿＿＿＿＿＿
＿＿＿＿＿＿＿＿＿＿
＿＿＿＿＿＿＿＿＿＿
＿＿＿＿＿＿＿＿＿＿
＿＿＿＿＿＿＿＿＿＿
＿＿＿□□■■■■□
◆＿＿□□□□□□□
□□□□＿□□□□□
□＿□□□□□□□□
□□□□□＿□□□□
□□□□□＿□＿□＿
□＿□□□□□□□□
□□□□□□□□＿□
□□□□□□□＿□□
□□□□□□□＿□□
□□□□□□□□□＿
□□□□□□□□□＿
00:20:13(36396f):field(36395f)
＿＿＿＿＿＿＿＿＿＿
＿＿＿＿＿＿＿＿＿＿
＿＿＿＿＿＿＿＿＿＿
＿＿＿＿＿＿＿＿＿＿
＿＿＿＿＿＿＿＿＿＿
＿＿＿＿＿＿＿＿＿＿
＿＿＿＿＿＿＿＿＿＿
＿＿＿＿＿＿＿＿＿＿
■■＿□□□□□□□
＿■■□□□□□□□
□□□□＿□□□□□
□＿□□□□□□□□
□□□□□＿□□□□
□□□□□＿□＿□＿
□＿□□□□□□□□
□□□□□□□□＿□
□□□□□□□＿□□
□□□□□□□＿□□
□□□□□□□□□＿
□□□□□□□□□＿
00:20:13(36407f):field(36406f)
＿＿＿＿＿＿＿＿＿＿
＿＿＿＿＿＿＿＿＿＿
＿＿＿＿＿＿＿＿＿＿
＿＿＿＿＿＿＿＿＿＿
＿＿＿＿＿＿＿＿＿＿
＿＿＿＿＿＿＿＿＿＿
＿＿＿＿＿＿＿＿＿＿
＿■＿＿＿＿＿＿＿■
◆□■◆◆◆◆□◆◆
■□□□□□□□□□
□□□□＿□□□□□
□＿□□□□□□□□
□□□□□＿□□□□
□□□□□＿□＿□＿
□＿□□□□□□□□
□□□□□□□□＿□
□□□□□□□＿□□
□□□□□□□＿□□
□□□□□□□□□＿
□□□□□□□□□＿
00:20:14(36420f):field(36419f)
＿＿＿＿＿＿＿＿＿＿
＿＿＿＿＿＿＿＿＿＿
＿＿＿＿＿＿＿＿＿＿
＿＿＿＿＿＿＿＿＿＿
＿＿＿＿＿＿＿＿＿＿
＿＿＿＿＿＿＿＿＿＿
＿＿＿＿■＿＿＿＿＿
＿□＿＿■＿＿＿＿◆
＿□□■■＿＿◆＿＿
◆□□□□□□□□□
□□□□＿□□□□□
□＿□□□□□□□□
□□□□□＿□□□□
□□□□□＿□＿□＿
□＿□□□□□□□□
□□□□□□□□＿□
□□□□□□□＿□□
□□□□□□□＿□□
□□□□□□□□□＿
□□□□□□□□□＿
00:20:14(36430f):field(36429f)
＿＿＿＿＿＿＿＿＿＿
＿＿＿＿＿＿＿＿＿＿
＿＿＿＿＿＿＿＿＿＿
＿＿＿＿＿＿＿＿＿＿
＿＿＿＿＿＿＿＿＿＿
＿＿＿＿＿＿＿＿＿＿
＿＿＿＿□■＿＿＿＿
＿□＿＿□■＿＿＿＿
＿□□□□■■＿＿＿
＿□□□□□□□□□
□□□□＿□□□□□
□＿□□□□□□□□
□□□□□＿□□□□
□□□□□＿□＿□＿
□＿□□□□□□□□
□□□□□□□□＿□
□□□□□□□＿□□
□□□□□□□＿□□
□□□□□□□□□＿
□□□□□□□□□＿
00:20:14(36446f):field(36445f)
＿＿＿＿＿＿＿＿＿＿
＿＿＿＿＿＿＿＿＿＿
＿＿＿＿＿＿＿＿＿＿
＿＿＿＿＿＿＿＿＿＿
＿＿＿＿＿＿＿＿＿＿
＿＿＿＿＿＿＿＿＿■
＿＿＿＿□□＿＿＿■
＿□＿＿□□＿＿＿■
＿□□□□□□＿＿■
＿□□□□□□□□□
□□□□＿□□□□□
□＿□□□□□□□□
□□□□□＿□□□□
□□□□□＿□＿□＿
□＿□□□□□□□□
□□□□□□□□＿□
□□□□□□□＿□□
□□□□□□□＿□□
□□□□□□□□□＿
□□□□□□□□□＿
00:20:15(36458f):field(36457f)
＿＿＿＿＿＿＿＿＿＿
＿＿＿＿＿＿＿＿＿＿
＿＿＿＿＿＿＿＿＿＿
＿＿＿＿＿＿＿＿＿＿
＿＿＿＿＿＿＿＿＿＿
＿＿＿＿＿＿＿＿＿□
＿＿＿＿□□＿＿＿□
＿□＿＿□□■■■□
＿□□□□□□■＿□
＿□□□□□□□□□
□□□□＿□□□□□
□＿□□□□□□□□
□□□□□＿□□□□
□□□□□＿□＿□＿
□＿□□□□□□□□
□□□□□□□□＿□
□□□□□□□＿□□
□□□□□□□＿□□
□□□□□□□□□＿
□□□□□□□□□＿
00:20:15(36478f):field(36477f)
＿＿＿＿＿＿＿＿＿＿
＿＿＿＿＿＿＿＿＿＿
＿＿＿＿＿＿＿＿＿＿
＿＿＿＿＿＿＿＿＿＿
＿＿＿＿＿■＿＿＿＿
＿＿＿＿＿■■＿＿□
＿＿＿＿□□■＿＿□
＿□＿＿□□□□□□
＿□□□□□□□＿□
＿□□□□□□□□□
□□□□＿□□□□□
□＿□□□□□□□□
□□□□□＿□□□□
□□□□□＿□＿□＿
□＿□□□□□□□□
□□□□□□□□＿□
□□□□□□□＿□□
□□□□□□□＿□□
□□□□□□□□□＿
□□□□□□□□□＿
00:20:16(36489f):field(36488f)
＿＿＿＿＿＿＿＿＿＿
＿＿＿＿＿＿＿＿＿＿
＿＿＿＿＿＿＿＿＿＿
＿＿＿＿＿＿＿＿＿＿
＿＿＿＿＿□＿＿＿＿
＿＿＿＿＿□□＿＿□
＿■■＿□□□＿＿□
＿□■■□□□□□□
＿□□□□□□□＿□
＿□□□□□□□□□
□□□□＿□□□□□
□＿□□□□□□□□
□□□□□＿□□□□
□□□□□＿□＿□＿
□＿□□□□□□□□
□□□□□□□□＿□
□□□□□□□＿□□
□□□□□□□＿□□
□□□□□□□□□＿
□□□□□□□□□＿
00:20:16(36502f):field(36501f)
＿＿＿＿＿＿＿＿＿＿
＿＿＿＿＿＿＿＿＿＿
＿＿＿＿＿＿＿＿＿＿
＿＿＿＿■■＿＿＿＿
＿＿＿＿■□＿＿＿＿
＿＿＿＿■□□＿＿□
＿□□＿□□□＿＿□
＿□□□□□□□□□
＿□□□□□□□＿□
＿□□□□□□□□□
□□□□＿□□□□□
□＿□□□□□□□□
□□□□□＿□□□□
□□□□□＿□＿□＿
□＿□□□□□□□□
□□□□□□□□＿□
□□□□□□□＿□□
□□□□□□□＿□□
□□□□□□□□□＿
□□□□□□□□□＿
00:20:17(36521f):field(36520f)
＿＿＿＿＿＿＿＿＿＿
＿＿＿＿＿＿＿＿＿＿
＿＿＿＿＿＿＿＿＿＿
＿＿＿＿□□＿＿＿＿
＿＿＿＿□□■■＿＿
＿＿＿＿□□□■＿□
＿□□＿□□□■＿□
＿□□□□□□□□□
＿□□□□□□□＿□
＿□□□□□□□□□
□□□□＿□□□□□
□＿□□□□□□□□
□□□□□＿□□□□
□□□□□＿□＿□＿
□＿□□□□□□□□
□□□□□□□□＿□
□□□□□□□＿□□
□□□□□□□＿□□
□□□□□□□□□＿
□□□□□□□□□＿
00:20:17(36534f):field(36533f)
＿＿＿＿＿＿＿＿＿＿
＿＿＿＿＿＿＿＿＿＿
＿＿＿＿＿＿＿＿＿＿
＿＿＿＿□□＿＿＿＿
＿＿＿＿□□□□＿＿
＿■■■□□□□＿□
＿□□■□□□□＿□
＿□□□□□□□□□
＿□□□□□□□＿□
＿□□□□□□□□□
□□□□＿□□□□□
□＿□□□□□□□□
□□□□□＿□□□□
□□□□□＿□＿□＿
□＿□□□□□□□□
□□□□□□□□＿□
□□□□□□□＿□□
□□□□□□□＿□□
□□□□□□□□□＿
□□□□□□□□□＿
00:20:18(36549f):field(36548f)
＿＿＿＿＿＿＿＿＿＿
＿＿＿＿＿＿＿＿＿＿
＿＿＿＿＿＿＿＿＿＿
＿＿■■□□＿＿＿＿
＿＿■■□□□□＿＿
＿□□□□□□□＿□
＿□□□□□□□＿□
＿□□□□□□□□□
＿□□□□□□□＿□
＿□□□□□□□□□
□□□□＿□□□□□
□＿□□□□□□□□
□□□□□＿□□□□
□□□□□＿□＿□＿
□＿□□□□□□□□
□□□□□□□□＿□
□□□□□□□＿□□
□□□□□□□＿□□
□□□□□□□□□＿
□□□□□□□□□＿
00:20:19(36574f):field(36573f)
＿＿＿＿＿＿＿＿＿＿
＿＿＿＿＿＿＿＿＿＿
＿＿＿＿＿＿＿■＿＿
＿＿□□□□＿■■＿
＿＿□□□□□□■＿
＿□□□□□□□＿□
＿□□□□□□□＿□
＿□□□□□□□□□
＿□□□□□□□＿□
＿□□□□□□□□□
□□□□＿□□□□□
□＿□□□□□□□□
□□□□□＿□□□□
□□□□□＿□＿□＿
□＿□□□□□□□□
□□□□□□□□＿□
□□□□□□□＿□□
□□□□□□□＿□□
□□□□□□□□□＿
□□□□□□□□□＿
00:20:19(36589f):field(36588f)
＿＿＿＿＿＿＿＿＿＿
＿＿＿＿＿＿＿＿＿＿
＿＿＿＿＿＿＿□＿＿
＿■□□□□＿□□＿
■■□□□□□□□＿
■□□□□□□□＿□
＿□□□□□□□＿□
＿□□□□□□□□□
＿□□□□□□□＿□
＿□□□□□□□□□
□□□□＿□□□□□
□＿□□□□□□□□
□□□□□＿□□□□
□□□□□＿□＿□＿
□＿□□□□□□□□
□□□□□□□□＿□
□□□□□□□＿□□
□□□□□□□＿□□
□□□□□□□□□＿
□□□□□□□□□＿
00:20:20(36601f):field(36600f)
＿＿＿＿＿＿＿＿＿＿
■＿＿＿＿＿＿＿＿＿
■■＿＿＿＿＿□＿＿
■□□□□□＿□□＿
□□□□□□□□□＿
□□□□□□□□＿□
＿□□□□□□□＿□
＿□□□□□□□□□
＿□□□□□□□＿□
＿□□□□□□□□□
□□□□＿□□□□□
□＿□□□□□□□□
□□□□□＿□□□□
□□□□□＿□＿□＿
□＿□□□□□□□□
□□□□□□□□＿□
□□□□□□□＿□□
□□□□□□□＿□□
□□□□□□□□□＿
□□□□□□□□□＿
00:20:20(36614f):field(36613f)
＿＿＿＿＿＿＿＿＿＿
□＿＿＿＿＿＿＿＿＿
□□＿＿■■■□＿＿
□□□□□□■□□＿
□□□□□□□□□＿
□□□□□□□□＿□
＿□□□□□□□＿□
＿□□□□□□□□□
＿□□□□□□□＿□
＿□□□□□□□□□
□□□□＿□□□□□
□＿□□□□□□□□
□□□□□＿□□□□
□□□□□＿□＿□＿
□＿□□□□□□□□
□□□□□□□□＿□
□□□□□□□＿□□
□□□□□□□＿□□
□□□□□□□□□＿
□□□□□□□□□＿
00:20:21(36630f):field(36629f)
＿＿＿＿＿＿＿＿＿＿
◆＿＿＿＿＿＿＿＿＿
◆◆■＿◆◆◆◆＿＿
□□◆□◆◆◆◆□■
□□□◆□□□□□■
□□□□□□□□＿□
＿□□□□□□□＿□
＿□□□□□□□□□
＿□□□□□□□＿□
＿□□□□□□□□□
□□□□＿□□□□□
□＿□□□□□□□□
□□□□□＿□□□□
□□□□□＿□＿□＿
□＿□□□□□□□□
□□□□□□□□＿□
□□□□□□□＿□□
□□□□□□□＿□□
□□□□□□□□□＿
□□□□□□□□□＿
00:20:21(36639f):field(36638f)
＿＿＿＿＿＿＿＿＿＿
＿＿＿＿＿＿＿＿＿＿
＿＿◆＿＿＿＿＿＿＿
□◆＿◆■■■■◆◆
□□◆＿□□□□□□
□□□□□□□□＿□
＿□□□□□□□＿□
＿□□□□□□□□□
＿□□□□□□□＿□
＿□□□□□□□□□
□□□□＿□□□□□
□＿□□□□□□□□
□□□□□＿□□□□
□□□□□＿□＿□＿
□＿□□□□□□□□
□□□□□□□□＿□
□□□□□□□＿□□
□□□□□□□＿□□
□□□□□□□□□＿
□□□□□□□□□＿
00:20:21(36653f):field(36652f)
＿＿＿＿＿＿＿＿＿＿
＿＿＿＿＿＿＿＿＿＿
＿＿＿＿＿＿＿＿＿＿
◆＿＿■◆◆□□＿＿
□◆■■□□□□□◆
□□□□□□□□＿□
＿□□□□□□□＿□
＿□□□□□□□□□
＿□□□□□□□＿□
＿□□□□□□□□□
□□□□＿□□□□□
□＿□□□□□□□□
□□□□□＿□□□□
□□□□□＿□＿□＿
□＿□□□□□□□□
□□□□□□□□＿□
□□□□□□□＿□□
□□□□□□□＿□□
□□□□□□□□□＿
□□□□□□□□□＿
00:20:22(36664f):field(36663f)
＿＿＿＿＿＿＿＿＿＿
＿＿＿＿＿＿＿＿＿＿
■＿＿＿＿＿＿＿＿＿
■■＿◆＿＿◆◆＿＿
□■□□□□□□◆＿
□□□□□□□□＿□
＿□□□□□□□＿□
＿□□□□□□□□□
＿□□□□□□□＿□
＿□□□□□□□□□
□□□□＿□□□□□
□＿□□□□□□□□
□□□□□＿□□□□
□□□□□＿□＿□＿
□＿□□□□□□□□
□□□□□□□□＿□
□□□□□□□＿□□
□□□□□□□＿□□
□□□□□□□□□＿
□□□□□□□□□＿
00:20:22(36677f):field(36676f)
＿＿＿＿＿＿＿＿＿＿
＿＿＿＿＿＿＿＿＿＿
□＿＿■＿＿＿＿＿＿
□□■■■＿＿＿＿＿
□□□□□□□□＿＿
□□□□□□□□＿□
＿□□□□□□□＿□
＿□□□□□□□□□
＿□□□□□□□＿□
＿□□□□□□□□□
□□□□＿□□□□□
□＿□□□□□□□□
□□□□□＿□□□□
□□□□□＿□＿□＿
□＿□□□□□□□□
□□□□□□□□＿□
□□□□□□□＿□□
□□□□□□□＿□□
□□□□□□□□□＿
□□□□□□□□□＿
00:20:23(36693f):field(36692f)
＿＿＿＿＿＿＿＿＿＿
＿＿＿＿＿＿＿＿＿＿
□＿＿□＿＿＿■＿＿
□□□□□■■■＿＿
□□□□□□□□＿＿
□□□□□□□□＿□
＿□□□□□□□＿□
＿□□□□□□□□□
＿□□□□□□□＿□
＿□□□□□□□□□
□□□□＿□□□□□
□＿□□□□□□□□
□□□□□＿□□□□
□□□□□＿□＿□＿
□＿□□□□□□□□
□□□□□□□□＿□
□□□□□□□＿□□
□□□□□□□＿□□
□□□□□□□□□＿
□□□□□□□□□＿
00:20:23(36707f):field(36706f)
＿＿＿＿＿＿＿＿＿＿
＿＿＿＿■＿＿＿＿＿
□＿＿□■■■□＿＿
□□□□□□□□＿＿
□□□□□□□□＿＿
□□□□□□□□＿□
＿□□□□□□□＿□
＿□□□□□□□□□
＿□□□□□□□＿□
＿□□□□□□□□□
□□□□＿□□□□□
□＿□□□□□□□□
□□□□□＿□□□□
□□□□□＿□＿□＿
□＿□□□□□□□□
□□□□□□□□＿□
□□□□□□□＿□□
□□□□□□□＿□□
□□□□□□□□□＿
□□□□□□□□□＿
00:20:24(36722f):field(36721f)
＿＿＿＿＿＿＿＿＿＿
＿＿＿＿◆＿＿＿＿＿
◆＿＿◆□◆◆◆＿＿
□◆◆□□□□□＿＿
□□□□□□□□■＿
□□□□□□□□■□
■□□□□□□□■□
＿□□□□□□□□□
＿□□□□□□□＿□
＿□□□□□□□□□
□□□□＿□□□□□
□＿□□□□□□□□
□□□□□＿□□□□
□□□□□＿□＿□＿
□＿□□□□□□□□
□□□□□□□□＿□
□□□□□□□＿□□
□□□□□□□＿□□
□□□□□□□□□＿
□□□□□□□□□＿
00:20:24(36734f):field(36733f)
＿＿＿＿＿＿＿＿＿＿
＿＿＿＿＿＿＿＿＿＿
＿■■＿□＿＿＿＿＿
□■■□□□□□＿＿
□□□□□□□□□＿
□□□□□□□□□◆
◆□□□□□□□□□
＿□□□□□□□□□
＿□□□□□□□＿□
＿□□□□□□□□□
□□□□＿□□□□□
□＿□□□□□□□□
□□□□□＿□□□□
□□□□□＿□＿□＿
□＿□□□□□□□□
□□□□□□□□＿□
□□□□□□□＿□□
□□□□□□□＿□□
□□□□□□□□□＿
□□□□□□□□□＿
00:20:25(36750f):field(36749f)
＿＿＿＿＿＿＿＿＿＿
＿＿＿＿＿＿＿＿＿＿
■◆◆＿◆＿＿＿■＿
◆□◆◆□◆□□＿■
□□□□□◆□□□＿
□□□□□□□□□＿
＿□□□□□□□□□
＿□□□□□□□□□
＿□□□□□□□＿□
＿□□□□□□□□□
□□□□＿□□□□□
□＿□□□□□□□□
□□□□□＿□□□□
□□□□□＿□＿□＿
□＿□□□□□□□□
□□□□□□□□＿□
□□□□□□□＿□□
□□□□□□□＿□□
□□□□□□□□□＿
□□□□□□□□□＿
00:20:25(36761f):field(36760f)
＿＿＿＿＿＿＿＿＿＿
＿＿＿＿＿＿＿＿＿＿
◆＿＿＿＿＿＿＿◆＿
＿◆＿＿◆＿□◆＿◆
◆□□◆□■□□□＿
□□□□□□□□□＿
＿□□□□□□□□□
＿□□□□□□□□□
＿□□□□□□□＿□
＿□□□□□□□□□
□□□□＿□□□□□
□＿□□□□□□□□
□□□□□＿□□□□
□□□□□＿□＿□＿
□＿□□□□□□□□
□□□□□□□□＿□
□□□□□□□＿□□
□□□□□□□＿□□
□□□□□□□□□＿
□□□□□□□□□＿
00:20:25(36771f):field(36770f)
＿＿＿＿＿＿＿＿＿＿
＿＿＿＿＿＿＿＿＿＿
＿＿＿＿＿＿＿＿＿＿
＿＿＿■■■□＿＿＿
＿□□■□□□□□＿
□□□□□□□□□＿
＿□□□□□□□□□
＿□□□□□□□□□
＿□□□□□□□＿□
＿□□□□□□□□□
□□□□＿□□□□□
□＿□□□□□□□□
□□□□□＿□□□□
□□□□□＿□＿□＿
□＿□□□□□□□□
□□□□□□□□＿□
□□□□□□□＿□□
□□□□□□□＿□□
□□□□□□□□□＿
□□□□□□□□□＿
00:20:26(36785f):field(36784f)
＿＿＿＿＿＿＿＿＿＿
＿＿＿＿＿＿＿＿＿＿
＿■＿＿＿＿＿＿＿＿
■■＿□□□□＿＿＿
■□□□□□□□□＿
□□□□□□□□□＿
＿□□□□□□□□□
＿□□□□□□□□□
＿□□□□□□□＿□
＿□□□□□□□□□
□□□□＿□□□□□
□＿□□□□□□□□
□□□□□＿□□□□
□□□□□＿□＿□＿
□＿□□□□□□□□
□□□□□□□□＿□
□□□□□□□＿□□
□□□□□□□＿□□
□□□□□□□□□＿
□□□□□□□□□＿
00:20:26(36796f):field(36795f)
＿＿＿＿＿＿＿＿＿＿
＿＿＿＿＿■■＿＿＿
＿□＿＿＿■■＿＿＿
□□＿□□□□＿＿＿
□□□□□□□□□＿
□□□□□□□□□＿
＿□□□□□□□□□
＿□□□□□□□□□
＿□□□□□□□＿□
＿□□□□□□□□□
□□□□＿□□□□□
□＿□□□□□□□□
□□□□□＿□□□□
□□□□□＿□＿□＿
□＿□□□□□□□□
□□□□□□□□＿□
□□□□□□□＿□□
□□□□□□□＿□□
□□□□□□□□□＿
□□□□□□□□□＿
00:20:27(36810f):field(36809f)
＿■＿＿＿＿＿＿＿＿
＿■■＿＿□□＿＿＿
＿□■＿＿□□＿＿＿
□□＿□□□□＿＿＿
□□□□□□□□□＿
□□□□□□□□□＿
＿□□□□□□□□□
＿□□□□□□□□□
＿□□□□□□□＿□
＿□□□□□□□□□
□□□□＿□□□□□
□＿□□□□□□□□
□□□□□＿□□□□
□□□□□＿□＿□＿
□＿□□□□□□□□
□□□□□□□□＿□
□□□□□□□＿□□
□□□□□□□＿□□
□□□□□□□□□＿
□□□□□□□□□＿
00:20:27(36822f):field(36821f)
＿□＿■＿＿＿＿＿＿
＿□□■■□□＿＿＿
＿□□■＿□□＿＿＿
□□＿□□□□＿＿＿
□□□□□□□□□＿
□□□□□□□□□＿
＿□□□□□□□□□
＿□□□□□□□□□
＿□□□□□□□＿□
＿□□□□□□□□□
□□□□＿□□□□□
□＿□□□□□□□□
□□□□□＿□□□□
□□□□□＿□＿□＿
□＿□□□□□□□□
□□□□□□□□＿□
□□□□□□□＿□□
□□□□□□□＿□□
□□□□□□□□□＿
□□□□□□□□□＿
00:20:28(36865f):game end
