00:25:31(45937f):game start
00:25:32(45980f):field(45979f)
＿＿＿＿＿＿＿＿＿＿
＿＿＿＿＿＿＿＿＿＿
＿＿＿＿＿＿＿＿＿＿
＿＿＿＿＿＿＿＿＿＿
＿＿＿＿＿＿＿＿＿＿
＿＿＿＿＿＿＿＿＿＿
＿＿＿＿＿＿＿＿＿＿
＿＿＿＿＿＿＿＿＿＿
＿＿＿＿＿＿＿＿＿＿
＿＿＿＿＿＿＿＿＿＿
＿＿＿＿＿＿＿＿＿＿
＿＿＿＿＿＿＿＿＿＿
＿＿＿＿＿＿＿＿＿＿
＿＿■■■■■■＿＿
＿＿＿＿＿＿＿＿＿＿
＿＿＿＿＿＿＿＿＿＿
＿＿＿＿＿＿＿＿＿＿
＿＿＿＿＿＿＿＿＿＿
＿＿＿＿＿＿＿＿＿＿
＿＿＿＿＿＿＿＿＿＿
00:25:33(46006f):field(46005f)
＿＿＿＿＿＿＿＿＿＿
＿＿＿＿＿＿＿＿＿＿
＿＿＿＿＿＿＿＿＿＿
＿＿＿＿＿＿＿＿＿＿
＿＿＿＿＿＿＿＿＿＿
＿＿＿＿＿＿＿＿＿＿
＿＿＿＿＿＿＿＿＿＿
＿＿＿＿＿＿＿＿＿＿
＿＿＿＿＿＿＿＿＿＿
＿＿＿＿＿＿＿＿＿＿
＿＿＿＿＿＿＿＿＿＿
＿＿＿＿＿＿＿＿＿＿
＿＿＿＿＿＿＿＿＿＿
＿＿◆◆◆◆◆◆＿＿
＿＿＿＿＿＿＿＿＿＿
＿＿＿＿＿＿＿＿＿＿
＿＿＿＿＿＿＿＿＿＿
■■＿＿＿＿＿＿＿＿
■＿＿＿＿＿＿＿＿＿
■＿＿■■■■＿＿＿
00:25:33(46018f):field(46017f)
＿＿＿＿＿＿＿＿＿＿
＿＿＿＿＿＿＿＿＿＿
＿＿＿＿＿＿＿＿＿＿
＿＿＿＿＿＿＿＿＿＿
＿＿＿＿＿＿＿＿＿＿
＿＿＿＿＿＿＿＿＿＿
＿＿＿＿＿＿＿＿＿＿
＿＿＿＿＿＿＿＿＿＿
＿＿＿＿＿＿＿＿＿＿
＿＿＿＿＿＿＿＿＿＿
＿＿＿＿＿＿＿＿＿＿
＿＿＿＿＿＿＿＿＿＿
＿＿＿＿＿＿＿＿＿＿
＿＿＿＿＿＿＿＿＿＿
＿＿＿＿＿＿＿＿＿＿
＿＿＿＿＿＿＿＿＿＿
＿＿＿＿＿＿＿＿＿＿
□□＿＿＿■＿＿＿＿
□＿＿■■■＿＿＿＿
□＿＿□□□□＿＿＿
00:25:34(46030f):field(46029f)
＿＿＿＿＿＿＿＿＿＿
＿＿＿＿＿＿＿＿＿＿
＿＿＿＿＿＿＿＿＿＿
＿＿＿＿＿＿＿＿＿＿
＿＿＿＿＿＿＿＿＿＿
＿＿＿＿＿＿＿＿＿＿
＿＿＿＿＿＿＿＿＿＿
＿＿＿＿＿＿＿＿＿＿
＿＿＿＿＿＿＿＿＿＿
＿＿＿＿＿＿＿＿＿＿
＿＿＿＿＿＿＿＿＿＿
＿＿＿＿＿＿＿＿＿＿
＿＿＿＿＿＿＿＿＿＿
＿＿＿＿＿＿＿＿＿＿
＿＿＿＿＿＿＿＿＿＿
＿＿＿＿■＿＿＿＿＿
＿＿＿＿■■＿＿＿＿
□□＿＿■□＿＿＿＿
□＿＿□□□＿＿＿＿
□＿＿□□□□＿＿＿
00:25:34(46044f):field(46043f)
＿＿＿＿＿＿＿＿＿＿
＿＿＿＿＿＿＿＿＿＿
＿＿＿＿＿＿＿＿＿＿
＿＿＿＿＿＿＿＿＿＿
＿＿＿＿＿＿＿＿＿＿
＿＿＿＿＿＿＿＿＿＿
＿＿＿＿＿＿＿＿＿＿
＿＿＿＿＿＿＿＿＿＿
＿＿＿＿＿＿＿＿＿＿
＿＿＿＿＿＿＿＿＿＿
＿＿＿＿＿＿＿＿＿＿
＿＿＿＿＿＿＿＿＿＿
＿＿＿＿＿＿＿＿＿＿
＿＿＿＿＿＿＿＿＿＿
＿＿＿＿＿＿＿＿＿＿
＿＿＿＿□＿＿＿＿＿
＿＿＿＿□□＿＿＿＿
□□＿＿□□＿＿＿＿
□＿＿□□□＿＿■■
□＿＿□□□□＿■■
00:25:35(46057f):field(46056f)
＿＿＿＿＿＿＿＿＿＿
＿＿＿＿＿＿＿＿＿＿
＿＿＿＿＿＿＿＿＿＿
＿＿＿＿＿＿＿＿＿＿
＿＿＿＿＿＿＿＿＿＿
＿＿＿＿＿＿＿＿＿＿
＿＿＿＿＿＿＿＿＿＿
＿＿＿＿＿＿＿＿＿＿
＿＿＿＿＿＿＿＿＿＿
＿＿＿＿＿＿＿＿＿＿
＿＿＿＿＿＿＿＿＿＿
＿＿＿＿＿＿＿＿＿＿
＿＿＿＿＿＿＿＿＿＿
＿＿＿＿＿＿＿＿＿＿
＿＿＿＿＿＿＿＿＿＿
＿＿＿＿□＿＿＿＿＿
＿＿■＿□□＿＿＿＿
□□■＿□□＿＿＿＿
□＿■□□□＿＿□□
□＿■□□□□＿□□
00:25:35(46071f):field(46070f)
＿＿＿＿＿＿＿＿＿＿
＿＿＿＿＿＿＿＿＿＿
＿＿＿＿＿＿＿＿＿＿
＿＿＿＿＿＿＿＿＿＿
＿＿＿＿＿＿＿＿＿＿
＿＿＿＿＿＿＿＿＿＿
＿＿＿＿＿＿＿＿＿＿
＿＿＿＿＿＿＿＿＿＿
＿＿＿＿＿＿＿＿＿＿
＿＿＿＿＿＿＿＿＿＿
＿＿＿＿＿＿＿＿＿＿
＿＿＿＿＿＿＿＿＿＿
＿＿＿＿＿＿＿＿＿＿
＿＿＿＿＿＿＿＿＿＿
＿＿＿■■＿＿＿＿＿
＿＿＿■□＿＿＿＿＿
＿＿□■□□＿＿＿＿
□□□＿□□＿＿＿＿
□＿□□□□＿＿□□
□＿□□□□□＿□□
00:25:36(46082f):field(46081f)
＿＿＿＿＿＿＿＿＿＿
＿＿＿＿＿＿＿＿＿＿
＿＿＿＿＿＿＿＿＿＿
＿＿＿＿＿＿＿＿＿＿
＿＿＿＿＿＿＿＿＿＿
＿＿＿＿＿＿＿＿＿＿
＿＿＿＿＿＿＿＿＿＿
＿＿＿＿＿＿＿＿＿＿
＿＿＿＿＿＿＿＿＿＿
＿＿＿＿＿＿＿＿＿＿
＿＿＿＿＿＿＿＿＿＿
＿＿＿＿＿＿＿＿＿＿
＿＿＿＿＿＿＿＿＿＿
＿＿＿＿＿＿＿＿＿＿
＿＿＿□□＿＿＿＿＿
＿＿＿□□＿＿＿＿＿
＿＿□□□□＿＿＿＿
□□□＿□□■■＿＿
□＿□□□□＿■□□
□＿□□□□□■□□
00:25:36(46098f):field(46097f)
＿＿＿＿＿＿＿＿＿＿
＿＿＿＿＿＿＿＿＿＿
＿＿＿＿＿＿＿＿＿＿
＿＿＿＿＿＿＿＿＿＿
＿＿＿＿＿＿＿＿＿＿
＿＿＿＿＿＿＿＿＿＿
＿＿＿＿＿＿＿＿＿＿
＿＿＿＿＿＿＿＿＿＿
＿＿＿＿＿＿＿＿＿＿
＿＿＿＿＿＿＿＿＿＿
＿＿＿＿＿＿＿＿＿＿
＿＿＿＿＿＿＿＿＿＿
＿＿＿＿＿＿＿＿＿＿
＿＿＿＿＿＿＿＿＿＿
＿＿＿□□＿＿＿＿＿
＿＿＿□□＿＿＿＿＿
＿＿□□□□＿■■＿
□□□＿□□□□■■
□＿□□□□＿□□□
□＿□□□□□□□□
00:25:37(46112f):field(46111f)
＿＿＿＿＿＿＿＿＿＿
＿＿＿＿＿＿＿＿＿＿
＿＿＿＿＿＿＿＿＿＿
＿＿＿＿＿＿＿＿＿＿
＿＿＿＿＿＿＿＿＿＿
＿＿＿＿＿＿＿＿＿＿
＿＿＿＿＿＿＿＿＿＿
＿＿＿＿＿＿＿＿＿＿
＿＿＿＿＿＿＿＿＿＿
＿＿＿＿＿＿＿＿＿＿
＿＿＿＿＿＿＿＿＿＿
＿＿＿＿＿＿＿＿＿＿
＿＿＿＿＿＿＿＿＿＿
＿＿＿＿＿＿＿＿＿＿
＿＿＿□□＿＿＿＿＿
■■＿□□＿＿＿＿＿
■■□□□□＿□□＿
□□□＿□□□□□□
□＿□□□□＿□□□
□＿□□□□□□□□
00:25:37(46124f):field(46123f)
＿＿＿＿＿＿＿＿＿＿
＿＿＿＿＿＿＿＿＿＿
＿＿＿＿＿＿＿＿＿＿
＿＿＿＿＿＿＿＿＿＿
＿＿＿＿＿＿＿＿＿＿
＿＿＿＿＿＿＿＿＿＿
＿＿＿＿＿＿＿＿＿＿
＿＿＿＿＿＿＿＿＿＿
＿＿＿＿＿＿＿＿＿＿
＿＿＿＿＿＿＿＿＿＿
＿＿＿＿＿＿＿＿＿＿
＿＿＿＿＿＿＿＿＿＿
＿＿＿＿＿■＿＿＿＿
＿＿＿＿＿■＿＿＿＿
＿＿＿□□■＿＿＿＿
□□＿□□■＿＿＿＿
□□□□□□＿□□＿
□□□＿□□□□□□
□＿□□□□＿□□□
□＿□□□□□□□□
00:25:37(46138f):field(46137f)
＿＿＿＿＿＿＿＿＿＿
＿＿＿＿＿＿＿＿＿＿
＿＿＿＿＿＿＿＿＿＿
＿＿＿＿＿＿＿＿＿＿
＿＿＿＿＿＿＿＿＿＿
＿＿＿＿＿＿＿＿＿＿
＿＿＿＿＿＿＿＿＿＿
＿＿＿＿＿＿＿＿＿＿
＿＿＿＿＿＿＿＿＿＿
＿＿＿＿＿＿＿＿＿＿
＿＿＿＿＿＿＿＿＿＿
＿＿＿＿＿＿＿＿＿＿
＿＿＿＿＿□＿＿＿＿
＿＿＿＿＿□＿＿＿＿
■■■□□□＿＿＿＿
□□■□□□＿＿＿＿
□□□□□□＿□□＿
□□□＿□□□□□□
□＿□□□□＿□□□
□＿□□□□□□□□
00:25:38(46150f):field(46149f)
＿＿＿＿＿＿＿＿＿＿
＿＿＿＿＿＿＿＿＿＿
＿＿＿＿＿＿＿＿＿＿
＿＿＿＿＿＿＿＿＿＿
＿＿＿＿＿＿＿＿＿＿
＿＿＿＿＿＿＿＿＿＿
＿＿＿＿＿＿＿＿＿＿
＿＿＿＿＿＿＿＿＿＿
＿＿＿＿＿＿＿＿＿＿
＿＿＿＿＿＿＿＿＿＿
＿＿＿＿＿＿＿＿＿＿
＿＿＿■＿＿＿＿＿＿
＿＿＿■■□＿＿＿＿
＿＿＿＿■□＿＿＿＿
□□□□□□＿＿＿＿
□□□□□□＿＿＿＿
□□□□□□＿□□＿
□□□＿□□□□□□
□＿□□□□＿□□□
□＿□□□□□□□□
00:25:38(46166f):field(46165f)
＿＿＿＿＿＿＿＿＿＿
＿＿＿＿＿＿＿＿＿＿
＿＿＿＿＿＿＿＿＿＿
＿＿＿＿＿＿＿＿＿＿
＿＿＿＿＿＿＿＿＿＿
＿＿＿＿＿＿＿＿＿＿
＿＿＿＿＿＿＿＿＿＿
＿＿＿＿＿＿＿＿＿＿
＿＿＿＿＿＿＿＿＿＿
＿＿＿＿＿＿＿＿＿＿
＿＿＿＿＿＿＿＿＿＿
＿＿＿□＿＿＿＿＿＿
＿＿＿□□□＿＿＿＿
＿＿＿＿□□＿＿＿■
□□□□□□＿＿＿■
□□□□□□＿＿■■
□□□□□□＿□□＿
□□□＿□□□□□□
□＿□□□□＿□□□
□＿□□□□□□□□
00:25:39(46186f):field(46185f)
＿＿＿＿＿＿＿＿＿＿
＿＿＿＿＿＿＿＿＿＿
＿＿＿＿＿＿＿＿＿＿
＿＿＿＿＿＿＿＿＿＿
＿＿＿＿＿＿＿＿＿＿
＿＿＿＿＿＿＿＿＿＿
＿＿＿＿＿＿＿＿＿＿
＿＿＿＿＿＿＿＿＿＿
＿＿＿＿＿＿＿＿＿＿
＿＿＿＿＿＿＿＿＿＿
＿＿＿＿＿＿＿＿＿＿
＿＿＿◆＿＿＿＿＿＿
＿＿＿□◆◆＿＿＿＿
＿＿＿■□□＿＿＿◆
◆◆□◆□□■＿＿□
□□□□□□■＿◆□
□□□□□□＿□□＿
□□□＿□□□□□□
□＿□□□□＿□□□
□■□□□□□□□□
00:25:39(46198f):field(46197f)
＿＿＿＿＿＿＿＿＿＿
＿＿＿＿＿＿＿＿＿＿
＿＿＿＿＿＿＿＿＿＿
＿＿＿＿＿＿＿＿＿＿
＿＿＿＿＿＿＿＿＿＿
＿＿＿＿＿＿＿＿＿＿
＿＿＿＿＿＿＿＿＿＿
＿＿＿＿＿＿＿＿＿＿
＿＿＿＿＿＿＿＿＿＿
＿＿＿＿＿＿＿＿＿＿
＿＿＿＿＿＿＿＿＿＿
＿＿＿＿＿＿＿＿＿＿
＿＿＿□＿＿＿＿＿＿
＿＿＿□□□＿＿■＿
＿＿◆＿□□□■■□
□□□□□□□＿■□
□□□□□□＿□□＿
□□□＿□□□□□□
□＿□□□□＿□□□
□◆□□□□□□□□
00:25:40(46212f):field(46211f)
＿＿＿＿＿＿＿＿＿＿
＿＿＿＿＿＿＿＿＿＿
＿＿＿＿＿＿＿＿＿＿
＿＿＿＿＿＿＿＿＿＿
＿＿＿＿＿＿＿＿＿＿
＿＿＿＿＿＿＿＿＿＿
＿＿＿＿＿＿＿＿＿＿
＿＿＿＿＿＿＿＿＿＿
＿＿＿＿＿＿＿＿＿＿
＿＿＿＿＿＿＿＿＿＿
＿＿＿＿＿＿＿＿＿＿
＿＿＿■■＿＿＿＿＿
＿＿＿□■■＿＿＿＿
＿＿＿□□□＿＿□＿
＿＿＿＿□□□□□□
□□□□□□□＿□□
□□□□□□＿□□＿
□□□＿□□□□□□
□＿□□□□＿□□□
□＿□□□□□□□□
00:25:40(46227f):field(46226f)
＿＿＿＿＿＿＿＿＿＿
＿＿＿＿＿＿＿＿＿＿
＿＿＿＿＿＿＿＿＿＿
＿＿＿＿＿＿＿＿＿＿
＿＿＿＿＿＿＿＿＿＿
＿＿＿＿＿＿＿＿＿＿
＿＿＿＿＿＿＿＿＿＿
＿＿＿＿＿＿＿＿＿＿
＿＿＿＿＿＿＿＿＿＿
＿＿＿＿＿＿＿＿＿＿
＿＿＿＿＿＿＿＿＿＿
＿＿＿□□＿＿＿＿＿
＿＿＿□□□＿■■＿
＿＿＿□□□■■□＿
＿＿＿＿□□□□□□
□□□□□□□＿□□
□□□□□□＿□□＿
□□□＿□□□□□□
□＿□□□□＿□□□
□＿□□□□□□□□
00:25:41(46240f):field(46239f)
＿＿＿＿＿＿＿＿＿＿
＿＿＿＿＿＿＿＿＿＿
＿＿＿＿＿＿＿＿＿＿
＿＿＿＿＿＿＿＿＿＿
＿＿＿＿＿＿＿＿＿＿
＿＿＿＿＿＿＿＿＿＿
＿＿＿＿＿＿＿＿＿＿
＿＿＿＿＿＿＿＿＿＿
＿＿＿＿＿＿＿＿＿＿
＿＿＿■■＿＿＿＿＿
＿＿＿■■＿＿＿＿＿
＿＿＿□□＿＿＿＿＿
＿＿＿□□□＿□□＿
＿＿＿□□□□□□＿
＿＿＿＿□□□□□□
□□□□□□□＿□□
□□□□□□＿□□＿
□□□＿□□□□□□
□＿□□□□＿□□□
□＿□□□□□□□□
00:25:41(46254f):field(46253f)
＿＿＿＿＿＿＿＿＿＿
＿＿＿＿＿＿＿＿＿＿
＿＿＿＿＿＿＿＿＿＿
＿＿＿＿＿＿＿＿＿＿
＿＿＿＿＿＿＿＿＿＿
＿＿＿＿＿＿＿＿＿＿
＿＿＿＿＿＿＿＿＿＿
＿＿＿＿＿＿＿＿＿＿
＿＿＿＿＿＿＿＿＿＿
＿＿＿□□＿＿＿＿＿
＿＿＿□□＿＿＿＿＿
＿＿＿□□＿＿＿＿＿
＿＿＿□□□＿□□＿
＿■＿□□□□□□＿
＿■■■□□□□□□
□□□□□□□＿□□
□□□□□□＿□□＿
□□□＿□□□□□□
□＿□□□□＿□□□
□＿□□□□□□□□
00:25:42(46266f):field(46265f)
＿＿＿＿＿＿＿＿＿＿
＿＿＿＿＿＿＿＿＿＿
＿＿＿＿＿＿＿＿＿＿
＿＿＿＿＿＿＿＿＿＿
＿＿＿＿＿＿＿＿＿＿
＿＿＿＿＿＿＿＿＿＿
＿＿＿＿＿＿＿＿＿＿
＿＿＿＿＿＿＿＿＿＿
＿＿＿＿＿＿＿＿＿＿
＿＿＿□□＿＿＿＿＿
＿＿＿□□＿＿＿＿＿
＿＿■□□＿＿＿＿＿
＿■■□□□＿□□＿
＿□■□□□□□□＿
＿□□□□□□□□□
□□□□□□□＿□□
□□□□□□＿□□＿
□□□＿□□□□□□
□＿□□□□＿□□□
□＿□□□□□□□□
00:25:42(46281f):field(46280f)
＿＿＿＿＿＿＿＿＿＿
＿＿＿＿＿＿＿＿＿＿
＿＿＿＿＿＿＿＿＿＿
＿＿＿＿＿＿＿＿＿＿
＿＿＿＿＿＿＿＿＿＿
＿＿＿＿＿＿＿＿＿＿
＿＿＿＿＿＿＿＿＿＿
＿＿＿■■＿＿＿＿＿
＿＿＿■■＿＿＿＿＿
＿＿＿□□＿＿＿＿＿
＿＿＿□□＿＿＿＿＿
＿＿□□□＿＿＿＿＿
＿□□□□□＿□□＿
＿□□□□□□□□＿
＿□□□□□□□□□
□□□□□□□＿□□
□□□□□□＿□□＿
□□□＿□□□□□□
□＿□□□□＿□□□
□＿□□□□□□□□
00:25:43(46294f):field(46293f)
＿＿＿＿＿＿＿＿＿＿
＿＿＿＿＿＿＿＿＿＿
＿＿＿＿＿＿＿＿＿＿
＿＿＿＿＿＿＿＿＿＿
＿＿＿＿＿＿＿＿＿＿
＿＿＿＿＿＿＿＿＿＿
＿＿＿＿＿＿＿＿＿＿
＿＿＿□□＿＿＿＿＿
＿＿＿□□＿＿＿＿＿
＿＿＿□□＿＿＿＿＿
＿＿＿□□＿＿＿＿＿
＿＿□□□＿■■■＿
＿□□□□□■□□＿
＿□□□□□□□□＿
＿□□□□□□□□□
□□□□□□□＿□□
□□□□□□＿□□＿
□□□＿□□□□□□
□＿□□□□＿□□□
□＿□□□□□□□□
00:25:43(46308f):field(46307f)
＿＿＿＿＿＿＿＿＿＿
＿＿＿＿＿＿＿＿＿＿
＿＿＿＿＿＿＿＿＿＿
＿＿＿＿＿＿＿＿＿＿
＿＿＿＿＿＿＿＿＿＿
＿＿＿＿＿＿＿＿＿＿
＿＿＿＿＿＿＿＿＿＿
＿＿＿□□＿＿＿＿＿
＿＿＿□□＿＿＿＿＿
＿＿＿□□＿■＿＿＿
＿＿＿□□■■＿＿＿
＿＿□□□■□□□＿
＿□□□□□□□□＿
＿□□□□□□□□＿
＿□□□□□□□□□
□□□□□□□＿□□
□□□□□□＿□□＿
□□□＿□□□□□□
□＿□□□□＿□□□
□＿□□□□□□□□
00:25:44(46321f):field(46320f)
＿＿＿＿＿＿＿＿＿＿
＿＿＿＿＿＿＿＿＿＿
＿＿＿＿＿＿＿＿＿＿
＿＿＿＿＿＿＿＿＿＿
＿＿＿＿＿＿＿＿＿＿
＿＿＿＿＿＿＿＿＿＿
＿＿＿＿＿＿＿＿＿＿
＿＿＿□□＿＿＿＿＿
＿＿＿□□＿＿＿＿＿
＿＿＿□□＿□＿＿＿
＿＿＿□□□□■■■
＿＿□□□□□□□■
＿□□□□□□□□＿
＿□□□□□□□□＿
＿□□□□□□□□□
□□□□□□□＿□□
□□□□□□＿□□＿
□□□＿□□□□□□
□＿□□□□＿□□□
□＿□□□□□□□□
00:25:44(46339f):field(46338f)
＿＿＿＿＿＿＿＿＿＿
＿＿＿＿＿＿＿＿＿＿
＿＿＿＿＿＿＿＿＿＿
＿＿＿＿＿＿＿＿＿＿
＿＿＿＿＿＿＿＿＿＿
＿＿＿＿＿＿＿＿＿＿
＿＿＿＿＿＿＿＿＿＿
＿＿＿◆◆＿＿＿＿＿
＿＿＿□□＿＿＿＿＿
＿＿＿□□＿◆＿＿＿
＿＿＿□□◆□◆◆◆
＿＿◆□□□□□□□
■◆□□□□□□□■
■□□□□□□□□＿
■□□□□□□□□◆
□□□□□□□＿□□
□□□□□□＿□□＿
□□□＿□□□□□□
□＿□□□□＿□□□
□＿□□□□□□□□
00:25:45(46356f):field(46355f)
＿＿＿＿＿＿＿＿＿＿
＿＿＿＿＿＿＿＿＿＿
＿＿＿＿＿＿＿＿＿＿
＿＿＿＿＿＿＿＿＿＿
＿＿＿＿＿＿＿＿＿＿
＿＿＿＿＿＿＿＿＿＿
＿＿＿＿＿＿＿＿＿＿
＿＿＿＿＿＿＿＿＿＿
＿＿＿◆◆＿＿＿＿＿
＿＿＿□□＿＿＿＿＿
＿＿＿□□＿◆＿＿＿
■＿＿□□◆□□◆◆
□■◆□□□□□□□
□□□□□□□□□＿
□□□□□□□□□＿
□□□□□□□＿□□
□□□□□□＿□□＿
□□□＿□□□□□□
□＿□□□□＿□□□
□＿□□□□□□□□
00:25:45(46372f):field(46371f)
＿＿＿＿＿＿＿＿＿＿
＿＿＿＿＿＿＿＿＿＿
＿＿＿＿＿＿＿＿＿＿
＿＿＿＿＿＿＿＿＿＿
＿＿＿＿＿＿＿＿＿＿
＿＿＿＿＿＿＿＿＿＿
＿＿＿＿＿＿＿＿＿＿
＿＿＿＿＿＿＿＿＿＿
＿＿＿＿＿＿＿＿＿＿
＿＿＿◆◆＿＿＿＿＿
＿＿＿□□＿＿＿＿＿
◆＿■□□＿◆◆＿＿
□□■□□◆□◆◆◆
□□□□□□□□□＿
□□□□□□□□□＿
□□□□□□□＿□□
□□□□□□＿□□＿
□□□＿□□□□□□
□＿□□□□＿□□□
□＿□□□□□□□□
00:25:46(46384f):field(46383f)
＿＿＿＿＿＿＿＿＿＿
＿＿＿＿＿＿＿＿＿＿
＿＿＿＿＿＿＿＿＿＿
＿＿＿＿＿＿＿＿＿＿
＿＿＿＿＿＿＿＿＿＿
＿＿＿＿＿＿＿＿＿＿
＿＿＿＿＿＿＿＿＿＿
＿＿＿＿＿＿＿＿＿＿
＿＿＿＿＿＿＿＿＿＿
＿＿＿＿＿＿＿＿＿＿
＿＿＿□□＿■＿＿＿
＿＿□□□■■＿＿＿
□□□□□■□＿＿＿
□□□□□□□□□＿
□□□□□□□□□＿
□□□□□□□＿□□
□□□□□□＿□□＿
□□□＿□□□□□□
□＿□□□□＿□□□
□＿□□□□□□□□
00:25:46(46398f):field(46397f)
＿＿＿＿＿＿＿＿＿＿
＿＿＿＿＿＿＿＿＿＿
＿＿＿＿＿＿＿＿＿＿
＿＿＿＿＿＿＿＿＿＿
＿＿＿＿＿＿＿＿＿＿
＿＿＿＿＿＿＿＿＿＿
＿＿＿＿＿＿＿＿＿＿
＿＿＿＿＿■＿＿＿＿
＿＿＿＿＿■＿＿＿＿
＿＿＿＿＿■＿＿＿＿
＿＿＿□□■□＿＿＿
＿＿□□□□□＿＿＿
□□□□□□□＿＿＿
□□□□□□□□□＿
□□□□□□□□□＿
□□□□□□□＿□□
□□□□□□＿□□＿
□□□＿□□□□□□
□＿□□□□＿□□□
□＿□□□□□□□□
00:25:47(46411f):field(46410f)
＿＿＿＿＿＿＿＿＿＿
＿＿＿＿＿＿＿＿＿＿
＿＿＿＿＿＿＿＿＿＿
＿＿＿＿＿＿＿＿＿＿
＿＿＿＿＿＿＿＿＿＿
＿＿＿＿＿＿＿＿＿＿
＿＿＿＿＿＿＿＿＿＿
＿＿＿＿■□＿＿＿＿
＿＿＿＿■□＿＿＿＿
＿＿＿■■□＿＿＿＿
＿＿＿□□□□＿＿＿
＿＿□□□□□＿＿＿
□□□□□□□＿＿＿
□□□□□□□□□＿
□□□□□□□□□＿
□□□□□□□＿□□
□□□□□□＿□□＿
□□□＿□□□□□□
□＿□□□□＿□□□
□＿□□□□□□□□
00:25:47(46425f):field(46424f)
＿＿＿＿＿＿＿＿＿＿
＿＿＿＿＿＿＿＿＿＿
＿＿＿＿＿＿＿＿＿＿
＿＿＿＿＿＿＿＿＿＿
＿＿＿＿＿＿＿＿＿＿
＿＿＿＿＿＿＿＿＿＿
＿＿＿＿＿＿＿＿＿＿
＿＿＿＿□□＿＿＿＿
＿＿＿＿□□＿＿＿＿
＿＿＿□□□＿＿＿＿
＿■■□□□□＿＿＿
■■□□□□□＿＿＿
□□□□□□□＿＿＿
□□□□□□□□□＿
□□□□□□□□□＿
□□□□□□□＿□□
□□□□□□＿□□＿
□□□＿□□□□□□
□＿□□□□＿□□□
□＿□□□□□□□□
00:25:47(46437f):field(46436f)
＿＿＿＿＿＿＿＿＿＿
＿＿＿＿＿＿＿＿＿＿
＿＿＿＿＿＿＿＿＿＿
＿＿＿＿＿＿＿＿＿＿
＿＿＿＿＿＿＿＿＿＿
＿＿＿＿＿＿＿＿＿＿
＿＿＿＿＿＿＿＿＿＿
＿＿＿＿□□＿＿＿＿
■＿＿＿□□＿＿＿＿
■■＿□□□＿＿＿＿
■□□□□□□＿＿＿
□□□□□□□＿＿＿
□□□□□□□＿＿＿
□□□□□□□□□＿
□□□□□□□□□＿
□□□□□□□＿□□
□□□□□□＿□□＿
□□□＿□□□□□□
□＿□□□□＿□□□
□＿□□□□□□□□
00:25:48(46453f):field(46452f)
＿＿＿＿＿＿＿＿＿＿
＿＿＿＿＿＿＿＿＿＿
＿＿＿＿＿＿＿＿＿＿
＿＿＿＿＿＿＿＿＿＿
＿＿＿＿＿＿＿＿＿＿
＿＿＿＿＿＿＿＿＿＿
＿＿＿＿＿＿＿＿＿＿
＿＿＿＿□□＿＿＿＿
□＿＿＿□□＿＿＿＿
□□＿□□□＿＿＿＿
□□□□□□□■＿＿
□□□□□□□■＿＿
□□□□□□□■■＿
□□□□□□□□□＿
□□□□□□□□□＿
□□□□□□□＿□□
□□□□□□＿□□＿
□□□＿□□□□□□
□＿□□□□＿□□□
□＿□□□□□□□□
00:25:48(46469f):field(46468f)
＿＿＿＿＿＿＿＿＿＿
＿＿＿＿＿＿＿＿＿＿
＿＿＿＿＿＿＿＿＿＿
＿＿＿＿＿＿＿＿＿＿
＿＿＿＿＿＿＿＿＿＿
＿＿＿＿＿＿＿＿＿＿
＿＿＿＿＿＿＿＿＿＿
＿＿＿＿◆◆＿＿＿＿
◆＿＿＿◆◆＿＿＿＿
◆□＿◆□□＿＿＿＿
□◆◆◆□□□◆＿＿
□□◆□□□◆□＿＿
□□□□□□□□□＿
□□□□□□□□□＿
□□□□□□□□□＿
□□□□□□□＿□□
□□□□□□＿□□＿
□□□＿□□□□□□
□＿□□□□＿□□□
□＿□□□□□□□□
00:25:49(46484f):field(46483f)
＿＿＿＿＿＿＿＿＿＿
＿＿＿＿＿＿＿＿＿＿
＿＿＿＿＿＿＿＿＿＿
＿＿＿＿＿＿＿＿＿＿
＿＿＿＿＿＿＿＿＿＿
＿＿＿＿＿＿＿＿＿＿
＿＿＿＿＿＿＿＿＿＿
＿＿＿＿＿＿＿＿＿＿
＿＿＿＿＿＿＿＿＿＿
＿◆＿＿◆◆＿＿＿＿
◆＿＿＿◆◆◆＿＿＿
◆◆■◆◆□＿◆＿■
◆◆◆□□□◆◆□＿
□◆◆□□□◆◆◆＿
□□◆□□□□◆◆■
□□□□□□□＿□□
□□□□□□■□□＿
□□□＿□□□□□□
□＿□□□□＿□□□
□＿□□□□□□□□
00:25:50(46502f):field(46501f)
＿＿＿＿＿＿＿＿＿＿
＿＿＿＿＿＿＿＿＿＿
＿＿＿＿＿＿＿＿＿＿
＿＿＿＿＿＿＿＿＿＿
＿＿＿＿＿＿＿＿＿＿
＿＿＿＿＿＿＿＿＿＿
＿＿＿＿＿＿＿＿＿＿
＿＿＿＿＿＿＿＿＿＿
＿＿＿＿＿＿＿＿＿＿
＿＿＿＿＿＿＿＿＿＿
＿＿＿＿＿＿＿＿＿＿
＿＿◆＿＿◆＿＿＿◆
＿＿＿◆◆◆＿＿◆＿
◆＿＿◆□□＿＿＿＿
□◆＿◆□□□＿＿◆
□□◆□□□□■◆□
□□□□□□◆□□＿
□□□■□□□□□□
□■□□□□＿□□□
□＿□□□□□□□□
00:25:50(46513f):field(46512f)
＿＿＿＿＿＿＿＿＿＿
＿＿＿＿＿＿＿＿＿＿
＿＿＿＿＿＿＿＿＿＿
＿＿＿＿＿＿＿＿＿＿
＿＿＿＿＿＿＿＿＿＿
＿＿＿＿＿＿＿＿＿＿
＿＿＿＿＿＿＿＿＿＿
＿＿＿＿＿＿＿＿＿＿
＿＿＿＿＿＿＿＿＿＿
＿＿＿＿＿＿＿＿＿＿
＿＿＿＿＿＿＿＿＿＿
＿＿＿＿＿＿＿＿＿＿
＿＿＿＿＿＿＿＿＿＿
＿＿＿■□□＿＿＿＿
□＿■■□□□＿＿＿
□□■□□□□□＿□
□□□□□□＿□□＿
□□□◆□□□□□□
□◆□□□□＿□□□
□＿□□□□□□□□
00:25:50(46529f):field(46528f)
＿＿＿＿＿＿＿＿＿＿
＿＿＿＿＿＿＿＿＿＿
＿＿＿＿＿＿＿＿＿＿
＿＿＿＿＿＿＿＿＿＿
＿＿＿＿＿＿＿＿＿＿
＿＿＿＿＿＿＿＿＿＿
＿＿＿＿＿＿＿＿＿＿
＿＿＿＿＿＿＿＿＿＿
＿＿＿＿＿＿＿＿＿＿
＿＿＿＿＿＿＿＿＿＿
＿＿＿＿＿＿＿＿＿＿
＿＿＿＿＿＿＿＿＿＿
＿＿＿＿＿＿＿＿＿＿
■■■□□□＿＿＿＿
□■□□□□□＿＿＿
□□□□□□□□＿□
□□□□□□＿□□＿
□□□＿□□□□□□
□＿□□□□＿□□□
□＿□□□□□□□□
00:25:51(46541f):field(46540f)
＿＿＿＿＿＿＿＿＿＿
＿＿＿＿＿＿＿＿＿＿
＿＿＿＿＿＿＿＿＿＿
＿＿＿＿＿＿＿＿＿＿
＿＿＿＿＿＿＿＿＿＿
＿＿＿＿＿＿＿＿＿＿
＿＿＿＿＿＿＿＿＿＿
＿＿＿＿＿＿＿＿＿＿
＿＿＿＿＿＿＿＿＿＿
＿＿＿＿＿＿＿＿＿＿
＿＿＿＿＿＿＿＿＿＿
■■＿＿＿＿＿＿＿＿
■■＿＿＿＿＿＿＿＿
□□□□□□＿＿＿＿
□□□□□□□＿＿＿
□□□□□□□□＿□
□□□□□□＿□□＿
□□□＿□□□□□□
□＿□□□□＿□□□
□＿□□□□□□□□
00:25:51(46553f):field(46552f)
＿＿＿＿＿＿＿＿＿＿
＿＿＿＿＿＿＿＿＿＿
＿＿＿＿＿＿＿＿＿＿
＿＿＿＿＿＿＿＿＿＿
＿＿＿＿＿＿＿＿＿＿
＿＿＿＿＿＿＿＿＿＿
＿＿＿＿＿＿＿＿＿＿
＿＿＿＿＿＿＿＿＿＿
＿＿＿＿＿＿＿＿＿＿
＿＿＿＿＿＿＿＿＿＿
＿＿＿＿＿＿＿＿＿＿
□□■＿＿＿＿＿＿＿
□□■■■＿＿＿＿＿
□□□□□□＿＿＿＿
□□□□□□□＿＿＿
□□□□□□□□＿□
□□□□□□＿□□＿
□□□＿□□□□□□
□＿□□□□＿□□□
□＿□□□□□□□□
00:25:52(46571f):field(46570f)
＿＿＿＿＿＿＿＿＿＿
＿＿＿＿＿＿＿＿＿＿
＿＿＿＿＿＿＿＿＿＿
＿＿＿＿＿＿＿＿＿＿
＿＿＿＿＿＿＿＿＿＿
＿＿＿＿＿＿＿＿＿＿
＿＿＿＿＿＿＿＿＿＿
＿＿＿＿＿＿＿＿＿＿
＿＿＿＿＿＿＿＿＿＿
＿＿＿＿＿＿＿＿＿＿
＿＿＿＿＿＿＿＿＿＿
◆◆◆＿＿＿＿＿＿＿
□□□◆◆■＿＿＿＿
□□□□□□＿＿＿＿
□□□□□□□＿■＿
□□□□□□□□＿□
□□□□□□＿□□＿
□□□＿□□□□□□
□＿□□□□＿□□□
□＿□□□□□□□□
00:25:52(46587f):field(46586f)
＿＿＿＿＿＿＿＿＿＿
＿＿＿＿＿＿＿＿＿＿
＿＿＿＿＿＿＿＿＿＿
＿＿＿＿＿＿＿＿＿＿
＿＿＿＿＿＿＿＿＿＿
＿＿＿＿＿＿＿＿＿＿
＿＿＿＿＿＿＿＿＿＿
＿＿＿＿＿＿＿＿＿＿
＿＿＿＿＿＿＿＿＿＿
＿＿＿＿＿＿＿＿＿＿
＿＿＿＿＿＿＿＿＿＿
＿＿＿＿＿＿＿＿＿＿
◆◆◆＿＿◆＿＿＿＿
□□□◆◆◆＿＿＿＿
□□□□□◆◆■◆＿
□□□□□□□□■□
□□□□□□＿□□＿
□□□＿□□□□□□
□＿□□□□＿□□□
□＿□□□□□□□□
00:25:53(46599f):field(46598f)
＿＿＿＿＿＿＿＿＿＿
＿＿＿＿＿＿＿＿＿＿
＿＿＿＿＿＿＿＿＿＿
＿＿＿＿＿＿＿＿＿＿
＿＿＿＿＿＿＿＿＿＿
＿＿＿＿＿＿＿＿＿＿
＿＿＿＿＿＿＿＿＿＿
＿＿＿＿＿＿＿＿＿＿
＿＿＿＿＿＿＿＿＿＿
＿＿＿＿＿＿＿＿＿＿
＿＿＿＿＿＿＿＿＿＿
＿＿＿＿＿＿＿＿＿＿
＿＿＿＿＿■＿＿＿＿
□□□＿＿■＿＿＿＿
□□□□□■■□＿＿
□□□□□□□□□◆
□□□□□□＿□□＿
□□□＿□□□□□□
□＿□□□□＿□□□
□＿□□□□□□□□
00:25:53(46611f):field(46610f)
＿＿＿＿＿＿＿＿＿＿
＿＿＿＿＿＿＿＿＿＿
＿＿＿＿＿＿＿＿＿＿
＿＿＿＿＿＿＿＿＿＿
＿＿＿＿＿＿＿＿＿＿
＿＿＿＿＿＿＿＿＿＿
＿＿＿＿＿＿＿＿＿＿
＿＿＿＿＿＿＿＿＿＿
＿＿＿＿＿＿＿＿＿＿
＿＿＿＿＿＿＿＿＿＿
＿＿＿＿＿＿＿＿＿＿
＿＿＿＿＿＿＿＿＿＿
＿＿■■＿□＿＿＿＿
□□□■■□＿＿＿＿
□□□□□□□□＿＿
□□□□□□□□□＿
□□□□□□＿□□＿
□□□＿□□□□□□
□＿□□□□＿□□□
□＿□□□□□□□□
00:25:54(46625f):field(46624f)
＿＿＿＿＿＿＿＿＿＿
＿＿＿＿＿＿＿＿＿＿
＿＿＿＿＿＿＿＿＿＿
＿＿＿＿＿＿＿＿＿＿
＿＿＿＿＿＿＿＿＿＿
＿＿＿＿＿＿＿＿＿＿
＿＿＿＿＿＿＿＿＿＿
＿＿＿＿＿＿＿＿＿＿
＿＿＿＿＿＿＿＿＿＿
＿＿＿＿＿＿＿＿＿＿
＿＿＿＿＿＿＿＿＿＿
＿＿＿＿＿＿＿＿＿＿
＿＿□□＿□＿＿＿＿
□□□□□□■■■＿
□□□□□□□□■＿
□□□□□□□□□＿
□□□□□□＿□□＿
□□□＿□□□□□□
□＿□□□□＿□□□
□＿□□□□□□□□
00:25:54(46638f):field(46637f)
＿＿＿＿＿＿＿＿＿＿
＿＿＿＿＿＿＿＿＿＿
＿＿＿＿＿＿＿＿＿＿
＿＿＿＿＿＿＿＿＿＿
＿＿＿＿＿＿＿＿＿＿
＿＿＿＿＿＿＿＿＿＿
＿＿＿＿＿＿＿＿＿＿
＿＿＿＿＿＿＿＿＿＿
＿＿＿＿＿＿＿＿＿＿
＿＿＿＿＿＿＿＿＿＿
＿＿＿＿＿＿＿＿＿＿
＿＿＿■■■＿＿＿＿
＿＿□□■□＿＿＿＿
□□□□□□□□□＿
□□□□□□□□□＿
□□□□□□□□□＿
□□□□□□＿□□＿
□□□＿□□□□□□
□＿□□□□＿□□□
□＿□□□□□□□□
00:25:55(46651f):field(46650f)
＿＿＿＿＿＿＿＿＿＿
＿＿＿＿＿＿＿＿＿＿
＿＿＿＿＿＿＿＿＿＿
＿＿＿＿＿＿＿＿＿＿
＿＿＿＿＿＿＿＿＿＿
＿＿＿＿＿＿＿＿＿＿
＿＿＿＿＿＿＿＿＿＿
＿＿＿＿＿＿＿＿＿＿
＿＿＿＿＿＿＿＿＿＿
＿＿＿＿＿＿＿＿＿＿
＿＿＿＿＿＿＿＿＿＿
＿■■□□□＿＿＿＿
■■□□□□＿＿＿＿
□□□□□□□□□＿
□□□□□□□□□＿
□□□□□□□□□＿
□□□□□□＿□□＿
□□□＿□□□□□□
□＿□□□□＿□□□
□＿□□□□□□□□
00:25:55(46669f):field(46668f)
＿＿＿＿＿＿＿＿＿＿
＿＿＿＿＿＿＿＿＿＿
＿＿＿＿＿＿＿＿＿＿
＿＿＿＿＿＿＿＿＿＿
＿＿＿＿＿＿＿＿＿＿
＿＿＿＿＿＿＿＿＿＿
＿＿＿＿＿＿＿＿＿＿
＿＿＿＿＿＿＿＿＿＿
＿＿＿＿＿＿＿＿＿＿
＿＿＿＿＿＿＿＿＿＿
＿＿＿＿＿＿＿＿＿＿
＿◆◆◆◆◆＿＿＿＿
◆◆◆◆◆◆■＿＿＿
□□◆◆◆◆◆◆◆＿
◆□□□□□◆◆◆＿
□□□□□□◆◆◆＿
□□□□□□＿□□■
□□□＿□□□□□□
□＿□□□□＿□□□
□＿□□□□□□□□
00:25:56(46684f):field(46683f)
＿＿＿＿＿＿＿＿＿＿
＿＿＿＿＿＿＿＿＿＿
＿＿＿＿＿＿＿＿＿＿
＿＿＿＿＿＿＿＿＿＿
＿＿＿＿＿＿＿＿＿＿
＿＿＿＿＿＿＿＿＿＿
＿＿＿＿＿＿＿＿＿＿
＿＿＿＿＿＿＿＿＿＿
＿＿＿＿＿＿＿＿＿＿
＿＿＿＿＿＿＿＿＿＿
＿＿＿＿＿＿＿＿＿＿
＿＿＿＿＿＿＿＿＿＿
＿＿＿＿＿＿◆＿＿＿
◆◆＿＿＿＿＿＿＿＿
＿◆◆◆◆◆＿＿＿＿
◆□□□□□■■＿＿
□□□□□□■◆◆◆
□□□＿□□□□□□
□＿□□□□＿□□□
□＿□□□□□□□□
00:25:56(46696f):field(46695f)
＿＿＿＿＿＿＿＿＿＿
＿＿＿＿＿＿＿＿＿＿
＿＿＿＿＿＿＿＿＿＿
＿＿＿＿＿＿＿＿＿＿
＿＿＿＿＿＿＿＿＿＿
＿＿＿＿＿＿＿＿＿＿
＿＿＿＿＿＿＿＿＿＿
＿＿＿＿＿＿＿＿＿＿
＿＿＿＿＿＿＿＿＿＿
＿＿＿＿＿＿＿＿＿＿
＿＿＿＿＿＿＿＿＿＿
＿＿＿＿＿＿＿＿＿＿
＿＿＿＿＿＿＿＿＿＿
＿＿＿＿＿＿＿＿＿＿
＿＿＿＿＿＿＿＿＿■
＿□□□□□□□■■
□□□□□□□＿■＿
□□□＿□□□□□□
□＿□□□□＿□□□
□＿□□□□□□□□
00:25:57(46712f):field(46711f)
＿＿＿＿＿＿＿＿＿＿
＿＿＿＿＿＿＿＿＿＿
＿＿＿＿＿＿＿＿＿＿
＿＿＿＿＿＿＿＿＿＿
＿＿＿＿＿＿＿＿＿＿
＿＿＿＿＿＿＿＿＿＿
＿＿＿＿＿＿＿＿＿＿
＿＿＿＿＿＿＿＿＿＿
＿＿＿＿＿＿＿＿＿＿
＿＿＿＿＿＿＿＿＿＿
＿＿＿＿＿＿＿＿＿＿
＿＿＿＿＿＿＿＿＿＿
＿＿＿＿＿＿＿＿＿＿
＿＿＿＿＿＿＿＿＿＿
＿＿■＿＿＿＿＿＿◆
■□□◆◆◆◆◆◆□
□□□□□□□＿□＿
□□□＿□□□□□□
□＿□□□□＿□□□
□■□□□□□□□□
00:25:57(46725f):field(46724f)
＿＿＿＿＿＿＿＿＿＿
＿＿＿＿＿＿＿＿＿＿
＿＿＿＿＿＿＿＿＿＿
＿＿＿＿＿＿＿＿＿＿
＿＿＿＿＿＿＿＿＿＿
＿＿＿＿＿＿＿＿＿＿
＿＿＿＿＿＿＿＿＿＿
＿＿＿＿＿＿＿＿＿＿
＿＿＿＿＿＿＿＿＿＿
＿＿＿＿＿＿＿＿＿＿
＿＿＿＿＿＿＿＿＿＿
＿＿＿＿＿＿＿＿＿＿
＿＿＿＿＿＿＿＿＿＿
＿＿＿＿＿＿＿＿＿＿
＿＿◆＿＿＿＿＿＿＿
□□□＿＿＿■■■□
□□□□□□□■□＿
□□□＿□□□□□□
□＿□□□□＿□□□
□◆□□□□□□□□
00:25:57(46738f):field(46737f)
＿＿＿＿＿＿＿＿＿＿
＿＿＿＿＿＿＿＿＿＿
＿＿＿＿＿＿＿＿＿＿
＿＿＿＿＿＿＿＿＿＿
＿＿＿＿＿＿＿＿＿＿
＿＿＿＿＿＿＿＿＿＿
＿＿＿＿＿＿＿＿＿＿
＿＿＿＿＿＿＿＿＿＿
＿＿＿＿＿＿＿＿＿＿
＿＿＿＿＿＿＿＿＿＿
＿＿＿＿＿＿＿＿＿＿
＿＿＿＿＿＿＿＿＿＿
＿＿＿＿■＿＿＿＿＿
＿＿＿＿■＿＿＿＿＿
＿＿＿＿■＿＿＿＿＿
□□□＿■＿□□□□
□□□□□□□□□＿
□□□＿□□□□□□
□＿□□□□＿□□□
□＿□□□□□□□□
00:25:58(46750f):field(46749f)
＿＿＿＿＿＿＿＿＿＿
＿＿＿＿＿＿＿＿＿＿
＿＿＿＿＿＿＿＿＿＿
＿＿＿＿＿＿＿＿＿＿
＿＿＿＿＿＿＿＿＿＿
＿＿＿＿＿＿＿＿＿＿
＿＿＿＿＿＿＿＿＿＿
＿＿＿＿＿＿＿＿＿＿
＿＿＿＿＿＿＿＿＿＿
＿＿＿＿＿＿＿＿＿＿
＿＿＿＿＿＿＿＿＿＿
＿＿＿＿＿＿＿＿＿＿
＿＿＿＿□＿＿＿＿＿
＿＿■＿□＿＿＿＿＿
＿＿■■□＿＿＿＿＿
□□□■□＿□□□□
□□□□□□□□□＿
□□□＿□□□□□□
□＿□□□□＿□□□
□＿□□□□□□□□
00:25:58(46767f):field(46766f)
＿＿＿＿＿＿＿＿＿＿
＿＿＿＿＿＿＿＿＿＿
＿＿＿＿＿＿＿＿＿＿
＿＿＿＿＿＿＿＿＿＿
＿＿＿＿＿＿＿＿＿＿
＿＿＿＿＿＿＿＿＿＿
＿＿＿＿＿＿＿＿＿＿
＿＿＿＿＿＿＿＿＿＿
＿＿＿＿＿＿＿＿＿＿
＿＿＿＿＿＿＿＿＿＿
＿＿＿＿＿＿＿＿＿＿
＿＿＿＿＿＿＿＿＿＿
＿＿＿＿◆＿＿＿＿＿
＿＿◆＿□＿＿＿＿＿
＿＿□◆□＿■＿＿＿
◆◆□□□■□◆◆◆
□□□□□□□□□＿
□□□＿□□□□□□
□＿□□□□＿□□□
□＿□□□□□□□□
00:25:59(46782f):field(46781f)
＿＿＿＿＿＿＿＿＿＿
＿＿＿＿＿＿＿＿＿＿
＿＿＿＿＿＿＿＿＿＿
＿＿＿＿＿＿＿＿＿＿
＿＿＿＿＿＿＿＿＿＿
＿＿＿＿＿＿＿＿＿＿
＿＿＿＿＿＿＿＿＿＿
＿＿＿＿＿＿＿＿＿＿
＿＿＿＿＿＿＿＿＿＿
＿＿＿＿＿＿＿＿＿＿
＿＿＿＿＿＿＿＿＿＿
＿＿＿＿＿＿＿＿＿＿
＿＿＿＿＿＿＿＿＿＿
■＿＿＿□＿＿＿＿＿
■＿□＿□＿□＿＿＿
■■□□□□□＿＿＿
□□□□□□□□□＿
□□□＿□□□□□□
□＿□□□□＿□□□
□＿□□□□□□□□
00:25:59(46795f):field(46794f)
＿＿＿＿＿＿＿＿＿＿
＿＿＿＿＿＿＿＿＿＿
＿＿＿＿＿＿＿＿＿＿
＿＿＿＿＿＿＿＿＿＿
＿＿＿＿＿＿＿＿＿＿
＿＿＿＿＿＿＿＿＿＿
＿＿＿＿＿＿＿＿＿＿
＿＿＿＿＿＿＿＿＿＿
＿＿＿＿＿＿＿＿＿＿
＿＿＿＿＿＿＿＿＿＿
＿＿＿＿＿＿＿＿＿＿
＿＿＿＿＿＿＿＿＿＿
＿＿＿■■＿＿＿＿＿
□＿＿■□＿＿＿＿＿
□＿□■□＿□＿＿＿
□□□□□□□＿＿＿
□□□□□□□□□＿
□□□＿□□□□□□
□＿□□□□＿□□□
□＿□□□□□□□□
00:26:00(46808f):field(46807f)
＿＿＿＿＿＿＿＿＿＿
＿＿＿＿＿＿＿＿＿＿
＿＿＿＿＿＿＿＿＿＿
＿＿＿＿＿＿＿＿＿＿
＿＿＿＿＿＿＿＿＿＿
＿＿＿＿＿＿＿＿＿＿
＿＿＿＿＿＿＿＿＿＿
＿＿＿＿＿＿＿＿＿＿
＿＿＿＿＿＿＿＿＿＿
＿＿＿＿＿＿＿＿＿＿
＿＿＿＿＿＿＿＿＿＿
＿＿＿＿＿■＿＿＿＿
＿＿＿□□■＿＿＿＿
□＿＿□□■＿＿＿＿
□＿□□□■□＿＿＿
□□□□□□□＿＿＿
□□□□□□□□□＿
□□□＿□□□□□□
□＿□□□□＿□□□
□＿□□□□□□□□
00:26:01(46833f):field(46832f)
＿＿＿＿＿＿＿＿＿＿
＿＿＿＿＿＿＿＿＿＿
＿＿＿＿＿＿＿＿＿＿
＿＿＿＿＿＿＿＿＿＿
＿＿＿＿＿＿＿＿＿＿
＿＿＿＿＿＿＿＿＿＿
＿＿＿＿＿＿＿＿＿＿
＿＿＿＿＿＿＿＿＿＿
＿＿＿＿＿＿＿＿＿＿
＿＿＿＿＿＿＿＿＿＿
＿＿＿■■＿＿＿＿＿
＿＿＿■■□＿＿＿＿
＿■＿□□□＿＿＿＿
□■■□□□＿＿＿＿
□■□□□□□＿＿＿
□□□□□□□＿＿＿
□□□□□□□□□＿
□□□＿□□□□□□
□＿□□□□＿□□□
□＿□□□□□□□□
00:26:01(46846f):field(46845f)
＿＿＿＿＿＿＿＿＿＿
＿＿＿＿＿＿＿＿＿＿
＿＿＿＿＿＿＿＿＿＿
＿＿＿＿＿＿＿＿＿＿
＿＿＿＿＿＿＿＿＿＿
＿＿＿＿＿＿＿＿＿＿
＿＿＿＿＿＿＿＿＿＿
＿＿＿＿＿＿＿＿＿＿
＿＿＿＿＿＿＿＿＿＿
＿■＿＿＿＿＿＿＿＿
■■＿□□＿＿＿＿＿
＿■＿□□□＿＿＿＿
＿□＿□□□＿＿＿＿
□□□□□□＿＿＿＿
□□□□□□□＿＿＿
□□□□□□□＿＿＿
□□□□□□□□□＿
□□□＿□□□□□□
□＿□□□□＿□□□
□＿□□□□□□□□
00:26:02(46862f):field(46861f)
＿＿＿＿＿＿＿＿＿＿
＿＿＿＿＿＿＿＿＿＿
＿＿＿＿＿＿＿＿＿＿
＿＿＿＿＿＿＿＿＿＿
＿＿＿＿＿＿＿＿＿＿
＿＿＿＿＿＿＿＿＿＿
＿＿＿＿＿＿＿＿＿＿
＿＿＿＿＿＿＿＿＿＿
＿＿＿＿＿＿＿＿＿＿
＿□＿＿＿＿＿＿＿＿
□□＿□□＿＿＿＿＿
＿□＿□□□＿＿＿＿
＿□＿□□□＿＿＿＿
□□□□□□＿＿＿■
□□□□□□□＿■■
□□□□□□□＿■＿
□□□□□□□□□＿
□□□＿□□□□□□
□＿□□□□＿□□□
□＿□□□□□□□□
00:26:02(46878f):field(46877f)
＿＿＿＿＿＿＿＿＿＿
＿＿＿＿＿＿＿＿＿＿
＿＿＿＿＿＿＿＿＿＿
＿＿＿＿＿＿＿＿＿＿
＿＿＿＿＿＿＿＿＿＿
＿＿＿＿＿＿＿＿＿＿
＿＿＿＿＿＿＿＿＿＿
＿＿＿＿＿＿＿＿＿＿
＿＿＿＿＿＿＿＿＿＿
＿◆＿＿＿＿＿＿＿＿
◆□＿◆◆＿＿＿＿＿
■□＿□□◆＿＿＿＿
＿□＿□□□＿＿＿＿
◆□◆□□□＿＿＿◆
□□□□□□◆■□□
□□□□□□□■□＿
□□□□□□□□□＿
□□□＿□□□□□□
□＿□□□□＿□□□
□＿□□□□□□□□
00:26:03(46890f):field(46889f)
＿＿＿＿＿＿＿＿＿＿
＿＿＿＿＿＿＿＿＿＿
＿＿＿＿＿＿＿＿＿＿
＿＿＿＿＿＿＿＿＿＿
＿＿＿＿＿＿＿＿＿＿
＿＿＿＿＿＿＿＿＿＿
＿＿＿＿＿＿＿＿＿＿
＿＿＿＿＿＿＿＿＿＿
＿＿＿＿＿＿＿＿＿＿
＿＿＿■■＿＿＿＿＿
＿□＿■■＿＿＿＿＿
□□＿□□＿＿＿＿＿
＿□＿□□□＿＿＿＿
＿□＿□□□＿＿＿＿
□□□□□□＿□□□
□□□□□□□□□＿
□□□□□□□□□＿
□□□＿□□□□□□
□＿□□□□＿□□□
□＿□□□□□□□□
00:26:03(46905f):field(46904f)
＿＿＿＿＿＿＿＿＿＿
＿＿＿＿＿＿＿＿＿＿
＿＿＿＿＿＿＿＿＿＿
＿＿＿＿＿＿＿＿＿＿
＿＿＿＿＿＿＿＿＿＿
＿＿＿＿＿＿＿＿＿＿
＿＿＿＿＿＿＿＿＿＿
＿＿＿＿＿＿＿＿＿＿
＿＿＿＿＿＿＿＿＿＿
＿＿＿□□＿＿＿＿＿
＿□＿□□＿＿＿＿＿
□□＿□□＿＿＿＿＿
＿□＿□□□＿＿■■
＿□＿□□□＿■■＿
□□□□□□＿□□□
□□□□□□□□□＿
□□□□□□□□□＿
□□□＿□□□□□□
□＿□□□□＿□□□
□＿□□□□□□□□
00:26:03(46918f):field(46917f)
＿＿＿＿＿＿＿＿＿＿
＿＿＿＿＿＿＿＿＿＿
＿＿＿＿＿＿＿＿＿＿
＿＿＿＿＿＿＿＿＿＿
＿＿＿＿＿＿＿＿＿＿
＿＿＿＿＿＿＿＿＿＿
＿＿＿＿＿＿＿＿＿＿
＿＿＿＿＿＿＿＿＿＿
＿＿＿＿＿＿＿＿＿＿
＿＿＿□□＿＿＿＿＿
＿□■□□＿＿＿＿＿
□□■□□＿＿＿＿＿
＿□■□□□＿＿□□
＿□■□□□＿□□＿
□□□□□□＿□□□
□□□□□□□□□＿
□□□□□□□□□＿
□□□＿□□□□□□
□＿□□□□＿□□□
□＿□□□□□□□□
00:26:04(46930f):field(46929f)
＿＿＿＿＿＿＿＿＿＿
＿＿＿＿＿＿＿＿＿＿
＿＿＿＿＿＿＿＿＿＿
＿＿＿＿＿＿＿＿＿＿
＿＿＿＿＿＿＿＿＿＿
＿＿＿＿＿＿＿＿＿＿
＿＿＿＿＿＿＿＿＿＿
＿＿＿＿＿＿＿＿＿＿
＿＿＿＿＿＿＿＿＿＿
＿＿＿□□＿＿＿＿＿
＿□□□□＿＿＿＿＿
□□□□□＿■＿＿＿
＿□□□□□■■□□
＿□□□□□■□□＿
□□□□□□＿□□□
□□□□□□□□□＿
□□□□□□□□□＿
□□□＿□□□□□□
□＿□□□□＿□□□
□＿□□□□□□□□
00:26:04(46945f):field(46944f)
＿＿＿＿＿＿＿＿＿＿
＿＿＿＿＿＿＿＿＿＿
＿＿＿＿＿＿＿＿＿＿
＿＿＿＿＿＿＿＿＿＿
＿＿＿＿＿＿＿＿＿＿
＿＿＿＿＿＿＿＿＿＿
＿＿＿＿＿＿＿＿＿＿
＿＿＿＿＿＿＿＿＿＿
＿＿＿＿＿＿＿＿＿＿
＿＿＿□□＿＿＿＿＿
＿□□□□■■■＿＿
□□□□□■□＿＿＿
＿□□□□□□□□□
＿□□□□□□□□＿
□□□□□□＿□□□
□□□□□□□□□＿
□□□□□□□□□＿
□□□＿□□□□□□
□＿□□□□＿□□□
□＿□□□□□□□□
00:26:05(46958f):field(46957f)
＿＿＿＿＿＿＿＿＿＿
＿＿＿＿＿＿＿＿＿＿
＿＿＿＿＿＿＿＿＿＿
＿＿＿＿＿＿＿＿＿＿
＿＿＿＿＿＿＿＿＿＿
＿＿＿＿＿＿＿＿＿＿
＿＿＿＿＿＿＿＿＿＿
＿＿＿＿＿＿＿＿＿＿
＿＿＿＿＿■■＿＿＿
＿＿＿□□■■＿＿＿
＿□□□□□□□＿＿
□□□□□□□＿＿＿
＿□□□□□□□□□
＿□□□□□□□□＿
□□□□□□＿□□□
□□□□□□□□□＿
□□□□□□□□□＿
□□□＿□□□□□□
□＿□□□□＿□□□
□＿□□□□□□□□
00:26:05(46971f):field(46970f)
＿＿＿＿＿＿＿＿＿＿
＿＿＿＿＿＿＿＿＿＿
＿＿＿＿＿＿＿＿＿＿
＿＿＿＿＿＿＿＿＿＿
＿＿＿＿＿＿＿＿＿＿
＿＿＿＿＿＿＿＿＿＿
＿＿＿＿＿■＿＿＿＿
＿＿＿＿■■＿＿＿＿
＿＿＿＿■□□＿＿＿
＿＿＿□□□□＿＿＿
＿□□□□□□□＿＿
□□□□□□□＿＿＿
＿□□□□□□□□□
＿□□□□□□□□＿
□□□□□□＿□□□
□□□□□□□□□＿
□□□□□□□□□＿
□□□＿□□□□□□
□＿□□□□＿□□□
□＿□□□□□□□□
00:26:06(46984f):field(46983f)
＿＿＿＿＿＿＿＿＿＿
＿＿＿＿＿＿＿＿＿＿
＿＿＿＿＿＿＿＿＿＿
＿＿＿＿＿＿＿＿＿＿
＿＿＿＿＿＿＿＿＿＿
＿＿＿＿＿＿＿＿＿＿
＿＿＿＿＿□＿＿＿＿
＿＿＿＿□□＿＿＿＿
＿＿＿＿□□□＿＿■
＿＿＿□□□□＿＿■
＿□□□□□□□＿■
□□□□□□□＿＿■
＿□□□□□□□□□
＿□□□□□□□□＿
□□□□□□＿□□□
□□□□□□□□□＿
□□□□□□□□□＿
□□□＿□□□□□□
□＿□□□□＿□□□
□＿□□□□□□□□
00:26:06(46997f):field(46996f)
＿＿＿＿＿＿＿＿＿＿
＿＿＿＿＿＿＿＿＿＿
＿＿＿＿＿＿＿＿＿＿
＿＿＿＿＿＿＿＿＿＿
＿＿＿＿＿＿＿＿＿＿
＿＿＿＿＿＿＿＿＿＿
＿＿＿＿＿□＿＿＿＿
＿＿＿＿□□＿＿＿＿
■＿＿＿□□□＿＿□
■■＿□□□□＿＿□
■□□□□□□□＿□
□□□□□□□＿＿□
＿□□□□□□□□□
＿□□□□□□□□＿
□□□□□□＿□□□
□□□□□□□□□＿
□□□□□□□□□＿
□□□＿□□□□□□
□＿□□□□＿□□□
□＿□□□□□□□□
00:26:07(47021f):field(47020f)
＿＿＿＿＿＿＿＿＿＿
＿＿＿＿＿＿＿＿＿＿
＿＿＿＿＿＿＿＿＿＿
＿＿＿＿＿＿＿＿＿＿
＿＿＿＿＿＿＿＿＿＿
＿＿＿＿＿＿＿＿＿＿
＿＿＿＿＿◆＿＿＿＿
＿＿＿＿◆□＿＿＿＿
◆＿＿＿□□□＿＿◆
□□■◆□□□＿＿□
□□◆□□□□□■□
□□□□□□□■■□
■□□□□□□□□□
＿□□□□□□□□＿
□□□□□□＿□□□
□□□□□□□□□＿
□□□□□□□□□＿
□□□＿□□□□□□
□＿□□□□＿□□□
□＿□□□□□□□□
00:26:07(47032f):field(47031f)
＿＿＿＿＿＿＿＿＿＿
＿＿＿＿＿＿＿＿＿＿
＿＿＿＿＿＿＿＿＿＿
＿＿＿＿＿＿＿＿＿＿
＿＿＿＿＿＿＿＿＿＿
＿＿＿＿＿＿＿＿＿＿
＿＿＿＿＿＿＿＿＿＿
■＿＿＿＿□＿＿＿＿
■■＿＿□□◆＿＿＿
□□◆＿□□□＿＿□
□□＿□□□□□□□
□□□□□□□◆□□
◆□□□□□□□□□
＿□□□□□□□□＿
□□□□□□＿□□□
□□□□□□□□□＿
□□□□□□□□□＿
□□□＿□□□□□□
□＿□□□□＿□□□
□＿□□□□□□□□
00:26:08(47048f):field(47047f)
＿＿＿＿＿＿＿＿＿＿
＿＿＿＿＿＿＿＿＿＿
＿＿＿＿＿＿＿＿＿＿
＿＿＿＿＿＿＿＿＿＿
＿＿＿＿＿＿＿＿＿＿
＿＿＿＿＿＿＿＿＿＿
＿＿＿＿＿＿＿＿＿＿
□＿＿＿＿□＿＿＿＿
□□＿＿□□＿■■＿
□□＿＿□□□■■□
□□＿□□□□□□□
□□□□□□□＿□□
＿□□□□□□□□□
＿□□□□□□□□＿
□□□□□□＿□□□
□□□□□□□□□＿
□□□□□□□□□＿
□□□＿□□□□□□
□＿□□□□＿□□□
□＿□□□□□□□□
00:26:08(47065f):field(47064f)
＿＿＿＿＿＿＿＿＿＿
＿＿＿＿＿＿＿＿＿＿
＿＿＿＿＿＿＿＿＿＿
＿＿＿＿＿＿＿＿＿＿
＿＿＿＿＿＿＿＿＿＿
＿＿＿＿＿＿＿＿＿＿
＿＿＿＿＿＿＿＿＿＿
◆＿＿＿＿◆＿＿＿＿
□◆■＿◆□＿◆◆＿
□□■■□□◆□□◆
□□■◆□□□□□□
□□□□□□□＿□□
＿□□□□□□□□□
■□□□□□□□□＿
□□□□□□＿□□□
□□□□□□□□□＿
□□□□□□□□□＿
□□□＿□□□□□□
□＿□□□□＿□□□
□＿□□□□□□□□
00:26:09(47080f):field(47079f)
＿＿＿＿＿＿＿＿＿＿
＿＿＿＿＿＿＿＿＿＿
＿＿＿＿＿＿＿＿＿＿
＿＿＿＿＿＿＿＿＿＿
＿＿＿＿＿＿＿＿＿＿
＿＿＿＿＿＿＿＿＿＿
＿＿＿＿＿＿＿＿＿＿
＿＿＿＿＿＿＿■＿＿
□＿□＿＿□■■＿＿
□□□◆□□■□□＿
□□□＿□□□□□□
□□□□□□□＿□□
＿□□□□□□□□□
◆□□□□□□□□＿
□□□□□□＿□□□
□□□□□□□□□＿
□□□□□□□□□＿
□□□＿□□□□□□
□＿□□□□＿□□□
□＿□□□□□□□□
00:26:10(47107f):field(47106f)
＿＿＿＿＿＿＿＿＿＿
＿＿＿＿＿＿＿＿＿＿
＿＿＿＿＿＿＿＿＿＿
＿＿＿＿＿＿＿＿＿＿
＿＿＿＿＿＿＿＿＿＿
＿＿＿＿＿＿＿＿＿＿
＿＿＿＿＿＿＿＿＿＿
■＿＿＿＿＿＿◆＿＿
□■◆＿＿◆◆□＿＿
□□□■□□□□◆＿
□□□■□□□□□◆
□□□□□□□＿□□
＿□□□□□□□□□
＿□□□□□□□□＿
□□□□□□＿□□□
□□□□□□□□□＿
□□□□□□□□□＿
□□□＿□□□□□□
□＿□□□□＿□□□
□＿□□□□□□□□
00:26:10(47121f):field(47120f)
＿＿＿＿＿＿＿＿＿＿
＿＿＿＿＿＿＿＿＿＿
＿＿＿＿＿＿＿＿＿＿
＿＿＿＿＿＿＿＿＿＿
＿＿＿＿＿＿＿＿＿＿
＿＿＿＿＿＿＿＿＿＿
＿＿＿＿＿＿＿＿＿＿
□＿＿■■＿＿＿＿＿
□□■■＿＿＿□＿＿
□□□□□□□□＿＿
□□□□□□□□□＿
□□□□□□□＿□□
＿□□□□□□□□□
＿□□□□□□□□＿
□□□□□□＿□□□
□□□□□□□□□＿
□□□□□□□□□＿
□□□＿□□□□□□
□＿□□□□＿□□□
□＿□□□□□□□□
00:26:11(47133f):field(47132f)
＿＿＿＿＿＿＿＿＿＿
＿＿＿＿＿＿＿＿＿＿
＿＿＿＿＿＿＿＿＿＿
＿＿＿＿＿＿＿＿＿＿
＿＿＿＿＿＿＿＿＿＿
＿＿＿■■＿＿＿＿＿
＿＿＿■■＿＿＿＿＿
□＿＿□□＿＿＿＿＿
□□□□＿＿＿□＿＿
□□□□□□□□＿＿
□□□□□□□□□＿
□□□□□□□＿□□
＿□□□□□□□□□
＿□□□□□□□□＿
□□□□□□＿□□□
□□□□□□□□□＿
□□□□□□□□□＿
□□□＿□□□□□□
□＿□□□□＿□□□
□＿□□□□□□□□
00:26:11(47146f):field(47145f)
＿＿＿＿＿＿＿＿＿＿
＿＿＿＿＿＿＿＿＿＿
＿＿＿＿＿＿＿＿＿＿
＿＿＿＿＿＿＿＿＿＿
＿＿＿＿＿＿＿＿＿＿
＿＿＿□□＿＿＿＿＿
＿＿＿□□＿＿＿＿＿
□＿＿□□＿■＿＿＿
□□□□■■■□＿＿
□□□□□□□□＿＿
□□□□□□□□□＿
□□□□□□□＿□□
＿□□□□□□□□□
＿□□□□□□□□＿
□□□□□□＿□□□
□□□□□□□□□＿
□□□□□□□□□＿
□□□＿□□□□□□
□＿□□□□＿□□□
□＿□□□□□□□□
00:26:11(47159f):field(47158f)
＿＿＿＿＿＿＿＿＿＿
＿＿＿＿＿＿＿＿＿＿
＿＿＿＿＿＿＿＿＿＿
＿＿＿＿＿＿＿＿＿＿
＿＿＿＿＿＿＿＿＿＿
＿＿＿◆◆＿＿＿＿＿
＿＿＿◆◆＿＿＿＿＿
◆＿＿□□＿◆＿＿＿
□◆□□□◆◆◆■＿
□□◆□□◆□□＿＿
□□□□□□□□□■
□□□□□□□■□□
＿□□□□□□□□□
＿□□□□□□□□＿
□□□□□□＿□□□
□□□□□□□□□＿
□□□□□□□□□＿
□□□＿□□□□□□
□＿□□□□＿□□□
□＿□□□□□□□□
00:26:12(47173f):field(47172f)
＿＿＿＿＿＿＿＿＿＿
＿＿＿＿＿＿＿＿＿＿
＿＿＿＿＿＿＿＿＿＿
＿＿＿＿＿＿＿＿＿＿
＿＿＿＿＿＿＿＿＿＿
＿＿＿＿＿＿＿＿＿＿
＿＿＿＿＿＿＿＿＿＿
＿＿＿◆◆＿＿＿＿＿
◆＿◆□□＿＿＿◆＿
◆◆＿□□＿◆□＿■
□◆◆□□□□◆□□
□□□□□□□□□□
＿□□□□□□□□□
＿□□□□□□□□＿
□□□□□□＿□□□
□□□□□□□□□＿
□□□□□□□□□＿
□□□＿□□□□□□
□＿□□□□＿□□□
□＿□□□□□□□□
00:26:12(47187f):field(47186f)
＿＿＿＿＿＿＿＿＿＿
＿＿＿＿＿＿＿＿＿＿
＿＿＿＿＿＿＿＿＿＿
＿＿＿＿＿＿＿＿＿＿
＿＿＿＿＿＿＿＿＿＿
＿＿＿＿＿＿＿＿＿＿
＿＿＿＿＿＿＿＿＿＿
＿＿＿＿＿＿＿＿＿＿
■＿＿□□＿＿＿＿＿
■■＿□□＿＿◆＿□
□■＿□□◆□＿□□
□□□□□□□◆□□
＿□□□□□□□□□
＿□□□□□□□□＿
□□□□□□＿□□□
□□□□□□□□□＿
□□□□□□□□□＿
□□□＿□□□□□□
□＿□□□□＿□□□
□＿□□□□□□□□
00:26:13(47200f):field(47199f)
＿＿＿＿＿＿＿＿＿＿
＿＿＿＿＿＿＿＿＿＿
＿＿＿＿＿＿＿＿＿＿
＿＿＿＿＿＿＿＿＿＿
＿＿＿＿＿＿＿＿＿＿
＿＿＿＿＿＿＿＿＿＿
＿＿＿＿＿＿＿＿＿＿
＿＿■＿＿＿＿＿＿＿
□＿■□□＿＿＿＿＿
□□■□□＿＿＿＿□
□□■□□＿□＿□□
□□□□□□□＿□□
＿□□□□□□□□□
＿□□□□□□□□＿
□□□□□□＿□□□
□□□□□□□□□＿
□□□□□□□□□＿
□□□＿□□□□□□
□＿□□□□＿□□□
□＿□□□□□□□□
00:26:14(47227f):field(47226f)
＿＿＿＿＿＿＿＿＿＿
＿＿＿＿＿＿＿＿＿＿
＿＿＿＿＿＿＿＿＿＿
＿＿＿＿＿＿＿＿＿＿
＿＿＿＿＿＿＿＿＿＿
＿＿＿＿＿＿＿＿＿＿
＿＿＿＿＿＿＿＿＿＿
＿＿◆＿＿＿＿＿＿＿
◆＿◆◆◆＿＿＿＿＿
◆◆□◆◆＿＿＿＿◆
□◆□□□■□＿◆◆
□□□□□□□■◆□
■□□□□□□□□□
■□□□□□□□□■
□□□□□□＿□□□
□□□□□□□□□＿
□□□□□□□□□＿
□□□＿□□□□□□
□＿□□□□＿□□□
□＿□□□□□□□□
00:26:14(47241f):field(47240f)
＿＿＿＿＿＿＿＿＿＿
＿＿＿＿＿＿＿＿＿＿
＿＿＿＿＿＿＿＿＿＿
＿＿＿＿＿＿＿＿＿＿
＿＿＿＿＿＿＿＿＿＿
＿＿＿＿＿＿＿＿＿＿
＿＿＿＿＿＿＿＿＿＿
＿＿＿＿＿＿＿＿＿＿
＿＿＿■＿＿＿＿＿＿
＿＿□■■■＿＿＿＿
□＿□□□□□＿＿＿
□□□□□□□□＿□
◆□□□□□□□□□
◆□□□□□□□□◆
□□□□□□＿□□□
□□□□□□□□□＿
□□□□□□□□□＿
□□□＿□□□□□□
□＿□□□□＿□□□
□＿□□□□□□□□
00:26:15(47251f):field(47250f)
＿＿＿＿＿＿＿＿＿＿
＿＿＿＿＿＿＿＿＿＿
＿＿＿＿＿＿＿＿＿＿
＿＿＿＿＿＿＿＿＿＿
＿＿＿＿＿＿＿＿＿＿
＿＿＿＿＿＿＿＿＿＿
＿＿＿＿＿＿＿＿＿＿
＿＿＿＿■■＿＿＿＿
＿＿＿□■■＿＿＿＿
＿＿□□□□＿＿＿＿
□＿□□□□□＿＿＿
□□□□□□□□＿□
＿□□□□□□□□□
＿□□□□□□□□＿
□□□□□□＿□□□
□□□□□□□□□＿
□□□□□□□□□＿
□□□＿□□□□□□
□＿□□□□＿□□□
□＿□□□□□□□□
00:26:15(47267f):field(47266f)
＿＿＿＿＿＿＿＿＿＿
＿＿＿＿＿＿＿＿＿＿
＿＿＿＿＿＿＿＿＿＿
＿＿＿＿＿＿＿＿＿＿
＿＿＿＿＿＿＿＿＿＿
＿＿＿＿＿＿＿＿＿＿
＿＿＿＿＿＿＿＿＿＿
＿＿＿＿□□＿＿＿＿
■＿＿□□□＿＿＿＿
■■□□□□＿＿＿＿
□■□□□□□＿＿＿
□□□□□□□□＿□
＿□□□□□□□□□
＿□□□□□□□□＿
□□□□□□＿□□□
□□□□□□□□□＿
□□□□□□□□□＿
□□□＿□□□□□□
□＿□□□□＿□□□
□＿□□□□□□□□
00:26:15(47279f):field(47278f)
＿＿＿＿＿＿＿＿＿＿
＿＿＿＿＿＿＿＿＿＿
＿＿＿＿＿＿＿＿＿＿
＿＿＿＿＿＿＿＿＿＿
＿＿＿＿＿＿＿＿＿＿
＿＿＿＿＿＿＿＿＿＿
＿＿＿＿＿＿＿＿＿＿
＿＿＿＿◆◆＿＿＿＿
◆＿＿◆□□＿＿＿＿
□◆◆□□□＿＿＿＿
□□□□□□□＿＿■
□□□□□□□□＿□
＿□□□□□□□□□
＿□□□□□□□□＿
□□□□□□＿□□□
□□□□□□□□□＿
□□□□□□□□□＿
□□□＿□□□□□□
□＿□□□□＿□□□
□＿□□□□□□□□
00:26:16(47292f):field(47291f)
＿＿＿＿＿＿＿＿＿＿
＿＿＿＿＿＿＿＿＿＿
＿＿＿＿＿＿＿＿＿＿
＿＿＿＿＿＿＿＿＿＿
＿＿＿＿＿＿＿＿＿＿
＿＿＿＿＿＿＿＿＿＿
＿＿＿＿＿＿＿＿＿＿
＿＿＿＿＿＿＿＿＿＿
■■＿＿□□＿＿＿＿
□■■□□□＿＿＿＿
□□□□□□◆＿＿□
□□□□□□□□＿□
＿□□□□□□□□□
＿□□□□□□□□＿
□□□□□□＿□□□
□□□□□□□□□＿
□□□□□□□□□＿
□□□＿□□□□□□
□＿□□□□＿□□□
□＿□□□□□□□□
00:26:16(47305f):field(47304f)
＿＿＿＿＿＿＿＿＿＿
＿＿＿＿＿＿＿＿＿＿
＿＿＿＿＿＿＿＿＿＿
＿＿＿＿＿＿＿＿＿＿
＿＿＿＿＿＿＿＿＿＿
＿＿＿＿＿＿＿＿＿＿
＿＿＿＿＿＿＿＿＿＿
＿＿＿＿＿＿＿＿＿＿
◆◆＿＿◆◆＿＿＿＿
□□◆◆□□＿＿＿＿
□□□□□□＿＿■◆
□□□□□□◆□■□
■□□□□□□□□□
＿□□□□□□□□＿
□□□□□□＿□□□
□□□□□□□□□＿
□□□□□□□□□＿
□□□＿□□□□□□
□＿□□□□＿□□□
□＿□□□□□□□□
00:26:17(47317f):field(47316f)
＿＿＿＿＿＿＿＿＿＿
＿＿＿＿＿＿＿＿＿＿
＿＿＿＿＿＿＿＿＿＿
＿＿＿＿＿＿＿＿＿＿
＿＿＿＿＿＿＿＿＿＿
＿＿＿＿＿＿＿＿＿＿
＿＿＿＿＿＿＿＿＿＿
＿＿＿＿＿＿＿＿＿＿
＿＿＿＿＿＿＿＿＿＿
◆◆＿＿◆◆■＿＿＿
□□□◆□□■＿◆＿
□□□□□□■◆□◆
◆□□□□□□□□□
■□□□□□□□□＿
□□□□□□＿□□□
□□□□□□□□□＿
□□□□□□□□□＿
□□□＿□□□□□□
□＿□□□□＿□□□
□＿□□□□□□□□
00:26:17(47328f):field(47327f)
＿＿＿＿＿＿＿＿＿＿
＿＿＿＿＿＿＿＿＿＿
＿＿＿＿＿＿＿＿＿＿
＿＿＿＿＿＿＿＿＿＿
＿＿＿＿＿＿＿＿＿＿
＿＿＿＿＿＿＿＿＿＿
＿＿＿＿＿＿＿＿＿＿
＿＿＿＿＿＿＿＿＿＿
＿＿＿■＿＿＿＿＿＿
＿＿＿■＿＿□＿＿＿
□□□■□□□＿＿＿
□□□□□□□＿□＿
＿□□□□□□□□□
◆□□□□□□□□＿
□□□□□□＿□□□
□□□□□□□□□＿
□□□□□□□□□＿
□□□＿□□□□□□
□＿□□□□＿□□□
□＿□□□□□□□□
00:26:18(47340f):field(47339f)
＿＿＿＿＿＿＿＿＿＿
＿＿＿＿＿＿＿＿＿＿
＿＿＿＿＿＿＿＿＿＿
＿＿＿＿＿＿＿＿＿＿
＿＿＿＿＿＿＿＿＿＿
＿＿＿＿＿＿＿＿＿＿
＿＿＿＿＿＿＿＿＿＿
＿＿＿＿■＿＿＿＿＿
＿＿＿□■＿＿＿＿＿
＿＿＿□■■□＿＿＿
□□□□□□□＿＿＿
□□□□□□□＿□＿
＿□□□□□□□□□
＿□□□□□□□□＿
□□□□□□＿□□□
□□□□□□□□□＿
□□□□□□□□□＿
□□□＿□□□□□□
□＿□□□□＿□□□
□＿□□□□□□□□
00:26:18(47351f):field(47350f)
＿＿＿＿＿＿＿＿＿＿
＿＿＿＿＿＿＿＿＿＿
＿＿＿＿＿＿＿＿＿＿
＿＿＿＿＿＿＿＿＿＿
＿＿＿＿＿＿＿＿＿＿
＿＿＿＿■＿＿＿＿＿
＿＿＿■■＿＿＿＿＿
＿＿＿■□＿＿＿＿＿
＿＿＿□□＿＿＿＿＿
＿＿＿□□□□＿＿＿
□□□□□□□＿＿＿
□□□□□□□＿□＿
＿□□□□□□□□□
＿□□□□□□□□＿
□□□□□□＿□□□
□□□□□□□□□＿
□□□□□□□□□＿
□□□＿□□□□□□
□＿□□□□＿□□□
□＿□□□□□□□□
00:26:18(47368f):field(47367f)
＿＿＿＿＿＿＿＿＿＿
＿＿＿＿＿＿＿＿＿＿
＿＿＿＿＿＿＿＿＿＿
＿＿＿＿＿＿＿＿＿＿
＿＿＿＿＿＿＿＿＿＿
＿＿＿＿□＿＿＿＿＿
＿＿＿□□＿＿＿＿＿
＿＿＿□□＿＿＿＿＿
＿＿＿□□＿＿＿＿＿
＿＿＿□□□□■＿＿
□□□□□□□■■＿
□□□□□□□■□＿
＿□□□□□□□□□
＿□□□□□□□□＿
□□□□□□＿□□□
□□□□□□□□□＿
□□□□□□□□□＿
□□□＿□□□□□□
□＿□□□□＿□□□
□＿□□□□□□□□
00:26:19(47382f):field(47381f)
＿＿＿＿＿＿＿＿＿＿
＿＿＿＿＿＿＿＿＿＿
＿＿＿＿＿＿＿＿＿＿
＿＿＿＿＿＿＿＿＿＿
＿＿＿＿＿＿＿＿＿＿
＿＿＿＿◆＿＿＿＿＿
＿＿＿◆◆＿＿＿＿＿
＿＿＿◆□＿＿＿＿＿
＿＿＿□□＿＿＿＿＿
＿＿＿□□◆◆◆＿＿
◆□□□□◆◆◆◆■
◆◆□□□□□□◆■
■□□□□□□□□□
■□□□□□□□□＿
□□□□□□＿□□□
□□□□□□□□□＿
□□□□□□□□□＿
□□□＿□□□□□□
□＿□□□□＿□□□
□＿□□□□□□□□
00:26:19(47393f):field(47392f)
＿＿＿＿＿＿＿＿＿＿
＿＿＿＿＿＿＿＿＿＿
＿＿＿＿＿＿＿＿＿＿
＿＿＿＿＿＿＿＿＿＿
＿＿＿＿＿＿＿＿＿＿
＿＿＿＿＿＿＿＿＿＿
＿＿＿＿＿＿＿＿＿＿
＿＿＿＿□＿＿＿＿＿
＿＿＿□□＿＿＿＿＿
＿＿＿□□＿＿＿＿＿
＿◆◆□□＿■■■□
＿＿◆□□□□□■□
◆□□□□□□□□□
◆□□□□□□□□＿
□□□□□□＿□□□
□□□□□□□□□＿
□□□□□□□□□＿
□□□＿□□□□□□
□＿□□□□＿□□□
□＿□□□□□□□□
00:26:20(47407f):field(47406f)
＿＿＿＿＿＿＿＿＿＿
＿＿＿＿＿＿＿＿＿＿
＿＿＿＿＿＿＿＿＿＿
＿＿＿＿＿＿＿＿＿＿
＿＿＿＿＿＿＿＿＿＿
＿＿＿＿＿＿＿＿＿＿
＿＿＿＿＿＿＿＿＿＿
＿＿＿＿◆＿＿＿＿＿
＿＿＿◆◆＿＿＿＿＿
＿＿＿◆□＿＿＿＿＿
■＿＿□□＿◆◆◆◆
＿■＿□□□□◆◆□
＿◆◆□□◆□□□□
■□□□□□□□□＿
□□□□□□■□□□
□□□□□□□□□＿
□□□□□□□□□＿
□□□＿□□□□□□
□＿□□□□＿□□□
□＿□□□□□□□□
00:26:20(47419f):field(47418f)
＿＿＿＿＿＿＿＿＿＿
＿＿＿＿＿＿＿＿＿＿
＿＿＿＿＿＿＿＿＿＿
＿＿＿＿＿＿＿＿＿＿
＿＿＿＿＿＿＿＿＿＿
＿＿＿＿＿＿＿＿＿＿
＿＿＿＿＿＿＿＿＿＿
＿＿＿＿＿＿＿＿＿＿
＿＿＿■■＿＿＿＿＿
＿＿■■□＿＿＿＿＿
◆＿＿□□＿＿＿＿＿
＿◆＿□□◆◆＿＿◆
＿＿＿□□＿□□□□
◆□□□□□□□□＿
□□□□□□◆□□□
□□□□□□□□□＿
□□□□□□□□□＿
□□□＿□□□□□□
□＿□□□□＿□□□
□＿□□□□□□□□
00:26:21(47433f):field(47432f)
＿＿＿＿＿＿＿＿＿＿
＿＿＿＿＿＿＿＿＿＿
＿＿＿＿＿＿＿＿＿＿
＿＿＿＿＿＿＿＿＿＿
＿＿＿＿＿＿＿＿＿＿
＿＿＿＿＿＿＿＿＿＿
＿＿＿＿＿＿＿＿＿＿
＿＿＿＿＿＿＿＿＿＿
＿＿＿□□＿＿＿＿＿
＿＿□□□＿＿＿＿＿
＿＿＿□□＿＿＿＿＿
＿■■□□＿＿＿＿＿
＿■■□□＿□□□□
＿□□□□□□□□＿
□□□□□□＿□□□
□□□□□□□□□＿
□□□□□□□□□＿
□□□＿□□□□□□
□＿□□□□＿□□□
□＿□□□□□□□□
00:26:21(47444f):field(47443f)
＿＿＿＿＿＿＿＿＿＿
＿＿＿＿＿＿＿＿＿＿
＿＿＿＿＿＿＿＿＿＿
＿＿＿＿＿＿＿＿＿＿
＿＿＿＿＿＿＿＿＿＿
＿＿＿＿＿＿＿＿＿＿
＿＿＿＿＿＿＿＿＿＿
＿＿＿＿＿＿＿＿＿＿
＿＿＿□□＿＿＿＿＿
＿＿□□□＿＿＿＿＿
＿＿＿□□＿■＿＿＿
＿□□□□■■＿＿＿
＿□□□□■□□□□
＿□□□□□□□□＿
□□□□□□＿□□□
□□□□□□□□□＿
□□□□□□□□□＿
□□□＿□□□□□□
□＿□□□□＿□□□
□＿□□□□□□□□
00:26:22(47460f):field(47459f)
＿＿＿＿＿＿＿＿＿＿
＿＿＿＿＿＿＿＿＿＿
＿＿＿＿＿＿＿＿＿＿
＿＿＿＿＿＿＿＿＿＿
＿＿＿＿＿＿＿＿＿＿
＿＿＿＿＿＿＿＿＿＿
＿＿＿＿＿＿＿＿＿＿
＿＿＿＿＿■＿＿＿＿
＿＿＿□□■＿＿＿＿
＿＿□□□■＿＿＿＿
＿＿＿□□■□＿＿＿
＿□□□□□□＿＿＿
＿□□□□□□□□□
＿□□□□□□□□＿
□□□□□□＿□□□
□□□□□□□□□＿
□□□□□□□□□＿
□□□＿□□□□□□
□＿□□□□＿□□□
□＿□□□□□□□□
00:26:22(47472f):field(47471f)
＿＿＿＿＿＿＿＿＿＿
＿＿＿＿＿＿＿＿＿＿
＿＿＿＿＿＿＿＿＿＿
＿＿＿＿＿＿＿＿＿＿
＿＿＿＿＿＿＿＿＿＿
＿＿＿＿＿＿＿＿＿＿
＿＿＿＿＿＿＿＿＿＿
＿＿＿＿＿□＿＿＿＿
＿＿＿□□□＿＿＿＿
＿＿□□□□＿＿＿＿
＿＿＿□□□□■＿＿
＿□□□□□□■■■
＿□□□□□□□□□
＿□□□□□□□□＿
□□□□□□＿□□□
□□□□□□□□□＿
□□□□□□□□□＿
□□□＿□□□□□□
□＿□□□□＿□□□
□＿□□□□□□□□
00:26:22(47484f):field(47483f)
＿＿＿＿＿＿＿＿＿＿
＿＿＿＿＿＿＿＿＿＿
＿＿＿＿＿＿＿＿＿＿
＿＿＿＿＿＿＿＿＿＿
＿＿＿＿＿＿＿＿＿＿
＿＿＿＿＿＿＿＿＿＿
＿＿＿＿＿＿＿＿＿＿
＿＿■■■□＿＿＿＿
＿＿■□□□＿＿＿＿
＿＿□□□□＿＿＿＿
＿＿＿□□□□□＿＿
＿□□□□□□□□□
＿□□□□□□□□□
＿□□□□□□□□＿
□□□□□□＿□□□
□□□□□□□□□＿
□□□□□□□□□＿
□□□＿□□□□□□
□＿□□□□＿□□□
□＿□□□□□□□□
00:26:23(47501f):field(47500f)
＿＿＿＿＿＿＿＿＿＿
＿＿＿＿＿＿＿＿＿＿
＿＿＿＿＿＿＿＿＿＿
＿＿＿＿＿＿＿＿＿＿
＿＿＿＿＿＿＿＿＿＿
＿＿＿＿＿＿＿＿＿＿
＿＿＿＿＿＿＿＿＿＿
＿＿□□□□＿＿＿＿
＿＿□□□□＿＿＿＿
＿■□□□□＿＿＿＿
■■■□□□□□＿＿
＿□□□□□□□□□
＿□□□□□□□□□
＿□□□□□□□□＿
□□□□□□＿□□□
□□□□□□□□□＿
□□□□□□□□□＿
□□□＿□□□□□□
□＿□□□□＿□□□
□＿□□□□□□□□
00:26:23(47513f):field(47512f)
＿＿＿＿＿＿＿＿＿＿
＿＿＿＿＿＿＿＿＿＿
＿＿＿＿＿＿＿＿＿＿
＿＿＿＿＿＿＿＿＿＿
＿＿＿＿＿＿＿＿＿＿
＿＿＿＿＿＿＿＿＿＿
＿＿＿＿＿＿＿＿＿＿
＿＿◆◆◆◆＿＿＿＿
＿＿□□□□＿＿＿＿
＿□□□□□＿■＿■
◆□□□□□◆□■＿
■□□□□□□□□□
＿□□□□□□□□□
＿□□□□□□□□＿
□□□□□□＿□□□
□□□□□□□□□＿
□□□□□□□□□＿
□□□＿□□□□□□
□＿□□□□＿□□□
□＿□□□□□□□□
00:26:24(47526f):field(47525f)
＿＿＿＿＿＿＿＿＿＿
＿＿＿＿＿＿＿＿＿＿
＿＿＿＿＿＿＿＿＿＿
＿＿＿＿＿＿＿＿＿＿
＿＿＿＿＿＿＿＿＿＿
＿＿＿＿＿＿＿＿＿＿
＿＿＿■■＿＿＿＿＿
＿＿＿■■＿＿＿＿＿
＿＿□□□□＿＿＿＿
＿◆□□□□＿◆＿◆
＿□□□□□＿□□＿
◆□□□□□□□□□
＿□□□□□□□□□
＿□□□□□□□□＿
□□□□□□＿□□□
□□□□□□□□□＿
□□□□□□□□□＿
□□□＿□□□□□□
□＿□□□□＿□□□
□＿□□□□□□□□
00:26:24(47540f):field(47539f)
＿＿＿＿＿＿＿＿＿＿
＿＿＿＿＿＿＿＿＿＿
＿＿＿＿＿＿＿＿＿＿
＿＿＿＿＿＿＿＿＿＿
＿＿＿＿＿＿＿＿＿＿
＿＿＿＿＿＿＿＿＿＿
＿＿＿◆◆＿＿＿＿＿
＿＿＿◆◆＿＿＿＿＿
＿＿◆□□◆＿＿＿＿
＿＿◆□□◆＿＿＿＿
■◆□□□□＿◆□＿
＿□□□□□◆□◆□
■□□□□□◆□□◆
■□□□□□□□□＿
□□□□□□＿□□□
□□□□□□□□□＿
□□□□□□□□□＿
□□□＿□□□□□□
□＿□□□□＿□□□
□＿□□□□□□□□
00:26:25(47556f):field(47555f)
＿＿＿＿＿＿＿＿＿＿
＿＿＿＿＿＿＿＿＿＿
＿＿＿＿＿＿＿＿＿＿
＿＿＿＿＿＿＿＿＿＿
＿＿＿＿＿＿＿＿＿＿
＿＿＿＿＿＿＿＿＿＿
＿＿＿＿＿＿＿＿＿＿
＿＿＿＿＿＿＿＿＿＿
＿＿＿□□＿＿＿＿＿
■＿＿□□＿＿＿＿＿
□■□□□□＿＿◆＿
＿□□□□□＿◆＿◆
□□□□□□＿□□＿
□□□□□□□□□＿
□□□□□□＿□□□
□□□□□□□□□＿
□□□□□□□□□＿
□□□＿□□□□□□
□＿□□□□＿□□□
□＿□□□□□□□□
00:26:25(47566f):field(47565f)
＿＿＿＿＿＿＿＿＿＿
＿＿＿＿＿＿＿＿＿＿
＿＿＿＿＿＿＿＿＿＿
＿＿＿＿＿＿＿＿＿＿
＿＿＿＿＿＿＿＿＿＿
＿＿＿＿＿＿＿＿＿＿
＿＿＿＿＿＿＿＿＿＿
＿＿＿＿＿＿＿＿＿＿
＿＿＿□□＿＿＿＿＿
□＿＿□□＿＿＿＿＿
□□□□□□■＿＿＿
＿□□□□□■■＿＿
□□□□□□■□□＿
□□□□□□□□□＿
□□□□□□＿□□□
□□□□□□□□□＿
□□□□□□□□□＿
□□□＿□□□□□□
□＿□□□□＿□□□
□＿□□□□□□□□
00:26:26(47580f):field(47579f)
＿＿＿＿＿＿＿＿＿＿
＿＿＿＿＿＿＿＿＿＿
＿＿＿＿＿＿＿＿＿＿
＿＿＿＿＿＿＿＿＿＿
＿＿＿＿＿＿＿＿＿＿
＿＿＿＿＿＿＿＿＿＿
＿＿＿＿＿＿＿＿＿＿
＿＿＿＿＿＿＿＿＿＿
＿＿＿◆◆＿＿＿＿＿
◆＿＿◆◆＿＿＿＿＿
◆◆◆□□◆◆＿＿＿
■◆◆□□◆◆◆＿＿
□□□□□□□◆◆＿
◆□□□□□□□□■
□□□□□□＿□□□
□□□□□□□□□＿
□□□□□□□□□＿
□□□＿□□□□□□
□＿□□□□＿□□□
□＿□□□□□□□□
00:26:26(47593f):field(47592f)
＿＿＿＿＿＿＿＿＿＿
＿＿＿＿＿＿＿＿＿＿
＿＿＿＿＿＿＿＿＿＿
＿＿＿＿＿＿＿＿＿＿
＿＿＿＿＿＿＿＿＿＿
＿＿＿＿＿＿＿＿＿＿
＿＿＿＿＿＿＿＿＿＿
＿＿＿＿＿＿＿＿＿＿
＿＿＿＿＿＿＿＿＿＿
＿＿＿＿＿＿＿＿＿＿
＿＿＿□□＿＿＿＿■
□＿＿□□＿＿＿＿■
□□□□□□□＿■■
＿□□□□□□□□□
□□□□□□＿□□□
□□□□□□□□□＿
□□□□□□□□□＿
□□□＿□□□□□□
□＿□□□□＿□□□
□＿□□□□□□□□
00:26:26(47606f):field(47605f)
＿＿＿＿＿＿＿＿＿＿
＿＿＿＿＿＿＿＿＿＿
＿＿＿＿＿＿＿＿＿＿
＿＿＿＿＿＿＿＿＿＿
＿＿＿＿＿＿＿＿＿＿
＿＿＿＿＿＿＿＿＿＿
＿＿＿＿＿＿＿＿＿＿
＿＿＿＿＿＿＿＿＿＿
＿＿＿＿＿＿＿＿＿＿
＿＿＿＿＿＿＿＿＿＿
＿＿＿□□■■＿＿□
□＿＿□□■■＿＿□
□□□□□□□＿□□
＿□□□□□□□□□
□□□□□□＿□□□
□□□□□□□□□＿
□□□□□□□□□＿
□□□＿□□□□□□
□＿□□□□＿□□□
□＿□□□□□□□□
00:26:27(47620f):field(47619f)
＿＿＿＿＿＿＿＿＿＿
＿＿＿＿＿＿＿＿＿＿
＿＿＿＿＿＿＿＿＿＿
＿＿＿＿＿＿＿＿＿＿
＿＿＿＿＿＿＿＿＿＿
＿＿＿＿＿＿＿＿＿＿
＿＿＿＿＿＿＿＿＿＿
＿＿＿＿＿＿＿＿＿＿
＿＿＿＿＿＿＿＿＿＿
■＿＿＿＿＿＿＿＿＿
■■＿□□□□＿＿□
□■＿□□□□＿＿□
□□□□□□□＿□□
＿□□□□□□□□□
□□□□□□＿□□□
□□□□□□□□□＿
□□□□□□□□□＿
□□□＿□□□□□□
□＿□□□□＿□□□
□＿□□□□□□□□
00:26:27(47632f):field(47631f)
＿＿＿＿＿＿＿＿＿＿
＿＿＿＿＿＿＿＿＿＿
＿＿＿＿＿＿＿＿＿＿
＿＿＿＿＿＿＿＿＿＿
＿＿＿＿＿＿＿＿＿＿
＿＿＿＿＿＿＿＿＿＿
＿＿＿＿＿＿＿＿＿＿
＿＿＿＿＿＿＿＿＿＿
＿＿＿＿＿＿＿＿＿＿
◆＿＿＿＿＿＿＿＿＿
□◆＿◆◆◆◆＿＿◆
□□＿□□□□■■□
□□◆□□□□■□□
＿□□□□□□□□□
□□□□□□＿□□□
□□□□□□□□□＿
□□□□□□□□□＿
□□□＿□□□□□□
□＿□□□□＿□□□
□＿□□□□□□□□
00:26:28(47644f):field(47643f)
＿＿＿＿＿＿＿＿＿＿
＿＿＿＿＿＿＿＿＿＿
＿＿＿＿＿＿＿＿＿＿
＿＿＿＿＿＿＿＿＿＿
＿＿＿＿＿＿＿＿＿＿
＿＿＿＿＿＿＿＿＿＿
＿＿＿＿＿＿＿＿＿＿
＿＿＿＿＿＿＿＿＿＿
＿＿＿＿＿＿＿＿＿＿
＿＿＿＿＿＿＿＿＿＿
◆＿■＿＿＿＿＿＿＿
□◆■□◆◆◆□◆◆
□□■□□□□◆□□
＿□□□□□□□□□
□□□□□□■□□□
□□□□□□□□□＿
□□□□□□□□□＿
□□□＿□□□□□□
□＿□□□□＿□□□
□＿□□□□□□□□
00:26:28(47656f):field(47655f)
＿＿＿＿＿＿＿＿＿＿
＿＿＿＿＿＿＿＿＿＿
＿＿＿＿＿＿＿＿＿＿
＿＿＿＿＿＿＿＿＿＿
＿＿＿＿＿＿＿＿＿＿
＿＿＿＿＿＿＿＿＿＿
＿＿＿＿＿＿＿＿＿＿
＿＿＿＿＿＿＿＿＿＿
＿＿＿＿＿＿＿＿＿＿
＿＿＿＿＿＿＿＿＿＿
＿＿◆＿＿＿＿＿＿＿
◆＿□◆＿■＿◆＿＿
□◆□□□◆□■□□
＿□□□□□□□□□
□□□□□□◆□□□
□□□□□□□□□＿
□□□□□□□□□＿
□□□＿□□□□□□
□＿□□□□＿□□□
□＿□□□□□□□□
00:26:28(47666f):field(47665f)
＿＿＿＿＿＿＿＿＿＿
＿＿＿＿＿＿＿＿＿＿
＿＿＿＿＿＿＿＿＿＿
＿＿＿＿＿＿＿＿＿＿
＿＿＿＿＿＿＿＿＿＿
＿＿＿＿＿＿＿＿＿＿
＿＿＿＿＿＿＿＿＿＿
＿＿＿＿＿＿＿＿＿＿
＿＿＿＿＿＿＿＿＿＿
＿＿＿＿＿＿＿＿＿＿
＿＿＿＿＿＿＿＿＿＿
＿＿□■■◆＿＿＿＿
□＿□□□＿◆□□□
＿□□□□□□□□□
□□□□□□＿□□□
□□□□□□□□□＿
□□□□□□□□□＿
□□□＿□□□□□□
□＿□□□□＿□□□
□＿□□□□□□□□
00:26:29(47679f):field(47678f)
＿＿＿＿＿＿＿＿＿＿
＿＿＿＿＿＿＿＿＿＿
＿＿＿＿＿＿＿＿＿＿
＿＿＿＿＿＿＿＿＿＿
＿＿＿＿＿＿＿＿＿＿
＿＿＿＿＿＿＿＿＿＿
＿＿＿＿＿＿＿＿＿＿
＿＿＿＿＿＿＿＿＿＿
＿＿＿＿＿＿＿＿＿＿
＿＿＿＿＿＿＿＿＿＿
＿＿＿＿＿＿■＿＿＿
＿＿□□□＿■＿＿＿
□＿□□□■■□□□
＿□□□□□□□□□
□□□□□□＿□□□
□□□□□□□□□＿
□□□□□□□□□＿
□□□＿□□□□□□
□＿□□□□＿□□□
□＿□□□□□□□□
00:26:29(47692f):field(47691f)
＿＿＿＿＿＿＿＿＿＿
＿＿＿＿＿＿＿＿＿＿
＿＿＿＿＿＿＿＿＿＿
＿＿＿＿＿＿＿＿＿＿
＿＿＿＿＿＿＿＿＿＿
＿＿＿＿＿＿＿＿＿＿
＿＿＿＿＿＿＿＿＿＿
＿＿＿＿＿＿＿＿＿＿
＿＿＿＿＿＿＿＿＿＿
＿＿＿＿＿＿＿＿＿＿
＿＿＿＿＿＿◆＿＿＿
＿■◆◆◆＿□＿＿■
□■□□□□□□□◆
■□□□□□□□□□
□□□□□□＿□□□
□□□□□□□□□＿
□□□□□□□□□＿
□□□＿□□□□□□
□＿□□□□＿□□□
□＿□□□□□□□□
00:26:30(47703f):field(47702f)
＿＿＿＿＿＿＿＿＿＿
＿＿＿＿＿＿＿＿＿＿
＿＿＿＿＿＿＿＿＿＿
＿＿＿＿＿＿＿＿＿＿
＿＿＿＿＿＿＿＿＿＿
＿＿＿＿＿＿＿＿＿＿
＿＿＿＿＿＿＿＿＿＿
＿＿＿＿＿＿＿＿＿＿
＿＿＿＿＿＿＿＿＿＿
＿＿＿＿＿■＿＿＿＿
＿＿＿＿＿■＿＿＿＿
＿□＿＿＿■□＿＿◆
□□□□□□□◆◆＿
◆□□□□□□□□□
□□□□□□＿□□□
□□□□□□□□□＿
□□□□□□□□□＿
□□□＿□□□□□□
□＿□□□□＿□□□
□＿□□□□□□□□
00:26:30(47717f):field(47716f)
＿＿＿＿＿＿＿＿＿＿
＿＿＿＿＿＿＿＿＿＿
＿＿＿＿＿＿＿＿＿＿
＿＿＿＿＿＿＿＿＿＿
＿＿＿＿＿＿＿＿＿＿
＿＿＿＿＿＿＿＿＿＿
＿＿＿＿＿＿＿＿＿＿
＿＿＿＿＿＿＿＿＿＿
＿＿＿＿＿＿＿＿＿＿
＿＿＿＿＿□＿＿＿＿
＿■■＿＿□＿＿＿＿
＿□■■＿□□＿＿＿
□□□□□□□＿＿＿
＿□□□□□□□□□
□□□□□□＿□□□
□□□□□□□□□＿
□□□□□□□□□＿
□□□＿□□□□□□
□＿□□□□＿□□□
□＿□□□□□□□□
00:26:31(47730f):field(47729f)
＿＿＿＿＿＿＿＿＿＿
＿＿＿＿＿＿＿＿＿＿
＿＿＿＿＿＿＿＿＿＿
＿＿＿＿＿＿＿＿＿＿
＿＿＿＿＿＿＿＿＿＿
＿＿＿＿＿＿＿＿＿＿
＿＿＿＿＿＿＿＿＿＿
＿＿＿＿＿＿＿＿＿＿
＿＿＿＿＿＿＿＿＿＿
＿＿＿＿＿□＿＿＿＿
＿□□＿＿□＿＿＿＿
＿□□□＿□□■■＿
□□□□□□□■■＿
＿□□□□□□□□□
□□□□□□＿□□□
□□□□□□□□□＿
□□□□□□□□□＿
□□□＿□□□□□□
□＿□□□□＿□□□
□＿□□□□□□□□
00:26:31(47742f):field(47741f)
＿＿＿＿＿＿＿＿＿＿
＿＿＿＿＿＿＿＿＿＿
＿＿＿＿＿＿＿＿＿＿
＿＿＿＿＿＿＿＿＿＿
＿＿＿＿＿＿＿＿＿＿
＿＿＿＿＿＿＿＿＿＿
＿＿＿＿＿＿＿＿＿＿
＿＿＿＿＿＿＿＿＿＿
＿＿＿＿＿＿＿＿＿＿
＿＿＿■＿□＿＿＿＿
＿□□■■□＿＿＿＿
＿□□□■□□□□＿
□□□□□□□□□＿
＿□□□□□□□□□
□□□□□□＿□□□
□□□□□□□□□＿
□□□□□□□□□＿
□□□＿□□□□□□
□＿□□□□＿□□□
□＿□□□□□□□□
00:26:31(47754f):field(47753f)
＿＿＿＿＿＿＿＿＿＿
＿＿＿＿＿＿＿＿＿＿
＿＿＿＿＿＿＿＿＿＿
＿＿＿＿＿＿＿＿＿＿
＿＿＿＿＿＿＿＿＿＿
＿＿＿＿＿＿＿＿＿＿
＿＿＿＿＿＿＿＿＿＿
＿＿＿＿＿＿＿＿＿＿
＿＿＿■■■＿＿＿＿
＿＿＿□■□＿＿＿＿
＿□□□□□＿＿＿＿
＿□□□□□□□□＿
□□□□□□□□□＿
＿□□□□□□□□□
□□□□□□＿□□□
□□□□□□□□□＿
□□□□□□□□□＿
□□□＿□□□□□□
□＿□□□□＿□□□
□＿□□□□□□□□
00:26:32(47768f):field(47767f)
＿＿＿＿＿＿＿＿＿＿
＿＿＿＿＿＿＿＿＿＿
＿＿＿＿＿＿＿＿＿＿
＿＿＿＿＿＿＿＿＿＿
＿＿＿＿＿＿＿＿＿＿
＿＿＿＿＿＿＿＿＿＿
＿＿＿＿＿＿＿＿＿＿
＿＿＿＿＿＿＿＿＿＿
＿＿＿◆◆◆＿＿＿＿
＿＿＿□□□＿＿＿＿
＿◆◆□□□＿＿＿＿
＿□□□□□◆◆□■
◆□□□□□□□□■
＿□□□□□□□□□
□□□□□□＿□□□
□□□□□□□□□＿
□□□□□□□□□＿
□□□＿□□□□□□
□＿□□□□＿□□□
□＿□□□□□□□□
00:26:32(47780f):field(47779f)
＿＿＿＿＿＿＿＿＿＿
＿＿＿＿＿＿＿＿＿＿
＿＿＿＿＿＿＿＿＿＿
＿＿＿＿＿＿＿＿＿＿
＿＿＿＿＿＿＿＿＿＿
＿＿＿＿＿＿＿＿＿＿
＿＿＿＿＿＿＿＿＿＿
＿＿＿＿＿＿＿＿＿＿
＿＿＿＿＿＿＿＿＿＿
＿＿＿◆◆◆＿＿＿＿
＿＿＿◆◆◆＿＿＿＿
＿◆◆□□□＿＿◆◆
■□□□□□◆□◆◆
■□□□□□◆□□□
□□□□□□＿□□□
□□□□□□□□□＿
□□□□□□□□□＿
□□□＿□□□□□□
□＿□□□□＿□□□
□＿□□□□□□□□
00:26:33(47792f):field(47791f)
＿＿＿＿＿＿＿＿＿＿
＿＿＿＿＿＿＿＿＿＿
＿＿＿＿＿＿＿＿＿＿
＿＿＿＿＿＿＿＿＿＿
＿＿＿＿＿＿＿＿＿＿
＿＿＿＿＿＿＿＿＿＿
＿＿＿＿＿＿＿＿＿＿
＿＿＿＿＿＿＿＿＿＿
＿＿＿＿＿＿＿＿＿＿
＿＿＿＿＿＿＿＿＿＿
＿＿＿＿＿＿＿＿＿＿
■■＿□□□＿＿＿＿
□□□□□□＿◆＿＿
□□□□□□＿◆□□
□□□□□□＿□□□
□□□□□□□□□＿
□□□□□□□□□＿
□□□＿□□□□□□
□＿□□□□＿□□□
□＿□□□□□□□□
00:26:33(47805f):field(47804f)
＿＿＿＿＿＿＿＿＿＿
＿＿＿＿＿＿＿＿＿＿
＿＿＿＿＿＿＿＿＿＿
＿＿＿＿＿＿＿＿＿＿
＿＿＿＿＿＿＿＿＿＿
＿＿＿＿＿＿＿＿＿＿
＿＿＿＿＿＿＿＿＿＿
＿＿＿＿＿＿＿＿＿＿
＿＿＿＿＿＿＿＿＿＿
＿＿＿■■＿＿＿＿＿
＿＿＿■■＿＿＿＿＿
□□＿□□□＿＿＿＿
□□□□□□＿＿＿＿
□□□□□□＿＿□□
□□□□□□＿□□□
□□□□□□□□□＿
□□□□□□□□□＿
□□□＿□□□□□□
□＿□□□□＿□□□
□＿□□□□□□□□
00:26:34(47821f):field(47820f)
＿＿＿＿＿＿＿＿＿＿
＿＿＿＿＿＿＿＿＿＿
＿＿＿＿＿＿＿＿＿＿
＿＿＿＿＿＿＿＿＿＿
＿＿＿＿＿＿＿＿＿＿
＿＿＿＿＿＿＿＿＿＿
＿＿＿＿＿＿＿＿＿＿
＿＿＿＿＿＿＿＿＿＿
＿＿＿■■■＿＿＿＿
＿＿＿□□■＿＿＿＿
＿＿＿□□＿＿＿＿＿
□□＿□□□＿＿＿＿
□□□□□□＿＿＿＿
□□□□□□＿＿□□
□□□□□□＿□□□
□□□□□□□□□＿
□□□□□□□□□＿
□□□＿□□□□□□
□＿□□□□＿□□□
□＿□□□□□□□□
00:26:34(47832f):field(47831f)
＿＿＿＿＿＿＿＿＿＿
＿＿＿＿＿＿＿＿＿＿
＿＿＿＿＿＿＿＿＿＿
＿＿＿＿＿＿＿＿＿＿
＿＿＿＿＿＿＿＿＿＿
＿＿＿＿＿＿＿＿＿＿
＿＿＿＿＿＿＿＿＿＿
＿＿＿＿＿＿＿＿＿＿
＿＿＿◆◆◆＿＿＿＿
＿＿＿◆◆◆＿＿＿＿
＿＿＿□□■＿＿＿＿
◆◆＿□□□＿＿＿＿
◆◆□□□◆＿＿＿＿
□□◆□□□■＿□◆
□□□□□□■□◆◆
□□□□□□□□□＿
□□□□□□□□□＿
□□□＿□□□□□□
□＿□□□□＿□□□
□＿□□□□□□□□
00:26:34(47845f):field(47844f)
＿＿＿＿＿＿＿＿＿＿
＿＿＿＿＿＿＿＿＿＿
＿＿＿＿＿＿＿＿＿＿
＿＿＿＿＿＿＿＿＿＿
＿＿＿＿＿＿＿＿＿＿
＿＿＿＿＿＿＿＿＿＿
＿＿＿＿＿＿＿＿＿＿
＿＿＿＿＿＿＿＿＿＿
＿＿＿＿＿＿＿＿＿＿
＿＿＿＿＿＿＿＿＿＿
＿＿＿◆◆◆＿＿＿＿
＿＿＿◆◆◆＿＿＿＿
＿＿◆□□■＿＿＿＿
◆◆＿□□□◆＿◆＿
◆◆◆□□◆◆◆＿＿
□□□□□□◆◆◆■
□□□□□□□◆◆■
□□□■□□□□□□
□■□□□□＿□□□
□＿□□□□□□□□
00:26:35(47857f):field(47856f)
＿＿＿＿＿＿＿＿＿＿
＿＿＿＿＿＿＿＿＿＿
＿＿＿＿＿＿＿＿＿＿
＿＿＿＿＿＿＿＿＿＿
＿＿＿＿＿＿＿＿＿＿
＿＿＿＿＿＿＿＿＿＿
＿＿＿＿＿＿＿＿＿＿
＿＿＿＿＿＿＿＿＿＿
＿＿＿＿＿＿＿＿＿＿
＿＿＿＿＿＿＿＿＿＿
＿＿＿＿＿■＿＿＿＿
＿＿＿■■■＿＿＿＿
＿＿＿□□□＿＿＿＿
＿＿＿□□□＿＿＿＿
＿＿＿□□＿＿＿＿＿
□□◆□□□＿＿＿□
□□□□□□□＿＿□
□□□◆□□□□□□
□◆□□□□＿□□□
□＿□□□□□□□□
00:26:35(47868f):field(47867f)
＿＿＿＿＿＿＿＿＿＿
＿＿＿＿＿＿＿＿＿＿
＿＿＿＿＿＿＿＿＿＿
＿＿＿＿＿＿＿＿＿＿
＿＿＿＿＿＿＿＿＿＿
＿＿＿＿＿＿＿＿＿＿
＿＿＿＿＿＿＿＿＿＿
＿＿＿＿＿＿＿＿＿＿
＿＿＿＿＿＿＿＿＿＿
＿＿＿＿■■＿＿＿＿
＿＿＿■■□＿＿＿＿
＿＿＿□□□＿＿＿＿
＿＿＿□□□＿＿＿＿
＿＿＿□□□＿＿＿＿
＿＿＿□□＿＿＿＿＿
□□＿□□□＿＿＿□
□□□□□□□＿＿□
□□□＿□□□□□□
□＿□□□□＿□□□
□＿□□□□□□□□
00:26:36(47882f):field(47881f)
＿＿＿＿＿＿＿＿＿＿
＿＿＿＿＿＿＿＿＿＿
＿＿＿＿＿＿＿＿＿＿
＿＿＿＿＿＿＿＿＿＿
＿＿＿＿＿＿＿＿＿＿
＿＿＿＿＿＿＿＿＿＿
＿＿＿＿＿＿＿＿＿＿
＿＿＿＿＿＿＿＿＿＿
＿＿＿＿＿＿＿＿＿＿
＿＿＿＿◆◆＿＿＿＿
＿＿＿◆□□＿＿＿＿
＿＿＿□□□＿＿＿＿
＿＿＿□□□＿＿＿＿
＿＿＿□□□＿＿＿＿
＿＿＿□□■＿＿＿＿
◆◆＿□□◆＿＿＿◆
□□◆□□□□■＿□
□□□■□□□□□□
□■□□□□＿□□□
□＿□□□□□□□□
00:26:36(47898f):field(47897f)
＿＿＿＿＿＿＿＿＿＿
＿＿＿＿＿＿＿＿＿＿
＿＿＿＿＿＿＿＿＿＿
＿＿＿＿＿＿＿＿＿＿
＿＿＿＿＿＿＿＿＿＿
＿＿＿＿＿＿＿＿＿＿
＿＿＿＿＿＿＿＿＿＿
＿＿＿＿＿＿＿＿＿＿
＿＿＿＿＿＿＿＿＿＿
＿＿＿＿＿＿＿＿＿＿
＿＿＿＿□□＿＿＿＿
＿＿＿□□□＿＿＿＿
＿＿＿□□□＿＿＿＿
＿＿＿□□□＿＿＿＿
＿＿＿□□□■＿＿＿
＿＿＿□□■■■＿＿
□□＿□□□□□＿□
□□□◆□□□□□□
□◆□□□□＿□□□
□＿□□□□□□□□
00:26:37(47910f):field(47909f)
＿＿＿＿＿＿＿＿＿＿
＿＿＿＿＿＿＿＿＿＿
＿＿＿＿＿＿＿＿＿＿
＿＿＿＿＿＿＿＿＿＿
＿＿＿＿＿＿＿＿＿＿
＿＿＿＿＿＿＿＿＿＿
＿＿＿＿＿＿＿＿＿＿
＿＿＿＿＿＿＿＿＿＿
＿＿＿＿＿＿＿＿＿＿
＿＿＿＿＿＿＿＿＿＿
＿＿＿＿□□＿＿＿＿
＿＿＿□□□＿＿＿＿
＿＿＿□□□＿＿＿＿
＿＿＿□□□＿＿＿＿
■■＿□□□□＿＿＿
■■＿□□□□□＿＿
□□＿□□□□□＿□
□□□＿□□□□□□
□＿□□□□＿□□□
□＿□□□□□□□□
00:26:37(47925f):field(47924f)
＿＿＿＿＿＿＿＿＿＿
＿＿＿＿＿＿＿＿＿＿
＿＿＿＿＿＿＿＿＿＿
＿＿＿＿＿＿＿＿＿＿
＿＿＿＿＿＿＿＿＿＿
＿＿＿＿＿＿＿＿＿＿
＿＿＿＿＿＿＿＿＿＿
＿＿＿＿＿＿＿＿＿＿
＿＿＿＿＿＿＿＿＿＿
＿＿＿＿＿＿＿＿＿＿
＿＿＿＿□□＿＿＿＿
＿＿＿□□□＿＿＿＿
＿＿＿□□□＿＿＿＿
＿＿＿□□□＿＿＿＿
□□＿□□□□＿■＿
□□＿□□□□□■■
□□＿□□□□□■□
□□□＿□□□□□□
□＿□□□□＿□□□
□＿□□□□□□□□
00:26:37(47936f):field(47935f)
＿＿＿＿＿＿＿＿＿＿
＿＿＿＿＿＿＿＿＿＿
＿＿＿＿＿＿＿＿＿＿
＿＿＿＿＿＿＿＿＿＿
＿＿＿＿＿＿＿＿＿＿
＿＿＿＿＿＿＿＿＿＿
＿＿＿＿＿＿＿＿＿＿
＿＿＿＿＿＿＿＿＿＿
＿＿＿＿＿＿＿＿＿＿
＿＿＿■■■＿＿＿＿
＿＿＿■□□＿＿＿＿
＿＿＿□□□＿＿＿＿
＿＿＿□□□＿＿＿＿
＿＿＿□□□＿＿＿＿
□□＿□□□□＿□＿
□□＿□□□□□□□
□□＿□□□□□□□
□□□＿□□□□□□
□＿□□□□＿□□□
□＿□□□□□□□□
00:26:38(47949f):field(47948f)
＿＿＿＿＿＿＿＿＿＿
＿＿＿＿＿＿＿＿＿＿
＿＿＿＿＿＿＿＿＿＿
＿＿＿＿＿＿＿＿＿＿
＿＿＿＿＿＿＿＿＿＿
＿＿＿＿＿＿＿＿＿＿
＿＿＿＿＿＿＿＿＿＿
＿＿＿＿＿＿＿＿＿＿
＿＿＿＿＿＿＿＿＿＿
＿＿＿□□□＿＿＿＿
＿＿＿□□□＿＿＿＿
＿＿＿□□□＿＿＿＿
＿＿＿□□□■＿＿＿
＿＿＿□□□■■＿＿
□□＿□□□□■□＿
□□＿□□□□□□□
□□＿□□□□□□□
□□□＿□□□□□□
□＿□□□□＿□□□
□＿□□□□□□□□
00:26:38(47962f):field(47961f)
＿＿＿＿＿＿＿＿＿＿
＿＿＿＿＿＿＿＿＿＿
＿＿＿＿＿＿＿＿＿＿
＿＿＿＿＿＿＿＿＿＿
＿＿＿＿＿＿＿＿＿＿
＿＿＿＿＿＿＿＿＿＿
＿＿＿＿＿＿＿＿＿＿
＿＿＿＿＿＿＿＿＿＿
＿＿＿＿＿＿＿＿＿＿
＿＿＿◆◆◆＿＿＿＿
＿＿＿◆◆◆＿＿＿＿
＿＿＿□□□＿＿＿＿
＿＿＿□□□◆＿＿＿
＿＿＿□□□◆◆＿＿
◆◆＿□□□□◆◆＿
◆◆■□□□□□◆◆
□□■□□□□□□◆
□□□■□□□□□□
□■□□□□■□□□
□＿□□□□□□□□
00:26:39(47975f):field(47974f)
＿＿＿＿＿＿＿＿＿＿
＿＿＿＿＿＿＿＿＿＿
＿＿＿＿＿＿＿＿＿＿
＿＿＿＿＿＿＿＿＿＿
＿＿＿＿＿＿＿＿＿＿
＿＿＿＿＿＿＿＿＿＿
＿＿＿＿＿＿＿＿＿＿
＿＿＿＿＿＿＿＿＿＿
＿＿＿＿＿＿＿＿＿＿
＿＿＿＿＿＿＿＿＿＿
＿＿＿＿＿＿＿＿＿＿
＿＿＿□□□＿＿＿＿
＿＿＿□□□＿＿＿＿
＿＿＿□□□＿＿＿＿
■■＿□□□□＿＿＿
■■□□□□□□＿＿
□□□□□□□□□＿
□□□◆□□□□□□
□◆□□□□◆□□□
□＿□□□□□□□□
00:26:39(47989f):field(47988f)
＿＿＿＿＿＿＿＿＿＿
＿＿＿＿＿＿＿＿＿＿
＿＿＿＿＿＿＿＿＿＿
＿＿＿＿＿＿＿＿＿＿
＿＿＿＿＿＿＿＿＿＿
＿＿＿＿＿＿＿＿＿＿
＿＿＿＿＿＿＿＿＿＿
＿＿＿＿＿＿＿＿＿＿
＿＿＿＿＿＿＿＿＿＿
＿＿＿＿＿＿＿＿＿＿
＿＿＿＿＿＿＿＿＿＿
＿＿＿◆◆◆＿＿＿＿
＿＿＿□□□＿＿＿＿
＿＿＿□□□＿＿＿＿
◆◆＿□□□◆＿＿＿
□□□□□□□□■＿
□□□□□□□□□＿
□□□＿□□□□□□
□＿□□□□＿□□□
□＿□□□□□□□□
00:26:40(48000f):field(47999f)
＿＿＿＿＿＿＿＿＿＿
＿＿＿＿＿＿＿＿＿＿
＿＿＿＿＿＿＿＿＿＿
＿＿＿＿＿＿＿＿＿＿
＿＿＿＿＿＿＿＿＿＿
＿＿＿＿＿＿＿＿＿＿
＿＿＿＿＿＿＿＿＿＿
＿＿＿＿＿＿＿＿＿＿
＿＿＿＿＿＿＿＿＿＿
＿＿＿＿＿＿＿＿＿＿
＿＿＿＿＿＿＿＿＿＿
＿＿＿＿＿＿＿＿＿＿
＿＿＿□□□＿＿＿＿
＿＿＿□□□＿＿＿＿
■■■□□□＿＿＿＿
□□□□□□□□□＿
□□□□□□□□□＿
□□□＿□□□□□□
□＿□□□□＿□□□
□＿□□□□□□□□
00:26:40(48012f):field(48011f)
＿＿＿＿＿＿＿＿＿＿
＿＿＿＿＿＿＿＿＿＿
＿＿＿＿＿＿＿＿＿＿
＿＿＿＿＿＿＿＿＿＿
＿＿＿＿＿＿＿＿＿＿
＿＿＿＿＿＿＿＿＿＿
＿＿＿＿＿＿＿＿＿＿
＿＿＿＿＿＿＿＿＿＿
＿＿＿＿＿＿＿＿＿＿
＿＿＿＿＿＿＿＿＿＿
＿＿＿＿＿＿＿＿＿＿
＿＿＿＿＿＿＿＿＿＿
＿＿＿◆◆◆＿＿＿＿
＿＿＿□□□＿＿＿＿
□◆◆□□□■＿＿■
□□□□□□◆□□■
□□□□□□□□□＿
□□□＿□□□□□□
□＿□□□□＿□□□
□＿□□□□□□□□
00:26:40(48028f):field(48027f)
＿＿＿＿＿＿＿＿＿＿
＿＿＿＿＿＿＿＿＿＿
＿＿＿＿＿＿＿＿＿＿
＿＿＿＿＿＿＿＿＿＿
＿＿＿＿＿＿＿＿＿＿
＿＿＿＿＿＿＿＿＿＿
＿＿＿＿＿＿＿＿＿＿
＿＿＿＿＿＿＿＿＿＿
＿＿＿＿＿＿＿＿＿＿
＿＿＿＿＿＿＿＿＿＿
＿＿＿＿＿＿＿＿＿＿
■＿＿＿＿＿＿＿＿＿
■＿＿＿＿＿＿＿＿＿
■＿＿□□□＿＿＿＿
□＿＿□□□◆＿＿□
□□□□□□＿◆□□
□□□□□□□□□＿
□□□＿□□□□□□
□＿□□□□＿□□□
□＿□□□□□□□□
00:26:41(48040f):field(48039f)
＿＿＿＿＿＿＿＿＿＿
＿＿＿＿＿＿＿＿＿＿
＿＿＿＿＿＿＿＿＿＿
＿＿＿＿＿＿＿＿＿＿
＿＿＿＿＿＿＿＿＿＿
＿＿＿＿＿＿＿＿＿＿
＿＿＿＿＿＿＿＿＿＿
＿＿＿＿＿＿＿＿＿＿
＿＿＿＿＿＿＿＿＿＿
＿＿＿＿＿＿＿＿＿＿
＿＿＿＿＿＿＿＿＿＿
□＿＿＿＿＿＿＿＿＿
□＿＿＿＿＿＿＿＿＿
□■■□□□＿＿＿＿
□■■□□□＿＿＿□
□□□□□□＿＿□□
□□□□□□□□□＿
□□□＿□□□□□□
□＿□□□□＿□□□
□＿□□□□□□□□
00:26:42(48063f):field(48062f)
＿＿＿＿＿＿＿＿＿＿
＿＿＿＿＿＿＿＿＿＿
＿＿＿＿＿＿＿＿＿＿
＿＿＿＿＿＿＿＿＿＿
＿＿＿＿＿＿＿＿＿＿
＿＿＿＿＿＿＿＿＿＿
＿＿＿＿＿＿＿＿＿＿
＿＿＿＿＿＿＿＿＿＿
＿＿＿＿＿＿＿＿＿＿
＿＿＿＿＿＿＿＿＿＿
＿＿＿＿＿＿＿＿＿＿
◆＿＿＿＿＿＿＿＿＿
◆＿＿＿＿＿＿＿＿＿
□◆◆◆◆◆＿＿＿＿
□◆□◆◆◆＿＿＿◆
□□□□□□■■□□
□□□□□□□□□＿
□□□■□□□□□□
□＿□□□□＿□□□
□＿□□□□□□□□
00:26:42(48075f):field(48074f)
＿＿＿＿＿＿＿＿＿＿
＿＿＿＿＿＿＿＿＿＿
＿＿＿＿＿＿＿＿＿＿
＿＿＿＿＿＿＿＿＿＿
＿＿＿＿＿＿＿＿＿＿
＿＿＿＿＿＿＿＿＿＿
＿＿＿＿＿＿＿＿＿＿
＿＿＿＿＿＿＿＿＿＿
＿＿＿＿＿＿＿＿＿＿
＿＿＿＿＿＿＿＿＿＿
＿＿＿＿＿＿＿＿＿＿
＿＿＿＿＿＿＿＿＿＿
＿＿＿＿＿＿＿＿＿＿
□＿＿■＿＿＿＿＿＿
□■□■＿＿＿＿＿＿
□□□□□□□□□◆
□□□□□□□□□＿
□□□□□□□□□□
□＿□□□□＿□□□
□＿□□□□□□□□
00:26:42(48085f):field(48084f)
＿＿＿＿＿＿＿＿＿＿
＿＿＿＿＿＿＿＿＿＿
＿＿＿＿＿＿＿＿＿＿
＿＿＿＿＿＿＿＿＿＿
＿＿＿＿＿＿＿＿＿＿
＿＿＿＿＿＿＿＿＿＿
＿＿＿＿＿＿＿＿＿＿
＿＿＿＿＿＿＿＿＿＿
＿＿＿＿＿＿＿＿＿＿
＿＿＿＿＿＿＿＿＿＿
＿＿＿＿＿＿＿＿＿＿
＿＿＿＿＿＿＿＿＿＿
＿＿＿＿＿＿＿＿＿＿
□＿＿□■＿＿＿＿＿
□□□□■■■＿＿＿
□□□□□□□□□＿
□□□□□□□□□＿
□□□□□□□□□□
□＿□□□□＿□□□
□＿□□□□□□□□
00:26:43(48096f):field(48095f)
＿＿＿＿＿＿＿＿＿＿
＿＿＿＿＿＿＿＿＿＿
＿＿＿＿＿＿＿＿＿＿
＿＿＿＿＿＿＿＿＿＿
＿＿＿＿＿＿＿＿＿＿
＿＿＿＿＿＿＿＿＿＿
＿＿＿＿＿＿＿＿＿＿
＿＿＿＿＿＿＿＿＿＿
＿＿＿＿＿＿＿＿＿＿
＿＿＿＿＿＿＿＿＿＿
＿＿＿＿＿＿＿＿＿＿
＿＿＿＿＿＿＿＿＿＿
＿＿＿＿＿■■＿＿＿
□＿＿□□■■＿＿＿
□□□□□□□＿＿＿
□□□□□□□□□＿
□□□□□□□□□＿
□□□◆□□□□□□
□＿□□□□＿□□□
□＿□□□□□□□□
00:26:43(48112f):field(48111f)
＿＿＿＿＿＿＿＿＿＿
＿＿＿＿＿＿＿＿＿＿
＿＿＿＿＿＿＿＿＿＿
＿＿＿＿＿＿＿＿＿＿
＿＿＿＿＿＿＿＿＿＿
＿＿＿＿＿＿＿＿＿＿
＿＿＿＿＿＿＿＿＿＿
＿＿＿＿＿＿＿＿＿＿
＿＿＿＿＿＿＿＿＿＿
＿＿＿＿＿＿＿＿＿＿
＿＿＿＿＿＿＿＿＿＿
＿＿＿＿＿＿＿＿＿＿
＿＿＿＿＿◆◆＿＿＿
◆＿＿◆◆◆◆＿＿＿
□◆◆◆◆□□＿＿＿
□□◆□□□□□◆■
□□□□□□□□◆■
□□□＿□□□□□□
□＿□□□□＿□□□
□＿□□□□□□□□
00:26:44(48122f):field(48121f)
＿＿＿＿＿＿＿＿＿＿
＿＿＿＿＿＿＿＿＿＿
＿＿＿＿＿＿＿＿＿＿
＿＿＿＿＿＿＿＿＿＿
＿＿＿＿＿＿＿＿＿＿
＿＿＿＿＿＿＿＿＿＿
＿＿＿＿＿＿＿＿＿＿
＿＿＿＿＿＿＿＿＿＿
＿＿＿＿＿＿＿＿＿＿
＿＿＿＿＿＿＿＿＿＿
＿＿＿＿＿＿＿＿＿＿
＿＿＿＿＿＿＿＿＿＿
＿＿＿＿＿＿＿＿＿＿
＿＿＿＿＿＿＿＿＿＿
◆＿■■＿□□＿＿＿
□□■□□□□◆＿□
□□□□□□□◆＿□
□□□＿□□□□□□
□＿□□□□＿□□□
□＿□□□□□□□□
00:26:44(48133f):field(48132f)
＿＿＿＿＿＿＿＿＿＿
＿＿＿＿＿＿＿＿＿＿
＿＿＿＿＿＿＿＿＿＿
＿＿＿＿＿＿＿＿＿＿
＿＿＿＿＿＿＿＿＿＿
＿＿＿＿＿＿＿＿＿＿
＿＿＿＿＿＿＿＿＿＿
＿＿＿＿＿＿＿＿＿＿
＿＿＿＿＿＿＿＿＿＿
＿＿＿＿＿＿＿＿＿＿
＿＿＿＿＿＿＿＿＿＿
＿＿＿＿＿＿＿＿＿＿
＿＿＿＿＿■＿＿＿＿
＿＿＿＿■■＿＿＿＿
＿＿□□■□□＿＿＿
□□□□□□□＿＿□
□□□□□□□＿＿□
□□□＿□□□□□□
□＿□□□□＿□□□
□＿□□□□□□□□
00:26:44(48144f):field(48143f)
＿＿＿＿＿＿＿＿＿＿
＿＿＿＿＿＿＿＿＿＿
＿＿＿＿＿＿＿＿＿＿
＿＿＿＿＿＿＿＿＿＿
＿＿＿＿＿＿＿＿＿＿
＿＿＿＿＿＿＿＿＿＿
＿＿＿＿＿＿＿＿＿＿
＿＿＿＿＿＿＿＿＿＿
＿＿＿＿＿＿＿＿＿＿
＿＿＿＿＿＿＿＿＿＿
＿＿＿＿＿＿＿＿＿＿
＿＿＿■＿＿＿＿＿＿
＿＿＿■■□＿＿＿＿
＿＿＿■□□＿＿＿＿
＿＿□□□□□＿＿＿
□□□□□□□＿＿□
□□□□□□□＿＿□
□□□＿□□□□□□
□＿□□□□＿□□□
□＿□□□□□□□□
00:26:45(48156f):field(48155f)
＿＿＿＿＿＿＿＿＿＿
＿＿＿＿＿＿＿＿＿＿
＿＿＿＿＿＿＿＿＿＿
＿＿＿＿＿＿＿＿＿＿
＿＿＿＿＿＿＿＿＿＿
＿＿＿＿＿＿＿＿＿＿
＿＿＿＿＿＿＿＿＿＿
＿＿＿＿＿＿＿＿＿＿
＿＿＿＿＿＿＿＿＿＿
＿＿＿＿＿＿＿＿＿＿
＿＿＿＿＿＿＿＿＿＿
＿＿＿◆＿＿＿＿＿＿
＿＿＿□◆◆＿＿＿＿
＿＿＿□□□＿＿＿＿
＿＿◆□□□◆＿＿＿
◆◆□□□□□■＿◆
□□□□□□□■■□
□□□＿□□□□□□
□■□□□□■□□□
□＿□□□□□□□□
00:26:45(48170f):field(48169f)
＿＿＿＿＿＿＿＿＿＿
＿＿＿＿＿＿＿＿＿＿
＿＿＿＿＿＿＿＿＿＿
＿＿＿＿＿＿＿＿＿＿
＿＿＿＿＿＿＿＿＿＿
＿＿＿＿＿＿＿＿＿＿
＿＿＿＿＿＿＿＿＿＿
＿＿＿＿＿＿＿＿＿＿
＿＿＿＿＿＿＿＿＿＿
＿＿＿＿＿＿＿＿＿＿
＿＿＿＿＿＿＿＿＿＿
＿＿＿＿＿＿＿＿＿＿
＿＿＿□＿＿＿＿＿＿
＿＿＿□□□＿＿＿■
＿＿＿□□□＿＿＿■
＿＿□□□□□□■■
□□□□□□□□◆□
□□□＿□□□□□□
□◆□□□□◆□□□
□＿□□□□□□□□
00:26:46(48180f):field(48179f)
＿＿＿＿＿＿＿＿＿＿
＿＿＿＿＿＿＿＿＿＿
＿＿＿＿＿＿＿＿＿＿
＿＿＿＿＿＿＿＿＿＿
＿＿＿＿＿＿＿＿＿＿
＿＿＿＿＿＿＿＿＿＿
＿＿＿＿＿＿＿＿＿＿
＿＿＿＿＿＿＿＿＿＿
＿＿＿＿＿＿＿＿＿＿
＿＿＿＿＿＿＿＿＿＿
＿＿＿＿＿＿＿＿＿＿
＿＿＿＿■■＿＿＿＿
＿＿＿□■■＿＿＿＿
＿＿＿□□□＿＿＿□
＿＿＿□□□＿＿＿□
＿＿□□□□□□□□
□□□□□□□□＿□
□□□＿□□□□□□
□＿□□□□＿□□□
□＿□□□□□□□□
00:26:46(48194f):field(48193f)
＿＿＿＿＿＿＿＿＿＿
＿＿＿＿＿＿＿＿＿＿
＿＿＿＿＿＿＿＿＿＿
＿＿＿＿＿＿＿＿＿＿
＿＿＿＿＿＿＿＿＿＿
＿＿＿＿＿＿＿＿＿＿
＿＿＿＿＿＿＿＿＿＿
＿＿＿＿＿＿＿＿＿＿
＿＿＿＿＿＿＿＿＿＿
＿＿＿＿＿＿＿＿＿＿
＿＿＿＿＿＿＿＿＿＿
＿＿＿＿□□＿＿＿＿
■＿＿□□□＿＿＿＿
■＿＿□□□＿＿＿□
■＿＿□□□＿＿＿□
■＿□□□□□□□□
□□□□□□□□＿□
□□□＿□□□□□□
□＿□□□□＿□□□
□＿□□□□□□□□
00:26:46(48205f):field(48204f)
＿＿＿＿＿＿＿＿＿＿
＿＿＿＿＿＿＿＿＿＿
＿＿＿＿＿＿＿＿＿＿
＿＿＿＿＿＿＿＿＿＿
＿＿＿＿＿＿＿＿＿＿
＿＿＿＿＿＿＿＿＿＿
＿＿＿＿＿＿＿＿＿＿
＿＿＿＿＿＿＿＿＿＿
＿＿＿＿＿＿＿＿＿＿
＿＿＿＿＿＿＿＿＿＿
＿＿＿＿＿＿＿＿＿＿
＿＿＿＿◆◆＿＿＿＿
◆＿＿◆□□＿＿＿＿
□＿＿□□□＿＿＿◆
□■■□□□＿＿＿□
□■□□□□◆◆◆□
□□□□□□□□＿□
□□□■□□□□□□
□＿□□□□＿□□□
□＿□□□□□□□□
00:26:47(48218f):field(48217f)
＿＿＿＿＿＿＿＿＿＿
＿＿＿＿＿＿＿＿＿＿
＿＿＿＿＿＿＿＿＿＿
＿＿＿＿＿＿＿＿＿＿
＿＿＿＿＿＿＿＿＿＿
＿＿＿＿＿＿＿＿＿＿
＿＿＿＿＿＿＿＿＿＿
＿＿＿＿＿＿＿＿＿＿
＿＿＿＿＿＿＿＿＿＿
＿＿＿＿＿＿＿＿＿＿
＿＿＿＿■＿＿＿＿＿
＿＿＿■■＿＿＿＿＿
＿＿＿■□□＿＿＿＿
□＿＿□□□＿＿＿＿
□□◆□□□＿＿＿□
□□□□□□＿＿＿□
□□□□□□□□＿□
□□□◆□□□□□□
□＿□□□□＿□□□
□＿□□□□□□□□
00:26:47(48229f):field(48228f)
＿＿＿＿＿＿＿＿＿＿
＿＿＿＿＿＿＿＿＿＿
＿＿＿＿＿＿＿＿＿＿
＿＿＿＿＿＿＿＿＿＿
＿＿＿＿＿＿＿＿＿＿
＿＿＿＿＿＿＿＿＿＿
＿＿＿＿＿＿＿＿＿＿
＿＿＿＿＿＿＿＿＿＿
＿＿＿＿＿＿＿＿＿＿
＿＿＿＿＿＿＿＿＿＿
＿＿＿＿◆＿＿＿＿＿
＿＿＿◆◆＿＿＿＿＿
＿＿＿◆□◆＿＿＿＿
◆＿＿□□◆＿＿＿＿
◆◆＿□□□＿＿＿◆
□□◆□□□＿＿■◆
□□□□□□◆◆＿□
□□□■□□□□□□
□■□□□□＿□□□
□＿□□□□□□□□
00:26:48(48247f):field(48246f)
＿＿＿＿＿＿＿＿＿＿
＿＿＿＿＿＿＿＿＿＿
＿＿＿＿＿＿＿＿＿＿
＿＿＿＿＿＿＿＿＿＿
＿＿＿＿＿＿＿＿＿＿
＿＿＿＿＿＿＿＿＿＿
＿＿＿＿＿＿＿＿＿＿
＿＿＿＿＿＿＿＿＿＿
＿＿＿＿＿＿＿＿＿＿
＿＿＿＿＿＿＿＿＿＿
＿＿＿＿＿＿＿＿＿＿
＿＿＿＿＿＿＿＿＿＿
＿＿＿＿□＿＿＿＿＿
■＿＿□□＿＿＿＿＿
■■＿□□□＿＿＿＿
□□＿□□□＿＿◆＿
□□◆□□□＿＿＿□
□□□◆□□□□□□
□◆□□□□＿□□□
□＿□□□□□□□□
00:26:48(48261f):field(48260f)
＿＿＿＿＿＿＿＿＿＿
＿＿＿＿＿＿＿＿＿＿
＿＿＿＿＿＿＿＿＿＿
＿＿＿＿＿＿＿＿＿＿
＿＿＿＿＿＿＿＿＿＿
＿＿＿＿＿＿＿＿＿＿
＿＿＿＿＿＿＿＿＿＿
＿＿＿＿＿＿＿＿＿＿
＿＿＿＿＿＿＿＿＿＿
＿＿＿＿＿＿＿＿＿＿
＿＿＿＿＿＿＿＿＿＿
＿＿＿＿＿＿＿＿＿＿
＿＿＿＿□＿＿＿＿＿
□＿＿□□＿＿＿＿＿
□□＿□□□＿＿＿＿
□□＿□□□■■＿＿
□□＿□□□■■＿□
□□□＿□□□□□□
□＿□□□□＿□□□
□＿□□□□□□□□
00:26:49(48274f):field(48273f)
＿＿＿＿＿＿＿＿＿＿
＿＿＿＿＿＿＿＿＿＿
＿＿＿＿＿＿＿＿＿＿
＿＿＿＿＿＿＿＿＿＿
＿＿＿＿＿＿＿＿＿＿
＿＿＿＿＿＿＿＿＿＿
＿＿＿＿＿＿＿＿＿＿
＿＿＿＿＿＿＿＿＿＿
＿＿＿＿＿＿＿＿＿＿
＿＿＿＿＿＿＿＿＿＿
＿＿＿＿＿＿＿＿＿＿
＿＿＿＿＿＿＿＿＿＿
＿＿＿＿□＿＿＿＿＿
□＿■□□＿＿＿＿＿
□□■□□□＿＿＿＿
□□■□□□□□＿＿
□□■□□□□□＿□
□□□＿□□□□□□
□＿□□□□＿□□□
□＿□□□□□□□□
00:26:49(48285f):field(48284f)
＿＿＿＿＿＿＿＿＿＿
＿＿＿＿＿＿＿＿＿＿
＿＿＿＿＿＿＿＿＿＿
＿＿＿＿＿＿＿＿＿＿
＿＿＿＿＿＿＿＿＿＿
＿＿＿＿＿＿＿＿＿＿
＿＿＿＿＿＿＿＿＿＿
＿＿＿＿＿＿＿＿＿＿
＿＿＿＿＿＿＿＿＿＿
＿＿＿＿＿＿＿＿＿＿
＿＿＿＿＿＿＿＿＿＿
＿＿＿＿＿＿＿＿＿＿
＿＿＿＿◆＿＿＿＿＿
◆＿◆◆◆＿＿＿＿＿
□◆◆◆□◆■＿＿＿
□◆□□□□◆□＿＿
□□□□□□□◆＿□
□□□■□□□□□□
□■□□□□■□□□
□＿□□□□□□□□
00:26:49(48298f):field(48297f)
＿＿＿＿＿＿＿＿＿＿
＿＿＿＿＿＿＿＿＿＿
＿＿＿＿＿＿＿＿＿＿
＿＿＿＿＿＿＿＿＿＿
＿＿＿＿＿＿＿＿＿＿
＿＿＿＿＿＿＿＿＿＿
＿＿＿＿＿＿＿＿＿＿
＿＿＿＿＿＿＿＿＿＿
＿＿＿＿＿＿＿＿＿＿
＿＿＿＿＿＿＿＿＿＿
＿＿＿＿＿＿＿＿＿＿
＿＿＿＿＿＿＿＿＿＿
＿＿＿＿＿＿＿＿＿＿
＿＿＿＿＿＿＿＿＿＿
◆＿＿＿◆＿◆＿＿＿
◆＿◆◆□◆＿◆＿＿
□◆□□□◆□＿＿◆
□□□◆□□□□□□
□□□□□□◆□□□
□＿□□□□□□□□
00:26:50(48310f):field(48309f)
＿＿＿＿＿＿＿＿＿＿
＿＿＿＿＿＿＿＿＿＿
＿＿＿＿＿＿＿＿＿＿
＿＿＿＿＿＿＿＿＿＿
＿＿＿＿＿＿＿＿＿＿
＿＿＿＿＿＿＿＿＿＿
＿＿＿＿＿＿＿＿＿＿
＿＿＿＿＿＿＿＿＿＿
＿＿＿＿＿＿＿＿＿＿
＿＿＿＿＿＿＿＿＿＿
＿＿＿＿＿＿＿＿＿＿
＿＿＿＿＿＿＿＿＿＿
＿＿＿＿＿＿＿＿＿＿
＿＿＿＿＿＿＿＿＿＿
＿＿＿＿■■＿＿＿＿
＿＿＿＿□■＿＿＿＿
□＿□□□■□＿＿＿
□□□＿□□□□□□
□◆□□□□＿□□□
□＿□□□□□□□□
00:26:50(48322f):field(48321f)
＿＿＿＿＿＿＿＿＿＿
＿＿＿＿＿＿＿＿＿＿
＿＿＿＿＿＿＿＿＿＿
＿＿＿＿＿＿＿＿＿＿
＿＿＿＿＿＿＿＿＿＿
＿＿＿＿＿＿＿＿＿＿
＿＿＿＿＿＿＿＿＿＿
＿＿＿＿＿＿＿＿＿＿
＿＿＿＿＿＿＿＿＿＿
＿＿＿＿＿＿＿＿＿＿
＿＿＿＿＿＿＿＿＿＿
＿＿＿＿＿＿＿＿＿＿
＿＿＿＿＿＿＿＿＿＿
＿＿＿＿＿＿＿＿＿＿
■＿＿＿□□＿＿＿＿
■■＿＿□□＿＿＿＿
□■□□□□□＿＿＿
□□□＿□□□□□□
□＿□□□□＿□□□
□＿□□□□□□□□
00:26:51(48334f):field(48333f)
＿＿＿＿＿＿＿＿＿＿
＿＿＿＿＿＿＿＿＿＿
＿＿＿＿＿＿＿＿＿＿
＿＿＿＿＿＿＿＿＿＿
＿＿＿＿＿＿＿＿＿＿
＿＿＿＿＿＿＿＿＿＿
＿＿＿＿＿＿＿＿＿＿
＿＿＿＿＿＿＿＿＿＿
＿＿＿＿＿＿＿＿＿＿
＿＿＿＿＿＿＿＿＿＿
＿＿＿＿＿＿＿＿＿＿
＿＿＿＿＿＿＿＿＿＿
＿＿＿＿＿＿＿＿＿＿
＿＿＿＿＿＿＿＿＿■
□＿＿＿□□＿＿＿■
□□＿＿□□＿＿＿■
□□□□□□□＿＿■
□□□＿□□□□□□
□＿□□□□＿□□□
□＿□□□□□□□□
00:26:51(48345f):field(48344f)
＿＿＿＿＿＿＿＿＿＿
＿＿＿＿＿＿＿＿＿＿
＿＿＿＿＿＿＿＿＿＿
＿＿＿＿＿＿＿＿＿＿
＿＿＿＿＿＿＿＿＿＿
＿＿＿＿＿＿＿＿＿＿
＿＿＿＿＿＿＿＿＿＿
＿＿＿＿＿＿＿＿＿＿
＿＿＿＿＿＿＿＿＿＿
＿＿＿＿＿＿＿＿＿＿
＿＿＿＿＿＿＿＿＿＿
＿＿＿＿＿＿＿＿＿＿
＿＿＿＿＿＿＿＿＿＿
＿＿＿＿＿＿＿＿＿◆
◆＿＿＿◆◆＿＿＿□
□◆＿＿□□＿＿＿□
□□◆◆□□□■■□
□□□■□□□□□□
□■□□□□＿□□□
□＿□□□□□□□□
00:26:51(48358f):field(48357f)
＿＿＿＿＿＿＿＿＿＿
＿＿＿＿＿＿＿＿＿＿
＿＿＿＿＿＿＿＿＿＿
＿＿＿＿＿＿＿＿＿＿
＿＿＿＿＿＿＿＿＿＿
＿＿＿＿＿＿＿＿＿＿
＿＿＿＿＿＿＿＿＿＿
＿＿＿＿＿＿＿＿＿＿
＿＿＿＿＿＿＿＿＿＿
＿＿＿＿＿＿＿＿＿＿
＿＿＿＿＿＿＿＿＿＿
＿＿＿＿＿＿＿＿＿＿
＿＿＿＿＿＿＿＿＿＿
＿＿＿＿■■＿＿＿＿
＿＿＿＿■■＿＿＿□
□＿＿＿□□＿＿＿□
□□＿＿□□□□◆□
□□□◆□□□□□□
□◆□□□□＿□□□
□＿□□□□□□□□
00:26:52(48370f):field(48369f)
＿＿＿＿＿＿＿＿＿＿
＿＿＿＿＿＿＿＿＿＿
＿＿＿＿＿＿＿＿＿＿
＿＿＿＿＿＿＿＿＿＿
＿＿＿＿＿＿＿＿＿＿
＿＿＿＿＿＿＿＿＿＿
＿＿＿＿＿＿＿＿＿＿
＿＿＿＿＿＿＿＿＿＿
＿＿＿＿＿＿＿＿＿＿
＿＿＿＿＿＿＿＿＿＿
＿＿＿＿＿＿＿＿＿＿
＿＿＿＿＿＿＿＿＿＿
＿＿＿＿＿＿＿＿＿＿
＿＿＿＿□□＿＿＿＿
＿＿＿＿□□＿＿＿□
□＿＿＿□□■■■□
□□＿＿□□□□■□
□□□＿□□□□□□
□＿□□□□＿□□□
□＿□□□□□□□□
00:26:52(48380f):field(48379f)
＿＿＿＿＿＿＿＿＿＿
＿＿＿＿＿＿＿＿＿＿
＿＿＿＿＿＿＿＿＿＿
＿＿＿＿＿＿＿＿＿＿
＿＿＿＿＿＿＿＿＿＿
＿＿＿＿＿＿＿＿＿＿
＿＿＿＿＿＿＿＿＿＿
＿＿＿＿＿＿＿＿＿＿
＿＿＿＿＿＿＿＿＿＿
＿＿＿＿＿＿＿＿＿＿
＿＿＿＿＿＿＿＿＿＿
＿＿＿＿＿＿＿＿＿＿
＿＿＿＿＿＿＿＿＿＿
＿＿＿＿◆◆＿＿＿＿
＿＿＿＿◆◆＿＿＿◆
◆■＿＿□□◆◆◆◆
□◆＿＿□□□□◆□
□□◆■□□□□□□
□■□□□□＿□□□
□＿□□□□□□□□
00:26:53(48394f):field(48393f)
＿＿＿＿＿＿＿＿＿＿
＿＿＿＿＿＿＿＿＿＿
＿＿＿＿＿＿＿＿＿＿
＿＿＿＿＿＿＿＿＿＿
＿＿＿＿＿＿＿＿＿＿
＿＿＿＿＿＿＿＿＿＿
＿＿＿＿＿＿＿＿＿＿
＿＿＿＿＿＿＿＿＿＿
＿＿＿＿＿＿＿＿＿＿
＿＿＿＿＿＿＿＿＿＿
＿＿＿＿＿＿＿＿＿＿
＿＿＿＿＿＿＿＿＿＿
＿＿＿＿＿＿＿＿＿＿
＿＿＿＿＿＿＿＿＿＿
＿＿＿＿＿＿＿＿＿＿
＿◆＿＿◆◆＿＿＿＿
◆■＿＿□□◆◆＿◆
◆□＿◆□□□□◆□
□◆□□□□＿□□□
□＿□□□□□□□□
00:26:53(48408f):field(48407f)
＿＿＿＿＿＿＿＿＿＿
＿＿＿＿＿＿＿＿＿＿
＿＿＿＿＿＿＿＿＿＿
＿＿＿＿＿＿＿＿＿＿
＿＿＿＿＿＿＿＿＿＿
＿＿＿＿＿＿＿＿＿＿
＿＿＿＿＿＿＿＿＿＿
＿＿＿＿＿＿＿＿＿＿
＿＿＿＿＿＿＿＿＿＿
＿＿＿＿＿＿＿＿＿＿
＿＿＿＿＿＿＿＿＿＿
＿＿＿＿＿＿＿＿＿＿
＿＿＿＿＿＿＿＿＿＿
＿＿＿＿＿＿＿＿＿＿
＿＿＿＿＿＿＿＿＿＿
＿＿＿■＿＿＿＿＿＿
＿□■■□□＿＿＿＿
＿□■＿□□◆◆＿□
□＿□□□□＿□□□
□＿□□□□□□□□
00:26:53(48418f):field(48417f)
＿＿＿＿＿＿＿＿＿＿
＿＿＿＿＿＿＿＿＿＿
＿＿＿＿＿＿＿＿＿＿
＿＿＿＿＿＿＿＿＿＿
＿＿＿＿＿＿＿＿＿＿
＿＿＿＿＿＿＿＿＿＿
＿＿＿＿＿＿＿＿＿＿
＿＿＿＿＿＿＿＿＿＿
＿＿＿＿＿＿＿＿＿＿
＿＿＿＿＿＿＿＿＿＿
＿＿＿＿＿＿＿＿＿＿
＿＿＿＿＿＿＿＿＿＿
＿＿＿＿＿＿＿＿＿＿
＿＿＿＿＿＿＿＿＿＿
＿＿＿＿■■＿＿＿＿
＿＿＿□■■＿＿＿＿
＿□□□□□＿＿＿＿
＿□□＿□□＿＿＿□
□＿□□□□＿□□□
□＿□□□□□□□□
00:26:54(48430f):field(48429f)
＿＿＿＿＿＿＿＿＿＿
＿＿＿＿＿＿＿＿＿＿
＿＿＿＿＿＿＿＿＿＿
＿＿＿＿＿＿＿＿＿＿
＿＿＿＿＿＿＿＿＿＿
＿＿＿＿＿＿＿＿＿＿
＿＿＿＿＿＿＿＿＿＿
＿＿＿＿＿＿＿＿＿＿
＿＿＿＿＿＿＿＿＿＿
＿＿＿＿＿＿＿＿＿＿
＿＿＿＿＿＿＿＿＿＿
＿＿＿＿＿＿＿＿＿＿
＿＿＿＿＿＿＿＿＿＿
＿＿＿＿＿＿＿＿＿＿
■＿＿＿□□＿＿＿＿
■＿＿□□□＿＿＿＿
■□□□□□＿＿＿＿
■□□＿□□＿＿＿□
□＿□□□□＿□□□
□＿□□□□□□□□
00:26:54(48444f):field(48443f)
＿＿＿＿＿＿＿＿＿＿
＿＿＿＿＿＿＿＿＿＿
＿＿＿＿＿＿＿＿＿＿
＿＿＿＿＿＿＿＿＿＿
＿＿＿＿＿＿＿＿＿＿
＿＿＿＿＿＿＿＿＿＿
＿＿＿＿＿＿＿＿＿＿
＿＿＿＿＿＿＿＿＿＿
＿＿＿＿＿＿＿＿＿＿
＿＿＿＿＿＿＿＿＿＿
＿＿＿＿＿＿＿＿＿＿
＿＿＿＿＿＿＿＿＿＿
＿＿＿＿＿＿＿＿＿＿
＿＿＿＿＿＿＿＿＿＿
□＿＿＿□□＿＿＿＿
□＿＿□□□＿＿＿＿
□□□□□□■■＿＿
□□□＿□□■＿＿□
□＿□□□□■□□□
□＿□□□□□□□□
00:26:55(48458f):field(48457f)
＿＿＿＿＿＿＿＿＿＿
＿＿＿＿＿＿＿＿＿＿
＿＿＿＿＿＿＿＿＿＿
＿＿＿＿＿＿＿＿＿＿
＿＿＿＿＿＿＿＿＿＿
＿＿＿＿＿＿＿＿＿＿
＿＿＿＿＿＿＿＿＿＿
＿＿＿＿＿＿＿＿＿＿
＿＿＿＿＿＿＿＿＿＿
＿＿＿＿＿＿＿＿＿＿
＿＿＿＿＿＿＿＿＿＿
＿＿＿＿＿＿＿＿＿＿
＿＿＿＿＿＿＿＿＿＿
＿＿＿＿＿＿＿＿＿＿
◆＿＿＿◆◆＿＿＿＿
□＿＿◆□□＿＿＿＿
□□□□□□◆□■＿
□□□＿□□□■■□
□＿□□□□□□□□
□＿□□□□□□□□
00:26:55(48470f):field(48469f)
＿＿＿＿＿＿＿＿＿＿
＿＿＿＿＿＿＿＿＿＿
＿＿＿＿＿＿＿＿＿＿
＿＿＿＿＿＿＿＿＿＿
＿＿＿＿＿＿＿＿＿＿
＿＿＿＿＿＿＿＿＿＿
＿＿＿＿＿＿＿＿＿＿
＿＿＿＿＿＿＿＿＿＿
＿＿＿＿＿＿＿＿＿＿
＿＿＿＿＿＿＿＿＿＿
＿＿＿＿＿＿＿＿＿＿
＿＿＿＿＿＿＿＿＿＿
＿＿＿＿＿＿＿＿＿＿
＿＿＿＿＿＿＿＿＿＿
＿■＿＿＿＿＿＿＿＿
□■＿＿□□＿＿＿＿
□□□□□□＿◆□＿
□□□＿□□□◆□□
□＿□□□□□□□□
□＿□□□□□□□□
00:26:56(48481f):field(48480f)
＿＿＿＿＿＿＿＿＿＿
＿＿＿＿＿＿＿＿＿＿
＿＿＿＿＿＿＿＿＿＿
＿＿＿＿＿＿＿＿＿＿
＿＿＿＿＿＿＿＿＿＿
＿＿＿＿＿＿＿＿＿＿
＿＿＿＿＿＿＿＿＿＿
＿＿＿＿＿＿＿＿＿＿
＿＿＿＿＿＿＿＿＿＿
＿＿＿＿＿＿＿＿＿＿
＿＿＿＿＿＿＿＿＿＿
＿＿＿＿＿＿＿＿＿＿
＿＿＿＿＿＿＿＿＿＿
＿＿＿＿＿＿＿＿＿＿
＿□＿＿＿＿＿＿＿＿
□□＿＿□□■＿＿＿
□□□□□□■■□＿
□□□＿□□□■□□
□＿□□□□□□□□
□＿□□□□□□□□
00:26:56(48494f):field(48493f)
＿＿＿＿＿＿＿＿＿＿
＿＿＿＿＿＿＿＿＿＿
＿＿＿＿＿＿＿＿＿＿
＿＿＿＿＿＿＿＿＿＿
＿＿＿＿＿＿＿＿＿＿
＿＿＿＿＿＿＿＿＿＿
＿＿＿＿＿＿＿＿＿＿
＿＿＿＿＿＿＿＿＿＿
＿＿＿＿＿＿＿＿＿＿
＿＿＿＿＿＿＿＿＿＿
＿＿＿＿＿＿＿＿＿＿
＿＿＿＿＿＿＿＿＿＿
＿＿＿＿＿＿＿＿＿＿
＿＿＿＿■＿＿＿＿＿
＿□＿■■＿＿＿＿＿
□□＿■□□□＿＿＿
□□□□□□□□□＿
□□□＿□□□□□□
□＿□□□□□□□□
□＿□□□□□□□□
00:26:56(48504f):field(48503f)
＿＿＿＿＿＿＿＿＿＿
＿＿＿＿＿＿＿＿＿＿
＿＿＿＿＿＿＿＿＿＿
＿＿＿＿＿＿＿＿＿＿
＿＿＿＿＿＿＿＿＿＿
＿＿＿＿＿＿＿＿＿＿
＿＿＿＿＿＿＿＿＿＿
＿＿＿＿＿＿＿＿＿＿
＿＿＿＿＿＿＿＿＿＿
＿＿＿＿＿＿＿＿＿＿
＿＿＿＿＿＿＿＿＿＿
＿＿＿＿＿＿＿＿＿＿
＿＿＿＿＿＿＿＿＿＿
＿＿＿＿□■■＿＿＿
＿□＿□□■■＿＿＿
□□＿□□□□＿＿＿
□□□□□□□□□＿
□□□＿□□□□□□
□＿□□□□□□□□
□＿□□□□□□□□
00:26:57(48517f):field(48516f)
＿＿＿＿＿＿＿＿＿＿
＿＿＿＿＿＿＿＿＿＿
＿＿＿＿＿＿＿＿＿＿
＿＿＿＿＿＿＿＿＿＿
＿＿＿＿＿＿＿＿＿＿
＿＿＿＿＿＿＿＿＿＿
＿＿＿＿＿＿＿＿＿＿
＿＿＿＿＿＿＿＿＿＿
＿＿＿＿＿＿＿＿＿＿
＿＿＿＿＿＿＿＿＿＿
＿＿＿＿＿＿＿＿＿＿
＿＿＿＿＿＿＿＿＿＿
＿＿＿＿＿＿＿＿＿＿
＿＿＿＿◆◆◆＿＿＿
＿◆＿◆□□□＿＿■
◆□＿□□□□＿＿■
□□◆□□□□◆□■
□□□＿□□□□□□
□＿□□□□□□□□
□＿□□□□□□□□
00:26:57(48528f):field(48527f)
＿＿＿＿＿＿＿＿＿＿
＿＿＿＿＿＿＿＿＿＿
＿＿＿＿＿＿＿＿＿＿
＿＿＿＿＿＿＿＿＿＿
＿＿＿＿＿＿＿＿＿＿
＿＿＿＿＿＿＿＿＿＿
＿＿＿＿＿＿＿＿＿＿
＿＿＿＿＿＿＿＿＿＿
＿＿＿＿＿＿＿＿＿＿
＿＿＿＿＿＿＿＿＿＿
＿＿＿＿＿＿＿＿＿＿
＿＿＿＿＿＿＿＿＿＿
＿＿＿＿＿＿＿＿＿＿
＿＿＿＿＿＿＿＿＿＿
＿＿■■□□□＿＿□
＿□■□□□□＿＿□
□□■□□□□＿◆□
□□□＿□□□□□□
□＿□□□□□□□□
□＿□□□□□□□□
00:26:58(48541f):field(48540f)
＿＿＿＿＿＿＿＿＿＿
＿＿＿＿＿＿＿＿＿＿
＿＿＿＿＿＿＿＿＿＿
＿＿＿＿＿＿＿＿＿＿
＿＿＿＿＿＿＿＿＿＿
＿＿＿＿＿＿＿＿＿＿
＿＿＿＿＿＿＿＿＿＿
＿＿＿＿＿＿＿＿＿＿
＿＿＿＿＿＿＿＿＿＿
＿＿＿＿＿＿＿＿＿＿
＿＿＿＿＿＿＿＿＿＿
＿＿＿＿＿＿＿＿＿＿
＿＿＿＿＿＿＿＿＿＿
＿＿＿＿＿＿＿＿＿＿
＿＿◆◆◆◆◆＿＿◆
＿◆□□□□□■＿□
◆□□□□□□■＿□
□□□■□□□□□□
□■□□□□□□□□
□＿□□□□□□□□
00:26:58(48554f):field(48553f)
＿＿＿＿＿＿＿＿＿＿
＿＿＿＿＿＿＿＿＿＿
＿＿＿＿＿＿＿＿＿＿
＿＿＿＿＿＿＿＿＿＿
＿＿＿＿＿＿＿＿＿＿
＿＿＿＿＿＿＿＿＿＿
＿＿＿＿＿＿＿＿＿＿
＿＿＿＿＿＿＿＿＿＿
＿＿＿＿＿＿＿＿＿＿
＿＿＿＿＿＿＿＿＿＿
＿＿＿＿＿＿＿＿＿＿
＿＿＿＿＿＿＿＿＿＿
＿＿＿＿＿＿＿＿＿＿
＿＿＿＿＿＿＿＿＿＿
■＿＿＿＿＿＿＿＿＿
■■□□□□□□＿□
■□□□□□□□＿□
□□□◆□□□□□□
□◆□□□□□□□□
□＿□□□□□□□□
00:26:58(48565f):field(48564f)
＿＿＿＿＿＿＿＿＿＿
＿＿＿＿＿＿＿＿＿＿
＿＿＿＿＿＿＿＿＿＿
＿＿＿＿＿＿＿＿＿＿
＿＿＿＿＿＿＿＿＿＿
＿＿＿＿＿＿＿＿＿＿
＿＿＿＿＿＿＿＿＿＿
＿＿＿＿＿＿＿＿＿＿
＿＿＿＿＿＿＿＿＿＿
＿＿＿＿＿＿＿＿＿＿
＿＿＿＿＿＿＿＿＿＿
＿＿＿＿＿＿＿＿＿＿
＿＿＿＿＿＿＿＿＿＿
＿＿＿＿■■＿＿＿＿
□＿＿＿■■＿＿＿＿
□□□□□□□□＿□
□□□□□□□□＿□
□□□＿□□□□□□
□＿□□□□□□□□
□＿□□□□□□□□
00:26:59(48581f):field(48580f)
＿＿＿＿＿＿＿＿＿＿
＿＿＿＿＿＿＿＿＿＿
＿＿＿＿＿＿＿＿＿＿
＿＿＿＿＿＿＿＿＿＿
＿＿＿＿＿＿＿＿＿＿
＿＿＿＿＿＿＿＿＿＿
＿＿＿＿＿＿＿＿＿＿
＿＿＿＿＿＿＿＿＿＿
＿＿＿＿＿＿＿＿＿＿
＿＿＿＿＿＿＿＿＿＿
＿＿＿＿＿＿＿＿＿＿
＿＿＿＿＿＿＿＿＿＿
■＿＿＿＿＿＿＿＿＿
■■＿＿□□＿＿＿＿
□■＿＿□□＿＿＿＿
□□□□□□□□＿□
□□□□□□□□＿□
□□□＿□□□□□□
□＿□□□□□□□□
□＿□□□□□□□□
00:26:59(48593f):field(48592f)
＿＿＿＿＿＿＿＿＿＿
＿＿＿＿＿＿＿＿＿＿
＿＿＿＿＿＿＿＿＿＿
＿＿＿＿＿＿＿＿＿＿
＿＿＿＿＿＿＿＿＿＿
＿＿＿＿＿＿＿＿＿＿
＿＿＿＿＿＿＿＿＿＿
＿＿＿＿＿＿＿＿＿＿
＿＿＿＿＿＿＿＿＿＿
＿＿＿＿＿＿＿＿＿＿
＿＿＿＿＿＿＿＿＿＿
＿＿＿＿＿＿＿＿＿＿
□＿＿＿＿＿＿＿＿＿
□□■■□□＿＿＿＿
□□■■□□＿＿＿＿
□□□□□□□□＿□
□□□□□□□□＿□
□□□＿□□□□□□
□＿□□□□□□□□
□＿□□□□□□□□
00:27:00(48606f):field(48605f)
＿＿＿＿＿＿＿＿＿＿
＿＿＿＿＿＿＿＿＿＿
＿＿＿＿＿＿＿＿＿＿
＿＿＿＿＿＿＿＿＿＿
＿＿＿＿＿＿＿＿＿＿
＿＿＿＿＿＿＿＿＿＿
＿＿＿＿＿＿＿＿＿＿
＿＿＿＿＿＿＿＿＿＿
＿＿＿＿＿＿＿＿＿＿
＿＿＿＿＿＿＿＿＿＿
＿＿＿＿＿＿＿＿＿＿
＿＿＿＿＿＿＿＿＿＿
◆＿＿＿＿＿＿＿＿＿
□◆◆□◆◆＿＿＿＿
□□□□□□＿＿＿＿
□□□□□□□□＿□
□□□□□□□□＿□
□□□＿□□□□□□
□＿□□□□□□□□
□＿□□□□□□□□
00:27:00(48618f):field(48617f)
＿＿＿＿＿＿＿＿＿＿
＿＿＿＿＿＿＿＿＿＿
＿＿＿＿＿＿＿＿＿＿
＿＿＿＿＿＿＿＿＿＿
＿＿＿＿＿＿＿＿＿＿
＿＿＿＿＿＿＿＿＿＿
＿＿＿＿＿＿＿＿＿＿
＿＿＿＿＿＿＿＿＿＿
＿＿＿＿＿＿＿＿＿＿
＿＿＿＿＿＿＿＿＿＿
＿＿＿＿＿＿＿＿＿＿
＿＿＿＿＿＿＿＿＿＿
＿＿＿＿＿＿＿＿＿＿
◆＿＿◆＿＿＿＿＿＿
□◆□□◆◆＿＿＿＿
□□□□□□◆□■□
□□□□□□□□＿□
□□□＿□□□□□□
□＿□□□□□□□□
□＿□□□□□□□□
00:27:01(48631f):field(48630f)
＿＿＿＿＿＿＿＿＿＿
＿＿＿＿＿＿＿＿＿＿
＿＿＿＿＿＿＿＿＿＿
＿＿＿＿＿＿＿＿＿＿
＿＿＿＿＿＿＿＿＿＿
＿＿＿＿＿＿＿＿＿＿
＿＿＿＿＿＿＿＿＿＿
＿＿＿＿＿＿＿＿＿＿
＿＿＿＿＿＿＿＿＿＿
＿＿＿＿＿＿＿＿＿＿
＿＿＿＿＿＿＿＿＿＿
＿＿＿＿＿＿＿＿＿＿
＿＿＿＿＿＿＿＿＿＿
＿＿＿＿＿＿＿＿＿＿
□＿□◆＿＿■＿＿＿
□◆◆◆◆◆■□□◆
□□□□□□□□＿□
□□□＿□□□□□□
□＿□□□□□□□□
□＿□□□□□□□□
00:27:01(48642f):field(48641f)
＿＿＿＿＿＿＿＿＿＿
＿＿＿＿＿＿＿＿＿＿
＿＿＿＿＿＿＿＿＿＿
＿＿＿＿＿＿＿＿＿＿
＿＿＿＿＿＿＿＿＿＿
＿＿＿＿＿＿＿＿＿＿
＿＿＿＿＿＿＿＿＿＿
＿＿＿＿＿＿＿＿＿＿
＿＿＿＿＿＿＿＿＿＿
＿＿＿＿＿＿＿＿＿＿
＿＿＿＿＿＿＿＿＿＿
＿＿＿＿＿＿＿＿＿＿
＿＿＿＿＿＿＿＿＿＿
＿＿＿＿＿＿＿＿＿＿
◆＿◆＿＿■□＿＿＿
□＿＿＿■■□□□＿
□□□□□□□□＿□
□□□＿□□□□□□
□＿□□□□□□□□
□＿□□□□□□□□
00:27:01(48659f):field(48658f)
＿＿＿＿＿＿＿＿＿＿
＿＿＿＿＿＿＿＿＿＿
＿＿＿＿＿＿＿＿＿＿
＿＿＿＿＿＿＿＿＿＿
＿＿＿＿＿＿＿＿＿＿
＿＿＿＿＿＿＿＿＿＿
＿＿＿＿＿＿＿＿＿＿
＿＿＿＿＿＿＿＿＿＿
＿＿＿＿＿＿＿＿＿＿
＿＿＿＿＿＿＿＿＿＿
＿＿＿＿＿＿＿＿＿＿
＿＿＿＿＿＿＿＿＿＿
＿＿＿＿＿＿＿＿＿＿
＿＿＿＿＿＿＿＿＿＿
＿■＿＿＿□□＿＿＿
□■■■□□□□□＿
□□□□□□□□＿□
□□□＿□□□□□□
□＿□□□□□□□□
□＿□□□□□□□□
00:27:02(48669f):field(48668f)
＿＿＿＿＿＿＿＿＿＿
＿＿＿＿＿＿＿＿＿＿
＿＿＿＿＿＿＿＿＿＿
＿＿＿＿＿＿＿＿＿＿
＿＿＿＿＿＿＿＿＿＿
＿＿＿＿＿＿＿＿＿＿
＿＿＿＿＿＿＿＿＿＿
＿＿＿＿＿＿＿＿＿＿
＿＿＿＿＿＿＿＿＿＿
＿＿＿＿＿＿＿＿＿＿
＿＿＿＿＿＿＿＿＿＿
＿＿＿＿＿＿＿＿＿＿
＿＿＿＿＿＿＿＿＿＿
＿＿＿＿＿＿＿＿＿■
＿◆＿＿■◆◆＿＿■
□□□□◆□□◆◆■
□□□□□□□□■□
□□□■□□□□□□
□＿□□□□□□□□
□＿□□□□□□□□
00:27:02(48681f):field(48680f)
＿＿＿＿＿＿＿＿＿＿
＿＿＿＿＿＿＿＿＿＿
＿＿＿＿＿＿＿＿＿＿
＿＿＿＿＿＿＿＿＿＿
＿＿＿＿＿＿＿＿＿＿
＿＿＿＿＿＿＿＿＿＿
＿＿＿＿＿＿＿＿＿＿
＿＿＿＿＿＿＿＿＿＿
＿＿＿＿＿＿＿＿＿＿
＿＿＿＿＿＿＿＿＿＿
＿＿＿＿＿＿＿＿＿＿
＿＿＿＿＿＿＿＿＿＿
＿＿＿＿＿＿＿＿＿＿
＿＿＿＿＿＿＿＿＿□
＿■■＿◆＿＿＿＿□
□□□□＿□□＿＿□
□□□□□□□□◆□
□□□◆□□□□□□
□＿□□□□□□□□
□＿□□□□□□□□
00:27:03(48691f):field(48690f)
＿＿＿＿＿＿＿＿＿＿
＿＿＿＿＿＿＿＿＿＿
＿＿＿＿＿＿＿＿＿＿
＿＿＿＿＿＿＿＿＿＿
＿＿＿＿＿＿＿＿＿＿
＿＿＿＿＿＿＿＿＿＿
＿＿＿＿＿＿＿＿＿＿
＿＿＿＿＿＿＿＿＿＿
＿＿＿＿＿＿＿＿＿＿
＿＿＿＿＿＿＿＿＿＿
＿＿＿＿＿＿＿＿＿＿
＿＿＿＿＿＿＿＿＿＿
＿＿＿＿＿＿＿＿＿＿
＿＿＿＿＿■■＿＿□
＿□□＿＿■■＿＿□
□□□□＿□□＿＿□
□□□□□□□□＿□
□□□＿□□□□□□
□＿□□□□□□□□
□＿□□□□□□□□
00:27:03(48704f):field(48703f)
＿＿＿＿＿＿＿＿＿＿
＿＿＿＿＿＿＿＿＿＿
＿＿＿＿＿＿＿＿＿＿
＿＿＿＿＿＿＿＿＿＿
＿＿＿＿＿＿＿＿＿＿
＿＿＿＿＿＿＿＿＿＿
＿＿＿＿＿＿＿＿＿＿
＿＿＿＿＿＿＿＿＿＿
＿＿＿＿＿＿＿＿＿＿
＿＿＿＿＿＿＿＿＿＿
＿＿＿＿＿＿＿＿＿＿
＿＿＿＿＿＿＿＿＿＿
＿＿＿＿＿＿＿＿＿＿
＿＿＿■＿□□＿＿□
＿□□■■□□＿＿□
□□□□■□□＿＿□
□□□□□□□□＿□
□□□＿□□□□□□
□＿□□□□□□□□
□＿□□□□□□□□
00:27:03(48714f):field(48713f)
＿＿＿＿＿＿＿＿＿＿
＿＿＿＿＿＿＿＿＿＿
＿＿＿＿＿＿＿＿＿＿
＿＿＿＿＿＿＿＿＿＿
＿＿＿＿＿＿＿＿＿＿
＿＿＿＿＿＿＿＿＿＿
＿＿＿＿＿＿＿＿＿＿
＿＿＿＿＿＿＿＿＿＿
＿＿＿＿＿＿＿＿＿＿
＿＿＿＿＿＿＿＿＿＿
＿＿＿＿＿＿＿＿＿＿
＿＿＿＿＿＿＿＿＿＿
＿＿＿■■■＿＿＿＿
＿＿＿□■□□＿＿□
＿□□□□□□＿＿□
□□□□□□□＿＿□
□□□□□□□□＿□
□□□＿□□□□□□
□＿□□□□□□□□
□＿□□□□□□□□
00:27:04(48729f):field(48728f)
＿＿＿＿＿＿＿＿＿＿
＿＿＿＿＿＿＿＿＿＿
＿＿＿＿＿＿＿＿＿＿
＿＿＿＿＿＿＿＿＿＿
＿＿＿＿＿＿＿＿＿＿
＿＿＿＿＿＿＿＿＿＿
＿＿＿＿＿＿＿＿＿＿
＿＿＿＿＿＿＿＿＿＿
＿＿＿＿＿＿＿＿＿＿
＿＿＿＿＿＿＿＿＿＿
＿＿＿＿＿＿■＿＿＿
＿＿＿＿■■■＿＿＿
＿＿＿□□□＿＿＿＿
＿＿＿□□□□＿＿□
＿□□□□□□＿＿□
◆□□□□□□＿＿□
□□□□□□□□＿□
□□□＿□□□□□□
□＿□□□□□□□□
□＿□□□□□□□□
00:27:04(48749f):field(48748f)
＿＿＿＿＿＿＿＿＿＿
＿＿＿＿＿＿＿＿＿＿
＿＿＿＿＿＿＿＿＿＿
＿＿＿＿＿＿＿＿＿＿
＿＿＿＿＿＿＿＿＿＿
＿＿＿＿＿＿＿＿＿＿
＿＿＿＿＿＿＿＿＿＿
＿＿＿＿＿＿＿＿＿＿
＿＿＿＿＿＿＿＿＿＿
＿＿＿＿＿＿＿＿＿＿
＿＿＿＿＿＿□＿＿＿
＿＿■■□□□＿＿＿
＿＿■□□□＿＿＿＿
＿＿■□□□□＿＿□
＿□□□□□□＿＿□
＿□□□□□□＿＿□
□□□□□□□□＿□
□□□＿□□□□□□
□＿□□□□□□□□
□＿□□□□□□□□
00:27:05(48759f):field(48758f)
＿＿＿＿＿＿＿＿＿＿
＿＿＿＿＿＿＿＿＿＿
＿＿＿＿＿＿＿＿＿＿
＿＿＿＿＿＿＿＿＿＿
＿＿＿＿＿＿＿＿＿＿
＿＿＿＿＿＿＿＿＿＿
＿＿＿＿＿＿＿＿＿＿
＿＿＿＿＿＿＿＿＿＿
＿＿＿＿＿＿＿＿＿＿
＿＿＿＿■■＿＿＿＿
＿＿＿＿■■□＿＿＿
＿＿□□□□□＿＿＿
＿＿□□□□＿＿＿＿
＿＿□□□□□＿＿□
＿□□□□□□＿＿□
＿□□□□□□＿＿□
□□□□□□□□＿□
□□□＿□□□□□□
□＿□□□□□□□□
□＿□□□□□□□□
00:27:05(48779f):field(48778f)
＿＿＿＿＿＿＿＿＿＿
＿＿＿＿＿＿＿＿＿＿
＿＿＿＿＿＿＿＿＿＿
＿＿＿＿＿＿＿＿＿＿
＿＿＿＿＿＿＿＿＿＿
＿＿＿＿＿＿＿＿＿＿
＿＿＿＿＿＿＿＿＿＿
＿＿＿＿＿＿＿＿＿＿
＿＿＿＿＿＿＿＿＿＿
＿＿＿＿□□＿＿＿＿
■■■■□□□＿＿＿
＿＿□□□□□＿＿＿
＿＿□□□□＿＿＿＿
＿＿□□□□□＿＿□
＿□□□□□□＿＿□
＿□□□□□□＿＿□
□□□□□□□□＿□
□□□＿□□□□□□
□＿□□□□□□□□
□＿□□□□□□□□
00:27:06(48792f):field(48791f)
＿＿＿＿＿＿＿＿＿＿
＿＿＿＿＿＿＿＿＿＿
＿＿＿＿＿＿＿＿＿＿
＿＿＿＿＿＿＿＿＿＿
＿＿＿＿＿＿＿＿＿＿
＿＿＿＿＿＿＿＿＿＿
＿＿＿＿＿＿＿＿＿＿
＿＿＿＿＿＿＿＿＿＿
＿＿＿＿＿＿＿＿＿＿
＿＿＿＿□□＿＿＿＿
□□□□□□□＿＿＿
＿＿□□□□□＿＿＿
＿＿□□□□＿＿＿＿
＿＿□□□□□＿■□
＿□□□□□□■■□
＿□□□□□□■＿□
□□□□□□□□＿□
□□□＿□□□□□□
□＿□□□□□□□□
□＿□□□□□□□□
00:27:06(48807f):field(48806f)
＿＿＿＿＿＿＿＿＿＿
＿＿＿＿＿＿＿＿＿＿
＿＿＿＿＿＿＿＿＿＿
＿＿＿＿＿＿＿＿＿＿
＿＿＿＿＿＿＿＿＿＿
＿＿＿＿＿＿＿＿＿＿
＿＿＿＿＿＿＿＿＿＿
＿＿＿＿＿＿＿＿＿＿
＿＿＿■■■＿＿＿＿
＿＿＿■□□＿＿＿＿
□□□□□□□＿＿＿
＿＿□□□□□＿＿＿
＿＿□□□□＿＿＿＿
＿＿□□□□□＿□□
＿□□□□□□□□□
＿□□□□□□□＿□
□□□□□□□□＿□
□□□＿□□□□□□
□＿□□□□□□□□
□＿□□□□□□□□
00:27:07(48819f):field(48818f)
＿＿＿＿＿＿＿＿＿＿
＿＿＿＿＿＿＿＿＿＿
＿＿＿＿＿＿＿＿＿＿
＿＿＿＿＿＿＿＿＿＿
＿＿＿＿＿＿＿＿＿＿
＿＿＿＿＿＿＿＿＿＿
＿＿＿＿■■＿＿＿＿
＿＿＿■■＿＿＿＿＿
＿＿＿□□□＿＿＿＿
＿＿＿□□□＿＿＿＿
□□□□□□□＿＿＿
＿＿□□□□□＿＿＿
＿＿□□□□＿＿＿＿
＿＿□□□□□＿□□
＿□□□□□□□□□
＿□□□□□□□＿□
□□□□□□□□＿□
□□□＿□□□□□□
□＿□□□□□□□□
□＿□□□□□□□□
00:27:07(48832f):field(48831f)
＿＿＿＿＿＿＿＿＿＿
＿＿＿＿＿＿＿＿＿＿
＿＿＿＿＿＿＿＿＿＿
＿＿＿＿＿＿＿＿＿＿
＿＿＿＿＿＿＿＿＿＿
＿＿＿＿＿＿＿＿＿＿
＿＿＿＿□□＿＿＿＿
＿＿＿□□＿＿＿＿＿
■＿＿□□□＿＿＿＿
■■■□□□＿＿＿＿
□□□□□□□＿＿＿
＿＿□□□□□＿＿＿
＿＿□□□□＿＿＿＿
＿＿□□□□□＿□□
＿□□□□□□□□□
＿□□□□□□□＿□
□□□□□□□□＿□
□□□＿□□□□□□
□＿□□□□□□□□
□＿□□□□□□□□
00:27:08(48846f):field(48845f)
＿＿＿＿＿＿＿＿＿＿
＿＿＿＿＿＿＿＿＿＿
＿＿＿＿＿＿＿＿＿＿
＿＿＿＿＿＿＿＿＿＿
＿＿＿＿＿＿＿＿＿＿
＿＿＿＿＿＿＿＿＿＿
＿＿＿＿□□＿＿＿＿
＿＿＿□□＿＿＿＿＿
□＿＿□□□＿＿＿＿
□□□□□□＿＿＿＿
□□□□□□□＿＿＿
＿＿□□□□□＿＿＿
＿＿□□□□■■■＿
＿＿□□□□□■□□
＿□□□□□□□□□
＿□□□□□□□＿□
□□□□□□□□＿□
□□□＿□□□□□□
□＿□□□□□□□□
□＿□□□□□□□□
00:27:08(48860f):field(48859f)
＿＿＿＿＿＿＿＿＿＿
＿＿＿＿＿＿＿＿＿＿
＿＿＿＿＿＿＿＿＿＿
＿＿＿＿＿＿＿＿＿＿
＿＿＿＿＿＿＿＿＿＿
＿＿＿＿＿＿＿＿＿＿
＿＿＿＿□□＿＿＿＿
＿＿＿□□＿＿＿＿＿
□＿＿□□□＿＿＿＿
□□□□□□＿＿＿＿
□□□□□□□■■＿
＿＿□□□□□■■＿
＿＿□□□□□□□＿
＿＿□□□□□□□□
＿□□□□□□□□□
＿□□□□□□□＿□
□□□□□□□□＿□
□□□＿□□□□□□
□＿□□□□□□□□
□＿□□□□□□□□
00:27:09(48882f):field(48881f)
＿＿＿＿＿＿＿＿＿＿
＿＿＿＿＿＿＿＿＿＿
＿＿＿＿＿＿＿＿＿＿
＿＿＿＿＿＿＿＿＿＿
＿＿＿＿＿＿＿＿＿＿
＿＿＿＿＿＿＿＿＿＿
＿＿＿＿□□＿＿＿＿
＿＿＿□□■■＿＿＿
□＿＿□□□■＿＿＿
□□□□□□■＿＿＿
□□□□□□□□□＿
＿＿□□□□□□□＿
＿＿□□□□□□□＿
＿＿□□□□□□□□
＿□□□□□□□□□
＿□□□□□□□＿□
□□□□□□□□＿□
□□□＿□□□□□□
□＿□□□□□□□□
□＿□□□□□□□□
00:27:09(48894f):field(48893f)
＿＿＿＿＿＿＿＿＿＿
＿＿＿＿＿＿＿＿＿＿
＿＿＿＿＿＿＿＿＿＿
＿＿＿＿＿＿＿＿＿＿
＿＿＿＿＿＿＿＿＿＿
＿＿＿＿＿＿＿＿＿＿
＿＿＿＿□□＿＿＿＿
■■＿□□□□＿＿＿
□■■□□□□＿＿＿
□□□□□□□＿＿＿
□□□□□□□□□＿
＿＿□□□□□□□＿
＿＿□□□□□□□＿
＿＿□□□□□□□□
＿□□□□□□□□□
＿□□□□□□□＿□
□□□□□□□□＿□
□□□＿□□□□□□
□＿□□□□□□□□
□＿□□□□□□□□
00:27:10(48910f):field(48909f)
＿＿＿＿＿＿＿＿＿＿
＿＿＿＿＿＿＿＿＿＿
＿＿＿＿＿＿＿＿＿＿
＿＿＿＿＿＿＿＿＿＿
＿＿＿＿＿■＿＿＿＿
＿＿＿＿＿■■＿＿＿
＿＿＿＿□□■＿＿＿
□□＿□□□□＿＿＿
□□□□□□□＿＿＿
□□□□□□□＿＿＿
□□□□□□□□□＿
＿＿□□□□□□□＿
＿＿□□□□□□□＿
＿＿□□□□□□□□
＿□□□□□□□□□
＿□□□□□□□＿□
□□□□□□□□＿□
□□□＿□□□□□□
□＿□□□□□□□□
□＿□□□□□□□□
00:27:10(48923f):field(48922f)
＿＿＿＿＿＿＿＿＿＿
＿＿＿＿＿＿＿＿＿＿
＿＿＿＿＿＿＿＿＿＿
＿＿＿＿＿＿＿＿＿＿
＿＿＿＿＿□＿＿＿＿
＿＿＿＿＿□□＿＿＿
＿■■■□□□＿＿＿
□□■□□□□＿＿＿
□□□□□□□＿＿＿
□□□□□□□＿＿＿
□□□□□□□□□＿
＿＿□□□□□□□＿
＿＿□□□□□□□＿
＿＿□□□□□□□□
＿□□□□□□□□□
＿□□□□□□□＿□
□□□□□□□□＿□
□□□＿□□□□□□
□＿□□□□□□□□
□＿□□□□□□□□
00:27:11(48935f):field(48934f)
＿＿＿＿＿＿＿＿＿＿
＿＿＿＿＿＿＿＿＿＿
＿＿＿＿＿＿＿＿＿＿
＿＿＿＿＿＿＿＿＿＿
＿＿＿＿＿□＿＿＿＿
＿＿＿＿＿□□＿＿＿
＿□□□□□□＿＿＿
□□□□□□□＿＿＿
□□□□□□□■■＿
□□□□□□□■■＿
□□□□□□□□□＿
＿＿□□□□□□□＿
＿＿□□□□□□□＿
＿＿□□□□□□□□
＿□□□□□□□□□
＿□□□□□□□＿□
□□□□□□□□＿□
□□□＿□□□□□□
□＿□□□□□□□□
□＿□□□□□□□□
00:27:11(48949f):field(48948f)
＿＿＿＿＿＿＿＿＿＿
＿＿＿＿＿＿＿＿＿＿
＿＿＿＿＿＿＿＿＿＿
＿＿＿＿＿＿＿＿＿＿
＿＿＿＿＿◆＿＿＿＿
＿＿＿＿＿◆◆＿＿＿
＿◆◆◆□□◆＿＿＿
◆◆□□◆□□■＿＿
□□□□□□□◆□＿
□□□□□□□□□■
□□□□□□□□□＿
＿＿□□□□□□□＿
＿＿□□□□□□□＿
＿＿□□□□□□□□
＿□□□□□□□□□
＿□□□□□□□＿□
□□□□□□□□＿□
□□□＿□□□□□□
□＿□□□□□□□□
□＿□□□□□□□□
00:27:12(48960f):field(48959f)
＿＿＿＿＿＿＿＿＿＿
＿＿＿＿＿＿＿＿＿＿
＿＿＿＿＿＿＿＿＿＿
＿＿＿＿＿＿＿＿＿＿
＿＿＿＿＿＿＿＿＿＿
＿＿＿＿＿＿＿＿＿＿
＿■＿＿◆□＿＿＿＿
■■◆◆＿□□◆＿＿
□□□□□□□＿◆＿
□□□□□□□□□◆
□□□□□□□□□＿
＿＿□□□□□□□＿
＿＿□□□□□□□＿
＿＿□□□□□□□□
＿□□□□□□□□□
＿□□□□□□□＿□
□□□□□□□□＿□
□□□＿□□□□□□
□＿□□□□□□□□
□＿□□□□□□□□
00:27:12(48971f):field(48970f)
＿＿＿＿＿＿＿＿＿＿
＿＿＿＿＿＿＿＿＿＿
＿＿＿＿＿＿＿＿＿＿
＿＿＿＿＿＿＿＿＿＿
＿＿＿＿＿＿＿＿＿＿
＿＿＿＿■■＿＿＿＿
＿□＿■■□＿＿＿＿
□□＿＿＿□□＿＿＿
□□□□□□□＿＿＿
□□□□□□□□□＿
□□□□□□□□□＿
＿＿□□□□□□□＿
＿＿□□□□□□□＿
＿＿□□□□□□□□
＿□□□□□□□□□
＿□□□□□□□＿□
□□□□□□□□＿□
□□□＿□□□□□□
□＿□□□□□□□□
□＿□□□□□□□□
00:27:12(48984f):field(48983f)
＿＿＿＿＿＿＿＿＿＿
＿＿＿＿＿＿＿＿＿＿
＿＿＿＿＿＿＿＿＿＿
＿＿＿＿＿＿＿＿＿＿
＿＿＿＿＿＿＿＿＿＿
＿＿＿＿◆◆＿＿＿＿
＿◆＿◆◆◆＿＿＿＿
◆◆＿＿■□◆＿＿＿
□□□□□□◆＿＿＿
□□◆◆◆□□◆◆■
□□□□□□□◆◆＿
■■□□□□□□□■
＿＿□□□□□□□■
＿＿□□□□□□□□
＿□□□□□□□□□
＿□□□□□□□＿□
□□□□□□□□＿□
□□□＿□□□□□□
□＿□□□□□□□□
□＿□□□□□□□□
00:27:13(48996f):field(48995f)
＿＿＿＿＿＿＿＿＿＿
＿＿＿＿＿＿＿＿＿＿
＿＿＿＿＿＿＿＿＿＿
＿＿＿＿＿＿＿＿＿＿
＿＿＿＿＿＿＿＿＿＿
＿＿＿＿＿＿＿＿＿＿
＿＿＿＿＿＿＿＿＿＿
＿＿＿＿□□＿＿＿＿
◆□◆□□□＿＿＿＿
□□＿＿＿□□■■◆
□□□□□□□■■＿
◆◆□□□□□□□□
＿＿□□□□□□□□
＿＿□□□□□□□□
＿□□□□□□□□□
＿□□□□□□□＿□
□□□□□□□□＿□
□□□＿□□□□□□
□＿□□□□□□□□
□＿□□□□□□□□
00:27:13(49008f):field(49007f)
＿＿＿＿＿＿＿＿＿＿
＿＿＿＿＿＿＿＿＿＿
＿＿＿＿＿＿＿＿＿＿
＿＿＿＿＿＿＿＿＿＿
＿＿＿＿＿＿＿＿＿＿
＿＿＿＿＿＿＿＿＿＿
＿＿＿＿＿＿＿＿＿＿
＿＿＿＿□□＿＿＿＿
＿□■□□□＿＿＿＿
□□■■■□□□□＿
□□□□□□□□□＿
＿＿□□□□□□□□
＿＿□□□□□□□□
＿＿□□□□□□□□
＿□□□□□□□□□
＿□□□□□□□＿□
□□□□□□□□＿□
□□□＿□□□□□□
□＿□□□□□□□□
□＿□□□□□□□□
00:27:14(49023f):field(49022f)
＿＿＿＿＿＿＿＿＿＿
＿＿＿＿＿＿＿＿＿＿
＿＿＿＿＿＿＿＿＿＿
＿＿＿＿＿＿＿＿＿＿
＿＿＿＿＿＿＿＿＿＿
＿＿＿＿＿＿＿＿＿＿
＿＿＿＿＿＿＿＿＿＿
＿＿＿＿□□＿＿＿■
＿□□□□□＿■■■
□□□□□□□□□＿
□□□□□□□□□＿
＿＿□□□□□□□□
＿＿□□□□□□□□
＿＿□□□□□□□□
＿□□□□□□□□□
＿□□□□□□□＿□
□□□□□□□□＿□
□□□＿□□□□□□
□＿□□□□□□□□
□＿□□□□□□□□
00:27:14(49034f):field(49033f)
＿＿＿＿＿＿＿＿＿＿
＿＿＿＿＿＿＿＿＿＿
＿＿＿＿＿＿＿＿＿＿
＿＿＿＿＿＿＿＿＿＿
＿＿＿＿＿＿＿＿＿＿
＿＿＿＿＿＿＿＿＿＿
■＿＿＿＿＿＿＿＿＿
■■＿＿□□＿＿＿□
■□□□□□＿□□□
□□□□□□□□□＿
□□□□□□□□□＿
＿＿□□□□□□□□
＿＿□□□□□□□□
＿＿□□□□□□□□
＿□□□□□□□□□
＿□□□□□□□＿□
□□□□□□□□＿□
□□□＿□□□□□□
□＿□□□□□□□□
□＿□□□□□□□□
00:27:14(49045f):field(49044f)
＿＿＿＿＿＿＿＿＿＿
＿＿＿＿＿＿＿＿＿＿
＿＿＿＿＿＿＿＿＿＿
＿＿＿＿＿＿＿＿＿＿
＿＿＿＿＿＿＿＿＿＿
＿＿＿＿＿＿＿＿＿＿
□■■＿＿＿＿＿＿＿
□□■■□□＿＿＿□
□□□□□□＿□□□
□□□□□□□□□＿
□□□□□□□□□＿
＿＿□□□□□□□□
＿＿□□□□□□□□
＿＿□□□□□□□□
＿□□□□□□□□□
＿□□□□□□□＿□
□□□□□□□□＿□
□□□＿□□□□□□
□＿□□□□□□□□
□＿□□□□□□□□
00:27:15(49055f):field(49054f)
＿＿＿＿＿＿＿＿＿＿
＿＿＿＿＿＿＿＿＿＿
＿＿＿＿＿＿＿＿＿＿
＿＿＿＿＿＿＿＿＿＿
＿＿＿＿＿＿＿＿＿＿
＿＿＿＿＿＿＿＿＿＿
□□□＿＿＿＿■■＿
□□□□□□＿■■□
□□□□□□＿□□□
□□□□□□□□□＿
□□□□□□□□□＿
＿＿□□□□□□□□
＿＿□□□□□□□□
＿＿□□□□□□□□
＿□□□□□□□□□
＿□□□□□□□＿□
□□□□□□□□＿□
□□□＿□□□□□□
□＿□□□□□□□□
□＿□□□□□□□□
00:27:15(49066f):field(49065f)
＿＿＿＿＿＿＿＿＿＿
＿＿＿＿＿＿＿＿＿＿
＿＿＿＿＿＿＿＿＿＿
＿＿＿＿＿＿＿＿＿＿
＿＿＿＿＿＿＿＿＿＿
＿＿＿■＿＿＿＿＿＿
□□□■■■＿□□＿
□□□□□□＿□□□
□□□□□□＿□□□
□□□□□□□□□＿
□□□□□□□□□＿
＿＿□□□□□□□□
＿＿□□□□□□□□
＿＿□□□□□□□□
＿□□□□□□□□□
＿□□□□□□□＿□
□□□□□□□□＿□
□□□＿□□□□□□
□＿□□□□□□□□
□＿□□□□□□□□
00:27:16(49080f):field(49079f)
＿＿＿＿＿＿＿＿＿＿
＿＿＿＿＿＿＿＿＿＿
＿＿＿＿＿＿＿＿＿＿
＿＿＿＿＿＿＿＿＿＿
＿＿＿＿＿＿＿＿＿＿
＿＿＿◆＿＿＿＿＿＿
□◆◆◆◆◆＿◆□＿
◆◆◆□□◆■□◆□
□□□□□□■□□◆
□□□□□□□□□＿
□□□□□□□□□■
＿＿□□□□□□□□
＿＿□□□□□□□□
＿＿□□□□□□□□
＿□□□□□□□□□
＿□□□□□□□＿□
□□□□□□□□＿□
□□□＿□□□□□□
□＿□□□□□□□□
□＿□□□□□□□□
00:27:16(49090f):field(49089f)
＿＿＿＿＿＿＿＿＿＿
＿＿＿＿＿＿＿＿＿＿
＿＿＿＿＿＿＿＿＿＿
＿＿＿＿＿＿＿＿＿＿
＿＿＿＿＿＿＿＿＿＿
＿＿＿＿＿＿＿＿＿＿
◆＿＿＿＿■■＿◆＿
＿＿＿□□■□◆＿◆
□□□□□□□□□＿
□□□□□□□□□＿
□□□□□□□□□◆
＿＿□□□□□□□□
＿＿□□□□□□□□
＿＿□□□□□□□□
＿□□□□□□□□□
＿□□□□□□□＿□
□□□□□□□□＿□
□□□＿□□□□□□
□＿□□□□□□□□
□＿□□□□□□□□
00:27:16(49101f):field(49100f)
＿＿＿＿＿＿＿＿＿＿
＿＿＿＿＿＿＿＿＿＿
＿＿＿＿＿＿＿＿＿＿
＿＿＿＿＿＿＿＿＿＿
＿＿＿＿＿＿＿＿＿＿
＿＿＿＿＿＿＿＿＿＿
＿■＿＿＿□□＿＿＿
■■■□□□□＿＿＿
□□□□□□□□□＿
□□□□□□□□□＿
□□□□□□□□□＿
＿＿□□□□□□□□
＿＿□□□□□□□□
＿＿□□□□□□□□
＿□□□□□□□□□
＿□□□□□□□＿□
□□□□□□□□＿□
□□□＿□□□□□□
□＿□□□□□□□□
□＿□□□□□□□□
00:27:17(49113f):field(49112f)
＿＿＿＿＿＿＿＿＿＿
＿＿＿＿＿＿＿＿＿＿
＿＿＿＿＿＿＿＿＿＿
＿＿＿＿＿＿＿＿＿＿
＿＿＿＿＿＿＿＿＿＿
＿＿＿＿■＿＿＿＿＿
＿□■■■□□＿＿＿
□□□□□□□＿＿＿
□□□□□□□□□＿
□□□□□□□□□＿
□□□□□□□□□＿
＿＿□□□□□□□□
＿＿□□□□□□□□
＿＿□□□□□□□□
＿□□□□□□□□□
＿□□□□□□□＿□
□□□□□□□□＿□
□□□＿□□□□□□
□＿□□□□□□□□
□＿□□□□□□□□
00:27:17(49126f):field(49125f)
＿＿＿＿＿＿＿＿＿＿
＿＿＿＿＿＿＿＿＿＿
＿＿＿＿＿＿＿＿＿＿
＿＿＿＿＿＿＿＿＿＿
＿＿＿＿＿＿＿＿＿＿
＿＿＿＿◆＿＿＿＿＿
＿□◆□◆◆□＿＿＿
◆◆□◆□□□■＿＿
◆□□□□□□◆◆＿
□□□□□□□□□＿
□□□□□□□□□＿
＿＿□□□□□□□□
＿＿□□□□□□□□
＿＿□□□□□□□□
＿□□□□□□□□□
＿□□□□□□□＿□
□□□□□□□□＿□
□□□＿□□□□□□
□＿□□□□□□□□
□＿□□□□□□□□
00:27:17(49138f):field(49137f)
＿＿＿＿＿＿＿＿＿＿
＿＿＿＿＿＿＿＿＿＿
＿＿＿＿＿＿＿＿＿＿
＿＿＿＿＿＿＿＿＿＿
＿＿＿＿＿＿＿＿＿＿
＿＿＿＿＿＿＿＿＿＿
＿◆＿◆＿＿◆＿＿＿
＿＿◆＿◆◆◆◆＿＿
＿◆□◆◆□□＿＿＿
□◆◆◆□□◆□◆■
□□□□□□□◆□■
■■□□□□□□□□
＿■□□□□□□□□
＿＿□□□□□□□□
＿□□□□□□□□□
＿□□□□□□□＿□
□□□□□□□□＿□
□□□＿□□□□□□
□＿□□□□□□□□
□＿□□□□□□□□
00:27:18(49148f):field(49147f)
＿＿＿＿＿＿＿＿＿＿
＿＿＿＿＿＿＿＿＿＿
＿＿＿＿＿＿＿＿＿＿
＿＿＿＿＿＿＿＿＿＿
＿＿＿＿＿＿＿＿＿＿
＿＿＿＿＿＿＿＿＿＿
＿＿＿＿＿＿＿＿＿＿
＿＿＿＿＿＿＿＿＿＿
＿＿◆＿＿◆◆＿＿＿
◆＿＿＿□◆＿□■□
◆□□□□□□■□□
◆◆□□□□□□□□
＿◆□□□□□□□□
＿＿□□□□□□□□
＿□□□□□□□□□
＿□□□□□□□＿□
□□□□□□□□＿□
□□□＿□□□□□□
□＿□□□□□□□□
□＿□□□□□□□□
00:27:18(49159f):field(49158f)
＿＿＿＿＿＿＿＿＿＿
＿＿＿＿＿＿＿＿＿＿
＿＿＿＿＿＿＿＿＿＿
＿＿＿＿＿＿＿＿＿＿
＿＿＿＿＿＿＿＿＿＿
＿＿＿＿＿＿＿＿＿＿
＿＿＿＿＿＿＿＿＿＿
＿＿＿＿＿＿＿＿＿＿
＿＿＿＿■■＿＿＿＿
＿＿＿＿□■■□□□
＿□□□□□□□□□
＿＿□□□□□□□□
＿＿□□□□□□□□
＿＿□□□□□□□□
＿□□□□□□□□□
＿□□□□□□□＿□
□□□□□□□□＿□
□□□＿□□□□□□
□＿□□□□□□□□
□＿□□□□□□□□
00:27:19(49171f):field(49170f)
＿＿＿＿＿＿＿＿＿＿
＿＿＿＿＿＿＿＿＿＿
＿＿＿＿＿＿＿＿＿＿
＿＿＿＿＿＿＿＿＿＿
＿＿＿＿＿＿＿＿＿＿
＿＿＿＿＿＿＿＿＿＿
＿＿＿＿＿＿＿＿＿＿
＿＿＿＿＿＿＿＿■＿
＿＿＿＿□□＿■■■
＿＿＿＿□□□□□□
＿□□□□□□□□□
＿＿□□□□□□□□
＿＿□□□□□□□□
＿＿□□□□□□□□
＿□□□□□□□□□
＿□□□□□□□＿□
□□□□□□□□＿□
□□□＿□□□□□□
□＿□□□□□□□□
□＿□□□□□□□□
00:27:19(49184f):field(49183f)
＿＿＿＿＿＿＿＿＿＿
＿＿＿＿＿＿＿＿＿＿
＿＿＿＿＿＿＿＿＿＿
＿＿＿＿＿＿＿＿＿＿
＿＿＿＿＿＿＿＿＿＿
＿＿＿＿＿＿＿＿＿＿
＿＿＿＿＿＿＿＿＿＿
＿＿＿＿＿＿＿＿◆＿
＿＿＿＿◆◆＿◆□◆
＿＿＿■□□◆□□□
■□□◆□□□□□□
＿■□□□□□□□□
＿＿□□□□□□□□
＿＿□□□□□□□□
＿□□□□□□□□□
＿□□□□□□□＿□
□□□□□□□□＿□
□□□＿□□□□□□
□＿□□□□□□□□
□＿□□□□□□□□
00:27:19(49197f):field(49196f)
＿＿＿＿＿＿＿＿＿＿
＿＿＿＿＿＿＿＿＿＿
＿＿＿＿＿＿＿＿＿＿
＿＿＿＿＿＿＿＿＿＿
＿＿＿＿＿＿＿＿＿＿
＿＿＿＿＿＿＿＿＿＿
＿＿＿＿＿＿＿＿＿＿
＿＿＿＿＿＿＿＿＿＿
＿＿＿＿＿＿＿＿◆＿
＿＿■□◆◆＿◆□◆
◆□□■□□◆□□□
＿◆□□□□□□□□
＿＿□□□□□□□□
＿＿□□□□□□□□
＿□□□□□□□□□
＿□□□□□□□＿□
□□□□□□□□＿□
□□□＿□□□□□□
□＿□□□□□□□□
□＿□□□□□□□□
00:27:20(49207f):field(49206f)
＿＿＿＿＿＿＿＿＿＿
＿＿＿＿＿＿＿＿＿＿
＿＿＿＿＿＿＿＿＿＿
＿＿＿＿＿＿＿＿＿＿
＿＿＿＿＿＿＿＿＿＿
＿＿＿＿＿＿＿＿＿＿
＿＿＿＿＿＿＿＿＿＿
＿＿＿＿＿＿＿＿＿＿
＿＿＿＿＿＿＿＿＿＿
＿＿□◆■■■＿□＿
＿◆□□□□■□□□
＿＿□□□□□□□□
＿＿□□□□□□□□
＿＿□□□□□□□□
＿□□□□□□□□□
＿□□□□□□□＿□
□□□□□□□□＿□
□□□＿□□□□□□
□＿□□□□□□□□
□＿□□□□□□□□
00:27:20(49222f):field(49221f)
＿＿＿＿＿＿＿＿＿＿
＿＿＿＿＿＿＿＿＿＿
＿＿＿＿＿＿＿＿＿＿
＿＿＿＿＿＿＿＿＿＿
＿＿＿＿＿＿＿＿＿＿
＿＿＿＿＿＿＿＿＿＿
＿＿＿＿＿＿＿＿＿＿
＿＿＿＿＿＿＿＿＿＿
＿＿＿＿＿＿＿＿＿＿
＿＿◆＿◆◆◆＿◆＿
＿＿◆◆◆◆◆◆◆◆
＿＿□◆□□□◆□◆
＿＿□□□□□□□□
■＿□□□□□□□□
＿□□□□□□□□□
＿□□□□□□□＿□
□□□□□□□□＿□
□□□＿□□□□□□
□＿□□□□□□□□
□＿□□□□□□□□
00:27:21(49232f):field(49231f)
＿＿＿＿＿＿＿＿＿＿
＿＿＿＿＿＿＿＿＿＿
＿＿＿＿＿＿＿＿＿＿
＿＿＿＿＿＿＿＿＿＿
＿＿＿＿＿＿＿＿＿＿
＿＿＿＿＿＿＿＿＿＿
＿＿＿＿＿＿＿＿＿＿
＿＿＿＿＿＿＿＿＿＿
＿＿＿＿＿＿＿＿＿＿
＿＿＿＿＿＿＿＿＿＿
＿＿■■■＿＿＿＿＿
＿＿□■□□□＿□＿
＿＿□□□□□□□□
◆＿□□□□□□□□
＿□□□□□□□□□
＿□□□□□□□＿□
□□□□□□□□＿□
□□□＿□□□□□□
□＿□□□□□□□□
□■□□□□□□□□
00:27:21(49245f):field(49244f)
＿＿＿＿＿＿＿＿＿＿
＿＿＿＿＿＿＿＿＿＿
＿＿＿＿＿＿＿＿＿＿
＿＿＿＿＿＿＿＿＿＿
＿＿＿＿＿＿＿＿＿＿
＿＿＿＿＿＿＿＿＿＿
＿＿＿＿＿＿＿＿＿＿
＿＿＿＿＿＿＿＿＿＿
＿＿＿＿＿＿＿＿＿＿
＿＿＿＿＿＿＿＿＿＿
＿＿□□□＿＿■■■
＿＿□□□□□■□＿
＿＿□□□□□□□□
＿＿□□□□□□□□
＿□□□□□□□□□
＿□□□□□□□＿□
□□□□□□□□＿□
□□□＿□□□□□□
□＿□□□□□□□□
□◆□□□□□□□□
00:27:21(49257f):field(49256f)
＿＿＿＿＿＿＿＿＿＿
＿＿＿＿＿＿＿＿＿＿
＿＿＿＿＿＿＿＿＿＿
＿＿＿＿＿＿＿＿＿＿
＿＿＿＿＿＿＿＿＿＿
＿＿＿＿＿＿＿＿＿＿
＿＿＿＿＿＿＿＿＿＿
＿＿＿＿＿＿＿＿＿＿
＿＿＿＿＿■＿＿＿＿
＿＿＿＿■■＿＿＿＿
＿＿□□□■＿□□□
＿＿□□□□□□□＿
＿＿□□□□□□□□
＿＿□□□□□□□□
＿□□□□□□□□□
＿□□□□□□□＿□
□□□□□□□□＿□
□□□＿□□□□□□
□＿□□□□□□□□
□＿□□□□□□□□
00:27:22(49267f):field(49266f)
＿＿＿＿＿＿＿＿＿＿
＿＿＿＿＿＿＿＿＿＿
＿＿＿＿＿＿＿＿＿＿
＿＿＿＿＿＿＿＿＿＿
＿＿＿＿＿＿＿＿＿＿
＿＿＿＿＿＿＿＿＿＿
＿＿＿＿＿＿＿＿＿＿
＿＿＿＿＿＿＿＿＿＿
＿＿＿■■□＿＿＿＿
＿＿■■□□＿＿＿＿
＿＿□□□□＿□□□
＿＿□□□□□□□＿
＿＿□□□□□□□□
＿＿□□□□□□□□
＿□□□□□□□□□
＿□□□□□□□＿□
□□□□□□□□＿□
□□□＿□□□□□□
□＿□□□□□□□□
□＿□□□□□□□□
00:27:22(49281f):field(49280f)
＿＿＿＿＿＿＿＿＿＿
＿＿＿＿＿＿＿＿＿＿
＿＿＿＿＿＿＿＿＿＿
＿＿＿＿＿＿＿＿＿＿
＿＿＿＿＿＿＿＿＿＿
＿＿＿＿＿＿＿＿＿＿
＿＿＿＿＿＿＿＿＿＿
＿＿＿＿＿＿＿＿＿＿
＿＿＿◆◆◆＿＿＿＿
＿＿◆◆◆◆＿＿＿＿
＿＿◆□□□＿◆◆◆
＿＿□□□□◆◆◆＿
＿＿□□□□◆□□□
＿＿□□□□□□□□
■◆□□□□□□□□
■□□□□□□□■□
□□□□□□□□＿□
□□□＿□□□□□□
□＿□□□□□□□□
□＿□□□□□□□□
00:27:23(49294f):field(49293f)
＿＿＿＿＿＿＿＿＿＿
＿＿＿＿＿＿＿＿＿＿
＿＿＿＿＿＿＿＿＿＿
＿＿＿＿＿＿＿＿＿＿
＿＿＿＿＿＿＿＿＿＿
＿＿＿＿＿＿＿＿＿＿
＿＿＿＿＿＿＿＿＿＿
＿＿＿＿＿＿＿＿＿＿
＿＿＿＿＿＿＿＿＿＿
＿＿＿＿＿＿＿＿＿＿
＿＿＿◆◆◆＿＿＿＿
＿＿◆□□□＿＿＿＿
＿＿□□□□＿◆◆◆
＿■□□□□◆□□□
□■□□□□□□□◆
□□□□□□□□□□
□□□□□□□□■□
□□□＿□□□□□□
□＿□□□□□□□□
□＿□□□□□□□□
00:27:23(49304f):field(49303f)
＿＿＿＿＿＿＿＿＿＿
＿＿＿＿＿＿＿＿＿＿
＿＿＿＿＿＿＿＿＿＿
＿＿＿＿＿＿＿＿＿＿
＿＿＿＿＿＿＿＿＿＿
＿＿＿＿＿＿＿＿＿＿
＿＿＿＿＿＿＿＿＿＿
＿＿＿＿＿＿＿＿＿＿
＿＿＿＿＿＿＿＿＿＿
＿＿＿＿＿＿＿＿＿＿
＿＿＿＿＿＿＿＿＿＿
＿＿＿□□□＿■＿＿
＿＿□□□□■■＿＿
＿◆□□□□■□□□
□□□□□□□□□＿
□□□□□□□□◆□
□□□□□□□□◆□
□□□＿□□□□□□
□＿□□□□□□□□
□＿□□□□□□□□
00:27:23(49317f):field(49316f)
＿＿＿＿＿＿＿＿＿＿
＿＿＿＿＿＿＿＿＿＿
＿＿＿＿＿＿＿＿＿＿
＿＿＿＿＿＿＿＿＿＿
＿＿＿＿＿＿＿＿＿＿
＿＿＿＿＿＿＿＿＿＿
＿＿＿＿＿＿＿＿＿＿
＿＿＿＿＿＿＿＿＿＿
＿＿＿＿＿＿＿＿＿＿
＿＿＿＿＿＿＿＿＿＿
＿＿＿＿＿＿＿＿＿＿
＿＿＿◆◆◆＿◆＿＿
■＿◆□□□□□＿＿
■＿□□□□□□◆□
□□□□□□□□□＿
□□□□□□□□＿□
□□□□□□□□＿□
□□□＿□□□□□□
□＿□□□□□□□□
□＿□□□□□□□□
00:27:24(49328f):field(49327f)
＿＿＿＿＿＿＿＿＿＿
＿＿＿＿＿＿＿＿＿＿
＿＿＿＿＿＿＿＿＿＿
＿＿＿＿＿＿＿＿＿＿
＿＿＿＿＿＿＿＿＿＿
＿＿＿＿＿＿＿＿＿＿
＿＿＿＿＿＿＿＿＿＿
＿＿＿＿＿＿＿＿＿＿
＿＿＿＿＿＿＿＿＿＿
＿＿＿＿＿＿＿＿＿＿
＿＿＿＿＿＿＿＿＿＿
＿＿＿＿＿■■■＿＿
□＿＿□□□□□＿＿
□＿□□□□□□＿◆
□□□□□□□□□＿
□□□□□□□□＿□
□□□□□□□□＿□
□□□＿□□□□□□
□＿□□□□□□□□
□＿□□□□□□□□
00:27:24(49342f):field(49341f)
＿＿＿＿＿＿＿＿＿＿
＿＿＿＿＿＿＿＿＿＿
＿＿＿＿＿＿＿＿＿＿
＿＿＿＿＿＿＿＿＿＿
＿＿＿＿＿＿＿＿＿＿
＿＿＿＿＿＿＿＿＿＿
＿＿＿＿＿＿＿＿＿＿
＿＿＿＿＿＿＿＿＿＿
＿＿＿＿＿＿＿＿＿＿
＿＿＿＿＿＿＿＿＿＿
＿＿＿＿＿＿＿＿＿＿
＿＿＿＿＿◆◆◆＿＿
◆＿＿◆◆□□□＿■
□＿◆□□□□□＿■
□◆□□□□□□□■
□□□□□□□□＿□
□□□□□□□□＿□
□□□＿□□□□□□
□＿□□□□□□□□
□＿□□□□□□□□
00:27:25(49352f):field(49351f)
＿＿＿＿＿＿＿＿＿＿
＿＿＿＿＿＿＿＿＿＿
＿＿＿＿＿＿＿＿＿＿
＿＿＿＿＿＿＿＿＿＿
＿＿＿＿＿＿＿＿＿＿
＿＿＿＿＿＿＿＿＿＿
＿＿＿＿＿＿＿＿＿＿
＿＿＿＿＿＿＿＿＿＿
＿＿＿＿＿＿＿＿＿＿
＿＿＿＿＿＿＿＿＿＿
＿＿＿＿＿＿＿＿＿＿
＿＿＿■■＿＿＿＿＿
＿＿＿■■□□□＿□
□＿＿□□□□□＿□
□＿□□□□□□◆□
□□□□□□□□＿□
□□□□□□□□＿□
□□□＿□□□□□□
□＿□□□□□□□□
□＿□□□□□□□□
00:27:25(49364f):field(49363f)
＿＿＿＿＿＿＿＿＿＿
＿＿＿＿＿＿＿＿＿＿
＿＿＿＿＿＿＿＿＿＿
＿＿＿＿＿＿＿＿＿＿
＿＿＿＿＿＿＿＿＿＿
＿＿＿＿＿＿＿＿＿＿
＿＿＿＿＿＿＿＿＿＿
＿＿＿＿＿＿＿＿＿＿
＿＿＿＿＿＿＿＿＿＿
＿＿＿＿■＿＿＿＿＿
＿＿＿＿■■＿＿＿＿
＿＿＿□□■＿＿＿＿
＿＿＿□□□□□＿□
□＿＿□□□□□＿□
□＿□□□□□□＿□
□□□□□□□□＿□
□□□□□□□□＿□
□□□＿□□□□□□
□＿□□□□□□□□
□＿□□□□□□□□
00:27:25(49376f):field(49375f)
＿＿＿＿＿＿＿＿＿＿
＿＿＿＿＿＿＿＿＿＿
＿＿＿＿＿＿＿＿＿＿
＿＿＿＿＿＿＿＿＿＿
＿＿＿＿＿＿＿＿＿＿
＿＿＿＿＿＿＿＿＿＿
＿＿＿＿＿＿＿＿＿＿
＿＿＿＿＿＿＿＿＿＿
＿＿＿＿＿＿＿＿＿＿
＿＿＿＿□■■＿＿＿
＿＿＿＿□□■＿＿＿
＿＿＿□□□■＿＿＿
＿＿＿□□□□□＿□
□＿＿□□□□□＿□
□＿□□□□□□＿□
□□□□□□□□＿□
□□□□□□□□＿□
□□□＿□□□□□□
□＿□□□□□□□□
□＿□□□□□□□□
00:27:26(49386f):field(49385f)
＿＿＿＿＿＿＿＿＿＿
＿＿＿＿＿＿＿＿＿＿
＿＿＿＿＿＿＿＿＿＿
＿＿＿＿＿＿＿＿＿＿
＿＿＿＿＿＿＿＿＿＿
＿＿＿＿＿＿＿＿＿＿
＿＿＿＿＿＿＿＿＿＿
＿＿＿＿＿＿＿＿＿＿
＿＿＿■■＿＿＿＿＿
＿＿＿■□□□＿＿＿
＿＿＿■□□□＿＿＿
＿＿＿□□□□＿＿＿
＿＿＿□□□□□＿□
□＿＿□□□□□＿□
□＿□□□□□□＿□
□□□□□□□□＿□
□□□□□□□□＿□
□□□＿□□□□□□
□＿□□□□□□□□
□＿□□□□□□□□
00:27:26(49397f):field(49396f)
＿＿＿＿＿＿＿＿＿＿
＿＿＿＿＿＿＿＿＿＿
＿＿＿＿＿＿＿＿＿＿
＿＿＿＿＿＿＿＿＿＿
＿＿＿＿＿＿＿＿＿＿
＿＿＿＿＿＿＿＿＿＿
＿＿＿＿＿＿＿＿＿＿
＿＿＿＿＿＿＿＿＿＿
＿＿＿□□＿＿＿＿＿
＿＿＿□□□□＿＿＿
＿＿＿□□□□＿＿＿
＿＿＿□□□□＿＿＿
＿■＿□□□□□＿□
□■■□□□□□＿□
□■□□□□□□＿□
□□□□□□□□＿□
□□□□□□□□＿□
□□□＿□□□□□□
□＿□□□□□□□□
□＿□□□□□□□□
00:27:26(49407f):field(49406f)
＿＿＿＿＿＿＿＿＿＿
＿＿＿＿＿＿＿＿＿＿
＿＿＿＿＿＿＿＿＿＿
＿＿＿＿＿＿＿＿＿＿
＿＿＿＿＿＿＿＿＿＿
＿＿＿＿＿＿＿＿＿＿
＿＿＿＿＿＿＿＿＿＿
＿＿＿＿＿■■＿＿＿
＿＿＿□□■■＿＿＿
＿＿＿□□□□＿＿＿
＿＿＿□□□□＿＿＿
＿＿＿□□□□＿＿＿
＿□＿□□□□□＿□
□□□□□□□□＿□
□□□□□□□□＿□
□□□□□□□□＿□
□□□□□□□□＿□
□□□＿□□□□□□
□＿□□□□□□□□
□＿□□□□□□□□
00:27:27(49420f):field(49419f)
＿＿＿＿＿＿＿＿＿＿
＿＿＿＿＿＿＿＿＿＿
＿＿＿＿＿＿＿＿＿＿
＿＿＿＿＿＿＿＿＿＿
＿＿＿＿＿＿＿＿＿＿
＿＿＿＿＿＿＿＿＿＿
＿＿＿＿＿＿＿＿＿＿
＿＿＿＿＿□□＿＿＿
＿＿＿□□□□＿＿＿
■＿＿□□□□＿＿＿
■＿＿□□□□＿＿＿
■＿＿□□□□＿＿＿
■□＿□□□□□＿□
□□□□□□□□＿□
□□□□□□□□＿□
□□□□□□□□＿□
□□□□□□□□＿□
□□□＿□□□□□□
□＿□□□□□□□□
□＿□□□□□□□□
00:27:27(49433f):field(49432f)
＿＿＿＿＿＿＿＿＿＿
＿＿＿＿＿＿＿＿＿＿
＿＿＿＿＿＿＿＿＿＿
＿＿＿＿＿＿＿＿＿＿
＿＿＿＿＿＿＿＿＿＿
＿＿＿＿＿＿＿＿＿＿
＿＿＿＿＿＿＿＿＿＿
＿＿＿＿＿□□＿＿＿
＿＿＿□□□□＿＿＿
□＿＿□□□□＿＿＿
□■＿□□□□＿＿＿
□■■□□□□＿＿＿
□□■□□□□□＿□
□□□□□□□□＿□
□□□□□□□□＿□
□□□□□□□□＿□
□□□□□□□□＿□
□□□＿□□□□□□
□＿□□□□□□□□
□＿□□□□□□□□
00:27:28(49444f):field(49443f)
＿＿＿＿＿＿＿＿＿＿
＿＿＿＿＿＿＿＿＿＿
＿＿＿＿＿＿＿＿＿＿
＿＿＿＿＿＿＿＿＿＿
＿＿＿＿＿＿＿＿＿＿
＿＿＿＿＿＿＿＿＿＿
＿＿＿＿■■■＿＿＿
＿＿＿＿■□□＿＿＿
＿＿＿□□□□＿＿＿
□＿＿□□□□＿＿＿
□□＿□□□□＿＿＿
□□□□□□□＿＿＿
□□□□□□□□＿□
□□□□□□□□＿□
□□□□□□□□＿□
□□□□□□□□＿□
□□□□□□□□＿□
□□□＿□□□□□□
□＿□□□□□□□□
□＿□□□□□□□□
00:27:28(49455f):field(49454f)
＿＿＿＿＿＿＿＿＿＿
＿＿＿＿＿＿＿＿＿＿
＿＿＿＿＿＿＿＿＿＿
＿＿＿＿＿＿＿＿＿＿
＿＿＿＿＿＿＿＿＿＿
＿＿＿＿＿＿＿＿＿＿
＿＿＿＿□□□＿＿＿
＿＿＿＿□□□＿＿＿
＿＿＿□□□□＿＿＿
□＿＿□□□□＿＿＿
□□＿□□□□■■■
□□□□□□□＿＿■
□□□□□□□□＿□
□□□□□□□□＿□
□□□□□□□□＿□
□□□□□□□□＿□
□□□□□□□□＿□
□□□＿□□□□□□
□＿□□□□□□□□
□＿□□□□□□□□
00:27:28(49468f):field(49467f)
＿＿＿＿＿＿＿＿＿＿
＿＿＿＿＿＿＿＿＿＿
＿＿＿＿＿＿＿＿＿＿
＿＿＿＿＿＿＿＿＿＿
＿＿＿＿■■＿＿＿＿
＿＿＿＿■■＿＿＿＿
＿＿＿＿□□□＿＿＿
＿＿＿＿□□□＿＿＿
＿＿＿□□□□＿＿＿
□＿＿□□□□＿＿＿
□□＿□□□□□□□
□□□□□□□＿＿□
□□□□□□□□＿□
□□□□□□□□＿□
□□□□□□□□＿□
□□□□□□□□＿□
□□□□□□□□＿□
□□□＿□□□□□□
□＿□□□□□□□□
□＿□□□□□□□□
00:27:29(49480f):field(49479f)
＿＿＿＿＿＿＿＿＿＿
＿＿＿＿＿＿＿＿＿＿
＿＿＿＿＿＿＿＿＿＿
＿＿＿＿＿＿＿＿＿＿
＿＿＿＿□□＿＿＿＿
＿＿＿＿□□＿＿＿＿
＿＿＿＿□□□＿＿＿
＿＿＿＿□□□＿＿■
＿＿＿□□□□＿■■
□＿＿□□□□＿■＿
□□＿□□□□□□□
□□□□□□□＿＿□
□□□□□□□□＿□
□□□□□□□□＿□
□□□□□□□□＿□
□□□□□□□□＿□
□□□□□□□□＿□
□□□＿□□□□□□
□＿□□□□□□□□
□＿□□□□□□□□
00:27:29(49495f):field(49494f)
＿＿＿＿＿＿＿＿＿＿
＿＿＿＿＿＿＿＿＿＿
＿＿＿＿＿＿＿＿＿＿
＿＿＿＿＿＿＿＿＿＿
＿＿＿＿◆◆＿＿＿＿
＿＿＿＿□□＿＿＿＿
＿＿＿＿□□◆＿＿＿
＿＿＿＿□□□＿＿◆
＿＿＿◆□□□＿◆□
◆＿■□□□□＿□■
□□■□□□□□□□
□□□□□□□＿＿□
□□□□□□□□＿□
□□□□□□□□＿□
□□□□□□□□＿□
□□□□□□□□＿□
□□□□□□□□＿□
□□□＿□□□□□□
□＿□□□□□□□□
□＿□□□□□□□□
00:27:30(49506f):field(49505f)
＿＿＿＿＿＿＿＿＿＿
＿＿＿＿＿＿＿＿＿＿
＿＿＿＿＿＿＿＿＿＿
＿＿＿＿＿＿＿＿＿＿
＿＿＿＿＿＿＿＿＿＿
＿＿＿＿□□＿＿＿＿
＿＿＿＿□□＿＿＿＿
＿＿＿＿□□□＿＿＿
＿■■＿□□□＿＿□
■■□□□□□＿□□
□□□□□□□◆□◆
□□□□□□□＿＿□
□□□□□□□□＿□
□□□□□□□□＿□
□□□□□□□□＿□
□□□□□□□□＿□
□□□□□□□□＿□
□□□＿□□□□□□
□＿□□□□□□□□
□＿□□□□□□□□
00:27:30(49520f):field(49519f)
＿＿＿＿＿＿＿＿＿＿
＿＿＿＿＿＿＿＿＿＿
＿＿＿＿＿＿＿＿＿＿
＿＿＿＿＿＿＿＿＿＿
＿＿＿＿＿＿＿＿＿＿
＿＿＿＿□□＿＿＿＿
＿＿＿＿□□＿＿＿＿
＿■■■□□□＿＿＿
＿□□■□□□＿＿□
□□□□□□□＿□□
□□□□□□□＿□＿
□□□□□□□＿＿□
□□□□□□□□＿□
□□□□□□□□＿□
□□□□□□□□＿□
□□□□□□□□＿□
□□□□□□□□＿□
□□□＿□□□□□□
□＿□□□□□□□□
□＿□□□□□□□□
00:27:31(49534f):field(49533f)
＿＿＿＿＿＿＿＿＿＿
＿＿＿＿＿＿＿＿＿＿
＿＿＿＿＿＿＿＿＿＿
＿＿＿＿＿＿＿＿＿＿
＿＿＿＿＿＿＿＿＿＿
＿＿■■□□＿＿＿＿
＿＿■■□□＿＿＿＿
＿□□□□□□＿＿＿
＿□□□□□□＿＿□
□□□□□□□＿□□
□□□□□□□＿□＿
□□□□□□□＿＿□
□□□□□□□□＿□
□□□□□□□□＿□
□□□□□□□□＿□
□□□□□□□□＿□
□□□□□□□□＿□
□□□＿□□□□□□
□＿□□□□□□□□
□＿□□□□□□□□
00:27:31(49547f):field(49546f)
＿＿＿＿＿＿＿＿＿＿
＿＿＿＿＿＿＿＿＿＿
＿＿＿＿＿＿＿＿＿＿
＿＿＿＿＿＿＿＿＿＿
＿＿＿＿＿＿＿＿＿＿
＿＿□□□□＿＿＿＿
＿＿□□□□＿＿＿■
＿□□□□□□＿■■
＿□□□□□□＿■□
□□□□□□□＿□□
□□□□□□□＿□＿
□□□□□□□＿＿□
□□□□□□□□＿□
□□□□□□□□＿□
□□□□□□□□＿□
□□□□□□□□＿□
□□□□□□□□＿□
□□□＿□□□□□□
□＿□□□□□□□□
□＿□□□□□□□□
00:27:31(49558f):field(49557f)
＿＿＿＿＿＿＿＿＿＿
＿＿＿＿＿＿＿＿＿＿
＿＿＿＿＿＿＿＿＿＿
＿＿＿＿＿＿＿＿＿＿
＿＿＿＿＿＿＿＿＿＿
＿＿□□□□＿＿＿＿
＿＿□□□□■■＿□
＿□□□□□□■□□
＿□□□□□□■□□
□□□□□□□＿□□
□□□□□□□＿□＿
□□□□□□□＿＿□
□□□□□□□□＿□
□□□□□□□□＿□
□□□□□□□□＿□
□□□□□□□□＿□
□□□□□□□□＿□
□□□＿□□□□□□
□＿□□□□□□□□
□＿□□□□□□□□
00:27:32(49572f):field(49571f)
＿＿＿＿＿＿＿＿＿＿
＿＿＿＿＿＿＿＿＿＿
＿＿＿＿＿＿＿＿＿＿
＿＿＿＿＿＿＿＿＿＿
＿＿＿＿＿＿＿＿＿＿
＿＿◆◆◆◆＿＿＿＿
＿＿◆◆◆◆□◆＿◆
■◆□□□□◆□◆◆
■◆□□□□□□◆□
□□□□□□□＿□□
□□□□□□□■□■
□□□□□□□＿＿□
□□□□□□□□＿□
□□□□□□□□＿□
□□□□□□□□＿□
□□□□□□□□＿□
□□□□□□□□＿□
□□□＿□□□□□□
□＿□□□□□□□□
□＿□□□□□□□□
00:27:32(49583f):field(49582f)
＿＿＿＿＿＿＿＿＿＿
＿＿＿＿＿＿＿＿＿＿
＿＿＿＿＿＿＿＿＿＿
＿＿＿＿＿＿＿＿＿＿
＿＿＿＿＿＿＿＿＿＿
＿＿＿＿＿＿＿＿＿＿
＿＿＿＿＿＿◆＿＿＿
□＿□□□□＿□■■
□＿□□□□□□■□
□□□□□□□＿□□
□□□□□□□◆□◆
□□□□□□□＿＿□
□□□□□□□□＿□
□□□□□□□□＿□
□□□□□□□□＿□
□□□□□□□□＿□
□□□□□□□□＿□
□□□＿□□□□□□
□＿□□□□□□□□
□＿□□□□□□□□
00:27:33(49598f):field(49597f)
＿＿＿＿＿＿＿＿＿＿
＿＿＿＿＿＿＿＿＿＿
＿＿＿＿＿＿＿＿＿＿
＿＿＿＿＿＿＿＿＿＿
＿＿＿＿＿＿＿＿＿＿
＿＿＿＿＿＿＿＿＿＿
＿＿＿＿＿＿＿＿＿＿
◆■□◆◆◆＿◆◆□
□■□□□□◆□□□
□□□□□□□＿□□
□□□□□□□＿□＿
□□□□□□□＿＿□
□□□□□□□□＿□
□□□□□□□□＿□
□□□□□□□□＿□
□□□□□□□□＿□
□□□□□□□□＿□
□□□＿□□□□□□
□＿□□□□□□□□
□＿□□□□□□□□
00:27:33(49609f):field(49608f)
＿＿＿＿＿＿＿＿＿＿
＿＿＿＿＿＿＿＿＿＿
＿＿＿＿＿＿＿＿＿＿
＿＿＿＿＿＿＿＿＿＿
＿＿＿＿＿＿＿＿＿＿
＿＿＿＿＿＿＿＿＿＿
＿＿＿＿＿＿＿＿＿＿
＿◆◆＿＿■＿■■◆
◆□□◆◆□■◆□◆
□□□□□□□＿□□
□□□□□□□＿□＿
□□□□□□□＿＿□
□□□□□□□□＿□
□□□□□□□□＿□
□□□□□□□□＿□
□□□□□□□□＿□
□□□□□□□□＿□
□□□＿□□□□□□
□＿□□□□□□□□
□＿□□□□□□□□
00:27:34(49620f):field(49619f)
＿＿＿＿＿＿＿＿＿＿
＿＿＿＿＿＿＿＿＿＿
＿＿＿＿＿＿＿＿＿＿
＿＿＿＿＿＿＿＿＿＿
＿＿＿＿＿＿＿＿＿＿
＿＿＿＿＿＿＿＿＿＿
＿＿＿＿＿＿＿＿＿＿
＿＿＿■■□＿◆◆＿
＿□□■■□□＿◆＿
□□□□□□□＿□□
□□□□□□□＿□＿
□□□□□□□＿＿□
□□□□□□□□＿□
□□□□□□□□＿□
□□□□□□□□＿□
□□□□□□□□＿□
□□□□□□□□＿□
□□□＿□□□□□□
□＿□□□□□□□□
□＿□□□□□□□□
00:27:34(49635f):field(49634f)
＿＿＿＿＿＿＿＿＿＿
＿＿＿＿＿＿＿＿＿＿
＿＿＿＿＿＿＿＿＿＿
＿＿＿＿＿＿＿＿＿＿
＿＿＿＿＿＿＿＿＿＿
＿＿＿＿＿＿＿＿＿＿
＿＿＿＿＿＿＿＿＿＿
＿＿＿◆◆◆＿＿＿＿
■◆◆□□□◆＿■＿
◆□□□□□□■□□
□□□□□□□＿□＿
□□□□□□□＿＿□
□□□□□□□□＿□
□□□□□□□□＿□
□□□□□□□□＿□
□□□□□□□□＿□
□□□□□□□□＿□
□□□＿□□□□□□
□＿□□□□□□□□
□＿□□□□□□□□
00:27:34(49647f):field(49646f)
＿＿＿＿＿＿＿＿＿＿
＿＿＿＿＿＿＿＿＿＿
＿＿＿＿＿＿＿＿＿＿
＿＿＿＿＿＿＿＿＿＿
＿＿＿＿＿＿＿＿＿＿
＿＿＿＿＿＿＿＿＿＿
＿＿＿＿＿＿＿＿＿＿
＿＿＿＿＿＿＿＿＿＿
□＿■□◆◆＿＿◆＿
■□◆□□□◆◆◆□
□□□□□□□＿□＿
□□□□□□□■＿□
□□□□□□□□＿□
□□□□□□□□＿□
□□□□□□□□＿□
□□□□□□□□＿□
□□□□□□□□＿□
□□□＿□□□□□□
□＿□□□□□□□□
□＿□□□□□□□□
00:27:35(49658f):field(49657f)
＿＿＿＿＿＿＿＿＿＿
＿＿＿＿＿＿＿＿＿＿
＿＿＿＿＿＿＿＿＿＿
＿＿＿＿＿＿＿＿＿＿
＿＿＿＿＿＿＿＿＿＿
＿＿＿＿＿＿＿＿＿＿
＿＿＿＿＿＿＿＿＿＿
＿＿＿＿＿＿＿＿＿＿
□＿◆◆＿＿＿＿＿＿
□□＿□□□＿■■◆
□□□□□□□■□＿
□□□□□□□□＿□
□□□□□□□□＿□
□□□□□□□□＿□
□□□□□□□□＿□
□□□□□□□□＿□
□□□□□□□□＿□
□□□＿□□□□□□
□＿□□□□□□□□
□＿□□□□□□□□
00:27:35(49671f):field(49670f)
＿＿＿＿＿＿＿＿＿＿
＿＿＿＿＿＿＿＿＿＿
＿＿＿＿＿＿＿＿＿＿
＿＿＿＿＿＿＿＿＿＿
＿＿＿＿＿＿＿＿＿＿
＿＿＿＿＿＿＿＿＿＿
＿＿＿＿＿＿＿＿＿＿
＿＿＿＿＿■＿＿＿＿
□＿＿＿＿■■＿＿＿
□□＿□□□■□□＿
□□□□□□□□□＿
□□□□□□□□＿□
□□□□□□□□＿□
□□□□□□□□＿□
□□□□□□□□＿□
□□□□□□□□＿□
□□□□□□□□＿□
□□□＿□□□□□□
□＿□□□□□□□□
□＿□□□□□□□□
00:27:36(49681f):field(49680f)
＿＿＿＿＿＿＿＿＿＿
＿＿＿＿＿＿＿＿＿＿
＿＿＿＿＿＿＿＿＿＿
＿＿＿＿＿＿＿＿＿＿
＿＿＿＿＿＿＿＿＿＿
＿＿＿＿＿＿＿＿＿＿
＿＿＿＿＿＿＿＿＿＿
＿＿＿■■□＿＿＿＿
□＿＿■■□□＿＿＿
□□＿□□□□□□＿
□□□□□□□□□＿
□□□□□□□□＿□
□□□□□□□□＿□
□□□□□□□□＿□
□□□□□□□□＿□
□□□□□□□□＿□
□□□□□□□□＿□
□□□＿□□□□□□
□＿□□□□□□□□
□＿□□□□□□□□
00:27:36(49694f):field(49693f)
＿＿＿＿＿＿＿＿＿＿
＿＿＿＿＿＿＿＿＿＿
＿＿＿＿＿＿＿＿＿＿
＿＿＿＿＿＿＿＿＿＿
＿＿＿＿＿＿＿＿＿＿
＿＿＿＿＿＿＿＿＿＿
＿＿＿＿＿＿＿＿＿＿
＿＿＿◆◆◆＿＿＿＿
◆＿＿□□□◆＿＿■
□◆＿□□□□◆◆■
□□□□□□□□□■
□□□□□□□□＿□
□□□□□□□□＿□
□□□□□□□□＿□
□□□□□□□□＿□
□□□□□□□□＿□
□□□□□□□□＿□
□□□＿□□□□□□
□＿□□□□□□□□
□＿□□□□□□□□
00:27:36(49705f):field(49704f)
＿＿＿＿＿＿＿＿＿＿
＿＿＿＿＿＿＿＿＿＿
＿＿＿＿＿＿＿＿＿＿
＿＿＿＿＿＿＿＿＿＿
＿＿＿＿＿＿＿＿＿＿
＿＿＿＿＿＿＿＿＿＿
＿＿＿＿＿＿＿＿＿＿
＿＿＿＿＿＿＿＿＿＿
＿＿＿◆◆◆＿＿＿◆
◆＿■□□□◆＿■□
□□□□□□□◆◆□
□□□□□□□□＿□
□□□□□□□□＿□
□□□□□□□□＿□
□□□□□□□□＿□
□□□□□□□□＿□
□□□□□□□□＿□
□□□＿□□□□□□
□＿□□□□□□□□
□＿□□□□□□□□
00:27:37(49718f):field(49717f)
＿＿＿＿＿＿＿＿＿＿
＿＿＿＿＿＿＿＿＿＿
＿＿＿＿＿＿＿＿＿＿
＿＿＿＿＿＿＿＿＿＿
＿＿＿＿＿＿＿＿＿＿
＿＿＿＿＿＿＿＿＿＿
＿＿＿＿＿＿＿＿＿＿
＿＿＿＿＿＿＿＿＿＿
＿＿＿＿＿＿＿＿＿＿
＿■◆◆◆◆＿＿◆□
□◆□◆◆◆◆■■◆
□□◆◆◆□◆□■□
◆◆□□□□◆□■□
□□□□□□□□＿□
□□□□□□□□＿□
□□□□□□□□＿□
□□□□□□□□＿□
□□□＿□□□□□□
□＿□□□□□□□□
□＿□□□□□□□□
00:27:37(49728f):field(49727f)
＿＿＿＿＿＿＿＿＿＿
＿＿＿＿＿＿＿＿＿＿
＿＿＿＿＿＿＿＿＿＿
＿＿＿＿＿＿＿＿＿＿
＿＿＿＿＿＿＿＿＿＿
＿＿＿＿＿＿＿＿＿＿
＿＿＿＿＿＿＿＿＿＿
＿＿＿＿＿＿＿＿＿＿
＿＿＿＿＿＿＿＿＿＿
＿◆＿＿＿＿＿＿＿◆
◆＿◆＿＿＿＿◆◆＿
◆◆＿＿■□■◆◆◆
＿＿□□□□■◆◆□
□□□□□□□□＿□
□□□□□□□□＿□
□□□□□□□□＿□
□□□□□□□□＿□
□□□＿□□□□□□
□＿□□□□□□□□
□＿□□□□□□□□
00:27:38(49740f):field(49739f)
＿＿＿＿＿＿＿＿＿＿
＿＿＿＿＿＿＿＿＿＿
＿＿＿＿＿＿＿＿＿＿
＿＿＿＿＿＿＿＿＿＿
＿＿＿＿＿＿＿＿＿＿
＿＿＿＿＿＿＿＿＿＿
＿＿＿＿＿＿＿＿＿＿
＿＿＿＿＿＿＿＿＿＿
＿＿＿＿＿＿＿＿＿＿
＿＿＿＿＿＿＿＿＿＿
＿＿＿＿＿＿＿＿＿＿
■■＿＿□□□＿＿＿
■■□□□□□＿＿□
□□□□□□□□＿□
□□□□□□□□＿□
□□□□□□□□＿□
□□□□□□□□＿□
□□□＿□□□□□□
□＿□□□□□□□□
□＿□□□□□□□□
00:27:38(49755f):field(49754f)
＿＿＿＿＿＿＿＿＿＿
＿＿＿＿＿＿＿＿＿＿
＿＿＿＿＿＿＿＿＿＿
＿＿＿＿＿＿＿＿＿＿
＿＿＿＿＿＿＿＿＿＿
＿＿＿＿＿＿＿＿＿＿
＿＿＿＿＿＿＿＿＿＿
＿＿＿＿＿＿＿＿＿＿
＿＿＿＿＿＿＿＿＿＿
＿＿＿＿＿＿＿＿＿＿
＿＿＿■■＿＿＿＿＿
□□■■□□□＿＿＿
□□□□□□□＿＿□
□□□□□□□□＿□
□□□□□□□□＿□
□□□□□□□□＿□
□□□□□□□□＿□
□□□＿□□□□□□
□＿□□□□□□□□
□＿□□□□□□□□
00:27:38(49769f):field(49768f)
＿＿＿＿＿＿＿＿＿＿
＿＿＿＿＿＿＿＿＿＿
＿＿＿＿＿＿＿＿＿＿
＿＿＿＿＿＿＿＿＿＿
＿＿＿＿＿＿＿＿＿＿
＿＿＿＿＿＿＿＿＿＿
＿＿＿＿＿＿＿＿＿＿
＿＿＿＿＿＿＿＿＿＿
＿＿＿＿＿＿＿＿＿＿
＿＿＿＿＿＿＿＿＿＿
＿＿＿◆◆＿＿＿＿＿
◆◆◆◆◆◆◆＿＿＿
◆◆□□◆□◆＿＿◆
□◆◆□□◆◆◆■□
◆◆□□□□□□＿◆
□□□□□□□□■□
□□□□□□□◆＿□
□□□＿□□□□□□
□■□□□□□□□□
□＿□□□□□□□□
00:27:39(49781f):field(49780f)
＿＿＿＿＿＿＿＿＿＿
＿＿＿＿＿＿＿＿＿＿
＿＿＿＿＿＿＿＿＿＿
＿＿＿＿＿＿＿＿＿＿
＿＿＿＿＿＿＿＿＿＿
＿＿＿＿＿＿＿＿＿＿
＿＿＿＿＿＿＿＿＿＿
＿＿＿＿＿＿＿＿＿＿
＿＿＿＿＿＿＿＿＿＿
＿＿＿＿＿＿＿＿＿＿
＿＿＿＿＿＿＿＿＿＿
＿＿＿＿＿＿＿＿＿＿
＿＿◆◆＿◆＿＿＿＿
◆＿＿◆□■＿＿◆◆
＿＿◆□□□□◆＿＿
□□□□□□□◆◆◆
□□□□□□□＿＿□
□□□＿□□□□□□
□◆□□□□□□□□
□＿□□□□□□□□
00:27:39(49791f):field(49790f)
＿＿＿＿＿＿＿＿＿＿
＿＿＿＿＿＿＿＿＿＿
＿＿＿＿＿＿＿＿＿＿
＿＿＿＿＿＿＿＿＿＿
＿＿＿＿＿＿＿＿＿＿
＿＿＿＿＿＿＿＿＿＿
＿＿＿＿＿＿＿＿＿＿
＿＿＿＿＿＿＿＿＿＿
＿＿＿＿＿＿＿＿＿＿
＿＿＿＿＿＿＿＿＿＿
＿＿＿＿＿＿＿＿＿＿
＿＿＿＿＿＿＿＿＿＿
＿＿＿＿＿＿＿＿＿＿
＿■＿＿□□＿＿＿＿
■■■□□□□＿＿＿
□□□□□□□＿＿＿
□□□□□□□＿＿□
□□□＿□□□□□□
□＿□□□□□□□□
□＿□□□□□□□□
00:27:40(49803f):field(49802f)
＿＿＿＿＿＿＿＿＿＿
＿＿＿＿＿＿＿＿＿＿
＿＿＿＿＿＿＿＿＿＿
＿＿＿＿＿＿＿＿＿＿
＿＿＿＿＿＿＿＿＿＿
＿＿＿＿＿＿＿＿＿＿
＿＿＿＿＿＿＿＿＿＿
＿＿＿＿＿＿＿＿＿＿
＿＿＿＿＿＿＿＿＿＿
＿＿＿＿＿＿＿＿＿＿
＿＿＿＿＿＿＿＿＿＿
＿＿＿＿＿＿＿＿＿＿
＿＿■■＿＿＿＿＿＿
＿□■■□□＿＿＿＿
□□□□□□□＿＿＿
□□□□□□□＿＿＿
□□□□□□□＿＿□
□□□＿□□□□□□
□＿□□□□□□□□
□＿□□□□□□□□
00:27:40(49813f):field(49812f)
＿＿＿＿＿＿＿＿＿＿
＿＿＿＿＿＿＿＿＿＿
＿＿＿＿＿＿＿＿＿＿
＿＿＿＿＿＿＿＿＿＿
＿＿＿＿＿＿＿＿＿＿
＿＿＿＿＿＿＿＿＿＿
＿＿＿＿＿＿＿＿＿＿
＿＿＿＿＿＿＿＿＿＿
＿＿＿＿＿＿＿＿＿＿
＿＿＿＿＿＿＿＿＿＿
＿＿＿＿＿＿＿＿＿＿
＿＿＿＿＿＿＿＿＿＿
＿＿□□■■■＿＿＿
＿□□□□□■＿＿＿
□□□□□□□＿＿＿
□□□□□□□＿＿＿
□□□□□□□＿＿□
□□□＿□□□□□□
□＿□□□□□□□□
□＿□□□□□□□□
00:27:40(49825f):field(49824f)
＿＿＿＿＿＿＿＿＿＿
＿＿＿＿＿＿＿＿＿＿
＿＿＿＿＿＿＿＿＿＿
＿＿＿＿＿＿＿＿＿＿
＿＿＿＿＿＿＿＿＿＿
＿＿＿＿＿＿＿＿＿＿
＿＿＿＿＿＿＿＿＿＿
＿＿＿＿＿＿＿＿＿＿
＿＿＿＿＿＿＿＿＿＿
＿＿＿＿＿＿＿＿＿＿
＿＿＿＿＿＿＿＿＿＿
＿＿＿＿＿＿＿＿＿＿
＿＿□□□□□＿＿＿
＿□□□□□□■＿＿
□□□□□□□■＿＿
□□□□□□□■＿＿
□□□□□□□■＿□
□□□＿□□□□□□
□＿□□□□□□□□
□＿□□□□□□□□
00:27:41(49835f):field(49834f)
＿＿＿＿＿＿＿＿＿＿
＿＿＿＿＿＿＿＿＿＿
＿＿＿＿＿＿＿＿＿＿
＿＿＿＿＿＿＿＿＿＿
＿＿＿＿＿＿＿＿＿＿
＿＿＿＿＿＿＿＿＿＿
＿＿＿＿＿＿＿＿＿＿
＿＿＿＿＿＿＿＿＿＿
＿＿＿＿＿＿＿＿＿＿
＿＿＿＿＿＿＿＿＿＿
＿＿＿■■＿＿＿＿＿
＿＿■■＿＿＿＿＿＿
＿＿□□□□□＿＿＿
＿□□□□□□□＿＿
□□□□□□□□＿＿
□□□□□□□□＿＿
□□□□□□□□＿□
□□□＿□□□□□□
□＿□□□□□□□□
□＿□□□□□□□□
00:27:41(49850f):field(49849f)
＿＿＿＿＿＿＿＿＿＿
＿＿＿＿＿＿＿＿＿＿
＿＿＿＿＿＿＿＿＿＿
＿＿＿＿＿＿＿＿＿＿
＿＿＿＿＿＿＿＿＿＿
＿＿＿＿＿＿＿＿＿＿
＿＿＿＿＿＿＿＿＿＿
＿＿＿＿＿＿＿＿＿＿
＿＿＿＿＿＿＿＿＿＿
＿＿＿＿＿＿＿＿＿＿
＿＿＿◆◆＿＿＿＿＿
＿＿◆◆＿＿＿＿＿＿
＿＿◆□□◆◆＿＿＿
■◆□□□◆◆◆＿＿
□◆□□□□□□＿＿
◆□□□□□□□＿＿
□□□□□□□□■□
□□□＿□□□□□□
□＿□□□□□□□□
□＿□□□□□□□□
00:27:41(49859f):field(49858f)
＿＿＿＿＿＿＿＿＿＿
＿＿＿＿＿＿＿＿＿＿
＿＿＿＿＿＿＿＿＿＿
＿＿＿＿＿＿＿＿＿＿
＿＿＿＿＿＿＿＿＿＿
＿＿＿＿＿＿＿＿＿＿
＿＿＿＿＿＿＿＿＿＿
＿＿＿＿＿＿＿＿＿＿
＿＿＿＿＿＿＿＿＿＿
＿＿＿＿＿＿＿＿＿＿
＿＿＿＿＿＿＿＿＿＿
＿＿＿＿＿＿＿＿＿＿
＿＿＿□□＿■＿＿＿
◆＿□□□■■＿＿＿
◆＿□□□□□◆＿＿
＿□□□□□□□＿＿
□□□□□□□□◆□
□□□＿□□□□□□
□＿□□□□□□□□
□＿□□□□□□□□
00:27:42(49870f):field(49869f)
＿＿＿＿＿＿＿＿＿＿
＿＿＿＿＿＿＿＿＿＿
＿＿＿＿＿＿＿＿＿＿
＿＿＿＿＿＿＿＿＿＿
＿＿＿＿＿＿＿＿＿＿
＿＿＿＿＿＿＿＿＿＿
＿＿＿＿＿＿＿＿＿＿
＿＿＿＿＿＿＿＿＿＿
＿＿＿＿＿＿＿＿＿＿
＿＿＿＿＿＿＿＿＿＿
＿＿＿＿＿＿＿＿＿＿
＿＿＿＿＿＿＿＿＿＿
＿＿＿□□＿□＿＿＿
＿■□□□□□＿＿＿
■■□□□□□＿＿＿
■□□□□□□□＿＿
□□□□□□□□＿□
□□□＿□□□□□□
□＿□□□□□□□□
□＿□□□□□□□□
00:27:42(49881f):field(49880f)
＿＿＿＿＿＿＿＿＿＿
＿＿＿＿＿＿＿＿＿＿
＿＿＿＿＿＿＿＿＿＿
＿＿＿＿＿＿＿＿＿＿
＿＿＿＿＿＿＿＿＿＿
＿＿＿＿＿＿＿＿＿＿
＿＿＿＿＿＿＿＿＿＿
＿＿＿＿＿＿＿＿＿＿
＿＿＿＿＿＿＿＿＿＿
＿＿＿＿＿＿＿＿＿＿
＿＿＿＿＿＿＿＿＿＿
＿＿＿■■■＿＿＿＿
＿＿＿□□■□＿＿＿
＿□□□□□□＿＿＿
□□□□□□□＿＿＿
□□□□□□□□＿＿
□□□□□□□□＿□
□□□＿□□□□□□
□＿□□□□□□□□
□＿□□□□□□□□
00:27:43(49896f):field(49895f)
＿＿＿＿＿＿＿＿＿＿
＿＿＿＿＿＿＿＿＿＿
＿＿＿＿＿＿＿＿＿＿
＿＿＿＿＿＿＿＿＿＿
＿＿＿＿＿＿＿＿＿＿
＿＿＿＿＿＿＿＿＿＿
＿＿＿＿＿＿＿＿＿＿
＿＿＿＿＿＿＿＿＿＿
＿＿＿＿＿＿＿＿＿＿
＿＿＿＿＿＿＿＿＿＿
＿＿＿＿＿＿＿＿＿＿
＿＿＿□□□＿＿＿＿
＿＿＿□□□□＿＿＿
＿□□□□□□■＿＿
□□□□□□□■■＿
□□□□□□□□■＿
□□□□□□□□＿□
□□□＿□□□□□□
□＿□□□□□□□□
□＿□□□□□□□□
00:27:43(49908f):field(49907f)
＿＿＿＿＿＿＿＿＿＿
＿＿＿＿＿＿＿＿＿＿
＿＿＿＿＿＿＿＿＿＿
＿＿＿＿＿＿＿＿＿＿
＿＿＿＿＿＿＿＿＿＿
＿＿＿＿＿＿＿＿＿＿
＿＿＿＿＿＿＿＿＿＿
＿＿＿＿＿＿＿＿＿＿
＿＿＿＿＿＿＿＿＿＿
＿＿＿＿＿＿＿＿＿＿
＿＿＿＿＿＿＿＿＿＿
＿■■□□□＿＿＿＿
＿■■□□□□＿＿＿
＿□□□□□□□＿＿
□□□□□□□□□＿
□□□□□□□□□＿
□□□□□□□□＿□
□□□＿□□□□□□
□＿□□□□□□□□
□＿□□□□□□□□
00:27:44(49921f):field(49920f)
＿＿＿＿＿＿＿＿＿＿
＿＿＿＿＿＿＿＿＿＿
＿＿＿＿＿＿＿＿＿＿
＿＿＿＿＿＿＿＿＿＿
＿＿＿＿＿＿＿＿＿＿
＿＿＿＿＿＿＿＿＿＿
＿＿＿＿＿＿＿＿＿＿
＿＿＿＿＿＿＿＿＿＿
＿＿＿＿＿＿＿＿＿＿
＿＿＿＿＿＿＿＿＿＿
＿＿＿＿＿＿＿＿＿＿
＿◆◆◆◆◆＿＿＿＿
＿□□□□□◆＿＿＿
＿□□□□□□□＿■
◆□□□□□□□□■
□□□□□□□□□■
□□□□□□□□＿□
□□□＿□□□□□□
□＿□□□□□□□□
□＿□□□□□□□□
00:27:44(49934f):field(49933f)
＿＿＿＿＿＿＿＿＿＿
＿＿＿＿＿＿＿＿＿＿
＿＿＿＿＿＿＿＿＿＿
＿＿＿＿＿＿＿＿＿＿
＿＿＿＿＿＿＿＿＿＿
＿＿＿＿＿＿＿＿＿＿
＿＿＿＿＿＿＿＿＿＿
＿＿＿＿＿＿＿＿＿＿
＿＿＿＿＿＿＿＿＿＿
＿＿＿＿＿＿＿＿＿＿
＿＿＿＿＿＿＿＿＿＿
＿＿＿＿＿＿＿＿＿＿
■◆◆◆◆◆＿＿＿＿
■□□□□□□◆＿◆
■□□□□□□◆◆□
□□□□□□□□□□
□□□□□□□□＿□
□□□＿□□□□□□
□＿□□□□□□□□
□＿□□□□□□□□
00:27:44(49944f):field(49943f)
＿＿＿＿＿＿＿＿＿＿
＿＿＿＿＿＿＿＿＿＿
＿＿＿＿＿＿＿＿＿＿
＿＿＿＿＿＿＿＿＿＿
＿＿＿＿＿＿＿＿＿＿
＿＿＿＿＿＿＿＿＿＿
＿＿＿＿＿＿＿＿＿＿
＿＿＿＿＿＿＿＿＿＿
＿＿＿＿＿＿＿＿＿＿
＿＿＿＿＿＿＿＿＿＿
＿＿＿＿＿＿＿＿＿＿
＿＿＿＿＿＿＿＿＿＿
◆＿＿＿＿＿＿＿＿＿
□◆□◆□◆◆＿＿＿
□□□□□□□■＿◆
□□□□□□□□□□
□□□□□□□□＿□
□□□＿□□□□□□
□＿□□□□□□□□
□＿□□□□□□□□
00:27:45(49954f):field(49953f)
＿＿＿＿＿＿＿＿＿＿
＿＿＿＿＿＿＿＿＿＿
＿＿＿＿＿＿＿＿＿＿
＿＿＿＿＿＿＿＿＿＿
＿＿＿＿＿＿＿＿＿＿
＿＿＿＿＿＿＿＿＿＿
＿＿＿＿＿＿＿＿＿＿
＿＿＿＿＿＿＿＿＿＿
＿＿＿＿＿＿＿＿＿＿
＿＿＿＿＿＿＿＿＿＿
＿＿＿＿＿＿＿＿＿＿
＿＿＿＿＿＿＿＿＿＿
＿■＿＿＿＿＿＿＿＿
□■□■◆＿＿＿＿＿
□□□□□□□□＿＿
□□□□□□□□□□
□□□□□□□□＿□
□□□＿□□□□□□
□＿□□□□□□□□
□■□□□□□□□□
00:27:45(49964f):field(49963f)
＿＿＿＿＿＿＿＿＿＿
＿＿＿＿＿＿＿＿＿＿
＿＿＿＿＿＿＿＿＿＿
＿＿＿＿＿＿＿＿＿＿
＿＿＿＿＿＿＿＿＿＿
＿＿＿＿＿＿＿＿＿＿
＿＿＿＿＿＿＿＿＿＿
＿＿＿＿＿＿＿＿＿＿
＿＿＿＿＿＿＿＿＿＿
＿＿＿＿＿＿＿＿＿＿
＿＿＿＿＿＿＿＿＿＿
＿＿＿＿＿＿＿＿＿＿
＿□＿＿＿＿■＿＿＿
□□□□■■■＿＿＿
□□□□□□□□＿＿
□□□□□□□□□□
□□□□□□□□＿□
□□□＿□□□□□□
□＿□□□□□□□□
□◆□□□□□□□□
00:27:45(49975f):field(49974f)
＿＿＿＿＿＿＿＿＿＿
＿＿＿＿＿＿＿＿＿＿
＿＿＿＿＿＿＿＿＿＿
＿＿＿＿＿＿＿＿＿＿
＿＿＿＿＿＿＿＿＿＿
＿＿＿＿＿＿＿＿＿＿
＿＿＿＿＿＿＿＿＿＿
＿＿＿＿＿＿＿＿＿＿
＿＿＿＿＿＿＿＿＿＿
＿＿＿＿＿＿＿＿＿＿
＿＿＿＿＿＿＿＿＿＿
＿＿■＿＿＿＿＿＿＿
＿□■■■＿□＿＿＿
□□□□□□□＿＿＿
□□□□□□□□＿＿
□□□□□□□□□□
□□□□□□□□＿□
□□□＿□□□□□□
□＿□□□□□□□□
□＿□□□□□□□□
00:27:46(49987f):field(49986f)
＿＿＿＿＿＿＿＿＿＿
＿＿＿＿＿＿＿＿＿＿
＿＿＿＿＿＿＿＿＿＿
＿＿＿＿＿＿＿＿＿＿
＿＿＿＿＿＿＿＿＿＿
＿＿＿＿＿＿＿＿＿＿
＿＿＿＿＿＿＿＿＿＿
＿＿＿＿＿＿＿＿＿＿
＿＿＿＿＿＿＿＿＿＿
＿＿＿＿＿＿＿＿＿＿
＿＿＿＿＿＿＿＿＿＿
＿＿□＿＿＿＿＿＿＿
＿□□□□＿□■＿＿
□□□□□□□■■＿
□□□□□□□□■＿
□□□□□□□□□◆
□□□□□□□□＿□
□□□＿□□□□□□
□＿□□□□□□□□
□＿□□□□□□□□
00:27:46(49998f):field(49997f)
＿＿＿＿＿＿＿＿＿＿
＿＿＿＿＿＿＿＿＿＿
＿＿＿＿＿＿＿＿＿＿
＿＿＿＿＿＿＿＿＿＿
＿＿＿＿＿＿＿＿＿＿
＿＿＿＿＿＿＿＿＿＿
＿＿＿＿＿＿＿＿＿＿
＿＿＿＿＿＿＿＿＿＿
＿＿＿＿＿＿＿＿＿＿
＿＿＿＿＿＿＿＿＿＿
＿＿＿＿＿＿■＿＿＿
＿＿□＿＿■■＿＿＿
＿□□□□■□□＿＿
□□□□□□□□□＿
□□□□□□□□□＿
□□□□□□□□□＿
□□□□□□□□＿□
□□□＿□□□□□□
□＿□□□□□□□□
□＿□□□□□□□□
00:27:46(50007f):field(50006f)
＿＿＿＿＿＿＿＿＿＿
＿＿＿＿＿＿＿＿＿＿
＿＿＿＿＿＿＿＿＿＿
＿＿＿＿＿＿＿＿＿＿
＿＿＿＿＿＿＿＿＿＿
＿＿＿＿＿＿＿＿＿＿
＿＿＿＿＿＿＿＿＿＿
＿＿＿＿＿＿＿＿＿＿
＿＿＿＿＿＿＿＿＿＿
＿＿＿＿＿＿＿＿＿＿
＿＿＿■■＿□＿＿＿
＿＿□■■□□＿＿＿
＿□□□□□□□＿＿
□□□□□□□□□＿
□□□□□□□□□＿
□□□□□□□□□＿
□□□□□□□□＿□
□□□＿□□□□□□
□＿□□□□□□□□
□＿□□□□□□□□
00:27:47(50022f):field(50021f)
＿＿＿＿＿＿＿＿＿＿
＿＿＿＿＿＿＿＿＿＿
＿＿＿＿＿＿＿＿＿＿
＿＿＿＿＿＿＿＿＿＿
＿＿＿＿＿＿＿＿＿＿
＿＿＿＿＿＿＿＿＿＿
＿＿＿＿＿＿＿＿＿＿
＿＿＿＿＿＿＿＿＿＿
＿＿＿＿＿＿＿＿＿＿
＿＿＿＿＿＿＿＿＿＿
＿＿＿◆◆＿◆＿＿＿
＿＿◆◆◆◆◆＿＿＿
■◆◆□□◆□□＿＿
◆◆□□□□□□□＿
◆□□□□□□□□■
□□□□□□□□□＿
□□□□□□□□＿□
□□□＿□□□□□□
□＿□□□□□□□□
□＿□□□□□□□□
00:27:47(50032f):field(50031f)
＿＿＿＿＿＿＿＿＿＿
＿＿＿＿＿＿＿＿＿＿
＿＿＿＿＿＿＿＿＿＿
＿＿＿＿＿＿＿＿＿＿
＿＿＿＿＿＿＿＿＿＿
＿＿＿＿＿＿＿＿＿＿
＿＿＿＿＿＿＿＿＿＿
＿＿＿＿＿＿＿＿＿＿
＿＿＿＿＿＿＿＿＿＿
＿＿＿＿＿＿＿＿＿＿
＿＿＿＿＿＿＿＿＿■
＿＿＿＿＿＿＿＿＿■
◆＿＿□□＿□◆＿■
＿＿□□□□□◆◆■
＿□□□□□□□□□
□□□□□□□□□＿
□□□□□□□□＿□
□□□＿□□□□□□
□＿□□□□□□□□
□＿□□□□□□□□
00:27:48(50046f):field(50045f)
＿＿＿＿＿＿＿＿＿＿
＿＿＿＿＿＿＿＿＿＿
＿＿＿＿＿＿＿＿＿＿
＿＿＿＿＿＿＿＿＿＿
＿＿＿＿＿＿＿＿＿＿
＿＿＿＿＿＿＿＿＿＿
＿＿＿＿＿＿＿＿＿＿
＿＿＿＿＿＿＿＿＿＿
＿＿＿＿＿＿＿＿＿＿
＿＿＿＿＿＿＿＿＿＿
＿＿＿＿＿＿＿＿＿□
＿＿＿＿＿■■■＿□
＿＿＿□□■□＿＿□
＿＿□□□□□＿＿□
＿□□□□□□□□□
□□□□□□□□□＿
□□□□□□□□＿□
□□□＿□□□□□□
□＿□□□□□□□□
□＿□□□□□□□□
00:27:48(50058f):field(50057f)
＿＿＿＿＿＿＿＿＿＿
＿＿＿＿＿＿＿＿＿＿
＿＿＿＿＿＿＿＿＿＿
＿＿＿＿＿＿＿＿＿＿
＿＿＿＿＿＿＿＿＿＿
＿＿＿＿＿＿＿＿＿＿
＿＿＿＿＿＿＿＿＿＿
＿＿＿＿＿＿＿＿＿＿
＿＿＿＿＿＿＿＿＿＿
＿＿＿＿＿＿＿＿＿＿
＿＿＿＿＿＿＿＿＿◆
＿＿＿＿＿◆◆◆＿□
＿＿＿◆◆□□■＿□
■＿□□□□□＿＿□
■□□□□□□◆◆□
□□□□□□□□□＿
□□□□□□□□＿□
□□□＿□□□□□□
□＿□□□□□□□□
□＿□□□□□□□□
00:27:48(50067f):field(50066f)
＿＿＿＿＿＿＿＿＿＿
＿＿＿＿＿＿＿＿＿＿
＿＿＿＿＿＿＿＿＿＿
＿＿＿＿＿＿＿＿＿＿
＿＿＿＿＿＿＿＿＿＿
＿＿＿＿＿＿＿＿＿＿
＿＿＿＿＿＿＿＿＿＿
＿＿＿＿＿＿＿＿＿＿
＿＿＿＿＿＿＿＿＿＿
＿＿＿＿＿＿＿＿＿＿
＿＿＿＿＿＿＿＿＿＿
＿＿＿＿＿＿■■■□
＿＿＿＿＿□□□■□
□＿◆□□□□＿＿□
□□□□□□□＿＿□
□□□□□□□□□＿
□□□□□□□□＿□
□□□＿□□□□□□
□＿□□□□□□□□
□＿□□□□□□□□
00:27:49(50078f):field(50077f)
＿＿＿＿＿＿＿＿＿＿
＿＿＿＿＿＿＿＿＿＿
＿＿＿＿＿＿＿＿＿＿
＿＿＿＿＿＿＿＿＿＿
＿＿＿＿＿＿＿＿＿＿
＿＿＿＿＿＿＿＿＿＿
＿＿＿＿＿＿＿＿＿＿
＿＿＿＿＿＿＿＿＿＿
＿＿＿＿＿＿＿＿＿＿
＿＿＿＿＿＿＿＿＿＿
＿＿＿＿＿＿＿＿＿＿
＿＿＿＿＿＿□□□□
＿＿■■＿□□□□□
□■■□□□□＿＿□
□□□□□□□＿＿□
□□□□□□□□□＿
□□□□□□□□＿□
□□□＿□□□□□□
□＿□□□□□□□□
□＿□□□□□□□□
00:27:49(50088f):field(50087f)
＿＿＿＿＿＿＿＿＿＿
＿＿＿＿＿＿＿＿＿＿
＿＿＿＿＿＿＿＿＿＿
＿＿＿＿＿＿＿＿＿＿
＿＿＿＿＿＿＿＿＿＿
＿＿＿＿＿＿＿＿＿＿
＿＿＿＿＿＿＿＿＿＿
＿＿＿＿＿＿＿＿＿＿
＿＿＿＿＿＿＿＿＿＿
＿＿＿＿■＿＿＿＿＿
＿＿＿＿■＿＿＿＿＿
＿＿＿＿■＿□□□□
＿＿□□■□□□□□
□□□□□□□＿＿□
□□□□□□□＿＿□
□□□□□□□□□＿
□□□□□□□□＿□
□□□＿□□□□□□
□＿□□□□□□□□
□＿□□□□□□□□
00:27:49(50099f):field(50098f)
＿＿＿＿＿＿＿＿＿＿
＿＿＿＿＿＿＿＿＿＿
＿＿＿＿＿＿＿＿＿＿
＿＿＿＿＿＿＿＿＿＿
＿＿＿＿＿＿＿＿＿＿
＿＿＿＿＿＿＿＿＿＿
＿＿＿＿＿＿＿＿＿＿
＿＿＿＿＿＿＿＿＿＿
＿＿＿＿＿＿＿＿＿＿
＿＿＿＿□＿■＿＿＿
＿＿＿＿□■■＿＿＿
＿＿＿＿□■□□□□
＿＿□□□□□□□□
□□□□□□□＿＿□
□□□□□□□＿＿□
□□□□□□□□□＿
□□□□□□□□＿□
□□□＿□□□□□□
□＿□□□□□□□□
□＿□□□□□□□□
00:27:50(50111f):field(50110f)
＿＿＿＿＿＿＿＿＿＿
＿＿＿＿＿＿＿＿＿＿
＿＿＿＿＿＿＿＿＿＿
＿＿＿＿＿＿＿＿＿＿
＿＿＿＿＿＿＿＿＿＿
＿＿＿＿＿＿＿＿＿＿
＿＿＿＿＿＿＿＿＿＿
＿＿＿＿＿＿＿＿＿＿
＿＿＿＿＿＿＿＿＿＿
＿＿＿＿◆＿◆＿＿＿
＿＿＿＿□◆□＿＿＿
＿＿■＿□□□□□◆
■■◆◆□□□□□□
□□□□□□□■■□
□□□□□□□＿＿□
□□□□□□□□□＿
□□□□□□□□＿□
□□□＿□□□□□□
□＿□□□□□□□□
□＿□□□□□□□□
00:27:50(50122f):field(50121f)
＿＿＿＿＿＿＿＿＿＿
＿＿＿＿＿＿＿＿＿＿
＿＿＿＿＿＿＿＿＿＿
＿＿＿＿＿＿＿＿＿＿
＿＿＿＿＿＿＿＿＿＿
＿＿＿＿＿＿＿＿＿＿
＿＿＿＿＿＿＿＿＿＿
＿＿＿＿＿＿＿＿＿＿
＿＿＿＿＿＿＿＿＿＿
＿＿＿＿■■■＿＿＿
＿＿＿＿□■□＿＿＿
＿＿◆＿□□□◆◆＿
□□＿＿□□□□□□
□□□□□□□◆◆□
□□□□□□□＿＿□
□□□□□□□□□＿
□□□□□□□□＿□
□□□＿□□□□□□
□＿□□□□□□□□
□＿□□□□□□□□
00:27:51(50133f):field(50132f)
＿＿＿＿＿＿＿＿＿＿
＿＿＿＿＿＿＿＿＿＿
＿＿＿＿＿＿＿＿＿＿
＿＿＿＿＿＿＿＿＿＿
＿＿＿＿＿＿＿＿＿＿
＿＿＿＿＿＿＿＿＿＿
＿＿＿＿＿＿＿＿＿＿
＿＿＿＿＿＿＿＿＿＿
＿＿＿＿＿＿＿＿＿＿
＿＿＿＿□□□＿＿＿
＿■＿＿□□□＿＿＿
＿■■＿□□□＿＿＿
□□■＿□□□□□□
□□□□□□□＿＿□
□□□□□□□＿＿□
□□□□□□□□□＿
□□□□□□□□＿□
□□□＿□□□□□□
□＿□□□□□□□□
□＿□□□□□□□□
00:27:51(50144f):field(50143f)
＿＿＿＿＿＿＿＿＿＿
＿＿＿＿＿＿＿＿＿＿
＿＿＿＿＿＿＿＿＿＿
＿＿＿＿＿＿＿＿＿＿
＿＿＿＿＿＿＿＿＿＿
＿＿＿＿＿＿＿＿＿＿
＿＿＿＿＿＿＿＿＿＿
＿＿＿＿■＿＿＿＿＿
＿＿＿＿■■■＿＿＿
＿＿＿＿□□□＿＿＿
＿□＿＿□□□＿＿＿
＿□□＿□□□＿＿＿
□□□＿□□□□□□
□□□□□□□＿＿□
□□□□□□□＿＿□
□□□□□□□□□＿
□□□□□□□□＿□
□□□＿□□□□□□
□＿□□□□□□□□
□＿□□□□□□□□
00:27:51(50154f):field(50153f)
＿＿＿＿＿＿＿＿＿＿
＿＿＿＿＿＿＿＿＿＿
＿＿＿＿＿＿＿＿＿＿
＿＿＿＿＿＿＿＿＿＿
＿＿＿＿＿＿＿＿＿＿
＿＿＿＿＿＿＿＿＿＿
＿＿＿＿■■＿＿＿＿
＿＿＿＿□■■＿＿＿
＿＿＿＿□□□＿＿＿
＿＿＿＿□□□＿＿＿
＿□＿＿□□□＿＿＿
＿□□＿□□□＿＿＿
□□□＿□□□□□□
□□□□□□□＿＿□
□□□□□□□＿＿□
□□□□□□□□□＿
□□□□□□□□＿□
□□□＿□□□□□□
□＿□□□□□□□□
□＿□□□□□□□□
00:27:52(50178f):field(50177f)
＿＿＿＿＿＿＿＿＿＿
＿＿＿＿＿＿＿＿＿＿
＿＿＿＿＿＿＿＿＿＿
＿＿＿＿＿＿＿＿＿＿
＿＿＿＿＿＿＿＿＿＿
＿＿＿＿＿＿＿＿＿＿
＿＿＿＿◆◆＿＿＿＿
＿＿＿＿□□◆＿＿＿
＿＿＿＿□□□＿＿＿
＿＿■＿□□□＿＿＿
＿□■■□□□＿＿＿
＿□□■□□□＿＿＿
◆□□■□□□□◆◆
□□□□□□□＿＿□
□□□□□□□＿＿□
□□□□□□□□□＿
□□□□□□□□＿□
□□□■□□□□□□
□＿□□□□□□□□
□＿□□□□□□□□
00:27:53(50195f):field(50194f)
＿＿＿＿＿＿＿＿＿＿
＿＿＿＿＿＿＿＿＿＿
＿＿＿＿＿＿＿＿＿＿
＿＿＿＿＿＿＿＿＿＿
＿＿＿＿＿＿＿＿＿＿
＿＿＿＿＿＿＿＿＿＿
＿＿＿＿＿＿＿＿＿＿
＿＿＿＿◆◆＿＿＿＿
＿＿＿＿□□◆＿＿＿
＿＿◆＿□□□＿＿＿
＿◆□◆□□□＿＿＿
＿□□□□□□＿＿＿
＿□□□□□□□＿＿
□□□□□□□＿■□
□□□□□□□■■□
□□□□□□□□□＿
□□□□□□□□＿□
□□□◆□□□□□□
□＿□□□□□□□□
□＿□□□□□□□□
00:27:53(50205f):field(50204f)
＿＿＿＿＿＿＿＿＿＿
＿＿＿＿＿＿＿＿＿＿
＿＿＿＿＿＿＿＿＿＿
＿＿＿＿＿＿＿＿＿＿
＿＿＿＿＿＿＿＿＿＿
＿＿＿＿＿＿＿＿＿＿
＿＿＿＿＿＿＿＿＿＿
＿＿＿＿＿＿＿＿＿＿
＿＿＿＿□□＿＿＿＿
＿＿＿＿□□□＿＿＿
＿＿□＿□□□＿＿＿
＿□□□□□□＿■■
＿□□□□□□◆■■
◆□□□□□□＿□◆
□□□□□□□◆□□
□□□□□□□□□＿
□□□□□□□□＿□
□□□＿□□□□□□
□＿□□□□□□□□
□■□□□□□□□□
00:27:53(50216f):field(50215f)
＿＿＿＿＿＿＿＿＿＿
＿＿＿＿＿＿＿＿＿＿
＿＿＿＿＿＿＿＿＿＿
＿＿＿＿＿＿＿＿＿＿
＿＿＿＿＿＿＿＿＿＿
＿＿＿＿＿＿＿＿＿＿
＿＿＿＿＿＿＿＿＿＿
＿＿＿＿＿＿＿＿＿＿
＿＿■＿□□＿＿＿＿
＿＿■■□□□＿＿＿
＿＿□■□□□＿＿＿
＿□□□□□□＿□□
＿□□□□□□＿□□
＿□□□□□□＿□＿
□□□□□□□＿□□
□□□□□□□□□＿
□□□□□□□□＿□
□□□＿□□□□□□
□＿□□□□□□□□
□◆□□□□□□□□
00:27:54(50226f):field(50225f)
＿＿＿＿＿＿＿＿＿＿
＿＿＿＿＿＿＿＿＿＿
＿＿＿＿＿＿＿＿＿＿
＿＿＿＿＿＿＿＿＿＿
＿＿＿＿＿＿＿＿＿＿
＿＿＿＿＿＿＿＿＿＿
＿＿＿＿＿＿＿＿＿＿
＿＿＿＿■■■＿＿＿
＿＿□＿□□■＿＿＿
＿＿□□□□□＿＿＿
＿＿□□□□□＿＿＿
＿□□□□□□＿□□
＿□□□□□□＿□□
＿□□□□□□＿□＿
□□□□□□□＿□□
□□□□□□□□□＿
□□□□□□□□＿□
□□□＿□□□□□□
□＿□□□□□□□□
□＿□□□□□□□□
00:27:54(50239f):field(50238f)
＿＿＿＿＿＿＿＿＿＿
＿＿＿＿＿＿＿＿＿＿
＿＿＿＿＿＿＿＿＿＿
＿＿＿＿＿＿＿＿＿＿
＿＿＿＿＿＿＿＿＿＿
＿＿＿＿＿＿＿＿＿＿
＿＿＿＿＿＿＿＿＿＿
＿＿＿＿□□□＿＿＿
＿＿□＿□□□＿＿＿
＿＿□□□□□＿■■
＿＿□□□□□＿■■
＿□□□□□□＿□□
＿□□□□□□＿□□
＿□□□□□□＿□＿
□□□□□□□＿□□
□□□□□□□□□＿
□□□□□□□□＿□
□□□＿□□□□□□
□＿□□□□□□□□
□＿□□□□□□□□
00:27:55(50251f):field(50250f)
＿＿＿＿＿＿＿＿＿＿
＿＿＿＿＿＿＿＿＿＿
＿＿＿＿＿＿＿＿＿＿
＿＿＿＿＿＿＿＿＿＿
＿＿＿＿＿＿＿＿＿＿
＿＿＿＿＿＿＿＿＿＿
＿＿＿＿＿＿＿＿＿＿
＿＿＿＿□□□＿＿＿
＿＿□＿□□□■■■
＿＿□□□□□■□□
＿＿□□□□□＿□□
＿□□□□□□＿□□
＿□□□□□□＿□□
＿□□□□□□＿□＿
□□□□□□□＿□□
□□□□□□□□□＿
□□□□□□□□＿□
□□□＿□□□□□□
□＿□□□□□□□□
□＿□□□□□□□□
00:27:55(50262f):field(50261f)
＿＿＿＿＿＿＿＿＿＿
＿＿＿＿＿＿＿＿＿＿
＿＿＿＿＿＿＿＿＿＿
＿＿＿＿＿＿＿＿＿＿
＿＿＿＿＿＿＿＿＿＿
＿＿＿＿＿＿＿＿＿＿
＿＿＿＿＿＿＿＿＿＿
■■■■□□□＿＿＿
＿＿□＿□□□□□□
＿＿□□□□□□□□
＿＿□□□□□＿□□
＿□□□□□□＿□□
＿□□□□□□＿□□
＿□□□□□□＿□＿
□□□□□□□＿□□
□□□□□□□□□＿
□□□□□□□□＿□
□□□＿□□□□□□
□＿□□□□□□□□
□＿□□□□□□□□
00:27:55(50276f):field(50275f)
＿＿＿＿＿＿＿＿＿＿
＿＿＿＿＿＿＿＿＿＿
＿＿＿＿＿＿＿＿＿＿
＿＿＿＿＿＿＿＿＿＿
＿＿＿＿＿＿＿＿＿＿
＿＿＿＿＿＿＿＿＿＿
■■＿＿＿＿■■＿＿
◆◆◆◆□◆◆■■＿
■■□＿□□□□□□
＿＿□□□□□□□□
＿＿□□□□□＿□□
＿□□□□□□＿□□
＿□□□□□□＿□□
＿□□□□□□＿□＿
□□□□□□□＿□□
□□□□□□□□□＿
□□□□□□□□＿□
□□□＿□□□□□□
□＿□□□□□□□□
□＿□□□□□□□□
00:27:56(50288f):field(50287f)
＿＿＿＿＿＿＿＿＿＿
＿＿＿＿＿＿＿＿＿＿
＿＿＿＿＿＿＿＿＿＿
＿＿＿＿＿＿＿＿＿＿
＿＿＿＿＿＿＿＿＿＿
＿＿＿＿＿＿＿＿＿＿
◆◆＿■■＿◆◆＿＿
＿＿＿■◆＿＿◆□＿
◆◆□■□□□□□□
＿＿□□□□□□□□
＿＿□□□□□＿□□
＿□□□□□□＿□□
＿□□□□□□＿□□
＿□□□□□□＿□＿
□□□□□□□＿□□
□□□□□□□□□＿
□□□□□□□□＿□
□□□＿□□□□□□
□＿□□□□□□□□
□＿□□□□□□□□
00:27:56(50308f):field(50307f)
＿＿＿＿＿＿＿＿＿＿
＿＿＿＿＿＿＿＿＿＿
＿＿＿＿＿＿＿＿＿＿
＿＿＿＿＿＿＿＿＿＿
＿＿＿＿＿＿＿＿＿＿
＿＿＿＿＿＿＿＿＿＿
＿＿＿◆◆＿＿＿＿＿
＿＿■□■＿＿■□＿
■■□□◆□◆◆□◆
■＿□□□□□□□□
＿＿□□□□□＿□□
＿□□□□□□＿□□
＿□□□□□□＿□□
＿□□□□□□＿□＿
□□□□□□□＿□□
□□□□□□□□□＿
□□□□□□□□＿□
□□□＿□□□□□□
□＿□□□□□□□□
□＿□□□□□□□□
00:27:57(50321f):field(50320f)
＿＿＿＿＿＿＿＿＿＿
＿＿＿＿＿＿＿＿＿＿
＿＿＿＿＿＿＿＿＿＿
＿＿＿＿＿＿＿＿＿＿
＿＿＿＿＿＿＿＿＿＿
＿＿＿＿＿＿＿＿＿＿
＿■＿＿＿＿＿＿＿＿
■■◆□□＿＿◆◆＿
□□□□＿◆＿＿□＿
◆＿□□□□□□□□
＿＿□□□□□＿□□
＿□□□□□□＿□□
＿□□□□□□＿□□
＿□□□□□□＿□＿
□□□□□□□＿□□
□□□□□□□□□＿
□□□□□□□□＿□
□□□＿□□□□□□
□＿□□□□□□□□
□＿□□□□□□□□
00:27:57(50332f):field(50331f)
＿＿＿＿＿＿＿＿＿＿
＿＿＿＿＿＿＿＿＿＿
＿＿＿＿＿＿＿＿＿＿
＿＿＿＿＿＿＿＿＿＿
＿＿＿＿＿＿＿＿＿＿
＿＿＿■■＿＿＿＿＿
＿□＿■■＿＿＿＿＿
□□＿□□＿＿＿＿＿
□□□□＿＿＿＿□＿
＿＿□□□□□□□□
＿＿□□□□□＿□□
＿□□□□□□＿□□
＿□□□□□□＿□□
＿□□□□□□＿□＿
□□□□□□□＿□□
□□□□□□□□□＿
□□□□□□□□＿□
□□□＿□□□□□□
□＿□□□□□□□□
□＿□□□□□□□□
00:27:58(50343f):field(50342f)
＿＿＿＿＿＿＿＿＿＿
＿＿＿＿＿＿＿＿＿＿
＿＿＿＿＿＿＿＿＿＿
＿＿＿＿＿＿＿＿＿＿
＿＿■＿＿＿＿＿＿＿
＿＿■□□＿＿＿＿＿
＿□■□□＿＿＿＿＿
□□■□□＿＿＿＿＿
□□□□＿＿＿＿□＿
＿＿□□□□□□□□
＿＿□□□□□＿□□
＿□□□□□□＿□□
＿□□□□□□＿□□
＿□□□□□□＿□＿
□□□□□□□＿□□
□□□□□□□□□＿
□□□□□□□□＿□
□□□＿□□□□□□
□＿□□□□□□□□
□＿□□□□□□□□
00:27:58(50360f):field(50359f)
＿＿＿＿＿＿＿＿＿＿
＿＿＿＿＿＿＿＿＿＿
＿＿＿＿＿＿＿＿＿＿
＿＿＿＿＿＿＿＿＿＿
＿＿□＿＿＿＿＿＿＿
＿＿□□□＿＿＿＿＿
＿□□□□■＿＿＿＿
□□□□□■＿＿＿＿
□□□□■■＿＿□＿
＿＿□□□□□□□□
＿＿□□□□□＿□□
＿□□□□□□＿□□
＿□□□□□□＿□□
＿□□□□□□＿□＿
□□□□□□□＿□□
□□□□□□□□□＿
□□□□□□□□＿□
□□□＿□□□□□□
□＿□□□□□□□□
□＿□□□□□□□□
00:27:59(50371f):field(50370f)
＿＿＿＿＿＿＿＿＿＿
＿＿＿＿＿＿＿＿＿＿
＿＿＿＿＿＿＿＿＿＿
＿＿＿＿＿＿＿＿＿＿
＿＿□＿＿＿＿＿＿＿
＿＿□□□＿＿＿＿＿
＿□□□□□＿＿＿■
□□□□□□＿＿■■
□□□□□□＿＿□■
＿＿□□□□□□□□
＿＿□□□□□＿□□
＿□□□□□□＿□□
＿□□□□□□＿□□
＿□□□□□□＿□＿
□□□□□□□＿□□
□□□□□□□□□＿
□□□□□□□□＿□
□□□＿□□□□□□
□＿□□□□□□□□
□＿□□□□□□□□
00:27:59(50385f):field(50384f)
＿＿＿＿＿＿＿＿＿＿
＿＿＿＿＿＿＿＿＿＿
＿＿＿＿＿＿＿＿＿＿
＿＿＿＿＿＿＿＿＿＿
＿＿□＿＿＿＿＿＿■
＿＿□□□＿＿＿■■
＿□□□□□＿＿■□
□□□□□□＿＿□□
□□□□□□＿＿□□
＿＿□□□□□□□□
＿＿□□□□□＿□□
＿□□□□□□＿□□
＿□□□□□□＿□□
＿□□□□□□＿□＿
□□□□□□□＿□□
□□□□□□□□□＿
□□□□□□□□＿□
□□□＿□□□□□□
□＿□□□□□□□□
□＿□□□□□□□□
00:27:59(50398f):field(50397f)
＿＿＿＿＿＿＿＿＿＿
＿＿＿＿＿＿＿＿＿＿
＿＿＿＿＿＿＿＿＿＿
＿＿＿＿＿＿＿＿＿＿
＿＿◆＿＿＿＿＿＿◆
＿＿□◆◆＿＿＿◆□
＿◆□□□◆＿＿□□
◆□□□□□■■□□
□□□□□□■＿□□
■＿□□□□□□□□
＿＿□□□□□＿□□
＿□□□□□□＿□□
＿□□□□□□＿□□
＿□□□□□□＿□＿
□□□□□□□＿□□
□□□□□□□□□＿
□□□□□□□□＿□
□□□＿□□□□□□
□＿□□□□□□□□
□＿□□□□□□□□
00:28:00(50409f):field(50408f)
＿＿＿＿＿＿＿＿＿＿
＿＿＿＿＿＿＿＿＿＿
＿＿＿＿＿＿＿＿＿＿
＿＿＿＿＿＿＿＿＿＿
＿＿＿＿＿＿＿＿＿＿
＿＿□＿＿■■＿＿□
＿＿□□□■■＿□□
＿□□□□□□◆□□
□□□□□□□■□□
◆＿□□□□□□□□
＿＿□□□□□＿□□
＿□□□□□□＿□□
＿□□□□□□＿□□
＿□□□□□□＿□＿
□□□□□□□＿□□
□□□□□□□□□＿
□□□□□□□□＿□
□□□＿□□□□□□
□＿□□□□□□□□
□＿□□□□□□□□
00:28:00(50419f):field(50418f)
＿＿＿＿＿＿＿＿＿＿
＿＿＿＿＿＿＿＿＿＿
＿＿＿＿＿＿＿＿＿＿
＿＿＿＿■＿＿＿＿＿
＿＿＿＿■＿＿＿＿＿
＿＿□■■□□＿＿□
＿＿□□□□□＿□□
＿□□□□□□＿□□
□□□□□□□◆□□
＿＿□□□□□□□□
＿＿□□□□□＿□□
＿□□□□□□＿□□
＿□□□□□□＿□□
＿□□□□□□＿□＿
□□□□□□□＿□□
□□□□□□□□□＿
□□□□□□□□＿□
□□□＿□□□□□□
□＿□□□□□□□□
□＿□□□□□□□□
00:28:01(50433f):field(50432f)
＿＿＿＿＿＿＿＿＿＿
＿＿＿＿＿＿＿＿＿＿
＿＿＿＿＿＿＿＿＿＿
＿＿＿＿□＿＿＿＿＿
＿＿＿＿□■■■■＿
＿＿□□□□□＿＿□
＿＿□□□□□＿□□
＿□□□□□□＿□□
□□□□□□□＿□□
＿＿□□□□□□□□
＿＿□□□□□＿□□
＿□□□□□□＿□□
＿□□□□□□＿□□
＿□□□□□□＿□＿
□□□□□□□＿□□
□□□□□□□□□＿
□□□□□□□□＿□
□□□＿□□□□□□
□＿□□□□□□□□
□＿□□□□□□□□
00:28:01(50447f):field(50446f)
＿＿＿＿＿＿＿＿＿＿
＿＿＿＿＿＿＿＿＿＿
＿＿＿＿＿＿＿＿■＿
＿＿＿＿□＿＿＿■■
＿＿＿＿□□□□□■
＿＿□□□□□＿＿□
＿＿□□□□□＿□□
＿□□□□□□＿□□
□□□□□□□＿□□
＿＿□□□□□□□□
＿＿□□□□□＿□□
＿□□□□□□＿□□
＿□□□□□□＿□□
＿□□□□□□＿□＿
□□□□□□□＿□□
□□□□□□□□□＿
□□□□□□□□＿□
□□□＿□□□□□□
□＿□□□□□□□□
□＿□□□□□□□□
00:28:01(50457f):field(50456f)
＿＿＿＿＿＿＿＿＿＿
＿＿＿＿＿＿＿＿＿＿
＿＿＿＿＿＿＿＿□＿
＿＿＿＿□＿＿＿□□
＿＿＿＿□□□□□□
■＿□□□□□＿＿□
■■□□□□□＿□□
■□□□□□□＿□□
□□□□□□□＿□□
＿＿□□□□□□□□
＿＿□□□□□＿□□
＿□□□□□□＿□□
＿□□□□□□＿□□
＿□□□□□□＿□＿
□□□□□□□＿□□
□□□□□□□□□＿
□□□□□□□□＿□
□□□＿□□□□□□
□＿□□□□□□□□
□＿□□□□□□□□
00:28:02(50469f):field(50468f)
＿＿＿＿＿＿＿＿＿＿
＿＿＿＿＿＿＿＿＿＿
＿＿＿＿＿＿＿＿□＿
＿＿■＿□＿＿＿□□
＿■■＿□□□□□□
□■□□□□□＿＿□
□□□□□□□＿□□
□□□□□□□＿□□
□□□□□□□＿□□
＿＿□□□□□□□□
＿＿□□□□□＿□□
＿□□□□□□＿□□
＿□□□□□□＿□□
＿□□□□□□＿□＿
□□□□□□□＿□□
□□□□□□□□□＿
□□□□□□□□＿□
□□□＿□□□□□□
□＿□□□□□□□□
□＿□□□□□□□□
00:28:02(50483f):field(50482f)
＿＿＿＿＿＿＿＿＿＿
＿＿＿＿＿＿＿＿＿＿
＿＿＿＿＿＿■■□＿
＿＿□＿□＿■■□□
＿□□＿□□□□□□
□□□□□□□＿＿□
□□□□□□□＿□□
□□□□□□□＿□□
□□□□□□□＿□□
＿＿□□□□□□□□
＿＿□□□□□＿□□
＿□□□□□□＿□□
＿□□□□□□＿□□
＿□□□□□□＿□＿
□□□□□□□＿□□
□□□□□□□□□＿
□□□□□□□□＿□
□□□＿□□□□□□
□＿□□□□□□□□
□＿□□□□□□□□
00:28:03(50493f):field(50492f)
＿＿＿＿＿＿＿＿＿＿
＿＿＿＿＿＿＿＿＿＿
＿＿■■＿＿□□□＿
＿＿□■□＿□□□□
＿□□■□□□□□□
□□□□□□□＿＿□
□□□□□□□＿□□
□□□□□□□＿□□
□□□□□□□＿□□
＿＿□□□□□□□□
＿＿□□□□□＿□□
＿□□□□□□＿□□
＿□□□□□□＿□□
＿□□□□□□＿□＿
□□□□□□□＿□□
□□□□□□□□□＿
□□□□□□□□＿□
□□□＿□□□□□□
□＿□□□□□□□□
□＿□□□□□□□□
00:28:03(50504f):field(50503f)
＿＿＿＿＿■＿＿＿＿
＿＿＿＿＿■＿＿＿＿
＿＿□□＿■□□□＿
＿＿□□□■□□□□
＿□□□□□□□□□
□□□□□□□＿＿□
□□□□□□□＿□□
□□□□□□□＿□□
□□□□□□□＿□□
＿＿□□□□□□□□
＿＿□□□□□＿□□
＿□□□□□□＿□□
＿□□□□□□＿□□
＿□□□□□□＿□＿
□□□□□□□＿□□
□□□□□□□□□＿
□□□□□□□□＿□
□□□＿□□□□□□
□＿□□□□□□□□
□＿□□□□□□□□
00:28:06(50592f):game end
