01:13:16(131897f):game start
01:13:18(131950f):field(131949f)
＿＿＿＿＿＿＿＿＿＿
＿＿＿＿＿＿＿＿＿＿
＿＿＿＿＿＿＿＿＿＿
＿＿＿＿＿＿＿＿＿＿
＿＿＿＿＿＿＿＿＿＿
＿＿＿＿＿＿＿＿＿＿
＿＿＿＿＿＿＿＿＿＿
＿＿＿＿＿＿＿＿＿＿
＿＿＿＿＿＿＿＿＿＿
＿＿＿＿＿＿＿＿＿＿
＿＿＿＿＿＿＿＿＿＿
＿＿＿＿＿＿＿＿＿＿
＿＿＿＿＿＿＿＿＿＿
＿＿＿＿＿＿＿＿＿＿
＿＿＿＿＿＿＿＿＿＿
＿＿＿＿＿＿＿＿＿＿
＿＿＿＿＿＿＿＿＿＿
＿＿＿＿＿＿＿＿＿＿
＿＿＿＿＿＿＿＿＿＿
＿＿＿■■■■＿＿＿
01:13:18(131963f):field(131962f)
＿＿＿＿＿＿＿＿＿＿
＿＿＿＿＿＿＿＿＿＿
＿＿＿＿＿＿＿＿＿＿
＿＿＿＿＿＿＿＿＿＿
＿＿＿＿＿＿＿＿＿＿
＿＿＿＿＿＿＿＿＿＿
＿＿＿＿＿＿＿＿＿＿
＿＿＿＿＿＿＿＿＿＿
＿＿＿＿＿＿＿＿＿＿
＿＿＿＿＿＿＿＿＿＿
＿＿＿＿＿＿＿＿＿＿
＿＿＿＿＿＿＿＿＿＿
＿＿＿＿＿＿＿＿＿＿
＿＿＿＿＿＿＿＿＿＿
＿＿＿＿＿＿＿＿＿＿
＿＿＿＿＿＿＿＿＿＿
＿＿＿＿＿＿＿＿＿＿
＿＿＿＿＿＿＿＿＿＿
＿■＿＿＿＿＿＿＿＿
■■■□□□□＿＿＿
01:13:19(131976f):field(131975f)
＿＿＿＿＿＿＿＿＿＿
＿＿＿＿＿＿＿＿＿＿
＿＿＿＿＿＿＿＿＿＿
＿＿＿＿＿＿＿＿＿＿
＿＿＿＿＿＿＿＿＿＿
＿＿＿＿＿＿＿＿＿＿
＿＿＿＿＿＿＿＿＿＿
＿＿＿＿＿＿＿＿＿＿
＿＿＿＿＿＿＿＿＿＿
＿＿＿＿＿＿＿＿＿＿
＿＿＿＿＿＿＿＿＿＿
＿＿＿＿＿＿＿＿＿＿
＿＿＿＿＿＿＿＿＿＿
＿＿＿＿＿＿＿＿＿＿
＿＿＿＿＿＿＿＿＿＿
＿＿＿＿＿＿＿＿＿＿
＿＿＿＿＿＿＿＿＿＿
＿＿＿＿■＿＿＿＿＿
＿□■■■＿＿＿＿＿
□□□□□□□＿＿＿
01:13:19(131988f):field(131987f)
＿＿＿＿＿＿＿＿＿＿
＿＿＿＿＿＿＿＿＿＿
＿＿＿＿＿＿＿＿＿＿
＿＿＿＿＿＿＿＿＿＿
＿＿＿＿＿＿＿＿＿＿
＿＿＿＿＿＿＿＿＿＿
＿＿＿＿＿＿＿＿＿＿
＿＿＿＿＿＿＿＿＿＿
＿＿＿＿＿＿＿＿＿＿
＿＿＿＿＿＿＿＿＿＿
＿＿＿＿＿＿＿＿＿＿
＿＿＿＿＿＿＿＿＿＿
＿＿＿＿＿＿＿＿＿＿
＿＿＿＿＿＿＿＿＿＿
＿＿＿＿＿＿＿＿＿＿
＿＿＿＿＿＿＿＿＿＿
＿＿＿■■＿＿＿＿＿
＿＿■■□＿＿＿＿＿
＿□□□□＿＿＿＿＿
□□□□□□□＿＿＿
01:13:20(132003f):field(132002f)
＿＿＿＿＿＿＿＿＿＿
＿＿＿＿＿＿＿＿＿＿
＿＿＿＿＿＿＿＿＿＿
＿＿＿＿＿＿＿＿＿＿
＿＿＿＿＿＿＿＿＿＿
＿＿＿＿＿＿＿＿＿＿
＿＿＿＿＿＿＿＿＿＿
＿＿＿＿＿＿＿＿＿＿
＿＿＿＿＿＿＿＿＿＿
＿＿＿＿＿＿＿＿＿＿
＿＿＿＿＿＿＿＿＿＿
＿＿＿＿＿＿＿＿＿＿
＿＿＿＿＿＿＿＿＿＿
＿＿＿＿＿＿＿＿＿＿
＿＿＿＿＿＿＿＿＿＿
＿＿＿＿＿＿＿＿＿＿
＿■＿□□＿＿＿＿＿
■■□□□＿＿＿＿＿
■□□□□＿＿＿＿＿
□□□□□□□＿＿＿
01:13:20(132015f):field(132014f)
＿＿＿＿＿＿＿＿＿＿
＿＿＿＿＿＿＿＿＿＿
＿＿＿＿＿＿＿＿＿＿
＿＿＿＿＿＿＿＿＿＿
＿＿＿＿＿＿＿＿＿＿
＿＿＿＿＿＿＿＿＿＿
＿＿＿＿＿＿＿＿＿＿
＿＿＿＿＿＿＿＿＿＿
＿＿＿＿＿＿＿＿＿＿
＿＿＿＿＿＿＿＿＿＿
＿＿＿＿＿＿＿＿＿＿
＿＿＿＿＿＿＿＿＿＿
＿＿＿＿＿＿＿＿＿＿
＿＿＿＿＿＿＿＿＿＿
＿＿＿＿＿＿＿＿＿＿
＿＿＿＿＿■＿＿＿＿
＿□＿□□■＿＿＿＿
□□□□□■＿＿＿＿
□□□□□■＿＿＿＿
□□□□□□□＿＿＿
01:13:20(132029f):field(132028f)
＿＿＿＿＿＿＿＿＿＿
＿＿＿＿＿＿＿＿＿＿
＿＿＿＿＿＿＿＿＿＿
＿＿＿＿＿＿＿＿＿＿
＿＿＿＿＿＿＿＿＿＿
＿＿＿＿＿＿＿＿＿＿
＿＿＿＿＿＿＿＿＿＿
＿＿＿＿＿＿＿＿＿＿
＿＿＿＿＿＿＿＿＿＿
＿＿＿＿＿＿＿＿＿＿
＿＿＿＿＿＿＿＿＿＿
＿＿＿＿＿＿＿＿＿＿
＿＿＿＿＿＿＿＿＿＿
＿＿＿＿＿＿＿＿＿＿
＿＿＿＿＿＿＿＿＿＿
＿＿＿＿＿□＿＿＿＿
＿□＿□□□＿＿＿＿
□□□□□□＿＿＿＿
□□□□□□＿■■＿
□□□□□□□■■＿
01:13:21(132043f):field(132042f)
＿＿＿＿＿＿＿＿＿＿
＿＿＿＿＿＿＿＿＿＿
＿＿＿＿＿＿＿＿＿＿
＿＿＿＿＿＿＿＿＿＿
＿＿＿＿＿＿＿＿＿＿
＿＿＿＿＿＿＿＿＿＿
＿＿＿＿＿＿＿＿＿＿
＿＿＿＿＿＿＿＿＿＿
＿＿＿＿＿＿＿＿＿＿
＿＿＿＿＿＿＿＿＿＿
＿＿＿＿＿＿＿＿＿＿
＿＿＿＿＿＿＿＿＿＿
＿＿＿＿＿＿＿＿＿＿
＿＿＿＿■＿＿＿＿＿
＿＿＿＿■＿＿＿＿＿
＿＿＿■■□＿＿＿＿
＿□＿□□□＿＿＿＿
□□□□□□＿＿＿＿
□□□□□□＿□□＿
□□□□□□□□□＿
01:13:21(132056f):field(132055f)
＿＿＿＿＿＿＿＿＿＿
＿＿＿＿＿＿＿＿＿＿
＿＿＿＿＿＿＿＿＿＿
＿＿＿＿＿＿＿＿＿＿
＿＿＿＿＿＿＿＿＿＿
＿＿＿＿＿＿＿＿＿＿
＿＿＿＿＿＿＿＿＿＿
＿＿＿＿＿＿＿＿＿＿
＿＿＿＿＿＿＿＿＿＿
＿＿＿＿＿＿＿＿＿＿
＿＿＿＿＿＿＿＿＿＿
＿＿＿＿＿＿＿＿＿＿
＿＿＿＿＿＿＿＿＿＿
＿＿＿＿□＿＿＿＿＿
＿＿＿＿□＿＿＿＿＿
＿＿＿□□□＿＿＿＿
＿□＿□□□■＿＿＿
□□□□□□■■＿＿
□□□□□□■□□＿
□□□□□□□□□＿
01:13:22(132074f):field(132073f)
＿＿＿＿＿＿＿＿＿＿
＿＿＿＿＿＿＿＿＿＿
＿＿＿＿＿＿＿＿＿＿
＿＿＿＿＿＿＿＿＿＿
＿＿＿＿＿＿＿＿＿＿
＿＿＿＿＿＿＿＿＿＿
＿＿＿＿＿＿＿＿＿＿
＿＿＿＿＿＿＿＿＿＿
＿＿＿＿＿＿＿＿＿＿
＿＿＿＿＿＿＿＿＿＿
＿＿＿＿＿＿＿＿＿＿
＿＿＿＿＿＿＿＿＿＿
＿＿＿＿＿＿＿＿＿＿
＿＿＿＿□＿＿＿＿＿
■■＿＿□＿＿＿＿＿
＿■■□□□＿＿＿＿
＿□＿□□□□＿＿＿
□□□□□□□□＿＿
□□□□□□□□□＿
□□□□□□□□□＿
01:13:22(132087f):field(132086f)
＿＿＿＿＿＿＿＿＿＿
＿＿＿＿＿＿＿＿＿＿
＿＿＿＿＿＿＿＿＿＿
＿＿＿＿＿＿＿＿＿＿
＿＿＿＿＿＿＿＿＿＿
＿＿＿＿＿＿＿＿＿＿
＿＿＿＿＿＿＿＿＿＿
＿＿＿＿＿＿＿＿＿＿
＿＿＿＿＿＿＿＿＿＿
＿＿＿＿＿＿＿＿＿＿
＿＿＿＿＿＿＿＿＿＿
＿＿＿＿＿＿＿＿＿＿
＿＿＿＿■■＿＿＿＿
＿＿＿＿□■＿＿＿＿
□□＿＿□■＿＿＿＿
＿□□□□□＿＿＿＿
＿□＿□□□□＿＿＿
□□□□□□□□＿＿
□□□□□□□□□＿
□□□□□□□□□＿
01:13:23(132102f):field(132101f)
＿＿＿＿＿＿＿＿＿＿
＿＿＿＿＿＿＿＿＿＿
＿＿＿＿＿＿＿＿＿＿
＿＿＿＿＿＿＿＿＿＿
＿＿＿＿＿＿＿＿＿＿
＿＿＿＿＿＿＿＿＿＿
＿＿＿＿＿＿＿＿＿＿
＿＿＿＿＿＿＿＿＿＿
＿＿＿＿＿＿＿＿＿＿
＿＿＿＿＿＿＿＿＿＿
＿＿＿＿＿＿＿＿＿＿
＿＿＿＿＿＿＿＿＿＿
＿＿＿＿◆◆＿＿＿＿
＿＿＿＿◆◆＿＿＿＿
◆◆＿＿□□＿＿＿＿
＿◆◆◆□□＿＿＿＿
■□＿◆□□◆＿＿＿
◆□□□□□◆◆＿＿
◆□◆□□□□◆◆■
□□□□□□□□◆■
01:13:24(132132f):field(132131f)
＿＿＿＿＿＿＿＿＿＿
＿＿＿＿＿＿＿＿＿＿
＿＿＿＿＿＿＿＿＿＿
＿＿＿＿＿＿＿＿＿＿
＿＿＿＿＿＿＿＿＿＿
＿＿＿＿＿＿＿＿＿＿
＿＿＿＿＿＿＿＿＿＿
＿＿＿＿＿＿＿＿＿＿
＿＿＿＿＿＿＿＿＿＿
＿＿＿＿＿＿＿＿＿＿
＿＿＿＿＿＿＿＿＿＿
＿＿＿＿＿＿＿＿＿＿
＿＿＿＿＿＿＿＿＿＿
＿＿＿＿＿＿＿＿＿＿
＿＿＿＿◆◆＿＿＿＿
＿＿＿＿□□＿＿＿＿
◆◆＿＿□□＿＿＿■
■□◆◆□□＿＿＿■
＿□■□□□◆■■□
◆□◆□□□□□■□
01:13:24(132148f):field(132147f)
＿＿＿＿＿＿＿＿＿＿
＿＿＿＿＿＿＿＿＿＿
＿＿＿＿＿＿＿＿＿＿
＿＿＿＿＿＿＿＿＿＿
＿＿＿＿＿＿＿＿＿＿
＿＿＿＿＿＿＿＿＿＿
＿＿＿＿＿＿＿＿＿＿
＿＿＿＿＿＿＿＿＿＿
＿＿＿＿＿＿＿＿＿＿
＿＿＿＿＿＿＿＿＿＿
＿＿＿＿＿＿＿＿＿＿
＿＿＿＿＿＿＿＿＿＿
＿＿＿＿＿＿＿＿＿＿
＿＿＿＿＿＿＿＿＿＿
＿＿＿＿＿＿＿＿＿＿
＿＿＿■□□＿＿＿＿
＿＿＿■□□＿＿＿□
□□■■□□＿＿＿□
＿□□□□□＿□□□
＿□＿□□□□□□□
01:13:25(132160f):field(132159f)
＿＿＿＿＿＿＿＿＿＿
＿＿＿＿＿＿＿＿＿＿
＿＿＿＿＿＿＿＿＿＿
＿＿＿＿＿＿＿＿＿＿
＿＿＿＿＿＿＿＿＿＿
＿＿＿＿＿＿＿＿＿＿
＿＿＿＿＿＿＿＿＿＿
＿＿＿＿＿＿＿＿＿＿
＿＿＿＿＿＿＿＿＿＿
＿＿＿＿＿＿＿＿＿＿
＿＿＿＿＿＿＿＿＿＿
＿＿＿＿＿＿＿＿＿＿
＿＿＿＿＿＿＿＿＿＿
＿＿＿＿＿＿＿＿＿＿
＿＿＿＿＿＿＿＿＿＿
＿＿＿□□□＿＿＿＿
＿＿＿□□□＿■＿□
□□□□□□■■＿□
＿□□□□□■□□□
＿□＿□□□□□□□
01:13:26(132185f):field(132184f)
＿＿＿＿＿＿＿＿＿＿
＿＿＿＿＿＿＿＿＿＿
＿＿＿＿＿＿＿＿＿＿
＿＿＿＿＿＿＿＿＿＿
＿＿＿＿＿＿＿＿＿＿
＿＿＿＿＿＿＿＿＿＿
＿＿＿＿＿＿＿＿＿＿
＿＿＿＿＿＿＿＿＿＿
＿＿＿＿＿＿＿＿＿＿
＿＿＿＿＿＿＿＿＿＿
＿＿＿＿＿＿＿＿＿＿
＿＿＿＿＿＿＿＿＿＿
＿＿＿＿＿＿＿＿＿＿
＿＿＿＿＿＿＿＿＿＿
＿＿＿＿＿＿＿＿＿＿
＿＿＿◆◆◆＿＿＿■
＿＿＿□□□＿□■◆
◆◆◆□□□◆□■□
＿□□□□□□□□□
＿□＿□□□□□□□
01:13:26(132197f):field(132196f)
＿＿＿＿＿＿＿＿＿＿
＿＿＿＿＿＿＿＿＿＿
＿＿＿＿＿＿＿＿＿＿
＿＿＿＿＿＿＿＿＿＿
＿＿＿＿＿＿＿＿＿＿
＿＿＿＿＿＿＿＿＿＿
＿＿＿＿＿＿＿＿＿＿
＿＿＿＿＿＿＿＿＿＿
＿＿＿＿＿＿＿＿＿＿
＿＿＿＿＿＿＿＿＿＿
＿＿＿＿＿＿＿＿＿＿
＿＿＿＿＿＿＿＿＿＿
＿＿＿＿＿＿＿＿＿＿
＿＿＿＿＿＿＿＿＿＿
＿＿＿■■＿＿＿＿＿
＿＿＿■■＿＿＿＿◆
＿＿＿□□□＿□□＿
＿＿＿□□□＿□□□
＿□□□□□□□□□
＿□＿□□□□□□□
01:13:27(132211f):field(132210f)
＿＿＿＿＿＿＿＿＿＿
＿＿＿＿＿＿＿＿＿＿
＿＿＿＿＿＿＿＿＿＿
＿＿＿＿＿＿＿＿＿＿
＿＿＿＿＿＿＿＿＿＿
＿＿＿＿＿＿＿＿＿＿
＿＿＿＿＿＿＿＿＿＿
＿＿＿＿＿＿＿＿＿＿
＿＿＿＿＿＿＿＿＿＿
＿＿＿＿＿＿＿＿＿＿
＿＿＿＿＿＿＿＿＿＿
＿＿＿＿＿＿＿＿＿＿
＿＿＿＿＿＿＿＿＿＿
＿＿＿＿＿＿＿＿＿＿
＿＿＿□□■＿＿＿＿
＿＿＿□□■■＿＿＿
＿＿＿□□□■□□＿
＿＿＿□□□＿□□□
＿□□□□□□□□□
＿□＿□□□□□□□
01:13:27(132228f):field(132227f)
＿＿＿＿＿＿＿＿＿＿
＿＿＿＿＿＿＿＿＿＿
＿＿＿＿＿＿＿＿＿＿
＿＿＿＿＿＿＿＿＿＿
＿＿＿＿＿＿＿＿＿＿
＿＿＿＿＿＿＿＿＿＿
＿＿＿＿＿＿＿＿＿＿
＿＿＿＿＿＿＿＿＿＿
＿＿＿＿＿＿＿＿＿＿
＿＿＿＿＿＿＿＿＿＿
＿＿＿＿＿＿＿＿＿＿
＿＿＿＿＿＿＿＿＿＿
＿＿＿＿＿＿＿＿＿＿
＿＿＿＿＿＿＿＿＿＿
＿＿＿◆◆◆＿＿＿＿
＿＿＿□□□◆＿＿＿
＿＿＿□□□□◆◆＿
■＿＿□□□■□□◆
■◆◆□□□□□□□
■□＿□□□□□□□
01:13:28(132243f):field(132242f)
＿＿＿＿＿＿＿＿＿＿
＿＿＿＿＿＿＿＿＿＿
＿＿＿＿＿＿＿＿＿＿
＿＿＿＿＿＿＿＿＿＿
＿＿＿＿＿＿＿＿＿＿
＿＿＿＿＿＿＿＿＿＿
＿＿＿＿＿＿＿＿＿＿
＿＿＿＿＿＿＿＿＿＿
＿＿＿＿＿＿＿＿＿＿
＿＿＿＿＿＿＿＿＿＿
＿＿＿＿＿＿＿＿＿＿
＿＿＿＿＿＿＿＿＿＿
＿＿＿＿＿＿＿＿＿＿
＿＿＿＿＿＿＿＿＿＿
＿＿＿＿＿＿＿＿＿＿
＿＿＿□□□■■＿＿
＿＿＿□□□□■■＿
□＿＿□□□□□□＿
□＿＿□□□◆□□□
□□＿□□□□□□□
01:13:28(132259f):field(132258f)
＿＿＿＿＿＿＿＿＿＿
＿＿＿＿＿＿＿＿＿＿
＿＿＿＿＿＿＿＿＿＿
＿＿＿＿＿＿＿＿＿＿
＿＿＿＿＿＿＿＿＿＿
＿＿＿＿＿＿＿＿＿＿
＿＿＿＿＿＿＿＿＿＿
＿＿＿＿＿＿＿＿＿＿
＿＿＿＿＿＿＿＿＿＿
＿＿＿＿＿＿＿＿＿＿
＿＿＿＿＿＿＿＿＿＿
＿＿＿＿＿＿＿＿＿＿
＿＿＿＿＿＿＿＿＿＿
＿＿＿＿＿＿＿＿＿＿
＿＿＿＿＿＿＿＿＿＿
＿＿＿◆◆◆◆◆＿＿
＿＿＿□□□□□◆＿
◆＿＿□□□□□□＿
□＿■□□□■□□◆
□□■□□□◆□□□
01:13:29(132270f):field(132269f)
＿＿＿＿＿＿＿＿＿＿
＿＿＿＿＿＿＿＿＿＿
＿＿＿＿＿＿＿＿＿＿
＿＿＿＿＿＿＿＿＿＿
＿＿＿＿＿＿＿＿＿＿
＿＿＿＿＿＿＿＿＿＿
＿＿＿＿＿＿＿＿＿＿
＿＿＿＿＿＿＿＿＿＿
＿＿＿＿＿＿＿＿＿＿
＿＿＿＿＿＿＿＿＿＿
＿＿＿＿＿＿＿＿＿＿
＿＿＿＿＿＿＿＿＿＿
＿＿＿＿＿＿＿＿＿＿
＿＿＿＿＿＿＿＿＿＿
＿＿＿■＿＿＿＿＿＿
＿＿＿■■■＿＿＿＿
＿＿＿□□□□□＿＿
＿＿＿□□□□□□＿
□＿□□□□□□□＿
□□□□□□＿□□□
01:13:29(132286f):field(132285f)
＿＿＿＿＿＿＿＿＿＿
＿＿＿＿＿＿＿＿＿＿
＿＿＿＿＿＿＿＿＿＿
＿＿＿＿＿＿＿＿＿＿
＿＿＿＿＿＿＿＿＿＿
＿＿＿＿＿＿＿＿＿＿
＿＿＿＿＿＿＿＿＿＿
＿＿＿＿＿＿＿＿＿＿
＿＿＿＿＿＿＿＿＿＿
＿＿＿＿＿＿＿＿＿＿
＿＿＿＿＿＿＿＿＿＿
＿＿＿＿＿＿＿＿＿＿
＿＿＿＿＿＿＿＿＿＿
＿＿＿＿＿＿＿＿＿＿
＿＿＿□＿＿＿＿＿＿
＿＿＿□□□＿＿＿＿
■＿＿□□□□□＿＿
■■＿□□□□□□＿
□■□□□□□□□＿
□□□□□□＿□□□
01:13:30(132302f):field(132301f)
＿＿＿＿＿＿＿＿＿＿
＿＿＿＿＿＿＿＿＿＿
＿＿＿＿＿＿＿＿＿＿
＿＿＿＿＿＿＿＿＿＿
＿＿＿＿＿＿＿＿＿＿
＿＿＿＿＿＿＿＿＿＿
＿＿＿＿＿＿＿＿＿＿
＿＿＿＿＿＿＿＿＿＿
＿＿＿＿＿＿＿＿＿＿
＿＿＿＿＿＿＿＿＿＿
＿＿＿＿＿＿＿＿＿＿
＿＿＿＿＿＿＿＿＿＿
＿＿＿＿＿＿＿＿＿＿
＿＿＿＿＿＿＿＿＿＿
＿＿■□＿＿＿＿＿＿
＿＿■□□□＿＿＿＿
□＿■□□□□□＿＿
□□■□□□□□□＿
□□□□□□□□□＿
□□□□□□＿□□□
01:13:30(132314f):field(132313f)
＿＿＿＿＿＿＿＿＿＿
＿＿＿＿＿＿＿＿＿＿
＿＿＿＿＿＿＿＿＿＿
＿＿＿＿＿＿＿＿＿＿
＿＿＿＿＿＿＿＿＿＿
＿＿＿＿＿＿＿＿＿＿
＿＿＿＿＿＿＿＿＿＿
＿＿＿＿＿＿＿＿＿＿
＿＿＿＿＿＿＿＿＿＿
＿＿＿＿＿＿＿＿＿＿
＿＿＿＿＿＿＿＿＿＿
＿＿＿＿＿＿＿＿＿＿
＿＿＿＿＿＿＿＿＿＿
＿＿＿＿■■＿＿＿＿
＿＿□□■■＿＿＿＿
＿＿□□□□＿＿＿＿
□＿□□□□□□＿＿
□□□□□□□□□＿
□□□□□□□□□＿
□□□□□□＿□□□
01:13:31(132331f):field(132330f)
＿＿＿＿＿＿＿＿＿＿
＿＿＿＿＿＿＿＿＿＿
＿＿＿＿＿＿＿＿＿＿
＿＿＿＿＿＿＿＿＿＿
＿＿＿＿＿＿＿＿＿＿
＿＿＿＿＿＿＿＿＿＿
＿＿＿＿＿＿＿＿＿＿
＿＿＿＿＿＿＿＿＿＿
＿＿＿＿＿＿＿＿＿＿
＿＿＿＿＿＿＿＿＿＿
＿＿＿＿＿＿＿＿＿＿
＿＿＿＿＿＿＿＿＿＿
＿＿＿＿＿＿＿＿＿＿
＿＿＿＿□□＿＿＿＿
＿■□□□□＿＿＿＿
■■□□□□＿＿＿＿
□■□□□□□□＿＿
□□□□□□□□□＿
□□□□□□□□□＿
□□□□□□＿□□□
01:13:31(132343f):field(132342f)
＿＿＿＿＿＿＿＿＿＿
＿＿＿＿＿＿＿＿＿＿
＿＿＿＿＿＿＿＿＿＿
＿＿＿＿＿＿＿＿＿＿
＿＿＿＿＿＿＿＿＿＿
＿＿＿＿＿＿＿＿＿＿
＿＿＿＿＿＿＿＿＿＿
＿＿＿＿＿＿＿＿＿＿
＿＿＿＿＿＿＿＿＿＿
＿＿＿＿＿＿＿＿＿＿
＿＿＿＿＿＿＿＿＿＿
＿＿＿＿＿＿＿＿＿＿
＿■＿＿＿＿＿＿＿＿
■■＿＿□□＿＿＿＿
■□□□□□＿＿＿＿
□□□□□□＿＿＿＿
□□□□□□□□＿＿
□□□□□□□□□＿
□□□□□□□□□＿
□□□□□□＿□□□
01:13:31(132356f):field(132355f)
＿＿＿＿＿＿＿＿＿＿
＿＿＿＿＿＿＿＿＿＿
＿＿＿＿＿＿＿＿＿＿
＿＿＿＿＿＿＿＿＿＿
＿＿＿＿＿＿＿＿＿＿
＿＿＿＿＿＿＿＿＿＿
＿＿＿＿＿＿＿＿＿＿
＿＿＿＿＿＿＿＿＿＿
＿＿＿＿＿＿＿＿＿＿
＿＿＿＿＿＿＿＿＿＿
＿＿＿＿＿＿＿＿＿＿
＿＿■＿＿＿＿＿＿＿
＿□■＿＿＿＿＿＿＿
□□■■□□＿＿＿＿
□□□□□□＿＿＿＿
□□□□□□＿＿＿＿
□□□□□□□□＿＿
□□□□□□□□□＿
□□□□□□□□□＿
□□□□□□＿□□□
01:13:32(132373f):field(132372f)
＿＿＿＿＿＿＿＿＿＿
＿＿＿＿＿＿＿＿＿＿
＿＿＿＿＿＿＿＿＿＿
＿＿＿＿＿＿＿＿＿＿
＿＿＿＿＿＿＿＿＿＿
＿＿＿＿＿＿＿＿＿＿
＿＿＿＿＿＿＿＿＿＿
＿＿＿＿＿＿＿＿＿＿
＿＿＿＿＿＿＿＿＿＿
＿＿＿＿＿＿＿＿＿＿
＿＿＿＿＿＿＿＿＿＿
＿＿◆＿＿＿＿＿＿＿
＿◆□＿＿＿＿＿＿＿
◆□□◆◆◆＿＿＿＿
□□□□□□＿＿＿＿
□□□□□□＿＿＿＿
□□□□□□□□＿＿
□□□□□□□□□＿
□□□□□□□□□＿
□□□□□□＿□□□
01:13:32(132385f):field(132384f)
＿＿＿＿＿＿＿＿＿＿
＿＿＿＿＿＿＿＿＿＿
＿＿＿＿＿＿＿＿＿＿
＿＿＿＿＿＿＿＿＿＿
＿＿＿＿＿＿＿＿＿＿
＿＿＿＿＿＿＿＿＿＿
＿＿＿＿＿＿＿＿＿＿
＿＿＿＿＿＿＿＿＿＿
＿＿＿＿＿＿＿＿＿＿
＿＿＿＿＿＿＿＿＿＿
＿＿＿＿＿＿＿＿＿＿
＿＿＿＿＿＿＿＿＿＿
＿＿□■■＿＿＿＿＿
＿□□■■＿＿＿＿＿
□□□□□□＿＿＿＿
□□□□□□＿＿＿＿
□□□□□□□□＿＿
□□□□□□□□□＿
□□□□□□□□□＿
□□□□□□＿□□□
01:13:33(132398f):field(132397f)
＿＿＿＿＿＿＿＿＿＿
＿＿＿＿＿＿＿＿＿＿
＿＿＿＿＿＿＿＿＿＿
＿＿＿＿＿＿＿＿＿＿
＿＿＿＿＿＿＿＿＿＿
＿＿＿＿＿＿＿＿＿＿
＿＿＿＿＿＿＿＿＿＿
＿＿＿＿＿＿＿＿＿＿
＿＿＿＿＿＿＿＿＿＿
＿＿＿＿＿＿＿＿＿＿
＿＿＿＿＿＿＿＿＿＿
＿＿＿＿＿＿＿＿＿＿
＿＿□□□＿＿＿＿＿
＿□□□□＿＿＿＿＿
□□□□□□＿＿＿＿
□□□□□□■■■＿
□□□□□□□□■＿
□□□□□□□□□＿
□□□□□□□□□＿
□□□□□□＿□□□
01:13:33(132412f):field(132411f)
＿＿＿＿＿＿＿＿＿＿
＿＿＿＿＿＿＿＿＿＿
＿＿＿＿＿＿＿＿＿＿
＿＿＿＿＿＿＿＿＿＿
＿＿＿＿＿＿＿＿＿＿
＿＿＿＿＿＿＿＿＿＿
＿＿＿＿＿＿＿＿＿＿
＿＿＿＿＿＿＿＿＿＿
＿＿＿＿＿＿＿＿＿＿
＿＿＿＿＿＿＿＿＿＿
＿＿＿＿＿＿＿＿＿＿
■＿＿＿＿＿＿＿＿＿
■■□□□＿＿＿＿＿
■□□□□＿＿＿＿＿
□□□□□□＿＿＿＿
□□□□□□□□□＿
□□□□□□□□□＿
□□□□□□□□□＿
□□□□□□□□□＿
□□□□□□＿□□□
01:13:34(132424f):field(132423f)
＿＿＿＿＿＿＿＿＿＿
＿＿＿＿＿＿＿＿＿＿
＿＿＿＿＿＿＿＿＿＿
＿＿＿＿＿＿＿＿＿＿
＿＿＿＿＿＿＿＿＿＿
＿＿＿＿＿＿＿＿＿＿
＿＿＿＿＿＿＿＿＿＿
＿＿＿＿＿＿＿＿＿＿
＿＿＿＿＿＿＿＿＿＿
■＿＿＿＿＿＿＿＿＿
■■＿＿＿＿＿＿＿＿
□■＿＿＿＿＿＿＿＿
□□□□□＿＿＿＿＿
□□□□□＿＿＿＿＿
□□□□□□＿＿＿＿
□□□□□□□□□＿
□□□□□□□□□＿
□□□□□□□□□＿
□□□□□□□□□＿
□□□□□□＿□□□
01:13:34(132437f):field(132436f)
＿＿＿＿＿＿＿＿＿＿
＿＿＿＿＿＿＿＿＿＿
＿＿＿＿＿＿＿＿＿＿
＿＿＿＿＿＿＿＿＿＿
＿＿＿＿＿＿＿＿＿＿
＿＿＿＿＿＿＿＿＿＿
＿＿＿＿＿＿＿＿＿＿
＿＿＿＿＿＿＿＿＿＿
＿＿＿＿＿＿＿＿＿＿
□＿＿＿＿＿＿＿＿＿
□□＿＿＿＿＿＿＿＿
□□＿＿＿＿＿＿＿＿
□□□□□＿＿＿＿＿
□□□□□■■＿＿＿
□□□□□□■■＿＿
□□□□□□□□□＿
□□□□□□□□□＿
□□□□□□□□□＿
□□□□□□□□□＿
□□□□□□＿□□□
01:13:35(132450f):field(132449f)
＿＿＿＿＿＿＿＿＿＿
＿＿＿＿＿＿＿＿＿＿
＿＿＿＿＿＿＿＿＿＿
＿＿＿＿＿＿＿＿＿＿
＿＿＿＿＿＿＿＿＿＿
＿＿＿＿＿＿＿＿＿＿
＿＿＿＿＿＿＿＿＿＿
＿＿＿＿＿＿＿＿＿＿
＿＿＿＿＿＿＿＿＿＿
□＿＿＿＿＿＿＿＿＿
□□＿＿■＿＿＿＿＿
□□■■■＿＿＿＿＿
□□□□□＿＿＿＿＿
□□□□□□□＿＿＿
□□□□□□□□＿＿
□□□□□□□□□＿
□□□□□□□□□＿
□□□□□□□□□＿
□□□□□□□□□＿
□□□□□□＿□□□
01:13:35(132462f):field(132461f)
＿＿＿＿＿＿＿＿＿＿
＿＿＿＿＿＿＿＿＿＿
＿＿＿＿＿＿＿＿＿＿
＿＿＿＿＿＿＿＿＿＿
＿＿＿＿＿＿＿＿＿＿
＿＿＿＿＿＿＿＿＿＿
＿＿＿＿＿＿＿＿＿＿
＿＿＿＿＿＿＿＿＿＿
＿＿＿＿＿＿＿＿＿＿
□＿＿＿＿＿＿＿＿＿
□□＿＿□＿＿＿＿＿
□□□□□■■＿＿＿
□□□□□■■＿＿＿
□□□□□□□＿＿＿
□□□□□□□□＿＿
□□□□□□□□□＿
□□□□□□□□□＿
□□□□□□□□□＿
□□□□□□□□□＿
□□□□□□＿□□□
01:13:36(132496f):field(132495f)
＿＿＿＿＿＿＿＿＿＿
＿＿＿＿＿＿＿＿＿＿
＿＿＿＿＿＿＿＿＿＿
＿＿＿＿＿＿＿＿＿＿
＿＿＿＿＿＿＿＿＿＿
＿＿＿＿＿＿＿＿＿＿
＿＿＿＿＿＿＿＿＿＿
＿＿＿＿＿＿＿＿＿＿
＿＿＿＿＿＿＿＿＿＿
◆＿＿＿＿＿＿＿＿＿
◆◆＿＿◆＿＿＿＿＿
◆◆◆◆◆◆◆＿＿＿
◆◆◆◆◆◆◆＿＿＿
◆◆◆◆◆◆◆＿＿＿
□◆◆◆◆◆◆◆＿＿
□□◆◆□◆◆◆◆■
□□□□□□□◆◆＿
□□□□□□□◆◆＿
□□□□□□□□□＿
□□□□□□＿□□□
01:13:37(132511f):field(132510f)
＿＿＿＿＿＿＿＿＿＿
＿＿＿＿＿＿＿＿＿＿
＿＿＿＿＿＿＿＿＿＿
＿＿＿＿＿＿＿＿＿＿
＿＿＿＿＿＿＿＿＿＿
＿＿＿＿＿＿＿＿＿＿
＿＿＿＿＿＿＿＿＿＿
＿＿＿＿＿＿＿＿＿＿
＿＿＿＿＿＿＿＿＿＿
＿＿＿＿＿＿＿＿＿＿
＿＿＿＿＿＿＿＿＿＿
＿＿＿＿＿＿＿＿＿＿
＿＿＿＿＿＿＿＿＿＿
＿＿＿＿＿＿＿＿＿＿
◆＿＿＿＿＿＿＿＿＿
□◆＿＿◆＿＿＿＿◆
□□◆◆□◆◆＿＿＿
□□□□□□□＿＿■
□□□□□□□◆□■
□□□□□□＿□□□
01:13:37(132528f):field(132527f)
＿＿＿＿＿＿＿＿＿＿
＿＿＿＿＿＿＿＿＿＿
＿＿＿＿＿＿＿＿＿＿
＿＿＿＿＿＿＿＿＿＿
＿＿＿＿＿＿＿＿＿＿
＿＿＿＿＿＿＿＿＿＿
＿＿＿＿＿＿＿＿＿＿
＿＿＿＿＿＿＿＿＿＿
＿＿＿＿＿＿＿＿＿＿
＿＿＿＿＿＿＿＿＿＿
＿＿＿＿＿＿＿＿＿＿
＿＿＿＿＿＿＿＿＿＿
＿＿＿＿＿＿＿＿＿＿
＿＿＿＿＿＿＿＿＿＿
＿＿＿＿＿＿＿＿＿＿
◆＿＿＿＿＿＿＿＿＿
□◆＿＿□＿＿＿＿＿
□□□◆□◆□■＿◆
□□□□□□□■□□
□□□□□□＿□□□
01:13:37(132539f):field(132538f)
＿＿＿＿＿＿＿＿＿＿
＿＿＿＿＿＿＿＿＿＿
＿＿＿＿＿＿＿＿＿＿
＿＿＿＿＿＿＿＿＿＿
＿＿＿＿＿＿＿＿＿＿
＿＿＿＿＿＿＿＿＿＿
＿＿＿＿＿＿＿＿＿＿
＿＿＿＿＿＿＿＿＿＿
＿＿＿＿＿＿＿＿＿＿
＿＿＿＿＿＿＿＿＿＿
＿＿＿＿＿＿＿＿＿＿
＿＿＿＿＿＿＿＿＿＿
＿＿＿＿＿＿＿＿＿＿
＿＿＿＿＿＿＿＿＿＿
＿＿＿＿＿＿＿＿＿＿
＿＿＿■＿＿＿＿＿＿
□＿＿■◆＿＿＿＿＿
□□□■□＿□□＿＿
□□□□□□□□◆□
□□□□□□＿□□□
01:13:38(132558f):field(132557f)
＿＿＿＿＿＿＿＿＿＿
＿＿＿＿＿＿＿＿＿＿
＿＿＿＿＿＿＿＿＿＿
＿＿＿＿＿＿＿＿＿＿
＿＿＿＿＿＿＿＿＿＿
＿＿＿＿＿＿＿＿＿＿
＿＿＿＿＿＿＿＿＿＿
＿＿＿＿＿＿＿＿＿＿
＿＿＿＿＿＿＿＿＿＿
＿＿＿＿＿＿＿＿＿＿
＿＿＿＿＿＿＿＿＿＿
＿＿＿＿＿＿＿＿＿＿
＿＿＿＿＿＿＿＿＿＿
＿＿＿＿＿＿＿＿＿＿
＿＿＿＿＿＿＿＿＿＿
＿＿＿◆＿＿＿＿＿＿
◆＿＿□＿＿＿＿■＿
□◆◆□◆＿□◆■＿
□□□□□◆□□■◆
□□□□□□＿□□□
01:13:39(132570f):field(132569f)
＿＿＿＿＿＿＿＿＿＿
＿＿＿＿＿＿＿＿＿＿
＿＿＿＿＿＿＿＿＿＿
＿＿＿＿＿＿＿＿＿＿
＿＿＿＿＿＿＿＿＿＿
＿＿＿＿＿＿＿＿＿＿
＿＿＿＿＿＿＿＿＿＿
＿＿＿＿＿＿＿＿＿＿
＿＿＿＿＿＿＿＿＿＿
＿＿＿＿＿＿＿＿＿＿
＿＿＿＿＿＿＿＿＿＿
＿＿＿＿＿＿＿＿＿＿
＿＿＿＿＿＿＿＿＿＿
＿＿＿＿＿＿＿＿＿＿
＿＿＿＿＿＿＿＿＿＿
＿＿＿＿＿＿＿＿＿＿
＿＿＿□■＿＿＿□＿
□＿＿□■■◆＿□＿
□□□□□■□□□＿
□□□□□□＿□□□
01:13:39(132584f):field(132583f)
＿＿＿＿＿＿＿＿＿＿
＿＿＿＿＿＿＿＿＿＿
＿＿＿＿＿＿＿＿＿＿
＿＿＿＿＿＿＿＿＿＿
＿＿＿＿＿＿＿＿＿＿
＿＿＿＿＿＿＿＿＿＿
＿＿＿＿＿＿＿＿＿＿
＿＿＿＿＿＿＿＿＿＿
＿＿＿＿＿＿＿＿＿＿
＿＿＿＿＿＿＿＿＿＿
＿＿＿＿＿＿＿＿＿＿
＿＿＿＿＿＿＿＿＿＿
＿＿＿＿＿＿＿＿＿＿
＿＿＿＿＿＿＿＿＿＿
■＿＿＿＿＿＿＿＿＿
■＿＿＿＿＿＿＿＿＿
■■＿□□＿＿＿□＿
□＿＿□□□＿＿□＿
□□□□□□□□□＿
□□□□□□＿□□□
01:13:40(132600f):field(132599f)
＿＿＿＿＿＿＿＿＿＿
＿＿＿＿＿＿＿＿＿＿
＿＿＿＿＿＿＿＿＿＿
＿＿＿＿＿＿＿＿＿＿
＿＿＿＿＿＿＿＿＿＿
＿＿＿＿＿＿＿＿＿＿
＿＿＿＿＿＿＿＿＿＿
＿＿＿＿＿＿＿＿＿＿
＿＿＿＿＿＿＿＿＿＿
＿＿＿＿＿＿＿＿＿＿
＿＿＿＿＿＿＿＿＿＿
＿＿＿＿＿＿＿＿＿＿
＿＿＿＿＿＿＿＿＿＿
＿＿＿＿＿＿＿＿＿＿
□＿＿＿＿＿＿＿＿＿
□■■■＿＿＿＿＿＿
□□■□□＿＿＿□＿
□＿＿□□□＿＿□＿
□□□□□□□□□＿
□□□□□□＿□□□
01:13:40(132612f):field(132611f)
＿＿＿＿＿＿＿＿＿＿
＿＿＿＿＿＿＿＿＿＿
＿＿＿＿＿＿＿＿＿＿
＿＿＿＿＿＿＿＿＿＿
＿＿＿＿＿＿＿＿＿＿
＿＿＿＿＿＿＿＿＿＿
＿＿＿＿＿＿＿＿＿＿
＿＿＿＿＿＿＿＿＿＿
＿＿＿＿＿＿＿＿＿＿
＿＿＿＿＿＿＿＿＿＿
＿＿＿＿＿＿＿＿＿＿
＿＿＿＿＿＿＿＿＿＿
＿＿＿＿＿＿＿＿＿＿
＿＿＿＿＿＿＿＿＿＿
□＿■■■＿＿＿＿＿
□□□□■＿＿＿＿＿
□□□□□＿＿＿□＿
□＿＿□□□＿＿□＿
□□□□□□□□□＿
□□□□□□＿□□□
01:13:40(132625f):field(132624f)
＿＿＿＿＿＿＿＿＿＿
＿＿＿＿＿＿＿＿＿＿
＿＿＿＿＿＿＿＿＿＿
＿＿＿＿＿＿＿＿＿＿
＿＿＿＿＿＿＿＿＿＿
＿＿＿＿＿＿＿＿＿＿
＿＿＿＿＿＿＿＿＿＿
＿＿＿＿＿＿＿＿＿＿
＿＿＿＿＿＿＿＿＿＿
＿＿＿＿＿＿＿＿＿＿
＿＿＿＿＿＿＿＿＿＿
＿＿＿＿＿＿＿＿＿＿
＿＿＿＿＿＿＿＿＿＿
＿＿＿＿＿＿＿＿＿＿
□＿□□□＿＿＿＿＿
□□□□□＿＿＿＿＿
□□□□□＿■■□＿
□＿＿□□□■■□＿
□□□□□□□□□＿
□□□□□□＿□□□
01:13:41(132637f):field(132636f)
＿＿＿＿＿＿＿＿＿＿
＿＿＿＿＿＿＿＿＿＿
＿＿＿＿＿＿＿＿＿＿
＿＿＿＿＿＿＿＿＿＿
＿＿＿＿＿＿＿＿＿＿
＿＿＿＿＿＿＿＿＿＿
＿＿＿＿＿＿＿＿＿＿
＿＿＿＿＿＿＿＿＿＿
＿＿＿＿＿＿＿＿＿＿
＿＿＿＿＿＿＿＿＿＿
＿＿＿＿＿＿＿＿＿＿
＿＿＿＿＿＿＿＿＿＿
＿＿＿＿＿＿＿＿＿＿
＿＿＿＿＿＿＿＿＿＿
□＿□□□＿■＿＿＿
□□□□□■■＿＿＿
□□□□□■□□□＿
□＿＿□□□□□□＿
□□□□□□□□□＿
□□□□□□＿□□□
01:13:41(132652f):field(132651f)
＿＿＿＿＿＿＿＿＿＿
＿＿＿＿＿＿＿＿＿＿
＿＿＿＿＿＿＿＿＿＿
＿＿＿＿＿＿＿＿＿＿
＿＿＿＿＿＿＿＿＿＿
＿＿＿＿＿＿＿＿＿＿
＿＿＿＿＿＿＿＿＿＿
＿＿＿＿＿＿＿＿＿＿
＿＿＿＿＿＿＿＿＿＿
＿＿＿＿＿＿＿＿＿＿
＿＿＿＿＿＿＿＿＿＿
＿＿＿＿＿＿＿＿＿＿
＿＿＿＿＿＿＿＿＿＿
＿＿＿＿＿＿＿■＿＿
□＿□□□＿□■＿＿
□□□□□□□■■＿
□□□□□□□□□＿
□＿＿□□□□□□＿
□□□□□□□□□＿
□□□□□□＿□□□
01:13:42(132664f):field(132663f)
＿＿＿＿＿＿＿＿＿＿
＿＿＿＿＿＿＿＿＿＿
＿＿＿＿＿＿＿＿＿＿
＿＿＿＿＿＿＿＿＿＿
＿＿＿＿＿＿＿＿＿＿
＿＿＿＿＿＿＿＿＿＿
＿＿＿＿＿＿＿＿＿＿
＿＿＿＿＿＿＿＿＿＿
＿＿＿＿＿＿＿＿＿＿
＿＿＿＿＿＿＿＿＿＿
＿＿＿＿＿＿＿＿＿＿
＿＿＿＿＿＿＿＿＿＿
■＿＿＿＿＿＿＿＿＿
■■＿＿＿＿＿□＿＿
□■□□□＿□□＿＿
□□□□□□□□□＿
□□□□□□□□□＿
□＿＿□□□□□□＿
□□□□□□□□□＿
□□□□□□＿□□□
01:13:42(132685f):field(132684f)
＿＿＿＿＿＿＿＿＿＿
＿＿＿＿＿＿＿＿＿＿
＿＿＿＿＿＿＿＿＿＿
＿＿＿＿＿＿＿＿＿＿
＿＿＿＿＿＿＿＿＿＿
＿＿＿＿＿＿＿＿＿＿
＿＿＿＿＿＿＿＿＿＿
＿＿＿＿＿＿＿＿＿＿
＿＿＿＿＿＿＿＿＿＿
＿＿＿＿＿＿＿＿＿＿
＿＿＿＿＿＿＿＿＿＿
＿＿＿＿＿＿＿＿＿＿
◆＿＿＿＿＿＿＿＿＿
◆◆＿＿＿＿＿◆＿＿
◆◆◆□◆＿◆◆＿＿
□□□◆◆◆◆□◆■
□□◆◆◆◆◆□□＿
□■■□□□□□◆＿
□◆◆□□□□□□■
□□□□□□＿□□□
01:13:43(132699f):field(132698f)
＿＿＿＿＿＿＿＿＿＿
＿＿＿＿＿＿＿＿＿＿
＿＿＿＿＿＿＿＿＿＿
＿＿＿＿＿＿＿＿＿＿
＿＿＿＿＿＿＿＿＿＿
＿＿＿＿＿＿＿＿＿＿
＿＿＿＿＿＿＿＿＿＿
＿＿＿＿＿＿＿＿＿＿
＿＿＿＿＿＿＿＿＿＿
＿＿＿＿＿＿＿＿＿＿
＿＿＿＿＿＿＿＿＿＿
＿＿＿＿＿＿＿＿＿＿
＿＿＿＿＿＿＿＿＿＿
＿＿＿＿＿＿＿＿＿＿
＿＿＿◆＿＿＿＿＿＿
□◆◆＿＿＿＿◆＿◆
□□＿＿■■■□◆＿
□□□□□□□□＿＿
□＿＿□□□□□□□
□□□□□□＿□□□
01:13:43(132711f):field(132710f)
＿＿＿＿＿＿＿＿＿＿
＿＿＿＿＿＿＿＿＿＿
＿＿＿＿＿＿＿＿＿＿
＿＿＿＿＿＿＿＿＿＿
＿＿＿＿＿＿＿＿＿＿
＿＿＿＿＿＿＿＿＿＿
＿＿＿＿＿＿＿＿＿＿
＿＿＿＿＿＿＿＿＿＿
＿＿＿＿＿＿＿＿＿＿
＿＿＿＿＿＿＿＿＿＿
＿＿＿＿＿＿＿＿＿＿
＿＿＿＿＿＿＿＿＿＿
＿＿＿＿＿＿＿＿＿＿
＿＿＿＿＿＿＿＿＿＿
＿＿＿＿■＿＿＿＿＿
□＿＿■■＿＿＿＿＿
□□＿■□□□□＿＿
□□□□□□□□＿＿
□＿＿□□□□□□□
□□□□□□＿□□□
01:13:44(132725f):field(132724f)
＿＿＿＿＿＿＿＿＿＿
＿＿＿＿＿＿＿＿＿＿
＿＿＿＿＿＿＿＿＿＿
＿＿＿＿＿＿＿＿＿＿
＿＿＿＿＿＿＿＿＿＿
＿＿＿＿＿＿＿＿＿＿
＿＿＿＿＿＿＿＿＿＿
＿＿＿＿＿＿＿＿＿＿
＿＿＿＿＿＿＿＿＿＿
＿＿＿＿＿＿＿＿＿＿
＿＿＿＿＿＿＿＿＿＿
＿＿＿＿＿＿＿＿＿＿
＿＿＿＿＿＿＿＿＿＿
＿＿＿＿＿＿＿＿＿＿
＿＿＿＿□■■＿＿＿
□＿＿□□■■＿＿＿
□□＿□□□□□＿＿
□□□□□□□□＿＿
□＿＿□□□□□□□
□□□□□□＿□□□
01:13:44(132736f):field(132735f)
＿＿＿＿＿＿＿＿＿＿
＿＿＿＿＿＿＿＿＿＿
＿＿＿＿＿＿＿＿＿＿
＿＿＿＿＿＿＿＿＿＿
＿＿＿＿＿＿＿＿＿＿
＿＿＿＿＿＿＿＿＿＿
＿＿＿＿＿＿＿＿＿＿
＿＿＿＿＿＿＿＿＿＿
＿＿＿＿＿＿＿＿＿＿
＿＿＿＿＿＿＿＿＿＿
＿＿＿＿＿＿＿＿＿＿
＿＿＿＿＿＿＿＿＿＿
＿＿＿＿＿＿＿＿＿＿
＿＿＿＿＿＿＿＿＿＿
＿＿■■□□□＿＿＿
□＿■□□□□＿＿＿
□□■□□□□□＿＿
□□□□□□□□＿＿
□＿＿□□□□□□□
□□□□□□＿□□□
01:13:45(132753f):field(132752f)
＿＿＿＿＿＿＿＿＿＿
＿＿＿＿＿＿＿＿＿＿
＿＿＿＿＿＿＿＿＿＿
＿＿＿＿＿＿＿＿＿＿
＿＿＿＿＿＿＿＿＿＿
＿＿＿＿＿＿＿＿＿＿
＿＿＿＿＿＿＿＿＿＿
＿＿＿＿＿＿＿＿＿＿
＿＿＿＿＿＿＿＿＿＿
＿＿＿＿＿＿＿＿＿＿
＿＿＿＿＿＿＿＿＿＿
＿＿＿＿＿＿＿＿＿＿
＿＿＿＿＿＿＿＿＿＿
■＿＿＿＿＿＿＿＿＿
■■□□□□□＿＿＿
□■□□□□□＿＿＿
□□□□□□□□＿＿
□□□□□□□□＿＿
□＿＿□□□□□□□
□□□□□□＿□□□
01:13:45(132765f):field(132764f)
＿＿＿＿＿＿＿＿＿＿
＿＿＿＿＿＿＿＿＿＿
＿＿＿＿＿＿＿＿＿＿
＿＿＿＿＿＿＿＿＿＿
＿＿＿＿＿＿＿＿＿＿
＿＿＿＿＿＿＿＿＿＿
＿＿＿＿＿＿＿＿＿＿
＿＿＿＿＿＿＿＿＿＿
＿＿＿＿＿＿＿＿＿＿
＿＿＿＿＿＿＿＿＿＿
＿＿＿＿＿＿＿＿＿＿
＿■＿＿＿＿＿＿＿＿
＿■■＿＿＿＿＿＿＿
□■＿＿＿＿＿＿＿＿
□□□□□□□＿＿＿
□□□□□□□＿＿＿
□□□□□□□□＿＿
□□□□□□□□＿＿
□＿＿□□□□□□□
□□□□□□＿□□□
01:13:46(132780f):field(132779f)
＿＿＿＿＿＿＿＿＿＿
＿＿＿＿＿＿＿＿＿＿
＿＿＿＿＿＿＿＿＿＿
＿＿＿＿＿＿＿＿＿＿
＿＿＿＿＿＿＿＿＿＿
＿＿＿＿＿＿＿＿＿＿
＿＿＿＿＿＿＿＿＿＿
＿＿＿＿＿＿＿＿＿＿
＿＿＿＿＿＿＿＿＿＿
＿＿＿＿＿＿＿＿＿＿
＿＿＿＿＿＿＿＿＿＿
＿□＿＿＿＿＿＿＿＿
＿□□＿＿＿＿＿＿＿
□□＿＿＿＿＿＿＿＿
□□□□□□□＿＿＿
□□□□□□□■■＿
□□□□□□□□■＿
□□□□□□□□■＿
□＿＿□□□□□□□
□□□□□□＿□□□
01:13:46(132798f):field(132797f)
＿＿＿＿＿＿＿＿＿＿
＿＿＿＿＿＿＿＿＿＿
＿＿＿＿＿＿＿＿＿＿
＿＿＿＿＿＿＿＿＿＿
＿＿＿＿＿＿＿＿＿＿
＿＿＿＿＿＿＿＿＿＿
＿＿＿＿＿＿＿＿＿＿
＿＿＿＿＿＿＿＿＿＿
＿＿＿＿＿＿＿＿＿＿
＿＿＿＿＿＿＿＿＿＿
＿＿＿＿＿＿＿＿＿＿
＿□＿＿＿＿＿＿＿＿
＿□□＿＿＿＿＿＿＿
□□＿＿＿＿■■＿＿
□□□□□□□■■＿
□□□□□□□□□＿
□□□□□□□□□＿
□□□□□□□□□＿
□＿＿□□□□□□□
□□□□□□＿□□□
01:13:47(132811f):field(132810f)
＿＿＿＿＿＿＿＿＿＿
＿＿＿＿＿＿＿＿＿＿
＿＿＿＿＿＿＿＿＿＿
＿＿＿＿＿＿＿＿＿＿
＿＿＿＿＿＿＿＿＿＿
＿＿＿＿＿＿＿＿＿＿
＿＿＿＿＿＿＿＿＿＿
＿＿＿＿＿＿＿＿＿＿
＿＿＿＿＿＿＿＿＿＿
＿＿＿＿＿＿＿＿＿＿
＿＿＿＿＿＿＿＿＿＿
＿□＿＿＿＿＿＿＿＿
＿□□■■■■＿＿＿
□□＿＿＿＿□□＿＿
□□□□□□□□□＿
□□□□□□□□□＿
□□□□□□□□□＿
□□□□□□□□□＿
□＿＿□□□□□□□
□□□□□□＿□□□
01:13:47(132828f):field(132827f)
＿＿＿＿＿＿＿＿＿＿
＿＿＿＿＿＿＿＿＿＿
＿＿＿＿＿＿＿＿＿＿
＿＿＿＿＿＿＿＿＿＿
＿＿＿＿＿＿＿＿＿＿
＿＿＿＿＿＿＿＿＿＿
＿＿＿＿＿＿＿＿＿＿
＿＿＿＿＿＿＿＿＿＿
＿＿＿＿＿＿＿＿＿＿
＿＿＿＿＿＿＿＿＿＿
＿＿＿＿＿＿＿＿＿＿
＿◆＿＿＿＿＿＿＿＿
＿□◆◆◆◆◆＿＿＿
◆□■■■■□◆■＿
□□◆◆◆◆□□□■
□□□□□□□□□＿
□□□□□□□□□＿
□□□□□□□□□＿
□＿＿□□□□□□□
□□□□□□＿□□□
01:13:48(132844f):field(132843f)
＿＿＿＿＿＿＿＿＿＿
＿＿＿＿＿＿＿＿＿＿
＿＿＿＿＿＿＿＿＿＿
＿＿＿＿＿＿＿＿＿＿
＿＿＿＿＿＿＿＿＿＿
＿＿＿＿＿＿＿＿＿＿
＿＿＿＿＿＿＿＿＿＿
＿＿＿＿＿＿＿＿＿＿
＿＿＿＿＿＿＿＿＿＿
＿＿＿＿＿＿＿＿＿＿
＿＿＿＿＿＿＿＿＿＿
＿＿＿＿＿＿＿＿＿＿
＿□＿＿＿■■■＿＿
＿□□□□□□■□＿
□□＿＿＿＿□□□□
□□□□□□□□□＿
□□□□□□□□□＿
□□□□□□□□□＿
□＿＿□□□□□□□
□□□□□□＿□□□
01:13:48(132857f):field(132856f)
＿＿＿＿＿＿＿＿＿＿
＿＿＿＿＿＿＿＿＿＿
＿＿＿＿＿＿＿＿＿＿
＿＿＿＿＿＿＿＿＿＿
＿＿＿＿＿＿＿＿＿＿
＿＿＿＿＿＿＿＿＿＿
＿＿＿＿＿＿＿＿＿＿
＿＿＿＿＿＿＿＿＿＿
＿＿＿＿＿＿＿＿＿＿
＿＿＿＿＿＿＿＿＿＿
＿＿＿＿＿＿＿＿＿＿
＿＿■■＿＿＿＿＿＿
＿□■■＿□□□＿＿
＿□□□□□□□□＿
□□＿＿＿＿□□□□
□□□□□□□□□＿
□□□□□□□□□＿
□□□□□□□□□＿
□＿＿□□□□□□□
□□□□□□＿□□□
01:13:48(132869f):field(132868f)
＿＿＿＿＿＿＿＿＿＿
＿＿＿＿＿＿＿＿＿＿
＿＿＿＿＿＿＿＿＿＿
＿＿＿＿＿＿＿＿＿＿
＿＿＿＿＿＿＿＿＿＿
＿＿＿＿＿＿＿＿＿＿
＿＿＿＿＿＿＿＿＿＿
＿＿＿＿＿＿＿＿＿＿
＿＿＿＿＿＿＿＿＿＿
＿＿＿＿＿＿＿＿＿＿
＿＿＿＿＿＿＿＿＿＿
＿＿□□■■■＿＿＿
＿□□□■□□□＿＿
＿□□□□□□□□＿
□□＿＿＿＿□□□□
□□□□□□□□□＿
□□□□□□□□□＿
□□□□□□□□□＿
□＿＿□□□□□□□
□□□□□□＿□□□
01:13:49(132884f):field(132883f)
＿＿＿＿＿＿＿＿＿＿
＿＿＿＿＿＿＿＿＿＿
＿＿＿＿＿＿＿＿＿＿
＿＿＿＿＿＿＿＿＿＿
＿＿＿＿＿＿＿＿＿＿
＿＿＿＿＿＿＿＿＿＿
＿＿＿＿＿＿＿＿＿＿
＿＿＿＿＿＿＿＿＿＿
＿＿＿＿＿＿＿＿＿＿
＿＿＿＿＿＿＿＿＿＿
＿＿＿＿＿＿＿＿＿＿
＿＿□□□□□■■＿
＿□□□□□□□■■
＿□□□□□□□□＿
□□＿＿＿＿□□□□
□□□□□□□□□＿
□□□□□□□□□＿
□□□□□□□□□＿
□＿＿□□□□□□□
□□□□□□＿□□□
01:13:49(132896f):field(132895f)
＿＿＿＿＿＿＿＿＿＿
＿＿＿＿＿＿＿＿＿＿
＿＿＿＿＿＿＿＿＿＿
＿＿＿＿＿＿＿＿＿＿
＿＿＿＿＿＿＿＿＿＿
＿＿＿＿＿＿＿＿＿＿
＿＿＿＿＿＿＿＿＿＿
＿＿＿＿＿＿＿＿＿＿
＿＿＿＿＿＿＿＿＿＿
＿＿＿＿＿■＿＿＿＿
＿＿＿＿■■■＿＿＿
＿＿□□□□□□□＿
＿□□□□□□□□□
＿□□□□□□□□＿
□□＿＿＿＿□□□□
□□□□□□□□□＿
□□□□□□□□□＿
□□□□□□□□□＿
□＿＿□□□□□□□
□□□□□□＿□□□
01:13:50(132914f):field(132913f)
＿＿＿＿＿＿＿＿＿＿
＿＿＿＿＿＿＿＿＿＿
＿＿＿＿＿＿＿＿＿＿
＿＿＿＿＿＿＿＿＿＿
＿＿＿＿＿＿＿＿＿＿
＿＿＿＿＿＿＿＿＿＿
＿＿＿＿＿＿＿＿＿＿
＿＿＿＿＿＿＿＿＿＿
＿＿＿＿＿＿＿＿＿＿
＿＿＿＿＿◆＿＿＿＿
＿＿＿＿◆□◆＿＿＿
■＿◆◆□□□◆◆＿
■◆□□□□□□□◆
■□□□□□□□□＿
□□＿＿＿＿□□□□
□□□□□□□□□＿
□□□□□□□□□＿
□□□□□□□□□＿
□＿＿□□□□□□□
□□□□□□＿□□□
01:13:51(132933f):field(132932f)
＿＿＿＿＿＿＿＿＿＿
＿＿＿＿＿＿＿＿＿＿
＿＿＿＿＿＿＿＿＿＿
＿＿＿＿＿＿＿＿＿＿
＿＿＿＿＿＿＿＿＿＿
＿＿＿＿＿＿＿＿＿＿
＿＿＿＿＿＿＿＿＿＿
＿＿＿＿＿＿＿＿＿＿
＿＿＿＿＿＿＿＿＿＿
＿＿＿＿＿＿＿＿＿＿
＿＿■■＿□＿＿＿＿
□＿■■□□□＿＿＿
□＿□□□□□□□＿
□□□□□□□□□＿
□□＿＿＿＿□□□□
□□□□□□□□□＿
□□□□□□□□□＿
□□□□□□□□□＿
□＿＿□□□□□□□
□□□□□□＿□□□
01:13:51(132945f):field(132944f)
＿＿＿＿＿＿＿＿＿＿
＿＿＿＿＿＿＿＿＿＿
＿＿＿＿＿＿＿＿＿＿
＿＿＿＿＿＿＿＿＿＿
＿＿＿＿＿＿＿＿＿＿
＿＿＿＿＿＿＿＿＿＿
＿＿＿＿＿＿＿＿＿＿
＿＿＿＿＿＿＿＿＿＿
＿＿＿＿＿＿＿＿＿＿
＿＿■■■＿＿＿＿＿
＿＿□□■□＿＿＿＿
□＿□□□□□＿＿＿
□＿□□□□□□□＿
□□□□□□□□□＿
□□＿＿＿＿□□□□
□□□□□□□□□＿
□□□□□□□□□＿
□□□□□□□□□＿
□＿＿□□□□□□□
□□□□□□＿□□□
01:13:52(132961f):field(132960f)
＿＿＿＿＿＿＿＿＿＿
＿＿＿＿＿＿＿＿＿＿
＿＿＿＿＿＿＿＿＿＿
＿＿＿＿＿＿＿＿＿＿
＿＿＿＿＿＿＿＿＿＿
＿＿＿＿＿＿＿＿＿＿
＿＿＿＿＿＿＿＿＿＿
＿＿＿＿＿＿＿＿＿＿
＿＿＿＿＿＿＿＿＿＿
＿＿□□□＿＿■＿＿
＿＿□□□□＿■■＿
□＿□□□□□＿■＿
□＿□□□□□□□＿
□□□□□□□□□＿
□□＿＿＿＿□□□□
□□□□□□□□□＿
□□□□□□□□□＿
□□□□□□□□□＿
□＿＿□□□□□□□
□□□□□□＿□□□
01:13:52(132975f):field(132974f)
＿＿＿＿＿＿＿＿＿＿
＿＿＿＿＿＿＿＿＿＿
＿＿＿＿＿＿＿＿＿＿
＿＿＿＿＿＿＿＿＿＿
＿＿＿＿＿＿＿＿＿＿
＿＿＿＿＿＿＿＿＿＿
＿＿＿＿＿＿＿＿＿＿
＿＿＿＿＿＿＿＿＿＿
＿＿＿＿■■＿＿＿＿
＿＿□□□■■□＿＿
＿＿□□□□＿□□＿
□＿□□□□□＿□＿
□＿□□□□□□□＿
□□□□□□□□□＿
□□＿＿＿＿□□□□
□□□□□□□□□＿
□□□□□□□□□＿
□□□□□□□□□＿
□＿＿□□□□□□□
□□□□□□＿□□□
01:13:52(132989f):field(132988f)
＿＿＿＿＿＿＿＿＿＿
＿＿＿＿＿＿＿＿＿＿
＿＿＿＿＿＿＿＿＿＿
＿＿＿＿＿＿＿＿＿＿
＿＿＿＿＿＿＿＿＿＿
＿＿＿＿＿＿＿＿＿＿
＿＿＿＿＿＿＿＿＿＿
＿＿＿＿＿＿＿＿＿＿
＿＿＿＿□□＿＿＿＿
＿＿□□□□□□＿＿
■■□□□□＿□□＿
□■□□□□□＿□＿
□■□□□□□□□＿
□□□□□□□□□＿
□□＿＿＿＿□□□□
□□□□□□□□□＿
□□□□□□□□□＿
□□□□□□□□□＿
□＿＿□□□□□□□
□□□□□□＿□□□
01:13:53(133002f):field(133001f)
＿＿＿＿＿＿＿＿＿＿
＿＿＿＿＿＿＿＿＿＿
＿＿＿＿＿＿＿＿＿＿
＿＿＿＿＿＿＿＿＿＿
＿＿＿＿＿＿＿＿＿＿
＿＿＿＿＿＿＿＿＿＿
＿＿＿＿＿＿＿＿＿＿
＿＿＿＿＿＿＿＿＿＿
＿＿＿＿□□＿＿＿■
＿＿□□□□□□■■
□□□□□□＿□□■
□□□□□□□＿□＿
□□□□□□□□□＿
□□□□□□□□□＿
□□＿＿＿＿□□□□
□□□□□□□□□＿
□□□□□□□□□＿
□□□□□□□□□＿
□＿＿□□□□□□□
□□□□□□＿□□□
01:13:53(133015f):field(133014f)
＿＿＿＿＿＿＿＿＿＿
＿＿＿＿＿＿＿＿＿＿
＿＿＿＿＿＿＿＿＿＿
＿＿＿＿＿＿＿＿＿＿
＿＿＿＿＿＿＿＿＿＿
＿＿＿＿＿＿＿＿＿＿
■＿＿＿＿＿＿＿＿＿
■＿＿＿＿＿＿＿＿＿
■＿＿＿□□＿＿＿□
■＿□□□□□□□□
□□□□□□＿□□□
□□□□□□□＿□＿
□□□□□□□□□＿
□□□□□□□□□＿
□□＿＿＿＿□□□□
□□□□□□□□□＿
□□□□□□□□□＿
□□□□□□□□□＿
□＿＿□□□□□□□
□□□□□□＿□□□
01:13:54(133028f):field(133027f)
＿＿＿＿＿＿＿＿＿＿
＿＿＿＿＿＿＿＿＿＿
＿＿＿＿＿＿＿＿＿＿
＿＿＿＿＿＿＿＿＿＿
＿＿＿＿＿＿＿＿＿＿
＿＿＿＿＿＿＿＿＿＿
□＿＿＿＿＿＿＿＿＿
□＿＿■■＿＿＿＿＿
□＿■■□□＿＿＿□
□＿□□□□□□□□
□□□□□□＿□□□
□□□□□□□＿□＿
□□□□□□□□□＿
□□□□□□□□□＿
□□＿＿＿＿□□□□
□□□□□□□□□＿
□□□□□□□□□＿
□□□□□□□□□＿
□＿＿□□□□□□□
□□□□□□＿□□□
01:13:54(133045f):field(133044f)
＿＿＿＿＿＿＿＿＿＿
＿＿＿＿＿＿＿＿＿＿
＿＿＿＿＿＿＿＿＿＿
＿＿＿＿＿＿＿＿＿＿
＿＿＿＿＿＿＿＿＿＿
＿＿＿＿＿＿＿＿＿＿
◆＿＿＿＿＿＿＿＿＿
□＿＿◆◆＿＿＿＿■
□■□□□◆＿＿＿◆
□■□□□□◆◆◆□
□□□□□□＿□□□
□□□□□□□＿□＿
□□□□□□□□□＿
□□□□□□□□□＿
□□＿＿＿＿□□□□
□□□□□□□□□＿
□□□□□□□□□＿
□□□□□□□□□＿
□＿＿□□□□□□□
□□□□□□＿□□□
01:13:55(133060f):field(133059f)
＿＿＿＿＿＿＿＿＿＿
＿＿＿＿＿＿＿＿＿＿
＿＿＿＿＿＿＿＿＿＿
＿＿＿＿＿＿＿＿＿＿
＿＿＿＿＿＿＿＿＿＿
＿＿＿＿＿＿＿＿＿＿
＿＿＿＿＿＿＿＿＿＿
◆＿＿＿＿＿＿＿＿◆
□◆◆◆□＿＿＿＿＿
□□□□□◆＿■＿◆
□□□□□□■□□□
□□□□□□□＿□＿
□□□□□□□□□＿
□□□□□□□□□＿
□□＿＿＿＿□□□□
□□□□□□□□□＿
□□□□□□□□□＿
□□□□□□□□□＿
□＿＿□□□□□□□
□□□□□□＿□□□
01:13:55(133073f):field(133072f)
＿＿＿＿＿＿＿＿＿＿
＿＿＿＿＿＿＿＿＿＿
＿＿＿＿＿＿＿＿＿＿
＿＿＿＿＿＿＿＿＿＿
＿＿＿＿＿＿＿＿＿＿
＿＿＿＿＿＿＿＿＿＿
＿＿＿＿＿＿＿＿＿＿
＿＿＿＿＿■＿＿＿＿
□＿＿＿□■＿＿＿＿
□□□□□■＿□＿＿
□□□□□□□□◆□
□□□□□□□＿□＿
□□□□□□□□□＿
□□□□□□□□□＿
□□＿＿＿＿□□□□
□□□□□□□□□＿
□□□□□□□□□＿
□□□□□□□□□＿
□＿＿□□□□□□□
□□□□□□＿□□□
01:13:56(133089f):field(133088f)
＿＿＿＿＿＿＿＿＿＿
＿＿＿＿＿＿＿＿＿＿
＿＿＿＿＿＿＿＿＿＿
＿＿＿＿＿＿＿＿＿＿
＿＿＿＿＿＿＿＿＿＿
＿＿＿＿＿＿＿＿＿＿
＿＿＿＿＿＿＿＿＿＿
＿＿■■＿□＿＿＿＿
□＿■■□□＿＿＿＿
□□□□□□＿□＿＿
□□□□□□□□＿□
□□□□□□□＿□＿
□□□□□□□□□＿
□□□□□□□□□＿
□□＿＿＿＿□□□□
□□□□□□□□□＿
□□□□□□□□□＿
□□□□□□□□□＿
□＿＿□□□□□□□
□□□□□□＿□□□
01:13:56(133107f):field(133106f)
＿＿＿＿＿＿＿＿＿＿
＿＿＿＿＿＿＿＿＿＿
＿＿＿＿＿＿＿＿＿＿
＿＿＿＿＿＿＿＿＿＿
＿＿＿＿＿＿＿＿＿＿
＿＿＿＿＿＿＿＿＿＿
＿＿＿＿＿＿＿＿＿＿
＿＿□□＿□＿＿■＿
□＿□□□□＿＿■＿
□□□□□□＿□■■
□□□□□□□□＿□
□□□□□□□＿□＿
□□□□□□□□□＿
□□□□□□□□□＿
□□＿＿＿＿□□□□
□□□□□□□□□＿
□□□□□□□□□＿
□□□□□□□□□＿
□＿＿□□□□□□□
□□□□□□＿□□□
01:13:57(133121f):field(133120f)
＿＿＿＿＿＿＿＿＿＿
＿＿＿＿＿＿＿＿＿＿
＿＿＿＿＿＿＿＿＿＿
＿＿＿＿＿＿＿＿＿＿
＿＿＿＿＿＿＿＿＿＿
＿＿＿＿＿＿＿＿＿＿
＿＿■■■＿＿＿＿＿
＿＿□□■□＿＿□＿
□＿□□□□＿＿□＿
□□□□□□＿□□□
□□□□□□□□＿□
□□□□□□□＿□＿
□□□□□□□□□＿
□□□□□□□□□＿
□□＿＿＿＿□□□□
□□□□□□□□□＿
□□□□□□□□□＿
□□□□□□□□□＿
□＿＿□□□□□□□
□□□□□□＿□□□
01:13:57(133138f):field(133137f)
＿＿＿＿＿＿＿＿＿＿
＿＿＿＿＿＿＿＿＿＿
＿＿＿＿＿＿＿＿＿＿
＿＿＿＿＿＿＿＿＿＿
＿＿＿＿＿＿＿＿＿＿
＿＿＿＿＿＿＿＿＿＿
＿＿◆◆◆＿＿＿＿＿
＿＿□□□◆■＿◆■
◆＿□□□□■＿□＿
□◆□□□□■◆□□
□□□□□□□□＿□
□□□□□□□＿□＿
□□□□□□□□□＿
□□□□□□□□□＿
□□＿＿＿＿□□□□
□□□□□□□□□＿
□□□□□□□□□＿
□□□□□□□□□＿
□＿＿□□□□□□□
□□□□□□＿□□□
01:13:58(133149f):field(133148f)
＿＿＿＿＿＿＿＿＿＿
＿＿＿＿＿＿＿＿＿＿
＿＿＿＿＿＿＿＿＿＿
＿＿＿＿＿＿＿＿＿＿
＿＿＿＿＿＿＿＿＿＿
＿＿＿＿＿＿＿＿＿＿
＿＿＿＿＿＿＿＿＿＿
■＿□□□＿□＿＿◆
■■□□□□□＿□＿
□■□□□□□＿□◆
□□□□□□□□＿□
□□□□□□□＿□＿
□□□□□□□□□＿
□□□□□□□□□＿
□□＿＿＿＿□□□□
□□□□□□□□□＿
□□□□□□□□□＿
□□□□□□□□□＿
□＿＿□□□□□□□
□□□□□□＿□□□
01:13:58(133161f):field(133160f)
＿＿＿＿＿＿＿＿＿＿
＿＿＿＿＿＿＿＿＿＿
＿＿＿＿＿＿＿＿＿＿
＿＿＿＿＿＿＿＿＿＿
＿＿＿＿＿＿＿＿＿＿
＿＿＿＿＿＿＿＿＿＿
＿＿＿＿■■■＿＿＿
□＿□□□■□＿＿＿
□□□□□□□＿□＿
□□□□□□□＿□＿
□□□□□□□□＿□
□□□□□□□＿□＿
□□□□□□□□□＿
□□□□□□□□□＿
□□＿＿＿＿□□□□
□□□□□□□□□＿
□□□□□□□□□＿
□□□□□□□□□＿
□＿＿□□□□□□□
□□□□□□＿□□□
01:13:59(133174f):field(133173f)
＿＿＿＿＿＿＿＿＿＿
＿＿＿＿＿＿＿＿＿＿
＿＿＿＿＿＿＿＿＿＿
＿＿＿＿＿＿＿＿＿＿
＿＿＿＿■＿＿＿＿＿
＿＿＿■■＿＿＿＿＿
＿＿＿■□□□＿＿＿
□＿□□□□□＿＿＿
□□□□□□□＿□＿
□□□□□□□＿□＿
□□□□□□□□＿□
□□□□□□□＿□＿
□□□□□□□□□＿
□□□□□□□□□＿
□□＿＿＿＿□□□□
□□□□□□□□□＿
□□□□□□□□□＿
□□□□□□□□□＿
□＿＿□□□□□□□
□□□□□□＿□□□
01:13:59(133185f):field(133184f)
＿＿＿＿＿＿＿＿＿＿
＿＿＿＿＿＿＿＿＿＿
＿＿＿＿＿＿＿＿＿＿
＿＿＿＿＿＿＿＿＿＿
＿＿＿＿□■■＿＿＿
＿＿＿□□■■＿＿＿
＿＿＿□□□□＿＿＿
□＿□□□□□＿＿＿
□□□□□□□＿□＿
□□□□□□□＿□＿
□□□□□□□□＿□
□□□□□□□＿□＿
□□□□□□□□□＿
□□□□□□□□□＿
□□＿＿＿＿□□□□
□□□□□□□□□＿
□□□□□□□□□＿
□□□□□□□□□＿
□＿＿□□□□□□□
□□□□□□＿□□□
01:13:59(133199f):field(133198f)
＿＿＿＿＿＿＿＿＿＿
＿＿＿＿＿＿＿＿＿＿
＿＿＿＿＿＿＿＿＿＿
＿＿＿＿＿＿＿＿＿＿
＿＿＿＿□□□＿＿＿
＿＿＿□□□□＿＿＿
＿＿＿□□□□＿＿＿
□＿□□□□□■■＿
□□□□□□□■□＿
□□□□□□□■□＿
□□□□□□□□＿□
□□□□□□□＿□＿
□□□□□□□□□＿
□□□□□□□□□＿
□□＿＿＿＿□□□□
□□□□□□□□□＿
□□□□□□□□□＿
□□□□□□□□□＿
□＿＿□□□□□□□
□□□□□□＿□□□
01:14:00(133211f):field(133210f)
＿＿＿＿＿＿＿＿＿＿
＿＿＿＿＿＿＿＿＿＿
＿＿＿＿＿＿＿＿＿＿
＿＿＿＿＿＿＿＿＿＿
＿＿＿＿◆◆◆＿＿＿
＿＿＿◆◆◆◆＿＿＿
＿＿＿◆□□□＿＿＿
◆＿◆□□□□□□＿
◆◆◆□□□□◆□■
□◆□□□□□□□■
□□□□□□□□■□
□□□□□□□＿□＿
□□□□□□□□□＿
□□□□□□□□□＿
□□＿＿＿＿□□□□
□□□□□□□□□＿
□□□□□□□□□＿
□□□□□□□□□＿
□＿＿□□□□□□□
□□□□□□＿□□□
01:14:00(133224f):field(133223f)
＿＿＿＿＿＿＿＿＿＿
＿＿＿＿＿＿＿＿＿＿
＿＿＿＿＿＿＿＿＿＿
＿＿＿＿＿＿＿＿＿＿
＿＿＿＿＿＿＿＿＿＿
＿＿＿＿＿＿＿＿＿＿
＿＿＿＿◆◆◆＿＿＿
＿＿＿◆□□□◆◆＿
■＿■□□□□＿◆◆
□■◆□□□□◆□□
□□□□□□□□◆□
□□□□□□□＿□＿
□□□□□□□□□＿
□□□□□□□□□＿
□□＿＿＿＿□□□□
□□□□□□□□□＿
□□□□□□□□□＿
□□□□□□□□□＿
□＿＿□□□□□□□
□□□□□□＿□□□
01:14:01(133237f):field(133236f)
＿＿＿＿＿＿＿＿＿＿
＿＿＿＿＿＿＿＿＿＿
＿＿＿＿＿＿＿＿＿＿
＿＿＿＿＿＿＿＿＿＿
＿＿＿＿＿＿＿＿＿＿
＿＿＿＿＿＿＿＿＿＿
＿＿＿＿＿＿＿＿＿＿
＿＿■＿□□□＿＿＿
□■□□□□□＿＿＿
□□■□□□□＿◆□
□□□□□□□□＿□
□□□□□□□＿□＿
□□□□□□□□□＿
□□□□□□□□□＿
□□＿＿＿＿□□□□
□□□□□□□□□＿
□□□□□□□□□＿
□□□□□□□□□＿
□＿＿□□□□□□□
□□□□□□＿□□□
01:14:01(133249f):field(133248f)
＿＿＿＿＿＿＿＿＿＿
＿＿＿＿＿＿＿＿＿＿
＿＿＿＿＿＿＿＿＿＿
＿＿＿＿＿＿＿＿＿＿
＿＿＿＿＿＿＿＿＿＿
■＿＿＿＿＿＿＿＿＿
■＿＿＿＿＿＿＿＿＿
■■□＿□□□＿＿＿
□□□□□□□＿＿＿
□□□□□□□＿＿□
□□□□□□□□＿□
□□□□□□□＿□＿
□□□□□□□□□＿
□□□□□□□□□＿
□□＿＿＿＿□□□□
□□□□□□□□□＿
□□□□□□□□□＿
□□□□□□□□□＿
□＿＿□□□□□□□
□□□□□□＿□□□
01:14:02(133260f):field(133259f)
＿＿＿＿＿＿＿＿＿＿
＿＿＿＿＿＿＿＿＿＿
＿＿＿＿＿＿＿＿＿＿
＿＿＿＿＿＿＿＿＿＿
＿＿＿＿＿＿＿＿＿＿
◆＿＿＿＿＿＿＿＿＿
□＿＿＿＿＿＿＿＿＿
□◆◆＿◆◆◆＿＿＿
□□□◆□□□＿＿＿
□□□□□□□＿■□
□□□□□□□◆■□
□□□□□□□＿□■
□□□□□□□□□＿
□□□□□□□□□＿
□□＿＿＿＿□□□□
□□□□□□□□□＿
□□□□□□□□□＿
□□□□□□□□□＿
□＿＿□□□□□□□
□□□□□□＿□□□
01:14:02(133273f):field(133272f)
＿＿＿＿＿＿＿＿＿＿
＿＿＿＿＿＿＿＿＿＿
＿＿＿＿＿＿＿＿＿＿
＿＿＿＿＿＿＿＿＿＿
＿＿＿＿＿＿＿＿＿＿
＿＿＿＿＿＿＿＿＿＿
□＿＿＿＿■■＿＿＿
□＿＿＿＿■■＿＿＿
□□□＿□□□＿＿＿
□□□□□□□＿□□
□□□□□□□＿□□
□□□□□□□＿□◆
□□□□□□□□□＿
□□□□□□□□□＿
□□＿＿＿＿□□□□
□□□□□□□□□＿
□□□□□□□□□＿
□□□□□□□□□＿
□＿＿□□□□□□□
□□□□□□＿□□□
01:14:02(133289f):field(133288f)
＿＿＿＿＿＿＿＿＿＿
＿＿＿＿＿＿＿＿＿＿
＿＿＿＿＿＿＿＿＿＿
＿＿＿＿＿＿＿＿＿＿
＿＿＿＿＿＿＿＿＿＿
＿＿＿＿＿＿＿＿＿＿
◆＿＿＿＿◆◆＿＿＿
◆＿＿＿＿◆◆＿＿＿
□◆□＿◆□□＿＿＿
□◆◆□◆□□■◆◆
□□□◆□□□■□◆
□□□□□□□■□■
□□□□□□□□□■
□□□□□□□□□＿
□□＿＿＿＿□□□□
□□□□□□□□□＿
□□□□□□□□□＿
□□□□□□□□□＿
□＿＿□□□□□□□
□□□□□□＿□□□
01:14:03(133301f):field(133300f)
＿＿＿＿＿＿＿＿＿＿
＿＿＿＿＿＿＿＿＿＿
＿＿＿＿＿＿＿＿＿＿
＿＿＿＿＿＿＿＿＿＿
＿＿＿＿＿＿＿＿＿＿
＿＿＿＿＿＿＿＿＿＿
＿＿＿＿＿＿＿＿＿＿
＿＿＿＿＿＿＿＿＿＿
□＿◆＿■□□＿＿＿
□＿＿□■□□◆＿＿
□□□■□□□□◆＿
□□□□□□□□□◆
□□□□□□□□□◆
□□□□□□□□□＿
□□＿＿＿＿□□□□
□□□□□□□□□＿
□□□□□□□□□＿
□□□□□□□□□＿
□＿＿□□□□□□□
□□□□□□＿□□□
01:14:03(133315f):field(133314f)
＿＿＿＿＿＿＿＿＿＿
＿＿＿＿＿＿＿＿＿＿
＿＿＿＿＿＿＿＿＿＿
＿＿＿＿＿＿＿＿＿＿
＿＿＿＿＿＿＿＿＿＿
＿＿＿＿＿＿＿＿＿＿
＿＿＿＿＿＿＿＿＿＿
＿■＿＿＿＿＿＿＿＿
□■＿＿□□□＿＿＿
□■■□□□□＿＿＿
□□□□□□□□＿＿
□□□□□□□□□＿
□□□□□□□□□＿
□□□□□□□□□＿
□□＿＿＿＿□□□□
□□□□□□□□□＿
□□□□□□□□□＿
□□□□□□□□□＿
□＿＿□□□□□□□
□□□□□□＿□□□
01:14:04(133326f):field(133325f)
＿＿＿＿＿＿＿＿＿＿
＿＿＿＿＿＿＿＿＿＿
＿＿＿＿＿＿＿＿＿＿
＿＿＿＿＿＿＿＿＿＿
＿＿＿＿＿＿＿＿＿＿
＿＿＿＿＿＿＿＿＿＿
＿＿＿＿＿＿＿＿＿＿
＿◆＿＿＿＿＿＿＿＿
□□＿＿◆◆□■＿＿
□□◆◆□□□■＿＿
□□□□□□□□■＿
□□□□□□□□□＿
□□□□□□□□□＿
□□□□□□□□□＿
□□＿＿＿＿□□□□
□□□□□□□□□＿
□□□□□□□□□＿
□□□□□□□□□＿
□＿＿□□□□□□□
□□□□□□＿□□□
01:14:04(133339f):field(133338f)
＿＿＿＿＿＿＿＿＿＿
＿＿＿＿＿＿＿＿＿＿
＿＿＿＿＿＿＿＿＿＿
＿＿＿＿＿＿＿＿＿＿
＿＿＿＿＿＿＿＿＿＿
＿＿＿＿＿＿＿＿＿＿
＿＿＿＿＿＿＿＿＿＿
＿＿＿＿＿＿＿＿＿＿
◆□■■＿＿◆◆＿＿
□□■■□□□◆＿＿
□□□□□□□□□＿
□□□□□□□□□＿
□□□□□□□□□＿
□□□□□□□□□＿
□□＿＿＿＿□□□□
□□□□□□□□□＿
□□□□□□□□□＿
□□□□□□□□□＿
□＿＿□□□□□□□
□□□□□□＿□□□
01:14:05(133353f):field(133352f)
＿＿＿＿＿＿＿＿＿＿
＿＿＿＿＿＿＿＿＿＿
＿＿＿＿＿＿＿＿＿＿
＿＿＿＿＿＿＿＿＿＿
＿＿＿＿＿＿＿＿＿＿
＿＿＿＿＿＿＿＿＿＿
＿＿＿＿＿■＿＿＿＿
＿＿＿＿＿■■＿＿＿
＿□□□＿＿■＿＿＿
□□□□□□□＿＿＿
□□□□□□□□□＿
□□□□□□□□□＿
□□□□□□□□□＿
□□□□□□□□□＿
□□＿＿＿＿□□□□
□□□□□□□□□＿
□□□□□□□□□＿
□□□□□□□□□＿
□＿＿□□□□□□□
□□□□□□＿□□□
01:14:05(133368f):field(133367f)
＿＿＿＿＿＿＿＿＿＿
＿＿＿＿＿＿＿＿＿＿
＿＿＿＿＿＿＿＿＿＿
＿＿＿＿＿＿＿＿＿＿
＿＿＿＿＿＿＿＿＿＿
＿＿＿＿＿＿＿＿＿＿
＿＿＿＿＿◆＿＿＿＿
＿＿＿＿＿◆◆＿＿＿
＿◆◆◆＿＿◆＿＿＿
◆◆◆◆◆◆◆■＿＿
◆◆◆□◆□□◆□＿
◆◆□□□□□□□＿
◆□□□□◆□□□■
□□□□□□□□□＿
□□＿＿■＿□□□□
□□□□□□□□□＿
□□□□□□□□□＿
□□□□□□□□□＿
□＿＿□□□□□□□
□□□□□□＿□□□
01:14:06(133381f):field(133380f)
＿＿＿＿＿＿＿＿＿＿
＿＿＿＿＿＿＿＿＿＿
＿＿＿＿＿＿＿＿＿＿
＿＿＿＿＿＿＿＿＿＿
＿＿＿＿＿＿＿＿＿＿
＿＿＿＿＿＿＿＿＿＿
＿＿＿＿＿＿＿＿＿＿
＿＿＿＿＿＿＿＿＿＿
＿＿＿＿＿＿＿＿＿＿
＿＿＿＿＿＿＿◆＿＿
＿■＿◆＿□◆＿◆＿
■■◆◆◆□□◆◆＿
■□□□◆＿□◆◆◆
□□□□□□□◆◆＿
□□＿＿◆＿□□□□
□□□□□□□□□＿
□□□□□□□□□＿
□□□□□□□□□＿
□＿＿□□□□□□□
□□□□□□＿□□□
01:14:06(133392f):field(133391f)
＿＿＿＿＿＿＿＿＿＿
＿＿＿＿＿＿＿＿＿＿
＿＿＿＿＿＿＿＿＿＿
＿＿＿＿＿＿＿＿＿＿
＿＿＿＿＿＿＿＿＿＿
＿＿＿＿＿＿＿＿＿＿
＿＿＿＿＿＿＿＿＿＿
＿＿＿＿＿＿＿＿＿＿
＿＿＿＿＿＿＿＿＿＿
＿＿＿＿＿＿＿＿＿＿
＿□＿＿■□＿＿＿＿
□□＿■■□□＿＿＿
□□□□■＿□＿＿＿
□□□□□□□＿＿＿
□□＿＿＿＿□□□□
□□□□□□□□□＿
□□□□□□□□□＿
□□□□□□□□□＿
□＿＿□□□□□□□
□□□□□□＿□□□
01:14:06(133404f):field(133403f)
＿＿＿＿＿＿＿＿＿＿
＿＿＿＿＿＿＿＿＿＿
＿＿＿＿＿＿＿＿＿＿
＿＿＿＿＿＿＿＿＿＿
＿＿＿＿＿＿＿＿＿＿
＿＿＿＿＿＿＿＿＿＿
＿＿＿＿＿＿＿＿＿＿
＿＿＿＿＿＿＿＿＿＿
＿＿＿＿＿＿＿＿＿＿
＿＿＿＿＿＿＿＿＿＿
＿◆＿＿◆◆＿＿＿＿
◆□＿◆□□◆＿＿＿
□□□□□■□＿＿＿
□□□□□◆□■■＿
□□■＿＿＿□□□□
□□□□□□□□□＿
□□□□□□□□□＿
□□□□□□□□□＿
□＿＿□□□□□□□
□□□□□□＿□□□
01:14:07(133418f):field(133417f)
＿＿＿＿＿＿＿＿＿＿
＿＿＿＿＿＿＿＿＿＿
＿＿＿＿＿＿＿＿＿＿
＿＿＿＿＿＿＿＿＿＿
＿＿＿＿＿＿＿＿＿＿
＿＿＿＿＿＿＿＿＿＿
＿＿＿＿＿＿＿＿＿＿
＿＿＿＿＿＿＿＿＿＿
＿＿＿＿＿＿＿＿＿＿
＿＿＿＿＿＿＿＿＿＿
＿＿＿＿＿＿＿＿＿＿
＿□＿＿□□＿＿■＿
□□◆□□□□＿■＿
□□□□□＿□□□■
□□◆＿＿＿□□□□
□□□□□□□□□＿
□□□□□□□□□＿
□□□□□□□□□＿
□＿＿□□□□□□□
□□□□□□＿□□□
01:14:07(133430f):field(133429f)
＿＿＿＿＿＿＿＿＿＿
＿＿＿＿＿＿＿＿＿＿
＿＿＿＿＿＿＿＿＿＿
＿＿＿＿＿＿＿＿＿＿
＿＿＿＿＿＿＿＿＿＿
＿＿＿＿＿＿＿＿＿＿
＿＿＿＿＿＿＿＿＿＿
＿＿＿＿＿＿＿＿＿＿
＿＿＿＿＿＿＿＿＿＿
＿＿＿＿＿＿＿■＿＿
＿＿＿＿＿＿＿■＿＿
＿□＿＿□□＿■□＿
□□＿□□□□■□＿
□□□□□＿□□□□
□□＿＿＿＿□□□□
□□□□□□□□□＿
□□□□□□□□□＿
□□□□□□□□□＿
□＿＿□□□□□□□
□□□□□□＿□□□
01:14:08(133442f):field(133441f)
＿＿＿＿＿＿＿＿＿＿
＿＿＿＿＿＿＿＿＿＿
＿＿＿＿＿＿＿＿＿＿
＿＿＿＿＿＿＿＿＿＿
＿＿＿＿＿＿＿＿＿＿
＿＿＿＿＿＿＿＿＿＿
＿＿＿＿＿＿＿＿＿＿
＿＿＿＿＿＿＿＿＿＿
＿＿＿＿＿＿＿＿＿＿
＿＿＿＿＿■＿□＿＿
＿＿＿＿＿■■□＿＿
＿□＿＿□□■□□＿
□□＿□□□□□□＿
□□□□□＿□□□□
□□＿＿＿＿□□□□
□□□□□□□□□＿
□□□□□□□□□＿
□□□□□□□□□＿
□＿＿□□□□□□□
□□□□□□＿□□□
01:14:08(133454f):field(133453f)
＿＿＿＿＿＿＿＿＿＿
＿＿＿＿＿＿＿＿＿＿
＿＿＿＿＿＿＿＿＿＿
＿＿＿＿＿＿＿＿＿＿
＿＿＿＿＿＿＿＿＿＿
＿＿＿＿＿＿＿＿＿＿
＿＿＿＿＿＿＿＿＿＿
＿＿＿＿＿＿＿＿＿＿
＿＿＿＿＿＿＿＿＿＿
＿＿＿＿＿□＿□＿＿
＿＿■＿＿□□□＿＿
＿□■■□□□□□＿
□□■□□□□□□＿
□□□□□＿□□□□
□□＿＿＿＿□□□□
□□□□□□□□□＿
□□□□□□□□□＿
□□□□□□□□□＿
□＿＿□□□□□□□
□□□□□□＿□□□
01:14:08(133466f):field(133465f)
＿＿＿＿＿＿＿＿＿＿
＿＿＿＿＿＿＿＿＿＿
＿＿＿＿＿＿＿＿＿＿
＿＿＿＿＿＿＿＿＿＿
＿＿＿＿＿＿＿＿＿＿
＿＿＿＿＿＿＿＿＿＿
＿＿＿＿＿＿＿＿＿＿
＿＿＿＿＿＿＿＿＿＿
＿＿＿＿■＿＿＿＿＿
＿＿＿＿■□＿□＿＿
＿＿□■■□□□＿＿
＿□□□□□□□□＿
□□□□□□□□□＿
□□□□□＿□□□□
□□＿＿＿＿□□□□
□□□□□□□□□＿
□□□□□□□□□＿
□□□□□□□□□＿
□＿＿□□□□□□□
□□□□□□＿□□□
01:14:09(133479f):field(133478f)
＿＿＿＿＿＿＿＿＿＿
＿＿＿＿＿＿＿＿＿＿
＿＿＿＿＿＿＿＿＿＿
＿＿＿＿＿＿＿＿＿＿
＿＿＿＿＿＿＿＿＿＿
＿＿＿＿＿＿＿＿＿＿
＿＿＿＿＿＿＿＿＿＿
＿＿＿＿＿＿＿＿＿＿
＿＿＿＿□＿＿＿＿＿
＿■＿＿□□＿□＿＿
■■□□□□□□＿＿
■□□□□□□□□＿
□□□□□□□□□＿
□□□□□＿□□□□
□□＿＿＿＿□□□□
□□□□□□□□□＿
□□□□□□□□□＿
□□□□□□□□□＿
□＿＿□□□□□□□
□□□□□□＿□□□
01:14:09(133491f):field(133490f)
＿＿＿＿＿＿＿＿＿＿
＿＿＿＿＿＿＿＿＿＿
＿＿＿＿＿＿＿＿＿＿
＿＿＿＿＿＿＿＿＿＿
＿＿＿＿＿＿＿＿＿＿
＿＿＿＿＿＿＿＿＿＿
＿＿＿＿＿＿＿＿＿＿
＿＿＿＿＿＿＿＿＿＿
＿＿■■□＿＿＿＿＿
＿□■■□□＿□＿＿
□□□□□□□□＿＿
□□□□□□□□□＿
□□□□□□□□□＿
□□□□□＿□□□□
□□＿＿＿＿□□□□
□□□□□□□□□＿
□□□□□□□□□＿
□□□□□□□□□＿
□＿＿□□□□□□□
□□□□□□＿□□□
01:14:10(133507f):field(133506f)
＿＿＿＿＿＿＿＿＿＿
＿＿＿＿＿＿＿＿＿＿
＿＿＿＿＿＿＿＿＿＿
＿＿＿＿＿＿＿＿＿＿
＿＿＿＿＿＿＿＿＿＿
＿＿＿＿＿＿＿＿＿＿
＿＿＿＿＿＿＿＿＿＿
＿＿＿＿＿＿＿＿＿＿
＿＿◆◆◆＿＿＿＿＿
＿◆◆□◆◆＿◆＿＿
◆□□◆□◆◆◆＿＿
□□□□□□□□◆＿
◆□□□□□□□◆■
□□□□□＿□□□□
□□＿＿＿＿□□□□
□□□□□□□□□＿
□□□□□□□□□＿
□□□□□□□□□＿
□＿＿□□□□□□□
□□□□□□＿□□□
01:14:10(133518f):field(133517f)
＿＿＿＿＿＿＿＿＿＿
＿＿＿＿＿＿＿＿＿＿
＿＿＿＿＿＿＿＿＿＿
＿＿＿＿＿＿＿＿＿＿
＿＿＿＿＿＿＿＿＿＿
＿＿＿＿＿＿＿＿＿＿
＿＿＿＿＿＿＿＿＿＿
＿＿＿＿＿＿＿＿＿＿
＿＿＿＿＿＿＿＿＿＿
＿＿＿◆＿＿■＿＿＿
＿◆◆＿◆＿■＿＿＿
◆◆□□□◆□◆＿＿
＿□□□□□□□＿◆
□□□□□＿□□□□
□□＿＿＿＿□□□□
□□□□□□□□□＿
□□□□□□□□□＿
□□□□□□□□□＿
□＿＿□□□□□□□
□□□□□□＿□□□
01:14:11(133533f):field(133532f)
＿＿＿＿＿＿＿＿＿＿
＿＿＿＿＿＿＿＿＿＿
＿＿＿＿＿＿＿＿＿＿
＿＿＿＿＿＿＿＿＿＿
＿＿＿＿＿＿＿＿＿＿
＿＿＿＿＿＿＿＿＿＿
＿＿＿＿＿＿＿＿＿＿
＿＿＿＿＿＿＿＿＿＿
＿＿＿＿＿＿＿＿＿＿
＿＿＿＿＿＿□＿＿＿
■＿＿＿＿＿□＿＿＿
■■□□□＿□＿＿＿
■□□□□□□□＿＿
□□□□□＿□□□□
□□＿＿＿＿□□□□
□□□□□□□□□＿
□□□□□□□□□＿
□□□□□□□□□＿
□＿＿□□□□□□□
□□□□□□＿□□□
01:14:11(133544f):field(133543f)
＿＿＿＿＿＿＿＿＿＿
＿＿＿＿＿＿＿＿＿＿
＿＿＿＿＿＿＿＿＿＿
＿＿＿＿＿＿＿＿＿＿
＿＿＿＿＿＿＿＿＿＿
＿＿＿＿＿＿＿＿＿＿
＿＿＿＿＿＿＿＿＿＿
＿＿＿＿＿＿＿＿＿＿
＿＿＿＿＿＿＿＿＿＿
＿＿＿＿＿＿□＿＿＿
□＿＿■■■□＿＿＿
□□□□□■□＿＿＿
□□□□□□□□＿＿
□□□□□＿□□□□
□□＿＿＿＿□□□□
□□□□□□□□□＿
□□□□□□□□□＿
□□□□□□□□□＿
□＿＿□□□□□□□
□□□□□□＿□□□
01:14:11(133556f):field(133555f)
＿＿＿＿＿＿＿＿＿＿
＿＿＿＿＿＿＿＿＿＿
＿＿＿＿＿＿＿＿＿＿
＿＿＿＿＿＿＿＿＿＿
＿＿＿＿＿＿＿＿＿＿
＿＿＿＿＿＿＿＿＿＿
＿＿＿＿＿＿＿＿＿＿
＿＿＿＿＿＿＿＿＿＿
＿＿＿＿＿＿＿＿＿＿
■■＿＿＿＿□＿＿＿
□■■□□□□＿＿＿
□□□□□□□＿＿＿
□□□□□□□□＿＿
□□□□□＿□□□□
□□＿＿＿＿□□□□
□□□□□□□□□＿
□□□□□□□□□＿
□□□□□□□□□＿
□＿＿□□□□□□□
□□□□□□＿□□□
01:14:12(133566f):field(133565f)
＿＿＿＿＿＿＿＿＿＿
＿＿＿＿＿＿＿＿＿＿
＿＿＿＿＿＿＿＿＿＿
＿＿＿＿＿＿＿＿＿＿
＿＿＿＿＿＿＿＿＿＿
＿＿＿＿＿＿＿＿＿＿
＿＿＿＿＿＿＿＿＿＿
＿＿＿＿＿＿＿＿＿＿
＿＿＿＿＿■■＿＿＿
□□＿＿■■□＿＿＿
□□□□□□□＿＿＿
□□□□□□□＿＿＿
□□□□□□□□＿＿
□□□□□＿□□□□
□□＿＿＿＿□□□□
□□□□□□□□□＿
□□□□□□□□□＿
□□□□□□□□□＿
□＿＿□□□□□□□
□□□□□□＿□□□
01:14:12(133581f):field(133580f)
＿＿＿＿＿＿＿＿＿＿
＿＿＿＿＿＿＿＿＿＿
＿＿＿＿＿＿＿＿＿＿
＿＿＿＿＿＿＿＿＿＿
＿＿＿＿＿＿＿＿＿＿
＿＿＿＿＿＿＿＿＿＿
＿＿＿＿＿＿＿＿＿＿
＿＿＿＿＿＿＿＿＿＿
＿＿＿＿＿□□＿＿＿
□□＿＿□□□＿＿■
□□□□□□□＿＿■
□□□□□□□＿＿■
□□□□□□□□＿■
□□□□□＿□□□□
□□＿＿＿＿□□□□
□□□□□□□□□＿
□□□□□□□□□＿
□□□□□□□□□＿
□＿＿□□□□□□□
□□□□□□＿□□□
01:14:13(133593f):field(133592f)
＿＿＿＿＿＿＿＿＿＿
＿＿＿＿＿＿＿＿＿＿
＿＿＿＿＿＿＿＿＿＿
＿＿＿＿＿＿＿＿＿＿
＿＿＿＿＿＿＿＿＿＿
＿＿＿＿＿＿＿＿＿＿
＿＿＿＿＿＿＿＿＿＿
＿＿＿■＿＿＿＿＿＿
＿＿＿■＿□□＿＿＿
□□■■□□□＿＿□
□□□□□□□＿＿□
□□□□□□□＿＿□
□□□□□□□□＿□
□□□□□＿□□□□
□□＿＿＿＿□□□□
□□□□□□□□□＿
□□□□□□□□□＿
□□□□□□□□□＿
□＿＿□□□□□□□
□□□□□□＿□□□
01:14:13(133605f):field(133604f)
＿＿＿＿＿＿＿＿＿＿
＿＿＿＿＿＿＿＿＿＿
＿＿＿＿＿＿＿＿＿＿
＿＿＿＿＿＿＿＿＿＿
＿＿＿＿＿＿＿＿＿＿
＿＿＿＿＿＿＿＿＿＿
＿＿＿＿■＿＿＿＿＿
＿＿＿□■■＿＿＿＿
＿＿＿□■□□＿＿＿
□□□□□□□＿＿□
□□□□□□□＿＿□
□□□□□□□＿＿□
□□□□□□□□＿□
□□□□□＿□□□□
□□＿＿＿＿□□□□
□□□□□□□□□＿
□□□□□□□□□＿
□□□□□□□□□＿
□＿＿□□□□□□□
□□□□□□＿□□□
01:14:13(133617f):field(133616f)
＿＿＿＿＿＿＿＿＿＿
＿＿＿＿＿＿＿＿＿＿
＿＿＿＿＿＿＿＿＿＿
＿＿＿＿＿＿＿＿＿＿
＿＿＿＿＿＿＿＿＿＿
＿＿＿＿＿＿＿＿＿＿
＿＿＿＿□＿＿＿＿＿
■■＿□□□＿＿＿＿
■■＿□□□□＿＿＿
□□□□□□□＿＿□
□□□□□□□＿＿□
□□□□□□□＿＿□
□□□□□□□□＿□
□□□□□＿□□□□
□□＿＿＿＿□□□□
□□□□□□□□□＿
□□□□□□□□□＿
□□□□□□□□□＿
□＿＿□□□□□□□
□□□□□□＿□□□
01:14:14(133630f):field(133629f)
＿＿＿＿＿＿＿＿＿＿
＿＿＿＿＿＿＿＿＿＿
＿＿＿＿＿＿＿＿＿＿
＿＿＿＿＿＿＿＿＿＿
＿＿＿＿＿＿＿＿＿＿
＿＿＿＿＿＿＿＿＿＿
＿■■＿□＿＿＿＿＿
□□■□□□＿＿＿＿
□□■□□□□＿＿＿
□□□□□□□＿＿□
□□□□□□□＿＿□
□□□□□□□＿＿□
□□□□□□□□＿□
□□□□□＿□□□□
□□＿＿＿＿□□□□
□□□□□□□□□＿
□□□□□□□□□＿
□□□□□□□□□＿
□＿＿□□□□□□□
□□□□□□＿□□□
01:14:14(133641f):field(133640f)
＿＿＿＿＿＿＿＿＿＿
＿＿＿＿＿＿＿＿＿＿
＿＿＿＿＿＿＿＿＿＿
＿＿＿＿＿＿＿＿＿＿
＿＿＿＿＿＿＿＿＿＿
＿＿＿＿＿＿＿＿＿＿
＿◆◆＿◆＿＿＿＿＿
◆□□◆□◆＿＿＿＿
□□□□□□◆＿＿＿
□□□□□□□＿＿◆
□□□□□□□＿■□
□□□□□□□＿■□
□□□□□□□◆■□
□□□□□＿□□□□
□□＿■＿■□□□□
□□□□□□□□□＿
□□□□□□□□□＿
□□□□□□□□□＿
□＿＿□□□□□□□
□□□□□□＿□□□
01:14:15(133657f):field(133656f)
＿＿＿＿＿＿＿＿＿＿
＿＿＿＿＿＿＿＿＿＿
＿＿＿＿＿＿＿＿＿＿
＿＿＿＿＿＿＿＿＿＿
＿＿＿＿＿＿＿＿＿＿
＿＿＿＿＿＿＿＿＿＿
＿＿＿＿＿■＿＿＿＿
＿□□＿□■■＿＿＿
□□□□□□■＿＿＿
□□□□□□□＿＿＿
□□□□□□□＿□□
□□□□□□□＿□□
□□□□□□□＿□□
□□□□□＿□□□□
□□＿◆＿◆□□□□
□□□□□□□□□＿
□□□□□□□□□＿
□□□□□□□□□＿
□＿＿□□□□□□□
□□□□□□＿□□□
01:14:15(133668f):field(133667f)
＿＿＿＿＿＿＿＿＿＿
＿＿＿＿＿＿＿＿＿＿
＿＿＿＿＿＿＿＿＿＿
＿＿＿＿＿＿＿＿＿＿
＿＿＿＿＿＿＿＿＿＿
＿＿＿＿■＿＿＿＿＿
＿＿＿■■□＿＿＿＿
＿□□■□□□＿＿＿
□□□□□□□＿＿＿
□□□□□□□＿＿＿
□□□□□□□＿□□
□□□□□□□＿□□
□□□□□□□＿□□
□□□□□＿□□□□
□□＿＿＿＿□□□□
□□□□□□□□□＿
□□□□□□□□□＿
□□□□□□□□□＿
□＿＿□□□□□□□
□□□□□□＿□□□
01:14:16(133681f):field(133680f)
＿＿＿＿＿＿＿＿＿＿
＿＿＿＿＿＿＿＿＿＿
＿＿＿＿＿＿＿＿＿＿
＿＿＿＿＿＿＿＿＿＿
＿＿＿＿＿＿＿＿＿＿
＿＿＿＿□＿＿＿＿＿
＿＿＿□□□＿＿＿＿
＿□□□□□□＿＿＿
□□□□□□□＿■■
□□□□□□□＿■■
□□□□□□□＿□□
□□□□□□□＿□□
□□□□□□□＿□□
□□□□□＿□□□□
□□＿＿＿＿□□□□
□□□□□□□□□＿
□□□□□□□□□＿
□□□□□□□□□＿
□＿＿□□□□□□□
□□□□□□＿□□□
01:14:16(133694f):field(133693f)
＿＿＿＿＿＿＿＿＿＿
＿＿＿＿＿＿＿＿＿＿
＿＿＿＿＿＿＿＿＿＿
＿＿＿＿＿＿＿＿＿＿
＿＿＿＿＿＿＿＿＿＿
＿＿＿＿□＿＿＿＿■
＿＿＿□□□＿＿＿■
＿□□□□□□＿■■
□□□□□□□＿□□
□□□□□□□＿□□
□□□□□□□＿□□
□□□□□□□＿□□
□□□□□□□＿□□
□□□□□＿□□□□
□□＿＿＿＿□□□□
□□□□□□□□□＿
□□□□□□□□□＿
□□□□□□□□□＿
□＿＿□□□□□□□
□□□□□□＿□□□
01:14:16(133705f):field(133704f)
＿＿＿＿＿＿＿＿＿＿
＿＿＿＿＿＿＿＿＿＿
＿＿＿＿＿＿＿＿＿＿
＿＿＿＿＿＿＿＿＿＿
＿＿＿＿＿＿＿＿＿＿
＿＿＿＿□＿＿＿＿□
■■■□□□＿＿＿□
■□□□□□□＿□□
□□□□□□□＿□□
□□□□□□□＿□□
□□□□□□□＿□□
□□□□□□□＿□□
□□□□□□□＿□□
□□□□□＿□□□□
□□＿＿＿＿□□□□
□□□□□□□□□＿
□□□□□□□□□＿
□□□□□□□□□＿
□＿＿□□□□□□□
□□□□□□＿□□□
01:14:17(133718f):field(133717f)
＿＿＿＿＿＿＿＿＿＿
＿＿＿＿＿＿＿＿＿＿
＿＿＿＿＿＿＿＿＿＿
＿＿＿＿＿＿＿＿＿＿
＿＿＿＿＿＿＿＿＿＿
＿＿＿＿◆■＿＿＿◆
◆◆□□◆◆■＿＿◆
□□◆□□□◆＿◆□
□□□□□□□■□□
□□□□□□□＿□□
□□□□□□□＿□□
□□□□□□□＿□□
□□□□□□□＿□□
□□□□□＿□□□□
□□＿＿＿＿□□□□
□□□□□□□□□＿
□□□□□□□□□＿
□□□□□□□□□＿
□＿＿□□□□□□□
□□□□□□＿□□□
01:14:17(133732f):field(133731f)
＿＿＿＿＿＿＿＿＿＿
＿＿＿＿＿＿＿＿＿＿
＿＿＿＿＿＿＿＿＿＿
＿＿＿＿＿＿＿＿＿＿
＿＿＿＿＿＿＿＿＿＿
＿＿＿＿＿◆＿＿＿＿
＿＿◆□■＿◆＿＿＿
◆◆■□□◆＿＿＿□
□□□□□□□◆□□
□□□□□□□＿□□
□□□□□□□＿□□
□□□□□□□＿□□
□□□□□□□＿□□
□□□□□＿□□□□
□□＿＿＿＿□□□□
□□□□□□□□□＿
□□□□□□□□□＿
□□□□□□□□□＿
□＿＿□□□□□□□
□□□□□□＿□□□
01:14:18(133746f):field(133745f)
＿＿＿＿＿＿＿＿＿＿
＿＿＿＿＿＿＿＿＿＿
＿＿＿＿＿＿＿＿＿＿
＿＿＿＿＿＿＿＿＿＿
＿＿＿＿＿＿＿＿＿＿
＿＿＿＿＿＿＿＿＿■
＿＿＿□□＿＿＿■■
＿＿□□□＿＿＿■□
□□□□□□□＿□□
□□□□□□□＿□□
□□□□□□□＿□□
□□□□□□□＿□□
□□□□□□□＿□□
□□□□□＿□□□□
□□＿＿＿＿□□□□
□□□□□□□□□＿
□□□□□□□□□＿
□□□□□□□□□＿
□＿＿□□□□□□□
□□□□□□＿□□□
01:14:18(133761f):field(133760f)
＿＿＿＿＿＿＿＿＿＿
＿＿＿＿＿＿＿＿＿＿
＿＿＿＿＿＿＿＿＿＿
＿＿＿＿＿＿＿＿＿＿
＿＿＿＿＿＿＿＿＿＿
＿＿＿＿＿＿＿＿＿◆
＿＿＿◆◆＿＿＿◆◆
＿＿◆◆◆＿＿＿◆◆
□◆□◆□◆◆＿◆◆
◆□◆◆◆□◆＿◆□
◆◆◆□□◆□＿□□
□□□□□□◆■□□
□□□□□□□■□□
□□□□□■□□□□
□□＿■＿＿□□□□
□□□□□□□□□＿
□□□□□□□□□＿
□□□□□□□□□＿
□＿＿□□□□□□□
□□□□□□＿□□□
01:14:19(133774f):field(133773f)
＿＿＿＿＿＿＿＿＿＿
＿＿＿＿＿＿＿＿＿＿
＿＿＿＿＿＿＿＿＿＿
＿＿＿＿＿＿＿＿＿＿
＿＿＿＿＿＿＿＿＿＿
＿＿＿＿＿＿＿＿＿＿
＿＿＿＿＿＿＿＿＿＿
＿＿＿＿＿＿＿＿＿＿
◆＿◆＿◆＿＿＿＿＿
＿◆＿＿＿◆＿＿＿□
■■＿□□＿◆＿□□
□□□□□◆＿◆□□
□□□□□□□◆□□
□□□□□◆□□□□
□□＿◆＿＿□□□□
□□□□□□□□□＿
□□□□□□□□□＿
□□□□□□□□□＿
□＿＿□□□□□□□
□□□□□□＿□□□
01:14:19(133784f):field(133783f)
＿＿＿＿＿＿＿＿＿＿
＿＿＿＿＿＿＿＿＿＿
＿＿＿＿＿＿＿＿＿＿
＿＿＿＿＿＿＿＿＿＿
＿＿＿＿＿＿＿＿＿＿
＿＿＿＿＿＿＿＿＿＿
＿＿＿＿＿＿＿＿＿＿
＿＿＿＿＿＿＿＿＿＿
＿＿＿＿＿＿＿＿＿＿
＿＿＿＿＿＿＿＿＿◆
□◆＿◆□＿＿＿◆◆
◆◆◆◆◆■＿■◆□
□□◆□□□□＿□□
□□□□□＿□□□□
□□＿■＿＿□□□□
□□□□□□□□□＿
□□□□□□□□□＿
□□□□□□□□□＿
□＿＿□□□□□□□
□□□□□□＿□□□
01:14:19(133799f):field(133798f)
＿＿＿＿＿＿＿＿＿＿
＿＿＿＿＿＿＿＿＿＿
＿＿＿＿＿＿＿＿＿＿
＿＿＿＿＿＿＿＿＿＿
＿＿＿＿＿＿＿＿＿＿
＿＿＿＿＿＿＿＿＿＿
＿＿＿＿＿＿＿＿＿＿
＿＿＿＿＿＿＿＿＿＿
＿＿＿＿＿＿＿＿＿＿
＿＿＿＿＿＿＿＿＿＿
◆＿＿＿◆＿＿＿＿＿
＿＿＿＿＿◆＿□■□
□□＿□□◆□■□□
□□□□□＿□□□□
□□■◆＿＿□□□□
□□□□□□□□□＿
□□□□□□□□□＿
□□□□□□□□□＿
□＿＿□□□□□□□
□□□□□□＿□□□
01:14:20(133811f):field(133810f)
＿＿＿＿＿＿＿＿＿＿
＿＿＿＿＿＿＿＿＿＿
＿＿＿＿＿＿＿＿＿＿
＿＿＿＿＿＿＿＿＿＿
＿＿＿＿＿＿＿＿＿＿
＿＿＿＿＿＿＿＿＿＿
＿＿＿＿＿＿＿＿＿＿
＿＿＿＿＿＿＿＿＿＿
＿＿＿＿＿＿＿＿＿＿
＿＿＿＿＿＿＿＿＿＿
＿＿＿■＿＿＿＿＿＿
＿＿■■＿＿＿□□□
□□■□□＿□□□□
□□□□□＿□□□□
□□◆＿＿＿□□□□
□□□□□□□□□＿
□□□□□□□□□＿
□□□□□□□□□＿
□＿＿□□□□□□□
□□□□□□＿□□□
01:14:20(133822f):field(133821f)
＿＿＿＿＿＿＿＿＿＿
＿＿＿＿＿＿＿＿＿＿
＿＿＿＿＿＿＿＿＿＿
＿＿＿＿＿＿＿＿＿＿
＿＿＿＿＿＿＿＿＿＿
＿＿＿＿＿＿＿＿＿＿
＿＿＿＿＿＿＿＿＿＿
＿＿＿＿＿＿＿＿＿＿
＿＿＿＿＿＿＿＿＿＿
＿＿＿＿＿＿＿＿＿＿
＿＿＿◆＿＿＿＿＿＿
＿■◆□＿＿＿◆◆□
◆◆□□□■□□□□
□□□□□■□□□□
□□＿■＿■□□□□
□□□□□□□□□＿
□□□□□□□□□＿
□□□□□□□□□＿
□＿＿□□□□□□□
□□□□□□＿□□□
01:14:21(133836f):field(133835f)
＿＿＿＿＿＿＿＿＿＿
＿＿＿＿＿＿＿＿＿＿
＿＿＿＿＿＿＿＿＿＿
＿＿＿＿＿＿＿＿＿＿
＿＿＿＿＿＿＿＿＿＿
＿＿＿＿＿＿＿＿＿＿
＿＿＿＿＿＿＿＿＿＿
＿＿＿＿＿＿＿＿＿＿
＿＿＿＿＿＿＿＿＿＿
＿＿＿＿＿＿＿＿＿＿
＿＿＿＿＿＿＿＿■■
＿◆＿□＿＿＿＿■□
＿＿□□□□□□□□
□□□□□◆□□□□
□□＿◆＿◆□□□□
□□□□□□□□□＿
□□□□□□□□□＿
□□□□□□□□□＿
□＿＿□□□□□□□
□□□□□□＿□□□
01:14:21(133848f):field(133847f)
＿＿＿＿＿＿＿＿＿＿
＿＿＿＿＿＿＿＿＿＿
＿＿＿＿＿＿＿＿＿＿
＿＿＿＿＿＿＿＿＿＿
＿＿＿＿＿＿＿＿＿＿
＿＿＿＿＿＿＿＿＿＿
＿＿＿＿＿＿＿＿＿＿
＿＿＿＿＿＿＿＿＿＿
＿＿＿＿＿＿＿＿＿＿
＿＿＿＿＿＿＿＿＿＿
＿＿＿＿＿＿＿＿□□
＿＿＿□■■■■□□
＿＿□□□□□□□□
□□□□□＿□□□□
□□＿＿＿＿□□□□
□□□□□□□□□＿
□□□□□□□□□＿
□□□□□□□□□＿
□＿＿□□□□□□□
□□□□□□＿□□□
01:14:22(133865f):field(133864f)
＿＿＿＿＿＿＿＿＿＿
＿＿＿＿＿＿＿＿＿＿
＿＿＿＿＿＿＿＿＿＿
＿＿＿＿＿＿＿＿＿＿
＿＿＿＿＿＿＿＿＿＿
＿＿＿＿＿＿＿＿＿＿
＿＿＿＿＿＿＿＿＿＿
＿＿＿＿＿＿＿＿＿＿
＿＿＿＿＿＿＿＿＿＿
＿＿＿＿＿■＿＿＿＿
＿＿＿＿＿■■■□□
＿＿＿□□□□□□□
＿＿□□□□□□□□
□□□□□＿□□□□
□□＿＿＿＿□□□□
□□□□□□□□□＿
□□□□□□□□□＿
□□□□□□□□□＿
□＿＿□□□□□□□
□□□□□□＿□□□
01:14:22(133877f):field(133876f)
＿＿＿＿＿＿＿＿＿＿
＿＿＿＿＿＿＿＿＿＿
＿＿＿＿＿＿＿＿＿＿
＿＿＿＿＿＿＿＿＿＿
＿＿＿＿＿＿＿＿＿＿
＿＿＿＿＿＿＿＿＿＿
＿＿＿＿＿＿＿＿＿＿
＿＿＿＿＿＿＿＿＿＿
＿＿＿＿＿＿＿＿＿＿
＿＿＿＿＿◆＿＿＿＿
＿＿＿＿＿□◆◆◆◆
＿＿＿◆◆□□□□□
＿■□□□□□□□□
□□□□□＿□□□□
□□＿＿■＿□□□□
□□□□□□□□□＿
□□□□□□□□□＿
□□□□□□□□□＿
□＿＿□□□□□□□
□□□□□□＿□□□
01:14:22(133889f):field(133888f)
＿＿＿＿＿＿＿＿＿＿
＿＿＿＿＿＿＿＿＿＿
＿＿＿＿＿＿＿＿＿＿
＿＿＿＿＿＿＿＿＿＿
＿＿＿＿＿＿＿＿＿＿
＿＿＿＿＿＿＿＿＿＿
＿＿＿＿＿＿＿＿＿＿
＿＿＿＿＿＿＿＿＿＿
＿＿＿＿＿＿＿＿＿＿
＿＿＿＿＿＿＿＿＿＿
＿＿＿＿＿◆＿＿＿＿
■＿＿■＿□□□◆◆
■□◆◆◆□□□□□
□□□□□＿□□□□
□□＿■□＿□□□□
□□□□□□□□□＿
□□□□□□□□□＿
□□□□□□□□□＿
□＿＿□□□□□□□
□□□□□□＿□□□
01:14:23(133901f):field(133900f)
＿＿＿＿＿＿＿＿＿＿
＿＿＿＿＿＿＿＿＿＿
＿＿＿＿＿＿＿＿＿＿
＿＿＿＿＿＿＿＿＿＿
＿＿＿＿＿＿＿＿＿＿
＿＿＿＿＿＿＿＿＿＿
＿＿＿＿＿＿＿＿＿＿
＿＿＿＿＿＿＿＿＿＿
＿＿＿＿＿＿＿＿＿＿
＿＿＿＿＿＿＿＿＿＿
＿＿＿＿＿＿＿＿＿＿
□■■◆＿□◆◆＿＿
□□■■＿□□□□□
□□□□□＿□□□□
□□＿◆◆＿□□□□
□□□□□□□□□＿
□□□□□□□□□＿
□□□□□□□□□＿
□＿＿□□□□□□□
□□□□□□＿□□□
01:14:23(133914f):field(133913f)
＿＿＿＿＿＿＿＿＿＿
＿＿＿＿＿＿＿＿＿＿
＿＿＿＿＿＿＿＿＿＿
＿＿＿＿＿＿＿＿＿＿
＿＿＿＿＿＿＿＿＿＿
＿＿＿＿＿＿＿＿＿＿
＿＿＿＿＿＿＿＿＿＿
＿＿＿＿＿＿＿＿＿＿
＿＿＿＿＿＿＿＿＿＿
＿＿＿＿＿＿＿＿＿＿
＿＿＿＿＿＿■■＿＿
□□□＿＿□■■＿＿
□□□□＿□□□□□
□□□□□＿□□□□
□□＿＿＿＿□□□□
□□□□□□□□□＿
□□□□□□□□□＿
□□□□□□□□□＿
□＿＿□□□□□□□
□□□□□□＿□□□
01:14:24(133927f):field(133926f)
＿＿＿＿＿＿＿＿＿＿
＿＿＿＿＿＿＿＿＿＿
＿＿＿＿＿＿＿＿＿＿
＿＿＿＿＿＿＿＿＿＿
＿＿＿＿＿＿＿＿＿＿
＿＿＿＿＿＿＿＿＿＿
＿＿＿＿＿＿＿＿＿＿
＿＿＿＿＿＿＿＿＿＿
＿＿＿＿＿＿＿＿＿＿
＿＿＿＿＿＿＿＿＿＿
＿＿＿＿＿＿◆◆＿＿
◆□□■■□□□＿＿
□□□◆■□□□□◆
□□□□□＿□□□□
□□＿＿＿■□□□□
□□□□□□□□□＿
□□□□□□□□□＿
□□□□□□□□□＿
□＿＿□□□□□□□
□□□□□□＿□□□
01:14:24(133941f):field(133940f)
＿＿＿＿＿＿＿＿＿＿
＿＿＿＿＿＿＿＿＿＿
＿＿＿＿＿＿＿＿＿＿
＿＿＿＿＿＿＿＿＿＿
＿＿＿＿＿＿＿＿＿＿
＿＿＿＿＿＿＿＿＿＿
＿＿＿＿＿＿＿＿＿＿
＿＿＿＿＿＿＿＿＿＿
＿＿＿＿＿＿＿＿＿＿
＿＿＿＿＿＿＿＿＿＿
＿＿＿＿＿＿＿＿■＿
＿◆◆◆□□□□■＿
□□□＿□□□□□■
□□□□□＿□□□□
□□＿＿＿◆□□□□
□□□□□□□□□＿
□□□□□□□□□＿
□□□□□□□□□＿
□＿＿□□□□□□□
□□□□□□＿□□□
01:14:25(133953f):field(133952f)
＿＿＿＿＿＿＿＿＿＿
＿＿＿＿＿＿＿＿＿＿
＿＿＿＿＿＿＿＿＿＿
＿＿＿＿＿＿＿＿＿＿
＿＿＿＿＿＿＿＿＿＿
＿＿＿＿＿＿＿＿＿＿
＿＿＿＿＿＿＿＿＿＿
＿＿＿＿＿＿＿＿＿＿
＿＿＿＿＿＿＿＿＿＿
＿＿＿＿＿＿＿＿＿＿
＿＿＿＿＿＿＿＿◆＿
＿＿■■◆◆◆◆□＿
◆◆□■□□□□□◆
□□□□□■□□□□
□□■＿＿＿□□□□
□□□□□□□□□＿
□□□□□□□□□＿
□□□□□□□□□＿
□＿＿□□□□□□□
□□□□□□＿□□□
01:14:25(133966f):field(133965f)
＿＿＿＿＿＿＿＿＿＿
＿＿＿＿＿＿＿＿＿＿
＿＿＿＿＿＿＿＿＿＿
＿＿＿＿＿＿＿＿＿＿
＿＿＿＿＿＿＿＿＿＿
＿＿＿＿＿＿＿＿＿＿
＿＿＿＿＿＿＿＿＿＿
＿＿＿＿＿＿＿＿＿＿
＿＿＿＿＿＿＿＿＿＿
＿＿＿＿＿＿＿＿＿＿
＿＿＿＿＿＿＿＿＿＿
＿＿□□■■■＿□＿
＿＿□□□□□□□＿
□□□□□◆□□□□
□□◆＿＿＿□□□□
□□□□□□□□□＿
□□□□□□□□□＿
□□□□□□□□□＿
□＿＿□□□□□□□
□□□□□□＿□□□
01:14:25(133978f):field(133977f)
＿＿＿＿＿＿＿＿＿＿
＿＿＿＿＿＿＿＿＿＿
＿＿＿＿＿＿＿＿＿＿
＿＿＿＿＿＿＿＿＿＿
＿＿＿＿＿＿＿＿＿＿
＿＿＿＿＿＿＿＿＿＿
＿＿＿＿＿＿＿＿＿＿
＿＿＿＿＿＿＿＿＿＿
＿＿＿＿＿＿＿＿＿＿
＿＿＿＿＿＿＿＿＿＿
＿＿＿＿＿＿■■■＿
＿＿□□□□□■□＿
＿＿□□□□□□□＿
□□□□□＿□□□□
□□＿＿＿＿□□□□
□□□□□□□□□＿
□□□□□□□□□＿
□□□□□□□□□＿
□＿＿□□□□□□□
□□□□□□＿□□□
01:14:26(133990f):field(133989f)
＿＿＿＿＿＿＿＿＿＿
＿＿＿＿＿＿＿＿＿＿
＿＿＿＿＿＿＿＿＿＿
＿＿＿＿＿＿＿＿＿＿
＿＿＿＿＿＿＿＿＿＿
＿＿＿＿＿＿＿＿＿＿
＿＿＿＿＿＿＿＿＿＿
＿＿＿＿＿＿＿＿＿＿
＿＿＿＿＿＿■＿＿＿
＿＿＿＿＿■■＿＿＿
＿＿＿＿＿■□□□＿
＿＿□□□□□□□＿
＿＿□□□□□□□＿
□□□□□＿□□□□
□□＿＿＿＿□□□□
□□□□□□□□□＿
□□□□□□□□□＿
□□□□□□□□□＿
□＿＿□□□□□□□
□□□□□□＿□□□
01:14:26(134001f):field(134000f)
＿＿＿＿＿＿＿＿＿＿
＿＿＿＿＿＿＿＿＿＿
＿＿＿＿＿＿＿＿＿＿
＿＿＿＿＿＿＿＿＿＿
＿＿＿＿＿＿＿＿＿＿
＿＿＿＿＿＿＿＿＿＿
＿＿＿＿＿＿＿＿＿＿
＿＿＿＿＿＿＿＿＿＿
＿＿＿＿＿＿□＿＿＿
＿＿＿＿＿□□＿＿＿
＿＿＿＿＿□□□□＿
■■□□□□□□□＿
■■□□□□□□□＿
□□□□□＿□□□□
□□＿＿＿＿□□□□
□□□□□□□□□＿
□□□□□□□□□＿
□□□□□□□□□＿
□＿＿□□□□□□□
□□□□□□＿□□□
01:14:27(134015f):field(134014f)
＿＿＿＿＿＿＿＿＿＿
＿＿＿＿＿＿＿＿＿＿
＿＿＿＿＿＿＿＿＿＿
＿＿＿＿＿＿＿＿＿＿
＿＿＿＿＿＿＿＿＿＿
＿＿＿＿＿＿＿＿＿＿
＿＿＿＿＿＿＿＿＿＿
＿＿＿＿＿＿＿＿＿＿
＿＿＿■＿＿□＿＿＿
＿＿＿■■□□＿＿＿
＿＿＿＿■□□□□＿
□□□□□□□□□＿
□□□□□□□□□＿
□□□□□＿□□□□
□□＿＿＿＿□□□□
□□□□□□□□□＿
□□□□□□□□□＿
□□□□□□□□□＿
□＿＿□□□□□□□
□□□□□□＿□□□
01:14:27(134037f):field(134036f)
＿＿＿＿＿＿＿＿＿＿
＿＿＿＿＿＿＿＿＿＿
＿＿＿＿＿＿＿＿＿＿
＿＿＿＿＿＿＿＿＿＿
＿＿＿＿＿＿＿＿＿＿
＿＿＿＿＿＿＿＿＿＿
＿＿＿＿＿＿＿＿＿＿
＿＿＿＿＿＿＿＿＿＿
＿＿＿□＿＿□＿＿＿
＿■＿□□□□＿＿＿
＿■■■□□□□□＿
□□□□□□□□□＿
□□□□□□□□□＿
□□□□□＿□□□□
□□＿＿＿＿□□□□
□□□□□□□□□＿
□□□□□□□□□＿
□□□□□□□□□＿
□＿＿□□□□□□□
□□□□□□＿□□□
01:14:28(134048f):field(134047f)
＿＿＿＿＿＿＿＿＿＿
＿＿＿＿＿＿＿＿＿＿
＿＿＿＿＿＿＿＿＿＿
＿＿＿＿＿＿＿＿＿＿
＿＿＿＿＿＿＿＿＿＿
＿＿＿＿＿＿＿＿＿＿
＿＿＿＿■＿＿＿＿＿
＿＿＿＿■＿＿＿＿＿
＿＿＿□■■□＿＿＿
＿□＿□□□□＿＿＿
＿□□□□□□□□＿
□□□□□□□□□＿
□□□□□□□□□＿
□□□□□＿□□□□
□□＿＿＿＿□□□□
□□□□□□□□□＿
□□□□□□□□□＿
□□□□□□□□□＿
□＿＿□□□□□□□
□□□□□□＿□□□
01:14:28(134062f):field(134061f)
＿＿＿＿＿＿＿＿＿＿
＿＿＿＿＿＿＿＿＿＿
＿＿＿＿＿＿＿＿＿＿
＿＿＿＿＿＿＿＿＿＿
＿＿＿＿＿＿＿＿＿＿
＿＿＿＿＿＿＿＿＿＿
＿＿＿＿◆＿＿＿＿＿
＿＿＿＿◆＿＿＿＿＿
＿＿＿◆□◆◆＿＿＿
＿◆＿◆□◆◆＿＿＿
＿◆□□□□□◆◆＿
◆□◆□□□□□◆■
□□□□□□□□□■
□□□□□■□□□□
□□■■＿■□□□□
□□□□□□□□□＿
□□□□□□□□□＿
□□□□□□□□□＿
□＿＿□□□□□□□
□□□□□□＿□□□
01:14:29(134075f):field(134074f)
＿＿＿＿＿＿＿＿＿＿
＿＿＿＿＿＿＿＿＿＿
＿＿＿＿＿＿＿＿＿＿
＿＿＿＿＿＿＿＿＿＿
＿＿＿＿＿＿＿＿＿＿
＿＿＿＿＿＿＿＿＿＿
＿＿＿＿＿＿＿＿＿＿
＿＿＿＿＿＿＿＿＿＿
＿＿＿＿□＿＿＿＿＿
＿＿■＿□＿＿＿＿＿
＿■□□□□□＿＿＿
＿□■□□□□◆＿□
◆□□□□□□□□□
□□□□□◆□□□□
□□◆◆＿◆□□□□
□□□□□□□□□＿
□□□□□□□□□＿
□□□□□□□□□＿
□＿＿□□□□□□□
□□□□□□＿□□□
01:14:29(134088f):field(134087f)
＿＿＿＿＿＿＿＿＿＿
＿＿＿＿＿＿＿＿＿＿
＿＿＿＿＿＿＿＿＿＿
＿＿＿＿＿＿＿＿＿＿
＿＿＿＿＿＿＿＿＿＿
＿＿＿＿＿＿＿＿＿＿
＿＿＿＿＿＿＿＿＿＿
＿＿＿＿＿＿＿＿＿＿
＿＿＿＿□■■＿＿＿
＿＿□＿□■■＿＿＿
＿□□□□□□＿＿＿
＿□□□□□□＿＿□
＿□□□□□□□□□
□□□□□＿□□□□
□□＿＿＿＿□□□□
□□□□□□□□□＿
□□□□□□□□□＿
□□□□□□□□□＿
□＿＿□□□□□□□
□□□□□□＿□□□
01:14:30(134102f):field(134101f)
＿＿＿＿＿＿＿＿＿＿
＿＿＿＿＿＿＿＿＿＿
＿＿＿＿＿＿＿＿＿＿
＿＿＿＿＿＿＿＿＿＿
＿＿＿＿＿＿＿＿＿＿
＿＿＿＿＿＿＿＿＿＿
＿＿＿＿＿＿＿＿＿＿
＿＿＿＿＿＿＿＿＿＿
＿＿＿＿□□□＿＿＿
＿＿□＿□□□＿＿＿
＿□□□□□□＿■■
＿□□□□□□■■□
＿□□□□□□□□□
□□□□□＿□□□□
□□＿＿＿＿□□□□
□□□□□□□□□＿
□□□□□□□□□＿
□□□□□□□□□＿
□＿＿□□□□□□□
□□□□□□＿□□□
01:14:30(134116f):field(134115f)
＿＿＿＿＿＿＿＿＿＿
＿＿＿＿＿＿＿＿＿＿
＿＿＿＿＿＿＿＿＿＿
＿＿＿＿＿＿＿＿＿＿
＿＿＿＿＿＿＿＿＿＿
＿＿＿＿＿＿＿＿＿＿
＿＿＿＿＿＿＿＿＿＿
＿＿＿＿＿＿＿＿＿＿
＿＿＿＿□□□＿■＿
＿＿□＿□□□■■＿
＿□□□□□□■□□
＿□□□□□□□□□
＿□□□□□□□□□
□□□□□＿□□□□
□□＿＿＿＿□□□□
□□□□□□□□□＿
□□□□□□□□□＿
□□□□□□□□□＿
□＿＿□□□□□□□
□□□□□□＿□□□
01:14:30(134128f):field(134127f)
＿＿＿＿＿＿＿＿＿＿
＿＿＿＿＿＿＿＿＿＿
＿＿＿＿＿＿＿＿＿＿
＿＿＿＿＿＿＿＿＿＿
＿＿＿＿＿＿＿＿＿＿
＿＿＿＿＿＿＿＿＿＿
＿＿＿■＿＿＿＿＿＿
＿＿＿■＿＿＿＿＿＿
＿＿＿■□□□＿□＿
＿＿□■□□□□□＿
＿□□□□□□□□□
＿□□□□□□□□□
＿□□□□□□□□□
□□□□□＿□□□□
□□＿＿＿＿□□□□
□□□□□□□□□＿
□□□□□□□□□＿
□□□□□□□□□＿
□＿＿□□□□□□□
□□□□□□＿□□□
01:14:31(134141f):field(134140f)
＿＿＿＿＿＿＿＿＿＿
＿＿＿＿＿＿＿＿＿＿
＿＿＿＿＿＿＿＿＿＿
＿＿＿＿＿＿＿＿＿＿
＿＿＿＿＿＿＿＿＿＿
＿＿＿■■＿＿＿＿＿
＿＿＿□■＿＿＿＿＿
＿＿＿□■＿＿＿＿＿
＿＿＿□□□□＿□＿
＿＿□□□□□□□＿
＿□□□□□□□□□
＿□□□□□□□□□
＿□□□□□□□□□
□□□□□＿□□□□
□□＿＿＿＿□□□□
□□□□□□□□□＿
□□□□□□□□□＿
□□□□□□□□□＿
□＿＿□□□□□□□
□□□□□□＿□□□
01:14:31(134155f):field(134154f)
＿＿＿＿＿＿＿＿＿＿
＿＿＿＿＿＿＿＿＿＿
＿＿＿＿＿＿＿＿＿＿
＿＿＿＿＿＿＿＿＿＿
＿＿＿＿＿＿＿＿＿＿
＿＿＿◆◆＿＿＿＿＿
＿＿＿◆◆＿＿＿＿＿
＿＿＿□□＿＿＿＿＿
＿＿＿□□◆◆＿◆＿
＿＿◆□□□◆◆◆＿
＿◆◆□□□□◆□◆
■□□□□□□□□◆
＿□□□□□□□□□
□□□□□■□□□□
□□＿＿＿＿□□□□
□□□□□□□□□＿
□□□□□□□□□＿
□□□□□□□□□＿
□＿＿□□□□□□□
□□□□□□＿□□□
01:14:32(134170f):field(134169f)
＿＿＿＿＿＿＿＿＿＿
＿＿＿＿＿＿＿＿＿＿
＿＿＿＿＿＿＿＿＿＿
＿＿＿＿＿＿＿＿＿＿
＿＿＿＿＿＿＿＿＿＿
＿＿＿＿＿＿＿＿＿＿
＿＿＿＿＿＿＿＿＿＿
＿＿＿□□＿＿＿＿＿
＿＿＿□□＿■＿＿＿
＿＿＿□□◆■■＿＿
＿＿＿□□□□■□＿
□□□□□□□□□＿
＿□□□□□□□□□
□□□□□◆□□□□
□□＿＿＿＿□□□□
□□□□□□□□□＿
□□□□□□□□□＿
□□□□□□□□□＿
□＿＿□□□□□□□
□□□□□□＿□□□
01:14:32(134183f):field(134182f)
＿＿＿＿＿＿＿＿＿＿
＿＿＿＿＿＿＿＿＿＿
＿＿＿＿＿＿＿＿＿＿
＿＿＿＿＿＿＿＿＿＿
＿＿＿＿＿＿＿＿＿＿
＿＿＿＿＿＿＿＿＿＿
＿＿＿＿＿＿＿＿＿＿
＿＿＿□□＿＿＿＿＿
＿＿＿□□＿□■■＿
＿＿＿□□＿□□■■
＿＿＿□□□□□□＿
□□□□□□□□□＿
＿□□□□□□□□□
□□□□□＿□□□□
□□＿＿＿＿□□□□
□□□□□□□□□＿
□□□□□□□□□＿
□□□□□□□□□＿
□＿＿□□□□□□□
□□□□□□＿□□□
01:14:33(134196f):field(134195f)
＿＿＿＿＿＿＿＿＿＿
＿＿＿＿＿＿＿＿＿＿
＿＿＿＿＿＿＿＿＿＿
＿＿＿＿＿＿＿＿＿＿
＿＿＿＿＿＿＿＿＿＿
＿＿＿＿＿＿＿＿＿＿
＿＿＿＿＿■＿＿＿＿
＿＿＿□□■＿＿＿＿
＿＿＿□□■□□□＿
＿＿＿□□■□□□□
＿＿＿□□□□□□＿
□□□□□□□□□＿
＿□□□□□□□□□
□□□□□＿□□□□
□□＿＿＿＿□□□□
□□□□□□□□□＿
□□□□□□□□□＿
□□□□□□□□□＿
□＿＿□□□□□□□
□□□□□□＿□□□
01:14:33(134209f):field(134208f)
＿＿＿＿＿＿＿＿＿＿
＿＿＿＿＿＿＿＿＿＿
＿＿＿＿＿＿＿＿＿＿
＿＿＿＿＿＿＿＿＿＿
＿＿＿＿＿＿＿＿＿＿
＿＿＿＿＿＿＿＿＿＿
＿＿＿＿＿□＿＿＿＿
＿＿＿□□□＿＿＿＿
＿＿＿□□□□□□＿
＿＿■□□□□□□□
■■■□□□□□□＿
□□□□□□□□□＿
＿□□□□□□□□□
□□□□□＿□□□□
□□＿＿＿＿□□□□
□□□□□□□□□＿
□□□□□□□□□＿
□□□□□□□□□＿
□＿＿□□□□□□□
□□□□□□＿□□□
01:14:34(134221f):field(134220f)
＿＿＿＿＿＿＿＿＿＿
＿＿＿＿＿＿＿＿＿＿
＿＿＿＿＿＿＿＿＿＿
＿＿＿＿＿＿＿＿＿＿
＿＿＿＿■＿＿＿＿＿
＿＿＿＿■■＿＿＿＿
＿＿＿＿■□＿＿＿＿
＿＿＿□□□＿＿＿＿
＿＿＿□□□□□□＿
＿＿□□□□□□□□
□□□□□□□□□＿
□□□□□□□□□＿
＿□□□□□□□□□
□□□□□＿□□□□
□□＿＿＿＿□□□□
□□□□□□□□□＿
□□□□□□□□□＿
□□□□□□□□□＿
□＿＿□□□□□□□
□□□□□□＿□□□
01:14:34(134232f):field(134231f)
＿＿＿＿＿＿＿＿＿＿
＿＿＿＿＿＿＿＿＿＿
＿＿＿＿＿＿＿＿＿＿
＿＿＿＿＿＿＿＿＿＿
＿＿＿＿◆＿＿＿＿＿
＿＿＿＿□◆＿＿＿＿
＿＿＿＿□□＿＿＿＿
＿＿＿◆□□＿＿＿＿
＿＿＿□□□◆◆◆＿
＿■□□□□□□□◆
□□□□□□□□□＿
□□□□□□□□□＿
＿□□□□□□□□□
□□□□□＿□□□□
□□＿＿＿＿□□□□
□□□□□□□□□＿
□□□□□□□□□＿
□□□□□□□□□＿
□＿＿□□□□□□□
□□□□□□＿□□□
01:14:34(134249f):field(134248f)
＿＿＿＿＿＿＿＿＿＿
＿＿＿＿＿＿＿＿＿＿
＿＿＿＿＿＿＿＿＿＿
＿＿＿＿＿＿＿＿＿＿
＿＿＿＿＿＿＿＿＿＿
＿＿＿＿□＿＿＿＿＿
＿＿＿＿□□＿＿＿＿
＿＿＿＿□□■＿＿＿
＿＿＿□□□■■■＿
＿□□□□□□□□＿
□□□□□□□□□＿
□□□□□□□□□＿
＿□□□□□□□□□
□□□□□＿□□□□
□□＿＿＿＿□□□□
□□□□□□□□□＿
□□□□□□□□□＿
□□□□□□□□□＿
□＿＿□□□□□□□
□□□□□□＿□□□
01:14:35(134267f):field(134266f)
＿＿＿＿＿＿＿＿＿＿
＿＿＿＿＿＿＿＿＿＿
＿＿＿＿＿＿＿＿＿＿
＿＿＿＿＿＿＿＿＿＿
＿＿＿＿＿＿＿＿＿＿
＿＿＿＿□＿＿＿＿＿
＿＿＿■□□＿＿＿＿
＿＿■■□□□＿＿＿
＿＿■□□□□□□＿
＿□□□□□□□□＿
□□□□□□□□□＿
□□□□□□□□□＿
＿□□□□□□□□□
□□□□□＿□□□□
□□＿＿＿＿□□□□
□□□□□□□□□＿
□□□□□□□□□＿
□□□□□□□□□＿
□＿＿□□□□□□□
□□□□□□＿□□□
01:14:36(134280f):field(134279f)
＿＿＿＿＿＿＿＿＿＿
＿＿＿＿＿＿＿＿＿＿
＿＿＿＿＿＿＿＿＿＿
＿＿＿＿＿＿＿＿＿＿
＿＿＿＿＿＿＿＿＿＿
＿＿＿＿◆＿＿＿＿＿
＿＿＿◆◆◆＿＿＿＿
＿＿◆◆□◆◆＿＿＿
＿＿◆□□□◆◆◆＿
＿◆□□□□□◆◆＿
◆◆□□□□□□□■
◆□□□□□□□□■
■□□□□□□□□□
□□□□□■□□□□
□□＿＿＿＿□□□□
□□□□□□□□□＿
□□□□□□□□□＿
□□□□□□□□□＿
□＿＿□□□□□□□
□□□□□□＿□□□
01:14:36(134293f):field(134292f)
＿＿＿＿＿＿＿＿＿＿
＿＿＿＿＿＿＿＿＿＿
＿＿＿＿＿＿＿＿＿＿
＿＿＿＿＿＿＿＿＿＿
＿＿＿＿＿＿＿＿＿＿
＿＿＿＿＿＿＿＿＿＿
＿＿＿＿＿＿＿＿＿＿
＿＿＿＿□＿＿＿＿＿
＿＿＿□□□＿■■＿
＿＿□□□□□■■＿
＿＿□□□□□□□□
＿□□□□□□□□□
◆□□□□□□□□□
□□□□□◆□□□□
□□＿＿＿＿□□□□
□□□□□□□□□＿
□□□□□□□□□＿
□□□□□□□□□＿
□＿＿□□□□□□□
□□□□□□＿□□□
01:14:36(134305f):field(134304f)
＿＿＿＿＿＿＿＿＿＿
＿＿＿＿＿＿＿＿＿＿
＿＿＿＿＿＿＿＿＿＿
＿＿＿＿＿＿＿＿＿＿
＿＿＿＿＿＿＿＿＿＿
＿＿＿＿＿＿＿＿＿＿
＿＿＿＿＿■＿＿＿＿
＿＿＿＿□■■＿＿＿
＿＿＿□□□■□□＿
＿＿□□□□□□□＿
＿＿□□□□□□□□
＿□□□□□□□□□
＿□□□□□□□□□
□□□□□＿□□□□
□□＿＿＿＿□□□□
□□□□□□□□□＿
□□□□□□□□□＿
□□□□□□□□□＿
□＿＿□□□□□□□
□□□□□□＿□□□
01:14:37(134321f):field(134320f)
＿＿＿＿＿＿＿＿＿＿
＿＿＿＿＿＿＿＿＿＿
＿＿＿＿＿＿＿＿＿＿
＿＿＿＿＿＿＿＿＿＿
＿＿＿＿＿＿＿＿＿＿
＿＿＿＿＿＿＿＿＿＿
＿＿＿＿＿◆＿＿＿＿
＿＿＿＿◆◆◆＿＿＿
＿＿＿◆◆◆◆◆◆＿
＿＿◆□◆□◆◆◆＿
＿＿◆◆□□□◆□◆
■◆□□□□□□□◆
■◆□□□□□□□◆
□□□□□＿□□□□
□□＿■＿＿□□□□
□□□□□□□□□＿
□□□□□□□□□＿
□□□□□□□□□＿
□＿＿□□□□□□□
□□□□□□＿□□□
01:14:37(134336f):field(134335f)
＿＿＿＿＿＿＿＿＿＿
＿＿＿＿＿＿＿＿＿＿
＿＿＿＿＿＿＿＿＿＿
＿＿＿＿＿＿＿＿＿＿
＿＿＿＿＿＿＿＿＿＿
＿＿＿＿＿＿＿＿＿＿
＿＿＿＿＿＿＿＿＿＿
＿＿＿＿＿＿＿＿＿＿
＿＿＿＿＿＿＿＿＿＿
＿＿＿◆＿□■■＿＿
＿＿＿＿□□□■□＿
◆＿◆□□□□□□＿
◆＿□□□□□□□＿
□□□□□＿□□□□
□□＿◆＿＿□□□□
□□□□□□□□□＿
□□□□□□□□□＿
□□□□□□□□□＿
□＿＿□□□□□□□
□□□□□□＿□□□
01:14:38(134348f):field(134347f)
＿＿＿＿＿＿＿＿＿＿
＿＿＿＿＿＿＿＿＿＿
＿＿＿＿＿＿＿＿＿＿
＿＿＿＿＿＿＿＿＿＿
＿＿＿＿＿＿＿＿＿＿
＿＿＿＿＿＿＿＿＿＿
＿＿＿＿＿＿＿＿＿＿
＿＿＿＿■＿＿＿＿＿
＿＿＿＿■■＿＿＿＿
＿＿＿＿■□□□＿＿
＿＿＿＿□□□□□＿
＿＿＿□□□□□□＿
＿＿□□□□□□□＿
□□□□□＿□□□□
□□＿＿＿＿□□□□
□□□□□□□□□＿
□□□□□□□□□＿
□□□□□□□□□＿
□＿＿□□□□□□□
□□□□□□＿□□□
01:14:38(134361f):field(134360f)
＿＿＿＿＿＿＿＿＿＿
＿＿＿＿＿＿＿＿＿＿
＿＿＿＿＿＿＿＿＿＿
＿＿＿＿＿＿＿＿＿＿
＿＿＿＿＿＿＿＿＿＿
＿＿＿＿＿＿＿＿＿＿
＿＿＿＿＿＿＿＿＿＿
＿＿＿＿□＿＿＿＿＿
＿＿＿＿□□＿＿＿＿
＿＿＿＿□□□□＿＿
■＿＿＿□□□□□＿
■＿＿□□□□□□＿
■■□□□□□□□＿
□□□□□＿□□□□
□□＿＿＿＿□□□□
□□□□□□□□□＿
□□□□□□□□□＿
□□□□□□□□□＿
□＿＿□□□□□□□
□□□□□□＿□□□
01:14:39(134374f):field(134373f)
＿＿＿＿＿＿＿＿＿＿
＿＿＿＿＿＿＿＿＿＿
＿＿＿＿＿＿＿＿＿＿
＿＿＿＿＿＿＿＿＿＿
＿＿＿＿＿＿＿＿＿＿
＿＿＿＿＿＿＿＿＿＿
＿＿＿＿＿＿＿＿＿＿
＿＿＿＿◆＿＿＿＿＿
＿＿＿＿□◆＿＿＿＿
＿＿＿＿□□◆◆＿＿
◆＿＿＿□□□□◆■
□＿＿◆□□□□□■
□◆◆□□□□□□■
□□□□□＿□□□□
□□＿＿＿＿□□□□
□□□□□□□□□＿
□□□□□□□□□＿
□□□□□□□□□＿
□＿＿□□□□□□□
□□□□□□＿□□□
01:14:39(134387f):field(134386f)
＿＿＿＿＿＿＿＿＿＿
＿＿＿＿＿＿＿＿＿＿
＿＿＿＿＿＿＿＿＿＿
＿＿＿＿＿＿＿＿＿＿
＿＿＿＿＿＿＿＿＿＿
＿＿＿＿＿＿＿＿＿＿
＿＿＿＿＿＿＿＿＿＿
＿＿＿＿＿＿＿＿＿＿
＿＿＿＿◆＿＿＿＿＿
＿＿＿＿□◆＿＿＿＿
＿＿＿＿□□◆◆＿◆
◆■＿＿□□□□◆□
□＿■□□□□□□□
□□□□□■□□□□
□□＿■＿■□□□□
□□□□□□□□□＿
□□□□□□□□□＿
□□□□□□□□□＿
□＿＿□□□□□□□
□□□□□□＿□□□
01:14:40(134400f):field(134399f)
＿＿＿＿＿＿＿＿＿＿
＿＿＿＿＿＿＿＿＿＿
＿＿＿＿＿＿＿＿＿＿
＿＿＿＿＿＿＿＿＿＿
＿＿＿＿＿＿＿＿＿＿
＿＿＿＿＿＿＿＿＿＿
＿＿＿＿＿＿＿＿＿＿
＿＿＿＿＿＿＿＿＿＿
＿＿＿＿＿＿＿＿＿＿
＿＿＿■□＿＿＿＿＿
＿＿＿■□□＿＿＿＿
＿◆■■□□□□＿□
□＿□□□□□□□□
□□□□□◆□□□□
□□＿◆＿◆□□□□
□□□□□□□□□＿
□□□□□□□□□＿
□□□□□□□□□＿
□＿＿□□□□□□□
□□□□□□＿□□□
01:14:40(134414f):field(134413f)
＿＿＿＿＿＿＿＿＿＿
＿＿＿＿＿＿＿＿＿＿
＿＿＿＿＿＿＿＿＿＿
＿＿＿＿＿＿＿＿＿＿
＿＿＿＿＿＿＿＿＿＿
＿＿＿＿＿＿＿＿＿＿
＿＿＿＿＿＿＿＿＿＿
＿＿＿＿＿＿＿＿＿＿
＿＿＿＿＿＿＿＿＿＿
＿＿＿□□＿＿＿＿＿
＿＿＿□□□＿■■■
＿＿□□□□□□■□
□＿□□□□□□□□
□□□□□＿□□□□
□□＿＿＿＿□□□□
□□□□□□□□□＿
□□□□□□□□□＿
□□□□□□□□□＿
□＿＿□□□□□□□
□□□□□□＿□□□
01:14:40(134425f):field(134424f)
＿＿＿＿＿＿＿＿＿＿
＿＿＿＿＿＿＿＿＿＿
＿＿＿＿＿＿＿＿＿＿
＿＿＿＿＿＿＿＿＿＿
＿＿＿＿＿＿＿＿＿＿
＿＿＿＿＿＿＿＿＿＿
＿＿＿＿＿＿＿＿＿＿
＿＿＿■■＿＿＿＿＿
＿＿＿■■＿＿＿＿＿
＿＿＿□□＿＿＿＿＿
＿＿＿□□□＿□□□
＿＿□□□□□□□□
□＿□□□□□□□□
□□□□□＿□□□□
□□＿＿＿＿□□□□
□□□□□□□□□＿
□□□□□□□□□＿
□□□□□□□□□＿
□＿＿□□□□□□□
□□□□□□＿□□□
01:14:41(134440f):field(134439f)
＿＿＿＿＿＿＿＿＿＿
＿＿＿＿＿＿＿＿＿＿
＿＿＿＿＿＿＿＿＿＿
＿＿＿＿＿＿＿＿＿＿
＿＿＿＿＿＿＿＿＿＿
＿＿＿＿＿＿＿＿＿＿
＿＿＿＿＿＿＿＿＿＿
＿＿＿□□＿＿＿＿＿
＿＿＿□□＿＿＿＿＿
＿＿＿□□＿■■■＿
＿＿＿□□□■□□□
＿＿□□□□□□□□
□＿□□□□□□□□
□□□□□＿□□□□
□□＿＿＿＿□□□□
□□□□□□□□□＿
□□□□□□□□□＿
□□□□□□□□□＿
□＿＿□□□□□□□
□□□□□□＿□□□
01:14:41(134452f):field(134451f)
＿＿＿＿＿＿＿＿＿＿
＿＿＿＿＿＿＿＿＿＿
＿＿＿＿＿＿＿＿＿＿
＿＿＿＿＿＿＿＿＿＿
＿＿＿＿＿＿＿＿＿＿
＿＿＿＿＿＿＿＿＿＿
＿＿＿＿＿■＿＿＿＿
＿＿＿□□■＿＿＿＿
＿＿＿□□■＿＿＿＿
＿＿＿□□■□□□＿
＿＿＿□□□□□□□
＿＿□□□□□□□□
□＿□□□□□□□□
□□□□□＿□□□□
□□＿＿＿＿□□□□
□□□□□□□□□＿
□□□□□□□□□＿
□□□□□□□□□＿
□＿＿□□□□□□□
□□□□□□＿□□□
01:14:42(134468f):field(134467f)
＿＿＿＿＿＿＿＿＿＿
＿＿＿＿＿＿＿＿＿＿
＿＿＿＿＿＿＿＿＿＿
＿＿＿＿＿＿＿＿＿＿
＿＿＿＿＿＿＿＿＿＿
＿＿＿＿＿＿＿＿＿＿
＿＿＿＿＿□＿＿＿＿
＿＿＿□□□＿＿＿＿
＿＿＿□□□＿■■■
＿＿＿□□□□□□■
＿＿＿□□□□□□□
＿＿□□□□□□□□
□＿□□□□□□□□
□□□□□＿□□□□
□□＿＿＿＿□□□□
□□□□□□□□□＿
□□□□□□□□□＿
□□□□□□□□□＿
□＿＿□□□□□□□
□□□□□□＿□□□
01:14:42(134479f):field(134478f)
＿＿＿＿＿＿＿＿＿＿
＿＿＿＿＿＿＿＿＿＿
＿＿＿＿＿＿＿＿＿＿
＿＿＿＿＿＿＿＿＿＿
＿＿＿＿＿＿＿＿＿＿
＿＿＿＿＿＿＿＿＿＿
＿＿＿＿＿◆＿＿＿＿
＿＿＿◆◆◆＿＿＿＿
＿＿＿◆◆□＿◆◆◆
＿＿＿□□□◆◆◆◆
＿＿＿□□□◆□□□
＿＿□□□□□□□□
□■□□□□□□□□
□□□□□＿□□□□
□□■■＿■□□□□
□□□□□□□□□＿
□□□□□□□□□＿
□□□□□□□□□＿
□＿＿□□□□□□□
□□□□□□＿□□□
01:14:43(134494f):field(134493f)
＿＿＿＿＿＿＿＿＿＿
＿＿＿＿＿＿＿＿＿＿
＿＿＿＿＿＿＿＿＿＿
＿＿＿＿＿＿＿＿＿＿
＿＿＿＿＿＿＿＿＿＿
＿＿＿＿＿＿＿＿＿＿
＿＿＿＿＿＿＿＿＿＿
＿＿＿＿＿＿＿＿＿＿
＿＿＿＿＿◆＿＿＿＿
＿＿＿◆◆□＿＿＿＿
＿＿■□□□＿◆◆◆
■■◆□□□◆□□□
□□◆□□□□□□□
□□□□□＿□□□□
□□◆◆＿◆□□□□
□□□□□□□□□＿
□□□□□□□□□＿
□□□□□□□□□＿
□＿＿□□□□□□□
□□□□□□＿□□□
01:14:43(134506f):field(134505f)
＿＿＿＿＿＿＿＿＿＿
＿＿＿＿＿＿＿＿＿＿
＿＿＿＿＿＿＿＿＿＿
＿＿＿＿＿＿＿＿＿＿
＿＿＿＿＿＿＿＿＿＿
＿＿＿＿＿＿＿＿＿＿
＿＿＿＿＿＿＿＿＿＿
＿＿＿＿＿＿＿＿＿＿
＿＿＿■■＿＿＿＿＿
＿＿＿■■□＿＿＿＿
＿＿◆□□□＿＿＿＿
◆◆＿□□□＿□□□
□□＿□□□□□□□
□□□□□＿□□□□
□□＿＿＿＿□□□□
□□□□□□□□□＿
□□□□□□□□□＿
□□□□□□□□□＿
□＿＿□□□□□□□
□□□□□□＿□□□
01:14:44(134522f):field(134521f)
＿＿＿＿＿＿＿＿＿＿
＿＿＿＿＿＿＿＿＿＿
＿＿＿＿＿＿＿＿＿＿
＿＿＿＿＿＿＿＿＿＿
＿＿＿＿＿＿＿＿＿＿
＿＿＿＿＿＿＿＿＿＿
＿＿＿＿＿＿＿＿＿＿
＿＿＿＿＿＿＿＿＿＿
＿＿＿□□＿＿＿＿＿
＿＿＿□□□＿＿＿＿
＿＿＿□□□■■■＿
＿＿＿□□□■□□□
□□＿□□□□□□□
□□□□□＿□□□□
□□＿＿＿＿□□□□
□□□□□□□□□＿
□□□□□□□□□＿
□□□□□□□□□＿
□＿＿□□□□□□□
□□□□□□＿□□□
01:14:44(134536f):field(134535f)
＿＿＿＿＿＿＿＿＿＿
＿＿＿＿＿＿＿＿＿＿
＿＿＿＿＿＿＿＿＿＿
＿＿＿＿＿＿＿＿＿＿
＿＿＿＿＿＿＿＿＿＿
＿＿＿＿＿＿＿＿＿＿
＿＿＿＿＿＿＿＿＿＿
＿＿＿＿＿＿＿＿＿＿
＿＿＿□□■■＿＿＿
＿＿＿□□□■■＿＿
＿＿＿□□□□□□＿
＿＿＿□□□□□□□
□□＿□□□□□□□
□□□□□＿□□□□
□□＿＿＿＿□□□□
□□□□□□□□□＿
□□□□□□□□□＿
□□□□□□□□□＿
□＿＿□□□□□□□
□□□□□□＿□□□
01:14:44(134549f):field(134548f)
＿＿＿＿＿＿＿＿＿＿
＿＿＿＿＿＿＿＿＿＿
＿＿＿＿＿＿＿＿＿＿
＿＿＿＿＿＿＿＿＿＿
＿＿＿＿＿＿＿＿＿＿
＿＿＿＿＿＿＿＿＿＿
＿＿＿＿＿＿＿＿＿＿
＿＿＿＿＿＿＿＿＿＿
＿＿＿◆◆◆◆＿＿＿
＿＿＿◆◆◆◆◆＿＿
■＿■□□□□◆◆＿
＿■＿□□□□□◆□
◆◆＿□□□□□□◆
□□□□□＿□□□□
□□■＿■＿□□□□
□□□□□□□□□＿
□□□□□□□□□＿
□□□□□□□□□＿
□＿＿□□□□□□□
□□□□□□＿□□□
01:14:45(134562f):field(134561f)
＿＿＿＿＿＿＿＿＿＿
＿＿＿＿＿＿＿＿＿＿
＿＿＿＿＿＿＿＿＿＿
＿＿＿＿＿＿＿＿＿＿
＿＿＿＿＿＿＿＿＿＿
＿＿＿＿＿＿＿＿＿＿
＿＿＿＿＿＿＿＿＿＿
＿＿＿＿＿＿＿＿＿＿
＿＿＿＿＿＿＿＿＿＿
＿＿＿＿＿＿＿＿＿＿
◆＿◆□□□□＿■＿
＿◆＿□□□□□■□
＿＿＿□□□□□□■
□□□□□＿□□□□
□□◆＿◆＿□□□□
□□□□□□□□□＿
□□□□□□□□□＿
□□□□□□□□□＿
□＿＿□□□□□□□
□□□□□□＿□□□
01:14:45(134573f):field(134572f)
＿＿＿＿＿＿＿＿＿＿
＿＿＿＿＿＿＿＿＿＿
＿＿＿＿＿＿＿＿＿＿
＿＿＿＿＿＿＿＿＿＿
＿＿＿＿＿＿＿＿＿＿
＿＿＿＿＿＿＿＿＿＿
＿＿＿＿＿＿＿＿＿＿
＿＿＿＿＿＿＿＿＿＿
＿＿＿＿＿＿＿＿＿＿
＿＿＿＿＿＿■■■＿
＿＿＿□□□□■□＿
＿＿＿□□□□□□□
＿＿＿□□□□□□□
□□□□□＿□□□□
□□＿＿＿＿□□□□
□□□□□□□□□＿
□□□□□□□□□＿
□□□□□□□□□＿
□＿＿□□□□□□□
□□□□□□＿□□□
01:14:46(134586f):field(134585f)
＿＿＿＿＿＿＿＿＿＿
＿＿＿＿＿＿＿＿＿＿
＿＿＿＿＿＿＿＿＿＿
＿＿＿＿＿＿＿＿＿＿
＿＿＿＿＿＿＿＿＿＿
＿＿＿＿＿＿＿＿＿＿
＿＿＿＿＿＿＿＿＿＿
＿＿＿＿＿＿＿＿＿＿
＿＿＿＿■■＿＿＿＿
＿＿＿＿■■□□□＿
＿＿＿□□□□□□＿
＿＿＿□□□□□□□
＿＿＿□□□□□□□
□□□□□＿□□□□
□□＿＿＿＿□□□□
□□□□□□□□□＿
□□□□□□□□□＿
□□□□□□□□□＿
□＿＿□□□□□□□
□□□□□□＿□□□
01:14:46(134598f):field(134597f)
＿＿＿＿＿＿＿＿＿＿
＿＿＿＿＿＿＿＿＿＿
＿＿＿＿＿＿＿＿＿＿
＿＿＿＿＿＿＿＿＿＿
＿＿＿＿＿＿＿＿＿＿
＿＿＿＿＿＿＿＿＿＿
＿＿＿＿＿＿＿＿＿＿
＿＿＿＿＿＿＿＿＿＿
＿＿＿＿◆◆＿＿＿＿
＿＿＿＿□□◆◆◆＿
＿＿＿◆□□□□□＿
＿＿＿□□□□□□◆
＿■■□□□□□□□
□□□□□＿□□□□
□□■■＿■□□□□
□□□□□□□□□＿
□□□□□□□□□＿
□□□□□□□□□＿
□＿＿□□□□□□□
□□□□□□＿□□□
01:14:47(134613f):field(134612f)
＿＿＿＿＿＿＿＿＿＿
＿＿＿＿＿＿＿＿＿＿
＿＿＿＿＿＿＿＿＿＿
＿＿＿＿＿＿＿＿＿＿
＿＿＿＿＿＿＿＿＿＿
＿＿＿＿＿＿＿＿＿＿
＿＿＿＿＿＿＿＿＿＿
＿＿＿＿＿＿＿＿＿＿
＿＿＿＿■■■＿＿＿
＿＿＿＿□□■＿＿＿
＿＿＿＿□□□□□＿
＿＿＿□□□□□□＿
＿◆□□□□□□□□
□□□□□＿□□□□
□□◆◆＿◆□□□□
□□□□□□□□□＿
□□□□□□□□□＿
□□□□□□□□□＿
□＿＿□□□□□□□
□□□□□□＿□□□
01:14:47(134626f):field(134625f)
＿＿＿＿＿＿＿＿＿＿
＿＿＿＿＿＿＿＿＿＿
＿＿＿＿＿＿＿＿＿＿
＿＿＿＿＿＿＿＿＿＿
＿＿＿＿＿＿＿＿＿＿
＿＿＿＿＿＿＿＿＿＿
＿＿＿＿＿＿＿＿＿＿
＿＿＿＿＿＿＿＿＿＿
＿＿＿＿□□□＿＿＿
＿＿＿■□□□＿＿＿
＿＿■■□□□□□＿
＿＿■□□□□□□＿
＿＿□□□□□□□□
□□□□□＿□□□□
□□＿＿＿＿□□□□
□□□□□□□□□＿
□□□□□□□□□＿
□□□□□□□□□＿
□＿＿□□□□□□□
□□□□□□＿□□□
01:14:48(134643f):field(134642f)
＿＿＿＿＿＿＿＿＿＿
＿＿＿＿＿＿＿＿＿＿
＿＿＿＿＿＿＿＿＿＿
＿＿＿＿＿＿＿＿＿＿
＿＿＿＿＿＿＿＿＿＿
＿＿＿＿＿＿＿＿＿＿
＿＿＿＿＿＿＿＿＿＿
＿＿＿＿＿＿＿＿＿＿
＿＿＿＿□□□＿＿＿
＿＿＿□□□□＿＿＿
■＿□□□□□□□＿
■■□□□□□□□＿
■＿□□□□□□□□
□□□□□＿□□□□
□□＿＿＿＿□□□□
□□□□□□□□□＿
□□□□□□□□□＿
□□□□□□□□□＿
□＿＿□□□□□□□
□□□□□□＿□□□
01:14:48(134657f):field(134656f)
＿＿＿＿＿＿＿＿＿＿
＿＿＿＿＿＿＿＿＿＿
＿＿＿＿＿＿＿＿＿＿
＿＿＿＿＿＿＿＿＿＿
＿＿＿＿＿＿＿＿＿＿
＿＿＿＿＿＿＿＿＿＿
＿＿＿＿＿＿＿＿＿＿
＿＿＿＿＿＿＿＿＿＿
＿＿＿＿□□□■■＿
＿＿＿□□□□■■＿
□＿□□□□□□□＿
□□□□□□□□□＿
□＿□□□□□□□□
□□□□□＿□□□□
□□＿＿＿＿□□□□
□□□□□□□□□＿
□□□□□□□□□＿
□□□□□□□□□＿
□＿＿□□□□□□□
□□□□□□＿□□□
01:14:48(134669f):field(134668f)
＿＿＿＿＿＿＿＿＿＿
＿＿＿＿＿＿＿＿＿＿
＿＿＿＿＿＿＿＿＿＿
＿＿＿＿＿＿＿＿＿＿
＿＿＿＿＿＿＿＿＿＿
＿＿＿＿＿＿＿＿＿＿
＿＿＿＿＿＿＿＿＿＿
＿＿＿■■■＿＿＿＿
＿＿＿■□□□□□＿
＿＿＿□□□□□□＿
□＿□□□□□□□＿
□□□□□□□□□＿
□＿□□□□□□□□
□□□□□＿□□□□
□□＿＿＿＿□□□□
□□□□□□□□□＿
□□□□□□□□□＿
□□□□□□□□□＿
□＿＿□□□□□□□
□□□□□□＿□□□
01:14:49(134687f):field(134686f)
＿＿＿＿＿＿＿＿＿＿
＿＿＿＿＿＿＿＿＿＿
＿＿＿＿＿＿＿＿＿＿
＿＿＿＿＿＿＿＿＿＿
＿＿＿＿＿＿＿＿＿＿
＿＿＿＿＿＿＿＿＿＿
＿＿＿＿＿＿＿＿＿＿
＿＿＿□□□＿＿＿＿
■＿＿□□□□□□＿
■■＿□□□□□□＿
□■□□□□□□□＿
□□□□□□□□□＿
□＿□□□□□□□□
□□□□□＿□□□□
□□＿＿＿＿□□□□
□□□□□□□□□＿
□□□□□□□□□＿
□□□□□□□□□＿
□＿＿□□□□□□□
□□□□□□＿□□□
01:14:50(134700f):field(134699f)
＿＿＿＿＿＿＿＿＿＿
＿＿＿＿＿＿＿＿＿＿
＿＿＿＿＿＿＿＿＿＿
＿＿＿＿＿＿＿＿＿＿
＿＿＿＿＿＿＿＿＿＿
＿＿＿＿＿＿＿＿＿＿
＿＿＿＿＿■■＿＿＿
＿＿＿□□□■■＿＿
□＿＿□□□□□□＿
□□＿□□□□□□＿
□□□□□□□□□＿
□□□□□□□□□＿
□＿□□□□□□□□
□□□□□＿□□□□
□□＿＿＿＿□□□□
□□□□□□□□□＿
□□□□□□□□□＿
□□□□□□□□□＿
□＿＿□□□□□□□
□□□□□□＿□□□
01:14:50(134713f):field(134712f)
＿＿＿＿＿＿＿＿＿＿
＿＿＿＿＿＿＿＿＿＿
＿＿＿＿＿＿＿＿＿＿
＿＿＿＿＿＿＿＿＿＿
＿＿＿＿■＿＿＿＿＿
＿＿＿＿■＿＿＿＿＿
＿＿＿■■□□＿＿＿
＿＿＿□□□□□＿＿
□＿＿□□□□□□＿
□□＿□□□□□□＿
□□□□□□□□□＿
□□□□□□□□□＿
□＿□□□□□□□□
□□□□□＿□□□□
□□＿＿＿＿□□□□
□□□□□□□□□＿
□□□□□□□□□＿
□□□□□□□□□＿
□＿＿□□□□□□□
□□□□□□＿□□□
01:14:50(134724f):field(134723f)
＿＿＿＿＿＿＿＿＿＿
＿＿＿＿＿＿＿＿＿＿
＿＿＿＿＿＿＿＿＿＿
＿＿＿＿＿＿＿＿＿＿
＿＿＿＿□■■＿＿＿
＿＿＿＿□■■＿＿＿
＿＿＿□□□□＿＿＿
＿＿＿□□□□□＿＿
□＿＿□□□□□□＿
□□＿□□□□□□＿
□□□□□□□□□＿
□□□□□□□□□＿
□＿□□□□□□□□
□□□□□＿□□□□
□□＿＿＿＿□□□□
□□□□□□□□□＿
□□□□□□□□□＿
□□□□□□□□□＿
□＿＿□□□□□□□
□□□□□□＿□□□
01:14:51(134737f):field(134736f)
＿＿＿＿＿＿＿＿＿＿
＿＿＿＿＿＿＿＿＿＿
＿＿＿＿＿＿＿＿＿＿
＿＿＿＿＿＿＿＿＿＿
＿＿＿＿◆◆◆＿＿＿
＿＿＿＿◆◆◆＿＿＿
＿＿＿◆□□□＿＿＿
＿＿＿◆□□□◆＿＿
◆＿＿□□□□◆◆＿
◆◆＿□□□□□◆＿
□◆◆□□□□□□■
□□◆□□□□□□■
□■□□□□□□□□
□□□□□＿□□□□
□□＿＿＿＿□□□□
□□□□□□□□□＿
□□□□□□□□□＿
□□□□□□□□□＿
□＿＿□□□□□□□
□□□□□□＿□□□
01:14:51(134752f):field(134751f)
＿＿＿＿＿＿＿＿＿＿
＿＿＿＿＿＿＿＿＿＿
＿＿＿＿＿＿＿＿＿＿
＿＿＿＿＿＿＿＿＿＿
＿＿＿＿＿＿＿＿＿＿
＿＿＿＿＿＿＿＿＿＿
＿＿＿＿◆◆◆＿＿＿
＿＿＿＿◆◆◆＿＿＿
＿＿＿◆□□□＿＿＿
＿＿＿□□□□◆＿＿
◆■■□□□□◆◆◆
◆□■□□□□□◆◆
□◆□□□□□□□□
□□□□□＿□□□□
□□＿＿＿＿□□□□
□□□□□□□□□＿
□□□□□□□□□＿
□□□□□□□□□＿
□＿＿□□□□□□□
□□□□□□＿□□□
01:14:52(134765f):field(134764f)
＿＿＿＿＿＿＿＿＿＿
＿＿＿＿＿＿＿＿＿＿
＿＿＿＿＿＿＿＿＿＿
＿＿＿＿＿＿＿＿＿＿
＿＿＿＿＿＿＿＿＿＿
＿＿＿＿＿＿＿＿＿＿
＿＿＿＿＿＿＿＿＿＿
＿＿＿＿＿＿＿＿＿＿
＿＿＿＿□□□＿＿＿
＿＿＿◆□□□＿＿＿
＿◆◆□□□□＿■■
＿□◆□□□□□■■
□＿□□□□□□□□
□□□□□＿□□□□
□□＿＿＿＿□□□□
□□□□□□□□□＿
□□□□□□□□□＿
□□□□□□□□□＿
□＿＿□□□□□□□
□□□□□□＿□□□
01:14:52(134777f):field(134776f)
＿＿＿＿＿＿＿＿＿＿
＿＿＿＿＿＿＿＿＿＿
＿＿＿＿＿＿＿＿＿＿
＿＿＿＿＿＿＿＿＿＿
＿＿＿＿＿＿＿＿＿＿
＿＿＿＿＿＿＿＿＿＿
＿＿＿＿＿＿＿＿＿＿
＿＿＿＿＿＿＿＿＿＿
＿＿＿＿□□□＿＿＿
＿＿＿＿□□□■■■
＿＿＿□□□□■□□
＿□＿□□□□□□□
□＿□□□□□□□□
□□□□□＿□□□□
□□＿＿＿＿□□□□
□□□□□□□□□＿
□□□□□□□□□＿
□□□□□□□□□＿
□＿＿□□□□□□□
□□□□□□＿□□□
01:14:52(134789f):field(134788f)
＿＿＿＿＿＿＿＿＿＿
＿＿＿＿＿＿＿＿＿＿
＿＿＿＿＿＿＿＿＿＿
＿＿＿＿＿＿＿＿＿＿
＿＿＿＿＿＿＿＿＿＿
＿＿＿＿＿＿＿＿＿＿
＿＿＿＿＿＿＿＿＿＿
＿＿＿＿＿＿＿＿＿＿
＿＿＿＿□□□＿＿＿
■＿＿＿□□□□□□
■■＿□□□□□□□
■□＿□□□□□□□
□＿□□□□□□□□
□□□□□＿□□□□
□□＿＿＿＿□□□□
□□□□□□□□□＿
□□□□□□□□□＿
□□□□□□□□□＿
□＿＿□□□□□□□
□□□□□□＿□□□
01:14:53(134801f):field(134800f)
＿＿＿＿＿＿＿＿＿＿
＿＿＿＿＿＿＿＿＿＿
＿＿＿＿＿＿＿＿＿＿
＿＿＿＿＿＿＿＿＿＿
＿＿＿＿＿＿＿＿＿＿
＿＿＿＿＿＿＿＿＿＿
＿＿＿＿＿＿＿＿＿＿
＿＿＿＿＿＿＿＿＿＿
＿＿＿＿◆◆◆＿＿＿
◆＿＿＿◆◆◆□◆◆
◆□＿□□□□◆□◆
□□■□□□□□□□
□＿□□□□□□□□
□□□□□＿□□□□
□□＿＿＿＿□□□□
□□□□□□□□□＿
□□□□□□□□□＿
□□□□□□□□□＿
□＿＿□□□□□□□
□□□□□□＿□□□
01:14:53(134813f):field(134812f)
＿＿＿＿＿＿＿＿＿＿
＿＿＿＿＿＿＿＿＿＿
＿＿＿＿＿＿＿＿＿＿
＿＿＿＿＿＿＿＿＿＿
＿＿＿＿＿＿＿＿＿＿
＿＿＿＿＿＿＿＿＿＿
＿＿＿＿＿＿＿＿＿＿
＿＿＿＿＿＿＿＿＿＿
＿＿＿＿＿＿＿＿＿＿
＿＿＿＿＿＿＿◆＿＿
＿◆＿◆◆◆□■◆＿
◆□◆◆□□◆□◆◆
◆■□□□□□◆◆◆
□□□□□＿□□□□
□□＿■＿＿□□□□
□□□□□□□□□＿
□□□□□□□□□＿
□□□□□□□□□＿
□＿＿□□□□□□□
□□□□□□＿□□□
01:14:54(134826f):field(134825f)
＿＿＿＿＿＿＿＿＿＿
＿＿＿＿＿＿＿＿＿＿
＿＿＿＿＿＿＿＿＿＿
＿＿＿＿＿＿＿＿＿＿
＿＿＿＿＿＿＿＿＿＿
＿＿＿＿＿＿＿＿＿＿
＿＿＿＿＿＿＿＿＿＿
＿＿＿＿＿＿＿＿＿＿
＿＿＿＿＿＿＿＿＿＿
＿＿＿＿＿＿＿＿＿＿
＿＿＿＿＿＿◆◆＿＿
＿□■■◆◆＿◆＿＿
＿□□□□□□＿＿＿
□□□□□＿□□□□
□□＿◆＿＿□□□□
□□□□□□□□□＿
□□□□□□□□□＿
□□□□□□□□□＿
□＿＿□□□□□□□
□□□□□□＿□□□
01:14:54(134838f):field(134837f)
＿＿＿＿＿＿＿＿＿＿
＿＿＿＿＿＿＿＿＿＿
＿＿＿＿＿＿＿＿＿＿
＿＿＿＿＿＿＿＿＿＿
＿＿＿＿＿＿＿＿＿＿
＿＿＿＿＿＿＿＿＿＿
＿＿＿＿＿＿＿＿＿＿
＿＿＿＿＿＿＿＿＿＿
＿＿＿＿＿＿＿＿＿＿
＿＿＿＿＿＿＿＿＿＿
＿＿＿＿＿＿＿＿＿＿
＿□□□＿＿＿＿■＿
＿□□□□□□■■■
□□□□□＿□□□□
□□＿＿＿＿□□□□
□□□□□□□□□＿
□□□□□□□□□＿
□□□□□□□□□＿
□＿＿□□□□□□□
□□□□□□＿□□□
01:14:54(134849f):field(134848f)
＿＿＿＿＿＿＿＿＿＿
＿＿＿＿＿＿＿＿＿＿
＿＿＿＿＿＿＿＿＿＿
＿＿＿＿＿＿＿＿＿＿
＿＿＿＿＿＿＿＿＿＿
＿＿＿＿＿＿＿＿＿＿
＿＿＿＿＿＿＿＿＿＿
＿＿＿＿＿＿＿＿＿＿
＿＿＿＿＿＿＿＿＿＿
＿＿＿＿＿＿＿＿＿＿
＿＿＿■■＿＿＿＿＿
＿□□□■■＿＿□＿
＿□□□□□□□□□
□□□□□＿□□□□
□□＿＿＿＿□□□□
□□□□□□□□□＿
□□□□□□□□□＿
□□□□□□□□□＿
□＿＿□□□□□□□
□□□□□□＿□□□
01:14:55(134862f):field(134861f)
＿＿＿＿＿＿＿＿＿＿
＿＿＿＿＿＿＿＿＿＿
＿＿＿＿＿＿＿＿＿＿
＿＿＿＿＿＿＿＿＿＿
＿＿＿＿＿＿＿＿＿＿
＿＿＿＿＿＿＿＿＿＿
＿＿＿＿＿＿＿＿＿＿
＿＿＿＿＿＿＿＿＿＿
＿＿＿＿＿＿＿＿＿＿
＿＿＿＿＿＿＿＿＿＿
＿＿＿◆◆＿＿＿＿＿
■□◆□□◆＿＿◆■
■□□□□□◆□□◆
□□□□□■□□□□
□□＿■＿■□□□□
□□□□□□□□□＿
□□□□□□□□□＿
□□□□□□□□□＿
□＿＿□□□□□□□
□□□□□□＿□□□
01:14:55(134875f):field(134874f)
＿＿＿＿＿＿＿＿＿＿
＿＿＿＿＿＿＿＿＿＿
＿＿＿＿＿＿＿＿＿＿
＿＿＿＿＿＿＿＿＿＿
＿＿＿＿＿＿＿＿＿＿
＿＿＿＿＿＿＿＿＿＿
＿＿＿＿＿＿＿＿＿＿
＿＿＿＿＿＿＿＿＿＿
＿＿＿＿＿＿＿＿＿＿
＿＿＿＿＿＿＿＿＿＿
＿＿＿＿＿＿＿＿＿＿
□□＿□□＿＿■■◆
□□□□□□■□□＿
□□□□□◆□□□□
□□＿◆＿◆□□□□
□□□□□□□□□＿
□□□□□□□□□＿
□□□□□□□□□＿
□＿＿□□□□□□□
□□□□□□＿□□□
01:14:56(134885f):field(134884f)
＿＿＿＿＿＿＿＿＿＿
＿＿＿＿＿＿＿＿＿＿
＿＿＿＿＿＿＿＿＿＿
＿＿＿＿＿＿＿＿＿＿
＿＿＿＿＿＿＿＿＿＿
＿＿＿＿＿＿＿＿＿＿
＿＿＿＿＿＿＿＿＿＿
＿＿＿＿＿＿＿＿＿＿
＿＿＿＿＿＿＿＿＿＿
＿＿＿＿＿＿＿＿＿＿
＿＿＿＿＿■■＿＿＿
□□＿□□■■□□＿
□□□□□□□□□＿
□□□□□＿□□□□
□□＿＿＿＿□□□□
□□□□□□□□□＿
□□□□□□□□□＿
□□□□□□□□□＿
□＿＿□□□□□□□
□□□□□□＿□□□
01:14:56(134899f):field(134898f)
＿＿＿＿＿＿＿＿＿＿
＿＿＿＿＿＿＿＿＿＿
＿＿＿＿＿＿＿＿＿＿
＿＿＿＿＿＿＿＿＿＿
＿＿＿＿＿＿＿＿＿＿
＿＿＿＿＿＿＿＿＿＿
＿＿＿＿＿＿＿＿＿＿
＿＿＿＿＿＿＿＿＿＿
＿＿＿＿＿＿＿＿＿＿
＿＿＿＿＿＿＿＿＿＿
＿＿■■■□□＿＿＿
□□■□□□□□□＿
□□□□□□□□□＿
□□□□□＿□□□□
□□＿＿＿＿□□□□
□□□□□□□□□＿
□□□□□□□□□＿
□□□□□□□□□＿
□＿＿□□□□□□□
□□□□□□＿□□□
01:14:57(134911f):field(134910f)
＿＿＿＿＿＿＿＿＿＿
＿＿＿＿＿＿＿＿＿＿
＿＿＿＿＿＿＿＿＿＿
＿＿＿＿＿＿＿＿＿＿
＿＿＿＿＿＿＿＿＿＿
＿＿＿＿＿＿＿＿＿＿
＿＿＿＿＿＿＿＿＿＿
＿＿＿＿＿＿＿＿＿＿
＿＿＿＿＿■＿＿＿＿
＿＿＿＿■■■＿＿＿
＿＿□□□□□＿＿＿
□□□□□□□□□＿
□□□□□□□□□＿
□□□□□＿□□□□
□□＿＿＿＿□□□□
□□□□□□□□□＿
□□□□□□□□□＿
□□□□□□□□□＿
□＿＿□□□□□□□
□□□□□□＿□□□
01:14:57(134924f):field(134923f)
＿＿＿＿＿＿＿＿＿＿
＿＿＿＿＿＿＿＿＿＿
＿＿＿＿＿＿＿＿＿＿
＿＿＿＿＿＿＿＿＿＿
＿＿＿＿＿＿＿＿＿＿
＿＿＿＿＿＿＿＿＿＿
＿＿＿＿＿＿＿＿＿＿
＿＿＿＿■＿＿＿＿＿
＿＿＿■■□＿＿＿＿
＿＿＿■□□□＿＿＿
＿＿□□□□□＿＿＿
□□□□□□□□□＿
□□□□□□□□□＿
□□□□□＿□□□□
□□＿＿＿＿□□□□
□□□□□□□□□＿
□□□□□□□□□＿
□□□□□□□□□＿
□＿＿□□□□□□□
□□□□□□＿□□□
01:14:57(134936f):field(134935f)
＿＿＿＿＿＿＿＿＿＿
＿＿＿＿＿＿＿＿＿＿
＿＿＿＿＿＿＿＿＿＿
＿＿＿＿＿＿＿＿＿＿
＿＿＿＿＿＿＿＿＿＿
＿＿＿＿＿＿＿＿＿＿
＿＿＿＿＿＿＿＿＿＿
＿＿＿＿□＿＿＿＿＿
＿＿＿□□□＿＿＿＿
＿■■□□□□＿＿＿
■■□□□□□＿＿＿
□□□□□□□□□＿
□□□□□□□□□＿
□□□□□＿□□□□
□□＿＿＿＿□□□□
□□□□□□□□□＿
□□□□□□□□□＿
□□□□□□□□□＿
□＿＿□□□□□□□
□□□□□□＿□□□
01:14:58(134950f):field(134949f)
＿＿＿＿＿＿＿＿＿＿
＿＿＿＿＿＿＿＿＿＿
＿＿＿＿＿＿＿＿＿＿
＿＿＿＿＿＿＿＿＿＿
＿＿＿＿＿＿＿＿＿＿
＿＿＿＿＿＿＿＿＿＿
＿＿＿＿＿＿＿＿＿＿
＿＿＿＿□＿＿＿＿＿
＿＿＿□□□＿＿＿＿
＿□□□□□□■■＿
□□□□□□□■■＿
□□□□□□□□□＿
□□□□□□□□□＿
□□□□□＿□□□□
□□＿＿＿＿□□□□
□□□□□□□□□＿
□□□□□□□□□＿
□□□□□□□□□＿
□＿＿□□□□□□□
□□□□□□＿□□□
01:14:58(134964f):field(134963f)
＿＿＿＿＿＿＿＿＿＿
＿＿＿＿＿＿＿＿＿＿
＿＿＿＿＿＿＿＿＿＿
＿＿＿＿＿＿＿＿＿＿
＿＿＿＿＿＿＿＿＿＿
＿＿＿＿＿＿＿＿＿＿
＿＿＿＿＿＿＿＿＿＿
＿＿＿＿□＿■＿＿＿
＿＿＿□□□■■■＿
＿□□□□□□□□＿
□□□□□□□□□＿
□□□□□□□□□＿
□□□□□□□□□＿
□□□□□＿□□□□
□□＿＿＿＿□□□□
□□□□□□□□□＿
□□□□□□□□□＿
□□□□□□□□□＿
□＿＿□□□□□□□
□□□□□□＿□□□
01:14:59(134978f):field(134977f)
＿＿＿＿＿＿＿＿＿＿
＿＿＿＿＿＿＿＿＿＿
＿＿＿＿＿＿＿＿＿＿
＿＿＿＿＿＿＿＿＿＿
＿＿＿＿＿＿＿＿＿＿
＿＿＿＿＿＿＿＿＿＿
＿＿＿＿＿■■■＿＿
＿＿＿＿□■□＿＿＿
＿＿＿□□□□□□＿
＿□□□□□□□□＿
□□□□□□□□□＿
□□□□□□□□□＿
□□□□□□□□□＿
□□□□□＿□□□□
□□＿＿＿＿□□□□
□□□□□□□□□＿
□□□□□□□□□＿
□□□□□□□□□＿
□＿＿□□□□□□□
□□□□□□＿□□□
01:14:59(134990f):field(134989f)
＿＿＿＿＿＿＿＿＿＿
＿＿＿＿＿＿＿＿＿＿
＿＿＿＿＿＿＿＿＿＿
＿＿＿＿＿＿＿＿＿＿
＿＿＿＿＿＿＿＿＿＿
＿＿＿＿■＿＿＿＿＿
＿＿＿■■□□□＿＿
＿＿＿■□□□＿＿＿
＿＿＿□□□□□□＿
＿□□□□□□□□＿
□□□□□□□□□＿
□□□□□□□□□＿
□□□□□□□□□＿
□□□□□＿□□□□
□□＿＿＿＿□□□□
□□□□□□□□□＿
□□□□□□□□□＿
□□□□□□□□□＿
□＿＿□□□□□□□
□□□□□□＿□□□
01:15:00(135003f):field(135002f)
＿＿＿＿＿＿＿＿＿＿
＿＿＿＿＿＿＿＿＿＿
＿＿＿＿＿＿＿＿＿＿
＿＿＿＿■＿＿＿＿＿
＿＿＿＿■■＿＿＿＿
＿＿＿＿□■＿＿＿＿
＿＿＿□□□□□＿＿
＿＿＿□□□□＿＿＿
＿＿＿□□□□□□＿
＿□□□□□□□□＿
□□□□□□□□□＿
□□□□□□□□□＿
□□□□□□□□□＿
□□□□□＿□□□□
□□＿＿＿＿□□□□
□□□□□□□□□＿
□□□□□□□□□＿
□□□□□□□□□＿
□＿＿□□□□□□□
□□□□□□＿□□□
01:15:00(135015f):field(135014f)
＿＿＿＿＿＿＿＿＿＿
＿＿＿＿＿＿＿＿＿＿
＿＿＿＿＿＿＿＿＿＿
＿＿＿＿◆＿＿＿＿＿
＿＿＿＿◆◆＿＿＿＿
＿＿＿＿◆◆＿＿＿＿
＿＿＿◆□◆◆◆＿＿
＿＿＿◆□□◆＿＿＿
＿＿＿◆□□◆◆◆＿
＿□◆□□□□□◆＿
◆◆◆□□□□◆□＿
◆◆□□□□□□□＿
□□□□□□□□□■
□□□□□＿□□□□
□□＿■＿＿□□□□
□□□□□□□□□＿
□□□□□□□□□＿
□□□□□□□□□＿
□＿＿□□□□□□□
□□□□□□＿□□□
01:15:00(135028f):field(135027f)
＿＿＿＿＿＿＿＿＿＿
＿＿＿＿＿＿＿＿＿＿
＿＿＿＿＿＿＿＿＿＿
＿＿＿＿＿＿＿＿＿＿
＿＿＿＿＿＿＿＿＿＿
＿＿＿＿＿＿＿＿＿＿
＿＿＿＿□＿＿＿＿＿
＿＿＿＿□□＿＿＿＿
＿＿＿＿□□＿＿■＿
＿◆＿□□□□□■＿
＿＿＿□□□□■□＿
＿＿◆□□□□□□＿
◆□□□□□□□□□
□□□□□＿□□□□
□□＿◆＿＿□□□□
□□□□□□□□□＿
□□□□□□□□□＿
□□□□□□□□□＿
□＿＿□□□□□□□
□□□□□□＿□□□
01:15:01(135042f):field(135041f)
＿＿＿＿＿＿＿＿＿＿
＿＿＿＿＿＿＿＿＿＿
＿＿＿＿＿＿＿＿＿＿
＿＿＿＿＿＿＿＿＿＿
＿＿＿＿＿＿＿＿＿＿
＿＿＿＿＿＿＿＿＿＿
＿＿＿＿◆＿＿＿＿＿
＿＿＿＿□◆＿＿＿＿
＿＿＿＿□□＿＿◆＿
＿＿＿◆□□◆◆□＿
＿＿＿□□□□□□＿
＿＿＿□□□□□□＿
■□□□□□□□□◆
□□□□□＿□□□□
□□＿■＿＿□□□□
□□□□□□□□□＿
□□□□□□□□□＿
□□□□□□□□□＿
□＿＿□□□□□□□
□□□□□□＿□□□
01:15:01(135054f):field(135053f)
＿＿＿＿＿＿＿＿＿＿
＿＿＿＿＿＿＿＿＿＿
＿＿＿＿＿＿＿＿＿＿
＿＿＿＿＿＿＿＿＿＿
＿＿＿＿＿＿＿＿＿＿
＿＿＿＿＿＿＿＿＿＿
＿＿＿＿＿＿＿＿＿＿
＿＿＿＿□＿＿＿＿＿
＿＿＿■□□＿＿＿＿
＿＿■■□□＿＿□＿
＿＿■□□□□□□＿
＿＿＿□□□□□□＿
□□□□□□□□□＿
□□□□□＿□□□□
□□＿◆＿＿□□□□
□□□□□□□□□＿
□□□□□□□□□＿
□□□□□□□□□＿
□＿＿□□□□□□□
□□□□□□＿□□□
01:15:02(135066f):field(135065f)
＿＿＿＿＿＿＿＿＿＿
＿＿＿＿＿＿＿＿＿＿
＿＿＿＿＿＿＿＿＿＿
＿＿＿＿＿＿＿＿＿＿
＿＿＿＿＿＿＿＿＿＿
＿＿＿＿＿＿＿＿＿＿
＿＿＿＿＿＿＿＿＿＿
＿＿＿＿□＿＿＿＿＿
＿＿＿□□□■■＿＿
＿＿□□□□■■□＿
＿＿□□□□□□□＿
＿＿＿□□□□□□＿
□□□□□□□□□＿
□□□□□＿□□□□
□□＿＿＿＿□□□□
□□□□□□□□□＿
□□□□□□□□□＿
□□□□□□□□□＿
□＿＿□□□□□□□
□□□□□□＿□□□
01:15:02(135080f):field(135079f)
＿＿＿＿＿＿＿＿＿＿
＿＿＿＿＿＿＿＿＿＿
＿＿＿＿＿＿＿＿＿＿
＿＿＿＿＿＿＿＿＿＿
＿＿＿＿＿＿＿＿＿＿
＿＿＿＿＿＿＿＿＿＿
＿＿＿＿＿＿＿＿＿＿
＿＿＿＿◆＿＿＿＿＿
＿＿＿◆□◆◆◆＿＿
＿＿◆□□□□□◆＿
＿＿□□□□□□□■
＿＿■□□□□□□■
◆◆◆□□□□□□■
□□□□□＿□□□□
□□■＿■＿□□□□
□□□□□□□□□＿
□□□□□□□□□＿
□□□□□□□□□＿
□＿＿□□□□□□□
□□□□□□＿□□□
01:15:03(135093f):field(135092f)
＿＿＿＿＿＿＿＿＿＿
＿＿＿＿＿＿＿＿＿＿
＿＿＿＿＿＿＿＿＿＿
＿＿＿＿＿＿＿＿＿＿
＿＿＿＿＿＿＿＿＿＿
＿＿＿＿＿＿＿＿＿＿
＿＿＿＿＿＿＿＿＿＿
＿＿＿＿＿＿＿■＿＿
＿＿＿＿□＿＿■■＿
＿＿＿□□□□□■＿
＿＿□□□□□□□□
＿＿□□□□□□□□
＿＿＿□□□□□□□
□□□□□＿□□□□
□□◆＿◆＿□□□□
□□□□□□□□□＿
□□□□□□□□□＿
□□□□□□□□□＿
□＿＿□□□□□□□
□□□□□□＿□□□
01:15:03(135107f):field(135106f)
＿＿＿＿＿＿＿＿＿＿
＿＿＿＿＿＿＿＿＿＿
＿＿＿＿＿＿＿＿＿＿
＿＿＿＿＿＿＿＿＿＿
＿＿＿＿＿＿＿＿＿＿
＿＿＿＿＿＿＿＿＿＿
＿＿＿＿＿＿＿＿＿＿
＿＿＿＿＿＿＿◆＿＿
＿＿＿＿◆＿＿□◆＿
＿＿＿◆□◆◆□□＿
＿＿◆□□□□□□◆
＿■□□□□□□□□
＿■■□□□□□□□
□□□□□■□□□□
□□■＿＿＿□□□□
□□□□□□□□□＿
□□□□□□□□□＿
□□□□□□□□□＿
□＿＿□□□□□□□
□□□□□□＿□□□
01:15:03(135116f):field(135115f)
＿＿＿＿＿＿＿＿＿＿
＿＿＿＿＿＿＿＿＿＿
＿＿＿＿＿＿＿＿＿＿
＿＿＿＿＿＿＿＿＿＿
＿＿＿＿＿＿＿＿＿＿
＿＿＿＿＿＿＿＿＿＿
＿＿＿＿＿＿＿＿＿＿
＿＿＿＿＿■＿＿＿＿
＿＿＿＿＿■＿□＿＿
＿＿■＿□■■□□＿
＿＿＿□□□□□□＿
＿◆□□□□□□□□
＿□□□□□□□□□
□□□□□◆□□□□
□□◆＿＿＿□□□□
□□□□□□□□□＿
□□□□□□□□□＿
□□□□□□□□□＿
□＿＿□□□□□□□
□□□□□□＿□□□
01:15:04(135128f):field(135127f)
＿＿＿＿＿＿＿＿＿＿
＿＿＿＿＿＿＿＿＿＿
＿＿＿＿＿＿＿＿＿＿
＿＿＿＿＿＿＿＿＿＿
＿＿＿＿＿＿＿＿＿＿
＿＿＿＿＿＿＿＿＿＿
＿＿＿＿■■＿＿＿＿
＿＿＿＿■□＿＿＿＿
＿＿＿＿■□＿□＿＿
＿＿◆＿□□□□□＿
＿＿＿□□□□□□＿
＿＿□□□□□□□□
＿□□□□□□□□□
□□□□□＿□□□□
□□＿＿＿＿□□□□
□□□□□□□□□＿
□□□□□□□□□＿
□□□□□□□□□＿
□＿＿□□□□□□□
□□□□□□＿□□□
01:15:04(135143f):field(135142f)
＿＿＿＿＿＿＿＿＿＿
＿＿＿＿＿＿＿＿＿＿
＿＿＿＿＿＿＿＿＿＿
＿＿＿＿＿＿＿＿＿＿
＿＿＿＿＿＿＿＿＿＿
＿＿＿＿＿＿＿＿＿＿
＿＿＿＿◆◆＿＿＿＿
＿＿＿＿◆◆＿＿＿＿
＿＿＿＿□□＿◆＿＿
＿＿＿＿□□◆◆◆＿
＿＿＿◆□□□□◆＿
＿■◆◆□□□□□□
＿□◆□□□□□□◆
□□□□□■□□□□
□□＿■＿■□□□□
□□□□□□□□□＿
□□□□□□□□□＿
□□□□□□□□□＿
□＿＿□□□□□□□
□□□□□□＿□□□
01:15:05(135152f):field(135151f)
＿＿＿＿＿＿＿＿＿＿
＿＿＿＿＿＿＿＿＿＿
＿＿＿＿＿＿＿＿＿＿
＿＿＿＿＿＿＿＿＿＿
＿＿＿＿＿＿＿＿＿＿
＿＿＿＿＿＿＿＿＿＿
＿＿＿＿■■＿＿＿＿
＿＿＿＿■■＿＿＿＿
＿＿＿＿□□＿＿＿＿
＿＿＿＿□□＿＿＿＿
＿＿＿＿□□◆□＿＿
＿◆＿＿□□□□□◆
＿□＿□□□□□□＿
□□□□□◆□□□□
□□＿◆＿◆□□□□
□□□□□□□□□＿
□□□□□□□□□＿
□□□□□□□□□＿
□＿＿□□□□□□□
□□□□□□＿□□□
01:15:05(135166f):field(135165f)
＿＿＿＿＿＿＿＿＿＿
＿＿＿＿＿＿＿＿＿＿
＿＿＿＿＿＿＿＿＿＿
＿＿＿＿＿＿＿＿＿＿
＿＿＿＿＿＿＿＿＿＿
＿＿＿＿＿＿＿＿＿＿
＿＿＿＿□□＿＿＿＿
＿＿＿＿□□＿＿＿＿
＿＿＿＿□□＿＿＿＿
＿＿＿＿□□＿＿＿＿
＿＿＿＿□□＿□＿＿
＿■■■□□□□□＿
＿□■□□□□□□＿
□□□□□＿□□□□
□□＿＿＿＿□□□□
□□□□□□□□□＿
□□□□□□□□□＿
□□□□□□□□□＿
□＿＿□□□□□□□
□□□□□□＿□□□
01:15:05(135178f):field(135177f)
＿＿＿＿＿＿＿＿＿＿
＿＿＿＿＿＿＿＿＿＿
＿＿＿＿＿＿＿＿＿＿
＿＿＿＿＿＿＿＿＿＿
＿＿＿＿＿＿＿＿＿＿
＿＿＿＿＿＿＿＿＿＿
＿＿＿＿□□＿＿＿＿
＿＿＿＿□□＿＿＿＿
＿＿＿＿□□＿＿＿＿
＿＿＿＿□□＿＿■＿
＿＿＿＿□□＿□■■
＿□□□□□□□□■
＿□□□□□□□□＿
□□□□□＿□□□□
□□＿＿＿＿□□□□
□□□□□□□□□＿
□□□□□□□□□＿
□□□□□□□□□＿
□＿＿□□□□□□□
□□□□□□＿□□□
01:15:06(135194f):field(135193f)
＿＿＿＿＿＿＿＿＿＿
＿＿＿＿＿＿＿＿＿＿
＿＿＿＿＿＿＿＿＿＿
＿＿＿＿＿＿＿＿＿＿
＿＿＿＿＿＿＿＿＿＿
＿＿＿＿＿＿＿＿＿＿
＿＿＿＿◆◆＿＿＿＿
＿＿＿＿□□＿＿＿＿
＿＿＿＿□□＿＿＿＿
＿＿＿＿□□＿＿◆＿
■＿＿＿□□＿◆□◆
■◆□□□□◆□□□
■□□□□□□□□＿
□□□□□＿□□□□
□□＿＿＿＿□□□□
□□□□□□□□□＿
□□□□□□□□□＿
□□□□□□□□□＿
□＿＿□□□□□□□
□□□□□□＿□□□
01:15:06(135203f):field(135202f)
＿＿＿＿＿＿＿＿＿＿
＿＿＿＿＿＿＿＿＿＿
＿＿＿＿＿＿＿＿＿＿
＿＿＿＿＿＿＿＿＿＿
＿＿＿＿＿＿＿＿＿＿
＿＿＿＿＿＿＿＿＿＿
＿＿＿＿＿＿＿＿＿＿
＿＿＿＿□□＿＿＿＿
＿＿＿＿□□＿＿＿＿
＿＿＿＿□□＿＿＿＿
□＿＿■□□＿＿□＿
□■□□□□＿□□□
□□□□□□□□□＿
□□□□□＿□□□□
□□＿＿＿＿□□□□
□□□□□□□□□＿
□□□□□□□□□＿
□□□□□□□□□＿
□＿＿□□□□□□□
□□□□□□＿□□□
01:15:07(135215f):field(135214f)
＿＿＿＿＿＿＿＿＿＿
＿＿＿＿＿＿＿＿＿＿
＿＿＿＿＿＿＿＿＿＿
＿＿＿＿＿＿＿＿＿＿
＿＿＿＿＿＿＿＿＿＿
＿＿＿＿＿＿＿＿＿＿
＿＿＿＿＿＿＿＿＿＿
＿＿＿＿□□＿＿＿＿
＿＿＿＿□□＿＿＿＿
＿■■＿□□＿＿＿＿
□■■□□□＿＿□＿
□□□□□□＿□□□
□□□□□□□□□＿
□□□□□＿□□□□
□□＿＿＿＿□□□□
□□□□□□□□□＿
□□□□□□□□□＿
□□□□□□□□□＿
□＿＿□□□□□□□
□□□□□□＿□□□
01:15:07(135229f):field(135228f)
＿＿＿＿＿＿＿＿＿＿
＿＿＿＿＿＿＿＿＿＿
＿＿＿＿＿＿＿＿＿＿
＿＿＿＿＿＿＿＿＿＿
＿＿＿＿＿＿＿＿＿＿
＿＿＿＿＿＿＿＿＿＿
＿＿＿＿＿＿＿＿＿＿
＿＿＿＿◆◆＿＿＿＿
＿＿＿＿□□＿＿＿＿
＿◆◆＿□□＿＿＿＿
◆□□◆□□＿■◆＿
□□□□□□■□□◆
□□□□□□□□□＿
□□□□□＿□□□□
□□＿＿＿＿□□□□
□□□□□□□□□＿
□□□□□□□□□＿
□□□□□□□□□＿
□＿＿□□□□□□□
□□□□□□＿□□□
01:15:08(135240f):field(135239f)
＿＿＿＿＿＿＿＿＿＿
＿＿＿＿＿＿＿＿＿＿
＿＿＿＿＿＿＿＿＿＿
＿＿＿＿＿＿＿＿＿＿
＿＿＿＿＿＿＿＿＿＿
＿＿＿＿＿＿＿＿＿＿
＿＿＿＿＿＿＿＿＿＿
＿＿＿＿＿＿＿＿＿＿
＿＿＿■□□＿＿＿＿
＿＿■■□□＿＿＿＿
＿□□■□□＿□＿＿
□□□□□□□□□＿
□□□□□□□□□＿
□□□□□＿□□□□
□□＿＿＿＿□□□□
□□□□□□□□□＿
□□□□□□□□□＿
□□□□□□□□□＿
□＿＿□□□□□□□
□□□□□□＿□□□
01:15:08(135251f):field(135250f)
＿＿＿＿＿＿＿＿＿＿
＿＿＿＿＿＿＿＿＿＿
＿＿＿＿＿＿＿＿＿＿
＿＿＿＿＿＿＿＿＿＿
＿＿＿＿＿＿＿＿＿＿
＿＿＿＿＿＿＿＿＿＿
＿＿＿＿＿＿＿＿＿＿
＿＿＿＿＿＿＿＿＿＿
＿＿＿□□□■■＿＿
＿＿□□□□■＿＿＿
＿□□□□□■□＿＿
□□□□□□□□□＿
□□□□□□□□□＿
□□□□□＿□□□□
□□＿＿＿＿□□□□
□□□□□□□□□＿
□□□□□□□□□＿
□□□□□□□□□＿
□＿＿□□□□□□□
□□□□□□＿□□□
01:15:08(135262f):field(135261f)
＿＿＿＿＿＿＿＿＿＿
＿＿＿＿＿＿＿＿＿＿
＿＿＿＿＿＿＿＿＿＿
＿＿＿＿＿＿＿＿＿＿
＿＿＿＿＿＿＿＿＿＿
＿＿＿＿＿＿＿＿＿＿
＿＿＿＿＿＿＿＿＿＿
＿＿■■■＿＿＿＿＿
＿＿■□□□□□＿＿
＿＿□□□□□＿＿＿
＿□□□□□□□＿＿
□□□□□□□□□＿
□□□□□□□□□＿
□□□□□＿□□□□
□□＿＿＿＿□□□□
□□□□□□□□□＿
□□□□□□□□□＿
□□□□□□□□□＿
□＿＿□□□□□□□
□□□□□□＿□□□
01:15:09(135278f):field(135277f)
＿＿＿＿＿＿＿＿＿＿
＿＿＿＿＿＿＿＿＿＿
＿＿＿＿＿＿＿＿＿＿
＿＿＿＿＿＿＿＿＿＿
＿＿＿＿＿＿＿＿＿＿
＿＿＿＿＿＿＿＿＿＿
＿＿＿＿＿＿＿＿＿＿
＿＿◆◆◆＿＿＿＿＿
＿＿◆◆◆◆◆◆＿＿
＿＿□□□◆◆＿＿＿
＿◆□□□□□□＿＿
◆◆□□□□□□◆■
◆□□□□□□□□■
□□□□□＿□□□□
□□＿■＿＿□□□□
□□□□□□□□□＿
□□□□□□□□□＿
□□□□□□□□□＿
□＿＿□□□□□□□
□□□□□□＿□□□
01:15:09(135287f):field(135286f)
＿＿＿＿＿＿＿＿＿＿
＿＿＿＿＿＿＿＿＿＿
＿＿＿＿＿＿＿＿＿＿
＿＿＿＿＿＿＿＿＿＿
＿＿＿＿＿＿＿＿＿＿
＿＿＿＿＿＿＿＿＿＿
＿＿＿＿＿＿＿＿＿＿
＿＿＿＿■＿＿＿＿＿
＿＿＿＿■■＿＿＿＿
＿＿□□□■■＿＿＿
＿＿□□□□□□＿＿
＿＿□□□□□◆＿□
＿□□□□□□□◆□
□□□□□＿□□□□
□□＿◆＿＿□□□□
□□□□□□□□□■
□□□□□□□□□＿
□□□□□□□□□＿
□■＿□□□□□□□
□□□□□□＿□□□
01:15:09(135298f):field(135297f)
＿＿＿＿＿＿＿＿＿＿
＿＿＿＿＿＿＿＿＿＿
＿＿＿＿＿＿＿＿＿＿
＿＿＿＿＿＿＿＿＿＿
＿＿＿＿＿＿＿＿＿＿
＿＿＿＿＿＿＿＿＿＿
＿＿＿＿＿＿＿＿＿＿
＿＿＿＿□＿＿＿＿＿
＿＿＿＿□□＿＿＿＿
＿＿□□□□◆＿＿＿
＿■□□□□□□＿＿
■■□□□□□＿＿□
■□□□□□□□＿□
□□□□□＿□□□□
□□＿＿＿＿□□□□
□□□□□□□□□◆
□□□□□□□□□＿
□□□□□□□□□＿
□◆＿□□□□□□□
□□□□□□＿□□□
01:15:10(135312f):field(135311f)
＿＿＿＿＿＿＿＿＿＿
＿＿＿＿＿＿＿＿＿＿
＿＿＿＿＿＿＿＿＿＿
＿＿＿＿＿＿＿＿＿＿
＿＿＿＿＿＿＿＿＿＿
＿＿＿＿＿＿＿＿＿＿
＿＿＿＿＿＿＿＿＿＿
＿＿■■□＿＿＿＿＿
＿＿■■□□＿＿＿＿
＿＿□□□□＿＿＿＿
＿□□□□□□□＿＿
□□□□□□□＿＿□
□□□□□□□□＿□
□□□□□＿□□□□
□□＿＿＿＿□□□□
□□□□□□□□□＿
□□□□□□□□□＿
□□□□□□□□□＿
□＿＿□□□□□□□
□□□□□□＿□□□
01:15:10(135322f):field(135321f)
＿＿＿＿＿＿＿＿＿＿
＿＿＿＿＿＿＿＿＿＿
＿＿＿＿＿＿＿＿＿＿
＿＿＿＿＿＿＿＿＿＿
＿＿＿＿＿＿＿＿＿＿
＿＿＿＿■＿＿＿＿＿
＿＿■■■＿＿＿＿＿
＿＿□□□＿＿＿＿＿
＿＿□□□□＿＿＿＿
＿＿□□□□＿＿＿＿
＿□□□□□□□＿＿
□□□□□□□＿＿□
□□□□□□□□＿□
□□□□□＿□□□□
□□＿＿＿＿□□□□
□□□□□□□□□＿
□□□□□□□□□＿
□□□□□□□□□＿
□＿＿□□□□□□□
□□□□□□＿□□□
01:15:11(135339f):field(135338f)
＿＿＿＿＿＿＿＿＿＿
＿＿＿＿＿＿＿＿＿＿
＿＿＿＿＿＿＿＿＿＿
＿＿＿＿＿＿＿＿＿＿
＿＿＿＿＿＿＿＿＿＿
＿＿＿＿◆＿＿＿＿＿
＿＿◆◆□＿＿＿＿＿
＿＿□□□＿＿＿＿＿
＿＿□□□◆＿＿＿＿
＿＿□□□□＿＿＿＿
＿◆□□□□◆◆■＿
◆□□□□□□■■◆
□□□□□□□◆■□
□□□□□＿□□□□
□□■＿■＿□□□□
□□□□□□□□□＿
□□□□□□□□□＿
□□□□□□□□□＿
□＿＿□□□□□□□
□□□□□□＿□□□
01:15:11(135348f):field(135347f)
＿＿＿＿＿＿＿＿＿＿
＿＿＿＿＿＿＿＿＿＿
＿＿＿＿＿＿＿＿＿＿
＿＿＿＿＿＿＿＿＿＿
＿＿＿＿＿＿＿＿＿＿
＿＿＿■■＿＿＿＿＿
＿＿■■□＿＿＿＿＿
＿＿□□□＿＿＿＿＿
＿＿□□□＿＿＿＿＿
＿＿□□□□＿＿＿＿
＿＿□□□□＿＿□＿
＿□□□□□□□□＿
□□□□□□□＿□□
□□□□□＿□□□□
□□◆＿◆＿□□□□
□□□□□□□□□＿
□□□□□□□□□＿
□□□□□□□□□＿
□＿＿□□□□□□□
□□□□□□＿□□□
01:15:12(135361f):field(135360f)
＿＿＿＿＿＿＿＿＿＿
＿＿＿＿＿＿＿＿＿＿
＿＿＿＿＿＿＿＿＿＿
＿＿＿＿＿＿＿＿＿＿
＿＿＿＿＿＿＿＿＿＿
＿＿＿□□＿＿＿＿＿
＿＿□□□＿＿＿＿＿
＿＿□□□＿＿＿＿＿
＿＿□□□＿＿＿＿＿
■＿□□□□＿＿＿＿
■■□□□□＿＿□＿
■□□□□□□□□＿
□□□□□□□＿□□
□□□□□＿□□□□
□□＿＿＿＿□□□□
□□□□□□□□□＿
□□□□□□□□□＿
□□□□□□□□□＿
□＿＿□□□□□□□
□□□□□□＿□□□
01:15:12(135372f):field(135371f)
＿＿＿＿＿＿＿＿＿＿
＿＿＿＿＿＿＿＿＿＿
＿＿＿＿＿＿＿＿＿＿
＿＿＿＿＿＿＿＿＿＿
＿＿＿＿＿＿＿＿＿＿
＿＿＿□□＿＿＿＿＿
＿＿□□□＿＿＿＿＿
＿＿□□□＿＿＿＿＿
＿＿□□□＿＿＿＿＿
□＿□□□□■■＿＿
□□□□□□■■□＿
□□□□□□□□□＿
□□□□□□□＿□□
□□□□□＿□□□□
□□＿＿＿＿□□□□
□□□□□□□□□＿
□□□□□□□□□＿
□□□□□□□□□＿
□＿＿□□□□□□□
□□□□□□＿□□□
01:15:12(135384f):field(135383f)
＿＿＿＿＿＿＿＿＿＿
＿＿＿＿＿＿＿＿＿＿
＿＿＿＿＿＿＿＿＿＿
＿＿＿＿＿＿＿＿＿＿
＿＿＿＿＿＿＿＿＿＿
＿＿＿□□＿＿＿＿＿
＿＿□□□＿＿＿＿＿
＿＿□□□＿＿＿＿＿
＿＿□□□＿＿■■＿
□＿□□□□□□■■
□□□□□□□□□＿
□□□□□□□□□＿
□□□□□□□＿□□
□□□□□＿□□□□
□□＿＿＿＿□□□□
□□□□□□□□□＿
□□□□□□□□□＿
□□□□□□□□□＿
□＿＿□□□□□□□
□□□□□□＿□□□
01:15:13(135396f):field(135395f)
＿＿＿＿＿＿＿＿＿＿
＿＿＿＿＿＿＿＿＿＿
＿＿＿＿＿＿＿＿＿＿
＿＿＿＿＿＿＿＿＿＿
＿＿＿＿＿＿＿＿＿＿
＿＿＿□□＿＿＿＿＿
＿＿□□□■＿＿＿＿
＿＿□□□■＿＿＿＿
＿＿□□□■■□□＿
□＿□□□□□□□□
□□□□□□□□□＿
□□□□□□□□□＿
□□□□□□□＿□□
□□□□□＿□□□□
□□＿＿＿＿□□□□
□□□□□□□□□＿
□□□□□□□□□＿
□□□□□□□□□＿
□＿＿□□□□□□□
□□□□□□＿□□□
01:15:13(135408f):field(135407f)
＿＿＿＿＿＿＿＿＿＿
＿＿＿＿＿＿＿＿＿＿
＿＿＿＿＿＿＿＿＿＿
＿＿＿＿＿＿＿＿＿＿
＿＿＿＿＿＿＿＿＿＿
＿＿＿□□＿＿＿＿■
＿＿□□□□＿＿＿■
＿＿□□□□＿＿＿■
＿＿□□□□□□□■
□＿□□□□□□□□
□□□□□□□□□＿
□□□□□□□□□＿
□□□□□□□＿□□
□□□□□＿□□□□
□□＿＿＿＿□□□□
□□□□□□□□□＿
□□□□□□□□□＿
□□□□□□□□□＿
□＿＿□□□□□□□
□□□□□□＿□□□
01:15:14(135423f):field(135422f)
＿＿＿＿＿＿＿＿＿＿
＿＿＿＿＿＿＿＿＿＿
＿＿＿＿＿＿＿＿＿＿
＿＿＿＿＿＿＿＿＿＿
＿＿＿＿＿＿＿＿＿＿
＿＿＿◆◆＿＿＿＿◆
＿＿◆◆◆◆＿＿＿◆
＿＿◆□□□＿＿＿□
＿＿□□□□□◆◆□
□■□□□□◆□◆□
□□□□□□□□□＿
□□□□□□□□□＿
□□□□□□□＿□□
□□□□□＿□□□□
□□＿＿＿＿□□□□
□□□□□□□□□＿
□□□□□□□□□＿
□□□□□□□□□＿
□＿＿□□□□□□□
□□□□□□＿□□□
01:15:14(135434f):field(135433f)
＿＿＿＿＿＿＿＿＿＿
＿＿＿＿＿＿＿＿＿＿
＿＿＿＿＿＿＿＿＿＿
＿＿＿＿＿＿＿＿＿＿
＿＿＿＿＿＿＿＿＿＿
＿＿＿＿＿＿＿＿＿＿
＿＿＿＿＿＿＿＿＿＿
＿＿＿□□◆＿＿＿□
＿＿□□□□◆■■□
□◆□□□□＿□■□
□□□□□□□□□＿
□□□□□□□□□＿
□□□□□□□＿□□
□□□□□＿□□□□
□□＿＿＿＿□□□□
□□□□□□□□□＿
□□□□□□□□□＿
□□□□□□□□□＿
□＿＿□□□□□□□
□□□□□□＿□□□
01:15:14(135445f):field(135444f)
＿＿＿＿＿＿＿＿＿＿
＿＿＿＿＿＿＿＿＿＿
＿＿＿＿＿＿＿＿＿＿
＿＿＿＿＿＿＿＿＿＿
＿＿＿＿＿＿＿＿＿＿
＿＿＿＿＿＿＿＿＿＿
＿＿＿＿＿＿＿＿＿＿
＿■＿□□＿＿＿＿□
■■□□□□＿□□□
□■□□□□＿□□□
□□□□□□□□□＿
□□□□□□□□□＿
□□□□□□□＿□□
□□□□□＿□□□□
□□＿＿＿＿□□□□
□□□□□□□□□＿
□□□□□□□□□＿
□□□□□□□□□＿
□＿＿□□□□□□□
□□□□□□＿□□□
01:15:15(135459f):field(135458f)
＿＿＿＿＿＿＿＿＿＿
＿＿＿＿＿＿＿＿＿＿
＿＿＿＿＿＿＿＿＿＿
＿＿＿＿＿＿＿＿＿＿
＿＿＿＿＿＿＿＿＿＿
＿＿＿＿＿＿＿＿＿＿
＿＿＿＿＿＿＿＿＿＿
＿◆＿□◆＿＿■＿◆
□◆◆◆□◆＿◆□◆
◆□□□□□■□◆□
□□□□□□□□□＿
□□□□□□□□□＿
□□□□□□□＿□□
□□□□□＿□□□□
□□＿＿＿＿□□□□
□□□□□□□□□＿
□□□□□□□□□＿
□□□□□□□□□＿
□＿＿□□□□□□□
□□□□□□＿□□□
01:15:15(135468f):field(135467f)
＿＿＿＿＿＿＿＿＿＿
＿＿＿＿＿＿＿＿＿＿
＿＿＿＿＿＿＿＿＿＿
＿＿＿＿＿＿＿＿＿＿
＿＿＿＿＿＿＿＿＿＿
＿＿＿＿＿＿＿＿＿＿
＿＿＿＿＿＿＿＿＿＿
＿＿＿◆＿＿＿◆■＿
◆＿＿＿◆＿＿＿□＿
＿□◆□□□□□■□
□□□□□□□□□＿
□□□□□□□□□＿
□□□□□□□＿□□
□□□□□＿□□□□
□□＿＿＿＿□□□□
□□□□□□□□□＿
□□□□□□□□□＿
□□□□□□□□□＿
□＿＿□□□□□□□
□□□□□□＿□□□
01:15:16(135480f):field(135479f)
＿＿＿＿＿＿＿＿＿＿
＿＿＿＿＿＿＿＿＿＿
＿＿＿＿＿＿＿＿＿＿
＿＿＿＿＿＿＿＿＿＿
＿＿＿＿＿＿＿＿＿＿
＿＿＿＿＿＿＿＿＿＿
＿＿＿＿＿＿＿＿＿＿
＿＿＿＿＿＿＿＿□＿
＿＿＿＿■■■■□＿
＿□＿□□□□□□□
□□□□□□□□□＿
□□□□□□□□□＿
□□□□□□□＿□□
□□□□□＿□□□□
□□＿＿＿＿□□□□
□□□□□□□□□＿
□□□□□□□□□＿
□□□□□□□□□＿
□＿＿□□□□□□□
□□□□□□＿□□□
01:15:16(135492f):field(135491f)
＿＿＿＿＿＿＿＿＿＿
＿＿＿＿＿＿＿＿＿＿
＿＿＿＿＿＿＿＿＿＿
＿＿＿＿＿＿＿＿＿＿
＿＿＿＿＿＿＿＿＿＿
＿＿＿＿＿＿＿＿＿＿
＿＿＿＿＿＿■■＿＿
＿＿＿＿＿＿■■□＿
＿＿＿＿□□□□□＿
＿□＿□□□□□□□
□□□□□□□□□＿
□□□□□□□□□＿
□□□□□□□＿□□
□□□□□＿□□□□
□□＿＿＿＿□□□□
□□□□□□□□□＿
□□□□□□□□□＿
□□□□□□□□□＿
□＿＿□□□□□□□
□□□□□□＿□□□
01:15:16(135504f):field(135503f)
＿＿＿＿＿＿＿＿＿＿
＿＿＿＿＿＿＿＿＿＿
＿＿＿＿＿＿＿＿＿＿
＿＿＿＿＿＿＿＿＿＿
＿＿＿＿＿＿＿＿＿＿
＿＿＿＿＿＿＿＿＿＿
＿＿＿＿＿＿□□＿＿
＿■＿＿＿＿□□□＿
＿■■＿□□□□□＿
＿□■□□□□□□□
□□□□□□□□□＿
□□□□□□□□□＿
□□□□□□□＿□□
□□□□□＿□□□□
□□＿＿＿＿□□□□
□□□□□□□□□＿
□□□□□□□□□＿
□□□□□□□□□＿
□＿＿□□□□□□□
□□□□□□＿□□□
01:15:17(135515f):field(135514f)
＿＿＿＿＿＿＿＿＿＿
＿＿＿＿＿＿＿＿＿＿
＿＿＿＿＿＿＿＿＿＿
＿＿＿＿＿＿＿＿＿＿
＿＿＿＿＿＿＿＿＿＿
＿＿＿＿＿＿＿＿＿＿
＿＿＿＿＿＿□□＿＿
＿□■■■＿□□□＿
＿□□■□□□□□＿
＿□□□□□□□□□
□□□□□□□□□＿
□□□□□□□□□＿
□□□□□□□＿□□
□□□□□＿□□□□
□□＿＿＿＿□□□□
□□□□□□□□□＿
□□□□□□□□□＿
□□□□□□□□□＿
□＿＿□□□□□□□
□□□□□□＿□□□
01:15:17(135526f):field(135525f)
＿＿＿＿＿＿＿＿＿＿
＿＿＿＿＿＿＿＿＿＿
＿＿＿＿＿＿＿＿＿＿
＿＿＿＿＿＿＿＿＿＿
＿＿＿＿＿＿＿＿＿＿
＿＿＿＿＿＿＿＿＿＿
＿＿＿■■■□□＿＿
＿□□□□■□□□＿
＿□□□□□□□□＿
＿□□□□□□□□□
□□□□□□□□□＿
□□□□□□□□□＿
□□□□□□□＿□□
□□□□□＿□□□□
□□＿＿＿＿□□□□
□□□□□□□□□＿
□□□□□□□□□＿
□□□□□□□□□＿
□＿＿□□□□□□□
□□□□□□＿□□□
01:15:17(135539f):field(135538f)
＿＿＿＿＿＿＿＿＿＿
＿＿＿＿＿＿＿＿＿＿
＿＿＿＿＿＿＿＿＿＿
＿＿＿＿＿＿＿＿＿＿
＿＿＿＿＿＿＿＿＿＿
＿＿＿＿＿＿＿＿＿＿
＿＿＿◆◆◆◆◆＿＿
■◆◆□□□□□◆＿
■□□□□□□□□＿
■□□□□□□□□◆
□□□□□□□□□＿
□□□□□□□□□＿
□□□□□□□＿□□
□□□□□＿□□□□
□□＿＿＿＿□□□□
□□□□□□□□□＿
□□□□□□□□□＿
□□□□□□□□□＿
□＿＿□□□□□□□
□□□□□□＿□□□
01:15:18(135548f):field(135547f)
＿＿＿＿＿＿＿＿＿＿
＿＿＿＿＿＿＿＿＿＿
＿＿＿＿＿＿＿＿＿＿
＿＿＿＿＿＿＿＿＿＿
＿＿＿＿＿＿＿＿＿＿
＿＿＿＿＿＿＿＿＿＿
■■＿＿＿＿＿＿＿＿
□■■□□□□□＿＿
□□□□□□□□□＿
□□□□□□□□□＿
□□□□□□□□□＿
□□□□□□□□□＿
□□□□□□□＿□□
□□□□□＿□□□□
□□＿＿＿＿□□□□
□□□□□□□□□＿
□□□□□□□□□＿
□□□□□□□□□＿
□＿＿□□□□□□□
□□□□□□＿□□□
01:15:18(135559f):field(135558f)
＿＿＿＿＿＿＿＿＿＿
＿＿＿＿＿＿＿＿＿＿
＿＿＿＿＿＿＿＿＿＿
＿＿＿＿＿＿＿＿＿＿
＿＿＿＿＿＿＿＿＿＿
＿＿＿＿■＿＿＿＿＿
□□■■■＿＿＿＿＿
□□□□□□□□＿＿
□□□□□□□□□＿
□□□□□□□□□＿
□□□□□□□□□＿
□□□□□□□□□＿
□□□□□□□＿□□
□□□□□＿□□□□
□□＿＿＿＿□□□□
□□□□□□□□□＿
□□□□□□□□□＿
□□□□□□□□□＿
□＿＿□□□□□□□
□□□□□□＿□□□
01:15:19(135570f):field(135569f)
＿＿＿＿＿＿＿＿＿＿
＿＿＿＿＿＿＿＿＿＿
＿＿＿＿＿＿＿＿＿＿
＿＿＿＿＿＿＿＿＿＿
＿＿＿＿＿＿＿＿＿＿
＿＿＿＿□■■＿＿＿
□□□□□■■＿＿＿
□□□□□□□□＿＿
□□□□□□□□□＿
□□□□□□□□□＿
□□□□□□□□□＿
□□□□□□□□□＿
□□□□□□□＿□□
□□□□□＿□□□□
□□＿＿＿＿□□□□
□□□□□□□□□＿
□□□□□□□□□＿
□□□□□□□□□＿
□＿＿□□□□□□□
□□□□□□＿□□□
01:15:19(135582f):field(135581f)
＿＿＿＿＿＿＿＿＿＿
＿＿＿＿＿＿＿＿＿＿
＿＿＿＿＿＿＿＿＿＿
＿＿＿＿＿＿＿＿＿＿
■＿＿＿＿＿＿＿＿＿
■■■＿□□□＿＿＿
□□□□□□□＿＿＿
□□□□□□□□＿＿
□□□□□□□□□＿
□□□□□□□□□＿
□□□□□□□□□＿
□□□□□□□□□＿
□□□□□□□＿□□
□□□□□＿□□□□
□□＿＿＿＿□□□□
□□□□□□□□□＿
□□□□□□□□□＿
□□□□□□□□□＿
□＿＿□□□□□□□
□□□□□□＿□□□
01:15:19(135595f):field(135594f)
＿＿＿＿＿＿＿＿＿＿
＿＿＿＿＿＿＿＿＿＿
■＿＿＿＿＿＿＿＿＿
■■＿＿＿＿＿＿＿＿
□■＿＿＿＿＿＿＿＿
□□□＿□□□＿＿＿
□□□□□□□＿＿＿
□□□□□□□□＿＿
□□□□□□□□□＿
□□□□□□□□□＿
□□□□□□□□□＿
□□□□□□□□□＿
□□□□□□□＿□□
□□□□□＿□□□□
□□＿＿＿＿□□□□
□□□□□□□□□＿
□□□□□□□□□＿
□□□□□□□□□＿
□＿＿□□□□□□□
□□□□□□＿□□□
01:15:20(135606f):field(135605f)
＿＿＿＿＿＿＿＿＿＿
＿＿＿＿＿＿＿＿＿＿
□＿＿＿＿＿＿＿＿＿
□□＿＿■＿＿＿＿＿
□□＿■■＿＿＿＿＿
□□□■□□□＿＿＿
□□□□□□□＿＿＿
□□□□□□□□＿＿
□□□□□□□□□＿
□□□□□□□□□＿
□□□□□□□□□＿
□□□□□□□□□＿
□□□□□□□＿□□
□□□□□＿□□□□
□□＿＿＿＿□□□□
□□□□□□□□□＿
□□□□□□□□□＿
□□□□□□□□□＿
□＿＿□□□□□□□
□□□□□□＿□□□
01:15:20(135620f):field(135619f)
＿＿＿＿＿＿＿＿＿＿
＿＿＿＿＿＿＿＿＿＿
□＿■＿＿＿＿＿＿＿
□□■■□＿＿＿＿＿
□□■□□＿＿＿＿＿
□□□□□□□＿＿＿
□□□□□□□＿＿＿
□□□□□□□□＿＿
□□□□□□□□□＿
□□□□□□□□□＿
□□□□□□□□□＿
□□□□□□□□□＿
□□□□□□□＿□□
□□□□□＿□□□□
□□＿＿＿＿□□□□
□□□□□□□□□＿
□□□□□□□□□＿
□□□□□□□□□＿
□＿＿□□□□□□□
□□□□□□＿□□□
01:15:21(135637f):field(135636f)
＿＿＿＿＿＿＿＿＿＿
＿＿＿＿＿＿＿＿＿＿
◆＿◆＿＿＿＿＿＿＿
◆◆◆◆◆＿＿＿＿＿
◆◆◆◆◆＿＿＿＿＿
◆◆◆◆◆◆◆＿＿＿
□◆□◆◆◆◆＿＿＿
□□□□□◆◆◆＿■
□□□□□◆◆◆◆＿
□□□□□□□◆□■
□□□□□□□◆□＿
□□□□□□□□◆＿
□□□□□□□■□□
□□□□□＿□□□□
□□＿＿＿＿□□□□
□□□□□□□□□＿
□□□□□□□□□＿
□□□□□□□□□＿
□＿＿□□□□□□□
□□□□□□＿□□□
01:15:21(135652f):field(135651f)
＿＿＿＿＿＿＿＿＿＿
＿＿＿＿＿＿＿＿＿＿
＿＿＿＿＿＿＿＿＿＿
＿＿＿＿＿＿＿＿＿＿
＿＿＿＿＿＿＿＿＿＿
＿＿＿＿＿＿＿＿＿＿
◆＿◆＿＿＿＿＿＿＿
□◆□◆◆＿＿＿＿◆
□□□□□＿＿＿＿＿
□□□□□◆◆＿◆◆
□□□□□□□＿□＿
□□□□□□□□■＿
□□□□□□□◆□□
□□□□□＿□□□□
□□＿＿＿＿□□□□
□□□□□□□□□＿
□□□□□□□□□＿
□□□□□□□□□＿
□＿＿□□□□□□□
□□□□□□＿□□□
01:15:22(135661f):field(135660f)
＿＿＿＿＿＿＿＿＿＿
＿＿＿＿＿＿＿＿＿＿
＿＿＿＿＿＿＿＿＿＿
＿＿＿＿＿＿＿＿＿＿
＿＿＿＿＿＿＿＿＿＿
＿＿＿＿＿＿＿＿＿＿
＿＿＿＿＿＿＿＿＿＿
□＿□■■■＿＿＿＿
□□□□□■＿＿＿＿
□□□□□＿＿＿＿＿
□□□□□□□＿□＿
□□□□□□□◆□＿
□□□□□□□＿□□
□□□□□＿□□□□
□□＿＿＿＿□□□□
□□□□□□□□□＿
□□□□□□□□□＿
□□□□□□□□□＿
□＿＿□□□□□□□
□□□□□□＿□□□
01:15:22(135672f):field(135671f)
＿＿＿＿＿＿＿＿＿＿
＿＿＿＿＿＿＿＿＿＿
＿＿＿＿＿＿＿＿＿＿
＿＿＿＿＿＿＿＿＿＿
＿＿＿＿＿＿＿＿＿＿
＿＿＿■■＿＿＿＿＿
＿＿＿■■＿＿＿＿＿
□＿□□□□＿＿＿＿
□□□□□□＿＿＿＿
□□□□□＿＿＿＿＿
□□□□□□□＿□＿
□□□□□□□＿□＿
□□□□□□□＿□□
□□□□□＿□□□□
□□＿＿＿＿□□□□
□□□□□□□□□＿
□□□□□□□□□＿
□□□□□□□□□＿
□＿＿□□□□□□□
□□□□□□＿□□□
01:15:22(135682f):field(135681f)
＿＿＿＿＿＿＿＿＿＿
＿＿＿＿＿＿＿＿＿＿
＿＿＿＿＿＿＿＿＿＿
＿＿＿＿＿＿＿＿＿＿
＿＿＿＿＿＿＿＿＿＿
＿＿■□□＿＿＿＿＿
＿■■□□＿＿＿＿＿
□■□□□□＿＿＿＿
□□□□□□＿＿＿＿
□□□□□＿＿＿＿＿
□□□□□□□＿□＿
□□□□□□□＿□＿
□□□□□□□＿□□
□□□□□＿□□□□
□□＿＿＿＿□□□□
□□□□□□□□□＿
□□□□□□□□□＿
□□□□□□□□□＿
□＿＿□□□□□□□
□□□□□□＿□□□
01:15:23(135698f):field(135697f)
＿＿＿＿＿＿＿＿＿＿
＿＿＿＿＿＿＿＿＿＿
＿＿＿＿＿＿＿＿＿＿
＿＿＿＿＿＿＿＿＿＿
＿＿＿＿＿＿＿＿＿＿
＿＿□□□＿＿＿＿＿
＿□□□□＿＿＿＿＿
□□□□□□＿＿＿＿
□□□□□□＿＿＿＿
□□□□□■■■■＿
□□□□□□□＿□＿
□□□□□□□＿□＿
□□□□□□□＿□□
□□□□□＿□□□□
□□＿＿＿＿□□□□
□□□□□□□□□＿
□□□□□□□□□＿
□□□□□□□□□＿
□＿＿□□□□□□□
□□□□□□＿□□□
01:15:23(135712f):field(135711f)
＿＿＿＿＿＿＿＿＿＿
＿＿＿＿＿＿＿＿＿＿
＿＿＿＿＿＿＿＿＿＿
＿＿＿＿＿＿＿＿＿＿
＿＿＿＿＿＿＿＿＿＿
＿＿◆◆◆＿＿＿＿＿
＿◆□□□＿＿＿＿＿
◆□□□□◆＿＿＿＿
□□□□□□＿＿＿＿
□□□□□□□◆□■
□□□□□□□＿□■
□□□□□□□＿□＿
□□□□□□□＿□□
□□□□□＿□□□□
□□＿＿＿＿□□□□
□□□□□□□□□＿
□□□□□□□□□＿
□□□□□□□□□＿
□＿＿□□□□□□□
□□□□□□＿□□□
01:15:24(135725f):field(135724f)
＿＿＿＿＿＿＿＿＿＿
＿＿＿＿＿＿＿＿＿＿
＿＿＿＿＿＿＿＿＿＿
＿＿＿＿＿＿＿＿＿＿
＿＿＿＿＿＿＿＿＿＿
＿＿＿＿＿＿＿＿＿＿
＿＿◆◆◆＿＿＿＿＿
＿◆◆◆◆＿＿＿＿＿
□◆□□□◆＿■■＿
◆□□□□□◆■◆□
□□□□□□□■◆◆
□□□□□□□■□＿
□□□□□□□＿□□
□□□□□＿□□□□
□□＿＿＿＿□□□□
□□□□□□□□□＿
□□□□□□□□□＿
□□□□□□□□□＿
□＿＿□□□□□□□
□□□□□□＿□□□
01:15:24(135734f):field(135733f)
＿＿＿＿＿＿＿＿＿＿
＿＿＿＿＿＿＿＿＿＿
＿＿＿＿＿＿＿＿＿＿
＿＿＿＿＿＿＿＿＿＿
＿＿＿＿＿＿＿＿＿＿
＿＿＿＿＿＿＿＿＿＿
＿＿＿＿＿＿＿＿＿＿
■＿＿＿＿＿＿＿＿＿
□■□□□＿＿◆◆＿
■□□□□◆■◆＿◆
□□□□□□□◆＿＿
□□□□□□□◆□＿
□□□□□□□＿□□
□□□□□＿□□□□
□□＿＿＿＿□□□□
□□□□□□□□□＿
□□□□□□□□□■
□□□□□□□□□＿
□＿＿□□□□□□□
□□□□□□＿□□□
01:15:24(135749f):field(135748f)
＿＿＿＿＿＿＿＿＿＿
＿＿＿＿＿＿＿＿＿＿
＿＿＿＿＿＿＿＿＿＿
＿＿＿＿＿＿＿＿＿＿
＿＿＿＿＿＿＿＿＿＿
＿＿＿＿＿＿＿＿＿＿
＿＿＿＿＿＿＿＿＿＿
◆＿＿＿＿＿＿＿＿＿
□◆◆◆◆＿＿＿＿＿
□□□□□＿◆＿＿＿
□□□□□□◆＿＿＿
□□□□□□□■□■
□□□□□□□■□□
□□□□□＿□□□□
□□＿＿＿＿□□□□
□□□□□□□□□＿
□□□□□□□□□◆
□□□□□□□□□＿
□＿＿□□□□□□□
□□□□□□＿□□□
01:15:25(135761f):field(135760f)
＿＿＿＿＿＿＿＿＿＿
＿＿＿＿＿＿＿＿＿＿
＿＿＿＿＿＿＿＿＿＿
＿＿＿＿＿＿＿＿＿＿
＿＿＿＿＿＿＿＿＿＿
＿＿＿＿＿＿＿＿＿＿
＿＿＿＿＿＿＿＿＿＿
＿＿＿＿＿＿＿＿＿＿
◆＿＿＿＿＿＿＿＿＿
◆◆◆◆◆＿＿＿＿＿
□◆◆◆□◆＿＿＿＿
□□□□□□□□◆□
□□□□□□□□□◆
□□□□□＿□□□□
□□＿■＿＿□□□□
□□□□□□□□□＿
□□□□□□□□□＿
□□□□□□□□□＿
□＿＿□□□□□□□
□□□□□□＿□□□
01:15:25(135771f):field(135770f)
＿＿＿＿＿＿＿＿＿＿
＿＿＿＿＿＿＿＿＿＿
＿＿＿＿＿＿＿＿＿＿
＿＿＿＿＿＿＿＿＿＿
＿＿＿＿＿＿＿＿＿＿
＿＿＿＿＿＿＿＿＿＿
＿＿＿＿＿＿＿＿＿＿
＿＿＿＿＿＿＿＿＿＿
＿＿＿＿＿＿＿＿＿＿
＿＿＿＿＿＿＿＿＿＿
□＿＿＿◆＿＿＿＿＿
□□□□□□□□＿◆
□□□□□□□□◆＿
□□□□□＿□□□□
□□＿◆＿＿□□□□
□□□□□□□□□＿
□□□□□□□□□＿
□□□□□□□□□＿
□＿＿□□□□□□□
□□□□□□＿□□□
01:15:26(135783f):field(135782f)
＿＿＿＿＿＿＿＿＿＿
＿＿＿＿＿＿＿＿＿＿
＿＿＿＿＿＿＿＿＿＿
＿＿＿＿＿＿＿＿＿＿
＿＿＿＿＿＿＿＿＿＿
＿＿＿＿＿＿＿＿＿＿
＿＿＿＿＿＿＿＿＿＿
＿＿＿＿＿＿＿＿＿＿
■＿＿＿＿＿＿＿＿＿
■■＿＿＿＿＿＿＿＿
□■＿＿＿＿＿＿＿＿
□□□□□□□□＿＿
□□□□□□□□＿＿
□□□□□＿□□□□
□□＿＿＿＿□□□□
□□□□□□□□□＿
□□□□□□□□□＿
□□□□□□□□□＿
□＿＿□□□□□□□
□□□□□□＿□□□
01:15:26(135796f):field(135795f)
＿＿＿＿＿＿＿＿＿＿
＿＿＿＿＿＿＿＿＿＿
＿＿＿＿＿＿＿＿＿＿
＿＿＿＿＿＿＿＿＿＿
＿＿＿＿＿＿＿＿＿＿
＿＿＿＿＿＿＿＿＿＿
＿＿＿＿＿＿＿＿＿＿
＿＿＿＿＿＿＿＿＿＿
◆＿＿＿＿＿＿＿＿＿
□◆＿＿＿＿＿＿＿＿
□□＿＿＿＿＿＿■＿
□□◆◆◆◆◆□＿■
□□□□□□□□■＿
□□□□□＿□□□□
□□＿＿＿＿□□□□
□□□□□□□□□＿
□□□□□□□□□＿
□□□□□□□□□＿
□＿＿□□□□□□□
□□□□□□＿□□□
01:15:26(135805f):field(135804f)
＿＿＿＿＿＿＿＿＿＿
＿＿＿＿＿＿＿＿＿＿
＿＿＿＿＿＿＿＿＿＿
＿＿＿＿＿＿＿＿＿＿
＿＿＿＿＿＿＿＿＿＿
＿＿＿＿＿＿＿＿＿＿
＿＿＿＿＿＿＿＿＿＿
＿＿＿＿＿＿＿＿＿＿
＿■＿＿＿＿＿＿＿＿
□＿＿＿＿＿＿＿＿＿
□□＿＿■＿＿＿◆＿
□□■■■＿＿◆■□
□□□□□□□□□＿
□□□□□＿□□□□
□□＿＿＿＿□□□□
□□□□□□□□□＿
□□□□□□□□□＿
□□□□□□□□□＿
□＿＿□□□□□□□
□□□□□□＿□□□
01:15:27(135821f):field(135820f)
＿＿＿＿＿＿＿＿＿＿
＿＿＿＿＿＿＿＿＿＿
＿＿＿＿＿＿＿＿＿＿
＿＿＿＿＿＿＿＿＿＿
＿＿＿＿＿＿＿＿＿＿
＿＿＿＿＿＿＿＿＿＿
＿＿＿＿＿＿＿＿＿＿
＿＿＿＿＿＿＿＿＿＿
＿◆＿＿＿＿＿＿＿＿
◆＿＿＿＿＿＿＿＿＿
□◆＿＿◆＿■＿＿＿
□□□◆□＿＿■◆◆
□□□□□□□□□＿
□□□□□＿□□□□
□□＿＿＿＿□□□□
□□□□□□□□□＿
□□□□□□□□□＿
□□□□□□□□□＿
□＿＿□□□□□□□
□□□□□□＿□□□
01:15:27(135830f):field(135829f)
＿＿＿＿＿＿＿＿＿＿
＿＿＿＿＿＿＿＿＿＿
＿＿＿＿＿＿＿＿＿＿
＿＿＿＿＿＿＿＿＿＿
＿＿＿＿＿＿＿＿＿＿
＿＿＿＿＿＿＿＿＿＿
＿＿＿＿＿＿＿＿＿＿
＿＿＿＿＿＿＿＿＿＿
＿＿＿＿＿＿＿＿＿＿
＿＿＿＿＿＿＿＿＿＿
□＿＿＿＿＿□＿＿＿
□□◆＿□■■□＿＿
□□□□□□□□□＿
□□□□□＿□□□□
□□＿＿＿＿□□□□
□□□□□□□□□＿
□□□□□□□□□＿
□□□□□□□□□＿
□＿＿□□□□□□□
□□□□□□＿□□□
01:15:28(135841f):field(135840f)
＿＿＿＿＿＿＿＿＿＿
＿＿＿＿＿＿＿＿＿＿
＿＿＿＿＿＿＿＿＿＿
＿＿＿＿＿＿＿＿＿＿
＿＿＿＿＿＿＿＿＿＿
＿＿＿＿＿＿＿＿＿＿
＿＿＿＿＿＿＿＿＿＿
＿＿＿＿＿＿＿＿＿＿
＿＿＿＿＿＿＿＿＿＿
＿＿＿＿＿＿＿＿＿＿
□＿＿■■＿□＿＿＿
□□■■□□□□＿＿
□□□□□□□□□＿
□□□□□＿□□□□
□□＿＿＿＿□□□□
□□□□□□□□□＿
□□□□□□□□□＿
□□□□□□□□□＿
□＿＿□□□□□□□
□□□□□□＿□□□
01:15:28(135850f):field(135849f)
＿＿＿＿＿＿＿＿＿＿
＿＿＿＿＿＿＿＿＿＿
＿＿＿＿＿＿＿＿＿＿
＿＿＿＿＿＿＿＿＿＿
＿＿＿＿＿＿＿＿＿＿
＿＿＿＿＿＿＿＿＿＿
＿＿＿＿＿＿＿＿＿＿
＿＿＿＿＿＿＿＿＿＿
＿＿＿＿＿＿＿＿＿＿
＿＿＿■■■＿＿＿＿
□＿＿□□■□＿＿＿
□□□□□□□□＿＿
□□□□□□□□□＿
□□□□□＿□□□□
□□＿＿＿＿□□□□
□□□□□□□□□＿
□□□□□□□□□＿
□□□□□□□□□＿
□＿＿□□□□□□□
□□□□□□＿□□□
01:15:28(135862f):field(135861f)
＿＿＿＿＿＿＿＿＿＿
＿＿＿＿＿＿＿＿＿＿
＿＿＿＿＿＿＿＿＿＿
＿＿＿＿＿＿＿＿＿＿
＿＿＿＿＿＿＿＿＿＿
＿＿＿＿＿＿＿＿＿＿
＿＿＿＿＿＿＿＿＿＿
＿＿＿＿＿＿＿＿＿＿
＿＿＿＿＿＿＿＿＿＿
■■＿□□□＿＿＿＿
□■■□□□□＿＿＿
□□□□□□□□＿＿
□□□□□□□□□＿
□□□□□＿□□□□
□□＿＿＿＿□□□□
□□□□□□□□□＿
□□□□□□□□□＿
□□□□□□□□□＿
□＿＿□□□□□□□
□□□□□□＿□□□
01:15:29(135872f):field(135871f)
＿＿＿＿＿＿＿＿＿＿
＿＿＿＿＿＿＿＿＿＿
＿＿＿＿＿＿＿＿＿＿
＿＿＿＿＿＿＿＿＿＿
＿＿＿＿＿＿＿＿＿＿
＿＿＿＿＿＿＿＿＿＿
＿＿＿＿＿＿＿＿＿＿
＿＿＿＿＿＿＿＿＿＿
＿＿■■■＿＿＿＿＿
□□■□□□＿＿＿＿
□□□□□□□＿＿＿
□□□□□□□□＿＿
□□□□□□□□□＿
□□□□□＿□□□□
□□＿＿＿＿□□□□
□□□□□□□□□＿
□□□□□□□□□＿
□□□□□□□□□＿
□＿＿□□□□□□□
□□□□□□＿□□□
01:15:29(135887f):field(135886f)
＿＿＿＿＿＿＿＿＿＿
＿＿＿＿＿＿＿＿＿＿
＿＿＿＿＿＿＿＿＿＿
＿＿＿＿＿＿＿＿＿＿
＿＿＿＿＿＿＿＿＿＿
＿＿＿＿＿＿＿＿＿＿
＿＿＿＿＿＿＿＿＿＿
＿＿＿＿＿＿＿＿＿＿
＿＿◆◆◆＿＿＿＿＿
◆◆□□□◆＿＿＿＿
□□□□□□◆＿＿■
□□□□□□□□＿■
□□□□□□□□□■
□□□□□＿□□□□
□□＿■＿＿□□□□
□□□□□□□□□＿
□□□□□□□□□＿
□□□□□□□□□＿
□＿＿□□□□□□□
□□□□□□＿□□□
01:15:29(135896f):field(135895f)
＿＿＿＿＿＿＿＿＿＿
＿＿＿＿＿＿＿＿＿＿
＿＿＿＿＿＿＿＿＿＿
＿＿＿＿＿＿＿＿＿＿
＿＿＿＿＿＿＿＿＿＿
＿＿＿＿＿＿＿＿＿＿
＿＿＿＿＿＿＿＿＿＿
＿＿＿＿＿＿＿＿＿＿
■■＿＿＿＿＿＿＿＿
■■□□□＿＿＿＿＿
□□□□□□＿＿＿□
□□□□□□□◆＿□
□□□□□□□□◆□
□□□□□＿□□□□
□□＿◆＿＿□□□□
□□□□□□□□□＿
□□□□□□□□□＿
□□□□□□□□□＿
□＿＿□□□□□□□
□□□□□□＿□□□
01:15:30(135907f):field(135906f)
＿＿＿＿＿＿＿＿＿＿
＿＿＿＿＿＿＿＿＿＿
＿＿＿＿＿＿＿＿＿＿
＿＿＿＿＿＿＿＿＿＿
＿＿＿＿＿＿＿＿＿＿
＿＿＿＿＿＿＿＿＿＿
＿＿＿＿＿＿＿＿＿＿
＿＿＿＿＿＿＿＿＿＿
□□＿■■■＿＿＿＿
□□□□□■＿＿＿＿
□□□□□□＿＿＿□
□□□□□□□＿＿□
□□□□□□□□＿□
□□□□□＿□□□□
□□＿＿＿＿□□□□
□□□□□□□□□＿
□□□□□□□□□＿
□□□□□□□□□＿
□＿＿□□□□□□□
□□□□□□＿□□□
01:15:30(135921f):field(135920f)
＿＿＿＿＿＿＿＿＿＿
＿＿＿＿＿＿＿＿＿＿
＿＿＿＿＿＿＿＿＿＿
＿＿＿＿＿＿＿＿＿＿
＿＿＿＿＿＿＿＿＿＿
＿＿＿＿＿＿＿＿＿＿
＿＿＿＿＿＿＿＿＿＿
＿＿＿＿＿＿＿＿＿＿
◆◆＿◆◆◆＿＿＿＿
◆◆◆◆◆◆＿＿＿＿
□□◆□□□＿＿＿◆
□□□□□□□＿＿◆
□□□□□□□□■□
□□□□□＿□□□□
□□＿■＿■□□□□
□□□□□□□□□＿
□□□□□□□□□＿
□□□□□□□□□＿
□＿＿□□□□□□□
□□□□□□＿□□□
01:15:31(135933f):field(135932f)
＿＿＿＿＿＿＿＿＿＿
＿＿＿＿＿＿＿＿＿＿
＿＿＿＿＿＿＿＿＿＿
＿＿＿＿＿＿＿＿＿＿
＿＿＿＿＿＿＿＿＿＿
＿＿＿＿＿＿＿＿＿＿
＿＿＿＿＿＿＿＿＿＿
＿＿＿＿＿＿＿＿＿＿
＿＿＿■＿＿＿＿＿＿
＿＿■■＿＿＿＿＿＿
□□■□□□＿＿＿＿
□□□□□□◆＿＿＿
□□□□□□◆□◆□
□□□□□＿□□□□
□□＿◆＿◆□□□□
□□□□□□□□□＿
□□□□□□□□□＿
□□□□□□□□□＿
□＿＿□□□□□□□
□□□□□□＿□□□
01:15:31(135944f):field(135943f)
＿＿＿＿＿＿＿＿＿＿
＿＿＿＿＿＿＿＿＿＿
＿＿＿＿＿＿＿＿＿＿
＿＿＿＿＿＿＿＿＿＿
＿＿＿＿＿＿＿＿＿＿
＿＿＿＿＿＿＿＿＿＿
＿＿＿＿＿＿＿＿＿＿
＿＿＿＿＿＿＿＿＿＿
＿＿＿□＿＿＿＿＿＿
＿＿□□＿＿＿＿＿＿
□□□□□□＿＿＿＿
□□□□□□■■■＿
□□□□□□■□＿□
□□□□□＿□□□□
□□＿＿＿＿□□□□
□□□□□□□□□＿
□□□□□□□□□＿
□□□□□□□□□＿
□＿＿□□□□□□□
□□□□□□＿□□□
01:15:31(135954f):field(135953f)
＿＿＿＿＿＿＿＿＿＿
＿＿＿＿＿＿＿＿＿＿
＿＿＿＿＿＿＿＿＿＿
＿＿＿＿＿＿＿＿＿＿
＿＿＿＿＿＿＿＿＿＿
＿＿＿＿＿＿＿＿＿＿
＿＿＿＿＿＿＿＿＿＿
＿＿＿＿＿＿＿＿＿＿
＿＿＿□■■＿＿＿＿
＿＿□□■■＿＿＿＿
□□□□□□＿＿＿＿
□□□□□□□□□＿
□□□□□□□□＿□
□□□□□＿□□□□
□□＿＿＿＿□□□□
□□□□□□□□□＿
□□□□□□□□□＿
□□□□□□□□□＿
□＿＿□□□□□□□
□□□□□□＿□□□
01:15:32(135966f):field(135965f)
＿＿＿＿＿＿＿＿＿＿
＿＿＿＿＿＿＿＿＿＿
＿＿＿＿＿＿＿＿＿＿
＿＿＿＿＿＿＿＿＿＿
＿＿＿＿＿＿＿＿＿＿
＿＿＿＿＿＿＿＿＿＿
＿＿＿＿＿＿＿＿＿＿
＿＿＿＿＿＿＿＿＿＿
＿＿＿□□□＿＿＿＿
＿＿□□□□＿■＿＿
□□□□□□■■■＿
□□□□□□□□□＿
□□□□□□□□＿□
□□□□□＿□□□□
□□＿＿＿＿□□□□
□□□□□□□□□＿
□□□□□□□□□＿
□□□□□□□□□＿
□＿＿□□□□□□□
□□□□□□＿□□□
01:15:32(135977f):field(135976f)
＿＿＿＿＿＿＿＿＿＿
＿＿＿＿＿＿＿＿＿＿
＿＿＿＿＿＿＿＿＿＿
＿＿＿＿＿＿＿＿＿＿
＿＿＿＿＿＿＿＿＿＿
＿＿＿＿＿■■＿＿＿
＿＿＿＿＿■＿＿＿＿
＿＿＿＿＿■＿＿＿＿
＿＿＿□□□＿＿＿＿
＿＿□□□□＿□＿＿
□□□□□□□□□＿
□□□□□□□□□＿
□□□□□□□□＿□
□□□□□＿□□□□
□□＿＿＿＿□□□□
□□□□□□□□□＿
□□□□□□□□□＿
□□□□□□□□□＿
□＿＿□□□□□□□
□□□□□□＿□□□
01:15:32(135983f):field(135982f)
＿＿＿＿＿＿＿＿＿＿
＿＿＿＿＿＿＿＿＿＿
＿＿＿＿＿＿＿＿＿＿
＿＿＿＿＿＿＿＿＿＿
＿＿＿＿＿＿＿＿＿＿
＿＿＿＿＿□□＿＿＿
＿＿＿＿＿□＿＿■＿
＿＿＿＿＿□＿＿■＿
＿＿＿□□□＿＿■＿
＿＿□□□□＿□■＿
□□□□□□□□□＿
□□□□□□□□□＿
□□□□□□□□＿□
□□□□□＿□□□□
□□＿＿＿＿□□□□
□□□□□□□□□＿
□□□□□□□□□＿
□□□□□□□□□＿
□＿＿□□□□□□□
□□□□□□＿□□□
01:15:33(135997f):field(135996f)
＿＿＿＿＿＿＿＿＿＿
＿＿＿＿＿＿＿＿＿＿
＿＿＿＿＿＿＿＿＿＿
＿＿＿＿＿＿＿＿＿＿
＿＿＿＿＿＿＿＿＿＿
＿＿■＿＿□□＿＿＿
＿＿■■＿□＿＿□＿
＿＿＿■＿□＿＿□＿
＿＿＿□□□＿＿□＿
＿＿□□□□＿□□＿
□□□□□□□□□＿
□□□□□□□□□＿
□□□□□□□□＿□
□□□□□＿□□□□
□□＿＿＿＿□□□□
□□□□□□□□□＿
□□□□□□□□□＿
□□□□□□□□□＿
□＿＿□□□□□□□
□□□□□□＿□□□
01:15:33(136010f):field(136009f)
＿＿＿＿＿＿＿＿＿＿
＿＿＿＿＿＿＿＿＿＿
＿＿＿＿＿＿＿＿＿＿
＿＿＿＿■＿＿＿＿＿
＿＿＿■■＿＿＿＿＿
＿＿□■＿□□＿＿＿
＿＿□□＿□＿＿□＿
＿＿＿□＿□＿＿□＿
＿＿＿□□□＿＿□＿
＿＿□□□□＿□□＿
□□□□□□□□□＿
□□□□□□□□□＿
□□□□□□□□＿□
□□□□□＿□□□□
□□＿＿＿＿□□□□
□□□□□□□□□＿
□□□□□□□□□＿
□□□□□□□□□＿
□＿＿□□□□□□□
□□□□□□＿□□□
01:15:34(136027f):field(136026f)
＿＿＿＿＿＿＿＿＿＿
＿＿＿＿＿＿＿＿＿＿
＿＿＿＿＿＿＿＿＿＿
＿＿＿＿□＿＿＿＿＿
＿＿＿□□＿＿＿＿＿
＿＿□□＿□□＿＿＿
＿＿□□＿□＿＿□＿
■＿＿□＿□＿＿□＿
■＿＿□□□＿＿□＿
■■□□□□＿□□＿
□□□□□□□□□＿
□□□□□□□□□＿
□□□□□□□□＿□
□□□□□＿□□□□
□□＿＿＿＿□□□□
□□□□□□□□□＿
□□□□□□□□□＿
□□□□□□□□□＿
□＿＿□□□□□□□
□□□□□□＿□□□
01:15:34(136042f):field(136041f)
＿＿＿＿＿＿＿＿＿＿
＿＿＿＿＿＿＿＿＿＿
＿＿＿＿＿＿＿＿＿＿
＿＿＿＿□＿＿＿＿＿
＿＿＿□□＿＿＿＿＿
■＿□□＿□□＿＿＿
■■□□＿□＿＿□＿
□■＿□＿□＿＿□＿
□＿＿□□□＿＿□＿
□□□□□□＿□□＿
□□□□□□□□□＿
□□□□□□□□□＿
□□□□□□□□＿□
□□□□□＿□□□□
□□＿＿＿＿□□□□
□□□□□□□□□＿
□□□□□□□□□＿
□□□□□□□□□＿
□＿＿□□□□□□□
□□□□□□＿□□□
01:15:35(136056f):field(136055f)
＿＿＿＿＿＿＿＿＿＿
＿＿＿＿＿＿＿＿＿＿
＿＿＿＿＿＿＿＿＿＿
＿＿＿＿□＿＿＿＿＿
＿＿＿□□＿＿■＿＿
□＿□□＿□□■■＿
□□□□＿□＿■□＿
□□＿□＿□＿＿□＿
□＿＿□□□＿＿□＿
□□□□□□＿□□＿
□□□□□□□□□＿
□□□□□□□□□＿
□□□□□□□□＿□
□□□□□＿□□□□
□□＿＿＿＿□□□□
□□□□□□□□□＿
□□□□□□□□□＿
□□□□□□□□□＿
□＿＿□□□□□□□
□□□□□□＿□□□
01:15:35(136066f):field(136065f)
＿＿＿＿＿＿＿＿＿＿
＿＿＿＿＿＿＿＿＿＿
＿＿＿＿＿＿＿＿＿＿
＿＿＿＿□■■＿＿＿
＿＿＿□□■■□＿＿
□＿□□＿□□□□＿
□□□□＿□＿□□＿
□□＿□＿□＿＿□＿
□＿＿□□□＿＿□＿
□□□□□□＿□□＿
□□□□□□□□□＿
□□□□□□□□□＿
□□□□□□□□＿□
□□□□□＿□□□□
□□＿＿＿＿□□□□
□□□□□□□□□＿
□□□□□□□□□＿
□□□□□□□□□＿
□＿＿□□□□□□□
□□□□□□＿□□□
01:15:36(136082f):field(136081f)
＿＿＿＿＿＿＿＿＿＿
＿＿＿＿＿＿＿＿＿＿
＿＿＿＿＿＿＿＿＿＿
＿＿＿＿◆◆◆＿＿＿
＿＿＿◆◆◆◆◆＿＿
◆＿◆◆■□□◆◆＿
◆◆◆□■□■□◆＿
□◆■□＿□■■□＿
□■■□◆□＿■□＿
□□◆□◆□■◆□＿
□◆◆□□□◆□□■
□□□□□□□□□■
□□□□□□□□＿□
□□□□□＿□□□□
□□＿＿＿＿□□□□
□□□□□□□□□＿
□□□□□□□□□＿
□□□□□□□□□＿
□＿＿□□□□□□□
□□□□□□＿□□□
01:15:36(136091f):field(136090f)
＿＿＿＿＿＿＿＿＿＿
＿＿＿＿＿＿＿＿＿＿
＿＿＿＿＿＿＿＿＿＿
＿＿＿＿＿＿＿＿＿＿
＿＿＿■■■＿＿＿＿
＿＿＿■□□□＿＿＿
＿＿＿□□□□□＿＿
□＿□□＿□□□□＿
□□□□＿□＿□□＿
□□＿□＿□◆＿□＿
□＿＿□□□■□□□
□□□□□□□□□□
□□□□□□□□＿□
□□□□□＿□□□□
□□＿＿＿＿□□□□
□□□□□□□□□＿
□□□□□□□□□＿
□□□□□□□□□＿
□＿＿□□□□□□□
□□□□□□＿□□□
01:15:36(136103f):field(136102f)
＿＿＿＿＿＿＿＿＿＿
＿＿＿＿＿＿＿＿＿＿
＿＿＿＿＿＿＿＿＿＿
＿＿＿＿＿＿＿＿＿＿
＿＿＿□□□＿＿＿＿
■＿＿□□□□＿＿＿
■■＿□□□□□＿＿
□■□□＿□□□□＿
□□□□＿□＿□□＿
□□＿□＿□＿＿□＿
□＿＿□□□◆◆□□
□□□□□□◆□□□
□□□□□□□□＿□
□□□□□＿□□□□
□□＿＿＿＿□□□□
□□□□□□□□□＿
□□□□□□□□□＿
□□□□□□□□□＿
□＿＿□□□□□□□
□□□□□□＿□□□
01:15:37(136115f):field(136114f)
＿＿＿＿＿＿＿＿＿＿
＿＿＿＿＿＿＿＿＿＿
＿＿＿＿＿＿＿＿＿＿
＿＿＿＿＿＿＿＿＿＿
＿＿＿□□□＿＿＿＿
□＿＿□□□□■■＿
□□＿□□□□□■■
□□□□＿□□□□＿
□□□□＿□＿□□＿
□□＿□＿□＿＿□＿
□＿＿□□□＿＿□□
□□□□□□＿□□□
□□□□□□□□＿□
□□□□□＿□□□□
□□＿＿＿＿□□□□
□□□□□□□□□＿
□□□□□□□□□＿
□□□□□□□□□＿
□＿＿□□□□□□□
□□□□□□＿□□□
01:15:37(136128f):field(136127f)
＿＿＿＿＿＿＿＿＿＿
＿＿＿＿＿＿＿＿＿＿
＿＿＿＿＿＿＿＿＿＿
＿＿＿＿＿＿＿＿＿＿
＿＿＿◆◆◆＿＿＿＿
◆＿■□□□□◆◆＿
□□■□□□□□□◆
□□□□＿□□□□＿
□□□□＿□■□□＿
□□＿□＿□＿＿□＿
□＿＿□□□＿＿□□
□□□□□□＿□□□
□□□□□□□□＿□
□□□□□＿□□□□
□□＿＿＿＿□□□□
□□□□□□□□□＿
□□□□□□□□□＿
□□□□□□□□□＿
□＿＿□□□□□□□
□□□□□□＿□□□
01:15:38(136140f):field(136139f)
＿＿＿＿＿＿＿＿＿＿
＿＿＿＿＿＿＿＿＿＿
＿＿＿＿＿＿＿＿＿＿
＿＿＿＿＿＿＿＿＿＿
＿＿＿＿＿＿＿＿＿＿
＿＿◆◆□◆◆＿＿＿
◆◆□□□□□□□■
□□□□■□□□□＿
□□□□■□◆□□＿
□□＿□＿□＿＿□＿
□＿＿□□□＿＿□□
□□□□□□＿□□□
□□□□□□□□＿□
□□□□□＿□□□□
□□＿＿＿＿□□□□
□□□□□□□□□＿
□□□□□□□□□＿
□□□□□□□□□＿
□＿＿□□□□□□□
□□□□□□＿□□□
01:15:38(136153f):field(136152f)
＿＿＿＿＿＿＿＿＿＿
＿＿＿＿＿＿＿＿＿＿
＿＿＿＿＿＿＿＿＿＿
■＿＿＿＿＿＿＿＿＿
■＿＿＿＿＿＿＿＿＿
■＿＿＿◆＿＿＿＿＿
■＿□□□□◆□□□
□□□□◆□□□□＿
□□□□◆□＿□□＿
□□＿□＿□＿＿□＿
□＿＿□□□＿＿□□
□□□□□□＿□□□
□□□□□□□□＿□
□□□□□＿□□□□
□□＿＿＿＿□□□□
□□□□□□□□□＿
□□□□□□□□□＿
□□□□□□□□□＿
□＿＿□□□□□□□
□□□□□□＿□□□
01:15:38(136164f):field(136163f)
＿＿＿＿＿＿＿＿＿＿
＿＿＿＿＿＿＿＿＿＿
＿＿＿＿＿＿＿＿＿＿
□＿＿＿＿＿＿＿＿＿
□＿＿＿＿＿＿＿＿＿
□■■■＿＿＿＿＿＿
□■□□□□＿□□□
□□□□＿□□□□＿
□□□□＿□＿□□＿
□□＿□＿□＿＿□＿
□＿＿□□□＿＿□□
□□□□□□＿□□□
□□□□□□□□＿□
□□□□□＿□□□□
□□＿＿＿＿□□□□
□□□□□□□□□＿
□□□□□□□□□＿
□□□□□□□□□＿
□＿＿□□□□□□□
□□□□□□＿□□□
01:15:39(136178f):field(136177f)
＿＿＿＿＿＿＿＿＿＿
＿＿＿＿＿＿＿＿＿＿
＿＿＿＿＿＿＿＿＿＿
◆＿＿＿＿＿＿＿＿＿
□＿＿＿＿＿＿＿＿＿
□◆□◆＿■＿＿＿＿
□□□□□□■◆◆◆
□□□□＿□□□□＿
□□□□＿□＿□□■
□□＿□＿□＿＿□＿
□＿＿□□□＿＿□□
□□□□□□＿□□□
□□□□□□□□＿□
□□□□□＿□□□□
□□＿＿＿＿□□□□
□□□□□□□□□＿
□□□□□□□□□＿
□□□□□□□□□＿
□＿＿□□□□□□□
□□□□□□＿□□□
01:15:39(136188f):field(136187f)
＿＿＿＿＿＿＿＿＿＿
＿＿＿＿＿＿＿＿＿＿
＿＿＿＿＿＿＿＿＿＿
＿＿＿＿＿＿＿＿＿＿
□＿＿＿＿＿＿＿＿＿
□＿◆＿＿□＿＿■■
□□□□◆□□＿■■
□□□□＿□□□□＿
□□□□＿□＿□□◆
□□＿□＿□＿＿□＿
□＿＿□□□＿＿□□
□□□□□□＿□□□
□□□□□□□□＿□
□□□□□＿□□□□
□□＿＿＿＿□□□□
□□□□□□□□□＿
□□□□□□□□□＿
□□□□□□□□□＿
□＿＿□□□□□□□
□□□□□□＿□□□
01:15:40(136216f):field(136215f)
＿＿＿＿＿＿＿＿＿＿
＿＿＿＿＿＿＿＿＿＿
＿＿＿＿＿＿＿＿＿＿
＿＿＿＿＿＿＿■＿＿
□＿＿＿■＿＿■＿＿
□＿＿■■□■■□□
□□□□■□□＿□□
□□□□＿□□□□＿
□□□□＿□＿□□＿
□□＿□＿□＿＿□＿
□＿＿□□□＿＿□□
□□□□□□＿□□□
□□□□□□□□＿□
□□□□□＿□□□□
□□＿＿＿＿□□□□
□□□□□□□□□＿
□□□□□□□□□＿
□□□□□□□□□＿
□＿＿□□□□□□□
□□□□□□＿□□□
01:15:40(136228f):field(136227f)
＿＿＿＿＿＿＿＿＿＿
＿＿＿＿＿＿＿＿＿＿
＿＿＿＿＿＿■＿＿＿
＿＿＿＿＿＿■□＿＿
□＿＿＿□■■□＿＿
□＿＿□□□□□□□
□□□□□□□＿□□
□□□□＿□□□□＿
□□□□＿□＿□□＿
□□＿□＿□＿＿□＿
□＿＿□□□＿＿□□
□□□□□□＿□□□
□□□□□□□□＿□
□□□□□＿□□□□
□□＿＿＿＿□□□□
□□□□□□□□□＿
□□□□□□□□□＿
□□□□□□□□□＿
□＿＿□□□□□□□
□□□□□□＿□□□
01:15:41(136239f):field(136238f)
＿＿＿＿＿＿＿＿＿＿
＿＿＿＿＿＿■■■■
＿＿＿＿＿＿□＿＿＿
＿＿＿＿＿＿□□＿＿
□＿＿＿□□□□＿＿
□＿＿□□□□□□□
□□□□□□□＿□□
□□□□＿□□□□＿
□□□□＿□＿□□＿
□□＿□＿□＿＿□＿
□＿＿□□□＿＿□□
□□□□□□＿□□□
□□□□□□□□＿□
□□□□□＿□□□□
□□＿＿＿＿□□□□
□□□□□□□□□＿
□□□□□□□□□＿
□□□□□□□□□＿
□＿＿□□□□□□□
□□□□□□＿□□□
01:15:41(136253f):field(136252f)
＿＿＿＿＿＿＿＿＿＿
＿＿＿＿＿＿□□□□
＿＿＿＿＿＿□＿＿＿
＿■＿＿＿＿□□＿＿
□■■＿□□□□＿＿
□＿■□□□□□□□
□□□□□□□＿□□
□□□□＿□□□□＿
□□□□＿□＿□□＿
□□＿□＿□＿＿□＿
□＿＿□□□＿＿□□
□□□□□□＿□□□
□□□□□□□□＿□
□□□□□＿□□□□
□□＿＿＿＿□□□□
□□□□□□□□□＿
□□□□□□□□□＿
□□□□□□□□□＿
□＿＿□□□□□□□
□□□□□□＿□□□
01:15:42(136265f):field(136264f)
＿＿＿＿＿＿＿＿＿＿
＿＿＿＿＿＿□□□□
＿＿＿＿＿＿□＿＿＿
＿□＿■■■□□＿＿
□□□■□□□□＿＿
□＿□□□□□□□□
□□□□□□□＿□□
□□□□＿□□□□＿
□□□□＿□＿□□＿
□□＿□＿□＿＿□＿
□＿＿□□□＿＿□□
□□□□□□＿□□□
□□□□□□□□＿□
□□□□□＿□□□□
□□＿＿＿＿□□□□
□□□□□□□□□＿
□□□□□□□□□＿
□□□□□□□□□＿
□＿＿□□□□□□□
□□□□□□＿□□□
01:15:42(136277f):field(136276f)
＿＿＿＿＿＿＿＿＿＿
＿■＿＿＿＿□□□□
■■＿＿＿＿□＿＿＿
■□＿□□□□□＿＿
□□□□□□□□＿＿
□＿□□□□□□□□
□□□□□□□＿□□
□□□□＿□□□□＿
□□□□＿□＿□□＿
□□＿□＿□＿＿□＿
□＿＿□□□＿＿□□
□□□□□□＿□□□
□□□□□□□□＿□
□□□□□＿□□□□
□□＿＿＿＿□□□□
□□□□□□□□□＿
□□□□□□□□□＿
□□□□□□□□□＿
□＿＿□□□□□□□
□□□□□□＿□□□
01:15:42(136288f):field(136287f)
＿＿＿＿＿＿＿＿＿＿
＿□■■＿＿□□□□
□□■＿＿＿□＿＿＿
□□■□□□□□＿＿
□□□□□□□□＿＿
□＿□□□□□□□□
□□□□□□□＿□□
□□□□＿□□□□＿
□□□□＿□＿□□＿
□□＿□＿□＿＿□＿
□＿＿□□□＿＿□□
□□□□□□＿□□□
□□□□□□□□＿□
□□□□□＿□□□□
□□＿＿＿＿□□□□
□□□□□□□□□＿
□□□□□□□□□＿
□□□□□□□□□＿
□＿＿□□□□□□□
□□□□□□＿□□□
01:15:43(136300f):field(136299f)
＿＿＿＿＿＿＿＿＿＿
＿□□□■＿□□□□
□□□■■■□＿＿＿
□□□□□□□□＿＿
□□□□□□□□＿＿
□＿□□□□□□□□
□□□□□□□＿□□
□□□□＿□□□□＿
□□□□＿□＿□□＿
□□＿□＿□＿＿□＿
□＿＿□□□＿＿□□
□□□□□□＿□□□
□□□□□□□□＿□
□□□□□＿□□□□
□□＿＿＿＿□□□□
□□□□□□□□□＿
□□□□□□□□□＿
□□□□□□□□□＿
□＿＿□□□□□□□
□□□□□□＿□□□
01:15:43(136311f):field(136310f)
＿＿＿＿＿＿■■■■
＿□□□□＿□□□□
□□□□□□□＿＿＿
□□□□□□□□＿＿
□□□□□□□□＿＿
□＿□□□□□□□□
□□□□□□□＿□□
□□□□＿□□□□＿
□□□□＿□＿□□＿
□□＿□＿□＿＿□＿
□＿＿□□□＿＿□□
□□□□□□＿□□□
□□□□□□□□＿□
□□□□□＿□□□□
□□＿＿＿＿□□□□
□□□□□□□□□＿
□□□□□□□□□＿
□□□□□□□□□＿
□＿＿□□□□□□□
□□□□□□＿□□□
01:15:51(136541f):game end
