00:15:42(28273f):game start
00:15:44(28333f):field(28332f)
＿＿＿＿＿＿＿＿＿＿
＿＿＿＿＿＿＿＿＿＿
＿＿＿＿＿＿＿＿＿＿
＿＿＿＿＿＿＿＿＿＿
＿＿＿＿＿＿＿＿＿＿
＿＿＿＿＿＿＿＿＿＿
＿＿＿＿＿＿＿＿＿＿
＿＿＿＿＿＿＿＿＿＿
＿＿＿＿＿＿＿＿＿＿
＿＿＿＿＿＿＿＿＿＿
＿＿＿＿＿＿＿＿＿＿
＿＿＿＿＿＿＿＿＿＿
＿＿＿＿＿＿＿＿＿＿
＿＿＿＿＿＿＿＿＿＿
＿＿＿＿＿＿＿＿＿＿
＿＿＿＿＿＿＿＿＿＿
＿＿＿＿＿＿＿＿＿＿
＿＿＿＿＿＿＿＿＿＿
■＿＿＿＿＿＿＿＿＿
■■■＿＿＿＿＿＿＿
00:15:44(28348f):field(28347f)
＿＿＿＿＿＿＿＿＿＿
＿＿＿＿＿＿＿＿＿＿
＿＿＿＿＿＿＿＿＿＿
＿＿＿＿＿＿＿＿＿＿
＿＿＿＿＿＿＿＿＿＿
＿＿＿＿＿＿＿＿＿＿
＿＿＿＿＿＿＿＿＿＿
＿＿＿＿＿＿＿＿＿＿
＿＿＿＿＿＿＿＿＿＿
＿＿＿＿＿＿＿＿＿＿
＿＿＿＿＿＿＿＿＿＿
＿＿＿＿＿＿＿＿＿＿
＿＿＿＿＿＿＿＿＿＿
＿＿＿＿＿＿＿＿＿＿
＿＿＿＿＿＿＿＿＿＿
＿＿＿＿＿＿＿＿＿＿
＿＿＿＿＿＿＿＿＿＿
＿＿＿＿＿＿＿＿＿＿
□＿＿＿＿＿＿■＿＿
□□□＿＿＿■■■＿
00:15:45(28362f):field(28361f)
＿＿＿＿＿＿＿＿＿＿
＿＿＿＿＿＿＿＿＿＿
＿＿＿＿＿＿＿＿＿＿
＿＿＿＿＿＿＿＿＿＿
＿＿＿＿＿＿＿＿＿＿
＿＿＿＿＿＿＿＿＿＿
＿＿＿＿＿＿＿＿＿＿
＿＿＿＿＿＿＿＿＿＿
＿＿＿＿＿＿＿＿＿＿
＿＿＿＿＿＿＿＿＿＿
＿＿＿＿＿＿＿＿＿＿
＿＿＿＿＿＿＿＿＿＿
＿＿＿＿＿＿＿＿＿＿
＿＿＿＿＿＿＿＿＿＿
＿＿＿＿＿＿＿＿＿＿
＿＿＿＿＿＿＿＿＿＿
＿＿＿＿＿＿＿＿＿＿
＿＿＿＿＿＿＿＿＿＿
□＿＿■■■■□＿＿
□□□＿＿＿□□□＿
00:15:46(28382f):field(28381f)
＿＿＿＿＿＿＿＿＿＿
＿＿＿＿＿＿＿＿＿＿
＿＿＿＿＿＿＿＿＿＿
＿＿＿＿＿＿＿＿＿＿
＿＿＿＿＿＿＿＿＿＿
＿＿＿＿＿＿＿＿＿＿
＿＿＿＿＿＿＿＿＿＿
＿＿＿＿＿＿＿＿＿＿
＿＿＿＿＿＿＿＿＿＿
＿＿＿＿＿＿＿＿＿＿
＿＿＿＿＿＿＿＿＿＿
＿＿＿＿＿＿＿＿＿＿
＿＿＿＿＿＿＿＿＿＿
＿＿＿＿＿＿＿＿＿＿
＿＿＿＿＿＿＿＿＿＿
＿＿＿＿＿＿＿＿＿＿
＿＿＿＿＿＿＿＿■＿
＿＿＿＿＿＿＿＿■＿
□＿＿□□□□□■■
□□□＿＿＿□□□＿
00:15:46(28397f):field(28396f)
＿＿＿＿＿＿＿＿＿＿
＿＿＿＿＿＿＿＿＿＿
＿＿＿＿＿＿＿＿＿＿
＿＿＿＿＿＿＿＿＿＿
＿＿＿＿＿＿＿＿＿＿
＿＿＿＿＿＿＿＿＿＿
＿＿＿＿＿＿＿＿＿＿
＿＿＿＿＿＿＿＿＿＿
＿＿＿＿＿＿＿＿＿＿
＿＿＿＿＿＿＿＿＿＿
＿＿＿＿＿＿＿＿＿＿
＿＿＿＿＿＿＿＿＿＿
＿＿＿＿＿＿＿＿＿＿
＿＿＿＿＿＿＿＿＿＿
＿＿＿＿＿＿＿＿＿＿
＿＿＿＿＿＿＿＿＿＿
＿＿＿＿＿＿＿＿□＿
＿＿＿＿■■■■□＿
□＿＿□□□□□□□
□□□＿＿＿□□□＿
00:15:47(28412f):field(28411f)
＿＿＿＿＿＿＿＿＿＿
＿＿＿＿＿＿＿＿＿＿
＿＿＿＿＿＿＿＿＿＿
＿＿＿＿＿＿＿＿＿＿
＿＿＿＿＿＿＿＿＿＿
＿＿＿＿＿＿＿＿＿＿
＿＿＿＿＿＿＿＿＿＿
＿＿＿＿＿＿＿＿＿＿
＿＿＿＿＿＿＿＿＿＿
＿＿＿＿＿＿＿＿＿＿
＿＿＿＿＿＿＿＿＿＿
＿＿＿＿＿＿＿＿＿＿
＿＿＿＿＿＿＿＿＿＿
＿＿＿＿＿＿＿＿＿＿
＿＿＿＿＿＿＿＿＿＿
＿＿＿＿■＿＿＿＿＿
＿＿＿＿■■■＿□＿
＿＿＿＿□□□□□＿
□＿＿□□□□□□□
□□□＿＿＿□□□＿
00:15:47(28428f):field(28427f)
＿＿＿＿＿＿＿＿＿＿
＿＿＿＿＿＿＿＿＿＿
＿＿＿＿＿＿＿＿＿＿
＿＿＿＿＿＿＿＿＿＿
＿＿＿＿＿＿＿＿＿＿
＿＿＿＿＿＿＿＿＿＿
＿＿＿＿＿＿＿＿＿＿
＿＿＿＿＿＿＿＿＿＿
＿＿＿＿＿＿＿＿＿＿
＿＿＿＿＿＿＿＿＿＿
＿＿＿＿＿＿＿＿＿＿
＿＿＿＿＿＿＿＿＿＿
＿＿＿＿＿＿＿＿＿＿
＿＿＿＿＿＿＿＿＿＿
＿＿＿＿＿＿＿＿＿＿
＿＿＿＿□＿＿＿＿＿
＿＿＿■□□□＿□＿
＿＿■■□□□□□＿
□＿■□□□□□□□
□□□＿＿＿□□□＿
00:15:48(28445f):field(28444f)
＿＿＿＿＿＿＿＿＿＿
＿＿＿＿＿＿＿＿＿＿
＿＿＿＿＿＿＿＿＿＿
＿＿＿＿＿＿＿＿＿＿
＿＿＿＿＿＿＿＿＿＿
＿＿＿＿＿＿＿＿＿＿
＿＿＿＿＿＿＿＿＿＿
＿＿＿＿＿＿＿＿＿＿
＿＿＿＿＿＿＿＿＿＿
＿＿＿＿＿＿＿＿＿＿
＿＿＿＿＿＿＿＿＿＿
＿＿＿＿＿＿＿＿＿＿
＿＿＿＿＿＿＿＿＿＿
＿＿＿＿＿＿＿＿＿＿
＿＿＿＿＿＿＿＿＿＿
＿＿＿＿◆＿＿＿＿＿
＿＿＿◆□◆◆＿◆＿
■＿◆□□□□◆□＿
□■□□□□□□□◆
□□□＿＿＿□□□＿
00:15:48(28457f):field(28456f)
＿＿＿＿＿＿＿＿＿＿
＿＿＿＿＿＿＿＿＿＿
＿＿＿＿＿＿＿＿＿＿
＿＿＿＿＿＿＿＿＿＿
＿＿＿＿＿＿＿＿＿＿
＿＿＿＿＿＿＿＿＿＿
＿＿＿＿＿＿＿＿＿＿
＿＿＿＿＿＿＿＿＿＿
＿＿＿＿＿＿＿＿＿＿
＿＿＿＿＿＿＿＿＿＿
＿＿＿＿＿＿＿＿＿＿
＿＿＿＿＿＿＿＿＿＿
＿＿＿＿＿＿＿＿＿＿
＿＿＿＿＿＿＿＿＿＿
＿＿＿＿＿＿＿＿＿＿
＿＿＿＿＿■■＿＿＿
＿＿＿＿□■■＿＿＿
□＿＿□□□□＿□＿
□□□□□□□□□＿
□□□＿＿＿□□□＿
00:15:48(28469f):field(28468f)
＿＿＿＿＿＿＿＿＿＿
＿＿＿＿＿＿＿＿＿＿
＿＿＿＿＿＿＿＿＿＿
＿＿＿＿＿＿＿＿＿＿
＿＿＿＿＿＿＿＿＿＿
＿＿＿＿＿＿＿＿＿＿
＿＿＿＿＿＿＿＿＿＿
＿＿＿＿＿＿＿＿＿＿
＿＿＿＿＿＿＿＿＿＿
＿＿＿＿＿＿＿＿＿＿
＿＿＿＿＿＿＿＿＿＿
＿＿＿＿＿＿＿＿＿＿
＿＿＿＿＿＿＿＿＿＿
＿＿＿＿＿＿＿＿＿＿
＿＿＿■＿＿＿＿＿＿
＿＿＿■■□□＿＿＿
＿＿＿■□□□＿＿＿
□＿＿□□□□＿□＿
□□□□□□□□□＿
□□□＿＿＿□□□＿
00:15:49(28482f):field(28481f)
＿＿＿＿＿＿＿＿＿＿
＿＿＿＿＿＿＿＿＿＿
＿＿＿＿＿＿＿＿＿＿
＿＿＿＿＿＿＿＿＿＿
＿＿＿＿＿＿＿＿＿＿
＿＿＿＿＿＿＿＿＿＿
＿＿＿＿＿＿＿＿＿＿
＿＿＿＿＿＿＿＿＿＿
＿＿＿＿＿＿＿＿＿＿
＿＿＿＿＿＿＿＿＿＿
＿＿＿＿＿＿＿＿＿＿
＿＿＿＿＿＿＿＿＿＿
＿＿＿＿＿＿＿＿＿＿
＿＿＿＿＿＿＿＿＿＿
＿＿＿□■■■■＿＿
＿＿＿□□□□＿＿＿
＿＿＿□□□□＿＿＿
□＿＿□□□□＿□＿
□□□□□□□□□＿
□□□＿＿＿□□□＿
00:15:49(28495f):field(28494f)
＿＿＿＿＿＿＿＿＿＿
＿＿＿＿＿＿＿＿＿＿
＿＿＿＿＿＿＿＿＿＿
＿＿＿＿＿＿＿＿＿＿
＿＿＿＿＿＿＿＿＿＿
＿＿＿＿＿＿＿＿＿＿
＿＿＿＿＿＿＿＿＿＿
＿＿＿＿＿＿＿＿＿＿
＿＿＿＿＿＿＿＿＿＿
＿＿＿＿＿＿＿＿＿＿
＿＿＿＿＿＿＿＿＿＿
＿＿＿＿＿＿＿＿＿＿
＿＿＿＿＿＿＿＿＿＿
＿＿＿＿＿＿＿＿＿＿
＿＿＿□□□□□＿＿
＿＿＿□□□□＿＿＿
■■＿□□□□＿＿＿
□■■□□□□＿□＿
□□□□□□□□□＿
□□□＿＿＿□□□＿
00:15:50(28510f):field(28509f)
＿＿＿＿＿＿＿＿＿＿
＿＿＿＿＿＿＿＿＿＿
＿＿＿＿＿＿＿＿＿＿
＿＿＿＿＿＿＿＿＿＿
＿＿＿＿＿＿＿＿＿＿
＿＿＿＿＿＿＿＿＿＿
＿＿＿＿＿＿＿＿＿＿
＿＿＿＿＿＿＿＿＿＿
＿＿＿＿＿＿＿＿＿＿
＿＿＿＿＿＿＿＿＿＿
＿＿＿＿＿＿＿＿＿＿
＿＿＿＿＿＿＿＿＿＿
＿＿＿＿＿＿＿＿＿＿
■＿＿＿＿＿＿＿＿＿
■＿＿□□□□□＿＿
■■＿□□□□＿＿＿
□□＿□□□□＿＿＿
□□□□□□□＿□＿
□□□□□□□□□＿
□□□＿＿＿□□□＿
00:15:50(28523f):field(28522f)
＿＿＿＿＿＿＿＿＿＿
＿＿＿＿＿＿＿＿＿＿
＿＿＿＿＿＿＿＿＿＿
＿＿＿＿＿＿＿＿＿＿
＿＿＿＿＿＿＿＿＿＿
＿＿＿＿＿＿＿＿＿＿
＿＿＿＿＿＿＿＿＿＿
＿＿＿＿＿＿＿＿＿＿
＿＿＿＿＿＿＿＿＿＿
＿＿＿＿＿＿＿＿＿＿
＿＿＿＿＿＿＿＿＿＿
＿＿＿＿＿＿＿＿＿＿
＿＿＿＿■■＿＿＿＿
□＿＿■■＿＿＿＿＿
□＿＿□□□□□＿＿
□□＿□□□□＿＿＿
□□＿□□□□＿＿＿
□□□□□□□＿□＿
□□□□□□□□□＿
□□□＿＿＿□□□＿
00:15:51(28539f):field(28538f)
＿＿＿＿＿＿＿＿＿＿
＿＿＿＿＿＿＿＿＿＿
＿＿＿＿＿＿＿＿＿＿
＿＿＿＿＿＿＿＿＿＿
＿＿＿＿＿＿＿＿＿＿
＿＿＿＿＿＿＿＿＿＿
＿＿＿＿＿＿＿＿＿＿
＿＿＿＿＿＿＿＿＿＿
＿＿＿＿＿＿＿＿＿＿
＿＿＿＿＿＿＿＿＿＿
＿＿＿＿＿＿＿＿＿＿
＿＿＿＿＿＿＿＿＿＿
＿＿＿＿□□■＿＿＿
□＿＿□□■■■＿＿
□＿＿□□□□□＿＿
□□＿□□□□＿＿＿
□□＿□□□□＿＿＿
□□□□□□□＿□＿
□□□□□□□□□＿
□□□＿＿＿□□□＿
00:15:51(28552f):field(28551f)
＿＿＿＿＿＿＿＿＿＿
＿＿＿＿＿＿＿＿＿＿
＿＿＿＿＿＿＿＿＿＿
＿＿＿＿＿＿＿＿＿＿
＿＿＿＿＿＿＿＿＿＿
＿＿＿＿＿＿＿＿＿＿
＿＿＿＿＿＿＿＿＿＿
＿＿＿＿＿＿＿＿＿＿
＿＿＿＿＿＿＿＿＿＿
＿＿＿＿＿＿＿＿＿＿
＿＿＿＿＿■■＿＿＿
＿＿＿＿＿■■＿＿＿
＿＿＿＿□□□＿＿＿
□＿＿□□□□□＿＿
□＿＿□□□□□＿＿
□□＿□□□□＿＿＿
□□＿□□□□＿＿＿
□□□□□□□＿□＿
□□□□□□□□□＿
□□□＿＿＿□□□＿
00:15:52(28563f):field(28562f)
＿＿＿＿＿＿＿＿＿＿
＿＿＿＿＿＿＿＿＿＿
＿＿＿＿＿＿＿＿＿＿
＿＿＿＿＿＿＿＿＿＿
＿＿＿＿＿＿＿＿＿＿
＿＿＿＿＿＿＿＿＿＿
＿＿＿＿＿＿＿＿＿＿
＿＿＿＿＿＿＿＿＿＿
＿＿＿＿＿＿＿＿＿＿
＿＿＿＿＿＿＿＿＿＿
＿＿＿＿■□□＿＿＿
＿＿＿■■□□＿＿＿
＿＿＿■□□□＿＿＿
□＿＿□□□□□＿＿
□＿＿□□□□□＿＿
□□＿□□□□＿＿＿
□□＿□□□□＿＿＿
□□□□□□□＿□＿
□□□□□□□□□＿
□□□＿＿＿□□□＿
00:15:52(28576f):field(28575f)
＿＿＿＿＿＿＿＿＿＿
＿＿＿＿＿＿＿＿＿＿
＿＿＿＿＿＿＿＿＿＿
＿＿＿＿＿＿＿＿＿＿
＿＿＿＿＿＿＿＿＿＿
＿＿＿＿＿＿＿＿＿＿
＿＿＿＿＿＿＿＿＿＿
＿＿＿＿＿＿＿＿＿＿
＿＿＿＿＿＿＿＿＿＿
＿＿＿＿＿＿＿＿＿＿
＿＿＿＿□□□＿＿＿
＿＿＿□□□□＿＿＿
＿＿＿□□□□＿＿＿
□＿■□□□□□＿＿
□＿■□□□□□＿＿
□□■□□□□＿＿＿
□□■□□□□＿＿＿
□□□□□□□＿□＿
□□□□□□□□□＿
□□□＿＿＿□□□＿
00:15:53(28590f):field(28589f)
＿＿＿＿＿＿＿＿＿＿
＿＿＿＿＿＿＿＿＿＿
＿＿＿＿＿＿＿＿＿＿
＿＿＿＿＿＿＿＿＿＿
＿＿＿＿＿＿＿＿＿＿
＿＿＿＿＿＿＿＿＿＿
＿＿＿＿＿＿＿＿＿＿
＿＿＿＿＿＿＿＿＿＿
＿＿＿＿＿＿＿＿＿＿
＿＿＿＿＿＿＿＿＿＿
＿＿＿＿□□□＿＿＿
＿＿＿□□□□＿＿＿
＿■■□□□□＿＿＿
□■□□□□□□＿＿
□■□□□□□□＿＿
□□□□□□□＿＿＿
□□□□□□□＿＿＿
□□□□□□□＿□＿
□□□□□□□□□＿
□□□＿＿＿□□□＿
00:15:53(28608f):field(28607f)
＿＿＿＿＿＿＿＿＿＿
＿＿＿＿＿＿＿＿＿＿
＿＿＿＿＿＿＿＿＿＿
＿＿＿＿＿＿＿＿＿＿
＿＿＿＿＿＿＿＿＿＿
＿＿＿＿＿＿＿＿＿＿
＿＿＿＿＿＿＿＿＿＿
＿＿＿＿＿＿＿＿＿＿
＿＿＿＿＿＿＿＿＿＿
＿＿＿＿＿＿＿＿＿＿
＿＿＿＿◆◆◆＿＿＿
＿＿＿◆□□□＿＿＿
＿◆◆□□□□＿＿＿
◆□□□□□□◆＿＿
□□□□□□□□＿＿
□□□□□□□■＿＿
□□□□□□□＿＿＿
□□□□□□□■□＿
□□□□□□□□□＿
□□□＿＿■□□□＿
00:15:54(28620f):field(28619f)
＿＿＿＿＿＿＿＿＿＿
＿＿＿＿＿＿＿＿＿＿
＿＿＿＿＿＿＿＿＿＿
＿＿＿＿＿＿＿＿＿＿
＿＿＿＿＿＿＿＿＿＿
＿＿＿＿＿＿＿＿＿＿
＿＿＿＿＿＿＿＿＿＿
＿＿＿＿＿＿＿＿＿＿
＿＿＿＿＿＿＿＿＿＿
＿＿＿＿■■＿＿＿＿
＿＿＿＿■■＿＿＿＿
＿＿＿＿□□□＿＿＿
＿＿＿□□□□＿＿＿
＿□□□□□□＿＿＿
□□□□□□□□＿＿
□□□□□□□□＿＿
□□□□□□□＿＿＿
□□□□□□□□□＿
□□□□□□□□□＿
□□□＿＿◆□□□＿
00:15:54(28633f):field(28632f)
＿＿＿＿＿＿＿＿＿＿
＿＿＿＿＿＿＿＿＿＿
＿＿＿＿＿＿＿＿＿＿
＿＿＿＿＿＿＿＿＿＿
＿＿＿＿＿＿＿＿＿＿
＿＿＿＿＿＿＿＿＿＿
＿＿＿＿＿＿＿＿＿＿
＿＿＿＿＿＿＿＿＿＿
＿＿＿＿＿＿＿＿＿＿
＿＿＿＿□□＿＿＿＿
＿＿＿＿□□＿＿＿＿
■＿＿＿□□□＿＿＿
■■＿□□□□＿＿＿
■□□□□□□＿＿＿
□□□□□□□□＿＿
□□□□□□□□＿＿
□□□□□□□＿＿＿
□□□□□□□□□＿
□□□□□□□□□＿
□□□＿＿＿□□□＿
00:15:55(28650f):field(28649f)
＿＿＿＿＿＿＿＿＿＿
＿＿＿＿＿＿＿＿＿＿
＿＿＿＿＿＿＿＿＿＿
＿＿＿＿＿＿＿＿＿＿
＿＿＿＿＿＿＿＿＿＿
＿＿＿＿＿＿＿＿＿＿
＿＿＿＿＿＿＿＿＿＿
＿＿＿＿＿＿＿＿＿＿
＿＿＿＿＿＿＿＿＿＿
■＿＿＿□□＿＿＿＿
■■＿＿□□＿＿＿＿
□■＿＿□□□＿＿＿
□□＿□□□□＿＿＿
□□□□□□□＿＿＿
□□□□□□□□＿＿
□□□□□□□□＿＿
□□□□□□□＿＿＿
□□□□□□□□□＿
□□□□□□□□□＿
□□□＿＿＿□□□＿
00:15:55(28665f):field(28664f)
＿＿＿＿＿＿＿＿＿＿
＿＿＿＿＿＿＿＿＿＿
＿＿＿＿＿＿＿＿＿＿
＿＿＿＿＿＿＿＿＿＿
＿＿＿＿＿＿＿＿＿＿
＿＿＿＿＿＿＿＿＿＿
＿＿＿＿＿＿＿＿＿＿
＿＿＿＿＿＿＿＿＿＿
＿＿＿＿＿＿＿＿＿＿
□＿■＿□□＿＿＿＿
□□■＿□□＿＿＿＿
□□■＿□□□＿＿＿
□□■□□□□＿＿＿
□□□□□□□＿＿＿
□□□□□□□□＿＿
□□□□□□□□＿＿
□□□□□□□＿＿＿
□□□□□□□□□＿
□□□□□□□□□＿
□□□＿＿＿□□□＿
00:15:55(28677f):field(28676f)
＿＿＿＿＿＿＿＿＿＿
＿＿＿＿＿＿＿＿＿＿
＿＿＿＿＿＿＿＿＿＿
＿＿＿＿＿＿＿＿＿＿
＿＿＿＿＿＿＿＿＿＿
＿＿＿＿＿＿＿＿＿＿
＿＿＿＿＿■＿＿＿＿
＿＿＿＿■■＿＿＿＿
＿＿＿＿■＿＿＿＿＿
□＿□＿□□＿＿＿＿
□□□＿□□＿＿＿＿
□□□＿□□□＿＿＿
□□□□□□□＿＿＿
□□□□□□□＿＿＿
□□□□□□□□＿＿
□□□□□□□□＿＿
□□□□□□□＿＿＿
□□□□□□□□□＿
□□□□□□□□□＿
□□□＿＿＿□□□＿
00:15:56(28695f):field(28694f)
＿＿＿＿＿＿＿＿＿＿
＿＿＿＿＿＿＿＿＿＿
＿＿＿＿＿＿＿＿＿＿
＿＿＿＿＿＿＿＿＿＿
＿＿＿＿＿＿＿＿＿＿
＿＿＿＿＿＿＿＿＿＿
＿＿＿＿＿□＿＿＿＿
＿＿＿＿□□＿＿＿＿
＿＿＿＿□＿＿＿＿＿
□＿□＿□□＿＿＿＿
□□□＿□□＿＿＿＿
□□□＿□□□＿＿＿
□□□□□□□＿＿＿
□□□□□□□＿＿＿
□□□□□□□□■＿
□□□□□□□□■＿
□□□□□□□■■＿
□□□□□□□□□＿
□□□□□□□□□＿
□□□＿＿＿□□□＿
00:15:56(28709f):field(28708f)
＿＿＿＿＿＿＿＿＿＿
＿＿＿＿＿＿＿＿＿＿
＿＿＿＿＿＿＿＿＿＿
＿＿＿＿＿＿＿＿＿＿
＿＿＿＿＿＿＿＿＿＿
＿＿＿＿＿＿＿＿＿＿
＿＿＿＿＿□＿＿＿＿
＿＿＿＿□□＿＿＿＿
＿＿＿＿□＿＿＿＿＿
□＿□＿□□＿＿＿＿
□□□＿□□＿＿＿＿
□□□＿□□□＿＿＿
□□□□□□□■■＿
□□□□□□□■■＿
□□□□□□□□□＿
□□□□□□□□□＿
□□□□□□□□□＿
□□□□□□□□□＿
□□□□□□□□□＿
□□□＿＿＿□□□＿
00:15:57(28734f):field(28733f)
＿＿＿＿＿＿＿＿＿＿
＿＿＿＿＿＿＿＿＿＿
＿＿＿＿＿＿＿＿＿＿
＿＿＿＿＿＿＿＿＿＿
＿＿＿＿＿＿＿＿＿＿
＿＿＿＿＿＿＿＿＿＿
＿＿＿＿＿□＿＿＿＿
＿＿＿＿□□＿＿＿＿
＿＿＿＿□■■＿＿＿
□＿□＿□□■＿＿＿
□□□＿□□■＿＿＿
□□□＿□□□＿＿＿
□□□□□□□□□＿
□□□□□□□□□＿
□□□□□□□□□＿
□□□□□□□□□＿
□□□□□□□□□＿
□□□□□□□□□＿
□□□□□□□□□＿
□□□＿＿＿□□□＿
00:15:58(28746f):field(28745f)
＿＿＿＿＿＿＿＿＿＿
＿＿＿＿＿＿＿＿＿＿
＿＿＿＿＿＿＿＿＿＿
＿＿＿＿＿＿＿＿＿＿
＿＿＿＿■＿＿＿＿＿
＿＿＿＿■■＿＿＿＿
＿＿＿＿■□＿＿＿＿
＿＿＿＿□□＿＿＿＿
＿＿＿＿□□□＿＿＿
□＿□＿□□□＿＿＿
□□□＿□□□＿＿＿
□□□＿□□□＿＿＿
□□□□□□□□□＿
□□□□□□□□□＿
□□□□□□□□□＿
□□□□□□□□□＿
□□□□□□□□□＿
□□□□□□□□□＿
□□□□□□□□□＿
□□□＿＿＿□□□＿
00:15:58(28763f):field(28762f)
＿＿＿＿＿＿＿＿＿＿
＿＿＿＿＿＿＿＿＿＿
＿＿＿＿＿＿＿＿＿＿
＿＿＿＿＿＿＿＿＿＿
＿＿＿＿□＿＿＿＿＿
＿＿＿＿□□＿＿＿＿
＿＿＿＿□□＿＿＿＿
■＿＿＿□□＿＿＿＿
■■＿＿□□□＿＿＿
□■□＿□□□＿＿＿
□□□＿□□□＿＿＿
□□□＿□□□＿＿＿
□□□□□□□□□＿
□□□□□□□□□＿
□□□□□□□□□＿
□□□□□□□□□＿
□□□□□□□□□＿
□□□□□□□□□＿
□□□□□□□□□＿
□□□＿＿＿□□□＿
00:15:59(28780f):field(28779f)
＿＿＿＿＿＿＿＿＿＿
＿＿＿＿＿＿＿＿＿＿
＿＿＿＿＿＿＿＿＿＿
＿＿＿＿＿＿＿＿＿＿
＿＿＿＿□＿＿＿＿＿
＿＿＿＿□□＿＿＿＿
＿＿＿＿□□＿＿＿＿
□＿＿＿□□＿＿＿＿
□□＿■□□□＿＿＿
□□□■□□□＿＿＿
□□□■□□□＿＿＿
□□□■□□□＿＿＿
□□□□□□□□□＿
□□□□□□□□□＿
□□□□□□□□□＿
□□□□□□□□□＿
□□□□□□□□□＿
□□□□□□□□□＿
□□□□□□□□□＿
□□□＿＿＿□□□＿
00:16:00(28807f):field(28806f)
＿＿＿＿＿＿＿＿＿＿
＿＿＿＿＿＿＿＿＿＿
＿＿＿＿＿＿＿＿＿＿
＿＿＿＿＿＿＿＿＿＿
＿＿＿＿□＿＿＿＿＿
＿＿＿＿□□＿＿＿＿
＿＿＿■□□＿＿＿＿
□＿■■□□＿＿＿＿
□□■□□□□＿＿＿
□□□□□□□＿＿＿
□□□□□□□■■＿
□□□□□□□■■＿
□□□□□□□□□＿
□□□□□□□□□＿
□□□□□□□□□＿
□□□□□□□□□＿
□□□□□□□□□＿
□□□□□□□□□＿
□□□□□□□□□＿
□□□＿＿＿□□□＿
00:16:00(28823f):field(28822f)
＿＿＿＿＿＿＿＿＿＿
＿＿＿＿＿＿＿＿＿＿
＿＿＿＿＿＿＿＿＿＿
＿＿＿＿＿＿＿＿＿＿
＿＿＿■□＿＿＿＿＿
＿＿■■□□＿＿＿＿
＿＿■□□□＿＿＿＿
□＿□□□□＿＿＿＿
□□□□□□□＿＿＿
□□□□□□□＿＿＿
□□□□□□□□□＿
□□□□□□□□□＿
□□□□□□□□□＿
□□□□□□□□□＿
□□□□□□□□□＿
□□□□□□□□□＿
□□□□□□□□□＿
□□□□□□□□□＿
□□□□□□□□□＿
□□□＿＿＿□□□＿
00:16:01(28843f):field(28842f)
＿＿＿＿＿＿＿＿＿＿
＿＿＿＿＿＿＿＿＿＿
＿＿＿＿＿＿＿＿＿＿
＿＿＿＿＿＿＿＿＿＿
＿＿＿□□＿＿＿＿＿
＿＿□□□□＿＿＿＿
＿＿□□□□＿＿＿＿
□＿□□□□■■＿＿
□□□□□□□■＿＿
□□□□□□□■＿＿
□□□□□□□□□＿
□□□□□□□□□＿
□□□□□□□□□＿
□□□□□□□□□＿
□□□□□□□□□＿
□□□□□□□□□＿
□□□□□□□□□＿
□□□□□□□□□＿
□□□□□□□□□＿
□□□＿＿＿□□□＿
00:16:01(28856f):field(28855f)
＿＿＿＿＿＿＿＿＿＿
＿＿＿＿＿＿＿＿＿＿
＿＿＿＿＿＿＿＿＿＿
＿＿＿＿＿＿＿＿＿＿
＿＿＿□□＿＿＿＿＿
＿■□□□□＿＿＿＿
■■□□□□＿＿＿＿
□■□□□□□□＿＿
□□□□□□□□＿＿
□□□□□□□□＿＿
□□□□□□□□□＿
□□□□□□□□□＿
□□□□□□□□□＿
□□□□□□□□□＿
□□□□□□□□□＿
□□□□□□□□□＿
□□□□□□□□□＿
□□□□□□□□□＿
□□□□□□□□□＿
□□□＿＿＿□□□＿
00:16:02(28870f):field(28869f)
＿＿＿＿＿＿＿＿＿＿
＿＿＿＿＿＿＿＿＿＿
＿＿＿＿＿＿＿＿＿＿
＿＿■■＿＿＿＿＿＿
＿■■□□＿＿＿＿＿
＿□□□□□＿＿＿＿
□□□□□□＿＿＿＿
□□□□□□□□＿＿
□□□□□□□□＿＿
□□□□□□□□＿＿
□□□□□□□□□＿
□□□□□□□□□＿
□□□□□□□□□＿
□□□□□□□□□＿
□□□□□□□□□＿
□□□□□□□□□＿
□□□□□□□□□＿
□□□□□□□□□＿
□□□□□□□□□＿
□□□＿＿＿□□□＿
00:16:03(28890f):field(28889f)
＿＿＿＿＿＿＿＿＿＿
＿＿＿＿＿＿＿＿＿＿
＿＿＿＿＿＿＿＿＿＿
■■□□＿＿＿＿＿＿
■□□□□＿＿＿＿＿
■□□□□□＿＿＿＿
□□□□□□＿＿＿＿
□□□□□□□□＿＿
□□□□□□□□＿＿
□□□□□□□□＿＿
□□□□□□□□□＿
□□□□□□□□□＿
□□□□□□□□□＿
□□□□□□□□□＿
□□□□□□□□□＿
□□□□□□□□□＿
□□□□□□□□□＿
□□□□□□□□□＿
□□□□□□□□□＿
□□□＿＿＿□□□＿
00:16:03(28903f):field(28902f)
＿＿＿＿＿＿＿＿＿＿
＿＿＿＿＿＿＿＿＿＿
＿＿＿＿＿＿＿＿＿＿
□□□□■■＿＿＿＿
□□□□□■■＿＿＿
□□□□□□＿＿＿＿
□□□□□□＿＿＿＿
□□□□□□□□＿＿
□□□□□□□□＿＿
□□□□□□□□＿＿
□□□□□□□□□＿
□□□□□□□□□＿
□□□□□□□□□＿
□□□□□□□□□＿
□□□□□□□□□＿
□□□□□□□□□＿
□□□□□□□□□＿
□□□□□□□□□＿
□□□□□□□□□＿
□□□＿＿＿□□□＿
00:16:04(28926f):field(28925f)
＿＿＿＿＿＿＿＿＿＿
＿＿＿＿＿＿＿＿＿＿
＿＿＿＿＿＿＿＿＿＿
□□□□□□＿＿＿＿
□□□□□□□＿＿＿
□□□□□□■■＿＿
□□□□□□■■＿＿
□□□□□□□□＿＿
□□□□□□□□＿＿
□□□□□□□□＿＿
□□□□□□□□□＿
□□□□□□□□□＿
□□□□□□□□□＿
□□□□□□□□□＿
□□□□□□□□□＿
□□□□□□□□□＿
□□□□□□□□□＿
□□□□□□□□□＿
□□□□□□□□□＿
□□□＿＿＿□□□＿
00:16:04(28946f):field(28945f)
＿＿＿＿＿＿＿＿＿＿
＿＿＿＿＿＿＿＿＿＿
＿＿＿＿＿＿＿＿＿＿
◆◆◆◆◆◆＿＿＿＿
◆◆◆◆◆◆◆＿＿＿
◆◆◆◆◆◆◆◆＿＿
□□□□□□◆◆＿＿
□□□□□□□□＿＿
□□□□□□□□＿＿
□□□□□□□□＿＿
□□□□□□□□□＿
□□□□□□□□◆＿
□□□□□□□□□＿
□□□□□□□□□＿
□□□□□□□□□＿
□□□□□□□□□＿
□□□□□□□□□＿
□□□□□□□□□＿
□□□□□□□□□＿
□□□＿＿＿□□□＿
00:16:05(28964f):field(28963f)
＿＿＿＿＿＿＿＿＿＿
＿＿＿＿＿＿＿＿＿＿
＿＿＿＿＿＿＿＿＿＿
＿＿＿＿＿＿＿＿＿＿
＿＿＿＿＿＿＿＿＿＿
＿＿＿＿＿＿＿＿＿＿
◆◆◆◆◆◆＿＿＿＿
◆◆◆◆◆◆◆◆＿＿
◆◆◆◆◆◆◆◆＿＿
□□□□□□◆◆＿＿
□□□□□□□◆◆＿
□□□□□□□□＿＿
□□□□□□□□◆＿
□□□□□□□□◆＿
□□□□□□□□◆＿
□□□□□□□□□＿
□□□□□□□□□＿
□□□□□□□□□＿
□□□□□□□□□＿
□□□＿■■□□□■
00:16:06(28982f):field(28981f)
＿＿＿＿＿＿＿＿＿＿
＿＿＿＿＿＿＿＿＿＿
＿＿＿＿＿＿＿＿＿＿
＿＿＿＿＿＿＿＿＿＿
＿＿＿＿＿＿＿＿＿＿
＿＿＿＿＿＿＿＿＿＿
＿＿＿＿＿＿＿＿＿＿
＿＿＿＿＿＿＿＿＿＿
＿＿＿＿＿＿＿＿＿＿
◆◆◆◆◆◆＿＿＿＿
◆◆◆◆◆◆◆＿＿＿
□□□□□□◆◆＿＿
□□□□□□□◆＿＿
□□□□□□□□＿＿
□□□□□□□□＿＿
□□□□□□□□□＿
□□□□□□□□□＿
□□□□□□□□□＿
□□□□□□□□□＿
□□□■◆◆□□□□
00:16:06(28999f):field(28998f)
＿＿＿＿＿＿＿＿＿＿
＿＿＿＿＿＿＿＿＿＿
＿＿＿＿＿＿＿＿＿＿
＿＿＿＿＿＿＿＿＿＿
＿＿＿＿＿＿＿＿＿＿
＿＿＿＿＿＿＿＿＿＿
＿＿＿＿＿＿＿＿＿＿
＿＿＿＿＿＿＿＿＿＿
＿＿＿＿＿＿＿＿＿＿
＿＿＿＿＿＿＿＿＿＿
＿＿＿＿＿＿＿＿＿＿
◆◆◆□◆◆＿＿＿＿
□□□□□□◆■＿＿
□□□□□□□□＿＿
□□□□□□□□＿＿
□□□□□□□□□＿
□□□□□□□□□＿
□□□□□□□□□＿
□□□□□□□□□＿
□□□◆＿＿□□□□
00:16:07(29020f):field(29019f)
＿＿＿＿＿＿＿＿＿＿
＿＿＿＿＿＿＿＿＿＿
＿＿＿＿＿＿＿＿＿＿
＿＿＿＿＿＿＿＿＿＿
＿＿＿＿＿＿＿＿＿＿
＿＿＿＿＿＿＿＿＿＿
＿＿＿＿＿＿＿＿＿＿
＿＿＿＿＿＿＿＿＿＿
＿＿＿＿＿＿＿＿＿＿
＿＿＿＿＿＿＿＿＿＿
＿＿＿＿＿＿＿＿＿＿
＿＿＿◆＿＿＿＿＿＿
◆◆◆◆◆◆＿◆＿＿
◆◆□◆◆◆◆◆＿■
□□□□□□◆□■＿
□□□□□□□□◆■
□□□□□□□□□＿
□□□□□□□□□＿
□□□□□□□□□＿
□□□■＿＿□□□□
00:16:07(29035f):field(29034f)
＿＿＿＿＿＿＿＿＿＿
＿＿＿＿＿＿＿＿＿＿
＿＿＿＿＿＿＿＿＿＿
＿＿＿＿＿＿＿＿＿＿
＿＿＿＿＿＿＿＿＿＿
＿＿＿＿＿＿＿＿＿＿
＿＿＿＿＿＿＿＿＿＿
＿＿＿＿＿＿＿＿＿＿
＿＿＿＿＿＿＿＿＿＿
＿＿＿＿＿＿＿＿＿＿
＿＿＿＿＿＿＿＿＿＿
＿＿＿＿＿＿＿＿＿＿
■■＿＿＿＿＿＿＿＿
■■◆＿＿＿＿＿＿◆
□□□□□□＿□◆＿
□□□□□□□□＿□
□□□□□□□□□＿
□□□□□□□□□＿
□□□□□□□□□＿
□□□◆＿＿□□□□
00:16:08(29054f):field(29053f)
＿＿＿＿＿＿＿＿＿＿
＿＿＿＿＿＿＿＿＿＿
＿＿＿＿＿＿＿＿＿＿
＿＿＿＿＿＿＿＿＿＿
＿＿＿＿＿＿＿＿＿＿
＿＿＿＿＿＿＿＿＿＿
＿＿＿＿＿＿＿＿＿＿
＿＿＿＿＿＿＿＿＿＿
＿＿＿＿＿＿＿＿＿＿
＿＿＿＿＿＿＿＿＿＿
＿＿＿＿＿＿＿＿＿＿
＿＿＿＿＿＿＿＿＿＿
◆◆＿＿＿＿＿＿＿＿
□□＿＿＿＿＿＿＿＿
□□◆◆◆◆＿□■＿
□□□□□□◆□■□
□□□□□□□□□＿
□□□□□□□□□＿
□□□□□□□□□＿
□□□＿＿■□□□□
00:16:08(29065f):field(29064f)
＿＿＿＿＿＿＿＿＿＿
＿＿＿＿＿＿＿＿＿＿
＿＿＿＿＿＿＿＿＿＿
＿＿＿＿＿＿＿＿＿＿
＿＿＿＿＿＿＿＿＿＿
＿＿＿＿＿＿＿＿＿＿
＿＿＿＿＿＿＿＿＿＿
＿＿＿＿＿＿＿＿＿＿
＿＿＿＿＿＿＿＿＿＿
＿＿＿＿＿＿＿＿＿＿
＿＿＿＿＿＿＿＿＿＿
＿＿＿＿＿＿＿＿＿＿
＿＿＿＿＿＿＿＿＿＿
□□＿＿＿＿＿＿＿＿
□□＿＿■■■□□＿
□□□□□□■□□◆
□□□□□□□□□＿
□□□□□□□□□＿
□□□□□□□□□＿
□□□＿＿◆□□□□
00:16:09(29078f):field(29077f)
＿＿＿＿＿＿＿＿＿＿
＿＿＿＿＿＿＿＿＿＿
＿＿＿＿＿＿＿＿＿＿
＿＿＿＿＿＿＿＿＿＿
＿＿＿＿＿＿＿＿＿＿
＿＿＿＿＿＿＿＿＿＿
＿＿＿＿＿＿＿＿＿＿
＿＿＿＿＿＿＿＿＿＿
＿＿＿＿＿＿＿＿＿＿
＿＿＿＿＿＿＿＿＿＿
＿＿＿＿＿＿＿＿＿＿
＿＿＿＿＿＿＿＿＿＿
＿＿＿＿■＿＿＿＿＿
□□＿■■＿＿＿＿＿
□□＿■□□□□□＿
□□□□□□□□□＿
□□□□□□□□□＿
□□□□□□□□□＿
□□□□□□□□□＿
□□□＿＿＿□□□□
00:16:09(29096f):field(29095f)
＿＿＿＿＿＿＿＿＿＿
＿＿＿＿＿＿＿＿＿＿
＿＿＿＿＿＿＿＿＿＿
＿＿＿＿＿＿＿＿＿＿
＿＿＿＿＿＿＿＿＿＿
＿＿＿＿＿＿＿＿＿＿
＿＿＿＿＿＿＿＿＿＿
＿＿＿＿＿＿＿＿＿＿
＿＿＿＿＿＿＿＿＿＿
＿＿＿＿＿＿＿＿＿＿
＿＿＿＿＿＿＿＿＿＿
＿＿＿＿＿＿＿＿＿＿
＿＿＿＿□＿＿＿＿＿
□□＿□□■■■■＿
□□＿□□□□□□＿
□□□□□□□□□＿
□□□□□□□□□＿
□□□□□□□□□＿
□□□□□□□□□＿
□□□＿＿＿□□□□
00:16:10(29109f):field(29108f)
＿＿＿＿＿＿＿＿＿＿
＿＿＿＿＿＿＿＿＿＿
＿＿＿＿＿＿＿＿＿＿
＿＿＿＿＿＿＿＿＿＿
＿＿＿＿＿＿＿＿＿＿
＿＿＿＿＿＿＿＿＿＿
＿＿＿＿＿＿＿＿＿＿
＿＿＿＿＿＿＿＿＿＿
＿＿＿＿＿＿＿＿＿＿
＿＿＿＿＿＿＿＿＿＿
＿＿＿＿＿＿＿＿＿＿
■■＿＿＿＿＿＿＿＿
■■＿＿□＿＿＿＿＿
□□＿□□□□□□＿
□□＿□□□□□□＿
□□□□□□□□□＿
□□□□□□□□□＿
□□□□□□□□□＿
□□□□□□□□□＿
□□□＿＿＿□□□□
00:16:10(29123f):field(29122f)
＿＿＿＿＿＿＿＿＿＿
＿＿＿＿＿＿＿＿＿＿
＿＿＿＿＿＿＿＿＿＿
＿＿＿＿＿＿＿＿＿＿
＿＿＿＿＿＿＿＿＿＿
＿＿＿＿＿＿＿＿＿＿
＿＿＿＿＿＿＿＿＿＿
＿＿＿＿＿＿＿＿＿＿
＿＿＿＿＿＿＿＿＿＿
＿＿＿＿＿＿＿＿＿＿
＿＿＿＿＿＿＿＿＿＿
□□＿＿＿＿＿■＿＿
□□＿＿□■■■＿＿
□□＿□□□□□□＿
□□＿□□□□□□＿
□□□□□□□□□＿
□□□□□□□□□＿
□□□□□□□□□＿
□□□□□□□□□＿
□□□＿＿＿□□□□
00:16:11(29136f):field(29135f)
＿＿＿＿＿＿＿＿＿＿
＿＿＿＿＿＿＿＿＿＿
＿＿＿＿＿＿＿＿＿＿
＿＿＿＿＿＿＿＿＿＿
＿＿＿＿＿＿＿＿＿＿
＿＿＿＿＿＿＿＿＿＿
＿＿＿＿＿＿＿＿＿＿
＿＿＿＿＿＿＿＿＿＿
＿＿＿＿＿＿＿＿＿＿
＿＿＿＿＿＿＿＿＿＿
＿＿＿＿＿＿＿＿＿＿
□□＿＿＿＿＿□＿＿
□□■■□□□□＿＿
□□■□□□□□□＿
□□■□□□□□□＿
□□□□□□□□□＿
□□□□□□□□□＿
□□□□□□□□□＿
□□□□□□□□□＿
□□□＿＿＿□□□□
00:16:11(29154f):field(29153f)
＿＿＿＿＿＿＿＿＿＿
＿＿＿＿＿＿＿＿＿＿
＿＿＿＿＿＿＿＿＿＿
＿＿＿＿＿＿＿＿＿＿
＿＿＿＿＿＿＿＿＿＿
＿＿＿＿＿＿＿＿＿＿
＿＿＿＿＿＿＿＿＿＿
＿＿＿＿＿＿＿＿＿＿
＿＿＿＿＿＿＿＿＿＿
＿＿＿＿＿＿＿＿＿＿
＿＿＿＿＿＿■■＿＿
□□＿＿＿■■□＿＿
□□□□□□□□＿＿
□□□□□□□□□＿
□□□□□□□□□＿
□□□□□□□□□＿
□□□□□□□□□＿
□□□□□□□□□＿
□□□□□□□□□＿
□□□＿＿＿□□□□
00:16:12(29169f):field(29168f)
＿＿＿＿＿＿＿＿＿＿
＿＿＿＿＿＿＿＿＿＿
＿＿＿＿＿＿＿＿＿＿
＿＿＿＿＿＿＿＿＿＿
＿＿＿＿＿＿＿＿＿＿
＿＿＿＿＿＿＿＿＿＿
＿＿＿＿＿＿＿＿＿＿
＿＿＿＿＿＿＿＿＿＿
＿＿＿＿＿＿＿＿＿＿
＿＿＿＿＿＿＿＿＿＿
＿＿＿■＿＿□□＿＿
□□■■■□□□＿＿
□□□□□□□□＿＿
□□□□□□□□□＿
□□□□□□□□□＿
□□□□□□□□□＿
□□□□□□□□□＿
□□□□□□□□□＿
□□□□□□□□□＿
□□□＿＿＿□□□□
00:16:12(29178f):field(29177f)
＿＿＿＿＿＿＿＿＿＿
＿＿＿＿＿＿＿＿＿＿
＿＿＿＿＿＿＿＿＿＿
＿＿＿＿＿＿＿＿＿＿
＿＿＿＿＿＿＿＿＿＿
＿＿＿＿＿＿＿＿＿＿
＿＿＿＿＿＿＿＿＿＿
＿＿＿＿＿＿＿＿＿＿
＿＿＿＿＿＿＿＿＿＿
＿＿＿＿■■＿＿＿＿
＿＿＿□■■□□＿＿
□□□□□□□□＿＿
□□□□□□□□＿＿
□□□□□□□□□＿
□□□□□□□□□＿
□□□□□□□□□＿
□□□□□□□□□＿
□□□□□□□□□＿
□□□□□□□□□＿
□□□＿＿＿□□□□
00:16:13(29192f):field(29191f)
＿＿＿＿＿＿＿＿＿＿
＿＿＿＿＿＿＿＿＿＿
＿＿＿＿＿＿＿＿＿＿
＿＿＿＿＿＿＿＿＿＿
＿＿＿＿＿＿＿＿＿＿
＿＿＿＿＿＿＿＿＿＿
＿＿＿＿＿＿＿＿＿＿
■＿＿＿＿＿＿＿＿＿
■＿＿＿＿＿＿＿＿＿
■＿＿＿□□＿＿＿＿
■＿＿□□□□□＿＿
□□□□□□□□＿＿
□□□□□□□□＿＿
□□□□□□□□□＿
□□□□□□□□□＿
□□□□□□□□□＿
□□□□□□□□□＿
□□□□□□□□□＿
□□□□□□□□□＿
□□□＿＿＿□□□□
00:16:13(29205f):field(29204f)
＿＿＿＿＿＿＿＿＿＿
＿＿＿＿＿＿＿＿＿＿
＿＿＿＿＿＿＿＿＿＿
＿＿＿＿＿＿＿＿＿＿
＿＿＿＿＿＿＿＿＿＿
＿＿＿＿＿＿＿＿＿＿
＿＿＿＿＿＿＿＿＿＿
□＿＿＿＿＿＿＿＿＿
□■＿＿＿＿＿＿＿＿
□■＿＿□□＿＿＿＿
□■■□□□□□＿＿
□□□□□□□□＿＿
□□□□□□□□＿＿
□□□□□□□□□＿
□□□□□□□□□＿
□□□□□□□□□＿
□□□□□□□□□＿
□□□□□□□□□＿
□□□□□□□□□＿
□□□＿＿＿□□□□
00:16:13(29218f):field(29217f)
＿＿＿＿＿＿＿＿＿＿
＿＿＿＿＿＿＿＿＿＿
＿＿＿＿＿＿＿＿＿＿
＿＿＿＿＿＿＿＿＿＿
＿＿＿＿＿＿＿＿＿＿
＿＿＿＿＿＿＿＿＿＿
＿＿＿＿＿＿＿＿＿＿
□＿＿＿■＿＿＿＿＿
□□＿■■＿＿＿＿＿
□□＿■□□＿＿＿＿
□□□□□□□□＿＿
□□□□□□□□＿＿
□□□□□□□□＿＿
□□□□□□□□□＿
□□□□□□□□□＿
□□□□□□□□□＿
□□□□□□□□□＿
□□□□□□□□□＿
□□□□□□□□□＿
□□□＿＿＿□□□□
00:16:14(29231f):field(29230f)
＿＿＿＿＿＿＿＿＿＿
＿＿＿＿＿＿＿＿＿＿
＿＿＿＿＿＿＿＿＿＿
＿＿＿＿＿＿＿＿＿＿
＿＿＿＿＿＿＿＿＿＿
＿＿＿■＿＿＿＿＿＿
＿＿＿■■＿＿＿＿＿
□＿＿■□＿＿＿＿＿
□□＿□□＿＿＿＿＿
□□＿□□□＿＿＿＿
□□□□□□□□＿＿
□□□□□□□□＿＿
□□□□□□□□＿＿
□□□□□□□□□＿
□□□□□□□□□＿
□□□□□□□□□＿
□□□□□□□□□＿
□□□□□□□□□＿
□□□□□□□□□＿
□□□＿＿＿□□□□
00:16:15(29255f):field(29254f)
＿＿＿＿＿＿＿＿＿＿
＿＿＿＿＿＿＿＿＿＿
＿＿＿＿＿＿＿＿＿＿
＿＿＿＿＿＿＿＿＿＿
＿＿＿＿＿＿＿＿＿＿
＿＿＿◆＿＿＿＿＿＿
＿＿＿□◆＿＿＿＿＿
◆＿＿□□＿＿＿＿＿
□◆＿□□＿＿＿＿＿
□□＿□□◆＿＿＿＿
□□◆□□□◆◆■＿
□□□□□□□□■＿
□□□□□□□□■＿
□□□□□□□□□＿
□□□□□□□□□＿
□□□□□□□□□＿
□□□□□□□□□＿
□□□□□□□□□＿
□□□□□□□□□＿
□□□＿＿＿□□□□
00:16:15(29270f):field(29269f)
＿＿＿＿＿＿＿＿＿＿
＿＿＿＿＿＿＿＿＿＿
＿＿＿＿＿＿＿＿＿＿
＿＿＿＿＿＿＿＿＿＿
＿＿＿＿＿＿＿＿＿＿
＿＿＿＿＿＿＿＿＿＿
＿＿＿□＿＿＿＿＿＿
＿＿＿□□＿＿＿＿＿
□＿＿□□■＿＿＿＿
□□＿□□■■＿＿＿
□□＿□□□■＿◆＿
□□□□□□□□□＿
□□□□□□□□□＿
□□□□□□□□□＿
□□□□□□□□□＿
□□□□□□□□□＿
□□□□□□□□□＿
□□□□□□□□□＿
□□□□□□□□□＿
□□□＿＿＿□□□□
00:16:16(29281f):field(29280f)
＿＿＿＿＿＿＿＿＿＿
＿＿＿＿＿＿＿＿＿＿
＿＿＿＿＿＿＿＿＿＿
＿＿＿＿＿＿＿＿＿＿
＿＿＿＿＿＿＿＿＿＿
＿＿＿＿＿＿＿＿＿＿
＿＿＿□＿■■＿＿＿
＿＿＿□□■■＿＿＿
□＿＿□□□＿＿＿＿
□□＿□□□□＿＿＿
□□＿□□□□＿＿＿
□□□□□□□□□＿
□□□□□□□□□＿
□□□□□□□□□＿
□□□□□□□□□＿
□□□□□□□□□＿
□□□□□□□□□＿
□□□□□□□□□＿
□□□□□□□□□＿
□□□＿＿＿□□□□
00:16:16(29298f):field(29297f)
＿＿＿＿＿＿＿＿＿＿
＿＿＿＿＿＿＿＿＿＿
＿＿＿＿＿＿＿＿＿＿
＿＿＿＿＿＿＿＿＿＿
＿＿＿＿＿＿＿＿＿＿
＿＿＿＿＿＿＿＿＿＿
＿＿＿□＿□□＿＿＿
＿＿＿□□□□＿＿＿
□■■□□□＿＿＿＿
□□■□□□□＿＿＿
□□■□□□□＿＿＿
□□□□□□□□□＿
□□□□□□□□□＿
□□□□□□□□□＿
□□□□□□□□□＿
□□□□□□□□□＿
□□□□□□□□□＿
□□□□□□□□□＿
□□□□□□□□□＿
□□□＿＿＿□□□□
00:16:17(29310f):field(29309f)
＿＿＿＿＿＿＿＿＿＿
＿＿＿＿＿＿＿＿＿＿
＿＿＿＿＿＿＿＿＿＿
＿＿＿＿＿＿＿＿＿＿
＿＿＿＿■＿＿＿＿＿
＿＿＿＿■■＿＿＿＿
＿＿＿□■□□＿＿＿
＿＿＿□□□□＿＿＿
□□□□□□＿＿＿＿
□□□□□□□＿＿＿
□□□□□□□＿＿＿
□□□□□□□□□＿
□□□□□□□□□＿
□□□□□□□□□＿
□□□□□□□□□＿
□□□□□□□□□＿
□□□□□□□□□＿
□□□□□□□□□＿
□□□□□□□□□＿
□□□＿＿＿□□□□
00:16:17(29328f):field(29327f)
＿＿＿＿＿＿＿＿＿＿
＿＿＿＿＿＿＿＿＿＿
＿＿＿＿＿＿＿＿＿＿
＿＿＿＿＿＿＿＿＿＿
＿＿＿■□＿＿＿＿＿
＿＿■■□□＿＿＿＿
＿＿■□□□□＿＿＿
＿＿＿□□□□＿＿＿
□□□□□□＿＿＿＿
□□□□□□□＿＿＿
□□□□□□□＿＿＿
□□□□□□□□□＿
□□□□□□□□□＿
□□□□□□□□□＿
□□□□□□□□□＿
□□□□□□□□□＿
□□□□□□□□□＿
□□□□□□□□□＿
□□□□□□□□□＿
□□□＿＿＿□□□□
00:16:18(29342f):field(29341f)
＿＿＿＿＿＿＿＿＿＿
＿＿＿＿＿＿＿＿＿＿
＿＿＿＿＿＿＿＿＿＿
＿＿＿＿＿＿＿＿＿＿
＿＿＿□□＿＿＿＿＿
＿＿□□□□＿＿＿＿
■＿□□□□□＿＿＿
■■■□□□□＿＿＿
□□□□□□＿＿＿＿
□□□□□□□＿＿＿
□□□□□□□＿＿＿
□□□□□□□□□＿
□□□□□□□□□＿
□□□□□□□□□＿
□□□□□□□□□＿
□□□□□□□□□＿
□□□□□□□□□＿
□□□□□□□□□＿
□□□□□□□□□＿
□□□＿＿＿□□□□
00:16:18(29357f):field(29356f)
＿＿＿＿＿＿＿＿＿＿
＿＿＿＿＿＿＿＿＿＿
＿＿＿＿＿＿＿＿＿＿
＿＿＿＿＿＿＿＿＿＿
■＿＿□□＿＿＿＿＿
■■□□□□＿＿＿＿
□■□□□□□＿＿＿
□□□□□□□＿＿＿
□□□□□□＿＿＿＿
□□□□□□□＿＿＿
□□□□□□□＿＿＿
□□□□□□□□□＿
□□□□□□□□□＿
□□□□□□□□□＿
□□□□□□□□□＿
□□□□□□□□□＿
□□□□□□□□□＿
□□□□□□□□□＿
□□□□□□□□□＿
□□□＿＿＿□□□□
00:16:19(29371f):field(29370f)
＿＿＿＿＿＿＿＿＿＿
＿＿＿＿＿＿＿＿＿＿
＿＿＿＿＿＿＿＿＿＿
＿＿＿＿＿＿＿＿＿＿
□＿＿□□＿＿＿＿＿
□□□□□□＿＿＿＿
□□□□□□□＿＿＿
□□□□□□□＿＿＿
□□□□□□＿＿＿＿
□□□□□□□■■＿
□□□□□□□■■＿
□□□□□□□□□＿
□□□□□□□□□＿
□□□□□□□□□＿
□□□□□□□□□＿
□□□□□□□□□＿
□□□□□□□□□＿
□□□□□□□□□＿
□□□□□□□□□＿
□□□＿＿＿□□□□
00:16:19(29385f):field(29384f)
＿＿＿＿＿＿＿＿＿＿
＿＿＿＿＿＿＿＿＿＿
＿＿＿＿＿＿＿＿＿＿
＿＿■■■＿＿＿＿＿
□＿■□□＿＿＿＿＿
□□□□□□＿＿＿＿
□□□□□□□＿＿＿
□□□□□□□＿＿＿
□□□□□□＿＿＿＿
□□□□□□□□□＿
□□□□□□□□□＿
□□□□□□□□□＿
□□□□□□□□□＿
□□□□□□□□□＿
□□□□□□□□□＿
□□□□□□□□□＿
□□□□□□□□□＿
□□□□□□□□□＿
□□□□□□□□□＿
□□□＿＿＿□□□□
00:16:20(29401f):field(29400f)
＿＿＿＿＿＿＿＿＿＿
＿＿＿＿＿＿＿＿＿＿
＿＿＿＿＿＿＿＿＿＿
＿＿□□□＿＿＿＿＿
□＿□□□＿＿＿＿＿
□□□□□□＿＿＿＿
□□□□□□□＿＿＿
□□□□□□□■＿＿
□□□□□□■■■＿
□□□□□□□□□＿
□□□□□□□□□＿
□□□□□□□□□＿
□□□□□□□□□＿
□□□□□□□□□＿
□□□□□□□□□＿
□□□□□□□□□＿
□□□□□□□□□＿
□□□□□□□□□＿
□□□□□□□□□＿
□□□＿＿＿□□□□
00:16:20(29418f):field(29417f)
＿＿＿＿＿＿＿＿＿＿
＿＿＿＿＿＿＿＿＿＿
＿＿＿＿＿＿＿＿＿＿
＿＿◆◆◆＿＿＿＿＿
◆＿◆◆◆＿＿＿＿＿
◆◆◆◆◆◆＿＿＿＿
◆◆◆◆◆◆◆＿＿＿
◆◆□□□◆◆◆＿＿
□◆□□□◆◆◆◆＿
□□□□□□◆◆◆＿
□□□□□□□◆◆＿
□□□□□□□□◆＿
□□□□□□□□□＿
□□□□□□□□□＿
□□□□□□□□□＿
□□□□□□□□□＿
□□□□□□□□□＿
□□□□□□□□□＿
□□□□□□□□□＿
□□□■＿＿□□□□
00:16:21(29434f):field(29433f)
＿＿＿＿＿＿＿＿＿＿
＿＿＿＿＿＿＿＿＿＿
＿＿＿＿＿＿＿＿＿＿
＿＿＿＿＿＿＿＿＿＿
＿＿＿＿＿＿＿＿＿＿
＿＿＿＿＿＿＿＿＿＿
＿＿＿＿＿＿＿＿＿＿
＿＿◆◆◆＿＿＿＿＿
◆＿□□□＿＿＿＿＿
□◆□□□◆＿＿＿＿
□□□□□□◆＿＿＿
□□□□□□□□■＿
□□□□□□□□□＿
□□□□□□□□□＿
□□□□□□□□□＿
□□□□□□□□□＿
□□□□□□□□□＿
□□□□□□□□□＿
□□□□□□□□□＿
□□□◆＿＿□□□□
00:16:21(29446f):field(29445f)
＿＿＿＿＿＿＿＿＿＿
＿＿＿＿＿＿＿＿＿＿
＿＿＿＿＿＿＿＿＿＿
＿＿＿＿＿＿＿＿＿＿
＿＿＿＿＿＿＿＿＿＿
＿＿＿＿＿＿＿＿＿＿
＿＿＿＿＿＿＿＿＿＿
＿＿＿＿＿＿＿＿＿＿
＿＿□□□■■＿＿＿
□＿□□□■■＿＿＿
□□□□□□＿＿＿＿
□□□□□□□□□＿
□□□□□□□□□＿
□□□□□□□□□＿
□□□□□□□□□＿
□□□□□□□□□＿
□□□□□□□□□＿
□□□□□□□□□＿
□□□□□□□□□＿
□□□＿＿＿□□□□
00:16:22(29468f):field(29467f)
＿＿＿＿＿＿＿＿＿＿
＿＿＿＿＿＿＿＿＿＿
＿＿＿＿＿＿＿＿＿＿
＿＿＿＿＿＿＿＿＿＿
＿＿＿＿＿＿＿＿＿＿
＿＿＿＿＿＿＿＿＿＿
＿＿＿＿＿＿＿＿＿＿
＿＿＿＿＿＿＿＿＿＿
＿＿□□□□□■＿＿
□＿□□□□□■＿＿
□□□□□□■■＿＿
□□□□□□□□□＿
□□□□□□□□□＿
□□□□□□□□□＿
□□□□□□□□□＿
□□□□□□□□□＿
□□□□□□□□□＿
□□□□□□□□□＿
□□□□□□□□□＿
□□□＿＿＿□□□□
00:16:22(29481f):field(29480f)
＿＿＿＿＿＿＿＿＿＿
＿＿＿＿＿＿＿＿＿＿
＿＿＿＿＿＿＿＿＿＿
＿＿＿＿＿＿＿＿＿＿
＿＿＿＿＿＿＿＿＿＿
＿＿＿＿＿＿＿＿＿＿
＿＿＿＿＿＿＿＿＿＿
＿■＿＿＿＿＿＿＿＿
■■□□□□□□＿＿
□■□□□□□□＿＿
□□□□□□□□＿＿
□□□□□□□□□＿
□□□□□□□□□＿
□□□□□□□□□＿
□□□□□□□□□＿
□□□□□□□□□＿
□□□□□□□□□＿
□□□□□□□□□＿
□□□□□□□□□＿
□□□＿＿＿□□□□
00:16:23(29497f):field(29496f)
＿＿＿＿＿＿＿＿＿＿
＿＿＿＿＿＿＿＿＿＿
＿＿＿＿＿＿＿＿＿＿
＿＿＿＿＿＿＿＿＿＿
＿＿＿＿＿＿＿＿＿＿
＿＿＿＿＿＿＿＿＿＿
＿＿＿＿＿＿＿＿＿＿
＿◆＿＿＿＿＿＿＿＿
◆◆◆◆◆◆◆◆＿＿
◆□◆□◆◆◆◆＿＿
□□□□□□□□＿＿
□□□□□□□□□＿
□□□□□□□□□＿
□□□□□□□□□＿
□□□□□□□□□＿
□□□□□□□□□＿
□□□□□□□□□＿
□□□□□□□□□＿
□□□□□□□□□＿
□□□＿＿＿□□□□
00:16:23(29509f):field(29508f)
＿＿＿＿＿＿＿＿＿＿
＿＿＿＿＿＿＿＿＿＿
＿＿＿＿＿＿＿＿＿＿
＿＿＿＿＿＿＿＿＿＿
＿＿＿＿＿＿＿＿＿＿
＿＿＿＿＿＿＿＿＿＿
＿＿＿＿＿＿＿＿＿＿
＿＿＿＿＿＿＿＿＿＿
＿＿＿＿＿＿＿＿＿＿
＿◆＿◆＿■＿＿＿＿
□◆□◆◆◆□□＿＿
◆□◆□□□◆□◆■
◆□□□□□□◆◆＿
□□□□□□□□□■
□□□□□□□□□＿
□□□□□□□□□＿
□□□□□□□□□＿
□□□□□□□□□＿
□□□□□□□□□＿
□□□＿＿＿□□□□
00:16:24(29523f):field(29522f)
＿＿＿＿＿＿＿＿＿＿
＿＿＿＿＿＿＿＿＿＿
＿＿＿＿＿＿＿＿＿＿
＿＿＿＿＿＿＿＿＿＿
＿＿＿＿＿＿＿＿＿＿
＿＿＿＿＿＿＿＿＿＿
＿＿＿＿＿＿＿＿＿＿
＿＿＿＿＿＿＿＿＿＿
＿＿＿＿＿＿＿＿＿＿
＿＿＿＿＿◆＿＿＿＿
◆＿◆＿＿＿◆◆＿＿
＿◆■□◆◆＿◆＿◆
＿□□□◆◆◆＿＿＿
□□□□□□□□□◆
□□□□□□□□□＿
□□□□□□□□□＿
□□□□□□□□□＿
□□□□□□□□□＿
□□□□□□□□□＿
□□□＿＿＿□□□□
00:16:24(29534f):field(29533f)
＿＿＿＿＿＿＿＿＿＿
＿＿＿＿＿＿＿＿＿＿
＿＿＿＿＿＿＿＿＿＿
＿＿＿＿＿＿＿＿＿＿
＿＿＿＿＿＿＿＿＿＿
＿＿＿＿＿＿＿＿＿＿
＿＿＿＿＿＿＿＿＿＿
＿＿＿＿＿＿＿＿＿＿
＿＿＿＿＿＿＿＿＿＿
＿＿＿＿＿＿＿＿＿＿
＿＿＿＿＿＿＿＿＿＿
＿＿□□■＿＿＿＿＿
＿□□□■■■＿＿＿
□□□□□□□□□＿
□□□□□□□□□＿
□□□□□□□□□＿
□□□□□□□□□＿
□□□□□□□□□＿
□□□□□□□□□＿
□□□＿＿＿□□□□
00:16:24(29546f):field(29545f)
＿＿＿＿＿＿＿＿＿＿
＿＿＿＿＿＿＿＿＿＿
＿＿＿＿＿＿＿＿＿＿
＿＿＿＿＿＿＿＿＿＿
＿＿＿＿＿＿＿＿＿＿
＿＿＿＿＿＿＿＿＿＿
＿＿＿＿＿＿＿＿＿＿
＿＿＿＿＿＿＿＿＿＿
＿＿＿＿＿＿＿＿＿＿
＿＿＿＿＿＿＿＿＿＿
＿＿＿＿■■＿＿＿＿
＿＿□□□■■＿＿＿
＿□□□□□□＿＿＿
□□□□□□□□□＿
□□□□□□□□□＿
□□□□□□□□□＿
□□□□□□□□□＿
□□□□□□□□□＿
□□□□□□□□□＿
□□□＿＿＿□□□□
00:16:25(29560f):field(29559f)
＿＿＿＿＿＿＿＿＿＿
＿＿＿＿＿＿＿＿＿＿
＿＿＿＿＿＿＿＿＿＿
＿＿＿＿＿＿＿＿＿＿
＿＿＿＿＿＿＿＿＿＿
＿＿＿＿＿＿＿＿＿＿
＿＿＿＿＿＿＿＿＿＿
＿＿＿＿＿＿＿＿＿＿
＿＿＿＿＿＿＿＿＿＿
＿＿＿＿＿＿＿＿＿＿
＿＿＿＿◆◆＿＿＿＿
＿＿◆◆◆◆◆＿＿＿
＿◆◆◆◆◆◆＿＿＿
◆◆◆◆◆◆◆◆◆＿
□◆◆◆□□□◆◆＿
◆□□□□□□◆◆■
◆□□□□□□□◆＿
□□□□□□□□□＿
□□□□□□□□□■
□□□■＿■□□□□
00:16:25(29571f):field(29570f)
＿＿＿＿＿＿＿＿＿＿
＿＿＿＿＿＿＿＿＿＿
＿＿＿＿＿＿＿＿＿＿
＿＿＿＿＿＿＿＿＿＿
＿＿＿＿＿＿＿＿＿＿
＿＿＿＿＿＿＿＿＿＿
＿＿＿＿＿＿＿＿＿＿
＿＿＿＿＿＿＿＿＿＿
＿＿＿＿＿＿＿＿＿＿
＿＿＿＿＿＿＿＿＿＿
＿＿＿＿＿＿＿＿＿＿
＿＿＿＿＿＿＿＿＿＿
＿＿＿＿＿＿＿＿＿＿
＿＿＿■■＿＿＿＿＿
◆＿■■□□◆＿＿＿
＿◆□□□□□＿＿◆
＿□□□□□□◆＿＿
□□□□□□□□□＿
□□□□□□□□□◆
□□□◆＿◆□□□□
00:16:26(29583f):field(29582f)
＿＿＿＿＿＿＿＿＿＿
＿＿＿＿＿＿＿＿＿＿
＿＿＿＿＿＿＿＿＿＿
＿＿＿＿＿＿＿＿＿＿
＿＿＿＿＿＿＿＿＿＿
＿＿＿＿＿＿＿＿＿＿
＿＿＿＿＿＿＿＿＿＿
＿＿＿＿＿＿＿＿＿＿
＿＿＿＿＿＿＿＿＿＿
＿＿＿＿＿＿＿＿＿＿
＿＿＿＿＿＿＿＿＿＿
＿＿＿■■＿＿＿＿＿
＿＿＿■■＿＿＿＿＿
＿＿＿□□＿＿＿＿＿
＿＿□□□□＿＿＿＿
＿＿□□□□□＿＿＿
＿□□□□□□＿＿＿
□□□□□□□□□＿
□□□□□□□□□＿
□□□＿＿＿□□□□
00:16:26(29597f):field(29596f)
＿＿＿＿＿＿＿＿＿＿
＿＿＿＿＿＿＿＿＿＿
＿＿＿＿＿＿＿＿＿＿
＿＿＿＿＿＿＿＿＿＿
＿＿＿＿＿＿＿＿＿＿
＿＿＿＿＿＿＿＿＿＿
＿＿＿＿＿＿＿＿＿＿
＿＿＿＿＿＿＿＿＿＿
＿＿＿＿＿＿＿＿＿＿
＿＿＿＿＿＿＿＿＿＿
＿＿＿＿＿＿＿＿＿＿
＿＿＿◆◆＿＿＿＿＿
＿＿＿□□＿＿＿＿＿
＿＿＿□□＿＿＿＿＿
＿＿◆□□◆＿＿＿＿
＿＿□□□□◆＿＿＿
＿◆□□□□□＿＿＿
□□□□□□□□□■
□□□□□□□□□＿
□□□＿■＿□□□□
00:16:27(29611f):field(29610f)
＿＿＿＿＿＿＿＿＿＿
＿＿＿＿＿＿＿＿＿＿
＿＿＿＿＿＿＿＿＿＿
＿＿＿＿＿＿＿＿＿＿
＿＿＿＿＿＿＿＿＿＿
＿＿＿＿＿＿＿＿＿＿
＿＿＿＿＿＿＿＿＿＿
＿＿＿＿＿＿＿＿＿＿
＿＿＿＿＿＿＿＿＿＿
＿＿＿＿＿＿＿＿＿＿
＿＿＿＿＿＿＿＿＿＿
＿＿＿＿＿＿＿＿＿＿
＿＿＿◆◆＿＿＿＿＿
＿＿＿□□＿＿＿＿＿
＿＿＿□□＿＿＿＿＿
＿＿◆□□◆＿＿＿＿
■＿□□□□◆＿＿＿
□□□□□□□□◆◆
□□□□□□□□□＿
□□□＿◆■□□□□
00:16:27(29637f):field(29636f)
＿＿＿＿＿＿＿＿＿＿
＿＿＿＿＿＿＿＿＿＿
＿＿＿＿＿＿＿＿＿＿
＿＿＿＿＿＿＿＿＿＿
＿＿＿＿＿＿＿＿＿＿
＿＿＿＿＿＿＿＿＿＿
＿＿＿＿＿＿＿＿＿＿
＿＿＿＿＿＿＿＿＿＿
＿＿＿＿＿＿＿＿＿＿
＿＿＿＿＿＿＿＿＿＿
＿＿＿＿＿＿＿＿＿＿
＿＿＿＿＿＿＿＿＿＿
＿＿＿＿＿＿＿＿＿＿
＿＿＿□□＿＿＿＿＿
■＿＿□□＿＿＿＿＿
■■＿□□＿＿■＿＿
□■□□□□＿■＿＿
□□□□□□□□■＿
□□□□□□□□□＿
□□□＿＿◆□□□□
00:16:28(29651f):field(29650f)
＿＿＿＿＿＿＿＿＿＿
＿＿＿＿＿＿＿＿＿＿
＿＿＿＿＿＿＿＿＿＿
＿＿＿＿＿＿＿＿＿＿
＿＿＿＿＿＿＿＿＿＿
＿＿＿＿＿＿＿＿＿＿
＿＿＿＿＿＿＿＿＿＿
＿＿＿＿＿＿＿＿＿＿
＿＿＿＿＿＿＿＿＿＿
＿＿＿＿＿＿＿＿＿＿
＿＿＿＿＿＿＿＿＿＿
＿＿＿＿＿＿＿＿＿＿
＿＿＿＿■■＿＿＿＿
＿＿＿□□■＿＿＿＿
□＿＿□□■＿＿＿＿
□□＿□□＿＿□＿＿
□□□□□□＿□＿＿
□□□□□□□□□＿
□□□□□□□□□＿
□□□＿＿＿□□□□
00:16:28(29663f):field(29662f)
＿＿＿＿＿＿＿＿＿＿
＿＿＿＿＿＿＿＿＿＿
＿＿＿＿＿＿＿＿＿＿
＿＿＿＿＿＿＿＿＿＿
＿＿＿＿＿＿＿＿＿＿
＿＿＿＿＿＿＿＿＿＿
＿＿＿＿＿＿＿＿＿＿
＿＿＿＿＿＿＿＿＿＿
＿＿＿＿＿＿＿＿＿＿
＿＿＿＿＿＿＿＿＿＿
＿＿＿＿＿＿＿＿＿＿
＿＿＿＿＿＿＿＿＿＿
＿＿＿＿□□＿＿＿＿
＿＿＿□□□＿＿＿＿
□＿＿□□□■■＿＿
□□＿□□＿■□＿＿
□□□□□□■□＿＿
□□□□□□□□□＿
□□□□□□□□□＿
□□□＿＿＿□□□□
00:16:29(29677f):field(29676f)
＿＿＿＿＿＿＿＿＿＿
＿＿＿＿＿＿＿＿＿＿
＿＿＿＿＿＿＿＿＿＿
＿＿＿＿＿＿＿＿＿＿
＿＿＿＿＿＿＿＿＿＿
＿＿＿＿＿＿＿＿＿＿
＿＿＿＿＿＿＿＿＿＿
＿＿＿＿＿＿＿＿＿＿
＿＿＿＿＿＿＿＿＿＿
＿＿＿＿＿＿＿＿＿＿
＿＿＿＿＿＿＿＿＿＿
＿＿＿＿＿＿＿＿＿＿
＿＿＿＿◆◆＿＿＿＿
＿＿＿◆□□＿＿＿＿
◆＿＿□□□◆◆＿＿
□◆■□□■□□＿＿
□□◆□□□□□■■
□□□□□□□□□＿
□□□□□□□□□■
□□□＿＿＿□□□□
00:16:29(29690f):field(29689f)
＿＿＿＿＿＿＿＿＿＿
＿＿＿＿＿＿＿＿＿＿
＿＿＿＿＿＿＿＿＿＿
＿＿＿＿＿＿＿＿＿＿
＿＿＿＿＿＿＿＿＿＿
＿＿＿＿＿＿＿＿＿＿
＿＿＿＿＿＿＿＿＿＿
＿＿＿＿＿＿＿＿＿＿
＿＿＿＿＿＿＿＿＿＿
＿＿＿＿＿＿＿＿＿＿
＿＿＿＿＿＿＿＿＿＿
＿＿＿＿＿＿＿＿＿＿
＿＿＿＿＿＿＿＿＿＿
＿＿＿＿□□＿＿＿＿
＿＿＿□□□＿■■＿
□＿◆□□□□□■■
□□＿□□◆□□□□
□□□□□□□□□＿
□□□□□□□□□◆
□□□＿＿＿□□□□
00:16:30(29703f):field(29702f)
＿＿＿＿＿＿＿＿＿＿
＿＿＿＿＿＿＿＿＿＿
＿＿＿＿＿＿＿＿＿＿
＿＿＿＿＿＿＿＿＿＿
＿＿＿＿＿＿＿＿＿＿
＿＿＿＿＿＿＿＿＿＿
＿＿＿＿＿＿＿＿＿＿
＿＿＿＿＿＿＿＿＿＿
＿＿＿＿＿＿＿＿＿＿
＿＿＿＿＿＿＿＿＿＿
＿＿＿＿＿＿＿＿＿＿
＿＿＿＿＿＿＿＿＿＿
＿＿＿＿＿＿＿＿＿＿
＿＿＿＿□□■■■■
＿＿＿□□□＿□□＿
□＿＿□□□□□□□
□□＿□□＿□□□□
□□□□□□□□□＿
□□□□□□□□□＿
□□□＿＿＿□□□□
00:16:30(29716f):field(29715f)
＿＿＿＿＿＿＿＿＿＿
＿＿＿＿＿＿＿＿＿＿
＿＿＿＿＿＿＿＿＿＿
＿＿＿＿＿＿＿＿＿＿
＿＿＿＿＿＿＿＿＿＿
＿＿＿＿＿＿＿＿＿＿
＿＿＿＿＿＿＿＿＿＿
＿＿＿＿＿＿＿＿＿＿
＿＿＿＿＿＿＿＿＿＿
＿＿＿＿＿＿＿＿＿＿
＿＿＿＿＿＿＿＿＿＿
＿＿＿＿＿＿＿＿＿＿
＿＿＿＿＿＿＿＿＿＿
＿＿＿＿◆◆◆◆◆◆
＿＿＿◆□□■□□■
◆＿■□□□◆□□◆
□□■□□＿□□□□
□□□□□□□□□＿
□□□□□□□□□＿
□□□＿＿＿□□□□
00:16:31(29730f):field(29729f)
＿＿＿＿＿＿＿＿＿＿
＿＿＿＿＿＿＿＿＿＿
＿＿＿＿＿＿＿＿＿＿
＿＿＿＿＿＿＿＿＿＿
＿＿＿＿＿＿＿＿＿＿
＿＿＿＿＿＿＿＿＿＿
＿＿＿＿＿＿＿＿＿＿
＿＿＿＿＿＿＿＿＿＿
＿＿＿＿＿＿＿＿＿＿
＿＿＿＿＿＿＿＿＿＿
＿＿＿＿＿＿＿＿＿＿
＿＿＿＿＿＿＿＿＿＿
＿＿＿＿＿＿＿＿＿＿
＿＿＿■■＿＿＿＿＿
＿＿■■□□□□□□
＿＿□□□□＿□□＿
□□□□□＿□□□□
□□□□□□□□□＿
□□□□□□□□□＿
□□□＿＿＿□□□□
00:16:31(29743f):field(29742f)
＿＿＿＿＿＿＿＿＿＿
＿＿＿＿＿＿＿＿＿＿
＿＿＿＿＿＿＿＿＿＿
＿＿＿＿＿＿＿＿＿＿
＿＿＿＿＿＿＿＿＿＿
＿＿＿＿＿＿＿＿＿＿
＿＿＿＿＿＿＿＿＿＿
＿＿＿＿＿＿＿＿＿＿
＿＿＿＿＿＿＿＿＿＿
＿＿＿＿＿＿＿＿＿＿
＿＿＿＿＿＿＿＿＿＿
＿＿＿＿＿＿＿＿＿＿
＿＿＿＿＿＿＿＿＿＿
＿■＿◆◆＿＿＿■＿
＿＿□□□◆◆◆□◆
■■□□□□＿□□＿
□□□□□＿□□□□
□□□□□□□□□＿
□□□□□□□□□＿
□□□＿＿＿□□□□
00:16:31(29759f):field(29758f)
＿＿＿＿＿＿＿＿＿＿
＿＿＿＿＿＿＿＿＿＿
＿＿＿＿＿＿＿＿＿＿
＿＿＿＿＿＿＿＿＿＿
＿＿＿＿＿＿＿＿＿＿
＿＿＿＿＿＿＿＿＿＿
＿＿＿＿＿＿＿＿＿＿
＿＿＿＿＿＿＿＿＿＿
＿＿＿＿＿＿＿＿＿＿
＿＿＿＿＿＿＿＿＿＿
＿＿＿＿＿＿＿＿＿＿
＿＿＿＿＿＿＿＿＿＿
＿＿＿＿＿＿＿＿＿＿
＿◆＿＿＿＿＿＿◆＿
＿＿◆□□＿■■□＿
□□□□□□■□□＿
□□□□□＿□□□□
□□□□□□□□□＿
□□□□□□□□□＿
□□□＿＿＿□□□□
00:16:32(29768f):field(29767f)
＿＿＿＿＿＿＿＿＿＿
＿＿＿＿＿＿＿＿＿＿
＿＿＿＿＿＿＿＿＿＿
＿＿＿＿＿＿＿＿＿＿
＿＿＿＿＿＿＿＿＿＿
＿＿＿＿＿＿＿＿＿＿
＿＿＿＿＿＿＿＿＿＿
＿＿＿＿＿＿＿＿＿＿
＿＿＿＿＿＿＿＿＿＿
＿＿＿＿＿＿＿＿＿＿
＿＿＿＿＿＿＿＿＿＿
＿＿＿＿＿■＿＿＿＿
＿＿＿＿＿■＿＿＿＿
＿＿＿＿＿■＿＿＿＿
＿＿＿□□■□□□＿
□□□□□□□□□＿
□□□□□＿□□□□
□□□□□□□□□＿
□□□□□□□□□＿
□□□＿＿＿□□□□
00:16:32(29780f):field(29779f)
＿＿＿＿＿＿＿＿＿＿
＿＿＿＿＿＿＿＿＿＿
＿＿＿＿＿＿＿＿＿＿
＿＿＿＿＿＿＿＿＿＿
＿＿＿＿＿＿＿＿＿＿
＿＿＿＿＿＿＿＿＿＿
＿＿＿＿＿＿＿＿＿＿
＿＿＿＿＿＿＿＿＿＿
＿＿＿＿＿＿＿＿＿＿
＿＿＿＿＿＿＿＿＿＿
＿＿＿＿＿＿＿＿＿＿
＿＿＿＿＿□＿＿＿＿
＿＿＿＿＿□＿＿＿＿
＿■＿＿＿□＿＿＿＿
■■■□□□□□□＿
□□□□□□□□□＿
□□□□□＿□□□□
□□□□□□□□□＿
□□□□□□□□□＿
□□□＿＿＿□□□□
00:16:33(29793f):field(29792f)
＿＿＿＿＿＿＿＿＿＿
＿＿＿＿＿＿＿＿＿＿
＿＿＿＿＿＿＿＿＿＿
＿＿＿＿＿＿＿＿＿＿
＿＿＿＿＿＿＿＿＿＿
＿＿＿＿＿＿＿＿＿＿
＿＿＿＿＿＿＿＿＿＿
＿＿＿＿＿＿＿＿＿＿
＿＿＿＿＿＿＿＿＿＿
＿＿＿＿＿＿＿＿＿＿
＿＿＿＿＿＿＿＿＿＿
＿＿＿＿＿□＿＿＿＿
＿＿■＿＿□＿＿＿＿
＿□■■■□＿＿＿＿
□□□□□□□□□＿
□□□□□□□□□＿
□□□□□＿□□□□
□□□□□□□□□＿
□□□□□□□□□＿
□□□＿＿＿□□□□
00:16:33(29804f):field(29803f)
＿＿＿＿＿＿＿＿＿＿
＿＿＿＿＿＿＿＿＿＿
＿＿＿＿＿＿＿＿＿＿
＿＿＿＿＿＿＿＿＿＿
＿＿＿＿＿＿＿＿＿＿
＿＿＿＿＿＿＿＿＿＿
＿＿＿＿＿＿＿＿＿＿
＿＿＿＿＿＿＿＿＿＿
＿＿＿＿＿＿＿＿＿＿
＿＿＿＿＿＿＿＿＿＿
＿＿＿＿＿＿＿＿＿＿
＿＿■■＿□＿＿＿＿
＿＿□■■□＿＿＿＿
＿□□□□□＿＿＿＿
□□□□□□□□□＿
□□□□□□□□□＿
□□□□□＿□□□□
□□□□□□□□□＿
□□□□□□□□□＿
□□□＿＿＿□□□□
00:16:33(29818f):field(29817f)
＿＿＿＿＿＿＿＿＿＿
＿＿＿＿＿＿＿＿＿＿
＿＿＿＿＿＿＿＿＿＿
＿＿＿＿＿＿＿＿＿＿
＿＿＿＿＿＿＿＿＿＿
＿＿＿＿＿＿＿＿＿＿
＿＿＿＿＿＿＿＿＿＿
＿＿＿＿＿＿＿＿＿＿
＿＿＿＿＿＿＿＿＿＿
＿＿＿＿＿＿＿＿＿＿
＿＿＿＿■■■＿＿＿
＿＿□□■□＿＿＿＿
＿＿□□□□＿＿＿＿
＿□□□□□＿＿＿＿
□□□□□□□□□＿
□□□□□□□□□＿
□□□□□＿□□□□
□□□□□□□□□＿
□□□□□□□□□＿
□□□＿＿＿□□□□
00:16:34(29830f):field(29829f)
＿＿＿＿＿＿＿＿＿＿
＿＿＿＿＿＿＿＿＿＿
＿＿＿＿＿＿＿＿＿＿
＿＿＿＿＿＿＿＿＿＿
＿＿＿＿＿＿＿＿＿＿
＿＿＿＿＿＿＿＿＿＿
＿＿＿＿＿＿＿＿＿＿
＿＿＿＿＿＿＿＿＿＿
＿＿＿＿＿■■＿＿＿
＿＿＿＿＿■■＿＿＿
＿＿＿＿□□□＿＿＿
＿＿□□□□＿＿＿＿
＿＿□□□□＿＿＿＿
＿□□□□□＿＿＿＿
□□□□□□□□□＿
□□□□□□□□□＿
□□□□□＿□□□□
□□□□□□□□□＿
□□□□□□□□□＿
□□□＿＿＿□□□□
00:16:35(29850f):field(29849f)
＿＿＿＿＿＿＿＿＿＿
＿＿＿＿＿＿＿＿＿＿
＿＿＿＿＿＿＿＿＿＿
＿＿＿＿＿＿＿＿＿＿
＿＿＿＿＿＿＿＿＿＿
＿＿＿＿＿＿＿＿＿＿
＿＿＿＿＿＿＿＿＿＿
＿＿＿＿■■■■＿＿
＿＿＿＿＿□□＿＿＿
＿＿＿＿＿□□＿＿＿
＿＿＿＿□□□＿＿＿
＿＿□□□□＿＿＿＿
＿＿□□□□＿＿＿＿
＿□□□□□＿＿＿＿
□□□□□□□□□＿
□□□□□□□□□＿
□□□□□＿□□□□
□□□□□□□□□＿
□□□□□□□□□＿
□□□＿＿＿□□□□
00:16:35(29861f):field(29860f)
＿＿＿＿＿＿＿＿＿＿
＿＿＿＿＿＿＿＿＿＿
＿＿＿＿＿＿＿＿＿＿
＿＿＿＿＿＿＿＿＿＿
＿＿＿＿＿＿＿＿＿＿
＿＿＿＿■■＿＿＿＿
＿＿＿＿■■＿＿＿＿
＿＿＿＿□□□□＿＿
＿＿＿＿＿□□＿＿＿
＿＿＿＿＿□□＿＿＿
＿＿＿＿□□□＿＿＿
＿＿□□□□＿＿＿＿
＿＿□□□□＿＿＿＿
＿□□□□□＿＿＿＿
□□□□□□□□□＿
□□□□□□□□□＿
□□□□□＿□□□□
□□□□□□□□□＿
□□□□□□□□□＿
□□□＿＿＿□□□□
00:16:36(29887f):field(29886f)
＿＿＿＿＿＿＿＿＿＿
＿＿＿＿＿＿＿＿＿＿
＿＿＿＿＿＿＿＿＿＿
＿＿＿＿＿＿＿＿＿＿
＿＿＿＿＿＿＿＿＿＿
＿＿＿＿□□＿＿＿＿
＿＿＿＿□□■■■＿
＿＿＿＿□□□□■＿
＿＿＿＿＿□□＿＿＿
＿＿＿＿＿□□＿＿＿
＿＿＿＿□□□＿＿＿
＿＿□□□□＿＿＿＿
＿＿□□□□＿＿＿＿
＿□□□□□＿＿＿＿
□□□□□□□□□＿
□□□□□□□□□＿
□□□□□＿□□□□
□□□□□□□□□＿
□□□□□□□□□＿
□□□＿＿＿□□□□
00:16:36(29908f):field(29907f)
＿＿＿＿＿＿＿＿＿＿
＿＿＿＿＿＿＿＿＿＿
＿＿＿＿＿＿＿＿＿＿
＿＿＿＿＿＿＿＿＿＿
＿＿＿＿＿＿＿＿＿＿
＿＿＿＿□□＿＿＿＿
＿＿＿＿□□□□□＿
＿＿＿＿□□□□□＿
＿＿＿＿＿□□＿＿＿
＿＿＿＿＿□□＿＿＿
■＿＿＿□□□＿＿＿
■＿□□□□＿＿＿＿
■■□□□□＿＿＿＿
＿□□□□□＿＿＿＿
□□□□□□□□□＿
□□□□□□□□□＿
□□□□□＿□□□□
□□□□□□□□□＿
□□□□□□□□□＿
□□□＿＿＿□□□□
00:16:37(29928f):field(29927f)
＿＿＿＿＿＿＿＿＿＿
＿＿＿＿＿＿＿＿＿＿
＿＿＿＿＿＿＿＿＿＿
＿＿＿＿＿＿＿＿＿＿
＿＿＿＿＿＿＿＿＿＿
＿＿＿＿□□＿＿＿＿
＿＿＿＿□□□□□＿
＿＿＿＿□□□□□＿
＿＿＿＿＿□□＿＿＿
＿■＿＿＿□□＿＿＿
□■■＿□□□＿＿＿
□■□□□□＿＿＿＿
□□□□□□＿＿＿＿
＿□□□□□＿＿＿＿
□□□□□□□□□＿
□□□□□□□□□＿
□□□□□＿□□□□
□□□□□□□□□＿
□□□□□□□□□＿
□□□＿＿＿□□□□
00:16:38(29943f):field(29942f)
＿＿＿＿＿＿＿＿＿＿
＿＿＿＿＿＿＿＿＿＿
＿＿＿＿＿＿＿＿＿＿
＿＿＿＿＿＿＿＿＿＿
＿＿＿＿＿＿＿＿＿＿
＿＿＿＿◆◆＿＿＿＿
＿＿＿＿◆◆◆◆◆＿
＿＿＿＿□□◆◆◆＿
＿＿＿＿■□□■■＿
＿◆＿＿■□□■■＿
◆◆◆＿◆□□＿＿＿
◆□◆◆◆□■＿＿＿
□□□◆□□■＿＿＿
■□□□□□＿＿＿＿
□□□□□□□□◆■
□□□□□□◆□◆■
□□□□□＿□□□□
□□□□□□□□□＿
□□□□□□□□□＿
□□□＿＿＿□□□□
00:16:38(29958f):field(29957f)
＿＿＿＿＿＿＿＿＿＿
＿＿＿＿＿＿＿＿＿＿
＿＿＿＿＿＿＿＿＿＿
＿＿＿＿＿＿＿＿＿＿
＿＿＿＿＿＿＿＿＿＿
＿＿＿＿＿＿＿＿＿＿
＿＿＿＿＿■■＿＿＿
＿＿＿＿□□■■＿＿
＿＿＿＿□□□□□＿
＿＿＿＿□□□□□＿
＿＿＿＿＿□□＿＿＿
＿□＿＿＿□□＿＿＿
□□□＿□□□＿＿＿
□□□□□□＿＿＿＿
□□□□□□◆◆＿□
◆□□□□□＿◆＿□
□□□□□＿□□□□
□□□□□□□□□＿
□□□□□□□□□＿
□□□＿＿＿□□□□
00:16:39(29974f):field(29973f)
＿＿＿＿＿＿＿＿＿＿
＿＿＿＿＿＿＿＿＿＿
＿＿＿＿＿＿＿＿＿＿
＿＿＿＿＿＿＿＿＿＿
＿＿＿＿＿＿＿＿＿＿
＿＿＿＿＿＿＿＿＿＿
＿＿＿＿＿□□＿＿＿
＿＿＿＿□□□□＿＿
＿＿＿＿□□□□□＿
＿＿＿＿□□□□□＿
＿＿■■■□□＿＿＿
＿□＿＿■□□＿＿＿
□□□＿□□□＿＿＿
□□□□□□＿＿＿＿
□□□□□□＿＿＿□
＿□□□□□＿＿＿□
□□□□□＿□□□□
□□□□□□□□□＿
□□□□□□□□□＿
□□□＿＿＿□□□□
00:16:39(29999f):field(29998f)
＿＿＿＿＿＿＿＿＿＿
＿＿＿＿＿＿＿＿＿＿
＿＿＿＿＿＿＿＿＿＿
＿＿＿＿＿＿＿＿＿＿
＿＿＿＿＿＿＿＿＿＿
＿＿＿＿＿＿＿＿＿＿
＿＿＿＿＿□□＿＿＿
＿＿＿＿□□□□＿＿
＿＿＿＿□□□□□＿
＿＿＿＿□□□□□＿
＿＿□□□□□＿＿＿
＿□＿＿□□□＿＿＿
□□□＿□□□■＿＿
□□□□□□＿■＿＿
□□□□□□＿■＿□
＿□□□□□＿■＿□
□□□□□＿□□□□
□□□□□□□□□＿
□□□□□□□□□＿
□□□＿＿＿□□□□
00:16:40(30016f):field(30015f)
＿＿＿＿＿＿＿＿＿＿
＿＿＿＿＿＿＿＿＿＿
＿＿＿＿＿＿＿＿＿＿
＿＿＿＿＿＿＿＿＿＿
＿＿＿＿＿＿＿＿＿＿
＿＿＿＿＿＿＿＿＿＿
＿＿＿＿＿□□＿＿＿
＿＿＿＿□□□□＿＿
＿＿＿＿□□□□□＿
＿■■■□□□□□＿
＿■□□□□□＿＿＿
＿□＿＿□□□＿＿＿
□□□＿□□□□＿＿
□□□□□□＿□＿＿
□□□□□□＿□＿□
＿□□□□□＿□＿□
□□□□□＿□□□□
□□□□□□□□□＿
□□□□□□□□□＿
□□□＿＿＿□□□□
00:16:40(30028f):field(30027f)
＿＿＿＿＿＿＿＿＿＿
＿＿＿＿＿＿＿＿＿＿
＿＿＿＿＿＿＿＿＿＿
＿＿＿＿＿＿＿＿＿＿
＿＿＿＿＿＿＿＿＿＿
＿＿＿＿■■＿＿＿＿
＿＿＿■■□□＿＿＿
＿＿＿＿□□□□＿＿
＿＿＿＿□□□□□＿
＿□□□□□□□□＿
＿□□□□□□＿＿＿
＿□＿＿□□□＿＿＿
□□□＿□□□□＿＿
□□□□□□＿□＿＿
□□□□□□＿□＿□
＿□□□□□＿□＿□
□□□□□＿□□□□
□□□□□□□□□＿
□□□□□□□□□＿
□□□＿＿＿□□□□
00:16:41(30049f):field(30048f)
＿＿＿＿＿＿＿＿＿＿
＿＿＿＿＿＿＿＿＿＿
＿＿＿＿＿＿＿＿＿＿
＿＿＿＿＿＿＿＿＿＿
＿＿＿＿＿＿＿＿＿＿
＿＿＿＿□□＿＿＿＿
＿＿＿□□□□＿＿＿
＿＿■■□□□□＿＿
＿＿■■□□□□□＿
＿□□□□□□□□＿
＿□□□□□□＿＿＿
＿□＿＿□□□＿＿＿
□□□＿□□□□＿＿
□□□□□□＿□＿＿
□□□□□□＿□＿□
＿□□□□□＿□＿□
□□□□□＿□□□□
□□□□□□□□□＿
□□□□□□□□□＿
□□□＿＿＿□□□□
00:16:42(30061f):field(30060f)
＿＿＿＿＿＿＿＿＿＿
＿＿＿＿＿＿＿＿＿＿
＿＿＿＿＿＿＿＿＿＿
＿＿＿＿＿＿＿＿＿＿
＿＿＿＿＿＿＿＿＿＿
＿＿＿＿□□＿＿＿＿
＿＿＿□□□□＿＿＿
＿■□□□□□□＿＿
■■□□□□□□□＿
■□□□□□□□□＿
＿□□□□□□＿＿＿
＿□＿＿□□□＿＿＿
□□□＿□□□□＿＿
□□□□□□＿□＿＿
□□□□□□＿□＿□
＿□□□□□＿□＿□
□□□□□＿□□□□
□□□□□□□□□＿
□□□□□□□□□＿
□□□＿＿＿□□□□
00:16:42(30074f):field(30073f)
＿＿＿＿＿＿＿＿＿＿
＿＿＿＿＿＿＿＿＿＿
＿＿＿＿＿＿＿＿＿＿
＿＿＿＿＿＿＿＿＿＿
＿＿＿＿＿＿＿＿＿＿
■＿＿＿□□＿＿＿＿
■■＿□□□□＿＿＿
■□□□□□□□＿＿
□□□□□□□□□＿
□□□□□□□□□＿
＿□□□□□□＿＿＿
＿□＿＿□□□＿＿＿
□□□＿□□□□＿＿
□□□□□□＿□＿＿
□□□□□□＿□＿□
＿□□□□□＿□＿□
□□□□□＿□□□□
□□□□□□□□□＿
□□□□□□□□□＿
□□□＿＿＿□□□□
00:16:42(30088f):field(30087f)
＿＿＿＿＿＿＿＿＿＿
＿＿＿＿＿＿＿＿＿＿
＿＿＿＿＿＿＿＿＿＿
＿＿＿＿＿＿＿＿＿＿
＿＿＿＿＿＿＿＿＿＿
◆＿＿＿◆◆＿＿＿＿
□◆＿◆◆◆◆＿■＿
◆◆◆◆◆□◆◆＿■
□◆□□□□□□◆＿
□□◆□□□□□◆■
＿□□□□□□■＿＿
■□＿■□□□＿＿＿
□□□＿□□□□＿＿
□□□□□□＿□＿＿
□□□□□□＿□＿□
＿□□□□□＿□＿□
□□□□□＿□□□□
□□□□□□□□□＿
□□□□□□□□□＿
□□□＿＿＿□□□□
00:16:43(30105f):field(30104f)
＿＿＿＿＿＿＿＿＿＿
＿＿＿＿＿＿＿＿＿＿
＿＿＿＿＿＿＿＿＿＿
＿＿＿＿＿＿＿＿＿＿
＿＿＿＿＿＿＿＿＿＿
＿＿＿＿＿＿＿＿＿＿
□＿＿＿＿＿＿＿◆＿
■■＿＿＿◆＿＿＿◆
□■◆◆□□◆◆＿＿
□□＿□□□□◆＿◆
＿□□□□□□◆＿＿
◆□＿◆□□□＿＿＿
□□□＿□□□□＿＿
□□□□□□＿□＿＿
□□□□□□＿□＿□
＿□□□□□＿□＿□
□□□□□＿□□□□
□□□□□□□□□＿
□□□□□□□□□＿
□□□＿＿＿□□□□
00:16:43(30116f):field(30115f)
＿＿＿＿＿＿＿＿＿＿
＿＿＿＿＿＿＿＿＿＿
＿＿＿＿＿＿＿＿＿＿
＿＿＿＿＿＿＿＿＿＿
＿＿＿＿＿＿＿＿＿＿
＿＿＿＿＿＿＿＿＿＿
□＿＿＿＿＿＿＿＿＿
□□＿＿＿＿＿＿＿＿
□□＿＿□□＿＿＿＿
□□＿□□□□＿＿＿
＿□□□□□□＿＿＿
＿□＿＿□□□＿＿＿
□□□＿□□□□＿＿
□□□□□□＿□■■
□□□□□□＿□■□
＿□□□□□＿□■□
□□□□□＿□□□□
□□□□□□□□□＿
□□□□□□□□□＿
□□□＿＿＿□□□□
00:16:44(30132f):field(30131f)
＿＿＿＿＿＿＿＿＿＿
＿＿＿＿＿＿＿＿＿＿
＿＿＿＿＿＿＿＿＿＿
＿＿＿＿＿＿＿＿＿＿
＿＿＿＿＿＿＿＿＿＿
＿＿＿＿＿＿＿＿＿＿
□＿＿＿＿＿＿＿＿＿
□□＿■＿＿＿＿＿＿
□□■■□□＿＿＿＿
□□■□□□□＿＿＿
＿□□□□□□＿＿＿
＿□＿＿□□□＿＿＿
□□□＿□□□□＿＿
□□□□□□＿□□□
□□□□□□＿□□□
＿□□□□□＿□□□
□□□□□＿□□□□
□□□□□□□□□＿
□□□□□□□□□＿
□□□＿＿＿□□□□
00:16:44(30143f):field(30142f)
＿＿＿＿＿＿＿＿＿＿
＿＿＿＿＿＿＿＿＿＿
＿＿＿＿＿＿＿＿＿＿
＿＿＿＿＿＿＿＿＿＿
＿＿＿＿＿＿＿＿＿＿
＿＿＿＿＿＿＿＿＿＿
□＿＿＿＿＿＿＿＿＿
□□＿□＿＿＿＿＿＿
□□□□□□＿＿＿＿
□□□□□□□＿＿■
＿□□□□□□＿＿■
＿□＿＿□□□＿＿■
□□□＿□□□□＿■
□□□□□□＿□□□
□□□□□□＿□□□
＿□□□□□＿□□□
□□□□□＿□□□□
□□□□□□□□□＿
□□□□□□□□□＿
□□□＿＿＿□□□□
00:16:45(30156f):field(30155f)
＿＿＿＿＿＿＿＿＿＿
＿＿＿＿＿＿＿＿＿＿
＿＿＿＿＿＿＿＿＿＿
＿＿＿＿＿＿＿＿＿＿
＿＿＿＿＿＿＿＿＿＿
＿＿＿＿＿＿＿＿＿＿
□＿＿＿＿＿＿＿＿＿
□□＿□＿＿＿＿＿＿
□□□□□□＿＿＿＿
□□□□□□□＿＿□
＿□□□□□□■■□
＿□＿＿□□□＿■□
□□□＿□□□□■□
□□□□□□＿□□□
□□□□□□＿□□□
＿□□□□□＿□□□
□□□□□＿□□□□
□□□□□□□□□＿
□□□□□□□□□＿
□□□＿＿＿□□□□
00:16:45(30169f):field(30168f)
＿＿＿＿＿＿＿＿＿＿
＿＿＿＿＿＿＿＿＿＿
＿＿＿＿＿＿＿＿＿＿
＿＿＿＿＿＿＿＿＿＿
＿＿＿＿＿＿＿＿＿＿
＿＿＿＿＿＿＿＿＿＿
◆＿＿＿＿＿＿＿＿＿
□◆＿◆＿＿＿＿＿＿
□□□□◆◆＿＿＿＿
□□□□□□◆＿■□
＿□□□□□□□□□
＿□＿＿□□□＿□□
□□□＿□□□□□□
□□□□□□＿□□□
□□□□□□＿□□□
＿□□□□□＿□□□
□□□□□＿□□□□
□□□□□□□□□＿
□□□□□□□□□＿
□□□＿＿＿□□□□
00:16:46(30182f):field(30181f)
＿＿＿＿＿＿＿＿＿＿
＿＿＿＿＿＿＿＿＿＿
＿＿＿＿＿＿＿＿＿＿
＿＿＿＿＿＿＿＿＿＿
＿＿＿＿＿＿＿＿＿＿
＿＿＿＿＿＿＿＿＿＿
＿＿＿＿■＿＿＿＿＿
□＿＿■■＿＿＿＿＿
□□◆□■＿＿＿＿＿
□□□□□□＿＿□□
＿□□□□□□□□□
＿□＿＿□□□＿□□
□□□＿□□□□□□
□□□□□□＿□□□
□□□□□□＿□□□
＿□□□□□＿□□□
□□□□□＿□□□□
□□□□□□□□□＿
□□□□□□□□□＿
□□□＿＿＿□□□□
00:16:46(30194f):field(30193f)
＿＿＿＿＿＿＿＿＿＿
＿＿＿＿＿＿＿＿＿＿
＿＿＿＿＿＿＿＿＿＿
＿＿＿＿＿＿＿＿＿＿
＿＿＿＿＿＿＿＿＿＿
＿＿＿＿＿＿＿＿＿＿
＿＿＿＿◆＿＿＿＿＿
◆＿＿◆□＿＿＿＿＿
□◆＿□□＿＿＿＿＿
□□□□□□■■◆◆
■□□□□□□□□□
＿□＿＿□□□＿□□
□□□＿□□□□□□
□□□□□□＿□□□
□□□□□□＿□□□
＿□□□□□＿□□□
□□□□□＿□□□□
□□□□□□□□□＿
□□□□□□□□□＿
□□□＿＿＿□□□□
00:16:46(30209f):field(30208f)
＿＿＿＿＿＿＿＿＿＿
＿＿＿＿＿＿＿＿＿＿
＿＿＿＿＿＿＿＿＿＿
＿＿＿＿＿＿＿＿＿＿
＿＿＿＿＿＿＿＿＿＿
＿＿＿＿＿＿＿＿＿＿
＿＿＿＿＿＿＿＿＿＿
＿＿＿＿□＿＿＿＿■
□＿＿□□＿＿＿＿■
□□◆□□◆□□■■
◆□□□□□□□□□
＿□＿＿□□□＿□□
□□□＿□□□□□□
□□□□□□＿□□□
□□□□□□＿□□□
＿□□□□□＿□□□
□□□□□＿□□□□
□□□□□□□□□＿
□□□□□□□□□＿
□□□＿＿＿□□□□
00:16:47(30221f):field(30220f)
＿＿＿＿＿＿＿＿＿＿
＿＿＿＿＿＿＿＿＿＿
＿＿＿＿＿＿＿＿＿＿
＿＿＿＿＿＿＿＿＿＿
＿＿＿＿＿＿＿＿＿＿
＿＿＿＿＿＿＿＿＿＿
＿＿＿＿＿＿＿＿＿＿
＿＿＿＿□＿＿＿＿□
□＿＿□□■■■＿□
□□＿□□■□□□□
＿□□□□□□□□□
＿□＿＿□□□＿□□
□□□＿□□□□□□
□□□□□□＿□□□
□□□□□□＿□□□
＿□□□□□＿□□□
□□□□□＿□□□□
□□□□□□□□□＿
□□□□□□□□□＿
□□□＿＿＿□□□□
00:16:47(30236f):field(30235f)
＿＿＿＿＿＿＿＿＿＿
＿＿＿＿＿＿＿＿＿＿
＿＿＿＿＿＿＿＿＿＿
＿＿＿＿＿＿＿＿＿＿
＿＿＿＿＿＿＿＿＿＿
＿＿＿＿＿＿＿＿＿＿
＿＿＿＿＿＿＿＿＿＿
＿＿■＿◆＿＿＿＿◆
□＿■◆□◆□◆＿□
□◆■□□□□□◆□
＿□□□□□□□□□
＿□■＿□□□■□□
□□□＿□□□□□□
□□□□□□＿□□□
□□□□□□＿□□□
＿□□□□□＿□□□
□□□□□＿□□□□
□□□□□□□□□＿
□□□□□□□□□＿
□□□＿＿＿□□□□
00:16:48(30250f):field(30249f)
＿＿＿＿＿＿＿＿＿＿
＿＿＿＿＿＿＿＿＿＿
＿＿＿＿＿＿＿＿＿＿
＿＿＿＿＿＿＿＿＿＿
＿＿＿＿＿＿＿＿＿＿
＿＿＿＿＿＿＿＿＿＿
＿＿＿＿＿＿＿＿＿＿
＿＿□＿＿＿＿＿■＿
◆＿□＿□＿◆■■□
□＿□□□□□□■□
＿□□□□□□□□□
＿□◆＿□□□◆□□
□□□＿□□□□□□
□□□□□□＿□□□
□□□□□□＿□□□
＿□□□□□＿□□□
□□□□□＿□□□□
□□□□□□□□□＿
□□□□□□□□□＿
□□□＿＿＿□□□□
00:16:48(30261f):field(30260f)
＿＿＿＿＿＿＿＿＿＿
＿＿＿＿＿＿＿＿＿＿
＿＿＿＿＿＿＿＿＿＿
＿＿＿＿＿＿＿＿＿＿
＿＿＿＿＿＿＿＿＿＿
＿＿＿＿＿＿＿＿＿＿
＿＿＿＿＿＿＿＿＿＿
＿＿□＿＿＿■■□＿
＿＿□＿□■■□□□
□＿□□□□□□□□
＿□□□□□□□□□
＿□＿＿□□□＿□□
□□□＿□□□□□□
□□□□□□＿□□□
□□□□□□＿□□□
＿□□□□□＿□□□
□□□□□＿□□□□
□□□□□□□□□＿
□□□□□□□□□＿
□□□＿＿＿□□□□
00:16:49(30275f):field(30274f)
＿＿＿＿＿＿＿＿＿＿
＿＿＿＿＿＿＿＿＿＿
＿＿＿＿＿＿＿＿＿＿
＿＿＿＿＿＿＿＿＿＿
＿＿＿＿＿＿＿＿＿＿
＿＿＿＿＿＿＿＿＿＿
＿＿＿＿■＿＿＿＿＿
＿＿□■■＿□□□＿
＿＿□■□□□□□□
□＿□□□□□□□□
＿□□□□□□□□□
＿□＿＿□□□＿□□
□□□＿□□□□□□
□□□□□□＿□□□
□□□□□□＿□□□
＿□□□□□＿□□□
□□□□□＿□□□□
□□□□□□□□□＿
□□□□□□□□□＿
□□□＿＿＿□□□□
00:16:49(30293f):field(30292f)
＿＿＿＿＿＿＿＿＿＿
＿＿＿＿＿＿＿＿＿＿
＿＿＿＿＿＿＿＿＿＿
＿＿＿＿＿＿＿＿＿＿
＿＿＿＿＿＿＿＿＿＿
＿＿＿＿＿＿＿＿＿＿
＿＿＿＿□＿＿■■■
＿＿□□□＿□□□■
＿＿□□□□□□□□
□＿□□□□□□□□
＿□□□□□□□□□
＿□＿＿□□□＿□□
□□□＿□□□□□□
□□□□□□＿□□□
□□□□□□＿□□□
＿□□□□□＿□□□
□□□□□＿□□□□
□□□□□□□□□＿
□□□□□□□□□＿
□□□＿＿＿□□□□
00:16:50(30309f):field(30308f)
＿＿＿＿＿＿＿＿＿＿
＿＿＿＿＿＿＿＿＿＿
＿＿＿＿＿＿＿＿＿＿
＿＿＿＿＿＿＿＿＿＿
＿＿＿＿＿＿＿＿＿＿
＿＿■■＿＿＿＿＿＿
＿＿■■□＿＿□□□
＿＿□□□＿□□□□
＿＿□□□□□□□□
□＿□□□□□□□□
＿□□□□□□□□□
＿□＿＿□□□＿□□
□□□＿□□□□□□
□□□□□□＿□□□
□□□□□□＿□□□
＿□□□□□＿□□□
□□□□□＿□□□□
□□□□□□□□□＿
□□□□□□□□□＿
□□□＿＿＿□□□□
00:16:50(30321f):field(30320f)
＿＿＿＿＿＿＿＿＿＿
＿＿＿＿＿＿＿＿＿＿
＿＿＿＿＿＿＿＿＿＿
＿＿＿＿＿＿＿＿＿＿
＿＿＿＿＿■＿＿＿＿
＿＿□□＿■＿＿＿＿
＿＿□□□■＿□□□
＿＿□□□■□□□□
＿＿□□□□□□□□
□＿□□□□□□□□
＿□□□□□□□□□
＿□＿＿□□□＿□□
□□□＿□□□□□□
□□□□□□＿□□□
□□□□□□＿□□□
＿□□□□□＿□□□
□□□□□＿□□□□
□□□□□□□□□＿
□□□□□□□□□＿
□□□＿＿＿□□□□
00:16:51(30335f):field(30334f)
＿＿＿＿＿＿＿＿＿＿
＿＿＿＿＿＿＿＿＿＿
＿＿＿＿＿＿＿＿＿＿
＿＿＿＿＿＿＿＿＿＿
＿＿＿＿＿◆＿＿＿＿
＿＿◆◆＿◆＿＿＿＿
＿＿◆◆◆□＿◆◆◆
＿■□□◆□◆□◆◆
■＿□□□□◆□□□
□■□□□□□□□□
■□□□□□□□□□
■□■＿□□□＿□□
□□□＿□□□□□□
□□□□□□＿□□□
□□□□□□＿□□□
＿□□□□□＿□□□
□□□□□＿□□□□
□□□□□□□□□＿
□□□□□□□□□＿
□□□＿＿＿□□□□
00:16:51(30350f):field(30349f)
＿＿＿＿＿＿＿＿＿＿
＿＿＿＿＿＿＿＿＿＿
＿＿＿＿＿＿＿＿＿＿
＿＿＿＿＿＿＿＿＿＿
＿＿＿＿＿＿＿＿＿＿
＿＿＿＿＿＿＿＿＿＿
＿＿＿＿＿□＿■＿＿
＿◆□□＿□■□＿＿
◆＿□□□□■□□□
□◆□□□□□□□□
◆□□□□□□□□□
◆□◆＿□□□＿□□
□□□＿□□□□□□
□□□□□□＿□□□
□□□□□□＿□□□
＿□□□□□＿□□□
□□□□□＿□□□□
□□□□□□□□□＿
□□□□□□□□□＿
□□□＿＿＿□□□□
00:16:52(30377f):field(30376f)
＿＿＿＿＿＿＿＿＿＿
＿＿＿＿＿＿＿＿＿＿
＿＿＿＿＿＿＿＿＿＿
＿＿＿＿＿＿＿＿＿＿
＿＿＿＿＿＿＿＿＿＿
＿＿＿■■■■■＿＿
＿＿＿＿■□■□＿＿
＿＿□□■□□□＿＿
＿＿□□□□□□□□
□＿□□□□□□□□
＿□□□□□□□□□
＿□＿＿□□□＿□□
□□□＿□□□□□□
□□□□□□＿□□□
□□□□□□＿□□□
＿□□□□□＿□□□
□□□□□＿□□□□
□□□□□□□□□＿
□□□□□□□□□＿
□□□＿＿＿□□□□
00:16:53(30392f):field(30391f)
＿＿＿＿＿＿＿＿＿＿
＿＿＿＿＿＿＿＿＿＿
＿＿＿＿＿＿＿＿＿＿
＿＿＿＿＿＿＿＿＿＿
＿＿＿＿＿＿＿＿＿＿
＿＿＿◆◆◆◆◆＿＿
＿＿＿＿◆◆◆◆＿＿
＿■◆□□□□□■■
■＿◆□□□□□□◆
□■□□□□□□◆□
＿□□□□□□□□□
＿□■＿□□□■□□
□□□＿□□□□□□
□□□□□□＿□□□
□□□□□□＿□□□
＿□□□□□＿□□□
□□□□□＿□□□□
□□□□□□□□□＿
□□□□□□□□□＿
□□□＿＿＿□□□□
00:16:53(30405f):field(30404f)
＿＿＿＿＿＿＿＿＿＿
＿＿＿＿＿＿＿＿＿＿
＿＿＿＿＿＿＿＿＿＿
＿＿＿＿＿＿＿＿＿＿
＿＿＿＿＿＿＿＿＿＿
＿＿＿＿＿＿＿＿＿＿
＿＿＿＿＿＿＿＿＿＿
＿◆＿□□□□□◆□
◆＿＿◆□□□□◆■
◆□□□□□□□■□
＿□□□□□□□□□
＿□◆＿□□□◆□□
□□□＿□□□□□□
□□□□□□＿□□□
□□□□□□＿□□□
＿□□□□□＿□□□
□□□□□＿□□□□
□□□□□□□□□＿
□□□□□□□□□＿
□□□＿＿＿□□□□
00:16:54(30420f):field(30419f)
＿＿＿＿＿＿＿＿＿＿
＿＿＿＿＿＿＿＿＿＿
＿＿＿＿＿＿＿＿＿＿
＿＿＿＿＿＿＿＿＿＿
＿＿＿＿＿＿＿＿＿＿
＿＿＿＿＿＿＿＿＿＿
＿＿＿＿＿＿＿＿＿＿
＿＿＿◆◆◆◆◆＿◆
■＿＿＿□◆◆◆＿◆
＿□◆□□□□□◆□
■◆◆□□□□□□□
■□■■□□□■□□
□□□＿□□□□□□
□□□□□□＿□□□
□□□□□□＿□□□
＿□□□□□＿□□□
□□□□□＿□□□□
□□□□□□□□□＿
□□□□□□□□□＿
□□□＿＿＿□□□□
00:16:54(30437f):field(30436f)
＿＿＿＿＿＿＿＿＿＿
＿＿＿＿＿＿＿＿＿＿
＿＿＿＿＿＿＿＿＿＿
＿＿＿＿＿＿＿＿＿＿
＿＿＿＿＿＿＿＿＿＿
＿＿＿＿＿＿＿＿＿＿
＿＿＿＿＿＿＿＿＿＿
＿＿＿＿＿＿＿＿＿＿
◆＿＿＿◆＿＿■■＿
＿◆＿□□□□□■□
□＿＿◆□□□□□□
□□◆◆□□□◆□□
□□□＿□□□□□□
□□□□□□＿□□□
□□□□□□＿□□□
＿□□□□□＿□□□
□□□□□＿□□□□
□□□□□□□□□＿
□□□□□□□□□＿
□□□＿＿＿□□□□
00:16:55(30450f):field(30449f)
＿＿＿＿＿＿＿＿＿＿
＿＿＿＿＿＿＿＿＿＿
＿＿＿＿＿＿＿＿＿＿
＿＿＿＿＿＿＿＿＿＿
＿＿＿＿＿＿＿＿＿＿
＿＿＿＿＿＿＿＿＿＿
＿＿＿＿＿＿＿＿＿＿
＿＿＿＿＿＿＿＿＿＿
＿＿＿＿＿＿＿◆◆＿
＿＿＿◆◆◆◆□□◆
◆＿＿■□□□□□□
□◆■＿□□□■□□
□□□■□□□◆□□
□□□□□□■□□□
□□□□□□＿□□□
＿□□□□□＿□□□
□□□□□＿□□□□
□□□□□□□□□＿
□□□□□□□□□＿
□□□＿＿＿□□□□
00:16:55(30464f):field(30463f)
＿＿＿＿＿＿＿＿＿＿
＿＿＿＿＿＿＿＿＿＿
＿＿＿＿＿＿＿＿＿＿
＿＿＿＿＿＿＿＿＿＿
＿＿＿＿＿＿＿＿＿＿
＿＿＿＿＿＿＿＿＿＿
＿＿＿＿＿＿＿＿＿＿
＿＿＿＿＿＿＿＿＿＿
＿＿＿＿＿＿＿＿＿＿
＿＿＿■＿＿■◆◆＿
＿■＿◆□◆◆□□◆
□■□■□□□□□□
□□□□□□□■□□
□□□□□□◆□□□
□□□□□□＿□□□
＿□□□□□＿□□□
□□□□□＿□□□□
□□□□□□□□□＿
□□□□□□□□□＿
□□□＿＿＿□□□□
00:16:55(30474f):field(30473f)
＿＿＿＿＿＿＿＿＿＿
＿＿＿＿＿＿＿＿＿＿
＿＿＿＿＿＿＿＿＿＿
＿＿＿＿＿＿＿＿＿＿
＿＿＿＿＿＿＿＿＿＿
＿＿＿＿＿＿＿＿＿＿
＿＿＿＿＿＿＿＿＿＿
＿＿＿＿＿＿＿＿＿＿
＿＿＿＿＿＿＿＿＿＿
＿＿＿◆＿＿◆＿＿＿
＿◆■■□＿＿◆◆＿
□◆◆□□◆◆□□□
□□□□□□□◆□□
□□□□□□■□□□
□□□□□□＿□□□
＿□□□□□＿□□□
□□□□□＿□□□□
□□□□□□□□□＿
□□□□□□□□□＿
□□□＿＿＿□□□□
00:16:56(30485f):field(30484f)
＿＿＿＿＿＿＿＿＿＿
＿＿＿＿＿＿＿＿＿＿
＿＿＿＿＿＿＿＿＿＿
＿＿＿＿＿＿＿＿＿＿
＿＿＿＿＿＿＿＿＿＿
＿＿＿＿＿＿＿＿＿＿
＿＿＿＿＿＿＿＿＿＿
＿＿＿＿＿＿＿＿＿＿
＿＿＿＿＿■＿＿＿＿
＿＿＿＿＿■＿＿＿＿
＿＿◆◆□■＿＿＿＿
◆＿＿□□■＿□□◆
□□□□□□□＿□□
□□□□□□◆□□□
□□□□□□＿□□□
＿□□□□□＿□□□
□□□□□＿□□□□
□□□□□□□□□＿
□□□□□□□□□＿
□□□＿＿＿□□□□
00:16:56(30499f):field(30498f)
＿＿＿＿＿＿＿＿＿＿
＿＿＿＿＿＿＿＿＿＿
＿＿＿＿＿＿＿＿＿＿
＿＿＿＿＿＿＿＿＿＿
＿＿＿＿＿＿＿＿＿＿
＿＿＿＿＿＿＿＿＿＿
＿＿＿＿＿＿＿＿＿＿
＿＿＿＿＿＿＿＿＿＿
＿＿＿＿＿□＿＿＿＿
＿＿＿＿＿□＿＿＿＿
■■＿＿□□＿＿＿＿
■■＿□□□＿□□＿
□□□□□□□＿□□
□□□□□□＿□□□
□□□□□□＿□□□
＿□□□□□＿□□□
□□□□□＿□□□□
□□□□□□□□□＿
□□□□□□□□□＿
□□□＿＿＿□□□□
00:16:57(30514f):field(30513f)
＿＿＿＿＿＿＿＿＿＿
＿＿＿＿＿＿＿＿＿＿
＿＿＿＿＿＿＿＿＿＿
＿＿＿＿＿＿＿＿＿＿
＿＿＿＿＿＿＿＿＿＿
＿＿＿＿＿＿＿＿＿＿
＿＿＿＿＿＿＿＿＿＿
＿＿＿＿＿＿＿＿＿＿
＿＿＿＿＿□＿＿＿＿
＿■■＿＿□＿＿＿＿
□□■＿□□＿＿＿＿
□□■□□□＿□□＿
□□□□□□□＿□□
□□□□□□＿□□□
□□□□□□＿□□□
＿□□□□□＿□□□
□□□□□＿□□□□
□□□□□□□□□＿
□□□□□□□□□＿
□□□＿＿＿□□□□
00:16:57(30525f):field(30524f)
＿＿＿＿＿＿＿＿＿＿
＿＿＿＿＿＿＿＿＿＿
＿＿＿＿＿＿＿＿＿＿
＿＿＿＿＿＿＿＿＿＿
＿＿＿＿＿＿＿＿＿＿
＿＿＿＿＿＿＿＿＿＿
＿＿＿＿＿＿＿＿＿＿
＿＿＿＿■■＿＿＿＿
＿＿＿＿■□＿＿＿＿
＿□□＿■□＿＿＿＿
□□□＿□□＿＿＿＿
□□□□□□＿□□＿
□□□□□□□＿□□
□□□□□□＿□□□
□□□□□□＿□□□
＿□□□□□＿□□□
□□□□□＿□□□□
□□□□□□□□□＿
□□□□□□□□□＿
□□□＿＿＿□□□□
00:16:58(30540f):field(30539f)
＿＿＿＿＿＿＿＿＿＿
＿＿＿＿＿＿＿＿＿＿
＿＿＿＿＿＿＿＿＿＿
＿＿＿＿＿＿＿＿＿＿
＿＿＿＿＿＿＿＿＿＿
＿＿＿＿＿＿＿＿＿＿
＿＿＿＿＿＿＿＿＿＿
＿■＿＿□□＿＿＿＿
■■＿＿□□＿＿＿＿
■□□＿□□＿＿＿＿
□□□＿□□＿＿＿＿
□□□□□□＿□□＿
□□□□□□□＿□□
□□□□□□＿□□□
□□□□□□＿□□□
＿□□□□□＿□□□
□□□□□＿□□□□
□□□□□□□□□＿
□□□□□□□□□＿
□□□＿＿＿□□□□
00:16:58(30554f):field(30553f)
＿＿＿＿＿＿＿＿＿＿
＿＿＿＿＿＿＿＿＿＿
＿＿＿＿＿＿＿＿＿＿
＿＿＿＿＿＿＿＿＿＿
＿＿＿＿＿＿＿＿＿＿
＿＿＿＿＿＿＿＿＿＿
＿＿＿＿＿＿＿＿＿＿
＿□＿＿□□＿＿＿＿
□□＿＿□□＿＿＿＿
□□□＿□□＿＿■＿
□□□＿□□＿＿■■
□□□□□□＿□□■
□□□□□□□＿□□
□□□□□□＿□□□
□□□□□□＿□□□
＿□□□□□＿□□□
□□□□□＿□□□□
□□□□□□□□□＿
□□□□□□□□□＿
□□□＿＿＿□□□□
00:16:58(30566f):field(30565f)
＿＿＿＿＿＿＿＿＿＿
＿＿＿＿＿＿＿＿＿＿
＿＿＿＿＿＿＿＿＿＿
＿＿＿＿＿＿＿＿＿＿
＿＿＿＿＿＿＿＿＿＿
＿＿＿＿＿＿＿＿＿＿
＿＿＿＿＿＿＿＿＿＿
＿◆＿＿◆◆＿＿＿＿
◆□＿＿□□＿＿＿＿
□□◆＿□□■＿◆＿
□□□＿□□■＿□◆
□□□◆□□■□□□
□□□□□□□＿□□
□□□□□□＿□□□
□□□□□□＿□□□
＿□□□□□＿□□□
□□□□□＿□□□□
□□□□□□□□□＿
□□□□□□□□□＿
□□□＿＿＿□□□□
00:16:59(30579f):field(30578f)
＿＿＿＿＿＿＿＿＿＿
＿＿＿＿＿＿＿＿＿＿
＿＿＿＿＿＿＿＿＿＿
＿＿＿＿＿＿＿＿＿＿
＿＿＿＿＿＿＿＿＿＿
＿＿＿＿＿＿＿＿＿＿
＿＿＿＿■■＿＿＿＿
＿＿＿＿■■＿＿＿＿
＿□＿＿□□＿＿＿＿
□□＿＿□□□＿＿＿
□□□＿□□□＿□＿
□□□＿□□□◆□□
□□□□□□□＿□□
□□□□□□＿□□□
□□□□□□＿□□□
＿□□□□□＿□□□
□□□□□＿□□□□
□□□□□□□□□＿
□□□□□□□□□＿
□□□＿＿＿□□□□
00:16:59(30591f):field(30590f)
＿＿＿＿＿＿＿＿＿＿
＿＿＿＿＿＿＿＿＿＿
＿＿＿＿＿＿＿＿＿＿
＿＿＿＿＿＿＿＿＿＿
＿＿＿＿＿＿＿＿＿＿
＿＿＿＿＿＿＿＿＿＿
＿＿＿＿□□＿＿＿＿
＿＿＿＿□□＿＿＿＿
＿□＿＿□□＿＿＿＿
□□■■□□□＿＿＿
□□□■□□□＿□＿
□□□■□□□＿□□
□□□□□□□＿□□
□□□□□□＿□□□
□□□□□□＿□□□
＿□□□□□＿□□□
□□□□□＿□□□□
□□□□□□□□□＿
□□□□□□□□□＿
□□□＿＿＿□□□□
00:17:00(30612f):field(30611f)
＿＿＿＿＿＿＿＿＿＿
＿＿＿＿＿＿＿＿＿＿
＿＿＿＿＿＿＿＿＿＿
＿＿＿＿＿＿＿＿＿＿
＿＿＿＿＿＿＿＿＿＿
＿＿＿＿＿＿＿＿＿＿
＿＿＿＿□□＿＿＿＿
＿＿＿＿□□＿＿＿＿
＿□＿＿□□＿＿＿■
□□□□□□□＿■■
□□□□□□□＿□■
□□□□□□□＿□□
□□□□□□□＿□□
□□□□□□＿□□□
□□□□□□＿□□□
＿□□□□□＿□□□
□□□□□＿□□□□
□□□□□□□□□＿
□□□□□□□□□＿
□□□＿＿＿□□□□
00:17:00(30625f):field(30624f)
＿＿＿＿＿＿＿＿＿＿
＿＿＿＿＿＿＿＿＿＿
＿＿＿＿＿＿＿＿＿＿
＿＿＿＿＿＿＿＿＿＿
＿＿＿＿＿＿＿＿＿＿
＿＿＿＿＿＿＿＿＿＿
＿＿＿＿□□＿＿＿■
＿＿＿＿□□＿＿■■
＿□＿＿□□＿＿■□
□□□□□□□＿□□
□□□□□□□＿□□
□□□□□□□＿□□
□□□□□□□＿□□
□□□□□□＿□□□
□□□□□□＿□□□
＿□□□□□＿□□□
□□□□□＿□□□□
□□□□□□□□□＿
□□□□□□□□□＿
□□□＿＿＿□□□□
00:17:01(30638f):field(30637f)
＿＿＿＿＿＿＿＿＿＿
＿＿＿＿＿＿＿＿＿＿
＿＿＿＿＿＿＿＿＿＿
＿＿＿＿＿＿＿＿＿＿
＿＿＿＿＿＿＿＿＿＿
＿＿＿＿＿＿＿＿＿＿
＿＿＿■□□＿＿＿□
＿＿＿■□□＿＿□□
＿□■■□□＿＿□□
□□□□□□□＿□□
□□□□□□□＿□□
□□□□□□□＿□□
□□□□□□□＿□□
□□□□□□＿□□□
□□□□□□＿□□□
＿□□□□□＿□□□
□□□□□＿□□□□
□□□□□□□□□＿
□□□□□□□□□＿
□□□＿＿＿□□□□
00:17:01(30649f):field(30648f)
＿＿＿＿＿＿＿＿＿＿
＿＿＿＿＿＿＿＿＿＿
＿＿＿＿＿＿＿＿＿＿
＿＿＿＿＿＿＿＿＿＿
＿＿＿＿■■＿＿＿＿
＿＿＿＿■■＿＿＿＿
＿＿＿□□□＿＿＿□
＿＿＿□□□＿＿□□
＿□□□□□＿＿□□
□□□□□□□＿□□
□□□□□□□＿□□
□□□□□□□＿□□
□□□□□□□＿□□
□□□□□□＿□□□
□□□□□□＿□□□
＿□□□□□＿□□□
□□□□□＿□□□□
□□□□□□□□□＿
□□□□□□□□□＿
□□□＿＿＿□□□□
00:17:02(30663f):field(30662f)
＿＿＿＿＿＿＿＿＿＿
＿＿＿＿＿＿＿＿＿＿
＿＿＿＿＿＿＿＿＿＿
＿＿＿＿＿＿＿＿＿＿
＿＿＿＿□□＿＿＿＿
＿＿＿＿□□＿＿＿＿
＿＿＿□□□＿＿＿□
■■■□□□＿＿□□
■□□□□□＿＿□□
□□□□□□□＿□□
□□□□□□□＿□□
□□□□□□□＿□□
□□□□□□□＿□□
□□□□□□＿□□□
□□□□□□＿□□□
＿□□□□□＿□□□
□□□□□＿□□□□
□□□□□□□□□＿
□□□□□□□□□＿
□□□＿＿＿□□□□
00:17:02(30676f):field(30675f)
＿＿＿＿＿＿＿＿＿＿
＿＿＿＿＿＿＿＿＿＿
＿＿＿＿＿＿＿＿＿＿
＿＿＿＿＿＿＿＿＿＿
＿＿＿＿□□＿＿＿＿
＿■＿＿□□＿＿＿＿
■■■□□□＿＿＿□
□□□□□□＿＿□□
□□□□□□＿＿□□
□□□□□□□＿□□
□□□□□□□＿□□
□□□□□□□＿□□
□□□□□□□＿□□
□□□□□□＿□□□
□□□□□□＿□□□
＿□□□□□＿□□□
□□□□□＿□□□□
□□□□□□□□□＿
□□□□□□□□□＿
□□□＿＿＿□□□□
00:17:02(30689f):field(30688f)
＿＿＿＿＿＿＿＿＿＿
＿＿＿＿＿＿＿＿＿＿
＿＿＿＿＿＿＿＿＿＿
＿＿＿＿＿＿＿＿＿＿
＿＿＿＿◆◆＿＿＿＿
＿◆＿＿◆◆＿＿＿＿
◆◆◆◆◆◆＿＿＿◆
◆◆◆◆◆◆＿＿◆◆
◆◆□◆□□■＿◆◆
□□◆□□□◆＿◆◆
□□□□□□◆■□□
□□□□□□◆■□□
□□□□□□□■□□
□□□□□□■□□□
□□□□□□＿□□□
＿□□□□□＿□□□
□□□□□＿□□□□
□□□□□□□□□＿
□□□□□□□□□＿
□□□＿＿＿□□□□
00:17:03(30702f):field(30701f)
＿＿＿＿＿＿＿＿＿＿
＿＿＿＿＿＿＿＿＿＿
＿＿＿＿＿＿＿＿＿＿
＿＿＿＿＿＿＿＿＿＿
＿＿＿＿＿＿＿＿＿＿
＿＿＿＿＿＿＿＿＿＿
＿＿＿＿＿＿＿＿＿＿
＿＿＿＿＿＿＿＿＿＿
＿＿◆＿◆◆◆＿＿＿
◆◆＿◆◆◆＿＿＿＿
◆◆◆◆◆◆＿◆◆◆
◆◆◆□□□＿◆◆◆
◆□□◆□□◆◆◆◆
□□□□□□◆□□□
□□□□□□■□□□
■□□□□□■□□□
□□□□□＿□□□□
□□□□□□□□□＿
□□□□□□□□□＿
□□□＿＿＿□□□□
00:17:03(30715f):field(30714f)
＿＿＿＿＿＿＿＿＿＿
＿＿＿＿＿＿＿＿＿＿
＿＿＿＿＿＿＿＿＿＿
＿＿＿＿＿＿＿＿＿＿
＿＿＿＿＿＿＿＿＿＿
＿＿＿＿＿＿＿＿＿＿
＿＿＿＿＿＿＿＿＿＿
＿＿＿＿＿＿＿＿＿＿
＿＿＿＿＿＿＿＿＿＿
＿＿＿＿＿＿＿＿＿＿
＿＿＿＿＿＿＿＿＿＿
＿＿＿◆◆◆＿＿＿＿
＿◆◆＿□□＿＿＿＿
◆□◆◆□□＿◆◆◆
□□□□□□◆□◆□
◆□□□□□□□□□
□□□□□■□□□□
□□□□□□□□□＿
□□□□□□□□□＿
□□□＿＿＿□□□□
00:17:04(30730f):field(30729f)
＿＿＿＿＿＿＿＿＿＿
＿＿＿＿＿＿＿＿＿＿
＿＿＿＿＿＿＿＿＿＿
＿＿＿＿＿＿＿＿＿＿
＿＿＿＿＿＿＿＿＿＿
＿＿＿＿＿＿＿＿＿＿
＿＿＿＿＿＿＿＿＿＿
＿＿＿＿＿＿＿＿＿＿
＿＿＿＿＿＿＿＿＿＿
＿＿＿＿＿＿＿＿＿＿
＿＿＿＿＿＿＿＿＿＿
＿＿＿＿＿＿＿＿＿＿
＿＿＿＿□□＿＿＿＿
＿□＿＿□□■■■＿
□□□□□□■□＿□
＿□□□□□□□□□
□□□□□◆□□□□
□□□□□□□□□＿
□□□□□□□□□＿
□□□＿＿＿□□□□
00:17:04(30744f):field(30743f)
＿＿＿＿＿＿＿＿＿＿
＿＿＿＿＿＿＿＿＿＿
＿＿＿＿＿＿＿＿＿＿
＿＿＿＿＿＿＿＿＿＿
＿＿＿＿＿＿＿＿＿＿
＿＿＿＿＿＿＿＿＿＿
＿＿＿＿＿＿＿＿＿＿
＿＿＿＿＿＿＿＿＿＿
＿＿＿＿＿＿＿＿＿＿
＿＿＿＿＿＿＿＿＿＿
＿＿＿＿＿＿＿＿＿＿
＿＿＿＿＿＿＿＿＿■
＿＿＿＿□□＿＿■■
＿□＿＿□□□□□■
□□□□□□□□＿□
＿□□□□□□□□□
□□□□□＿□□□□
□□□□□□□□□＿
□□□□□□□□□＿
□□□＿＿＿□□□□
00:17:05(30757f):field(30756f)
＿＿＿＿＿＿＿＿＿＿
＿＿＿＿＿＿＿＿＿＿
＿＿＿＿＿＿＿＿＿＿
＿＿＿＿＿＿＿＿＿＿
＿＿＿＿＿＿＿＿＿＿
＿＿＿＿＿＿＿＿＿＿
＿＿＿＿＿＿＿＿＿＿
＿＿＿＿＿＿＿＿＿＿
＿＿＿＿＿＿＿＿＿＿
＿＿＿＿＿＿＿＿＿＿
＿＿＿＿＿＿■＿＿＿
＿＿＿＿＿＿■＿＿□
＿＿＿＿□□■■□□
＿□＿＿□□□□□□
□□□□□□□□＿□
＿□□□□□□□□□
□□□□□＿□□□□
□□□□□□□□□＿
□□□□□□□□□＿
□□□＿＿＿□□□□
00:17:05(30770f):field(30769f)
＿＿＿＿＿＿＿＿＿＿
＿＿＿＿＿＿＿＿＿＿
＿＿＿＿＿＿＿＿＿＿
＿＿＿＿＿＿＿＿＿＿
＿＿＿＿＿＿＿＿＿＿
＿＿＿＿＿＿＿＿＿＿
＿＿＿＿＿＿＿＿＿＿
＿＿＿＿＿＿＿＿＿＿
＿＿＿＿＿＿＿＿＿＿
＿＿＿＿＿＿＿＿＿＿
＿＿＿＿＿＿□＿＿＿
＿＿＿■＿＿□＿＿□
＿＿＿■□□□□□□
＿□■■□□□□□□
□□□□□□□□＿□
＿□□□□□□□□□
□□□□□＿□□□□
□□□□□□□□□＿
□□□□□□□□□＿
□□□＿＿＿□□□□
00:17:05(30779f):field(30778f)
＿＿＿＿＿＿＿＿＿＿
＿＿＿＿＿＿＿＿＿＿
＿＿＿＿＿＿＿＿＿＿
＿＿＿＿＿＿＿＿＿＿
＿＿＿＿＿＿＿＿＿＿
＿＿＿＿＿＿＿＿＿＿
＿＿＿＿＿＿＿＿＿＿
＿＿＿＿＿＿＿＿＿＿
＿＿＿＿＿＿＿＿＿＿
＿＿＿＿＿＿＿＿＿＿
＿＿＿■■＿□＿＿＿
＿＿＿□■■□＿＿□
＿＿＿□□□□□□□
＿□□□□□□□□□
□□□□□□□□＿□
＿□□□□□□□□□
□□□□□＿□□□□
□□□□□□□□□＿
□□□□□□□□□＿
□□□＿＿＿□□□□
00:17:06(30798f):field(30797f)
＿＿＿＿＿＿＿＿＿＿
＿＿＿＿＿＿＿＿＿＿
＿＿＿＿＿＿＿＿＿＿
＿＿＿＿＿＿＿＿＿＿
＿＿＿＿＿＿＿＿＿＿
＿＿＿＿＿＿＿＿＿＿
＿＿＿＿＿＿＿＿＿＿
＿＿＿＿＿＿＿＿＿＿
＿＿＿＿＿＿＿＿＿＿
＿＿＿＿＿＿＿＿＿＿
＿＿＿◆◆＿◆＿＿＿
■＿＿□□◆□＿＿◆
■＿＿□□□□◆◆□
■◆□□□□□□□□
□□□□□□□□■□
＿□□□□□□□□□
□□□□□＿□□□□
□□□□□□□□□＿
□□□□□□□□□＿
□□□＿＿＿□□□□
00:17:07(30810f):field(30809f)
＿＿＿＿＿＿＿＿＿＿
＿＿＿＿＿＿＿＿＿＿
＿＿＿＿＿＿＿＿＿＿
＿＿＿＿＿＿＿＿＿＿
＿＿＿＿＿＿＿＿＿＿
＿＿＿＿＿＿＿＿＿＿
＿＿＿＿＿＿＿＿＿＿
＿＿＿＿＿＿＿＿＿＿
＿＿＿＿＿＿＿＿＿＿
＿＿＿＿＿＿＿＿＿＿
＿＿＿＿＿＿＿＿＿＿
◆＿＿◆◆＿◆＿＿＿
□＿＿□□◆□＿＿◆
□■□□□□□□◆□
□□□□□□□□□□
■□□□□□□□□□
□□□□□＿□□□□
□□□□□□□□□＿
□□□□□□□□□＿
□□□＿＿＿□□□□
00:17:07(30820f):field(30819f)
＿＿＿＿＿＿＿＿＿＿
＿＿＿＿＿＿＿＿＿＿
＿＿＿＿＿＿＿＿＿＿
＿＿＿＿＿＿＿＿＿＿
＿＿＿＿＿＿＿＿＿＿
＿＿＿＿＿＿＿＿＿＿
＿＿＿＿＿＿＿＿＿＿
＿＿＿＿＿＿＿＿＿＿
＿＿＿＿＿＿＿＿＿＿
＿＿＿＿＿＿＿＿＿＿
＿＿＿＿＿＿＿＿＿＿
＿＿＿＿■■■＿＿＿
□＿＿□□■□＿＿＿
□□□□□□□◆＿□
□□□□□□□□◆□
◆□□□□□□□□□
□□□□□＿□□□□
□□□□□□□□□＿
□□□□□□□□□＿
□□□＿＿＿□□□□
00:17:07(30833f):field(30832f)
＿＿＿＿＿＿＿＿＿＿
＿＿＿＿＿＿＿＿＿＿
＿＿＿＿＿＿＿＿＿＿
＿＿＿＿＿＿＿＿＿＿
＿＿＿＿＿＿＿＿＿＿
＿＿＿＿＿＿＿＿＿＿
＿＿＿＿＿＿＿＿＿＿
＿＿＿＿＿＿＿＿＿＿
＿＿＿＿＿＿＿＿＿＿
＿＿＿＿＿＿＿＿＿＿
＿＿＿＿＿＿＿＿＿＿
＿＿＿＿◆◆◆＿＿＿
◆＿＿◆□□□＿＿＿
□◆□□□□□■■◆
□□□□□□□◆■□
■□□□□□□□□□
□□□□□＿□□□□
□□□□□□□□□＿
□□□□□□□□□＿
□□□＿＿＿□□□□
00:17:08(30846f):field(30845f)
＿＿＿＿＿＿＿＿＿＿
＿＿＿＿＿＿＿＿＿＿
＿＿＿＿＿＿＿＿＿＿
＿＿＿＿＿＿＿＿＿＿
＿＿＿＿＿＿＿＿＿＿
＿＿＿＿＿＿＿＿＿＿
＿＿＿＿＿＿＿＿＿＿
＿＿＿＿＿＿＿＿＿＿
＿＿＿＿＿＿＿＿＿＿
＿＿＿＿＿＿＿＿＿＿
＿＿＿＿＿＿＿＿＿＿
＿＿＿＿＿＿＿＿＿＿
＿＿■■□□□＿＿＿
□■□□□□□□□＿
□□□□□□□＿□□
◆□□□□□□□□□
□□□□□＿□□□□
□□□□□□□□□＿
□□□□□□□□□＿
□□□＿＿＿□□□□
00:17:08(30858f):field(30857f)
＿＿＿＿＿＿＿＿＿＿
＿＿＿＿＿＿＿＿＿＿
＿＿＿＿＿＿＿＿＿＿
＿＿＿＿＿＿＿＿＿＿
＿＿＿＿＿＿＿＿＿＿
＿＿＿＿＿＿＿＿＿＿
＿＿＿＿＿＿＿＿＿＿
＿＿＿＿＿＿＿＿＿＿
＿＿＿＿＿＿＿＿＿＿
＿＿＿＿■＿＿＿＿＿
＿＿＿■■＿＿＿＿＿
＿＿＿■＿＿＿＿＿＿
＿＿□□□□□＿＿＿
□□□□□□□□□＿
□□□□□□□＿□□
＿□□□□□□□□□
□□□□□＿□□□□
□□□□□□□□□＿
□□□□□□□□□＿
□□□＿＿＿□□□□
00:17:09(30871f):field(30870f)
＿＿＿＿＿＿＿＿＿＿
＿＿＿＿＿＿＿＿＿＿
＿＿＿＿＿＿＿＿＿＿
＿＿＿＿＿＿＿＿＿＿
＿＿＿＿＿＿＿＿＿＿
＿＿＿＿＿＿＿＿＿＿
＿＿＿＿＿＿＿＿＿＿
＿＿＿＿＿＿＿＿＿＿
＿＿＿＿＿＿＿＿＿＿
＿＿＿＿□■＿＿＿＿
＿＿＿□□■＿＿＿＿
＿＿＿□■■＿＿＿＿
＿＿□□□□□＿＿＿
□□□□□□□□□＿
□□□□□□□＿□□
＿□□□□□□□□□
□□□□□＿□□□□
□□□□□□□□□＿
□□□□□□□□□＿
□□□＿＿＿□□□□
00:17:09(30883f):field(30882f)
＿＿＿＿＿＿＿＿＿＿
＿＿＿＿＿＿＿＿＿＿
＿＿＿＿＿＿＿＿＿＿
＿＿＿＿＿＿＿＿＿＿
＿＿＿＿＿＿＿＿＿＿
＿＿＿＿＿＿＿＿＿＿
＿＿＿＿＿＿＿＿＿＿
＿＿＿＿＿＿＿＿＿＿
＿＿＿＿＿＿＿＿＿＿
＿＿＿＿□□＿＿＿＿
＿＿＿□□□＿＿＿＿
■■＿□□□＿＿＿＿
■■□□□□□＿＿＿
□□□□□□□□□＿
□□□□□□□＿□□
＿□□□□□□□□□
□□□□□＿□□□□
□□□□□□□□□＿
□□□□□□□□□＿
□□□＿＿＿□□□□
00:17:09(30896f):field(30895f)
＿＿＿＿＿＿＿＿＿＿
＿＿＿＿＿＿＿＿＿＿
＿＿＿＿＿＿＿＿＿＿
＿＿＿＿＿＿＿＿＿＿
＿＿＿＿＿＿＿＿＿＿
＿＿＿＿＿＿＿＿＿＿
＿＿＿＿＿＿＿＿＿＿
＿＿＿＿＿＿＿＿＿＿
＿＿＿＿＿＿＿＿＿＿
＿＿＿＿◆◆＿＿＿＿
＿＿＿◆□□＿＿＿＿
◆◆＿□□□＿＿＿＿
□□◆□□□◆＿■■
□□□□□□□□◆■
□□□□□□□＿□□
■□□□□□□□□□
□□□□□＿□□□□
□□□□□□□□□＿
□□□□□□□□□＿
□□□＿＿＿□□□□
00:17:10(30911f):field(30910f)
＿＿＿＿＿＿＿＿＿＿
＿＿＿＿＿＿＿＿＿＿
＿＿＿＿＿＿＿＿＿＿
＿＿＿＿＿＿＿＿＿＿
＿＿＿＿＿＿＿＿＿＿
＿＿＿＿＿＿＿＿＿＿
＿＿＿＿＿＿＿＿＿＿
＿＿＿＿＿＿＿＿＿＿
＿＿＿＿＿＿＿＿＿＿
＿＿＿＿＿＿＿＿＿＿
＿＿＿＿□□＿＿＿＿
＿＿＿□□□■＿＿＿
□□＿□□□■■□□
□□□□□□□□＿□
□□□□□□□＿□□
◆□□□□□□□□□
□□□□□＿□□□□
□□□□□□□□□＿
□□□□□□□□□＿
□□□＿＿＿□□□□
00:17:10(30924f):field(30923f)
＿＿＿＿＿＿＿＿＿＿
＿＿＿＿＿＿＿＿＿＿
＿＿＿＿＿＿＿＿＿＿
＿＿＿＿＿＿＿＿＿＿
＿＿＿＿＿＿＿＿＿＿
＿＿＿＿＿＿＿＿＿＿
＿＿＿＿＿＿＿＿＿＿
＿＿＿＿＿＿＿＿＿＿
＿＿＿＿＿＿＿＿＿＿
＿＿＿＿＿＿＿＿＿＿
＿＿＿＿◆◆＿＿＿＿
＿＿■□□□◆■＿＿
◆□■□□□□◆◆◆
□□□□□□□□＿□
□□□□□□□＿□□
＿□□□□□□□□□
□□□□□＿□□□□
□□□□□□□□□＿
□□□□□□□□□＿
□□□＿＿＿□□□□
00:17:11(30940f):field(30939f)
＿＿＿＿＿＿＿＿＿＿
＿＿＿＿＿＿＿＿＿＿
＿＿＿＿＿＿＿＿＿＿
＿＿＿＿＿＿＿＿＿＿
＿＿＿＿＿＿＿＿＿＿
＿＿＿＿＿＿＿＿＿＿
＿＿＿＿＿＿＿＿＿＿
＿＿＿＿＿＿＿＿＿＿
＿＿＿■＿＿＿＿＿＿
＿＿＿■＿＿＿＿＿＿
＿＿＿■＿＿＿＿＿＿
＿＿□□□□＿◆＿＿
＿□□□□□□＿＿＿
□□□□□□□□＿□
□□□□□□□＿□□
＿□□□□□□□□□
□□□□□＿□□□□
□□□□□□□□□＿
□□□□□□□□□＿
□□□＿＿＿□□□□
00:17:11(30948f):field(30947f)
＿＿＿＿＿＿＿＿＿＿
＿＿＿＿＿＿＿＿＿＿
＿＿＿＿＿＿＿＿＿＿
＿＿＿＿＿＿＿＿＿＿
＿＿＿＿＿＿＿＿＿＿
＿＿＿＿＿＿＿＿＿＿
＿＿＿＿＿＿＿＿＿＿
＿＿＿＿＿＿＿＿＿＿
＿＿＿□＿＿＿＿＿＿
＿＿＿□■■＿＿＿＿
＿＿＿□■■＿＿＿＿
＿＿□□□□＿＿＿＿
＿□□□□□□＿＿＿
□□□□□□□□＿□
□□□□□□□＿□□
＿□□□□□□□□□
□□□□□＿□□□□
□□□□□□□□□＿
□□□□□□□□□＿
□□□＿＿＿□□□□
00:17:11(30959f):field(30958f)
＿＿＿＿＿＿＿＿＿＿
＿＿＿＿＿＿＿＿＿＿
＿＿＿＿＿＿＿＿＿＿
＿＿＿＿＿＿＿＿＿＿
＿＿＿＿＿＿＿＿＿＿
＿＿＿＿＿＿＿＿＿＿
＿＿＿＿■＿＿＿＿＿
＿＿＿＿■＿＿＿＿＿
＿＿＿□■■＿＿＿＿
＿＿＿□□□＿＿＿＿
＿＿＿□□□＿＿＿＿
＿＿□□□□＿＿＿＿
＿□□□□□□＿＿＿
□□□□□□□□＿□
□□□□□□□＿□□
＿□□□□□□□□□
□□□□□＿□□□□
□□□□□□□□□＿
□□□□□□□□□＿
□□□＿＿＿□□□□
00:17:12(30971f):field(30970f)
＿＿＿＿＿＿＿＿＿＿
＿＿＿＿＿＿＿＿＿＿
＿＿＿＿＿＿＿＿＿＿
＿＿＿＿＿＿＿＿＿＿
＿＿＿＿＿＿＿＿＿＿
＿＿＿■■＿＿＿＿＿
＿＿＿■□＿＿＿＿＿
＿＿＿■□＿＿＿＿＿
＿＿＿□□□＿＿＿＿
＿＿＿□□□＿＿＿＿
＿＿＿□□□＿＿＿＿
＿＿□□□□＿＿＿＿
＿□□□□□□＿＿＿
□□□□□□□□＿□
□□□□□□□＿□□
＿□□□□□□□□□
□□□□□＿□□□□
□□□□□□□□□＿
□□□□□□□□□＿
□□□＿＿＿□□□□
00:17:12(30987f):field(30986f)
＿＿＿＿＿＿＿＿＿＿
＿＿＿＿＿＿＿＿＿＿
＿＿＿＿＿＿＿＿＿＿
＿＿＿＿＿＿＿＿＿＿
＿＿＿＿＿＿＿＿＿＿
＿＿＿◆◆＿＿＿＿＿
＿＿＿□□＿＿＿＿＿
＿＿＿□□＿＿＿＿＿
＿＿＿□□◆＿＿＿＿
＿＿＿□□□＿＿＿＿
＿＿＿□□□＿＿＿＿
＿＿◆□□□＿＿＿＿
＿◆□□□□◆■＿＿
◆□□□□□□□■◆
□□□□□□□＿□□
■□□□□□□□□□
□□□□□＿□□□□
□□□□□□□□□＿
□□□□□□□□□＿
□□□＿＿＿□□□□
00:17:13(31001f):field(31000f)
＿＿＿＿＿＿＿＿＿＿
＿＿＿＿＿＿＿＿＿＿
＿＿＿＿＿＿＿＿＿＿
＿＿＿＿＿＿＿＿＿＿
＿＿＿＿＿＿＿＿＿＿
＿＿＿＿＿＿＿＿＿＿
＿＿＿□□＿＿＿＿＿
＿＿＿□□＿＿＿＿＿
＿＿＿□□＿＿＿＿＿
＿＿＿□□□＿＿＿＿
＿＿＿□□□＿＿＿＿
＿＿＿□□□＿＿＿■
＿＿□□□□＿□■■
＿□□□□□□□□■
□□□□□□□＿□□
◆□□□□□□□□□
□□□□□＿□□□□
□□□□□□□□□＿
□□□□□□□□□＿
□□□＿＿＿□□□□
00:17:13(31014f):field(31013f)
＿＿＿＿＿＿＿＿＿＿
＿＿＿＿＿＿＿＿＿＿
＿＿＿＿＿＿＿＿＿＿
＿＿＿＿＿＿＿＿＿＿
＿＿＿＿＿＿＿＿＿＿
＿＿＿＿＿＿＿＿＿＿
＿＿＿◆◆＿＿＿＿＿
＿＿＿□□＿＿＿＿＿
＿＿＿□□＿＿＿＿＿
＿＿＿□□◆＿＿＿＿
＿＿＿□□□＿＿＿＿
＿＿＿□□□＿＿＿◆
＿■◆□□□■□◆□
■□□□□□◆□□□
□□□□□□□＿□□
＿□□□□□□□□□
□□□□□＿□□□□
□□□□□□□□□＿
□□□□□□□□□＿
□□□＿＿＿□□□□
00:17:14(31028f):field(31027f)
＿＿＿＿＿＿＿＿＿＿
＿＿＿＿＿＿＿＿＿＿
＿＿＿＿＿＿＿＿＿＿
＿＿＿＿＿＿＿＿＿＿
＿＿＿＿＿＿＿＿＿＿
＿＿＿＿＿＿＿＿＿＿
＿＿＿＿＿＿＿＿＿＿
＿＿＿□□＿＿＿＿＿
＿＿＿□□＿＿＿＿＿
■＿＿□□＿＿＿＿＿
■＿＿□□□＿＿＿＿
■＿＿□□□＿＿＿＿
■□＿□□□◆◆＿□
□□□□□□＿□□□
□□□□□□□＿□□
＿□□□□□□□□□
□□□□□＿□□□□
□□□□□□□□□＿
□□□□□□□□□＿
□□□＿＿＿□□□□
00:17:14(31040f):field(31039f)
＿＿＿＿＿＿＿＿＿＿
＿＿＿＿＿＿＿＿＿＿
＿＿＿＿＿＿＿＿＿＿
＿＿＿＿＿＿＿＿＿＿
＿＿＿＿＿＿＿＿＿＿
＿＿＿＿＿＿＿＿＿＿
＿＿＿＿＿＿＿＿＿＿
＿＿＿◆◆＿＿＿＿＿
＿＿＿□□＿＿＿＿＿
◆＿＿□□＿＿＿＿＿
□＿＿□□◆＿＿＿＿
□＿＿□□□＿＿＿＿
□◆■□□□■■＿◆
□□◆□□□■◆□□
□□□□□□□＿□□
＿□□□□□□□□□
□□□□□＿□□□□
□□□□□□□□□＿
□□□□□□□□□＿
□□□＿＿＿□□□□
00:17:15(31051f):field(31050f)
＿＿＿＿＿＿＿＿＿＿
＿＿＿＿＿＿＿＿＿＿
＿＿＿＿＿＿＿＿＿＿
＿＿＿＿＿＿＿＿＿＿
＿＿＿＿＿＿＿＿＿＿
＿＿＿＿＿＿＿＿＿＿
＿＿＿■■＿＿＿＿＿
＿＿＿■■＿＿＿＿＿
＿＿＿□□＿＿＿＿＿
＿＿＿□□＿＿＿＿＿
□＿＿□□＿＿＿＿＿
□＿＿□□□＿＿＿＿
□＿◆□□□□□＿＿
□□＿□□□□＿◆□
□□□□□□□＿□□
＿□□□□□□□□□
□□□□□＿□□□□
□□□□□□□□□＿
□□□□□□□□□＿
□□□＿＿＿□□□□
00:17:16(31091f):field(31090f)
＿＿＿＿＿＿＿＿＿＿
＿＿＿＿＿＿＿＿＿＿
＿＿＿＿＿＿＿＿＿＿
＿＿＿＿＿＿＿＿＿＿
＿＿＿＿＿＿＿＿＿＿
＿＿＿＿＿＿＿＿＿＿
＿＿＿□□＿＿＿＿＿
＿＿＿□□＿＿＿＿＿
＿＿＿□□＿＿＿＿＿
＿＿＿□□＿＿＿＿＿
□＿＿□□＿＿＿■■
□■＿□□□＿＿＿■
□■■□□□□□＿■
□□■□□□□＿＿□
□□□□□□□＿□□
＿□□□□□□□□□
□□□□□＿□□□□
□□□□□□□□□＿
□□□□□□□□□＿
□□□＿＿＿□□□□
00:17:16(31106f):field(31105f)
＿＿＿＿＿＿＿＿＿＿
＿＿＿＿＿＿＿＿＿＿
＿＿＿＿＿＿＿＿＿＿
＿＿＿＿＿＿＿＿＿＿
＿＿＿＿＿＿＿＿＿＿
＿＿＿＿＿＿＿＿＿＿
＿＿＿□□＿＿＿＿＿
＿＿＿□□＿＿＿＿＿
＿＿＿□□＿＿＿＿＿
＿■＿□□＿＿＿＿＿
□■■□□＿＿＿□□
□□■□□□＿＿＿□
□□□□□□□□＿□
□□□□□□□＿＿□
□□□□□□□＿□□
＿□□□□□□□□□
□□□□□＿□□□□
□□□□□□□□□＿
□□□□□□□□□＿
□□□＿＿＿□□□□
00:17:17(31120f):field(31119f)
＿＿＿＿＿＿＿＿＿＿
＿＿＿＿＿＿＿＿＿＿
＿＿＿＿＿＿＿＿＿＿
＿＿＿＿＿＿＿＿＿＿
＿＿＿＿＿＿＿＿＿＿
＿＿＿＿＿＿＿＿＿＿
■＿＿□□＿＿＿＿＿
■＿＿□□＿＿＿＿＿
■＿＿□□＿＿＿＿＿
■□＿□□＿＿＿＿＿
□□□□□＿＿＿□□
□□□□□□＿＿＿□
□□□□□□□□＿□
□□□□□□□＿＿□
□□□□□□□＿□□
＿□□□□□□□□□
□□□□□＿□□□□
□□□□□□□□□＿
□□□□□□□□□＿
□□□＿＿＿□□□□
00:17:17(31131f):field(31130f)
＿＿＿＿＿＿＿＿＿＿
＿＿＿＿＿＿＿＿＿＿
＿＿＿＿＿＿＿＿＿＿
＿＿＿＿＿＿＿＿＿＿
＿＿＿＿＿＿＿＿＿＿
＿＿＿＿＿＿＿＿＿＿
□＿＿□□＿＿＿＿＿
□＿■□□＿＿＿＿＿
□■■□□＿＿＿＿＿
□□■□□＿＿＿＿＿
□□□□□＿＿＿□□
□□□□□□＿＿＿□
□□□□□□□□＿□
□□□□□□□＿＿□
□□□□□□□＿□□
＿□□□□□□□□□
□□□□□＿□□□□
□□□□□□□□□＿
□□□□□□□□□＿
□□□＿＿＿□□□□
00:17:18(31146f):field(31145f)
＿＿＿＿＿＿＿＿＿＿
＿＿＿＿＿＿＿＿＿＿
＿＿＿＿＿＿＿＿＿＿
＿＿＿＿＿＿＿＿＿＿
＿＿＿＿＿＿＿＿＿＿
＿＿＿＿＿＿＿＿＿＿
◆＿＿◆◆＿＿＿＿＿
□＿◆□□＿＿＿＿＿
□◆□□□＿＿＿＿＿
□□□□□＿＿＿＿＿
□□□□□＿＿＿◆◆
□□□□□◆■＿■□
□□□□□□□□＿□
□□□□□□□＿＿□
□□□□□□□＿□□
＿□□□□□□□□□
□□□□□＿□□□□
□□□□□□□□□＿
□□□□□□□□□＿
□□□＿＿＿□□□□
00:17:18(31163f):field(31162f)
＿＿＿＿＿＿＿＿＿＿
＿＿＿＿＿＿＿＿＿＿
＿＿＿＿＿＿＿＿＿＿
＿＿＿＿＿＿＿＿＿＿
＿＿＿＿＿＿＿＿＿＿
＿＿＿＿＿＿＿＿＿＿
＿＿＿＿＿＿＿＿＿＿
□＿＿□□＿＿＿＿＿
□＿□□□＿＿＿＿＿
□□□□□＿＿＿＿＿
□□□□□＿＿■■■
□□□□□＿□■□□
□□□□□□□□＿□
□□□□□□□＿＿□
□□□□□□□＿□□
＿□□□□□□□□□
□□□□□＿□□□□
□□□□□□□□□＿
□□□□□□□□□＿
□□□＿＿＿□□□□
00:17:19(31174f):field(31173f)
＿＿＿＿＿＿＿＿＿＿
＿＿＿＿＿＿＿＿＿＿
＿＿＿＿＿＿＿＿＿＿
＿＿＿＿＿＿＿＿＿＿
＿＿＿＿＿＿＿＿＿＿
＿＿＿＿＿＿＿＿＿＿
＿＿＿＿＿＿＿＿＿＿
◆＿＿◆◆＿＿＿＿＿
□＿◆□□＿＿＿＿＿
□◆□□□■＿＿＿＿
□□□□□＿■□◆◆
□□□□□＿□□□□
□□□□□□□□＿□
□□□□□□□＿＿□
□□□□□□□＿□□
＿□□□□□□□□□
□□□□□＿□□□□
□□□□□□□□□＿
□□□□□□□□□＿
□□□＿＿＿□□□□
00:17:19(31186f):field(31185f)
＿＿＿＿＿＿＿＿＿＿
＿＿＿＿＿＿＿＿＿＿
＿＿＿＿＿＿＿＿＿＿
＿＿＿＿＿＿＿＿＿＿
＿＿＿＿＿＿＿＿＿＿
＿＿＿＿＿＿＿＿＿＿
＿＿＿■■＿＿＿＿＿
＿＿＿■■＿＿＿＿＿
□＿＿□□＿＿＿＿＿
□＿□□□◆＿＿＿＿
□□□□□＿□□＿＿
□□□□□＿□□□□
□□□□□□□□＿□
□□□□□□□＿＿□
□□□□□□□＿□□
＿□□□□□□□□□
□□□□□＿□□□□
□□□□□□□□□＿
□□□□□□□□□＿
□□□＿＿＿□□□□
00:17:19(31198f):field(31197f)
＿＿＿＿＿＿＿＿＿＿
＿＿＿＿＿＿＿＿＿＿
＿＿＿＿＿＿＿＿＿＿
＿＿＿＿＿＿＿＿＿＿
＿＿＿＿＿＿＿＿＿＿
＿＿＿＿＿＿＿＿＿＿
＿＿＿□□＿＿＿＿＿
＿■＿□□＿＿＿＿＿
□■■□□＿＿＿＿＿
□■□□□＿＿＿＿＿
□□□□□＿□□＿＿
□□□□□＿□□□□
□□□□□□□□＿□
□□□□□□□＿＿□
□□□□□□□＿□□
＿□□□□□□□□□
□□□□□＿□□□□
□□□□□□□□□＿
□□□□□□□□□＿
□□□＿＿＿□□□□
00:17:20(31211f):field(31210f)
＿＿＿＿＿＿＿＿＿＿
＿＿＿＿＿＿＿＿＿＿
＿＿＿＿＿＿＿＿＿＿
＿＿＿＿＿＿＿＿＿＿
＿＿＿＿＿＿＿＿＿＿
＿＿＿＿＿＿＿＿＿＿
＿＿＿◆◆＿＿＿＿＿
＿◆＿□□＿＿＿＿＿
◆□◆□□＿＿＿＿＿
□□□□□＿＿＿＿＿
□□□□□■□◆＿＿
□□□□□■□□◆□
□□□□□□□□＿□
□□□□□□□■＿□
□□□□□□□＿□□
＿□□□□□□□□□
□□□□□＿□□□□
□□□□□□□□□＿
□□□□□□□□□＿
□□□＿＿＿□□□□
00:17:20(31224f):field(31223f)
＿＿＿＿＿＿＿＿＿＿
＿＿＿＿＿＿＿＿＿＿
＿＿＿＿＿＿＿＿＿＿
＿＿＿＿＿＿＿＿＿＿
＿＿＿＿＿＿＿＿＿＿
＿＿＿＿＿＿＿＿＿＿
＿＿＿＿＿■＿＿＿＿
＿＿＿□□■＿＿＿＿
＿□＿□□■＿＿＿＿
□□□□□■＿＿＿＿
□□□□□□□＿＿＿
□□□□□□□□＿◆
□□□□□□□□＿□
□□□□□□□◆＿□
□□□□□□□＿□□
＿□□□□□□□□□
□□□□□＿□□□□
□□□□□□□□□＿
□□□□□□□□□＿
□□□＿＿＿□□□□
00:17:21(31242f):field(31241f)
＿＿＿＿＿＿＿＿＿＿
＿＿＿＿＿＿＿＿＿＿
＿＿＿＿＿＿＿＿＿＿
＿＿＿＿＿＿＿＿＿＿
＿＿＿＿＿■＿＿＿＿
＿＿＿＿■■＿＿＿＿
＿＿＿＿■□＿＿＿＿
＿＿＿□□□＿＿＿＿
＿□＿□□□＿＿＿＿
□□□□□□＿＿＿＿
□□□□□□□＿＿＿
□□□□□□□□＿＿
□□□□□□□□＿□
□□□□□□□＿＿□
□□□□□□□＿□□
＿□□□□□□□□□
□□□□□＿□□□□
□□□□□□□□□＿
□□□□□□□□□＿
□□□＿＿＿□□□□
00:17:21(31257f):field(31256f)
＿＿＿＿＿＿＿＿＿＿
＿＿＿＿＿＿＿＿＿＿
＿＿＿＿■■＿＿＿＿
＿＿＿＿■■＿＿＿＿
＿＿＿＿＿□＿＿＿＿
＿＿＿＿□□＿＿＿＿
＿＿＿＿□□＿＿＿＿
＿＿＿□□□＿＿＿＿
＿□＿□□□＿＿＿＿
□□□□□□＿＿＿＿
□□□□□□□＿＿＿
□□□□□□□□＿＿
□□□□□□□□＿□
□□□□□□□＿＿□
□□□□□□□＿□□
＿□□□□□□□□□
□□□□□＿□□□□
□□□□□□□□□＿
□□□□□□□□□＿
□□□＿＿＿□□□□
00:17:22(31273f):field(31272f)
＿＿＿＿＿＿＿＿＿＿
＿＿＿＿＿＿＿＿＿＿
＿＿＿＿□□＿＿＿＿
＿＿＿＿□□＿＿＿＿
＿＿＿＿＿□＿＿＿＿
＿＿＿＿□□＿＿＿＿
■＿＿＿□□＿＿＿＿
■■＿□□□＿＿＿＿
■□＿□□□＿＿＿＿
□□□□□□＿＿＿＿
□□□□□□□＿＿＿
□□□□□□□□＿＿
□□□□□□□□＿□
□□□□□□□＿＿□
□□□□□□□＿□□
＿□□□□□□□□□
□□□□□＿□□□□
□□□□□□□□□＿
□□□□□□□□□＿
□□□＿＿＿□□□□
00:17:22(31286f):field(31285f)
＿＿＿＿＿＿＿＿＿＿
＿＿＿＿＿＿＿＿＿＿
＿＿＿＿□□＿＿＿＿
＿＿＿＿□□＿＿＿＿
＿＿＿＿＿□＿＿＿＿
＿＿＿＿□□＿＿＿＿
□＿■■□□＿＿＿＿
□□■□□□＿＿＿＿
□□■□□□＿＿＿＿
□□□□□□＿＿＿＿
□□□□□□□＿＿＿
□□□□□□□□＿＿
□□□□□□□□＿□
□□□□□□□＿＿□
□□□□□□□＿□□
＿□□□□□□□□□
□□□□□＿□□□□
□□□□□□□□□＿
□□□□□□□□□＿
□□□＿＿＿□□□□
00:17:23(31301f):field(31300f)
＿＿＿＿＿＿＿＿＿＿
＿＿＿＿＿＿＿＿＿＿
＿＿＿＿□□＿＿＿＿
＿＿＿＿□□＿＿＿＿
■＿＿＿＿□＿＿＿＿
■■＿＿□□＿＿＿＿
□■□□□□＿＿＿＿
□□□□□□＿＿＿＿
□□□□□□＿＿＿＿
□□□□□□＿＿＿＿
□□□□□□□＿＿＿
□□□□□□□□＿＿
□□□□□□□□＿□
□□□□□□□＿＿□
□□□□□□□＿□□
＿□□□□□□□□□
□□□□□＿□□□□
□□□□□□□□□＿
□□□□□□□□□＿
□□□＿＿＿□□□□
00:17:23(31318f):field(31317f)
＿＿＿＿＿＿＿＿＿＿
＿＿＿＿＿＿＿＿＿＿
＿＿＿＿◆◆＿＿＿＿
＿＿＿＿□□＿＿＿＿
◆＿＿＿■□＿＿＿＿
□◆＿＿◆□＿＿＿＿
□□◆◆□□＿＿＿＿
□□□□□□＿＿＿＿
□□□□□□＿＿＿＿
□□□□□□＿＿＿＿
□□□□□□◆＿＿＿
□□□□□□□◆■＿
□□□□□□□□■◆
□□□□□□□■■□
□□□□□□□＿□□
＿□□□□□□□□□
□□□□□＿□□□□
□□□□□□□□□＿
□□□□□□□□□＿
□□□＿＿＿□□□□
00:17:24(31348f):field(31347f)
＿＿＿＿＿＿＿＿＿＿
＿＿＿＿＿＿＿＿＿＿
＿＿＿＿＿＿＿＿＿＿
＿＿＿＿□□＿＿＿＿
＿＿＿＿□□＿＿＿＿
□＿＿＿＿□＿＿＿＿
□□＿＿□□＿＿＿＿
□□□□□□＿＿＿＿
□□□□□□＿＿＿＿
□□□□□□＿＿■＿
□□□□□□＿■■＿
□□□□□□□■□＿
□□□□□□□□□＿
□□□□□□□◆□□
□□□□□□□＿□□
＿□□□□□□□□□
□□□□□＿□□□□
□□□□□□□□□＿
□□□□□□□□□＿
□□□＿＿＿□□□□
00:17:25(31364f):field(31363f)
＿＿＿＿＿＿＿＿＿＿
＿＿＿＿＿＿＿＿＿＿
＿＿＿＿＿＿＿＿＿＿
＿＿＿＿□□＿＿＿＿
＿＿＿＿□□＿＿＿＿
□＿＿＿＿□＿＿＿＿
□□＿＿□□＿＿＿＿
□□□□□□＿＿＿＿
□□□□□□＿＿■■
□□□□□□＿＿□■
□□□□□□＿□□■
□□□□□□□□□＿
□□□□□□□□□＿
□□□□□□□＿□□
□□□□□□□＿□□
＿□□□□□□□□□
□□□□□＿□□□□
□□□□□□□□□＿
□□□□□□□□□＿
□□□＿＿＿□□□□
00:17:26(31386f):field(31385f)
＿＿＿＿＿＿＿＿＿＿
＿＿＿＿＿＿＿＿＿＿
＿＿＿＿＿＿＿＿＿＿
＿＿＿＿◆◆＿＿＿＿
＿＿＿＿◆◆＿＿＿＿
◆＿＿＿■□＿＿＿＿
◆◆＿＿□□＿＿＿＿
□◆◆◆◆□■＿■＿
□□□◆□□＿■◆□
□□□□□□＿＿□◆
□□□□□□■□□□
□□□□□□□□□＿
□□□□□□□□□■
□□□□□□□＿□□
□□□□□□□＿□□
＿□□□□□□□□□
□□□□□＿□□□□
□□□□□□□□□＿
□□□□□□□□□＿
□□□＿＿＿□□□□
00:17:26(31399f):field(31398f)
＿＿＿＿＿＿＿＿＿＿
＿＿＿＿＿＿＿＿＿＿
＿＿＿＿＿＿＿＿＿＿
＿＿＿＿＿＿＿＿＿＿
＿＿＿＿＿＿＿＿＿＿
＿＿＿＿□□＿＿＿＿
＿＿＿＿□□＿＿＿＿
□＿＿■■□◆＿◆＿
□□□■□□＿◆＿◆
□□□□□□＿＿◆＿
□□□□□□□◆□□
□□□□□□□□□＿
□□□□□□□□□◆
□□□□□□□＿□□
□□□□□□□＿□□
＿□□□□□□□□□
□□□□□＿□□□□
□□□□□□□□□＿
□□□□□□□□□＿
□□□＿＿＿□□□□
00:17:27(31411f):field(31410f)
＿＿＿＿＿＿＿＿＿＿
＿＿＿＿＿＿＿＿＿＿
＿＿＿＿＿＿＿＿＿＿
＿＿＿＿＿＿＿＿＿＿
＿＿＿＿＿＿＿＿＿＿
＿＿＿＿□□＿＿＿＿
＿＿＿＿□□■＿＿＿
□＿＿□□□■＿＿＿
□□□□□□■＿＿＿
□□□□□□■＿＿＿
□□□□□□□＿□□
□□□□□□□□□＿
□□□□□□□□□＿
□□□□□□□＿□□
□□□□□□□＿□□
＿□□□□□□□□□
□□□□□＿□□□□
□□□□□□□□□＿
□□□□□□□□□＿
□□□＿＿＿□□□□
00:17:27(31425f):field(31424f)
＿＿＿＿＿＿＿＿＿＿
＿＿＿＿＿＿＿＿＿＿
＿＿＿＿＿＿＿＿＿＿
＿＿＿＿＿＿＿＿＿＿
＿＿＿＿＿＿＿＿＿＿
＿＿＿＿□□＿＿＿＿
＿■■＿□□□＿＿＿
□■■□□□□＿＿＿
□□□□□□□＿＿＿
□□□□□□□＿＿＿
□□□□□□□＿□□
□□□□□□□□□＿
□□□□□□□□□＿
□□□□□□□＿□□
□□□□□□□＿□□
＿□□□□□□□□□
□□□□□＿□□□□
□□□□□□□□□＿
□□□□□□□□□＿
□□□＿＿＿□□□□
00:17:27(31439f):field(31438f)
＿＿＿＿＿＿＿＿＿＿
＿＿＿＿＿＿＿＿＿＿
＿＿＿＿＿＿＿＿＿＿
＿＿＿＿＿＿＿＿＿＿
＿＿＿＿＿＿＿＿＿＿
＿＿＿＿◆◆＿＿＿＿
＿◆◆＿□□◆＿＿＿
◆□□◆□□□＿＿＿
□□□□□□□＿＿＿
□□□□□□□■■＿
□□□□□□□■□◆
□□□□□□□□□＿
□□□□□□□□□＿
□□□□□□□＿□□
□□□□□□□＿□□
＿□□□□□□□□□
□□□□□＿□□□□
□□□□□□□□□＿
□□□□□□□□□＿
□□□＿＿＿□□□□
00:17:28(31452f):field(31451f)
＿＿＿＿＿＿＿＿＿＿
＿＿＿＿＿＿＿＿＿＿
＿＿＿＿＿＿＿＿＿＿
＿＿＿＿＿＿＿＿＿＿
＿＿＿＿＿＿＿＿＿＿
＿＿＿＿■■■＿＿＿
＿＿＿＿□□■＿＿＿
＿□□＿□□□＿＿＿
□□□□□□□＿＿＿
□□□□□□□◆□＿
□□□□□□□□□＿
□□□□□□□□□＿
□□□□□□□□□＿
□□□□□□□＿□□
□□□□□□□＿□□
＿□□□□□□□□□
□□□□□＿□□□□
□□□□□□□□□＿
□□□□□□□□□＿
□□□＿＿＿□□□□
00:17:28(31465f):field(31464f)
＿＿＿＿＿＿＿＿＿＿
＿＿＿＿＿＿＿＿＿＿
＿＿＿＿＿＿＿＿＿＿
＿＿＿＿＿＿＿＿＿＿
＿＿＿＿＿＿＿＿＿＿
＿＿＿＿□□□＿＿＿
＿＿＿＿□□□＿＿＿
＿□□＿□□□■＿＿
□□□□□□□■■＿
□□□□□□□■□＿
□□□□□□□□□＿
□□□□□□□□□＿
□□□□□□□□□＿
□□□□□□□＿□□
□□□□□□□＿□□
＿□□□□□□□□□
□□□□□＿□□□□
□□□□□□□□□＿
□□□□□□□□□＿
□□□＿＿＿□□□□
00:17:29(31479f):field(31478f)
＿＿＿＿＿＿＿＿＿＿
＿＿＿＿＿＿＿＿＿＿
＿＿＿＿＿＿＿＿＿＿
＿＿＿＿＿＿＿＿＿＿
＿＿＿＿＿＿＿＿＿＿
＿＿＿＿◆◆◆＿＿＿
＿＿＿＿◆◆◆＿＿＿
＿◆◆■□□□◆＿＿
□◆◆◆□□□◆□＿
◆□□◆□□□□□■
□□□□□□□□□＿
□□□□□□□□□＿
□□□□□□□□□＿
□□□□□□□＿□□
□□□□□□□＿□□
＿□□□□□□□□□
□□□□□＿□□□□
□□□□□□□□□＿
□□□□□□□□□＿
□□□＿＿＿□□□□
00:17:29(31492f):field(31491f)
＿＿＿＿＿＿＿＿＿＿
＿＿＿＿＿＿＿＿＿＿
＿＿＿＿＿＿＿＿＿＿
＿＿＿＿＿＿＿＿＿＿
＿＿＿＿＿＿＿＿＿＿
＿＿＿＿＿＿＿＿＿＿
＿＿＿■＿＿＿＿＿＿
＿＿＿□□□□＿＿＿
◆＿＿■□□□＿◆＿
＿□□■□□□□□□
□□□□□□□□□＿
□□□□□□□□□＿
□□□□□□□□□＿
□□□□□□□＿□□
□□□□□□□＿□□
＿□□□□□□□□□
□□□□□＿□□□□
□□□□□□□□□＿
□□□□□□□□□＿
□□□＿＿＿□□□□
00:17:30(31505f):field(31504f)
＿＿＿＿＿＿＿＿＿＿
＿＿＿＿＿＿＿＿＿＿
＿＿＿＿＿＿＿＿＿＿
＿＿＿＿＿＿＿＿＿＿
＿＿＿＿＿＿＿＿＿＿
＿＿＿＿＿■■＿＿＿
＿＿＿□■■＿＿＿＿
＿＿＿□□□□＿＿＿
＿＿＿□□□□＿＿＿
＿□□□□□□□□□
□□□□□□□□□＿
□□□□□□□□□＿
□□□□□□□□□＿
□□□□□□□＿□□
□□□□□□□＿□□
＿□□□□□□□□□
□□□□□＿□□□□
□□□□□□□□□＿
□□□□□□□□□＿
□□□＿＿＿□□□□
00:17:30(31516f):field(31515f)
＿＿＿＿＿＿＿＿＿＿
＿＿＿＿＿＿＿＿＿＿
＿＿＿＿＿＿＿＿＿＿
＿＿＿＿＿＿＿＿＿＿
＿＿＿■■＿＿＿＿＿
＿＿＿■■□□＿＿＿
＿＿＿□□□＿＿＿＿
＿＿＿□□□□＿＿＿
＿＿＿□□□□＿＿＿
＿□□□□□□□□□
□□□□□□□□□＿
□□□□□□□□□＿
□□□□□□□□□＿
□□□□□□□＿□□
□□□□□□□＿□□
＿□□□□□□□□□
□□□□□＿□□□□
□□□□□□□□□＿
□□□□□□□□□＿
□□□＿＿＿□□□□
00:17:31(31530f):field(31529f)
＿＿＿＿＿＿＿＿＿＿
＿＿＿＿＿＿＿＿＿＿
＿＿＿＿＿＿＿＿＿＿
＿＿＿＿＿＿＿＿＿＿
＿＿＿◆◆＿＿＿＿＿
＿＿＿□□◆◆＿＿＿
＿＿＿□□□■＿＿＿
＿＿＿□□□◆＿＿＿
■＿＿□□□□＿■＿
■□◆□□□□□◆□
□□□□□□□□□＿
□□□□□□□□□＿
□□□□□□□□□＿
□□□□□□□＿□□
□□□□□□□＿□□
＿□□□□□□□□□
□□□□□＿□□□□
□□□□□□□□□＿
□□□□□□□□□＿
□□□＿＿＿□□□□
00:17:31(31549f):field(31548f)
＿＿＿＿＿＿＿＿＿＿
＿＿＿＿＿＿＿＿＿＿
＿＿＿＿＿＿＿＿＿＿
＿＿＿＿＿＿＿＿＿＿
＿＿＿＿＿＿＿＿＿＿
＿＿＿□□＿＿＿＿＿
＿＿＿□□□□＿＿＿
＿＿＿□□□■■＿＿
□＿＿□□□□■◆＿
□□＿□□□□□＿◆
□□□□□□□□□＿
□□□□□□□□□＿
□□□□□□□□□＿
□□□□□□□＿□□
□□□□□□□＿□□
＿□□□□□□□□□
□□□□□＿□□□□
□□□□□□□□□＿
□□□□□□□□□＿
□□□＿＿＿□□□□
00:17:32(31561f):field(31560f)
＿＿＿＿＿＿＿＿＿＿
＿＿＿＿＿＿＿＿＿＿
＿＿＿＿＿＿＿＿＿＿
＿＿＿＿＿＿＿＿＿＿
＿＿＿＿＿＿＿＿＿＿
＿＿＿◆◆＿＿＿＿＿
＿＿＿◆◆◆◆＿＿＿
＿＿＿◆◆◆◆◆＿＿
◆＿＿□□◆◆◆＿＿
◆□＿□□□□◆＿＿
◆◆◆□□□□□□＿
□◆□□□□□□◆＿
□□□□□□□□□■
□□□□□□□＿□□
□□□□□□□■□□
＿□□□□□□□□□
□□□□□＿□□□□
□□□□□□□□□＿
□□□□□□□□□＿
□□□＿＿＿□□□□
00:17:32(31573f):field(31572f)
＿＿＿＿＿＿＿＿＿＿
＿＿＿＿＿＿＿＿＿＿
＿＿＿＿＿＿＿＿＿＿
＿＿＿＿＿＿＿＿＿＿
＿＿＿＿＿＿＿＿＿＿
＿＿＿＿＿＿＿＿＿＿
＿＿＿＿＿＿＿＿＿＿
＿＿＿＿＿＿＿＿＿＿
＿＿＿□□＿＿＿＿＿
＿◆＿□□□□＿＿＿
＿＿＿□□□□□◆■
□＿◆□□□□□■■
□□◆□□□□□□□
□□□□□□□＿□□
□□□□□□□◆□□
＿□□□□□□□□□
□□□□□＿□□□□
□□□□□□□□□＿
□□□□□□□□□＿
□□□＿＿＿□□□□
00:17:33(31590f):field(31589f)
＿＿＿＿＿＿＿＿＿＿
＿＿＿＿＿＿＿＿＿＿
＿＿＿＿＿＿＿＿＿＿
＿＿＿＿＿＿＿＿＿＿
＿＿＿＿＿＿＿＿＿＿
＿＿＿＿＿＿＿＿＿＿
＿＿＿＿＿＿＿＿＿＿
＿＿＿＿＿＿＿＿＿＿
＿＿＿◆◆＿＿＿＿＿
＿＿＿◆◆◆◆＿＿＿
＿＿■□□◆◆◆＿◆
□＿＿□□□□□□◆
◆□■□□□□□◆□
□□□□□□□＿□□
□□□□□□□＿□□
＿□□□□□□□□□
□□□□□＿□□□□
□□□□□□□□□＿
□□□□□□□□□＿
□□□＿＿＿□□□□
00:17:33(31602f):field(31601f)
＿＿＿＿＿＿＿＿＿＿
＿＿＿＿＿＿＿＿＿＿
＿＿＿＿＿＿＿＿＿＿
＿＿＿＿＿＿＿＿＿＿
＿＿＿＿＿＿＿＿＿＿
＿＿＿＿＿＿＿＿＿＿
＿＿＿＿＿＿＿＿＿＿
＿＿＿＿＿＿＿＿＿＿
＿＿＿＿＿＿＿＿＿＿
＿＿＿＿＿＿＿＿＿＿
＿＿◆□□＿＿＿＿＿
□■■□□□□◆◆＿
＿□□□□□□□＿□
□□□□□□□＿□□
□□□□□□□＿□□
＿□□□□□□□□□
□□□□□＿□□□□
□□□□□□□□□＿
□□□□□□□□□＿
□□□＿＿＿□□□□
00:17:33(31612f):field(31611f)
＿＿＿＿＿＿＿＿＿＿
＿＿＿＿＿＿＿＿＿＿
＿＿＿＿＿＿＿＿＿＿
＿＿＿＿＿＿＿＿＿＿
＿＿＿＿＿＿＿＿＿＿
＿＿＿＿＿＿＿＿＿＿
＿＿＿＿＿＿＿＿＿＿
＿＿＿＿＿＿＿＿＿＿
＿＿＿■■＿＿＿＿＿
＿＿＿■■＿＿＿＿＿
＿＿＿□□＿＿＿＿＿
□□□□□□□＿＿＿
＿□□□□□□□＿□
□□□□□□□＿□□
□□□□□□□＿□□
＿□□□□□□□□□
□□□□□＿□□□□
□□□□□□□□□＿
□□□□□□□□□＿
□□□＿＿＿□□□□
00:17:34(31622f):field(31621f)
＿＿＿＿＿＿＿＿＿＿
＿＿＿＿＿＿＿＿＿＿
＿＿＿＿＿＿＿＿＿＿
＿＿＿＿＿＿＿＿＿＿
＿＿＿＿＿＿＿＿＿＿
＿＿＿＿＿＿＿＿＿＿
＿＿＿＿＿＿＿＿＿＿
＿＿＿＿＿■＿＿＿＿
＿＿＿□□■＿＿＿＿
＿＿＿□□■＿＿＿＿
＿＿＿□□■＿＿＿＿
□□□□□□□＿＿＿
＿□□□□□□□＿□
□□□□□□□＿□□
□□□□□□□＿□□
＿□□□□□□□□□
□□□□□＿□□□□
□□□□□□□□□＿
□□□□□□□□□＿
□□□＿＿＿□□□□
00:17:34(31636f):field(31635f)
＿＿＿＿＿＿＿＿＿＿
＿＿＿＿＿＿＿＿＿＿
＿＿＿＿＿＿＿＿＿＿
＿＿＿＿＿＿＿＿＿＿
＿＿＿＿＿＿＿＿＿＿
＿＿＿■＿＿＿＿＿＿
＿＿＿■＿＿＿＿＿＿
＿＿＿■■□＿＿＿＿
＿＿＿□□□＿＿＿＿
＿＿＿□□□＿＿＿＿
＿＿＿□□□＿＿＿＿
□□□□□□□＿＿＿
＿□□□□□□□＿□
□□□□□□□＿□□
□□□□□□□＿□□
＿□□□□□□□□□
□□□□□＿□□□□
□□□□□□□□□＿
□□□□□□□□□＿
□□□＿＿＿□□□□
00:17:34(31648f):field(31647f)
＿＿＿＿＿＿＿＿＿＿
＿＿＿＿＿＿＿＿＿＿
＿＿＿＿＿＿＿＿＿＿
＿＿＿＿＿＿＿＿＿＿
＿＿＿＿＿＿＿＿＿＿
＿＿＿□＿＿＿＿＿＿
＿＿＿□＿＿＿＿＿＿
＿＿＿□□□＿＿＿＿
＿＿＿□□□＿＿＿＿
＿＿＿□□□＿＿＿＿
＿＿＿□□□＿■＿＿
□□□□□□□■■＿
＿□□□□□□□■□
□□□□□□□＿□□
□□□□□□□＿□□
＿□□□□□□□□□
□□□□□＿□□□□
□□□□□□□□□＿
□□□□□□□□□＿
□□□＿＿＿□□□□
00:17:35(31665f):field(31664f)
＿＿＿＿＿＿＿＿＿＿
＿＿＿＿＿＿＿＿＿＿
＿＿＿＿＿＿＿＿＿＿
＿＿＿＿＿＿＿＿＿＿
＿＿＿＿＿＿＿＿＿＿
＿＿＿□＿＿＿＿＿＿
＿＿＿□＿＿＿＿＿＿
＿＿＿□□□＿＿＿＿
＿＿＿□□□■■＿＿
＿＿＿□□□■＿＿＿
＿＿＿□□□■□＿＿
□□□□□□□□□＿
＿□□□□□□□□□
□□□□□□□＿□□
□□□□□□□＿□□
＿□□□□□□□□□
□□□□□＿□□□□
□□□□□□□□□＿
□□□□□□□□□＿
□□□＿＿＿□□□□
00:17:36(31691f):field(31690f)
＿＿＿＿＿＿＿＿＿＿
＿＿＿＿＿＿＿＿＿＿
＿＿＿＿＿＿＿＿＿＿
＿＿＿＿＿＿＿＿＿＿
＿＿＿＿＿＿＿＿＿＿
＿＿＿□＿＿＿＿＿＿
＿＿＿□＿＿＿＿＿＿
■＿＿□□□＿＿＿＿
■＿＿□□□□□＿＿
■＿＿□□□□■■＿
■＿＿□□□□□■■
□□□□□□□□□＿
＿□□□□□□□□□
□□□□□□□＿□□
□□□□□□□＿□□
＿□□□□□□□□□
□□□□□＿□□□□
□□□□□□□□□＿
□□□□□□□□□＿
□□□＿＿＿□□□□
00:17:36(31703f):field(31702f)
＿＿＿＿＿＿＿＿＿＿
＿＿＿＿＿＿＿＿＿＿
＿＿＿＿＿＿＿＿＿＿
＿＿＿＿＿■＿＿＿＿
＿＿＿＿＿■＿＿＿＿
＿＿＿□＿■＿＿＿＿
＿＿＿□＿■＿＿＿＿
□＿＿□□□＿＿＿＿
□＿＿□□□□□＿＿
□＿＿□□□□□□＿
□＿＿□□□□□□□
□□□□□□□□□＿
＿□□□□□□□□□
□□□□□□□＿□□
□□□□□□□＿□□
＿□□□□□□□□□
□□□□□＿□□□□
□□□□□□□□□＿
□□□□□□□□□＿
□□□＿＿＿□□□□
00:17:37(31721f):field(31720f)
＿＿＿＿＿＿＿＿＿＿
＿＿＿＿＿＿＿＿＿＿
＿＿＿＿＿＿＿＿＿＿
＿＿＿＿＿◆＿＿＿＿
＿＿＿＿＿□＿＿＿＿
＿＿＿◆＿□＿＿＿＿
＿＿＿□＿□＿＿＿＿
◆＿＿□◆□＿＿＿＿
□＿＿□□□◆◆＿＿
□＿＿□□□□□◆＿
□■■□□□□□□◆
□□□□□□□□□＿
＿□□□□□□□□□
□□□□□□□＿□□
□□□□□□□＿□□
＿□□□□□□□□□
□□□□□＿□□□□
□□□□□□□□□＿
□□□□□□□□□＿
□□□＿＿＿□□□□
00:17:37(31734f):field(31733f)
＿＿＿＿＿＿＿＿＿＿
＿＿＿＿＿＿＿＿＿＿
＿＿＿＿＿＿＿＿＿＿
＿＿＿＿＿＿＿＿＿＿
＿＿＿＿＿□＿＿＿＿
＿＿＿＿＿□＿＿＿＿
＿＿＿□＿□＿＿＿＿
＿■＿□＿□＿＿＿＿
□■■□□□＿＿＿＿
□＿■□□□□□＿＿
□□□□□□□□□＿
□□□□□□□□□＿
＿□□□□□□□□□
□□□□□□□＿□□
□□□□□□□＿□□
＿□□□□□□□□□
□□□□□＿□□□□
□□□□□□□□□＿
□□□□□□□□□＿
□□□＿＿＿□□□□
00:17:38(31748f):field(31747f)
＿＿＿＿＿＿＿＿＿＿
＿＿＿＿＿＿＿＿＿＿
＿＿＿＿＿＿＿＿＿＿
＿＿＿＿＿＿＿＿＿＿
＿＿＿＿＿□＿＿＿＿
＿■＿＿＿□＿＿＿＿
■■＿□＿□＿＿＿＿
■□＿□＿□＿＿＿＿
□□□□□□＿＿＿＿
□＿□□□□□□＿＿
□□□□□□□□□＿
□□□□□□□□□＿
＿□□□□□□□□□
□□□□□□□＿□□
□□□□□□□＿□□
＿□□□□□□□□□
□□□□□＿□□□□
□□□□□□□□□＿
□□□□□□□□□＿
□□□＿＿＿□□□□
00:17:38(31761f):field(31760f)
＿＿＿＿＿＿＿＿＿＿
＿＿＿＿＿＿＿＿＿＿
＿＿＿＿＿＿＿＿＿＿
＿＿＿＿＿＿＿＿＿＿
＿＿＿＿■□＿＿＿＿
＿□＿■■□＿＿＿＿
□□＿□■□＿＿＿＿
□□＿□＿□＿＿＿＿
□□□□□□＿＿＿＿
□＿□□□□□□＿＿
□□□□□□□□□＿
□□□□□□□□□＿
＿□□□□□□□□□
□□□□□□□＿□□
□□□□□□□＿□□
＿□□□□□□□□□
□□□□□＿□□□□
□□□□□□□□□＿
□□□□□□□□□＿
□□□＿＿＿□□□□
00:17:39(31777f):field(31776f)
＿＿＿＿＿＿＿＿＿＿
＿＿＿＿＿＿＿＿＿＿
＿＿＿＿＿＿＿＿＿＿
＿＿＿＿＿＿＿＿＿＿
＿＿＿＿◆◆＿＿＿＿
＿◆＿◆◆◆＿＿＿＿
◆◆＿◆□□＿＿＿＿
◆□＿□■□＿＿＿＿
□□◆□□□＿＿＿＿
□■◆□◆□◆◆＿＿
□□□□□□◆◆□＿
□□□□□□□□□■
＿□□□□□□□□□
□□□□□□□＿□□
□□□□□□□＿□□
＿□□□□□□□□□
□□□□□＿□□□□
□□□□□□□□□＿
□□□□□□□□□＿
□□□＿＿＿□□□□
00:17:39(31794f):field(31793f)
＿＿＿＿＿＿＿＿＿＿
＿＿＿＿＿＿＿＿＿＿
＿＿＿＿＿＿＿＿＿＿
＿＿＿＿＿＿＿＿＿＿
＿＿＿＿＿＿＿＿＿＿
＿＿＿＿＿＿＿＿＿＿
＿＿＿＿□□＿＿＿＿
＿□＿□□□＿＿＿＿
□□＿□□□＿＿＿＿
□□＿□＿□＿＿■■
□□□□□□＿＿□■
□◆□□□□□□□□
＿□□□□□□□□□
□□□□□□□＿□□
□□□□□□□＿□□
＿□□□□□□□□□
□□□□□＿□□□□
□□□□□□□□□＿
□□□□□□□□□＿
□□□＿＿＿□□□□
00:17:40(31817f):field(31816f)
＿＿＿＿＿＿＿＿＿＿
＿＿＿＿＿＿＿＿＿＿
＿＿＿＿＿＿＿＿＿＿
＿＿＿＿＿＿＿＿＿＿
＿＿＿＿＿＿＿＿＿＿
＿＿＿＿＿＿＿＿＿＿
＿＿＿＿◆◆＿＿＿＿
＿◆＿◆□□＿＿＿＿
◆□＿□□□＿＿＿＿
□□＿□■□＿■◆◆
□□□□◆□＿■□□
□■□□□□□□□□
＿□□□□□□□□□
□□□□□□□＿□□
□□□□□□□＿□□
＿□□□□□□□□□
□□□□□＿□□□□
□□□□□□□□□＿
□□□□□□□□□＿
□□□＿＿＿□□□□
00:17:40(31826f):field(31825f)
＿＿＿＿＿＿＿＿＿＿
＿＿＿＿＿＿＿＿＿＿
＿＿＿＿＿＿＿＿＿＿
＿＿＿＿＿＿＿＿＿＿
＿＿＿＿＿＿＿＿＿＿
＿＿＿＿＿＿＿＿＿＿
＿＿＿＿＿＿＿＿＿＿
＿＿■＿□□＿＿＿＿
＿□■□□□＿＿＿＿
□□■□□□＿□＿＿
□□□□＿□＿□□□
□◆□□□□□□□□
＿□□□□□□□□□
□□□□□□□＿□□
□□□□□□□＿□□
＿□□□□□□□□□
□□□□□＿□□□□
□□□□□□□□□＿
□□□□□□□□□＿
□□□＿＿＿□□□□
00:17:41(31841f):field(31840f)
＿＿＿＿＿＿＿＿＿＿
＿＿＿＿＿＿＿＿＿＿
＿＿＿＿＿＿＿＿＿＿
＿＿＿＿＿＿＿＿＿＿
＿＿＿＿＿＿＿＿＿＿
＿＿■＿＿＿＿＿＿＿
＿＿■■＿＿＿＿＿＿
＿＿□■□□＿＿＿＿
＿□□□□□＿＿＿＿
□□□□□□＿□＿＿
□□□□＿□＿□□□
□＿□□□□□□□□
＿□□□□□□□□□
□□□□□□□＿□□
□□□□□□□＿□□
＿□□□□□□□□□
□□□□□＿□□□□
□□□□□□□□□＿
□□□□□□□□□＿
□□□＿＿＿□□□□
00:17:41(31851f):field(31850f)
＿＿＿＿＿＿＿＿＿＿
＿＿＿＿＿＿＿＿＿＿
＿＿＿＿＿＿＿＿＿＿
＿＿＿＿＿＿＿＿＿＿
＿＿＿＿■＿＿＿＿＿
＿＿□＿■＿＿＿＿＿
＿＿□□■■＿＿＿＿
＿＿□□□□＿＿＿＿
＿□□□□□＿＿＿＿
□□□□□□＿□＿＿
□□□□＿□＿□□□
□＿□□□□□□□□
＿□□□□□□□□□
□□□□□□□＿□□
□□□□□□□＿□□
＿□□□□□□□□□
□□□□□＿□□□□
□□□□□□□□□＿
□□□□□□□□□＿
□□□＿＿＿□□□□
00:17:42(31864f):field(31863f)
＿＿＿＿＿＿＿＿＿＿
＿＿＿＿＿＿＿＿＿＿
＿＿＿＿＿＿＿＿＿＿
＿＿＿＿＿＿＿＿＿＿
＿＿＿＿□＿＿＿＿＿
＿＿□＿□＿＿＿＿＿
■＿□□□□＿＿＿＿
■■□□□□＿＿＿＿
■□□□□□＿＿＿＿
□□□□□□＿□＿＿
□□□□＿□＿□□□
□＿□□□□□□□□
＿□□□□□□□□□
□□□□□□□＿□□
□□□□□□□＿□□
＿□□□□□□□□□
□□□□□＿□□□□
□□□□□□□□□＿
□□□□□□□□□＿
□□□＿＿＿□□□□
00:17:42(31876f):field(31875f)
＿＿＿＿＿＿＿＿＿＿
＿＿＿＿＿＿＿＿＿＿
＿＿＿＿＿＿＿＿＿＿
＿＿＿＿＿＿＿＿＿＿
＿＿＿＿□＿＿＿＿＿
＿＿□＿□＿＿＿＿＿
□＿□□□□＿＿＿＿
□□□□□□＿＿＿＿
□□□□□□＿■■＿
□□□□□□＿□■■
□□□□＿□＿□□□
□＿□□□□□□□□
＿□□□□□□□□□
□□□□□□□＿□□
□□□□□□□＿□□
＿□□□□□□□□□
□□□□□＿□□□□
□□□□□□□□□＿
□□□□□□□□□＿
□□□＿＿＿□□□□
00:17:43(31891f):field(31890f)
＿＿＿＿＿＿＿＿＿＿
＿＿＿＿＿＿＿＿＿＿
＿＿＿＿＿＿＿＿＿＿
＿＿＿＿＿＿＿＿＿＿
＿＿＿＿□＿＿＿＿＿
＿＿□＿□＿＿＿＿＿
□＿□□□□＿＿■■
□□□□□□＿＿■■
□□□□□□＿□□＿
□□□□□□＿□□□
□□□□＿□＿□□□
□＿□□□□□□□□
＿□□□□□□□□□
□□□□□□□＿□□
□□□□□□□＿□□
＿□□□□□□□□□
□□□□□＿□□□□
□□□□□□□□□＿
□□□□□□□□□＿
□□□＿＿＿□□□□
00:17:43(31907f):field(31906f)
＿＿＿＿＿＿＿＿＿＿
＿＿＿＿＿＿＿＿＿＿
＿＿＿＿＿＿＿＿＿＿
＿＿＿＿＿＿＿＿＿＿
＿＿＿＿◆＿＿＿＿＿
＿＿◆＿□＿＿＿＿＿
◆＿□◆□◆＿＿◆◆
□◆□□□□＿＿□□
□□□□□□■◆□■
□□□□□□■□□◆
□□□□＿□■□□□
□＿□□□□□□□□
＿□□□□□□□□□
□□□□□□□＿□□
□□□□□□□＿□□
＿□□□□□□□□□
□□□□□＿□□□□
□□□□□□□□□＿
□□□□□□□□□＿
□□□＿＿＿□□□□
00:17:43(31918f):field(31917f)
＿＿＿＿＿＿＿＿＿＿
＿＿＿＿＿＿＿＿＿＿
＿＿＿＿＿＿＿＿＿＿
＿＿＿＿＿＿＿＿＿＿
＿＿＿＿■■＿＿＿＿
＿＿＿＿□■＿＿＿＿
＿＿□＿□■＿＿＿＿
□＿□□□□＿＿□□
□□□□□□□＿□□
□□□□□□□□□＿
□□□□＿□□□□□
□＿□□□□□□□□
＿□□□□□□□□□
□□□□□□□＿□□
□□□□□□□＿□□
＿□□□□□□□□□
□□□□□＿□□□□
□□□□□□□□□＿
□□□□□□□□□＿
□□□＿＿＿□□□□
00:17:44(31933f):field(31932f)
＿＿＿＿＿＿＿＿＿＿
＿＿＿＿＿＿＿＿＿＿
＿＿＿＿＿＿＿＿＿＿
＿＿＿＿＿＿＿＿＿＿
＿＿＿＿□□＿＿＿＿
＿■＿＿□□＿＿＿＿
■■□＿□□＿＿＿＿
□■□□□□＿＿□□
□□□□□□□＿□□
□□□□□□□□□＿
□□□□＿□□□□□
□＿□□□□□□□□
＿□□□□□□□□□
□□□□□□□＿□□
□□□□□□□＿□□
＿□□□□□□□□□
□□□□□＿□□□□
□□□□□□□□□＿
□□□□□□□□□＿
□□□＿＿＿□□□□
00:17:45(31959f):field(31958f)
＿＿＿＿＿＿＿＿＿＿
＿＿＿＿＿＿＿＿＿＿
＿＿＿＿＿＿＿＿＿＿
＿＿＿＿＿＿＿＿＿＿
＿＿＿＿□□＿＿＿＿
＿□＿＿□□＿＿■＿
□□□＿□□＿■■＿
□□□□□□＿■□□
□□□□□□□＿□□
□□□□□□□□□＿
□□□□＿□□□□□
□＿□□□□□□□□
＿□□□□□□□□□
□□□□□□□＿□□
□□□□□□□＿□□
＿□□□□□□□□□
□□□□□＿□□□□
□□□□□□□□□＿
□□□□□□□□□＿
□□□＿＿＿□□□□
00:17:45(31972f):field(31971f)
＿＿＿＿＿＿＿＿＿＿
＿＿＿＿＿＿＿＿＿＿
＿＿＿＿■■＿＿＿＿
＿＿＿＿■■＿＿＿＿
＿＿＿＿□□＿＿＿＿
＿□＿＿□□＿＿□＿
□□□＿□□＿□□＿
□□□□□□＿□□□
□□□□□□□＿□□
□□□□□□□□□＿
□□□□＿□□□□□
□＿□□□□□□□□
＿□□□□□□□□□
□□□□□□□＿□□
□□□□□□□＿□□
＿□□□□□□□□□
□□□□□＿□□□□
□□□□□□□□□＿
□□□□□□□□□＿
□□□＿＿＿□□□□
00:17:46(31986f):field(31985f)
＿＿＿＿＿＿＿＿＿＿
＿＿＿＿＿＿＿＿＿＿
＿＿＿＿□□＿＿＿＿
＿＿＿＿□□＿＿＿＿
＿＿■＿□□＿＿＿＿
＿□■■□□＿＿□＿
□□□■□□＿□□＿
□□□□□□＿□□□
□□□□□□□＿□□
□□□□□□□□□＿
□□□□＿□□□□□
□＿□□□□□□□□
＿□□□□□□□□□
□□□□□□□＿□□
□□□□□□□＿□□
＿□□□□□□□□□
□□□□□＿□□□□
□□□□□□□□□＿
□□□□□□□□□＿
□□□＿＿＿□□□□
00:17:46(32003f):field(32002f)
＿＿＿＿＿＿＿＿＿＿
＿＿＿＿＿＿＿＿＿＿
＿＿＿＿◆◆＿＿＿＿
＿＿＿＿□□＿＿＿＿
＿＿◆＿□□＿＿＿＿
＿◆□◆□□＿＿◆＿
□□□□□□■□□＿
□□□□□□■□□□
□□□□□□□＿□□
□□□□□□□□□＿
□□□□＿□□□□□
□＿□□□□□□□□
＿□□□□□□□□□
□□□□□□□＿□□
□□□□□□□＿□□
＿□□□□□□□□□
□□□□□＿□□□□
□□□□□□□□□＿
□□□□□□□□□＿
□□□＿＿＿□□□□
00:17:47(32015f):field(32014f)
＿＿＿＿＿＿＿＿＿＿
＿＿＿＿＿＿＿＿＿＿
＿＿＿＿＿＿＿＿＿＿
＿＿＿＿□□＿＿＿＿
■＿＿＿□□＿＿＿＿
■■□＿□□＿＿＿＿
□□□□□□□□□＿
□□□□□□□□□◆
□□□□□□□＿□□
□□□□□□□□□＿
□□□□＿□□□□□
□＿□□□□□□□□
＿□□□□□□□□□
□□□□□□□＿□□
□□□□□□□＿□□
＿□□□□□□□□□
□□□□□＿□□□□
□□□□□□□□□＿
□□□□□□□□□＿
□□□＿＿＿□□□□
00:17:47(32029f):field(32028f)
＿＿＿＿＿＿＿＿＿＿
＿＿＿＿＿＿＿＿＿＿
＿＿＿＿＿＿＿＿＿＿
■■＿＿□□＿＿＿＿
□■■＿□□＿＿＿＿
□□□＿□□＿＿＿＿
□□□□□□□□□＿
□□□□□□□□□＿
□□□□□□□＿□□
□□□□□□□□□＿
□□□□＿□□□□□
□＿□□□□□□□□
＿□□□□□□□□□
□□□□□□□＿□□
□□□□□□□＿□□
＿□□□□□□□□□
□□□□□＿□□□□
□□□□□□□□□＿
□□□□□□□□□＿
□□□＿＿＿□□□□
00:17:48(32042f):field(32041f)
＿＿＿＿＿＿＿＿＿＿
＿＿＿＿＿＿＿＿＿＿
＿＿＿＿＿＿＿＿＿＿
□□＿＿□□＿＿＿＿
□□□＿□□■■＿＿
□□□＿□□■■＿＿
□□□□□□□□□＿
□□□□□□□□□＿
□□□□□□□＿□□
□□□□□□□□□＿
□□□□＿□□□□□
□＿□□□□□□□□
＿□□□□□□□□□
□□□□□□□＿□□
□□□□□□□＿□□
＿□□□□□□□□□
□□□□□＿□□□□
□□□□□□□□□＿
□□□□□□□□□＿
□□□＿＿＿□□□□
00:17:48(32059f):field(32058f)
＿＿＿＿＿＿＿＿＿＿
＿＿＿＿＿＿＿＿＿＿
＿＿＿＿＿＿＿＿＿＿
◆◆＿＿◆◆＿＿＿＿
□□◆＿□□◆◆＿＿
□□□■□□□□■＿
□□□◆□□□□□■
□□□□□□□□□＿
□□□□□□□■□□
□□□□□□□□□＿
□□□□＿□□□□□
□＿□□□□□□□□
＿□□□□□□□□□
□□□□□□□＿□□
□□□□□□□＿□□
＿□□□□□□□□□
□□□□□＿□□□□
□□□□□□□□□＿
□□□□□□□□□＿
□□□＿＿＿□□□□
00:17:49(32072f):field(32071f)
＿＿＿＿＿＿＿＿＿＿
＿＿＿＿＿＿＿＿＿＿
＿＿＿＿＿＿＿＿＿＿
＿＿＿＿■■■＿＿＿
□□＿＿□□■＿＿＿
□□□◆□□□□□＿
□□□＿□□□□□□
□□□□□□□□□＿
□□□□□□□◆□□
□□□□□□□□□＿
□□□□＿□□□□□
□＿□□□□□□□□
＿□□□□□□□□□
□□□□□□□＿□□
□□□□□□□＿□□
＿□□□□□□□□□
□□□□□＿□□□□
□□□□□□□□□＿
□□□□□□□□□＿
□□□＿＿＿□□□□
00:17:49(32087f):field(32086f)
＿＿＿＿＿＿＿＿＿＿
＿＿＿＿＿＿＿＿＿＿
＿＿＿＿＿＿＿＿＿＿
＿＿＿＿◆◆◆＿＿＿
◆◆＿＿□□□＿＿＿
□□□■□□□◆◆＿
□□□■□□□□□◆
□□□□□□□□□＿
□□□□□□□■□□
□□□□□□□□□＿
□□□□＿□□□□□
□＿□□□□□□□□
＿□□□□□□□□□
□□□□□□□＿□□
□□□□□□□＿□□
＿□□□□□□□□□
□□□□□＿□□□□
□□□□□□□□□＿
□□□□□□□□□＿
□□□＿＿＿□□□□
00:17:50(32101f):field(32100f)
＿＿＿＿＿＿＿＿＿＿
＿＿＿＿＿＿＿＿＿＿
＿＿＿＿＿＿＿＿＿＿
＿■＿＿＿＿＿＿＿＿
■■■＿□□□＿＿＿
□□□□□□□＿＿＿
□□□□□□□□□＿
□□□□□□□□□＿
□□□□□□□◆□□
□□□□□□□□□＿
□□□□＿□□□□□
□＿□□□□□□□□
＿□□□□□□□□□
□□□□□□□＿□□
□□□□□□□＿□□
＿□□□□□□□□□
□□□□□＿□□□□
□□□□□□□□□＿
□□□□□□□□□＿
□□□＿＿＿□□□□
00:17:50(32115f):field(32114f)
＿＿＿＿＿＿＿＿＿＿
＿＿＿＿＿＿＿＿＿＿
＿＿＿＿■＿＿＿＿＿
＿□＿■■＿＿＿＿＿
□□□■□□□＿＿＿
□□□□□□□＿＿＿
□□□□□□□□□＿
□□□□□□□□□＿
□□□□□□□＿□□
□□□□□□□□□＿
□□□□＿□□□□□
□＿□□□□□□□□
＿□□□□□□□□□
□□□□□□□＿□□
□□□□□□□＿□□
＿□□□□□□□□□
□□□□□＿□□□□
□□□□□□□□□＿
□□□□□□□□□＿
□□□＿＿＿□□□□
00:17:51(32135f):field(32134f)
＿＿＿＿＿＿＿＿＿＿
＿＿＿＿＿＿＿＿＿＿
＿＿＿＿◆＿＿＿＿＿
＿◆＿◆□＿＿＿＿＿
◆□◆□□◆◆＿＿＿
□□□□□□□■■＿
□□□□□□□◆□■
□□□□□□□□□■
□□□□□□□＿□□
□□□□□□□□□＿
□□□□＿□□□□□
□＿□□□□□□□□
＿□□□□□□□□□
□□□□□□□＿□□
□□□□□□□＿□□
＿□□□□□□□□□
□□□□□＿□□□□
□□□□□□□□□＿
□□□□□□□□□＿
□□□＿＿＿□□□□
00:17:51(32151f):field(32150f)
＿＿＿＿＿＿＿＿＿＿
＿＿＿＿＿＿＿＿＿＿
＿＿＿＿＿＿＿＿＿＿
＿＿＿＿◆＿＿＿＿＿
＿◆＿◆□＿＿＿＿＿
◆□◆□□◆◆□□＿
□□□□□□□■□◆
□□□□□□□□□◆
□□□□□□□■□□
□□□□□□□□□＿
□□□□＿□□□□□
□＿□□□□□□□□
＿□□□□□□□□□
□□□□□□□＿□□
□□□□□□□＿□□
＿□□□□□□□□□
□□□□□＿□□□□
□□□□□□□□□＿
□□□□□□□□□＿
□□□＿＿＿□□□□
00:17:52(32165f):field(32164f)
＿＿＿＿＿＿＿＿＿＿
＿＿＿＿＿＿＿＿＿＿
＿＿＿＿＿＿＿＿＿＿
＿＿＿＿＿＿＿＿＿＿
＿＿＿＿□＿■■＿＿
＿□＿□□■■□□＿
□□□□□□□□□＿
□□□□□□□□□＿
□□□□□□□◆□□
□□□□□□□□□＿
□□□□＿□□□□□
□＿□□□□□□□□
＿□□□□□□□□□
□□□□□□□＿□□
□□□□□□□＿□□
＿□□□□□□□□□
□□□□□＿□□□□
□□□□□□□□□＿
□□□□□□□□□＿
□□□＿＿＿□□□□
00:17:52(32179f):field(32178f)
＿＿＿＿＿＿＿＿＿＿
＿＿＿＿＿＿＿＿＿＿
＿＿＿＿＿＿＿＿＿＿
＿＿＿＿＿■■■＿＿
＿＿＿＿□■□□＿＿
＿□＿□□□□□□＿
□□□□□□□□□＿
□□□□□□□□□＿
□□□□□□□＿□□
□□□□□□□□□＿
□□□□＿□□□□□
□＿□□□□□□□□
＿□□□□□□□□□
□□□□□□□＿□□
□□□□□□□＿□□
＿□□□□□□□□□
□□□□□＿□□□□
□□□□□□□□□＿
□□□□□□□□□＿
□□□＿＿＿□□□□
00:17:53(32192f):field(32191f)
＿＿＿＿＿＿＿＿＿＿
＿＿＿＿＿＿＿＿＿＿
＿＿＿＿＿＿＿＿＿＿
■■＿＿＿□□□＿＿
■■＿＿□□□□＿＿
＿□＿□□□□□□＿
□□□□□□□□□＿
□□□□□□□□□＿
□□□□□□□＿□□
□□□□□□□□□＿
□□□□＿□□□□□
□＿□□□□□□□□
＿□□□□□□□□□
□□□□□□□＿□□
□□□□□□□＿□□
＿□□□□□□□□□
□□□□□＿□□□□
□□□□□□□□□＿
□□□□□□□□□＿
□□□＿＿＿□□□□
00:17:53(32219f):field(32218f)
＿＿＿＿＿＿＿＿＿＿
＿＿＿＿＿＿＿＿＿＿
＿＿＿■■■＿＿＿＿
□□＿■■□□□＿＿
□□■■□□□□＿＿
＿□■□□□□□□＿
□□□□□□□□□＿
□□□□□□□□□＿
□□□□□□□＿□□
□□□□□□□□□＿
□□□□＿□□□□□
□＿□□□□□□□□
＿□□□□□□□□□
□□□□□□□＿□□
□□□□□□□＿□□
＿□□□□□□□□□
□□□□□＿□□□□
□□□□□□□□□＿
□□□□□□□□□＿
□□□＿＿＿□□□□
00:17:54(32237f):field(32236f)
＿＿＿＿＿＿＿＿＿＿
＿＿＿＿＿＿＿＿＿＿
＿＿＿◆◆◆＿＿＿＿
◆◆＿□□□◆◆＿＿
□□◆□□□□□＿■
＿□□□□□□□□■
□□□□□□□□□＿
□□□□□□□□□＿
□□□□□□□＿□□
□□□□□□□□□＿
□□□□＿□□□□□
□＿□□□□□□□□
＿□□□□□□□□□
□□□□□□□＿□□
□□□□□□□＿□□
＿□□□□□□□□□
□□□□□＿□□□□
□□□□□□□□□＿
□□□□□□□□□＿
□□□＿＿＿□□□□
00:17:55(32250f):field(32249f)
＿＿＿＿＿＿＿＿＿＿
＿＿＿＿＿■＿＿＿＿
＿＿＿＿＿■■＿＿＿
＿＿＿□□□■＿＿＿
□□＿□□□□□＿□
＿□□□□□□□□□
□□□□□□□□□＿
□□□□□□□□□＿
□□□□□□□＿□□
□□□□□□□□□＿
□□□□＿□□□□□
□＿□□□□□□□□
＿□□□□□□□□□
□□□□□□□＿□□
□□□□□□□＿□□
＿□□□□□□□□□
□□□□□＿□□□□
□□□□□□□□□＿
□□□□□□□□□＿
□□□＿＿＿□□□□
00:18:02(32478f):game end
