00:41:03(73917f):game start
00:41:05(73961f):field(73960f)
＿＿＿＿＿＿＿＿＿＿
＿＿＿＿＿＿＿＿＿＿
＿＿＿＿＿＿＿＿＿＿
＿＿＿＿＿＿＿＿＿＿
＿＿＿＿＿＿＿＿＿＿
＿＿＿＿＿＿＿＿＿＿
＿＿＿＿＿＿＿＿＿＿
＿＿＿＿＿＿＿＿＿＿
＿＿＿＿＿＿＿＿＿＿
＿＿＿＿＿＿＿＿＿＿
＿＿＿＿＿＿＿＿＿＿
＿＿＿＿＿＿＿＿＿＿
＿＿＿＿＿＿＿＿＿＿
＿＿■■■■■■＿＿
＿＿＿＿＿＿＿＿＿＿
＿＿＿＿＿＿＿＿＿＿
＿＿＿＿＿＿＿＿＿＿
＿＿＿＿＿＿＿＿＿＿
＿＿＿＿＿＿＿＿＿＿
＿＿＿＿＿＿＿＿＿＿
00:41:06(73986f):field(73985f)
＿＿＿＿＿＿＿＿＿＿
＿＿＿＿＿＿＿＿＿＿
＿＿＿＿＿＿＿＿＿＿
＿＿＿＿＿＿＿＿＿＿
＿＿＿＿＿＿＿＿＿＿
＿＿＿＿＿＿＿＿＿＿
＿＿＿＿＿＿＿＿＿＿
＿＿＿＿＿＿＿＿＿＿
＿＿＿＿＿＿＿＿＿＿
＿＿＿＿＿＿＿＿＿＿
＿＿＿＿＿＿＿＿＿＿
＿＿＿＿＿＿＿＿＿＿
＿＿＿＿＿＿＿＿＿＿
＿＿◆◆◆◆◆◆＿＿
＿＿＿＿＿＿＿＿＿＿
＿＿＿＿＿＿＿＿＿＿
＿＿＿＿＿＿＿＿＿＿
＿＿＿＿＿＿＿＿＿＿
＿＿■■＿＿＿＿＿＿
■■■■■■＿＿＿＿
00:41:06(74000f):field(73999f)
＿＿＿＿＿＿＿＿＿＿
＿＿＿＿＿＿＿＿＿＿
＿＿＿＿＿＿＿＿＿＿
＿＿＿＿＿＿＿＿＿＿
＿＿＿＿＿＿＿＿＿＿
＿＿＿＿＿＿＿＿＿＿
＿＿＿＿＿＿＿＿＿＿
＿＿＿＿＿＿＿＿＿＿
＿＿＿＿＿＿＿＿＿＿
＿＿＿＿＿＿＿＿＿＿
＿＿＿＿＿＿＿＿＿＿
＿＿＿＿＿＿＿＿＿＿
＿＿＿＿＿＿＿＿＿＿
＿＿＿＿＿＿＿＿＿＿
＿＿＿＿＿＿＿＿＿＿
＿＿＿＿＿＿＿＿＿＿
＿＿＿＿＿＿＿＿＿＿
＿＿＿＿＿＿＿＿＿＿
＿＿□□＿＿■■＿＿
□□□□□□■■＿＿
00:41:07(74013f):field(74012f)
＿＿＿＿＿＿＿＿＿＿
＿＿＿＿＿＿＿＿＿＿
＿＿＿＿＿＿＿＿＿＿
＿＿＿＿＿＿＿＿＿＿
＿＿＿＿＿＿＿＿＿＿
＿＿＿＿＿＿＿＿＿＿
＿＿＿＿＿＿＿＿＿＿
＿＿＿＿＿＿＿＿＿＿
＿＿＿＿＿＿＿＿＿＿
＿＿＿＿＿＿＿＿＿＿
＿＿＿＿＿＿＿＿＿＿
＿＿＿＿＿＿＿＿＿＿
＿＿＿＿＿＿＿＿＿＿
＿＿＿＿＿＿＿＿＿＿
＿＿＿＿＿＿＿＿＿＿
＿＿＿＿＿＿＿＿＿＿
＿＿＿＿＿＿＿＿＿＿
＿■■＿＿＿＿＿＿＿
■■□□＿＿□□＿＿
□□□□□□□□＿＿
00:41:07(74026f):field(74025f)
＿＿＿＿＿＿＿＿＿＿
＿＿＿＿＿＿＿＿＿＿
＿＿＿＿＿＿＿＿＿＿
＿＿＿＿＿＿＿＿＿＿
＿＿＿＿＿＿＿＿＿＿
＿＿＿＿＿＿＿＿＿＿
＿＿＿＿＿＿＿＿＿＿
＿＿＿＿＿＿＿＿＿＿
＿＿＿＿＿＿＿＿＿＿
＿＿＿＿＿＿＿＿＿＿
＿＿＿＿＿＿＿＿＿＿
＿＿＿＿＿＿＿＿＿＿
＿＿＿＿＿＿＿＿＿＿
＿＿＿＿＿＿＿＿＿＿
＿＿＿＿＿＿＿＿＿＿
＿＿＿＿＿＿＿＿＿＿
＿＿＿＿■＿＿＿＿＿
＿□□■■＿＿＿＿＿
□□□□■＿□□＿＿
□□□□□□□□＿＿
00:41:07(74039f):field(74038f)
＿＿＿＿＿＿＿＿＿＿
＿＿＿＿＿＿＿＿＿＿
＿＿＿＿＿＿＿＿＿＿
＿＿＿＿＿＿＿＿＿＿
＿＿＿＿＿＿＿＿＿＿
＿＿＿＿＿＿＿＿＿＿
＿＿＿＿＿＿＿＿＿＿
＿＿＿＿＿＿＿＿＿＿
＿＿＿＿＿＿＿＿＿＿
＿＿＿＿＿＿＿＿＿＿
＿＿＿＿＿＿＿＿＿＿
＿＿＿＿＿＿＿＿＿＿
＿＿＿＿＿＿＿＿＿＿
＿＿＿＿＿＿＿＿＿＿
＿＿＿＿＿＿＿＿＿＿
＿＿＿＿＿＿＿＿＿＿
＿＿＿＿□＿■＿＿＿
＿□□□□■■＿＿＿
□□□□□■□□＿＿
□□□□□□□□＿＿
00:41:08(74052f):field(74051f)
＿＿＿＿＿＿＿＿＿＿
＿＿＿＿＿＿＿＿＿＿
＿＿＿＿＿＿＿＿＿＿
＿＿＿＿＿＿＿＿＿＿
＿＿＿＿＿＿＿＿＿＿
＿＿＿＿＿＿＿＿＿＿
＿＿＿＿＿＿＿＿＿＿
＿＿＿＿＿＿＿＿＿＿
＿＿＿＿＿＿＿＿＿＿
＿＿＿＿＿＿＿＿＿＿
＿＿＿＿＿＿＿＿＿＿
＿＿＿＿＿＿＿＿＿＿
＿＿＿＿＿＿＿＿＿＿
＿＿＿＿＿＿＿＿＿＿
＿＿＿＿＿＿＿＿＿＿
＿＿＿＿＿＿＿＿＿＿
■■■＿□＿□＿＿＿
■□□□□□□＿＿＿
□□□□□□□□＿＿
□□□□□□□□＿＿
00:41:08(74064f):field(74063f)
＿＿＿＿＿＿＿＿＿＿
＿＿＿＿＿＿＿＿＿＿
＿＿＿＿＿＿＿＿＿＿
＿＿＿＿＿＿＿＿＿＿
＿＿＿＿＿＿＿＿＿＿
＿＿＿＿＿＿＿＿＿＿
＿＿＿＿＿＿＿＿＿＿
＿＿＿＿＿＿＿＿＿＿
＿＿＿＿＿＿＿＿＿＿
＿＿＿＿＿＿＿＿＿＿
＿＿＿＿＿＿＿＿＿＿
＿＿＿＿＿＿＿＿＿＿
＿＿＿＿＿＿＿＿＿＿
＿＿＿＿＿＿＿＿＿＿
＿＿＿＿＿＿＿＿＿＿
＿＿＿■■■■＿＿＿
□□□＿□＿□＿＿＿
□□□□□□□＿＿＿
□□□□□□□□＿＿
□□□□□□□□＿＿
00:41:09(74079f):field(74078f)
＿＿＿＿＿＿＿＿＿＿
＿＿＿＿＿＿＿＿＿＿
＿＿＿＿＿＿＿＿＿＿
＿＿＿＿＿＿＿＿＿＿
＿＿＿＿＿＿＿＿＿＿
＿＿＿＿＿＿＿＿＿＿
＿＿＿＿＿＿＿＿＿＿
＿＿＿＿＿＿＿＿＿＿
＿＿＿＿＿＿＿＿＿＿
＿＿＿＿＿＿＿＿＿＿
＿＿＿＿＿＿＿＿＿＿
＿＿＿＿＿＿＿＿＿＿
＿＿＿＿＿＿＿＿＿＿
＿＿＿＿＿＿＿＿＿＿
■＿＿＿＿＿＿＿＿＿
■■■□□□□＿＿＿
□□□＿□＿□＿＿＿
□□□□□□□＿＿＿
□□□□□□□□＿＿
□□□□□□□□＿＿
00:41:09(74093f):field(74092f)
＿＿＿＿＿＿＿＿＿＿
＿＿＿＿＿＿＿＿＿＿
＿＿＿＿＿＿＿＿＿＿
＿＿＿＿＿＿＿＿＿＿
＿＿＿＿＿＿＿＿＿＿
＿＿＿＿＿＿＿＿＿＿
＿＿＿＿＿＿＿＿＿＿
＿＿＿＿＿＿＿＿＿＿
＿＿＿＿＿＿＿＿＿＿
＿＿＿＿＿＿＿＿＿＿
＿＿＿＿＿＿＿＿＿＿
＿＿＿＿＿＿＿＿＿＿
＿＿＿＿＿＿＿＿＿＿
＿＿＿＿＿＿＿＿＿＿
□＿＿＿＿＿＿＿＿＿
□□□□□□□＿＿＿
□□□＿□＿□■＿＿
□□□□□□□■■＿
□□□□□□□□■＿
□□□□□□□□＿＿
00:41:10(74106f):field(74105f)
＿＿＿＿＿＿＿＿＿＿
＿＿＿＿＿＿＿＿＿＿
＿＿＿＿＿＿＿＿＿＿
＿＿＿＿＿＿＿＿＿＿
＿＿＿＿＿＿＿＿＿＿
＿＿＿＿＿＿＿＿＿＿
＿＿＿＿＿＿＿＿＿＿
＿＿＿＿＿＿＿＿＿＿
＿＿＿＿＿＿＿＿＿＿
＿＿＿＿＿＿＿＿＿＿
＿＿＿＿＿＿＿＿＿＿
＿＿＿＿＿＿＿＿＿＿
＿＿＿＿＿＿＿＿＿＿
＿＿＿＿＿＿＿＿＿＿
□＿＿＿＿＿＿＿＿＿
□□□□□□□＿■■
□□□＿□＿□□■■
□□□□□□□□□＿
□□□□□□□□□＿
□□□□□□□□＿＿
00:41:10(74123f):field(74122f)
＿＿＿＿＿＿＿＿＿＿
＿＿＿＿＿＿＿＿＿＿
＿＿＿＿＿＿＿＿＿＿
＿＿＿＿＿＿＿＿＿＿
＿＿＿＿＿＿＿＿＿＿
＿＿＿＿＿＿＿＿＿＿
＿＿＿＿＿＿＿＿＿＿
＿＿＿＿＿＿＿＿＿＿
＿＿＿＿＿＿＿＿＿＿
＿＿＿＿＿＿＿＿＿＿
＿＿＿＿＿＿＿＿＿＿
＿＿＿＿＿＿＿＿＿＿
＿＿＿＿＿＿＿＿＿＿
＿＿＿＿＿＿＿＿＿＿
◆＿＿■＿＿＿＿■＿
□◆◆◆◆◆◆■□□
□□□＿□＿□□□□
□□□□□□□□□＿
□□□□□□□□□＿
□□□□□□□□＿＿
00:41:11(74135f):field(74134f)
＿＿＿＿＿＿＿＿＿＿
＿＿＿＿＿＿＿＿＿＿
＿＿＿＿＿＿＿＿＿＿
＿＿＿＿＿＿＿＿＿＿
＿＿＿＿＿＿＿＿＿＿
＿＿＿＿＿＿＿＿＿＿
＿＿＿＿＿＿＿＿＿＿
＿＿＿＿＿＿＿＿＿＿
＿＿＿＿＿＿＿＿＿＿
＿＿＿＿＿＿＿＿＿＿
＿＿＿＿＿＿＿＿＿＿
＿＿＿＿＿＿＿＿＿＿
＿＿＿＿＿＿＿＿＿＿
＿＿＿＿＿＿＿＿＿＿
＿＿＿◆＿＿＿＿□＿
□＿＿＿■■■□□◆
□□□＿□■□□□□
□□□□□□□□□＿
□□□□□□□□□＿
□□□□□□□□＿＿
00:41:11(74150f):field(74149f)
＿＿＿＿＿＿＿＿＿＿
＿＿＿＿＿＿＿＿＿＿
＿＿＿＿＿＿＿＿＿＿
＿＿＿＿＿＿＿＿＿＿
＿＿＿＿＿＿＿＿＿＿
＿＿＿＿＿＿＿＿＿＿
＿＿＿＿＿＿＿＿＿＿
＿＿＿＿＿＿＿＿＿＿
＿＿＿＿＿＿＿＿＿＿
＿＿＿＿＿＿＿＿＿＿
＿＿＿＿＿＿＿＿＿＿
＿＿＿＿＿＿＿＿＿＿
＿＿＿＿＿＿＿＿＿＿
＿＿＿＿＿＿＿＿＿＿
＿＿＿■＿＿＿＿◆＿
◆＿＿■◆◆◆◆□＿
□◆◆■□□□□□◆
□□□□□□□□□＿
□□□□□□□□□＿
□□□□□□□□＿＿
00:41:12(74162f):field(74161f)
＿＿＿＿＿＿＿＿＿＿
＿＿＿＿＿＿＿＿＿＿
＿＿＿＿＿＿＿＿＿＿
＿＿＿＿＿＿＿＿＿＿
＿＿＿＿＿＿＿＿＿＿
＿＿＿＿＿＿＿＿＿＿
＿＿＿＿＿＿＿＿＿＿
＿＿＿＿＿＿＿＿＿＿
＿＿＿＿＿＿＿＿＿＿
＿＿＿＿＿＿＿＿＿＿
＿＿＿＿＿＿＿＿＿＿
＿＿＿＿＿＿＿＿＿＿
＿＿＿＿＿＿＿＿＿＿
＿＿＿＿■＿＿＿＿＿
＿＿＿□■＿＿＿＿＿
＿＿＿□■■＿＿□＿
□＿＿□□□□□□＿
□□□□□□□□□＿
□□□□□□□□□＿
□□□□□□□□＿＿
00:41:12(74173f):field(74172f)
＿＿＿＿＿＿＿＿＿＿
＿＿＿＿＿＿＿＿＿＿
＿＿＿＿＿＿＿＿＿＿
＿＿＿＿＿＿＿＿＿＿
＿＿＿＿＿＿＿＿＿＿
＿＿＿＿＿＿＿＿＿＿
＿＿＿＿＿＿＿＿＿＿
＿＿＿＿＿＿＿＿＿＿
＿＿＿＿＿＿＿＿＿＿
＿＿＿＿＿＿＿＿＿＿
＿＿＿＿＿＿＿＿＿＿
＿＿＿＿＿＿＿＿＿＿
＿＿＿＿＿＿＿＿＿＿
＿＿＿＿□＿＿＿＿＿
＿＿■□□＿＿＿＿＿
＿＿■□□□＿＿□＿
□■■□□□□□□＿
□□□□□□□□□＿
□□□□□□□□□＿
□□□□□□□□＿＿
00:41:12(74188f):field(74187f)
＿＿＿＿＿＿＿＿＿＿
＿＿＿＿＿＿＿＿＿＿
＿＿＿＿＿＿＿＿＿＿
＿＿＿＿＿＿＿＿＿＿
＿＿＿＿＿＿＿＿＿＿
＿＿＿＿＿＿＿＿＿＿
＿＿＿＿＿＿＿＿＿＿
＿＿＿＿＿＿＿＿＿＿
＿＿＿＿＿＿＿＿＿＿
＿＿＿＿＿＿＿＿＿＿
＿＿＿＿＿＿＿＿＿＿
＿＿＿＿＿＿＿＿＿＿
＿＿＿＿＿＿＿＿＿＿
＿＿＿＿□＿＿＿＿＿
＿＿□□□＿＿■■＿
＿＿□□□□■■□＿
□□□□□□□□□＿
□□□□□□□□□＿
□□□□□□□□□＿
□□□□□□□□＿＿
00:41:13(74203f):field(74202f)
＿＿＿＿＿＿＿＿＿＿
＿＿＿＿＿＿＿＿＿＿
＿＿＿＿＿＿＿＿＿＿
＿＿＿＿＿＿＿＿＿＿
＿＿＿＿＿＿＿＿＿＿
＿＿＿＿＿＿＿＿＿＿
＿＿＿＿＿＿＿＿＿＿
＿＿＿＿＿＿＿＿＿＿
＿＿＿＿＿＿＿＿＿＿
＿＿＿＿＿＿＿＿＿＿
＿＿＿＿＿＿＿＿＿＿
＿＿＿＿＿＿＿＿＿＿
＿＿＿＿＿＿＿■＿＿
＿＿＿＿□＿■■＿＿
＿＿□□□＿■□□＿
＿＿□□□□□□□＿
□□□□□□□□□＿
□□□□□□□□□＿
□□□□□□□□□＿
□□□□□□□□＿＿
00:41:13(74215f):field(74214f)
＿＿＿＿＿＿＿＿＿＿
＿＿＿＿＿＿＿＿＿＿
＿＿＿＿＿＿＿＿＿＿
＿＿＿＿＿＿＿＿＿＿
＿＿＿＿＿＿＿＿＿＿
＿＿＿＿＿＿＿＿＿＿
＿＿＿＿＿＿＿＿＿＿
＿＿＿＿＿＿＿＿＿＿
＿＿＿＿＿＿＿＿＿＿
＿＿＿＿＿＿＿＿＿＿
＿＿＿＿＿＿＿＿＿＿
＿＿＿＿＿■＿＿＿＿
＿＿＿＿＿■＿□＿＿
＿＿＿＿□■□□＿＿
＿＿□□□■□□□＿
＿＿□□□□□□□＿
□□□□□□□□□＿
□□□□□□□□□＿
□□□□□□□□□＿
□□□□□□□□＿＿
00:41:14(74228f):field(74227f)
＿＿＿＿＿＿＿＿＿＿
＿＿＿＿＿＿＿＿＿＿
＿＿＿＿＿＿＿＿＿＿
＿＿＿＿＿＿＿＿＿＿
＿＿＿＿＿＿＿＿＿＿
＿＿＿＿＿＿＿＿＿＿
＿＿＿＿＿＿＿＿＿＿
＿＿＿＿＿＿＿＿＿＿
＿＿＿＿＿＿＿＿＿＿
＿＿＿＿＿＿＿＿＿＿
＿＿＿＿＿＿＿＿＿＿
＿＿＿＿＿□＿＿＿＿
＿＿＿＿＿□＿□＿＿
■＿＿＿□□□□＿＿
■＿□□□□□□□＿
■■□□□□□□□＿
□□□□□□□□□＿
□□□□□□□□□＿
□□□□□□□□□＿
□□□□□□□□＿＿
00:41:14(74244f):field(74243f)
＿＿＿＿＿＿＿＿＿＿
＿＿＿＿＿＿＿＿＿＿
＿＿＿＿＿＿＿＿＿＿
＿＿＿＿＿＿＿＿＿＿
＿＿＿＿＿＿＿＿＿＿
＿＿＿＿＿＿＿＿＿＿
＿＿＿＿＿＿＿＿＿＿
＿＿＿＿＿＿＿＿＿＿
＿＿＿＿＿＿＿＿＿＿
＿＿＿＿＿＿＿＿＿＿
＿＿＿＿＿＿＿＿＿＿
＿＿＿＿＿□＿＿＿＿
＿＿■■＿□＿□＿＿
□＿■■□□□□＿＿
□＿□□□□□□□＿
□□□□□□□□□＿
□□□□□□□□□＿
□□□□□□□□□＿
□□□□□□□□□＿
□□□□□□□□＿＿
00:41:15(74257f):field(74256f)
＿＿＿＿＿＿＿＿＿＿
＿＿＿＿＿＿＿＿＿＿
＿＿＿＿＿＿＿＿＿＿
＿＿＿＿＿＿＿＿＿＿
＿＿＿＿＿＿＿＿＿＿
＿＿＿＿＿＿＿＿＿＿
＿＿＿＿＿＿＿＿＿＿
＿＿＿＿＿＿＿＿＿＿
＿＿＿＿＿＿＿＿＿＿
＿＿＿＿＿＿＿＿＿＿
＿＿＿＿＿＿＿＿＿＿
＿＿■■■□＿＿＿＿
＿＿□□■□＿□＿＿
□＿□□□□□□＿＿
□＿□□□□□□□＿
□□□□□□□□□＿
□□□□□□□□□＿
□□□□□□□□□＿
□□□□□□□□□＿
□□□□□□□□＿＿
00:41:15(74269f):field(74268f)
＿＿＿＿＿＿＿＿＿＿
＿＿＿＿＿＿＿＿＿＿
＿＿＿＿＿＿＿＿＿＿
＿＿＿＿＿＿＿＿＿＿
＿＿＿＿＿＿＿＿＿＿
＿＿＿＿＿＿＿＿＿＿
＿＿＿＿＿＿＿＿＿＿
＿＿＿＿＿＿＿＿＿＿
＿＿＿＿＿＿＿＿＿＿
＿＿＿＿＿＿＿＿＿＿
＿＿＿＿＿＿＿＿＿＿
＿＿□□□□＿＿＿＿
＿＿□□□□＿□■＿
□＿□□□□□□■■
□＿□□□□□□□■
□□□□□□□□□＿
□□□□□□□□□＿
□□□□□□□□□＿
□□□□□□□□□＿
□□□□□□□□＿＿
00:41:16(74283f):field(74282f)
＿＿＿＿＿＿＿＿＿＿
＿＿＿＿＿＿＿＿＿＿
＿＿＿＿＿＿＿＿＿＿
＿＿＿＿＿＿＿＿＿＿
＿＿＿＿＿＿＿＿＿＿
＿＿＿＿＿＿＿＿＿＿
＿＿＿＿＿＿＿＿＿＿
＿＿＿＿＿＿＿＿＿＿
＿＿＿＿＿＿＿＿＿＿
＿＿＿＿＿＿＿＿＿＿
＿＿＿＿＿＿■＿＿＿
＿＿□□□□■■＿＿
＿＿□□□□■□□＿
□＿□□□□□□□□
□＿□□□□□□□□
□□□□□□□□□＿
□□□□□□□□□＿
□□□□□□□□□＿
□□□□□□□□□＿
□□□□□□□□＿＿
00:41:16(74298f):field(74297f)
＿＿＿＿＿＿＿＿＿＿
＿＿＿＿＿＿＿＿＿＿
＿＿＿＿＿＿＿＿＿＿
＿＿＿＿＿＿＿＿＿＿
＿＿＿＿＿＿＿＿＿＿
＿＿＿＿＿＿＿＿＿＿
＿＿＿＿＿＿＿＿＿＿
＿＿＿＿＿＿＿＿＿＿
＿＿＿＿＿＿＿＿＿＿
＿＿＿＿＿＿＿＿＿＿
＿＿＿＿＿＿◆＿＿＿
＿＿◆◆◆◆◆◆＿＿
＿＿◆□◆◆□◆◆＿
◆■□□□□□□◆◆
◆■□□□□□□□◆
□□□□□□□□□■
□□□□□□□□□＿
□□□□□□□□□＿
□□□□□□□□□＿
□□□□□□□□＿＿
00:41:17(74311f):field(74310f)
＿＿＿＿＿＿＿＿＿＿
＿＿＿＿＿＿＿＿＿＿
＿＿＿＿＿＿＿＿＿＿
＿＿＿＿＿＿＿＿＿＿
＿＿＿＿＿＿＿＿＿＿
＿＿＿＿＿＿＿＿＿＿
＿＿＿＿＿＿＿＿＿＿
＿＿＿＿＿＿＿＿＿＿
＿＿＿＿＿＿＿＿＿＿
＿＿＿＿＿＿＿＿＿＿
＿＿＿＿＿＿＿＿＿＿
＿＿＿■■＿＿＿＿＿
＿＿＿□■＿□＿＿＿
＿□□□□□□□＿＿
＿□□□□□□□□＿
□□□□□□□□□◆
□□□□□□□□□＿
□□□□□□□□□＿
□□□□□□□□□＿
□□□□□□□□＿＿
00:41:17(74323f):field(74322f)
＿＿＿＿＿＿＿＿＿＿
＿＿＿＿＿＿＿＿＿＿
＿＿＿＿＿＿＿＿＿＿
＿＿＿＿＿＿＿＿＿＿
＿＿＿＿＿＿＿＿＿＿
＿＿＿＿＿＿＿＿＿＿
＿＿＿＿＿＿＿＿＿＿
＿＿＿＿＿＿＿＿＿＿
＿＿＿＿＿＿＿＿＿＿
＿＿＿＿＿＿＿＿＿＿
＿＿＿＿■■＿＿＿＿
＿＿＿□□■＿＿＿＿
＿＿＿□□■□＿＿＿
＿□□□□□□□＿＿
＿□□□□□□□□＿
□□□□□□□□□＿
□□□□□□□□□＿
□□□□□□□□□＿
□□□□□□□□□＿
□□□□□□□□＿＿
00:41:17(74338f):field(74337f)
＿＿＿＿＿＿＿＿＿＿
＿＿＿＿＿＿＿＿＿＿
＿＿＿＿＿＿＿＿＿＿
＿＿＿＿＿＿＿＿＿＿
＿＿＿＿＿＿＿＿＿＿
＿＿＿＿＿＿＿＿＿＿
＿＿＿＿＿＿＿＿＿＿
＿＿＿＿＿＿＿＿＿＿
＿＿＿＿＿＿＿＿＿＿
＿＿＿＿＿＿＿＿＿＿
＿＿＿＿□□＿＿＿＿
＿＿＿□□□＿■＿＿
＿＿＿□□□□■■＿
＿□□□□□□□■＿
＿□□□□□□□□＿
□□□□□□□□□＿
□□□□□□□□□＿
□□□□□□□□□＿
□□□□□□□□□＿
□□□□□□□□＿＿
00:41:18(74350f):field(74349f)
＿＿＿＿＿＿＿＿＿＿
＿＿＿＿＿＿＿＿＿＿
＿＿＿＿＿＿＿＿＿＿
＿＿＿＿＿＿＿＿＿＿
＿＿＿＿＿＿＿＿＿＿
＿＿＿＿＿＿＿＿＿＿
＿＿＿＿＿＿＿＿＿＿
＿＿＿＿＿＿＿＿＿＿
＿＿＿＿＿＿＿＿＿＿
＿＿＿＿＿＿■＿＿＿
＿＿＿＿□□■■＿＿
＿＿＿□□□■□＿＿
＿＿＿□□□□□□＿
＿□□□□□□□□＿
＿□□□□□□□□＿
□□□□□□□□□＿
□□□□□□□□□＿
□□□□□□□□□＿
□□□□□□□□□＿
□□□□□□□□＿＿
00:41:18(74363f):field(74362f)
＿＿＿＿＿＿＿＿＿＿
＿＿＿＿＿＿＿＿＿＿
＿＿＿＿＿＿＿＿＿＿
＿＿＿＿＿＿＿＿＿＿
＿＿＿＿＿＿＿＿＿＿
＿＿＿＿＿＿＿＿＿＿
＿＿＿＿＿＿＿＿＿＿
＿＿＿＿＿＿＿＿＿＿
＿＿＿＿＿＿＿＿＿＿
＿＿＿＿＿＿□＿＿＿
＿＿＿＿□□□□＿＿
■＿＿□□□□□＿＿
■＿＿□□□□□□＿
■□□□□□□□□＿
■□□□□□□□□＿
□□□□□□□□□＿
□□□□□□□□□＿
□□□□□□□□□＿
□□□□□□□□□＿
□□□□□□□□＿＿
00:41:19(74375f):field(74374f)
＿＿＿＿＿＿＿＿＿＿
＿＿＿＿＿＿＿＿＿＿
＿＿＿＿＿＿＿＿＿＿
＿＿＿＿＿＿＿＿＿＿
＿＿＿＿＿＿＿＿＿＿
＿＿＿＿＿＿＿＿＿＿
＿＿＿＿＿＿＿＿＿＿
＿＿＿＿＿＿＿＿＿＿
＿＿＿＿＿＿＿＿＿＿
＿＿＿＿＿＿□＿＿＿
＿＿■＿□□□□＿＿
□＿■□□□□□＿＿
□■■□□□□□□＿
□□□□□□□□□＿
□□□□□□□□□＿
□□□□□□□□□＿
□□□□□□□□□＿
□□□□□□□□□＿
□□□□□□□□□＿
□□□□□□□□＿＿
00:41:19(74388f):field(74387f)
＿＿＿＿＿＿＿＿＿＿
＿＿＿＿＿＿＿＿＿＿
＿＿＿＿＿＿＿＿＿＿
＿＿＿＿＿＿＿＿＿＿
＿＿＿＿＿＿＿＿＿＿
＿＿＿＿＿＿＿＿＿＿
＿＿＿＿＿＿＿＿＿＿
＿＿＿＿＿＿＿＿＿＿
＿＿＿＿＿＿＿＿＿＿
＿＿＿■■■□＿＿＿
＿＿□■□□□□＿＿
□＿□□□□□□＿＿
□□□□□□□□□＿
□□□□□□□□□＿
□□□□□□□□□＿
□□□□□□□□□＿
□□□□□□□□□＿
□□□□□□□□□＿
□□□□□□□□□＿
□□□□□□□□＿＿
00:41:19(74399f):field(74398f)
＿＿＿＿＿＿＿＿＿＿
＿＿＿＿＿＿＿＿＿＿
＿＿＿＿＿＿＿＿＿＿
＿＿＿＿＿＿＿＿＿＿
＿＿＿＿＿＿＿＿＿＿
＿＿＿＿＿＿＿＿＿＿
＿＿＿＿＿＿＿＿＿＿
＿＿＿＿■■＿＿＿＿
＿＿＿＿■■＿＿＿＿
＿＿＿□□□□＿＿＿
＿＿□□□□□□＿＿
□＿□□□□□□＿＿
□□□□□□□□□＿
□□□□□□□□□＿
□□□□□□□□□＿
□□□□□□□□□＿
□□□□□□□□□＿
□□□□□□□□□＿
□□□□□□□□□＿
□□□□□□□□＿＿
00:41:20(74416f):field(74415f)
＿＿＿＿＿＿＿＿＿＿
＿＿＿＿＿＿＿＿＿＿
＿＿＿＿＿＿＿＿＿＿
＿＿＿＿＿＿＿＿＿＿
＿＿＿＿＿＿＿＿＿＿
＿＿＿＿＿＿＿＿＿＿
＿＿＿＿＿＿＿＿＿＿
＿＿＿■□□＿＿＿＿
＿＿■■□□＿＿＿＿
＿＿■□□□□＿＿＿
＿＿□□□□□□＿＿
□＿□□□□□□＿＿
□□□□□□□□□＿
□□□□□□□□□＿
□□□□□□□□□＿
□□□□□□□□□＿
□□□□□□□□□＿
□□□□□□□□□＿
□□□□□□□□□＿
□□□□□□□□＿＿
00:41:20(74429f):field(74428f)
＿＿＿＿＿＿＿＿＿＿
＿＿＿＿＿＿＿＿＿＿
＿＿＿＿＿＿＿＿＿＿
＿＿＿＿＿＿＿＿＿＿
＿＿＿＿＿＿＿＿＿＿
＿＿＿＿＿＿＿＿＿＿
＿＿＿＿＿＿＿＿＿＿
＿＿＿□□□＿＿＿＿
＿＿□□□□＿＿＿＿
■＿□□□□□＿＿＿
■■□□□□□□＿＿
□■□□□□□□＿＿
□□□□□□□□□＿
□□□□□□□□□＿
□□□□□□□□□＿
□□□□□□□□□＿
□□□□□□□□□＿
□□□□□□□□□＿
□□□□□□□□□＿
□□□□□□□□＿＿
00:41:21(74443f):field(74442f)
＿＿＿＿＿＿＿＿＿＿
＿＿＿＿＿＿＿＿＿＿
＿＿＿＿＿＿＿＿＿＿
＿＿＿＿＿＿＿＿＿＿
＿＿＿＿＿＿＿＿＿＿
＿＿＿■＿＿＿＿＿＿
＿＿＿■■■＿＿＿＿
＿＿＿□□□＿＿＿＿
＿＿□□□□＿＿＿＿
□＿□□□□□＿＿＿
□□□□□□□□＿＿
□□□□□□□□＿＿
□□□□□□□□□＿
□□□□□□□□□＿
□□□□□□□□□＿
□□□□□□□□□＿
□□□□□□□□□＿
□□□□□□□□□＿
□□□□□□□□□＿
□□□□□□□□＿＿
00:41:21(74459f):field(74458f)
＿＿＿＿＿＿＿＿＿＿
＿＿＿＿＿＿＿＿＿＿
＿＿＿＿＿＿＿＿＿＿
＿＿＿＿＿＿＿＿＿＿
＿＿＿＿＿＿＿＿＿＿
＿＿＿◆＿＿＿＿＿＿
＿＿＿◆◆◆＿＿＿＿
＿＿＿◆◆◆＿＿＿＿
＿＿◆□◆◆＿＿＿＿
◆＿◆□□□◆＿＿＿
◆◆◆□□□◆◆＿＿
◆◆□□□□◆◆＿＿
□◆□□□□□◆◆＿
□□□□□□□□◆＿
□□□□□□□□◆＿
□□□□□□□□□＿
□□□□□□□□□＿
□□□□□□□□□＿
□□□□□□□□□＿
□□□□□□□□＿■
00:41:22(74476f):field(74475f)
＿＿＿＿＿＿＿＿＿＿
＿＿＿＿＿＿＿＿＿＿
＿＿＿＿＿＿＿＿＿＿
＿＿＿＿＿＿＿＿＿＿
＿＿＿＿＿＿＿＿＿＿
＿＿＿＿＿＿＿＿＿＿
＿＿＿＿＿＿＿＿＿＿
＿＿＿＿＿＿＿＿＿＿
＿＿＿◆＿＿＿＿＿＿
＿＿＿◆◆◆＿＿＿＿
＿＿＿□◆◆＿＿＿＿
＿＿◆□□□＿＿＿＿
◆＿◆□□□◆＿＿＿
◆◆□□□□◆◆＿＿
□◆□□□□□◆＿＿
□□□□□□□□◆■
□□□□□□□□□＿
□□□□□□□□□＿
□□□□□□□□□＿
□□□□□□□□＿□
00:41:23(74491f):field(74490f)
＿＿＿＿＿＿＿＿＿＿
＿＿＿＿＿＿＿＿＿＿
＿＿＿＿＿＿＿＿＿＿
＿＿＿＿＿＿＿＿＿＿
＿＿＿＿＿＿＿＿＿＿
＿＿＿＿＿＿＿＿＿＿
＿＿＿＿＿＿＿＿＿＿
＿＿＿＿＿＿＿＿＿＿
＿＿＿＿＿＿＿＿＿＿
＿＿＿＿＿＿＿＿＿＿
＿＿＿◆＿＿＿＿＿＿
＿＿＿□◆◆＿＿＿＿
＿＿＿□□□＿＿＿＿
＿＿◆□□□＿＿＿＿
◆＿□□□□◆＿＿■
□◆□□□□□◆■□
□□□□□□□□□＿
□□□□□□□□□＿
□□□□□□□□□＿
□□□□□□□□＿□
00:41:23(74504f):field(74503f)
＿＿＿＿＿＿＿＿＿＿
＿＿＿＿＿＿＿＿＿＿
＿＿＿＿＿＿＿＿＿＿
＿＿＿＿＿＿＿＿＿＿
＿＿＿＿＿＿＿＿＿＿
＿＿＿＿＿＿＿＿＿＿
＿＿＿＿＿＿＿＿＿＿
＿＿＿＿＿＿＿＿＿＿
＿＿＿＿＿＿＿＿＿＿
＿＿＿＿＿＿＿＿＿＿
＿＿＿＿＿＿＿＿＿＿
＿＿＿□＿＿＿＿＿＿
＿＿＿□□□＿＿＿＿
■＿＿□□□＿＿＿＿
■■□□□□＿＿＿□
□■□□□□□＿□□
□□□□□□□□□＿
□□□□□□□□□＿
□□□□□□□□□＿
□□□□□□□□＿□
00:41:23(74515f):field(74514f)
＿＿＿＿＿＿＿＿＿＿
＿＿＿＿＿＿＿＿＿＿
＿＿＿＿＿＿＿＿＿＿
＿＿＿＿＿＿＿＿＿＿
＿＿＿＿＿＿＿＿＿＿
＿＿＿＿＿＿＿＿＿＿
＿＿＿＿＿＿＿＿＿＿
＿＿＿＿＿＿＿＿＿＿
＿＿＿＿＿＿＿＿＿＿
＿＿＿＿＿＿＿＿＿＿
＿＿＿＿■■＿＿＿＿
＿＿＿□■■＿＿＿＿
＿＿＿□□□＿＿＿＿
□＿＿□□□＿＿＿＿
□□□□□□＿＿＿□
□□□□□□□＿□□
□□□□□□□□□＿
□□□□□□□□□＿
□□□□□□□□□＿
□□□□□□□□＿□
00:41:24(74528f):field(74527f)
＿＿＿＿＿＿＿＿＿＿
＿＿＿＿＿＿＿＿＿＿
＿＿＿＿＿＿＿＿＿＿
＿＿＿＿＿＿＿＿＿＿
＿＿＿＿＿＿＿＿＿＿
＿＿＿＿＿＿＿＿＿＿
＿＿＿＿＿＿＿＿＿＿
＿＿＿＿＿＿＿＿＿＿
＿＿＿＿＿＿＿＿＿＿
＿＿＿＿＿＿＿＿＿＿
＿＿＿＿□□＿＿＿＿
＿＿■□□□＿＿＿＿
＿＿■□□□＿＿＿＿
□■■□□□＿＿＿＿
□□□□□□＿＿＿□
□□□□□□□＿□□
□□□□□□□□□＿
□□□□□□□□□＿
□□□□□□□□□＿
□□□□□□□□＿□
00:41:24(74541f):field(74540f)
＿＿＿＿＿＿＿＿＿＿
＿＿＿＿＿＿＿＿＿＿
＿＿＿＿＿＿＿＿＿＿
＿＿＿＿＿＿＿＿＿＿
＿＿＿＿＿＿＿＿＿＿
＿＿＿＿＿＿＿＿＿＿
＿＿＿＿＿＿＿＿＿＿
＿＿＿＿＿＿＿＿＿＿
＿＿＿＿＿＿＿＿＿＿
＿＿＿＿＿＿＿＿＿＿
■＿＿＿□□＿＿＿＿
■＿□□□□＿＿＿＿
■■□□□□＿＿＿＿
□□□□□□＿＿＿＿
□□□□□□＿＿＿□
□□□□□□□＿□□
□□□□□□□□□＿
□□□□□□□□□＿
□□□□□□□□□＿
□□□□□□□□＿□
00:41:25(74557f):field(74556f)
＿＿＿＿＿＿＿＿＿＿
＿＿＿＿＿＿＿＿＿＿
＿＿＿＿＿＿＿＿＿＿
＿＿＿＿＿＿＿＿＿＿
＿＿＿＿＿＿＿＿＿＿
＿＿＿＿＿＿＿＿＿＿
＿＿＿＿＿＿＿＿＿＿
＿＿＿＿＿＿＿＿＿＿
＿＿＿＿＿＿＿＿＿＿
＿＿＿＿＿＿＿＿＿＿
◆＿＿＿◆◆＿＿＿＿
□＿◆◆□□＿＿＿＿
□◆□□□□＿＿＿＿
□□□□□□＿＿＿＿
□□□□□□＿＿■◆
□□□□□□◆■□□
□□□□□□□□□＿
□□□□□□□□□＿
□□□□□□□□□＿
□□□□□□□□＿□
00:41:25(74573f):field(74572f)
＿＿＿＿＿＿＿＿＿＿
＿＿＿＿＿＿＿＿＿＿
＿＿＿＿＿＿＿＿＿＿
＿＿＿＿＿＿＿＿＿＿
＿＿＿＿＿＿＿＿＿＿
＿＿＿＿＿＿＿＿＿＿
＿＿＿＿＿＿＿＿＿＿
＿＿＿＿＿＿＿＿＿＿
＿＿＿＿＿＿＿＿＿＿
＿＿＿＿＿＿＿＿＿＿
＿＿＿＿＿＿＿＿＿＿
◆＿＿＿◆◆＿＿＿＿
□＿◆◆□□＿＿＿＿
□◆□□□□■＿＿＿
□□□□□□■＿◆＿
□□□□□□■◆□◆
□□□□□□□□□＿
□□□□□□□□□＿
□□□□□□□□□＿
□□□□□□□□＿□
00:41:26(74584f):field(74583f)
＿＿＿＿＿＿＿＿＿＿
＿＿＿＿＿＿＿＿＿＿
＿＿＿＿＿＿＿＿＿＿
＿＿＿＿＿＿＿＿＿＿
＿＿＿＿＿＿＿＿＿＿
＿＿＿＿＿＿＿＿＿＿
＿＿＿＿＿＿＿＿＿＿
＿＿＿＿＿＿＿＿＿＿
＿＿＿＿＿＿＿＿＿＿
＿＿＿＿＿＿＿＿＿＿
＿＿＿＿■■＿＿＿＿
＿＿＿＿■■＿＿＿＿
□＿＿＿□□＿＿＿＿
□＿□□□□□＿＿＿
□□□□□□□＿＿＿
□□□□□□□＿□＿
□□□□□□□□□＿
□□□□□□□□□＿
□□□□□□□□□＿
□□□□□□□□＿□
00:41:26(74597f):field(74596f)
＿＿＿＿＿＿＿＿＿＿
＿＿＿＿＿＿＿＿＿＿
＿＿＿＿＿＿＿＿＿＿
＿＿＿＿＿＿＿＿＿＿
＿＿＿＿＿＿＿＿＿＿
＿＿＿＿＿＿＿＿＿＿
＿＿＿＿＿＿＿＿＿＿
＿＿＿＿＿＿＿＿＿＿
＿＿＿＿＿＿＿＿＿＿
＿＿＿＿＿＿＿＿＿＿
＿＿＿■□□＿＿＿＿
＿＿＿■□□＿＿＿＿
□＿■■□□＿＿＿＿
□＿□□□□□＿＿＿
□□□□□□□＿＿＿
□□□□□□□＿□＿
□□□□□□□□□＿
□□□□□□□□□＿
□□□□□□□□□＿
□□□□□□□□＿□
00:41:27(74610f):field(74609f)
＿＿＿＿＿＿＿＿＿＿
＿＿＿＿＿＿＿＿＿＿
＿＿＿＿＿＿＿＿＿＿
＿＿＿＿＿＿＿＿＿＿
＿＿＿＿＿＿＿＿＿＿
＿＿＿＿＿＿＿＿＿＿
＿＿＿＿＿＿＿＿＿＿
＿＿＿＿＿＿＿＿＿＿
＿＿＿＿＿＿＿＿＿＿
＿＿＿＿＿＿＿＿＿＿
＿＿＿□□□＿＿＿＿
＿＿＿□□□＿＿＿＿
□＿□□□□＿＿＿＿
□＿□□□□□■＿＿
□□□□□□□■■＿
□□□□□□□■□＿
□□□□□□□□□＿
□□□□□□□□□＿
□□□□□□□□□＿
□□□□□□□□＿□
00:41:27(74628f):field(74627f)
＿＿＿＿＿＿＿＿＿＿
＿＿＿＿＿＿＿＿＿＿
＿＿＿＿＿＿＿＿＿＿
＿＿＿＿＿＿＿＿＿＿
＿＿＿＿＿＿＿＿＿＿
＿＿＿＿＿＿＿＿＿＿
＿＿＿＿＿＿＿＿＿＿
＿＿＿＿＿＿＿＿＿＿
＿＿＿＿＿＿＿＿＿＿
＿＿＿＿＿＿＿＿＿＿
＿＿＿◆◆◆＿＿＿＿
＿＿＿□□□＿＿＿＿
◆＿◆□□□＿＿＿＿
□＿□□□□◆◆■＿
□◆□□□□□□□■
□□□□□□□□□＿
□□□□□□□□□＿
□□□□□□□□□＿
□□□□□□□□□＿
□□□□□□□□＿□
00:41:28(74644f):field(74643f)
＿＿＿＿＿＿＿＿＿＿
＿＿＿＿＿＿＿＿＿＿
＿＿＿＿＿＿＿＿＿＿
＿＿＿＿＿＿＿＿＿＿
＿＿＿＿＿＿＿＿＿＿
＿＿＿＿＿＿＿＿＿＿
＿＿＿＿＿＿＿＿＿＿
＿＿＿＿＿＿＿＿＿＿
＿＿＿＿＿＿＿＿＿＿
＿＿＿＿＿＿＿＿＿＿
＿＿＿＿＿＿＿＿＿＿
＿＿＿◆◆◆＿＿＿＿
＿＿＿□□□＿＿＿＿
□■◆□□□＿＿◆＿
□■□□□□◆◆□◆
□□□□□□□□□＿
□□□□□□□□□＿
□□□□□□□□□＿
□□□□□□□□□＿
□□□□□□□□＿□
00:41:28(74655f):field(74654f)
＿＿＿＿＿＿＿＿＿＿
＿＿＿＿＿＿＿＿＿＿
＿＿＿＿＿＿＿＿＿＿
＿＿＿＿＿＿＿＿＿＿
＿＿＿＿＿＿＿＿＿＿
＿＿＿＿＿＿＿＿＿＿
＿＿＿＿＿＿＿＿＿＿
＿＿＿＿＿＿＿＿＿＿
＿＿＿＿＿＿＿＿＿＿
＿＿＿＿＿＿＿＿＿＿
＿＿＿＿＿＿＿＿＿＿
＿＿＿＿＿＿＿＿＿＿
＿＿＿□□□＿＿■＿
□□＿□□□＿■■＿
□□□□□□＿■□＿
□□□□□□□□□＿
□□□□□□□□□＿
□□□□□□□□□＿
□□□□□□□□□＿
□□□□□□□□＿□
00:41:28(74668f):field(74667f)
＿＿＿＿＿＿＿＿＿＿
＿＿＿＿＿＿＿＿＿＿
＿＿＿＿＿＿＿＿＿＿
＿＿＿＿＿＿＿＿＿＿
＿＿＿＿＿＿＿＿＿＿
＿＿＿＿＿＿＿＿＿＿
＿＿＿＿＿＿＿＿＿＿
＿＿＿＿＿＿＿＿＿＿
＿＿＿＿＿＿＿＿＿＿
＿＿＿＿＿＿＿＿＿＿
＿＿＿＿＿＿＿＿＿＿
＿＿＿＿＿＿＿＿＿＿
＿＿＿□□□■■□＿
□□＿□□□■□□＿
□□□□□□■□□＿
□□□□□□□□□＿
□□□□□□□□□＿
□□□□□□□□□＿
□□□□□□□□□＿
□□□□□□□□＿□
00:41:29(74679f):field(74678f)
＿＿＿＿＿＿＿＿＿＿
＿＿＿＿＿＿＿＿＿＿
＿＿＿＿＿＿＿＿＿＿
＿＿＿＿＿＿＿＿＿＿
＿＿＿＿＿＿＿＿＿＿
＿＿＿＿＿＿＿＿＿＿
＿＿＿＿＿＿＿＿＿＿
＿＿＿＿＿＿＿＿＿＿
＿＿＿＿＿＿＿＿＿＿
＿＿＿＿＿＿＿＿＿＿
＿＿＿■■＿＿＿＿＿
＿＿＿■■＿＿＿＿＿
＿＿＿□□□□□□＿
□□＿□□□□□□＿
□□□□□□□□□＿
□□□□□□□□□＿
□□□□□□□□□＿
□□□□□□□□□＿
□□□□□□□□□＿
□□□□□□□□＿□
00:41:29(74694f):field(74693f)
＿＿＿＿＿＿＿＿＿＿
＿＿＿＿＿＿＿＿＿＿
＿＿＿＿＿＿＿＿＿＿
＿＿＿＿＿＿＿＿＿＿
＿＿＿＿＿＿＿＿＿＿
＿＿＿＿＿＿＿＿＿＿
＿＿＿＿＿＿＿＿＿＿
＿＿＿＿＿＿＿＿＿＿
＿＿＿＿＿＿＿＿＿＿
＿＿＿＿＿＿＿＿＿＿
＿＿＿□□＿＿＿＿＿
＿＿■□□＿＿＿＿＿
＿■■□□□□□□＿
□□■□□□□□□＿
□□□□□□□□□＿
□□□□□□□□□＿
□□□□□□□□□＿
□□□□□□□□□＿
□□□□□□□□□＿
□□□□□□□□＿□
00:41:30(74711f):field(74710f)
＿＿＿＿＿＿＿＿＿＿
＿＿＿＿＿＿＿＿＿＿
＿＿＿＿＿＿＿＿＿＿
＿＿＿＿＿＿＿＿＿＿
＿＿＿＿＿＿＿＿＿＿
＿＿＿＿＿＿＿＿＿＿
＿＿＿＿＿＿＿＿＿＿
＿＿＿＿＿＿＿＿＿＿
＿＿＿＿＿＿＿＿＿＿
＿＿＿＿＿＿＿＿＿＿
＿＿＿◆◆＿＿＿＿＿
＿＿◆◆◆＿＿＿＿＿
＿◆◆◆◆◆◆◆◆＿
◆◆◆◆◆◆◆◆◆＿
◆◆◆□□◆◆◆◆＿
◆□□□□◆◆◆◆＿
◆□□□□□□□□＿
□□□□□□□□□＿
□□□□□□□□□＿
□□□□□□□□＿□
00:41:30(74724f):field(74723f)
＿＿＿＿＿＿＿＿＿＿
＿＿＿＿＿＿＿＿＿＿
＿＿＿＿＿＿＿＿＿＿
＿＿＿＿＿＿＿＿＿＿
＿＿＿＿＿＿＿＿＿＿
＿＿＿＿＿＿＿＿＿＿
＿＿＿＿＿＿＿＿＿＿
＿＿＿＿＿＿＿＿＿＿
＿＿＿＿＿＿＿＿＿＿
＿＿＿＿＿＿＿＿＿＿
＿＿＿＿＿＿＿＿＿＿
＿＿＿＿＿＿＿＿＿＿
＿＿＿＿＿＿＿＿＿＿
＿＿＿＿＿＿＿＿＿＿
＿＿＿□□＿■■＿＿
＿◆□□□■■＿＿＿
＿□□□□□□□□＿
□□□□□□□□□＿
□□□□□□□□□＿
□□□□□□□□＿□
00:41:31(74737f):field(74736f)
＿＿＿＿＿＿＿＿＿＿
＿＿＿＿＿＿＿＿＿＿
＿＿＿＿＿＿＿＿＿＿
＿＿＿＿＿＿＿＿＿＿
＿＿＿＿＿＿＿＿＿＿
＿＿＿＿＿＿＿＿＿＿
＿＿＿＿＿＿＿＿＿＿
＿＿＿＿＿＿＿＿＿＿
＿＿＿＿＿＿＿＿＿＿
＿＿＿＿＿＿＿＿＿＿
＿＿＿＿＿＿＿＿＿＿
＿＿＿＿＿＿＿＿＿＿
＿＿＿＿＿＿＿＿＿＿
＿＿＿＿＿■■■＿＿
＿＿＿□□■□□＿＿
＿＿□□□□□＿＿＿
＿□□□□□□□□＿
□□□□□□□□□＿
□□□□□□□□□＿
□□□□□□□□＿□
00:41:31(74752f):field(74751f)
＿＿＿＿＿＿＿＿＿＿
＿＿＿＿＿＿＿＿＿＿
＿＿＿＿＿＿＿＿＿＿
＿＿＿＿＿＿＿＿＿＿
＿＿＿＿＿＿＿＿＿＿
＿＿＿＿＿＿＿＿＿＿
＿＿＿＿＿＿＿＿＿＿
＿＿＿＿＿＿＿＿＿＿
＿＿＿＿＿＿＿＿＿＿
＿＿＿＿＿＿＿＿＿＿
＿＿＿＿＿＿＿＿＿＿
＿＿＿＿＿＿＿＿＿＿
＿＿＿＿＿＿＿＿＿＿
＿＿＿＿＿□□□■＿
＿＿＿□□□□□■＿
＿＿□□□□□■■＿
＿□□□□□□□□＿
□□□□□□□□□＿
□□□□□□□□□＿
□□□□□□□□＿□
00:41:32(74765f):field(74764f)
＿＿＿＿＿＿＿＿＿＿
＿＿＿＿＿＿＿＿＿＿
＿＿＿＿＿＿＿＿＿＿
＿＿＿＿＿＿＿＿＿＿
＿＿＿＿＿＿＿＿＿＿
＿＿＿＿＿＿＿＿＿＿
＿＿＿＿＿＿＿＿＿＿
＿＿＿＿＿＿＿＿＿＿
＿＿＿＿＿＿＿＿＿＿
＿＿＿＿＿＿＿＿＿＿
＿＿＿＿＿＿＿＿＿＿
＿＿＿＿＿＿＿＿＿＿
＿＿＿■■＿＿＿＿＿
＿＿＿■■□□□□＿
＿＿＿□□□□□□＿
＿＿□□□□□□□＿
＿□□□□□□□□＿
□□□□□□□□□＿
□□□□□□□□□＿
□□□□□□□□＿□
00:41:32(74778f):field(74777f)
＿＿＿＿＿＿＿＿＿＿
＿＿＿＿＿＿＿＿＿＿
＿＿＿＿＿＿＿＿＿＿
＿＿＿＿＿＿＿＿＿＿
＿＿＿＿＿＿＿＿＿＿
＿＿＿＿＿＿＿＿＿＿
＿＿＿＿＿＿＿＿＿＿
＿＿＿＿＿＿＿＿＿＿
＿＿＿＿＿＿＿＿＿＿
＿＿＿＿＿＿＿＿＿＿
＿＿＿＿＿＿＿＿＿＿
＿＿＿＿＿＿＿＿＿＿
＿＿＿□□＿＿＿＿＿
＿＿＿□□□□□□＿
■＿＿□□□□□□＿
■■□□□□□□□＿
■□□□□□□□□＿
□□□□□□□□□＿
□□□□□□□□□＿
□□□□□□□□＿□
00:41:33(74796f):field(74795f)
＿＿＿＿＿＿＿＿＿＿
＿＿＿＿＿＿＿＿＿＿
＿＿＿＿＿＿＿＿＿＿
＿＿＿＿＿＿＿＿＿＿
＿＿＿＿＿＿＿＿＿＿
＿＿＿＿＿＿＿＿＿＿
＿＿＿＿＿＿＿＿＿＿
＿＿＿＿＿＿＿＿＿＿
＿＿＿＿＿＿＿＿＿＿
＿＿＿＿＿＿＿＿＿＿
＿＿＿＿＿＿＿＿＿＿
＿＿＿＿＿＿＿＿＿＿
＿＿＿◆◆＿＿＿＿＿
＿＿＿◆◆◆◆◆◆＿
◆＿＿◆□◆◆◆◆＿
◆◆◆◆◆◆□◆◆■
◆◆◆□□◆◆◆◆＿
◆◆□□□□□□□＿
□□□□□□□□□＿
□□□□□□□□＿□
00:41:33(74807f):field(74806f)
＿＿＿＿＿＿＿＿＿＿
＿＿＿＿＿＿＿＿＿＿
＿＿＿＿＿＿＿＿＿＿
＿＿＿＿＿＿＿＿＿＿
＿＿＿＿＿＿＿＿＿＿
＿＿＿＿＿＿＿＿＿＿
＿＿＿＿＿＿＿＿＿＿
＿＿＿＿＿＿＿＿＿＿
＿＿＿＿＿＿＿＿＿＿
＿＿＿＿＿＿＿＿＿＿
＿＿＿＿＿＿＿＿＿＿
＿＿＿＿＿＿＿＿＿＿
＿＿＿＿＿＿＿＿＿＿
＿＿＿＿＿＿＿＿＿＿
＿＿＿＿◆＿＿＿＿＿
＿＿＿＿＿＿◆＿＿◆
＿■＿□□＿＿＿＿＿
＿■◆□□□□□□＿
□□□□□□□□□＿
□□□□□□□□＿□
00:41:34(74820f):field(74819f)
＿＿＿＿＿＿＿＿＿＿
＿＿＿＿＿＿＿＿＿＿
＿＿＿＿＿＿＿＿＿＿
＿＿＿＿＿＿＿＿＿＿
＿＿＿＿＿＿＿＿＿＿
＿＿＿＿＿＿＿＿＿＿
＿＿＿＿＿＿＿＿＿＿
＿＿＿＿＿＿＿＿＿＿
＿＿＿＿＿＿＿＿＿＿
＿＿＿＿＿＿＿＿＿＿
＿＿＿＿＿＿＿＿＿＿
＿＿＿＿＿＿＿＿＿＿
＿＿＿＿＿＿＿＿＿＿
＿＿＿＿＿＿＿＿＿＿
＿＿＿＿＿＿＿＿＿＿
＿＿＿＿■■＿＿＿＿
＿□＿□□■■＿＿＿
＿□＿□□□□□□＿
□□□□□□□□□＿
□□□□□□□□＿□
00:41:34(74836f):field(74835f)
＿＿＿＿＿＿＿＿＿＿
＿＿＿＿＿＿＿＿＿＿
＿＿＿＿＿＿＿＿＿＿
＿＿＿＿＿＿＿＿＿＿
＿＿＿＿＿＿＿＿＿＿
＿＿＿＿＿＿＿＿＿＿
＿＿＿＿＿＿＿＿＿＿
＿＿＿＿＿＿＿＿＿＿
＿＿＿＿＿＿＿＿＿＿
＿＿＿＿＿＿＿＿＿＿
＿＿＿＿＿＿＿＿＿＿
＿＿＿＿＿＿＿＿＿＿
＿＿＿＿＿＿＿＿＿＿
＿＿＿＿＿＿＿＿＿＿
＿＿＿＿＿＿＿＿＿＿
■■＿＿□□＿＿＿＿
■□＿□□□□＿＿＿
■□＿□□□□□□＿
□□□□□□□□□＿
□□□□□□□□＿□
00:41:34(74848f):field(74847f)
＿＿＿＿＿＿＿＿＿＿
＿＿＿＿＿＿＿＿＿＿
＿＿＿＿＿＿＿＿＿＿
＿＿＿＿＿＿＿＿＿＿
＿＿＿＿＿＿＿＿＿＿
＿＿＿＿＿＿＿＿＿＿
＿＿＿＿＿＿＿＿＿＿
＿＿＿＿＿＿＿＿＿＿
＿＿＿＿＿＿＿＿＿＿
＿＿＿＿＿＿＿＿＿＿
＿＿＿＿＿＿＿＿＿＿
＿＿＿＿＿＿＿＿＿＿
＿＿＿＿＿＿＿＿＿＿
＿＿＿■＿＿＿＿＿＿
＿＿＿■■＿＿＿＿＿
□□＿■□□＿＿＿＿
□□＿□□□□＿＿＿
□□＿□□□□□□＿
□□□□□□□□□＿
□□□□□□□□＿□
00:41:35(74867f):field(74866f)
＿＿＿＿＿＿＿＿＿＿
＿＿＿＿＿＿＿＿＿＿
＿＿＿＿＿＿＿＿＿＿
＿＿＿＿＿＿＿＿＿＿
＿＿＿＿＿＿＿＿＿＿
＿＿＿＿＿＿＿＿＿＿
＿＿＿＿＿＿＿＿＿＿
＿＿＿＿＿＿＿＿＿＿
＿＿＿＿＿＿＿＿＿＿
＿＿＿＿＿＿＿＿＿＿
＿＿＿＿＿＿＿＿＿＿
＿＿＿＿＿＿＿＿＿＿
＿＿＿＿＿＿＿＿＿＿
＿＿＿□＿＿＿＿＿＿
＿＿■□□＿＿＿＿＿
□□■□□□＿＿＿＿
□□■□□□□＿＿＿
□□■□□□□□□＿
□□□□□□□□□＿
□□□□□□□□＿□
00:41:35(74879f):field(74878f)
＿＿＿＿＿＿＿＿＿＿
＿＿＿＿＿＿＿＿＿＿
＿＿＿＿＿＿＿＿＿＿
＿＿＿＿＿＿＿＿＿＿
＿＿＿＿＿＿＿＿＿＿
＿＿＿＿＿＿＿＿＿＿
＿＿＿＿＿＿＿＿＿＿
＿＿＿＿＿＿＿＿＿＿
＿＿＿＿＿＿＿＿＿＿
＿＿＿＿＿＿＿＿＿＿
＿＿＿＿＿＿＿＿＿＿
＿＿＿＿＿＿＿＿＿＿
＿＿＿＿＿＿＿＿＿＿
＿■■□＿＿＿＿＿＿
■■□□□＿＿＿＿＿
□□□□□□＿＿＿＿
□□□□□□□＿＿＿
□□□□□□□□□＿
□□□□□□□□□＿
□□□□□□□□＿□
00:41:36(74893f):field(74892f)
＿＿＿＿＿＿＿＿＿＿
＿＿＿＿＿＿＿＿＿＿
＿＿＿＿＿＿＿＿＿＿
＿＿＿＿＿＿＿＿＿＿
＿＿＿＿＿＿＿＿＿＿
＿＿＿＿＿＿＿＿＿＿
＿＿＿＿＿＿＿＿＿＿
＿＿＿＿＿＿＿＿＿＿
＿＿＿＿＿＿＿＿＿＿
＿＿＿＿＿＿＿＿＿＿
＿＿＿＿＿＿＿＿＿＿
＿＿＿＿＿＿＿＿＿＿
＿＿＿＿＿＿＿＿＿＿
＿□□□＿＿＿＿＿＿
□□□□□＿＿＿＿＿
□□□□□□＿■■＿
□□□□□□□■■＿
□□□□□□□□□＿
□□□□□□□□□＿
□□□□□□□□＿□
00:41:36(74906f):field(74905f)
＿＿＿＿＿＿＿＿＿＿
＿＿＿＿＿＿＿＿＿＿
＿＿＿＿＿＿＿＿＿＿
＿＿＿＿＿＿＿＿＿＿
＿＿＿＿＿＿＿＿＿＿
＿＿＿＿＿＿＿＿＿＿
＿＿＿＿＿＿＿＿＿＿
＿＿＿＿＿＿＿＿＿＿
＿＿＿＿＿＿＿＿＿＿
＿＿＿＿＿＿＿＿＿＿
＿＿＿＿＿＿＿＿＿＿
＿＿＿＿＿＿＿＿＿＿
＿＿■■■＿＿＿＿＿
＿□□□■＿＿＿＿＿
□□□□□＿＿＿＿＿
□□□□□□＿□□＿
□□□□□□□□□＿
□□□□□□□□□＿
□□□□□□□□□＿
□□□□□□□□＿□
00:41:37(74920f):field(74919f)
＿＿＿＿＿＿＿＿＿＿
＿＿＿＿＿＿＿＿＿＿
＿＿＿＿＿＿＿＿＿＿
＿＿＿＿＿＿＿＿＿＿
＿＿＿＿＿＿＿＿＿＿
＿＿＿＿＿＿＿＿＿＿
＿＿＿＿＿＿＿＿＿＿
＿＿＿＿＿＿＿＿＿＿
＿＿＿＿＿＿＿＿＿＿
＿＿＿＿＿＿＿＿＿＿
＿＿＿＿＿＿＿＿＿＿
■＿＿＿＿＿＿＿＿＿
■■□□□＿＿＿＿＿
■□□□□＿＿＿＿＿
□□□□□＿＿＿＿＿
□□□□□□＿□□＿
□□□□□□□□□＿
□□□□□□□□□＿
□□□□□□□□□＿
□□□□□□□□＿□
00:41:37(74933f):field(74932f)
＿＿＿＿＿＿＿＿＿＿
＿＿＿＿＿＿＿＿＿＿
＿＿＿＿＿＿＿＿＿＿
＿＿＿＿＿＿＿＿＿＿
＿＿＿＿＿＿＿＿＿＿
＿＿＿＿＿＿＿＿＿＿
＿＿＿＿＿＿＿＿＿＿
＿＿＿＿＿＿＿＿＿＿
＿＿＿＿＿＿＿＿＿＿
＿＿＿＿＿＿＿＿＿＿
＿＿＿＿＿＿＿＿＿＿
□＿＿＿＿＿＿＿＿＿
□□□□□＿＿＿＿＿
□□□□□＿＿＿＿＿
□□□□□＿■■■＿
□□□□□□■□□＿
□□□□□□□□□＿
□□□□□□□□□＿
□□□□□□□□□＿
□□□□□□□□＿□
00:41:38(74945f):field(74944f)
＿＿＿＿＿＿＿＿＿＿
＿＿＿＿＿＿＿＿＿＿
＿＿＿＿＿＿＿＿＿＿
＿＿＿＿＿＿＿＿＿＿
＿＿＿＿＿＿＿＿＿＿
＿＿＿＿＿＿＿＿＿＿
＿＿＿＿＿＿＿＿＿＿
＿＿＿＿＿＿＿＿＿＿
＿＿＿＿＿＿＿＿＿＿
＿＿＿＿＿＿＿＿＿＿
＿＿＿＿＿＿＿＿＿＿
□＿＿＿＿＿＿＿＿＿
□□□□□＿■＿＿＿
□□□□□■■＿＿＿
□□□□□■□□□＿
□□□□□□□□□＿
□□□□□□□□□＿
□□□□□□□□□＿
□□□□□□□□□＿
□□□□□□□□＿□
00:41:38(74958f):field(74957f)
＿＿＿＿＿＿＿＿＿＿
＿＿＿＿＿＿＿＿＿＿
＿＿＿＿＿＿＿＿＿＿
＿＿＿＿＿＿＿＿＿＿
＿＿＿＿＿＿＿＿＿＿
＿＿＿＿＿＿＿＿＿＿
＿＿＿＿＿＿＿＿＿＿
＿＿＿＿＿＿＿＿＿＿
＿＿＿＿＿＿＿＿＿＿
＿＿＿＿＿＿＿＿＿＿
＿＿＿＿■＿＿＿＿＿
□＿＿＿■■＿＿＿＿
□□□□□■□＿＿＿
□□□□□□□＿＿＿
□□□□□□□□□＿
□□□□□□□□□＿
□□□□□□□□□＿
□□□□□□□□□＿
□□□□□□□□□＿
□□□□□□□□＿□
00:41:39(74970f):field(74969f)
＿＿＿＿＿＿＿＿＿＿
＿＿＿＿＿＿＿＿＿＿
＿＿＿＿＿＿＿＿＿＿
＿＿＿＿＿＿＿＿＿＿
＿＿＿＿＿＿＿＿＿＿
＿＿＿＿＿＿＿＿＿＿
＿＿＿＿＿＿＿＿＿＿
＿＿＿＿＿＿＿＿＿＿
＿＿＿＿＿＿＿＿＿＿
＿＿＿＿＿＿＿＿＿＿
＿■＿＿□＿＿＿＿＿
□■■■□□＿＿＿＿
□□□□□□□＿＿＿
□□□□□□□＿＿＿
□□□□□□□□□＿
□□□□□□□□□＿
□□□□□□□□□＿
□□□□□□□□□＿
□□□□□□□□□＿
□□□□□□□□＿□
00:41:39(74988f):field(74987f)
＿＿＿＿＿＿＿＿＿＿
＿＿＿＿＿＿＿＿＿＿
＿＿＿＿＿＿＿＿＿＿
＿＿＿＿＿＿＿＿＿＿
＿＿＿＿＿＿＿＿＿＿
＿＿＿＿＿＿＿＿＿＿
＿＿＿＿＿＿＿＿＿＿
＿＿＿＿＿＿＿＿＿＿
＿＿＿＿＿＿＿＿＿＿
＿＿＿＿＿＿＿＿＿＿
＿◆＿＿◆＿＿＿＿＿
◆◆◆◆◆◆＿＿＿＿
◆◆◆◆◆◆◆＿＿＿
◆◆◆◆◆◆◆＿＿＿
◆□◆◆□◆◆◆◆＿
□□□□□□◆◆◆■
□□□□□□□◆◆＿
□□□□□□□◆◆＿
□□□□□□□□□＿
□□□□□□□□＿□
00:41:40(75002f):field(75001f)
＿＿＿＿＿＿＿＿＿＿
＿＿＿＿＿＿＿＿＿＿
＿＿＿＿＿＿＿＿＿＿
＿＿＿＿＿＿＿＿＿＿
＿＿＿＿＿＿＿＿＿＿
＿＿＿＿＿＿＿＿＿＿
＿＿＿＿＿＿＿＿＿＿
＿＿＿＿＿＿＿＿＿＿
＿＿＿＿＿＿＿＿＿＿
＿＿＿＿＿＿＿＿＿＿
＿＿＿＿＿＿＿＿＿＿
＿＿＿＿＿＿＿＿＿＿
＿＿＿＿＿＿＿＿＿＿
＿＿＿■■■＿＿＿＿
＿□＿■□＿＿＿＿＿
□□□□□□＿＿＿◆
□□□□□□□＿＿＿
□□□□□□□＿＿＿
□□□□□□□□□＿
□□□□□□□□＿□
00:41:40(75020f):field(75019f)
＿＿＿＿＿＿＿＿＿＿
＿＿＿＿＿＿＿＿＿＿
＿＿＿＿＿＿＿＿＿＿
＿＿＿＿＿＿＿＿＿＿
＿＿＿＿＿＿＿＿＿＿
＿＿＿＿＿＿＿＿＿＿
＿＿＿＿＿＿＿＿＿＿
＿＿＿＿＿＿＿＿＿＿
＿＿＿＿＿＿＿＿＿＿
＿＿＿＿＿＿＿＿＿＿
＿＿＿＿＿＿＿＿＿＿
＿＿＿＿＿＿＿＿＿＿
■＿＿＿＿＿＿＿＿＿
■■＿□□□＿＿＿＿
■□＿□□＿＿＿＿＿
□□□□□□＿＿＿＿
□□□□□□□＿＿＿
□□□□□□□＿＿＿
□□□□□□□□□＿
□□□□□□□□＿□
00:41:41(75032f):field(75031f)
＿＿＿＿＿＿＿＿＿＿
＿＿＿＿＿＿＿＿＿＿
＿＿＿＿＿＿＿＿＿＿
＿＿＿＿＿＿＿＿＿＿
＿＿＿＿＿＿＿＿＿＿
＿＿＿＿＿＿＿＿＿＿
＿＿＿＿＿＿＿＿＿＿
＿＿＿＿＿＿＿＿＿＿
＿＿＿＿＿＿＿＿＿＿
＿＿＿＿＿＿＿＿＿＿
■＿＿＿＿＿＿＿＿＿
■■＿＿＿＿＿＿＿＿
□■＿＿＿＿＿＿＿＿
□□＿□□□＿＿＿＿
□□＿□□＿＿＿＿＿
□□□□□□＿＿＿＿
□□□□□□□＿＿＿
□□□□□□□＿＿＿
□□□□□□□□□＿
□□□□□□□□＿□
00:41:41(75050f):field(75049f)
＿＿＿＿＿＿＿＿＿＿
＿＿＿＿＿＿＿＿＿＿
＿＿＿＿＿＿＿＿＿＿
＿＿＿＿＿＿＿＿＿＿
＿＿＿＿＿＿＿＿＿＿
＿＿＿＿＿＿＿＿＿＿
＿＿＿＿＿＿＿＿＿＿
＿＿＿＿＿＿＿＿＿＿
＿＿＿＿＿＿＿＿＿＿
＿＿＿＿＿＿＿＿＿＿
□＿＿＿＿＿＿＿＿＿
□□＿＿＿＿＿＿＿＿
□□＿＿＿＿＿＿＿＿
□□＿□□□＿＿＿＿
□□＿□□■■＿＿＿
□□□□□□■■＿＿
□□□□□□□＿＿＿
□□□□□□□＿＿＿
□□□□□□□□□＿
□□□□□□□□＿□
00:41:42(75061f):field(75060f)
＿＿＿＿＿＿＿＿＿＿
＿＿＿＿＿＿＿＿＿＿
＿＿＿＿＿＿＿＿＿＿
＿＿＿＿＿＿＿＿＿＿
＿＿＿＿＿＿＿＿＿＿
＿＿＿＿＿＿＿＿＿＿
＿＿＿＿＿＿＿＿＿＿
＿＿＿＿＿＿＿＿＿＿
＿＿＿＿＿＿＿＿＿＿
＿＿＿＿＿＿＿＿＿＿
□＿＿＿＿＿＿＿＿＿
□□＿＿＿＿＿＿＿＿
□□■■＿＿＿＿＿＿
□□■□□□＿＿＿＿
□□■□□□□＿＿＿
□□□□□□□□＿＿
□□□□□□□＿＿＿
□□□□□□□＿＿＿
□□□□□□□□□＿
□□□□□□□□＿□
00:41:42(75075f):field(75074f)
＿＿＿＿＿＿＿＿＿＿
＿＿＿＿＿＿＿＿＿＿
＿＿＿＿＿＿＿＿＿＿
＿＿＿＿＿＿＿＿＿＿
＿＿＿＿＿＿＿＿＿＿
＿＿＿＿＿＿＿＿＿＿
＿＿＿＿＿＿＿＿＿＿
＿＿＿＿＿＿＿＿＿＿
＿＿＿＿＿＿＿＿＿＿
＿＿＿＿＿＿＿＿＿＿
□＿＿＿＿＿＿＿＿＿
□□＿＿＿＿＿＿＿＿
□□□□＿＿＿＿＿＿
□□□□□□＿＿＿＿
□□□□□□□＿＿＿
□□□□□□□□＿＿
□□□□□□□■■＿
□□□□□□□■■＿
□□□□□□□□□＿
□□□□□□□□＿□
00:41:42(75087f):field(75086f)
＿＿＿＿＿＿＿＿＿＿
＿＿＿＿＿＿＿＿＿＿
＿＿＿＿＿＿＿＿＿＿
＿＿＿＿＿＿＿＿＿＿
＿＿＿＿＿＿＿＿＿＿
＿＿＿＿＿＿＿＿＿＿
＿＿＿＿＿＿＿＿＿＿
＿＿＿＿＿＿＿＿＿＿
＿＿＿＿＿＿＿＿＿＿
＿＿＿＿＿＿＿＿＿＿
◆＿＿＿＿＿＿＿＿＿
◆◆＿＿＿＿＿＿＿＿
◆◆◆◆＿＿＿＿＿＿
□◆◆◆◆◆＿＿＿＿
□□◆◆◆◆◆＿＿＿
□□□□◆◆◆◆＿＿
□□□□□□◆□◆＿
□□□□□□□□◆＿
□□□□□□□□◆■
□□□□□□□□＿□
00:41:43(75099f):field(75098f)
＿＿＿＿＿＿＿＿＿＿
＿＿＿＿＿＿＿＿＿＿
＿＿＿＿＿＿＿＿＿＿
＿＿＿＿＿＿＿＿＿＿
＿＿＿＿＿＿＿＿＿＿
＿＿＿＿＿＿＿＿＿＿
＿＿＿＿＿＿＿＿＿＿
＿＿＿＿＿＿＿＿＿＿
＿＿＿＿＿＿＿＿＿＿
＿＿＿＿＿＿＿＿＿＿
＿＿＿＿＿＿＿＿＿＿
＿＿＿＿＿＿＿＿＿＿
＿＿＿＿＿＿＿＿＿＿
◆＿＿＿＿＿＿＿＿＿
◆◆＿＿＿＿＿＿＿＿
□◆◆◆＿＿＿＿＿＿
□□◆◆◆◆＿◆＿＿
□□□□◆◆□◆＿＿
□□□□□□◆◆■◆
□□□□□□□□＿□
00:41:43(75111f):field(75110f)
＿＿＿＿＿＿＿＿＿＿
＿＿＿＿＿＿＿＿＿＿
＿＿＿＿＿＿＿＿＿＿
＿＿＿＿＿＿＿＿＿＿
＿＿＿＿＿＿＿＿＿＿
＿＿＿＿＿＿＿＿＿＿
＿＿＿＿＿＿＿＿＿＿
＿＿＿＿＿＿＿＿＿＿
＿＿＿＿＿＿＿＿＿＿
＿＿＿＿＿＿＿＿＿＿
＿＿＿＿＿＿＿＿＿＿
＿＿＿＿＿＿＿＿＿＿
＿＿＿＿＿＿＿＿＿＿
＿＿＿＿＿＿＿＿＿＿
＿＿＿＿＿＿＿＿＿＿
◆＿＿＿＿＿＿＿＿＿
□◆＿＿＿＿＿＿＿＿
□□◆◆＿＿◆＿＿＿
□□□□◆◆＿＿◆■
□□□□□□◆◆■□
00:41:44(75124f):field(75123f)
＿＿＿＿＿＿＿＿＿＿
＿＿＿＿＿＿＿＿＿＿
＿＿＿＿＿＿＿＿＿＿
＿＿＿＿＿＿＿＿＿＿
＿＿＿＿＿＿＿＿＿＿
＿＿＿＿＿＿＿＿＿＿
＿＿＿＿＿＿＿＿＿＿
＿＿＿＿＿＿＿＿＿＿
＿＿＿＿＿＿＿＿＿＿
＿＿＿＿＿＿＿＿＿＿
＿＿＿＿＿＿＿＿＿＿
＿＿＿＿＿＿＿＿＿＿
＿＿＿＿＿＿＿＿＿＿
＿＿＿＿＿＿＿＿＿＿
＿＿＿＿＿＿＿＿＿＿
＿＿＿＿＿＿＿＿＿＿
◆＿＿＿＿＿＿＿＿＿
□◆＿＿＿＿＿＿＿＿
□□◆◆＿＿＿＿■◆
□□□□◆◆■■□□
00:41:44(75135f):field(75134f)
＿＿＿＿＿＿＿＿＿＿
＿＿＿＿＿＿＿＿＿＿
＿＿＿＿＿＿＿＿＿＿
＿＿＿＿＿＿＿＿＿＿
＿＿＿＿＿＿＿＿＿＿
＿＿＿＿＿＿＿＿＿＿
＿＿＿＿＿＿＿＿＿＿
＿＿＿＿＿＿＿＿＿＿
＿＿＿＿＿＿＿＿＿＿
＿＿＿＿＿＿＿＿＿＿
＿＿＿＿＿＿＿＿＿＿
＿＿＿＿＿＿＿＿＿＿
＿＿＿＿＿＿＿＿＿＿
＿＿＿＿＿＿＿＿＿＿
＿＿＿＿＿＿＿＿＿＿
＿＿＿＿＿＿＿＿＿＿
＿＿＿＿＿＿＿＿＿＿
◆＿＿＿＿＿＿＿＿＿
□◆■＿＿＿＿＿◆＿
□□◆◆＿■□◆◆◆
00:41:44(75147f):field(75146f)
＿＿＿＿＿＿＿＿＿＿
＿＿＿＿＿＿＿＿＿＿
＿＿＿＿＿＿＿＿＿＿
＿＿＿＿＿＿＿＿＿＿
＿＿＿＿＿＿＿＿＿＿
＿＿＿＿＿＿＿＿＿＿
＿＿＿＿＿＿＿＿＿＿
＿＿＿＿＿＿＿＿＿＿
＿＿＿＿＿＿＿＿＿＿
＿＿＿＿＿＿＿＿＿＿
＿＿＿＿＿＿＿＿＿＿
＿＿＿＿＿＿＿＿＿＿
＿＿＿＿＿＿＿＿＿＿
＿＿＿＿＿＿＿＿＿＿
＿＿＿＿＿＿＿＿＿＿
＿＿＿＿＿＿＿＿＿＿
＿＿＿＿＿＿＿＿＿＿
＿＿＿＿＿＿＿＿＿＿
□＿□＿＿＿＿＿＿＿
□□■■■◆□＿＿＿
00:41:45(75157f):field(75156f)
＿＿＿＿＿＿＿＿＿＿
＿＿＿＿＿＿＿＿＿＿
＿＿＿＿＿＿＿＿＿＿
＿＿＿＿＿＿＿＿＿＿
＿＿＿＿＿＿＿＿＿＿
＿＿＿＿＿＿＿＿＿＿
＿＿＿＿＿＿＿＿＿＿
＿＿＿＿＿＿＿＿＿＿
＿＿＿＿＿＿＿＿＿＿
＿＿＿＿＿＿＿＿＿＿
＿＿＿＿＿＿＿＿＿＿
＿＿＿＿＿＿＿＿＿＿
＿＿＿＿＿＿＿＿＿＿
＿＿＿＿＿＿＿＿＿＿
＿＿＿＿＿＿＿＿＿＿
＿＿＿＿＿＿＿＿＿＿
＿＿＿＿＿＿＿＿＿＿
＿＿＿＿＿＿＿＿＿＿
□＿□＿■■■＿＿＿
□□□□□■□＿＿＿
00:41:45(75172f):field(75171f)
＿＿＿＿＿＿＿＿＿＿
＿＿＿＿＿＿＿＿＿＿
＿＿＿＿＿＿＿＿＿＿
＿＿＿＿＿＿＿＿＿＿
＿＿＿＿＿＿＿＿＿＿
＿＿＿＿＿＿＿＿＿＿
＿＿＿＿＿＿＿＿＿＿
＿＿＿＿＿＿＿＿＿＿
＿＿＿＿＿＿＿＿＿＿
＿＿＿＿＿＿＿＿＿＿
＿＿＿＿＿＿＿＿＿＿
＿＿＿＿＿＿＿＿＿＿
＿＿＿＿＿＿＿＿＿＿
＿＿＿＿＿＿＿＿＿＿
＿＿＿＿＿＿＿＿＿＿
＿＿＿＿＿＿＿＿＿＿
＿＿＿＿＿＿＿＿＿＿
＿＿＿＿＿＿＿＿＿＿
□＿□＿□□□■■＿
□□□□□□□■■＿
00:41:46(75184f):field(75183f)
＿＿＿＿＿＿＿＿＿＿
＿＿＿＿＿＿＿＿＿＿
＿＿＿＿＿＿＿＿＿＿
＿＿＿＿＿＿＿＿＿＿
＿＿＿＿＿＿＿＿＿＿
＿＿＿＿＿＿＿＿＿＿
＿＿＿＿＿＿＿＿＿＿
＿＿＿＿＿＿＿＿＿＿
＿＿＿＿＿＿＿＿＿＿
＿＿＿＿＿＿＿＿＿＿
＿＿＿＿＿＿＿＿＿＿
＿＿＿＿＿＿＿＿＿＿
＿＿＿＿＿＿＿＿＿＿
＿＿＿＿＿＿＿＿＿＿
＿＿＿＿＿＿＿＿＿＿
＿＿＿＿＿＿＿＿＿＿
■＿＿＿＿＿＿＿＿＿
■■＿＿＿＿＿＿＿＿
□■□＿□□□□□＿
□□□□□□□□□＿
00:41:46(75195f):field(75194f)
＿＿＿＿＿＿＿＿＿＿
＿＿＿＿＿＿＿＿＿＿
＿＿＿＿＿＿＿＿＿＿
＿＿＿＿＿＿＿＿＿＿
＿＿＿＿＿＿＿＿＿＿
＿＿＿＿＿＿＿＿＿＿
＿＿＿＿＿＿＿＿＿＿
＿＿＿＿＿＿＿＿＿＿
＿＿＿＿＿＿＿＿＿＿
＿＿＿＿＿＿＿＿＿＿
＿＿＿＿＿＿＿＿＿＿
＿＿＿＿＿＿＿＿＿＿
＿＿＿＿＿＿＿＿＿＿
＿＿＿＿＿＿＿＿＿＿
＿＿＿＿＿＿＿＿＿＿
＿＿＿＿＿＿＿＿＿＿
□＿＿＿■＿＿＿＿＿
□□＿■■＿＿＿＿＿
□□□■□□□□□＿
□□□□□□□□□＿
00:41:47(75211f):field(75210f)
＿＿＿＿＿＿＿＿＿＿
＿＿＿＿＿＿＿＿＿＿
＿＿＿＿＿＿＿＿＿＿
＿＿＿＿＿＿＿＿＿＿
＿＿＿＿＿＿＿＿＿＿
＿＿＿＿＿＿＿＿＿＿
＿＿＿＿＿＿＿＿＿＿
＿＿＿＿＿＿＿＿＿＿
＿＿＿＿＿＿＿＿＿＿
＿＿＿＿＿＿＿＿＿＿
＿＿＿＿＿＿＿＿＿＿
＿＿＿＿＿＿＿＿＿＿
＿＿＿＿＿＿＿＿＿＿
＿＿＿＿＿＿＿＿＿＿
＿＿＿＿＿＿＿＿＿＿
＿＿＿＿＿■■＿＿＿
□＿＿＿□■＿＿＿＿
□□＿□□■＿＿＿＿
□□□□□□□□□＿
□□□□□□□□□＿
00:41:47(75225f):field(75224f)
＿＿＿＿＿＿＿＿＿＿
＿＿＿＿＿＿＿＿＿＿
＿＿＿＿＿＿＿＿＿＿
＿＿＿＿＿＿＿＿＿＿
＿＿＿＿＿＿＿＿＿＿
＿＿＿＿＿＿＿＿＿＿
＿＿＿＿＿＿＿＿＿＿
＿＿＿＿＿＿＿＿＿＿
＿＿＿＿＿＿＿＿＿＿
＿＿＿＿＿＿＿＿＿＿
＿＿＿＿＿＿＿＿＿＿
＿＿＿＿＿＿＿＿＿＿
＿＿＿＿＿＿＿＿＿＿
＿＿＿＿＿＿＿＿＿＿
＿＿＿＿■■■＿＿＿
＿＿＿＿■□□＿＿＿
□＿＿＿□□＿＿＿＿
□□＿□□□＿＿＿＿
□□□□□□□□□＿
□□□□□□□□□＿
00:41:47(75238f):field(75237f)
＿＿＿＿＿＿＿＿＿＿
＿＿＿＿＿＿＿＿＿＿
＿＿＿＿＿＿＿＿＿＿
＿＿＿＿＿＿＿＿＿＿
＿＿＿＿＿＿＿＿＿＿
＿＿＿＿＿＿＿＿＿＿
＿＿＿＿＿＿＿＿＿＿
＿＿＿＿＿＿＿＿＿＿
＿＿＿＿＿＿＿＿＿＿
＿＿＿＿＿＿＿＿＿＿
＿＿＿＿＿＿＿＿＿＿
＿＿＿＿＿＿＿＿＿＿
＿＿＿＿＿＿＿＿＿＿
＿＿＿＿＿＿＿＿＿＿
＿＿＿＿◆◆◆＿＿＿
＿＿＿＿◆◆◆＿＿＿
◆＿＿＿□□■＿＿＿
◆◆＿◆□□■＿＿＿
□◆◆□□□□◆◆■
□□□□□□◆◆◆■
00:41:48(75250f):field(75249f)
＿＿＿＿＿＿＿＿＿＿
＿＿＿＿＿＿＿＿＿＿
＿＿＿＿＿＿＿＿＿＿
＿＿＿＿＿＿＿＿＿＿
＿＿＿＿＿＿＿＿＿＿
＿＿＿＿＿＿＿＿＿＿
＿＿＿＿＿＿＿＿＿＿
＿＿＿＿＿＿＿＿＿＿
＿＿＿＿＿＿＿＿＿＿
＿＿＿＿＿＿＿＿＿＿
＿＿＿＿＿＿＿＿＿＿
＿＿＿＿＿＿＿＿＿＿
＿＿＿＿＿＿＿＿＿＿
＿＿＿＿＿＿＿＿＿＿
＿＿＿＿＿＿＿＿＿＿
＿＿＿＿＿＿＿＿＿＿
＿＿＿＿□□□＿＿＿
＿＿＿＿□□□＿＿＿
□■■□□□◆＿＿□
□□□□□□＿＿＿□
00:41:49(75273f):field(75272f)
＿＿＿＿＿＿＿＿＿＿
＿＿＿＿＿＿＿＿＿＿
＿＿＿＿＿＿＿＿＿＿
＿＿＿＿＿＿＿＿＿＿
＿＿＿＿＿＿＿＿＿＿
＿＿＿＿＿＿＿＿＿＿
＿＿＿＿＿＿＿＿＿＿
＿＿＿＿＿＿＿＿＿＿
＿＿＿＿＿＿＿＿＿＿
＿＿＿＿＿＿＿＿＿＿
＿＿＿＿＿＿＿＿＿＿
＿＿＿＿＿＿＿＿＿＿
＿＿＿＿＿＿＿＿＿＿
＿＿＿＿＿＿＿＿＿＿
＿＿＿＿＿＿＿＿＿＿
＿＿＿＿＿＿＿＿＿＿
＿＿＿＿□□□＿＿＿
＿＿＿＿□□□■＿＿
□□□□□□■■＿□
□□□□□□■＿＿□
00:41:49(75284f):field(75283f)
＿＿＿＿＿＿＿＿＿＿
＿＿＿＿＿＿＿＿＿＿
＿＿＿＿＿＿＿＿＿＿
＿＿＿＿＿＿＿＿＿＿
＿＿＿＿＿＿＿＿＿＿
＿＿＿＿＿＿＿＿＿＿
＿＿＿＿＿＿＿＿＿＿
＿＿＿＿＿＿＿＿＿＿
＿＿＿＿＿＿＿＿＿＿
＿＿＿＿＿＿＿＿＿＿
＿＿＿＿＿＿＿＿＿＿
＿＿＿＿＿＿＿＿＿＿
＿＿＿＿＿＿＿＿＿＿
＿＿＿＿＿＿＿＿＿＿
＿＿＿＿＿＿＿＿＿＿
＿＿＿■＿＿＿＿＿＿
＿＿＿■□□□＿＿＿
＿＿■■□□□□＿＿
□□□□□□□□＿□
□□□□□□□＿＿□
00:41:49(75296f):field(75295f)
＿＿＿＿＿＿＿＿＿＿
＿＿＿＿＿＿＿＿＿＿
＿＿＿＿＿＿＿＿＿＿
＿＿＿＿＿＿＿＿＿＿
＿＿＿＿＿＿＿＿＿＿
＿＿＿＿＿＿＿＿＿＿
＿＿＿＿＿＿＿＿＿＿
＿＿＿＿＿＿＿＿＿＿
＿＿＿＿＿＿＿＿＿＿
＿＿＿＿＿＿＿＿＿＿
＿＿＿＿＿＿＿＿＿＿
＿＿＿＿＿＿＿＿＿＿
＿＿＿＿＿＿＿＿＿＿
＿＿＿＿＿＿＿＿＿＿
＿＿＿＿■■＿＿＿＿
＿＿＿□■■＿＿＿＿
＿＿＿□□□□＿＿＿
＿＿□□□□□□＿＿
□□□□□□□□＿□
□□□□□□□＿＿□
00:41:50(75307f):field(75306f)
＿＿＿＿＿＿＿＿＿＿
＿＿＿＿＿＿＿＿＿＿
＿＿＿＿＿＿＿＿＿＿
＿＿＿＿＿＿＿＿＿＿
＿＿＿＿＿＿＿＿＿＿
＿＿＿＿＿＿＿＿＿＿
＿＿＿＿＿＿＿＿＿＿
＿＿＿＿＿＿＿＿＿＿
＿＿＿＿＿＿＿＿＿＿
＿＿＿＿＿＿＿＿＿＿
＿＿＿＿＿＿＿＿＿＿
＿＿＿＿＿＿＿＿＿＿
＿＿＿＿＿＿＿＿＿＿
＿＿＿＿＿＿＿＿＿＿
＿＿＿＿□□＿＿＿＿
＿＿＿□□□＿＿＿＿
＿■■□□□□＿＿＿
■■□□□□□□＿＿
□□□□□□□□＿□
□□□□□□□＿＿□
00:41:50(75320f):field(75319f)
＿＿＿＿＿＿＿＿＿＿
＿＿＿＿＿＿＿＿＿＿
＿＿＿＿＿＿＿＿＿＿
＿＿＿＿＿＿＿＿＿＿
＿＿＿＿＿＿＿＿＿＿
＿＿＿＿＿＿＿＿＿＿
＿＿＿＿＿＿＿＿＿＿
＿＿＿＿＿＿＿＿＿＿
＿＿＿＿＿＿＿＿＿＿
＿＿＿＿＿＿＿＿＿＿
＿＿＿＿＿＿＿＿＿＿
＿＿＿＿＿＿＿＿＿＿
＿＿＿＿＿＿＿＿＿＿
＿＿＿＿＿＿＿＿＿＿
■＿＿＿□□＿＿＿＿
■■＿□□□＿＿＿＿
■□□□□□□＿＿＿
□□□□□□□□＿＿
□□□□□□□□＿□
□□□□□□□＿＿□
00:41:51(75334f):field(75333f)
＿＿＿＿＿＿＿＿＿＿
＿＿＿＿＿＿＿＿＿＿
＿＿＿＿＿＿＿＿＿＿
＿＿＿＿＿＿＿＿＿＿
＿＿＿＿＿＿＿＿＿＿
＿＿＿＿＿＿＿＿＿＿
＿＿＿＿＿＿＿＿＿＿
＿＿＿＿＿＿＿＿＿＿
＿＿＿＿＿＿＿＿＿＿
＿＿＿＿＿＿＿＿＿＿
＿＿＿＿＿＿＿＿＿＿
＿＿＿＿＿＿＿＿＿＿
＿＿＿＿＿＿＿＿＿＿
＿＿＿＿＿＿＿＿＿＿
◆＿＿＿◆◆＿＿＿＿
□◆＿◆□□＿＿＿＿
□□◆□□□◆＿＿＿
□□□□□□□□■＿
□□□□□□□□■◆
□□□□□□□■＿□
00:41:51(75348f):field(75347f)
＿＿＿＿＿＿＿＿＿＿
＿＿＿＿＿＿＿＿＿＿
＿＿＿＿＿＿＿＿＿＿
＿＿＿＿＿＿＿＿＿＿
＿＿＿＿＿＿＿＿＿＿
＿＿＿＿＿＿＿＿＿＿
＿＿＿＿＿＿＿＿＿＿
＿＿＿＿＿＿＿＿＿＿
＿＿＿＿＿＿＿＿＿＿
＿＿＿＿＿＿＿＿＿＿
＿＿＿＿＿＿＿＿＿＿
＿＿＿＿＿＿＿＿＿＿
＿＿＿＿＿＿＿＿＿＿
＿＿＿＿＿＿＿＿＿＿
＿＿＿＿＿＿＿＿＿＿
□＿＿＿□□■＿＿＿
□□＿□□□■■■＿
□□□□□□□□□＿
□□□□□□□□□＿
□□□□□□□◆＿□
00:41:51(75359f):field(75358f)
＿＿＿＿＿＿＿＿＿＿
＿＿＿＿＿＿＿＿＿＿
＿＿＿＿＿＿＿＿＿＿
＿＿＿＿＿＿＿＿＿＿
＿＿＿＿＿＿＿＿＿＿
＿＿＿＿＿＿＿＿＿＿
＿＿＿＿＿＿＿＿＿＿
＿＿＿＿＿＿＿＿＿＿
＿＿＿＿＿＿＿＿＿＿
＿＿＿＿＿＿＿＿＿＿
＿＿＿＿＿＿＿＿＿＿
＿＿＿＿＿＿＿＿＿＿
＿＿＿＿＿＿＿＿＿＿
＿＿＿＿■■＿＿＿＿
＿＿＿＿■■＿＿＿＿
□＿＿＿□□□＿＿＿
□□＿□□□□□□＿
□□□□□□□□□＿
□□□□□□□□□＿
□□□□□□□＿＿□
00:41:52(75373f):field(75372f)
＿＿＿＿＿＿＿＿＿＿
＿＿＿＿＿＿＿＿＿＿
＿＿＿＿＿＿＿＿＿＿
＿＿＿＿＿＿＿＿＿＿
＿＿＿＿＿＿＿＿＿＿
＿＿＿＿＿＿＿＿＿＿
＿＿＿＿＿＿＿＿＿＿
＿＿＿＿＿＿＿＿＿＿
＿＿＿＿＿＿＿＿＿＿
＿＿＿＿＿＿＿＿＿＿
＿＿＿＿＿＿＿＿＿＿
＿＿＿＿＿＿＿＿＿＿
＿＿＿＿＿＿＿＿＿＿
■＿＿＿□□＿＿＿＿
■■＿＿□□＿＿＿＿
□■＿＿□□□＿＿＿
□□＿□□□□□□＿
□□□□□□□□□＿
□□□□□□□□□＿
□□□□□□□＿＿□
00:41:52(75386f):field(75385f)
＿＿＿＿＿＿＿＿＿＿
＿＿＿＿＿＿＿＿＿＿
＿＿＿＿＿＿＿＿＿＿
＿＿＿＿＿＿＿＿＿＿
＿＿＿＿＿＿＿＿＿＿
＿＿＿＿＿＿＿＿＿＿
＿＿＿＿＿＿＿＿＿＿
＿＿＿＿＿＿＿＿＿＿
＿＿＿＿＿＿＿＿＿＿
＿＿＿＿＿＿＿＿＿＿
＿＿＿＿＿＿＿＿＿＿
＿＿＿＿＿＿＿＿＿＿
＿＿＿＿＿＿＿＿＿＿
◆＿＿＿◆◆＿＿＿＿
◆◆＿＿◆◆＿＿＿＿
□◆＿＿□□◆＿＿＿
□□＿◆□□◆◆◆＿
□□◆◆□□□◆◆■
□□◆□□□□□□■
□□□□□□□＿＿□
00:41:53(75401f):field(75400f)
＿＿＿＿＿＿＿＿＿＿
＿＿＿＿＿＿＿＿＿＿
＿＿＿＿＿＿＿＿＿＿
＿＿＿＿＿＿＿＿＿＿
＿＿＿＿＿＿＿＿＿＿
＿＿＿＿＿＿＿＿＿＿
＿＿＿＿＿＿＿＿＿＿
＿＿＿＿＿＿＿＿＿＿
＿＿＿＿＿＿＿＿＿＿
＿＿＿＿＿＿＿＿＿＿
＿＿＿＿＿＿＿＿＿＿
＿＿＿＿＿＿＿＿＿＿
＿＿＿＿＿＿＿＿＿＿
＿＿＿＿＿＿＿＿＿＿
＿＿＿＿＿＿＿＿＿＿
□＿＿＿□□＿＿■＿
□□＿＿□□＿＿■＿
□□＿＿□□□■■□
□□＿□□□□□□□
□□□□□□□＿＿□
00:41:53(75413f):field(75412f)
＿＿＿＿＿＿＿＿＿＿
＿＿＿＿＿＿＿＿＿＿
＿＿＿＿＿＿＿＿＿＿
＿＿＿＿＿＿＿＿＿＿
＿＿＿＿＿＿＿＿＿＿
＿＿＿＿＿＿＿＿＿＿
＿＿＿＿＿＿＿＿＿＿
＿＿＿＿＿＿＿＿＿＿
＿＿＿＿＿＿＿＿＿＿
＿＿＿＿＿＿＿＿＿＿
＿＿＿＿＿＿＿＿＿＿
＿＿＿＿＿＿＿＿＿＿
＿＿＿＿＿＿＿＿＿＿
＿＿＿＿＿＿＿＿＿＿
＿＿＿＿＿＿■＿＿＿
□＿＿＿□□■＿□＿
□□＿＿□□■■□＿
□□＿＿□□□□□□
□□＿□□□□□□□
□□□□□□□＿＿□
00:41:54(75426f):field(75425f)
＿＿＿＿＿＿＿＿＿＿
＿＿＿＿＿＿＿＿＿＿
＿＿＿＿＿＿＿＿＿＿
＿＿＿＿＿＿＿＿＿＿
＿＿＿＿＿＿＿＿＿＿
＿＿＿＿＿＿＿＿＿＿
＿＿＿＿＿＿＿＿＿＿
＿＿＿＿＿＿＿＿＿＿
＿＿＿＿＿＿＿＿＿＿
＿＿＿＿＿＿＿＿＿＿
＿＿＿＿＿＿＿＿＿＿
＿＿＿＿＿＿＿＿＿＿
＿＿＿＿＿＿＿＿＿＿
＿＿＿＿＿＿＿＿＿＿
＿＿＿＿＿＿◆＿＿＿
◆＿＿＿◆◆◆＿◆＿
◆◆＿＿◆◆□◆◆＿
□◆＿＿□□□□□◆
□□■◆□□□□□◆
□□□□□□□＿■□
00:41:54(75438f):field(75437f)
＿＿＿＿＿＿＿＿＿＿
＿＿＿＿＿＿＿＿＿＿
＿＿＿＿＿＿＿＿＿＿
＿＿＿＿＿＿＿＿＿＿
＿＿＿＿＿＿＿＿＿＿
＿＿＿＿＿＿＿＿＿＿
＿＿＿＿＿＿＿＿＿＿
＿＿＿＿＿＿＿＿＿＿
＿＿＿＿＿＿＿＿＿＿
＿＿＿＿＿＿＿＿＿＿
＿＿＿＿＿＿＿＿＿＿
＿＿＿＿＿＿＿＿＿＿
＿＿＿＿＿＿＿＿＿＿
＿＿＿＿＿＿＿＿＿＿
＿＿＿＿＿＿＿＿＿＿
＿＿＿＿■■＿＿＿＿
＿＿＿＿■■□＿＿＿
□＿＿＿□□□◆□＿
□□□＿□□□□□＿
□□□□□□□＿◆□
00:41:55(75450f):field(75449f)
＿＿＿＿＿＿＿＿＿＿
＿＿＿＿＿＿＿＿＿＿
＿＿＿＿＿＿＿＿＿＿
＿＿＿＿＿＿＿＿＿＿
＿＿＿＿＿＿＿＿＿＿
＿＿＿＿＿＿＿＿＿＿
＿＿＿＿＿＿＿＿＿＿
＿＿＿＿＿＿＿＿＿＿
＿＿＿＿＿＿＿＿＿＿
＿＿＿＿＿＿＿＿＿＿
＿＿＿＿＿＿＿＿＿＿
＿＿＿＿＿＿＿＿＿＿
＿＿＿＿＿＿＿＿＿＿
＿＿＿＿＿＿＿＿＿＿
＿＿＿＿＿＿＿＿＿＿
＿＿＿＿□□＿＿＿＿
■■＿＿□□□＿＿＿
□■■＿□□□＿□＿
□□□＿□□□□□＿
□□□□□□□＿＿□
00:41:55(75468f):field(75467f)
＿＿＿＿＿＿＿＿＿＿
＿＿＿＿＿＿＿＿＿＿
＿＿＿＿＿＿＿＿＿＿
＿＿＿＿＿＿＿＿＿＿
＿＿＿＿＿＿＿＿＿＿
＿＿＿＿＿＿＿＿＿＿
＿＿＿＿＿＿＿＿＿＿
＿＿＿＿＿＿＿＿＿＿
＿＿＿＿＿＿＿＿＿＿
＿＿＿＿＿＿＿＿＿＿
＿＿＿＿＿＿＿＿＿＿
＿＿＿＿＿＿＿＿＿＿
＿＿＿＿＿＿＿＿＿＿
＿＿＿＿＿＿＿＿＿＿
＿■＿＿＿＿＿＿＿＿
＿■■＿□□＿＿＿＿
□□■＿□□□＿＿＿
□□□＿□□□＿□＿
□□□＿□□□□□＿
□□□□□□□＿＿□
00:41:56(75487f):field(75486f)
＿＿＿＿＿＿＿＿＿＿
＿＿＿＿＿＿＿＿＿＿
＿＿＿＿＿＿＿＿＿＿
＿＿＿＿＿＿＿＿＿＿
＿＿＿＿＿＿＿＿＿＿
＿＿＿＿＿＿＿＿＿＿
＿＿＿＿＿＿＿＿＿＿
＿＿＿＿＿＿＿＿＿＿
＿＿＿＿＿＿＿＿＿＿
＿＿＿＿＿＿＿＿＿＿
＿＿＿＿＿＿＿＿＿＿
＿＿＿＿＿＿＿＿＿＿
＿＿＿＿＿＿＿＿＿＿
＿＿＿＿＿＿＿＿＿＿
＿□＿＿＿＿＿＿＿＿
＿□□＿□□■■＿＿
□□□＿□□□■＿＿
□□□＿□□□■□＿
□□□＿□□□□□＿
□□□□□□□＿＿□
00:41:56(75499f):field(75498f)
＿＿＿＿＿＿＿＿＿＿
＿＿＿＿＿＿＿＿＿＿
＿＿＿＿＿＿＿＿＿＿
＿＿＿＿＿＿＿＿＿＿
＿＿＿＿＿＿＿＿＿＿
＿＿＿＿＿＿＿＿＿＿
＿＿＿＿＿＿＿＿＿＿
＿＿＿＿＿＿＿＿＿＿
＿＿＿＿＿＿＿＿＿＿
＿＿＿＿＿＿＿＿＿＿
＿＿＿＿＿＿＿＿＿＿
＿＿＿＿＿＿＿＿＿＿
＿＿＿＿＿＿＿＿＿＿
＿＿＿＿■＿＿＿＿＿
＿□＿＿■■■＿＿＿
＿□□＿□□□□＿＿
□□□＿□□□□＿＿
□□□＿□□□□□＿
□□□＿□□□□□＿
□□□□□□□＿＿□
00:41:57(75518f):field(75517f)
＿＿＿＿＿＿＿＿＿＿
＿＿＿＿＿＿＿＿＿＿
＿＿＿＿＿＿＿＿＿＿
＿＿＿＿＿＿＿＿＿＿
＿＿＿＿＿＿＿＿＿＿
＿＿＿＿＿＿＿＿＿＿
＿＿＿＿＿＿＿＿＿＿
＿＿＿＿＿＿＿＿＿＿
＿＿＿＿＿＿＿＿＿＿
＿＿＿＿＿＿＿＿＿＿
＿＿＿＿＿＿＿＿＿＿
＿＿＿＿＿＿＿＿＿＿
＿＿＿＿＿＿＿＿＿＿
＿＿＿＿□＿＿＿＿＿
＿□＿＿□□□＿＿＿
＿□□■□□□□＿＿
□□□■□□□□＿＿
□□□■□□□□□＿
□□□■□□□□□＿
□□□□□□□＿＿□
00:41:57(75530f):field(75529f)
＿＿＿＿＿＿＿＿＿＿
＿＿＿＿＿＿＿＿＿＿
＿＿＿＿＿＿＿＿＿＿
＿＿＿＿＿＿＿＿＿＿
＿＿＿＿＿＿＿＿＿＿
＿＿＿＿＿＿＿＿＿＿
＿＿＿＿＿＿＿＿＿＿
＿＿＿＿＿＿＿＿＿＿
＿＿＿＿＿＿＿＿＿＿
＿＿＿＿＿＿＿＿＿＿
＿＿＿＿＿＿＿＿＿＿
＿＿＿＿＿＿＿＿＿＿
＿＿＿＿＿＿＿＿＿＿
＿＿■■□＿＿＿＿＿
＿□■■□□□＿＿＿
＿□□□□□□□＿＿
□□□□□□□□＿＿
□□□□□□□□□＿
□□□□□□□□□＿
□□□□□□□＿＿□
00:41:58(75544f):field(75543f)
＿＿＿＿＿＿＿＿＿＿
＿＿＿＿＿＿＿＿＿＿
＿＿＿＿＿＿＿＿＿＿
＿＿＿＿＿＿＿＿＿＿
＿＿＿＿＿＿＿＿＿＿
＿＿＿＿＿＿＿＿＿＿
＿＿＿＿＿＿＿＿＿＿
＿＿＿＿＿＿＿＿＿＿
＿＿＿＿＿＿＿＿＿＿
＿＿＿＿＿＿＿＿＿＿
＿＿＿＿＿＿＿＿＿＿
＿＿＿＿＿＿＿＿＿＿
＿＿＿＿＿＿＿＿＿＿
＿＿◆◆◆＿＿＿＿＿
＿◆◆◆◆◆◆＿＿＿
＿◆□□□◆◆◆＿■
◆□□□□□□□■＿
◆□□□□□□□□＿
□□□□□□□□□＿
□□□□□□□＿■□
00:41:58(75556f):field(75555f)
＿＿＿＿＿＿＿＿＿＿
＿＿＿＿＿＿＿＿＿＿
＿＿＿＿＿＿＿＿＿＿
＿＿＿＿＿＿＿＿＿＿
＿＿＿＿＿＿＿＿＿＿
＿＿＿＿＿＿＿＿＿＿
＿＿＿＿＿＿＿＿＿＿
＿＿＿＿＿＿＿＿＿＿
＿＿＿＿＿＿＿＿＿＿
＿＿＿＿＿＿＿＿＿＿
＿＿＿＿＿＿＿＿＿＿
＿＿＿＿＿＿＿＿＿＿
＿＿＿＿＿＿＿＿＿＿
＿＿＿＿＿■＿＿＿＿
＿＿＿＿■■＿＿＿＿
＿＿□□□■＿＿＿◆
＿□□□□□□◆◆＿
＿□□□□□□□□＿
□□□□□□□□□＿
□□□□□□□＿◆□
00:41:59(75573f):field(75572f)
＿＿＿＿＿＿＿＿＿＿
＿＿＿＿＿＿＿＿＿＿
＿＿＿＿＿＿＿＿＿＿
＿＿＿＿＿＿＿＿＿＿
＿＿＿＿＿＿＿＿＿＿
＿＿＿＿＿＿＿＿＿＿
＿＿＿＿＿＿＿＿＿＿
＿＿＿＿＿＿＿＿＿＿
＿＿＿＿＿＿＿＿＿＿
＿＿＿＿＿＿＿＿＿＿
＿＿＿＿＿＿＿＿＿＿
＿＿＿＿＿＿＿＿＿＿
＿＿＿＿＿＿＿＿＿＿
＿＿＿＿＿□＿＿＿＿
＿＿＿＿□□＿＿＿＿
＿＿□□□□■■＿＿
＿□□□□□□■■＿
＿□□□□□□□□＿
□□□□□□□□□＿
□□□□□□□＿＿□
00:41:59(75585f):field(75584f)
＿＿＿＿＿＿＿＿＿＿
＿＿＿＿＿＿＿＿＿＿
＿＿＿＿＿＿＿＿＿＿
＿＿＿＿＿＿＿＿＿＿
＿＿＿＿＿＿＿＿＿＿
＿＿＿＿＿＿＿＿＿＿
＿＿＿＿＿＿＿＿＿＿
＿＿＿＿＿＿＿＿＿＿
＿＿＿＿＿＿＿＿＿＿
＿＿＿＿＿＿＿＿＿＿
＿＿＿＿＿＿＿＿＿＿
＿＿＿＿＿＿＿＿＿＿
＿＿＿＿＿＿＿＿＿＿
＿＿＿＿＿□＿＿＿＿
＿＿＿＿□□＿＿＿＿
■■□□□□□□＿＿
■□□□□□□□□＿
■□□□□□□□□＿
□□□□□□□□□＿
□□□□□□□＿＿□
00:41:59(75597f):field(75596f)
＿＿＿＿＿＿＿＿＿＿
＿＿＿＿＿＿＿＿＿＿
＿＿＿＿＿＿＿＿＿＿
＿＿＿＿＿＿＿＿＿＿
＿＿＿＿＿＿＿＿＿＿
＿＿＿＿＿＿＿＿＿＿
＿＿＿＿＿＿＿＿＿＿
＿＿＿＿＿＿＿＿＿＿
＿＿＿＿＿＿＿＿＿＿
＿＿＿＿＿＿＿＿＿＿
＿＿＿＿＿＿＿＿＿＿
＿＿＿＿＿＿＿＿＿＿
＿＿＿＿＿＿＿＿＿＿
■■＿＿＿□＿＿＿＿
■■＿＿□□＿＿＿＿
□□□□□□□□＿＿
□□□□□□□□□＿
□□□□□□□□□＿
□□□□□□□□□＿
□□□□□□□＿＿□
00:42:00(75611f):field(75610f)
＿＿＿＿＿＿＿＿＿＿
＿＿＿＿＿＿＿＿＿＿
＿＿＿＿＿＿＿＿＿＿
＿＿＿＿＿＿＿＿＿＿
＿＿＿＿＿＿＿＿＿＿
＿＿＿＿＿＿＿＿＿＿
＿＿＿＿＿＿＿＿＿＿
＿＿＿＿＿＿＿＿＿＿
＿＿＿＿＿＿＿＿＿＿
＿＿＿＿＿＿＿＿＿＿
＿＿＿＿＿＿＿＿＿＿
＿＿＿＿＿＿＿＿＿＿
＿＿■＿＿＿＿＿＿＿
□□■＿＿□＿＿＿＿
□□■■□□＿＿＿＿
□□□□□□□□＿＿
□□□□□□□□□＿
□□□□□□□□□＿
□□□□□□□□□＿
□□□□□□□＿＿□
00:42:00(75623f):field(75622f)
＿＿＿＿＿＿＿＿＿＿
＿＿＿＿＿＿＿＿＿＿
＿＿＿＿＿＿＿＿＿＿
＿＿＿＿＿＿＿＿＿＿
＿＿＿＿＿＿＿＿＿＿
＿＿＿＿＿＿＿＿＿＿
＿＿＿＿＿＿＿＿＿＿
＿＿＿＿＿＿＿＿＿＿
＿＿＿＿＿＿＿＿＿＿
＿＿＿＿＿＿＿＿＿＿
＿＿＿＿＿＿＿＿＿＿
＿＿＿＿＿＿＿＿＿＿
＿＿◆＿＿＿＿＿＿＿
◆◆◆＿＿◆＿＿＿＿
◆◆◆◆◆◆＿＿＿＿
◆◆□◆◆◆◆◆＿＿
□□□□◆□□◆◆＿
□□□□□□◆◆□■
□□□□□□□□◆■
□□□□□□□■＿□
00:42:01(75635f):field(75634f)
＿＿＿＿＿＿＿＿＿＿
＿＿＿＿＿＿＿＿＿＿
＿＿＿＿＿＿＿＿＿＿
＿＿＿＿＿＿＿＿＿＿
＿＿＿＿＿＿＿＿＿＿
＿＿＿＿＿＿＿＿＿＿
＿＿＿＿＿＿＿＿＿＿
＿＿＿＿＿＿＿＿＿＿
＿＿＿＿＿＿＿＿＿＿
＿＿＿＿＿＿＿＿＿＿
＿＿＿＿＿＿＿＿＿＿
＿＿＿＿＿＿＿＿＿＿
＿＿＿＿＿＿＿＿＿＿
＿＿＿＿＿＿＿＿＿＿
＿＿＿＿■＿＿＿＿＿
＿＿□＿■■＿＿＿＿
□□□◆■□◆＿＿＿
□□□□□□＿＿◆◆
□□□□□□□□＿□
□□□□□□□◆＿□
00:42:01(75649f):field(75648f)
＿＿＿＿＿＿＿＿＿＿
＿＿＿＿＿＿＿＿＿＿
＿＿＿＿＿＿＿＿＿＿
＿＿＿＿＿＿＿＿＿＿
＿＿＿＿＿＿＿＿＿＿
＿＿＿＿＿＿＿＿＿＿
＿＿＿＿＿＿＿＿＿＿
＿＿＿＿＿＿＿＿＿＿
＿＿＿＿＿＿＿＿＿＿
＿＿＿＿＿＿＿＿＿＿
＿＿＿＿＿＿＿＿＿＿
＿＿＿＿＿＿＿＿＿＿
＿＿＿＿＿＿＿＿＿＿
＿＿＿＿＿＿＿＿＿＿
＿＿＿＿◆＿＿＿＿＿
＿＿◆＿□◆＿＿＿＿
◆◆□＿□□＿＿＿＿
□□□□□□＿■＿＿
□□□□□□◆□■◆
□□□□□□□■＿□
00:42:02(75660f):field(75659f)
＿＿＿＿＿＿＿＿＿＿
＿＿＿＿＿＿＿＿＿＿
＿＿＿＿＿＿＿＿＿＿
＿＿＿＿＿＿＿＿＿＿
＿＿＿＿＿＿＿＿＿＿
＿＿＿＿＿＿＿＿＿＿
＿＿＿＿＿＿＿＿＿＿
＿＿＿＿＿＿＿＿＿＿
＿＿＿＿＿＿＿＿＿＿
＿＿＿＿＿＿＿＿＿＿
＿＿＿＿＿＿＿＿＿＿
＿＿＿＿＿＿＿＿＿＿
＿＿＿＿＿＿＿＿＿＿
＿＿＿＿＿＿＿＿＿＿
＿＿＿＿＿＿＿＿＿＿
＿＿＿＿□＿＿＿＿＿
＿＿□＿□□■■＿＿
□□□◆□□■□＿＿
□□□□□□■□□＿
□□□□□□□◆＿□
00:42:02(75672f):field(75671f)
＿＿＿＿＿＿＿＿＿＿
＿＿＿＿＿＿＿＿＿＿
＿＿＿＿＿＿＿＿＿＿
＿＿＿＿＿＿＿＿＿＿
＿＿＿＿＿＿＿＿＿＿
＿＿＿＿＿＿＿＿＿＿
＿＿＿＿＿＿＿＿＿＿
＿＿＿＿＿＿＿＿＿＿
＿＿＿＿＿＿＿＿＿＿
＿＿＿＿＿＿＿＿＿＿
＿＿＿＿＿＿＿＿＿＿
＿＿＿＿＿＿＿＿＿＿
＿＿＿＿＿＿＿＿＿＿
＿＿＿＿＿＿＿＿＿＿
＿＿＿＿■■＿＿＿＿
＿＿＿＿□■■＿＿＿
＿＿□＿□□□□＿＿
□□□＿□□□□＿＿
□□□□□□□□□＿
□□□□□□□＿＿□
00:42:02(75684f):field(75683f)
＿＿＿＿＿＿＿＿＿＿
＿＿＿＿＿＿＿＿＿＿
＿＿＿＿＿＿＿＿＿＿
＿＿＿＿＿＿＿＿＿＿
＿＿＿＿＿＿＿＿＿＿
＿＿＿＿＿＿＿＿＿＿
＿＿＿＿＿＿＿＿＿＿
＿＿＿＿＿＿＿＿＿＿
＿＿＿＿＿＿＿＿＿＿
＿＿＿＿＿＿＿＿＿＿
＿＿＿＿＿＿＿＿＿＿
＿＿＿＿＿＿＿＿＿＿
＿＿＿＿＿＿＿＿＿＿
＿＿＿＿＿＿＿＿＿＿
＿＿＿＿□□＿＿＿＿
■■＿＿□□□＿＿＿
■■□＿□□□□＿＿
□□□＿□□□□＿＿
□□□□□□□□□＿
□□□□□□□＿＿□
00:42:03(75697f):field(75696f)
＿＿＿＿＿＿＿＿＿＿
＿＿＿＿＿＿＿＿＿＿
＿＿＿＿＿＿＿＿＿＿
＿＿＿＿＿＿＿＿＿＿
＿＿＿＿＿＿＿＿＿＿
＿＿＿＿＿＿＿＿＿＿
＿＿＿＿＿＿＿＿＿＿
＿＿＿＿＿＿＿＿＿＿
＿＿＿＿＿＿＿＿＿＿
＿＿＿＿＿＿＿＿＿＿
＿＿＿＿＿＿＿＿＿＿
＿＿＿＿＿＿＿＿＿＿
＿＿＿＿＿＿＿＿＿＿
＿＿＿＿＿＿＿＿＿＿
＿＿＿＿□□＿＿＿＿
□□■■□□□＿＿＿
□□□■□□□□＿＿
□□□■□□□□＿＿
□□□□□□□□□＿
□□□□□□□＿＿□
00:42:03(75708f):field(75707f)
＿＿＿＿＿＿＿＿＿＿
＿＿＿＿＿＿＿＿＿＿
＿＿＿＿＿＿＿＿＿＿
＿＿＿＿＿＿＿＿＿＿
＿＿＿＿＿＿＿＿＿＿
＿＿＿＿＿＿＿＿＿＿
＿＿＿＿＿＿＿＿＿＿
＿＿＿＿＿＿＿＿＿＿
＿＿＿＿＿＿＿＿＿＿
＿＿＿＿＿＿＿＿＿＿
＿＿＿＿＿＿＿＿＿＿
＿＿＿＿＿＿＿＿＿＿
＿＿＿＿＿＿＿＿＿＿
＿＿＿＿＿＿＿＿＿＿
＿＿＿＿◆◆＿＿＿＿
◆◆◆◆◆◆◆＿＿＿
◆◆◆□□□□□＿＿
□□□□□□□◆■■
□□□□□□□□□■
□□□□□□□■■□
00:42:04(75725f):field(75724f)
＿＿＿＿＿＿＿＿＿＿
＿＿＿＿＿＿＿＿＿＿
＿＿＿＿＿＿＿＿＿＿
＿＿＿＿＿＿＿＿＿＿
＿＿＿＿＿＿＿＿＿＿
＿＿＿＿＿＿＿＿＿＿
＿＿＿＿＿＿＿＿＿＿
＿＿＿＿＿＿＿＿＿＿
＿＿＿＿＿＿＿＿＿＿
＿＿＿＿＿＿＿＿＿＿
＿＿＿＿＿＿＿＿＿＿
＿＿＿＿＿＿＿＿＿＿
＿＿＿＿＿＿＿＿＿＿
＿＿＿＿＿＿＿＿＿＿
＿＿＿＿＿＿＿＿＿＿
＿＿■＿＿＿＿＿＿＿
＿■■□□□◆◆＿＿
□□□□□□□＿◆◆
□□□□□□□□□◆
□□□□□□□◆◆□
00:42:04(75735f):field(75734f)
＿＿＿＿＿＿＿＿＿＿
＿＿＿＿＿＿＿＿＿＿
＿＿＿＿＿＿＿＿＿＿
＿＿＿＿＿＿＿＿＿＿
＿＿＿＿＿＿＿＿＿＿
＿＿＿＿＿＿＿＿＿＿
＿＿＿＿＿＿＿＿＿＿
＿＿＿＿＿＿＿＿＿＿
＿＿＿＿＿＿＿＿＿＿
＿＿＿＿＿＿＿＿＿＿
＿＿＿＿＿＿＿＿＿＿
＿＿＿＿＿＿＿＿＿＿
＿＿＿＿＿＿＿＿＿＿
＿＿＿＿＿＿＿＿＿＿
＿＿＿＿＿＿＿＿＿＿
＿＿□■■■■＿＿＿
＿□□□□□＿＿＿＿
□□□□□□□＿＿＿
□□□□□□□□□＿
□□□□□□□＿＿□
00:42:04(75747f):field(75746f)
＿＿＿＿＿＿＿＿＿＿
＿＿＿＿＿＿＿＿＿＿
＿＿＿＿＿＿＿＿＿＿
＿＿＿＿＿＿＿＿＿＿
＿＿＿＿＿＿＿＿＿＿
＿＿＿＿＿＿＿＿＿＿
＿＿＿＿＿＿＿＿＿＿
＿＿＿＿＿＿＿＿＿＿
＿＿＿＿＿＿＿＿＿＿
＿＿＿＿＿＿＿＿＿＿
＿＿＿＿＿＿＿＿＿＿
＿＿＿＿＿＿＿＿＿＿
＿＿＿＿＿＿＿＿＿＿
＿＿＿■■＿＿＿＿＿
＿＿＿■■＿＿＿＿＿
＿＿□□□□□＿＿＿
＿□□□□□＿＿＿＿
□□□□□□□＿＿＿
□□□□□□□□□＿
□□□□□□□＿＿□
00:42:05(75759f):field(75758f)
＿＿＿＿＿＿＿＿＿＿
＿＿＿＿＿＿＿＿＿＿
＿＿＿＿＿＿＿＿＿＿
＿＿＿＿＿＿＿＿＿＿
＿＿＿＿＿＿＿＿＿＿
＿＿＿＿＿＿＿＿＿＿
＿＿＿＿＿＿＿＿＿＿
＿＿＿＿＿＿＿＿＿＿
＿＿＿＿＿＿＿＿＿＿
＿＿＿＿＿＿＿＿＿＿
＿＿＿＿＿＿＿＿＿＿
＿＿＿＿＿＿＿＿＿＿
＿＿＿＿■■＿＿＿＿
＿＿＿□□■＿＿＿＿
＿＿＿□□■＿＿＿＿
＿＿□□□□□＿＿＿
＿□□□□□＿＿＿＿
□□□□□□□＿＿＿
□□□□□□□□□＿
□□□□□□□＿＿□
00:42:05(75773f):field(75772f)
＿＿＿＿＿＿＿＿＿＿
＿＿＿＿＿＿＿＿＿＿
＿＿＿＿＿＿＿＿＿＿
＿＿＿＿＿＿＿＿＿＿
＿＿＿＿＿＿＿＿＿＿
＿＿＿＿＿＿＿＿＿＿
＿＿＿＿＿＿＿＿＿＿
＿＿＿＿＿＿＿＿＿＿
＿＿＿＿＿＿＿＿＿＿
＿＿＿＿＿＿＿＿＿＿
＿＿＿＿＿＿＿＿＿＿
＿＿＿＿＿＿＿＿＿＿
＿＿＿＿□□＿＿＿＿
＿＿＿□□□＿＿＿＿
＿■＿□□□＿＿＿＿
■■□□□□□＿＿＿
■□□□□□＿＿＿＿
□□□□□□□＿＿＿
□□□□□□□□□＿
□□□□□□□＿＿□
00:42:06(75784f):field(75783f)
＿＿＿＿＿＿＿＿＿＿
＿＿＿＿＿＿＿＿＿＿
＿＿＿＿＿＿＿＿＿＿
＿＿＿＿＿＿＿＿＿＿
＿＿＿＿＿＿＿＿＿＿
＿＿＿＿＿＿＿＿＿＿
＿＿＿＿＿＿＿＿＿＿
＿＿＿＿＿＿＿＿＿＿
＿＿＿＿＿＿＿＿＿＿
＿＿＿＿＿＿＿＿＿＿
＿＿＿＿＿＿＿＿＿＿
＿＿＿＿＿＿＿＿＿＿
＿＿■■□□＿＿＿＿
＿＿■□□□＿＿＿＿
＿□■□□□＿＿＿＿
□□□□□□□＿＿＿
□□□□□□＿＿＿＿
□□□□□□□＿＿＿
□□□□□□□□□＿
□□□□□□□＿＿□
00:42:06(75798f):field(75797f)
＿＿＿＿＿＿＿＿＿＿
＿＿＿＿＿＿＿＿＿＿
＿＿＿＿＿＿＿＿＿＿
＿＿＿＿＿＿＿＿＿＿
＿＿＿＿＿＿＿＿＿＿
＿＿＿＿＿＿＿＿＿＿
＿＿＿＿＿＿＿＿＿＿
＿＿＿＿＿＿＿＿＿＿
＿＿＿＿＿＿＿＿＿＿
＿＿＿＿＿＿＿＿＿＿
＿＿＿＿＿＿＿＿＿＿
＿＿＿＿＿＿＿＿＿＿
＿＿◆◆◆◆＿＿＿＿
＿＿□□□□＿＿＿＿
＿◆□□□□＿＿＿＿
◆□□□□□◆＿＿＿
□□□□□□■＿＿■
□□□□□□◆＿＿■
□□□□□□□□◆■
□□□□□□□＿＿□
00:42:07(75812f):field(75811f)
＿＿＿＿＿＿＿＿＿＿
＿＿＿＿＿＿＿＿＿＿
＿＿＿＿＿＿＿＿＿＿
＿＿＿＿＿＿＿＿＿＿
＿＿＿＿＿＿＿＿＿＿
＿＿＿＿＿＿＿＿＿＿
＿＿＿＿＿＿＿＿＿＿
＿＿＿＿＿＿＿＿＿＿
＿＿＿＿＿＿＿＿＿＿
＿＿＿＿＿＿＿＿＿＿
＿＿＿＿＿＿＿＿＿＿
＿＿＿＿＿＿＿＿＿＿
＿＿＿＿＿＿＿＿＿＿
＿＿◆◆◆◆＿＿＿＿
＿＿□□□□＿＿＿＿
＿◆□□□□＿＿＿＿
◆□□□□□◆＿＿◆
□□□□□□■＿＿□
□□□□□□◆◆■□
□□□□□□□＿■□
00:42:07(75824f):field(75823f)
＿＿＿＿＿＿＿＿＿＿
＿＿＿＿＿＿＿＿＿＿
＿＿＿＿＿＿＿＿＿＿
＿＿＿＿＿＿＿＿＿＿
＿＿＿＿＿＿＿＿＿＿
＿＿＿＿＿＿＿＿＿＿
＿＿＿＿＿＿＿＿＿＿
＿＿＿＿＿＿＿＿＿＿
＿＿＿＿＿＿＿＿＿＿
＿＿＿＿＿＿＿＿＿＿
＿＿＿＿＿＿＿＿＿＿
＿＿＿＿＿＿＿＿＿＿
＿＿＿■■＿＿＿＿＿
＿＿＿■■＿＿＿＿＿
＿＿□□□□＿＿＿＿
＿＿□□□□＿＿＿＿
＿□□□□□＿＿＿＿
□□□□□□□＿＿□
□□□□□□＿＿□□
□□□□□□□＿□□
00:42:07(75836f):field(75835f)
＿＿＿＿＿＿＿＿＿＿
＿＿＿＿＿＿＿＿＿＿
＿＿＿＿＿＿＿＿＿＿
＿＿＿＿＿＿＿＿＿＿
＿＿＿＿＿＿＿＿＿＿
＿＿＿＿＿＿＿＿＿＿
＿＿＿＿＿＿＿＿＿＿
＿＿＿＿＿＿＿＿＿＿
＿＿＿＿＿＿＿＿＿＿
＿＿＿＿＿＿＿＿＿＿
＿＿＿＿＿＿＿＿＿＿
＿＿＿＿＿＿＿＿＿＿
＿＿＿◆◆＿＿＿＿＿
＿＿＿□□＿＿＿＿＿
＿＿◆□□◆＿＿＿＿
＿＿□□□□＿＿＿＿
＿◆□□□□■＿＿＿
◆□□□□□◆＿■□
□□□□□□＿＿□□
□□□□□□□＿□□
00:42:08(75848f):field(75847f)
＿＿＿＿＿＿＿＿＿＿
＿＿＿＿＿＿＿＿＿＿
＿＿＿＿＿＿＿＿＿＿
＿＿＿＿＿＿＿＿＿＿
＿＿＿＿＿＿＿＿＿＿
＿＿＿＿＿＿＿＿＿＿
＿＿＿＿＿＿＿＿＿＿
＿＿＿＿＿＿＿＿＿＿
＿＿＿＿＿＿＿＿＿＿
＿＿＿＿＿＿＿＿＿＿
＿＿＿＿■＿＿＿＿＿
＿＿＿＿■＿＿＿＿＿
＿＿＿■■＿＿＿＿＿
＿＿＿□□＿＿＿＿＿
＿＿＿□□＿＿＿＿＿
＿＿□□□□＿＿＿＿
＿＿□□□□◆＿＿＿
＿□□□□□＿＿□□
□□□□□□＿＿□□
□□□□□□□＿□□
00:42:08(75867f):field(75866f)
＿＿＿＿＿＿＿＿＿＿
＿＿＿＿＿＿＿＿＿＿
＿＿＿＿＿＿＿＿＿＿
＿＿＿＿＿＿＿＿＿＿
＿＿＿＿＿＿＿＿＿＿
＿＿＿＿＿＿＿＿＿＿
＿＿＿＿＿＿＿＿＿＿
＿＿＿＿＿＿＿＿＿＿
＿＿＿＿＿＿＿＿＿＿
＿＿＿＿＿＿＿＿＿＿
＿＿＿＿◆＿＿＿＿＿
＿＿＿＿□＿＿＿＿＿
＿＿＿◆□＿＿＿＿＿
＿＿＿□□＿＿＿＿＿
＿＿＿□□＿＿＿＿＿
＿＿◆□□◆＿＿＿＿
＿＿□□□□＿＿＿＿
＿◆□□□□■＿◆◆
◆□□□□□■■□□
□□□□□□□■□□
00:42:09(75879f):field(75878f)
＿＿＿＿＿＿＿＿＿＿
＿＿＿＿＿＿＿＿＿＿
＿＿＿＿＿＿＿＿＿＿
＿＿＿＿＿＿＿＿＿＿
＿＿＿＿＿＿＿＿＿＿
＿＿＿＿＿＿＿＿＿＿
＿＿＿＿＿＿＿＿＿＿
＿＿＿＿＿＿＿＿＿＿
＿＿＿＿＿＿＿＿＿＿
＿＿＿＿＿＿＿＿＿＿
＿＿＿＿＿＿＿＿＿＿
＿＿＿＿□＿＿＿＿＿
＿＿＿＿□＿＿＿＿＿
＿＿＿□□＿＿＿＿＿
＿＿＿□□＿＿＿＿＿
＿＿＿□□＿＿＿＿＿
＿■□□□□＿＿＿＿
■■□□□□□＿＿＿
■□□□□□□◆□□
□□□□□□□◆□□
00:42:09(75892f):field(75891f)
＿＿＿＿＿＿＿＿＿＿
＿＿＿＿＿＿＿＿＿＿
＿＿＿＿＿＿＿＿＿＿
＿＿＿＿＿＿＿＿＿＿
＿＿＿＿＿＿＿＿＿＿
＿＿＿＿＿＿＿＿＿＿
＿＿＿＿＿＿＿＿＿＿
＿＿＿＿＿＿＿＿＿＿
＿＿＿＿＿＿＿＿＿＿
＿＿＿＿＿＿＿＿＿＿
＿＿＿＿＿＿＿＿＿＿
＿＿＿＿□＿＿＿＿＿
＿＿＿＿□＿＿＿＿＿
＿＿＿□□＿＿＿＿＿
＿＿＿□□＿＿＿＿＿
＿＿＿□□＿＿＿＿＿
＿□□□□□＿■■＿
□□□□□□□■■＿
□□□□□□□＿□□
□□□□□□□＿□□
00:42:10(75906f):field(75905f)
＿＿＿＿＿＿＿＿＿＿
＿＿＿＿＿＿＿＿＿＿
＿＿＿＿＿＿＿＿＿＿
＿＿＿＿＿＿＿＿＿＿
＿＿＿＿＿＿＿＿＿＿
＿＿＿＿＿＿＿＿＿＿
＿＿＿＿＿＿＿＿＿＿
＿＿＿＿＿＿＿＿＿＿
＿＿＿＿＿＿＿＿＿＿
＿＿＿＿＿＿＿＿＿＿
＿＿＿＿＿＿＿＿＿＿
＿＿＿＿□＿＿＿＿＿
＿＿＿＿□＿＿＿＿＿
＿＿＿□□＿＿＿＿＿
＿＿＿□□■＿＿＿＿
＿＿＿□□■■＿＿＿
＿□□□□□■□□＿
□□□□□□□□□＿
□□□□□□□＿□□
□□□□□□□＿□□
00:42:10(75920f):field(75919f)
＿＿＿＿＿＿＿＿＿＿
＿＿＿＿＿＿＿＿＿＿
＿＿＿＿＿＿＿＿＿＿
＿＿＿＿＿＿＿＿＿＿
＿＿＿＿＿＿＿＿＿＿
＿＿＿＿＿＿＿＿＿＿
＿＿＿＿＿＿＿＿＿＿
＿＿＿＿＿＿＿＿＿＿
＿＿＿＿＿＿＿＿＿＿
＿＿＿＿＿＿＿＿＿＿
＿＿＿＿＿＿＿＿＿＿
＿＿＿＿□＿＿＿＿＿
＿＿＿＿□＿＿＿＿＿
＿＿＿□□＿＿＿＿＿
＿＿＿□□□＿＿＿＿
＿＿＿□□□□■■■
＿□□□□□□□□■
□□□□□□□□□＿
□□□□□□□＿□□
□□□□□□□＿□□
00:42:11(75931f):field(75930f)
＿＿＿＿＿＿＿＿＿＿
＿＿＿＿＿＿＿＿＿＿
＿＿＿＿＿＿＿＿＿＿
＿＿＿＿＿＿＿＿＿＿
＿＿＿＿＿＿＿＿＿＿
＿＿＿＿＿＿＿＿＿＿
＿＿＿＿＿＿＿＿＿＿
＿＿＿＿＿＿＿＿＿＿
＿＿＿＿＿＿＿＿＿＿
＿＿＿＿＿＿＿＿＿＿
＿＿＿＿＿＿＿＿＿＿
＿＿＿＿◆＿＿＿＿＿
＿＿＿＿□＿＿＿＿＿
＿＿＿◆□＿＿＿＿＿
＿＿＿□□◆＿＿＿＿
■＿＿□□□◆◆◆◆
■□◆□□□□□□□
□□□□□□□□□＿
□□□□□□□■□□
□□□□□□□＿□□
00:42:11(75946f):field(75945f)
＿＿＿＿＿＿＿＿＿＿
＿＿＿＿＿＿＿＿＿＿
＿＿＿＿＿＿＿＿＿＿
＿＿＿＿＿＿＿＿＿＿
＿＿＿＿＿＿＿＿＿＿
＿＿＿＿＿＿＿＿＿＿
＿＿＿＿＿＿＿＿＿＿
＿＿＿＿＿＿＿＿＿＿
＿＿＿＿＿＿＿＿＿＿
＿＿＿＿＿＿＿＿＿＿
＿＿＿＿＿＿＿＿＿＿
＿＿＿■■■＿＿＿＿
＿＿＿■□＿＿＿＿＿
＿＿＿＿□＿＿＿＿＿
＿＿＿□□＿＿＿＿＿
□＿＿□□□＿＿＿＿
□□＿□□□□□□□
□□□□□□□□□＿
□□□□□□□◆□□
□□□□□□□＿□□
00:42:12(75963f):field(75962f)
＿＿＿＿＿＿＿＿＿＿
＿＿＿＿＿＿＿＿＿＿
＿＿＿＿＿＿＿＿＿＿
＿＿＿＿＿＿＿＿＿＿
＿＿＿＿＿＿＿＿＿＿
＿＿＿＿＿＿＿＿＿＿
＿＿＿＿＿＿＿＿＿＿
＿＿＿＿＿＿＿＿＿＿
＿＿＿＿＿＿＿＿＿＿
＿＿＿＿＿＿＿＿＿＿
＿＿＿＿＿＿＿＿＿＿
＿＿＿□□□＿＿＿＿
＿＿＿□□＿＿＿＿＿
＿＿＿＿□＿＿＿＿＿
＿＿＿□□■■＿＿＿
□＿＿□□□■■＿＿
□□＿□□□□□□□
□□□□□□□□□＿
□□□□□□□＿□□
□□□□□□□＿□□
00:42:12(75979f):field(75978f)
＿＿＿＿＿＿＿＿＿＿
＿＿＿＿＿＿＿＿＿＿
＿＿＿＿＿＿＿＿＿＿
＿＿＿＿＿＿＿＿＿＿
＿＿＿＿＿＿＿＿＿＿
＿＿＿＿＿＿＿＿＿＿
＿＿＿＿＿＿＿＿＿＿
＿＿＿＿＿＿＿＿＿＿
＿＿＿＿＿＿＿＿＿＿
＿＿＿＿＿＿＿＿＿＿
＿＿＿＿＿＿＿＿＿＿
＿＿＿□□□＿＿＿＿
＿＿＿□□■■＿＿＿
＿＿＿＿□■■＿＿＿
＿＿＿□□□□＿＿＿
□＿＿□□□□□＿＿
□□＿□□□□□□□
□□□□□□□□□＿
□□□□□□□＿□□
□□□□□□□＿□□
00:42:13(75991f):field(75990f)
＿＿＿＿＿＿＿＿＿＿
＿＿＿＿＿＿＿＿＿＿
＿＿＿＿＿＿＿＿＿＿
＿＿＿＿＿＿＿＿＿＿
＿＿＿＿＿＿＿＿＿＿
＿＿＿＿＿＿＿＿＿＿
＿＿＿＿＿＿＿＿＿＿
＿＿＿＿＿＿＿＿＿＿
＿＿＿＿＿＿＿＿＿＿
＿＿＿＿＿＿＿＿＿＿
＿＿＿＿＿＿＿＿＿＿
＿＿＿◆◆◆＿＿＿＿
＿＿＿□□□◆＿＿＿
＿＿＿■□□□＿＿＿
＿＿■◆□□□＿＿＿
◆■■□□□□◆＿■
□◆■□□□□□◆◆
□□□□□□□□□＿
□□□□□□□■□□
□□□□□□□＿□□
00:42:13(76004f):field(76003f)
＿＿＿＿＿＿＿＿＿＿
＿＿＿＿＿＿＿＿＿＿
＿＿＿＿＿＿＿＿＿＿
＿＿＿＿＿＿＿＿＿＿
＿＿＿＿＿＿＿＿＿＿
＿＿＿＿＿＿＿＿＿＿
＿＿＿＿＿＿＿＿＿＿
＿＿＿＿＿＿＿＿＿＿
＿＿＿＿＿＿＿＿＿＿
＿＿＿＿＿＿＿＿＿＿
＿＿＿＿＿＿＿＿＿＿
＿＿＿＿＿＿＿＿＿＿
＿＿＿□□□＿＿＿＿
＿＿＿□□□□＿＿＿
■＿□＿□□□＿＿＿
■□□□□□□＿＿◆
□■□□□□□□＿＿
□□□□□□□□□＿
□□□□□□□◆□□
□□□□□□□＿□□
00:42:13(76018f):field(76017f)
＿＿＿＿＿＿＿＿＿＿
＿＿＿＿＿＿＿＿＿＿
＿＿＿＿＿＿＿＿＿＿
＿＿＿＿＿＿＿＿＿＿
＿＿＿＿＿＿＿＿＿＿
＿＿＿＿＿＿＿＿＿＿
＿＿＿＿＿＿＿＿＿＿
＿＿＿＿＿＿＿＿＿＿
＿＿＿＿＿＿＿＿＿＿
＿＿＿＿＿＿＿＿＿＿
＿＿＿＿＿＿＿＿＿＿
＿＿＿＿＿＿＿＿＿＿
＿＿＿◆◆◆＿＿＿＿
＿＿＿□□□◆＿＿＿
◆＿◆■□□□＿＿＿
□◆□◆□□□＿＿＿
□□□□□□□◆■■
□□□□□□□□□■
□□□□□□□■□□
□□□□□□□＿□□
00:42:14(76034f):field(76033f)
＿＿＿＿＿＿＿＿＿＿
＿＿＿＿＿＿＿＿＿＿
＿＿＿＿＿＿＿＿＿＿
＿＿＿＿＿＿＿＿＿＿
＿＿＿＿＿＿＿＿＿＿
＿＿＿＿＿＿＿＿＿＿
＿＿＿＿＿＿＿＿＿＿
＿＿＿＿＿＿＿＿＿＿
＿＿＿＿＿＿＿＿＿＿
＿＿＿＿＿＿＿＿＿＿
＿＿＿＿＿＿＿＿＿＿
＿＿＿＿＿＿＿＿＿＿
＿＿＿＿＿＿＿＿＿＿
＿＿＿□□□＿＿＿＿
＿＿＿□□□□■＿＿
□＿□＿□□□■■■
□□□□□□□＿□□
□□□□□□□□◆□
□□□□□□□◆□□
□□□□□□□＿□□
00:42:14(76045f):field(76044f)
＿＿＿＿＿＿＿＿＿＿
＿＿＿＿＿＿＿＿＿＿
＿＿＿＿＿＿＿＿＿＿
＿＿＿＿＿＿＿＿＿＿
＿＿＿＿＿＿＿＿＿＿
＿＿＿＿＿＿＿＿＿＿
＿＿＿＿＿＿＿＿＿＿
＿＿＿＿＿＿＿＿＿＿
＿＿＿＿＿＿＿＿＿＿
＿＿＿＿＿＿＿＿＿＿
＿＿＿＿＿＿＿＿＿＿
＿＿＿＿＿＿＿＿＿＿
＿＿＿＿＿＿＿＿＿＿
＿＿＿□□□＿＿＿＿
■■■□□□□□＿＿
□■□＿□□□□□□
□□□□□□□＿□□
□□□□□□□□＿□
□□□□□□□＿□□
□□□□□□□＿□□
00:42:15(76058f):field(76057f)
＿＿＿＿＿＿＿＿＿＿
＿＿＿＿＿＿＿＿＿＿
＿＿＿＿＿＿＿＿＿＿
＿＿＿＿＿＿＿＿＿＿
＿＿＿＿＿＿＿＿＿＿
＿＿＿＿＿＿＿＿＿＿
＿＿＿＿＿＿＿＿＿＿
＿＿＿＿＿＿＿＿＿＿
＿＿＿＿＿＿＿＿＿＿
＿＿＿＿＿＿＿＿＿＿
＿＿＿＿＿＿＿＿＿＿
＿＿＿＿＿＿＿＿＿■
＿＿＿＿＿＿＿＿＿■
＿＿＿□□□＿＿＿■
□□□□□□□□＿■
□□□＿□□□□□□
□□□□□□□＿□□
□□□□□□□□＿□
□□□□□□□＿□□
□□□□□□□＿□□
00:42:15(76069f):field(76068f)
＿＿＿＿＿＿＿＿＿＿
＿＿＿＿＿＿＿＿＿＿
＿＿＿＿＿＿＿＿＿＿
＿＿＿＿＿＿＿＿＿＿
＿＿＿＿＿＿＿＿＿＿
＿＿＿＿＿＿＿＿＿＿
＿＿＿＿＿＿＿＿＿＿
＿＿＿＿＿＿＿＿＿＿
＿＿＿＿＿＿＿＿＿＿
＿＿＿＿＿＿＿＿＿＿
＿＿＿＿＿＿＿＿＿＿
＿＿＿＿＿＿＿＿＿◆
＿＿＿＿＿＿＿＿＿□
＿＿＿◆◆◆＿＿＿□
◆◆◆□□□□□■□
□□□■□□□□□□
□□□□□□□＿□□
□□□□□□□□＿□
□□□□□□□＿□□
□□□□□□□＿□□
00:42:16(76087f):field(76086f)
＿＿＿＿＿＿＿＿＿＿
＿＿＿＿＿＿＿＿＿＿
＿＿＿＿＿＿＿＿＿＿
＿＿＿＿＿＿＿＿＿＿
＿＿＿＿＿＿＿＿＿＿
＿＿＿＿＿＿＿＿＿＿
＿＿＿＿＿＿＿＿＿＿
＿＿＿＿＿＿＿＿＿＿
＿＿＿＿＿＿＿＿＿＿
＿＿＿＿＿＿＿＿＿＿
＿＿＿＿＿＿＿＿＿＿
＿＿＿＿＿＿＿＿＿＿
＿＿＿＿＿＿■■＿□
＿＿＿＿＿＿＿■■□
＿＿＿□□□□□□□
□□□◆□□□□□□
□□□□□□□＿□□
□□□□□□□□＿□
□□□□□□□＿□□
□□□□□□□＿□□
00:42:16(76102f):field(76101f)
＿＿＿＿＿＿＿＿＿＿
＿＿＿＿＿＿＿＿＿＿
＿＿＿＿＿＿＿＿＿＿
＿＿＿＿＿＿＿＿＿＿
＿＿＿＿＿＿＿＿＿＿
＿＿＿＿＿＿＿＿＿＿
＿＿＿＿＿＿＿＿＿＿
＿＿＿＿＿＿＿＿＿＿
＿＿＿＿＿＿＿＿＿＿
＿＿＿＿＿＿＿＿＿＿
＿＿＿＿＿＿＿＿＿＿
＿＿＿＿＿＿＿＿＿＿
＿＿＿＿＿＿□□＿□
＿＿■■＿＿＿□□□
＿■■□□□□□□□
□□□＿□□□□□□
□□□□□□□＿□□
□□□□□□□□＿□
□□□□□□□＿□□
□□□□□□□＿□□
00:42:17(76113f):field(76112f)
＿＿＿＿＿＿＿＿＿＿
＿＿＿＿＿＿＿＿＿＿
＿＿＿＿＿＿＿＿＿＿
＿＿＿＿＿＿＿＿＿＿
＿＿＿＿＿＿＿＿＿＿
＿＿＿＿＿＿＿＿＿＿
＿＿＿＿＿＿＿＿＿＿
＿＿＿＿＿＿＿＿＿＿
＿＿＿＿＿＿＿＿＿＿
＿＿＿＿＿＿＿＿＿＿
＿＿＿＿＿＿＿＿＿＿
＿＿＿＿＿＿＿＿＿＿
＿＿＿＿■■□□＿□
＿＿□□■■＿□□□
＿□□□□□□□□□
□□□＿□□□□□□
□□□□□□□＿□□
□□□□□□□□＿□
□□□□□□□＿□□
□□□□□□□＿□□
00:42:17(76129f):field(76128f)
＿＿＿＿＿＿＿＿＿＿
＿＿＿＿＿＿＿＿＿＿
＿＿＿＿＿＿＿＿＿＿
＿＿＿＿＿＿＿＿＿＿
＿＿＿＿＿＿＿＿＿＿
＿＿＿＿＿＿＿＿＿＿
＿＿＿＿＿＿＿＿＿＿
＿＿＿＿＿＿＿＿＿＿
＿＿＿＿＿＿＿＿＿＿
＿＿＿＿＿＿＿＿＿＿
＿＿＿＿＿＿＿＿＿＿
＿＿＿＿＿＿＿＿＿＿
＿■■■□□□□＿□
＿■□□□□＿□□□
＿□□□□□□□□□
□□□＿□□□□□□
□□□□□□□＿□□
□□□□□□□□＿□
□□□□□□□＿□□
□□□□□□□＿□□
00:42:18(76141f):field(76140f)
＿＿＿＿＿＿＿＿＿＿
＿＿＿＿＿＿＿＿＿＿
＿＿＿＿＿＿＿＿＿＿
＿＿＿＿＿＿＿＿＿＿
＿＿＿＿＿＿＿＿＿＿
＿＿＿＿＿＿＿＿＿＿
＿＿＿＿＿＿＿＿＿＿
＿＿＿＿＿＿＿＿＿＿
＿＿＿＿＿＿＿＿＿＿
＿＿＿＿＿＿＿＿＿＿
＿＿＿＿＿＿＿＿＿＿
＿＿＿＿＿＿＿＿＿＿
■◆◆◆◆◆◆◆＿◆
■□□□□□■□◆□
■□□□□□□□□□
□□□＿□□□□□□
□□□□□□□＿□□
□□□□□□□□＿□
□□□□□□□＿□□
□□□□□□□＿□□
00:42:18(76153f):field(76152f)
＿＿＿＿＿＿＿＿＿＿
＿＿＿＿＿＿＿＿＿＿
＿＿＿＿＿＿＿＿＿＿
＿＿＿＿＿＿＿＿＿＿
＿＿＿＿＿＿＿＿＿＿
＿＿＿＿＿＿＿＿＿＿
＿＿＿＿＿＿＿＿＿＿
＿＿＿＿＿＿＿＿＿＿
＿＿＿＿＿＿＿＿＿＿
＿＿＿＿＿＿＿＿＿＿
＿＿＿＿＿＿＿＿＿＿
＿＿＿＿＿＿＿＿＿＿
◆＿＿＿＿＿＿＿■＿
□□◆◆□◆□□■□
□□□□□□◆□□□
□□□＿□□□□□□
□□□□□□□＿□□
□□□□□□□□＿□
□□□□□□□＿□□
□□□□□□□＿□□
00:42:18(76165f):field(76164f)
＿＿＿＿＿＿＿＿＿＿
＿＿＿＿＿＿＿＿＿＿
＿＿＿＿＿＿＿＿＿＿
＿＿＿＿＿＿＿＿＿＿
＿＿＿＿＿＿＿＿＿＿
＿＿＿＿＿＿＿＿＿＿
＿＿＿＿＿＿＿＿＿＿
＿＿＿＿＿＿＿＿＿＿
＿＿＿＿＿＿＿＿＿＿
＿＿＿＿＿＿＿＿＿＿
＿＿＿＿＿＿＿＿＿＿
＿＿＿＿＿＿＿＿＿＿
■■＿＿＿＿＿＿◆＿
□□■＿◆＿□□□◆
□□□□□□＿□□□
□□□＿□□□□□□
□□□□□□□＿□□
□□□□□□□□＿□
□□□□□□□＿□□
□□□□□□□＿□□
00:42:19(76177f):field(76176f)
＿＿＿＿＿＿＿＿＿＿
＿＿＿＿＿＿＿＿＿＿
＿＿＿＿＿＿＿＿＿＿
＿＿＿＿＿＿＿＿＿＿
＿＿＿＿＿＿＿＿＿＿
＿＿＿＿＿＿＿＿＿＿
＿＿＿＿＿＿＿＿＿＿
＿＿＿＿＿＿＿＿＿＿
＿＿＿＿＿＿＿＿＿＿
＿＿＿＿＿＿＿＿＿＿
＿＿＿＿＿＿＿＿＿＿
＿＿＿＿＿＿＿＿＿＿
□□＿＿■＿＿＿＿＿
□□□■■■□□□＿
□□□□□□＿□□□
□□□＿□□□□□□
□□□□□□□＿□□
□□□□□□□□＿□
□□□□□□□＿□□
□□□□□□□＿□□
00:42:19(76190f):field(76189f)
＿＿＿＿＿＿＿＿＿＿
＿＿＿＿＿＿＿＿＿＿
＿＿＿＿＿＿＿＿＿＿
＿＿＿＿＿＿＿＿＿＿
＿＿＿＿＿＿＿＿＿＿
＿＿＿＿＿＿＿＿＿＿
＿＿＿＿＿＿＿＿＿＿
＿＿＿＿＿＿＿＿＿＿
＿＿＿＿＿＿＿＿＿＿
＿＿＿＿＿＿＿＿＿＿
＿＿＿＿＿＿＿＿＿＿
＿＿■■＿＿＿＿＿＿
□□■■□＿＿＿＿＿
□□□□□□□□□＿
□□□□□□＿□□□
□□□＿□□□□□□
□□□□□□□＿□□
□□□□□□□□＿□
□□□□□□□＿□□
□□□□□□□＿□□
00:42:20(76202f):field(76201f)
＿＿＿＿＿＿＿＿＿＿
＿＿＿＿＿＿＿＿＿＿
＿＿＿＿＿＿＿＿＿＿
＿＿＿＿＿＿＿＿＿＿
＿＿＿＿＿＿＿＿＿＿
＿＿＿＿＿＿＿＿＿＿
＿＿＿＿＿＿＿＿＿＿
＿＿＿＿＿＿＿＿＿＿
＿＿＿＿＿＿＿＿＿＿
＿＿＿＿＿＿＿＿＿＿
＿＿＿＿＿＿＿＿＿＿
＿＿◆◆＿＿＿＿＿＿
◆◆□□□＿＿＿■■
□□□□□□□◆◆■
□□□□□□■□□□
□□□■□□□□□□
□□□□□□□＿□□
□□□□□□□□＿□
□□□□□□□＿□□
□□□□□□□＿□□
00:42:20(76219f):field(76218f)
＿＿＿＿＿＿＿＿＿＿
＿＿＿＿＿＿＿＿＿＿
＿＿＿＿＿＿＿＿＿＿
＿＿＿＿＿＿＿＿＿＿
＿＿＿＿＿＿＿＿＿＿
＿＿＿＿＿＿＿＿＿＿
＿＿＿＿＿＿＿＿＿＿
＿＿＿＿＿＿＿＿＿＿
＿＿＿＿＿＿＿＿＿＿
＿＿＿＿＿＿＿＿＿＿
＿＿＿＿＿＿＿＿＿＿
＿＿■■■＿＿＿＿＿
＿＿□□□＿＿＿□□
□□□□□◆◆＿＿□
□□□□□□◆□□□
□□□◆□□□□□□
□□□□□□□＿□□
□□□□□□□□＿□
□□□□□□□＿□□
□□□□□□□＿□□
00:42:21(76230f):field(76229f)
＿＿＿＿＿＿＿＿＿＿
＿＿＿＿＿＿＿＿＿＿
＿＿＿＿＿＿＿＿＿＿
＿＿＿＿＿＿＿＿＿＿
＿＿＿＿＿＿＿＿＿＿
＿＿＿＿＿＿＿＿＿＿
＿＿＿＿＿＿＿＿＿＿
＿＿＿＿＿＿＿＿＿＿
＿＿＿＿＿＿＿＿＿＿
＿＿＿＿＿＿＿＿＿＿
＿＿＿＿＿■＿＿＿＿
＿＿□□□■＿＿＿＿
＿＿□□□■＿＿□□
□□□□□■＿＿＿□
□□□□□□＿□□□
□□□＿□□□□□□
□□□□□□□＿□□
□□□□□□□□＿□
□□□□□□□＿□□
□□□□□□□＿□□
00:42:21(76243f):field(76242f)
＿＿＿＿＿＿＿＿＿＿
＿＿＿＿＿＿＿＿＿＿
＿＿＿＿＿＿＿＿＿＿
＿＿＿＿＿＿＿＿＿＿
＿＿＿＿＿＿＿＿＿＿
＿＿＿＿＿＿＿＿＿＿
＿＿＿＿＿＿＿＿＿＿
＿＿＿＿＿＿＿＿＿＿
＿＿＿＿＿＿＿＿＿＿
＿＿＿■＿＿＿＿＿＿
＿＿■■■□＿＿＿＿
＿＿□□□□＿＿＿＿
＿＿□□□□＿＿□□
□□□□□□＿＿＿□
□□□□□□＿□□□
□□□＿□□□□□□
□□□□□□□＿□□
□□□□□□□□＿□
□□□□□□□＿□□
□□□□□□□＿□□
00:42:21(76257f):field(76256f)
＿＿＿＿＿＿＿＿＿＿
＿＿＿＿＿＿＿＿＿＿
＿＿＿＿＿＿＿＿＿＿
＿＿＿＿＿＿＿＿＿＿
＿＿＿＿＿＿＿＿＿＿
＿＿＿＿＿＿＿＿＿＿
＿＿＿＿＿＿＿＿＿＿
＿＿＿＿＿＿＿＿＿＿
＿＿＿＿＿＿＿＿＿＿
＿＿＿◆＿＿＿＿＿＿
＿＿◆□◆◆＿＿＿＿
＿＿□□□□＿＿＿＿
＿＿□□□□＿＿◆◆
◆◆□□□□＿■■□
□□□□□□■□□□
□□□■□□□□□□
□□□□□□□＿□□
□□□□□□□□＿□
□□□□□□□＿□□
□□□□□□□＿□□
00:42:22(76269f):field(76268f)
＿＿＿＿＿＿＿＿＿＿
＿＿＿＿＿＿＿＿＿＿
＿＿＿＿＿＿＿＿＿＿
＿＿＿＿＿＿＿＿＿＿
＿＿＿＿＿＿＿＿＿＿
＿＿＿＿＿＿＿＿＿＿
＿＿＿＿＿＿＿＿＿＿
＿＿＿＿＿＿＿＿＿＿
＿＿＿＿＿＿＿＿＿＿
＿＿＿＿＿＿＿＿＿＿
＿＿＿□＿＿＿＿＿＿
■＿□□□□＿＿＿＿
■＿□□□□＿＿＿＿
■■□□□□＿□□□
□□□□□□□□◆□
□□□◆□□□□□□
□□□□□□□＿□□
□□□□□□□□＿□
□□□□□□□＿□□
□□□□□□□＿□□
00:42:22(76280f):field(76279f)
＿＿＿＿＿＿＿＿＿＿
＿＿＿＿＿＿＿＿＿＿
＿＿＿＿＿＿＿＿＿＿
＿＿＿＿＿＿＿＿＿＿
＿＿＿＿＿＿＿＿＿＿
＿＿＿＿＿＿＿＿＿＿
＿＿＿＿＿＿＿＿＿＿
＿＿＿＿＿＿＿＿＿＿
＿＿＿＿＿＿＿＿＿＿
＿＿＿＿■■＿＿＿＿
＿＿＿□■■＿＿＿＿
□＿□□□□＿＿＿＿
□＿□□□□＿＿＿＿
□□□□□□＿□□□
□□□□□□□□＿□
□□□＿□□□□□□
□□□□□□□＿□□
□□□□□□□□＿□
□□□□□□□＿□□
□□□□□□□＿□□
00:42:23(76293f):field(76292f)
＿＿＿＿＿＿＿＿＿＿
＿＿＿＿＿＿＿＿＿＿
＿＿＿＿＿＿＿＿＿＿
＿＿＿＿＿＿＿＿＿＿
＿＿＿＿＿＿＿＿＿＿
＿＿＿＿＿＿＿＿＿＿
＿＿＿＿＿＿＿＿＿＿
＿＿＿＿＿＿＿＿＿＿
＿＿＿＿＿＿＿＿＿＿
＿＿＿＿◆◆＿＿＿＿
＿＿＿◆□□＿＿＿＿
◆＿◆□□□■＿＿＿
□＿□□□□■＿＿＿
□□□□□□■□◆□
□□□□□□□□＿□
□□□＿□□□□□□
□□□□□□□＿□□
□□□□□□□□＿□
□□□□□□□＿□□
□□□□□□□＿□□
00:42:23(76307f):field(76306f)
＿＿＿＿＿＿＿＿＿＿
＿＿＿＿＿＿＿＿＿＿
＿＿＿＿＿＿＿＿＿＿
＿＿＿＿＿＿＿＿＿＿
＿＿＿＿＿＿＿＿＿＿
＿＿＿＿＿＿＿＿＿＿
＿＿＿＿＿＿＿＿＿＿
＿＿＿＿＿＿＿＿＿＿
＿＿＿＿＿＿＿＿＿＿
＿＿＿＿＿＿＿＿＿＿
＿＿＿＿◆◆＿＿＿＿
＿＿＿◆□□◆＿＿＿
◆＿◆□□□□＿＿＿
□◆□□□□□◆＿◆
□□□□□□□□■□
□□□■□□□□□□
□□□□□□□■□□
□□□□□□□□＿□
□□□□□□□＿□□
□□□□□□□＿□□
00:42:23(76319f):field(76318f)
＿＿＿＿＿＿＿＿＿＿
＿＿＿＿＿＿＿＿＿＿
＿＿＿＿＿＿＿＿＿＿
＿＿＿＿＿＿＿＿＿＿
＿＿＿＿＿＿＿＿＿＿
＿＿＿＿＿＿＿＿＿＿
＿＿＿＿＿＿＿＿＿＿
＿＿＿＿＿＿＿＿＿＿
＿＿＿＿＿＿＿＿＿＿
＿＿＿＿＿＿＿＿＿＿
＿＿＿＿＿＿＿＿＿■
＿＿＿＿□□＿＿＿■
＿＿＿□□□□＿＿■
□＿□□□□□＿＿■
□◆□□□□□□□□
□□□◆□□□□□□
□□□□□□□◆□□
□□□□□□□□＿□
□□□□□□□＿□□
□□□□□□□＿□□
00:42:24(76332f):field(76331f)
＿＿＿＿＿＿＿＿＿＿
＿＿＿＿＿＿＿＿＿＿
＿＿＿＿＿＿＿＿＿＿
＿＿＿＿＿＿＿＿＿＿
＿＿＿＿＿＿＿＿＿＿
＿＿＿＿＿＿＿＿＿＿
＿＿＿＿＿＿＿＿＿＿
＿＿＿＿＿＿＿＿＿＿
＿＿＿＿＿＿＿＿＿＿
＿＿＿＿■＿＿＿＿＿
＿＿＿■■＿＿＿＿□
＿＿＿■□□＿＿＿□
＿＿＿□□□□＿＿□
□＿□□□□□＿＿□
□＿□□□□□□□□
□□□＿□□□□□□
□□□□□□□＿□□
□□□□□□□□＿□
□□□□□□□＿□□
□□□□□□□＿□□
00:42:25(76351f):field(76350f)
＿＿＿＿＿＿＿＿＿＿
＿＿＿＿＿＿＿＿＿＿
＿＿＿＿＿＿＿＿＿＿
＿＿＿＿＿＿＿＿＿＿
＿＿＿＿＿＿＿＿＿＿
＿＿＿＿＿＿＿＿＿＿
＿＿＿＿＿＿＿＿＿＿
＿＿＿＿＿＿＿＿＿＿
＿＿＿＿＿＿＿＿＿＿
＿＿＿＿□＿＿＿＿＿
＿＿＿□□＿＿＿＿□
＿＿＿□□□＿＿■□
＿＿＿□□□□＿■□
□＿□□□□□■■□
□＿□□□□□□□□
□□□＿□□□□□□
□□□□□□□＿□□
□□□□□□□□＿□
□□□□□□□＿□□
□□□□□□□＿□□
00:42:25(76362f):field(76361f)
＿＿＿＿＿＿＿＿＿＿
＿＿＿＿＿＿＿＿＿＿
＿＿＿＿＿＿＿＿＿＿
＿＿＿＿＿＿＿＿＿＿
＿＿＿＿＿＿＿＿＿＿
＿＿＿＿＿＿＿＿＿＿
＿＿＿＿＿＿＿＿＿＿
＿＿＿＿＿＿＿＿＿＿
＿＿＿＿＿＿＿＿＿＿
＿＿＿＿□＿＿＿＿＿
＿＿＿□□＿■■＿□
＿＿＿□□□■■□□
＿＿＿□□□□＿□□
□＿□□□□□□□□
□＿□□□□□□□□
□□□＿□□□□□□
□□□□□□□＿□□
□□□□□□□□＿□
□□□□□□□＿□□
□□□□□□□＿□□
00:42:25(76375f):field(76374f)
＿＿＿＿＿＿＿＿＿＿
＿＿＿＿＿＿＿＿＿＿
＿＿＿＿＿＿＿＿＿＿
＿＿＿＿＿＿＿＿＿＿
＿＿＿＿＿＿＿＿＿＿
＿＿＿＿＿＿＿＿＿＿
＿＿＿＿＿＿＿＿＿＿
＿＿＿＿＿＿＿＿＿＿
＿＿＿＿＿＿＿＿＿＿
＿＿＿＿◆＿＿＿＿＿
＿＿＿◆◆＿◆◆＿◆
＿＿＿◆□◆◆◆◆◆
■＿＿□□◆□■□□
◆＿◆□□□□□□□
□■◆□□□□◆□□
□□□■□□□□□□
□□□□□□□＿□□
□□□□□□□□＿□
□□□□□□□＿□□
□□□□□□□＿□□
00:42:26(76390f):field(76389f)
＿＿＿＿＿＿＿＿＿＿
＿＿＿＿＿＿＿＿＿＿
＿＿＿＿＿＿＿＿＿＿
＿＿＿＿＿＿＿＿＿＿
＿＿＿＿＿＿＿＿＿＿
＿＿＿＿＿＿＿＿＿＿
＿＿＿＿＿＿＿＿＿＿
＿＿＿＿＿＿＿＿＿＿
＿＿＿＿＿＿＿＿＿＿
＿＿＿＿＿＿＿＿＿＿
＿＿＿＿＿＿＿＿＿＿
＿＿＿＿□＿＿＿＿＿
◆■＿□□＿□□◆□
＿■■□□□□□□□
□□■□□□□＿□□
□□□◆□□□□□□
□□□□□□□＿□□
□□□□□□□□＿□
□□□□□□□＿□□
□□□□□□□＿□□
00:42:26(76402f):field(76401f)
＿＿＿＿＿＿＿＿＿＿
＿＿＿＿＿＿＿＿＿＿
＿＿＿＿＿＿＿＿＿＿
＿＿＿＿＿＿＿＿＿＿
＿＿＿＿＿＿＿＿＿＿
＿＿＿＿＿＿＿＿＿＿
＿＿＿＿＿＿＿＿＿＿
＿＿＿＿＿＿＿＿＿＿
＿＿＿＿＿＿＿＿＿＿
＿＿＿＿＿＿＿＿＿＿
＿＿＿■＿＿＿＿＿＿
＿＿■■□＿＿＿＿＿
＿□■□□＿□□＿□
＿□□□□□□□□□
□□□□□□□＿□□
□□□＿□□□□□□
□□□□□□□＿□□
□□□□□□□□＿□
□□□□□□□＿□□
□□□□□□□＿□□
00:42:27(76418f):field(76417f)
＿＿＿＿＿＿＿＿＿＿
＿＿＿＿＿＿＿＿＿＿
＿＿＿＿＿＿＿＿＿＿
＿＿＿＿＿＿＿＿＿＿
＿＿＿＿＿＿＿＿＿＿
＿＿＿＿＿＿＿＿＿＿
＿＿＿＿＿＿＿＿＿＿
＿＿＿＿＿＿＿＿＿＿
＿＿＿＿＿＿＿＿＿＿
＿＿＿＿＿＿＿＿＿＿
＿＿＿◆＿＿＿＿＿＿
＿＿◆□◆＿＿＿＿＿
■□□□□＿□◆＿◆
■□□□□◆□□◆□
□□□□□□□＿□□
□□□＿□□□□□□
□□□□□□□＿□□
□□□□□□□□＿□
□□□□□□□＿□□
□□□□□□□＿□□
00:42:27(76428f):field(76427f)
＿＿＿＿＿＿＿＿＿＿
＿＿＿＿＿＿＿＿＿＿
＿＿＿＿＿＿＿＿＿＿
＿＿＿＿＿＿＿＿＿＿
＿＿＿＿＿＿＿＿＿＿
＿＿＿＿＿＿＿＿＿＿
＿＿＿＿＿＿＿＿＿＿
＿＿＿＿＿＿＿＿＿＿
＿＿＿＿＿＿＿＿＿＿
＿＿＿＿＿＿＿＿＿＿
＿＿＿＿＿■＿＿＿＿
＿＿＿□＿■＿＿＿＿
□□□□□■◆＿＿＿
□□□□□■□□■□
□□□□□□□＿□□
□□□＿□□□□□□
□□□□□□□＿□□
□□□□□□□□＿□
□□□□□□□＿□□
□□□□□□□＿□□
00:42:28(76442f):field(76441f)
＿＿＿＿＿＿＿＿＿＿
＿＿＿＿＿＿＿＿＿＿
＿＿＿＿＿＿＿＿＿＿
＿＿＿＿＿＿＿＿＿＿
＿＿＿＿＿＿＿＿＿＿
＿＿＿＿＿＿＿＿＿＿
＿＿＿＿＿＿＿＿＿＿
＿＿＿＿＿＿＿＿＿＿
＿＿＿＿＿＿＿＿＿＿
＿＿＿＿＿＿＿＿＿＿
＿＿■＿＿□＿＿＿＿
■■■□＿□＿＿＿＿
□□□□□□＿＿＿＿
□□□□□□□□◆□
□□□□□□□＿□□
□□□＿□□□□□□
□□□□□□□＿□□
□□□□□□□□＿□
□□□□□□□＿□□
□□□□□□□＿□□
00:42:28(76454f):field(76453f)
＿＿＿＿＿＿＿＿＿＿
＿＿＿＿＿＿＿＿＿＿
＿＿＿＿＿＿＿＿＿＿
＿＿＿＿＿＿＿＿＿＿
＿＿＿＿＿＿＿＿＿＿
＿＿＿＿＿＿＿＿＿＿
＿＿＿＿＿＿＿＿＿＿
＿＿＿＿＿＿＿＿＿＿
＿＿＿＿＿＿＿＿＿＿
＿＿＿＿■＿＿＿＿＿
＿＿□■■□＿＿＿＿
□□□□■□＿＿＿＿
□□□□□□＿＿＿＿
□□□□□□□□＿□
□□□□□□□＿□□
□□□＿□□□□□□
□□□□□□□＿□□
□□□□□□□□＿□
□□□□□□□＿□□
□□□□□□□＿□□
00:42:28(76467f):field(76466f)
＿＿＿＿＿＿＿＿＿＿
＿＿＿＿＿＿＿＿＿＿
＿＿＿＿＿＿＿＿＿＿
＿＿＿＿＿＿＿＿＿＿
＿＿＿＿＿＿＿＿＿＿
＿＿＿＿＿＿＿＿＿＿
＿＿＿＿＿＿＿＿＿＿
＿＿＿＿＿＿＿＿＿＿
＿＿＿＿＿＿＿＿＿＿
＿＿＿＿◆＿＿＿＿＿
＿＿◆◆□◆＿＿＿＿
◆◆□□□□＿＿＿＿
□□□□□□＿■＿＿
□□□□□□◆□■◆
□□□□□□□＿□□
□□□＿□□□□□□
□□□□□□□＿□□
□□□□□□□□＿□
□□□□□□□＿□□
□□□□□□□＿□□
00:42:29(76479f):field(76478f)
＿＿＿＿＿＿＿＿＿＿
＿＿＿＿＿＿＿＿＿＿
＿＿＿＿＿＿＿＿＿＿
＿＿＿＿＿＿＿＿＿＿
＿＿＿＿＿＿＿＿＿＿
＿＿＿＿＿＿＿＿＿＿
＿＿＿＿＿＿＿＿＿＿
＿＿＿＿＿＿＿＿＿＿
＿＿＿＿■＿＿＿＿＿
＿＿＿■■＿＿＿＿＿
＿＿＿■□＿＿＿＿＿
＿＿□□□□＿＿＿＿
□□□□□□＿□＿＿
□□□□□□＿□□＿
□□□□□□□＿□□
□□□＿□□□□□□
□□□□□□□＿□□
□□□□□□□□＿□
□□□□□□□＿□□
□□□□□□□＿□□
00:42:29(76494f):field(76493f)
＿＿＿＿＿＿＿＿＿＿
＿＿＿＿＿＿＿＿＿＿
＿＿＿＿＿＿＿＿＿＿
＿＿＿＿＿＿＿＿＿＿
＿＿＿＿＿＿＿＿＿＿
＿＿＿＿＿＿＿＿＿＿
＿＿＿＿＿＿＿＿＿＿
＿＿＿＿＿＿＿＿＿＿
＿＿＿＿□＿＿＿＿＿
＿＿＿□□＿＿＿＿＿
＿■■□□＿＿＿＿＿
■■□□□□＿＿＿＿
□□□□□□＿□＿＿
□□□□□□＿□□＿
□□□□□□□＿□□
□□□＿□□□□□□
□□□□□□□＿□□
□□□□□□□□＿□
□□□□□□□＿□□
□□□□□□□＿□□
00:42:30(76505f):field(76504f)
＿＿＿＿＿＿＿＿＿＿
＿＿＿＿＿＿＿＿＿＿
＿＿＿＿＿＿＿＿＿＿
＿＿＿＿＿＿＿＿＿＿
＿＿＿＿＿＿＿＿＿＿
＿＿＿＿＿＿＿＿＿＿
＿＿＿＿＿＿＿＿＿＿
＿＿＿＿＿＿＿＿＿＿
＿＿＿＿□＿＿＿＿＿
■■■□□＿＿＿＿＿
■□□□□＿＿＿＿＿
□□□□□□＿＿＿＿
□□□□□□＿□＿＿
□□□□□□＿□□＿
□□□□□□□＿□□
□□□＿□□□□□□
□□□□□□□＿□□
□□□□□□□□＿□
□□□□□□□＿□□
□□□□□□□＿□□
00:42:30(76520f):field(76519f)
＿＿＿＿＿＿＿＿＿＿
＿＿＿＿＿＿＿＿＿＿
＿＿＿＿＿＿＿＿＿＿
＿＿＿＿＿＿＿＿＿＿
＿＿＿＿＿＿＿＿＿＿
＿＿＿＿＿＿＿＿＿＿
＿＿＿＿＿＿＿＿＿＿
＿＿＿＿＿＿＿＿＿＿
＿＿＿＿□＿＿＿＿＿
□□□□□＿＿＿＿＿
□□□□□＿＿＿＿＿
□□□□□□＿＿■■
□□□□□□＿□■■
□□□□□□＿□□＿
□□□□□□□＿□□
□□□＿□□□□□□
□□□□□□□＿□□
□□□□□□□□＿□
□□□□□□□＿□□
□□□□□□□＿□□
00:42:31(76532f):field(76531f)
＿＿＿＿＿＿＿＿＿＿
＿＿＿＿＿＿＿＿＿＿
＿＿＿＿＿＿＿＿＿＿
＿＿＿＿＿＿＿＿＿＿
＿＿＿＿＿＿＿＿＿＿
＿＿＿＿＿＿＿＿＿＿
＿＿＿＿＿＿＿＿＿＿
＿＿＿＿＿＿＿＿＿＿
＿＿＿＿◆＿＿＿＿＿
◆◆◆◆□＿＿＿＿＿
□□□□□＿＿＿＿＿
□□□□□□■＿◆◆
□□□□□□■◆□□
□□□□□□■□□＿
□□□□□□□＿□□
□□□＿□□□□□□
□□□□□□□＿□□
□□□□□□□□＿□
□□□□□□□＿□□
□□□□□□□＿□□
00:42:31(76545f):field(76544f)
＿＿＿＿＿＿＿＿＿＿
＿＿＿＿＿＿＿＿＿＿
＿＿＿＿＿＿＿＿＿＿
＿＿＿＿＿＿＿＿＿＿
＿＿＿＿＿＿＿＿＿＿
＿＿＿＿＿＿＿＿＿＿
＿＿＿＿＿＿＿＿＿＿
＿＿＿＿＿＿＿＿＿＿
＿＿＿＿＿＿＿＿＿＿
＿＿＿＿□■■＿＿＿
□□□□□■＿＿＿＿
□□□□□□□＿＿＿
□□□□□□□＿□□
□□□□□□□□□＿
□□□□□□□＿□□
□□□＿□□□□□□
□□□□□□□＿□□
□□□□□□□□＿□
□□□□□□□＿□□
□□□□□□□＿□□
00:42:31(76556f):field(76555f)
＿＿＿＿＿＿＿＿＿＿
＿＿＿＿＿＿＿＿＿＿
＿＿＿＿＿＿＿＿＿＿
＿＿＿＿＿＿＿＿＿＿
＿＿＿＿＿＿＿＿＿＿
＿＿＿＿＿＿＿＿＿＿
＿＿＿＿＿＿＿＿＿＿
＿＿＿＿＿＿＿＿＿＿
＿＿＿■■＿＿＿＿＿
＿＿■■□□□＿＿＿
□□□□□□＿＿＿＿
□□□□□□□＿＿＿
□□□□□□□＿□□
□□□□□□□□□＿
□□□□□□□＿□□
□□□＿□□□□□□
□□□□□□□＿□□
□□□□□□□□＿□
□□□□□□□＿□□
□□□□□□□＿□□
00:42:32(76569f):field(76568f)
＿＿＿＿＿＿＿＿＿＿
＿＿＿＿＿＿＿＿＿＿
＿＿＿＿＿＿＿＿＿＿
＿＿＿＿＿＿＿＿＿＿
＿＿＿＿＿＿＿＿＿＿
＿＿＿＿＿＿＿＿＿＿
＿＿＿＿＿■＿＿＿＿
＿＿＿＿■■＿＿＿＿
＿＿＿□□■＿＿＿＿
＿＿□□□□□＿＿＿
□□□□□□＿＿＿＿
□□□□□□□＿＿＿
□□□□□□□＿□□
□□□□□□□□□＿
□□□□□□□＿□□
□□□＿□□□□□□
□□□□□□□＿□□
□□□□□□□□＿□
□□□□□□□＿□□
□□□□□□□＿□□
00:42:32(76580f):field(76579f)
＿＿＿＿＿＿＿＿＿＿
＿＿＿＿＿＿＿＿＿＿
＿＿＿＿＿＿＿＿＿＿
＿＿＿＿＿＿＿＿＿＿
＿＿＿＿＿＿＿＿＿＿
＿＿＿＿■＿＿＿＿＿
＿＿＿■■□＿＿＿＿
＿＿＿■□□＿＿＿＿
＿＿＿□□□＿＿＿＿
＿＿□□□□□＿＿＿
□□□□□□＿＿＿＿
□□□□□□□＿＿＿
□□□□□□□＿□□
□□□□□□□□□＿
□□□□□□□＿□□
□□□＿□□□□□□
□□□□□□□＿□□
□□□□□□□□＿□
□□□□□□□＿□□
□□□□□□□＿□□
00:42:33(76595f):field(76594f)
＿＿＿＿＿＿＿＿＿＿
＿＿＿＿＿＿＿＿＿＿
＿＿＿＿＿＿＿＿＿＿
＿＿＿＿＿＿＿＿＿＿
＿＿＿＿＿＿＿＿＿＿
＿＿＿＿◆＿＿＿＿＿
＿＿＿◆□◆＿＿＿＿
＿＿＿□□□＿＿＿＿
＿＿＿□□□＿＿＿＿
＿＿◆□□□◆＿＿＿
◆◆□□□□■＿＿＿
□□□□□□◆■＿■
□□□□□□□■□◆
□□□□□□□□□＿
□□□□□□□＿□□
□□□＿□□□□□□
□□□□□□□＿□□
□□□□□□□□＿□
□□□□□□□＿□□
□□□□□□□＿□□
00:42:33(76608f):field(76607f)
＿＿＿＿＿＿＿＿＿＿
＿＿＿＿＿＿＿＿＿＿
＿＿＿＿＿＿＿＿＿＿
＿＿＿＿＿＿＿＿＿＿
＿＿＿＿＿＿＿＿＿＿
＿＿＿＿＿＿＿＿＿＿
＿＿＿＿□＿＿＿＿＿
＿＿＿□□□＿＿＿＿
＿＿＿□□□＿＿＿＿
■■＿□□□＿＿＿＿
■■□□□□□＿＿＿
□□□□□□＿□＿◆
□□□□□□□□□＿
□□□□□□□□□＿
□□□□□□□＿□□
□□□＿□□□□□□
□□□□□□□＿□□
□□□□□□□□＿□
□□□□□□□＿□□
□□□□□□□＿□□
00:42:34(76622f):field(76621f)
＿＿＿＿＿＿＿＿＿＿
＿＿＿＿＿＿＿＿＿＿
＿＿＿＿＿＿＿＿＿＿
＿＿＿＿＿＿＿＿＿＿
＿＿＿＿＿＿＿＿＿＿
＿＿＿＿＿＿＿＿＿＿
＿＿＿＿□＿＿＿＿＿
＿＿＿□□□＿＿＿＿
＿＿＿□□□＿＿＿＿
□□＿□□□＿■＿＿
□□□□□□□■■＿
□□□□□□＿□■＿
□□□□□□□□□＿
□□□□□□□□□＿
□□□□□□□＿□□
□□□＿□□□□□□
□□□□□□□＿□□
□□□□□□□□＿□
□□□□□□□＿□□
□□□□□□□＿□□
00:42:34(76635f):field(76634f)
＿＿＿＿＿＿＿＿＿＿
＿＿＿＿＿＿＿＿＿＿
＿＿＿＿＿＿＿＿＿＿
＿＿＿＿＿＿＿＿＿＿
＿＿＿＿＿＿＿＿＿＿
＿＿＿＿＿＿＿＿＿＿
＿＿＿＿□＿＿＿＿＿
＿＿＿□□□＿＿＿＿
■■■□□□＿＿＿＿
□□■□□□＿□＿＿
□□□□□□□□□＿
□□□□□□＿□□＿
□□□□□□□□□＿
□□□□□□□□□＿
□□□□□□□＿□□
□□□＿□□□□□□
□□□□□□□＿□□
□□□□□□□□＿□
□□□□□□□＿□□
□□□□□□□＿□□
00:42:34(76647f):field(76646f)
＿＿＿＿＿＿＿＿＿＿
＿＿＿＿＿＿＿＿＿＿
＿＿＿＿＿＿＿＿＿＿
＿＿＿＿＿＿＿＿＿＿
＿＿＿＿＿＿＿＿＿＿
＿＿＿＿＿＿＿＿＿＿
＿＿＿＿□＿＿＿＿＿
＿＿＿□□□＿■＿＿
□□□□□□■■＿＿
□□□□□□■□＿＿
□□□□□□□□□＿
□□□□□□＿□□＿
□□□□□□□□□＿
□□□□□□□□□＿
□□□□□□□＿□□
□□□＿□□□□□□
□□□□□□□＿□□
□□□□□□□□＿□
□□□□□□□＿□□
□□□□□□□＿□□
00:42:35(76664f):field(76663f)
＿＿＿＿＿＿＿＿＿＿
＿＿＿＿＿＿＿＿＿＿
＿＿＿＿＿＿＿＿＿＿
＿＿＿＿＿＿＿＿＿＿
＿＿＿＿＿＿＿＿＿＿
＿＿＿＿＿＿＿＿＿＿
＿＿＿＿◆＿＿＿＿＿
＿＿＿◆◆◆＿◆＿＿
◆◆□□□◆◆◆＿＿
□◆◆□□□◆□＿■
□□□□□□□□□＿
□□□□□□＿□□■
□□□□□□□□□■
□□□□□□□□□＿
□□□□□□□＿□□
□□□＿□□□□□□
□□□□□□□＿□□
□□□□□□□□＿□
□□□□□□□＿□□
□□□□□□□＿□□
00:42:35(76677f):field(76676f)
＿＿＿＿＿＿＿＿＿＿
＿＿＿＿＿＿＿＿＿＿
＿＿＿＿＿＿＿＿＿＿
＿＿＿＿＿＿＿＿＿＿
＿＿＿＿＿＿＿＿＿＿
＿＿＿＿＿＿＿＿＿＿
＿＿＿＿＿＿＿＿＿＿
＿＿＿＿＿＿＿＿＿■
＿＿◆◆□＿＿＿＿■
◆＿＿□□□＿□＿□
□□□□□□□□◆■
□□□□□□＿□□□
□□□□□□□□□◆
□□□□□□□□□＿
□□□□□□□＿□□
□□□＿□□□□□□
□□□□□□□＿□□
□□□□□□□□＿□
□□□□□□□＿□□
□□□□□□□＿□□
00:42:36(76689f):field(76688f)
＿＿＿＿＿＿＿＿＿＿
＿＿＿＿＿＿＿＿＿＿
＿＿＿＿＿＿＿＿＿＿
＿＿＿＿＿＿＿＿＿＿
＿＿＿＿＿＿＿＿＿＿
＿＿＿＿＿＿＿＿＿＿
＿＿＿＿＿＿＿＿＿＿
＿＿＿＿＿■＿＿＿□
＿＿＿＿□■■＿＿□
＿＿＿□□□■□＿□
□□□□□□□□＿□
□□□□□□＿□□□
□□□□□□□□□＿
□□□□□□□□□＿
□□□□□□□＿□□
□□□＿□□□□□□
□□□□□□□＿□□
□□□□□□□□＿□
□□□□□□□＿□□
□□□□□□□＿□□
00:42:36(76702f):field(76701f)
＿＿＿＿＿＿＿＿＿＿
＿＿＿＿＿＿＿＿＿＿
＿＿＿＿＿＿＿＿＿＿
＿＿＿＿＿＿＿＿＿＿
＿＿＿＿＿＿＿＿＿＿
＿＿＿＿＿＿＿＿＿＿
＿＿＿＿＿＿＿＿＿＿
＿＿＿＿＿□＿＿＿□
＿■■＿□□□＿＿□
＿■■□□□□□＿□
□□□□□□□□＿□
□□□□□□＿□□□
□□□□□□□□□＿
□□□□□□□□□＿
□□□□□□□＿□□
□□□＿□□□□□□
□□□□□□□＿□□
□□□□□□□□＿□
□□□□□□□＿□□
□□□□□□□＿□□
00:42:37(76718f):field(76717f)
＿＿＿＿＿＿＿＿＿＿
＿＿＿＿＿＿＿＿＿＿
＿＿＿＿＿＿＿＿＿＿
＿＿＿＿＿＿＿＿＿＿
＿＿＿＿＿＿＿＿＿＿
＿＿＿＿＿＿＿＿＿＿
＿＿＿＿＿＿＿＿＿＿
■■＿＿＿□＿＿＿□
■□□＿□□□＿＿□
■□□□□□□□＿□
□□□□□□□□＿□
□□□□□□＿□□□
□□□□□□□□□＿
□□□□□□□□□＿
□□□□□□□＿□□
□□□＿□□□□□□
□□□□□□□＿□□
□□□□□□□□＿□
□□□□□□□＿□□
□□□□□□□＿□□
00:42:37(76730f):field(76729f)
＿＿＿＿＿＿＿＿＿＿
＿＿＿＿＿＿＿＿＿＿
＿＿＿＿＿＿＿＿＿＿
＿＿＿＿＿＿＿＿＿＿
＿＿＿＿＿＿＿＿＿＿
＿＿＿＿＿＿＿＿＿＿
＿＿＿＿■＿＿＿＿＿
□□＿■■□＿＿＿□
□□□■□□□＿＿□
□□□□□□□□＿□
□□□□□□□□＿□
□□□□□□＿□□□
□□□□□□□□□＿
□□□□□□□□□＿
□□□□□□□＿□□
□□□＿□□□□□□
□□□□□□□＿□□
□□□□□□□□＿□
□□□□□□□＿□□
□□□□□□□＿□□
00:42:38(76742f):field(76741f)
＿＿＿＿＿＿＿＿＿＿
＿＿＿＿＿＿＿＿＿＿
＿＿＿＿＿＿＿＿＿＿
＿＿＿＿＿＿＿＿＿＿
＿＿＿＿＿＿＿＿＿＿
＿＿＿＿＿＿＿＿＿＿
＿■■■□＿＿＿＿＿
□□■□□□＿＿＿□
□□□□□□□＿＿□
□□□□□□□□＿□
□□□□□□□□＿□
□□□□□□＿□□□
□□□□□□□□□＿
□□□□□□□□□＿
□□□□□□□＿□□
□□□＿□□□□□□
□□□□□□□＿□□
□□□□□□□□＿□
□□□□□□□＿□□
□□□□□□□＿□□
00:42:38(76755f):field(76754f)
＿＿＿＿＿＿＿＿＿＿
＿＿＿＿＿＿＿＿＿＿
＿＿＿＿＿＿＿＿＿＿
＿＿＿＿＿＿＿＿＿＿
＿＿＿＿＿＿＿＿＿＿
＿＿＿＿＿＿＿＿＿＿
＿◆◆◆◆＿＿＿＿＿
◆◆◆◆◆◆＿＿＿◆
◆□□□□◆◆＿＿◆
□□□□□□◆◆■□
□□□□□□□◆■□
□□□□□□■□□□
□□□□□□□□□＿
□□□□□□□□□＿
□□□□□□□＿□□
□□□＿□□□□□□
□□□□□□□＿□□
□□□□□□□□＿□
□□□□□□□＿□□
□□□□□□□＿□□
00:42:38(76769f):field(76768f)
＿＿＿＿＿＿＿＿＿＿
＿＿＿＿＿＿＿＿＿＿
＿＿＿＿＿＿＿＿＿＿
＿＿＿＿＿＿＿＿＿＿
＿＿＿＿＿＿＿＿＿＿
＿＿＿＿＿＿＿＿＿＿
＿＿＿＿＿＿＿＿＿＿
＿＿＿＿＿＿＿＿＿＿
＿◆◆◆◆＿■＿＿＿
□◆◆◆◆◆＿■◆◆
□□□□□□□＿□◆
□□□□□□◆□□□
□□□□□□□□□■
□□□□□□□□□＿
□□□□□□□＿□□
□□□＿□□□□□□
□□□□□□□＿□□
□□□□□□□□＿□
□□□□□□□＿□□
□□□□□□□＿□□
00:42:39(76783f):field(76782f)
＿＿＿＿＿＿＿＿＿＿
＿＿＿＿＿＿＿＿＿＿
＿＿＿＿＿＿＿＿＿＿
＿＿＿＿＿＿＿＿＿＿
＿＿＿＿＿＿＿＿＿＿
＿＿＿＿＿＿＿＿＿＿
＿＿＿＿＿＿＿＿＿＿
＿＿＿＿＿＿＿＿＿＿
＿＿＿＿＿＿◆＿＿＿
◆＿＿＿＿＿＿◆■■
◆□□□□◆□＿□■
□□□□□□＿□□□
□□□□□□□□□◆
□□□□□□□□□＿
□□□□□□□＿□□
□□□＿□□□□□□
□□□□□□□＿□□
□□□□□□□□＿□
□□□□□□□＿□□
□□□□□□□＿□□
00:42:39(76794f):field(76793f)
＿＿＿＿＿＿＿＿＿＿
＿＿＿＿＿＿＿＿＿＿
＿＿＿＿＿＿＿＿＿＿
＿＿＿＿＿＿＿＿＿＿
＿＿＿＿＿＿＿＿＿＿
＿＿＿＿＿＿＿＿＿＿
＿＿＿＿＿＿＿＿＿＿
＿＿＿＿＿＿＿＿＿＿
＿＿＿＿＿＿＿＿＿＿
■■■＿＿＿＿＿□□
■□□□□＿□＿□□
□□□□□□＿□□□
□□□□□□□□□＿
□□□□□□□□□＿
□□□□□□□＿□□
□□□＿□□□□□□
□□□□□□□＿□□
□□□□□□□□＿□
□□□□□□□＿□□
□□□□□□□＿□□
00:42:40(76807f):field(76806f)
＿＿＿＿＿＿＿＿＿＿
＿＿＿＿＿＿＿＿＿＿
＿＿＿＿＿＿＿＿＿＿
＿＿＿＿＿＿＿＿＿＿
＿＿＿＿＿＿＿＿＿＿
＿＿＿＿＿＿＿＿＿＿
＿＿＿＿＿＿＿＿＿＿
＿＿＿＿＿＿＿＿＿＿
＿＿＿＿＿＿■＿＿＿
□□□＿＿■■＿□□
□□□□□■□＿□□
□□□□□□＿□□□
□□□□□□□□□＿
□□□□□□□□□＿
□□□□□□□＿□□
□□□＿□□□□□□
□□□□□□□＿□□
□□□□□□□□＿□
□□□□□□□＿□□
□□□□□□□＿□□
00:42:40(76820f):field(76819f)
＿＿＿＿＿＿＿＿＿＿
＿＿＿＿＿＿＿＿＿＿
＿＿＿＿＿＿＿＿＿＿
＿＿＿＿＿＿＿＿＿＿
＿＿＿＿＿＿＿＿＿＿
＿＿＿＿＿＿＿＿＿＿
＿＿＿＿＿＿＿＿＿＿
＿＿＿＿■＿＿＿＿＿
＿＿＿＿■＿□＿＿＿
□□□■■□□＿□□
□□□□□□□＿□□
□□□□□□＿□□□
□□□□□□□□□＿
□□□□□□□□□＿
□□□□□□□＿□□
□□□＿□□□□□□
□□□□□□□＿□□
□□□□□□□□＿□
□□□□□□□＿□□
□□□□□□□＿□□
00:42:41(76836f):field(76835f)
＿＿＿＿＿＿＿＿＿＿
＿＿＿＿＿＿＿＿＿＿
＿＿＿＿＿＿＿＿＿＿
＿＿＿＿＿＿＿＿＿＿
＿＿＿＿＿＿＿＿＿＿
＿＿＿＿＿＿＿＿＿＿
■＿＿＿＿＿＿＿＿＿
■＿＿＿□＿＿＿＿＿
■■＿＿□＿□＿＿＿
□□□□□□□＿□□
□□□□□□□＿□□
□□□□□□＿□□□
□□□□□□□□□＿
□□□□□□□□□＿
□□□□□□□＿□□
□□□＿□□□□□□
□□□□□□□＿□□
□□□□□□□□＿□
□□□□□□□＿□□
□□□□□□□＿□□
00:42:41(76847f):field(76846f)
＿＿＿＿＿＿＿＿＿＿
＿＿＿＿＿＿＿＿＿＿
＿＿＿＿＿＿＿＿＿＿
＿＿＿＿＿＿＿＿＿＿
＿＿＿＿＿＿＿＿＿＿
＿＿＿＿＿＿＿＿＿＿
□＿＿＿＿■＿＿＿＿
□＿＿＿□■■＿＿＿
□□＿＿□■□＿＿＿
□□□□□□□＿□□
□□□□□□□＿□□
□□□□□□＿□□□
□□□□□□□□□＿
□□□□□□□□□＿
□□□□□□□＿□□
□□□＿□□□□□□
□□□□□□□＿□□
□□□□□□□□＿□
□□□□□□□＿□□
□□□□□□□＿□□
00:42:42(76860f):field(76859f)
＿＿＿＿＿＿＿＿＿＿
＿＿＿＿＿＿＿＿＿＿
＿＿＿＿＿＿＿＿＿＿
＿＿＿＿＿＿＿＿＿＿
＿＿＿＿＿＿＿＿＿＿
＿＿＿＿＿＿＿＿＿＿
□＿＿＿＿□＿＿＿＿
□＿＿＿□□□＿■■
□□＿＿□□□＿■■
□□□□□□□＿□□
□□□□□□□＿□□
□□□□□□＿□□□
□□□□□□□□□＿
□□□□□□□□□＿
□□□□□□□＿□□
□□□＿□□□□□□
□□□□□□□＿□□
□□□□□□□□＿□
□□□□□□□＿□□
□□□□□□□＿□□
00:42:42(76872f):field(76871f)
＿＿＿＿＿＿＿＿＿＿
＿＿＿＿＿＿＿＿＿＿
＿＿＿＿＿＿＿＿＿＿
＿＿＿＿＿＿＿＿＿＿
＿＿＿＿＿＿＿＿＿＿
＿＿＿＿＿＿＿＿＿＿
□＿＿＿＿□＿＿＿＿
□■■＿□□□＿□□
□□■■□□□＿□□
□□□□□□□＿□□
□□□□□□□＿□□
□□□□□□＿□□□
□□□□□□□□□＿
□□□□□□□□□＿
□□□□□□□＿□□
□□□＿□□□□□□
□□□□□□□＿□□
□□□□□□□□＿□
□□□□□□□＿□□
□□□□□□□＿□□
00:42:42(76884f):field(76883f)
＿＿＿＿＿＿＿＿＿＿
＿＿＿＿＿＿＿＿＿＿
＿＿＿＿＿＿＿＿＿＿
＿＿＿＿＿＿＿＿＿＿
＿＿＿＿＿＿＿＿＿＿
＿＿＿＿＿＿＿＿＿＿
◆＿＿＿＿◆＿＿＿＿
◆◆◆＿◆◆◆■◆◆
□◆◆□◆□□＿□◆
□◆◆◆◆□◆■◆□
□□□□□□□■□□
□□□□□□＿□□□
□□□□□□□□□■
□□□□□□□□□＿
□□□□□□□＿□□
□□□＿□□□□□□
□□□□□□□＿□□
□□□□□□□□＿□
□□□□□□□＿□□
□□□□□□□＿□□
00:42:43(76900f):field(76899f)
＿＿＿＿＿＿＿＿＿＿
＿＿＿＿＿＿＿＿＿＿
＿＿＿＿＿＿＿＿＿＿
＿＿＿＿＿＿＿＿＿＿
＿＿＿＿＿＿＿＿＿＿
＿＿＿＿＿＿＿＿＿＿
＿＿＿＿＿＿＿＿＿＿
＿＿＿■＿＿＿◆＿＿
◆＿＿□＿◆◆＿◆＿
□＿＿■■□＿◆＿◆
□□□◆□□□□□□
□□□□□□＿□□□
□□□□□□□□□◆
□□□□□□□□□＿
□□□□□□□＿□□
□□□＿□□□□□□
□□□□□□□＿□□
□□□□□□□□＿□
□□□□□□□＿□□
□□□□□□□＿□□
00:42:44(76921f):field(76920f)
＿＿＿＿＿＿＿＿＿＿
＿＿＿＿＿＿＿＿＿＿
＿＿＿＿＿＿＿＿＿＿
＿＿＿＿＿＿＿＿＿＿
＿＿＿＿＿＿＿＿＿＿
＿＿＿＿＿＿＿＿＿＿
＿＿＿＿＿＿＿＿＿＿
＿＿＿□＿＿＿＿＿＿
＿＿＿□■■■＿＿＿
□＿＿□□□■＿＿＿
□□□＿□□□□□□
□□□□□□＿□□□
□□□□□□□□□＿
□□□□□□□□□＿
□□□□□□□＿□□
□□□＿□□□□□□
□□□□□□□＿□□
□□□□□□□□＿□
□□□□□□□＿□□
□□□□□□□＿□□
00:42:44(76934f):field(76933f)
＿＿＿＿＿＿＿＿＿＿
＿＿＿＿＿＿＿＿＿＿
＿＿＿＿＿＿＿＿＿＿
＿＿＿＿＿＿＿＿＿＿
＿＿＿＿＿＿＿＿＿＿
＿＿＿＿＿＿＿＿＿＿
＿＿＿＿＿＿＿＿＿■
＿＿＿□＿＿＿＿＿■
＿＿＿□□□□＿＿■
□＿＿□□□□＿＿■
□□□＿□□□□□□
□□□□□□＿□□□
□□□□□□□□□＿
□□□□□□□□□＿
□□□□□□□＿□□
□□□＿□□□□□□
□□□□□□□＿□□
□□□□□□□□＿□
□□□□□□□＿□□
□□□□□□□＿□□
00:42:45(76953f):field(76952f)
＿＿＿＿＿＿＿＿＿＿
＿＿＿＿＿＿＿＿＿＿
＿＿＿＿＿＿＿＿＿＿
＿＿＿＿＿＿＿＿＿＿
＿＿＿＿＿＿＿＿＿＿
＿＿＿＿＿＿＿＿＿＿
＿＿＿＿＿＿＿＿＿□
＿＿＿□＿＿＿＿＿□
＿＿＿□□□□■■□
□＿＿□□□□■■□
□□□＿□□□□□□
□□□□□□＿□□□
□□□□□□□□□＿
□□□□□□□□□＿
□□□□□□□＿□□
□□□＿□□□□□□
□□□□□□□＿□□
□□□□□□□□＿□
□□□□□□□＿□□
□□□□□□□＿□□
00:42:45(76965f):field(76964f)
＿＿＿＿＿＿＿＿＿＿
＿＿＿＿＿＿＿＿＿＿
＿＿＿＿＿＿＿＿＿＿
＿＿＿＿＿＿＿＿＿＿
＿＿＿＿＿＿＿＿＿＿
＿＿＿＿＿＿＿＿＿＿
＿＿＿＿■＿＿＿＿□
＿＿＿□■■■＿＿□
＿＿＿□□□□□□□
□＿＿□□□□□□□
□□□＿□□□□□□
□□□□□□＿□□□
□□□□□□□□□＿
□□□□□□□□□＿
□□□□□□□＿□□
□□□＿□□□□□□
□□□□□□□＿□□
□□□□□□□□＿□
□□□□□□□＿□□
□□□□□□□＿□□
00:42:45(76979f):field(76978f)
＿＿＿＿＿＿＿＿＿＿
＿＿＿＿＿＿＿＿＿＿
＿＿＿＿＿＿＿＿＿＿
＿＿＿＿＿＿＿＿＿＿
＿＿＿＿＿＿＿＿＿＿
＿＿＿＿＿＿＿＿＿＿
＿＿＿＿◆＿＿＿＿◆
＿＿＿◆□◆◆＿＿□
＿＿＿□□□□◆◆□
□■■□□□□□□□
□□□■□□□□□□
□□□□□□■□□□
□□□□□□□□□＿
□□□□□□□□□＿
□□□□□□□＿□□
□□□＿□□□□□□
□□□□□□□＿□□
□□□□□□□□＿□
□□□□□□□＿□□
□□□□□□□＿□□
00:42:46(76993f):field(76992f)
＿＿＿＿＿＿＿＿＿＿
＿＿＿＿＿＿＿＿＿＿
＿＿＿＿＿＿＿＿＿＿
＿＿＿＿＿＿＿＿＿＿
＿＿＿＿＿＿＿＿＿＿
＿＿＿＿■＿＿＿＿＿
＿＿＿＿■■＿＿＿＿
＿＿＿＿□■＿＿＿□
＿＿＿□□□□＿＿□
□□◆□□□□□□□
□□□◆□□□□□□
□□□□□□◆□□□
□□□□□□□□□＿
□□□□□□□□□＿
□□□□□□□＿□□
□□□＿□□□□□□
□□□□□□□＿□□
□□□□□□□□＿□
□□□□□□□＿□□
□□□□□□□＿□□
00:42:46(77005f):field(77004f)
＿＿＿＿＿＿＿＿＿＿
＿＿＿＿＿＿＿＿＿＿
＿＿＿＿＿＿＿＿＿＿
＿＿＿＿＿＿＿＿＿＿
＿＿＿＿＿＿＿＿＿＿
＿＿＿＿□＿＿＿＿＿
■＿＿＿□□＿＿＿＿
■＿＿＿□□＿＿＿□
■■＿□□□□＿＿□
□□＿□□□□□□□
□□□＿□□□□□□
□□□□□□＿□□□
□□□□□□□□□＿
□□□□□□□□□＿
□□□□□□□＿□□
□□□＿□□□□□□
□□□□□□□＿□□
□□□□□□□□＿□
□□□□□□□＿□□
□□□□□□□＿□□
00:42:47(77019f):field(77018f)
＿＿＿＿＿＿＿＿＿＿
＿＿＿＿＿＿＿＿＿＿
＿＿＿＿＿＿＿＿＿＿
＿＿＿＿＿＿＿＿＿＿
＿＿＿＿＿＿＿＿＿＿
＿＿＿＿□＿＿＿＿＿
□＿＿＿□□＿＿＿＿
□＿＿＿□□＿■■□
□□＿□□□□■■□
□□＿□□□□□□□
□□□＿□□□□□□
□□□□□□＿□□□
□□□□□□□□□＿
□□□□□□□□□＿
□□□□□□□＿□□
□□□＿□□□□□□
□□□□□□□＿□□
□□□□□□□□＿□
□□□□□□□＿□□
□□□□□□□＿□□
00:42:47(77032f):field(77031f)
＿＿＿＿＿＿＿＿＿＿
＿＿＿＿＿＿＿＿＿＿
＿＿＿＿＿＿＿＿＿＿
＿＿＿＿＿＿＿＿＿＿
＿■＿＿＿＿＿＿＿＿
＿■＿＿□＿＿＿＿＿
□■＿＿□□＿＿＿＿
□■＿＿□□＿□□□
□□＿□□□□□□□
□□＿□□□□□□□
□□□＿□□□□□□
□□□□□□＿□□□
□□□□□□□□□＿
□□□□□□□□□＿
□□□□□□□＿□□
□□□＿□□□□□□
□□□□□□□＿□□
□□□□□□□□＿□
□□□□□□□＿□□
□□□□□□□＿□□
00:42:48(77050f):field(77049f)
＿＿＿＿＿＿＿＿＿＿
＿＿＿＿＿＿＿＿＿＿
＿＿＿＿＿＿＿＿＿＿
＿＿＿＿＿＿＿＿＿＿
＿□＿＿＿＿＿＿＿＿
＿□＿＿□＿＿■＿＿
□□＿＿□□■■＿＿
□□＿＿□□■□□□
□□＿□□□□□□□
□□＿□□□□□□□
□□□＿□□□□□□
□□□□□□＿□□□
□□□□□□□□□＿
□□□□□□□□□＿
□□□□□□□＿□□
□□□＿□□□□□□
□□□□□□□＿□□
□□□□□□□□＿□
□□□□□□□＿□□
□□□□□□□＿□□
00:42:48(77062f):field(77061f)
＿＿＿＿＿＿＿＿＿＿
＿＿＿＿＿＿＿＿＿＿
＿＿＿＿＿＿＿＿＿＿
＿＿＿＿＿＿＿＿＿＿
＿◆＿＿＿＿＿＿＿＿
＿◆＿＿◆＿＿◆＿＿
□□＿＿◆◆□◆＿＿
◆□＿＿□□□□◆◆
□□■□□□□□◆◆
□□■□□□□□□□
□□□＿□□□□□□
□□□□□□＿□□□
□□□□□□□□□＿
□□□□□□□□□＿
□□□□□□□＿□□
□□□＿□□□□□□
□□□□□□□＿□□
□□□□□□□□＿□
□□□□□□□＿□□
□□□□□□□＿□□
00:42:49(77075f):field(77074f)
＿＿＿＿＿＿＿＿＿＿
＿＿＿＿＿＿＿＿＿＿
＿＿＿＿＿＿＿＿＿＿
＿＿＿＿＿＿＿＿＿＿
＿＿＿＿＿＿＿＿＿＿
＿＿＿＿＿＿■＿＿＿
◆□＿＿＿＿□＿＿＿
＿□＿＿□□□□＿＿
□□□◆□□□□＿＿
□□◆□□□□□□□
□□□＿□□□□□□
□□□□□□＿□□□
□□□□□□□□□＿
□□□□□□□□□＿
□□□□□□□＿□□
□□□＿□□□□□□
□□□□□□□＿□□
□□□□□□□□＿□
□□□□□□□＿□□
□□□□□□□＿□□
00:42:49(77091f):field(77090f)
＿＿＿＿＿＿＿＿＿＿
＿＿＿＿＿＿＿＿＿＿
＿＿＿＿＿＿＿＿＿＿
＿＿＿＿＿＿＿＿＿＿
＿＿＿＿＿＿＿＿＿＿
＿＿＿＿＿＿□＿＿■
＿□＿＿＿＿□＿＿■
＿□＿＿□□□□＿■
□□□＿□□□□＿■
□□＿□□□□□□□
□□□＿□□□□□□
□□□□□□＿□□□
□□□□□□□□□＿
□□□□□□□□□＿
□□□□□□□＿□□
□□□＿□□□□□□
□□□□□□□＿□□
□□□□□□□□＿□
□□□□□□□＿□□
□□□□□□□＿□□
00:42:50(77102f):field(77101f)
＿＿＿＿＿＿＿＿＿＿
＿＿＿＿＿＿＿＿＿＿
＿＿＿＿＿＿＿＿＿＿
＿＿＿＿＿＿＿＿＿＿
＿＿＿＿＿＿＿＿＿＿
＿＿＿＿＿＿□＿＿□
＿□■＿＿＿□＿＿□
＿□■■□□□□＿□
□□□■□□□□＿□
□□＿□□□□□□□
□□□＿□□□□□□
□□□□□□＿□□□
□□□□□□□□□＿
□□□□□□□□□＿
□□□□□□□＿□□
□□□＿□□□□□□
□□□□□□□＿□□
□□□□□□□□＿□
□□□□□□□＿□□
□□□□□□□＿□□
00:42:50(77116f):field(77115f)
＿＿＿＿＿＿＿＿＿＿
＿＿＿＿＿＿＿＿＿＿
＿＿＿＿＿＿＿＿＿＿
＿＿＿＿＿＿＿＿＿＿
＿＿＿＿＿＿＿＿＿＿
＿＿■■＿＿□＿＿□
＿□□■■＿□＿＿□
＿□□□□□□□＿□
□□□□□□□□＿□
□□＿□□□□□□□
□□□＿□□□□□□
□□□□□□＿□□□
□□□□□□□□□＿
□□□□□□□□□＿
□□□□□□□＿□□
□□□＿□□□□□□
□□□□□□□＿□□
□□□□□□□□＿□
□□□□□□□＿□□
□□□□□□□＿□□
00:42:50(77126f):field(77125f)
＿＿＿＿＿＿＿＿＿＿
＿＿＿＿＿＿＿＿＿＿
＿＿＿＿＿＿＿＿＿＿
＿＿＿＿＿＿＿＿＿＿
＿＿＿＿＿■＿＿＿＿
＿＿□□■■□＿＿□
＿□□□□■□＿＿□
＿□□□□□□□＿□
□□□□□□□□＿□
□□＿□□□□□□□
□□□＿□□□□□□
□□□□□□＿□□□
□□□□□□□□□＿
□□□□□□□□□＿
□□□□□□□＿□□
□□□＿□□□□□□
□□□□□□□＿□□
□□□□□□□□＿□
□□□□□□□＿□□
□□□□□□□＿□□
00:42:51(77144f):field(77143f)
＿＿＿＿＿＿＿＿＿＿
＿＿＿＿＿＿＿＿＿＿
＿＿＿＿＿＿＿＿＿＿
＿＿＿＿＿＿＿＿＿＿
＿＿＿＿＿◆＿＿＿＿
＿＿◆◆◆□◆＿＿◆
＿◆□□□□□＿＿□
＿□□□□□□□■□
◆□□□□□□□■□
□□＿□□□□□□□
□□□＿□□□□□□
□□□□□□＿□□□
□□□□□□□□□＿
□□□□□□□□□＿
□□□□□□□＿□□
□□□＿□□□□□□
□□□□□□□＿□□
□□□□□□□□＿□
□□□□□□□＿□□
□□□□□□□＿□□
00:42:51(77155f):field(77154f)
＿＿＿＿＿＿＿＿＿＿
＿＿＿＿＿＿＿＿＿＿
＿＿＿＿＿＿＿＿＿＿
＿＿＿＿＿＿＿＿＿＿
＿＿＿＿＿＿＿＿＿＿
＿＿＿＿＿◆＿＿＿＿
■＿◆◆◆◆◆＿■◆
■□◆◆◆□□□◆□
■◆□□□□□□◆□
□□■□□□□□□□
□□□■□□□□□□
□□□□□□＿□□□
□□□□□□□□□＿
□□□□□□□□□＿
□□□□□□□＿□□
□□□＿□□□□□□
□□□□□□□＿□□
□□□□□□□□＿□
□□□□□□□＿□□
□□□□□□□＿□□
00:42:52(77166f):field(77165f)
＿＿＿＿＿＿＿＿＿＿
＿＿＿＿＿＿＿＿＿＿
＿＿＿＿＿＿＿＿＿＿
＿＿＿＿＿＿＿＿＿＿
＿＿＿＿＿＿＿＿＿＿
＿＿＿＿＿＿＿＿＿＿
◆＿＿＿＿＿＿＿□＿
□◆＿＿＿□◆◆■◆
□＿□□□□□□■□
□□◆□□□□□□□
□□□◆□□□□□□
□□□□□□＿□□□
□□□□□□□□□＿
□□□□□□□□□＿
□□□□□□□＿□□
□□□＿□□□□□□
□□□□□□□＿□□
□□□□□□□□＿□
□□□□□□□＿□□
□□□□□□□＿□□
00:42:52(77176f):field(77175f)
＿＿＿＿＿＿＿＿＿＿
＿＿＿＿＿＿＿＿＿＿
＿＿＿＿＿＿＿＿＿＿
＿＿＿＿＿＿＿＿＿＿
＿＿＿＿＿＿＿＿＿＿
＿＿＿＿＿＿＿＿＿＿
＿＿＿＿■■＿＿□＿
□＿＿■■□＿＿□＿
□＿□□□□□□□□
□□＿□□□□□□□
□□□＿□□□□□□
□□□□□□＿□□□
□□□□□□□□□＿
□□□□□□□□□＿
□□□□□□□＿□□
□□□＿□□□□□□
□□□□□□□＿□□
□□□□□□□□＿□
□□□□□□□＿□□
□□□□□□□＿□□
00:42:53(77192f):field(77191f)
＿＿＿＿＿＿＿＿＿＿
＿＿＿＿＿＿＿＿＿＿
＿＿＿＿＿＿＿＿＿＿
＿＿＿＿＿＿＿＿＿＿
＿＿＿＿＿＿＿＿＿＿
＿＿＿＿＿＿＿＿＿＿
＿＿＿＿◆◆＿＿◆＿
◆■＿□□□＿＿□＿
□■□□□□◆□□□
□□＿□□□□□□□
□□□＿□□□□□□
□□□□□□＿□□□
□□□□□□□□□＿
□□□□□□□□□＿
□□□□□□□＿□□
□□□＿□□□□□□
□□□□□□□＿□□
□□□□□□□□＿□
□□□□□□□＿□□
□□□□□□□＿□□
00:42:53(77205f):field(77204f)
＿＿＿＿＿＿＿＿＿＿
＿＿＿＿＿＿＿＿＿＿
＿＿＿＿＿＿＿＿＿＿
＿＿＿＿＿＿＿＿＿＿
＿＿＿＿＿＿＿＿＿＿
＿＿＿＿＿＿＿＿＿＿
＿＿＿＿＿＿＿＿■■
＿□＿◆□□＿＿□■
□□□□□□＿◆□□
□□＿□□□□□□□
□□□＿□□□□□□
□□□□□□＿□□□
□□□□□□□□□＿
□□□□□□□□□＿
□□□□□□□＿□□
□□□＿□□□□□□
□□□□□□□＿□□
□□□□□□□□＿□
□□□□□□□＿□□
□□□□□□□＿□□
00:42:53(77218f):field(77217f)
＿＿＿＿＿＿＿＿＿＿
＿＿＿＿＿＿＿＿＿＿
＿＿＿＿＿＿＿＿＿＿
＿＿＿＿＿＿＿＿＿＿
＿＿＿＿＿＿＿＿＿＿
＿＿＿＿＿＿＿＿＿＿
＿■■＿＿＿＿＿□□
＿□■■□□＿＿□□
□□□□□□＿＿□□
□□＿□□□□□□□
□□□＿□□□□□□
□□□□□□＿□□□
□□□□□□□□□＿
□□□□□□□□□＿
□□□□□□□＿□□
□□□＿□□□□□□
□□□□□□□＿□□
□□□□□□□□＿□
□□□□□□□＿□□
□□□□□□□＿□□
00:42:54(77228f):field(77227f)
＿＿＿＿＿＿＿＿＿＿
＿＿＿＿＿＿＿＿＿＿
＿＿＿＿＿＿＿＿＿＿
＿＿＿＿＿＿＿＿＿＿
＿＿＿＿＿＿＿＿＿＿
＿＿＿＿＿＿＿＿＿＿
＿□□■■■■＿□□
＿□□□□□＿＿□□
□□□□□□＿＿□□
□□＿□□□□□□□
□□□＿□□□□□□
□□□□□□＿□□□
□□□□□□□□□＿
□□□□□□□□□＿
□□□□□□□＿□□
□□□＿□□□□□□
□□□□□□□＿□□
□□□□□□□□＿□
□□□□□□□＿□□
□□□□□□□＿□□
00:42:54(77240f):field(77239f)
＿＿＿＿＿＿＿＿＿＿
＿＿＿＿＿＿＿＿＿＿
＿＿＿＿＿＿＿＿＿＿
＿＿＿＿＿＿＿＿＿＿
＿＿＿＿＿＿＿＿■■
＿＿＿＿＿＿＿＿■■
＿□□□□□□＿□□
＿□□□□□＿＿□□
□□□□□□＿＿□□
□□＿□□□□□□□
□□□＿□□□□□□
□□□□□□＿□□□
□□□□□□□□□＿
□□□□□□□□□＿
□□□□□□□＿□□
□□□＿□□□□□□
□□□□□□□＿□□
□□□□□□□□＿□
□□□□□□□＿□□
□□□□□□□＿□□
00:42:55(77251f):field(77250f)
＿＿＿＿＿＿＿＿＿＿
＿＿＿＿＿＿＿＿＿＿
＿＿＿＿＿＿＿＿＿＿
＿＿＿＿＿＿＿＿＿＿
＿＿＿＿＿＿■＿□□
＿＿＿＿＿＿■■□□
＿□□□□□□■□□
＿□□□□□＿＿□□
□□□□□□＿＿□□
□□＿□□□□□□□
□□□＿□□□□□□
□□□□□□＿□□□
□□□□□□□□□＿
□□□□□□□□□＿
□□□□□□□＿□□
□□□＿□□□□□□
□□□□□□□＿□□
□□□□□□□□＿□
□□□□□□□＿□□
□□□□□□□＿□□
00:42:55(77266f):field(77265f)
＿＿＿＿＿＿＿＿＿＿
＿＿＿＿＿＿＿＿＿＿
＿＿＿＿＿＿＿＿＿＿
＿＿＿＿＿＿＿＿＿＿
＿＿＿＿＿＿◆＿◆◆
＿＿＿＿＿■□◆□□
■□◆□□◆□□□□
■□□□□□＿＿□□
□□□□□□＿■□□
□□＿□□□□□□□
□□□＿□□□□□□
□□□□□□＿□□□
□□□□□□□□□＿
□□□□□□□□□＿
□□□□□□□＿□□
□□□＿□□□□□□
□□□□□□□＿□□
□□□□□□□□＿□
□□□□□□□＿□□
□□□□□□□＿□□
00:42:55(77276f):field(77275f)
＿＿＿＿＿＿＿＿＿＿
＿＿＿＿＿＿＿＿＿＿
＿＿＿＿＿＿＿＿＿＿
＿＿＿＿＿＿＿＿＿＿
＿＿＿＿＿＿＿＿＿＿
＿＿＿＿＿□□＿□□
□□＿□□■□□□□
□□□□□□＿＿□□
□□□□□□＿◆□□
□□＿□□□□□□□
□□□＿□□□□□□
□□□□□□＿□□□
□□□□□□□□□＿
□□□□□□□□□＿
□□□□□□□＿□□
□□□＿□□□□□□
□□□□□□□＿□□
□□□□□□□□＿□
□□□□□□□＿□□
□□□□□□□＿□□
00:42:56(77290f):field(77289f)
＿＿＿＿＿＿＿＿＿＿
＿＿＿＿＿＿＿＿＿＿
＿＿＿＿＿＿＿＿＿＿
＿＿＿＿＿＿＿＿＿＿
＿＿＿＿＿＿＿＿＿＿
＿＿＿■＿◆◆■◆◆
◆◆■□◆□□◆□□
□□□□□□■＿□□
□□□□□□＿＿□□
□□＿□□□□□□□
□□□＿□□□□□□
□□□□□□＿□□□
□□□□□□□□□＿
□□□□□□□□□＿
□□□□□□□＿□□
□□□＿□□□□□□
□□□□□□□＿□□
□□□□□□□□＿□
□□□□□□□＿□□
□□□□□□□＿□□
00:42:56(77300f):field(77299f)
＿＿＿＿＿＿＿＿＿＿
＿＿＿＿＿＿＿＿＿＿
＿＿＿＿＿＿＿＿＿＿
＿＿＿＿＿＿＿＿＿＿
＿＿＿＿■＿＿＿＿＿
＿＿＿□■■＿◆＿＿
＿＿□□■□□＿□□
□□□□□□◆＿□□
□□□□□□＿＿□□
□□＿□□□□□□□
□□□＿□□□□□□
□□□□□□＿□□□
□□□□□□□□□＿
□□□□□□□□□＿
□□□□□□□＿□□
□□□＿□□□□□□
□□□□□□□＿□□
□□□□□□□□＿□
□□□□□□□＿□□
□□□□□□□＿□□
00:42:57(77312f):field(77311f)
＿＿＿＿＿＿＿＿＿＿
＿＿＿＿＿＿＿＿＿＿
＿＿＿＿＿＿＿＿＿＿
＿＿＿＿＿＿＿＿＿＿
＿＿＿＿□＿＿＿＿＿
＿＿＿□□□＿■＿＿
＿＿□□□□□■□□
□□□□□□＿■□□
□□□□□□＿■□□
□□＿□□□□□□□
□□□＿□□□□□□
□□□□□□＿□□□
□□□□□□□□□＿
□□□□□□□□□＿
□□□□□□□＿□□
□□□＿□□□□□□
□□□□□□□＿□□
□□□□□□□□＿□
□□□□□□□＿□□
□□□□□□□＿□□
00:42:57(77324f):field(77323f)
＿＿＿＿＿＿＿＿＿＿
＿＿＿＿＿＿＿＿＿＿
＿＿＿＿＿＿＿＿＿＿
＿＿＿＿＿＿＿＿＿■
＿＿＿＿□＿＿＿＿■
＿＿＿□□□＿□■■
＿＿□□□□□□□□
□□□□□□＿□□□
□□□□□□＿□□□
□□＿□□□□□□□
□□□＿□□□□□□
□□□□□□＿□□□
□□□□□□□□□＿
□□□□□□□□□＿
□□□□□□□＿□□
□□□＿□□□□□□
□□□□□□□＿□□
□□□□□□□□＿□
□□□□□□□＿□□
□□□□□□□＿□□
00:42:57(77338f):field(77337f)
＿＿＿＿＿＿＿＿＿＿
＿＿＿＿＿＿＿＿＿＿
＿＿＿＿＿＿＿＿＿＿
＿＿＿＿＿＿＿＿＿◆
＿＿＿＿◆＿＿＿＿□
■■■◆□□＿◆◆□
■＿◆□□□◆□□□
□□□□□□＿□□□
□□□□□□＿□□□
□□＿□□□□□□□
□□□＿□□□□□□
□□□□□□＿□□□
□□□□□□□□□＿
□□□□□□□□□＿
□□□□□□□＿□□
□□□＿□□□□□□
□□□□□□□＿□□
□□□□□□□□＿□
□□□□□□□＿□□
□□□□□□□＿□□
00:42:58(77348f):field(77347f)
＿＿＿＿＿＿＿＿＿＿
＿＿＿＿＿＿＿＿＿＿
＿＿＿＿＿＿＿＿＿＿
＿＿＿＿＿＿＿＿＿＿
＿＿＿＿＿＿＿＿＿□
□◆□■□◆＿＿＿□
□■■□□□＿□□□
□□□□□□＿□□□
□□□□□□＿□□□
□□＿□□□□□□□
□□□＿□□□□□□
□□□□□□＿□□□
□□□□□□□□□＿
□□□□□□□□□＿
□□□□□□□＿□□
□□□＿□□□□□□
□□□□□□□＿□□
□□□□□□□□＿□
□□□□□□□＿□□
□□□□□□□＿□□
00:42:58(77360f):field(77359f)
＿＿＿＿＿＿＿＿＿＿
＿＿＿＿＿＿＿＿＿＿
＿＿＿＿＿＿＿＿＿＿
＿＿＿＿＿＿＿＿＿＿
＿＿＿＿＿＿＿■■□
□＿□□□＿＿■■□
□□□□□□＿□□□
□□□□□□＿□□□
□□□□□□＿□□□
□□＿□□□□□□□
□□□＿□□□□□□
□□□□□□＿□□□
□□□□□□□□□＿
□□□□□□□□□＿
□□□□□□□＿□□
□□□＿□□□□□□
□□□□□□□＿□□
□□□□□□□□＿□
□□□□□□□＿□□
□□□□□□□＿□□
00:42:59(77371f):field(77370f)
＿＿＿＿＿＿＿＿＿＿
＿＿＿＿＿＿＿＿＿＿
＿＿＿＿＿＿＿＿＿＿
＿＿＿＿＿＿＿＿＿＿
■■■＿＿＿＿□□□
□■□□□＿＿□□□
□□□□□□＿□□□
□□□□□□＿□□□
□□□□□□＿□□□
□□＿□□□□□□□
□□□＿□□□□□□
□□□□□□＿□□□
□□□□□□□□□＿
□□□□□□□□□＿
□□□□□□□＿□□
□□□＿□□□□□□
□□□□□□□＿□□
□□□□□□□□＿□
□□□□□□□＿□□
□□□□□□□＿□□
00:42:59(77385f):field(77384f)
＿＿＿＿＿＿＿＿＿＿
＿＿＿＿＿＿＿＿＿＿
＿＿＿＿＿＿＿＿＿＿
＿＿＿＿＿＿＿＿＿＿
◆◆◆＿＿＿＿◆◆◆
◆◆◆◆◆■＿◆◆◆
◆◆□◆□◆＿◆◆◆
□□□□◆□＿□□□
□□□□□◆■□□□
□□＿□□□□□□□
□□□＿□□□□□□
□□□□□□＿□□□
□□□□□□□□□＿
□□□□□□□□□＿
□□□□□□□＿□□
□□□＿□□□□□□
□□□□□□□＿□□
□□□□□□□□＿□
□□□□□□□＿□□
□□□□□□□＿□□
00:42:59(77398f):field(77397f)
＿＿＿＿＿＿＿＿＿＿
＿＿＿＿＿＿＿＿＿＿
＿＿＿＿＿＿＿＿＿＿
＿＿＿＿＿＿＿＿＿＿
＿＿＿＿＿＿＿＿＿＿
＿＿＿＿＿◆＿＿＿＿
＿＿◆＿◆＿■■■＿
□□□◆＿◆■□□□
□□□□□＿□□□□
□□＿□□□□□□□
□□□＿□□□□□□
□□□□□□＿□□□
□□□□□□□□□＿
□□□□□□□□□＿
□□□□□□□＿□□
□□□＿□□□□□□
□□□□□□□＿□□
□□□□□□□□＿□
□□□□□□□＿□□
□□□□□□□＿□□
00:43:00(77411f):field(77410f)
＿＿＿＿＿＿＿＿＿＿
＿＿＿＿＿＿＿＿＿＿
＿＿＿＿＿＿＿＿＿＿
＿＿＿＿＿＿＿＿＿＿
＿＿＿＿＿＿＿＿＿＿
＿＿＿＿＿＿＿＿＿＿
＿＿＿＿■■◆◆◆＿
◆□□■＿■◆◆◆◆
□◆□◆◆＿□□□◆
□□■□□□□□□□
□□□＿□□□□□□
□□□□□□＿□□□
□□□□□□□□□＿
□□□□□□□□□＿
□□□□□□□＿□□
□□□＿□□□□□□
□□□□□□□＿□□
□□□□□□□□＿□
□□□□□□□＿□□
□□□□□□□＿□□
00:43:00(77424f):field(77423f)
＿＿＿＿＿＿＿＿＿＿
＿＿＿＿＿＿＿＿＿＿
＿＿＿＿＿＿＿＿＿＿
＿＿＿＿＿＿＿＿＿＿
＿＿＿＿＿＿＿＿＿＿
＿＿＿＿＿＿＿＿＿＿
＿＿＿＿◆◆＿＿＿＿
＿◆◆◆＿◆＿＿＿＿
◆■◆＿■＿◆◆◆＿
◆□□□◆□□□□◆
□□□■□□□□□□
□□□□□□■□□□
□□□□□□□□□＿
□□□□□□□□□＿
□□□□□□□＿□□
□□□＿□□□□□□
□□□□□□□＿□□
□□□□□□□□＿□
□□□□□□□＿□□
□□□□□□□＿□□
00:43:01(77437f):field(77436f)
＿＿＿＿＿＿＿＿＿＿
＿＿＿＿＿＿＿＿＿＿
＿＿＿＿＿＿＿＿＿＿
＿＿＿＿＿＿＿＿＿＿
＿＿＿＿＿＿＿＿＿＿
＿＿＿＿＿＿＿＿＿＿
＿＿＿＿＿＿＿＿＿＿
＿＿＿＿＿＿＿＿＿＿
＿◆＿＿◆＿＿＿＿＿
＿□◆◆■□◆◆◆＿
◆□□□□◆□□□◆
□□□□□□◆□□□
□□□□□□□□□■
□□□□□□□□□＿
□□□□□□□＿□□
□□□＿□□□□□□
□□□□□□□＿□□
□□□□□□□□＿□
□□□□□□□＿□□
□□□□□□□＿□□
00:43:01(77447f):field(77446f)
＿＿＿＿＿＿＿＿＿＿
＿＿＿＿＿＿＿＿＿＿
＿＿＿＿＿＿＿＿＿＿
＿＿＿＿＿＿＿＿＿＿
＿＿＿＿＿＿＿＿＿＿
＿＿＿＿＿＿＿＿＿＿
＿＿＿＿＿＿＿＿＿＿
＿＿＿＿＿＿＿＿＿＿
＿＿■■＿＿＿＿＿＿
＿□■■□◆＿＿＿＿
＿□□□□＿□□□＿
□□□□□□＿□□□
□□□□□□□□□◆
□□□□□□□□□＿
□□□□□□□＿□□
□□□＿□□□□□□
□□□□□□□＿□□
□□□□□□□□＿□
□□□□□□□＿□□
□□□□□□□＿□□
00:43:01(77458f):field(77457f)
＿＿＿＿＿＿＿＿＿＿
＿＿＿＿＿＿＿＿＿＿
＿＿＿＿＿＿＿＿＿＿
＿＿＿＿＿＿＿＿＿＿
＿＿＿＿＿＿＿＿＿＿
＿＿＿＿＿＿＿＿＿＿
＿＿＿＿＿＿＿＿＿＿
＿＿＿＿＿■＿＿＿＿
＿＿□□＿■＿＿＿＿
＿□□□□■＿＿＿＿
＿□□□□■□□□＿
□□□□□□＿□□□
□□□□□□□□□＿
□□□□□□□□□＿
□□□□□□□＿□□
□□□＿□□□□□□
□□□□□□□＿□□
□□□□□□□□＿□
□□□□□□□＿□□
□□□□□□□＿□□
00:43:02(77469f):field(77468f)
＿＿＿＿＿＿＿＿＿＿
＿＿＿＿＿＿＿＿＿＿
＿＿＿＿＿＿＿＿＿＿
＿＿＿＿＿＿＿＿＿＿
＿＿＿＿＿＿＿＿＿＿
＿＿＿＿＿＿＿＿＿＿
＿＿＿＿■＿＿＿＿＿
＿＿＿■■□＿＿＿＿
＿＿□□■□＿＿＿＿
＿□□□□□＿＿＿＿
＿□□□□□□□□＿
□□□□□□＿□□□
□□□□□□□□□＿
□□□□□□□□□＿
□□□□□□□＿□□
□□□＿□□□□□□
□□□□□□□＿□□
□□□□□□□□＿□
□□□□□□□＿□□
□□□□□□□＿□□
00:43:02(77481f):field(77480f)
＿＿＿＿＿＿＿＿＿＿
＿＿＿＿＿＿＿＿＿＿
＿＿＿＿＿＿＿＿＿＿
＿＿＿＿＿＿＿＿＿＿
＿＿＿＿＿＿＿＿＿＿
＿＿＿＿＿＿＿＿＿＿
＿＿＿＿□＿＿＿＿＿
＿＿＿□□□＿＿＿＿
■■□□□□＿＿＿＿
■□□□□□＿＿＿＿
■□□□□□□□□＿
□□□□□□＿□□□
□□□□□□□□□＿
□□□□□□□□□＿
□□□□□□□＿□□
□□□＿□□□□□□
□□□□□□□＿□□
□□□□□□□□＿□
□□□□□□□＿□□
□□□□□□□＿□□
00:43:03(77493f):field(77492f)
＿＿＿＿＿＿＿＿＿＿
＿＿＿＿＿＿＿＿＿＿
＿＿＿＿＿＿＿＿＿＿
＿＿＿＿＿＿＿＿＿＿
＿＿＿＿■＿＿＿＿＿
＿＿＿■■＿＿＿＿＿
＿＿＿■□＿＿＿＿＿
＿＿＿□□□＿＿＿＿
□□□□□□＿＿＿＿
□□□□□□＿＿＿＿
□□□□□□□□□＿
□□□□□□＿□□□
□□□□□□□□□＿
□□□□□□□□□＿
□□□□□□□＿□□
□□□＿□□□□□□
□□□□□□□＿□□
□□□□□□□□＿□
□□□□□□□＿□□
□□□□□□□＿□□
00:43:03(77505f):field(77504f)
＿＿＿＿＿＿＿＿＿＿
＿＿＿＿＿＿＿＿＿＿
＿＿＿＿＿＿＿＿＿＿
＿＿＿＿＿＿＿＿＿＿
＿＿＿＿□＿＿＿＿＿
＿＿＿□□＿＿＿＿＿
＿＿■□□＿＿＿＿＿
■■■□□□＿＿＿＿
□□□□□□＿＿＿＿
□□□□□□＿＿＿＿
□□□□□□□□□＿
□□□□□□＿□□□
□□□□□□□□□＿
□□□□□□□□□＿
□□□□□□□＿□□
□□□＿□□□□□□
□□□□□□□＿□□
□□□□□□□□＿□
□□□□□□□＿□□
□□□□□□□＿□□
00:43:03(77518f):field(77517f)
＿＿＿＿＿＿＿＿＿＿
＿＿＿＿＿＿＿＿＿＿
＿＿＿＿＿＿＿＿＿＿
＿＿＿＿＿＿＿＿＿＿
＿＿＿＿◆＿＿＿＿＿
＿＿＿◆□＿＿＿＿＿
＿＿◆□□＿＿＿＿＿
◆◆□□□◆＿＿＿＿
□□□□□□＿＿＿■
□□□□□□＿＿＿■
□□□□□□□◆◆■
□□□□□□＿□□□
□□□□□□□□□■
□□□□□□□□□＿
□□□□□□□＿□□
□□□＿□□□□□□
□□□□□□□＿□□
□□□□□□□□＿□
□□□□□□□＿□□
□□□□□□□＿□□
00:43:04(77528f):field(77527f)
＿＿＿＿＿＿＿＿＿＿
＿＿＿＿＿＿＿＿＿＿
＿＿＿＿＿＿＿＿＿＿
＿＿＿＿＿＿＿＿＿＿
＿＿＿＿＿＿＿＿＿＿
＿＿＿＿□＿＿＿＿＿
＿■■□□＿＿＿＿＿
■■□□□＿＿＿＿＿
□□□□□□＿＿＿□
□□□□□□＿＿＿□
□□□□□□◆＿＿□
□□□□□□＿□□□
□□□□□□□□□◆
□□□□□□□□□＿
□□□□□□□＿□□
□□□＿□□□□□□
□□□□□□□＿□□
□□□□□□□□＿□
□□□□□□□＿□□
□□□□□□□＿□□
00:43:04(77544f):field(77543f)
＿＿＿＿＿＿＿＿＿＿
＿＿＿＿＿＿＿＿＿＿
＿＿＿＿＿＿＿＿＿＿
＿＿＿＿＿＿＿＿＿＿
＿＿＿＿＿＿＿＿＿＿
＿＿＿＿◆＿＿＿＿＿
＿◆◆◆□＿＿＿＿＿
◆□□□□＿＿＿＿＿
□□□□□◆＿＿＿◆
□□□□□□＿＿＿□
□□□□□□■＿＿□
□□□□□□■□◆□
□□□□□□□□□＿
□□□□□□□□□＿
□□□□□□□＿□□
□□□＿□□□□□□
□□□□□□□＿□□
□□□□□□□□＿□
□□□□□□□＿□□
□□□□□□□＿□□
00:43:05(77557f):field(77556f)
＿＿＿＿＿＿＿＿＿＿
＿＿＿＿＿＿＿＿＿＿
＿＿＿＿＿＿＿＿＿＿
＿＿＿＿＿＿＿＿＿＿
＿＿＿＿＿＿＿＿＿＿
＿＿＿＿＿＿＿＿＿＿
＿＿＿＿◆＿＿＿＿＿
＿◆◆◆□＿＿＿＿＿
◆□□□□＿＿＿＿＿
□□□□□◆＿＿＿◆
□□□□□□□■■□
□□□□□□□□＿□
□□□□□□□□□＿
□□□□□□□□□＿
□□□□□□□＿□□
□□□＿□□□□□□
□□□□□□□＿□□
□□□□□□□□＿□
□□□□□□□＿□□
□□□□□□□＿□□
00:43:05(77570f):field(77569f)
＿＿＿＿＿＿＿＿＿＿
＿＿＿＿＿＿＿＿＿＿
＿＿＿＿＿＿＿＿＿＿
＿＿＿＿＿＿＿＿＿＿
＿＿＿＿＿＿＿＿＿＿
＿＿＿＿＿＿＿＿＿＿
＿＿＿＿＿＿＿＿＿＿
＿＿＿＿◆＿＿＿＿＿
＿◆◆◆◆＿＿＿＿＿
◆◆◆□□＿＿■＿＿
□□□□□◆□◆□◆
□□□□□◆□◆■□
□□□□□□□□□＿
□□□□□□□□□■
□□□□□□□＿□□
□□□＿□□□□□□
□□□□□□□＿□□
□□□□□□□□＿□
□□□□□□□＿□□
□□□□□□□＿□□
00:43:06(77580f):field(77579f)
＿＿＿＿＿＿＿＿＿＿
＿＿＿＿＿＿＿＿＿＿
＿＿＿＿＿＿＿＿＿＿
＿＿＿＿＿＿＿＿＿＿
＿＿＿＿＿＿＿＿＿＿
＿＿＿＿＿＿＿＿＿＿
＿＿＿＿＿＿＿＿＿＿
＿＿＿＿＿＿＿＿＿＿
＿＿＿＿＿＿＿＿＿＿
＿＿＿◆□＿＿◆＿＿
◆□□□□■□＿◆＿
□□□□□■□＿□□
□□□□□□□□□＿
□□□□□□□□□◆
□□□□□□□＿□□
□□□＿□□□□□□
□□□□□□□＿□□
□□□□□□□□＿□
□□□□□□□＿□□
□□□□□□□＿□□
00:43:06(77594f):field(77593f)
＿＿＿＿＿＿＿＿＿＿
＿＿＿＿＿＿＿＿＿＿
＿＿＿＿＿＿＿＿＿＿
＿＿＿＿＿＿＿＿＿＿
＿＿＿＿＿＿＿＿＿＿
＿＿＿＿＿＿＿＿＿＿
＿＿＿＿＿＿＿＿＿＿
＿＿＿＿＿＿＿＿＿＿
＿＿＿＿＿＿＿＿＿＿
＿＿＿＿◆＿＿■＿＿
■◆□◆□◆◆■＿＿
◆□□□□□□■◆◆
□□□□□□□□□＿
□□□□□□□□□＿
□□□□□□□＿□□
□□□＿□□□□□□
□□□□□□□＿□□
□□□□□□□□＿□
□□□□□□□＿□□
□□□□□□□＿□□
00:43:06(77604f):field(77603f)
＿＿＿＿＿＿＿＿＿＿
＿＿＿＿＿＿＿＿＿＿
＿＿＿＿＿＿＿＿＿＿
＿＿＿＿＿＿＿＿＿＿
＿＿＿＿＿＿＿＿＿＿
＿＿＿＿＿＿＿＿＿＿
＿＿＿＿＿＿＿＿＿＿
＿＿＿＿＿＿＿＿＿＿
＿＿＿＿＿＿＿＿＿＿
＿＿＿＿＿＿＿□＿＿
□■□＿□＿＿□＿＿
■□□□□□□□＿＿
□□□□□□□□□＿
□□□□□□□□□＿
□□□□□□□＿□□
□□□＿□□□□□□
□□□□□□□＿□□
□□□□□□□□＿□
□□□□□□□＿□□
□□□□□□□＿□□
00:43:07(77614f):field(77613f)
＿＿＿＿＿＿＿＿＿＿
＿＿＿＿＿＿＿＿＿＿
＿＿＿＿＿＿＿＿＿＿
＿＿＿＿＿＿＿＿＿＿
＿＿＿＿＿＿＿＿＿＿
＿＿＿＿＿＿＿＿＿＿
＿＿＿＿＿＿＿＿＿＿
＿＿＿＿＿＿＿＿＿＿
＿＿＿■＿＿＿＿＿＿
＿＿■■＿＿＿□＿＿
□□□■□＿＿□＿＿
□□□□□□□□＿＿
□□□□□□□□□＿
□□□□□□□□□＿
□□□□□□□＿□□
□□□＿□□□□□□
□□□□□□□＿□□
□□□□□□□□＿□
□□□□□□□＿□□
□□□□□□□＿□□
00:43:07(77626f):field(77625f)
＿＿＿＿＿＿＿＿＿＿
＿＿＿＿＿＿＿＿＿＿
＿＿＿＿＿＿＿＿＿＿
＿＿＿＿＿＿＿＿＿＿
＿＿＿＿＿＿＿＿＿＿
＿＿＿＿＿＿＿＿＿＿
＿＿＿＿＿＿＿＿＿＿
＿＿＿＿＿＿＿＿＿＿
＿＿＿□＿＿■＿＿＿
＿＿□□＿＿■□＿＿
□□□□□■■□＿＿
□□□□□□□□＿＿
□□□□□□□□□＿
□□□□□□□□□＿
□□□□□□□＿□□
□□□＿□□□□□□
□□□□□□□＿□□
□□□□□□□□＿□
□□□□□□□＿□□
□□□□□□□＿□□
00:43:07(77637f):field(77636f)
＿＿＿＿＿＿＿＿＿＿
＿＿＿＿＿＿＿＿＿＿
＿＿＿＿＿＿＿＿＿＿
＿＿＿＿＿＿＿＿＿＿
＿＿＿＿＿＿＿＿＿＿
＿＿＿＿＿＿＿＿＿＿
＿＿＿＿＿＿＿＿＿＿
＿＿＿＿＿■＿＿＿＿
＿＿＿□■■□＿＿＿
＿＿□□■＿□□＿＿
□□□□□□□□＿＿
□□□□□□□□＿＿
□□□□□□□□□＿
□□□□□□□□□＿
□□□□□□□＿□□
□□□＿□□□□□□
□□□□□□□＿□□
□□□□□□□□＿□
□□□□□□□＿□□
□□□□□□□＿□□
00:43:08(77652f):field(77651f)
＿＿＿＿＿＿＿＿＿＿
＿＿＿＿＿＿＿＿＿＿
＿＿＿＿＿＿＿＿＿＿
＿＿＿＿＿＿＿＿＿＿
＿＿＿＿＿＿＿＿＿＿
＿＿＿＿＿＿＿＿＿＿
＿＿＿＿＿＿＿＿＿＿
＿＿＿＿＿□＿＿＿＿
■■＿□□□□＿＿＿
■■□□□＿□□＿＿
□□□□□□□□＿＿
□□□□□□□□＿＿
□□□□□□□□□＿
□□□□□□□□□＿
□□□□□□□＿□□
□□□＿□□□□□□
□□□□□□□＿□□
□□□□□□□□＿□
□□□□□□□＿□□
□□□□□□□＿□□
00:43:08(77666f):field(77665f)
＿＿＿＿＿＿＿＿＿＿
＿＿＿＿＿＿＿＿＿＿
＿＿＿＿＿＿＿＿＿＿
＿＿＿＿＿＿＿＿＿＿
＿＿＿＿＿＿＿＿＿＿
＿＿＿＿＿＿＿＿＿＿
＿■＿＿＿＿＿＿＿＿
＿■■＿＿□＿＿＿＿
□□■□□□□＿＿＿
□□□□□＿□□＿＿
□□□□□□□□＿＿
□□□□□□□□＿＿
□□□□□□□□□＿
□□□□□□□□□＿
□□□□□□□＿□□
□□□＿□□□□□□
□□□□□□□＿□□
□□□□□□□□＿□
□□□□□□□＿□□
□□□□□□□＿□□
00:43:09(77677f):field(77676f)
＿＿＿＿＿＿＿＿＿＿
＿＿＿＿＿＿＿＿＿＿
＿＿＿＿＿＿＿＿＿＿
＿＿＿＿＿＿＿＿＿＿
＿＿＿＿＿＿＿＿＿＿
＿＿＿■＿＿＿＿＿＿
＿□■■＿＿＿＿＿＿
＿□□■＿□＿＿＿＿
□□□□□□□＿＿＿
□□□□□＿□□＿＿
□□□□□□□□＿＿
□□□□□□□□＿＿
□□□□□□□□□＿
□□□□□□□□□＿
□□□□□□□＿□□
□□□＿□□□□□□
□□□□□□□＿□□
□□□□□□□□＿□
□□□□□□□＿□□
□□□□□□□＿□□
00:43:09(77692f):field(77691f)
＿＿＿＿＿＿＿＿＿＿
＿＿＿＿＿＿＿＿＿＿
＿＿＿＿＿＿＿＿＿＿
＿＿＿＿＿＿＿＿＿＿
＿＿＿＿＿＿＿＿＿＿
＿＿＿◆＿＿＿＿＿＿
＿◆◆◆＿＿＿＿＿＿
＿◆◆□＿◆＿＿＿＿
◆□□□◆◆◆＿＿＿
◆□□□◆■◆◆＿＿
□□□□□□□◆＿＿
□□□□□◆□□＿■
□□□□□□□□□■
□□□□□□□□□■
□□□□□□□■□□
□□□＿□□□□□□
□□□□□□□＿□□
□□□□□□□□＿□
□□□□□□□＿□□
□□□□□□□＿□□
00:43:10(77705f):field(77704f)
＿＿＿＿＿＿＿＿＿＿
＿＿＿＿＿＿＿＿＿＿
＿＿＿＿＿＿＿＿＿＿
＿＿＿＿＿＿＿＿＿＿
＿＿＿＿＿＿＿＿＿＿
＿＿＿＿＿＿＿＿＿＿
＿＿＿＿＿＿＿＿＿＿
■■＿□＿＿＿＿＿＿
■□□□＿＿＿＿＿＿
■□□□＿□＿＿＿＿
□□□□□□□＿＿＿
□□□□□＿□□＿◆
□□□□□□□□◆□
□□□□□□□□◆□
□□□□□□□◆□□
□□□＿□□□□□□
□□□□□□□＿□□
□□□□□□□□＿□
□□□□□□□＿□□
□□□□□□□＿□□
00:43:10(77715f):field(77714f)
＿＿＿＿＿＿＿＿＿＿
＿＿＿＿＿＿＿＿＿＿
＿＿＿＿＿＿＿＿＿＿
＿＿＿＿＿＿＿＿＿＿
＿＿＿＿＿＿＿＿＿＿
＿＿＿＿＿＿＿＿＿＿
＿＿＿＿＿＿＿＿＿＿
□□＿□＿＿＿＿＿＿
□□□□＿＿＿＿＿＿
□□□□＿□＿＿＿＿
□□□□□□□＿■■
□□□□□＿□□■■
□□□□□□□□＿□
□□□□□□□□＿□
□□□□□□□＿□□
□□□＿□□□□□□
□□□□□□□＿□□
□□□□□□□□＿□
□□□□□□□＿□□
□□□□□□□＿□□
00:43:11(77731f):field(77730f)
＿＿＿＿＿＿＿＿＿＿
＿＿＿＿＿＿＿＿＿＿
＿＿＿＿＿＿＿＿＿＿
＿＿＿＿＿＿＿＿＿＿
＿＿＿＿＿＿＿＿＿＿
＿＿＿＿＿＿＿＿＿＿
＿＿＿＿＿＿＿＿＿＿
◆◆＿◆＿＿＿＿＿＿
□□◆□＿＿＿＿＿＿
□□□□＿◆■＿＿■
□□□□◆□□■◆◆
□□□□□■□□□□
□□□□□□□□■□
□□□□□□□□＿□
□□□□□□□＿□□
□□□＿□□□□□□
□□□□□□□＿□□
□□□□□□□□＿□
□□□□□□□＿□□
□□□□□□□＿□□
00:43:11(77743f):field(77742f)
＿＿＿＿＿＿＿＿＿＿
＿＿＿＿＿＿＿＿＿＿
＿＿＿＿＿＿＿＿＿＿
＿＿＿＿＿＿＿＿＿＿
＿＿＿＿＿＿＿＿＿＿
＿＿＿＿＿＿＿＿＿＿
＿＿＿＿＿＿＿＿＿＿
＿＿■■■＿＿＿＿＿
□□■□＿＿＿＿＿＿
□□□□＿＿□＿＿◆
□□□□＿□□□＿＿
□□□□□◆□□□□
□□□□□□□□◆□
□□□□□□□□＿□
□□□□□□□＿□□
□□□＿□□□□□□
□□□□□□□＿□□
□□□□□□□□＿□
□□□□□□□＿□□
□□□□□□□＿□□
00:43:12(77761f):field(77760f)
＿＿＿＿＿＿＿＿＿＿
＿＿＿＿＿＿＿＿＿＿
＿＿＿＿＿＿＿＿＿＿
＿＿＿＿＿＿＿＿＿＿
＿＿＿＿＿＿＿＿＿＿
＿＿＿＿＿＿＿＿＿＿
＿＿＿＿＿＿＿＿＿＿
＿＿□□□＿＿＿＿＿
□□□□＿■＿＿＿＿
□□□□■■□＿＿＿
□□□□■□□□＿＿
□□□□□＿□□□□
□□□□□□□□＿□
□□□□□□□□＿□
□□□□□□□＿□□
□□□＿□□□□□□
□□□□□□□＿□□
□□□□□□□□＿□
□□□□□□□＿□□
□□□□□□□＿□□
00:43:12(77774f):field(77773f)
＿＿＿＿＿＿＿＿＿＿
＿＿＿＿＿＿＿＿＿＿
＿＿＿＿＿＿＿＿＿＿
＿＿＿＿＿＿＿＿＿＿
＿＿＿＿＿＿＿＿＿＿
＿＿＿＿＿＿＿＿＿＿
＿＿＿＿＿＿＿＿＿＿
＿＿□□□＿＿＿＿■
□□□□＿□＿＿＿■
□□□□□□□＿＿■
□□□□□□□□＿■
□□□□□＿□□□□
□□□□□□□□＿□
□□□□□□□□＿□
□□□□□□□＿□□
□□□＿□□□□□□
□□□□□□□＿□□
□□□□□□□□＿□
□□□□□□□＿□□
□□□□□□□＿□□
00:43:12(77786f):field(77785f)
＿＿＿＿＿＿＿＿＿＿
＿＿＿＿＿＿＿＿＿＿
＿＿＿＿＿＿＿＿＿＿
＿＿＿＿＿＿＿＿＿＿
＿＿＿＿＿＿＿＿＿＿
＿＿＿＿＿＿＿＿＿＿
■■＿＿＿＿＿＿＿＿
■■□□□＿＿＿＿□
□□□□＿□＿＿＿□
□□□□□□□＿＿□
□□□□□□□□＿□
□□□□□＿□□□□
□□□□□□□□＿□
□□□□□□□□＿□
□□□□□□□＿□□
□□□＿□□□□□□
□□□□□□□＿□□
□□□□□□□□＿□
□□□□□□□＿□□
□□□□□□□＿□□
00:43:13(77799f):field(77798f)
＿＿＿＿＿＿＿＿＿＿
＿＿＿＿＿＿＿＿＿＿
＿＿＿＿＿＿＿＿＿＿
＿＿＿＿＿＿＿＿＿＿
＿＿＿＿＿＿＿＿＿＿
＿＿＿＿＿＿＿＿＿＿
◆◆＿＿＿＿＿＿＿＿
◆◆◆◆◆＿＿＿＿◆
□□◆◆＿◆＿＿■◆
□□□□□◆◆■＿□
□□□□□□□◆■□
□□□□□＿□□□□
□□□□□□□□＿□
□□□□□□□□＿□
□□□□□□□＿□□
□□□＿□□□□□□
□□□□□□□＿□□
□□□□□□□□＿□
□□□□□□□＿□□
□□□□□□□＿□□
00:43:13(77811f):field(77810f)
＿＿＿＿＿＿＿＿＿＿
＿＿＿＿＿＿＿＿＿＿
＿＿＿＿＿＿＿＿＿＿
＿＿＿＿＿＿＿＿＿＿
＿＿＿＿＿＿＿＿＿＿
＿＿＿＿＿＿＿＿＿＿
＿＿＿＿＿＿＿＿＿＿
＿＿＿＿＿＿＿＿＿＿
□□＿＿＿＿＿■◆＿
□□□□□＿＿□＿□
□□□□◆□□■□□
□□□□□＿□□□□
□□□□□□□□＿□
□□□□□□□□＿□
□□□□□□□＿□□
□□□＿□□□□□□
□□□□□□□＿□□
□□□□□□□□＿□
□□□□□□□＿□□
□□□□□□□＿□□
00:43:14(77822f):field(77821f)
＿＿＿＿＿＿＿＿＿＿
＿＿＿＿＿＿＿＿＿＿
＿＿＿＿＿＿＿＿＿＿
＿＿＿＿＿＿＿＿＿＿
＿＿＿＿＿＿＿＿＿＿
＿＿＿＿＿＿＿＿＿＿
＿＿＿＿＿＿＿＿＿＿
＿＿＿＿＿＿＿＿＿＿
□□＿＿■■＿□＿＿
□□□□□■■□＿□
□□□□＿□□□□□
□□□□□＿□□□□
□□□□□□□□＿□
□□□□□□□□＿□
□□□□□□□＿□□
□□□＿□□□□□□
□□□□□□□＿□□
□□□□□□□□＿□
□□□□□□□＿□□
□□□□□□□＿□□
00:43:14(77833f):field(77832f)
＿＿＿＿＿＿＿＿＿＿
＿＿＿＿＿＿＿＿＿＿
＿＿＿＿＿＿＿＿＿＿
＿＿＿＿＿＿＿＿＿＿
＿＿＿＿＿＿＿＿＿＿
＿＿＿＿＿＿＿＿＿＿
＿＿＿＿＿＿＿＿＿＿
＿＿＿■■＿＿＿＿＿
□□■■□□＿□＿＿
□□□□□□□□＿□
□□□□＿□□□□□
□□□□□＿□□□□
□□□□□□□□＿□
□□□□□□□□＿□
□□□□□□□＿□□
□□□＿□□□□□□
□□□□□□□＿□□
□□□□□□□□＿□
□□□□□□□＿□□
□□□□□□□＿□□
00:43:14(77849f):field(77848f)
＿＿＿＿＿＿＿＿＿＿
＿＿＿＿＿＿＿＿＿＿
＿＿＿＿＿＿＿＿＿＿
＿＿＿＿＿＿＿＿＿＿
＿＿＿＿＿＿＿＿＿＿
＿＿＿＿＿＿＿＿＿＿
＿＿＿＿＿＿＿＿＿＿
＿＿＿◆◆＿＿＿■＿
◆◆◆□□◆■◆■＿
□□□□□□◆□■◆
□□□□＿□□□□□
□□□□□＿□□□□
□□□□□□□□＿□
□□□□□□□□＿□
□□□□□□□＿□□
□□□＿□□□□□□
□□□□□□□＿□□
□□□□□□□□＿□
□□□□□□□＿□□
□□□□□□□＿□□
00:43:15(77860f):field(77859f)
＿＿＿＿＿＿＿＿＿＿
＿＿＿＿＿＿＿＿＿＿
＿＿＿＿＿＿＿＿＿＿
＿＿＿＿＿＿＿＿＿＿
＿＿＿＿＿＿＿＿＿＿
＿＿＿＿＿＿＿＿＿＿
＿＿＿＿＿＿＿＿＿＿
＿＿＿＿＿＿＿＿□＿
＿＿＿□□■□■□＿
□□□□□□■□□＿
□□□□＿□□□□□
□□□□□＿□□□□
□□□□□□□□＿□
□□□□□□□□＿□
□□□□□□□＿□□
□□□＿□□□□□□
□□□□□□□＿□□
□□□□□□□□＿□
□□□□□□□＿□□
□□□□□□□＿□□
00:43:15(77873f):field(77872f)
＿＿＿＿＿＿＿＿＿＿
＿＿＿＿＿＿＿＿＿＿
＿＿＿＿＿＿＿＿＿＿
＿＿＿＿＿＿＿＿＿＿
＿＿＿＿＿＿＿＿＿＿
＿＿＿＿＿＿＿＿＿＿
■＿＿＿＿＿＿＿＿＿
■＿＿＿＿＿＿＿□＿
■■＿□□□□□□＿
□□□□□□□□□＿
□□□□＿□□□□□
□□□□□＿□□□□
□□□□□□□□＿□
□□□□□□□□＿□
□□□□□□□＿□□
□□□＿□□□□□□
□□□□□□□＿□□
□□□□□□□□＿□
□□□□□□□＿□□
□□□□□□□＿□□
00:43:16(77885f):field(77884f)
＿＿＿＿＿＿＿＿＿＿
＿＿＿＿＿＿＿＿＿＿
＿＿＿＿＿＿＿＿＿＿
＿＿＿＿＿＿＿＿＿＿
＿＿＿＿＿＿＿＿＿＿
＿＿＿＿＿＿＿＿＿＿
□＿＿■＿＿＿＿＿＿
□＿■■＿＿＿＿□＿
□□■□□□□□□＿
□□□□□□□□□＿
□□□□＿□□□□□
□□□□□＿□□□□
□□□□□□□□＿□
□□□□□□□□＿□
□□□□□□□＿□□
□□□＿□□□□□□
□□□□□□□＿□□
□□□□□□□□＿□
□□□□□□□＿□□
□□□□□□□＿□□
00:43:16(77896f):field(77895f)
＿＿＿＿＿＿＿＿＿＿
＿＿＿＿＿＿＿＿＿＿
＿＿＿＿＿＿＿＿＿＿
＿＿＿＿＿＿＿＿＿＿
＿＿＿＿＿＿＿＿＿＿
＿＿＿＿＿＿＿＿＿＿
□＿＿□＿＿＿■■＿
□＿□□＿＿■■□＿
□□□□□□□□□＿
□□□□□□□□□＿
□□□□＿□□□□□
□□□□□＿□□□□
□□□□□□□□＿□
□□□□□□□□＿□
□□□□□□□＿□□
□□□＿□□□□□□
□□□□□□□＿□□
□□□□□□□□＿□
□□□□□□□＿□□
□□□□□□□＿□□
00:43:16(77908f):field(77907f)
＿＿＿＿＿＿＿＿＿＿
＿＿＿＿＿＿＿＿＿＿
＿＿＿＿＿＿＿＿＿＿
＿＿＿＿＿＿＿＿＿＿
＿＿＿＿＿＿＿＿＿＿
＿＿＿＿＿■＿＿＿＿
□＿＿□＿■＿□□＿
□＿□□■■□□□＿
□□□□□□□□□＿
□□□□□□□□□＿
□□□□＿□□□□□
□□□□□＿□□□□
□□□□□□□□＿□
□□□□□□□□＿□
□□□□□□□＿□□
□□□＿□□□□□□
□□□□□□□＿□□
□□□□□□□□＿□
□□□□□□□＿□□
□□□□□□□＿□□
00:43:17(77919f):field(77918f)
＿＿＿＿＿＿＿＿＿＿
＿＿＿＿＿＿＿＿＿＿
＿＿＿＿＿＿＿＿＿＿
＿＿＿＿■＿＿＿＿＿
＿＿＿＿■＿＿＿＿＿
＿＿＿＿■□＿＿＿＿
□＿＿□■□＿□□＿
□＿□□□□□□□＿
□□□□□□□□□＿
□□□□□□□□□＿
□□□□＿□□□□□
□□□□□＿□□□□
□□□□□□□□＿□
□□□□□□□□＿□
□□□□□□□＿□□
□□□＿□□□□□□
□□□□□□□＿□□
□□□□□□□□＿□
□□□□□□□＿□□
□□□□□□□＿□□
00:43:17(77932f):field(77931f)
＿＿＿＿＿＿＿＿＿＿
＿＿＿＿＿＿＿＿＿＿
＿＿＿＿＿＿＿＿＿＿
＿＿＿＿□＿＿＿＿＿
＿＿＿＿□＿＿＿＿＿
＿■＿＿□□＿＿＿＿
□■■□□□＿□□＿
□■□□□□□□□＿
□□□□□□□□□＿
□□□□□□□□□＿
□□□□＿□□□□□
□□□□□＿□□□□
□□□□□□□□＿□
□□□□□□□□＿□
□□□□□□□＿□□
□□□＿□□□□□□
□□□□□□□＿□□
□□□□□□□□＿□
□□□□□□□＿□□
□□□□□□□＿□□
00:43:18(77948f):field(77947f)
＿＿＿＿＿＿＿＿＿＿
＿＿＿＿＿＿＿＿＿＿
＿＿＿＿＿＿＿＿＿＿
＿＿＿＿◆＿＿＿＿＿
＿＿＿＿□＿＿＿＿＿
＿◆＿＿□◆＿＿＿＿
□□□◆□□＿◆□■
□□□□□□◆□□■
□□□□□□□□□＿
□□□□□□□□□■
□□□□＿□□□□□
□□□□□＿□□□□
□□□□□□□□＿□
□□□□□□□□＿□
□□□□□□□＿□□
□□□＿□□□□□□
□□□□□□□＿□□
□□□□□□□□＿□
□□□□□□□＿□□
□□□□□□□＿□□
00:43:18(77962f):field(77961f)
＿＿＿＿＿＿＿＿＿＿
＿＿＿＿＿＿＿＿＿＿
＿＿＿＿＿＿＿＿＿＿
＿＿＿＿＿＿＿＿＿＿
＿＿＿＿◆＿＿＿＿＿
＿＿＿＿□＿＿＿＿＿
◆◆□＿□◆＿■◆◆
□□◆◆□□■□□□
□□□□□□□□□＿
□□□□□□□□□◆
□□□□＿□□□□□
□□□□□＿□□□□
□□□□□□□□＿□
□□□□□□□□＿□
□□□□□□□＿□□
□□□＿□□□□□□
□□□□□□□＿□□
□□□□□□□□＿□
□□□□□□□＿□□
□□□□□□□＿□□
00:43:19(77974f):field(77973f)
＿＿＿＿＿＿＿＿＿＿
＿＿＿＿＿＿＿＿＿＿
＿＿＿＿＿＿＿＿＿＿
＿＿＿＿＿＿＿＿＿＿
＿＿＿＿＿＿＿＿＿＿
■＿＿＿□＿＿＿＿＿
■■◆＿□＿＿□＿＿
□□＿＿□□□□□□
□□□□□□□□□＿
□□□□□□□□□＿
□□□□＿□□□□□
□□□□□＿□□□□
□□□□□□□□＿□
□□□□□□□□＿□
□□□□□□□＿□□
□□□＿□□□□□□
□□□□□□□＿□□
□□□□□□□□＿□
□□□□□□□＿□□
□□□□□□□＿□□
00:43:19(77987f):field(77986f)
＿＿＿＿＿＿＿＿＿＿
＿＿＿＿＿＿＿＿＿＿
＿＿＿＿＿＿＿＿＿＿
＿＿＿＿＿＿＿＿＿＿
＿＿＿＿＿＿＿＿＿＿
◆＿＿＿◆＿＿＿＿＿
□◆＿■□＿＿◆＿■
□□■■□□◆□◆◆
□□□□□□□□□＿
□□□□□□□□□＿
□□□□＿□□□□□
□□□□□＿□□□□
□□□□□□□□＿□
□□□□□□□□＿□
□□□□□□□＿□□
□□□＿□□□□□□
□□□□□□□＿□□
□□□□□□□□＿□
□□□□□□□＿□□
□□□□□□□＿□□
00:43:19(77997f):field(77996f)
＿＿＿＿＿＿＿＿＿＿
＿＿＿＿＿＿＿＿＿＿
＿＿＿＿＿＿＿＿＿＿
＿＿＿＿＿＿＿＿＿＿
＿＿＿＿＿＿＿＿＿＿
＿＿＿＿＿＿＿＿＿＿
□＿＿◆□＿■■＿◆
□□□□□□■□＿＿
□□□□□□□□□＿
□□□□□□□□□＿
□□□□＿□□□□□
□□□□□＿□□□□
□□□□□□□□＿□
□□□□□□□□＿□
□□□□□□□＿□□
□□□＿□□□□□□
□□□□□□□＿□□
□□□□□□□□＿□
□□□□□□□＿□□
□□□□□□□＿□□
00:43:20(78009f):field(78008f)
＿＿＿＿＿＿＿＿＿＿
＿＿＿＿＿＿＿＿＿＿
＿＿＿＿＿＿＿＿＿＿
＿＿＿＿＿＿＿＿＿＿
＿＿＿＿＿＿＿＿＿＿
＿■■■＿＿＿＿＿＿
□■＿＿□＿□□＿＿
□□□□□□□□＿＿
□□□□□□□□□＿
□□□□□□□□□＿
□□□□＿□□□□□
□□□□□＿□□□□
□□□□□□□□＿□
□□□□□□□□＿□
□□□□□□□＿□□
□□□＿□□□□□□
□□□□□□□＿□□
□□□□□□□□＿□
□□□□□□□＿□□
□□□□□□□＿□□
00:43:20(78026f):field(78025f)
＿＿＿＿＿＿＿＿＿＿
＿＿＿＿＿＿＿＿＿＿
＿＿＿＿＿＿＿＿＿＿
＿＿＿＿＿＿＿＿＿＿
＿＿＿＿＿＿＿＿＿＿
＿◆◆◆＿＿＿＿＿＿
◆◆＿＿◆＿◆◆＿＿
◆□□□□◆◆◆＿＿
□□◆□□□□□□■
□□□□□□□□◆■
□□□□■□□□□□
□□□□□＿□□□□
□□□□□□□□＿□
□□□□□□□□＿□
□□□□□□□＿□□
□□□＿□□□□□□
□□□□□□□＿□□
□□□□□□□□＿□
□□□□□□□＿□□
□□□□□□□＿□□
00:43:21(78037f):field(78036f)
＿＿＿＿＿＿＿＿＿＿
＿＿＿＿＿＿＿＿＿＿
＿＿＿＿＿＿＿＿＿＿
＿＿＿＿＿＿＿＿＿＿
＿＿＿＿＿＿＿＿＿＿
＿＿＿＿＿＿＿＿＿＿
＿＿＿＿＿＿■＿＿＿
＿□□□◆■■＿＿＿
□□＿◆□□□□◆□
□□□□□□□□＿□
□□□□◆□□□□□
□□□□□＿□□□□
□□□□□□□□＿□
□□□□□□□□＿□
□□□□□□□＿□□
□□□＿□□□□□□
□□□□□□□＿□□
□□□□□□□□＿□
□□□□□□□＿□□
□□□□□□□＿□□
00:43:21(78049f):field(78048f)
＿＿＿＿＿＿＿＿＿＿
＿＿＿＿＿＿＿＿＿＿
＿＿＿＿＿＿＿＿＿＿
＿＿＿＿＿＿＿＿＿＿
＿＿＿＿＿＿＿＿＿＿
＿＿＿＿＿＿＿＿＿＿
＿＿■■■＿□＿＿＿
＿□□□■□□＿＿＿
□□＿＿□□□□＿□
□□□□□□□□＿□
□□□□＿□□□□□
□□□□□＿□□□□
□□□□□□□□＿□
□□□□□□□□＿□
□□□□□□□＿□□
□□□＿□□□□□□
□□□□□□□＿□□
□□□□□□□□＿□
□□□□□□□＿□□
□□□□□□□＿□□
00:43:21(78059f):field(78058f)
＿＿＿＿＿＿＿＿＿＿
＿＿＿＿＿＿＿＿＿＿
＿＿＿＿＿＿＿＿＿＿
＿＿＿＿＿＿＿＿＿＿
＿＿＿＿＿＿＿＿＿＿
＿＿＿＿■■■＿＿＿
＿＿□□□■□＿＿＿
＿□□□□□□＿＿＿
□□＿＿□□□□＿□
□□□□□□□□＿□
□□□□＿□□□□□
□□□□□＿□□□□
□□□□□□□□＿□
□□□□□□□□＿□
□□□□□□□＿□□
□□□＿□□□□□□
□□□□□□□＿□□
□□□□□□□□＿□
□□□□□□□＿□□
□□□□□□□＿□□
00:43:22(78071f):field(78070f)
＿＿＿＿＿＿＿＿＿＿
＿＿＿＿＿＿＿＿＿＿
＿＿＿＿＿＿＿＿＿＿
＿＿＿■■＿＿＿＿＿
＿＿＿■■＿＿＿＿＿
＿＿＿＿□□□＿＿＿
＿＿□□□□□＿＿＿
＿□□□□□□＿＿＿
□□＿＿□□□□＿□
□□□□□□□□＿□
□□□□＿□□□□□
□□□□□＿□□□□
□□□□□□□□＿□
□□□□□□□□＿□
□□□□□□□＿□□
□□□＿□□□□□□
□□□□□□□＿□□
□□□□□□□□＿□
□□□□□□□＿□□
□□□□□□□＿□□
00:43:22(78085f):field(78084f)
＿＿＿＿＿＿＿＿＿＿
＿＿＿＿＿＿＿＿＿＿
＿＿＿＿＿＿＿＿＿＿
＿＿＿□□＿＿＿＿＿
＿＿＿□□＿＿＿＿＿
＿＿＿＿□□□＿＿＿
＿＿□□□□□■＿＿
＿□□□□□□■■＿
□□＿＿□□□□■□
□□□□□□□□＿□
□□□□＿□□□□□
□□□□□＿□□□□
□□□□□□□□＿□
□□□□□□□□＿□
□□□□□□□＿□□
□□□＿□□□□□□
□□□□□□□＿□□
□□□□□□□□＿□
□□□□□□□＿□□
□□□□□□□＿□□
00:43:23(78099f):field(78098f)
＿＿＿＿＿＿＿＿＿＿
＿＿＿＿＿＿＿＿＿＿
＿＿＿＿＿＿＿＿＿＿
＿＿＿□□＿＿＿＿＿
＿＿＿□□＿＿＿＿＿
＿■＿＿□□□＿＿＿
■■□□□□□□＿＿
■□□□□□□□□＿
□□＿＿□□□□□□
□□□□□□□□＿□
□□□□＿□□□□□
□□□□□＿□□□□
□□□□□□□□＿□
□□□□□□□□＿□
□□□□□□□＿□□
□□□＿□□□□□□
□□□□□□□＿□□
□□□□□□□□＿□
□□□□□□□＿□□
□□□□□□□＿□□
00:43:23(78114f):field(78113f)
＿＿＿＿＿＿＿＿＿＿
＿＿＿＿＿＿＿＿＿＿
＿＿＿＿＿＿＿＿＿＿
＿＿＿◆◆＿＿＿＿＿
＿＿＿□□＿＿＿＿＿
＿◆＿■□◆◆＿＿■
◆□◆□□□□◆＿■
□□□□□□□□◆■
□□＿■□□□□□□
□□□□□□□□■□
□□□□＿□□□□□
□□□□□＿□□□□
□□□□□□□□＿□
□□□□□□□□＿□
□□□□□□□＿□□
□□□＿□□□□□□
□□□□□□□＿□□
□□□□□□□□＿□
□□□□□□□＿□□
□□□□□□□＿□□
00:43:24(78126f):field(78125f)
＿＿＿＿＿＿＿＿＿＿
＿＿＿＿＿＿＿＿＿＿
＿＿＿＿＿＿＿＿＿＿
＿＿＿＿＿＿＿＿＿＿
＿＿＿□□＿＿＿＿＿
＿＿＿□□■■■＿□
＿□＿◆□□□■＿□
□□□□□□□□＿□
□□＿◆□□□□□□
□□□□□□□□◆□
□□□□＿□□□□□
□□□□□＿□□□□
□□□□□□□□＿□
□□□□□□□□＿□
□□□□□□□＿□□
□□□＿□□□□□□
□□□□□□□＿□□
□□□□□□□□＿□
□□□□□□□＿□□
□□□□□□□＿□□
00:43:24(78136f):field(78135f)
＿＿＿＿＿＿＿＿＿＿
＿＿＿＿＿＿＿＿＿＿
＿＿＿＿＿＿＿＿＿＿
＿＿＿＿＿＿＿＿＿＿
■＿＿□□＿＿＿＿＿
■■＿□□□□□＿□
■□＿＿□□□□＿□
□□□□□□□□＿□
□□＿＿□□□□□□
□□□□□□□□＿□
□□□□＿□□□□□
□□□□□＿□□□□
□□□□□□□□＿□
□□□□□□□□＿□
□□□□□□□＿□□
□□□＿□□□□□□
□□□□□□□＿□□
□□□□□□□□＿□
□□□□□□□＿□□
□□□□□□□＿□□
00:43:24(78148f):field(78147f)
＿＿＿＿＿＿＿＿＿＿
＿＿＿＿＿＿＿＿＿＿
＿＿＿＿＿＿＿＿＿＿
＿＿＿＿＿＿＿＿＿＿
□■■□□＿＿＿＿＿
□□■□□□□□＿□
□□■＿□□□□＿□
□□□□□□□□＿□
□□＿＿□□□□□□
□□□□□□□□＿□
□□□□＿□□□□□
□□□□□＿□□□□
□□□□□□□□＿□
□□□□□□□□＿□
□□□□□□□＿□□
□□□＿□□□□□□
□□□□□□□＿□□
□□□□□□□□＿□
□□□□□□□＿□□
□□□□□□□＿□□
00:43:25(78158f):field(78157f)
＿＿＿＿＿＿＿＿＿＿
＿＿＿＿＿＿＿＿＿＿
＿＿＿＿＿＿＿＿＿＿
＿＿＿＿■■＿＿＿＿
□□□□□■■＿＿＿
□□□□□□□□＿□
□□□＿□□□□＿□
□□□□□□□□＿□
□□＿＿□□□□□□
□□□□□□□□＿□
□□□□＿□□□□□
□□□□□＿□□□□
□□□□□□□□＿□
□□□□□□□□＿□
□□□□□□□＿□□
□□□＿□□□□□□
□□□□□□□＿□□
□□□□□□□□＿□
□□□□□□□＿□□
□□□□□□□＿□□
00:43:25(78174f):field(78173f)
＿＿＿＿＿＿＿＿＿＿
＿＿＿＿＿＿＿＿＿＿
＿＿＿＿＿＿＿＿＿＿
＿＿＿＿◆□■＿＿＿
◆□◆□□◆□＿＿■
◆◆□□□□◆◆＿◆
□□□＿□□□□＿□
□□□□□□□□■□
□□＿＿□□□□□□
□□□□□□□□＿□
□□□□＿□□□□□
□□□□□＿□□□□
□□□□□□□□＿□
□□□□□□□□＿□
□□□□□□□＿□□
□□□＿□□□□□□
□□□□□□□＿□□
□□□□□□□□＿□
□□□□□□□＿□□
□□□□□□□＿□□
00:43:26(78184f):field(78183f)
＿＿＿＿＿＿＿＿＿＿
＿＿＿＿＿＿＿＿＿＿
＿＿＿＿＿＿＿＿＿＿
＿＿＿＿＿◆◆＿＿＿
■□■◆◆＿◆＿＿◆
■■◆◆□□＿■＿■
□□□＿□□□□＿□
□□□□□□□□◆□
□□＿＿□□□□□□
□□□□□□□□＿□
□□□□＿□□□□□
□□□□□＿□□□□
□□□□□□□□＿□
□□□□□□□□＿□
□□□□□□□＿□□
□□□＿□□□□□□
□□□□□□□＿□□
□□□□□□□□＿□
□□□□□□□＿□□
□□□□□□□＿□□
00:43:26(78196f):field(78195f)
＿＿＿＿＿＿＿＿＿＿
＿＿＿＿＿＿＿＿＿＿
＿＿＿＿＿＿＿＿＿＿
＿＿＿＿＿＿＿＿＿＿
□□□＿＿＿＿＿＿＿
□□■■□□＿◆＿◆
□□□■□□□□＿□
□□□□□□□□＿□
□□＿＿□□□□□□
□□□□□□□□＿□
□□□□＿□□□□□
□□□□□＿□□□□
□□□□□□□□＿□
□□□□□□□□＿□
□□□□□□□＿□□
□□□＿□□□□□□
□□□□□□□＿□□
□□□□□□□□＿□
□□□□□□□＿□□
□□□□□□□＿□□
00:43:26(78207f):field(78206f)
＿＿＿＿＿＿＿＿＿＿
＿＿＿＿＿＿＿＿＿＿
＿＿＿＿＿＿＿＿＿＿
＿＿＿＿＿＿＿＿＿＿
◆◆◆＿＿＿＿＿＿＿
◆□□◆◆◆■＿＿■
□□□□◆◆□□■◆
□□□□□□◆□■□
□□■＿□□□□□□
□□□□□□□□＿□
□□□□＿□□□□□
□□□□□＿□□□□
□□□□□□□□＿□
□□□□□□□□＿□
□□□□□□□＿□□
□□□＿□□□□□□
□□□□□□□＿□□
□□□□□□□□＿□
□□□□□□□＿□□
□□□□□□□＿□□
00:43:27(78220f):field(78219f)
＿＿＿＿＿＿＿＿＿＿
＿＿＿＿＿＿＿＿＿＿
＿＿＿＿＿＿＿＿＿＿
＿＿＿＿＿＿＿＿＿＿
＿＿＿＿＿＿＿＿＿＿
＿◆◆＿＿＿◆■＿◆
□□□◆＿＿◆□□＿
□□□□□□■□□◆
□□◆＿□□□□□□
□□□□□□□□＿□
□□□□＿□□□□□
□□□□□＿□□□□
□□□□□□□□＿□
□□□□□□□□＿□
□□□□□□□＿□□
□□□＿□□□□□□
□□□□□□□＿□□
□□□□□□□□＿□
□□□□□□□＿□□
□□□□□□□＿□□
00:43:27(78229f):field(78228f)
＿＿＿＿＿＿＿＿＿＿
＿＿＿＿＿＿＿＿＿＿
＿＿＿＿＿＿＿＿＿＿
＿＿＿＿＿＿＿＿＿＿
＿＿＿＿＿＿＿＿＿＿
＿＿■■＿＿＿□＿＿
□□□■■＿＿□□＿
□□□□□□□□□＿
□□＿＿□□□□□□
□□□□□□□□＿□
□□□□＿□□□□□
□□□□□＿□□□□
□□□□□□□□＿□
□□□□□□□□＿□
□□□□□□□＿□□
□□□＿□□□□□□
□□□□□□□＿□□
□□□□□□□□＿□
□□□□□□□＿□□
□□□□□□□＿□□
00:43:28(78240f):field(78239f)
＿＿＿＿＿＿＿＿＿＿
＿＿＿＿＿＿＿＿＿＿
＿＿＿＿＿＿＿＿＿＿
＿＿＿＿＿＿＿＿＿＿
＿＿＿＿＿＿＿＿＿＿
＿＿□□＿■■□＿＿
□□□□□■■□□＿
□□□□□□□□□＿
□□＿＿□□□□□□
□□□□□□□□＿□
□□□□＿□□□□□
□□□□□＿□□□□
□□□□□□□□＿□
□□□□□□□□＿□
□□□□□□□＿□□
□□□＿□□□□□□
□□□□□□□＿□□
□□□□□□□□＿□
□□□□□□□＿□□
□□□□□□□＿□□
00:43:28(78255f):field(78254f)
＿＿＿＿＿＿＿＿＿＿
＿＿＿＿＿＿＿＿＿＿
＿＿＿＿＿＿＿＿＿＿
＿＿＿＿＿＿＿＿＿＿
＿＿＿＿＿＿＿＿＿＿
＿■□◆■◆□◆＿＿
◆◆□□◆◆◆□□＿
◆□□□□□□□□■
□□＿■□□□□□□
□□□□□□□□■□
□□□□＿□□□□□
□□□□□＿□□□□
□□□□□□□□＿□
□□□□□□□□＿□
□□□□□□□＿□□
□□□＿□□□□□□
□□□□□□□＿□□
□□□□□□□□＿□
□□□□□□□＿□□
□□□□□□□＿□□
00:43:28(78267f):field(78266f)
＿＿＿＿＿＿＿＿＿＿
＿＿＿＿＿＿＿＿＿＿
＿＿＿＿＿＿＿＿＿＿
＿＿＿＿＿＿＿＿＿＿
＿＿＿＿＿＿＿＿＿＿
＿◆◆＿◆＿◆＿＿＿
＿■□◆＿＿＿◆◆＿
■□□□◆□□□□□
□□＿◆□□□□□□
□□□□□□□□◆□
□□□□＿□□□□□
□□□□□＿□□□□
□□□□□□□□＿□
□□□□□□□□＿□
□□□□□□□＿□□
□□□＿□□□□□□
□□□□□□□＿□□
□□□□□□□□＿□
□□□□□□□＿□□
□□□□□□□＿□□
00:43:29(78280f):field(78279f)
＿＿＿＿＿＿＿＿＿＿
＿＿＿＿＿＿＿＿＿＿
＿＿＿＿＿＿＿＿＿＿
＿＿＿＿＿＿＿＿＿＿
＿＿＿＿＿＿＿＿＿＿
＿＿＿＿＿＿＿＿＿＿
＿◆◆＿■■■■＿＿
◆□□◆■□◆□◆□
□□＿＿□□□□□□
□□□□□□□□＿□
□□□□＿□□□□□
□□□□□＿□□□□
□□□□□□□□＿□
□□□□□□□□＿□
□□□□□□□＿□□
□□□＿□□□□□□
□□□□□□□＿□□
□□□□□□□□＿□
□□□□□□□＿□□
□□□□□□□＿□□
00:43:29(78292f):field(78291f)
＿＿＿＿＿＿＿＿＿＿
＿＿＿＿＿＿＿＿＿＿
＿＿＿＿＿＿＿＿＿＿
＿＿＿＿＿＿＿＿＿＿
＿＿＿＿＿＿＿＿＿＿
＿＿＿＿＿＿＿＿＿＿
＿＿＿＿□□◆◆＿＿
＿□□■□□■□■◆
□□＿＿□□□□□□
□□□□□□□□＿□
□□□□＿□□□□□
□□□□□＿□□□□
□□□□□□□□＿□
□□□□□□□□＿□
□□□□□□□＿□□
□□□＿□□□□□□
□□□□□□□＿□□
□□□□□□□□＿□
□□□□□□□＿□□
□□□□□□□＿□□
00:43:30(78302f):field(78301f)
＿＿＿＿＿＿＿＿＿＿
＿＿＿＿＿＿＿＿＿＿
＿＿＿＿＿＿＿＿＿＿
＿＿＿＿＿＿＿＿＿＿
＿＿＿＿■■＿＿＿＿
＿＿＿＿■■＿＿＿＿
＿＿＿＿□□＿＿＿＿
＿□□◆□□□□□＿
□□＿＿□□□□□□
□□□□□□□□＿□
□□□□＿□□□□□
□□□□□＿□□□□
□□□□□□□□＿□
□□□□□□□□＿□
□□□□□□□＿□□
□□□＿□□□□□□
□□□□□□□＿□□
□□□□□□□□＿□
□□□□□□□＿□□
□□□□□□□＿□□
00:43:30(78312f):field(78311f)
＿＿＿＿＿＿＿＿＿＿
＿＿＿＿＿＿＿＿＿＿
＿＿＿＿＿＿＿＿＿＿
＿＿＿＿＿＿＿＿＿＿
＿＿＿＿□□＿＿＿＿
＿＿＿＿□□＿＿＿＿
＿＿■■□□＿＿＿＿
＿□□■□□□□□＿
□□＿■□□□□□□
□□□□□□□□＿□
□□□□＿□□□□□
□□□□□＿□□□□
□□□□□□□□＿□
□□□□□□□□＿□
□□□□□□□＿□□
□□□＿□□□□□□
□□□□□□□＿□□
□□□□□□□□＿□
□□□□□□□＿□□
□□□□□□□＿□□
00:43:30(78324f):field(78323f)
＿＿＿＿＿＿＿＿＿＿
＿＿＿＿＿＿＿＿＿＿
＿＿＿＿＿＿＿＿＿＿
＿＿＿＿＿＿＿＿＿＿
＿＿＿＿□□＿＿＿＿
＿＿＿＿□□＿＿■＿
＿＿□□□□＿＿■■
＿□□□□□□□□■
□□＿□□□□□□□
□□□□□□□□＿□
□□□□＿□□□□□
□□□□□＿□□□□
□□□□□□□□＿□
□□□□□□□□＿□
□□□□□□□＿□□
□□□＿□□□□□□
□□□□□□□＿□□
□□□□□□□□＿□
□□□□□□□＿□□
□□□□□□□＿□□
00:43:31(78336f):field(78335f)
＿＿＿＿＿＿＿＿＿＿
＿＿＿＿＿＿＿＿＿＿
＿＿＿＿＿＿＿＿＿＿
＿＿＿＿＿＿＿＿＿＿
＿＿＿＿□□＿■＿＿
＿＿＿＿□□＿■□＿
＿＿□□□□■■□□
＿□□□□□□□□□
□□＿□□□□□□□
□□□□□□□□＿□
□□□□＿□□□□□
□□□□□＿□□□□
□□□□□□□□＿□
□□□□□□□□＿□
□□□□□□□＿□□
□□□＿□□□□□□
□□□□□□□＿□□
□□□□□□□□＿□
□□□□□□□＿□□
□□□□□□□＿□□
00:43:31(78348f):field(78347f)
＿＿＿＿＿＿＿＿＿＿
＿＿＿＿＿＿＿＿＿＿
＿＿＿＿＿＿＿＿＿＿
＿＿＿＿＿＿＿＿＿＿
＿＿＿＿◆◆＿◆＿＿
＿＿■＿◆◆＿◆◆＿
＿■◆□□□◆□◆◆
■◆□◆□□□□□□
□□■□□□□□□□
□□□□□□□□＿□
□□□□＿□□□□□
□□□□□＿□□□□
□□□□□□□□＿□
□□□□□□□□＿□
□□□□□□□＿□□
□□□＿□□□□□□
□□□□□□□＿□□
□□□□□□□□＿□
□□□□□□□＿□□
□□□□□□□＿□□
00:43:31(78359f):field(78358f)
＿＿＿＿＿＿＿＿＿＿
＿＿＿＿＿＿＿＿＿＿
＿＿＿＿＿＿＿＿＿＿
＿＿＿＿＿＿＿＿＿＿
＿＿＿＿■■＿＿＿＿
＿＿◆＿■■＿＿＿＿
＿◆＿◆□□＿□＿＿
□＿◆＿□□◆□□◆
□□◆□□□□□□□
□□□□□□□□＿□
□□□□＿□□□□□
□□□□□＿□□□□
□□□□□□□□＿□
□□□□□□□□＿□
□□□□□□□＿□□
□□□＿□□□□□□
□□□□□□□＿□□
□□□□□□□□＿□
□□□□□□□＿□□
□□□□□□□＿□□
00:43:32(78373f):field(78372f)
＿＿＿＿＿＿＿＿＿＿
＿＿＿＿＿＿＿＿＿＿
＿＿＿＿＿＿＿＿＿＿
＿＿＿＿＿＿＿＿＿＿
＿＿＿＿□□＿＿＿＿
＿＿＿＿□□＿＿■■
＿＿＿＿□□＿□＿■
□＿＿＿□□＿□□■
□□＿□□□□□□□
□□□□□□□□＿□
□□□□＿□□□□□
□□□□□＿□□□□
□□□□□□□□＿□
□□□□□□□□＿□
□□□□□□□＿□□
□□□＿□□□□□□
□□□□□□□＿□□
□□□□□□□□＿□
□□□□□□□＿□□
□□□□□□□＿□□
00:43:32(78387f):field(78386f)
＿＿＿＿＿＿＿＿＿＿
＿＿＿＿＿＿＿＿＿＿
＿＿＿＿＿＿＿＿＿＿
＿＿＿＿＿＿＿＿＿＿
＿＿＿＿◆◆＿＿＿＿
＿＿＿＿□□＿＿◆◆
＿＿＿＿□□＿◆■□
◆＿■■□□＿□◆□
□◆■□□□□□□□
□□□□□□□□＿□
□□□□＿□□□□□
□□□□□＿□□□□
□□□□□□□□＿□
□□□□□□□□＿□
□□□□□□□＿□□
□□□＿□□□□□□
□□□□□□□＿□□
□□□□□□□□＿□
□□□□□□□＿□□
□□□□□□□＿□□
00:43:33(78396f):field(78395f)
＿＿＿＿＿＿＿＿＿＿
＿＿＿＿＿＿＿＿＿＿
＿＿＿＿＿＿＿＿＿＿
＿＿＿＿＿＿＿＿＿＿
＿＿＿＿＿＿＿＿＿＿
＿＿＿＿□□＿＿＿＿
＿＿＿＿□□■■□□
＿＿◆□□□■□＿□
□＿□□□□□□□□
□□□□□□□□＿□
□□□□＿□□□□□
□□□□□＿□□□□
□□□□□□□□＿□
□□□□□□□□＿□
□□□□□□□＿□□
□□□＿□□□□□□
□□□□□□□＿□□
□□□□□□□□＿□
□□□□□□□＿□□
□□□□□□□＿□□
00:43:33(78410f):field(78409f)
＿＿＿＿＿＿＿＿＿＿
＿＿＿＿＿＿＿＿＿＿
＿＿＿＿＿＿＿＿＿＿
＿＿＿＿＿＿＿＿＿＿
＿＿＿＿＿＿＿＿＿＿
＿＿＿＿◆◆＿＿＿＿
＿＿＿＿□□◆◆◆◆
■＿＿◆□□□□■□
□■◆□□□□□◆□
□□□□□□□□＿□
□□□□＿□□□□□
□□□□□＿□□□□
□□□□□□□□＿□
□□□□□□□□＿□
□□□□□□□＿□□
□□□＿□□□□□□
□□□□□□□＿□□
□□□□□□□□＿□
□□□□□□□＿□□
□□□□□□□＿□□
00:43:34(78420f):field(78419f)
＿＿＿＿＿＿＿＿＿＿
＿＿＿＿＿＿＿＿＿＿
＿＿＿＿＿＿＿＿＿＿
＿＿＿＿＿＿＿＿＿＿
＿＿＿＿＿＿＿＿＿＿
＿＿＿＿＿＿■＿＿＿
＿＿＿＿□□■■■■
□＿＿＿□□□□□□
□□＿□□□□□＿□
□□□□□□□□＿□
□□□□＿□□□□□
□□□□□＿□□□□
□□□□□□□□＿□
□□□□□□□□＿□
□□□□□□□＿□□
□□□＿□□□□□□
□□□□□□□＿□□
□□□□□□□□＿□
□□□□□□□＿□□
□□□□□□□＿□□
00:43:34(78431f):field(78430f)
＿＿＿＿＿＿＿＿＿＿
＿＿＿＿＿＿＿＿＿＿
＿＿＿＿＿＿＿＿＿＿
＿＿＿＿＿＿＿＿＿＿
＿＿＿＿■■＿＿＿＿
＿＿＿＿■■◆＿＿＿
＿＿＿＿□□□□□□
□＿＿＿□□□□□□
□□＿□□□□□＿□
□□□□□□□□＿□
□□□□＿□□□□□
□□□□□＿□□□□
□□□□□□□□＿□
□□□□□□□□＿□
□□□□□□□＿□□
□□□＿□□□□□□
□□□□□□□＿□□
□□□□□□□□＿□
□□□□□□□＿□□
□□□□□□□＿□□
00:43:34(78442f):field(78441f)
＿＿＿＿＿＿＿＿＿＿
＿＿＿＿＿＿＿＿＿＿
＿＿＿＿＿＿＿＿＿＿
＿＿＿＿＿＿＿＿＿＿
＿＿＿＿□□＿＿＿＿
＿＿＿＿□□＿＿＿＿
＿＿＿■□□□□□□
□＿■■□□□□□□
□□■□□□□□＿□
□□□□□□□□＿□
□□□□＿□□□□□
□□□□□＿□□□□
□□□□□□□□＿□
□□□□□□□□＿□
□□□□□□□＿□□
□□□＿□□□□□□
□□□□□□□＿□□
□□□□□□□□＿□
□□□□□□□＿□□
□□□□□□□＿□□
00:43:35(78459f):field(78458f)
＿＿＿＿＿＿＿＿＿＿
＿＿＿＿＿＿＿＿＿＿
＿＿＿＿＿＿＿＿＿＿
＿＿＿＿＿＿＿＿＿＿
■＿＿＿□□＿＿＿＿
■＿＿＿□□＿＿＿＿
■■＿□□□□□□□
□＿□□□□□□□□
□□□□□□□□＿□
□□□□□□□□＿□
□□□□＿□□□□□
□□□□□＿□□□□
□□□□□□□□＿□
□□□□□□□□＿□
□□□□□□□＿□□
□□□＿□□□□□□
□□□□□□□＿□□
□□□□□□□□＿□
□□□□□□□＿□□
□□□□□□□＿□□
00:43:35(78474f):field(78473f)
＿＿＿＿＿＿＿＿＿＿
＿＿＿＿＿＿＿＿＿＿
＿＿＿＿＿＿＿＿＿＿
＿＿＿＿＿＿＿＿＿＿
◆＿＿＿◆◆＿＿＿＿
□■＿＿□□＿＿■＿
□□■◆□□◆□◆□
□＿□□□□□□□□
□□□□□□□□■□
□□□□□□□□＿□
□□□□＿□□□□□
□□□□□＿□□□□
□□□□□□□□＿□
□□□□□□□□＿□
□□□□□□□＿□□
□□□＿□□□□□□
□□□□□□□＿□□
□□□□□□□□＿□
□□□□□□□＿□□
□□□□□□□＿□□
00:43:36(78485f):field(78484f)
＿＿＿＿＿＿＿＿＿＿
＿＿＿＿＿＿＿＿＿＿
＿＿＿＿＿＿＿＿＿＿
＿＿＿＿＿＿＿＿＿＿
＿＿＿＿＿＿＿＿＿＿
□□＿＿□□＿＿◆＿
□□□＿□□■□■□
□＿□□□□□□□□
□□□□□□□□◆□
□□□□□□□□＿□
□□□□＿□□□□□
□□□□□＿□□□□
□□□□□□□□＿□
□□□□□□□□＿□
□□□□□□□＿□□
□□□＿□□□□□□
□□□□□□□＿□□
□□□□□□□□＿□
□□□□□□□＿□□
□□□□□□□＿□□
00:43:36(78497f):field(78496f)
＿＿＿＿＿＿＿＿＿＿
＿＿＿＿＿＿＿＿＿＿
＿＿＿＿＿＿＿＿＿＿
＿＿＿＿＿＿＿＿＿＿
＿＿＿＿＿＿＿＿■■
□□＿＿□□＿＿■■
□□□＿□□□□□□
□＿□□□□□□□□
□□□□□□□□＿□
□□□□□□□□＿□
□□□□＿□□□□□
□□□□□＿□□□□
□□□□□□□□＿□
□□□□□□□□＿□
□□□□□□□＿□□
□□□＿□□□□□□
□□□□□□□＿□□
□□□□□□□□＿□
□□□□□□□＿□□
□□□□□□□＿□□
00:43:37(78510f):field(78509f)
＿＿＿＿＿＿＿＿＿＿
＿＿＿＿＿＿＿＿＿＿
＿＿＿＿＿＿＿＿＿＿
＿＿＿＿＿＿＿＿＿＿
＿＿＿＿＿＿＿＿◆◆
◆◆＿■□◆＿＿□□
□□□■□□◆□□□
□＿□□□□□□□□
□□□□□□□□■□
□□□□□□□□＿□
□□□□＿□□□□□
□□□□□＿□□□□
□□□□□□□□＿□
□□□□□□□□＿□
□□□□□□□＿□□
□□□＿□□□□□□
□□□□□□□＿□□
□□□□□□□□＿□
□□□□□□□＿□□
□□□□□□□＿□□
00:43:37(78521f):field(78520f)
＿＿＿＿＿＿＿＿＿＿
＿＿＿＿＿＿＿＿＿＿
＿＿＿＿＿＿＿＿＿＿
＿＿＿＿＿＿＿＿＿＿
＿＿＿＿＿＿＿＿＿＿
＿＿＿□□■■＿□□
□□◆□□□■□□□
□＿□□□□□□□□
□□□□□□□□◆□
□□□□□□□□＿□
□□□□＿□□□□□
□□□□□＿□□□□
□□□□□□□□＿□
□□□□□□□□＿□
□□□□□□□＿□□
□□□＿□□□□□□
□□□□□□□＿□□
□□□□□□□□＿□
□□□□□□□＿□□
□□□□□□□＿□□
00:43:37(78534f):field(78533f)
＿＿＿＿＿＿＿＿＿＿
＿＿＿＿＿＿＿＿＿＿
＿＿＿＿＿＿＿＿＿＿
＿＿＿＿＿＿＿＿＿＿
＿＿＿＿＿＿＿＿＿＿
＿＿■◆◆◆□＿◆◆
◆□■□□□□□□□
□■□□□□□□□□
□□□□□□□□＿□
□□□□□□□□＿□
□□□□＿□□□□□
□□□□□＿□□□□
□□□□□□□□＿□
□□□□□□□□＿□
□□□□□□□＿□□
□□□＿□□□□□□
□□□□□□□＿□□
□□□□□□□□＿□
□□□□□□□＿□□
□□□□□□□＿□□
00:43:38(78544f):field(78543f)
＿＿＿＿＿＿＿＿＿＿
＿＿＿＿＿＿＿＿＿＿
＿＿＿＿＿＿＿＿＿＿
＿＿＿＿＿＿＿＿＿＿
＿＿＿＿＿＿＿＿＿＿
＿＿□■■■□＿＿＿
＿□□□□□□◆□□
□◆□□□□□□□□
□□□□□□□□＿□
□□□□□□□□＿□
□□□□＿□□□□□
□□□□□＿□□□□
□□□□□□□□＿□
□□□□□□□□＿□
□□□□□□□＿□□
□□□＿□□□□□□
□□□□□□□＿□□
□□□□□□□□＿□
□□□□□□□＿□□
□□□□□□□＿□□
00:43:38(78554f):field(78553f)
＿＿＿＿＿＿＿＿＿＿
＿＿＿＿＿＿＿＿＿＿
＿＿＿＿＿＿＿＿＿＿
＿＿＿■■＿＿＿＿＿
＿＿■■＿＿＿＿＿＿
＿＿□□□□□＿＿＿
＿□□□□□□＿□□
□＿□□□□□□□□
□□□□□□□□＿□
□□□□□□□□＿□
□□□□＿□□□□□
□□□□□＿□□□□
□□□□□□□□＿□
□□□□□□□□＿□
□□□□□□□＿□□
□□□＿□□□□□□
□□□□□□□＿□□
□□□□□□□□＿□
□□□□□□□＿□□
□□□□□□□＿□□
00:43:38(78567f):field(78566f)
＿＿＿＿＿＿＿＿＿＿
＿＿＿＿＿＿＿＿＿＿
＿＿＿＿＿＿＿＿＿＿
＿＿＿□□＿＿＿＿＿
＿＿□□＿＿＿＿＿＿
＿＿□□□□□■■■
＿□□□□□□■□□
□＿□□□□□□□□
□□□□□□□□＿□
□□□□□□□□＿□
□□□□＿□□□□□
□□□□□＿□□□□
□□□□□□□□＿□
□□□□□□□□＿□
□□□□□□□＿□□
□□□＿□□□□□□
□□□□□□□＿□□
□□□□□□□□＿□
□□□□□□□＿□□
□□□□□□□＿□□
00:43:39(78582f):field(78581f)
＿＿＿＿＿＿＿＿＿＿
＿＿＿＿＿＿＿＿＿＿
＿＿＿＿＿＿＿＿＿＿
＿＿＿◆◆＿＿＿＿＿
■■◆□＿■＿＿■＿
＿■◆□□◆□□◆◆
■□□□□□◆□□◆
□＿□□□□□□□□
□□□□□□□□＿□
□□□□□□□□＿□
□□□□＿□□□□□
□□□□□＿□□□□
□□□□□□□□＿□
□□□□□□□□＿□
□□□□□□□＿□□
□□□＿□□□□□□
□□□□□□□＿□□
□□□□□□□□＿□
□□□□□□□＿□□
□□□□□□□＿□□
00:43:39(78594f):field(78593f)
＿＿＿＿＿＿＿＿＿＿
＿＿＿＿＿＿＿＿＿＿
＿＿＿＿＿＿＿＿＿＿
＿＿＿＿＿＿＿＿＿＿
◆◆＿◆＿◆＿＿◆＿
＿◆＿□□■◆◆＿＿
◆□□□□□■◆◆＿
□＿□□□□□□□□
□□□□□□□□＿□
□□□□□□□□＿□
□□□□＿□□□□□
□□□□□＿□□□□
□□□□□□□□＿□
□□□□□□□□＿□
□□□□□□□＿□□
□□□＿□□□□□□
□□□□□□□＿□□
□□□□□□□□＿□
□□□□□□□＿□□
□□□□□□□＿□□
00:43:40(78607f):field(78606f)
＿＿＿＿＿＿＿＿＿＿
＿＿＿＿＿＿＿＿＿＿
＿＿＿＿＿＿＿＿＿＿
＿＿＿＿＿＿＿＿＿＿
＿＿＿＿＿＿＿＿＿＿
＿＿＿□□□＿＿■■
＿□□□□□□＿■■
□＿□□□□□□□□
□□□□□□□□＿□
□□□□□□□□＿□
□□□□＿□□□□□
□□□□□＿□□□□
□□□□□□□□＿□
□□□□□□□□＿□
□□□□□□□＿□□
□□□＿□□□□□□
□□□□□□□＿□□
□□□□□□□□＿□
□□□□□□□＿□□
□□□□□□□＿□□
00:43:40(78616f):field(78615f)
＿＿＿＿＿＿＿＿＿＿
＿＿＿＿＿＿＿＿＿＿
＿＿＿＿＿＿＿＿＿＿
■＿＿＿＿＿＿＿＿＿
■＿＿＿＿＿＿＿＿＿
■＿＿□□□＿＿□□
■□□□□□□＿□□
□＿□□□□□□□□
□□□□□□□□＿□
□□□□□□□□＿□
□□□□＿□□□□□
□□□□□＿□□□□
□□□□□□□□＿□
□□□□□□□□＿□
□□□□□□□＿□□
□□□＿□□□□□□
□□□□□□□＿□□
□□□□□□□□＿□
□□□□□□□＿□□
□□□□□□□＿□□
00:43:41(78630f):field(78629f)
＿＿＿＿＿＿＿＿＿＿
＿＿＿＿＿＿＿＿＿＿
＿＿＿＿＿＿＿＿＿＿
□＿＿＿＿＿＿＿＿＿
□＿＿＿■■■＿＿＿
□＿＿□□□■＿□□
□□□□□□□＿□□
□＿□□□□□□□□
□□□□□□□□＿□
□□□□□□□□＿□
□□□□＿□□□□□
□□□□□＿□□□□
□□□□□□□□＿□
□□□□□□□□＿□
□□□□□□□＿□□
□□□＿□□□□□□
□□□□□□□＿□□
□□□□□□□□＿□
□□□□□□□＿□□
□□□□□□□＿□□
00:43:41(78644f):field(78643f)
＿＿＿＿＿＿＿＿＿＿
＿＿＿＿＿＿＿＿＿＿
＿＿＿＿＿＿＿＿＿＿
□＿＿■＿＿＿＿＿＿
□＿■■□□□＿＿＿
□＿■□□□□＿□□
□□□□□□□＿□□
□＿□□□□□□□□
□□□□□□□□＿□
□□□□□□□□＿□
□□□□＿□□□□□
□□□□□＿□□□□
□□□□□□□□＿□
□□□□□□□□＿□
□□□□□□□＿□□
□□□＿□□□□□□
□□□□□□□＿□□
□□□□□□□□＿□
□□□□□□□＿□□
□□□□□□□＿□□
00:43:41(78657f):field(78656f)
＿＿＿＿＿＿＿＿＿＿
＿＿＿＿＿＿＿＿＿＿
＿＿＿＿＿＿■＿＿＿
□＿＿□■■■＿＿＿
□＿□□□□□＿＿＿
□＿□□□□□＿□□
□□□□□□□＿□□
□＿□□□□□□□□
□□□□□□□□＿□
□□□□□□□□＿□
□□□□＿□□□□□
□□□□□＿□□□□
□□□□□□□□＿□
□□□□□□□□＿□
□□□□□□□＿□□
□□□＿□□□□□□
□□□□□□□＿□□
□□□□□□□□＿□
□□□□□□□＿□□
□□□□□□□＿□□
00:43:42(78669f):field(78668f)
＿＿＿＿＿＿＿＿＿＿
＿＿＿＿＿＿＿＿＿＿
＿■＿＿＿＿□＿＿＿
□■■□□□□＿＿＿
□■□□□□□＿＿＿
□＿□□□□□＿□□
□□□□□□□＿□□
□＿□□□□□□□□
□□□□□□□□＿□
□□□□□□□□＿□
□□□□＿□□□□□
□□□□□＿□□□□
□□□□□□□□＿□
□□□□□□□□＿□
□□□□□□□＿□□
□□□＿□□□□□□
□□□□□□□＿□□
□□□□□□□□＿□
□□□□□□□＿□□
□□□□□□□＿□□
00:43:42(78681f):field(78680f)
＿＿＿＿＿＿＿＿＿＿
＿＿＿＿＿■■＿＿＿
＿□＿＿■■□＿＿＿
□□□□□□□＿＿＿
□□□□□□□＿＿＿
□＿□□□□□＿□□
□□□□□□□＿□□
□＿□□□□□□□□
□□□□□□□□＿□
□□□□□□□□＿□
□□□□＿□□□□□
□□□□□＿□□□□
□□□□□□□□＿□
□□□□□□□□＿□
□□□□□□□＿□□
□□□＿□□□□□□
□□□□□□□＿□□
□□□□□□□□＿□
□□□□□□□＿□□
□□□□□□□＿□□
00:43:43(78692f):field(78691f)
＿＿＿■＿＿＿＿＿＿
＿＿■■＿□□＿＿＿
＿□■＿□□□＿＿＿
□□□□□□□＿＿＿
□□□□□□□＿＿＿
□＿□□□□□＿□□
□□□□□□□＿□□
□＿□□□□□□□□
□□□□□□□□＿□
□□□□□□□□＿□
□□□□＿□□□□□
□□□□□＿□□□□
□□□□□□□□＿□
□□□□□□□□＿□
□□□□□□□＿□□
□□□＿□□□□□□
□□□□□□□＿□□
□□□□□□□□＿□
□□□□□□□＿□□
□□□□□□□＿□□
00:43:46(78780f):game end
