00:13:09(23676f):game start
00:13:10(23719f):field(23718f)
＿＿＿＿＿＿＿＿＿＿
＿＿＿＿＿＿＿＿＿＿
＿＿＿＿＿＿＿＿＿＿
＿＿＿＿＿＿＿＿＿＿
＿＿＿＿＿＿＿＿＿＿
＿＿＿＿＿＿＿＿＿＿
＿＿＿＿＿＿＿＿＿＿
＿＿＿＿＿＿＿＿＿＿
＿＿＿＿＿＿＿＿＿＿
＿＿＿＿＿＿＿＿＿＿
＿＿＿＿＿＿＿＿＿＿
＿＿＿＿＿＿＿＿＿＿
＿＿＿＿＿＿＿＿＿＿
＿＿■■■■■■＿＿
＿＿＿＿＿＿＿＿＿＿
＿＿＿＿＿＿＿＿＿＿
＿＿＿＿＿＿＿＿＿＿
＿＿＿＿＿＿＿＿＿＿
＿＿＿＿＿＿＿＿＿＿
＿＿＿＿＿＿＿＿＿＿
00:13:11(23742f):field(23741f)
＿＿＿＿＿＿＿＿＿＿
＿＿＿＿＿＿＿＿＿＿
＿＿＿＿＿＿＿＿＿＿
＿＿＿＿＿＿＿＿＿＿
＿＿＿＿＿＿＿＿＿＿
＿＿＿＿＿＿＿＿＿＿
＿＿＿＿＿＿＿＿＿＿
＿＿＿＿＿＿＿＿＿＿
＿＿＿＿＿＿＿＿＿＿
＿＿＿＿＿＿＿＿＿＿
＿＿＿＿＿＿＿＿＿＿
＿＿＿＿＿＿＿＿＿＿
＿＿＿＿＿＿＿＿＿＿
＿＿◆◆◆◆◆◆＿＿
＿＿＿＿＿＿＿＿＿＿
＿＿＿＿＿＿＿＿＿＿
＿＿＿＿＿＿＿＿＿＿
＿＿＿＿＿＿＿＿＿＿
■＿＿＿＿＿＿＿＿＿
■■■■■■■＿＿＿
00:13:11(23754f):field(23753f)
＿＿＿＿＿＿＿＿＿＿
＿＿＿＿＿＿＿＿＿＿
＿＿＿＿＿＿＿＿＿＿
＿＿＿＿＿＿＿＿＿＿
＿＿＿＿＿＿＿＿＿＿
＿＿＿＿＿＿＿＿＿＿
＿＿＿＿＿＿＿＿＿＿
＿＿＿＿＿＿＿＿＿＿
＿＿＿＿＿＿＿＿＿＿
＿＿＿＿＿＿＿＿＿＿
＿＿＿＿＿＿＿＿＿＿
＿＿＿＿＿＿＿＿＿＿
＿＿＿＿＿＿＿＿＿＿
＿＿＿＿＿＿＿＿＿＿
＿＿＿＿＿＿＿＿＿＿
＿＿＿＿＿＿＿＿＿＿
＿＿＿＿＿＿＿＿＿＿
＿＿＿■＿＿＿＿＿＿
□■■■＿＿＿＿＿＿
□□□□□□□＿＿＿
00:13:12(23764f):field(23763f)
＿＿＿＿＿＿＿＿＿＿
＿＿＿＿＿＿＿＿＿＿
＿＿＿＿＿＿＿＿＿＿
＿＿＿＿＿＿＿＿＿＿
＿＿＿＿＿＿＿＿＿＿
＿＿＿＿＿＿＿＿＿＿
＿＿＿＿＿＿＿＿＿＿
＿＿＿＿＿＿＿＿＿＿
＿＿＿＿＿＿＿＿＿＿
＿＿＿＿＿＿＿＿＿＿
＿＿＿＿＿＿＿＿＿＿
＿＿＿＿＿＿＿＿＿＿
＿＿＿＿＿＿＿＿＿＿
＿＿＿＿＿＿＿＿＿＿
＿＿＿＿＿＿＿＿＿＿
＿＿＿＿＿＿＿＿＿＿
＿＿＿＿＿＿＿＿＿＿
＿＿＿□■■＿＿＿＿
□□□□■■＿＿＿＿
□□□□□□□＿＿＿
00:13:12(23778f):field(23777f)
＿＿＿＿＿＿＿＿＿＿
＿＿＿＿＿＿＿＿＿＿
＿＿＿＿＿＿＿＿＿＿
＿＿＿＿＿＿＿＿＿＿
＿＿＿＿＿＿＿＿＿＿
＿＿＿＿＿＿＿＿＿＿
＿＿＿＿＿＿＿＿＿＿
＿＿＿＿＿＿＿＿＿＿
＿＿＿＿＿＿＿＿＿＿
＿＿＿＿＿＿＿＿＿＿
＿＿＿＿＿＿＿＿＿＿
＿＿＿＿＿＿＿＿＿＿
＿＿＿＿＿＿＿＿＿＿
＿＿＿＿＿＿＿＿＿＿
＿＿＿＿＿＿＿＿＿＿
＿＿＿＿＿＿＿＿＿＿
＿＿＿＿＿＿＿＿＿＿
＿＿＿□□□＿＿＿＿
□□□□□□■■＿＿
□□□□□□□■■＿
00:13:13(23791f):field(23790f)
＿＿＿＿＿＿＿＿＿＿
＿＿＿＿＿＿＿＿＿＿
＿＿＿＿＿＿＿＿＿＿
＿＿＿＿＿＿＿＿＿＿
＿＿＿＿＿＿＿＿＿＿
＿＿＿＿＿＿＿＿＿＿
＿＿＿＿＿＿＿＿＿＿
＿＿＿＿＿＿＿＿＿＿
＿＿＿＿＿＿＿＿＿＿
＿＿＿＿＿＿＿＿＿＿
＿＿＿＿＿＿＿＿＿＿
＿＿＿＿＿＿＿＿＿＿
＿＿＿＿＿＿＿＿＿＿
＿＿＿＿＿＿＿＿＿＿
＿＿＿＿＿＿＿＿＿＿
＿＿＿＿＿＿＿＿＿＿
＿＿＿＿＿＿＿＿■＿
＿＿＿□□□＿■■＿
□□□□□□□□■＿
□□□□□□□□□＿
00:13:13(23802f):field(23801f)
＿＿＿＿＿＿＿＿＿＿
＿＿＿＿＿＿＿＿＿＿
＿＿＿＿＿＿＿＿＿＿
＿＿＿＿＿＿＿＿＿＿
＿＿＿＿＿＿＿＿＿＿
＿＿＿＿＿＿＿＿＿＿
＿＿＿＿＿＿＿＿＿＿
＿＿＿＿＿＿＿＿＿＿
＿＿＿＿＿＿＿＿＿＿
＿＿＿＿＿＿＿＿＿＿
＿＿＿＿＿＿＿＿＿＿
＿＿＿＿＿＿＿＿＿＿
＿＿＿＿＿＿＿＿＿＿
＿＿＿＿＿＿＿＿＿＿
＿＿＿＿＿＿＿＿＿＿
＿＿＿＿＿＿＿＿＿＿
■＿＿＿＿＿＿＿□＿
■■■□□□＿□□＿
□□□□□□□□□＿
□□□□□□□□□＿
00:13:13(23816f):field(23815f)
＿＿＿＿＿＿＿＿＿＿
＿＿＿＿＿＿＿＿＿＿
＿＿＿＿＿＿＿＿＿＿
＿＿＿＿＿＿＿＿＿＿
＿＿＿＿＿＿＿＿＿＿
＿＿＿＿＿＿＿＿＿＿
＿＿＿＿＿＿＿＿＿＿
＿＿＿＿＿＿＿＿＿＿
＿＿＿＿＿＿＿＿＿＿
＿＿＿＿＿＿＿＿＿＿
＿＿＿＿＿＿＿＿＿＿
＿＿＿＿＿＿＿＿＿＿
＿＿＿＿＿＿＿＿＿＿
＿＿＿＿＿＿＿＿＿＿
＿＿＿＿＿＿＿＿＿＿
＿＿＿■＿＿＿＿＿＿
□■■■＿＿＿＿□＿
□□□□□□＿□□＿
□□□□□□□□□＿
□□□□□□□□□＿
00:13:14(23827f):field(23826f)
＿＿＿＿＿＿＿＿＿＿
＿＿＿＿＿＿＿＿＿＿
＿＿＿＿＿＿＿＿＿＿
＿＿＿＿＿＿＿＿＿＿
＿＿＿＿＿＿＿＿＿＿
＿＿＿＿＿＿＿＿＿＿
＿＿＿＿＿＿＿＿＿＿
＿＿＿＿＿＿＿＿＿＿
＿＿＿＿＿＿＿＿＿＿
＿＿＿＿＿＿＿＿＿＿
＿＿＿＿＿＿＿＿＿＿
＿＿＿＿＿＿＿＿＿＿
＿＿＿＿＿＿＿＿＿＿
＿＿＿＿■＿＿＿＿＿
＿＿＿＿■＿＿＿＿＿
＿＿＿□■＿＿＿＿＿
□□□□■＿＿＿□＿
□□□□□□＿□□＿
□□□□□□□□□＿
□□□□□□□□□＿
00:13:14(23842f):field(23841f)
＿＿＿＿＿＿＿＿＿＿
＿＿＿＿＿＿＿＿＿＿
＿＿＿＿＿＿＿＿＿＿
＿＿＿＿＿＿＿＿＿＿
＿＿＿＿＿＿＿＿＿＿
＿＿＿＿＿＿＿＿＿＿
＿＿＿＿＿＿＿＿＿＿
＿＿＿＿＿＿＿＿＿＿
＿＿＿＿＿＿＿＿＿＿
＿＿＿＿＿＿＿＿＿＿
＿＿＿＿＿＿＿＿＿＿
＿＿＿＿＿＿＿＿＿＿
＿＿＿＿＿＿＿＿＿＿
＿＿＿＿□＿＿＿＿＿
＿＿＿＿□＿＿＿＿＿
＿＿＿□□＿＿■＿＿
□□□□□＿■■□＿
□□□□□□■□□＿
□□□□□□□□□＿
□□□□□□□□□＿
00:13:15(23853f):field(23852f)
＿＿＿＿＿＿＿＿＿＿
＿＿＿＿＿＿＿＿＿＿
＿＿＿＿＿＿＿＿＿＿
＿＿＿＿＿＿＿＿＿＿
＿＿＿＿＿＿＿＿＿＿
＿＿＿＿＿＿＿＿＿＿
＿＿＿＿＿＿＿＿＿＿
＿＿＿＿＿＿＿＿＿＿
＿＿＿＿＿＿＿＿＿＿
＿＿＿＿＿＿＿＿＿＿
＿＿＿＿＿＿＿＿＿＿
＿＿＿＿＿＿＿＿＿＿
＿＿＿＿＿＿＿＿＿＿
＿＿＿＿□＿＿＿＿＿
＿＿＿＿□■＿＿＿＿
＿＿＿□□■■□＿＿
□□□□□■□□□＿
□□□□□□□□□＿
□□□□□□□□□＿
□□□□□□□□□＿
00:13:15(23865f):field(23864f)
＿＿＿＿＿＿＿＿＿＿
＿＿＿＿＿＿＿＿＿＿
＿＿＿＿＿＿＿＿＿＿
＿＿＿＿＿＿＿＿＿＿
＿＿＿＿＿＿＿＿＿＿
＿＿＿＿＿＿＿＿＿＿
＿＿＿＿＿＿＿＿＿＿
＿＿＿＿＿＿＿＿＿＿
＿＿＿＿＿＿＿＿＿＿
＿＿＿＿＿＿＿＿＿＿
＿＿＿＿＿＿＿＿＿＿
＿＿＿＿＿＿＿＿＿＿
＿＿＿＿＿＿＿＿＿＿
＿＿＿＿□＿＿＿＿＿
■＿＿＿□□＿＿＿＿
■■■□□□□□＿＿
□□□□□□□□□＿
□□□□□□□□□＿
□□□□□□□□□＿
□□□□□□□□□＿
00:13:15(23876f):field(23875f)
＿＿＿＿＿＿＿＿＿＿
＿＿＿＿＿＿＿＿＿＿
＿＿＿＿＿＿＿＿＿＿
＿＿＿＿＿＿＿＿＿＿
＿＿＿＿＿＿＿＿＿＿
＿＿＿＿＿＿＿＿＿＿
＿＿＿＿＿＿＿＿＿＿
＿＿＿＿＿＿＿＿＿＿
＿＿＿＿＿＿＿＿＿＿
＿＿＿＿＿＿＿＿＿＿
＿＿＿＿＿＿＿＿＿＿
＿＿＿＿＿＿＿＿＿＿
＿＿＿＿＿＿＿＿＿＿
＿＿＿■□＿＿＿＿＿
□■■■□□＿＿＿＿
□□□□□□□□＿＿
□□□□□□□□□＿
□□□□□□□□□＿
□□□□□□□□□＿
□□□□□□□□□＿
00:13:16(23891f):field(23890f)
＿＿＿＿＿＿＿＿＿＿
＿＿＿＿＿＿＿＿＿＿
＿＿＿＿＿＿＿＿＿＿
＿＿＿＿＿＿＿＿＿＿
＿＿＿＿＿＿＿＿＿＿
＿＿＿＿＿＿＿＿＿＿
＿＿＿＿＿＿＿＿＿＿
＿＿＿＿＿＿＿＿＿＿
＿＿＿＿＿＿＿＿＿＿
＿＿＿＿＿＿＿＿＿＿
＿＿＿＿＿＿＿＿＿＿
＿＿＿＿＿＿■＿＿＿
＿＿＿＿＿＿■＿＿＿
＿＿＿□□＿■＿＿＿
□□□□□□■＿＿＿
□□□□□□□□＿＿
□□□□□□□□□＿
□□□□□□□□□＿
□□□□□□□□□＿
□□□□□□□□□＿
00:13:16(23907f):field(23906f)
＿＿＿＿＿＿＿＿＿＿
＿＿＿＿＿＿＿＿＿＿
＿＿＿＿＿＿＿＿＿＿
＿＿＿＿＿＿＿＿＿＿
＿＿＿＿＿＿＿＿＿＿
＿＿＿＿＿＿＿＿＿＿
＿＿＿＿＿＿＿＿＿＿
＿＿＿＿＿＿＿＿＿＿
＿＿＿＿＿＿＿＿＿＿
＿＿＿＿＿＿＿＿＿＿
＿＿＿＿＿＿＿＿＿＿
＿＿＿＿＿＿□＿＿＿
■■＿＿＿＿□＿＿＿
■■＿□□＿□＿＿＿
□□□□□□□＿＿＿
□□□□□□□□＿＿
□□□□□□□□□＿
□□□□□□□□□＿
□□□□□□□□□＿
□□□□□□□□□＿
00:13:17(23919f):field(23918f)
＿＿＿＿＿＿＿＿＿＿
＿＿＿＿＿＿＿＿＿＿
＿＿＿＿＿＿＿＿＿＿
＿＿＿＿＿＿＿＿＿＿
＿＿＿＿＿＿＿＿＿＿
＿＿＿＿＿＿＿＿＿＿
＿＿＿＿＿＿＿＿＿＿
＿＿＿＿＿＿＿＿＿＿
＿＿＿＿＿＿＿＿＿＿
＿＿＿＿＿＿＿＿＿＿
＿＿＿＿＿＿＿＿＿＿
＿＿＿＿■＿□＿＿＿
□□＿＿■■□＿＿＿
□□＿□□■□＿＿＿
□□□□□□□＿＿＿
□□□□□□□□＿＿
□□□□□□□□□＿
□□□□□□□□□＿
□□□□□□□□□＿
□□□□□□□□□＿
00:13:17(23932f):field(23931f)
＿＿＿＿＿＿＿＿＿＿
＿＿＿＿＿＿＿＿＿＿
＿＿＿＿＿＿＿＿＿＿
＿＿＿＿＿＿＿＿＿＿
＿＿＿＿＿＿＿＿＿＿
＿＿＿＿＿＿＿＿＿＿
＿＿＿＿＿＿＿＿＿＿
＿＿＿＿＿＿＿＿＿＿
＿＿＿＿＿＿＿＿＿＿
＿＿＿＿＿＿＿＿＿＿
＿＿＿■■＿＿＿＿＿
＿＿＿■□＿□＿＿＿
□□＿■□□□＿＿＿
□□＿□□□□＿＿＿
□□□□□□□＿＿＿
□□□□□□□□＿＿
□□□□□□□□□＿
□□□□□□□□□＿
□□□□□□□□□＿
□□□□□□□□□＿
00:13:18(23944f):field(23943f)
＿＿＿＿＿＿＿＿＿＿
＿＿＿＿＿＿＿＿＿＿
＿＿＿＿＿＿＿＿＿＿
＿＿＿＿＿＿＿＿＿＿
＿＿＿＿＿＿＿＿＿＿
＿＿＿＿＿＿＿＿＿＿
＿＿＿＿＿＿＿＿＿＿
＿＿＿＿＿＿＿＿＿＿
＿＿＿＿＿＿＿＿＿＿
＿＿＿＿＿■＿＿＿＿
＿＿＿□□■■＿＿＿
＿＿＿□□■□＿＿＿
□□＿□□□□＿＿＿
□□＿□□□□＿＿＿
□□□□□□□＿＿＿
□□□□□□□□＿＿
□□□□□□□□□＿
□□□□□□□□□＿
□□□□□□□□□＿
□□□□□□□□□＿
00:13:18(23959f):field(23958f)
＿＿＿＿＿＿＿＿＿＿
＿＿＿＿＿＿＿＿＿＿
＿＿＿＿＿＿＿＿＿＿
＿＿＿＿＿＿＿＿＿＿
＿＿＿＿＿＿＿＿＿＿
＿＿＿＿＿＿＿＿＿＿
＿＿＿＿＿＿＿＿＿＿
＿＿＿＿＿＿＿＿＿＿
＿＿＿＿＿＿＿＿＿＿
＿＿＿＿＿□＿＿＿＿
＿＿＿□□□□＿＿＿
＿■■□□□□＿＿＿
□□■□□□□＿＿＿
□□■□□□□＿＿＿
□□□□□□□＿＿＿
□□□□□□□□＿＿
□□□□□□□□□＿
□□□□□□□□□＿
□□□□□□□□□＿
□□□□□□□□□＿
00:13:19(23977f):field(23976f)
＿＿＿＿＿＿＿＿＿＿
＿＿＿＿＿＿＿＿＿＿
＿＿＿＿＿＿＿＿＿＿
＿＿＿＿＿＿＿＿＿＿
＿＿＿＿＿＿＿＿＿＿
＿＿＿＿＿＿＿＿＿＿
＿＿＿＿＿＿＿＿＿＿
＿＿＿＿＿＿＿＿＿＿
＿＿＿＿＿＿＿＿＿＿
＿＿＿＿＿◆＿＿＿＿
＿＿＿◆◆◆◆＿＿＿
＿◆◆◆◆◆◆＿＿＿
◆◆◆◆◆◆◆＿＿＿
◆◆◆◆◆□◆＿＿＿
◆◆◆□□□□＿＿＿
◆□□□□□□◆＿＿
□□□□□□□◆◆＿
□□□□□□□◆◆■
□□□□□□□◆◆＿
□□□□□□□□◆＿
00:13:20(24001f):field(24000f)
＿＿＿＿＿＿＿＿＿＿
＿＿＿＿＿＿＿＿＿＿
＿＿＿＿＿＿＿＿＿＿
＿＿＿＿＿＿＿＿＿＿
＿＿＿＿＿＿＿＿＿＿
＿＿＿＿＿＿＿＿＿＿
＿＿＿＿＿＿＿＿＿＿
＿＿＿＿＿＿＿＿＿＿
＿＿＿＿＿＿＿＿＿＿
＿＿＿＿＿＿＿＿＿＿
＿＿＿＿＿＿＿＿＿＿
＿＿＿＿＿＿＿＿＿＿
＿＿＿■■＿＿＿＿＿
＿■＿■■□＿＿＿＿
■■＿□□□□＿＿＿
■□□□□□□＿＿＿
□□□□□□□＿＿＿
□□□□□□□＿＿◆
□□□□□□□＿＿＿
□□□□□□□□＿＿
00:13:20(24019f):field(24018f)
＿＿＿＿＿＿＿＿＿＿
＿＿＿＿＿＿＿＿＿＿
＿＿＿＿＿＿＿＿＿＿
＿＿＿＿＿＿＿＿＿＿
＿＿＿＿＿＿＿＿＿＿
＿＿＿＿＿＿＿＿＿＿
＿＿＿＿＿＿＿＿＿＿
＿＿＿＿＿＿＿＿＿＿
＿＿＿＿＿＿＿＿＿＿
＿＿＿＿＿＿＿＿＿＿
＿＿＿＿＿＿＿＿＿＿
＿＿＿＿＿＿＿＿＿＿
＿＿＿□□＿＿＿＿＿
＿□＿□□□＿＿＿＿
□□＿□□□□＿＿＿
□□□□□□□＿＿＿
□□□□□□□＿＿＿
□□□□□□□＿＿■
□□□□□□□＿■■
□□□□□□□□■＿
00:13:21(24042f):field(24041f)
＿＿＿＿＿＿＿＿＿＿
＿＿＿＿＿＿＿＿＿＿
＿＿＿＿＿＿＿＿＿＿
＿＿＿＿＿＿＿＿＿＿
＿＿＿＿＿＿＿＿＿＿
＿＿＿＿＿＿＿＿＿＿
＿＿＿＿＿＿＿＿＿＿
＿＿＿＿＿＿＿＿＿＿
＿＿＿＿＿＿＿＿＿＿
＿＿＿＿＿＿＿＿＿＿
＿＿＿＿＿＿＿＿＿＿
＿＿＿＿＿＿＿＿＿＿
＿＿＿◆◆＿＿＿＿＿
＿◆＿◆◆◆＿＿＿＿
◆◆＿□□◆◆＿＿＿
◆□◆□□□◆＿＿＿
□□◆□□□□＿＿＿
□□□□□□□■＿◆
□□□□□□□■◆◆
□□□□□□□□□＿
00:13:21(24053f):field(24052f)
＿＿＿＿＿＿＿＿＿＿
＿＿＿＿＿＿＿＿＿＿
＿＿＿＿＿＿＿＿＿＿
＿＿＿＿＿＿＿＿＿＿
＿＿＿＿＿＿＿＿＿＿
＿＿＿＿＿＿＿＿＿＿
＿＿＿＿＿＿＿＿＿＿
＿＿＿＿＿＿＿＿＿＿
＿＿＿＿＿＿＿＿＿＿
＿＿＿＿＿＿＿＿＿＿
＿＿＿＿＿＿＿＿＿＿
＿＿＿＿＿＿＿＿＿＿
＿＿＿＿＿＿＿＿＿＿
＿＿＿＿＿＿＿＿＿＿
＿■■□□＿＿＿＿＿
＿□■□□□＿＿＿＿
□□■□□□□＿＿＿
□□□□□□□◆＿＿
□□□□□□□□＿＿
□□□□□□□□□＿
00:13:22(24064f):field(24063f)
＿＿＿＿＿＿＿＿＿＿
＿＿＿＿＿＿＿＿＿＿
＿＿＿＿＿＿＿＿＿＿
＿＿＿＿＿＿＿＿＿＿
＿＿＿＿＿＿＿＿＿＿
＿＿＿＿＿＿＿＿＿＿
＿＿＿＿＿＿＿＿＿＿
＿＿＿＿＿＿＿＿＿＿
＿＿＿＿＿＿＿＿＿＿
＿＿＿＿＿＿＿＿＿＿
＿＿＿＿＿＿＿＿＿＿
＿＿＿＿＿＿＿＿＿＿
＿＿＿■■＿＿＿＿＿
＿＿＿■■＿＿＿＿＿
＿□□□□＿＿＿＿＿
＿□□□□□＿＿＿＿
□□□□□□□＿＿＿
□□□□□□□＿＿＿
□□□□□□□□＿＿
□□□□□□□□□＿
00:13:22(24083f):field(24082f)
＿＿＿＿＿＿＿＿＿＿
＿＿＿＿＿＿＿＿＿＿
＿＿＿＿＿＿＿＿＿＿
＿＿＿＿＿＿＿＿＿＿
＿＿＿＿＿＿＿＿＿＿
＿＿＿＿＿＿＿＿＿＿
＿＿＿＿＿＿＿＿＿＿
＿＿＿＿＿＿＿＿＿＿
＿＿＿＿＿＿＿＿＿＿
＿＿＿＿＿＿＿＿＿＿
＿＿＿＿＿＿＿＿＿＿
＿＿＿■■■＿＿＿＿
＿＿＿□□■＿＿＿＿
＿＿＿□□＿＿＿＿＿
＿□□□□＿＿＿＿＿
＿□□□□□＿＿＿＿
□□□□□□□＿＿＿
□□□□□□□＿＿＿
□□□□□□□□＿＿
□□□□□□□□□＿
00:13:23(24110f):field(24109f)
＿＿＿＿＿＿＿＿＿＿
＿＿＿＿＿＿＿＿＿＿
＿＿＿＿＿＿＿＿＿＿
＿＿＿＿＿＿＿＿＿＿
＿＿＿＿＿＿＿＿＿＿
＿＿＿＿＿＿＿＿＿＿
＿＿＿＿＿＿＿＿＿＿
＿＿＿＿＿＿＿＿＿＿
＿＿＿＿＿＿＿＿＿＿
＿＿＿＿＿＿＿＿＿＿
＿＿＿＿＿＿＿＿＿＿
＿＿＿□□□＿＿＿＿
＿＿＿□□□＿＿＿＿
＿＿＿□□■＿＿＿＿
＿□□□□■■＿＿＿
＿□□□□□■＿＿＿
□□□□□□□＿＿＿
□□□□□□□＿＿＿
□□□□□□□□＿＿
□□□□□□□□□＿
00:13:24(24123f):field(24122f)
＿＿＿＿＿＿＿＿＿＿
＿＿＿＿＿＿＿＿＿＿
＿＿＿＿＿＿＿＿＿＿
＿＿＿＿＿＿＿＿＿＿
＿＿＿＿＿＿＿＿＿＿
＿＿＿＿＿＿＿＿＿＿
＿＿＿＿＿＿＿＿＿＿
＿＿＿＿＿＿＿＿＿＿
＿＿＿＿＿＿＿＿＿＿
＿＿＿＿＿＿＿＿＿＿
＿＿＿＿＿＿＿＿＿＿
＿＿＿□□□＿＿＿＿
■＿＿□□□＿＿＿＿
■＿＿□□□＿＿＿＿
■□□□□□□＿＿＿
■□□□□□□＿＿＿
□□□□□□□＿＿＿
□□□□□□□＿＿＿
□□□□□□□□＿＿
□□□□□□□□□＿
00:13:24(24140f):field(24139f)
＿＿＿＿＿＿＿＿＿＿
＿＿＿＿＿＿＿＿＿＿
＿＿＿＿＿＿＿＿＿＿
＿＿＿＿＿＿＿＿＿＿
＿＿＿＿＿＿＿＿＿＿
＿＿＿＿＿＿＿＿＿＿
＿＿＿＿＿＿＿＿＿＿
＿＿＿＿＿＿＿＿＿＿
＿＿＿＿＿＿＿＿＿＿
＿＿＿＿＿＿＿＿＿＿
＿＿＿＿＿＿＿＿＿＿
＿＿＿◆◆◆＿＿＿＿
◆＿＿□□□＿＿＿＿
□＿＿□□□＿＿＿＿
□◆◆□□□◆＿＿＿
□□□□□□□＿＿＿
□□□□□□□＿＿＿
□□□□□□□■＿＿
□□□□□□□□■＿
□□□□□□□□□＿
00:13:25(24153f):field(24152f)
＿＿＿＿＿＿＿＿＿＿
＿＿＿＿＿＿＿＿＿＿
＿＿＿＿＿＿＿＿＿＿
＿＿＿＿＿＿＿＿＿＿
＿＿＿＿＿＿＿＿＿＿
＿＿＿＿＿＿＿＿＿＿
＿＿＿＿＿＿＿＿＿＿
＿＿＿＿＿＿＿＿＿＿
＿＿＿＿＿＿＿＿＿＿
＿＿＿＿＿＿＿＿＿＿
＿＿＿＿＿＿＿＿＿＿
＿＿＿＿＿＿＿＿＿＿
＿＿＿□□□＿＿＿＿
□■■□□□＿＿＿＿
□■■□□□＿＿＿＿
□□□□□□□＿＿＿
□□□□□□□＿＿＿
□□□□□□□◆＿＿
□□□□□□□□□＿
□□□□□□□□□＿
00:13:25(24165f):field(24164f)
＿＿＿＿＿＿＿＿＿＿
＿＿＿＿＿＿＿＿＿＿
＿＿＿＿＿＿＿＿＿＿
＿＿＿＿＿＿＿＿＿＿
＿＿＿＿＿＿＿＿＿＿
＿＿＿＿＿＿＿＿＿＿
＿＿＿＿＿＿＿＿＿＿
＿＿＿＿＿＿＿＿＿＿
＿＿＿＿＿＿＿＿＿＿
＿＿＿＿＿＿＿＿＿＿
＿＿＿＿＿＿＿＿＿＿
＿■＿＿＿＿＿＿＿＿
■■■□□□＿＿＿＿
□□□□□□＿＿＿＿
□□□□□□＿＿＿＿
□□□□□□□＿＿＿
□□□□□□□＿＿＿
□□□□□□□＿＿＿
□□□□□□□□□＿
□□□□□□□□□＿
00:13:25(24178f):field(24177f)
＿＿＿＿＿＿＿＿＿＿
＿＿＿＿＿＿＿＿＿＿
＿＿＿＿＿＿＿＿＿＿
＿＿＿＿＿＿＿＿＿＿
＿＿＿＿＿＿＿＿＿＿
＿＿＿＿＿＿＿＿＿＿
＿＿＿＿＿＿＿＿＿＿
＿＿＿＿＿＿＿＿＿＿
＿＿＿＿＿＿＿＿＿＿
＿■＿＿＿＿＿＿＿＿
＿■■＿＿＿＿＿＿＿
＿□■＿＿＿＿＿＿＿
□□□□□□＿＿＿＿
□□□□□□＿＿＿＿
□□□□□□＿＿＿＿
□□□□□□□＿＿＿
□□□□□□□＿＿＿
□□□□□□□＿＿＿
□□□□□□□□□＿
□□□□□□□□□＿
00:13:26(24189f):field(24188f)
＿＿＿＿＿＿＿＿＿＿
＿＿＿＿＿＿＿＿＿＿
＿＿＿＿＿＿＿＿＿＿
＿＿＿＿＿＿＿＿＿＿
＿＿＿＿＿＿＿＿＿＿
＿＿＿＿＿＿＿＿＿＿
＿＿＿＿＿＿＿＿＿＿
＿＿＿＿＿＿＿＿＿＿
＿＿＿＿＿＿＿＿＿＿
＿□＿＿＿＿＿＿＿＿
＿□□＿＿■＿＿＿＿
＿□□■■■＿＿＿＿
□□□□□□＿＿＿＿
□□□□□□＿＿＿＿
□□□□□□＿＿＿＿
□□□□□□□＿＿＿
□□□□□□□＿＿＿
□□□□□□□＿＿＿
□□□□□□□□□＿
□□□□□□□□□＿
00:13:26(24202f):field(24201f)
＿＿＿＿＿＿＿＿＿＿
＿＿＿＿＿＿＿＿＿＿
＿＿＿＿＿＿＿＿＿＿
＿＿＿＿＿＿＿＿＿＿
＿＿＿＿＿＿＿＿＿＿
＿＿＿＿＿＿＿＿＿＿
＿＿＿＿＿＿＿＿＿＿
＿＿＿＿＿＿＿＿＿＿
＿＿＿＿＿＿＿＿＿＿
＿□＿＿＿＿＿＿＿＿
＿□□＿＿□＿＿＿＿
＿□□□□□■＿＿＿
□□□□□□■＿＿＿
□□□□□□■＿＿＿
□□□□□□■＿＿＿
□□□□□□□＿＿＿
□□□□□□□＿＿＿
□□□□□□□＿＿＿
□□□□□□□□□＿
□□□□□□□□□＿
00:13:27(24215f):field(24214f)
＿＿＿＿＿＿＿＿＿＿
＿＿＿＿＿＿＿＿＿＿
＿＿＿＿＿＿＿＿＿＿
＿＿＿＿＿＿＿＿＿＿
＿＿＿＿＿＿＿＿＿＿
＿＿＿＿＿＿＿＿＿＿
＿＿＿＿＿＿＿＿＿＿
＿＿＿＿＿＿＿＿＿＿
＿＿＿＿＿＿＿＿＿＿
＿□＿■■＿＿＿＿＿
＿□□■■□＿＿＿＿
＿□□□□□□＿＿＿
□□□□□□□＿＿＿
□□□□□□□＿＿＿
□□□□□□□＿＿＿
□□□□□□□＿＿＿
□□□□□□□＿＿＿
□□□□□□□＿＿＿
□□□□□□□□□＿
□□□□□□□□□＿
00:13:27(24229f):field(24228f)
＿＿＿＿＿＿＿＿＿＿
＿＿＿＿＿＿＿＿＿＿
＿＿＿＿＿＿＿＿＿＿
＿＿＿＿＿＿＿＿＿＿
＿＿＿＿＿＿＿＿＿＿
＿＿＿＿＿＿＿＿＿＿
＿＿＿＿＿＿＿＿＿＿
＿＿＿■＿＿＿＿＿＿
＿＿■■＿＿＿＿＿＿
＿□■□□＿＿＿＿＿
＿□□□□□＿＿＿＿
＿□□□□□□＿＿＿
□□□□□□□＿＿＿
□□□□□□□＿＿＿
□□□□□□□＿＿＿
□□□□□□□＿＿＿
□□□□□□□＿＿＿
□□□□□□□＿＿＿
□□□□□□□□□＿
□□□□□□□□□＿
00:13:28(24240f):field(24239f)
＿＿＿＿＿＿＿＿＿＿
＿＿＿＿＿＿＿＿＿＿
＿＿＿＿＿＿＿＿＿＿
＿＿＿＿＿＿＿＿＿＿
＿＿＿＿＿＿＿＿＿＿
＿＿＿＿＿＿＿＿＿＿
＿＿＿＿＿＿＿＿＿＿
＿＿＿□■＿＿＿＿＿
＿＿□□■■＿＿＿＿
＿□□□□■＿＿＿＿
＿□□□□□＿＿＿＿
＿□□□□□□＿＿＿
□□□□□□□＿＿＿
□□□□□□□＿＿＿
□□□□□□□＿＿＿
□□□□□□□＿＿＿
□□□□□□□＿＿＿
□□□□□□□＿＿＿
□□□□□□□□□＿
□□□□□□□□□＿
00:13:28(24258f):field(24257f)
＿＿＿＿＿＿＿＿＿＿
＿＿＿＿＿＿＿＿＿＿
＿＿＿＿＿＿＿＿＿＿
＿＿＿＿＿＿＿＿＿＿
＿＿＿＿＿＿＿＿＿＿
＿＿＿＿＿＿＿＿＿＿
＿＿＿＿＿＿＿＿＿＿
＿＿＿◆◆＿＿＿＿＿
＿＿◆◆◆◆＿＿＿＿
＿◆◆□□◆＿＿＿＿
＿◆□□□□＿＿＿＿
＿□□□□□◆＿＿＿
◆□□□□□◆＿＿＿
◆□□□□□□＿＿＿
□□□□□□□＿＿＿
□□□□□□□＿＿＿
□□□□□□□＿＿＿
□□□□□□□＿＿＿
□□□□□□□◆◆＿
□□□□□□□□□＿
00:13:29(24277f):field(24276f)
＿＿＿＿＿＿＿＿＿＿
＿＿＿＿＿＿＿＿＿＿
＿＿＿＿＿＿＿＿＿＿
＿＿＿＿＿＿＿＿＿＿
＿＿＿＿＿＿＿＿＿＿
＿＿＿＿＿＿＿＿＿＿
＿＿＿＿＿＿＿＿＿＿
＿＿＿＿＿＿＿＿＿＿
＿＿＿＿＿＿＿＿＿＿
＿＿＿◆◆＿＿＿＿＿
＿＿◆□□◆＿＿＿＿
＿◆□□□□＿＿＿＿
＿□□□□□＿＿＿＿
＿□□□□□◆＿＿＿
◆□□□□□□＿＿＿
□□□□□□□＿＿＿
□□□□□□□＿＿＿
□□□□□□□＿＿＿
□□□□□□□■＿＿
□□□□□□□□□＿
00:13:29(24290f):field(24289f)
＿＿＿＿＿＿＿＿＿＿
＿＿＿＿＿＿＿＿＿＿
＿＿＿＿＿＿＿＿＿＿
＿＿＿＿＿＿＿＿＿＿
＿＿＿＿＿＿＿＿＿＿
＿＿＿＿＿＿＿＿＿＿
＿＿＿＿＿＿＿＿＿＿
＿＿＿＿＿＿＿＿＿＿
＿＿＿＿＿＿＿＿＿＿
＿＿＿＿＿＿＿＿＿＿
＿＿＿□□＿＿＿＿＿
＿＿□□□□＿＿＿＿
＿□□□□□＿＿＿＿
＿□□□□□＿＿＿＿
＿□□□□□□■＿＿
□□□□□□□■＿＿
□□□□□□□■＿＿
□□□□□□□■＿＿
□□□□□□□□＿＿
□□□□□□□□□＿
00:13:30(24307f):field(24306f)
＿＿＿＿＿＿＿＿＿＿
＿＿＿＿＿＿＿＿＿＿
＿＿＿＿＿＿＿＿＿＿
＿＿＿＿＿＿＿＿＿＿
＿＿＿＿＿＿＿＿＿＿
＿＿＿＿＿＿＿＿＿＿
＿＿＿＿＿＿＿＿＿＿
＿＿＿＿＿＿＿＿＿＿
＿＿＿＿＿＿＿＿＿＿
＿＿＿＿＿＿＿＿＿＿
＿＿＿◆◆＿＿＿＿＿
＿＿◆◆◆◆＿＿＿＿
＿◆◆□□◆＿＿＿＿
＿◆□□□□＿＿＿＿
＿□□□□□◆◆＿＿
◆□□□□□◆◆＿＿
◆□□□□□□□＿＿
□□□□□□□□＿＿
□□□□□□□□＿＿
□□□□□□□□◆■
00:13:30(24325f):field(24324f)
＿＿＿＿＿＿＿＿＿＿
＿＿＿＿＿＿＿＿＿＿
＿＿＿＿＿＿＿＿＿＿
＿＿＿＿＿＿＿＿＿＿
＿＿＿＿＿＿＿＿＿＿
＿＿＿＿＿＿＿＿＿＿
＿＿＿＿＿＿＿＿＿＿
＿＿＿＿＿＿＿＿＿＿
＿＿＿＿＿＿＿＿＿＿
＿＿＿＿＿＿＿＿＿＿
＿＿＿＿＿＿＿＿＿＿
＿＿＿＿＿＿＿＿＿＿
＿＿＿◆◆＿＿＿＿＿
＿＿◆◆◆◆＿＿＿＿
＿◆◆□□◆＿＿＿＿
＿◆□□□□＿＿＿＿
＿□□□□□◆◆＿＿
◆□□□□□◆◆＿＿
□□□□□□□□＿＿
□□□□□□□□＿□
00:13:31(24339f):field(24338f)
＿＿＿＿＿＿＿＿＿＿
＿＿＿＿＿＿＿＿＿＿
＿＿＿＿＿＿＿＿＿＿
＿＿＿＿＿＿＿＿＿＿
＿＿＿＿＿＿＿＿＿＿
＿＿＿＿＿＿＿＿＿＿
＿＿＿＿＿＿＿＿＿＿
＿＿＿＿＿＿＿＿＿＿
＿＿＿＿＿＿＿＿＿＿
＿＿＿＿＿＿＿＿＿＿
＿＿＿＿＿＿＿＿＿＿
＿＿＿＿＿＿＿＿＿＿
＿＿＿＿＿＿＿＿＿＿
＿＿＿＿＿＿＿＿＿＿
＿＿＿□□＿＿＿＿＿
＿＿□□□□＿＿＿＿
＿□□□□□■■＿＿
＿□□□□□■■＿＿
◆□□□□□□□＿＿
□□□□□□□□＿□
00:13:31(24354f):field(24353f)
＿＿＿＿＿＿＿＿＿＿
＿＿＿＿＿＿＿＿＿＿
＿＿＿＿＿＿＿＿＿＿
＿＿＿＿＿＿＿＿＿＿
＿＿＿＿＿＿＿＿＿＿
＿＿＿＿＿＿＿＿＿＿
＿＿＿＿＿＿＿＿＿＿
＿＿＿＿＿＿＿＿＿＿
＿＿＿＿＿＿＿＿＿＿
＿＿＿＿＿＿＿＿＿＿
＿＿＿＿＿＿＿＿＿＿
＿＿＿＿＿＿＿＿＿＿
＿＿＿＿＿＿＿＿＿＿
＿＿＿＿＿■＿＿＿＿
＿＿＿□□■■＿＿＿
＿＿□□□□■＿＿＿
＿□□□□□□□＿＿
＿□□□□□□□＿＿
＿□□□□□□□＿＿
□□□□□□□□＿□
00:13:32(24370f):field(24369f)
＿＿＿＿＿＿＿＿＿＿
＿＿＿＿＿＿＿＿＿＿
＿＿＿＿＿＿＿＿＿＿
＿＿＿＿＿＿＿＿＿＿
＿＿＿＿＿＿＿＿＿＿
＿＿＿＿＿＿＿＿＿＿
＿＿＿＿＿＿＿＿＿＿
＿＿＿＿＿＿＿＿＿＿
＿＿＿＿＿＿＿＿＿＿
＿＿＿＿＿＿＿＿＿＿
＿＿＿＿＿＿＿＿＿＿
＿＿＿＿＿＿＿＿＿＿
＿＿＿＿＿＿＿＿＿＿
＿＿＿＿＿◆＿＿＿＿
＿＿＿◆◆□◆＿＿＿
＿＿◆□□□□＿＿＿
＿◆□□□□□◆＿＿
＿□□□□□□□■＿
＿□□□□□□□■＿
◆□□□□□□□■◆
00:13:32(24382f):field(24381f)
＿＿＿＿＿＿＿＿＿＿
＿＿＿＿＿＿＿＿＿＿
＿＿＿＿＿＿＿＿＿＿
＿＿＿＿＿＿＿＿＿＿
＿＿＿＿＿＿＿＿＿＿
＿＿＿＿＿＿＿＿＿＿
＿＿＿＿＿＿＿＿＿＿
＿＿＿＿＿＿＿＿＿＿
＿＿＿＿＿＿＿＿＿＿
＿＿＿＿＿＿＿＿＿＿
＿＿＿＿＿＿＿＿＿＿
＿＿＿＿＿＿＿＿＿＿
＿＿＿＿■＿＿＿＿＿
＿＿＿＿■■＿＿＿＿
＿＿＿＿■□＿＿＿＿
＿＿＿□□□□＿＿＿
＿＿□□□□□＿＿＿
＿□□□□□□□□＿
＿□□□□□□□□＿
＿□□□□□□□□＿
00:13:33(24398f):field(24397f)
＿＿＿＿＿＿＿＿＿＿
＿＿＿＿＿＿＿＿＿＿
＿＿＿＿＿＿＿＿＿＿
＿＿＿＿＿＿＿＿＿＿
＿＿＿＿＿＿＿＿＿＿
＿＿＿＿＿＿＿＿＿＿
＿＿＿＿＿＿＿＿＿＿
＿＿＿＿＿＿＿＿＿＿
＿＿＿＿＿＿＿＿＿＿
＿＿＿＿＿＿＿＿＿＿
＿＿＿＿＿＿＿＿＿＿
＿＿＿＿＿＿＿＿＿＿
＿＿＿＿□＿＿＿＿＿
＿＿＿■□□＿＿＿＿
＿＿■■□□＿＿＿＿
＿＿■□□□□＿＿＿
＿＿□□□□□＿＿＿
＿□□□□□□□□＿
＿□□□□□□□□＿
＿□□□□□□□□＿
00:13:34(24429f):field(24428f)
＿＿＿＿＿＿＿＿＿＿
＿＿＿＿＿＿＿＿＿＿
＿＿＿＿＿＿＿＿＿＿
＿＿＿＿＿＿＿＿＿＿
＿＿＿＿＿＿＿＿＿＿
＿＿＿＿＿＿＿＿＿＿
＿＿＿＿＿＿＿＿＿＿
＿＿＿＿＿＿＿＿＿＿
＿＿＿＿＿＿＿＿＿＿
＿＿＿＿＿＿＿＿＿＿
＿＿＿＿＿＿＿＿＿＿
＿＿＿＿＿＿＿＿＿＿
＿＿＿＿□＿＿＿＿＿
＿＿＿□□□＿＿＿＿
＿＿□□□□■■＿＿
＿＿□□□□□■■■
＿＿□□□□□■■■
＿□□□□□□□□＿
＿□□□□□□□□＿
＿□□□□□□□□＿
00:13:34(24443f):field(24442f)
＿＿＿＿＿＿＿＿＿＿
＿＿＿＿＿＿＿＿＿＿
＿＿＿＿＿＿＿＿＿＿
＿＿＿＿＿＿＿＿＿＿
＿＿＿＿＿＿＿＿＿＿
＿＿＿＿＿＿＿＿＿＿
＿＿＿＿＿＿＿＿＿＿
＿＿＿＿＿＿＿＿＿＿
＿＿＿＿＿＿＿＿＿＿
＿＿＿＿＿＿＿＿＿＿
＿＿＿＿＿＿＿＿＿＿
＿＿＿＿＿＿＿＿＿＿
＿＿＿＿□＿＿＿＿＿
＿＿＿□□□＿＿■■
＿＿□□□□□□■■
＿＿□□□□□□□□
＿＿□□□□□□□□
＿□□□□□□□□＿
＿□□□□□□□□＿
＿□□□□□□□□＿
00:13:35(24462f):field(24461f)
＿＿＿＿＿＿＿＿＿＿
＿＿＿＿＿＿＿＿＿＿
＿＿＿＿＿＿＿＿＿＿
＿＿＿＿＿＿＿＿＿＿
＿＿＿＿＿＿＿＿＿＿
＿＿＿＿＿＿＿＿＿＿
＿＿＿＿＿＿＿＿＿＿
＿＿＿＿＿＿＿＿＿＿
＿＿＿＿＿＿＿＿＿＿
＿＿＿＿＿＿＿＿＿＿
＿＿＿＿＿＿＿＿＿＿
＿＿＿＿＿＿＿＿＿＿
＿＿＿＿◆＿＿＿＿＿
＿＿＿◆□◆＿＿◆◆
＿＿◆□□□◆◆□□
＿＿□□□□□□□□
■■□□□□□□□□
■□□□□□□□□＿
＿□□□□□□□□＿
＿□□□□□□□□＿
00:13:35(24479f):field(24478f)
＿＿＿＿＿＿＿＿＿＿
＿＿＿＿＿＿＿＿＿＿
＿＿＿＿＿＿＿＿＿＿
＿＿＿＿＿＿＿＿＿＿
＿＿＿＿＿＿＿＿＿＿
＿＿＿＿＿＿＿＿＿＿
＿＿＿＿＿＿＿＿＿＿
＿＿＿＿＿＿＿＿＿＿
＿＿＿＿＿＿＿＿＿＿
＿＿＿＿＿＿＿＿＿＿
＿＿＿＿＿＿＿＿＿＿
＿＿＿＿＿＿＿＿＿＿
＿＿＿＿＿＿＿＿＿＿
＿＿＿＿◆＿＿＿＿＿
＿＿＿◆□◆＿＿◆◆
＿■□□□□◆◆□□
◆□□□□□□□□□
□□□□□□□□□＿
＿□□□□□□□□＿
＿□□□□□□□□＿
00:13:36(24492f):field(24491f)
＿＿＿＿＿＿＿＿＿＿
＿＿＿＿＿＿＿＿＿＿
＿＿＿＿＿＿＿＿＿＿
＿＿＿＿＿＿＿＿＿＿
＿＿＿＿＿＿＿＿＿＿
＿＿＿＿＿＿＿＿＿＿
＿＿＿＿＿＿＿＿＿＿
＿＿＿＿＿＿＿＿＿＿
＿＿＿＿＿＿＿＿＿＿
＿＿＿＿＿＿＿＿＿＿
＿＿＿＿＿＿＿＿＿＿
＿＿＿＿＿＿＿＿＿＿
＿＿＿＿＿＿＿＿＿＿
＿＿＿＿＿＿＿＿＿＿
＿＿＿＿□■■＿＿＿
＿□□□□□■■□□
＿□□□□□□□□□
□□□□□□□□□＿
＿□□□□□□□□＿
＿□□□□□□□□＿
00:13:36(24503f):field(24502f)
＿＿＿＿＿＿＿＿＿＿
＿＿＿＿＿＿＿＿＿＿
＿＿＿＿＿＿＿＿＿＿
＿＿＿＿＿＿＿＿＿＿
＿＿＿＿＿＿＿＿＿＿
＿＿＿＿＿＿＿＿＿＿
＿＿＿＿＿＿＿＿＿＿
＿＿＿＿＿＿＿＿＿＿
＿＿＿＿＿＿＿＿＿＿
＿＿＿＿＿＿＿＿＿＿
＿＿＿＿＿＿＿＿＿＿
＿＿＿＿＿＿＿＿＿＿
＿＿＿＿＿＿＿＿＿＿
＿＿＿■■＿＿＿＿＿
＿＿■■□□□＿＿＿
＿□□□□□□□□□
＿□□□□□□□□□
□□□□□□□□□＿
＿□□□□□□□□＿
＿□□□□□□□□＿
00:13:37(24522f):field(24521f)
＿＿＿＿＿＿＿＿＿＿
＿＿＿＿＿＿＿＿＿＿
＿＿＿＿＿＿＿＿＿＿
＿＿＿＿＿＿＿＿＿＿
＿＿＿＿＿＿＿＿＿＿
＿＿＿＿＿＿＿＿＿＿
＿＿＿＿＿＿＿＿＿＿
＿＿＿＿＿＿＿＿＿＿
＿＿＿＿＿＿＿＿＿＿
＿＿＿＿＿＿＿＿＿＿
＿＿＿＿＿＿＿＿＿＿
＿＿＿＿＿＿＿＿＿＿
＿＿＿＿＿＿＿＿＿＿
＿＿＿□□＿＿＿＿■
＿＿□□□□□■■■
＿□□□□□□□□□
＿□□□□□□□□□
□□□□□□□□□＿
＿□□□□□□□□＿
＿□□□□□□□□＿
00:13:37(24534f):field(24533f)
＿＿＿＿＿＿＿＿＿＿
＿＿＿＿＿＿＿＿＿＿
＿＿＿＿＿＿＿＿＿＿
＿＿＿＿＿＿＿＿＿＿
＿＿＿＿＿＿＿＿＿＿
＿＿＿＿＿＿＿＿＿＿
＿＿＿＿＿＿＿＿＿＿
＿＿＿＿＿＿＿＿＿＿
＿＿＿＿＿＿＿＿＿＿
＿＿＿＿＿＿＿＿＿＿
＿＿＿＿＿＿＿＿＿＿
＿＿＿＿＿＿＿＿＿＿
＿＿＿＿＿■■＿＿＿
＿＿＿□□■■＿＿□
＿＿□□□□□□□□
＿□□□□□□□□□
＿□□□□□□□□□
□□□□□□□□□＿
＿□□□□□□□□＿
＿□□□□□□□□＿
00:13:38(24551f):field(24550f)
＿＿＿＿＿＿＿＿＿＿
＿＿＿＿＿＿＿＿＿＿
＿＿＿＿＿＿＿＿＿＿
＿＿＿＿＿＿＿＿＿＿
＿＿＿＿＿＿＿＿＿＿
＿＿＿＿＿＿＿＿＿＿
＿＿＿＿＿＿＿＿＿＿
＿＿＿＿＿＿＿＿＿＿
＿＿＿＿＿＿＿＿＿＿
＿＿＿＿＿＿＿＿＿＿
＿＿＿＿＿＿＿＿＿＿
＿＿＿＿＿＿＿＿＿＿
＿＿＿＿＿◆◆＿＿＿
＿＿＿◆◆◆◆＿＿◆
＿＿◆◆◆□□◆◆◆
■◆□□□□□◆◆□
■◆□□□□□□□□
□□□□□□□□□＿
＿□□□□□□□□＿
＿□□□□□□□□＿
00:13:38(24568f):field(24567f)
＿＿＿＿＿＿＿＿＿＿
＿＿＿＿＿＿＿＿＿＿
＿＿＿＿＿＿＿＿＿＿
＿＿＿＿＿＿＿＿＿＿
＿＿＿＿＿＿＿＿＿＿
＿＿＿＿＿＿＿＿＿＿
＿＿＿＿＿＿＿＿＿＿
＿＿＿＿＿＿＿＿＿＿
＿＿＿＿＿＿＿＿＿＿
＿＿＿＿＿＿＿＿＿＿
＿＿＿＿＿＿＿＿＿＿
＿＿＿＿＿＿＿＿＿＿
＿＿＿＿＿＿＿＿＿＿
＿＿＿＿＿＿＿＿＿＿
＿＿＿＿＿◆◆＿＿＿
◆＿□◆◆□□■＿◆
□■□□□□□◆◆□
□□□□□□□□□＿
＿□□□□□□□□＿
＿□□□□□□□□＿
00:13:39(24579f):field(24578f)
＿＿＿＿＿＿＿＿＿＿
＿＿＿＿＿＿＿＿＿＿
＿＿＿＿＿＿＿＿＿＿
＿＿＿＿＿＿＿＿＿＿
＿＿＿＿＿＿＿＿＿＿
＿＿＿＿＿＿＿＿＿＿
＿＿＿＿＿＿＿＿＿＿
＿＿＿＿＿＿＿＿＿＿
＿＿＿＿＿＿＿＿＿＿
＿＿＿＿＿＿＿＿＿＿
＿＿＿＿＿＿＿＿＿＿
＿＿＿＿＿＿＿＿＿＿
＿＿＿＿＿＿＿＿＿＿
＿＿＿＿＿＿＿＿＿＿
＿＿＿＿■■＿＿＿＿
＿＿□■■□□◆＿＿
□□□□□□□＿＿□
□□□□□□□□□＿
＿□□□□□□□□＿
＿□□□□□□□□＿
00:13:39(24595f):field(24594f)
＿＿＿＿＿＿＿＿＿＿
＿＿＿＿＿＿＿＿＿＿
＿＿＿＿＿＿＿＿＿＿
＿＿＿＿＿＿＿＿＿＿
＿＿＿＿＿＿＿＿＿＿
＿＿＿＿＿＿＿＿＿＿
＿＿＿＿＿＿＿＿＿＿
＿＿＿＿＿＿＿＿＿＿
＿＿＿＿＿＿＿＿＿＿
＿＿＿＿＿＿＿＿＿＿
＿＿＿＿＿＿＿＿＿＿
＿＿＿＿＿＿＿＿＿＿
＿＿＿＿＿＿＿＿＿＿
＿＿＿＿＿＿＿＿＿＿
＿＿＿＿◆◆＿＿＿＿
＿＿◆◆□□◆＿■＿
◆◆□□□□□■■◆
□□□□□□□□□＿
＿□□□□□□□□＿
＿□□□□□□□□＿
00:13:40(24608f):field(24607f)
＿＿＿＿＿＿＿＿＿＿
＿＿＿＿＿＿＿＿＿＿
＿＿＿＿＿＿＿＿＿＿
＿＿＿＿＿＿＿＿＿＿
＿＿＿＿＿＿＿＿＿＿
＿＿＿＿＿＿＿＿＿＿
＿＿＿＿＿＿＿＿＿＿
＿＿＿＿＿＿＿＿＿＿
＿＿＿＿＿＿＿＿＿＿
＿＿＿＿＿＿＿＿＿＿
＿＿＿＿＿＿＿＿＿＿
＿＿＿＿＿＿＿＿＿＿
＿＿＿＿＿＿＿＿＿＿
＿＿＿＿＿＿＿＿＿＿
＿＿＿＿＿＿＿■＿＿
＿＿＿＿□□■■□＿
＿＿□□□□□□□＿
□□□□□□□□□＿
＿□□□□□□□□＿
＿□□□□□□□□＿
00:13:40(24623f):field(24622f)
＿＿＿＿＿＿＿＿＿＿
＿＿＿＿＿＿＿＿＿＿
＿＿＿＿＿＿＿＿＿＿
＿＿＿＿＿＿＿＿＿＿
＿＿＿＿＿＿＿＿＿＿
＿＿＿＿＿＿＿＿＿＿
＿＿＿＿＿＿＿＿＿＿
＿＿＿＿＿＿＿＿＿＿
＿＿＿＿＿＿＿＿＿＿
＿＿＿＿＿＿＿＿＿＿
＿＿＿＿＿＿＿＿＿＿
＿＿＿＿＿＿＿＿＿＿
＿＿＿＿＿＿＿＿＿＿
＿＿＿＿＿＿＿＿＿＿
■＿＿＿＿＿＿□＿＿
■＿＿＿□□□□□＿
■■□□□□□□□＿
□□□□□□□□□＿
＿□□□□□□□□＿
＿□□□□□□□□＿
00:13:41(24635f):field(24634f)
＿＿＿＿＿＿＿＿＿＿
＿＿＿＿＿＿＿＿＿＿
＿＿＿＿＿＿＿＿＿＿
＿＿＿＿＿＿＿＿＿＿
＿＿＿＿＿＿＿＿＿＿
＿＿＿＿＿＿＿＿＿＿
＿＿＿＿＿＿＿＿＿＿
＿＿＿＿＿＿＿＿＿＿
＿＿＿＿＿＿＿＿＿＿
＿＿＿＿＿＿＿＿＿＿
＿＿＿＿＿＿＿＿＿＿
＿＿＿＿＿＿＿＿＿＿
＿＿＿＿＿＿＿＿＿＿
＿＿＿＿■＿＿＿＿＿
□＿＿■■＿＿□＿＿
□＿＿■□□□□□＿
□□□□□□□□□＿
□□□□□□□□□＿
＿□□□□□□□□＿
＿□□□□□□□□＿
00:13:41(24647f):field(24646f)
＿＿＿＿＿＿＿＿＿＿
＿＿＿＿＿＿＿＿＿＿
＿＿＿＿＿＿＿＿＿＿
＿＿＿＿＿＿＿＿＿＿
＿＿＿＿＿＿＿＿＿＿
＿＿＿＿＿＿＿＿＿＿
＿＿＿＿＿＿＿＿＿＿
＿＿＿＿＿＿＿＿＿＿
＿＿＿＿＿＿＿＿＿＿
＿＿＿＿＿＿＿＿＿＿
＿＿＿＿＿＿＿＿＿＿
＿＿＿＿＿■＿＿＿＿
＿＿＿＿＿■＿＿＿＿
＿＿＿＿□■＿＿＿＿
□＿＿□□■＿□＿＿
□＿＿□□□□□□＿
□□□□□□□□□＿
□□□□□□□□□＿
＿□□□□□□□□＿
＿□□□□□□□□＿
00:13:42(24661f):field(24660f)
＿＿＿＿＿＿＿＿＿＿
＿＿＿＿＿＿＿＿＿＿
＿＿＿＿＿＿＿＿＿＿
＿＿＿＿＿＿＿＿＿＿
＿＿＿＿＿＿＿＿＿＿
＿＿＿＿＿＿＿＿＿＿
＿＿＿＿＿＿＿＿＿＿
＿＿＿＿＿＿＿＿＿＿
＿＿＿＿＿＿＿＿＿＿
＿＿＿＿＿＿＿＿＿＿
＿＿＿＿＿＿＿＿＿＿
＿＿＿＿＿□＿＿＿＿
＿＿＿＿＿□＿＿＿＿
＿＿＿＿□□＿＿＿＿
□■■□□□＿□＿＿
□■■□□□□□□＿
□□□□□□□□□＿
□□□□□□□□□＿
＿□□□□□□□□＿
＿□□□□□□□□＿
00:13:42(24674f):field(24673f)
＿＿＿＿＿＿＿＿＿＿
＿＿＿＿＿＿＿＿＿＿
＿＿＿＿＿＿＿＿＿＿
＿＿＿＿＿＿＿＿＿＿
＿＿＿＿＿＿＿＿＿＿
＿＿＿＿＿＿＿＿＿＿
＿＿＿＿＿＿＿＿＿＿
＿＿＿＿＿＿＿＿＿＿
＿＿＿＿＿＿＿＿＿＿
＿＿＿＿＿＿＿＿＿＿
＿＿＿＿＿＿＿＿＿＿
＿＿＿＿＿□＿＿＿＿
■＿＿＿＿□＿＿＿＿
■■■＿□□＿＿＿＿
□□□□□□＿□＿＿
□□□□□□□□□＿
□□□□□□□□□＿
□□□□□□□□□＿
＿□□□□□□□□＿
＿□□□□□□□□＿
00:13:42(24686f):field(24685f)
＿＿＿＿＿＿＿＿＿＿
＿＿＿＿＿＿＿＿＿＿
＿＿＿＿＿＿＿＿＿＿
＿＿＿＿＿＿＿＿＿＿
＿＿＿＿＿＿＿＿＿＿
＿＿＿＿＿＿＿＿＿＿
＿＿＿＿＿＿＿＿＿＿
＿＿＿＿＿＿＿＿＿＿
＿＿＿＿＿＿＿＿＿＿
＿＿＿＿＿＿＿＿＿＿
＿＿＿＿＿＿＿＿＿＿
＿＿■＿＿□＿＿＿＿
□＿■■＿□＿＿＿＿
□□□■□□＿＿＿＿
□□□□□□＿□＿＿
□□□□□□□□□＿
□□□□□□□□□＿
□□□□□□□□□＿
＿□□□□□□□□＿
＿□□□□□□□□＿
00:13:43(24698f):field(24697f)
＿＿＿＿＿＿＿＿＿＿
＿＿＿＿＿＿＿＿＿＿
＿＿＿＿＿＿＿＿＿＿
＿＿＿＿＿＿＿＿＿＿
＿＿＿＿＿＿＿＿＿＿
＿＿＿＿＿＿＿＿＿＿
＿＿＿＿＿＿＿＿＿＿
＿＿＿＿＿＿＿＿＿＿
＿＿＿＿＿＿＿＿＿＿
＿＿＿＿＿＿＿＿＿＿
＿＿＿＿■＿＿＿＿＿
＿＿□■■□＿＿＿＿
□＿□□■□＿＿＿＿
□□□□□□＿＿＿＿
□□□□□□＿□＿＿
□□□□□□□□□＿
□□□□□□□□□＿
□□□□□□□□□＿
＿□□□□□□□□＿
＿□□□□□□□□＿
00:13:43(24714f):field(24713f)
＿＿＿＿＿＿＿＿＿＿
＿＿＿＿＿＿＿＿＿＿
＿＿＿＿＿＿＿＿＿＿
＿＿＿＿＿＿＿＿＿＿
＿＿＿＿＿＿＿＿＿＿
＿＿＿＿＿＿＿＿＿＿
＿＿＿＿＿＿＿＿＿＿
＿＿＿＿＿＿＿＿＿＿
＿＿＿＿＿＿＿＿＿＿
＿＿＿＿＿＿＿＿＿＿
＿＿＿＿□＿＿＿＿＿
＿＿□□□□＿＿＿＿
□＿□□□□＿＿＿＿
□□□□□□■■■＿
□□□□□□■□＿＿
□□□□□□□□□＿
□□□□□□□□□＿
□□□□□□□□□＿
＿□□□□□□□□＿
＿□□□□□□□□＿
00:13:44(24725f):field(24724f)
＿＿＿＿＿＿＿＿＿＿
＿＿＿＿＿＿＿＿＿＿
＿＿＿＿＿＿＿＿＿＿
＿＿＿＿＿＿＿＿＿＿
＿＿＿＿＿＿＿＿＿＿
＿＿＿＿＿＿＿＿＿＿
＿＿＿＿＿＿＿＿＿＿
＿＿＿＿＿＿＿＿＿＿
＿＿＿＿■＿＿＿＿＿
＿＿＿■■＿＿＿＿＿
＿＿＿■□＿＿＿＿＿
＿＿□□□□＿＿＿＿
□＿□□□□＿＿＿＿
□□□□□□□□□＿
□□□□□□□□＿＿
□□□□□□□□□＿
□□□□□□□□□＿
□□□□□□□□□＿
＿□□□□□□□□＿
＿□□□□□□□□＿
00:13:44(24739f):field(24738f)
＿＿＿＿＿＿＿＿＿＿
＿＿＿＿＿＿＿＿＿＿
＿＿＿＿＿＿＿＿＿＿
＿＿＿＿＿＿＿＿＿＿
＿＿＿＿＿＿＿＿＿＿
＿＿＿＿＿＿＿＿＿＿
＿＿＿＿＿＿＿＿＿＿
＿＿＿＿＿＿＿＿＿＿
＿＿＿＿□＿＿＿＿＿
＿＿＿□□＿＿＿＿＿
＿＿＿□□＿＿＿＿＿
＿＿□□□□■＿＿＿
□＿□□□□■■■＿
□□□□□□□□□＿
□□□□□□□□＿＿
□□□□□□□□□＿
□□□□□□□□□＿
□□□□□□□□□＿
＿□□□□□□□□＿
＿□□□□□□□□＿
00:13:45(24753f):field(24752f)
＿＿＿＿＿＿＿＿＿＿
＿＿＿＿＿＿＿＿＿＿
＿＿＿＿＿＿＿＿＿＿
＿＿＿＿＿＿＿＿＿＿
＿＿＿＿＿＿＿＿＿＿
＿＿＿＿＿＿＿＿＿＿
＿＿＿＿＿＿＿＿＿＿
＿＿＿＿＿＿＿＿＿＿
＿＿＿＿□＿＿＿＿＿
＿＿＿□□＿＿＿＿＿
■＿＿□□＿＿＿＿＿
■■□□□□□＿＿＿
□■□□□□□□□＿
□□□□□□□□□＿
□□□□□□□□＿＿
□□□□□□□□□＿
□□□□□□□□□＿
□□□□□□□□□＿
＿□□□□□□□□＿
＿□□□□□□□□＿
00:13:45(24765f):field(24764f)
＿＿＿＿＿＿＿＿＿＿
＿＿＿＿＿＿＿＿＿＿
＿＿＿＿＿＿＿＿＿＿
＿＿＿＿＿＿＿＿＿＿
＿＿＿＿＿＿＿＿＿＿
＿＿＿＿＿＿＿＿＿＿
＿＿＿＿＿＿＿＿＿＿
＿＿＿＿＿＿＿＿＿＿
＿＿＿＿□■＿＿＿＿
＿＿＿□□■＿＿＿＿
□＿＿□□■■＿＿＿
□□□□□□□＿＿＿
□□□□□□□□□＿
□□□□□□□□□＿
□□□□□□□□＿＿
□□□□□□□□□＿
□□□□□□□□□＿
□□□□□□□□□＿
＿□□□□□□□□＿
＿□□□□□□□□＿
00:13:46(24797f):field(24796f)
＿＿＿＿＿＿＿＿＿＿
＿＿＿＿＿＿＿＿＿＿
＿＿＿＿＿＿＿＿＿＿
＿＿＿＿＿＿＿＿＿＿
＿＿＿＿＿＿＿＿＿＿
＿＿＿＿＿＿＿＿＿＿
＿＿＿＿＿＿＿＿＿＿
＿＿＿＿＿＿＿＿＿＿
＿＿＿＿◆◆＿＿＿＿
＿＿＿◆◆◆＿＿＿＿
◆＿＿◆□□◆＿＿＿
◆□□□□□◆＿＿＿
□□□□□□□◆◆＿
□□□□□□□◆◆＿
□□□□□□□□■＿
□□□□□□□□□＿
□□□□□□□□◆＿
□□□□□□□□□＿
＿□□□□□□□□■
＿□□□□□□□□■
00:13:46(24808f):field(24807f)
＿＿＿＿＿＿＿＿＿＿
＿＿＿＿＿＿＿＿＿＿
＿＿＿＿＿＿＿＿＿＿
＿＿＿＿＿＿＿＿＿＿
＿＿＿＿＿＿＿＿＿＿
＿＿＿＿＿＿＿＿＿＿
＿＿＿＿＿＿＿＿＿＿
＿＿＿＿＿＿＿＿＿＿
＿＿＿＿＿＿＿＿＿＿
＿＿＿＿＿＿＿＿＿＿
＿＿＿＿□□＿＿■＿
＿□□□□□＿＿■＿
□□□□□□□＿■＿
□□□□□□□＿■＿
□□□□□□□□□＿
□□□□□□□□□＿
□□□□□□□□＿＿
□□□□□□□□□＿
＿□□□□□□□□□
＿□□□□□□□□□
00:13:47(24830f):field(24829f)
＿＿＿＿＿＿＿＿＿＿
＿＿＿＿＿＿＿＿＿＿
＿＿＿＿＿＿＿＿＿＿
＿＿＿＿＿＿＿＿＿＿
＿＿＿＿＿＿＿＿＿＿
＿＿＿＿＿＿＿＿＿＿
＿＿＿＿＿＿＿＿＿＿
＿＿＿＿＿＿＿＿＿＿
＿＿＿＿＿＿＿＿＿＿
＿＿＿＿＿＿＿■■＿
＿＿＿＿□□＿■□＿
＿□□□□□＿■□＿
□□□□□□□＿□＿
□□□□□□□＿□＿
□□□□□□□□□＿
□□□□□□□□□＿
□□□□□□□□＿＿
□□□□□□□□□＿
＿□□□□□□□□□
＿□□□□□□□□□
00:13:48(24844f):field(24843f)
＿＿＿＿＿＿＿＿＿＿
＿＿＿＿＿＿＿＿＿＿
＿＿＿＿＿＿＿＿＿＿
＿＿＿＿＿＿＿＿＿＿
＿＿＿＿＿＿＿＿＿＿
＿＿＿＿＿＿＿＿＿＿
＿＿＿＿＿＿＿＿＿＿
＿＿＿＿＿＿＿＿＿＿
＿＿＿＿＿＿＿＿＿＿
＿■＿＿＿＿＿□□＿
■■＿＿□□＿□□＿
■□□□□□＿□□＿
□□□□□□□＿□＿
□□□□□□□＿□＿
□□□□□□□□□＿
□□□□□□□□□＿
□□□□□□□□＿＿
□□□□□□□□□＿
＿□□□□□□□□□
＿□□□□□□□□□
00:13:48(24856f):field(24855f)
＿＿＿＿＿＿＿＿＿＿
＿＿＿＿＿＿＿＿＿＿
＿＿＿＿＿＿＿＿＿＿
＿＿＿＿＿＿＿＿＿＿
＿＿＿＿＿＿＿＿＿＿
＿＿＿＿＿＿＿＿＿＿
＿＿＿＿＿＿＿＿＿＿
＿＿＿＿＿＿＿＿＿＿
＿＿＿＿＿＿＿＿＿＿
＿□＿■■＿＿□□＿
□□■■□□＿□□＿
□□□□□□＿□□＿
□□□□□□□＿□＿
□□□□□□□＿□＿
□□□□□□□□□＿
□□□□□□□□□＿
□□□□□□□□＿＿
□□□□□□□□□＿
＿□□□□□□□□□
＿□□□□□□□□□
00:13:49(24870f):field(24869f)
＿＿＿＿＿＿＿＿＿＿
＿＿＿＿＿＿＿＿＿＿
＿＿＿＿＿＿＿＿＿＿
＿＿＿＿＿＿＿＿＿＿
＿＿＿＿＿＿＿＿＿＿
＿＿＿＿＿＿＿＿＿＿
＿＿＿＿＿＿＿＿＿＿
＿＿＿＿＿＿＿＿＿＿
＿＿＿＿＿＿＿＿＿＿
＿□＿□□■■□□＿
□□□□□□■□□＿
□□□□□□■□□＿
□□□□□□□＿□＿
□□□□□□□＿□＿
□□□□□□□□□＿
□□□□□□□□□＿
□□□□□□□□＿＿
□□□□□□□□□＿
＿□□□□□□□□□
＿□□□□□□□□□
00:13:49(24882f):field(24881f)
＿＿＿＿＿＿＿＿＿＿
＿＿＿＿＿＿＿＿＿＿
＿＿＿＿＿＿＿＿＿＿
＿＿＿＿＿＿＿＿＿＿
＿＿＿＿＿＿＿＿＿＿
＿＿＿＿＿＿＿＿＿＿
＿＿＿＿＿＿＿＿＿＿
＿＿＿＿■■＿＿＿＿
＿＿＿＿■■＿＿＿＿
＿□＿□□□□□□＿
□□□□□□□□□＿
□□□□□□□□□＿
□□□□□□□＿□＿
□□□□□□□＿□＿
□□□□□□□□□＿
□□□□□□□□□＿
□□□□□□□□＿＿
□□□□□□□□□＿
＿□□□□□□□□□
＿□□□□□□□□□
00:13:49(24896f):field(24895f)
＿＿＿＿＿＿＿＿＿＿
＿＿＿＿＿＿＿＿＿＿
＿＿＿＿＿＿＿＿＿＿
＿＿＿＿＿＿＿＿＿＿
＿＿＿＿＿＿＿＿＿＿
＿＿＿＿＿＿＿＿＿＿
＿＿＿＿＿＿＿＿＿＿
＿＿＿＿□□＿＿＿＿
＿■■■□□＿＿＿＿
＿□■□□□□□□＿
□□□□□□□□□＿
□□□□□□□□□＿
□□□□□□□＿□＿
□□□□□□□＿□＿
□□□□□□□□□＿
□□□□□□□□□＿
□□□□□□□□＿＿
□□□□□□□□□＿
＿□□□□□□□□□
＿□□□□□□□□□
00:13:50(24908f):field(24907f)
＿＿＿＿＿＿＿＿＿＿
＿＿＿＿＿＿＿＿＿＿
＿＿＿＿＿＿＿＿＿＿
＿＿＿＿＿＿＿＿＿＿
＿＿＿＿＿＿＿＿＿＿
＿＿＿＿＿＿＿＿＿＿
＿＿＿＿＿＿＿＿＿＿
■■＿＿□□＿＿＿＿
■□□□□□＿＿＿＿
■□□□□□□□□＿
□□□□□□□□□＿
□□□□□□□□□＿
□□□□□□□＿□＿
□□□□□□□＿□＿
□□□□□□□□□＿
□□□□□□□□□＿
□□□□□□□□＿＿
□□□□□□□□□＿
＿□□□□□□□□□
＿□□□□□□□□□
00:13:50(24920f):field(24919f)
＿＿＿＿＿＿＿＿＿＿
＿＿＿＿＿＿＿＿＿＿
＿＿＿＿＿＿＿＿＿＿
＿＿＿＿＿＿＿＿＿＿
＿＿＿＿＿＿＿＿＿＿
＿＿＿＿＿＿＿＿＿＿
＿＿＿＿＿＿＿＿＿＿
◆◆＿＿◆◆＿＿＿＿
◆◆◆◆◆◆＿＿＿＿
◆◆◆◆◆◆◆◆◆＿
□□◆◆□□◆◆◆＿
□□□□□□◆◆◆＿
□□□□□□□■□＿
□□□□□□□■□＿
□□□□□□□□□■
□□□□□□□◆□■
□□□□□□□□■■
□□□□□□□□□■
＿□□□□□□□□□
■□□□□□□□□□
00:13:51(24941f):field(24940f)
＿＿＿＿＿＿＿＿＿＿
＿＿＿＿＿＿＿＿＿＿
＿＿＿＿＿＿＿＿＿＿
＿＿＿＿＿＿＿＿＿＿
＿＿＿＿＿＿＿＿＿＿
＿＿＿＿＿＿＿＿＿＿
＿＿＿＿＿＿＿＿＿＿
＿＿＿＿＿＿＿＿＿＿
＿＿＿＿＿＿＿＿＿＿
＿＿＿■■■＿＿＿＿
□□＿■□□＿＿＿＿
□□□□□□＿＿＿＿
□□□□□□□□□＿
□□□□□□□□□＿
□□□□□□□□□◆
□□□□□□□＿□◆
□□□□□□□◆□◆
□□□□□□□□◆□
＿□□□□□□□□□
◆□□□□□□□□□
00:13:51(24954f):field(24953f)
＿＿＿＿＿＿＿＿＿＿
＿＿＿＿＿＿＿＿＿＿
＿＿＿＿＿＿＿＿＿＿
＿＿＿＿＿＿＿＿＿＿
＿＿＿＿＿＿＿＿＿＿
＿＿＿＿＿＿＿＿＿＿
＿＿＿＿＿＿＿＿＿＿
＿＿＿＿＿＿＿＿＿＿
＿■＿＿＿＿＿＿＿＿
＿■■□□□＿＿＿＿
□□■□□□＿＿＿＿
□□□□□□＿＿＿＿
□□□□□□□□□＿
□□□□□□□□□＿
□□□□□□□□□＿
□□□□□□□＿□＿
□□□□□□□＿□＿
□□□□□□□□＿□
＿□□□□□□□□□
＿□□□□□□□□□
00:13:52(24964f):field(24963f)
＿＿＿＿＿＿＿＿＿＿
＿＿＿＿＿＿＿＿＿＿
＿＿＿＿＿＿＿＿＿＿
＿＿＿＿＿＿＿＿＿＿
＿＿＿＿＿＿＿＿＿＿
＿＿＿＿＿＿＿＿＿＿
＿＿＿＿＿＿＿＿＿＿
＿■■＿＿＿＿＿＿＿
＿□■■＿＿＿＿＿＿
＿□□□□□＿＿＿＿
□□□□□□＿＿＿＿
□□□□□□＿＿＿＿
□□□□□□□□□＿
□□□□□□□□□＿
□□□□□□□□□＿
□□□□□□□＿□＿
□□□□□□□＿□＿
□□□□□□□□＿□
＿□□□□□□□□□
＿□□□□□□□□□
00:13:52(24975f):field(24974f)
＿＿＿＿＿＿＿＿＿＿
＿＿＿＿＿＿＿＿＿＿
＿＿＿＿＿＿＿＿＿＿
＿＿＿＿＿＿＿＿＿＿
＿＿＿＿＿＿＿＿＿＿
＿＿＿＿＿＿＿＿＿＿
＿＿＿＿■＿＿＿＿＿
＿□□■■＿＿＿＿＿
＿□□□■＿＿＿＿＿
＿□□□□□＿＿＿＿
□□□□□□＿＿＿＿
□□□□□□＿＿＿＿
□□□□□□□□□＿
□□□□□□□□□＿
□□□□□□□□□＿
□□□□□□□＿□＿
□□□□□□□＿□＿
□□□□□□□□＿□
＿□□□□□□□□□
＿□□□□□□□□□
00:13:53(24990f):field(24989f)
＿＿＿＿＿＿＿＿＿＿
＿＿＿＿＿＿＿＿＿＿
＿＿＿＿＿＿＿＿＿＿
＿＿＿＿＿＿＿＿＿＿
＿＿＿＿＿＿＿＿＿＿
＿＿＿＿＿＿＿＿＿＿
＿＿＿＿□＿＿＿＿＿
＿□□□□＿＿＿＿＿
＿□□□□＿＿＿＿＿
＿□□□□□＿＿＿＿
□□□□□□■■＿＿
□□□□□□■■＿＿
□□□□□□□□□＿
□□□□□□□□□＿
□□□□□□□□□＿
□□□□□□□＿□＿
□□□□□□□＿□＿
□□□□□□□□＿□
＿□□□□□□□□□
＿□□□□□□□□□
00:13:53(25001f):field(25000f)
＿＿＿＿＿＿＿＿＿＿
＿＿＿＿＿＿＿＿＿＿
＿＿＿＿＿＿＿＿＿＿
＿＿＿＿＿＿＿＿＿＿
＿＿＿■■＿＿＿＿＿
＿＿＿■＿＿＿＿＿＿
＿＿＿■□＿＿＿＿＿
＿□□□□＿＿＿＿＿
＿□□□□＿＿＿＿＿
＿□□□□□＿＿＿＿
□□□□□□□□＿＿
□□□□□□□□＿＿
□□□□□□□□□＿
□□□□□□□□□＿
□□□□□□□□□＿
□□□□□□□＿□＿
□□□□□□□＿□＿
□□□□□□□□＿□
＿□□□□□□□□□
＿□□□□□□□□□
00:13:53(25015f):field(25014f)
＿＿＿＿＿＿＿＿＿＿
＿＿＿＿＿＿＿＿＿＿
＿＿＿＿＿＿＿＿＿＿
＿＿＿＿＿＿＿＿＿＿
＿＿＿□□＿＿＿＿＿
＿＿＿□＿＿＿＿＿＿
＿＿＿□□＿＿＿＿＿
＿□□□□■＿＿＿＿
＿□□□□■■＿＿＿
＿□□□□□■＿＿＿
□□□□□□□□＿＿
□□□□□□□□＿＿
□□□□□□□□□＿
□□□□□□□□□＿
□□□□□□□□□＿
□□□□□□□＿□＿
□□□□□□□＿□＿
□□□□□□□□＿□
＿□□□□□□□□□
＿□□□□□□□□□
00:13:54(25027f):field(25026f)
＿＿＿＿＿＿＿＿＿＿
＿＿＿＿＿＿＿＿＿＿
＿＿＿＿＿＿＿＿＿＿
＿＿＿＿＿＿＿＿＿＿
＿＿＿□□＿＿＿＿＿
＿＿＿□＿＿＿＿＿＿
■＿＿□□＿＿＿＿＿
■□□□□□＿＿＿＿
■□□□□□□＿＿＿
■□□□□□□＿＿＿
□□□□□□□□＿＿
□□□□□□□□＿＿
□□□□□□□□□＿
□□□□□□□□□＿
□□□□□□□□□＿
□□□□□□□＿□＿
□□□□□□□＿□＿
□□□□□□□□＿□
＿□□□□□□□□□
＿□□□□□□□□□
00:13:54(25042f):field(25041f)
＿＿＿＿＿＿＿＿＿＿
＿＿＿＿＿＿＿＿＿＿
＿＿＿＿＿＿＿＿＿＿
＿＿＿＿＿＿＿＿＿＿
＿＿＿◆◆＿＿＿＿＿
＿＿＿◆＿＿＿＿＿＿
◆＿＿◆◆＿＿＿＿＿
◆◆◆□□◆＿＿＿＿
◆◆◆□◆◆◆＿＿＿
□◆◆□□◆◆＿＿＿
□□□□□□□◆＿＿
□□□□□□□□＿■
□□□□□□□□□＿
□□□□□□□□◆＿
□□□□□□□□□＿
□□□□□□□■□＿
□□□□□□□＿□＿
□□□□□□□□＿□
＿□□□□□□□□□
＿□□□□□□□□□
00:13:55(25058f):field(25057f)
＿＿＿＿＿＿＿＿＿＿
＿＿＿＿＿＿＿＿＿＿
＿＿＿＿＿＿＿＿＿＿
＿＿＿＿＿＿＿＿＿＿
＿＿＿＿＿＿＿＿＿＿
＿＿＿＿＿＿＿＿＿＿
＿＿＿＿＿＿＿＿＿＿
＿＿＿◆◆＿＿＿＿＿
＿＿＿□■＿＿＿＿＿
◆＿＿□◆＿＿＿＿＿
□◆◆□□◆◆＿＿＿
□□□□□□◆◆＿◆
□□□□□□□◆◆■
□□□□□□□□■＿
□□□□□□□□□＿
□□□□□□□◆□＿
□□□□□□□＿□＿
□□□□□□□□＿□
＿□□□□□□□□□
＿□□□□□□□□□
00:13:55(25071f):field(25070f)
＿＿＿＿＿＿＿＿＿＿
＿＿＿＿＿＿＿＿＿＿
＿＿＿＿＿＿＿＿＿＿
＿＿＿＿＿＿＿＿＿＿
＿＿＿＿＿＿＿＿＿＿
＿＿＿＿＿＿＿＿＿＿
＿＿＿＿＿＿＿＿＿＿
＿＿＿＿＿＿＿＿＿＿
＿＿＿□□＿＿＿＿＿
＿■■□＿＿＿＿＿＿
□■■□□＿＿＿＿＿
□□□□□□＿＿＿＿
□□□□□□□＿＿◆
□□□□□□□□□＿
□□□□□□□□□＿
□□□□□□□＿□＿
□□□□□□□＿□＿
□□□□□□□□＿□
＿□□□□□□□□□
＿□□□□□□□□□
00:13:56(25085f):field(25084f)
＿＿＿＿＿＿＿＿＿＿
＿＿＿＿＿＿＿＿＿＿
＿＿＿＿＿＿＿＿＿＿
＿＿＿＿＿＿＿＿＿＿
＿＿＿＿＿＿＿＿＿＿
＿＿＿＿＿＿＿＿＿＿
＿＿＿＿＿＿＿＿＿＿
＿＿＿＿＿＿＿＿＿＿
＿＿＿□□＿＿＿＿＿
＿□□□＿＿＿＿＿＿
□□□□□＿＿＿＿＿
□□□□□□■■＿＿
□□□□□□□■■＿
□□□□□□□□□＿
□□□□□□□□□＿
□□□□□□□＿□＿
□□□□□□□＿□＿
□□□□□□□□＿□
＿□□□□□□□□□
＿□□□□□□□□□
00:13:56(25098f):field(25097f)
＿＿＿＿＿＿＿＿＿＿
＿＿＿＿＿＿＿＿＿＿
＿＿＿＿＿＿＿＿＿＿
＿＿＿＿＿＿＿＿＿＿
＿＿＿＿＿＿＿＿＿＿
＿＿＿＿＿＿＿＿＿＿
＿＿＿＿＿＿＿＿＿＿
＿＿＿＿＿＿＿＿＿＿
＿＿＿◆◆＿＿＿＿＿
＿◆◆◆＿＿＿＿＿＿
◆◆◆□□＿＿＿＿＿
◆□□□◆◆◆◆＿＿
□□□□□□◆◆□■
□□□□□□□□◆＿
□□□□□□□□□＿
□□□□□□□＿□■
□□□□□□□＿□■
□□□□□□□□＿□
＿□□□□□□□□□
＿□□□□□□□□□
00:13:57(25115f):field(25114f)
＿＿＿＿＿＿＿＿＿＿
＿＿＿＿＿＿＿＿＿＿
＿＿＿＿＿＿＿＿＿＿
＿＿＿＿＿＿＿＿＿＿
＿＿＿＿＿＿＿＿＿＿
＿＿＿＿＿＿＿＿＿＿
＿＿＿＿＿＿＿＿＿＿
＿＿＿＿＿＿＿＿＿＿
＿＿＿＿＿＿＿＿＿＿
＿＿＿＿＿＿＿＿＿＿
＿＿＿□□＿＿＿＿＿
＿□□□＿＿＿＿＿＿
□□□□□◆■■□◆
□□□□□□□□■＿
□□□□□□□□□＿
□□□□□□□＿□□
□□□□□□□＿□□
□□□□□□□□＿□
＿□□□□□□□□□
＿□□□□□□□□□
00:13:57(25126f):field(25125f)
＿＿＿＿＿＿＿＿＿＿
＿＿＿＿＿＿＿＿＿＿
＿＿＿＿＿＿＿＿＿＿
＿＿＿＿＿＿＿＿＿＿
＿＿＿＿＿＿＿＿＿＿
＿＿＿＿＿＿＿＿＿＿
＿＿＿＿＿＿＿＿＿＿
＿＿＿＿＿＿＿＿＿＿
＿＿＿＿＿＿＿＿＿＿
＿＿＿＿＿＿＿＿＿＿
＿＿＿□□＿＿＿＿＿
＿□□□■■■＿＿＿
□□□□□■□□□＿
□□□□□□□□□＿
□□□□□□□□□＿
□□□□□□□＿□□
□□□□□□□＿□□
□□□□□□□□＿□
＿□□□□□□□□□
＿□□□□□□□□□
00:13:57(25138f):field(25137f)
＿＿＿＿＿＿＿＿＿＿
＿＿＿＿＿＿＿＿＿＿
＿＿＿＿＿＿＿＿＿＿
＿＿＿＿＿＿＿＿＿＿
＿＿＿＿＿＿＿＿＿＿
＿＿＿＿＿＿＿＿＿＿
＿＿＿＿＿＿＿＿＿＿
＿＿＿＿＿＿＿＿＿＿
＿＿＿＿■＿＿＿＿＿
＿＿＿＿■■＿＿＿＿
＿＿＿□□■＿＿＿＿
＿□□□□□□＿＿＿
□□□□□□□□□＿
□□□□□□□□□＿
□□□□□□□□□＿
□□□□□□□＿□□
□□□□□□□＿□□
□□□□□□□□＿□
＿□□□□□□□□□
＿□□□□□□□□□
00:13:58(25150f):field(25149f)
＿＿＿＿＿＿＿＿＿＿
＿＿＿＿＿＿＿＿＿＿
＿＿＿＿＿＿＿＿＿＿
＿＿＿＿＿＿＿＿＿＿
＿＿＿＿＿＿＿＿＿＿
＿＿＿＿＿＿＿＿＿＿
＿＿＿＿＿＿＿＿＿＿
＿＿＿＿＿＿＿＿＿＿
＿＿＿＿□＿＿＿＿＿
＿＿＿＿□□＿＿＿＿
■■■□□□＿＿＿＿
■□□□□□□＿＿＿
□□□□□□□□□＿
□□□□□□□□□＿
□□□□□□□□□＿
□□□□□□□＿□□
□□□□□□□＿□□
□□□□□□□□＿□
＿□□□□□□□□□
＿□□□□□□□□□
00:13:58(25166f):field(25165f)
＿＿＿＿＿＿＿＿＿＿
＿＿＿＿＿＿＿＿＿＿
＿＿＿＿＿＿＿＿＿＿
＿＿＿＿＿＿＿＿＿＿
＿＿＿＿＿＿＿＿＿＿
＿＿＿＿＿＿＿＿＿＿
＿＿＿＿＿＿＿＿＿＿
＿＿＿＿＿＿＿＿＿＿
＿＿＿＿□＿＿＿＿＿
＿＿＿＿□□＿＿＿＿
□□□□□□■■＿＿
□□□□□□□■■＿
□□□□□□□□□＿
□□□□□□□□□＿
□□□□□□□□□＿
□□□□□□□＿□□
□□□□□□□＿□□
□□□□□□□□＿□
＿□□□□□□□□□
＿□□□□□□□□□
00:13:59(25177f):field(25176f)
＿＿＿＿＿＿＿＿＿＿
＿＿＿＿＿＿＿＿＿＿
＿＿＿＿＿＿＿＿＿＿
＿＿＿＿＿＿＿＿＿＿
＿＿＿＿＿＿＿＿＿＿
＿＿＿＿＿＿＿＿＿＿
＿＿＿＿＿＿＿＿＿＿
＿＿＿＿＿＿＿＿＿＿
＿＿＿＿◆＿＿＿＿＿
＿＿＿＿◆◆＿＿＿＿
□□□◆◆◆◆◆■＿
◆◆◆◆□◆□◆◆■
◆□◆◆□◆◆□◆＿
□□□□□□□□◆■
□□□□□□□□□■
□□□□□□□■□□
□□□□□□□＿□□
□□□□□□□□＿□
＿□□□□□□□□□
＿□□□□□□□□□
00:13:59(25192f):field(25191f)
＿＿＿＿＿＿＿＿＿＿
＿＿＿＿＿＿＿＿＿＿
＿＿＿＿＿＿＿＿＿＿
＿＿＿＿＿＿＿＿＿＿
＿＿＿＿＿＿＿＿＿＿
＿＿＿＿＿＿＿＿＿＿
＿＿＿＿＿＿＿＿＿＿
＿＿＿＿＿＿＿＿＿＿
＿＿＿＿＿＿＿＿＿＿
＿＿＿＿＿＿＿＿＿＿
◆◆◆＿＿＿＿＿◆＿
＿＿＿＿◆＿◆＿＿◆
＿◆＿＿◆＿＿◆＿＿
◆◆◆◆□□◆□＿◆
◆□◆◆□□◆◆□□
□□□□□□□◆□□
□□□□□□□＿□□
□□□□□□□□＿□
＿□□□□□□□□□
＿□□□□□□□□□
00:14:00(25210f):field(25209f)
＿＿＿＿＿＿＿＿＿＿
＿＿＿＿＿＿＿＿＿＿
＿＿＿＿＿＿＿＿＿＿
＿＿＿＿＿＿＿＿＿＿
＿＿＿＿＿＿＿＿＿＿
＿＿＿＿＿＿＿＿＿＿
＿＿＿＿＿＿＿＿＿＿
＿＿＿＿＿＿＿＿＿＿
＿＿＿＿＿＿＿＿＿＿
＿＿＿＿＿＿＿＿＿＿
＿＿＿＿＿＿＿＿＿＿
＿＿＿＿＿＿＿＿＿＿
＿＿＿＿＿＿＿＿＿＿
＿＿＿＿◆◆＿◆＿＿
■◆■＿□◆■＿◆◆
◆◆◆◆□□□■□□
□□□□□□□＿□□
□□□□□□□□＿□
＿□□□□□□□□□
＿□□□□□□□□□
00:14:00(25221f):field(25220f)
＿＿＿＿＿＿＿＿＿＿
＿＿＿＿＿＿＿＿＿＿
＿＿＿＿＿＿＿＿＿＿
＿＿＿＿＿＿＿＿＿＿
＿＿＿＿＿＿＿＿＿＿
＿＿＿＿＿＿＿＿＿＿
＿＿＿＿＿＿＿＿＿＿
＿＿＿＿＿＿＿＿＿＿
＿＿＿＿＿＿＿＿＿＿
＿＿＿＿＿＿＿＿＿＿
＿＿＿＿＿＿＿＿＿＿
＿＿＿＿＿＿＿＿＿＿
＿＿＿＿＿＿＿＿＿＿
＿＿＿＿■■■＿＿＿
◆＿◆＿□■□＿＿＿
＿＿＿＿□□□□□□
□□□□□□□＿□□
□□□□□□□□＿□
＿□□□□□□□□□
＿□□□□□□□□□
00:14:01(25235f):field(25234f)
＿＿＿＿＿＿＿＿＿＿
＿＿＿＿＿＿＿＿＿＿
＿＿＿＿＿＿＿＿＿＿
＿＿＿＿＿＿＿＿＿＿
＿＿＿＿＿＿＿＿＿＿
＿＿＿＿＿＿＿＿＿＿
＿＿＿＿＿＿＿＿＿＿
＿＿＿＿＿＿＿＿＿＿
＿＿＿＿＿＿＿＿＿＿
＿＿＿＿＿＿＿＿＿＿
＿＿＿＿＿＿＿＿＿＿
＿＿＿＿＿＿＿＿＿＿
＿＿＿＿＿＿＿＿＿＿
＿＿＿＿□□□＿＿＿
＿＿＿■□□□＿＿＿
＿■■■□□□□□□
□□□□□□□＿□□
□□□□□□□□＿□
＿□□□□□□□□□
＿□□□□□□□□□
00:14:01(25246f):field(25245f)
＿＿＿＿＿＿＿＿＿＿
＿＿＿＿＿＿＿＿＿＿
＿＿＿＿＿＿＿＿＿＿
＿＿＿＿＿＿＿＿＿＿
＿＿＿＿＿＿＿＿＿＿
＿＿＿＿＿＿＿＿＿＿
＿＿＿＿＿＿＿＿＿＿
＿＿＿＿＿＿＿＿＿＿
＿＿＿＿＿＿＿＿＿＿
＿＿＿＿＿＿＿＿＿＿
＿＿＿＿＿＿＿＿＿＿
＿＿＿＿■＿＿＿＿＿
＿＿＿＿■■■＿＿＿
＿＿＿＿□□□＿＿＿
＿＿＿□□□□＿＿＿
＿□□□□□□□□□
□□□□□□□＿□□
□□□□□□□□＿□
＿□□□□□□□□□
＿□□□□□□□□□
00:14:02(25264f):field(25263f)
＿＿＿＿＿＿＿＿＿＿
＿＿＿＿＿＿＿＿＿＿
＿＿＿＿＿＿＿＿＿＿
＿＿＿＿＿＿＿＿＿＿
＿＿＿＿＿＿＿＿＿＿
＿＿＿＿＿＿＿＿＿＿
＿＿＿＿＿＿＿＿＿＿
＿＿＿＿＿＿＿＿＿＿
＿＿＿＿＿＿＿＿＿＿
＿＿＿＿＿＿＿＿＿＿
＿＿＿＿＿＿＿＿＿＿
＿＿＿＿□＿＿＿＿■
＿＿＿＿□□□＿＿■
＿＿＿＿□□□＿＿■
＿＿＿□□□□＿＿■
＿□□□□□□□□□
□□□□□□□＿□□
□□□□□□□□＿□
＿□□□□□□□□□
＿□□□□□□□□□
00:14:02(25279f):field(25278f)
＿＿＿＿＿＿＿＿＿＿
＿＿＿＿＿＿＿＿＿＿
＿＿＿＿＿＿＿＿＿＿
＿＿＿＿＿＿＿＿＿＿
＿＿＿＿＿＿＿＿＿＿
＿＿＿＿＿＿＿＿＿＿
＿＿＿＿＿＿＿＿＿＿
＿＿＿＿＿＿＿＿＿＿
＿＿＿＿＿＿＿＿＿＿
＿＿＿＿＿＿＿＿＿＿
＿＿＿＿＿＿＿＿＿＿
＿＿＿＿□＿＿＿＿□
＿＿＿＿□□□＿＿□
＿＿■■□□□＿＿□
＿■■□□□□＿＿□
＿□□□□□□□□□
□□□□□□□＿□□
□□□□□□□□＿□
＿□□□□□□□□□
＿□□□□□□□□□
00:14:03(25290f):field(25289f)
＿＿＿＿＿＿＿＿＿＿
＿＿＿＿＿＿＿＿＿＿
＿＿＿＿＿＿＿＿＿＿
＿＿＿＿＿＿＿＿＿＿
＿＿＿＿＿＿＿＿＿＿
＿＿＿＿＿＿＿＿＿＿
＿＿＿＿＿＿＿＿＿＿
＿＿＿＿＿＿＿＿＿＿
＿＿＿＿＿＿＿＿＿＿
＿＿＿＿＿＿＿＿＿＿
＿＿＿＿＿＿＿＿＿＿
＿＿＿＿□＿＿＿＿□
＿＿＿＿□□□＿＿□
＿＿□□□□□■■□
＿□□□□□□■■□
＿□□□□□□□□□
□□□□□□□＿□□
□□□□□□□□＿□
＿□□□□□□□□□
＿□□□□□□□□□
00:14:03(25302f):field(25301f)
＿＿＿＿＿＿＿＿＿＿
＿＿＿＿＿＿＿＿＿＿
＿＿＿＿＿＿＿＿＿＿
＿＿＿＿＿＿＿＿＿＿
＿＿＿＿＿＿＿＿＿＿
＿＿＿＿＿＿＿＿＿＿
＿＿＿＿＿＿＿＿＿＿
＿＿＿＿＿＿＿＿＿＿
＿＿＿＿＿＿＿＿＿＿
＿＿＿＿＿＿＿＿＿＿
＿＿＿＿■■＿＿＿＿
＿＿＿＿□■■＿＿□
＿＿＿＿□□□＿＿□
＿＿□□□□□□□□
＿□□□□□□□□□
＿□□□□□□□□□
□□□□□□□＿□□
□□□□□□□□＿□
＿□□□□□□□□□
＿□□□□□□□□□
00:14:03(25317f):field(25316f)
＿＿＿＿＿＿＿＿＿＿
＿＿＿＿＿＿＿＿＿＿
＿＿＿＿＿＿＿＿＿＿
＿＿＿＿＿＿＿＿＿＿
＿＿＿＿＿＿＿＿＿＿
＿＿＿＿＿＿＿＿＿＿
＿＿＿＿＿＿＿＿＿＿
＿＿＿＿＿＿＿＿＿＿
＿＿＿＿＿＿＿＿＿＿
＿＿＿＿＿＿＿＿＿＿
＿＿＿＿□□＿＿＿＿
＿＿＿＿□□□＿＿□
＿■■■□□□＿＿□
＿■□□□□□□□□
＿□□□□□□□□□
＿□□□□□□□□□
□□□□□□□＿□□
□□□□□□□□＿□
＿□□□□□□□□□
＿□□□□□□□□□
00:14:04(25328f):field(25327f)
＿＿＿＿＿＿＿＿＿＿
＿＿＿＿＿＿＿＿＿＿
＿＿＿＿＿＿＿＿＿＿
＿＿＿＿＿＿＿＿＿＿
＿＿＿＿＿＿＿＿＿＿
＿＿＿＿＿＿＿＿＿＿
＿＿＿＿＿＿＿＿＿＿
＿＿＿＿＿＿＿＿＿＿
＿＿＿＿＿＿＿＿＿＿
＿＿＿■＿＿＿＿＿＿
＿＿＿■□□＿＿＿＿
＿＿■■□□□＿＿□
＿□□□□□□＿＿□
＿□□□□□□□□□
＿□□□□□□□□□
＿□□□□□□□□□
□□□□□□□＿□□
□□□□□□□□＿□
＿□□□□□□□□□
＿□□□□□□□□□
00:14:04(25345f):field(25344f)
＿＿＿＿＿＿＿＿＿＿
＿＿＿＿＿＿＿＿＿＿
＿＿＿＿＿＿＿＿＿＿
＿＿＿＿＿＿＿＿＿＿
＿＿＿＿＿＿＿＿＿＿
＿＿＿＿＿＿＿＿＿＿
＿＿＿＿＿＿＿＿＿＿
＿＿＿＿■＿＿＿＿＿
＿＿＿＿■■＿＿＿＿
＿＿＿□＿■＿＿＿＿
＿＿＿□□□＿＿＿＿
＿＿□□□□□＿＿□
＿□□□□□□＿＿□
＿□□□□□□□□□
＿□□□□□□□□□
＿□□□□□□□□□
□□□□□□□＿□□
□□□□□□□□＿□
＿□□□□□□□□□
＿□□□□□□□□□
00:14:05(25361f):field(25360f)
＿＿＿＿＿＿＿＿＿＿
＿＿＿＿＿＿＿＿＿＿
＿＿＿＿＿＿＿＿＿＿
＿＿＿＿＿＿＿＿＿＿
＿＿＿＿＿＿＿＿＿＿
＿＿＿＿＿＿＿＿＿＿
＿＿＿＿＿＿＿＿＿＿
＿＿＿＿□＿＿＿＿＿
＿＿＿＿□□＿＿＿＿
＿＿＿□＿□＿＿＿＿
＿＿＿□□□＿＿＿＿
＿＿□□□□□■■□
＿□□□□□□■■□
＿□□□□□□□□□
＿□□□□□□□□□
＿□□□□□□□□□
□□□□□□□＿□□
□□□□□□□□＿□
＿□□□□□□□□□
＿□□□□□□□□□
00:14:05(25373f):field(25372f)
＿＿＿＿＿＿＿＿＿＿
＿＿＿＿＿＿＿＿＿＿
＿＿＿＿＿＿＿＿＿＿
＿＿＿＿＿＿＿＿＿＿
＿＿＿＿＿＿＿＿＿＿
＿＿＿＿＿＿＿＿＿＿
＿＿＿＿＿＿＿＿＿＿
＿＿＿＿□＿＿＿＿＿
＿＿＿＿□□＿＿＿＿
＿＿＿□＿□＿■＿＿
＿＿＿□□□■■■＿
＿＿□□□□□□□□
＿□□□□□□□□□
＿□□□□□□□□□
＿□□□□□□□□□
＿□□□□□□□□□
□□□□□□□＿□□
□□□□□□□□＿□
＿□□□□□□□□□
＿□□□□□□□□□
00:14:06(25389f):field(25388f)
＿＿＿＿＿＿＿＿＿＿
＿＿＿＿＿＿＿＿＿＿
＿＿＿＿＿＿＿＿＿＿
＿＿＿＿＿＿＿＿＿＿
＿＿＿＿＿＿＿＿＿＿
＿＿＿＿＿＿＿＿＿＿
＿＿＿＿＿＿＿＿＿＿
＿＿＿＿□■■＿＿＿
＿＿＿＿□□■＿＿＿
＿＿＿□＿□■□＿＿
＿＿＿□□□□□□＿
＿＿□□□□□□□□
＿□□□□□□□□□
＿□□□□□□□□□
＿□□□□□□□□□
＿□□□□□□□□□
□□□□□□□＿□□
□□□□□□□□＿□
＿□□□□□□□□□
＿□□□□□□□□□
00:14:06(25402f):field(25401f)
＿＿＿＿＿＿＿＿＿＿
＿＿＿＿＿＿＿＿＿＿
＿＿＿＿＿＿＿＿＿＿
＿＿＿＿＿＿＿＿＿＿
＿＿＿＿＿＿＿＿＿＿
＿＿＿＿＿＿＿＿＿＿
＿＿＿＿＿＿＿＿＿＿
＿＿＿＿◆◆◆＿＿＿
＿＿＿＿◆◆◆＿＿＿
＿＿＿◆＿◆◆◆＿＿
＿＿＿◆◆◆◆◆◆＿
＿■◆□□□□◆◆□
＿◆◆◆□□□◆□◆
＿□□□□□□□◆□
■□□□□□□□□◆
■□□□□□□□□□
□□□□□□□＿□□
□□□□□□□□＿□
＿□□□□□□□□□
＿□□□□□□□□□
00:14:07(25416f):field(25415f)
＿＿＿＿＿＿＿＿＿＿
＿＿＿＿＿＿＿＿＿＿
＿＿＿＿＿＿＿＿＿＿
＿＿＿＿＿＿＿＿＿＿
＿＿＿＿＿＿＿＿＿＿
＿＿＿＿＿＿＿＿＿＿
＿＿＿＿＿＿＿＿＿＿
＿＿＿＿＿＿＿＿＿＿
＿＿＿＿＿＿＿＿＿＿
＿＿＿＿＿＿＿＿＿＿
＿＿＿＿＿＿＿＿＿＿
＿◆＿◆□□□＿＿◆
＿＿■■□□□＿◆＿
＿◆□□◆□□□＿◆
◆◆□□□□□□□＿
◆◆□□□□□□□□
□□□□□□□＿□□
□□□□□□□□＿□
＿□□□□□□□□□
＿□□□□□□□□□
00:14:07(25432f):field(25431f)
＿＿＿＿＿＿＿＿＿＿
＿＿＿＿＿＿＿＿＿＿
＿＿＿＿＿＿＿＿＿＿
＿＿＿＿＿＿＿＿＿＿
＿＿＿＿＿＿＿＿＿＿
＿＿＿＿＿＿＿＿＿＿
＿＿＿＿＿＿＿＿＿＿
＿＿＿＿＿＿＿＿＿＿
＿＿＿＿＿＿＿＿＿＿
＿＿＿＿＿＿＿＿＿＿
＿＿＿＿＿＿＿＿＿＿
＿＿＿＿□□□＿＿＿
＿■□□□□□＿＿＿
＿■□□＿□□□＿＿
＿■□□□□□□□＿
＿■□□□□□□□□
□□□□□□□＿□□
□□□□□□□□＿□
＿□□□□□□□□□
＿□□□□□□□□□
00:14:08(25444f):field(25443f)
＿＿＿＿＿＿＿＿＿＿
＿＿＿＿＿＿＿＿＿＿
＿＿＿＿＿＿＿＿＿＿
＿＿＿＿＿＿＿＿＿＿
＿＿＿＿＿＿＿＿＿＿
＿＿＿＿＿＿＿＿＿＿
＿＿＿＿＿＿＿＿＿＿
＿＿＿＿＿＿＿＿＿＿
＿＿＿＿＿＿＿＿＿＿
＿＿＿＿＿＿＿＿＿＿
＿＿＿＿＿＿＿＿＿＿
＿＿＿＿□□□＿＿＿
＿□□□□□□＿＿■
＿□□□＿□□□■■
＿□□□□□□□□■
＿□□□□□□□□□
□□□□□□□＿□□
□□□□□□□□＿□
＿□□□□□□□□□
＿□□□□□□□□□
00:14:08(25458f):field(25457f)
＿＿＿＿＿＿＿＿＿＿
＿＿＿＿＿＿＿＿＿＿
＿＿＿＿＿＿＿＿＿＿
＿＿＿＿＿＿＿＿＿＿
＿＿＿＿＿＿＿＿＿＿
＿＿＿＿＿＿＿＿＿＿
＿＿＿＿＿＿＿＿＿＿
＿＿＿＿＿＿＿＿＿＿
＿＿＿＿＿＿＿＿＿＿
＿＿＿＿＿＿＿＿＿＿
＿＿＿＿＿＿＿■＿＿
＿＿＿＿□□□■＿＿
＿□□□□□□■■□
＿□□□＿□□□□□
＿□□□□□□□□□
＿□□□□□□□□□
□□□□□□□＿□□
□□□□□□□□＿□
＿□□□□□□□□□
＿□□□□□□□□□
00:14:09(25470f):field(25469f)
＿＿＿＿＿＿＿＿＿＿
＿＿＿＿＿＿＿＿＿＿
＿＿＿＿＿＿＿＿＿＿
＿＿＿＿＿＿＿＿＿＿
＿＿＿＿＿＿＿＿＿＿
＿＿＿＿＿＿＿＿＿＿
＿＿＿＿＿＿＿＿＿＿
＿＿＿＿＿＿＿＿＿＿
＿＿＿＿＿＿＿＿＿＿
＿＿＿＿＿■■＿＿＿
＿＿＿＿＿■■□＿＿
＿＿＿＿□□□□＿＿
＿□□□□□□□□□
＿□□□＿□□□□□
＿□□□□□□□□□
＿□□□□□□□□□
□□□□□□□＿□□
□□□□□□□□＿□
＿□□□□□□□□□
＿□□□□□□□□□
00:14:09(25482f):field(25481f)
＿＿＿＿＿＿＿＿＿＿
＿＿＿＿＿＿＿＿＿＿
＿＿＿＿＿＿＿＿＿＿
＿＿＿＿＿＿＿＿＿＿
＿＿＿＿＿＿＿＿＿＿
＿＿＿＿＿＿＿＿＿＿
＿＿＿＿＿＿＿＿＿＿
＿＿＿＿＿＿＿＿＿＿
＿＿＿＿＿＿＿＿＿＿
＿＿＿＿＿□□＿＿＿
＿＿＿■■□□□＿＿
＿＿■■□□□□＿＿
＿□□□□□□□□□
＿□□□＿□□□□□
＿□□□□□□□□□
＿□□□□□□□□□
□□□□□□□＿□□
□□□□□□□□＿□
＿□□□□□□□□□
＿□□□□□□□□□
00:14:09(25492f):field(25491f)
＿＿＿＿＿＿＿＿＿＿
＿＿＿＿＿＿＿＿＿＿
＿＿＿＿＿＿＿＿＿＿
＿＿＿＿＿＿＿＿＿＿
＿＿＿＿＿＿＿＿＿＿
＿＿＿＿＿＿＿＿＿＿
＿＿＿＿＿＿＿＿＿＿
＿＿＿＿＿■＿＿＿＿
＿＿＿＿■■＿＿＿＿
＿＿＿＿■□□＿＿＿
＿＿＿□□□□□＿＿
＿＿□□□□□□＿＿
＿□□□□□□□□□
＿□□□＿□□□□□
＿□□□□□□□□□
＿□□□□□□□□□
□□□□□□□＿□□
□□□□□□□□＿□
＿□□□□□□□□□
＿□□□□□□□□□
00:14:10(25506f):field(25505f)
＿＿＿＿＿＿＿＿＿＿
＿＿＿＿＿＿＿＿＿＿
＿＿＿＿＿＿＿＿＿＿
＿＿＿＿＿＿＿＿＿＿
＿＿＿＿＿＿＿＿＿＿
＿＿＿＿＿＿＿＿＿＿
＿＿＿■＿＿＿＿＿＿
＿＿＿■■□＿＿＿＿
＿＿＿■□□＿＿＿＿
＿＿＿＿□□□＿＿＿
＿＿＿□□□□□＿＿
＿＿□□□□□□＿＿
＿□□□□□□□□□
＿□□□＿□□□□□
＿□□□□□□□□□
＿□□□□□□□□□
□□□□□□□＿□□
□□□□□□□□＿□
＿□□□□□□□□□
＿□□□□□□□□□
00:14:11(25530f):field(25529f)
＿＿＿＿＿＿＿＿＿＿
＿＿＿＿＿＿＿＿＿＿
＿＿＿＿＿＿＿＿＿＿
＿＿＿＿＿＿＿＿＿＿
＿＿＿＿＿＿＿＿＿＿
＿＿＿＿＿＿＿＿＿＿
＿＿＿◆＿＿＿＿＿＿
＿＿＿◆◆◆＿＿＿＿
＿＿＿◆◆◆＿＿＿＿
＿＿＿■◆◆◆＿＿＿
＿＿＿□□□◆◆＿＿
＿＿◆□□□◆□＿＿
＿◆◆◆□□□◆□◆
＿□□□■□□□◆□
＿□□□□□□□◆□
■□□□□□□□□□
□□□□□□□■□□
□□□□□□□□■□
＿□□□□□□□□□
＿□□□□□□□□□
00:14:11(25545f):field(25544f)
＿＿＿＿＿＿＿＿＿＿
＿＿＿＿＿＿＿＿＿＿
＿＿＿＿＿＿＿＿＿＿
＿＿＿＿＿＿＿＿＿＿
＿＿＿＿＿＿＿＿＿＿
＿＿＿＿＿＿＿＿＿＿
＿＿＿＿＿＿＿＿＿＿
＿＿＿＿＿＿＿＿＿＿
＿＿＿＿＿＿＿＿＿＿
＿＿＿□＿＿＿＿＿＿
＿＿＿□□□＿＿＿＿
＿＿＿□□□＿◆＿＿
＿＿＿＿□□□＿◆■
＿◆◆□□□□□＿□
＿◆□□□□□□■□
□□□□◆□□□□□
□□□□□□□◆□□
□□□□□□□□◆□
＿□□□□□□□□□
＿□□□□□□□□□
00:14:11(25559f):field(25558f)
＿＿＿＿＿＿＿＿＿＿
＿＿＿＿＿＿＿＿＿＿
＿＿＿＿＿＿＿＿＿＿
＿＿＿＿＿＿＿＿＿＿
＿＿＿＿＿＿＿＿＿＿
＿＿＿＿＿＿＿＿＿＿
＿＿＿＿＿＿＿＿＿＿
＿＿＿＿＿＿＿＿＿＿
＿＿＿＿＿＿＿＿＿＿
＿＿＿□＿＿＿＿＿＿
＿＿＿□□□＿＿＿＿
＿＿＿□□□＿■＿＿
＿＿＿＿□□□■■□
＿＿＿□□□□□■□
＿＿□□□□□□□□
□□□□＿□□□□□
□□□□□□□＿□□
□□□□□□□□＿□
＿□□□□□□□□□
＿□□□□□□□□□
00:14:12(25573f):field(25572f)
＿＿＿＿＿＿＿＿＿＿
＿＿＿＿＿＿＿＿＿＿
＿＿＿＿＿＿＿＿＿＿
＿＿＿＿＿＿＿＿＿＿
＿＿＿＿＿＿＿＿＿＿
＿＿＿＿＿＿＿＿＿＿
＿＿＿＿＿＿＿＿＿＿
＿＿＿＿＿＿＿＿＿＿
＿＿＿＿＿＿＿＿＿＿
＿＿＿□＿＿＿＿＿＿
＿＿＿□□□＿＿■■
＿＿＿□□□＿□■■
＿＿＿＿□□□□□□
＿＿＿□□□□□□□
＿＿□□□□□□□□
□□□□＿□□□□□
□□□□□□□＿□□
□□□□□□□□＿□
＿□□□□□□□□□
＿□□□□□□□□□
00:14:12(25586f):field(25585f)
＿＿＿＿＿＿＿＿＿＿
＿＿＿＿＿＿＿＿＿＿
＿＿＿＿＿＿＿＿＿＿
＿＿＿＿＿＿＿＿＿＿
＿＿＿＿＿＿＿＿＿＿
＿＿＿＿＿＿＿＿＿＿
＿＿＿＿＿＿＿＿＿＿
＿＿＿＿＿＿＿＿＿＿
＿＿＿＿＿＿＿＿＿＿
＿＿＿□＿＿＿■＿＿
＿＿＿□□□■■□□
＿＿＿□□□■□□□
＿＿＿＿□□□□□□
＿＿＿□□□□□□□
＿＿□□□□□□□□
□□□□＿□□□□□
□□□□□□□＿□□
□□□□□□□□＿□
＿□□□□□□□□□
＿□□□□□□□□□
00:14:13(25598f):field(25597f)
＿＿＿＿＿＿＿＿＿＿
＿＿＿＿＿＿＿＿＿＿
＿＿＿＿＿＿＿＿＿＿
＿＿＿＿＿＿＿＿＿＿
＿＿＿＿＿＿＿＿＿＿
＿＿＿＿＿＿＿＿＿＿
＿＿＿＿＿＿＿＿＿＿
＿＿＿＿＿＿＿＿＿＿
＿＿＿＿＿■＿＿＿＿
＿＿＿□■■■□＿＿
＿＿＿□□□□□□□
＿＿＿□□□□□□□
＿＿＿＿□□□□□□
＿＿＿□□□□□□□
＿＿□□□□□□□□
□□□□＿□□□□□
□□□□□□□＿□□
□□□□□□□□＿□
＿□□□□□□□□□
＿□□□□□□□□□
00:14:13(25613f):field(25612f)
＿＿＿＿＿＿＿＿＿＿
＿＿＿＿＿＿＿＿＿＿
＿＿＿＿＿＿＿＿＿＿
＿＿＿＿＿＿＿＿＿＿
＿＿＿＿＿＿＿＿＿＿
＿＿＿＿＿＿＿＿＿＿
＿＿＿＿＿＿＿＿＿＿
＿＿＿＿＿＿＿＿＿■
＿＿＿＿＿□＿＿＿■
＿＿＿□□□□□■■
＿＿＿□□□□□□□
＿＿＿□□□□□□□
＿＿＿＿□□□□□□
＿＿＿□□□□□□□
＿＿□□□□□□□□
□□□□＿□□□□□
□□□□□□□＿□□
□□□□□□□□＿□
＿□□□□□□□□□
＿□□□□□□□□□
00:14:14(25627f):field(25626f)
＿＿＿＿＿＿＿＿＿＿
＿＿＿＿＿＿＿＿＿＿
＿＿＿＿＿＿＿＿＿＿
＿＿＿＿＿＿＿＿＿＿
＿＿＿＿＿＿＿＿＿＿
＿＿＿＿＿＿＿＿■＿
＿＿＿＿＿＿＿＿■＿
＿＿＿＿＿＿＿＿■□
＿＿＿＿＿□＿＿■□
＿＿＿□□□□□□□
＿＿＿□□□□□□□
＿＿＿□□□□□□□
＿＿＿＿□□□□□□
＿＿＿□□□□□□□
＿＿□□□□□□□□
□□□□＿□□□□□
□□□□□□□＿□□
□□□□□□□□＿□
＿□□□□□□□□□
＿□□□□□□□□□
00:14:14(25644f):field(25643f)
＿＿＿＿＿＿＿＿＿＿
＿＿＿＿＿＿＿＿＿＿
＿＿＿＿＿＿＿＿＿＿
＿＿＿＿＿＿＿＿＿＿
＿＿＿＿＿＿＿＿＿＿
＿＿＿＿＿＿＿＿□＿
＿＿＿＿＿＿■＿□＿
＿＿＿＿＿＿■＿□□
＿＿＿＿＿□■■□□
＿＿＿□□□□□□□
＿＿＿□□□□□□□
＿＿＿□□□□□□□
＿＿＿＿□□□□□□
＿＿＿□□□□□□□
＿＿□□□□□□□□
□□□□＿□□□□□
□□□□□□□＿□□
□□□□□□□□＿□
＿□□□□□□□□□
＿□□□□□□□□□
00:14:15(25655f):field(25654f)
＿＿＿＿＿＿＿＿＿＿
＿＿＿＿＿＿＿＿＿＿
＿＿＿＿＿＿＿＿＿＿
＿＿＿＿＿＿＿＿＿＿
＿＿＿＿＿＿＿＿＿＿
＿＿＿＿＿＿＿＿◆＿
＿＿＿＿＿＿◆＿□＿
＿＿＿＿＿＿□＿□◆
＿＿＿＿＿◆□◆□□
＿＿＿◆◆□□□□□
＿＿＿□□□□□□□
＿＿＿□□□□□□□
＿＿＿■□□□□□□
＿＿＿□□□□□□□
＿■□□□□□□□□
□□□□＿□□□□□
□□□□□□□＿□□
□□□□□□□□＿□
＿□□□□□□□□□
＿□□□□□□□□□
00:14:15(25672f):field(25671f)
＿＿＿＿＿＿＿＿＿＿
＿＿＿＿＿＿＿＿＿＿
＿＿＿＿＿＿＿＿＿＿
＿＿＿＿＿＿＿＿＿＿
＿＿＿＿＿＿＿＿＿＿
＿＿＿＿＿＿＿＿＿＿
＿＿＿＿＿＿＿＿◆＿
＿＿＿＿＿＿◆＿□＿
＿＿＿＿＿＿□＿□◆
＿＿＿＿＿◆□◆□□
＿＿＿◆◆□□□□□
＿＿＿□□□□□□□
＿＿＿□□□□□□□
＿■＿□□□□□□□
■□◆□□□□□□□
□□□□＿□□□□□
□□□□□□□＿□□
□□□□□□□□＿□
＿□□□□□□□□□
＿□□□□□□□□□
00:14:16(25686f):field(25685f)
＿＿＿＿＿＿＿＿＿＿
＿＿＿＿＿＿＿＿＿＿
＿＿＿＿＿＿＿＿＿＿
＿＿＿＿＿＿＿＿＿＿
＿＿＿＿＿＿＿＿＿＿
＿＿＿＿＿＿＿＿＿＿
＿＿＿＿＿＿＿＿＿＿
＿＿＿＿＿＿＿＿◆＿
＿＿＿＿＿＿◆＿□＿
＿＿＿＿＿＿□＿□◆
＿＿＿＿＿◆□◆□□
＿■＿◆◆□□□□□
＿＿■□□□□□□□
■□■□□□□□□□
□□＿□□□□□□□
□□□□＿□□□□□
□□□□□□□＿□□
□□□□□□□□＿□
＿□□□□□□□□□
＿□□□□□□□□□
00:14:16(25700f):field(25699f)
＿＿＿＿＿＿＿＿＿＿
＿＿＿＿＿＿＿＿＿＿
＿＿＿＿＿＿＿＿＿＿
＿＿＿＿＿＿＿＿＿＿
＿＿＿＿＿＿＿＿＿＿
＿＿＿＿＿＿＿＿＿＿
＿＿＿＿＿＿＿＿＿＿
＿＿＿＿＿＿＿＿＿＿
＿＿＿＿＿＿＿＿□＿
＿＿＿＿＿＿□＿□＿
＿＿＿■■＿□＿□□
＿◆＿■■□□□□□
＿＿◆□□□□□□□
◆□□□□□□□□□
□□＿◆□□□□□□
□□□□＿□□□□□
□□□□□□□＿□□
□□□□□□□□＿□
＿□□□□□□□□□
＿□□□□□□□□□
00:14:17(25718f):field(25717f)
＿＿＿＿＿＿＿＿＿＿
＿＿＿＿＿＿＿＿＿＿
＿＿＿＿＿＿＿＿＿＿
＿＿＿＿＿＿＿＿＿＿
＿＿＿＿＿＿＿＿＿＿
＿＿＿＿＿＿＿＿＿＿
＿＿＿＿＿＿＿＿＿＿
＿＿＿＿＿＿＿＿＿＿
＿＿＿＿＿＿＿＿◆＿
＿＿＿＿＿＿◆＿□＿
＿＿＿◆◆＿□＿□◆
＿＿＿□□◆□◆□□
■＿■□□□□□□□
■□◆□□□□□□□
□□＿＿□□□□□□
□□□□＿□□□□□
□□□□□□□＿□□
□□□□□□□□＿□
＿□□□□□□□□□
＿□□□□□□□□□
00:14:17(25738f):field(25737f)
＿＿＿＿＿＿＿＿＿＿
＿＿＿＿＿＿＿＿＿＿
＿＿＿＿＿＿＿＿＿＿
＿＿＿＿＿＿＿＿＿＿
＿＿＿＿＿＿＿＿＿＿
＿＿＿＿＿＿＿＿＿＿
＿＿＿＿＿＿＿＿＿＿
＿＿＿＿＿＿＿＿＿＿
＿＿＿＿＿＿＿＿＿＿
＿＿＿＿＿＿＿＿◆＿
＿＿＿＿＿＿◆＿◆＿
＿■＿□◆＿◆＿□□
◆＿□◆◆□□◆□◆
□□■□□□□□□□
□□■＿□□□□□□
□□□□■□□□□□
□□□□□□□＿□□
□□□□□□□□＿□
＿□□□□□□□□□
＿□□□□□□□□□
00:14:18(25748f):field(25747f)
＿＿＿＿＿＿＿＿＿＿
＿＿＿＿＿＿＿＿＿＿
＿＿＿＿＿＿＿＿＿＿
＿＿＿＿＿＿＿＿＿＿
＿＿＿＿＿＿＿＿＿＿
＿＿＿＿＿＿＿＿＿＿
＿＿＿＿＿＿＿＿＿＿
＿＿＿＿＿＿＿＿＿＿
＿＿＿＿＿＿＿＿＿＿
＿＿＿＿＿＿＿＿＿＿
＿＿＿＿＿■＿＿＿＿
＿◆＿◆＿■＿＿□◆
＿＿◆＿＿□□＿□＿
◆□◆□□□□◆□□
□□◆＿□□□□□□
□□□□◆□□□□□
□□□□□□□＿□□
□□□□□□□□＿□
＿□□□□□□□□□
＿□□□□□□□□□
00:14:18(25767f):field(25766f)
＿＿＿＿＿＿＿＿＿＿
＿＿＿＿＿＿＿＿＿＿
＿＿＿＿＿＿＿＿＿＿
＿＿＿＿＿＿＿＿＿＿
＿＿＿＿＿＿＿＿＿＿
＿＿＿＿＿＿＿＿＿＿
＿＿＿＿＿＿＿＿＿＿
＿＿＿＿＿＿＿＿＿＿
＿＿＿＿＿＿＿＿＿＿
＿＿＿＿＿＿＿＿＿＿
＿＿＿＿＿□＿＿＿＿
＿■＿＿＿□＿＿□＿
■■＿＿＿□□＿□＿
■□＿□□□□＿□□
□□＿＿□□□□□□
□□□□＿□□□□□
□□□□□□□＿□□
□□□□□□□□＿□
＿□□□□□□□□□
＿□□□□□□□□□
00:14:19(25778f):field(25777f)
＿＿＿＿＿＿＿＿＿＿
＿＿＿＿＿＿＿＿＿＿
＿＿＿＿＿＿＿＿＿＿
＿＿＿＿＿＿＿＿＿＿
＿＿＿＿＿＿＿＿＿＿
＿＿＿＿＿＿＿＿＿＿
＿＿＿＿＿＿＿＿＿＿
＿＿＿＿＿＿＿＿＿＿
＿＿＿＿＿＿＿＿＿＿
＿＿＿＿＿＿＿＿＿＿
＿＿＿＿＿□＿＿＿＿
＿□＿■■□＿＿□＿
□□＿■■□□＿□＿
□□＿□□□□＿□□
□□＿＿□□□□□□
□□□□＿□□□□□
□□□□□□□＿□□
□□□□□□□□＿□
＿□□□□□□□□□
＿□□□□□□□□□
00:14:19(25789f):field(25788f)
＿＿＿＿＿＿＿＿＿＿
＿＿＿＿＿＿＿＿＿＿
＿＿＿＿＿＿＿＿＿＿
＿＿＿＿＿＿＿＿＿＿
＿＿＿＿＿＿＿＿＿＿
＿＿＿＿＿＿＿＿＿＿
＿＿＿＿＿＿＿＿＿＿
＿＿＿＿＿＿＿＿＿＿
＿＿＿＿■＿＿＿＿＿
＿＿＿＿■■＿＿＿＿
＿＿＿＿■□＿＿＿＿
＿□＿□□□＿＿□＿
□□＿□□□□＿□＿
□□＿□□□□＿□□
□□＿＿□□□□□□
□□□□＿□□□□□
□□□□□□□＿□□
□□□□□□□□＿□
＿□□□□□□□□□
＿□□□□□□□□□
00:14:20(25810f):field(25809f)
＿＿＿＿＿＿＿＿＿＿
＿＿＿＿＿＿＿＿＿＿
＿＿＿＿＿＿＿＿＿＿
＿＿＿＿＿＿＿＿＿＿
＿＿＿＿＿＿＿＿＿＿
＿＿＿＿＿＿＿＿＿＿
＿＿＿＿＿＿＿＿＿＿
＿＿＿＿＿＿＿＿＿＿
＿＿＿＿□＿＿＿＿＿
＿＿＿＿□□＿＿＿＿
＿＿＿＿□□＿■■＿
＿□＿□□□＿■□＿
□□＿□□□□■□＿
□□＿□□□□＿□□
□□＿＿□□□□□□
□□□□＿□□□□□
□□□□□□□＿□□
□□□□□□□□＿□
＿□□□□□□□□□
＿□□□□□□□□□
00:14:20(25826f):field(25825f)
＿＿＿＿＿＿＿＿＿＿
＿＿＿＿＿＿＿＿＿＿
＿＿＿＿＿＿＿＿＿＿
＿＿＿＿＿＿＿＿＿＿
＿＿＿＿＿＿＿＿＿＿
＿＿＿＿＿＿＿＿＿＿
＿＿＿＿＿＿＿＿＿＿
＿＿＿＿＿＿＿＿＿＿
＿＿＿＿□＿＿＿＿＿
＿＿＿＿□□＿＿＿＿
＿■■■□□＿□□＿
＿□■□□□＿□□＿
□□＿□□□□□□＿
□□＿□□□□＿□□
□□＿＿□□□□□□
□□□□＿□□□□□
□□□□□□□＿□□
□□□□□□□□＿□
＿□□□□□□□□□
＿□□□□□□□□□
00:14:21(25838f):field(25837f)
＿＿＿＿＿＿＿＿＿＿
＿＿＿＿＿＿＿＿＿＿
＿＿＿＿＿＿＿＿＿＿
＿＿＿＿＿＿＿＿＿＿
＿＿＿＿＿＿＿＿＿＿
＿＿＿＿＿＿＿＿＿＿
＿＿＿＿■＿＿＿＿＿
＿＿＿＿■■＿＿＿＿
＿＿＿＿□■＿＿＿＿
＿＿＿＿□□＿＿＿＿
＿□□□□□＿□□＿
＿□□□□□＿□□＿
□□＿□□□□□□＿
□□＿□□□□＿□□
□□＿＿□□□□□□
□□□□＿□□□□□
□□□□□□□＿□□
□□□□□□□□＿□
＿□□□□□□□□□
＿□□□□□□□□□
00:14:21(25855f):field(25854f)
＿＿＿＿＿＿＿＿＿＿
＿＿＿＿＿＿＿＿＿＿
＿＿＿＿＿＿＿＿＿＿
＿＿＿＿＿＿＿＿＿＿
＿＿＿＿＿＿＿＿＿＿
＿＿＿＿＿＿＿＿＿＿
＿＿＿＿□＿＿＿＿＿
＿＿＿＿□□＿＿＿＿
＿■＿＿□□＿＿＿＿
■■＿＿□□＿＿＿＿
■□□□□□＿□□＿
＿□□□□□＿□□＿
□□＿□□□□□□＿
□□＿□□□□＿□□
□□＿＿□□□□□□
□□□□＿□□□□□
□□□□□□□＿□□
□□□□□□□□＿□
＿□□□□□□□□□
＿□□□□□□□□□
00:14:22(25867f):field(25866f)
＿＿＿＿＿＿＿＿＿＿
＿＿＿＿＿＿＿＿＿＿
＿＿＿＿＿＿＿＿＿＿
＿＿＿＿＿＿＿＿＿＿
＿＿＿＿＿＿＿＿＿＿
＿＿＿＿＿＿＿＿＿＿
＿＿＿＿□＿＿＿＿＿
＿＿＿＿□□＿＿＿＿
＿□＿＿□□■＿＿＿
□□＿＿□□■＿＿＿
□□□□□□■□□＿
＿□□□□□■□□＿
□□＿□□□□□□＿
□□＿□□□□＿□□
□□＿＿□□□□□□
□□□□＿□□□□□
□□□□□□□＿□□
□□□□□□□□＿□
＿□□□□□□□□□
＿□□□□□□□□□
00:14:22(25879f):field(25878f)
＿＿＿＿＿＿＿＿＿＿
＿＿＿＿＿＿＿＿＿＿
＿＿＿＿＿＿＿＿＿＿
＿＿＿＿＿＿＿＿＿＿
＿＿＿＿＿＿＿＿＿＿
＿＿＿＿＿＿＿＿＿＿
＿＿＿＿□＿＿＿＿＿
＿＿＿■□□＿＿＿＿
＿□＿■□□□＿＿＿
□□■■□□□＿＿＿
□□□□□□□□□＿
＿□□□□□□□□＿
□□＿□□□□□□＿
□□＿□□□□＿□□
□□＿＿□□□□□□
□□□□＿□□□□□
□□□□□□□＿□□
□□□□□□□□＿□
＿□□□□□□□□□
＿□□□□□□□□□
00:14:23(25894f):field(25893f)
＿＿＿＿＿＿＿＿＿＿
＿＿＿＿＿＿＿＿＿＿
＿＿＿＿＿＿＿＿＿＿
＿＿＿＿＿＿＿＿＿＿
＿＿＿＿＿＿＿＿＿＿
＿＿＿＿＿＿＿＿＿＿
＿＿＿＿□＿＿＿＿＿
＿＿＿□□□＿＿＿＿
＿□＿□□□□■■＿
□□□□□□□■■＿
□□□□□□□□□＿
＿□□□□□□□□＿
□□＿□□□□□□＿
□□＿□□□□＿□□
□□＿＿□□□□□□
□□□□＿□□□□□
□□□□□□□＿□□
□□□□□□□□＿□
＿□□□□□□□□□
＿□□□□□□□□□
00:14:23(25906f):field(25905f)
＿＿＿＿＿＿＿＿＿＿
＿＿＿＿＿＿＿＿＿＿
＿＿＿＿＿＿＿＿＿＿
＿＿＿＿＿＿＿＿＿＿
＿＿＿＿＿＿＿＿＿＿
＿＿＿＿＿＿＿＿＿＿
■＿＿＿□＿＿＿＿＿
■■＿□□□＿＿＿＿
■□＿□□□□□□＿
□□□□□□□□□＿
□□□□□□□□□＿
＿□□□□□□□□＿
□□＿□□□□□□＿
□□＿□□□□＿□□
□□＿＿□□□□□□
□□□□＿□□□□□
□□□□□□□＿□□
□□□□□□□□＿□
＿□□□□□□□□□
＿□□□□□□□□□
00:14:23(25918f):field(25917f)
＿＿＿＿＿＿＿＿＿＿
＿＿＿＿＿＿＿＿＿＿
＿＿＿＿＿＿＿＿＿＿
＿＿＿＿＿＿＿＿＿＿
＿＿＿＿＿＿＿＿＿＿
＿＿＿＿＿■＿＿＿＿
□＿＿＿□■■＿＿＿
□□＿□□□■＿＿＿
□□＿□□□□□□＿
□□□□□□□□□＿
□□□□□□□□□＿
＿□□□□□□□□＿
□□＿□□□□□□＿
□□＿□□□□＿□□
□□＿＿□□□□□□
□□□□＿□□□□□
□□□□□□□＿□□
□□□□□□□□＿□
＿□□□□□□□□□
＿□□□□□□□□□
00:14:24(25935f):field(25934f)
＿＿＿＿＿＿＿＿＿＿
＿＿＿＿＿＿＿＿＿＿
＿＿＿＿＿＿＿＿＿＿
＿＿＿＿＿＿＿＿＿＿
＿＿＿＿＿＿＿＿＿＿
＿＿＿＿＿◆＿＿＿＿
◆＿＿＿◆◆◆＿＿＿
◆◆＿◆◆□◆＿＿＿
□◆＿□□□□◆◆＿
□□□□□□□□◆＿
□□◆□□□□□□■
＿□□□□□□□□■
□□■□□□□□□■
□□＿□□□□＿□□
□□＿＿□□□□□□
□□□□＿□□□□□
□□□□□□□＿□□
□□□□□□□□＿□
＿□□□□□□□□□
＿□□□□□□□□□
00:14:25(25951f):field(25950f)
＿＿＿＿＿＿＿＿＿＿
＿＿＿＿＿＿＿＿＿＿
＿＿＿＿＿＿＿＿＿＿
＿＿＿＿＿＿＿＿＿＿
＿＿＿＿＿＿＿＿＿＿
＿＿＿＿＿＿＿＿＿＿
■＿＿＿＿＿＿＿＿＿
■■＿＿＿□＿＿＿＿
□■＿◆□□□＿＿＿
□□◆□□□□◆＿＿
□□＿□□□□□□◆
＿□□□□□□□□□
□□◆□□□□□□□
□□＿□□□□＿□□
□□＿＿□□□□□□
□□□□＿□□□□□
□□□□□□□＿□□
□□□□□□□□＿□
＿□□□□□□□□□
＿□□□□□□□□□
00:14:25(25962f):field(25961f)
＿＿＿＿＿＿＿＿＿＿
＿＿＿＿＿＿＿＿＿＿
＿＿＿＿＿＿＿＿＿＿
＿＿＿＿＿＿＿＿＿＿
＿＿＿＿＿＿＿＿＿＿
＿＿＿＿＿＿＿＿＿＿
□＿＿＿＿＿＿＿＿＿
□□＿＿＿□＿＿＿＿
□□■■□□□＿＿＿
□□■□□□□＿＿＿
□□■□□□□□□＿
＿□□□□□□□□□
□□＿□□□□□□□
□□＿□□□□＿□□
□□＿＿□□□□□□
□□□□＿□□□□□
□□□□□□□＿□□
□□□□□□□□＿□
＿□□□□□□□□□
＿□□□□□□□□□
00:14:25(25973f):field(25972f)
＿＿＿＿＿＿＿＿＿＿
＿＿＿＿＿＿＿＿＿＿
＿＿＿＿＿＿＿＿＿＿
＿＿＿＿＿＿＿＿＿＿
＿＿＿＿＿＿＿＿＿＿
＿＿＿＿＿＿＿＿＿＿
□＿＿＿■＿＿＿＿＿
□□■■■□＿＿＿＿
□□□□□□□＿＿＿
□□□□□□□＿＿＿
□□□□□□□□□＿
＿□□□□□□□□□
□□＿□□□□□□□
□□＿□□□□＿□□
□□＿＿□□□□□□
□□□□＿□□□□□
□□□□□□□＿□□
□□□□□□□□＿□
＿□□□□□□□□□
＿□□□□□□□□□
00:14:26(25990f):field(25989f)
＿＿＿＿＿＿＿＿＿＿
＿＿＿＿＿＿＿＿＿＿
＿＿＿＿＿＿＿＿＿＿
＿＿＿＿＿＿＿＿＿＿
＿＿＿＿■■＿＿＿＿
＿＿＿＿■■＿＿＿＿
□＿＿＿□■■＿＿＿
□□□□□□■■＿＿
□□□□□□□＿＿＿
□□□□□□□＿＿＿
□□□□□□□□□＿
＿□□□□□□□□□
□□＿□□□□□□□
□□＿□□□□＿□□
□□＿＿□□□□□□
□□□□＿□□□□□
□□□□□□□＿□□
□□□□□□□□＿□
＿□□□□□□□□□
＿□□□□□□□□□
00:14:26(26005f):field(26004f)
＿＿＿＿＿＿＿＿＿＿
＿＿＿＿＿＿＿＿＿＿
＿＿＿＿＿＿＿＿＿＿
＿＿＿＿＿＿＿＿＿＿
＿＿＿＿◆◆＿＿＿＿
＿＿＿＿◆◆＿＿＿＿
□＿＿＿□□□＿＿＿
□□□□□□□□＿＿
□□□□□□□■■＿
□□□□□□□■■＿
□□□□□□□□□＿
＿□□□□□□□□□
□□＿□□□□□□□
□□＿□□□□＿□□
□□＿＿□□□□□□
□□□□＿□□□□□
□□□□□□□＿□□
□□□□□□□□＿□
＿□□□□□□□□□
＿□□□□□□□□□
00:14:27(26018f):field(26017f)
＿＿＿＿＿＿＿＿＿＿
＿＿＿＿＿＿＿＿＿＿
＿＿＿＿＿＿＿＿＿＿
＿＿＿＿＿＿＿＿＿＿
＿＿＿＿＿＿＿＿＿＿
＿＿＿■■＿＿＿＿＿
□＿■■□□□＿＿＿
□□□□□□□□＿＿
□□□□□□□□□＿
□□□□□□□□□＿
□□□□□□□□□＿
＿□□□□□□□□□
□□＿□□□□□□□
□□＿□□□□＿□□
□□＿＿□□□□□□
□□□□＿□□□□□
□□□□□□□＿□□
□□□□□□□□＿□
＿□□□□□□□□□
＿□□□□□□□□□
00:14:27(26033f):field(26032f)
＿＿＿＿＿＿＿＿＿＿
＿＿＿＿＿＿＿＿＿＿
＿＿＿＿＿＿＿＿＿＿
＿＿＿＿＿＿＿＿＿＿
＿＿＿■■■＿＿＿＿
＿＿＿□□■＿＿＿＿
□＿□□□□□＿＿＿
□□□□□□□□＿＿
□□□□□□□□□＿
□□□□□□□□□＿
□□□□□□□□□＿
＿□□□□□□□□□
□□＿□□□□□□□
□□＿□□□□＿□□
□□＿＿□□□□□□
□□□□＿□□□□□
□□□□□□□＿□□
□□□□□□□□＿□
＿□□□□□□□□□
＿□□□□□□□□□
00:14:28(26045f):field(26044f)
＿＿＿＿＿＿＿＿＿＿
＿＿＿＿＿＿＿＿＿＿
＿＿＿＿＿＿＿＿＿＿
＿＿＿＿＿＿＿＿＿＿
＿＿＿◆◆◆＿＿＿＿
＿＿＿◆◆◆＿＿＿＿
◆＿◆◆◆◆◆＿＿＿
◆□◆□□□◆□■■
□◆◆□□□□◆□＿
□◆□□□□□□□■
□□□□□□□□□■
＿□□□□□□□□□
□□＿□□□□□□□
□□＿□□□□＿□□
□□＿＿□□□□□□
□□□□＿□□□□□
□□□□□□□＿□□
□□□□□□□□＿□
＿□□□□□□□□□
＿□□□□□□□□□
00:14:28(26058f):field(26057f)
＿＿＿＿＿＿＿＿＿＿
＿＿＿＿＿＿＿＿＿＿
＿＿＿＿＿＿＿＿＿＿
＿＿＿＿＿＿＿＿＿＿
＿＿＿＿＿＿＿＿＿＿
＿＿＿＿＿＿＿＿＿＿
＿＿＿＿＿＿＿＿＿＿
＿◆＿◆◆◆＿◆◆◆
◆＿＿□□□◆＿◆＿
◆＿◆□□□◆◆◆□
□□□□□□□□□□
＿□□□□□□□□□
□□■□□□□□□□
□□＿□□□□＿□□
□□＿＿□□□□□□
□□□□＿□□□□□
□□□□□□□＿□□
□□□□□□□□＿□
＿□□□□□□□□□
＿□□□□□□□□□
00:14:29(26070f):field(26069f)
＿＿＿＿＿＿＿＿＿＿
＿＿＿＿＿＿＿＿＿＿
＿＿＿＿＿＿＿＿＿＿
＿＿＿＿＿＿＿＿＿＿
＿＿＿＿＿＿＿＿＿＿
＿＿＿＿＿＿＿＿＿＿
＿＿＿＿＿＿＿＿＿＿
＿＿＿＿＿＿＿＿＿＿
＿＿＿□□□＿＿＿＿
＿＿＿□□□■■■□
□◆□□□□□□□□
＿□□□□□□□□□
□□◆□□□□□□□
□□＿□□□□＿□□
□□＿＿□□□□□□
□□□□＿□□□□□
□□□□□□□＿□□
□□□□□□□□＿□
＿□□□□□□□□□
＿□□□□□□□□□
00:14:29(26084f):field(26083f)
＿＿＿＿＿＿＿＿＿＿
＿＿＿＿＿＿＿＿＿＿
＿＿＿＿＿＿＿＿＿＿
＿＿＿＿＿＿＿＿＿＿
＿＿＿＿＿＿＿＿＿＿
＿＿＿＿＿＿＿＿＿＿
＿＿＿＿＿＿＿＿＿＿
＿＿＿＿＿＿＿＿＿■
＿＿＿□□□＿■■■
＿＿＿□□□□□□□
□＿□□□□□□□□
＿□□□□□□□□□
□□＿□□□□□□□
□□＿□□□□＿□□
□□＿＿□□□□□□
□□□□＿□□□□□
□□□□□□□＿□□
□□□□□□□□＿□
＿□□□□□□□□□
＿□□□□□□□□□
00:14:29(26093f):field(26092f)
＿＿＿＿＿＿＿＿＿＿
＿＿＿＿＿＿＿＿＿＿
＿＿＿＿＿＿＿＿＿＿
＿＿＿＿＿＿＿＿＿＿
＿＿＿＿＿＿＿＿＿＿
＿＿＿＿＿＿＿＿＿＿
＿＿＿＿■■＿＿＿＿
＿＿＿＿■■＿＿＿□
＿＿＿□□□＿□□□
＿＿＿□□□□□□□
□＿□□□□□□□□
＿□□□□□□□□□
□□＿□□□□□□□
□□＿□□□□＿□□
□□＿＿□□□□□□
□□□□＿□□□□□
□□□□□□□＿□□
□□□□□□□□＿□
＿□□□□□□□□□
＿□□□□□□□□□
00:14:30(26106f):field(26105f)
＿＿＿＿＿＿＿＿＿＿
＿＿＿＿＿＿＿＿＿＿
＿＿＿＿＿＿＿＿＿＿
＿＿＿＿＿＿＿＿＿＿
＿＿＿＿＿＿＿＿＿＿
＿＿＿＿＿＿■＿＿＿
＿＿＿＿□□■＿＿＿
＿＿＿＿□□■＿＿□
＿＿＿□□□■□□□
＿＿＿□□□□□□□
□＿□□□□□□□□
＿□□□□□□□□□
□□＿□□□□□□□
□□＿□□□□＿□□
□□＿＿□□□□□□
□□□□＿□□□□□
□□□□□□□＿□□
□□□□□□□□＿□
＿□□□□□□□□□
＿□□□□□□□□□
00:14:30(26119f):field(26118f)
＿＿＿＿＿＿＿＿＿＿
＿＿＿＿＿＿＿＿＿＿
＿＿＿＿＿＿＿＿＿＿
＿＿＿＿＿＿＿＿＿＿
＿＿＿＿＿＿＿＿＿＿
＿＿＿＿＿＿□＿＿＿
＿＿＿＿□□□＿＿＿
＿＿■■□□□＿＿□
＿＿■□□□□□□□
＿＿■□□□□□□□
□＿□□□□□□□□
＿□□□□□□□□□
□□＿□□□□□□□
□□＿□□□□＿□□
□□＿＿□□□□□□
□□□□＿□□□□□
□□□□□□□＿□□
□□□□□□□□＿□
＿□□□□□□□□□
＿□□□□□□□□□
00:14:31(26131f):field(26130f)
＿＿＿＿＿＿＿＿＿＿
＿＿＿＿＿＿＿＿＿＿
＿＿＿＿＿＿＿＿＿＿
＿＿＿＿＿＿＿＿＿＿
＿＿＿＿＿＿＿＿＿＿
＿＿＿＿＿＿◆＿＿＿
＿＿＿＿◆◆◆＿＿＿
＿＿◆◆◆◆□＿＿◆
＿＿◆◆□□□◆◆◆
＿■□□□□□□□□
□■□□□□□□□□
■□□□□□□□□□
□□＿□□□□□□□
□□＿□□□□＿□□
□□＿＿□□□□□□
□□□□＿□□□□□
□□□□□□□＿□□
□□□□□□□□＿□
＿□□□□□□□□□
＿□□□□□□□□□
00:14:31(26143f):field(26142f)
＿＿＿＿＿＿＿＿＿＿
＿＿＿＿＿＿＿＿＿＿
＿＿＿＿＿＿＿＿＿＿
＿＿＿＿＿＿＿＿＿＿
＿＿＿＿＿＿＿＿＿＿
＿＿＿＿＿＿＿＿＿＿
＿＿＿＿＿■■＿＿＿
＿＿＿＿■■□＿＿＿
＿＿＿＿□□□＿＿＿
＿◆□□□□□◆◆□
◆□□□□□□□□□
◆□□□□□□□□□
□□＿□□□□□□□
□□＿□□□□＿□□
□□＿＿□□□□□□
□□□□＿□□□□□
□□□□□□□＿□□
□□□□□□□□＿□
＿□□□□□□□□□
＿□□□□□□□□□
00:14:31(26155f):field(26154f)
＿＿＿＿＿＿＿＿＿＿
＿＿＿＿＿＿＿＿＿＿
＿＿＿＿＿＿＿＿＿＿
＿＿＿＿＿＿＿＿＿＿
＿＿＿＿＿＿＿＿＿＿
＿＿＿＿＿＿＿＿＿＿
＿＿＿＿＿□□＿＿＿
＿＿＿＿□□□＿＿＿
＿＿＿＿□□□■■＿
＿＿□□□□□■■□
＿□□□□□□□□□
＿□□□□□□□□□
□□＿□□□□□□□
□□＿□□□□＿□□
□□＿＿□□□□□□
□□□□＿□□□□□
□□□□□□□＿□□
□□□□□□□□＿□
＿□□□□□□□□□
＿□□□□□□□□□
00:14:32(26168f):field(26167f)
＿＿＿＿＿＿＿＿＿＿
＿＿＿＿＿＿＿＿＿＿
＿＿＿＿＿＿＿＿＿＿
＿＿＿＿＿＿＿＿＿＿
＿＿＿＿＿＿＿＿＿＿
＿＿＿＿■■■＿＿＿
＿＿＿＿■□□＿＿＿
＿＿＿＿□□□＿＿＿
＿＿＿＿□□□□□＿
＿＿□□□□□□□□
＿□□□□□□□□□
＿□□□□□□□□□
□□＿□□□□□□□
□□＿□□□□＿□□
□□＿＿□□□□□□
□□□□＿□□□□□
□□□□□□□＿□□
□□□□□□□□＿□
＿□□□□□□□□□
＿□□□□□□□□□
00:14:32(26180f):field(26179f)
＿＿＿＿＿＿＿＿＿＿
＿＿＿＿＿＿＿＿＿＿
＿＿＿＿＿＿＿＿＿＿
＿＿＿＿＿＿＿＿＿＿
＿＿＿＿＿＿＿＿＿＿
＿＿＿＿□□□＿＿＿
＿＿＿＿□□□＿＿＿
＿＿＿＿□□□■■■
＿＿＿＿□□□□□■
＿＿□□□□□□□□
＿□□□□□□□□□
＿□□□□□□□□□
□□＿□□□□□□□
□□＿□□□□＿□□
□□＿＿□□□□□□
□□□□＿□□□□□
□□□□□□□＿□□
□□□□□□□□＿□
＿□□□□□□□□□
＿□□□□□□□□□
00:14:33(26194f):field(26193f)
＿＿＿＿＿＿＿＿＿＿
＿＿＿＿＿＿＿＿＿＿
＿＿＿＿＿＿＿＿＿＿
＿＿＿＿＿＿＿＿＿＿
＿＿＿＿＿＿＿＿＿＿
＿＿＿＿◆◆◆＿＿＿
＿＿＿＿◆◆◆＿＿＿
＿＿＿＿□□□◆◆◆
＿＿＿＿□□□◆◆◆
＿■□□□□□□□□
■□□◆□□□□□□
■□□□□□□□□□
□□■□□□□□□□
□□＿□□□□＿□□
□□＿＿□□□□□□
□□□□＿□□□□□
□□□□□□□＿□□
□□□□□□□□＿□
＿□□□□□□□□□
＿□□□□□□□□□
00:14:33(26206f):field(26205f)
＿＿＿＿＿＿＿＿＿＿
＿＿＿＿＿＿＿＿＿＿
＿＿＿＿＿＿＿＿＿＿
＿＿＿＿＿＿＿＿＿＿
＿＿＿＿＿＿＿＿＿＿
＿＿＿＿＿＿＿＿＿＿
＿＿＿＿＿＿＿＿＿＿
＿＿＿＿□□□＿＿＿
＿＿＿＿□□□＿＿＿
■□◆◆□□□□□□
□□□＿□□□□□□
◆□□□□□□□□□
□□◆□□□□□□□
□□＿□□□□＿□□
□□＿＿□□□□□□
□□□□＿□□□□□
□□□□□□□＿□□
□□□□□□□□＿□
＿□□□□□□□□□
＿□□□□□□□□□
00:14:33(26218f):field(26217f)
＿＿＿＿＿＿＿＿＿＿
＿＿＿＿＿＿＿＿＿＿
＿＿＿＿＿＿＿＿＿＿
＿＿＿＿＿＿＿＿＿＿
＿＿＿＿＿＿＿＿＿＿
＿＿＿＿＿＿＿＿＿＿
＿＿＿＿＿＿＿＿＿＿
＿＿＿＿◆◆◆＿＿＿
＿＿■■◆◆◆＿＿＿
□□＿■□□□◆□□
◆□□■□□□◆◆◆
＿□□□□□□□□□
□□＿□□□□□□□
□□＿□□□□＿□□
□□＿＿□□□□□□
□□□□＿□□□□□
□□□□□□□＿□□
□□□□□□□□＿□
＿□□□□□□□□□
＿□□□□□□□□□
00:14:34(26234f):field(26233f)
＿＿＿＿＿＿＿＿＿＿
＿＿＿＿＿＿＿＿＿＿
＿＿＿＿＿＿＿＿＿＿
＿＿＿＿＿＿＿＿＿＿
＿＿＿＿＿＿＿＿＿＿
＿＿＿＿＿＿＿＿＿＿
＿＿＿＿＿＿＿＿＿＿
＿＿＿＿＿＿＿＿＿＿
＿＿◆◆＿＿＿＿＿＿
◆◆＿◆□□□■□◆
＿◆□◆□□□■■＿
＿□□□□□□□□□
□□＿□□□□□□□
□□＿□□□□＿□□
□□＿＿□□□□□□
□□□□＿□□□□□
□□□□□□□＿□□
□□□□□□□□＿□
＿□□□□□□□□□
＿□□□□□□□□□
00:14:34(26245f):field(26244f)
＿＿＿＿＿＿＿＿＿＿
＿＿＿＿＿＿＿＿＿＿
＿＿＿＿＿＿＿＿＿＿
＿＿＿＿＿＿＿＿＿＿
＿＿＿＿＿＿＿＿＿＿
＿＿＿＿＿＿＿＿＿＿
＿＿＿＿＿＿＿＿＿＿
＿＿＿＿＿＿＿＿＿■
＿＿＿＿＿＿＿＿＿■
＿＿＿＿□□□□□■
＿＿□＿□□□□□■
＿□□□□□□□□□
□□＿□□□□□□□
□□＿□□□□＿□□
□□＿＿□□□□□□
□□□□＿□□□□□
□□□□□□□＿□□
□□□□□□□□＿□
＿□□□□□□□□□
＿□□□□□□□□□
00:14:35(26258f):field(26257f)
＿＿＿＿＿＿＿＿＿＿
＿＿＿＿＿＿＿＿＿＿
＿＿＿＿＿＿＿＿＿＿
＿＿＿＿＿＿＿＿＿＿
＿＿＿＿＿＿＿＿＿＿
＿＿＿＿＿＿＿＿＿＿
＿＿＿＿＿＿＿＿＿＿
＿＿＿＿＿＿＿＿＿◆
＿＿＿＿＿＿＿＿＿□
＿＿＿＿◆◆◆◆◆□
■＿◆＿□□□□□□
■□□□□□□□□□
□□＿□□□□□□□
□□＿□□□□＿□□
□□＿＿□□□□□□
□□□□＿□□□□□
□□□□□□□＿□□
□□□□□□□□＿□
＿□□□□□□□□□
＿□□□□□□□□□
00:14:35(26271f):field(26270f)
＿＿＿＿＿＿＿＿＿＿
＿＿＿＿＿＿＿＿＿＿
＿＿＿＿＿＿＿＿＿＿
＿＿＿＿＿＿＿＿＿＿
＿＿＿＿＿＿＿＿＿＿
＿＿＿＿＿＿＿＿＿＿
＿＿＿＿＿＿＿＿＿＿
＿＿＿＿＿＿＿＿＿＿
＿＿＿＿＿＿＿＿＿□
■■＿＿＿＿＿＿＿□
□■■＿□□□□□□
□□□◆□□□□□□
□□＿□□□□□□□
□□＿□□□□＿□□
□□＿＿□□□□□□
□□□□＿□□□□□
□□□□□□□＿□□
□□□□□□□□＿□
＿□□□□□□□□□
＿□□□□□□□□□
00:14:36(26281f):field(26280f)
＿＿＿＿＿＿＿＿＿＿
＿＿＿＿＿＿＿＿＿＿
＿＿＿＿＿＿＿＿＿＿
＿＿＿＿＿＿＿＿＿＿
＿＿＿＿＿＿＿＿＿＿
＿＿＿＿＿＿＿＿＿＿
＿＿＿＿＿＿＿＿＿＿
＿＿＿＿＿＿＿＿＿＿
＿＿＿＿＿＿＿＿＿◆
◆□＿＿＿＿＿＿＿□
◆□◆＿□◆◆◆□□
□□□■◆□◆□◆□
□□■□□□□□□□
□□＿□□□□＿□□
□□＿＿□□□□□□
□□□□＿□□□□□
□□□□□□□＿□□
□□□□□□□□＿□
＿□□□□□□□□□
＿□□□□□□□□□
00:14:36(26295f):field(26294f)
＿＿＿＿＿＿＿＿＿＿
＿＿＿＿＿＿＿＿＿＿
＿＿＿＿＿＿＿＿＿＿
＿＿＿＿＿＿＿＿＿＿
＿＿＿＿＿＿＿＿＿＿
＿＿＿＿＿＿＿＿＿＿
＿＿＿＿＿＿＿＿＿＿
＿＿＿＿＿＿＿＿＿＿
＿＿＿＿＿＿＿＿＿＿
＿◆＿＿＿＿＿＿＿◆
＿◆＿＿◆＿＿■□□
□□□□＿◆＿□■□
□□◆□□□□□□□
□□＿□□□□＿□□
□□＿＿□□□□□□
□□□□＿□□□□□
□□□□□□□＿□□
□□□□□□□□＿□
＿□□□□□□□□□
＿□□□□□□□□□
00:14:36(26305f):field(26304f)
＿＿＿＿＿＿＿＿＿＿
＿＿＿＿＿＿＿＿＿＿
＿＿＿＿＿＿＿＿＿＿
＿＿＿＿＿＿＿＿＿＿
＿＿＿＿＿＿＿＿＿＿
＿＿＿＿＿＿＿＿＿＿
＿＿＿＿＿＿＿＿＿＿
＿＿＿＿＿＿＿＿＿＿
＿＿＿＿＿＿＿＿＿＿
＿＿＿■＿＿＿＿＿＿
＿＿＿■■＿＿□□□
□□□□■＿＿□□□
□□＿□□□□□□□
□□＿□□□□＿□□
□□＿＿□□□□□□
□□□□＿□□□□□
□□□□□□□＿□□
□□□□□□□□＿□
＿□□□□□□□□□
＿□□□□□□□□□
00:14:37(26316f):field(26315f)
＿＿＿＿＿＿＿＿＿＿
＿＿＿＿＿＿＿＿＿＿
＿＿＿＿＿＿＿＿＿＿
＿＿＿＿＿＿＿＿＿＿
＿＿＿＿＿＿＿＿＿＿
＿＿＿＿＿＿＿＿＿＿
＿＿＿＿＿＿＿＿＿＿
＿＿＿＿＿＿＿＿＿＿
＿＿＿＿＿■＿＿＿＿
＿＿＿□＿■＿＿＿＿
＿＿＿□□■＿□□□
□□□□□■＿□□□
□□＿□□□□□□□
□□＿□□□□＿□□
□□＿＿□□□□□□
□□□□＿□□□□□
□□□□□□□＿□□
□□□□□□□□＿□
＿□□□□□□□□□
＿□□□□□□□□□
00:14:37(26331f):field(26330f)
＿＿＿＿＿＿＿＿＿＿
＿＿＿＿＿＿＿＿＿＿
＿＿＿＿＿＿＿＿＿＿
＿＿＿＿＿＿＿＿＿＿
＿＿＿＿＿＿＿＿＿＿
＿＿＿＿＿＿＿＿＿＿
＿＿＿＿＿＿＿＿＿＿
＿＿＿＿＿＿＿＿＿＿
＿＿＿＿＿◆＿＿＿＿
＿＿＿◆＿□＿＿＿＿
＿＿■□□□■□◆◆
□◆◆□□□■□□□
□□■□□□□□□□
□□■□□□□＿□□
□□＿＿□□□□□□
□□□□＿□□□□□
□□□□□□□＿□□
□□□□□□□□＿□
＿□□□□□□□□□
＿□□□□□□□□□
00:14:38(26341f):field(26340f)
＿＿＿＿＿＿＿＿＿＿
＿＿＿＿＿＿＿＿＿＿
＿＿＿＿＿＿＿＿＿＿
＿＿＿＿＿＿＿＿＿＿
＿＿＿＿＿＿＿＿＿＿
＿＿＿＿＿＿＿＿＿＿
＿＿＿＿＿＿＿＿＿＿
＿＿＿＿＿＿＿＿＿＿
＿＿＿＿■＿＿＿＿＿
＿＿＿■■□＿＿＿＿
＿＿◆□□□□□＿＿
◆■＿□□□□□□□
□□◆□□□□□□□
□□◆□□□□＿□□
□□＿＿□□□□□□
□□□□＿□□□□□
□□□□□□□＿□□
□□□□□□□□＿□
＿□□□□□□□□□
＿□□□□□□□□□
00:14:38(26358f):field(26357f)
＿＿＿＿＿＿＿＿＿＿
＿＿＿＿＿＿＿＿＿＿
＿＿＿＿＿＿＿＿＿＿
＿＿＿＿＿＿＿＿＿＿
＿＿＿＿＿＿＿＿＿＿
＿＿＿＿＿＿＿＿＿＿
＿＿＿＿＿＿＿＿＿＿
＿＿＿＿＿＿＿＿＿＿
＿＿＿＿◆＿＿＿＿＿
＿＿＿◆□◆＿＿＿＿
＿＿＿□□□◆◆＿＿
＿◆＿□□□□□◆◆
◆□■□□□□□□□
□□■□□□□■□□
□□■■□□□□□□
□□□□＿□□□□□
□□□□□□□＿□□
□□□□□□□□＿□
＿□□□□□□□□□
＿□□□□□□□□□
00:14:39(26371f):field(26370f)
＿＿＿＿＿＿＿＿＿＿
＿＿＿＿＿＿＿＿＿＿
＿＿＿＿＿＿＿＿＿＿
＿＿＿＿＿＿＿＿＿＿
＿＿＿＿＿＿＿＿＿＿
＿＿＿＿＿＿＿＿＿＿
＿＿＿＿＿＿＿＿＿＿
＿＿＿＿＿＿＿＿＿＿
＿＿＿＿＿■＿＿＿＿
＿＿＿＿□■■＿＿＿
＿＿＿□□□■＿＿＿
＿＿＿□□□□□＿＿
＿□□□□□□□□□
□□□□□□□◆□□
□□◆◆□□□□□□
□□□□＿□□□□□
□□□□□□□＿□□
□□□□□□□□＿□
＿□□□□□□□□□
＿□□□□□□□□□
00:14:39(26383f):field(26382f)
＿＿＿＿＿＿＿＿＿＿
＿＿＿＿＿＿＿＿＿＿
＿＿＿＿＿＿＿＿＿＿
＿＿＿＿＿＿＿＿＿＿
＿＿＿＿＿＿＿＿＿＿
＿＿＿＿＿＿＿＿＿＿
＿＿＿＿＿＿＿＿＿＿
＿＿＿＿＿＿＿＿＿＿
＿＿＿＿＿□＿＿＿■
＿＿＿＿□□□＿＿■
＿＿＿□□□□＿＿■
＿＿＿□□□□□＿■
＿□□□□□□□□□
□□□□□□□＿□□
□□＿＿□□□□□□
□□□□＿□□□□□
□□□□□□□＿□□
□□□□□□□□＿□
＿□□□□□□□□□
＿□□□□□□□□□
00:14:39(26395f):field(26394f)
＿＿＿＿＿＿＿＿＿＿
＿＿＿＿＿＿＿＿＿＿
＿＿＿＿＿＿＿＿＿＿
＿＿＿＿＿＿＿＿＿＿
＿＿＿＿＿＿＿＿＿＿
＿＿＿＿＿＿＿＿＿＿
＿＿＿＿＿＿＿＿＿＿
＿＿＿＿＿＿＿＿＿＿
＿＿＿＿＿◆＿＿＿◆
＿＿＿＿◆□◆＿＿□
＿＿＿◆□□□＿＿□
＿■＿□□□□□＿□
■□◆□□□□□◆□
□□□□□□□＿□□
□□＿■□□□□□□
□□□□＿□□□□□
□□□□□□□＿□□
□□□□□□□□＿□
＿□□□□□□□□□
＿□□□□□□□□□
00:14:40(26409f):field(26408f)
＿＿＿＿＿＿＿＿＿＿
＿＿＿＿＿＿＿＿＿＿
＿＿＿＿＿＿＿＿＿＿
＿＿＿＿＿＿＿＿＿＿
＿＿＿＿＿＿＿＿＿＿
＿＿＿＿＿＿＿＿＿＿
＿＿＿＿＿＿＿＿＿＿
＿＿＿＿＿＿＿＿＿＿
＿＿＿＿＿＿＿＿＿＿
＿＿＿＿＿□＿＿＿□
＿＿■■□□□＿＿□
＿□■□□□□◆＿□
□□■□□□□□＿□
□□□□□□□＿□□
□□＿◆□□□□□□
□□□□＿□□□□□
□□□□□□□＿□□
□□□□□□□□＿□
＿□□□□□□□□□
＿□□□□□□□□□
00:14:40(26424f):field(26423f)
＿＿＿＿＿＿＿＿＿＿
＿＿＿＿＿＿＿＿＿＿
＿＿＿＿＿＿＿＿＿＿
＿＿＿＿＿＿＿＿＿＿
＿＿＿＿＿＿＿＿＿＿
＿＿＿＿＿＿＿＿＿＿
＿＿＿＿＿＿＿＿＿＿
＿＿＿＿＿＿＿＿＿＿
＿＿＿＿■＿＿＿＿＿
＿＿■■■□＿＿＿□
＿＿□□□□□＿＿□
＿□□□□□□＿＿□
□□□□□□□□＿□
□□□□□□□＿□□
□□＿＿□□□□□□
□□□□＿□□□□□
□□□□□□□＿□□
□□□□□□□□＿□
＿□□□□□□□□□
＿□□□□□□□□□
00:14:41(26436f):field(26435f)
＿＿＿＿＿＿＿＿＿＿
＿＿＿＿＿＿＿＿＿＿
＿＿＿＿＿＿＿＿＿＿
＿＿＿＿＿＿＿＿＿＿
＿＿＿＿＿＿＿＿＿＿
＿＿＿＿＿＿＿＿＿＿
＿＿＿＿＿＿＿＿＿＿
＿＿＿＿＿＿＿＿＿＿
＿＿＿＿◆＿＿＿＿＿
＿＿◆◆□◆＿＿＿◆
＿＿□□□□◆＿＿□
＿◆□□□□□■＿□
◆□□□□□□□■□
□□□□□□□■□□
□□＿■□□□□□□
□□□□＿□□□□□
□□□□□□□＿□□
□□□□□□□□＿□
＿□□□□□□□□□
＿□□□□□□□□□
00:14:41(26447f):field(26446f)
＿＿＿＿＿＿＿＿＿＿
＿＿＿＿＿＿＿＿＿＿
＿＿＿＿＿＿＿＿＿＿
＿＿＿＿＿＿＿＿＿＿
＿＿＿＿＿＿＿＿＿＿
＿＿＿＿＿＿＿＿＿＿
＿＿＿＿＿＿＿＿＿＿
＿＿＿＿＿＿＿＿＿＿
＿＿＿＿＿＿＿＿＿＿
＿＿＿＿◆＿＿＿＿＿
＿＿◆◆□◆＿＿＿◆
■■□□□□◆□■□
■□□□□□□□□□
□□□□□□□◆□□
□□＿□□□□□□□
□□□□＿□□□□□
□□□□□□□＿□□
□□□□□□□□＿□
＿□□□□□□□□□
＿□□□□□□□□□
00:14:42(26468f):field(26467f)
＿＿＿＿＿＿＿＿＿＿
＿＿＿＿＿＿＿＿＿＿
＿＿＿＿＿＿＿＿＿＿
＿＿＿＿＿＿＿＿＿＿
＿＿＿＿＿＿＿＿＿＿
＿＿＿＿＿＿＿＿＿＿
＿＿＿＿＿＿＿＿＿＿
＿＿＿＿＿＿＿＿＿＿
＿＿＿＿＿＿＿＿＿＿
＿＿＿＿＿＿＿＿＿＿
＿＿＿＿□■■＿＿＿
□◆□□□□■□◆□
□□□□□□□□◆□
□□□□□□□＿□□
□□＿◆□□□□□□
□□□□＿□□□□□
□□□□□□□＿□□
□□□□□□□□＿□
＿□□□□□□□□□
＿□□□□□□□□□
00:14:42(26476f):field(26475f)
＿＿＿＿＿＿＿＿＿＿
＿＿＿＿＿＿＿＿＿＿
＿＿＿＿＿＿＿＿＿＿
＿＿＿＿＿＿＿＿＿＿
＿＿＿＿＿＿＿＿＿＿
＿＿＿＿＿＿＿＿＿＿
＿＿＿＿＿＿＿＿＿＿
＿＿＿＿＿＿＿＿＿＿
＿＿＿＿■■＿＿＿＿
＿＿＿＿■■＿＿＿＿
＿＿＿＿□□□＿＿＿
□＿□□□□□□＿□
□□□□□□□□＿□
□□□□□□□＿□□
□□＿＿□□□□□□
□□□□＿□□□□□
□□□□□□□＿□□
□□□□□□□□＿□
＿□□□□□□□□□
＿□□□□□□□□□
00:14:43(26493f):field(26492f)
＿＿＿＿＿＿＿＿＿＿
＿＿＿＿＿＿＿＿＿＿
＿＿＿＿＿＿＿＿＿＿
＿＿＿＿＿＿＿＿＿＿
＿＿＿＿＿＿＿＿＿＿
＿＿＿＿＿＿＿＿＿＿
＿＿＿＿＿＿＿＿＿＿
＿＿＿＿＿＿＿＿＿＿
＿＿＿＿◆◆＿＿＿＿
＿＿＿＿□□＿＿＿＿
＿＿＿＿□□◆＿■＿
◆■◆□□□□◆■□
□◆□□□□□□■□
□□□□□□□■□□
□□■＿□□□□□□
□□□□＿□□□□□
□□□□□□□＿□□
□□□□□□□□＿□
＿□□□□□□□□□
＿□□□□□□□□□
00:14:43(26505f):field(26504f)
＿＿＿＿＿＿＿＿＿＿
＿＿＿＿＿＿＿＿＿＿
＿＿＿＿＿＿＿＿＿＿
＿＿＿＿＿＿＿＿＿＿
＿＿＿＿＿＿＿＿＿＿
＿＿＿＿＿＿＿＿＿＿
＿＿＿＿＿＿＿＿＿＿
＿＿＿＿＿＿＿＿＿＿
＿＿＿＿＿＿＿＿＿＿
＿＿＿■□□＿＿＿＿
＿＿＿■□□＿＿□＿
＿◆■□□□□＿□◆
□＿□□□□□□□□
□□□□□□□◆□□
□□◆＿□□□□□□
□□□□＿□□□□□
□□□□□□□＿□□
□□□□□□□□＿□
＿□□□□□□□□□
＿□□□□□□□□□
00:14:43(26516f):field(26515f)
＿＿＿＿＿＿＿＿＿＿
＿＿＿＿＿＿＿＿＿＿
＿＿＿＿＿＿＿＿＿＿
＿＿＿＿＿＿＿＿＿＿
＿＿＿＿＿＿＿＿＿＿
＿＿＿＿＿＿＿＿＿＿
＿＿＿＿＿＿＿＿＿＿
＿＿＿＿＿＿＿＿＿＿
＿＿＿＿＿＿＿＿＿＿
＿＿＿◆◆◆＿＿＿＿
＿＿＿□□□＿＿◆＿
＿■□□□□◆＿□＿
□■□□□□□◆□◆
□□□□□□□＿□□
□□＿＿□□□□□□
□□□□＿□□□□□
□□□□□□□＿□□
□□□□□□□□＿□
＿□□□□□□□□□
＿□□□□□□□□□
00:14:44(26530f):field(26529f)
＿＿＿＿＿＿＿＿＿＿
＿＿＿＿＿＿＿＿＿＿
＿＿＿＿＿＿＿＿＿＿
＿＿＿＿＿＿＿＿＿＿
＿＿＿＿＿＿＿＿＿＿
＿＿＿＿＿＿＿＿＿＿
＿＿＿＿＿＿＿＿＿＿
＿＿＿＿＿＿＿＿＿＿
＿＿＿＿＿＿＿＿＿＿
＿■＿＿＿＿＿＿＿＿
■■＿□□□＿＿＿＿
■□◆□□□＿＿□＿
□□□□□□□＿□＿
□□□□□□□＿□□
□□＿＿□□□□□□
□□□□＿□□□□□
□□□□□□□＿□□
□□□□□□□□＿□
＿□□□□□□□□□
＿□□□□□□□□□
00:14:44(26540f):field(26539f)
＿＿＿＿＿＿＿＿＿＿
＿＿＿＿＿＿＿＿＿＿
＿＿＿＿＿＿＿＿＿＿
＿＿＿＿＿＿＿＿＿＿
＿＿＿＿＿＿＿＿＿＿
＿＿＿＿＿＿＿＿＿＿
＿＿＿＿＿＿＿＿＿＿
＿＿＿＿＿＿＿＿＿＿
＿＿＿＿■■＿＿＿＿
＿□＿＿■■＿＿＿＿
□□＿□□□＿＿＿＿
□□＿□□□＿＿□＿
□□□□□□□＿□＿
□□□□□□□＿□□
□□＿＿□□□□□□
□□□□＿□□□□□
□□□□□□□＿□□
□□□□□□□□＿□
＿□□□□□□□□□
＿□□□□□□□□□
00:14:45(26558f):field(26557f)
＿＿＿＿＿＿＿＿＿＿
＿＿＿＿＿＿＿＿＿＿
＿＿＿＿＿＿＿＿＿＿
＿＿＿＿＿＿＿＿＿＿
＿＿＿＿＿＿＿＿＿＿
＿＿＿＿＿＿＿＿＿＿
＿＿＿＿＿＿＿＿＿＿
＿＿＿＿＿＿＿＿＿＿
＿＿＿＿□□＿＿＿＿
＿□＿＿□□＿＿＿＿
□□＿□□□■＿＿＿
□□＿□□□■■□＿
□□□□□□□■□＿
□□□□□□□＿□□
□□＿＿□□□□□□
□□□□＿□□□□□
□□□□□□□＿□□
□□□□□□□□＿□
＿□□□□□□□□□
＿□□□□□□□□□
00:14:45(26567f):field(26566f)
＿＿＿＿＿＿＿＿＿＿
＿＿＿＿＿＿＿＿＿＿
＿＿＿＿＿＿＿＿＿＿
＿＿＿＿＿＿＿＿＿＿
＿＿＿＿＿＿＿＿＿＿
＿＿＿＿＿＿＿＿＿＿
＿＿＿＿＿＿＿＿＿＿
＿＿＿＿＿＿＿＿＿＿
＿＿＿＿□□＿＿＿＿
＿□■■□□＿＿＿＿
□□■□□□□＿＿＿
□□■□□□□□□＿
□□□□□□□□□＿
□□□□□□□＿□□
□□＿＿□□□□□□
□□□□＿□□□□□
□□□□□□□＿□□
□□□□□□□□＿□
＿□□□□□□□□□
＿□□□□□□□□□
00:14:45(26579f):field(26578f)
＿＿＿＿＿＿＿＿＿＿
＿＿＿＿＿＿＿＿＿＿
＿＿＿＿＿＿＿＿＿＿
＿＿＿＿＿＿＿＿＿＿
＿＿＿＿＿＿＿＿＿＿
＿＿＿＿＿＿＿＿＿＿
＿＿＿＿＿＿＿＿＿＿
＿＿＿＿＿＿＿＿＿＿
＿＿＿＿◆◆＿＿＿＿
＿◆◆◆◆◆＿＿＿＿
□□◆◆□□◆＿■■
◆□□□□□◆□◆■
□□□□□□□◆◆■
□□□□□□□■□□
□□＿＿□□□□□□
□□□□＿□□□□□
□□□□□□□＿□□
□□□□□□□□＿□
＿□□□□□□□□□
＿□□□□□□□□□
00:14:46(26592f):field(26591f)
＿＿＿＿＿＿＿＿＿＿
＿＿＿＿＿＿＿＿＿＿
＿＿＿＿＿＿＿＿＿＿
＿＿＿＿＿＿＿＿＿＿
＿＿＿＿＿＿＿＿＿＿
＿＿＿＿＿＿＿＿＿＿
＿＿＿＿＿＿＿＿＿＿
＿＿＿＿＿＿＿＿＿＿
＿＿＿＿＿＿＿＿＿＿
＿＿＿＿＿＿＿＿＿＿
◆◆＿＿◆◆＿＿◆◆
＿◆□◆◆□＿□＿◆
□◆◆□□□□＿■◆
◆□□□□□□◆□□
□□＿＿□□□□□□
□□□□■□□□□□
□□□□□□□＿□□
□□□□□□□□＿□
＿□□□□□□□□□
＿□□□□□□□□□
00:14:46(26605f):field(26604f)
＿＿＿＿＿＿＿＿＿＿
＿＿＿＿＿＿＿＿＿＿
＿＿＿＿＿＿＿＿＿＿
＿＿＿＿＿＿＿＿＿＿
＿＿＿＿＿＿＿＿＿＿
＿＿＿＿＿＿＿＿＿＿
＿＿＿＿＿＿＿＿＿＿
＿＿＿＿＿＿＿＿＿＿
＿＿＿＿＿＿＿＿＿＿
＿＿＿＿＿＿＿＿＿＿
＿＿＿＿＿＿＿＿＿＿
＿＿◆＿＿◆＿◆＿＿
◆＿＿◆□□□■◆＿
＿□□□□□□■□□
□□＿＿□□□□□□
□□□□◆□□□□□
□□□□□□□＿□□
□□□□□□□□＿□
＿□□□□□□□□□
＿□□□□□□□□□
00:14:47(26617f):field(26616f)
＿＿＿＿＿＿＿＿＿＿
＿＿＿＿＿＿＿＿＿＿
＿＿＿＿＿＿＿＿＿＿
＿＿＿＿＿＿＿＿＿＿
＿＿＿＿＿＿＿＿＿＿
＿＿＿＿＿＿＿＿＿＿
＿＿＿＿＿＿＿＿＿＿
＿＿＿＿＿＿＿＿＿＿
＿＿＿＿＿＿＿＿＿＿
＿＿＿＿＿＿＿＿＿＿
＿＿＿＿＿＿＿＿＿＿
＿＿＿＿＿＿＿＿＿＿
■＿■■◆◆◆◆＿＿
■□◆◆□□□□◆◆
□□＿＿□□□□□□
□□□□＿□□□□□
□□□□□□□＿□□
□□□□□□□□＿□
＿□□□□□□□□□
＿□□□□□□□□□
00:14:47(26630f):field(26629f)
＿＿＿＿＿＿＿＿＿＿
＿＿＿＿＿＿＿＿＿＿
＿＿＿＿＿＿＿＿＿＿
＿＿＿＿＿＿＿＿＿＿
＿＿＿＿＿＿＿＿＿＿
＿＿＿＿＿＿＿＿＿＿
＿＿＿＿＿＿＿＿＿＿
＿＿＿＿＿＿＿＿＿＿
＿＿＿＿＿＿＿＿＿＿
＿＿＿＿＿＿＿＿＿＿
＿＿＿＿＿＿＿＿＿＿
＿＿＿＿＿＿＿＿＿＿
□＿□◆＿＿＿＿＿＿
□□■■□□□□＿＿
□□＿■□□□□□□
□□□□＿□□□□□
□□□□□□□＿□□
□□□□□□□□＿□
＿□□□□□□□□□
＿□□□□□□□□□
00:14:47(26639f):field(26638f)
＿＿＿＿＿＿＿＿＿＿
＿＿＿＿＿＿＿＿＿＿
＿＿＿＿＿＿＿＿＿＿
＿＿＿＿＿＿＿＿＿＿
＿＿＿＿＿＿＿＿＿＿
＿＿＿＿＿＿＿＿＿＿
＿＿＿＿＿＿＿＿＿＿
＿＿＿＿＿＿＿＿＿＿
＿＿＿＿＿＿＿＿＿＿
＿＿＿＿＿＿＿＿＿＿
＿＿＿＿＿＿＿＿＿＿
＿＿＿＿■＿＿＿＿＿
□＿□■■■＿＿＿＿
□□□□□□□□＿＿
□□＿□□□□□□□
□□□□＿□□□□□
□□□□□□□＿□□
□□□□□□□□＿□
＿□□□□□□□□□
＿□□□□□□□□□
00:14:48(26656f):field(26655f)
＿＿＿＿＿＿＿＿＿＿
＿＿＿＿＿＿＿＿＿＿
＿＿＿＿＿＿＿＿＿＿
＿＿＿＿＿＿＿＿＿＿
＿＿＿＿＿＿＿＿＿＿
＿＿＿＿＿＿＿＿＿＿
＿＿＿＿＿＿＿＿＿＿
＿＿＿＿＿＿＿＿＿＿
＿＿＿＿＿＿＿＿＿＿
＿＿＿＿＿＿＿＿＿＿
＿＿＿＿＿＿＿＿＿＿
＿＿＿＿□＿＿＿＿＿
□＿□□□□＿■■■
□□□□□□□□＿■
□□＿□□□□□□□
□□□□＿□□□□□
□□□□□□□＿□□
□□□□□□□□＿□
＿□□□□□□□□□
＿□□□□□□□□□
00:14:49(26673f):field(26672f)
＿＿＿＿＿＿＿＿＿＿
＿＿＿＿＿＿＿＿＿＿
＿＿＿＿＿＿＿＿＿＿
＿＿＿＿＿＿＿＿＿＿
＿＿＿＿＿＿＿＿＿＿
＿＿＿＿＿＿＿＿＿＿
＿＿＿＿＿＿＿＿＿＿
＿＿＿＿＿＿＿＿＿＿
＿＿＿＿＿＿＿＿＿＿
＿＿＿＿＿＿■＿＿＿
＿＿＿＿＿＿■＿＿＿
＿＿＿＿□＿■＿＿＿
□＿□□□□■□□□
□□□□□□□□＿□
□□＿□□□□□□□
□□□□＿□□□□□
□□□□□□□＿□□
□□□□□□□□＿□
＿□□□□□□□□□
＿□□□□□□□□□
00:14:49(26689f):field(26688f)
＿＿＿＿＿＿＿＿＿＿
＿＿＿＿＿＿＿＿＿＿
＿＿＿＿＿＿＿＿＿＿
＿＿＿＿＿＿＿＿＿＿
＿＿＿＿＿＿＿＿＿＿
＿＿＿＿＿＿＿＿＿＿
＿＿＿＿＿＿＿＿＿＿
＿＿＿＿＿＿＿＿＿＿
＿＿＿＿＿＿＿＿＿＿
＿＿＿＿■■□＿＿＿
＿＿＿＿＿■□＿＿＿
＿＿＿＿□■□＿＿＿
□＿□□□□□□□□
□□□□□□□□＿□
□□＿□□□□□□□
□□□□＿□□□□□
□□□□□□□＿□□
□□□□□□□□＿□
＿□□□□□□□□□
＿□□□□□□□□□
00:14:50(26703f):field(26702f)
＿＿＿＿＿＿＿＿＿＿
＿＿＿＿＿＿＿＿＿＿
＿＿＿＿＿＿＿＿＿＿
＿＿＿＿＿＿＿＿＿＿
＿＿＿＿＿＿＿＿＿＿
＿＿＿＿＿＿＿＿＿＿
＿＿＿＿＿＿＿＿＿＿
＿＿＿＿＿＿＿＿＿＿
＿＿＿＿＿＿＿＿＿＿
＿＿＿＿□□□＿＿＿
＿＿＿＿＿□□■■＿
＿＿＿＿□□□■■＿
□＿□□□□□□□□
□□□□□□□□＿□
□□＿□□□□□□□
□□□□＿□□□□□
□□□□□□□＿□□
□□□□□□□□＿□
＿□□□□□□□□□
＿□□□□□□□□□
00:14:50(26718f):field(26717f)
＿＿＿＿＿＿＿＿＿＿
＿＿＿＿＿＿＿＿＿＿
＿＿＿＿＿＿＿＿＿＿
＿＿＿＿＿＿＿＿＿＿
＿＿＿＿＿＿＿＿＿＿
＿＿＿＿＿＿＿＿＿＿
＿＿＿＿＿＿＿＿＿＿
＿＿＿＿＿＿＿＿＿＿
＿＿＿＿＿＿＿＿＿＿
＿＿＿■□□□＿＿＿
＿＿＿■■□□□□＿
＿＿＿■□□□□□＿
□＿□□□□□□□□
□□□□□□□□＿□
□□＿□□□□□□□
□□□□＿□□□□□
□□□□□□□＿□□
□□□□□□□□＿□
＿□□□□□□□□□
＿□□□□□□□□□
00:14:51(26730f):field(26729f)
＿＿＿＿＿＿＿＿＿＿
＿＿＿＿＿＿＿＿＿＿
＿＿＿＿＿＿＿＿＿＿
＿＿＿＿＿＿＿＿＿＿
＿＿＿＿＿＿＿＿＿＿
＿＿＿＿＿＿＿＿＿＿
＿＿＿＿＿＿＿＿＿＿
＿＿＿＿＿＿＿＿＿＿
＿＿＿＿＿＿＿＿＿＿
＿＿＿◆◆◆◆＿＿＿
＿＿＿□□□□◆◆＿
＿■■□□□□□□＿
◆■□□□□□□□◆
□□□□□□□□＿□
□□■□□□□□□□
□□□□＿□□□□□
□□□□□□□＿□□
□□□□□□□□＿□
＿□□□□□□□□□
＿□□□□□□□□□
00:14:51(26742f):field(26741f)
＿＿＿＿＿＿＿＿＿＿
＿＿＿＿＿＿＿＿＿＿
＿＿＿＿＿＿＿＿＿＿
＿＿＿＿＿＿＿＿＿＿
＿＿＿＿＿＿＿＿＿＿
＿＿＿＿＿＿＿＿＿＿
＿＿＿＿＿＿＿＿＿＿
＿＿＿＿＿＿＿＿＿＿
＿＿＿＿＿＿＿＿＿＿
＿＿＿＿＿＿＿＿＿■
＿＿＿□□□□＿＿■
＿◆□□□□□□□■
＿□□□□□□□□■
□□□□□□□□＿□
□□◆□□□□□□□
□□□□＿□□□□□
□□□□□□□＿□□
□□□□□□□□＿□
＿□□□□□□□□□
＿□□□□□□□□□
00:14:51(26756f):field(26755f)
＿＿＿＿＿＿＿＿＿＿
＿＿＿＿＿＿＿＿＿＿
＿＿＿＿＿＿＿＿＿＿
＿＿＿＿＿＿＿＿＿＿
＿＿＿＿＿＿＿＿＿＿
＿＿＿＿＿＿＿＿＿＿
＿＿＿＿＿＿＿＿＿＿
＿＿＿＿＿＿＿＿＿＿
＿＿＿＿＿■＿＿＿＿
＿＿＿■■■＿＿＿□
＿＿＿□□□□＿＿□
＿＿□□□□□□□□
＿□□□□□□□□□
□□□□□□□□＿□
□□＿□□□□□□□
□□□□＿□□□□□
□□□□□□□＿□□
□□□□□□□□＿□
＿□□□□□□□□□
＿□□□□□□□□□
00:14:52(26770f):field(26769f)
＿＿＿＿＿＿＿＿＿＿
＿＿＿＿＿＿＿＿＿＿
＿＿＿＿＿＿＿＿＿＿
＿＿＿＿＿＿＿＿＿＿
＿＿＿＿＿＿＿＿＿＿
＿＿＿＿＿＿＿＿＿＿
＿＿＿＿＿＿＿＿＿＿
＿＿＿＿＿＿＿＿＿＿
＿＿＿＿＿□＿＿＿＿
＿＿＿□□□＿■■□
＿＿＿□□□□■■□
＿＿□□□□□□□□
＿□□□□□□□□□
□□□□□□□□＿□
□□＿□□□□□□□
□□□□＿□□□□□
□□□□□□□＿□□
□□□□□□□□＿□
＿□□□□□□□□□
＿□□□□□□□□□
00:14:52(26787f):field(26786f)
＿＿＿＿＿＿＿＿＿＿
＿＿＿＿＿＿＿＿＿＿
＿＿＿＿＿＿＿＿＿＿
＿＿＿＿＿＿＿＿＿＿
＿＿＿＿＿＿＿＿＿＿
＿＿＿＿＿＿＿＿＿＿
＿＿＿＿＿＿＿＿＿＿
＿＿＿＿＿＿＿＿＿＿
＿＿＿＿＿◆＿＿＿＿
＿＿＿◆◆□＿◆◆◆
＿＿＿□□□◆□□□
■■◆□□□□□□□
■◆□□□□□□□□
□□□□□□□□■□
□□＿□□□□□□□
□□□□＿□□□□□
□□□□□□□＿□□
□□□□□□□□＿□
＿□□□□□□□□□
＿□□□□□□□□□
00:14:53(26802f):field(26801f)
＿＿＿＿＿＿＿＿＿＿
＿＿＿＿＿＿＿＿＿＿
＿＿＿＿＿＿＿＿＿＿
＿＿＿＿＿＿＿＿＿＿
＿＿＿＿＿＿＿＿＿＿
＿＿＿＿＿＿＿＿＿＿
＿＿＿＿＿＿＿＿＿＿
＿＿＿＿＿＿＿＿＿＿
＿＿＿＿＿＿＿■＿＿
＿＿＿＿＿□■■＿＿
＿＿＿□□□■□□□
□□＿□□□□□□□
□＿□□□□□□□□
□□□□□□□□◆□
□□＿□□□□□□□
□□□□＿□□□□□
□□□□□□□＿□□
□□□□□□□□＿□
＿□□□□□□□□□
＿□□□□□□□□□
00:14:53(26811f):field(26810f)
＿＿＿＿＿＿＿＿＿＿
＿＿＿＿＿＿＿＿＿＿
＿＿＿＿＿＿＿＿＿＿
＿＿＿＿＿＿＿＿＿＿
＿＿＿＿＿＿＿＿＿＿
＿＿＿＿＿＿＿＿＿＿
＿＿＿＿＿＿＿＿＿＿
＿＿＿＿＿＿＿＿＿＿
＿＿＿＿■■＿□＿＿
＿＿＿■■□□□＿＿
＿＿＿□□□□□□□
□□＿□□□□□□□
□＿□□□□□□□□
□□□□□□□□＿□
□□＿□□□□□□□
□□□□＿□□□□□
□□□□□□□＿□□
□□□□□□□□＿□
＿□□□□□□□□□
＿□□□□□□□□□
00:14:54(26830f):field(26829f)
＿＿＿＿＿＿＿＿＿＿
＿＿＿＿＿＿＿＿＿＿
＿＿＿＿＿＿＿＿＿＿
＿＿＿＿＿＿＿＿＿＿
＿＿＿＿＿＿＿＿＿＿
＿＿＿＿＿＿＿＿＿＿
＿＿＿＿＿＿＿＿＿＿
＿＿＿■■■＿＿＿＿
＿＿＿■□□＿□＿＿
＿＿＿□□□□□＿＿
＿＿＿□□□□□□□
□□＿□□□□□□□
□＿□□□□□□□□
□□□□□□□□＿□
□□＿□□□□□□□
□□□□＿□□□□□
□□□□□□□＿□□
□□□□□□□□＿□
＿□□□□□□□□□
＿□□□□□□□□□
00:14:55(26850f):field(26849f)
＿＿＿＿＿＿＿＿＿＿
＿＿＿＿＿＿＿＿＿＿
＿＿＿＿＿＿＿＿＿＿
＿＿＿＿＿＿＿＿＿＿
＿＿＿＿＿＿＿＿＿＿
＿＿＿＿＿＿＿＿＿＿
＿＿＿＿＿＿＿＿＿＿
＿＿＿◆◆◆＿＿＿＿
＿＿＿□□□＿◆＿＿
＿＿■□□□◆□＿＿
＿＿■□□□□□◆◆
◆◆■□□□□□□□
□＿□□□□□□□□
□□□□□□□□＿□
□□＿□□□□□□□
□□□□＿□□□□□
□□□□□□□＿□□
□□□□□□□□＿□
＿□□□□□□□□□
＿□□□□□□□□□
00:14:55(26862f):field(26861f)
＿＿＿＿＿＿＿＿＿＿
＿＿＿＿＿＿＿＿＿＿
＿＿＿＿＿＿＿＿＿＿
＿＿＿＿＿＿＿＿＿＿
＿＿＿＿＿＿＿＿＿＿
＿＿＿＿＿＿＿＿＿＿
＿＿＿＿＿＿＿＿＿＿
＿＿＿＿＿＿＿＿＿＿
＿＿＿□□□＿＿＿＿
＿＿□□□□＿□■■
＿＿□□□□□□■■
＿＿□□□□□□□□
□＿□□□□□□□□
□□□□□□□□＿□
□□＿□□□□□□□
□□□□＿□□□□□
□□□□□□□＿□□
□□□□□□□□＿□
＿□□□□□□□□□
＿□□□□□□□□□
00:14:55(26875f):field(26874f)
＿＿＿＿＿＿＿＿＿＿
＿＿＿＿＿＿＿＿＿＿
＿＿＿＿＿＿＿＿＿＿
＿＿＿＿＿＿＿＿＿＿
＿＿＿＿＿＿＿＿＿＿
＿＿＿＿＿＿＿＿＿＿
＿＿＿＿＿＿＿＿＿＿
＿＿＿＿＿＿＿■＿＿
＿＿＿□□□■■＿＿
＿＿□□□□■□□□
＿＿□□□□□□□□
＿＿□□□□□□□□
□＿□□□□□□□□
□□□□□□□□＿□
□□＿□□□□□□□
□□□□＿□□□□□
□□□□□□□＿□□
□□□□□□□□＿□
＿□□□□□□□□□
＿□□□□□□□□□
00:14:56(26887f):field(26886f)
＿＿＿＿＿＿＿＿＿＿
＿＿＿＿＿＿＿＿＿＿
＿＿＿＿＿＿＿＿＿＿
＿＿＿＿＿＿＿＿＿＿
＿＿＿＿＿＿＿＿＿＿
＿＿＿＿＿＿＿＿＿＿
＿＿＿＿＿＿＿＿＿＿
＿＿＿＿＿＿＿◆＿＿
＿＿＿◆◆◆◆◆＿＿
＿＿◆◆◆◆◆□◆◆
■＿◆□□□□□◆◆
＿＿□□□□□□□□
□＿□□□□□□□□
□□□□□□□□＿□
□□＿□□□□□□□
□□□□＿□□□□□
□□□□□□□＿□□
□□□□□□□□＿□
＿□□□□□□□□□
＿□□□□□□□□□
00:14:56(26905f):field(26904f)
＿＿＿＿＿＿＿＿＿＿
＿＿＿＿＿＿＿＿＿＿
＿＿＿＿＿＿＿＿＿＿
＿＿＿＿＿＿＿＿＿＿
＿＿＿＿＿＿＿＿＿＿
＿＿＿＿＿＿＿＿＿＿
＿＿＿＿＿＿＿＿＿＿
＿＿＿＿＿＿＿＿＿＿
＿＿＿＿＿＿＿＿＿＿
＿＿＿＿＿＿＿◆＿＿
◆＿＿◆◆◆◆□＿＿
■■□□□□□□◆□
◆■□□□□□□□□
□□□□□□□□＿□
□□＿□□□□□□□
□□□□＿□□□□□
□□□□□□□＿□□
□□□□□□□□＿□
＿□□□□□□□□□
＿□□□□□□□□□
00:14:57(26916f):field(26915f)
＿＿＿＿＿＿＿＿＿＿
＿＿＿＿＿＿＿＿＿＿
＿＿＿＿＿＿＿＿＿＿
＿＿＿＿＿＿＿＿＿＿
＿＿＿＿＿＿＿＿＿＿
＿＿＿＿＿＿＿＿＿＿
＿＿＿＿＿＿＿＿＿＿
＿＿＿＿＿＿＿＿＿＿
＿＿＿＿＿＿＿＿＿＿
＿＿＿＿＿＿＿＿＿＿
＿＿＿■■■■□＿＿
□□◆□□□□□＿◆
＿□□□□□□□□□
□□□□□□□□＿□
□□＿□□□□□□□
□□□□＿□□□□□
□□□□□□□＿□□
□□□□□□□□＿□
＿□□□□□□□□□
＿□□□□□□□□□
00:14:57(26926f):field(26925f)
＿＿＿＿＿＿＿＿＿＿
＿＿＿＿＿＿＿＿＿＿
＿＿＿＿＿＿＿＿＿＿
＿＿＿＿＿＿＿＿＿＿
＿＿＿＿＿＿＿＿＿＿
＿＿＿＿＿＿＿＿＿＿
＿＿＿＿＿＿＿＿＿＿
＿＿＿＿＿＿＿＿＿＿
＿＿＿＿＿＿＿＿＿＿
＿＿＿＿＿＿＿＿＿＿
＿＿＿□□□□□■■
□□＿□□□□□■■
＿□□□□□□□□□
□□□□□□□□＿□
□□＿□□□□□□□
□□□□＿□□□□□
□□□□□□□＿□□
□□□□□□□□＿□
＿□□□□□□□□□
＿□□□□□□□□□
00:14:57(26939f):field(26938f)
＿＿＿＿＿＿＿＿＿＿
＿＿＿＿＿＿＿＿＿＿
＿＿＿＿＿＿＿＿＿＿
＿＿＿＿＿＿＿＿＿＿
＿＿＿＿＿＿＿＿＿＿
＿＿＿＿＿＿＿＿＿＿
＿＿＿＿＿＿＿＿＿＿
＿＿＿＿＿■＿＿＿＿
＿＿＿＿■■＿＿＿＿
＿＿＿＿■＿＿＿＿＿
＿＿＿□□□□□□□
□□＿□□□□□□□
＿□□□□□□□□□
□□□□□□□□＿□
□□＿□□□□□□□
□□□□＿□□□□□
□□□□□□□＿□□
□□□□□□□□＿□
＿□□□□□□□□□
＿□□□□□□□□□
00:14:58(26956f):field(26955f)
＿＿＿＿＿＿＿＿＿＿
＿＿＿＿＿＿＿＿＿＿
＿＿＿＿＿＿＿＿＿＿
＿＿＿＿＿＿＿＿＿＿
＿＿＿＿＿＿＿＿＿＿
＿＿＿＿＿＿＿＿＿＿
＿＿＿＿＿＿＿＿＿＿
＿＿＿＿＿□＿＿＿＿
＿＿＿＿□□＿＿■■
＿＿＿＿□＿＿＿■■
＿＿＿□□□□□□□
□□＿□□□□□□□
＿□□□□□□□□□
□□□□□□□□＿□
□□＿□□□□□□□
□□□□＿□□□□□
□□□□□□□＿□□
□□□□□□□□＿□
＿□□□□□□□□□
＿□□□□□□□□□
00:14:59(26972f):field(26971f)
＿＿＿＿＿＿＿＿＿＿
＿＿＿＿＿＿＿＿＿＿
＿＿＿＿＿＿＿＿＿＿
＿＿＿＿＿＿＿＿＿＿
＿＿＿＿＿＿＿＿＿＿
＿＿＿＿＿＿＿＿＿＿
＿＿＿＿＿＿＿＿＿＿
＿＿＿＿＿◆＿＿＿＿
＿＿＿＿◆◆＿＿◆◆
＿■＿■◆■＿＿◆◆
■＿■◆□□◆◆□□
◆◆■◆□□◆□□□
■□□□□□□□□□
□□□□□□□□＿□
□□＿□□□□□□□
□□□□＿□□□□□
□□□□□□□＿□□
□□□□□□□□＿□
＿□□□□□□□□□
＿□□□□□□□□□
00:14:59(26985f):field(26984f)
＿＿＿＿＿＿＿＿＿＿
＿＿＿＿＿＿＿＿＿＿
＿＿＿＿＿＿＿＿＿＿
＿＿＿＿＿＿＿＿＿＿
＿＿＿＿＿＿＿＿＿＿
＿＿＿＿＿＿＿＿＿＿
＿＿＿＿＿＿＿＿＿＿
＿＿＿＿＿＿＿＿＿＿
＿＿＿＿＿＿＿＿＿＿
＿◆＿□■□＿＿＿＿
◆＿□■□□＿＿□□
＿＿◆＿□◆＿◆□□
◆□□□□□□□□□
□□□□□□□□＿□
□□＿□□□□□□□
□□□□＿□□□□□
□□□□□□□＿□□
□□□□□□□□＿□
＿□□□□□□□□□
＿□□□□□□□□□
00:15:00(27001f):field(27000f)
＿＿＿＿＿＿＿＿＿＿
＿＿＿＿＿＿＿＿＿＿
＿＿＿＿＿＿＿＿＿＿
＿＿＿＿＿＿＿＿＿＿
＿＿＿＿＿＿＿＿＿＿
＿＿＿＿＿＿＿＿＿＿
＿＿＿＿＿＿＿＿＿＿
＿＿＿＿＿＿＿＿＿＿
＿＿＿＿＿＿＿＿＿＿
＿＿＿◆◆◆＿＿＿＿
■＿◆□□□＿＿◆◆
■＿■■□■＿＿□□
■□□◆□◆◆◆□□
□□□□□□□□＿□
□□■□□□□□□□
□□□□＿□□□□□
□□□□□□□＿□□
□□□□□□□□＿□
＿□□□□□□□□□
＿□□□□□□□□□
00:15:00(27016f):field(27015f)
＿＿＿＿＿＿＿＿＿＿
＿＿＿＿＿＿＿＿＿＿
＿＿＿＿＿＿＿＿＿＿
＿＿＿＿＿＿＿＿＿＿
＿＿＿＿＿＿＿＿＿＿
＿＿＿＿＿＿＿＿＿＿
＿＿＿＿＿＿＿＿＿＿
＿＿＿＿＿＿＿＿＿＿
＿＿＿＿＿＿＿＿＿＿
＿＿＿＿＿＿＿＿＿＿
□＿＿□□□＿＿＿＿
□＿□□□□＿■□□
□◆◆＿□■■■□□
□□□□□□□□＿□
□□◆□□□□□□□
□□□□＿□□□□□
□□□□□□□＿□□
□□□□□□□□＿□
＿□□□□□□□□□
＿□□□□□□□□□
00:15:00(27027f):field(27026f)
＿＿＿＿＿＿＿＿＿＿
＿＿＿＿＿＿＿＿＿＿
＿＿＿＿＿＿＿＿＿＿
＿＿＿＿＿＿＿＿＿＿
＿＿＿＿＿＿＿＿＿＿
＿＿＿＿＿＿＿＿＿＿
＿＿＿＿＿＿＿＿＿＿
＿＿＿＿＿＿＿＿＿＿
＿＿＿＿＿＿＿＿＿＿
＿＿＿＿＿＿＿■＿＿
□＿＿□□□■■＿＿
□＿□□□□■□□□
□＿＿＿□□□□□□
□□□□□□□□＿□
□□＿□□□□□□□
□□□□＿□□□□□
□□□□□□□＿□□
□□□□□□□□＿□
＿□□□□□□□□□
＿□□□□□□□□□
00:15:01(27042f):field(27041f)
＿＿＿＿＿＿＿＿＿＿
＿＿＿＿＿＿＿＿＿＿
＿＿＿＿＿＿＿＿＿＿
＿＿＿＿＿＿＿＿＿＿
＿＿＿＿＿＿＿＿＿＿
＿＿＿＿＿＿＿＿＿＿
＿＿＿＿＿＿＿＿＿＿
＿＿＿＿＿＿＿＿＿＿
＿＿＿＿＿＿＿＿＿＿
＿＿＿＿＿＿＿◆＿＿
□＿＿◆◆◆□□＿＿
□■□□□□□□◆◆
□■■＿□□□□□□
□□□□□□□□＿□
□□＿□□□□□□□
□□□□＿□□□□□
□□□□□□□＿□□
□□□□□□□□＿□
＿□□□□□□□□□
＿□□□□□□□□□
00:15:01(27055f):field(27054f)
＿＿＿＿＿＿＿＿＿＿
＿＿＿＿＿＿＿＿＿＿
＿＿＿＿＿＿＿＿＿＿
＿＿＿＿＿＿＿＿＿＿
＿＿＿＿＿＿＿＿＿＿
＿＿＿＿＿＿＿＿＿＿
＿＿＿＿＿＿＿＿＿＿
＿＿＿＿＿＿＿＿＿＿
■＿＿＿＿＿＿＿＿＿
■■＿＿＿＿＿＿＿＿
◆■＿＿＿＿◆□＿＿
□□□□□□□□＿＿
□□◆＿□□□□□□
□□□□□□□□＿□
□□＿□□□□□□□
□□□□＿□□□□□
□□□□□□□＿□□
□□□□□□□□＿□
＿□□□□□□□□□
＿□□□□□□□□□
00:15:02(27066f):field(27065f)
＿＿＿＿＿＿＿＿＿＿
＿＿＿＿＿＿＿＿＿＿
＿＿＿＿＿＿＿＿＿＿
＿＿＿＿＿＿＿＿＿＿
＿＿＿＿＿＿＿＿＿＿
＿＿＿＿＿＿＿＿＿＿
＿＿＿＿＿＿＿＿＿＿
＿＿＿＿＿＿＿＿＿＿
□＿＿＿＿＿＿＿＿＿
□□＿＿＿■■＿＿＿
＿□＿＿＿■■□＿＿
□□□□□□□□＿＿
□□＿＿□□□□□□
□□□□□□□□＿□
□□＿□□□□□□□
□□□□＿□□□□□
□□□□□□□＿□□
□□□□□□□□＿□
＿□□□□□□□□□
＿□□□□□□□□□
00:15:02(27079f):field(27078f)
＿＿＿＿＿＿＿＿＿＿
＿＿＿＿＿＿＿＿＿＿
＿＿＿＿＿＿＿＿＿＿
＿＿＿＿＿＿＿＿＿＿
＿＿＿＿＿＿＿＿＿＿
＿＿＿＿＿＿＿＿＿＿
＿＿＿＿＿＿＿＿＿＿
＿＿＿＿＿＿＿＿＿＿
□＿＿＿＿＿＿＿＿■
□□＿＿＿□□＿＿■
＿□＿＿＿□□□＿■
□□□□□□□□＿■
□□＿＿□□□□□□
□□□□□□□□＿□
□□＿□□□□□□□
□□□□＿□□□□□
□□□□□□□＿□□
□□□□□□□□＿□
＿□□□□□□□□□
＿□□□□□□□□□
00:15:03(27090f):field(27089f)
＿＿＿＿＿＿＿＿＿＿
＿＿＿＿＿＿＿＿＿＿
＿＿＿＿＿＿＿＿＿＿
＿＿＿＿＿＿＿＿＿＿
＿＿＿＿＿＿＿＿＿＿
＿＿＿＿＿＿＿＿＿＿
＿＿＿＿＿＿＿＿＿＿
＿＿＿＿＿＿＿＿＿＿
□＿＿＿＿＿＿＿＿□
□□＿■＿□□＿＿□
＿□■■■□□□＿□
□□□□□□□□＿□
□□＿＿□□□□□□
□□□□□□□□＿□
□□＿□□□□□□□
□□□□＿□□□□□
□□□□□□□＿□□
□□□□□□□□＿□
＿□□□□□□□□□
＿□□□□□□□□□
00:15:03(27103f):field(27102f)
＿＿＿＿＿＿＿＿＿＿
＿＿＿＿＿＿＿＿＿＿
＿＿＿＿＿＿＿＿＿＿
＿＿＿＿＿＿＿＿＿＿
＿＿＿＿＿＿＿＿＿＿
＿＿＿＿＿＿＿＿＿＿
＿＿＿＿＿＿＿＿＿＿
＿＿＿＿＿＿＿＿＿＿
□＿■■■＿＿＿＿□
□□＿□■□□＿＿□
＿□□□□□□□＿□
□□□□□□□□＿□
□□＿＿□□□□□□
□□□□□□□□＿□
□□＿□□□□□□□
□□□□＿□□□□□
□□□□□□□＿□□
□□□□□□□□＿□
＿□□□□□□□□□
＿□□□□□□□□□
00:15:03(27116f):field(27115f)
＿＿＿＿＿＿＿＿＿＿
＿＿＿＿＿＿＿＿＿＿
＿＿＿＿＿＿＿＿＿＿
＿＿＿＿＿＿＿＿＿＿
＿＿＿＿＿＿＿＿＿＿
＿＿＿＿＿＿＿＿＿＿
＿＿＿＿■＿＿＿＿＿
＿＿＿＿■■＿＿＿＿
□＿□□□■＿＿＿□
□□＿□□□□＿＿□
＿□□□□□□□＿□
□□□□□□□□＿□
□□＿＿□□□□□□
□□□□□□□□＿□
□□＿□□□□□□□
□□□□＿□□□□□
□□□□□□□＿□□
□□□□□□□□＿□
＿□□□□□□□□□
＿□□□□□□□□□
00:15:04(27129f):field(27128f)
＿＿＿＿＿＿＿＿＿＿
＿＿＿＿＿＿＿＿＿＿
＿＿＿＿＿＿＿＿＿＿
＿＿＿＿＿＿＿＿＿＿
＿＿＿＿＿＿＿＿＿＿
＿＿＿＿＿＿＿＿＿＿
＿＿■＿□＿＿＿＿＿
＿■■＿□□＿＿＿＿
□■□□□□＿＿＿□
□□＿□□□□＿＿□
＿□□□□□□□＿□
□□□□□□□□＿□
□□＿＿□□□□□□
□□□□□□□□＿□
□□＿□□□□□□□
□□□□＿□□□□□
□□□□□□□＿□□
□□□□□□□□＿□
＿□□□□□□□□□
＿□□□□□□□□□
00:15:04(27143f):field(27142f)
＿＿＿＿＿＿＿＿＿＿
＿＿＿＿＿＿＿＿＿＿
＿＿＿＿＿＿＿＿＿＿
＿＿＿＿＿＿＿＿＿＿
＿＿＿＿＿＿＿＿＿＿
＿＿＿＿＿＿＿＿＿＿
＿＿◆＿◆＿＿＿＿＿
＿◆□＿□◆＿＿＿＿
◆□□◆□□＿＿＿◆
□□■□□□◆＿■□
■□◆□□□□◆■□
◆□□□□□□□■□
□□＿＿□□□□□□
□□□□□□□□＿□
□□＿□□□□□□□
□□□□＿□□□□□
□□□□□□□＿□□
□□□□□□□□＿□
＿□□□□□□□□□
＿□□□□□□□□□
00:15:05(27158f):field(27157f)
＿＿＿＿＿＿＿＿＿＿
＿＿＿＿＿＿＿＿＿＿
＿＿＿＿＿＿＿＿＿＿
＿＿＿＿＿＿＿＿＿＿
＿＿＿＿＿＿＿＿＿＿
＿＿＿＿＿＿＿＿＿＿
＿＿＿＿＿＿＿＿＿＿
＿＿◆＿◆＿＿＿＿＿
＿◆□＿□◆■＿＿＿
◆□□◆□□＿■◆◆
□□＿□□□□■□□
■□□□□□□□□□
□□＿＿□□□□□□
□□□□□□□□＿□
□□＿□□□□□□□
□□□□＿□□□□□
□□□□□□□＿□□
□□□□□□□□＿□
＿□□□□□□□□□
＿□□□□□□□□□
00:15:05(27168f):field(27167f)
＿＿＿＿＿＿＿＿＿＿
＿＿＿＿＿＿＿＿＿＿
＿＿＿＿＿＿＿＿＿＿
＿＿＿＿＿＿＿＿＿＿
＿＿＿＿＿＿＿＿＿＿
＿＿＿＿＿＿＿＿＿＿
＿＿＿＿＿＿＿＿＿＿
＿＿＿■■＿＿＿＿＿
＿＿□■□＿◆＿＿＿
＿□□■□□＿□＿＿
□□＿□□□□□□□
◆□□□□□□□□□
□□＿＿□□□□□□
□□□□□□□□＿□
□□＿□□□□□□□
□□□□＿□□□□□
□□□□□□□＿□□
□□□□□□□□＿□
＿□□□□□□□□□
＿□□□□□□□□□
00:15:06(27180f):field(27179f)
＿＿＿＿＿＿＿＿＿＿
＿＿＿＿＿＿＿＿＿＿
＿＿＿＿＿＿＿＿＿＿
＿＿＿＿＿＿＿＿＿＿
＿＿＿＿＿＿＿＿＿＿
＿＿＿＿＿＿＿＿＿＿
＿＿＿＿＿＿＿＿＿＿
＿＿＿□□＿＿＿＿＿
＿＿□□□＿＿＿■■
＿□□□□□＿□■■
□□＿□□□□□□□
＿□□□□□□□□□
□□＿＿□□□□□□
□□□□□□□□＿□
□□＿□□□□□□□
□□□□＿□□□□□
□□□□□□□＿□□
□□□□□□□□＿□
＿□□□□□□□□□
＿□□□□□□□□□
00:15:06(27196f):field(27195f)
＿＿＿＿＿＿＿＿＿＿
＿＿＿＿＿＿＿＿＿＿
＿＿＿＿＿＿＿＿＿＿
＿＿＿＿＿＿＿＿＿＿
＿＿＿＿＿＿＿＿＿＿
＿＿＿＿＿＿＿＿＿＿
＿＿＿＿■■＿＿＿＿
＿＿＿□□■＿＿＿＿
＿＿□□□■＿＿□□
＿□□□□□＿□□□
□□＿□□□□□□□
＿□□□□□□□□□
□□＿＿□□□□□□
□□□□□□□□＿□
□□＿□□□□□□□
□□□□＿□□□□□
□□□□□□□＿□□
□□□□□□□□＿□
＿□□□□□□□□□
＿□□□□□□□□□
00:15:06(27208f):field(27207f)
＿＿＿＿＿＿＿＿＿＿
＿＿＿＿＿＿＿＿＿＿
＿＿＿＿＿＿＿＿＿＿
＿＿＿＿＿＿＿＿＿＿
＿＿＿＿＿＿＿＿＿＿
＿＿＿＿＿＿＿＿＿＿
■＿＿＿□□＿＿＿＿
■＿＿□□□＿＿＿＿
■＿□□□□＿＿□□
■□□□□□＿□□□
□□＿□□□□□□□
＿□□□□□□□□□
□□＿＿□□□□□□
□□□□□□□□＿□
□□＿□□□□□□□
□□□□＿□□□□□
□□□□□□□＿□□
□□□□□□□□＿□
＿□□□□□□□□□
＿□□□□□□□□□
00:15:07(27222f):field(27221f)
＿＿＿＿＿＿＿＿＿＿
＿＿＿＿＿＿＿＿＿＿
＿＿＿＿＿＿＿＿＿＿
＿＿＿＿＿＿＿＿＿＿
＿＿＿＿＿＿＿＿＿＿
＿＿＿＿＿＿＿＿＿＿
◆＿＿＿◆◆＿＿＿＿
□＿＿◆□□＿＿＿＿
□＿◆□□□■＿□◆
□◆□□□□■□□□
□□■□□□□□□□
＿□□□□□□□□□
□□＿＿□□□□□□
□□□□□□□□＿□
□□＿□□□□□□□
□□□□＿□□□□□
□□□□□□□＿□□
□□□□□□□□＿□
＿□□□□□□□□□
＿□□□□□□□□□
00:15:07(27233f):field(27232f)
＿＿＿＿＿＿＿＿＿＿
＿＿＿＿＿＿＿＿＿＿
＿＿＿＿＿＿＿＿＿＿
＿＿＿＿＿＿＿＿＿＿
＿＿＿＿＿＿＿＿＿＿
＿＿＿＿＿＿＿＿＿＿
＿＿＿＿＿＿＿＿＿＿
□＿＿＿□□＿■＿＿
□＿＿□□□□■□■
□＿□□□□□□□□
□□◆□□□□□□□
＿□□□□□□□□□
□□＿＿□□□□□□
□□□□□□□□＿□
□□＿□□□□□□□
□□□□＿□□□□□
□□□□□□□＿□□
□□□□□□□□＿□
＿□□□□□□□□□
＿□□□□□□□□□
00:15:08(27243f):field(27242f)
＿＿＿＿＿＿＿＿＿＿
＿＿＿＿＿＿＿＿＿＿
＿＿＿＿＿＿＿＿＿＿
＿＿＿＿＿＿＿＿＿＿
＿＿＿＿＿＿＿＿＿＿
＿＿＿＿＿■＿＿＿＿
＿＿＿＿＿■■＿＿＿
□＿＿＿□□■□＿＿
□＿＿□□□□□□□
□＿□□□□□□□□
□□＿□□□□□□□
＿□□□□□□□□□
□□＿＿□□□□□□
□□□□□□□□＿□
□□＿□□□□□□□
□□□□＿□□□□□
□□□□□□□＿□□
□□□□□□□□＿□
＿□□□□□□□□□
＿□□□□□□□□□
00:15:08(27259f):field(27258f)
＿＿＿＿＿＿＿＿＿＿
＿＿＿＿＿＿＿＿＿＿
＿＿＿＿＿＿＿＿＿＿
＿＿＿＿＿＿＿＿＿＿
＿＿＿＿＿＿＿＿＿＿
＿＿＿＿＿◆＿＿＿＿
＿＿＿＿＿◆◆＿＿＿
◆■■＿◆□◆◆＿■
◆＿■◆◆□□□◆◆
□■□◆□□□□□◆
□□■□□□□□□□
■□□□□□□□□□
□□＿＿□□□□□□
□□□□□□□□＿□
□□＿□□□□□□□
□□□□＿□□□□□
□□□□□□□＿□□
□□□□□□□□＿□
＿□□□□□□□□□
＿□□□□□□□□□
00:15:08(27269f):field(27268f)
＿＿＿＿＿＿＿＿＿＿
＿＿＿＿＿＿＿＿＿＿
＿＿＿＿＿＿＿＿＿＿
＿＿＿＿＿＿＿＿＿＿
＿＿＿＿＿＿＿＿＿＿
＿＿＿＿■＿＿＿＿＿
＿＿＿＿■＿＿＿＿＿
＿◆◆＿■□＿＿＿◆
＿＿◆＿■□□◆＿＿
□◆□＿□□□□◆＿
□□◆□□□□□□□
◆□□□□□□□□□
□□＿＿□□□□□□
□□□□□□□□＿□
□□＿□□□□□□□
□□□□＿□□□□□
□□□□□□□＿□□
□□□□□□□□＿□
＿□□□□□□□□□
＿□□□□□□□□□
00:15:09(27281f):field(27280f)
＿＿＿＿＿＿＿＿＿＿
＿＿＿＿＿＿＿＿＿＿
＿＿＿＿＿＿＿＿＿＿
＿＿＿＿＿＿＿＿＿＿
＿＿＿＿＿＿＿＿＿＿
＿＿＿＿□＿＿＿＿＿
＿＿＿＿□＿＿＿＿＿
＿＿＿＿□□＿＿＿＿
＿＿＿＿□□□＿■■
□＿□＿□□□□■■
□□＿□□□□□□□
＿□□□□□□□□□
□□＿＿□□□□□□
□□□□□□□□＿□
□□＿□□□□□□□
□□□□＿□□□□□
□□□□□□□＿□□
□□□□□□□□＿□
＿□□□□□□□□□
＿□□□□□□□□□
00:15:10(27310f):field(27309f)
＿＿＿＿＿＿＿＿＿＿
＿＿＿＿＿＿＿＿＿＿
＿＿＿＿＿＿＿＿＿＿
＿＿＿＿＿＿＿＿＿＿
＿＿＿＿＿＿＿＿＿＿
＿＿＿＿◆＿＿＿＿＿
＿＿＿＿□＿＿＿＿＿
＿＿＿＿□◆＿＿＿＿
■＿＿■□□◆＿◆◆
□■□■□□□◆□□
□□■□□□□□□□
■□□□□□□□□□
□□＿＿□□□□□□
□□□□□□□□＿□
□□＿□□□□□□□
□□□□＿□□□□□
□□□□□□□＿□□
□□□□□□□□＿□
＿□□□□□□□□□
＿□□□□□□□□□
00:15:10(27324f):field(27323f)
＿＿＿＿＿＿＿＿＿＿
＿＿＿＿＿＿＿＿＿＿
＿＿＿＿＿＿＿＿＿＿
＿＿＿＿＿＿＿＿＿＿
＿＿＿＿＿＿＿＿＿＿
＿＿＿＿＿＿＿＿＿＿
＿＿＿＿◆＿＿＿＿＿
＿＿＿＿□＿＿＿＿＿
◆■＿◆□◆■＿＿＿
□◆□□□□□■◆◆
□□◆□□□□□□□
□□□□□□□□□□
□□＿＿□□□□□□
□□□□□□□□＿□
□□＿□□□□□□□
□□□□＿□□□□□
□□□□□□□＿□□
□□□□□□□□＿□
＿□□□□□□□□□
＿□□□□□□□□□
00:15:11(27336f):field(27335f)
＿＿＿＿＿＿＿＿＿＿
＿＿＿＿＿＿＿＿＿＿
＿＿＿＿＿＿＿＿＿＿
＿＿＿＿＿＿＿＿＿＿
＿＿＿＿＿＿＿＿＿＿
＿＿＿＿＿＿＿＿＿＿
＿＿＿＿＿＿■＿＿＿
＿＿＿＿□■■＿＿＿
＿◆＿＿□■□＿＿＿
□＿◆□□□□□＿＿
□□＿□□□□□□□
◆□□□□□□□□□
□□＿＿□□□□□□
□□□□□□□□＿□
□□＿□□□□□□□
□□□□＿□□□□□
□□□□□□□＿□□
□□□□□□□□＿□
＿□□□□□□□□□
＿□□□□□□□□□
00:15:11(27346f):field(27345f)
＿＿＿＿＿＿＿＿＿＿
＿＿＿＿＿＿＿＿＿＿
＿＿＿＿＿＿＿＿＿＿
＿＿＿＿＿＿＿＿＿＿
＿＿＿＿■＿＿＿＿＿
＿＿＿＿■＿＿＿＿＿
＿＿＿＿■■□＿＿＿
＿＿＿＿□□□＿＿＿
＿＿＿＿□□□＿＿＿
□＿＿□□□□□＿＿
□□＿□□□□□□□
＿□□□□□□□□□
□□＿＿□□□□□□
□□□□□□□□＿□
□□＿□□□□□□□
□□□□＿□□□□□
□□□□□□□＿□□
□□□□□□□□＿□
＿□□□□□□□□□
＿□□□□□□□□□
00:15:11(27358f):field(27357f)
＿＿＿＿＿＿＿＿＿＿
＿＿＿＿＿＿＿＿＿＿
＿＿＿＿＿＿＿＿＿＿
＿＿＿＿＿＿＿＿＿＿
＿＿＿＿□＿＿＿＿＿
＿＿＿＿□＿＿＿＿＿
＿＿＿＿□□□＿＿＿
＿＿＿＿□□□＿＿＿
＿＿＿＿□□□＿■■
□＿＿□□□□□■■
□□＿□□□□□□□
＿□□□□□□□□□
□□＿＿□□□□□□
□□□□□□□□＿□
□□＿□□□□□□□
□□□□＿□□□□□
□□□□□□□＿□□
□□□□□□□□＿□
＿□□□□□□□□□
＿□□□□□□□□□
00:15:12(27375f):field(27374f)
＿＿＿＿＿＿＿＿＿＿
＿＿＿＿＿＿＿＿＿＿
＿＿＿＿＿＿＿＿＿＿
＿＿＿＿＿＿＿＿＿＿
＿＿＿＿◆＿＿＿＿＿
＿＿＿＿◆＿＿＿＿＿
＿＿＿＿□◆◆＿＿＿
＿＿＿＿□◆◆＿＿＿
＿＿■＿□□□＿◆◆
◆＿■◆□□□□◆◆
◆◆■□□□□◆□□
■□□□□□□□□□
□□＿＿□□□□□□
□□□□□□□□＿□
□□＿□□□□□□□
□□□□＿□□□□□
□□□□□□□＿□□
□□□□□□□□＿□
＿□□□□□□□□□
＿□□□□□□□□□
00:15:12(27386f):field(27385f)
＿＿＿＿＿＿＿＿＿＿
＿＿＿＿＿＿＿＿＿＿
＿＿＿＿＿＿＿＿＿＿
＿＿＿＿＿＿＿＿＿＿
＿＿＿＿＿＿＿＿＿＿
＿＿＿＿＿＿＿＿＿＿
＿＿＿＿□＿＿＿＿＿
＿＿＿＿□＿＿＿＿＿
＿＿◆＿□□□＿＿＿
＿■□＿□□□◆＿＿
■■□◆□□□＿□□
◆□□□□□□□□□
□□＿＿□□□□□□
□□□□□□□□＿□
□□＿□□□□□□□
□□□□＿□□□□□
□□□□□□□＿□□
□□□□□□□□＿□
＿□□□□□□□□□
＿□□□□□□□□□
00:15:13(27399f):field(27398f)
＿＿＿＿＿＿＿＿＿＿
＿＿＿＿＿＿＿＿＿＿
＿＿＿＿＿＿＿＿＿＿
＿＿＿＿＿＿＿＿＿＿
＿＿＿＿＿＿＿＿＿＿
＿＿＿＿＿＿＿＿＿＿
＿＿＿＿□＿＿＿＿＿
＿＿＿■□＿＿＿＿＿
＿＿＿■□□□＿＿＿
＿□□■□□□＿＿＿
□□□■□□□＿□□
＿□□□□□□□□□
□□＿＿□□□□□□
□□□□□□□□＿□
□□＿□□□□□□□
□□□□＿□□□□□
□□□□□□□＿□□
□□□□□□□□＿□
＿□□□□□□□□□
＿□□□□□□□□□
00:15:13(27413f):field(27412f)
＿＿＿＿＿＿＿＿＿＿
＿＿＿＿＿＿＿＿＿＿
＿＿＿＿＿＿＿＿＿＿
＿＿＿＿＿＿＿＿＿＿
＿＿＿＿＿＿＿＿＿＿
＿＿＿＿＿＿＿＿＿＿
＿＿＿＿◆＿＿＿＿＿
＿＿＿◆□＿＿＿＿＿
＿＿＿□□◆◆＿＿＿
＿□◆□□□□■＿＿
◆□□□□□□■□□
＿□□□□□□□□□
□□＿■□□□□□□
□□□□□□□□＿□
□□＿□□□□□□□
□□□□＿□□□□□
□□□□□□□＿□□
□□□□□□□□＿□
＿□□□□□□□□□
＿□□□□□□□□□
00:15:14(27426f):field(27425f)
＿＿＿＿＿＿＿＿＿＿
＿＿＿＿＿＿＿＿＿＿
＿＿＿＿＿＿＿＿＿＿
＿＿＿＿＿＿＿＿＿＿
＿＿＿＿＿＿＿＿＿＿
＿＿＿＿＿＿＿＿＿＿
＿＿＿＿＿＿＿＿＿＿
＿＿＿＿□＿＿＿＿＿
＿＿＿□□＿■■＿＿
＿◆＿□□□□□■＿
＿□□□□□□□□□
＿□□□□□□□□□
□□＿◆□□□□□□
□□□□□□□□＿□
□□＿□□□□□□□
□□□□＿□□□□□
□□□□□□□＿□□
□□□□□□□□＿□
＿□□□□□□□□□
＿□□□□□□□□□
00:15:14(27437f):field(27436f)
＿＿＿＿＿＿＿＿＿＿
＿＿＿＿＿＿＿＿＿＿
＿＿＿＿＿＿＿＿＿＿
＿＿＿＿＿＿＿＿＿＿
＿＿＿＿＿＿＿＿＿＿
＿＿＿＿＿＿＿＿＿＿
＿＿＿＿＿＿＿＿＿＿
＿＿＿＿□＿＿＿＿＿
＿■■□□＿□□＿＿
＿■■□□□□□□＿
＿□□□□□□□□□
＿□□□□□□□□□
□□＿＿□□□□□□
□□□□□□□□＿□
□□＿□□□□□□□
□□□□＿□□□□□
□□□□□□□＿□□
□□□□□□□□＿□
＿□□□□□□□□□
＿□□□□□□□□□
00:15:14(27447f):field(27446f)
＿＿＿＿＿＿＿＿＿＿
＿＿＿＿＿＿＿＿＿＿
＿＿＿＿＿＿＿＿＿＿
＿＿＿＿＿＿＿＿＿＿
＿＿＿＿＿＿＿＿＿＿
＿＿＿＿＿＿＿＿＿＿
＿＿＿■■＿＿＿＿＿
＿＿■■□＿＿＿＿＿
＿□□□□＿□□＿＿
＿□□□□□□□□＿
＿□□□□□□□□□
＿□□□□□□□□□
□□＿＿□□□□□□
□□□□□□□□＿□
□□＿□□□□□□□
□□□□＿□□□□□
□□□□□□□＿□□
□□□□□□□□＿□
＿□□□□□□□□□
＿□□□□□□□□□
00:15:15(27458f):field(27457f)
＿＿＿＿＿＿＿＿＿＿
＿＿＿＿＿＿＿＿＿＿
＿＿＿＿＿＿＿＿＿＿
＿＿＿＿＿＿＿＿＿＿
＿＿＿＿＿＿＿＿＿＿
＿＿＿＿＿＿＿＿＿＿
＿＿＿□□■■＿＿＿
＿＿□□□■＿＿＿＿
＿□□□□■□□＿＿
＿□□□□□□□□＿
＿□□□□□□□□□
＿□□□□□□□□□
□□＿＿□□□□□□
□□□□□□□□＿□
□□＿□□□□□□□
□□□□＿□□□□□
□□□□□□□＿□□
□□□□□□□□＿□
＿□□□□□□□□□
＿□□□□□□□□□
00:15:15(27473f):field(27472f)
＿＿＿＿＿＿＿＿＿＿
＿＿＿＿＿＿＿＿＿＿
＿＿＿＿＿＿＿＿＿＿
＿＿＿＿＿＿＿＿＿＿
＿＿＿＿＿＿＿＿＿＿
＿＿＿＿＿＿＿＿＿＿
＿＿＿◆◆◆◆＿＿＿
＿＿◆◆◆◆＿＿＿＿
＿◆◆□□□□◆＿＿
＿◆□□□□◆◆◆＿
■□□□□□□□◆□
■□□□□□□□□◆
□□■＿□□□□□□
□□□□□□□□＿□
□□＿□□□□□□□
□□□□＿□□□□□
□□□□□□□＿□□
□□□□□□□□＿□
＿□□□□□□□□□
＿□□□□□□□□□
00:15:16(27485f):field(27484f)
＿＿＿＿＿＿＿＿＿＿
＿＿＿＿＿＿＿＿＿＿
＿＿＿＿＿＿＿＿＿＿
＿＿＿＿＿＿＿＿＿＿
＿＿＿＿＿＿＿＿＿＿
＿＿＿＿＿＿＿＿＿＿
＿＿＿＿＿＿＿＿＿＿
＿＿■＿＿＿＿＿＿＿
＿■■□□□□＿＿＿
＿■□□□□＿＿＿＿
□□□□□□□□＿◆
□□□□□□□□□＿
□□◆＿□□□□□□
□□□□□□□□＿□
□□＿□□□□□□□
□□□□＿□□□□□
□□□□□□□＿□□
□□□□□□□□＿□
＿□□□□□□□□□
＿□□□□□□□□□
00:15:16(27498f):field(27497f)
＿＿＿＿＿＿＿＿＿＿
＿＿＿＿＿＿＿＿＿＿
＿＿＿＿＿＿＿＿＿＿
＿＿＿＿＿＿＿＿＿＿
＿＿＿＿＿＿＿＿＿＿
＿＿＿＿＿＿＿＿＿＿
＿＿＿＿＿＿＿＿＿＿
＿＿□＿＿＿＿＿＿＿
＿□□□□□□＿＿＿
＿□□□□□■■■＿
□□□□□□□□■＿
□□□□□□□□□＿
□□＿＿□□□□□□
□□□□□□□□＿□
□□＿□□□□□□□
□□□□＿□□□□□
□□□□□□□＿□□
□□□□□□□□＿□
＿□□□□□□□□□
＿□□□□□□□□□
00:15:16(27508f):field(27507f)
＿＿＿＿＿＿＿＿＿＿
＿＿＿＿＿＿＿＿＿＿
＿＿＿＿＿＿＿＿＿＿
＿＿＿＿＿＿＿＿＿＿
＿＿＿＿＿＿＿＿＿＿
＿＿■＿＿＿＿＿＿＿
＿＿■■＿＿＿＿＿＿
＿＿□■＿＿＿＿＿＿
＿□□□□□□＿＿＿
＿□□□□□□□□＿
□□□□□□□□□＿
□□□□□□□□□＿
□□＿＿□□□□□□
□□□□□□□□＿□
□□＿□□□□□□□
□□□□＿□□□□□
□□□□□□□＿□□
□□□□□□□□＿□
＿□□□□□□□□□
＿□□□□□□□□□
00:15:17(27518f):field(27517f)
＿＿＿＿＿＿＿＿＿＿
＿＿＿＿＿＿＿＿＿＿
＿＿＿＿＿＿＿＿＿＿
＿＿＿＿＿＿＿＿＿＿
＿＿＿＿＿＿＿＿＿＿
＿＿□＿＿＿＿＿＿＿
＿＿□□■■＿＿＿＿
＿＿□□■■＿＿＿＿
＿□□□□□□＿＿＿
＿□□□□□□□□＿
□□□□□□□□□＿
□□□□□□□□□＿
□□＿＿□□□□□□
□□□□□□□□＿□
□□＿□□□□□□□
□□□□＿□□□□□
□□□□□□□＿□□
□□□□□□□□＿□
＿□□□□□□□□□
＿□□□□□□□□□
00:15:17(27528f):field(27527f)
＿＿＿＿＿＿＿＿＿＿
＿＿＿＿＿＿＿＿＿＿
＿＿＿＿＿＿＿＿＿＿
＿＿＿＿＿＿＿＿＿＿
＿＿＿＿■＿＿＿＿＿
＿＿□■■■＿＿＿＿
＿＿□□□□＿＿＿＿
＿＿□□□□＿＿＿＿
＿□□□□□□＿＿＿
＿□□□□□□□□＿
□□□□□□□□□＿
□□□□□□□□□＿
□□＿＿□□□□□□
□□□□□□□□＿□
□□＿□□□□□□□
□□□□＿□□□□□
□□□□□□□＿□□
□□□□□□□□＿□
＿□□□□□□□□□
＿□□□□□□□□□
00:15:18(27547f):field(27546f)
＿＿＿＿＿＿＿＿＿＿
＿＿＿＿＿＿＿＿＿＿
＿＿＿＿＿＿＿＿＿＿
＿＿＿＿＿＿＿＿＿＿
＿＿＿＿◆＿＿＿＿＿
＿＿◆◆□◆＿＿＿＿
＿＿□□□□＿＿＿＿
＿＿□□□□＿＿＿＿
＿◆□□□□◆＿＿＿
＿□□□□□□□□■
◆□□□□□□□□■
□□□□□□□□□＿
□□＿■□□□□□□
□□□□□□□□＿□
□□＿□□□□□□□
□□□□＿□□□□□
□□□□□□□＿□□
□□□□□□□□＿□
＿□□□□□□□□□
＿□□□□□□□□□
00:15:18(27561f):field(27560f)
＿＿＿＿＿＿＿＿＿＿
＿＿＿＿＿＿＿＿＿＿
＿＿＿＿＿＿＿＿＿＿
＿＿＿＿＿＿＿＿＿＿
＿＿＿＿＿＿＿＿＿＿
＿＿＿＿◆＿＿＿＿＿
＿＿◆◆□◆＿＿＿＿
＿＿□□□□＿＿＿＿
＿＿□□□□＿＿＿＿
■□□□□□◆◆◆◆
■□□□□□□◆□□
□□□□□□□□□＿
□□■◆□□□□□□
□□□□□□□□＿□
□□＿□□□□□□□
□□□□＿□□□□□
□□□□□□□＿□□
□□□□□□□□＿□
＿□□□□□□□□□
＿□□□□□□□□□
00:15:19(27575f):field(27574f)
＿＿＿＿＿＿＿＿＿＿
＿＿＿＿＿＿＿＿＿＿
＿＿＿＿＿＿＿＿＿＿
＿＿＿＿＿＿＿＿＿＿
＿＿＿＿＿＿＿＿＿＿
＿＿＿＿＿＿＿＿＿＿
＿＿＿＿◆＿＿＿＿＿
＿＿◆◆□◆＿＿＿＿
＿＿□□□□＿＿＿＿
◆◆□□□□＿＿■＿
□□□□□□◆■□◆
□□□□□□□□□＿
□□□■□□□□□□
□□□□□□□□＿□
□□＿□□□□□□□
□□□□＿□□□□□
□□□□□□□＿□□
□□□□□□□□＿□
＿□□□□□□□□□
＿□□□□□□□□□
00:15:19(27585f):field(27584f)
＿＿＿＿＿＿＿＿＿＿
＿＿＿＿＿＿＿＿＿＿
＿＿＿＿＿＿＿＿＿＿
＿＿＿＿＿＿＿＿＿＿
＿＿＿＿＿＿＿＿＿＿
＿＿＿＿＿＿＿＿＿＿
＿＿＿■■＿＿＿＿＿
＿＿■■□＿＿＿＿＿
＿＿□□□□＿＿＿＿
＿＿□□□□＿＿□＿
□□□□□□＿□□＿
□□□□□□□□□＿
□□◆◆□□□□□□
□□□□□□□□＿□
□□＿□□□□□□□
□□□□＿□□□□□
□□□□□□□＿□□
□□□□□□□□＿□
＿□□□□□□□□□
＿□□□□□□□□□
00:15:19(27596f):field(27595f)
＿＿＿＿＿＿＿＿＿＿
＿＿＿＿＿＿＿＿＿＿
＿＿＿＿＿＿＿＿＿＿
＿＿＿＿＿＿＿＿＿＿
＿＿＿＿＿＿＿＿＿＿
＿＿＿＿＿＿＿＿＿＿
＿＿＿□□＿＿＿＿＿
＿＿□□□＿＿＿＿＿
■■□□□□＿＿＿＿
■■□□□□＿＿□＿
□□□□□□＿□□＿
□□□□□□□□□＿
□□＿＿□□□□□□
□□□□□□□□＿□
□□＿□□□□□□□
□□□□＿□□□□□
□□□□□□□＿□□
□□□□□□□□＿□
＿□□□□□□□□□
＿□□□□□□□□□
00:15:20(27607f):field(27606f)
＿＿＿＿＿＿＿＿＿＿
＿＿＿＿＿＿＿＿＿＿
＿＿＿＿＿＿＿＿＿＿
＿＿＿＿＿＿＿＿＿＿
＿＿＿＿＿＿＿＿＿＿
＿＿＿＿＿＿＿＿＿＿
＿＿＿□□＿＿＿＿＿
＿＿□□□＿■＿＿＿
□□□□□□■＿＿＿
□□□□□□■＿□＿
□□□□□□■□□＿
□□□□□□□□□＿
□□＿＿□□□□□□
□□□□□□□□＿□
□□＿□□□□□□□
□□□□＿□□□□□
□□□□□□□＿□□
□□□□□□□□＿□
＿□□□□□□□□□
＿□□□□□□□□□
00:15:20(27627f):field(27626f)
＿＿＿＿＿＿＿＿＿＿
＿＿＿＿＿＿＿＿＿＿
＿＿＿＿＿＿＿＿＿＿
＿＿＿＿＿＿＿＿＿＿
＿＿＿＿＿＿＿＿＿＿
＿＿＿＿＿＿＿＿＿＿
＿＿＿◆◆＿＿＿＿＿
＿■□□□＿◆＿＿■
◆◆□□□◆□■■＿
□□□□□□□■□＿
□□□□□□□□□＿
□□□□□□□□□＿
□□＿＿□□□□□□
□□□□□□□□＿□
□□＿□□□□□□□
□□□□＿□□□□□
□□□□□□□＿□□
□□□□□□□□＿□
＿□□□□□□□□□
＿□□□□□□□□□
00:15:21(27637f):field(27636f)
＿＿＿＿＿＿＿＿＿＿
＿＿＿＿＿＿＿＿＿＿
＿＿＿＿＿＿＿＿＿＿
＿＿＿＿＿＿＿＿＿＿
＿＿＿＿＿＿＿＿＿＿
＿＿＿＿＿＿＿＿＿＿
＿＿＿＿＿■＿＿＿＿
＿◆◆□□■■＿＿◆
＿＿□□□■□◆◆■
□□□□□□□□□＿
□□□□□□□□□＿
□□□□□□□□□＿
□□＿＿□□□□□□
□□□□□□□□＿□
□□＿□□□□□□□
□□□□＿□□□□□
□□□□□□□＿□□
□□□□□□□□＿□
＿□□□□□□□□□
＿□□□□□□□□□
00:15:21(27647f):field(27646f)
＿＿＿＿＿＿＿＿＿＿
＿＿＿＿＿＿＿＿＿＿
＿＿＿＿＿＿＿＿＿＿
＿＿＿＿＿＿＿＿＿＿
＿＿＿＿＿＿＿＿＿＿
＿＿＿＿■■＿＿＿＿
＿＿＿■■□＿＿＿＿
＿＿＿□□□□＿＿＿
＿＿□□□□□＿＿◆
□□□□□□□□□＿
□□□□□□□□□＿
□□□□□□□□□＿
□□＿＿□□□□□□
□□□□□□□□＿□
□□＿□□□□□□□
□□□□＿□□□□□
□□□□□□□＿□□
□□□□□□□□＿□
＿□□□□□□□□□
＿□□□□□□□□□
00:15:22(27660f):field(27659f)
＿＿＿＿＿＿＿＿＿＿
＿＿＿＿＿＿＿＿＿＿
＿＿＿＿＿＿＿＿＿＿
＿＿＿＿＿＿＿＿＿＿
＿＿＿＿＿＿＿＿＿＿
＿＿＿＿□□＿＿＿＿
＿＿＿□□□＿＿＿＿
■■＿□□□□＿＿＿
■■□□□□□＿＿＿
□□□□□□□□□＿
□□□□□□□□□＿
□□□□□□□□□＿
□□＿＿□□□□□□
□□□□□□□□＿□
□□＿□□□□□□□
□□□□＿□□□□□
□□□□□□□＿□□
□□□□□□□□＿□
＿□□□□□□□□□
＿□□□□□□□□□
00:15:22(27670f):field(27669f)
＿＿＿＿＿＿＿＿＿＿
＿＿＿＿＿＿＿＿＿＿
＿＿＿＿＿＿＿＿＿＿
＿＿＿＿■＿＿＿＿＿
＿＿＿■■＿＿＿＿＿
＿＿＿■□□＿＿＿＿
＿＿＿□□□＿＿＿＿
□□＿□□□□＿＿＿
□□□□□□□＿＿＿
□□□□□□□□□＿
□□□□□□□□□＿
□□□□□□□□□＿
□□＿＿□□□□□□
□□□□□□□□＿□
□□＿□□□□□□□
□□□□＿□□□□□
□□□□□□□＿□□
□□□□□□□□＿□
＿□□□□□□□□□
＿□□□□□□□□□
00:15:22(27687f):field(27686f)
＿＿＿＿＿＿＿＿＿＿
＿＿＿＿＿＿＿＿＿＿
＿＿＿＿＿＿＿＿＿＿
＿＿＿＿□＿＿＿＿＿
＿＿＿□□＿＿＿＿＿
＿＿＿□□□＿＿＿＿
＿＿＿□□□■■＿＿
□□＿□□□□■＿＿
□□□□□□□■＿＿
□□□□□□□□□＿
□□□□□□□□□＿
□□□□□□□□□＿
□□＿＿□□□□□□
□□□□□□□□＿□
□□＿□□□□□□□
□□□□＿□□□□□
□□□□□□□＿□□
□□□□□□□□＿□
＿□□□□□□□□□
＿□□□□□□□□□
00:15:23(27703f):field(27702f)
＿＿＿＿＿＿＿＿＿＿
＿＿＿＿＿＿＿＿＿＿
＿＿＿＿＿＿＿＿＿＿
＿＿＿＿◆＿＿＿＿＿
＿＿＿◆◆＿＿＿＿＿
＿＿＿◆◆◆＿＿＿＿
＿＿＿◆□◆◆◆＿＿
◆◆＿□□◆◆◆＿＿
◆◆◆□□□◆◆＿＿
◆□□□□□□□□＿
□□□□□□□□□＿
□□□□□□□□◆■
□□■＿□□□□□□
□□□□□□□□＿□
□□＿□□□□□□□
□□□□＿□□□□□
□□□□□□□＿□□
□□□□□□□□＿□
＿□□□□□□□□□
＿□□□□□□□□□
00:15:23(27716f):field(27715f)
＿＿＿＿＿＿＿＿＿＿
＿＿＿＿＿＿＿＿＿＿
＿＿＿＿＿＿＿＿＿＿
＿＿＿＿＿＿＿＿＿＿
＿＿＿＿＿＿＿＿＿＿
＿＿＿＿＿＿＿＿＿＿
＿＿＿＿◆＿＿＿＿＿
＿＿＿◆□＿＿＿＿＿
＿＿＿□□◆＿＿＿＿
＿◆◆□□□◆◆◆＿
◆◆◆□□□□□□＿
□□◆□□□□□■□
□□◆＿□□□□□□
□□□□□□□□＿□
□□＿□□□□□□□
□□□□＿□□□□□
□□□□□□□＿□□
□□□□□□□□＿□
＿□□□□□□□□□
＿□□□□□□□□□
00:15:24(27729f):field(27728f)
＿＿＿＿＿＿＿＿＿＿
＿＿＿＿＿＿＿＿＿＿
＿＿＿＿＿＿＿＿＿＿
＿＿＿＿＿＿＿＿＿＿
＿＿＿＿＿＿＿＿＿＿
＿＿＿＿＿＿＿＿＿＿
＿＿＿＿＿＿＿＿＿＿
＿＿＿＿□＿＿＿＿＿
＿＿＿□□＿＿＿■＿
＿＿＿□□□＿＿■■
＿＿＿□□□□□□■
□□＿□□□□□□□
□□＿＿□□□□□□
□□□□□□□□＿□
□□＿□□□□□□□
□□□□＿□□□□□
□□□□□□□＿□□
□□□□□□□□＿□
＿□□□□□□□□□
＿□□□□□□□□□
00:15:24(27741f):field(27740f)
＿＿＿＿＿＿＿＿＿＿
＿＿＿＿＿＿＿＿＿＿
＿＿＿＿＿＿＿＿＿＿
＿＿＿＿＿＿＿＿＿＿
＿＿＿＿＿＿＿＿＿＿
＿＿＿＿＿＿＿＿＿＿
＿＿＿＿＿＿＿＿＿＿
＿＿＿＿□＿＿＿＿＿
＿＿＿□□■■＿□＿
＿＿＿□□□■■□□
＿＿＿□□□□□□□
□□＿□□□□□□□
□□＿＿□□□□□□
□□□□□□□□＿□
□□＿□□□□□□□
□□□□＿□□□□□
□□□□□□□＿□□
□□□□□□□□＿□
＿□□□□□□□□□
＿□□□□□□□□□
00:15:25(27754f):field(27753f)
＿＿＿＿＿＿＿＿＿＿
＿＿＿＿＿＿＿＿＿＿
＿＿＿＿＿＿＿＿＿＿
＿＿＿＿＿＿＿＿＿＿
＿＿＿＿＿＿＿＿＿＿
＿＿＿＿＿＿＿＿＿＿
＿＿＿＿＿＿■＿＿＿
＿＿＿＿□＿■■＿＿
＿＿＿□□□□■□＿
＿＿＿□□□□□□□
＿＿＿□□□□□□□
□□＿□□□□□□□
□□＿＿□□□□□□
□□□□□□□□＿□
□□＿□□□□□□□
□□□□＿□□□□□
□□□□□□□＿□□
□□□□□□□□＿□
＿□□□□□□□□□
＿□□□□□□□□□
00:15:25(27778f):field(27777f)
＿＿＿＿＿＿＿＿＿＿
＿＿＿＿＿＿＿＿＿＿
＿＿＿＿＿＿＿＿＿＿
＿＿＿＿＿＿＿＿＿＿
＿＿＿＿＿＿＿＿＿＿
＿＿＿＿＿＿＿＿＿＿
＿＿＿＿＿＿◆＿＿＿
＿＿＿＿◆＿□◆＿＿
＿＿＿◆□◆□□◆＿
＿＿＿□□□□□□◆
＿＿■□□□□□□□
◆◆■□□□□□□□
□□■■□□□□□□
□□□□□□□□＿□
□□＿□□□□□□□
□□□□＿□□□□□
□□□□□□□＿□□
□□□□□□□□＿□
＿□□□□□□□□□
＿□□□□□□□□□
00:15:26(27790f):field(27789f)
＿＿＿＿＿＿＿＿＿＿
＿＿＿＿＿＿＿＿＿＿
＿＿＿＿＿＿＿＿＿＿
＿＿＿＿＿＿＿＿＿＿
＿＿＿＿＿＿＿＿＿＿
＿＿＿＿＿＿＿＿＿＿
＿＿＿＿＿＿＿＿＿＿
＿＿＿＿＿＿◆＿＿＿
＿＿＿＿◆＿□◆＿＿
＿＿＿◆□◆□□◆＿
■＿□□□□□□□◆
■＿□□□□□□□□
□□□◆□□□□□□
□□□□□□□□＿□
□□＿□□□□□□□
□□□□＿□□□□□
□□□□□□□＿□□
□□□□□□□□＿□
＿□□□□□□□□□
＿□□□□□□□□□
00:15:26(27801f):field(27800f)
＿＿＿＿＿＿＿＿＿＿
＿＿＿＿＿＿＿＿＿＿
＿＿＿＿＿＿＿＿＿＿
＿＿＿＿＿＿＿＿＿＿
＿＿＿＿＿＿＿＿＿＿
＿＿＿＿＿＿＿＿＿＿
＿＿＿＿＿＿＿＿＿＿
＿＿＿＿＿■■＿＿＿
＿＿＿＿＿■□＿＿＿
＿＿＿＿□■□□＿＿
□＿◆□□□□□□＿
□＿□□□□□□□□
□□□＿□□□□□□
□□□□□□□□＿□
□□＿□□□□□□□
□□□□＿□□□□□
□□□□□□□＿□□
□□□□□□□□＿□
＿□□□□□□□□□
＿□□□□□□□□□
00:15:27(27814f):field(27813f)
＿＿＿＿＿＿＿＿＿＿
＿＿＿＿＿＿＿＿＿＿
＿＿＿＿＿＿＿＿＿＿
＿＿＿＿＿＿＿＿＿＿
＿＿＿＿＿＿＿＿＿＿
＿＿＿＿＿＿＿＿＿＿
＿＿＿＿＿＿＿＿＿＿
＿＿＿＿＿◆◆＿＿＿
＿＿＿＿＿□□＿＿＿
＿＿＿＿◆□□◆＿＿
◆■■◆□□□□◆＿
□■□□□□□□□◆
□□□＿□□□□□□
□□□□□□□□＿□
□□＿□□□□□□□
□□□□＿□□□□□
□□□□□□□＿□□
□□□□□□□□＿□
＿□□□□□□□□□
＿□□□□□□□□□
00:15:27(27825f):field(27824f)
＿＿＿＿＿＿＿＿＿＿
＿＿＿＿＿＿＿＿＿＿
＿＿＿＿＿＿＿＿＿＿
＿＿＿＿＿＿＿＿＿＿
＿＿＿＿＿＿＿＿＿＿
＿＿＿＿＿＿＿＿＿＿
＿＿＿＿＿＿＿＿＿＿
＿＿＿＿＿＿＿＿＿＿
＿＿＿＿＿□□＿＿＿
■■＿＿＿□□＿＿＿
■□□＿□□□□＿＿
□□□□□□□□□＿
□□□＿□□□□□□
□□□□□□□□＿□
□□＿□□□□□□□
□□□□＿□□□□□
□□□□□□□＿□□
□□□□□□□□＿□
＿□□□□□□□□□
＿□□□□□□□□□
00:15:27(27835f):field(27834f)
＿＿＿＿＿＿＿＿＿＿
＿＿＿＿＿＿＿＿＿＿
＿＿＿＿＿＿＿＿＿＿
＿＿＿＿＿＿＿＿＿＿
＿＿＿＿＿＿＿＿＿＿
＿＿＿＿＿＿＿＿＿＿
＿＿＿＿＿＿＿＿＿＿
＿＿＿＿＿＿＿＿＿＿
＿＿■＿＿□□＿＿＿
□□■■＿□□＿＿＿
□□□■□□□□＿＿
□□□□□□□□□＿
□□□＿□□□□□□
□□□□□□□□＿□
□□＿□□□□□□□
□□□□＿□□□□□
□□□□□□□＿□□
□□□□□□□□＿□
＿□□□□□□□□□
＿□□□□□□□□□
00:15:28(27851f):field(27850f)
＿＿＿＿＿＿＿＿＿＿
＿＿＿＿＿＿＿＿＿＿
＿＿＿＿＿＿＿＿＿＿
＿＿＿＿＿＿＿＿＿＿
＿＿＿＿＿＿＿＿＿＿
＿＿＿＿＿＿＿＿＿＿
＿＿＿＿＿＿＿＿＿＿
＿＿＿＿＿＿＿＿＿＿
＿＿◆＿＿◆◆＿＿＿
□◆□□■□□＿■＿
□□□□□□□◆■■
□□□□□□□□□＿
□□□＿□□□□□□
□□□□□□□□＿□
□□＿□□□□□□□
□□□□＿□□□□□
□□□□□□□＿□□
□□□□□□□□＿□
＿□□□□□□□□□
＿□□□□□□□□□
00:15:28(27862f):field(27861f)
＿＿＿＿＿＿＿＿＿＿
＿＿＿＿＿＿＿＿＿＿
＿＿＿＿＿＿＿＿＿＿
＿＿＿＿＿＿＿＿＿＿
＿＿＿＿＿＿＿＿＿＿
＿＿＿＿＿＿＿＿＿＿
＿＿＿＿＿＿＿＿＿＿
＿＿＿＿■＿＿＿＿＿
＿＿＿＿■＿＿＿＿＿
◆＿□◆□□□＿□＿
□□□□□□□＿□◆
□□□□□□□□□＿
□□□＿□□□□□□
□□□□□□□□＿□
□□＿□□□□□□□
□□□□＿□□□□□
□□□□□□□＿□□
□□□□□□□□＿□
＿□□□□□□□□□
＿□□□□□□□□□
00:15:29(27876f):field(27875f)
＿＿＿＿＿＿＿＿＿＿
＿＿＿＿＿＿＿＿＿＿
＿＿＿＿＿＿＿＿＿＿
＿＿＿＿＿＿＿＿＿＿
＿＿＿＿＿＿＿＿＿＿
＿＿＿＿＿＿＿＿＿＿
＿＿＿＿＿＿＿＿＿＿
＿＿＿＿□＿＿＿＿＿
＿＿＿＿□＿＿■■＿
＿＿□＿□□□■□＿
□□□□□□□■□＿
□□□□□□□□□＿
□□□＿□□□□□□
□□□□□□□□＿□
□□＿□□□□□□□
□□□□＿□□□□□
□□□□□□□＿□□
□□□□□□□□＿□
＿□□□□□□□□□
＿□□□□□□□□□
00:15:29(27886f):field(27885f)
＿＿＿＿＿＿＿＿＿＿
＿＿＿＿＿＿＿＿＿＿
＿＿＿＿＿＿＿＿＿＿
＿＿＿＿＿＿＿＿＿＿
＿＿＿＿＿＿＿＿＿＿
＿＿＿＿＿＿＿＿＿＿
＿＿＿＿＿＿＿＿＿＿
＿＿＿■□＿＿＿＿＿
＿＿■■□＿＿□□＿
＿＿□■□□□□□＿
□□□□□□□□□＿
□□□□□□□□□＿
□□□＿□□□□□□
□□□□□□□□＿□
□□＿□□□□□□□
□□□□＿□□□□□
□□□□□□□＿□□
□□□□□□□□＿□
＿□□□□□□□□□
＿□□□□□□□□□
00:15:29(27897f):field(27896f)
＿＿＿＿＿＿＿＿＿＿
＿＿＿＿＿＿＿＿＿＿
＿＿＿＿＿＿＿＿＿＿
＿＿＿＿＿＿＿＿＿＿
＿＿＿＿＿＿＿＿＿＿
＿＿＿＿＿＿＿＿＿＿
＿＿＿＿＿＿＿＿＿＿
＿＿＿□□＿■■＿＿
＿＿□□□■■□□＿
＿＿□□□□□□□＿
□□□□□□□□□＿
□□□□□□□□□＿
□□□＿□□□□□□
□□□□□□□□＿□
□□＿□□□□□□□
□□□□＿□□□□□
□□□□□□□＿□□
□□□□□□□□＿□
＿□□□□□□□□□
＿□□□□□□□□□
00:15:30(27907f):field(27906f)
＿＿＿＿＿＿＿＿＿＿
＿＿＿＿＿＿＿＿＿＿
＿＿＿＿＿＿＿＿＿＿
＿＿＿＿＿＿＿＿＿＿
＿＿＿＿＿＿＿＿＿＿
＿＿＿＿＿＿■＿＿＿
＿＿＿＿＿■■＿＿＿
＿＿＿□□■□□＿＿
＿＿□□□□□□□＿
＿＿□□□□□□□＿
□□□□□□□□□＿
□□□□□□□□□＿
□□□＿□□□□□□
□□□□□□□□＿□
□□＿□□□□□□□
□□□□＿□□□□□
□□□□□□□＿□□
□□□□□□□□＿□
＿□□□□□□□□□
＿□□□□□□□□□
00:15:30(27918f):field(27917f)
＿＿＿＿＿＿＿＿＿＿
＿＿＿＿＿＿＿＿＿＿
＿＿＿＿＿＿＿＿＿＿
＿＿＿＿＿＿＿＿＿＿
＿＿＿＿＿＿＿＿＿＿
＿＿＿＿＿＿□＿＿＿
＿＿＿＿＿□□＿＿＿
＿＿＿□□□□□＿＿
■■□□□□□□□＿
■■□□□□□□□＿
□□□□□□□□□＿
□□□□□□□□□＿
□□□＿□□□□□□
□□□□□□□□＿□
□□＿□□□□□□□
□□□□＿□□□□□
□□□□□□□＿□□
□□□□□□□□＿□
＿□□□□□□□□□
＿□□□□□□□□□
00:15:31(27930f):field(27929f)
＿＿＿＿＿＿＿＿＿＿
＿＿＿＿＿＿＿＿＿＿
＿＿＿＿＿＿＿＿＿＿
＿＿＿＿＿＿＿＿＿＿
＿＿＿＿＿＿＿＿＿＿
＿＿＿＿＿＿□＿＿＿
■＿＿＿＿□□＿＿＿
■■■□□□□□＿＿
□□□□□□□□□＿
□□□□□□□□□＿
□□□□□□□□□＿
□□□□□□□□□＿
□□□＿□□□□□□
□□□□□□□□＿□
□□＿□□□□□□□
□□□□＿□□□□□
□□□□□□□＿□□
□□□□□□□□＿□
＿□□□□□□□□□
＿□□□□□□□□□
00:15:31(27939f):field(27938f)
＿＿＿＿＿＿＿＿＿＿
＿＿＿＿＿＿＿＿＿＿
＿＿＿＿＿＿＿＿＿＿
＿＿＿＿＿＿＿＿＿＿
＿＿＿＿＿＿＿＿＿＿
＿＿＿＿■＿□＿＿＿
□＿■■■□□＿＿＿
□□□□□□□□＿＿
□□□□□□□□□＿
□□□□□□□□□＿
□□□□□□□□□＿
□□□□□□□□□＿
□□□＿□□□□□□
□□□□□□□□＿□
□□＿□□□□□□□
□□□□＿□□□□□
□□□□□□□＿□□
□□□□□□□□＿□
＿□□□□□□□□□
＿□□□□□□□□□
00:15:31(27952f):field(27951f)
＿＿＿＿＿＿＿＿＿＿
＿＿＿＿＿＿＿＿＿＿
＿＿＿＿＿＿＿＿＿＿
＿＿＿＿＿＿＿＿＿＿
■＿＿＿＿＿＿＿＿＿
■■＿＿□＿□＿＿＿
□■□□□□□＿＿＿
□□□□□□□□＿＿
□□□□□□□□□＿
□□□□□□□□□＿
□□□□□□□□□＿
□□□□□□□□□＿
□□□＿□□□□□□
□□□□□□□□＿□
□□＿□□□□□□□
□□□□＿□□□□□
□□□□□□□＿□□
□□□□□□□□＿□
＿□□□□□□□□□
＿□□□□□□□□□
00:15:32(27962f):field(27961f)
＿＿＿＿＿＿＿＿＿＿
＿＿＿＿＿＿＿＿＿＿
＿＿＿＿＿＿＿＿＿＿
＿＿＿＿＿＿＿＿＿＿
□＿＿＿■■■＿＿＿
□□＿＿□■□＿＿＿
□□□□□□□＿＿＿
□□□□□□□□＿＿
□□□□□□□□□＿
□□□□□□□□□＿
□□□□□□□□□＿
□□□□□□□□□＿
□□□＿□□□□□□
□□□□□□□□＿□
□□＿□□□□□□□
□□□□＿□□□□□
□□□□□□□＿□□
□□□□□□□□＿□
＿□□□□□□□□□
＿□□□□□□□□□
00:15:32(27976f):field(27975f)
＿＿＿＿＿＿＿＿＿＿
＿＿＿＿＿＿＿＿＿＿
＿＿＿＿＿＿＿＿＿＿
＿＿＿＿＿＿＿＿＿＿
◆＿＿＿◆◆◆＿＿＿
◆◆＿＿◆◆◆＿＿＿
◆◆◆◆◆◆◆＿＿＿
◆◆◆◆◆◆□◆＿＿
□□◆◆□□□□□＿
□□□□□□□□◆■
□□□□□□□□□＿
□□□□□□□□□■
□□□■□□□□□□
□□□□□□□□■□
□□＿□□□□□□□
□□□□＿□□□□□
□□□□□□□＿□□
□□□□□□□□＿□
＿□□□□□□□□□
＿□□□□□□□□□
00:15:33(27990f):field(27989f)
＿＿＿＿＿＿＿＿＿＿
＿＿＿＿＿＿＿＿＿＿
＿＿＿＿＿＿＿＿＿＿
＿＿＿＿＿＿＿＿＿＿
＿＿＿＿＿＿＿＿＿＿
＿＿＿＿＿＿＿＿＿＿
＿＿＿＿＿＿＿＿＿＿
＿＿＿＿＿＿◆＿＿＿
◆◆＿＿◆◆◆◆◆＿
□◆◆□□□□◆＿◆
□□□◆□□□◆◆■
□□□□□□□□◆□
□□□◆□□□□□□
□□□□□□□□◆□
□□＿□□□□□□□
□□□□＿□□□□□
□□□□□□□＿□□
□□□□□□□□＿□
＿□□□□□□□□□
＿□□□□□□□□□
00:15:33(28001f):field(28000f)
＿＿＿＿＿＿＿＿＿＿
＿＿＿＿＿＿＿＿＿＿
＿＿＿＿＿＿＿＿＿＿
＿＿＿＿＿＿＿＿＿＿
＿＿＿＿＿＿＿＿＿＿
＿＿＿＿＿＿＿＿＿＿
＿＿＿＿■＿＿＿＿＿
＿＿＿＿■＿＿＿＿＿
＿＿＿＿■■＿＿＿＿
□＿＿◆□□□＿＿＿
□□◆＿□□□＿＿◆
□□□□□□□□＿□
□□□＿□□□□□□
□□□□□□□□＿□
□□＿□□□□□□□
□□□□＿□□□□□
□□□□□□□＿□□
□□□□□□□□＿□
＿□□□□□□□□□
＿□□□□□□□□□
00:15:33(28014f):field(28013f)
＿＿＿＿＿＿＿＿＿＿
＿＿＿＿＿＿＿＿＿＿
＿＿＿＿＿＿＿＿＿＿
＿＿＿＿＿＿＿＿＿＿
＿＿＿＿＿＿＿＿＿＿
＿＿＿＿＿＿＿＿＿＿
＿＿＿＿◆＿＿＿＿＿
＿＿＿＿□＿＿＿＿＿
＿＿＿＿□◆＿＿＿＿
◆＿＿＿□□◆＿＿＿
□◆＿＿□□□■＿＿
□□□□□□□□■◆
□□□＿□□□□□□
□□□□□□□□＿□
□□＿□□□□□□□
□□□□＿□□□□□
□□□□□□□＿□□
□□□□□□□□＿□
＿□□□□□□□□□
＿□□□□□□□□□
00:15:34(28025f):field(28024f)
＿＿＿＿＿＿＿＿＿＿
＿＿＿＿＿＿＿＿＿＿
＿＿＿＿＿＿＿＿＿＿
＿＿＿＿＿＿＿＿＿＿
＿＿＿＿＿＿＿＿＿＿
＿＿＿＿＿＿＿＿＿＿
＿＿＿＿＿＿＿＿＿＿
＿＿＿＿□＿＿＿＿＿
＿＿＿＿□＿■■＿＿
＿＿＿＿□□■■＿＿
□＿＿＿□□□□＿＿
□□◆◆□□□□□＿
□□□＿□□□□□□
□□□□□□□□＿□
□□＿□□□□□□□
□□□□＿□□□□□
□□□□□□□＿□□
□□□□□□□□＿□
＿□□□□□□□□□
＿□□□□□□□□□
00:15:34(28038f):field(28037f)
＿＿＿＿＿＿＿＿＿＿
＿＿＿＿＿＿＿＿＿＿
＿＿＿＿＿＿＿＿＿＿
＿＿＿＿＿＿＿＿＿＿
＿＿＿＿＿＿＿＿＿＿
＿＿＿＿＿＿＿＿＿＿
＿＿＿＿＿＿＿＿＿＿
＿＿＿＿◆＿＿＿＿＿
＿＿＿＿□＿◆◆＿＿
＿＿＿＿□◆□□＿＿
◆＿＿＿□□□□＿＿
□◆■■□□□□◆＿
□□□■□□□□□◆
□□□□□□□□＿□
□□＿□□□□□□□
□□□□＿□□□□□
□□□□□□□＿□□
□□□□□□□□＿□
＿□□□□□□□□□
＿□□□□□□□□□
00:15:34(28049f):field(28048f)
＿＿＿＿＿＿＿＿＿＿
＿＿＿＿＿＿＿＿＿＿
＿＿＿＿＿＿＿＿＿＿
＿＿＿＿＿＿＿＿＿＿
＿＿＿＿＿＿＿＿＿＿
＿＿＿＿＿＿＿＿＿＿
＿＿＿＿＿＿＿＿＿＿
＿＿＿＿＿＿＿＿＿＿
＿＿＿＿□＿＿＿＿＿
＿＿＿＿□＿□□＿＿
■■＿＿□□□□＿＿
□■□□□□□□＿＿
□□□□□□□□□＿
□□□□□□□□＿□
□□＿□□□□□□□
□□□□＿□□□□□
□□□□□□□＿□□
□□□□□□□□＿□
＿□□□□□□□□□
＿□□□□□□□□□
00:15:35(28058f):field(28057f)
＿＿＿＿＿＿＿＿＿＿
＿＿＿＿＿＿＿＿＿＿
＿＿＿＿＿＿＿＿＿＿
＿＿＿＿＿＿＿＿＿＿
＿＿＿＿＿＿＿＿＿＿
＿＿＿＿＿＿＿＿＿＿
＿＿＿＿＿＿＿＿＿＿
＿＿＿＿＿＿＿＿＿＿
＿＿＿■□＿＿＿＿＿
＿＿＿■□＿□□＿＿
□□■■□□□□＿＿
□□□□□□□□＿＿
□□□□□□□□□＿
□□□□□□□□＿□
□□＿□□□□□□□
□□□□＿□□□□□
□□□□□□□＿□□
□□□□□□□□＿□
＿□□□□□□□□□
＿□□□□□□□□□
00:15:35(28071f):field(28070f)
＿＿＿＿＿＿＿＿＿＿
＿＿＿＿＿＿＿＿＿＿
＿＿＿＿＿＿＿＿＿＿
＿＿＿＿＿＿＿＿＿＿
＿＿＿＿＿＿＿＿＿＿
＿＿＿＿＿＿＿＿＿＿
＿＿＿＿＿＿＿＿＿＿
＿＿＿＿＿＿＿＿＿＿
＿＿■□□＿＿＿＿＿
■■■□□＿□□＿＿
□□□□□□□□＿＿
□□□□□□□□＿＿
□□□□□□□□□＿
□□□□□□□□＿□
□□＿□□□□□□□
□□□□＿□□□□□
□□□□□□□＿□□
□□□□□□□□＿□
＿□□□□□□□□□
＿□□□□□□□□□
00:15:36(28085f):field(28084f)
＿＿＿＿＿＿＿＿＿＿
＿＿＿＿＿＿＿＿＿＿
＿＿＿＿＿＿＿＿＿＿
＿＿＿＿＿＿＿＿＿＿
＿＿＿＿＿＿＿＿＿＿
＿＿＿＿＿＿＿＿＿＿
＿＿＿＿＿＿＿＿＿＿
＿＿＿＿＿＿＿＿＿＿
＿＿◆◆◆＿＿＿＿＿
◆◆◆◆◆＿◆◆＿＿
◆◆□□□◆◆◆＿＿
□□□□□◆□□■＿
□□□□□□□□□＿
□□□□□□□□＿□
□□＿□□□□□□□
□□□□＿□□□□□
□□□□□□□＿□□
□□□□□□□□＿□
＿□□□□□□□□□
＿□□□□□□□□□
00:15:36(28097f):field(28096f)
＿＿＿＿＿＿＿＿＿＿
＿＿＿＿＿＿＿＿＿＿
＿＿＿＿＿＿＿＿＿＿
＿＿＿＿＿＿＿＿＿＿
＿＿＿＿＿＿＿＿＿＿
＿＿＿＿＿＿＿＿＿＿
＿＿＿＿＿＿＿＿＿＿
＿＿＿＿＿＿＿＿＿＿
＿＿＿＿＿＿＿＿＿＿
■■＿＿＿＿＿＿＿＿
■■□□□＿＿＿＿＿
□□□□□＿□□◆＿
□□□□□□□□□＿
□□□□□□□□＿□
□□＿□□□□□□□
□□□□＿□□□□□
□□□□□□□＿□□
□□□□□□□□＿□
＿□□□□□□□□□
＿□□□□□□□□□
00:15:36(28106f):field(28105f)
＿＿＿＿＿＿＿＿＿＿
＿＿＿＿＿＿＿＿＿＿
＿＿＿＿＿＿＿＿＿＿
＿＿＿＿＿＿＿＿＿＿
＿＿＿＿＿＿＿＿＿＿
＿＿＿＿＿＿＿＿＿＿
＿＿＿＿＿＿＿＿＿＿
＿＿＿＿＿＿＿＿＿＿
＿＿＿＿＿＿＿＿＿＿
□□＿＿＿■＿＿＿＿
□□□□□■■＿＿＿
□□□□□■□□＿＿
□□□□□□□□□＿
□□□□□□□□＿□
□□＿□□□□□□□
□□□□＿□□□□□
□□□□□□□＿□□
□□□□□□□□＿□
＿□□□□□□□□□
＿□□□□□□□□□
00:15:37(28116f):field(28115f)
＿＿＿＿＿＿＿＿＿＿
＿＿＿＿＿＿＿＿＿＿
＿＿＿＿＿＿＿＿＿＿
＿＿＿＿＿＿＿＿＿＿
＿＿＿＿＿＿＿＿＿＿
＿＿＿＿＿＿＿＿＿＿
＿＿＿＿＿＿＿＿＿＿
＿＿＿＿＿＿＿＿＿＿
＿＿■＿＿＿＿＿＿＿
□□■■■□＿＿＿＿
□□□□□□□＿＿＿
□□□□□□□□＿＿
□□□□□□□□□＿
□□□□□□□□＿□
□□＿□□□□□□□
□□□□＿□□□□□
□□□□□□□＿□□
□□□□□□□□＿□
＿□□□□□□□□□
＿□□□□□□□□□
00:15:37(28130f):field(28129f)
＿＿＿＿＿＿＿＿＿＿
＿＿＿＿＿＿＿＿＿＿
＿＿＿＿＿＿＿＿＿＿
＿＿＿＿＿＿＿＿＿＿
＿＿＿＿＿＿＿＿＿＿
＿＿＿＿＿＿＿＿＿＿
＿＿＿＿＿＿＿＿＿＿
＿＿＿＿＿＿＿＿＿＿
＿＿◆＿＿＿＿＿＿＿
◆◆◆◆◆◆＿＿＿＿
◆□□□◆◆◆＿＿＿
□□□□□□◆◆＿＿
□□□□□□□◆□■
□□□□□□□□■□
□□＿□□□□□□□
□□□□＿□□□□□
□□□□□□□＿□□
□□□□□□□□＿□
＿□□□□□□□□□
＿□□□□□□□□□
00:15:38(28143f):field(28142f)
＿＿＿＿＿＿＿＿＿＿
＿＿＿＿＿＿＿＿＿＿
＿＿＿＿＿＿＿＿＿＿
＿＿＿＿＿＿＿＿＿＿
＿＿＿＿＿＿＿＿＿＿
＿＿＿＿＿＿＿＿＿＿
＿＿＿＿＿＿＿＿＿＿
＿＿＿＿＿＿＿＿＿＿
＿＿＿＿＿＿＿＿＿＿
＿＿＿＿＿＿＿＿＿＿
＿◆□◆＿＿＿＿＿＿
□□□□□□＿■■■
□□□□□□□■□◆
□□□□□□□□◆□
□□＿□□□□□□□
□□□□＿□□□□□
□□□□□□□＿□□
□□□□□□□□＿□
＿□□□□□□□□□
＿□□□□□□□□□
00:15:38(28155f):field(28154f)
＿＿＿＿＿＿＿＿＿＿
＿＿＿＿＿＿＿＿＿＿
＿＿＿＿＿＿＿＿＿＿
＿＿＿＿＿＿＿＿＿＿
＿＿＿＿＿＿＿＿＿＿
＿＿＿＿＿＿＿＿＿＿
＿＿＿＿＿＿＿＿＿＿
＿＿＿＿＿＿＿＿＿＿
＿＿＿＿＿＿＿＿＿＿
＿＿＿＿＿＿■＿＿＿
＿＿□■＿■■■＿＿
□◆□□◆◆■◆□◆
□□□□□□□□□＿
□□□□□□□□■□
□□＿□□□□□□□
□□□□＿□□□□□
□□□□□□□＿□□
□□□□□□□□＿□
＿□□□□□□□□□
＿□□□□□□□□□
00:15:38(28166f):field(28165f)
＿＿＿＿＿＿＿＿＿＿
＿＿＿＿＿＿＿＿＿＿
＿＿＿＿＿＿＿＿＿＿
＿＿＿＿＿＿＿＿＿＿
＿＿＿＿＿＿＿＿＿＿
＿＿＿＿＿＿＿＿＿＿
＿＿＿＿＿＿＿＿＿＿
＿＿＿＿＿＿＿＿＿＿
＿＿＿＿＿＿＿＿＿＿
＿＿＿＿＿＿□＿＿＿
＿＿◆◆■◆□◆＿＿
◆＿□□■■□＿◆＿
□□□□□□□□□＿
□□□□□□□□◆□
□□＿□□□□□□□
□□□□＿□□□□□
□□□□□□□＿□□
□□□□□□□□＿□
＿□□□□□□□□□
＿□□□□□□□□□
00:15:39(28176f):field(28175f)
＿＿＿＿＿＿＿＿＿＿
＿＿＿＿＿＿＿＿＿＿
＿＿＿＿＿＿＿＿＿＿
＿＿＿＿＿＿＿＿＿＿
＿＿＿＿＿＿＿＿＿＿
＿＿＿＿＿＿＿＿＿＿
＿＿＿＿＿＿＿＿＿＿
＿＿＿＿＿＿＿＿＿＿
＿＿＿＿＿■■＿＿＿
＿＿＿＿＿■□＿＿＿
＿＿＿＿□■□＿＿＿
＿＿□□□□□＿＿＿
□□□□□□□□□＿
□□□□□□□□＿□
□□＿□□□□□□□
□□□□＿□□□□□
□□□□□□□＿□□
□□□□□□□□＿□
＿□□□□□□□□□
＿□□□□□□□□□
00:15:39(28188f):field(28187f)
＿＿＿＿＿＿＿＿＿＿
＿＿＿＿＿＿＿＿＿＿
＿＿＿＿＿＿＿＿＿＿
＿＿＿＿＿＿＿＿＿＿
＿＿＿＿＿＿＿＿＿＿
＿＿＿＿＿＿＿＿＿＿
＿＿＿＿＿＿＿＿＿＿
＿＿＿＿＿＿＿＿＿＿
＿＿＿＿＿□□＿＿＿
＿＿＿＿＿□□＿＿＿
■■＿＿□□□＿＿＿
■■□□□□□＿＿＿
□□□□□□□□□＿
□□□□□□□□＿□
□□＿□□□□□□□
□□□□＿□□□□□
□□□□□□□＿□□
□□□□□□□□＿□
＿□□□□□□□□□
＿□□□□□□□□□
00:15:39(28197f):field(28196f)
＿＿＿＿＿＿＿＿＿＿
＿＿＿＿＿＿＿＿＿＿
＿＿＿＿＿＿＿＿＿＿
＿＿＿＿＿＿＿＿＿＿
＿＿＿＿＿＿＿＿＿＿
＿＿＿＿＿＿＿＿＿＿
＿＿＿＿＿＿＿＿＿＿
＿＿＿＿＿＿＿＿＿＿
＿＿＿＿＿□□＿＿＿
＿＿＿■■□□＿＿＿
□□■■□□□＿＿＿
□□□□□□□＿＿＿
□□□□□□□□□＿
□□□□□□□□＿□
□□＿□□□□□□□
□□□□＿□□□□□
□□□□□□□＿□□
□□□□□□□□＿□
＿□□□□□□□□□
＿□□□□□□□□□
00:15:40(28210f):field(28209f)
＿＿＿＿＿＿＿＿＿＿
＿＿＿＿＿＿＿＿＿＿
＿＿＿＿＿＿＿＿＿＿
＿＿＿＿＿＿＿＿＿＿
＿＿＿＿＿＿＿＿＿＿
＿＿＿＿＿＿＿＿＿＿
■＿＿＿＿＿＿＿＿＿
■＿＿＿＿＿＿＿＿＿
■＿＿＿＿□□＿＿＿
■＿＿□□□□＿＿＿
□□□□□□□＿＿＿
□□□□□□□＿＿＿
□□□□□□□□□＿
□□□□□□□□＿□
□□＿□□□□□□□
□□□□＿□□□□□
□□□□□□□＿□□
□□□□□□□□＿□
＿□□□□□□□□□
＿□□□□□□□□□
00:15:40(28219f):field(28218f)
＿＿＿＿＿＿＿＿＿＿
＿＿＿＿＿＿＿＿＿＿
＿＿＿＿＿＿＿＿＿＿
＿＿＿＿＿＿＿＿＿＿
＿＿＿＿＿＿＿＿＿＿
＿＿＿＿＿＿＿＿＿＿
□＿＿＿■＿＿＿＿＿
□＿＿＿■■＿＿＿＿
□＿＿＿■□□＿＿＿
□＿＿□□□□＿＿＿
□□□□□□□＿＿＿
□□□□□□□＿＿＿
□□□□□□□□□＿
□□□□□□□□＿□
□□＿□□□□□□□
□□□□＿□□□□□
□□□□□□□＿□□
□□□□□□□□＿□
＿□□□□□□□□□
＿□□□□□□□□□
00:15:41(28235f):field(28234f)
＿＿＿＿＿＿＿＿＿＿
＿＿＿＿＿＿＿＿＿＿
＿＿＿＿＿＿＿＿＿＿
＿＿＿＿＿＿＿＿＿＿
＿＿＿＿＿＿＿＿＿＿
＿＿＿＿＿＿＿＿＿＿
◆＿＿＿◆＿＿＿＿＿
◆＿＿＿◆◆＿＿＿＿
□＿＿＿□◆◆＿＿＿
□＿＿◆□□◆＿＿＿
□◆◆◆□□□＿＿＿
□◆◆□□□□■＿＿
□□□□□□□□□＿
□□□□□□□□＿□
□□＿□□□□□□□
□□□□＿□□□□□
□□□□□□□＿□□
□□□□□□□□＿□
＿□□□□□□□□□
＿□□□□□□□□□
00:15:41(28246f):field(28245f)
＿＿＿＿＿＿＿＿＿＿
＿＿＿＿＿＿＿＿＿＿
＿＿＿＿＿＿＿＿＿＿
＿＿＿＿＿＿＿＿＿＿
＿＿＿＿＿＿＿＿＿＿
＿＿＿＿＿＿＿＿＿＿
＿＿＿＿＿＿＿＿＿＿
＿＿＿＿＿＿＿＿＿＿
□＿＿＿□＿＿＿＿＿
□＿＿■□□＿＿＿＿
□＿■■□□□＿＿＿
□＿■□□□□◆＿＿
□□□□□□□◆◆＿
□□□□□□□□＿□
□□＿□□□□□□□
□□□□＿□□□□□
□□□□□□□＿□□
□□□□□□□□＿□
＿□□□□□□□□□
＿□□□□□□□□□
00:15:41(28259f):field(28258f)
＿＿＿＿＿＿＿＿＿＿
＿＿＿＿＿＿＿＿＿＿
＿＿＿＿＿＿＿＿＿＿
＿＿＿＿＿＿＿＿＿＿
＿＿＿＿＿＿＿＿＿＿
＿＿＿＿＿＿＿＿＿＿
＿＿＿＿＿＿＿＿＿＿
＿＿＿＿＿＿＿＿＿＿
□＿＿＿□＿＿＿＿＿
□＿＿□□□＿＿＿＿
□＿□□□□□＿＿＿
□＿□□□□□■■＿
□□□□□□□■■＿
□□□□□□□□＿□
□□＿□□□□□□□
□□□□＿□□□□□
□□□□□□□＿□□
□□□□□□□□＿□
＿□□□□□□□□□
＿□□□□□□□□□
00:15:42(28273f):field(28272f)
＿＿＿＿＿＿＿＿＿＿
＿＿＿＿＿＿＿＿＿＿
＿＿＿＿＿＿＿＿＿＿
＿＿＿＿＿＿＿＿＿＿
＿＿＿＿＿＿＿＿＿＿
＿＿＿＿＿＿＿＿＿＿
＿＿＿＿＿＿＿＿＿＿
＿＿＿＿＿■＿＿＿＿
□＿＿＿□■■＿＿＿
□＿＿□□□■＿＿＿
□＿□□□□□＿＿＿
□＿□□□□□□□＿
□□□□□□□□□＿
□□□□□□□□＿□
□□＿□□□□□□□
□□□□＿□□□□□
□□□□□□□＿□□
□□□□□□□□＿□
＿□□□□□□□□□
＿□□□□□□□□□
00:15:43(28291f):field(28290f)
＿＿＿＿＿＿＿＿＿＿
＿＿＿＿＿＿＿＿＿＿
＿＿＿＿＿＿＿＿＿＿
＿＿＿＿＿＿＿＿＿＿
＿＿＿＿＿＿＿＿＿＿
＿＿＿＿＿＿＿＿＿＿
＿＿＿＿＿＿＿＿＿＿
＿＿＿＿＿◆＿＿＿＿
◆＿＿＿◆□◆＿＿＿
□＿＿◆□□□＿＿＿
□＿◆□□□□＿＿■
□＿□□□□□□□■
□◆□□□□□□□■
□□□□□□□□■□
□□＿□□□□□□□
□□□□＿□□□□□
□□□□□□□＿□□
□□□□□□□□＿□
＿□□□□□□□□□
＿□□□□□□□□□
00:15:43(28303f):field(28302f)
＿＿＿＿＿＿＿＿＿＿
＿＿＿＿＿＿＿＿＿＿
＿＿＿＿＿＿＿＿＿＿
＿＿＿＿＿＿＿＿＿＿
＿＿＿＿＿＿＿＿＿＿
＿＿＿＿＿＿＿＿＿＿
＿＿＿＿＿＿＿＿＿＿
＿＿＿■＿＿＿＿＿＿
＿＿＿■■□＿＿＿＿
□＿＿■□□□＿＿＿
□＿＿□□□□＿＿□
□＿□□□□□◆◆□
□＿□□□□□□□□
□□□□□□□□◆□
□□＿□□□□□□□
□□□□＿□□□□□
□□□□□□□＿□□
□□□□□□□□＿□
＿□□□□□□□□□
＿□□□□□□□□□
00:15:43(28318f):field(28317f)
＿＿＿＿＿＿＿＿＿＿
＿＿＿＿＿＿＿＿＿＿
＿＿＿＿＿＿＿＿＿＿
＿＿＿＿＿＿＿＿＿＿
＿＿＿＿＿＿＿＿＿＿
＿＿＿＿＿＿＿＿＿＿
＿＿＿＿＿＿＿＿＿＿
＿＿＿◆＿＿＿＿＿＿
＿＿＿□◆◆＿＿＿＿
◆＿＿□□□◆＿＿＿
□＿＿□□□□＿＿◆
□■□□□□□＿＿□
□■□□□□□◆◆□
□□□□□□□□＿□
□□＿□□□□□□□
□□□□＿□□□□□
□□□□□□□＿□□
□□□□□□□□＿□
＿□□□□□□□□□
＿□□□□□□□□□
00:15:44(28330f):field(28329f)
＿＿＿＿＿＿＿＿＿＿
＿＿＿＿＿＿＿＿＿＿
＿＿＿＿＿＿＿＿＿＿
＿＿＿＿＿＿＿＿＿＿
＿＿＿＿＿＿＿＿＿＿
＿＿＿＿＿＿＿＿＿＿
＿＿＿＿＿＿＿＿＿＿
＿＿＿＿＿＿＿＿＿＿
＿＿＿◆＿＿＿＿＿＿
＿＿＿◆◆◆＿＿＿＿
◆＿＿□◆◆□■＿＿
◆□□□□□◆■＿□
□◆□□□□□■＿◆
□□□□□□□□＿□
□□＿□□□□□□□
□□□□＿□□□□□
□□□□□□□＿□□
□□□□□□□□＿□
＿□□□□□□□□□
＿□□□□□□□□□
00:15:44(28342f):field(28341f)
＿＿＿＿＿＿＿＿＿＿
＿＿＿＿＿＿＿＿＿＿
＿＿＿＿＿＿＿＿＿＿
＿＿＿＿＿＿＿＿＿＿
＿＿＿＿＿＿＿＿＿＿
＿＿＿＿＿＿＿＿＿＿
＿＿＿＿＿＿＿＿＿＿
＿＿＿＿＿＿＿＿＿＿
＿＿＿＿＿＿＿＿＿＿
＿＿＿＿＿＿＿＿＿＿
＿＿＿◆＿＿◆◆＿＿
＿◆◆□◆◆＿◆＿◆
◆＿□□□□◆□＿＿
□◆◆□□□□□■□
□□＿□□□□□□□
□□□□＿□□□□□
□□□□□□□＿□□
□□□□□□□□＿□
＿□□□□□□□□□
＿□□□□□□□□□
00:15:45(28353f):field(28352f)
＿＿＿＿＿＿＿＿＿＿
＿＿＿＿＿＿＿＿＿＿
＿＿＿＿＿＿＿＿＿＿
＿＿＿＿＿＿＿＿＿＿
＿＿＿＿＿＿＿＿＿＿
＿＿＿＿＿＿＿＿＿＿
＿＿＿＿＿＿＿＿＿＿
＿＿＿＿＿＿＿＿＿＿
＿＿＿＿＿＿＿＿＿＿
＿＿＿＿＿＿＿＿＿＿
＿＿＿■＿＿＿＿＿＿
＿＿＿□＿■■＿＿＿
＿＿◆□□□■□＿＿
□＿＿□□□□□□□
□□＿□□□□□□□
□□□□＿□□□□□
□□□□□□□＿□□
□□□□□□□□＿□
＿□□□□□□□□□
＿□□□□□□□□□
00:15:45(28363f):field(28362f)
＿＿＿＿＿＿＿＿＿＿
＿＿＿＿＿＿＿＿＿＿
＿＿＿＿＿＿＿＿＿＿
＿＿＿＿＿＿＿＿＿＿
＿＿＿＿＿＿＿＿＿＿
＿＿＿＿＿＿＿＿＿＿
＿＿＿＿＿＿＿＿＿＿
＿＿＿＿＿＿＿＿＿＿
＿＿＿＿＿＿＿＿＿＿
＿＿＿■＿＿＿＿＿＿
＿＿＿□■＿＿＿＿＿
＿＿＿□■□□＿＿＿
＿＿＿□□□□□＿＿
□＿＿□□□□□□□
□□＿□□□□□□□
□□□□＿□□□□□
□□□□□□□＿□□
□□□□□□□□＿□
＿□□□□□□□□□
＿□□□□□□□□□
00:15:45(28379f):field(28378f)
＿＿＿＿＿＿＿＿＿＿
＿＿＿＿＿＿＿＿＿＿
＿＿＿＿＿＿＿＿＿＿
＿＿＿＿＿＿＿＿＿＿
＿＿＿＿＿＿＿＿＿＿
＿＿＿＿＿＿＿＿＿＿
＿＿＿＿＿＿＿＿＿＿
＿＿＿＿＿＿＿＿＿＿
＿＿＿＿＿＿＿＿＿＿
＿＿＿□＿＿＿＿＿＿
＿＿＿□□＿＿＿■＿
＿＿＿□□□□＿■＿
＿＿＿□□□□□■■
□＿＿□□□□□□□
□□＿□□□□□□□
□□□□＿□□□□□
□□□□□□□＿□□
□□□□□□□□＿□
＿□□□□□□□□□
＿□□□□□□□□□
00:15:46(28389f):field(28388f)
＿＿＿＿＿＿＿＿＿＿
＿＿＿＿＿＿＿＿＿＿
＿＿＿＿＿＿＿＿＿＿
＿＿＿＿＿＿＿＿＿＿
＿＿＿＿＿＿＿＿＿＿
＿＿＿＿＿＿＿＿＿＿
＿＿＿＿＿＿＿＿＿＿
＿＿＿＿＿＿＿＿＿＿
＿＿＿＿＿＿＿■＿＿
＿＿＿□＿＿＿■＿＿
＿＿＿□□＿＿■□＿
＿＿＿□□□□■□＿
＿＿＿□□□□□□□
□＿＿□□□□□□□
□□＿□□□□□□□
□□□□＿□□□□□
□□□□□□□＿□□
□□□□□□□□＿□
＿□□□□□□□□□
＿□□□□□□□□□
00:15:46(28400f):field(28399f)
＿＿＿＿＿＿＿＿＿＿
＿＿＿＿＿＿＿＿＿＿
＿＿＿＿＿＿＿＿＿＿
＿＿＿＿＿＿＿＿＿＿
＿＿＿＿＿＿＿＿＿＿
＿＿＿＿＿＿＿＿＿＿
＿＿＿＿＿＿＿＿＿＿
＿＿＿＿＿＿＿＿＿＿
＿＿＿＿■＿＿□＿＿
＿＿＿□■■＿□＿＿
＿＿＿□□■＿□□＿
＿＿＿□□□□□□＿
＿＿＿□□□□□□□
□＿＿□□□□□□□
□□＿□□□□□□□
□□□□＿□□□□□
□□□□□□□＿□□
□□□□□□□□＿□
＿□□□□□□□□□
＿□□□□□□□□□
00:15:47(28416f):field(28415f)
＿＿＿＿＿＿＿＿＿＿
＿＿＿＿＿＿＿＿＿＿
＿＿＿＿＿＿＿＿＿＿
＿＿＿＿＿＿＿＿＿＿
＿＿＿＿＿＿＿＿＿＿
＿＿＿＿＿＿＿＿＿＿
＿＿＿＿＿＿＿＿＿＿
＿＿＿＿＿＿＿＿＿＿
＿＿＿＿◆＿＿◆＿＿
＿＿＿◆□◆＿□＿＿
＿＿＿□□□＿□◆＿
＿＿＿□□□◆□□＿
＿＿■□□□□□□◆
◆＿■□□□□□□□
□□＿□□□□□□□
□□□□■□□□□□
□□□□□□□＿□□
□□□□□□□□＿□
＿□□□□□□□□□
＿□□□□□□□□□
00:15:47(28427f):field(28426f)
＿＿＿＿＿＿＿＿＿＿
＿＿＿＿＿＿＿＿＿＿
＿＿＿＿＿＿＿＿＿＿
＿＿＿＿＿＿＿＿＿＿
＿＿＿＿＿＿＿＿＿＿
＿＿＿＿＿＿＿＿＿＿
＿＿＿＿＿＿＿＿＿＿
＿＿＿＿■＿＿＿＿＿
＿＿＿■■＿＿＿＿＿
＿＿＿■□＿＿□＿＿
＿＿＿□□□＿□＿＿
＿＿＿□□□＿□□＿
＿＿□□□□□□□＿
＿＿□□□□□□□□
□□＿□□□□□□□
□□□□◆□□□□□
□□□□□□□＿□□
□□□□□□□□＿□
＿□□□□□□□□□
＿□□□□□□□□□
00:15:47(28439f):field(28438f)
＿＿＿＿＿＿＿＿＿＿
＿＿＿＿＿＿＿＿＿＿
＿＿＿＿＿＿＿＿＿＿
＿＿＿＿＿＿＿＿＿＿
＿＿＿＿＿＿＿＿＿＿
＿＿＿＿＿＿＿＿＿＿
＿＿＿＿＿＿＿＿＿＿
＿＿＿＿□＿＿＿＿＿
＿＿＿□□＿＿＿＿＿
＿＿＿□□＿＿□＿＿
＿＿＿□□□＿□＿＿
■＿＿□□□＿□□＿
■■□□□□□□□＿
■＿□□□□□□□□
□□＿□□□□□□□
□□□□＿□□□□□
□□□□□□□＿□□
□□□□□□□□＿□
＿□□□□□□□□□
＿□□□□□□□□□
00:15:48(28452f):field(28451f)
＿＿＿＿＿＿＿＿＿＿
＿＿＿＿＿＿＿＿＿＿
＿＿＿＿＿＿＿＿＿＿
＿＿＿＿＿＿＿＿＿＿
＿＿＿＿＿＿＿＿＿＿
＿＿＿＿＿＿＿＿＿＿
＿＿＿＿＿＿＿＿＿＿
＿＿＿＿□■＿＿＿＿
＿＿＿□□■＿＿＿＿
＿＿＿□□■■□＿＿
＿＿＿□□□＿□＿＿
□＿＿□□□＿□□＿
□□□□□□□□□＿
□＿□□□□□□□□
□□＿□□□□□□□
□□□□＿□□□□□
□□□□□□□＿□□
□□□□□□□□＿□
＿□□□□□□□□□
＿□□□□□□□□□
00:15:48(28464f):field(28463f)
＿＿＿＿＿＿＿＿＿＿
＿＿＿＿＿＿＿＿＿＿
＿＿＿＿＿＿＿＿＿＿
＿＿＿＿＿＿＿＿＿＿
＿＿＿＿＿＿＿＿＿＿
＿＿＿＿＿＿＿＿＿＿
＿＿＿＿＿＿＿＿＿＿
＿＿＿＿□□＿＿＿＿
＿＿＿□□□＿＿＿＿
■＿＿□□□□□＿＿
■■＿□□□＿□＿＿
□■＿□□□＿□□＿
□□□□□□□□□＿
□＿□□□□□□□□
□□＿□□□□□□□
□□□□＿□□□□□
□□□□□□□＿□□
□□□□□□□□＿□
＿□□□□□□□□□
＿□□□□□□□□□
00:15:49(28476f):field(28475f)
＿＿＿＿＿＿＿＿＿＿
＿＿＿＿＿＿＿＿＿＿
＿＿＿＿＿＿＿＿＿＿
＿＿＿＿＿＿＿＿＿＿
＿＿＿＿＿＿＿＿＿＿
＿＿＿＿＿＿＿＿＿＿
＿＿＿＿＿＿＿＿＿＿
＿＿＿＿□□＿＿＿＿
＿＿＿□□□＿＿＿＿
□＿＿□□□□□■■
□□＿□□□＿□■■
□□＿□□□＿□□＿
□□□□□□□□□＿
□＿□□□□□□□□
□□＿□□□□□□□
□□□□＿□□□□□
□□□□□□□＿□□
□□□□□□□□＿□
＿□□□□□□□□□
＿□□□□□□□□□
00:15:49(28489f):field(28488f)
＿＿＿＿＿＿＿＿＿＿
＿＿＿＿＿＿＿＿＿＿
＿＿＿＿＿＿＿＿＿＿
＿＿＿＿＿＿＿＿＿＿
＿＿＿＿＿＿＿＿＿＿
＿＿＿＿■＿＿＿＿＿
＿＿＿■■＿＿＿＿＿
＿＿＿■□□＿＿＿＿
＿＿＿□□□＿＿＿＿
□＿＿□□□□□□□
□□＿□□□＿□□□
□□＿□□□＿□□＿
□□□□□□□□□＿
□＿□□□□□□□□
□□＿□□□□□□□
□□□□＿□□□□□
□□□□□□□＿□□
□□□□□□□□＿□
＿□□□□□□□□□
＿□□□□□□□□□
00:15:50(28507f):field(28506f)
＿＿＿＿＿＿＿＿＿＿
＿＿＿＿＿＿＿＿＿＿
＿＿＿＿＿＿＿＿＿＿
＿＿＿＿＿＿＿＿＿＿
＿＿＿＿＿＿＿＿＿＿
＿＿＿＿□＿＿＿＿＿
＿＿＿□□＿＿＿＿＿
＿＿＿□□□＿＿＿＿
＿＿■□□□＿＿＿＿
□＿■□□□□□□□
□□■□□□＿□□□
□□■□□□＿□□＿
□□□□□□□□□＿
□＿□□□□□□□□
□□＿□□□□□□□
□□□□＿□□□□□
□□□□□□□＿□□
□□□□□□□□＿□
＿□□□□□□□□□
＿□□□□□□□□□
00:15:50(28521f):field(28520f)
＿＿＿＿＿＿＿＿＿＿
＿＿＿＿＿＿＿＿＿＿
＿＿＿＿＿＿＿＿＿＿
＿＿＿＿＿＿＿＿＿＿
＿＿＿＿＿＿＿＿＿＿
＿＿＿＿◆＿＿＿＿＿
＿＿＿◆□＿＿＿＿＿
＿＿＿□□◆＿＿＿＿
＿■◆□□□＿＿＿＿
□■□□□□□□◆◆
□□□□□□＿□□□
□□□□□□■□□＿
□□□□□□□□□＿
□＿□□□□□□□□
□□＿□□□□□□□
□□□□＿□□□□□
□□□□□□□＿□□
□□□□□□□□＿□
＿□□□□□□□□□
＿□□□□□□□□□
00:15:51(28533f):field(28532f)
＿＿＿＿＿＿＿＿＿＿
＿＿＿＿＿＿＿＿＿＿
＿＿＿＿＿＿＿＿＿＿
＿＿＿＿＿＿＿＿＿＿
＿＿＿＿＿＿＿＿＿＿
＿＿＿＿＿＿＿＿＿＿
＿＿＿＿◆＿＿＿＿＿
＿＿＿◆□＿＿＿＿＿
＿◆＿□□◆＿＿＿＿
◆□□□□□◆◆＿■
□□□□□□■□□◆
□□□□□□□□□＿
□□□□□□□□□＿
□＿□□□□□□□□
□□＿□□□□□□□
□□□□＿□□□□□
□□□□□□□＿□□
□□□□□□□□＿□
＿□□□□□□□□□
＿□□□□□□□□□
00:15:51(28544f):field(28543f)
＿＿＿＿＿＿＿＿＿＿
＿＿＿＿＿＿＿＿＿＿
＿＿＿＿＿＿＿＿＿＿
＿＿＿＿＿＿＿＿＿＿
＿＿＿＿＿＿＿＿＿＿
＿＿＿＿＿＿＿＿＿＿
＿＿＿＿＿＿＿＿＿＿
＿＿＿＿□■＿＿＿＿
＿＿＿□□■■＿＿＿
＿□◆□□□■＿＿◆
□□□□□□□□◆■
□□□□□□□□□＿
□□□□□□□□□＿
□＿□□□□□□□□
□□＿□□□□□□□
□□□□＿□□□□□
□□□□□□□＿□□
□□□□□□□□＿□
＿□□□□□□□□□
＿□□□□□□□□□
00:15:51(28554f):field(28553f)
＿＿＿＿＿＿＿＿＿＿
＿＿＿＿＿＿＿＿＿＿
＿＿＿＿＿＿＿＿＿＿
＿＿＿＿＿＿＿＿＿＿
＿＿＿＿＿＿＿＿＿＿
＿＿＿＿■＿＿＿＿＿
＿＿＿■■＿＿＿＿＿
＿＿＿■□□＿＿＿＿
＿＿＿□□□□＿＿＿
＿□＿□□□□＿＿＿
□□□□□□□□＿◆
□□□□□□□□□＿
□□□□□□□□□＿
□＿□□□□□□□□
□□＿□□□□□□□
□□□□＿□□□□□
□□□□□□□＿□□
□□□□□□□□＿□
＿□□□□□□□□□
＿□□□□□□□□□
00:15:52(28568f):field(28567f)
＿＿＿＿＿＿＿＿＿＿
＿＿＿＿＿＿＿＿＿＿
＿＿＿＿＿＿＿＿＿＿
＿＿＿＿＿＿＿＿＿＿
＿＿＿＿＿＿＿＿＿＿
＿＿＿＿◆＿＿＿＿＿
＿＿＿◆◆＿＿＿＿＿
＿＿＿◆□◆＿＿＿＿
＿＿＿□□◆◆＿＿＿
＿◆＿□□□◆＿＿＿
◆◆□□□□□◆＿＿
□□◆□□□□□□■
□□□□□□□□□■
□■□□□□□□□□
□□＿□□□□□□□
□□□□＿□□□□□
□□□□□□□＿□□
□□□□□□□□＿□
＿□□□□□□□□□
＿□□□□□□□□□
00:15:52(28581f):field(28580f)
＿＿＿＿＿＿＿＿＿＿
＿＿＿＿＿＿＿＿＿＿
＿＿＿＿＿＿＿＿＿＿
＿＿＿＿＿＿＿＿＿＿
＿＿＿＿＿＿＿＿＿＿
＿＿＿＿＿＿＿＿＿＿
＿＿＿＿＿＿＿＿＿＿
＿＿＿＿□＿＿＿＿＿
＿＿＿□□＿＿＿＿＿
＿＿＿□□□■■＿＿
＿＿◆□□□□■＿＿
◆□＿□□□□□◆□
□□□□□□□□◆□
□◆□□□□□□□□
□□＿□□□□□□□
□□□□＿□□□□□
□□□□□□□＿□□
□□□□□□□□＿□
＿□□□□□□□□□
＿□□□□□□□□□
00:15:53(28593f):field(28592f)
＿＿＿＿＿＿＿＿＿＿
＿＿＿＿＿＿＿＿＿＿
＿＿＿＿＿＿＿＿＿＿
＿＿＿＿＿＿＿＿＿＿
＿＿＿＿＿＿＿＿＿＿
＿＿＿＿＿＿＿＿＿＿
＿＿＿＿＿＿＿＿＿＿
＿＿＿＿□■■＿＿＿
＿＿＿□□■■＿＿＿
＿＿＿□□□□□＿＿
＿＿＿□□□□□＿＿
＿□＿□□□□□＿□
□□□□□□□□＿□
□＿□□□□□□□□
□□＿□□□□□□□
□□□□＿□□□□□
□□□□□□□＿□□
□□□□□□□□＿□
＿□□□□□□□□□
＿□□□□□□□□□
00:15:53(28604f):field(28603f)
＿＿＿＿＿＿＿＿＿＿
＿＿＿＿＿＿＿＿＿＿
＿＿＿＿＿＿＿＿＿＿
＿＿＿＿＿＿＿＿＿＿
＿＿＿＿＿＿＿＿＿＿
＿＿＿＿＿＿＿＿＿＿
＿＿＿＿＿＿＿＿＿＿
＿＿＿＿□□□＿＿＿
＿＿■□□□□＿＿＿
＿＿■□□□□□＿＿
＿＿■□□□□□＿＿
＿□■□□□□□＿□
□□□□□□□□＿□
□＿□□□□□□□□
□□＿□□□□□□□
□□□□＿□□□□□
□□□□□□□＿□□
□□□□□□□□＿□
＿□□□□□□□□□
＿□□□□□□□□□
00:15:53(28618f):field(28617f)
＿＿＿＿＿＿＿＿＿＿
＿＿＿＿＿＿＿＿＿＿
＿＿＿＿＿＿＿＿＿＿
＿＿＿＿＿＿＿＿＿＿
＿＿＿＿＿＿＿＿＿＿
＿＿＿＿＿＿＿＿＿＿
＿＿＿＿＿＿＿＿＿＿
＿＿＿＿◆◆◆＿＿＿
＿＿◆◆□□□＿＿＿
＿＿□□□□□◆＿＿
＿＿□□□□□□＿＿
■◆□□□□□□■□
◆□□□□□□□■□
□＿□□□□□□□□
□□＿□□□□□□□
□□□□＿□□□□□
□□□□□□□＿□□
□□□□□□□□＿□
＿□□□□□□□□□
＿□□□□□□□□□
00:15:54(28627f):field(28626f)
＿＿＿＿＿＿＿＿＿＿
＿＿＿＿＿＿＿＿＿＿
＿＿＿＿＿＿＿＿＿＿
＿＿＿＿＿＿＿＿＿＿
＿＿＿＿＿＿＿＿＿＿
＿＿＿＿＿＿＿＿＿＿
＿＿＿＿＿＿＿＿＿＿
＿＿＿■■＿＿＿＿＿
＿＿■■□□□＿＿＿
＿＿□□□□□＿＿＿
＿＿□□□□□□＿＿
◆＿□□□□□□□□
＿□□□□□□□□□
□＿□□□□□□□□
□□＿□□□□□□□
□□□□＿□□□□□
□□□□□□□＿□□
□□□□□□□□＿□
＿□□□□□□□□□
＿□□□□□□□□□
00:15:54(28641f):field(28640f)
＿＿＿＿＿＿＿＿＿＿
＿＿＿＿＿＿＿＿＿＿
＿＿＿＿＿＿＿＿＿＿
＿＿＿＿＿＿＿＿＿＿
＿＿＿＿＿＿＿＿＿＿
＿＿＿＿＿＿＿＿＿＿
＿＿＿＿＿＿＿＿＿＿
＿＿＿◆◆＿＿＿＿＿
＿＿◆◆◆◆◆＿＿＿
＿＿◆□□◆◆＿＿＿
＿＿□□□□□◆＿＿
＿■□□□□□□□□
＿□□□□□□□□◆
□■□□□□□□□□
□□＿□□□□□□□
□□□□＿□□□□□
□□□□□□□＿□□
□□□□□□□□＿□
＿□□□□□□□□□
＿□□□□□□□□□
00:15:55(28650f):field(28649f)
＿＿＿＿＿＿＿＿＿＿
＿＿＿＿＿＿＿＿＿＿
＿＿＿＿＿＿＿＿＿＿
＿＿＿＿＿＿＿＿＿＿
＿＿＿＿＿＿＿＿＿＿
＿＿＿＿＿＿＿＿＿＿
＿＿＿＿＿＿＿＿＿＿
＿＿＿＿＿＿＿＿＿＿
＿＿■■■＿＿＿＿＿
＿＿■□□＿＿＿＿＿
■＿□□□□□＿＿＿
＿◆□□□□□◆◆◆
＿□□□□□□□□＿
□◆□□□□□□□□
□□＿□□□□□□□
□□□□＿□□□□□
□□□□□□□＿□□
□□□□□□□□＿□
＿□□□□□□□□□
＿□□□□□□□□□
00:15:55(28666f):field(28665f)
＿＿＿＿＿＿＿＿＿＿
＿＿＿＿＿＿＿＿＿＿
＿＿＿＿＿＿＿＿＿＿
＿＿＿＿＿＿＿＿＿＿
＿＿＿＿＿＿＿＿＿＿
＿＿＿＿＿＿＿＿＿＿
＿＿＿＿＿＿＿＿＿＿
＿＿＿＿＿＿＿＿＿＿
＿＿□□□＿＿＿＿＿
＿＿□□□＿＿＿＿＿
◆＿□□□□□＿＿＿
＿＿□□□□□■■■
＿□□□□□□□□＿
□＿□□□□□□□□
□□＿□□□□□□□
□□□□＿□□□□□
□□□□□□□＿□□
□□□□□□□□＿□
＿□□□□□□□□□
＿□□□□□□□□□
00:15:55(28674f):field(28673f)
＿＿＿＿＿＿＿＿＿＿
＿＿＿＿＿＿＿＿＿＿
＿＿＿＿＿＿＿＿＿＿
＿＿＿＿＿＿＿＿＿＿
＿＿＿＿＿＿＿＿＿＿
＿＿＿＿＿＿＿＿＿＿
＿＿＿＿＿＿＿＿＿＿
＿＿＿＿＿＿＿＿＿＿
＿＿□□□■■＿＿＿
＿＿□□□■■＿＿＿
＿＿□□□□□＿＿＿
＿＿□□□□□□□□
＿□□□□□□□□＿
□＿□□□□□□□□
□□＿□□□□□□□
□□□□＿□□□□□
□□□□□□□＿□□
□□□□□□□□＿□
＿□□□□□□□□□
＿□□□□□□□□□
00:15:56(28689f):field(28688f)
＿＿＿＿＿＿＿＿＿＿
＿＿＿＿＿＿＿＿＿＿
＿＿＿＿＿＿＿＿＿＿
＿＿＿＿＿＿＿＿＿＿
＿＿＿＿＿＿＿＿＿＿
＿＿＿＿＿＿＿＿＿＿
＿＿＿＿＿＿＿＿＿＿
＿＿＿＿＿＿＿＿＿■
＿＿□□□□□＿＿■
＿＿□□□□□＿＿■
＿＿□□□□□＿＿■
＿＿□□□□□□□□
＿□□□□□□□□＿
□＿□□□□□□□□
□□＿□□□□□□□
□□□□＿□□□□□
□□□□□□□＿□□
□□□□□□□□＿□
＿□□□□□□□□□
＿□□□□□□□□□
00:15:56(28699f):field(28698f)
＿＿＿＿＿＿＿＿＿＿
＿＿＿＿＿＿＿＿＿＿
＿＿＿＿＿＿＿＿＿＿
＿＿＿＿＿＿＿＿＿＿
＿＿＿＿＿＿＿＿＿＿
＿＿＿＿＿＿＿＿＿＿
＿＿＿＿＿＿＿＿＿＿
＿＿＿＿＿＿＿＿＿□
＿＿□□□□□■＿□
＿＿□□□□□■■□
＿＿□□□□□＿■□
＿＿□□□□□□□□
＿□□□□□□□□＿
□＿□□□□□□□□
□□＿□□□□□□□
□□□□＿□□□□□
□□□□□□□＿□□
□□□□□□□□＿□
＿□□□□□□□□□
＿□□□□□□□□□
00:15:57(28710f):field(28709f)
＿＿＿＿＿＿＿＿＿＿
＿＿＿＿＿＿＿＿＿＿
＿＿＿＿＿＿＿＿＿＿
＿＿＿＿＿＿＿＿＿＿
＿＿＿＿＿＿＿＿＿＿
＿＿＿＿＿＿＿＿＿＿
＿＿＿＿＿＿＿＿＿＿
＿＿＿＿＿＿＿＿＿□
＿＿□□□□□□＿□
＿＿□□□□□□□□
■■□□□□□＿□□
■＿□□□□□□□□
■□□□□□□□□＿
□＿□□□□□□□□
□□＿□□□□□□□
□□□□＿□□□□□
□□□□□□□＿□□
□□□□□□□□＿□
＿□□□□□□□□□
＿□□□□□□□□□
00:15:57(28721f):field(28720f)
＿＿＿＿＿＿＿＿＿＿
＿＿＿＿＿＿＿＿＿＿
＿＿＿＿＿＿＿＿＿＿
＿＿＿＿＿＿＿＿＿＿
＿＿＿＿＿＿＿＿＿＿
＿＿＿＿■＿＿＿＿＿
＿＿＿■■＿＿＿＿＿
＿＿＿■＿＿＿＿＿□
＿＿□□□□□□＿□
＿＿□□□□□□□□
□□□□□□□＿□□
□＿□□□□□□□□
□□□□□□□□□＿
□＿□□□□□□□□
□□＿□□□□□□□
□□□□＿□□□□□
□□□□□□□＿□□
□□□□□□□□＿□
＿□□□□□□□□□
＿□□□□□□□□□
00:15:57(28735f):field(28734f)
＿＿＿＿＿＿＿＿＿＿
＿＿＿＿＿＿＿＿＿＿
＿＿＿＿＿＿＿＿＿＿
＿＿＿＿＿＿＿＿＿＿
＿＿＿＿＿＿＿＿＿＿
＿＿＿＿◆＿＿＿＿＿
＿＿＿◆□＿＿＿＿＿
＿＿＿□■＿＿＿＿◆
＿＿□□□◆◆◆＿□
■■□□□□□□□□
□□□□□□□＿□□
□＿□□□□□□□□
□□□□□□□□□＿
□＿□□□□□□□□
□□＿□□□□□□□
□□□□＿□□□□□
□□□□□□□＿□□
□□□□□□□□＿□
＿□□□□□□□□□
＿□□□□□□□□□
00:15:58(28751f):field(28750f)
＿＿＿＿＿＿＿＿＿＿
＿＿＿＿＿＿＿＿＿＿
＿＿＿＿＿＿＿＿＿＿
＿＿＿＿＿＿＿＿＿＿
＿＿＿＿＿＿＿＿＿＿
＿＿＿＿＿＿＿＿＿＿
＿＿＿＿□＿＿＿＿＿
＿＿＿□□＿＿＿＿＿
＿＿◆□□■■■＿□
□□□□□□□□◆□
□□□□□□□＿□□
□＿□□□□□□□□
□□□□□□□□□＿
□＿□□□□□□□□
□□＿□□□□□□□
□□□□＿□□□□□
□□□□□□□＿□□
□□□□□□□□＿□
＿□□□□□□□□□
＿□□□□□□□□□
00:15:59(28770f):field(28769f)
＿＿＿＿＿＿＿＿＿＿
＿＿＿＿＿＿＿＿＿＿
＿＿＿＿＿＿＿＿＿＿
＿＿＿＿＿＿＿＿＿＿
＿＿＿＿＿＿＿＿＿＿
＿＿＿＿＿＿＿＿＿＿
＿＿＿＿□＿＿■＿＿
＿＿＿□□＿＿■■＿
＿＿＿□□□□□■□
□□□□□□□□＿□
□□□□□□□＿□□
□＿□□□□□□□□
□□□□□□□□□＿
□＿□□□□□□□□
□□＿□□□□□□□
□□□□＿□□□□□
□□□□□□□＿□□
□□□□□□□□＿□
＿□□□□□□□□□
＿□□□□□□□□□
00:15:59(28787f):field(28786f)
＿＿＿＿＿＿＿＿＿＿
＿＿＿＿＿＿＿＿＿＿
＿＿＿＿＿＿＿＿＿＿
＿＿＿＿＿＿＿＿＿＿
＿＿＿＿＿＿＿＿＿＿
＿＿＿＿＿＿＿＿＿＿
＿＿＿＿◆＿＿◆＿＿
■＿＿□□■■□□＿
＿■＿□□◆◆□□□
□□□□□□□□＿□
□□□□□□□■□□
□＿□□□□□□□□
□□□□□□□□□＿
□＿□□□□□□□□
□□＿□□□□□□□
□□□□＿□□□□□
□□□□□□□＿□□
□□□□□□□□＿□
＿□□□□□□□□□
＿□□□□□□□□□
00:16:00(28802f):field(28801f)
＿＿＿＿＿＿＿＿＿＿
＿＿＿＿＿＿＿＿＿＿
＿＿＿＿＿＿＿＿＿＿
＿＿＿＿＿＿＿＿＿＿
＿＿＿＿＿＿＿＿＿＿
＿＿＿＿＿＿＿＿＿＿
＿■＿＿＿＿＿＿＿＿
◆■■◆□◆◆□◆＿
＿□■□□＿＿□□◆
□□□□□□□□＿□
□□□□□□□◆□□
□＿□□□□□□□□
□□□□□□□□□＿
□＿□□□□□□□□
□□＿□□□□□□□
□□□□＿□□□□□
□□□□□□□＿□□
□□□□□□□□＿□
＿□□□□□□□□□
＿□□□□□□□□□
00:16:00(28818f):field(28817f)
＿＿＿＿＿＿＿＿＿＿
＿＿＿＿＿＿＿＿＿＿
＿＿＿＿＿＿＿＿＿＿
＿＿＿＿＿＿＿＿＿＿
＿＿＿＿＿＿＿＿＿＿
＿＿＿＿＿＿＿＿＿＿
＿□＿＿＿＿■＿＿＿
＿□□＿□＿■□＿＿
＿□□□□■■□□＿
□□□□□□□□＿□
□□□□□□□＿□□
□＿□□□□□□□□
□□□□□□□□□＿
□＿□□□□□□□□
□□＿□□□□□□□
□□□□＿□□□□□
□□□□□□□＿□□
□□□□□□□□＿□
＿□□□□□□□□□
＿□□□□□□□□□
00:16:01(28832f):field(28831f)
＿＿＿＿＿＿＿＿＿＿
＿＿＿＿＿＿＿＿＿＿
＿＿＿＿＿＿＿＿＿＿
＿＿＿＿＿＿＿＿＿＿
＿＿＿＿＿＿＿＿＿＿
＿＿＿＿■■＿＿＿＿
＿□＿＿＿■□＿＿＿
＿□□＿□■□□＿＿
＿□□□□□□□□＿
□□□□□□□□＿□
□□□□□□□＿□□
□＿□□□□□□□□
□□□□□□□□□＿
□＿□□□□□□□□
□□＿□□□□□□□
□□□□＿□□□□□
□□□□□□□＿□□
□□□□□□□□＿□
＿□□□□□□□□□
＿□□□□□□□□□
00:16:01(28846f):field(28845f)
＿＿＿＿＿＿＿＿＿＿
＿＿＿＿＿＿＿＿＿＿
＿＿＿＿＿＿＿＿＿＿
＿＿＿＿＿＿＿＿＿＿
＿＿＿＿＿＿＿＿＿＿
＿＿＿＿□□＿＿＿＿
＿□＿＿＿□□＿■■
＿□□＿□□□□■■
＿□□□□□□□□＿
□□□□□□□□＿□
□□□□□□□＿□□
□＿□□□□□□□□
□□□□□□□□□＿
□＿□□□□□□□□
□□＿□□□□□□□
□□□□＿□□□□□
□□□□□□□＿□□
□□□□□□□□＿□
＿□□□□□□□□□
＿□□□□□□□□□
00:16:02(28861f):field(28860f)
＿＿＿＿＿＿＿＿＿＿
＿＿＿＿＿＿＿＿＿＿
＿＿＿＿＿＿＿＿＿＿
＿＿＿＿＿＿＿■＿＿
＿＿＿＿＿＿＿■＿＿
＿＿＿＿□□＿■＿＿
＿□＿＿＿□□■□□
＿□□＿□□□□□□
＿□□□□□□□□＿
□□□□□□□□＿□
□□□□□□□＿□□
□＿□□□□□□□□
□□□□□□□□□＿
□＿□□□□□□□□
□□＿□□□□□□□
□□□□＿□□□□□
□□□□□□□＿□□
□□□□□□□□＿□
＿□□□□□□□□□
＿□□□□□□□□□
00:16:02(28873f):field(28872f)
＿＿＿＿＿＿＿＿＿＿
＿＿＿＿＿＿＿＿＿＿
＿＿＿＿＿＿＿＿＿＿
＿＿＿＿＿＿＿□＿＿
＿＿＿＿＿＿＿□＿＿
＿＿＿＿□□＿□＿＿
＿□■■■□□□□□
＿□□■□□□□□□
＿□□□□□□□□＿
□□□□□□□□＿□
□□□□□□□＿□□
□＿□□□□□□□□
□□□□□□□□□＿
□＿□□□□□□□□
□□＿□□□□□□□
□□□□＿□□□□□
□□□□□□□＿□□
□□□□□□□□＿□
＿□□□□□□□□□
＿□□□□□□□□□
00:16:02(28888f):field(28887f)
＿＿＿＿＿＿＿＿＿＿
＿＿＿＿＿＿＿＿＿＿
＿＿＿＿＿＿＿＿＿＿
＿＿＿＿＿＿＿□＿＿
＿＿＿＿■■■□＿＿
＿＿＿＿□□■□＿＿
＿□□□□□□□□□
＿□□□□□□□□□
＿□□□□□□□□＿
□□□□□□□□＿□
□□□□□□□＿□□
□＿□□□□□□□□
□□□□□□□□□＿
□＿□□□□□□□□
□□＿□□□□□□□
□□□□＿□□□□□
□□□□□□□＿□□
□□□□□□□□＿□
＿□□□□□□□□□
＿□□□□□□□□□
00:16:03(28900f):field(28899f)
＿＿＿＿＿＿＿＿＿＿
＿＿＿＿＿＿＿＿＿＿
＿＿＿＿■＿＿＿＿＿
＿＿＿■■＿＿□＿＿
＿＿＿■□□□□＿＿
＿＿＿＿□□□□＿＿
＿□□□□□□□□□
＿□□□□□□□□□
＿□□□□□□□□＿
□□□□□□□□＿□
□□□□□□□＿□□
□＿□□□□□□□□
□□□□□□□□□＿
□＿□□□□□□□□
□□＿□□□□□□□
□□□□＿□□□□□
□□□□□□□＿□□
□□□□□□□□＿□
＿□□□□□□□□□
＿□□□□□□□□□
00:16:03(28914f):field(28913f)
＿＿＿＿＿＿＿＿＿＿
＿＿＿＿＿＿＿＿＿＿
＿＿＿＿□■■＿＿＿
＿＿＿□□■■□＿＿
＿＿＿□□□□□＿＿
＿＿＿＿□□□□＿＿
＿□□□□□□□□□
＿□□□□□□□□□
＿□□□□□□□□＿
□□□□□□□□＿□
□□□□□□□＿□□
□＿□□□□□□□□
□□□□□□□□□＿
□＿□□□□□□□□
□□＿□□□□□□□
□□□□＿□□□□□
□□□□□□□＿□□
□□□□□□□□＿□
＿□□□□□□□□□
＿□□□□□□□□□
00:16:04(28929f):field(28928f)
＿＿＿＿＿＿＿＿＿＿
＿＿＿＿＿＿＿＿＿＿
＿＿＿＿□□□＿＿＿
＿＿■□□□□□＿＿
＿＿■□□□□□＿＿
＿＿■■□□□□＿＿
＿□□□□□□□□□
＿□□□□□□□□□
＿□□□□□□□□＿
□□□□□□□□＿□
□□□□□□□＿□□
□＿□□□□□□□□
□□□□□□□□□＿
□＿□□□□□□□□
□□＿□□□□□□□
□□□□＿□□□□□
□□□□□□□＿□□
□□□□□□□□＿□
＿□□□□□□□□□
＿□□□□□□□□□
00:16:04(28946f):field(28945f)
＿＿＿＿＿＿＿＿＿＿
＿＿＿＿＿＿＿＿＿＿
＿＿＿＿□□□＿＿＿
■＿□□□□□□＿＿
■■□□□□□□＿＿
＿■□□□□□□＿＿
＿□□□□□□□□□
＿□□□□□□□□□
＿□□□□□□□□＿
□□□□□□□□＿□
□□□□□□□＿□□
□＿□□□□□□□□
□□□□□□□□□＿
□＿□□□□□□□□
□□＿□□□□□□□
□□□□＿□□□□□
□□□□□□□＿□□
□□□□□□□□＿□
＿□□□□□□□□□
＿□□□□□□□□□
00:16:05(28962f):field(28961f)
＿＿＿＿＿＿＿＿＿＿
＿＿＿＿＿＿＿＿＿＿
＿＿＿＿□□□＿＿■
□＿□□□□□□＿■
□□□□□□□□＿■
＿□□□□□□□＿■
＿□□□□□□□□□
＿□□□□□□□□□
＿□□□□□□□□＿
□□□□□□□□＿□
□□□□□□□＿□□
□＿□□□□□□□□
□□□□□□□□□＿
□＿□□□□□□□□
□□＿□□□□□□□
□□□□＿□□□□□
□□□□□□□＿□□
□□□□□□□□＿□
＿□□□□□□□□□
＿□□□□□□□□□
00:16:05(28975f):field(28974f)
＿＿＿＿＿＿＿＿＿＿
＿＿＿＿＿＿＿＿＿＿
■■■＿□□□＿＿□
□■□□□□□□＿□
□□□□□□□□＿□
＿□□□□□□□＿□
＿□□□□□□□□□
＿□□□□□□□□□
＿□□□□□□□□＿
□□□□□□□□＿□
□□□□□□□＿□□
□＿□□□□□□□□
□□□□□□□□□＿
□＿□□□□□□□□
□□＿□□□□□□□
□□□□＿□□□□□
□□□□□□□＿□□
□□□□□□□□＿□
＿□□□□□□□□□
＿□□□□□□□□□
00:16:06(28990f):field(28989f)
＿＿＿＿■＿＿＿＿＿
＿＿＿■■＿＿＿＿＿
□□□■□□□＿＿□
□□□□□□□□＿□
□□□□□□□□＿□
＿□□□□□□□＿□
＿□□□□□□□□□
＿□□□□□□□□□
＿□□□□□□□□＿
□□□□□□□□＿□
□□□□□□□＿□□
□＿□□□□□□□□
□□□□□□□□□＿
□＿□□□□□□□□
□□＿□□□□□□□
□□□□＿□□□□□
□□□□□□□＿□□
□□□□□□□□＿□
＿□□□□□□□□□
＿□□□□□□□□□
00:16:09(29079f):game end
