00:46:31(83740f):game start
00:46:32(83783f):field(83782f)
＿＿＿＿＿＿＿＿＿＿
＿＿＿＿＿＿＿＿＿＿
＿＿＿＿＿＿＿＿＿＿
＿＿＿＿＿＿＿＿＿＿
＿＿＿＿＿＿＿＿＿＿
＿＿＿＿＿＿＿＿＿＿
＿＿＿＿＿＿＿＿＿＿
＿＿＿＿＿＿＿＿＿＿
＿＿＿＿＿＿＿＿＿＿
＿＿＿＿＿＿＿＿＿＿
＿＿＿＿＿＿＿＿＿＿
＿＿＿＿＿＿＿＿＿＿
＿＿＿＿＿＿＿＿＿＿
＿＿■■■■■■＿＿
＿＿＿＿＿＿＿＿＿＿
＿＿＿＿＿＿＿＿＿＿
＿＿＿＿＿＿＿＿＿＿
＿＿＿＿＿＿＿＿＿＿
＿＿＿＿＿＿＿＿＿＿
＿＿＿＿＿＿＿＿＿＿
00:46:33(83810f):field(83809f)
＿＿＿＿＿＿＿＿＿＿
＿＿＿＿＿＿＿＿＿＿
＿＿＿＿＿＿＿＿＿＿
＿＿＿＿＿＿＿＿＿＿
＿＿＿＿＿＿＿＿＿＿
＿＿＿＿＿＿＿＿＿＿
＿＿＿＿＿＿＿＿＿＿
＿＿＿＿＿＿＿＿＿＿
＿＿＿＿＿＿＿＿＿＿
＿＿＿＿＿＿＿＿＿＿
＿＿＿＿＿＿＿＿＿＿
＿＿＿＿＿＿＿＿＿＿
＿＿＿＿＿＿＿＿＿＿
＿＿◆◆◆◆◆◆＿＿
＿＿＿＿＿＿＿＿＿＿
＿＿＿＿＿＿＿＿＿＿
＿＿＿＿＿＿＿＿＿＿
＿＿＿＿＿＿＿＿＿＿
■＿＿＿＿■＿＿＿＿
■■■■■■＿＿＿＿
00:46:34(83822f):field(83821f)
＿＿＿＿＿＿＿＿＿＿
＿＿＿＿＿＿＿＿＿＿
＿＿＿＿＿＿＿＿＿＿
＿＿＿＿＿＿＿＿＿＿
＿＿＿＿＿＿＿＿＿＿
＿＿＿＿＿＿＿＿＿＿
＿＿＿＿＿＿＿＿＿＿
＿＿＿＿＿＿＿＿＿＿
＿＿＿＿＿＿＿＿＿＿
＿＿＿＿＿＿＿＿＿＿
＿＿＿＿＿＿＿＿＿＿
＿＿＿＿＿＿＿＿＿＿
＿＿＿＿＿＿＿＿＿＿
＿＿＿＿＿＿＿＿＿＿
＿＿＿＿＿＿＿＿＿＿
＿＿＿＿＿＿＿＿＿＿
＿＿＿＿＿＿■＿＿＿
＿＿＿＿＿＿■＿＿＿
□＿＿＿＿□■＿＿＿
□□□□□□■＿＿＿
00:46:34(83835f):field(83834f)
＿＿＿＿＿＿＿＿＿＿
＿＿＿＿＿＿＿＿＿＿
＿＿＿＿＿＿＿＿＿＿
＿＿＿＿＿＿＿＿＿＿
＿＿＿＿＿＿＿＿＿＿
＿＿＿＿＿＿＿＿＿＿
＿＿＿＿＿＿＿＿＿＿
＿＿＿＿＿＿＿＿＿＿
＿＿＿＿＿＿＿＿＿＿
＿＿＿＿＿＿＿＿＿＿
＿＿＿＿＿＿＿＿＿＿
＿＿＿＿＿＿＿＿＿＿
＿＿＿＿＿＿＿＿＿＿
＿＿＿＿＿＿＿＿＿＿
＿＿＿＿＿＿＿＿＿＿
＿＿＿＿＿＿＿＿＿＿
＿＿＿＿＿＿□＿＿＿
＿＿＿■＿＿□＿＿＿
□＿■■■□□＿＿＿
□□□□□□□＿＿＿
00:46:34(83846f):field(83845f)
＿＿＿＿＿＿＿＿＿＿
＿＿＿＿＿＿＿＿＿＿
＿＿＿＿＿＿＿＿＿＿
＿＿＿＿＿＿＿＿＿＿
＿＿＿＿＿＿＿＿＿＿
＿＿＿＿＿＿＿＿＿＿
＿＿＿＿＿＿＿＿＿＿
＿＿＿＿＿＿＿＿＿＿
＿＿＿＿＿＿＿＿＿＿
＿＿＿＿＿＿＿＿＿＿
＿＿＿＿＿＿＿＿＿＿
＿＿＿＿＿＿＿＿＿＿
＿＿＿＿＿＿＿＿＿＿
＿＿＿＿＿＿＿＿＿＿
＿＿＿＿＿＿＿＿＿＿
＿＿＿＿＿＿＿＿＿＿
＿＿＿＿■■□＿＿＿
＿＿＿□■■□＿＿＿
□＿□□□□□＿＿＿
□□□□□□□＿＿＿
00:46:35(83861f):field(83860f)
＿＿＿＿＿＿＿＿＿＿
＿＿＿＿＿＿＿＿＿＿
＿＿＿＿＿＿＿＿＿＿
＿＿＿＿＿＿＿＿＿＿
＿＿＿＿＿＿＿＿＿＿
＿＿＿＿＿＿＿＿＿＿
＿＿＿＿＿＿＿＿＿＿
＿＿＿＿＿＿＿＿＿＿
＿＿＿＿＿＿＿＿＿＿
＿＿＿＿＿＿＿＿＿＿
＿＿＿＿＿＿＿＿＿＿
＿＿＿＿＿＿＿＿＿＿
＿＿＿＿＿＿＿＿＿＿
＿＿＿＿＿＿＿＿＿＿
＿＿＿＿■＿＿＿＿＿
＿＿＿＿■■■＿＿＿
＿＿＿＿□□□＿＿＿
＿＿＿□□□□＿＿＿
□＿□□□□□＿＿＿
□□□□□□□＿＿＿
00:46:35(83879f):field(83878f)
＿＿＿＿＿＿＿＿＿＿
＿＿＿＿＿＿＿＿＿＿
＿＿＿＿＿＿＿＿＿＿
＿＿＿＿＿＿＿＿＿＿
＿＿＿＿＿＿＿＿＿＿
＿＿＿＿＿＿＿＿＿＿
＿＿＿＿＿＿＿＿＿＿
＿＿＿＿＿＿＿＿＿＿
＿＿＿＿＿＿＿＿＿＿
＿＿＿＿＿＿＿＿＿＿
＿＿＿＿＿＿＿＿＿＿
＿＿＿＿＿＿＿＿＿＿
＿＿＿＿＿＿＿＿＿＿
＿＿＿＿＿＿＿＿＿＿
＿＿＿＿□＿＿＿＿＿
＿＿＿＿□□□＿＿＿
＿＿＿＿□□□＿＿＿
＿＿＿□□□□■＿＿
□＿□□□□□■＿＿
□□□□□□□■■＿
00:46:36(83891f):field(83890f)
＿＿＿＿＿＿＿＿＿＿
＿＿＿＿＿＿＿＿＿＿
＿＿＿＿＿＿＿＿＿＿
＿＿＿＿＿＿＿＿＿＿
＿＿＿＿＿＿＿＿＿＿
＿＿＿＿＿＿＿＿＿＿
＿＿＿＿＿＿＿＿＿＿
＿＿＿＿＿＿＿＿＿＿
＿＿＿＿＿＿＿＿＿＿
＿＿＿＿＿＿＿＿＿＿
＿＿＿＿＿＿＿＿＿＿
＿＿＿＿＿＿＿＿＿＿
＿＿＿＿＿＿＿＿＿＿
＿＿＿＿＿＿＿＿＿＿
＿＿＿＿□＿＿＿＿＿
＿＿＿＿□□□＿＿＿
■＿＿＿□□□＿＿＿
■■＿□□□□□＿＿
□■□□□□□□＿＿
□□□□□□□□□＿
00:46:36(83904f):field(83903f)
＿＿＿＿＿＿＿＿＿＿
＿＿＿＿＿＿＿＿＿＿
＿＿＿＿＿＿＿＿＿＿
＿＿＿＿＿＿＿＿＿＿
＿＿＿＿＿＿＿＿＿＿
＿＿＿＿＿＿＿＿＿＿
＿＿＿＿＿＿＿＿＿＿
＿＿＿＿＿＿＿＿＿＿
＿＿＿＿＿＿＿＿＿＿
＿＿＿＿＿＿＿＿＿＿
＿＿＿＿＿＿＿＿＿＿
＿＿＿＿＿＿＿＿＿＿
＿＿＿＿＿＿＿＿＿＿
＿＿＿＿＿＿＿＿＿＿
＿＿＿＿□＿＿＿＿＿
＿＿＿■□□□＿＿＿
□＿■■□□□＿＿＿
□□■□□□□□＿＿
□□□□□□□□＿＿
□□□□□□□□□＿
00:46:37(83916f):field(83915f)
＿＿＿＿＿＿＿＿＿＿
＿＿＿＿＿＿＿＿＿＿
＿＿＿＿＿＿＿＿＿＿
＿＿＿＿＿＿＿＿＿＿
＿＿＿＿＿＿＿＿＿＿
＿＿＿＿＿＿＿＿＿＿
＿＿＿＿＿＿＿＿＿＿
＿＿＿＿＿＿＿＿＿＿
＿＿＿＿＿＿＿＿＿＿
＿＿＿＿＿＿＿＿＿＿
＿＿＿＿＿＿＿＿＿＿
＿＿＿＿＿＿＿＿＿＿
＿＿＿＿＿＿＿＿＿＿
＿＿＿＿＿■■＿＿＿
＿＿＿＿□■■＿＿＿
＿＿＿□□□□＿＿＿
□＿□□□□□＿＿＿
□□□□□□□□＿＿
□□□□□□□□＿＿
□□□□□□□□□＿
00:46:37(83932f):field(83931f)
＿＿＿＿＿＿＿＿＿＿
＿＿＿＿＿＿＿＿＿＿
＿＿＿＿＿＿＿＿＿＿
＿＿＿＿＿＿＿＿＿＿
＿＿＿＿＿＿＿＿＿＿
＿＿＿＿＿＿＿＿＿＿
＿＿＿＿＿＿＿＿＿＿
＿＿＿＿＿＿＿＿＿＿
＿＿＿＿＿＿＿＿＿＿
＿＿＿＿＿＿＿＿＿＿
＿＿＿＿＿＿＿＿＿＿
＿＿＿＿＿＿＿＿＿＿
＿＿＿＿＿＿＿＿＿＿
＿＿＿＿＿□□＿＿＿
＿＿＿＿□□□＿＿＿
＿＿＿□□□□＿■＿
□＿□□□□□＿■＿
□□□□□□□□■＿
□□□□□□□□■＿
□□□□□□□□□＿
00:46:38(83946f):field(83945f)
＿＿＿＿＿＿＿＿＿＿
＿＿＿＿＿＿＿＿＿＿
＿＿＿＿＿＿＿＿＿＿
＿＿＿＿＿＿＿＿＿＿
＿＿＿＿＿＿＿＿＿＿
＿＿＿＿＿＿＿＿＿＿
＿＿＿＿＿＿＿＿＿＿
＿＿＿＿＿＿＿＿＿＿
＿＿＿＿＿＿＿＿＿＿
＿＿＿＿＿＿＿＿＿＿
＿＿＿＿＿＿＿＿＿＿
＿＿＿＿＿＿＿＿＿＿
＿＿＿＿■■■＿＿＿
＿＿＿＿■□□＿＿＿
＿＿＿＿□□□＿＿＿
＿＿＿□□□□＿□＿
□＿□□□□□＿□＿
□□□□□□□□□＿
□□□□□□□□□＿
□□□□□□□□□＿
00:46:38(83959f):field(83958f)
＿＿＿＿＿＿＿＿＿＿
＿＿＿＿＿＿＿＿＿＿
＿＿＿＿＿＿＿＿＿＿
＿＿＿＿＿＿＿＿＿＿
＿＿＿＿＿＿＿＿＿＿
＿＿＿＿＿＿＿＿＿＿
＿＿＿＿＿＿＿＿＿＿
＿＿＿＿＿＿＿＿＿＿
＿＿＿＿＿＿＿＿＿＿
＿＿＿＿＿＿＿＿＿＿
＿＿＿＿＿＿＿＿＿＿
＿＿＿＿＿＿＿＿＿＿
＿＿＿＿□□□＿＿＿
＿＿＿＿□□□＿＿＿
■＿＿＿□□□＿＿＿
■■＿□□□□＿□＿
□■□□□□□＿□＿
□□□□□□□□□＿
□□□□□□□□□＿
□□□□□□□□□＿
00:46:39(83972f):field(83971f)
＿＿＿＿＿＿＿＿＿＿
＿＿＿＿＿＿＿＿＿＿
＿＿＿＿＿＿＿＿＿＿
＿＿＿＿＿＿＿＿＿＿
＿＿＿＿＿＿＿＿＿＿
＿＿＿＿＿＿＿＿＿＿
＿＿＿＿＿＿＿＿＿＿
＿＿＿＿＿＿＿＿＿＿
＿＿＿＿＿＿＿＿＿＿
＿＿＿＿＿＿＿＿＿＿
＿＿＿＿＿＿＿＿＿＿
＿＿＿＿＿＿＿＿＿＿
＿＿＿＿□□□＿＿＿
＿＿＿■□□□＿＿＿
□＿■■□□□＿＿＿
□□■□□□□＿□＿
□□□□□□□＿□＿
□□□□□□□□□＿
□□□□□□□□□＿
□□□□□□□□□＿
00:46:39(83985f):field(83984f)
＿＿＿＿＿＿＿＿＿＿
＿＿＿＿＿＿＿＿＿＿
＿＿＿＿＿＿＿＿＿＿
＿＿＿＿＿＿＿＿＿＿
＿＿＿＿＿＿＿＿＿＿
＿＿＿＿＿＿＿＿＿＿
＿＿＿＿＿＿＿＿＿＿
＿＿＿＿＿＿＿＿＿＿
＿＿＿＿＿＿＿＿＿＿
＿＿＿＿＿＿＿＿＿＿
＿＿＿＿＿＿＿＿＿＿
＿＿＿＿＿＿＿＿＿＿
＿＿＿＿□□□＿＿＿
■■■□□□□＿＿＿
□■□□□□□＿＿＿
□□□□□□□＿□＿
□□□□□□□＿□＿
□□□□□□□□□＿
□□□□□□□□□＿
□□□□□□□□□＿
00:46:39(83997f):field(83996f)
＿＿＿＿＿＿＿＿＿＿
＿＿＿＿＿＿＿＿＿＿
＿＿＿＿＿＿＿＿＿＿
＿＿＿＿＿＿＿＿＿＿
＿＿＿＿＿＿＿＿＿＿
＿＿＿＿＿＿＿＿＿＿
＿＿＿＿＿＿＿＿＿＿
＿＿＿＿＿＿＿＿＿＿
＿＿＿＿＿＿＿＿＿＿
＿＿＿＿＿＿＿＿＿＿
＿＿＿＿＿＿＿＿＿＿
＿＿＿＿＿＿＿＿＿＿
＿＿＿＿□□□＿＿＿
□□□□□□□＿＿＿
□□□□□□□■■＿
□□□□□□□■□＿
□□□□□□□■□＿
□□□□□□□□□＿
□□□□□□□□□＿
□□□□□□□□□＿
00:46:40(84011f):field(84010f)
＿＿＿＿＿＿＿＿＿＿
＿＿＿＿＿＿＿＿＿＿
＿＿＿＿＿＿＿＿＿＿
＿＿＿＿＿＿＿＿＿＿
＿＿＿＿＿＿＿＿＿＿
＿＿＿＿＿＿＿＿＿＿
＿＿＿＿＿＿＿＿＿＿
＿＿＿＿＿＿＿＿＿＿
＿＿＿＿＿＿＿＿＿＿
＿＿＿＿＿＿＿＿＿＿
＿＿＿＿＿＿＿＿＿＿
＿＿＿■■＿＿＿＿＿
＿＿■■□□□＿＿＿
□□□□□□□＿＿＿
□□□□□□□□□＿
□□□□□□□□□＿
□□□□□□□□□＿
□□□□□□□□□＿
□□□□□□□□□＿
□□□□□□□□□＿
00:46:40(84025f):field(84024f)
＿＿＿＿＿＿＿＿＿＿
＿＿＿＿＿＿＿＿＿＿
＿＿＿＿＿＿＿＿＿＿
＿＿＿＿＿＿＿＿＿＿
＿＿＿＿＿＿＿＿＿＿
＿＿＿＿＿＿＿＿＿＿
＿＿＿＿＿＿＿＿＿＿
＿＿＿＿＿＿＿＿＿＿
＿＿＿＿＿＿＿＿＿＿
＿＿＿＿＿＿＿＿＿＿
■＿＿＿＿＿＿＿＿＿
■＿＿□□＿＿＿＿＿
■■□□□□□＿＿＿
□□□□□□□＿＿＿
□□□□□□□□□＿
□□□□□□□□□＿
□□□□□□□□□＿
□□□□□□□□□＿
□□□□□□□□□＿
□□□□□□□□□＿
00:46:41(84038f):field(84037f)
＿＿＿＿＿＿＿＿＿＿
＿＿＿＿＿＿＿＿＿＿
＿＿＿＿＿＿＿＿＿＿
＿＿＿＿＿＿＿＿＿＿
＿＿＿＿＿＿＿＿＿＿
＿＿＿＿＿＿＿＿＿＿
＿＿＿＿＿＿＿＿＿＿
＿＿＿＿＿＿＿＿＿＿
＿＿＿＿＿＿＿＿＿＿
＿＿＿＿＿＿＿＿＿＿
□＿＿＿＿■■＿＿＿
□＿＿□□■■＿＿＿
□□□□□□□＿＿＿
□□□□□□□＿＿＿
□□□□□□□□□＿
□□□□□□□□□＿
□□□□□□□□□＿
□□□□□□□□□＿
□□□□□□□□□＿
□□□□□□□□□＿
00:46:41(84057f):field(84056f)
＿＿＿＿＿＿＿＿＿＿
＿＿＿＿＿＿＿＿＿＿
＿＿＿＿＿＿＿＿＿＿
＿＿＿＿＿＿＿＿＿＿
＿＿＿＿＿＿＿＿＿＿
＿＿＿＿＿＿＿＿＿＿
＿＿＿＿＿＿＿＿＿＿
＿＿＿＿＿＿＿＿＿＿
＿＿＿＿＿＿＿＿＿＿
＿＿＿＿＿＿＿＿＿＿
◆＿＿＿＿◆◆＿＿＿
◆＿＿◆◆◆◆＿＿＿
◆◆◆◆◆◆◆＿＿＿
◆◆◆◆◆◆◆＿＿＿
□◆◆◆◆□□◆◆＿
□◆◆□□□□◆◆＿
□□□□□□□◆◆＿
□□□□□□□◆◆＿
□□□□□□□□□＿
□□□□□□□□□＿
00:46:42(84068f):field(84067f)
＿＿＿＿＿＿＿＿＿＿
＿＿＿＿＿＿＿＿＿＿
＿＿＿＿＿＿＿＿＿＿
＿＿＿＿＿＿＿＿＿＿
＿＿＿＿＿＿＿＿＿＿
＿＿＿＿＿＿＿＿＿＿
＿＿＿＿＿＿＿＿＿＿
＿＿＿＿＿＿＿＿＿＿
＿＿＿＿＿＿＿＿＿＿
＿＿＿＿＿＿＿＿＿＿
＿＿＿＿＿＿＿＿＿＿
＿＿＿＿＿＿＿＿＿＿
＿＿＿＿＿＿＿＿＿＿
＿＿■＿＿＿＿＿＿＿
□＿■＿＿□□＿＿＿
□■■□□□□＿＿＿
□□□□□□□＿＿＿
□□□□□□□＿＿＿
□□□□□□□□□＿
□□□□□□□□□＿
00:46:42(84081f):field(84080f)
＿＿＿＿＿＿＿＿＿＿
＿＿＿＿＿＿＿＿＿＿
＿＿＿＿＿＿＿＿＿＿
＿＿＿＿＿＿＿＿＿＿
＿＿＿＿＿＿＿＿＿＿
＿＿＿＿＿＿＿＿＿＿
＿＿＿＿＿＿＿＿＿＿
＿＿＿＿＿＿＿＿＿＿
＿＿＿＿＿＿＿＿＿＿
＿＿＿＿＿＿＿＿＿＿
＿＿＿＿＿＿＿＿＿＿
＿＿＿＿＿＿＿＿＿＿
＿＿＿＿■＿＿＿＿＿
＿＿□＿■■＿＿＿＿
□＿□＿■□□＿＿＿
□□□□□□□＿＿＿
□□□□□□□＿＿＿
□□□□□□□＿＿＿
□□□□□□□□□＿
□□□□□□□□□＿
00:46:43(84095f):field(84094f)
＿＿＿＿＿＿＿＿＿＿
＿＿＿＿＿＿＿＿＿＿
＿＿＿＿＿＿＿＿＿＿
＿＿＿＿＿＿＿＿＿＿
＿＿＿＿＿＿＿＿＿＿
＿＿＿＿＿＿＿＿＿＿
＿＿＿＿＿＿＿＿＿＿
＿＿＿＿＿＿＿＿＿＿
＿＿＿＿＿＿＿＿＿＿
＿＿＿＿＿＿＿＿＿＿
＿＿＿＿＿＿＿＿＿＿
＿＿＿＿＿＿＿＿＿＿
■＿＿＿□＿＿＿＿＿
■■□＿□□＿＿＿＿
□■□＿□□□＿＿＿
□□□□□□□＿＿＿
□□□□□□□＿＿＿
□□□□□□□＿＿＿
□□□□□□□□□＿
□□□□□□□□□＿
00:46:43(84107f):field(84106f)
＿＿＿＿＿＿＿＿＿＿
＿＿＿＿＿＿＿＿＿＿
＿＿＿＿＿＿＿＿＿＿
＿＿＿＿＿＿＿＿＿＿
＿＿＿＿＿＿＿＿＿＿
＿＿＿＿＿＿＿＿＿＿
＿＿＿＿＿＿＿＿＿＿
＿＿＿＿＿＿＿＿＿＿
＿＿＿＿＿＿＿＿＿＿
＿＿＿＿＿＿＿＿＿＿
＿＿＿＿＿＿＿＿＿＿
＿＿＿＿＿＿＿＿＿＿
□＿■■□＿＿＿＿＿
□□□■□□＿＿＿＿
□□□■□□□＿＿＿
□□□□□□□＿＿＿
□□□□□□□＿＿＿
□□□□□□□＿＿＿
□□□□□□□□□＿
□□□□□□□□□＿
00:46:44(84121f):field(84120f)
＿＿＿＿＿＿＿＿＿＿
＿＿＿＿＿＿＿＿＿＿
＿＿＿＿＿＿＿＿＿＿
＿＿＿＿＿＿＿＿＿＿
＿＿＿＿＿＿＿＿＿＿
＿＿＿＿＿＿＿＿＿＿
＿＿＿＿＿＿＿＿＿＿
＿＿＿＿＿＿＿＿＿＿
＿＿＿＿＿＿＿＿＿＿
＿＿＿＿＿＿＿＿＿＿
＿＿＿＿＿＿＿＿＿＿
＿＿＿＿＿＿＿＿＿＿
□＿□□□＿＿＿＿＿
□□□□□□＿＿＿＿
□□□□□□□＿＿＿
□□□□□□□＿＿■
□□□□□□□＿■■
□□□□□□□＿■＿
□□□□□□□□□＿
□□□□□□□□□＿
00:46:44(84136f):field(84135f)
＿＿＿＿＿＿＿＿＿＿
＿＿＿＿＿＿＿＿＿＿
＿＿＿＿＿＿＿＿＿＿
＿＿＿＿＿＿＿＿＿＿
＿＿＿＿＿＿＿＿＿＿
＿＿＿＿＿＿＿＿＿＿
＿＿＿＿＿＿＿＿＿＿
＿＿＿＿＿＿＿＿＿＿
＿＿＿＿＿＿＿＿＿＿
＿＿＿＿＿＿＿＿＿＿
＿＿＿＿＿＿＿＿＿＿
＿＿＿＿＿＿＿＿＿＿
◆＿◆◆◆＿＿＿＿＿
□◆□□□◆＿＿＿＿
□□□□□□◆＿＿＿
□□□□□□□■＿◆
□□□□□□□■□□
□□□□□□□■□＿
□□□□□□□□□＿
□□□□□□□□□＿
00:46:45(84150f):field(84149f)
＿＿＿＿＿＿＿＿＿＿
＿＿＿＿＿＿＿＿＿＿
＿＿＿＿＿＿＿＿＿＿
＿＿＿＿＿＿＿＿＿＿
＿＿＿＿＿＿＿＿＿＿
＿＿＿＿＿＿＿＿＿＿
＿＿＿＿＿＿＿＿＿＿
＿＿＿＿＿＿＿＿＿＿
＿＿＿＿＿＿＿＿＿＿
＿＿＿＿＿＿＿＿＿＿
＿＿＿＿＿＿＿＿＿＿
＿＿＿＿＿＿＿＿＿＿
■■■＿＿＿＿＿＿＿
□■□□□＿＿＿＿＿
□□□□□□＿＿＿＿
□□□□□□□□＿＿
□□□□□□□□◆□
□□□□□□□□□＿
□□□□□□□□□＿
□□□□□□□□□＿
00:46:45(84162f):field(84161f)
＿＿＿＿＿＿＿＿＿＿
＿＿＿＿＿＿＿＿＿＿
＿＿＿＿＿＿＿＿＿＿
＿＿＿＿＿＿＿＿＿＿
＿＿＿＿＿＿＿＿＿＿
＿＿＿＿＿＿＿＿＿＿
＿＿＿＿＿＿＿＿＿＿
＿＿＿＿＿＿＿＿＿＿
＿＿＿＿＿＿＿＿＿＿
＿＿＿＿＿＿＿＿＿＿
＿＿＿＿＿＿＿＿＿＿
＿＿＿＿＿＿＿＿＿＿
□□□■■■＿＿＿＿
□□□□□■＿＿＿＿
□□□□□□＿＿＿＿
□□□□□□□□＿＿
□□□□□□□□＿□
□□□□□□□□□＿
□□□□□□□□□＿
□□□□□□□□□＿
00:46:45(84176f):field(84175f)
＿＿＿＿＿＿＿＿＿＿
＿＿＿＿＿＿＿＿＿＿
＿＿＿＿＿＿＿＿＿＿
＿＿＿＿＿＿＿＿＿＿
＿＿＿＿＿＿＿＿＿＿
＿＿＿＿＿＿＿＿＿＿
＿＿＿＿＿＿＿＿＿＿
＿＿＿＿＿＿＿＿＿＿
＿＿＿＿＿＿＿＿＿＿
＿＿＿＿＿＿＿＿＿＿
■■＿＿＿＿＿＿＿＿
■■＿＿＿＿＿＿＿＿
□□□□□□＿＿＿＿
□□□□□□＿＿＿＿
□□□□□□＿＿＿＿
□□□□□□□□＿＿
□□□□□□□□＿□
□□□□□□□□□＿
□□□□□□□□□＿
□□□□□□□□□＿
00:46:46(84188f):field(84187f)
＿＿＿＿＿＿＿＿＿＿
＿＿＿＿＿＿＿＿＿＿
＿＿＿＿＿＿＿＿＿＿
＿＿＿＿＿＿＿＿＿＿
＿＿＿＿＿＿＿＿＿＿
＿＿＿＿＿＿＿＿＿＿
＿＿＿＿＿＿＿＿＿＿
＿＿＿＿＿＿＿＿＿＿
＿＿＿＿＿＿＿＿＿＿
＿＿＿■＿＿＿＿＿＿
□□■■＿＿＿＿＿＿
□□■＿＿＿＿＿＿＿
□□□□□□＿＿＿＿
□□□□□□＿＿＿＿
□□□□□□＿＿＿＿
□□□□□□□□＿＿
□□□□□□□□＿□
□□□□□□□□□＿
□□□□□□□□□＿
□□□□□□□□□＿
00:46:46(84203f):field(84202f)
＿＿＿＿＿＿＿＿＿＿
＿＿＿＿＿＿＿＿＿＿
＿＿＿＿＿＿＿＿＿＿
＿＿＿＿＿＿＿＿＿＿
＿＿＿＿＿＿＿＿＿＿
＿＿＿＿＿＿＿＿＿＿
＿＿＿＿＿＿＿＿＿＿
＿＿＿＿＿＿＿＿＿＿
＿＿＿＿＿＿＿＿＿＿
＿＿＿□＿＿＿＿＿＿
□□□□＿■＿＿＿＿
□□□■■■＿＿＿＿
□□□□□□＿＿＿＿
□□□□□□＿＿＿＿
□□□□□□＿＿＿＿
□□□□□□□□＿＿
□□□□□□□□＿□
□□□□□□□□□＿
□□□□□□□□□＿
□□□□□□□□□＿
00:46:47(84218f):field(84217f)
＿＿＿＿＿＿＿＿＿＿
＿＿＿＿＿＿＿＿＿＿
＿＿＿＿＿＿＿＿＿＿
＿＿＿＿＿＿＿＿＿＿
＿＿＿＿＿＿＿＿＿＿
＿＿＿＿＿＿＿＿＿＿
＿＿＿＿＿＿＿＿＿＿
＿＿＿＿＿＿＿＿＿＿
＿＿＿＿＿＿＿＿＿＿
＿＿＿◆＿＿＿＿＿＿
◆◆◆□＿◆＿＿＿＿
□□□□◆□＿＿＿＿
□□□□□□＿＿＿＿
□□□□□□＿＿＿＿
□□□□□□＿＿■＿
□□□□□□◆◆■＿
□□□□□□□□■◆
□□□□□□□□□＿
□□□□□□□□□＿
□□□□□□□□□■
00:46:48(84242f):field(84241f)
＿＿＿＿＿＿＿＿＿＿
＿＿＿＿＿＿＿＿＿＿
＿＿＿＿＿＿＿＿＿＿
＿＿＿＿＿＿＿＿＿＿
＿＿＿＿＿＿＿＿＿＿
＿＿＿＿＿＿＿＿＿＿
＿＿＿＿＿＿＿＿＿＿
＿＿＿＿＿＿＿＿＿＿
＿＿＿＿■■＿＿＿＿
＿＿＿■■＿＿＿＿＿
＿＿＿□＿＿＿＿＿＿
□□□□＿□＿＿＿＿
□□□□□□＿＿＿＿
□□□□□□＿＿＿＿
□□□□□□＿＿□＿
□□□□□□＿＿□＿
□□□□□□□□□＿
□□□□□□□□□＿
□□□□□□□□□＿
□□□□□□□□□◆
00:46:48(84266f):field(84265f)
＿＿＿＿＿＿＿＿＿＿
＿＿＿＿＿＿＿＿＿＿
＿＿＿＿＿＿＿＿＿＿
＿＿＿＿＿＿＿＿＿＿
＿＿＿＿＿＿＿＿＿＿
＿＿＿＿＿＿＿＿＿＿
＿＿＿＿＿＿＿＿＿＿
＿＿＿＿＿＿＿＿＿＿
＿＿＿＿□□＿＿＿＿
＿■＿□□＿＿＿＿＿
■■■□＿＿＿＿＿＿
□□□□＿□＿＿＿＿
□□□□□□＿＿＿＿
□□□□□□＿＿＿＿
□□□□□□＿＿□＿
□□□□□□＿＿□＿
□□□□□□□□□＿
□□□□□□□□□＿
□□□□□□□□□＿
□□□□□□□□□＿
00:46:49(84278f):field(84277f)
＿＿＿＿＿＿＿＿＿＿
＿＿＿＿＿＿＿＿＿＿
＿＿＿＿＿＿＿＿＿＿
＿＿＿＿＿＿＿＿＿＿
＿＿＿＿＿＿＿＿＿＿
＿＿＿＿＿＿＿＿＿＿
＿＿＿＿＿＿＿＿＿＿
＿＿＿■＿＿＿＿＿＿
＿＿■■□□＿＿＿＿
＿□■□□＿＿＿＿＿
□□□□＿＿＿＿＿＿
□□□□＿□＿＿＿＿
□□□□□□＿＿＿＿
□□□□□□＿＿＿＿
□□□□□□＿＿□＿
□□□□□□＿＿□＿
□□□□□□□□□＿
□□□□□□□□□＿
□□□□□□□□□＿
□□□□□□□□□＿
00:46:49(84291f):field(84290f)
＿＿＿＿＿＿＿＿＿＿
＿＿＿＿＿＿＿＿＿＿
＿＿＿＿＿＿＿＿＿＿
＿＿＿＿＿＿＿＿＿＿
＿＿＿＿＿＿＿＿＿＿
＿＿＿＿＿＿＿＿＿＿
＿＿＿＿＿＿＿＿＿＿
＿＿＿□＿＿＿＿＿＿
＿＿□□□□＿＿＿＿
＿□□□□＿＿＿＿＿
□□□□＿＿＿＿＿＿
□□□□＿□＿＿＿＿
□□□□□□＿＿＿＿
□□□□□□■＿＿＿
□□□□□□■＿□＿
□□□□□□■■□＿
□□□□□□□□□＿
□□□□□□□□□＿
□□□□□□□□□＿
□□□□□□□□□＿
00:46:50(84306f):field(84305f)
＿＿＿＿＿＿＿＿＿＿
＿＿＿＿＿＿＿＿＿＿
＿＿＿＿＿＿＿＿＿＿
＿＿＿＿＿＿＿＿＿＿
＿＿＿＿＿＿＿＿＿＿
＿＿＿＿＿＿＿＿＿＿
＿＿＿＿＿＿＿＿＿＿
＿＿＿□＿＿＿＿＿＿
＿＿□□□□＿＿＿＿
＿□□□□＿＿＿＿＿
□□□□＿＿＿＿＿＿
□□□□＿□＿＿＿＿
□□□□□□＿■■＿
□□□□□□□■■＿
□□□□□□□＿□＿
□□□□□□□□□＿
□□□□□□□□□＿
□□□□□□□□□＿
□□□□□□□□□＿
□□□□□□□□□＿
00:46:50(84322f):field(84321f)
＿＿＿＿＿＿＿＿＿＿
＿＿＿＿＿＿＿＿＿＿
＿＿＿＿＿＿＿＿＿＿
＿＿＿＿＿＿＿＿＿＿
＿＿＿＿＿＿＿＿＿＿
＿＿＿＿＿＿＿＿＿＿
＿＿＿＿＿＿＿＿＿＿
＿＿＿□■■■＿＿＿
＿＿□□□□■＿＿＿
＿□□□□＿＿＿＿＿
□□□□＿＿＿＿＿＿
□□□□＿□＿＿＿＿
□□□□□□＿□□＿
□□□□□□□□□＿
□□□□□□□＿□＿
□□□□□□□□□＿
□□□□□□□□□＿
□□□□□□□□□＿
□□□□□□□□□＿
□□□□□□□□□＿
00:46:51(84334f):field(84333f)
＿＿＿＿＿＿＿＿＿＿
＿＿＿＿＿＿＿＿＿＿
＿＿＿＿＿＿＿＿＿＿
＿＿＿＿＿＿＿＿＿＿
＿＿＿＿＿＿＿＿＿＿
＿＿＿＿＿＿＿＿＿＿
＿＿＿＿＿＿＿＿＿＿
■＿＿□□□□＿＿＿
■■□□□□□＿＿＿
■□□□□＿＿＿＿＿
□□□□＿＿＿＿＿＿
□□□□＿□＿＿＿＿
□□□□□□＿□□＿
□□□□□□□□□＿
□□□□□□□＿□＿
□□□□□□□□□＿
□□□□□□□□□＿
□□□□□□□□□＿
□□□□□□□□□＿
□□□□□□□□□＿
00:46:51(84359f):field(84358f)
＿＿＿＿＿＿＿＿＿＿
＿＿＿＿＿＿＿＿＿＿
＿＿＿＿＿＿＿＿＿＿
＿＿＿＿＿＿＿＿＿＿
＿＿＿＿＿＿＿＿＿＿
＿＿＿＿＿＿＿＿＿＿
＿＿＿＿＿＿＿＿＿＿
□＿＿□□□□＿＿＿
□□□□□□□＿＿＿
□□□□□＿＿＿＿＿
□□□□＿＿＿■＿＿
□□□□＿□■■＿＿
□□□□□□■□□＿
□□□□□□□□□＿
□□□□□□□＿□＿
□□□□□□□□□＿
□□□□□□□□□＿
□□□□□□□□□＿
□□□□□□□□□＿
□□□□□□□□□＿
00:46:52(84372f):field(84371f)
＿＿＿＿＿＿＿＿＿＿
＿＿＿＿＿＿＿＿＿＿
＿＿＿＿＿＿＿＿＿＿
＿＿＿＿＿＿＿＿＿＿
＿＿＿＿＿＿＿＿＿＿
＿＿＿＿＿＿＿＿＿＿
＿＿■■■＿＿＿＿＿
□＿■□□□□＿＿＿
□□□□□□□＿＿＿
□□□□□＿＿＿＿＿
□□□□＿＿＿□＿＿
□□□□＿□□□＿＿
□□□□□□□□□＿
□□□□□□□□□＿
□□□□□□□＿□＿
□□□□□□□□□＿
□□□□□□□□□＿
□□□□□□□□□＿
□□□□□□□□□＿
□□□□□□□□□＿
00:46:53(84390f):field(84389f)
＿＿＿＿＿＿＿＿＿＿
＿＿＿＿＿＿＿＿＿＿
＿＿＿＿＿＿＿＿＿＿
＿＿＿＿＿＿＿＿＿＿
＿＿＿＿＿＿＿＿＿＿
＿＿＿＿＿＿＿＿＿＿
＿＿◆◆◆＿＿＿＿＿
◆＿◆◆◆◆◆＿＿＿
◆◆◆◆◆◆◆＿＿＿
◆◆◆◆◆＿＿＿＿＿
◆◆□□■＿＿◆＿＿
□◆□□■□□◆＿＿
□□□□□□□◆◆＿
□□□□□◆◆◆◆＿
□□□□◆◆◆■◆＿
□□□□◆□□□◆＿
□□□□□□□□□＿
□□□□□□□□□＿
□□□□□□□◆□＿
□□□□□□□□□＿
00:46:53(84402f):field(84401f)
＿＿＿＿＿＿＿＿＿＿
＿＿＿＿＿＿＿＿＿＿
＿＿＿＿＿＿＿＿＿＿
＿＿＿＿＿＿＿＿＿＿
＿＿＿＿＿＿＿＿＿＿
＿＿＿＿＿＿＿＿＿＿
＿＿＿＿＿＿＿＿＿＿
＿＿＿＿＿＿＿＿＿＿
＿＿＿＿＿＿＿＿＿＿
＿＿＿＿＿＿＿＿＿＿
＿＿□□□＿＿＿＿＿
□＿□□□□□＿＿＿
□□□□□□□＿＿＿
□□□□□＿＿＿＿＿
□□□□＿＿＿□■■
□□□□＿□□□■■
□□□□□□□□□＿
□□□□□□□□□＿
□□□□□□□＿□＿
□□□□□□□□□＿
00:46:54(84423f):field(84422f)
＿＿＿＿＿＿＿＿＿＿
＿＿＿＿＿＿＿＿＿＿
＿＿＿＿＿＿＿＿＿＿
＿＿＿＿＿＿＿＿＿＿
＿＿＿＿＿＿＿＿＿＿
＿＿＿＿＿＿＿＿＿＿
＿＿＿＿＿＿＿＿＿＿
＿＿＿＿＿＿＿＿＿＿
＿＿＿＿＿＿＿＿＿＿
＿＿＿＿＿＿＿＿＿＿
＿＿□□□＿＿＿＿＿
□＿□□□□□■＿＿
□□□□□□□■＿＿
□□□□□＿■■＿＿
□□□□＿＿＿□□□
□□□□＿□□□□□
□□□□□□□□□＿
□□□□□□□□□＿
□□□□□□□＿□＿
□□□□□□□□□＿
00:46:54(84436f):field(84435f)
＿＿＿＿＿＿＿＿＿＿
＿＿＿＿＿＿＿＿＿＿
＿＿＿＿＿＿＿＿＿＿
＿＿＿＿＿＿＿＿＿＿
＿＿＿＿＿＿＿＿＿＿
＿＿＿＿＿＿＿＿＿＿
＿＿＿＿＿＿＿＿＿＿
＿＿＿＿＿＿＿＿＿＿
＿＿＿＿＿＿＿＿＿＿
■＿＿＿＿＿＿＿＿＿
■■□□□＿＿＿＿＿
□■□□□□□□＿＿
□□□□□□□□＿＿
□□□□□＿□□＿＿
□□□□＿＿＿□□□
□□□□＿□□□□□
□□□□□□□□□＿
□□□□□□□□□＿
□□□□□□□＿□＿
□□□□□□□□□＿
00:46:55(84452f):field(84451f)
＿＿＿＿＿＿＿＿＿＿
＿＿＿＿＿＿＿＿＿＿
＿＿＿＿＿＿＿＿＿＿
＿＿＿＿＿＿＿＿＿＿
＿＿＿＿＿＿＿＿＿＿
＿＿＿＿＿＿＿＿＿＿
＿＿＿＿＿＿＿＿＿＿
＿＿＿＿＿＿＿＿＿＿
＿＿＿＿＿＿＿＿＿＿
◆＿＿＿＿＿＿＿＿＿
□◆◆◆◆＿＿＿＿＿
□□□□□◆◆◆＿＿
□□□□□□□□＿■
□□□□□＿□□＿■
□□□□＿＿＿□□□
□□□□■□□□□□
□□□□□□□□□＿
□□□□□□□□□＿
□□□□□□□＿□＿
□□□□□□□□□＿
00:46:55(84469f):field(84468f)
＿＿＿＿＿＿＿＿＿＿
＿＿＿＿＿＿＿＿＿＿
＿＿＿＿＿＿＿＿＿＿
＿＿＿＿＿＿＿＿＿＿
＿＿＿＿＿＿＿＿＿＿
＿＿＿＿＿＿＿＿＿＿
＿＿＿＿＿＿＿＿＿＿
＿＿＿＿＿＿＿＿＿＿
＿＿＿＿＿＿＿＿＿＿
＿＿＿＿＿＿＿＿＿＿
◆＿＿＿＿＿＿＿＿＿
□◆◆◆◆＿＿＿＿■
□□□□□◆□◆■□
□□□□□＿□□＿□
□□□□＿＿＿□□□
□□□□□□□□□□
□□□□□□□□□＿
□□□□□□□□□＿
□□□□□□□＿□＿
□□□□□□□□□＿
00:46:56(84482f):field(84481f)
＿＿＿＿＿＿＿＿＿＿
＿＿＿＿＿＿＿＿＿＿
＿＿＿＿＿＿＿＿＿＿
＿＿＿＿＿＿＿＿＿＿
＿＿＿＿＿＿＿＿＿＿
＿＿＿＿＿＿＿＿＿＿
＿＿＿＿＿＿＿＿＿＿
＿＿＿＿＿＿＿＿＿＿
＿＿＿＿＿＿＿＿＿＿
＿＿＿＿＿＿＿＿＿＿
＿＿＿＿＿＿＿＿＿＿
□＿＿＿＿＿■■＿□
□□□□□＿□■□□
□□□□□＿□□＿□
□□□□＿＿＿□□□
□□□□◆□□□□□
□□□□□□□□□＿
□□□□□□□□□＿
□□□□□□□＿□＿
□□□□□□□□□＿
00:46:56(84497f):field(84496f)
＿＿＿＿＿＿＿＿＿＿
＿＿＿＿＿＿＿＿＿＿
＿＿＿＿＿＿＿＿＿＿
＿＿＿＿＿＿＿＿＿＿
＿＿＿＿＿＿＿＿＿＿
＿＿＿＿＿＿＿＿＿＿
＿＿＿＿＿＿＿＿＿＿
＿＿＿＿＿＿＿＿＿＿
＿＿＿＿＿＿＿＿＿＿
＿＿＿＿＿＿＿＿＿＿
＿＿＿＿＿＿＿＿＿＿
□＿＿＿＿＿◆◆＿◆
□◆◆□□■□□◆□
□□□□□＿□□＿□
□□□□＿＿＿□□□
□□□□■□□□□□
□□□□□□□□□＿
□□□□□□□□□＿
□□□□□□□＿□＿
□□□□□□□□□＿
00:46:57(84510f):field(84509f)
＿＿＿＿＿＿＿＿＿＿
＿＿＿＿＿＿＿＿＿＿
＿＿＿＿＿＿＿＿＿＿
＿＿＿＿＿＿＿＿＿＿
＿＿＿＿＿＿＿＿＿＿
＿＿＿＿＿＿＿＿＿＿
＿＿＿＿＿＿＿＿＿＿
＿＿＿＿＿＿＿＿＿＿
＿＿＿＿＿＿＿＿＿＿
＿＿＿＿＿＿＿＿＿＿
＿＿＿＿＿＿＿＿＿＿
◆＿■■■＿＿＿＿＿
□＿■□□□□□＿□
□□□□□＿□□＿□
□□□□＿＿＿□□□
□□□□◆□□□□□
□□□□□□□□□＿
□□□□□□□□□＿
□□□□□□□＿□＿
□□□□□□□□□＿
00:46:57(84525f):field(84524f)
＿＿＿＿＿＿＿＿＿＿
＿＿＿＿＿＿＿＿＿＿
＿＿＿＿＿＿＿＿＿＿
＿＿＿＿＿＿＿＿＿＿
＿＿＿＿＿＿＿＿＿＿
＿＿＿＿＿＿＿＿＿＿
＿＿＿＿＿＿＿＿＿＿
＿＿＿＿＿＿＿＿＿＿
＿＿＿＿＿＿＿＿＿＿
＿＿＿＿＿＿＿＿＿＿
＿＿＿＿＿＿＿＿■＿
＿＿□□□＿＿＿■＿
□＿□□□□□□■□
□□□□□＿□□■□
□□□□＿＿＿□□□
□□□□＿□□□□□
□□□□□□□□□＿
□□□□□□□□□＿
□□□□□□□＿□＿
□□□□□□□□□＿
00:46:58(84542f):field(84541f)
＿＿＿＿＿＿＿＿＿＿
＿＿＿＿＿＿＿＿＿＿
＿＿＿＿＿＿＿＿＿＿
＿＿＿＿＿＿＿＿＿＿
＿＿＿＿＿＿＿＿＿＿
＿＿＿＿＿＿＿＿＿＿
＿＿＿＿＿＿＿＿＿＿
＿＿＿＿＿＿＿＿＿＿
＿＿＿＿＿＿＿＿＿＿
＿＿＿＿＿＿＿＿＿＿
＿＿＿＿＿＿＿＿◆＿
＿■◆◆◆＿＿＿□＿
□■□□□◆◆◆□◆
□□□□□■□□□□
□□□□＿＿＿□□□
□□□□＿□□□□□
□□□□□□□□□＿
□□□□□□□□□＿
□□□□□□□＿□＿
□□□□□□□□□＿
00:46:58(84557f):field(84556f)
＿＿＿＿＿＿＿＿＿＿
＿＿＿＿＿＿＿＿＿＿
＿＿＿＿＿＿＿＿＿＿
＿＿＿＿＿＿＿＿＿＿
＿＿＿＿＿＿＿＿＿＿
＿＿＿＿＿＿＿＿＿＿
＿＿＿＿＿＿＿＿＿＿
＿＿＿＿＿＿＿＿＿＿
＿＿＿＿＿＿＿＿＿＿
＿＿＿＿＿＿＿＿＿＿
＿＿＿＿＿＿＿＿＿＿
＿◆＿＿＿＿＿＿◆＿
◆□◆◆◆＿■＿□＿
□□□□□□□◆□◆
□□□□■＿＿□□□
□□□□＿□□□□□
□□□□□□□□□＿
□□□□□□□□□＿
□□□□□□□＿□＿
□□□□□□□□□＿
00:46:58(84568f):field(84567f)
＿＿＿＿＿＿＿＿＿＿
＿＿＿＿＿＿＿＿＿＿
＿＿＿＿＿＿＿＿＿＿
＿＿＿＿＿＿＿＿＿＿
＿＿＿＿＿＿＿＿＿＿
＿＿＿＿＿＿＿＿＿＿
＿＿＿＿＿＿＿＿＿＿
＿＿＿＿＿＿＿＿＿＿
＿＿＿＿＿＿＿＿＿＿
＿＿＿＿＿＿＿＿＿＿
＿＿＿＿＿＿＿＿＿＿
＿＿＿■■＿＿＿＿＿
＿□＿■■＿□＿□＿
□□□□□□□＿□＿
□□□□◆＿＿□□□
□□□□＿□□□□□
□□□□□□□□□＿
□□□□□□□□□＿
□□□□□□□＿□＿
□□□□□□□□□＿
00:46:59(84587f):field(84586f)
＿＿＿＿＿＿＿＿＿＿
＿＿＿＿＿＿＿＿＿＿
＿＿＿＿＿＿＿＿＿＿
＿＿＿＿＿＿＿＿＿＿
＿＿＿＿＿＿＿＿＿＿
＿＿＿＿＿＿＿＿＿＿
＿＿＿＿＿＿＿＿＿＿
＿＿＿＿＿＿＿＿＿＿
＿＿＿＿＿＿＿＿＿＿
＿＿＿＿＿＿＿＿＿＿
＿＿＿＿＿＿＿＿■＿
＿＿＿□□＿＿＿■■
＿□＿□□＿□＿□■
□□□□□□□＿□＿
□□□□＿＿＿□□□
□□□□＿□□□□□
□□□□□□□□□＿
□□□□□□□□□＿
□□□□□□□＿□＿
□□□□□□□□□＿
00:47:00(84600f):field(84599f)
＿＿＿＿＿＿＿＿＿＿
＿＿＿＿＿＿＿＿＿＿
＿＿＿＿＿＿＿＿＿＿
＿＿＿＿＿＿＿＿＿＿
＿＿＿＿＿＿＿＿＿＿
＿＿＿＿＿＿＿＿＿＿
＿＿＿＿＿＿＿＿＿＿
＿＿＿＿＿＿＿＿＿＿
＿＿＿＿＿＿＿＿＿＿
＿＿＿＿＿＿＿＿＿＿
＿＿＿＿■■＿＿□＿
＿＿＿□□■＿＿□□
＿□＿□□■□＿□□
□□□□□□□＿□＿
□□□□＿＿＿□□□
□□□□＿□□□□□
□□□□□□□□□＿
□□□□□□□□□＿
□□□□□□□＿□＿
□□□□□□□□□＿
00:47:00(84612f):field(84611f)
＿＿＿＿＿＿＿＿＿＿
＿＿＿＿＿＿＿＿＿＿
＿＿＿＿＿＿＿＿＿＿
＿＿＿＿＿＿＿＿＿＿
＿＿＿＿＿＿＿＿＿＿
＿＿＿＿＿＿＿＿＿＿
＿＿＿＿＿＿＿＿＿＿
＿＿＿＿＿＿＿＿＿＿
＿＿＿＿＿＿＿＿＿＿
＿＿＿＿＿＿＿＿＿＿
＿＿■■□□＿＿□＿
＿＿■□□□＿＿□□
＿□■□□□□＿□□
□□□□□□□＿□＿
□□□□＿＿＿□□□
□□□□＿□□□□□
□□□□□□□□□＿
□□□□□□□□□＿
□□□□□□□＿□＿
□□□□□□□□□＿
00:47:00(84625f):field(84624f)
＿＿＿＿＿＿＿＿＿＿
＿＿＿＿＿＿＿＿＿＿
＿＿＿＿＿＿＿＿＿＿
＿＿＿＿＿＿＿＿＿＿
＿＿＿＿＿＿＿＿＿＿
＿＿＿＿＿＿＿＿＿＿
＿＿＿＿＿＿＿＿＿＿
＿＿＿＿＿＿＿＿＿＿
＿＿＿＿＿＿＿＿＿＿
＿＿＿＿＿＿＿＿＿＿
■＿□□□□＿＿□＿
■■□□□□＿＿□□
■□□□□□□＿□□
□□□□□□□＿□＿
□□□□＿＿＿□□□
□□□□＿□□□□□
□□□□□□□□□＿
□□□□□□□□□＿
□□□□□□□＿□＿
□□□□□□□□□＿
00:47:01(84643f):field(84642f)
＿＿＿＿＿＿＿＿＿＿
＿＿＿＿＿＿＿＿＿＿
＿＿＿＿＿＿＿＿＿＿
＿＿＿＿＿＿＿＿＿＿
＿＿＿＿＿＿＿＿＿＿
＿＿＿＿＿＿＿＿＿＿
＿＿＿＿＿＿＿＿＿＿
＿＿＿＿＿＿＿＿＿＿
＿＿＿＿＿＿＿＿＿＿
＿＿＿＿＿＿＿＿＿＿
◆＿◆◆□◆■＿◆＿
◆◆◆◆◆◆■＿◆◆
□◆□□□□◆＿□◆
□□□□□□□■□＿
□□□□＿■＿□□□
□□□□＿□□□□□
□□□□□□□□□＿
□□□□□□□□□＿
□□□□□□□＿□＿
□□□□□□□□□＿
00:47:01(84656f):field(84655f)
＿＿＿＿＿＿＿＿＿＿
＿＿＿＿＿＿＿＿＿＿
＿＿＿＿＿＿＿＿＿＿
＿＿＿＿＿＿＿＿＿＿
＿＿＿＿＿＿＿＿＿＿
＿＿＿＿＿＿＿＿＿＿
＿＿＿＿＿＿＿＿＿＿
＿＿＿＿＿＿＿＿＿＿
＿＿＿＿＿＿＿＿＿＿
＿＿＿＿＿＿＿＿＿＿
＿＿＿＿◆＿◆＿＿＿
＿＿＿＿＿＿□■＿＿
□＿□□□□■■□＿
□□□□□□□□□＿
□□□□＿◆＿□□□
□□□□＿□□□□□
□□□□□□□□□＿
□□□□□□□□□＿
□□□□□□□＿□＿
□□□□□□□□□＿
00:47:02(84672f):field(84671f)
＿＿＿＿＿＿＿＿＿＿
＿＿＿＿＿＿＿＿＿＿
＿＿＿＿＿＿＿＿＿＿
＿＿＿＿＿＿＿＿＿＿
＿＿＿＿＿＿＿＿＿＿
＿＿＿＿＿＿＿＿＿＿
＿＿＿＿＿＿＿＿＿＿
＿＿＿＿＿＿＿＿＿＿
＿＿＿＿＿＿＿＿＿＿
＿＿＿＿＿＿＿＿＿＿
＿＿■＿＿＿＿＿＿＿
＿■■＿＿＿□□＿＿
□■□□□□□□□＿
□□□□□□□□□＿
□□□□＿＿＿□□□
□□□□＿□□□□□
□□□□□□□□□＿
□□□□□□□□□＿
□□□□□□□＿□＿
□□□□□□□□□＿
00:47:02(84687f):field(84686f)
＿＿＿＿＿＿＿＿＿＿
＿＿＿＿＿＿＿＿＿＿
＿＿＿＿＿＿＿＿＿＿
＿＿＿＿＿＿＿＿＿＿
＿＿＿＿＿＿＿＿＿＿
＿＿＿＿＿＿＿＿＿＿
＿＿＿＿＿＿＿＿＿＿
＿＿＿＿＿＿＿＿＿＿
＿＿＿＿＿＿＿＿＿＿
＿＿＿＿＿＿＿＿＿＿
＿＿□＿＿＿■■■■
＿□□＿＿＿□□＿＿
□□□□□□□□□＿
□□□□□□□□□＿
□□□□＿＿＿□□□
□□□□＿□□□□□
□□□□□□□□□＿
□□□□□□□□□＿
□□□□□□□＿□＿
□□□□□□□□□＿
00:47:03(84700f):field(84699f)
＿＿＿＿＿＿＿＿＿＿
＿＿＿＿＿＿＿＿＿＿
＿＿＿＿＿＿＿＿＿＿
＿＿＿＿＿＿＿＿＿＿
＿＿＿＿＿＿＿＿＿＿
＿＿＿＿＿＿＿＿＿＿
＿＿＿＿＿＿＿＿＿＿
＿＿＿＿＿＿＿＿＿＿
＿＿＿＿＿＿＿＿＿＿
＿＿＿＿＿＿＿＿＿＿
＿＿□＿■＿□□□□
＿□□■■■□□＿＿
□□□□□□□□□＿
□□□□□□□□□＿
□□□□＿＿＿□□□
□□□□＿□□□□□
□□□□□□□□□＿
□□□□□□□□□＿
□□□□□□□＿□＿
□□□□□□□□□＿
00:47:03(84713f):field(84712f)
＿＿＿＿＿＿＿＿＿＿
＿＿＿＿＿＿＿＿＿＿
＿＿＿＿＿＿＿＿＿＿
＿＿＿＿＿＿＿＿＿＿
＿＿＿＿＿＿＿＿＿＿
＿＿＿＿＿＿＿＿＿＿
＿＿＿＿＿＿＿＿＿＿
＿＿＿＿＿＿＿＿＿＿
＿＿＿＿＿■■＿＿＿
＿＿＿＿＿■＿＿＿＿
＿＿□＿□■□□□□
＿□□□□□□□＿＿
□□□□□□□□□＿
□□□□□□□□□＿
□□□□＿＿＿□□□
□□□□＿□□□□□
□□□□□□□□□＿
□□□□□□□□□＿
□□□□□□□＿□＿
□□□□□□□□□＿
00:47:04(84726f):field(84725f)
＿＿＿＿＿＿＿＿＿＿
＿＿＿＿＿＿＿＿＿＿
＿＿＿＿＿＿＿＿＿＿
＿＿＿＿＿＿＿＿＿＿
＿＿＿＿＿＿＿＿＿＿
＿＿＿＿＿＿＿＿＿＿
＿＿＿＿＿＿＿＿＿＿
＿＿＿＿■■■＿＿＿
＿＿＿＿■□□＿＿＿
＿＿＿＿＿□＿＿＿＿
＿＿□＿□□□□□□
＿□□□□□□□＿＿
□□□□□□□□□＿
□□□□□□□□□＿
□□□□＿＿＿□□□
□□□□＿□□□□□
□□□□□□□□□＿
□□□□□□□□□＿
□□□□□□□＿□＿
□□□□□□□□□＿
00:47:04(84737f):field(84736f)
＿＿＿＿＿＿＿＿＿＿
＿＿＿＿＿＿＿＿＿＿
＿＿＿＿＿＿＿＿＿＿
＿＿＿＿＿＿＿＿＿＿
＿＿＿＿＿＿＿＿＿＿
＿＿＿＿■■＿＿＿＿
＿＿＿＿■■＿＿＿＿
＿＿＿＿□□□＿＿＿
＿＿＿＿□□□＿＿＿
＿＿＿＿＿□＿＿＿＿
＿＿□＿□□□□□□
＿□□□□□□□＿＿
□□□□□□□□□＿
□□□□□□□□□＿
□□□□＿＿＿□□□
□□□□＿□□□□□
□□□□□□□□□＿
□□□□□□□□□＿
□□□□□□□＿□＿
□□□□□□□□□＿
00:47:05(84757f):field(84756f)
＿＿＿＿＿＿＿＿＿＿
＿＿＿＿＿＿＿＿＿＿
＿＿＿＿＿＿＿＿＿＿
＿＿＿＿＿＿＿＿＿＿
＿＿＿＿＿＿＿＿＿＿
＿＿＿＿□□＿＿＿＿
＿＿＿＿□□＿＿＿■
＿＿＿＿□□□＿＿■
＿＿＿＿□□□＿＿■
＿＿＿＿＿□＿＿＿■
＿＿□＿□□□□□□
＿□□□□□□□＿＿
□□□□□□□□□＿
□□□□□□□□□＿
□□□□＿＿＿□□□
□□□□＿□□□□□
□□□□□□□□□＿
□□□□□□□□□＿
□□□□□□□＿□＿
□□□□□□□□□＿
00:47:05(84770f):field(84769f)
＿＿＿＿＿＿＿＿＿＿
＿＿＿＿＿＿＿＿＿＿
＿＿＿＿＿＿＿＿＿＿
＿＿＿＿＿＿＿＿＿＿
＿＿＿＿＿＿＿＿＿＿
＿＿＿＿□□＿＿＿＿
＿＿＿＿□□＿＿＿□
＿＿＿＿□□□＿＿□
＿＿＿＿□□□＿＿□
＿■＿＿＿□＿＿＿□
■■□＿□□□□□□
■□□□□□□□＿＿
□□□□□□□□□＿
□□□□□□□□□＿
□□□□＿＿＿□□□
□□□□＿□□□□□
□□□□□□□□□＿
□□□□□□□□□＿
□□□□□□□＿□＿
□□□□□□□□□＿
00:47:06(84788f):field(84787f)
＿＿＿＿＿＿＿＿＿＿
＿＿＿＿＿＿＿＿＿＿
＿＿＿＿＿＿＿＿＿＿
＿＿＿＿＿＿＿＿＿＿
＿＿＿＿＿＿＿＿＿＿
＿＿＿＿◆◆＿＿＿＿
＿＿＿＿□□＿＿＿◆
＿＿＿＿□□◆＿＿□
＿＿＿＿□□□＿＿□
＿◆■＿■□■■＿□
◆□□■◆□◆◆◆□
□□□□□□□□＿＿
□□□□□□□□□＿
□□□□□□□□□＿
□□□□＿＿■□□□
□□□□＿□□□□□
□□□□□□□□□＿
□□□□□□□□□＿
□□□□□□□＿□＿
□□□□□□□□□＿
00:47:06(84802f):field(84801f)
＿＿＿＿＿＿＿＿＿＿
＿＿＿＿＿＿＿＿＿＿
＿＿＿＿＿＿＿＿＿＿
＿＿＿＿＿＿＿＿＿＿
＿＿＿＿＿＿＿＿＿＿
＿＿＿＿＿＿＿＿＿＿
＿＿＿＿□□＿＿＿＿
＿＿＿＿□□＿＿＿□
＿＿＿＿□□□＿＿□
＿＿□＿□□□◆■□
＿□□□＿□■■■□
□□□□□□□□＿＿
□□□□□□□□□＿
□□□□□□□□□＿
□□□□＿＿◆□□□
□□□□＿□□□□□
□□□□□□□□□＿
□□□□□□□□□＿
□□□□□□□＿□＿
□□□□□□□□□＿
00:47:07(84814f):field(84813f)
＿＿＿＿＿＿＿＿＿＿
＿＿＿＿＿＿＿＿＿＿
＿＿＿＿＿＿＿＿＿＿
＿＿＿＿＿＿＿＿＿＿
＿＿＿＿＿＿＿＿＿＿
＿＿＿＿＿＿＿＿＿＿
＿＿＿＿□□＿＿＿＿
＿＿＿■□□＿＿＿□
＿＿■■□□□＿＿□
＿＿□■□□□＿□□
＿□□□＿□□□□□
□□□□□□□□＿＿
□□□□□□□□□＿
□□□□□□□□□＿
□□□□＿＿＿□□□
□□□□＿□□□□□
□□□□□□□□□＿
□□□□□□□□□＿
□□□□□□□＿□＿
□□□□□□□□□＿
00:47:07(84827f):field(84826f)
＿＿＿＿＿＿＿＿＿＿
＿＿＿＿＿＿＿＿＿＿
＿＿＿＿＿＿＿＿＿＿
＿＿＿＿＿＿＿＿＿＿
＿＿＿＿＿＿＿＿＿＿
＿＿＿＿＿＿＿＿＿＿
＿＿＿＿□□＿＿＿＿
＿＿＿□□□＿＿＿□
■■□□□□□＿＿□
■■□□□□□＿□□
＿□□□＿□□□□□
□□□□□□□□＿＿
□□□□□□□□□＿
□□□□□□□□□＿
□□□□＿＿＿□□□
□□□□＿□□□□□
□□□□□□□□□＿
□□□□□□□□□＿
□□□□□□□＿□＿
□□□□□□□□□＿
00:47:08(84849f):field(84848f)
＿＿＿＿＿＿＿＿＿＿
＿＿＿＿＿＿＿＿＿＿
＿＿＿＿＿＿＿＿＿＿
＿＿＿＿＿＿＿＿＿＿
＿＿＿＿＿＿＿＿＿＿
＿＿＿＿＿＿＿＿＿＿
＿＿＿＿□□＿＿■■
＿＿＿□□□＿＿■□
□□□□□□□＿■□
□□□□□□□＿□□
＿□□□＿□□□□□
□□□□□□□□＿＿
□□□□□□□□□＿
□□□□□□□□□＿
□□□□＿＿＿□□□
□□□□＿□□□□□
□□□□□□□□□＿
□□□□□□□□□＿
□□□□□□□＿□＿
□□□□□□□□□＿
00:47:08(84862f):field(84861f)
＿＿＿＿＿＿＿＿＿＿
＿＿＿＿＿＿＿＿＿＿
＿＿＿＿＿＿＿＿＿＿
＿＿＿＿＿＿＿＿＿＿
＿＿＿＿＿＿＿＿＿＿
＿＿＿＿＿＿＿＿＿＿
＿＿■■□□＿＿□□
＿■■□□□＿＿□□
□□□□□□□＿□□
□□□□□□□＿□□
＿□□□＿□□□□□
□□□□□□□□＿＿
□□□□□□□□□＿
□□□□□□□□□＿
□□□□＿＿＿□□□
□□□□＿□□□□□
□□□□□□□□□＿
□□□□□□□□□＿
□□□□□□□＿□＿
□□□□□□□□□＿
00:47:09(84877f):field(84876f)
＿＿＿＿＿＿＿＿＿＿
＿＿＿＿＿＿＿＿＿＿
＿＿＿＿＿＿＿＿＿＿
＿＿＿＿＿＿＿＿＿＿
＿＿＿＿＿＿＿＿＿＿
＿＿＿＿＿＿＿＿＿＿
＿＿◆◆◆◆＿＿◆◆
＿□◆◆◆◆＿＿◆◆
◆◆□□□□◆■□□
◆□□□□□◆■□□
＿□□□＿□□□□□
□□□□□□□□＿＿
□□□□□□□□□＿
□□□□□□□□□＿
□□□□＿＿＿□□□
□□□□＿□□□□□
□□□□□□□□□＿
□□□□□□□□□＿
□□□□□□□＿□＿
□□□□□□□□□＿
00:47:09(84891f):field(84890f)
＿＿＿＿＿＿＿＿＿＿
＿＿＿＿＿＿＿＿＿＿
＿＿＿＿＿＿＿＿＿＿
＿＿＿＿＿＿＿＿＿＿
＿＿＿＿＿＿＿＿＿＿
＿＿＿＿＿＿＿＿＿＿
＿＿＿＿＿＿＿＿＿＿
＿◆＿＿＿■■＿＿＿
＿＿□□□□■□□□
＿□□□□□■□□□
＿□□□＿□□□□□
□□□□□□□□＿＿
□□□□□□□□□＿
□□□□□□□□□＿
□□□□＿＿＿□□□
□□□□＿□□□□□
□□□□□□□□□＿
□□□□□□□□□＿
□□□□□□□＿□＿
□□□□□□□□□＿
00:47:10(84909f):field(84908f)
＿＿＿＿＿＿＿＿＿＿
＿＿＿＿＿＿＿＿＿＿
＿＿＿＿＿＿＿＿＿＿
＿＿＿＿＿＿＿＿＿＿
＿＿＿＿＿＿＿＿＿＿
＿＿＿＿＿＿＿＿＿＿
＿＿＿＿＿＿＿＿＿＿
＿■＿＿＿◆◆＿＿＿
＿■◆◆□◆◆◆◆◆
■□◆◆◆□□□◆◆
＿□□□＿□□□□□
□□□□□□□□＿＿
□□□□□□□□□＿
□□□□□□□□□＿
□□□□＿＿＿□□□
□□□□＿□□□□□
□□□□□□□□□＿
□□□□□□□□□＿
□□□□□□□＿□＿
□□□□□□□□□＿
00:47:10(84924f):field(84923f)
＿＿＿＿＿＿＿＿＿＿
＿＿＿＿＿＿＿＿＿＿
＿＿＿＿＿＿＿＿＿＿
＿＿＿＿＿＿＿＿＿＿
＿＿＿＿＿＿＿＿＿＿
＿＿＿＿＿＿＿＿＿＿
＿＿＿＿＿＿＿＿＿＿
＿◆＿＿＿＿＿＿＿＿
＿□■＿◆＿＿＿＿＿
□□■＿＿□□◆＿＿
＿□□□＿□□□□□
□□□□□□□□＿＿
□□□□□□□□□＿
□□□□□□□□□＿
□□□□＿＿＿□□□
□□□□＿□□□□□
□□□□□□□□□＿
□□□□□□□□□＿
□□□□□□□＿□＿
□□□□□□□□□＿
00:47:11(84939f):field(84938f)
＿＿＿＿＿＿＿＿＿＿
＿＿＿＿＿＿＿＿＿＿
＿＿＿＿＿＿＿＿＿＿
＿＿＿＿＿＿＿＿＿＿
＿＿＿＿＿＿＿＿＿＿
＿＿＿＿＿＿＿＿＿＿
＿＿＿＿＿＿＿＿＿＿
＿＿＿＿＿＿＿＿＿＿
＿□□＿＿＿■■＿＿
□□□＿＿□□■■＿
＿□□□＿□□□□□
□□□□□□□□＿＿
□□□□□□□□□＿
□□□□□□□□□＿
□□□□＿＿＿□□□
□□□□＿□□□□□
□□□□□□□□□＿
□□□□□□□□□＿
□□□□□□□＿□＿
□□□□□□□□□＿
00:47:11(84951f):field(84950f)
＿＿＿＿＿＿＿＿＿＿
＿＿＿＿＿＿＿＿＿＿
＿＿＿＿＿＿＿＿＿＿
＿＿＿＿＿＿＿＿＿＿
＿＿＿＿＿＿＿＿＿＿
＿＿＿＿＿＿＿＿＿＿
＿＿＿＿＿＿＿＿＿＿
＿＿＿＿■＿＿＿＿＿
＿□□＿■＿□□＿＿
□□□＿■□□□□＿
＿□□□■□□□□□
□□□□□□□□＿＿
□□□□□□□□□＿
□□□□□□□□□＿
□□□□＿＿＿□□□
□□□□＿□□□□□
□□□□□□□□□＿
□□□□□□□□□＿
□□□□□□□＿□＿
□□□□□□□□□＿
00:47:12(84964f):field(84963f)
＿＿＿＿＿＿＿＿＿＿
＿＿＿＿＿＿＿＿＿＿
＿＿＿＿＿＿＿＿＿＿
＿＿＿＿＿＿＿＿＿＿
＿＿＿＿＿＿＿＿＿＿
＿＿＿＿＿＿＿＿＿＿
＿＿＿＿＿＿＿＿＿＿
＿＿■■□＿＿＿＿＿
＿□□■□＿□□＿＿
□□□■□□□□□＿
＿□□□□□□□□□
□□□□□□□□＿＿
□□□□□□□□□＿
□□□□□□□□□＿
□□□□＿＿＿□□□
□□□□＿□□□□□
□□□□□□□□□＿
□□□□□□□□□＿
□□□□□□□＿□＿
□□□□□□□□□＿
00:47:12(84982f):field(84981f)
＿＿＿＿＿＿＿＿＿＿
＿＿＿＿＿＿＿＿＿＿
＿＿＿＿＿＿＿＿＿＿
＿＿＿＿＿＿＿＿＿＿
＿＿＿＿＿＿＿＿＿＿
＿＿＿＿＿＿＿＿＿＿
＿＿＿＿＿＿＿＿＿＿
＿＿◆◆◆＿＿＿＿＿
＿◆□□□■◆◆＿■
◆□□□□□□□□■
＿□□□□□□□□□
□□□□□□□□＿＿
□□□□□□□□□＿
□□□□□□□□□＿
□□□□＿＿＿□□□
□□□□＿□□□□□
□□□□□□□□□＿
□□□□□□□□□＿
□□□□□□□＿□＿
□□□□□□□□□＿
00:47:13(84993f):field(84992f)
＿＿＿＿＿＿＿＿＿＿
＿＿＿＿＿＿＿＿＿＿
＿＿＿＿＿＿＿＿＿＿
＿＿＿＿＿＿＿＿＿＿
＿＿＿＿＿＿＿＿＿＿
＿＿＿＿＿＿＿＿＿＿
＿＿＿■■＿＿＿＿＿
＿＿＿■■＿＿＿＿＿
＿＿□□□◆＿＿＿□
＿□□□□◆□□□□
＿□□□□□□□□□
□□□□□□□□＿＿
□□□□□□□□□＿
□□□□□□□□□＿
□□□□＿＿＿□□□
□□□□＿□□□□□
□□□□□□□□□＿
□□□□□□□□□＿
□□□□□□□＿□＿
□□□□□□□□□＿
00:47:13(85009f):field(85008f)
＿＿＿＿＿＿＿＿＿＿
＿＿＿＿＿＿＿＿＿＿
＿＿＿＿＿＿＿＿＿＿
＿＿＿＿＿＿＿＿＿＿
＿＿＿＿＿＿＿＿＿＿
＿＿＿＿＿＿＿＿＿＿
＿＿■□□＿＿＿＿＿
＿■■□□＿＿＿＿＿
＿■□□□＿＿＿＿□
＿□□□□＿□□□□
＿□□□□□□□□□
□□□□□□□□＿＿
□□□□□□□□□＿
□□□□□□□□□＿
□□□□＿＿＿□□□
□□□□＿□□□□□
□□□□□□□□□＿
□□□□□□□□□＿
□□□□□□□＿□＿
□□□□□□□□□＿
00:47:13(85019f):field(85018f)
＿＿＿＿＿＿＿＿＿＿
＿＿＿＿＿＿＿＿＿＿
＿＿＿＿＿＿＿＿＿＿
＿＿＿＿＿＿＿＿＿＿
＿＿＿＿＿＿＿＿＿＿
＿＿＿＿＿＿＿＿＿＿
＿＿□□□■＿＿＿＿
＿□□□□■＿＿＿＿
＿□□□□■＿＿＿□
＿□□□□■□□□□
＿□□□□□□□□□
□□□□□□□□＿＿
□□□□□□□□□＿
□□□□□□□□□＿
□□□□＿＿＿□□□
□□□□＿□□□□□
□□□□□□□□□＿
□□□□□□□□□＿
□□□□□□□＿□＿
□□□□□□□□□＿
00:47:14(85034f):field(85033f)
＿＿＿＿＿＿＿＿＿＿
＿＿＿＿＿＿＿＿＿＿
＿＿＿＿＿＿＿＿＿＿
＿＿＿＿＿＿＿＿＿＿
＿＿＿＿＿＿＿＿＿＿
＿＿＿＿＿＿＿＿＿＿
＿＿□□□□＿＿＿＿
＿□□□□□＿＿■■
＿□□□□□＿■■□
＿□□□□□□□□□
＿□□□□□□□□□
□□□□□□□□＿＿
□□□□□□□□□＿
□□□□□□□□□＿
□□□□＿＿＿□□□
□□□□＿□□□□□
□□□□□□□□□＿
□□□□□□□□□＿
□□□□□□□＿□＿
□□□□□□□□□＿
00:47:14(85046f):field(85045f)
＿＿＿＿＿＿＿＿＿＿
＿＿＿＿＿＿＿＿＿＿
＿＿＿＿＿＿＿＿＿＿
＿＿＿＿＿＿＿＿＿＿
＿＿＿＿＿■＿＿＿＿
＿＿＿■■■＿＿＿＿
＿＿□□□□＿＿＿＿
＿□□□□□＿＿□□
＿□□□□□＿□□□
＿□□□□□□□□□
＿□□□□□□□□□
□□□□□□□□＿＿
□□□□□□□□□＿
□□□□□□□□□＿
□□□□＿＿＿□□□
□□□□＿□□□□□
□□□□□□□□□＿
□□□□□□□□□＿
□□□□□□□＿□＿
□□□□□□□□□＿
00:47:15(85060f):field(85059f)
＿＿＿＿＿＿＿＿＿＿
＿＿＿＿＿＿＿＿＿＿
＿＿＿＿■＿＿＿＿＿
＿＿＿＿■＿＿＿＿＿
＿＿＿■■□＿＿＿＿
＿＿＿□□□＿＿＿＿
＿＿□□□□＿＿＿＿
＿□□□□□＿＿□□
＿□□□□□＿□□□
＿□□□□□□□□□
＿□□□□□□□□□
□□□□□□□□＿＿
□□□□□□□□□＿
□□□□□□□□□＿
□□□□＿＿＿□□□
□□□□＿□□□□□
□□□□□□□□□＿
□□□□□□□□□＿
□□□□□□□＿□＿
□□□□□□□□□＿
00:47:15(85071f):field(85070f)
＿＿＿＿＿＿＿＿＿＿
＿＿＿＿＿＿＿＿＿＿
＿＿＿＿□＿＿＿＿＿
＿＿＿＿□＿＿＿＿＿
＿＿＿□□□＿＿＿＿
＿＿＿□□□＿＿＿＿
＿＿□□□□■＿＿＿
＿□□□□□■■□□
＿□□□□□■□□□
＿□□□□□□□□□
＿□□□□□□□□□
□□□□□□□□＿＿
□□□□□□□□□＿
□□□□□□□□□＿
□□□□＿＿＿□□□
□□□□＿□□□□□
□□□□□□□□□＿
□□□□□□□□□＿
□□□□□□□＿□＿
□□□□□□□□□＿
00:47:16(85086f):field(85085f)
＿＿＿＿＿＿＿＿＿＿
＿＿＿＿＿＿＿＿＿＿
＿＿＿＿□＿＿＿＿＿
＿＿＿＿□＿＿＿＿＿
＿＿＿□□□＿＿＿＿
＿＿＿□□□＿＿■■
＿＿□□□□□＿■■
＿□□□□□□□□□
＿□□□□□□□□□
＿□□□□□□□□□
＿□□□□□□□□□
□□□□□□□□＿＿
□□□□□□□□□＿
□□□□□□□□□＿
□□□□＿＿＿□□□
□□□□＿□□□□□
□□□□□□□□□＿
□□□□□□□□□＿
□□□□□□□＿□＿
□□□□□□□□□＿
00:47:16(85099f):field(85098f)
＿＿＿＿＿＿＿＿＿＿
＿＿＿＿＿＿＿＿＿＿
＿＿＿＿◆＿＿＿＿＿
＿＿＿＿◆＿＿＿＿＿
＿＿＿◆◆◆＿＿＿＿
＿＿＿◆◆◆＿＿◆◆
■＿◆◆□◆□＿□◆
＿◆□□□◆□□◆◆
＿□□□□□□□◆◆
＿□□□□□□□□□
＿□□□□□□◆□□
□□□□□□□□■■
□□□□□□□□□＿
□□□□□□□□□＿
□□□□＿＿＿□□□
□□□□＿□□□□□
□□□□□□□□□＿
□□□□□□□□□＿
□□□□□□□＿□＿
□□□□□□□□□＿
00:47:17(85113f):field(85112f)
＿＿＿＿＿＿＿＿＿＿
＿＿＿＿＿＿＿＿＿＿
＿＿＿＿＿＿＿＿＿＿
＿＿＿＿＿＿＿＿＿＿
＿＿＿＿＿＿＿＿＿＿
＿＿＿＿＿＿＿＿＿＿
◆＿＿＿□＿◆＿◆＿
＿＿◆◆□＿◆◆＿＿
＿◆□□□□◆◆＿＿
＿□□□□□◆◆□□
＿□□□□□□＿□□
□□□□□□□□◆◆
□□□□□□□□□＿
□□□□□□□□□＿
□□□□＿＿＿□□□
□□□□＿□□□□□
□□□□□□□□□＿
□□□□□□□□□＿
□□□□□□□＿□＿
□□□□□□□□□＿
00:47:17(85126f):field(85125f)
＿＿＿＿＿＿＿＿＿＿
＿＿＿＿＿＿＿＿＿＿
＿＿＿＿＿＿＿＿＿＿
＿＿＿＿＿＿＿＿＿＿
＿＿＿＿＿＿＿＿＿＿
＿＿＿＿＿＿＿＿＿＿
＿＿＿＿□＿＿＿＿＿
＿＿＿＿□＿＿＿＿＿
■■□□□□＿＿＿＿
■□□□□□＿＿□□
■□□□□□□＿□□
□□□□□□□□＿＿
□□□□□□□□□＿
□□□□□□□□□＿
□□□□＿＿＿□□□
□□□□＿□□□□□
□□□□□□□□□＿
□□□□□□□□□＿
□□□□□□□＿□＿
□□□□□□□□□＿
00:47:17(85139f):field(85138f)
＿＿＿＿＿＿＿＿＿＿
＿＿＿＿＿＿＿＿＿＿
＿＿＿＿＿＿＿＿＿＿
＿＿＿＿＿＿＿＿＿＿
＿＿＿＿＿＿＿＿＿＿
■＿＿＿＿＿＿＿＿＿
■＿＿＿□＿＿＿＿＿
■■＿＿□＿＿＿＿＿
□□□□□□＿＿＿＿
□□□□□□＿＿□□
□□□□□□□＿□□
□□□□□□□□＿＿
□□□□□□□□□＿
□□□□□□□□□＿
□□□□＿＿＿□□□
□□□□＿□□□□□
□□□□□□□□□＿
□□□□□□□□□＿
□□□□□□□＿□＿
□□□□□□□□□＿
00:47:18(85150f):field(85149f)
＿＿＿＿＿＿＿＿＿＿
＿＿＿＿＿＿＿＿＿＿
＿＿＿＿＿＿＿＿＿＿
＿＿＿＿＿＿＿＿＿＿
＿＿＿＿＿＿＿＿＿＿
◆＿＿＿＿＿＿＿＿＿
◆＿＿＿◆＿＿＿＿＿
□◆＿＿◆＿＿＿＿＿
□◆◆◆□◆＿＿■＿
□□□□□◆＿＿◆◆
□□□□□□□■◆□
□□□□□□□□＿＿
□□□□□□□□□＿
□□□□□□□□□＿
□□□□＿＿＿□□□
□□□□＿□□□□□
□□□□□□□□□＿
□□□□□□□□□＿
□□□□□□□＿□＿
□□□□□□□□□＿
00:47:18(85164f):field(85163f)
＿＿＿＿＿＿＿＿＿＿
＿＿＿＿＿＿＿＿＿＿
＿＿＿＿＿＿＿＿＿＿
＿＿＿＿＿＿＿＿＿＿
＿＿＿＿＿＿＿＿＿＿
＿＿＿＿＿＿＿＿＿＿
＿＿＿＿＿＿＿＿＿＿
◆＿＿＿＿＿＿＿＿＿
◆＿＿＿◆＿＿＿◆＿
□◆◆◆◆＿＿＿＿＿
□◆□◆□◆◆◆＿◆
□□□◆□◆◆◆＿■
□□□□□□□□□■
□□□□□□□□□■
□□□□＿■＿□□□
□□□□＿□□□□□
□□□□□□□□□＿
□□□□□□□□□＿
□□□□□□□＿□＿
□□□□□□□□□＿
00:47:19(85177f):field(85176f)
＿＿＿＿＿＿＿＿＿＿
＿＿＿＿＿＿＿＿＿＿
＿＿＿＿＿＿＿＿＿＿
＿＿＿＿＿＿＿＿＿＿
＿＿＿＿＿＿＿＿＿＿
＿＿＿＿＿＿＿＿＿＿
＿＿＿＿＿＿＿＿＿＿
＿＿＿＿＿＿＿＿＿＿
＿＿＿＿＿■＿＿＿＿
□＿＿＿＿■＿＿＿＿
□＿◆＿□■＿＿＿＿
□□◆＿□■＿＿＿◆
□□□□□□□◆◆□
□□□□□□□□□◆
□□□□＿◆＿□□□
□□□□＿□□□□□
□□□□□□□□□＿
□□□□□□□□□＿
□□□□□□□＿□＿
□□□□□□□□□＿
00:47:19(85188f):field(85187f)
＿＿＿＿＿＿＿＿＿＿
＿＿＿＿＿＿＿＿＿＿
＿＿＿＿＿＿＿＿＿＿
＿＿＿＿＿＿＿＿＿＿
＿＿＿＿＿＿＿＿＿＿
＿＿＿＿＿＿＿＿＿＿
＿＿＿＿＿＿＿＿＿＿
＿＿＿＿＿＿＿＿＿＿
＿＿＿＿＿□＿＿＿＿
□＿＿＿＿□＿＿＿＿
□■■＿□□＿＿＿＿
□□■■□□＿＿＿＿
□□□□□□□＿＿□
□□□□□□□□□＿
□□□□＿＿＿□□□
□□□□＿□□□□□
□□□□□□□□□＿
□□□□□□□□□＿
□□□□□□□＿□＿
□□□□□□□□□＿
00:47:20(85203f):field(85202f)
＿＿＿＿＿＿＿＿＿＿
＿＿＿＿＿＿＿＿＿＿
＿＿＿＿＿＿＿＿＿＿
＿＿＿＿＿＿＿＿＿＿
＿＿＿＿＿＿＿＿＿＿
＿＿＿＿＿＿＿＿＿＿
＿＿＿＿＿＿＿＿＿＿
＿＿＿■＿＿＿＿＿＿
＿＿＿■＿□＿＿＿＿
□＿＿■■□＿＿＿＿
□□□＿□□＿＿＿＿
□□□□□□＿＿＿＿
□□□□□□□＿＿□
□□□□□□□□□＿
□□□□＿＿＿□□□
□□□□＿□□□□□
□□□□□□□□□＿
□□□□□□□□□＿
□□□□□□□＿□＿
□□□□□□□□□＿
00:47:20(85215f):field(85214f)
＿＿＿＿＿＿＿＿＿＿
＿＿＿＿＿＿＿＿＿＿
＿＿＿＿＿＿＿＿＿＿
＿＿＿＿＿＿＿＿＿＿
＿＿＿＿＿＿＿＿＿＿
＿＿＿＿＿＿＿＿＿＿
＿＿＿＿＿＿＿＿＿＿
＿＿＿◆＿＿＿＿＿＿
＿＿＿□＿◆＿＿＿＿
◆＿＿□◆□＿＿＿＿
□◆◆■□□＿＿＿＿
□□□□□□＿■＿＿
□□□□□□◆■■◆
□□□□□□□□□＿
□□□□＿■＿□□□
□□□□＿□□□□□
□□□□□□□□□＿
□□□□□□□□□＿
□□□□□□□＿□＿
□□□□□□□□□＿
00:47:21(85230f):field(85229f)
＿＿＿＿＿＿＿＿＿＿
＿＿＿＿＿＿＿＿＿＿
＿＿＿＿＿＿＿＿＿＿
＿＿＿＿＿＿＿＿＿＿
＿＿＿＿＿＿＿＿＿＿
＿＿＿＿＿＿＿＿＿＿
＿＿＿＿＿＿＿＿＿＿
＿＿＿＿＿＿＿＿＿＿
＿＿＿□＿＿＿＿＿＿
＿＿＿□＿□＿＿＿＿
□＿＿□□□＿＿＿■
□□□◆□□＿◆■■
□□□□□□＿□□■
□□□□□□□□□＿
□□□□＿◆＿□□□
□□□□＿□□□□□
□□□□□□□□□＿
□□□□□□□□□＿
□□□□□□□＿□＿
□□□□□□□□□＿
00:47:21(85242f):field(85241f)
＿＿＿＿＿＿＿＿＿＿
＿＿＿＿＿＿＿＿＿＿
＿＿＿＿＿＿＿＿＿＿
＿＿＿＿＿＿＿＿＿＿
＿＿＿＿＿＿＿＿＿＿
＿＿＿＿＿＿＿＿＿＿
＿＿＿＿＿＿＿＿＿＿
＿＿＿＿＿＿＿＿＿＿
＿＿＿□＿＿＿＿＿＿
＿＿＿□＿□＿＿＿＿
□＿＿□□□＿■■□
□□□＿□□■■□□
□□□□□□＿□□□
□□□□□□□□□＿
□□□□＿＿＿□□□
□□□□＿□□□□□
□□□□□□□□□＿
□□□□□□□□□＿
□□□□□□□＿□＿
□□□□□□□□□＿
00:47:21(85254f):field(85253f)
＿＿＿＿＿＿＿＿＿＿
＿＿＿＿＿＿＿＿＿＿
＿＿＿＿＿＿＿＿＿＿
＿＿＿＿＿＿＿＿＿＿
＿＿＿＿＿＿＿＿＿＿
＿＿＿＿＿＿＿＿＿＿
＿＿＿＿＿＿＿＿＿＿
＿＿＿＿＿■＿＿＿＿
＿＿＿□■■＿＿＿＿
＿＿＿□■□＿＿＿＿
□＿＿□□□＿□□□
□□□＿□□□□□□
□□□□□□＿□□□
□□□□□□□□□＿
□□□□＿＿＿□□□
□□□□＿□□□□□
□□□□□□□□□＿
□□□□□□□□□＿
□□□□□□□＿□＿
□□□□□□□□□＿
00:47:22(85273f):field(85272f)
＿＿＿＿＿＿＿＿＿＿
＿＿＿＿＿＿＿＿＿＿
＿＿＿＿＿＿＿＿＿＿
＿＿＿＿＿＿＿＿＿＿
＿＿＿＿＿＿＿＿＿＿
＿＿＿＿＿＿＿＿＿＿
＿＿＿＿＿＿＿＿＿＿
＿＿＿＿＿□＿＿＿＿
＿＿＿□□□＿＿＿＿
＿＿＿□□□■■■＿
□＿＿□□□■□□□
□□□＿□□□□□□
□□□□□□＿□□□
□□□□□□□□□＿
□□□□＿＿＿□□□
□□□□＿□□□□□
□□□□□□□□□＿
□□□□□□□□□＿
□□□□□□□＿□＿
□□□□□□□□□＿
00:47:22(85284f):field(85283f)
＿＿＿＿＿＿＿＿＿＿
＿＿＿＿＿＿＿＿＿＿
＿＿＿＿＿＿＿＿＿＿
＿＿＿＿＿＿＿＿＿＿
＿＿＿＿＿＿＿＿＿＿
＿＿＿＿＿＿＿＿＿＿
＿＿＿＿＿＿＿＿＿■
＿＿＿＿＿□＿＿＿■
＿＿＿□□□＿＿＿■
＿＿＿□□□□□□■
□＿＿□□□□□□□
□□□＿□□□□□□
□□□□□□＿□□□
□□□□□□□□□＿
□□□□＿＿＿□□□
□□□□＿□□□□□
□□□□□□□□□＿
□□□□□□□□□＿
□□□□□□□＿□＿
□□□□□□□□□＿
00:47:23(85298f):field(85297f)
＿＿＿＿＿＿＿＿＿＿
＿＿＿＿＿＿＿＿＿＿
＿＿＿＿＿＿＿＿＿＿
＿＿＿＿＿＿＿＿＿＿
＿＿＿＿＿＿＿＿＿＿
＿＿＿＿＿＿＿＿＿＿
＿＿＿＿＿＿＿＿＿□
＿＿＿＿＿□＿＿＿□
＿■＿□□□＿＿＿□
■■＿□□□□□□□
□■＿□□□□□□□
□□□＿□□□□□□
□□□□□□＿□□□
□□□□□□□□□＿
□□□□＿＿＿□□□
□□□□＿□□□□□
□□□□□□□□□＿
□□□□□□□□□＿
□□□□□□□＿□＿
□□□□□□□□□＿
00:47:23(85312f):field(85311f)
＿＿＿＿＿＿＿＿＿＿
＿＿＿＿＿＿＿＿＿＿
＿＿＿＿＿＿＿＿＿＿
＿＿＿＿＿＿＿＿＿＿
＿＿＿＿＿＿＿＿＿＿
＿＿＿＿＿＿＿＿＿＿
＿＿＿＿■■＿＿＿□
＿＿＿■■□＿＿＿□
＿□＿□□□＿＿＿□
□□＿□□□□□□□
□□＿□□□□□□□
□□□＿□□□□□□
□□□□□□＿□□□
□□□□□□□□□＿
□□□□＿＿＿□□□
□□□□＿□□□□□
□□□□□□□□□＿
□□□□□□□□□＿
□□□□□□□＿□＿
□□□□□□□□□＿
00:47:24(85326f):field(85325f)
＿＿＿＿＿＿＿＿＿＿
＿＿＿＿＿＿＿＿＿＿
＿＿＿＿＿＿＿＿＿＿
＿＿＿＿＿＿＿＿＿＿
＿＿＿＿＿＿＿＿＿＿
＿＿＿＿＿＿＿＿＿＿
＿＿＿＿□□＿＿＿□
＿＿＿□□□＿■■□
＿□＿□□□＿■■□
□□＿□□□□□□□
□□＿□□□□□□□
□□□＿□□□□□□
□□□□□□＿□□□
□□□□□□□□□＿
□□□□＿＿＿□□□
□□□□＿□□□□□
□□□□□□□□□＿
□□□□□□□□□＿
□□□□□□□＿□＿
□□□□□□□□□＿
00:47:24(85340f):field(85339f)
＿＿＿＿＿＿＿＿＿＿
＿＿＿＿＿＿＿＿＿＿
＿＿＿＿＿＿＿＿＿＿
＿＿＿＿＿＿＿＿＿＿
＿＿＿＿＿＿＿＿＿＿
＿＿＿＿＿＿＿＿＿＿
＿■＿＿□□＿＿＿□
■■＿□□□＿□□□
■□＿□□□＿□□□
□□＿□□□□□□□
□□＿□□□□□□□
□□□＿□□□□□□
□□□□□□＿□□□
□□□□□□□□□＿
□□□□＿＿＿□□□
□□□□＿□□□□□
□□□□□□□□□＿
□□□□□□□□□＿
□□□□□□□＿□＿
□□□□□□□□□＿
00:47:25(85353f):field(85352f)
＿＿＿＿＿＿＿＿＿＿
＿＿＿＿＿＿＿＿＿＿
＿＿＿＿＿＿＿＿＿＿
＿＿＿＿＿＿＿＿＿＿
＿＿＿＿＿＿＿＿＿＿
＿＿＿＿＿＿＿＿＿＿
＿◆＿＿◆◆＿＿＿◆
◆◆＿◆◆◆＿◆◆◆
◆□＿◆□□＿◆◆□
□□■□□□◆□□□
□□■□□□□□□□
□□□■□□□□□□
□□□□□□＿□□□
□□□□□□□□□＿
□□□□＿＿＿□□□
□□□□＿□□□□□
□□□□□□□□□＿
□□□□□□□□□＿
□□□□□□□＿□＿
□□□□□□□□□＿
00:47:25(85365f):field(85364f)
＿＿＿＿＿＿＿＿＿＿
＿＿＿＿＿＿＿＿＿＿
＿＿＿＿＿＿＿＿＿＿
＿＿＿＿＿＿＿＿＿＿
＿＿＿＿＿＿＿＿＿＿
＿＿＿＿＿＿＿＿＿＿
＿＿＿＿＿＿＿＿＿＿
＿＿＿＿＿＿＿＿＿＿
＿◆＿＿□◆＿＿＿◆
◆□□□◆□＿◆◆□
□□◆□□□□□□□
□□□□□□□□□□
□□□□□□＿□□□
□□□□□□□□□＿
□□□□＿＿＿□□□
□□□□＿□□□□□
□□□□□□□□□＿
□□□□□□□□□＿
□□□□□□□＿□＿
□□□□□□□□□＿
00:47:25(85377f):field(85376f)
＿＿＿＿＿＿＿＿＿＿
＿＿＿＿＿＿＿＿＿＿
＿＿＿＿＿＿＿＿＿＿
＿＿＿＿＿＿＿＿＿＿
＿＿＿＿＿＿＿＿＿＿
＿＿＿＿＿＿＿＿＿＿
＿＿＿＿＿＿＿＿＿＿
＿＿＿＿＿＿＿＿＿＿
＿＿＿＿◆＿＿＿＿＿
＿◆◆◆＿◆＿＿＿◆
◆◆■◆◆◆□◆◆◆
◆□□□□□□□◆□
□□□□□□■□□□
□□□□□□□□□＿
□□□□＿＿＿□□□
□□□□＿□□□□□
□□□□□□□□□＿
□□□□□□□□□＿
□□□□□□□＿□＿
□□□□□□□□□＿
00:47:26(85390f):field(85389f)
＿＿＿＿＿＿＿＿＿＿
＿＿＿＿＿＿＿＿＿＿
＿＿＿＿＿＿＿＿＿＿
＿＿＿＿＿＿＿＿＿＿
＿＿＿＿＿＿＿＿＿＿
＿＿＿＿＿＿＿＿＿＿
＿＿＿＿＿＿＿＿＿＿
＿＿＿＿＿＿＿＿＿＿
＿＿＿＿＿＿＿＿＿＿
＿＿＿＿■＿＿＿＿＿
＿＿□■■■◆＿＿＿
＿□□□□□□□＿□
□□□□□□◆□□□
□□□□□□□□□＿
□□□□＿＿＿□□□
□□□□＿□□□□□
□□□□□□□□□＿
□□□□□□□□□＿
□□□□□□□＿□＿
□□□□□□□□□＿
00:47:26(85404f):field(85403f)
＿＿＿＿＿＿＿＿＿＿
＿＿＿＿＿＿＿＿＿＿
＿＿＿＿＿＿＿＿＿＿
＿＿＿＿＿＿＿＿＿＿
＿＿＿＿＿＿＿＿＿＿
＿＿＿＿＿＿＿＿＿＿
＿＿＿＿＿＿＿＿＿＿
＿＿＿＿＿＿＿＿＿＿
＿＿■■＿＿＿＿＿＿
＿＿■■□＿＿＿＿＿
＿＿□□□□＿＿＿＿
＿□□□□□□□＿□
□□□□□□＿□□□
□□□□□□□□□＿
□□□□＿＿＿□□□
□□□□＿□□□□□
□□□□□□□□□＿
□□□□□□□□□＿
□□□□□□□＿□＿
□□□□□□□□□＿
00:47:27(85417f):field(85416f)
＿＿＿＿＿＿＿＿＿＿
＿＿＿＿＿＿＿＿＿＿
＿＿＿＿＿＿＿＿＿＿
＿＿＿＿＿＿＿＿＿＿
＿＿＿＿＿＿＿＿＿＿
＿＿＿＿＿＿＿＿＿＿
＿＿＿＿＿＿＿＿＿＿
＿＿＿＿＿＿＿＿＿＿
＿＿□□＿＿＿＿■＿
＿＿□□□＿＿＿■＿
＿＿□□□□＿＿■＿
＿□□□□□□□■□
□□□□□□＿□□□
□□□□□□□□□＿
□□□□＿＿＿□□□
□□□□＿□□□□□
□□□□□□□□□＿
□□□□□□□□□＿
□□□□□□□＿□＿
□□□□□□□□□＿
00:47:27(85428f):field(85427f)
＿＿＿＿＿＿＿＿＿＿
＿＿＿＿＿＿＿＿＿＿
＿＿＿＿＿＿＿＿＿＿
＿＿＿＿＿＿＿＿＿＿
＿＿＿＿＿＿＿＿＿＿
＿＿＿＿＿＿＿＿＿＿
＿＿＿＿＿＿＿＿＿＿
＿＿＿＿＿＿＿＿＿＿
＿＿□□＿＿＿＿□＿
＿＿□□□■■＿□＿
＿＿□□□□■■□＿
＿□□□□□□□□□
□□□□□□＿□□□
□□□□□□□□□＿
□□□□＿＿＿□□□
□□□□＿□□□□□
□□□□□□□□□＿
□□□□□□□□□＿
□□□□□□□＿□＿
□□□□□□□□□＿
00:47:28(85440f):field(85439f)
＿＿＿＿＿＿＿＿＿＿
＿＿＿＿＿＿＿＿＿＿
＿＿＿＿＿＿＿＿＿＿
＿＿＿＿＿＿＿＿＿＿
＿＿＿＿＿＿＿＿＿＿
＿＿＿＿＿＿＿＿＿＿
＿＿＿＿＿＿＿＿＿＿
＿＿＿＿＿＿■＿＿＿
＿＿□□■■■＿□＿
＿＿□□□□□＿□＿
＿＿□□□□□□□＿
＿□□□□□□□□□
□□□□□□＿□□□
□□□□□□□□□＿
□□□□＿＿＿□□□
□□□□＿□□□□□
□□□□□□□□□＿
□□□□□□□□□＿
□□□□□□□＿□＿
□□□□□□□□□＿
00:47:28(85452f):field(85451f)
＿＿＿＿＿＿＿＿＿＿
＿＿＿＿＿＿＿＿＿＿
＿＿＿＿＿＿＿＿＿＿
＿＿＿＿＿＿＿＿＿＿
＿＿＿＿＿＿＿＿＿＿
＿＿＿＿＿＿＿＿＿＿
＿＿＿■＿＿＿＿＿＿
＿＿＿■■■□＿＿＿
＿＿□□□□□＿□＿
＿＿□□□□□＿□＿
＿＿□□□□□□□＿
＿□□□□□□□□□
□□□□□□＿□□□
□□□□□□□□□＿
□□□□＿＿＿□□□
□□□□＿□□□□□
□□□□□□□□□＿
□□□□□□□□□＿
□□□□□□□＿□＿
□□□□□□□□□＿
00:47:28(85469f):field(85468f)
＿＿＿＿＿＿＿＿＿＿
＿＿＿＿＿＿＿＿＿＿
＿＿＿＿＿＿＿＿＿＿
＿＿＿＿＿＿＿＿＿＿
＿＿＿＿＿＿＿＿＿＿
＿＿＿＿＿＿＿＿＿＿
＿＿＿□＿＿＿＿■＿
＿＿＿□□□□＿■■
＿＿□□□□□＿□■
＿＿□□□□□＿□＿
＿＿□□□□□□□＿
＿□□□□□□□□□
□□□□□□＿□□□
□□□□□□□□□＿
□□□□＿＿＿□□□
□□□□＿□□□□□
□□□□□□□□□＿
□□□□□□□□□＿
□□□□□□□＿□＿
□□□□□□□□□＿
00:47:29(85480f):field(85479f)
＿＿＿＿＿＿＿＿＿＿
＿＿＿＿＿＿＿＿＿＿
＿＿＿＿＿＿＿＿＿＿
＿＿＿＿＿＿＿＿＿＿
＿＿＿＿＿＿＿＿＿＿
＿＿＿＿＿■＿＿＿＿
＿＿＿□■■■＿□＿
＿＿＿□□□□＿□□
＿＿□□□□□＿□□
＿＿□□□□□＿□＿
＿＿□□□□□□□＿
＿□□□□□□□□□
□□□□□□＿□□□
□□□□□□□□□＿
□□□□＿＿＿□□□
□□□□＿□□□□□
□□□□□□□□□＿
□□□□□□□□□＿
□□□□□□□＿□＿
□□□□□□□□□＿
00:47:29(85494f):field(85493f)
＿＿＿＿＿＿＿＿＿＿
＿＿＿＿＿＿＿＿＿＿
＿＿＿＿＿＿＿＿＿＿
＿＿＿＿＿＿＿＿＿＿
＿＿＿■■＿＿＿＿＿
＿＿＿■■□＿＿＿＿
＿＿＿□□□□＿□＿
＿＿＿□□□□＿□□
＿＿□□□□□＿□□
＿＿□□□□□＿□＿
＿＿□□□□□□□＿
＿□□□□□□□□□
□□□□□□＿□□□
□□□□□□□□□＿
□□□□＿＿＿□□□
□□□□＿□□□□□
□□□□□□□□□＿
□□□□□□□□□＿
□□□□□□□＿□＿
□□□□□□□□□＿
00:47:30(85506f):field(85505f)
＿＿＿＿＿＿＿＿＿＿
＿＿＿＿＿＿＿＿＿＿
＿＿＿＿＿＿＿＿＿＿
＿＿＿＿＿＿＿＿＿＿
＿＿＿◆◆＿＿＿＿＿
＿＿＿□□◆＿＿＿＿
＿＿＿□□□◆＿◆＿
＿＿＿□□□□＿□◆
＿＿◆□□□□＿□□
＿＿□□□□□＿□■
＿■□□□□□◆□＿
■□□□□□□□□◆
□□□□□□■□□□
□□□□□□□□□＿
□□□□＿＿＿□□□
□□□□＿□□□□□
□□□□□□□□□＿
□□□□□□□□□＿
□□□□□□□＿□＿
□□□□□□□□□＿
00:47:30(85522f):field(85521f)
＿＿＿＿＿＿＿＿＿＿
＿＿＿＿＿＿＿＿＿＿
＿＿＿＿＿＿＿＿＿＿
＿＿＿＿＿＿＿＿＿＿
＿＿＿＿＿＿＿＿＿＿
＿＿＿□□＿＿＿＿＿
＿＿＿□□□■■■■
＿＿＿□□□□＿□＿
＿＿＿□□□□＿□□
＿＿□□□□□＿□□
＿□□□□□□＿□＿
□□□□□□□□□＿
□□□□□□◆□□□
□□□□□□□□□＿
□□□□＿＿＿□□□
□□□□＿□□□□□
□□□□□□□□□＿
□□□□□□□□□＿
□□□□□□□＿□＿
□□□□□□□□□＿
00:47:31(85532f):field(85531f)
＿＿＿＿＿＿＿＿＿＿
＿＿＿＿＿＿＿＿＿＿
＿＿＿＿＿＿＿＿＿＿
＿＿＿＿＿＿＿＿＿＿
＿＿＿■■■＿＿＿＿
＿＿＿□□■＿＿＿＿
＿＿＿□□□□□□□
＿＿＿□□□□＿□＿
＿＿＿□□□□＿□□
＿＿□□□□□＿□□
＿□□□□□□＿□＿
□□□□□□□□□＿
□□□□□□＿□□□
□□□□□□□□□＿
□□□□＿＿＿□□□
□□□□＿□□□□□
□□□□□□□□□＿
□□□□□□□□□＿
□□□□□□□＿□＿
□□□□□□□□□＿
00:47:31(85545f):field(85544f)
＿＿＿＿＿＿＿＿＿＿
＿＿＿＿＿＿＿＿＿＿
＿＿＿＿＿■＿＿＿＿
＿＿＿■■■＿＿＿＿
＿＿＿□□□＿＿＿＿
＿＿＿□□□＿＿＿＿
＿＿＿□□□□□□□
＿＿＿□□□□＿□＿
＿＿＿□□□□＿□□
＿＿□□□□□＿□□
＿□□□□□□＿□＿
□□□□□□□□□＿
□□□□□□＿□□□
□□□□□□□□□＿
□□□□＿＿＿□□□
□□□□＿□□□□□
□□□□□□□□□＿
□□□□□□□□□＿
□□□□□□□＿□＿
□□□□□□□□□＿
00:47:32(85561f):field(85560f)
＿＿＿＿＿＿＿＿＿＿
＿＿＿＿＿＿＿＿＿＿
＿＿＿＿＿□＿＿＿＿
＿＿＿□□□＿＿＿＿
＿＿＿□□□■■＿＿
＿＿＿□□□■■＿＿
＿＿＿□□□□□□□
＿＿＿□□□□＿□＿
＿＿＿□□□□＿□□
＿＿□□□□□＿□□
＿□□□□□□＿□＿
□□□□□□□□□＿
□□□□□□＿□□□
□□□□□□□□□＿
□□□□＿＿＿□□□
□□□□＿□□□□□
□□□□□□□□□＿
□□□□□□□□□＿
□□□□□□□＿□＿
□□□□□□□□□＿
00:47:32(85572f):field(85571f)
＿＿＿＿＿＿＿＿＿＿
＿＿＿＿■■＿＿＿＿
＿＿＿■■□＿＿＿＿
＿＿＿□□□＿＿＿＿
＿＿＿□□□□□＿＿
＿＿＿□□□□□＿＿
＿＿＿□□□□□□□
＿＿＿□□□□＿□＿
＿＿＿□□□□＿□□
＿＿□□□□□＿□□
＿□□□□□□＿□＿
□□□□□□□□□＿
□□□□□□＿□□□
□□□□□□□□□＿
□□□□＿＿＿□□□
□□□□＿□□□□□
□□□□□□□□□＿
□□□□□□□□□＿
□□□□□□□＿□＿
□□□□□□□□□＿
00:47:48(86056f):game end
