01:10:23(126692f):game start
01:10:24(126735f):field(126734f)
＿＿＿＿＿＿＿＿＿＿
＿＿＿＿＿＿＿＿＿＿
＿＿＿＿＿＿＿＿＿＿
＿＿＿＿＿＿＿＿＿＿
＿＿＿＿＿＿＿＿＿＿
＿＿＿＿＿＿＿＿＿＿
＿＿＿＿＿＿＿＿＿＿
＿＿＿＿＿＿＿＿＿＿
＿＿＿＿＿＿＿＿＿＿
＿＿＿＿＿＿＿＿＿＿
＿＿＿＿＿＿＿＿＿＿
＿＿＿＿＿＿＿＿＿＿
＿＿＿＿＿＿＿＿＿＿
＿＿■■■■■■＿＿
＿＿＿＿＿＿＿＿＿＿
＿＿＿＿＿＿＿＿＿＿
＿＿＿＿＿＿＿＿＿＿
＿＿＿＿＿＿＿＿＿＿
＿＿＿＿＿＿＿＿＿＿
＿＿＿＿＿＿＿＿＿＿
01:10:25(126761f):field(126760f)
＿＿＿＿＿＿＿＿＿＿
＿＿＿＿＿＿＿＿＿＿
＿＿＿＿＿＿＿＿＿＿
＿＿＿＿＿＿＿＿＿＿
＿＿＿＿＿＿＿＿＿＿
＿＿＿＿＿＿＿＿＿＿
＿＿＿＿＿＿＿＿＿＿
＿＿＿＿＿＿＿＿＿＿
＿＿＿＿＿＿＿＿＿＿
＿＿＿＿＿＿＿＿＿＿
＿＿＿＿＿＿＿＿＿＿
＿＿＿＿＿＿＿＿＿＿
＿＿＿＿＿＿＿＿＿＿
＿＿◆◆◆◆◆◆＿＿
＿＿＿＿＿＿＿＿＿＿
＿＿＿＿＿＿＿＿＿＿
＿＿＿＿＿＿＿＿＿＿
＿＿＿＿＿＿＿＿＿＿
＿■＿＿＿＿＿＿＿＿
■■■■■■■＿＿＿
01:10:25(126774f):field(126773f)
＿＿＿＿＿＿＿＿＿＿
＿＿＿＿＿＿＿＿＿＿
＿＿＿＿＿＿＿＿＿＿
＿＿＿＿＿＿＿＿＿＿
＿＿＿＿＿＿＿＿＿＿
＿＿＿＿＿＿＿＿＿＿
＿＿＿＿＿＿＿＿＿＿
＿＿＿＿＿＿＿＿＿＿
＿＿＿＿＿＿＿＿＿＿
＿＿＿＿＿＿＿＿＿＿
＿＿＿＿＿＿＿＿＿＿
＿＿＿＿＿＿＿＿＿＿
＿＿＿＿＿＿＿＿＿＿
＿＿＿＿＿＿＿＿＿＿
＿＿＿＿＿＿＿＿＿＿
＿＿＿＿＿＿＿＿＿＿
＿＿＿＿＿＿＿＿＿＿
＿＿＿■■＿＿＿＿＿
＿□＿■■＿＿＿＿＿
□□□□□□□＿＿＿
01:10:26(126792f):field(126791f)
＿＿＿＿＿＿＿＿＿＿
＿＿＿＿＿＿＿＿＿＿
＿＿＿＿＿＿＿＿＿＿
＿＿＿＿＿＿＿＿＿＿
＿＿＿＿＿＿＿＿＿＿
＿＿＿＿＿＿＿＿＿＿
＿＿＿＿＿＿＿＿＿＿
＿＿＿＿＿＿＿＿＿＿
＿＿＿＿＿＿＿＿＿＿
＿＿＿＿＿＿＿＿＿＿
＿＿＿＿＿＿＿＿＿＿
＿＿＿＿＿＿＿＿＿＿
＿＿＿＿＿＿＿＿＿＿
＿＿＿＿＿＿＿＿＿＿
＿＿＿＿＿＿＿＿＿＿
＿＿＿＿＿＿＿＿＿＿
＿＿＿＿＿＿＿＿＿＿
＿＿＿□□＿＿■＿＿
＿□＿□□＿＿■■＿
□□□□□□□＿■＿
01:10:26(126805f):field(126804f)
＿＿＿＿＿＿＿＿＿＿
＿＿＿＿＿＿＿＿＿＿
＿＿＿＿＿＿＿＿＿＿
＿＿＿＿＿＿＿＿＿＿
＿＿＿＿＿＿＿＿＿＿
＿＿＿＿＿＿＿＿＿＿
＿＿＿＿＿＿＿＿＿＿
＿＿＿＿＿＿＿＿＿＿
＿＿＿＿＿＿＿＿＿＿
＿＿＿＿＿＿＿＿＿＿
＿＿＿＿＿＿＿＿＿＿
＿＿＿＿＿＿＿＿＿＿
＿＿＿＿＿＿＿＿＿＿
＿＿＿＿＿＿＿＿＿＿
＿＿＿＿＿＿＿＿＿＿
＿＿＿＿＿＿＿＿＿＿
＿＿＿＿＿■■＿＿＿
＿＿＿□□■＿□＿＿
＿□＿□□■＿□□＿
□□□□□□□＿□＿
01:10:27(126826f):field(126825f)
＿＿＿＿＿＿＿＿＿＿
＿＿＿＿＿＿＿＿＿＿
＿＿＿＿＿＿＿＿＿＿
＿＿＿＿＿＿＿＿＿＿
＿＿＿＿＿＿＿＿＿＿
＿＿＿＿＿＿＿＿＿＿
＿＿＿＿＿＿＿＿＿＿
＿＿＿＿＿＿＿＿＿＿
＿＿＿＿＿＿＿＿＿＿
＿＿＿＿＿＿＿＿＿＿
＿＿＿＿＿＿＿＿＿＿
＿＿＿＿＿＿＿＿＿＿
＿＿＿＿＿＿＿＿＿＿
＿＿＿＿＿＿＿＿＿＿
＿＿＿＿＿＿＿＿＿＿
＿＿＿＿■■■＿＿＿
＿＿＿＿■□□＿＿＿
＿＿＿□□□＿□＿＿
＿□＿□□□＿□□＿
□□□□□□□＿□＿
01:10:28(126841f):field(126840f)
＿＿＿＿＿＿＿＿＿＿
＿＿＿＿＿＿＿＿＿＿
＿＿＿＿＿＿＿＿＿＿
＿＿＿＿＿＿＿＿＿＿
＿＿＿＿＿＿＿＿＿＿
＿＿＿＿＿＿＿＿＿＿
＿＿＿＿＿＿＿＿＿＿
＿＿＿＿＿＿＿＿＿＿
＿＿＿＿＿＿＿＿＿＿
＿＿＿＿＿＿＿＿＿＿
＿＿＿＿＿＿＿＿＿＿
＿＿＿＿＿＿＿＿＿＿
＿＿＿＿＿＿＿＿＿＿
＿＿＿＿＿＿＿＿＿＿
＿＿＿＿＿＿＿＿＿＿
＿＿＿＿□□□＿＿＿
■＿＿＿□□□＿＿＿
■■＿□□□＿□＿＿
■□＿□□□＿□□＿
□□□□□□□＿□＿
01:10:28(126855f):field(126854f)
＿＿＿＿＿＿＿＿＿＿
＿＿＿＿＿＿＿＿＿＿
＿＿＿＿＿＿＿＿＿＿
＿＿＿＿＿＿＿＿＿＿
＿＿＿＿＿＿＿＿＿＿
＿＿＿＿＿＿＿＿＿＿
＿＿＿＿＿＿＿＿＿＿
＿＿＿＿＿＿＿＿＿＿
＿＿＿＿＿＿＿＿＿＿
＿＿＿＿＿＿＿＿＿＿
＿＿＿＿＿＿＿＿＿＿
＿＿＿＿＿＿＿＿＿＿
＿＿＿＿＿＿＿＿＿＿
＿＿＿＿＿＿＿＿＿＿
＿＿＿＿＿＿＿＿＿＿
＿＿■＿□□□＿＿＿
□＿■＿□□□＿＿＿
□□■□□□＿□＿＿
□□■□□□＿□□＿
□□□□□□□＿□＿
01:10:28(126869f):field(126868f)
＿＿＿＿＿＿＿＿＿＿
＿＿＿＿＿＿＿＿＿＿
＿＿＿＿＿＿＿＿＿＿
＿＿＿＿＿＿＿＿＿＿
＿＿＿＿＿＿＿＿＿＿
＿＿＿＿＿＿＿＿＿＿
＿＿＿＿＿＿＿＿＿＿
＿＿＿＿＿＿＿＿＿＿
＿＿＿＿＿＿＿＿＿＿
＿＿＿＿＿＿＿＿＿＿
＿＿＿＿＿＿＿＿＿＿
＿＿＿＿＿＿＿＿＿＿
＿＿＿＿＿＿＿＿＿＿
＿＿＿＿＿＿＿＿＿＿
＿＿＿＿＿＿＿＿＿＿
＿＿□＿□□□＿＿＿
□＿□＿□□□■■＿
□□□□□□＿□■■
□□□□□□＿□□＿
□□□□□□□＿□＿
01:10:29(126882f):field(126881f)
＿＿＿＿＿＿＿＿＿＿
＿＿＿＿＿＿＿＿＿＿
＿＿＿＿＿＿＿＿＿＿
＿＿＿＿＿＿＿＿＿＿
＿＿＿＿＿＿＿＿＿＿
＿＿＿＿＿＿＿＿＿＿
＿＿＿＿＿＿＿＿＿＿
＿＿＿＿＿＿＿＿＿＿
＿＿＿＿＿＿＿＿＿＿
＿＿＿＿＿＿＿＿＿＿
＿＿＿＿＿＿＿＿＿＿
＿＿＿＿＿＿＿＿＿＿
＿＿＿＿＿＿＿＿＿＿
＿＿＿＿＿＿＿＿＿＿
■＿＿＿＿＿＿＿＿＿
■■□＿□□□＿＿＿
□■□＿□□□□□＿
□□□□□□＿□□□
□□□□□□＿□□＿
□□□□□□□＿□＿
01:10:29(126897f):field(126896f)
＿＿＿＿＿＿＿＿＿＿
＿＿＿＿＿＿＿＿＿＿
＿＿＿＿＿＿＿＿＿＿
＿＿＿＿＿＿＿＿＿＿
＿＿＿＿＿＿＿＿＿＿
＿＿＿＿＿＿＿＿＿＿
＿＿＿＿＿＿＿＿＿＿
＿＿＿＿＿＿＿＿＿＿
＿＿＿＿＿＿＿＿＿＿
＿＿＿＿＿＿＿＿＿＿
＿＿＿＿＿＿＿＿＿＿
＿＿＿＿＿＿＿＿＿＿
＿＿＿＿＿＿＿＿＿＿
＿＿＿＿＿＿＿＿＿＿
□＿＿＿＿＿＿＿＿＿
□□□＿□□□■■■
□□□＿□□□□□■
□□□□□□＿□□□
□□□□□□＿□□＿
□□□□□□□＿□＿
01:10:30(126910f):field(126909f)
＿＿＿＿＿＿＿＿＿＿
＿＿＿＿＿＿＿＿＿＿
＿＿＿＿＿＿＿＿＿＿
＿＿＿＿＿＿＿＿＿＿
＿＿＿＿＿＿＿＿＿＿
＿＿＿＿＿＿＿＿＿＿
＿＿＿＿＿＿＿＿＿＿
＿＿＿＿＿＿＿＿＿＿
＿＿＿＿＿＿＿＿＿＿
＿＿＿＿＿＿＿＿＿＿
＿＿＿＿＿＿＿＿＿＿
＿＿＿＿＿＿＿＿＿＿
＿＿＿＿＿＿＿＿＿＿
＿＿＿＿＿■＿＿＿＿
□＿＿＿■■■＿＿＿
□□□＿□□□□□□
□□□＿□□□□□□
□□□□□□＿□□□
□□□□□□＿□□＿
□□□□□□□＿□＿
01:10:30(126925f):field(126924f)
＿＿＿＿＿＿＿＿＿＿
＿＿＿＿＿＿＿＿＿＿
＿＿＿＿＿＿＿＿＿＿
＿＿＿＿＿＿＿＿＿＿
＿＿＿＿＿＿＿＿＿＿
＿＿＿＿＿＿＿＿＿＿
＿＿＿＿＿＿＿＿＿＿
＿＿＿＿＿＿＿＿＿＿
＿＿＿＿＿＿＿＿＿＿
＿＿＿＿＿＿＿＿＿＿
＿＿＿＿＿＿＿＿＿＿
＿＿＿＿＿＿＿＿＿＿
＿＿＿＿＿＿＿＿＿＿
＿＿＿＿＿◆＿＿＿＿
◆＿＿＿◆◆◆＿＿＿
◆◆◆＿□□◆◆◆◆
□◆□■□□□◆◆◆
□□□□□□＿□□□
□□□□□□＿□□＿
□□□□□□□＿□■
01:10:31(126939f):field(126938f)
＿＿＿＿＿＿＿＿＿＿
＿＿＿＿＿＿＿＿＿＿
＿＿＿＿＿＿＿＿＿＿
＿＿＿＿＿＿＿＿＿＿
＿＿＿＿＿＿＿＿＿＿
＿＿＿＿＿＿＿＿＿＿
＿＿＿＿＿＿＿＿＿＿
＿＿＿＿＿＿＿＿＿＿
＿＿＿＿＿＿＿＿＿＿
＿＿＿＿＿＿＿＿＿＿
＿＿＿＿＿＿＿＿＿＿
＿＿＿＿＿＿＿＿＿＿
＿＿＿＿＿＿＿＿＿＿
＿＿＿＿＿＿＿＿＿■
＿＿＿＿＿＿＿＿＿■
＿＿＿＿◆□＿＿＿■
□＿□□□□□＿＿■
□□□□□□＿□□□
□□□□□□＿□□＿
□□□□□□□＿□◆
01:10:31(126953f):field(126952f)
＿＿＿＿＿＿＿＿＿＿
＿＿＿＿＿＿＿＿＿＿
＿＿＿＿＿＿＿＿＿＿
＿＿＿＿＿＿＿＿＿＿
＿＿＿＿＿＿＿＿＿＿
＿＿＿＿＿＿＿＿＿＿
＿＿＿＿＿＿＿＿＿＿
＿＿＿＿＿＿＿＿＿＿
＿＿＿＿＿＿＿＿＿＿
＿＿＿＿＿＿＿＿＿＿
＿＿＿＿＿＿＿＿＿＿
＿＿＿＿＿＿＿＿＿＿
＿＿＿＿＿＿＿＿＿＿
＿＿＿＿＿＿＿＿＿□
＿＿＿＿＿＿＿＿＿□
＿＿＿＿＿□■■＿□
□＿□□□□□■■□
□□□□□□＿□□□
□□□□□□＿□□＿
□□□□□□□＿□＿
01:10:32(126966f):field(126965f)
＿＿＿＿＿＿＿＿＿＿
＿＿＿＿＿＿＿＿＿＿
＿＿＿＿＿＿＿＿＿＿
＿＿＿＿＿＿＿＿＿＿
＿＿＿＿＿＿＿＿＿＿
＿＿＿＿＿＿＿＿＿＿
＿＿＿＿＿＿＿＿＿＿
＿＿＿＿＿＿＿＿＿＿
＿＿＿＿＿＿＿＿＿＿
＿＿＿＿＿＿＿＿＿＿
＿＿＿＿＿＿＿＿＿＿
＿＿＿＿＿＿＿＿＿＿
＿＿＿＿＿＿＿＿＿＿
＿＿＿＿＿＿＿＿＿□
＿＿＿■■＿＿＿＿□
＿＿＿■■□□□＿□
□＿□□□□□□□□
□□□□□□＿□□□
□□□□□□＿□□＿
□□□□□□□＿□＿
01:10:32(126979f):field(126978f)
＿＿＿＿＿＿＿＿＿＿
＿＿＿＿＿＿＿＿＿＿
＿＿＿＿＿＿＿＿＿＿
＿＿＿＿＿＿＿＿＿＿
＿＿＿＿＿＿＿＿＿＿
＿＿＿＿＿＿＿＿＿＿
＿＿＿＿＿＿＿＿＿＿
＿＿＿＿＿＿＿＿＿＿
＿＿＿＿＿＿＿＿＿＿
＿＿＿＿＿＿＿＿＿＿
＿＿＿＿＿＿＿＿＿＿
＿＿＿＿＿＿＿＿＿＿
＿＿＿＿＿＿＿＿＿＿
＿＿＿■■■＿＿＿□
＿＿＿□□■＿＿＿□
＿＿＿□□□□□＿□
□＿□□□□□□□□
□□□□□□＿□□□
□□□□□□＿□□＿
□□□□□□□＿□＿
01:10:33(126996f):field(126995f)
＿＿＿＿＿＿＿＿＿＿
＿＿＿＿＿＿＿＿＿＿
＿＿＿＿＿＿＿＿＿＿
＿＿＿＿＿＿＿＿＿＿
＿＿＿＿＿＿＿＿＿＿
＿＿＿＿＿＿＿＿＿＿
＿＿＿＿＿＿＿＿＿＿
＿＿＿＿＿＿＿＿＿＿
＿＿＿＿＿＿＿＿＿＿
＿＿＿＿＿＿＿＿＿＿
＿＿＿＿＿＿＿＿＿＿
＿＿＿＿＿＿＿＿＿＿
＿＿＿＿＿＿＿＿＿＿
＿＿＿◆◆◆＿＿＿◆
＿＿＿□□□＿＿＿□
■＿■□□□◆◆＿□
□■□□□□□□□□
□□□□□□＿□□□
□□□□□□＿□□＿
□□□□□□□■□＿
01:10:33(127008f):field(127007f)
＿＿＿＿＿＿＿＿＿＿
＿＿＿＿＿＿＿＿＿＿
＿＿＿＿＿＿＿＿＿＿
＿＿＿＿＿＿＿＿＿＿
＿＿＿＿＿＿＿＿＿＿
＿＿＿＿＿＿＿＿＿＿
＿＿＿＿＿＿＿＿＿＿
＿＿＿＿＿＿＿＿＿＿
＿＿＿＿＿＿＿＿＿＿
＿＿＿＿＿＿＿＿＿＿
＿＿＿＿＿＿＿＿＿＿
＿＿＿＿＿＿＿＿＿＿
＿＿＿＿＿＿＿＿＿＿
＿＿■＿＿＿＿＿＿＿
＿＿■□□□＿＿＿□
□＿□□□□＿＿＿□
□□□□□□□□◆□
□□□□□□＿□□□
□□□□□□＿□□＿
□□□□□□□◆□＿
01:10:34(127020f):field(127019f)
＿＿＿＿＿＿＿＿＿＿
＿＿＿＿＿＿＿＿＿＿
＿＿＿＿＿＿＿＿＿＿
＿＿＿＿＿＿＿＿＿＿
＿＿＿＿＿＿＿＿＿＿
＿＿＿＿＿＿＿＿＿＿
＿＿＿＿＿＿＿＿＿＿
＿＿＿＿＿＿＿＿＿＿
＿＿＿＿＿＿＿＿＿＿
＿＿＿＿＿＿＿＿＿＿
＿＿＿＿＿＿＿＿＿＿
＿＿＿＿＿＿＿＿＿＿
＿＿＿＿■＿＿＿＿＿
＿＿□■■■＿＿＿＿
＿＿□□□□＿＿＿□
□＿□□□□＿＿＿□
□□□□□□□□＿□
□□□□□□＿□□□
□□□□□□＿□□＿
□□□□□□□＿□＿
01:10:34(127035f):field(127034f)
＿＿＿＿＿＿＿＿＿＿
＿＿＿＿＿＿＿＿＿＿
＿＿＿＿＿＿＿＿＿＿
＿＿＿＿＿＿＿＿＿＿
＿＿＿＿＿＿＿＿＿＿
＿＿＿＿＿＿＿＿＿＿
＿＿＿＿＿＿＿＿＿＿
＿＿＿＿＿＿＿＿＿＿
＿＿＿＿＿＿＿＿＿＿
＿＿＿＿＿＿＿＿＿＿
＿＿＿＿＿＿＿＿＿＿
＿＿＿＿＿＿＿＿＿＿
＿＿＿＿□＿＿＿＿＿
＿＿□□□□＿＿＿＿
＿＿□□□□■■＿□
□＿□□□□■■＿□
□□□□□□□□＿□
□□□□□□＿□□□
□□□□□□＿□□＿
□□□□□□□＿□＿
01:10:34(127048f):field(127047f)
＿＿＿＿＿＿＿＿＿＿
＿＿＿＿＿＿＿＿＿＿
＿＿＿＿＿＿＿＿＿＿
＿＿＿＿＿＿＿＿＿＿
＿＿＿＿＿＿＿＿＿＿
＿＿＿＿＿＿＿＿＿＿
＿＿＿＿＿＿＿＿＿＿
＿＿＿＿＿＿＿＿＿＿
＿＿＿＿＿＿＿＿＿＿
＿＿＿＿＿＿＿＿＿＿
＿＿＿＿＿＿＿＿＿＿
＿＿＿＿＿＿＿＿＿＿
＿＿＿＿□＿＿＿＿＿
＿＿□□□□＿＿■■
＿＿□□□□□□■□
□＿□□□□□□■□
□□□□□□□□＿□
□□□□□□＿□□□
□□□□□□＿□□＿
□□□□□□□＿□＿
01:10:35(127067f):field(127066f)
＿＿＿＿＿＿＿＿＿＿
＿＿＿＿＿＿＿＿＿＿
＿＿＿＿＿＿＿＿＿＿
＿＿＿＿＿＿＿＿＿＿
＿＿＿＿＿＿＿＿＿＿
＿＿＿＿＿＿＿＿＿＿
＿＿＿＿＿＿＿＿＿＿
＿＿＿＿＿＿＿＿＿＿
＿＿＿＿＿＿＿＿＿＿
＿＿＿＿＿＿＿＿＿＿
＿＿＿＿＿＿＿＿＿＿
＿＿＿＿＿＿＿＿＿＿
＿＿＿＿◆＿＿＿■＿
＿＿◆◆◆◆■＿◆◆
＿＿◆◆□□□◆◆◆
□＿□□□□◆◆□□
□□□□□□□□＿□
□□□□□□＿□□□
□□□□□□＿□□■
□□□□□□□＿□＿
01:10:35(127079f):field(127078f)
＿＿＿＿＿＿＿＿＿＿
＿＿＿＿＿＿＿＿＿＿
＿＿＿＿＿＿＿＿＿＿
＿＿＿＿＿＿＿＿＿＿
＿＿＿＿＿＿＿＿＿＿
＿＿＿＿＿＿＿＿＿＿
＿＿＿＿＿＿＿＿＿＿
＿＿＿＿＿＿＿＿＿＿
＿＿＿＿＿＿＿＿＿＿
＿＿＿＿＿＿＿＿＿＿
＿＿＿＿＿＿＿＿＿＿
＿＿＿＿＿■＿＿＿＿
＿＿＿＿＿■＿＿◆＿
＿＿＿＿＿■◆＿＿＿
＿＿＿＿□□◆＿＿＿
□＿□□□□＿＿□□
□□□□□□□□＿□
□□□□□□＿□□□
□□□□□□＿□□◆
□□□□□□□＿□＿
01:10:36(127093f):field(127092f)
＿＿＿＿＿＿＿＿＿＿
＿＿＿＿＿＿＿＿＿＿
＿＿＿＿＿＿＿＿＿＿
＿＿＿＿＿＿＿＿＿＿
＿＿＿＿＿＿＿＿＿＿
＿＿＿＿＿＿＿＿＿＿
＿＿＿＿＿＿＿＿＿＿
＿＿＿＿＿＿＿＿＿＿
＿＿＿＿＿＿＿＿＿＿
＿＿＿＿＿＿＿＿＿＿
＿＿＿＿＿＿＿＿＿＿
＿＿＿＿＿□＿＿＿＿
＿＿＿＿＿□＿＿＿＿
＿＿＿＿＿□＿＿＿＿
＿■■■□□＿＿＿＿
□■□□□□＿＿□□
□□□□□□□□＿□
□□□□□□＿□□□
□□□□□□＿□□＿
□□□□□□□＿□＿
01:10:36(127107f):field(127106f)
＿＿＿＿＿＿＿＿＿＿
＿＿＿＿＿＿＿＿＿＿
＿＿＿＿＿＿＿＿＿＿
＿＿＿＿＿＿＿＿＿＿
＿＿＿＿＿＿＿＿＿＿
＿＿＿＿＿＿＿＿＿＿
＿＿＿＿＿＿＿＿＿＿
＿＿＿＿＿＿＿＿＿＿
＿＿＿＿＿＿＿＿＿＿
＿＿＿＿＿＿＿＿＿＿
＿＿＿＿＿＿＿＿＿＿
＿＿＿＿＿□＿＿＿＿
■＿＿＿＿□＿＿＿＿
■■＿＿＿□＿＿＿＿
■□□□□□＿＿＿＿
□□□□□□＿＿□□
□□□□□□□□＿□
□□□□□□＿□□□
□□□□□□＿□□＿
□□□□□□□＿□＿
01:10:37(127120f):field(127119f)
＿＿＿＿＿＿＿＿＿＿
＿＿＿＿＿＿＿＿＿＿
＿＿＿＿＿＿＿＿＿＿
＿＿＿＿＿＿＿＿＿＿
＿＿＿＿＿＿＿＿＿＿
＿＿＿＿＿＿＿＿＿＿
＿＿＿＿＿＿＿＿＿＿
＿＿＿＿＿＿＿＿＿＿
＿＿＿＿＿＿＿＿＿＿
＿＿＿＿＿＿＿＿＿＿
＿＿＿＿＿＿＿＿＿＿
＿＿＿＿＿□＿＿＿＿
□＿＿■■□＿＿＿＿
□□＿■■□＿＿＿＿
□□□□□□＿＿＿＿
□□□□□□＿＿□□
□□□□□□□□＿□
□□□□□□＿□□□
□□□□□□＿□□＿
□□□□□□□＿□＿
01:10:37(127133f):field(127132f)
＿＿＿＿＿＿＿＿＿＿
＿＿＿＿＿＿＿＿＿＿
＿＿＿＿＿＿＿＿＿＿
＿＿＿＿＿＿＿＿＿＿
＿＿＿＿＿＿＿＿＿＿
＿＿＿＿＿＿＿＿＿＿
＿＿＿＿＿＿＿＿＿＿
＿＿＿＿＿＿＿＿＿＿
＿＿＿＿＿＿＿＿＿＿
＿＿＿＿＿■＿＿＿＿
＿＿＿＿■■＿＿＿＿
＿＿＿＿■□＿＿＿＿
□＿＿□□□＿＿＿＿
□□＿□□□＿＿＿＿
□□□□□□＿＿＿＿
□□□□□□＿＿□□
□□□□□□□□＿□
□□□□□□＿□□□
□□□□□□＿□□＿
□□□□□□□＿□＿
01:10:38(127145f):field(127144f)
＿＿＿＿＿＿＿＿＿＿
＿＿＿＿＿＿＿＿＿＿
＿＿＿＿＿＿＿＿＿＿
＿＿＿＿＿＿＿＿＿＿
＿＿＿＿＿＿＿＿＿＿
＿＿＿＿＿＿＿＿＿＿
＿＿＿＿＿＿＿＿＿＿
＿＿＿＿＿＿＿＿＿＿
＿＿＿＿＿＿＿＿＿＿
＿＿＿＿＿□＿＿＿＿
＿＿＿＿□□＿＿＿＿
＿■＿＿□□＿＿＿＿
□■■□□□＿＿＿＿
□□■□□□＿＿＿＿
□□□□□□＿＿＿＿
□□□□□□＿＿□□
□□□□□□□□＿□
□□□□□□＿□□□
□□□□□□＿□□＿
□□□□□□□＿□＿
01:10:38(127164f):field(127163f)
＿＿＿＿＿＿＿＿＿＿
＿＿＿＿＿＿＿＿＿＿
＿＿＿＿＿＿＿＿＿＿
＿＿＿＿＿＿＿＿＿＿
＿＿＿＿＿＿＿＿＿＿
＿＿＿＿＿＿＿＿＿＿
＿＿＿＿＿＿＿＿＿＿
＿＿＿＿＿＿＿＿＿＿
＿＿＿＿＿＿＿＿＿＿
＿＿＿■＿□＿＿＿＿
＿＿＿■□□＿＿＿＿
＿□■■□□＿＿＿＿
□□□□□□＿＿＿＿
□□□□□□＿＿＿＿
□□□□□□＿＿＿＿
□□□□□□＿＿□□
□□□□□□□□＿□
□□□□□□＿□□□
□□□□□□＿□□＿
□□□□□□□＿□＿
01:10:39(127178f):field(127177f)
＿＿＿＿＿＿＿＿＿＿
＿＿＿＿＿＿＿＿＿＿
＿＿＿＿＿＿＿＿＿＿
＿＿＿＿＿＿＿＿＿＿
＿＿＿＿＿＿＿＿＿＿
＿＿＿＿＿＿＿＿＿＿
＿＿＿＿＿＿＿＿＿＿
＿＿＿＿＿＿＿＿＿＿
＿＿＿＿＿＿＿＿＿＿
＿＿＿□＿□＿＿＿＿
■■■□□□＿＿＿＿
■□□□□□＿＿＿＿
□□□□□□＿＿＿＿
□□□□□□＿＿＿＿
□□□□□□＿＿＿＿
□□□□□□＿＿□□
□□□□□□□□＿□
□□□□□□＿□□□
□□□□□□＿□□＿
□□□□□□□＿□＿
01:10:39(127198f):field(127197f)
＿＿＿＿＿＿＿＿＿＿
＿＿＿＿＿＿＿＿＿＿
＿＿＿＿＿＿＿＿＿＿
＿＿＿＿＿＿＿＿＿＿
＿＿＿＿＿＿＿＿＿＿
＿＿＿＿＿＿＿＿＿＿
＿＿＿＿＿＿＿＿＿＿
＿＿＿＿＿＿＿＿＿＿
＿＿＿＿＿＿＿＿＿＿
＿＿＿◆＿◆＿＿＿＿
◆◆◆□◆□＿＿＿＿
□□□□□□＿＿＿＿
□□□□□□＿＿＿＿
□□□□□□＿＿＿＿
□□□□□□■＿＿＿
□□□□□□■■◆◆
□□□□□□□□＿□
□□□□□□■□□□
□□□□□□＿□□＿
□□□□□□□＿□＿
01:10:40(127214f):field(127213f)
＿＿＿＿＿＿＿＿＿＿
＿＿＿＿＿＿＿＿＿＿
＿＿＿＿＿＿＿＿＿＿
＿＿＿＿＿＿＿＿＿＿
＿＿＿＿＿＿＿＿＿＿
＿＿＿＿＿＿＿＿＿＿
＿＿＿＿＿＿＿＿＿＿
＿＿＿＿＿＿＿＿＿＿
＿＿＿＿＿＿＿＿＿＿
＿＿＿＿＿＿＿＿＿＿
＿＿＿◆＿◆＿＿＿＿
◆◆◆◆◆◆＿＿＿＿
◆◆◆□◆□＿＿＿＿
□□□□□□＿＿＿＿
□□□□□□◆＿＿＿
□□□□□□□◆＿＿
□□□□□□□◆＿□
□□□□□□◆□□□
□□□□□□＿□□＿
□□□□□□□＿□＿
01:10:41(127230f):field(127229f)
＿＿＿＿＿＿＿＿＿＿
＿＿＿＿＿＿＿＿＿＿
＿＿＿＿＿＿＿＿＿＿
＿＿＿＿＿＿＿＿＿＿
＿＿＿＿＿＿＿＿＿＿
＿＿＿＿＿＿＿＿＿＿
＿＿＿＿＿＿＿＿＿＿
＿＿＿＿＿＿＿＿＿＿
＿＿＿＿＿＿＿＿＿＿
＿＿＿＿＿＿＿＿＿＿
＿＿＿＿＿＿＿＿＿＿
＿＿＿＿＿＿＿＿＿＿
＿＿＿◆＿◆＿＿＿＿
◆◆◆□◆□＿＿＿＿
□□□□□□＿＿＿＿
□□□□□□◆＿＿＿
□□□□□□□＿＿◆
□□□□□□■◆◆□
□□□□□□■□□＿
□□□□□□□＿□＿
01:10:41(127246f):field(127245f)
＿＿＿＿＿＿＿＿＿＿
＿＿＿＿＿＿＿＿＿＿
＿＿＿＿＿＿＿＿＿＿
＿＿＿＿＿＿＿＿＿＿
＿＿＿＿＿＿＿＿＿＿
＿＿＿＿＿＿＿＿＿＿
＿＿＿＿＿＿＿＿＿＿
＿＿＿＿＿＿＿＿＿＿
＿＿＿＿＿＿＿＿＿＿
＿＿＿＿＿＿＿＿＿＿
＿＿＿＿＿＿＿＿＿＿
＿＿＿＿＿＿＿＿＿＿
＿＿＿＿＿＿＿＿＿＿
＿＿＿◆＿◆＿＿＿＿
◆◆◆□◆□＿＿＿＿
□□□□□□＿＿＿＿
□□□□□□◆＿＿＿
□□□□□□□＿■□
□□□□□□□□□＿
□□□□□□□＿□＿
01:10:42(127263f):field(127262f)
＿＿＿＿＿＿＿＿＿＿
＿＿＿＿＿＿＿＿＿＿
＿＿＿＿＿＿＿＿＿＿
＿＿＿＿＿＿＿＿＿＿
＿＿＿＿＿＿＿＿＿＿
＿＿＿＿＿＿＿＿＿＿
＿＿＿＿＿＿＿＿＿＿
＿＿＿＿＿＿＿＿＿＿
＿＿＿＿＿＿＿＿＿＿
＿＿＿＿＿＿＿＿＿＿
＿＿＿＿＿＿＿＿＿＿
＿＿＿＿＿＿＿＿＿＿
＿＿＿＿＿＿＿＿＿＿
＿＿＿＿＿＿＿＿＿＿
＿＿＿◆＿◆＿＿＿＿
◆◆◆□◆□＿＿＿＿
□□□□□□＿＿＿＿
□□□□□□◆■□□
□□□□□□□□□＿
□□□□□□□＿□＿
01:10:42(127276f):field(127275f)
＿＿＿＿＿＿＿＿＿＿
＿＿＿＿＿＿＿＿＿＿
＿＿＿＿＿＿＿＿＿＿
＿＿＿＿＿＿＿＿＿＿
＿＿＿＿＿＿＿＿＿＿
＿＿＿＿＿＿＿＿＿＿
＿＿＿＿＿＿＿＿＿＿
＿＿＿＿＿＿＿＿＿＿
＿＿＿＿＿＿＿＿＿＿
＿＿＿＿＿＿＿＿＿＿
＿＿＿＿＿＿＿＿＿＿
＿＿＿＿＿＿＿＿＿＿
＿＿＿＿＿＿＿＿＿＿
＿＿＿＿＿＿＿＿＿＿
■＿＿＿＿＿＿＿＿＿
■■■□＿□＿＿＿＿
□□□□□□＿＿＿＿
□□□□□□＿□□□
□□□□□□□□□＿
□□□□□□□＿□＿
01:10:42(127288f):field(127287f)
＿＿＿＿＿＿＿＿＿＿
＿＿＿＿＿＿＿＿＿＿
＿＿＿＿＿＿＿＿＿＿
＿＿＿＿＿＿＿＿＿＿
＿＿＿＿＿＿＿＿＿＿
＿＿＿＿＿＿＿＿＿＿
＿＿＿＿＿＿＿＿＿＿
＿＿＿＿＿＿＿＿＿＿
＿＿＿＿＿＿＿＿＿＿
＿＿＿＿＿＿＿＿＿＿
＿＿＿＿＿＿＿＿＿＿
＿＿＿＿＿＿＿＿＿＿
＿＿＿＿＿＿＿＿＿＿
＿＿＿＿＿＿＿＿＿＿
□＿＿■■■＿＿＿＿
□□□□■□＿＿＿＿
□□□□□□＿＿＿＿
□□□□□□＿□□□
□□□□□□□□□＿
□□□□□□□＿□＿
01:10:43(127301f):field(127300f)
＿＿＿＿＿＿＿＿＿＿
＿＿＿＿＿＿＿＿＿＿
＿＿＿＿＿＿＿＿＿＿
＿＿＿＿＿＿＿＿＿＿
＿＿＿＿＿＿＿＿＿＿
＿＿＿＿＿＿＿＿＿＿
＿＿＿＿＿＿＿＿＿＿
＿＿＿＿＿＿＿＿＿＿
＿＿＿＿＿＿＿＿＿＿
＿＿＿＿＿＿＿＿＿＿
＿＿＿＿＿＿＿＿＿＿
＿＿＿＿＿＿＿＿＿＿
＿＿＿＿＿＿＿＿＿＿
■■＿＿＿＿＿＿＿＿
□■■□□□＿＿＿＿
□□□□□□＿＿＿＿
□□□□□□＿＿＿＿
□□□□□□＿□□□
□□□□□□□□□＿
□□□□□□□＿□＿
01:10:43(127313f):field(127312f)
＿＿＿＿＿＿＿＿＿＿
＿＿＿＿＿＿＿＿＿＿
＿＿＿＿＿＿＿＿＿＿
＿＿＿＿＿＿＿＿＿＿
＿＿＿＿＿＿＿＿＿＿
＿＿＿＿＿＿＿＿＿＿
＿＿＿＿＿＿＿＿＿＿
＿＿＿＿＿＿＿＿＿＿
＿＿＿＿＿＿＿＿＿＿
＿＿＿＿＿＿＿＿＿＿
＿＿＿＿＿＿＿＿＿＿
＿＿＿＿＿＿＿＿＿＿
＿＿＿＿＿＿＿＿＿＿
□□■■■■＿＿＿＿
□□□□□□＿＿＿＿
□□□□□□＿＿＿＿
□□□□□□＿＿＿＿
□□□□□□＿□□□
□□□□□□□□□＿
□□□□□□□＿□＿
01:10:44(127326f):field(127325f)
＿＿＿＿＿＿＿＿＿＿
＿＿＿＿＿＿＿＿＿＿
＿＿＿＿＿＿＿＿＿＿
＿＿＿＿＿＿＿＿＿＿
＿＿＿＿＿＿＿＿＿＿
＿＿＿＿＿＿＿＿＿＿
＿＿＿＿＿＿＿＿＿＿
＿＿＿＿＿＿＿＿＿＿
＿＿＿＿＿＿＿＿＿＿
＿＿＿＿＿＿＿＿＿＿
＿＿＿＿＿＿＿＿＿＿
＿■■＿＿＿＿＿＿＿
■■＿＿＿＿＿＿＿＿
□□□□□□＿＿＿＿
□□□□□□＿＿＿＿
□□□□□□＿＿＿＿
□□□□□□＿＿＿＿
□□□□□□＿□□□
□□□□□□□□□＿
□□□□□□□＿□＿
01:10:44(127339f):field(127338f)
＿＿＿＿＿＿＿＿＿＿
＿＿＿＿＿＿＿＿＿＿
＿＿＿＿＿＿＿＿＿＿
＿＿＿＿＿＿＿＿＿＿
＿＿＿＿＿＿＿＿＿＿
＿＿＿＿＿＿＿＿＿＿
＿＿＿＿＿＿＿＿＿＿
＿＿＿＿＿＿＿＿＿＿
＿＿＿＿＿＿＿＿＿＿
＿＿＿＿＿＿＿＿＿＿
＿＿＿＿＿＿＿＿＿＿
＿□□＿■＿＿＿＿＿
□□■■■＿＿＿＿＿
□□□□□□＿＿＿＿
□□□□□□＿＿＿＿
□□□□□□＿＿＿＿
□□□□□□＿＿＿＿
□□□□□□＿□□□
□□□□□□□□□＿
□□□□□□□＿□＿
01:10:45(127352f):field(127351f)
＿＿＿＿＿＿＿＿＿＿
＿＿＿＿＿＿＿＿＿＿
＿＿＿＿＿＿＿＿＿＿
＿＿＿＿＿＿＿＿＿＿
＿＿＿＿＿＿＿＿＿＿
＿＿＿＿＿＿＿＿＿＿
＿＿＿＿＿＿＿＿＿＿
＿＿＿＿＿＿＿＿＿＿
＿＿＿＿＿＿＿＿＿＿
＿＿＿＿＿＿＿＿＿＿
＿＿＿＿＿＿＿＿＿＿
＿□□＿□＿＿＿＿＿
□□□□□＿＿＿＿＿
□□□□□□＿＿＿＿
□□□□□□＿＿＿＿
□□□□□□＿＿■■
□□□□□□＿＿■■
□□□□□□＿□□□
□□□□□□□□□＿
□□□□□□□＿□＿
01:10:45(127368f):field(127367f)
＿＿＿＿＿＿＿＿＿＿
＿＿＿＿＿＿＿＿＿＿
＿＿＿＿＿＿＿＿＿＿
＿＿＿＿＿＿＿＿＿＿
＿＿＿＿＿＿＿＿＿＿
＿＿＿＿＿＿＿＿＿＿
＿＿＿＿＿＿＿＿＿＿
＿＿＿＿＿＿＿＿＿＿
＿＿＿＿＿＿＿＿＿＿
＿＿＿＿＿＿＿＿＿＿
＿＿＿＿＿＿＿＿＿＿
＿◆◆＿◆＿＿＿＿＿
◆◆◆◆◆＿＿＿＿＿
◆□□◆□◆＿＿＿＿
□□□□□◆＿＿＿＿
□□□□□□＿■◆◆
□□□□□□＿＿◆◆
□□□□□□■◆□□
□□□□□□□□□＿
□□□□□□□＿□＿
01:10:46(127383f):field(127382f)
＿＿＿＿＿＿＿＿＿＿
＿＿＿＿＿＿＿＿＿＿
＿＿＿＿＿＿＿＿＿＿
＿＿＿＿＿＿＿＿＿＿
＿＿＿＿＿＿＿＿＿＿
＿＿＿＿＿＿＿＿＿＿
＿＿＿＿＿＿＿＿＿＿
＿＿＿＿＿＿＿＿＿＿
＿＿＿＿＿＿＿＿＿＿
＿＿＿＿＿＿＿＿＿＿
＿＿＿＿＿＿＿＿＿＿
＿＿＿＿＿＿＿＿＿＿
＿＿＿＿＿＿＿＿＿＿
＿◆◆＿◆＿＿＿＿＿
◆□□◆□＿＿＿＿＿
□□□□□◆＿◆＿＿
□□□□□□＿＿■＿
□□□□□□◆■□◆
□□□□□□□□□＿
□□□□□□□＿□＿
01:10:46(127395f):field(127394f)
＿＿＿＿＿＿＿＿＿＿
＿＿＿＿＿＿＿＿＿＿
＿＿＿＿＿＿＿＿＿＿
＿＿＿＿＿＿＿＿＿＿
＿＿＿＿＿＿＿＿＿＿
＿＿＿＿＿＿＿＿＿＿
＿＿＿＿＿＿＿＿＿＿
＿＿＿＿＿＿＿＿＿＿
＿＿＿＿＿＿＿＿＿＿
＿＿＿＿＿＿＿＿＿＿
＿＿＿＿＿＿＿＿＿＿
＿＿＿＿＿＿＿＿＿＿
＿＿＿＿＿＿＿＿＿＿
＿＿＿＿＿＿＿＿＿＿
＿□□＿□＿＿＿＿＿
□□□□□＿■＿＿＿
□□□□□□■■□＿
□□□□□□■□□＿
□□□□□□□□□＿
□□□□□□□＿□＿
01:10:46(127408f):field(127407f)
＿＿＿＿＿＿＿＿＿＿
＿＿＿＿＿＿＿＿＿＿
＿＿＿＿＿＿＿＿＿＿
＿＿＿＿＿＿＿＿＿＿
＿＿＿＿＿＿＿＿＿＿
＿＿＿＿＿＿＿＿＿＿
＿＿＿＿＿＿＿＿＿＿
＿＿＿＿＿＿＿＿＿＿
＿＿＿＿＿＿＿＿＿＿
＿＿＿＿＿＿＿＿＿＿
＿＿＿＿＿＿＿＿＿＿
＿＿＿＿＿＿＿＿＿＿
＿＿＿＿＿＿＿＿＿＿
＿＿＿＿■■＿＿＿＿
＿□□＿□■＿＿＿＿
□□□□□■□＿＿＿
□□□□□□□□□＿
□□□□□□□□□＿
□□□□□□□□□＿
□□□□□□□＿□＿
01:10:47(127424f):field(127423f)
＿＿＿＿＿＿＿＿＿＿
＿＿＿＿＿＿＿＿＿＿
＿＿＿＿＿＿＿＿＿＿
＿＿＿＿＿＿＿＿＿＿
＿＿＿＿＿＿＿＿＿＿
＿＿＿＿＿＿＿＿＿＿
＿＿＿＿＿＿＿＿＿＿
＿＿＿＿＿＿＿＿＿＿
＿＿＿＿＿＿＿＿＿＿
＿＿＿＿＿＿＿＿＿＿
＿＿＿＿＿＿＿＿＿＿
＿＿＿＿＿＿＿＿＿＿
＿＿＿＿＿＿＿＿＿＿
＿＿＿＿◆◆＿＿＿＿
＿◆◆＿◆◆＿＿＿＿
◆◆◆◆□◆◆＿＿＿
◆◆◆□□□◆◆◆＿
◆□□□□□◆□◆■
□□□□□□□◆◆＿
□□□□□□□＿□■
01:10:47(127437f):field(127436f)
＿＿＿＿＿＿＿＿＿＿
＿＿＿＿＿＿＿＿＿＿
＿＿＿＿＿＿＿＿＿＿
＿＿＿＿＿＿＿＿＿＿
＿＿＿＿＿＿＿＿＿＿
＿＿＿＿＿＿＿＿＿＿
＿＿＿＿＿＿＿＿＿＿
＿＿＿＿＿＿＿＿＿＿
＿＿＿＿＿＿＿＿＿＿
＿＿＿＿＿＿＿＿＿＿
＿＿＿＿＿＿＿＿＿＿
＿＿＿＿＿＿＿＿＿＿
＿＿＿＿＿＿＿＿＿＿
＿＿＿＿＿＿＿＿＿＿
＿＿＿＿＿＿＿＿＿＿
＿＿■＿◆＿＿＿＿＿
＿＿■□□□＿＿＿＿
＿□□□□□＿◆＿◆
□□□□□□□＿＿＿
□□□□□□□＿□□
01:10:48(127448f):field(127447f)
＿＿＿＿＿＿＿＿＿＿
＿＿＿＿＿＿＿＿＿＿
＿＿＿＿＿＿＿＿＿＿
＿＿＿＿＿＿＿＿＿＿
＿＿＿＿＿＿＿＿＿＿
＿＿＿＿＿＿＿＿＿＿
＿＿＿＿＿＿＿＿＿＿
＿＿＿＿＿＿＿＿＿＿
＿＿＿＿＿＿＿＿＿＿
＿＿＿＿＿＿＿＿＿＿
＿＿＿＿＿＿＿＿＿＿
＿＿＿＿＿＿＿＿＿＿
＿＿＿＿＿＿＿＿＿＿
＿＿＿＿＿＿＿＿＿＿
＿＿＿■＿＿＿＿＿＿
＿＿□■■■＿＿＿＿
＿＿□□□□＿＿＿＿
＿□□□□□＿＿＿＿
□□□□□□□＿＿＿
□□□□□□□＿□□
01:10:48(127461f):field(127460f)
＿＿＿＿＿＿＿＿＿＿
＿＿＿＿＿＿＿＿＿＿
＿＿＿＿＿＿＿＿＿＿
＿＿＿＿＿＿＿＿＿＿
＿＿＿＿＿＿＿＿＿＿
＿＿＿＿＿＿＿＿＿＿
＿＿＿＿＿＿＿＿＿＿
＿＿＿＿＿＿＿＿＿＿
＿＿＿＿＿＿＿＿＿＿
＿＿＿＿＿＿＿＿＿＿
＿＿＿＿＿＿＿＿＿＿
＿＿＿＿＿＿＿＿＿＿
＿＿＿＿＿＿＿＿＿＿
＿＿＿＿■■＿＿＿＿
＿＿＿□■■＿＿＿＿
＿＿□□□□＿＿＿＿
＿＿□□□□＿＿＿＿
＿□□□□□＿＿＿＿
□□□□□□□＿＿＿
□□□□□□□＿□□
01:10:49(127474f):field(127473f)
＿＿＿＿＿＿＿＿＿＿
＿＿＿＿＿＿＿＿＿＿
＿＿＿＿＿＿＿＿＿＿
＿＿＿＿＿＿＿＿＿＿
＿＿＿＿＿＿＿＿＿＿
＿＿＿＿＿＿＿＿＿＿
＿＿＿＿＿＿＿＿＿＿
＿＿＿＿＿＿＿＿＿＿
＿＿＿＿＿＿＿＿＿＿
＿＿＿＿＿＿＿＿＿＿
＿＿＿＿＿＿＿＿＿＿
＿＿＿＿＿＿＿＿＿＿
＿＿＿■■■＿＿＿＿
＿＿＿■□□＿＿＿＿
＿＿＿□□□＿＿＿＿
＿＿□□□□＿＿＿＿
＿＿□□□□＿＿＿＿
＿□□□□□＿＿＿＿
□□□□□□□＿＿＿
□□□□□□□＿□□
01:10:49(127488f):field(127487f)
＿＿＿＿＿＿＿＿＿＿
＿＿＿＿＿＿＿＿＿＿
＿＿＿＿＿＿＿＿＿＿
＿＿＿＿＿＿＿＿＿＿
＿＿＿＿＿＿＿＿＿＿
＿＿＿＿＿＿＿＿＿＿
＿＿＿＿＿＿＿＿＿＿
＿＿＿＿＿＿＿＿＿＿
＿＿＿＿＿＿＿＿＿＿
＿＿＿＿＿＿＿＿＿＿
＿＿＿＿＿＿＿＿＿＿
＿＿＿＿＿＿＿＿＿＿
＿＿＿□□□＿＿＿＿
＿＿＿□□□＿＿＿＿
＿＿＿□□□■＿＿＿
＿＿□□□□■＿＿＿
＿＿□□□□■＿＿＿
＿□□□□□■＿＿＿
□□□□□□□＿＿＿
□□□□□□□＿□□
01:10:50(127500f):field(127499f)
＿＿＿＿＿＿＿＿＿＿
＿＿＿＿＿＿＿＿＿＿
＿＿＿＿＿＿＿＿＿＿
＿＿＿＿＿＿＿＿＿＿
＿＿＿＿＿＿＿＿＿＿
＿＿＿＿＿＿＿＿＿＿
＿＿＿＿＿＿＿＿＿＿
＿＿＿＿＿＿＿＿＿＿
＿＿＿＿＿＿＿＿＿＿
＿＿＿＿＿＿＿＿＿＿
＿＿＿＿＿＿＿＿＿＿
＿＿＿＿＿＿＿＿＿＿
＿＿＿□□□＿＿＿＿
＿＿＿□□□＿＿＿＿
＿＿＿□□□□＿＿＿
＿■□□□□□＿＿＿
■■□□□□□＿＿＿
■□□□□□□＿＿＿
□□□□□□□＿＿＿
□□□□□□□＿□□
01:10:50(127512f):field(127511f)
＿＿＿＿＿＿＿＿＿＿
＿＿＿＿＿＿＿＿＿＿
＿＿＿＿＿＿＿＿＿＿
＿＿＿＿＿＿＿＿＿＿
＿＿＿＿＿＿＿＿＿＿
＿＿＿＿＿＿＿＿＿＿
＿＿＿＿＿＿＿＿＿＿
＿＿＿＿＿＿＿＿＿＿
＿＿＿＿＿＿＿＿＿＿
＿＿＿＿＿＿＿＿＿＿
＿＿＿＿■■＿＿＿＿
＿＿＿■■＿＿＿＿＿
＿＿＿□□□＿＿＿＿
＿＿＿□□□＿＿＿＿
＿＿＿□□□□＿＿＿
＿□□□□□□＿＿＿
□□□□□□□＿＿＿
□□□□□□□＿＿＿
□□□□□□□＿＿＿
□□□□□□□＿□□
01:10:50(127525f):field(127524f)
＿＿＿＿＿＿＿＿＿＿
＿＿＿＿＿＿＿＿＿＿
＿＿＿＿＿＿＿＿＿＿
＿＿＿＿＿＿＿＿＿＿
＿＿＿＿＿＿＿＿＿＿
＿＿＿＿＿＿＿＿＿＿
＿＿＿＿＿＿＿＿＿＿
＿＿＿＿＿＿＿＿＿＿
＿＿＿＿＿＿＿＿＿＿
＿＿＿＿＿＿＿＿＿＿
＿＿＿＿□□＿＿＿＿
＿＿＿□□＿＿＿＿＿
＿＿■□□□＿＿＿＿
＿＿■□□□＿＿＿＿
＿■■□□□□＿＿＿
＿□□□□□□＿＿＿
□□□□□□□＿＿＿
□□□□□□□＿＿＿
□□□□□□□＿＿＿
□□□□□□□＿□□
01:10:51(127538f):field(127537f)
＿＿＿＿＿＿＿＿＿＿
＿＿＿＿＿＿＿＿＿＿
＿＿＿＿＿＿＿＿＿＿
＿＿＿＿＿＿＿＿＿＿
＿＿＿＿＿＿＿＿＿＿
＿＿＿＿＿＿＿＿＿＿
＿＿＿＿＿＿＿＿＿＿
＿＿＿＿＿＿＿＿＿＿
＿＿＿＿＿＿＿＿＿＿
＿＿＿＿＿＿＿＿＿＿
＿＿＿＿□□＿＿＿＿
＿＿＿□□＿＿＿＿＿
＿＿□□□□＿＿＿＿
＿＿□□□□＿＿＿＿
＿□□□□□□＿＿＿
＿□□□□□□＿＿＿
□□□□□□□＿＿＿
□□□□□□□＿■■
□□□□□□□＿■■
□□□□□□□＿□□
01:10:51(127555f):field(127554f)
＿＿＿＿＿＿＿＿＿＿
＿＿＿＿＿＿＿＿＿＿
＿＿＿＿＿＿＿＿＿＿
＿＿＿＿＿＿＿＿＿＿
＿＿＿＿＿＿＿＿＿＿
＿＿＿＿＿＿＿＿＿＿
＿＿＿＿＿＿＿＿＿＿
＿＿＿＿＿＿＿＿＿＿
＿＿＿＿＿＿＿＿＿＿
＿＿＿＿＿＿＿＿＿＿
＿＿＿＿◆◆＿＿＿＿
＿＿＿◆◆＿＿＿＿＿
＿＿◆◆□□＿＿＿＿
＿＿◆□□◆＿＿＿＿
＿◆□□□□◆＿＿＿
■◆□□□□◆＿＿＿
□□□□□□□＿＿＿
◆□□□□□□＿◆◆
□□□□□□□＿□□
□□□□□□□＿□□
01:10:52(127570f):field(127569f)
＿＿＿＿＿＿＿＿＿＿
＿＿＿＿＿＿＿＿＿＿
＿＿＿＿＿＿＿＿＿＿
＿＿＿＿＿＿＿＿＿＿
＿＿＿＿＿＿＿＿＿＿
＿＿＿＿＿＿＿＿＿＿
＿＿＿＿＿＿＿＿＿＿
＿＿＿＿＿＿＿＿＿＿
＿＿＿＿＿＿＿＿＿＿
＿＿＿＿＿＿＿＿＿＿
＿＿＿＿＿＿＿＿＿＿
＿＿＿＿＿＿＿＿＿＿
＿＿＿＿◆◆＿＿＿＿
＿＿＿◆□■＿＿＿＿
＿＿◆□□◆＿＿＿＿
◆＿□□□□＿＿＿＿
◆◆□□□□◆＿＿＿
＿□□□□□□＿■＿
◆□□□□□□■□◆
□□□□□□□＿□□
01:10:52(127583f):field(127582f)
＿＿＿＿＿＿＿＿＿＿
＿＿＿＿＿＿＿＿＿＿
＿＿＿＿＿＿＿＿＿＿
＿＿＿＿＿＿＿＿＿＿
＿＿＿＿＿＿＿＿＿＿
＿＿＿＿＿＿＿＿＿＿
＿＿＿＿＿＿＿＿＿＿
＿＿＿＿＿＿＿＿＿＿
＿＿＿＿＿＿＿＿＿＿
＿＿＿＿＿＿＿＿＿＿
＿＿＿＿＿＿＿＿＿＿
＿＿＿＿＿＿＿＿＿＿
＿＿＿＿＿＿＿＿＿＿
＿＿＿＿□□＿＿＿＿
＿＿＿□□＿＿＿＿＿
＿＿□□□□■＿＿＿
＿＿□□□□■■＿＿
＿□□□□□□■□＿
＿□□□□□□□□＿
□□□□□□□＿□□
01:10:53(127599f):field(127598f)
＿＿＿＿＿＿＿＿＿＿
＿＿＿＿＿＿＿＿＿＿
＿＿＿＿＿＿＿＿＿＿
＿＿＿＿＿＿＿＿＿＿
＿＿＿＿＿＿＿＿＿＿
＿＿＿＿＿＿＿＿＿＿
＿＿＿＿＿＿＿＿＿＿
＿＿＿＿＿＿＿＿＿＿
＿＿＿＿＿＿＿＿＿＿
＿＿＿＿＿＿＿＿＿＿
＿＿＿＿＿＿＿＿＿＿
＿＿＿＿＿＿＿＿＿＿
＿＿＿＿＿＿＿＿＿＿
＿＿＿＿□□＿＿＿＿
＿＿＿□□＿＿＿＿＿
＿＿□□□□□＿＿＿
■■□□□□□□＿＿
■□□□□□□□□＿
■□□□□□□□□＿
□□□□□□□＿□□
01:10:53(127615f):field(127614f)
＿＿＿＿＿＿＿＿＿＿
＿＿＿＿＿＿＿＿＿＿
＿＿＿＿＿＿＿＿＿＿
＿＿＿＿＿＿＿＿＿＿
＿＿＿＿＿＿＿＿＿＿
＿＿＿＿＿＿＿＿＿＿
＿＿＿＿＿＿＿＿＿＿
＿＿＿＿＿＿＿＿＿＿
＿＿＿＿＿＿＿＿＿＿
＿＿＿＿＿＿＿＿＿＿
＿＿＿＿＿＿＿＿＿＿
＿＿＿＿＿＿＿＿＿＿
＿＿＿＿＿＿＿＿＿＿
＿＿＿＿□□■＿＿＿
＿＿＿□□■■■＿＿
＿＿□□□□□＿＿＿
□□□□□□□□＿＿
□□□□□□□□□＿
□□□□□□□□□＿
□□□□□□□＿□□
01:10:54(127629f):field(127628f)
＿＿＿＿＿＿＿＿＿＿
＿＿＿＿＿＿＿＿＿＿
＿＿＿＿＿＿＿＿＿＿
＿＿＿＿＿＿＿＿＿＿
＿＿＿＿＿＿＿＿＿＿
＿＿＿＿＿＿＿＿＿＿
＿＿＿＿＿＿＿＿＿＿
＿＿＿＿＿＿＿＿＿＿
＿＿＿＿＿＿＿＿＿＿
＿＿＿＿＿＿＿＿＿＿
＿＿＿＿＿＿＿＿＿＿
＿＿＿＿＿＿＿＿＿＿
＿＿＿＿＿＿＿＿＿＿
＿＿＿＿□□□＿＿＿
■■＿□□□□□＿＿
■■□□□□□＿＿＿
□□□□□□□□＿＿
□□□□□□□□□＿
□□□□□□□□□＿
□□□□□□□＿□□
01:10:54(127646f):field(127645f)
＿＿＿＿＿＿＿＿＿＿
＿＿＿＿＿＿＿＿＿＿
＿＿＿＿＿＿＿＿＿＿
＿＿＿＿＿＿＿＿＿＿
＿＿＿＿＿＿＿＿＿＿
＿＿＿＿＿＿＿＿＿＿
＿＿＿＿＿＿＿＿＿＿
＿＿＿＿＿＿＿＿＿＿
＿＿＿＿＿＿＿＿＿＿
＿＿＿＿＿＿＿＿＿＿
＿＿＿＿＿＿＿＿＿＿
＿＿＿＿＿＿＿＿＿＿
＿＿＿＿＿＿＿＿＿＿
＿＿＿＿◆◆◆＿＿＿
◆◆＿◆◆◆◆◆＿＿
◆◆◆◆◆◆◆■＿＿
◆◆□◆□□□◆＿＿
□□□□□□□□◆＿
□□□□□□□◆□＿
□□□□□□□＿□□
01:10:55(127659f):field(127658f)
＿＿＿＿＿＿＿＿＿＿
＿＿＿＿＿＿＿＿＿＿
＿＿＿＿＿＿＿＿＿＿
＿＿＿＿＿＿＿＿＿＿
＿＿＿＿＿＿＿＿＿＿
＿＿＿＿＿＿＿＿＿＿
＿＿＿＿＿＿＿＿＿＿
＿＿＿＿＿＿＿＿＿＿
＿＿＿＿＿＿＿＿＿＿
＿＿＿＿＿＿＿＿＿＿
＿＿＿＿＿＿＿＿＿＿
＿＿＿＿＿＿＿＿＿＿
＿＿＿＿＿＿＿＿＿＿
＿＿＿＿＿＿＿＿＿＿
＿＿＿＿＿＿＿＿＿＿
＿＿＿■＿＿＿◆＿＿
＿＿□■□□□＿＿＿
□□□□□□□□＿＿
□□□□□□□＿◆＿
□□□□□□□＿□□
01:10:55(127673f):field(127672f)
＿＿＿＿＿＿＿＿＿＿
＿＿＿＿＿＿＿＿＿＿
＿＿＿＿＿＿＿＿＿＿
＿＿＿＿＿＿＿＿＿＿
＿＿＿＿＿＿＿＿＿＿
＿＿＿＿＿＿＿＿＿＿
＿＿＿＿＿＿＿＿＿＿
＿＿＿＿＿＿＿＿＿＿
＿＿＿＿＿＿＿＿＿＿
＿＿＿＿＿＿＿＿＿＿
＿＿＿＿＿＿＿＿＿＿
＿＿＿＿＿＿＿＿＿＿
＿＿＿＿＿＿＿＿＿＿
＿＿＿＿＿＿＿＿＿＿
＿＿＿＿＿＿＿＿＿＿
＿＿＿□＿＿＿＿＿＿
＿＿□□□□□＿■＿
□□□□□□□□■＿
□□□□□□□■■＿
□□□□□□□＿□□
01:10:56(127686f):field(127685f)
＿＿＿＿＿＿＿＿＿＿
＿＿＿＿＿＿＿＿＿＿
＿＿＿＿＿＿＿＿＿＿
＿＿＿＿＿＿＿＿＿＿
＿＿＿＿＿＿＿＿＿＿
＿＿＿＿＿＿＿＿＿＿
＿＿＿＿＿＿＿＿＿＿
＿＿＿＿＿＿＿＿＿＿
＿＿＿＿＿＿＿＿＿＿
＿＿＿＿＿＿＿＿＿＿
＿＿＿＿＿＿＿＿＿＿
＿＿＿＿＿＿＿＿＿＿
＿＿＿＿＿＿＿＿＿＿
＿＿＿＿＿＿＿＿＿＿
＿＿＿＿＿＿＿＿＿＿
＿＿＿□＿＿■■■＿
＿＿□□□□□■□＿
□□□□□□□□□＿
□□□□□□□□□＿
□□□□□□□＿□□
01:10:56(127699f):field(127698f)
＿＿＿＿＿＿＿＿＿＿
＿＿＿＿＿＿＿＿＿＿
＿＿＿＿＿＿＿＿＿＿
＿＿＿＿＿＿＿＿＿＿
＿＿＿＿＿＿＿＿＿＿
＿＿＿＿＿＿＿＿＿＿
＿＿＿＿＿＿＿＿＿＿
＿＿＿＿＿＿＿＿＿＿
＿＿＿＿＿＿＿＿＿＿
＿＿＿＿＿＿＿＿＿＿
＿＿＿＿＿＿＿＿＿＿
＿＿＿＿＿＿＿＿＿＿
＿＿＿＿＿＿＿＿＿＿
＿＿＿＿＿＿＿＿＿＿
＿＿＿＿＿■■＿＿＿
＿＿＿□■■□□□＿
＿＿□□□□□□□＿
□□□□□□□□□＿
□□□□□□□□□＿
□□□□□□□＿□□
01:10:57(127712f):field(127711f)
＿＿＿＿＿＿＿＿＿＿
＿＿＿＿＿＿＿＿＿＿
＿＿＿＿＿＿＿＿＿＿
＿＿＿＿＿＿＿＿＿＿
＿＿＿＿＿＿＿＿＿＿
＿＿＿＿＿＿＿＿＿＿
＿＿＿＿＿＿＿＿＿＿
＿＿＿＿＿＿＿＿＿＿
＿＿＿＿＿＿＿＿＿＿
＿＿＿＿＿＿＿＿＿＿
＿＿＿＿＿＿＿＿＿＿
＿＿＿＿＿＿＿＿＿＿
＿＿＿＿＿＿＿＿＿＿
＿＿＿＿＿＿＿＿＿＿
■＿＿＿＿□□＿＿＿
■＿＿□□□□□□＿
■■□□□□□□□＿
□□□□□□□□□＿
□□□□□□□□□＿
□□□□□□□＿□□
01:10:57(127727f):field(127726f)
＿＿＿＿＿＿＿＿＿＿
＿＿＿＿＿＿＿＿＿＿
＿＿＿＿＿＿＿＿＿＿
＿＿＿＿＿＿＿＿＿＿
＿＿＿＿＿＿＿＿＿＿
＿＿＿＿＿＿＿＿＿＿
＿＿＿＿＿＿＿＿＿＿
＿＿＿＿＿＿＿＿＿＿
＿＿＿＿＿＿＿＿＿＿
＿＿＿＿＿＿＿＿＿＿
＿＿＿＿＿＿＿＿＿＿
＿＿＿＿＿＿＿＿■＿
＿＿＿＿＿＿＿＿■＿
＿＿＿＿＿＿＿＿■＿
□＿＿＿＿□□＿■＿
□＿＿□□□□□□＿
□□□□□□□□□＿
□□□□□□□□□＿
□□□□□□□□□＿
□□□□□□□＿□□
01:10:58(127741f):field(127740f)
＿＿＿＿＿＿＿＿＿＿
＿＿＿＿＿＿＿＿＿＿
＿＿＿＿＿＿＿＿＿＿
＿＿＿＿＿＿＿＿＿＿
＿＿＿＿＿＿＿＿＿＿
＿＿＿＿＿＿＿＿＿＿
＿＿＿＿＿＿＿＿＿＿
＿＿＿＿＿＿＿＿＿＿
＿＿＿＿＿＿＿＿＿＿
＿＿＿＿＿＿＿＿＿＿
＿＿＿＿＿＿＿＿＿＿
＿＿＿＿＿＿＿＿□＿
＿＿＿＿＿＿＿＿□＿
＿＿＿＿＿＿＿＿□＿
□■■＿＿□□＿□＿
□■■□□□□□□＿
□□□□□□□□□＿
□□□□□□□□□＿
□□□□□□□□□＿
□□□□□□□＿□□
01:10:58(127754f):field(127753f)
＿＿＿＿＿＿＿＿＿＿
＿＿＿＿＿＿＿＿＿＿
＿＿＿＿＿＿＿＿＿＿
＿＿＿＿＿＿＿＿＿＿
＿＿＿＿＿＿＿＿＿＿
＿＿＿＿＿＿＿＿＿＿
＿＿＿＿＿＿＿＿＿＿
＿＿＿＿＿＿＿＿＿＿
＿＿＿＿＿＿＿＿＿＿
＿＿＿＿＿＿＿＿＿＿
＿＿＿＿＿＿＿＿＿＿
＿＿＿＿＿＿＿＿□＿
＿＿＿＿＿＿＿＿□＿
＿＿＿＿＿■■■□＿
□□□＿＿□□■□＿
□□□□□□□□□＿
□□□□□□□□□＿
□□□□□□□□□＿
□□□□□□□□□＿
□□□□□□□＿□□
01:10:58(127767f):field(127766f)
＿＿＿＿＿＿＿＿＿＿
＿＿＿＿＿＿＿＿＿＿
＿＿＿＿＿＿＿＿＿＿
＿＿＿＿＿＿＿＿＿＿
＿＿＿＿＿＿＿＿＿＿
＿＿＿＿＿＿＿＿＿＿
＿＿＿＿＿＿＿＿＿＿
＿＿＿＿＿＿＿＿＿＿
＿＿＿＿＿＿＿＿＿＿
＿＿＿＿＿＿＿＿＿＿
＿＿＿＿＿＿＿＿＿＿
＿＿＿＿＿＿＿＿□＿
＿＿■＿＿＿＿＿□＿
＿＿■■＿□□□□＿
□□□■＿□□□□＿
□□□□□□□□□＿
□□□□□□□□□＿
□□□□□□□□□＿
□□□□□□□□□＿
□□□□□□□＿□□
01:10:59(127781f):field(127780f)
＿＿＿＿＿＿＿＿＿＿
＿＿＿＿＿＿＿＿＿＿
＿＿＿＿＿＿＿＿＿＿
＿＿＿＿＿＿＿＿＿＿
＿＿＿＿＿＿＿＿＿＿
＿＿＿＿＿＿＿＿＿＿
＿＿＿＿＿＿＿＿＿＿
＿＿＿＿＿＿＿＿＿＿
＿＿＿＿＿＿＿＿＿＿
＿＿＿＿＿＿＿＿＿＿
＿＿＿＿＿＿＿＿＿＿
＿＿＿＿＿■＿＿□＿
＿＿□＿■■＿＿□＿
＿＿□□■□□□□＿
□□□□＿□□□□＿
□□□□□□□□□＿
□□□□□□□□□＿
□□□□□□□□□＿
□□□□□□□□□＿
□□□□□□□＿□□
01:10:59(127798f):field(127797f)
＿＿＿＿＿＿＿＿＿＿
＿＿＿＿＿＿＿＿＿＿
＿＿＿＿＿＿＿＿＿＿
＿＿＿＿＿＿＿＿＿＿
＿＿＿＿＿＿＿＿＿＿
＿＿＿＿＿＿＿＿＿＿
＿＿＿＿＿＿＿＿＿＿
＿＿＿＿＿＿＿＿＿＿
＿＿＿＿＿＿＿＿＿＿
＿＿＿＿＿＿＿＿＿＿
＿＿＿＿＿■■＿＿＿
＿＿＿＿＿□■＿□＿
＿＿□＿□□■＿□＿
＿＿□□□□□□□＿
□□□□＿□□□□＿
□□□□□□□□□＿
□□□□□□□□□＿
□□□□□□□□□＿
□□□□□□□□□＿
□□□□□□□＿□□
01:11:00(127810f):field(127809f)
＿＿＿＿＿＿＿＿＿＿
＿＿＿＿＿＿＿＿＿＿
＿＿＿＿＿＿＿＿＿＿
＿＿＿＿＿＿＿＿＿＿
＿＿＿＿＿＿＿＿＿＿
＿＿＿＿＿＿＿＿＿＿
＿＿＿＿＿＿＿＿＿＿
＿＿＿＿＿＿＿＿＿＿
＿＿＿＿＿■■＿＿＿
＿＿＿＿＿■■＿＿＿
＿＿＿＿＿□□＿＿＿
＿＿＿＿＿□□＿□＿
＿＿□＿□□□＿□＿
＿＿□□□□□□□＿
□□□□＿□□□□＿
□□□□□□□□□＿
□□□□□□□□□＿
□□□□□□□□□＿
□□□□□□□□□＿
□□□□□□□＿□□
01:11:00(127823f):field(127822f)
＿＿＿＿＿＿＿＿＿＿
＿＿＿＿＿＿＿＿＿＿
＿＿＿＿＿＿＿＿＿＿
＿＿＿＿＿＿＿＿＿＿
＿＿＿＿＿＿＿＿＿＿
＿＿＿＿＿＿＿＿＿＿
＿＿＿＿＿＿＿＿＿＿
＿＿＿＿＿＿＿＿＿＿
＿＿＿＿＿□□＿＿＿
＿＿＿＿＿□□＿＿＿
＿＿＿＿＿□□＿＿＿
＿＿■■■□□＿□＿
＿＿□■□□□＿□＿
＿＿□□□□□□□＿
□□□□＿□□□□＿
□□□□□□□□□＿
□□□□□□□□□＿
□□□□□□□□□＿
□□□□□□□□□＿
□□□□□□□＿□□
01:11:01(127836f):field(127835f)
＿＿＿＿＿＿＿＿＿＿
＿＿＿＿＿＿＿＿＿＿
＿＿＿＿＿＿＿＿＿＿
＿＿＿＿＿＿＿＿＿＿
＿＿＿＿＿＿＿＿＿＿
＿＿＿＿＿＿＿＿＿＿
＿＿＿＿＿＿＿＿＿＿
＿＿＿＿＿＿＿＿＿＿
＿＿＿＿＿◆◆＿＿＿
＿＿＿＿＿◆◆＿＿＿
＿＿＿＿＿◆◆＿＿＿
＿＿◆◆◆◆◆＿◆＿
＿＿◆◆◆□□＿◆＿
＿＿◆◆◆□□◆◆＿
◆◆◆◆＿□□◆□＿
◆□□□□□□□□■
◆◆□□□□□□□＿
□◆□□□□□□□＿
□□□□◆□□□□＿
□□□□□□□＿□□
01:11:01(127852f):field(127851f)
＿＿＿＿＿＿＿＿＿＿
＿＿＿＿＿＿＿＿＿＿
＿＿＿＿＿＿＿＿＿＿
＿＿＿＿＿＿＿＿＿＿
＿＿＿＿＿＿＿＿＿＿
＿＿＿＿＿＿＿＿＿＿
＿＿＿＿＿＿＿＿＿＿
＿＿＿＿＿＿＿＿＿＿
＿＿＿＿＿＿＿＿＿＿
＿＿＿＿＿＿＿＿＿＿
＿＿＿＿＿＿＿＿＿＿
＿＿＿＿＿＿＿＿＿＿
＿＿＿＿■□□＿＿＿
＿＿＿＿■□□＿＿＿
＿＿＿■■□□＿◆＿
＿◆□□□□□◆□◆
＿＿□□□□□◆□＿
◆＿□□□□□□□＿
□□□□＿□□□□＿
□□□□□□□＿□□
01:11:02(127866f):field(127865f)
＿＿＿＿＿＿＿＿＿＿
＿＿＿＿＿＿＿＿＿＿
＿＿＿＿＿＿＿＿＿＿
＿＿＿＿＿＿＿＿＿＿
＿＿＿＿＿＿＿＿＿＿
＿＿＿＿＿＿＿＿＿＿
＿＿＿＿＿＿＿＿＿＿
＿＿＿＿＿＿＿＿＿＿
＿＿＿＿＿＿＿＿＿＿
＿＿＿＿＿＿＿＿＿＿
＿＿＿＿＿＿＿＿＿＿
＿＿＿＿＿＿＿＿＿＿
＿＿＿■□□□＿＿＿
＿＿■■□□□＿＿＿
＿＿■□□□□＿＿＿
＿＿□□□□□＿□＿
＿＿□□□□□＿□＿
＿＿□□□□□□□＿
□□□□＿□□□□＿
□□□□□□□＿□□
01:11:02(127879f):field(127878f)
＿＿＿＿＿＿＿＿＿＿
＿＿＿＿＿＿＿＿＿＿
＿＿＿＿＿＿＿＿＿＿
＿＿＿＿＿＿＿＿＿＿
＿＿＿＿＿＿＿＿＿＿
＿＿＿＿＿＿＿＿＿＿
＿＿＿＿＿＿＿＿＿＿
＿＿＿＿＿＿＿＿＿＿
＿＿＿＿＿＿＿＿＿＿
＿＿＿＿＿＿＿＿＿＿
＿＿＿＿＿＿＿＿＿＿
＿＿＿＿＿＿＿＿＿＿
＿＿＿□□□□＿＿＿
＿＿□□□□□＿＿＿
＿＿□□□□□＿■■
＿＿□□□□□＿□■
＿＿□□□□□＿□■
＿＿□□□□□□□＿
□□□□＿□□□□＿
□□□□□□□＿□□
01:11:03(127892f):field(127891f)
＿＿＿＿＿＿＿＿＿＿
＿＿＿＿＿＿＿＿＿＿
＿＿＿＿＿＿＿＿＿＿
＿＿＿＿＿＿＿＿＿＿
＿＿＿＿＿＿＿＿＿＿
＿＿＿＿＿＿＿＿＿＿
＿＿＿＿＿＿＿＿＿＿
＿＿＿＿＿＿＿＿＿＿
＿＿＿＿＿＿＿＿＿＿
＿＿＿＿＿＿＿＿＿＿
＿＿＿＿＿＿＿＿＿＿
＿＿＿＿＿＿＿＿＿＿
＿＿＿□□□□＿＿＿
＿＿□□□□□＿＿＿
＿＿□□□□□＿□□
＿■□□□□□＿□□
■■□□□□□＿□□
＿■□□□□□□□＿
□□□□＿□□□□＿
□□□□□□□＿□□
01:11:03(127906f):field(127905f)
＿＿＿＿＿＿＿＿＿＿
＿＿＿＿＿＿＿＿＿＿
＿＿＿＿＿＿＿＿＿＿
＿＿＿＿＿＿＿＿＿＿
＿＿＿＿＿＿＿＿＿＿
＿＿＿＿＿＿＿＿＿＿
＿＿＿＿＿＿＿＿＿＿
＿＿＿＿＿＿＿＿＿＿
＿＿＿＿＿＿＿＿＿＿
＿＿＿＿＿＿＿＿＿＿
＿＿＿＿＿＿＿＿＿＿
＿＿＿＿＿＿＿＿＿＿
＿＿＿◆◆◆◆＿＿＿
＿＿◆□□□□＿＿＿
＿＿□□□□□■◆◆
＿◆□□□□□■□□
◆□□□□□□■□□
＿□□□□□□□□■
□□□□■□□□□＿
□□□□□□□＿□□
01:11:04(127921f):field(127920f)
＿＿＿＿＿＿＿＿＿＿
＿＿＿＿＿＿＿＿＿＿
＿＿＿＿＿＿＿＿＿＿
＿＿＿＿＿＿＿＿＿＿
＿＿＿＿＿＿＿＿＿＿
＿＿＿＿＿＿＿＿＿＿
＿＿＿＿＿＿＿＿＿＿
＿＿＿＿＿＿＿＿＿＿
＿＿＿＿＿＿＿＿＿＿
＿＿＿＿＿＿＿＿＿＿
＿＿＿＿＿＿＿＿＿＿
＿＿＿＿＿＿＿＿＿＿
＿＿＿＿＿＿＿■＿＿
＿＿＿□□□□■■＿
＿＿□□□□□□■＿
＿＿□□□□□□□□
＿□□□□□□□□□
＿□□□□□□□□◆
□□□□◆□□□□＿
□□□□□□□＿□□
01:11:04(127933f):field(127932f)
＿＿＿＿＿＿＿＿＿＿
＿＿＿＿＿＿＿＿＿＿
＿＿＿＿＿＿＿＿＿＿
＿＿＿＿＿＿＿＿＿＿
＿＿＿＿＿＿＿＿＿＿
＿＿＿＿＿＿＿＿＿＿
＿＿＿＿＿＿＿＿＿＿
＿＿＿＿＿＿＿＿＿＿
＿＿＿＿＿＿＿＿＿＿
＿＿＿＿＿＿＿＿＿＿
＿＿＿＿＿＿＿＿＿＿
＿＿＿＿＿＿＿＿＿＿
＿＿＿＿＿＿＿◆＿＿
＿＿＿◆◆◆◆◆◆＿
＿■◆◆◆◆◆□◆■
＿＿□□□□□□□◆
■□□□□□□□□□
■□□□□□□□□■
□□□□■□□□□＿
□□□□□□□＿□□
01:11:04(127946f):field(127945f)
＿＿＿＿＿＿＿＿＿＿
＿＿＿＿＿＿＿＿＿＿
＿＿＿＿＿＿＿＿＿＿
＿＿＿＿＿＿＿＿＿＿
＿＿＿＿＿＿＿＿＿＿
＿＿＿＿＿＿＿＿＿＿
＿＿＿＿＿＿＿＿＿＿
＿＿＿＿＿＿＿＿＿＿
＿＿＿＿＿＿＿＿＿＿
＿＿＿＿＿＿＿＿＿＿
＿＿＿＿＿＿＿＿＿＿
＿＿＿＿＿＿＿＿＿＿
＿＿＿＿＿＿＿＿＿＿
＿＿＿＿＿＿＿＿＿＿
■◆＿＿＿＿＿□＿◆
■＿◆□□□□□□＿
□□□□□□□□□◆
□□□□□□□□□◆
□□□□◆□□□□＿
□□□□□□□＿□□
01:11:05(127959f):field(127958f)
＿＿＿＿＿＿＿＿＿＿
＿＿＿＿＿＿＿＿＿＿
＿＿＿＿＿＿＿＿＿＿
＿＿＿＿＿＿＿＿＿＿
＿＿＿＿＿＿＿＿＿＿
＿＿＿＿＿＿＿＿＿＿
＿＿＿＿＿＿＿＿＿＿
＿＿＿＿＿＿＿＿＿＿
＿＿＿＿＿＿＿＿＿＿
＿＿＿＿＿＿＿＿＿＿
＿＿＿＿＿＿＿＿＿＿
＿＿＿＿＿＿＿＿＿＿
＿＿＿＿＿＿＿＿＿＿
＿＿＿■＿＿＿＿＿＿
□＿■■＿＿＿□＿＿
□＿■□□□□□□＿
□□□□□□□□□＿
□□□□□□□□□＿
□□□□＿□□□□＿
□□□□□□□＿□□
01:11:05(127971f):field(127970f)
＿＿＿＿＿＿＿＿＿＿
＿＿＿＿＿＿＿＿＿＿
＿＿＿＿＿＿＿＿＿＿
＿＿＿＿＿＿＿＿＿＿
＿＿＿＿＿＿＿＿＿＿
＿＿＿＿＿＿＿＿＿＿
＿＿＿＿＿＿＿＿＿＿
＿＿＿＿＿＿＿＿＿＿
＿＿＿＿＿＿＿＿＿＿
＿＿＿＿＿＿＿＿＿＿
＿＿＿＿＿＿＿＿＿＿
＿＿＿＿＿＿＿＿＿＿
＿＿＿＿＿＿＿＿＿＿
＿＿＿□■■＿＿＿＿
□＿□□■■＿□＿＿
□＿□□□□□□□＿
□□□□□□□□□＿
□□□□□□□□□＿
□□□□＿□□□□＿
□□□□□□□＿□□
01:11:06(127984f):field(127983f)
＿＿＿＿＿＿＿＿＿＿
＿＿＿＿＿＿＿＿＿＿
＿＿＿＿＿＿＿＿＿＿
＿＿＿＿＿＿＿＿＿＿
＿＿＿＿＿＿＿＿＿＿
＿＿＿＿＿＿＿＿＿＿
＿＿＿＿＿＿＿＿＿＿
＿＿＿＿＿＿＿＿＿＿
＿＿＿＿＿＿＿＿＿＿
＿＿＿＿＿＿＿＿＿＿
＿＿＿＿＿＿＿＿＿＿
＿＿＿＿＿＿＿＿＿＿
＿＿＿＿＿＿＿■＿＿
＿＿＿□□□＿■■＿
□＿□□□□＿□■＿
□＿□□□□□□□＿
□□□□□□□□□＿
□□□□□□□□□＿
□□□□＿□□□□＿
□□□□□□□＿□□
01:11:06(127997f):field(127996f)
＿＿＿＿＿＿＿＿＿＿
＿＿＿＿＿＿＿＿＿＿
＿＿＿＿＿＿＿＿＿＿
＿＿＿＿＿＿＿＿＿＿
＿＿＿＿＿＿＿＿＿＿
＿＿＿＿＿＿＿＿＿＿
＿＿＿＿＿＿＿＿＿＿
＿＿＿＿＿＿＿＿＿＿
＿＿＿＿＿＿＿＿＿＿
＿＿＿＿＿＿＿＿＿＿
＿＿＿＿＿＿＿＿＿＿
＿＿＿＿■＿＿＿＿＿
＿＿＿■■■＿□＿＿
＿＿＿□□□＿□□＿
□＿□□□□＿□□＿
□＿□□□□□□□＿
□□□□□□□□□＿
□□□□□□□□□＿
□□□□＿□□□□＿
□□□□□□□＿□□
01:11:06(128009f):field(128008f)
＿＿＿＿＿＿＿＿＿＿
＿＿＿＿＿＿＿＿＿＿
＿＿＿＿＿＿＿＿＿＿
＿＿＿＿＿＿＿＿＿＿
＿＿＿＿＿＿＿＿＿＿
＿＿＿＿＿＿＿＿＿＿
＿＿＿＿＿＿＿＿＿＿
＿＿＿＿＿＿＿＿＿＿
＿＿＿＿＿＿＿＿＿＿
＿＿＿＿＿＿＿＿＿＿
＿＿＿＿＿＿＿＿＿＿
＿＿＿＿□＿■＿＿＿
＿＿＿□□□■□＿＿
＿＿＿□□□■□□＿
□＿□□□□■□□＿
□＿□□□□□□□＿
□□□□□□□□□＿
□□□□□□□□□＿
□□□□＿□□□□＿
□□□□□□□＿□□
01:11:07(128022f):field(128021f)
＿＿＿＿＿＿＿＿＿＿
＿＿＿＿＿＿＿＿＿＿
＿＿＿＿＿＿＿＿＿＿
＿＿＿＿＿＿＿＿＿＿
＿＿＿＿＿＿＿＿＿＿
＿＿＿＿＿＿＿＿＿＿
＿＿＿＿＿＿＿＿＿＿
＿＿＿＿＿＿＿＿＿＿
＿＿＿＿＿＿＿＿＿＿
＿＿＿＿＿＿＿＿＿＿
＿＿＿＿＿＿＿＿＿＿
＿＿＿＿□＿□＿＿＿
＿＿＿□□□□□＿＿
＿■■□□□□□□＿
□■□□□□□□□＿
□■□□□□□□□＿
□□□□□□□□□＿
□□□□□□□□□＿
□□□□＿□□□□＿
□□□□□□□＿□□
01:11:07(128035f):field(128034f)
＿＿＿＿＿＿＿＿＿＿
＿＿＿＿＿＿＿＿＿＿
＿＿＿＿＿＿＿＿＿＿
＿＿＿＿＿＿＿＿＿＿
＿＿＿＿＿＿＿＿＿＿
＿＿＿＿＿＿＿＿＿＿
＿＿＿＿＿＿＿＿＿＿
＿＿＿＿＿＿＿＿＿＿
＿＿＿＿＿＿＿＿＿＿
＿＿＿＿＿＿＿＿＿＿
＿＿■■＿＿＿＿＿＿
＿＿■■□＿□＿＿＿
＿＿＿□□□□□＿＿
＿□□□□□□□□＿
□□□□□□□□□＿
□□□□□□□□□＿
□□□□□□□□□＿
□□□□□□□□□＿
□□□□＿□□□□＿
□□□□□□□＿□□
01:11:08(128047f):field(128046f)
＿＿＿＿＿＿＿＿＿＿
＿＿＿＿＿＿＿＿＿＿
＿＿＿＿＿＿＿＿＿＿
＿＿＿＿＿＿＿＿＿＿
＿＿＿＿＿＿＿＿＿＿
＿＿＿＿＿＿＿＿＿＿
＿＿＿＿＿＿＿＿＿＿
＿＿＿＿＿＿＿＿＿＿
＿＿＿＿＿＿＿＿＿＿
＿＿＿＿■＿＿＿＿＿
＿＿□□■■＿＿＿＿
＿＿□□□■□＿＿＿
＿＿＿□□□□□＿＿
＿□□□□□□□□＿
□□□□□□□□□＿
□□□□□□□□□＿
□□□□□□□□□＿
□□□□□□□□□＿
□□□□＿□□□□＿
□□□□□□□＿□□
01:11:08(128064f):field(128063f)
＿＿＿＿＿＿＿＿＿＿
＿＿＿＿＿＿＿＿＿＿
＿＿＿＿＿＿＿＿＿＿
＿＿＿＿＿＿＿＿＿＿
＿＿＿＿＿＿＿＿＿＿
＿＿＿＿＿＿＿＿＿＿
＿＿＿＿＿＿＿＿＿＿
＿＿＿＿＿＿＿＿＿＿
＿＿＿＿＿＿＿＿＿＿
＿＿＿＿□＿＿＿＿＿
＿■□□□□＿＿＿＿
＿■□□□□□＿＿＿
＿■■□□□□□＿＿
＿□□□□□□□□＿
□□□□□□□□□＿
□□□□□□□□□＿
□□□□□□□□□＿
□□□□□□□□□＿
□□□□＿□□□□＿
□□□□□□□＿□□
01:11:09(128077f):field(128076f)
＿＿＿＿＿＿＿＿＿＿
＿＿＿＿＿＿＿＿＿＿
＿＿＿＿＿＿＿＿＿＿
＿＿＿＿＿＿＿＿＿＿
＿＿＿＿＿＿＿＿＿＿
＿＿＿＿＿＿＿＿＿＿
＿＿＿＿＿＿＿＿＿＿
＿＿＿＿＿＿＿＿＿＿
＿＿＿＿＿＿＿＿＿＿
＿＿＿＿◆＿＿＿＿＿
＿◆◆◆◆◆＿＿＿＿
＿◆◆◆◆◆◆＿＿＿
＿◆◆◆□◆◆◆＿＿
＿□□□□□◆◆◆＿
◆□□□□□□◆◆＿
◆□□□□□□□◆■
◆□□□□□□□□＿
□□□□□□□□□＿
□□□□＿□□□□■
□□□□□□□＿□□
01:11:09(128090f):field(128089f)
＿＿＿＿＿＿＿＿＿＿
＿＿＿＿＿＿＿＿＿＿
＿＿＿＿＿＿＿＿＿＿
＿＿＿＿＿＿＿＿＿＿
＿＿＿＿＿＿＿＿＿＿
＿＿＿＿＿＿＿＿＿＿
＿＿＿＿＿＿＿＿＿＿
＿＿＿＿＿＿＿＿＿＿
＿＿＿＿＿＿＿＿＿＿
＿＿＿＿＿＿＿＿＿＿
＿＿＿＿＿＿＿＿＿＿
＿＿＿＿＿＿＿＿＿＿
＿＿＿＿□＿＿＿＿＿
＿□□□□□＿＿＿＿
＿□□□□□□■■＿
＿□□□□□□□■□
＿□□□□□□□□＿
□□□□□□□□□＿
□□□□＿□□□□□
□□□□□□□＿□□
01:11:10(128105f):field(128104f)
＿＿＿＿＿＿＿＿＿＿
＿＿＿＿＿＿＿＿＿＿
＿＿＿＿＿＿＿＿＿＿
＿＿＿＿＿＿＿＿＿＿
＿＿＿＿＿＿＿＿＿＿
＿＿＿＿＿＿＿＿＿＿
＿＿＿＿＿＿＿＿＿＿
＿＿＿＿＿＿＿＿＿＿
＿＿＿＿＿＿＿＿＿＿
＿＿＿＿＿＿＿＿＿＿
＿＿＿＿＿＿＿＿＿＿
＿＿＿＿＿＿＿＿＿＿
＿＿＿＿□＿■■＿＿
＿□□□□□■■＿＿
＿□□□□□□□□＿
＿□□□□□□□□□
＿□□□□□□□□＿
□□□□□□□□□＿
□□□□＿□□□□□
□□□□□□□＿□□
01:11:10(128117f):field(128116f)
＿＿＿＿＿＿＿＿＿＿
＿＿＿＿＿＿＿＿＿＿
＿＿＿＿＿＿＿＿＿＿
＿＿＿＿＿＿＿＿＿＿
＿＿＿＿＿＿＿＿＿＿
＿＿＿＿＿＿＿＿＿＿
＿＿＿＿＿＿＿＿＿＿
＿＿＿＿＿＿＿＿＿＿
＿＿＿＿＿＿＿＿＿＿
＿＿＿＿＿＿＿＿＿＿
＿＿＿■■＿＿＿＿＿
＿＿＿■＿＿＿＿＿＿
＿＿＿■□＿□□＿＿
＿□□□□□□□＿＿
＿□□□□□□□□＿
＿□□□□□□□□□
＿□□□□□□□□＿
□□□□□□□□□＿
□□□□＿□□□□□
□□□□□□□＿□□
01:11:11(128133f):field(128132f)
＿＿＿＿＿＿＿＿＿＿
＿＿＿＿＿＿＿＿＿＿
＿＿＿＿＿＿＿＿＿＿
＿＿＿＿＿＿＿＿＿＿
＿＿＿＿＿＿＿＿＿＿
＿＿＿＿＿＿＿＿＿＿
＿＿＿＿＿＿＿＿＿＿
＿＿＿＿＿＿＿＿＿＿
＿＿＿＿＿＿＿＿＿＿
＿＿＿＿＿＿＿＿＿＿
＿＿＿◆◆＿＿＿＿＿
＿＿＿□■＿＿＿＿＿
＿＿＿□◆＿◆◆＿＿
＿◆◆□□◆□□＿＿
■□□□□□□□◆＿
■□□□□□□□□◆
■□□□□□□□□＿
□□□□□□□□□＿
□□□□＿□□□□□
□□□□□□□＿□□
01:11:11(128146f):field(128145f)
＿＿＿＿＿＿＿＿＿＿
＿＿＿＿＿＿＿＿＿＿
＿＿＿＿＿＿＿＿＿＿
＿＿＿＿＿＿＿＿＿＿
＿＿＿＿＿＿＿＿＿＿
＿＿＿＿＿＿＿＿＿＿
＿＿＿＿＿＿＿＿＿＿
＿＿＿＿＿＿＿＿＿＿
＿＿＿＿＿＿＿＿＿＿
＿＿＿＿＿＿＿＿＿＿
＿＿＿＿＿＿＿＿＿＿
＿＿＿□□＿＿＿＿＿
＿＿■□＿＿＿＿＿＿
■■■□□＿□□＿＿
□□□□□□□□＿＿
□□□□□□□□□＿
□□□□□□□□□＿
□□□□□□□□□＿
□□□□＿□□□□□
□□□□□□□＿□□
01:11:12(128161f):field(128160f)
＿＿＿＿＿＿＿＿＿＿
＿＿＿＿＿＿＿＿＿＿
＿＿＿＿＿＿＿＿＿＿
＿＿＿＿＿＿＿＿＿＿
＿＿＿＿＿＿＿＿＿＿
＿＿＿＿＿＿＿＿＿＿
＿＿＿＿＿＿＿＿＿＿
＿＿＿＿＿＿＿＿＿＿
＿＿＿＿＿＿＿＿＿＿
＿＿＿＿＿＿＿＿＿＿
＿＿■＿＿＿＿＿＿＿
＿■■□□＿＿＿＿＿
＿■□□＿＿＿＿＿＿
□□□□□＿□□＿＿
□□□□□□□□＿＿
□□□□□□□□□＿
□□□□□□□□□＿
□□□□□□□□□＿
□□□□＿□□□□□
□□□□□□□＿□□
01:11:12(128172f):field(128171f)
＿＿＿＿＿＿＿＿＿＿
＿＿＿＿＿＿＿＿＿＿
＿＿＿＿＿＿＿＿＿＿
＿＿＿＿＿＿＿＿＿＿
＿＿＿＿＿＿＿＿＿＿
＿＿＿＿＿＿＿＿＿＿
＿＿＿＿＿＿＿＿＿＿
＿＿＿＿＿＿＿＿＿＿
＿＿＿＿＿＿＿＿＿＿
＿＿＿■■＿＿＿＿＿
＿＿□■■＿＿＿＿＿
＿□□□□＿＿＿＿＿
＿□□□＿＿＿＿＿＿
□□□□□＿□□＿＿
□□□□□□□□＿＿
□□□□□□□□□＿
□□□□□□□□□＿
□□□□□□□□□＿
□□□□＿□□□□□
□□□□□□□＿□□
01:11:12(128186f):field(128185f)
＿＿＿＿＿＿＿＿＿＿
＿＿＿＿＿＿＿＿＿＿
＿＿＿＿＿＿＿＿＿＿
＿＿＿＿＿＿＿＿＿＿
＿＿＿＿＿＿＿＿＿＿
＿＿＿＿＿＿＿＿＿＿
＿＿＿＿＿＿＿＿＿＿
＿＿＿＿＿＿＿＿＿＿
＿＿＿＿＿＿＿＿＿＿
＿＿＿◆◆＿＿＿＿＿
＿＿◆◆◆＿＿＿＿＿
＿◆◆□□＿＿＿＿＿
＿◆□□■＿＿＿＿＿
◆□□□□＿◆◆＿＿
□□□□◆◆◆◆■＿
□□□□□□□□□＿
□□□□□□□□□＿
□□□□□□□□□■
□□□□＿□□□□□
□□□□□□□＿□□
01:11:13(128199f):field(128198f)
＿＿＿＿＿＿＿＿＿＿
＿＿＿＿＿＿＿＿＿＿
＿＿＿＿＿＿＿＿＿＿
＿＿＿＿＿＿＿＿＿＿
＿＿＿＿＿＿＿＿＿＿
＿＿＿＿＿＿＿＿＿＿
＿＿＿＿＿＿＿＿＿＿
＿＿＿＿＿＿＿＿＿＿
＿＿＿＿＿＿＿＿＿＿
＿＿＿＿＿＿＿＿＿＿
＿＿＿＿＿＿＿＿＿＿
＿＿＿□□＿＿＿＿＿
＿＿□□□■＿＿＿＿
＿□□□□■＿＿＿＿
◆□□□＿■＿＿◆＿
□□□□□□□□□＿
□□□□□□□□□＿
□□□□□□□□□◆
□□□□＿□□□□□
□□□□□□□＿□□
01:11:13(128211f):field(128210f)
＿＿＿＿＿＿＿＿＿＿
＿＿＿＿＿＿＿＿＿＿
＿＿＿＿＿＿＿＿＿＿
＿＿＿＿＿＿＿＿＿＿
＿＿＿＿＿＿＿＿＿＿
＿＿＿＿＿＿＿＿＿＿
＿＿＿＿＿＿＿＿＿＿
＿＿＿＿＿＿＿＿＿＿
＿＿＿＿＿＿＿＿＿＿
＿＿＿＿＿＿＿＿＿＿
＿＿■■■＿＿＿＿＿
＿＿■□□＿＿＿＿＿
＿＿□□□□＿＿＿＿
＿□□□□□＿＿＿＿
＿□□□＿□＿＿＿＿
□□□□□□□□□＿
□□□□□□□□□＿
□□□□□□□□□＿
□□□□＿□□□□□
□□□□□□□＿□□
01:11:14(128226f):field(128225f)
＿＿＿＿＿＿＿＿＿＿
＿＿＿＿＿＿＿＿＿＿
＿＿＿＿＿＿＿＿＿＿
＿＿＿＿＿＿＿＿＿＿
＿＿＿＿＿＿＿＿＿＿
＿＿＿＿＿＿＿＿＿＿
＿＿＿＿＿＿＿＿＿＿
＿＿＿＿＿＿＿＿＿＿
＿＿＿＿＿＿＿＿＿＿
＿＿＿＿＿＿＿＿＿＿
＿＿□□□＿＿＿＿＿
＿＿□□□＿＿＿＿＿
■■□□□□＿＿＿＿
■□□□□□＿＿＿＿
■□□□＿□＿＿＿＿
□□□□□□□□□＿
□□□□□□□□□＿
□□□□□□□□□＿
□□□□＿□□□□□
□□□□□□□＿□□
01:11:14(128238f):field(128237f)
＿＿＿＿＿＿＿＿＿＿
＿＿＿＿＿＿＿＿＿＿
＿＿＿＿＿＿＿＿＿＿
＿＿＿＿＿＿＿＿＿＿
＿＿＿＿＿＿＿＿＿＿
＿＿＿＿＿＿＿＿＿＿
＿＿＿＿＿＿＿＿＿＿
＿＿＿＿＿＿＿＿＿＿
＿＿＿＿＿＿＿＿＿＿
＿＿＿＿＿＿＿＿＿＿
＿＿□□□＿＿＿＿＿
＿＿□□□＿＿＿＿＿
□□□□□□＿＿＿＿
□□□□□□■■＿＿
□□□□＿□■■＿＿
□□□□□□□□□＿
□□□□□□□□□＿
□□□□□□□□□＿
□□□□＿□□□□□
□□□□□□□＿□□
01:11:15(128251f):field(128250f)
＿＿＿＿＿＿＿＿＿＿
＿＿＿＿＿＿＿＿＿＿
＿＿＿＿＿＿＿＿＿＿
＿＿＿＿＿＿＿＿＿＿
＿＿＿＿＿＿＿＿＿＿
＿＿＿＿＿＿＿＿＿＿
＿＿＿＿＿＿＿＿＿＿
＿＿＿＿＿＿＿＿＿＿
＿＿＿＿＿＿＿＿＿＿
＿＿＿＿＿＿＿＿＿＿
＿＿◆◆◆＿＿＿＿＿
＿＿□□□＿＿＿＿＿
◆◆□□□◆＿＿＿＿
□□□□□□◆◆＿＿
□□□□■□□□■＿
□□□□◆□□□□■
□□□□□□□□□＿
□□□□□□□□□＿
□□□□＿□□□□□
□□□□□□□＿□□
01:11:15(128263f):field(128262f)
＿＿＿＿＿＿＿＿＿＿
＿＿＿＿＿＿＿＿＿＿
＿＿＿＿＿＿＿＿＿＿
＿＿＿＿＿＿＿＿＿＿
＿＿＿＿＿＿＿＿＿＿
＿＿＿＿＿＿＿＿＿＿
＿＿＿＿＿＿＿＿＿＿
＿＿＿＿＿＿＿＿＿＿
＿＿＿＿＿＿＿＿＿＿
＿＿＿＿＿＿＿＿＿＿
＿＿＿＿＿＿＿＿＿＿
＿＿◆◆◆＿＿＿＿＿
＿＿□□□＿＿＿＿■
◆◆□□□□＿■＿■
□□□□□□◆◆□■
□□□□＿□□□□□
□□□□□□□□□＿
□□□□□□□□□＿
□□□□＿□□□□□
□□□□□□□＿□□
01:11:15(128277f):field(128276f)
＿＿＿＿＿＿＿＿＿＿
＿＿＿＿＿＿＿＿＿＿
＿＿＿＿＿＿＿＿＿＿
＿＿＿＿＿＿＿＿＿＿
＿＿＿＿＿＿＿＿＿＿
＿＿＿＿＿＿＿＿＿＿
＿＿＿＿＿＿＿＿＿＿
＿＿＿＿＿＿＿＿＿＿
＿＿＿＿＿＿＿＿＿＿
＿＿＿＿＿＿＿＿＿＿
＿＿＿＿＿＿＿＿＿＿
＿＿＿＿＿＿＿＿＿＿
＿＿□□□＿＿＿＿□
＿＿□□□□■◆＿□
□□□□□□■■◆□
□□□□＿□□□□□
□□□□□□□□□＿
□□□□□□□□□＿
□□□□＿□□□□□
□□□□□□□＿□□
01:11:16(128290f):field(128289f)
＿＿＿＿＿＿＿＿＿＿
＿＿＿＿＿＿＿＿＿＿
＿＿＿＿＿＿＿＿＿＿
＿＿＿＿＿＿＿＿＿＿
＿＿＿＿＿＿＿＿＿＿
＿＿＿＿＿＿＿＿＿＿
＿＿＿＿＿＿＿＿＿＿
＿＿＿＿＿＿＿＿＿＿
＿＿＿＿＿＿＿＿＿＿
＿＿＿＿＿＿＿＿＿＿
＿＿＿＿＿＿＿＿＿＿
＿＿＿■■■＿＿＿＿
＿＿□□□■＿＿＿□
＿＿□□□□□＿＿□
□□□□□□□□＿□
□□□□＿□□□□□
□□□□□□□□□＿
□□□□□□□□□＿
□□□□＿□□□□□
□□□□□□□＿□□
01:11:16(128303f):field(128302f)
＿＿＿＿＿＿＿＿＿＿
＿＿＿＿＿＿＿＿＿＿
＿＿＿＿＿＿＿＿＿＿
＿＿＿＿＿＿＿＿＿＿
＿＿＿＿＿＿＿＿＿＿
＿＿＿＿＿＿＿＿＿＿
＿＿＿＿＿＿＿＿＿＿
＿＿＿＿＿＿＿＿＿＿
＿＿＿＿＿＿＿＿＿＿
＿＿＿＿＿＿＿＿＿＿
＿＿＿＿＿＿＿＿＿＿
＿＿＿◆◆◆＿＿＿＿
＿＿◆□□□＿＿＿◆
＿■□□□□◆■■□
◆◆□□□□□□■□
□□□□＿□□□□□
□□□□□□□□□＿
□□□□□□□□□＿
□□□□＿□□□□□
□□□□□□□＿□□
01:11:17(128315f):field(128314f)
＿＿＿＿＿＿＿＿＿＿
＿＿＿＿＿＿＿＿＿＿
＿＿＿＿＿＿＿＿＿＿
＿＿＿＿＿＿＿＿＿＿
＿＿＿＿＿＿＿＿＿＿
＿＿＿＿＿＿＿＿＿＿
＿＿＿＿＿＿＿＿＿＿
＿＿＿＿＿＿＿＿＿＿
＿＿＿＿＿＿＿＿＿＿
＿＿＿＿＿＿＿＿＿＿
＿＿＿＿＿＿＿＿＿＿
＿＿＿＿＿＿＿＿＿＿
＿＿＿□□□＿■■＿
＿◆□□□□■□□□
＿＿□□□□□□□□
□□□□＿□□□□□
□□□□□□□□□＿
□□□□□□□□□＿
□□□□＿□□□□□
□□□□□□□＿□□
01:11:17(128327f):field(128326f)
＿＿＿＿＿＿＿＿＿＿
＿＿＿＿＿＿＿＿＿＿
＿＿＿＿＿＿＿＿＿＿
＿＿＿＿＿＿＿＿＿＿
＿＿＿＿＿＿＿＿＿＿
＿＿＿＿＿＿＿＿＿＿
＿＿＿＿＿＿＿＿＿＿
＿＿＿＿＿＿＿＿＿＿
＿＿＿＿＿＿＿＿＿＿
＿＿＿＿＿＿＿＿＿＿
＿＿＿＿＿＿＿＿＿＿
＿＿＿＿＿＿＿＿＿＿
＿＿＿◆◆□＿□◆＿
■＿◆□◆◆□◆□◆
＿■◆□□□□□□□
□□□□■□□□□□
□□□□□□□□□＿
□□□□□□□□□＿
□□□□＿□□□□□
□□□□□□□＿□□
01:11:18(128341f):field(128340f)
＿＿＿＿＿＿＿＿＿＿
＿＿＿＿＿＿＿＿＿＿
＿＿＿＿＿＿＿＿＿＿
＿＿＿＿＿＿＿＿＿＿
＿＿＿＿＿＿＿＿＿＿
＿＿＿＿＿＿＿＿＿＿
＿＿＿＿＿＿＿＿＿＿
＿＿＿＿＿＿＿＿＿＿
＿＿＿＿＿＿＿＿＿＿
＿＿＿＿＿＿＿＿＿＿
＿＿＿＿＿＿＿＿＿＿
＿＿＿＿＿＿＿＿＿＿
＿＿＿＿＿◆＿◆＿＿
◆＿■◆＿＿◆＿◆＿
■□■□□□◆□□◆
□□□□◆□□□□□
□□□□□□□□□＿
□□□□□□□□□＿
□□□□＿□□□□□
□□□□□□□＿□□
01:11:18(128353f):field(128352f)
＿＿＿＿＿＿＿＿＿＿
＿＿＿＿＿＿＿＿＿＿
＿＿＿＿＿＿＿＿＿＿
＿＿＿＿＿＿＿＿＿＿
＿＿＿＿＿＿＿＿＿＿
＿＿＿＿＿＿＿＿＿＿
＿＿＿＿＿＿＿＿＿＿
＿＿＿＿＿＿＿＿＿＿
＿＿＿＿＿＿＿＿＿＿
＿＿＿＿＿＿＿＿＿＿
＿＿＿＿＿＿＿＿＿＿
＿＿＿＿＿＿＿＿＿＿
＿＿＿＿＿＿＿■＿＿
＿＿□＿＿＿■■＿＿
□□□□□□■□□＿
□□□□＿□□□□□
□□□□□□□□□＿
□□□□□□□□□＿
□□□□＿□□□□□
□□□□□□□＿□□
01:11:19(128373f):field(128372f)
＿＿＿＿＿＿＿＿＿＿
＿＿＿＿＿＿＿＿＿＿
＿＿＿＿＿＿＿＿＿＿
＿＿＿＿＿＿＿＿＿＿
＿＿＿＿＿＿＿＿＿＿
＿＿＿＿＿＿＿＿＿＿
＿＿＿＿＿＿＿＿＿＿
＿＿＿＿＿＿＿＿＿＿
＿＿＿＿＿＿＿＿＿＿
＿＿＿＿＿＿＿＿＿＿
＿＿＿＿＿＿＿＿＿＿
＿＿＿＿＿＿＿＿＿＿
＿＿＿■■■■□＿＿
＿＿□＿＿＿□□＿＿
□□□□□□□□□＿
□□□□＿□□□□□
□□□□□□□□□＿
□□□□□□□□□＿
□□□□＿□□□□□
□□□□□□□＿□□
01:11:19(128384f):field(128383f)
＿＿＿＿＿＿＿＿＿＿
＿＿＿＿＿＿＿＿＿＿
＿＿＿＿＿＿＿＿＿＿
＿＿＿＿＿＿＿＿＿＿
＿＿＿＿＿＿＿＿＿＿
＿＿＿＿＿＿＿＿＿＿
＿＿＿＿＿＿＿＿＿＿
＿＿＿＿＿＿＿＿＿＿
＿＿＿＿＿＿＿＿＿＿
＿＿＿＿＿＿＿＿＿＿
＿＿＿＿＿＿＿＿＿＿
＿＿＿＿＿＿＿＿＿＿
＿■■□□□□□＿＿
■■□＿＿＿□□＿＿
□□□□□□□□□＿
□□□□＿□□□□□
□□□□□□□□□＿
□□□□□□□□□＿
□□□□＿□□□□□
□□□□□□□＿□□
01:11:19(128399f):field(128398f)
＿＿＿＿＿＿＿＿＿＿
＿＿＿＿＿＿＿＿＿＿
＿＿＿＿＿＿＿＿＿＿
＿＿＿＿＿＿＿＿＿＿
＿＿＿＿＿＿＿＿＿＿
＿＿＿＿＿＿＿＿＿＿
＿＿＿＿＿＿＿＿＿＿
＿＿＿＿＿＿＿＿＿＿
＿＿＿＿＿＿＿＿＿＿
＿＿＿＿＿＿＿＿＿＿
＿＿＿＿＿＿＿＿＿＿
＿＿＿＿＿＿＿＿■＿
＿□□□□□□□■■
□□□＿＿＿□□■＿
□□□□□□□□□＿
□□□□＿□□□□□
□□□□□□□□□＿
□□□□□□□□□＿
□□□□＿□□□□□
□□□□□□□＿□□
01:11:20(128410f):field(128409f)
＿＿＿＿＿＿＿＿＿＿
＿＿＿＿＿＿＿＿＿＿
＿＿＿＿＿＿＿＿＿＿
＿＿＿＿＿＿＿＿＿＿
＿＿＿＿＿＿＿＿＿＿
＿＿＿＿＿＿＿＿＿＿
＿＿＿＿＿＿＿＿＿＿
＿＿＿＿＿＿＿＿＿＿
＿＿＿＿＿＿＿＿＿＿
＿＿＿＿＿＿＿＿＿＿
＿＿＿＿＿＿＿＿＿＿
＿■＿＿＿＿■＿◆■
■□□◆◆◆◆□□◆
□□□＿＿＿□□□■
□□□□□□□□□＿
□□□□＿□□□□□
□□□□□□□□□＿
□□□□□□□□□＿
□□□□＿□□□□□
□□□□□□□＿□□
01:11:20(128423f):field(128422f)
＿＿＿＿＿＿＿＿＿＿
＿＿＿＿＿＿＿＿＿＿
＿＿＿＿＿＿＿＿＿＿
＿＿＿＿＿＿＿＿＿＿
＿＿＿＿＿＿＿＿＿＿
＿＿＿＿＿＿＿＿＿＿
＿＿＿＿＿＿＿＿＿＿
＿＿＿＿＿＿＿＿＿＿
＿＿＿＿＿＿＿＿＿＿
＿＿＿＿＿＿＿＿＿＿
＿＿＿＿＿＿＿＿＿＿
＿◆＿＿＿＿◆＿＿◆
□□□■■＿＿◆□＿
□□□■■＿□□□◆
□□□□□□□□□＿
□□□□＿□□□□□
□□□□□□□□□＿
□□□□□□□□□＿
□□□□＿□□□□□
□□□□□□□＿□□
01:11:21(128437f):field(128436f)
＿＿＿＿＿＿＿＿＿＿
＿＿＿＿＿＿＿＿＿＿
＿＿＿＿＿＿＿＿＿＿
＿＿＿＿＿＿＿＿＿＿
＿＿＿＿＿＿＿＿＿＿
＿＿＿＿＿＿＿＿＿＿
＿＿＿＿＿＿＿＿＿＿
＿＿＿＿＿＿＿＿＿＿
＿＿＿＿＿＿＿＿＿＿
＿＿＿＿＿＿＿＿＿＿
■＿＿＿＿＿＿＿＿＿
■■■＿＿＿＿＿＿＿
□□□□□＿＿＿□＿
□□□□□＿□□□＿
□□□□□□□□□＿
□□□□＿□□□□□
□□□□□□□□□＿
□□□□□□□□□＿
□□□□＿□□□□□
□□□□□□□＿□□
01:11:21(128449f):field(128448f)
＿＿＿＿＿＿＿＿＿＿
＿＿＿＿＿＿＿＿＿＿
＿＿＿＿＿＿＿＿＿＿
＿＿＿＿＿＿＿＿＿＿
＿＿＿＿＿＿＿＿＿＿
＿＿＿＿＿＿＿＿＿＿
＿＿＿＿＿＿＿＿＿＿
＿＿＿＿＿＿＿＿＿＿
＿＿＿＿＿＿＿＿＿＿
＿＿＿＿＿＿＿＿＿＿
□＿＿＿＿■＿＿＿＿
□□□＿＿■＿＿＿＿
□□□□□■＿＿□＿
□□□□□■□□□＿
□□□□□□□□□＿
□□□□＿□□□□□
□□□□□□□□□＿
□□□□□□□□□＿
□□□□＿□□□□□
□□□□□□□＿□□
01:11:21(128459f):field(128458f)
＿＿＿＿＿＿＿＿＿＿
＿＿＿＿＿＿＿＿＿＿
＿＿＿＿＿＿＿＿＿＿
＿＿＿＿＿＿＿＿＿＿
＿＿＿＿＿＿＿＿＿＿
＿＿＿＿＿＿＿＿＿＿
＿＿＿＿＿＿＿＿＿＿
＿＿＿＿＿＿＿＿＿＿
＿＿＿＿＿＿＿＿＿＿
＿＿＿＿＿＿＿＿＿＿
□＿■■＿□＿＿＿＿
□□□■■□＿＿＿＿
□□□□□□＿＿□＿
□□□□□□□□□＿
□□□□□□□□□＿
□□□□＿□□□□□
□□□□□□□□□＿
□□□□□□□□□＿
□□□□＿□□□□□
□□□□□□□＿□□
01:11:22(128472f):field(128471f)
＿＿＿＿＿＿＿＿＿＿
＿＿＿＿＿＿＿＿＿＿
＿＿＿＿＿＿＿＿＿＿
＿＿＿＿＿＿＿＿＿＿
＿＿＿＿＿＿＿＿＿＿
＿＿＿＿＿＿＿＿＿＿
＿＿＿＿＿＿＿＿＿＿
＿＿＿＿＿＿＿＿＿＿
＿＿＿＿＿＿＿＿＿＿
＿＿＿＿＿＿＿＿＿＿
□＿◆◆＿□＿＿■＿
□◆□□◆□■■＿■
□□□□□□＿＿□＿
□□□□□□□□□＿
□□□□□□□□□＿
□□□□＿□□□□□
□□□□□□□□□＿
□□□□□□□□□＿
□□□□＿□□□□□
□□□□□□□＿□□
01:11:22(128484f):field(128483f)
＿＿＿＿＿＿＿＿＿＿
＿＿＿＿＿＿＿＿＿＿
＿＿＿＿＿＿＿＿＿＿
＿＿＿＿＿＿＿＿＿＿
＿＿＿＿＿＿＿＿＿＿
＿＿＿＿＿＿＿＿＿＿
＿＿＿＿＿＿＿＿＿＿
＿＿＿＿＿＿＿＿＿＿
＿＿＿＿＿＿＿＿＿＿
■＿＿＿＿＿＿＿＿＿
□■＿＿＿◆＿＿◆＿
□■□□＿□◆◆＿◆
□□□□□□＿＿□＿
□□□□□□□□□＿
□□□□□□□□□＿
□□□□＿□□□□□
□□□□□□□□□＿
□□□□□□□□□＿
□□□□＿□□□□□
□□□□□□□＿□□
01:11:23(128496f):field(128495f)
＿＿＿＿＿＿＿＿＿＿
＿＿＿＿＿＿＿＿＿＿
＿＿＿＿＿＿＿＿＿＿
＿＿＿＿＿＿＿＿＿＿
＿＿＿＿＿＿＿＿＿＿
＿＿＿＿＿＿＿＿＿＿
＿＿＿＿＿＿＿＿＿＿
＿＿＿＿＿＿＿＿＿＿
＿＿＿＿＿＿＿＿＿＿
□＿＿＿＿＿＿＿＿＿
□□＿＿＿＿＿＿＿＿
□□□□＿□■■＿＿
□□□□□□■■□＿
□□□□□□□□□＿
□□□□□□□□□＿
□□□□＿□□□□□
□□□□□□□□□＿
□□□□□□□□□＿
□□□□＿□□□□□
□□□□□□□＿□□
01:11:23(128507f):field(128506f)
＿＿＿＿＿＿＿＿＿＿
＿＿＿＿＿＿＿＿＿＿
＿＿＿＿＿＿＿＿＿＿
＿＿＿＿＿＿＿＿＿＿
＿＿＿＿＿＿＿＿＿＿
＿＿＿＿＿＿＿＿＿＿
＿＿＿＿＿＿＿＿＿＿
＿＿＿＿＿＿＿＿＿＿
＿＿＿＿＿＿＿＿＿＿
□＿＿■＿＿＿＿＿＿
□□＿■■＿＿＿＿＿
□□□□■□□□＿＿
□□□□□□□□□＿
□□□□□□□□□＿
□□□□□□□□□＿
□□□□＿□□□□□
□□□□□□□□□＿
□□□□□□□□□＿
□□□□＿□□□□□
□□□□□□□＿□□
01:11:23(128519f):field(128518f)
＿＿＿＿＿＿＿＿＿＿
＿＿＿＿＿＿＿＿＿＿
＿＿＿＿＿＿＿＿＿＿
＿＿＿＿＿＿＿＿＿＿
＿＿＿＿＿＿＿＿＿＿
＿＿＿＿＿＿＿＿＿＿
＿＿＿＿＿＿＿＿＿＿
＿＿＿＿＿＿＿＿＿＿
＿＿＿＿＿＿＿＿＿＿
□＿＿□■■＿＿＿＿
□□＿□□■■＿＿＿
□□□□□□□□＿＿
□□□□□□□□□＿
□□□□□□□□□＿
□□□□□□□□□＿
□□□□＿□□□□□
□□□□□□□□□＿
□□□□□□□□□＿
□□□□＿□□□□□
□□□□□□□＿□□
01:11:24(128531f):field(128530f)
＿＿＿＿＿＿＿＿＿＿
＿＿＿＿＿＿＿＿＿＿
＿＿＿＿＿＿＿＿＿＿
＿＿＿＿＿＿＿＿＿＿
＿＿＿＿＿＿＿＿＿＿
＿＿＿＿＿＿＿＿＿＿
＿＿＿＿＿＿＿＿＿＿
＿＿＿＿＿＿＿＿＿＿
＿＿＿＿＿＿＿＿＿＿
◆＿＿◆◆◆＿＿＿＿
◆◆＿◆◆◆◆＿＿＿
◆◆□◆◆□◆◆＿＿
□◆◆□□□□□◆＿
□□◆□□□□□◆■
□□□□□□□□◆■
□□□□＿□□□□□
□□□□□□□□□＿
□□□□□□□□□＿
□□□□＿□□□□□
□□□□□□□＿□□
01:11:24(128544f):field(128543f)
＿＿＿＿＿＿＿＿＿＿
＿＿＿＿＿＿＿＿＿＿
＿＿＿＿＿＿＿＿＿＿
＿＿＿＿＿＿＿＿＿＿
＿＿＿＿＿＿＿＿＿＿
＿＿＿＿＿＿＿＿＿＿
＿＿＿＿＿＿＿＿＿＿
＿＿＿＿＿＿＿＿＿＿
＿＿＿＿＿＿＿＿＿＿
＿＿＿＿＿＿＿＿＿＿
＿＿＿＿＿＿＿＿＿＿
＿＿◆＿＿◆＿＿＿＿
◆＿＿◆◆◆◆◆＿＿
□◆＿□□□◆◆＿◆
□□◆□□□□□■□
□□□□■□□□□□
□□□□□□□□□＿
□□□□□□□□□＿
□□□□＿□□□□□
□□□□□□□＿□□
01:11:25(128555f):field(128554f)
＿＿＿＿＿＿＿＿＿＿
＿＿＿＿＿＿＿＿＿＿
＿＿＿＿＿＿＿＿＿＿
＿＿＿＿＿＿＿＿＿＿
＿＿＿＿＿＿＿＿＿＿
＿＿＿＿＿＿＿＿＿＿
＿＿＿＿＿＿＿＿＿＿
＿＿＿＿＿＿＿＿＿＿
＿＿＿＿＿＿＿＿＿＿
＿＿＿＿＿＿＿＿＿＿
＿＿＿＿＿＿＿＿＿＿
＿＿＿＿＿＿＿＿＿＿
＿＿＿＿＿＿＿＿＿■
□＿＿□□□＿■■■
□□＿□□□□□□□
□□□□◆□□□□□
□□□□□□□□□＿
□□□□□□□□□＿
□□□□＿□□□□□
□□□□□□□＿□□
01:11:25(128567f):field(128566f)
＿＿＿＿＿＿＿＿＿＿
＿＿＿＿＿＿＿＿＿＿
＿＿＿＿＿＿＿＿＿＿
＿＿＿＿＿＿＿＿＿＿
＿＿＿＿＿＿＿＿＿＿
＿＿＿＿＿＿＿＿＿＿
＿＿＿＿＿＿＿＿＿＿
＿＿＿＿＿＿＿＿＿＿
＿＿＿＿＿＿＿＿＿＿
＿＿＿＿＿＿＿＿＿＿
＿＿＿＿＿＿＿＿＿＿
＿＿＿＿＿＿＿＿＿＿
＿＿＿＿＿＿＿＿＿◆
◆■＿◆◆◆＿◆◆□
□□■□□□◆□□□
□□□□＿□□□□□
□□□□□□□□□＿
□□□□□□□□□＿
□□□□＿□□□□□
□□□□□□□＿□□
01:11:25(128578f):field(128577f)
＿＿＿＿＿＿＿＿＿＿
＿＿＿＿＿＿＿＿＿＿
＿＿＿＿＿＿＿＿＿＿
＿＿＿＿＿＿＿＿＿＿
＿＿＿＿＿＿＿＿＿＿
＿＿＿＿＿＿＿＿＿＿
＿＿＿＿＿＿＿＿＿＿
＿＿＿＿＿＿＿＿＿＿
＿＿＿＿＿＿＿＿＿＿
＿＿＿＿＿＿＿＿＿＿
＿＿＿＿＿＿＿＿＿＿
＿＿＿＿＿＿＿＿＿＿
＿＿＿＿＿＿＿＿＿＿
＿◆＿＿＿＿■■＿□
◆□◆◆◆◆■□◆□
□□□□＿□□□□□
□□□□□□□□□＿
□□□□□□□□□＿
□□□□＿□□□□□
□□□□□□□＿□□
01:11:26(128594f):field(128593f)
＿＿＿＿＿＿＿＿＿＿
＿＿＿＿＿＿＿＿＿＿
＿＿＿＿＿＿＿＿＿＿
＿＿＿＿＿＿＿＿＿＿
＿＿＿＿＿＿＿＿＿＿
＿＿＿＿＿＿＿＿＿＿
＿＿＿＿＿＿＿＿＿＿
＿＿＿＿＿＿＿＿＿＿
＿＿＿＿＿＿＿＿＿＿
＿＿＿＿＿＿＿＿＿＿
＿＿＿＿＿＿＿＿＿＿
＿＿＿＿＿＿＿＿＿＿
＿＿＿＿＿＿＿＿＿＿
＿＿■■＿＿◆□＿◆
＿□■■＿＿□□＿□
□□□□＿□□□□□
□□□□□□□□□＿
□□□□□□□□□＿
□□□□＿□□□□□
□□□□□□□＿□□
01:11:26(128605f):field(128604f)
＿＿＿＿＿＿＿＿＿＿
＿＿＿＿＿＿＿＿＿＿
＿＿＿＿＿＿＿＿＿＿
＿＿＿＿＿＿＿＿＿＿
＿＿＿＿＿＿＿＿＿＿
＿＿＿＿＿＿＿＿＿＿
＿＿＿＿＿＿＿＿＿＿
＿＿＿＿＿＿＿＿＿＿
＿＿＿＿＿＿＿＿＿＿
＿＿＿＿＿＿＿＿＿＿
＿＿＿＿＿＿＿＿＿＿
＿＿＿＿＿＿＿＿＿＿
＿＿＿＿＿＿＿＿＿＿
＿＿◆◆＿＿＿◆＿＿
＿◆□□■■◆□＿◆
◆□□□■◆□□◆□
□□□□□□□□□＿
□□□□□□□□□＿
□□□□＿□□□□□
□□□□□□□＿□□
01:11:27(128625f):field(128624f)
＿＿＿＿＿＿＿＿＿＿
＿＿＿＿＿＿＿＿＿＿
＿＿＿＿＿＿＿＿＿＿
＿＿＿＿＿＿＿＿＿＿
＿＿＿＿＿＿＿＿＿＿
＿＿＿＿＿＿＿＿＿＿
＿＿＿＿＿＿＿＿＿＿
＿＿＿＿＿＿＿＿＿＿
＿＿＿＿＿＿＿＿＿＿
＿＿＿＿＿＿＿＿＿＿
＿＿＿＿＿＿＿＿＿＿
＿＿＿＿＿＿＿＿＿＿
＿＿＿＿＿＿＿＿■＿
＿＿＿＿＿＿＿＿■＿
＿＿□□□□＿□■＿
＿□□□□＿□□■□
□□□□□□□□□＿
□□□□□□□□□＿
□□□□＿□□□□□
□□□□□□□＿□□
01:11:27(128637f):field(128636f)
＿＿＿＿＿＿＿＿＿＿
＿＿＿＿＿＿＿＿＿＿
＿＿＿＿＿＿＿＿＿＿
＿＿＿＿＿＿＿＿＿＿
＿＿＿＿＿＿＿＿＿＿
＿＿＿＿＿＿＿＿＿＿
＿＿＿＿＿＿＿＿＿＿
＿＿＿＿＿＿＿＿＿＿
＿＿＿＿＿＿＿＿＿＿
＿＿＿＿＿＿＿＿＿＿
＿＿＿＿＿＿＿＿＿＿
＿＿＿＿＿＿＿＿＿＿
＿＿＿＿＿■＿＿□＿
＿＿＿＿＿■■＿□＿
＿＿□□□□■□□＿
＿□□□□＿□□□□
□□□□□□□□□＿
□□□□□□□□□＿
□□□□＿□□□□□
□□□□□□□＿□□
01:11:28(128651f):field(128650f)
＿＿＿＿＿＿＿＿＿＿
＿＿＿＿＿＿＿＿＿＿
＿＿＿＿＿＿＿＿＿＿
＿＿＿＿＿＿＿＿＿＿
＿＿＿＿＿＿＿＿＿＿
＿＿＿＿＿＿＿＿＿＿
＿＿＿＿＿＿＿＿＿＿
＿＿＿＿＿＿＿＿＿＿
＿＿＿＿＿＿＿＿＿＿
＿＿＿＿＿＿＿＿＿＿
＿＿＿＿＿＿＿＿＿＿
＿＿＿＿＿＿＿＿＿＿
＿＿＿＿＿□＿＿□＿
＿■＿＿＿□□＿□＿
■■□□□□□□□＿
■□□□□＿□□□□
□□□□□□□□□＿
□□□□□□□□□＿
□□□□＿□□□□□
□□□□□□□＿□□
01:11:28(128664f):field(128663f)
＿＿＿＿＿＿＿＿＿＿
＿＿＿＿＿＿＿＿＿＿
＿＿＿＿＿＿＿＿＿＿
＿＿＿＿＿＿＿＿＿＿
＿＿＿＿＿＿＿＿＿＿
＿＿＿＿＿＿＿＿＿＿
＿＿＿＿＿＿＿＿＿＿
＿＿＿＿＿＿＿＿＿＿
＿＿＿＿＿＿＿＿＿＿
＿＿＿＿＿＿＿＿＿＿
＿＿＿＿＿＿＿＿＿＿
＿＿＿＿＿＿＿＿＿＿
＿＿＿＿■□＿＿□＿
＿□■■■□□＿□＿
□□□□□□□□□＿
□□□□□＿□□□□
□□□□□□□□□＿
□□□□□□□□□＿
□□□□＿□□□□□
□□□□□□□＿□□
01:11:29(128681f):field(128680f)
＿＿＿＿＿＿＿＿＿＿
＿＿＿＿＿＿＿＿＿＿
＿＿＿＿＿＿＿＿＿＿
＿＿＿＿＿＿＿＿＿＿
＿＿＿＿＿＿＿＿＿＿
＿＿＿＿＿＿＿＿＿＿
＿＿＿＿＿＿＿＿＿＿
＿＿＿＿＿＿＿＿＿＿
＿＿＿＿＿＿＿＿＿＿
＿＿＿＿＿＿＿＿＿＿
＿＿＿＿＿＿＿＿＿＿
＿＿＿＿＿＿＿■■＿
＿＿＿＿□□＿■□＿
＿□□□□□□■□＿
□□□□□□□□□＿
□□□□□＿□□□□
□□□□□□□□□＿
□□□□□□□□□＿
□□□□＿□□□□□
□□□□□□□＿□□
01:11:29(128693f):field(128692f)
＿＿＿＿＿＿＿＿＿＿
＿＿＿＿＿＿＿＿＿＿
＿＿＿＿＿＿＿＿＿＿
＿＿＿＿＿＿＿＿＿＿
＿＿＿＿＿＿＿＿＿＿
＿＿＿＿＿＿＿＿＿＿
＿＿＿＿＿＿＿＿＿＿
＿＿＿＿＿＿＿＿＿＿
＿＿＿＿＿＿＿＿＿＿
＿＿＿＿＿＿＿＿＿＿
＿＿＿＿＿＿＿＿＿＿
■＿＿＿＿＿＿□□＿
■■＿＿□□＿□□＿
■□□□□□□□□＿
□□□□□□□□□＿
□□□□□＿□□□□
□□□□□□□□□＿
□□□□□□□□□＿
□□□□＿□□□□□
□□□□□□□＿□□
01:11:30(128704f):field(128703f)
＿＿＿＿＿＿＿＿＿＿
＿＿＿＿＿＿＿＿＿＿
＿＿＿＿＿＿＿＿＿＿
＿＿＿＿＿＿＿＿＿＿
＿＿＿＿＿＿＿＿＿＿
＿＿＿＿＿＿＿＿＿＿
＿＿＿＿＿＿＿＿＿＿
＿＿＿＿＿＿＿＿＿＿
＿＿＿＿＿＿＿＿＿＿
＿＿＿＿＿＿＿＿＿＿
＿＿＿＿＿＿＿＿＿＿
□＿■■＿＿＿□□＿
□□■■□□＿□□＿
□□□□□□□□□＿
□□□□□□□□□＿
□□□□□＿□□□□
□□□□□□□□□＿
□□□□□□□□□＿
□□□□＿□□□□□
□□□□□□□＿□□
01:11:30(128717f):field(128716f)
＿＿＿＿＿＿＿＿＿＿
＿＿＿＿＿＿＿＿＿＿
＿＿＿＿＿＿＿＿＿＿
＿＿＿＿＿＿＿＿＿＿
＿＿＿＿＿＿＿＿＿＿
＿＿＿＿＿＿＿＿＿＿
＿＿＿＿＿＿＿＿＿＿
＿＿＿＿＿＿＿＿＿＿
＿＿＿＿＿＿＿＿＿＿
＿＿＿＿＿＿■＿＿＿
＿＿＿＿＿＿■＿＿＿
□＿□□＿＿■□□＿
□□□□□□■□□＿
□□□□□□□□□＿
□□□□□□□□□＿
□□□□□＿□□□□
□□□□□□□□□＿
□□□□□□□□□＿
□□□□＿□□□□□
□□□□□□□＿□□
01:11:31(128730f):field(128729f)
＿＿＿＿＿＿＿＿＿＿
＿＿＿＿＿＿＿＿＿＿
＿＿＿＿＿＿＿＿＿＿
＿＿＿＿＿＿＿＿＿＿
＿＿＿＿＿＿＿＿＿＿
＿＿＿＿＿＿＿＿＿＿
＿＿＿＿＿＿＿＿＿＿
＿＿＿＿＿＿＿＿＿＿
＿＿＿＿＿＿＿＿＿＿
＿＿＿＿■＿□＿＿＿
＿＿＿＿■＿□＿＿＿
□＿□□■■□□□＿
□□□□□□□□□＿
□□□□□□□□□＿
□□□□□□□□□＿
□□□□□＿□□□□
□□□□□□□□□＿
□□□□□□□□□＿
□□□□＿□□□□□
□□□□□□□＿□□
01:11:31(128742f):field(128741f)
＿＿＿＿＿＿＿＿＿＿
＿＿＿＿＿＿＿＿＿＿
＿＿＿＿＿＿＿＿＿＿
＿＿＿＿＿＿＿＿＿＿
＿＿＿＿＿＿＿＿＿＿
＿＿＿＿＿＿＿＿＿＿
＿＿＿＿＿＿＿＿＿＿
＿＿＿＿＿＿＿＿＿＿
＿＿＿＿＿＿＿＿＿＿
■＿＿＿□＿□＿＿＿
■■＿＿□＿□＿＿＿
□■□□□□□□□＿
□□□□□□□□□＿
□□□□□□□□□＿
□□□□□□□□□＿
□□□□□＿□□□□
□□□□□□□□□＿
□□□□□□□□□＿
□□□□＿□□□□□
□□□□□□□＿□□
01:11:31(128754f):field(128753f)
＿＿＿＿＿＿＿＿＿＿
＿＿＿＿＿＿＿＿＿＿
＿＿＿＿＿＿＿＿＿＿
＿＿＿＿＿＿＿＿＿＿
＿＿＿＿＿＿＿＿＿＿
＿＿＿＿＿＿＿＿＿＿
＿＿＿＿＿＿＿＿＿＿
＿＿＿＿＿＿＿＿＿＿
＿＿＿＿＿■■＿＿＿
□＿＿＿□■□＿＿＿
□□＿＿□■□＿＿＿
□□□□□□□□□＿
□□□□□□□□□＿
□□□□□□□□□＿
□□□□□□□□□＿
□□□□□＿□□□□
□□□□□□□□□＿
□□□□□□□□□＿
□□□□＿□□□□□
□□□□□□□＿□□
01:11:32(128768f):field(128767f)
＿＿＿＿＿＿＿＿＿＿
＿＿＿＿＿＿＿＿＿＿
＿＿＿＿＿＿＿＿＿＿
＿＿＿＿＿＿＿＿＿＿
＿＿＿＿＿＿＿＿＿＿
＿＿＿＿＿＿＿＿＿＿
＿＿＿＿＿＿＿＿＿＿
＿＿＿＿＿＿＿＿＿＿
＿＿＿＿＿□□＿＿＿
□■■＿□□□＿＿＿
□□■■□□□＿＿＿
□□□□□□□□□＿
□□□□□□□□□＿
□□□□□□□□□＿
□□□□□□□□□＿
□□□□□＿□□□□
□□□□□□□□□＿
□□□□□□□□□＿
□□□□＿□□□□□
□□□□□□□＿□□
01:11:32(128784f):field(128783f)
＿＿＿＿＿＿＿＿＿＿
＿＿＿＿＿＿＿＿＿＿
＿＿＿＿＿＿＿＿＿＿
＿＿＿＿＿＿＿＿＿＿
＿＿＿＿＿＿＿＿＿＿
＿＿＿＿＿＿＿＿＿＿
＿＿＿＿＿＿＿＿＿＿
＿＿＿＿＿＿＿＿＿＿
＿＿＿＿＿□□■＿＿
□□□＿□□□■＿＿
□□□□□□□■■＿
□□□□□□□□□＿
□□□□□□□□□＿
□□□□□□□□□＿
□□□□□□□□□＿
□□□□□＿□□□□
□□□□□□□□□＿
□□□□□□□□□＿
□□□□＿□□□□□
□□□□□□□＿□□
01:11:33(128795f):field(128794f)
＿＿＿＿＿＿＿＿＿＿
＿＿＿＿＿＿＿＿＿＿
＿＿＿＿＿＿＿＿＿＿
＿＿＿＿＿＿＿＿＿＿
＿＿＿＿＿＿＿＿＿＿
＿＿＿＿＿＿＿＿＿＿
＿＿＿＿＿＿＿＿＿＿
＿＿＿＿＿＿＿＿＿＿
＿＿＿＿＿◆◆◆＿＿
◆◆◆＿◆◆◆◆＿＿
◆◆◆◆◆◆◆◆◆＿
□□□◆◆◆◆◆□■
□□□◆◆□□□□＿
□□□□□□□□□■
□□□□□□□□□＿
□□□□□■□□□□
□□□□□□□□□＿
□□□□□□□□□＿
□□□□＿□□□□□
□□□□□□□＿□□
01:11:33(128809f):field(128808f)
＿＿＿＿＿＿＿＿＿＿
＿＿＿＿＿＿＿＿＿＿
＿＿＿＿＿＿＿＿＿＿
＿＿＿＿＿＿＿＿＿＿
＿＿＿＿＿＿＿＿＿＿
＿＿＿＿＿＿＿＿＿＿
＿＿＿＿＿＿＿＿＿＿
＿＿＿＿＿＿＿＿＿＿
＿＿＿＿＿＿＿＿＿＿
＿＿＿＿＿＿＿＿＿＿
＿＿＿＿＿＿＿＿＿＿
◆◆◆＿＿＿＿＿◆◆
◆◆□■■□□□◆＿
□□□□□□□□◆◆
□□□□□□□□□＿
□□□□□□□□□□
□□□□□□□□□＿
□□□□□□□□□＿
□□□□＿□□□□□
□□□□□□□＿□□
01:11:34(128821f):field(128820f)
＿＿＿＿＿＿＿＿＿＿
＿＿＿＿＿＿＿＿＿＿
＿＿＿＿＿＿＿＿＿＿
＿＿＿＿＿＿＿＿＿＿
＿＿＿＿＿＿＿＿＿＿
＿＿＿＿＿＿＿＿＿＿
＿＿＿＿＿＿＿＿＿＿
＿＿＿＿＿＿＿＿＿＿
＿＿＿＿＿＿＿＿＿＿
＿＿＿＿＿＿＿＿＿＿
＿＿＿＿＿＿＿＿＿＿
＿■■＿＿＿＿＿＿＿
■■□□□□□□＿＿
□□□□□□□□＿＿
□□□□□□□□□＿
□□□□□◆□□□□
□□□□□□□□□＿
□□□□□□□□□＿
□□□□＿□□□□□
□□□□□□□＿□□
01:11:34(128834f):field(128833f)
＿＿＿＿＿＿＿＿＿＿
＿＿＿＿＿＿＿＿＿＿
＿＿＿＿＿＿＿＿＿＿
＿＿＿＿＿＿＿＿＿＿
＿＿＿＿＿＿＿＿＿＿
＿＿＿＿＿＿＿＿＿＿
＿＿＿＿＿＿＿＿＿＿
＿＿＿＿＿＿＿＿＿＿
＿＿＿＿＿＿＿＿＿＿
＿＿＿＿＿＿＿＿＿＿
＿＿＿＿＿＿＿＿＿＿
＿◆◆＿＿＿＿＿＿＿
◆□□◆□□□◆＿■
□□□□□□□□＿■
□□□□□□□□□＿
□□□□□＿□□□□
□□□□□□□□□＿
□□□□□□□□□＿
□□□□＿□□□□□
□□□□□□□＿□□
01:11:34(128844f):field(128843f)
＿＿＿＿＿＿＿＿＿＿
＿＿＿＿＿＿＿＿＿＿
＿＿＿＿＿＿＿＿＿＿
＿＿＿＿＿＿＿＿＿＿
＿＿＿＿＿＿＿＿＿＿
＿＿＿＿＿＿＿＿＿＿
＿＿＿＿＿＿＿＿＿＿
＿＿＿＿＿＿＿＿＿＿
＿＿＿＿＿＿＿＿＿＿
＿＿＿＿＿＿＿＿＿＿
＿＿＿＿＿＿＿＿＿＿
＿＿＿＿＿■＿＿＿＿
＿□□■□□◆＿＿□
□□□□□□□□＿□
□□□□□□□□□＿
□□□□□＿□□□□
□□□□□□□□□＿
□□□□□□□□□＿
□□□□＿□□□□□
□□□□□□□＿□□
01:11:35(128856f):field(128855f)
＿＿＿＿＿＿＿＿＿＿
＿＿＿＿＿＿＿＿＿＿
＿＿＿＿＿＿＿＿＿＿
＿＿＿＿＿＿＿＿＿＿
＿＿＿＿＿＿＿＿＿＿
＿＿＿＿＿＿＿＿＿＿
＿＿＿＿＿＿＿＿＿＿
＿＿＿＿＿＿＿＿＿＿
＿＿＿＿＿＿＿＿＿＿
＿＿＿＿＿＿＿＿＿＿
＿＿＿■■＿＿＿＿＿
＿＿＿■■□＿＿＿＿
＿□□□□□＿＿＿□
□□□□□□□□＿□
□□□□□□□□□＿
□□□□□＿□□□□
□□□□□□□□□＿
□□□□□□□□□＿
□□□□＿□□□□□
□□□□□□□＿□□
01:11:35(128868f):field(128867f)
＿＿＿＿＿＿＿＿＿＿
＿＿＿＿＿＿＿＿＿＿
＿＿＿＿＿＿＿＿＿＿
＿＿＿＿＿＿＿＿＿＿
＿＿＿＿＿＿＿＿＿＿
＿＿＿＿＿＿＿＿＿＿
＿＿＿＿＿＿＿＿＿＿
＿＿＿＿＿＿＿＿＿＿
＿＿＿＿＿＿＿＿＿＿
＿＿＿＿＿＿＿＿＿＿
■＿＿□□＿＿＿＿＿
■■＿□□□＿＿＿＿
■□□□□□＿＿＿□
□□□□□□□□＿□
□□□□□□□□□＿
□□□□□＿□□□□
□□□□□□□□□＿
□□□□□□□□□＿
□□□□＿□□□□□
□□□□□□□＿□□
01:11:36(128883f):field(128882f)
＿＿＿＿＿＿＿＿＿＿
＿＿＿＿＿＿＿＿＿＿
＿＿＿＿＿＿＿＿＿＿
＿＿＿＿＿＿＿＿＿＿
＿＿＿＿＿＿＿＿＿＿
＿＿＿＿＿＿＿＿＿＿
＿＿＿＿＿＿＿＿＿＿
＿＿＿＿＿＿＿＿＿＿
＿＿＿＿＿＿＿＿＿＿
＿■＿＿＿＿＿＿＿＿
□■■□□＿＿＿＿＿
□□■□□□＿＿＿＿
□□□□□□＿＿＿□
□□□□□□□□＿□
□□□□□□□□□＿
□□□□□＿□□□□
□□□□□□□□□＿
□□□□□□□□□＿
□□□□＿□□□□□
□□□□□□□＿□□
01:11:37(128910f):field(128909f)
＿＿＿＿＿＿＿＿＿＿
＿＿＿＿＿＿＿＿＿＿
＿＿＿＿＿＿＿＿＿＿
＿＿＿＿＿＿＿＿＿＿
＿＿＿＿＿＿＿＿＿＿
＿＿＿＿＿＿＿＿＿＿
＿＿＿＿＿＿＿＿＿＿
＿＿＿＿＿＿＿＿＿＿
＿■■＿＿＿＿＿＿＿
＿□■■＿＿＿＿＿＿
□□□□□＿＿＿＿＿
□□□□□□■■■＿
□□□□□□■＿＿□
□□□□□□□□＿□
□□□□□□□□□＿
□□□□□＿□□□□
□□□□□□□□□＿
□□□□□□□□□＿
□□□□＿□□□□□
□□□□□□□＿□□
01:11:37(128923f):field(128922f)
＿＿＿＿＿＿＿＿＿＿
＿＿＿＿＿＿＿＿＿＿
＿＿＿＿＿＿＿＿＿＿
＿＿＿＿＿＿＿＿＿＿
＿＿＿＿＿＿＿＿＿＿
＿＿＿＿＿＿＿＿＿＿
＿＿＿＿＿＿＿＿＿＿
＿＿＿＿＿＿＿＿＿＿
＿◆◆＿＿＿＿＿＿＿
＿□□◆＿＿＿＿＿＿
□□□□◆＿＿＿■■
□□□□□◆□□◆■
□□□□□□□＿＿□
□□□□□□□□＿□
□□□□□□□□□＿
□□□□□＿□□□□
□□□□□□□□□＿
□□□□□□□□□＿
□□□□＿□□□□□
□□□□□□□＿□□
01:11:37(128936f):field(128935f)
＿＿＿＿＿＿＿＿＿＿
＿＿＿＿＿＿＿＿＿＿
＿＿＿＿＿＿＿＿＿＿
＿＿＿＿＿＿＿＿＿＿
＿＿＿＿＿＿＿＿＿＿
＿＿＿＿＿＿＿＿＿＿
＿＿＿＿＿＿＿＿＿＿
＿＿＿＿＿＿＿＿＿＿
＿＿＿＿＿＿＿＿＿＿
＿□□＿＿＿＿＿＿＿
◆□□□＿＿■＿□□
□□□□□＿□□■□
□□□□□□□＿＿□
□□□□□□□□＿□
□□□□□□□□□＿
□□□□□＿□□□□
□□□□□□□□□＿
□□□□□□□□□＿
□□□□＿□□□□□
□□□□□□□＿□□
01:11:38(128948f):field(128947f)
＿＿＿＿＿＿＿＿＿＿
＿＿＿＿＿＿＿＿＿＿
＿＿＿＿＿＿＿＿＿＿
＿＿＿＿＿＿＿＿＿＿
＿＿＿＿＿＿＿＿＿＿
＿＿＿＿＿＿＿＿＿＿
＿＿＿＿＿＿＿＿＿＿
＿＿＿＿＿＿＿＿＿＿
＿＿＿＿＿＿＿＿＿＿
＿□□＿■■＿＿＿＿
＿□□□■■□＿□□
□□□□□＿□□□□
□□□□□□□＿＿□
□□□□□□□□＿□
□□□□□□□□□＿
□□□□□＿□□□□
□□□□□□□□□＿
□□□□□□□□□＿
□□□□＿□□□□□
□□□□□□□＿□□
01:11:38(128960f):field(128959f)
＿＿＿＿＿＿＿＿＿＿
＿＿＿＿＿＿＿＿＿＿
＿＿＿＿＿＿＿＿＿＿
＿＿＿＿＿＿＿＿＿＿
＿＿＿＿＿＿＿＿＿＿
＿＿＿＿＿＿＿＿＿＿
＿＿＿＿＿＿＿＿＿＿
＿＿＿＿＿＿＿＿＿＿
＿＿■■■＿＿＿＿＿
＿□□■□□＿＿＿＿
＿□□□□□□＿□□
□□□□□＿□□□□
□□□□□□□＿＿□
□□□□□□□□＿□
□□□□□□□□□＿
□□□□□＿□□□□
□□□□□□□□□＿
□□□□□□□□□＿
□□□□＿□□□□□
□□□□□□□＿□□
01:11:39(128975f):field(128974f)
＿＿＿＿＿＿＿＿＿＿
＿＿＿＿＿＿＿＿＿＿
＿＿＿＿＿＿＿＿＿＿
＿＿＿＿＿＿＿＿＿＿
＿＿＿＿＿＿＿＿＿＿
＿＿＿＿＿＿＿＿＿＿
＿＿＿＿＿＿＿＿＿＿
＿＿＿＿＿■＿＿＿＿
＿＿□□□■■＿＿＿
＿□□□□□■＿＿＿
＿□□□□□□＿□□
□□□□□＿□□□□
□□□□□□□＿＿□
□□□□□□□□＿□
□□□□□□□□□＿
□□□□□＿□□□□
□□□□□□□□□＿
□□□□□□□□□＿
□□□□＿□□□□□
□□□□□□□＿□□
01:11:39(128987f):field(128986f)
＿＿＿＿＿＿＿＿＿＿
＿＿＿＿＿＿＿＿＿＿
＿＿＿＿＿＿＿＿＿＿
＿＿＿＿＿＿＿＿＿＿
＿＿＿＿＿＿＿＿＿＿
＿＿＿＿＿＿＿＿＿＿
＿＿＿＿＿＿＿＿＿＿
＿＿＿＿＿□＿＿＿＿
＿＿□□□□□＿＿＿
＿□□□□□□■■■
＿□□□□□□■□□
□□□□□＿□□□□
□□□□□□□＿＿□
□□□□□□□□＿□
□□□□□□□□□＿
□□□□□＿□□□□
□□□□□□□□□＿
□□□□□□□□□＿
□□□□＿□□□□□
□□□□□□□＿□□
01:11:40(129005f):field(129004f)
＿＿＿＿＿＿＿＿＿＿
＿＿＿＿＿＿＿＿＿＿
＿＿＿＿＿＿＿＿＿＿
＿＿＿＿＿＿＿＿＿＿
＿＿＿＿＿＿＿＿＿＿
＿＿＿＿＿＿＿＿＿＿
＿＿＿＿＿■■＿＿＿
＿＿＿＿＿□■■＿＿
＿＿□□□□□＿＿＿
＿□□□□□□□□□
＿□□□□□□□□□
□□□□□＿□□□□
□□□□□□□＿＿□
□□□□□□□□＿□
□□□□□□□□□＿
□□□□□＿□□□□
□□□□□□□□□＿
□□□□□□□□□＿
□□□□＿□□□□□
□□□□□□□＿□□
01:11:40(129016f):field(129015f)
＿＿＿＿＿＿＿＿＿＿
＿＿＿＿＿＿＿＿＿＿
＿＿＿＿＿＿＿＿＿＿
＿＿＿＿＿＿＿＿＿＿
＿＿＿＿＿＿＿＿＿＿
＿＿＿＿＿＿＿＿＿＿
＿＿＿■■□□＿＿＿
＿＿＿■■□□□＿＿
＿＿□□□□□＿＿＿
＿□□□□□□□□□
＿□□□□□□□□□
□□□□□＿□□□□
□□□□□□□＿＿□
□□□□□□□□＿□
□□□□□□□□□＿
□□□□□＿□□□□
□□□□□□□□□＿
□□□□□□□□□＿
□□□□＿□□□□□
□□□□□□□＿□□
01:11:41(129031f):field(129030f)
＿＿＿＿＿＿＿＿＿＿
＿＿＿＿＿＿＿＿＿＿
＿＿＿＿＿＿＿＿＿＿
＿＿＿＿＿＿＿＿＿＿
＿＿＿＿＿＿＿＿＿＿
＿＿＿＿＿＿＿＿＿＿
＿＿＿◆◆◆◆＿＿＿
＿＿＿◆◆◆◆◆＿＿
＿＿□□□□□＿＿＿
■□◆□□□□□□□
■□□□□□□◆□◆
□□□□□■□□□□
□□□□□□□＿■□
□□□□□□□□＿□
□□□□□□□□□＿
□□□□□＿□□□□
□□□□□□□□□＿
□□□□□□□□□＿
□□□□＿□□□□□
□□□□□□□＿□□
01:11:41(129045f):field(129044f)
＿＿＿＿＿＿＿＿＿＿
＿＿＿＿＿＿＿＿＿＿
＿＿＿＿＿＿＿＿＿＿
＿＿＿＿＿＿＿＿＿＿
＿＿＿＿＿＿＿＿＿＿
＿＿＿＿＿＿＿＿＿＿
＿＿＿＿＿＿＿＿＿＿
＿＿＿＿＿＿＿＿＿＿
＿＿◆□□□□＿＿＿
◆◆＿□□□□□□□
□□□□□□□■□＿
□□□□□◆□□□□
□□□□□□□＿◆□
□□□□□□□□＿□
□□□□□□□□□＿
□□□□□＿□□□□
□□□□□□□□□＿
□□□□□□□□□＿
□□□□＿□□□□□
□□□□□□□＿□□
01:11:41(129058f):field(129057f)
＿＿＿＿＿＿＿＿＿＿
＿＿＿＿＿＿＿＿＿＿
＿＿＿＿＿＿＿＿＿＿
＿＿＿＿＿＿＿＿＿＿
＿＿＿＿＿＿＿＿＿＿
＿＿＿＿＿＿＿＿＿＿
＿＿＿＿＿＿＿＿＿＿
＿＿＿＿＿＿＿＿＿＿
■■＿◆◆◆◆＿■＿
＿■■□□□□□◆□
□□□□□□□□□＿
□□□□□＿□□□□
□□□□□□□＿＿□
□□□□□□□□＿□
□□□□□□□□□＿
□□□□□＿□□□□
□□□□□□□□□＿
□□□□□□□□□＿
□□□□＿□□□□□
□□□□□□□＿□□
01:11:42(129071f):field(129070f)
＿＿＿＿＿＿＿＿＿＿
＿＿＿＿＿＿＿＿＿＿
＿＿＿＿＿＿＿＿＿＿
＿＿＿＿＿＿＿＿＿＿
＿＿＿＿＿＿＿＿＿＿
＿＿＿＿＿＿＿＿＿＿
＿＿＿＿＿＿＿＿＿＿
＿＿＿＿＿＿＿＿＿＿
◆◆＿＿＿＿＿＿◆■
＿□◆□◆□◆◆＿□
◆◆□□□□□□◆■
□□□□□＿□□□□
□□□□□□□■＿□
□□□□□□□□＿□
□□□□□□□□□＿
□□□□□＿□□□□
□□□□□□□□□＿
□□□□□□□□□＿
□□□□＿□□□□□
□□□□□□□＿□□
01:11:42(129083f):field(129082f)
＿＿＿＿＿＿＿＿＿＿
＿＿＿＿＿＿＿＿＿＿
＿＿＿＿＿＿＿＿＿＿
＿＿＿＿＿＿＿＿＿＿
＿＿＿＿＿＿＿＿＿＿
＿＿＿＿＿＿＿＿＿＿
＿＿＿＿＿＿＿＿＿＿
＿＿＿＿＿＿＿＿＿＿
＿＿＿＿＿＿＿＿■□
＿◆＿◆＿◆＿＿■□
＿＿□□□□□□■□
□□□□□＿□□□□
□□□□□□□◆＿□
□□□□□□□□＿□
□□□□□□□□□＿
□□□□□＿□□□□
□□□□□□□□□＿
□□□□□□□□□＿
□□□□＿□□□□□
□□□□□□□＿□□
01:11:43(129106f):field(129105f)
＿＿＿＿＿＿＿＿＿＿
＿＿＿＿＿＿＿＿＿＿
＿＿＿＿＿＿＿＿＿＿
＿＿＿＿＿＿＿＿＿＿
＿＿＿＿＿＿＿＿＿＿
＿＿＿＿＿＿＿＿＿＿
＿＿＿＿＿＿＿＿＿＿
＿＿＿＿＿＿＿＿＿＿
＿＿＿＿＿＿＿＿◆◆
＿＿＿＿＿＿＿＿◆◆
＿■◆◆□◆◆◆□□
□□□◆□■◆◆□□
□□□□□□□＿＿□
□□□□□□□□＿□
□□□□□□□□□＿
□□□□□＿□□□□
□□□□□□□□□＿
□□□□□□□□□＿
□□□□＿□□□□□
□□□□□□□＿□□
01:11:44(129124f):field(129123f)
＿＿＿＿＿＿＿＿＿＿
＿＿＿＿＿＿＿＿＿＿
＿＿＿＿＿＿＿＿＿＿
＿＿＿＿＿＿＿＿＿＿
＿＿＿＿＿＿＿＿＿＿
＿＿＿＿＿＿＿＿＿＿
＿＿＿＿＿＿＿＿＿＿
＿＿＿＿■＿＿＿＿＿
＿＿＿＿■＿＿＿＿＿
＿＿＿＿■■＿■■＿
＿◆＿＿□＿■■□□
□□◆＿□□＿＿□□
□□□□□□□＿＿□
□□□□□□□□＿□
□□□□□□□□□＿
□□□□□＿□□□□
□□□□□□□□□＿
□□□□□□□□□＿
□□□□＿□□□□□
□□□□□□□＿□□
01:11:44(129141f):field(129140f)
＿＿＿＿＿＿＿＿＿＿
＿＿＿＿＿＿＿＿＿＿
＿＿＿＿＿＿＿＿＿＿
＿＿＿＿＿＿＿＿＿＿
＿＿＿＿＿＿＿＿＿＿
＿＿＿＿＿＿＿＿＿＿
＿＿＿＿＿＿＿＿＿＿
＿＿＿＿◆＿＿＿＿＿
＿＿＿＿◆＿■■■＿
＿＿＿＿◆◆■□□＿
＿＿＿＿□＿□□□□
□□＿＿□□＿＿□□
□□□□□□□＿＿□
□□□□□□□□＿□
□□□□□□□□□＿
□□□□□＿□□□□
□□□□□□□□□＿
□□□□□□□□□＿
□□□□＿□□□□□
□□□□□□□＿□□
01:11:45(129154f):field(129153f)
＿＿＿＿＿＿＿＿＿＿
＿＿＿＿＿＿＿＿＿＿
＿＿＿＿＿＿＿＿＿＿
＿＿＿＿＿＿＿＿＿＿
＿＿＿＿＿＿＿＿＿＿
＿＿＿＿＿＿＿＿＿＿
＿＿＿＿＿＿＿＿＿＿
＿＿＿＿＿＿＿＿＿＿
＿＿＿＿＿＿□□□＿
＿＿＿■＿＿□□□＿
＿＿＿■□＿□□□□
□□■■□□＿＿□□
□□□□□□□＿＿□
□□□□□□□□＿□
□□□□□□□□□＿
□□□□□＿□□□□
□□□□□□□□□＿
□□□□□□□□□＿
□□□□＿□□□□□
□□□□□□□＿□□
01:11:45(129166f):field(129165f)
＿＿＿＿＿＿＿＿＿＿
＿＿＿＿＿＿＿＿＿＿
＿＿＿＿＿＿＿＿＿＿
＿＿＿＿＿＿＿＿＿＿
＿＿＿＿＿＿＿＿＿＿
＿＿＿＿＿＿＿＿＿＿
＿＿＿＿＿＿＿＿＿＿
＿＿＿＿＿■＿＿＿＿
＿＿＿＿＿■□□□＿
＿＿＿□＿■□□□＿
＿＿＿□□■□□□□
□□□□□□＿＿□□
□□□□□□□＿＿□
□□□□□□□□＿□
□□□□□□□□□＿
□□□□□＿□□□□
□□□□□□□□□＿
□□□□□□□□□＿
□□□□＿□□□□□
□□□□□□□＿□□
01:11:45(129178f):field(129177f)
＿＿＿＿＿＿＿＿＿＿
＿＿＿＿＿＿＿＿＿＿
＿＿＿＿＿＿＿＿＿＿
＿＿＿＿＿＿＿＿＿＿
＿＿＿＿＿＿＿＿＿＿
＿＿＿＿＿＿＿＿＿＿
＿＿＿＿＿＿＿＿＿＿
＿＿＿＿■□＿＿＿＿
＿＿＿■■□□□□＿
＿＿＿□■□□□□＿
＿＿＿□□□□□□□
□□□□□□＿＿□□
□□□□□□□＿＿□
□□□□□□□□＿□
□□□□□□□□□＿
□□□□□＿□□□□
□□□□□□□□□＿
□□□□□□□□□＿
□□□□＿□□□□□
□□□□□□□＿□□
01:11:46(129192f):field(129191f)
＿＿＿＿＿＿＿＿＿＿
＿＿＿＿＿＿＿＿＿＿
＿＿＿＿＿＿＿＿＿＿
＿＿＿＿＿＿＿＿＿＿
＿＿＿＿＿＿＿＿＿＿
＿＿＿＿＿＿＿＿＿＿
＿＿＿＿＿■■＿＿＿
＿＿＿＿□□■■＿＿
＿＿＿□□□□□□＿
＿＿＿□□□□□□＿
＿＿＿□□□□□□□
□□□□□□＿＿□□
□□□□□□□＿＿□
□□□□□□□□＿□
□□□□□□□□□＿
□□□□□＿□□□□
□□□□□□□□□＿
□□□□□□□□□＿
□□□□＿□□□□□
□□□□□□□＿□□
01:11:46(129205f):field(129204f)
＿＿＿＿＿＿＿＿＿＿
＿＿＿＿＿＿＿＿＿＿
＿＿＿＿＿＿＿＿＿＿
＿＿＿＿＿＿＿＿＿＿
＿＿＿＿＿＿＿＿＿＿
＿＿＿＿＿＿＿＿＿＿
＿＿＿＿＿□□＿＿＿
＿＿＿＿□□□□＿＿
＿＿＿□□□□□□＿
＿■■□□□□□□＿
＿■■□□□□□□□
□□□□□□＿＿□□
□□□□□□□＿＿□
□□□□□□□□＿□
□□□□□□□□□＿
□□□□□＿□□□□
□□□□□□□□□＿
□□□□□□□□□＿
□□□□＿□□□□□
□□□□□□□＿□□
01:11:47(129222f):field(129221f)
＿＿＿＿＿＿＿＿＿＿
＿＿＿＿＿＿＿＿＿＿
＿＿＿＿＿＿＿＿＿＿
＿＿＿＿＿＿＿＿＿＿
＿＿＿＿＿＿＿＿＿＿
＿＿＿＿＿＿＿＿＿＿
＿＿＿＿＿□□＿＿＿
＿＿＿＿□□□□■■
＿＿＿□□□□□□■
＿□□□□□□□□■
＿□□□□□□□□□
□□□□□□＿＿□□
□□□□□□□＿＿□
□□□□□□□□＿□
□□□□□□□□□＿
□□□□□＿□□□□
□□□□□□□□□＿
□□□□□□□□□＿
□□□□＿□□□□□
□□□□□□□＿□□
01:11:47(129234f):field(129233f)
＿＿＿＿＿＿＿＿＿＿
＿＿＿＿＿＿＿＿＿＿
＿＿＿＿＿＿＿＿＿＿
＿＿＿＿＿＿＿＿＿＿
＿＿＿＿＿＿＿＿＿＿
＿＿＿＿＿＿＿＿＿＿
＿＿＿＿＿□□＿＿＿
＿＿■■□□□□□□
＿■■□□□□□□□
＿□□□□□□□□□
＿□□□□□□□□□
□□□□□□＿＿□□
□□□□□□□＿＿□
□□□□□□□□＿□
□□□□□□□□□＿
□□□□□＿□□□□
□□□□□□□□□＿
□□□□□□□□□＿
□□□□＿□□□□□
□□□□□□□＿□□
01:11:48(129246f):field(129245f)
＿＿＿＿＿＿＿＿＿＿
＿＿＿＿＿＿＿＿＿＿
＿＿＿＿＿＿＿＿＿＿
＿＿＿＿＿＿＿＿＿＿
＿＿＿＿＿＿＿＿＿＿
＿＿＿■＿＿＿＿＿＿
＿＿■■■□□＿＿＿
＿＿□□□□□□□□
＿□□□□□□□□□
＿□□□□□□□□□
＿□□□□□□□□□
□□□□□□＿＿□□
□□□□□□□＿＿□
□□□□□□□□＿□
□□□□□□□□□＿
□□□□□＿□□□□
□□□□□□□□□＿
□□□□□□□□□＿
□□□□＿□□□□□
□□□□□□□＿□□
01:11:48(129259f):field(129258f)
＿＿＿＿＿＿＿＿＿＿
＿＿＿＿＿＿＿＿＿＿
＿＿＿＿＿＿＿＿＿＿
＿＿＿＿＿＿＿＿＿＿
＿＿＿■■＿＿＿＿＿
＿＿＿□■■＿＿＿＿
＿＿□□□□□＿＿＿
＿＿□□□□□□□□
＿□□□□□□□□□
＿□□□□□□□□□
＿□□□□□□□□□
□□□□□□＿＿□□
□□□□□□□＿＿□
□□□□□□□□＿□
□□□□□□□□□＿
□□□□□＿□□□□
□□□□□□□□□＿
□□□□□□□□□＿
□□□□＿□□□□□
□□□□□□□＿□□
01:11:49(129273f):field(129272f)
＿＿＿＿＿＿＿＿＿＿
＿＿＿＿＿＿＿＿＿＿
＿＿＿＿＿＿＿＿＿＿
＿＿＿＿＿＿＿＿＿＿
＿＿＿□□＿＿＿＿＿
＿＿＿□□□＿■■＿
＿＿□□□□□■■＿
＿＿□□□□□□□□
＿□□□□□□□□□
＿□□□□□□□□□
＿□□□□□□□□□
□□□□□□＿＿□□
□□□□□□□＿＿□
□□□□□□□□＿□
□□□□□□□□□＿
□□□□□＿□□□□
□□□□□□□□□＿
□□□□□□□□□＿
□□□□＿□□□□□
□□□□□□□＿□□
01:11:49(129290f):field(129289f)
＿＿＿＿＿＿＿＿＿＿
＿＿＿＿＿＿＿＿＿＿
＿＿＿＿＿＿＿＿＿＿
＿＿＿＿＿＿＿＿＿＿
＿＿＿□□＿＿＿■■
＿＿＿□□□＿□□■
＿＿□□□□□□□■
＿＿□□□□□□□□
＿□□□□□□□□□
＿□□□□□□□□□
＿□□□□□□□□□
□□□□□□＿＿□□
□□□□□□□＿＿□
□□□□□□□□＿□
□□□□□□□□□＿
□□□□□＿□□□□
□□□□□□□□□＿
□□□□□□□□□＿
□□□□＿□□□□□
□□□□□□□＿□□
01:11:50(129302f):field(129301f)
＿＿＿＿＿＿＿＿＿＿
＿＿＿＿＿＿＿＿＿＿
＿＿＿＿＿＿＿＿＿＿
＿＿＿＿＿＿＿＿＿＿
＿＿＿◆◆＿＿＿◆◆
＿＿＿◆◆◆＿◆◆◆
＿＿◆◆◆◆◆◆◆◆
＿＿◆□□□◆◆□□
■◆◆□□□□□□□
＿◆□□□□□□□□
■□□□□□□□□□
□□□□□□■■□□
□□□□□□□＿＿□
□□□□□□□□＿□
□□□□□□□□□＿
□□□□□＿□□□□
□□□□□□□□□＿
□□□□□□□□□＿
□□□□＿□□□□□
□□□□□□□＿□□
01:11:50(129318f):field(129317f)
＿＿＿＿＿＿＿＿＿＿
＿＿＿＿＿＿＿＿＿＿
＿＿＿＿＿＿＿＿＿＿
＿＿＿＿＿＿＿＿＿＿
＿＿＿＿＿＿＿＿＿＿
＿＿＿＿＿＿＿＿＿＿
＿＿＿■■■＿＿＿＿
＿＿＿□□□＿＿□□
◆＿＿□□□◆□□□
＿＿□□□□□□□□
□◆□□□□□□□□
□□□□□□◆◆□□
□□□□□□□＿＿□
□□□□□□□□＿□
□□□□□□□□□＿
□□□□□＿□□□□
□□□□□□□□□＿
□□□□□□□□□＿
□□□□＿□□□□□
□□□□□□□＿□□
01:11:50(129328f):field(129327f)
＿＿＿＿＿＿＿＿＿＿
＿＿＿＿＿＿＿＿＿＿
＿＿＿＿＿＿＿＿＿＿
＿＿＿＿＿＿＿＿＿＿
＿＿＿＿＿＿＿＿＿＿
＿＿＿＿＿＿＿＿＿＿
＿＿＿◆◆◆＿＿＿＿
＿＿＿◆◆◆＿＿◆◆
＿＿＿□□□＿◆◆◆
■■□□□□◆◆□□
□■□□□□◆□□□
□□□□□□■■□□
□□□□□□□＿＿□
□□□□□□□□＿□
□□□□□□□□□＿
□□□□□＿□□□□
□□□□□□□□□＿
□□□□□□□□□＿
□□□□＿□□□□□
□□□□□□□＿□□
01:11:51(129342f):field(129341f)
＿＿＿＿＿＿＿＿＿＿
＿＿＿＿＿＿＿＿＿＿
＿＿＿＿＿＿＿＿＿＿
＿＿＿＿＿＿＿＿＿＿
＿＿＿＿＿＿＿＿＿＿
＿＿＿＿＿＿＿＿＿＿
＿＿＿＿＿＿＿＿＿＿
＿＿＿＿＿＿＿＿＿＿
＿＿＿□□□＿＿＿＿
□□◆□□□＿＿□□
□□□□□□＿□□□
□□□□□□◆◆□□
□□□□□□□＿＿□
□□□□□□□□＿□
□□□□□□□□□＿
□□□□□＿□□□□
□□□□□□□□□＿
□□□□□□□□□＿
□□□□＿□□□□□
□□□□□□□＿□□
01:11:51(129353f):field(129352f)
＿＿＿＿＿＿＿＿＿＿
＿＿＿＿＿＿＿＿＿＿
＿＿＿＿＿＿＿＿＿＿
＿＿＿＿＿＿＿＿＿＿
＿＿＿＿＿＿＿＿＿＿
＿＿＿＿＿＿＿＿＿＿
＿＿＿■■＿＿＿＿＿
＿＿＿■■＿＿＿＿＿
＿＿＿□□□＿＿＿＿
□□＿□□□＿＿□□
□□□□□□＿□□□
□□□□□□＿＿□□
□□□□□□□＿＿□
□□□□□□□□＿□
□□□□□□□□□＿
□□□□□＿□□□□
□□□□□□□□□＿
□□□□□□□□□＿
□□□□＿□□□□□
□□□□□□□＿□□
01:11:52(129367f):field(129366f)
＿＿＿＿＿＿＿＿＿＿
＿＿＿＿＿＿＿＿＿＿
＿＿＿＿＿＿＿＿＿＿
＿＿＿＿＿＿＿＿＿＿
＿＿＿＿＿＿＿＿＿＿
＿＿＿＿＿＿＿＿＿＿
＿＿＿◆◆＿＿＿＿＿
＿＿＿□□＿＿＿＿＿
＿＿＿□□◆＿＿＿＿
◆□＿□□□■＿◆□
□□◆□□□■□□□
□□□□□□＿■□□
□□□□□□□＿＿□
□□□□□□□□＿□
□□□□□□□□□＿
□□□□□＿□□□□
□□□□□□□□□＿
□□□□□□□□□＿
□□□□＿□□□□□
□□□□□□□＿□□
01:11:52(129381f):field(129380f)
＿＿＿＿＿＿＿＿＿＿
＿＿＿＿＿＿＿＿＿＿
＿＿＿＿＿＿＿＿＿＿
＿＿＿＿＿＿＿＿＿＿
＿＿＿＿＿＿＿＿＿＿
＿＿＿＿＿＿＿＿＿＿
＿＿＿＿＿＿＿＿＿＿
＿＿＿◆◆＿＿＿＿＿
＿＿■□□＿＿＿＿＿
＿◆■□□◆◆＿＿◆
◆□■□□□□◆◆◆
□□□□□□＿□□□
□□□□□□□■＿□
□□□□□□□□＿□
□□□□□□□□□＿
□□□□□＿□□□□
□□□□□□□□□＿
□□□□□□□□□＿
□□□□＿□□□□□
□□□□□□□＿□□
01:11:53(129394f):field(129393f)
＿＿＿＿＿＿＿＿＿＿
＿＿＿＿＿＿＿＿＿＿
＿＿＿＿＿＿＿＿＿＿
＿＿＿＿＿＿＿＿＿＿
＿＿＿＿＿＿＿＿＿＿
＿＿＿＿＿＿＿＿＿＿
＿＿＿＿＿＿＿＿＿＿
＿＿＿＿＿＿＿＿＿＿
＿■□□□＿＿＿＿＿
＿■□□□＿＿＿＿＿
■□□□□□□＿＿＿
□□□□□□＿◆□□
□□□□□□□◆＿□
□□□□□□□□＿□
□□□□□□□□□＿
□□□□□＿□□□□
□□□□□□□□□＿
□□□□□□□□□＿
□□□□＿□□□□□
□□□□□□□＿□□
01:11:53(129412f):field(129411f)
＿＿＿＿＿＿＿＿＿＿
＿＿＿＿＿＿＿＿＿＿
＿＿＿＿＿＿＿＿＿＿
＿＿＿＿＿＿＿＿＿＿
＿＿＿＿＿＿＿＿＿＿
＿＿＿＿＿＿＿＿＿＿
＿＿＿＿＿＿＿＿＿＿
＿＿＿＿＿＿＿＿＿＿
＿□□□□＿■■＿＿
＿□□□□■■＿＿＿
□□□□□□□＿＿＿
□□□□□□＿＿□□
□□□□□□□＿＿□
□□□□□□□□＿□
□□□□□□□□□＿
□□□□□＿□□□□
□□□□□□□□□＿
□□□□□□□□□＿
□□□□＿□□□□□
□□□□□□□＿□□
01:11:54(129423f):field(129422f)
＿＿＿＿＿＿＿＿＿＿
＿＿＿＿＿＿＿＿＿＿
＿＿＿＿＿＿＿＿＿＿
＿＿＿＿＿＿＿＿＿＿
＿＿＿＿＿＿＿＿＿＿
＿＿＿＿＿＿＿＿＿＿
＿＿＿＿＿＿■＿＿＿
＿＿＿＿＿■■＿＿＿
＿□□□□■□□＿＿
＿□□□□□□＿＿＿
□□□□□□□＿＿＿
□□□□□□＿＿□□
□□□□□□□＿＿□
□□□□□□□□＿□
□□□□□□□□□＿
□□□□□＿□□□□
□□□□□□□□□＿
□□□□□□□□□＿
□□□□＿□□□□□
□□□□□□□＿□□
01:11:54(129435f):field(129434f)
＿＿＿＿＿＿＿＿＿＿
＿＿＿＿＿＿＿＿＿＿
＿＿＿＿＿＿＿＿＿＿
＿＿＿＿＿＿＿＿＿＿
＿＿＿＿＿＿＿＿＿＿
＿＿＿＿＿＿＿＿＿＿
＿＿＿＿■＿□＿＿＿
＿＿■■■□□＿＿＿
＿□□□□□□□＿＿
＿□□□□□□＿＿＿
□□□□□□□＿＿＿
□□□□□□＿＿□□
□□□□□□□＿＿□
□□□□□□□□＿□
□□□□□□□□□＿
□□□□□＿□□□□
□□□□□□□□□＿
□□□□□□□□□＿
□□□□＿□□□□□
□□□□□□□＿□□
01:11:55(129451f):field(129450f)
＿＿＿＿＿＿＿＿＿＿
＿＿＿＿＿＿＿＿＿＿
＿＿＿＿＿＿＿＿＿＿
＿＿＿＿＿＿＿＿＿＿
＿＿＿＿＿＿＿＿＿＿
＿＿＿＿＿＿＿＿＿＿
＿＿＿＿□＿□＿＿＿
＿＿□□□□□＿■＿
＿□□□□□□□■＿
＿□□□□□□＿■＿
□□□□□□□＿■＿
□□□□□□＿＿□□
□□□□□□□＿＿□
□□□□□□□□＿□
□□□□□□□□□＿
□□□□□＿□□□□
□□□□□□□□□＿
□□□□□□□□□＿
□□□□＿□□□□□
□□□□□□□＿□□
01:11:55(129464f):field(129463f)
＿＿＿＿＿＿＿＿＿＿
＿＿＿＿＿＿＿＿＿＿
＿＿＿＿＿＿＿＿＿＿
＿＿＿＿＿＿＿＿＿＿
＿＿＿＿＿■＿＿＿＿
＿＿＿＿＿■■＿＿＿
＿＿＿＿□■□＿＿＿
＿＿□□□□□＿□＿
＿□□□□□□□□＿
＿□□□□□□＿□＿
□□□□□□□＿□＿
□□□□□□＿＿□□
□□□□□□□＿＿□
□□□□□□□□＿□
□□□□□□□□□＿
□□□□□＿□□□□
□□□□□□□□□＿
□□□□□□□□□＿
□□□□＿□□□□□
□□□□□□□＿□□
01:11:55(129479f):field(129478f)
＿＿＿＿＿＿＿＿＿＿
＿＿＿＿＿＿＿＿＿＿
＿＿＿＿＿＿＿＿＿＿
＿＿＿＿＿＿＿＿＿＿
＿＿＿＿＿□＿＿＿＿
＿＿＿＿＿□□＿＿＿
＿＿＿＿□□□＿＿＿
■■□□□□□＿□＿
■□□□□□□□□＿
■□□□□□□＿□＿
□□□□□□□＿□＿
□□□□□□＿＿□□
□□□□□□□＿＿□
□□□□□□□□＿□
□□□□□□□□□＿
□□□□□＿□□□□
□□□□□□□□□＿
□□□□□□□□□＿
□□□□＿□□□□□
□□□□□□□＿□□
01:11:56(129491f):field(129490f)
＿＿＿＿＿＿＿＿＿＿
＿＿＿＿＿＿＿＿＿＿
＿＿＿＿＿＿＿＿＿＿
＿＿＿＿＿＿＿＿＿＿
＿＿＿＿＿□＿＿＿＿
＿＿＿■■□□＿＿＿
＿＿■■□□□＿＿＿
□□□□□□□＿□＿
□□□□□□□□□＿
□□□□□□□＿□＿
□□□□□□□＿□＿
□□□□□□＿＿□□
□□□□□□□＿＿□
□□□□□□□□＿□
□□□□□□□□□＿
□□□□□＿□□□□
□□□□□□□□□＿
□□□□□□□□□＿
□□□□＿□□□□□
□□□□□□□＿□□
01:11:56(129504f):field(129503f)
＿＿＿＿＿＿＿＿＿＿
＿＿＿＿＿＿＿＿＿＿
＿＿＿＿＿＿＿＿＿＿
＿＿＿＿＿＿＿＿＿＿
＿＿＿＿＿□＿＿＿＿
■■＿□□□□＿＿＿
■■□□□□□＿＿＿
□□□□□□□＿□＿
□□□□□□□□□＿
□□□□□□□＿□＿
□□□□□□□＿□＿
□□□□□□＿＿□□
□□□□□□□＿＿□
□□□□□□□□＿□
□□□□□□□□□＿
□□□□□＿□□□□
□□□□□□□□□＿
□□□□□□□□□＿
□□□□＿□□□□□
□□□□□□□＿□□
01:11:57(129516f):field(129515f)
＿＿＿＿＿＿＿＿＿＿
＿＿＿＿＿＿＿＿＿＿
＿＿＿＿＿＿＿＿＿＿
＿＿＿＿＿＿＿＿＿＿
＿＿＿＿＿◆＿＿＿＿
◆◆＿◆◆□◆＿＿＿
□□◆□□□□＿＿＿
□□□□□□□＿◆■
□□□□□□□□□■
□□□□□□□＿□■
□□□□□□□＿□■
□□□□□□＿＿□□
□□□□□□□＿＿□
□□□□□□□□＿□
□□□□□□□□□＿
□□□□□＿□□□□
□□□□□□□□□＿
□□□□□□□□□＿
□□□□＿□□□□□
□□□□□□□＿□□
01:11:57(129531f):field(129530f)
＿＿＿＿＿＿＿＿＿＿
＿＿＿＿＿＿＿＿＿＿
＿＿＿＿＿＿＿＿＿＿
＿＿＿＿＿＿＿＿＿＿
＿＿＿＿＿＿＿＿＿＿
＿■■■＿□＿＿＿＿
□□■□□□□＿＿＿
□□□□□□□＿＿◆
□□□□□□□◆□□
□□□□□□□＿□□
□□□□□□□＿□□
□□□□□□＿＿□□
□□□□□□□＿＿□
□□□□□□□□＿□
□□□□□□□□□＿
□□□□□＿□□□□
□□□□□□□□□＿
□□□□□□□□□＿
□□□□＿□□□□□
□□□□□□□＿□□
01:11:58(129543f):field(129542f)
＿＿＿＿＿＿＿＿＿＿
＿＿＿＿＿＿＿＿＿＿
＿＿＿＿＿＿＿＿＿＿
＿＿＿＿＿■＿＿＿＿
＿＿＿＿■■＿＿＿＿
＿□□□■□＿＿＿＿
□□□□□□□＿＿＿
□□□□□□□＿＿＿
□□□□□□□＿□□
□□□□□□□＿□□
□□□□□□□＿□□
□□□□□□＿＿□□
□□□□□□□＿＿□
□□□□□□□□＿□
□□□□□□□□□＿
□□□□□＿□□□□
□□□□□□□□□＿
□□□□□□□□□＿
□□□□＿□□□□□
□□□□□□□＿□□
01:11:58(129555f):field(129554f)
＿＿＿＿＿＿＿＿＿＿
＿＿＿＿＿＿＿＿＿＿
＿＿＿＿＿＿＿＿＿＿
＿＿＿■■□＿＿＿＿
＿＿■■□□＿＿＿＿
＿□□□□□＿＿＿＿
□□□□□□□＿＿＿
□□□□□□□＿＿＿
□□□□□□□＿□□
□□□□□□□＿□□
□□□□□□□＿□□
□□□□□□＿＿□□
□□□□□□□＿＿□
□□□□□□□□＿□
□□□□□□□□□＿
□□□□□＿□□□□
□□□□□□□□□＿
□□□□□□□□□＿
□□□□＿□□□□□
□□□□□□□＿□□
01:11:58(129568f):field(129567f)
＿＿＿＿＿＿＿＿＿＿
＿＿＿＿＿＿＿＿＿＿
＿＿＿＿＿＿＿＿＿＿
＿＿＿□□□＿＿＿＿
＿＿□□□□＿＿＿＿
＿□□□□□＿＿＿＿
□□□□□□□＿■■
□□□□□□□＿■■
□□□□□□□＿□□
□□□□□□□＿□□
□□□□□□□＿□□
□□□□□□＿＿□□
□□□□□□□＿＿□
□□□□□□□□＿□
□□□□□□□□□＿
□□□□□＿□□□□
□□□□□□□□□＿
□□□□□□□□□＿
□□□□＿□□□□□
□□□□□□□＿□□
01:11:59(129580f):field(129579f)
＿＿＿＿＿＿＿＿＿＿
＿＿＿＿＿＿＿＿＿＿
＿＿＿＿＿＿＿＿＿＿
＿＿＿◆◆◆＿＿＿＿
＿＿◆◆◆◆＿＿＿＿
＿□◆□□□＿＿＿■
□□□□□□◆■□◆
□□□□□□□■□□
□□□□□□□＿□□
□□□□□□□■□□
□□□□□□□＿□□
□□□□□□＿＿□□
□□□□□□□＿＿□
□□□□□□□□＿□
□□□□□□□□□＿
□□□□□＿□□□□
□□□□□□□□□＿
□□□□□□□□□＿
□□□□＿□□□□□
□□□□□□□＿□□
01:11:59(129593f):field(129592f)
＿＿＿＿＿＿＿＿＿＿
＿＿＿＿＿＿＿＿＿＿
＿＿＿＿＿＿＿＿＿＿
＿＿＿＿＿＿＿＿＿＿
＿＿＿＿＿＿＿＿＿＿
＿◆＿□□□＿＿＿◆
◆◆□□□□■□□■
◆□□□□□◆□□◆
□□□□□□□＿□□
□□□□□□□◆□□
□□□□□□□＿□□
□□□□□□＿＿□□
□□□□□□□＿＿□
□□□□□□□□＿□
□□□□□□□□□＿
□□□□□＿□□□□
□□□□□□□□□＿
□□□□□□□□□＿
□□□□＿□□□□□
□□□□□□□＿□□
01:12:00(129605f):field(129604f)
＿＿＿＿＿＿＿＿＿＿
＿＿＿＿＿＿＿＿＿＿
＿＿＿＿＿＿＿＿＿＿
＿＿＿＿＿＿＿＿＿＿
＿＿■■■＿＿＿＿＿
＿＿■□□□＿＿＿＿
＿＿□□□□□□□□
＿□□□□□＿□□＿
□□□□□□□＿□□
□□□□□□□＿□□
□□□□□□□＿□□
□□□□□□＿＿□□
□□□□□□□＿＿□
□□□□□□□□＿□
□□□□□□□□□＿
□□□□□＿□□□□
□□□□□□□□□＿
□□□□□□□□□＿
□□□□＿□□□□□
□□□□□□□＿□□
01:12:00(129618f):field(129617f)
＿＿＿＿＿＿＿＿＿＿
＿＿＿＿＿＿＿＿＿＿
＿＿＿＿■＿＿＿＿＿
＿＿＿＿■■＿＿＿＿
＿＿□□□■＿＿＿＿
＿＿□□□□＿＿＿＿
＿＿□□□□□□□□
＿□□□□□＿□□＿
□□□□□□□＿□□
□□□□□□□＿□□
□□□□□□□＿□□
□□□□□□＿＿□□
□□□□□□□＿＿□
□□□□□□□□＿□
□□□□□□□□□＿
□□□□□＿□□□□
□□□□□□□□□＿
□□□□□□□□□＿
□□□□＿□□□□□
□□□□□□□＿□□
01:12:01(129634f):field(129633f)
＿＿＿＿＿＿＿＿＿＿
＿＿＿＿＿＿＿＿＿＿
＿＿■■□＿＿＿＿＿
＿＿■■□□＿＿＿＿
＿＿□□□□＿＿＿＿
＿＿□□□□＿＿＿＿
＿＿□□□□□□□□
＿□□□□□＿□□＿
□□□□□□□＿□□
□□□□□□□＿□□
□□□□□□□＿□□
□□□□□□＿＿□□
□□□□□□□＿＿□
□□□□□□□□＿□
□□□□□□□□□＿
□□□□□＿□□□□
□□□□□□□□□＿
□□□□□□□□□＿
□□□□＿□□□□□
□□□□□□□＿□□
01:12:01(129649f):field(129648f)
＿＿＿＿＿＿＿＿＿＿
＿＿＿＿＿＿＿＿＿＿
＿＿□□□＿＿＿＿＿
＿＿□□□□＿＿＿＿
＿＿□□□□■＿＿＿
＿＿□□□□■■■＿
＿＿□□□□□□□□
＿□□□□□＿□□＿
□□□□□□□＿□□
□□□□□□□＿□□
□□□□□□□＿□□
□□□□□□＿＿□□
□□□□□□□＿＿□
□□□□□□□□＿□
□□□□□□□□□＿
□□□□□＿□□□□
□□□□□□□□□＿
□□□□□□□□□＿
□□□□＿□□□□□
□□□□□□□＿□□
01:12:02(129661f):field(129660f)
＿＿＿＿＿＿＿＿＿＿
＿＿＿＿＿＿＿＿＿＿
＿＿◆◆◆＿＿＿＿＿
＿＿□□□◆＿＿＿＿
＿＿□□□□◆＿＿＿
＿＿□□□□□□◆＿
■＿□□□□□□□◆
■□□□□□■□□■
□□□□□□□＿□□
□□□□□□□＿□□
□□□□□□□＿□□
□□□□□□＿＿□□
□□□□□□□＿＿□
□□□□□□□□＿□
□□□□□□□□□＿
□□□□□＿□□□□
□□□□□□□□□＿
□□□□□□□□□＿
□□□□＿□□□□□
□□□□□□□＿□□
01:12:02(129678f):field(129677f)
＿＿＿＿＿＿＿＿＿＿
＿＿＿＿＿＿＿＿＿＿
＿＿＿＿＿＿＿＿＿＿
＿＿□□□＿＿＿＿＿
＿＿□□□□＿＿＿＿
＿＿□□□□□◆■■
□＿□□□□□□□■
□□□□□□◆□□□
□□□□□□□＿□□
□□□□□□□＿□□
□□□□□□□＿□□
□□□□□□＿＿□□
□□□□□□□＿＿□
□□□□□□□□＿□
□□□□□□□□□＿
□□□□□＿□□□□
□□□□□□□□□＿
□□□□□□□□□＿
□□□□＿□□□□□
□□□□□□□＿□□
01:12:03(129691f):field(129690f)
＿＿＿＿＿＿＿＿＿＿
＿＿＿＿＿＿＿＿＿＿
＿＿＿＿＿＿＿■＿＿
＿＿□□□＿＿■＿＿
＿＿□□□□＿■＿＿
＿＿□□□□□■□□
□＿□□□□□□□□
□□□□□□＿□□□
□□□□□□□＿□□
□□□□□□□＿□□
□□□□□□□＿□□
□□□□□□＿＿□□
□□□□□□□＿＿□
□□□□□□□□＿□
□□□□□□□□□＿
□□□□□＿□□□□
□□□□□□□□□＿
□□□□□□□□□＿
□□□□＿□□□□□
□□□□□□□＿□□
01:12:03(129704f):field(129703f)
＿＿＿＿＿＿＿＿＿＿
＿＿＿＿＿＿＿＿＿＿
＿＿＿＿■■＿□＿＿
＿＿□□□■■□＿＿
＿＿□□□□＿□＿＿
＿＿□□□□□□□□
□＿□□□□□□□□
□□□□□□＿□□□
□□□□□□□＿□□
□□□□□□□＿□□
□□□□□□□＿□□
□□□□□□＿＿□□
□□□□□□□＿＿□
□□□□□□□□＿□
□□□□□□□□□＿
□□□□□＿□□□□
□□□□□□□□□＿
□□□□□□□□□＿
□□□□＿□□□□□
□□□□□□□＿□□
01:12:03(129717f):field(129716f)
＿＿＿＿＿＿＿＿＿＿
＿＿＿＿＿＿＿＿＿＿
＿＿＿＿◆◆＿◆＿＿
＿＿◆◆◆◆◆◆＿＿
＿＿◆□□□■□＿＿
＿＿□□□□□□◆◆
□■□□□□□□◆□
□□□□□□■□□□
□□□□□□□■□□
□□□□□□□＿□□
□□□□□□□＿□□
□□□□□□＿＿□□
□□□□□□□＿＿□
□□□□□□□□＿□
□□□□□□□□□＿
□□□□□＿□□□□
□□□□□□□□□＿
□□□□□□□□□＿
□□□□＿□□□□□
□□□□□□□＿□□
01:12:04(129733f):field(129732f)
＿＿＿＿＿＿＿＿＿＿
＿＿＿＿＿＿＿＿＿＿
＿＿＿＿＿＿＿＿＿＿
＿＿＿＿＿＿＿＿＿＿
＿＿＿◆□□◆□＿■
＿＿□□□□□□＿■
□◆□□□□◆□■□
□□□□□□◆□□□
□□□□□□□◆□□
□□□□□□□＿□□
□□□□□□□＿□□
□□□□□□＿＿□□
□□□□□□□＿＿□
□□□□□□□□＿□
□□□□□□□□□＿
□□□□□＿□□□□
□□□□□□□□□＿
□□□□□□□□□＿
□□□□＿□□□□□
□□□□□□□＿□□
01:12:04(129745f):field(129744f)
＿＿＿＿＿＿＿＿＿＿
＿＿＿＿＿＿＿＿＿＿
＿＿＿＿■■＿＿＿＿
＿＿＿＿■■＿＿＿＿
＿＿＿＿□□＿□＿□
＿＿□□□□□□＿□
□＿□□□□＿□□□
□□□□□□＿□□□
□□□□□□□＿□□
□□□□□□□＿□□
□□□□□□□＿□□
□□□□□□＿＿□□
□□□□□□□＿＿□
□□□□□□□□＿□
□□□□□□□□□＿
□□□□□＿□□□□
□□□□□□□□□＿
□□□□□□□□□＿
□□□□＿□□□□□
□□□□□□□＿□□
01:12:05(129763f):field(129762f)
＿＿＿＿＿＿＿＿＿＿
＿＿＿＿＿＿＿＿＿＿
＿＿＿＿□□＿＿■＿
＿＿＿＿□□＿＿■＿
＿＿＿＿□□＿□■□
＿＿□□□□□□■□
□＿□□□□＿□□□
□□□□□□＿□□□
□□□□□□□＿□□
□□□□□□□＿□□
□□□□□□□＿□□
□□□□□□＿＿□□
□□□□□□□＿＿□
□□□□□□□□＿□
□□□□□□□□□＿
□□□□□＿□□□□
□□□□□□□□□＿
□□□□□□□□□＿
□□□□＿□□□□□
□□□□□□□＿□□
01:12:05(129776f):field(129775f)
＿＿＿＿＿＿＿＿＿＿
＿＿＿＿＿＿＿＿＿＿
＿＿＿＿◆◆＿＿◆＿
＿＿＿＿□□＿＿□＿
■＿＿＿□□＿◆□◆
＿■◆◆□□□□□□
□■□□□□＿□□□
□□□□□□＿□□□
□□□□□□□＿□□
□□□□□□□＿□□
□□□□□□□＿□□
□□□□□□＿＿□□
□□□□□□□＿＿□
□□□□□□□□＿□
□□□□□□□□□＿
□□□□□＿□□□□
□□□□□□□□□＿
□□□□□□□□□＿
□□□□＿□□□□□
□□□□□□□＿□□
01:12:06(129793f):field(129792f)
＿＿＿＿＿＿＿＿＿＿
＿＿＿＿＿＿＿＿＿＿
＿＿＿＿＿＿＿＿■■
＿＿＿＿□□＿＿□■
◆＿＿＿□□＿＿□■
＿□＿＿□□◆□□□
□□□□□□＿□□□
□□□□□□＿□□□
□□□□□□□＿□□
□□□□□□□＿□□
□□□□□□□＿□□
□□□□□□＿＿□□
□□□□□□□＿＿□
□□□□□□□□＿□
□□□□□□□□□＿
□□□□□＿□□□□
□□□□□□□□□＿
□□□□□□□□□＿
□□□□＿□□□□□
□□□□□□□＿□□
01:12:06(129806f):field(129805f)
＿＿＿＿＿＿＿＿＿＿
＿＿＿＿＿＿＿＿＿＿
＿＿＿＿＿＿＿＿□□
＿＿＿＿□□＿■□□
＿＿＿＿□□■■□□
＿□＿＿□□■□□□
□□□□□□＿□□□
□□□□□□＿□□□
□□□□□□□＿□□
□□□□□□□＿□□
□□□□□□□＿□□
□□□□□□＿＿□□
□□□□□□□＿＿□
□□□□□□□□＿□
□□□□□□□□□＿
□□□□□＿□□□□
□□□□□□□□□＿
□□□□□□□□□＿
□□□□＿□□□□□
□□□□□□□＿□□
01:12:07(129822f):field(129821f)
＿＿＿＿＿＿＿＿＿＿
＿＿＿＿＿■＿＿＿＿
＿＿＿＿＿■■＿□□
＿＿＿＿□□■□□□
＿＿＿＿□□□□□□
＿□＿＿□□□□□□
□□□□□□＿□□□
□□□□□□＿□□□
□□□□□□□＿□□
□□□□□□□＿□□
□□□□□□□＿□□
□□□□□□＿＿□□
□□□□□□□＿＿□
□□□□□□□□＿□
□□□□□□□□□＿
□□□□□＿□□□□
□□□□□□□□□＿
□□□□□□□□□＿
□□□□＿□□□□□
□□□□□□□＿□□
01:12:28(130455f):game end
