00:00:14(428f):game start
00:00:15(472f):field(471f)
＿＿＿＿＿＿＿＿＿＿
＿＿＿＿＿＿＿＿＿＿
＿＿＿＿＿＿＿＿＿＿
＿＿＿＿＿＿＿＿＿＿
＿＿＿＿＿＿＿＿＿＿
＿＿＿＿＿＿＿＿＿＿
＿＿＿＿＿＿＿＿＿＿
＿＿＿＿＿＿＿＿＿＿
＿＿＿＿＿＿＿＿＿＿
＿＿＿＿＿＿＿＿＿＿
＿＿＿＿＿＿＿＿＿＿
＿＿＿＿＿＿＿＿＿＿
＿＿＿＿＿＿＿＿＿＿
＿＿■■■■■■＿＿
＿＿＿＿＿＿＿＿＿＿
＿＿＿＿＿＿＿＿＿＿
＿＿＿＿＿＿＿＿＿＿
＿＿＿＿＿＿＿＿＿＿
＿＿＿＿＿＿＿＿＿＿
＿＿＿＿＿＿＿＿＿＿
00:00:16(496f):field(495f)
＿＿＿＿＿＿＿＿＿＿
＿＿＿＿＿＿＿＿＿＿
＿＿＿＿＿＿＿＿＿＿
＿＿＿＿＿＿＿＿＿＿
＿＿＿＿＿＿＿＿＿＿
＿＿＿＿＿＿＿＿＿＿
＿＿＿＿＿＿＿＿＿＿
＿＿＿＿＿＿＿＿＿＿
＿＿＿＿＿＿＿＿＿＿
＿＿＿＿＿＿＿＿＿＿
＿＿＿＿＿＿＿＿＿＿
＿＿＿＿＿＿＿＿＿＿
＿＿＿＿＿＿＿＿＿＿
＿＿◆◆◆◆◆◆＿＿
＿＿＿＿＿＿＿＿＿＿
＿＿＿＿＿＿＿＿＿＿
＿＿＿＿＿＿＿＿＿＿
＿＿＿＿＿＿＿＿＿＿
＿＿＿＿■■＿＿＿＿
■■■■■■＿＿＿＿
00:00:17(510f):field(509f)
＿＿＿＿＿＿＿＿＿＿
＿＿＿＿＿＿＿＿＿＿
＿＿＿＿＿＿＿＿＿＿
＿＿＿＿＿＿＿＿＿＿
＿＿＿＿＿＿＿＿＿＿
＿＿＿＿＿＿＿＿＿＿
＿＿＿＿＿＿＿＿＿＿
＿＿＿＿＿＿＿＿＿＿
＿＿＿＿＿＿＿＿＿＿
＿＿＿＿＿＿＿＿＿＿
＿＿＿＿＿＿＿＿＿＿
＿＿＿＿＿＿＿＿＿＿
＿＿＿＿＿＿＿＿＿＿
＿＿＿＿＿＿＿＿＿＿
＿＿＿＿＿＿＿＿＿＿
＿＿＿＿＿＿＿＿＿＿
＿＿＿＿＿＿＿＿＿＿
＿＿＿＿＿＿＿■＿＿
＿＿＿＿□□＿■＿＿
□□□□□□＿■■＿
00:00:17(525f):field(524f)
＿＿＿＿＿＿＿＿＿＿
＿＿＿＿＿＿＿＿＿＿
＿＿＿＿＿＿＿＿＿＿
＿＿＿＿＿＿＿＿＿＿
＿＿＿＿＿＿＿＿＿＿
＿＿＿＿＿＿＿＿＿＿
＿＿＿＿＿＿＿＿＿＿
＿＿＿＿＿＿＿＿＿＿
＿＿＿＿＿＿＿＿＿＿
＿＿＿＿＿＿＿＿＿＿
＿＿＿＿＿＿＿＿＿＿
＿＿＿＿＿＿＿＿＿＿
＿＿＿＿＿＿＿＿＿＿
＿＿＿＿＿＿＿＿＿＿
＿＿＿＿＿＿＿＿＿＿
＿＿＿＿＿＿＿＿＿＿
＿＿＿＿＿＿＿＿＿＿
＿＿■＿＿＿＿□＿＿
＿■■■□□＿□＿＿
□□□□□□＿□□＿
00:00:18(541f):field(540f)
＿＿＿＿＿＿＿＿＿＿
＿＿＿＿＿＿＿＿＿＿
＿＿＿＿＿＿＿＿＿＿
＿＿＿＿＿＿＿＿＿＿
＿＿＿＿＿＿＿＿＿＿
＿＿＿＿＿＿＿＿＿＿
＿＿＿＿＿＿＿＿＿＿
＿＿＿＿＿＿＿＿＿＿
＿＿＿＿＿＿＿＿＿＿
＿＿＿＿＿＿＿＿＿＿
＿＿＿＿＿＿＿＿＿＿
＿＿＿＿＿＿＿＿＿＿
＿＿＿＿＿＿＿＿＿＿
＿＿＿＿＿＿＿＿＿＿
＿＿＿＿＿＿＿＿＿＿
＿＿＿＿＿＿＿＿＿＿
＿＿＿＿＿■＿＿＿＿
＿＿□＿＿■■□＿＿
＿□□□□□■□＿＿
□□□□□□＿□□＿
00:00:18(553f):field(552f)
＿＿＿＿＿＿＿＿＿＿
＿＿＿＿＿＿＿＿＿＿
＿＿＿＿＿＿＿＿＿＿
＿＿＿＿＿＿＿＿＿＿
＿＿＿＿＿＿＿＿＿＿
＿＿＿＿＿＿＿＿＿＿
＿＿＿＿＿＿＿＿＿＿
＿＿＿＿＿＿＿＿＿＿
＿＿＿＿＿＿＿＿＿＿
＿＿＿＿＿＿＿＿＿＿
＿＿＿＿＿＿＿＿＿＿
＿＿＿＿＿＿＿＿＿＿
＿＿＿＿＿＿＿＿＿＿
＿＿＿＿＿＿＿＿＿＿
＿＿＿＿＿＿＿＿＿＿
＿＿＿＿■＿＿＿＿＿
＿＿＿＿■□＿＿＿＿
＿＿□■■□□□＿＿
＿□□□□□□□＿＿
□□□□□□＿□□＿
00:00:18(569f):field(568f)
＿＿＿＿＿＿＿＿＿＿
＿＿＿＿＿＿＿＿＿＿
＿＿＿＿＿＿＿＿＿＿
＿＿＿＿＿＿＿＿＿＿
＿＿＿＿＿＿＿＿＿＿
＿＿＿＿＿＿＿＿＿＿
＿＿＿＿＿＿＿＿＿＿
＿＿＿＿＿＿＿＿＿＿
＿＿＿＿＿＿＿＿＿＿
＿＿＿＿＿＿＿＿＿＿
＿＿＿＿＿＿＿＿＿＿
＿＿＿＿＿＿＿＿＿＿
＿＿＿＿＿＿＿＿＿＿
＿＿＿＿＿＿＿＿＿＿
＿＿＿＿＿＿＿＿＿＿
＿＿＿＿□＿■■＿＿
＿＿＿＿□□■■＿＿
＿＿□□□□□□＿＿
＿□□□□□□□＿＿
□□□□□□＿□□＿
00:00:19(583f):field(582f)
＿＿＿＿＿＿＿＿＿＿
＿＿＿＿＿＿＿＿＿＿
＿＿＿＿＿＿＿＿＿＿
＿＿＿＿＿＿＿＿＿＿
＿＿＿＿＿＿＿＿＿＿
＿＿＿＿＿＿＿＿＿＿
＿＿＿＿＿＿＿＿＿＿
＿＿＿＿＿＿＿＿＿＿
＿＿＿＿＿＿＿＿＿＿
＿＿＿＿＿＿＿＿＿＿
＿＿＿＿＿＿＿＿＿＿
＿＿＿＿＿＿＿＿＿＿
＿＿＿＿＿＿＿＿＿＿
＿＿＿＿＿＿＿＿＿＿
＿＿＿＿＿＿＿＿＿＿
＿＿＿＿□＿□□＿＿
＿■＿＿□□□□＿＿
■■□□□□□□＿＿
■□□□□□□□＿＿
□□□□□□＿□□＿
00:00:19(597f):field(596f)
＿＿＿＿＿＿＿＿＿＿
＿＿＿＿＿＿＿＿＿＿
＿＿＿＿＿＿＿＿＿＿
＿＿＿＿＿＿＿＿＿＿
＿＿＿＿＿＿＿＿＿＿
＿＿＿＿＿＿＿＿＿＿
＿＿＿＿＿＿＿＿＿＿
＿＿＿＿＿＿＿＿＿＿
＿＿＿＿＿＿＿＿＿＿
＿＿＿＿＿＿＿＿＿＿
＿＿＿＿＿＿＿＿＿＿
＿＿＿＿＿＿＿＿＿＿
＿＿＿＿＿＿＿＿＿＿
＿＿＿＿＿＿＿＿＿＿
＿＿＿＿＿■■■＿＿
＿＿＿＿□■□□＿＿
＿□＿＿□□□□＿＿
□□□□□□□□＿＿
□□□□□□□□＿＿
□□□□□□＿□□＿
00:00:20(611f):field(610f)
＿＿＿＿＿＿＿＿＿＿
＿＿＿＿＿＿＿＿＿＿
＿＿＿＿＿＿＿＿＿＿
＿＿＿＿＿＿＿＿＿＿
＿＿＿＿＿＿＿＿＿＿
＿＿＿＿＿＿＿＿＿＿
＿＿＿＿＿＿＿＿＿＿
＿＿＿＿＿＿＿＿＿＿
＿＿＿＿＿＿＿＿＿＿
＿＿＿＿＿＿＿＿＿＿
＿＿＿＿＿＿＿＿＿＿
＿＿＿＿＿＿＿＿＿＿
＿＿＿＿＿＿＿＿＿＿
＿＿＿＿＿＿＿＿＿＿
＿■＿＿＿□□□＿＿
＿■■＿□□□□＿＿
＿□■＿□□□□＿＿
□□□□□□□□＿＿
□□□□□□□□＿＿
□□□□□□＿□□＿
00:00:20(623f):field(622f)
＿＿＿＿＿＿＿＿＿＿
＿＿＿＿＿＿＿＿＿＿
＿＿＿＿＿＿＿＿＿＿
＿＿＿＿＿＿＿＿＿＿
＿＿＿＿＿＿＿＿＿＿
＿＿＿＿＿＿＿＿＿＿
＿＿＿＿＿＿＿＿＿＿
＿＿＿＿＿＿＿＿＿＿
＿＿＿＿＿＿＿＿＿＿
＿＿＿＿＿＿＿＿＿＿
＿＿＿＿＿＿＿＿＿＿
＿＿＿＿＿＿＿＿＿＿
＿＿＿＿■＿＿＿＿＿
＿＿＿＿■■＿＿＿＿
＿□＿＿■□□□＿＿
＿□□＿□□□□＿＿
＿□□＿□□□□＿＿
□□□□□□□□＿＿
□□□□□□□□＿＿
□□□□□□＿□□＿
00:00:21(642f):field(641f)
＿＿＿＿＿＿＿＿＿＿
＿＿＿＿＿＿＿＿＿＿
＿＿＿＿＿＿＿＿＿＿
＿＿＿＿＿＿＿＿＿＿
＿＿＿＿＿＿＿＿＿＿
＿＿＿＿＿＿＿＿＿＿
＿＿＿＿＿＿＿＿＿＿
＿＿＿＿＿＿＿＿＿＿
＿＿＿＿＿＿＿＿＿＿
＿＿＿＿＿＿＿＿＿＿
＿＿＿＿＿＿＿＿＿＿
＿＿＿＿＿＿＿＿＿＿
＿＿＿＿□＿＿＿＿＿
＿＿＿＿□□＿＿＿＿
＿□＿＿□□□□＿＿
＿□□＿□□□□＿＿
＿□□＿□□□□■■
□□□□□□□□■＿
□□□□□□□□■＿
□□□□□□＿□□＿
00:00:21(657f):field(656f)
＿＿＿＿＿＿＿＿＿＿
＿＿＿＿＿＿＿＿＿＿
＿＿＿＿＿＿＿＿＿＿
＿＿＿＿＿＿＿＿＿＿
＿＿＿＿＿＿＿＿＿＿
＿＿＿＿＿＿＿＿＿＿
＿＿＿＿＿＿＿＿＿＿
＿＿＿＿＿＿＿＿＿＿
＿＿＿＿＿＿＿＿＿＿
＿＿＿＿＿＿＿＿＿＿
＿＿＿＿＿＿＿＿＿＿
＿＿＿＿＿＿＿＿＿＿
＿＿＿＿□■■＿＿＿
＿＿＿＿□□■■＿＿
＿□＿＿□□□□＿＿
＿□□＿□□□□＿＿
＿□□＿□□□□□□
□□□□□□□□□＿
□□□□□□□□□＿
□□□□□□＿□□＿
00:00:22(669f):field(668f)
＿＿＿＿＿＿＿＿＿＿
＿＿＿＿＿＿＿＿＿＿
＿＿＿＿＿＿＿＿＿＿
＿＿＿＿＿＿＿＿＿＿
＿＿＿＿＿＿＿＿＿＿
＿＿＿＿＿＿＿＿＿＿
＿＿＿＿＿＿＿＿＿＿
＿＿＿＿＿＿＿＿＿＿
＿＿＿＿＿＿＿＿＿＿
＿＿＿＿＿＿＿＿＿＿
＿＿＿＿＿＿＿＿＿＿
＿＿＿＿＿＿＿＿＿＿
＿＿＿＿□□□＿＿＿
＿＿＿＿□□□□＿＿
＿□＿＿□□□□■■
＿□□＿□□□□■■
＿□□＿□□□□□□
□□□□□□□□□＿
□□□□□□□□□＿
□□□□□□＿□□＿
00:00:22(683f):field(682f)
＿＿＿＿＿＿＿＿＿＿
＿＿＿＿＿＿＿＿＿＿
＿＿＿＿＿＿＿＿＿＿
＿＿＿＿＿＿＿＿＿＿
＿＿＿＿＿＿＿＿＿＿
＿＿＿＿＿＿＿＿＿＿
＿＿＿＿＿＿＿＿＿＿
＿＿＿＿＿＿＿＿＿＿
＿＿＿＿＿＿＿＿＿＿
＿＿＿＿＿＿＿＿＿＿
＿＿＿＿＿＿＿＿＿＿
＿＿＿＿＿＿＿＿＿＿
＿＿＿＿□□□＿＿＿
＿＿＿＿□□□□＿＿
＿□■■□□□□□□
＿□□■□□□□□□
＿□□■□□□□□□
□□□□□□□□□＿
□□□□□□□□□＿
□□□□□□＿□□＿
00:00:23(701f):field(700f)
＿＿＿＿＿＿＿＿＿＿
＿＿＿＿＿＿＿＿＿＿
＿＿＿＿＿＿＿＿＿＿
＿＿＿＿＿＿＿＿＿＿
＿＿＿＿＿＿＿＿＿＿
＿＿＿＿＿＿＿＿＿＿
＿＿＿＿＿＿＿＿＿＿
＿＿＿＿＿＿＿＿＿＿
＿＿＿＿＿＿＿＿＿＿
＿＿＿＿＿＿＿＿＿＿
＿＿＿＿＿＿＿＿＿＿
＿＿＿＿＿＿＿＿＿＿
＿＿＿＿◆◆◆＿＿＿
＿＿＿＿◆◆◆□＿＿
＿◆◆□◆◆◆◆◆◆
＿□◆□□□□◆◆□
■◆◆◆□□□□◆◆
□□□□□□□□□＿
□□□□□□□□□＿
□□□□□□＿□□＿
00:00:23(714f):field(713f)
＿＿＿＿＿＿＿＿＿＿
＿＿＿＿＿＿＿＿＿＿
＿＿＿＿＿＿＿＿＿＿
＿＿＿＿＿＿＿＿＿＿
＿＿＿＿＿＿＿＿＿＿
＿＿＿＿＿＿＿＿＿＿
＿＿＿＿＿＿＿＿＿＿
＿＿＿＿＿＿＿＿＿＿
＿＿＿＿＿＿＿＿＿＿
＿＿＿＿＿＿＿＿＿＿
＿＿＿＿＿＿＿＿＿＿
＿＿＿＿＿＿＿＿＿＿
＿＿＿＿＿＿＿＿＿＿
＿＿＿＿＿＿＿◆＿＿
＿＿＿◆＿＿＿＿＿＿
＿□＿◆□□□＿＿◆
□■■■□□□□＿＿
□□□□□□□□□＿
□□□□□□□□□＿
□□□□□□＿□□＿
00:00:24(725f):field(724f)
＿＿＿＿＿＿＿＿＿＿
＿＿＿＿＿＿＿＿＿＿
＿＿＿＿＿＿＿＿＿＿
＿＿＿＿＿＿＿＿＿＿
＿＿＿＿＿＿＿＿＿＿
＿＿＿＿＿＿＿＿＿＿
＿＿＿＿＿＿＿＿＿＿
＿＿＿＿＿＿＿＿＿＿
＿＿＿＿＿＿＿＿＿＿
＿＿＿＿＿＿＿＿＿＿
＿＿＿＿＿＿＿＿＿＿
＿＿＿＿＿＿＿＿＿＿
＿＿＿＿＿＿＿＿＿＿
＿＿＿＿＿＿＿＿＿＿
＿＿＿■■＿＿＿＿＿
＿□■■□□□＿＿＿
□□□□□□□□＿＿
□□□□□□□□□＿
□□□□□□□□□＿
□□□□□□＿□□＿
00:00:24(738f):field(737f)
＿＿＿＿＿＿＿＿＿＿
＿＿＿＿＿＿＿＿＿＿
＿＿＿＿＿＿＿＿＿＿
＿＿＿＿＿＿＿＿＿＿
＿＿＿＿＿＿＿＿＿＿
＿＿＿＿＿＿＿＿＿＿
＿＿＿＿＿＿＿＿＿＿
＿＿＿＿＿＿＿＿＿＿
＿＿＿＿＿＿＿＿＿＿
＿＿＿＿＿＿＿＿＿＿
＿＿＿＿＿＿＿＿＿＿
＿＿＿＿＿＿＿＿＿＿
＿＿＿＿＿＿＿＿＿＿
＿＿＿＿＿■■＿＿＿
＿＿＿□□■■＿＿＿
＿□□□□□□＿＿＿
□□□□□□□□＿＿
□□□□□□□□□＿
□□□□□□□□□＿
□□□□□□＿□□＿
00:00:25(750f):field(749f)
＿＿＿＿＿＿＿＿＿＿
＿＿＿＿＿＿＿＿＿＿
＿＿＿＿＿＿＿＿＿＿
＿＿＿＿＿＿＿＿＿＿
＿＿＿＿＿＿＿＿＿＿
＿＿＿＿＿＿＿＿＿＿
＿＿＿＿＿＿＿＿＿＿
＿＿＿＿＿＿＿＿＿＿
＿＿＿＿＿＿＿＿＿＿
＿＿＿＿＿＿＿＿＿＿
＿＿＿＿＿＿＿＿＿＿
＿＿＿＿＿＿＿＿＿＿
＿＿＿＿＿＿＿＿＿＿
＿＿＿＿＿□□＿＿＿
■■■□□□□＿＿＿
■□□□□□□＿＿＿
□□□□□□□□＿＿
□□□□□□□□□＿
□□□□□□□□□＿
□□□□□□＿□□＿
00:00:25(766f):field(765f)
＿＿＿＿＿＿＿＿＿＿
＿＿＿＿＿＿＿＿＿＿
＿＿＿＿＿＿＿＿＿＿
＿＿＿＿＿＿＿＿＿＿
＿＿＿＿＿＿＿＿＿＿
＿＿＿＿＿＿＿＿＿＿
＿＿＿＿＿＿＿＿＿＿
＿＿＿＿＿＿＿＿＿＿
＿＿＿＿＿＿＿＿＿＿
＿＿＿＿＿＿＿＿＿＿
＿＿＿＿＿＿＿＿＿＿
＿＿＿＿＿＿＿＿＿＿
＿＿＿＿＿＿＿＿＿＿
■■■■＿□□＿＿＿
□□□□□□□＿＿＿
□□□□□□□＿＿＿
□□□□□□□□＿＿
□□□□□□□□□＿
□□□□□□□□□＿
□□□□□□＿□□＿
00:00:25(778f):field(777f)
＿＿＿＿＿＿＿＿＿＿
＿＿＿＿＿＿＿＿＿＿
＿＿＿＿＿＿＿＿＿＿
＿＿＿＿＿＿＿＿＿＿
＿＿＿＿＿＿＿＿＿＿
＿＿＿＿＿＿＿＿＿＿
＿＿＿＿＿＿＿＿＿＿
＿＿＿＿＿＿＿＿＿＿
＿＿＿＿＿＿＿＿＿＿
＿＿＿＿＿＿＿＿＿＿
＿＿＿＿＿＿＿＿＿＿
＿＿＿＿＿＿＿＿＿＿
＿＿■■■＿＿＿＿＿
□□□□■□□＿＿＿
□□□□□□□＿＿＿
□□□□□□□＿＿＿
□□□□□□□□＿＿
□□□□□□□□□＿
□□□□□□□□□＿
□□□□□□＿□□＿
00:00:26(794f):field(793f)
＿＿＿＿＿＿＿＿＿＿
＿＿＿＿＿＿＿＿＿＿
＿＿＿＿＿＿＿＿＿＿
＿＿＿＿＿＿＿＿＿＿
＿＿＿＿＿＿＿＿＿＿
＿＿＿＿＿＿＿＿＿＿
＿＿＿＿＿＿＿＿＿＿
＿＿＿＿＿＿＿＿＿＿
＿＿＿＿＿＿＿＿＿＿
＿＿＿＿＿＿＿＿＿＿
＿＿＿＿＿＿＿＿＿＿
＿＿＿＿＿＿＿＿＿＿
＿＿◆◆◆＿＿＿＿＿
◆◆□□□◆◆＿＿＿
□□□□□□□＿＿＿
□□□□□□□＿＿＿
□□□□□□□□■＿
□□□□□□□□□＿
□□□□□□□□□＿
□□□□□□＿□□＿
00:00:26(807f):field(806f)
＿＿＿＿＿＿＿＿＿＿
＿＿＿＿＿＿＿＿＿＿
＿＿＿＿＿＿＿＿＿＿
＿＿＿＿＿＿＿＿＿＿
＿＿＿＿＿＿＿＿＿＿
＿＿＿＿＿＿＿＿＿＿
＿＿＿＿＿＿＿＿＿＿
＿＿＿＿＿＿＿＿＿＿
＿＿＿＿＿＿＿＿＿＿
＿＿＿＿＿＿＿＿＿＿
＿＿＿＿＿＿＿＿＿＿
＿＿＿＿＿＿＿＿＿＿
＿■■＿＿＿＿＿＿＿
■■□□□＿＿＿＿＿
□□□□□□□＿＿＿
□□□□□□□＿＿＿
□□□□□□□□□＿
□□□□□□□□□＿
□□□□□□□□□＿
□□□□□□＿□□＿
00:00:27(819f):field(818f)
＿＿＿＿＿＿＿＿＿＿
＿＿＿＿＿＿＿＿＿＿
＿＿＿＿＿＿＿＿＿＿
＿＿＿＿＿＿＿＿＿＿
＿＿＿＿＿＿＿＿＿＿
＿＿＿＿＿＿＿＿＿＿
＿＿＿＿＿＿＿＿＿＿
＿＿＿＿＿＿＿＿＿＿
＿＿＿＿＿＿＿＿＿＿
＿＿＿＿＿＿＿＿＿＿
＿＿＿＿＿＿＿＿＿＿
＿＿＿＿＿■＿＿＿＿
＿□□＿■■＿＿＿＿
□□□□□■＿＿＿＿
□□□□□□□＿＿＿
□□□□□□□＿＿＿
□□□□□□□□□＿
□□□□□□□□□＿
□□□□□□□□□＿
□□□□□□＿□□＿
00:00:27(835f):field(834f)
＿＿＿＿＿＿＿＿＿＿
＿＿＿＿＿＿＿＿＿＿
＿＿＿＿＿＿＿＿＿＿
＿＿＿＿＿＿＿＿＿＿
＿＿＿＿＿＿＿＿＿＿
＿＿＿＿＿＿＿＿＿＿
＿＿＿＿＿＿＿＿＿＿
＿＿＿＿＿＿＿＿＿＿
＿＿＿＿＿＿＿＿＿＿
＿＿＿＿＿＿＿＿＿＿
＿＿＿＿＿＿＿＿＿＿
＿＿＿＿＿□＿＿＿＿
＿□□＿□□＿＿＿＿
□□□□□□＿＿＿＿
□□□□□□□■■＿
□□□□□□□■■＿
□□□□□□□□□＿
□□□□□□□□□＿
□□□□□□□□□＿
□□□□□□＿□□＿
00:00:28(849f):field(848f)
＿＿＿＿＿＿＿＿＿＿
＿＿＿＿＿＿＿＿＿＿
＿＿＿＿＿＿＿＿＿＿
＿＿＿＿＿＿＿＿＿＿
＿＿＿＿＿＿＿＿＿＿
＿＿＿＿＿＿＿＿＿＿
＿＿＿＿＿＿＿＿＿＿
＿＿＿＿＿＿＿＿＿＿
＿＿＿＿＿＿＿＿＿＿
＿＿＿＿＿＿＿＿＿＿
＿＿＿＿＿＿＿＿＿＿
■■■＿＿□＿＿＿＿
■□□＿□□＿＿＿＿
□□□□□□＿＿＿＿
□□□□□□□□□＿
□□□□□□□□□＿
□□□□□□□□□＿
□□□□□□□□□＿
□□□□□□□□□＿
□□□□□□＿□□＿
00:00:28(865f):field(864f)
＿＿＿＿＿＿＿＿＿＿
＿＿＿＿＿＿＿＿＿＿
＿＿＿＿＿＿＿＿＿＿
＿＿＿＿＿＿＿＿＿＿
＿＿＿＿＿＿＿＿＿＿
＿＿＿＿＿＿＿＿＿＿
＿＿＿＿＿＿＿＿＿＿
＿＿＿＿＿＿＿＿＿＿
＿＿＿＿＿＿＿＿＿＿
＿＿＿＿＿＿＿＿＿＿
＿＿＿＿＿＿＿＿＿＿
◆◆◆＿＿◆＿＿＿＿
◆◆◆＿◆◆＿＿＿＿
◆◆◆◆◆◆＿＿＿＿
□□□◆◆□◆◆◆＿
□□□◆□□◆◆◆＿
□□□□□□◆◆◆＿
□□□□□□□□□＿
□□□□□□□□□＿
□□□□□□■□□■
00:00:29(876f):field(875f)
＿＿＿＿＿＿＿＿＿＿
＿＿＿＿＿＿＿＿＿＿
＿＿＿＿＿＿＿＿＿＿
＿＿＿＿＿＿＿＿＿＿
＿＿＿＿＿＿＿＿＿＿
＿＿＿＿＿＿＿＿＿＿
＿＿＿＿＿＿＿＿＿＿
＿＿＿＿＿＿＿＿＿＿
＿＿＿＿＿＿＿＿＿＿
＿＿＿＿＿＿＿＿＿＿
＿＿＿＿＿＿＿＿＿＿
＿＿＿＿＿＿＿＿＿＿
＿＿＿＿＿＿＿＿＿＿
＿＿＿＿■■＿＿＿＿
□□□■■□＿＿＿＿
□□□＿□□＿＿＿＿
□□□□□□＿＿＿＿
□□□□□□□□□＿
□□□□□□□□□＿
□□□□□□◆□□□
00:00:30(906f):field(905f)
＿＿＿＿＿＿＿＿＿＿
＿＿＿＿＿＿＿＿＿＿
＿＿＿＿＿＿＿＿＿＿
＿＿＿＿＿＿＿＿＿＿
＿＿＿＿＿＿＿＿＿＿
＿＿＿＿＿＿＿＿＿＿
＿＿＿＿＿＿＿＿＿＿
＿＿＿＿＿＿＿＿＿＿
＿＿＿＿＿＿＿＿＿＿
＿＿＿＿＿＿＿＿＿＿
＿＿＿＿＿＿＿＿＿＿
＿＿＿＿＿＿＿＿＿＿
＿＿＿＿＿＿＿＿＿＿
＿＿＿＿□□＿＿＿＿
□□□□□□＿＿■＿
□□□＿□□■■■■
□□□□□□■■■＿
□□□□□□□□□＿
□□□□□□□□□＿
□□□□□□＿□□□
00:00:30(920f):field(919f)
＿＿＿＿＿＿＿＿＿＿
＿＿＿＿＿＿＿＿＿＿
＿＿＿＿＿＿＿＿＿＿
＿＿＿＿＿＿＿＿＿＿
＿＿＿＿＿＿＿＿＿＿
＿＿＿＿＿＿＿＿＿＿
＿＿＿＿＿＿＿＿＿＿
＿＿＿＿＿＿＿＿＿＿
＿＿＿＿＿＿＿＿＿＿
＿＿＿＿＿＿＿＿＿＿
＿＿＿＿＿＿＿＿＿＿
＿＿＿＿＿＿＿＿＿＿
＿＿＿＿＿＿＿■＿＿
＿＿＿＿□□＿■■＿
□□□□□□＿■□＿
□□□＿□□□□□□
□□□□□□□□□＿
□□□□□□□□□＿
□□□□□□□□□＿
□□□□□□＿□□□
00:00:31(933f):field(932f)
＿＿＿＿＿＿＿＿＿＿
＿＿＿＿＿＿＿＿＿＿
＿＿＿＿＿＿＿＿＿＿
＿＿＿＿＿＿＿＿＿＿
＿＿＿＿＿＿＿＿＿＿
＿＿＿＿＿＿＿＿＿＿
＿＿＿＿＿＿＿＿＿＿
＿＿＿＿＿＿＿＿＿＿
＿＿＿＿＿＿＿＿＿＿
＿＿＿＿＿＿＿＿＿＿
＿＿＿＿＿＿＿＿＿＿
＿＿＿＿＿＿＿＿＿＿
■■＿＿＿＿＿□＿＿
■■＿＿□□＿□□＿
□□□□□□＿□□＿
□□□＿□□□□□□
□□□□□□□□□＿
□□□□□□□□□＿
□□□□□□□□□＿
□□□□□□＿□□□
00:00:31(946f):field(945f)
＿＿＿＿＿＿＿＿＿＿
＿＿＿＿＿＿＿＿＿＿
＿＿＿＿＿＿＿＿＿＿
＿＿＿＿＿＿＿＿＿＿
＿＿＿＿＿＿＿＿＿＿
＿＿＿＿＿＿＿＿＿＿
＿＿＿＿＿＿＿＿＿＿
＿＿＿＿＿＿＿＿＿＿
＿＿＿＿＿＿＿＿＿＿
＿＿＿＿＿＿＿＿＿＿
＿＿＿＿＿＿＿＿＿＿
＿＿＿＿＿＿＿＿＿＿
□□＿■■＿＿□＿＿
□□■■□□＿□□＿
□□□□□□＿□□＿
□□□＿□□□□□□
□□□□□□□□□＿
□□□□□□□□□＿
□□□□□□□□□＿
□□□□□□＿□□□
00:00:31(959f):field(958f)
＿＿＿＿＿＿＿＿＿＿
＿＿＿＿＿＿＿＿＿＿
＿＿＿＿＿＿＿＿＿＿
＿＿＿＿＿＿＿＿＿＿
＿＿＿＿＿＿＿＿＿＿
＿＿＿＿＿＿＿＿＿＿
＿＿＿＿＿＿＿＿＿＿
＿＿＿＿＿＿＿＿＿＿
＿＿＿＿＿＿＿＿＿＿
＿＿＿＿＿＿＿＿＿＿
＿＿＿■＿＿＿＿＿＿
＿＿■■＿＿＿＿＿＿
□□■□□＿＿□＿＿
□□□□□□＿□□＿
□□□□□□＿□□＿
□□□＿□□□□□□
□□□□□□□□□＿
□□□□□□□□□＿
□□□□□□□□□＿
□□□□□□＿□□□
00:00:32(972f):field(971f)
＿＿＿＿＿＿＿＿＿＿
＿＿＿＿＿＿＿＿＿＿
＿＿＿＿＿＿＿＿＿＿
＿＿＿＿＿＿＿＿＿＿
＿＿＿＿＿＿＿＿＿＿
＿＿＿＿＿＿＿＿＿＿
＿＿＿＿＿＿＿＿＿＿
＿＿＿＿＿＿＿＿＿＿
＿＿＿＿＿＿＿＿＿＿
＿＿＿＿＿＿＿＿＿＿
＿＿＿□＿＿＿＿＿＿
＿＿□□＿＿■■＿＿
□□□□□＿■□＿＿
□□□□□□■□□＿
□□□□□□＿□□＿
□□□＿□□□□□□
□□□□□□□□□＿
□□□□□□□□□＿
□□□□□□□□□＿
□□□□□□＿□□□
00:00:33(990f):field(989f)
＿＿＿＿＿＿＿＿＿＿
＿＿＿＿＿＿＿＿＿＿
＿＿＿＿＿＿＿＿＿＿
＿＿＿＿＿＿＿＿＿＿
＿＿＿＿＿＿＿＿＿＿
＿＿＿＿＿＿＿＿＿＿
＿＿＿＿＿＿＿＿＿＿
＿＿＿＿＿＿＿＿＿＿
＿＿＿＿＿＿＿＿＿＿
＿＿＿＿＿＿＿＿＿＿
＿＿＿◆＿＿＿＿＿＿
＿＿◆□＿＿◆◆＿＿
◆◆□□◆＿□□■■
□□□□□◆□□◆■
□□□□□□＿□□■
□□□＿□□□□□□
□□□□□□□□□＿
□□□□□□□□□＿
□□□□□□□□□＿
□□□□□□＿□□□
00:00:33(1002f):field(1001f)
＿＿＿＿＿＿＿＿＿＿
＿＿＿＿＿＿＿＿＿＿
＿＿＿＿＿＿＿＿＿＿
＿＿＿＿＿＿＿＿＿＿
＿＿＿＿＿＿＿＿＿＿
＿＿＿＿＿＿＿＿＿＿
＿＿＿＿＿＿＿＿＿＿
＿＿＿＿＿＿＿＿＿＿
＿＿＿＿＿＿＿＿＿＿
＿＿＿＿＿＿＿＿＿＿
＿＿＿＿＿＿＿＿＿＿
＿＿＿□■■＿＿＿＿
＿＿□□■■□□◆□
□□□□□＿□□＿□
□□□□□□＿□□□
□□□＿□□□□□□
□□□□□□□□□＿
□□□□□□□□□＿
□□□□□□□□□＿
□□□□□□＿□□□
00:00:33(1016f):field(1015f)
＿＿＿＿＿＿＿＿＿＿
＿＿＿＿＿＿＿＿＿＿
＿＿＿＿＿＿＿＿＿＿
＿＿＿＿＿＿＿＿＿＿
＿＿＿＿＿＿＿＿＿＿
＿＿＿＿＿＿＿＿＿＿
＿＿＿＿＿＿＿＿＿＿
＿＿＿＿＿＿＿＿＿＿
＿＿＿＿＿＿＿＿＿＿
＿＿＿＿＿＿＿＿＿＿
■＿＿＿＿＿＿＿＿＿
■＿＿□□□＿＿＿＿
■■□□□□□□＿□
□□□□□＿□□＿□
□□□□□□＿□□□
□□□＿□□□□□□
□□□□□□□□□＿
□□□□□□□□□＿
□□□□□□□□□＿
□□□□□□＿□□□
00:00:34(1033f):field(1032f)
＿＿＿＿＿＿＿＿＿＿
＿＿＿＿＿＿＿＿＿＿
＿＿＿＿＿＿＿＿＿＿
＿＿＿＿＿＿＿＿＿＿
＿＿＿＿＿＿＿＿＿＿
＿＿＿＿＿＿＿＿＿＿
＿＿＿＿＿＿＿＿＿＿
＿＿＿＿＿＿＿＿＿＿
＿＿＿＿＿＿＿＿＿＿
＿＿＿＿＿＿＿＿＿＿
◆＿＿＿＿＿＿＿＿＿
□＿＿◆◆◆＿＿＿■
□◆◆□□□□◆■□
□□□□□＿□□＿□
□□□□□□＿□□□
□□□＿□□□□□□
□□□□□□□□□＿
□□□□□□□□□＿
□□□□□□□□□＿
□□□□□□＿□□□
00:00:34(1046f):field(1045f)
＿＿＿＿＿＿＿＿＿＿
＿＿＿＿＿＿＿＿＿＿
＿＿＿＿＿＿＿＿＿＿
＿＿＿＿＿＿＿＿＿＿
＿＿＿＿＿＿＿＿＿＿
＿＿＿＿＿＿＿＿＿＿
＿＿＿＿＿＿＿＿＿＿
＿＿＿＿＿＿＿＿＿＿
＿＿＿＿＿＿＿＿＿＿
＿＿＿＿＿＿＿＿＿＿
＿＿＿＿＿＿＿＿＿＿
□＿＿＿＿＿＿■■□
□＿＿□□□□■□□
□□□□□＿□□＿□
□□□□□□＿□□□
□□□＿□□□□□□
□□□□□□□□□＿
□□□□□□□□□＿
□□□□□□□□□＿
□□□□□□＿□□□
00:00:35(1063f):field(1062f)
＿＿＿＿＿＿＿＿＿＿
＿＿＿＿＿＿＿＿＿＿
＿＿＿＿＿＿＿＿＿＿
＿＿＿＿＿＿＿＿＿＿
＿＿＿＿＿＿＿＿＿＿
＿＿＿＿＿＿＿＿＿＿
＿＿＿＿＿＿＿＿＿＿
＿＿＿＿＿＿＿＿＿＿
＿＿＿＿＿＿＿＿＿＿
＿＿＿＿＿＿＿＿＿＿
＿＿＿＿＿＿＿＿＿＿
◆■■＿＿＿＿◆◆◆
□＿■□◆◆◆□□□
□□□□□＿□□＿□
□□□□□□＿□□□
□□□＿□□□□□□
□□□□□□□□□＿
□□□□□□□□□＿
□□□□□□□□□＿
□□□□□□＿□□□
00:00:35(1074f):field(1073f)
＿＿＿＿＿＿＿＿＿＿
＿＿＿＿＿＿＿＿＿＿
＿＿＿＿＿＿＿＿＿＿
＿＿＿＿＿＿＿＿＿＿
＿＿＿＿＿＿＿＿＿＿
＿＿＿＿＿＿＿＿＿＿
＿＿＿＿＿＿＿＿＿＿
＿＿＿＿＿＿＿＿＿＿
＿＿＿＿＿＿＿＿＿＿
＿＿＿＿＿＿＿＿＿＿
＿＿＿＿＿■＿＿＿＿
＿◆□＿＿■＿＿＿＿
□＿□◆＿■＿□□□
□□□□□■□□＿□
□□□□□□＿□□□
□□□＿□□□□□□
□□□□□□□□□＿
□□□□□□□□□＿
□□□□□□□□□＿
□□□□□□＿□□□
00:00:36(1086f):field(1085f)
＿＿＿＿＿＿＿＿＿＿
＿＿＿＿＿＿＿＿＿＿
＿＿＿＿＿＿＿＿＿＿
＿＿＿＿＿＿＿＿＿＿
＿＿＿＿＿＿＿＿＿＿
＿＿＿＿＿＿＿＿＿＿
＿＿＿＿＿＿＿＿＿＿
＿＿＿＿＿＿＿＿＿＿
＿＿＿＿＿＿＿＿＿＿
＿＿＿＿＿＿＿＿＿＿
＿＿＿＿■□＿＿＿＿
＿＿□■■□＿＿＿＿
□＿□＿■□＿□□□
□□□□□□□□＿□
□□□□□□＿□□□
□□□＿□□□□□□
□□□□□□□□□＿
□□□□□□□□□＿
□□□□□□□□□＿
□□□□□□＿□□□
00:00:36(1100f):field(1099f)
＿＿＿＿＿＿＿＿＿＿
＿＿＿＿＿＿＿＿＿＿
＿＿＿＿＿＿＿＿＿＿
＿＿＿＿＿＿＿＿＿＿
＿＿＿＿＿＿＿＿＿＿
＿＿＿＿＿＿＿＿＿＿
＿＿＿＿＿＿＿＿＿＿
＿＿＿＿＿＿＿＿＿＿
＿＿＿＿＿＿＿＿＿＿
＿＿＿＿＿＿＿＿＿＿
＿＿＿＿□□＿■＿＿
＿＿□□□□■■＿＿
□＿□＿□□■□□□
□□□□□□□□＿□
□□□□□□＿□□□
□□□＿□□□□□□
□□□□□□□□□＿
□□□□□□□□□＿
□□□□□□□□□＿
□□□□□□＿□□□
00:00:37(1113f):field(1112f)
＿＿＿＿＿＿＿＿＿＿
＿＿＿＿＿＿＿＿＿＿
＿＿＿＿＿＿＿＿＿＿
＿＿＿＿＿＿＿＿＿＿
＿＿＿＿＿＿＿＿＿＿
＿＿＿＿＿＿＿＿＿＿
＿＿＿＿＿＿＿＿＿＿
＿＿＿＿＿＿＿＿＿＿
＿＿＿＿＿＿＿＿＿＿
＿＿＿＿＿＿＿＿＿＿
■＿＿＿□□＿□＿＿
■■□□□□□□＿＿
□■□＿□□□□□□
□□□□□□□□＿□
□□□□□□＿□□□
□□□＿□□□□□□
□□□□□□□□□＿
□□□□□□□□□＿
□□□□□□□□□＿
□□□□□□＿□□□
00:00:37(1131f):field(1130f)
＿＿＿＿＿＿＿＿＿＿
＿＿＿＿＿＿＿＿＿＿
＿＿＿＿＿＿＿＿＿＿
＿＿＿＿＿＿＿＿＿＿
＿＿＿＿＿＿＿＿＿＿
＿＿＿＿＿＿＿＿＿＿
＿＿＿＿＿＿＿＿＿＿
＿＿＿＿＿＿＿＿＿＿
＿＿＿＿＿＿＿＿＿＿
＿＿＿＿＿＿＿＿＿＿
◆■＿＿◆◆＿◆■＿
□□◆◆□□◆□■＿
□□□＿□□□□□□
□□□□□□□□＿□
□□□□□□■□□□
□□□＿□□□□□□
□□□□□□□□□＿
□□□□□□□□□＿
□□□□□□□□□＿
□□□□□□＿□□□
00:00:38(1147f):field(1146f)
＿＿＿＿＿＿＿＿＿＿
＿＿＿＿＿＿＿＿＿＿
＿＿＿＿＿＿＿＿＿＿
＿＿＿＿＿＿＿＿＿＿
＿＿＿＿＿＿＿＿＿＿
＿＿＿＿＿＿＿＿＿＿
＿＿＿＿＿＿＿＿＿＿
＿＿＿＿＿＿＿＿＿＿
＿＿＿＿＿＿＿＿＿＿
＿＿＿＿＿＿＿＿＿＿
＿◆＿■＿＿＿＿◆＿
◆◆＿■◆◆＿□□＿
□□◆■□□◆□□◆
□□□□□□□□＿□
□□□□□□□□□□
□□□＿□□□□□□
□□□□□□□□□＿
□□□□□□□□□＿
□□□□□□□□□＿
□□□□□□＿□□□
00:00:38(1158f):field(1157f)
＿＿＿＿＿＿＿＿＿＿
＿＿＿＿＿＿＿＿＿＿
＿＿＿＿＿＿＿＿＿＿
＿＿＿＿＿＿＿＿＿＿
＿＿＿＿＿＿＿＿＿＿
＿＿＿＿＿＿＿＿＿＿
＿＿＿＿＿＿＿＿＿＿
＿＿＿＿＿＿＿＿＿＿
＿＿＿＿＿＿＿＿＿＿
＿＿＿＿＿＿＿＿＿＿
＿＿＿□＿＿＿＿＿＿
＿＿＿□■■■◆□＿
□◆＿□□□■□□＿
□□□□□□□□＿□
□□□□□□◆□□□
□□□＿□□□□□□
□□□□□□□□□＿
□□□□□□□□□＿
□□□□□□□□□＿
□□□□□□＿□□□
00:00:39(1173f):field(1172f)
＿＿＿＿＿＿＿＿＿＿
＿＿＿＿＿＿＿＿＿＿
＿＿＿＿＿＿＿＿＿＿
＿＿＿＿＿＿＿＿＿＿
＿＿＿＿＿＿＿＿＿＿
＿＿＿＿＿＿＿＿＿＿
＿＿＿＿＿＿＿＿＿＿
＿＿＿＿＿＿＿＿＿＿
＿＿＿＿＿＿＿＿＿＿
＿＿＿＿＿＿＿＿■＿
＿＿＿□＿＿＿■■＿
＿＿＿□□□□■□＿
□＿＿□□□□□□＿
□□□□□□□□＿□
□□□□□□＿□□□
□□□＿□□□□□□
□□□□□□□□□＿
□□□□□□□□□＿
□□□□□□□□□＿
□□□□□□＿□□□
00:00:39(1184f):field(1183f)
＿＿＿＿＿＿＿＿＿＿
＿＿＿＿＿＿＿＿＿＿
＿＿＿＿＿＿＿＿＿＿
＿＿＿＿＿＿＿＿＿＿
＿＿＿＿＿＿＿＿＿＿
＿＿＿＿＿＿＿＿＿＿
＿＿＿＿＿＿＿＿＿＿
＿＿＿＿＿＿＿＿＿＿
＿＿＿＿＿＿＿＿＿＿
＿＿＿＿＿■＿＿□＿
＿＿＿□■■■□□＿
＿＿＿□□□□□□＿
□＿＿□□□□□□＿
□□□□□□□□＿□
□□□□□□＿□□□
□□□＿□□□□□□
□□□□□□□□□＿
□□□□□□□□□＿
□□□□□□□□□＿
□□□□□□＿□□□
00:00:39(1197f):field(1196f)
＿＿＿＿＿＿＿＿＿＿
＿＿＿＿＿＿＿＿＿＿
＿＿＿＿＿＿＿＿＿＿
＿＿＿＿＿＿＿＿＿＿
＿＿＿＿＿＿＿＿＿＿
＿＿＿＿＿＿＿＿＿＿
＿＿＿＿＿＿＿＿＿＿
＿＿＿＿＿＿＿＿＿＿
＿＿＿＿＿＿＿＿＿＿
＿＿＿＿＿□＿＿□＿
■＿＿□□□□□□＿
■■＿□□□□□□＿
□■＿□□□□□□＿
□□□□□□□□＿□
□□□□□□＿□□□
□□□＿□□□□□□
□□□□□□□□□＿
□□□□□□□□□＿
□□□□□□□□□＿
□□□□□□＿□□□
00:00:40(1213f):field(1212f)
＿＿＿＿＿＿＿＿＿＿
＿＿＿＿＿＿＿＿＿＿
＿＿＿＿＿＿＿＿＿＿
＿＿＿＿＿＿＿＿＿＿
＿＿＿＿＿＿＿＿＿＿
＿＿＿＿＿＿＿＿＿＿
＿＿＿＿＿＿＿＿＿＿
＿＿＿＿＿＿＿＿＿＿
＿＿＿＿＿＿■■＿＿
＿＿＿＿＿□■■□＿
□＿＿□□□□□□＿
□□＿□□□□□□＿
□□＿□□□□□□＿
□□□□□□□□＿□
□□□□□□＿□□□
□□□＿□□□□□□
□□□□□□□□□＿
□□□□□□□□□＿
□□□□□□□□□＿
□□□□□□＿□□□
00:00:40(1225f):field(1224f)
＿＿＿＿＿＿＿＿＿＿
＿＿＿＿＿＿＿＿＿＿
＿＿＿＿＿＿＿＿＿＿
＿＿＿＿＿＿＿＿＿＿
＿＿＿＿＿＿＿＿＿＿
＿＿＿＿＿＿＿＿＿＿
＿＿＿＿＿＿＿＿＿＿
＿＿＿＿＿＿＿＿＿＿
＿＿＿＿＿＿□□＿＿
＿＿＿＿＿□□□□＿
□■■□□□□□□＿
□□■□□□□□□＿
□□■□□□□□□＿
□□□□□□□□＿□
□□□□□□＿□□□
□□□＿□□□□□□
□□□□□□□□□＿
□□□□□□□□□＿
□□□□□□□□□＿
□□□□□□＿□□□
00:00:41(1238f):field(1237f)
＿＿＿＿＿＿＿＿＿＿
＿＿＿＿＿＿＿＿＿＿
＿＿＿＿＿＿＿＿＿＿
＿＿＿＿＿＿＿＿＿＿
＿＿＿＿＿＿＿＿＿＿
＿＿＿＿＿＿＿＿＿＿
＿＿＿＿＿＿＿＿＿＿
＿＿＿＿＿＿＿＿＿＿
■＿＿＿＿＿□□＿＿
■■■＿＿□□□□＿
□□□□□□□□□＿
□□□□□□□□□＿
□□□□□□□□□＿
□□□□□□□□＿□
□□□□□□＿□□□
□□□＿□□□□□□
□□□□□□□□□＿
□□□□□□□□□＿
□□□□□□□□□＿
□□□□□□＿□□□
00:00:41(1249f):field(1248f)
＿＿＿＿＿＿＿＿＿＿
＿＿＿＿＿＿＿＿＿＿
＿＿＿＿＿＿＿＿＿＿
＿＿＿＿＿＿＿＿＿＿
＿＿＿＿＿＿＿＿＿＿
＿＿＿＿＿＿＿＿＿＿
＿＿＿＿＿＿＿＿＿＿
＿＿＿＿＿＿＿＿＿＿
□＿■■＿＿□□＿＿
□□□■■□□□□＿
□□□□□□□□□＿
□□□□□□□□□＿
□□□□□□□□□＿
□□□□□□□□＿□
□□□□□□＿□□□
□□□＿□□□□□□
□□□□□□□□□＿
□□□□□□□□□＿
□□□□□□□□□＿
□□□□□□＿□□□
00:00:42(1263f):field(1262f)
＿＿＿＿＿＿＿＿＿＿
＿＿＿＿＿＿＿＿＿＿
＿＿＿＿＿＿＿＿＿＿
＿＿＿＿＿＿＿＿＿＿
＿＿＿＿＿＿＿＿＿＿
＿＿＿＿＿＿＿＿＿＿
＿＿＿＿＿＿＿＿＿＿
＿＿＿＿＿■■＿＿＿
□＿□□■■□□＿＿
□□□□□□□□□＿
□□□□□□□□□＿
□□□□□□□□□＿
□□□□□□□□□＿
□□□□□□□□＿□
□□□□□□＿□□□
□□□＿□□□□□□
□□□□□□□□□＿
□□□□□□□□□＿
□□□□□□□□□＿
□□□□□□＿□□□
00:00:42(1276f):field(1275f)
＿＿＿＿＿＿＿＿＿＿
＿＿＿＿＿＿＿＿＿＿
＿＿＿＿＿＿＿＿＿＿
＿＿＿＿＿＿＿＿＿＿
＿＿＿＿＿＿＿＿＿＿
＿＿＿＿＿＿＿＿＿＿
＿＿＿＿＿＿＿＿＿＿
■■■＿＿□□＿＿＿
□■□□□□□□＿＿
□□□□□□□□□＿
□□□□□□□□□＿
□□□□□□□□□＿
□□□□□□□□□＿
□□□□□□□□＿□
□□□□□□＿□□□
□□□＿□□□□□□
□□□□□□□□□＿
□□□□□□□□□＿
□□□□□□□□□＿
□□□□□□＿□□□
00:00:43(1292f):field(1291f)
＿＿＿＿＿＿＿＿＿＿
＿＿＿＿＿＿＿＿＿＿
＿＿＿＿＿＿＿＿＿＿
＿＿＿＿＿＿＿＿＿＿
＿＿＿＿＿＿＿＿＿＿
＿＿＿＿＿＿＿＿＿＿
＿＿＿＿＿＿＿＿＿＿
◆◆◆＿＿◆◆＿＿＿
◆◆◆◆◆◆◆◆＿＿
◆◆◆□◆◆◆◆◆＿
◆◆◆□◆□◆◆◆＿
□□□◆◆□□◆◆＿
□□□□□□□□◆＿
□□□□□□□□＿□
□□□□□□＿□□□
□□□＿□□□□□□
□□□□□□□□□＿
□□□□□□□□□＿
□□□□□□□□□＿
□□□□□□＿□□□
00:00:43(1304f):field(1303f)
＿＿＿＿＿＿＿＿＿＿
＿＿＿＿＿＿＿＿＿＿
＿＿＿＿＿＿＿＿＿＿
＿＿＿＿＿＿＿＿＿＿
＿＿＿＿＿＿＿＿＿＿
＿＿＿＿＿＿＿＿＿＿
＿＿＿＿＿＿＿＿＿＿
＿＿＿＿＿＿＿＿＿＿
＿＿＿＿＿＿＿＿＿＿
＿＿＿◆＿＿＿＿＿＿
＿＿＿◆■□■＿＿＿
□□□＿■□□＿＿＿
□□□□□□□□＿＿
□□□□□□□□＿□
□□□□□□＿□□□
□□□＿□□□□□□
□□□□□□□□□＿
□□□□□□□□□＿
□□□□□□□□□＿
□□□□□□＿□□□
00:00:44(1320f):field(1319f)
＿＿＿＿＿＿＿＿＿＿
＿＿＿＿＿＿＿＿＿＿
＿＿＿＿＿＿＿＿＿＿
＿＿＿＿＿＿＿＿＿＿
＿＿＿＿＿＿＿＿＿＿
＿＿＿＿＿＿＿＿＿＿
＿＿＿＿＿＿＿＿＿＿
＿＿＿＿＿＿＿＿＿＿
＿＿＿＿＿＿＿＿＿＿
＿＿＿■＿＿＿＿＿＿
＿＿■■□□□＿＿＿
□□□■□□□＿＿＿
□□□□□□□□＿＿
□□□□□□□□＿□
□□□□□□＿□□□
□□□＿□□□□□□
□□□□□□□□□＿
□□□□□□□□□＿
□□□□□□□□□＿
□□□□□□＿□□□
00:00:44(1333f):field(1332f)
＿＿＿＿＿＿＿＿＿＿
＿＿＿＿＿＿＿＿＿＿
＿＿＿＿＿＿＿＿＿＿
＿＿＿＿＿＿＿＿＿＿
＿＿＿＿＿＿＿＿＿＿
＿＿＿＿＿＿＿＿＿＿
＿＿＿＿＿＿＿＿＿＿
＿＿＿＿＿＿＿＿＿＿
＿＿＿＿■■＿＿＿＿
＿＿＿□■■＿＿＿＿
＿＿□□□□□＿＿＿
□□□□□□□＿＿＿
□□□□□□□□＿＿
□□□□□□□□＿□
□□□□□□＿□□□
□□□＿□□□□□□
□□□□□□□□□＿
□□□□□□□□□＿
□□□□□□□□□＿
□□□□□□＿□□□
00:00:45(1353f):field(1352f)
＿＿＿＿＿＿＿＿＿＿
＿＿＿＿＿＿＿＿＿＿
＿＿＿＿＿＿＿＿＿＿
＿＿＿＿＿＿＿＿＿＿
＿＿＿＿＿＿＿＿＿＿
＿＿＿＿＿＿＿＿＿＿
＿＿＿＿＿＿＿＿＿＿
＿＿＿＿＿＿＿＿＿＿
＿＿＿＿◆◆＿＿＿＿
＿＿＿◆□□＿＿＿＿
＿＿◆□□□◆＿■＿
◆◆□□□□□＿＿■
□□□□□□□◆＿■
□□□□□□□□＿□
□□□□□□＿□□□
□□□＿□□□□□□
□□□□□□□□□＿
□□□□□□□□□＿
□□□□□□□□□＿
□□□□□□＿□□□
00:00:45(1371f):field(1370f)
＿＿＿＿＿＿＿＿＿＿
＿＿＿＿＿＿＿＿＿＿
＿＿＿＿＿＿＿＿＿＿
＿＿＿＿＿＿＿＿＿＿
＿＿＿＿＿＿＿＿＿＿
＿＿＿＿＿＿＿＿＿＿
＿＿＿＿＿＿＿＿＿＿
＿＿＿＿＿＿＿＿＿＿
＿＿＿＿＿＿＿＿＿＿
＿＿＿＿◆◆＿＿＿＿
＿＿＿◆◆◆＿＿◆＿
＿＿◆◆□□◆■＿◆
◆□◆□□□◆＿＿◆
◆◆□□□□□□＿□
□□□□□□■□□□
□□□＿□□□□□□
□□□□□□□□□＿
□□□□□□□□□＿
□□□□□□□□□＿
□□□□□□＿□□□
00:00:46(1385f):field(1384f)
＿＿＿＿＿＿＿＿＿＿
＿＿＿＿＿＿＿＿＿＿
＿＿＿＿＿＿＿＿＿＿
＿＿＿＿＿＿＿＿＿＿
＿＿＿＿＿＿＿＿＿＿
＿＿＿＿＿＿＿＿＿＿
＿＿＿＿＿＿＿＿＿＿
＿＿＿＿＿＿＿＿＿＿
＿＿＿＿＿＿＿＿＿＿
＿＿＿＿＿＿＿＿＿＿
＿＿＿＿＿＿＿＿＿＿
■＿＿＿□□＿◆＿＿
■◆＿□□□＿＿＿＿
■■□□□□□□＿□
□□□□□□◆□□□
□□□＿□□□□□□
□□□□□□□□□＿
□□□□□□□□□＿
□□□□□□□□□＿
□□□□□□＿□□□
00:00:46(1401f):field(1400f)
＿＿＿＿＿＿＿＿＿＿
＿＿＿＿＿＿＿＿＿＿
＿＿＿＿＿＿＿＿＿＿
＿＿＿＿＿＿＿＿＿＿
＿＿＿＿＿＿＿＿＿＿
＿＿＿＿＿＿＿＿＿＿
＿＿＿＿＿＿＿＿＿＿
＿＿＿＿＿＿＿＿＿＿
＿＿＿＿＿＿＿＿＿＿
＿＿＿＿＿＿＿＿＿＿
＿＿＿＿＿＿＿＿＿＿
◆＿＿＿◆◆＿＿＿＿
□＿＿◆□□■＿＿■
□◆◆□□□◆◆■□
□□□□□□＿□□□
□□□＿□□□□□□
□□□□□□□□□＿
□□□□□□□□□＿
□□□□□□□□□＿
□□□□□□＿□□□
00:00:47(1418f):field(1417f)
＿＿＿＿＿＿＿＿＿＿
＿＿＿＿＿＿＿＿＿＿
＿＿＿＿＿＿＿＿＿＿
＿＿＿＿＿＿＿＿＿＿
＿＿＿＿＿＿＿＿＿＿
＿＿＿＿＿＿＿＿＿＿
＿＿＿＿＿＿＿＿＿＿
＿＿＿＿＿＿＿＿＿＿
＿＿＿＿＿＿＿＿＿＿
＿＿＿＿＿＿＿＿＿＿
＿＿＿＿＿＿＿＿＿＿
＿＿＿＿＿＿＿＿＿＿
◆＿＿＿◆◆◆＿＿◆
□＿＿◆□□■＿◆□
□◆◆□□□■□□□
□□□＿□□□□□□
□□□□□□□□□＿
□□□□□□□□□＿
□□□□□□□□□＿
□□□□□□＿□□□
00:00:47(1432f):field(1431f)
＿＿＿＿＿＿＿＿＿＿
＿＿＿＿＿＿＿＿＿＿
＿＿＿＿＿＿＿＿＿＿
＿＿＿＿＿＿＿＿＿＿
＿＿＿＿＿＿＿＿＿＿
＿＿＿＿＿＿＿＿＿＿
＿＿＿＿＿＿＿＿＿＿
＿＿＿＿＿＿＿＿＿＿
＿＿＿＿＿＿＿＿＿＿
＿＿＿＿■＿＿＿＿＿
＿＿＿＿■＿＿＿＿＿
＿＿＿＿■＿＿＿＿＿
＿＿＿＿■＿＿＿＿＿
□＿＿＿□□□＿＿□
□＿＿□□□□□□□
□□□＿□□□□□□
□□□□□□□□□＿
□□□□□□□□□＿
□□□□□□□□□＿
□□□□□□＿□□□
00:00:48(1448f):field(1447f)
＿＿＿＿＿＿＿＿＿＿
＿＿＿＿＿＿＿＿＿＿
＿＿＿＿＿＿＿＿＿＿
＿＿＿＿＿＿＿＿＿＿
＿＿＿＿＿＿＿＿＿＿
＿＿＿＿＿＿＿＿＿＿
＿＿＿＿＿＿＿＿＿＿
＿＿＿＿＿＿＿＿＿＿
＿＿＿＿＿＿＿＿＿＿
＿＿＿＿◆＿＿＿＿＿
＿＿＿＿□＿＿＿＿＿
＿＿＿＿□＿＿＿＿＿
＿＿＿＿□＿＿＿＿＿
◆＿■＿□◆◆＿＿◆
□＿■◆□□□◆□□
□□□＿□□□□□□
□□□□□□□□□＿
□□□□□□□□□＿
□□□□□□□□□＿
□□□□□□＿□□□
00:00:48(1462f):field(1461f)
＿＿＿＿＿＿＿＿＿＿
＿＿＿＿＿＿＿＿＿＿
＿＿＿＿＿＿＿＿＿＿
＿＿＿＿＿＿＿＿＿＿
＿＿＿＿＿＿＿＿＿＿
＿＿＿＿＿＿＿＿＿＿
＿＿＿＿＿＿＿＿＿＿
＿＿＿＿＿＿＿＿＿＿
＿＿＿＿＿＿＿＿＿＿
＿＿＿＿＿＿＿＿＿＿
＿＿＿＿□＿＿＿＿＿
＿＿＿＿□＿＿＿＿＿
■＿＿＿□＿＿＿＿＿
■■□＿□＿＿＿＿＿
□■□＿□□□＿◆□
□□□＿□□□□□□
□□□□□□□□□＿
□□□□□□□□□＿
□□□□□□□□□＿
□□□□□□＿□□□
00:00:49(1475f):field(1474f)
＿＿＿＿＿＿＿＿＿＿
＿＿＿＿＿＿＿＿＿＿
＿＿＿＿＿＿＿＿＿＿
＿＿＿＿＿＿＿＿＿＿
＿＿＿＿＿＿＿＿＿＿
＿＿＿＿＿＿＿＿＿＿
＿＿＿＿＿＿＿＿＿＿
＿＿＿＿＿＿＿＿＿＿
＿＿＿＿＿＿＿＿＿＿
＿＿＿＿＿＿＿＿＿＿
＿＿＿＿□＿＿＿＿＿
＿＿＿＿□■＿＿＿＿
□＿＿＿□■＿＿＿＿
□□□＿□■■＿＿＿
□□□＿□□□＿＿□
□□□＿□□□□□□
□□□□□□□□□＿
□□□□□□□□□＿
□□□□□□□□□＿
□□□□□□＿□□□
00:00:49(1489f):field(1488f)
＿＿＿＿＿＿＿＿＿＿
＿＿＿＿＿＿＿＿＿＿
＿＿＿＿＿＿＿＿＿＿
＿＿＿＿＿＿＿＿＿＿
＿＿＿＿＿＿＿＿＿＿
＿＿＿＿＿＿＿＿＿＿
＿＿＿＿＿＿＿＿＿＿
＿＿＿＿＿＿＿＿＿＿
＿＿＿＿＿＿＿＿＿＿
＿＿＿＿＿＿＿＿＿＿
＿＿＿＿□＿＿＿＿＿
＿＿＿＿□□＿＿＿＿
□＿＿＿□□＿＿■＿
□□□＿□□□＿■■
□□□＿□□□＿■□
□□□＿□□□□□□
□□□□□□□□□＿
□□□□□□□□□＿
□□□□□□□□□＿
□□□□□□＿□□□
00:00:50(1512f):field(1511f)
＿＿＿＿＿＿＿＿＿＿
＿＿＿＿＿＿＿＿＿＿
＿＿＿＿＿＿＿＿＿＿
＿＿＿＿＿＿＿＿＿＿
＿＿＿＿＿＿＿＿＿＿
＿＿＿＿＿＿＿＿＿＿
＿＿＿＿＿＿＿＿＿＿
＿＿＿＿＿＿＿＿＿＿
＿＿＿＿＿＿＿＿＿＿
＿＿＿＿＿＿＿＿＿＿
＿＿＿＿◆＿＿＿＿＿
＿＿＿＿□◆＿＿＿＿
◆＿＿＿□□＿＿◆＿
□◆◆■□□◆＿□◆
□□□■□□□＿□□
□□□■□□□◆□□
□□□□□□□□□＿
□□□□□□□□□＿
□□□□□□□□□＿
□□□□□□＿□□□
00:00:50(1525f):field(1524f)
＿＿＿＿＿＿＿＿＿＿
＿＿＿＿＿＿＿＿＿＿
＿＿＿＿＿＿＿＿＿＿
＿＿＿＿＿＿＿＿＿＿
＿＿＿＿＿＿＿＿＿＿
＿＿＿＿＿＿＿＿＿＿
＿＿＿＿＿＿＿＿＿＿
＿＿＿＿＿＿＿＿＿＿
＿＿＿＿＿＿＿＿＿＿
＿＿＿＿＿＿＿＿＿＿
＿＿＿＿＿＿＿＿＿＿
＿＿＿＿□＿＿＿＿＿
＿■■＿□□＿＿＿＿
□■■□□□＿＿□＿
□□□□□□□＿□□
□□□□□□□＿□□
□□□□□□□□□＿
□□□□□□□□□＿
□□□□□□□□□＿
□□□□□□＿□□□
00:00:51(1541f):field(1540f)
＿＿＿＿＿＿＿＿＿＿
＿＿＿＿＿＿＿＿＿＿
＿＿＿＿＿＿＿＿＿＿
＿＿＿＿＿＿＿＿＿＿
＿＿＿＿＿＿＿＿＿＿
＿＿＿＿＿＿＿＿＿＿
＿＿＿＿＿＿＿＿＿＿
＿＿＿＿＿＿＿＿＿＿
＿＿＿＿＿＿＿＿＿＿
＿＿＿＿＿＿＿＿＿＿
＿＿■＿＿＿＿＿＿＿
＿＿■■□＿＿＿＿＿
＿□□■□□＿＿＿＿
□□□□□□＿＿□＿
□□□□□□□＿□□
□□□□□□□＿□□
□□□□□□□□□＿
□□□□□□□□□＿
□□□□□□□□□＿
□□□□□□＿□□□
00:00:51(1553f):field(1552f)
＿＿＿＿＿＿＿＿＿＿
＿＿＿＿＿＿＿＿＿＿
＿＿＿＿＿＿＿＿＿＿
＿＿＿＿＿＿＿＿＿＿
＿＿＿＿＿＿＿＿＿＿
＿＿＿＿＿＿＿＿＿＿
＿＿＿＿＿＿＿＿＿＿
＿＿＿＿＿＿＿＿＿＿
＿＿＿＿＿＿＿＿＿＿
＿＿＿＿＿＿＿＿＿＿
＿＿□■■■＿＿＿＿
＿＿□□□■＿＿＿＿
＿□□□□□＿＿＿＿
□□□□□□＿＿□＿
□□□□□□□＿□□
□□□□□□□＿□□
□□□□□□□□□＿
□□□□□□□□□＿
□□□□□□□□□＿
□□□□□□＿□□□
00:00:52(1568f):field(1567f)
＿＿＿＿＿＿＿＿＿＿
＿＿＿＿＿＿＿＿＿＿
＿＿＿＿＿＿＿＿＿＿
＿＿＿＿＿＿＿＿＿＿
＿＿＿＿＿＿＿＿＿＿
＿＿＿＿＿＿＿＿＿＿
＿＿＿＿＿＿＿＿＿＿
＿＿＿＿＿＿＿＿＿＿
＿＿＿＿＿＿＿＿＿＿
＿＿＿＿＿＿＿＿＿＿
＿＿◆◆◆◆＿＿＿＿
＿＿◆◆◆◆＿＿＿＿
＿◆□□□□＿＿＿＿
◆◆□□□□＿＿◆＿
◆□□□□□◆■◆□
□□□□□□□■□◆
□□□□□□□□□＿
□□□□□□□□□■
□□□□□□□□□＿
□□□□□□＿□□□
00:00:52(1583f):field(1582f)
＿＿＿＿＿＿＿＿＿＿
＿＿＿＿＿＿＿＿＿＿
＿＿＿＿＿＿＿＿＿＿
＿＿＿＿＿＿＿＿＿＿
＿＿＿＿＿＿＿＿＿＿
＿＿＿＿＿＿＿＿＿＿
＿＿＿＿＿＿＿＿＿＿
＿＿＿＿＿＿＿＿＿＿
＿＿＿＿＿＿＿＿＿＿
＿＿＿＿＿＿＿＿＿＿
＿＿＿＿＿＿＿＿＿＿
＿＿＿＿＿＿＿＿＿＿
＿■□□□□＿＿＿＿
■■□□□□＿＿＿＿
■□□□□□＿◆＿◆
□□□□□□□□□＿
□□□□□□□□□＿
□□□□□□□□□◆
□□□□□□□□□＿
□□□□□□＿□□□
00:00:53(1596f):field(1595f)
＿＿＿＿＿＿＿＿＿＿
＿＿＿＿＿＿＿＿＿＿
＿＿＿＿＿＿＿＿＿＿
＿＿＿＿＿＿＿＿＿＿
＿＿＿＿＿＿＿＿＿＿
＿＿＿＿＿＿＿＿＿＿
＿＿＿＿＿＿＿＿＿＿
＿＿＿＿＿＿＿＿＿＿
＿＿＿＿＿＿＿＿＿＿
＿＿＿＿＿＿＿＿＿＿
＿＿＿＿＿＿＿＿＿＿
＿＿＿＿＿＿＿＿＿＿
＿◆◆◆◆◆＿＿＿＿
◆◆◆◆◆◆＿＿＿＿
◆◆◆◆□□＿＿＿＿
◆◆□◆□◆◆◆◆＿
□□□□□□◆◆□＿
□□□□□□□□◆＿
□□□□□□□□◆■
□□□□□□＿□□□
00:00:53(1608f):field(1607f)
＿＿＿＿＿＿＿＿＿＿
＿＿＿＿＿＿＿＿＿＿
＿＿＿＿＿＿＿＿＿＿
＿＿＿＿＿＿＿＿＿＿
＿＿＿＿＿＿＿＿＿＿
＿＿＿＿＿＿＿＿＿＿
＿＿＿＿＿＿＿＿＿＿
＿＿＿＿＿＿＿＿＿＿
＿＿＿＿＿＿＿＿＿＿
＿＿＿＿＿＿＿＿＿＿
＿＿＿＿＿＿＿＿＿＿
＿＿＿＿＿＿＿＿＿＿
＿＿＿＿＿＿＿＿＿＿
＿＿＿＿＿＿＿＿＿＿
＿＿＿＿◆◆＿＿＿＿
＿＿◆＿◆＿＿＿＿＿
◆□□□□□＿＿◆＿
□□□□□□◆◆■■
□□□□□□◆◆■□
□□□□□□＿□□□
00:00:54(1624f):field(1623f)
＿＿＿＿＿＿＿＿＿＿
＿＿＿＿＿＿＿＿＿＿
＿＿＿＿＿＿＿＿＿＿
＿＿＿＿＿＿＿＿＿＿
＿＿＿＿＿＿＿＿＿＿
＿＿＿＿＿＿＿＿＿＿
＿＿＿＿＿＿＿＿＿＿
＿＿＿＿＿＿＿＿＿＿
＿＿＿＿＿＿＿＿＿＿
＿＿＿＿＿＿＿＿＿＿
＿＿＿＿＿＿＿＿＿＿
＿＿＿＿＿＿＿＿＿＿
＿＿＿＿＿＿＿＿＿＿
＿＿＿＿＿＿＿＿＿＿
＿＿＿＿＿＿＿＿＿■
＿＿＿＿＿＿＿＿＿■
＿□□□□□＿＿■■
□□□□□□＿＿□□
□□□□□□＿＿□□
□□□□□□＿□□□
00:00:54(1636f):field(1635f)
＿＿＿＿＿＿＿＿＿＿
＿＿＿＿＿＿＿＿＿＿
＿＿＿＿＿＿＿＿＿＿
＿＿＿＿＿＿＿＿＿＿
＿＿＿＿＿＿＿＿＿＿
＿＿＿＿＿＿＿＿＿＿
＿＿＿＿＿＿＿＿＿＿
＿＿＿＿＿＿＿＿＿＿
＿＿＿＿＿＿＿＿＿＿
＿＿＿＿＿＿＿＿＿＿
＿＿＿＿＿＿＿＿＿＿
＿＿＿＿＿＿＿＿＿＿
＿＿＿＿＿＿＿＿＿＿
＿＿＿＿＿＿＿＿＿＿
■＿＿＿＿＿＿＿＿□
■■＿＿＿＿＿＿＿□
■□□□□□＿＿□□
□□□□□□＿＿□□
□□□□□□＿＿□□
□□□□□□＿□□□
00:00:54(1648f):field(1647f)
＿＿＿＿＿＿＿＿＿＿
＿＿＿＿＿＿＿＿＿＿
＿＿＿＿＿＿＿＿＿＿
＿＿＿＿＿＿＿＿＿＿
＿＿＿＿＿＿＿＿＿＿
＿＿＿＿＿＿＿＿＿＿
＿＿＿＿＿＿＿＿＿＿
＿＿＿＿＿＿＿＿＿＿
＿＿＿＿＿＿＿＿＿＿
＿＿＿＿＿＿＿＿＿＿
＿＿＿＿＿＿＿＿＿＿
＿＿＿＿＿＿＿＿＿＿
＿＿＿＿＿＿＿＿＿＿
＿＿＿＿＿＿＿＿＿＿
□＿＿＿■＿＿＿＿□
□□■■■＿＿＿＿□
□□□□□□＿＿□□
□□□□□□＿＿□□
□□□□□□＿＿□□
□□□□□□＿□□□
00:00:55(1659f):field(1658f)
＿＿＿＿＿＿＿＿＿＿
＿＿＿＿＿＿＿＿＿＿
＿＿＿＿＿＿＿＿＿＿
＿＿＿＿＿＿＿＿＿＿
＿＿＿＿＿＿＿＿＿＿
＿＿＿＿＿＿＿＿＿＿
＿＿＿＿＿＿＿＿＿＿
＿＿＿＿＿＿＿＿＿＿
＿＿＿＿＿＿＿＿＿＿
＿＿＿＿＿＿＿＿＿＿
＿＿＿＿＿＿＿＿＿＿
＿＿＿＿＿＿＿＿＿＿
＿＿＿＿＿＿＿＿＿＿
＿＿＿＿＿＿＿＿＿＿
◆＿＿＿◆＿＿＿＿◆
□◆◆◆□＿＿＿＿□
□□□□□◆＿＿◆□
□□□□□□■＿□□
□□□□□□■＿□□
□□□□□□■◆□□
00:00:55(1671f):field(1670f)
＿＿＿＿＿＿＿＿＿＿
＿＿＿＿＿＿＿＿＿＿
＿＿＿＿＿＿＿＿＿＿
＿＿＿＿＿＿＿＿＿＿
＿＿＿＿＿＿＿＿＿＿
＿＿＿＿＿＿＿＿＿＿
＿＿＿＿＿＿＿＿＿＿
＿＿＿＿＿＿＿＿＿＿
＿＿＿＿＿＿＿＿＿＿
＿＿＿＿＿＿＿＿＿＿
＿＿＿＿＿＿＿＿＿＿
＿＿＿＿＿＿＿＿＿＿
＿＿＿＿＿＿＿＿＿＿
＿＿＿＿■＿＿＿＿＿
＿＿＿■■＿＿＿＿＿
□＿＿■□＿＿＿＿□
□□□□□＿＿＿＿□
□□□□□□□＿□□
□□□□□□□＿□□
□□□□□□□＿□□
00:00:56(1685f):field(1684f)
＿＿＿＿＿＿＿＿＿＿
＿＿＿＿＿＿＿＿＿＿
＿＿＿＿＿＿＿＿＿＿
＿＿＿＿＿＿＿＿＿＿
＿＿＿＿＿＿＿＿＿＿
＿＿＿＿＿＿＿＿＿＿
＿＿＿＿＿＿＿＿＿＿
＿＿＿＿＿＿＿＿＿＿
＿＿＿＿＿＿＿＿＿＿
＿＿＿＿＿＿＿＿＿＿
＿＿＿＿＿＿＿＿＿＿
＿＿＿＿＿＿＿＿＿＿
＿＿＿＿＿＿＿＿＿＿
＿＿■■□＿＿＿＿＿
＿＿■□□＿＿＿＿＿
□＿■□□＿＿＿＿□
□□□□□＿＿＿＿□
□□□□□□□＿□□
□□□□□□□＿□□
□□□□□□□＿□□
00:00:56(1697f):field(1696f)
＿＿＿＿＿＿＿＿＿＿
＿＿＿＿＿＿＿＿＿＿
＿＿＿＿＿＿＿＿＿＿
＿＿＿＿＿＿＿＿＿＿
＿＿＿＿＿＿＿＿＿＿
＿＿＿＿＿＿＿＿＿＿
＿＿＿＿＿＿＿＿＿＿
＿＿＿＿＿＿＿＿＿＿
＿＿＿＿＿＿＿＿＿＿
＿＿＿＿＿＿＿＿＿＿
＿＿＿＿＿＿＿＿＿＿
＿＿＿＿＿＿＿＿＿＿
＿＿＿＿＿＿＿＿＿＿
■＿□□□＿＿＿＿＿
■■□□□＿＿＿＿＿
□■□□□＿＿＿＿□
□□□□□＿＿＿＿□
□□□□□□□＿□□
□□□□□□□＿□□
□□□□□□□＿□□
00:00:56(1709f):field(1708f)
＿＿＿＿＿＿＿＿＿＿
＿＿＿＿＿＿＿＿＿＿
＿＿＿＿＿＿＿＿＿＿
＿＿＿＿＿＿＿＿＿＿
＿＿＿＿＿＿＿＿＿＿
＿＿＿＿＿＿＿＿＿＿
＿＿＿＿＿＿＿＿＿＿
＿＿＿＿＿＿＿＿＿＿
＿＿＿＿＿＿＿＿＿＿
＿＿＿＿＿＿＿＿＿＿
＿＿＿＿＿＿＿＿＿＿
＿＿＿＿＿＿＿＿＿＿
＿＿＿＿＿＿＿＿＿＿
□＿□□□＿＿＿＿＿
□□□□□＿＿＿＿＿
□□□□□■■＿＿□
□□□□□■■＿＿□
□□□□□□□＿□□
□□□□□□□＿□□
□□□□□□□＿□□
00:00:57(1721f):field(1720f)
＿＿＿＿＿＿＿＿＿＿
＿＿＿＿＿＿＿＿＿＿
＿＿＿＿＿＿＿＿＿＿
＿＿＿＿＿＿＿＿＿＿
＿＿＿＿＿＿＿＿＿＿
＿＿＿＿＿＿＿＿＿＿
＿＿＿＿＿＿＿＿＿＿
＿＿＿＿＿＿＿＿＿＿
＿＿＿＿＿＿＿＿＿＿
＿＿＿＿＿＿＿＿＿＿
＿＿＿＿＿＿＿＿＿＿
＿＿＿＿＿＿＿＿＿＿
＿＿＿＿＿＿＿＿＿＿
◆＿◆◆◆＿＿＿＿＿
◆◆◆◆◆＿＿＿＿＿
◆◆◆◆◆◆◆＿＿◆
□□□□□◆◆■＿□
□□□□□◆◆■□◆
□□□□□□□■□□
□□□□□□□■□□
00:00:57(1734f):field(1733f)
＿＿＿＿＿＿＿＿＿＿
＿＿＿＿＿＿＿＿＿＿
＿＿＿＿＿＿＿＿＿＿
＿＿＿＿＿＿＿＿＿＿
＿＿＿＿＿＿＿＿＿＿
＿＿＿＿＿＿＿＿＿＿
＿＿＿＿＿＿＿＿＿＿
＿＿＿＿＿＿＿＿＿＿
＿＿＿＿＿＿＿＿＿＿
＿＿＿＿＿＿＿＿＿＿
＿＿＿＿＿＿＿＿＿＿
＿＿＿＿＿＿＿＿＿＿
＿＿＿＿＿＿＿＿＿＿
＿＿＿＿＿＿＿＿＿＿
＿＿＿＿＿＿＿＿＿＿
＿＿＿＿＿＿＿＿＿＿
◆◆◆◆◆＿＿◆＿◆
□◆□□□＿＿◆◆＿
□□□□□◆◆□□◆
□□□□□□□◆□□
00:00:58(1747f):field(1746f)
＿＿＿＿＿＿＿＿＿＿
＿＿＿＿＿＿＿＿＿＿
＿＿＿＿＿＿＿＿＿＿
＿＿＿＿＿＿＿＿＿＿
＿＿＿＿＿＿＿＿＿＿
＿＿＿＿＿＿＿＿＿＿
＿＿＿＿＿＿＿＿＿＿
＿＿＿＿＿＿＿＿＿＿
＿＿＿＿＿＿＿＿＿＿
＿＿＿＿＿＿＿＿＿＿
＿＿＿＿＿＿＿＿＿＿
＿＿＿＿＿＿＿＿＿＿
＿＿＿＿＿＿＿＿＿＿
＿＿＿＿＿＿＿＿＿＿
＿＿＿＿■＿＿＿＿＿
＿＿＿■■＿＿＿＿＿
＿＿＿■＿＿＿＿＿＿
□＿□□□＿＿＿＿＿
□□□□□＿＿□□＿
□□□□□□□＿□□
00:00:58(1760f):field(1759f)
＿＿＿＿＿＿＿＿＿＿
＿＿＿＿＿＿＿＿＿＿
＿＿＿＿＿＿＿＿＿＿
＿＿＿＿＿＿＿＿＿＿
＿＿＿＿＿＿＿＿＿＿
＿＿＿＿＿＿＿＿＿＿
＿＿＿＿＿＿＿＿＿＿
＿＿＿＿＿＿＿＿＿＿
＿＿＿＿＿＿＿＿＿＿
＿＿＿＿＿＿＿＿＿＿
＿＿＿＿＿＿＿＿＿＿
＿＿＿＿＿＿＿＿＿＿
＿＿＿＿＿＿＿＿＿＿
＿＿＿＿＿＿＿＿＿＿
＿＿＿＿□＿＿＿＿＿
＿＿＿□□＿＿＿＿＿
＿＿＿□＿＿■＿＿＿
□＿□□□＿■■＿＿
□□□□□＿■□□＿
□□□□□□□＿□□
00:00:59(1774f):field(1773f)
＿＿＿＿＿＿＿＿＿＿
＿＿＿＿＿＿＿＿＿＿
＿＿＿＿＿＿＿＿＿＿
＿＿＿＿＿＿＿＿＿＿
＿＿＿＿＿＿＿＿＿＿
＿＿＿＿＿＿＿＿＿＿
＿＿＿＿＿＿＿＿＿＿
＿＿＿＿＿＿＿＿＿＿
＿＿＿＿＿＿＿＿＿＿
＿＿＿＿＿＿＿＿＿＿
＿＿＿＿＿＿＿＿＿＿
＿＿＿＿＿＿＿＿＿＿
＿＿＿＿＿＿＿＿＿＿
＿＿＿＿＿＿＿＿＿＿
＿＿＿＿□＿＿＿＿＿
＿＿＿□□＿＿＿＿＿
＿＿＿□＿＿□＿■■
□＿□□□＿□□■■
□□□□□＿□□□＿
□□□□□□□＿□□
00:00:59(1788f):field(1787f)
＿＿＿＿＿＿＿＿＿＿
＿＿＿＿＿＿＿＿＿＿
＿＿＿＿＿＿＿＿＿＿
＿＿＿＿＿＿＿＿＿＿
＿＿＿＿＿＿＿＿＿＿
＿＿＿＿＿＿＿＿＿＿
＿＿＿＿＿＿＿＿＿＿
＿＿＿＿＿＿＿＿＿＿
＿＿＿＿＿＿＿＿＿＿
＿＿＿＿＿＿＿＿＿＿
＿＿＿＿＿＿＿＿＿＿
＿＿＿＿＿＿＿＿＿＿
＿＿＿＿＿＿＿＿＿＿
＿＿＿＿＿＿＿＿＿＿
＿＿＿＿□＿＿＿＿＿
■＿＿□□＿＿＿＿＿
■■＿□＿＿□＿□□
□■□□□＿□□□□
□□□□□＿□□□＿
□□□□□□□＿□□
00:01:00(1801f):field(1800f)
＿＿＿＿＿＿＿＿＿＿
＿＿＿＿＿＿＿＿＿＿
＿＿＿＿＿＿＿＿＿＿
＿＿＿＿＿＿＿＿＿＿
＿＿＿＿＿＿＿＿＿＿
＿＿＿＿＿＿＿＿＿＿
＿＿＿＿＿＿＿＿＿＿
＿＿＿＿＿＿＿＿＿＿
＿＿＿＿＿＿＿＿＿＿
＿＿＿＿＿＿＿＿＿＿
＿＿＿＿＿＿＿＿＿＿
＿＿＿＿＿＿＿＿＿＿
＿＿＿＿＿＿＿＿＿＿
＿＿＿＿＿＿＿＿＿＿
＿＿＿＿□＿＿＿＿＿
□＿＿□□＿＿■■■
□□＿□＿＿□■□□
□□□□□＿□□□□
□□□□□＿□□□＿
□□□□□□□＿□□
00:01:00(1816f):field(1815f)
＿＿＿＿＿＿＿＿＿＿
＿＿＿＿＿＿＿＿＿＿
＿＿＿＿＿＿＿＿＿＿
＿＿＿＿＿＿＿＿＿＿
＿＿＿＿＿＿＿＿＿＿
＿＿＿＿＿＿＿＿＿＿
＿＿＿＿＿＿＿＿＿＿
＿＿＿＿＿＿＿＿＿＿
＿＿＿＿＿＿＿＿＿＿
＿＿＿＿＿＿＿＿＿＿
＿＿＿＿＿＿＿＿＿＿
＿＿＿＿＿＿＿＿＿＿
＿＿＿＿＿＿＿＿＿＿
＿＿＿＿＿＿＿＿＿＿
＿＿＿＿◆＿＿＿＿＿
◆＿＿◆□＿＿◆◆◆
□◆＿□■■□□□□
□□□□◆■□□□□
□□□□□■□□□＿
□□□□□□□＿□□
00:01:00(1828f):field(1827f)
＿＿＿＿＿＿＿＿＿＿
＿＿＿＿＿＿＿＿＿＿
＿＿＿＿＿＿＿＿＿＿
＿＿＿＿＿＿＿＿＿＿
＿＿＿＿＿＿＿＿＿＿
＿＿＿＿＿＿＿＿＿＿
＿＿＿＿＿＿＿＿＿＿
＿＿＿＿＿＿＿＿＿＿
＿＿＿＿＿＿＿＿＿＿
＿＿＿＿＿＿＿＿＿＿
＿＿＿＿＿＿＿＿＿＿
＿＿＿＿＿＿＿＿＿＿
＿＿＿＿＿＿＿＿＿＿
＿＿＿＿■＿＿＿＿＿
＿＿＿■■＿＿＿＿＿
＿＿＿■□＿＿＿＿＿
□＿＿□□□□□□□
□□◆□＿□□□□□
□□□□□◆□□□＿
□□□□□□□＿□□
00:01:01(1842f):field(1841f)
＿＿＿＿＿＿＿＿＿＿
＿＿＿＿＿＿＿＿＿＿
＿＿＿＿＿＿＿＿＿＿
＿＿＿＿＿＿＿＿＿＿
＿＿＿＿＿＿＿＿＿＿
＿＿＿＿＿＿＿＿＿＿
＿＿＿＿＿＿＿＿＿＿
＿＿＿＿＿＿＿＿＿＿
＿＿＿＿＿＿＿＿＿＿
＿＿＿＿＿＿＿＿＿＿
＿＿＿＿＿＿＿＿＿＿
＿＿＿＿＿＿＿＿＿＿
＿＿＿＿＿＿＿＿＿＿
＿＿＿＿□＿＿＿＿＿
＿＿■□□＿＿＿＿＿
＿＿■□□＿＿＿＿＿
□＿■□□□□□□□
□□■□＿□□□□□
□□□□□＿□□□＿
□□□□□□□＿□□
00:01:01(1853f):field(1852f)
＿＿＿＿＿＿＿＿＿＿
＿＿＿＿＿＿＿＿＿＿
＿＿＿＿＿＿＿＿＿＿
＿＿＿＿＿＿＿＿＿＿
＿＿＿＿＿＿＿＿＿＿
＿＿＿＿＿＿＿＿＿＿
＿＿＿＿＿＿＿＿＿＿
＿＿＿＿＿＿＿＿＿＿
＿＿＿＿＿＿＿＿＿＿
＿＿＿＿＿＿＿＿＿＿
＿＿＿＿＿＿＿＿＿＿
＿＿＿＿＿＿＿＿＿＿
＿＿＿＿＿＿＿＿＿＿
＿＿＿＿◆＿＿＿＿＿
＿＿◆◆□＿＿＿＿＿
＿■□□□＿＿＿＿■
□■□□□◆◆□□◆
□□□□＿□□□□□
□□□□□■□□□＿
□□□□□□□＿□□
00:01:02(1869f):field(1868f)
＿＿＿＿＿＿＿＿＿＿
＿＿＿＿＿＿＿＿＿＿
＿＿＿＿＿＿＿＿＿＿
＿＿＿＿＿＿＿＿＿＿
＿＿＿＿＿＿＿＿＿＿
＿＿＿＿＿＿＿＿＿＿
＿＿＿＿＿＿＿＿＿＿
＿＿＿＿＿＿＿＿＿＿
＿＿＿＿＿＿＿＿＿＿
＿＿＿＿＿＿＿＿＿＿
＿＿＿＿＿＿＿＿＿＿
＿＿＿＿＿＿＿＿＿＿
＿＿＿＿＿＿＿＿＿＿
＿＿＿＿＿＿＿＿＿＿
■■■＿□＿＿＿＿＿
■□□□□＿＿＿＿◆
□□□□□＿＿◆◆＿
□□□□＿□□□□□
□□□□□◆□□□＿
□□□□□□□＿□□
00:01:02(1880f):field(1879f)
＿＿＿＿＿＿＿＿＿＿
＿＿＿＿＿＿＿＿＿＿
＿＿＿＿＿＿＿＿＿＿
＿＿＿＿＿＿＿＿＿＿
＿＿＿＿＿＿＿＿＿＿
＿＿＿＿＿＿＿＿＿＿
＿＿＿＿＿＿＿＿＿＿
＿＿＿＿＿＿＿＿＿＿
＿＿＿＿＿＿＿＿＿＿
＿＿＿＿＿＿＿＿＿＿
＿＿＿＿＿＿＿＿＿＿
＿＿＿＿＿＿＿＿＿＿
＿＿＿＿＿＿＿＿＿＿
＿＿＿＿＿＿＿＿＿＿
□□□＿□＿＿＿＿＿
□□□□□■＿＿＿＿
□□□□□■■■＿＿
□□□□＿□□□□□
□□□□□＿□□□＿
□□□□□□□＿□□
00:01:03(1896f):field(1895f)
＿＿＿＿＿＿＿＿＿＿
＿＿＿＿＿＿＿＿＿＿
＿＿＿＿＿＿＿＿＿＿
＿＿＿＿＿＿＿＿＿＿
＿＿＿＿＿＿＿＿＿＿
＿＿＿＿＿＿＿＿＿＿
＿＿＿＿＿＿＿＿＿＿
＿＿＿＿＿＿＿＿＿＿
＿＿＿＿＿＿＿＿＿＿
＿＿＿＿＿＿＿＿＿＿
＿＿＿＿＿＿＿＿＿＿
＿＿＿＿＿＿＿＿＿＿
＿＿＿＿＿＿＿＿＿＿
＿＿＿＿＿＿＿＿＿＿
□□□＿□■■＿＿＿
□□□□□□■■＿＿
□□□□□□□□＿＿
□□□□＿□□□□□
□□□□□＿□□□＿
□□□□□□□＿□□
00:01:03(1909f):field(1908f)
＿＿＿＿＿＿＿＿＿＿
＿＿＿＿＿＿＿＿＿＿
＿＿＿＿＿＿＿＿＿＿
＿＿＿＿＿＿＿＿＿＿
＿＿＿＿＿＿＿＿＿＿
＿＿＿＿＿＿＿＿＿＿
＿＿＿＿＿＿＿＿＿＿
＿＿＿＿＿＿＿＿＿＿
＿＿＿＿＿＿＿＿＿＿
＿＿＿＿＿＿＿＿＿＿
＿＿＿＿＿＿＿＿＿＿
＿＿＿＿＿＿＿＿＿＿
＿＿＿＿＿＿＿＿＿＿
＿＿＿＿＿＿＿＿＿■
□□□＿□□□＿＿■
□□□□□□□□＿■
□□□□□□□□＿■
□□□□＿□□□□□
□□□□□＿□□□＿
□□□□□□□＿□□
00:01:03(1919f):field(1918f)
＿＿＿＿＿＿＿＿＿＿
＿＿＿＿＿＿＿＿＿＿
＿＿＿＿＿＿＿＿＿＿
＿＿＿＿＿＿＿＿＿＿
＿＿＿＿＿＿＿＿＿＿
＿＿＿＿＿＿＿＿＿＿
＿＿＿＿＿＿＿＿＿＿
＿＿＿＿＿＿＿＿＿＿
＿＿＿＿＿＿＿＿＿＿
＿＿＿＿＿＿＿＿＿＿
＿＿＿＿＿＿＿＿＿＿
＿＿＿＿＿＿＿＿＿＿
＿＿■＿＿＿＿＿＿＿
＿＿■■＿＿＿＿＿□
□□□■□□□＿＿□
□□□□□□□□＿□
□□□□□□□□＿□
□□□□＿□□□□□
□□□□□＿□□□＿
□□□□□□□＿□□
00:01:04(1932f):field(1931f)
＿＿＿＿＿＿＿＿＿＿
＿＿＿＿＿＿＿＿＿＿
＿＿＿＿＿＿＿＿＿＿
＿＿＿＿＿＿＿＿＿＿
＿＿＿＿＿＿＿＿＿＿
＿＿＿＿＿＿＿＿＿＿
＿＿＿＿＿＿＿＿＿＿
＿＿＿＿＿＿＿＿＿＿
＿＿＿＿＿＿＿＿＿＿
＿＿＿＿＿＿＿＿＿＿
＿＿＿＿＿＿＿＿＿＿
＿＿＿＿■＿＿＿＿＿
＿＿□■■＿＿＿＿＿
＿＿□□■＿＿＿＿□
□□□□□□□＿＿□
□□□□□□□□＿□
□□□□□□□□＿□
□□□□＿□□□□□
□□□□□＿□□□＿
□□□□□□□＿□□
00:01:04(1944f):field(1943f)
＿＿＿＿＿＿＿＿＿＿
＿＿＿＿＿＿＿＿＿＿
＿＿＿＿＿＿＿＿＿＿
＿＿＿＿＿＿＿＿＿＿
＿＿＿＿＿＿＿＿＿＿
＿＿＿＿＿＿＿＿＿＿
＿＿＿＿＿＿＿＿＿＿
＿＿＿＿＿＿＿＿＿＿
＿＿＿＿＿＿＿＿＿＿
＿＿＿＿＿＿＿＿＿＿
＿＿＿＿＿＿＿＿＿＿
＿＿＿＿□＿＿＿＿＿
＿＿□□□＿＿＿＿＿
＿＿□□□■■■＿□
□□□□□□□■＿□
□□□□□□□□＿□
□□□□□□□□＿□
□□□□＿□□□□□
□□□□□＿□□□＿
□□□□□□□＿□□
00:01:05(1956f):field(1955f)
＿＿＿＿＿＿＿＿＿＿
＿＿＿＿＿＿＿＿＿＿
＿＿＿＿＿＿＿＿＿＿
＿＿＿＿＿＿＿＿＿＿
＿＿＿＿＿＿＿＿＿＿
＿＿＿＿＿＿＿＿＿＿
＿＿＿＿＿＿＿＿＿＿
＿＿＿＿＿＿＿＿＿＿
＿＿＿＿＿＿＿＿＿＿
＿＿＿＿＿＿＿＿＿＿
＿＿＿■■＿＿＿＿＿
＿＿■■□＿＿＿＿＿
＿＿□□□＿＿＿＿＿
＿＿□□□□□□＿□
□□□□□□□□＿□
□□□□□□□□＿□
□□□□□□□□＿□
□□□□＿□□□□□
□□□□□＿□□□＿
□□□□□□□＿□□
00:01:05(1971f):field(1970f)
＿＿＿＿＿＿＿＿＿＿
＿＿＿＿＿＿＿＿＿＿
＿＿＿＿＿＿＿＿＿＿
＿＿＿＿＿＿＿＿＿＿
＿＿＿＿＿＿＿＿＿＿
＿＿＿＿＿＿＿＿＿＿
＿＿＿＿＿＿＿＿＿＿
＿＿＿＿＿＿＿＿＿＿
＿＿＿＿＿＿＿＿＿＿
＿＿＿＿＿＿＿＿＿＿
＿＿＿□□＿＿＿＿＿
■＿□□□＿＿＿＿＿
■＿□□□＿＿＿＿＿
■■□□□□□□＿□
□□□□□□□□＿□
□□□□□□□□＿□
□□□□□□□□＿□
□□□□＿□□□□□
□□□□□＿□□□＿
□□□□□□□＿□□
00:01:06(1983f):field(1982f)
＿＿＿＿＿＿＿＿＿＿
＿＿＿＿＿＿＿＿＿＿
＿＿＿＿＿＿＿＿＿＿
＿＿＿＿＿＿＿＿＿＿
＿＿＿＿＿＿＿＿＿＿
＿＿＿＿＿＿＿＿＿＿
＿＿＿＿＿＿＿＿＿＿
＿＿＿＿＿＿＿＿＿＿
＿＿＿＿＿＿＿＿＿＿
＿＿＿＿＿＿＿＿＿＿
＿＿＿□□＿■＿＿＿
□＿□□□■■＿＿＿
□＿□□□■＿＿＿＿
□□□□□□□□＿□
□□□□□□□□＿□
□□□□□□□□＿□
□□□□□□□□＿□
□□□□＿□□□□□
□□□□□＿□□□＿
□□□□□□□＿□□
00:01:06(1994f):field(1993f)
＿＿＿＿＿＿＿＿＿＿
＿＿＿＿＿＿＿＿＿＿
＿＿＿＿＿＿＿＿＿＿
＿＿＿＿＿＿＿＿＿＿
＿＿＿＿＿＿＿＿＿＿
＿＿＿＿＿＿＿＿＿＿
＿＿＿＿＿＿＿＿＿＿
＿＿＿＿＿＿＿＿＿＿
＿＿＿＿＿＿＿＿＿＿
＿＿＿＿■■■＿＿＿
＿＿＿□□■□＿＿＿
□＿□□□□□＿＿＿
□＿□□□□＿＿＿＿
□□□□□□□□＿□
□□□□□□□□＿□
□□□□□□□□＿□
□□□□□□□□＿□
□□□□＿□□□□□
□□□□□＿□□□＿
□□□□□□□＿□□
00:01:06(2009f):field(2008f)
＿＿＿＿＿＿＿＿＿＿
＿＿＿＿＿＿＿＿＿＿
＿＿＿＿＿＿＿＿＿＿
＿＿＿＿＿＿＿＿＿＿
＿＿＿＿＿＿＿＿＿＿
＿＿＿＿＿＿＿＿＿＿
＿＿＿＿＿＿＿＿＿＿
＿＿＿＿■■＿＿＿＿
＿＿＿＿■■＿＿＿＿
＿＿＿＿□□□＿＿＿
＿＿＿□□□□＿＿＿
□＿□□□□□＿＿＿
□＿□□□□＿＿＿＿
□□□□□□□□＿□
□□□□□□□□＿□
□□□□□□□□＿□
□□□□□□□□＿□
□□□□＿□□□□□
□□□□□＿□□□＿
□□□□□□□＿□□
00:01:07(2026f):field(2025f)
＿＿＿＿＿＿＿＿＿＿
＿＿＿＿＿＿＿＿＿＿
＿＿＿＿＿＿＿＿＿＿
＿＿＿＿＿＿＿＿＿＿
＿＿＿＿＿＿＿＿＿＿
＿＿＿＿＿＿＿＿＿＿
＿＿＿＿＿＿＿＿＿＿
＿＿＿＿□□＿＿＿＿
＿＿＿＿□□＿＿＿＿
＿＿＿＿□□□＿＿＿
＿＿＿□□□□＿＿＿
□＿□□□□□■■＿
□＿□□□□■■＿＿
□□□□□□□□＿□
□□□□□□□□＿□
□□□□□□□□＿□
□□□□□□□□＿□
□□□□＿□□□□□
□□□□□＿□□□＿
□□□□□□□＿□□
00:01:07(2038f):field(2037f)
＿＿＿＿＿＿＿＿＿＿
＿＿＿＿＿＿＿＿＿＿
＿＿＿＿＿＿＿＿＿＿
＿＿＿＿＿＿＿＿＿＿
＿＿＿＿＿＿＿＿＿＿
＿＿＿＿＿＿＿＿＿＿
＿＿＿＿＿＿＿＿＿＿
＿＿＿＿□□＿＿＿＿
＿＿＿＿□□＿＿＿＿
＿＿＿＿□□□＿＿■
＿＿＿□□□□＿＿■
□＿□□□□□□□■
□＿□□□□□□＿■
□□□□□□□□＿□
□□□□□□□□＿□
□□□□□□□□＿□
□□□□□□□□＿□
□□□□＿□□□□□
□□□□□＿□□□＿
□□□□□□□＿□□
00:01:08(2050f):field(2049f)
＿＿＿＿＿＿＿＿＿＿
＿＿＿＿＿＿＿＿＿＿
＿＿＿＿＿＿＿＿＿＿
＿＿＿＿＿＿＿＿＿＿
＿＿＿＿＿＿＿＿＿＿
＿＿＿＿＿＿＿＿＿＿
＿＿＿＿＿＿＿＿＿＿
＿＿＿＿◆◆＿＿＿＿
＿＿＿＿□□＿＿＿＿
＿＿＿＿□□◆＿＿◆
＿＿＿◆□□□＿＿□
◆■□□□□□□◆□
□■□□□□□□＿□
□□□□□□□□■□
□□□□□□□□＿□
□□□□□□□□＿□
□□□□□□□□＿□
□□□□＿□□□□□
□□□□□＿□□□＿
□□□□□□□＿□□
00:01:08(2062f):field(2061f)
＿＿＿＿＿＿＿＿＿＿
＿＿＿＿＿＿＿＿＿＿
＿＿＿＿＿＿＿＿＿＿
＿＿＿＿＿＿＿＿＿＿
＿＿＿＿＿＿＿＿＿＿
＿＿＿＿＿＿＿＿＿＿
＿＿＿＿＿＿＿＿＿＿
＿＿＿＿＿＿＿＿＿＿
＿＿＿＿□□＿＿＿＿
＿■＿＿□□＿＿＿＿
■■＿＿□□□＿＿□
■□□□□□□◆＿□
□□□□□□□□＿□
□□□□□□□□◆□
□□□□□□□□＿□
□□□□□□□□＿□
□□□□□□□□＿□
□□□□＿□□□□□
□□□□□＿□□□＿
□□□□□□□＿□□
00:01:09(2077f):field(2076f)
＿＿＿＿＿＿＿＿＿＿
＿＿＿＿＿＿＿＿＿＿
＿＿＿＿＿＿＿＿＿＿
＿＿＿＿＿＿＿＿＿＿
＿＿＿＿＿＿＿＿＿＿
＿＿＿＿＿＿＿＿＿＿
＿＿＿＿＿＿＿＿＿＿
＿＿＿＿＿＿＿＿＿＿
＿＿＿＿◆◆＿＿＿＿
＿◆＿＿◆◆＿＿＿＿
◆◆＿＿◆◆□＿＿◆
◆◆◆□□□◆＿＿◆
◆□□◆□□◆□＿□
□□□◆□□□□■□
□□□□□□□□■□
□□□□□□□□＿□
□□□□□□□□＿□
□□□□＿□□□□□
□□□□□＿□□□＿
□□□□□□□＿□□
00:01:09(2089f):field(2088f)
＿＿＿＿＿＿＿＿＿＿
＿＿＿＿＿＿＿＿＿＿
＿＿＿＿＿＿＿＿＿＿
＿＿＿＿＿＿＿＿＿＿
＿＿＿＿＿＿＿＿＿＿
＿＿＿＿＿＿＿＿＿＿
＿＿＿＿＿＿＿＿＿＿
＿＿＿＿＿＿＿＿＿＿
＿＿＿＿＿＿＿＿＿＿
＿＿＿＿＿＿＿＿＿＿
＿＿＿＿＿＿◆＿＿＿
＿＿＿◆□□＿＿＿＿
＿□□■□□＿◆＿◆
□□□■□□□◆◆□
□□□□□□□□◆□
□□□□□□□□＿□
□□□□□□□□＿□
□□□□＿□□□□□
□□□□□＿□□□＿
□□□□□□□＿□□
00:01:10(2102f):field(2101f)
＿＿＿＿＿＿＿＿＿＿
＿＿＿＿＿＿＿＿＿＿
＿＿＿＿＿＿＿＿＿＿
＿＿＿＿＿＿＿＿＿＿
＿＿＿＿＿＿＿＿＿＿
＿＿＿＿＿＿＿＿＿＿
＿＿＿＿＿＿＿＿＿＿
＿＿＿＿＿＿＿＿＿＿
＿＿＿＿＿＿＿＿＿＿
＿＿＿＿＿＿＿＿＿＿
＿＿＿＿＿＿＿＿＿＿
＿＿＿＿◆◆＿＿＿＿
＿◆◆◆◆◆■＿＿＿
◆◆◆◆□□◆■＿◆
◆□□□□□◆□＿◆
□□□□□□□□■□
□□□□□□□□＿□
□□□□＿□□□□□
□□□□□＿□□□＿
□□□□□□□＿□□
00:01:10(2117f):field(2116f)
＿＿＿＿＿＿＿＿＿＿
＿＿＿＿＿＿＿＿＿＿
＿＿＿＿＿＿＿＿＿＿
＿＿＿＿＿＿＿＿＿＿
＿＿＿＿＿＿＿＿＿＿
＿＿＿＿＿＿＿＿＿＿
＿＿＿＿＿＿＿＿＿＿
＿＿＿＿＿＿＿＿＿＿
＿＿＿＿＿＿＿＿＿＿
＿＿＿＿＿＿＿＿＿＿
＿＿＿＿＿＿＿＿＿＿
＿＿＿＿＿＿＿＿＿＿
＿＿＿＿＿＿◆＿＿■
＿＿＿＿□□＿◆＿■
＿□□□□□＿□■■
□□□□□□□□◆□
□□□□□□□□＿□
□□□□＿□□□□□
□□□□□＿□□□＿
□□□□□□□＿□□
00:01:10(2129f):field(2128f)
＿＿＿＿＿＿＿＿＿＿
＿＿＿＿＿＿＿＿＿＿
＿＿＿＿＿＿＿＿＿＿
＿＿＿＿＿＿＿＿＿＿
＿＿＿＿＿＿＿＿＿＿
＿＿＿＿＿＿＿＿＿＿
＿＿＿＿＿＿＿＿＿＿
＿＿＿＿＿＿＿＿＿＿
＿＿＿＿＿＿＿＿＿＿
＿＿＿＿＿＿＿＿＿＿
＿＿＿＿＿＿＿＿＿＿
＿＿＿＿＿＿＿＿＿＿
＿■＿＿＿＿＿＿＿□
■■＿＿□□＿＿＿□
■□□□□□＿□□□
□□□□□□□□＿□
□□□□□□□□＿□
□□□□＿□□□□□
□□□□□＿□□□＿
□□□□□□□＿□□
00:01:11(2144f):field(2143f)
＿＿＿＿＿＿＿＿＿＿
＿＿＿＿＿＿＿＿＿＿
＿＿＿＿＿＿＿＿＿＿
＿＿＿＿＿＿＿＿＿＿
＿＿＿＿＿＿＿＿＿＿
＿＿＿＿＿＿＿＿＿＿
＿＿＿＿＿＿＿＿＿＿
＿＿＿＿＿＿＿＿＿＿
＿＿＿＿＿＿＿＿＿＿
＿＿＿＿＿＿＿＿＿＿
＿＿＿＿＿＿＿＿＿＿
＿＿＿＿＿＿＿＿＿＿
＿◆＿＿＿＿＿＿＿◆
◆□＿■◆□■＿＿□
□□◆◆□□■◆◆□
□□□□□□□□＿□
□□□□□□□□＿□
□□□□＿□□□□□
□□□□□＿□□□＿
□□□□□□□＿□□
00:01:11(2157f):field(2156f)
＿＿＿＿＿＿＿＿＿＿
＿＿＿＿＿＿＿＿＿＿
＿＿＿＿＿＿＿＿＿＿
＿＿＿＿＿＿＿＿＿＿
＿＿＿＿＿＿＿＿＿＿
＿＿＿＿＿＿＿＿＿＿
＿＿＿＿＿＿＿＿＿＿
＿＿＿＿＿＿＿＿＿＿
＿＿＿＿＿＿＿＿＿＿
＿＿＿＿＿＿＿＿＿＿
＿＿＿＿＿＿＿＿＿＿
＿＿＿＿＿＿＿＿＿＿
＿＿＿＿＿＿＿＿＿＿
＿□■□＿□□＿＿□
□□■■□□□＿＿□
□□□□□□□□＿□
□□□□□□□□＿□
□□□□＿□□□□□
□□□□□＿□□□＿
□□□□□□□＿□□
00:01:12(2176f):field(2175f)
＿＿＿＿＿＿＿＿＿＿
＿＿＿＿＿＿＿＿＿＿
＿＿＿＿＿＿＿＿＿＿
＿＿＿＿＿＿＿＿＿＿
＿＿＿＿＿＿＿＿＿＿
＿＿＿＿＿＿＿＿＿＿
＿＿＿＿＿＿＿＿＿＿
＿＿＿＿＿＿＿＿＿＿
＿＿＿＿＿＿＿＿＿＿
＿＿＿＿＿＿＿＿＿＿
＿＿＿＿＿＿＿＿＿＿
＿＿＿＿＿＿＿＿＿＿
＿＿＿＿＿＿＿＿＿＿
＿◆◆◆＿◆◆＿＿◆
□◆□◆◆◆◆＿＿◆
◆□□□◆□□□■□
□□□□□□□◆■□
□□□□■□□□□□
□□□□□＿□□□■
□□□□□□□＿□□
00:01:12(2186f):field(2185f)
＿＿＿＿＿＿＿＿＿＿
＿＿＿＿＿＿＿＿＿＿
＿＿＿＿＿＿＿＿＿＿
＿＿＿＿＿＿＿＿＿＿
＿＿＿＿＿＿＿＿＿＿
＿＿＿＿＿＿＿＿＿＿
＿＿＿＿＿＿＿＿＿＿
＿＿＿＿＿＿＿＿＿＿
＿＿＿＿＿＿＿＿＿＿
＿＿＿＿＿＿＿＿＿＿
＿＿＿＿＿＿＿＿＿＿
＿＿＿＿＿＿＿＿＿＿
＿＿＿＿＿＿＿＿＿＿
＿＿＿＿＿＿＿＿＿＿
◆＿□■■＿＿＿＿＿
＿□□□■□□◆□□
□□□□□□□＿□□
□□□□◆□□□□□
□□□□□＿□□□◆
□□□□□□□＿□□
00:01:13(2200f):field(2199f)
＿＿＿＿＿＿＿＿＿＿
＿＿＿＿＿＿＿＿＿＿
＿＿＿＿＿＿＿＿＿＿
＿＿＿＿＿＿＿＿＿＿
＿＿＿＿＿＿＿＿＿＿
＿＿＿＿＿＿＿＿＿＿
＿＿＿＿＿＿＿＿＿＿
＿＿＿＿＿＿＿＿＿＿
＿＿＿＿＿＿＿＿＿＿
＿＿＿＿＿＿＿＿＿＿
＿＿＿＿＿＿＿＿＿＿
＿＿＿＿＿＿＿＿＿＿
＿＿＿＿＿＿＿＿＿＿
＿■＿＿＿＿＿＿＿＿
■■□□□＿＿＿＿＿
■□□□□□□＿□□
□□□□□□□＿□□
□□□□＿□□□□□
□□□□□＿□□□＿
□□□□□□□＿□□
00:01:13(2211f):field(2210f)
＿＿＿＿＿＿＿＿＿＿
＿＿＿＿＿＿＿＿＿＿
＿＿＿＿＿＿＿＿＿＿
＿＿＿＿＿＿＿＿＿＿
＿＿＿＿＿＿＿＿＿＿
＿＿＿＿＿＿＿＿＿＿
＿＿＿＿＿＿＿＿＿＿
＿＿＿＿＿＿＿＿＿＿
＿＿＿＿＿＿＿＿＿＿
＿＿＿＿＿＿＿＿＿＿
＿＿＿＿＿＿＿＿＿＿
＿＿＿＿＿＿＿＿＿＿
＿＿＿＿＿■＿＿＿＿
＿□＿＿■■＿＿＿＿
□□□□□■＿＿＿＿
□□□□□□□＿□□
□□□□□□□＿□□
□□□□＿□□□□□
□□□□□＿□□□＿
□□□□□□□＿□□
00:01:14(2224f):field(2223f)
＿＿＿＿＿＿＿＿＿＿
＿＿＿＿＿＿＿＿＿＿
＿＿＿＿＿＿＿＿＿＿
＿＿＿＿＿＿＿＿＿＿
＿＿＿＿＿＿＿＿＿＿
＿＿＿＿＿＿＿＿＿＿
＿＿＿＿＿＿＿＿＿＿
＿＿＿＿＿＿＿＿＿＿
＿＿＿＿＿＿＿＿＿＿
＿＿＿＿＿＿＿＿＿＿
＿＿＿＿＿＿＿＿＿＿
＿＿＿＿＿＿＿＿＿＿
＿＿＿■■□＿＿＿＿
＿□■■□□＿＿＿＿
□□□□□□＿＿＿＿
□□□□□□□＿□□
□□□□□□□＿□□
□□□□＿□□□□□
□□□□□＿□□□＿
□□□□□□□＿□□
00:01:14(2235f):field(2234f)
＿＿＿＿＿＿＿＿＿＿
＿＿＿＿＿＿＿＿＿＿
＿＿＿＿＿＿＿＿＿＿
＿＿＿＿＿＿＿＿＿＿
＿＿＿＿＿＿＿＿＿＿
＿＿＿＿＿＿＿＿＿＿
＿＿＿＿＿＿＿＿＿＿
＿＿＿＿＿＿＿＿＿＿
＿＿＿＿＿＿＿＿＿＿
＿＿＿＿＿＿＿＿＿＿
＿＿＿＿＿＿＿＿＿＿
＿＿＿＿＿＿＿＿＿＿
＿＿＿◆◆◆＿＿＿＿
＿◆◆◆◆◆＿＿＿＿
◆◆◆□□□■■＿＿
◆□□□□□◆■◆◆
□□□□□□◆■◆□
□□□□＿□□□□□
□□□□□＿□□□＿
□□□□□□□＿□□
00:01:15(2250f):field(2249f)
＿＿＿＿＿＿＿＿＿＿
＿＿＿＿＿＿＿＿＿＿
＿＿＿＿＿＿＿＿＿＿
＿＿＿＿＿＿＿＿＿＿
＿＿＿＿＿＿＿＿＿＿
＿＿＿＿＿＿＿＿＿＿
＿＿＿＿＿＿＿＿＿＿
＿＿＿＿＿＿＿＿＿＿
＿＿＿＿＿＿＿＿＿＿
＿＿＿＿＿＿＿＿＿＿
＿＿＿＿＿＿＿＿＿＿
＿＿＿＿＿＿＿＿＿＿
＿＿＿＿＿＿＿＿＿＿
＿＿＿＿＿＿＿＿＿＿
＿＿＿□□□◆◆＿＿
＿□□□□□＿□■■
□□□□□□＿□■□
□□□□＿□□□□□
□□□□□＿□□□＿
□□□□□□□＿□□
00:01:15(2261f):field(2260f)
＿＿＿＿＿＿＿＿＿＿
＿＿＿＿＿＿＿＿＿＿
＿＿＿＿＿＿＿＿＿＿
＿＿＿＿＿＿＿＿＿＿
＿＿＿＿＿＿＿＿＿＿
＿＿＿＿＿＿＿＿＿＿
＿＿＿＿＿＿＿＿＿＿
＿＿＿＿＿＿＿＿＿＿
＿＿＿＿＿＿＿＿＿＿
＿＿＿＿＿＿＿＿＿＿
＿＿＿＿＿＿＿＿＿＿
＿＿＿＿＿＿＿＿＿＿
＿＿＿＿＿＿＿＿＿＿
＿＿＿＿＿＿＿＿＿＿
＿＿＿◆◆◆＿＿＿＿
＿◆◆□□□■□◆◆
◆□□□□□■□□□
□□□□＿□□□□□
□□□□□■□□□＿
□□□□□□□＿□□
00:01:15(2275f):field(2274f)
＿＿＿＿＿＿＿＿＿＿
＿＿＿＿＿＿＿＿＿＿
＿＿＿＿＿＿＿＿＿＿
＿＿＿＿＿＿＿＿＿＿
＿＿＿＿＿＿＿＿＿＿
＿＿＿＿＿＿＿＿＿＿
＿＿＿＿＿＿＿＿＿＿
＿＿＿＿＿＿＿＿＿＿
＿＿＿＿＿＿＿＿＿＿
＿＿＿＿＿＿＿＿＿＿
＿＿＿＿＿＿＿＿＿＿
＿＿＿＿＿＿＿＿＿＿
＿＿＿＿＿＿＿＿＿＿
＿＿＿＿＿＿＿＿＿＿
＿＿＿＿＿＿＿＿＿＿
■＿＿□◆□◆◆＿＿
■□◆□□□□□◆□
□□□□＿□□□□□
□□□□□◆□□□＿
□□□□□□□＿□□
00:01:16(2287f):field(2286f)
＿＿＿＿＿＿＿＿＿＿
＿＿＿＿＿＿＿＿＿＿
＿＿＿＿＿＿＿＿＿＿
＿＿＿＿＿＿＿＿＿＿
＿＿＿＿＿＿＿＿＿＿
＿＿＿＿＿＿＿＿＿＿
＿＿＿＿＿＿＿＿＿＿
＿＿＿＿＿＿＿＿＿＿
＿＿＿＿＿＿＿＿＿＿
＿＿＿＿＿＿＿＿＿＿
＿＿＿＿＿＿＿＿＿＿
＿＿＿＿＿＿＿＿＿＿
＿＿＿＿＿＿＿＿＿＿
＿＿＿＿＿＿＿＿＿＿
＿■＿＿＿＿＿＿＿＿
□■■◆＿◆＿＿＿＿
□□■□□□□□＿◆
□□□□＿□□□□□
□□□□□＿□□□＿
□□□□□□□＿□□
00:01:16(2300f):field(2299f)
＿＿＿＿＿＿＿＿＿＿
＿＿＿＿＿＿＿＿＿＿
＿＿＿＿＿＿＿＿＿＿
＿＿＿＿＿＿＿＿＿＿
＿＿＿＿＿＿＿＿＿＿
＿＿＿＿＿＿＿＿＿＿
＿＿＿＿＿＿＿＿＿＿
＿＿＿＿＿＿＿＿＿＿
＿＿＿＿＿＿＿＿＿＿
＿＿＿＿＿＿＿＿＿＿
＿＿＿＿＿＿＿＿＿＿
＿＿＿＿＿＿＿＿＿＿
＿＿＿＿＿＿＿＿＿＿
＿＿＿＿＿＿＿■＿＿
＿□＿＿＿＿＿■＿＿
□□□＿＿＿＿■■＿
□□□□□□□□＿＿
□□□□＿□□□□□
□□□□□＿□□□＿
□□□□□□□＿□□
00:01:17(2313f):field(2312f)
＿＿＿＿＿＿＿＿＿＿
＿＿＿＿＿＿＿＿＿＿
＿＿＿＿＿＿＿＿＿＿
＿＿＿＿＿＿＿＿＿＿
＿＿＿＿＿＿＿＿＿＿
＿＿＿＿＿＿＿＿＿＿
＿＿＿＿＿＿＿＿＿＿
＿＿＿＿＿＿＿＿＿＿
＿＿＿＿＿＿＿＿＿＿
＿＿＿＿＿＿＿＿＿＿
＿＿＿＿＿＿＿＿＿＿
＿＿＿＿＿＿＿＿＿＿
＿＿＿＿＿＿＿＿＿＿
＿＿＿＿＿＿＿□＿＿
＿□＿＿＿■■□＿＿
□□□＿＿■■□□＿
□□□□□□□□＿＿
□□□□＿□□□□□
□□□□□＿□□□＿
□□□□□□□＿□□
00:01:17(2324f):field(2323f)
＿＿＿＿＿＿＿＿＿＿
＿＿＿＿＿＿＿＿＿＿
＿＿＿＿＿＿＿＿＿＿
＿＿＿＿＿＿＿＿＿＿
＿＿＿＿＿＿＿＿＿＿
＿＿＿＿＿＿＿＿＿＿
＿＿＿＿＿＿＿＿＿＿
＿＿＿＿＿＿＿＿＿＿
＿＿＿＿＿＿＿＿＿＿
＿＿＿＿＿＿＿＿＿＿
＿＿＿＿＿＿＿＿＿＿
＿＿＿＿＿＿＿＿＿＿
＿＿＿＿＿＿＿＿＿＿
＿＿＿＿＿＿＿□＿＿
＿□■■＿□□□＿＿
□□□■■□□□□＿
□□□□□□□□＿＿
□□□□＿□□□□□
□□□□□＿□□□＿
□□□□□□□＿□□
00:01:17(2335f):field(2334f)
＿＿＿＿＿＿＿＿＿＿
＿＿＿＿＿＿＿＿＿＿
＿＿＿＿＿＿＿＿＿＿
＿＿＿＿＿＿＿＿＿＿
＿＿＿＿＿＿＿＿＿＿
＿＿＿＿＿＿＿＿＿＿
＿＿＿＿＿＿＿＿＿＿
＿＿＿＿＿＿＿＿＿＿
＿＿＿＿＿＿＿＿＿＿
＿＿＿＿＿＿＿＿＿＿
＿＿＿＿＿＿＿＿＿＿
＿＿＿＿＿＿＿＿＿＿
＿＿＿＿＿＿＿＿＿＿
＿＿■■■＿＿□＿＿
＿□□□■□□□＿＿
□□□□□□□□□＿
□□□□□□□□＿＿
□□□□＿□□□□□
□□□□□＿□□□＿
□□□□□□□＿□□
00:01:18(2347f):field(2346f)
＿＿＿＿＿＿＿＿＿＿
＿＿＿＿＿＿＿＿＿＿
＿＿＿＿＿＿＿＿＿＿
＿＿＿＿＿＿＿＿＿＿
＿＿＿＿＿＿＿＿＿＿
＿＿＿＿＿＿＿＿＿＿
＿＿＿＿＿＿＿＿＿＿
＿＿＿＿＿＿＿＿＿＿
＿＿＿＿＿＿＿＿＿＿
＿＿＿＿＿＿＿＿＿＿
＿＿＿＿＿＿＿＿＿＿
＿＿＿＿＿＿＿＿＿＿
＿＿＿＿＿＿■■＿＿
＿＿□□□■■□＿＿
＿□□□□□□□＿＿
□□□□□□□□□＿
□□□□□□□□＿＿
□□□□＿□□□□□
□□□□□＿□□□＿
□□□□□□□＿□□
00:01:18(2361f):field(2360f)
＿＿＿＿＿＿＿＿＿＿
＿＿＿＿＿＿＿＿＿＿
＿＿＿＿＿＿＿＿＿＿
＿＿＿＿＿＿＿＿＿＿
＿＿＿＿＿＿＿＿＿＿
＿＿＿＿＿＿＿＿＿＿
＿＿＿＿＿＿＿＿＿＿
＿＿＿＿＿＿＿＿＿＿
＿＿＿＿＿＿＿＿＿＿
＿＿＿＿＿＿＿＿＿＿
＿＿＿＿＿＿＿＿＿＿
＿＿＿＿＿＿＿＿＿＿
＿＿■■■■□□＿＿
＿＿□□□□□□＿＿
＿□□□□□□□＿＿
□□□□□□□□□＿
□□□□□□□□＿＿
□□□□＿□□□□□
□□□□□＿□□□＿
□□□□□□□＿□□
00:01:19(2373f):field(2372f)
＿＿＿＿＿＿＿＿＿＿
＿＿＿＿＿＿＿＿＿＿
＿＿＿＿＿＿＿＿＿＿
＿＿＿＿＿＿＿＿＿＿
＿＿＿＿＿＿＿＿＿＿
＿＿＿＿＿＿＿＿＿＿
＿＿＿＿＿＿＿＿＿＿
＿＿＿＿＿＿＿＿＿＿
＿＿＿＿＿＿＿＿＿＿
＿＿＿＿＿＿＿＿＿＿
＿＿＿■■＿＿＿＿＿
＿＿＿■■＿＿＿＿＿
＿＿□□□□□□＿＿
＿＿□□□□□□＿＿
＿□□□□□□□＿＿
□□□□□□□□□＿
□□□□□□□□＿＿
□□□□＿□□□□□
□□□□□＿□□□＿
□□□□□□□＿□□
00:01:19(2389f):field(2388f)
＿＿＿＿＿＿＿＿＿＿
＿＿＿＿＿＿＿＿＿＿
＿＿＿＿＿＿＿＿＿＿
＿＿＿＿＿＿＿＿＿＿
＿＿＿＿＿＿＿＿＿＿
＿＿＿＿＿＿＿＿＿＿
＿＿＿＿＿＿＿＿＿＿
＿＿＿＿＿＿＿＿＿＿
＿＿＿＿＿＿＿＿＿＿
＿＿＿＿＿＿＿＿＿＿
＿＿＿◆◆＿＿＿＿＿
＿＿＿□□＿＿＿＿＿
＿＿◆□□◆◆◆＿＿
＿＿□□□□□□＿＿
■◆□□□□□□＿＿
◆□□□□□□□□■
□□□□□□□□＿■
□□□□■□□□□□
□□□□□＿□□□＿
□□□□□□□＿□□
00:01:20(2400f):field(2399f)
＿＿＿＿＿＿＿＿＿＿
＿＿＿＿＿＿＿＿＿＿
＿＿＿＿＿＿＿＿＿＿
＿＿＿＿＿＿＿＿＿＿
＿＿＿＿＿＿＿＿＿＿
＿＿＿＿＿＿＿＿＿＿
＿＿＿＿＿＿＿＿＿＿
＿＿＿＿＿＿＿＿＿＿
＿＿＿＿＿＿＿＿＿＿
＿＿＿＿＿＿＿＿＿＿
＿＿＿＿＿＿＿＿＿＿
＿＿＿◆◆＿＿＿＿＿
＿＿＿□□＿＿＿＿＿
＿＿◆□□◆◆◆＿＿
□＿□□□□□□＿＿
■□□□□□□□◆◆
□□□□□□□□＿□
□□□□◆□□□□□
□□□□□＿□□□＿
□□□□□□□＿□□
00:01:20(2413f):field(2412f)
＿＿＿＿＿＿＿＿＿＿
＿＿＿＿＿＿＿＿＿＿
＿＿＿＿＿＿＿＿＿＿
＿＿＿＿＿＿＿＿＿＿
＿＿＿＿＿＿＿＿＿＿
＿＿＿＿＿＿＿＿＿＿
＿＿＿＿＿＿＿＿＿＿
＿＿＿＿＿＿＿＿＿＿
＿＿＿＿＿＿＿＿＿＿
＿＿＿＿＿＿＿＿＿＿
＿＿＿＿＿＿＿＿＿＿
＿＿＿＿＿＿＿＿＿＿
＿＿■□□＿＿＿＿＿
＿■■□□＿＿＿＿＿
□■□□□□□□＿＿
□□□□□□□□＿＿
□□□□□□□□＿□
□□□□＿□□□□□
□□□□□＿□□□＿
□□□□□□□＿□□
00:01:20(2426f):field(2425f)
＿＿＿＿＿＿＿＿＿＿
＿＿＿＿＿＿＿＿＿＿
＿＿＿＿＿＿＿＿＿＿
＿＿＿＿＿＿＿＿＿＿
＿＿＿＿＿＿＿＿＿＿
＿＿＿＿＿＿＿＿＿＿
＿＿＿＿＿＿＿＿＿＿
＿＿＿＿＿＿＿＿＿＿
＿＿＿＿＿＿＿＿＿＿
＿＿＿＿＿＿＿＿＿＿
＿＿＿＿＿＿＿＿＿＿
＿＿＿＿＿＿＿＿＿＿
＿＿◆◆◆＿＿＿＿＿
＿◆□□□＿＿＿＿＿
◆□□□□◆◆◆■＿
□□□□□□□□■＿
□□□□□□□□■◆
□□□□＿□□□□□
□□□□□■□□□＿
□□□□□□□＿□□
00:01:21(2439f):field(2438f)
＿＿＿＿＿＿＿＿＿＿
＿＿＿＿＿＿＿＿＿＿
＿＿＿＿＿＿＿＿＿＿
＿＿＿＿＿＿＿＿＿＿
＿＿＿＿＿＿＿＿＿＿
＿＿＿＿＿＿＿＿＿＿
＿＿＿＿＿＿＿＿＿＿
＿＿＿＿＿＿＿＿＿＿
＿＿＿＿＿＿＿＿＿＿
＿＿＿＿＿＿＿＿＿＿
＿＿＿＿＿＿＿＿＿＿
＿＿＿＿＿＿＿＿＿＿
＿＿＿＿＿＿＿＿＿＿
＿＿□□□■＿＿＿＿
＿□□□□■■■□＿
□□□□□□□□□＿
□□□□□□□□□＿
□□□□■□□□□□
□□□□□◆□□□＿
□□□□□□□＿□□
00:01:21(2452f):field(2451f)
＿＿＿＿＿＿＿＿＿＿
＿＿＿＿＿＿＿＿＿＿
＿＿＿＿＿＿＿＿＿＿
＿＿＿＿＿＿＿＿＿＿
＿＿＿＿＿＿＿＿＿＿
＿＿＿＿＿＿＿＿＿＿
＿＿＿＿＿＿＿＿＿＿
＿＿＿＿＿＿＿＿＿＿
＿＿＿＿＿＿＿＿＿＿
＿＿＿＿＿＿＿＿＿＿
＿＿＿＿＿＿＿＿＿＿
＿＿＿■■＿＿＿＿＿
＿＿＿■■＿＿＿＿＿
＿＿□□□□＿＿＿＿
＿□□□□□□□□＿
□□□□□□□□□＿
□□□□□□□□□＿
□□□□□□□□□□
□□□□□＿□□□＿
□□□□□□□＿□□
00:01:22(2465f):field(2464f)
＿＿＿＿＿＿＿＿＿＿
＿＿＿＿＿＿＿＿＿＿
＿＿＿＿＿＿＿＿＿＿
＿＿＿＿＿＿＿＿＿＿
＿＿＿＿＿＿＿＿＿＿
＿＿＿＿＿＿＿＿＿＿
＿＿＿＿＿＿＿＿＿＿
＿＿＿＿＿＿＿＿＿＿
＿＿＿＿＿＿＿＿＿＿
＿＿＿＿＿＿＿＿＿＿
＿＿＿＿＿＿＿＿＿＿
＿＿＿□□■＿＿＿＿
＿＿＿□□■■＿＿＿
＿＿□□□□■＿＿＿
＿□□□□□□□□＿
□□□□□□□□□＿
□□□□□□□□□＿
□□□□◆□□□□□
□□□□□＿□□□＿
□□□□□□□＿□□
00:01:22(2476f):field(2475f)
＿＿＿＿＿＿＿＿＿＿
＿＿＿＿＿＿＿＿＿＿
＿＿＿＿＿＿＿＿＿＿
＿＿＿＿＿＿＿＿＿＿
＿＿＿＿＿＿＿＿＿＿
＿＿＿＿＿＿＿＿＿＿
＿＿＿＿＿＿＿＿＿＿
＿＿＿＿＿＿＿＿＿＿
＿＿＿＿＿＿＿＿＿＿
＿＿＿＿＿＿＿＿＿＿
＿＿＿＿＿＿＿＿＿＿
＿＿＿□□□＿＿＿＿
＿■＿□□□□＿＿＿
■■□□□□□＿＿＿
■□□□□□□□□＿
□□□□□□□□□＿
□□□□□□□□□＿
□□□□＿□□□□□
□□□□□＿□□□＿
□□□□□□□＿□□
00:01:23(2491f):field(2490f)
＿＿＿＿＿＿＿＿＿＿
＿＿＿＿＿＿＿＿＿＿
＿＿＿＿＿＿＿＿＿＿
＿＿＿＿＿＿＿＿＿＿
＿＿＿＿＿＿＿＿＿＿
＿＿＿＿＿＿＿＿＿＿
＿＿＿＿＿＿＿＿＿＿
＿＿＿＿＿＿＿＿＿＿
＿＿＿＿＿＿＿＿＿＿
＿＿＿＿＿＿＿＿＿＿
＿＿＿＿＿＿＿＿＿＿
＿＿＿□□□＿■＿＿
＿□＿□□□□■＿＿
□□□□□□□■■＿
□□□□□□□□□＿
□□□□□□□□□＿
□□□□□□□□□＿
□□□□＿□□□□□
□□□□□＿□□□＿
□□□□□□□＿□□
00:01:23(2502f):field(2501f)
＿＿＿＿＿＿＿＿＿＿
＿＿＿＿＿＿＿＿＿＿
＿＿＿＿＿＿＿＿＿＿
＿＿＿＿＿＿＿＿＿＿
＿＿＿＿＿＿＿＿＿＿
＿＿＿＿＿＿＿＿＿＿
＿＿＿＿＿＿＿＿＿＿
＿＿＿＿＿＿＿＿＿＿
＿＿＿＿＿＿＿＿＿＿
＿＿＿＿＿＿＿＿＿＿
＿＿＿＿■■■＿＿＿
＿＿＿□□□■□＿＿
＿□＿□□□□□＿＿
□□□□□□□□□＿
□□□□□□□□□＿
□□□□□□□□□＿
□□□□□□□□□＿
□□□□＿□□□□□
□□□□□＿□□□＿
□□□□□□□＿□□
00:01:23(2516f):field(2515f)
＿＿＿＿＿＿＿＿＿＿
＿＿＿＿＿＿＿＿＿＿
＿＿＿＿＿＿＿＿＿＿
＿＿＿＿＿＿＿＿＿＿
＿＿＿＿＿＿＿＿＿＿
＿＿＿＿＿＿＿＿＿＿
＿＿＿＿＿＿＿＿＿＿
＿＿＿＿＿＿＿＿＿＿
＿＿＿＿＿＿＿＿＿＿
＿＿＿＿＿＿＿＿＿＿
＿＿＿＿◆◆◆＿＿＿
＿＿＿◆◆◆◆◆＿＿
＿◆■◆□◆◆◆＿＿
◆◆◆◆◆□□◆◆＿
□◆□□□□□◆◆＿
□□◆□□□□□◆■
◆□◆□□□□□□＿
□□□□■□□□□□
□□□□□■□□□＿
□□□□□□□＿□□
00:01:24(2527f):field(2526f)
＿＿＿＿＿＿＿＿＿＿
＿＿＿＿＿＿＿＿＿＿
＿＿＿＿＿＿＿＿＿＿
＿＿＿＿＿＿＿＿＿＿
＿＿＿＿＿＿＿＿＿＿
＿＿＿＿＿＿＿＿＿＿
＿＿＿＿＿＿＿＿＿＿
＿＿＿＿＿＿＿＿＿＿
＿＿＿＿＿＿＿＿＿＿
＿＿＿＿＿＿＿＿＿＿
＿＿＿＿＿＿＿＿＿＿
＿＿＿＿＿＿＿＿＿＿
＿＿◆＿◆＿＿＿＿＿
＿＿＿＿＿◆◆＿＿＿
◆＿◆◆□□□＿＿＿
◆◆＿□□□□□■□
＿□＿□□□□□□■
□□□□◆□□□□□
□□□□□◆□□□＿
□□□□□□□＿□□
00:01:24(2541f):field(2540f)
＿＿＿＿＿＿＿＿＿＿
＿＿＿＿＿＿＿＿＿＿
＿＿＿＿＿＿＿＿＿＿
＿＿＿＿＿＿＿＿＿＿
＿＿＿＿＿＿＿＿＿＿
＿＿＿＿＿＿＿＿＿＿
＿＿＿＿＿＿＿＿＿＿
＿＿＿＿＿＿＿＿＿＿
＿＿＿＿＿＿＿＿＿＿
＿＿＿＿＿＿＿＿＿＿
＿＿＿＿＿＿＿＿＿＿
＿＿＿＿＿＿＿＿＿＿
＿＿＿＿＿＿＿＿＿＿
＿＿＿＿＿＿＿＿＿＿
＿■＿＿□□□＿＿＿
＿■■□□□□□□□
＿□■□□□□□□□
□□□□＿□□□□□
□□□□□＿□□□＿
□□□□□□□＿□□
00:01:25(2554f):field(2553f)
＿＿＿＿＿＿＿＿＿＿
＿＿＿＿＿＿＿＿＿＿
＿＿＿＿＿＿＿＿＿＿
＿＿＿＿＿＿＿＿＿＿
＿＿＿＿＿＿＿＿＿＿
＿＿＿＿＿＿＿＿＿＿
＿＿＿＿＿＿＿＿＿＿
＿＿＿＿＿＿＿＿＿＿
＿＿＿＿＿＿＿＿＿＿
＿＿＿＿＿＿＿＿＿＿
＿＿＿＿＿＿＿＿＿＿
＿＿＿＿＿＿＿＿＿＿
＿＿■＿＿＿＿＿＿＿
＿＿■＿＿＿＿＿＿＿
＿□■■□□□＿＿＿
＿□□□□□□□□□
＿□□□□□□□□□
□□□□＿□□□□□
□□□□□＿□□□＿
□□□□□□□＿□□
00:01:25(2565f):field(2564f)
＿＿＿＿＿＿＿＿＿＿
＿＿＿＿＿＿＿＿＿＿
＿＿＿＿＿＿＿＿＿＿
＿＿＿＿＿＿＿＿＿＿
＿＿＿＿＿＿＿＿＿＿
＿＿＿＿＿＿＿＿＿＿
＿＿＿＿＿＿＿＿＿＿
＿＿＿＿＿＿＿＿＿＿
＿＿＿＿＿＿＿＿＿＿
＿＿＿＿＿＿＿＿＿＿
＿＿＿＿＿＿＿＿＿＿
＿＿＿＿■＿＿＿＿＿
＿＿□■■＿＿＿＿＿
＿＿□■＿＿＿＿＿＿
＿□□□□□□＿＿＿
＿□□□□□□□□□
＿□□□□□□□□□
□□□□＿□□□□□
□□□□□＿□□□＿
□□□□□□□＿□□
00:01:25(2577f):field(2576f)
＿＿＿＿＿＿＿＿＿＿
＿＿＿＿＿＿＿＿＿＿
＿＿＿＿＿＿＿＿＿＿
＿＿＿＿＿＿＿＿＿＿
＿＿＿＿＿＿＿＿＿＿
＿＿＿＿＿＿＿＿＿＿
＿＿＿＿＿＿＿＿＿＿
＿＿＿＿＿＿＿＿＿＿
＿＿＿＿＿＿＿＿＿＿
＿＿＿＿＿＿＿＿＿＿
＿＿＿＿＿＿＿＿＿＿
＿＿＿＿□＿＿＿＿＿
＿＿□□□■＿＿＿＿
＿＿□□■■■＿＿＿
＿□□□□□□＿＿＿
＿□□□□□□□□□
＿□□□□□□□□□
□□□□＿□□□□□
□□□□□＿□□□＿
□□□□□□□＿□□
00:01:26(2589f):field(2588f)
＿＿＿＿＿＿＿＿＿＿
＿＿＿＿＿＿＿＿＿＿
＿＿＿＿＿＿＿＿＿＿
＿＿＿＿＿＿＿＿＿＿
＿＿＿＿＿＿＿＿＿＿
＿＿＿＿＿＿＿＿＿＿
＿＿＿＿＿＿＿＿＿＿
＿＿＿＿＿＿＿＿＿＿
＿＿＿＿＿＿＿＿＿＿
＿＿＿＿＿＿＿＿＿＿
＿＿＿＿＿＿＿＿＿＿
＿＿＿＿□＿＿＿＿＿
＿＿□□□□＿＿＿＿
＿＿□□□□□■＿＿
＿□□□□□□■■■
＿□□□□□□□□□
＿□□□□□□□□□
□□□□＿□□□□□
□□□□□＿□□□＿
□□□□□□□＿□□
00:01:26(2604f):field(2603f)
＿＿＿＿＿＿＿＿＿＿
＿＿＿＿＿＿＿＿＿＿
＿＿＿＿＿＿＿＿＿＿
＿＿＿＿＿＿＿＿＿＿
＿＿＿＿＿＿＿＿＿＿
＿＿＿＿＿＿＿＿＿＿
＿＿＿＿＿＿＿＿＿＿
＿＿＿＿＿＿＿＿＿＿
＿＿＿＿＿＿＿＿＿＿
＿＿＿＿＿＿＿＿＿＿
＿＿＿＿＿■＿＿＿＿
＿＿＿＿□■■＿＿＿
＿＿□□□□■＿＿＿
＿＿□□□□□□＿＿
＿□□□□□□□□□
＿□□□□□□□□□
＿□□□□□□□□□
□□□□＿□□□□□
□□□□□＿□□□＿
□□□□□□□＿□□
00:01:27(2616f):field(2615f)
＿＿＿＿＿＿＿＿＿＿
＿＿＿＿＿＿＿＿＿＿
＿＿＿＿＿＿＿＿＿＿
＿＿＿＿＿＿＿＿＿＿
＿＿＿＿＿＿＿＿＿＿
＿＿＿＿＿＿＿＿＿＿
＿＿＿＿＿＿＿＿＿＿
＿＿＿＿＿＿＿＿＿＿
＿＿＿＿＿＿＿＿＿＿
＿＿＿＿＿＿＿＿＿＿
＿＿＿＿＿◆＿＿＿＿
＿＿＿＿◆◆◆＿＿＿
＿＿◆◆◆◆◆＿＿＿
＿＿◆□◆□◆□＿＿
＿□◆□□□□◆◆□
＿◆□□□□□◆◆◆
■□□□□□□□□□
□□□□■□□□□□
□□□□□＿□□□＿
□□□□□□□＿□□
00:01:27(2630f):field(2629f)
＿＿＿＿＿＿＿＿＿＿
＿＿＿＿＿＿＿＿＿＿
＿＿＿＿＿＿＿＿＿＿
＿＿＿＿＿＿＿＿＿＿
＿＿＿＿＿＿＿＿＿＿
＿＿＿＿＿＿＿＿＿＿
＿＿＿＿＿＿＿＿＿＿
＿＿＿＿＿＿＿＿＿＿
＿＿＿＿＿＿＿＿＿＿
＿＿＿＿＿＿＿＿＿＿
＿＿＿＿＿＿＿＿＿＿
＿＿＿＿＿＿＿＿＿＿
＿＿＿＿＿＿＿＿＿＿
■＿＿◆＿□＿◆＿＿
■◆＿◆□□□＿＿◆
■■□□□□□＿＿＿
□◆□□□□□□◆◆
□□□□◆□□□□□
□□□□□＿□□□＿
□□□□□□□＿□□
00:01:28(2641f):field(2640f)
＿＿＿＿＿＿＿＿＿＿
＿＿＿＿＿＿＿＿＿＿
＿＿＿＿＿＿＿＿＿＿
＿＿＿＿＿＿＿＿＿＿
＿＿＿＿＿＿＿＿＿＿
＿＿＿＿＿＿＿＿＿＿
＿＿＿＿＿＿＿＿＿＿
＿＿＿＿＿＿＿＿＿＿
＿＿＿＿＿＿＿＿＿＿
＿＿＿＿＿＿＿＿＿＿
＿＿＿＿＿＿＿＿＿＿
＿＿＿＿＿＿＿＿＿＿
＿＿＿＿＿＿＿＿＿＿
□＿＿＿＿□＿＿＿＿
□＿＿＿□□□＿＿＿
□□□□□□□＿■■
□＿□□□□□□■■
□□□□＿□□□□□
□□□□□＿□□□＿
□□□□□□□＿□□
00:01:28(2652f):field(2651f)
＿＿＿＿＿＿＿＿＿＿
＿＿＿＿＿＿＿＿＿＿
＿＿＿＿＿＿＿＿＿＿
＿＿＿＿＿＿＿＿＿＿
＿＿＿＿＿＿＿＿＿＿
＿＿＿＿＿＿＿＿＿＿
＿＿＿＿＿＿＿＿＿＿
＿＿＿＿＿＿＿＿＿＿
＿＿＿＿＿＿＿＿＿＿
＿＿＿＿＿＿＿＿＿＿
＿＿＿＿＿＿＿＿＿＿
＿＿＿＿＿＿＿＿＿＿
＿＿＿＿■＿＿＿＿＿
□＿＿■■□＿＿＿＿
□＿＿■□□□＿＿＿
□□□□□□□＿□□
□＿□□□□□□□□
□□□□＿□□□□□
□□□□□＿□□□＿
□□□□□□□＿□□
00:01:28(2665f):field(2664f)
＿＿＿＿＿＿＿＿＿＿
＿＿＿＿＿＿＿＿＿＿
＿＿＿＿＿＿＿＿＿＿
＿＿＿＿＿＿＿＿＿＿
＿＿＿＿＿＿＿＿＿＿
＿＿＿＿＿＿＿＿＿＿
＿＿＿＿＿＿＿＿＿＿
＿＿＿＿＿＿＿＿＿＿
＿＿＿＿＿＿＿＿＿＿
＿＿＿＿＿＿＿＿＿＿
＿＿＿＿＿＿＿＿＿＿
＿＿＿＿＿＿＿＿＿＿
＿＿＿＿◆＿＿＿＿＿
◆＿＿◆□◆＿＿＿＿
□＿＿□□□□■＿＿
□◆◆□□□□■□◆
□＿□□□□□□□□
□□□□＿□□□□□
□□□□□＿□□□＿
□□□□□□□＿□□
00:01:29(2684f):field(2683f)
＿＿＿＿＿＿＿＿＿＿
＿＿＿＿＿＿＿＿＿＿
＿＿＿＿＿＿＿＿＿＿
＿＿＿＿＿＿＿＿＿＿
＿＿＿＿＿＿＿＿＿＿
＿＿＿＿＿＿＿＿＿＿
＿＿＿＿＿＿＿＿＿＿
＿＿＿＿＿＿＿＿＿＿
＿＿＿＿＿＿＿＿＿＿
＿＿＿＿＿＿＿＿＿＿
＿＿＿＿＿＿＿＿＿＿
＿＿＿＿＿＿＿＿＿＿
＿＿＿＿＿＿＿＿＿＿
＿＿■■□＿＿＿＿＿
□＿■□□□◆□＿＿
□＿■□□□□□□＿
□＿□□□□□□□□
□□□□＿□□□□□
□□□□□＿□□□＿
□□□□□□□＿□□
00:01:29(2696f):field(2695f)
＿＿＿＿＿＿＿＿＿＿
＿＿＿＿＿＿＿＿＿＿
＿＿＿＿＿＿＿＿＿＿
＿＿＿＿＿＿＿＿＿＿
＿＿＿＿＿＿＿＿＿＿
＿＿＿＿＿＿＿＿＿＿
＿＿＿＿＿＿＿＿＿＿
＿＿＿＿＿＿＿＿＿＿
＿＿＿＿＿＿＿＿＿＿
＿＿＿＿＿＿＿＿＿＿
＿＿＿＿＿＿＿＿＿＿
＿＿＿＿＿＿＿＿＿＿
■■■＿＿＿＿＿＿＿
■＿□□□＿＿＿＿＿
□＿□□□□＿□＿＿
□＿□□□□□□□＿
□＿□□□□□□□□
□□□□＿□□□□□
□□□□□＿□□□＿
□□□□□□□＿□□
00:01:30(2708f):field(2707f)
＿＿＿＿＿＿＿＿＿＿
＿＿＿＿＿＿＿＿＿＿
＿＿＿＿＿＿＿＿＿＿
＿＿＿＿＿＿＿＿＿＿
＿＿＿＿＿＿＿＿＿＿
＿＿＿＿＿＿＿＿＿＿
＿＿＿＿＿＿＿＿＿＿
＿＿＿＿＿＿＿＿＿＿
＿＿＿＿＿＿＿＿＿＿
＿＿＿＿＿＿＿＿＿＿
＿＿＿＿＿＿＿＿＿＿
＿＿＿■■＿＿＿＿＿
□□□■■＿＿＿＿＿
□＿□□□＿＿＿＿＿
□＿□□□□＿□＿＿
□＿□□□□□□□＿
□＿□□□□□□□□
□□□□＿□□□□□
□□□□□＿□□□＿
□□□□□□□＿□□
00:01:30(2720f):field(2719f)
＿＿＿＿＿＿＿＿＿＿
＿＿＿＿＿＿＿＿＿＿
＿＿＿＿＿＿＿＿＿＿
＿＿＿＿＿＿＿＿＿＿
＿＿＿＿＿＿＿＿＿＿
＿＿＿＿＿＿＿＿＿＿
＿＿＿＿＿＿＿＿＿＿
＿＿＿＿＿＿＿＿＿＿
＿＿＿＿＿＿＿＿＿＿
＿＿＿＿＿＿＿＿＿＿
＿＿＿＿＿■＿＿＿＿
＿＿＿□□■＿＿＿＿
□□□□□■＿＿＿＿
□＿□□□■＿＿＿＿
□＿□□□□＿□＿＿
□＿□□□□□□□＿
□＿□□□□□□□□
□□□□＿□□□□□
□□□□□＿□□□＿
□□□□□□□＿□□
00:01:31(2732f):field(2731f)
＿＿＿＿＿＿＿＿＿＿
＿＿＿＿＿＿＿＿＿＿
＿＿＿＿＿＿＿＿＿＿
＿＿＿＿＿＿＿＿＿＿
＿＿＿＿＿＿＿＿＿＿
＿＿＿＿＿＿＿＿＿＿
＿＿＿＿＿＿＿＿＿＿
＿＿＿＿＿＿＿＿＿＿
＿＿＿＿■＿＿＿＿＿
＿＿＿＿■■＿＿＿＿
＿＿＿＿■□＿＿＿＿
＿＿＿□□□＿＿＿＿
□□□□□□＿＿＿＿
□＿□□□□＿＿＿＿
□＿□□□□＿□＿＿
□＿□□□□□□□＿
□＿□□□□□□□□
□□□□＿□□□□□
□□□□□＿□□□＿
□□□□□□□＿□□
00:01:31(2746f):field(2745f)
＿＿＿＿＿＿＿＿＿＿
＿＿＿＿＿＿＿＿＿＿
＿＿＿＿＿＿＿＿＿＿
＿＿＿＿＿＿＿＿＿＿
＿＿＿＿＿＿＿＿＿＿
＿＿＿＿＿＿＿＿＿＿
＿＿＿＿＿＿＿＿＿＿
＿＿＿＿＿＿＿＿＿＿
＿＿＿＿□＿＿＿＿＿
＿＿＿＿□□＿＿＿＿
＿＿＿＿□□＿＿＿＿
＿＿＿□□□＿＿＿＿
□□□□□□＿＿＿＿
□＿□□□□＿＿■＿
□＿□□□□＿□■■
□＿□□□□□□□■
□＿□□□□□□□□
□□□□＿□□□□□
□□□□□＿□□□＿
□□□□□□□＿□□
00:01:31(2757f):field(2756f)
＿＿＿＿＿＿＿＿＿＿
＿＿＿＿＿＿＿＿＿＿
＿＿＿＿＿＿＿＿＿＿
＿＿＿＿＿＿＿＿＿＿
＿＿＿＿＿＿＿＿＿＿
＿＿＿＿＿＿＿＿＿＿
＿＿＿＿＿＿＿＿＿＿
＿＿＿＿＿＿＿＿＿＿
＿＿＿＿□＿＿＿＿＿
＿＿＿＿□□＿＿＿＿
＿＿＿＿□□＿＿＿＿
＿＿＿□□□■＿＿＿
□□□□□□■＿＿＿
□＿□□□□■■□＿
□＿□□□□＿□□□
□＿□□□□□□□□
□＿□□□□□□□□
□□□□＿□□□□□
□□□□□＿□□□＿
□□□□□□□＿□□
00:01:32(2771f):field(2770f)
＿＿＿＿＿＿＿＿＿＿
＿＿＿＿＿＿＿＿＿＿
＿＿＿＿＿＿＿＿＿＿
＿＿＿＿＿＿＿＿＿＿
＿＿＿＿＿＿＿＿＿＿
＿＿＿＿＿＿＿＿＿＿
＿＿＿＿＿＿＿＿＿＿
＿＿＿＿＿＿＿＿＿＿
＿＿＿＿□＿＿＿＿＿
＿＿＿＿□□＿＿＿＿
＿＿＿＿□□＿＿＿＿
＿＿＿□□□□■■＿
□□□□□□□■■＿
□＿□□□□□□□＿
□＿□□□□＿□□□
□＿□□□□□□□□
□＿□□□□□□□□
□□□□＿□□□□□
□□□□□＿□□□＿
□□□□□□□＿□□
00:01:32(2784f):field(2783f)
＿＿＿＿＿＿＿＿＿＿
＿＿＿＿＿＿＿＿＿＿
＿＿＿＿＿＿＿＿＿＿
＿＿＿＿＿＿＿＿＿＿
＿＿＿＿＿＿＿＿＿＿
＿＿＿＿＿＿＿＿＿＿
＿＿＿＿＿＿＿＿＿＿
＿＿＿＿＿＿＿＿＿＿
＿＿＿＿□＿＿＿＿＿
＿＿＿＿□□＿＿＿＿
■＿＿＿□□＿＿＿＿
■■■□□□□□□＿
□□□□□□□□□＿
□＿□□□□□□□＿
□＿□□□□＿□□□
□＿□□□□□□□□
□＿□□□□□□□□
□□□□＿□□□□□
□□□□□＿□□□＿
□□□□□□□＿□□
00:01:33(2796f):field(2795f)
＿＿＿＿＿＿＿＿＿＿
＿＿＿＿＿＿＿＿＿＿
＿＿＿＿＿＿＿＿＿＿
＿＿＿＿＿＿＿＿＿＿
＿＿＿＿＿＿＿＿＿＿
＿＿＿＿＿＿＿＿＿＿
＿＿＿＿＿＿＿＿＿＿
＿＿＿＿＿＿＿＿＿＿
＿＿＿＿□＿＿＿＿＿
■■＿＿□□＿＿＿＿
□■■＿□□＿＿＿＿
□□□□□□□□□＿
□□□□□□□□□＿
□＿□□□□□□□＿
□＿□□□□＿□□□
□＿□□□□□□□□
□＿□□□□□□□□
□□□□＿□□□□□
□□□□□＿□□□＿
□□□□□□□＿□□
00:01:33(2809f):field(2808f)
＿＿＿＿＿＿＿＿＿＿
＿＿＿＿＿＿＿＿＿＿
＿＿＿＿＿＿＿＿＿＿
＿＿＿＿＿＿＿＿＿＿
＿＿＿＿＿＿＿＿＿＿
＿＿＿＿＿＿＿＿＿＿
＿＿＿＿＿＿＿＿＿＿
＿＿＿＿＿＿＿＿＿＿
＿＿■＿□＿＿＿＿＿
□□■■□□＿＿＿＿
□□□■□□＿＿＿＿
□□□□□□□□□＿
□□□□□□□□□＿
□＿□□□□□□□＿
□＿□□□□＿□□□
□＿□□□□□□□□
□＿□□□□□□□□
□□□□＿□□□□□
□□□□□＿□□□＿
□□□□□□□＿□□
00:01:34(2823f):field(2822f)
＿＿＿＿＿＿＿＿＿＿
＿＿＿＿＿＿＿＿＿＿
＿＿＿＿＿＿＿＿＿＿
＿＿＿＿＿＿＿＿＿＿
＿＿＿＿＿＿＿＿＿＿
＿＿＿＿＿＿＿＿＿＿
＿＿＿＿＿＿＿＿＿＿
＿＿＿＿＿＿＿＿＿＿
＿＿□＿□■■＿＿＿
□□□□□□■＿＿＿
□□□□□□■＿＿＿
□□□□□□□□□＿
□□□□□□□□□＿
□＿□□□□□□□＿
□＿□□□□＿□□□
□＿□□□□□□□□
□＿□□□□□□□□
□□□□＿□□□□□
□□□□□＿□□□＿
□□□□□□□＿□□
00:01:34(2836f):field(2835f)
＿＿＿＿＿＿＿＿＿＿
＿＿＿＿＿＿＿＿＿＿
＿＿＿＿＿＿＿＿＿＿
＿＿＿＿＿＿＿＿＿＿
＿＿＿＿＿＿＿＿＿＿
＿＿＿＿＿＿＿＿＿＿
＿＿＿＿＿＿＿＿＿＿
＿＿＿＿＿＿＿＿＿＿
＿＿□＿□□□＿＿＿
□□□□□□□■■＿
□□□□□□□■■＿
□□□□□□□□□＿
□□□□□□□□□＿
□＿□□□□□□□＿
□＿□□□□＿□□□
□＿□□□□□□□□
□＿□□□□□□□□
□□□□＿□□□□□
□□□□□＿□□□＿
□□□□□□□＿□□
00:01:34(2848f):field(2847f)
＿＿＿＿＿＿＿＿＿＿
＿＿＿＿＿＿＿＿＿＿
＿＿＿＿＿＿＿＿＿＿
＿＿＿＿＿＿＿＿＿＿
＿＿＿＿＿＿＿＿＿＿
＿＿＿＿＿＿＿＿＿＿
＿＿＿■＿＿＿＿＿＿
＿＿＿■■＿＿＿＿＿
＿＿□■□□□＿＿＿
□□□□□□□□□＿
□□□□□□□□□＿
□□□□□□□□□＿
□□□□□□□□□＿
□＿□□□□□□□＿
□＿□□□□＿□□□
□＿□□□□□□□□
□＿□□□□□□□□
□□□□＿□□□□□
□□□□□＿□□□＿
□□□□□□□＿□□
00:01:35(2858f):field(2857f)
＿＿＿＿＿＿＿＿＿＿
＿＿＿＿＿＿＿＿＿＿
＿＿＿＿＿＿＿＿＿＿
＿＿＿＿＿＿＿＿＿＿
＿＿＿＿＿＿＿＿＿＿
＿＿＿＿＿＿＿＿＿＿
＿＿＿□■■＿＿＿＿
＿＿＿□□■■＿＿＿
＿＿□□□□□＿＿＿
□□□□□□□□□＿
□□□□□□□□□＿
□□□□□□□□□＿
□□□□□□□□□＿
□＿□□□□□□□＿
□＿□□□□＿□□□
□＿□□□□□□□□
□＿□□□□□□□□
□□□□＿□□□□□
□□□□□＿□□□＿
□□□□□□□＿□□
00:01:35(2872f):field(2871f)
＿＿＿＿＿＿＿＿＿＿
＿＿＿＿＿＿＿＿＿＿
＿＿＿＿＿＿＿＿＿＿
＿＿＿＿＿＿＿＿＿＿
＿＿＿＿＿＿＿＿＿＿
＿＿＿＿＿＿＿＿＿＿
＿＿＿□□□＿＿＿＿
＿■■□□□□＿＿＿
■■□□□□□＿＿＿
□□□□□□□□□＿
□□□□□□□□□＿
□□□□□□□□□＿
□□□□□□□□□＿
□＿□□□□□□□＿
□＿□□□□＿□□□
□＿□□□□□□□□
□＿□□□□□□□□
□□□□＿□□□□□
□□□□□＿□□□＿
□□□□□□□＿□□
00:01:36(2884f):field(2883f)
＿＿＿＿＿＿＿＿＿＿
＿＿＿＿＿＿＿＿＿＿
＿＿＿＿＿＿＿＿＿＿
＿＿＿＿＿＿＿＿＿＿
＿＿＿＿＿＿＿＿＿＿
＿＿＿＿＿＿＿＿＿＿
＿＿＿◆◆◆＿＿＿＿
＿◆◆◆◆◆◆＿＿＿
◆◆◆◆◆◆◆＿＿＿
◆◆◆□□□◆◆◆＿
□□□□□□□◆◆＿
□□□□□□□◆◆■
□□□□□□□□□＿
□■□□□□□□□■
□＿□□□□■□□□
□＿□□□□□□□□
□＿□□□□□□□□
□□□□＿□□□□□
□□□□□＿□□□＿
□□□□□□□＿□□
00:01:36(2897f):field(2896f)
＿＿＿＿＿＿＿＿＿＿
＿＿＿＿＿＿＿＿＿＿
＿＿＿＿＿＿＿＿＿＿
＿＿＿＿＿＿＿＿＿＿
＿＿＿＿＿＿＿＿＿＿
＿＿＿＿＿＿＿＿＿＿
＿＿＿＿＿＿＿＿＿＿
＿＿＿＿＿＿＿＿＿＿
＿＿＿＿＿＿＿＿＿＿
＿＿＿◆◆◆＿＿＿＿
◆◆□◆□◆□＿＿＿
□□◆□□□◆＿＿◆
□□□□□□□◆□＿
□□□□□□□□□□
□■□□□□◆□□□
□＿□□□□□□□□
□＿□□□□□□□□
□□□□＿□□□□□
□□□□□＿□□□＿
□□□□□□□＿□□
00:01:36(2908f):field(2907f)
＿＿＿＿＿＿＿＿＿＿
＿＿＿＿＿＿＿＿＿＿
＿＿＿＿＿＿＿＿＿＿
＿＿＿＿＿＿＿＿＿＿
＿＿＿＿＿＿＿＿＿＿
＿＿＿＿＿＿＿＿＿＿
＿＿＿＿＿＿＿＿＿＿
＿＿＿＿＿＿＿＿＿＿
＿＿＿＿＿＿＿＿＿＿
＿＿＿＿＿＿＿＿＿＿
＿＿◆＿◆＿◆＿＿＿
◆◆＿□□□＿＿＿■
◆□□□□□□■□■
□◆□□□□□□□□
□◆□□□□＿□□□
□＿□□□□□□□□
□＿□□□□□□□□
□□□□＿□□□□□
□□□□□＿□□□＿
□□□□□□□＿□□
00:01:37(2920f):field(2919f)
＿＿＿＿＿＿＿＿＿＿
＿＿＿＿＿＿＿＿＿＿
＿＿＿＿＿＿＿＿＿＿
＿＿＿＿＿＿＿＿＿＿
＿＿＿＿＿＿＿＿＿＿
＿＿＿＿＿＿＿＿＿＿
＿＿＿＿＿＿＿＿＿＿
＿＿＿＿＿＿＿＿＿＿
＿＿＿＿＿＿＿＿＿＿
＿＿＿■■＿＿＿＿＿
＿＿＿■■＿＿＿＿＿
＿＿＿□□□＿＿＿□
＿□□□□□□□□□
□＿□□□□□□□□
□＿□□□□＿□□□
□＿□□□□□□□□
□＿□□□□□□□□
□□□□＿□□□□□
□□□□□＿□□□＿
□□□□□□□＿□□
00:01:37(2932f):field(2931f)
＿＿＿＿＿＿＿＿＿＿
＿＿＿＿＿＿＿＿＿＿
＿＿＿＿＿＿＿＿＿＿
＿＿＿＿＿＿＿＿＿＿
＿＿＿＿＿＿＿＿＿＿
＿＿＿＿＿＿＿＿＿＿
＿＿＿＿＿＿＿＿＿＿
＿＿＿＿＿＿＿＿＿＿
＿＿＿＿＿＿＿＿＿＿
＿＿＿□□＿＿＿＿＿
＿＿＿□□＿＿■＿＿
＿＿＿□□□■■■□
＿□□□□□□□□□
□＿□□□□□□□□
□＿□□□□＿□□□
□＿□□□□□□□□
□＿□□□□□□□□
□□□□＿□□□□□
□□□□□＿□□□＿
□□□□□□□＿□□
00:01:38(2944f):field(2943f)
＿＿＿＿＿＿＿＿＿＿
＿＿＿＿＿＿＿＿＿＿
＿＿＿＿＿＿＿＿＿＿
＿＿＿＿＿＿＿＿＿＿
＿＿＿＿＿＿＿＿＿＿
＿＿＿＿＿＿＿＿＿＿
＿＿＿＿＿＿＿＿＿＿
＿＿＿＿＿＿＿＿＿＿
＿＿＿＿＿＿＿＿＿＿
＿＿＿□□＿■■＿＿
＿＿＿□□■■□＿＿
＿＿＿□□□□□□□
＿□□□□□□□□□
□＿□□□□□□□□
□＿□□□□＿□□□
□＿□□□□□□□□
□＿□□□□□□□□
□□□□＿□□□□□
□□□□□＿□□□＿
□□□□□□□＿□□
00:01:39(2970f):field(2969f)
＿＿＿＿＿＿＿＿＿＿
＿＿＿＿＿＿＿＿＿＿
＿＿＿＿＿＿＿＿＿＿
＿＿＿＿＿＿＿＿＿＿
＿＿＿＿＿＿＿＿＿＿
＿＿＿＿＿＿＿＿＿＿
＿＿＿＿＿＿＿＿＿＿
＿＿＿＿＿＿＿＿＿＿
＿＿＿＿＿＿＿＿＿＿
＿＿＿◆◆＿□◆＿＿
＿■＿◆□□□□＿■
＿■■□□□□□□◆
■◆◆□□□□□□◆
□＿□□□□□□□□
□＿□□□□■□□□
□＿□□□□□□□□
□＿□□□□□□□□
□□□□＿□□□□□
□□□□□＿□□□＿
□□□□□□□＿□□
00:01:39(2984f):field(2983f)
＿＿＿＿＿＿＿＿＿＿
＿＿＿＿＿＿＿＿＿＿
＿＿＿＿＿＿＿＿＿＿
＿＿＿＿＿＿＿＿＿＿
＿＿＿＿＿＿＿＿＿＿
＿＿＿＿＿＿＿＿＿＿
＿＿＿＿＿＿＿＿＿＿
＿＿＿＿＿＿＿＿＿＿
＿＿＿＿＿＿＿＿＿＿
＿＿＿＿＿＿◆＿＿＿
＿◆＿＿◆◆□◆＿◆
＿◆◆◆◆□□◆◆＿
◆＿＿□□□□□◆＿
□■□□□□□□◆◆
□■□□□□◆□□□
□＿□□□□□□□□
□＿□□□□□□□□
□□□□＿□□□□□
□□□□□＿□□□＿
□□□□□□□＿□□
00:01:39(2997f):field(2996f)
＿＿＿＿＿＿＿＿＿＿
＿＿＿＿＿＿＿＿＿＿
＿＿＿＿＿＿＿＿＿＿
＿＿＿＿＿＿＿＿＿＿
＿＿＿＿＿＿＿＿＿＿
＿＿＿＿＿＿＿＿＿＿
＿＿＿＿＿＿＿＿＿＿
＿＿＿＿＿＿＿＿＿＿
＿＿＿＿＿＿＿＿＿＿
＿＿＿＿＿＿＿＿＿＿
＿＿＿＿＿＿□＿＿■
＿＿＿＿＿□□＿＿■
＿＿＿□□□□□＿■
□□◆□□□□□＿■
□□□□□□＿□□□
□＿□□□□□□□□
□＿□□□□□□□□
□□□□＿□□□□□
□□□□□＿□□□＿
□□□□□□□＿□□
00:01:40(3009f):field(3008f)
＿＿＿＿＿＿＿＿＿＿
＿＿＿＿＿＿＿＿＿＿
＿＿＿＿＿＿＿＿＿＿
＿＿＿＿＿＿＿＿＿＿
＿＿＿＿＿＿＿＿＿＿
＿＿＿＿＿＿＿＿＿＿
＿＿＿＿＿＿＿＿＿＿
＿＿＿＿＿＿＿＿＿＿
＿＿＿＿＿＿＿＿＿＿
＿＿＿＿■＿＿＿＿＿
＿＿＿＿■■□＿＿□
＿＿＿＿■□□＿＿□
＿＿＿□□□□□＿□
□□＿□□□□□＿□
□□□□□□＿□□□
□＿□□□□□□□□
□＿□□□□□□□□
□□□□＿□□□□□
□□□□□＿□□□＿
□□□□□□□＿□□
00:01:40(3023f):field(3022f)
＿＿＿＿＿＿＿＿＿＿
＿＿＿＿＿＿＿＿＿＿
＿＿＿＿＿＿＿＿＿＿
＿＿＿＿＿＿＿＿＿＿
＿＿＿＿＿＿＿＿＿＿
＿＿＿＿＿＿＿＿＿＿
＿＿＿＿＿＿＿＿＿＿
＿＿＿＿＿＿＿＿＿＿
＿＿＿＿＿＿＿＿＿＿
＿＿＿＿□＿＿＿＿＿
＿＿＿＿□□□＿＿□
＿＿＿＿□□□＿＿□
■■■□□□□□＿□
□□■□□□□□＿□
□□□□□□＿□□□
□＿□□□□□□□□
□＿□□□□□□□□
□□□□＿□□□□□
□□□□□＿□□□＿
□□□□□□□＿□□
00:01:41(3037f):field(3036f)
＿＿＿＿＿＿＿＿＿＿
＿＿＿＿＿＿＿＿＿＿
＿＿＿＿＿＿＿＿＿＿
＿＿＿＿＿＿＿＿＿＿
＿＿＿＿＿＿＿＿＿＿
＿＿＿＿＿＿＿＿＿＿
＿＿＿＿＿＿＿＿＿＿
＿＿＿＿＿＿＿＿＿＿
＿＿＿＿＿＿＿＿＿＿
＿＿■＿□＿＿＿＿＿
＿＿■■□□□＿＿□
＿＿＿■□□□＿＿□
□□□□□□□□＿□
□□□□□□□□＿□
□□□□□□＿□□□
□＿□□□□□□□□
□＿□□□□□□□□
□□□□＿□□□□□
□□□□□＿□□□＿
□□□□□□□＿□□
00:01:41(3051f):field(3050f)
＿＿＿＿＿＿＿＿＿＿
＿＿＿＿＿＿＿＿＿＿
＿＿＿＿＿＿＿＿＿＿
＿＿＿＿＿＿＿＿＿＿
＿＿＿＿＿＿＿＿＿＿
＿＿＿＿＿＿＿＿＿＿
＿＿＿＿＿＿＿＿＿＿
＿＿＿＿＿＿＿＿＿＿
＿＿＿＿＿＿＿＿＿＿
＿＿□＿□＿■■■■
＿＿□□□□□＿＿□
＿＿＿□□□□＿＿□
□□□□□□□□＿□
□□□□□□□□＿□
□□□□□□＿□□□
□＿□□□□□□□□
□＿□□□□□□□□
□□□□＿□□□□□
□□□□□＿□□□＿
□□□□□□□＿□□
00:01:42(3064f):field(3063f)
＿＿＿＿＿＿＿＿＿＿
＿＿＿＿＿＿＿＿＿＿
＿＿＿＿＿＿＿＿＿＿
＿＿＿＿＿＿＿＿＿＿
＿＿＿＿＿＿＿＿＿＿
＿＿＿＿＿＿＿＿＿＿
＿＿＿＿＿＿＿＿＿＿
＿＿＿＿■＿＿＿＿＿
＿＿＿■■＿＿＿＿＿
＿＿□■□＿□□□□
＿＿□□□□□＿＿□
＿＿＿□□□□＿＿□
□□□□□□□□＿□
□□□□□□□□＿□
□□□□□□＿□□□
□＿□□□□□□□□
□＿□□□□□□□□
□□□□＿□□□□□
□□□□□＿□□□＿
□□□□□□□＿□□
00:01:42(3079f):field(3078f)
＿＿＿＿＿＿＿＿＿＿
＿＿＿＿＿＿＿＿＿＿
＿＿＿＿＿＿＿＿＿＿
＿＿＿＿＿＿＿＿＿＿
＿＿＿＿＿＿＿＿＿＿
＿＿＿＿＿＿＿＿＿＿
＿＿＿＿＿＿＿＿＿＿
＿＿＿＿□＿＿＿＿＿
＿＿＿□□＿＿＿＿＿
＿■□□□＿□□□□
＿■□□□□□＿＿□
＿■■□□□□＿＿□
□□□□□□□□＿□
□□□□□□□□＿□
□□□□□□＿□□□
□＿□□□□□□□□
□＿□□□□□□□□
□□□□＿□□□□□
□□□□□＿□□□＿
□□□□□□□＿□□
00:01:43(3093f):field(3092f)
＿＿＿＿＿＿＿＿＿＿
＿＿＿＿＿＿＿＿＿＿
＿＿＿＿＿＿＿＿＿＿
＿＿＿＿＿＿＿＿＿＿
＿＿＿＿＿＿＿＿＿＿
＿＿＿＿＿＿＿＿＿＿
＿＿＿＿＿＿＿＿＿＿
＿＿＿＿□＿＿＿■■
＿＿＿□□＿＿＿■■
＿□□□□＿□□□□
＿□□□□□□＿＿□
＿□□□□□□＿＿□
□□□□□□□□＿□
□□□□□□□□＿□
□□□□□□＿□□□
□＿□□□□□□□□
□＿□□□□□□□□
□□□□＿□□□□□
□□□□□＿□□□＿
□□□□□□□＿□□
00:01:43(3106f):field(3105f)
＿＿＿＿＿＿＿＿＿＿
＿＿＿＿＿＿＿＿＿＿
＿＿＿＿＿＿＿＿＿＿
＿＿＿＿＿＿＿＿＿＿
＿＿＿＿＿＿＿＿＿＿
＿＿＿＿＿＿＿＿＿＿
＿＿＿＿＿＿＿＿＿＿
＿＿＿＿□■＿＿□□
＿＿＿□□■■＿□□
＿□□□□■□□□□
＿□□□□□□＿＿□
＿□□□□□□＿＿□
□□□□□□□□＿□
□□□□□□□□＿□
□□□□□□＿□□□
□＿□□□□□□□□
□＿□□□□□□□□
□□□□＿□□□□□
□□□□□＿□□□＿
□□□□□□□＿□□
00:01:43(3119f):field(3118f)
＿＿＿＿＿＿＿＿＿＿
＿＿＿＿＿＿＿＿＿＿
＿＿＿＿＿＿＿＿＿＿
＿＿＿＿＿＿＿＿＿＿
＿＿＿＿＿＿＿＿＿＿
＿＿＿＿■■＿＿＿＿
＿＿＿＿■■＿＿＿＿
＿＿＿＿□□＿＿□□
＿＿＿□□□□＿□□
＿□□□□□□□□□
＿□□□□□□＿＿□
＿□□□□□□＿＿□
□□□□□□□□＿□
□□□□□□□□＿□
□□□□□□＿□□□
□＿□□□□□□□□
□＿□□□□□□□□
□□□□＿□□□□□
□□□□□＿□□□＿
□□□□□□□＿□□
00:01:44(3133f):field(3132f)
＿＿＿＿＿＿＿＿＿＿
＿＿＿＿＿＿＿＿＿＿
＿＿＿＿＿＿＿＿＿＿
＿＿＿＿＿＿＿＿＿＿
＿＿＿＿＿＿＿＿＿＿
＿＿＿＿□□＿＿＿＿
＿＿＿＿□□■＿＿＿
＿＿＿＿□□■■□□
＿＿＿□□□□■□□
＿□□□□□□□□□
＿□□□□□□＿＿□
＿□□□□□□＿＿□
□□□□□□□□＿□
□□□□□□□□＿□
□□□□□□＿□□□
□＿□□□□□□□□
□＿□□□□□□□□
□□□□＿□□□□□
□□□□□＿□□□＿
□□□□□□□＿□□
00:01:44(3145f):field(3144f)
＿＿＿＿＿＿＿＿＿＿
＿＿＿＿＿＿＿＿＿＿
＿＿＿＿＿＿＿＿＿＿
＿＿＿＿＿＿＿＿＿＿
＿＿＿＿＿＿＿＿＿＿
＿＿＿＿□□＿＿＿■
＿＿＿＿□□□■■■
＿＿＿＿□□□□□□
＿＿＿□□□□□□□
＿□□□□□□□□□
＿□□□□□□＿＿□
＿□□□□□□＿＿□
□□□□□□□□＿□
□□□□□□□□＿□
□□□□□□＿□□□
□＿□□□□□□□□
□＿□□□□□□□□
□□□□＿□□□□□
□□□□□＿□□□＿
□□□□□□□＿□□
00:01:45(3159f):field(3158f)
＿＿＿＿＿＿＿＿＿＿
＿＿＿＿＿＿＿＿＿＿
＿＿＿＿＿＿＿＿＿＿
＿＿＿＿＿＿＿＿＿＿
＿＿＿＿＿＿＿＿＿＿
＿＿＿＿◆◆＿＿＿◆
＿＿＿＿□□◆◆◆□
＿＿＿＿□□□□□□
■■＿◆□□□□□□
■□◆□□□□□□□
■□□□□□□■＿□
■□□□□□□■＿□
□□□□□□□□＿□
□□□□□□□□＿□
□□□□□□＿□□□
□＿□□□□□□□□
□＿□□□□□□□□
□□□□＿□□□□□
□□□□□＿□□□＿
□□□□□□□＿□□
00:01:45(3174f):field(3173f)
＿＿＿＿＿＿＿＿＿＿
＿＿＿＿＿＿＿＿＿＿
＿＿＿＿＿＿＿＿＿＿
＿＿＿＿＿＿＿＿＿＿
＿＿＿＿＿＿＿＿＿＿
＿＿＿＿＿＿＿＿＿＿
＿＿＿＿□□＿＿＿□
■＿＿＿□□□□□□
□□■＿□□□□□□
□◆＿□□□□□□□
□□□□□□□◆＿□
□□□□□□□◆＿□
□□□□□□□□＿□
□□□□□□□□＿□
□□□□□□＿□□□
□＿□□□□□□□□
□＿□□□□□□□□
□□□□＿□□□□□
□□□□□＿□□□＿
□□□□□□□＿□□
00:01:46(3189f):field(3188f)
＿＿＿＿＿＿＿＿＿＿
＿＿＿＿＿＿＿＿＿＿
＿＿＿＿＿＿＿＿＿＿
＿＿＿＿＿＿＿＿＿＿
＿＿＿＿＿＿＿＿＿＿
＿＿＿＿＿＿＿＿＿＿
■■＿＿□□＿＿＿□
□■■＿□□□□□□
□□□＿□□□□□□
□＿＿□□□□□□□
□□□□□□□＿＿□
□□□□□□□＿＿□
□□□□□□□□＿□
□□□□□□□□＿□
□□□□□□＿□□□
□＿□□□□□□□□
□＿□□□□□□□□
□□□□＿□□□□□
□□□□□＿□□□＿
□□□□□□□＿□□
00:01:46(3202f):field(3201f)
＿＿＿＿＿＿＿＿＿＿
＿＿＿＿＿＿＿＿＿＿
＿＿＿＿＿＿＿＿＿＿
＿＿＿＿＿＿＿＿＿＿
＿＿＿＿＿＿＿＿＿＿
＿＿＿＿＿＿＿＿■■
□□＿＿□□＿■■□
□□□＿□□□□□□
□□□＿□□□□□□
□＿＿□□□□□□□
□□□□□□□＿＿□
□□□□□□□＿＿□
□□□□□□□□＿□
□□□□□□□□＿□
□□□□□□＿□□□
□＿□□□□□□□□
□＿□□□□□□□□
□□□□＿□□□□□
□□□□□＿□□□＿
□□□□□□□＿□□
00:01:47(3214f):field(3213f)
＿＿＿＿＿＿＿＿＿＿
＿＿＿＿＿＿＿＿＿＿
＿＿＿＿＿＿＿＿＿＿
＿＿＿＿＿＿＿＿＿＿
＿＿＿＿＿＿＿＿＿＿
＿＿＿＿＿■■■□□
□□＿＿□□■□□□
□□□＿□□□□□□
□□□＿□□□□□□
□＿＿□□□□□□□
□□□□□□□＿＿□
□□□□□□□＿＿□
□□□□□□□□＿□
□□□□□□□□＿□
□□□□□□＿□□□
□＿□□□□□□□□
□＿□□□□□□□□
□□□□＿□□□□□
□□□□□＿□□□＿
□□□□□□□＿□□
00:01:47(3226f):field(3225f)
＿＿＿＿＿＿＿＿＿＿
＿＿＿＿＿＿＿＿＿＿
＿＿＿＿＿＿＿＿＿＿
＿＿＿＿＿＿＿＿＿＿
＿＿＿＿＿＿＿＿＿＿
＿＿＿＿＿◆◆□◆◆
◆◆＿＿□□□◆□◆
◆□□■◆□□□□□
□□◆■◆□□□□□
□＿■□□□□□□□
□□□□□□□＿■□
□□□□□□□＿＿□
□□□□□□□□＿□
□□□□□□□□＿□
□□□□□□＿□□□
□＿□□□□□□□□
□＿□□□□□□□□
□□□□＿□□□□□
□□□□□＿□□□＿
□□□□□□□＿□□
00:01:47(3238f):field(3237f)
＿＿＿＿＿＿＿＿＿＿
＿＿＿＿＿＿＿＿＿＿
＿＿＿＿＿＿＿＿＿＿
＿＿＿＿＿＿＿＿＿＿
＿＿＿＿＿＿＿＿＿＿
＿＿＿＿＿＿＿◆＿＿
＿＿＿＿◆◆◆＿◆＿
＿◆◆◆＿◆◆◆◆◆
◆◆＿◆■◆◆◆◆◆
◆■□◆◆□□□□□
□□□□□□□＿◆□
□□□□□□□＿＿□
□□□□□□□□＿□
□□□□□□□□＿□
□□□□□□＿□□□
□＿□□□□□□□□
□＿□□□□□□□□
□□□□＿□□□□□
□□□□□＿□□□＿
□□□□□□□＿□□
00:01:48(3253f):field(3252f)
＿＿＿＿＿＿＿＿＿＿
＿＿＿＿＿＿＿＿＿＿
＿＿＿＿＿＿＿＿＿＿
＿＿＿＿＿＿＿＿＿＿
＿＿＿＿＿＿＿＿＿＿
＿＿＿＿＿＿＿＿＿＿
＿＿＿＿＿＿＿＿＿＿
＿＿＿＿■＿＿＿＿＿
＿＿＿＿□＿＿＿＿＿
＿□□■■□□□□□
□□□□□□□＿＿□
□□□□□□□＿＿□
□□□□□□□□＿□
□□□□□□□□＿□
□□□□□□＿□□□
□＿□□□□□□□□
□＿□□□□□□□□
□□□□＿□□□□□
□□□□□＿□□□＿
□□□□□□□＿□□
00:01:49(3272f):field(3271f)
＿＿＿＿＿＿＿＿＿＿
＿＿＿＿＿＿＿＿＿＿
＿＿＿＿＿＿＿＿＿＿
＿＿＿＿＿＿＿＿＿＿
＿＿＿＿＿＿＿＿＿＿
＿＿＿＿＿＿＿＿＿＿
＿＿＿＿＿＿＿＿＿＿
＿＿＿＿□＿＿■■＿
＿＿＿＿□＿■■＿＿
＿□□□□□□□□□
□□□□□□□＿＿□
□□□□□□□＿＿□
□□□□□□□□＿□
□□□□□□□□＿□
□□□□□□＿□□□
□＿□□□□□□□□
□＿□□□□□□□□
□□□□＿□□□□□
□□□□□＿□□□＿
□□□□□□□＿□□
00:01:49(3285f):field(3284f)
＿＿＿＿＿＿＿＿＿＿
＿＿＿＿＿＿＿＿＿＿
＿＿＿＿＿＿＿＿＿＿
＿＿＿＿＿＿＿＿＿＿
＿＿＿＿＿＿＿＿＿＿
＿＿＿＿＿■＿＿＿＿
＿＿＿＿＿■＿＿＿＿
＿＿＿＿□■＿□□＿
＿＿＿＿□■□□＿＿
＿□□□□□□□□□
□□□□□□□＿＿□
□□□□□□□＿＿□
□□□□□□□□＿□
□□□□□□□□＿□
□□□□□□＿□□□
□＿□□□□□□□□
□＿□□□□□□□□
□□□□＿□□□□□
□□□□□＿□□□＿
□□□□□□□＿□□
00:01:49(3297f):field(3296f)
＿＿＿＿＿＿＿＿＿＿
＿＿＿＿＿＿＿＿＿＿
＿＿＿＿＿＿＿＿＿＿
＿＿＿＿＿＿＿＿＿＿
＿＿＿＿＿＿＿＿＿＿
＿＿＿＿＿◆＿＿＿＿
＿＿＿＿＿□＿＿＿＿
＿＿＿＿◆□＿◆◆＿
＿＿■＿□□□□■＿
■□□◆□□□□◆◆
□□□□□□□＿■□
□□□□□□□＿＿□
□□□□□□□□＿□
□□□□□□□□＿□
□□□□□□＿□□□
□＿□□□□□□□□
□＿□□□□□□□□
□□□□＿□□□□□
□□□□□＿□□□＿
□□□□□□□＿□□
00:01:50(3310f):field(3309f)
＿＿＿＿＿＿＿＿＿＿
＿＿＿＿＿＿＿＿＿＿
＿＿＿＿＿＿＿＿＿＿
＿＿＿＿＿＿＿＿＿＿
＿＿＿＿＿＿＿＿＿＿
＿＿＿＿＿＿＿＿＿＿
＿＿＿＿＿□＿＿＿＿
■■＿＿＿□＿＿＿＿
■■◆＿□□◆□□＿
□□□＿□□□□＿＿
□□□□□□□＿◆□
□□□□□□□＿＿□
□□□□□□□□＿□
□□□□□□□□＿□
□□□□□□＿□□□
□＿□□□□□□□□
□＿□□□□□□□□
□□□□＿□□□□□
□□□□□＿□□□＿
□□□□□□□＿□□
00:01:50(3322f):field(3321f)
＿＿＿＿＿＿＿＿＿＿
＿＿＿＿＿＿＿＿＿＿
＿＿＿＿＿＿＿＿＿＿
＿＿＿＿＿＿＿＿＿＿
＿＿＿＿＿＿＿＿＿＿
＿＿＿＿＿＿＿＿＿＿
＿＿＿＿＿□＿＿＿＿
□□＿■＿□＿＿＿＿
□□■■□□＿□□＿
□□□■□□□□＿＿
□□□□□□□＿＿□
□□□□□□□＿＿□
□□□□□□□□＿□
□□□□□□□□＿□
□□□□□□＿□□□
□＿□□□□□□□□
□＿□□□□□□□□
□□□□＿□□□□□
□□□□□＿□□□＿
□□□□□□□＿□□
00:01:51(3335f):field(3334f)
＿＿＿＿＿＿＿＿＿＿
＿＿＿＿＿＿＿＿＿＿
＿＿＿＿＿＿＿＿＿＿
＿＿＿＿＿＿＿＿＿＿
＿＿＿＿＿＿＿＿＿＿
＿＿＿■＿＿＿＿＿＿
＿＿＿■■□＿＿＿＿
□□＿□■□＿＿＿＿
□□□□□□＿□□＿
□□□□□□□□＿＿
□□□□□□□＿＿□
□□□□□□□＿＿□
□□□□□□□□＿□
□□□□□□□□＿□
□□□□□□＿□□□
□＿□□□□□□□□
□＿□□□□□□□□
□□□□＿□□□□□
□□□□□＿□□□＿
□□□□□□□＿□□
00:01:51(3349f):field(3348f)
＿＿＿＿＿＿＿＿＿＿
＿＿＿＿＿＿＿＿＿＿
＿＿＿＿＿＿＿＿＿＿
＿＿＿＿＿＿＿＿＿＿
＿＿＿■■＿＿＿＿＿
＿＿＿□■■＿＿＿＿
＿＿＿□□□＿＿＿＿
□□＿□□□＿＿＿＿
□□□□□□＿□□＿
□□□□□□□□＿＿
□□□□□□□＿＿□
□□□□□□□＿＿□
□□□□□□□□＿□
□□□□□□□□＿□
□□□□□□＿□□□
□＿□□□□□□□□
□＿□□□□□□□□
□□□□＿□□□□□
□□□□□＿□□□＿
□□□□□□□＿□□
00:01:52(3370f):field(3369f)
＿＿＿＿＿＿＿＿＿＿
＿＿＿＿＿＿＿＿＿＿
＿＿＿＿＿＿＿＿＿＿
＿＿＿＿＿＿＿＿＿＿
＿＿＿□□＿＿＿＿＿
＿＿＿□□□＿＿＿＿
＿＿＿□□□＿＿＿■
□□＿□□□＿＿＿■
□□□□□□＿□□■
□□□□□□□□＿■
□□□□□□□＿＿□
□□□□□□□＿＿□
□□□□□□□□＿□
□□□□□□□□＿□
□□□□□□＿□□□
□＿□□□□□□□□
□＿□□□□□□□□
□□□□＿□□□□□
□□□□□＿□□□＿
□□□□□□□＿□□
00:01:52(3381f):field(3380f)
＿＿＿＿＿＿＿＿＿＿
＿＿＿＿＿＿＿＿＿＿
＿＿＿＿＿＿＿＿＿＿
＿＿＿＿＿＿＿＿＿＿
＿＿＿□□＿＿＿＿＿
＿＿＿□□□＿＿＿＿
■■■□□□＿＿＿□
□□■□□□＿＿＿□
□□□□□□＿□□□
□□□□□□□□＿□
□□□□□□□＿＿□
□□□□□□□＿＿□
□□□□□□□□＿□
□□□□□□□□＿□
□□□□□□＿□□□
□＿□□□□□□□□
□＿□□□□□□□□
□□□□＿□□□□□
□□□□□＿□□□＿
□□□□□□□＿□□
00:01:53(3398f):field(3397f)
＿＿＿＿＿＿＿＿＿＿
＿＿＿＿＿＿＿＿＿＿
＿＿＿＿＿＿＿＿＿＿
＿＿＿＿＿＿＿＿＿＿
＿＿＿◆◆＿＿＿＿＿
＿＿＿◆◆◆＿＿＿＿
◆◆□□□◆＿＿＿◆
□◆□□□□＿＿＿□
□□□□□□■◆◆□
□□□□□□□□＿□
□□□□□□□■＿□
□□□□□□□＿＿□
□□□□□□□□＿□
□□□□□□□□＿□
□□□□□□＿□□□
□＿□□□□□□□□
□＿□□□□□□□□
□□□□＿□□□□□
□□□□□＿□□□＿
□□□□□□□＿□□
00:01:53(3411f):field(3410f)
＿＿＿＿＿＿＿＿＿＿
＿＿＿＿＿＿＿＿＿＿
＿＿＿＿＿＿＿＿＿＿
＿＿＿＿＿＿＿＿＿＿
＿＿＿＿＿＿＿＿＿＿
＿＿＿＿＿＿＿＿＿＿
＿＿◆◆◆＿＿＿＿＿
◆＿◆□□◆＿＿＿◆
□◆◆□□□□■＿◆
□□□□□□◆□■□
□□□□□□□□＿□
□□□□□□□■＿□
□□□□□□□□＿□
□□□□□□□□＿□
□□□□□□＿□□□
□＿□□□□□□□□
□＿□□□□□□□□
□□□□＿□□□□□
□□□□□＿□□□＿
□□□□□□□＿□□
00:01:54(3426f):field(3425f)
＿＿＿＿＿＿＿＿＿＿
＿＿＿＿＿＿＿＿＿＿
＿＿＿＿＿＿＿＿＿＿
＿＿＿＿＿＿＿＿＿＿
＿＿＿＿＿＿＿＿＿＿
＿＿＿＿＿＿＿＿＿＿
＿＿＿＿＿＿＿＿＿＿
＿■■□□＿＿＿＿＿
◆■■□□□◆□＿＿
□□□□□□＿□□□
□□□□□□□◆＿□
□□□□□□□◆＿□
□□□□□□□□＿□
□□□□□□□□＿□
□□□□□□＿□□□
□＿□□□□□□□□
□＿□□□□□□□□
□□□□＿□□□□□
□□□□□＿□□□＿
□□□□□□□＿□□
00:01:54(3440f):field(3439f)
＿＿＿＿＿＿＿＿＿＿
＿＿＿＿＿＿＿＿＿＿
＿＿＿＿＿＿＿＿＿＿
＿＿＿＿＿＿＿＿＿＿
＿＿＿＿＿＿＿＿＿＿
＿＿＿＿＿＿＿＿＿＿
＿＿＿＿＿＿＿＿＿＿
＿□□□□＿＿■■＿
＿□□□□□＿□■■
□□□□□□＿□□□
□□□□□□□＿＿□
□□□□□□□＿＿□
□□□□□□□□＿□
□□□□□□□□＿□
□□□□□□＿□□□
□＿□□□□□□□□
□＿□□□□□□□□
□□□□＿□□□□□
□□□□□＿□□□＿
□□□□□□□＿□□
00:01:55(3453f):field(3452f)
＿＿＿＿＿＿＿＿＿＿
＿＿＿＿＿＿＿＿＿＿
＿＿＿＿＿＿＿＿＿＿
＿＿＿＿＿＿＿＿＿＿
＿＿＿＿＿＿＿＿＿＿
＿＿＿＿＿■＿＿＿＿
＿＿＿＿■■＿＿＿＿
＿□□□□■＿□□＿
＿□□□□□＿□□□
□□□□□□＿□□□
□□□□□□□＿＿□
□□□□□□□＿＿□
□□□□□□□□＿□
□□□□□□□□＿□
□□□□□□＿□□□
□＿□□□□□□□□
□＿□□□□□□□□
□□□□＿□□□□□
□□□□□＿□□□＿
□□□□□□□＿□□
00:01:55(3465f):field(3464f)
＿＿＿＿＿＿＿＿＿＿
＿＿＿＿＿＿＿＿＿＿
＿＿＿＿＿＿＿＿＿＿
＿＿＿＿＿＿＿＿＿＿
＿＿＿＿＿＿＿＿＿＿
＿＿＿＿＿◆＿＿＿＿
＿＿＿＿◆□＿＿＿＿
＿◆◆◆□□■◆◆＿
■□□□□□■□□◆
◆□□□□□■□□□
□□□□□□□＿＿□
□□□□□□□■＿□
□□□□□□□□＿□
□□□□□□□□＿□
□□□□□□＿□□□
□＿□□□□□□□□
□＿□□□□□□□□
□□□□＿□□□□□
□□□□□＿□□□＿
□□□□□□□＿□□
00:01:55(3479f):field(3478f)
＿＿＿＿＿＿＿＿＿＿
＿＿＿＿＿＿＿＿＿＿
＿＿＿＿＿＿＿＿＿＿
＿＿＿＿＿＿＿＿＿＿
＿＿＿＿＿＿＿＿＿＿
＿＿＿＿＿＿＿＿＿＿
＿＿＿＿＿◆＿＿＿＿
＿＿＿＿◆□◆＿＿＿
□□◆◆□□□◆□＿
■□□□□□□□□□
□□□□□□□＿＿□
□□□□□□□◆＿□
□□□□□□□□＿□
□□□□□□□□＿□
□□□□□□＿□□□
□＿□□□□□□□□
□＿□□□□□□□□
□□□□＿□□□□□
□□□□□＿□□□＿
□□□□□□□＿□□
00:01:56(3492f):field(3491f)
＿＿＿＿＿＿＿＿＿＿
＿＿＿＿＿＿＿＿＿＿
＿＿＿＿＿＿＿＿＿＿
＿＿＿＿＿＿＿＿＿＿
＿＿＿＿＿＿＿＿＿＿
＿＿＿＿＿＿＿＿＿＿
＿＿■＿＿＿＿＿＿＿
＿＿■＿＿□＿＿＿＿
□□■■□□□＿◆＿
□□□□□□□□□◆
□□□□□□□＿＿□
□□□□□□□＿＿□
□□□□□□□□＿□
□□□□□□□□＿□
□□□□□□＿□□□
□＿□□□□□□□□
□＿□□□□□□□□
□□□□＿□□□□□
□□□□□＿□□□＿
□□□□□□□＿□□
00:01:56(3502f):field(3501f)
＿＿＿＿＿＿＿＿＿＿
＿＿＿＿＿＿＿＿＿＿
＿＿＿＿＿＿＿＿＿＿
＿＿＿＿＿＿＿＿＿＿
＿＿＿＿＿＿＿＿＿＿
＿＿＿＿＿＿＿＿＿＿
＿＿□＿■■＿＿＿＿
＿＿□■■□＿＿＿＿
□□□□□□□＿＿＿
□□□□□□□□□＿
□□□□□□□＿＿□
□□□□□□□＿＿□
□□□□□□□□＿□
□□□□□□□□＿□
□□□□□□＿□□□
□＿□□□□□□□□
□＿□□□□□□□□
□□□□＿□□□□□
□□□□□＿□□□＿
□□□□□□□＿□□
00:01:57(3518f):field(3517f)
＿＿＿＿＿＿＿＿＿＿
＿＿＿＿＿＿＿＿＿＿
＿＿＿＿＿＿＿＿＿＿
＿＿＿＿＿＿＿＿＿＿
＿＿＿＿＿＿＿＿＿＿
＿＿＿＿＿＿＿＿＿＿
■■□＿□□＿＿＿＿
■■□□□□＿＿＿＿
□□□□□□□＿＿＿
□□□□□□□□□＿
□□□□□□□＿＿□
□□□□□□□＿＿□
□□□□□□□□＿□
□□□□□□□□＿□
□□□□□□＿□□□
□＿□□□□□□□□
□＿□□□□□□□□
□□□□＿□□□□□
□□□□□＿□□□＿
□□□□□□□＿□□
00:01:57(3529f):field(3528f)
＿＿＿＿＿＿＿＿＿＿
＿＿＿＿＿＿＿＿＿＿
＿＿＿＿＿＿＿＿＿＿
＿＿＿＿＿＿＿＿＿＿
＿＿＿＿＿＿＿＿＿＿
＿＿■■■＿＿＿＿＿
□□□■□□＿＿＿＿
□□□□□□＿＿＿＿
□□□□□□□＿＿＿
□□□□□□□□□＿
□□□□□□□＿＿□
□□□□□□□＿＿□
□□□□□□□□＿□
□□□□□□□□＿□
□□□□□□＿□□□
□＿□□□□□□□□
□＿□□□□□□□□
□□□□＿□□□□□
□□□□□＿□□□＿
□□□□□□□＿□□
00:01:58(3544f):field(3543f)
＿＿＿＿＿＿＿＿＿＿
＿＿＿＿＿＿＿＿＿＿
＿＿＿＿＿＿＿＿＿＿
＿＿＿＿＿＿＿＿＿＿
＿＿＿＿＿＿＿＿＿＿
＿＿□□□＿＿＿＿＿
□□□□□□＿＿＿＿
□□□□□□■■＿＿
□□□□□□□■■＿
□□□□□□□□□＿
□□□□□□□＿＿□
□□□□□□□＿＿□
□□□□□□□□＿□
□□□□□□□□＿□
□□□□□□＿□□□
□＿□□□□□□□□
□＿□□□□□□□□
□□□□＿□□□□□
□□□□□＿□□□＿
□□□□□□□＿□□
00:01:58(3557f):field(3556f)
＿＿＿＿＿＿＿＿＿＿
＿＿＿＿＿＿＿＿＿＿
＿＿＿＿＿＿＿＿＿＿
＿＿＿＿＿＿＿＿＿＿
＿＿＿＿＿＿＿＿＿＿
＿＿◆◆◆＿＿＿＿＿
◆◆◆□◆◆■＿＿＿
◆◆□◆□□◆◆＿＿
□□□□□◆□◆□＿
□□□□□□□◆□■
□□□□□□□■■□
□□□□□□□＿＿□
□□□□□□□□＿□
□□□□□□□□＿□
□□□□□□＿□□□
□＿□□□□□□□□
□＿□□□□□□□□
□□□□＿□□□□□
□□□□□＿□□□＿
□□□□□□□＿□□
00:01:59(3571f):field(3570f)
＿＿＿＿＿＿＿＿＿＿
＿＿＿＿＿＿＿＿＿＿
＿＿＿＿＿＿＿＿＿＿
＿＿＿＿＿＿＿＿＿＿
＿＿＿＿＿＿＿＿＿＿
＿＿＿＿＿＿＿＿＿＿
＿＿＿◆＿＿◆＿＿＿
＿＿◆＿◆◆＿＿＿＿
◆◆◆◆◆＿◆＿◆＿
◆◆◆◆◆◆◆＿◆◆
□◆□□□◆□◆◆◆
□□□□□□◆■■◆
□□□□□□□□＿□
□□□□□□□□＿□
□□□□□□＿□□□
□＿□□□□□□□□
□＿□□□□□□□□
□□□□＿□□□□□
□□□□□＿□□□＿
□□□□□□□＿□□
00:01:59(3586f):field(3585f)
＿＿＿＿＿＿＿＿＿＿
＿＿＿＿＿＿＿＿＿＿
＿＿＿＿＿＿＿＿＿＿
＿＿＿＿＿＿＿＿＿＿
＿＿＿＿＿＿＿＿＿＿
＿＿＿＿＿＿＿＿＿＿
＿＿＿＿＿＿＿＿＿＿
＿＿＿＿＿＿＿＿＿＿
＿＿＿＿＿＿＿＿＿＿
＿＿＿＿＿＿＿＿＿＿
◆＿◆◆◆＿◆＿＿＿
◆◆□□□◆＿□□＿
□□□□□□□◆■□
□□□□□□□□＿□
□□□□□□■□□□
□＿□□□□□□□□
□＿□□□□□□□□
□□□□＿□□□□□
□□□□□＿□□□＿
□□□□□□□＿□□
00:01:59(3595f):field(3594f)
＿＿＿＿＿＿＿＿＿＿
＿＿＿＿＿＿＿＿＿＿
＿＿＿＿＿＿＿＿＿＿
＿＿＿＿＿＿＿＿＿＿
＿＿＿＿＿＿＿＿＿＿
＿＿＿＿＿＿＿＿＿＿
＿＿＿＿＿＿＿＿＿＿
＿＿＿＿＿＿＿＿＿＿
＿＿＿＿＿＿＿＿＿＿
＿＿＿＿＿＿＿＿＿＿
＿＿＿■■■＿＿＿＿
＿＿□□□■＿◆□＿
□□□□□□◆＿□□
□□□□□□□□＿□
□□□□□□◆□□□
□＿□□□□□□□□
□＿□□□□□□□□
□□□□＿□□□□□
□□□□□＿□□□＿
□□□□□□□＿□□
00:02:00(3606f):field(3605f)
＿＿＿＿＿＿＿＿＿＿
＿＿＿＿＿＿＿＿＿＿
＿＿＿＿＿＿＿＿＿＿
＿＿＿＿＿＿＿＿＿＿
＿＿＿＿＿＿＿＿＿＿
＿＿＿＿＿＿＿＿＿＿
＿＿＿＿＿＿＿＿＿＿
＿＿＿＿＿＿＿＿＿＿
＿＿＿＿＿＿＿＿＿＿
＿＿＿＿＿＿■＿＿＿
＿＿＿□□□■＿＿＿
＿＿□□□□■＿□＿
□□□□□□■＿□□
□□□□□□□□＿□
□□□□□□＿□□□
□＿□□□□□□□□
□＿□□□□□□□□
□□□□＿□□□□□
□□□□□＿□□□＿
□□□□□□□＿□□
00:02:00(3620f):field(3619f)
＿＿＿＿＿＿＿＿＿＿
＿＿＿＿＿＿＿＿＿＿
＿＿＿＿＿＿＿＿＿＿
＿＿＿＿＿＿＿＿＿＿
＿＿＿＿＿＿＿＿＿＿
＿＿＿＿＿＿＿＿＿＿
＿＿＿＿＿＿＿＿＿＿
＿＿＿＿＿＿＿＿＿＿
＿＿＿＿＿＿＿＿＿＿
＿＿■＿＿＿□＿＿＿
＿■■□□□□＿＿＿
＿■□□□□□＿□＿
□□□□□□□＿□□
□□□□□□□□＿□
□□□□□□＿□□□
□＿□□□□□□□□
□＿□□□□□□□□
□□□□＿□□□□□
□□□□□＿□□□＿
□□□□□□□＿□□
00:02:01(3631f):field(3630f)
＿＿＿＿＿＿＿＿＿＿
＿＿＿＿＿＿＿＿＿＿
＿＿＿＿＿＿＿＿＿＿
＿＿＿＿＿＿＿＿＿＿
＿＿＿＿＿＿＿＿＿＿
＿＿＿＿＿＿＿＿＿＿
＿＿＿＿＿＿＿＿＿＿
＿＿＿＿＿＿＿＿＿＿
＿＿＿＿＿■■＿＿＿
＿＿□＿■■□＿＿＿
＿□□□□□□＿＿＿
＿□□□□□□＿□＿
□□□□□□□＿□□
□□□□□□□□＿□
□□□□□□＿□□□
□＿□□□□□□□□
□＿□□□□□□□□
□□□□＿□□□□□
□□□□□＿□□□＿
□□□□□□□＿□□
00:02:01(3641f):field(3640f)
＿＿＿＿＿＿＿＿＿＿
＿＿＿＿＿＿＿＿＿＿
＿＿＿＿＿＿＿＿＿＿
＿＿＿＿＿＿＿＿＿＿
＿＿＿＿＿＿＿＿＿＿
＿＿＿＿＿＿＿＿＿＿
＿＿＿＿＿＿＿＿＿＿
＿＿＿＿＿＿＿＿＿＿
＿＿■■■□□＿＿＿
＿＿□■□□□＿＿＿
＿□□□□□□＿＿＿
＿□□□□□□＿□＿
□□□□□□□＿□□
□□□□□□□□＿□
□□□□□□＿□□□
□＿□□□□□□□□
□＿□□□□□□□□
□□□□＿□□□□□
□□□□□＿□□□＿
□□□□□□□＿□□
00:02:01(3651f):field(3650f)
＿＿＿＿＿＿＿＿＿＿
＿＿＿＿＿＿＿＿＿＿
＿＿＿＿＿＿＿＿＿＿
＿＿＿＿＿＿＿＿＿＿
＿＿＿＿＿＿＿＿＿＿
＿＿＿＿＿＿＿＿＿＿
＿＿＿■■＿＿＿＿＿
＿＿＿■■＿＿＿＿＿
＿＿□□□□□＿＿＿
＿＿□□□□□＿＿＿
＿□□□□□□＿＿＿
＿□□□□□□＿□＿
□□□□□□□＿□□
□□□□□□□□＿□
□□□□□□＿□□□
□＿□□□□□□□□
□＿□□□□□□□□
□□□□＿□□□□□
□□□□□＿□□□＿
□□□□□□□＿□□
00:02:02(3663f):field(3662f)
＿＿＿＿＿＿＿＿＿＿
＿＿＿＿＿＿＿＿＿＿
＿＿＿＿＿＿＿＿＿＿
＿＿＿＿＿＿＿＿＿＿
＿＿＿＿＿＿＿＿＿＿
＿＿＿＿＿＿＿＿＿＿
＿＿＿□□＿＿＿＿＿
＿＿＿□□＿＿＿＿＿
＿＿□□□□□＿＿＿
■■□□□□□＿＿＿
■□□□□□□＿＿＿
■□□□□□□＿□＿
□□□□□□□＿□□
□□□□□□□□＿□
□□□□□□＿□□□
□＿□□□□□□□□
□＿□□□□□□□□
□□□□＿□□□□□
□□□□□＿□□□＿
□□□□□□□＿□□
00:02:02(3674f):field(3673f)
＿＿＿＿＿＿＿＿＿＿
＿＿＿＿＿＿＿＿＿＿
＿＿＿＿＿＿＿＿＿＿
＿＿＿＿＿＿＿＿＿＿
＿＿＿＿＿＿＿＿＿＿
＿＿＿＿■■＿＿＿＿
＿＿＿□□■＿＿＿＿
＿＿＿□□■＿＿＿＿
＿＿□□□□□＿＿＿
□□□□□□□＿＿＿
□□□□□□□＿＿＿
□□□□□□□＿□＿
□□□□□□□＿□□
□□□□□□□□＿□
□□□□□□＿□□□
□＿□□□□□□□□
□＿□□□□□□□□
□□□□＿□□□□□
□□□□□＿□□□＿
□□□□□□□＿□□
00:02:02(3688f):field(3687f)
＿＿＿＿＿＿＿＿＿＿
＿＿＿＿＿＿＿＿＿＿
＿＿＿＿＿＿＿＿＿＿
＿＿＿＿＿＿＿＿＿＿
＿＿＿＿＿＿＿＿＿＿
＿＿＿＿□□＿＿＿＿
＿＿■□□□＿＿＿＿
＿■■□□□＿＿＿＿
＿■□□□□□＿＿＿
□□□□□□□＿＿＿
□□□□□□□＿＿＿
□□□□□□□＿□＿
□□□□□□□＿□□
□□□□□□□□＿□
□□□□□□＿□□□
□＿□□□□□□□□
□＿□□□□□□□□
□□□□＿□□□□□
□□□□□＿□□□＿
□□□□□□□＿□□
00:02:03(3701f):field(3700f)
＿＿＿＿＿＿＿＿＿＿
＿＿＿＿＿＿＿＿＿＿
＿＿＿＿＿＿＿＿＿＿
＿＿＿＿＿＿＿＿＿＿
＿＿＿＿＿＿＿＿＿＿
＿＿＿＿◆◆＿＿＿＿
＿＿◆◆□□＿＿＿＿
＿◆□□□□＿＿＿＿
＿□□□□□◆＿＿＿
◆□□□□□□＿＿＿
□□□□□□□■＿＿
□□□□□□□■◆■
□□□□□□□■□◆
□□□□□□□□＿□
□□□□□□＿□□□
□＿□□□□□□□□
□＿□□□□□□□□
□□□□＿□□□□□
□□□□□＿□□□＿
□□□□□□□＿□□
00:02:03(3714f):field(3713f)
＿＿＿＿＿＿＿＿＿＿
＿＿＿＿＿＿＿＿＿＿
＿＿＿＿＿＿＿＿＿＿
＿＿＿＿＿＿＿＿＿＿
＿＿＿＿＿＿＿＿＿＿
＿＿＿＿＿＿＿＿＿＿
＿＿＿＿◆◆＿＿＿＿
＿＿◆◆◆◆＿＿＿＿
＿◆◆◆□□＿＿＿＿
＿◆□□□□◆＿＿＿
◆□□□□□□□＿＿
◆□□□□□□□＿◆
□□□□□□□□□■
□□□□□□□□■□
□□□□□□■□□□
□＿□□□□□□□□
□＿□□□□□□□□
□□□□＿□□□□□
□□□□□＿□□□＿
□□□□□□□＿□□
00:02:04(3724f):field(3723f)
＿＿＿＿＿＿＿＿＿＿
＿＿＿＿＿＿＿＿＿＿
＿＿＿＿＿＿＿＿＿＿
＿＿＿＿＿＿＿＿＿＿
＿＿＿＿＿＿＿＿＿＿
＿＿＿＿＿＿＿＿＿＿
＿＿＿＿■■＿＿＿＿
＿＿＿＿■■＿＿＿＿
＿＿＿＿□□＿＿＿＿
＿＿□□□□＿＿＿＿
＿□□□□□◆◆＿＿
＿□□□□□□◆＿＿
□□□□□□□□◆□
□□□□□□□□◆□
□□□□□□◆□□□
□＿□□□□□□□□
□＿□□□□□□□□
□□□□＿□□□□□
□□□□□＿□□□＿
□□□□□□□＿□□
00:02:04(3741f):field(3740f)
＿＿＿＿＿＿＿＿＿＿
＿＿＿＿＿＿＿＿＿＿
＿＿＿＿＿＿＿＿＿＿
＿＿＿＿＿＿＿＿＿＿
＿＿＿＿＿＿＿＿＿＿
＿＿＿＿＿＿＿＿＿＿
＿＿＿＿◆◆＿＿＿＿
＿＿＿＿□□＿＿＿＿
＿＿＿＿□□＿＿＿＿
＿＿◆◆□□＿＿＿＿
＿◆□□□□＿＿＿＿
＿□□□□□◆■＿■
◆□□□□□□□■◆
□□□□□□□□＿□
□□□□□□＿□□□
□＿□□□□□□□□
□＿□□□□□□□□
□□□□＿□□□□□
□□□□□＿□□□＿
□□□□□□□＿□□
00:02:05(3751f):field(3750f)
＿＿＿＿＿＿＿＿＿＿
＿＿＿＿＿＿＿＿＿＿
＿＿＿＿＿＿＿＿＿＿
＿＿＿＿＿＿＿＿＿＿
＿＿＿＿＿＿＿＿＿＿
＿＿＿＿＿＿＿＿＿＿
＿＿＿＿＿＿＿＿＿＿
＿＿＿＿□□＿＿＿＿
＿＿＿＿□□＿＿＿＿
＿■■■□□＿＿＿＿
＿■□□□□＿＿＿＿
＿□□□□□＿□＿◆
＿□□□□□□□□＿
□□□□□□□□＿□
□□□□□□＿□□□
□＿□□□□□□□□
□＿□□□□□□□□
□□□□＿□□□□□
□□□□□＿□□□＿
□□□□□□□＿□□
00:02:05(3762f):field(3761f)
＿＿＿＿＿＿＿＿＿＿
＿＿＿＿＿＿＿＿＿＿
＿＿＿＿＿＿＿＿＿＿
＿＿＿＿＿＿＿＿＿＿
＿＿＿＿＿＿＿＿＿＿
＿＿＿＿＿＿＿＿＿＿
＿＿＿■＿＿＿＿＿＿
＿＿＿■□□＿＿＿＿
＿＿■■□□＿＿＿＿
＿□□□□□＿＿＿＿
＿□□□□□＿＿＿＿
＿□□□□□＿□＿＿
＿□□□□□□□□＿
□□□□□□□□＿□
□□□□□□＿□□□
□＿□□□□□□□□
□＿□□□□□□□□
□□□□＿□□□□□
□□□□□＿□□□＿
□□□□□□□＿□□
00:02:05(3773f):field(3772f)
＿＿＿＿＿＿＿＿＿＿
＿＿＿＿＿＿＿＿＿＿
＿＿＿＿＿＿＿＿＿＿
＿＿＿＿＿＿＿＿＿＿
＿＿＿＿＿＿＿＿＿＿
＿＿＿＿＿＿＿＿＿＿
＿＿＿□＿＿＿＿＿＿
＿＿＿□□□＿＿＿＿
＿＿□□□□＿＿＿＿
＿□□□□□＿■＿＿
＿□□□□□■■＿＿
＿□□□□□■□＿＿
＿□□□□□□□□＿
□□□□□□□□＿□
□□□□□□＿□□□
□＿□□□□□□□□
□＿□□□□□□□□
□□□□＿□□□□□
□□□□□＿□□□＿
□□□□□□□＿□□
00:02:06(3788f):field(3787f)
＿＿＿＿＿＿＿＿＿＿
＿＿＿＿＿＿＿＿＿＿
＿＿＿＿＿＿＿＿＿＿
＿＿＿＿＿＿＿＿＿＿
＿＿＿＿＿＿＿＿＿＿
＿＿＿＿＿＿＿＿＿＿
＿＿＿□＿＿＿＿＿＿
＿＿＿□□□＿＿＿＿
＿＿□□□□＿＿＿＿
■□□□□□＿□＿＿
■□□□□□□□＿＿
■□□□□□□□＿＿
■□□□□□□□□＿
□□□□□□□□＿□
□□□□□□＿□□□
□＿□□□□□□□□
□＿□□□□□□□□
□□□□＿□□□□□
□□□□□＿□□□＿
□□□□□□□＿□□
00:02:06(3799f):field(3798f)
＿＿＿＿＿＿＿＿＿＿
＿＿＿＿＿＿＿＿＿＿
＿＿＿＿＿＿＿＿＿＿
＿＿＿＿＿＿＿＿＿＿
＿＿＿＿＿＿＿＿＿＿
＿＿＿＿＿＿＿＿＿＿
＿＿＿□＿＿＿＿＿＿
＿＿＿□□□■＿＿＿
＿＿□□□□■■＿＿
□□□□□□■□＿＿
□□□□□□□□＿＿
□□□□□□□□＿＿
□□□□□□□□□＿
□□□□□□□□＿□
□□□□□□＿□□□
□＿□□□□□□□□
□＿□□□□□□□□
□□□□＿□□□□□
□□□□□＿□□□＿
□□□□□□□＿□□
00:02:07(3810f):field(3809f)
＿＿＿＿＿＿＿＿＿＿
＿＿＿＿＿＿＿＿＿＿
＿＿＿＿＿＿＿＿＿＿
＿＿＿＿＿＿＿＿＿＿
＿＿＿＿＿＿＿＿＿＿
＿＿＿＿＿＿＿＿＿＿
■＿＿□＿＿＿＿＿＿
■＿＿□□□□＿＿＿
■■□□□□□□＿＿
□□□□□□□□＿＿
□□□□□□□□＿＿
□□□□□□□□＿＿
□□□□□□□□□＿
□□□□□□□□＿□
□□□□□□＿□□□
□＿□□□□□□□□
□＿□□□□□□□□
□□□□＿□□□□□
□□□□□＿□□□＿
□□□□□□□＿□□
00:02:07(3824f):field(3823f)
＿＿＿＿＿＿＿＿＿＿
＿＿＿＿＿＿＿＿＿＿
＿＿＿＿＿＿＿＿＿＿
＿＿＿＿＿＿＿＿＿＿
＿＿＿＿＿＿＿＿＿＿
＿＿＿＿＿＿＿＿＿＿
◆＿＿◆＿＿＿＿＿＿
◆＿＿◆◆◆◆＿＿＿
□◆◆□◆◆◆◆＿＿
□◆◆□□□□◆＿＿
□□□□□□□□＿＿
□□□□□□□□＿＿
□□□□□□□□□＿
□□□□□□□□＿□
□□□□□□■□□□
□＿□□□□□□□□
□＿□□□□□□□□
□□□□＿□□□□□
□□□□□＿□□□＿
□□□□□□□＿□□
00:02:07(3834f):field(3833f)
＿＿＿＿＿＿＿＿＿＿
＿＿＿＿＿＿＿＿＿＿
＿＿＿＿＿＿＿＿＿＿
＿＿＿＿＿＿＿＿＿＿
＿＿＿＿＿＿＿＿＿＿
＿＿＿＿＿＿＿＿＿＿
＿＿＿＿＿＿＿＿＿＿
＿＿■＿＿＿＿＿＿＿
□＿■□＿＿＿＿＿＿
□■■□□□□＿＿＿
□□□□□□□□＿＿
□□□□□□□□＿＿
□□□□□□□□□＿
□□□□□□□□＿□
□□□□□□◆□□□
□＿□□□□□□□□
□＿□□□□□□□□
□□□□＿□□□□□
□□□□□＿□□□＿
□□□□□□□＿□□
00:02:08(3845f):field(3844f)
＿＿＿＿＿＿＿＿＿＿
＿＿＿＿＿＿＿＿＿＿
＿＿＿＿＿＿＿＿＿＿
＿＿＿＿＿＿＿＿＿＿
＿＿＿＿＿＿＿＿＿＿
＿＿＿＿＿＿＿＿＿＿
＿＿＿＿＿＿＿＿＿＿
＿＿□＿■■＿＿＿＿
□＿□□■■＿＿＿＿
□□□□□□□＿＿＿
□□□□□□□□＿＿
□□□□□□□□＿＿
□□□□□□□□□＿
□□□□□□□□＿□
□□□□□□＿□□□
□＿□□□□□□□□
□＿□□□□□□□□
□□□□＿□□□□□
□□□□□＿□□□＿
□□□□□□□＿□□
00:02:08(3856f):field(3855f)
＿＿＿＿＿＿＿＿＿＿
＿＿＿＿＿＿＿＿＿＿
＿＿＿＿＿＿＿＿＿＿
＿＿＿＿＿＿＿＿＿＿
＿＿＿＿＿＿＿＿＿＿
＿＿＿＿■＿＿＿＿＿
＿＿＿■■＿＿＿＿＿
＿＿□■□□＿＿＿＿
□＿□□□□＿＿＿＿
□□□□□□□＿＿＿
□□□□□□□□＿＿
□□□□□□□□＿＿
□□□□□□□□□＿
□□□□□□□□＿□
□□□□□□＿□□□
□＿□□□□□□□□
□＿□□□□□□□□
□□□□＿□□□□□
□□□□□＿□□□＿
□□□□□□□＿□□
00:02:09(3872f):field(3871f)
＿＿＿＿＿＿＿＿＿＿
＿＿＿＿＿＿＿＿＿＿
＿＿＿＿＿＿＿＿＿＿
＿＿＿＿＿＿＿＿＿＿
＿＿＿＿＿＿＿＿＿＿
＿＿＿＿◆＿＿＿＿＿
＿＿＿◆◆＿＿＿＿＿
＿＿◆◆□◆＿＿＿＿
◆＿◆□□◆＿＿＿＿
◆◆□□□□◆＿＿＿
□□□□□□◆◆■＿
□□□□□□□□＿＿
□□□□□□□□◆■
□□□□□□□□■□
□□□□□□＿□□□
□＿□□□□□□□□
□＿□□□□□□□□
□□□□＿□□□□□
□□□□□＿□□□＿
□□□□□□□＿□□
00:02:09(3885f):field(3884f)
＿＿＿＿＿＿＿＿＿＿
＿＿＿＿＿＿＿＿＿＿
＿＿＿＿＿＿＿＿＿＿
＿＿＿＿＿＿＿＿＿＿
＿＿＿＿＿＿＿＿＿＿
＿＿＿＿＿＿＿＿＿＿
＿＿＿＿＿＿＿＿＿＿
＿＿＿＿◆＿＿＿＿＿
＿＿＿◆◆＿＿＿＿＿
＿＿◆◆□◆＿＿＿＿
◆◆◆□□◆＿＿◆＿
◆□□□□□◆◆＿＿
□◆□□□□□◆■◆
□□□□□□□□□◆
□□□□□□■□□□
□＿□□□□□□□□
□＿□□□□□□□□
□□□□＿□□□□□
□□□□□＿□□□＿
□□□□□□□＿□□
00:02:10(3901f):field(3900f)
＿＿＿＿＿＿＿＿＿＿
＿＿＿＿＿＿＿＿＿＿
＿＿＿＿＿＿＿＿＿＿
＿＿＿＿＿＿＿＿＿＿
＿＿＿＿＿＿＿＿＿＿
＿＿＿＿＿＿＿＿＿＿
＿＿＿＿＿＿＿＿＿＿
＿＿＿＿＿＿＿＿＿＿
＿＿＿＿＿＿＿＿＿＿
＿＿＿＿□＿＿＿＿＿
■＿＿□□＿＿＿＿＿
■□□□□□＿＿＿＿
□■□□□□◆＿□＿
□□□□□□□◆□＿
□□□□□□◆□□□
□＿□□□□□□□□
□＿□□□□□□□□
□□□□＿□□□□□
□□□□□＿□□□＿
□□□□□□□＿□□
00:02:10(3913f):field(3912f)
＿＿＿＿＿＿＿＿＿＿
＿＿＿＿＿＿＿＿＿＿
＿＿＿＿＿＿＿＿＿＿
＿＿＿＿＿＿＿＿＿＿
＿＿＿＿＿＿＿＿＿＿
＿＿＿＿＿＿＿＿＿＿
＿＿＿＿＿＿＿＿＿＿
＿＿＿＿＿＿＿＿＿＿
＿＿＿＿＿＿＿＿＿＿
＿＿＿＿□＿＿＿＿＿
□＿＿□□■■＿＿＿
□□□□□□■＿＿＿
□□□□□□■＿□＿
□□□□□□□＿□＿
□□□□□□＿□□□
□＿□□□□□□□□
□＿□□□□□□□□
□□□□＿□□□□□
□□□□□＿□□□＿
□□□□□□□＿□□
00:02:10(3925f):field(3924f)
＿＿＿＿＿＿＿＿＿＿
＿＿＿＿＿＿＿＿＿＿
＿＿＿＿＿＿＿＿＿＿
＿＿＿＿＿＿＿＿＿＿
＿＿＿＿＿＿＿＿＿＿
＿＿＿＿＿＿＿＿＿＿
＿＿＿＿＿＿＿＿＿＿
＿＿＿＿＿＿＿＿＿＿
＿＿＿＿＿＿＿＿＿＿
＿＿＿＿□＿＿＿＿＿
□＿＿□□□□＿＿＿
□□□□□□□■■＿
□□□□□□□■□＿
□□□□□□□■□＿
□□□□□□＿□□□
□＿□□□□□□□□
□＿□□□□□□□□
□□□□＿□□□□□
□□□□□＿□□□＿
□□□□□□□＿□□
00:02:11(3950f):field(3949f)
＿＿＿＿＿＿＿＿＿＿
＿＿＿＿＿＿＿＿＿＿
＿＿＿＿＿＿＿＿＿＿
＿＿＿＿＿＿＿＿＿＿
＿＿＿＿＿＿＿＿＿＿
＿＿＿＿＿＿＿＿＿＿
＿＿＿＿＿＿＿＿＿＿
＿＿＿＿＿＿＿＿＿＿
＿＿＿＿＿＿＿＿＿＿
＿＿＿＿◆＿＿＿＿＿
□＿＿◆◆□□＿＿＿
◆◆◆◆□□◆□◆＿
◆◆□◆□□□□□＿
□◆□□□□□□◆■
□□□□□□■□□□
□＿□□□□□□□□
□＿□□□□□□□□
□□□□＿□□□□□
□□□□□＿□□□＿
□□□□□□□＿□□
00:02:12(3962f):field(3961f)
＿＿＿＿＿＿＿＿＿＿
＿＿＿＿＿＿＿＿＿＿
＿＿＿＿＿＿＿＿＿＿
＿＿＿＿＿＿＿＿＿＿
＿＿＿＿＿＿＿＿＿＿
＿＿＿＿＿＿＿＿＿＿
＿＿＿＿＿＿＿＿＿＿
＿＿＿＿＿＿＿＿＿＿
＿＿＿＿＿＿＿＿＿＿
＿＿＿＿＿＿＿＿＿＿
◆＿＿＿＿□◆＿＿＿
＿＿＿＿□□＿◆＿＿
＿＿◆＿□□□□□■
□＿◆□□□□◆＿□
□□□□□□◆□□□
□＿□□□□□□□□
□＿□□□□□□□□
□□□□＿□□□□□
□□□□□＿□□□＿
□□□□□□□＿□□
00:02:12(3973f):field(3972f)
＿＿＿＿＿＿＿＿＿＿
＿＿＿＿＿＿＿＿＿＿
＿＿＿＿＿＿＿＿＿＿
＿＿＿＿＿＿＿＿＿＿
＿＿＿＿＿＿＿＿＿＿
＿＿＿＿＿＿＿＿＿＿
＿＿＿＿＿＿＿＿＿＿
＿＿＿＿＿＿＿＿＿＿
＿＿＿＿＿＿＿＿＿＿
＿＿＿＿＿＿＿＿＿＿
＿＿＿＿＿□＿＿＿＿
＿＿＿＿□□＿＿＿＿
＿＿■■□□□□□□
□■■□□□□＿＿□
□□□□□□＿□□□
□＿□□□□□□□□
□＿□□□□□□□□
□□□□＿□□□□□
□□□□□＿□□□＿
□□□□□□□＿□□
00:02:12(3987f):field(3986f)
＿＿＿＿＿＿＿＿＿＿
＿＿＿＿＿＿＿＿＿＿
＿＿＿＿＿＿＿＿＿＿
＿＿＿＿＿＿＿＿＿＿
＿＿＿＿＿＿＿＿＿＿
＿＿＿＿＿＿＿＿＿＿
＿＿＿＿＿＿＿＿＿＿
＿＿＿＿＿＿＿＿＿＿
＿＿＿＿＿＿＿＿＿＿
＿＿＿＿＿＿＿＿＿＿
＿＿＿＿＿◆＿＿＿＿
■＿＿■□□＿＿＿＿
■■◆◆□□◆◆◆◆
□□□□□□□■＿□
□□□□□□＿□□□
□＿□□□□□□□□
□＿□□□□□□□□
□□□□＿□□□□□
□□□□□＿□□□＿
□□□□□□□＿□□
00:02:13(4000f):field(3999f)
＿＿＿＿＿＿＿＿＿＿
＿＿＿＿＿＿＿＿＿＿
＿＿＿＿＿＿＿＿＿＿
＿＿＿＿＿＿＿＿＿＿
＿＿＿＿＿＿＿＿＿＿
＿＿＿＿＿＿＿＿＿＿
＿＿＿＿＿＿＿＿＿＿
＿＿＿＿＿＿＿＿＿＿
＿＿＿＿＿＿＿＿＿＿
＿＿＿＿＿＿＿＿＿＿
＿＿＿＿＿＿＿＿＿＿
◆＿＿◆◆◆＿＿＿＿
□◆＿＿◆□■＿＿＿
□◆◆◆□□◆□■◆
□□□□□□＿□□□
□＿□□□□□□□□
□＿□□□□□□□□
□□□□＿□□□□□
□□□□□＿□□□＿
□□□□□□□＿□□
00:02:13(4008f):field(4007f)
＿＿＿＿＿＿＿＿＿＿
＿＿＿＿＿＿＿＿＿＿
＿＿＿＿＿＿＿＿＿＿
＿＿＿＿＿＿＿＿＿＿
＿＿＿＿＿＿＿＿＿＿
＿＿＿＿＿＿＿＿＿＿
＿＿＿＿＿＿＿＿＿＿
＿＿＿＿＿＿＿＿＿＿
＿＿＿＿＿＿＿＿＿＿
＿＿＿＿＿＿＿＿＿＿
＿＿＿＿＿＿＿＿＿＿
＿＿＿＿＿＿＿＿＿＿
□■＿＿＿□◆＿＿＿
□■■■□□＿□□＿
□□□□□□＿□□□
□＿□□□□□□□□
□＿□□□□□□□□
□□□□＿□□□□□
□□□□□＿□□□＿
□□□□□□□＿□□
00:02:14(4025f):field(4024f)
＿＿＿＿＿＿＿＿＿＿
＿＿＿＿＿＿＿＿＿＿
＿＿＿＿＿＿＿＿＿＿
＿＿＿＿＿＿＿＿＿＿
＿＿＿＿＿＿＿＿＿＿
＿＿＿＿＿＿＿＿＿＿
＿＿＿＿＿＿＿＿＿＿
＿＿＿＿＿＿＿＿＿＿
＿＿＿＿＿＿＿＿＿＿
＿＿＿＿＿＿＿＿＿＿
＿＿＿＿＿＿＿＿＿＿
＿＿＿＿＿＿＿＿＿＿
◆◆＿＿＿◆■＿＿＿
□□◆□◆□■◆◆＿
□□□□□□■□□□
□■□□□□□□□□
□＿□□□□□□□□
□□□□＿□□□□□
□□□□□＿□□□＿
□□□□□□□＿□□
00:02:14(4033f):field(4032f)
＿＿＿＿＿＿＿＿＿＿
＿＿＿＿＿＿＿＿＿＿
＿＿＿＿＿＿＿＿＿＿
＿＿＿＿＿＿＿＿＿＿
＿＿＿＿＿＿＿＿＿＿
＿＿＿＿＿＿＿＿＿＿
＿＿＿＿＿＿＿＿＿＿
＿＿＿＿＿＿＿＿＿＿
＿＿＿＿＿＿＿＿＿＿
＿＿＿＿＿＿＿＿＿＿
＿＿＿＿＿＿＿＿＿＿
＿＿＿＿＿＿＿＿＿＿
＿＿＿＿■■□＿＿＿
□□＿□■□□＿＿＿
□□□□□□□□□◆
□◆□□□□□□□□
□＿□□□□□□□□
□□□□＿□□□□□
□□□□□＿□□□＿
□□□□□□□＿□□
00:02:14(4045f):field(4044f)
＿＿＿＿＿＿＿＿＿＿
＿＿＿＿＿＿＿＿＿＿
＿＿＿＿＿＿＿＿＿＿
＿＿＿＿＿＿＿＿＿＿
＿＿＿＿＿＿＿＿＿＿
＿＿＿＿＿＿＿＿＿＿
＿＿＿＿＿＿＿＿＿＿
＿＿＿＿＿＿＿＿＿＿
＿＿＿＿＿＿＿＿＿＿
＿＿＿＿＿＿＿＿＿＿
＿＿＿＿＿＿＿＿＿＿
＿＿■＿＿＿＿＿＿＿
＿＿■■□□□＿＿＿
□□■□□□□＿＿＿
□□□□□□□□□＿
□＿□□□□□□□□
□＿□□□□□□□□
□□□□＿□□□□□
□□□□□＿□□□＿
□□□□□□□＿□□
00:02:15(4059f):field(4058f)
＿＿＿＿＿＿＿＿＿＿
＿＿＿＿＿＿＿＿＿＿
＿＿＿＿＿＿＿＿＿＿
＿＿＿＿＿＿＿＿＿＿
＿＿＿＿＿＿＿＿＿＿
＿＿＿＿＿＿＿＿＿＿
＿＿＿＿＿＿＿＿＿＿
＿＿＿＿＿＿＿＿＿＿
＿＿＿＿＿＿＿＿＿＿
＿＿＿＿＿＿＿＿＿＿
＿＿■■＿＿＿＿＿＿
＿＿□■■＿＿＿＿＿
＿＿□□□□□＿＿＿
□□□□□□□＿＿＿
□□□□□□□□□＿
□＿□□□□□□□□
□＿□□□□□□□□
□□□□＿□□□□□
□□□□□＿□□□＿
□□□□□□□＿□□
00:02:15(4075f):field(4074f)
＿＿＿＿＿＿＿＿＿＿
＿＿＿＿＿＿＿＿＿＿
＿＿＿＿＿＿＿＿＿＿
＿＿＿＿＿＿＿＿＿＿
＿＿＿＿＿＿＿＿＿＿
＿＿＿＿＿＿＿＿＿＿
＿＿＿＿＿＿＿＿＿＿
＿＿＿＿＿＿＿＿＿＿
＿＿＿＿＿＿＿＿＿＿
＿＿＿＿＿＿＿＿＿＿
＿＿◆◆＿＿＿＿＿＿
＿＿◆◆◆＿＿＿＿＿
■＿□□□◆□＿■＿
◆□□□□◆□＿＿■
◆◆□□□□□□◆＿
□＿□□□□□□□□
□■□□□□□□□□
□□□□＿□□□□□
□□□□□＿□□□＿
□□□□□□□＿□□
00:02:16(4084f):field(4083f)
＿＿＿＿＿＿＿＿＿＿
＿＿＿＿＿＿＿＿＿＿
＿＿＿＿＿＿＿＿＿＿
＿＿＿＿＿＿＿＿＿＿
＿＿＿＿＿＿＿＿＿＿
＿＿＿＿＿＿＿＿＿＿
＿＿＿＿＿＿＿＿＿＿
＿＿＿＿＿＿＿＿＿＿
＿＿＿＿＿＿＿＿＿＿
＿＿＿＿＿＿＿＿＿＿
＿＿＿＿＿＿＿＿＿＿
＿＿＿＿＿＿＿＿＿＿
◆＿□□◆＿◆＿◆＿
＿◆□□□＿□■■□
＿＿□□□□□◆＿＿
□■□□□□□□□□
□◆□□□□□□□□
□□□□＿□□□□□
□□□□□＿□□□■
□□□□□□□＿□□
00:02:16(4096f):field(4095f)
＿＿＿＿＿＿＿＿＿＿
＿＿＿＿＿＿＿＿＿＿
＿＿＿＿＿＿＿＿＿＿
＿＿＿＿＿＿＿＿＿＿
＿＿＿＿＿＿＿＿＿＿
＿＿＿＿＿＿＿＿＿＿
＿＿＿＿＿＿＿＿＿＿
＿＿＿＿＿＿＿＿＿＿
＿＿＿＿＿＿＿＿＿＿
＿＿＿＿＿＿＿＿＿＿
＿＿＿＿＿＿＿＿＿＿
＿＿＿＿■＿＿＿＿＿
＿＿□□■■＿＿＿＿
＿＿□□□■□□□□
＿＿□□□□□＿＿＿
□◆□□□□□□□□
□＿□□□□□□□□
□□□□＿□□□□□
□□□□□＿□□□◆
□□□□□□□＿□□
00:02:17(4112f):field(4111f)
＿＿＿＿＿＿＿＿＿＿
＿＿＿＿＿＿＿＿＿＿
＿＿＿＿＿＿＿＿＿＿
＿＿＿＿＿＿＿＿＿＿
＿＿＿＿＿＿＿＿＿＿
＿＿＿＿＿＿＿＿＿＿
＿＿＿＿＿＿＿＿＿＿
＿＿＿＿＿＿＿＿＿＿
＿＿＿＿＿＿＿＿＿＿
＿＿＿＿＿＿＿＿＿＿
＿＿＿＿＿＿＿＿＿＿
＿＿＿＿□＿＿■＿＿
＿＿□□□□■■■＿
＿＿□□□□□□□□
＿＿□□□□□＿＿＿
□＿□□□□□□□□
□＿□□□□□□□□
□□□□＿□□□□□
□□□□□＿□□□＿
□□□□□□□＿□□
00:02:17(4123f):field(4122f)
＿＿＿＿＿＿＿＿＿＿
＿＿＿＿＿＿＿＿＿＿
＿＿＿＿＿＿＿＿＿＿
＿＿＿＿＿＿＿＿＿＿
＿＿＿＿＿＿＿＿＿＿
＿＿＿＿＿＿＿＿＿＿
＿＿＿＿＿＿＿＿＿＿
＿＿＿＿＿＿＿＿＿＿
＿＿＿＿＿＿＿＿＿＿
＿＿＿＿＿＿＿＿＿＿
＿＿＿＿■■＿＿＿＿
＿＿＿＿□■■□＿＿
＿＿□□□□□□□＿
＿＿□□□□□□□□
＿＿□□□□□＿＿＿
□＿□□□□□□□□
□＿□□□□□□□□
□□□□＿□□□□□
□□□□□＿□□□＿
□□□□□□□＿□□
00:02:17(4134f):field(4133f)
＿＿＿＿＿＿＿＿＿＿
＿＿＿＿＿＿＿＿＿＿
＿＿＿＿＿＿＿＿＿＿
＿＿＿＿＿＿＿＿＿＿
＿＿＿＿＿＿＿＿＿＿
＿＿＿＿＿＿＿＿＿＿
＿＿＿＿＿＿＿＿＿＿
＿＿＿＿＿＿＿＿＿＿
＿＿＿＿＿＿＿＿＿＿
＿＿＿■■＿＿＿＿＿
＿＿＿■□□＿＿＿＿
＿＿＿■□□□□＿＿
＿＿□□□□□□□＿
＿＿□□□□□□□□
＿＿□□□□□＿＿＿
□＿□□□□□□□□
□＿□□□□□□□□
□□□□＿□□□□□
□□□□□＿□□□＿
□□□□□□□＿□□
00:02:18(4147f):field(4146f)
＿＿＿＿＿＿＿＿＿＿
＿＿＿＿＿＿＿＿＿＿
＿＿＿＿＿＿＿＿＿＿
＿＿＿＿＿＿＿＿＿＿
＿＿＿＿＿＿＿＿＿＿
＿＿＿＿＿＿＿＿＿＿
＿＿＿＿＿＿＿＿＿＿
＿＿＿＿＿＿＿＿＿＿
＿＿＿＿＿＿＿＿＿＿
＿＿＿□□＿■■＿＿
＿＿＿□□□■■＿＿
＿＿＿□□□□□＿＿
＿＿□□□□□□□＿
＿＿□□□□□□□□
＿＿□□□□□＿＿＿
□＿□□□□□□□□
□＿□□□□□□□□
□□□□＿□□□□□
□□□□□＿□□□＿
□□□□□□□＿□□
00:02:18(4160f):field(4159f)
＿＿＿＿＿＿＿＿＿＿
＿＿＿＿＿＿＿＿＿＿
＿＿＿＿＿＿＿＿＿＿
＿＿＿＿＿＿＿＿＿＿
＿＿＿＿＿＿＿＿＿＿
＿＿＿＿＿＿＿＿＿＿
＿＿＿＿＿＿＿＿＿＿
＿＿＿＿＿＿＿＿＿＿
＿＿＿＿＿＿＿＿＿＿
＿＿＿◆◆＿◆◆＿＿
＿＿＿□□◆□□＿＿
＿＿＿□□□□□＿＿
＿＿◆□□□□□◆＿
＿＿□□□□□□□◆
■＿□□□□□■■■
□■□□□□□◆◆◆
□＿□□□□□□□□
□□□□＿□□□□□
□□□□□＿□□□＿
□□□□□□□＿□□
00:02:19(4171f):field(4170f)
＿＿＿＿＿＿＿＿＿＿
＿＿＿＿＿＿＿＿＿＿
＿＿＿＿＿＿＿＿＿＿
＿＿＿＿＿＿＿＿＿＿
＿＿＿＿＿＿＿＿＿＿
＿＿＿＿＿＿＿＿＿＿
＿＿＿＿＿＿＿＿＿＿
＿＿＿＿＿＿＿＿＿＿
＿＿＿＿＿＿＿＿＿＿
＿＿＿＿＿＿＿＿＿＿
＿＿＿□□＿□□＿■
＿＿＿□□□□□＿■
＿＿＿□□□□□＿■
＿＿□□□□□□□■
□＿□□□□□□□□
□□□□□□□＿＿＿
□＿□□□□□□□□
□□□□＿□□□□□
□□□□□＿□□□＿
□□□□□□□＿□□
00:02:19(4186f):field(4185f)
＿＿＿＿＿＿＿＿＿＿
＿＿＿＿＿＿＿＿＿＿
＿＿＿＿＿＿＿＿＿＿
＿＿＿＿＿＿＿＿＿＿
＿＿＿＿＿＿＿＿＿＿
＿＿＿＿＿＿＿＿＿＿
＿＿＿＿＿＿＿＿＿＿
＿＿＿＿＿＿＿＿＿＿
＿＿＿＿＿＿＿＿＿＿
＿＿＿＿＿＿＿＿＿＿
＿＿＿◆◆＿◆◆＿◆
＿＿＿◆◆◆◆◆＿◆
＿＿＿□□□□□＿□
＿＿◆□□□□□◆□
□■◆□□□□□□□
□□□□□□□■＿＿
□＿□□□□□□□□
□□□□＿□□□□□
□□□□□＿□□□＿
□□□□□□□＿□□
00:02:19(4197f):field(4196f)
＿＿＿＿＿＿＿＿＿＿
＿＿＿＿＿＿＿＿＿＿
＿＿＿＿＿＿＿＿＿＿
＿＿＿＿＿＿＿＿＿＿
＿＿＿＿＿＿＿＿＿＿
＿＿＿＿＿＿＿＿＿＿
＿＿＿＿＿＿＿＿＿＿
＿＿＿＿＿＿＿＿＿＿
＿＿＿＿＿＿＿＿＿＿
＿＿＿＿＿＿＿＿＿＿
＿＿＿＿＿＿＿＿＿＿
＿＿＿＿＿＿＿＿＿＿
＿■＿□□◆□□＿□
■■＿□□□□□＿□
□□＿□□□□□◆□
□□□□□□□◆＿＿
□＿□□□□□□□□
□□□□＿□□□□□
□□□□□＿□□□＿
□□□□□□□＿□□
00:02:20(4208f):field(4207f)
＿＿＿＿＿＿＿＿＿＿
＿＿＿＿＿＿＿＿＿＿
＿＿＿＿＿＿＿＿＿＿
＿＿＿＿＿＿＿＿＿＿
＿＿＿＿＿＿＿＿＿＿
＿＿＿＿＿＿＿＿＿＿
＿＿＿＿＿＿＿＿＿＿
＿＿＿＿＿＿＿＿＿＿
＿＿＿＿＿＿＿＿＿＿
＿＿＿＿＿＿＿＿＿＿
＿＿＿＿＿＿＿＿＿＿
＿＿＿■■■＿＿＿＿
＿□＿□□■□□＿□
□□＿□□□□□＿□
□□＿□□□□□＿□
□□□□□□□＿＿＿
□＿□□□□□□□□
□□□□＿□□□□□
□□□□□＿□□□＿
□□□□□□□＿□□
00:02:20(4219f):field(4218f)
＿＿＿＿＿＿＿＿＿＿
＿＿＿＿＿＿＿＿＿＿
＿＿＿＿＿＿＿＿＿＿
＿＿＿＿＿＿＿＿＿＿
＿＿＿＿＿＿＿＿＿＿
＿＿＿＿＿＿＿＿＿＿
＿＿＿＿＿＿＿＿＿＿
＿＿＿＿＿＿＿＿＿＿
＿＿＿＿＿＿＿＿＿＿
＿＿＿＿＿■＿＿＿＿
＿＿＿■■■＿＿＿＿
＿＿＿□□□＿＿＿＿
＿□＿□□□□□＿□
□□＿□□□□□＿□
□□＿□□□□□＿□
□□□□□□□＿＿＿
□＿□□□□□□□□
□□□□＿□□□□□
□□□□□＿□□□＿
□□□□□□□＿□□
00:02:21(4231f):field(4230f)
＿＿＿＿＿＿＿＿＿＿
＿＿＿＿＿＿＿＿＿＿
＿＿＿＿＿＿＿＿＿＿
＿＿＿＿＿＿＿＿＿＿
＿＿＿＿＿＿＿＿＿＿
＿＿＿＿＿＿＿＿＿＿
＿＿＿＿＿＿＿＿＿＿
＿＿＿＿＿＿＿＿＿＿
＿＿＿＿＿＿＿＿＿＿
＿＿＿＿＿□＿＿＿＿
＿＿＿□□□＿＿＿＿
＿＿＿□□□＿＿＿＿
＿□＿□□□□□■□
□□＿□□□□□■□
□□＿□□□□□■□
□□□□□□□＿■＿
□＿□□□□□□□□
□□□□＿□□□□□
□□□□□＿□□□＿
□□□□□□□＿□□
00:02:21(4243f):field(4242f)
＿＿＿＿＿＿＿＿＿＿
＿＿＿＿＿＿＿＿＿＿
＿＿＿＿＿＿＿＿＿＿
＿＿＿＿＿＿＿＿＿＿
＿＿＿＿＿＿＿＿＿＿
＿＿＿＿＿＿＿＿＿＿
＿＿＿＿＿＿＿＿＿＿
＿＿＿＿＿＿＿＿＿＿
＿＿＿＿＿＿＿＿＿＿
＿＿＿＿＿□＿＿＿＿
■＿＿□□□＿＿＿＿
■■＿□□□＿＿＿＿
■□＿□□□□□□□
□□＿□□□□□□□
□□＿□□□□□□□
□□□□□□□＿□＿
□＿□□□□□□□□
□□□□＿□□□□□
□□□□□＿□□□＿
□□□□□□□＿□□
00:02:21(4252f):field(4251f)
＿＿＿＿＿＿＿＿＿＿
＿＿＿＿＿＿＿＿＿＿
＿＿＿＿＿＿＿＿＿＿
＿＿＿＿＿＿＿＿＿＿
＿＿＿＿＿＿＿＿＿＿
＿＿＿＿＿＿＿＿＿＿
＿＿＿＿＿＿＿＿＿＿
＿＿＿＿＿＿＿＿＿＿
＿＿＿＿■■＿＿＿＿
＿＿＿■■□＿＿＿＿
□＿＿□□□＿＿＿＿
□□＿□□□＿＿＿＿
□□＿□□□□□□□
□□＿□□□□□□□
□□＿□□□□□□□
□□□□□□□＿□＿
□＿□□□□□□□□
□□□□＿□□□□□
□□□□□＿□□□＿
□□□□□□□＿□□
00:02:22(4264f):field(4263f)
＿＿＿＿＿＿＿＿＿＿
＿＿＿＿＿＿＿＿＿＿
＿＿＿＿＿＿＿＿＿＿
＿＿＿＿＿＿＿＿＿＿
＿＿＿＿＿＿＿＿＿＿
＿＿＿＿＿＿＿＿＿＿
＿＿＿＿＿＿＿＿＿＿
＿＿＿＿＿＿＿＿＿＿
＿＿＿＿□□＿＿＿＿
＿＿＿□□□＿＿＿■
□＿＿□□□＿＿＿■
□□＿□□□＿＿■■
□□＿□□□□□□□
□□＿□□□□□□□
□□＿□□□□□□□
□□□□□□□＿□＿
□＿□□□□□□□□
□□□□＿□□□□□
□□□□□＿□□□＿
□□□□□□□＿□□
00:02:22(4275f):field(4274f)
＿＿＿＿＿＿＿＿＿＿
＿＿＿＿＿＿＿＿＿＿
＿＿＿＿＿＿＿＿＿＿
＿＿＿＿＿＿＿＿＿＿
＿＿＿＿＿＿＿＿＿＿
＿＿＿＿＿＿＿＿＿＿
＿＿＿＿＿＿＿＿＿＿
＿＿＿＿＿＿＿＿＿＿
＿＿＿＿□□＿＿＿＿
＿＿＿□□□＿＿＿□
□＿＿□□□■■＿□
□□＿□□□■■□□
□□＿□□□□□□□
□□＿□□□□□□□
□□＿□□□□□□□
□□□□□□□＿□＿
□＿□□□□□□□□
□□□□＿□□□□□
□□□□□＿□□□＿
□□□□□□□＿□□
00:02:22(4289f):field(4288f)
＿＿＿＿＿＿＿＿＿＿
＿＿＿＿＿＿＿＿＿＿
＿＿＿＿＿＿＿＿＿＿
＿＿＿＿＿＿＿＿＿＿
＿＿＿＿＿＿＿＿＿＿
＿＿＿＿＿＿＿＿＿＿
＿＿＿＿＿＿＿＿＿＿
＿＿＿＿＿＿＿＿＿＿
＿＿＿＿◆◆＿＿＿＿
＿＿＿◆◆◆＿＿＿◆
◆＿■□◆◆◆◆＿◆
□□＿◆□◆□◆□□
□◆＿◆□□◆□□◆
□□＿□□□□□◆□
□□＿□□□□□□□
□□□□□□□■□■
□■□□□□□□□□
□□□□＿□□□□□
□□□□□＿□□□＿
□□□□□□□＿□□
00:02:23(4298f):field(4297f)
＿＿＿＿＿＿＿＿＿＿
＿＿＿＿＿＿＿＿＿＿
＿＿＿＿＿＿＿＿＿＿
＿＿＿＿＿＿＿＿＿＿
＿＿＿＿＿＿＿＿＿＿
＿＿＿＿＿＿＿＿＿＿
＿＿＿＿＿＿＿＿＿＿
＿＿＿＿＿＿＿＿＿＿
＿＿＿■＿＿＿＿＿＿
＿＿＿＿＿＿＿＿＿＿
＿＿◆◆＿＿＿＿＿＿
◆◆＿■□■◆＿◆◆
◆＿＿■□□＿□◆＿
◆◆＿□□□◆◆＿□
□◆＿□□□□□◆□
□□□□□□□◆□◆
□◆□□□□□□□□
□□□□＿□□□□□
□□□□□＿□□□＿
□□□□□□□＿□□
00:02:23(4309f):field(4308f)
＿＿＿＿＿＿＿＿＿＿
＿＿＿＿＿＿＿＿＿＿
＿＿＿＿＿＿＿＿＿＿
＿＿＿＿＿＿＿＿＿＿
＿＿＿＿＿＿＿＿＿＿
＿＿＿＿＿＿＿＿＿＿
＿＿＿＿＿＿＿＿＿＿
＿＿＿＿＿＿＿＿＿＿
＿＿＿◆＿＿＿＿＿＿
＿＿＿＿＿＿＿＿＿＿
＿＿＿＿＿＿＿＿＿＿
＿＿＿□□□＿＿＿＿
＿＿＿□□□＿□＿＿
＿＿＿□□□＿■■□
□＿＿□□□□□■□
□□□□□□□＿□＿
□＿□□□□□□□□
□□□□＿□□□□□
□□□□□＿□□□＿
□□□□□□□＿□□
00:02:24(4321f):field(4320f)
＿＿＿＿＿＿＿＿＿＿
＿＿＿＿＿＿＿＿＿＿
＿＿＿＿＿＿＿＿＿＿
＿＿＿＿＿＿＿＿＿＿
＿＿＿＿＿＿＿＿＿＿
＿＿＿＿＿＿＿＿＿＿
＿＿＿＿＿＿＿＿＿＿
＿＿＿＿＿＿＿＿＿＿
＿＿＿＿＿＿＿＿＿＿
＿＿＿＿＿＿＿＿＿＿
＿＿＿＿＿＿＿＿＿＿
＿＿＿□□□＿＿＿＿
＿■＿□□□＿□＿＿
■■＿□□□＿□□□
□■＿□□□□□□□
□□□□□□□＿□＿
□＿□□□□□□□□
□□□□＿□□□□□
□□□□□＿□□□＿
□□□□□□□＿□□
00:02:24(4333f):field(4332f)
＿＿＿＿＿＿＿＿＿＿
＿＿＿＿＿＿＿＿＿＿
＿＿＿＿＿＿＿＿＿＿
＿＿＿＿＿＿＿＿＿＿
＿＿＿＿＿＿＿＿＿＿
＿＿＿＿＿＿＿＿＿＿
＿＿＿＿＿＿＿＿＿＿
＿＿＿＿＿＿＿＿＿＿
＿＿＿＿＿＿＿＿＿＿
＿＿＿＿＿＿＿＿＿＿
＿＿＿＿＿＿＿＿＿＿
＿＿＿□□□＿＿■■
＿□＿□□□＿□■■
□□＿□□□＿□□□
□□＿□□□□□□□
□□□□□□□＿□＿
□＿□□□□□□□□
□□□□＿□□□□□
□□□□□＿□□□＿
□□□□□□□＿□□
00:02:24(4346f):field(4345f)
＿＿＿＿＿＿＿＿＿＿
＿＿＿＿＿＿＿＿＿＿
＿＿＿＿＿＿＿＿＿＿
＿＿＿＿＿＿＿＿＿＿
＿＿＿＿＿＿＿＿＿＿
＿＿＿＿＿＿＿＿＿＿
＿＿＿＿＿＿＿＿＿＿
＿＿＿＿＿＿＿＿＿＿
＿＿＿＿＿＿＿＿＿＿
＿＿＿＿＿＿＿＿＿＿
＿＿＿＿＿＿＿＿＿＿
＿＿＿◆◆◆＿＿◆◆
＿◆■□□□＿◆□□
◆□■□□□＿□□□
□□■□□□◆□□□
□□□□□□□＿□■
□■□□□□□□□□
□□□□＿□□□□□
□□□□□＿□□□＿
□□□□□□□＿□□
00:02:25(4369f):field(4368f)
＿＿＿＿＿＿＿＿＿＿
＿＿＿＿＿＿＿＿＿＿
＿＿＿＿＿＿＿＿＿＿
＿＿＿＿＿＿＿＿＿＿
＿＿＿＿＿＿＿＿＿＿
＿＿＿＿＿＿＿＿＿＿
＿＿＿＿＿＿＿＿＿＿
＿＿＿＿＿＿＿＿＿＿
＿＿＿＿＿＿＿＿＿＿
＿＿＿＿＿＿＿＿＿＿
＿＿＿＿＿＿＿＿＿＿
＿＿＿＿＿＿＿＿＿＿
■■◆◆◆◆＿＿□□
＿□◆◆□◆■◆◆◆
◆□◆◆□□＿□□◆
□□□□□□□＿□□
□◆□□□□□□□□
□□□□＿□□□□□
□□□□□＿□□□＿
□□□□□□□＿□□
00:02:26(4380f):field(4379f)
＿＿＿＿＿＿＿＿＿＿
＿＿＿＿＿＿＿＿＿＿
＿＿＿＿＿＿＿＿＿＿
＿＿＿＿＿＿＿＿＿＿
＿＿＿＿＿＿＿＿＿＿
＿＿＿＿＿＿＿＿＿＿
＿＿＿＿＿＿＿＿＿＿
＿＿＿＿＿＿＿＿＿＿
＿＿＿＿＿＿＿＿＿＿
＿＿＿＿＿＿＿＿＿＿
＿＿＿＿＿＿＿＿＿＿
＿＿＿＿＿＿＿＿＿＿
◆◆＿＿＿＿＿＿◆◆
＿□■＿◆＿◆＿■＿
＿□■■◆◆＿◆◆＿
□□□□□□□＿□◆
□＿□□□□□□□□
□□□□＿□□□□□
□□□□□＿□□□■
□□□□□□□＿□□
00:02:26(4391f):field(4390f)
＿＿＿＿＿＿＿＿＿＿
＿＿＿＿＿＿＿＿＿＿
＿＿＿＿＿＿＿＿＿＿
＿＿＿＿＿＿＿＿＿＿
＿＿＿＿＿＿＿＿＿＿
＿＿＿＿＿＿＿＿＿＿
＿＿＿＿＿＿＿＿＿＿
＿＿＿＿＿＿＿＿＿＿
＿＿＿＿＿＿＿＿＿＿
＿＿＿＿＿＿＿＿＿＿
＿＿＿＿＿＿＿＿＿＿
＿＿＿＿＿＿＿＿＿＿
＿＿＿■＿＿＿＿＿＿
＿□□■■＿＿＿◆＿
＿□□□■＿＿＿＿＿
□□□□□□□＿□＿
□＿□□□□□□□□
□□□□＿□□□□□
□□□□□＿□□□◆
□□□□□□□＿□□
00:02:26(4402f):field(4401f)
＿＿＿＿＿＿＿＿＿＿
＿＿＿＿＿＿＿＿＿＿
＿＿＿＿＿＿＿＿＿＿
＿＿＿＿＿＿＿＿＿＿
＿＿＿＿＿＿＿＿＿＿
＿＿＿＿＿＿＿＿＿＿
＿＿＿＿＿＿＿＿＿＿
＿＿＿＿＿＿＿＿＿＿
＿＿＿＿＿＿＿＿＿＿
＿＿＿＿＿＿＿＿＿＿
＿＿＿＿＿＿＿＿＿＿
＿＿＿＿＿＿＿＿＿＿
＿＿＿□＿＿＿＿＿＿
＿□□□□■■＿＿＿
＿□□□□■■＿＿＿
□□□□□□□＿□＿
□＿□□□□□□□□
□□□□＿□□□□□
□□□□□＿□□□＿
□□□□□□□＿□□
00:02:27(4413f):field(4412f)
＿＿＿＿＿＿＿＿＿＿
＿＿＿＿＿＿＿＿＿＿
＿＿＿＿＿＿＿＿＿＿
＿＿＿＿＿＿＿＿＿＿
＿＿＿＿＿＿＿＿＿＿
＿＿＿＿＿＿＿＿＿＿
＿＿＿＿＿＿＿＿＿＿
＿＿＿＿＿＿＿＿＿＿
＿＿＿＿＿＿＿＿＿＿
＿＿＿＿＿＿＿＿＿＿
＿＿＿＿＿＿＿＿＿＿
＿＿＿＿＿＿■＿＿＿
＿＿＿□■■■＿＿＿
＿□□□□□□＿＿＿
＿□□□□□□＿＿＿
□□□□□□□＿□＿
□＿□□□□□□□□
□□□□＿□□□□□
□□□□□＿□□□＿
□□□□□□□＿□□
00:02:27(4426f):field(4425f)
＿＿＿＿＿＿＿＿＿＿
＿＿＿＿＿＿＿＿＿＿
＿＿＿＿＿＿＿＿＿＿
＿＿＿＿＿＿＿＿＿＿
＿＿＿＿＿＿＿＿＿＿
＿＿＿＿＿＿＿＿＿＿
＿＿＿＿＿＿＿＿＿＿
＿＿＿＿＿＿＿＿＿＿
＿＿＿＿＿＿＿＿＿＿
＿＿＿＿＿＿＿＿＿＿
＿＿＿＿＿＿＿＿＿＿
＿＿＿＿＿＿□＿＿＿
＿＿＿□□□□＿＿■
＿□□□□□□＿＿■
＿□□□□□□＿＿■
□□□□□□□＿□■
□＿□□□□□□□□
□□□□＿□□□□□
□□□□□＿□□□＿
□□□□□□□＿□□
00:02:27(4437f):field(4436f)
＿＿＿＿＿＿＿＿＿＿
＿＿＿＿＿＿＿＿＿＿
＿＿＿＿＿＿＿＿＿＿
＿＿＿＿＿＿＿＿＿＿
＿＿＿＿＿＿＿＿＿＿
＿＿＿＿＿＿＿＿＿＿
＿＿＿＿＿＿＿＿＿＿
＿＿＿＿＿＿＿＿＿＿
＿＿＿＿＿＿＿＿＿＿
＿＿＿＿＿＿■＿＿＿
＿＿＿＿＿■■＿＿＿
＿＿＿＿＿■□＿＿＿
＿＿＿□□□□＿＿□
＿□□□□□□＿＿□
＿□□□□□□＿＿□
□□□□□□□＿□□
□＿□□□□□□□□
□□□□＿□□□□□
□□□□□＿□□□＿
□□□□□□□＿□□
00:02:28(4441f):field(4440f)
＿＿＿＿＿＿＿＿＿＿
＿＿＿＿＿＿＿＿＿＿
＿＿＿＿＿＿＿＿＿＿
＿＿＿＿＿＿＿＿＿＿
＿＿＿＿＿＿＿＿＿＿
＿＿＿＿＿＿＿＿＿＿
＿＿＿＿＿＿＿＿＿＿
＿＿＿＿＿＿＿＿＿＿
＿＿＿＿＿＿＿＿＿＿
＿＿＿■■■□＿＿＿
＿＿＿＿■□□＿＿＿
＿＿＿＿＿□□＿＿＿
＿＿＿□□□□＿＿□
＿□□□□□□＿＿□
＿□□□□□□＿＿□
□□□□□□□＿□□
□＿□□□□□□□□
□□□□＿□□□□□
□□□□□＿□□□＿
□□□□□□□＿□□
00:02:28(4450f):field(4449f)
＿＿＿＿＿＿＿＿＿＿
＿＿＿＿＿＿＿＿＿＿
＿＿＿＿＿＿＿＿＿＿
＿＿＿＿＿＿＿＿＿＿
＿＿＿＿＿＿＿＿＿＿
＿＿＿＿＿＿＿＿＿＿
＿＿＿＿＿＿＿＿＿＿
＿＿＿＿■■＿＿＿＿
＿＿＿＿■■＿＿＿＿
＿＿＿□□□□＿＿＿
＿＿＿＿□□□＿＿＿
＿＿＿＿＿□□＿＿＿
＿＿＿□□□□＿＿□
＿□□□□□□＿＿□
＿□□□□□□＿＿□
□□□□□□□＿□□
□＿□□□□□□□□
□□□□＿□□□□□
□□□□□＿□□□＿
□□□□□□□＿□□
00:02:28(4466f):field(4465f)
＿＿＿＿＿＿＿＿＿＿
＿＿＿＿＿＿＿＿＿＿
＿＿＿＿＿＿＿＿＿＿
＿＿＿＿＿＿＿＿＿＿
＿＿＿＿＿＿＿＿＿＿
＿＿＿＿＿＿＿＿＿＿
＿＿＿＿＿＿＿＿＿＿
＿＿＿＿□□＿＿＿＿
＿＿＿＿□□＿＿＿＿
＿＿＿□□□□＿＿＿
＿＿＿＿□□□＿＿＿
＿＿＿＿＿□□＿＿＿
＿＿＿□□□□■＿□
＿□□□□□□■■□
＿□□□□□□＿■□
□□□□□□□＿□□
□＿□□□□□□□□
□□□□＿□□□□□
□□□□□＿□□□＿
□□□□□□□＿□□
00:02:29(4481f):field(4480f)
＿＿＿＿＿＿＿＿＿＿
＿＿＿＿＿＿＿＿＿＿
＿＿＿＿＿＿＿＿＿＿
＿＿＿＿＿＿＿＿＿＿
＿＿＿＿＿＿＿＿＿＿
＿＿＿＿＿＿＿＿＿＿
＿＿＿＿＿＿＿＿＿＿
＿＿＿＿◆◆＿＿＿＿
＿＿＿＿□□＿＿＿＿
＿＿＿◆□□◆＿＿＿
＿＿＿■□□□＿＿＿
＿＿＿＿■□□＿＿＿
■＿＿◆◆□□□＿◆
■□◆□□□□□□□
■□□□□□□■□□
□□□□□□□＿□□
□＿□□□□□□□□
□□□□＿□□□□□
□□□□□＿□□□＿
□□□□□□□＿□□
00:02:29(4494f):field(4493f)
＿＿＿＿＿＿＿＿＿＿
＿＿＿＿＿＿＿＿＿＿
＿＿＿＿＿＿＿＿＿＿
＿＿＿＿＿＿＿＿＿＿
＿＿＿＿＿＿＿＿＿＿
＿＿＿＿＿＿＿＿＿＿
＿＿＿＿＿＿＿＿＿＿
＿＿＿＿＿＿＿＿＿＿
＿＿＿＿□□＿＿＿＿
＿＿＿＿□□＿＿＿＿
＿＿＿□□□□＿＿＿
＿＿■■□□□＿＿＿
□＿■＿＿□□◆＿＿
□◆■□□□□□◆□
□□□□□□□◆□□
□□□□□□□＿□□
□＿□□□□□□□□
□□□□＿□□□□□
□□□□□＿□□□＿
□□□□□□□＿□□
00:02:30(4507f):field(4506f)
＿＿＿＿＿＿＿＿＿＿
＿＿＿＿＿＿＿＿＿＿
＿＿＿＿＿＿＿＿＿＿
＿＿＿＿＿＿＿＿＿＿
＿＿＿＿＿＿＿＿＿＿
＿＿＿＿＿＿＿＿＿＿
＿＿＿＿＿＿＿＿＿＿
＿＿＿＿＿＿＿＿＿＿
＿＿＿＿□□＿＿＿＿
＿＿＿＿□□＿＿＿＿
＿＿＿□□□□＿＿＿
＿＿□□□□□＿＿■
□＿□＿＿□□＿■■
□＿□□□□□□■□
□□□□□□□＿□□
□□□□□□□＿□□
□＿□□□□□□□□
□□□□＿□□□□□
□□□□□＿□□□＿
□□□□□□□＿□□
00:02:30(4519f):field(4518f)
＿＿＿＿＿＿＿＿＿＿
＿＿＿＿＿＿＿＿＿＿
＿＿＿＿＿＿＿＿＿＿
＿＿＿＿＿＿＿＿＿＿
＿＿＿＿＿＿＿＿＿＿
＿＿＿＿＿＿＿＿＿＿
＿＿＿＿＿＿＿＿＿＿
＿＿＿＿＿＿＿＿＿＿
＿＿＿＿□□＿＿＿＿
＿＿＿＿□□＿＿＿＿
＿＿＿□□□□■＿＿
＿＿□□□□□■■□
□＿□＿＿□□■□□
□＿□□□□□□□□
□□□□□□□＿□□
□□□□□□□＿□□
□＿□□□□□□□□
□□□□＿□□□□□
□□□□□＿□□□＿
□□□□□□□＿□□
00:02:31(4531f):field(4530f)
＿＿＿＿＿＿＿＿＿＿
＿＿＿＿＿＿＿＿＿＿
＿＿＿＿＿＿＿＿＿＿
＿＿＿＿＿＿＿＿＿＿
＿＿＿＿＿＿＿＿＿＿
＿＿＿＿＿＿＿＿＿＿
＿＿＿＿＿＿＿＿＿＿
＿＿＿＿＿＿＿＿＿＿
＿＿＿＿□□＿＿＿＿
＿＿＿＿□□＿＿■■
＿＿＿□□□□□■■
＿＿□□□□□□□□
□＿□＿＿□□□□□
□＿□□□□□□□□
□□□□□□□＿□□
□□□□□□□＿□□
□＿□□□□□□□□
□□□□＿□□□□□
□□□□□＿□□□＿
□□□□□□□＿□□
00:02:31(4542f):field(4541f)
＿＿＿＿＿＿＿＿＿＿
＿＿＿＿＿＿＿＿＿＿
＿＿＿＿＿＿＿＿＿＿
＿＿＿＿＿＿＿＿＿＿
＿＿＿＿＿＿＿＿＿＿
＿＿＿＿＿＿＿＿＿＿
＿＿＿＿＿＿＿＿＿＿
＿＿＿＿＿＿＿＿＿＿
＿＿＿＿◆◆＿＿＿＿
＿＿＿＿□□＿＿◆◆
＿＿＿◆□□◆□□□
■■◆□□□□□□□
□■□＿＿□□□□□
□＿□□□□□□□□
□□□□□□□＿□□
□□□□□□□＿□□
□＿□□□□□□□□
□□□□＿□□□□□
□□□□□＿□□□＿
□□□□□□□＿□□
00:02:31(4554f):field(4553f)
＿＿＿＿＿＿＿＿＿＿
＿＿＿＿＿＿＿＿＿＿
＿＿＿＿＿＿＿＿＿＿
＿＿＿＿＿＿＿＿＿＿
＿＿＿＿＿＿＿＿＿＿
＿＿＿＿＿＿＿＿＿＿
＿＿＿＿＿＿＿＿＿＿
＿＿＿＿＿＿＿＿＿＿
＿＿＿＿＿＿＿＿＿＿
＿＿＿＿□□■■■■
＿＿＿＿□□＿◆□□
□◆＿□□□□□□□
□□□＿＿□□□□□
□＿□□□□□□□□
□□□□□□□＿□□
□□□□□□□＿□□
□＿□□□□□□□□
□□□□＿□□□□□
□□□□□＿□□□＿
□□□□□□□＿□□
00:02:32(4568f):field(4567f)
＿＿＿＿＿＿＿＿＿＿
＿＿＿＿＿＿＿＿＿＿
＿＿＿＿＿＿＿＿＿＿
＿＿＿＿＿＿＿＿＿＿
＿＿＿＿＿＿＿＿＿＿
＿＿＿＿＿＿＿＿＿＿
＿＿＿＿＿＿＿＿＿＿
＿＿＿＿＿＿＿＿＿＿
＿＿＿＿＿＿＿＿＿＿
＿■■＿□□□□□□
＿■＿＿□□＿＿□□
□■＿□□□□□□□
□□□＿＿□□□□□
□＿□□□□□□□□
□□□□□□□＿□□
□□□□□□□＿□□
□＿□□□□□□□□
□□□□＿□□□□□
□□□□□＿□□□＿
□□□□□□□＿□□
00:02:32(4580f):field(4579f)
＿＿＿＿＿＿＿＿＿＿
＿＿＿＿＿＿＿＿＿＿
＿＿＿＿＿＿＿＿＿＿
＿＿＿＿＿＿＿＿＿＿
＿＿＿＿＿＿＿＿＿＿
＿＿＿＿＿＿＿＿＿＿
＿＿＿＿＿＿＿＿＿＿
＿＿＿＿＿＿＿＿＿＿
＿＿＿■■■＿＿＿＿
＿□□■□□□□□□
＿□＿＿□□＿＿□□
□□＿□□□□□□□
□□□＿＿□□□□□
□＿□□□□□□□□
□□□□□□□＿□□
□□□□□□□＿□□
□＿□□□□□□□□
□□□□＿□□□□□
□□□□□＿□□□＿
□□□□□□□＿□□
00:02:33(4595f):field(4594f)
＿＿＿＿＿＿＿＿＿＿
＿＿＿＿＿＿＿＿＿＿
＿＿＿＿＿＿＿＿＿＿
＿＿＿＿＿＿＿＿＿＿
＿＿＿＿＿＿＿＿＿＿
＿＿＿＿＿＿＿＿＿＿
＿＿＿＿＿＿＿＿＿＿
＿＿＿＿＿＿＿＿■■
＿＿＿□□□＿＿■■
＿□□□□□□□□□
＿□＿＿□□＿＿□□
□□＿□□□□□□□
□□□＿＿□□□□□
□＿□□□□□□□□
□□□□□□□＿□□
□□□□□□□＿□□
□＿□□□□□□□□
□□□□＿□□□□□
□□□□□＿□□□＿
□□□□□□□＿□□
00:02:33(4605f):field(4604f)
＿＿＿＿＿＿＿＿＿＿
＿＿＿＿＿＿＿＿＿＿
＿＿＿＿＿＿＿＿＿＿
＿＿＿＿＿＿＿＿＿＿
＿＿＿＿＿＿＿＿＿＿
＿＿＿＿＿＿＿＿＿＿
＿＿＿＿■■■＿＿＿
＿＿＿＿＿■＿＿□□
＿＿＿□□□＿＿□□
＿□□□□□□□□□
＿□＿＿□□＿＿□□
□□＿□□□□□□□
□□□＿＿□□□□□
□＿□□□□□□□□
□□□□□□□＿□□
□□□□□□□＿□□
□＿□□□□□□□□
□□□□＿□□□□□
□□□□□＿□□□＿
□□□□□□□＿□□
00:02:33(4613f):field(4612f)
＿＿＿＿＿＿＿＿＿＿
＿＿＿＿＿＿＿＿＿＿
＿＿＿＿＿＿＿＿＿＿
＿＿＿＿＿＿＿＿＿＿
＿＿＿＿＿＿＿＿＿＿
＿＿■＿＿＿＿＿＿＿
＿＿■■□□□＿＿＿
＿＿＿■＿□＿＿□□
＿＿＿□□□＿＿□□
＿□□□□□□□□□
＿□＿＿□□＿＿□□
□□＿□□□□□□□
□□□＿＿□□□□□
□＿□□□□□□□□
□□□□□□□＿□□
□□□□□□□＿□□
□＿□□□□□□□□
□□□□＿□□□□□
□□□□□＿□□□＿
□□□□□□□＿□□
00:02:34(4624f):field(4623f)
＿＿＿＿＿＿＿＿＿＿
＿＿＿＿＿＿＿＿＿＿
＿＿＿＿＿＿＿＿＿＿
＿＿＿＿＿＿＿＿＿＿
＿＿＿■■■＿＿＿＿
＿＿□＿＿■＿＿＿＿
＿＿□□□□□＿＿＿
＿＿＿□＿□＿＿□□
＿＿＿□□□＿＿□□
＿□□□□□□□□□
＿□＿＿□□＿＿□□
□□＿□□□□□□□
□□□＿＿□□□□□
□＿□□□□□□□□
□□□□□□□＿□□
□□□□□□□＿□□
□＿□□□□□□□□
□□□□＿□□□□□
□□□□□＿□□□＿
□□□□□□□＿□□
00:02:34(4632f):field(4631f)
＿＿＿＿＿＿＿＿＿＿
＿＿＿＿＿＿＿＿＿＿
＿＿＿■■■＿＿＿＿
＿＿＿■＿＿＿＿＿＿
＿＿＿□□□＿＿＿＿
＿＿□＿＿□＿＿＿＿
＿＿□□□□□＿＿＿
＿＿＿□＿□＿＿□□
＿＿＿□□□＿＿□□
＿□□□□□□□□□
＿□＿＿□□＿＿□□
□□＿□□□□□□□
□□□＿＿□□□□□
□＿□□□□□□□□
□□□□□□□＿□□
□□□□□□□＿□□
□＿□□□□□□□□
□□□□＿□□□□□
□□□□□＿□□□＿
□□□□□□□＿□□
00:02:34(4640f):field(4639f)
＿＿＿＿■■＿＿＿＿
＿＿＿＿■＿＿＿＿＿
＿＿＿□□□＿＿＿＿
＿＿＿□＿＿＿＿＿＿
＿＿＿□□□＿＿＿＿
＿＿□＿＿□＿＿＿＿
＿＿□□□□□＿＿＿
＿＿＿□＿□＿＿□□
＿＿＿□□□＿＿□□
＿□□□□□□□□□
＿□＿＿□□＿＿□□
□□＿□□□□□□□
□□□＿＿□□□□□
□＿□□□□□□□□
□□□□□□□＿□□
□□□□□□□＿□□
□＿□□□□□□□□
□□□□＿□□□□□
□□□□□＿□□□＿
□□□□□□□＿□□
00:02:37(4729f):game end
