00:09:57(17932f):game start
00:09:59(17976f):field(17975f)
＿＿＿＿＿＿＿＿＿＿
＿＿＿＿＿＿＿＿＿＿
＿＿＿＿＿＿＿＿＿＿
＿＿＿＿＿＿＿＿＿＿
＿＿＿＿＿＿＿＿＿＿
＿＿＿＿＿＿＿＿＿＿
＿＿＿＿＿＿＿＿＿＿
＿＿＿＿＿＿＿＿＿＿
＿＿＿＿＿＿＿＿＿＿
＿＿＿＿＿＿＿＿＿＿
＿＿＿＿＿＿＿＿＿＿
＿＿＿＿＿＿＿＿＿＿
＿＿＿＿＿＿＿＿＿＿
＿＿■■■■■■＿＿
＿＿＿＿＿＿＿＿＿＿
＿＿＿＿＿＿＿＿＿＿
＿＿＿＿＿＿＿＿＿＿
＿＿＿＿＿＿＿＿＿＿
＿＿＿＿＿＿＿＿＿＿
＿＿＿＿＿＿＿＿＿＿
00:10:00(18004f):field(18003f)
＿＿＿＿＿＿＿＿＿＿
＿＿＿＿＿＿＿＿＿＿
＿＿＿＿＿＿＿＿＿＿
＿＿＿＿＿＿＿＿＿＿
＿＿＿＿＿＿＿＿＿＿
＿＿＿＿＿＿＿＿＿＿
＿＿＿＿＿＿＿＿＿＿
＿＿＿＿＿＿＿＿＿＿
＿＿＿＿＿＿＿＿＿＿
＿＿＿＿＿＿＿＿＿＿
＿＿＿＿＿＿＿＿＿＿
＿＿＿＿＿＿＿＿＿＿
＿＿＿＿＿＿＿＿＿＿
＿＿◆◆◆◆◆◆＿＿
＿＿＿＿＿＿＿＿＿＿
＿＿＿＿＿＿＿＿＿＿
＿＿＿＿＿＿＿＿＿＿
＿＿＿＿＿＿＿＿＿＿
＿＿■■■＿＿＿＿＿
■■■■■＿＿＿＿＿
00:10:00(18019f):field(18018f)
＿＿＿＿＿＿＿＿＿＿
＿＿＿＿＿＿＿＿＿＿
＿＿＿＿＿＿＿＿＿＿
＿＿＿＿＿＿＿＿＿＿
＿＿＿＿＿＿＿＿＿＿
＿＿＿＿＿＿＿＿＿＿
＿＿＿＿＿＿＿＿＿＿
＿＿＿＿＿＿＿＿＿＿
＿＿＿＿＿＿＿＿＿＿
＿＿＿＿＿＿＿＿＿＿
＿＿＿＿＿＿＿＿＿＿
＿＿＿＿＿＿＿＿＿＿
＿＿＿＿＿＿＿＿＿＿
＿＿＿＿＿＿＿＿＿＿
＿＿＿＿＿＿＿＿＿＿
＿＿＿＿＿＿＿＿＿＿
＿＿＿＿＿＿＿＿＿＿
＿＿＿＿＿＿＿＿＿＿
＿＿□□□＿■＿＿＿
□□□□□＿■■■＿
00:10:01(18032f):field(18031f)
＿＿＿＿＿＿＿＿＿＿
＿＿＿＿＿＿＿＿＿＿
＿＿＿＿＿＿＿＿＿＿
＿＿＿＿＿＿＿＿＿＿
＿＿＿＿＿＿＿＿＿＿
＿＿＿＿＿＿＿＿＿＿
＿＿＿＿＿＿＿＿＿＿
＿＿＿＿＿＿＿＿＿＿
＿＿＿＿＿＿＿＿＿＿
＿＿＿＿＿＿＿＿＿＿
＿＿＿＿＿＿＿＿＿＿
＿＿＿＿＿＿＿＿＿＿
＿＿＿＿＿＿＿＿＿＿
＿＿＿＿＿＿＿＿＿＿
＿＿＿＿＿＿＿＿＿＿
＿＿＿＿＿＿＿＿＿＿
＿＿＿＿＿＿＿＿＿＿
＿■■＿＿＿＿＿＿＿
■■□□□＿□＿＿＿
□□□□□＿□□□＿
00:10:01(18043f):field(18042f)
＿＿＿＿＿＿＿＿＿＿
＿＿＿＿＿＿＿＿＿＿
＿＿＿＿＿＿＿＿＿＿
＿＿＿＿＿＿＿＿＿＿
＿＿＿＿＿＿＿＿＿＿
＿＿＿＿＿＿＿＿＿＿
＿＿＿＿＿＿＿＿＿＿
＿＿＿＿＿＿＿＿＿＿
＿＿＿＿＿＿＿＿＿＿
＿＿＿＿＿＿＿＿＿＿
＿＿＿＿＿＿＿＿＿＿
＿＿＿＿＿＿＿＿＿＿
＿＿＿＿＿＿＿＿＿＿
＿＿＿＿＿＿＿＿＿＿
＿＿＿＿＿＿＿＿＿＿
＿＿＿＿＿＿＿＿＿＿
＿＿＿＿＿■＿＿＿＿
＿□□＿＿■＿＿＿＿
□□□□□■□＿＿＿
□□□□□■□□□＿
00:10:01(18056f):field(18055f)
＿＿＿＿＿＿＿＿＿＿
＿＿＿＿＿＿＿＿＿＿
＿＿＿＿＿＿＿＿＿＿
＿＿＿＿＿＿＿＿＿＿
＿＿＿＿＿＿＿＿＿＿
＿＿＿＿＿＿＿＿＿＿
＿＿＿＿＿＿＿＿＿＿
＿＿＿＿＿＿＿＿＿＿
＿＿＿＿＿＿＿＿＿＿
＿＿＿＿＿＿＿＿＿＿
＿＿＿＿＿＿＿＿＿＿
＿＿＿＿＿＿＿＿＿＿
＿＿＿＿＿＿＿＿＿＿
＿＿＿＿＿＿＿＿＿＿
＿＿＿＿＿＿＿＿＿＿
＿＿＿■＿＿＿＿＿＿
＿＿＿■＿□＿＿＿＿
＿□□■■□＿＿＿＿
□□□□□□□＿＿＿
□□□□□□□□□＿
00:10:02(18070f):field(18069f)
＿＿＿＿＿＿＿＿＿＿
＿＿＿＿＿＿＿＿＿＿
＿＿＿＿＿＿＿＿＿＿
＿＿＿＿＿＿＿＿＿＿
＿＿＿＿＿＿＿＿＿＿
＿＿＿＿＿＿＿＿＿＿
＿＿＿＿＿＿＿＿＿＿
＿＿＿＿＿＿＿＿＿＿
＿＿＿＿＿＿＿＿＿＿
＿＿＿＿＿＿＿＿＿＿
＿＿＿＿＿＿＿＿＿＿
＿＿＿＿＿＿＿＿＿＿
＿＿＿＿＿＿＿＿＿＿
＿＿＿＿＿＿＿＿＿＿
＿＿＿＿＿＿＿＿＿＿
＿＿＿□＿＿＿＿＿＿
＿＿＿□＿□＿＿＿＿
＿□□□□□＿■■＿
□□□□□□□■■＿
□□□□□□□□□＿
00:10:02(18084f):field(18083f)
＿＿＿＿＿＿＿＿＿＿
＿＿＿＿＿＿＿＿＿＿
＿＿＿＿＿＿＿＿＿＿
＿＿＿＿＿＿＿＿＿＿
＿＿＿＿＿＿＿＿＿＿
＿＿＿＿＿＿＿＿＿＿
＿＿＿＿＿＿＿＿＿＿
＿＿＿＿＿＿＿＿＿＿
＿＿＿＿＿＿＿＿＿＿
＿＿＿＿＿＿＿＿＿＿
＿＿＿＿＿＿＿＿＿＿
＿＿＿＿＿＿＿＿＿＿
＿＿＿＿＿＿＿＿＿＿
＿＿＿＿＿＿＿＿＿＿
＿＿＿＿■■＿＿＿＿
＿＿＿□■＿＿＿＿＿
＿＿＿□■□＿＿＿＿
＿□□□□□＿□□＿
□□□□□□□□□＿
□□□□□□□□□＿
00:10:03(18097f):field(18096f)
＿＿＿＿＿＿＿＿＿＿
＿＿＿＿＿＿＿＿＿＿
＿＿＿＿＿＿＿＿＿＿
＿＿＿＿＿＿＿＿＿＿
＿＿＿＿＿＿＿＿＿＿
＿＿＿＿＿＿＿＿＿＿
＿＿＿＿＿＿＿＿＿＿
＿＿＿＿＿＿＿＿＿＿
＿＿＿＿＿＿＿＿＿＿
＿＿＿＿＿＿＿＿＿＿
＿＿＿＿＿＿＿＿＿＿
＿＿＿＿＿＿＿＿＿＿
＿＿＿＿＿＿＿＿＿＿
＿＿＿＿＿＿＿＿＿＿
■＿＿＿□□＿＿＿＿
■＿＿□□＿＿＿＿＿
■＿＿□□□＿＿＿＿
■□□□□□＿□□＿
□□□□□□□□□＿
□□□□□□□□□＿
00:10:03(18112f):field(18111f)
＿＿＿＿＿＿＿＿＿＿
＿＿＿＿＿＿＿＿＿＿
＿＿＿＿＿＿＿＿＿＿
＿＿＿＿＿＿＿＿＿＿
＿＿＿＿＿＿＿＿＿＿
＿＿＿＿＿＿＿＿＿＿
＿＿＿＿＿＿＿＿＿＿
＿＿＿＿＿＿＿＿＿＿
＿＿＿＿＿＿＿＿＿＿
＿＿＿＿＿＿＿＿＿＿
＿＿＿＿＿＿＿＿＿＿
＿＿＿＿＿＿＿＿＿＿
＿＿＿＿＿＿＿＿＿＿
＿＿＿＿＿＿＿＿＿＿
□＿＿＿□□＿＿＿＿
□＿＿□□＿＿＿■＿
□＿＿□□□＿＿■■
□□□□□□＿□□■
□□□□□□□□□＿
□□□□□□□□□＿
00:10:04(18124f):field(18123f)
＿＿＿＿＿＿＿＿＿＿
＿＿＿＿＿＿＿＿＿＿
＿＿＿＿＿＿＿＿＿＿
＿＿＿＿＿＿＿＿＿＿
＿＿＿＿＿＿＿＿＿＿
＿＿＿＿＿＿＿＿＿＿
＿＿＿＿＿＿＿＿＿＿
＿＿＿＿＿＿＿＿＿＿
＿＿＿＿＿＿＿＿＿＿
＿＿＿＿＿＿＿＿＿＿
＿＿＿＿＿＿＿＿＿＿
＿＿＿＿＿＿＿＿＿＿
＿＿＿＿＿＿＿＿＿＿
＿＿＿＿＿＿＿＿＿＿
□■＿＿□□＿＿＿＿
□■＿□□＿＿＿□＿
□■■□□□＿＿□□
□□□□□□＿□□□
□□□□□□□□□＿
□□□□□□□□□＿
00:10:04(18137f):field(18136f)
＿＿＿＿＿＿＿＿＿＿
＿＿＿＿＿＿＿＿＿＿
＿＿＿＿＿＿＿＿＿＿
＿＿＿＿＿＿＿＿＿＿
＿＿＿＿＿＿＿＿＿＿
＿＿＿＿＿＿＿＿＿＿
＿＿＿＿＿＿＿＿＿＿
＿＿＿＿＿＿＿＿＿＿
＿＿＿＿＿＿＿＿＿＿
＿＿＿＿＿＿＿＿＿＿
＿＿＿＿＿＿＿＿＿＿
＿＿＿＿＿＿＿＿＿＿
＿＿＿＿＿＿＿＿＿＿
＿＿■＿＿＿＿＿＿＿
□□■■□□＿＿＿＿
□□■□□＿＿＿□＿
□□□□□□＿＿□□
□□□□□□＿□□□
□□□□□□□□□＿
□□□□□□□□□＿
00:10:05(18153f):field(18152f)
＿＿＿＿＿＿＿＿＿＿
＿＿＿＿＿＿＿＿＿＿
＿＿＿＿＿＿＿＿＿＿
＿＿＿＿＿＿＿＿＿＿
＿＿＿＿＿＿＿＿＿＿
＿＿＿＿＿＿＿＿＿＿
＿＿＿＿＿＿＿＿＿＿
＿＿＿＿＿＿＿＿＿＿
＿＿＿＿＿＿＿＿＿＿
＿＿＿＿＿＿＿＿＿＿
＿＿＿＿＿＿＿＿＿＿
＿＿＿＿＿＿＿＿＿＿
＿＿＿＿＿＿＿＿＿＿
＿＿◆＿＿＿＿＿＿＿
◆◆◆◆◆◆＿＿＿＿
◆◆□□◆＿＿＿◆＿
□□□□□□＿＿◆◆
□□□□□□＿□□◆
□□□□□□□□□＿
□□□□□□□□□＿
00:10:05(18170f):field(18169f)
＿＿＿＿＿＿＿＿＿＿
＿＿＿＿＿＿＿＿＿＿
＿＿＿＿＿＿＿＿＿＿
＿＿＿＿＿＿＿＿＿＿
＿＿＿＿＿＿＿＿＿＿
＿＿＿＿＿＿＿＿＿＿
＿＿＿＿＿＿＿＿＿＿
＿＿＿＿＿＿＿＿＿＿
＿＿＿＿＿＿＿＿＿＿
＿＿＿＿＿＿＿＿＿＿
＿＿＿＿＿＿＿＿＿＿
＿＿＿＿＿＿＿＿＿＿
＿＿＿＿＿＿＿＿＿＿
＿＿＿＿＿＿＿＿＿＿
＿＿＿＿＿＿＿＿＿＿
＿＿◆◆＿■＿＿＿＿
◆◆□◆◆◆＿■＿＿
□□□□□◆＿□□＿
□□□□□□□□□＿
□□□□□□□□□＿
00:10:06(18182f):field(18181f)
＿＿＿＿＿＿＿＿＿＿
＿＿＿＿＿＿＿＿＿＿
＿＿＿＿＿＿＿＿＿＿
＿＿＿＿＿＿＿＿＿＿
＿＿＿＿＿＿＿＿＿＿
＿＿＿＿＿＿＿＿＿＿
＿＿＿＿＿＿＿＿＿＿
＿＿＿＿＿＿＿＿＿＿
＿＿＿＿＿＿＿＿＿＿
＿＿＿＿＿＿＿＿＿＿
＿＿＿＿＿＿＿＿＿＿
＿＿＿＿＿＿＿＿＿＿
＿＿＿＿＿＿＿＿＿＿
＿＿＿＿＿＿＿＿＿＿
＿＿＿＿＿＿＿＿＿＿
＿＿＿＿＿◆＿＿＿＿
＿＿□＿＿■■◆＿＿
□□□□□■■□□＿
□□□□□□□□□＿
□□□□□□□□□＿
00:10:06(18193f):field(18192f)
＿＿＿＿＿＿＿＿＿＿
＿＿＿＿＿＿＿＿＿＿
＿＿＿＿＿＿＿＿＿＿
＿＿＿＿＿＿＿＿＿＿
＿＿＿＿＿＿＿＿＿＿
＿＿＿＿＿＿＿＿＿＿
＿＿＿＿＿＿＿＿＿＿
＿＿＿＿＿＿＿＿＿＿
＿＿＿＿＿＿＿＿＿＿
＿＿＿＿＿＿＿＿＿＿
＿＿＿＿＿＿＿＿＿＿
＿＿＿＿＿＿＿＿＿＿
＿＿＿＿＿＿＿＿＿＿
＿＿＿＿＿＿＿＿＿＿
＿＿＿＿＿＿＿＿＿＿
＿＿＿＿■■＿＿＿＿
＿＿□■■□□＿＿＿
□□□□□□□□□＿
□□□□□□□□□＿
□□□□□□□□□＿
00:10:06(18206f):field(18205f)
＿＿＿＿＿＿＿＿＿＿
＿＿＿＿＿＿＿＿＿＿
＿＿＿＿＿＿＿＿＿＿
＿＿＿＿＿＿＿＿＿＿
＿＿＿＿＿＿＿＿＿＿
＿＿＿＿＿＿＿＿＿＿
＿＿＿＿＿＿＿＿＿＿
＿＿＿＿＿＿＿＿＿＿
＿＿＿＿＿＿＿＿＿＿
＿＿＿＿＿＿＿＿＿＿
＿＿＿＿＿＿＿＿＿＿
＿＿＿＿＿＿＿＿＿＿
＿＿＿＿＿＿＿＿＿＿
＿＿＿＿＿＿＿＿＿＿
■＿＿＿＿＿＿＿＿＿
■＿＿＿□□＿＿＿＿
■■□□□□□＿＿＿
□□□□□□□□□＿
□□□□□□□□□＿
□□□□□□□□□＿
00:10:07(18217f):field(18216f)
＿＿＿＿＿＿＿＿＿＿
＿＿＿＿＿＿＿＿＿＿
＿＿＿＿＿＿＿＿＿＿
＿＿＿＿＿＿＿＿＿＿
＿＿＿＿＿＿＿＿＿＿
＿＿＿＿＿＿＿＿＿＿
＿＿＿＿＿＿＿＿＿＿
＿＿＿＿＿＿＿＿＿＿
＿＿＿＿＿＿＿＿＿＿
＿＿＿＿＿＿＿＿＿＿
＿＿＿＿＿＿＿＿＿＿
＿＿＿＿＿＿＿＿＿＿
＿＿＿＿＿＿＿＿＿＿
＿＿＿＿＿＿＿＿＿＿
□＿■＿＿＿＿＿＿＿
□■■■□□＿＿＿＿
□□□□□□□＿＿＿
□□□□□□□□□＿
□□□□□□□□□＿
□□□□□□□□□＿
00:10:07(18232f):field(18231f)
＿＿＿＿＿＿＿＿＿＿
＿＿＿＿＿＿＿＿＿＿
＿＿＿＿＿＿＿＿＿＿
＿＿＿＿＿＿＿＿＿＿
＿＿＿＿＿＿＿＿＿＿
＿＿＿＿＿＿＿＿＿＿
＿＿＿＿＿＿＿＿＿＿
＿＿＿＿＿＿＿＿＿＿
＿＿＿＿＿＿＿＿＿＿
＿＿＿＿＿＿＿＿＿＿
＿＿＿＿＿＿＿＿＿＿
＿＿＿＿＿＿＿＿＿＿
＿＿＿＿＿＿＿＿＿＿
＿＿＿＿＿＿＿＿＿＿
□＿□＿＿＿＿＿＿＿
□□□□□□■■＿＿
□□□□□□□■■＿
□□□□□□□□□＿
□□□□□□□□□＿
□□□□□□□□□＿
00:10:08(18243f):field(18242f)
＿＿＿＿＿＿＿＿＿＿
＿＿＿＿＿＿＿＿＿＿
＿＿＿＿＿＿＿＿＿＿
＿＿＿＿＿＿＿＿＿＿
＿＿＿＿＿＿＿＿＿＿
＿＿＿＿＿＿＿＿＿＿
＿＿＿＿＿＿＿＿＿＿
＿＿＿＿＿＿＿＿＿＿
＿＿＿＿＿＿＿＿＿＿
＿＿＿＿＿＿＿＿＿＿
＿＿＿＿＿＿＿＿＿＿
＿＿＿＿＿＿＿＿＿＿
＿＿＿＿＿＿＿＿＿＿
＿＿＿＿＿＿＿＿＿＿
□＿□■■■■＿＿＿
□□□□□□□□＿＿
□□□□□□□□□＿
□□□□□□□□□＿
□□□□□□□□□＿
□□□□□□□□□＿
00:10:08(18257f):field(18256f)
＿＿＿＿＿＿＿＿＿＿
＿＿＿＿＿＿＿＿＿＿
＿＿＿＿＿＿＿＿＿＿
＿＿＿＿＿＿＿＿＿＿
＿＿＿＿＿＿＿＿＿＿
＿＿＿＿＿＿＿＿＿＿
＿＿＿＿＿＿＿＿＿＿
＿＿＿＿＿＿＿＿＿＿
＿＿＿＿＿＿＿＿＿＿
＿＿＿＿＿＿＿＿＿＿
＿＿＿＿＿＿＿＿＿＿
＿＿＿＿＿＿＿＿＿＿
＿■＿＿＿＿＿＿＿＿
＿■■■＿＿＿＿＿＿
□＿□□□□□＿＿＿
□□□□□□□□＿＿
□□□□□□□□□＿
□□□□□□□□□＿
□□□□□□□□□＿
□□□□□□□□□＿
00:10:09(18270f):field(18269f)
＿＿＿＿＿＿＿＿＿＿
＿＿＿＿＿＿＿＿＿＿
＿＿＿＿＿＿＿＿＿＿
＿＿＿＿＿＿＿＿＿＿
＿＿＿＿＿＿＿＿＿＿
＿＿＿＿＿＿＿＿＿＿
＿＿＿＿＿＿＿＿＿＿
＿＿＿＿＿＿＿＿＿＿
＿＿＿＿＿＿＿＿＿＿
＿＿＿＿＿＿＿＿＿＿
＿＿■＿＿＿＿＿＿＿
＿＿■■＿＿＿＿＿＿
＿□＿■＿＿＿＿＿＿
＿□□□＿＿＿＿＿＿
□＿□□□□□＿＿＿
□□□□□□□□＿＿
□□□□□□□□□＿
□□□□□□□□□＿
□□□□□□□□□＿
□□□□□□□□□＿
00:10:09(18283f):field(18282f)
＿＿＿＿＿＿＿＿＿＿
＿＿＿＿＿＿＿＿＿＿
＿＿＿＿＿＿＿＿＿＿
＿＿＿＿＿＿＿＿＿＿
＿＿＿＿＿＿＿＿＿＿
＿＿＿＿＿＿＿＿＿＿
＿＿＿＿＿＿＿＿＿＿
＿＿＿＿＿＿＿＿＿＿
＿＿＿＿＿＿＿＿＿＿
＿＿＿＿＿＿＿＿＿＿
＿＿□＿＿＿＿＿＿＿
＿＿□□■＿＿＿＿＿
＿□＿□■＿＿＿＿＿
＿□□□■■＿＿＿＿
□＿□□□□□＿＿＿
□□□□□□□□＿＿
□□□□□□□□□＿
□□□□□□□□□＿
□□□□□□□□□＿
□□□□□□□□□＿
00:10:09(18296f):field(18295f)
＿＿＿＿＿＿＿＿＿＿
＿＿＿＿＿＿＿＿＿＿
＿＿＿＿＿＿＿＿＿＿
＿＿＿＿＿＿＿＿＿＿
＿＿＿＿＿＿＿＿＿＿
＿＿＿＿＿＿＿＿＿＿
＿＿＿＿＿＿＿＿＿＿
＿＿＿＿＿＿＿＿＿＿
＿＿＿＿＿＿＿＿＿＿
＿＿■■＿＿＿＿＿＿
＿＿□■■＿＿＿＿＿
＿＿□□□＿＿＿＿＿
＿□＿□□＿＿＿＿＿
＿□□□□□＿＿＿＿
□＿□□□□□＿＿＿
□□□□□□□□＿＿
□□□□□□□□□＿
□□□□□□□□□＿
□□□□□□□□□＿
□□□□□□□□□＿
00:10:10(18313f):field(18312f)
＿＿＿＿＿＿＿＿＿＿
＿＿＿＿＿＿＿＿＿＿
＿＿＿＿＿＿＿＿＿＿
＿＿＿＿＿＿＿＿＿＿
＿＿＿＿＿＿＿＿＿＿
＿＿＿＿＿＿＿＿＿＿
＿＿＿＿＿＿＿＿＿＿
＿＿＿＿＿＿＿＿＿＿
＿＿＿＿＿＿＿＿＿＿
＿＿◆◆＿＿＿＿＿＿
＿＿◆◆◆＿＿＿＿＿
＿＿◆◆◆＿＿＿＿＿
＿◆＿◆◆＿＿＿＿＿
＿◆□□◆◆＿＿＿＿
◆＿□□□◆◆＿＿＿
◆◆□□□◆◆◆＿＿
◆□□□□◆◆◆□＿
◆□□□□□◆◆◆＿
□◆□□□□□◆◆＿
□□□□□□□□◆＿
00:10:11(18330f):field(18329f)
＿＿＿＿＿＿＿＿＿＿
＿＿＿＿＿＿＿＿＿＿
＿＿＿＿＿＿＿＿＿＿
＿＿＿＿＿＿＿＿＿＿
＿＿＿＿＿＿＿＿＿＿
＿＿＿＿＿＿＿＿＿＿
＿＿＿＿＿＿＿＿＿＿
＿＿＿＿＿＿＿＿＿＿
＿＿＿＿＿＿＿＿＿＿
＿＿＿＿＿＿＿＿＿＿
＿＿＿＿＿＿＿＿＿＿
＿＿＿＿＿＿＿＿＿＿
＿＿＿＿＿＿＿＿＿＿
＿＿◆◆＿＿＿＿＿＿
＿＿□□◆＿＿＿＿＿
＿＿□□□＿＿＿＿＿
＿◆□□□＿＿＿◆＿
＿□◆□□◆＿＿＿＿
◆■□□□□◆＿＿＿
□◆□□□□□◆■■
00:10:11(18341f):field(18340f)
＿＿＿＿＿＿＿＿＿＿
＿＿＿＿＿＿＿＿＿＿
＿＿＿＿＿＿＿＿＿＿
＿＿＿＿＿＿＿＿＿＿
＿＿＿＿＿＿＿＿＿＿
＿＿＿＿＿＿＿＿＿＿
＿＿＿＿＿＿＿＿＿＿
＿＿＿＿＿＿＿＿＿＿
＿＿＿＿＿＿＿＿＿＿
＿＿＿＿＿＿＿＿＿＿
＿＿＿＿＿＿＿＿＿＿
＿＿＿＿＿＿＿＿＿＿
＿＿＿＿＿＿＿＿＿＿
＿＿＿＿＿＿＿＿＿＿
＿＿□□＿＿＿＿＿＿
＿＿□□□＿＿＿＿＿
＿＿□□□＿＿＿＿＿
＿□＿□□＿■＿＿＿
＿□□□□□■■＿＿
□＿□□□□□■□□
00:10:11(18356f):field(18355f)
＿＿＿＿＿＿＿＿＿＿
＿＿＿＿＿＿＿＿＿＿
＿＿＿＿＿＿＿＿＿＿
＿＿＿＿＿＿＿＿＿＿
＿＿＿＿＿＿＿＿＿＿
＿＿＿＿＿＿＿＿＿＿
＿＿＿＿＿＿＿＿＿＿
＿＿＿＿＿＿＿＿＿＿
＿＿＿＿＿＿＿＿＿＿
＿＿＿＿＿＿＿＿＿＿
＿＿＿＿＿＿＿＿＿＿
＿＿＿＿＿＿＿＿＿＿
＿＿＿＿＿＿＿＿＿＿
＿＿＿＿＿＿＿＿＿＿
＿＿□□＿＿＿＿＿＿
＿＿□□□＿＿＿＿＿
＿＿□□□■■■＿＿
＿□＿□□■□＿＿＿
＿□□□□□□□＿＿
□＿□□□□□□□□
00:10:12(18372f):field(18371f)
＿＿＿＿＿＿＿＿＿＿
＿＿＿＿＿＿＿＿＿＿
＿＿＿＿＿＿＿＿＿＿
＿＿＿＿＿＿＿＿＿＿
＿＿＿＿＿＿＿＿＿＿
＿＿＿＿＿＿＿＿＿＿
＿＿＿＿＿＿＿＿＿＿
＿＿＿＿＿＿＿＿＿＿
＿＿＿＿＿＿＿＿＿＿
＿＿＿＿＿＿＿＿＿＿
＿＿＿＿＿＿＿＿＿＿
＿＿＿＿＿＿＿＿＿＿
＿＿＿＿＿＿＿＿＿＿
＿＿＿＿＿＿＿＿＿＿
＿＿□□＿＿＿＿＿＿
＿＿□□□＿＿＿＿＿
＿＿□□□□□□＿＿
＿□＿□□□□■■■
＿□□□□□□□＿■
□＿□□□□□□□□
00:10:12(18385f):field(18384f)
＿＿＿＿＿＿＿＿＿＿
＿＿＿＿＿＿＿＿＿＿
＿＿＿＿＿＿＿＿＿＿
＿＿＿＿＿＿＿＿＿＿
＿＿＿＿＿＿＿＿＿＿
＿＿＿＿＿＿＿＿＿＿
＿＿＿＿＿＿＿＿＿＿
＿＿＿＿＿＿＿＿＿＿
＿＿＿＿＿＿＿＿＿＿
＿＿＿＿＿＿＿＿＿＿
＿＿＿＿＿＿＿＿＿＿
＿＿＿＿＿＿＿＿＿＿
＿＿＿＿＿＿＿＿＿＿
＿＿＿＿＿＿＿＿＿＿
＿＿□□＿＿■＿＿＿
＿＿□□□■■■＿＿
＿＿□□□□□□＿＿
＿□＿□□□□□□□
＿□□□□□□□＿□
□＿□□□□□□□□
00:10:13(18398f):field(18397f)
＿＿＿＿＿＿＿＿＿＿
＿＿＿＿＿＿＿＿＿＿
＿＿＿＿＿＿＿＿＿＿
＿＿＿＿＿＿＿＿＿＿
＿＿＿＿＿＿＿＿＿＿
＿＿＿＿＿＿＿＿＿＿
＿＿＿＿＿＿＿＿＿＿
＿＿＿＿＿＿＿＿＿＿
＿＿＿＿＿＿＿＿＿＿
＿＿＿＿＿＿＿＿＿＿
＿＿＿＿＿＿＿＿＿＿
＿＿＿＿＿＿＿＿＿＿
＿＿＿＿＿＿＿＿＿＿
＿＿＿■■＿＿＿＿＿
＿＿□□■■□＿＿＿
＿＿□□□□□□＿＿
＿＿□□□□□□＿＿
＿□＿□□□□□□□
＿□□□□□□□＿□
□＿□□□□□□□□
00:10:13(18410f):field(18409f)
＿＿＿＿＿＿＿＿＿＿
＿＿＿＿＿＿＿＿＿＿
＿＿＿＿＿＿＿＿＿＿
＿＿＿＿＿＿＿＿＿＿
＿＿＿＿＿＿＿＿＿＿
＿＿＿＿＿＿＿＿＿＿
＿＿＿＿＿＿＿＿＿＿
＿＿＿＿＿＿＿＿＿＿
＿＿＿＿＿＿＿＿＿＿
＿＿＿＿＿＿＿＿＿＿
＿＿＿＿＿＿＿＿＿＿
＿＿＿＿＿＿＿＿＿＿
＿＿＿＿＿＿＿＿＿＿
＿＿＿□□＿＿＿＿＿
＿＿□□□□□＿＿＿
＿＿□□□□□□■■
＿＿□□□□□□■■
＿□＿□□□□□□□
＿□□□□□□□＿□
□＿□□□□□□□□
00:10:14(18423f):field(18422f)
＿＿＿＿＿＿＿＿＿＿
＿＿＿＿＿＿＿＿＿＿
＿＿＿＿＿＿＿＿＿＿
＿＿＿＿＿＿＿＿＿＿
＿＿＿＿＿＿＿＿＿＿
＿＿＿＿＿＿＿＿＿＿
＿＿＿＿＿＿＿＿＿＿
＿＿＿＿＿＿＿＿＿＿
＿＿＿＿＿＿＿＿＿＿
＿＿＿＿＿＿＿＿＿＿
＿＿＿＿＿＿＿＿＿＿
＿＿＿＿＿＿＿＿＿＿
＿＿＿＿＿＿＿＿＿＿
＿＿＿□□＿＿＿＿■
＿＿□□□□□■■■
＿＿□□□□□□□□
＿＿□□□□□□□□
＿□＿□□□□□□□
＿□□□□□□□＿□
□＿□□□□□□□□
00:10:14(18438f):field(18437f)
＿＿＿＿＿＿＿＿＿＿
＿＿＿＿＿＿＿＿＿＿
＿＿＿＿＿＿＿＿＿＿
＿＿＿＿＿＿＿＿＿＿
＿＿＿＿＿＿＿＿＿＿
＿＿＿＿＿＿＿＿＿＿
＿＿＿＿＿＿＿＿＿＿
＿＿＿＿＿＿＿＿＿＿
＿＿＿＿＿＿＿＿＿＿
＿＿＿＿＿＿＿＿＿＿
＿＿＿＿＿＿＿＿＿＿
＿＿＿＿＿＿＿＿＿＿
＿＿＿＿＿■＿＿＿＿
＿＿＿□□■■■＿□
＿＿□□□□□□□□
＿＿□□□□□□□□
＿＿□□□□□□□□
＿□＿□□□□□□□
＿□□□□□□□＿□
□＿□□□□□□□□
00:10:15(18451f):field(18450f)
＿＿＿＿＿＿＿＿＿＿
＿＿＿＿＿＿＿＿＿＿
＿＿＿＿＿＿＿＿＿＿
＿＿＿＿＿＿＿＿＿＿
＿＿＿＿＿＿＿＿＿＿
＿＿＿＿＿＿＿＿＿＿
＿＿＿＿＿＿＿＿＿＿
＿＿＿＿＿＿＿＿＿＿
＿＿＿＿＿＿＿＿＿＿
＿＿＿＿＿＿＿＿＿＿
＿＿＿＿＿＿＿＿＿＿
＿＿＿＿■■＿＿＿＿
＿＿＿■■□＿＿＿＿
＿＿＿□□□□□＿□
＿＿□□□□□□□□
＿＿□□□□□□□□
＿＿□□□□□□□□
＿□＿□□□□□□□
＿□□□□□□□＿□
□＿□□□□□□□□
00:10:15(18464f):field(18463f)
＿＿＿＿＿＿＿＿＿＿
＿＿＿＿＿＿＿＿＿＿
＿＿＿＿＿＿＿＿＿＿
＿＿＿＿＿＿＿＿＿＿
＿＿＿＿＿＿＿＿＿＿
＿＿＿＿＿＿＿＿＿＿
＿＿＿＿＿＿＿＿＿＿
＿＿＿＿＿＿＿＿＿＿
＿＿＿＿＿＿＿＿＿＿
＿＿＿＿＿＿＿＿＿＿
＿＿＿＿＿＿＿＿＿＿
＿＿＿＿□□＿＿＿■
＿＿＿□□□＿＿■■
＿＿＿□□□□□■□
＿＿□□□□□□□□
＿＿□□□□□□□□
＿＿□□□□□□□□
＿□＿□□□□□□□
＿□□□□□□□＿□
□＿□□□□□□□□
00:10:16(18481f):field(18480f)
＿＿＿＿＿＿＿＿＿＿
＿＿＿＿＿＿＿＿＿＿
＿＿＿＿＿＿＿＿＿＿
＿＿＿＿＿＿＿＿＿＿
＿＿＿＿＿＿＿＿＿＿
＿＿＿＿＿＿＿＿＿＿
＿＿＿＿＿＿＿＿＿＿
＿＿＿＿＿＿＿＿＿＿
＿＿＿＿＿＿＿＿＿＿
＿＿＿＿＿＿＿＿＿＿
＿＿＿＿＿＿＿＿＿＿
＿＿＿＿◆◆＿＿＿◆
＿＿＿◆□□＿＿◆□
＿＿＿□□□◆◆□□
■＿◆□□□□□□□
＿■□□□□□□□□
＿■□□□□□□□□
＿□＿□□□□□□□
＿□□□□□□□＿□
□＿□□□□□□□□
00:10:16(18498f):field(18497f)
＿＿＿＿＿＿＿＿＿＿
＿＿＿＿＿＿＿＿＿＿
＿＿＿＿＿＿＿＿＿＿
＿＿＿＿＿＿＿＿＿＿
＿＿＿＿＿＿＿＿＿＿
＿＿＿＿＿＿＿＿＿＿
＿＿＿＿＿＿＿＿＿＿
＿＿＿＿＿＿＿＿＿＿
＿＿＿＿＿＿＿＿＿＿
＿＿＿＿＿＿＿＿＿＿
＿＿＿＿＿＿＿＿＿＿
＿＿＿＿＿＿＿＿＿＿
＿＿＿＿◆◆＿＿＿◆
＿＿＿◆◆◆＿＿◆◆
□＿＿◆□□◆◆◆□
＿◆□□□□◆◆□□
＿□□□□□□□□□
■□＿□□□□□□□
■□□□□□□□＿□
□＿□□□□□□□□
00:10:17(18511f):field(18510f)
＿＿＿＿＿＿＿＿＿＿
＿＿＿＿＿＿＿＿＿＿
＿＿＿＿＿＿＿＿＿＿
＿＿＿＿＿＿＿＿＿＿
＿＿＿＿＿＿＿＿＿＿
＿＿＿＿＿＿＿＿＿＿
＿＿＿＿＿＿＿＿＿＿
＿＿＿＿＿＿＿＿＿＿
＿＿＿＿＿＿＿＿＿＿
＿＿＿＿＿＿＿＿＿＿
＿＿＿＿＿＿＿＿＿＿
＿＿＿＿＿＿＿＿＿＿
＿＿＿＿＿＿＿＿＿＿
＿＿＿＿＿＿＿＿＿＿
◆＿＿＿□□■■＿□
＿＿◆□□□■■□□
＿◆◆□□□□□□□
□□＿□□□□□□□
□□□□□□□□＿□
□＿□□□□□□□□
00:10:17(18523f):field(18522f)
＿＿＿＿＿＿＿＿＿＿
＿＿＿＿＿＿＿＿＿＿
＿＿＿＿＿＿＿＿＿＿
＿＿＿＿＿＿＿＿＿＿
＿＿＿＿＿＿＿＿＿＿
＿＿＿＿＿＿＿＿＿＿
＿＿＿＿＿＿＿＿＿＿
＿＿＿＿＿＿＿＿＿＿
＿＿＿＿＿＿＿＿＿＿
＿＿＿＿＿＿＿＿＿＿
＿＿＿＿＿＿＿＿＿＿
＿＿＿＿＿＿＿＿＿＿
＿＿＿＿＿＿＿＿＿＿
＿＿＿■■■＿＿＿＿
＿＿＿■□□□□＿□
＿＿＿□□□□□□□
＿＿＿□□□□□□□
□□＿□□□□□□□
□□□□□□□□＿□
□＿□□□□□□□□
00:10:18(18540f):field(18539f)
＿＿＿＿＿＿＿＿＿＿
＿＿＿＿＿＿＿＿＿＿
＿＿＿＿＿＿＿＿＿＿
＿＿＿＿＿＿＿＿＿＿
＿＿＿＿＿＿＿＿＿＿
＿＿＿＿＿＿＿＿＿＿
＿＿＿＿＿＿＿＿＿＿
＿＿＿＿＿＿＿＿＿＿
＿＿＿＿＿＿＿＿＿＿
＿＿＿＿＿＿＿＿＿＿
＿＿＿＿＿＿＿＿＿＿
＿＿＿＿＿＿＿＿＿＿
＿＿＿＿＿＿＿＿＿＿
＿＿＿◆◆◆＿＿＿＿
＿＿＿◆◆◆◆◆＿◆
＿■＿□□□◆◆◆◆
＿■＿□□□□□◆□
◆□＿□□□□□□□
□□□□□□□□＿□
□＿□□□□□□□□
00:10:18(18552f):field(18551f)
＿＿＿＿＿＿＿＿＿＿
＿＿＿＿＿＿＿＿＿＿
＿＿＿＿＿＿＿＿＿＿
＿＿＿＿＿＿＿＿＿＿
＿＿＿＿＿＿＿＿＿＿
＿＿＿＿＿＿＿＿＿＿
＿＿＿＿＿＿＿＿＿＿
＿＿＿＿＿＿＿＿＿＿
＿＿＿＿＿＿＿＿＿＿
＿＿＿＿＿＿＿＿＿＿
＿＿＿＿＿＿＿＿＿＿
＿＿＿＿＿＿＿＿＿＿
＿＿＿＿＿＿＿＿＿＿
＿＿＿＿＿＿＿＿＿＿
＿＿＿＿＿＿＿＿＿＿
＿◆＿□□□＿■■■
＿◆＿□□□□□■□
＿◆＿□□□□□□□
□□□□□□□□＿□
□＿□□□□□□□□
00:10:18(18566f):field(18565f)
＿＿＿＿＿＿＿＿＿＿
＿＿＿＿＿＿＿＿＿＿
＿＿＿＿＿＿＿＿＿＿
＿＿＿＿＿＿＿＿＿＿
＿＿＿＿＿＿＿＿＿＿
＿＿＿＿＿＿＿＿＿＿
＿＿＿＿＿＿＿＿＿＿
＿＿＿＿＿＿＿＿＿＿
＿＿＿＿＿＿＿＿＿＿
＿＿＿＿＿＿＿＿＿＿
＿＿＿＿＿＿＿＿＿＿
＿＿＿＿＿＿＿＿＿＿
＿＿＿＿＿＿＿＿＿＿
＿＿＿＿＿＿＿■＿＿
＿＿＿＿＿＿■■＿＿
＿＿＿□□□■□□□
＿＿＿□□□□□□□
＿＿＿□□□□□□□
□□□□□□□□＿□
□＿□□□□□□□□
00:10:19(18578f):field(18577f)
＿＿＿＿＿＿＿＿＿＿
＿＿＿＿＿＿＿＿＿＿
＿＿＿＿＿＿＿＿＿＿
＿＿＿＿＿＿＿＿＿＿
＿＿＿＿＿＿＿＿＿＿
＿＿＿＿＿＿＿＿＿＿
＿＿＿＿＿＿＿＿＿＿
＿＿＿＿＿＿＿＿＿＿
＿＿＿＿＿＿＿＿＿＿
＿＿＿＿＿＿＿＿＿＿
＿＿＿＿＿＿＿＿＿＿
＿＿＿＿＿＿＿＿＿＿
＿＿＿＿＿＿＿＿＿＿
＿＿＿＿＿■■□＿＿
＿＿＿＿■■□□＿＿
＿＿＿□□□□□□□
＿＿＿□□□□□□□
＿＿＿□□□□□□□
□□□□□□□□＿□
□＿□□□□□□□□
00:10:19(18595f):field(18594f)
＿＿＿＿＿＿＿＿＿＿
＿＿＿＿＿＿＿＿＿＿
＿＿＿＿＿＿＿＿＿＿
＿＿＿＿＿＿＿＿＿＿
＿＿＿＿＿＿＿＿＿＿
＿＿＿＿＿＿＿＿＿＿
＿＿＿＿＿＿＿＿＿＿
＿＿＿＿＿＿＿＿＿＿
＿＿＿＿＿＿＿＿＿＿
＿＿＿＿＿＿＿＿＿＿
＿＿＿＿＿＿＿＿＿＿
＿＿＿＿＿＿＿＿＿＿
＿＿＿＿＿＿＿＿＿＿
＿＿＿＿＿◆◆◆＿＿
＿＿＿＿◆□□□＿＿
■＿＿◆□□□□◆◆
■＿＿□□□□□□□
■＿＿□□□□□□□
□□□□□□□□＿□
□＿□□□□□□□□
00:10:20(18614f):field(18613f)
＿＿＿＿＿＿＿＿＿＿
＿＿＿＿＿＿＿＿＿＿
＿＿＿＿＿＿＿＿＿＿
＿＿＿＿＿＿＿＿＿＿
＿＿＿＿＿＿＿＿＿＿
＿＿＿＿＿＿＿＿＿＿
＿＿＿＿＿＿＿＿＿＿
＿＿＿＿＿＿＿＿＿＿
＿＿＿＿＿＿＿＿＿＿
＿＿＿＿＿＿＿＿＿＿
＿＿＿＿＿＿＿＿＿＿
＿＿＿＿＿＿＿＿＿＿
＿＿＿＿＿＿＿＿＿＿
＿＿＿＿＿＿＿＿＿＿
＿＿＿＿＿◆◆◆＿＿
◆＿＿＿◆□□□＿＿
◆＿■◆□□□□◆◆
□＿■□□□□□□□
□□□□□□□□＿□
□＿□□□□□□□□
00:10:21(18632f):field(18631f)
＿＿＿＿＿＿＿＿＿＿
＿＿＿＿＿＿＿＿＿＿
＿＿＿＿＿＿＿＿＿＿
＿＿＿＿＿＿＿＿＿＿
＿＿＿＿＿＿＿＿＿＿
＿＿＿＿＿＿＿＿＿＿
＿＿＿＿＿＿＿＿＿＿
＿＿＿＿＿＿＿＿＿＿
＿＿＿＿＿＿＿＿＿＿
＿＿＿＿＿＿＿＿＿＿
＿＿＿＿＿＿＿＿＿＿
＿＿＿＿＿＿＿＿＿＿
＿＿＿＿＿＿＿＿＿＿
＿＿＿＿＿＿＿＿＿＿
＿＿＿＿＿＿＿＿＿＿
＿＿＿＿＿◆◆◆＿＿
＿＿◆■◆□□□＿＿
□■□□□□□□◆□
□□□□□□□□＿□
□＿□□□□□□□□
00:10:21(18643f):field(18642f)
＿＿＿＿＿＿＿＿＿＿
＿＿＿＿＿＿＿＿＿＿
＿＿＿＿＿＿＿＿＿＿
＿＿＿＿＿＿＿＿＿＿
＿＿＿＿＿＿＿＿＿＿
＿＿＿＿＿＿＿＿＿＿
＿＿＿＿＿＿＿＿＿＿
＿＿＿＿＿＿＿＿＿＿
＿＿＿＿＿＿＿＿＿＿
＿＿＿＿＿＿＿＿＿＿
＿＿＿＿＿＿＿＿＿＿
＿＿＿＿＿＿＿＿＿＿
＿＿＿＿＿＿＿＿＿＿
＿＿＿＿＿＿＿＿＿＿
＿＿＿＿＿＿＿＿＿＿
＿＿＿＿＿＿＿＿＿＿
＿＿■□■□□□＿＿
□□□□□□□□＿◆
□□□□□□□□＿□
□＿□□□□□□□□
00:10:22(18660f):field(18659f)
＿＿＿＿＿＿＿＿＿＿
＿＿＿＿＿＿＿＿＿＿
＿＿＿＿＿＿＿＿＿＿
＿＿＿＿＿＿＿＿＿＿
＿＿＿＿＿＿＿＿＿＿
＿＿＿＿＿＿＿＿＿＿
＿＿＿＿＿＿＿＿＿＿
＿＿＿＿＿＿＿＿＿＿
＿＿＿＿＿＿＿＿＿＿
＿＿＿＿＿＿＿＿＿＿
＿＿＿＿＿＿＿＿＿＿
＿＿＿＿＿＿＿＿＿＿
＿＿＿＿＿＿＿＿＿＿
＿＿＿＿＿＿＿＿＿＿
＿＿＿＿＿＿＿＿＿＿
＿■■＿＿＿＿＿＿＿
■■□□□□□□＿＿
□□□□□□□□＿＿
□□□□□□□□＿□
□＿□□□□□□□□
00:10:22(18672f):field(18671f)
＿＿＿＿＿＿＿＿＿＿
＿＿＿＿＿＿＿＿＿＿
＿＿＿＿＿＿＿＿＿＿
＿＿＿＿＿＿＿＿＿＿
＿＿＿＿＿＿＿＿＿＿
＿＿＿＿＿＿＿＿＿＿
＿＿＿＿＿＿＿＿＿＿
＿＿＿＿＿＿＿＿＿＿
＿＿＿＿＿＿＿＿＿＿
＿＿＿＿＿＿＿＿＿＿
＿＿＿＿＿＿＿＿＿＿
＿＿＿＿＿＿＿＿＿＿
＿＿＿＿＿＿＿＿＿＿
＿＿＿＿＿＿＿＿＿＿
＿＿＿＿＿■＿＿＿＿
＿□□■■■＿＿＿＿
□□□□□□□□＿＿
□□□□□□□□＿＿
□□□□□□□□＿□
□＿□□□□□□□□
00:10:22(18686f):field(18685f)
＿＿＿＿＿＿＿＿＿＿
＿＿＿＿＿＿＿＿＿＿
＿＿＿＿＿＿＿＿＿＿
＿＿＿＿＿＿＿＿＿＿
＿＿＿＿＿＿＿＿＿＿
＿＿＿＿＿＿＿＿＿＿
＿＿＿＿＿＿＿＿＿＿
＿＿＿＿＿＿＿＿＿＿
＿＿＿＿＿＿＿＿＿＿
＿＿＿＿＿＿＿＿＿＿
＿＿＿＿＿＿＿＿＿＿
＿＿＿＿＿＿＿＿＿＿
＿＿＿＿＿＿＿＿＿＿
＿＿＿＿＿＿＿＿＿＿
＿＿＿＿＿□＿＿＿■
＿□□□□□＿＿＿■
□□□□□□□□＿■
□□□□□□□□＿■
□□□□□□□□＿□
□＿□□□□□□□□
00:10:23(18698f):field(18697f)
＿＿＿＿＿＿＿＿＿＿
＿＿＿＿＿＿＿＿＿＿
＿＿＿＿＿＿＿＿＿＿
＿＿＿＿＿＿＿＿＿＿
＿＿＿＿＿＿＿＿＿＿
＿＿＿＿＿＿＿＿＿＿
＿＿＿＿＿＿＿＿＿＿
＿＿＿＿＿＿＿＿＿＿
＿＿＿＿＿＿＿＿＿＿
＿＿＿＿＿＿＿＿＿＿
＿＿＿＿＿＿＿＿＿＿
＿＿＿＿＿＿＿＿＿＿
＿＿＿＿＿＿＿＿＿＿
＿＿＿■■＿＿＿＿＿
＿＿＿■■□＿＿＿□
＿□□□□□＿＿＿□
□□□□□□□□＿□
□□□□□□□□＿□
□□□□□□□□＿□
□＿□□□□□□□□
00:10:23(18713f):field(18712f)
＿＿＿＿＿＿＿＿＿＿
＿＿＿＿＿＿＿＿＿＿
＿＿＿＿＿＿＿＿＿＿
＿＿＿＿＿＿＿＿＿＿
＿＿＿＿＿＿＿＿＿＿
＿＿＿＿＿＿＿＿＿＿
＿＿＿＿＿＿＿＿＿＿
＿＿＿＿＿＿＿＿＿＿
＿＿＿＿＿＿＿＿＿＿
＿＿＿＿＿＿＿＿＿＿
＿＿＿＿＿＿＿＿＿＿
＿＿＿＿＿＿＿＿＿＿
＿＿＿＿＿＿＿＿＿＿
＿■＿□□＿＿＿＿＿
■■＿□□□＿＿＿□
■□□□□□＿＿＿□
□□□□□□□□＿□
□□□□□□□□＿□
□□□□□□□□＿□
□＿□□□□□□□□
00:10:24(18725f):field(18724f)
＿＿＿＿＿＿＿＿＿＿
＿＿＿＿＿＿＿＿＿＿
＿＿＿＿＿＿＿＿＿＿
＿＿＿＿＿＿＿＿＿＿
＿＿＿＿＿＿＿＿＿＿
＿＿＿＿＿＿＿＿＿＿
＿＿＿＿＿＿＿＿＿＿
＿＿＿＿＿＿＿＿＿＿
＿＿＿＿＿＿＿＿＿＿
＿＿＿＿＿＿＿＿＿＿
＿＿＿＿＿＿＿＿＿＿
＿＿＿＿＿＿＿＿＿＿
＿＿■■＿＿＿＿＿＿
＿□■□□＿＿＿＿＿
□□■□□□＿＿＿□
□□□□□□＿＿＿□
□□□□□□□□＿□
□□□□□□□□＿□
□□□□□□□□＿□
□＿□□□□□□□□
00:10:24(18738f):field(18737f)
＿＿＿＿＿＿＿＿＿＿
＿＿＿＿＿＿＿＿＿＿
＿＿＿＿＿＿＿＿＿＿
＿＿＿＿＿＿＿＿＿＿
＿＿＿＿＿＿＿＿＿＿
＿＿＿＿＿＿＿＿＿＿
＿＿＿＿＿＿＿＿＿＿
＿＿＿＿＿＿＿＿＿＿
＿＿＿＿＿＿＿＿＿＿
＿＿＿＿＿＿＿＿＿＿
＿＿＿＿＿＿＿＿＿＿
＿＿＿＿＿■＿＿＿＿
＿＿□□■■＿＿＿＿
＿□□□□■＿＿＿＿
□□□□□□＿＿＿□
□□□□□□＿＿＿□
□□□□□□□□＿□
□□□□□□□□＿□
□□□□□□□□＿□
□＿□□□□□□□□
00:10:25(18752f):field(18751f)
＿＿＿＿＿＿＿＿＿＿
＿＿＿＿＿＿＿＿＿＿
＿＿＿＿＿＿＿＿＿＿
＿＿＿＿＿＿＿＿＿＿
＿＿＿＿＿＿＿＿＿＿
＿＿＿＿＿＿＿＿＿＿
＿＿＿＿＿＿＿＿＿＿
＿＿＿＿＿＿＿＿＿＿
＿＿＿＿＿＿＿＿＿＿
＿＿＿＿＿＿＿＿＿＿
＿＿＿＿■＿＿＿＿＿
＿＿■■■□＿＿＿＿
＿＿□□□□＿＿＿＿
＿□□□□□＿＿＿＿
□□□□□□＿＿＿□
□□□□□□＿＿＿□
□□□□□□□□＿□
□□□□□□□□＿□
□□□□□□□□＿□
□＿□□□□□□□□
00:10:25(18768f):field(18767f)
＿＿＿＿＿＿＿＿＿＿
＿＿＿＿＿＿＿＿＿＿
＿＿＿＿＿＿＿＿＿＿
＿＿＿＿＿＿＿＿＿＿
＿＿＿＿＿＿＿＿＿＿
＿＿＿＿＿＿＿＿＿＿
＿＿＿＿＿＿＿＿＿＿
＿＿＿＿＿＿＿＿＿＿
＿＿＿＿＿＿＿＿＿＿
＿＿＿＿＿＿＿＿＿＿
＿＿＿＿◆＿＿＿＿＿
＿＿◆◆◆◆＿＿＿＿
＿＿◆◆◆◆＿＿＿＿
＿◆◆◆□◆＿＿＿＿
◆◆□□□□＿＿＿◆
◆□□□□□＿＿＿◆
◆□□□□□◆◆＿◆
□□□□□□◆□＿□
□□□□□□◆◆■□
□＿□□□□□□□□
00:10:26(18785f):field(18784f)
＿＿＿＿＿＿＿＿＿＿
＿＿＿＿＿＿＿＿＿＿
＿＿＿＿＿＿＿＿＿＿
＿＿＿＿＿＿＿＿＿＿
＿＿＿＿＿＿＿＿＿＿
＿＿＿＿＿＿＿＿＿＿
＿＿＿＿＿＿＿＿＿＿
＿＿＿＿＿＿＿＿＿＿
＿＿＿＿＿＿＿＿＿＿
＿＿＿＿＿＿＿＿＿＿
＿＿＿＿＿＿＿＿＿＿
＿＿＿＿＿＿＿＿＿＿
＿＿＿＿＿＿＿＿＿＿
＿＿＿＿◆＿＿＿＿＿
＿＿◆◆□◆＿＿＿＿
＿◆□□□□＿＿＿＿
＿◆□□□□＿＿＿＿
□□□□□□＿◆＿◆
□□□□□□■■□□
□＿□□□□□□□□
00:10:26(18797f):field(18796f)
＿＿＿＿＿＿＿＿＿＿
＿＿＿＿＿＿＿＿＿＿
＿＿＿＿＿＿＿＿＿＿
＿＿＿＿＿＿＿＿＿＿
＿＿＿＿＿＿＿＿＿＿
＿＿＿＿＿＿＿＿＿＿
＿＿＿＿＿＿＿＿＿＿
＿＿＿＿＿＿＿＿＿＿
＿＿＿＿＿＿＿＿＿＿
＿＿＿＿＿＿＿＿＿＿
＿＿＿＿＿＿＿＿＿＿
＿＿＿＿＿＿＿＿＿＿
＿＿＿＿＿＿＿＿＿＿
＿＿＿＿＿＿＿＿＿＿
＿＿＿＿□＿＿＿＿＿
＿＿□□□□＿＿＿＿
＿＿□□□□＿＿■■
◆□□□□□＿＿■■
□□□□□□◆□□□
□＿□□□□□□□□
00:10:27(18811f):field(18810f)
＿＿＿＿＿＿＿＿＿＿
＿＿＿＿＿＿＿＿＿＿
＿＿＿＿＿＿＿＿＿＿
＿＿＿＿＿＿＿＿＿＿
＿＿＿＿＿＿＿＿＿＿
＿＿＿＿＿＿＿＿＿＿
＿＿＿＿＿＿＿＿＿＿
＿＿＿＿＿＿＿＿＿＿
＿＿＿＿＿＿＿＿＿＿
＿＿＿＿＿＿＿＿＿＿
＿＿＿＿＿＿＿＿＿＿
＿＿＿＿＿＿＿＿＿＿
＿＿＿＿＿＿＿＿＿＿
＿＿＿＿＿＿＿＿＿＿
＿＿＿＿□＿＿＿＿＿
■＿□□□□＿＿＿＿
■■□□□□＿＿□□
■□□□□□＿＿□□
□□□□□□＿□□□
□＿□□□□□□□□
00:10:27(18829f):field(18828f)
＿＿＿＿＿＿＿＿＿＿
＿＿＿＿＿＿＿＿＿＿
＿＿＿＿＿＿＿＿＿＿
＿＿＿＿＿＿＿＿＿＿
＿＿＿＿＿＿＿＿＿＿
＿＿＿＿＿＿＿＿＿＿
＿＿＿＿＿＿＿＿＿＿
＿＿＿＿＿＿＿＿＿＿
＿＿＿＿＿＿＿＿＿＿
＿＿＿＿＿＿＿＿＿＿
＿＿＿＿＿＿＿＿＿＿
＿＿＿＿＿＿＿＿＿＿
＿＿＿＿＿＿＿＿＿＿
＿＿＿＿＿＿＿＿＿＿
＿＿＿＿◆＿＿＿＿＿
◆＿◆◆□◆＿＿＿＿
◆◆◆◆□◆＿＿◆◆
□□□□□□＿＿◆◆
□□□□□□■◆□□
□＿□□□□□□□□
00:10:28(18845f):field(18844f)
＿＿＿＿＿＿＿＿＿＿
＿＿＿＿＿＿＿＿＿＿
＿＿＿＿＿＿＿＿＿＿
＿＿＿＿＿＿＿＿＿＿
＿＿＿＿＿＿＿＿＿＿
＿＿＿＿＿＿＿＿＿＿
＿＿＿＿＿＿＿＿＿＿
＿＿＿＿＿＿＿＿＿＿
＿＿＿＿＿＿＿＿＿＿
＿＿＿＿＿＿＿＿＿＿
＿＿＿＿＿＿＿＿＿＿
＿＿＿＿＿＿＿＿＿＿
＿＿＿＿＿＿＿＿＿＿
＿＿＿＿＿＿＿＿＿＿
＿＿＿＿＿＿＿＿＿＿
＿＿＿＿◆＿＿＿＿＿
＿＿＿＿◆＿＿＿＿＿
◆◆◆◆□□＿＿＿＿
□◆□□□□◆■□□
□＿□□□□□□□□
00:10:28(18857f):field(18856f)
＿＿＿＿＿＿＿＿＿＿
＿＿＿＿＿＿＿＿＿＿
＿＿＿＿＿＿＿＿＿＿
＿＿＿＿＿＿＿＿＿＿
＿＿＿＿＿＿＿＿＿＿
＿＿＿＿＿＿＿＿＿＿
＿＿＿＿＿＿＿＿＿＿
＿＿＿＿＿＿＿＿＿＿
＿＿＿＿＿＿＿＿＿＿
＿＿＿＿＿＿＿＿＿＿
＿＿＿＿＿＿＿＿＿＿
＿＿＿＿＿＿＿＿＿＿
＿＿＿＿＿＿＿＿＿＿
＿＿＿＿＿＿＿＿＿＿
＿＿＿＿＿＿＿＿＿＿
＿＿＿＿＿＿■＿＿＿
＿＿＿＿＿＿■＿＿＿
＿＿＿＿□◆■＿＿＿
□＿□□□□■□□□
□＿□□□□□□□□
00:10:28(18869f):field(18868f)
＿＿＿＿＿＿＿＿＿＿
＿＿＿＿＿＿＿＿＿＿
＿＿＿＿＿＿＿＿＿＿
＿＿＿＿＿＿＿＿＿＿
＿＿＿＿＿＿＿＿＿＿
＿＿＿＿＿＿＿＿＿＿
＿＿＿＿＿＿＿＿＿＿
＿＿＿＿＿＿＿＿＿＿
＿＿＿＿＿＿＿＿＿＿
＿＿＿＿＿＿＿＿＿＿
＿＿＿＿＿＿＿＿＿＿
＿＿＿＿＿＿＿＿＿＿
＿＿＿＿＿＿＿＿＿＿
＿＿＿＿＿＿＿＿＿＿
＿＿＿＿＿＿＿＿＿＿
＿＿＿＿■＿□＿＿＿
＿＿＿■■＿□＿＿＿
＿＿＿■□＿□＿＿＿
□＿□□□□□□□□
□＿□□□□□□□□
00:10:29(18889f):field(18888f)
＿＿＿＿＿＿＿＿＿＿
＿＿＿＿＿＿＿＿＿＿
＿＿＿＿＿＿＿＿＿＿
＿＿＿＿＿＿＿＿＿＿
＿＿＿＿＿＿＿＿＿＿
＿＿＿＿＿＿＿＿＿＿
＿＿＿＿＿＿＿＿＿＿
＿＿＿＿＿＿＿＿＿＿
＿＿＿＿＿＿＿＿＿＿
＿＿＿＿＿＿＿＿＿＿
＿＿＿＿＿＿＿＿＿＿
＿＿＿＿＿＿＿＿＿＿
＿＿＿＿＿＿＿＿＿＿
＿＿＿＿＿＿＿＿＿＿
＿＿＿＿＿＿＿＿＿＿
＿＿＿＿□＿□＿＿＿
＿＿＿□□＿□■■＿
＿＿＿□□＿□■■＿
□＿□□□□□□□□
□＿□□□□□□□□
00:10:30(18906f):field(18905f)
＿＿＿＿＿＿＿＿＿＿
＿＿＿＿＿＿＿＿＿＿
＿＿＿＿＿＿＿＿＿＿
＿＿＿＿＿＿＿＿＿＿
＿＿＿＿＿＿＿＿＿＿
＿＿＿＿＿＿＿＿＿＿
＿＿＿＿＿＿＿＿＿＿
＿＿＿＿＿＿＿＿＿＿
＿＿＿＿＿＿＿＿＿＿
＿＿＿＿＿＿＿＿＿＿
＿＿＿＿＿＿＿＿＿＿
＿＿＿＿＿＿＿＿＿＿
＿＿＿＿＿＿＿＿＿＿
＿＿＿＿＿＿＿＿＿＿
＿＿＿＿＿＿＿＿＿＿
＿＿＿＿◆＿◆＿＿＿
＿＿＿◆□＿□◆□＿
＿＿＿□□＿□□□＿
□■□□□◆□□□◆
□＿□□□□□□□□
00:10:30(18920f):field(18919f)
＿＿＿＿＿＿＿＿＿＿
＿＿＿＿＿＿＿＿＿＿
＿＿＿＿＿＿＿＿＿＿
＿＿＿＿＿＿＿＿＿＿
＿＿＿＿＿＿＿＿＿＿
＿＿＿＿＿＿＿＿＿＿
＿＿＿＿＿＿＿＿＿＿
＿＿＿＿＿＿＿＿＿＿
＿＿＿＿＿＿＿＿＿＿
＿＿＿＿＿＿＿＿＿＿
＿＿＿＿＿＿＿＿＿＿
＿＿＿＿＿＿＿＿＿＿
＿＿＿＿＿＿＿＿＿＿
＿＿＿＿＿＿＿＿＿＿
＿＿＿＿＿＿＿＿＿＿
＿＿＿＿＿＿＿＿＿＿
＿■■＿□＿□＿◆＿
＿■■□□＿□□□＿
□□□□□＿□□□＿
□＿□□□□□□□□
00:10:31(18937f):field(18936f)
＿＿＿＿＿＿＿＿＿＿
＿＿＿＿＿＿＿＿＿＿
＿＿＿＿＿＿＿＿＿＿
＿＿＿＿＿＿＿＿＿＿
＿＿＿＿＿＿＿＿＿＿
＿＿＿＿＿＿＿＿＿＿
＿＿＿＿＿＿＿＿＿＿
＿＿＿＿＿＿＿＿＿＿
＿＿＿＿＿＿＿＿＿＿
＿＿＿＿＿＿＿＿＿＿
＿＿＿＿＿＿＿＿＿＿
＿＿＿＿＿＿＿＿＿＿
＿＿＿＿＿＿＿＿＿＿
＿＿＿＿＿＿＿＿＿＿
＿＿＿＿＿＿＿＿＿＿
＿＿＿＿＿＿＿＿＿＿
＿□□＿□＿□＿■■
＿□□□□＿□□□■
□□□□□＿□□□■
□＿□□□□□□□□
00:10:31(18954f):field(18953f)
＿＿＿＿＿＿＿＿＿＿
＿＿＿＿＿＿＿＿＿＿
＿＿＿＿＿＿＿＿＿＿
＿＿＿＿＿＿＿＿＿＿
＿＿＿＿＿＿＿＿＿＿
＿＿＿＿＿＿＿＿＿＿
＿＿＿＿＿＿＿＿＿＿
＿＿＿＿＿＿＿＿＿＿
＿＿＿＿＿＿＿＿＿＿
＿＿＿＿＿＿＿＿＿＿
＿＿＿＿＿＿＿＿＿＿
＿＿＿＿＿＿＿＿＿＿
＿＿＿＿＿＿＿＿＿＿
＿＿＿＿＿＿＿＿＿＿
＿＿＿＿＿＿＿＿＿＿
＿＿＿＿＿＿＿＿＿＿
＿◆◆＿◆■◆＿◆◆
＿□□◆□■□◆□□
◆□□□□■□□□□
□＿□□□□□□□□
00:10:32(18969f):field(18968f)
＿＿＿＿＿＿＿＿＿＿
＿＿＿＿＿＿＿＿＿＿
＿＿＿＿＿＿＿＿＿＿
＿＿＿＿＿＿＿＿＿＿
＿＿＿＿＿＿＿＿＿＿
＿＿＿＿＿＿＿＿＿＿
＿＿＿＿＿＿＿＿＿＿
＿＿＿＿＿＿＿＿＿＿
＿＿＿＿＿＿＿＿＿＿
＿＿＿＿＿＿＿＿＿＿
＿＿＿＿＿＿＿＿＿＿
＿＿＿＿＿＿＿＿＿＿
＿＿＿＿＿＿＿＿＿＿
＿＿＿＿＿＿＿＿＿＿
＿＿＿＿＿＿＿＿＿＿
■＿＿＿＿＿＿＿＿＿
■■■＿＿□＿＿＿＿
＿□□＿□□□＿□□
＿□□□□□□□□□
□＿□□□□□□□□
00:10:32(18980f):field(18979f)
＿＿＿＿＿＿＿＿＿＿
＿＿＿＿＿＿＿＿＿＿
＿＿＿＿＿＿＿＿＿＿
＿＿＿＿＿＿＿＿＿＿
＿＿＿＿＿＿＿＿＿＿
＿＿＿＿＿＿＿＿＿＿
＿＿＿＿＿＿＿＿＿＿
＿＿＿＿＿＿＿＿＿＿
＿＿＿＿＿＿＿＿＿＿
＿＿＿＿＿＿＿＿＿＿
＿＿＿＿＿＿＿＿＿＿
＿＿＿＿＿＿＿＿＿＿
＿＿＿＿＿＿＿＿＿＿
＿＿＿＿＿＿＿＿＿＿
＿＿＿＿＿＿＿＿＿＿
□＿■■■＿＿＿＿＿
□□□■＿□＿＿＿＿
＿□□＿□□□＿□□
＿□□□□□□□□□
□＿□□□□□□□□
00:10:33(19003f):field(19002f)
＿＿＿＿＿＿＿＿＿＿
＿＿＿＿＿＿＿＿＿＿
＿＿＿＿＿＿＿＿＿＿
＿＿＿＿＿＿＿＿＿＿
＿＿＿＿＿＿＿＿＿＿
＿＿＿＿＿＿＿＿＿＿
＿＿＿＿＿＿＿＿＿＿
＿＿＿＿＿＿＿＿＿＿
＿＿＿＿＿＿＿＿＿＿
＿＿＿＿＿＿＿＿＿＿
＿＿＿＿＿＿＿＿＿＿
＿＿＿＿＿＿＿＿＿＿
＿＿＿＿＿＿＿＿＿＿
＿＿＿＿＿＿＿＿＿＿
＿＿＿＿＿＿＿＿＿＿
□＿□□□＿■■＿＿
□□□□＿□＿■■＿
＿□□＿□□□＿□□
＿□□□□□□□□□
□＿□□□□□□□□
00:10:33(19017f):field(19016f)
＿＿＿＿＿＿＿＿＿＿
＿＿＿＿＿＿＿＿＿＿
＿＿＿＿＿＿＿＿＿＿
＿＿＿＿＿＿＿＿＿＿
＿＿＿＿＿＿＿＿＿＿
＿＿＿＿＿＿＿＿＿＿
＿＿＿＿＿＿＿＿＿＿
＿＿＿＿＿＿＿＿＿＿
＿＿＿＿＿＿＿＿＿＿
＿＿＿＿＿＿＿＿＿＿
＿＿＿＿＿＿＿＿＿＿
＿＿＿＿＿＿＿＿＿＿
＿＿＿＿＿＿＿＿＿＿
■＿＿＿＿＿＿＿＿＿
■■＿＿＿＿＿＿＿＿
□■□□□＿□□＿＿
□□□□＿□＿□□＿
＿□□＿□□□＿□□
＿□□□□□□□□□
□＿□□□□□□□□
00:10:34(19031f):field(19030f)
＿＿＿＿＿＿＿＿＿＿
＿＿＿＿＿＿＿＿＿＿
＿＿＿＿＿＿＿＿＿＿
＿＿＿＿＿＿＿＿＿＿
＿＿＿＿＿＿＿＿＿＿
＿＿＿＿＿＿＿＿＿＿
＿＿＿＿＿＿＿＿＿＿
＿＿＿＿＿＿＿＿＿＿
＿＿＿＿＿＿＿＿＿＿
＿＿＿＿＿＿＿＿＿＿
＿＿＿＿＿＿＿＿＿＿
＿＿＿＿＿＿＿＿＿＿
＿＿＿＿＿＿＿＿＿＿
□＿＿＿＿＿＿＿＿＿
□□＿＿＿■■■＿＿
□□□□□■□□＿＿
□□□□＿□＿□□＿
＿□□＿□□□＿□□
＿□□□□□□□□□
□＿□□□□□□□□
00:10:34(19044f):field(19043f)
＿＿＿＿＿＿＿＿＿＿
＿＿＿＿＿＿＿＿＿＿
＿＿＿＿＿＿＿＿＿＿
＿＿＿＿＿＿＿＿＿＿
＿＿＿＿＿＿＿＿＿＿
＿＿＿＿＿＿＿＿＿＿
＿＿＿＿＿＿＿＿＿＿
＿＿＿＿＿＿＿＿＿＿
＿＿＿＿＿＿＿＿＿＿
＿＿＿＿＿＿＿＿＿＿
＿＿＿＿＿＿＿＿＿＿
＿＿＿＿＿＿＿＿＿＿
＿＿＿＿＿＿＿＿＿＿
□＿■＿＿＿＿＿＿＿
□□■■■□□□＿＿
□□□□□□□□＿＿
□□□□＿□＿□□＿
＿□□＿□□□＿□□
＿□□□□□□□□□
□＿□□□□□□□□
00:10:35(19061f):field(19060f)
＿＿＿＿＿＿＿＿＿＿
＿＿＿＿＿＿＿＿＿＿
＿＿＿＿＿＿＿＿＿＿
＿＿＿＿＿＿＿＿＿＿
＿＿＿＿＿＿＿＿＿＿
＿＿＿＿＿＿＿＿＿＿
＿＿＿＿＿＿＿＿＿＿
＿＿＿＿＿＿＿＿＿＿
＿＿＿＿＿＿＿＿＿＿
＿＿＿＿＿＿＿＿＿＿
＿＿＿＿＿＿＿＿＿＿
＿＿＿＿＿＿＿＿＿＿
＿＿＿＿＿＿＿＿＿＿
◆＿◆＿＿＿＿＿＿＿
□◆□□◆◆◆◆＿＿
□□□□□□□□＿■
□□□□＿□＿□□■
＿□□＿□□□＿□□
■□□□□□□□□□
□＿□□□□□□□□
00:10:35(19073f):field(19072f)
＿＿＿＿＿＿＿＿＿＿
＿＿＿＿＿＿＿＿＿＿
＿＿＿＿＿＿＿＿＿＿
＿＿＿＿＿＿＿＿＿＿
＿＿＿＿＿＿＿＿＿＿
＿＿＿＿＿＿＿＿＿＿
＿＿＿＿＿＿＿＿＿＿
＿＿＿＿＿＿＿＿＿＿
＿＿＿＿＿＿＿＿＿＿
＿＿＿＿＿＿＿＿＿＿
＿＿＿＿＿＿＿＿＿＿
＿＿＿＿＿＿＿＿＿＿
＿＿＿＿＿＿＿＿＿＿
＿＿＿■■＿＿＿＿＿
□＿□□■＿＿＿＿＿
□□□□□□□□＿□
□□□□＿□＿□□□
＿□□＿□□□＿□□
◆□□□□□□□□□
□＿□□□□□□□□
00:10:36(19085f):field(19084f)
＿＿＿＿＿＿＿＿＿＿
＿＿＿＿＿＿＿＿＿＿
＿＿＿＿＿＿＿＿＿＿
＿＿＿＿＿＿＿＿＿＿
＿＿＿＿＿＿＿＿＿＿
＿＿＿＿＿＿＿＿＿＿
＿＿＿＿＿＿＿＿＿＿
＿＿＿＿＿＿＿＿＿＿
＿＿＿＿＿＿＿＿＿＿
＿＿＿＿＿＿＿＿＿＿
＿＿＿＿＿＿＿＿＿＿
＿＿＿＿＿＿＿＿＿＿
＿＿＿＿＿＿＿＿＿＿
＿＿＿◆◆＿＿＿＿＿
□＿◆□□＿■＿＿■
□◆□□□◆◆◆■□
□□□□■□＿□□□
＿□□＿□□□■□□
＿□□□□□□□□□
□＿□□□□□□□□
00:10:36(19098f):field(19097f)
＿＿＿＿＿＿＿＿＿＿
＿＿＿＿＿＿＿＿＿＿
＿＿＿＿＿＿＿＿＿＿
＿＿＿＿＿＿＿＿＿＿
＿＿＿＿＿＿＿＿＿＿
＿＿＿＿＿＿＿＿＿＿
＿＿＿＿＿＿＿＿＿＿
＿＿＿＿＿＿＿＿＿＿
＿＿＿＿＿＿＿＿＿＿
＿＿＿＿＿＿＿＿＿＿
＿＿＿＿＿＿＿＿＿＿
＿＿＿＿＿＿＿＿＿＿
＿＿＿＿＿＿＿＿＿＿
＿＿＿＿＿＿＿＿＿＿
◆＿＿□□＿◆■＿□
□＿□□□■■■□□
□□□□◆□＿□□□
＿□□＿□□□◆□□
＿□□□□□□□□□
□＿□□□□□□□□
00:10:37(19110f):field(19109f)
＿＿＿＿＿＿＿＿＿＿
＿＿＿＿＿＿＿＿＿＿
＿＿＿＿＿＿＿＿＿＿
＿＿＿＿＿＿＿＿＿＿
＿＿＿＿＿＿＿＿＿＿
＿＿＿＿＿＿＿＿＿＿
＿＿＿＿＿＿＿＿＿＿
＿＿＿＿＿＿＿＿＿＿
＿＿＿＿＿＿＿＿＿＿
＿＿＿＿＿＿＿＿＿＿
＿＿＿＿＿＿＿＿＿＿
＿＿＿＿＿＿＿＿＿＿
＿＿＿＿＿＿＿＿＿＿
＿＿＿■■■＿＿＿＿
＿＿＿□□■＿□＿□
□＿□□□□□□□□
□□□□＿□＿□□□
＿□□＿□□□＿□□
＿□□□□□□□□□
□＿□□□□□□□□
00:10:37(19123f):field(19122f)
＿＿＿＿＿＿＿＿＿＿
＿＿＿＿＿＿＿＿＿＿
＿＿＿＿＿＿＿＿＿＿
＿＿＿＿＿＿＿＿＿＿
＿＿＿＿＿＿＿＿＿＿
＿＿＿＿＿＿＿＿＿＿
＿＿＿＿＿＿＿＿＿＿
＿＿＿＿＿＿＿＿＿＿
＿＿＿＿＿＿＿＿＿＿
＿＿＿＿＿＿＿＿＿＿
＿＿＿＿＿＿＿＿＿＿
＿＿＿＿＿＿＿＿＿＿
＿＿＿＿＿＿＿＿＿＿
＿＿＿◆◆◆＿＿＿＿
＿＿■□□□＿◆＿◆
□■□□□□◆□◆□
□□□□＿□＿□□□
＿□□＿□□□＿□□
＿□□□□□□□□□
□＿□□□□□□□□
00:10:37(19139f):field(19138f)
＿＿＿＿＿＿＿＿＿＿
＿＿＿＿＿＿＿＿＿＿
＿＿＿＿＿＿＿＿＿＿
＿＿＿＿＿＿＿＿＿＿
＿＿＿＿＿＿＿＿＿＿
＿＿＿＿＿＿＿＿＿＿
＿＿＿＿＿＿＿＿＿＿
＿＿＿＿＿＿＿＿＿＿
＿＿＿＿＿＿＿＿＿＿
＿＿＿＿＿＿＿＿＿＿
＿＿＿＿＿＿＿＿＿＿
＿＿＿＿＿＿＿＿＿＿
＿＿＿＿＿＿＿＿＿＿
＿＿＿＿＿＿＿■＿＿
＿＿◆□□□＿■■＿
□□□□□□＿□■□
□□□□＿□＿□□□
＿□□＿□□□＿□□
＿□□□□□□□□□
□＿□□□□□□□□
00:10:38(19151f):field(19150f)
＿＿＿＿＿＿＿＿＿＿
＿＿＿＿＿＿＿＿＿＿
＿＿＿＿＿＿＿＿＿＿
＿＿＿＿＿＿＿＿＿＿
＿＿＿＿＿＿＿＿＿＿
＿＿＿＿＿＿＿＿＿＿
＿＿＿＿＿＿＿＿＿＿
＿＿＿＿＿＿＿＿＿＿
＿＿＿＿＿＿＿＿＿＿
＿＿＿＿＿＿＿＿＿＿
＿＿＿＿＿＿＿＿＿＿
＿＿＿＿＿＿＿＿＿＿
＿＿＿＿＿＿＿＿＿＿
■■＿＿＿＿＿□＿＿
■■＿□□□＿□□＿
□□□□□□＿□□□
□□□□＿□＿□□□
＿□□＿□□□＿□□
＿□□□□□□□□□
□＿□□□□□□□□
00:10:38(19163f):field(19162f)
＿＿＿＿＿＿＿＿＿＿
＿＿＿＿＿＿＿＿＿＿
＿＿＿＿＿＿＿＿＿＿
＿＿＿＿＿＿＿＿＿＿
＿＿＿＿＿＿＿＿＿＿
＿＿＿＿＿＿＿＿＿＿
＿＿＿＿＿＿＿＿＿＿
＿＿＿＿＿＿＿＿＿＿
＿＿＿＿＿＿＿＿＿＿
＿＿＿＿＿＿＿＿＿＿
＿＿＿＿＿＿＿＿＿＿
＿＿＿＿＿＿＿＿＿＿
＿＿＿＿＿＿＿＿＿＿
◆◆＿＿＿＿＿◆＿＿
□□■◆◆◆■□◆＿
□□◆□□□■□□□
□□□□＿□■□□□
＿□□＿□□□＿□□
＿□□□□□□□□□
□＿□□□□□□□□
00:10:39(19174f):field(19173f)
＿＿＿＿＿＿＿＿＿＿
＿＿＿＿＿＿＿＿＿＿
＿＿＿＿＿＿＿＿＿＿
＿＿＿＿＿＿＿＿＿＿
＿＿＿＿＿＿＿＿＿＿
＿＿＿＿＿＿＿＿＿＿
＿＿＿＿＿＿＿＿＿＿
＿＿＿＿＿＿＿＿＿＿
＿＿＿＿＿＿＿＿＿＿
＿＿＿＿＿＿＿＿＿＿
＿＿＿＿＿＿＿＿＿＿
＿＿＿＿＿＿＿＿＿＿
＿＿＿＿＿＿＿＿＿＿
＿＿＿＿＿＿＿＿＿＿
□□□■■＿□□＿＿
□□■□□□□□□◆
□□□□＿□□□□□
＿□□＿□□□＿□□
＿□□□□□□□□□
□＿□□□□□□□□
00:10:39(19187f):field(19186f)
＿＿＿＿＿＿＿＿＿＿
＿＿＿＿＿＿＿＿＿＿
＿＿＿＿＿＿＿＿＿＿
＿＿＿＿＿＿＿＿＿＿
＿＿＿＿＿＿＿＿＿＿
＿＿＿＿＿＿＿＿＿＿
＿＿＿＿＿＿＿＿＿＿
＿＿＿＿＿＿＿＿＿＿
＿＿＿＿＿＿＿＿＿＿
＿＿＿＿＿＿＿＿＿＿
＿＿＿＿＿＿＿＿＿＿
＿＿＿＿＿＿＿＿＿＿
＿＿＿＿＿＿＿＿＿＿
＿＿＿■■■＿＿＿＿
□□□□□■□□＿＿
□□□□□□□□□＿
□□□□＿□□□□□
＿□□＿□□□＿□□
＿□□□□□□□□□
□＿□□□□□□□□
00:10:39(19199f):field(19198f)
＿＿＿＿＿＿＿＿＿＿
＿＿＿＿＿＿＿＿＿＿
＿＿＿＿＿＿＿＿＿＿
＿＿＿＿＿＿＿＿＿＿
＿＿＿＿＿＿＿＿＿＿
＿＿＿＿＿＿＿＿＿＿
＿＿＿＿＿＿＿＿＿＿
＿＿＿＿＿＿＿＿＿＿
＿＿＿＿＿＿＿＿＿＿
＿＿＿＿＿＿＿＿＿＿
＿＿＿＿＿＿＿＿＿＿
＿＿＿＿＿＿＿＿＿＿
＿＿＿＿＿＿＿＿＿＿
＿■＿◆◆◆＿■＿＿
◆◆◆□□□◆□■＿
□□□□□□□□□＿
□□□□＿□□□□□
＿□□＿□□□＿□□
＿□□□□□□□□□
□＿□□□□□□□□
00:10:40(19212f):field(19211f)
＿＿＿＿＿＿＿＿＿＿
＿＿＿＿＿＿＿＿＿＿
＿＿＿＿＿＿＿＿＿＿
＿＿＿＿＿＿＿＿＿＿
＿＿＿＿＿＿＿＿＿＿
＿＿＿＿＿＿＿＿＿＿
＿＿＿＿＿＿＿＿＿＿
＿＿＿＿＿＿＿＿＿＿
＿＿＿＿＿＿＿＿＿＿
＿＿＿＿＿＿＿＿＿＿
＿＿＿＿＿＿＿＿＿＿
＿＿＿＿＿＿＿＿＿＿
＿＿＿＿＿＿＿＿＿＿
＿◆＿＿＿■■□＿＿
＿＿＿□□□■□□＿
□□□□□□□□□＿
□□□□＿□□□□□
＿□□＿□□□＿□□
＿□□□□□□□□□
□＿□□□□□□□□
00:10:40(19224f):field(19223f)
＿＿＿＿＿＿＿＿＿＿
＿＿＿＿＿＿＿＿＿＿
＿＿＿＿＿＿＿＿＿＿
＿＿＿＿＿＿＿＿＿＿
＿＿＿＿＿＿＿＿＿＿
＿＿＿＿＿＿＿＿＿＿
＿＿＿＿＿＿＿＿＿＿
＿＿＿＿＿＿＿＿＿＿
＿＿＿＿＿＿＿＿＿＿
＿＿＿＿＿＿＿＿＿＿
＿＿＿＿＿＿＿＿＿＿
＿＿＿＿＿＿＿＿＿＿
＿＿＿＿＿＿＿＿＿＿
＿＿＿＿＿◆◆◆＿■
＿＿＿◆◆□□□◆■
◆◆□□□□□□□■
□□□□＿□□□□□
■□□＿□□□＿□□
＿□□□□□□□□□
□＿□□□□□□□□
00:10:41(19237f):field(19236f)
＿＿＿＿＿＿＿＿＿＿
＿＿＿＿＿＿＿＿＿＿
＿＿＿＿＿＿＿＿＿＿
＿＿＿＿＿＿＿＿＿＿
＿＿＿＿＿＿＿＿＿＿
＿＿＿＿＿＿＿＿＿＿
＿＿＿＿＿＿＿＿＿＿
＿＿＿＿＿＿＿＿＿＿
＿＿＿＿＿＿＿＿＿＿
＿＿＿＿＿＿＿＿＿＿
＿＿＿＿＿＿＿＿＿＿
＿＿＿＿＿＿＿＿＿＿
＿＿＿＿＿＿＿＿＿＿
■＿＿＿＿＿＿＿＿□
■＿＿＿＿□□□＿□
■■◆□□□□□□□
□□□□＿□□□□□
◆□□＿□□□＿□□
＿□□□□□□□□□
□＿□□□□□□□□
00:10:41(19252f):field(19251f)
＿＿＿＿＿＿＿＿＿＿
＿＿＿＿＿＿＿＿＿＿
＿＿＿＿＿＿＿＿＿＿
＿＿＿＿＿＿＿＿＿＿
＿＿＿＿＿＿＿＿＿＿
＿＿＿＿＿＿＿＿＿＿
＿＿＿＿＿＿＿＿＿＿
＿＿＿＿＿＿＿＿＿＿
＿＿＿＿＿＿＿＿＿＿
＿＿＿＿＿＿＿＿＿＿
＿＿＿＿＿＿＿＿＿＿
＿＿＿＿＿＿＿＿＿＿
＿＿＿＿＿＿＿＿＿＿
□＿＿■■＿＿＿＿□
□＿＿■■□□□＿□
□□＿□□□□□□□
□□□□＿□□□□□
＿□□＿□□□＿□□
＿□□□□□□□□□
□＿□□□□□□□□
00:10:42(19265f):field(19264f)
＿＿＿＿＿＿＿＿＿＿
＿＿＿＿＿＿＿＿＿＿
＿＿＿＿＿＿＿＿＿＿
＿＿＿＿＿＿＿＿＿＿
＿＿＿＿＿＿＿＿＿＿
＿＿＿＿＿＿＿＿＿＿
＿＿＿＿＿＿＿＿＿＿
＿＿＿＿＿＿＿＿＿＿
＿＿＿＿＿＿＿＿＿＿
＿＿＿＿＿＿＿＿＿＿
＿＿＿＿＿＿＿＿＿＿
＿＿＿＿＿＿＿＿＿＿
＿＿＿＿＿＿＿＿＿＿
◆＿＿◆◆＿＿＿＿◆
□■■□□◆◆◆＿□
□□■□□□□□◆□
□□□□■□□□□□
＿□□＿□□□＿□□
＿□□□□□□□□□
□＿□□□□□□□□
00:10:43(19290f):field(19289f)
＿＿＿＿＿＿＿＿＿＿
＿＿＿＿＿＿＿＿＿＿
＿＿＿＿＿＿＿＿＿＿
＿＿＿＿＿＿＿＿＿＿
＿＿＿＿＿＿＿＿＿＿
＿＿＿＿＿＿＿＿＿＿
＿＿＿＿＿＿＿＿＿＿
＿＿＿＿＿＿＿＿＿＿
＿＿＿＿＿＿＿＿＿＿
＿＿＿＿＿＿＿＿＿＿
＿＿＿＿＿＿＿＿＿＿
＿＿＿＿＿＿＿＿＿＿
＿＿＿＿＿＿＿＿＿＿
＿＿＿＿＿＿＿＿＿＿
□□◆◆◆＿＿■■□
□□◆□□◆□□■□
□□□□◆□□□□□
＿□□＿□□□■□□
＿□□□□□□□□□
□＿□□□□□□□□
00:10:43(19301f):field(19300f)
＿＿＿＿＿＿＿＿＿＿
＿＿＿＿＿＿＿＿＿＿
＿＿＿＿＿＿＿＿＿＿
＿＿＿＿＿＿＿＿＿＿
＿＿＿＿＿＿＿＿＿＿
＿＿＿＿＿＿＿＿＿＿
＿＿＿＿＿＿＿＿＿＿
＿＿＿＿＿＿＿＿＿＿
＿＿＿＿＿＿＿＿＿＿
＿＿＿＿＿＿＿＿＿＿
＿＿＿＿＿＿＿＿＿＿
＿＿＿＿＿＿＿＿＿＿
＿＿＿＿＿＿＿＿＿＿
＿＿＿■＿＿＿＿＿＿
◆◆■■＿＿＿□□◆
□□■□□＿◆◆□□
□□□□＿□□□□□
＿□□■□□□◆□□
＿□□□□□□□□□
□＿□□□□□□□□
00:10:43(19315f):field(19314f)
＿＿＿＿＿＿＿＿＿＿
＿＿＿＿＿＿＿＿＿＿
＿＿＿＿＿＿＿＿＿＿
＿＿＿＿＿＿＿＿＿＿
＿＿＿＿＿＿＿＿＿＿
＿＿＿＿＿＿＿＿＿＿
＿＿＿＿＿＿＿＿＿＿
＿＿＿＿＿＿＿＿＿＿
＿＿＿＿＿＿＿＿＿＿
＿＿＿＿＿＿＿＿＿＿
＿＿＿＿＿＿＿＿＿＿
＿＿＿＿＿＿＿＿＿＿
＿＿＿＿＿＿＿＿＿＿
＿＿＿◆＿＿＿＿＿＿
＿＿◆□＿■＿◆◆＿
◆◆□□◆■■■□◆
□□□□＿□□□□□
＿□□◆□□□＿□□
＿□□□□□□□□□
□＿□□□□□□□□
00:10:44(19331f):field(19330f)
＿＿＿＿＿＿＿＿＿＿
＿＿＿＿＿＿＿＿＿＿
＿＿＿＿＿＿＿＿＿＿
＿＿＿＿＿＿＿＿＿＿
＿＿＿＿＿＿＿＿＿＿
＿＿＿＿＿＿＿＿＿＿
＿＿＿＿＿＿＿＿＿＿
＿＿＿＿＿＿＿＿＿＿
＿＿＿＿＿＿＿＿＿＿
＿＿＿＿＿＿＿＿＿＿
＿＿＿＿＿＿＿＿＿＿
＿＿＿＿＿＿＿＿＿＿
＿＿＿＿＿＿＿＿＿＿
＿＿＿＿＿＿＿＿■■
＿＿＿□＿◆＿＿■■
＿＿□□＿□◆□□＿
□□□□＿□□□□□
＿□□＿□□□＿□□
＿□□□□□□□□□
□＿□□□□□□□□
00:10:44(19344f):field(19343f)
＿＿＿＿＿＿＿＿＿＿
＿＿＿＿＿＿＿＿＿＿
＿＿＿＿＿＿＿＿＿＿
＿＿＿＿＿＿＿＿＿＿
＿＿＿＿＿＿＿＿＿＿
＿＿＿＿＿＿＿＿＿＿
＿＿＿＿＿＿＿＿＿＿
＿＿＿＿＿＿＿＿＿＿
＿＿＿＿＿＿＿＿＿＿
＿＿＿＿＿＿＿＿＿＿
＿＿＿＿＿＿＿＿＿＿
＿＿＿＿＿＿＿＿＿＿
＿＿＿＿＿＿＿＿＿＿
＿＿＿＿＿■＿＿□□
＿＿＿□■■＿＿□□
＿＿□□■□＿□□＿
□□□□＿□□□□□
＿□□＿□□□＿□□
＿□□□□□□□□□
□＿□□□□□□□□
00:10:45(19355f):field(19354f)
＿＿＿＿＿＿＿＿＿＿
＿＿＿＿＿＿＿＿＿＿
＿＿＿＿＿＿＿＿＿＿
＿＿＿＿＿＿＿＿＿＿
＿＿＿＿＿＿＿＿＿＿
＿＿＿＿＿＿＿＿＿＿
＿＿＿＿＿＿＿＿＿＿
＿＿＿＿＿＿＿＿＿＿
＿＿＿＿＿＿＿＿＿＿
＿＿＿＿＿＿＿＿＿＿
＿＿＿＿＿＿＿＿＿＿
＿＿＿＿■＿＿＿＿＿
＿＿＿＿■■＿＿＿＿
＿＿＿＿■□＿＿□□
＿＿＿□□□＿＿□□
＿＿□□□□＿□□＿
□□□□＿□□□□□
＿□□＿□□□＿□□
＿□□□□□□□□□
□＿□□□□□□□□
00:10:45(19370f):field(19369f)
＿＿＿＿＿＿＿＿＿＿
＿＿＿＿＿＿＿＿＿＿
＿＿＿＿＿＿＿＿＿＿
＿＿＿＿＿＿＿＿＿＿
＿＿＿＿＿＿＿＿＿＿
＿＿＿＿＿＿＿＿＿＿
＿＿＿＿＿＿＿＿＿＿
＿＿＿＿＿＿＿＿＿＿
＿＿＿＿＿＿＿＿＿＿
＿＿＿＿＿＿＿＿＿＿
＿＿＿＿＿＿＿＿＿＿
＿＿＿＿□＿＿＿＿＿
＿＿＿＿□□＿＿＿＿
■＿＿＿□□＿＿□□
■＿＿□□□＿＿□□
■■□□□□＿□□＿
□□□□＿□□□□□
＿□□＿□□□＿□□
＿□□□□□□□□□
□＿□□□□□□□□
00:10:46(19382f):field(19381f)
＿＿＿＿＿＿＿＿＿＿
＿＿＿＿＿＿＿＿＿＿
＿＿＿＿＿＿＿＿＿＿
＿＿＿＿＿＿＿＿＿＿
＿＿＿＿＿＿＿＿＿＿
＿＿＿＿＿＿＿＿＿＿
＿＿＿＿＿＿＿＿＿＿
＿＿＿＿＿＿＿＿＿＿
＿＿＿＿＿＿＿＿＿＿
＿＿＿＿＿＿＿＿＿＿
＿＿＿＿＿＿＿＿＿＿
＿＿＿＿□＿＿＿＿＿
＿＿＿＿□□＿＿＿＿
□＿■■□□＿＿□□
□■■□□□＿＿□□
□□□□□□＿□□＿
□□□□＿□□□□□
＿□□＿□□□＿□□
＿□□□□□□□□□
□＿□□□□□□□□
00:10:46(19393f):field(19392f)
＿＿＿＿＿＿＿＿＿＿
＿＿＿＿＿＿＿＿＿＿
＿＿＿＿＿＿＿＿＿＿
＿＿＿＿＿＿＿＿＿＿
＿＿＿＿＿＿＿＿＿＿
＿＿＿＿＿＿＿＿＿＿
＿＿＿＿＿＿＿＿＿＿
＿＿＿＿＿＿＿＿＿＿
＿＿＿＿＿＿＿＿＿＿
＿＿＿＿＿＿＿＿＿＿
＿＿＿■■＿＿＿＿＿
＿＿＿■□＿＿＿＿＿
＿＿＿■□□＿＿＿＿
□＿□□□□＿＿□□
□□□□□□＿＿□□
□□□□□□＿□□＿
□□□□＿□□□□□
＿□□＿□□□＿□□
＿□□□□□□□□□
□＿□□□□□□□□
00:10:46(19407f):field(19406f)
＿＿＿＿＿＿＿＿＿＿
＿＿＿＿＿＿＿＿＿＿
＿＿＿＿＿＿＿＿＿＿
＿＿＿＿＿＿＿＿＿＿
＿＿＿＿＿＿＿＿＿＿
＿＿＿＿＿＿＿＿＿＿
＿＿＿＿＿＿＿＿＿＿
＿＿＿＿＿＿＿＿＿＿
＿＿＿＿＿＿＿＿＿＿
＿＿＿＿＿＿＿＿＿＿
＿＿＿◆◆＿＿＿＿＿
＿＿＿□□＿＿＿＿＿
＿＿＿□□◆＿＿＿＿
◆＿◆□□□＿＿◆◆
□□□□□□■■□□
□□□□□□＿□□＿
□□□□＿□□□□□
＿□□＿□□□＿□□
＿□□□□□□□□□
□＿□□□□□□□□
00:10:47(19422f):field(19421f)
＿＿＿＿＿＿＿＿＿＿
＿＿＿＿＿＿＿＿＿＿
＿＿＿＿＿＿＿＿＿＿
＿＿＿＿＿＿＿＿＿＿
＿＿＿＿＿＿＿＿＿＿
＿＿＿＿＿＿＿＿＿＿
＿＿＿＿＿＿＿＿＿＿
＿＿＿＿＿＿＿＿＿＿
＿＿＿＿＿＿＿＿＿＿
＿＿＿＿＿＿＿＿＿＿
＿＿＿＿＿＿＿＿＿＿
＿＿＿□□＿＿＿＿＿
＿＿＿□□＿＿＿＿＿
＿＿＿□□□■■■■
□◆□□□□□□□□
□□□□□□＿□□＿
□□□□＿□□□□□
＿□□＿□□□＿□□
＿□□□□□□□□□
□＿□□□□□□□□
00:10:47(19434f):field(19433f)
＿＿＿＿＿＿＿＿＿＿
＿＿＿＿＿＿＿＿＿＿
＿＿＿＿＿＿＿＿＿＿
＿＿＿＿＿＿＿＿＿＿
＿＿＿＿＿＿＿＿＿＿
＿＿＿＿＿＿＿＿＿＿
＿＿＿＿＿＿＿＿＿＿
＿＿＿＿＿＿＿＿＿＿
＿＿＿＿＿＿＿＿＿＿
＿＿＿＿＿＿＿＿＿＿
＿＿＿＿＿＿＿＿＿＿
＿＿＿□□■＿＿＿＿
＿＿＿□□■■■＿＿
＿＿＿□□□□□□□
□＿□□□□□□□□
□□□□□□＿□□＿
□□□□＿□□□□□
＿□□＿□□□＿□□
＿□□□□□□□□□
□＿□□□□□□□□
00:10:48(19445f):field(19444f)
＿＿＿＿＿＿＿＿＿＿
＿＿＿＿＿＿＿＿＿＿
＿＿＿＿＿＿＿＿＿＿
＿＿＿＿＿＿＿＿＿＿
＿＿＿＿＿＿＿＿＿＿
＿＿＿＿＿＿＿＿＿＿
＿＿＿＿＿＿＿＿＿＿
＿＿＿＿＿＿＿＿＿＿
＿＿＿＿＿＿＿＿＿＿
＿＿＿＿＿＿＿＿＿＿
＿＿＿＿＿＿＿＿＿＿
＿＿＿◆◆◆＿＿＿＿
＿＿＿□□□◆◆＿＿
＿＿■□□□□□◆◆
◆■□□□□□□□□
□□□□□□＿□□■
□□□□■□□□□□
＿□□＿□□□＿□□
＿□□□□□□□□□
□＿□□□□□□□□
00:10:48(19457f):field(19456f)
＿＿＿＿＿＿＿＿＿＿
＿＿＿＿＿＿＿＿＿＿
＿＿＿＿＿＿＿＿＿＿
＿＿＿＿＿＿＿＿＿＿
＿＿＿＿＿＿＿＿＿＿
＿＿＿＿＿＿＿＿＿＿
＿＿＿＿＿＿＿＿＿＿
＿＿＿＿＿＿＿＿＿＿
＿＿＿＿＿＿＿＿＿＿
＿＿＿＿＿＿＿＿＿＿
＿＿＿＿＿＿＿＿＿＿
＿＿■■■＿＿＿＿＿
＿＿■□□□＿＿＿＿
＿＿□□□□□□＿＿
＿□□□□□□□□□
□□□□□□＿□□◆
□□□□◆□□□□□
＿□□＿□□□＿□□
＿□□□□□□□□□
□＿□□□□□□□□
00:10:48(19468f):field(19467f)
＿＿＿＿＿＿＿＿＿＿
＿＿＿＿＿＿＿＿＿＿
＿＿＿＿＿＿＿＿＿＿
＿＿＿＿＿＿＿＿＿＿
＿＿＿＿＿＿＿＿＿＿
＿＿＿＿＿＿＿＿＿＿
＿＿＿＿＿＿＿＿＿＿
＿＿＿＿＿＿＿＿＿＿
＿＿＿＿＿＿＿＿＿＿
＿＿＿■■＿＿＿＿＿
＿＿＿■■＿＿＿＿＿
＿＿□□□＿＿＿＿＿
＿＿□□□□＿＿＿＿
＿＿□□□□□□＿＿
＿□□□□□□□□□
□□□□□□＿□□＿
□□□□＿□□□□□
＿□□＿□□□＿□□
＿□□□□□□□□□
□＿□□□□□□□□
00:10:49(19483f):field(19482f)
＿＿＿＿＿＿＿＿＿＿
＿＿＿＿＿＿＿＿＿＿
＿＿＿＿＿＿＿＿＿＿
＿＿＿＿＿＿＿＿＿＿
＿＿＿＿＿＿＿＿＿＿
＿＿＿＿＿＿＿＿＿＿
＿＿＿＿＿＿＿＿＿＿
＿＿＿＿＿＿＿＿＿＿
＿＿＿＿＿＿＿＿＿＿
＿＿＿□□＿＿＿＿＿
＿＿＿□□■＿＿＿＿
＿＿□□□■■＿＿＿
＿＿□□□□■＿＿＿
＿＿□□□□□□＿＿
＿□□□□□□□□□
□□□□□□＿□□＿
□□□□＿□□□□□
＿□□＿□□□＿□□
＿□□□□□□□□□
□＿□□□□□□□□
00:10:49(19496f):field(19495f)
＿＿＿＿＿＿＿＿＿＿
＿＿＿＿＿＿＿＿＿＿
＿＿＿＿＿＿＿＿＿＿
＿＿＿＿＿＿＿＿＿＿
＿＿＿＿＿＿＿＿＿＿
＿＿＿＿＿＿＿＿＿＿
＿＿＿＿＿＿＿＿＿＿
＿＿＿＿＿＿＿＿＿＿
＿＿＿＿＿＿＿＿＿＿
＿＿＿□□＿＿＿＿＿
＿＿＿□□□＿＿＿■
＿＿□□□□□＿＿■
＿＿□□□□□＿＿■
＿＿□□□□□□＿■
＿□□□□□□□□□
□□□□□□＿□□＿
□□□□＿□□□□□
＿□□＿□□□＿□□
＿□□□□□□□□□
□＿□□□□□□□□
00:10:50(19508f):field(19507f)
＿＿＿＿＿＿＿＿＿＿
＿＿＿＿＿＿＿＿＿＿
＿＿＿＿＿＿＿＿＿＿
＿＿＿＿＿＿＿＿＿＿
＿＿＿＿＿＿＿＿＿＿
＿＿＿＿＿＿＿＿＿＿
＿＿＿＿＿＿＿＿＿＿
＿＿＿＿＿＿＿＿＿＿
＿＿＿＿＿＿＿＿＿＿
＿＿＿◆◆＿＿＿＿＿
＿＿＿□□◆＿＿＿◆
＿＿◆□□□◆＿＿□
＿＿□□□□□＿＿□
＿■□□□□□□＿□
■□□□□□□□◆□
□□□□□□＿□□■
□□□□■□□□□□
＿□□＿□□□＿□□
＿□□□□□□□□□
□＿□□□□□□□□
00:10:50(19526f):field(19525f)
＿＿＿＿＿＿＿＿＿＿
＿＿＿＿＿＿＿＿＿＿
＿＿＿＿＿＿＿＿＿＿
＿＿＿＿＿＿＿＿＿＿
＿＿＿＿＿＿＿＿＿＿
＿＿＿＿＿＿＿＿＿＿
＿＿＿＿＿＿＿＿＿＿
＿＿＿＿＿＿＿＿＿＿
＿＿＿＿＿＿＿＿＿＿
＿＿＿＿＿＿＿＿＿＿
＿＿＿◆◆＿＿＿＿＿
＿＿＿□□◆＿＿＿◆
＿＿◆□□□◆＿＿□
＿◆□□□□□□■□
◆□□□□□□◆■□
□□□□□□■□□◆
□□□□◆□□□□□
＿□□＿□□□＿□□
＿□□□□□□□□□
□＿□□□□□□□□
00:10:51(19537f):field(19536f)
＿＿＿＿＿＿＿＿＿＿
＿＿＿＿＿＿＿＿＿＿
＿＿＿＿＿＿＿＿＿＿
＿＿＿＿＿＿＿＿＿＿
＿＿＿＿＿＿＿＿＿＿
＿＿＿＿＿＿＿＿＿＿
＿＿＿＿＿＿＿＿＿＿
＿＿＿＿＿＿＿＿＿＿
＿＿＿＿＿＿＿＿＿＿
＿＿＿＿＿＿＿＿＿＿
＿＿＿＿＿＿＿＿＿＿
＿＿＿◆◆＿＿＿＿＿
＿＿■□□◆＿＿＿◆
■＿◆□□□◆◆◆□
■□□□□□□＿□□
□□□□□□□□□＿
□□□□＿□□□□□
＿□□＿□□□＿□□
＿□□□□□□□□□
□＿□□□□□□□□
00:10:51(19551f):field(19550f)
＿＿＿＿＿＿＿＿＿＿
＿＿＿＿＿＿＿＿＿＿
＿＿＿＿＿＿＿＿＿＿
＿＿＿＿＿＿＿＿＿＿
＿＿＿＿＿＿＿＿＿＿
＿＿＿＿＿＿＿＿＿＿
＿＿＿＿＿＿＿＿＿＿
＿＿＿＿＿＿＿＿＿＿
＿＿＿＿＿＿＿＿＿＿
＿＿＿＿＿＿＿＿＿＿
＿＿＿＿＿＿＿＿＿＿
■＿＿＿＿＿＿＿＿＿
■■◆□□＿＿＿＿＿
□■＿□□□＿＿＿□
□□□□□□□＿□□
□□□□□□◆□□＿
□□□□＿□□□□□
＿□□＿□□□＿□□
＿□□□□□□□□□
□＿□□□□□□□□
00:10:52(19565f):field(19564f)
＿＿＿＿＿＿＿＿＿＿
＿＿＿＿＿＿＿＿＿＿
＿＿＿＿＿＿＿＿＿＿
＿＿＿＿＿＿＿＿＿＿
＿＿＿＿＿＿＿＿＿＿
＿＿＿＿＿＿＿＿＿＿
＿＿＿＿＿＿＿＿＿＿
＿＿＿＿＿＿＿＿＿＿
＿＿＿＿＿＿＿＿＿＿
＿＿＿＿＿＿＿＿＿＿
＿＿＿＿＿＿＿＿＿＿
◆＿＿＿＿＿＿＿＿＿
□◆＿◆◆＿＿■＿＿
□□＿□□◆＿■＿□
□□□□□□◆■□□
□□□□□□＿□□＿
□□□□＿□□□□□
＿□□＿□□□＿□□
＿□□□□□□□□□
□＿□□□□□□□□
00:10:52(19577f):field(19576f)
＿＿＿＿＿＿＿＿＿＿
＿＿＿＿＿＿＿＿＿＿
＿＿＿＿＿＿＿＿＿＿
＿＿＿＿＿＿＿＿＿＿
＿＿＿＿＿＿＿＿＿＿
＿＿＿＿＿＿＿＿＿＿
＿＿＿＿＿＿＿＿＿＿
＿＿＿＿＿＿＿＿＿＿
＿＿＿＿＿＿＿＿＿＿
＿＿＿＿＿＿＿＿＿＿
＿＿＿＿＿＿＿＿＿＿
＿＿＿＿＿＿＿＿＿＿
□＿＿＿■■＿□＿＿
□□＿□□■■□＿◆
□□◆□□□＿□◆□
□□□□□□＿□□＿
□□□□＿□□□□□
＿□□＿□□□＿□□
＿□□□□□□□□□
□＿□□□□□□□□
00:10:52(19589f):field(19588f)
＿＿＿＿＿＿＿＿＿＿
＿＿＿＿＿＿＿＿＿＿
＿＿＿＿＿＿＿＿＿＿
＿＿＿＿＿＿＿＿＿＿
＿＿＿＿＿＿＿＿＿＿
＿＿＿＿＿＿＿＿＿＿
＿＿＿＿＿＿＿＿＿＿
＿＿＿＿＿＿＿＿＿＿
＿＿＿＿＿＿＿＿＿＿
＿＿＿＿＿＿＿＿＿＿
＿＿＿＿＿＿＿＿＿＿
＿＿＿＿＿＿＿＿＿＿
□■■＿□□＿□＿＿
□□■□□□□□＿＿
□□■□□□＿□＿□
□□□□□□＿□□＿
□□□□＿□□□□□
＿□□＿□□□＿□□
＿□□□□□□□□□
□＿□□□□□□□□
00:10:53(19602f):field(19601f)
＿＿＿＿＿＿＿＿＿＿
＿＿＿＿＿＿＿＿＿＿
＿＿＿＿＿＿＿＿＿＿
＿＿＿＿＿＿＿＿＿＿
＿＿＿＿＿＿＿＿＿＿
＿＿＿＿＿＿＿＿＿＿
＿＿＿＿＿＿＿＿＿＿
＿＿＿＿＿＿＿＿＿＿
＿＿＿＿＿＿＿＿＿＿
＿＿＿＿＿＿＿＿＿＿
＿＿＿＿＿＿＿＿＿＿
＿＿■■■＿＿＿＿＿
□□□■□□＿□＿＿
□□□□□□□□＿＿
□□□□□□＿□＿□
□□□□□□＿□□＿
□□□□＿□□□□□
＿□□＿□□□＿□□
＿□□□□□□□□□
□＿□□□□□□□□
00:10:53(19617f):field(19616f)
＿＿＿＿＿＿＿＿＿＿
＿＿＿＿＿＿＿＿＿＿
＿＿＿＿＿＿＿＿＿＿
＿＿＿＿＿＿＿＿＿＿
＿＿＿＿＿＿＿＿＿＿
＿＿＿＿＿＿＿＿＿＿
＿＿＿＿＿＿＿＿＿＿
＿＿＿＿＿＿＿＿＿＿
＿＿＿＿＿＿＿＿＿＿
＿＿＿＿＿＿＿＿＿＿
＿■■＿＿＿＿＿＿＿
■■□□□＿＿＿＿＿
□□□□□□＿□＿＿
□□□□□□□□＿＿
□□□□□□＿□＿□
□□□□□□＿□□＿
□□□□＿□□□□□
＿□□＿□□□＿□□
＿□□□□□□□□□
□＿□□□□□□□□
00:10:54(19628f):field(19627f)
＿＿＿＿＿＿＿＿＿＿
＿＿＿＿＿＿＿＿＿＿
＿＿＿＿＿＿＿＿＿＿
＿＿＿＿＿＿＿＿＿＿
＿＿＿＿＿＿＿＿＿＿
＿＿＿＿＿＿＿＿＿＿
＿＿＿＿＿＿＿＿＿＿
＿＿＿＿＿＿＿＿＿＿
＿＿＿＿＿＿＿＿＿＿
＿＿＿■■＿＿＿＿＿
＿□□■■＿＿＿＿＿
□□□□□＿＿＿＿＿
□□□□□□＿□＿＿
□□□□□□□□＿＿
□□□□□□＿□＿□
□□□□□□＿□□＿
□□□□＿□□□□□
＿□□＿□□□＿□□
＿□□□□□□□□□
□＿□□□□□□□□
00:10:54(19642f):field(19641f)
＿＿＿＿＿＿＿＿＿＿
＿＿＿＿＿＿＿＿＿＿
＿＿＿＿＿＿＿＿＿＿
＿＿＿＿＿＿＿＿＿＿
＿＿＿＿＿＿＿＿＿＿
＿＿＿＿＿＿＿＿＿＿
＿＿＿＿＿＿＿＿＿＿
＿＿＿＿＿＿＿＿＿＿
＿＿＿＿＿＿＿＿＿＿
＿＿＿◆◆＿＿＿＿＿
＿◆◆□□＿＿＿＿＿
◆□□□□＿＿＿＿＿
□□□□□◆＿◆＿＿
□□□□□□◆□＿■
□□□□□□■□■□
□□□□□□■□□■
□□□□＿□□□□□
＿□□＿□□□＿□□
＿□□□□□□□□□
□＿□□□□□□□□
00:10:55(19656f):field(19655f)
＿＿＿＿＿＿＿＿＿＿
＿＿＿＿＿＿＿＿＿＿
＿＿＿＿＿＿＿＿＿＿
＿＿＿＿＿＿＿＿＿＿
＿＿＿＿＿＿＿＿＿＿
＿＿＿＿＿＿＿＿＿＿
＿＿＿＿＿＿＿＿＿＿
＿＿＿＿＿＿＿＿＿＿
＿＿＿＿＿＿＿＿＿＿
＿＿＿＿＿＿＿＿＿＿
＿＿＿◆◆＿＿＿＿＿
＿◆◆□□＿＿＿＿＿
◆□□□□＿＿＿＿＿
□□□□□□■◆＿◆
□□□□□□□□◆□
□□□□□□□□□◆
□□□□■□□□□□
＿□□＿□□□＿□□
＿□□□□□□□□□
□＿□□□□□□□□
00:10:55(19671f):field(19670f)
＿＿＿＿＿＿＿＿＿＿
＿＿＿＿＿＿＿＿＿＿
＿＿＿＿＿＿＿＿＿＿
＿＿＿＿＿＿＿＿＿＿
＿＿＿＿＿＿＿＿＿＿
＿＿＿＿＿＿＿＿＿＿
＿＿＿＿＿＿＿＿＿＿
＿＿＿＿＿＿＿＿＿＿
＿＿＿＿＿＿＿＿＿＿
＿＿＿＿＿＿＿＿＿＿
＿＿＿＿＿＿＿＿＿＿
＿＿＿□□■■＿＿＿
＿□□□□■＿＿＿＿
□□□□□□□＿＿＿
□□□□□□□□＿□
□□□□□□□□□＿
□□□□◆□□□□□
＿□□＿□□□＿□□
＿□□□□□□□□□
□＿□□□□□□□□
00:10:56(19684f):field(19683f)
＿＿＿＿＿＿＿＿＿＿
＿＿＿＿＿＿＿＿＿＿
＿＿＿＿＿＿＿＿＿＿
＿＿＿＿＿＿＿＿＿＿
＿＿＿＿＿＿＿＿＿＿
＿＿＿＿＿＿＿＿＿＿
＿＿＿＿＿＿＿＿＿＿
＿＿＿＿＿＿＿＿＿＿
＿＿＿＿＿＿＿＿＿＿
＿＿＿＿＿＿＿＿＿＿
＿＿＿＿＿＿＿＿＿＿
＿＿＿◆◆◆◆＿＿＿
＿◆◆□□□■＿＿＿
◆□□□□□□＿＿■
□□□□□□□◆■□
□□□□□□□□□＿
□□□□■□□□□□
＿□□＿□□□＿□□
＿□□□□□□□□□
□＿□□□□□□□□
00:10:56(19697f):field(19696f)
＿＿＿＿＿＿＿＿＿＿
＿＿＿＿＿＿＿＿＿＿
＿＿＿＿＿＿＿＿＿＿
＿＿＿＿＿＿＿＿＿＿
＿＿＿＿＿＿＿＿＿＿
＿＿＿＿＿＿＿＿＿＿
＿＿＿＿＿＿＿＿＿＿
＿＿＿＿＿＿＿＿＿＿
＿＿＿＿＿＿＿＿＿＿
＿＿＿＿＿＿＿＿＿＿
＿＿＿■■＿＿＿＿＿
＿＿＿■■＿＿＿＿＿
＿＿＿□□□□＿＿＿
＿□□□□□◆＿＿□
□□□□□□□＿□□
□□□□□□□□□＿
□□□□◆□□□□□
＿□□＿□□□＿□□
＿□□□□□□□□□
□＿□□□□□□□□
00:10:57(19712f):field(19711f)
＿＿＿＿＿＿＿＿＿＿
＿＿＿＿＿＿＿＿＿＿
＿＿＿＿＿＿＿＿＿＿
＿＿＿＿＿＿＿＿＿＿
＿＿＿＿＿＿＿＿＿＿
＿＿＿＿＿＿＿＿＿＿
＿＿＿＿＿＿＿＿＿＿
＿＿＿＿＿＿＿＿＿＿
＿＿＿＿＿＿＿＿＿＿
＿＿＿＿＿＿＿＿＿＿
＿＿＿□□＿＿＿＿＿
＿＿＿□□＿＿＿＿＿
＿＿＿□□□□■■＿
＿□□□□□■■＿□
□□□□□□□＿□□
□□□□□□□□□＿
□□□□＿□□□□□
＿□□＿□□□＿□□
＿□□□□□□□□□
□＿□□□□□□□□
00:10:57(19724f):field(19723f)
＿＿＿＿＿＿＿＿＿＿
＿＿＿＿＿＿＿＿＿＿
＿＿＿＿＿＿＿＿＿＿
＿＿＿＿＿＿＿＿＿＿
＿＿＿＿＿＿＿＿＿＿
＿＿＿＿＿＿＿＿＿＿
＿＿＿＿＿＿＿＿＿＿
＿＿＿＿＿＿＿＿＿＿
＿＿＿＿＿＿＿＿＿＿
＿＿＿＿＿＿＿＿＿＿
＿＿＿□□＿＿＿＿＿
■＿＿□□＿＿＿＿＿
■■＿□□□□□□＿
■□□□□□□□＿□
□□□□□□□＿□□
□□□□□□□□□＿
□□□□＿□□□□□
＿□□＿□□□＿□□
＿□□□□□□□□□
□＿□□□□□□□□
00:10:57(19737f):field(19736f)
＿＿＿＿＿＿＿＿＿＿
＿＿＿＿＿＿＿＿＿＿
＿＿＿＿＿＿＿＿＿＿
＿＿＿＿＿＿＿＿＿＿
＿＿＿＿＿＿＿＿＿＿
＿＿＿＿＿＿＿＿＿＿
＿＿＿＿＿＿＿＿＿＿
＿＿＿＿＿＿＿＿＿＿
＿＿＿＿＿＿＿＿＿＿
＿＿＿＿＿＿＿＿＿■
＿＿＿□□＿＿＿＿■
□＿＿□□＿＿＿＿■
□□＿□□□□□□■
□□□□□□□□＿□
□□□□□□□＿□□
□□□□□□□□□＿
□□□□＿□□□□□
＿□□＿□□□＿□□
＿□□□□□□□□□
□＿□□□□□□□□
00:10:58(19748f):field(19747f)
＿＿＿＿＿＿＿＿＿＿
＿＿＿＿＿＿＿＿＿＿
＿＿＿＿＿＿＿＿＿＿
＿＿＿＿＿＿＿＿＿＿
＿＿＿＿＿＿＿＿＿＿
＿＿＿＿＿＿＿＿＿＿
＿＿＿＿＿＿＿＿＿＿
＿＿＿＿＿＿＿＿＿＿
＿＿＿＿＿＿＿＿＿＿
＿＿＿＿＿＿■＿＿□
＿＿＿□□■■＿＿□
□＿＿□□■＿＿＿□
□□＿□□□□□□□
□□□□□□□□＿□
□□□□□□□＿□□
□□□□□□□□□＿
□□□□＿□□□□□
＿□□＿□□□＿□□
＿□□□□□□□□□
□＿□□□□□□□□
00:10:58(19761f):field(19760f)
＿＿＿＿＿＿＿＿＿＿
＿＿＿＿＿＿＿＿＿＿
＿＿＿＿＿＿＿＿＿＿
＿＿＿＿＿＿＿＿＿＿
＿＿＿＿＿＿＿＿＿＿
＿＿＿＿＿＿＿＿＿＿
＿＿＿＿＿＿＿＿＿＿
＿＿＿＿＿＿＿＿＿＿
＿＿＿■■＿＿＿＿＿
＿＿＿■■＿□＿＿□
＿＿＿□□□□＿＿□
□＿＿□□□＿＿＿□
□□＿□□□□□□□
□□□□□□□□＿□
□□□□□□□＿□□
□□□□□□□□□＿
□□□□＿□□□□□
＿□□＿□□□＿□□
＿□□□□□□□□□
□＿□□□□□□□□
00:10:59(19777f):field(19776f)
＿＿＿＿＿＿＿＿＿＿
＿＿＿＿＿＿＿＿＿＿
＿＿＿＿＿＿＿＿＿＿
＿＿＿＿＿＿＿＿＿＿
＿＿＿＿＿＿＿＿＿＿
＿＿＿＿＿＿＿＿＿＿
＿＿＿＿＿＿＿＿＿＿
＿＿＿＿＿＿＿＿＿＿
＿＿＿□□＿＿＿＿＿
＿＿＿□□＿□■＿□
＿＿＿□□□□■＿□
□＿＿□□□■■＿□
□□＿□□□□□□□
□□□□□□□□＿□
□□□□□□□＿□□
□□□□□□□□□＿
□□□□＿□□□□□
＿□□＿□□□＿□□
＿□□□□□□□□□
□＿□□□□□□□□
00:10:59(19789f):field(19788f)
＿＿＿＿＿＿＿＿＿＿
＿＿＿＿＿＿＿＿＿＿
＿＿＿＿＿＿＿＿＿＿
＿＿＿＿＿＿＿＿＿＿
＿＿＿＿＿＿＿＿＿＿
＿＿＿＿＿＿＿＿＿＿
＿＿＿＿＿＿＿＿＿＿
＿＿＿＿＿＿＿＿＿＿
＿＿＿□□■■■＿＿
＿＿＿□□■□□＿□
＿＿＿□□□□□＿□
□＿＿□□□□□＿□
□□＿□□□□□□□
□□□□□□□□＿□
□□□□□□□＿□□
□□□□□□□□□＿
□□□□＿□□□□□
＿□□＿□□□＿□□
＿□□□□□□□□□
□＿□□□□□□□□
00:11:00(19802f):field(19801f)
＿＿＿＿＿＿＿＿＿＿
＿＿＿＿＿＿＿＿＿＿
＿＿＿＿＿＿＿＿＿＿
＿＿＿＿＿＿＿＿＿＿
＿＿＿＿＿＿＿＿＿＿
＿＿＿＿＿＿＿＿＿＿
＿＿＿＿＿＿＿＿＿＿
＿＿＿＿＿＿＿＿＿＿
＿＿＿□□□□□■＿
＿＿＿□□□□□■□
＿＿＿□□□□□■□
□＿＿□□□□□■□
□□＿□□□□□□□
□□□□□□□□＿□
□□□□□□□＿□□
□□□□□□□□□＿
□□□□＿□□□□□
＿□□＿□□□＿□□
＿□□□□□□□□□
□＿□□□□□□□□
00:11:00(19814f):field(19813f)
＿＿＿＿＿＿＿＿＿＿
＿＿＿＿＿＿＿＿＿＿
＿＿＿＿＿＿＿＿＿＿
＿＿＿＿＿＿＿＿＿＿
＿＿＿＿＿＿＿＿＿＿
＿＿＿＿＿＿＿＿＿＿
＿＿＿＿＿＿＿＿＿＿
＿＿＿＿＿＿＿＿＿＿
＿＿＿◆◆◆◆◆◆＿
＿＿＿◆◆◆◆◆◆◆
＿＿＿□□□□□□◆
□■＿□□□□□□□
□◆■□□□□□□□
□□□□□□□□＿□
□□□□□□□■□□
□□□□□□□□□＿
□□□□＿□□□□□
＿□□＿□□□＿□□
＿□□□□□□□□□
□＿□□□□□□□□
00:11:00(19825f):field(19824f)
＿＿＿＿＿＿＿＿＿＿
＿＿＿＿＿＿＿＿＿＿
＿＿＿＿＿＿＿＿＿＿
＿＿＿＿＿＿＿＿＿＿
＿＿＿＿＿＿＿＿＿＿
＿＿＿＿＿＿＿＿＿＿
＿＿＿＿＿＿＿＿＿＿
＿＿＿＿＿＿＿＿＿＿
＿＿＿＿＿＿＿＿＿＿
＿＿＿＿＿＿＿＿＿＿
＿＿＿◆◆◆◆◆◆＿
◆□＿□□□□□□□
◆■□□□□□□□□
□□□□□□□□＿□
□□□□□□□◆□□
□□□□□□□□□＿
□□□□＿□□□□□
＿□□＿□□□＿□□
＿□□□□□□□□□
□＿□□□□□□□□
00:11:01(19840f):field(19839f)
＿＿＿＿＿＿＿＿＿＿
＿＿＿＿＿＿＿＿＿＿
＿＿＿＿＿＿＿＿＿＿
＿＿＿＿＿＿＿＿＿＿
＿＿＿＿＿＿＿＿＿＿
＿＿＿＿＿＿＿＿＿＿
＿＿＿＿＿＿＿＿＿＿
＿＿＿＿＿＿＿＿＿＿
＿＿＿＿＿＿＿＿＿＿
＿＿＿＿＿＿＿＿＿＿
■＿＿＿＿＿＿＿＿＿
■◆＿◆◆◆◆□◆◆
■◆◆□□□□□□◆
□□□□□□□□＿□
□□□□□□□＿□□
□□□□□□□□□＿
□□□□＿□□□□□
＿□□＿□□□＿□□
＿□□□□□□□□□
□＿□□□□□□□□
00:11:01(19852f):field(19851f)
＿＿＿＿＿＿＿＿＿＿
＿＿＿＿＿＿＿＿＿＿
＿＿＿＿＿＿＿＿＿＿
＿＿＿＿＿＿＿＿＿＿
＿＿＿＿＿＿＿＿＿＿
＿＿＿＿＿＿＿＿＿＿
＿＿＿＿＿＿＿＿＿＿
＿＿＿＿＿＿＿＿＿＿
＿＿＿＿＿＿＿＿＿＿
＿＿＿＿＿＿＿＿＿＿
□■＿＿＿＿＿＿＿＿
□■＿＿＿＿＿◆＿＿
□■■□□□□□□＿
□□□□□□□□＿□
□□□□□□□＿□□
□□□□□□□□□＿
□□□□＿□□□□□
＿□□＿□□□＿□□
＿□□□□□□□□□
□＿□□□□□□□□
00:11:02(19863f):field(19862f)
＿＿＿＿＿＿＿＿＿＿
＿＿＿＿＿＿＿＿＿＿
＿＿＿＿＿＿＿＿＿＿
＿＿＿＿＿＿＿＿＿＿
＿＿＿＿＿＿＿＿＿＿
＿＿＿＿＿＿＿＿＿＿
＿＿＿＿＿＿＿＿＿＿
＿＿＿＿＿＿＿＿＿＿
＿＿＿＿＿＿＿＿＿＿
＿＿＿＿＿＿＿＿＿＿
□□■＿＿＿＿＿＿＿
□□■■■＿＿＿＿＿
□□□□□□□□□＿
□□□□□□□□＿□
□□□□□□□＿□□
□□□□□□□□□＿
□□□□＿□□□□□
＿□□＿□□□＿□□
＿□□□□□□□□□
□＿□□□□□□□□
00:11:02(19875f):field(19874f)
＿＿＿＿＿＿＿＿＿＿
＿＿＿＿＿＿＿＿＿＿
＿＿＿＿＿＿＿＿＿＿
＿＿＿＿＿＿＿＿＿＿
＿＿＿＿＿＿＿＿＿＿
＿＿＿＿＿＿＿＿＿＿
＿＿＿＿＿＿＿＿＿＿
＿＿＿＿＿＿＿＿＿＿
＿＿＿＿＿＿＿＿＿＿
＿＿＿＿＿＿＿＿＿＿
□□□＿＿■■＿＿＿
□□□□□■■＿＿＿
□□□□□□□□□＿
□□□□□□□□＿□
□□□□□□□＿□□
□□□□□□□□□＿
□□□□＿□□□□□
＿□□＿□□□＿□□
＿□□□□□□□□□
□＿□□□□□□□□
00:11:02(19886f):field(19885f)
＿＿＿＿＿＿＿＿＿＿
＿＿＿＿＿＿＿＿＿＿
＿＿＿＿＿＿＿＿＿＿
＿＿＿＿＿＿＿＿＿＿
＿＿＿＿＿＿＿＿＿＿
＿＿＿＿＿＿＿＿＿＿
＿＿＿＿＿＿＿＿＿＿
＿＿＿＿＿＿＿＿＿＿
＿＿＿＿＿＿＿＿＿＿
＿＿■■＿＿＿＿＿＿
□□□■■□□＿＿＿
□□□□□□□＿＿＿
□□□□□□□□□＿
□□□□□□□□＿□
□□□□□□□＿□□
□□□□□□□□□＿
□□□□＿□□□□□
＿□□＿□□□＿□□
＿□□□□□□□□□
□＿□□□□□□□□
00:11:03(19899f):field(19898f)
＿＿＿＿＿＿＿＿＿＿
＿＿＿＿＿＿＿＿＿＿
＿＿＿＿＿＿＿＿＿＿
＿＿＿＿＿＿＿＿＿＿
＿＿＿＿＿＿＿＿＿＿
＿＿＿＿＿＿＿＿＿＿
＿＿＿＿＿＿＿＿＿＿
＿＿＿＿＿＿＿＿＿＿
＿＿＿＿＿＿＿＿＿＿
＿＿◆◆＿＿＿＿＿＿
◆◆□□◆◆◆＿＿＿
□□□□□□□■＿■
□□□□□□□◆□■
□□□□□□□□＿□
□□□□□□□■□□
□□□□□□□□□＿
□□□□＿□□□□□
＿□□＿□□□＿□□
＿□□□□□□□□□
□＿□□□□□□□□
00:11:03(19911f):field(19910f)
＿＿＿＿＿＿＿＿＿＿
＿＿＿＿＿＿＿＿＿＿
＿＿＿＿＿＿＿＿＿＿
＿＿＿＿＿＿＿＿＿＿
＿＿＿＿＿＿＿＿＿＿
＿＿＿＿＿＿＿＿＿＿
＿＿＿＿＿＿＿＿＿＿
＿＿＿＿＿＿＿＿＿＿
＿＿＿＿＿＿＿＿＿＿
＿＿＿＿＿＿＿＿＿＿
＿＿◆◆＿＿＿＿＿＿
◆□□□◆◆□□＿□
□□□□□□□■◆□
□□□□□□□□＿□
□□□□□□□□□□
□□□□□□□□□＿
□□□□＿□□□□□
＿□□＿□□□＿□□
＿□□□□□□□□□
□＿□□□□□□□□
00:11:04(19931f):field(19930f)
＿＿＿＿＿＿＿＿＿＿
＿＿＿＿＿＿＿＿＿＿
＿＿＿＿＿＿＿＿＿＿
＿＿＿＿＿＿＿＿＿＿
＿＿＿＿＿＿＿＿＿＿
＿＿＿＿＿＿＿＿＿＿
＿＿＿＿＿＿＿＿＿＿
＿＿＿＿＿＿＿＿＿＿
＿＿＿＿＿＿＿＿＿＿
＿＿＿＿＿＿＿＿＿＿
＿＿＿■■■＿＿＿＿
＿◆□□＿■□□＿◆
□□□□□□□□＿□
□□□□□□□□＿□
□□□□□□□◆□□
□□□□□□□□□＿
□□□□＿□□□□□
＿□□＿□□□＿□□
＿□□□□□□□□□
□＿□□□□□□□□
00:11:04(19946f):field(19945f)
＿＿＿＿＿＿＿＿＿＿
＿＿＿＿＿＿＿＿＿＿
＿＿＿＿＿＿＿＿＿＿
＿＿＿＿＿＿＿＿＿＿
＿＿＿＿＿＿＿＿＿＿
＿＿＿＿＿＿＿＿＿＿
＿＿＿＿＿＿＿＿＿＿
＿＿＿＿＿＿＿＿＿＿
＿＿＿＿＿＿＿＿＿＿
＿＿＿＿＿＿＿＿＿＿
＿＿＿◆◆◆＿＿＿＿
＿＿◆◆＿□◆◆＿＿
□□□□□□□◆■◆
◆◆□□◆□□□■◆
□□□□□□□＿□□
□□□□□□□□□■
□□□□＿□□□□□
＿□□＿□□□＿□□
＿□□□□□□□□□
□＿□□□□□□□□
00:11:05(19959f):field(19958f)
＿＿＿＿＿＿＿＿＿＿
＿＿＿＿＿＿＿＿＿＿
＿＿＿＿＿＿＿＿＿＿
＿＿＿＿＿＿＿＿＿＿
＿＿＿＿＿＿＿＿＿＿
＿＿＿＿＿＿＿＿＿＿
＿＿＿＿＿＿＿＿＿＿
＿＿＿＿＿＿＿＿＿＿
＿＿＿＿＿＿＿＿＿＿
＿＿＿＿＿＿＿＿＿＿
＿＿＿＿＿＿＿＿＿＿
＿＿＿＿＿□■＿＿＿
◆◆◆□□□□■□＿
＿＿□□＿□□□□＿
□□□□□□□＿□□
□□□□□□□□□◆
□□□□＿□□□□□
＿□□＿□□□＿□□
＿□□□□□□□□□
□＿□□□□□□□□
00:11:05(19970f):field(19969f)
＿＿＿＿＿＿＿＿＿＿
＿＿＿＿＿＿＿＿＿＿
＿＿＿＿＿＿＿＿＿＿
＿＿＿＿＿＿＿＿＿＿
＿＿＿＿＿＿＿＿＿＿
＿＿＿＿＿＿＿＿＿＿
＿＿＿＿＿＿＿＿＿＿
＿＿＿＿＿＿＿＿＿＿
＿＿＿＿＿＿＿＿＿＿
＿＿＿＿■＿＿＿＿＿
＿＿＿＿■■＿＿＿＿
＿＿＿＿■□□＿＿＿
＿＿＿□□□□□□＿
＿＿□□＿□□□□＿
□□□□□□□＿□□
□□□□□□□□□＿
□□□□＿□□□□□
＿□□＿□□□＿□□
＿□□□□□□□□□
□＿□□□□□□□□
00:11:06(19983f):field(19982f)
＿＿＿＿＿＿＿＿＿＿
＿＿＿＿＿＿＿＿＿＿
＿＿＿＿＿＿＿＿＿＿
＿＿＿＿＿＿＿＿＿＿
＿＿＿＿＿＿＿＿＿＿
＿＿＿＿＿＿＿＿＿＿
＿＿＿＿＿＿＿＿＿＿
＿＿＿＿＿＿＿＿＿＿
＿＿＿＿＿＿＿＿＿＿
＿＿＿＿□＿＿＿＿＿
＿＿＿＿□□＿＿＿＿
＿＿＿＿□□□＿＿＿
■■＿□□□□□□＿
■■□□＿□□□□＿
□□□□□□□＿□□
□□□□□□□□□＿
□□□□＿□□□□□
＿□□＿□□□＿□□
＿□□□□□□□□□
□＿□□□□□□□□
00:11:06(19997f):field(19996f)
＿＿＿＿＿＿＿＿＿＿
＿＿＿＿＿＿＿＿＿＿
＿＿＿＿＿＿＿＿＿＿
＿＿＿＿＿＿＿＿＿＿
＿＿＿＿＿＿＿＿＿＿
＿＿＿＿＿＿＿＿＿＿
＿＿＿＿＿＿＿＿＿＿
＿＿＿＿＿＿＿＿＿＿
＿＿＿＿＿■＿＿＿＿
＿＿＿＿□■■＿＿＿
＿＿＿＿□□■＿＿＿
＿＿＿＿□□□＿＿＿
□□＿□□□□□□＿
□□□□＿□□□□＿
□□□□□□□＿□□
□□□□□□□□□＿
□□□□＿□□□□□
＿□□＿□□□＿□□
＿□□□□□□□□□
□＿□□□□□□□□
00:11:07(20011f):field(20010f)
＿＿＿＿＿＿＿＿＿＿
＿＿＿＿＿＿＿＿＿＿
＿＿＿＿＿＿＿＿＿＿
＿＿＿＿＿＿＿＿＿＿
＿＿＿＿＿＿＿＿＿＿
＿＿＿＿＿＿＿＿＿＿
＿＿＿＿＿＿＿＿＿＿
＿＿＿＿＿＿＿＿＿＿
＿＿＿＿＿□＿＿＿＿
＿＿＿＿□□□■＿＿
＿＿＿＿□□□■＿＿
＿＿＿＿□□□■■＿
□□＿□□□□□□＿
□□□□＿□□□□＿
□□□□□□□＿□□
□□□□□□□□□＿
□□□□＿□□□□□
＿□□＿□□□＿□□
＿□□□□□□□□□
□＿□□□□□□□□
00:11:07(20022f):field(20021f)
＿＿＿＿＿＿＿＿＿＿
＿＿＿＿＿＿＿＿＿＿
＿＿＿＿＿＿＿＿＿＿
＿＿＿＿＿＿＿＿＿＿
＿＿＿＿＿＿＿＿＿＿
＿＿＿＿＿＿＿＿＿＿
＿＿＿＿＿＿＿＿＿＿
＿＿＿＿＿＿＿＿＿＿
＿＿＿＿＿□＿＿＿＿
＿＿＿＿□□□□＿＿
＿＿＿＿□□□□＿■
＿＿＿＿□□□□□■
□□＿□□□□□□■
□□□□＿□□□□■
□□□□□□□＿□□
□□□□□□□□□＿
□□□□＿□□□□□
＿□□＿□□□＿□□
＿□□□□□□□□□
□＿□□□□□□□□
00:11:07(20034f):field(20033f)
＿＿＿＿＿＿＿＿＿＿
＿＿＿＿＿＿＿＿＿＿
＿＿＿＿＿＿＿＿＿＿
＿＿＿＿＿＿＿＿＿＿
＿＿＿＿＿＿＿＿＿＿
＿＿＿＿＿＿＿＿＿＿
＿＿＿＿＿＿＿＿＿＿
＿＿＿＿＿＿＿＿＿＿
＿＿＿＿＿◆＿＿＿＿
＿＿＿＿◆□◆◆＿＿
＿＿＿＿□□□□＿◆
＿＿■＿□□□□◆□
◆□■□□□□□□□
□□□□＿□□□□□
□□□□□□□■□□
□□□□□□□□□＿
□□□□＿□□□□□
＿□□＿□□□＿□□
＿□□□□□□□□□
□＿□□□□□□□□
00:11:08(20047f):field(20046f)
＿＿＿＿＿＿＿＿＿＿
＿＿＿＿＿＿＿＿＿＿
＿＿＿＿＿＿＿＿＿＿
＿＿＿＿＿＿＿＿＿＿
＿＿＿＿＿＿＿＿＿＿
＿＿＿＿＿＿＿＿＿＿
＿＿＿＿＿＿＿＿＿＿
＿＿＿＿＿＿＿＿＿＿
＿＿＿＿＿＿＿＿＿＿
＿＿＿＿＿□＿＿＿■
＿＿＿＿□□□□■■
＿＿◆＿□□□□■□
＿□□□□□□□□□
□□□□＿□□□□□
□□□□□□□◆□□
□□□□□□□□□＿
□□□□＿□□□□□
＿□□＿□□□＿□□
＿□□□□□□□□□
□＿□□□□□□□□
00:11:08(20062f):field(20061f)
＿＿＿＿＿＿＿＿＿＿
＿＿＿＿＿＿＿＿＿＿
＿＿＿＿＿＿＿＿＿＿
＿＿＿＿＿＿＿＿＿＿
＿＿＿＿＿＿＿＿＿＿
＿＿＿＿＿＿＿＿＿＿
＿＿＿＿＿＿＿＿＿＿
＿＿＿＿＿＿＿＿＿＿
＿＿＿＿＿＿＿＿＿＿
＿＿＿＿＿□＿＿＿□
＿＿■■□□□□□□
＿＿■■□□□□□□
＿□□□□□□□□□
□□□□＿□□□□□
□□□□□□□＿□□
□□□□□□□□□＿
□□□□＿□□□□□
＿□□＿□□□＿□□
＿□□□□□□□□□
□＿□□□□□□□□
00:11:09(20076f):field(20075f)
＿＿＿＿＿＿＿＿＿＿
＿＿＿＿＿＿＿＿＿＿
＿＿＿＿＿＿＿＿＿＿
＿＿＿＿＿＿＿＿＿＿
＿＿＿＿＿＿＿＿＿＿
＿＿＿＿＿＿＿＿＿＿
＿＿＿＿＿＿＿＿＿＿
＿＿＿＿＿＿＿＿＿＿
＿＿＿＿＿＿＿＿■＿
＿＿＿＿＿□■■■□
＿＿□□□□□□□□
＿＿□□□□□□□□
＿□□□□□□□□□
□□□□＿□□□□□
□□□□□□□＿□□
□□□□□□□□□＿
□□□□＿□□□□□
＿□□＿□□□＿□□
＿□□□□□□□□□
□＿□□□□□□□□
00:11:09(20087f):field(20086f)
＿＿＿＿＿＿＿＿＿＿
＿＿＿＿＿＿＿＿＿＿
＿＿＿＿＿＿＿＿＿＿
＿＿＿＿＿＿＿＿＿＿
＿＿＿＿＿＿＿＿＿＿
＿＿＿＿＿＿＿＿＿＿
＿＿＿＿＿＿＿＿＿＿
＿＿＿＿＿＿＿＿＿＿
＿＿＿＿■■＿＿□＿
＿＿＿■■□□□□□
＿＿□□□□□□□□
＿＿□□□□□□□□
＿□□□□□□□□□
□□□□＿□□□□□
□□□□□□□＿□□
□□□□□□□□□＿
□□□□＿□□□□□
＿□□＿□□□＿□□
＿□□□□□□□□□
□＿□□□□□□□□
00:11:09(20099f):field(20098f)
＿＿＿＿＿＿＿＿＿＿
＿＿＿＿＿＿＿＿＿＿
＿＿＿＿＿＿＿＿＿＿
＿＿＿＿＿＿＿＿＿＿
＿＿＿＿＿＿＿＿＿＿
＿＿＿＿＿＿＿＿＿＿
＿＿＿＿＿＿＿＿＿＿
＿＿＿＿＿＿＿＿＿＿
＿＿＿＿◆◆＿＿◆＿
＿＿＿◆◆◆◆◆◆◆
＿＿◆◆□□◆◆□◆
■＿◆□□□□□□□
■□□□□□□□□□
□□□□■□□□□□
□□□□□□□■□□
□□□□□□□□□＿
□□□□＿□□□□□
＿□□＿□□□＿□□
＿□□□□□□□□□
□＿□□□□□□□□
00:11:10(20112f):field(20111f)
＿＿＿＿＿＿＿＿＿＿
＿＿＿＿＿＿＿＿＿＿
＿＿＿＿＿＿＿＿＿＿
＿＿＿＿＿＿＿＿＿＿
＿＿＿＿＿＿＿＿＿＿
＿＿＿＿＿＿＿＿＿＿
＿＿＿＿＿＿＿＿＿＿
＿＿＿＿＿＿＿＿＿＿
＿＿＿＿＿＿＿＿＿＿
＿＿＿＿■■■＿＿＿
＿＿＿＿□□■＿□＿
◆＿＿□□□□□□□
□◆□□□□□□□□
□□□□◆□□□□□
□□□□□□□◆□□
□□□□□□□□□＿
□□□□＿□□□□□
＿□□＿□□□＿□□
＿□□□□□□□□□
□＿□□□□□□□□
00:11:10(20124f):field(20123f)
＿＿＿＿＿＿＿＿＿＿
＿＿＿＿＿＿＿＿＿＿
＿＿＿＿＿＿＿＿＿＿
＿＿＿＿＿＿＿＿＿＿
＿＿＿＿＿＿＿＿＿＿
＿＿＿＿＿＿＿＿＿＿
＿＿＿＿＿＿＿＿＿＿
＿＿＿＿■■＿＿＿＿
＿＿＿＿■■＿＿＿＿
＿＿＿＿□□□＿＿＿
＿＿＿＿□□□＿□＿
＿＿＿□□□□□□□
□＿□□□□□□□□
□□□□＿□□□□□
□□□□□□□＿□□
□□□□□□□□□＿
□□□□＿□□□□□
＿□□＿□□□＿□□
＿□□□□□□□□□
□＿□□□□□□□□
00:11:11(20138f):field(20137f)
＿＿＿＿＿＿＿＿＿＿
＿＿＿＿＿＿＿＿＿＿
＿＿＿＿＿＿＿＿＿＿
＿＿＿＿＿＿＿＿＿＿
＿＿＿＿＿＿＿＿＿＿
＿＿＿＿＿＿＿＿＿＿
＿＿＿＿＿＿＿＿＿＿
＿＿＿＿□□＿＿＿＿
＿＿＿＿□□■■＿＿
＿＿＿＿□□□■＿＿
＿＿＿＿□□□■□＿
＿＿＿□□□□□□□
□＿□□□□□□□□
□□□□＿□□□□□
□□□□□□□＿□□
□□□□□□□□□＿
□□□□＿□□□□□
＿□□＿□□□＿□□
＿□□□□□□□□□
□＿□□□□□□□□
00:11:11(20151f):field(20150f)
＿＿＿＿＿＿＿＿＿＿
＿＿＿＿＿＿＿＿＿＿
＿＿＿＿＿＿＿＿＿＿
＿＿＿＿＿＿＿＿＿＿
＿＿＿＿＿＿＿＿＿＿
＿＿＿＿＿＿＿＿＿＿
＿＿＿＿＿＿＿＿＿＿
＿＿＿＿□□＿＿＿＿
＿＿＿＿□□□□■＿
＿＿＿＿□□□□■■
＿＿＿＿□□□□□■
＿＿＿□□□□□□□
□＿□□□□□□□□
□□□□＿□□□□□
□□□□□□□＿□□
□□□□□□□□□＿
□□□□＿□□□□□
＿□□＿□□□＿□□
＿□□□□□□□□□
□＿□□□□□□□□
00:11:12(20162f):field(20161f)
＿＿＿＿＿＿＿＿＿＿
＿＿＿＿＿＿＿＿＿＿
＿＿＿＿＿＿＿＿＿＿
＿＿＿＿＿＿＿＿＿＿
＿＿＿＿＿＿＿＿＿＿
＿＿＿＿＿＿＿＿＿＿
＿＿＿＿＿＿＿＿＿＿
＿＿＿＿◆◆＿＿＿＿
＿＿＿＿◆◆◆◆◆＿
＿＿＿＿□□◆◆◆◆
＿＿■＿□□□□□◆
■■＿◆□□□□□□
◆■□◆□□□□□□
□□□□＿□□□□□
□□□□□□□＿□□
□□□□□□□□□＿
□□□□＿□□□□□
＿□□＿□□□＿□□
＿□□□□□□□□□
□＿□□□□□□□□
00:11:12(20188f):field(20187f)
＿＿＿＿＿＿＿＿＿＿
＿＿＿＿＿＿＿＿＿＿
＿＿＿＿＿＿＿＿＿＿
＿＿＿＿＿＿＿＿＿＿
＿＿＿＿＿＿＿＿＿＿
＿＿＿＿＿＿＿＿＿＿
＿＿＿＿＿＿＿＿＿＿
＿＿＿＿＿＿＿＿＿＿
＿＿＿＿＿＿＿＿＿＿
＿＿＿＿◆□■＿＿＿
＿＿◆＿□□□□◆＿
◆◆＿＿□□□□□□
＿◆◆＿□□□□□□
□□□□＿□□□□□
□□□□□□□＿□□
□□□□□□□□□＿
□□□□＿□□□□□
＿□□＿□□□＿□□
＿□□□□□□□□□
□＿□□□□□□□□
00:11:13(20202f):field(20201f)
＿＿＿＿＿＿＿＿＿＿
＿＿＿＿＿＿＿＿＿＿
＿＿＿＿＿＿＿＿＿＿
＿＿＿＿＿＿＿＿＿＿
＿＿＿＿＿＿＿＿＿＿
＿＿＿＿＿＿＿＿＿＿
＿＿＿＿＿＿＿＿＿＿
＿＿＿＿＿＿＿＿＿＿
＿＿＿＿＿＿＿＿＿＿
＿＿＿＿＿◆◆＿＿＿
＿＿＿＿◆□□◆＿＿
＿■■■□□□□◆□
＿＿＿＿□□□□□◆
□□□□＿□□□□□
□□□□□□□■□□
□□□□□□□□□＿
□□□□＿□□□□□
＿□□＿□□□＿□□
＿□□□□□□□□□
□＿□□□□□□□□
00:11:13(20215f):field(20214f)
＿＿＿＿＿＿＿＿＿＿
＿＿＿＿＿＿＿＿＿＿
＿＿＿＿＿＿＿＿＿＿
＿＿＿＿＿＿＿＿＿＿
＿＿＿＿＿＿＿＿＿＿
＿＿＿＿＿＿＿＿＿＿
＿＿＿＿＿＿＿＿＿＿
＿＿＿＿＿＿＿＿＿＿
＿＿＿＿＿＿＿＿＿＿
＿＿＿＿＿＿＿＿＿＿
＿＿＿■■□□＿＿＿
＿◆◆□□□□□＿◆
＿＿＿■□□□□□＿
□□□□＿□□□□□
□□□□□□□◆□□
□□□□□□□□□＿
□□□□＿□□□□□
＿□□＿□□□＿□□
＿□□□□□□□□□
□＿□□□□□□□□
00:11:14(20227f):field(20226f)
＿＿＿＿＿＿＿＿＿＿
＿＿＿＿＿＿＿＿＿＿
＿＿＿＿＿＿＿＿＿＿
＿＿＿＿＿＿＿＿＿＿
＿＿＿＿＿＿＿＿＿＿
＿＿＿＿＿＿＿＿＿＿
＿＿＿＿＿＿＿＿＿＿
＿＿＿＿＿＿＿＿＿＿
＿＿＿＿＿＿＿＿＿＿
＿＿＿＿＿＿＿＿＿＿
＿＿＿□□□□＿＿＿
＿＿■□□□□□＿＿
■■■□□□□□□＿
□□□□＿□□□□□
□□□□□□□＿□□
□□□□□□□□□＿
□□□□＿□□□□□
＿□□＿□□□＿□□
＿□□□□□□□□□
□＿□□□□□□□□
00:11:14(20240f):field(20239f)
＿＿＿＿＿＿＿＿＿＿
＿＿＿＿＿＿＿＿＿＿
＿＿＿＿＿＿＿＿＿＿
＿＿＿＿＿＿＿＿＿＿
＿＿＿＿＿＿＿＿＿＿
＿＿＿＿＿＿＿＿＿＿
＿＿＿＿＿＿＿＿＿＿
＿＿＿＿＿＿＿＿＿＿
＿＿＿＿＿＿＿＿＿＿
＿＿＿＿＿＿＿＿＿＿
＿＿＿□□□□■■＿
＿＿□□□□□□■■
□□□□□□□□□＿
□□□□＿□□□□□
□□□□□□□＿□□
□□□□□□□□□＿
□□□□＿□□□□□
＿□□＿□□□＿□□
＿□□□□□□□□□
□＿□□□□□□□□
00:11:15(20252f):field(20251f)
＿＿＿＿＿＿＿＿＿＿
＿＿＿＿＿＿＿＿＿＿
＿＿＿＿＿＿＿＿＿＿
＿＿＿＿＿＿＿＿＿＿
＿＿＿＿＿＿＿＿＿＿
＿＿＿＿＿＿＿＿＿＿
＿＿＿＿＿＿＿＿＿＿
＿＿＿＿＿＿＿＿＿＿
＿＿＿＿＿＿＿＿＿＿
＿＿＿＿＿＿＿＿＿＿
■＿＿◆◆◆◆◆◆＿
＿■□□□□□□□□
□□□□□□□□□＿
□□□□■□□□□□
□□□□□□□＿□□
□□□□□□□□□＿
□□□□＿□□□□□
＿□□＿□□□＿□□
＿□□□□□□□□□
□＿□□□□□□□□
00:11:15(20267f):field(20266f)
＿＿＿＿＿＿＿＿＿＿
＿＿＿＿＿＿＿＿＿＿
＿＿＿＿＿＿＿＿＿＿
＿＿＿＿＿＿＿＿＿＿
＿＿＿＿＿＿＿＿＿＿
＿＿＿＿＿＿＿＿＿＿
＿＿＿＿＿＿＿＿＿＿
＿＿＿＿＿＿＿＿＿＿
＿＿＿＿＿＿＿＿＿＿
■＿＿＿＿＿＿＿＿＿
□■＿＿＿＿＿＿＿＿
■□□□□□□□□◆
□□□□□□□□□＿
□□□□◆□□□□□
□□□□□□□＿□□
□□□□□□□□□＿
□□□□＿□□□□□
＿□□＿□□□＿□□
＿□□□□□□□□□
□＿□□□□□□□□
00:11:15(20278f):field(20277f)
＿＿＿＿＿＿＿＿＿＿
＿＿＿＿＿＿＿＿＿＿
＿＿＿＿＿＿＿＿＿＿
＿＿＿＿＿＿＿＿＿＿
＿＿＿＿＿＿＿＿＿＿
＿＿＿＿＿＿＿＿＿＿
＿＿＿＿＿＿＿＿＿＿
＿＿＿＿＿＿＿＿＿＿
＿＿＿＿＿＿＿＿＿＿
◆＿＿＿＿＿＿＿＿＿
□◆＿＿＿＿■＿＿＿
□◆□◆◆◆◆◆◆■
□□□□□◆◆◆◆■
□□□□■□□□□□
□□□□□□□■□□
□□□□□□□□□＿
□□□□＿□□□□□
＿□□＿□□□＿□□
＿□□□□□□□□□
□＿□□□□□□□□
00:11:16(20292f):field(20291f)
＿＿＿＿＿＿＿＿＿＿
＿＿＿＿＿＿＿＿＿＿
＿＿＿＿＿＿＿＿＿＿
＿＿＿＿＿＿＿＿＿＿
＿＿＿＿＿＿＿＿＿＿
＿＿＿＿＿＿＿＿＿＿
＿＿＿＿＿＿＿＿＿＿
＿＿＿＿＿＿＿＿＿＿
＿＿＿＿＿＿＿＿＿＿
＿＿＿＿＿＿＿＿＿＿
◆＿＿＿＿＿◆＿＿＿
◆＿◆＿＿＿＿＿＿◆
□◆◆◆◆＿＿■＿□
□□◆◆□□□◆□□
□□□□□□□◆□□
□□□□□□□□□＿
□□□□＿□□□□□
＿□□＿□□□＿□□
＿□□□□□□□□□
□＿□□□□□□□□
00:11:16(20304f):field(20303f)
＿＿＿＿＿＿＿＿＿＿
＿＿＿＿＿＿＿＿＿＿
＿＿＿＿＿＿＿＿＿＿
＿＿＿＿＿＿＿＿＿＿
＿＿＿＿＿＿＿＿＿＿
＿＿＿＿＿＿＿＿＿＿
＿＿＿＿＿＿＿＿＿＿
＿＿＿＿＿＿＿＿＿＿
＿＿＿＿＿＿＿＿＿＿
＿＿＿＿＿＿＿＿＿＿
＿＿＿＿＿＿＿＿＿＿
＿＿＿＿＿＿＿＿＿＿
□■■＿＿＿＿◆＿□
□□■■□□□＿◆□
□□□□□□□＿□□
□□□□□□□□□＿
□□□□＿□□□□□
＿□□＿□□□＿□□
＿□□□□□□□□□
□＿□□□□□□□□
00:11:17(20316f):field(20315f)
＿＿＿＿＿＿＿＿＿＿
＿＿＿＿＿＿＿＿＿＿
＿＿＿＿＿＿＿＿＿＿
＿＿＿＿＿＿＿＿＿＿
＿＿＿＿＿＿＿＿＿＿
＿＿＿＿＿＿＿＿＿＿
＿＿＿＿＿＿＿＿＿＿
＿＿＿＿＿＿＿＿＿＿
＿＿＿＿＿＿＿＿＿＿
＿＿＿＿＿＿＿＿＿＿
＿＿＿＿＿＿＿＿＿＿
＿＿＿＿＿■＿＿＿＿
□□□■■■＿＿＿□
□□□□□□□＿＿□
□□□□□□□＿□□
□□□□□□□□□＿
□□□□＿□□□□□
＿□□＿□□□＿□□
＿□□□□□□□□□
□＿□□□□□□□□
00:11:17(20328f):field(20327f)
＿＿＿＿＿＿＿＿＿＿
＿＿＿＿＿＿＿＿＿＿
＿＿＿＿＿＿＿＿＿＿
＿＿＿＿＿＿＿＿＿＿
＿＿＿＿＿＿＿＿＿＿
＿＿＿＿＿＿＿＿＿＿
＿＿＿＿＿＿＿＿＿＿
＿＿＿＿＿＿＿＿＿＿
＿＿＿＿＿＿＿＿＿＿
＿＿＿＿＿＿＿＿＿＿
＿＿＿■＿＿＿＿＿＿
＿＿■■■□＿＿＿＿
□□□□□□＿＿＿□
□□□□□□□＿＿□
□□□□□□□＿□□
□□□□□□□□□＿
□□□□＿□□□□□
＿□□＿□□□＿□□
＿□□□□□□□□□
□＿□□□□□□□□
00:11:18(20342f):field(20341f)
＿＿＿＿＿＿＿＿＿＿
＿＿＿＿＿＿＿＿＿＿
＿＿＿＿＿＿＿＿＿＿
＿＿＿＿＿＿＿＿＿＿
＿＿＿＿＿＿＿＿＿＿
＿＿＿＿＿＿＿＿＿＿
＿＿＿＿＿＿＿＿＿＿
＿＿＿＿＿＿＿＿＿＿
＿＿＿＿＿＿＿＿＿＿
＿＿＿＿＿＿＿＿＿＿
＿＿＿□＿＿＿＿＿＿
＿＿□□□□＿＿■■
□□□□□□＿＿■□
□□□□□□□＿■□
□□□□□□□＿□□
□□□□□□□□□＿
□□□□＿□□□□□
＿□□＿□□□＿□□
＿□□□□□□□□□
□＿□□□□□□□□
00:11:18(20352f):field(20351f)
＿＿＿＿＿＿＿＿＿＿
＿＿＿＿＿＿＿＿＿＿
＿＿＿＿＿＿＿＿＿＿
＿＿＿＿＿＿＿＿＿＿
＿＿＿＿＿＿＿＿＿＿
＿＿＿＿＿＿＿＿＿＿
＿＿＿＿＿＿＿＿＿＿
＿＿＿＿＿＿＿＿＿＿
＿＿＿＿＿＿＿＿＿＿
＿＿＿＿＿＿＿＿＿＿
＿＿＿◆＿＿＿＿＿＿
＿＿◆□◆◆＿＿◆□
◆◆□□□□■■□□
□□□□□□□＿□□
□□□□□□□＿□□
□□□□□□□□□＿
□□□□＿□□□□□
＿□□＿□□□＿□□
＿□□□□□□□□□
□＿□□□□□□□□
00:11:18(20365f):field(20364f)
＿＿＿＿＿＿＿＿＿＿
＿＿＿＿＿＿＿＿＿＿
＿＿＿＿＿＿＿＿＿＿
＿＿＿＿＿＿＿＿＿＿
＿＿＿＿＿＿＿＿＿＿
＿＿＿＿＿＿＿＿＿＿
＿＿＿＿＿＿＿＿＿＿
＿＿＿＿＿＿＿＿＿＿
＿＿＿＿＿＿＿＿＿＿
＿＿＿＿＿＿＿＿＿＿
＿＿＿＿＿＿＿＿＿＿
＿＿■◆＿＿＿＿＿◆
＿■□□◆◆□◆◆◆
□□□□□□□＿□□
□□□□□□□■□□
□□□□□□□□□＿
□□□□＿□□□□□
＿□□＿□□□＿□□
＿□□□□□□□□□
□＿□□□□□□□□
00:11:19(20376f):field(20375f)
＿＿＿＿＿＿＿＿＿＿
＿＿＿＿＿＿＿＿＿＿
＿＿＿＿＿＿＿＿＿＿
＿＿＿＿＿＿＿＿＿＿
＿＿＿＿＿＿＿＿＿＿
＿＿＿＿＿＿＿＿＿＿
＿＿＿＿＿＿＿＿＿＿
＿＿＿＿＿＿＿＿＿＿
＿＿＿＿＿＿＿＿＿＿
＿＿＿＿＿＿＿＿＿＿
＿＿＿＿＿＿＿＿＿＿
＿＿◆■■＿＿＿＿＿
＿□□□■■◆＿＿＿
□□□□□□□＿□□
□□□□□□□◆□□
□□□□□□□□□＿
□□□□＿□□□□□
＿□□＿□□□＿□□
＿□□□□□□□□□
□＿□□□□□□□□
00:11:19(20388f):field(20387f)
＿＿＿＿＿＿＿＿＿＿
＿＿＿＿＿＿＿＿＿＿
＿＿＿＿＿＿＿＿＿＿
＿＿＿＿＿＿＿＿＿＿
＿＿＿＿＿＿＿＿＿＿
＿＿＿＿＿＿＿＿＿＿
＿＿＿＿＿＿＿＿＿＿
＿＿＿＿＿＿＿＿＿＿
＿＿＿＿＿＿＿＿＿＿
＿＿＿＿＿＿＿＿＿＿
＿＿＿＿＿＿＿＿＿＿
＿＿＿◆◆＿＿＿＿＿
＿◆◆□◆□＿＿■＿
◆◆□□□□□■◆◆
□□□□□□□■□◆
□□□□□□□□□＿
□□□□■□□□□□
＿□□＿□□□＿□□
＿□□□□□□□□□
□＿□□□□□□□□
00:11:20(20400f):field(20399f)
＿＿＿＿＿＿＿＿＿＿
＿＿＿＿＿＿＿＿＿＿
＿＿＿＿＿＿＿＿＿＿
＿＿＿＿＿＿＿＿＿＿
＿＿＿＿＿＿＿＿＿＿
＿＿＿＿＿＿＿＿＿＿
＿＿＿＿＿＿＿＿＿＿
＿＿＿＿＿＿＿＿＿＿
＿＿＿＿＿＿＿＿＿＿
＿＿＿＿＿＿＿＿＿＿
＿＿＿＿＿＿＿＿＿＿
＿＿＿＿＿＿＿＿＿＿
＿＿＿◆＿◆＿＿◆＿
＿＿◆◆◆◆◆◆＿■
□□□□□◆◆◆□■
◆□□□□□□□◆■
□□□□◆□□□□□
＿□□＿□□□■□□
＿□□□□□□□□□
□＿□□□□□□□□
00:11:20(20413f):field(20412f)
＿＿＿＿＿＿＿＿＿＿
＿＿＿＿＿＿＿＿＿＿
＿＿＿＿＿＿＿＿＿＿
＿＿＿＿＿＿＿＿＿＿
＿＿＿＿＿＿＿＿＿＿
＿＿＿＿＿＿＿＿＿＿
＿＿＿＿＿＿＿＿＿＿
＿＿＿＿＿＿＿＿＿＿
＿＿＿＿＿＿＿＿＿＿
＿＿＿＿＿＿＿＿＿＿
＿＿＿＿＿＿＿＿＿＿
＿＿＿＿＿＿＿＿＿＿
＿＿＿＿＿＿＿＿＿＿
＿＿＿＿＿＿＿＿■□
◆◆◆□□＿＿■□□
＿□□□□□□□■□
□□□□＿□□□□□
＿□□＿□□□◆□□
＿□□□□□□□□□
□＿□□□□□□□□
00:11:20(20424f):field(20423f)
＿＿＿＿＿＿＿＿＿＿
＿＿＿＿＿＿＿＿＿＿
＿＿＿＿＿＿＿＿＿＿
＿＿＿＿＿＿＿＿＿＿
＿＿＿＿＿＿＿＿＿＿
＿＿＿＿＿＿＿＿＿＿
＿＿＿＿＿＿＿＿＿＿
＿＿＿＿＿＿＿＿＿＿
＿＿＿＿＿＿＿＿＿＿
＿＿＿＿＿＿＿＿＿＿
＿＿＿＿＿＿＿＿＿＿
＿＿＿＿＿＿＿＿＿＿
＿＿＿＿＿＿■＿＿＿
＿＿＿＿＿＿■＿□□
＿＿＿□□■■□□□
＿□□□□□□□□□
□□□□＿□□□□□
＿□□＿□□□＿□□
＿□□□□□□□□□
□＿□□□□□□□□
00:11:21(20436f):field(20435f)
＿＿＿＿＿＿＿＿＿＿
＿＿＿＿＿＿＿＿＿＿
＿＿＿＿＿＿＿＿＿＿
＿＿＿＿＿＿＿＿＿＿
＿＿＿＿＿＿＿＿＿＿
＿＿＿＿＿＿＿＿＿＿
＿＿＿＿＿＿＿＿＿＿
＿＿＿＿＿＿＿＿＿＿
＿＿＿＿＿＿＿＿＿＿
＿＿＿＿＿＿＿＿＿＿
＿＿＿＿＿＿＿＿＿＿
＿＿＿＿＿＿＿＿＿＿
＿＿＿＿■■□＿＿＿
＿＿＿＿■■□＿□□
＿＿＿□□□□□□□
＿□□□□□□□□□
□□□□＿□□□□□
＿□□＿□□□＿□□
＿□□□□□□□□□
□＿□□□□□□□□
00:11:21(20455f):field(20454f)
＿＿＿＿＿＿＿＿＿＿
＿＿＿＿＿＿＿＿＿＿
＿＿＿＿＿＿＿＿＿＿
＿＿＿＿＿＿＿＿＿＿
＿＿＿＿＿＿＿＿＿＿
＿＿＿＿＿＿＿＿＿＿
＿＿＿＿＿＿＿＿＿＿
＿＿＿＿＿＿＿＿＿＿
＿＿＿＿＿＿＿＿＿＿
＿＿＿＿＿＿＿＿＿＿
＿＿＿＿＿＿＿＿＿＿
＿＿＿＿＿＿＿＿＿＿
＿＿＿■□□□＿＿＿
＿＿■■□□□＿□□
＿＿■□□□□□□□
＿□□□□□□□□□
□□□□＿□□□□□
＿□□＿□□□＿□□
＿□□□□□□□□□
□＿□□□□□□□□
00:11:22(20467f):field(20466f)
＿＿＿＿＿＿＿＿＿＿
＿＿＿＿＿＿＿＿＿＿
＿＿＿＿＿＿＿＿＿＿
＿＿＿＿＿＿＿＿＿＿
＿＿＿＿＿＿＿＿＿＿
＿＿＿＿＿＿＿＿＿＿
＿＿＿＿＿＿＿＿＿＿
＿＿＿＿＿＿＿＿＿＿
＿＿＿＿＿＿＿＿＿＿
＿＿＿＿＿＿＿＿＿＿
＿＿＿＿＿■■＿＿＿
＿＿＿＿■■＿＿＿＿
＿＿＿□□□□＿＿＿
＿＿□□□□□＿□□
＿＿□□□□□□□□
＿□□□□□□□□□
□□□□＿□□□□□
＿□□＿□□□＿□□
＿□□□□□□□□□
□＿□□□□□□□□
00:11:22(20481f):field(20480f)
＿＿＿＿＿＿＿＿＿＿
＿＿＿＿＿＿＿＿＿＿
＿＿＿＿＿＿＿＿＿＿
＿＿＿＿＿＿＿＿＿＿
＿＿＿＿＿＿＿＿＿＿
＿＿＿＿＿＿＿＿＿＿
＿＿＿＿＿＿＿＿＿＿
＿＿＿＿＿＿＿＿＿＿
＿＿＿＿＿＿＿＿＿＿
＿＿＿＿＿＿＿＿＿＿
＿＿＿＿＿◆◆＿＿＿
＿＿＿＿◆□■＿＿＿
＿＿＿◆□□◆＿＿＿
■＿◆□□□□＿◆◆
■＿□□□□□◆□□
■◆□□□□□□□□
□□□□■□□□□□
＿□□＿□□□■□□
＿□□□□□□□□□
□＿□□□□□□□□
00:11:23(20495f):field(20494f)
＿＿＿＿＿＿＿＿＿＿
＿＿＿＿＿＿＿＿＿＿
＿＿＿＿＿＿＿＿＿＿
＿＿＿＿＿＿＿＿＿＿
＿＿＿＿＿＿＿＿＿＿
＿＿＿＿＿＿＿＿＿＿
＿＿＿＿＿＿＿＿＿＿
＿＿＿＿＿＿＿＿＿＿
＿＿＿＿＿＿＿＿＿＿
＿＿＿＿＿＿＿＿＿＿
＿＿＿■＿＿＿＿＿＿
＿＿＿■■□□＿＿＿
＿＿＿■□□＿＿＿＿
□＿＿□□□□＿＿＿
□＿□□□□□＿□□
□＿□□□□□□□□
□□□□◆□□□□□
＿□□＿□□□◆□□
＿□□□□□□□□□
□＿□□□□□□□□
00:11:23(20510f):field(20509f)
＿＿＿＿＿＿＿＿＿＿
＿＿＿＿＿＿＿＿＿＿
＿＿＿＿＿＿＿＿＿＿
＿＿＿＿＿＿＿＿＿＿
＿＿＿＿＿＿＿＿＿＿
＿＿＿＿＿＿＿＿＿＿
＿＿＿＿＿＿＿＿＿＿
＿＿＿＿＿＿＿＿＿＿
＿＿＿＿＿＿＿＿＿＿
＿＿＿＿＿＿＿＿＿＿
＿＿＿□＿＿＿＿＿＿
＿＿＿□□□□＿＿＿
＿＿＿□□□＿＿＿＿
□＿＿□□□□■■■
□＿□□□□□■□□
□＿□□□□□□□□
□□□□＿□□□□□
＿□□＿□□□＿□□
＿□□□□□□□□□
□＿□□□□□□□□
00:11:24(20520f):field(20519f)
＿＿＿＿＿＿＿＿＿＿
＿＿＿＿＿＿＿＿＿＿
＿＿＿＿＿＿＿＿＿＿
＿＿＿＿＿＿＿＿＿＿
＿＿＿＿＿＿＿＿＿＿
＿＿＿＿＿＿＿＿＿＿
＿＿＿＿＿＿＿＿＿＿
＿＿＿＿＿＿＿＿＿＿
＿＿＿＿＿＿＿＿＿＿
＿＿＿■■＿＿＿＿＿
＿＿＿□■■＿＿＿＿
＿＿＿□□□□＿＿＿
＿＿＿□□□＿＿＿＿
□＿＿□□□□□□□
□＿□□□□□□□□
□＿□□□□□□□□
□□□□＿□□□□□
＿□□＿□□□＿□□
＿□□□□□□□□□
□＿□□□□□□□□
00:11:24(20537f):field(20536f)
＿＿＿＿＿＿＿＿＿＿
＿＿＿＿＿＿＿＿＿＿
＿＿＿＿＿＿＿＿＿＿
＿＿＿＿＿＿＿＿＿＿
＿＿＿＿＿＿＿＿＿＿
＿＿＿＿＿＿＿＿＿＿
＿＿＿＿＿＿＿＿＿＿
＿＿＿＿＿＿＿＿＿＿
＿＿＿＿＿＿＿＿＿＿
＿＿＿□□＿＿＿＿＿
＿＿＿□□□＿＿＿＿
＿＿＿□□□□＿■■
＿＿＿□□□＿＿■■
□＿＿□□□□□□□
□＿□□□□□□□□
□＿□□□□□□□□
□□□□＿□□□□□
＿□□＿□□□＿□□
＿□□□□□□□□□
□＿□□□□□□□□
00:11:25(20550f):field(20549f)
＿＿＿＿＿＿＿＿＿＿
＿＿＿＿＿＿＿＿＿＿
＿＿＿＿＿＿＿＿＿＿
＿＿＿＿＿＿＿＿＿＿
＿＿＿＿＿＿＿＿＿＿
＿＿＿＿＿＿＿＿＿＿
＿＿＿＿＿＿＿＿＿＿
＿＿＿＿＿＿＿＿＿＿
＿＿＿＿＿＿＿＿＿＿
＿＿＿◆◆＿＿＿＿＿
＿＿＿◆◆◆＿＿＿＿
＿＿＿□□◆◆＿◆◆
＿＿＿□□□＿＿◆◆
◆＿＿□□□□◆□□
□■◆□□□◆◆□□
□■◆□□□□□□□
□□□□■□□□□□
＿□□＿□□□■□□
＿□□□□□□□□□
□＿□□□□□□□□
00:11:25(20566f):field(20565f)
＿＿＿＿＿＿＿＿＿＿
＿＿＿＿＿＿＿＿＿＿
＿＿＿＿＿＿＿＿＿＿
＿＿＿＿＿＿＿＿＿＿
＿＿＿＿＿＿＿＿＿＿
＿＿＿＿＿＿＿＿＿＿
＿＿＿＿＿＿＿＿＿＿
＿＿＿＿＿＿＿＿＿＿
＿＿＿＿＿＿＿＿＿＿
＿＿＿＿＿＿＿＿＿＿
＿＿＿＿＿＿＿＿＿＿
＿＿＿□□＿＿＿＿＿
＿＿■□□□＿＿＿＿
＿■■□□□□＿□□
◆□■□□□＿＿□□
□□＿□□□□□□□
□□□□◆□□□□□
＿□□＿□□□◆□□
＿□□□□□□□□□
□＿□□□□□□□□
00:11:25(20579f):field(20578f)
＿＿＿＿＿＿＿＿＿＿
＿＿＿＿＿＿＿＿＿＿
＿＿＿＿＿＿＿＿＿＿
＿＿＿＿＿＿＿＿＿＿
＿＿＿＿＿＿＿＿＿＿
＿＿＿＿＿＿＿＿＿＿
＿＿＿＿＿＿＿＿＿＿
＿＿＿＿＿＿＿＿＿＿
＿＿＿＿＿＿＿＿＿＿
＿＿＿＿＿＿＿＿＿＿
＿＿＿＿＿■＿＿＿＿
＿＿＿□□■■＿＿＿
＿＿□□□□■＿＿＿
＿□□□□□□＿□□
＿□□□□□＿＿□□
□□＿□□□□□□□
□□□□＿□□□□□
＿□□＿□□□＿□□
＿□□□□□□□□□
□＿□□□□□□□□
00:11:26(20591f):field(20590f)
＿＿＿＿＿＿＿＿＿＿
＿＿＿＿＿＿＿＿＿＿
＿＿＿＿＿＿＿＿＿＿
＿＿＿＿＿＿＿＿＿＿
＿＿＿＿＿＿＿＿＿＿
＿＿＿＿＿＿＿＿＿＿
＿＿＿＿＿＿＿＿＿＿
＿＿＿＿＿＿＿＿＿＿
＿＿＿＿＿■＿＿＿＿
＿＿＿＿■■＿＿＿＿
＿＿＿＿■□＿＿＿＿
＿＿＿□□□□＿＿＿
＿＿□□□□□＿＿＿
＿□□□□□□＿□□
＿□□□□□＿＿□□
□□＿□□□□□□□
□□□□＿□□□□□
＿□□＿□□□＿□□
＿□□□□□□□□□
□＿□□□□□□□□
00:11:26(20605f):field(20604f)
＿＿＿＿＿＿＿＿＿＿
＿＿＿＿＿＿＿＿＿＿
＿＿＿＿＿＿＿＿＿＿
＿＿＿＿＿＿＿＿＿＿
＿＿＿＿＿＿＿＿＿＿
＿＿＿＿＿＿＿＿＿＿
＿＿＿＿＿＿＿＿＿＿
＿＿＿＿＿＿＿＿＿＿
＿＿＿＿＿□＿＿＿＿
＿＿＿＿□□＿＿＿＿
＿＿＿＿□□＿＿＿＿
＿＿＿□□□□＿＿＿
■■□□□□□＿＿＿
■□□□□□□＿□□
■□□□□□＿＿□□
□□＿□□□□□□□
□□□□＿□□□□□
＿□□＿□□□＿□□
＿□□□□□□□□□
□＿□□□□□□□□
00:11:27(20617f):field(20616f)
＿＿＿＿＿＿＿＿＿＿
＿＿＿＿＿＿＿＿＿＿
＿＿＿＿＿＿＿＿＿＿
＿＿＿＿＿＿＿＿＿＿
＿＿＿＿＿＿＿＿＿＿
＿＿＿＿＿＿＿＿＿＿
＿＿＿＿＿＿＿＿＿＿
＿＿＿＿＿＿＿＿＿＿
＿＿＿＿＿◆＿＿＿＿
＿＿＿＿◆◆＿＿＿＿
＿＿＿＿◆□＿＿＿＿
＿＿■◆□□◆＿＿＿
◆□◆□□□◆■＿＿
□□◆□□□□＿□□
□□□□□□■■□□
□□■□□□□□□□
□□□□＿□□□□□
＿□□＿□□□＿□□
＿□□□□□□□□□
□＿□□□□□□□□
00:11:27(20630f):field(20629f)
＿＿＿＿＿＿＿＿＿＿
＿＿＿＿＿＿＿＿＿＿
＿＿＿＿＿＿＿＿＿＿
＿＿＿＿＿＿＿＿＿＿
＿＿＿＿＿＿＿＿＿＿
＿＿＿＿＿＿＿＿＿＿
＿＿＿＿＿＿＿＿＿＿
＿＿＿＿＿＿＿＿＿＿
＿＿＿＿＿＿＿＿＿＿
＿＿＿＿＿＿＿＿＿＿
＿＿＿＿＿□＿＿＿＿
＿＿◆＿□□＿＿＿＿
＿□＿◆□□＿◆＿＿
□□■□□□□＿◆◆
□□□□□□◆◆□□
□□◆□□□□□□□
□□□□＿□□□□□
＿□□＿□□□＿□□
＿□□□□□□□□□
□＿□□□□□□□□
00:11:28(20642f):field(20641f)
＿＿＿＿＿＿＿＿＿＿
＿＿＿＿＿＿＿＿＿＿
＿＿＿＿＿＿＿＿＿＿
＿＿＿＿＿＿＿＿＿＿
＿＿＿＿＿＿＿＿＿＿
＿＿＿＿＿＿＿＿＿＿
＿＿＿＿＿＿＿＿＿＿
＿＿＿＿＿＿＿＿＿＿
＿＿＿＿＿＿＿＿＿＿
＿＿＿＿＿＿＿＿＿＿
＿＿＿＿＿□＿＿＿＿
＿＿＿＿□□＿■＿＿
＿□＿＿□□＿■＿＿
□□□□□□□■＿＿
□□□□□□＿■□□
□□＿□□□□□□□
□□□□＿□□□□□
＿□□＿□□□＿□□
＿□□□□□□□□□
□＿□□□□□□□□
00:11:28(20658f):field(20657f)
＿＿＿＿＿＿＿＿＿＿
＿＿＿＿＿＿＿＿＿＿
＿＿＿＿＿＿＿＿＿＿
＿＿＿＿＿＿＿＿＿＿
＿＿＿＿＿＿＿＿＿＿
＿＿＿＿＿＿＿＿＿＿
＿＿＿＿＿＿＿＿＿＿
＿＿＿＿＿＿＿＿＿＿
＿＿＿＿＿＿＿＿＿＿
＿＿＿＿＿＿＿＿＿＿
＿■＿＿＿□＿＿＿＿
＿■■＿□□＿□＿＿
＿□■＿□□＿□＿＿
□□□□□□□□＿＿
□□□□□□＿□□□
□□＿□□□□□□□
□□□□＿□□□□□
＿□□＿□□□＿□□
＿□□□□□□□□□
□＿□□□□□□□□
00:11:28(20669f):field(20668f)
＿＿＿＿＿＿＿＿＿＿
＿＿＿＿＿＿＿＿＿＿
＿＿＿＿＿＿＿＿＿＿
＿＿＿＿＿＿＿＿＿＿
＿＿＿＿＿＿＿＿＿＿
＿＿＿＿＿＿＿＿＿＿
＿＿＿＿＿＿＿＿＿＿
＿＿＿＿＿＿＿＿＿＿
＿＿＿＿＿■＿＿＿＿
＿＿＿＿■■＿＿＿＿
＿□＿＿■□＿＿＿＿
＿□□＿□□＿□＿＿
＿□□＿□□＿□＿＿
□□□□□□□□＿＿
□□□□□□＿□□□
□□＿□□□□□□□
□□□□＿□□□□□
＿□□＿□□□＿□□
＿□□□□□□□□□
□＿□□□□□□□□
00:11:29(20683f):field(20682f)
＿＿＿＿＿＿＿＿＿＿
＿＿＿＿＿＿＿＿＿＿
＿＿＿＿＿＿＿＿＿＿
＿＿＿＿＿＿＿＿＿＿
＿＿＿＿＿＿＿＿＿＿
＿＿＿＿＿＿＿＿＿＿
＿＿＿＿＿＿＿＿＿＿
＿＿＿＿＿＿＿＿＿＿
＿＿＿＿＿□＿＿＿＿
＿＿＿＿□□＿＿＿＿
＿□■■□□＿＿＿＿
＿□□■□□＿□＿＿
＿□□■□□＿□＿＿
□□□□□□□□＿＿
□□□□□□＿□□□
□□＿□□□□□□□
□□□□＿□□□□□
＿□□＿□□□＿□□
＿□□□□□□□□□
□＿□□□□□□□□
00:11:29(20695f):field(20694f)
＿＿＿＿＿＿＿＿＿＿
＿＿＿＿＿＿＿＿＿＿
＿＿＿＿＿＿＿＿＿＿
＿＿＿＿＿＿＿＿＿＿
＿＿＿＿＿＿＿＿＿＿
＿＿＿＿＿＿＿＿＿＿
＿＿＿＿＿＿＿＿＿＿
＿＿＿＿＿＿＿＿＿＿
＿＿＿＿＿◆＿＿＿＿
＿＿＿＿◆□＿＿＿＿
＿◆◆◆□□＿＿＿＿
＿□□□□□＿◆＿＿
＿□□□□□■□＿■
◆□□□□□◆□＿■
□□□□□□＿□□□
□□＿□□□□□□□
□□□□＿□□□□□
＿□□＿□□□＿□□
＿□□□□□□□□□
□＿□□□□□□□□
00:11:30(20708f):field(20707f)
＿＿＿＿＿＿＿＿＿＿
＿＿＿＿＿＿＿＿＿＿
＿＿＿＿＿＿＿＿＿＿
＿＿＿＿＿＿＿＿＿＿
＿＿＿＿＿＿＿＿＿＿
＿＿＿＿＿＿＿＿＿＿
＿＿＿＿＿＿＿＿＿＿
＿＿＿＿＿＿＿＿＿＿
＿＿＿＿＿＿＿＿＿＿
＿＿＿＿＿□＿＿＿＿
■＿＿＿□□＿＿＿＿
■□□□□□＿＿＿＿
■□□□□□◆□＿□
■□□□□□＿□＿□
□□□□□□＿□□□
□□＿□□□□□□□
□□□□＿□□□□□
＿□□＿□□□＿□□
＿□□□□□□□□□
□＿□□□□□□□□
00:11:30(20720f):field(20719f)
＿＿＿＿＿＿＿＿＿＿
＿＿＿＿＿＿＿＿＿＿
＿＿＿＿＿＿＿＿＿＿
＿＿＿＿＿＿＿＿＿＿
＿＿＿＿＿＿＿＿＿＿
＿＿＿＿＿＿＿＿＿＿
＿＿＿＿＿＿＿＿＿＿
＿＿＿＿＿＿＿＿＿＿
＿＿＿＿＿＿＿＿＿＿
＿■■＿＿□＿＿＿＿
□■■＿□□＿＿＿＿
□□□□□□＿＿＿＿
□□□□□□＿□＿□
□□□□□□＿□＿□
□□□□□□＿□□□
□□＿□□□□□□□
□□□□＿□□□□□
＿□□＿□□□＿□□
＿□□□□□□□□□
□＿□□□□□□□□
00:11:31(20732f):field(20731f)
＿＿＿＿＿＿＿＿＿＿
＿＿＿＿＿＿＿＿＿＿
＿＿＿＿＿＿＿＿＿＿
＿＿＿＿＿＿＿＿＿＿
＿＿＿＿＿＿＿＿＿＿
＿＿＿＿＿＿＿＿＿＿
＿＿＿＿＿＿＿＿＿＿
＿＿＿＿＿＿＿＿＿＿
＿＿＿＿■■＿＿＿＿
＿□□■■□＿＿＿＿
□□□＿□□＿＿＿＿
□□□□□□＿＿＿＿
□□□□□□＿□＿□
□□□□□□＿□＿□
□□□□□□＿□□□
□□＿□□□□□□□
□□□□＿□□□□□
＿□□＿□□□＿□□
＿□□□□□□□□□
□＿□□□□□□□□
00:11:31(20745f):field(20744f)
＿＿＿＿＿＿＿＿＿＿
＿＿＿＿＿＿＿＿＿＿
＿＿＿＿＿＿＿＿＿＿
＿＿＿＿＿＿＿＿＿＿
＿＿＿＿＿＿＿＿＿＿
＿＿＿＿＿＿＿＿＿＿
＿＿＿＿＿＿＿＿＿＿
■＿＿＿＿＿＿＿＿＿
■■＿＿□□＿＿＿＿
■□□□□□＿＿＿＿
□□□＿□□＿＿＿＿
□□□□□□＿＿＿＿
□□□□□□＿□＿□
□□□□□□＿□＿□
□□□□□□＿□□□
□□＿□□□□□□□
□□□□＿□□□□□
＿□□＿□□□＿□□
＿□□□□□□□□□
□＿□□□□□□□□
00:11:32(20762f):field(20761f)
＿＿＿＿＿＿＿＿＿＿
＿＿＿＿＿＿＿＿＿＿
＿＿＿＿＿＿＿＿＿＿
＿＿＿＿＿＿＿＿＿＿
＿＿＿＿＿＿＿＿＿＿
＿＿＿＿＿＿＿＿＿＿
＿＿＿＿＿＿＿＿＿＿
□＿＿＿＿＿＿＿＿＿
□□＿＿□□＿＿＿＿
□□□□□□＿＿＿＿
□□□＿□□＿＿＿＿
□□□□□□＿■■＿
□□□□□□＿□■□
□□□□□□＿□■□
□□□□□□＿□□□
□□＿□□□□□□□
□□□□＿□□□□□
＿□□＿□□□＿□□
＿□□□□□□□□□
□＿□□□□□□□□
00:11:32(20775f):field(20774f)
＿＿＿＿＿＿＿＿＿＿
＿＿＿＿＿＿＿＿＿＿
＿＿＿＿＿＿＿＿＿＿
＿＿＿＿＿＿＿＿＿＿
＿＿＿＿＿＿＿＿＿＿
＿＿＿＿＿＿＿＿＿＿
＿＿＿＿＿＿＿＿＿＿
□＿＿＿＿＿＿＿＿＿
□□＿＿□□＿＿＿＿
□□□□□□＿＿＿＿
□□□＿□□＿■■■
□□□□□□＿□□■
□□□□□□＿□□□
□□□□□□＿□□□
□□□□□□＿□□□
□□＿□□□□□□□
□□□□＿□□□□□
＿□□＿□□□＿□□
＿□□□□□□□□□
□＿□□□□□□□□
00:11:32(20786f):field(20785f)
＿＿＿＿＿＿＿＿＿＿
＿＿＿＿＿＿＿＿＿＿
＿＿＿＿＿＿＿＿＿＿
＿＿＿＿＿＿＿＿＿＿
＿＿＿＿＿＿＿＿＿＿
＿＿＿＿＿＿＿＿＿＿
＿＿＿＿＿＿＿＿＿＿
◆＿＿＿＿＿＿＿＿＿
◆◆＿＿◆◆＿＿＿＿
◆◆◆◆◆◆＿＿＿＿
◆◆□＿□◆■◆◆◆
□◆□◆◆□＿◆◆◆
□□◆□□□■◆□◆
□□□□□□■□□□
□□□◆□□＿□□□
□□■□□□□□□□
□□□□＿□□□□□
＿□□＿□□□＿□□
＿□□□□□□□□□
□＿□□□□□□□□
00:11:33(20799f):field(20798f)
＿＿＿＿＿＿＿＿＿＿
＿＿＿＿＿＿＿＿＿＿
＿＿＿＿＿＿＿＿＿＿
＿＿＿＿＿＿＿＿＿＿
＿＿＿＿＿＿＿＿＿＿
＿＿＿＿＿＿＿＿＿＿
＿＿＿＿＿＿＿＿＿＿
＿＿＿＿＿＿＿＿＿＿
＿＿＿＿＿＿＿＿＿＿
＿＿＿＿＿＿＿＿＿＿
＿＿◆＿◆＿◆＿＿＿
□＿◆＿＿◆＿＿＿＿
□□＿◆□□◆■◆＿
□□□□□□□□◆◆
□□□＿□□■□□□
□□◆□□□□□□□
□□□□＿□□□□□
＿□□＿□□□＿□□
＿□□□□□□□□□
□＿□□□□□□□□
00:11:33(20810f):field(20809f)
＿＿＿＿＿＿＿＿＿＿
＿＿＿＿＿＿＿＿＿＿
＿＿＿＿＿＿＿＿＿＿
＿＿＿＿＿＿＿＿＿＿
＿＿＿＿＿＿＿＿＿＿
＿＿＿＿＿＿＿＿＿＿
＿＿＿＿＿＿＿＿＿＿
＿＿＿＿＿＿＿＿＿＿
＿＿＿＿＿＿＿＿＿＿
＿＿＿＿＿＿＿＿＿＿
＿＿＿＿＿＿＿＿＿＿
□＿＿＿＿■■■＿＿
□□＿＿□□■□＿＿
□□□□□□□□＿＿
□□□＿□□□□□□
□□＿□□□□□□□
□□□□＿□□□□□
＿□□＿□□□＿□□
＿□□□□□□□□□
□＿□□□□□□□□
00:11:34(20823f):field(20822f)
＿＿＿＿＿＿＿＿＿＿
＿＿＿＿＿＿＿＿＿＿
＿＿＿＿＿＿＿＿＿＿
＿＿＿＿＿＿＿＿＿＿
＿＿＿＿＿＿＿＿＿＿
＿＿＿＿＿＿＿＿＿＿
＿＿＿＿＿＿＿＿＿＿
＿＿＿＿＿＿＿＿＿＿
＿＿＿＿＿＿＿＿＿＿
＿＿＿＿＿＿＿＿＿＿
＿＿＿＿＿＿＿＿＿＿
□＿＿■■□□□＿＿
□□■■□□□□＿＿
□□□□□□□□＿＿
□□□＿□□□□□□
□□＿□□□□□□□
□□□□＿□□□□□
＿□□＿□□□＿□□
＿□□□□□□□□□
□＿□□□□□□□□
00:11:34(20834f):field(20833f)
＿＿＿＿＿＿＿＿＿＿
＿＿＿＿＿＿＿＿＿＿
＿＿＿＿＿＿＿＿＿＿
＿＿＿＿＿＿＿＿＿＿
＿＿＿＿＿＿＿＿＿＿
＿＿＿＿＿＿＿＿＿＿
＿＿＿＿＿＿＿＿＿＿
＿＿＿＿＿＿＿＿＿＿
＿＿＿＿＿＿＿＿＿＿
＿＿＿＿＿＿＿＿＿＿
＿＿＿＿＿＿＿＿＿＿
◆＿＿◆◆◆◆◆＿＿
□◆◆□□□□□■＿
□□□□□□□□■＿
□□□■□□□□□□
□□■□□□□□□□
□□□□＿□□□□□
＿□□＿□□□＿□□
＿□□□□□□□□□
□＿□□□□□□□□
00:11:34(20847f):field(20846f)
＿＿＿＿＿＿＿＿＿＿
＿＿＿＿＿＿＿＿＿＿
＿＿＿＿＿＿＿＿＿＿
＿＿＿＿＿＿＿＿＿＿
＿＿＿＿＿＿＿＿＿＿
＿＿＿＿＿＿＿＿＿＿
＿＿＿＿＿＿＿＿＿＿
＿＿＿＿＿＿＿＿＿＿
＿＿＿＿＿＿＿＿＿＿
＿＿＿＿＿＿＿＿＿＿
＿＿＿＿＿＿＿＿＿＿
＿＿＿＿＿＿＿＿＿■
◆＿■◆◆◆◆◆◆■
□□◆□□□□□□■
□□□◆□□□□□□
□□□□□□□□□□
□□□□＿□□□□□
＿□□＿□□□＿□□
＿□□□□□□□□□
□＿□□□□□□□□
00:11:35(20858f):field(20857f)
＿＿＿＿＿＿＿＿＿＿
＿＿＿＿＿＿＿＿＿＿
＿＿＿＿＿＿＿＿＿＿
＿＿＿＿＿＿＿＿＿＿
＿＿＿＿＿＿＿＿＿＿
＿＿＿＿＿＿＿＿＿＿
＿＿＿＿＿＿＿＿＿＿
＿＿＿＿＿＿＿＿＿＿
＿＿＿＿＿＿＿＿＿＿
＿＿＿＿＿＿＿＿＿＿
＿＿＿＿＿＿＿＿＿＿
＿＿＿＿＿＿＿＿＿◆
＿＿◆＿＿＿■■＿□
□□＿◆□◆◆□◆□
□□□＿□□□□□□
□□□□□□□□□□
□□□□＿□□□□□
＿□□＿□□□＿□□
＿□□□□□□□□□
□＿□□□□□□□□
00:11:35(20875f):field(20874f)
＿＿＿＿＿＿＿＿＿＿
＿＿＿＿＿＿＿＿＿＿
＿＿＿＿＿＿＿＿＿＿
＿＿＿＿＿＿＿＿＿＿
＿＿＿＿＿＿＿＿＿＿
＿＿＿＿＿＿＿＿＿＿
＿＿＿＿＿＿＿＿＿＿
＿＿＿＿＿＿＿＿＿＿
＿＿＿＿＿＿＿＿＿＿
＿＿＿＿＿＿＿＿＿＿
＿＿＿＿＿＿＿＿＿＿
＿＿＿＿＿＿＿＿＿＿
＿＿＿＿＿＿□◆＿□
□□＿＿◆＿■□■□
□□□＿□□□□□□
□□◆□□□□□□□
□□□□＿□□□□□
＿□□＿□□□＿□□
＿□□□□□□□□□
□＿□□□□□□□□
00:11:36(20886f):field(20885f)
＿＿＿＿＿＿＿＿＿＿
＿＿＿＿＿＿＿＿＿＿
＿＿＿＿＿＿＿＿＿＿
＿＿＿＿＿＿＿＿＿＿
＿＿＿＿＿＿＿＿＿＿
＿＿＿＿＿＿＿＿＿＿
＿＿＿＿＿＿＿＿＿＿
＿＿＿＿＿＿＿＿＿＿
＿＿＿＿＿＿＿＿＿＿
＿＿＿＿＿＿＿＿＿＿
＿＿＿＿＿＿＿＿＿＿
＿＿＿＿＿＿＿＿＿＿
＿＿＿＿＿＿◆＿＿◆
◆□■＿＿＿□□◆□
□□□■◆□□□□□
□□＿□□□□□□□
□□□□＿□□□□□
＿□□＿□□□＿□□
＿□□□□□□□□□
□＿□□□□□□□□
00:11:36(20898f):field(20897f)
＿＿＿＿＿＿＿＿＿＿
＿＿＿＿＿＿＿＿＿＿
＿＿＿＿＿＿＿＿＿＿
＿＿＿＿＿＿＿＿＿＿
＿＿＿＿＿＿＿＿＿＿
＿＿＿＿＿＿＿＿＿＿
＿＿＿＿＿＿＿＿＿＿
＿＿＿＿＿＿＿＿＿＿
＿＿＿＿＿＿＿＿＿＿
＿＿＿＿＿＿＿＿＿＿
＿＿＿＿＿＿＿＿＿＿
＿＿＿＿＿＿＿＿＿＿
＿＿＿＿＿＿＿＿＿＿
＿◆□＿■＿◆□＿◆
◆◆□◆■□□◆□□
□□＿□□□□□□□
□□□□＿□□□□□
＿□□＿□□□＿□□
＿□□□□□□□□□
□＿□□□□□□□□
00:11:37(20910f):field(20909f)
＿＿＿＿＿＿＿＿＿＿
＿＿＿＿＿＿＿＿＿＿
＿＿＿＿＿＿＿＿＿＿
＿＿＿＿＿＿＿＿＿＿
＿＿＿＿＿＿＿＿＿＿
＿＿＿＿＿＿＿＿＿＿
＿＿＿＿＿＿＿＿＿＿
＿＿＿＿＿＿＿＿＿＿
＿＿＿＿＿＿＿＿＿＿
＿＿＿＿＿＿＿＿＿＿
＿＿＿＿＿＿＿＿＿＿
＿＿＿＿＿＿＿＿＿＿
＿＿＿■＿＿＿＿＿＿
＿＿◆■□＿＿◆＿＿
＿＿□■□□□＿◆□
□□＿□□□□□□□
□□□□＿□□□□□
＿□□＿□□□＿□□
＿□□□□□□□□□
□＿□□□□□□□□
00:11:37(20924f):field(20923f)
＿＿＿＿＿＿＿＿＿＿
＿＿＿＿＿＿＿＿＿＿
＿＿＿＿＿＿＿＿＿＿
＿＿＿＿＿＿＿＿＿＿
＿＿＿＿＿＿＿＿＿＿
＿＿＿＿＿＿＿＿＿＿
＿＿＿＿＿＿＿＿＿＿
＿＿＿＿＿＿＿＿＿＿
＿＿＿＿＿＿＿＿＿＿
＿＿＿＿＿＿＿＿＿＿
＿＿＿＿＿＿＿＿＿＿
■＿＿＿＿＿＿＿＿＿
■＿＿□＿＿＿＿＿＿
■＿＿□□＿＿＿＿＿
■＿□□□□□＿＿□
□□＿□□□□□□□
□□□□＿□□□□□
＿□□＿□□□＿□□
＿□□□□□□□□□
□＿□□□□□□□□
00:11:37(20937f):field(20936f)
＿＿＿＿＿＿＿＿＿＿
＿＿＿＿＿＿＿＿＿＿
＿＿＿＿＿＿＿＿＿＿
＿＿＿＿＿＿＿＿＿＿
＿＿＿＿＿＿＿＿＿＿
＿＿＿＿＿＿＿＿＿＿
＿＿＿＿＿＿＿＿＿＿
＿＿＿＿＿＿＿＿＿＿
＿＿＿＿＿＿＿＿＿＿
＿＿＿＿＿＿＿＿＿＿
＿＿＿＿＿＿＿＿＿＿
□＿＿＿＿＿＿＿＿＿
□＿＿□＿＿＿＿＿＿
□＿＿□□■■■＿＿
□＿□□□□□■＿□
□□＿□□□□□□□
□□□□＿□□□□□
＿□□＿□□□＿□□
＿□□□□□□□□□
□＿□□□□□□□□
00:11:38(20950f):field(20949f)
＿＿＿＿＿＿＿＿＿＿
＿＿＿＿＿＿＿＿＿＿
＿＿＿＿＿＿＿＿＿＿
＿＿＿＿＿＿＿＿＿＿
＿＿＿＿＿＿＿＿＿＿
＿＿＿＿＿＿＿＿＿＿
＿＿＿＿＿＿＿＿＿＿
＿＿＿＿＿＿＿＿＿＿
＿＿＿＿＿＿＿＿＿＿
＿＿＿＿＿＿＿＿＿＿
＿＿＿＿＿＿＿＿＿＿
□＿＿＿＿＿＿＿＿＿
□＿＿□＿＿＿＿＿■
□＿＿□□□□□■■
□＿□□□□□□■□
□□＿□□□□□□□
□□□□＿□□□□□
＿□□＿□□□＿□□
＿□□□□□□□□□
□＿□□□□□□□□
00:11:38(20961f):field(20960f)
＿＿＿＿＿＿＿＿＿＿
＿＿＿＿＿＿＿＿＿＿
＿＿＿＿＿＿＿＿＿＿
＿＿＿＿＿＿＿＿＿＿
＿＿＿＿＿＿＿＿＿＿
＿＿＿＿＿＿＿＿＿＿
＿＿＿＿＿＿＿＿＿＿
＿＿＿＿＿＿＿＿＿＿
＿＿＿＿＿＿＿＿＿＿
＿＿＿＿＿＿＿＿＿＿
＿＿＿＿＿＿＿＿＿＿
□＿＿＿＿＿■＿＿＿
□＿＿□■■■＿＿□
□＿＿□□□□□□□
□＿□□□□□□□□
□□＿□□□□□□□
□□□□＿□□□□□
＿□□＿□□□＿□□
＿□□□□□□□□□
□＿□□□□□□□□
00:11:39(20972f):field(20971f)
＿＿＿＿＿＿＿＿＿＿
＿＿＿＿＿＿＿＿＿＿
＿＿＿＿＿＿＿＿＿＿
＿＿＿＿＿＿＿＿＿＿
＿＿＿＿＿＿＿＿＿＿
＿＿＿＿＿＿＿＿＿＿
＿＿＿＿＿＿＿＿＿＿
＿＿＿＿＿＿＿＿＿＿
＿＿＿＿＿＿＿＿＿＿
＿＿＿＿＿＿＿＿＿＿
＿＿＿＿■■＿＿＿＿
□＿＿＿■■□＿＿＿
□＿＿□□□□＿＿□
□＿＿□□□□□□□
□＿□□□□□□□□
□□＿□□□□□□□
□□□□＿□□□□□
＿□□＿□□□＿□□
＿□□□□□□□□□
□＿□□□□□□□□
00:11:39(20987f):field(20986f)
＿＿＿＿＿＿＿＿＿＿
＿＿＿＿＿＿＿＿＿＿
＿＿＿＿＿＿＿＿＿＿
＿＿＿＿＿＿＿＿＿＿
＿＿＿＿＿＿＿＿＿＿
＿＿＿＿＿＿＿＿＿＿
＿＿＿＿＿＿＿＿＿＿
＿＿＿＿＿＿＿＿＿＿
＿＿＿＿＿＿＿＿＿＿
＿＿＿＿＿＿＿＿＿＿
＿＿＿＿□□＿＿＿＿
□＿＿＿□□□＿■■
□＿＿□□□□■■□
□＿＿□□□□□□□
□＿□□□□□□□□
□□＿□□□□□□□
□□□□＿□□□□□
＿□□＿□□□＿□□
＿□□□□□□□□□
□＿□□□□□□□□
00:11:39(20997f):field(20996f)
＿＿＿＿＿＿＿＿＿＿
＿＿＿＿＿＿＿＿＿＿
＿＿＿＿＿＿＿＿＿＿
＿＿＿＿＿＿＿＿＿＿
＿＿＿＿＿＿＿＿＿＿
＿＿＿＿＿＿＿＿＿＿
＿＿＿＿＿＿＿＿＿＿
＿＿＿＿＿＿＿＿＿＿
＿＿＿＿＿＿＿＿＿＿
＿＿＿＿＿＿＿＿＿＿
＿＿＿＿◆◆＿＿＿＿
◆＿＿＿□◆◆■◆◆
◆＿＿◆□□◆◆◆◆
□■＿□□□□□□□
□■◆□□□□□□□
□□＿□□□□□□□
□□□□＿□□□□□
＿□□＿□□□＿□□
＿□□□□□□□□□
□＿□□□□□□□□
00:11:40(21011f):field(21010f)
＿＿＿＿＿＿＿＿＿＿
＿＿＿＿＿＿＿＿＿＿
＿＿＿＿＿＿＿＿＿＿
＿＿＿＿＿＿＿＿＿＿
＿＿＿＿＿＿＿＿＿＿
＿＿＿＿＿＿＿＿＿＿
＿＿＿＿＿＿＿＿＿＿
＿＿＿＿＿＿＿＿＿＿
＿＿＿＿＿＿＿＿＿＿
＿＿＿＿＿＿＿＿＿＿
＿＿＿＿＿＿＿＿＿＿
＿＿＿＿◆＿＿◆＿＿
＿＿＿＿◆◆＿＿＿＿
◆◆＿◆◆□◆◆◆◆
◆□■□□□□◆◆◆
□◆■□□□□□□□
□□□□■□□□□□
■□□＿□□□＿□□
＿□□□□□□□□□
□＿□□□□□□□□
00:11:40(21022f):field(21021f)
＿＿＿＿＿＿＿＿＿＿
＿＿＿＿＿＿＿＿＿＿
＿＿＿＿＿＿＿＿＿＿
＿＿＿＿＿＿＿＿＿＿
＿＿＿＿＿＿＿＿＿＿
＿＿＿＿＿＿＿＿＿＿
＿＿＿＿＿＿＿＿＿＿
＿＿＿＿＿＿＿＿＿＿
＿＿＿＿＿＿＿＿＿＿
＿＿＿＿＿＿＿＿＿＿
＿＿＿＿＿＿＿＿＿＿
＿＿＿＿＿＿＿＿＿＿
＿＿＿＿＿＿＿＿＿＿
＿＿＿＿＿◆＿＿■＿
＿◆□◆□□◆■■＿
□＿□◆□□□□□□
□□□□◆□□□□□
◆□□＿□□□＿□□
＿□□□□□□□□□
□＿□□□□□□□□
00:11:41(21033f):field(21032f)
＿＿＿＿＿＿＿＿＿＿
＿＿＿＿＿＿＿＿＿＿
＿＿＿＿＿＿＿＿＿＿
＿＿＿＿＿＿＿＿＿＿
＿＿＿＿＿＿＿＿＿＿
＿＿＿＿＿＿＿＿＿＿
＿＿＿＿＿＿＿＿＿＿
＿＿＿＿＿＿＿＿＿＿
＿＿＿＿＿＿＿＿＿＿
＿＿＿＿＿＿＿＿＿＿
＿＿＿＿＿＿＿＿＿＿
＿＿＿＿＿＿＿＿＿＿
＿＿＿＿＿＿＿＿＿＿
＿＿＿＿＿■■■□＿
＿＿□＿□□■□□＿
□＿□＿□□□□□□
□□□□＿□□□□□
＿□□＿□□□＿□□
＿□□□□□□□□□
□＿□□□□□□□□
00:11:41(21044f):field(21043f)
＿＿＿＿＿＿＿＿＿＿
＿＿＿＿＿＿＿＿＿＿
＿＿＿＿＿＿＿＿＿＿
＿＿＿＿＿＿＿＿＿＿
＿＿＿＿＿＿＿＿＿＿
＿＿＿＿＿＿＿＿＿＿
＿＿＿＿＿＿＿＿＿＿
＿＿＿＿＿＿＿＿＿＿
＿＿＿＿＿＿＿＿＿＿
＿＿＿＿＿＿＿＿＿＿
＿＿＿＿＿＿＿＿＿＿
＿＿＿＿＿■■＿＿＿
＿＿＿＿＿■■＿＿＿
＿＿＿＿＿□□□□＿
＿＿□＿□□□□□＿
□＿□＿□□□□□□
□□□□＿□□□□□
＿□□＿□□□＿□□
＿□□□□□□□□□
□＿□□□□□□□□
00:11:41(21055f):field(21054f)
＿＿＿＿＿＿＿＿＿＿
＿＿＿＿＿＿＿＿＿＿
＿＿＿＿＿＿＿＿＿＿
＿＿＿＿＿＿＿＿＿＿
＿＿＿＿＿＿＿＿＿＿
＿＿＿＿＿＿＿＿＿＿
＿＿＿＿＿＿＿＿＿＿
＿＿＿＿＿＿＿＿＿＿
＿＿＿＿＿＿＿＿＿＿
＿＿＿＿＿＿＿＿＿＿
＿＿＿＿＿＿＿＿＿＿
＿＿＿＿＿□□＿＿＿
＿＿＿＿＿□□＿＿＿
＿＿＿■■□□□□＿
＿＿□■□□□□□＿
□＿□■□□□□□□
□□□□＿□□□□□
＿□□＿□□□＿□□
＿□□□□□□□□□
□＿□□□□□□□□
00:11:42(21067f):field(21066f)
＿＿＿＿＿＿＿＿＿＿
＿＿＿＿＿＿＿＿＿＿
＿＿＿＿＿＿＿＿＿＿
＿＿＿＿＿＿＿＿＿＿
＿＿＿＿＿＿＿＿＿＿
＿＿＿＿＿＿＿＿＿＿
＿＿＿＿＿＿＿＿＿＿
＿＿＿＿＿＿＿＿＿＿
＿＿＿＿＿＿＿＿＿＿
＿＿＿＿＿＿＿＿＿＿
＿＿＿■■■＿＿＿＿
＿＿＿■＿□□＿＿＿
＿＿＿＿＿□□＿＿＿
＿＿＿□□□□□□＿
＿＿□□□□□□□＿
□＿□□□□□□□□
□□□□＿□□□□□
＿□□＿□□□＿□□
＿□□□□□□□□□
□＿□□□□□□□□
00:11:42(21080f):field(21079f)
＿＿＿＿＿＿＿＿＿＿
＿＿＿＿＿＿＿＿＿＿
＿＿＿＿＿＿＿＿＿＿
＿＿＿＿＿＿＿＿＿＿
＿＿＿＿＿＿＿＿＿＿
＿＿＿＿＿＿＿＿＿＿
＿＿＿＿＿＿＿＿＿＿
＿＿＿＿＿＿＿＿＿＿
＿＿＿＿＿＿＿＿＿＿
＿＿＿＿＿＿＿＿＿＿
＿＿＿□□□＿＿＿＿
＿＿＿□＿□□＿＿■
＿＿＿＿＿□□＿＿■
＿＿＿□□□□□□■
＿＿□□□□□□□■
□＿□□□□□□□□
□□□□＿□□□□□
＿□□＿□□□＿□□
＿□□□□□□□□□
□＿□□□□□□□□
00:11:43(21096f):field(21095f)
＿＿＿＿＿＿＿＿＿＿
＿＿＿＿＿＿＿＿＿＿
＿＿＿＿＿＿＿＿＿＿
＿＿＿＿＿＿＿＿＿＿
＿＿＿＿＿＿＿＿＿＿
＿＿＿＿＿＿＿＿＿＿
＿＿＿＿＿＿＿＿＿＿
＿＿＿＿＿＿＿＿＿＿
＿＿＿＿＿＿＿＿＿＿
＿＿＿＿＿＿＿＿＿＿
＿＿＿◆◆◆＿＿＿＿
＿＿＿◆＿◆◆＿＿◆
＿＿＿■■□◆＿＿◆
＿＿■□◆□□◆◆□
＿■◆□◆□□◆◆□
◆■◆□□□□□□□
□□□□■□□□□□
■□□＿□□□＿□□
＿□□□□□□□□□
□＿□□□□□□□□
00:11:43(21108f):field(21107f)
＿＿＿＿＿＿＿＿＿＿
＿＿＿＿＿＿＿＿＿＿
＿＿＿＿＿＿＿＿＿＿
＿＿＿＿＿＿＿＿＿＿
＿＿＿＿＿＿＿＿＿＿
＿＿＿＿＿＿＿＿＿＿
＿＿＿＿＿＿＿＿＿＿
＿＿＿＿＿＿＿＿＿＿
＿＿＿＿＿＿＿＿＿＿
＿＿＿＿＿＿＿＿＿＿
＿＿＿＿＿＿＿＿＿＿
＿＿＿＿＿＿＿＿＿＿
＿＿＿□□□＿＿＿＿
＿■◆□＿□□＿＿□
■□＿◆＿□□＿＿□
■□＿□□□□□□□
□□□□◆□□□□□
◆□□＿□□□＿□□
＿□□□□□□□□□
□＿□□□□□□□□
00:11:44(21122f):field(21121f)
＿＿＿＿＿＿＿＿＿＿
＿＿＿＿＿＿＿＿＿＿
＿＿＿＿＿＿＿＿＿＿
＿＿＿＿＿＿＿＿＿＿
＿＿＿＿＿＿＿＿＿＿
＿＿＿＿＿＿＿＿＿＿
＿＿＿＿＿＿＿＿＿＿
＿＿＿＿＿＿＿＿＿＿
＿＿＿＿＿＿＿＿＿＿
＿＿＿＿＿＿＿＿＿＿
＿＿＿＿＿＿＿＿＿＿
＿＿＿＿■■■＿＿＿
＿＿＿□□□■＿＿＿
＿□＿□＿□□＿＿□
□□＿＿＿□□＿＿□
□□＿□□□□□□□
□□□□＿□□□□□
＿□□＿□□□＿□□
＿□□□□□□□□□
□＿□□□□□□□□
00:11:44(21134f):field(21133f)
＿＿＿＿＿＿＿＿＿＿
＿＿＿＿＿＿＿＿＿＿
＿＿＿＿＿＿＿＿＿＿
＿＿＿＿＿＿＿＿＿＿
＿＿＿＿＿＿＿＿＿＿
＿＿＿＿＿＿＿＿＿＿
＿＿＿＿＿＿＿＿＿＿
＿＿＿＿＿＿＿＿＿＿
＿＿＿＿＿＿＿＿＿＿
＿＿＿＿＿＿＿＿＿＿
＿＿＿＿＿＿＿＿＿＿
＿＿＿＿□□□＿＿＿
＿＿＿□□□□＿＿＿
＿□＿□＿□□■■□
□□＿＿＿□□■■□
□□＿□□□□□□□
□□□□＿□□□□□
＿□□＿□□□＿□□
＿□□□□□□□□□
□＿□□□□□□□□
00:11:45(21160f):field(21159f)
＿＿＿＿＿＿＿＿＿＿
＿＿＿＿＿＿＿＿＿＿
＿＿＿＿＿＿＿＿＿＿
＿＿＿＿＿＿＿＿＿＿
＿＿＿＿＿＿＿＿＿＿
＿＿＿＿＿＿＿＿＿＿
＿＿＿＿＿＿＿＿＿＿
＿＿＿＿＿＿＿＿＿＿
＿＿＿＿＿＿＿＿＿＿
＿＿＿＿＿＿＿＿＿＿
＿＿＿＿＿＿＿＿＿＿
＿＿＿＿◆◆◆＿＿＿
■＿＿◆□□□＿＿＿
■□■□■□□◆◆◆
□□■■■□□□□□
□□■◆◆□□□□□
□□□□＿□□□□□
＿□□＿□□□＿□□
＿□□□□□□□□□
□＿□□□□□□□□
00:11:45(21173f):field(21172f)
＿＿＿＿＿＿＿＿＿＿
＿＿＿＿＿＿＿＿＿＿
＿＿＿＿＿＿＿＿＿＿
＿＿＿＿＿＿＿＿＿＿
＿＿＿＿＿＿＿＿＿＿
＿＿＿＿＿＿＿＿＿＿
＿＿＿＿＿＿＿＿＿＿
＿＿＿＿＿＿＿＿＿＿
＿＿＿＿＿＿＿＿＿＿
＿＿＿＿＿＿＿＿＿＿
＿＿＿＿＿＿＿＿＿＿
＿＿■＿＿＿＿＿＿＿
□■■■□□□＿＿＿
□□□□□□□＿＿＿
□□□□◆□□□□□
□□□＿＿□□□□□
□□□□＿□□□□□
＿□□＿□□□＿□□
＿□□□□□□□□□
□＿□□□□□□□□
00:11:46(21187f):field(21186f)
＿＿＿＿＿＿＿＿＿＿
＿＿＿＿＿＿＿＿＿＿
＿＿＿＿＿＿＿＿＿＿
＿＿＿＿＿＿＿＿＿＿
＿＿＿＿＿＿＿＿＿＿
＿＿＿＿＿＿＿＿＿＿
＿＿＿＿＿＿＿＿＿＿
＿＿＿＿＿＿＿＿＿＿
＿＿＿＿＿＿＿＿＿＿
＿＿＿＿＿＿＿＿＿＿
＿＿＿＿＿＿＿＿＿＿
＿＿◆＿＿■■■＿＿
◆◆□□□◆◆＿＿＿
□□□□□□□＿＿■
□□□□＿□□□□□
□□□＿＿□□□□□
□□□□＿□□□□□
＿□□＿□□□＿□□
＿□□□□□□□□□
□＿□□□□□□□□
00:11:46(21198f):field(21197f)
＿＿＿＿＿＿＿＿＿＿
＿＿＿＿＿＿＿＿＿＿
＿＿＿＿＿＿＿＿＿＿
＿＿＿＿＿＿＿＿＿＿
＿＿＿＿＿＿＿＿＿＿
＿＿＿＿＿＿＿＿＿＿
＿＿＿＿＿＿＿＿＿＿
＿＿＿＿＿＿＿＿＿＿
＿＿＿＿＿＿＿＿＿＿
＿＿＿＿＿＿＿＿＿＿
＿＿＿＿＿＿＿＿＿＿
＿＿＿＿＿◆◆◆＿＿
＿■◆◆□＿＿■＿■
◆◆□◆◆□◆■＿◆
□□□□■□□□□□
□□□■＿□□□□□
□□□□＿□□□□□
＿□□＿□□□＿□□
＿□□□□□□□□□
□＿□□□□□□□□
00:11:46(21207f):field(21206f)
＿＿＿＿＿＿＿＿＿＿
＿＿＿＿＿＿＿＿＿＿
＿＿＿＿＿＿＿＿＿＿
＿＿＿＿＿＿＿＿＿＿
＿＿＿＿＿＿＿＿＿＿
＿＿＿＿＿＿＿＿＿＿
＿＿＿＿＿＿＿＿＿＿
＿＿＿＿＿＿＿＿＿＿
＿＿＿＿＿＿＿＿＿＿
＿＿＿＿＿＿＿＿＿＿
＿＿＿＿＿＿＿＿＿＿
＿■＿＿＿＿＿＿＿■
＿◆＿＿□■■□＿◆
＿＿□＿＿□■□＿＿
□□□□◆□□□□□
□□□◆＿□□□□□
□□□□＿□□□□□
＿□□＿□□□＿□□
＿□□□□□□□□□
□＿□□□□□□□□
00:11:47(21220f):field(21219f)
＿＿＿＿＿＿＿＿＿＿
＿＿＿＿＿＿＿＿＿＿
＿＿＿＿＿＿＿＿＿＿
＿＿＿＿＿＿＿＿＿＿
＿＿＿＿＿＿＿＿＿＿
＿＿＿＿＿＿＿＿＿＿
＿＿＿＿＿＿＿＿＿＿
＿＿＿＿＿＿＿＿＿＿
＿＿＿＿＿＿＿＿＿＿
＿＿＿＿＿＿＿＿＿＿
＿＿＿＿＿＿＿＿＿＿
＿◆＿＿＿＿＿＿＿◆
＿＿＿＿◆◆◆◆＿＿
＿■◆■＿□□□＿＿
◆◆□□■□□□□◆
□□□＿＿□□□□□
□□□□＿□□□□□
＿□□＿□□□＿□□
＿□□□□□□□□□
□＿□□□□□□□□
00:11:47(21231f):field(21230f)
＿＿＿＿＿＿＿＿＿＿
＿＿＿＿＿＿＿＿＿＿
＿＿＿＿＿＿＿＿＿＿
＿＿＿＿＿＿＿＿＿＿
＿＿＿＿＿＿＿＿＿＿
＿＿＿＿＿＿＿＿＿＿
＿＿＿＿＿＿＿＿＿＿
＿＿＿＿＿＿＿＿＿＿
＿＿＿＿＿＿＿＿＿＿
＿＿＿＿＿＿＿＿＿＿
＿＿＿＿＿＿＿＿＿＿
＿＿＿＿＿■＿＿＿＿
＿＿＿＿■■＿＿＿＿
＿◆＿□■□□□＿＿
＿＿□□□□□□◆＿
□□□＿＿□□□□□
□□□□＿□□□□□
＿□□＿□□□＿□□
＿□□□□□□□□□
□＿□□□□□□□□
00:11:48(21243f):field(21242f)
＿＿＿＿＿＿＿＿＿＿
＿＿＿＿＿＿＿＿＿＿
＿＿＿＿＿＿＿＿＿＿
＿＿＿＿＿＿＿＿＿＿
＿＿＿＿＿＿＿＿＿＿
＿＿＿＿＿＿＿＿＿＿
＿＿＿＿＿＿＿＿＿＿
＿＿＿＿＿＿＿＿＿＿
＿＿＿＿＿＿＿＿＿＿
＿＿＿＿＿＿＿＿＿＿
＿＿＿＿＿＿＿＿＿＿
＿＿＿＿＿□＿＿＿＿
＿＿＿＿□□＿＿＿■
＿＿＿□□□□□＿■
＿＿□□□□□□■■
□□□＿＿□□□□□
□□□□＿□□□□□
＿□□＿□□□＿□□
＿□□□□□□□□□
□＿□□□□□□□□
00:11:48(21258f):field(21257f)
＿＿＿＿＿＿＿＿＿＿
＿＿＿＿＿＿＿＿＿＿
＿＿＿＿＿＿＿＿＿＿
＿＿＿＿＿＿＿＿＿＿
＿＿＿＿＿＿＿＿＿＿
＿＿＿＿＿＿＿＿＿＿
＿＿＿＿＿＿＿＿＿＿
＿＿＿＿＿＿＿＿＿＿
＿＿＿＿＿＿＿＿＿＿
＿＿＿＿＿＿＿＿＿＿
＿＿＿＿＿＿＿＿＿＿
＿＿＿＿＿◆＿＿＿＿
＿＿＿＿◆□＿＿＿◆
■＿■◆□□◆◆＿□
■＿◆□□□□□◆□
□□□＿＿□□□□□
□□□□■□□□□□
＿□□＿□□□＿□□
＿□□□□□□□□□
□＿□□□□□□□□
00:11:48(21267f):field(21266f)
＿＿＿＿＿＿＿＿＿＿
＿＿＿＿＿＿＿＿＿＿
＿＿＿＿＿＿＿＿＿＿
＿＿＿＿＿＿＿＿＿＿
＿＿＿＿＿＿＿＿＿＿
＿＿＿＿＿＿＿＿＿＿
＿＿＿＿＿＿＿＿＿＿
＿＿＿＿＿＿＿＿＿＿
＿＿＿＿＿＿＿＿＿＿
＿＿＿＿＿＿＿＿＿＿
＿＿＿＿■＿＿＿＿＿
＿＿＿＿■■＿＿＿＿
＿＿＿＿■□＿＿＿＿
□＿◆＿□□＿＿＿□
□＿＿□□□□□＿□
□□□＿＿□□□□□
□□□□◆□□□□□
＿□□＿□□□＿□□
＿□□□□□□□□□
□＿□□□□□□□□
00:11:49(21279f):field(21278f)
＿＿＿＿＿＿＿＿＿＿
＿＿＿＿＿＿＿＿＿＿
＿＿＿＿＿＿＿＿＿＿
＿＿＿＿＿＿＿＿＿＿
＿＿＿＿＿＿＿＿＿＿
＿＿＿＿＿＿＿＿＿＿
＿＿＿＿＿＿＿＿＿＿
＿＿＿＿＿＿＿＿＿＿
＿＿＿＿＿＿＿＿＿＿
＿＿＿＿＿＿＿＿＿＿
＿＿＿＿□＿＿＿＿＿
＿＿＿＿□□＿＿＿＿
＿＿＿＿□□＿■＿＿
□＿＿＿□□＿■■□
□＿＿□□□□□■□
□□□＿＿□□□□□
□□□□＿□□□□□
＿□□＿□□□＿□□
＿□□□□□□□□□
□＿□□□□□□□□
00:11:49(21289f):field(21288f)
＿＿＿＿＿＿＿＿＿＿
＿＿＿＿＿＿＿＿＿＿
＿＿＿＿＿＿＿＿＿＿
＿＿＿＿＿＿＿＿＿＿
＿＿＿＿＿＿＿＿＿＿
＿＿＿＿＿＿＿＿＿＿
＿＿＿＿＿＿＿＿＿＿
＿＿＿＿＿＿＿＿＿＿
＿＿＿＿＿＿＿＿＿＿
＿＿＿＿＿＿＿＿＿＿
＿＿＿＿□＿■＿＿＿
＿＿＿＿□□■＿＿＿
＿＿＿＿□□■□＿＿
□＿＿＿□□■□□□
□＿＿□□□□□□□
□□□＿＿□□□□□
□□□□＿□□□□□
＿□□＿□□□＿□□
＿□□□□□□□□□
□＿□□□□□□□□
00:11:50(21304f):field(21303f)
＿＿＿＿＿＿＿＿＿＿
＿＿＿＿＿＿＿＿＿＿
＿＿＿＿＿＿＿＿＿＿
＿＿＿＿＿＿＿＿＿＿
＿＿＿＿＿＿＿＿＿＿
＿＿＿＿＿＿＿＿＿＿
＿＿＿＿＿＿＿＿＿＿
＿＿＿＿＿＿＿＿＿＿
＿＿＿＿＿＿＿＿＿＿
＿＿＿＿＿＿＿＿＿＿
＿＿＿＿◆＿◆＿＿＿
＿＿＿＿□◆□＿＿＿
＿＿＿＿□□□◆＿＿
◆■■■□□□□◆□
□＿■◆□□□□□□
□□□＿＿□□□□□
□□□□＿□□□□□
＿□□＿□□□＿□□
＿□□□□□□□□□
□＿□□□□□□□□
00:11:50(21314f):field(21313f)
＿＿＿＿＿＿＿＿＿＿
＿＿＿＿＿＿＿＿＿＿
＿＿＿＿＿＿＿＿＿＿
＿＿＿＿＿＿＿＿＿＿
＿＿＿＿＿＿＿＿＿＿
＿＿＿＿＿＿＿＿＿＿
＿＿＿＿＿＿＿＿＿＿
＿＿＿＿＿＿＿＿＿＿
＿＿＿＿＿＿＿＿＿＿
＿＿＿＿＿＿＿＿＿＿
＿＿＿＿＿＿＿＿＿＿
＿＿＿＿□＿□＿＿＿
＿＿＿＿□□□＿■■
＿◆□◆□□□□■□
□＿□＿□□□□□□
□□□＿＿□□□□□
□□□□■□□□□□
＿□□＿□□□＿□□
＿□□□□□□□□□
□＿□□□□□□□□
00:11:50(21326f):field(21325f)
＿＿＿＿＿＿＿＿＿＿
＿＿＿＿＿＿＿＿＿＿
＿＿＿＿＿＿＿＿＿＿
＿＿＿＿＿＿＿＿＿＿
＿＿＿＿＿＿＿＿＿＿
＿＿＿＿＿＿＿＿＿＿
＿＿＿＿＿＿＿＿＿＿
＿＿＿＿＿＿＿＿＿＿
＿＿＿＿＿＿＿＿＿＿
＿＿＿＿＿＿■＿＿＿
＿＿＿＿＿■■＿＿＿
＿＿＿＿□■□＿＿＿
＿＿＿＿□□□＿□□
＿＿□＿□□□□□□
□＿□＿□□□□□□
□□□＿＿□□□□□
□□□□◆□□□□□
＿□□＿□□□＿□□
＿□□□□□□□□□
□＿□□□□□□□□
00:11:51(21336f):field(21335f)
＿＿＿＿＿＿＿＿＿＿
＿＿＿＿＿＿＿＿＿＿
＿＿＿＿＿＿＿＿＿＿
＿＿＿＿＿＿＿＿＿＿
＿＿＿＿＿＿＿＿＿＿
＿＿＿＿＿＿＿＿＿＿
＿＿＿＿＿＿＿＿＿＿
＿＿＿＿＿＿＿＿＿＿
＿＿＿＿＿＿＿＿＿＿
＿＿＿＿＿＿□＿＿＿
＿＿＿＿＿□□＿＿＿
＿＿＿＿□□□＿＿＿
■＿＿＿□□□＿□□
■■□＿□□□□□□
□■□＿□□□□□□
□□□＿＿□□□□□
□□□□＿□□□□□
＿□□＿□□□＿□□
＿□□□□□□□□□
□＿□□□□□□□□
00:11:51(21350f):field(21349f)
＿＿＿＿＿＿＿＿＿＿
＿＿＿＿＿＿＿＿＿＿
＿＿＿＿＿＿＿＿＿＿
＿＿＿＿＿＿＿＿＿＿
＿＿＿＿＿＿＿＿＿＿
＿＿＿＿＿＿＿＿＿＿
＿＿＿＿＿＿＿＿＿＿
＿＿＿＿＿＿＿＿＿＿
＿＿＿＿＿＿＿＿＿＿
＿＿＿＿＿＿◆＿＿＿
＿＿＿＿＿◆◆＿＿＿
＿＿＿＿◆◆□＿＿＿
◆＿＿＿◆□□■◆◆
□◆◆＿□□□◆□◆
□□□■□□□□□□
□□□■■□□□□□
□□□□＿□□□□□
＿□□＿□□□＿□□
＿□□□□□□□□□
□＿□□□□□□□□
00:11:52(21367f):field(21366f)
＿＿＿＿＿＿＿＿＿＿
＿＿＿＿＿＿＿＿＿＿
＿＿＿＿＿＿＿＿＿＿
＿＿＿＿＿＿＿＿＿＿
＿＿＿＿＿＿＿＿＿＿
＿＿＿＿＿＿＿＿＿＿
＿＿＿＿＿＿＿＿＿＿
＿＿＿＿＿＿＿＿＿＿
＿＿＿＿＿＿＿＿＿＿
＿＿＿＿＿＿＿＿＿＿
＿＿＿＿＿＿＿＿＿＿
＿＿＿＿＿＿□＿＿＿
＿＿■＿＿□□◆＿＿
◆＿■＿□□□＿◆＿
□□□□□□□◆□□
□□□□◆□□□□□
□□□□＿□□□□□
＿□□＿□□□＿□□
＿□□□□□□□□□
□＿□□□□□□□□
00:11:52(21378f):field(21377f)
＿＿＿＿＿＿＿＿＿＿
＿＿＿＿＿＿＿＿＿＿
＿＿＿＿＿＿＿＿＿＿
＿＿＿＿＿＿＿＿＿＿
＿＿＿＿＿＿＿＿＿＿
＿＿＿＿＿＿＿＿＿＿
＿＿＿＿＿＿＿＿＿＿
＿＿＿＿＿＿＿＿＿＿
＿＿＿＿＿＿＿＿＿＿
＿＿＿＿＿＿＿＿＿＿
＿＿＿＿＿＿＿＿＿＿
＿＿■■＿＿□＿＿＿
＿＿□■＿□□＿＿＿
＿＿□■□□□＿＿＿
□□□□□□□＿□□
□□□□＿□□□□□
□□□□＿□□□□□
＿□□＿□□□＿□□
＿□□□□□□□□□
□＿□□□□□□□□
00:11:52(21389f):field(21388f)
＿＿＿＿＿＿＿＿＿＿
＿＿＿＿＿＿＿＿＿＿
＿＿＿＿＿＿＿＿＿＿
＿＿＿＿＿＿＿＿＿＿
＿＿＿＿＿＿＿＿＿＿
＿＿＿＿＿＿＿＿＿＿
＿＿＿＿＿＿＿＿＿＿
＿＿＿＿＿＿＿＿＿＿
＿＿＿＿＿＿＿＿＿＿
＿＿＿＿＿＿＿＿＿＿
＿＿＿＿＿■＿＿＿＿
＿＿□□■■□＿＿＿
＿＿□□■□□＿＿＿
＿＿□□□□□＿＿＿
□□□□□□□＿□□
□□□□＿□□□□□
□□□□＿□□□□□
＿□□＿□□□＿□□
＿□□□□□□□□□
□＿□□□□□□□□
00:11:53(21400f):field(21399f)
＿＿＿＿＿＿＿＿＿＿
＿＿＿＿＿＿＿＿＿＿
＿＿＿＿＿＿＿＿＿＿
＿＿＿＿＿＿＿＿＿＿
＿＿＿＿＿＿＿＿＿＿
＿＿＿＿＿＿＿＿＿＿
＿＿＿＿＿＿＿＿＿＿
＿＿＿＿＿＿＿＿＿＿
＿＿＿＿＿＿＿＿＿＿
＿＿＿■＿＿＿＿＿＿
＿＿■■■□＿＿＿＿
＿＿□□□□□＿＿＿
＿＿□□□□□＿＿＿
＿＿□□□□□＿＿＿
□□□□□□□＿□□
□□□□＿□□□□□
□□□□＿□□□□□
＿□□＿□□□＿□□
＿□□□□□□□□□
□＿□□□□□□□□
00:11:53(21417f):field(21416f)
＿＿＿＿＿＿＿＿＿＿
＿＿＿＿＿＿＿＿＿＿
＿＿＿＿＿＿＿＿＿＿
＿＿＿＿＿＿＿＿＿＿
＿＿＿＿＿＿＿＿＿＿
＿＿＿＿＿＿＿＿＿＿
＿＿＿＿＿＿＿＿＿＿
＿＿＿＿＿＿＿＿＿＿
＿＿＿＿＿＿＿＿＿＿
＿＿＿◆＿＿＿＿＿＿
＿＿◆□◆◆＿＿＿＿
＿＿□□□□◆＿＿＿
＿＿□□□□□■＿＿
＿■□□□□□■＿＿
◆◆□□□□□■◆◆
□□□□■□□□□□
□□□□■□□□□□
＿□□＿□□□＿□□
＿□□□□□□□□□
□＿□□□□□□□□
00:11:54(21426f):field(21425f)
＿＿＿＿＿＿＿＿＿＿
＿＿＿＿＿＿＿＿＿＿
＿＿＿＿＿＿＿＿＿＿
＿＿＿＿＿＿＿＿＿＿
＿＿＿＿＿＿＿＿＿＿
＿＿＿＿＿＿＿＿＿＿
＿＿＿＿＿＿＿＿＿＿
＿＿＿＿＿＿＿＿＿＿
＿＿＿＿＿＿＿＿＿＿
＿＿＿■■＿＿＿＿＿
＿＿＿□■■＿＿＿＿
＿＿□□□□＿＿＿＿
＿＿□□□□□□＿＿
＿◆□□□□□□＿＿
＿＿□□□□□□＿＿
□□□□◆□□□□□
□□□□◆□□□□□
＿□□＿□□□＿□□
＿□□□□□□□□□
□＿□□□□□□□□
00:11:54(21437f):field(21436f)
＿＿＿＿＿＿＿＿＿＿
＿＿＿＿＿＿＿＿＿＿
＿＿＿＿＿＿＿＿＿＿
＿＿＿＿＿＿＿＿＿＿
＿＿＿＿＿＿＿＿＿＿
＿＿＿＿＿＿＿＿＿＿
＿＿＿＿＿＿＿＿＿＿
＿＿＿＿＿＿＿＿＿＿
＿＿＿＿＿＿＿＿＿＿
＿＿＿□□＿＿＿＿＿
＿＿＿□□□＿＿＿＿
＿＿□□□□＿＿＿＿
＿＿□□□□□□■＿
＿＿□□□□□□■■
＿＿□□□□□□＿■
□□□□＿□□□□□
□□□□＿□□□□□
＿□□＿□□□＿□□
＿□□□□□□□□□
□＿□□□□□□□□
00:11:55(21450f):field(21449f)
＿＿＿＿＿＿＿＿＿＿
＿＿＿＿＿＿＿＿＿＿
＿＿＿＿＿＿＿＿＿＿
＿＿＿＿＿＿＿＿＿＿
＿＿＿＿＿＿＿＿＿＿
＿＿＿＿＿＿＿＿＿＿
＿＿＿＿＿＿＿＿＿＿
＿＿＿＿＿＿＿＿＿＿
＿＿＿＿＿＿＿＿＿＿
＿＿＿□□＿＿＿＿＿
＿＿＿□□□＿＿＿＿
＿＿□□□□＿＿＿＿
■＿□□□□□□□＿
■＿□□□□□□□□
■■□□□□□□＿□
□□□□＿□□□□□
□□□□＿□□□□□
＿□□＿□□□＿□□
＿□□□□□□□□□
□＿□□□□□□□□
00:11:55(21464f):field(21463f)
＿＿＿＿＿＿＿＿＿＿
＿＿＿＿＿＿＿＿＿＿
＿＿＿＿＿＿＿＿＿＿
＿＿＿＿＿＿＿＿＿＿
＿＿＿＿＿＿＿＿＿＿
＿＿＿＿＿＿＿＿＿＿
＿＿＿＿＿＿＿＿＿＿
＿＿＿＿＿＿＿＿＿＿
＿＿＿＿＿＿＿＿＿＿
＿＿＿□□＿＿＿＿＿
＿＿＿□□□■■＿＿
＿＿□□□□■■＿＿
□＿□□□□□□□＿
□＿□□□□□□□□
□□□□□□□□＿□
□□□□＿□□□□□
□□□□＿□□□□□
＿□□＿□□□＿□□
＿□□□□□□□□□
□＿□□□□□□□□
00:11:55(21475f):field(21474f)
＿＿＿＿＿＿＿＿＿＿
＿＿＿＿＿＿＿＿＿＿
＿＿＿＿＿＿＿＿＿＿
＿＿＿＿＿＿＿＿＿＿
＿＿＿＿＿＿＿＿＿＿
＿＿＿＿＿＿＿＿＿＿
＿＿＿＿＿＿＿＿＿＿
＿＿＿＿＿＿＿＿＿＿
＿＿＿＿＿＿＿＿＿＿
＿＿＿□□＿＿＿＿■
＿＿＿□□□□□＿■
＿＿□□□□□□＿■
□＿□□□□□□□■
□＿□□□□□□□□
□□□□□□□□＿□
□□□□＿□□□□□
□□□□＿□□□□□
＿□□＿□□□＿□□
＿□□□□□□□□□
□＿□□□□□□□□
00:11:56(21485f):field(21484f)
＿＿＿＿＿＿＿＿＿＿
＿＿＿＿＿＿＿＿＿＿
＿＿＿＿＿＿＿＿＿＿
＿＿＿＿＿＿＿＿＿＿
＿＿＿＿＿＿＿＿＿＿
＿＿＿＿＿＿＿＿＿＿
＿＿＿＿＿＿＿＿＿＿
＿＿＿＿＿＿＿＿＿＿
＿＿＿＿■■＿＿＿＿
＿＿＿□□■■＿＿□
＿＿＿□□□□□＿□
＿＿□□□□□□＿□
□＿□□□□□□□□
□＿□□□□□□□□
□□□□□□□□＿□
□□□□＿□□□□□
□□□□＿□□□□□
＿□□＿□□□＿□□
＿□□□□□□□□□
□＿□□□□□□□□
00:11:56(21500f):field(21499f)
＿＿＿＿＿＿＿＿＿＿
＿＿＿＿＿＿＿＿＿＿
＿＿＿＿＿＿＿＿＿＿
＿＿＿＿＿＿＿＿＿＿
＿＿＿＿＿＿＿＿＿＿
＿＿＿＿＿＿＿＿＿＿
＿＿＿＿＿＿＿＿＿＿
＿＿＿＿＿＿＿＿＿＿
＿＿■■□□＿＿＿＿
＿＿■□□□□＿＿□
＿＿■□□□□□＿□
＿＿□□□□□□＿□
□＿□□□□□□□□
□＿□□□□□□□□
□□□□□□□□＿□
□□□□＿□□□□□
□□□□＿□□□□□
＿□□＿□□□＿□□
＿□□□□□□□□□
□＿□□□□□□□□
00:11:57(21512f):field(21511f)
＿＿＿＿＿＿＿＿＿＿
＿＿＿＿＿＿＿＿＿＿
＿＿＿＿＿＿＿＿＿＿
＿＿＿＿＿＿＿＿＿＿
＿＿＿＿＿＿＿＿＿＿
＿＿＿＿＿＿＿＿＿＿
＿＿＿＿＿＿＿＿＿＿
＿＿＿＿＿＿＿＿＿＿
＿＿□□□□＿＿■＿
＿＿□□□□□■■□
＿＿□□□□□□■□
＿＿□□□□□□＿□
□＿□□□□□□□□
□＿□□□□□□□□
□□□□□□□□＿□
□□□□＿□□□□□
□□□□＿□□□□□
＿□□＿□□□＿□□
＿□□□□□□□□□
□＿□□□□□□□□
00:11:57(21527f):field(21526f)
＿＿＿＿＿＿＿＿＿＿
＿＿＿＿＿＿＿＿＿＿
＿＿＿＿＿＿＿＿＿＿
＿＿＿＿＿＿＿＿＿＿
＿＿＿＿＿＿＿＿＿＿
＿＿＿＿＿＿＿＿＿＿
＿＿＿＿＿＿＿＿＿＿
＿＿＿＿＿＿＿＿＿＿
＿＿◆◆◆◆＿＿◆＿
＿＿◆◆◆◆◆◆◆◆
＿＿□□□□◆◆□◆
＿■□□□□□□■□
◆■□□□□□□□□
□■□□□□□□◆□
□□□□□□□□■□
□□□□■□□□□□
□□□□＿□□□□□
＿□□＿□□□＿□□
＿□□□□□□□□□
□＿□□□□□□□□
00:11:58(21540f):field(21539f)
＿＿＿＿＿＿＿＿＿＿
＿＿＿＿＿＿＿＿＿＿
＿＿＿＿＿＿＿＿＿＿
＿＿＿＿＿＿＿＿＿＿
＿＿＿＿＿＿＿＿＿＿
＿＿＿＿＿＿＿＿＿＿
＿＿＿＿＿＿＿＿＿＿
＿＿＿＿＿＿＿＿＿＿
＿＿＿＿＿＿＿＿＿＿
＿＿＿＿＿＿＿■■＿
＿＿□□□□■■□＿
＿◆□□□□□□□□
＿◆□□□□□□□□
□□□□□□□□＿□
□□□□□□□□◆□
□□□□◆□□□□□
□□□□＿□□□□□
＿□□＿□□□＿□□
＿□□□□□□□□□
□＿□□□□□□□□
00:11:58(21552f):field(21551f)
＿＿＿＿＿＿＿＿＿＿
＿＿＿＿＿＿＿＿＿＿
＿＿＿＿＿＿＿＿＿＿
＿＿＿＿＿＿＿＿＿＿
＿＿＿＿＿＿＿＿＿＿
＿＿＿＿＿＿＿＿＿＿
＿＿＿＿＿＿＿＿＿＿
＿＿＿＿＿＿＿＿＿＿
＿＿＿＿＿＿＿＿＿＿
＿＿＿＿＿＿＿◆◆＿
■＿◆◆◆◆□◆◆＿
＿■□◆◆◆◆□□□
＿＿□□□□□□□◆
□□□□□□□□＿□
□□□□□□□□＿□
□□□□＿□□□□□
□□□□＿□□□□□
＿□□＿□□□＿□□
＿□□□□□□□□□
□＿□□□□□□□□
00:11:58(21564f):field(21563f)
＿＿＿＿＿＿＿＿＿＿
＿＿＿＿＿＿＿＿＿＿
＿＿＿＿＿＿＿＿＿＿
＿＿＿＿＿＿＿＿＿＿
＿＿＿＿＿＿＿＿＿＿
＿＿＿＿＿＿＿＿＿＿
＿＿＿＿＿＿＿＿＿＿
＿＿＿＿＿＿＿＿＿＿
＿＿＿＿＿＿＿＿＿＿
＿＿＿＿＿＿＿＿＿＿
◆＿■＿＿＿◆＿＿＿
＿□□＿＿＿＿□□◆
＿■□□□□□□□＿
□□□□□□□□＿□
□□□□□□□□＿□
□□□□＿□□□□□
□□□□＿□□□□□
＿□□＿□□□＿□□
＿□□□□□□□□□
□＿□□□□□□□□
00:11:59(21574f):field(21573f)
＿＿＿＿＿＿＿＿＿＿
＿＿＿＿＿＿＿＿＿＿
＿＿＿＿＿＿＿＿＿＿
＿＿＿＿＿＿＿＿＿＿
＿＿＿＿＿＿＿＿＿＿
＿＿＿＿＿＿＿＿＿＿
＿＿＿＿＿＿＿＿＿＿
＿＿＿＿＿＿＿＿＿＿
＿＿＿＿＿＿＿＿＿＿
＿＿＿＿＿＿＿＿＿＿
＿＿□■＿＿＿＿＿＿
＿□□■■■＿□□＿
＿□□□□□□□□＿
□□□□□□□□＿□
□□□□□□□□＿□
□□□□＿□□□□□
□□□□＿□□□□□
＿□□＿□□□＿□□
＿□□□□□□□□□
□＿□□□□□□□□
00:11:59(21586f):field(21585f)
＿＿＿＿＿＿＿＿＿＿
＿＿＿＿＿＿＿＿＿＿
＿＿＿＿＿＿＿＿＿＿
＿＿＿＿＿＿＿＿＿＿
＿＿＿＿＿＿＿＿＿＿
＿＿＿＿＿＿＿＿＿＿
＿＿＿＿＿＿＿＿＿＿
＿＿＿＿＿＿＿＿＿＿
＿＿＿＿＿＿＿＿＿＿
＿＿＿＿＿＿＿＿＿＿
＿＿□□＿＿■■■＿
＿□□□□□■□□＿
＿□□□□□□□□＿
□□□□□□□□＿□
□□□□□□□□＿□
□□□□＿□□□□□
□□□□＿□□□□□
＿□□＿□□□＿□□
＿□□□□□□□□□
□＿□□□□□□□□
00:11:59(21596f):field(21595f)
＿＿＿＿＿＿＿＿＿＿
＿＿＿＿＿＿＿＿＿＿
＿＿＿＿＿＿＿＿＿＿
＿＿＿＿＿＿＿＿＿＿
＿＿＿＿＿＿＿＿＿＿
＿＿＿＿＿＿＿＿＿＿
＿＿＿＿＿＿＿＿＿＿
＿＿＿＿＿＿＿＿＿＿
＿＿＿＿＿■＿＿＿＿
＿＿＿＿＿■■＿＿＿
＿＿□□＿■□□□＿
＿□□□□□□□□＿
＿□□□□□□□□＿
□□□□□□□□＿□
□□□□□□□□＿□
□□□□＿□□□□□
□□□□＿□□□□□
＿□□＿□□□＿□□
＿□□□□□□□□□
□＿□□□□□□□□
00:12:00(21608f):field(21607f)
＿＿＿＿＿＿＿＿＿＿
＿＿＿＿＿＿＿＿＿＿
＿＿＿＿＿＿＿＿＿＿
＿＿＿＿＿＿＿＿＿＿
＿＿＿＿＿＿＿＿＿＿
＿＿＿＿＿＿＿＿＿＿
＿＿＿＿＿＿＿＿＿＿
＿＿＿＿＿＿＿＿＿＿
＿＿＿＿＿□＿＿＿＿
＿＿＿＿＿□□＿＿■
＿＿□□＿□□□□■
＿□□□□□□□□■
＿□□□□□□□□■
□□□□□□□□＿□
□□□□□□□□＿□
□□□□＿□□□□□
□□□□＿□□□□□
＿□□＿□□□＿□□
＿□□□□□□□□□
□＿□□□□□□□□
00:12:00(21620f):field(21619f)
＿＿＿＿＿＿＿＿＿＿
＿＿＿＿＿＿＿＿＿＿
＿＿＿＿＿＿＿＿＿＿
＿＿＿＿＿＿＿＿＿＿
＿＿＿＿＿＿＿＿＿＿
＿＿＿＿＿＿＿＿＿＿
＿＿＿＿＿＿＿＿＿＿
＿＿＿＿＿＿＿＿＿＿
＿＿＿＿＿□■■＿＿
＿＿＿＿＿□□■■□
＿＿□□＿□□□□□
＿□□□□□□□□□
＿□□□□□□□□□
□□□□□□□□＿□
□□□□□□□□＿□
□□□□＿□□□□□
□□□□＿□□□□□
＿□□＿□□□＿□□
＿□□□□□□□□□
□＿□□□□□□□□
00:12:01(21630f):field(21629f)
＿＿＿＿＿＿＿＿＿＿
＿＿＿＿＿＿＿＿＿＿
＿＿＿＿＿＿＿＿＿＿
＿＿＿＿＿＿＿＿＿＿
＿＿＿＿＿＿＿＿＿＿
＿＿＿＿＿＿＿＿＿＿
＿＿＿＿＿＿＿＿＿＿
＿＿＿＿＿＿＿＿＿＿
＿＿＿■＿□□□＿＿
＿＿＿■■□□□□□
＿＿□□■□□□□□
＿□□□□□□□□□
＿□□□□□□□□□
□□□□□□□□＿□
□□□□□□□□＿□
□□□□＿□□□□□
□□□□＿□□□□□
＿□□＿□□□＿□□
＿□□□□□□□□□
□＿□□□□□□□□
00:12:01(21640f):field(21639f)
＿＿＿＿＿＿＿＿＿＿
＿＿＿＿＿＿＿＿＿＿
＿＿＿＿＿＿＿＿＿＿
＿＿＿＿＿＿＿＿＿＿
＿＿＿＿＿＿＿＿＿＿
＿＿＿＿＿＿＿＿＿＿
＿＿＿＿＿＿＿＿＿＿
＿＿＿＿■■■＿＿＿
＿＿＿□■□□□＿＿
＿＿＿□□□□□□□
＿＿□□□□□□□□
＿□□□□□□□□□
＿□□□□□□□□□
□□□□□□□□＿□
□□□□□□□□＿□
□□□□＿□□□□□
□□□□＿□□□□□
＿□□＿□□□＿□□
＿□□□□□□□□□
□＿□□□□□□□□
00:12:01(21657f):field(21656f)
＿＿＿＿＿＿＿＿＿＿
＿＿＿＿＿＿＿＿＿＿
＿＿＿＿＿＿＿＿＿＿
＿＿＿＿＿＿＿＿＿＿
＿＿＿＿＿＿＿＿＿＿
＿＿＿＿＿＿＿＿＿＿
＿＿＿＿＿＿＿＿＿＿
＿＿＿＿◆◆◆＿＿＿
■■■◆□□□◆＿＿
＿＿＿□□□□□◆◆
＿■□□□□□□□□
＿□□□□□□□□□
＿□□□□□□□□□
□□□□□□□□＿□
□□□□□□□□＿□
□□□□＿□□□□□
□□□□＿□□□□□
＿□□＿□□□＿□□
＿□□□□□□□□□
□＿□□□□□□□□
00:12:02(21666f):field(21665f)
＿＿＿＿＿＿＿＿＿＿
＿＿＿＿＿＿＿＿＿＿
＿＿＿＿＿＿＿＿＿＿
＿＿＿＿＿＿＿＿＿＿
＿＿＿＿＿＿＿＿＿＿
＿＿＿＿＿＿＿＿＿＿
＿＿＿＿＿＿＿＿＿＿
＿＿＿＿＿＿＿＿＿＿
◆◆□＿□□□＿■■
＿＿■□□□□□■■
＿□□□□□□□□□
＿□□□□□□□□□
＿□□□□□□□□□
□□□□□□□□＿□
□□□□□□□□＿□
□□□□■□□□□□
□□□□＿□□□□□
＿□□＿□□□＿□□
＿□□□□□□□□□
□＿□□□□□□□□
00:12:02(21680f):field(21679f)
＿＿＿＿＿＿＿＿＿＿
＿＿＿＿＿＿＿＿＿＿
＿＿＿＿＿＿＿＿＿＿
＿＿＿＿＿＿＿＿＿＿
＿＿＿＿＿＿＿＿＿＿
＿＿＿＿＿＿＿＿＿＿
＿＿＿＿＿＿＿＿＿＿
＿＿＿＿＿■■■＿＿
＿＿◆＿□□□■□□
＿＿◆□□□□□□□
＿□□□□□□□□□
＿□□□□□□□□□
＿□□□□□□□□□
□□□□□□□□＿□
□□□□□□□□＿□
□□□□◆□□□□□
□□□□＿□□□□□
＿□□＿□□□＿□□
＿□□□□□□□□□
□＿□□□□□□□□
00:12:03(21691f):field(21690f)
＿＿＿＿＿＿＿＿＿＿
＿＿＿＿＿＿＿＿＿＿
＿＿＿＿＿＿＿＿＿＿
＿＿＿＿＿＿＿＿＿＿
＿＿＿＿＿＿＿＿＿＿
＿＿＿＿＿＿＿＿＿＿
＿＿＿＿＿＿＿＿＿＿
＿＿＿＿＿□□□＿＿
＿＿■■□□□□□□
＿■■□□□□□□□
＿□□□□□□□□□
＿□□□□□□□□□
＿□□□□□□□□□
□□□□□□□□＿□
□□□□□□□□＿□
□□□□＿□□□□□
□□□□＿□□□□□
＿□□＿□□□＿□□
＿□□□□□□□□□
□＿□□□□□□□□
00:12:03(21702f):field(21701f)
＿＿＿＿＿＿＿＿＿＿
＿＿＿＿＿＿＿＿＿＿
＿＿＿＿＿＿＿＿＿＿
＿＿＿＿＿＿＿＿＿＿
＿＿＿＿＿＿＿＿＿＿
＿＿＿＿＿＿＿＿＿＿
＿＿＿＿■■■＿＿＿
＿＿＿＿■□□□＿＿
＿＿□□□□□□□□
＿□□□□□□□□□
＿□□□□□□□□□
＿□□□□□□□□□
＿□□□□□□□□□
□□□□□□□□＿□
□□□□□□□□＿□
□□□□＿□□□□□
□□□□＿□□□□□
＿□□＿□□□＿□□
＿□□□□□□□□□
□＿□□□□□□□□
00:12:03(21714f):field(21713f)
＿＿＿＿＿＿＿＿＿＿
＿＿＿＿＿＿＿＿＿＿
＿＿＿＿＿＿＿＿＿＿
＿＿＿＿＿＿＿＿＿＿
＿＿＿＿＿＿＿＿＿＿
＿＿＿＿＿＿＿＿＿＿
＿＿＿＿□□□■■＿
＿＿＿＿□□□□■■
＿＿□□□□□□□□
＿□□□□□□□□□
＿□□□□□□□□□
＿□□□□□□□□□
＿□□□□□□□□□
□□□□□□□□＿□
□□□□□□□□＿□
□□□□＿□□□□□
□□□□＿□□□□□
＿□□＿□□□＿□□
＿□□□□□□□□□
□＿□□□□□□□□
00:12:04(21726f):field(21725f)
＿＿＿＿＿＿＿＿＿＿
＿＿＿＿＿＿＿＿＿＿
＿＿＿＿＿＿＿＿＿＿
＿＿＿＿＿＿＿＿＿＿
＿＿＿＿＿＿＿＿＿＿
＿＿＿＿＿＿＿＿＿＿
＿＿■■□□□□□＿
＿＿■■□□□□□□
＿＿□□□□□□□□
＿□□□□□□□□□
＿□□□□□□□□□
＿□□□□□□□□□
＿□□□□□□□□□
□□□□□□□□＿□
□□□□□□□□＿□
□□□□＿□□□□□
□□□□＿□□□□□
＿□□＿□□□＿□□
＿□□□□□□□□□
□＿□□□□□□□□
00:12:04(21742f):field(21741f)
＿＿＿＿＿＿＿＿＿＿
＿＿＿＿＿＿＿＿＿＿
＿＿＿＿＿＿＿＿＿＿
＿＿＿＿＿＿＿＿＿＿
＿＿＿＿＿＿＿＿＿＿
＿＿＿＿＿＿＿＿＿＿
＿＿◆◆◆◆◆◆◆＿
＿＿◆◆◆◆◆◆◆◆
■＿◆◆◆◆◆◆□◆
＿◆◆◆◆□◆□◆□
■□□□□□□□□◆
＿□□□□□□□□□
＿□□□□□□□□□
□□□□□□□□＿□
□□□□□□□□＿□
□□□□＿□□□□□
□□□□＿□□□□□
＿□□＿□□□＿□□
＿□□□□□□□□□
□＿□□□□□□□□
00:12:05(21753f):field(21752f)
＿＿＿＿＿＿＿＿＿＿
＿＿＿＿＿＿＿＿＿＿
＿＿＿＿＿＿＿＿＿＿
＿＿＿＿＿＿＿＿＿＿
＿＿＿＿＿＿＿＿＿＿
＿＿＿＿＿＿＿＿＿＿
＿＿＿＿＿＿＿＿＿＿
＿＿＿＿＿＿＿＿＿＿
◆＿＿＿＿＿＿＿◆＿
＿＿＿■＿◆■□■□
◆◆□□□□□□□■
＿◆□□□□□□□□
＿◆□□□□□□□□
□□□□□□□□＿□
□□□□□□□□＿□
□□□□＿□□□□□
□□□□＿□□□□□
＿□□＿□□□＿□□
＿□□□□□□□□□
□＿□□□□□□□□
00:12:05(21765f):field(21764f)
＿＿＿＿＿＿＿＿＿＿
＿＿＿＿＿＿＿＿＿＿
＿＿＿＿＿＿＿＿＿＿
＿＿＿＿＿＿＿＿＿＿
＿＿＿＿＿＿＿＿＿＿
＿＿＿＿＿＿＿＿＿＿
＿＿＿＿＿＿＿＿＿＿
＿＿＿＿＿＿＿＿＿＿
＿＿＿＿＿＿■■＿＿
＿＿＿◆＿■□□□□
＿＿□□□□□□□□
＿＿□□□□□□□□
＿＿□□□□□□□□
□□□□□□□□＿□
□□□□□□□□＿□
□□□□＿□□□□□
□□□□＿□□□□□
＿□□＿□□□＿□□
＿□□□□□□□□□
□＿□□□□□□□□
00:12:05(21775f):field(21774f)
＿＿＿＿＿＿＿＿＿＿
＿＿＿＿＿＿＿＿＿＿
＿＿＿＿＿＿＿＿＿＿
＿＿＿＿＿＿＿＿＿＿
＿＿＿＿＿＿＿＿＿＿
＿＿＿＿＿＿＿＿＿＿
＿＿＿＿＿＿＿＿＿＿
＿＿＿＿＿＿＿＿＿＿
＿＿＿＿＿＿□□＿＿
■■■＿＿□□□□□
■＿□□□□□□□□
＿＿□□□□□□□□
＿＿□□□□□□□□
□□□□□□□□＿□
□□□□□□□□＿□
□□□□＿□□□□□
□□□□＿□□□□□
＿□□＿□□□＿□□
＿□□□□□□□□□
□＿□□□□□□□□
00:12:06(21791f):field(21790f)
＿＿＿＿＿＿＿＿＿＿
＿＿＿＿＿＿＿＿＿＿
＿＿＿＿＿＿＿＿＿＿
＿＿＿＿＿＿＿＿＿＿
＿＿＿＿＿＿＿＿＿＿
＿＿＿＿＿＿＿＿＿＿
＿＿＿＿＿＿＿＿＿＿
＿＿＿＿＿＿＿＿＿＿
＿＿＿＿■■◆◆＿＿
◆◆□■■◆□□◆◆
□＿□□□□□□□□
■＿□□□□□□□□
＿＿□□□□□□□□
□□□□□□□□＿□
□□□□□□□□＿□
□□□□＿□□□□□
□□□□＿□□□□□
＿□□＿□□□＿□□
＿□□□□□□□□□
□＿□□□□□□□□
00:12:06(21802f):field(21801f)
＿＿＿＿＿＿＿＿＿＿
＿＿＿＿＿＿＿＿＿＿
＿＿＿＿＿＿＿＿＿＿
＿＿＿＿＿＿＿＿＿＿
＿＿＿＿＿＿＿＿＿＿
＿＿＿＿＿＿＿＿＿＿
＿＿＿＿＿＿＿＿＿＿
＿＿＿＿＿＿■＿＿＿
＿＿＿＿◆□■＿＿＿
＿＿◆□□■□□＿＿
□＿□□□□□□□□
◆＿□□□□□□□□
＿＿□□□□□□□□
□□□□□□□□＿□
□□□□□□□□＿□
□□□□＿□□□□□
□□□□＿□□□□□
＿□□＿□□□＿□□
＿□□□□□□□□□
□＿□□□□□□□□
00:12:07(21812f):field(21811f)
＿＿＿＿＿＿＿＿＿＿
＿＿＿＿＿＿＿＿＿＿
＿＿＿＿＿＿＿＿＿＿
＿＿＿＿＿＿＿＿＿＿
＿＿＿＿＿＿＿＿＿＿
＿＿＿＿＿＿＿＿＿＿
＿＿＿＿＿＿＿＿＿＿
＿＿＿＿■■□＿＿＿
＿＿＿■■□□＿＿＿
＿＿＿□□□□□＿＿
□＿□□□□□□□□
＿＿□□□□□□□□
＿＿□□□□□□□□
□□□□□□□□＿□
□□□□□□□□＿□
□□□□＿□□□□□
□□□□＿□□□□□
＿□□＿□□□＿□□
＿□□□□□□□□□
□＿□□□□□□□□
00:12:07(21824f):field(21823f)
＿＿＿＿＿＿＿＿＿＿
＿＿＿＿＿＿＿＿＿＿
＿＿＿＿＿＿＿＿＿＿
＿＿＿＿＿＿＿＿＿＿
＿＿＿＿＿＿＿＿＿＿
＿＿＿＿＿＿＿＿＿＿
＿＿＿＿＿＿＿＿＿■
＿＿＿＿□□□＿＿■
＿＿＿□□□□＿＿■
＿＿＿□□□□□＿■
□＿□□□□□□□□
＿＿□□□□□□□□
＿＿□□□□□□□□
□□□□□□□□＿□
□□□□□□□□＿□
□□□□＿□□□□□
□□□□＿□□□□□
＿□□＿□□□＿□□
＿□□□□□□□□□
□＿□□□□□□□□
00:12:07(21838f):field(21837f)
＿＿＿＿＿＿＿＿＿＿
＿＿＿＿＿＿＿＿＿＿
＿＿＿＿＿＿＿＿＿＿
＿＿＿＿＿＿＿＿＿＿
＿＿＿＿＿＿＿＿＿＿
＿＿＿＿＿＿＿＿＿＿
＿＿＿＿＿＿＿＿＿◆
＿＿＿＿◆◆◆＿＿□
＿＿＿◆□□□＿＿□
＿＿＿□□□□□＿□
◆■□□□□□□◆□
＿■□□□□□□□□
＿■□□□□□□□□
□□□□□□□□＿□
□□□□□□□□＿□
□□□□＿□□□□□
□□□□＿□□□□□
＿□□＿□□□＿□□
＿□□□□□□□□□
□＿□□□□□□□□
00:12:08(21849f):field(21848f)
＿＿＿＿＿＿＿＿＿＿
＿＿＿＿＿＿＿＿＿＿
＿＿＿＿＿＿＿＿＿＿
＿＿＿＿＿＿＿＿＿＿
＿＿＿＿＿＿＿＿＿＿
＿＿＿＿＿＿＿＿＿＿
＿＿＿＿＿＿＿＿＿＿
＿＿＿＿＿＿＿＿＿□
＿＿＿＿□□□＿■□
＿＿＿□□□□□■□
＿□□□□□□□■□
＿□□□□□□□□□
＿◆□□□□□□□□
□□□□□□□□＿□
□□□□□□□□＿□
□□□□＿□□□□□
□□□□＿□□□□□
＿□□＿□□□＿□□
＿□□□□□□□□□
□＿□□□□□□□□
00:12:08(21860f):field(21859f)
＿＿＿＿＿＿＿＿＿＿
＿＿＿＿＿＿＿＿＿＿
＿＿＿＿＿＿＿＿＿＿
＿＿＿＿＿＿＿＿＿＿
＿＿＿＿＿＿＿＿＿＿
＿＿＿＿＿＿＿＿＿＿
＿＿＿＿＿＿＿＿■＿
＿＿＿＿＿＿＿■■□
＿＿＿＿□□□■□□
＿＿＿□□□□□□□
＿□□□□□□□□□
＿□□□□□□□□□
＿＿□□□□□□□□
□□□□□□□□＿□
□□□□□□□□＿□
□□□□＿□□□□□
□□□□＿□□□□□
＿□□＿□□□＿□□
＿□□□□□□□□□
□＿□□□□□□□□
00:12:09(21871f):field(21870f)
＿＿＿＿＿＿＿＿＿＿
＿＿＿＿＿＿＿＿＿＿
＿＿＿＿＿＿＿＿＿＿
＿＿＿＿＿＿＿＿＿＿
＿＿＿＿＿＿＿＿＿＿
＿＿＿＿＿＿＿＿＿＿
＿＿＿＿＿＿■■□＿
＿＿＿＿＿■■□□□
＿＿＿＿□□□□□□
＿＿＿□□□□□□□
＿□□□□□□□□□
＿□□□□□□□□□
＿＿□□□□□□□□
□□□□□□□□＿□
□□□□□□□□＿□
□□□□＿□□□□□
□□□□＿□□□□□
＿□□＿□□□＿□□
＿□□□□□□□□□
□＿□□□□□□□□
00:12:09(21882f):field(21881f)
＿＿＿＿＿＿＿＿＿＿
＿＿＿＿＿＿＿＿＿＿
＿＿＿＿＿＿＿＿＿＿
＿＿＿＿＿＿＿＿＿＿
＿＿＿＿＿＿＿＿＿＿
＿＿＿＿＿＿＿＿＿＿
＿■＿＿＿＿□□□＿
＿■＿＿＿□□□□□
＿■＿＿□□□□□□
＿■＿□□□□□□□
＿□□□□□□□□□
＿□□□□□□□□□
＿＿□□□□□□□□
□□□□□□□□＿□
□□□□□□□□＿□
□□□□＿□□□□□
□□□□＿□□□□□
＿□□＿□□□＿□□
＿□□□□□□□□□
□＿□□□□□□□□
00:12:10(21901f):field(21900f)
＿＿＿＿＿＿＿＿＿＿
＿＿＿＿＿＿＿＿＿＿
＿＿＿＿＿＿＿＿＿＿
＿＿＿＿＿＿＿＿＿＿
＿＿＿＿＿＿＿＿＿＿
＿＿＿＿＿＿＿＿＿＿
＿□＿＿＿＿□□□＿
＿□■■＿□□□□□
＿□■＿□□□□□□
＿□■□□□□□□□
＿□□□□□□□□□
＿□□□□□□□□□
＿＿□□□□□□□□
□□□□□□□□＿□
□□□□□□□□＿□
□□□□＿□□□□□
□□□□＿□□□□□
＿□□＿□□□＿□□
＿□□□□□□□□□
□＿□□□□□□□□
00:12:10(21914f):field(21913f)
＿＿＿＿＿＿＿＿＿＿
＿＿＿＿＿＿＿＿＿＿
＿＿＿＿＿＿＿＿＿＿
＿＿＿＿＿＿＿＿＿＿
＿＿＿＿＿＿＿＿＿＿
＿＿＿■■＿＿＿＿＿
＿□＿＿■＿□□□＿
＿□□□■□□□□□
＿□□＿□□□□□□
＿□□□□□□□□□
＿□□□□□□□□□
＿□□□□□□□□□
＿＿□□□□□□□□
□□□□□□□□＿□
□□□□□□□□＿□
□□□□＿□□□□□
□□□□＿□□□□□
＿□□＿□□□＿□□
＿□□□□□□□□□
□＿□□□□□□□□
00:12:10(21925f):field(21924f)
＿＿＿＿＿＿＿＿＿＿
＿＿＿＿＿＿＿＿＿＿
＿＿＿＿＿＿＿＿＿＿
＿＿＿■■＿＿＿＿＿
＿＿＿■■＿＿＿＿＿
＿＿＿□□＿＿＿＿＿
＿□＿＿□＿□□□＿
＿□□□□□□□□□
＿□□＿□□□□□□
＿□□□□□□□□□
＿□□□□□□□□□
＿□□□□□□□□□
＿＿□□□□□□□□
□□□□□□□□＿□
□□□□□□□□＿□
□□□□＿□□□□□
□□□□＿□□□□□
＿□□＿□□□＿□□
＿□□□□□□□□□
□＿□□□□□□□□
00:12:11(21937f):field(21936f)
＿＿＿＿＿＿＿＿＿＿
＿＿＿＿＿＿＿＿＿＿
＿＿＿＿＿＿＿＿＿＿
＿＿＿□□＿＿＿＿＿
＿＿＿□□＿＿＿■＿
＿＿＿□□＿＿＿■■
＿□＿＿□＿□□□■
＿□□□□□□□□□
＿□□＿□□□□□□
＿□□□□□□□□□
＿□□□□□□□□□
＿□□□□□□□□□
＿＿□□□□□□□□
□□□□□□□□＿□
□□□□□□□□＿□
□□□□＿□□□□□
□□□□＿□□□□□
＿□□＿□□□＿□□
＿□□□□□□□□□
□＿□□□□□□□□
00:12:11(21949f):field(21948f)
＿＿＿＿＿＿＿＿＿＿
＿＿＿＿＿＿＿＿＿＿
＿＿＿＿＿＿＿＿＿＿
＿＿＿□□＿＿＿＿＿
＿＿＿□□＿■＿□＿
＿＿＿□□■■＿□□
＿□＿＿□■□□□□
＿□□□□□□□□□
＿□□＿□□□□□□
＿□□□□□□□□□
＿□□□□□□□□□
＿□□□□□□□□□
＿＿□□□□□□□□
□□□□□□□□＿□
□□□□□□□□＿□
□□□□＿□□□□□
□□□□＿□□□□□
＿□□＿□□□＿□□
＿□□□□□□□□□
□＿□□□□□□□□
00:12:12(21965f):field(21964f)
＿＿＿＿＿＿＿＿＿＿
＿＿＿＿＿＿＿＿＿＿
＿＿＿＿＿＿＿＿＿＿
＿＿＿□□＿＿■■＿
＿＿＿□□＿□■□＿
＿＿＿□□□□■□□
＿□＿＿□□□□□□
＿□□□□□□□□□
＿□□＿□□□□□□
＿□□□□□□□□□
＿□□□□□□□□□
＿□□□□□□□□□
＿＿□□□□□□□□
□□□□□□□□＿□
□□□□□□□□＿□
□□□□＿□□□□□
□□□□＿□□□□□
＿□□＿□□□＿□□
＿□□□□□□□□□
□＿□□□□□□□□
00:12:12(21979f):field(21978f)
＿＿＿＿＿＿＿＿＿＿
＿＿＿＿＿＿＿＿＿＿
＿＿＿＿＿＿＿＿＿＿
＿＿＿◆◆＿＿◆◆＿
＿＿＿◆◆＿◆◆◆＿
＿＿＿◆◆◆◆◆◆◆
＿◆＿■□◆◆□□◆
＿◆◆□□◆□□□◆
■◆◆■□□□□□□
■□□□□□□□□□
■□□□□□□□□□
＿□□◆□□□□□□
■＿□□□□□□□□
□□□□□□□□＿□
□□□□□□□□＿□
□□□□＿□□□□□
□□□□＿□□□□□
＿□□＿□□□＿□□
＿□□□□□□□□□
□＿□□□□□□□□
00:12:13(21994f):field(21993f)
＿＿＿＿＿＿＿＿＿＿
＿＿＿＿＿＿＿＿＿＿
＿＿＿＿＿＿＿＿＿＿
＿＿＿＿＿＿＿＿＿＿
＿＿＿＿＿＿＿＿＿＿
＿＿＿＿＿＿＿＿＿＿
＿＿＿◆◆＿＿◆◆＿
＿■■□□＿◆□□■
◆＿■□□◆□□□◆
□□□◆□□□□□□
◆□□□□□□□□□
＿□□＿□□□□□□
□＿□□□□□□□□
□□□□□□□□＿□
□□□□□□□□＿□
□□□□＿□□□□□
□□□□＿□□□□□
＿□□＿□□□＿□□
＿□□□□□□□□□
□＿□□□□□□□□
00:12:13(22005f):field(22004f)
＿＿＿＿＿＿＿＿＿＿
＿＿＿＿＿＿＿＿＿＿
＿＿＿＿＿＿＿＿＿＿
＿＿＿＿＿＿＿＿＿＿
＿＿＿＿＿＿＿＿＿＿
＿＿＿＿＿＿＿＿＿＿
＿＿＿＿＿＿■■＿＿
＿◆◆□□■■□□◆
＿＿◆□□＿□□□＿
□□◆＿□□□□□□
＿□□□□□□□□□
＿□□＿□□□□□□
□＿□□□□□□□□
□□□□□□□□＿□
□□□□□□□□＿□
□□□□＿□□□□□
□□□□＿□□□□□
＿□□＿□□□＿□□
＿□□□□□□□□□
□＿□□□□□□□□
00:12:13(22017f):field(22016f)
＿＿＿＿＿＿＿＿＿＿
＿＿＿＿＿＿＿＿＿＿
＿＿＿＿＿＿＿＿＿＿
＿＿＿＿＿＿＿＿＿＿
＿＿＿＿＿＿＿＿＿＿
＿＿＿■■＿＿＿＿＿
＿＿＿＿■■□□＿＿
＿＿＿□□□□□□＿
＿＿＿□□＿□□□＿
□□＿＿□□□□□□
＿□□□□□□□□□
＿□□＿□□□□□□
□＿□□□□□□□□
□□□□□□□□＿□
□□□□□□□□＿□
□□□□＿□□□□□
□□□□＿□□□□□
＿□□＿□□□＿□□
＿□□□□□□□□□
□＿□□□□□□□□
00:12:14(22028f):field(22027f)
＿＿＿＿＿＿＿＿＿＿
＿＿＿＿＿＿＿＿＿＿
＿＿＿＿＿＿＿＿＿＿
＿＿＿＿＿＿＿＿＿＿
＿＿＿＿＿＿＿＿＿＿
＿＿＿□□＿＿＿＿＿
＿＿＿＿□□□□＿＿
＿＿■□□□□□□＿
＿■■□□＿□□□＿
□□■＿□□□□□□
＿□□□□□□□□□
＿□□＿□□□□□□
□＿□□□□□□□□
□□□□□□□□＿□
□□□□□□□□＿□
□□□□＿□□□□□
□□□□＿□□□□□
＿□□＿□□□＿□□
＿□□□□□□□□□
□＿□□□□□□□□
00:12:14(22039f):field(22038f)
＿＿＿＿＿＿＿＿＿＿
＿＿＿＿＿＿＿＿＿＿
＿＿＿＿＿＿＿＿＿＿
＿＿＿＿＿＿＿＿＿＿
＿＿＿＿＿■■＿＿＿
＿＿＿□□■■＿＿＿
＿＿＿＿□□□□＿＿
＿＿□□□□□□□＿
＿□□□□＿□□□＿
□□□＿□□□□□□
＿□□□□□□□□□
＿□□＿□□□□□□
□＿□□□□□□□□
□□□□□□□□＿□
□□□□□□□□＿□
□□□□＿□□□□□
□□□□＿□□□□□
＿□□＿□□□＿□□
＿□□□□□□□□□
□＿□□□□□□□□
00:12:15(22052f):field(22051f)
＿＿＿＿＿＿＿＿＿＿
＿＿＿＿＿＿＿＿＿＿
＿＿＿＿＿＿＿＿＿＿
＿＿＿＿＿＿＿＿＿＿
＿＿＿＿＿□□＿＿＿
＿＿＿□□□□＿＿＿
＿■■■□□□□＿＿
＿■□□□□□□□＿
＿□□□□＿□□□＿
□□□＿□□□□□□
＿□□□□□□□□□
＿□□＿□□□□□□
□＿□□□□□□□□
□□□□□□□□＿□
□□□□□□□□＿□
□□□□＿□□□□□
□□□□＿□□□□□
＿□□＿□□□＿□□
＿□□□□□□□□□
□＿□□□□□□□□
00:12:15(22063f):field(22062f)
＿＿＿＿＿＿＿＿＿＿
＿＿＿＿＿＿＿＿＿＿
＿＿＿＿＿＿＿＿＿＿
＿＿＿＿＿＿＿＿＿＿
＿＿＿＿＿□□＿＿＿
■＿＿□□□□＿＿＿
■□□□□□□□＿＿
■□□□□□□□□＿
■□□□□＿□□□＿
□□□＿□□□□□□
＿□□□□□□□□□
＿□□＿□□□□□□
□＿□□□□□□□□
□□□□□□□□＿□
□□□□□□□□＿□
□□□□＿□□□□□
□□□□＿□□□□□
＿□□＿□□□＿□□
＿□□□□□□□□□
□＿□□□□□□□□
00:12:15(22075f):field(22074f)
＿＿＿＿＿＿＿＿＿＿
＿＿＿＿＿＿＿＿＿＿
＿＿＿＿＿＿＿＿＿＿
＿＿＿＿＿＿＿＿＿＿
■■＿＿＿□□＿＿＿
□■■□□□□＿＿＿
□□□□□□□□＿＿
□□□□□□□□□＿
□□□□□＿□□□＿
□□□＿□□□□□□
＿□□□□□□□□□
＿□□＿□□□□□□
□＿□□□□□□□□
□□□□□□□□＿□
□□□□□□□□＿□
□□□□＿□□□□□
□□□□＿□□□□□
＿□□＿□□□＿□□
＿□□□□□□□□□
□＿□□□□□□□□
00:12:16(22085f):field(22084f)
＿＿＿＿＿＿＿＿＿＿
＿＿＿＿＿＿＿＿＿＿
＿＿＿＿＿＿＿＿＿＿
＿＿＿■＿＿＿＿＿＿
□□■■■□□＿＿＿
□□□□□□□＿＿＿
□□□□□□□□＿＿
□□□□□□□□□＿
□□□□□＿□□□＿
□□□＿□□□□□□
＿□□□□□□□□□
＿□□＿□□□□□□
□＿□□□□□□□□
□□□□□□□□＿□
□□□□□□□□＿□
□□□□＿□□□□□
□□□□＿□□□□□
＿□□＿□□□＿□□
＿□□□□□□□□□
□＿□□□□□□□□
00:12:16(22099f):field(22098f)
＿＿＿＿＿＿＿＿＿＿
＿＿＿＿＿＿＿＿＿＿
＿＿＿＿＿＿＿＿＿＿
＿＿＿◆＿＿＿＿＿＿
◆◆◆□◆◆◆＿＿＿
□□□□□□□■＿＿
□□□□□□□□■＿
□□□□□□□□□＿
□□□□□＿□□□＿
□□□＿□□□□□□
＿□□□□□□□□□
＿□□＿□□□□□□
□＿□□□□□□□□
□□□□□□□□＿□
□□□□□□□□＿□
□□□□＿□□□□□
□□□□＿□□□□□
＿□□＿□□□＿□□
＿□□□□□□□□□
□＿□□□□□□□□
00:12:17(22111f):field(22110f)
＿＿＿＿＿＿＿＿＿＿
＿＿＿＿＿＿＿＿＿＿
＿＿＿＿＿＿＿＿＿＿
＿＿＿＿＿＿＿＿＿＿
＿＿＿◆＿＿＿＿＿＿
◆◆◆◆◆◆◆◆■＿
◆□□□◆□◆□◆■
□□□□□□□□□＿
□□□□□■□□□■
□□□＿□□□□□□
＿□□□□□□□□□
＿□□＿□□□□□□
□＿□□□□□□□□
□□□□□□□□＿□
□□□□□□□□＿□
□□□□＿□□□□□
□□□□＿□□□□□
＿□□＿□□□＿□□
＿□□□□□□□□□
□＿□□□□□□□□
00:12:17(22123f):field(22122f)
＿＿＿＿＿＿＿＿＿＿
＿＿＿＿＿＿＿＿＿＿
＿＿＿＿＿＿＿＿＿＿
＿＿＿＿＿＿＿＿＿＿
＿＿＿＿＿＿＿＿＿＿
＿＿■■＿＿＿＿◆＿
＿□□□＿◆■◆＿□
□□□□□□□□◆＿
□□□□□◆□□□□
□□□＿□□□□□□
＿□□□□□□□□□
＿□□＿□□□□□□
□＿□□□□□□□□
□□□□□□□□＿□
□□□□□□□□＿□
□□□□＿□□□□□
□□□□＿□□□□□
＿□□＿□□□＿□□
＿□□□□□□□□□
□＿□□□□□□□□
00:12:17(22136f):field(22135f)
＿＿＿＿＿＿＿＿＿＿
＿＿＿＿＿＿＿＿＿＿
＿＿＿＿＿＿＿＿＿＿
＿＿＿＿＿＿＿＿＿＿
＿＿＿＿＿＿＿＿＿＿
＿＿◆◆＿＿＿＿＿＿
＿◆□□■＿◆＿＿◆
□□□□◆◆◆◆■■
□□□□□＿□□□□
□□□＿□□□□□□
＿□□□□□□□□□
＿□□＿□□□□□□
□＿□□□□□□□□
□□□□□□□□＿□
□□□□□□□□＿□
□□□□＿□□□□□
□□□□＿□□□□□
＿□□＿□□□＿□□
＿□□□□□□□□□
□＿□□□□□□□□
00:12:18(22147f):field(22146f)
＿＿＿＿＿＿＿＿＿＿
＿＿＿＿＿＿＿＿＿＿
＿＿＿＿＿＿＿＿＿＿
＿＿＿＿＿＿＿＿＿＿
＿＿＿＿＿＿＿＿＿＿
＿＿＿＿＿＿＿＿＿＿
＿＿◆◆◆＿＿＿＿＿
□□□□＿＿■■◆◆
◆□□□◆■□◆□□
□□□＿□□□□□□
＿□□□□□□□□□
＿□□＿□□□□□□
□＿□□□□□□□□
□□□□□□□□＿□
□□□□□□□□＿□
□□□□＿□□□□□
□□□□＿□□□□□
＿□□＿□□□＿□□
＿□□□□□□□□□
□＿□□□□□□□□
00:12:18(22159f):field(22158f)
＿＿＿＿＿＿＿＿＿＿
＿＿＿＿＿＿＿＿＿＿
＿＿＿＿＿＿＿＿＿＿
＿＿＿＿＿＿＿＿＿＿
＿＿＿＿＿＿＿＿＿＿
＿＿＿＿＿＿＿＿＿＿
＿＿＿＿■＿＿＿＿＿
◆◆□□■■□◆＿＿
＿□□□■□□＿□□
□□□＿□□□□□□
＿□□□□□□□□□
＿□□＿□□□□□□
□＿□□□□□□□□
□□□□□□□□＿□
□□□□□□□□＿□
□□□□＿□□□□□
□□□□＿□□□□□
＿□□＿□□□＿□□
＿□□□□□□□□□
□＿□□□□□□□□
00:12:19(22171f):field(22170f)
＿＿＿＿＿＿＿＿＿＿
＿＿＿＿＿＿＿＿＿＿
＿＿＿＿＿＿＿＿＿＿
＿＿＿＿＿＿＿＿＿＿
＿＿＿＿＿＿＿＿＿＿
＿＿＿＿＿＿＿＿＿＿
＿＿＿＿□＿＿＿＿＿
＿＿□□□□□■■■
＿□□□□□□■□□
□□□＿□□□□□□
＿□□□□□□□□□
＿□□＿□□□□□□
□＿□□□□□□□□
□□□□□□□□＿□
□□□□□□□□＿□
□□□□＿□□□□□
□□□□＿□□□□□
＿□□＿□□□＿□□
＿□□□□□□□□□
□＿□□□□□□□□
00:12:19(22181f):field(22180f)
＿＿＿＿＿＿＿＿＿＿
＿＿＿＿＿＿＿＿＿＿
＿＿＿＿＿＿＿＿＿＿
＿＿＿＿＿＿＿＿＿＿
＿＿＿＿＿＿＿＿＿■
＿＿＿＿＿＿＿＿＿■
＿＿＿＿□＿＿＿■■
＿＿□□□□□□□□
＿□□□□□□□□□
□□□＿□□□□□□
＿□□□□□□□□□
＿□□＿□□□□□□
□＿□□□□□□□□
□□□□□□□□＿□
□□□□□□□□＿□
□□□□＿□□□□□
□□□□＿□□□□□
＿□□＿□□□＿□□
＿□□□□□□□□□
□＿□□□□□□□□
00:12:19(22194f):field(22193f)
＿＿＿＿＿＿＿＿＿＿
＿＿＿＿＿＿＿＿＿＿
＿＿＿＿＿＿＿＿＿＿
＿＿＿＿＿＿＿＿＿＿
＿＿＿＿＿＿＿＿＿□
＿＿＿＿＿■■＿＿□
＿＿＿＿□■■＿□□
＿＿□□□□□□□□
＿□□□□□□□□□
□□□＿□□□□□□
＿□□□□□□□□□
＿□□＿□□□□□□
□＿□□□□□□□□
□□□□□□□□＿□
□□□□□□□□＿□
□□□□＿□□□□□
□□□□＿□□□□□
＿□□＿□□□＿□□
＿□□□□□□□□□
□＿□□□□□□□□
00:12:20(22207f):field(22206f)
＿＿＿＿＿＿＿＿＿＿
＿＿＿＿＿＿＿＿＿＿
＿＿＿＿＿＿＿＿＿＿
＿＿＿＿＿＿＿＿＿＿
＿＿＿＿＿＿＿＿＿◆
＿＿＿＿＿◆◆＿＿◆
＿■＿＿◆◆◆＿◆□
＿＿□□□□□◆□□
＿□□□□□□□□□
□□□＿□□□□□□
＿□□□□□□□□□
＿□□＿□□□□□□
□＿□□□□□□□□
□□□□□□□□＿□
□□□□□□□□＿□
□□□□＿□□□□□
□□□□＿□□□□□
＿□□＿□□□＿□□
＿□□□□□□□□□
□＿□□□□□□□□
00:12:20(22220f):field(22219f)
＿＿＿＿＿＿＿＿＿＿
＿＿＿＿＿＿＿＿＿＿
＿＿＿＿＿＿＿＿＿＿
＿＿＿＿＿＿＿＿＿＿
＿＿＿＿＿＿＿＿＿＿
＿＿＿＿＿＿＿＿＿＿
＿◆＿＿＿＿＿＿＿◆
＿＿◆◆◆◆◆＿◆□
＿□◆□◆□□◆◆□
□□□■□□□◆□□
＿□□□□□□□□□
■□□＿□□□□□□
□＿□□□□□□□□
□□□□□□□□＿□
□□□□□□□□＿□
□□□□＿□□□□□
□□□□＿□□□□□
＿□□＿□□□＿□□
＿□□□□□□□□□
□＿□□□□□□□□
00:12:21(22231f):field(22230f)
＿＿＿＿＿＿＿＿＿＿
＿＿＿＿＿＿＿＿＿＿
＿＿＿＿＿＿＿＿＿＿
＿＿＿＿＿＿＿＿＿＿
＿＿＿＿＿＿＿＿＿＿
＿＿＿＿＿＿＿＿＿＿
＿＿＿＿＿＿＿＿＿＿
＿＿＿＿■■■＿＿□
＿◆＿□■□□＿＿□
◆□□□□□□＿□□
＿□□□□□□□□□
◆□□＿□□□□□□
□＿□□□□□□□□
□□□□□□□□＿□
□□□□□□□□＿□
□□□□＿□□□□□
□□□□＿□□□□□
＿□□＿□□□＿□□
＿□□□□□□□□□
□＿□□□□□□□□
00:12:21(22243f):field(22242f)
＿＿＿＿＿＿＿＿＿＿
＿＿＿＿＿＿＿＿＿＿
＿＿＿＿＿＿＿＿＿＿
＿＿＿＿＿＿＿＿＿＿
＿＿＿＿＿＿＿＿＿＿
＿＿＿＿＿＿＿＿＿＿
＿＿＿＿＿＿＿＿＿＿
＿＿＿＿◆◆◆＿＿◆
＿＿＿◆□□□＿＿□
■□◆□□□□＿◆□
■□□□□□□◆□□
■□□■□□□□□□
□＿□□□□□□□□
□□□□□□□□＿□
□□□□□□□□＿□
□□□□＿□□□□□
□□□□＿□□□□□
＿□□＿□□□＿□□
＿□□□□□□□□□
□＿□□□□□□□□
00:12:21(22253f):field(22252f)
＿＿＿＿＿＿＿＿＿＿
＿＿＿＿＿＿＿＿＿＿
＿＿＿＿＿＿＿＿＿＿
＿＿＿＿＿＿＿＿＿＿
＿＿＿＿＿＿＿＿＿＿
＿＿＿＿＿＿＿＿＿＿
＿＿＿＿＿＿＿＿＿＿
＿＿＿＿＿＿＿＿＿＿
＿＿■■□□□＿＿□
□□■□□□□＿＿□
□□□□□□□＿□□
□□□◆□□□□□□
□＿□□□□□□□□
□□□□□□□□＿□
□□□□□□□□＿□
□□□□＿□□□□□
□□□□＿□□□□□
＿□□＿□□□＿□□
＿□□□□□□□□□
□＿□□□□□□□□
00:12:22(22267f):field(22266f)
＿＿＿＿＿＿＿＿＿＿
＿＿＿＿＿＿＿＿＿＿
＿＿＿＿＿＿＿＿＿＿
＿＿＿＿＿＿＿＿＿＿
＿＿＿＿＿＿＿＿＿＿
＿＿＿＿＿＿＿＿＿＿
＿＿＿＿＿＿＿＿＿＿
＿＿＿＿＿＿＿＿＿＿
■■◆□◆□◆＿■□
◆□□□□□□■■□
□□□□□□□＿□□
□□□＿□□□□□□
□＿□□□□□□□□
□□□□□□□□＿□
□□□□□□□□＿□
□□□□＿□□□□□
□□□□＿□□□□□
＿□□＿□□□＿□□
＿□□□□□□□□□
□＿□□□□□□□□
00:12:22(22278f):field(22277f)
＿＿＿＿＿＿＿＿＿＿
＿＿＿＿＿＿＿＿＿＿
＿＿＿＿＿＿＿＿＿＿
＿＿＿＿＿＿＿＿＿＿
＿＿＿＿＿＿＿＿＿＿
＿＿＿＿＿＿＿＿＿＿
＿＿＿＿＿＿＿＿＿＿
＿＿＿＿＿＿＿＿＿＿
◆□＿□＿◆＿＿◆◆
＿□□◆□□◆◆◆◆
□□□□□□□■□□
□□□＿□□□□□□
□＿□□□□□□□□
□□□□□□□□＿□
□□□□□□□□＿□
□□□□＿□□□□□
□□□□＿□□□□□
＿□□＿□□□＿□□
＿□□□□□□□□□
□＿□□□□□□□□
00:12:22(22289f):field(22288f)
＿＿＿＿＿＿＿＿＿＿
＿＿＿＿＿＿＿＿＿＿
＿＿＿＿＿＿＿＿＿＿
＿＿＿＿＿＿＿＿＿＿
＿＿＿＿＿＿＿＿＿＿
＿＿＿＿＿＿＿＿＿＿
＿＿＿＿＿＿＿＿＿＿
＿＿＿＿＿＿＿＿＿＿
＿◆＿◆＿＿＿＿＿＿
■□□＿◆□■＿■■
◆□◆□◆◆□□□◆
□□□＿□□□□□□
□＿□□□□□□□□
□□□□□□□□＿□
□□□□□□□□＿□
□□□□＿□□□□□
□□□□＿□□□□□
＿□□＿□□□＿□□
＿□□□□□□□□□
□＿□□□□□□□□
00:12:23(22300f):field(22299f)
＿＿＿＿＿＿＿＿＿＿
＿＿＿＿＿＿＿＿＿＿
＿＿＿＿＿＿＿＿＿＿
＿＿＿＿＿＿＿＿＿＿
＿＿＿＿＿＿＿＿＿＿
＿＿＿＿＿＿＿＿＿＿
＿＿＿＿＿＿＿＿＿＿
＿＿＿＿＿＿＿＿＿＿
＿＿＿＿＿＿＿＿＿＿
◆◆◆＿＿◆◆＿◆◆
＿□＿□＿＿◆◆□＿
◆□□■□□◆□□◆
□＿□□□□□□□□
□□□□□□□□■□
□□□□□□□□＿□
□□□□＿□□□□□
□□□□＿□□□□□
＿□□＿□□□＿□□
＿□□□□□□□□□
□＿□□□□□□□□
00:12:23(22312f):field(22311f)
＿＿＿＿＿＿＿＿＿＿
＿＿＿＿＿＿＿＿＿＿
＿＿＿＿＿＿＿＿＿＿
＿＿＿＿＿＿＿＿＿＿
＿＿＿＿＿＿＿＿＿＿
＿＿＿＿＿＿＿＿＿＿
＿＿＿＿＿＿＿＿＿＿
＿＿＿＿＿＿＿＿＿＿
＿＿＿＿＿＿＿＿＿＿
＿＿＿＿＿＿＿＿＿＿
＿□＿◆＿＿■■□＿
＿□□□□□■□□＿
□＿□□□□□□□□
□□□□□□□□◆□
□□□□□□□□＿□
□□□□＿□□□□□
□□□□＿□□□□□
＿□□＿□□□＿□□
＿□□□□□□□□□
□＿□□□□□□□□
00:12:24(22322f):field(22321f)
＿＿＿＿＿＿＿＿＿＿
＿＿＿＿＿＿＿＿＿＿
＿＿＿＿＿＿＿＿＿＿
＿＿＿＿＿＿＿＿＿＿
＿＿＿＿＿＿＿＿＿＿
＿＿＿＿＿＿＿＿＿＿
＿＿＿＿＿＿＿＿＿＿
＿＿＿＿＿＿＿＿＿＿
＿＿＿＿＿＿＿＿＿＿
＿＿＿＿■＿＿＿＿＿
＿□■■■＿□□□＿
＿□□□□□□□□＿
□＿□□□□□□□□
□□□□□□□□＿□
□□□□□□□□＿□
□□□□＿□□□□□
□□□□＿□□□□□
＿□□＿□□□＿□□
＿□□□□□□□□□
□＿□□□□□□□□
00:12:24(22335f):field(22334f)
＿＿＿＿＿＿＿＿＿＿
＿＿＿＿＿＿＿＿＿＿
＿＿＿＿＿＿＿＿＿＿
＿＿＿＿＿＿＿＿＿＿
＿＿＿＿＿＿＿＿＿＿
＿＿＿＿＿＿＿＿＿＿
＿＿＿＿＿＿＿＿＿＿
＿＿＿＿＿＿＿＿＿＿
＿＿■■＿＿＿＿＿＿
＿＿■■□＿＿＿＿＿
＿□□□□＿□□□＿
＿□□□□□□□□＿
□＿□□□□□□□□
□□□□□□□□＿□
□□□□□□□□＿□
□□□□＿□□□□□
□□□□＿□□□□□
＿□□＿□□□＿□□
＿□□□□□□□□□
□＿□□□□□□□□
00:12:24(22348f):field(22347f)
＿＿＿＿＿＿＿＿＿＿
＿＿＿＿＿＿＿＿＿＿
＿＿＿＿＿＿＿＿＿＿
＿＿＿＿＿＿＿＿＿＿
＿＿＿＿＿＿＿＿＿＿
＿＿＿＿＿＿＿＿＿＿
＿＿＿＿＿＿＿＿＿＿
＿＿＿＿＿＿＿＿＿＿
＿＿□□＿＿＿＿＿＿
■■□□□＿＿＿＿＿
■□□□□＿□□□＿
■□□□□□□□□＿
□＿□□□□□□□□
□□□□□□□□＿□
□□□□□□□□＿□
□□□□＿□□□□□
□□□□＿□□□□□
＿□□＿□□□＿□□
＿□□□□□□□□□
□＿□□□□□□□□
00:12:25(22359f):field(22358f)
＿＿＿＿＿＿＿＿＿＿
＿＿＿＿＿＿＿＿＿＿
＿＿＿＿＿＿＿＿＿＿
＿＿＿＿＿＿＿＿＿＿
＿＿＿＿＿＿＿＿＿＿
＿＿＿＿＿＿＿＿＿＿
＿＿＿＿＿＿＿＿＿＿
＿＿＿＿＿■＿＿＿＿
＿＿□□＿■＿＿＿＿
□□□□□■＿＿＿＿
□□□□□■□□□＿
□□□□□□□□□＿
□＿□□□□□□□□
□□□□□□□□＿□
□□□□□□□□＿□
□□□□＿□□□□□
□□□□＿□□□□□
＿□□＿□□□＿□□
＿□□□□□□□□□
□＿□□□□□□□□
00:12:25(22372f):field(22371f)
＿＿＿＿＿＿＿＿＿＿
＿＿＿＿＿＿＿＿＿＿
＿＿＿＿＿＿＿＿＿＿
＿＿＿＿＿＿＿＿＿＿
＿＿＿＿＿＿＿＿＿＿
＿＿＿＿＿＿＿＿＿＿
＿＿■＿＿＿＿＿＿＿
＿■■＿＿□＿＿＿＿
＿■□□＿□＿＿＿＿
□□□□□□＿＿＿＿
□□□□□□□□□＿
□□□□□□□□□＿
□＿□□□□□□□□
□□□□□□□□＿□
□□□□□□□□＿□
□□□□＿□□□□□
□□□□＿□□□□□
＿□□＿□□□＿□□
＿□□□□□□□□□
□＿□□□□□□□□
00:12:26(22384f):field(22383f)
＿＿＿＿＿＿＿＿＿＿
＿＿＿＿＿＿＿＿＿＿
＿＿＿＿＿＿＿＿＿＿
＿＿＿＿＿＿＿＿＿＿
＿＿＿＿＿＿＿＿＿＿
＿＿＿＿＿＿＿＿＿＿
＿＿□■＿＿＿＿＿＿
＿□□■■□＿＿＿＿
＿□□□■□＿＿＿＿
□□□□□□＿＿＿＿
□□□□□□□□□＿
□□□□□□□□□＿
□＿□□□□□□□□
□□□□□□□□＿□
□□□□□□□□＿□
□□□□＿□□□□□
□□□□＿□□□□□
＿□□＿□□□＿□□
＿□□□□□□□□□
□＿□□□□□□□□
00:12:26(22394f):field(22393f)
＿＿＿＿＿＿＿＿＿＿
＿＿＿＿＿＿＿＿＿＿
＿＿＿＿＿＿＿＿＿＿
＿＿＿＿＿＿＿＿＿＿
＿＿＿＿＿＿＿＿＿＿
＿＿＿＿＿＿＿＿＿＿
＿＿□□＿＿＿＿＿＿
＿□□□□□＿＿＿＿
＿□□□□□■■＿＿
□□□□□□■■＿＿
□□□□□□□□□＿
□□□□□□□□□＿
□＿□□□□□□□□
□□□□□□□□＿□
□□□□□□□□＿□
□□□□＿□□□□□
□□□□＿□□□□□
＿□□＿□□□＿□□
＿□□□□□□□□□
□＿□□□□□□□□
00:12:26(22405f):field(22404f)
＿＿＿＿＿＿＿＿＿＿
＿＿＿＿＿＿＿＿＿＿
＿＿＿＿＿＿＿＿＿＿
＿＿＿＿＿＿＿＿＿＿
＿＿＿＿■＿＿＿＿＿
＿＿＿■■＿＿＿＿＿
＿＿□□■＿＿＿＿＿
＿□□□□□＿＿＿＿
＿□□□□□□□＿＿
□□□□□□□□＿＿
□□□□□□□□□＿
□□□□□□□□□＿
□＿□□□□□□□□
□□□□□□□□＿□
□□□□□□□□＿□
□□□□＿□□□□□
□□□□＿□□□□□
＿□□＿□□□＿□□
＿□□□□□□□□□
□＿□□□□□□□□
00:12:27(22419f):field(22418f)
＿＿＿＿＿＿＿＿＿＿
＿＿＿＿＿＿＿＿＿＿
＿＿＿＿＿＿＿＿＿＿
＿＿＿＿＿＿＿＿＿＿
＿＿＿＿◆＿＿＿＿＿
＿＿＿◆◆＿＿＿＿＿
＿＿◆◆◆＿＿＿＿＿
＿◆◆◆□◆＿＿＿＿
＿◆◆□□◆□□＿＿
◆□□□□◆◆□＿■
□□□□□□◆□□■
◆□□□□□□□◆＿
□■□□□□□□□□
□□□□□□□□＿□
□□□□□□□□＿□
□□□□＿□□□□□
□□□□＿□□□□□
＿□□＿□□□＿□□
＿□□□□□□□□□
□＿□□□□□□□□
00:12:27(22429f):field(22428f)
＿＿＿＿＿＿＿＿＿＿
＿＿＿＿＿＿＿＿＿＿
＿＿＿＿＿＿＿＿＿＿
＿＿＿＿＿＿＿＿＿＿
＿＿＿＿＿＿＿＿＿＿
＿＿＿＿＿＿＿＿＿＿
＿＿＿＿＿＿＿＿＿＿
＿＿＿＿□＿＿＿＿＿
＿■＿□□＿◆◆■■
＿◆□□□＿＿◆■□
◆□□□□□＿◆◆□
＿□□□□□□□＿■
□◆□□□□□□□□
□□□□□□□□＿□
□□□□□□□□＿□
□□□□＿□□□□□
□□□□＿□□□□□
＿□□＿□□□＿□□
＿□□□□□□□□□
□＿□□□□□□□□
00:12:28(22440f):field(22439f)
＿＿＿＿＿＿＿＿＿＿
＿＿＿＿＿＿＿＿＿＿
＿＿＿＿＿＿＿＿＿＿
＿＿＿＿＿＿＿＿＿＿
＿＿＿＿＿＿＿＿＿＿
＿＿＿＿＿＿＿＿＿＿
＿＿＿＿＿＿＿＿＿＿
＿＿＿＿□＿＿＿＿＿
＿◆＿□□＿＿＿◆□
＿＿□□□＿＿＿◆□
＿□□□□□■■■□
＿□□□□□□□■□
□＿□□□□□□□□
□□□□□□□□＿□
□□□□□□□□＿□
□□□□＿□□□□□
□□□□＿□□□□□
＿□□＿□□□＿□□
＿□□□□□□□□□
□＿□□□□□□□□
00:12:28(22451f):field(22450f)
＿＿＿＿＿＿＿＿＿＿
＿＿＿＿＿＿＿＿＿＿
＿＿＿＿＿＿＿＿＿＿
＿＿＿＿＿＿＿＿＿＿
＿＿＿＿＿＿＿＿＿＿
＿＿＿＿■＿＿＿＿＿
＿＿＿■■＿＿＿＿＿
＿＿＿■□＿＿＿＿＿
＿＿＿□□＿＿＿＿□
＿＿□□□＿＿＿＿□
＿□□□□□□□□□
＿□□□□□□□□□
□＿□□□□□□□□
□□□□□□□□＿□
□□□□□□□□＿□
□□□□＿□□□□□
□□□□＿□□□□□
＿□□＿□□□＿□□
＿□□□□□□□□□
□＿□□□□□□□□
00:12:28(22461f):field(22460f)
＿＿＿＿＿＿＿＿＿＿
＿＿＿＿＿＿＿＿＿＿
＿＿＿＿＿＿＿＿＿＿
＿＿＿＿＿＿＿＿＿＿
＿＿＿＿＿＿＿＿＿＿
＿＿＿＿□＿＿＿＿＿
＿＿＿□□＿＿＿＿＿
＿＿＿□□＿＿＿＿＿
＿＿＿□□■■＿＿□
＿＿□□□■■＿＿□
＿□□□□□□□□□
＿□□□□□□□□□
□＿□□□□□□□□
□□□□□□□□＿□
□□□□□□□□＿□
□□□□＿□□□□□
□□□□＿□□□□□
＿□□＿□□□＿□□
＿□□□□□□□□□
□＿□□□□□□□□
00:12:29(22474f):field(22473f)
＿＿＿＿＿＿＿＿＿＿
＿＿＿＿＿＿＿＿＿＿
＿＿＿＿＿＿＿＿＿＿
＿＿＿＿＿＿＿＿＿＿
＿＿＿＿＿＿＿＿＿＿
＿＿＿＿□＿＿＿＿＿
＿＿＿□□＿＿＿＿＿
＿＿＿□□＿＿■＿＿
＿＿＿□□□□■＿□
＿＿□□□□□■■□
＿□□□□□□□□□
＿□□□□□□□□□
□＿□□□□□□□□
□□□□□□□□＿□
□□□□□□□□＿□
□□□□＿□□□□□
□□□□＿□□□□□
＿□□＿□□□＿□□
＿□□□□□□□□□
□＿□□□□□□□□
00:12:29(22484f):field(22483f)
＿＿＿＿＿＿＿＿＿＿
＿＿＿＿＿＿＿＿＿＿
＿＿＿＿＿＿＿＿＿＿
＿＿＿＿＿＿＿＿＿＿
＿＿＿＿＿＿＿＿＿＿
＿＿＿＿□＿■＿＿＿
＿＿＿□□＿■■＿＿
＿＿＿□□＿■□＿＿
＿＿＿□□□□□＿□
＿＿□□□□□□□□
＿□□□□□□□□□
＿□□□□□□□□□
□＿□□□□□□□□
□□□□□□□□＿□
□□□□□□□□＿□
□□□□＿□□□□□
□□□□＿□□□□□
＿□□＿□□□＿□□
＿□□□□□□□□□
□＿□□□□□□□□
00:12:29(22497f):field(22496f)
＿＿＿＿＿＿＿＿＿＿
＿＿＿＿＿＿＿＿＿＿
＿＿＿＿＿＿＿＿＿＿
＿＿＿＿＿＿＿＿＿＿
＿＿＿＿＿■＿＿＿＿
＿＿＿＿□■□＿＿＿
＿＿＿□□■□□＿＿
＿＿＿□□■□□＿＿
＿＿＿□□□□□＿□
＿＿□□□□□□□□
＿□□□□□□□□□
＿□□□□□□□□□
□＿□□□□□□□□
□□□□□□□□＿□
□□□□□□□□＿□
□□□□＿□□□□□
□□□□＿□□□□□
＿□□＿□□□＿□□
＿□□□□□□□□□
□＿□□□□□□□□
00:12:30(22509f):field(22508f)
＿＿＿＿＿＿＿＿＿＿
＿＿＿＿＿＿＿＿＿＿
＿＿＿＿＿＿＿＿＿＿
＿＿＿＿＿＿＿＿＿＿
＿＿＿＿＿□＿＿＿＿
＿＿＿＿□□□＿＿＿
＿＿＿□□□□□＿＿
＿＿■□□□□□＿＿
＿■■□□□□□＿□
＿■□□□□□□□□
＿□□□□□□□□□
＿□□□□□□□□□
□＿□□□□□□□□
□□□□□□□□＿□
□□□□□□□□＿□
□□□□＿□□□□□
□□□□＿□□□□□
＿□□＿□□□＿□□
＿□□□□□□□□□
□＿□□□□□□□□
00:12:30(22521f):field(22520f)
＿＿＿＿＿＿＿＿＿＿
＿＿＿＿＿＿＿＿＿＿
＿＿＿＿＿＿＿＿＿＿
＿＿＿＿＿＿＿＿＿＿
＿＿＿■■□＿＿＿＿
＿＿■■□□□＿＿＿
＿＿＿□□□□□＿＿
＿＿□□□□□□＿＿
＿□□□□□□□＿□
＿□□□□□□□□□
＿□□□□□□□□□
＿□□□□□□□□□
□＿□□□□□□□□
□□□□□□□□＿□
□□□□□□□□＿□
□□□□＿□□□□□
□□□□＿□□□□□
＿□□＿□□□＿□□
＿□□□□□□□□□
□＿□□□□□□□□
00:12:31(22531f):field(22530f)
＿＿＿＿＿＿＿＿＿＿
＿＿＿＿＿＿＿＿＿＿
＿＿＿＿＿＿＿＿＿＿
＿＿■■■＿＿＿＿＿
＿＿■□□□＿＿＿＿
＿＿□□□□□＿＿＿
＿＿＿□□□□□＿＿
＿＿□□□□□□＿＿
＿□□□□□□□＿□
＿□□□□□□□□□
＿□□□□□□□□□
＿□□□□□□□□□
□＿□□□□□□□□
□□□□□□□□＿□
□□□□□□□□＿□
□□□□＿□□□□□
□□□□＿□□□□□
＿□□＿□□□＿□□
＿□□□□□□□□□
□＿□□□□□□□□
00:12:31(22545f):field(22544f)
＿＿＿＿＿＿＿＿＿＿
＿＿＿＿＿＿＿＿＿＿
＿＿＿＿＿＿＿＿＿＿
＿＿□□□＿＿＿＿＿
＿＿□□□□＿＿＿＿
＿＿□□□□□＿＿＿
＿＿＿□□□□□■■
＿＿□□□□□□■■
＿□□□□□□□＿□
＿□□□□□□□□□
＿□□□□□□□□□
＿□□□□□□□□□
□＿□□□□□□□□
□□□□□□□□＿□
□□□□□□□□＿□
□□□□＿□□□□□
□□□□＿□□□□□
＿□□＿□□□＿□□
＿□□□□□□□□□
□＿□□□□□□□□
00:12:31(22557f):field(22556f)
＿＿＿＿＿＿＿＿＿＿
＿＿＿＿＿＿＿＿＿＿
＿＿＿＿＿＿＿＿＿＿
＿＿□□□＿＿＿＿＿
＿＿□□□□＿＿■＿
＿＿□□□□□■■■
＿＿＿□□□□□□□
＿＿□□□□□□□□
＿□□□□□□□＿□
＿□□□□□□□□□
＿□□□□□□□□□
＿□□□□□□□□□
□＿□□□□□□□□
□□□□□□□□＿□
□□□□□□□□＿□
□□□□＿□□□□□
□□□□＿□□□□□
＿□□＿□□□＿□□
＿□□□□□□□□□
□＿□□□□□□□□
00:12:32(22570f):field(22569f)
＿＿＿＿＿＿＿＿＿＿
＿＿＿＿＿＿＿＿＿＿
＿＿＿＿＿＿＿＿＿＿
＿＿□□□■■＿＿＿
＿＿□□□□■■□＿
＿＿□□□□□□□□
＿＿＿□□□□□□□
＿＿□□□□□□□□
＿□□□□□□□＿□
＿□□□□□□□□□
＿□□□□□□□□□
＿□□□□□□□□□
□＿□□□□□□□□
□□□□□□□□＿□
□□□□□□□□＿□
□□□□＿□□□□□
□□□□＿□□□□□
＿□□＿□□□＿□□
＿□□□□□□□□□
□＿□□□□□□□□
00:12:32(22582f):field(22581f)
＿＿＿＿＿＿＿＿＿＿
＿＿＿＿＿＿＿＿＿＿
＿＿＿＿＿＿＿＿＿＿
＿＿◆◆◆◆◆＿＿＿
＿＿◆◆◆◆◆◆◆＿
＿＿◆◆◆◆◆◆◆◆
＿＿■□□□□◆◆◆
＿＿□□□□□□□◆
＿◆□□□□□□■□
＿◆□□□□□□□□
＿◆□□□□□□□□
■□□□□□□□□□
□■□□□□□□□□
□□□□□□□□■□
□□□□□□□□＿□
□□□□＿□□□□□
□□□□＿□□□□□
＿□□＿□□□＿□□
＿□□□□□□□□□
□＿□□□□□□□□
00:12:33(22596f):field(22595f)
＿＿＿＿＿＿＿＿＿＿
＿＿＿＿＿＿＿＿＿＿
＿＿＿＿＿＿＿＿＿＿
＿＿＿＿＿＿＿＿＿＿
＿＿＿＿＿＿＿＿＿＿
＿＿＿＿＿＿＿＿＿＿
＿＿◆◆◆◆◆＿＿＿
＿＿□□□□□◆◆＿
＿■□□□□□□□◆
＿＿□□□□□□□□
■＿□□□□□□□□
□□□□□□□□□□
□◆□□□□□□□□
□□□□□□□□◆□
□□□□□□□□＿□
□□□□＿□□□□□
□□□□＿□□□□□
＿□□＿□□□＿□□
＿□□□□□□□□□
□＿□□□□□□□□
00:12:33(22605f):field(22604f)
＿＿＿＿＿＿＿＿＿＿
＿＿＿＿＿＿＿＿＿＿
＿＿＿＿＿＿＿＿＿＿
＿＿＿＿＿＿＿＿＿＿
＿＿＿＿＿＿＿＿＿＿
＿＿＿＿＿＿＿＿＿＿
＿＿＿＿＿＿＿＿■＿
＿＿□□□□□＿■■
＿◆□□□□□□□■
＿＿□□□□□□□□
□＿□□□□□□□□
□□□□□□□□◆□
□＿□□□□□□□□
□□□□□□□□＿□
□□□□□□□□■□
□□□□＿□□□□□
□□□□＿□□□□□
＿□□＿□□□＿□□
＿□□□□□□□□□
□＿□□□□□□□□
00:12:33(22618f):field(22617f)
＿＿＿＿＿＿＿＿＿＿
＿＿＿＿＿＿＿＿＿＿
＿＿＿＿＿＿＿＿＿＿
＿＿＿＿＿＿＿＿＿＿
＿＿＿＿＿＿＿＿＿＿
＿＿＿＿＿＿＿＿＿＿
＿＿＿＿＿＿＿＿◆＿
＿＿◆◆◆◆◆＿◆◆
＿■◆◆◆◆◆◆□□
■＿□□□□□◆□□
◆■□□□□□□□□
□□□□□□□□■□
□■□□□□□□□□
□□□□□□□□＿□
□□□□□□□□◆□
□□□□＿□□□□□
□□□□＿□□□□□
＿□□＿□□□＿□□
＿□□□□□□□□□
□＿□□□□□□□□
00:12:34(22628f):field(22627f)
＿＿＿＿＿＿＿＿＿＿
＿＿＿＿＿＿＿＿＿＿
＿＿＿＿＿＿＿＿＿＿
＿＿＿＿＿＿＿＿＿＿
＿＿＿＿＿＿＿＿＿＿
＿＿＿＿＿＿＿＿＿＿
＿＿＿＿＿＿＿＿＿＿
＿＿＿＿＿＿＿＿＿＿
＿◆＿＿＿■■■□◆
◆＿□□□□□■□□
＿□□□□□□□□□
□□□□□□□□◆□
□◆□□□□□□□□
□□□□□□□□＿□
□□□□□□□□＿□
□□□□＿□□□□□
□□□□＿□□□□□
＿□□＿□□□＿□□
＿□□□□□□□□□
□＿□□□□□□□□
00:12:34(22641f):field(22640f)
＿＿＿＿＿＿＿＿＿＿
＿＿＿＿＿＿＿＿＿＿
＿＿＿＿＿＿＿＿＿＿
＿＿＿＿＿＿＿＿＿＿
＿＿＿＿＿＿＿＿＿＿
＿＿＿＿＿＿＿＿＿＿
＿＿＿＿＿■■＿＿＿
＿＿＿＿＿■■＿＿＿
＿＿＿＿＿□□□□＿
＿＿□□□□□□□□
＿□□□□□□□□□
□□□□□□□□＿□
□＿□□□□□□□□
□□□□□□□□＿□
□□□□□□□□＿□
□□□□＿□□□□□
□□□□＿□□□□□
＿□□＿□□□＿□□
＿□□□□□□□□□
□＿□□□□□□□□
00:12:35(22653f):field(22652f)
＿＿＿＿＿＿＿＿＿＿
＿＿＿＿＿＿＿＿＿＿
＿＿＿＿＿＿＿＿＿＿
＿＿＿＿＿＿＿＿＿＿
＿＿＿＿＿＿＿＿＿＿
＿＿＿＿＿＿＿＿＿＿
＿＿＿＿＿◆◆＿＿＿
＿＿＿＿＿□□＿＿＿
■＿＿＿＿□□◆◆＿
■＿◆□□□□□□◆
■□□□□□□□□□
□□□□□□□□＿□
□＿□□□□□□□□
□□□□□□□□＿□
□□□□□□□□＿□
□□□□＿□□□□□
□□□□＿□□□□□
＿□□＿□□□＿□□
＿□□□□□□□□□
□＿□□□□□□□□
00:12:35(22665f):field(22664f)
＿＿＿＿＿＿＿＿＿＿
＿＿＿＿＿＿＿＿＿＿
＿＿＿＿＿＿＿＿＿＿
＿＿＿＿＿＿＿＿＿＿
＿＿＿＿＿＿＿＿＿＿
＿＿＿＿＿＿＿＿＿＿
＿＿＿＿＿＿＿＿＿＿
＿＿＿＿＿◆◆＿＿＿
◆＿＿＿＿□□＿＿＿
□＿■◆◆□□◆◆＿
□□□□□□□□□◆
□□□□□□□□＿□
□■□□□□□□□□
□□□□□□□□＿□
□□□□□□□□＿□
□□□□＿□□□□□
□□□□＿□□□□□
＿□□＿□□□＿□□
＿□□□□□□□□□
□＿□□□□□□□□
00:12:35(22675f):field(22674f)
＿＿＿＿＿＿＿＿＿＿
＿＿＿＿＿＿＿＿＿＿
＿＿＿＿＿＿＿＿＿＿
＿＿＿＿＿＿＿＿＿＿
＿＿＿＿＿＿＿＿＿＿
＿＿＿＿＿＿＿＿＿＿
＿＿＿＿＿＿＿＿＿＿
■＿＿＿＿＿＿＿＿＿
■■■＿＿□□＿＿＿
□■□＿＿□□＿＿＿
□□□◆◆□□□□＿
□□□□□□□□＿□
□◆□□□□□□□□
□□□□□□□□＿□
□□□□□□□□＿□
□□□□＿□□□□□
□□□□＿□□□□□
＿□□＿□□□＿□□
＿□□□□□□□□□
□＿□□□□□□□□
00:12:36(22686f):field(22685f)
＿＿＿＿＿＿＿＿＿＿
＿＿＿＿＿＿＿＿＿＿
＿＿＿＿＿＿＿＿＿＿
＿＿＿＿＿＿＿＿＿＿
＿＿＿＿＿＿＿＿＿＿
＿＿＿＿＿＿＿＿＿＿
＿＿＿＿＿＿＿＿＿＿
□＿＿＿＿＿＿＿＿＿
□□◆＿■□□＿＿＿
□□□＿■□□＿＿＿
□□□■■□□□□＿
□□□□□□□□＿□
□＿□□□□□□□□
□□□□□□□□＿□
□□□□□□□□＿□
□□□□＿□□□□□
□□□□＿□□□□□
＿□□＿□□□＿□□
＿□□□□□□□□□
□＿□□□□□□□□
00:12:36(22697f):field(22696f)
＿＿＿＿＿＿＿＿＿＿
＿＿＿＿＿＿＿＿＿＿
＿＿＿＿＿＿＿＿＿＿
＿＿＿＿＿＿＿＿＿＿
＿＿＿＿＿＿＿＿＿＿
＿＿＿＿＿＿＿＿＿＿
＿＿＿＿＿＿＿＿＿＿
□＿＿■■■＿＿＿＿
□□＿■□□□＿＿＿
□□□＿□□□＿＿＿
□□□□□□□□□＿
□□□□□□□□＿□
□＿□□□□□□□□
□□□□□□□□＿□
□□□□□□□□＿□
□□□□＿□□□□□
□□□□＿□□□□□
＿□□＿□□□＿□□
＿□□□□□□□□□
□＿□□□□□□□□
00:12:37(22711f):field(22710f)
＿＿＿＿＿＿＿＿＿＿
＿＿＿＿＿＿＿＿＿＿
＿＿＿＿＿＿＿＿＿＿
＿＿＿＿＿＿＿＿＿＿
＿＿＿＿＿＿＿＿＿＿
＿＿＿＿＿＿＿＿＿＿
＿＿■＿＿＿＿＿＿＿
□■■□□□＿＿＿＿
□□■□□□□＿＿＿
□□□＿□□□＿＿＿
□□□□□□□□□＿
□□□□□□□□＿□
□＿□□□□□□□□
□□□□□□□□＿□
□□□□□□□□＿□
□□□□＿□□□□□
□□□□＿□□□□□
＿□□＿□□□＿□□
＿□□□□□□□□□
□＿□□□□□□□□
00:12:37(22723f):field(22722f)
＿＿＿＿＿＿＿＿＿＿
＿＿＿＿＿＿＿＿＿＿
＿＿＿＿＿＿＿＿＿＿
＿＿＿＿＿＿＿＿＿＿
＿＿＿＿＿＿＿＿＿＿
＿＿＿＿＿＿＿＿＿＿
＿＿◆＿＿＿＿＿＿＿
◆◆□◆◆◆＿＿＿＿
□□□□□□◆＿＿■
□□□■□□□＿＿■
□□□◆□□□□◆■
□□□□□□□□＿□
□＿□□□□□□□□
□□□□□□□□＿□
□□□□□□□□＿□
□□□□＿□□□□□
□□□□＿□□□□□
＿□□＿□□□＿□□
＿□□□□□□□□□
□＿□□□□□□□□
00:12:37(22736f):field(22735f)
＿＿＿＿＿＿＿＿＿＿
＿＿＿＿＿＿＿＿＿＿
＿＿＿＿＿＿＿＿＿＿
＿＿＿＿＿＿＿＿＿＿
＿＿＿＿＿＿＿＿＿＿
＿＿＿＿＿＿＿＿＿＿
＿＿＿＿＿＿＿＿＿＿
＿＿◆＿＿＿＿＿＿＿
◆◆□□◆□＿＿＿◆
□□□□□□□■■□
□□□＿□□□□■□
□□□□□□□□＿□
□＿□□□□□□□□
□□□□□□□□＿□
□□□□□□□□＿□
□□□□＿□□□□□
□□□□＿□□□□□
＿□□＿□□□＿□□
＿□□□□□□□□□
□＿□□□□□□□□
00:12:38(22747f):field(22746f)
＿＿＿＿＿＿＿＿＿＿
＿＿＿＿＿＿＿＿＿＿
＿＿＿＿＿＿＿＿＿＿
＿＿＿＿＿＿＿＿＿＿
＿＿＿＿＿＿＿＿＿＿
＿＿＿＿＿＿＿＿＿＿
＿＿＿＿＿＿＿＿＿＿
＿＿＿＿＿＿＿＿＿＿
■＿□□＿□＿＿■＿
◆◆□◆◆◆□□□□
□□□■□□□□□□
□□□□□□□□＿□
□＿□□□□□□□□
□□□□□□□□＿□
□□□□□□□□＿□
□□□□＿□□□□□
□□□□＿□□□□□
＿□□＿□□□＿□□
＿□□□□□□□□□
□＿□□□□□□□□
00:12:38(22757f):field(22756f)
＿＿＿＿＿＿＿＿＿＿
＿＿＿＿＿＿＿＿＿＿
＿＿＿＿＿＿＿＿＿＿
＿＿＿＿＿＿＿＿＿＿
＿＿＿＿＿＿＿＿＿＿
＿＿＿＿＿＿＿＿＿＿
＿■＿＿＿＿＿＿＿＿
＿＿＿＿＿＿＿＿＿＿
◆＿□◆＿□■＿◆＿
＿＿□＿＿■□□□◆
□□□◆□□□□◆□
□□□□□□□□＿□
□＿□□□□□□□□
□□□□□□□□＿□
□□□□□□□□＿□
□□□□■□□□□□
□□□□＿□□□□□
＿□□＿□□□＿□□
＿□□□□□□□□□
□＿□□□□□□□□
00:12:38(22768f):field(22767f)
＿＿＿＿＿＿＿＿＿＿
＿＿＿＿＿＿＿＿＿＿
＿＿＿＿＿＿＿＿＿＿
＿＿＿＿＿＿＿＿＿＿
＿＿＿＿＿＿＿＿＿＿
＿＿＿＿＿＿＿＿＿＿
＿◆＿＿＿＿＿＿＿＿
＿＿＿＿■■＿＿＿＿
＿＿◆＿■□□＿＿＿
＿＿□＿■□□□□＿
□□□＿□□□□＿□
□□□□□□□□＿□
□＿□□□□□□□□
□□□□□□□□＿□
□□□□□□□□＿□
□□□□◆□□□□□
□□□□＿□□□□□
＿□□＿□□□＿□□
＿□□□□□□□□□
□＿□□□□□□□□
00:12:39(22777f):field(22776f)
＿＿＿＿＿＿＿＿＿＿
＿＿＿＿＿＿＿＿＿＿
＿＿＿＿＿＿＿＿＿＿
＿＿＿＿＿＿＿＿＿＿
＿＿＿＿＿＿＿＿＿＿
＿＿＿＿＿＿＿＿＿＿
＿＿＿＿＿＿＿＿＿＿
＿＿＿＿□□＿＿＿＿
＿＿■■□□□＿＿＿
＿＿□■□□□□□＿
□□□■□□□□＿□
□□□□□□□□＿□
□＿□□□□□□□□
□□□□□□□□＿□
□□□□□□□□＿□
□□□□＿□□□□□
□□□□＿□□□□□
＿□□＿□□□＿□□
＿□□□□□□□□□
□＿□□□□□□□□
00:12:39(22791f):field(22790f)
＿＿＿＿＿＿＿＿＿＿
＿＿＿＿＿＿＿＿＿＿
＿＿＿＿＿＿＿＿＿＿
＿＿＿＿＿＿＿＿＿＿
＿＿＿＿＿＿＿＿＿＿
＿＿＿＿＿＿＿＿＿＿
＿＿＿＿＿＿＿＿＿＿
＿＿＿＿□□＿＿＿■
＿＿□□□□□＿■■
＿＿□□□□□□□■
□□□□□□□□＿□
□□□□□□□□＿□
□＿□□□□□□□□
□□□□□□□□＿□
□□□□□□□□＿□
□□□□＿□□□□□
□□□□＿□□□□□
＿□□＿□□□＿□□
＿□□□□□□□□□
□＿□□□□□□□□
00:12:40(22815f):field(22814f)
＿＿＿＿＿＿＿＿＿＿
＿＿＿＿＿＿＿＿＿＿
＿＿＿＿＿＿＿＿＿＿
＿＿＿＿＿＿＿＿＿＿
＿＿＿＿＿＿＿＿＿＿
＿＿＿＿■＿＿＿＿＿
■＿＿■■＿＿＿＿＿
■＿＿■□□＿＿＿□
■＿□□□□□＿□□
■＿□□□□□□□□
□□□□□□□□＿□
□□□□□□□□＿□
□＿□□□□□□□□
□□□□□□□□＿□
□□□□□□□□＿□
□□□□＿□□□□□
□□□□＿□□□□□
＿□□＿□□□＿□□
＿□□□□□□□□□
□＿□□□□□□□□
00:12:40(22827f):field(22826f)
＿＿＿＿＿＿＿＿＿＿
＿＿＿＿＿＿＿＿＿＿
＿＿＿＿＿＿＿＿＿＿
＿＿＿＿■＿＿＿＿＿
＿＿＿■■＿＿＿＿＿
＿＿＿■□＿＿＿＿＿
□＿＿□□＿＿＿＿＿
□＿＿□□□＿＿＿□
□＿□□□□□＿□□
□＿□□□□□□□□
□□□□□□□□＿□
□□□□□□□□＿□
□＿□□□□□□□□
□□□□□□□□＿□
□□□□□□□□＿□
□□□□＿□□□□□
□□□□＿□□□□□
＿□□＿□□□＿□□
＿□□□□□□□□□
□＿□□□□□□□□
00:12:41(22840f):field(22839f)
＿＿＿＿＿＿＿＿＿＿
＿＿＿＿＿＿＿＿＿＿
＿＿＿＿＿＿＿＿＿＿
＿＿＿＿◆＿＿＿＿＿
＿＿＿◆□＿＿＿＿＿
＿＿＿□□＿＿＿＿＿
◆＿＿□□＿＿＿＿＿
□＿＿□□◆＿＿＿◆
□■□□□□◆＿□□
□■□□□□□□□□
□□□□□□□□■□
□□□□□□□□＿□
□＿□□□□□□□□
□□□□□□□□＿□
□□□□□□□□＿□
□□□□＿□□□□□
□□□□＿□□□□□
＿□□＿□□□＿□□
＿□□□□□□□□□
□＿□□□□□□□□
00:12:41(22851f):field(22850f)
＿＿＿＿＿＿＿＿＿＿
＿＿＿＿＿＿＿＿＿＿
＿＿＿＿＿＿＿＿＿＿
＿＿＿＿＿＿＿＿＿＿
＿＿＿＿□＿＿＿＿＿
＿＿＿□□＿＿＿＿＿
＿＿＿□□■＿＿＿＿
□＿＿□□■■＿＿＿
□□□□□□■＿◆□
□□□□□□□◆□□
□□□□□□□□◆□
□□□□□□□□＿□
□＿□□□□□□□□
□□□□□□□□＿□
□□□□□□□□＿□
□□□□＿□□□□□
□□□□＿□□□□□
＿□□＿□□□＿□□
＿□□□□□□□□□
□＿□□□□□□□□
00:12:42(22864f):field(22863f)
＿＿＿＿＿＿＿＿＿＿
＿＿＿＿＿＿＿＿＿＿
＿＿＿＿＿＿＿＿＿＿
＿＿＿＿＿＿＿＿＿＿
＿＿＿＿□＿＿＿＿＿
＿■＿□□＿＿＿＿＿
＿■＿□□□＿＿＿＿
□■■□□□□＿＿＿
□□□□□□□＿＿□
□□□□□□□＿□□
□□□□□□□□＿□
□□□□□□□□＿□
□＿□□□□□□□□
□□□□□□□□＿□
□□□□□□□□＿□
□□□□＿□□□□□
□□□□＿□□□□□
＿□□＿□□□＿□□
＿□□□□□□□□□
□＿□□□□□□□□
00:12:42(22877f):field(22876f)
＿＿＿＿＿＿＿＿＿＿
＿＿＿＿＿＿＿＿＿＿
＿＿＿＿＿＿＿＿＿＿
＿＿＿＿＿＿＿＿＿＿
＿＿＿＿◆＿＿＿＿＿
＿◆＿◆□＿＿＿＿＿
＿□＿□□◆＿＿＿＿
◆□◆□□□◆■＿＿
□□□□□□□■＿◆
□□□□□□□■◆□
□□□□□□□□＿□
□□□□□□□□＿□
□＿□□□□□□□□
□□□□□□□□＿□
□□□□□□□□＿□
□□□□＿□□□□□
□□□□＿□□□□□
＿□□＿□□□＿□□
＿□□□□□□□□□
□＿□□□□□□□□
00:12:42(22889f):field(22888f)
＿＿＿＿＿＿＿＿＿＿
＿＿＿＿＿＿＿＿＿＿
＿＿＿＿＿＿＿＿＿＿
＿＿＿＿＿＿＿＿＿＿
＿＿＿＿＿＿＿＿＿＿
＿＿＿＿◆＿＿＿＿＿
＿◆＿◆□＿＿＿＿＿
＿□＿□□◆＿◆＿■
□□◆□□□□□■■
□□□□□□□□＿□
□□□□□□□□＿□
□□□□□□□□＿□
□＿□□□□□□□□
□□□□□□□□＿□
□□□□□□□□＿□
□□□□＿□□□□□
□□□□＿□□□□□
＿□□＿□□□＿□□
＿□□□□□□□□□
□＿□□□□□□□□
00:12:43(22898f):field(22897f)
＿＿＿＿＿＿＿＿＿＿
＿＿＿＿＿＿＿＿＿＿
＿＿＿＿＿＿＿＿＿＿
＿＿＿＿＿＿＿＿＿＿
＿＿＿＿■＿＿＿＿＿
＿＿＿■■＿＿＿＿＿
＿＿＿■□＿＿＿＿＿
＿□＿□□＿＿＿＿◆
◆□＿□□□□□□□
□□□□□□□□＿□
□□□□□□□□＿□
□□□□□□□□＿□
□＿□□□□□□□□
□□□□□□□□＿□
□□□□□□□□＿□
□□□□＿□□□□□
□□□□＿□□□□□
＿□□＿□□□＿□□
＿□□□□□□□□□
□＿□□□□□□□□
00:12:43(22910f):field(22909f)
＿＿＿＿＿＿＿＿＿＿
＿＿＿＿＿＿＿＿＿＿
＿＿＿＿＿＿＿＿＿＿
＿＿＿＿＿＿＿＿＿＿
＿＿＿＿□＿＿＿＿＿
＿＿＿□□＿＿＿＿＿
＿＿＿□□■＿＿＿＿
＿□＿□□■■＿＿＿
＿□＿□□□□□□□
□□□□□□□□＿□
□□□□□□□□＿□
□□□□□□□□＿□
□＿□□□□□□□□
□□□□□□□□＿□
□□□□□□□□＿□
□□□□＿□□□□□
□□□□＿□□□□□
＿□□＿□□□＿□□
＿□□□□□□□□□
□＿□□□□□□□□
00:12:44(22921f):field(22920f)
＿＿＿＿＿＿＿＿＿＿
＿＿＿＿＿＿＿＿＿＿
＿＿＿＿＿＿＿＿＿＿
＿＿＿＿＿＿＿＿＿＿
＿＿＿＿□＿＿＿＿＿
＿＿＿□□＿＿＿＿＿
＿＿＿□□□＿＿■＿
＿□＿□□□□■■■
＿□＿□□□□□□□
□□□□□□□□＿□
□□□□□□□□＿□
□□□□□□□□＿□
□＿□□□□□□□□
□□□□□□□□＿□
□□□□□□□□＿□
□□□□＿□□□□□
□□□□＿□□□□□
＿□□＿□□□＿□□
＿□□□□□□□□□
□＿□□□□□□□□
00:12:44(22932f):field(22931f)
＿＿＿＿＿＿＿＿＿＿
＿＿＿＿＿＿＿＿＿＿
＿＿＿＿＿＿＿＿＿＿
＿＿＿＿＿＿＿＿＿＿
＿＿＿＿□＿＿＿＿＿
＿＿＿□□＿＿＿＿＿
＿■■□□□＿＿□＿
＿□■□□□□□□□
＿□■□□□□□□□
□□□□□□□□＿□
□□□□□□□□＿□
□□□□□□□□＿□
□＿□□□□□□□□
□□□□□□□□＿□
□□□□□□□□＿□
□□□□＿□□□□□
□□□□＿□□□□□
＿□□＿□□□＿□□
＿□□□□□□□□□
□＿□□□□□□□□
00:12:44(22942f):field(22941f)
＿＿＿＿＿＿＿＿＿＿
＿＿＿＿＿＿＿＿＿＿
＿＿＿＿＿＿＿＿＿＿
＿＿＿■■■＿＿＿＿
＿＿＿＿□■＿＿＿＿
＿＿＿□□＿＿＿＿＿
＿□□□□□＿＿□＿
＿□□□□□□□□□
＿□□□□□□□□□
□□□□□□□□＿□
□□□□□□□□＿□
□□□□□□□□＿□
□＿□□□□□□□□
□□□□□□□□＿□
□□□□□□□□＿□
□□□□＿□□□□□
□□□□＿□□□□□
＿□□＿□□□＿□□
＿□□□□□□□□□
□＿□□□□□□□□
00:12:45(22954f):field(22953f)
＿＿＿＿＿＿＿＿＿＿
＿＿＿＿＿＿＿＿＿＿
＿＿＿＿＿＿＿＿＿＿
＿＿＿□□□＿＿＿＿
＿＿＿＿□□＿＿＿＿
＿＿＿□□■■＿＿＿
＿□□□□□■■□＿
＿□□□□□□□□□
＿□□□□□□□□□
□□□□□□□□＿□
□□□□□□□□＿□
□□□□□□□□＿□
□＿□□□□□□□□
□□□□□□□□＿□
□□□□□□□□＿□
□□□□＿□□□□□
□□□□＿□□□□□
＿□□＿□□□＿□□
＿□□□□□□□□□
□＿□□□□□□□□
00:12:45(22972f):field(22971f)
＿＿＿＿＿＿＿＿＿＿
＿＿＿＿＿＿＿＿＿＿
＿＿＿＿＿＿＿＿＿＿
＿＿＿□□□＿＿＿＿
＿＿＿＿□□＿＿■■
＿＿＿□□□□＿■■
＿□□□□□□□□＿
＿□□□□□□□□□
＿□□□□□□□□□
□□□□□□□□＿□
□□□□□□□□＿□
□□□□□□□□＿□
□＿□□□□□□□□
□□□□□□□□＿□
□□□□□□□□＿□
□□□□＿□□□□□
□□□□＿□□□□□
＿□□＿□□□＿□□
＿□□□□□□□□□
□＿□□□□□□□□
00:12:46(22987f):field(22986f)
＿＿＿＿＿＿＿＿＿＿
＿＿＿＿＿＿＿＿＿＿
＿＿＿＿＿＿＿＿＿＿
＿＿＿□□□＿＿＿＿
＿■＿＿□□＿＿□□
■■■□□□□＿□□
＿□□□□□□□□＿
＿□□□□□□□□□
＿□□□□□□□□□
□□□□□□□□＿□
□□□□□□□□＿□
□□□□□□□□＿□
□＿□□□□□□□□
□□□□□□□□＿□
□□□□□□□□＿□
□□□□＿□□□□□
□□□□＿□□□□□
＿□□＿□□□＿□□
＿□□□□□□□□□
□＿□□□□□□□□
00:12:46(22999f):field(22998f)
＿＿＿＿＿＿＿＿＿＿
＿＿■＿＿＿＿＿＿＿
＿＿■＿＿＿＿＿＿＿
＿＿■□□□＿＿＿＿
＿□■＿□□＿＿□□
□□□□□□□＿□□
＿□□□□□□□□＿
＿□□□□□□□□□
＿□□□□□□□□□
□□□□□□□□＿□
□□□□□□□□＿□
□□□□□□□□＿□
□＿□□□□□□□□
□□□□□□□□＿□
□□□□□□□□＿□
□□□□＿□□□□□
□□□□＿□□□□□
＿□□＿□□□＿□□
＿□□□□□□□□□
□＿□□□□□□□□
00:12:47(23011f):field(23010f)
＿＿＿＿＿＿＿＿＿＿
＿＿□■■■＿＿＿＿
＿＿□■＿＿＿＿＿＿
＿＿□□□□＿＿＿＿
＿□□＿□□＿＿□□
□□□□□□□＿□□
＿□□□□□□□□＿
＿□□□□□□□□□
＿□□□□□□□□□
□□□□□□□□＿□
□□□□□□□□＿□
□□□□□□□□＿□
□＿□□□□□□□□
□□□□□□□□＿□
□□□□□□□□＿□
□□□□＿□□□□□
□□□□＿□□□□□
＿□□＿□□□＿□□
＿□□□□□□□□□
□＿□□□□□□□□
00:12:54(23232f):game end
