00:57:22(103284f):game start
00:57:24(103328f):field(103327f)
＿＿＿＿＿＿＿＿＿＿
＿＿＿＿＿＿＿＿＿＿
＿＿＿＿＿＿＿＿＿＿
＿＿＿＿＿＿＿＿＿＿
＿＿＿＿＿＿＿＿＿＿
＿＿＿＿＿＿＿＿＿＿
＿＿＿＿＿＿＿＿＿＿
＿＿＿＿＿＿＿＿＿＿
＿＿＿＿＿＿＿＿＿＿
＿＿＿＿＿＿＿＿＿＿
＿＿＿＿＿＿＿＿＿＿
＿＿＿＿＿＿＿＿＿＿
＿＿＿＿＿＿＿＿＿＿
＿＿■■■■■■＿＿
＿＿＿＿＿＿＿＿＿＿
＿＿＿＿＿＿＿＿＿＿
＿＿＿＿＿＿＿＿＿＿
＿＿＿＿＿＿＿＿＿＿
＿＿＿＿＿＿＿＿＿＿
＿＿＿＿＿＿＿＿＿＿
00:57:25(103351f):field(103350f)
＿＿＿＿＿＿＿＿＿＿
＿＿＿＿＿＿＿＿＿＿
＿＿＿＿＿＿＿＿＿＿
＿＿＿＿＿＿＿＿＿＿
＿＿＿＿＿＿＿＿＿＿
＿＿＿＿＿＿＿＿＿＿
＿＿＿＿＿＿＿＿＿＿
＿＿＿＿＿＿＿＿＿＿
＿＿＿＿＿＿＿＿＿＿
＿＿＿＿＿＿＿＿＿＿
＿＿＿＿＿＿＿＿＿＿
＿＿＿＿＿＿＿＿＿＿
＿＿＿＿＿＿＿＿＿＿
＿＿◆◆◆◆◆◆＿＿
＿＿＿＿＿＿＿＿＿＿
＿＿＿＿＿＿＿＿＿＿
＿＿＿＿＿＿＿＿＿＿
＿＿＿＿＿＿＿＿＿＿
■＿＿＿＿＿＿＿＿＿
■■■■■■■＿＿＿
00:57:25(103363f):field(103362f)
＿＿＿＿＿＿＿＿＿＿
＿＿＿＿＿＿＿＿＿＿
＿＿＿＿＿＿＿＿＿＿
＿＿＿＿＿＿＿＿＿＿
＿＿＿＿＿＿＿＿＿＿
＿＿＿＿＿＿＿＿＿＿
＿＿＿＿＿＿＿＿＿＿
＿＿＿＿＿＿＿＿＿＿
＿＿＿＿＿＿＿＿＿＿
＿＿＿＿＿＿＿＿＿＿
＿＿＿＿＿＿＿＿＿＿
＿＿＿＿＿＿＿＿＿＿
＿＿＿＿＿＿＿＿＿＿
＿＿＿＿＿＿＿＿＿＿
＿＿＿＿＿＿＿＿＿＿
＿＿＿＿＿＿＿＿＿＿
＿＿＿＿＿＿＿＿＿＿
＿＿＿＿■＿＿＿＿＿
□＿＿■■■＿＿＿＿
□□□□□□□＿＿＿
00:57:25(103374f):field(103373f)
＿＿＿＿＿＿＿＿＿＿
＿＿＿＿＿＿＿＿＿＿
＿＿＿＿＿＿＿＿＿＿
＿＿＿＿＿＿＿＿＿＿
＿＿＿＿＿＿＿＿＿＿
＿＿＿＿＿＿＿＿＿＿
＿＿＿＿＿＿＿＿＿＿
＿＿＿＿＿＿＿＿＿＿
＿＿＿＿＿＿＿＿＿＿
＿＿＿＿＿＿＿＿＿＿
＿＿＿＿＿＿＿＿＿＿
＿＿＿＿＿＿＿＿＿＿
＿＿＿＿＿＿＿＿＿＿
＿＿＿＿＿＿＿＿＿＿
＿＿＿＿＿＿＿＿＿＿
＿＿＿＿＿＿＿＿＿＿
＿＿＿＿＿＿＿＿＿＿
＿■■＿□＿＿＿＿＿
□■■□□□＿＿＿＿
□□□□□□□＿＿＿
00:57:26(103389f):field(103388f)
＿＿＿＿＿＿＿＿＿＿
＿＿＿＿＿＿＿＿＿＿
＿＿＿＿＿＿＿＿＿＿
＿＿＿＿＿＿＿＿＿＿
＿＿＿＿＿＿＿＿＿＿
＿＿＿＿＿＿＿＿＿＿
＿＿＿＿＿＿＿＿＿＿
＿＿＿＿＿＿＿＿＿＿
＿＿＿＿＿＿＿＿＿＿
＿＿＿＿＿＿＿＿＿＿
＿＿＿＿＿＿＿＿＿＿
＿＿＿＿＿＿＿＿＿＿
＿＿＿＿＿＿＿＿＿＿
＿＿＿＿＿＿＿＿＿＿
＿＿＿＿＿＿＿＿＿＿
＿＿■＿＿＿＿＿＿＿
＿＿■■＿＿＿＿＿＿
＿□□■□＿＿＿＿＿
□□□□□□＿＿＿＿
□□□□□□□＿＿＿
00:57:26(103402f):field(103401f)
＿＿＿＿＿＿＿＿＿＿
＿＿＿＿＿＿＿＿＿＿
＿＿＿＿＿＿＿＿＿＿
＿＿＿＿＿＿＿＿＿＿
＿＿＿＿＿＿＿＿＿＿
＿＿＿＿＿＿＿＿＿＿
＿＿＿＿＿＿＿＿＿＿
＿＿＿＿＿＿＿＿＿＿
＿＿＿＿＿＿＿＿＿＿
＿＿＿＿＿＿＿＿＿＿
＿＿＿＿＿＿＿＿＿＿
＿＿＿＿＿＿＿＿＿＿
＿＿＿＿＿＿＿＿＿＿
＿＿＿＿＿＿＿＿＿＿
＿＿＿＿＿＿＿＿＿＿
＿＿□＿＿＿＿＿＿＿
＿＿□□＿＿＿＿＿＿
＿□□□□＿＿■＿＿
□□□□□□＿■＿＿
□□□□□□□■■＿
00:57:27(103428f):field(103427f)
＿＿＿＿＿＿＿＿＿＿
＿＿＿＿＿＿＿＿＿＿
＿＿＿＿＿＿＿＿＿＿
＿＿＿＿＿＿＿＿＿＿
＿＿＿＿＿＿＿＿＿＿
＿＿＿＿＿＿＿＿＿＿
＿＿＿＿＿＿＿＿＿＿
＿＿＿＿＿＿＿＿＿＿
＿＿＿＿＿＿＿＿＿＿
＿＿＿＿＿＿＿＿＿＿
＿＿＿＿＿＿＿＿＿＿
＿＿＿＿＿＿＿＿＿＿
＿＿＿＿＿＿＿＿＿＿
＿＿＿＿＿＿■＿＿＿
＿＿＿＿＿＿■＿＿＿
＿＿□＿＿＿■＿＿＿
＿＿□□■■■＿＿＿
＿□□□□■■□＿＿
□□□□□□＿□＿＿
□□□□□□□□□＿
00:57:28(103440f):field(103439f)
＿＿＿＿＿＿＿＿＿＿
＿＿＿＿＿＿＿＿＿＿
＿＿＿＿＿＿＿＿＿＿
＿＿＿＿＿＿＿＿＿＿
＿＿＿＿＿＿＿＿＿＿
＿＿＿＿＿＿＿＿＿＿
＿＿＿＿＿＿＿＿＿＿
＿＿＿＿＿＿＿＿＿＿
＿＿＿＿＿＿＿＿＿＿
＿＿＿＿＿＿＿＿＿＿
＿＿＿＿＿＿＿＿＿＿
＿＿＿＿＿＿＿＿＿＿
＿＿＿＿＿■＿＿＿＿
＿＿＿＿＿■□＿＿＿
＿＿＿＿＿■□＿＿＿
＿＿□＿＿■□＿＿＿
＿＿□□□□□＿＿＿
＿□□□□□□□＿＿
□□□□□□＿□＿＿
□□□□□□□□□＿
00:57:28(103453f):field(103452f)
＿＿＿＿＿＿＿＿＿＿
＿＿＿＿＿＿＿＿＿＿
＿＿＿＿＿＿＿＿＿＿
＿＿＿＿＿＿＿＿＿＿
＿＿＿＿＿＿＿＿＿＿
＿＿＿＿＿＿＿＿＿＿
＿＿＿＿＿＿＿＿＿＿
＿＿＿＿＿＿＿＿＿＿
＿＿＿＿＿＿＿＿＿＿
＿＿＿＿＿＿＿＿＿＿
＿＿＿＿＿＿＿＿＿＿
＿＿＿＿＿＿＿＿＿＿
＿＿＿＿＿□＿＿＿＿
＿＿＿＿■□□＿＿＿
＿＿＿■■□□＿＿＿
＿＿□＿■□□＿＿＿
＿＿□□□□□＿＿＿
＿□□□□□□□＿＿
□□□□□□＿□＿＿
□□□□□□□□□＿
00:57:29(103472f):field(103471f)
＿＿＿＿＿＿＿＿＿＿
＿＿＿＿＿＿＿＿＿＿
＿＿＿＿＿＿＿＿＿＿
＿＿＿＿＿＿＿＿＿＿
＿＿＿＿＿＿＿＿＿＿
＿＿＿＿＿＿＿＿＿＿
＿＿＿＿＿＿＿＿＿＿
＿＿＿＿＿＿＿＿＿＿
＿＿＿＿＿＿＿＿＿＿
＿＿＿＿＿＿＿＿＿＿
＿＿＿＿＿＿＿＿＿＿
＿＿＿＿＿＿＿＿＿＿
＿＿＿＿＿□＿＿＿＿
＿＿＿＿□□□＿＿＿
＿＿＿□□□□＿＿＿
＿＿□＿□□□＿＿＿
＿＿□□□□□■■＿
＿□□□□□□□■＿
□□□□□□＿□■＿
□□□□□□□□□＿
00:57:29(103484f):field(103483f)
＿＿＿＿＿＿＿＿＿＿
＿＿＿＿＿＿＿＿＿＿
＿＿＿＿＿＿＿＿＿＿
＿＿＿＿＿＿＿＿＿＿
＿＿＿＿＿＿＿＿＿＿
＿＿＿＿＿＿＿＿＿＿
＿＿＿＿＿＿＿＿＿＿
＿＿＿＿＿＿＿＿＿＿
＿＿＿＿＿＿＿＿＿＿
＿＿＿＿＿＿＿＿＿＿
＿＿＿＿＿＿＿＿＿＿
＿＿＿＿＿＿＿＿＿＿
＿＿＿＿＿□＿＿＿＿
＿＿＿＿□□□＿＿＿
＿＿＿□□□□＿＿＿
＿■□＿□□□＿＿＿
■■□□□□□□□＿
■□□□□□□□□＿
□□□□□□＿□□＿
□□□□□□□□□＿
00:57:30(103500f):field(103499f)
＿＿＿＿＿＿＿＿＿＿
＿＿＿＿＿＿＿＿＿＿
＿＿＿＿＿＿＿＿＿＿
＿＿＿＿＿＿＿＿＿＿
＿＿＿＿＿＿＿＿＿＿
＿＿＿＿＿＿＿＿＿＿
＿＿＿＿＿＿＿＿＿＿
＿＿＿＿＿＿＿＿＿＿
＿＿＿＿＿＿＿＿＿＿
＿＿＿＿＿＿＿＿＿＿
＿＿＿＿＿＿＿＿＿＿
＿＿＿＿＿＿＿＿＿＿
＿＿＿＿＿□＿＿＿＿
＿＿■■□□□＿＿＿
＿■■□□□□＿＿＿
＿□□＿□□□＿＿＿
□□□□□□□□□＿
□□□□□□□□□＿
□□□□□□＿□□＿
□□□□□□□□□＿
00:57:30(103514f):field(103513f)
＿＿＿＿＿＿＿＿＿＿
＿＿＿＿＿＿＿＿＿＿
＿＿＿＿＿＿＿＿＿＿
＿＿＿＿＿＿＿＿＿＿
＿＿＿＿＿＿＿＿＿＿
＿＿＿＿＿＿＿＿＿＿
＿＿＿＿＿＿＿＿＿＿
＿＿＿＿＿＿＿＿＿＿
＿＿＿＿＿＿＿＿＿＿
＿＿＿＿＿＿＿＿＿＿
＿＿＿＿＿＿＿＿＿＿
＿＿＿＿＿＿＿＿＿＿
■＿＿＿＿□＿＿＿＿
■＿□□□□□＿＿＿
■□□□□□□＿＿＿
■□□＿□□□＿＿＿
□□□□□□□□□＿
□□□□□□□□□＿
□□□□□□＿□□＿
□□□□□□□□□＿
00:57:30(103525f):field(103524f)
＿＿＿＿＿＿＿＿＿＿
＿＿＿＿＿＿＿＿＿＿
＿＿＿＿＿＿＿＿＿＿
＿＿＿＿＿＿＿＿＿＿
＿＿＿＿＿＿＿＿＿＿
＿＿＿＿＿＿＿＿＿＿
＿＿＿＿＿＿＿＿＿＿
＿＿＿＿＿＿＿＿＿＿
＿＿＿＿＿＿＿＿＿＿
＿＿＿＿＿＿＿＿＿＿
＿＿＿＿■＿＿＿＿＿
＿＿＿＿■＿＿＿＿＿
□＿＿■■□＿＿＿＿
□＿□□□□□＿＿＿
□□□□□□□＿＿＿
□□□＿□□□＿＿＿
□□□□□□□□□＿
□□□□□□□□□＿
□□□□□□＿□□＿
□□□□□□□□□＿
00:57:31(103544f):field(103543f)
＿＿＿＿＿＿＿＿＿＿
＿＿＿＿＿＿＿＿＿＿
＿＿＿＿＿＿＿＿＿＿
＿＿＿＿＿＿＿＿＿＿
＿＿＿＿＿＿＿＿＿＿
＿＿＿＿＿＿＿＿＿＿
＿＿＿＿＿＿＿＿＿＿
＿＿＿＿＿＿＿＿＿＿
＿＿＿＿＿＿＿＿＿＿
＿＿＿＿＿＿＿＿＿＿
＿＿＿＿□＿＿＿＿＿
＿■＿＿□＿＿＿＿＿
□■■□□□＿＿＿＿
□■□□□□□＿＿＿
□□□□□□□＿＿＿
□□□＿□□□＿＿＿
□□□□□□□□□＿
□□□□□□□□□＿
□□□□□□＿□□＿
□□□□□□□□□＿
00:57:31(103556f):field(103555f)
＿＿＿＿＿＿＿＿＿＿
＿＿＿＿＿＿＿＿＿＿
＿＿＿＿＿＿＿＿＿＿
＿＿＿＿＿＿＿＿＿＿
＿＿＿＿＿＿＿＿＿＿
＿＿＿＿＿＿＿＿＿＿
＿＿＿＿＿＿＿＿＿＿
＿＿＿＿＿＿＿＿＿＿
＿＿＿＿＿＿＿＿＿＿
＿＿＿＿＿＿＿＿＿＿
＿＿■■□＿＿＿＿＿
＿□■■□＿＿＿＿＿
□□□□□□＿＿＿＿
□□□□□□□＿＿＿
□□□□□□□＿＿＿
□□□＿□□□＿＿＿
□□□□□□□□□＿
□□□□□□□□□＿
□□□□□□＿□□＿
□□□□□□□□□＿
00:57:32(103570f):field(103569f)
＿＿＿＿＿＿＿＿＿＿
＿＿＿＿＿＿＿＿＿＿
＿＿＿＿＿＿＿＿＿＿
＿＿＿＿＿＿＿＿＿＿
＿＿＿＿＿＿＿＿＿＿
＿＿＿＿＿＿＿＿＿＿
＿＿＿＿＿＿＿＿＿＿
＿＿＿＿＿＿＿＿＿＿
＿＿＿＿＿＿＿＿＿＿
＿＿＿＿＿＿＿＿＿＿
＿＿□□□＿＿＿＿＿
＿□□□□＿＿＿＿＿
□□□□□□＿＿＿＿
□□□□□□□＿＿＿
□□□□□□□＿■■
□□□＿□□□■■＿
□□□□□□□□□＿
□□□□□□□□□＿
□□□□□□＿□□＿
□□□□□□□□□＿
00:57:32(103586f):field(103585f)
＿＿＿＿＿＿＿＿＿＿
＿＿＿＿＿＿＿＿＿＿
＿＿＿＿＿＿＿＿＿＿
＿＿＿＿＿＿＿＿＿＿
＿＿＿＿＿＿＿＿＿＿
＿＿＿＿＿＿＿＿＿＿
＿＿＿＿＿＿＿＿＿＿
＿＿＿＿＿＿＿＿＿＿
＿＿＿＿＿＿＿＿＿＿
＿＿＿＿＿＿＿＿＿＿
＿＿◆◆◆＿＿＿＿＿
＿◆□□□＿＿＿＿＿
◆□□□□◆＿＿＿＿
□□□□□□◆＿■＿
□□□□□□□■□◆
□□□＿□□□□□＿
□□□□□□□□□＿
□□□□□□□□□＿
□□□□□□＿□□＿
□□□□□□□□□＿
00:57:33(103598f):field(103597f)
＿＿＿＿＿＿＿＿＿＿
＿＿＿＿＿＿＿＿＿＿
＿＿＿＿＿＿＿＿＿＿
＿＿＿＿＿＿＿＿＿＿
＿＿＿＿＿＿＿＿＿＿
＿＿＿＿＿＿＿＿＿＿
＿＿＿＿＿＿＿＿＿＿
＿＿＿＿＿＿＿＿＿＿
＿＿＿＿＿＿＿＿＿＿
＿＿＿＿＿＿＿＿＿＿
＿＿＿＿＿＿＿＿＿＿
＿＿□□□＿＿■＿＿
＿□□□□＿＿■＿＿
□□□□□□■■□＿
□□□□□□□□□＿
□□□＿□□□□□＿
□□□□□□□□□＿
□□□□□□□□□＿
□□□□□□＿□□＿
□□□□□□□□□＿
00:57:34(103623f):field(103622f)
＿＿＿＿＿＿＿＿＿＿
＿＿＿＿＿＿＿＿＿＿
＿＿＿＿＿＿＿＿＿＿
＿＿＿＿＿＿＿＿＿＿
＿＿＿＿＿＿＿＿＿＿
＿＿＿＿＿＿＿＿＿＿
＿＿＿＿＿＿＿＿＿＿
＿＿＿＿＿＿＿＿＿＿
＿＿＿＿＿＿＿＿＿＿
＿＿＿＿＿＿＿＿＿＿
＿＿＿＿＿＿＿＿＿＿
＿＿◆◆◆＿＿◆＿＿
＿◆◆◆◆＿＿◆＿＿
◆◆◆◆◆◆◆◆◆＿
◆◆□□□◆◆□◆＿
◆□□■□□◆□◆＿
□□□□□□□□□＿
□□□□□□□□□■
□□□◆□□■□□＿
□□□□□□◆□□■
00:57:34(103634f):field(103633f)
＿＿＿＿＿＿＿＿＿＿
＿＿＿＿＿＿＿＿＿＿
＿＿＿＿＿＿＿＿＿＿
＿＿＿＿＿＿＿＿＿＿
＿＿＿＿＿＿＿＿＿＿
＿＿＿＿＿＿＿＿＿＿
＿＿＿＿＿＿＿＿＿＿
＿＿＿＿＿＿＿＿＿＿
＿＿＿＿＿＿＿＿＿＿
＿＿＿＿＿＿＿＿＿＿
＿＿＿＿＿＿＿＿＿＿
＿＿＿＿＿＿＿＿＿＿
＿＿＿＿＿＿＿＿＿＿
＿＿＿＿＿■＿＿＿＿
＿＿□□□■＿□＿＿
＿□□□□□■□＿＿
□□□□□□□□□＿
□□□□□□□□□◆
□□□＿□□□□□＿
□□□□□□＿□□□
00:57:34(103646f):field(103645f)
＿＿＿＿＿＿＿＿＿＿
＿＿＿＿＿＿＿＿＿＿
＿＿＿＿＿＿＿＿＿＿
＿＿＿＿＿＿＿＿＿＿
＿＿＿＿＿＿＿＿＿＿
＿＿＿＿＿＿＿＿＿＿
＿＿＿＿＿＿＿＿＿＿
＿＿＿＿＿＿＿＿＿＿
＿＿＿＿＿＿＿＿＿＿
＿＿＿＿＿＿＿＿＿＿
＿＿＿＿＿＿＿＿＿＿
＿＿＿＿＿＿＿＿＿＿
＿＿＿＿■■＿＿＿＿
＿＿＿■■□＿＿＿＿
＿＿□□□□＿□＿＿
＿□□□□□□□＿＿
□□□□□□□□□＿
□□□□□□□□□＿
□□□＿□□□□□＿
□□□□□□＿□□□
00:57:35(103658f):field(103657f)
＿＿＿＿＿＿＿＿＿＿
＿＿＿＿＿＿＿＿＿＿
＿＿＿＿＿＿＿＿＿＿
＿＿＿＿＿＿＿＿＿＿
＿＿＿＿＿＿＿＿＿＿
＿＿＿＿＿＿＿＿＿＿
＿＿＿＿＿＿＿＿＿＿
＿＿＿＿＿＿＿＿＿＿
＿＿＿＿＿＿＿＿＿＿
＿＿＿＿＿＿＿＿＿＿
＿＿＿＿■■＿＿＿＿
＿＿＿＿■■＿＿＿＿
＿＿＿＿□□＿＿＿＿
＿＿＿□□□＿＿＿＿
＿＿□□□□＿□＿＿
＿□□□□□□□＿＿
□□□□□□□□□＿
□□□□□□□□□＿
□□□＿□□□□□＿
□□□□□□＿□□□
00:57:35(103670f):field(103669f)
＿＿＿＿＿＿＿＿＿＿
＿＿＿＿＿＿＿＿＿＿
＿＿＿＿＿＿＿＿＿＿
＿＿＿＿＿＿＿＿＿＿
＿＿＿＿＿＿＿＿＿＿
＿＿＿＿＿＿＿＿＿＿
＿＿＿＿＿＿＿＿＿＿
＿＿＿＿＿＿＿＿＿＿
＿＿＿＿＿＿＿＿＿＿
＿＿＿＿＿＿＿＿＿＿
＿＿＿＿□□＿＿＿＿
＿＿＿＿□□＿＿＿＿
＿＿＿＿□□＿＿＿＿
■＿＿□□□＿＿＿＿
■■□□□□＿□＿＿
■□□□□□□□＿＿
□□□□□□□□□＿
□□□□□□□□□＿
□□□＿□□□□□＿
□□□□□□＿□□□
00:57:36(103685f):field(103684f)
＿＿＿＿＿＿＿＿＿＿
＿＿＿＿＿＿＿＿＿＿
＿＿＿＿＿＿＿＿＿＿
＿＿＿＿＿＿＿＿＿＿
＿＿＿＿＿＿＿＿＿＿
＿＿＿＿＿＿＿＿＿＿
＿＿＿＿＿＿＿＿＿＿
＿＿＿＿＿＿＿＿＿＿
＿＿＿＿＿＿＿＿＿＿
＿＿＿＿＿＿＿＿＿＿
＿＿＿＿□□＿＿＿＿
＿＿■＿□□＿＿＿＿
＿＿■＿□□＿＿＿＿
□■■□□□＿＿＿＿
□□□□□□＿□＿＿
□□□□□□□□＿＿
□□□□□□□□□＿
□□□□□□□□□＿
□□□＿□□□□□＿
□□□□□□＿□□□
00:57:36(103697f):field(103696f)
＿＿＿＿＿＿＿＿＿＿
＿＿＿＿＿＿＿＿＿＿
＿＿＿＿＿＿＿＿＿＿
＿＿＿＿＿＿＿＿＿＿
＿＿＿＿＿＿＿＿＿＿
＿＿＿＿＿＿＿＿＿＿
＿＿＿＿＿＿＿＿＿＿
＿＿＿＿＿＿＿＿＿＿
＿＿＿＿＿＿＿＿＿＿
＿＿＿＿＿＿＿＿＿＿
＿＿■■□□＿＿＿＿
＿＿□■□□＿＿＿＿
＿＿□■□□＿＿＿＿
□□□□□□＿＿＿＿
□□□□□□＿□＿＿
□□□□□□□□＿＿
□□□□□□□□□＿
□□□□□□□□□＿
□□□＿□□□□□＿
□□□□□□＿□□□
00:57:36(103708f):field(103707f)
＿＿＿＿＿＿＿＿＿＿
＿＿＿＿＿＿＿＿＿＿
＿＿＿＿＿＿＿＿＿＿
＿＿＿＿＿＿＿＿＿＿
＿＿＿＿＿＿＿＿＿＿
＿＿＿＿＿＿＿＿＿＿
＿＿＿＿＿＿＿＿＿＿
＿＿＿＿＿＿＿＿＿＿
＿＿＿＿＿＿＿＿＿＿
＿＿＿＿＿＿＿＿＿＿
＿＿□□□□＿＿＿＿
＿＿□□□□＿＿＿＿
＿＿□□□□＿■＿＿
□□□□□□■■＿＿
□□□□□□■□＿＿
□□□□□□□□＿＿
□□□□□□□□□＿
□□□□□□□□□＿
□□□＿□□□□□＿
□□□□□□＿□□□
00:57:37(103726f):field(103725f)
＿＿＿＿＿＿＿＿＿＿
＿＿＿＿＿＿＿＿＿＿
＿＿＿＿＿＿＿＿＿＿
＿＿＿＿＿＿＿＿＿＿
＿＿＿＿＿＿＿＿＿＿
＿＿＿＿＿＿＿＿＿＿
＿＿＿＿＿＿＿＿＿＿
＿＿＿＿＿＿＿＿＿＿
＿＿＿＿＿＿＿＿＿＿
＿＿＿＿＿＿＿＿＿＿
＿＿◆◆◆◆＿＿＿＿
＿＿◆◆◆◆＿＿＿＿
＿＿□□□□＿◆＿＿
◆◆□□□□◆◆＿＿
◆◆□□□□◆□＿＿
□□□□□□□□＿＿
□□□□□□□□◆＿
□□□□□□□□◆■
□□□＿□□□□□■
□□□□□□＿□□□
00:57:37(103738f):field(103737f)
＿＿＿＿＿＿＿＿＿＿
＿＿＿＿＿＿＿＿＿＿
＿＿＿＿＿＿＿＿＿＿
＿＿＿＿＿＿＿＿＿＿
＿＿＿＿＿＿＿＿＿＿
＿＿＿＿＿＿＿＿＿＿
＿＿＿＿＿＿＿＿＿＿
＿＿＿＿＿＿＿＿＿＿
＿＿＿＿＿＿＿＿＿＿
＿＿＿＿＿＿＿＿＿＿
＿＿＿＿＿＿＿＿＿＿
＿＿＿＿＿＿＿＿＿＿
＿＿□□□□＿＿＿＿
■■□□□□＿＿＿＿
■■□□□□＿□＿＿
□□□□□□□□＿＿
□□□□□□□□＿＿
□□□□□□□□＿□
□□□＿□□□□□□
□□□□□□＿□□□
00:57:38(103757f):field(103756f)
＿＿＿＿＿＿＿＿＿＿
＿＿＿＿＿＿＿＿＿＿
＿＿＿＿＿＿＿＿＿＿
＿＿＿＿＿＿＿＿＿＿
＿＿＿＿＿＿＿＿＿＿
＿＿＿＿＿＿＿＿＿＿
＿＿＿＿＿＿＿＿＿＿
＿＿＿＿＿＿＿＿＿＿
＿＿＿＿＿＿＿＿＿＿
＿＿＿＿＿＿＿＿＿＿
＿＿＿＿＿＿＿＿＿＿
＿＿＿＿＿＿＿＿＿＿
＿＿◆◆◆◆＿＿＿＿
◆◆◆◆◆◆＿＿＿＿
◆◆□□□□■◆＿＿
□□□□□□◆◆＿＿
□□□□□□◆□＿＿
□□□□□□□□■◆
□□□■□□□□□□
□□□□□□＿□□□
00:57:38(103769f):field(103768f)
＿＿＿＿＿＿＿＿＿＿
＿＿＿＿＿＿＿＿＿＿
＿＿＿＿＿＿＿＿＿＿
＿＿＿＿＿＿＿＿＿＿
＿＿＿＿＿＿＿＿＿＿
＿＿＿＿＿＿＿＿＿＿
＿＿＿＿＿＿＿＿＿＿
＿＿＿＿＿＿＿＿＿＿
＿＿＿＿＿＿＿＿＿＿
＿＿＿＿＿＿＿＿＿＿
＿＿＿＿＿＿＿＿＿＿
＿＿＿＿＿＿＿＿＿＿
■＿＿＿＿＿＿＿＿＿
■＿＿＿＿＿＿＿＿＿
■■□□□□◆＿＿＿
□□□□□□＿＿＿＿
□□□□□□＿□＿＿
□□□□□□□□□＿
□□□◆□□□□□□
□□□□□□＿□□□
00:57:39(103780f):field(103779f)
＿＿＿＿＿＿＿＿＿＿
＿＿＿＿＿＿＿＿＿＿
＿＿＿＿＿＿＿＿＿＿
＿＿＿＿＿＿＿＿＿＿
＿＿＿＿＿＿＿＿＿＿
＿＿＿＿＿＿＿＿＿＿
＿＿＿＿＿＿＿＿＿＿
＿＿＿＿＿＿＿＿＿＿
＿＿＿＿＿＿＿＿＿＿
＿＿＿＿＿＿＿＿＿＿
＿＿＿＿＿＿＿＿＿＿
＿＿＿＿＿＿＿＿＿＿
□＿＿＿＿＿＿＿＿＿
□＿＿＿＿＿＿＿＿＿
□□□□□□■＿＿＿
□□□□□□■■＿＿
□□□□□□■□＿＿
□□□□□□□□□＿
□□□＿□□□□□□
□□□□□□＿□□□
00:57:39(103797f):field(103796f)
＿＿＿＿＿＿＿＿＿＿
＿＿＿＿＿＿＿＿＿＿
＿＿＿＿＿＿＿＿＿＿
＿＿＿＿＿＿＿＿＿＿
＿＿＿＿＿＿＿＿＿＿
＿＿＿＿＿＿＿＿＿＿
＿＿＿＿＿＿＿＿＿＿
＿＿＿＿＿＿＿＿＿＿
＿＿＿＿＿＿＿＿＿＿
＿＿＿＿＿＿＿＿＿＿
＿＿＿＿＿＿＿＿＿＿
＿＿＿＿＿＿＿＿＿＿
◆＿＿＿＿＿＿＿＿＿
□＿＿＿＿＿＿＿＿＿
□◆◆◆◆◆◆＿＿＿
□□□□□□□◆＿■
□□□□□□□□＿■
□□□□□□□□◆■
□□□＿□□□□□□
□□□□□□＿□□□
00:57:40(103813f):field(103812f)
＿＿＿＿＿＿＿＿＿＿
＿＿＿＿＿＿＿＿＿＿
＿＿＿＿＿＿＿＿＿＿
＿＿＿＿＿＿＿＿＿＿
＿＿＿＿＿＿＿＿＿＿
＿＿＿＿＿＿＿＿＿＿
＿＿＿＿＿＿＿＿＿＿
＿＿＿＿＿＿＿＿＿＿
＿＿＿＿＿＿＿＿＿＿
＿＿＿＿＿＿＿＿＿＿
＿＿＿＿＿＿＿＿＿＿
＿＿＿＿＿＿＿＿＿＿
＿＿＿＿＿＿＿＿＿＿
◆＿＿＿＿＿＿＿＿＿
◆＿＿＿＿＿■＿＿＿
□□◆◆◆◆◆＿＿◆
□◆◆□◆◆◆□＿◆
□□□□□□□□＿□
□□□■□□□□□□
□□□□□□■□□□
00:57:40(103825f):field(103824f)
＿＿＿＿＿＿＿＿＿＿
＿＿＿＿＿＿＿＿＿＿
＿＿＿＿＿＿＿＿＿＿
＿＿＿＿＿＿＿＿＿＿
＿＿＿＿＿＿＿＿＿＿
＿＿＿＿＿＿＿＿＿＿
＿＿＿＿＿＿＿＿＿＿
＿＿＿＿＿＿＿＿＿＿
＿＿＿＿＿＿＿＿＿＿
＿＿＿＿＿＿＿＿＿＿
＿＿＿＿＿＿＿＿＿＿
＿＿＿＿＿＿＿＿＿＿
＿＿＿＿＿＿＿＿＿＿
＿＿＿＿＿＿＿＿＿＿
＿＿＿＿＿＿◆＿＿＿
□□＿＿＿＿＿＿＿＿
□■■□＿＿＿□＿＿
□□□□□□□□＿□
□□□◆□□□□□□
□□□□□□◆□□□
00:57:41(103836f):field(103835f)
＿＿＿＿＿＿＿＿＿＿
＿＿＿＿＿＿＿＿＿＿
＿＿＿＿＿＿＿＿＿＿
＿＿＿＿＿＿＿＿＿＿
＿＿＿＿＿＿＿＿＿＿
＿＿＿＿＿＿＿＿＿＿
＿＿＿＿＿＿＿＿＿＿
＿＿＿＿＿＿＿＿＿＿
＿＿＿＿＿＿＿＿＿＿
＿＿＿＿＿＿＿＿＿＿
＿＿＿＿＿＿＿＿＿＿
＿＿＿＿＿＿＿＿＿＿
＿＿＿＿＿＿＿＿＿＿
＿＿＿＿＿＿＿＿＿＿
＿＿＿＿＿＿＿＿＿＿
□□＿＿＿＿■＿＿＿
□□□□■■■□＿＿
□□□□□□□□＿□
□□□＿□□□□□□
□□□□□□＿□□□
00:57:41(103850f):field(103849f)
＿＿＿＿＿＿＿＿＿＿
＿＿＿＿＿＿＿＿＿＿
＿＿＿＿＿＿＿＿＿＿
＿＿＿＿＿＿＿＿＿＿
＿＿＿＿＿＿＿＿＿＿
＿＿＿＿＿＿＿＿＿＿
＿＿＿＿＿＿＿＿＿＿
＿＿＿＿＿＿＿＿＿＿
＿＿＿＿＿＿＿＿＿＿
＿＿＿＿＿＿＿＿＿＿
＿＿＿＿＿＿＿＿＿＿
＿＿＿＿＿＿＿＿＿＿
＿＿＿＿＿＿＿＿＿＿
＿＿＿＿＿■＿＿＿＿
＿＿＿＿■■＿＿＿＿
□□＿＿■＿□＿＿＿
□□□□□□□□＿＿
□□□□□□□□＿□
□□□＿□□□□□□
□□□□□□＿□□□
00:57:42(103868f):field(103867f)
＿＿＿＿＿＿＿＿＿＿
＿＿＿＿＿＿＿＿＿＿
＿＿＿＿＿＿＿＿＿＿
＿＿＿＿＿＿＿＿＿＿
＿＿＿＿＿＿＿＿＿＿
＿＿＿＿＿＿＿＿＿＿
＿＿＿＿＿＿＿＿＿＿
＿＿＿＿＿＿＿＿＿＿
＿＿＿＿＿＿＿＿＿＿
＿＿＿＿＿＿＿＿＿＿
＿＿＿＿＿＿＿＿＿＿
＿＿＿＿＿＿＿＿＿＿
＿＿＿■＿＿＿＿＿＿
＿＿＿■＿□＿＿＿＿
＿＿＿■□□＿＿＿＿
□□＿■□＿□＿＿＿
□□□□□□□□＿＿
□□□□□□□□＿□
□□□＿□□□□□□
□□□□□□＿□□□
00:57:42(103880f):field(103879f)
＿＿＿＿＿＿＿＿＿＿
＿＿＿＿＿＿＿＿＿＿
＿＿＿＿＿＿＿＿＿＿
＿＿＿＿＿＿＿＿＿＿
＿＿＿＿＿＿＿＿＿＿
＿＿＿＿＿＿＿＿＿＿
＿＿＿＿＿＿＿＿＿＿
＿＿＿＿＿＿＿＿＿＿
＿＿＿＿＿＿＿＿＿＿
＿＿＿＿＿＿＿＿＿＿
＿＿＿＿＿＿＿＿＿＿
＿＿＿＿■＿＿＿＿＿
＿＿＿□■■＿＿＿＿
＿＿＿□■□＿＿＿＿
＿＿＿□□□＿＿＿＿
□□＿□□＿□＿＿＿
□□□□□□□□＿＿
□□□□□□□□＿□
□□□＿□□□□□□
□□□□□□＿□□□
00:57:43(103893f):field(103892f)
＿＿＿＿＿＿＿＿＿＿
＿＿＿＿＿＿＿＿＿＿
＿＿＿＿＿＿＿＿＿＿
＿＿＿＿＿＿＿＿＿＿
＿＿＿＿＿＿＿＿＿＿
＿＿＿＿＿＿＿＿＿＿
＿＿＿＿＿＿＿＿＿＿
＿＿＿＿＿＿＿＿＿＿
＿＿＿＿＿＿＿＿＿＿
＿＿＿＿＿＿＿＿＿＿
＿＿＿＿＿＿＿＿＿＿
＿＿＿＿□＿＿＿＿＿
＿＿＿□□□＿＿＿＿
■■＿□□□＿＿＿＿
■■＿□□□＿＿＿＿
□□＿□□＿□＿＿＿
□□□□□□□□＿＿
□□□□□□□□＿□
□□□＿□□□□□□
□□□□□□＿□□□
00:57:43(103906f):field(103905f)
＿＿＿＿＿＿＿＿＿＿
＿＿＿＿＿＿＿＿＿＿
＿＿＿＿＿＿＿＿＿＿
＿＿＿＿＿＿＿＿＿＿
＿＿＿＿＿＿＿＿＿＿
＿＿＿＿＿＿＿＿＿＿
＿＿＿＿＿＿＿＿＿＿
＿＿＿＿＿＿＿＿＿＿
＿＿＿＿＿＿＿＿＿＿
＿＿＿＿■＿＿＿＿＿
＿＿＿＿■■＿＿＿＿
＿＿＿＿□■＿＿＿＿
＿＿＿□□□＿＿＿＿
□□＿□□□＿＿＿＿
□□＿□□□＿＿＿＿
□□＿□□＿□＿＿＿
□□□□□□□□＿＿
□□□□□□□□＿□
□□□＿□□□□□□
□□□□□□＿□□□
00:57:44(103925f):field(103924f)
＿＿＿＿＿＿＿＿＿＿
＿＿＿＿＿＿＿＿＿＿
＿＿＿＿＿＿＿＿＿＿
＿＿＿＿＿＿＿＿＿＿
＿＿＿＿＿＿＿＿＿＿
＿＿＿＿＿＿＿＿＿＿
＿＿＿＿＿＿＿＿＿＿
＿＿＿＿＿＿＿＿＿＿
＿＿＿＿＿＿＿＿＿＿
＿＿＿＿◆＿＿＿＿＿
＿＿＿＿□◆＿＿＿＿
＿＿＿＿□□＿＿＿＿
＿＿＿◆□□＿＿＿＿
◆◆＿□□□＿＿＿＿
□□＿□□□＿＿＿＿
□□＿□□■◆＿＿＿
□□□□□◆□□■＿
□□□□□□□□■◆
□□□＿□□□□□□
□□□□□□＿□□□
00:57:44(103939f):field(103938f)
＿＿＿＿＿＿＿＿＿＿
＿＿＿＿＿＿＿＿＿＿
＿＿＿＿＿＿＿＿＿＿
＿＿＿＿＿＿＿＿＿＿
＿＿＿＿＿＿＿＿＿＿
＿＿＿＿＿＿＿＿＿＿
＿＿＿＿＿＿＿＿＿＿
＿＿＿＿＿＿＿＿＿＿
＿＿＿＿＿＿＿＿＿＿
＿＿＿＿＿＿＿＿＿＿
＿＿＿＿□＿＿＿＿＿
＿＿＿＿□□＿＿＿＿
＿＿＿＿□□＿＿＿＿
＿＿■□□□＿＿＿＿
□□■□□□＿＿＿＿
□□■□□□＿＿＿＿
□□□□□＿□□□＿
□□□□□□□□□＿
□□□＿□□□□□□
□□□□□□＿□□□
00:57:45(103953f):field(103952f)
＿＿＿＿＿＿＿＿＿＿
＿＿＿＿＿＿＿＿＿＿
＿＿＿＿＿＿＿＿＿＿
＿＿＿＿＿＿＿＿＿＿
＿＿＿＿＿＿＿＿＿＿
＿＿＿＿＿＿＿＿＿＿
＿＿＿＿＿＿＿＿＿＿
＿＿＿＿＿＿＿＿＿＿
＿＿＿＿＿＿＿＿＿＿
＿＿＿＿＿＿＿＿＿＿
＿＿＿＿□＿＿＿＿＿
＿＿＿＿□□＿＿＿＿
＿＿＿＿□□＿＿＿＿
＿＿□□□□＿＿＿＿
□□□□□□＿■＿＿
□□□□□□■■■＿
□□□□□＿□□□＿
□□□□□□□□□＿
□□□＿□□□□□□
□□□□□□＿□□□
00:57:45(103965f):field(103964f)
＿＿＿＿＿＿＿＿＿＿
＿＿＿＿＿＿＿＿＿＿
＿＿＿＿＿＿＿＿＿＿
＿＿＿＿＿＿＿＿＿＿
＿＿＿＿＿＿＿＿＿＿
＿＿＿＿＿＿＿＿＿＿
＿＿＿＿＿＿＿＿＿＿
＿＿＿＿＿＿＿＿＿＿
＿＿＿＿＿＿＿＿＿＿
＿＿＿＿＿＿＿＿＿＿
＿＿＿■□＿＿＿＿＿
＿＿＿■□□＿＿＿＿
＿＿■■□□＿＿＿＿
＿＿□□□□＿＿＿＿
□□□□□□＿□＿＿
□□□□□□□□□＿
□□□□□＿□□□＿
□□□□□□□□□＿
□□□＿□□□□□□
□□□□□□＿□□□
00:57:46(103985f):field(103984f)
＿＿＿＿＿＿＿＿＿＿
＿＿＿＿＿＿＿＿＿＿
＿＿＿＿＿＿＿＿＿＿
＿＿＿＿＿＿＿＿＿＿
＿＿＿＿＿＿＿＿＿＿
＿＿＿＿＿＿＿＿＿＿
＿＿＿＿＿＿＿＿＿＿
＿＿＿＿＿＿＿＿＿＿
＿＿＿＿＿＿＿＿＿＿
＿＿＿＿＿＿＿＿＿＿
＿＿＿◆◆＿＿＿＿＿
＿＿＿□□◆＿＿＿＿
＿＿◆□□□＿＿＿＿
＿＿□□□□＿＿＿＿
◆◆□□□□＿◆■＿
□□□□□□◆□□■
□□□□□＿□□□＿
□□□□□□□□□＿
□□□＿□□□□□□
□□□□□□＿□□□
00:57:46(103997f):field(103996f)
＿＿＿＿＿＿＿＿＿＿
＿＿＿＿＿＿＿＿＿＿
＿＿＿＿＿＿＿＿＿＿
＿＿＿＿＿＿＿＿＿＿
＿＿＿＿＿＿＿＿＿＿
＿＿＿＿＿＿＿＿＿＿
＿＿＿＿＿＿＿＿＿＿
＿＿＿＿＿＿＿＿＿＿
＿＿＿＿＿＿＿＿＿＿
＿＿＿＿＿＿＿＿＿＿
＿＿＿＿＿＿＿＿＿＿
＿＿＿□□＿＿＿＿＿
■＿＿□□□＿＿＿＿
■＿□□□□＿＿＿＿
■■□□□□＿＿□＿
□□□□□□＿□□□
□□□□□＿□□□＿
□□□□□□□□□＿
□□□＿□□□□□□
□□□□□□＿□□□
00:57:47(104010f):field(104009f)
＿＿＿＿＿＿＿＿＿＿
＿＿＿＿＿＿＿＿＿＿
＿＿＿＿＿＿＿＿＿＿
＿＿＿＿＿＿＿＿＿＿
＿＿＿＿＿＿＿＿＿＿
＿＿＿＿＿＿＿＿＿＿
＿＿＿＿＿＿＿＿＿＿
＿＿＿＿＿＿＿＿＿＿
＿＿＿＿＿＿＿＿＿＿
＿＿＿■■＿＿＿＿＿
＿＿＿■■＿＿＿＿＿
＿＿＿□□＿＿＿＿＿
□＿＿□□□＿＿＿＿
□＿□□□□＿＿＿＿
□□□□□□＿＿□＿
□□□□□□＿□□□
□□□□□＿□□□＿
□□□□□□□□□＿
□□□＿□□□□□□
□□□□□□＿□□□
00:57:47(104025f):field(104024f)
＿＿＿＿＿＿＿＿＿＿
＿＿＿＿＿＿＿＿＿＿
＿＿＿＿＿＿＿＿＿＿
＿＿＿＿＿＿＿＿＿＿
＿＿＿＿＿＿＿＿＿＿
＿＿＿＿＿＿＿＿＿＿
＿＿＿＿＿＿＿＿＿＿
＿＿＿＿＿＿＿＿＿＿
＿＿＿＿＿＿＿＿＿＿
＿＿＿◆◆＿＿＿＿＿
＿＿＿□□＿＿＿＿＿
＿＿＿□□＿＿＿＿＿
◆＿＿□□◆＿＿＿＿
□＿◆□□□＿＿＿＿
□◆□□□□■＿◆＿
□□□□□□■□□◆
□□□□□＿□□□＿
□□□□□□□□□＿
□□□＿□□□□□□
□□□□□□＿□□□
00:57:47(104038f):field(104037f)
＿＿＿＿＿＿＿＿＿＿
＿＿＿＿＿＿＿＿＿＿
＿＿＿＿＿＿＿＿＿＿
＿＿＿＿＿＿＿＿＿＿
＿＿＿＿＿＿＿＿＿＿
＿＿＿＿＿＿＿＿＿＿
＿＿＿＿＿＿＿＿＿＿
＿＿＿＿＿＿＿＿＿＿
＿＿＿＿＿＿＿＿＿＿
＿＿＿＿＿＿＿＿＿＿
＿＿＿□□＿＿＿＿＿
＿＿＿□□＿＿＿＿＿
＿＿■□□＿＿＿＿＿
□■■□□□＿＿＿＿
□■□□□□□＿＿＿
□□□□□□□□□＿
□□□□□＿□□□＿
□□□□□□□□□＿
□□□＿□□□□□□
□□□□□□＿□□□
00:57:48(104057f):field(104056f)
＿＿＿＿＿＿＿＿＿＿
＿＿＿＿＿＿＿＿＿＿
＿＿＿＿＿＿＿＿＿＿
＿＿＿＿＿＿＿＿＿＿
＿＿＿＿＿＿＿＿＿＿
＿＿＿＿＿＿＿＿＿＿
＿＿＿＿＿＿＿＿＿＿
＿＿＿＿＿＿＿＿＿＿
＿＿＿＿＿＿＿＿＿＿
＿＿＿＿＿＿＿＿＿＿
＿＿＿◆◆＿＿＿＿＿
＿＿＿◆◆＿＿＿＿＿
＿＿◆□□＿＿＿＿＿
◆◆◆□□◆＿＿＿＿
◆◆□□□◆◆＿＿＿
□□□□□□◆◆◆■
□□□□□■□◆◆■
□□□□□□□□□■
□□□＿□□□□□□
□□□□□□＿□□□
00:57:49(104073f):field(104072f)
＿＿＿＿＿＿＿＿＿＿
＿＿＿＿＿＿＿＿＿＿
＿＿＿＿＿＿＿＿＿＿
＿＿＿＿＿＿＿＿＿＿
＿＿＿＿＿＿＿＿＿＿
＿＿＿＿＿＿＿＿＿＿
＿＿＿＿＿＿＿＿＿＿
＿＿＿＿＿＿＿＿＿＿
＿＿＿＿＿＿＿＿＿＿
＿＿＿＿＿＿＿＿＿＿
＿＿＿＿＿＿＿＿＿＿
＿＿＿＿＿＿＿＿＿＿
＿＿＿◆◆＿＿＿＿＿
＿＿＿□□＿＿＿＿＿
＿＿◆□□＿＿＿＿＿
◆◆□□□◆＿■＿◆
□□□□□□◆■■◆
□□□□□◆□□□□
□□□＿□□□□□□
□□□□□□＿□□□
00:57:49(104086f):field(104085f)
＿＿＿＿＿＿＿＿＿＿
＿＿＿＿＿＿＿＿＿＿
＿＿＿＿＿＿＿＿＿＿
＿＿＿＿＿＿＿＿＿＿
＿＿＿＿＿＿＿＿＿＿
＿＿＿＿＿＿＿＿＿＿
＿＿＿＿＿＿＿＿＿＿
＿＿＿＿＿＿＿＿＿＿
＿＿＿＿＿＿＿＿＿＿
＿＿＿＿＿＿＿＿＿＿
＿＿＿＿＿＿＿＿＿＿
＿＿＿＿＿＿＿＿＿＿
＿＿＿＿＿＿＿＿＿＿
＿＿＿□□＿＿＿＿＿
■■＿□□＿＿＿＿＿
■■□□□＿＿□＿＿
□□□□□□＿□◆＿
□□□□□＿□□□□
□□□＿□□□□□□
□□□□□□＿□□□
00:57:50(104100f):field(104099f)
＿＿＿＿＿＿＿＿＿＿
＿＿＿＿＿＿＿＿＿＿
＿＿＿＿＿＿＿＿＿＿
＿＿＿＿＿＿＿＿＿＿
＿＿＿＿＿＿＿＿＿＿
＿＿＿＿＿＿＿＿＿＿
＿＿＿＿＿＿＿＿＿＿
＿＿＿＿＿＿＿＿＿＿
＿＿＿＿＿＿＿＿＿＿
＿＿＿＿＿＿＿＿＿＿
＿＿＿＿＿＿＿＿＿＿
＿＿＿＿＿＿＿＿＿＿
＿＿＿＿＿＿＿＿＿＿
＿＿＿□□＿＿＿＿＿
□□＿□□■＿＿＿＿
□□□□□■■□＿＿
□□□□□□■□＿＿
□□□□□＿□□□□
□□□＿□□□□□□
□□□□□□＿□□□
00:57:50(104118f):field(104117f)
＿＿＿＿＿＿＿＿＿＿
＿＿＿＿＿＿＿＿＿＿
＿＿＿＿＿＿＿＿＿＿
＿＿＿＿＿＿＿＿＿＿
＿＿＿＿＿＿＿＿＿＿
＿＿＿＿＿＿＿＿＿＿
＿＿＿＿＿＿＿＿＿＿
＿＿＿＿＿＿＿＿＿＿
＿＿＿＿＿＿＿＿＿＿
＿＿＿＿＿＿＿＿＿＿
＿＿＿＿＿＿＿＿＿＿
＿＿＿＿＿＿＿＿＿＿
＿＿■＿＿＿＿＿＿＿
＿■■□□＿＿＿＿＿
□□■□□□＿＿＿＿
□□□□□□□□＿＿
□□□□□□□□＿＿
□□□□□＿□□□□
□□□＿□□□□□□
□□□□□□＿□□□
00:57:51(104135f):field(104134f)
＿＿＿＿＿＿＿＿＿＿
＿＿＿＿＿＿＿＿＿＿
＿＿＿＿＿＿＿＿＿＿
＿＿＿＿＿＿＿＿＿＿
＿＿＿＿＿＿＿＿＿＿
＿＿＿＿＿＿＿＿＿＿
＿＿＿＿＿＿＿＿＿＿
＿＿＿＿＿＿＿＿＿＿
＿＿＿＿＿＿＿＿＿＿
＿＿＿＿＿＿＿＿＿＿
＿＿＿＿＿＿＿＿＿＿
＿＿＿＿＿＿＿＿＿＿
＿＿□＿＿■＿＿＿＿
＿□□□□■■＿＿＿
□□□□□□■＿＿＿
□□□□□□□□＿＿
□□□□□□□□＿＿
□□□□□＿□□□□
□□□＿□□□□□□
□□□□□□＿□□□
00:57:51(104151f):field(104150f)
＿＿＿＿＿＿＿＿＿＿
＿＿＿＿＿＿＿＿＿＿
＿＿＿＿＿＿＿＿＿＿
＿＿＿＿＿＿＿＿＿＿
＿＿＿＿＿＿＿＿＿＿
＿＿＿＿＿＿＿＿＿＿
＿＿＿＿＿＿＿＿＿＿
＿＿＿＿＿＿＿＿＿＿
＿＿＿＿＿＿＿＿＿＿
＿＿＿＿＿＿＿＿＿＿
＿＿＿＿＿＿＿＿＿＿
＿＿＿＿＿＿＿＿＿＿
＿＿◆＿＿◆＿＿＿＿
＿◆□◆◆□◆＿＿＿
◆□□□□□□＿＿＿
□□□□□□□◆■＿
□□□□□□□□■＿
□□□□□＿□□□□
□□□＿□□□□□□
□□□□□□＿□□□
00:57:52(104162f):field(104161f)
＿＿＿＿＿＿＿＿＿＿
＿＿＿＿＿＿＿＿＿＿
＿＿＿＿＿＿＿＿＿＿
＿＿＿＿＿＿＿＿＿＿
＿＿＿＿＿＿＿＿＿＿
＿＿＿＿＿＿＿＿＿＿
＿＿＿＿＿＿＿＿＿＿
＿＿＿＿＿＿＿＿＿＿
＿＿＿＿＿＿＿＿＿＿
＿＿＿＿＿＿＿＿＿＿
＿＿＿＿＿＿＿＿＿＿
＿＿＿＿＿＿＿＿＿＿
＿＿＿■■＿＿＿＿＿
＿＿□■■□＿＿＿＿
＿□□□□□□＿＿＿
□□□□□□□＿□＿
□□□□□□□□□＿
□□□□□＿□□□□
□□□＿□□□□□□
□□□□□□＿□□□
00:57:52(104174f):field(104173f)
＿＿＿＿＿＿＿＿＿＿
＿＿＿＿＿＿＿＿＿＿
＿＿＿＿＿＿＿＿＿＿
＿＿＿＿＿＿＿＿＿＿
＿＿＿＿＿＿＿＿＿＿
＿＿＿＿＿＿＿＿＿＿
＿＿＿＿＿＿＿＿＿＿
＿＿＿＿＿＿＿＿＿＿
＿＿＿＿＿＿＿＿＿＿
＿＿＿＿＿＿＿＿＿＿
＿＿＿＿＿＿＿＿＿＿
＿＿＿■■■＿＿＿＿
＿＿＿□□■＿＿＿＿
＿＿□□□□＿＿＿＿
＿□□□□□□＿＿＿
□□□□□□□＿□＿
□□□□□□□□□＿
□□□□□＿□□□□
□□□＿□□□□□□
□□□□□□＿□□□
00:57:52(104187f):field(104186f)
＿＿＿＿＿＿＿＿＿＿
＿＿＿＿＿＿＿＿＿＿
＿＿＿＿＿＿＿＿＿＿
＿＿＿＿＿＿＿＿＿＿
＿＿＿＿＿＿＿＿＿＿
＿＿＿＿＿＿＿＿＿＿
＿＿＿＿＿＿＿＿＿＿
＿＿＿＿＿＿＿＿＿＿
＿＿＿＿＿＿＿＿＿＿
＿＿＿＿＿＿＿＿＿＿
＿＿＿＿＿＿＿＿＿＿
■＿＿□□□＿＿＿＿
■＿＿□□□＿＿＿＿
■＿□□□□＿＿＿＿
■□□□□□□＿＿＿
□□□□□□□＿□＿
□□□□□□□□□＿
□□□□□＿□□□□
□□□＿□□□□□□
□□□□□□＿□□□
00:57:53(104204f):field(104203f)
＿＿＿＿＿＿＿＿＿＿
＿＿＿＿＿＿＿＿＿＿
＿＿＿＿＿＿＿＿＿＿
＿＿＿＿＿＿＿＿＿＿
＿＿＿＿＿＿＿＿＿＿
＿＿＿＿＿＿＿＿＿＿
＿＿＿＿＿＿＿＿＿＿
＿＿＿＿＿＿＿＿＿＿
＿＿＿＿＿＿＿＿＿＿
＿＿＿＿＿＿＿＿＿＿
＿＿＿＿＿＿＿＿＿＿
□＿＿□□□＿＿＿＿
□＿＿□□□＿＿＿＿
□＿□□□□＿＿■＿
□□□□□□□＿■■
□□□□□□□＿□■
□□□□□□□□□＿
□□□□□＿□□□□
□□□＿□□□□□□
□□□□□□＿□□□
00:57:53(104216f):field(104215f)
＿＿＿＿＿＿＿＿＿＿
＿＿＿＿＿＿＿＿＿＿
＿＿＿＿＿＿＿＿＿＿
＿＿＿＿＿＿＿＿＿＿
＿＿＿＿＿＿＿＿＿＿
＿＿＿＿＿＿＿＿＿＿
＿＿＿＿＿＿＿＿＿＿
＿＿＿＿＿＿＿＿＿＿
＿＿＿＿＿＿＿＿＿＿
＿＿＿＿＿＿＿＿＿＿
＿＿＿＿＿＿＿＿＿＿
□■＿□□□＿＿＿＿
□■■□□□＿＿＿＿
□■□□□□＿＿□＿
□□□□□□□＿□□
□□□□□□□＿□□
□□□□□□□□□＿
□□□□□＿□□□□
□□□＿□□□□□□
□□□□□□＿□□□
00:57:54(104229f):field(104228f)
＿＿＿＿＿＿＿＿＿＿
＿＿＿＿＿＿＿＿＿＿
＿＿＿＿＿＿＿＿＿＿
＿＿＿＿＿＿＿＿＿＿
＿＿＿＿＿＿＿＿＿＿
＿＿＿＿＿＿＿＿＿＿
＿＿＿＿＿＿＿＿＿＿
＿＿＿＿＿＿＿＿＿＿
＿＿＿＿＿＿＿＿＿＿
＿＿＿■＿＿＿＿＿＿
＿＿■■＿＿＿＿＿＿
□□■□□□＿＿＿＿
□□□□□□＿＿＿＿
□□□□□□＿＿□＿
□□□□□□□＿□□
□□□□□□□＿□□
□□□□□□□□□＿
□□□□□＿□□□□
□□□＿□□□□□□
□□□□□□＿□□□
00:57:54(104240f):field(104239f)
＿＿＿＿＿＿＿＿＿＿
＿＿＿＿＿＿＿＿＿＿
＿＿＿＿＿＿＿＿＿＿
＿＿＿＿＿＿＿＿＿＿
＿＿＿＿＿＿＿＿＿＿
＿＿＿＿＿＿＿＿＿＿
＿＿＿＿＿＿＿＿＿＿
＿＿＿＿＿＿＿＿＿＿
＿＿＿＿＿■＿＿＿＿
＿＿＿□＿■＿＿＿＿
＿＿□□■■＿＿＿＿
□□□□□□＿＿＿＿
□□□□□□＿＿＿＿
□□□□□□＿＿□＿
□□□□□□□＿□□
□□□□□□□＿□□
□□□□□□□□□＿
□□□□□＿□□□□
□□□＿□□□□□□
□□□□□□＿□□□
00:57:55(104267f):field(104266f)
＿＿＿＿＿＿＿＿＿＿
＿＿＿＿＿＿＿＿＿＿
＿＿＿＿＿＿＿＿＿＿
＿＿＿＿＿＿＿＿＿＿
＿＿＿＿＿＿＿＿＿＿
＿＿＿＿＿＿＿＿＿＿
＿＿＿＿＿＿＿＿＿＿
＿＿＿＿＿＿＿＿＿＿
＿＿＿＿＿□＿＿＿＿
＿＿＿□＿□＿＿＿＿
＿＿□□□□＿＿＿＿
□□□□□□＿＿■■
□□□□□□＿＿＿■
□□□□□□＿＿□■
□□□□□□□＿□□
□□□□□□□＿□□
□□□□□□□□□＿
□□□□□＿□□□□
□□□＿□□□□□□
□□□□□□＿□□□
00:57:56(104281f):field(104280f)
＿＿＿＿＿＿＿＿＿＿
＿＿＿＿＿＿＿＿＿＿
＿＿＿＿＿＿＿＿＿＿
＿＿＿＿＿＿＿＿＿＿
＿＿＿＿＿＿＿＿＿＿
＿＿＿＿＿＿＿＿＿＿
＿＿＿＿＿＿＿＿＿＿
＿＿＿＿＿＿＿＿＿＿
＿＿＿＿＿□＿＿＿＿
＿■■□＿□＿＿＿＿
■■□□□□＿＿＿＿
□□□□□□＿＿□□
□□□□□□＿＿＿□
□□□□□□＿＿□□
□□□□□□□＿□□
□□□□□□□＿□□
□□□□□□□□□＿
□□□□□＿□□□□
□□□＿□□□□□□
□□□□□□＿□□□
00:57:56(104292f):field(104291f)
＿＿＿＿＿＿＿＿＿＿
＿＿＿＿＿＿＿＿＿＿
＿＿＿＿＿＿＿＿＿＿
＿＿＿＿＿＿＿＿＿＿
＿＿＿＿＿＿＿＿＿＿
＿＿＿＿＿＿＿＿＿＿
＿＿＿＿＿＿＿＿＿＿
＿＿＿＿■＿＿＿＿＿
＿＿＿■■□＿＿＿＿
＿□□□■□＿＿＿＿
□□□□□□＿＿＿＿
□□□□□□＿＿□□
□□□□□□＿＿＿□
□□□□□□＿＿□□
□□□□□□□＿□□
□□□□□□□＿□□
□□□□□□□□□＿
□□□□□＿□□□□
□□□＿□□□□□□
□□□□□□＿□□□
00:57:56(104307f):field(104306f)
＿＿＿＿＿＿＿＿＿＿
＿＿＿＿＿＿＿＿＿＿
＿＿＿＿＿＿＿＿＿＿
＿＿＿＿＿＿＿＿＿＿
＿＿＿＿＿＿＿＿＿＿
＿＿＿＿＿＿＿＿＿＿
＿＿＿＿＿＿＿＿＿＿
＿＿＿＿◆＿＿＿＿＿
＿＿＿◆□◆＿＿＿＿
＿◆◆□□□＿＿＿＿
◆□□□□□＿＿＿＿
□□□□□□＿＿◆◆
□□□□□□＿＿■□
□□□□□□■■◆□
□□□□□□□＿□□
□□□□□□□＿□□
□□□□□□□□□＿
□□□□□＿□□□□
□□□＿□□□□□□
□□□□□□＿□□□
00:57:57(104321f):field(104320f)
＿＿＿＿＿＿＿＿＿＿
＿＿＿＿＿＿＿＿＿＿
＿＿＿＿＿＿＿＿＿＿
＿＿＿＿＿＿＿＿＿＿
＿＿＿＿＿＿＿＿＿＿
＿＿＿＿＿＿＿＿＿＿
＿＿＿＿＿＿＿＿＿＿
＿＿＿＿＿＿＿＿＿＿
■＿＿＿□＿＿＿＿＿
■■＿□□□＿＿＿＿
■□□□□□＿＿＿＿
□□□□□□＿＿＿＿
□□□□□□＿＿□□
□□□□□□□□＿□
□□□□□□□＿□□
□□□□□□□＿□□
□□□□□□□□□＿
□□□□□＿□□□□
□□□＿□□□□□□
□□□□□□＿□□□
00:57:57(104332f):field(104331f)
＿＿＿＿＿＿＿＿＿＿
＿＿＿＿＿＿＿＿＿＿
＿＿＿＿＿＿＿＿＿＿
＿＿＿＿＿＿＿＿＿＿
＿＿＿＿＿＿＿＿＿＿
＿＿＿＿＿＿＿＿＿＿
＿＿＿＿＿＿＿＿＿＿
＿＿＿■＿＿＿＿＿＿
□＿■■□＿＿＿＿＿
□□■□□□＿＿＿＿
□□□□□□＿＿＿＿
□□□□□□＿＿＿＿
□□□□□□＿＿□□
□□□□□□□□＿□
□□□□□□□＿□□
□□□□□□□＿□□
□□□□□□□□□＿
□□□□□＿□□□□
□□□＿□□□□□□
□□□□□□＿□□□
00:57:58(104349f):field(104348f)
＿＿＿＿＿＿＿＿＿＿
＿＿＿＿＿＿＿＿＿＿
＿＿＿＿＿＿＿＿＿＿
＿＿＿＿＿＿＿＿＿＿
＿＿＿＿＿＿＿＿＿＿
＿＿＿＿＿＿＿＿＿＿
＿＿＿＿＿＿＿＿＿＿
＿＿＿◆＿＿＿＿＿＿
◆＿◆□◆＿＿＿＿＿
□◆□□□◆＿＿＿＿
□□□□□□＿＿＿＿
□□□□□□■＿＿＿
□□□□□□■＿◆◆
□□□□□□□□＿□
□□□□□□□＿□□
□□□□□□□＿□□
□□□□□□□□□＿
□□□□□＿□□□□
□□□＿□□□□□□
□□□□□□＿□□□
00:57:58(104366f):field(104365f)
＿＿＿＿＿＿＿＿＿＿
＿＿＿＿＿＿＿＿＿＿
＿＿＿＿＿＿＿＿＿＿
＿＿＿＿＿＿＿＿＿＿
＿＿＿＿＿＿＿＿＿＿
＿＿＿＿＿＿＿＿＿＿
＿＿＿＿＿＿＿＿＿＿
＿＿＿＿＿＿＿＿＿＿
＿＿＿◆＿＿＿＿＿＿
◆＿◆□◆＿＿＿＿＿
□◆□□□◆＿＿＿＿
□□□□□□◆＿＿＿
□□□□□□□■■＿
□□□□□□□□＿□
□□□□□□□＿□□
□□□□□□□＿□□
□□□□□□□□□＿
□□□□□＿□□□□
□□□＿□□□□□□
□□□□□□＿□□□
00:57:59(104376f):field(104375f)
＿＿＿＿＿＿＿＿＿＿
＿＿＿＿＿＿＿＿＿＿
＿＿＿＿＿＿＿＿＿＿
＿＿＿＿＿＿＿＿＿＿
＿＿＿＿＿＿＿＿＿＿
＿＿＿＿＿＿＿＿＿＿
＿＿＿＿＿＿＿＿＿＿
＿＿＿＿＿＿＿＿＿＿
＿＿＿＿■■＿＿＿＿
＿＿＿□■■＿＿＿＿
□＿□□□＿＿＿＿＿
□□□□□□＿＿＿＿
□□□□□□□□◆＿
□□□□□□□□＿□
□□□□□□□＿□□
□□□□□□□＿□□
□□□□□□□□□＿
□□□□□＿□□□□
□□□＿□□□□□□
□□□□□□＿□□□
00:57:59(104396f):field(104395f)
＿＿＿＿＿＿＿＿＿＿
＿＿＿＿＿＿＿＿＿＿
＿＿＿＿＿＿＿＿＿＿
＿＿＿＿＿＿＿＿＿＿
＿＿＿＿＿＿＿＿＿＿
＿＿＿＿＿＿＿＿＿＿
＿＿＿＿＿＿＿＿＿＿
＿＿＿＿＿＿＿＿＿＿
＿＿＿＿□□＿＿＿＿
■■■□□□＿＿＿＿
□■□□□＿＿＿＿＿
□□□□□□＿＿＿＿
□□□□□□□□＿＿
□□□□□□□□＿□
□□□□□□□＿□□
□□□□□□□＿□□
□□□□□□□□□＿
□□□□□＿□□□□
□□□＿□□□□□□
□□□□□□＿□□□
00:58:00(104413f):field(104412f)
＿＿＿＿＿＿＿＿＿＿
＿＿＿＿＿＿＿＿＿＿
＿＿＿＿＿＿＿＿＿＿
＿＿＿＿＿＿＿＿＿＿
＿＿＿＿＿＿＿＿＿＿
＿＿＿＿＿＿＿＿＿＿
＿＿＿＿＿＿＿＿＿＿
＿＿＿＿＿＿＿＿＿＿
＿＿＿＿◆◆＿＿＿＿
◆◆◆◆◆◆＿＿＿＿
◆◆◆◆□■＿＿＿＿
□□□□□□＿＿＿＿
□□□□□◆◆◆＿＿
□□□□□□◆◆＿□
□□□□□□□＿□□
□□□□□□□■□□
□□□□□□□□□＿
□□□□□＿□□□□
□□□＿□□□□□□
□□□□□□＿□□□
00:58:01(104436f):field(104435f)
＿＿＿＿＿＿＿＿＿＿
＿＿＿＿＿＿＿＿＿＿
＿＿＿＿＿＿＿＿＿＿
＿＿＿＿＿＿＿＿＿＿
＿＿＿＿＿＿＿＿＿＿
＿＿＿＿＿＿＿＿＿＿
＿＿＿＿＿＿＿＿＿＿
＿＿＿＿＿＿＿＿＿＿
＿＿＿＿＿＿＿＿＿＿
＿＿＿＿＿＿＿＿＿＿
＿＿＿＿◆◆＿＿＿＿
◆◆◆□□◆＿＿＿＿
◆◆□□□■＿＿＿＿
□□□□□□＿＿＿◆
□□□□□◆□＿◆◆
□□□□□□◆□□□
□□□□□□□□□＿
□□□□□＿□□□□
□□□＿□□□□□□
□□□□□□＿□□□
00:58:01(104458f):field(104457f)
＿＿＿＿＿＿＿＿＿＿
＿＿＿＿＿＿＿＿＿＿
＿＿＿＿＿＿＿＿＿＿
＿＿＿＿＿＿＿＿＿＿
＿＿＿＿＿＿＿＿＿＿
＿＿＿＿＿＿＿＿＿＿
＿＿＿＿＿＿＿＿＿＿
＿＿＿＿＿＿＿＿＿＿
＿＿＿＿＿＿＿＿＿＿
＿＿＿＿＿＿＿＿＿＿
＿＿＿＿＿＿＿＿＿＿
＿＿＿□□＿＿＿＿＿
＿＿□□□□＿＿＿■
□□□□□□＿＿＿■
□□□□□＿◆＿■■
□□□□□□＿□□□
□□□□□□□□□＿
□□□□□＿□□□□
□□□＿□□□□□□
□□□□□□＿□□□
00:58:02(104471f):field(104470f)
＿＿＿＿＿＿＿＿＿＿
＿＿＿＿＿＿＿＿＿＿
＿＿＿＿＿＿＿＿＿＿
＿＿＿＿＿＿＿＿＿＿
＿＿＿＿＿＿＿＿＿＿
＿＿＿＿＿＿＿＿＿＿
＿＿＿＿＿＿＿＿＿＿
＿＿＿＿＿＿＿＿＿＿
＿＿＿＿＿＿＿＿＿＿
＿＿＿＿＿＿＿＿＿＿
＿＿＿＿＿＿＿＿＿＿
■■＿□□＿＿＿＿＿
■■□□□□＿＿＿□
□□□□□□＿＿＿□
□□□□□＿＿＿□□
□□□□□□＿□□□
□□□□□□□□□＿
□□□□□＿□□□□
□□□＿□□□□□□
□□□□□□＿□□□
00:58:02(104484f):field(104483f)
＿＿＿＿＿＿＿＿＿＿
＿＿＿＿＿＿＿＿＿＿
＿＿＿＿＿＿＿＿＿＿
＿＿＿＿＿＿＿＿＿＿
＿＿＿＿＿＿＿＿＿＿
＿＿＿＿＿＿＿＿＿＿
＿＿＿＿＿＿＿＿＿＿
＿＿＿＿＿＿＿＿＿＿
＿＿＿＿＿＿＿＿＿＿
＿＿＿■＿＿＿＿＿＿
＿＿■■＿＿＿＿＿＿
□□■□□＿＿＿＿＿
□□□□□□＿＿＿□
□□□□□□＿＿＿□
□□□□□＿＿＿□□
□□□□□□＿□□□
□□□□□□□□□＿
□□□□□＿□□□□
□□□＿□□□□□□
□□□□□□＿□□□
00:58:03(104506f):field(104505f)
＿＿＿＿＿＿＿＿＿＿
＿＿＿＿＿＿＿＿＿＿
＿＿＿＿＿＿＿＿＿＿
＿＿＿＿＿＿＿＿＿＿
＿＿＿＿＿＿＿＿＿＿
＿＿＿＿＿＿＿＿＿＿
＿＿＿＿＿＿＿＿＿＿
＿＿＿＿＿＿＿＿＿＿
＿＿＿＿＿＿＿＿＿＿
＿＿＿◆＿＿＿＿＿＿
＿＿◆□＿＿＿＿＿＿
◆◆□□◆＿＿＿＿＿
□□□□□◆＿＿＿◆
□□□□□□＿＿＿□
□□□□□■＿■◆□
□□□□□□＿□□□
□□□□□□□□□＿
□□□□□＿□□□□
□□□＿□□□□□□
□□□□□□＿□□□
00:58:04(104520f):field(104519f)
＿＿＿＿＿＿＿＿＿＿
＿＿＿＿＿＿＿＿＿＿
＿＿＿＿＿＿＿＿＿＿
＿＿＿＿＿＿＿＿＿＿
＿＿＿＿＿＿＿＿＿＿
＿＿＿＿＿＿＿＿＿＿
＿＿＿＿＿＿＿＿＿＿
＿＿＿＿＿＿＿＿＿＿
＿＿＿＿＿＿＿＿＿＿
＿＿＿＿＿＿＿＿＿＿
＿＿＿□■＿＿＿＿＿
＿＿□□■■＿＿＿＿
□□□□□■＿＿＿＿
□□□□□□＿＿＿□
□□□□□□＿□＿□
□□□□□□＿□□□
□□□□□□□□□＿
□□□□□＿□□□□
□□□＿□□□□□□
□□□□□□＿□□□
00:58:04(104531f):field(104530f)
＿＿＿＿＿＿＿＿＿＿
＿＿＿＿＿＿＿＿＿＿
＿＿＿＿＿＿＿＿＿＿
＿＿＿＿＿＿＿＿＿＿
＿＿＿＿＿＿＿＿＿＿
＿＿＿＿＿＿＿＿＿＿
＿＿＿＿＿＿＿＿＿＿
＿＿＿＿＿＿＿＿＿＿
＿＿＿＿＿＿＿＿＿＿
＿＿＿＿＿＿＿＿＿＿
＿＿＿□□＿＿＿＿＿
＿＿□□□□＿＿＿＿
□□□□□□＿＿■＿
□□□□□□＿■■□
□□□□□□＿□■□
□□□□□□＿□□□
□□□□□□□□□＿
□□□□□＿□□□□
□□□＿□□□□□□
□□□□□□＿□□□
00:58:04(104542f):field(104541f)
＿＿＿＿＿＿＿＿＿＿
＿＿＿＿＿＿＿＿＿＿
＿＿＿＿＿＿＿＿＿＿
＿＿＿＿＿＿＿＿＿＿
＿＿＿＿＿＿＿＿＿＿
＿＿＿＿＿＿＿＿＿＿
＿＿＿＿＿＿＿＿＿＿
＿＿＿＿＿＿＿＿＿＿
＿＿＿＿＿＿＿＿＿＿
＿＿＿＿＿＿＿＿＿＿
＿＿＿◆◆＿＿＿＿＿
＿＿◆◆◆◆＿＿＿＿
◆◆◆□□◆■＿◆＿
◆◆□□□□＿◆◆◆
□□□□□□■□□□
□□□□□□＿□□□
□□□□□□□□□＿
□□□□□＿□□□□
□□□＿□□□□□□
□□□□□□＿□□□
00:58:05(104556f):field(104555f)
＿＿＿＿＿＿＿＿＿＿
＿＿＿＿＿＿＿＿＿＿
＿＿＿＿＿＿＿＿＿＿
＿＿＿＿＿＿＿＿＿＿
＿＿＿＿＿＿＿＿＿＿
＿＿＿＿＿＿＿＿＿＿
＿＿＿＿＿＿＿＿＿＿
＿＿＿＿＿＿＿＿＿＿
＿＿＿＿＿＿＿＿＿＿
＿＿＿＿＿＿＿＿＿＿
＿＿＿＿＿＿＿＿＿＿
＿＿＿＿＿＿＿＿＿＿
■■＿□□＿◆＿＿＿
■■□□□□＿＿＿＿
□□□□□□□□□◆
□□□□□□＿□□□
□□□□□□□□□＿
□□□□□＿□□□□
□□□＿□□□□□□
□□□□□□＿□□□
00:58:05(104570f):field(104569f)
＿＿＿＿＿＿＿＿＿＿
＿＿＿＿＿＿＿＿＿＿
＿＿＿＿＿＿＿＿＿＿
＿＿＿＿＿＿＿＿＿＿
＿＿＿＿＿＿＿＿＿＿
＿＿＿＿＿＿＿＿＿＿
＿＿＿＿＿＿＿＿＿＿
＿＿＿＿＿＿＿＿＿＿
＿＿＿＿＿＿＿＿＿＿
＿＿＿＿＿＿＿＿＿＿
＿＿＿■＿＿＿＿＿＿
＿＿■■＿＿＿＿＿＿
□□■□□＿＿＿＿＿
□□□□□□＿＿＿＿
□□□□□□□□□＿
□□□□□□＿□□□
□□□□□□□□□＿
□□□□□＿□□□□
□□□＿□□□□□□
□□□□□□＿□□□
00:58:06(104580f):field(104579f)
＿＿＿＿＿＿＿＿＿＿
＿＿＿＿＿＿＿＿＿＿
＿＿＿＿＿＿＿＿＿＿
＿＿＿＿＿＿＿＿＿＿
＿＿＿＿＿＿＿＿＿＿
＿＿＿＿＿＿＿＿＿＿
＿＿＿＿＿＿＿＿＿＿
＿＿＿＿＿＿＿＿＿＿
＿＿＿＿＿＿＿＿＿＿
＿＿＿＿＿＿＿＿＿＿
＿＿＿◆＿＿＿＿＿＿
＿＿◆□＿＿＿＿＿＿
◆◆□□◆＿＿＿＿■
□□□□□◆■＿＿■
□□□□□□◆□□■
□□□□□□＿□□□
□□□□□□□□□＿
□□□□□＿□□□□
□□□＿□□□□□□
□□□□□□＿□□□
00:58:06(104598f):field(104597f)
＿＿＿＿＿＿＿＿＿＿
＿＿＿＿＿＿＿＿＿＿
＿＿＿＿＿＿＿＿＿＿
＿＿＿＿＿＿＿＿＿＿
＿＿＿＿＿＿＿＿＿＿
＿＿＿＿＿＿＿＿＿＿
＿＿＿＿＿＿＿＿＿＿
＿＿＿＿＿＿＿＿＿＿
＿＿＿＿＿＿＿＿＿＿
＿＿＿＿＿＿＿＿＿＿
＿＿＿＿＿＿＿＿＿＿
＿＿＿◆＿＿＿＿＿＿
＿＿◆◆＿＿＿＿＿◆
◆◆◆□◆＿□＿＿□
◆◆□□□□■□◆□
□□□□□□＿◆□□
□□□□□□□□□＿
□□□□□■□□□□
□□□＿□□□□□□
□□□□□□＿□□□
00:58:07(104611f):field(104610f)
＿＿＿＿＿＿＿＿＿＿
＿＿＿＿＿＿＿＿＿＿
＿＿＿＿＿＿＿＿＿＿
＿＿＿＿＿＿＿＿＿＿
＿＿＿＿＿＿＿＿＿＿
＿＿＿＿＿＿＿＿＿＿
＿＿＿＿＿＿＿＿＿＿
＿＿＿＿＿＿＿＿＿＿
＿＿＿＿＿＿＿＿＿＿
＿＿＿＿＿＿＿＿＿＿
＿＿＿＿＿＿＿＿＿＿
＿＿＿＿＿＿＿＿＿＿
＿＿＿＿＿＿＿＿＿＿
＿＿＿□■＿◆＿＿◆
＿＿□□□□◆◆＿□
□□□□□□■＿◆□
□□□□□□□□□＿
□□□□□◆□□□□
□□□＿□□□□□□
□□□□□□＿□□□
00:58:07(104623f):field(104622f)
＿＿＿＿＿＿＿＿＿＿
＿＿＿＿＿＿＿＿＿＿
＿＿＿＿＿＿＿＿＿＿
＿＿＿＿＿＿＿＿＿＿
＿＿＿＿＿＿＿＿＿＿
＿＿＿＿＿＿＿＿＿＿
＿＿＿＿＿＿＿＿＿＿
＿＿＿＿＿＿＿＿＿＿
＿＿＿＿＿＿＿＿＿＿
＿＿＿＿＿＿＿＿＿＿
＿＿＿＿＿＿＿＿＿＿
＿＿＿＿＿＿＿＿＿＿
＿＿＿＿＿＿＿＿＿＿
＿＿＿□□＿＿＿＿＿
＿＿□□□□■■＿□
□□□□□□□■＿□
□□□□□□□□□＿
□□□□□＿□□□□
□□□＿□□□□□□
□□□□□□＿□□□
00:58:07(104634f):field(104633f)
＿＿＿＿＿＿＿＿＿＿
＿＿＿＿＿＿＿＿＿＿
＿＿＿＿＿＿＿＿＿＿
＿＿＿＿＿＿＿＿＿＿
＿＿＿＿＿＿＿＿＿＿
＿＿＿＿＿＿＿＿＿＿
＿＿＿＿＿＿＿＿＿＿
＿＿＿＿＿＿＿＿＿＿
＿＿＿＿＿＿＿＿＿＿
＿＿＿＿＿＿＿＿＿＿
＿＿＿＿＿＿＿＿＿＿
＿＿＿＿＿■＿＿＿＿
＿＿＿＿■■＿＿＿＿
＿＿＿□□■＿＿＿＿
＿＿□□□□□□＿□
□□□□□□□□＿□
□□□□□□□□□＿
□□□□□＿□□□□
□□□＿□□□□□□
□□□□□□＿□□□
00:58:08(104647f):field(104646f)
＿＿＿＿＿＿＿＿＿＿
＿＿＿＿＿＿＿＿＿＿
＿＿＿＿＿＿＿＿＿＿
＿＿＿＿＿＿＿＿＿＿
＿＿＿＿＿＿＿＿＿＿
＿＿＿＿＿＿＿＿＿＿
＿＿＿＿＿＿＿＿＿＿
＿＿＿＿＿＿＿＿＿＿
＿＿＿＿＿＿＿＿＿＿
＿＿＿＿＿＿＿＿＿＿
＿＿＿＿＿＿＿＿＿＿
＿＿＿＿＿◆＿＿＿＿
＿＿＿＿◆□＿＿＿＿
＿＿＿◆□□＿＿■＿
＿＿◆□□□◆◆■◆
◆◆□□□□□□■□
□□□□□□□□□＿
□□□□□＿□□□□
□□□＿□□□□□□
□□□□□□＿□□□
00:58:08(104659f):field(104658f)
＿＿＿＿＿＿＿＿＿＿
＿＿＿＿＿＿＿＿＿＿
＿＿＿＿＿＿＿＿＿＿
＿＿＿＿＿＿＿＿＿＿
＿＿＿＿＿＿＿＿＿＿
＿＿＿＿＿＿＿＿＿＿
＿＿＿＿＿＿＿＿＿＿
＿＿＿＿＿＿＿＿＿＿
＿＿＿＿＿＿＿＿＿＿
＿＿＿＿＿＿＿＿＿＿
＿＿＿＿＿＿＿＿＿＿
＿＿＿＿＿＿＿＿＿＿
＿＿＿＿＿◆＿＿＿＿
＿＿＿＿◆□＿＿◆＿
■＿＿◆□□■＿□＿
■＿◆□□□◆◆□□
□□□□□□□□□＿
□□□□□■□□□□
□□□＿□□□□□□
□□□□□□＿□□□
00:58:08(104669f):field(104668f)
＿＿＿＿＿＿＿＿＿＿
＿＿＿＿＿＿＿＿＿＿
＿＿＿＿＿＿＿＿＿＿
＿＿＿＿＿＿＿＿＿＿
＿＿＿＿＿＿＿＿＿＿
＿＿＿＿＿＿＿＿＿＿
＿＿＿＿＿＿＿＿＿＿
＿＿＿＿＿＿＿＿＿＿
＿＿＿＿＿＿＿＿＿＿
＿＿＿＿＿＿＿＿＿＿
＿＿＿＿＿＿＿＿＿＿
＿＿＿＿＿＿＿＿＿＿
＿＿＿＿＿＿＿＿＿＿
＿＿■＿＿□＿＿＿＿
□＿■＿□□◆＿□＿
□■■□□□＿＿□◆
□□□□□□□□□＿
□□□□□◆□□□□
□□□＿□□□□□□
□□□□□□＿□□□
00:58:09(104682f):field(104681f)
＿＿＿＿＿＿＿＿＿＿
＿＿＿＿＿＿＿＿＿＿
＿＿＿＿＿＿＿＿＿＿
＿＿＿＿＿＿＿＿＿＿
＿＿＿＿＿＿＿＿＿＿
＿＿＿＿＿＿＿＿＿＿
＿＿＿＿＿＿＿＿＿＿
＿＿＿＿＿＿＿＿＿＿
＿＿＿＿＿＿＿＿＿＿
＿＿＿＿＿＿＿＿＿＿
＿＿＿＿＿＿＿＿＿＿
＿＿＿＿＿＿＿＿＿＿
＿＿＿＿■＿＿＿＿＿
＿＿□■■□＿＿＿＿
□＿□■□□＿＿□＿
□□□□□□＿＿□＿
□□□□□□□□□＿
□□□□□＿□□□□
□□□＿□□□□□□
□□□□□□＿□□□
00:58:09(104691f):field(104690f)
＿＿＿＿＿＿＿＿＿＿
＿＿＿＿＿＿＿＿＿＿
＿＿＿＿＿＿＿＿＿＿
＿＿＿＿＿＿＿＿＿＿
＿＿＿＿＿＿＿＿＿＿
＿＿＿＿＿＿＿＿＿＿
＿＿＿＿＿＿＿＿＿＿
＿＿＿＿＿＿＿＿＿＿
＿＿＿＿＿＿＿＿＿＿
＿＿＿＿＿＿＿＿＿＿
＿＿＿＿＿＿＿＿＿＿
＿＿＿＿＿＿＿＿＿＿
＿■＿＿□＿＿＿＿＿
■■□□□□＿＿＿＿
□■□□□□＿＿□＿
□□□□□□＿＿□＿
□□□□□□□□□＿
□□□□□＿□□□□
□□□＿□□□□□□
□□□□□□＿□□□
00:58:10(104705f):field(104704f)
＿＿＿＿＿＿＿＿＿＿
＿＿＿＿＿＿＿＿＿＿
＿＿＿＿＿＿＿＿＿＿
＿＿＿＿＿＿＿＿＿＿
＿＿＿＿＿＿＿＿＿＿
＿＿＿＿＿＿＿＿＿＿
＿＿＿＿＿＿＿＿＿＿
＿＿＿＿＿＿＿＿＿＿
＿＿＿＿＿＿＿＿＿＿
＿＿＿＿＿＿＿＿＿＿
＿＿＿＿＿＿＿＿＿＿
＿＿＿■■＿＿＿＿＿
＿□■■□＿＿＿＿＿
□□□□□□＿＿＿＿
□□□□□□＿＿□＿
□□□□□□＿＿□＿
□□□□□□□□□＿
□□□□□＿□□□□
□□□＿□□□□□□
□□□□□□＿□□□
00:58:10(104716f):field(104715f)
＿＿＿＿＿＿＿＿＿＿
＿＿＿＿＿＿＿＿＿＿
＿＿＿＿＿＿＿＿＿＿
＿＿＿＿＿＿＿＿＿＿
＿＿＿＿＿＿＿＿＿＿
＿＿＿＿＿＿＿＿＿＿
＿＿＿＿＿＿＿＿＿＿
＿＿＿＿＿＿＿＿＿＿
＿＿＿＿＿＿＿＿＿＿
＿＿＿＿＿＿＿＿＿＿
＿＿＿＿＿＿＿＿＿＿
＿＿＿□□＿＿＿＿＿
＿□□□□＿＿＿＿＿
□□□□□□＿＿＿＿
□□□□□□■■□＿
□□□□□□■■□＿
□□□□□□□□□＿
□□□□□＿□□□□
□□□＿□□□□□□
□□□□□□＿□□□
00:58:11(104730f):field(104729f)
＿＿＿＿＿＿＿＿＿＿
＿＿＿＿＿＿＿＿＿＿
＿＿＿＿＿＿＿＿＿＿
＿＿＿＿＿＿＿＿＿＿
＿＿＿＿＿＿＿＿＿＿
＿＿＿＿＿＿＿＿＿＿
＿＿＿＿＿＿＿＿＿＿
＿＿＿＿＿＿＿＿＿＿
＿＿＿＿＿＿＿＿＿＿
＿＿＿＿＿＿＿＿＿＿
＿＿＿＿＿＿＿＿＿＿
＿＿＿□□＿＿＿＿＿
＿□□□□＿＿＿■＿
□□□□□□■■■＿
□□□□□□□□□＿
□□□□□□□□□＿
□□□□□□□□□＿
□□□□□＿□□□□
□□□＿□□□□□□
□□□□□□＿□□□
00:58:11(104740f):field(104739f)
＿＿＿＿＿＿＿＿＿＿
＿＿＿＿＿＿＿＿＿＿
＿＿＿＿＿＿＿＿＿＿
＿＿＿＿＿＿＿＿＿＿
＿＿＿＿＿＿＿＿＿＿
＿＿＿＿＿＿＿＿＿＿
＿＿＿＿＿＿＿＿＿＿
＿＿＿＿＿＿＿＿＿＿
＿＿＿＿＿＿＿＿＿＿
＿＿＿＿＿＿＿＿＿＿
＿＿＿＿＿＿＿＿＿＿
＿＿＿□□■＿＿＿＿
＿□□□□■■■□＿
□□□□□□□□□＿
□□□□□□□□□＿
□□□□□□□□□＿
□□□□□□□□□＿
□□□□□＿□□□□
□□□＿□□□□□□
□□□□□□＿□□□
00:58:11(104752f):field(104751f)
＿＿＿＿＿＿＿＿＿＿
＿＿＿＿＿＿＿＿＿＿
＿＿＿＿＿＿＿＿＿＿
＿＿＿＿＿＿＿＿＿＿
＿＿＿＿＿＿＿＿＿＿
＿＿＿＿＿＿＿＿＿＿
＿＿＿＿＿＿＿＿＿＿
＿＿＿＿＿＿＿＿＿＿
＿＿＿＿＿＿＿＿＿＿
＿＿＿＿＿＿＿＿＿＿
■＿＿＿＿＿＿＿＿＿
■■＿□□□＿＿＿＿
■□□□□□□□□＿
□□□□□□□□□＿
□□□□□□□□□＿
□□□□□□□□□＿
□□□□□□□□□＿
□□□□□＿□□□□
□□□＿□□□□□□
□□□□□□＿□□□
00:58:12(104762f):field(104761f)
＿＿＿＿＿＿＿＿＿＿
＿＿＿＿＿＿＿＿＿＿
＿＿＿＿＿＿＿＿＿＿
＿＿＿＿＿＿＿＿＿＿
＿＿＿＿＿＿＿＿＿＿
＿＿＿＿＿＿＿＿＿＿
＿＿＿＿＿＿＿＿＿＿
＿＿＿＿＿＿＿＿＿＿
＿＿＿＿＿＿＿＿＿＿
＿＿＿■＿＿＿＿＿＿
□＿■■＿＿＿＿＿＿
□□■□□□＿＿＿＿
□□□□□□□□□＿
□□□□□□□□□＿
□□□□□□□□□＿
□□□□□□□□□＿
□□□□□□□□□＿
□□□□□＿□□□□
□□□＿□□□□□□
□□□□□□＿□□□
00:58:12(104773f):field(104772f)
＿＿＿＿＿＿＿＿＿＿
＿＿＿＿＿＿＿＿＿＿
＿＿＿＿＿＿＿＿＿＿
＿＿＿＿＿＿＿＿＿＿
＿＿＿＿＿＿＿＿＿＿
＿＿＿＿＿＿＿＿＿＿
＿＿＿＿＿＿＿＿＿＿
＿＿＿＿＿＿＿＿＿＿
＿＿＿＿＿＿＿＿＿＿
＿＿＿□■■＿＿＿＿
□＿□□■■＿＿＿＿
□□□□□□＿＿＿＿
□□□□□□□□□＿
□□□□□□□□□＿
□□□□□□□□□＿
□□□□□□□□□＿
□□□□□□□□□＿
□□□□□＿□□□□
□□□＿□□□□□□
□□□□□□＿□□□
00:58:12(104788f):field(104787f)
＿＿＿＿＿＿＿＿＿＿
＿＿＿＿＿＿＿＿＿＿
＿＿＿＿＿＿＿＿＿＿
＿＿＿＿＿＿＿＿＿＿
＿＿＿＿＿＿＿＿＿＿
＿＿＿＿＿＿＿＿＿＿
＿＿＿＿＿＿＿＿＿＿
＿＿＿＿＿＿＿＿＿＿
＿＿＿＿＿＿＿＿＿＿
＿＿＿□□□＿＿＿＿
□＿□□□□＿＿■＿
□□□□□□■■■＿
□□□□□□□□□＿
□□□□□□□□□＿
□□□□□□□□□＿
□□□□□□□□□＿
□□□□□□□□□＿
□□□□□＿□□□□
□□□＿□□□□□□
□□□□□□＿□□□
00:58:13(104800f):field(104799f)
＿＿＿＿＿＿＿＿＿＿
＿＿＿＿＿＿＿＿＿＿
＿＿＿＿＿＿＿＿＿＿
＿＿＿＿＿＿＿＿＿＿
＿＿＿＿＿＿＿＿＿＿
＿＿＿＿＿＿＿＿＿＿
＿＿＿＿＿＿＿＿＿＿
＿＿＿＿＿＿＿＿＿＿
■＿＿＿＿＿＿＿＿＿
■■＿□□□＿＿＿＿
□■□□□□＿＿□＿
□□□□□□□□□＿
□□□□□□□□□＿
□□□□□□□□□＿
□□□□□□□□□＿
□□□□□□□□□＿
□□□□□□□□□＿
□□□□□＿□□□□
□□□＿□□□□□□
□□□□□□＿□□□
00:58:13(104810f):field(104809f)
＿＿＿＿＿＿＿＿＿＿
＿＿＿＿＿＿＿＿＿＿
＿＿＿＿＿＿＿＿＿＿
＿＿＿＿＿＿＿＿＿＿
＿＿＿＿＿＿＿＿＿＿
＿＿＿＿＿＿＿＿＿＿
＿＿＿＿＿＿＿＿＿＿
＿＿＿■＿＿＿＿＿＿
□＿＿■■■＿＿＿＿
□□＿□□□＿＿＿＿
□□□□□□＿＿□＿
□□□□□□□□□＿
□□□□□□□□□＿
□□□□□□□□□＿
□□□□□□□□□＿
□□□□□□□□□＿
□□□□□□□□□＿
□□□□□＿□□□□
□□□＿□□□□□□
□□□□□□＿□□□
00:58:14(104821f):field(104820f)
＿＿＿＿＿＿＿＿＿＿
＿＿＿＿＿＿＿＿＿＿
＿＿＿＿＿＿＿＿＿＿
＿＿＿＿＿＿＿＿＿＿
＿＿＿＿＿＿＿＿＿＿
＿＿＿＿＿＿＿＿＿＿
＿＿＿＿＿＿＿＿＿＿
＿＿＿□＿＿■＿＿＿
□＿＿□□□■＿＿＿
□□＿□□□■＿＿＿
□□□□□□■＿□＿
□□□□□□□□□＿
□□□□□□□□□＿
□□□□□□□□□＿
□□□□□□□□□＿
□□□□□□□□□＿
□□□□□□□□□＿
□□□□□＿□□□□
□□□＿□□□□□□
□□□□□□＿□□□
00:58:14(104832f):field(104831f)
＿＿＿＿＿＿＿＿＿＿
＿＿＿＿＿＿＿＿＿＿
＿＿＿＿＿＿＿＿＿＿
＿＿＿＿＿＿＿＿＿＿
＿＿＿＿＿＿＿＿＿＿
＿＿＿＿＿＿＿＿＿＿
＿＿＿■■＿＿＿＿＿
＿＿＿□■■□＿＿＿
□＿＿□□□□＿＿＿
□□＿□□□□＿＿＿
□□□□□□□＿□＿
□□□□□□□□□＿
□□□□□□□□□＿
□□□□□□□□□＿
□□□□□□□□□＿
□□□□□□□□□＿
□□□□□□□□□＿
□□□□□＿□□□□
□□□＿□□□□□□
□□□□□□＿□□□
00:58:14(104843f):field(104842f)
＿＿＿＿＿＿＿＿＿＿
＿＿＿＿＿＿＿＿＿＿
＿＿＿＿＿＿＿＿＿＿
＿＿＿＿＿＿＿＿＿＿
＿＿＿＿＿＿＿＿＿＿
＿＿＿＿＿■■＿＿＿
＿＿＿□□■■＿＿＿
＿＿＿□□□□＿＿＿
□＿＿□□□□＿＿＿
□□＿□□□□＿＿＿
□□□□□□□＿□＿
□□□□□□□□□＿
□□□□□□□□□＿
□□□□□□□□□＿
□□□□□□□□□＿
□□□□□□□□□＿
□□□□□□□□□＿
□□□□□＿□□□□
□□□＿□□□□□□
□□□□□□＿□□□
00:58:15(104858f):field(104857f)
＿＿＿＿＿＿＿＿＿＿
＿＿＿＿＿＿＿＿＿＿
＿＿＿＿＿＿＿＿＿＿
＿＿＿＿＿＿＿＿＿＿
＿＿＿＿＿＿＿＿＿＿
＿＿＿＿＿□□＿＿＿
＿＿＿□□□□＿＿＿
＿＿＿□□□□＿＿＿
□＿＿□□□□＿＿＿
□□＿□□□□■■■
□□□□□□□■□＿
□□□□□□□□□＿
□□□□□□□□□＿
□□□□□□□□□＿
□□□□□□□□□＿
□□□□□□□□□＿
□□□□□□□□□＿
□□□□□＿□□□□
□□□＿□□□□□□
□□□□□□＿□□□
00:58:15(104868f):field(104867f)
＿＿＿＿＿＿＿＿＿＿
＿＿＿＿＿＿＿＿＿＿
＿＿＿＿＿＿＿＿＿＿
＿＿＿＿■＿＿＿＿＿
＿＿＿＿■＿＿＿＿＿
＿＿＿■■□□＿＿＿
＿＿＿□□□□＿＿＿
＿＿＿□□□□＿＿＿
□＿＿□□□□＿＿＿
□□＿□□□□□□□
□□□□□□□□□＿
□□□□□□□□□＿
□□□□□□□□□＿
□□□□□□□□□＿
□□□□□□□□□＿
□□□□□□□□□＿
□□□□□□□□□＿
□□□□□＿□□□□
□□□＿□□□□□□
□□□□□□＿□□□
00:58:16(104884f):field(104883f)
＿＿＿＿＿＿＿＿＿＿
＿＿＿＿＿＿＿＿＿＿
＿＿＿＿＿＿＿＿＿＿
＿＿＿＿◆＿＿＿＿＿
＿＿＿＿□＿＿＿＿＿
＿＿＿◆□◆◆＿＿＿
＿＿＿□□□□＿＿＿
＿＿■□□□□＿＿＿
◆＿■□□□□＿＿＿
□◆■□□□□◆◆◆
□□□□□□□□□＿
□□□□□□□□□＿
□□□□□□□□□＿
□□□□□□□□□＿
□□□□□□□□□＿
□□□□□□□□□＿
□□□□□□□□□＿
□□□□□＿□□□□
□□□＿□□□□□□
□□□□□□＿□□□
00:58:16(104897f):field(104896f)
＿＿＿＿＿＿＿＿＿＿
＿＿＿＿＿＿＿＿＿＿
＿＿＿＿＿＿＿＿＿＿
＿＿＿＿＿＿＿＿＿＿
＿＿＿＿□＿＿＿＿＿
＿＿＿＿□＿＿＿＿＿
＿＿＿□□□□＿＿＿
■＿□□□□□＿＿＿
■■□□□□□＿＿＿
□■□□□□□＿＿＿
□□□□□□□□□＿
□□□□□□□□□＿
□□□□□□□□□＿
□□□□□□□□□＿
□□□□□□□□□＿
□□□□□□□□□＿
□□□□□□□□□＿
□□□□□＿□□□□
□□□＿□□□□□□
□□□□□□＿□□□
00:58:16(104907f):field(104906f)
＿＿＿＿＿＿＿＿＿＿
＿＿＿＿＿＿＿＿＿＿
＿＿＿＿＿＿＿＿＿＿
＿＿＿＿＿＿＿＿＿＿
＿＿＿＿□■■＿＿＿
＿＿＿＿□■■＿＿＿
＿＿＿□□□□＿＿＿
□＿□□□□□＿＿＿
□□□□□□□＿＿＿
□□□□□□□＿＿＿
□□□□□□□□□＿
□□□□□□□□□＿
□□□□□□□□□＿
□□□□□□□□□＿
□□□□□□□□□＿
□□□□□□□□□＿
□□□□□□□□□＿
□□□□□＿□□□□
□□□＿□□□□□□
□□□□□□＿□□□
00:58:17(104924f):field(104923f)
＿＿＿＿＿＿＿＿＿＿
＿＿＿＿＿＿＿＿＿＿
＿＿＿＿＿＿＿＿＿＿
＿＿＿＿＿＿＿＿＿＿
＿＿＿＿□□□＿＿＿
＿＿＿＿□□□＿＿＿
＿＿＿□□□□＿＿＿
□＿□□□□□■＿＿
□□□□□□□■＿＿
□□□□□□□■■＿
□□□□□□□□□＿
□□□□□□□□□＿
□□□□□□□□□＿
□□□□□□□□□＿
□□□□□□□□□＿
□□□□□□□□□＿
□□□□□□□□□＿
□□□□□＿□□□□
□□□＿□□□□□□
□□□□□□＿□□□
00:58:17(104939f):field(104938f)
＿＿＿＿＿＿＿＿＿＿
＿＿＿＿＿＿＿＿＿＿
＿＿＿＿＿＿＿＿＿＿
＿＿＿＿＿＿＿＿＿＿
＿＿＿■□□□＿＿＿
＿＿■■□□□＿＿＿
＿＿■□□□□＿＿＿
□＿□□□□□□＿＿
□□□□□□□□＿＿
□□□□□□□□□＿
□□□□□□□□□＿
□□□□□□□□□＿
□□□□□□□□□＿
□□□□□□□□□＿
□□□□□□□□□＿
□□□□□□□□□＿
□□□□□□□□□＿
□□□□□＿□□□□
□□□＿□□□□□□
□□□□□□＿□□□
00:58:18(104951f):field(104950f)
＿＿＿＿＿＿＿＿＿＿
＿＿＿＿＿＿＿＿＿＿
＿＿＿＿＿＿＿＿＿＿
＿＿＿＿＿＿＿＿＿＿
＿＿＿◆◆◆◆＿＿＿
＿＿◆◆◆◆◆＿＿＿
＿＿◆◆◆◆◆＿＿＿
◆＿◆◆◆◆◆◆＿＿
◆◆◆□□□□◆＿＿
◆◆□□□□□◆◆＿
◆◆□□□□□◆◆＿
□◆□□□□□□◆＿
□□□□□□□□□＿
□□□□□□□□□＿
□□□□□□□□□＿
□□□□□□□□□■
□□□□□□□□□■
□□□□□＿□□□□
□□□＿□□□□□□
□□□□□□＿□□□
00:58:18(104962f):field(104961f)
＿＿＿＿＿＿＿＿＿＿
＿＿＿＿＿＿＿＿＿＿
＿＿＿＿＿＿＿＿＿＿
＿＿＿＿＿＿＿＿＿＿
＿＿＿＿＿＿＿＿＿＿
＿＿＿＿＿＿＿＿＿＿
＿＿＿＿＿＿＿＿＿＿
＿＿＿＿＿＿＿＿＿＿
＿＿＿□□□□＿＿＿
＿■□□□□□＿＿＿
■■□□□□□＿＿＿
□■□□□□□□＿＿
□□□□□□□□◆＿
□□□□□□□□□＿
□□□□□□□□□＿
□□□□□□□□□◆
□□□□□□□□□◆
□□□□□＿□□□□
□□□＿□□□□□□
□□□□□□＿□□□
00:58:19(104974f):field(104973f)
＿＿＿＿＿＿＿＿＿＿
＿＿＿＿＿＿＿＿＿＿
＿＿＿＿＿＿＿＿＿＿
＿＿＿＿＿＿＿＿＿＿
＿＿＿＿＿＿＿＿＿＿
＿＿＿＿＿＿＿＿＿＿
＿＿＿＿■■＿＿＿＿
＿＿＿＿■■＿＿＿＿
＿＿＿□□□□＿＿＿
＿□□□□□□＿＿＿
□□□□□□□＿＿＿
□□□□□□□□＿＿
□□□□□□□□＿＿
□□□□□□□□□＿
□□□□□□□□□＿
□□□□□□□□□＿
□□□□□□□□□＿
□□□□□＿□□□□
□□□＿□□□□□□
□□□□□□＿□□□
00:58:19(104984f):field(104983f)
＿＿＿＿＿＿＿＿＿＿
＿＿＿＿＿＿＿＿＿＿
＿＿＿＿＿＿＿＿＿＿
＿＿＿＿＿＿＿＿＿＿
＿＿＿＿＿＿＿＿＿＿
＿＿＿■■＿＿＿＿＿
＿＿＿■□□＿＿＿＿
＿＿＿■□□＿＿＿＿
＿＿＿□□□□＿＿＿
＿□□□□□□＿＿＿
□□□□□□□＿＿＿
□□□□□□□□＿＿
□□□□□□□□＿＿
□□□□□□□□□＿
□□□□□□□□□＿
□□□□□□□□□＿
□□□□□□□□□＿
□□□□□＿□□□□
□□□＿□□□□□□
□□□□□□＿□□□
00:58:19(104997f):field(104996f)
＿＿＿＿＿＿＿＿＿＿
＿＿＿＿＿＿＿＿＿＿
＿＿＿＿＿＿＿＿＿＿
＿＿＿＿＿＿＿＿＿＿
＿＿＿＿＿＿＿＿＿＿
＿＿＿□□＿＿＿＿＿
＿＿＿□□□＿＿＿＿
＿■＿□□□＿＿＿＿
■■＿□□□□＿＿＿
■□□□□□□＿＿＿
□□□□□□□＿＿＿
□□□□□□□□＿＿
□□□□□□□□＿＿
□□□□□□□□□＿
□□□□□□□□□＿
□□□□□□□□□＿
□□□□□□□□□＿
□□□□□＿□□□□
□□□＿□□□□□□
□□□□□□＿□□□
00:58:20(105009f):field(105008f)
＿＿＿＿＿＿＿＿＿＿
＿＿＿＿＿＿＿＿＿＿
＿＿＿＿＿＿＿＿＿＿
＿＿＿＿＿＿＿＿＿＿
＿＿＿＿＿＿＿＿＿＿
＿＿＿◆◆＿＿＿＿＿
＿＿＿◆◆◆＿＿＿＿
＿◆＿□□◆＿＿＿＿
◆◆＿□□□◆＿＿＿
◆□◆□□□◆＿＿＿
□□◆□□□□＿＿＿
□□□□□□□◆＿＿
□□□□□□□◆■＿
□□□□□□□□□■
□□□□□□□□□■
□□□□□□□□□＿
□□□□□□□□□＿
□□□□□＿□□□□
□□□＿□□□□□□
□□□□□□＿□□□
00:58:20(105020f):field(105019f)
＿＿＿＿＿＿＿＿＿＿
＿＿＿＿＿＿＿＿＿＿
＿＿＿＿＿＿＿＿＿＿
＿＿＿＿＿＿＿＿＿＿
＿＿＿＿＿＿＿＿＿＿
＿＿＿＿＿＿＿＿＿＿
＿＿＿＿＿＿＿＿＿＿
＿＿＿◆◆＿＿＿＿＿
＿＿＿◆◆◆＿＿＿＿
＿◆＿◆◆◆＿＿＿＿
◆◆＿◆◆◆◆＿＿＿
◆◆◆□□◆◆＿＿＿
◆□◆□□□◆＿◆＿
□□□□□□□◆◆◆
□□◆□□□□□□◆
□□□□□□□□□■
□□□□□□□◆□■
□□□□□■□□□□
□□□＿□□□□□□
□□□□□□＿□□□
00:58:21(105034f):field(105033f)
＿＿＿＿＿＿＿＿＿＿
＿＿＿＿＿＿＿＿＿＿
＿＿＿＿＿＿＿＿＿＿
＿＿＿＿＿＿＿＿＿＿
＿＿＿＿＿＿＿＿＿＿
＿＿＿＿＿＿＿＿＿＿
＿＿＿＿＿＿＿＿＿＿
＿＿＿＿＿＿＿＿＿＿
＿＿＿＿＿＿＿＿＿＿
＿＿＿＿＿＿＿＿＿＿
＿＿＿＿＿＿＿＿＿＿
＿＿＿□□＿＿＿＿＿
＿◆＿□□□＿＿＿＿
◆□◆□□□◆＿＿＿
□□＿□□□□◆◆＿
□□□□□□□□□◆
□□□□□□□■□◆
□□□□□□□□□□
□□□＿□□□□□□
□□□□□□＿□□□
00:58:21(105047f):field(105046f)
＿＿＿＿＿＿＿＿＿＿
＿＿＿＿＿＿＿＿＿＿
＿＿＿＿＿＿＿＿＿＿
＿＿＿＿＿＿＿＿＿＿
＿＿＿＿＿＿＿＿＿＿
＿＿＿＿＿＿＿＿＿＿
＿＿＿＿＿＿＿＿＿＿
＿＿＿＿＿＿＿＿＿＿
＿＿＿＿＿＿＿＿＿＿
＿＿＿＿＿＿＿＿＿＿
＿＿＿＿＿＿＿＿＿＿
■＿＿□□＿＿＿＿＿
■■＿□□□＿＿＿＿
■□＿□□□＿＿＿＿
□□＿□□□□＿＿＿
□□□□□□□□□＿
□□□□□□□□□＿
□□□□□□□□□□
□□□＿□□□□□□
□□□□□□＿□□□
00:58:22(105063f):field(105062f)
＿＿＿＿＿＿＿＿＿＿
＿＿＿＿＿＿＿＿＿＿
＿＿＿＿＿＿＿＿＿＿
＿＿＿＿＿＿＿＿＿＿
＿＿＿＿＿＿＿＿＿＿
＿＿＿＿＿＿＿＿＿＿
＿＿＿＿＿＿＿＿＿＿
＿＿＿＿＿＿＿＿＿＿
＿＿＿＿＿＿＿＿＿＿
＿＿＿＿＿＿＿＿＿＿
＿＿＿＿＿＿＿＿＿＿
◆＿＿◆◆＿＿＿＿＿
◆◆＿◆◆◆＿＿＿＿
□◆＿□□◆＿＿＿＿
□□■□□□◆＿＿＿
□□◆□□□◆◆◆＿
□□◆□□□□◆□■
□□□□□◆□□□□
□□□■□□□□□□
□□□□□□＿□□□
00:58:22(105074f):field(105073f)
＿＿＿＿＿＿＿＿＿＿
＿＿＿＿＿＿＿＿＿＿
＿＿＿＿＿＿＿＿＿＿
＿＿＿＿＿＿＿＿＿＿
＿＿＿＿＿＿＿＿＿＿
＿＿＿＿＿＿＿＿＿＿
＿＿＿＿＿＿＿＿＿＿
＿＿＿＿＿＿＿＿＿＿
＿＿＿＿＿＿＿＿＿＿
＿＿＿＿＿＿＿＿＿＿
＿＿＿＿＿＿＿＿＿＿
＿＿＿＿＿＿＿＿＿＿
＿＿＿＿＿＿＿＿＿＿
□＿＿□□＿＿＿＿＿
□□◆□□□■＿＿＿
□□＿□□□■■＿＿
□□＿□□□□■□□
□□□□□＿□□□□
□□□◆□□□□□□
□□□□□□＿□□□
00:58:22(105085f):field(105084f)
＿＿＿＿＿＿＿＿＿＿
＿＿＿＿＿＿＿＿＿＿
＿＿＿＿＿＿＿＿＿＿
＿＿＿＿＿＿＿＿＿＿
＿＿＿＿＿＿＿＿＿＿
＿＿＿＿＿＿＿＿＿＿
＿＿＿＿＿＿＿＿＿＿
＿＿＿＿＿＿＿＿＿＿
＿＿＿＿＿＿＿＿＿＿
＿＿＿＿＿＿＿＿＿＿
＿＿＿＿＿＿＿＿＿＿
＿＿＿＿＿＿＿＿＿＿
＿＿＿■■■＿＿＿＿
□＿＿□□■＿＿＿＿
□□＿□□□□＿＿＿
□□＿□□□□□＿＿
□□＿□□□□□□□
□□□□□＿□□□□
□□□＿□□□□□□
□□□□□□＿□□□
00:58:23(105098f):field(105097f)
＿＿＿＿＿＿＿＿＿＿
＿＿＿＿＿＿＿＿＿＿
＿＿＿＿＿＿＿＿＿＿
＿＿＿＿＿＿＿＿＿＿
＿＿＿＿＿＿＿＿＿＿
＿＿＿＿＿＿＿＿＿＿
＿＿＿＿＿＿＿＿＿＿
＿＿＿＿＿＿＿＿＿＿
＿＿＿＿＿＿＿＿＿＿
＿＿＿＿＿＿＿＿＿＿
＿＿＿＿＿＿＿＿＿＿
＿＿＿＿＿＿＿＿＿＿
＿＿＿◆◆◆＿＿＿＿
◆＿＿□□□＿＿＿＿
□◆■□□□◆＿＿＿
□□■□□□□◆＿＿
□□■□□□□□□◆
□□□□□＿□□□□
□□□■□□□□□□
□□□□□□＿□□□
00:58:23(105110f):field(105109f)
＿＿＿＿＿＿＿＿＿＿
＿＿＿＿＿＿＿＿＿＿
＿＿＿＿＿＿＿＿＿＿
＿＿＿＿＿＿＿＿＿＿
＿＿＿＿＿＿＿＿＿＿
＿＿＿＿＿＿＿＿＿＿
＿＿＿＿＿＿＿＿＿＿
＿＿＿＿＿＿＿＿＿＿
＿＿＿＿＿＿＿＿＿＿
＿＿＿＿＿＿＿＿＿＿
＿＿＿＿＿＿＿＿＿＿
＿＿＿＿＿＿＿＿＿＿
＿＿＿＿＿＿＿＿＿＿
＿＿＿◆◆◆＿＿＿＿
◆＿◆□□□＿＿＿＿
□◆□□□□◆■＿＿
□□□□□□□◆□■
□□□□□＿□□□□
□□□□□□□□□□
□□□□□□＿□□□
00:58:24(105126f):field(105125f)
＿＿＿＿＿＿＿＿＿＿
＿＿＿＿＿＿＿＿＿＿
＿＿＿＿＿＿＿＿＿＿
＿＿＿＿＿＿＿＿＿＿
＿＿＿＿＿＿＿＿＿＿
＿＿＿＿＿＿＿＿＿＿
＿＿＿＿＿＿＿＿＿＿
＿＿＿＿＿＿＿＿＿＿
＿＿＿＿＿＿＿＿＿＿
＿＿＿＿＿＿＿＿＿＿
＿＿＿＿＿＿＿＿＿＿
＿＿＿＿＿＿＿＿＿＿
＿＿＿＿＿＿＿＿＿＿
＿＿＿＿＿＿＿＿＿＿
■■■□□□＿＿＿＿
□■□□□□＿◆＿＿
□□□□□□□＿□□
□□□□□＿□□□□
□□□◆□□□□□□
□□□□□□＿□□□
00:58:24(105138f):field(105137f)
＿＿＿＿＿＿＿＿＿＿
＿＿＿＿＿＿＿＿＿＿
＿＿＿＿＿＿＿＿＿＿
＿＿＿＿＿＿＿＿＿＿
＿＿＿＿＿＿＿＿＿＿
＿＿＿＿＿＿＿＿＿＿
＿＿＿＿＿＿＿＿＿＿
＿＿＿＿＿＿＿＿＿＿
＿＿＿＿＿＿＿＿＿＿
＿＿＿＿＿＿＿＿＿＿
＿＿＿＿＿＿＿＿＿＿
＿＿＿＿＿＿＿＿＿＿
＿＿＿＿＿＿＿＿＿＿
＿＿＿＿＿＿＿＿＿＿
◆◆◆◆◆◆＿＿＿＿
□□□□□□＿＿＿■
□□□□□□◆■□□
□□□□□■□□□□
□□□＿□□□□□□
□□□□□□＿□□□
00:58:25(105150f):field(105149f)
＿＿＿＿＿＿＿＿＿＿
＿＿＿＿＿＿＿＿＿＿
＿＿＿＿＿＿＿＿＿＿
＿＿＿＿＿＿＿＿＿＿
＿＿＿＿＿＿＿＿＿＿
＿＿＿＿＿＿＿＿＿＿
＿＿＿＿＿＿＿＿＿＿
＿＿＿＿＿＿＿＿＿＿
＿＿＿＿＿＿＿＿＿＿
＿＿＿＿＿＿＿＿＿＿
＿＿＿＿＿＿＿＿＿＿
＿＿＿＿＿＿＿＿＿＿
＿■＿＿＿＿＿＿＿＿
■■＿＿＿＿＿＿＿＿
■＿＿＿＿＿＿＿＿＿
□□□□□□＿＿＿◆
□□□□□□＿□□□
□□□□□◆□□□□
□□□＿□□□□□□
□□□□□□＿□□□
00:58:25(105160f):field(105159f)
＿＿＿＿＿＿＿＿＿＿
＿＿＿＿＿＿＿＿＿＿
＿＿＿＿＿＿＿＿＿＿
＿＿＿＿＿＿＿＿＿＿
＿＿＿＿＿＿＿＿＿＿
＿＿＿＿＿＿＿＿＿＿
＿＿＿＿＿＿＿＿＿＿
＿＿＿＿＿＿＿＿＿＿
＿＿＿＿＿＿＿＿＿＿
＿＿＿＿＿＿＿＿＿＿
＿＿＿＿＿＿＿＿＿＿
＿＿＿＿＿＿＿＿＿＿
＿□■＿＿＿＿＿＿＿
□□■＿＿＿＿＿＿＿
□■■＿＿＿＿＿＿＿
□□□□□□＿＿＿＿
□□□□□□＿□□□
□□□□□＿□□□□
□□□＿□□□□□□
□□□□□□＿□□□
00:58:25(105171f):field(105170f)
＿＿＿＿＿＿＿＿＿＿
＿＿＿＿＿＿＿＿＿＿
＿＿＿＿＿＿＿＿＿＿
＿＿＿＿＿＿＿＿＿＿
＿＿＿＿＿＿＿＿＿＿
＿＿＿＿＿＿＿＿＿＿
＿＿＿＿＿＿＿＿＿＿
＿＿＿＿＿＿＿＿＿＿
＿＿＿＿＿＿＿＿＿＿
＿＿＿＿＿＿＿＿＿＿
＿＿＿＿＿＿＿＿＿＿
＿＿＿＿＿＿＿＿＿＿
＿□□＿＿＿＿＿＿＿
□□□＿＿＿＿＿＿＿
□□□■■■■＿＿＿
□□□□□□＿＿＿＿
□□□□□□＿□□□
□□□□□＿□□□□
□□□＿□□□□□□
□□□□□□＿□□□
00:58:26(105184f):field(105183f)
＿＿＿＿＿＿＿＿＿＿
＿＿＿＿＿＿＿＿＿＿
＿＿＿＿＿＿＿＿＿＿
＿＿＿＿＿＿＿＿＿＿
＿＿＿＿＿＿＿＿＿＿
＿＿＿＿＿＿＿＿＿＿
＿＿＿＿＿＿＿＿＿＿
＿＿＿＿＿＿＿＿＿＿
＿＿＿＿＿＿＿＿＿＿
＿＿＿＿＿＿＿＿＿＿
＿＿＿＿＿＿＿＿＿＿
＿＿＿＿＿＿＿＿＿＿
＿□□＿■■＿＿＿＿
□□□■■＿＿＿＿＿
□□□□□□□＿＿＿
□□□□□□＿＿＿＿
□□□□□□＿□□□
□□□□□＿□□□□
□□□＿□□□□□□
□□□□□□＿□□□
00:58:26(105198f):field(105197f)
＿＿＿＿＿＿＿＿＿＿
＿＿＿＿＿＿＿＿＿＿
＿＿＿＿＿＿＿＿＿＿
＿＿＿＿＿＿＿＿＿＿
＿＿＿＿＿＿＿＿＿＿
＿＿＿＿＿＿＿＿＿＿
＿＿＿＿＿＿＿＿＿＿
＿＿＿＿＿＿＿＿＿＿
＿＿＿＿＿＿＿＿＿＿
＿＿＿＿＿＿＿＿＿＿
＿＿＿＿＿＿＿＿＿＿
＿＿＿＿＿＿＿＿＿＿
＿□□＿□□＿＿＿＿
□□□□□＿＿＿＿＿
□□□□□□□■■＿
□□□□□□＿■■＿
□□□□□□＿□□□
□□□□□＿□□□□
□□□＿□□□□□□
□□□□□□＿□□□
00:58:27(105214f):field(105213f)
＿＿＿＿＿＿＿＿＿＿
＿＿＿＿＿＿＿＿＿＿
＿＿＿＿＿＿＿＿＿＿
＿＿＿＿＿＿＿＿＿＿
＿＿＿＿＿＿＿＿＿＿
＿＿＿＿＿＿＿＿＿＿
＿＿＿＿＿＿＿＿＿＿
＿＿＿＿＿＿＿＿＿＿
＿＿＿＿＿＿＿＿＿＿
＿＿＿＿＿＿＿＿＿＿
＿＿＿＿＿＿＿＿＿＿
＿＿＿■■■＿＿＿＿
＿□□■□□＿＿＿＿
□□□□□＿＿＿＿＿
□□□□□□□□□＿
□□□□□□＿□□＿
□□□□□□＿□□□
□□□□□＿□□□□
□□□＿□□□□□□
□□□□□□＿□□□
00:58:27(105226f):field(105225f)
＿＿＿＿＿＿＿＿＿＿
＿＿＿＿＿＿＿＿＿＿
＿＿＿＿＿＿＿＿＿＿
＿＿＿＿＿＿＿＿＿＿
＿＿＿＿＿＿＿＿＿＿
＿＿＿＿＿＿＿＿＿＿
＿＿＿＿＿＿＿＿＿＿
＿＿＿＿＿＿＿＿＿＿
＿＿＿＿＿＿＿＿＿＿
＿＿＿＿＿＿＿＿＿＿
＿■＿＿＿＿＿＿＿＿
■■＿□□□＿＿＿＿
■□□□□□＿＿＿＿
□□□□□＿＿＿＿＿
□□□□□□□□□＿
□□□□□□＿□□＿
□□□□□□＿□□□
□□□□□＿□□□□
□□□＿□□□□□□
□□□□□□＿□□□
00:58:27(105239f):field(105238f)
＿＿＿＿＿＿＿＿＿＿
＿＿＿＿＿＿＿＿＿＿
＿＿＿＿＿＿＿＿＿＿
＿＿＿＿＿＿＿＿＿＿
＿＿＿＿＿＿＿＿＿＿
＿＿＿＿＿＿＿＿＿＿
＿＿＿＿＿＿＿＿＿＿
＿＿＿＿＿＿＿＿＿＿
＿＿＿＿＿＿＿＿＿＿
＿＿＿＿＿＿＿＿＿＿
＿◆＿＿＿＿＿＿＿＿
◆□＿◆◆◆＿＿＿＿
□□◆□□□＿＿＿＿
□□□□□■＿＿＿■
□□□□□◆◆◆◆■
□□□□□□＿□□■
□□□□□□＿□□□
□□□□□＿□□□□
□□□＿□□□□□□
□□□□□□＿□□□
00:58:28(105258f):field(105257f)
＿＿＿＿＿＿＿＿＿＿
＿＿＿＿＿＿＿＿＿＿
＿＿＿＿＿＿＿＿＿＿
＿＿＿＿＿＿＿＿＿＿
＿＿＿＿＿＿＿＿＿＿
＿＿＿＿＿＿＿＿＿＿
＿＿＿＿＿＿＿＿＿＿
＿＿＿＿＿＿＿＿＿＿
＿＿＿＿＿＿＿＿＿＿
＿＿＿＿＿＿＿＿＿＿
＿＿＿＿＿＿＿＿＿＿
＿□＿＿＿＿＿＿＿＿
□□＿□□□■＿＿＿
□□□□□□■＿＿□
□□□□□■■＿＿□
□□□□□□＿□□□
□□□□□□＿□□□
□□□□□＿□□□□
□□□＿□□□□□□
□□□□□□＿□□□
00:58:29(105270f):field(105269f)
＿＿＿＿＿＿＿＿＿＿
＿＿＿＿＿＿＿＿＿＿
＿＿＿＿＿＿＿＿＿＿
＿＿＿＿＿＿＿＿＿＿
＿＿＿＿＿＿＿＿＿＿
＿＿＿＿＿＿＿＿＿＿
＿＿＿＿＿＿＿＿＿＿
＿＿＿＿＿＿＿＿＿＿
＿＿＿＿＿＿＿＿＿＿
＿＿＿＿＿＿＿＿＿＿
＿＿＿＿＿＿＿＿＿＿
＿◆＿＿＿＿＿＿＿＿
◆□＿◆◆◆□＿■＿
□□◆□□□□■＿◆
□□□□□□□■■□
□□□□□□＿□□□
□□□□□□＿□□□
□□□□□＿□□□□
□□□＿□□□□□□
□□□□□□＿□□□
00:58:29(105282f):field(105281f)
＿＿＿＿＿＿＿＿＿＿
＿＿＿＿＿＿＿＿＿＿
＿＿＿＿＿＿＿＿＿＿
＿＿＿＿＿＿＿＿＿＿
＿＿＿＿＿＿＿＿＿＿
＿＿＿＿＿＿＿＿＿＿
＿＿＿＿＿＿＿＿＿＿
＿＿＿＿＿＿＿＿＿＿
＿＿＿＿＿＿＿＿＿＿
＿＿＿＿＿＿＿＿＿＿
＿＿＿＿＿＿＿＿＿＿
＿＿■＿＿＿＿＿＿＿
＿□■■＿＿◆＿◆＿
□□■□□□□□＿＿
□□□□□□□◆□□
□□□□□□＿□□□
□□□□□□＿□□□
□□□□□＿□□□□
□□□＿□□□□□□
□□□□□□＿□□□
00:58:29(105293f):field(105292f)
＿＿＿＿＿＿＿＿＿＿
＿＿＿＿＿＿＿＿＿＿
＿＿＿＿＿＿＿＿＿＿
＿＿＿＿＿＿＿＿＿＿
＿＿＿＿＿＿＿＿＿＿
＿＿＿＿＿＿＿＿＿＿
＿＿＿＿＿＿＿＿＿＿
＿＿＿＿＿＿＿＿＿＿
＿＿＿＿＿＿＿＿＿＿
＿＿＿＿＿＿＿＿＿＿
＿＿＿＿＿＿＿＿＿＿
＿＿◆＿＿＿＿＿＿＿
■◆□◆＿＿＿＿■＿
◆□□□□◆◆◆■＿
□□□□□□□＿□□
□□□□□□■□□□
□□□□□□＿□□□
□□□□□＿□□□□
□□□＿□□□□□□
□□□□□□＿□□□
00:58:30(105305f):field(105304f)
＿＿＿＿＿＿＿＿＿＿
＿＿＿＿＿＿＿＿＿＿
＿＿＿＿＿＿＿＿＿＿
＿＿＿＿＿＿＿＿＿＿
＿＿＿＿＿＿＿＿＿＿
＿＿＿＿＿＿＿＿＿＿
＿＿＿＿＿＿＿＿＿＿
＿＿＿＿＿＿＿＿＿＿
＿＿＿＿＿＿＿＿＿＿
＿＿＿＿＿＿＿＿＿＿
＿＿＿＿＿＿＿＿＿＿
＿＿＿＿＿＿＿＿＿＿
◆＿□■■＿＿＿□＿
＿□□□□■＿＿□＿
□□□□□□□＿□□
□□□□□□◆□□□
□□□□□□＿□□□
□□□□□＿□□□□
□□□＿□□□□□□
□□□□□□＿□□□
00:58:30(105315f):field(105314f)
＿＿＿＿＿＿＿＿＿＿
＿＿＿＿＿＿＿＿＿＿
＿＿＿＿＿＿＿＿＿＿
＿＿＿＿＿＿＿＿＿＿
＿＿＿＿＿＿＿＿＿＿
＿＿＿＿＿＿＿＿＿＿
＿＿＿＿＿＿＿＿＿＿
＿＿＿＿＿＿＿＿＿＿
＿＿＿＿＿＿＿＿＿＿
＿＿＿＿＿＿＿＿＿＿
＿＿＿＿＿＿＿＿＿＿
＿＿＿■■■＿＿＿＿
＿＿□□□■＿＿□＿
＿□□□□□＿＿□＿
□□□□□□□＿□□
□□□□□□＿□□□
□□□□□□＿□□□
□□□□□＿□□□□
□□□＿□□□□□□
□□□□□□＿□□□
00:58:30(105328f):field(105327f)
＿＿＿＿＿＿＿＿＿＿
＿＿＿＿＿＿＿＿＿＿
＿＿＿＿＿＿＿＿＿＿
＿＿＿＿＿＿＿＿＿＿
＿＿＿＿＿＿＿＿＿＿
＿＿＿＿＿＿＿＿＿＿
＿＿＿＿＿＿＿＿＿＿
＿＿＿＿＿＿＿＿＿＿
＿＿＿＿＿＿＿＿＿＿
＿＿＿■■＿＿＿＿＿
＿＿＿■■＿＿＿＿＿
＿＿＿□□□＿＿＿＿
＿＿□□□□＿＿□＿
＿□□□□□＿＿□＿
□□□□□□□＿□□
□□□□□□＿□□□
□□□□□□＿□□□
□□□□□＿□□□□
□□□＿□□□□□□
□□□□□□＿□□□
00:58:31(105341f):field(105340f)
＿＿＿＿＿＿＿＿＿＿
＿＿＿＿＿＿＿＿＿＿
＿＿＿＿＿＿＿＿＿＿
＿＿＿＿＿＿＿＿＿＿
＿＿＿＿＿＿＿＿＿＿
＿＿＿＿＿＿＿＿＿＿
＿＿＿＿＿＿＿＿＿＿
＿＿＿＿＿＿＿＿＿＿
＿＿＿＿＿＿＿＿＿＿
＿＿＿□□＿＿＿＿＿
＿＿＿□□＿＿＿＿＿
■＿＿□□□＿＿＿＿
■■□□□□＿＿□＿
■□□□□□＿＿□＿
□□□□□□□＿□□
□□□□□□＿□□□
□□□□□□＿□□□
□□□□□＿□□□□
□□□＿□□□□□□
□□□□□□＿□□□
00:58:31(105353f):field(105352f)
＿＿＿＿＿＿＿＿＿＿
＿＿＿＿＿＿＿＿＿＿
＿＿＿＿＿＿＿＿＿＿
＿＿＿＿＿＿＿＿＿＿
＿＿＿＿＿＿＿＿＿＿
＿＿＿＿＿＿＿＿＿＿
＿＿＿＿＿＿＿＿＿＿
＿＿＿＿＿＿＿＿＿＿
＿＿＿＿＿＿＿＿＿＿
＿＿＿◆◆＿＿＿＿＿
＿＿＿□□＿＿＿＿＿
◆＿＿□□◆＿＿＿＿
□◆◆□□□＿＿◆＿
□□□□□□■＿□＿
□□□□□□□■□□
□□□□□□＿□□□
□□□□□□＿□□□
□□□□□＿□□□□
□□□＿□□□□□□
□□□□□□＿□□□
00:58:32(105367f):field(105366f)
＿＿＿＿＿＿＿＿＿＿
＿＿＿＿＿＿＿＿＿＿
＿＿＿＿＿＿＿＿＿＿
＿＿＿＿＿＿＿＿＿＿
＿＿＿＿＿＿＿＿＿＿
＿＿＿＿＿＿＿＿＿＿
＿＿＿＿＿＿＿＿＿＿
＿＿＿＿＿＿＿＿＿＿
＿＿＿＿＿＿＿＿＿＿
＿＿＿＿＿＿＿＿＿＿
＿＿＿◆◆＿＿＿＿＿
＿＿＿□□＿＿＿＿＿
◆＿＿□□◆＿＿＿＿
□◆□□□□◆■□■
□□□□□□□◆□□
□□□□□□＿□□□
□□□□□□＿□□□
□□□□□＿□□□□
□□□＿□□□□□□
□□□□□□＿□□□
00:58:32(105380f):field(105379f)
＿＿＿＿＿＿＿＿＿＿
＿＿＿＿＿＿＿＿＿＿
＿＿＿＿＿＿＿＿＿＿
＿＿＿＿＿＿＿＿＿＿
＿＿＿＿＿＿＿＿＿＿
＿＿＿＿＿＿＿＿＿＿
＿＿＿＿＿＿＿＿＿＿
＿＿＿＿＿＿＿＿＿＿
＿＿＿＿＿＿＿＿＿＿
＿＿＿＿＿＿＿＿＿＿
＿＿＿＿＿＿＿＿＿＿
＿＿＿◆◆＿＿＿＿＿
＿＿＿□□＿＿＿＿＿
◆＿◆□□◆＿□□◆
□◆◆□□□□■□□
□□□□□□＿□□□
□□□□□□■□□□
□□□□□＿□□□□
□□□＿□□□□□□
□□□□□□＿□□□
00:58:33(105391f):field(105390f)
＿＿＿＿＿＿＿＿＿＿
＿＿＿＿＿＿＿＿＿＿
＿＿＿＿＿＿＿＿＿＿
＿＿＿＿＿＿＿＿＿＿
＿＿＿＿＿＿＿＿＿＿
＿＿＿＿＿＿＿＿＿＿
＿＿＿＿＿＿＿＿＿＿
＿＿＿＿＿＿＿＿＿＿
＿＿＿＿＿＿＿＿＿＿
＿＿＿＿＿＿＿＿＿＿
＿＿＿＿＿＿＿＿＿＿
＿＿＿＿＿＿＿＿＿＿
＿＿＿□□＿＿＿＿＿
＿■■□□＿＿□□＿
□■■□□□◆□□□
□□□□□□＿□□□
□□□□□□◆□□□
□□□□□＿□□□□
□□□＿□□□□□□
□□□□□□＿□□□
00:58:33(105402f):field(105401f)
＿＿＿＿＿＿＿＿＿＿
＿＿＿＿＿＿＿＿＿＿
＿＿＿＿＿＿＿＿＿＿
＿＿＿＿＿＿＿＿＿＿
＿＿＿＿＿＿＿＿＿＿
＿＿＿＿＿＿＿＿＿＿
＿＿＿＿＿＿＿＿＿＿
＿＿＿＿＿＿＿＿＿＿
＿＿＿＿＿＿＿＿＿＿
＿＿＿＿＿＿＿＿＿＿
＿＿＿＿＿＿＿＿＿＿
■＿＿＿＿＿＿＿＿＿
■■＿□□＿＿＿＿＿
■□□□□＿＿□□＿
□□□□□□＿□□□
□□□□□□＿□□□
□□□□□□＿□□□
□□□□□＿□□□□
□□□＿□□□□□□
□□□□□□＿□□□
00:58:33(105415f):field(105414f)
＿＿＿＿＿＿＿＿＿＿
＿＿＿＿＿＿＿＿＿＿
＿＿＿＿＿＿＿＿＿＿
＿＿＿＿＿＿＿＿＿＿
＿＿＿＿＿＿＿＿＿＿
＿＿＿＿＿＿＿＿＿＿
＿＿＿＿＿＿＿＿＿＿
＿＿＿＿＿＿＿＿＿＿
＿＿＿＿＿＿＿＿＿＿
＿＿＿＿＿＿＿＿＿＿
＿■＿＿＿＿＿＿＿＿
□■■＿＿＿＿＿＿＿
□□■□□＿＿＿＿＿
□□□□□＿＿□□＿
□□□□□□＿□□□
□□□□□□＿□□□
□□□□□□＿□□□
□□□□□＿□□□□
□□□＿□□□□□□
□□□□□□＿□□□
00:58:34(105426f):field(105425f)
＿＿＿＿＿＿＿＿＿＿
＿＿＿＿＿＿＿＿＿＿
＿＿＿＿＿＿＿＿＿＿
＿＿＿＿＿＿＿＿＿＿
＿＿＿＿＿＿＿＿＿＿
＿＿＿＿＿＿＿＿＿＿
＿＿＿＿＿＿＿＿＿＿
＿＿＿＿＿＿＿＿＿＿
＿＿＿＿＿＿＿＿＿＿
＿＿＿＿＿＿＿＿＿＿
＿◆＿＿＿＿＿＿＿＿
◆◆◆＿＿＿＿＿＿＿
◆□◆◆◆＿＿＿＿＿
□□□□◆■＿◆◆＿
□□□□□◆＿◆◆◆
□□□□□□■□□□
□□□□□□＿□□□
□□□□□＿□□□□
□□□＿□□□□□□
□□□□□□＿□□□
00:58:34(105437f):field(105436f)
＿＿＿＿＿＿＿＿＿＿
＿＿＿＿＿＿＿＿＿＿
＿＿＿＿＿＿＿＿＿＿
＿＿＿＿＿＿＿＿＿＿
＿＿＿＿＿＿＿＿＿＿
＿＿＿＿＿＿＿＿＿＿
＿＿＿＿＿＿＿＿＿＿
＿＿＿＿＿＿＿＿＿＿
＿＿＿＿＿＿＿＿＿＿
＿＿＿＿＿＿＿＿＿＿
＿＿＿＿＿＿＿＿＿＿
＿＿＿＿＿＿＿＿＿＿
＿□■■＿＿＿＿＿＿
□□□□■◆＿＿＿＿
□□□□□＿＿＿＿＿
□□□□□□□□□◆
□□□□□□＿□□□
□□□□□＿□□□□
□□□＿□□□□□□
□□□□□□＿□□□
00:58:35(105457f):field(105456f)
＿＿＿＿＿＿＿＿＿＿
＿＿＿＿＿＿＿＿＿＿
＿＿＿＿＿＿＿＿＿＿
＿＿＿＿＿＿＿＿＿＿
＿＿＿＿＿＿＿＿＿＿
＿＿＿＿＿＿＿＿＿＿
＿＿＿＿＿＿＿＿＿＿
＿＿＿＿＿＿＿＿＿＿
＿＿＿＿＿＿＿＿＿＿
＿＿＿＿＿＿＿＿＿＿
＿＿＿＿＿＿＿＿＿＿
＿＿＿＿＿＿＿＿＿＿
＿□□□＿＿＿＿＿＿
□□□□□■■＿＿＿
□□□□□■■＿＿＿
□□□□□□□□□＿
□□□□□□＿□□□
□□□□□＿□□□□
□□□＿□□□□□□
□□□□□□＿□□□
00:58:35(105468f):field(105467f)
＿＿＿＿＿＿＿＿＿＿
＿＿＿＿＿＿＿＿＿＿
＿＿＿＿＿＿＿＿＿＿
＿＿＿＿＿＿＿＿＿＿
＿＿＿＿＿＿＿＿＿＿
＿＿＿＿＿＿＿＿＿＿
＿＿＿＿＿＿＿＿＿＿
＿＿＿＿＿＿＿＿＿＿
＿＿＿＿＿＿＿＿＿＿
＿＿＿＿＿＿＿＿＿＿
＿＿＿＿＿＿＿＿＿＿
＿＿＿＿＿＿＿＿＿＿
＿◆◆◆＿＿＿＿＿＿
◆□□□◆◆◆＿＿■
□□□□□□□＿＿■
□□□□□□□□◆■
□□□□□□＿□□□
□□□□□■□□□□
□□□＿□□□□□□
□□□□□□＿□□□
00:58:35(105479f):field(105478f)
＿＿＿＿＿＿＿＿＿＿
＿＿＿＿＿＿＿＿＿＿
＿＿＿＿＿＿＿＿＿＿
＿＿＿＿＿＿＿＿＿＿
＿＿＿＿＿＿＿＿＿＿
＿＿＿＿＿＿＿＿＿＿
＿＿＿＿＿＿＿＿＿＿
＿＿＿＿＿＿＿＿＿＿
＿＿＿＿＿＿＿＿＿＿
＿＿＿＿＿＿＿＿＿＿
＿＿＿＿＿＿＿＿＿＿
＿＿＿＿＿＿＿＿＿＿
＿＿＿＿＿＿＿＿＿＿
＿◆◆◆＿＿＿■＿◆
◆□□□◆□◆＿■□
□□□□□□□◆■□
□□□□□□■□□□
□□□□□◆□□□□
□□□＿□□□□□□
□□□□□□＿□□□
00:58:36(105491f):field(105490f)
＿＿＿＿＿＿＿＿＿＿
＿＿＿＿＿＿＿＿＿＿
＿＿＿＿＿＿＿＿＿＿
＿＿＿＿＿＿＿＿＿＿
＿＿＿＿＿＿＿＿＿＿
＿＿＿＿＿＿＿＿＿＿
＿＿＿＿＿＿＿＿＿＿
＿＿＿＿＿＿＿＿＿＿
＿＿＿＿＿＿＿＿＿＿
＿＿＿＿＿＿＿＿＿＿
＿＿＿＿＿＿＿＿＿＿
＿＿＿＿＿＿＿＿＿＿
＿＿＿＿■＿＿＿＿＿
＿＿＿＿■＿＿◆＿＿
＿□□□■□＿＿□□
□□□□□□□＿□□
□□□□□□◆□□□
□□□□□＿□□□□
□□□＿□□□□□□
□□□□□□＿□□□
00:58:36(105504f):field(105503f)
＿＿＿＿＿＿＿＿＿＿
＿＿＿＿＿＿＿＿＿＿
＿＿＿＿＿＿＿＿＿＿
＿＿＿＿＿＿＿＿＿＿
＿＿＿＿＿＿＿＿＿＿
＿＿＿＿＿＿＿＿＿＿
＿＿＿＿＿＿＿＿＿＿
＿＿＿＿＿＿＿＿＿＿
＿＿＿＿＿＿＿＿＿＿
＿＿＿＿＿＿＿＿＿＿
＿＿＿＿＿＿＿＿＿＿
＿＿＿＿＿＿＿＿＿＿
＿■＿＿□＿＿＿＿＿
■■＿＿□＿＿＿＿＿
■□□□□□＿＿□□
□□□□□□□＿□□
□□□□□□＿□□□
□□□□□＿□□□□
□□□＿□□□□□□
□□□□□□＿□□□
00:58:37(105514f):field(105513f)
＿＿＿＿＿＿＿＿＿＿
＿＿＿＿＿＿＿＿＿＿
＿＿＿＿＿＿＿＿＿＿
＿＿＿＿＿＿＿＿＿＿
＿＿＿＿＿＿＿＿＿＿
＿＿＿＿＿＿＿＿＿＿
＿＿＿＿＿＿＿＿＿＿
＿＿＿＿＿＿＿＿＿＿
＿＿＿＿＿＿＿＿＿＿
＿＿＿＿＿＿＿＿＿＿
＿＿＿＿＿＿＿＿＿＿
＿＿＿＿＿＿＿＿＿＿
＿◆＿＿◆＿＿＿＿＿
◆□＿＿◆＿■＿＿■
◆□□◆□□＿■◆◆
□□◆◆□□□■◆□
□□□□□□＿□□□
□□□□□＿□□□□
□□□＿□□□□□□
□□□□□□＿□□□
00:58:37(105526f):field(105525f)
＿＿＿＿＿＿＿＿＿＿
＿＿＿＿＿＿＿＿＿＿
＿＿＿＿＿＿＿＿＿＿
＿＿＿＿＿＿＿＿＿＿
＿＿＿＿＿＿＿＿＿＿
＿＿＿＿＿＿＿＿＿＿
＿＿＿＿＿＿＿＿＿＿
＿＿＿＿＿＿＿＿＿＿
＿＿＿＿＿＿＿＿＿＿
＿＿＿＿＿＿＿＿＿＿
＿＿＿＿＿＿＿＿＿＿
＿＿＿＿＿＿＿＿＿＿
＿＿＿＿＿■＿＿＿＿
＿◆＿＿＿■◆＿＿◆
＿□◆＿□□＿◆＿＿
□□＿＿□□□◆＿◆
□□□□□□＿□□□
□□□□□＿□□□□
□□□＿□□□□□□
□□□□□□＿□□□
00:58:37(105537f):field(105536f)
＿＿＿＿＿＿＿＿＿＿
＿＿＿＿＿＿＿＿＿＿
＿＿＿＿＿＿＿＿＿＿
＿＿＿＿＿＿＿＿＿＿
＿＿＿＿＿＿＿＿＿＿
＿＿＿＿＿＿＿＿＿＿
＿＿＿＿＿＿＿＿＿＿
＿＿＿＿＿＿＿＿＿＿
＿＿＿＿＿＿＿＿＿＿
＿＿＿＿＿＿＿＿＿＿
＿＿＿＿＿＿＿＿＿＿
＿＿＿＿＿＿＿＿＿＿
＿＿＿＿＿□＿＿＿＿
＿＿＿＿＿□＿＿＿＿
＿□■■□□＿＿＿＿
□□■■□□□＿＿＿
□□□□□□＿□□□
□□□□□＿□□□□
□□□＿□□□□□□
□□□□□□＿□□□
00:58:38(105550f):field(105549f)
＿＿＿＿＿＿＿＿＿＿
＿＿＿＿＿＿＿＿＿＿
＿＿＿＿＿＿＿＿＿＿
＿＿＿＿＿＿＿＿＿＿
＿＿＿＿＿＿＿＿＿＿
＿＿＿＿＿＿＿＿＿＿
＿＿＿＿＿＿＿＿＿＿
＿＿＿＿＿＿＿＿＿＿
＿＿＿＿＿＿＿＿＿＿
＿＿＿＿＿＿＿＿＿＿
＿＿＿＿＿＿＿＿＿＿
＿＿＿＿＿＿＿＿＿＿
■■＿＿＿□＿＿＿＿
■＿＿＿＿□＿＿＿＿
■□□□□□＿＿＿＿
□□□□□□□＿＿＿
□□□□□□＿□□□
□□□□□＿□□□□
□□□＿□□□□□□
□□□□□□＿□□□
00:58:38(105560f):field(105559f)
＿＿＿＿＿＿＿＿＿＿
＿＿＿＿＿＿＿＿＿＿
＿＿＿＿＿＿＿＿＿＿
＿＿＿＿＿＿＿＿＿＿
＿＿＿＿＿＿＿＿＿＿
＿＿＿＿＿＿＿＿＿＿
＿＿＿＿＿＿＿＿＿＿
＿＿＿＿＿＿＿＿＿＿
＿＿＿＿＿＿＿＿＿＿
＿＿＿＿＿＿＿＿＿＿
＿＿＿＿＿＿＿＿＿＿
＿＿＿＿＿＿＿＿＿＿
□□＿■＿□＿＿＿＿
□■■■＿□＿＿＿＿
□□□□□□＿＿＿＿
□□□□□□□＿＿＿
□□□□□□＿□□□
□□□□□＿□□□□
□□□＿□□□□□□
□□□□□□＿□□□
00:58:39(105578f):field(105577f)
＿＿＿＿＿＿＿＿＿＿
＿＿＿＿＿＿＿＿＿＿
＿＿＿＿＿＿＿＿＿＿
＿＿＿＿＿＿＿＿＿＿
＿＿＿＿＿＿＿＿＿＿
＿＿＿＿＿＿＿＿＿＿
＿＿＿＿＿＿＿＿＿＿
＿＿＿＿＿＿＿＿＿＿
＿＿＿＿＿＿＿＿＿＿
＿＿＿＿＿＿＿＿＿＿
＿＿＿＿＿＿＿＿＿＿
＿＿＿＿＿＿＿＿＿＿
□□＿□＿□＿＿＿＿
□□□□＿□＿＿＿＿
□□□□□□■■＿＿
□□□□□□□■■＿
□□□□□□＿□□□
□□□□□＿□□□□
□□□＿□□□□□□
□□□□□□＿□□□
00:58:39(105590f):field(105589f)
＿＿＿＿＿＿＿＿＿＿
＿＿＿＿＿＿＿＿＿＿
＿＿＿＿＿＿＿＿＿＿
＿＿＿＿＿＿＿＿＿＿
＿＿＿＿＿＿＿＿＿＿
＿＿＿＿＿＿＿＿＿＿
＿＿＿＿＿＿＿＿＿＿
＿＿＿＿＿＿＿＿＿＿
＿＿＿＿＿＿＿＿＿＿
＿＿＿＿＿＿＿＿＿＿
＿＿＿＿■＿＿＿＿＿
＿＿＿＿■＿＿＿＿＿
□□＿□■□＿＿＿＿
□□□□■□＿＿＿＿
□□□□□□□□＿＿
□□□□□□□□□＿
□□□□□□＿□□□
□□□□□＿□□□□
□□□＿□□□□□□
□□□□□□＿□□□
00:58:40(105602f):field(105601f)
＿＿＿＿＿＿＿＿＿＿
＿＿＿＿＿＿＿＿＿＿
＿＿＿＿＿＿＿＿＿＿
＿＿＿＿＿＿＿＿＿＿
＿＿＿＿＿＿＿＿＿＿
＿＿＿＿＿＿＿＿＿＿
＿＿＿＿＿＿＿＿＿＿
＿＿＿＿＿＿＿＿＿＿
＿＿＿＿＿＿＿＿＿＿
＿＿＿＿＿＿＿＿＿＿
＿＿＿＿◆＿＿＿＿＿
＿＿＿＿◆＿＿＿＿＿
◆◆＿◆□◆＿＿＿＿
◆□◆◆□◆＿■■＿
□□□□□□◆◆■＿
□□□□□□□◆◆■
□□□□□□＿□□□
□□□□□＿□□□□
□□□＿□□□□□□
□□□□□□＿□□□
00:58:40(105614f):field(105613f)
＿＿＿＿＿＿＿＿＿＿
＿＿＿＿＿＿＿＿＿＿
＿＿＿＿＿＿＿＿＿＿
＿＿＿＿＿＿＿＿＿＿
＿＿＿＿＿＿＿＿＿＿
＿＿＿＿＿＿＿＿＿＿
＿＿＿＿＿＿＿＿＿＿
＿＿＿＿＿＿＿＿＿＿
＿＿＿＿＿＿＿＿＿＿
＿＿＿＿＿＿＿＿＿＿
＿＿＿＿＿＿＿＿＿＿
＿＿＿＿＿＿＿＿＿＿
■■＿＿□＿＿＿＿＿
■□＿＿□＿＿◆◆＿
□□◆□□□＿＿◆＿
□□□□□□◆＿＿□
□□□□□□＿□□□
□□□□□＿□□□□
□□□＿□□□□□□
□□□□□□＿□□□
00:58:40(105627f):field(105626f)
＿＿＿＿＿＿＿＿＿＿
＿＿＿＿＿＿＿＿＿＿
＿＿＿＿＿＿＿＿＿＿
＿＿＿＿＿＿＿＿＿＿
＿＿＿＿＿＿＿＿＿＿
＿＿＿＿＿＿＿＿＿＿
＿＿＿＿＿＿＿＿＿＿
＿＿＿＿＿＿＿＿＿＿
＿＿＿＿＿＿＿＿＿＿
＿＿＿＿＿＿＿＿＿＿
＿＿＿＿＿＿＿＿＿＿
＿＿＿＿＿＿＿＿＿＿
□□＿＿□＿＿＿＿＿
□□＿＿□＿＿＿＿＿
□□＿□□□＿＿■■
□□□□□□＿■■□
□□□□□□＿□□□
□□□□□＿□□□□
□□□＿□□□□□□
□□□□□□＿□□□
00:58:41(105646f):field(105645f)
＿＿＿＿＿＿＿＿＿＿
＿＿＿＿＿＿＿＿＿＿
＿＿＿＿＿＿＿＿＿＿
＿＿＿＿＿＿＿＿＿＿
＿＿＿＿＿＿＿＿＿＿
＿＿＿＿＿＿＿＿＿＿
＿＿＿＿＿＿＿＿＿＿
＿＿＿＿＿＿＿＿＿＿
＿＿＿＿＿＿＿＿＿＿
＿＿＿＿＿＿＿＿＿＿
＿＿＿＿＿＿＿＿＿＿
＿＿＿＿＿＿＿＿＿＿
□□＿＿□＿＿＿＿＿
□□＿＿□＿＿■■■
□□＿□□□＿■□□
□□□□□□＿□□□
□□□□□□＿□□□
□□□□□＿□□□□
□□□＿□□□□□□
□□□□□□＿□□□
00:58:42(105660f):field(105659f)
＿＿＿＿＿＿＿＿＿＿
＿＿＿＿＿＿＿＿＿＿
＿＿＿＿＿＿＿＿＿＿
＿＿＿＿＿＿＿＿＿＿
＿＿＿＿＿＿＿＿＿＿
＿＿＿＿＿＿＿＿＿＿
＿＿＿＿＿＿＿＿＿＿
＿＿＿＿＿＿＿＿＿＿
＿＿＿＿＿＿＿＿＿＿
＿＿＿＿＿＿＿＿＿＿
＿＿＿＿＿＿＿＿＿＿
＿＿＿＿■■■＿＿＿
□□＿＿□＿■＿＿＿
□□＿＿□＿＿□□□
□□＿□□□＿□□□
□□□□□□＿□□□
□□□□□□＿□□□
□□□□□＿□□□□
□□□＿□□□□□□
□□□□□□＿□□□
00:58:42(105673f):field(105672f)
＿＿＿＿＿＿＿＿＿＿
＿＿＿＿＿＿＿＿＿＿
＿＿＿＿＿＿＿＿＿＿
＿＿＿＿＿＿＿＿＿＿
＿＿＿＿＿＿＿＿＿＿
＿＿＿＿＿＿＿＿＿＿
＿＿＿＿＿＿＿＿＿＿
＿＿＿＿＿＿＿＿＿＿
＿＿＿＿＿＿＿＿＿＿
＿＿＿＿＿＿＿＿＿＿
＿＿＿＿＿＿＿＿＿＿
＿＿＿＿□□□＿＿＿
□□■＿□＿□＿＿＿
□□■■□＿＿□□□
□□■□□□＿□□□
□□□□□□＿□□□
□□□□□□＿□□□
□□□□□＿□□□□
□□□＿□□□□□□
□□□□□□＿□□□
00:58:42(105685f):field(105684f)
＿＿＿＿＿＿＿＿＿＿
＿＿＿＿＿＿＿＿＿＿
＿＿＿＿＿＿＿＿＿＿
＿＿＿＿＿＿＿＿＿＿
＿＿＿＿＿＿＿＿＿＿
＿＿＿＿＿＿＿＿＿＿
＿＿＿＿＿＿＿＿＿＿
＿＿＿＿＿＿＿＿＿＿
＿＿＿＿＿＿＿＿＿＿
＿＿＿＿＿＿＿＿＿＿
■■＿＿＿＿＿＿＿＿
■■＿＿□□□＿＿＿
□□□＿□＿□＿＿＿
□□□□□＿＿□□□
□□□□□□＿□□□
□□□□□□＿□□□
□□□□□□＿□□□
□□□□□＿□□□□
□□□＿□□□□□□
□□□□□□＿□□□
00:58:43(105696f):field(105695f)
＿＿＿＿＿＿＿＿＿＿
＿＿＿＿＿＿＿＿＿＿
＿＿＿＿＿＿＿＿＿＿
＿＿＿＿＿＿＿＿＿＿
＿＿＿＿＿＿＿＿＿＿
＿＿＿＿＿＿＿＿＿＿
＿＿＿＿＿＿＿＿＿＿
＿＿＿＿＿＿＿＿＿＿
＿＿＿＿＿＿＿＿＿＿
＿＿＿＿＿＿＿＿＿＿
□□■＿＿＿＿＿＿＿
□□■■□□□＿＿＿
□□□■□＿□＿＿＿
□□□□□＿＿□□□
□□□□□□＿□□□
□□□□□□＿□□□
□□□□□□＿□□□
□□□□□＿□□□□
□□□＿□□□□□□
□□□□□□＿□□□
00:58:43(105709f):field(105708f)
＿＿＿＿＿＿＿＿＿＿
＿＿＿＿＿＿＿＿＿＿
＿＿＿＿＿＿＿＿＿＿
＿＿＿＿＿＿＿＿＿＿
＿＿＿＿＿＿＿＿＿＿
＿＿＿＿＿＿＿＿＿＿
＿＿＿＿＿＿＿＿＿＿
＿＿＿＿＿＿＿＿＿＿
＿＿＿＿＿＿＿＿＿＿
＿＿＿＿＿＿＿＿＿■
□□□＿＿＿＿＿＿■
□□□□□□□＿＿■
□□□□□＿□＿＿■
□□□□□＿＿□□□
□□□□□□＿□□□
□□□□□□＿□□□
□□□□□□＿□□□
□□□□□＿□□□□
□□□＿□□□□□□
□□□□□□＿□□□
00:58:44(105721f):field(105720f)
＿＿＿＿＿＿＿＿＿＿
＿＿＿＿＿＿＿＿＿＿
＿＿＿＿＿＿＿＿＿＿
＿＿＿＿＿＿＿＿＿＿
＿＿＿＿＿＿＿＿＿＿
＿＿＿＿＿＿＿＿＿＿
＿＿＿＿＿＿＿＿＿＿
＿＿＿＿＿＿＿＿＿＿
＿＿＿＿＿＿＿＿＿＿
＿＿＿＿＿＿＿＿＿□
□□□＿＿＿＿■＿□
□□□□□□□■＿□
□□□□□＿□■■□
□□□□□＿＿□□□
□□□□□□＿□□□
□□□□□□＿□□□
□□□□□□＿□□□
□□□□□＿□□□□
□□□＿□□□□□□
□□□□□□＿□□□
00:58:44(105732f):field(105731f)
＿＿＿＿＿＿＿＿＿＿
＿＿＿＿＿＿＿＿＿＿
＿＿＿＿＿＿＿＿＿＿
＿＿＿＿＿＿＿＿＿＿
＿＿＿＿＿＿＿＿＿＿
＿＿＿＿＿＿＿＿＿＿
＿＿＿＿＿＿＿＿＿＿
＿＿＿＿＿＿＿＿＿＿
＿＿＿＿＿＿＿＿＿＿
＿＿＿＿＿■＿＿＿□
□□□＿■■■□＿□
□□□□□□□□＿□
□□□□□＿□□□□
□□□□□＿＿□□□
□□□□□□＿□□□
□□□□□□＿□□□
□□□□□□＿□□□
□□□□□＿□□□□
□□□＿□□□□□□
□□□□□□＿□□□
00:58:44(105747f):field(105746f)
＿＿＿＿＿＿＿＿＿＿
＿＿＿＿＿＿＿＿＿＿
＿＿＿＿＿＿＿＿＿＿
＿＿＿＿＿＿＿＿＿＿
＿＿＿＿＿＿＿＿＿＿
＿＿＿＿＿＿＿＿＿＿
＿＿＿＿＿＿＿＿＿＿
＿＿＿＿＿＿＿＿＿＿
＿＿＿＿＿＿＿＿＿＿
＿■■■＿□＿＿＿□
□□□■□□□□＿□
□□□□□□□□＿□
□□□□□＿□□□□
□□□□□＿＿□□□
□□□□□□＿□□□
□□□□□□＿□□□
□□□□□□＿□□□
□□□□□＿□□□□
□□□＿□□□□□□
□□□□□□＿□□□
00:58:45(105758f):field(105757f)
＿＿＿＿＿＿＿＿＿＿
＿＿＿＿＿＿＿＿＿＿
＿＿＿＿＿＿＿＿＿＿
＿＿＿＿＿＿＿＿＿＿
＿＿＿＿＿＿＿＿＿＿
＿＿＿＿＿＿＿＿＿＿
＿＿＿＿＿＿＿＿＿＿
＿＿＿＿＿■＿＿＿＿
＿＿＿＿■■＿＿＿＿
＿□□□■□＿＿＿□
□□□□□□□□＿□
□□□□□□□□＿□
□□□□□＿□□□□
□□□□□＿＿□□□
□□□□□□＿□□□
□□□□□□＿□□□
□□□□□□＿□□□
□□□□□＿□□□□
□□□＿□□□□□□
□□□□□□＿□□□
00:58:45(105772f):field(105771f)
＿＿＿＿＿＿＿＿＿＿
＿＿＿＿＿＿＿＿＿＿
＿＿＿＿＿＿＿＿＿＿
＿＿＿＿＿＿＿＿＿＿
＿＿＿＿＿＿＿＿＿＿
＿＿＿＿＿＿＿＿＿＿
＿＿＿＿＿＿＿＿＿＿
＿＿＿＿＿◆＿＿＿＿
＿＿＿＿◆◆＿＿＿＿
＿□◆□◆□＿＿＿□
◆□◆◆□□◆◆■□
◆□□□□□◆□■□
□□□□□■□□□□
□□□□□＿■□□□
□□□□□□＿□□□
□□□□□□＿□□□
□□□□□□＿□□□
□□□□□＿□□□□
□□□＿□□□□□□
□□□□□□＿□□□
00:58:46(105785f):field(105784f)
＿＿＿＿＿＿＿＿＿＿
＿＿＿＿＿＿＿＿＿＿
＿＿＿＿＿＿＿＿＿＿
＿＿＿＿＿＿＿＿＿＿
＿＿＿＿＿＿＿＿＿＿
＿＿＿＿＿＿＿＿＿＿
＿＿＿＿＿＿＿＿＿＿
＿＿＿＿＿＿＿＿＿＿
＿＿＿＿＿＿＿＿＿＿
＿◆＿◆＿□＿＿＿◆
■□■＿□□＿＿□◆
■□□□□□＿◆□□
□□□□□◆□□□□
□□□□□＿◆□□□
□□□□□□＿□□□
□□□□□□＿□□□
□□□□□□＿□□□
□□□□□＿□□□□
□□□＿□□□□□□
□□□□□□＿□□□
00:58:46(105795f):field(105794f)
＿＿＿＿＿＿＿＿＿＿
＿＿＿＿＿＿＿＿＿＿
＿＿＿＿＿＿＿＿＿＿
＿＿＿＿＿＿＿＿＿＿
＿＿＿＿＿＿＿＿＿＿
＿＿＿＿＿＿＿＿＿＿
＿＿＿＿＿＿＿＿＿＿
＿＿＿＿＿＿＿＿＿＿
＿＿■＿＿＿＿＿＿＿
＿＿■■＿□＿＿＿＿
□□□■□□＿＿□＿
□□□□□□＿＿□□
□□□□□＿□□□□
□□□□□＿＿□□□
□□□□□□＿□□□
□□□□□□＿□□□
□□□□□□＿□□□
□□□□□＿□□□□
□□□＿□□□□□□
□□□□□□＿□□□
00:58:46(105806f):field(105805f)
＿＿＿＿＿＿＿＿＿＿
＿＿＿＿＿＿＿＿＿＿
＿＿＿＿＿＿＿＿＿＿
＿＿＿＿＿＿＿＿＿＿
＿＿＿＿＿＿＿＿＿＿
＿＿＿＿＿＿＿＿＿＿
＿＿＿＿＿＿＿＿＿＿
＿＿＿＿＿＿＿＿＿＿
＿＿□■■■＿＿＿＿
＿＿□□■□＿＿＿＿
□□□□□□＿＿□＿
□□□□□□＿＿□□
□□□□□＿□□□□
□□□□□＿＿□□□
□□□□□□＿□□□
□□□□□□＿□□□
□□□□□□＿□□□
□□□□□＿□□□□
□□□＿□□□□□□
□□□□□□＿□□□
00:58:47(105818f):field(105817f)
＿＿＿＿＿＿＿＿＿＿
＿＿＿＿＿＿＿＿＿＿
＿＿＿＿＿＿＿＿＿＿
＿＿＿＿＿＿＿＿＿＿
＿＿＿＿＿＿＿＿＿＿
＿＿＿＿＿＿＿＿＿＿
＿＿＿＿＿＿＿＿＿＿
＿＿＿＿＿＿＿＿＿＿
＿＿◆◆◆◆＿＿＿＿
＿＿□□□□＿＿＿＿
◆□□□□□■＿◆＿
□□□□□□■■□◆
□□□□□■□□□□
□□□□□■■□□□
□□□□□□＿□□□
□□□□□□＿□□□
□□□□□□＿□□□
□□□□□＿□□□□
□□□＿□□□□□□
□□□□□□＿□□□
00:58:47(105832f):field(105831f)
＿＿＿＿＿＿＿＿＿＿
＿＿＿＿＿＿＿＿＿＿
＿＿＿＿＿＿＿＿＿＿
＿＿＿＿＿＿＿＿＿＿
＿＿＿＿＿＿＿＿＿＿
＿＿＿＿＿＿＿＿＿＿
＿＿＿＿■＿＿＿＿＿
＿＿＿■■＿＿＿＿＿
＿＿＿■＿＿＿＿＿＿
＿＿□□□□＿＿＿＿
＿◆□□□□◆＿＿＿
□□□□□□□□□＿
□□□□□◆□□□□
□□□□□◆◆□□□
□□□□□□＿□□□
□□□□□□＿□□□
□□□□□□＿□□□
□□□□□＿□□□□
□□□＿□□□□□□
□□□□□□＿□□□
00:58:48(105849f):field(105848f)
＿＿＿＿＿＿＿＿＿＿
＿＿＿＿＿＿＿＿＿＿
＿＿＿＿＿＿＿＿＿＿
＿＿＿＿＿＿＿＿＿＿
＿＿＿＿＿＿＿＿＿＿
＿＿＿＿＿■＿＿＿＿
＿＿＿＿□■＿＿＿＿
＿＿＿□□■＿＿＿＿
＿＿＿□＿■＿＿＿＿
＿＿□□□□＿＿＿＿
＿＿□□□□＿＿＿＿
□□□□□□□□□＿
□□□□□＿□□□□
□□□□□＿＿□□□
□□□□□□＿□□□
□□□□□□＿□□□
□□□□□□＿□□□
□□□□□＿□□□□
□□□＿□□□□□□
□□□□□□＿□□□
00:58:49(105870f):field(105869f)
＿＿＿＿＿＿＿＿＿＿
＿＿＿＿＿＿＿＿＿＿
＿＿＿＿＿＿＿＿＿＿
＿＿＿＿＿＿＿＿＿＿
＿＿＿＿＿＿＿＿＿＿
＿＿＿＿＿◆＿＿＿＿
＿＿＿＿◆□＿＿＿＿
＿＿＿◆□□＿＿＿＿
＿＿＿□■□＿＿＿＿
＿＿◆□◆□＿＿＿＿
＿＿□□□□＿＿＿＿
□□□□□□◆□□■
□□□□□＿□□□□
□□□□□＿■□□□
□□□□□□＿□□□
□□□□□□＿□□□
□□□□□□＿□□□
□□□□□＿□□□□
□□□＿□□□□□□
□□□□□□＿□□□
00:58:49(105884f):field(105883f)
＿＿＿＿＿＿＿＿＿＿
＿＿＿＿＿＿＿＿＿＿
＿＿＿＿＿＿＿＿＿＿
＿＿＿＿＿＿＿＿＿＿
＿＿＿＿＿＿＿＿＿＿
＿＿＿＿＿＿＿＿＿＿
＿＿＿＿＿□＿＿＿＿
＿＿＿＿□□＿＿＿＿
＿＿＿□□□＿＿＿＿
■＿＿□＿□＿＿＿＿
■＿□□□□＿＿＿＿
□□□□□□＿□□□
□□□□□＿□□□□
□□□□□＿◆□□□
□□□□□□＿□□□
□□□□□□＿□□□
□□□□□□＿□□□
□□□□□＿□□□□
□□□＿□□□□□□
□□□□□□＿□□□
00:58:49(105899f):field(105898f)
＿＿＿＿＿＿＿＿＿＿
＿＿＿＿＿＿＿＿＿＿
＿＿＿＿＿＿＿＿＿＿
＿＿＿＿＿＿＿＿＿＿
＿＿＿＿＿＿＿＿＿＿
＿＿＿＿＿＿＿＿＿＿
＿＿＿＿＿□＿＿＿＿
■＿＿＿□□＿＿＿＿
■■＿□□□＿＿＿＿
□■＿□＿□＿＿＿＿
□＿□□□□＿＿＿＿
□□□□□□＿□□□
□□□□□＿□□□□
□□□□□＿＿□□□
□□□□□□＿□□□
□□□□□□＿□□□
□□□□□□＿□□□
□□□□□＿□□□□
□□□＿□□□□□□
□□□□□□＿□□□
00:58:50(105910f):field(105909f)
＿＿＿＿＿＿＿＿＿＿
＿＿＿＿＿＿＿＿＿＿
＿＿＿＿＿＿＿＿＿＿
＿＿＿＿＿＿＿＿＿＿
＿＿＿＿＿＿＿＿＿＿
＿＿＿＿■＿＿＿＿＿
＿＿＿■■□＿＿＿＿
□＿＿■□□＿＿＿＿
□□＿□□□＿＿＿＿
□□＿□＿□＿＿＿＿
□＿□□□□＿＿＿＿
□□□□□□＿□□□
□□□□□＿□□□□
□□□□□＿＿□□□
□□□□□□＿□□□
□□□□□□＿□□□
□□□□□□＿□□□
□□□□□＿□□□□
□□□＿□□□□□□
□□□□□□＿□□□
00:58:50(105921f):field(105920f)
＿＿＿＿＿＿＿＿＿＿
＿＿＿＿＿＿＿＿＿＿
＿＿＿＿＿＿＿＿＿＿
＿＿＿＿＿＿＿＿＿＿
＿＿＿＿＿＿＿＿＿＿
＿＿＿＿□＿＿＿＿＿
＿＿＿□□□＿＿＿＿
□＿＿□□□＿＿＿＿
□□＿□□□＿＿＿＿
□□＿□＿□＿＿■■
□＿□□□□＿＿■■
□□□□□□＿□□□
□□□□□＿□□□□
□□□□□＿＿□□□
□□□□□□＿□□□
□□□□□□＿□□□
□□□□□□＿□□□
□□□□□＿□□□□
□□□＿□□□□□□
□□□□□□＿□□□
00:58:51(105935f):field(105934f)
＿＿＿＿＿＿＿＿＿＿
＿＿＿＿＿＿＿＿＿＿
＿＿＿＿＿＿＿＿＿＿
＿＿＿＿＿＿＿＿＿＿
＿＿＿＿＿＿＿＿＿＿
＿＿＿＿◆＿＿＿＿＿
＿＿＿◆□◆＿＿＿＿
◆＿＿□□□＿＿＿＿
□◆＿□□□＿＿＿＿
□□＿□■□■＿◆◆
□■□□◆□■＿□□
□□□□□□■◆□□
□□□□□＿□□□□
□□□□□＿＿□□□
□□□□□□＿□□□
□□□□□□＿□□□
□□□□□□＿□□□
□□□□□＿□□□□
□□□＿□□□□□□
□□□□□□＿□□□
00:58:51(105945f):field(105944f)
＿＿＿＿＿＿＿＿＿＿
＿＿＿＿＿＿＿＿＿＿
＿＿＿＿＿＿＿＿＿＿
＿＿＿＿＿＿＿＿＿＿
＿＿＿＿＿＿＿＿＿＿
＿＿＿＿＿＿＿＿＿＿
＿＿＿＿□＿＿＿＿＿
＿＿＿□□□＿＿＿＿
□＿＿□□□＿＿＿＿
□□＿□□□□■■＿
□□◆□＿□□■□□
□◆□□□□□■□□
□□□□□＿□□□□
□□□□□＿＿□□□
□□□□□□＿□□□
□□□□□□＿□□□
□□□□□□＿□□□
□□□□□＿□□□□
□□□＿□□□□□□
□□□□□□＿□□□
00:58:51(105958f):field(105957f)
＿＿＿＿＿＿＿＿＿＿
＿＿＿＿＿＿＿＿＿＿
＿＿＿＿＿＿＿＿＿＿
＿＿＿＿＿＿＿＿＿＿
＿＿＿＿＿＿＿＿＿＿
＿＿＿＿＿＿＿＿＿＿
＿＿＿＿□＿＿＿＿＿
＿＿＿□□□＿＿＿■
□＿＿□□□＿＿■■
□□＿□□□□□□■
□□＿□＿□□□□□
□＿□□□□□□□□
□□□□□＿□□□□
□□□□□＿＿□□□
□□□□□□＿□□□
□□□□□□＿□□□
□□□□□□＿□□□
□□□□□＿□□□□
□□□＿□□□□□□
□□□□□□＿□□□
00:58:52(105971f):field(105970f)
＿＿＿＿＿＿＿＿＿＿
＿＿＿＿＿＿＿＿＿＿
＿＿＿＿＿＿＿＿＿＿
＿＿＿＿＿＿＿＿＿＿
＿＿＿＿＿＿＿＿＿＿
＿＿＿＿＿＿＿＿＿＿
＿＿＿＿◆＿＿＿＿＿
＿＿＿◆□◆＿＿＿◆
□＿＿□□□＿＿□□
□□■□□□□□□□
□□■□■□□□□□
□＿□□□□□□□□
□□□□□＿□□□□
□□□□□＿＿□□□
□□□□□□＿□□□
□□□□□□＿□□□
□□□□□□＿□□□
□□□□□＿□□□□
□□□＿□□□□□□
□□□□□□＿□□□
00:58:52(105985f):field(105984f)
＿＿＿＿＿＿＿＿＿＿
＿＿＿＿＿＿＿＿＿＿
＿＿＿＿＿＿＿＿＿＿
＿＿＿＿＿＿＿＿＿＿
＿＿＿＿＿＿＿＿＿＿
＿＿＿＿＿＿＿＿＿＿
＿＿＿＿＿＿＿＿＿■
＿＿＿＿□＿＿＿■■
◆＿＿□□□＿＿□□
□□□□□□◆◆□□
□□□□◆□□□□□
□＿□□□□□□□□
□□□□□＿□□□□
□□□□□＿＿□□□
□□□□□□＿□□□
□□□□□□＿□□□
□□□□□□＿□□□
□□□□□＿□□□□
□□□＿□□□□□□
□□□□□□＿□□□
00:58:53(105997f):field(105996f)
＿＿＿＿＿＿＿＿＿＿
＿＿＿＿＿＿＿＿＿＿
＿＿＿＿＿＿＿＿＿＿
＿＿＿＿＿＿＿＿＿＿
＿＿＿＿＿＿＿＿＿＿
＿＿＿＿＿＿＿＿＿＿
＿＿＿＿＿＿■＿＿□
＿＿＿＿□＿■＿□□
＿＿＿□□□■＿□□
□□□□□□■＿□□
□□□□＿□□□□□
□＿□□□□□□□□
□□□□□＿□□□□
□□□□□＿＿□□□
□□□□□□＿□□□
□□□□□□＿□□□
□□□□□□＿□□□
□□□□□＿□□□□
□□□＿□□□□□□
□□□□□□＿□□□
00:58:53(106009f):field(106008f)
＿＿＿＿＿＿＿＿＿＿
＿＿＿＿＿＿＿＿＿＿
＿＿＿＿＿＿＿＿＿＿
＿＿＿＿＿＿＿＿＿＿
＿＿＿＿＿＿＿＿＿＿
＿＿＿＿■＿＿＿＿＿
＿＿＿＿■■□＿＿□
＿＿＿＿□■□＿□□
＿＿＿□□□□＿□□
□□□□□□□＿□□
□□□□＿□□□□□
□＿□□□□□□□□
□□□□□＿□□□□
□□□□□＿＿□□□
□□□□□□＿□□□
□□□□□□＿□□□
□□□□□□＿□□□
□□□□□＿□□□□
□□□＿□□□□□□
□□□□□□＿□□□
00:58:54(106020f):field(106019f)
＿＿＿＿＿＿＿＿＿＿
＿＿＿＿＿＿＿＿＿＿
＿＿＿＿＿＿＿＿＿＿
＿＿＿＿＿＿＿＿＿＿
＿＿＿＿＿＿＿＿＿＿
＿＿＿＿□＿＿＿＿＿
＿＿＿＿□□□＿＿□
■＿＿＿□□□＿□□
■■■□□□□＿□□
□□□□□□□＿□□
□□□□＿□□□□□
□＿□□□□□□□□
□□□□□＿□□□□
□□□□□＿＿□□□
□□□□□□＿□□□
□□□□□□＿□□□
□□□□□□＿□□□
□□□□□＿□□□□
□□□＿□□□□□□
□□□□□□＿□□□
00:58:54(106033f):field(106032f)
＿＿＿＿＿＿＿＿＿＿
＿＿＿＿＿＿＿＿＿＿
＿＿＿＿＿＿＿＿＿＿
＿＿＿＿＿＿＿＿＿＿
＿＿＿＿＿＿＿＿＿＿
＿＿＿＿□＿＿＿＿＿
＿＿■＿□□□＿＿□
□■■■□□□＿□□
□□□□□□□＿□□
□□□□□□□＿□□
□□□□＿□□□□□
□＿□□□□□□□□
□□□□□＿□□□□
□□□□□＿＿□□□
□□□□□□＿□□□
□□□□□□＿□□□
□□□□□□＿□□□
□□□□□＿□□□□
□□□＿□□□□□□
□□□□□□＿□□□
00:58:54(106044f):field(106043f)
＿＿＿＿＿＿＿＿＿＿
＿＿＿＿＿＿＿＿＿＿
＿＿＿＿＿＿＿＿＿＿
＿＿＿＿＿＿＿＿＿＿
■＿＿＿＿＿＿＿＿＿
■＿＿＿□＿＿＿＿＿
■■□＿□□□＿＿□
□□□□□□□＿□□
□□□□□□□＿□□
□□□□□□□＿□□
□□□□＿□□□□□
□＿□□□□□□□□
□□□□□＿□□□□
□□□□□＿＿□□□
□□□□□□＿□□□
□□□□□□＿□□□
□□□□□□＿□□□
□□□□□＿□□□□
□□□＿□□□□□□
□□□□□□＿□□□
00:58:55(106056f):field(106055f)
＿＿＿＿＿＿＿＿＿＿
＿＿＿＿＿＿＿＿＿＿
＿＿＿＿＿＿＿＿＿＿
＿＿＿＿＿＿＿＿＿＿
□＿＿＿■■＿＿＿＿
□＿＿＿□■■＿＿＿
□□□＿□□□＿＿□
□□□□□□□＿□□
□□□□□□□＿□□
□□□□□□□＿□□
□□□□＿□□□□□
□＿□□□□□□□□
□□□□□＿□□□□
□□□□□＿＿□□□
□□□□□□＿□□□
□□□□□□＿□□□
□□□□□□＿□□□
□□□□□＿□□□□
□□□＿□□□□□□
□□□□□□＿□□□
00:58:55(106071f):field(106070f)
＿＿＿＿＿＿＿＿＿＿
＿＿＿＿＿＿＿＿＿＿
＿＿＿＿＿＿＿＿＿＿
＿＿＿＿＿＿＿＿＿＿
□■■＿□□＿＿＿＿
□■■＿□□□＿＿＿
□□□＿□□□＿＿□
□□□□□□□＿□□
□□□□□□□＿□□
□□□□□□□＿□□
□□□□＿□□□□□
□＿□□□□□□□□
□□□□□＿□□□□
□□□□□＿＿□□□
□□□□□□＿□□□
□□□□□□＿□□□
□□□□□□＿□□□
□□□□□＿□□□□
□□□＿□□□□□□
□□□□□□＿□□□
00:58:56(106082f):field(106081f)
＿＿＿＿＿＿＿＿＿＿
＿＿＿＿＿＿＿＿＿＿
＿＿＿＿＿＿＿＿＿＿
＿＿＿■＿＿＿＿＿＿
□□□■□□＿＿＿＿
□□□■□□□＿＿＿
□□□■□□□＿＿□
□□□□□□□＿□□
□□□□□□□＿□□
□□□□□□□＿□□
□□□□＿□□□□□
□＿□□□□□□□□
□□□□□＿□□□□
□□□□□＿＿□□□
□□□□□□＿□□□
□□□□□□＿□□□
□□□□□□＿□□□
□□□□□＿□□□□
□□□＿□□□□□□
□□□□□□＿□□□
00:58:56(106095f):field(106094f)
＿＿＿＿＿＿＿＿＿＿
＿＿＿＿＿＿＿＿＿＿
＿＿＿＿＿＿＿＿＿＿
＿＿＿◆＿＿＿＿＿＿
◆◆◆◆◆◆＿＿＿＿
◆◆□◆□◆◆■＿＿
◆◆◆□◆□□＿■◆
□□□□□□□■◆◆
□□□□□□□＿□□
□□□□□□□＿□□
□□□□＿□□□□□
□＿□□□□□□□□
□□□□□＿□□□□
□□□□□＿＿□□□
□□□□□□＿□□□
□□□□□□＿□□□
□□□□□□＿□□□
□□□□□＿□□□□
□□□＿□□□□□□
□□□□□□＿□□□
00:58:57(106110f):field(106109f)
＿＿＿＿＿＿＿＿＿＿
＿＿＿＿＿＿＿＿＿＿
＿＿＿＿＿＿＿＿＿＿
＿＿＿＿＿＿＿＿＿＿
＿＿＿＿＿＿＿＿＿＿
＿＿□■◆＿＿◆＿＿
＿■■□＿◆◆＿◆＿
□□□□□□◆◆＿＿
□□□□□□□＿◆◆
□□□□□□□＿□□
□□□□＿□□□□□
□＿□□□□□□□□
□□□□□＿□□□□
□□□□□＿＿□□□
□□□□□□＿□□□
□□□□□□＿□□□
□□□□□□＿□□□
□□□□□＿□□□□
□□□＿□□□□□□
□□□□□□＿□□□
00:58:57(106122f):field(106121f)
＿＿＿＿＿＿＿＿＿＿
＿＿＿＿＿＿＿＿＿＿
＿＿＿＿＿＿＿＿＿＿
＿＿＿＿＿＿＿＿＿＿
＿＿＿＿＿＿＿＿＿＿
＿＿◆◆＿＿＿＿＿＿
＿◆□□＿＿＿＿＿＿
◆□□□◆◆＿＿＿＿
□□□□□□◆■＿＿
□□□□□□□■□◆
□□□□■□□□□□
□＿□□□□□□□□
□□□□□＿□□□□
□□□□□＿＿□□□
□□□□□□＿□□□
□□□□□□＿□□□
□□□□□□＿□□□
□□□□□＿□□□□
□□□＿□□□□□□
□□□□□□＿□□□
00:58:57(106133f):field(106132f)
＿＿＿＿＿＿＿＿＿＿
＿＿＿＿＿＿＿＿＿＿
＿＿＿＿＿＿＿＿＿＿
＿＿＿＿＿＿＿＿＿＿
＿＿＿＿＿＿＿＿＿＿
＿＿＿■■＿＿＿＿＿
＿＿□□■＿＿＿＿＿
＿□□□■＿＿＿＿＿
□□□□□□＿□＿＿
□□□□□□□□□＿
□□□□◆□□□□□
□＿□□□□□□□□
□□□□□＿□□□□
□□□□□＿＿□□□
□□□□□□＿□□□
□□□□□□＿□□□
□□□□□□＿□□□
□□□□□＿□□□□
□□□＿□□□□□□
□□□□□□＿□□□
00:58:58(106144f):field(106143f)
＿＿＿＿＿＿＿＿＿＿
＿＿＿＿＿＿＿＿＿＿
＿＿＿＿＿＿＿＿＿＿
＿＿＿＿＿＿＿＿＿＿
＿＿＿＿＿■＿＿＿＿
＿＿＿□□■＿＿＿＿
＿＿□□□■＿＿＿＿
＿□□□□■＿＿＿＿
□□□□□□＿□＿＿
□□□□□□□□□＿
□□□□＿□□□□□
□＿□□□□□□□□
□□□□□＿□□□□
□□□□□＿＿□□□
□□□□□□＿□□□
□□□□□□＿□□□
□□□□□□＿□□□
□□□□□＿□□□□
□□□＿□□□□□□
□□□□□□＿□□□
00:58:58(106154f):field(106153f)
＿＿＿＿＿＿＿＿＿＿
＿＿＿＿＿＿＿＿＿＿
＿＿＿＿■＿＿＿＿＿
＿＿＿＿■＿＿＿＿＿
＿＿＿■■□＿＿＿＿
＿＿＿□□□＿＿＿＿
＿＿□□□□＿＿＿＿
＿□□□□□＿＿＿＿
□□□□□□＿□＿＿
□□□□□□□□□＿
□□□□＿□□□□□
□＿□□□□□□□□
□□□□□＿□□□□
□□□□□＿＿□□□
□□□□□□＿□□□
□□□□□□＿□□□
□□□□□□＿□□□
□□□□□＿□□□□
□□□＿□□□□□□
□□□□□□＿□□□
00:58:58(106166f):field(106165f)
＿＿＿＿＿＿＿＿＿＿
＿＿＿＿＿＿＿＿＿＿
＿＿＿＿□＿＿＿＿＿
＿＿＿＿□＿＿＿＿＿
＿＿＿□□□＿＿＿＿
＿＿＿□□□＿＿＿＿
＿＿□□□□＿■＿＿
＿□□□□□■■＿＿
□□□□□□■□＿＿
□□□□□□□□□＿
□□□□＿□□□□□
□＿□□□□□□□□
□□□□□＿□□□□
□□□□□＿＿□□□
□□□□□□＿□□□
□□□□□□＿□□□
□□□□□□＿□□□
□□□□□＿□□□□
□□□＿□□□□□□
□□□□□□＿□□□
00:58:59(106181f):field(106180f)
＿＿＿＿＿＿＿＿＿＿
＿＿＿＿＿＿＿＿＿＿
＿＿＿＿□＿＿＿＿＿
＿＿＿＿□＿＿＿＿＿
＿＿＿□□□＿＿＿＿
■＿＿□□□＿＿＿＿
■■□□□□＿□＿＿
■□□□□□□□＿＿
□□□□□□□□＿＿
□□□□□□□□□＿
□□□□＿□□□□□
□＿□□□□□□□□
□□□□□＿□□□□
□□□□□＿＿□□□
□□□□□□＿□□□
□□□□□□＿□□□
□□□□□□＿□□□
□□□□□＿□□□□
□□□＿□□□□□□
□□□□□□＿□□□
00:59:00(106201f):field(106200f)
＿＿＿＿＿＿＿＿＿＿
＿＿＿＿＿＿＿＿＿＿
＿＿＿＿◆＿＿＿＿＿
＿＿＿＿◆＿＿＿＿＿
＿＿＿◆□◆＿＿＿＿
◆＿＿◆□◆＿＿＿＿
□◆◆□□□■◆＿＿
□◆◆□□□◆◆＿＿
□□□□□□□□＿＿
□□□□□□□□◆■
□□□□＿□□□□□
□＿□□□□□□□□
□□□□□＿□□□□
□□□□□＿＿□□□
□□□□□□＿□□□
□□□□□□＿□□□
□□□□□□＿□□□
□□□□□＿□□□□
□□□＿□□□□□□
□□□□□□＿□□□
00:59:00(106213f):field(106212f)
＿＿＿＿＿＿＿＿＿＿
＿＿＿＿＿＿＿＿＿＿
＿＿＿＿＿＿＿＿＿＿
＿＿＿＿＿＿＿＿＿＿
＿＿＿＿□＿＿＿＿＿
＿＿＿＿□＿＿＿＿＿
◆■■□□□◆＿＿＿
□■■□□□＿＿＿＿
□□□□□□◆□＿＿
□□□□□□□□＿□
□□□□＿□□□□□
□＿□□□□□□□□
□□□□□＿□□□□
□□□□□＿＿□□□
□□□□□□＿□□□
□□□□□□＿□□□
□□□□□□＿□□□
□□□□□＿□□□□
□□□＿□□□□□□
□□□□□□＿□□□
00:59:01(106231f):field(106230f)
＿＿＿＿＿＿＿＿＿＿
＿＿＿＿＿＿＿＿＿＿
＿＿＿＿＿＿＿＿＿＿
＿＿＿＿＿＿＿＿＿＿
＿＿＿＿□＿＿＿＿＿
＿＿＿＿□＿＿＿＿＿
＿□□□□□＿■＿＿
□□□□□□＿■■＿
□□□□□□＿□■＿
□□□□□□□□＿□
□□□□＿□□□□□
□＿□□□□□□□□
□□□□□＿□□□□
□□□□□＿＿□□□
□□□□□□＿□□□
□□□□□□＿□□□
□□□□□□＿□□□
□□□□□＿□□□□
□□□＿□□□□□□
□□□□□□＿□□□
00:59:01(106243f):field(106242f)
＿＿＿＿＿＿＿＿＿＿
＿＿＿＿＿＿＿＿＿＿
＿＿＿＿＿＿＿＿＿＿
＿＿＿＿＿＿＿＿＿＿
＿＿＿＿□＿＿＿＿＿
＿＿＿＿□＿■＿＿＿
＿□□□□□■□＿＿
□□□□□□■□□＿
□□□□□□■□□＿
□□□□□□□□＿□
□□□□＿□□□□□
□＿□□□□□□□□
□□□□□＿□□□□
□□□□□＿＿□□□
□□□□□□＿□□□
□□□□□□＿□□□
□□□□□□＿□□□
□□□□□＿□□□□
□□□＿□□□□□□
□□□□□□＿□□□
00:59:01(106256f):field(106255f)
＿＿＿＿＿＿＿＿＿＿
＿＿＿＿＿＿＿＿＿＿
＿＿＿＿＿＿＿＿＿＿
＿＿＿＿＿＿＿＿＿＿
＿■＿＿□＿＿＿＿＿
■■＿＿□＿□＿＿＿
■□□□□□□□＿＿
□□□□□□□□□＿
□□□□□□□□□＿
□□□□□□□□＿□
□□□□＿□□□□□
□＿□□□□□□□□
□□□□□＿□□□□
□□□□□＿＿□□□
□□□□□□＿□□□
□□□□□□＿□□□
□□□□□□＿□□□
□□□□□＿□□□□
□□□＿□□□□□□
□□□□□□＿□□□
00:59:02(106273f):field(106272f)
＿＿＿＿＿＿＿＿＿＿
＿＿＿＿＿＿＿＿＿＿
＿＿＿＿＿＿＿＿＿＿
＿＿＿■■■＿＿＿＿
＿□＿＿□■＿＿＿＿
□□＿＿□＿□＿＿＿
□□□□□□□□＿＿
□□□□□□□□□＿
□□□□□□□□□＿
□□□□□□□□＿□
□□□□＿□□□□□
□＿□□□□□□□□
□□□□□＿□□□□
□□□□□＿＿□□□
□□□□□□＿□□□
□□□□□□＿□□□
□□□□□□＿□□□
□□□□□＿□□□□
□□□＿□□□□□□
□□□□□□＿□□□
00:59:02(106288f):field(106287f)
＿＿＿＿＿＿＿＿＿＿
＿＿＿＿＿＿＿＿＿＿
■■＿＿＿＿＿＿＿＿
■■＿□□□＿＿＿＿
＿□＿＿□□＿＿＿＿
□□＿＿□＿□＿＿＿
□□□□□□□□＿＿
□□□□□□□□□＿
□□□□□□□□□＿
□□□□□□□□＿□
□□□□＿□□□□□
□＿□□□□□□□□
□□□□□＿□□□□
□□□□□＿＿□□□
□□□□□□＿□□□
□□□□□□＿□□□
□□□□□□＿□□□
□□□□□＿□□□□
□□□＿□□□□□□
□□□□□□＿□□□
00:59:03(106299f):field(106298f)
＿＿＿＿＿＿＿＿＿＿
＿＿＿＿＿＿＿＿＿＿
◆◆＿＿＿＿＿＿＿＿
◆◆＿◆◆◆＿＿＿＿
＿◆＿＿◆◆＿＿＿＿
□□＿■◆■□＿＿＿
□□◆□□□□◆■＿
◆□◆□□□□□◆■
□□◆◆□◆□□□＿
□□□□□□□□＿□
□□□□＿□□□□□
□＿□□□□□□□□
□□□□□＿□□□□
□□□□□＿＿□□□
□□□□□□＿□□□
□□□□□□＿□□□
□□□□□□＿□□□
□□□□□＿□□□□
□□□＿□□□□□□
□□□□□□＿□□□
00:59:03(106313f):field(106312f)
＿＿＿＿＿＿＿＿＿＿
＿＿＿＿＿＿＿＿＿＿
＿＿＿＿＿＿＿＿＿＿
＿＿＿＿＿＿＿＿＿＿
＿＿＿＿＿＿＿＿＿＿
◆◆＿◆＿◆◆＿＿＿
□□＿◆◆◆◆＿◆＿
■□＿□□□◆◆＿◆
◆□＿＿□■◆□◆＿
□□□◆□◆□□■◆
□□□□＿□□□□□
□＿□□□□□□□□
□□□□□＿□□□□
□□□□□＿＿□□□
□□□□□□＿□□□
□□□□□□＿□□□
□□□□□□＿□□□
□□□□□＿□□□□
□□□＿□□□□□□
□□□□□□＿□□□
00:59:04(106322f):field(106321f)
＿＿＿＿＿＿＿＿＿＿
＿＿＿＿＿＿＿＿＿＿
＿＿＿＿＿＿＿＿＿＿
＿＿＿＿＿＿＿＿＿＿
＿＿＿＿＿＿＿＿＿＿
＿＿＿＿＿＿＿＿＿＿
□□＿＿＿＿＿■＿＿
□□＿□□□■■＿＿
＿□＿＿□□■□＿＿
□□◆＿□＿□□□＿
□□□□＿□□□□□
□＿□□□□□□□□
□□□□□＿□□□□
□□□□□＿＿□□□
□□□□□□＿□□□
□□□□□□＿□□□
□□□□□□＿□□□
□□□□□＿□□□□
□□□＿□□□□□□
□□□□□□＿□□□
00:59:04(106335f):field(106334f)
＿＿＿＿＿＿＿＿＿＿
＿＿＿＿＿＿＿＿＿＿
＿＿＿＿＿＿＿＿＿＿
＿＿＿＿＿＿＿＿＿＿
＿＿＿＿＿＿＿＿＿＿
＿＿＿＿＿＿＿＿＿＿
□□■＿＿＿＿□＿＿
□□■□□□□□＿＿
＿□■＿□□□□＿＿
□□■＿□＿□□□＿
□□□□＿□□□□□
□＿□□□□□□□□
□□□□□＿□□□□
□□□□□＿＿□□□
□□□□□□＿□□□
□□□□□□＿□□□
□□□□□□＿□□□
□□□□□＿□□□□
□□□＿□□□□□□
□□□□□□＿□□□
00:59:04(106346f):field(106345f)
＿＿＿＿＿＿＿＿＿＿
＿＿＿＿＿＿＿＿＿＿
＿＿＿＿＿＿＿＿＿＿
＿＿＿＿＿＿＿＿＿＿
＿＿＿＿＿＿＿＿＿＿
＿＿＿＿■＿＿＿＿＿
□□□＿■■■□＿＿
□□□□□□□□＿＿
＿□□＿□□□□＿＿
□□□＿□＿□□□＿
□□□□＿□□□□□
□＿□□□□□□□□
□□□□□＿□□□□
□□□□□＿＿□□□
□□□□□□＿□□□
□□□□□□＿□□□
□□□□□□＿□□□
□□□□□＿□□□□
□□□＿□□□□□□
□□□□□□＿□□□
00:59:05(106360f):field(106359f)
＿＿＿＿＿＿＿＿＿＿
＿＿＿＿＿＿＿＿＿＿
＿＿＿＿＿＿＿＿＿＿
＿＿＿＿＿＿＿＿＿＿
＿＿＿＿＿＿＿＿＿＿
＿＿＿＿◆＿＿＿＿＿
□◆◆＿□◆□◆＿＿
□□□◆□□□□＿＿
＿□□＿□□□□■■
□□□＿□■□□□＿
□□□□＿□□□□□
□＿□□□□□□□□
□□□□□＿□□□□
□□□□□＿＿□□□
□□□□□□＿□□□
□□□□□□＿□□□
□□□□□□＿□□□
□□□□□＿□□□□
□□□＿□□□□□□
□□□□□□＿□□□
00:59:05(106370f):field(106369f)
＿＿＿＿＿＿＿＿＿＿
＿＿＿＿＿＿＿＿＿＿
＿＿＿＿＿＿＿＿＿＿
＿＿＿＿＿＿＿＿＿＿
＿＿＿＿＿＿＿＿＿＿
＿＿＿＿＿＿＿＿■＿
◆＿＿＿□＿◆＿■＿
□□□＿□□□□■■
＿□□＿□□□□□□
□□□■□◆□□□＿
□□□□＿□□□□□
□＿□□□□□□□□
□□□□□＿□□□□
□□□□□＿＿□□□
□□□□□□＿□□□
□□□□□□＿□□□
□□□□□□＿□□□
□□□□□＿□□□□
□□□＿□□□□□□
□□□□□□＿□□□
00:59:06(106382f):field(106381f)
＿＿＿＿＿＿＿＿＿＿
＿＿＿＿＿＿＿＿＿＿
＿＿＿＿＿＿＿＿＿＿
＿＿＿＿＿＿＿＿＿＿
＿＿＿＿＿＿＿＿＿＿
＿＿＿＿＿＿■■□＿
＿＿＿＿□＿■■□＿
□□□＿□□□□□□
＿□□＿□□□□□□
□□□◆□＿□□□＿
□□□□＿□□□□□
□＿□□□□□□□□
□□□□□＿□□□□
□□□□□＿＿□□□
□□□□□□＿□□□
□□□□□□＿□□□
□□□□□□＿□□□
□□□□□＿□□□□
□□□＿□□□□□□
□□□□□□＿□□□
00:59:06(106395f):field(106394f)
＿＿＿＿＿＿＿＿＿＿
＿＿＿＿＿＿＿＿＿＿
＿＿＿＿＿＿＿＿＿＿
＿＿＿＿＿＿＿＿＿＿
＿＿＿＿■＿＿＿＿＿
＿＿＿■■＿□□□＿
＿＿＿■□＿□□□＿
□□□＿□□□□□□
＿□□＿□□□□□□
□□□＿□＿□□□＿
□□□□＿□□□□□
□＿□□□□□□□□
□□□□□＿□□□□
□□□□□＿＿□□□
□□□□□□＿□□□
□□□□□□＿□□□
□□□□□□＿□□□
□□□□□＿□□□□
□□□＿□□□□□□
□□□□□□＿□□□
00:59:06(106408f):field(106407f)
＿＿＿＿＿＿＿＿＿＿
＿＿＿＿＿＿＿＿＿＿
＿＿＿＿＿＿＿＿＿＿
＿＿＿＿＿＿＿＿＿＿
＿＿＿＿□＿＿＿＿＿
＿■■□□＿□□□＿
■■＿□□＿□□□＿
□□□＿□□□□□□
＿□□＿□□□□□□
□□□＿□＿□□□＿
□□□□＿□□□□□
□＿□□□□□□□□
□□□□□＿□□□□
□□□□□＿＿□□□
□□□□□□＿□□□
□□□□□□＿□□□
□□□□□□＿□□□
□□□□□＿□□□□
□□□＿□□□□□□
□□□□□□＿□□□
00:59:07(106419f):field(106418f)
＿＿＿＿＿＿＿＿＿＿
＿＿＿＿＿＿＿＿＿＿
＿＿＿＿＿＿＿＿＿＿
■＿＿＿＿＿＿＿＿＿
■■＿＿□＿＿＿＿＿
■□□□□＿□□□＿
□□＿□□＿□□□＿
□□□＿□□□□□□
＿□□＿□□□□□□
□□□＿□＿□□□＿
□□□□＿□□□□□
□＿□□□□□□□□
□□□□□＿□□□□
□□□□□＿＿□□□
□□□□□□＿□□□
□□□□□□＿□□□
□□□□□□＿□□□
□□□□□＿□□□□
□□□＿□□□□□□
□□□□□□＿□□□
00:59:07(106429f):field(106428f)
＿＿＿＿＿＿＿＿＿＿
＿＿＿＿＿＿＿＿＿＿
＿＿＿＿＿＿＿＿＿＿
□＿＿＿＿＿＿＿＿＿
□□＿＿□■■＿＿＿
□□□□□■□□□＿
□□＿□□■□□□＿
□□□＿□□□□□□
＿□□＿□□□□□□
□□□＿□＿□□□＿
□□□□＿□□□□□
□＿□□□□□□□□
□□□□□＿□□□□
□□□□□＿＿□□□
□□□□□□＿□□□
□□□□□□＿□□□
□□□□□□＿□□□
□□□□□＿□□□□
□□□＿□□□□□□
□□□□□□＿□□□
00:59:08(106443f):field(106442f)
＿＿＿＿＿＿＿＿＿＿
＿＿＿＿＿＿＿＿＿＿
＿＿＿＿＿＿＿＿＿＿
◆＿＿＿＿＿＿＿＿＿
□◆■＿◆◆□＿＿＿
□□◆◆□□□□□■
□□＿□□□□□□■
□□□■□□□□□□
＿□□＿□□□□□□
□□□＿□＿□□□＿
□□□□＿□□□□□
□＿□□□□□□□□
□□□□□＿□□□□
□□□□□＿＿□□□
□□□□□□＿□□□
□□□□□□＿□□□
□□□□□□＿□□□
□□□□□＿□□□□
□□□＿□□□□□□
□□□□□□＿□□□
00:59:08(106454f):field(106453f)
＿＿＿＿＿＿＿＿＿＿
＿＿＿＿＿＿＿＿＿＿
＿＿＿＿＿＿＿＿＿＿
＿＿＿＿＿＿＿＿＿＿
◆＿◆＿＿＿◆＿＿＿
□◆＿■◆□◆◆◆◆
□□■□□□□◆□□
□□□□□□□□□□
＿□□＿□□□□□□
□□□＿□＿□□□＿
□□□□＿□□□□□
□＿□□□□□□□□
□□□□□＿□□□□
□□□□□＿＿□□□
□□□□□□＿□□□
□□□□□□＿□□□
□□□□□□＿□□□
□□□□□＿□□□□
□□□＿□□□□□□
□□□□□□＿□□□
00:59:08(106466f):field(106465f)
＿＿＿＿＿＿＿＿＿＿
＿＿＿＿＿＿＿＿＿＿
＿＿＿＿＿＿＿＿＿＿
＿＿＿＿＿＿＿＿＿＿
＿＿＿＿＿＿＿＿■■
□＿＿□＿◆＿＿■■
□□□□□□□＿□□
□□□◆□□□□□□
＿□□＿□□□□□□
□□□＿□＿□□□＿
□□□□＿□□□□□
□＿□□□□□□□□
□□□□□＿□□□□
□□□□□＿＿□□□
□□□□□□＿□□□
□□□□□□＿□□□
□□□□□□＿□□□
□□□□□＿□□□□
□□□＿□□□□□□
□□□□□□＿□□□
00:59:09(106480f):field(106479f)
＿＿＿＿＿＿＿＿＿＿
＿＿＿＿＿＿＿＿＿＿
＿＿＿＿＿＿＿＿＿＿
＿＿＿＿＿＿＿＿＿＿
＿＿＿＿＿＿＿＿◆◆
◆＿＿□＿＿＿■□□
□□□□□◆□■□□
□□□■□□□□□□
＿□□＿□□□□□□
□□□＿□＿□□□＿
□□□□＿□□□□□
□＿□□□□□□□□
□□□□□＿□□□□
□□□□□＿＿□□□
□□□□□□＿□□□
□□□□□□＿□□□
□□□□□□＿□□□
□□□□□＿□□□□
□□□＿□□□□□□
□□□□□□＿□□□
00:59:09(106490f):field(106489f)
＿＿＿＿＿＿＿＿＿＿
＿＿＿＿＿＿＿＿＿＿
＿＿＿＿＿＿＿＿＿＿
＿＿＿＿＿＿＿＿＿＿
＿＿＿＿＿■＿＿＿＿
＿＿＿◆＿■＿□□□
□◆◆□□■□□□□
□□□◆□□□□□□
＿□□＿□□□□□□
□□□＿□＿□□□＿
□□□□＿□□□□□
□＿□□□□□□□□
□□□□□＿□□□□
□□□□□＿＿□□□
□□□□□□＿□□□
□□□□□□＿□□□
□□□□□□＿□□□
□□□□□＿□□□□
□□□＿□□□□□□
□□□□□□＿□□□
00:59:10(106504f):field(106503f)
＿＿＿＿＿＿＿＿＿＿
＿＿＿＿＿＿＿＿＿＿
＿＿＿＿＿＿＿＿＿＿
＿＿＿＿＿＿＿＿＿＿
＿＿＿＿＿◆＿＿＿＿
＿■＿＿＿□＿□◆◆
◆■＿◆◆□◆□□□
□□□＿□□□□□□
＿□□■□□□□□□
□□□＿□＿□□□＿
□□□□＿□□□□□
□＿□□□□□□□□
□□□□□＿□□□□
□□□□□＿＿□□□
□□□□□□＿□□□
□□□□□□＿□□□
□□□□□□＿□□□
□□□□□＿□□□□
□□□＿□□□□□□
□□□□□□＿□□□
00:59:10(106519f):field(106518f)
＿＿＿＿＿＿＿＿＿＿
＿＿＿＿＿＿＿＿＿＿
＿＿＿＿＿＿＿＿＿＿
＿＿＿＿＿＿＿＿＿＿
＿＿＿＿＿＿＿■＿＿
＿□＿＿＿□■□＿＿
＿□＿＿＿□■□□□
□□□＿□□□□□□
＿□□◆□□□□□□
□□□＿□＿□□□＿
□□□□＿□□□□□
□＿□□□□□□□□
□□□□□＿□□□□
□□□□□＿＿□□□
□□□□□□＿□□□
□□□□□□＿□□□
□□□□□□＿□□□
□□□□□＿□□□□
□□□＿□□□□□□
□□□□□□＿□□□
00:59:11(106533f):field(106532f)
＿＿＿＿＿＿＿＿＿＿
＿＿＿＿＿＿＿＿＿＿
＿＿＿＿＿＿＿＿＿＿
＿＿＿＿＿＿＿＿＿＿
＿＿＿＿＿＿＿◆＿＿
＿◆＿＿＿◆◆□＿＿
■□■＿＿□□□□◆
◆□□■◆□□□□□
■□□＿□□□□□□
□□□＿□＿□□□＿
□□□□＿□□□□□
□＿□□□□□□□□
□□□□□＿□□□□
□□□□□＿＿□□□
□□□□□□＿□□□
□□□□□□＿□□□
□□□□□□＿□□□
□□□□□＿□□□□
□□□＿□□□□□□
□□□□□□＿□□□
00:59:11(106543f):field(106542f)
＿＿＿＿＿＿＿＿＿＿
＿＿＿＿＿＿＿＿＿＿
＿＿＿＿＿＿＿＿＿＿
＿＿＿＿＿＿＿＿＿＿
＿＿＿＿＿＿＿＿＿＿
＿＿＿＿■＿＿□＿＿
◆□□■■□□□◆＿
＿□□□■□□□□□
◆□□＿□□□□□□
□□□＿□＿□□□＿
□□□□＿□□□□□
□＿□□□□□□□□
□□□□□＿□□□□
□□□□□＿＿□□□
□□□□□□＿□□□
□□□□□□＿□□□
□□□□□□＿□□□
□□□□□＿□□□□
□□□＿□□□□□□
□□□□□□＿□□□
00:59:11(106555f):field(106554f)
＿＿＿＿＿＿＿＿＿＿
＿＿＿＿＿＿＿＿＿＿
＿＿＿＿＿＿＿＿＿＿
＿＿＿＿＿＿＿＿＿＿
＿＿＿＿＿■■＿＿＿
＿＿＿＿□■■□＿＿
＿□□□□□□□＿＿
＿□□□□□□□□□
＿□□＿□□□□□□
□□□＿□＿□□□＿
□□□□＿□□□□□
□＿□□□□□□□□
□□□□□＿□□□□
□□□□□＿＿□□□
□□□□□□＿□□□
□□□□□□＿□□□
□□□□□□＿□□□
□□□□□＿□□□□
□□□＿□□□□□□
□□□□□□＿□□□
00:59:12(106567f):field(106566f)
＿＿＿＿＿＿＿＿＿＿
＿＿＿＿＿＿＿＿＿＿
＿＿＿＿＿＿＿＿＿＿
＿＿＿＿＿＿＿＿＿＿
＿＿＿＿＿□□＿■＿
＿＿＿＿□□□□■＿
＿□□□□□□□■■
＿□□□□□□□□□
＿□□＿□□□□□□
□□□＿□＿□□□＿
□□□□＿□□□□□
□＿□□□□□□□□
□□□□□＿□□□□
□□□□□＿＿□□□
□□□□□□＿□□□
□□□□□□＿□□□
□□□□□□＿□□□
□□□□□＿□□□□
□□□＿□□□□□□
□□□□□□＿□□□
00:59:12(106577f):field(106576f)
＿＿＿＿＿＿＿＿＿＿
＿＿＿＿＿＿＿＿＿＿
＿＿＿＿＿＿＿＿＿＿
＿＿＿＿■＿＿＿＿＿
＿＿＿■■□□＿□＿
＿＿＿■□□□□□＿
＿□□□□□□□□□
＿□□□□□□□□□
＿□□＿□□□□□□
□□□＿□＿□□□＿
□□□□＿□□□□□
□＿□□□□□□□□
□□□□□＿□□□□
□□□□□＿＿□□□
□□□□□□＿□□□
□□□□□□＿□□□
□□□□□□＿□□□
□□□□□＿□□□□
□□□＿□□□□□□
□□□□□□＿□□□
00:59:13(106590f):field(106589f)
＿＿＿＿＿＿＿＿＿＿
＿＿＿＿＿＿＿＿＿＿
＿＿＿＿＿＿＿＿■■
＿＿＿＿□＿＿■■＿
＿＿＿□□□□＿□＿
＿＿＿□□□□□□＿
＿□□□□□□□□□
＿□□□□□□□□□
＿□□＿□□□□□□
□□□＿□＿□□□＿
□□□□＿□□□□□
□＿□□□□□□□□
□□□□□＿□□□□
□□□□□＿＿□□□
□□□□□□＿□□□
□□□□□□＿□□□
□□□□□□＿□□□
□□□□□＿□□□□
□□□＿□□□□□□
□□□□□□＿□□□
00:59:13(106603f):field(106602f)
＿＿＿＿＿＿＿＿＿＿
＿＿＿＿＿＿＿＿＿＿
＿＿＿＿＿＿＿＿□□
■■■■□＿＿□□＿
＿＿＿□□□□＿□＿
＿＿＿□□□□□□＿
＿□□□□□□□□□
＿□□□□□□□□□
＿□□＿□□□□□□
□□□＿□＿□□□＿
□□□□＿□□□□□
□＿□□□□□□□□
□□□□□＿□□□□
□□□□□＿＿□□□
□□□□□□＿□□□
□□□□□□＿□□□
□□□□□□＿□□□
□□□□□＿□□□□
□□□＿□□□□□□
□□□□□□＿□□□
00:59:13(106616f):field(106615f)
＿＿＿■＿＿＿＿＿＿
＿＿■■＿＿＿＿＿＿
＿＿＿■＿＿＿＿□□
□□□□□＿＿□□＿
＿＿＿□□□□＿□＿
＿＿＿□□□□□□＿
＿□□□□□□□□□
＿□□□□□□□□□
＿□□＿□□□□□□
□□□＿□＿□□□＿
□□□□＿□□□□□
□＿□□□□□□□□
□□□□□＿□□□□
□□□□□＿＿□□□
□□□□□□＿□□□
□□□□□□＿□□□
□□□□□□＿□□□
□□□□□＿□□□□
□□□＿□□□□□□
□□□□□□＿□□□
00:59:14(106631f):field(106630f)
＿＿＿□＿＿＿＿＿＿
＿＿□□＿＿＿＿＿＿
＿＿＿□＿■■＿□□
□□□□□■■□□＿
＿＿＿□□□□＿□＿
＿＿＿□□□□□□＿
＿□□□□□□□□□
＿□□□□□□□□□
＿□□＿□□□□□□
□□□＿□＿□□□＿
□□□□＿□□□□□
□＿□□□□□□□□
□□□□□＿□□□□
□□□□□＿＿□□□
□□□□□□＿□□□
□□□□□□＿□□□
□□□□□□＿□□□
□□□□□＿□□□□
□□□＿□□□□□□
□□□□□□＿□□□
00:59:17(106719f):game end
