00:10:29(18872f):game start
00:10:31(18931f):field(18930f)
＿＿＿＿＿＿＿＿＿＿
＿＿＿＿＿＿＿＿＿＿
＿＿＿＿＿＿＿＿＿＿
＿＿＿＿＿＿＿＿＿＿
＿＿＿＿＿＿＿＿＿＿
＿＿＿＿＿＿＿＿＿＿
＿＿＿＿＿＿＿＿＿＿
＿＿＿＿＿＿＿＿＿＿
＿＿＿＿＿＿＿＿＿＿
＿＿＿＿＿＿＿＿＿＿
＿＿＿＿＿＿＿＿＿＿
＿＿＿＿＿＿＿＿＿＿
＿＿＿＿＿＿＿＿＿＿
＿＿＿＿＿＿＿＿＿＿
＿＿＿＿＿＿＿＿＿＿
＿＿＿＿＿＿＿＿＿＿
＿＿＿＿＿＿＿＿＿＿
＿＿＿＿＿＿＿＿＿＿
■＿＿＿＿＿＿＿＿＿
■■■＿＿＿＿＿＿＿
00:10:31(18943f):field(18942f)
＿＿＿＿＿＿＿＿＿＿
＿＿＿＿＿＿＿＿＿＿
＿＿＿＿＿＿＿＿＿＿
＿＿＿＿＿＿＿＿＿＿
＿＿＿＿＿＿＿＿＿＿
＿＿＿＿＿＿＿＿＿＿
＿＿＿＿＿＿＿＿＿＿
＿＿＿＿＿＿＿＿＿＿
＿＿＿＿＿＿＿＿＿＿
＿＿＿＿＿＿＿＿＿＿
＿＿＿＿＿＿＿＿＿＿
＿＿＿＿＿＿＿＿＿＿
＿＿＿＿＿＿＿＿＿＿
＿＿＿＿＿＿＿＿＿＿
＿＿＿＿＿＿＿＿＿＿
＿＿＿＿＿＿＿＿＿＿
＿＿＿＿＿＿＿＿＿＿
＿＿＿＿＿＿＿＿＿＿
□＿＿＿＿■＿＿＿＿
□□□■■■＿＿＿＿
00:10:31(18955f):field(18954f)
＿＿＿＿＿＿＿＿＿＿
＿＿＿＿＿＿＿＿＿＿
＿＿＿＿＿＿＿＿＿＿
＿＿＿＿＿＿＿＿＿＿
＿＿＿＿＿＿＿＿＿＿
＿＿＿＿＿＿＿＿＿＿
＿＿＿＿＿＿＿＿＿＿
＿＿＿＿＿＿＿＿＿＿
＿＿＿＿＿＿＿＿＿＿
＿＿＿＿＿＿＿＿＿＿
＿＿＿＿＿＿＿＿＿＿
＿＿＿＿＿＿＿＿＿＿
＿＿＿＿＿＿＿＿＿＿
＿＿＿＿＿＿＿＿＿＿
＿＿＿＿＿＿＿＿＿＿
＿＿＿＿＿＿＿＿＿＿
＿＿＿＿＿＿■＿＿＿
＿＿＿＿＿＿■＿＿＿
□＿＿＿＿□■＿＿＿
□□□□□□■＿＿＿
00:10:32(18967f):field(18966f)
＿＿＿＿＿＿＿＿＿＿
＿＿＿＿＿＿＿＿＿＿
＿＿＿＿＿＿＿＿＿＿
＿＿＿＿＿＿＿＿＿＿
＿＿＿＿＿＿＿＿＿＿
＿＿＿＿＿＿＿＿＿＿
＿＿＿＿＿＿＿＿＿＿
＿＿＿＿＿＿＿＿＿＿
＿＿＿＿＿＿＿＿＿＿
＿＿＿＿＿＿＿＿＿＿
＿＿＿＿＿＿＿＿＿＿
＿＿＿＿＿＿＿＿＿＿
＿＿＿＿＿＿＿＿＿＿
＿＿＿＿＿＿＿＿＿＿
＿＿＿＿＿＿＿＿＿＿
＿＿＿＿＿＿＿＿＿＿
＿＿＿＿＿＿□＿＿＿
＿＿＿＿■■□＿＿＿
□＿＿■■□□＿＿＿
□□□□□□□＿＿＿
00:10:32(18979f):field(18978f)
＿＿＿＿＿＿＿＿＿＿
＿＿＿＿＿＿＿＿＿＿
＿＿＿＿＿＿＿＿＿＿
＿＿＿＿＿＿＿＿＿＿
＿＿＿＿＿＿＿＿＿＿
＿＿＿＿＿＿＿＿＿＿
＿＿＿＿＿＿＿＿＿＿
＿＿＿＿＿＿＿＿＿＿
＿＿＿＿＿＿＿＿＿＿
＿＿＿＿＿＿＿＿＿＿
＿＿＿＿＿＿＿＿＿＿
＿＿＿＿＿＿＿＿＿＿
＿＿＿＿＿＿＿＿＿＿
＿＿＿＿＿＿＿＿＿＿
＿＿＿＿＿＿＿＿＿＿
＿＿＿＿＿＿＿＿＿＿
＿＿＿＿＿＿□＿＿＿
＿■■＿□□□＿＿＿
□■■□□□□＿＿＿
□□□□□□□＿＿＿
00:10:33(18991f):field(18990f)
＿＿＿＿＿＿＿＿＿＿
＿＿＿＿＿＿＿＿＿＿
＿＿＿＿＿＿＿＿＿＿
＿＿＿＿＿＿＿＿＿＿
＿＿＿＿＿＿＿＿＿＿
＿＿＿＿＿＿＿＿＿＿
＿＿＿＿＿＿＿＿＿＿
＿＿＿＿＿＿＿＿＿＿
＿＿＿＿＿＿＿＿＿＿
＿＿＿＿＿＿＿＿＿＿
＿＿＿＿＿＿＿＿＿＿
＿＿＿＿＿＿＿＿＿＿
＿＿＿＿＿＿＿＿＿＿
＿＿＿＿＿＿＿＿＿＿
＿＿＿＿＿＿＿＿＿＿
＿＿＿＿＿＿＿＿＿＿
＿＿■■■＿□＿＿＿
＿□□■□□□＿＿＿
□□□□□□□＿＿＿
□□□□□□□＿＿＿
00:10:33(19003f):field(19002f)
＿＿＿＿＿＿＿＿＿＿
＿＿＿＿＿＿＿＿＿＿
＿＿＿＿＿＿＿＿＿＿
＿＿＿＿＿＿＿＿＿＿
＿＿＿＿＿＿＿＿＿＿
＿＿＿＿＿＿＿＿＿＿
＿＿＿＿＿＿＿＿＿＿
＿＿＿＿＿＿＿＿＿＿
＿＿＿＿＿＿＿＿＿＿
＿＿＿＿＿＿＿＿＿＿
＿＿＿＿＿＿＿＿＿＿
＿＿＿＿＿＿＿＿＿＿
＿＿＿＿＿＿＿＿＿＿
＿＿＿＿＿＿＿＿＿＿
＿＿＿＿＿＿＿＿＿＿
＿＿＿■■■＿＿＿＿
＿＿□□□■□＿＿＿
＿□□□□□□＿＿＿
□□□□□□□＿＿＿
□□□□□□□＿＿＿
00:10:33(19018f):field(19017f)
＿＿＿＿＿＿＿＿＿＿
＿＿＿＿＿＿＿＿＿＿
＿＿＿＿＿＿＿＿＿＿
＿＿＿＿＿＿＿＿＿＿
＿＿＿＿＿＿＿＿＿＿
＿＿＿＿＿＿＿＿＿＿
＿＿＿＿＿＿＿＿＿＿
＿＿＿＿＿＿＿＿＿＿
＿＿＿＿＿＿＿＿＿＿
＿＿＿＿＿＿＿＿＿＿
＿＿＿＿＿＿＿＿＿＿
＿＿＿＿＿＿＿＿＿＿
＿＿＿＿＿＿＿＿＿＿
＿＿＿＿＿＿＿＿＿＿
＿＿＿＿＿＿＿＿＿＿
＿＿＿□□□＿＿＿＿
＿＿□□□□□＿＿＿
＿□□□□□□■＿＿
□□□□□□□■＿＿
□□□□□□□■■＿
00:10:34(19033f):field(19032f)
＿＿＿＿＿＿＿＿＿＿
＿＿＿＿＿＿＿＿＿＿
＿＿＿＿＿＿＿＿＿＿
＿＿＿＿＿＿＿＿＿＿
＿＿＿＿＿＿＿＿＿＿
＿＿＿＿＿＿＿＿＿＿
＿＿＿＿＿＿＿＿＿＿
＿＿＿＿＿＿＿＿＿＿
＿＿＿＿＿＿＿＿＿＿
＿＿＿＿＿＿＿＿＿＿
＿＿＿＿＿＿＿＿＿＿
＿＿＿＿＿＿＿＿＿＿
＿＿＿＿＿＿＿＿＿＿
＿＿＿＿＿■＿＿＿＿
＿＿＿＿＿■■＿＿＿
＿＿＿□□□■＿＿＿
＿＿□□□□□＿＿＿
＿□□□□□□□＿＿
□□□□□□□□＿＿
□□□□□□□□□＿
00:10:34(19045f):field(19044f)
＿＿＿＿＿＿＿＿＿＿
＿＿＿＿＿＿＿＿＿＿
＿＿＿＿＿＿＿＿＿＿
＿＿＿＿＿＿＿＿＿＿
＿＿＿＿＿＿＿＿＿＿
＿＿＿＿＿＿＿＿＿＿
＿＿＿＿＿＿＿＿＿＿
＿＿＿＿＿＿＿＿＿＿
＿＿＿＿＿＿＿＿＿＿
＿＿＿＿＿＿＿＿＿＿
＿＿＿＿＿＿＿＿＿＿
＿＿＿＿＿＿＿＿＿＿
＿＿＿＿＿＿＿＿＿＿
＿＿＿＿＿□＿＿＿＿
＿＿＿＿＿□□＿＿＿
＿■＿□□□□＿＿＿
■■□□□□□＿＿＿
■□□□□□□□＿＿
□□□□□□□□＿＿
□□□□□□□□□＿
00:10:35(19058f):field(19057f)
＿＿＿＿＿＿＿＿＿＿
＿＿＿＿＿＿＿＿＿＿
＿＿＿＿＿＿＿＿＿＿
＿＿＿＿＿＿＿＿＿＿
＿＿＿＿＿＿＿＿＿＿
＿＿＿＿＿＿＿＿＿＿
＿＿＿＿＿＿＿＿＿＿
＿＿＿＿＿＿＿＿＿＿
＿＿＿＿＿＿＿＿＿＿
＿＿＿＿＿＿＿＿＿＿
＿＿＿＿＿＿＿＿＿＿
＿＿＿＿＿＿＿＿＿＿
＿＿＿＿＿＿＿＿＿＿
＿＿＿■■□＿＿＿＿
＿＿＿■■□□＿＿＿
＿□＿□□□□＿＿＿
□□□□□□□＿＿＿
□□□□□□□□＿＿
□□□□□□□□＿＿
□□□□□□□□□＿
00:10:35(19071f):field(19070f)
＿＿＿＿＿＿＿＿＿＿
＿＿＿＿＿＿＿＿＿＿
＿＿＿＿＿＿＿＿＿＿
＿＿＿＿＿＿＿＿＿＿
＿＿＿＿＿＿＿＿＿＿
＿＿＿＿＿＿＿＿＿＿
＿＿＿＿＿＿＿＿＿＿
＿＿＿＿＿＿＿＿＿＿
＿＿＿＿＿＿＿＿＿＿
＿＿＿＿＿＿＿＿＿＿
＿＿＿＿＿＿＿＿＿＿
＿＿＿＿＿＿＿＿＿＿
■＿＿＿＿＿＿＿＿＿
■＿＿□□□＿＿＿＿
■＿＿□□□□＿＿＿
■□＿□□□□＿＿＿
□□□□□□□＿＿＿
□□□□□□□□＿＿
□□□□□□□□＿＿
□□□□□□□□□＿
00:10:36(19084f):field(19083f)
＿＿＿＿＿＿＿＿＿＿
＿＿＿＿＿＿＿＿＿＿
＿＿＿＿＿＿＿＿＿＿
＿＿＿＿＿＿＿＿＿＿
＿＿＿＿＿＿＿＿＿＿
＿＿＿＿＿＿＿＿＿＿
＿＿＿＿＿＿＿＿＿＿
＿＿＿＿＿＿＿＿＿＿
＿＿＿＿＿＿＿＿＿＿
＿＿＿＿＿＿＿＿＿＿
＿＿＿＿＿＿＿＿＿＿
＿＿＿＿＿＿＿＿＿＿
□＿＿＿■■■＿＿＿
□＿＿□□□■＿＿＿
□＿＿□□□□＿＿＿
□□＿□□□□＿＿＿
□□□□□□□＿＿＿
□□□□□□□□＿＿
□□□□□□□□＿＿
□□□□□□□□□＿
00:10:36(19100f):field(19099f)
＿＿＿＿＿＿＿＿＿＿
＿＿＿＿＿＿＿＿＿＿
＿＿＿＿＿＿＿＿＿＿
＿＿＿＿＿＿＿＿＿＿
＿＿＿＿＿＿＿＿＿＿
＿＿＿＿＿＿＿＿＿＿
＿＿＿＿＿＿＿＿＿＿
＿＿＿＿＿＿＿＿＿＿
＿＿＿＿＿＿＿＿＿＿
＿＿＿＿＿＿＿＿＿＿
＿＿＿＿＿＿＿＿＿＿
＿＿＿＿＿＿＿＿＿＿
□＿＿＿□□□＿＿＿
□■＿□□□□＿＿＿
□■■□□□□＿＿＿
□□■□□□□＿＿＿
□□□□□□□＿＿＿
□□□□□□□□＿＿
□□□□□□□□＿＿
□□□□□□□□□＿
00:10:37(19116f):field(19115f)
＿＿＿＿＿＿＿＿＿＿
＿＿＿＿＿＿＿＿＿＿
＿＿＿＿＿＿＿＿＿＿
＿＿＿＿＿＿＿＿＿＿
＿＿＿＿＿＿＿＿＿＿
＿＿＿＿＿＿＿＿＿＿
＿＿＿＿＿＿＿＿＿＿
＿＿＿＿＿＿＿＿＿＿
＿＿＿＿＿＿＿＿＿＿
＿＿＿＿＿＿＿＿＿＿
＿＿＿＿＿＿＿＿＿＿
＿＿＿＿＿＿＿＿＿＿
□＿＿＿□□□＿＿＿
□□＿□□□□＿＿＿
□□□□□□□＿＿＿
□□□□□□□＿＿＿
□□□□□□□■■＿
□□□□□□□□■＿
□□□□□□□□■＿
□□□□□□□□□＿
00:10:37(19129f):field(19128f)
＿＿＿＿＿＿＿＿＿＿
＿＿＿＿＿＿＿＿＿＿
＿＿＿＿＿＿＿＿＿＿
＿＿＿＿＿＿＿＿＿＿
＿＿＿＿＿＿＿＿＿＿
＿＿＿＿＿＿＿＿＿＿
＿＿＿＿＿＿＿＿＿＿
＿＿＿＿＿＿＿＿＿＿
＿＿＿＿＿＿＿＿＿＿
＿＿＿＿＿＿＿＿＿＿
＿＿＿＿＿＿＿＿＿＿
＿＿＿＿＿＿＿＿＿＿
□■■■□□□＿＿＿
□□■□□□□＿＿＿
□□□□□□□＿＿＿
□□□□□□□＿＿＿
□□□□□□□□□＿
□□□□□□□□□＿
□□□□□□□□□＿
□□□□□□□□□＿
00:10:38(19144f):field(19143f)
＿＿＿＿＿＿＿＿＿＿
＿＿＿＿＿＿＿＿＿＿
＿＿＿＿＿＿＿＿＿＿
＿＿＿＿＿＿＿＿＿＿
＿＿＿＿＿＿＿＿＿＿
＿＿＿＿＿＿＿＿＿＿
＿＿＿＿＿＿＿＿＿＿
＿＿＿＿＿＿＿＿＿＿
＿＿＿＿＿＿＿＿＿＿
＿＿＿＿＿＿＿＿＿＿
＿＿＿＿＿＿＿＿＿＿
＿＿＿＿＿＿＿＿＿＿
◆◆◆◆◆◆◆＿＿＿
◆◆◆◆◆◆◆＿＿＿
◆◆◆◆◆◆◆＿＿＿
◆◆◆◆◆◆◆■＿＿
□□□□□□□◆◆＿
□□□□□□□◆◆＿
□□□□□□□◆□＿
□□□□□□□◆◆■
00:10:38(19157f):field(19156f)
＿＿＿＿＿＿＿＿＿＿
＿＿＿＿＿＿＿＿＿＿
＿＿＿＿＿＿＿＿＿＿
＿＿＿＿＿＿＿＿＿＿
＿＿＿＿＿＿＿＿＿＿
＿＿＿＿＿＿＿＿＿＿
＿＿＿＿＿＿＿＿＿＿
＿＿＿＿＿＿＿＿＿＿
＿＿＿＿＿＿＿＿＿＿
＿＿＿＿＿＿＿＿＿＿
＿＿＿＿＿＿＿＿＿＿
＿＿＿＿＿＿＿＿＿＿
＿＿＿＿＿＿＿＿＿＿
＿＿＿＿＿＿＿＿＿＿
＿＿＿＿＿＿＿＿＿＿
＿＿＿＿＿＿＿◆＿＿
□□□□□□□＿＿＿
□□□□□□□＿＿■
□□□□□□□＿□■
□□□□□□□＿■◆
00:10:38(19169f):field(19168f)
＿＿＿＿＿＿＿＿＿＿
＿＿＿＿＿＿＿＿＿＿
＿＿＿＿＿＿＿＿＿＿
＿＿＿＿＿＿＿＿＿＿
＿＿＿＿＿＿＿＿＿＿
＿＿＿＿＿＿＿＿＿＿
＿＿＿＿＿＿＿＿＿＿
＿＿＿＿＿＿＿＿＿＿
＿＿＿＿＿＿＿＿＿＿
＿＿＿＿＿＿＿＿＿＿
＿＿＿＿＿＿＿＿＿＿
＿＿＿＿＿＿＿＿＿＿
＿＿＿＿＿＿＿＿＿＿
＿＿＿＿＿＿＿＿＿＿
＿■■＿＿＿＿＿＿＿
■■＿＿＿＿＿＿＿＿
□□□□□□□＿＿＿
□□□□□□□＿＿□
□□□□□□□＿□□
□□□□□□□＿□＿
00:10:39(19183f):field(19182f)
＿＿＿＿＿＿＿＿＿＿
＿＿＿＿＿＿＿＿＿＿
＿＿＿＿＿＿＿＿＿＿
＿＿＿＿＿＿＿＿＿＿
＿＿＿＿＿＿＿＿＿＿
＿＿＿＿＿＿＿＿＿＿
＿＿＿＿＿＿＿＿＿＿
＿＿＿＿＿＿＿＿＿＿
＿＿＿＿＿＿＿＿＿＿
＿＿＿＿＿＿＿＿＿＿
＿＿＿＿＿＿＿＿＿＿
＿＿＿＿＿＿＿＿＿＿
＿＿＿＿＿＿＿＿＿＿
＿＿＿■＿＿＿＿＿＿
＿□□■＿＿＿＿＿＿
□□■■＿＿＿＿＿＿
□□□□□□□＿＿＿
□□□□□□□＿＿□
□□□□□□□＿□□
□□□□□□□＿□＿
00:10:39(19195f):field(19194f)
＿＿＿＿＿＿＿＿＿＿
＿＿＿＿＿＿＿＿＿＿
＿＿＿＿＿＿＿＿＿＿
＿＿＿＿＿＿＿＿＿＿
＿＿＿＿＿＿＿＿＿＿
＿＿＿＿＿＿＿＿＿＿
＿＿＿＿＿＿＿＿＿＿
＿＿＿＿＿＿＿＿＿＿
＿＿＿＿＿＿＿＿＿＿
＿＿＿＿＿＿＿＿＿＿
＿＿＿＿＿＿＿＿＿＿
＿＿＿＿＿＿＿＿＿＿
＿＿＿＿＿＿＿＿＿＿
＿＿＿□＿＿＿＿＿＿
＿□□□＿＿＿＿＿＿
□□□□＿＿＿＿■＿
□□□□□□□＿■■
□□□□□□□＿■□
□□□□□□□＿□□
□□□□□□□＿□＿
00:10:40(19209f):field(19208f)
＿＿＿＿＿＿＿＿＿＿
＿＿＿＿＿＿＿＿＿＿
＿＿＿＿＿＿＿＿＿＿
＿＿＿＿＿＿＿＿＿＿
＿＿＿＿＿＿＿＿＿＿
＿＿＿＿＿＿＿＿＿＿
＿＿＿＿＿＿＿＿＿＿
＿＿＿＿＿＿＿＿＿＿
＿＿＿＿＿＿＿＿＿＿
＿＿＿＿＿＿＿＿＿＿
＿＿＿＿＿＿＿＿＿＿
＿＿＿＿＿＿＿＿＿＿
＿＿＿＿＿＿＿＿＿＿
＿＿＿□■＿＿＿＿＿
＿□□□■＿＿＿＿＿
□□□□■■＿＿□＿
□□□□□□□＿□□
□□□□□□□＿□□
□□□□□□□＿□□
□□□□□□□＿□＿
00:10:40(19220f):field(19219f)
＿＿＿＿＿＿＿＿＿＿
＿＿＿＿＿＿＿＿＿＿
＿＿＿＿＿＿＿＿＿＿
＿＿＿＿＿＿＿＿＿＿
＿＿＿＿＿＿＿＿＿＿
＿＿＿＿＿＿＿＿＿＿
＿＿＿＿＿＿＿＿＿＿
＿＿＿＿＿＿＿＿＿＿
＿＿＿＿＿＿＿＿＿＿
＿＿＿＿＿＿＿＿＿＿
＿＿＿＿＿＿＿＿＿＿
＿＿＿■■＿＿＿＿＿
＿＿＿■■＿＿＿＿＿
＿＿＿□□＿＿＿＿＿
＿□□□□＿＿＿＿＿
□□□□□□＿＿□＿
□□□□□□□＿□□
□□□□□□□＿□□
□□□□□□□＿□□
□□□□□□□＿□＿
00:10:41(19237f):field(19236f)
＿＿＿＿＿＿＿＿＿＿
＿＿＿＿＿＿＿＿＿＿
＿＿＿＿＿＿＿＿＿＿
＿＿＿＿＿＿＿＿＿＿
＿＿＿＿＿＿＿＿＿＿
＿＿＿＿＿＿＿＿＿＿
＿＿＿＿＿＿＿＿＿＿
＿＿＿＿＿＿＿＿＿＿
＿＿＿＿＿＿＿＿＿＿
＿＿＿＿＿＿＿＿＿＿
＿＿＿＿＿＿＿＿＿＿
＿＿＿◆◆＿＿＿＿＿
＿＿＿◆◆＿＿＿＿＿
＿＿＿◆◆＿＿＿＿＿
＿◆◆□□＿＿＿＿＿
◆◆◆□□□＿＿◆＿
◆◆◆□□□◆■◆◆
□□□□□□◆＿◆◆
□□□□□□◆＿□◆
□□□□□□□■□＿
00:10:41(19250f):field(19249f)
＿＿＿＿＿＿＿＿＿＿
＿＿＿＿＿＿＿＿＿＿
＿＿＿＿＿＿＿＿＿＿
＿＿＿＿＿＿＿＿＿＿
＿＿＿＿＿＿＿＿＿＿
＿＿＿＿＿＿＿＿＿＿
＿＿＿＿＿＿＿＿＿＿
＿＿＿＿＿＿＿＿＿＿
＿＿＿＿＿＿＿＿＿＿
＿＿＿＿＿＿＿＿＿＿
＿＿＿＿＿＿＿＿＿＿
＿＿＿＿＿＿＿＿＿＿
＿＿＿＿＿＿＿＿＿＿
＿＿＿＿＿＿＿＿＿＿
＿＿＿□□＿＿＿＿＿
＿＿＿□□◆＿＿＿＿
＿＿＿□□◆＿◆＿＿
◆□□□□◆＿■■＿
□□□□□□■■□＿
□□□□□□□□□＿
00:10:42(19262f):field(19261f)
＿＿＿＿＿＿＿＿＿＿
＿＿＿＿＿＿＿＿＿＿
＿＿＿＿＿＿＿＿＿＿
＿＿＿＿＿＿＿＿＿＿
＿＿＿＿＿＿＿＿＿＿
＿＿＿＿＿＿＿＿＿＿
＿＿＿＿＿＿＿＿＿＿
＿＿＿＿＿＿＿＿＿＿
＿＿＿＿＿＿＿＿＿＿
＿＿＿＿＿＿＿＿＿＿
＿＿＿＿＿＿＿＿＿＿
＿＿＿＿＿＿＿＿＿＿
＿＿＿＿＿＿＿＿＿＿
＿＿＿＿＿＿＿＿＿＿
＿＿＿□□＿＿＿＿＿
■＿＿□□＿＿＿＿＿
■■＿□□＿＿＿＿＿
■□□□□＿＿□□＿
□□□□□□□□□＿
□□□□□□□□□＿
00:10:42(19274f):field(19273f)
＿＿＿＿＿＿＿＿＿＿
＿＿＿＿＿＿＿＿＿＿
＿＿＿＿＿＿＿＿＿＿
＿＿＿＿＿＿＿＿＿＿
＿＿＿＿＿＿＿＿＿＿
＿＿＿＿＿＿＿＿＿＿
＿＿＿＿＿＿＿＿＿＿
＿＿＿＿＿＿＿＿＿＿
＿＿＿＿＿＿＿＿＿＿
＿＿＿＿＿＿＿＿＿＿
＿＿＿＿＿＿＿＿＿＿
＿＿＿＿■＿＿＿＿＿
＿＿＿＿■＿＿＿＿＿
＿＿＿■■＿＿＿＿＿
＿＿＿□□＿＿＿＿＿
□＿＿□□＿＿＿＿＿
□□＿□□＿＿＿＿＿
□□□□□＿＿□□＿
□□□□□□□□□＿
□□□□□□□□□＿
00:10:42(19287f):field(19286f)
＿＿＿＿＿＿＿＿＿＿
＿＿＿＿＿＿＿＿＿＿
＿＿＿＿＿＿＿＿＿＿
＿＿＿＿＿＿＿＿＿＿
＿＿＿＿＿＿＿＿＿＿
＿＿＿＿＿＿＿＿＿＿
＿＿＿＿＿＿＿＿＿＿
＿＿＿＿＿＿＿＿＿＿
＿＿＿＿＿＿＿＿＿＿
＿＿＿＿＿＿＿＿＿＿
＿＿＿＿＿＿＿＿＿＿
＿＿＿＿□＿＿＿＿＿
＿＿＿＿□＿＿＿＿＿
＿＿＿□□＿＿＿＿＿
＿＿＿□□＿＿＿＿＿
□＿＿□□＿＿＿＿＿
□□＿□□＿■■＿＿
□□□□□■■□□＿
□□□□□□□□□＿
□□□□□□□□□＿
00:10:43(19302f):field(19301f)
＿＿＿＿＿＿＿＿＿＿
＿＿＿＿＿＿＿＿＿＿
＿＿＿＿＿＿＿＿＿＿
＿＿＿＿＿＿＿＿＿＿
＿＿＿＿＿＿＿＿＿＿
＿＿＿＿＿＿＿＿＿＿
＿＿＿＿＿＿＿＿＿＿
＿＿＿＿＿＿＿＿＿＿
＿＿＿＿＿＿＿＿＿＿
＿＿＿＿＿＿＿＿＿＿
＿＿＿＿＿＿＿＿＿＿
＿＿＿＿□＿＿＿＿＿
＿＿＿＿□＿＿＿＿＿
＿＿＿□□＿＿＿＿＿
＿＿＿□□＿■■＿＿
□＿＿□□＿■■＿＿
□□＿□□＿□□＿＿
□□□□□□□□□＿
□□□□□□□□□＿
□□□□□□□□□＿
00:10:44(19324f):field(19323f)
＿＿＿＿＿＿＿＿＿＿
＿＿＿＿＿＿＿＿＿＿
＿＿＿＿＿＿＿＿＿＿
＿＿＿＿＿＿＿＿＿＿
＿＿＿＿＿＿＿＿＿＿
＿＿＿＿＿＿＿＿＿＿
＿＿＿＿＿＿＿＿＿＿
＿＿＿＿＿＿＿＿＿＿
＿＿＿＿＿＿＿＿＿＿
＿＿＿＿＿＿＿＿＿＿
＿＿＿＿＿＿＿＿＿＿
＿＿＿＿◆＿＿＿＿＿
＿＿＿＿◆＿＿＿＿＿
＿＿＿◆□＿＿＿＿＿
＿＿＿◆□＿◆◆＿＿
◆＿＿□□＿◆◆＿＿
◆◆■□□＿□□＿＿
□◆◆□□◆□□◆＿
□□◆□□◆□□□■
□□□□□□□□□＿
00:10:44(19336f):field(19335f)
＿＿＿＿＿＿＿＿＿＿
＿＿＿＿＿＿＿＿＿＿
＿＿＿＿＿＿＿＿＿＿
＿＿＿＿＿＿＿＿＿＿
＿＿＿＿＿＿＿＿＿＿
＿＿＿＿＿＿＿＿＿＿
＿＿＿＿＿＿＿＿＿＿
＿＿＿＿＿＿＿＿＿＿
＿＿＿＿＿＿＿＿＿＿
＿＿＿＿＿＿＿＿＿＿
＿＿＿＿＿＿＿＿＿＿
＿＿＿＿＿＿＿＿＿＿
＿＿＿＿＿＿＿＿＿＿
＿＿＿＿□＿＿＿＿＿
＿＿＿＿□＿＿＿＿＿
＿＿＿□□＿＿＿＿＿
＿＿□□□＿□□＿＿
□■■□□＿□□＿＿
□□■□□＿□□□□
□□□□□□□□□＿
00:10:45(19352f):field(19351f)
＿＿＿＿＿＿＿＿＿＿
＿＿＿＿＿＿＿＿＿＿
＿＿＿＿＿＿＿＿＿＿
＿＿＿＿＿＿＿＿＿＿
＿＿＿＿＿＿＿＿＿＿
＿＿＿＿＿＿＿＿＿＿
＿＿＿＿＿＿＿＿＿＿
＿＿＿＿＿＿＿＿＿＿
＿＿＿＿＿＿＿＿＿＿
＿＿＿＿＿＿＿＿＿＿
＿＿＿＿＿＿＿＿＿＿
＿＿＿＿＿＿＿＿＿＿
＿＿＿＿＿＿＿＿＿＿
＿＿＿■□＿＿＿＿＿
＿＿■■□＿＿＿＿＿
＿＿■□□＿＿＿＿＿
＿＿□□□＿□□＿＿
□□□□□＿□□＿＿
□□□□□＿□□□□
□□□□□□□□□＿
00:10:45(19365f):field(19364f)
＿＿＿＿＿＿＿＿＿＿
＿＿＿＿＿＿＿＿＿＿
＿＿＿＿＿＿＿＿＿＿
＿＿＿＿＿＿＿＿＿＿
＿＿＿＿＿＿＿＿＿＿
＿＿＿＿＿＿＿＿＿＿
＿＿＿＿＿＿＿＿＿＿
＿＿＿＿＿＿＿＿＿＿
＿＿＿＿＿＿＿＿＿＿
＿＿＿＿＿＿＿＿＿＿
＿＿＿＿＿＿＿＿＿＿
＿＿＿＿＿＿＿＿＿＿
＿＿＿＿＿＿＿＿＿＿
＿＿＿□□＿＿＿＿＿
＿＿□□□＿＿＿＿＿
＿＿□□□＿＿＿■＿
＿＿□□□＿□□■■
□□□□□＿□□＿■
□□□□□＿□□□□
□□□□□□□□□＿
00:10:46(19380f):field(19379f)
＿＿＿＿＿＿＿＿＿＿
＿＿＿＿＿＿＿＿＿＿
＿＿＿＿＿＿＿＿＿＿
＿＿＿＿＿＿＿＿＿＿
＿＿＿＿＿＿＿＿＿＿
＿＿＿＿＿＿＿＿＿＿
＿＿＿＿＿＿＿＿＿＿
＿＿＿＿＿＿＿＿＿＿
＿＿＿＿＿＿＿＿＿＿
＿＿＿＿＿＿＿＿＿＿
＿＿＿＿＿＿＿＿＿＿
＿＿＿＿＿＿＿＿＿＿
＿＿＿＿＿＿＿＿＿＿
＿＿＿◆◆＿＿＿＿＿
＿＿◆□□＿＿＿＿＿
＿＿□□□＿＿＿◆＿
＿＿□□□■◆◆□◆
◆◆□□□■□□■□
□□□□□■□□◆□
□□□□□□□□□＿
00:10:46(19397f):field(19396f)
＿＿＿＿＿＿＿＿＿＿
＿＿＿＿＿＿＿＿＿＿
＿＿＿＿＿＿＿＿＿＿
＿＿＿＿＿＿＿＿＿＿
＿＿＿＿＿＿＿＿＿＿
＿＿＿＿＿＿＿＿＿＿
＿＿＿＿＿＿＿＿＿＿
＿＿＿＿＿＿＿＿＿＿
＿＿＿＿＿＿＿＿＿＿
＿＿＿＿＿＿＿＿＿＿
＿＿＿＿＿＿＿＿＿＿
＿＿＿＿＿＿＿＿＿＿
＿＿＿＿＿＿＿＿＿＿
＿＿＿＿＿＿＿＿＿＿
＿＿＿◆◆＿＿＿＿＿
＿＿◆□□＿＿＿＿＿
＿■□□□◆＿＿◆＿
■■□□□□◆□□◆
□□□□□□□□＿□
□□□□□□□□□＿
00:10:46(19408f):field(19407f)
＿＿＿＿＿＿＿＿＿＿
＿＿＿＿＿＿＿＿＿＿
＿＿＿＿＿＿＿＿＿＿
＿＿＿＿＿＿＿＿＿＿
＿＿＿＿＿＿＿＿＿＿
＿＿＿＿＿＿＿＿＿＿
＿＿＿＿＿＿＿＿＿＿
＿＿＿＿＿＿＿＿＿＿
＿＿＿＿＿＿＿＿＿＿
＿＿＿＿＿＿＿＿＿＿
＿＿＿＿＿＿＿＿＿＿
＿＿＿＿＿＿＿＿＿＿
＿＿＿＿＿＿＿＿＿＿
＿＿＿＿＿＿＿＿＿＿
＿＿＿＿＿＿＿＿＿＿
＿＿＿□□＿■＿＿＿
＿◆□□□＿■＿＿＿
□□□□□□■□□＿
□□□□□□□□＿□
□□□□□□□□□＿
00:10:47(19421f):field(19420f)
＿＿＿＿＿＿＿＿＿＿
＿＿＿＿＿＿＿＿＿＿
＿＿＿＿＿＿＿＿＿＿
＿＿＿＿＿＿＿＿＿＿
＿＿＿＿＿＿＿＿＿＿
＿＿＿＿＿＿＿＿＿＿
＿＿＿＿＿＿＿＿＿＿
＿＿＿＿＿＿＿＿＿＿
＿＿＿＿＿＿＿＿＿＿
＿＿＿＿＿＿＿＿＿＿
＿＿＿＿＿＿＿＿＿＿
＿＿＿＿＿＿＿＿＿＿
＿＿＿＿＿＿＿＿＿＿
＿＿＿＿＿＿＿＿＿＿
＿＿＿＿＿■■＿＿＿
＿＿＿□□■□＿＿＿
＿＿□□□■□＿＿＿
□□□□□□□□□＿
□□□□□□□□＿□
□□□□□□□□□＿
00:10:47(19432f):field(19431f)
＿＿＿＿＿＿＿＿＿＿
＿＿＿＿＿＿＿＿＿＿
＿＿＿＿＿＿＿＿＿＿
＿＿＿＿＿＿＿＿＿＿
＿＿＿＿＿＿＿＿＿＿
＿＿＿＿＿＿＿＿＿＿
＿＿＿＿＿＿＿＿＿＿
＿＿＿＿＿＿＿＿＿＿
＿＿＿＿＿＿＿＿＿＿
＿＿＿＿＿＿＿＿＿＿
＿＿＿＿＿＿＿＿＿＿
＿＿＿＿＿＿＿＿＿＿
＿＿＿＿＿■＿＿＿＿
＿＿＿＿■■＿＿＿＿
＿＿＿＿■□□＿＿＿
＿＿＿□□□□＿＿＿
＿＿□□□□□＿＿＿
□□□□□□□□□＿
□□□□□□□□＿□
□□□□□□□□□＿
00:10:48(19452f):field(19451f)
＿＿＿＿＿＿＿＿＿＿
＿＿＿＿＿＿＿＿＿＿
＿＿＿＿＿＿＿＿＿＿
＿＿＿＿＿＿＿＿＿＿
＿＿＿＿＿＿＿＿＿＿
＿＿＿＿＿＿＿＿＿＿
＿＿＿＿＿＿＿＿＿＿
＿＿＿＿＿＿＿＿＿＿
＿＿＿＿＿＿＿＿＿＿
＿＿＿＿＿＿＿＿＿＿
＿＿＿＿＿＿＿＿＿＿
＿＿＿＿＿＿＿＿＿＿
＿＿＿＿＿□＿＿＿＿
＿＿＿＿□□＿■＿＿
＿＿＿＿□□□■＿＿
＿＿＿□□□□■＿＿
＿＿□□□□□■＿＿
□□□□□□□□□＿
□□□□□□□□＿□
□□□□□□□□□＿
00:10:48(19465f):field(19464f)
＿＿＿＿＿＿＿＿＿＿
＿＿＿＿＿＿＿＿＿＿
＿＿＿＿＿＿＿＿＿＿
＿＿＿＿＿＿＿＿＿＿
＿＿＿＿＿＿＿＿＿＿
＿＿＿＿＿＿＿＿＿＿
＿＿＿＿＿＿＿＿＿＿
＿＿＿＿＿＿＿＿＿＿
＿＿＿＿＿＿＿＿＿＿
＿＿＿＿＿＿＿＿＿＿
＿＿＿＿＿＿＿＿＿＿
＿＿＿＿＿＿＿＿＿＿
＿＿＿＿＿□＿＿＿＿
＿＿＿＿□□＿□＿＿
＿＿＿＿□□□□＿＿
■■＿□□□□□＿＿
■■□□□□□□＿＿
□□□□□□□□□＿
□□□□□□□□＿□
□□□□□□□□□＿
00:10:49(19478f):field(19477f)
＿＿＿＿＿＿＿＿＿＿
＿＿＿＿＿＿＿＿＿＿
＿＿＿＿＿＿＿＿＿＿
＿＿＿＿＿＿＿＿＿＿
＿＿＿＿＿＿＿＿＿＿
＿＿＿＿＿＿＿＿＿＿
＿＿＿＿＿＿＿＿＿＿
＿＿＿＿＿＿＿＿＿＿
＿＿＿＿＿＿＿＿＿＿
＿＿＿＿＿＿＿＿＿＿
＿＿＿＿＿＿＿＿＿＿
＿＿＿＿＿＿＿＿＿＿
■＿＿＿＿□＿＿＿＿
■＿＿＿□□＿□＿＿
■■＿＿□□□□＿＿
□□＿□□□□□＿＿
□□□□□□□□＿＿
□□□□□□□□□＿
□□□□□□□□＿□
□□□□□□□□□＿
00:10:49(19492f):field(19491f)
＿＿＿＿＿＿＿＿＿＿
＿＿＿＿＿＿＿＿＿＿
＿＿＿＿＿＿＿＿＿＿
＿＿＿＿＿＿＿＿＿＿
＿＿＿＿＿＿＿＿＿＿
＿＿＿＿＿＿＿＿＿＿
＿＿＿＿＿＿＿＿＿＿
＿＿＿＿＿＿＿＿＿＿
＿＿＿＿＿＿＿＿＿＿
＿＿＿＿＿＿＿＿＿＿
＿＿＿＿＿＿＿＿＿＿
＿＿＿＿＿＿＿＿＿＿
□■＿＿＿□＿＿＿＿
□■■＿□□＿□＿＿
□□■＿□□□□＿＿
□□＿□□□□□＿＿
□□□□□□□□＿＿
□□□□□□□□□＿
□□□□□□□□＿□
□□□□□□□□□＿
00:10:50(19503f):field(19502f)
＿＿＿＿＿＿＿＿＿＿
＿＿＿＿＿＿＿＿＿＿
＿＿＿＿＿＿＿＿＿＿
＿＿＿＿＿＿＿＿＿＿
＿＿＿＿＿＿＿＿＿＿
＿＿＿＿＿＿＿＿＿＿
＿＿＿＿＿＿＿＿＿＿
＿＿＿＿＿＿＿＿＿＿
＿＿＿＿＿＿＿＿＿＿
＿＿＿＿＿＿＿＿＿＿
＿＿＿＿＿＿＿＿＿＿
＿＿＿＿＿＿＿＿＿＿
□□■■■□＿＿＿＿
□□□■□□＿□＿＿
□□□＿□□□□＿＿
□□＿□□□□□＿＿
□□□□□□□□＿＿
□□□□□□□□□＿
□□□□□□□□＿□
□□□□□□□□□＿
00:10:50(19517f):field(19516f)
＿＿＿＿＿＿＿＿＿＿
＿＿＿＿＿＿＿＿＿＿
＿＿＿＿＿＿＿＿＿＿
＿＿＿＿＿＿＿＿＿＿
＿＿＿＿＿＿＿＿＿＿
＿＿＿＿＿＿＿＿＿＿
＿＿＿＿＿＿＿＿＿＿
＿＿＿＿＿＿＿＿＿＿
＿＿＿＿＿＿＿＿＿＿
＿＿＿＿＿＿＿＿＿＿
＿＿＿＿＿＿＿＿＿＿
＿＿＿＿＿＿＿＿＿＿
□□□□□□＿＿＿＿
□□□□□□＿□＿＿
□□□＿□□□□■■
□□＿□□□□□■＿
□□□□□□□□■＿
□□□□□□□□□＿
□□□□□□□□＿□
□□□□□□□□□＿
00:10:50(19529f):field(19528f)
＿＿＿＿＿＿＿＿＿＿
＿＿＿＿＿＿＿＿＿＿
＿＿＿＿＿＿＿＿＿＿
＿＿＿＿＿＿＿＿＿＿
＿＿＿＿＿＿＿＿＿＿
＿＿＿＿＿＿＿＿＿＿
＿＿＿＿＿＿＿＿＿＿
＿＿＿＿＿＿＿＿＿＿
＿＿＿＿＿＿＿＿＿＿
＿＿＿＿＿＿＿＿＿＿
＿＿＿＿＿＿＿＿＿＿
＿＿＿＿＿＿＿■＿＿
□□□□□□■■＿＿
□□□□□□■□＿＿
□□□＿□□□□□□
□□＿□□□□□□＿
□□□□□□□□□＿
□□□□□□□□□＿
□□□□□□□□＿□
□□□□□□□□□＿
00:10:51(19543f):field(19542f)
＿＿＿＿＿＿＿＿＿＿
＿＿＿＿＿＿＿＿＿＿
＿＿＿＿＿＿＿＿＿＿
＿＿＿＿＿＿＿＿＿＿
＿＿＿＿＿＿＿＿＿＿
＿＿＿＿＿＿＿＿＿＿
＿＿＿＿＿＿＿＿＿＿
＿＿＿＿＿＿＿＿＿＿
＿＿＿＿＿＿＿＿＿＿
＿＿＿＿＿＿＿＿＿＿
＿＿＿＿＿＿■＿＿＿
＿＿＿＿■■■□＿＿
□□□□□□□□＿＿
□□□□□□□□＿＿
□□□＿□□□□□□
□□＿□□□□□□＿
□□□□□□□□□＿
□□□□□□□□□＿
□□□□□□□□＿□
□□□□□□□□□＿
00:10:51(19557f):field(19556f)
＿＿＿＿＿＿＿＿＿＿
＿＿＿＿＿＿＿＿＿＿
＿＿＿＿＿＿＿＿＿＿
＿＿＿＿＿＿＿＿＿＿
＿＿＿＿＿＿＿＿＿＿
＿＿＿＿＿＿＿＿＿＿
＿＿＿＿＿＿＿＿＿＿
＿＿＿＿＿＿＿＿＿＿
＿＿＿＿＿＿＿＿＿＿
＿＿＿＿＿＿＿＿＿＿
＿＿＿＿＿＿□＿＿■
＿＿＿＿□□□□＿■
□□□□□□□□＿■
□□□□□□□□＿■
□□□＿□□□□□□
□□＿□□□□□□＿
□□□□□□□□□＿
□□□□□□□□□＿
□□□□□□□□＿□
□□□□□□□□□＿
00:10:52(19569f):field(19568f)
＿＿＿＿＿＿＿＿＿＿
＿＿＿＿＿＿＿＿＿＿
＿＿＿＿＿＿＿＿＿＿
＿＿＿＿＿＿＿＿＿＿
＿＿＿＿＿＿＿＿＿＿
＿＿＿＿＿＿＿＿＿＿
＿＿＿＿＿＿＿＿＿＿
＿＿＿＿＿＿＿＿＿＿
＿＿＿＿■＿＿＿＿＿
＿＿＿＿■■＿＿＿＿
＿＿＿＿■＿□＿＿□
＿＿＿＿□□□□＿□
□□□□□□□□＿□
□□□□□□□□＿□
□□□＿□□□□□□
□□＿□□□□□□＿
□□□□□□□□□＿
□□□□□□□□□＿
□□□□□□□□＿□
□□□□□□□□□＿
00:10:52(19582f):field(19581f)
＿＿＿＿＿＿＿＿＿＿
＿＿＿＿＿＿＿＿＿＿
＿＿＿＿＿＿＿＿＿＿
＿＿＿＿＿＿＿＿＿＿
＿＿＿＿＿＿＿＿＿＿
＿＿＿＿＿＿＿＿＿＿
＿＿＿＿＿＿＿＿＿＿
＿＿＿＿＿＿＿＿＿＿
＿＿＿＿□＿＿＿＿＿
＿＿＿＿□□＿＿＿＿
■＿＿＿□＿□＿＿□
■■■＿□□□□＿□
□□□□□□□□＿□
□□□□□□□□＿□
□□□＿□□□□□□
□□＿□□□□□□＿
□□□□□□□□□＿
□□□□□□□□□＿
□□□□□□□□＿□
□□□□□□□□□＿
00:10:53(19596f):field(19595f)
＿＿＿＿＿＿＿＿＿＿
＿＿＿＿＿＿＿＿＿＿
＿＿＿＿＿＿＿＿＿＿
＿＿＿＿＿＿＿＿＿＿
＿＿＿＿＿＿＿＿＿＿
＿＿＿＿＿＿＿＿＿＿
＿＿＿＿＿＿＿＿＿＿
＿＿＿＿＿＿＿＿＿＿
＿＿＿＿□＿＿＿＿＿
■■＿＿□□＿＿＿＿
□■■＿□＿□＿＿□
□□□＿□□□□＿□
□□□□□□□□＿□
□□□□□□□□＿□
□□□＿□□□□□□
□□＿□□□□□□＿
□□□□□□□□□＿
□□□□□□□□□＿
□□□□□□□□＿□
□□□□□□□□□＿
00:10:53(19608f):field(19607f)
＿＿＿＿＿＿＿＿＿＿
＿＿＿＿＿＿＿＿＿＿
＿＿＿＿＿＿＿＿＿＿
＿＿＿＿＿＿＿＿＿＿
＿＿＿＿＿＿＿＿＿＿
＿＿＿＿＿＿＿＿＿＿
＿＿＿＿＿＿＿＿＿＿
＿＿＿＿＿＿＿＿＿＿
＿＿＿＿□＿＿＿＿＿
□□＿＿□□＿■■＿
□□□＿□＿□■■□
□□□＿□□□□＿□
□□□□□□□□＿□
□□□□□□□□＿□
□□□＿□□□□□□
□□＿□□□□□□＿
□□□□□□□□□＿
□□□□□□□□□＿
□□□□□□□□＿□
□□□□□□□□□＿
00:10:54(19621f):field(19620f)
＿＿＿＿＿＿＿＿＿＿
＿＿＿＿＿＿＿＿＿＿
＿＿＿＿＿＿＿＿＿＿
＿＿＿＿＿＿＿＿＿＿
＿＿＿＿＿＿＿＿＿＿
＿＿＿＿＿＿＿＿＿＿
＿＿＿＿＿＿■＿＿＿
＿＿＿＿＿＿■＿＿＿
＿＿＿＿□＿■＿＿＿
□□＿＿□□■□□＿
□□□＿□＿□□□□
□□□＿□□□□＿□
□□□□□□□□＿□
□□□□□□□□＿□
□□□＿□□□□□□
□□＿□□□□□□＿
□□□□□□□□□＿
□□□□□□□□□＿
□□□□□□□□＿□
□□□□□□□□□＿
00:10:54(19633f):field(19632f)
＿＿＿＿＿＿＿＿＿＿
＿＿＿＿＿＿＿＿＿＿
＿＿＿＿＿＿＿＿＿＿
＿＿＿＿＿＿＿＿＿＿
＿＿＿＿＿＿＿＿＿＿
＿＿＿＿＿＿＿＿＿＿
＿＿＿＿＿＿□＿＿＿
＿＿＿＿＿＿□＿＿＿
＿＿＿＿□＿□＿＿＿
□□■■□□□□□＿
□□□■□＿□□□□
□□□■□□□□＿□
□□□□□□□□＿□
□□□□□□□□＿□
□□□＿□□□□□□
□□＿□□□□□□＿
□□□□□□□□□＿
□□□□□□□□□＿
□□□□□□□□＿□
□□□□□□□□□＿
00:10:54(19646f):field(19645f)
＿＿＿＿＿＿＿＿＿＿
＿＿＿＿＿＿＿＿＿＿
＿＿＿＿＿＿＿＿＿＿
＿＿＿＿＿＿＿＿＿＿
＿＿＿＿＿＿＿＿＿＿
＿＿＿＿＿＿＿＿＿＿
＿＿＿＿＿■□＿＿＿
＿＿＿＿■■□＿＿＿
＿＿＿＿□■□＿＿＿
□□□□□□□□□＿
□□□□□＿□□□□
□□□□□□□□＿□
□□□□□□□□＿□
□□□□□□□□＿□
□□□＿□□□□□□
□□＿□□□□□□＿
□□□□□□□□□＿
□□□□□□□□□＿
□□□□□□□□＿□
□□□□□□□□□＿
00:10:55(19662f):field(19661f)
＿＿＿＿＿＿＿＿＿＿
＿＿＿＿＿＿＿＿＿＿
＿＿＿＿＿＿＿＿＿＿
＿＿＿＿＿＿＿＿＿＿
＿＿＿＿＿＿＿＿＿＿
＿＿＿＿＿＿＿＿＿＿
＿＿＿＿＿□□＿＿＿
＿＿■■□□□＿＿＿
＿＿■■□□□＿＿＿
□□□□□□□□□＿
□□□□□＿□□□□
□□□□□□□□＿□
□□□□□□□□＿□
□□□□□□□□＿□
□□□＿□□□□□□
□□＿□□□□□□＿
□□□□□□□□□＿
□□□□□□□□□＿
□□□□□□□□＿□
□□□□□□□□□＿
00:10:55(19673f):field(19672f)
＿＿＿＿＿＿＿＿＿＿
＿＿＿＿＿＿＿＿＿＿
＿＿＿＿＿＿＿＿＿＿
＿＿＿＿＿＿＿＿＿＿
＿＿＿＿＿■＿＿＿＿
＿＿＿＿■■＿＿＿＿
＿＿＿＿■□□＿＿＿
＿＿□□□□□＿＿＿
＿＿□□□□□＿＿＿
□□□□□□□□□＿
□□□□□＿□□□□
□□□□□□□□＿□
□□□□□□□□＿□
□□□□□□□□＿□
□□□＿□□□□□□
□□＿□□□□□□＿
□□□□□□□□□＿
□□□□□□□□□＿
□□□□□□□□＿□
□□□□□□□□□＿
00:10:56(19687f):field(19686f)
＿＿＿＿＿＿＿＿＿＿
＿＿＿＿＿＿＿＿＿＿
＿＿＿＿＿＿＿＿＿＿
＿＿＿＿■■＿＿＿＿
＿＿＿■■□＿＿＿＿
＿＿＿＿□□＿＿＿＿
＿＿＿＿□□□＿＿＿
＿＿□□□□□＿＿＿
＿＿□□□□□＿＿＿
□□□□□□□□□＿
□□□□□＿□□□□
□□□□□□□□＿□
□□□□□□□□＿□
□□□□□□□□＿□
□□□＿□□□□□□
□□＿□□□□□□＿
□□□□□□□□□＿
□□□□□□□□□＿
□□□□□□□□＿□
□□□□□□□□□＿
00:10:56(19705f):field(19704f)
＿＿＿＿＿＿＿＿＿＿
＿＿＿＿＿＿＿＿＿＿
＿＿＿＿＿＿＿＿＿＿
＿＿＿＿◆◆＿＿＿＿
＿＿＿◆□□＿＿＿＿
＿＿＿■□□＿＿＿＿
＿＿＿＿□□◆＿＿＿
＿＿◆◆□□□＿＿■
＿＿□□□□□＿＿■
◆◆□□□□□◆◆■
□□□□□＿□□□□
□□□□□□□□＿□
□□□□□□□□＿□
□□□□□□□□＿□
□□□＿□□□□□□
□□＿□□□□□□＿
□□□□□□□□□＿
□□□□□□□□□＿
□□□□□□□□＿□
□□□□□□□□□＿
00:10:57(19717f):field(19716f)
＿＿＿＿＿＿＿＿＿＿
＿＿＿＿＿＿＿＿＿＿
＿＿＿＿＿＿＿＿＿＿
＿＿＿＿＿＿＿＿＿＿
＿＿＿＿□□＿＿＿＿
＿＿＿□□□＿＿＿＿
＿＿＿＿□□＿＿＿＿
■＿＿＿□□□＿＿□
■＿□□□□□＿＿□
■■□□□□□＿＿□
□□□□□＿□□□□
□□□□□□□□＿□
□□□□□□□□＿□
□□□□□□□□＿□
□□□＿□□□□□□
□□＿□□□□□□＿
□□□□□□□□□＿
□□□□□□□□□＿
□□□□□□□□＿□
□□□□□□□□□＿
00:10:57(19739f):field(19738f)
＿＿＿＿＿＿＿＿＿＿
＿＿＿＿＿＿＿＿＿＿
＿＿＿＿＿＿＿＿＿＿
＿＿＿＿＿＿＿＿＿＿
＿＿＿＿□□＿＿＿＿
＿＿＿□□□＿＿＿＿
＿＿■■□□＿＿＿＿
□＿■■□□□＿＿□
□＿□□□□□＿＿□
□□□□□□□＿＿□
□□□□□＿□□□□
□□□□□□□□＿□
□□□□□□□□＿□
□□□□□□□□＿□
□□□＿□□□□□□
□□＿□□□□□□＿
□□□□□□□□□＿
□□□□□□□□□＿
□□□□□□□□＿□
□□□□□□□□□＿
00:10:58(19755f):field(19754f)
＿＿＿＿＿＿＿＿＿＿
＿＿＿＿＿＿＿＿＿＿
＿＿＿＿＿＿＿＿＿＿
＿＿＿＿＿＿＿＿＿＿
＿＿＿＿◆◆＿＿＿＿
＿＿＿◆□□＿＿＿＿
＿＿◆□□□＿＿＿＿
◆＿□□□□◆＿＿◆
□＿□□□□□＿■□
□◆□□□□□＿■□
□□□□□＿□□□□
□□□□□□□□＿□
□□□□□□□□＿□
□□□□□□□□＿□
□□□＿□□□□□□
□□＿□□□□□□＿
□□□□□□□□□＿
□□□□□□□□□＿
□□□□□□□□＿□
□□□□□□□□□＿
00:10:58(19769f):field(19768f)
＿＿＿＿＿＿＿＿＿＿
＿＿＿＿＿＿＿＿＿＿
＿＿＿＿＿＿＿＿＿＿
＿＿＿＿＿＿＿＿＿＿
＿＿＿＿＿＿＿＿＿＿
＿＿＿＿□□＿＿＿＿
＿＿＿□□□＿＿■■
＿＿□□□□＿＿■■
□＿□□□□□＿□□
□＿□□□□□＿□□
□□□□□＿□□□□
□□□□□□□□＿□
□□□□□□□□＿□
□□□□□□□□＿□
□□□＿□□□□□□
□□＿□□□□□□＿
□□□□□□□□□＿
□□□□□□□□□＿
□□□□□□□□＿□
□□□□□□□□□＿
00:10:59(19782f):field(19781f)
＿＿＿＿＿＿＿＿＿＿
＿＿＿＿＿＿＿＿＿＿
＿＿＿＿＿＿＿＿＿＿
＿＿＿＿＿＿＿＿＿＿
＿＿＿＿＿＿＿＿＿＿
＿＿＿＿□□＿＿＿＿
＿＿＿□□□■＿□□
＿＿□□□□■■□□
□＿□□□□□■□□
□＿□□□□□＿□□
□□□□□＿□□□□
□□□□□□□□＿□
□□□□□□□□＿□
□□□□□□□□＿□
□□□＿□□□□□□
□□＿□□□□□□＿
□□□□□□□□□＿
□□□□□□□□□＿
□□□□□□□□＿□
□□□□□□□□□＿
00:10:59(19796f):field(19795f)
＿＿＿＿＿＿＿＿＿＿
＿＿＿＿＿＿＿＿＿＿
＿＿＿＿＿＿＿＿＿＿
＿＿＿＿■＿＿＿＿＿
＿＿＿■■＿＿＿＿＿
＿＿＿■□□＿＿＿＿
＿＿＿□□□□＿□□
＿＿□□□□□□□□
□＿□□□□□□□□
□＿□□□□□＿□□
□□□□□＿□□□□
□□□□□□□□＿□
□□□□□□□□＿□
□□□□□□□□＿□
□□□＿□□□□□□
□□＿□□□□□□＿
□□□□□□□□□＿
□□□□□□□□□＿
□□□□□□□□＿□
□□□□□□□□□＿
00:11:00(19811f):field(19810f)
＿＿＿＿＿＿＿＿＿＿
＿＿＿＿＿＿＿＿＿＿
＿＿＿＿＿＿＿＿＿＿
＿＿＿＿□＿＿＿＿＿
＿＿＿□□＿＿＿＿＿
＿＿＿□□□■■■＿
＿＿＿□□□□■□□
＿＿□□□□□□□□
□＿□□□□□□□□
□＿□□□□□＿□□
□□□□□＿□□□□
□□□□□□□□＿□
□□□□□□□□＿□
□□□□□□□□＿□
□□□＿□□□□□□
□□＿□□□□□□＿
□□□□□□□□□＿
□□□□□□□□□＿
□□□□□□□□＿□
□□□□□□□□□＿
00:11:01(19835f):field(19834f)
＿＿＿＿＿＿＿＿＿＿
＿＿＿＿＿＿＿＿＿＿
＿＿＿＿＿＿＿＿＿＿
＿＿＿＿□＿＿＿＿＿
＿＿＿□□＿＿＿＿＿
＿＿■□□□□□□＿
＿■■□□□□□□□
＿■□□□□□□□□
□＿□□□□□□□□
□＿□□□□□＿□□
□□□□□＿□□□□
□□□□□□□□＿□
□□□□□□□□＿□
□□□□□□□□＿□
□□□＿□□□□□□
□□＿□□□□□□＿
□□□□□□□□□＿
□□□□□□□□□＿
□□□□□□□□＿□
□□□□□□□□□＿
00:11:01(19850f):field(19849f)
＿＿＿＿＿＿＿＿＿＿
＿＿＿＿＿＿＿＿＿＿
＿＿＿＿＿＿＿＿＿＿
＿＿＿＿□＿＿■＿＿
＿＿＿□□■■■＿＿
＿＿□□□□□□□＿
＿□□□□□□□□□
＿□□□□□□□□□
□＿□□□□□□□□
□＿□□□□□＿□□
□□□□□＿□□□□
□□□□□□□□＿□
□□□□□□□□＿□
□□□□□□□□＿□
□□□＿□□□□□□
□□＿□□□□□□＿
□□□□□□□□□＿
□□□□□□□□□＿
□□□□□□□□＿□
□□□□□□□□□＿
00:11:02(19863f):field(19862f)
＿＿＿＿＿＿＿＿＿＿
＿＿＿＿＿＿＿＿＿＿
＿＿＿＿＿＿■■＿＿
＿＿＿＿□■■□＿＿
＿＿＿□□□□□＿＿
＿＿□□□□□□□＿
＿□□□□□□□□□
＿□□□□□□□□□
□＿□□□□□□□□
□＿□□□□□＿□□
□□□□□＿□□□□
□□□□□□□□＿□
□□□□□□□□＿□
□□□□□□□□＿□
□□□＿□□□□□□
□□＿□□□□□□＿
□□□□□□□□□＿
□□□□□□□□□＿
□□□□□□□□＿□
□□□□□□□□□＿
00:11:02(19877f):field(19876f)
＿＿＿＿＿＿＿＿＿＿
＿＿＿＿＿＿＿＿＿＿
＿＿＿＿＿＿□□＿＿
＿＿＿＿□□□□＿＿
■■＿□□□□□＿＿
■■□□□□□□□＿
＿□□□□□□□□□
＿□□□□□□□□□
□＿□□□□□□□□
□＿□□□□□＿□□
□□□□□＿□□□□
□□□□□□□□＿□
□□□□□□□□＿□
□□□□□□□□＿□
□□□＿□□□□□□
□□＿□□□□□□＿
□□□□□□□□□＿
□□□□□□□□□＿
□□□□□□□□＿□
□□□□□□□□□＿
00:11:03(19891f):field(19890f)
＿＿＿＿＿＿＿＿＿＿
＿＿＿＿＿＿＿＿＿＿
＿＿＿＿＿＿□□＿＿
■■■＿□□□□＿＿
□□■□□□□□＿＿
□□□□□□□□□＿
＿□□□□□□□□□
＿□□□□□□□□□
□＿□□□□□□□□
□＿□□□□□＿□□
□□□□□＿□□□□
□□□□□□□□＿□
□□□□□□□□＿□
□□□□□□□□＿□
□□□＿□□□□□□
□□＿□□□□□□＿
□□□□□□□□□＿
□□□□□□□□□＿
□□□□□□□□＿□
□□□□□□□□□＿
00:11:03(19904f):field(19903f)
＿＿＿＿＿＿＿＿＿＿
＿＿＿＿＿＿＿＿＿＿
＿＿■■■＿□□＿＿
□□□■□□□□＿＿
□□□□□□□□＿＿
□□□□□□□□□＿
＿□□□□□□□□□
＿□□□□□□□□□
□＿□□□□□□□□
□＿□□□□□＿□□
□□□□□＿□□□□
□□□□□□□□＿□
□□□□□□□□＿□
□□□□□□□□＿□
□□□＿□□□□□□
□□＿□□□□□□＿
□□□□□□□□□＿
□□□□□□□□□＿
□□□□□□□□＿□
□□□□□□□□□＿
00:11:04(19924f):field(19923f)
＿＿＿＿＿＿＿＿＿＿
＿＿＿＿＿＿＿＿＿＿
＿＿◆◆◆■◆◆＿＿
◆◆□□□□□□＿■
□□□□□□□□■＿
□□□□□□□□□＿
＿□□□□□□□□□
＿□□□□□□□□□
□＿□□□□□□□□
□＿□□□□□＿□□
□□□□□＿□□□□
□□□□□□□□＿□
□□□□□□□□＿□
□□□□□□□□＿□
□□□＿□□□□□□
□□＿□□□□□□＿
□□□□□□□□□＿
□□□□□□□□□＿
□□□□□□□□＿□
□□□□□□□□□＿
00:11:04(19937f):field(19936f)
＿＿＿＿＿＿＿＿＿＿
■＿＿＿＿＿＿＿＿＿
■＿＿＿＿◆＿＿＿＿
■■□□□◆□□＿□
□□□□□□□□□＿
□□□□□□□□□＿
＿□□□□□□□□□
＿□□□□□□□□□
□＿□□□□□□□□
□＿□□□□□＿□□
□□□□□＿□□□□
□□□□□□□□＿□
□□□□□□□□＿□
□□□□□□□□＿□
□□□＿□□□□□□
□□＿□□□□□□＿
□□□□□□□□□＿
□□□□□□□□□＿
□□□□□□□□＿□
□□□□□□□□□＿
00:11:05(19955f):field(19954f)
＿＿＿＿＿＿＿＿＿＿
□＿＿＿＿＿＿■＿＿
□＿＿＿＿＿＿■■＿
□□□□□＿□□■□
□□□□□□□□□＿
□□□□□□□□□＿
＿□□□□□□□□□
＿□□□□□□□□□
□＿□□□□□□□□
□＿□□□□□＿□□
□□□□□＿□□□□
□□□□□□□□＿□
□□□□□□□□＿□
□□□□□□□□＿□
□□□＿□□□□□□
□□＿□□□□□□＿
□□□□□□□□□＿
□□□□□□□□□＿
□□□□□□□□＿□
□□□□□□□□□＿
00:11:05(19969f):field(19968f)
＿＿＿＿＿＿＿＿＿＿
□＿＿＿＿＿＿□＿＿
□■■■■＿＿□□＿
□□□□□＿□□□□
□□□□□□□□□＿
□□□□□□□□□＿
＿□□□□□□□□□
＿□□□□□□□□□
□＿□□□□□□□□
□＿□□□□□＿□□
□□□□□＿□□□□
□□□□□□□□＿□
□□□□□□□□＿□
□□□□□□□□＿□
□□□＿□□□□□□
□□＿□□□□□□＿
□□□□□□□□□＿
□□□□□□□□□＿
□□□□□□□□＿□
□□□□□□□□□＿
00:11:06(19992f):field(19991f)
＿＿＿＿＿＿■＿＿＿
□＿＿＿＿＿■□＿＿
□□□□□■■□□＿
□□□□□＿□□□□
□□□□□□□□□＿
□□□□□□□□□＿
＿□□□□□□□□□
＿□□□□□□□□□
□＿□□□□□□□□
□＿□□□□□＿□□
□□□□□＿□□□□
□□□□□□□□＿□
□□□□□□□□＿□
□□□□□□□□＿□
□□□＿□□□□□□
□□＿□□□□□□＿
□□□□□□□□□＿
□□□□□□□□□＿
□□□□□□□□＿□
□□□□□□□□□＿
00:11:07(20011f):field(20010f)
■■＿＿＿＿□＿＿＿
□■■＿＿＿□□＿＿
□□□□□□□□□＿
□□□□□＿□□□□
□□□□□□□□□＿
□□□□□□□□□＿
＿□□□□□□□□□
＿□□□□□□□□□
□＿□□□□□□□□
□＿□□□□□＿□□
□□□□□＿□□□□
□□□□□□□□＿□
□□□□□□□□＿□
□□□□□□□□＿□
□□□＿□□□□□□
□□＿□□□□□□＿
□□□□□□□□□＿
□□□□□□□□□＿
□□□□□□□□＿□
□□□□□□□□□＿
00:11:07(20029f):field(20028f)
□□＿■■＿□＿＿＿
□□□■■＿□□＿＿
□□□□□□□□□＿
□□□□□＿□□□□
□□□□□□□□□＿
□□□□□□□□□＿
＿□□□□□□□□□
＿□□□□□□□□□
□＿□□□□□□□□
□＿□□□□□＿□□
□□□□□＿□□□□
□□□□□□□□＿□
□□□□□□□□＿□
□□□□□□□□＿□
□□□＿□□□□□□
□□＿□□□□□□＿
□□□□□□□□□＿
□□□□□□□□□＿
□□□□□□□□＿□
□□□□□□□□□＿
00:11:43(21096f):game end
