00:31:41(57035f):game start
00:31:55(57477f):field(57476f)
＿＿＿＿＿＿＿＿＿＿
＿＿＿＿＿＿＿＿＿＿
＿＿＿＿＿＿＿＿＿＿
＿＿＿＿＿＿＿＿＿＿
＿＿＿＿＿＿＿＿＿＿
＿＿＿＿＿＿＿＿＿＿
＿＿＿＿＿＿＿＿＿＿
＿＿＿＿＿＿＿＿＿＿
＿＿＿＿＿＿＿＿＿＿
＿＿＿＿＿＿＿＿＿＿
＿＿＿＿＿＿＿＿＿＿
＿＿＿＿＿＿＿＿＿＿
＿＿＿＿＿＿＿＿＿＿
＿＿＿＿＿＿＿＿＿＿
＿＿＿＿＿＿＿＿＿＿
＿＿＿＿＿＿＿＿＿＿
＿＿＿＿＿＿＿＿＿＿
＿＿＿＿＿＿＿＿＿＿
＿＿＿＿＿＿■＿＿＿
＿＿＿＿■■■＿＿＿
00:31:58(57543f):field(57542f)
＿＿＿＿＿＿＿＿＿＿
＿＿＿＿＿＿＿＿＿＿
＿＿＿＿＿＿＿＿＿＿
＿＿＿＿＿＿＿＿＿＿
＿＿＿＿＿＿＿＿＿＿
＿＿＿＿＿＿＿＿＿＿
＿＿＿＿＿＿＿＿＿＿
＿＿＿＿＿＿＿＿＿＿
＿＿＿＿＿＿＿＿＿＿
＿＿＿＿＿＿＿＿＿＿
＿＿＿＿＿＿＿＿＿＿
＿＿＿＿＿＿＿＿＿＿
＿＿＿＿＿＿＿＿＿＿
＿＿＿＿＿＿＿＿＿＿
＿＿＿＿＿＿＿＿＿＿
＿＿＿＿＿＿＿＿＿＿
＿＿＿＿＿＿＿＿＿＿
＿＿＿■＿＿＿＿＿＿
＿＿＿■■＿□＿＿＿
＿＿＿■□□□＿＿＿
00:31:59(57597f):field(57596f)
＿＿＿＿＿＿＿＿＿＿
＿＿＿＿＿＿＿＿＿＿
＿＿＿＿＿＿＿＿＿＿
＿＿＿＿＿＿＿＿＿＿
＿＿＿＿＿＿＿＿＿＿
＿＿＿＿＿＿＿＿＿＿
＿＿＿＿＿＿＿＿＿＿
＿＿＿＿＿＿＿＿＿＿
＿＿＿＿＿＿＿＿＿＿
＿＿＿＿＿＿＿＿＿＿
＿＿＿＿＿＿＿＿＿＿
＿＿＿＿＿＿＿＿＿＿
＿＿＿＿＿＿＿＿＿＿
＿＿＿＿＿＿＿＿＿＿
＿＿＿＿＿＿＿＿＿＿
＿＿＿＿＿＿＿＿＿＿
＿＿＿＿＿＿＿＿＿＿
＿＿＿□＿＿＿＿＿＿
＿■■□□＿□＿＿＿
＿■■□□□□＿＿＿
00:32:02(57666f):field(57665f)
＿＿＿＿＿＿＿＿＿＿
＿＿＿＿＿＿＿＿＿＿
＿＿＿＿＿＿＿＿＿＿
＿＿＿＿＿＿＿＿＿＿
＿＿＿＿＿＿＿＿＿＿
＿＿＿＿＿＿＿＿＿＿
＿＿＿＿＿＿＿＿＿＿
＿＿＿＿＿＿＿＿＿＿
＿＿＿＿＿＿＿＿＿＿
＿＿＿＿＿＿＿＿＿＿
＿＿＿＿＿＿＿＿＿＿
＿＿＿＿＿＿＿＿＿＿
＿＿＿＿＿＿＿＿＿＿
＿＿＿＿＿＿＿＿＿＿
＿＿＿＿＿＿＿＿＿＿
＿＿＿＿＿＿＿＿＿＿
＿＿＿＿＿＿＿＿＿＿
＿＿＿□＿＿＿＿＿＿
＿□□□□＿□■＿＿
＿□□□□□□■■■
00:32:03(57707f):field(57706f)
＿＿＿＿＿＿＿＿＿＿
＿＿＿＿＿＿＿＿＿＿
＿＿＿＿＿＿＿＿＿＿
＿＿＿＿＿＿＿＿＿＿
＿＿＿＿＿＿＿＿＿＿
＿＿＿＿＿＿＿＿＿＿
＿＿＿＿＿＿＿＿＿＿
＿＿＿＿＿＿＿＿＿＿
＿＿＿＿＿＿＿＿＿＿
＿＿＿＿＿＿＿＿＿＿
＿＿＿＿＿＿＿＿＿＿
＿＿＿＿＿＿＿＿＿＿
＿＿＿＿＿＿＿＿＿＿
＿＿＿＿＿＿＿＿＿＿
＿＿＿＿＿＿＿＿＿＿
＿＿＿＿＿＿＿＿＿＿
＿＿＿＿■＿＿＿＿＿
＿＿＿□■■＿＿＿＿
＿□□□□■□□＿＿
＿□□□□□□□□□
00:32:05(57764f):field(57763f)
＿＿＿＿＿＿＿＿＿＿
＿＿＿＿＿＿＿＿＿＿
＿＿＿＿＿＿＿＿＿＿
＿＿＿＿＿＿＿＿＿＿
＿＿＿＿＿＿＿＿＿＿
＿＿＿＿＿＿＿＿＿＿
＿＿＿＿＿＿＿＿＿＿
＿＿＿＿＿＿＿＿＿＿
＿＿＿＿＿＿＿＿＿＿
＿＿＿＿＿＿＿＿＿＿
＿＿＿＿＿＿＿＿＿＿
＿＿＿＿＿＿＿＿＿＿
＿＿＿＿＿＿＿＿＿＿
＿＿＿＿＿＿＿＿＿＿
＿＿＿＿＿＿＿＿＿＿
＿＿＿＿＿＿＿＿＿＿
＿＿＿＿◆＿＿＿＿＿
■＿＿◆□◆＿＿＿＿
■◆◆□□□◆◆＿＿
■□□□□□□□◆◆
00:32:06(57807f):field(57806f)
＿＿＿＿＿＿＿＿＿＿
＿＿＿＿＿＿＿＿＿＿
＿＿＿＿＿＿＿＿＿＿
＿＿＿＿＿＿＿＿＿＿
＿＿＿＿＿＿＿＿＿＿
＿＿＿＿＿＿＿＿＿＿
＿＿＿＿＿＿＿＿＿＿
＿＿＿＿＿＿＿＿＿＿
＿＿＿＿＿＿＿＿＿＿
＿＿＿＿＿＿＿＿＿＿
＿＿＿＿＿＿＿＿＿＿
＿＿＿＿＿＿＿＿＿＿
＿＿＿＿＿＿＿＿＿＿
＿＿＿＿＿＿＿＿＿＿
＿＿＿＿＿＿＿＿＿＿
＿＿＿＿＿＿＿＿＿＿
＿＿＿■＿＿＿＿＿＿
□＿■■□＿＿＿＿＿
□＿■□□□＿＿＿＿
□□□□□□□□＿＿
00:32:08(57843f):field(57842f)
＿＿＿＿＿＿＿＿＿＿
＿＿＿＿＿＿＿＿＿＿
＿＿＿＿＿＿＿＿＿＿
＿＿＿＿＿＿＿＿＿＿
＿＿＿＿＿＿＿＿＿＿
＿＿＿＿＿＿＿＿＿＿
＿＿＿＿＿＿＿＿＿＿
＿＿＿＿＿＿＿＿＿＿
＿＿＿＿＿＿＿＿＿＿
＿＿＿＿＿＿＿＿＿＿
＿＿＿＿＿＿＿＿＿＿
＿＿＿＿＿＿＿＿＿＿
＿＿＿＿＿＿＿＿＿＿
＿＿＿＿＿＿＿＿＿＿
＿＿＿＿＿＿＿＿＿＿
＿＿＿＿＿＿＿＿＿＿
■■＿□＿＿＿＿＿＿
□■□□□＿＿＿＿＿
□■□□□□＿＿＿＿
□□□□□□□□＿＿
00:32:10(57901f):field(57900f)
＿＿＿＿＿＿＿＿＿＿
＿＿＿＿＿＿＿＿＿＿
＿＿＿＿＿＿＿＿＿＿
＿＿＿＿＿＿＿＿＿＿
＿＿＿＿＿＿＿＿＿＿
＿＿＿＿＿＿＿＿＿＿
＿＿＿＿＿＿＿＿＿＿
＿＿＿＿＿＿＿＿＿＿
＿＿＿＿＿＿＿＿＿＿
＿＿＿＿＿＿＿＿＿＿
＿＿＿＿＿＿＿＿＿＿
＿＿＿＿＿＿＿＿＿＿
＿＿＿＿＿＿＿＿＿＿
＿＿＿＿＿＿＿＿＿＿
＿＿＿＿＿＿＿＿＿＿
＿＿＿＿＿＿＿＿＿＿
□□＿□＿＿＿＿＿＿
□□□□□＿＿＿■＿
□□□□□□＿■■＿
□□□□□□□□■＿
00:32:11(57949f):field(57948f)
＿＿＿＿＿＿＿＿＿＿
＿＿＿＿＿＿＿＿＿＿
＿＿＿＿＿＿＿＿＿＿
＿＿＿＿＿＿＿＿＿＿
＿＿＿＿＿＿＿＿＿＿
＿＿＿＿＿＿＿＿＿＿
＿＿＿＿＿＿＿＿＿＿
＿＿＿＿＿＿＿＿＿＿
＿＿＿＿＿＿＿＿＿＿
＿＿＿＿＿＿＿＿＿＿
＿＿＿＿＿＿＿＿＿＿
＿＿＿＿＿＿＿＿＿＿
＿＿＿＿＿＿＿＿＿＿
＿＿＿＿＿＿＿＿＿＿
■■＿＿＿＿＿＿＿＿
■■＿＿＿＿＿＿＿＿
□□＿□＿＿＿＿＿＿
□□□□□＿＿＿□＿
□□□□□□＿□□＿
□□□□□□□□□＿
00:32:12(57987f):field(57986f)
＿＿＿＿＿＿＿＿＿＿
＿＿＿＿＿＿＿＿＿＿
＿＿＿＿＿＿＿＿＿＿
＿＿＿＿＿＿＿＿＿＿
＿＿＿＿＿＿＿＿＿＿
＿＿＿＿＿＿＿＿＿＿
＿＿＿＿＿＿＿＿＿＿
＿＿＿＿＿＿＿＿＿＿
＿＿＿＿＿＿＿＿＿＿
＿＿＿＿＿＿＿＿＿＿
＿＿＿＿＿＿＿＿＿＿
＿＿＿＿＿＿＿＿＿＿
＿＿＿＿＿＿＿＿＿＿
＿＿＿＿＿＿＿＿＿＿
□□＿＿＿＿＿＿＿＿
□□＿＿＿＿＿＿＿＿
□□＿□＿■＿＿＿＿
□□□□□■■＿□＿
□□□□□□■□□＿
□□□□□□□□□＿
00:32:14(58041f):field(58040f)
＿＿＿＿＿＿＿＿＿＿
＿＿＿＿＿＿＿＿＿＿
＿＿＿＿＿＿＿＿＿＿
＿＿＿＿＿＿＿＿＿＿
＿＿＿＿＿＿＿＿＿＿
＿＿＿＿＿＿＿＿＿＿
＿＿＿＿＿＿＿＿＿＿
＿＿＿＿＿＿＿＿＿＿
＿＿＿＿＿＿＿＿＿＿
＿＿＿＿＿＿＿＿＿＿
＿＿＿＿＿＿＿＿＿＿
＿＿＿＿＿＿＿＿＿＿
＿＿＿■＿＿＿＿＿＿
＿＿＿■＿＿＿＿＿＿
□□＿■＿＿＿＿＿＿
□□＿■＿＿＿＿＿＿
□□＿□＿□＿＿＿＿
□□□□□□□＿□＿
□□□□□□□□□＿
□□□□□□□□□＿
00:32:17(58134f):field(58133f)
＿＿＿＿＿＿＿＿＿＿
＿＿＿＿＿＿＿＿＿＿
＿＿＿＿＿＿＿＿＿＿
＿＿＿＿＿＿＿＿＿＿
＿＿＿＿＿＿＿＿＿＿
＿＿＿＿＿＿＿＿＿＿
＿＿＿＿＿＿＿＿＿＿
＿＿＿＿＿＿＿＿＿＿
＿＿＿＿＿＿＿＿＿＿
＿＿＿＿＿＿＿＿＿＿
＿＿＿＿＿＿＿＿＿＿
＿＿＿＿＿＿＿＿＿＿
＿＿＿◆＿＿＿＿＿＿
＿＿＿□＿＿＿＿＿＿
◆◆＿□＿＿＿＿＿＿
□□＿□＿＿＿＿＿＿
□□＿□＿◆＿＿＿＿
□□◆□◆□◆＿□■
□□□□□□□◆□■
□□□□□□□□□＿
00:32:20(58210f):field(58209f)
＿＿＿＿＿＿＿＿＿＿
＿＿＿＿＿＿＿＿＿＿
＿＿＿＿＿＿＿＿＿＿
＿＿＿＿＿＿＿＿＿＿
＿＿＿＿＿＿＿＿＿＿
＿＿＿＿＿＿＿＿＿＿
＿＿＿＿＿＿＿＿＿＿
＿＿＿＿＿＿＿＿＿＿
＿＿＿＿＿＿＿＿＿＿
＿＿＿＿＿＿＿＿＿＿
＿＿＿＿＿＿＿＿＿＿
＿＿＿＿＿＿＿＿＿＿
＿＿＿＿＿＿＿＿＿＿
＿＿＿◆＿＿＿＿＿＿
＿＿＿□＿＿＿＿＿＿
◆◆＿□＿＿＿＿＿＿
□□＿□＿＿＿＿＿＿
□□＿□＿◆＿■◆◆
□□◆□◆□□■□□
□□□□□□□□□＿
00:32:21(58253f):field(58252f)
＿＿＿＿＿＿＿＿＿＿
＿＿＿＿＿＿＿＿＿＿
＿＿＿＿＿＿＿＿＿＿
＿＿＿＿＿＿＿＿＿＿
＿＿＿＿＿＿＿＿＿＿
＿＿＿＿＿＿＿＿＿＿
＿＿＿＿＿＿＿＿＿＿
＿＿＿＿＿＿＿＿＿＿
＿＿＿＿＿＿＿＿＿＿
＿＿＿＿＿＿＿＿＿＿
＿＿＿＿＿＿＿＿＿＿
＿＿＿＿＿＿＿＿＿＿
＿＿＿＿＿＿＿＿＿＿
＿＿＿＿＿＿＿＿＿＿
＿＿＿□＿＿＿＿＿＿
＿＿＿□＿＿＿＿＿■
□□＿□＿＿＿＿＿■
□□＿□＿＿＿□■■
□□＿□＿□□□□□
□□□□□□□□□＿
00:32:23(58296f):field(58295f)
＿＿＿＿＿＿＿＿＿＿
＿＿＿＿＿＿＿＿＿＿
＿＿＿＿＿＿＿＿＿＿
＿＿＿＿＿＿＿＿＿＿
＿＿＿＿＿＿＿＿＿＿
＿＿＿＿＿＿＿＿＿＿
＿＿＿＿＿＿＿＿＿＿
＿＿＿＿＿＿＿＿＿＿
＿＿＿＿＿＿＿＿＿＿
＿＿＿＿＿＿＿＿＿＿
＿＿＿＿＿＿＿＿＿＿
＿＿＿＿＿＿＿＿＿＿
＿＿＿＿＿＿＿＿＿＿
＿＿＿＿＿＿＿＿＿＿
＿＿＿□＿＿＿＿＿＿
＿＿＿□＿＿＿＿＿□
□□＿□＿＿■■＿□
□□＿□＿■■□□□
□□＿□＿□□□□□
□□□□□□□□□＿
00:32:24(58329f):field(58328f)
＿＿＿＿＿＿＿＿＿＿
＿＿＿＿＿＿＿＿＿＿
＿＿＿＿＿＿＿＿＿＿
＿＿＿＿＿＿＿＿＿＿
＿＿＿＿＿＿＿＿＿＿
＿＿＿＿＿＿＿＿＿＿
＿＿＿＿＿＿＿＿＿＿
＿＿＿＿＿＿＿＿＿＿
＿＿＿＿＿＿＿＿＿＿
＿＿＿＿＿＿＿＿＿＿
＿＿＿＿＿＿＿＿＿＿
＿＿＿＿＿＿＿＿＿＿
＿＿＿＿＿＿＿＿＿＿
＿＿＿＿＿＿＿＿＿＿
■■＿□＿＿＿＿＿＿
■■＿□＿＿＿＿＿□
□□＿□＿＿□□＿□
□□＿□＿□□□□□
□□＿□＿□□□□□
□□□□□□□□□＿
00:32:26(58393f):field(58392f)
＿＿＿＿＿＿＿＿＿＿
＿＿＿＿＿＿＿＿＿＿
＿＿＿＿＿＿＿＿＿＿
＿＿＿＿＿＿＿＿＿＿
＿＿＿＿＿＿＿＿＿＿
＿＿＿＿＿＿＿＿＿＿
＿＿＿＿＿＿＿＿＿＿
＿＿＿＿＿＿＿＿＿＿
＿＿＿＿＿＿＿＿＿＿
＿＿＿＿＿＿＿＿＿＿
＿＿＿＿＿＿＿＿＿＿
＿＿＿＿＿＿＿＿＿＿
＿＿＿＿＿＿＿＿＿＿
＿＿＿＿＿＿＿＿＿＿
□□＿□＿＿＿■■＿
□□＿□＿＿＿＿■□
□□＿□＿＿□□■□
□□＿□＿□□□□□
□□＿□＿□□□□□
□□□□□□□□□＿
00:32:27(58413f):field(58412f)
＿＿＿＿＿＿＿＿＿＿
＿＿＿＿＿＿＿＿＿＿
＿＿＿＿＿＿＿＿＿＿
＿＿＿＿＿＿＿＿＿＿
＿＿＿＿＿＿＿＿＿＿
＿＿＿＿＿＿＿＿＿＿
＿＿＿＿＿＿＿＿＿＿
＿＿＿＿＿＿＿＿＿＿
＿＿＿＿＿＿＿＿＿＿
＿＿＿＿＿＿＿＿＿＿
＿＿＿＿＿＿＿＿＿＿
＿＿＿＿＿＿＿＿＿＿
＿＿＿＿■＿＿＿＿＿
＿＿＿■■＿＿＿＿＿
□□＿□■＿＿□□＿
□□＿□＿＿＿＿□□
□□＿□＿＿□□□□
□□＿□＿□□□□□
□□＿□＿□□□□□
□□□□□□□□□＿
00:32:29(58480f):field(58479f)
＿＿＿＿＿＿＿＿＿＿
＿＿＿＿＿＿＿＿＿＿
＿＿＿＿＿＿＿＿＿＿
＿＿＿＿＿＿＿＿＿＿
＿＿＿＿＿＿＿＿＿＿
＿＿＿＿＿＿＿＿＿＿
＿＿＿＿＿＿＿＿＿＿
＿＿＿＿＿＿＿＿＿＿
＿＿＿＿＿＿＿＿＿＿
＿＿＿＿＿＿＿＿＿＿
＿＿＿＿＿＿＿＿＿＿
＿＿＿＿＿＿＿＿＿■
＿＿＿＿□＿＿＿＿■
＿＿＿□□＿＿＿＿■
□□＿□□＿＿□□■
□□＿□＿＿＿＿□□
□□＿□＿＿□□□□
□□＿□＿□□□□□
□□＿□＿□□□□□
□□□□□□□□□＿
00:32:30(58523f):field(58522f)
＿＿＿＿＿＿＿＿＿＿
＿＿＿＿＿＿＿＿＿＿
＿＿＿＿＿＿＿＿＿＿
＿＿＿＿＿＿＿＿＿＿
＿＿＿＿＿＿＿＿＿＿
＿＿＿＿＿＿＿＿＿＿
＿＿＿＿＿＿＿＿＿＿
＿＿＿＿＿＿＿＿＿＿
＿＿＿＿＿＿＿＿＿＿
＿＿＿＿＿＿＿＿＿＿
＿＿＿＿＿＿＿＿＿＿
＿＿＿＿＿＿＿＿＿□
＿＿＿＿□＿＿＿＿□
＿＿＿□□＿＿＿＿□
□□＿□□＿■□□□
□□＿□＿■■＿□□
□□＿□＿■□□□□
□□＿□＿□□□□□
□□＿□＿□□□□□
□□□□□□□□□＿
00:32:32(58560f):field(58559f)
＿＿＿＿＿＿＿＿＿＿
＿＿＿＿＿＿＿＿＿＿
＿＿＿＿＿＿＿＿＿＿
＿＿＿＿＿＿＿＿＿＿
＿＿＿＿＿＿＿＿＿＿
＿＿＿＿＿＿＿＿＿＿
＿＿＿＿＿＿＿＿＿＿
＿＿＿＿＿＿＿＿＿＿
＿＿＿＿＿＿＿＿＿＿
＿＿＿＿＿＿＿＿■■
＿＿＿＿＿＿＿＿■■
＿＿＿＿＿＿＿＿＿□
＿＿＿＿□＿＿＿＿□
＿＿＿□□＿＿＿＿□
□□＿□□＿□□□□
□□＿□＿□□＿□□
□□＿□＿□□□□□
□□＿□＿□□□□□
□□＿□＿□□□□□
□□□□□□□□□＿
00:32:34(58620f):field(58619f)
＿＿＿＿＿＿＿＿＿＿
＿＿＿＿＿＿＿＿＿＿
＿＿＿＿＿＿＿＿＿＿
＿＿＿＿＿＿＿＿＿＿
＿＿＿＿＿＿＿＿＿＿
＿＿＿＿＿＿＿＿＿＿
＿＿＿＿＿＿＿＿＿＿
＿＿＿＿＿＿＿＿＿＿
＿＿＿＿＿＿＿＿＿＿
＿＿＿＿＿＿＿＿□□
＿＿＿＿＿＿＿＿□□
＿＿＿＿＿＿＿■＿□
＿＿＿＿□＿＿■＿□
＿＿＿□□＿■■＿□
□□＿□□＿□□□□
□□＿□＿□□＿□□
□□＿□＿□□□□□
□□＿□＿□□□□□
□□＿□＿□□□□□
□□□□□□□□□＿
00:32:36(58705f):field(58704f)
＿＿＿＿＿＿＿＿＿＿
＿＿＿＿＿＿＿＿＿＿
＿＿＿＿＿＿＿＿＿＿
＿＿＿＿＿＿＿＿＿＿
＿＿＿＿＿＿＿＿＿＿
＿＿＿＿＿＿＿＿＿＿
＿＿＿＿＿＿＿＿＿＿
＿＿＿＿＿＿＿＿＿＿
＿＿＿＿＿＿＿＿＿＿
＿＿＿＿＿＿＿＿□□
＿＿＿＿＿＿＿＿□□
＿＿＿＿＿＿＿□＿□
＿■＿＿□＿＿□＿□
＿■■□□＿□□＿□
□□■□□＿□□□□
□□＿□＿□□＿□□
□□＿□＿□□□□□
□□＿□＿□□□□□
□□＿□＿□□□□□
□□□□□□□□□＿
00:32:38(58766f):field(58765f)
＿＿＿＿＿＿＿＿＿＿
＿＿＿＿＿＿＿＿＿＿
＿＿＿＿＿＿＿＿＿＿
＿＿＿＿＿＿＿＿＿＿
＿＿＿＿＿＿＿＿＿＿
＿＿＿＿＿＿＿＿＿＿
＿＿＿＿＿＿＿＿＿＿
＿＿＿＿＿＿＿＿＿＿
＿＿＿＿＿＿＿＿＿＿
＿＿＿＿＿＿＿＿□□
＿＿＿＿＿＿＿＿□□
＿＿＿＿＿■＿□＿□
＿□＿＿□■■□＿□
＿□□□□■□□＿□
□□□□□＿□□□□
□□＿□＿□□＿□□
□□＿□＿□□□□□
□□＿□＿□□□□□
□□＿□＿□□□□□
□□□□□□□□□＿
00:32:40(58829f):field(58828f)
＿＿＿＿＿＿＿＿＿＿
＿＿＿＿＿＿＿＿＿＿
＿＿＿＿＿＿＿＿＿＿
＿＿＿＿＿＿＿＿＿＿
＿＿＿＿＿＿＿＿＿＿
＿＿＿＿＿＿＿＿＿＿
＿＿＿＿＿＿＿＿＿＿
＿＿＿＿＿＿＿＿＿＿
＿＿＿＿＿＿＿＿＿＿
＿＿＿＿＿＿＿＿□□
＿＿＿＿＿＿＿＿□□
＿■■＿＿□＿□＿□
＿□■■□□□□＿□
＿□□□□□□□＿□
□□□□□＿□□□□
□□＿□＿□□＿□□
□□＿□＿□□□□□
□□＿□＿□□□□□
□□＿□＿□□□□□
□□□□□□□□□＿
00:32:42(58862f):field(58861f)
＿＿＿＿＿＿＿＿＿＿
＿＿＿＿＿＿＿＿＿＿
＿＿＿＿＿＿＿＿＿＿
＿＿＿＿＿＿＿＿＿＿
＿＿＿＿＿＿＿＿＿＿
＿＿＿＿＿＿＿＿＿＿
＿＿＿＿＿＿＿＿＿＿
＿＿＿＿＿＿＿＿＿＿
＿＿＿＿＿＿＿＿＿＿
＿＿＿＿＿＿＿＿□□
■＿＿＿＿＿＿＿□□
■□□＿＿□＿□＿□
■□□□□□□□＿□
■□□□□□□□＿□
□□□□□＿□□□□
□□＿□＿□□＿□□
□□＿□＿□□□□□
□□＿□＿□□□□□
□□＿□＿□□□□□
□□□□□□□□□＿
00:32:43(58891f):field(58890f)
＿＿＿＿＿＿＿＿＿＿
＿＿＿＿＿＿＿＿＿＿
＿＿＿＿＿＿＿＿＿＿
＿＿＿＿＿＿＿＿＿＿
＿＿＿＿＿＿＿＿＿＿
＿＿＿＿＿＿＿＿＿＿
＿＿＿＿＿＿＿＿＿＿
＿＿＿＿＿＿＿＿＿＿
＿＿＿＿＿＿＿＿＿＿
＿＿＿＿＿＿＿＿□□
□＿＿■■＿＿＿□□
□□□■■□＿□＿□
□□□□□□□□＿□
□□□□□□□□＿□
□□□□□＿□□□□
□□＿□＿□□＿□□
□□＿□＿□□□□□
□□＿□＿□□□□□
□□＿□＿□□□□□
□□□□□□□□□＿
00:32:44(58928f):field(58927f)
＿＿＿＿＿＿＿＿＿＿
＿＿＿＿＿＿＿＿＿＿
＿＿＿＿＿＿＿＿＿＿
＿＿＿＿＿＿＿＿＿＿
＿＿＿＿＿＿＿＿＿＿
＿＿＿＿＿＿＿＿＿＿
＿＿＿＿＿＿＿＿＿＿
＿＿＿＿＿＿＿＿＿＿
＿＿■＿＿＿＿＿＿＿
＿＿■＿＿＿＿＿□□
□■■□□＿＿＿□□
□□□□□□＿□＿□
□□□□□□□□＿□
□□□□□□□□＿□
□□□□□＿□□□□
□□＿□＿□□＿□□
□□＿□＿□□□□□
□□＿□＿□□□□□
□□＿□＿□□□□□
□□□□□□□□□＿
00:32:45(58975f):field(58974f)
＿＿＿＿＿＿＿＿＿＿
＿＿＿＿＿＿＿＿＿＿
＿＿＿＿＿＿＿＿＿＿
＿＿＿＿＿＿＿＿＿＿
＿＿＿＿＿＿＿＿＿＿
＿＿＿＿＿＿＿＿＿＿
＿＿＿＿＿＿＿＿＿＿
＿＿＿＿＿＿＿＿＿＿
＿＿□＿＿＿＿＿＿＿
＿＿□＿＿■＿＿□□
□□□□□■■＿□□
□□□□□□■□＿□
□□□□□□□□＿□
□□□□□□□□＿□
□□□□□＿□□□□
□□＿□＿□□＿□□
□□＿□＿□□□□□
□□＿□＿□□□□□
□□＿□＿□□□□□
□□□□□□□□□＿
00:32:47(59020f):field(59019f)
＿＿＿＿＿＿＿＿＿＿
＿＿＿＿＿＿＿＿＿＿
＿＿＿＿＿＿＿＿＿＿
＿＿＿＿＿＿＿＿＿＿
＿＿＿＿＿＿＿＿＿＿
＿＿＿＿＿＿＿＿＿＿
＿＿＿＿＿＿＿＿＿＿
■＿＿＿＿＿＿＿＿＿
■＿□＿＿＿＿＿＿＿
■■□＿＿□＿＿□□
□□□□□□□＿□□
□□□□□□□□＿□
□□□□□□□□＿□
□□□□□□□□＿□
□□□□□＿□□□□
□□＿□＿□□＿□□
□□＿□＿□□□□□
□□＿□＿□□□□□
□□＿□＿□□□□□
□□□□□□□□□＿
00:32:49(59071f):field(59070f)
＿＿＿＿＿＿＿＿＿＿
＿＿＿＿＿＿＿＿＿＿
＿＿＿＿＿＿＿＿＿＿
＿＿＿＿＿＿＿＿＿＿
＿＿＿＿＿＿＿＿＿＿
＿＿＿＿＿＿＿＿＿＿
＿＿＿＿＿＿＿＿＿＿
□＿＿＿＿■＿＿＿＿
□＿□＿■■＿＿＿＿
□□□＿■□＿＿□□
□□□□□□□＿□□
□□□□□□□□＿□
□□□□□□□□＿□
□□□□□□□□＿□
□□□□□＿□□□□
□□＿□＿□□＿□□
□□＿□＿□□□□□
□□＿□＿□□□□□
□□＿□＿□□□□□
□□□□□□□□□＿
00:32:51(59130f):field(59129f)
＿＿＿＿＿＿＿＿＿＿
＿＿＿＿＿＿＿＿＿＿
＿＿＿＿＿＿＿＿＿＿
＿＿＿＿＿＿＿＿＿＿
＿＿＿＿＿＿＿＿＿＿
＿＿＿＿＿＿＿＿＿＿
＿＿＿＿＿＿＿＿＿＿
◆＿＿＿＿◆＿＿＿＿
□＿◆＿◆□＿＿＿＿
□◆□＿□□＿■◆◆
□□□◆□□□■□□
□□□□□□□□＿□
□□□□□□□□＿□
□□□□□□□□＿□
□□□□□＿□□□□
□□＿□＿□□＿□□
□□＿□＿□□□□□
□□＿□＿□□□□□
□□＿□＿□□□□□
□□□□□□□□□＿
00:32:52(59173f):field(59172f)
＿＿＿＿＿＿＿＿＿＿
＿＿＿＿＿＿＿＿＿＿
＿＿＿＿＿＿＿＿＿＿
＿＿＿＿＿＿＿＿＿＿
＿＿＿＿＿＿＿＿＿＿
＿＿＿＿＿＿＿＿＿＿
＿＿＿＿＿＿＿＿＿＿
＿＿＿＿＿＿＿＿＿＿
□＿＿＿＿□＿＿■■
□＿□＿□□＿□■■
□□□＿□□□□□□
□□□□□□□□＿□
□□□□□□□□＿□
□□□□□□□□＿□
□□□□□＿□□□□
□□＿□＿□□＿□□
□□＿□＿□□□□□
□□＿□＿□□□□□
□□＿□＿□□□□□
□□□□□□□□□＿
00:32:54(59249f):field(59248f)
＿＿＿＿＿＿＿＿＿＿
＿＿＿＿＿＿＿＿＿＿
＿＿＿＿＿＿＿＿＿＿
＿＿＿＿＿＿＿＿＿＿
＿＿＿＿＿＿＿＿＿＿
＿＿＿＿＿＿＿＿＿＿
＿＿＿＿＿＿＿＿＿＿
＿＿＿＿＿＿＿＿＿＿
◆＿＿＿＿◆＿＿◆◆
□＿◆■□□＿◆□□
□◆□■□□◆□□□
□□□□□□□□＿□
□□□□□□□□＿□
□□□□□□□□＿□
□□□□□＿□□□□
□□＿□＿□□＿□□
□□＿□＿□□□□□
□□＿□＿□□□□□
□□＿□＿□□□□□
□□□□□□□□□＿
00:32:57(59317f):field(59316f)
＿＿＿＿＿＿＿＿＿＿
＿＿＿＿＿＿＿＿＿＿
＿＿＿＿＿＿＿＿＿＿
＿＿＿＿＿＿＿＿＿＿
＿＿＿＿＿＿＿＿＿＿
＿＿＿＿＿＿＿＿＿＿
＿＿＿＿＿＿＿＿＿＿
＿＿＿＿＿＿＿＿＿＿
＿＿＿＿＿＿＿■■＿
□＿＿□□□■■□□
□＿□□□□＿□□□
□□□□□□□□＿□
□□□□□□□□＿□
□□□□□□□□＿□
□□□□□＿□□□□
□□＿□＿□□＿□□
□□＿□＿□□□□□
□□＿□＿□□□□□
□□＿□＿□□□□□
□□□□□□□□□＿
00:32:58(59348f):field(59347f)
＿＿＿＿＿＿＿＿＿＿
＿＿＿＿＿＿＿＿＿＿
＿＿＿＿＿＿＿＿＿＿
＿＿＿＿＿＿＿＿＿＿
＿＿＿＿＿＿＿＿＿＿
＿＿＿＿＿＿＿＿＿＿
＿＿＿＿＿＿＿＿＿＿
＿＿＿＿＿＿＿＿＿＿
■■＿＿＿＿＿□□＿
□■＿□□□□□□□
□■□□□□＿□□□
□□□□□□□□＿□
□□□□□□□□＿□
□□□□□□□□＿□
□□□□□＿□□□□
□□＿□＿□□＿□□
□□＿□＿□□□□□
□□＿□＿□□□□□
□□＿□＿□□□□□
□□□□□□□□□＿
00:33:00(59410f):field(59409f)
＿＿＿＿＿＿＿＿＿＿
＿＿＿＿＿＿＿＿＿＿
＿＿＿＿＿＿＿＿＿＿
＿＿＿＿＿＿＿＿＿＿
＿＿＿＿＿＿＿＿＿＿
＿＿＿＿＿＿＿＿＿＿
＿＿＿＿＿＿＿＿＿＿
＿＿＿＿＿＿＿＿＿＿
◆◆＿■＿＿＿◆◆＿
□□■□◆◆◆□□◆
□□□□□□＿□□□
□□□□□□□□＿□
□□□□□□□□＿□
□□□□□□□□＿□
□□□□□＿□□□□
□□＿□＿□□＿□□
□□＿□＿□□□□□
□□＿□＿□□□□□
□□＿□＿□□□□□
□□□□□□□□□＿
00:33:01(59439f):field(59438f)
＿＿＿＿＿＿＿＿＿＿
＿＿＿＿＿＿＿＿＿＿
＿＿＿＿＿＿＿＿＿＿
＿＿＿＿＿＿＿＿＿＿
＿＿＿＿＿＿＿＿＿＿
＿＿＿＿＿＿＿＿＿＿
＿＿＿＿＿＿＿＿＿■
＿＿＿＿＿＿＿＿＿■
＿＿＿□＿＿＿＿＿■
□□□□＿＿＿□□■
□□□□□□＿□□□
□□□□□□□□＿□
□□□□□□□□＿□
□□□□□□□□＿□
□□□□□＿□□□□
□□＿□＿□□＿□□
□□＿□＿□□□□□
□□＿□＿□□□□□
□□＿□＿□□□□□
□□□□□□□□□＿
00:33:03(59495f):field(59494f)
＿＿＿＿＿＿＿＿＿＿
＿＿＿＿＿＿＿＿＿＿
＿＿＿＿＿＿＿＿＿＿
＿＿＿＿＿＿＿＿＿＿
＿＿＿＿＿＿＿＿＿＿
＿＿＿＿＿＿＿＿＿＿
＿＿＿＿＿＿＿＿＿◆
＿＿＿＿＿＿＿＿＿◆
＿＿＿◆＿＿＿＿＿□
◆◆◆◆＿＿＿◆◆□
◆◆◆□◆◆＿◆◆□
□□□□□□□□＿□
□□□□□□□□＿□
□□□□□□□□＿□
□□□□□＿□□□□
□□＿□＿□□＿□□
□□＿□＿□□□□□
□□＿□＿□□□□□
□□＿□＿□□□□□
□□□□□□□□□＿
00:33:06(59585f):field(59584f)
＿＿＿＿＿＿＿＿＿＿
＿＿＿＿＿＿＿＿＿＿
＿＿＿＿＿＿＿＿＿＿
＿＿＿＿＿＿＿＿＿＿
＿＿＿＿＿＿＿＿＿＿
＿＿＿＿＿＿＿＿＿＿
＿＿＿＿＿＿＿＿＿＿
＿＿＿＿＿＿＿＿＿＿
＿＿＿＿＿＿＿＿＿◆
＿＿＿＿＿＿＿＿＿□
＿＿＿◆＿＿＿■＿□
◆◆◆□◆◆◆□■□
□□□□□□□□＿□
□□□□□□□□＿□
□□□□□＿□□□□
□□＿□＿□□＿□□
□□＿□＿□□□□□
□□＿□＿□□□□□
□□＿□＿□□□□□
□□□□□□□□□＿
00:33:07(59615f):field(59614f)
＿＿＿＿＿＿＿＿＿＿
＿＿＿＿＿＿＿＿＿＿
＿＿＿＿＿＿＿＿＿＿
＿＿＿＿＿＿＿＿＿＿
＿＿＿＿＿＿＿＿＿＿
＿＿＿＿＿＿＿＿＿＿
＿＿＿＿＿＿＿＿＿＿
＿＿＿＿＿＿＿＿＿＿
＿＿＿＿＿＿＿＿＿＿
＿＿＿＿＿＿＿＿＿□
＿＿＿＿＿■■□＿□
＿＿＿□＿■■□□□
□□□□□□□□＿□
□□□□□□□□＿□
□□□□□＿□□□□
□□＿□＿□□＿□□
□□＿□＿□□□□□
□□＿□＿□□□□□
□□＿□＿□□□□□
□□□□□□□□□＿
00:33:08(59650f):field(59649f)
＿＿＿＿＿＿＿＿＿＿
＿＿＿＿＿＿＿＿＿＿
＿＿＿＿＿＿＿＿＿＿
＿＿＿＿＿＿＿＿＿＿
＿＿＿＿＿＿＿＿＿＿
＿＿＿＿＿＿＿＿＿＿
＿＿＿＿＿＿＿＿＿＿
＿＿＿＿＿＿＿＿＿＿
＿＿＿＿＿＿＿＿＿＿
＿＿＿＿＿＿＿＿＿□
＿＿■＿＿□□□＿□
■■■□＿□□□□□
□□□□□□□□＿□
□□□□□□□□＿□
□□□□□＿□□□□
□□＿□＿□□＿□□
□□＿□＿□□□□□
□□＿□＿□□□□□
□□＿□＿□□□□□
□□□□□□□□□＿
00:33:09(59695f):field(59694f)
＿＿＿＿＿＿＿＿＿＿
＿＿＿＿＿＿＿＿＿＿
＿＿＿＿＿＿＿＿＿＿
＿＿＿＿＿＿＿＿＿＿
＿＿＿＿＿＿＿＿＿＿
＿＿＿＿＿＿＿＿＿＿
＿＿＿＿＿＿＿＿＿＿
＿＿＿＿＿＿＿＿＿＿
＿＿＿＿＿＿＿＿＿＿
＿＿＿＿＿＿＿＿＿◆
＿＿◆＿■◆◆◆＿□
◆◆□□■□□□◆□
□□□□□□□□＿□
□□□□□□□□＿□
□□□□□＿□□□□
□□＿□＿□□＿□□
□□＿□＿□□□□□
□□＿□＿□□□□□
□□＿□＿□□□□□
□□□□□□□□□＿
00:33:11(59741f):field(59740f)
＿＿＿＿＿＿＿＿＿＿
＿＿＿＿＿＿＿＿＿＿
＿＿＿＿＿＿＿＿＿＿
＿＿＿＿＿＿＿＿＿＿
＿＿＿＿＿＿＿＿＿＿
＿＿＿＿＿＿＿＿＿＿
＿＿＿＿＿＿＿＿＿＿
＿＿＿＿＿＿＿＿＿＿
＿＿＿■＿＿＿＿＿＿
＿＿■■＿＿＿＿＿＿
＿＿■＿□＿＿＿＿□
＿＿□□□□□□＿□
□□□□□□□□＿□
□□□□□□□□＿□
□□□□□＿□□□□
□□＿□＿□□＿□□
□□＿□＿□□□□□
□□＿□＿□□□□□
□□＿□＿□□□□□
□□□□□□□□□＿
00:33:12(59771f):field(59770f)
＿＿＿＿＿＿＿＿＿＿
＿＿＿＿＿＿＿＿＿＿
＿＿＿＿＿＿＿＿＿＿
＿＿＿＿＿＿＿＿＿＿
＿＿＿＿＿＿＿＿＿＿
＿＿＿＿＿＿＿＿＿＿
＿＿＿■＿＿＿＿＿＿
＿＿＿■■＿＿＿＿＿
＿＿＿□■＿＿＿＿＿
＿＿□□＿＿＿＿＿＿
＿＿□＿□＿＿＿＿□
＿＿□□□□□□＿□
□□□□□□□□＿□
□□□□□□□□＿□
□□□□□＿□□□□
□□＿□＿□□＿□□
□□＿□＿□□□□□
□□＿□＿□□□□□
□□＿□＿□□□□□
□□□□□□□□□＿
00:33:14(59842f):field(59841f)
＿＿＿＿＿＿＿＿＿＿
＿＿＿＿＿＿＿＿＿＿
＿＿＿＿＿＿＿＿＿＿
＿＿＿＿＿＿＿＿＿＿
＿＿＿＿＿＿＿＿＿＿
＿＿＿＿＿＿＿＿＿＿
＿＿＿◆＿＿＿＿＿＿
＿＿＿◆◆＿＿＿＿＿
＿＿＿□◆＿＿＿＿＿
＿＿◆□■＿＿＿＿＿
＿＿◆■□＿＿＿＿◆
＿＿□□◆◆◆◆＿◆
◆◆□◆□◆◆◆■□
◆◆□□□□□□■□
□□□□□＿□□□□
□□＿□＿□□＿□□
□□＿□＿□□□□□
□□＿□＿□□□□□
□□＿□＿□□□□□
□□□□□□□□□＿
00:33:16(59889f):field(59888f)
＿＿＿＿＿＿＿＿＿＿
＿＿＿＿＿＿＿＿＿＿
＿＿＿＿＿＿＿＿＿＿
＿＿＿＿＿＿＿＿＿＿
＿＿＿＿＿＿＿＿＿＿
＿＿＿＿＿＿＿＿＿＿
＿＿＿＿＿＿＿＿＿＿
＿＿＿＿＿＿＿＿＿＿
＿＿＿◆＿＿＿＿＿＿
＿＿＿□◆＿＿＿＿＿
＿＿＿□□＿＿＿＿＿
＿＿◆□■＿＿＿＿＿
＿■□■◆＿＿＿◆◆
＿■□◆□◆◆◆□□
□□□□□＿□□□□
□□＿□＿□□＿□□
□□＿□＿□□□□□
□□＿□＿□□□□□
□□＿□＿□□□□□
□□□□□□□□□＿
00:33:18(59961f):field(59960f)
＿＿＿＿＿＿＿＿＿＿
＿＿＿＿＿＿＿＿＿＿
＿＿＿＿＿＿＿＿＿＿
＿＿＿＿＿＿＿＿＿＿
＿＿＿＿＿＿＿＿＿＿
＿＿＿＿＿＿＿＿＿＿
＿＿＿＿＿＿＿＿＿＿
＿＿＿＿＿＿＿＿＿＿
＿＿＿＿＿＿＿＿＿＿
＿＿＿◆＿＿＿＿＿＿
＿＿＿□◆＿＿＿＿＿
＿＿＿□□＿＿＿＿＿
＿◆◆□■＿＿＿＿＿
＿□□■◆＿＿＿◆◆
◆□□◆□■□□□□
□□＿□＿□□＿□□
□□＿□＿□□□□□
□□＿□＿□□□□□
□□＿□＿□□□□□
□□□□□□□□□＿
00:33:19(59992f):field(59991f)
＿＿＿＿＿＿＿＿＿＿
＿＿＿＿＿＿＿＿＿＿
＿＿＿＿＿＿＿＿＿＿
＿＿＿＿＿＿＿＿＿＿
＿＿＿＿＿＿＿＿＿＿
＿＿＿＿＿＿＿＿＿＿
＿＿＿＿＿＿＿＿＿＿
＿＿＿＿＿＿＿＿＿＿
＿＿＿＿＿＿＿＿＿＿
＿＿＿＿＿＿＿＿＿＿
＿＿＿□＿＿＿＿＿＿
＿＿＿□□＿＿＿＿＿
＿＿＿□□＿＿＿■■
＿□□□＿＿＿＿■■
＿□□＿□□□□□□
□□＿□＿□□＿□□
□□＿□＿□□□□□
□□＿□＿□□□□□
□□＿□＿□□□□□
□□□□□□□□□＿
00:33:21(60052f):field(60051f)
＿＿＿＿＿＿＿＿＿＿
＿＿＿＿＿＿＿＿＿＿
＿＿＿＿＿＿＿＿＿＿
＿＿＿＿＿＿＿＿＿＿
＿＿＿＿＿＿＿＿＿＿
＿＿＿＿＿＿＿＿＿＿
＿＿＿＿＿＿＿＿＿＿
＿＿＿＿＿＿＿＿＿＿
＿＿＿＿＿＿＿＿＿＿
＿＿＿＿＿■■＿＿＿
＿＿＿□■■＿＿＿＿
＿＿＿□□＿＿＿＿＿
＿＿＿□□＿＿＿□□
＿□□□＿＿＿＿□□
＿□□＿□□□□□□
□□＿□＿□□＿□□
□□＿□＿□□□□□
□□＿□＿□□□□□
□□＿□＿□□□□□
□□□□□□□□□＿
00:33:23(60104f):field(60103f)
＿＿＿＿＿＿＿＿＿＿
＿＿＿＿＿＿＿＿＿＿
＿＿＿＿＿＿＿＿＿＿
＿＿＿＿＿＿＿＿＿＿
＿＿＿＿＿＿＿＿＿＿
＿＿＿＿＿＿＿＿＿＿
＿＿＿＿＿＿＿＿＿＿
＿＿＿＿＿＿＿＿＿＿
＿＿＿＿＿＿＿＿＿＿
＿＿＿＿＿□□＿＿＿
＿＿＿□□□＿＿＿＿
■＿＿□□＿＿＿＿＿
■＿＿□□＿＿＿□□
■□□□＿＿＿＿□□
■□□＿□□□□□□
□□＿□＿□□＿□□
□□＿□＿□□□□□
□□＿□＿□□□□□
□□＿□＿□□□□□
□□□□□□□□□＿
00:33:25(60165f):field(60164f)
＿＿＿＿＿＿＿＿＿＿
＿＿＿＿＿＿＿＿＿＿
＿＿＿＿＿＿＿＿＿＿
＿＿＿＿＿＿＿＿＿＿
＿＿＿＿＿＿＿＿＿＿
＿＿＿＿＿＿＿＿＿＿
＿＿＿＿＿＿＿＿＿＿
＿＿＿＿＿＿＿＿＿＿
＿＿＿＿＿＿＿＿＿＿
＿＿＿＿＿□□＿■＿
＿＿＿□□□＿■■＿
□＿＿□□＿＿＿■＿
□＿＿□□＿＿＿□□
□□□□＿＿＿＿□□
□□□＿□□□□□□
□□＿□＿□□＿□□
□□＿□＿□□□□□
□□＿□＿□□□□□
□□＿□＿□□□□□
□□□□□□□□□＿
00:33:28(60258f):field(60257f)
＿＿＿＿＿＿＿＿＿＿
＿＿＿＿＿＿＿＿＿＿
＿＿＿＿＿＿＿＿＿＿
＿＿＿＿＿＿＿＿＿＿
＿＿＿＿＿＿＿＿＿＿
＿＿＿＿＿＿＿＿＿＿
＿＿＿＿＿＿＿＿＿＿
＿＿＿＿＿＿＿＿＿＿
＿＿＿＿＿＿＿＿＿＿
＿＿＿＿＿□□＿□＿
＿■＿□□□＿□□＿
□■＿□□＿＿＿□＿
□■■□□＿＿＿□□
□□□□＿＿＿＿□□
□□□＿□□□□□□
□□＿□＿□□＿□□
□□＿□＿□□□□□
□□＿□＿□□□□□
□□＿□＿□□□□□
□□□□□□□□□＿
00:33:31(60345f):field(60344f)
＿＿＿＿＿＿＿＿＿＿
＿＿＿＿＿＿＿＿＿＿
＿＿＿＿＿＿＿＿＿＿
＿＿＿＿＿＿＿＿＿＿
＿＿＿＿＿＿＿＿＿＿
＿＿＿＿＿＿＿＿＿＿
＿＿＿＿＿＿＿＿＿＿
＿＿＿＿＿＿＿＿＿＿
＿＿＿＿＿■■■＿＿
＿＿＿＿＿□□■□＿
＿□＿□□□＿□□＿
□□＿□□＿＿＿□＿
□□□□□＿＿＿□□
□□□□＿＿＿＿□□
□□□＿□□□□□□
□□＿□＿□□＿□□
□□＿□＿□□□□□
□□＿□＿□□□□□
□□＿□＿□□□□□
□□□□□□□□□＿
00:33:32(60378f):field(60377f)
＿＿＿＿＿＿＿＿＿＿
＿＿＿＿＿＿＿＿＿＿
＿＿＿＿＿＿＿＿＿＿
＿＿＿＿＿＿＿＿＿＿
＿＿＿＿＿＿＿＿＿＿
＿＿＿＿＿＿＿＿＿＿
＿＿＿＿＿＿＿＿＿＿
＿＿＿＿＿＿＿＿＿＿
＿＿＿■■□□□＿＿
＿＿＿■■□□□□＿
＿□＿□□□＿□□＿
□□＿□□＿＿＿□＿
□□□□□＿＿＿□□
□□□□＿＿＿＿□□
□□□＿□□□□□□
□□＿□＿□□＿□□
□□＿□＿□□□□□
□□＿□＿□□□□□
□□＿□＿□□□□□
□□□□□□□□□＿
00:33:34(60424f):field(60423f)
＿＿＿＿＿＿＿＿＿＿
＿＿＿＿＿＿＿＿＿＿
＿＿＿＿＿＿＿＿＿＿
＿＿＿＿＿＿＿＿＿＿
＿＿＿■＿＿＿＿＿＿
＿＿＿■＿＿＿＿＿＿
＿＿＿■＿＿＿＿＿＿
＿＿＿■＿＿＿＿＿＿
＿＿＿□□□□□＿＿
＿＿＿□□□□□□＿
＿□＿□□□＿□□＿
□□＿□□＿＿＿□＿
□□□□□＿＿＿□□
□□□□＿＿＿＿□□
□□□＿□□□□□□
□□＿□＿□□＿□□
□□＿□＿□□□□□
□□＿□＿□□□□□
□□＿□＿□□□□□
□□□□□□□□□＿
00:33:35(60479f):field(60478f)
＿＿＿＿＿＿＿＿＿＿
＿＿＿＿＿＿＿＿＿＿
＿＿＿＿＿＿＿＿＿＿
＿＿＿＿＿＿＿＿＿＿
＿＿＿□＿＿＿＿＿＿
＿＿＿□＿＿＿＿＿＿
＿＿＿□＿＿＿＿＿■
＿＿＿□＿＿＿＿■■
＿＿＿□□□□□■＿
＿＿＿□□□□□□＿
＿□＿□□□＿□□＿
□□＿□□＿＿＿□＿
□□□□□＿＿＿□□
□□□□＿＿＿＿□□
□□□＿□□□□□□
□□＿□＿□□＿□□
□□＿□＿□□□□□
□□＿□＿□□□□□
□□＿□＿□□□□□
□□□□□□□□□＿
00:33:37(60519f):field(60518f)
＿＿＿＿＿＿＿＿＿＿
＿＿＿＿＿＿＿＿＿＿
＿＿＿＿＿＿＿＿＿＿
＿＿＿＿＿＿＿＿＿＿
＿＿＿□＿＿＿＿＿＿
＿＿＿□＿＿＿＿＿＿
＿＿＿□＿＿＿■■□
＿＿＿□＿＿■■□□
＿＿＿□□□□□□＿
＿＿＿□□□□□□＿
＿□＿□□□＿□□＿
□□＿□□＿＿＿□＿
□□□□□＿＿＿□□
□□□□＿＿＿＿□□
□□□＿□□□□□□
□□＿□＿□□＿□□
□□＿□＿□□□□□
□□＿□＿□□□□□
□□＿□＿□□□□□
□□□□□□□□□＿
00:33:39(60572f):field(60571f)
＿＿＿＿＿＿＿＿＿＿
＿＿＿＿＿＿＿＿＿＿
＿＿＿＿＿＿＿＿＿＿
＿＿＿＿＿＿＿＿＿＿
＿＿＿□＿＿＿＿＿＿
＿＿＿□＿＿＿＿＿＿
＿＿＿□＿＿＿□□□
＿＿＿□＿＿□□□□
■■＿□□□□□□＿
■＿＿□□□□□□＿
■□＿□□□＿□□＿
□□＿□□＿＿＿□＿
□□□□□＿＿＿□□
□□□□＿＿＿＿□□
□□□＿□□□□□□
□□＿□＿□□＿□□
□□＿□＿□□□□□
□□＿□＿□□□□□
□□＿□＿□□□□□
□□□□□□□□□＿
00:33:40(60603f):field(60602f)
＿＿＿＿＿＿＿＿＿＿
＿＿＿＿＿＿＿＿＿＿
＿＿＿＿＿＿＿＿＿＿
＿＿＿＿＿＿＿＿＿＿
＿＿＿□＿＿＿＿＿＿
＿＿＿□＿＿＿＿＿＿
＿＿＿□■■■□□□
＿＿＿□＿■□□□□
□□＿□□□□□□＿
□＿＿□□□□□□＿
□□＿□□□＿□□＿
□□＿□□＿＿＿□＿
□□□□□＿＿＿□□
□□□□＿＿＿＿□□
□□□＿□□□□□□
□□＿□＿□□＿□□
□□＿□＿□□□□□
□□＿□＿□□□□□
□□＿□＿□□□□□
□□□□□□□□□＿
00:33:41(60632f):field(60631f)
＿＿＿＿＿＿＿＿＿＿
＿＿＿＿＿＿＿＿＿＿
＿＿＿＿＿＿＿＿＿＿
＿＿＿＿＿＿＿＿＿＿
＿＿＿□＿＿＿＿■■
＿＿＿□＿＿＿＿■■
＿＿＿□□□□□□□
＿＿＿□＿□□□□□
□□＿□□□□□□＿
□＿＿□□□□□□＿
□□＿□□□＿□□＿
□□＿□□＿＿＿□＿
□□□□□＿＿＿□□
□□□□＿＿＿＿□□
□□□＿□□□□□□
□□＿□＿□□＿□□
□□＿□＿□□□□□
□□＿□＿□□□□□
□□＿□＿□□□□□
□□□□□□□□□＿
00:33:42(60682f):field(60681f)
＿＿＿＿＿＿＿＿＿＿
＿＿＿＿＿＿＿＿＿＿
＿＿＿＿＿＿＿＿＿＿
＿＿＿＿＿＿＿＿＿＿
＿＿＿□＿＿＿＿□□
＿＿＿□＿＿＿＿□□
■■＿□□□□□□□
＿■■□＿□□□□□
□□＿□□□□□□＿
□＿＿□□□□□□＿
□□＿□□□＿□□＿
□□＿□□＿＿＿□＿
□□□□□＿＿＿□□
□□□□＿＿＿＿□□
□□□＿□□□□□□
□□＿□＿□□＿□□
□□＿□＿□□□□□
□□＿□＿□□□□□
□□＿□＿□□□□□
□□□□□□□□□＿
00:33:44(60720f):field(60719f)
＿＿＿＿＿＿＿＿＿＿
＿＿＿＿＿＿＿＿＿＿
＿＿＿■＿＿＿＿＿＿
＿■■■＿＿＿＿＿＿
＿＿＿□＿＿＿＿□□
＿＿＿□＿＿＿＿□□
□□＿□□□□□□□
＿□□□＿□□□□□
□□＿□□□□□□＿
□＿＿□□□□□□＿
□□＿□□□＿□□＿
□□＿□□＿＿＿□＿
□□□□□＿＿＿□□
□□□□＿＿＿＿□□
□□□＿□□□□□□
□□＿□＿□□＿□□
□□＿□＿□□□□□
□□＿□＿□□□□□
□□＿□＿□□□□□
□□□□□□□□□＿
00:33:45(60762f):field(60761f)
＿＿＿＿＿＿＿＿＿＿
＿＿＿＿＿＿＿＿＿＿
＿＿＿□＿＿＿＿＿＿
＿□□□＿＿＿＿＿＿
＿＿＿□■＿＿＿□□
＿＿＿□■■■＿□□
□□＿□□□□□□□
＿□□□＿□□□□□
□□＿□□□□□□＿
□＿＿□□□□□□＿
□□＿□□□＿□□＿
□□＿□□＿＿＿□＿
□□□□□＿＿＿□□
□□□□＿＿＿＿□□
□□□＿□□□□□□
□□＿□＿□□＿□□
□□＿□＿□□□□□
□□＿□＿□□□□□
□□＿□＿□□□□□
□□□□□□□□□＿
00:33:46(60788f):field(60787f)
＿＿＿＿＿＿＿＿＿＿
■■■■＿＿＿＿＿＿
＿＿＿□＿＿＿＿＿＿
＿□□□＿＿＿＿＿＿
＿＿＿□□＿＿＿□□
＿＿＿□□□□＿□□
□□＿□□□□□□□
＿□□□＿□□□□□
□□＿□□□□□□＿
□＿＿□□□□□□＿
□□＿□□□＿□□＿
□□＿□□＿＿＿□＿
□□□□□＿＿＿□□
□□□□＿＿＿＿□□
□□□＿□□□□□□
□□＿□＿□□＿□□
□□＿□＿□□□□□
□□＿□＿□□□□□
□□＿□＿□□□□□
□□□□□□□□□＿
00:33:47(60817f):field(60816f)
＿＿＿■■■＿＿＿＿
□□□□■＿＿＿＿＿
＿＿＿□＿＿＿＿＿＿
＿□□□＿＿＿＿＿＿
＿＿＿□□＿＿＿□□
＿＿＿□□□□＿□□
□□＿□□□□□□□
＿□□□＿□□□□□
□□＿□□□□□□＿
□＿＿□□□□□□＿
□□＿□□□＿□□＿
□□＿□□＿＿＿□＿
□□□□□＿＿＿□□
□□□□＿＿＿＿□□
□□□＿□□□□□□
□□＿□＿□□＿□□
□□＿□＿□□□□□
□□＿□＿□□□□□
□□＿□＿□□□□□
□□□□□□□□□＿
00:33:50(60905f):game end
