00:42:48(77049f):game start
00:42:50(77103f):field(77102f)
＿＿＿＿＿＿＿＿＿＿
＿＿＿＿＿＿＿＿＿＿
＿＿＿＿＿＿＿＿＿＿
＿＿＿＿＿＿＿＿＿＿
＿＿＿＿＿＿＿＿＿＿
＿＿＿＿＿＿＿＿＿＿
＿＿＿＿＿＿＿＿＿＿
＿＿＿＿＿＿＿＿＿＿
＿＿＿＿＿＿＿＿＿＿
＿＿＿＿＿＿＿＿＿＿
＿＿＿＿＿＿＿＿＿＿
＿＿＿＿＿＿＿＿＿＿
＿＿＿＿＿＿＿＿＿＿
＿＿＿＿＿＿＿＿＿＿
＿＿＿＿＿＿＿＿＿＿
＿＿＿＿＿＿＿＿＿＿
＿＿＿＿＿＿＿＿＿＿
＿＿＿＿＿＿＿＿＿＿
＿＿＿＿＿＿＿＿＿＿
＿＿＿■■■■＿＿＿
00:42:50(77117f):field(77116f)
＿＿＿＿＿＿＿＿＿＿
＿＿＿＿＿＿＿＿＿＿
＿＿＿＿＿＿＿＿＿＿
＿＿＿＿＿＿＿＿＿＿
＿＿＿＿＿＿＿＿＿＿
＿＿＿＿＿＿＿＿＿＿
＿＿＿＿＿＿＿＿＿＿
＿＿＿＿＿＿＿＿＿＿
＿＿＿＿＿＿＿＿＿＿
＿＿＿＿＿＿＿＿＿＿
＿＿＿＿＿＿＿＿＿＿
＿＿＿＿＿＿＿＿＿＿
＿＿＿＿＿＿＿＿＿＿
＿＿＿＿＿＿＿＿＿＿
＿＿＿＿＿＿＿＿＿＿
＿＿＿＿＿＿＿＿＿＿
＿＿＿＿＿＿＿＿＿＿
■＿＿＿＿＿＿＿＿＿
■■＿＿＿＿＿＿＿＿
■＿＿□□□□＿＿＿
00:42:51(77130f):field(77129f)
＿＿＿＿＿＿＿＿＿＿
＿＿＿＿＿＿＿＿＿＿
＿＿＿＿＿＿＿＿＿＿
＿＿＿＿＿＿＿＿＿＿
＿＿＿＿＿＿＿＿＿＿
＿＿＿＿＿＿＿＿＿＿
＿＿＿＿＿＿＿＿＿＿
＿＿＿＿＿＿＿＿＿＿
＿＿＿＿＿＿＿＿＿＿
＿＿＿＿＿＿＿＿＿＿
＿＿＿＿＿＿＿＿＿＿
＿＿＿＿＿＿＿＿＿＿
＿＿＿＿＿＿＿＿＿＿
＿＿＿＿＿＿＿＿＿＿
＿＿＿＿＿＿＿＿＿＿
＿＿＿＿＿＿＿＿＿＿
＿＿＿＿＿＿＿＿＿＿
□＿＿■■＿＿＿＿＿
□□＿■■＿＿＿＿＿
□＿＿□□□□＿＿＿
00:42:51(77148f):field(77147f)
＿＿＿＿＿＿＿＿＿＿
＿＿＿＿＿＿＿＿＿＿
＿＿＿＿＿＿＿＿＿＿
＿＿＿＿＿＿＿＿＿＿
＿＿＿＿＿＿＿＿＿＿
＿＿＿＿＿＿＿＿＿＿
＿＿＿＿＿＿＿＿＿＿
＿＿＿＿＿＿＿＿＿＿
＿＿＿＿＿＿＿＿＿＿
＿＿＿＿＿＿＿＿＿＿
＿＿＿＿＿＿＿＿＿＿
＿＿＿＿＿＿＿＿＿＿
＿＿＿＿＿＿＿＿＿＿
＿＿＿＿＿＿＿＿＿＿
＿＿＿＿＿＿＿＿＿＿
＿＿＿＿＿＿＿＿＿＿
＿＿＿＿＿＿＿＿＿＿
□■■□□＿＿＿＿＿
□□■□□＿＿＿＿＿
□＿■□□□□＿＿＿
00:42:52(77163f):field(77162f)
＿＿＿＿＿＿＿＿＿＿
＿＿＿＿＿＿＿＿＿＿
＿＿＿＿＿＿＿＿＿＿
＿＿＿＿＿＿＿＿＿＿
＿＿＿＿＿＿＿＿＿＿
＿＿＿＿＿＿＿＿＿＿
＿＿＿＿＿＿＿＿＿＿
＿＿＿＿＿＿＿＿＿＿
＿＿＿＿＿＿＿＿＿＿
＿＿＿＿＿＿＿＿＿＿
＿＿＿＿＿＿＿＿＿＿
＿＿＿＿＿＿＿＿＿＿
＿＿＿＿＿＿＿＿＿＿
＿＿＿＿＿＿＿＿＿＿
＿＿＿＿＿＿＿＿＿＿
＿＿＿＿＿＿＿＿＿＿
＿＿＿＿＿＿＿＿＿＿
□□□□□＿＿＿＿＿
□□□□□＿■■＿＿
□＿□□□□□■■＿
00:42:52(77173f):field(77172f)
＿＿＿＿＿＿＿＿＿＿
＿＿＿＿＿＿＿＿＿＿
＿＿＿＿＿＿＿＿＿＿
＿＿＿＿＿＿＿＿＿＿
＿＿＿＿＿＿＿＿＿＿
＿＿＿＿＿＿＿＿＿＿
＿＿＿＿＿＿＿＿＿＿
＿＿＿＿＿＿＿＿＿＿
＿＿＿＿＿＿＿＿＿＿
＿＿＿＿＿＿＿＿＿＿
＿＿＿＿＿＿＿＿＿＿
＿＿＿＿＿＿＿＿＿＿
＿＿＿＿＿＿＿＿＿＿
＿＿＿＿＿＿＿＿＿＿
＿＿＿＿＿＿＿＿＿＿
＿＿＿＿＿■＿＿＿＿
＿＿＿＿＿■＿＿＿＿
□□□□□■＿＿＿＿
□□□□□■□□＿＿
□＿□□□□□□□＿
00:42:52(77186f):field(77185f)
＿＿＿＿＿＿＿＿＿＿
＿＿＿＿＿＿＿＿＿＿
＿＿＿＿＿＿＿＿＿＿
＿＿＿＿＿＿＿＿＿＿
＿＿＿＿＿＿＿＿＿＿
＿＿＿＿＿＿＿＿＿＿
＿＿＿＿＿＿＿＿＿＿
＿＿＿＿＿＿＿＿＿＿
＿＿＿＿＿＿＿＿＿＿
＿＿＿＿＿＿＿＿＿＿
＿＿＿＿＿＿＿＿＿＿
＿＿＿＿＿＿＿＿＿＿
＿＿＿＿＿＿＿＿＿＿
＿＿＿＿＿＿＿＿＿＿
＿＿＿■＿＿＿＿＿＿
＿＿＿■■□＿＿＿＿
＿＿＿＿■□＿＿＿＿
□□□□□□＿＿＿＿
□□□□□□□□＿＿
□＿□□□□□□□＿
00:42:53(77201f):field(77200f)
＿＿＿＿＿＿＿＿＿＿
＿＿＿＿＿＿＿＿＿＿
＿＿＿＿＿＿＿＿＿＿
＿＿＿＿＿＿＿＿＿＿
＿＿＿＿＿＿＿＿＿＿
＿＿＿＿＿＿＿＿＿＿
＿＿＿＿＿＿＿＿＿＿
＿＿＿＿＿＿＿＿＿＿
＿＿＿＿＿＿＿＿＿＿
＿＿＿＿＿＿＿＿＿＿
＿＿＿＿＿＿＿＿＿＿
＿＿＿＿＿＿＿＿＿＿
＿＿＿＿＿＿＿＿＿＿
＿＿＿＿＿■＿＿＿＿
＿＿＿□■■■＿＿＿
＿＿＿□□□＿＿＿＿
＿＿＿＿□□＿＿＿＿
□□□□□□＿＿＿＿
□□□□□□□□＿＿
□＿□□□□□□□＿
00:42:53(77215f):field(77214f)
＿＿＿＿＿＿＿＿＿＿
＿＿＿＿＿＿＿＿＿＿
＿＿＿＿＿＿＿＿＿＿
＿＿＿＿＿＿＿＿＿＿
＿＿＿＿＿＿＿＿＿＿
＿＿＿＿＿＿＿＿＿＿
＿＿＿＿＿＿＿＿＿＿
＿＿＿＿＿＿＿＿＿＿
＿＿＿＿＿＿＿＿＿＿
＿＿＿＿＿＿＿＿＿＿
＿＿＿＿＿＿＿＿＿＿
＿＿＿＿＿＿＿＿＿＿
＿＿＿■■＿＿＿＿＿
＿＿＿■■□＿＿＿＿
＿＿＿□□□□＿＿＿
＿＿＿□□□＿＿＿＿
＿＿＿＿□□＿＿＿＿
□□□□□□＿＿＿＿
□□□□□□□□＿＿
□＿□□□□□□□＿
00:42:54(77232f):field(77231f)
＿＿＿＿＿＿＿＿＿＿
＿＿＿＿＿＿＿＿＿＿
＿＿＿＿＿＿＿＿＿＿
＿＿＿＿＿＿＿＿＿＿
＿＿＿＿＿＿＿＿＿＿
＿＿＿＿＿＿＿＿＿＿
＿＿＿＿＿＿＿＿＿＿
＿＿＿＿＿＿＿＿＿＿
＿＿＿＿＿＿＿＿＿＿
＿＿＿＿■＿＿＿＿＿
＿＿＿■■＿＿＿＿＿
＿＿＿■＿＿＿＿＿＿
＿＿＿□□＿＿＿＿＿
＿＿＿□□□＿＿＿＿
＿＿＿□□□□＿＿＿
＿＿＿□□□＿＿＿＿
＿＿＿＿□□＿＿＿＿
□□□□□□＿＿＿＿
□□□□□□□□＿＿
□＿□□□□□□□＿
00:42:55(77258f):field(77257f)
＿＿＿＿＿＿＿＿＿＿
＿＿＿＿＿＿＿＿＿＿
＿＿＿＿＿＿＿＿＿＿
＿＿＿＿＿＿＿＿＿＿
＿＿＿＿＿＿＿＿＿＿
＿＿＿＿＿＿＿＿＿＿
＿＿＿＿＿＿＿＿＿＿
＿＿＿＿＿＿＿＿＿＿
＿＿＿＿＿＿＿＿＿＿
＿＿＿＿□＿＿＿＿＿
＿＿＿□□＿＿＿＿＿
＿＿＿□＿＿＿＿＿＿
＿＿＿□□＿＿＿＿＿
＿＿＿□□□＿＿＿＿
＿＿＿□□□□＿＿＿
＿＿＿□□□＿＿＿＿
＿＿＿＿□□＿＿＿＿
□□□□□□■■■＿
□□□□□□□□■＿
□＿□□□□□□□＿
00:42:56(77285f):field(77284f)
＿＿＿＿＿＿＿＿＿＿
＿＿＿＿＿＿＿＿＿＿
＿＿＿＿＿＿＿＿＿＿
＿＿＿＿＿＿＿＿＿＿
＿＿＿＿＿＿＿＿＿＿
＿＿＿＿＿＿＿＿＿＿
＿＿＿＿＿＿＿＿＿＿
＿＿＿＿＿＿＿＿＿＿
＿＿＿＿＿＿＿＿＿＿
＿＿＿＿□＿＿＿＿＿
＿＿＿□□＿＿＿＿＿
＿＿＿□＿＿＿＿＿＿
＿＿＿□□＿＿＿＿＿
＿＿＿□□□＿＿＿＿
＿＿＿□□□□＿＿＿
＿■■□□□＿＿＿＿
■■＿＿□□＿＿＿＿
□□□□□□□□□＿
□□□□□□□□□＿
□＿□□□□□□□＿
00:42:56(77299f):field(77298f)
＿＿＿＿＿＿＿＿＿＿
＿＿＿＿＿＿＿＿＿＿
＿＿＿＿＿＿＿＿＿＿
＿＿＿＿＿＿＿＿＿＿
＿＿＿＿＿＿＿＿＿＿
＿＿＿＿＿＿＿＿＿＿
＿＿＿＿＿＿＿＿＿＿
＿＿＿＿＿＿＿＿＿＿
＿＿＿＿＿＿＿＿＿＿
＿＿＿＿□＿＿＿＿＿
＿＿＿□□＿＿＿＿＿
＿＿＿□＿＿＿＿＿＿
＿＿＿□□＿＿＿＿＿
■＿＿□□□＿＿＿＿
■■＿□□□□＿＿＿
■□□□□□＿＿＿＿
□□＿＿□□＿＿＿＿
□□□□□□□□□＿
□□□□□□□□□＿
□＿□□□□□□□＿
00:42:57(77319f):field(77318f)
＿＿＿＿＿＿＿＿＿＿
＿＿＿＿＿＿＿＿＿＿
＿＿＿＿＿＿＿＿＿＿
＿＿＿＿＿＿＿＿＿＿
＿＿＿＿＿＿＿＿＿＿
＿＿＿＿＿＿＿＿＿＿
＿＿＿＿＿＿＿＿＿＿
＿＿＿＿＿＿＿＿＿＿
＿＿＿＿＿＿＿＿＿＿
＿＿＿＿□＿＿＿＿＿
＿＿＿□□＿＿＿＿＿
＿＿＿□＿＿＿＿＿＿
＿＿＿□□＿＿＿＿＿
□＿＿□□□＿＿＿＿
□□＿□□□□＿＿＿
□□□□□□■■■＿
□□＿＿□□■＿＿＿
□□□□□□□□□＿
□□□□□□□□□＿
□＿□□□□□□□＿
00:42:58(77341f):field(77340f)
＿＿＿＿＿＿＿＿＿＿
＿＿＿＿＿＿＿＿＿＿
＿＿＿＿＿＿＿＿＿＿
＿＿＿＿＿＿＿＿＿＿
＿＿＿＿＿＿＿＿＿＿
＿＿＿＿＿＿＿＿＿＿
＿＿＿＿＿＿＿＿＿＿
＿＿＿＿＿＿＿＿＿＿
＿＿＿＿＿＿＿＿＿＿
＿＿＿＿□＿＿＿＿＿
＿＿＿□□＿＿＿＿＿
＿＿＿□＿＿＿＿＿＿
＿＿＿□□＿＿＿■＿
□＿＿□□□＿■■＿
□□＿□□□□■＿＿
□□□□□□□□□＿
□□＿＿□□□＿＿＿
□□□□□□□□□＿
□□□□□□□□□＿
□＿□□□□□□□＿
00:42:58(77361f):field(77360f)
＿＿＿＿＿＿＿＿＿＿
＿＿＿＿＿＿＿＿＿＿
＿＿＿＿＿＿＿＿＿＿
＿＿＿＿＿＿＿＿＿＿
＿＿＿＿＿＿＿＿＿＿
＿＿＿＿＿＿＿＿＿＿
＿＿＿＿＿＿＿＿＿＿
＿＿＿＿＿＿＿＿＿＿
＿＿＿＿＿＿＿＿＿＿
＿＿＿＿□＿＿＿＿＿
＿＿＿□□＿＿＿＿＿
＿＿＿□＿＿■■＿＿
＿＿＿□□＿■■□＿
□＿＿□□□＿□□＿
□□＿□□□□□＿＿
□□□□□□□□□＿
□□＿＿□□□＿＿＿
□□□□□□□□□＿
□□□□□□□□□＿
□＿□□□□□□□＿
00:42:59(77375f):field(77374f)
＿＿＿＿＿＿＿＿＿＿
＿＿＿＿＿＿＿＿＿＿
＿＿＿＿＿＿＿＿＿＿
＿＿＿＿＿＿＿＿＿＿
＿＿＿＿＿＿＿＿＿＿
＿＿＿＿＿＿＿＿＿＿
＿＿＿＿＿＿＿＿＿＿
＿＿＿＿＿＿＿＿＿＿
＿＿＿＿＿＿＿＿＿＿
＿＿＿＿□＿＿＿＿＿
＿＿＿□□＿＿＿＿＿
＿＿＿□＿＿□□＿＿
＿■＿□□＿□□□＿
□■■□□□＿□□＿
□□■□□□□□＿＿
□□□□□□□□□＿
□□＿＿□□□＿＿＿
□□□□□□□□□＿
□□□□□□□□□＿
□＿□□□□□□□＿
00:42:59(77389f):field(77388f)
＿＿＿＿＿＿＿＿＿＿
＿＿＿＿＿＿＿＿＿＿
＿＿＿＿＿＿＿＿＿＿
＿＿＿＿＿＿＿＿＿＿
＿＿＿＿＿＿＿＿＿＿
＿＿＿＿＿＿＿＿＿＿
＿＿＿＿＿＿＿＿＿＿
＿＿＿＿＿＿＿＿＿＿
＿＿＿＿＿＿＿＿＿＿
＿＿＿＿□＿＿＿＿＿
＿＿＿□□■■＿＿＿
＿＿＿□＿■□□＿＿
＿□＿□□■□□□＿
□□□□□□＿□□＿
□□□□□□□□＿＿
□□□□□□□□□＿
□□＿＿□□□＿＿＿
□□□□□□□□□＿
□□□□□□□□□＿
□＿□□□□□□□＿
00:43:00(77406f):field(77405f)
＿＿＿＿＿＿＿＿＿＿
＿＿＿＿＿＿＿＿＿＿
＿＿＿＿＿＿＿＿＿＿
＿＿＿＿＿＿＿＿＿＿
＿＿＿＿＿＿＿＿＿＿
＿＿＿＿＿＿＿＿＿＿
＿＿＿＿＿＿＿＿＿＿
＿＿＿＿＿＿＿＿＿＿
＿＿＿＿＿＿＿＿＿＿
＿＿＿＿□＿＿＿＿＿
＿＿＿□□□□＿＿＿
＿＿＿□＿□□□■■
＿□＿□□□□□□■
□□□□□□＿□□■
□□□□□□□□＿＿
□□□□□□□□□＿
□□＿＿□□□＿＿＿
□□□□□□□□□＿
□□□□□□□□□＿
□＿□□□□□□□＿
00:43:00(77419f):field(77418f)
＿＿＿＿＿＿＿＿＿＿
＿＿＿＿＿＿＿＿＿＿
＿＿＿＿＿＿＿＿＿＿
＿＿＿＿＿＿＿＿＿＿
＿＿＿＿＿＿＿＿＿＿
＿＿＿＿＿＿＿＿＿＿
＿＿＿＿＿＿＿＿＿＿
＿＿＿＿＿＿＿＿＿＿
＿＿＿＿＿＿＿＿＿＿
＿＿＿＿□＿＿＿＿＿
＿■＿□□□□＿＿＿
■■＿□＿□□□□□
■□＿□□□□□□□
□□□□□□＿□□□
□□□□□□□□＿＿
□□□□□□□□□＿
□□＿＿□□□＿＿＿
□□□□□□□□□＿
□□□□□□□□□＿
□＿□□□□□□□＿
00:43:01(77434f):field(77433f)
＿＿＿＿＿＿＿＿＿＿
＿＿＿＿＿＿＿＿＿＿
＿＿＿＿＿＿＿＿＿＿
＿＿＿＿＿＿＿＿＿＿
＿＿＿＿＿＿＿＿＿＿
＿＿＿＿＿＿＿＿＿＿
＿＿＿＿＿＿＿＿＿＿
＿＿＿＿＿＿＿＿＿＿
＿＿＿＿＿＿＿＿＿＿
＿＿＿＿□＿＿＿■■
＿□＿□□□□＿■■
□□＿□＿□□□□□
□□＿□□□□□□□
□□□□□□＿□□□
□□□□□□□□＿＿
□□□□□□□□□＿
□□＿＿□□□＿＿＿
□□□□□□□□□＿
□□□□□□□□□＿
□＿□□□□□□□＿
00:43:01(77457f):field(77456f)
＿＿＿＿＿＿＿＿＿＿
＿＿＿＿＿＿＿＿＿＿
＿＿＿＿＿＿＿＿＿＿
＿＿＿＿＿＿＿＿＿＿
＿＿＿＿＿＿＿＿＿＿
＿＿＿＿＿＿＿＿＿＿
＿＿＿＿＿＿＿＿＿＿
＿＿＿＿＿＿＿＿＿＿
■＿＿＿＿＿＿＿＿＿
■■＿＿□＿＿＿□□
■□＿□□□□＿□□
□□＿□＿□□□□□
□□＿□□□□□□□
□□□□□□＿□□□
□□□□□□□□＿＿
□□□□□□□□□＿
□□＿＿□□□＿＿＿
□□□□□□□□□＿
□□□□□□□□□＿
□＿□□□□□□□＿
00:43:02(77473f):field(77472f)
＿＿＿＿＿＿＿＿＿＿
＿＿＿＿＿＿＿＿＿＿
＿＿＿＿＿＿＿＿＿＿
＿＿＿＿＿＿＿＿＿＿
＿＿＿＿＿＿＿＿＿＿
＿＿＿＿＿＿＿＿＿＿
＿＿＿＿＿＿＿＿＿＿
＿＿＿＿＿＿＿■＿＿
□＿＿＿＿＿＿■＿＿
□□＿＿□＿＿■□□
□□＿□□□□■□□
□□＿□＿□□□□□
□□＿□□□□□□□
□□□□□□＿□□□
□□□□□□□□＿＿
□□□□□□□□□＿
□□＿＿□□□＿＿＿
□□□□□□□□□＿
□□□□□□□□□＿
□＿□□□□□□□＿
00:43:02(77485f):field(77484f)
＿＿＿＿＿＿＿＿＿＿
＿＿＿＿＿＿＿＿＿＿
＿＿＿＿＿＿＿＿＿＿
＿＿＿＿＿＿＿＿＿＿
＿＿＿＿＿＿＿＿＿＿
＿＿＿＿＿＿＿＿＿＿
＿＿＿＿＿＿＿＿＿＿
＿＿＿＿＿＿■□＿＿
□＿＿＿＿＿■□＿＿
□□＿＿□■■□□□
□□＿□□□□□□□
□□＿□＿□□□□□
□□＿□□□□□□□
□□□□□□＿□□□
□□□□□□□□＿＿
□□□□□□□□□＿
□□＿＿□□□＿＿＿
□□□□□□□□□＿
□□□□□□□□□＿
□＿□□□□□□□＿
00:43:03(77502f):field(77501f)
＿＿＿＿＿＿＿＿＿＿
＿＿＿＿＿＿＿＿＿＿
＿＿＿＿＿＿＿＿＿＿
＿＿＿＿＿＿＿＿＿＿
＿＿＿＿＿＿＿＿＿＿
＿＿＿＿＿＿＿＿＿＿
＿＿＿＿＿＿＿＿＿＿
＿＿＿＿＿＿◆◆＿＿
◆＿＿＿＿＿□□＿＿
□□＿■□◆□□◆◆
□□＿□□□□□□□
□□＿□＿□□□□□
□□＿□□□□□□□
□□□□□□＿□□□
□□□□□□□□＿＿
□□□□□□□□□＿
□□＿＿□□□＿＿＿
□□□□□□□□□＿
□□□□□□□□□＿
□＿□□□□□□□＿
00:43:03(77512f):field(77511f)
＿＿＿＿＿＿＿＿＿＿
＿＿＿＿＿＿＿＿＿＿
＿＿＿＿＿＿＿＿＿＿
＿＿＿＿＿＿＿＿＿＿
＿＿＿＿＿＿＿＿＿＿
＿＿＿＿＿＿＿＿＿＿
＿＿＿＿＿＿＿＿＿＿
＿＿＿＿■■＿＿＿＿
＿＿＿＿■■□□＿＿
□◆＿□□＿□□＿＿
□□＿□□□□□□□
□□＿□＿□□□□□
□□＿□□□□□□□
□□□□□□＿□□□
□□□□□□□□＿＿
□□□□□□□□□＿
□□＿＿□□□＿＿＿
□□□□□□□□□＿
□□□□□□□□□＿
□＿□□□□□□□＿
00:43:04(77539f):field(77538f)
＿＿＿＿＿＿＿＿＿＿
＿＿＿＿＿＿＿＿＿＿
＿＿＿＿＿＿＿＿＿＿
＿＿＿＿＿＿＿＿＿＿
＿＿＿＿＿＿＿＿＿＿
＿＿＿＿＿＿＿＿＿＿
＿＿＿＿＿＿＿＿＿＿
＿＿＿＿◆◆＿＿＿＿
＿＿＿＿□□◆◆＿＿
◆＿＿◆□■□□＿＿
□□■□□◆□□◆◆
□□■□＿□□□□□
□□＿□□□□□□□
□□□□□□＿□□□
□□□□□□□□■＿
□□□□□□□□□＿
□□＿＿□□□＿＿＿
□□□□□□□□□＿
□□□□□□□□□＿
□＿□□□□□□□＿
00:43:05(77553f):field(77552f)
＿＿＿＿＿＿＿＿＿＿
＿＿＿＿＿＿＿＿＿＿
＿＿＿＿＿＿＿＿＿＿
＿＿＿＿＿＿＿＿＿＿
＿＿＿＿＿＿＿＿＿＿
＿＿＿＿＿＿＿＿＿＿
＿＿＿＿＿＿＿＿＿＿
＿＿＿＿＿＿＿＿＿＿
＿＿＿＿□□＿＿＿■
＿＿＿＿□□□□■■
□□□□□＿□□■＿
□□□□＿□□□□□
□□＿□□□□□□□
□□□□□□＿□□□
□□□□□□□□◆＿
□□□□□□□□□＿
□□＿＿□□□＿＿＿
□□□□□□□□□＿
□□□□□□□□□＿
□＿□□□□□□□＿
00:43:05(77571f):field(77570f)
＿＿＿＿＿＿＿＿＿＿
＿＿＿＿＿＿＿＿＿＿
＿＿＿＿＿＿＿＿＿＿
＿＿＿＿＿＿＿＿＿＿
＿＿＿＿＿＿＿＿＿＿
＿＿＿＿＿＿＿＿＿＿
＿＿＿＿＿＿＿＿＿＿
＿＿＿＿＿＿＿＿＿＿
＿＿＿＿◆◆■＿＿◆
■＿＿■□□◆◆◆□
□□□□□＿□□□＿
□□□□＿□□□□□
□□■□□□□□□□
□□□□□□＿□□□
□□□□□□□□＿＿
□□□□□□□□□＿
□□＿＿□□□＿＿＿
□□□□□□□□□＿
□□□□□□□□□＿
□＿□□□□□□□＿
00:43:06(77589f):field(77588f)
＿＿＿＿＿＿＿＿＿＿
＿＿＿＿＿＿＿＿＿＿
＿＿＿＿＿＿＿＿＿＿
＿＿＿＿＿＿＿＿＿＿
＿＿＿＿＿＿＿＿＿＿
＿＿＿＿＿＿＿＿＿＿
＿＿＿＿＿＿＿＿＿＿
＿＿＿＿＿＿＿＿＿＿
＿＿＿＿＿＿◆■＿＿
◆＿＿◆□□■■■□
□□□□□＿□□□＿
□□□□＿□□□□□
□□◆□□□□□□□
□□□□□□＿□□□
□□□□□□□□＿＿
□□□□□□□□□＿
□□＿＿□□□＿＿＿
□□□□□□□□□＿
□□□□□□□□□＿
□＿□□□□□□□＿
00:43:06(77601f):field(77600f)
＿＿＿＿＿＿＿＿＿＿
＿＿＿＿＿＿＿＿＿＿
＿＿＿＿＿＿＿＿＿＿
＿＿＿＿＿＿＿＿＿＿
＿＿＿＿＿＿＿＿＿＿
＿＿＿＿＿＿＿＿＿＿
＿＿＿＿＿＿＿＿＿＿
＿＿＿＿＿＿＿＿＿＿
■■＿＿＿＿＿□＿＿
■■＿＿□□□□□□
□□□□□＿□□□＿
□□□□＿□□□□□
□□＿□□□□□□□
□□□□□□＿□□□
□□□□□□□□＿＿
□□□□□□□□□＿
□□＿＿□□□＿＿＿
□□□□□□□□□＿
□□□□□□□□□＿
□＿□□□□□□□＿
00:43:07(77619f):field(77618f)
＿＿＿＿＿＿＿＿＿＿
＿＿＿＿＿＿＿＿＿＿
＿＿＿＿＿＿＿＿＿＿
＿＿＿＿＿＿＿＿＿＿
＿＿＿＿＿＿＿＿＿＿
＿＿＿＿＿＿＿＿＿＿
＿＿＿＿＿＿＿＿＿＿
＿＿＿＿＿＿＿＿＿＿
◆◆＿■＿＿■◆＿＿
□□＿■◆◆◆□◆◆
□□□□□＿□□□＿
□□□□＿□□□□□
□□■□□□□□□□
□□□□□□＿□□□
□□□□□□□□＿＿
□□□□□□□□□＿
□□＿＿□□□＿＿＿
□□□□□□□□□＿
□□□□□□□□□＿
□＿□□□□□□□＿
00:43:07(77631f):field(77630f)
＿＿＿＿＿＿＿＿＿＿
＿＿＿＿＿＿＿＿＿＿
＿＿＿＿＿＿＿＿＿＿
＿＿＿＿＿＿＿＿＿＿
＿＿＿＿＿＿＿＿＿＿
＿＿＿＿＿＿＿＿＿＿
＿＿＿＿＿＿＿＿＿＿
＿＿＿＿＿＿＿＿＿＿
＿＿＿□■＿◆＿＿＿
□□＿□■■＿□＿＿
□□□□□■□□□＿
□□□□＿□□□□□
□□◆□□□□□□□
□□□□□□＿□□□
□□□□□□□□＿＿
□□□□□□□□□＿
□□＿＿□□□＿＿＿
□□□□□□□□□＿
□□□□□□□□□＿
□＿□□□□□□□＿
00:43:08(77646f):field(77645f)
＿＿＿＿＿＿＿＿＿＿
＿＿＿＿＿＿＿＿＿＿
＿＿＿＿＿＿＿＿＿＿
＿＿＿＿＿＿＿＿＿＿
＿＿＿＿＿＿＿＿＿＿
＿＿＿＿＿＿＿＿＿＿
＿＿＿＿＿＿■＿＿＿
＿＿＿＿＿＿■＿＿＿
＿＿＿□□＿■＿＿＿
□□＿□□□■□＿＿
□□□□□□□□□＿
□□□□＿□□□□□
□□＿□□□□□□□
□□□□□□＿□□□
□□□□□□□□＿＿
□□□□□□□□□＿
□□＿＿□□□＿＿＿
□□□□□□□□□＿
□□□□□□□□□＿
□＿□□□□□□□＿
00:43:08(77669f):field(77668f)
＿＿＿＿＿＿＿＿＿＿
＿＿＿＿＿＿＿＿＿＿
＿＿＿＿＿＿＿＿＿＿
＿＿＿＿＿＿＿＿＿＿
＿＿＿＿＿＿＿＿＿＿
＿＿＿＿＿＿＿＿＿＿
＿＿＿■■＿□＿＿＿
＿＿＿＿■■□＿＿＿
＿＿＿□□＿□＿＿＿
□□＿□□□□□＿＿
□□□□□□□□□＿
□□□□＿□□□□□
□□＿□□□□□□□
□□□□□□＿□□□
□□□□□□□□＿＿
□□□□□□□□□＿
□□＿＿□□□＿＿＿
□□□□□□□□□＿
□□□□□□□□□＿
□＿□□□□□□□＿
00:43:09(77685f):field(77684f)
＿＿＿＿＿＿＿＿＿＿
＿＿＿＿＿＿＿＿＿＿
＿＿＿＿＿＿＿＿＿＿
＿＿＿＿＿＿＿＿＿＿
＿＿＿＿＿＿＿＿＿＿
＿＿＿＿＿＿＿＿＿＿
■＿＿□□＿□＿＿＿
■＿＿＿□□□＿＿＿
■■＿□□＿□＿＿＿
□□＿□□□□□＿＿
□□□□□□□□□＿
□□□□＿□□□□□
□□＿□□□□□□□
□□□□□□＿□□□
□□□□□□□□＿＿
□□□□□□□□□＿
□□＿＿□□□＿＿＿
□□□□□□□□□＿
□□□□□□□□□＿
□＿□□□□□□□＿
00:43:09(77699f):field(77698f)
＿＿＿＿＿＿＿＿＿＿
＿＿＿＿＿＿＿＿＿＿
＿＿＿＿＿＿＿＿＿＿
＿＿＿＿＿＿＿＿＿＿
＿＿＿＿＿＿＿＿＿＿
＿＿＿＿＿＿＿＿＿＿
□＿＿□□＿□＿＿＿
□＿＿＿□□□＿＿＿
□□＿□□＿□＿■■
□□＿□□□□□■■
□□□□□□□□□＿
□□□□＿□□□□□
□□＿□□□□□□□
□□□□□□＿□□□
□□□□□□□□＿＿
□□□□□□□□□＿
□□＿＿□□□＿＿＿
□□□□□□□□□＿
□□□□□□□□□＿
□＿□□□□□□□＿
00:43:10(77711f):field(77710f)
＿＿＿＿＿＿＿＿＿＿
＿＿＿＿＿＿＿＿＿＿
＿＿＿＿＿＿＿＿＿＿
＿＿＿＿＿＿＿＿＿＿
＿＿＿＿＿＿＿＿＿＿
＿＿＿■■■＿＿＿＿
□＿＿□□■□＿＿＿
□＿＿＿□□□＿＿＿
□□＿□□＿□＿□□
□□＿□□□□□□□
□□□□□□□□□＿
□□□□＿□□□□□
□□＿□□□□□□□
□□□□□□＿□□□
□□□□□□□□＿＿
□□□□□□□□□＿
□□＿＿□□□＿＿＿
□□□□□□□□□＿
□□□□□□□□□＿
□＿□□□□□□□＿
00:43:10(77727f):field(77726f)
＿＿＿＿＿＿＿＿＿＿
＿＿＿＿＿＿＿＿＿＿
＿＿＿＿＿＿＿＿＿＿
＿＿＿＿＿＿＿＿＿＿
＿＿＿＿＿＿＿＿＿＿
＿＿＿□□□＿＿＿＿
□＿＿□□□□■＿＿
□＿＿＿□□□■■＿
□□＿□□＿□■□□
□□＿□□□□□□□
□□□□□□□□□＿
□□□□＿□□□□□
□□＿□□□□□□□
□□□□□□＿□□□
□□□□□□□□＿＿
□□□□□□□□□＿
□□＿＿□□□＿＿＿
□□□□□□□□□＿
□□□□□□□□□＿
□＿□□□□□□□＿
00:43:11(77741f):field(77740f)
＿＿＿＿＿＿＿＿＿＿
＿＿＿＿＿＿＿＿＿＿
＿＿＿＿＿＿＿＿＿＿
＿＿＿＿＿＿＿＿＿＿
＿＿＿＿＿■■＿＿＿
＿＿＿□□□■■＿＿
□＿＿□□□□□＿＿
□＿＿＿□□□□□＿
□□＿□□＿□□□□
□□＿□□□□□□□
□□□□□□□□□＿
□□□□＿□□□□□
□□＿□□□□□□□
□□□□□□＿□□□
□□□□□□□□＿＿
□□□□□□□□□＿
□□＿＿□□□＿＿＿
□□□□□□□□□＿
□□□□□□□□□＿
□＿□□□□□□□＿
00:43:11(77756f):field(77755f)
＿＿＿＿＿＿＿＿＿＿
＿＿＿＿＿＿＿＿＿＿
＿＿＿＿＿＿＿＿＿＿
＿＿＿＿＿＿＿＿＿＿
＿＿＿＿＿□□＿＿■
＿＿＿□□□□□＿■
□＿＿□□□□□＿■
□＿＿＿□□□□□■
□□＿□□＿□□□□
□□＿□□□□□□□
□□□□□□□□□＿
□□□□＿□□□□□
□□＿□□□□□□□
□□□□□□＿□□□
□□□□□□□□＿＿
□□□□□□□□□＿
□□＿＿□□□＿＿＿
□□□□□□□□□＿
□□□□□□□□□＿
□＿□□□□□□□＿
00:43:12(77774f):field(77773f)
＿＿＿＿＿＿＿＿＿＿
＿＿＿＿＿＿＿＿＿＿
＿＿＿＿＿＿＿＿＿＿
＿＿＿＿＿＿＿＿＿＿
＿＿＿＿＿□□＿＿□
＿＿■□□□□□＿□
□＿■□□□□□＿□
□＿■■□□□□□□
□□＿□□＿□□□□
□□＿□□□□□□□
□□□□□□□□□＿
□□□□＿□□□□□
□□＿□□□□□□□
□□□□□□＿□□□
□□□□□□□□＿＿
□□□□□□□□□＿
□□＿＿□□□＿＿＿
□□□□□□□□□＿
□□□□□□□□□＿
□＿□□□□□□□＿
00:43:12(77787f):field(77786f)
＿＿＿＿＿＿＿＿＿＿
＿＿＿＿＿＿＿＿＿＿
＿＿＿＿■＿＿＿＿＿
＿＿＿＿■＿＿＿＿＿
＿＿＿■■□□＿＿□
＿＿□□□□□□＿□
□＿□□□□□□＿□
□＿□□□□□□□□
□□＿□□＿□□□□
□□＿□□□□□□□
□□□□□□□□□＿
□□□□＿□□□□□
□□＿□□□□□□□
□□□□□□＿□□□
□□□□□□□□＿＿
□□□□□□□□□＿
□□＿＿□□□＿＿＿
□□□□□□□□□＿
□□□□□□□□□＿
□＿□□□□□□□＿
00:43:13(77802f):field(77801f)
＿＿＿＿＿＿＿＿＿＿
＿＿＿＿＿＿＿＿＿＿
＿＿＿■□＿＿＿＿＿
＿＿■■□＿＿＿＿＿
＿＿■□□□□＿＿□
＿＿□□□□□□＿□
□＿□□□□□□＿□
□＿□□□□□□□□
□□＿□□＿□□□□
□□＿□□□□□□□
□□□□□□□□□＿
□□□□＿□□□□□
□□＿□□□□□□□
□□□□□□＿□□□
□□□□□□□□＿＿
□□□□□□□□□＿
□□＿＿□□□＿＿＿
□□□□□□□□□＿
□□□□□□□□□＿
□＿□□□□□□□＿
00:43:13(77816f):field(77815f)
＿＿＿＿＿＿＿＿＿＿
＿＿＿＿＿＿＿＿＿＿
＿＿＿□□＿＿＿＿＿
＿＿□□□＿＿＿＿＿
＿■□□□□□＿＿□
■■□□□□□□＿□
□■□□□□□□＿□
□＿□□□□□□□□
□□＿□□＿□□□□
□□＿□□□□□□□
□□□□□□□□□＿
□□□□＿□□□□□
□□＿□□□□□□□
□□□□□□＿□□□
□□□□□□□□＿＿
□□□□□□□□□＿
□□＿＿□□□＿＿＿
□□□□□□□□□＿
□□□□□□□□□＿
□＿□□□□□□□＿
00:43:14(77843f):field(77842f)
＿＿＿＿＿＿＿＿＿＿
＿＿＿＿＿＿＿＿＿＿
＿＿＿□□＿■＿＿＿
＿＿□□□＿■■＿＿
＿□□□□□□■＿□
□□□□□□□□＿□
□□□□□□□□＿□
□＿□□□□□□□□
□□＿□□＿□□□□
□□＿□□□□□□□
□□□□□□□□□＿
□□□□＿□□□□□
□□＿□□□□□□□
□□□□□□＿□□□
□□□□□□□□＿＿
□□□□□□□□□＿
□□＿＿□□□＿＿＿
□□□□□□□□□＿
□□□□□□□□□＿
□＿□□□□□□□＿
00:43:15(77859f):field(77858f)
＿＿＿＿＿＿＿＿＿＿
＿＿＿＿＿＿＿＿＿＿
■■＿□□＿□＿＿＿
■■□□□＿□□＿＿
＿□□□□□□□＿□
□□□□□□□□＿□
□□□□□□□□＿□
□＿□□□□□□□□
□□＿□□＿□□□□
□□＿□□□□□□□
□□□□□□□□□＿
□□□□＿□□□□□
□□＿□□□□□□□
□□□□□□＿□□□
□□□□□□□□＿＿
□□□□□□□□□＿
□□＿＿□□□＿＿＿
□□□□□□□□□＿
□□□□□□□□□＿
□＿□□□□□□□＿
00:43:15(77879f):field(77878f)
＿＿＿＿＿＿＿＿＿＿
＿＿＿＿＿＿＿＿＿＿
◆◆＿◆◆＿◆＿＿＿
◆◆◆◆◆＿◆◆＿＿
■□◆□□□□◆＿◆
□□□□□◆□□■□
◆□□□□□□□■□
□■□□□□□□□□
□□＿□□＿□□□□
□□＿□□□□□□□
□□□□□□□□□＿
□□□□＿□□□□□
□□＿□□□□□□□
□□□□□□＿□□□
□□□□□□□□＿＿
□□□□□□□□□＿
□□＿＿□□□＿＿＿
□□□□□□□□□＿
□□□□□□□□□＿
□＿□□□□□□□＿
00:43:16(77897f):field(77896f)
＿＿＿＿＿＿＿＿＿＿
＿＿＿＿＿＿＿＿＿＿
＿＿＿■＿＿＿＿＿＿
＿＿■■＿＿＿＿＿＿
□□■□□◆□＿＿＿
□□□□□＿□□□◆
＿□□□□□□□□□
□◆□□□□□□□□
□□＿□□＿□□□□
□□＿□□□□□□□
□□□□□□□□□＿
□□□□＿□□□□□
□□＿□□□□□□□
□□□□□□＿□□□
□□□□□□□□＿＿
□□□□□□□□□＿
□□＿＿□□□＿＿＿
□□□□□□□□□＿
□□□□□□□□□＿
□＿□□□□□□□＿
00:43:17(77912f):field(77911f)
＿＿＿＿＿＿＿＿＿＿
＿＿＿＿＿＿＿＿＿＿
＿＿＿□＿＿＿＿＿＿
＿＿□□■■＿＿＿＿
□□□□□■□＿＿＿
□□□□□■□□□＿
＿□□□□□□□□□
□＿□□□□□□□□
□□＿□□＿□□□□
□□＿□□□□□□□
□□□□□□□□□＿
□□□□＿□□□□□
□□＿□□□□□□□
□□□□□□＿□□□
□□□□□□□□＿＿
□□□□□□□□□＿
□□＿＿□□□＿＿＿
□□□□□□□□□＿
□□□□□□□□□＿
□＿□□□□□□□＿
00:43:17(77936f):field(77935f)
＿＿＿＿＿＿＿＿＿＿
＿＿＿＿＿＿＿＿＿＿
＿＿＿◆＿＿＿＿＿＿
＿＿◆□◆◆＿＿＿＿
◆◆□□□□◆＿■＿
□□□□□□□◆□■
＿□□□□□□□□□
□＿□□□□□□□□
□□＿□□＿□□□□
□□＿□□□□□□□
□□□□□□□□□＿
□□□□＿□□□□□
□□＿□□□□□□□
□□□□□□＿□□□
□□□□□□□□＿＿
□□□□□□□□□＿
□□＿＿□□□＿＿＿
□□□□□□□□□＿
□□□□□□□□□＿
□＿□□□□□□□＿
00:43:18(77961f):field(77960f)
＿＿＿＿＿＿＿＿＿＿
＿＿＿＿＿＿＿＿＿＿
＿＿＿＿＿＿＿＿＿＿
＿＿＿◆＿＿＿＿＿＿
＿＿◆□□◆＿■□＿
◆◆□□□□◆■□□
＿□□□□□□□□□
□＿□□□□□□□□
□□＿□□＿□□□□
□□＿□□□□□□□
□□□□□□□□□＿
□□□□＿□□□□□
□□＿□□□□□□□
□□□□□□＿□□□
□□□□□□□□＿＿
□□□□□□□□□＿
□□＿＿□□□＿＿＿
□□□□□□□□□＿
□□□□□□□□□＿
□＿□□□□□□□＿
00:43:19(77978f):field(77977f)
＿＿＿＿＿＿＿＿＿＿
＿＿＿＿＿＿＿＿＿＿
＿＿＿＿＿＿■＿＿＿
＿＿＿＿＿＿■＿＿＿
＿＿＿□◆＿■□□＿
＿＿□□□□■□□◆
＿□□□□□□□□□
□＿□□□□□□□□
□□＿□□＿□□□□
□□＿□□□□□□□
□□□□□□□□□＿
□□□□＿□□□□□
□□＿□□□□□□□
□□□□□□＿□□□
□□□□□□□□＿＿
□□□□□□□□□＿
□□＿＿□□□＿＿＿
□□□□□□□□□＿
□□□□□□□□□＿
□＿□□□□□□□＿
00:43:19(77992f):field(77991f)
＿＿＿＿＿＿＿＿＿＿
＿＿＿＿＿＿＿＿＿＿
＿＿＿＿＿＿□＿＿＿
＿＿＿■■＿□＿＿＿
＿＿＿□■■□□□＿
＿＿□□□□□□□＿
＿□□□□□□□□□
□＿□□□□□□□□
□□＿□□＿□□□□
□□＿□□□□□□□
□□□□□□□□□＿
□□□□＿□□□□□
□□＿□□□□□□□
□□□□□□＿□□□
□□□□□□□□＿＿
□□□□□□□□□＿
□□＿＿□□□＿＿＿
□□□□□□□□□＿
□□□□□□□□□＿
□＿□□□□□□□＿
00:43:20(78010f):field(78009f)
＿＿＿＿＿＿＿＿＿＿
＿＿＿＿＿＿＿＿＿＿
＿＿＿＿＿＿◆＿＿＿
＿＿＿◆◆＿□＿＿＿
＿＿＿□□◆□◆◆＿
■＿◆□□□□□□＿
■□□□□□□□□◆
□＿□□□□□□□□
□□＿□□＿□□□□
□□＿□□□□□□□
□□□□□□□□□＿
□□□□＿□□□□□
□□＿□□□□□□□
□□□□□□＿□□□
□□□□□□□□＿＿
□□□□□□□□□＿
□□＿＿□□□＿＿＿
□□□□□□□□□＿
□□□□□□□□□＿
□＿□□□□□□□＿
00:43:20(78027f):field(78026f)
＿＿＿＿＿＿＿＿＿＿
＿＿＿＿＿＿＿＿＿＿
＿＿＿＿■＿＿＿＿＿
＿＿＿＿■■□＿＿＿
＿＿＿□□■□＿＿＿
□＿＿□□□□□□＿
□□□□□□□□□＿
□＿□□□□□□□□
□□＿□□＿□□□□
□□＿□□□□□□□
□□□□□□□□□＿
□□□□＿□□□□□
□□＿□□□□□□□
□□□□□□＿□□□
□□□□□□□□＿＿
□□□□□□□□□＿
□□＿＿□□□＿＿＿
□□□□□□□□□＿
□□□□□□□□□＿
□＿□□□□□□□＿
00:43:21(78041f):field(78040f)
＿＿＿＿＿＿＿＿＿＿
＿＿＿＿＿＿＿＿＿＿
＿＿＿＿□＿＿＿＿＿
＿＿＿＿□□□＿＿＿
＿■■□□□□＿＿＿
□■■□□□□□□＿
□□□□□□□□□＿
□＿□□□□□□□□
□□＿□□＿□□□□
□□＿□□□□□□□
□□□□□□□□□＿
□□□□＿□□□□□
□□＿□□□□□□□
□□□□□□＿□□□
□□□□□□□□＿＿
□□□□□□□□□＿
□□＿＿□□□＿＿＿
□□□□□□□□□＿
□□□□□□□□□＿
□＿□□□□□□□＿
00:43:22(78064f):field(78063f)
＿＿＿＿＿＿＿＿＿＿
＿＿＿＿＿＿＿＿＿＿
＿＿＿＿◆＿＿＿＿＿
＿＿＿＿□◆◆＿＿＿
＿◆◆□□□□＿＿＿
◆□□□□□□□□■
□□□□□□□□□＿
□＿□□□□□□□□
□□＿□□＿□□□□
□□＿□□□□□□□
□□□□□□□□□＿
□□□□＿□□□□□
□□＿□□□□□□□
□□□□□□＿□□□
□□□□□□□□＿＿
□□□□□□□□□＿
□□＿＿□□□＿＿＿
□□□□□□□□□＿
□□□□□□□□□＿
□＿□□□□□□□＿
00:43:22(78080f):field(78079f)
＿＿＿＿＿＿＿＿＿＿
＿＿＿＿＿＿＿＿＿＿
＿＿＿＿＿＿＿＿＿＿
＿＿＿＿◆＿＿＿＿＿
＿■＿◆□◆□＿＿＿
■□◆◆□□□◆◆◆
□□□□□□□□□＿
□＿□□□□□□□□
□□＿□□＿□□□□
□□＿□□□□□□□
□□□□□□□□□＿
□□□□＿□□□□□
□□＿□□□□□□□
□□□□□□＿□□□
□□□□□□□□＿＿
□□□□□□□□□＿
□□＿＿□□□＿＿＿
□□□□□□□□□＿
□□□□□□□□□＿
□＿□□□□□□□＿
00:43:23(78099f):field(78098f)
＿＿＿＿＿＿＿＿＿＿
＿＿＿＿＿＿＿＿＿＿
＿＿＿＿＿＿＿＿＿＿
＿＿＿＿＿＿＿＿＿＿
＿◆＿＿◆＿◆＿＿■
◆□＿＿□◆◆■＿■
□□◆◆□□□◆◆■
□＿□□□□□□□□
□□＿□□＿□□□□
□□＿□□□□□□□
□□□□□□□□□＿
□□□□＿□□□□□
□□＿□□□□□□□
□□□□□□＿□□□
□□□□□□□□＿＿
□□□□□□□□□＿
□□＿＿□□□＿＿＿
□□□□□□□□□＿
□□□□□□□□□＿
□＿□□□□□□□＿
00:43:23(78114f):field(78113f)
＿＿＿＿＿＿＿＿＿＿
＿＿＿＿＿＿＿＿＿＿
＿＿＿＿＿＿＿＿＿＿
＿＿＿＿＿＿＿＿＿＿
＿＿＿＿＿＿＿＿＿□
＿□■■□＿＿◆＿□
□□■■□□□＿＿□
□＿□□□□□□□□
□□＿□□＿□□□□
□□＿□□□□□□□
□□□□□□□□□＿
□□□□＿□□□□□
□□＿□□□□□□□
□□□□□□＿□□□
□□□□□□□□＿＿
□□□□□□□□□＿
□□＿＿□□□＿＿＿
□□□□□□□□□＿
□□□□□□□□□＿
□＿□□□□□□□＿
00:43:24(78128f):field(78127f)
＿＿＿＿＿＿＿＿＿＿
＿＿＿＿＿＿＿＿＿＿
＿＿＿＿＿＿＿＿＿＿
＿＿＿＿■＿＿＿＿＿
＿＿＿＿■■＿＿＿□
＿□□□□■＿＿＿□
□□□□□□□＿＿□
□＿□□□□□□□□
□□＿□□＿□□□□
□□＿□□□□□□□
□□□□□□□□□＿
□□□□＿□□□□□
□□＿□□□□□□□
□□□□□□＿□□□
□□□□□□□□＿＿
□□□□□□□□□＿
□□＿＿□□□＿＿＿
□□□□□□□□□＿
□□□□□□□□□＿
□＿□□□□□□□＿
00:43:24(78148f):field(78147f)
＿＿＿＿＿＿＿＿＿＿
＿＿＿＿＿＿＿＿＿＿
＿＿＿＿＿＿＿＿＿＿
＿＿＿＿□＿＿＿＿＿
＿＿＿＿□□＿＿＿□
＿□□□□□■■■□
□□□□□□□＿■□
□＿□□□□□□□□
□□＿□□＿□□□□
□□＿□□□□□□□
□□□□□□□□□＿
□□□□＿□□□□□
□□＿□□□□□□□
□□□□□□＿□□□
□□□□□□□□＿＿
□□□□□□□□□＿
□□＿＿□□□＿＿＿
□□□□□□□□□＿
□□□□□□□□□＿
□＿□□□□□□□＿
00:43:25(78166f):field(78165f)
＿＿＿＿＿＿＿＿＿＿
＿＿＿＿＿＿＿＿＿＿
＿＿＿＿＿＿＿＿＿＿
＿＿＿＿◆＿＿＿＿＿
■＿＿＿□◆■＿＿◆
■□◆□□□◆◆◆□
□□□□□□□＿□□
□＿□□□□□□□□
□□■□□＿□□□□
□□＿□□□□□□□
□□□□□□□□□＿
□□□□＿□□□□□
□□＿□□□□□□□
□□□□□□＿□□□
□□□□□□□□＿＿
□□□□□□□□□＿
□□＿＿□□□＿＿＿
□□□□□□□□□＿
□□□□□□□□□＿
□＿□□□□□□□＿
00:43:26(78186f):field(78185f)
＿＿＿＿＿＿＿＿＿＿
＿＿＿＿＿＿＿＿＿＿
＿＿＿＿＿＿＿＿＿＿
＿＿＿＿＿＿＿＿＿＿
◆＿＿＿◆＿◆■＿＿
□◆＿□□◆＿■＿□
□□◆◆□□◆■□□
□＿□□□□□□□□
□□◆□□＿□□□□
□□＿□□□□□□□
□□□□□□□□□＿
□□□□＿□□□□□
□□＿□□□□□□□
□□□□□□＿□□□
□□□□□□□□＿＿
□□□□□□□□□＿
□□＿＿□□□＿＿＿
□□□□□□□□□＿
□□□□□□□□□＿
□＿□□□□□□□＿
00:43:26(78205f):field(78204f)
＿＿＿＿＿＿＿＿＿＿
＿＿＿＿＿＿＿＿＿＿
＿＿＿＿＿＿＿＿＿＿
＿＿＿＿＿＿＿＿＿＿
＿＿＿＿＿＿＿□＿＿
□■■◆□＿＿□＿◆
□□■■□□＿□◆□
□＿□□□□□□□□
□□＿□□＿□□□□
□□＿□□□□□□□
□□□□□□□□□＿
□□□□＿□□□□□
□□＿□□□□□□□
□□□□□□＿□□□
□□□□□□□□＿＿
□□□□□□□□□＿
□□＿＿□□□＿＿＿
□□□□□□□□□＿
□□□□□□□□□＿
□＿□□□□□□□＿
00:43:27(78221f):field(78220f)
＿＿＿＿＿＿＿＿＿＿
＿＿＿＿＿＿＿＿＿＿
■＿＿＿＿＿＿＿＿＿
■＿＿＿＿＿＿＿＿＿
■■＿＿＿＿＿□＿＿
□□□＿□＿＿□＿＿
□□□□□□＿□＿□
□＿□□□□□□□□
□□＿□□＿□□□□
□□＿□□□□□□□
□□□□□□□□□＿
□□□□＿□□□□□
□□＿□□□□□□□
□□□□□□＿□□□
□□□□□□□□＿＿
□□□□□□□□□＿
□□＿＿□□□＿＿＿
□□□□□□□□□＿
□□□□□□□□□＿
□＿□□□□□□□＿
00:43:27(78239f):field(78238f)
＿＿＿＿＿＿＿＿＿＿
＿＿＿＿＿＿＿＿＿＿
□＿＿＿＿＿＿＿＿＿
□＿＿■■＿＿＿＿＿
□□＿■＿＿＿□＿＿
□□□■□＿＿□＿＿
□□□□□□＿□＿□
□＿□□□□□□□□
□□＿□□＿□□□□
□□＿□□□□□□□
□□□□□□□□□＿
□□□□＿□□□□□
□□＿□□□□□□□
□□□□□□＿□□□
□□□□□□□□＿＿
□□□□□□□□□＿
□□＿＿□□□＿＿＿
□□□□□□□□□＿
□□□□□□□□□＿
□＿□□□□□□□＿
00:43:28(78257f):field(78256f)
＿＿＿＿＿＿＿＿＿＿
＿＿＿＿＿＿＿＿＿＿
□■＿＿＿＿＿＿＿＿
□■■□□＿＿＿＿＿
□□■□＿＿＿□＿＿
□□□□□＿＿□＿＿
□□□□□□＿□＿□
□＿□□□□□□□□
□□＿□□＿□□□□
□□＿□□□□□□□
□□□□□□□□□＿
□□□□＿□□□□□
□□＿□□□□□□□
□□□□□□＿□□□
□□□□□□□□＿＿
□□□□□□□□□＿
□□＿＿□□□＿＿＿
□□□□□□□□□＿
□□□□□□□□□＿
□＿□□□□□□□＿
00:43:29(78274f):field(78273f)
＿＿＿＿＿＿＿＿＿＿
＿＿＿＿＿＿＿＿＿＿
□□＿＿＿＿＿＿＿＿
□□□□□■＿＿＿＿
□□□□■■＿□＿＿
□□□□□■＿□＿＿
□□□□□□＿□＿□
□＿□□□□□□□□
□□＿□□＿□□□□
□□＿□□□□□□□
□□□□□□□□□＿
□□□□＿□□□□□
□□＿□□□□□□□
□□□□□□＿□□□
□□□□□□□□＿＿
□□□□□□□□□＿
□□＿＿□□□＿＿＿
□□□□□□□□□＿
□□□□□□□□□＿
□＿□□□□□□□＿
00:43:29(78293f):field(78292f)
＿＿＿＿＿＿＿＿＿＿
＿＿＿＿＿＿＿＿＿＿
□□＿＿＿＿＿＿＿＿
□□□□□□＿＿＿＿
□□□□□□＿□＿■
□□□□□□＿□■■
□□□□□□＿□■□
□＿□□□□□□□□
□□＿□□＿□□□□
□□＿□□□□□□□
□□□□□□□□□＿
□□□□＿□□□□□
□□＿□□□□□□□
□□□□□□＿□□□
□□□□□□□□＿＿
□□□□□□□□□＿
□□＿＿□□□＿＿＿
□□□□□□□□□＿
□□□□□□□□□＿
□＿□□□□□□□＿
00:43:30(78317f):field(78316f)
＿＿＿＿＿＿＿＿＿＿
＿＿＿＿■＿＿＿＿＿
□□■■■＿＿＿＿＿
□□□□□□＿＿＿＿
□□□□□□＿□＿□
□□□□□□＿□□□
□□□□□□＿□□□
□＿□□□□□□□□
□□＿□□＿□□□□
□□＿□□□□□□□
□□□□□□□□□＿
□□□□＿□□□□□
□□＿□□□□□□□
□□□□□□＿□□□
□□□□□□□□＿＿
□□□□□□□□□＿
□□＿＿□□□＿＿＿
□□□□□□□□□＿
□□□□□□□□□＿
□＿□□□□□□□＿
00:43:33(78406f):game end
