01:08:46(123801f):game start
01:08:48(123860f):field(123859f)
＿＿＿＿＿＿＿＿＿＿
＿＿＿＿＿＿＿＿＿＿
＿＿＿＿＿＿＿＿＿＿
＿＿＿＿＿＿＿＿＿＿
＿＿＿＿＿＿＿＿＿＿
＿＿＿＿＿＿＿＿＿＿
＿＿＿＿＿＿＿＿＿＿
＿＿＿＿＿＿＿＿＿＿
＿＿＿＿＿＿＿＿＿＿
＿＿＿＿＿＿＿＿＿＿
＿＿＿＿＿＿＿＿＿＿
＿＿＿＿＿＿＿＿＿＿
＿＿＿＿＿＿＿＿＿＿
＿＿＿＿＿＿＿＿＿＿
＿＿＿＿＿＿＿＿＿＿
＿＿＿＿＿＿＿＿＿＿
＿＿＿＿＿＿＿＿＿＿
＿＿＿＿＿＿＿＿＿＿
＿＿■＿＿＿＿＿＿＿
■■■＿＿＿＿＿＿＿
01:08:49(123876f):field(123875f)
＿＿＿＿＿＿＿＿＿＿
＿＿＿＿＿＿＿＿＿＿
＿＿＿＿＿＿＿＿＿＿
＿＿＿＿＿＿＿＿＿＿
＿＿＿＿＿＿＿＿＿＿
＿＿＿＿＿＿＿＿＿＿
＿＿＿＿＿＿＿＿＿＿
＿＿＿＿＿＿＿＿＿＿
＿＿＿＿＿＿＿＿＿＿
＿＿＿＿＿＿＿＿＿＿
＿＿＿＿＿＿＿＿＿＿
＿＿＿＿＿＿＿＿＿＿
＿＿＿＿＿＿＿＿＿＿
＿＿＿＿＿＿＿＿＿＿
＿＿＿＿＿＿＿＿＿＿
＿＿＿＿＿＿＿＿＿＿
＿＿＿＿＿＿＿＿＿＿
＿＿＿＿＿＿＿＿＿＿
＿＿□■＿＿＿＿＿＿
□□□■■■＿＿＿＿
01:08:49(123890f):field(123889f)
＿＿＿＿＿＿＿＿＿＿
＿＿＿＿＿＿＿＿＿＿
＿＿＿＿＿＿＿＿＿＿
＿＿＿＿＿＿＿＿＿＿
＿＿＿＿＿＿＿＿＿＿
＿＿＿＿＿＿＿＿＿＿
＿＿＿＿＿＿＿＿＿＿
＿＿＿＿＿＿＿＿＿＿
＿＿＿＿＿＿＿＿＿＿
＿＿＿＿＿＿＿＿＿＿
＿＿＿＿＿＿＿＿＿＿
＿＿＿＿＿＿＿＿＿＿
＿＿＿＿＿＿＿＿＿＿
＿＿＿＿＿＿＿＿＿＿
＿＿＿＿＿＿＿＿＿＿
＿＿＿＿■＿＿＿＿＿
＿＿＿＿■＿＿＿＿＿
＿＿＿＿■＿＿＿＿＿
＿＿□□■＿＿＿＿＿
□□□□□□＿＿＿＿
01:08:50(123912f):field(123911f)
＿＿＿＿＿＿＿＿＿＿
＿＿＿＿＿＿＿＿＿＿
＿＿＿＿＿＿＿＿＿＿
＿＿＿＿＿＿＿＿＿＿
＿＿＿＿＿＿＿＿＿＿
＿＿＿＿＿＿＿＿＿＿
＿＿＿＿＿＿＿＿＿＿
＿＿＿＿＿＿＿＿＿＿
＿＿＿＿＿＿＿＿＿＿
＿＿＿＿＿＿＿＿＿＿
＿＿＿＿＿＿＿＿＿＿
＿＿＿＿＿＿＿＿＿＿
＿＿＿＿＿＿＿＿＿＿
＿＿＿＿＿＿＿＿＿＿
＿＿＿＿＿＿＿＿＿＿
＿＿＿＿□＿＿＿＿＿
＿＿＿＿□＿＿＿＿＿
＿■■＿□＿＿＿＿＿
■■□□□＿＿＿＿＿
□□□□□□＿＿＿＿
01:08:50(123925f):field(123924f)
＿＿＿＿＿＿＿＿＿＿
＿＿＿＿＿＿＿＿＿＿
＿＿＿＿＿＿＿＿＿＿
＿＿＿＿＿＿＿＿＿＿
＿＿＿＿＿＿＿＿＿＿
＿＿＿＿＿＿＿＿＿＿
＿＿＿＿＿＿＿＿＿＿
＿＿＿＿＿＿＿＿＿＿
＿＿＿＿＿＿＿＿＿＿
＿＿＿＿＿＿＿＿＿＿
＿＿＿＿＿＿＿＿＿＿
＿＿＿＿＿＿＿＿＿＿
＿＿＿＿＿＿＿＿＿＿
＿＿＿＿＿＿＿＿＿＿
＿＿＿＿＿＿＿＿＿＿
＿■＿＿□＿＿＿＿＿
■■＿＿□＿＿＿＿＿
■□□＿□＿＿＿＿＿
□□□□□＿＿＿＿＿
□□□□□□＿＿＿＿
01:08:51(123949f):field(123948f)
＿＿＿＿＿＿＿＿＿＿
＿＿＿＿＿＿＿＿＿＿
＿＿＿＿＿＿＿＿＿＿
＿＿＿＿＿＿＿＿＿＿
＿＿＿＿＿＿＿＿＿＿
＿＿＿＿＿＿＿＿＿＿
＿＿＿＿＿＿＿＿＿＿
＿＿＿＿＿＿＿＿＿＿
＿＿＿＿＿＿＿＿＿＿
＿＿＿＿＿＿＿＿＿＿
＿＿＿＿＿＿＿＿＿＿
＿＿＿＿＿＿＿＿＿＿
＿＿＿＿＿＿＿＿＿＿
＿＿＿＿＿＿＿＿＿＿
＿＿＿＿＿＿＿＿＿＿
＿□＿＿□＿＿＿＿＿
□□＿＿□＿＿＿＿＿
□□□＿□＿＿＿＿＿
□□□□□＿＿＿■＿
□□□□□□■■■＿
01:08:52(123962f):field(123961f)
＿＿＿＿＿＿＿＿＿＿
＿＿＿＿＿＿＿＿＿＿
＿＿＿＿＿＿＿＿＿＿
＿＿＿＿＿＿＿＿＿＿
＿＿＿＿＿＿＿＿＿＿
＿＿＿＿＿＿＿＿＿＿
＿＿＿＿＿＿＿＿＿＿
＿＿＿＿＿＿＿＿＿＿
＿＿＿＿＿＿＿＿＿＿
＿＿＿＿＿＿＿＿＿＿
＿＿＿＿＿＿＿＿＿＿
＿＿＿＿＿＿＿＿＿＿
＿＿＿＿＿＿＿＿＿＿
＿＿＿＿＿＿＿＿＿＿
＿＿＿＿＿＿＿＿＿＿
＿□＿■□＿＿＿＿＿
□□■■□＿＿＿＿＿
□□□■□＿＿＿＿＿
□□□□□＿＿＿□＿
□□□□□□□□□＿
01:08:52(123975f):field(123974f)
＿＿＿＿＿＿＿＿＿＿
＿＿＿＿＿＿＿＿＿＿
＿＿＿＿＿＿＿＿＿＿
＿＿＿＿＿＿＿＿＿＿
＿＿＿＿＿＿＿＿＿＿
＿＿＿＿＿＿＿＿＿＿
＿＿＿＿＿＿＿＿＿＿
＿＿＿＿＿＿＿＿＿＿
＿＿＿＿＿＿＿＿＿＿
＿＿＿＿＿＿＿＿＿＿
＿＿＿＿＿＿＿＿＿＿
＿＿＿＿＿＿＿＿＿＿
＿＿＿＿＿＿＿＿＿＿
＿＿＿＿＿＿＿＿＿＿
＿＿＿＿＿＿＿＿＿＿
＿□＿□□■＿＿＿＿
□□□□□■＿＿＿＿
□□□□□■＿＿＿＿
□□□□□■＿＿□＿
□□□□□□□□□＿
01:08:53(123990f):field(123989f)
＿＿＿＿＿＿＿＿＿＿
＿＿＿＿＿＿＿＿＿＿
＿＿＿＿＿＿＿＿＿＿
＿＿＿＿＿＿＿＿＿＿
＿＿＿＿＿＿＿＿＿＿
＿＿＿＿＿＿＿＿＿＿
＿＿＿＿＿＿＿＿＿＿
＿＿＿＿＿＿＿＿＿＿
＿＿＿＿＿＿＿＿＿＿
＿＿＿＿＿＿＿＿＿＿
＿＿＿＿＿＿＿＿＿＿
＿＿＿＿＿＿＿＿＿＿
＿＿＿＿＿＿＿＿＿＿
＿＿＿＿＿＿＿＿＿＿
＿＿＿＿＿＿＿＿＿＿
＿□＿□□□＿＿＿＿
□□□□□□＿■＿＿
□□□□□□＿■＿＿
□□□□□□■■□＿
□□□□□□□□□＿
01:08:53(124005f):field(124004f)
＿＿＿＿＿＿＿＿＿＿
＿＿＿＿＿＿＿＿＿＿
＿＿＿＿＿＿＿＿＿＿
＿＿＿＿＿＿＿＿＿＿
＿＿＿＿＿＿＿＿＿＿
＿＿＿＿＿＿＿＿＿＿
＿＿＿＿＿＿＿＿＿＿
＿＿＿＿＿＿＿＿＿＿
＿＿＿＿＿＿＿＿＿＿
＿＿＿＿＿＿＿＿＿＿
＿＿＿＿＿＿＿＿＿＿
＿＿＿＿＿＿＿＿＿＿
＿＿＿＿＿＿＿＿＿＿
＿■＿＿＿＿＿＿＿＿
＿■■＿＿＿＿＿＿＿
＿□■□□□＿＿＿＿
□□□□□□＿□＿＿
□□□□□□＿□＿＿
□□□□□□□□□＿
□□□□□□□□□＿
01:08:54(124021f):field(124020f)
＿＿＿＿＿＿＿＿＿＿
＿＿＿＿＿＿＿＿＿＿
＿＿＿＿＿＿＿＿＿＿
＿＿＿＿＿＿＿＿＿＿
＿＿＿＿＿＿＿＿＿＿
＿＿＿＿＿＿＿＿＿＿
＿＿＿＿＿＿＿＿＿＿
＿＿＿＿＿＿＿＿＿＿
＿＿＿＿＿＿＿＿＿＿
＿＿＿＿＿＿＿＿＿＿
＿＿＿＿＿＿＿＿＿＿
＿＿＿＿＿＿＿＿＿＿
＿＿＿＿＿＿＿＿＿＿
＿□■■＿＿＿＿＿＿
＿□□■■＿＿＿＿＿
＿□□□□□＿＿＿＿
□□□□□□＿□＿＿
□□□□□□＿□＿＿
□□□□□□□□□＿
□□□□□□□□□＿
01:08:54(124039f):field(124038f)
＿＿＿＿＿＿＿＿＿＿
＿＿＿＿＿＿＿＿＿＿
＿＿＿＿＿＿＿＿＿＿
＿＿＿＿＿＿＿＿＿＿
＿＿＿＿＿＿＿＿＿＿
＿＿＿＿＿＿＿＿＿＿
＿＿＿＿＿＿＿＿＿＿
＿＿＿＿＿＿＿＿＿＿
＿＿＿＿＿＿＿＿＿＿
＿＿＿＿＿＿＿＿＿＿
＿＿＿＿＿＿＿＿＿＿
＿＿＿＿＿＿＿＿＿＿
＿＿＿＿＿＿＿＿＿＿
＿□□□＿＿＿＿＿＿
＿□□□□＿＿＿＿■
＿□□□□□＿■■■
□□□□□□＿□＿＿
□□□□□□＿□＿＿
□□□□□□□□□＿
□□□□□□□□□＿
01:08:55(124057f):field(124056f)
＿＿＿＿＿＿＿＿＿＿
＿＿＿＿＿＿＿＿＿＿
＿＿＿＿＿＿＿＿＿＿
＿＿＿＿＿＿＿＿＿＿
＿＿＿＿＿＿＿＿＿＿
＿＿＿＿＿＿＿＿＿＿
＿＿＿＿＿＿＿＿＿＿
＿＿＿＿＿＿＿＿＿＿
＿＿＿＿＿＿＿＿＿＿
＿＿＿＿＿＿＿＿＿＿
＿＿＿＿＿＿＿＿＿＿
＿＿＿＿＿＿＿＿＿＿
＿＿＿■■＿＿＿＿＿
＿□□□■■＿＿＿＿
＿□□□□＿＿＿＿□
＿□□□□□＿□□□
□□□□□□＿□＿＿
□□□□□□＿□＿＿
□□□□□□□□□＿
□□□□□□□□□＿
01:08:55(124072f):field(124071f)
＿＿＿＿＿＿＿＿＿＿
＿＿＿＿＿＿＿＿＿＿
＿＿＿＿＿＿＿＿＿＿
＿＿＿＿＿＿＿＿＿＿
＿＿＿＿＿＿＿＿＿＿
＿＿＿＿＿＿＿＿＿＿
＿＿＿＿＿＿＿＿＿＿
＿＿＿＿＿＿＿＿＿＿
＿＿＿＿＿＿＿＿＿＿
＿＿＿＿＿＿＿＿＿＿
＿＿＿■■＿＿＿＿＿
＿＿＿■■＿＿＿＿＿
＿＿＿□□＿＿＿＿＿
＿□□□□□＿＿＿＿
＿□□□□＿＿＿＿□
＿□□□□□＿□□□
□□□□□□＿□＿＿
□□□□□□＿□＿＿
□□□□□□□□□＿
□□□□□□□□□＿
01:08:56(124093f):field(124092f)
＿＿＿＿＿＿＿＿＿＿
＿＿＿＿＿＿＿＿＿＿
＿＿＿＿＿＿＿＿＿＿
＿＿＿＿＿＿＿＿＿＿
＿＿＿＿＿＿＿＿＿＿
＿＿＿＿＿＿＿＿＿＿
＿＿＿＿＿＿＿＿＿＿
＿＿＿＿＿＿＿＿＿＿
＿＿＿＿＿＿＿＿＿＿
＿＿＿＿＿＿＿＿＿＿
＿＿＿□□＿＿＿＿＿
＿＿＿□□＿＿＿＿＿
＿＿＿□□＿＿＿＿＿
＿□□□□□＿＿■■
＿□□□□＿＿■■□
＿□□□□□＿□□□
□□□□□□＿□＿＿
□□□□□□＿□＿＿
□□□□□□□□□＿
□□□□□□□□□＿
01:08:56(124108f):field(124107f)
＿＿＿＿＿＿＿＿＿＿
＿＿＿＿＿＿＿＿＿＿
＿＿＿＿＿＿＿＿＿＿
＿＿＿＿＿＿＿＿＿＿
＿＿＿＿＿＿＿＿＿＿
＿＿＿＿＿＿＿＿＿＿
＿＿＿＿＿＿＿＿＿＿
＿＿＿＿＿＿＿＿＿＿
＿＿＿＿＿＿＿＿＿＿
＿＿＿＿＿＿＿＿＿＿
＿＿＿□□＿＿＿＿＿
＿＿＿□□＿＿＿＿＿
■■＿□□＿＿＿＿＿
■□□□□□＿＿□□
■□□□□＿＿□□□
＿□□□□□＿□□□
□□□□□□＿□＿＿
□□□□□□＿□＿＿
□□□□□□□□□＿
□□□□□□□□□＿
01:08:57(124126f):field(124125f)
＿＿＿＿＿＿＿＿＿＿
＿＿＿＿＿＿＿＿＿＿
＿＿＿＿＿＿＿＿＿＿
＿＿＿＿＿＿＿＿＿＿
＿＿＿＿＿＿＿＿＿＿
＿＿＿＿＿＿＿＿＿＿
＿＿＿＿＿＿＿＿＿＿
＿＿＿＿＿＿＿＿＿＿
＿＿＿＿＿＿＿＿＿＿
＿＿＿＿＿＿＿＿＿＿
＿＿■□□＿＿＿＿＿
＿■■□□＿＿＿＿＿
□□■□□＿＿＿＿＿
□□□□□□＿＿□□
□□□□□＿＿□□□
＿□□□□□＿□□□
□□□□□□＿□＿＿
□□□□□□＿□＿＿
□□□□□□□□□＿
□□□□□□□□□＿
01:08:58(124141f):field(124140f)
＿＿＿＿＿＿＿＿＿＿
＿＿＿＿＿＿＿＿＿＿
＿＿＿＿＿＿＿＿＿＿
＿＿＿＿＿＿＿＿＿＿
＿＿＿＿＿＿＿＿＿＿
＿＿＿＿＿＿＿＿＿＿
＿＿＿＿＿＿＿＿＿＿
＿＿＿＿＿＿＿＿＿＿
＿＿＿＿＿＿＿＿＿＿
＿■＿＿＿＿＿＿＿＿
■■□□□＿＿＿＿＿
■□□□□＿＿＿＿＿
□□□□□＿＿＿＿＿
□□□□□□＿＿□□
□□□□□＿＿□□□
＿□□□□□＿□□□
□□□□□□＿□＿＿
□□□□□□＿□＿＿
□□□□□□□□□＿
□□□□□□□□□＿
01:08:58(124161f):field(124160f)
＿＿＿＿＿＿＿＿＿＿
＿＿＿＿＿＿＿＿＿＿
＿＿＿＿＿＿＿＿＿＿
＿＿＿＿＿＿＿＿＿＿
＿＿＿＿＿＿＿＿＿＿
＿＿＿＿＿＿＿＿＿＿
＿＿＿＿＿＿＿＿＿＿
＿＿＿＿＿＿＿＿＿＿
＿＿＿＿＿＿＿＿＿＿
＿□＿＿＿＿＿＿＿＿
□□□□□＿＿＿＿＿
□□□□□＿＿＿＿＿
□□□□□＿＿■■■
□□□□□□＿■□□
□□□□□＿＿□□□
＿□□□□□＿□□□
□□□□□□＿□＿＿
□□□□□□＿□＿＿
□□□□□□□□□＿
□□□□□□□□□＿
01:08:59(124180f):field(124179f)
＿＿＿＿＿＿＿＿＿＿
＿＿＿＿＿＿＿＿＿＿
＿＿＿＿＿＿＿＿＿＿
＿＿＿＿＿＿＿＿＿＿
＿＿＿＿＿＿＿＿＿＿
＿＿＿＿＿＿＿＿＿＿
＿＿＿＿＿＿＿＿＿＿
＿＿＿＿＿＿＿＿＿＿
＿＿＿＿＿＿＿＿＿＿
＿◆＿＿＿＿＿＿＿＿
◆◆◆◆◆＿＿＿＿＿
◆□◆◆□＿＿＿＿＿
□□□□□＿＿◆□◆
□□□□□□＿◆◆◆
□□□□□＿＿□□□
＿□□□□□＿□□□
□□□□□□＿□■＿
□□□□□□＿□＿＿
□□□□□□□□□＿
□□□□□□□□□＿
01:08:59(124193f):field(124192f)
＿＿＿＿＿＿＿＿＿＿
＿＿＿＿＿＿＿＿＿＿
＿＿＿＿＿＿＿＿＿＿
＿＿＿＿＿＿＿＿＿＿
＿＿＿＿＿＿＿＿＿＿
＿＿＿＿＿＿＿＿＿＿
＿＿＿＿＿＿＿＿＿＿
＿＿＿＿＿＿＿＿＿＿
＿＿＿＿＿＿＿＿＿＿
＿＿＿＿＿＿＿＿＿＿
＿＿＿＿＿＿＿＿＿＿
＿□＿＿◆＿＿＿＿＿
□□□□□＿＿＿□■
□□□□□□＿＿■■
□□□□□＿＿□□□
＿□□□□□＿□□□
□□□□□□＿□◆＿
□□□□□□＿□＿＿
□□□□□□□□□＿
□□□□□□□□□＿
01:09:00(124211f):field(124210f)
＿＿＿＿＿＿＿＿＿＿
＿＿＿＿＿＿＿＿＿＿
＿＿＿＿＿＿＿＿＿＿
＿＿＿＿＿＿＿＿＿＿
＿＿＿＿＿＿＿＿＿＿
＿＿＿＿＿＿＿＿＿＿
＿＿＿＿＿＿＿＿＿＿
＿＿＿＿＿＿＿＿＿＿
＿＿＿＿＿＿＿＿＿＿
＿＿＿＿＿＿＿＿＿＿
＿＿＿＿＿＿＿＿＿＿
＿◆＿＿＿＿＿＿＿＿
◆□◆◆◆＿＿＿◆◆
□□□□□◆＿＿□□
□□□□□＿■□□□
＿□□□□□■□□□
□□□□□□■□＿＿
□□□□□□＿□＿＿
□□□□□□□□□＿
□□□□□□□□□＿
01:09:00(124228f):field(124227f)
＿＿＿＿＿＿＿＿＿＿
＿＿＿＿＿＿＿＿＿＿
＿＿＿＿＿＿＿＿＿＿
＿＿＿＿＿＿＿＿＿＿
＿＿＿＿＿＿＿＿＿＿
＿＿＿＿＿＿＿＿＿＿
＿＿＿＿＿＿＿＿＿＿
＿＿＿＿＿＿＿＿＿＿
＿＿＿＿＿＿＿＿＿＿
＿＿＿＿＿＿＿＿＿＿
＿＿＿＿＿＿＿＿＿＿
＿＿＿＿＿＿＿＿＿＿
＿◆＿＿＿＿＿＿＿＿
◆□◆◆◆■＿＿◆◆
□□□□□■□◆□□
＿□□□□□□□□□
□□□□□□◆□＿■
□□□□□□■□＿＿
□□□□□□□□□＿
□□□□□□□□□＿
01:09:01(124251f):field(124250f)
＿＿＿＿＿＿＿＿＿＿
＿＿＿＿＿＿＿＿＿＿
＿＿＿＿＿＿＿＿＿＿
＿＿＿＿＿＿＿＿＿＿
＿＿＿＿＿＿＿＿＿＿
＿＿＿＿＿＿＿＿＿＿
＿＿＿＿＿＿＿＿＿＿
＿＿＿＿＿＿＿＿＿＿
＿＿＿＿＿＿＿＿＿＿
＿＿＿＿＿＿＿＿＿＿
＿＿＿＿＿＿＿＿＿＿
＿＿＿＿＿＿＿＿＿＿
＿＿＿＿＿＿＿＿＿＿
＿□＿＿＿◆＿＿＿＿
◆□◆◆◆□◆■□□
＿□□□□□□□□□
□□□□□□＿□＿◆
□□□□□□□□＿＿
□□□□□□□□□＿
□□□□□□□□□＿
01:09:02(124265f):field(124264f)
＿＿＿＿＿＿＿＿＿＿
＿＿＿＿＿＿＿＿＿＿
＿＿＿＿＿＿＿＿＿＿
＿＿＿＿＿＿＿＿＿＿
＿＿＿＿＿＿＿＿＿＿
＿＿＿＿＿＿＿＿＿＿
＿＿＿＿＿＿＿＿＿＿
＿＿＿＿＿＿＿＿＿＿
＿＿＿＿＿＿＿＿＿＿
＿＿＿＿＿＿＿＿＿＿
＿＿＿＿＿＿＿＿＿＿
＿＿＿＿＿＿＿＿＿＿
＿＿＿＿＿＿＿＿＿＿
＿□■＿＿＿＿＿＿＿
＿□■■＿□＿□□□
＿□□□□□□□□□
□□□□□□＿□＿＿
□□□□□□◆□＿＿
□□□□□□□□□＿
□□□□□□□□□＿
01:09:02(124279f):field(124278f)
＿＿＿＿＿＿＿＿＿＿
＿＿＿＿＿＿＿＿＿＿
＿＿＿＿＿＿＿＿＿＿
＿＿＿＿＿＿＿＿＿＿
＿＿＿＿＿＿＿＿＿＿
＿＿＿＿＿＿＿＿＿＿
＿＿＿＿＿＿＿＿＿＿
＿＿＿＿＿＿＿＿＿＿
＿＿＿＿＿＿＿＿＿＿
＿＿＿＿＿＿＿＿＿＿
＿＿＿＿＿＿＿＿＿＿
＿＿＿＿■＿＿＿＿＿
＿＿＿＿■＿＿＿＿＿
＿□□＿■＿＿＿＿＿
＿□□□■□＿□□□
＿□□□□□□□□□
□□□□□□＿□＿＿
□□□□□□＿□＿＿
□□□□□□□□□＿
□□□□□□□□□＿
01:09:03(124296f):field(124295f)
＿＿＿＿＿＿＿＿＿＿
＿＿＿＿＿＿＿＿＿＿
＿＿＿＿＿＿＿＿＿＿
＿＿＿＿＿＿＿＿＿＿
＿＿＿＿＿＿＿＿＿＿
＿＿＿＿＿＿＿＿＿＿
＿＿＿＿＿＿＿＿＿＿
＿＿＿＿＿＿＿＿＿＿
＿＿＿＿＿＿＿＿＿＿
＿＿＿＿＿＿＿＿＿＿
＿＿＿＿＿＿＿＿＿＿
＿＿＿＿□＿＿＿＿＿
＿＿＿＿□＿＿＿■■
＿□□＿□＿＿＿■■
＿□□□□□＿□□□
＿□□□□□□□□□
□□□□□□＿□＿＿
□□□□□□＿□＿＿
□□□□□□□□□＿
□□□□□□□□□＿
01:09:03(124309f):field(124308f)
＿＿＿＿＿＿＿＿＿＿
＿＿＿＿＿＿＿＿＿＿
＿＿＿＿＿＿＿＿＿＿
＿＿＿＿＿＿＿＿＿＿
＿＿＿＿＿＿＿＿＿＿
＿＿＿＿＿＿＿＿＿＿
＿＿＿＿＿＿＿＿＿＿
＿＿＿＿＿＿＿＿＿＿
＿＿＿＿＿＿＿＿＿＿
＿＿＿＿＿＿＿＿＿＿
＿＿＿＿＿＿＿＿＿＿
＿＿＿＿□＿＿＿＿＿
＿＿＿＿□＿＿＿□□
＿□□＿□■■■□□
＿□□□□□■□□□
＿□□□□□□□□□
□□□□□□＿□＿＿
□□□□□□＿□＿＿
□□□□□□□□□＿
□□□□□□□□□＿
01:09:04(124336f):field(124335f)
＿＿＿＿＿＿＿＿＿＿
＿＿＿＿＿＿＿＿＿＿
＿＿＿＿＿＿＿＿＿＿
＿＿＿＿＿＿＿＿＿＿
＿＿＿＿＿＿＿＿＿＿
＿＿＿＿＿＿＿＿＿＿
＿＿＿＿＿＿＿＿＿＿
＿＿＿＿＿＿＿＿＿＿
＿＿＿＿＿＿＿＿＿＿
＿＿＿＿＿＿＿＿＿＿
＿＿＿＿＿＿＿＿＿＿
＿＿＿＿◆＿＿＿＿＿
＿＿＿＿□＿＿＿◆◆
■□◆＿□□◆◆□□
■□□◆□□□□□□
＿□□□□□□□□□
□□□□□□＿□＿＿
□□□□□□＿□＿＿
□□□□□□□□□＿
□□□□□□□□□＿
01:09:04(124349f):field(124348f)
＿＿＿＿＿＿＿＿＿＿
＿＿＿＿＿＿＿＿＿＿
＿＿＿＿＿＿＿＿＿＿
＿＿＿＿＿＿＿＿＿＿
＿＿＿＿＿＿＿＿＿＿
＿＿＿＿＿＿＿＿＿＿
＿＿＿＿＿＿＿＿＿＿
＿＿＿＿＿＿＿＿＿＿
＿＿＿＿＿＿＿＿＿＿
＿＿＿＿＿＿＿＿＿＿
＿＿＿＿＿＿＿＿＿＿
＿＿＿＿＿＿＿＿■＿
＿＿＿＿□＿＿■■＿
□□＿＿□◆＿■□□
□□□＿□□□□□□
＿□□□□□□□□□
□□□□□□＿□＿＿
□□□□□□＿□＿＿
□□□□□□□□□＿
□□□□□□□□□＿
01:09:05(124365f):field(124364f)
＿＿＿＿＿＿＿＿＿＿
＿＿＿＿＿＿＿＿＿＿
＿＿＿＿＿＿＿＿＿＿
＿＿＿＿＿＿＿＿＿＿
＿＿＿＿＿＿＿＿＿＿
＿＿＿＿＿＿＿＿＿＿
＿＿＿＿＿＿＿＿＿＿
＿＿＿＿＿＿＿＿＿＿
＿＿＿＿＿＿＿＿＿＿
＿＿＿＿＿＿＿＿＿＿
＿＿＿＿＿＿＿＿＿＿
＿＿＿＿＿■＿＿□＿
＿＿＿＿□■＿□□＿
□□＿＿□■■□□□
□□□＿□□□□□□
＿□□□□□□□□□
□□□□□□＿□＿＿
□□□□□□＿□＿＿
□□□□□□□□□＿
□□□□□□□□□＿
01:09:06(124383f):field(124382f)
＿＿＿＿＿＿＿＿＿＿
＿＿＿＿＿＿＿＿＿＿
＿＿＿＿＿＿＿＿＿＿
＿＿＿＿＿＿＿＿＿＿
＿＿＿＿＿＿＿＿＿＿
＿＿＿＿＿＿＿＿＿＿
＿＿＿＿＿＿＿＿＿＿
＿＿＿＿＿＿＿＿＿＿
＿＿＿＿＿＿＿＿＿＿
＿＿＿＿＿＿＿＿＿＿
＿＿＿＿＿＿＿＿＿＿
＿＿＿＿＿◆＿＿◆＿
■＿＿＿◆◆＿◆◆＿
◆◆■＿◆□◆◆□◆
◆◆□＿□□□□□◆
＿□□□□□□□□□
□□□□□□＿□＿＿
□□□□□□＿□＿＿
□□□□□□□□□＿
□□□□□□□□□＿
01:09:06(124396f):field(124395f)
＿＿＿＿＿＿＿＿＿＿
＿＿＿＿＿＿＿＿＿＿
＿＿＿＿＿＿＿＿＿＿
＿＿＿＿＿＿＿＿＿＿
＿＿＿＿＿＿＿＿＿＿
＿＿＿＿＿＿＿＿＿＿
＿＿＿＿＿＿＿＿＿＿
＿＿＿＿＿＿＿＿＿＿
＿＿＿＿＿＿＿＿＿＿
＿＿＿＿＿＿＿＿＿＿
＿＿＿＿■＿＿＿＿＿
＿＿＿＿■＿＿＿＿＿
◆＿＿＿■＿＿＿＿＿
＿＿◆＿■□＿＿□＿
＿＿□＿□□◆□□＿
＿□□□□□□□□□
□□□□□□＿□＿＿
□□□□□□＿□＿＿
□□□□□□□□□＿
□□□□□□□□□＿
01:09:07(124415f):field(124414f)
＿＿＿＿＿＿＿＿＿＿
＿＿＿＿＿＿＿＿＿＿
＿＿＿＿＿＿＿＿＿＿
＿＿＿＿＿＿＿＿＿＿
＿＿＿＿＿＿＿＿＿＿
＿＿＿＿＿＿＿＿＿＿
＿＿＿＿＿＿＿＿＿＿
＿＿＿＿＿＿＿＿＿＿
＿＿＿＿＿＿＿＿＿＿
＿＿＿＿＿＿＿＿＿＿
＿＿＿＿□＿＿＿＿＿
＿＿＿＿□＿＿＿＿＿
＿＿＿＿□＿■＿＿＿
＿＿＿＿□□■■□＿
＿＿□＿□□■□□＿
＿□□□□□□□□□
□□□□□□＿□＿＿
□□□□□□＿□＿＿
□□□□□□□□□＿
□□□□□□□□□＿
01:09:07(124431f):field(124430f)
＿＿＿＿＿＿＿＿＿＿
＿＿＿＿＿＿＿＿＿＿
＿＿＿＿＿＿＿＿＿＿
＿＿＿＿＿＿＿＿＿＿
＿＿＿＿＿＿＿＿＿＿
＿＿＿＿＿＿＿＿＿＿
＿＿＿＿＿＿＿＿＿＿
＿＿＿＿＿＿＿＿＿＿
＿＿＿＿＿＿＿＿＿＿
＿＿＿＿＿＿＿＿＿＿
＿＿＿＿□＿＿＿＿＿
＿＿＿＿□＿＿＿＿＿
＿＿＿＿□＿□＿＿＿
■■＿＿□□□□□＿
■■□＿□□□□□＿
＿□□□□□□□□□
□□□□□□＿□＿＿
□□□□□□＿□＿＿
□□□□□□□□□＿
□□□□□□□□□＿
01:09:08(124446f):field(124445f)
＿＿＿＿＿＿＿＿＿＿
＿＿＿＿＿＿＿＿＿＿
＿＿＿＿＿＿＿＿＿＿
＿＿＿＿＿＿＿＿＿＿
＿＿＿＿＿＿＿＿＿＿
＿＿＿＿＿＿＿＿＿＿
＿＿＿＿＿＿＿＿＿＿
＿＿＿＿＿＿＿＿＿＿
＿＿＿＿＿＿＿＿＿＿
＿＿＿＿＿＿＿＿＿＿
＿＿＿＿□＿■＿＿＿
＿＿＿＿□■■＿＿＿
＿＿＿＿□■□＿＿＿
□□＿＿□□□□□＿
□□□＿□□□□□＿
＿□□□□□□□□□
□□□□□□＿□＿＿
□□□□□□＿□＿＿
□□□□□□□□□＿
□□□□□□□□□＿
01:09:09(124471f):field(124470f)
＿＿＿＿＿＿＿＿＿＿
＿＿＿＿＿＿＿＿＿＿
＿＿＿＿＿＿＿＿＿＿
＿＿＿＿＿＿＿＿＿＿
＿＿＿＿＿＿＿＿＿＿
＿＿＿＿＿＿＿＿＿＿
＿＿＿＿＿＿＿＿＿＿
＿＿＿＿＿＿＿＿＿＿
＿＿＿＿＿＿＿＿＿＿
＿＿＿＿＿＿＿＿＿＿
＿＿＿＿□＿□＿＿＿
＿＿＿＿□□□＿＿＿
■■■＿□□□＿＿＿
□□■＿□□□□□＿
□□□＿□□□□□＿
＿□□□□□□□□□
□□□□□□＿□＿＿
□□□□□□＿□＿＿
□□□□□□□□□＿
□□□□□□□□□＿
01:09:09(124486f):field(124485f)
＿＿＿＿＿＿＿＿＿＿
＿＿＿＿＿＿＿＿＿＿
＿＿＿＿＿＿＿＿＿＿
＿＿＿＿＿＿＿＿＿＿
＿＿＿＿＿＿＿＿＿＿
＿＿＿＿＿＿＿＿＿＿
＿＿＿＿＿＿＿＿＿＿
＿＿＿＿＿＿＿＿＿＿
＿＿＿＿■＿＿＿＿＿
＿＿＿＿■■＿＿＿＿
＿＿＿＿□■□＿＿＿
＿＿＿＿□□□＿＿＿
□□□＿□□□＿＿＿
□□□＿□□□□□＿
□□□＿□□□□□＿
＿□□□□□□□□□
□□□□□□＿□＿＿
□□□□□□＿□＿＿
□□□□□□□□□＿
□□□□□□□□□＿
01:09:10(124500f):field(124499f)
＿＿＿＿＿＿＿＿＿＿
＿＿＿＿＿＿＿＿＿＿
＿＿＿＿＿＿＿＿＿＿
＿＿＿＿＿＿＿＿＿＿
＿＿＿＿＿＿＿＿＿＿
＿＿＿＿＿＿＿＿＿＿
＿＿＿＿＿＿＿＿＿＿
＿＿＿＿＿＿＿＿＿＿
＿＿＿＿□＿＿＿＿＿
＿＿＿＿□□＿＿＿＿
＿＿＿＿□□□＿＿＿
＿＿＿＿□□□＿＿＿
□□□＿□□□＿■■
□□□＿□□□□□■
□□□＿□□□□□■
＿□□□□□□□□□
□□□□□□＿□＿＿
□□□□□□＿□＿＿
□□□□□□□□□＿
□□□□□□□□□＿
01:09:10(124515f):field(124514f)
＿＿＿＿＿＿＿＿＿＿
＿＿＿＿＿＿＿＿＿＿
＿＿＿＿＿＿＿＿＿＿
＿＿＿＿＿＿＿＿＿＿
＿＿＿＿＿＿＿＿＿＿
＿＿＿＿＿＿＿＿＿＿
＿＿＿＿＿＿＿＿＿＿
＿＿＿＿＿＿＿＿＿＿
＿＿＿＿□＿＿＿＿＿
＿＿＿＿□□＿＿＿＿
■■＿＿□□□＿＿＿
■■＿＿□□□＿＿＿
□□□＿□□□＿□□
□□□＿□□□□□□
□□□＿□□□□□□
＿□□□□□□□□□
□□□□□□＿□＿＿
□□□□□□＿□＿＿
□□□□□□□□□＿
□□□□□□□□□＿
01:09:11(124531f):field(124530f)
＿＿＿＿＿＿＿＿＿＿
＿＿＿＿＿＿＿＿＿＿
＿＿＿＿＿＿＿＿＿＿
＿＿＿＿＿＿＿＿＿＿
＿＿＿＿＿＿＿＿＿＿
＿＿＿＿＿＿＿＿＿＿
＿＿＿＿＿＿＿＿＿＿
＿＿＿＿＿＿＿＿＿＿
＿＿＿＿□＿＿＿＿＿
＿＿＿＿□□＿＿＿＿
□□＿＿□□□＿■＿
□□＿＿□□□■■＿
□□□＿□□□■□□
□□□＿□□□□□□
□□□＿□□□□□□
＿□□□□□□□□□
□□□□□□＿□＿＿
□□□□□□＿□＿＿
□□□□□□□□□＿
□□□□□□□□□＿
01:09:12(124563f):field(124562f)
＿＿＿＿＿＿＿＿＿＿
＿＿＿＿＿＿＿＿＿＿
＿＿＿＿＿＿＿＿＿＿
＿＿＿＿＿＿＿＿＿＿
＿＿＿＿＿＿＿＿＿＿
＿＿＿＿＿＿＿＿＿＿
＿＿＿＿＿＿＿＿＿＿
＿＿＿＿■■■＿＿＿
＿＿＿＿□＿■＿＿＿
＿＿＿＿□□＿＿＿＿
□□＿＿□□□＿□＿
□□＿＿□□□□□＿
□□□＿□□□□□□
□□□＿□□□□□□
□□□＿□□□□□□
＿□□□□□□□□□
□□□□□□＿□＿＿
□□□□□□＿□＿＿
□□□□□□□□□＿
□□□□□□□□□＿
01:09:12(124585f):field(124584f)
＿＿＿＿＿＿＿＿＿＿
＿＿＿＿＿＿＿＿＿＿
＿＿＿＿＿＿＿＿＿＿
＿＿＿＿＿＿＿＿＿＿
＿＿＿＿＿＿＿＿＿＿
＿＿＿＿＿＿＿＿＿＿
＿＿＿＿＿＿＿＿＿＿
＿＿＿＿◆◆◆＿＿＿
＿＿＿＿◆＿◆＿＿＿
＿＿＿＿◆◆＿＿＿＿
◆◆＿＿□□□＿◆＿
□◆＿＿□◆□◆◆＿
□◆◆＿□□□◆◆◆
□□□＿□□□◆□◆
□□◆■□□□□□◆
■□□□□□□□□□
□□□□□□＿□＿■
□□□□□□■□＿＿
□□□□□□□□□＿
□□□□□□□□□＿
01:09:13(124601f):field(124600f)
＿＿＿＿＿＿＿＿＿＿
＿＿＿＿＿＿＿＿＿＿
＿＿＿＿＿＿＿＿＿＿
＿＿＿＿＿＿＿＿＿＿
＿＿＿＿＿＿＿＿＿＿
＿＿＿＿＿＿＿＿＿＿
＿＿＿＿＿＿＿＿＿＿
＿＿＿＿＿＿＿＿＿＿
＿＿＿＿＿＿＿＿＿＿
＿＿＿＿＿＿＿＿＿＿
＿＿＿＿□□□＿＿＿
◆＿＿＿□＿□＿■＿
◆＿＿＿□□◆＿■■
□□◆＿□□□＿□■
□□＿□□□□□□＿
◆□□□□□□□□□
□□□□□□＿□＿◆
□□□□□□◆□＿＿
□□□□□□□□□＿
□□□□□□□□□＿
01:09:13(124617f):field(124616f)
＿＿＿＿＿＿＿＿＿＿
＿＿＿＿＿＿＿＿＿＿
＿＿＿＿＿＿＿＿＿＿
＿＿＿＿＿＿＿＿＿＿
＿＿＿＿＿＿＿＿＿＿
＿＿＿＿＿＿＿＿＿＿
＿＿＿＿＿＿＿＿＿＿
＿＿＿＿＿＿＿＿＿＿
＿＿＿＿＿＿＿＿＿＿
＿＿＿＿＿＿＿＿＿＿
＿＿＿＿□□□＿＿＿
＿＿＿＿□＿□＿□＿
＿＿■■□□＿＿□□
□□■■□□□＿□□
□□＿□□□□□□＿
＿□□□□□□□□□
□□□□□□＿□＿＿
□□□□□□＿□＿＿
□□□□□□□□□＿
□□□□□□□□□＿
01:09:14(124632f):field(124631f)
＿＿＿＿＿＿＿＿＿＿
＿＿＿＿＿＿＿＿＿＿
＿＿＿＿＿＿＿＿＿＿
＿＿＿＿＿＿＿＿＿＿
＿＿＿＿＿＿＿＿＿＿
＿＿＿＿＿＿＿＿＿＿
＿＿＿＿＿＿＿＿＿＿
＿＿＿＿＿＿＿＿＿＿
＿＿＿＿＿＿＿＿＿＿
＿＿＿＿＿＿＿＿＿＿
■＿＿＿□□□＿＿＿
■＿＿＿□＿□＿□＿
■■□□□□＿＿□□
□□□□□□□＿□□
□□＿□□□□□□＿
＿□□□□□□□□□
□□□□□□＿□＿＿
□□□□□□＿□＿＿
□□□□□□□□□＿
□□□□□□□□□＿
01:09:15(124655f):field(124654f)
＿＿＿＿＿＿＿＿＿＿
＿＿＿＿＿＿＿＿＿＿
＿＿＿＿＿＿＿＿＿＿
＿＿＿＿＿＿＿＿＿＿
＿＿＿＿＿＿＿＿＿＿
＿＿＿＿＿＿＿＿＿＿
＿＿＿＿＿＿＿＿＿＿
＿＿＿＿＿＿＿＿＿＿
＿＿＿＿＿＿＿＿＿＿
＿＿＿＿＿＿＿＿＿■
□＿＿＿□□□＿■■
□＿＿＿□＿□＿□■
□□□□□□＿＿□□
□□□□□□□＿□□
□□＿□□□□□□＿
＿□□□□□□□□□
□□□□□□＿□＿＿
□□□□□□＿□＿＿
□□□□□□□□□＿
□□□□□□□□□＿
01:09:15(124673f):field(124672f)
＿＿＿＿＿＿＿＿＿＿
＿＿＿＿＿＿＿＿＿＿
＿＿＿＿＿＿＿＿＿＿
＿＿＿＿＿＿＿＿＿＿
＿＿＿＿＿＿＿＿＿＿
＿＿＿＿＿＿＿＿＿＿
＿＿＿＿＿＿＿＿＿＿
＿＿＿＿＿＿＿＿＿＿
＿＿＿＿＿＿＿＿＿＿
＿＿＿＿＿＿＿＿＿◆
◆＿＿＿◆◆◆＿◆□
□＿＿＿□■□■□□
□◆◆◆□◆■■□□
□□□□□□◆■□□
□□＿□□□□□□＿
＿□□□□□□□□□
□□□□□□＿□＿＿
□□□□□□＿□＿＿
□□□□□□□□□＿
□□□□□□□□□＿
01:09:16(124695f):field(124694f)
＿＿＿＿＿＿＿＿＿＿
＿＿＿＿＿＿＿＿＿＿
＿＿＿＿＿＿＿＿＿＿
＿＿＿＿＿＿＿＿＿＿
＿＿＿＿＿＿＿＿＿＿
＿＿＿＿＿＿＿＿＿＿
＿＿＿＿＿＿＿＿＿＿
＿＿＿＿＿＿＿＿＿＿
＿＿＿＿＿＿＿＿＿＿
＿＿＿＿＿＿＿＿＿＿
■＿＿＿＿＿＿＿＿◆
◆＿＿■◆◆◆◆◆□
□■＿＿□＿□□□□
□□□□□□＿□□□
□□＿□□□□□□＿
＿□□□□□□□□□
□□□□□□＿□＿＿
□□□□□□＿□＿＿
□□□□□□□□□＿
□□□□□□□□□＿
01:09:16(124706f):field(124705f)
＿＿＿＿＿＿＿＿＿＿
＿＿＿＿＿＿＿＿＿＿
＿＿＿＿＿＿＿＿＿＿
＿＿＿＿＿＿＿＿＿＿
＿＿＿＿＿＿＿＿＿＿
＿＿＿＿＿＿＿＿＿＿
＿＿＿＿＿＿＿＿＿＿
＿＿＿＿＿＿＿＿＿＿
＿＿＿＿＿＿＿＿＿＿
＿＿＿＿＿＿＿＿＿＿
◆＿＿＿＿＿＿＿＿＿
＿＿■□＿＿＿＿＿□
□□■■□＿□□□□
□□□□□□＿□□□
□□＿□□□□□□＿
＿□□□□□□□□□
□□□□□□＿□＿＿
□□□□□□＿□＿＿
□□□□□□□□□＿
□□□□□□□□□＿
01:09:17(124723f):field(124722f)
＿＿＿＿＿＿＿＿＿＿
＿＿＿＿＿＿＿＿＿＿
＿＿＿＿＿＿＿＿＿＿
＿＿＿＿＿＿＿＿＿＿
＿＿＿＿＿＿＿＿＿＿
＿＿＿＿＿＿＿＿＿＿
＿＿＿＿＿＿＿＿＿＿
＿＿＿＿＿＿＿＿＿＿
＿＿＿＿＿＿＿＿＿＿
＿＿＿＿＿＿＿＿＿＿
＿＿■■■＿＿＿＿＿
＿＿□□■＿＿＿＿□
□□□□□＿□□□□
□□□□□□＿□□□
□□＿□□□□□□＿
＿□□□□□□□□□
□□□□□□＿□＿＿
□□□□□□＿□＿＿
□□□□□□□□□＿
□□□□□□□□□＿
01:09:18(124741f):field(124740f)
＿＿＿＿＿＿＿＿＿＿
＿＿＿＿＿＿＿＿＿＿
＿＿＿＿＿＿＿＿＿＿
＿＿＿＿＿＿＿＿＿＿
＿＿＿＿＿＿＿＿＿＿
＿＿＿＿＿＿＿＿＿＿
＿＿＿＿＿＿＿＿＿＿
＿＿＿＿＿＿＿＿＿＿
＿＿＿＿＿＿＿＿＿＿
＿＿＿＿＿＿＿＿＿■
＿＿□□□＿＿＿■■
＿＿□□□＿＿＿■□
□□□□□＿□□□□
□□□□□□＿□□□
□□＿□□□□□□＿
＿□□□□□□□□□
□□□□□□＿□＿＿
□□□□□□＿□＿＿
□□□□□□□□□＿
□□□□□□□□□＿
01:09:18(124762f):field(124761f)
＿＿＿＿＿＿＿＿＿＿
＿＿＿＿＿＿＿＿＿＿
＿＿＿＿＿＿＿＿＿＿
＿＿＿＿＿＿＿＿＿＿
＿＿＿＿＿＿＿＿＿＿
＿＿＿＿＿＿＿＿＿＿
＿＿＿＿＿＿＿＿＿＿
＿＿＿＿＿＿＿＿＿＿
＿＿＿＿＿＿＿＿＿＿
＿＿＿＿＿＿＿＿＿□
＿＿□□□＿■■□□
＿＿□□□■■＿□□
□□□□□＿□□□□
□□□□□□＿□□□
□□＿□□□□□□＿
＿□□□□□□□□□
□□□□□□＿□＿＿
□□□□□□＿□＿＿
□□□□□□□□□＿
□□□□□□□□□＿
01:09:19(124777f):field(124776f)
＿＿＿＿＿＿＿＿＿＿
＿＿＿＿＿＿＿＿＿＿
＿＿＿＿＿＿＿＿＿＿
＿＿＿＿＿＿＿＿＿＿
＿＿＿＿＿＿＿＿＿＿
＿＿＿＿＿＿＿＿＿＿
＿＿＿＿＿＿＿＿＿＿
＿＿＿＿＿■＿＿＿＿
＿＿＿＿＿■＿＿＿＿
＿＿＿＿＿■＿＿＿□
＿＿□□□■□□□□
＿＿□□□□□＿□□
□□□□□＿□□□□
□□□□□□＿□□□
□□＿□□□□□□＿
＿□□□□□□□□□
□□□□□□＿□＿＿
□□□□□□＿□＿＿
□□□□□□□□□＿
□□□□□□□□□＿
01:09:19(124796f):field(124795f)
＿＿＿＿＿＿＿＿＿＿
＿＿＿＿＿＿＿＿＿＿
＿＿＿＿＿＿＿＿＿＿
＿＿＿＿＿＿＿＿＿＿
＿＿＿＿＿＿＿＿＿＿
＿＿＿＿＿＿＿＿＿＿
＿＿＿＿＿＿＿＿＿＿
＿＿＿＿＿□＿＿＿＿
＿＿＿＿＿□＿＿＿＿
■＿＿＿＿□＿＿＿□
■＿□□□□□□□□
■■□□□□□＿□□
□□□□□＿□□□□
□□□□□□＿□□□
□□＿□□□□□□＿
＿□□□□□□□□□
□□□□□□＿□＿＿
□□□□□□＿□＿＿
□□□□□□□□□＿
□□□□□□□□□＿
01:09:20(124810f):field(124809f)
＿＿＿＿＿＿＿＿＿＿
＿＿＿＿＿＿＿＿＿＿
＿＿＿＿＿＿＿＿＿＿
＿＿＿＿＿＿＿＿＿＿
＿＿＿＿＿＿＿＿＿＿
＿＿＿＿＿＿＿＿＿＿
＿＿＿＿＿＿＿＿＿＿
＿＿＿＿＿□＿＿＿＿
＿＿＿■■□＿＿＿＿
□＿＿■■□＿＿＿□
□＿□□□□□□□□
□□□□□□□＿□□
□□□□□＿□□□□
□□□□□□＿□□□
□□＿□□□□□□＿
＿□□□□□□□□□
□□□□□□＿□＿＿
□□□□□□＿□＿＿
□□□□□□□□□＿
□□□□□□□□□＿
01:09:21(124834f):field(124833f)
＿＿＿＿＿＿＿＿＿＿
＿＿＿＿＿＿＿＿＿＿
＿＿＿＿＿＿＿＿＿＿
＿＿＿＿＿＿＿＿＿＿
＿＿＿＿＿＿＿＿＿＿
＿＿＿＿＿＿＿＿＿＿
＿＿＿＿＿■■■＿＿
＿＿＿＿＿□＿■＿＿
＿＿＿□□□＿＿＿＿
□＿＿□□□＿＿＿□
□＿□□□□□□□□
□□□□□□□＿□□
□□□□□＿□□□□
□□□□□□＿□□□
□□＿□□□□□□＿
＿□□□□□□□□□
□□□□□□＿□＿＿
□□□□□□＿□＿＿
□□□□□□□□□＿
□□□□□□□□□＿
01:09:21(124854f):field(124853f)
＿＿＿＿＿＿＿＿＿＿
＿＿＿＿＿＿＿＿＿＿
＿＿＿＿＿＿＿＿＿＿
＿＿＿＿＿＿＿＿＿＿
＿＿＿＿＿＿＿＿＿＿
＿＿＿＿＿＿＿＿＿＿
＿＿＿＿＿◆◆◆＿＿
＿＿＿＿＿□■□＿＿
＿＿＿◆◆□＿■＿＿
◆■＿□□□＿■＿◆
□■□□□□◆◆◆□
□□□□□□□＿□□
□□□□□＿□□□□
□□□□□□＿□□□
□□＿□□□□□□＿
＿□□□□□□□□□
□□□□□□＿□＿＿
□□□□□□＿□＿＿
□□□□□□□□□＿
□□□□□□□□□＿
01:09:22(124869f):field(124868f)
＿＿＿＿＿＿＿＿＿＿
＿＿＿＿＿＿＿＿＿＿
＿＿＿＿＿＿＿＿＿＿
＿＿＿＿＿＿＿＿＿＿
＿＿＿＿＿＿＿＿＿＿
＿＿＿＿＿＿＿＿＿＿
＿＿＿＿＿＿＿＿＿＿
＿■＿＿＿□□□＿＿
＿■■＿＿□＿□＿＿
＿□■□□□＿◆＿＿
□□□□□□＿＿＿□
□□□□□□□＿□□
□□□□□＿□□□□
□□□□□□＿□□□
□□＿□□□□□□＿
＿□□□□□□□□□
□□□□□□＿□＿＿
□□□□□□＿□＿＿
□□□□□□□□□＿
□□□□□□□□□＿
01:09:22(124883f):field(124882f)
＿＿＿＿＿＿＿＿＿＿
＿＿＿＿＿＿＿＿＿＿
＿＿＿＿＿＿＿＿＿＿
＿＿＿＿＿＿＿＿＿＿
＿＿＿＿＿＿＿＿＿＿
＿＿＿＿■＿＿＿＿＿
＿＿＿＿■＿＿＿＿＿
＿□＿＿■□□□＿＿
＿□□＿■□＿□＿＿
＿□□□□□＿＿＿＿
□□□□□□＿＿＿□
□□□□□□□＿□□
□□□□□＿□□□□
□□□□□□＿□□□
□□＿□□□□□□＿
＿□□□□□□□□□
□□□□□□＿□＿＿
□□□□□□＿□＿＿
□□□□□□□□□＿
□□□□□□□□□＿
01:09:23(124913f):field(124912f)
＿＿＿＿＿＿＿＿＿＿
＿＿＿＿＿＿＿＿＿＿
＿＿＿＿＿＿＿＿＿＿
＿＿＿＿＿＿＿＿＿＿
＿＿＿＿＿＿＿＿＿＿
＿＿＿＿□＿＿＿＿＿
＿＿＿＿□＿＿＿＿＿
＿□＿＿□□□□■＿
＿□□＿□□＿□■＿
＿□□□□□＿＿■■
□□□□□□＿＿＿□
□□□□□□□＿□□
□□□□□＿□□□□
□□□□□□＿□□□
□□＿□□□□□□＿
＿□□□□□□□□□
□□□□□□＿□＿＿
□□□□□□＿□＿＿
□□□□□□□□□＿
□□□□□□□□□＿
01:09:24(124940f):field(124939f)
＿＿＿＿＿＿＿＿＿＿
＿＿＿＿＿＿＿＿＿＿
＿＿＿＿＿＿＿＿＿＿
＿＿＿＿＿＿＿＿＿＿
＿＿＿＿＿＿＿■＿＿
＿＿＿＿□＿■■＿＿
＿＿＿＿□＿■＿＿＿
＿□＿＿□□□□□＿
＿□□＿□□＿□□＿
＿□□□□□＿＿□□
□□□□□□＿＿＿□
□□□□□□□＿□□
□□□□□＿□□□□
□□□□□□＿□□□
□□＿□□□□□□＿
＿□□□□□□□□□
□□□□□□＿□＿＿
□□□□□□＿□＿＿
□□□□□□□□□＿
□□□□□□□□□＿
01:09:25(124957f):field(124956f)
＿＿＿＿＿＿＿＿＿＿
＿＿＿＿＿＿＿＿＿＿
＿＿＿＿＿＿＿＿＿＿
＿＿＿＿＿＿＿＿＿＿
＿＿＿＿＿＿＿□＿＿
＿＿＿＿□＿□□＿＿
＿＿■■□＿□＿＿＿
＿□■■□□□□□＿
＿□□＿□□＿□□＿
＿□□□□□＿＿□□
□□□□□□＿＿＿□
□□□□□□□＿□□
□□□□□＿□□□□
□□□□□□＿□□□
□□＿□□□□□□＿
＿□□□□□□□□□
□□□□□□＿□＿＿
□□□□□□＿□＿＿
□□□□□□□□□＿
□□□□□□□□□＿
01:09:25(124971f):field(124970f)
＿＿＿＿＿＿＿＿＿＿
＿＿＿＿＿＿＿＿＿＿
＿＿＿＿＿＿＿＿＿＿
＿＿＿＿＿＿＿＿＿＿
＿＿＿■■＿＿□＿＿
＿＿■■□＿□□＿＿
＿＿□□□＿□＿＿＿
＿□□□□□□□□＿
＿□□＿□□＿□□＿
＿□□□□□＿＿□□
□□□□□□＿＿＿□
□□□□□□□＿□□
□□□□□＿□□□□
□□□□□□＿□□□
□□＿□□□□□□＿
＿□□□□□□□□□
□□□□□□＿□＿＿
□□□□□□＿□＿＿
□□□□□□□□□＿
□□□□□□□□□＿
01:09:26(124989f):field(124988f)
＿＿＿＿＿＿＿＿＿＿
＿＿＿＿＿＿＿＿＿＿
＿＿＿＿＿＿＿＿＿＿
＿＿＿＿＿■＿＿＿＿
＿＿＿□□■■□＿＿
＿＿□□□■□□＿＿
＿＿□□□＿□＿＿＿
＿□□□□□□□□＿
＿□□＿□□＿□□＿
＿□□□□□＿＿□□
□□□□□□＿＿＿□
□□□□□□□＿□□
□□□□□＿□□□□
□□□□□□＿□□□
□□＿□□□□□□＿
＿□□□□□□□□□
□□□□□□＿□＿＿
□□□□□□＿□＿＿
□□□□□□□□□＿
□□□□□□□□□＿
01:09:26(125006f):field(125005f)
＿＿＿＿＿＿＿＿＿＿
＿＿＿＿＿＿＿＿＿＿
＿＿＿＿＿＿＿＿＿＿
＿＿＿＿＿□＿＿＿＿
＿＿＿□□□□□＿＿
＿＿□□□□□□＿＿
■■□□□＿□＿＿＿
■□□□□□□□□＿
■□□＿□□＿□□＿
＿□□□□□＿＿□□
□□□□□□＿＿＿□
□□□□□□□＿□□
□□□□□＿□□□□
□□□□□□＿□□□
□□＿□□□□□□＿
＿□□□□□□□□□
□□□□□□＿□＿＿
□□□□□□＿□＿＿
□□□□□□□□□＿
□□□□□□□□□＿
01:09:27(125027f):field(125026f)
＿＿＿＿＿＿＿＿＿＿
＿＿＿＿＿＿＿＿＿＿
＿＿＿＿＿＿＿＿＿＿
＿＿＿＿＿◆＿＿＿＿
＿＿＿◆◆□◆◆＿＿
＿＿◆□□□□□＿＿
◆◆□□□■□■＿■
□□□□□◆□◆◆■
□□□＿□□＿□□■
＿□□□□□＿＿□□
□□□□□□＿＿■□
□□□□□□□＿□□
□□□□□＿□□□□
□□□□□□＿□□□
□□＿□□□□□□＿
＿□□□□□□□□□
□□□□□□＿□＿＿
□□□□□□＿□＿＿
□□□□□□□□□＿
□□□□□□□□□＿
01:09:28(125049f):field(125048f)
＿＿＿＿＿＿＿＿＿＿
＿＿＿＿＿＿＿＿＿＿
＿＿＿＿＿＿＿＿＿＿
＿＿＿＿＿＿＿＿＿＿
＿＿■＿＿□＿＿＿＿
＿■■□□□□□＿＿
＿■□□□□□□＿□
□□□□□＿□＿＿□
□□□＿□□＿□□□
＿□□□□□＿＿□□
□□□□□□＿＿◆□
□□□□□□□＿□□
□□□□□＿□□□□
□□□□□□＿□□□
□□＿□□□□□□＿
＿□□□□□□□□□
□□□□□□＿□＿＿
□□□□□□＿□＿＿
□□□□□□□□□＿
□□□□□□□□□＿
01:09:28(125062f):field(125061f)
＿＿＿＿＿＿＿＿＿＿
＿＿＿＿＿＿＿＿＿＿
＿＿＿＿＿＿＿＿＿＿
＿＿＿＿■■＿＿＿＿
＿＿□■■□＿＿＿＿
＿□□□□□□□＿＿
＿□□□□□□□＿□
□□□□□＿□＿＿□
□□□＿□□＿□□□
＿□□□□□＿＿□□
□□□□□□＿＿＿□
□□□□□□□＿□□
□□□□□＿□□□□
□□□□□□＿□□□
□□＿□□□□□□＿
＿□□□□□□□□□
□□□□□□＿□＿＿
□□□□□□＿□＿＿
□□□□□□□□□＿
□□□□□□□□□＿
01:09:29(125083f):field(125082f)
＿＿＿＿＿＿＿＿＿＿
＿＿＿＿＿＿＿＿＿＿
＿＿＿＿＿＿＿＿＿＿
■＿＿＿□□＿＿＿＿
■■□□□□＿＿＿＿
■□□□□□□□＿＿
＿□□□□□□□＿□
□□□□□＿□＿＿□
□□□＿□□＿□□□
＿□□□□□＿＿□□
□□□□□□＿＿＿□
□□□□□□□＿□□
□□□□□＿□□□□
□□□□□□＿□□□
□□＿□□□□□□＿
＿□□□□□□□□□
□□□□□□＿□＿＿
□□□□□□＿□＿＿
□□□□□□□□□＿
□□□□□□□□□＿
01:09:30(125101f):field(125100f)
＿＿＿＿＿＿＿＿＿＿
＿＿＿＿＿＿＿＿＿＿
＿＿＿＿＿＿＿＿＿＿
◆＿＿＿◆◆＿＿＿＿
□◆◆□□□＿＿＿＿
□□□□□□◆◆＿＿
＿□□□□□□□■□
□□□□□＿□＿■□
□□□＿□□＿□□□
＿□□□□□＿＿□□
□□□□□□＿＿＿□
□□□□□□□＿□□
□□□□□＿□□□□
□□□□□□＿□□□
□□＿□□□□□□＿
＿□□□□□□□□□
□□□□□□＿□＿＿
□□□□□□＿□＿＿
□□□□□□□□□＿
□□□□□□□□□＿
01:09:30(125117f):field(125116f)
＿＿＿＿＿＿＿＿＿＿
＿＿＿＿＿＿＿＿＿＿
＿＿＿＿＿＿＿＿＿＿
＿＿＿＿＿＿＿＿＿＿
□＿＿◆□□＿＿■■
□□□□□□＿＿■■
＿□□□□□□□□□
□□□□□＿□＿□□
□□□＿□□＿□□□
＿□□□□□＿＿□□
□□□□□□＿＿＿□
□□□□□□□＿□□
□□□□□＿□□□□
□□□□□□＿□□□
□□＿□□□□□□＿
＿□□□□□□□□□
□□□□□□＿□＿＿
□□□□□□＿□＿＿
□□□□□□□□□＿
□□□□□□□□□＿
01:09:31(125134f):field(125133f)
＿＿＿＿＿＿＿＿＿＿
＿＿＿＿＿＿＿＿＿＿
＿＿＿＿＿＿＿＿＿＿
■■＿＿＿＿＿＿＿＿
□■■＿□□＿＿□□
□□□□□□＿＿□□
＿□□□□□□□□□
□□□□□＿□＿□□
□□□＿□□＿□□□
＿□□□□□＿＿□□
□□□□□□＿＿＿□
□□□□□□□＿□□
□□□□□＿□□□□
□□□□□□＿□□□
□□＿□□□□□□＿
＿□□□□□□□□□
□□□□□□＿□＿＿
□□□□□□＿□＿＿
□□□□□□□□□＿
□□□□□□□□□＿
01:09:32(125160f):field(125159f)
＿＿＿＿＿＿＿＿＿＿
＿＿＿＿＿＿＿＿＿＿
＿＿＿＿＿＿＿＿＿＿
□□＿＿＿■■＿＿＿
□□□＿□□■＿□□
□□□□□□■＿□□
＿□□□□□□□□□
□□□□□＿□＿□□
□□□＿□□＿□□□
＿□□□□□＿＿□□
□□□□□□＿＿＿□
□□□□□□□＿□□
□□□□□＿□□□□
□□□□□□＿□□□
□□＿□□□□□□＿
＿□□□□□□□□□
□□□□□□＿□＿＿
□□□□□□＿□＿＿
□□□□□□□□□＿
□□□□□□□□□＿
01:09:32(125176f):field(125175f)
＿＿＿＿＿＿＿＿＿＿
＿＿＿＿＿＿＿＿＿＿
＿＿■＿＿＿＿＿＿＿
□□■■＿□□＿＿＿
□□□■□□□＿□□
□□□□□□□＿□□
＿□□□□□□□□□
□□□□□＿□＿□□
□□□＿□□＿□□□
＿□□□□□＿＿□□
□□□□□□＿＿＿□
□□□□□□□＿□□
□□□□□＿□□□□
□□□□□□＿□□□
□□＿□□□□□□＿
＿□□□□□□□□□
□□□□□□＿□＿＿
□□□□□□＿□＿＿
□□□□□□□□□＿
□□□□□□□□□＿
01:09:33(125205f):field(125204f)
＿＿＿＿＿＿＿＿＿＿
＿＿＿＿＿＿＿＿＿＿
＿＿◆＿＿＿＿＿＿＿
□◆◆◆＿◆◆■＿＿
◆◆□◆□◆◆■□◆
□□□□◆□□■◆□
＿□□□□□□□□□
□□□□□＿□＿□□
□□□＿□□＿□□□
＿□□□□□＿＿□□
□□□□□□＿＿＿□
□□□□□□□＿□□
□□□□□＿□□□□
□□□□□□＿□□□
□□＿□□□□□□＿
＿□□□□□□□□□
□□□□□□＿□＿＿
□□□□□□＿□＿＿
□□□□□□□□□＿
□□□□□□□□□＿
01:09:33(125218f):field(125217f)
＿＿＿＿＿＿＿＿＿＿
＿＿＿＿＿＿＿＿＿＿
＿＿＿＿＿＿＿＿＿＿
◆＿＿＿＿＿＿◆＿＿
＿＿□■□■＿□◆＿
□□□□■□□□＿◆
＿□□□□□□□□□
□□□□□＿□＿□□
□□□＿□□＿□□□
＿□□□□□＿＿□□
□□□□□□＿＿＿□
□□□□□□□＿□□
□□□□□＿□□□□
□□□□□□＿□□□
□□＿□□□□□□＿
＿□□□□□□□□□
□□□□□□＿□＿＿
□□□□□□＿□＿＿
□□□□□□□□□＿
□□□□□□□□□＿
01:09:34(125240f):field(125239f)
＿＿＿＿＿＿＿＿＿＿
＿＿＿＿＿＿＿＿＿＿
＿＿＿＿＿＿＿＿＿＿
＿＿＿＿＿＿＿＿＿＿
■＿□◆◆◆＿◆＿■
◆◆□□□□◆□＿■
＿□□□□□□□□□
□□□□□＿□＿□□
□□□＿□□＿□□□
＿□□□□□＿＿□□
□□□□□□＿■＿□
□□□□□□□＿□□
□□□□□＿□□□□
□□□□□□＿□□□
□□＿□□□□□□＿
＿□□□□□□□□□
□□□□□□＿□＿＿
□□□□□□＿□＿＿
□□□□□□□□□＿
□□□□□□□□□＿
01:09:35(125260f):field(125259f)
＿＿＿＿＿＿＿＿＿＿
＿＿＿＿＿＿＿＿＿＿
＿＿＿＿＿＿＿＿＿＿
＿＿＿＿＿＿＿＿＿＿
◆＿◆＿＿＿■■■□
＿＿□□□□■□＿□
＿□□□□□□□□□
□□□□□＿□＿□□
□□□＿□□＿□□□
＿□□□□□＿＿□□
□□□□□□＿◆＿□
□□□□□□□＿□□
□□□□□＿□□□□
□□□□□□＿□□□
□□＿□□□□□□＿
＿□□□□□□□□□
□□□□□□＿□＿＿
□□□□□□＿□＿＿
□□□□□□□□□＿
□□□□□□□□□＿
01:09:35(125279f):field(125278f)
＿＿＿＿＿＿＿＿＿＿
＿＿＿＿＿＿＿＿＿＿
＿＿＿＿＿＿＿＿＿＿
＿＿＿＿＿＿＿＿＿＿
＿＿＿＿＿＿◆◆◆◆
＿■◆◆◆□□□■□
■□□□□□□□◆□
□□□□□＿□＿□□
□□□＿□□＿□□□
＿□□□□□＿＿□□
□□□□□□＿＿＿□
□□□□□□□＿□□
□□□□□＿□□□□
□□□□□□＿□□□
□□＿□□□□□□＿
＿□□□□□□□□□
□□□□□□＿□＿＿
□□□□□□＿□＿＿
□□□□□□□□□＿
□□□□□□□□□＿
01:09:36(125293f):field(125292f)
＿＿＿＿＿＿＿＿＿＿
＿＿＿＿＿＿＿＿＿＿
＿＿＿＿＿＿＿＿＿＿
＿＿＿＿＿＿＿＿＿＿
＿＿＿＿＿■■＿＿＿
＿□＿＿■□□□□□
□□□□□□□□＿□
□□□□□＿□＿□□
□□□＿□□＿□□□
＿□□□□□＿＿□□
□□□□□□＿＿＿□
□□□□□□□＿□□
□□□□□＿□□□□
□□□□□□＿□□□
□□＿□□□□□□＿
＿□□□□□□□□□
□□□□□□＿□＿＿
□□□□□□＿□＿＿
□□□□□□□□□＿
□□□□□□□□□＿
01:09:37(125322f):field(125321f)
＿＿＿＿＿＿＿＿＿＿
＿＿＿＿＿＿＿＿＿＿
＿＿＿＿＿＿＿＿＿＿
■＿＿＿＿＿＿＿＿＿
■■＿＿＿□□＿＿＿
■□＿＿□□□□□□
□□□□□□□□＿□
□□□□□＿□＿□□
□□□＿□□＿□□□
＿□□□□□＿＿□□
□□□□□□＿＿＿□
□□□□□□□＿□□
□□□□□＿□□□□
□□□□□□＿□□□
□□＿□□□□□□＿
＿□□□□□□□□□
□□□□□□＿□＿＿
□□□□□□＿□＿＿
□□□□□□□□□＿
□□□□□□□□□＿
01:09:38(125341f):field(125340f)
＿＿＿＿＿＿＿＿＿＿
＿＿＿＿＿＿＿＿＿＿
＿＿＿＿＿＿＿＿＿＿
◆＿＿＿＿＿＿＿＿＿
□◆＿■＿◆◆＿＿＿
□□＿■◆□□◆◆◆
□□□□□□□□＿□
□□□□□＿□＿□□
□□□＿□□＿□□□
＿□□□□□＿＿□□
□□□□□□＿＿＿□
□□□□□□□＿□□
□□□□□＿□□□□
□□□□□□＿□□□
□□＿□□□□□□＿
＿□□□□□□□□□
□□□□□□＿□＿＿
□□□□□□＿□＿＿
□□□□□□□□□＿
□□□□□□□□□＿
01:09:38(125354f):field(125353f)
＿＿＿＿＿＿＿＿＿＿
＿＿＿＿＿＿＿＿＿＿
＿＿＿＿＿＿＿＿＿＿
＿＿＿＿＿＿＿＿＿＿
◆＿＿◆＿＿＿＿■＿
□◆＿□＿◆◆＿■＿
□□◆□◆□□◆■◆
□□□□□■□＿□□
□□□＿□□＿□□□
＿□□□□□＿＿□□
□□□□□□＿＿＿□
□□□□□□□＿□□
□□□□□＿□□□□
□□□□□□＿□□□
□□＿□□□□□□＿
＿□□□□□□□□□
□□□□□□＿□＿＿
□□□□□□＿□＿＿
□□□□□□□□□＿
□□□□□□□□□＿
01:09:39(125376f):field(125375f)
＿＿＿＿＿＿＿＿＿＿
＿＿＿＿＿＿＿＿＿＿
＿＿＿＿＿＿＿＿＿＿
＿＿＿＿＿＿＿＿＿＿
＿＿＿＿＿＿＿＿□＿
□＿＿□■■■＿□＿
□□＿□■□□＿□＿
□□□□□◆□＿□□
□□□＿□□＿□□□
＿□□□□□＿＿□□
□□□□□□＿＿＿□
□□□□□□□＿□□
□□□□□＿□□□□
□□□□□□＿□□□
□□＿□□□□□□＿
＿□□□□□□□□□
□□□□□□＿□＿＿
□□□□□□＿□＿＿
□□□□□□□□□＿
□□□□□□□□□＿
01:09:39(125389f):field(125388f)
＿＿＿＿＿＿＿＿＿＿
＿＿＿＿＿＿＿＿＿＿
＿＿＿＿＿＿＿＿＿＿
＿＿＿＿＿＿＿＿＿＿
＿■＿＿＿＿＿＿□＿
□■■□□□□＿□＿
□□■□□□□＿□＿
□□□□□＿□＿□□
□□□＿□□＿□□□
＿□□□□□＿＿□□
□□□□□□＿＿＿□
□□□□□□□＿□□
□□□□□＿□□□□
□□□□□□＿□□□
□□＿□□□□□□＿
＿□□□□□□□□□
□□□□□□＿□＿＿
□□□□□□＿□＿＿
□□□□□□□□□＿
□□□□□□□□□＿
01:09:40(125405f):field(125404f)
＿＿＿＿＿＿＿＿＿＿
＿＿＿＿＿＿＿＿＿＿
＿＿＿＿＿＿＿＿＿＿
＿＿■■＿＿＿＿＿＿
＿□■■＿＿＿＿□＿
□□□□□□□＿□＿
□□□□□□□＿□＿
□□□□□＿□＿□□
□□□＿□□＿□□□
＿□□□□□＿＿□□
□□□□□□＿＿＿□
□□□□□□□＿□□
□□□□□＿□□□□
□□□□□□＿□□□
□□＿□□□□□□＿
＿□□□□□□□□□
□□□□□□＿□＿＿
□□□□□□＿□＿＿
□□□□□□□□□＿
□□□□□□□□□＿
01:09:40(125423f):field(125422f)
＿＿＿＿＿＿＿＿＿＿
＿＿＿＿＿＿＿＿＿＿
＿＿＿■■＿＿＿＿＿
＿＿□□■■＿＿＿＿
＿□□□＿＿＿＿□＿
□□□□□□□＿□＿
□□□□□□□＿□＿
□□□□□＿□＿□□
□□□＿□□＿□□□
＿□□□□□＿＿□□
□□□□□□＿＿＿□
□□□□□□□＿□□
□□□□□＿□□□□
□□□□□□＿□□□
□□＿□□□□□□＿
＿□□□□□□□□□
□□□□□□＿□＿＿
□□□□□□＿□＿＿
□□□□□□□□□＿
□□□□□□□□□＿
01:09:41(125449f):field(125448f)
＿＿＿＿＿＿＿＿＿＿
＿＿＿＿＿＿＿＿＿＿
＿＿＿□□＿■■＿＿
＿＿□□□□■＿＿＿
＿□□□＿＿■＿□＿
□□□□□□□＿□＿
□□□□□□□＿□＿
□□□□□＿□＿□□
□□□＿□□＿□□□
＿□□□□□＿＿□□
□□□□□□＿＿＿□
□□□□□□□＿□□
□□□□□＿□□□□
□□□□□□＿□□□
□□＿□□□□□□＿
＿□□□□□□□□□
□□□□□□＿□＿＿
□□□□□□＿□＿＿
□□□□□□□□□＿
□□□□□□□□□＿
01:09:42(125470f):field(125469f)
＿＿＿＿＿＿＿＿＿＿
＿＿＿＿＿＿＿＿＿＿
＿＿＿□□＿□□＿＿
＿＿□□□□□＿＿■
＿□□□＿＿□＿□■
□□□□□□□＿□■
□□□□□□□＿□■
□□□□□＿□＿□□
□□□＿□□＿□□□
＿□□□□□＿＿□□
□□□□□□＿＿＿□
□□□□□□□＿□□
□□□□□＿□□□□
□□□□□□＿□□□
□□＿□□□□□□＿
＿□□□□□□□□□
□□□□□□＿□＿＿
□□□□□□＿□＿＿
□□□□□□□□□＿
□□□□□□□□□＿
01:09:43(125498f):field(125497f)
＿＿＿＿＿＿＿＿＿＿
＿＿＿＿＿＿＿■■＿
＿＿＿□□＿□□■＿
＿＿□□□□□＿■□
＿□□□＿＿□＿□□
□□□□□□□＿□□
□□□□□□□＿□□
□□□□□＿□＿□□
□□□＿□□＿□□□
＿□□□□□＿＿□□
□□□□□□＿＿＿□
□□□□□□□＿□□
□□□□□＿□□□□
□□□□□□＿□□□
□□＿□□□□□□＿
＿□□□□□□□□□
□□□□□□＿□＿＿
□□□□□□＿□＿＿
□□□□□□□□□＿
□□□□□□□□□＿
01:09:43(125512f):field(125511f)
＿＿＿＿＿＿＿＿＿＿
＿＿＿＿＿＿＿□□＿
■■＿□□＿□□□＿
■■□□□□□＿□□
＿□□□＿＿□＿□□
□□□□□□□＿□□
□□□□□□□＿□□
□□□□□＿□＿□□
□□□＿□□＿□□□
＿□□□□□＿＿□□
□□□□□□＿＿＿□
□□□□□□□＿□□
□□□□□＿□□□□
□□□□□□＿□□□
□□＿□□□□□□＿
＿□□□□□□□□□
□□□□□□＿□＿＿
□□□□□□＿□＿＿
□□□□□□□□□＿
□□□□□□□□□＿
01:09:44(125529f):field(125528f)
＿＿＿■＿＿＿＿＿＿
＿＿■■＿＿＿□□＿
□□■□□＿□□□＿
□□□□□□□＿□□
＿□□□＿＿□＿□□
□□□□□□□＿□□
□□□□□□□＿□□
□□□□□＿□＿□□
□□□＿□□＿□□□
＿□□□□□＿＿□□
□□□□□□＿＿＿□
□□□□□□□＿□□
□□□□□＿□□□□
□□□□□□＿□□□
□□＿□□□□□□＿
＿□□□□□□□□□
□□□□□□＿□＿＿
□□□□□□＿□＿＿
□□□□□□□□□＿
□□□□□□□□□＿
01:09:58(125964f):game end
