01:02:46(113001f):game start
01:02:49(113084f):field(113083f)
＿＿＿＿＿＿＿＿＿＿
＿＿＿＿＿＿＿＿＿＿
＿＿＿＿＿＿＿＿＿＿
＿＿＿＿＿＿＿＿＿＿
＿＿＿＿＿＿＿＿＿＿
＿＿＿＿＿＿＿＿＿＿
＿＿＿＿＿＿＿＿＿＿
＿＿＿＿＿＿＿＿＿＿
＿＿＿＿＿＿＿＿＿＿
＿＿＿＿＿＿＿＿＿＿
＿＿＿＿＿＿＿＿＿＿
＿＿＿＿＿＿＿＿＿＿
＿＿＿＿＿＿＿＿＿＿
＿＿＿＿＿＿＿＿＿＿
＿＿＿＿＿＿＿＿＿＿
＿＿＿＿＿＿＿＿＿＿
＿＿＿＿＿＿＿＿＿＿
＿＿＿＿＿＿＿＿＿＿
＿■＿＿＿＿＿＿＿＿
■■■＿＿＿＿＿＿＿
01:02:52(113169f):field(113168f)
＿＿＿＿＿＿＿＿＿＿
＿＿＿＿＿＿＿＿＿＿
＿＿＿＿＿＿＿＿＿＿
＿＿＿＿＿＿＿＿＿＿
＿＿＿＿＿＿＿＿＿＿
＿＿＿＿＿＿＿＿＿＿
＿＿＿＿＿＿＿＿＿＿
＿＿＿＿＿＿＿＿＿＿
＿＿＿＿＿＿＿＿＿＿
＿＿＿＿＿＿＿＿＿＿
＿＿＿＿＿＿＿＿＿＿
＿＿＿＿＿＿＿＿＿＿
＿＿＿＿＿＿＿＿＿＿
＿＿＿＿＿＿＿＿＿＿
＿＿＿＿＿＿＿＿＿＿
＿＿＿＿＿＿＿＿＿＿
＿＿＿＿＿＿＿＿■＿
＿＿＿＿＿＿＿＿■＿
＿□＿＿＿＿＿＿■＿
□□□＿＿＿＿＿■＿
01:02:53(113216f):field(113215f)
＿＿＿＿＿＿＿＿＿＿
＿＿＿＿＿＿＿＿＿＿
＿＿＿＿＿＿＿＿＿＿
＿＿＿＿＿＿＿＿＿＿
＿＿＿＿＿＿＿＿＿＿
＿＿＿＿＿＿＿＿＿＿
＿＿＿＿＿＿＿＿＿＿
＿＿＿＿＿＿＿＿＿＿
＿＿＿＿＿＿＿＿＿＿
＿＿＿＿＿＿＿＿＿＿
＿＿＿＿＿＿＿＿＿＿
＿＿＿＿＿＿＿＿＿＿
＿＿＿＿＿＿＿＿＿＿
＿＿＿＿＿＿＿＿＿＿
＿＿＿＿＿＿＿＿＿＿
＿＿＿＿＿＿＿＿＿＿
＿＿＿＿＿＿＿＿□＿
＿＿＿＿＿＿＿＿□＿
＿□■■＿＿＿＿□＿
□□□■■＿＿＿□＿
01:02:55(113252f):field(113251f)
＿＿＿＿＿＿＿＿＿＿
＿＿＿＿＿＿＿＿＿＿
＿＿＿＿＿＿＿＿＿＿
＿＿＿＿＿＿＿＿＿＿
＿＿＿＿＿＿＿＿＿＿
＿＿＿＿＿＿＿＿＿＿
＿＿＿＿＿＿＿＿＿＿
＿＿＿＿＿＿＿＿＿＿
＿＿＿＿＿＿＿＿＿＿
＿＿＿＿＿＿＿＿＿＿
＿＿＿＿＿＿＿＿＿＿
＿＿＿＿＿＿＿＿＿＿
＿＿＿＿＿＿＿＿＿＿
＿＿＿＿＿＿＿＿＿＿
＿＿＿＿＿＿＿＿＿＿
＿＿＿＿＿＿＿＿＿＿
＿＿＿＿＿■＿＿□＿
＿＿＿■■■＿＿□＿
＿□□□＿＿＿＿□＿
□□□□□＿＿＿□＿
01:02:57(113315f):field(113314f)
＿＿＿＿＿＿＿＿＿＿
＿＿＿＿＿＿＿＿＿＿
＿＿＿＿＿＿＿＿＿＿
＿＿＿＿＿＿＿＿＿＿
＿＿＿＿＿＿＿＿＿＿
＿＿＿＿＿＿＿＿＿＿
＿＿＿＿＿＿＿＿＿＿
＿＿＿＿＿＿＿＿＿＿
＿＿＿＿＿＿＿＿＿＿
＿＿＿＿＿＿＿＿＿＿
＿＿＿＿＿＿＿＿＿＿
＿＿＿＿＿＿＿＿＿＿
＿＿＿＿＿＿＿＿＿＿
＿＿＿＿＿＿＿＿＿＿
＿＿＿＿＿＿＿＿＿＿
＿＿■＿＿＿＿＿＿＿
＿＿■＿＿□＿＿□＿
＿■■□□□＿＿□＿
＿□□□＿＿＿＿□＿
□□□□□＿＿＿□＿
01:02:58(113343f):field(113342f)
＿＿＿＿＿＿＿＿＿＿
＿＿＿＿＿＿＿＿＿＿
＿＿＿＿＿＿＿＿＿＿
＿＿＿＿＿＿＿＿＿＿
＿＿＿＿＿＿＿＿＿＿
＿＿＿＿＿＿＿＿＿＿
＿＿＿＿＿＿＿＿＿＿
＿＿＿＿＿＿＿＿＿＿
＿＿＿＿＿＿＿＿＿＿
＿＿＿＿＿＿＿＿＿＿
＿＿＿＿＿＿＿＿＿＿
＿＿＿＿＿＿＿＿＿＿
＿＿＿＿＿＿＿＿＿＿
＿＿＿＿＿＿＿＿＿＿
＿＿＿＿■■＿＿＿＿
＿＿□＿■■＿＿＿＿
＿＿□＿＿□＿＿□＿
＿□□□□□＿＿□＿
＿□□□＿＿＿＿□＿
□□□□□＿＿＿□＿
01:02:59(113390f):field(113389f)
＿＿＿＿＿＿＿＿＿＿
＿＿＿＿＿＿＿＿＿＿
＿＿＿＿＿＿＿＿＿＿
＿＿＿＿＿＿＿＿＿＿
＿＿＿＿＿＿＿＿＿＿
＿＿＿＿＿＿＿＿＿＿
＿＿＿＿＿＿＿＿＿＿
＿＿＿＿＿＿＿＿＿＿
＿＿＿＿＿＿＿＿＿＿
＿＿＿＿＿＿＿＿＿＿
＿＿＿＿＿＿＿＿＿＿
＿＿＿＿＿＿＿＿＿＿
＿＿＿＿＿＿＿＿＿＿
＿＿■＿＿＿＿＿＿＿
＿＿■■□□＿＿＿＿
＿＿□■□□＿＿＿＿
＿＿□＿＿□＿＿□＿
＿□□□□□＿＿□＿
＿□□□＿＿＿＿□＿
□□□□□＿＿＿□＿
01:03:02(113466f):field(113465f)
＿＿＿＿＿＿＿＿＿＿
＿＿＿＿＿＿＿＿＿＿
＿＿＿＿＿＿＿＿＿＿
＿＿＿＿＿＿＿＿＿＿
＿＿＿＿＿＿＿＿＿＿
＿＿＿＿＿＿＿＿＿＿
＿＿＿＿＿＿＿＿＿＿
＿＿＿＿＿＿＿＿＿＿
＿＿＿＿＿＿＿＿＿＿
＿＿＿＿＿＿＿＿＿＿
＿＿＿＿＿＿＿＿＿＿
＿＿＿＿＿＿＿＿＿＿
＿＿＿■■＿＿＿＿＿
＿＿□＿■■＿＿＿＿
＿＿□□□□＿＿＿＿
■＿□□□□＿＿＿＿
■＿□＿＿□＿＿□＿
■□□□□□＿＿□＿
■□□□＿＿＿＿□＿
□□□□□＿＿＿□＿
01:03:04(113521f):field(113520f)
＿＿＿＿＿＿＿＿＿＿
＿＿＿＿＿＿＿＿＿＿
＿＿＿＿＿＿＿＿＿＿
＿＿＿＿＿＿＿＿＿＿
＿＿＿＿＿＿＿＿＿＿
＿＿＿＿＿＿＿＿＿＿
＿＿＿＿＿＿＿＿＿＿
＿＿＿＿＿＿＿＿＿＿
＿＿＿＿＿＿＿＿＿＿
＿＿＿＿＿＿＿＿＿＿
＿＿＿■＿＿＿＿＿＿
＿＿■■＿＿＿＿＿＿
＿＿■□□＿＿＿＿＿
＿＿□＿□□＿＿＿＿
＿＿□□□□＿＿＿＿
□＿□□□□＿＿＿＿
□＿□＿＿□＿＿□＿
□□□□□□＿＿□＿
□□□□＿＿＿＿□＿
□□□□□＿＿＿□＿
01:03:05(113575f):field(113574f)
＿＿＿＿＿＿＿＿＿＿
＿＿＿＿＿＿＿＿＿＿
＿＿＿＿＿＿＿＿＿＿
＿＿＿＿＿＿＿＿＿＿
＿＿＿＿＿＿＿＿＿＿
＿＿＿＿＿＿＿＿＿＿
＿＿＿＿＿＿＿＿＿＿
＿＿＿＿＿＿＿＿＿＿
＿＿＿＿＿＿＿＿＿＿
＿＿＿＿＿＿＿＿＿＿
＿＿＿□＿■＿＿＿＿
＿＿□□■■＿＿＿＿
＿＿□□□■＿＿＿＿
＿＿□＿□□＿＿＿＿
＿＿□□□□＿＿＿＿
□＿□□□□＿＿＿＿
□＿□＿＿□＿＿□＿
□□□□□□＿＿□＿
□□□□＿＿＿＿□＿
□□□□□＿＿＿□＿
01:03:06(113607f):field(113606f)
＿＿＿＿＿＿＿＿＿＿
＿＿＿＿＿＿＿＿＿＿
＿＿＿＿＿＿＿＿＿＿
＿＿＿＿＿＿＿＿＿＿
＿＿＿＿＿＿＿＿＿＿
＿＿＿＿＿＿＿＿＿＿
＿＿＿＿＿＿＿＿＿＿
＿＿＿＿＿＿＿＿＿＿
＿＿＿■＿＿＿＿＿＿
＿＿＿■■＿＿＿＿＿
＿＿＿□■□＿＿＿＿
＿＿□□□□＿＿＿＿
＿＿□□□□＿＿＿＿
＿＿□＿□□＿＿＿＿
＿＿□□□□＿＿＿＿
□＿□□□□＿＿＿＿
□＿□＿＿□＿＿□＿
□□□□□□＿＿□＿
□□□□＿＿＿＿□＿
□□□□□＿＿＿□＿
01:03:08(113655f):field(113654f)
＿＿＿＿＿＿＿＿＿＿
＿＿＿＿＿＿＿＿＿＿
＿＿＿＿＿＿＿＿＿＿
＿＿＿＿＿＿＿＿＿＿
＿＿＿＿＿＿＿＿＿＿
＿＿＿＿＿＿＿＿＿＿
＿＿＿＿＿＿＿＿＿＿
＿＿＿＿＿＿＿＿＿＿
＿＿＿□＿＿＿＿＿＿
＿＿＿□□＿＿＿＿＿
＿＿＿□□□＿＿＿＿
＿＿□□□□＿＿＿＿
＿＿□□□□＿＿＿＿
＿■□＿□□＿＿＿＿
＿■□□□□＿＿＿＿
□■□□□□＿＿＿＿
□■□＿＿□＿＿□＿
□□□□□□＿＿□＿
□□□□＿＿＿＿□＿
□□□□□＿＿＿□＿
01:03:12(113767f):field(113766f)
＿＿＿＿＿＿＿＿＿＿
＿＿＿＿＿＿＿＿＿＿
＿＿＿＿＿＿＿＿＿＿
＿＿＿＿＿＿＿＿＿＿
＿＿＿＿＿＿＿＿＿＿
＿＿＿＿＿＿＿＿＿＿
＿＿＿＿＿＿＿＿＿＿
＿＿＿＿＿＿＿＿＿＿
＿＿＿□＿＿＿＿＿＿
＿＿＿□□＿＿＿＿＿
＿＿＿□□□＿＿＿＿
＿＿□□□□＿＿＿＿
＿＿□□□□＿＿＿＿
＿□□＿□□＿＿＿＿
＿□□□□□＿＿＿＿
□□□□□□＿＿＿＿
□□□＿＿□＿＿□＿
□□□□□□＿■□＿
□□□□＿＿＿■□＿
□□□□□＿■■□＿
01:03:13(113813f):field(113812f)
＿＿＿＿＿＿＿＿＿＿
＿＿＿＿＿＿＿＿＿＿
＿＿＿＿＿＿＿＿＿＿
＿＿＿＿＿＿＿＿＿＿
＿＿＿＿＿＿＿＿＿＿
＿＿＿＿＿＿＿＿＿＿
＿＿＿＿＿＿＿＿＿＿
＿＿＿＿＿＿＿＿＿＿
＿＿＿□＿＿＿＿＿＿
＿＿＿□□＿＿＿＿＿
＿＿＿□□□＿＿＿＿
■■□□□□＿＿＿＿
■■□□□□＿＿＿＿
＿□□＿□□＿＿＿＿
＿□□□□□＿＿＿＿
□□□□□□＿＿＿＿
□□□＿＿□＿＿□＿
□□□□□□＿□□＿
□□□□＿＿＿□□＿
□□□□□＿□□□＿
01:03:14(113830f):field(113829f)
＿＿＿＿＿＿＿＿＿＿
＿＿＿＿＿＿＿＿＿＿
＿＿＿＿＿＿＿＿＿＿
＿＿＿＿＿＿＿＿＿＿
＿＿＿＿＿＿＿＿＿＿
＿＿＿＿＿＿＿＿＿＿
＿＿＿■■■＿＿＿＿
＿＿＿■＿＿＿＿＿＿
＿＿＿□＿＿＿＿＿＿
＿＿＿□□＿＿＿＿＿
＿＿＿□□□＿＿＿＿
□□□□□□＿＿＿＿
□□□□□□＿＿＿＿
＿□□＿□□＿＿＿＿
＿□□□□□＿＿＿＿
□□□□□□＿＿＿＿
□□□＿＿□＿＿□＿
□□□□□□＿□□＿
□□□□＿＿＿□□＿
□□□□□＿□□□＿
01:03:16(113905f):field(113904f)
＿＿＿＿＿＿＿＿＿＿
＿＿＿＿＿＿＿＿＿＿
＿＿＿＿＿＿＿＿＿＿
＿＿＿＿＿＿＿＿＿＿
＿＿＿＿＿＿＿＿＿＿
＿＿＿＿＿＿＿＿＿＿
＿＿＿□□□＿＿＿＿
＿＿＿□＿＿＿＿＿＿
＿＿＿□＿＿＿＿＿＿
＿■＿□□＿＿＿＿＿
■■■□□□＿＿＿＿
□□□□□□＿＿＿＿
□□□□□□＿＿＿＿
＿□□＿□□＿＿＿＿
＿□□□□□＿＿＿＿
□□□□□□＿＿＿＿
□□□＿＿□＿＿□＿
□□□□□□＿□□＿
□□□□＿＿＿□□＿
□□□□□＿□□□＿
01:03:17(113935f):field(113934f)
＿＿＿＿＿＿＿＿＿＿
＿＿＿＿＿＿＿＿＿＿
＿＿＿＿＿＿＿＿＿＿
＿＿■＿＿＿＿＿＿＿
＿＿■■＿＿＿＿＿＿
＿＿＿■＿＿＿＿＿＿
＿＿＿□□□＿＿＿＿
＿＿＿□＿＿＿＿＿＿
＿＿＿□＿＿＿＿＿＿
＿□＿□□＿＿＿＿＿
□□□□□□＿＿＿＿
□□□□□□＿＿＿＿
□□□□□□＿＿＿＿
＿□□＿□□＿＿＿＿
＿□□□□□＿＿＿＿
□□□□□□＿＿＿＿
□□□＿＿□＿＿□＿
□□□□□□＿□□＿
□□□□＿＿＿□□＿
□□□□□＿□□□＿
01:03:20(114014f):field(114013f)
＿＿＿＿＿＿＿＿＿＿
＿＿＿＿＿＿＿＿＿＿
＿＿＿＿＿＿＿＿＿＿
＿＿□＿＿＿＿＿＿＿
＿＿□□＿＿＿＿＿＿
＿＿＿□＿＿＿＿＿＿
＿＿＿□□□＿＿＿＿
＿＿＿□＿＿＿＿＿＿
■■■□＿＿＿＿＿＿
＿□■□□＿＿＿＿＿
□□□□□□＿＿＿＿
□□□□□□＿＿＿＿
□□□□□□＿＿＿＿
＿□□＿□□＿＿＿＿
＿□□□□□＿＿＿＿
□□□□□□＿＿＿＿
□□□＿＿□＿＿□＿
□□□□□□＿□□＿
□□□□＿＿＿□□＿
□□□□□＿□□□＿
01:03:21(114043f):field(114042f)
＿＿＿＿＿＿＿＿＿＿
＿＿＿＿＿＿＿＿＿＿
＿＿＿＿＿＿＿＿＿＿
＿＿□＿＿＿＿＿＿＿
＿＿□□■■＿＿＿＿
＿＿＿□■■＿＿＿＿
＿＿＿□□□＿＿＿＿
＿＿＿□＿＿＿＿＿＿
□□□□＿＿＿＿＿＿
＿□□□□＿＿＿＿＿
□□□□□□＿＿＿＿
□□□□□□＿＿＿＿
□□□□□□＿＿＿＿
＿□□＿□□＿＿＿＿
＿□□□□□＿＿＿＿
□□□□□□＿＿＿＿
□□□＿＿□＿＿□＿
□□□□□□＿□□＿
□□□□＿＿＿□□＿
□□□□□＿□□□＿
01:03:22(114083f):field(114082f)
＿＿＿＿＿＿＿＿＿＿
＿＿＿＿＿＿＿＿＿＿
＿＿＿＿＿＿＿＿＿＿
＿＿□＿＿＿＿＿＿＿
＿＿□□□□＿＿＿＿
＿＿＿□□□＿＿＿＿
＿＿＿□□□＿＿＿＿
＿＿＿□＿＿＿＿＿＿
□□□□＿＿＿＿＿＿
＿□□□□＿＿＿＿＿
□□□□□□＿＿＿＿
□□□□□□＿＿＿＿
□□□□□□＿＿＿＿
＿□□＿□□＿＿＿＿
＿□□□□□＿＿＿＿
□□□□□□＿＿＿＿
□□□＿＿□＿＿□■
□□□□□□＿□□■
□□□□＿＿＿□□■
□□□□□＿□□□■
01:03:23(114112f):field(114111f)
＿＿＿＿＿＿＿＿＿＿
＿＿＿＿＿＿■＿＿＿
＿＿＿＿＿■■＿＿＿
＿＿□＿＿■＿＿＿＿
＿＿□□□□＿＿＿＿
＿＿＿□□□＿＿＿＿
＿＿＿□□□＿＿＿＿
＿＿＿□＿＿＿＿＿＿
□□□□＿＿＿＿＿＿
＿□□□□＿＿＿＿＿
□□□□□□＿＿＿＿
□□□□□□＿＿＿＿
□□□□□□＿＿＿＿
＿□□＿□□＿＿＿＿
＿□□□□□＿＿＿＿
□□□□□□＿＿＿＿
□□□＿＿□＿＿□□
□□□□□□＿□□□
□□□□＿＿＿□□□
□□□□□＿□□□□
01:03:26(114188f):field(114187f)
＿＿＿＿＿＿＿＿＿＿
＿＿＿＿＿＿□＿＿＿
＿■■＿＿□□＿＿＿
■■□＿＿□＿＿＿＿
＿＿□□□□＿＿＿＿
＿＿＿□□□＿＿＿＿
＿＿＿□□□＿＿＿＿
＿＿＿□＿＿＿＿＿＿
□□□□＿＿＿＿＿＿
＿□□□□＿＿＿＿＿
□□□□□□＿＿＿＿
□□□□□□＿＿＿＿
□□□□□□＿＿＿＿
＿□□＿□□＿＿＿＿
＿□□□□□＿＿＿＿
□□□□□□＿＿＿＿
□□□＿＿□＿＿□□
□□□□□□＿□□□
□□□□＿＿＿□□□
□□□□□＿□□□□
01:03:27(114228f):field(114227f)
＿■＿＿＿＿＿＿＿＿
■■＿＿＿＿□＿＿＿
＿□□＿＿□□＿＿＿
□□□＿＿□＿＿＿＿
＿＿□□□□＿＿＿＿
＿＿＿□□□＿＿＿＿
＿＿＿□□□＿＿＿＿
＿＿＿□＿＿＿＿＿＿
□□□□＿＿＿＿＿＿
＿□□□□＿＿＿＿＿
□□□□□□＿＿＿＿
□□□□□□＿＿＿＿
□□□□□□＿＿＿＿
＿□□＿□□＿＿＿＿
＿□□□□□＿＿＿＿
□□□□□□＿＿＿＿
□□□＿＿□＿＿□□
□□□□□□＿□□□
□□□□＿＿＿□□□
□□□□□＿□□□□
01:03:28(114248f):field(114247f)
＿□■＿＿＿＿＿＿＿
□□■■＿＿□＿＿＿
＿□□＿＿□□＿＿＿
□□□＿＿□＿＿＿＿
＿＿□□□□＿＿＿＿
＿＿＿□□□＿＿＿＿
＿＿＿□□□＿＿＿＿
＿＿＿□＿＿＿＿＿＿
□□□□＿＿＿＿＿＿
＿□□□□＿＿＿＿＿
□□□□□□＿＿＿＿
□□□□□□＿＿＿＿
□□□□□□＿＿＿＿
＿□□＿□□＿＿＿＿
＿□□□□□＿＿＿＿
□□□□□□＿＿＿＿
□□□＿＿□＿＿□□
□□□□□□＿□□□
□□□□＿＿＿□□□
□□□□□＿□□□□
01:03:28(114264f):field(114263f)
＿□□＿■■■＿＿＿
□□□□＿■□＿＿＿
＿□□＿＿□□＿＿＿
□□□＿＿□＿＿＿＿
＿＿□□□□＿＿＿＿
＿＿＿□□□＿＿＿＿
＿＿＿□□□＿＿＿＿
＿＿＿□＿＿＿＿＿＿
□□□□＿＿＿＿＿＿
＿□□□□＿＿＿＿＿
□□□□□□＿＿＿＿
□□□□□□＿＿＿＿
□□□□□□＿＿＿＿
＿□□＿□□＿＿＿＿
＿□□□□□＿＿＿＿
□□□□□□＿＿＿＿
□□□＿＿□＿＿□□
□□□□□□＿□□□
□□□□＿＿＿□□□
□□□□□＿□□□□
01:03:37(114519f):game end
