00:43:58(79147f):game start
00:44:00(79206f):field(79205f)
＿＿＿＿＿＿＿＿＿＿
＿＿＿＿＿＿＿＿＿＿
＿＿＿＿＿＿＿＿＿＿
＿＿＿＿＿＿＿＿＿＿
＿＿＿＿＿＿＿＿＿＿
＿＿＿＿＿＿＿＿＿＿
＿＿＿＿＿＿＿＿＿＿
＿＿＿＿＿＿＿＿＿＿
＿＿＿＿＿＿＿＿＿＿
＿＿＿＿＿＿＿＿＿＿
＿＿＿＿＿＿＿＿＿＿
＿＿＿＿＿＿＿＿＿＿
＿＿＿＿＿＿＿＿＿＿
＿＿＿＿＿＿＿＿＿＿
＿＿＿＿＿＿＿＿＿＿
＿＿＿＿＿＿＿＿＿＿
＿＿＿＿＿＿＿＿＿＿
＿＿＿＿＿＿＿＿＿＿
＿＿■＿＿＿＿＿＿＿
■■■＿＿＿＿＿＿＿
00:44:00(79218f):field(79217f)
＿＿＿＿＿＿＿＿＿＿
＿＿＿＿＿＿＿＿＿＿
＿＿＿＿＿＿＿＿＿＿
＿＿＿＿＿＿＿＿＿＿
＿＿＿＿＿＿＿＿＿＿
＿＿＿＿＿＿＿＿＿＿
＿＿＿＿＿＿＿＿＿＿
＿＿＿＿＿＿＿＿＿＿
＿＿＿＿＿＿＿＿＿＿
＿＿＿＿＿＿＿＿＿＿
＿＿＿＿＿＿＿＿＿＿
＿＿＿＿＿＿＿＿＿＿
＿＿＿＿＿＿＿＿＿＿
＿＿＿＿＿＿＿＿＿＿
＿＿＿＿＿＿＿＿＿＿
＿＿＿＿＿＿＿＿＿＿
＿＿＿＿＿＿＿＿＿＿
＿＿＿＿＿＿＿＿＿＿
＿＿□■■＿＿＿＿＿
□□□■■＿＿＿＿＿
00:44:01(79233f):field(79232f)
＿＿＿＿＿＿＿＿＿＿
＿＿＿＿＿＿＿＿＿＿
＿＿＿＿＿＿＿＿＿＿
＿＿＿＿＿＿＿＿＿＿
＿＿＿＿＿＿＿＿＿＿
＿＿＿＿＿＿＿＿＿＿
＿＿＿＿＿＿＿＿＿＿
＿＿＿＿＿＿＿＿＿＿
＿＿＿＿＿＿＿＿＿＿
＿＿＿＿＿＿＿＿＿＿
＿＿＿＿＿＿＿＿＿＿
＿＿＿＿＿＿＿＿＿＿
＿＿＿＿＿＿＿＿＿＿
＿＿＿＿＿＿＿＿＿＿
＿＿＿＿＿＿＿＿＿＿
＿＿＿＿＿＿＿＿＿＿
＿＿＿＿＿＿＿＿＿＿
＿＿＿＿＿＿＿＿＿＿
＿＿□□□＿■＿＿＿
□□□□□■■■＿＿
00:44:01(79250f):field(79249f)
＿＿＿＿＿＿＿＿＿＿
＿＿＿＿＿＿＿＿＿＿
＿＿＿＿＿＿＿＿＿＿
＿＿＿＿＿＿＿＿＿＿
＿＿＿＿＿＿＿＿＿＿
＿＿＿＿＿＿＿＿＿＿
＿＿＿＿＿＿＿＿＿＿
＿＿＿＿＿＿＿＿＿＿
＿＿＿＿＿＿＿＿＿＿
＿＿＿＿＿＿＿＿＿＿
＿＿＿＿＿＿＿＿＿＿
＿＿＿＿＿＿＿＿＿＿
＿＿＿＿＿＿＿＿＿＿
＿＿＿＿＿＿＿＿＿＿
＿＿＿＿＿＿＿＿＿＿
＿＿＿＿＿＿＿＿＿＿
＿＿＿＿＿＿＿＿＿＿
＿＿＿＿＿＿＿＿■＿
＿＿□□□＿□＿■■
□□□□□□□□＿■
00:44:02(79263f):field(79262f)
＿＿＿＿＿＿＿＿＿＿
＿＿＿＿＿＿＿＿＿＿
＿＿＿＿＿＿＿＿＿＿
＿＿＿＿＿＿＿＿＿＿
＿＿＿＿＿＿＿＿＿＿
＿＿＿＿＿＿＿＿＿＿
＿＿＿＿＿＿＿＿＿＿
＿＿＿＿＿＿＿＿＿＿
＿＿＿＿＿＿＿＿＿＿
＿＿＿＿＿＿＿＿＿＿
＿＿＿＿＿＿＿＿＿＿
＿＿＿＿＿＿＿＿＿＿
＿＿＿＿＿＿＿＿＿＿
＿＿＿＿＿＿＿＿＿＿
＿＿＿＿＿＿＿＿＿＿
＿＿＿＿＿＿＿＿＿＿
＿＿＿＿＿＿＿＿＿＿
＿＿＿■■■＿＿□＿
＿＿□□□■□＿□□
□□□□□□□□＿□
00:44:02(79277f):field(79276f)
＿＿＿＿＿＿＿＿＿＿
＿＿＿＿＿＿＿＿＿＿
＿＿＿＿＿＿＿＿＿＿
＿＿＿＿＿＿＿＿＿＿
＿＿＿＿＿＿＿＿＿＿
＿＿＿＿＿＿＿＿＿＿
＿＿＿＿＿＿＿＿＿＿
＿＿＿＿＿＿＿＿＿＿
＿＿＿＿＿＿＿＿＿＿
＿＿＿＿＿＿＿＿＿＿
＿＿＿＿＿＿＿＿＿＿
＿＿＿＿＿＿＿＿＿＿
＿＿＿＿＿＿＿＿＿＿
＿＿＿＿＿＿＿＿＿＿
＿＿＿＿＿＿＿＿＿＿
■＿＿＿＿＿＿＿＿＿
■＿＿＿＿＿＿＿＿＿
■＿＿□□□＿＿□＿
■＿□□□□□＿□□
□□□□□□□□＿□
00:44:03(79292f):field(79291f)
＿＿＿＿＿＿＿＿＿＿
＿＿＿＿＿＿＿＿＿＿
＿＿＿＿＿＿＿＿＿＿
＿＿＿＿＿＿＿＿＿＿
＿＿＿＿＿＿＿＿＿＿
＿＿＿＿＿＿＿＿＿＿
＿＿＿＿＿＿＿＿＿＿
＿＿＿＿＿＿＿＿＿＿
＿＿＿＿＿＿＿＿＿＿
＿＿＿＿＿＿＿＿＿＿
＿＿＿＿＿＿＿＿＿＿
＿＿＿＿＿＿＿＿＿＿
＿＿＿＿＿＿＿＿＿＿
＿＿＿＿＿＿＿＿＿＿
＿＿＿＿＿＿＿＿＿＿
□＿＿＿＿■＿＿＿＿
□＿＿■■■＿＿＿＿
□＿＿□□□＿＿□＿
□＿□□□□□＿□□
□□□□□□□□＿□
00:44:03(79307f):field(79306f)
＿＿＿＿＿＿＿＿＿＿
＿＿＿＿＿＿＿＿＿＿
＿＿＿＿＿＿＿＿＿＿
＿＿＿＿＿＿＿＿＿＿
＿＿＿＿＿＿＿＿＿＿
＿＿＿＿＿＿＿＿＿＿
＿＿＿＿＿＿＿＿＿＿
＿＿＿＿＿＿＿＿＿＿
＿＿＿＿＿＿＿＿＿＿
＿＿＿＿＿＿＿＿＿＿
＿＿＿＿＿＿＿＿＿＿
＿＿＿＿＿＿＿＿＿＿
＿＿＿＿＿＿＿＿＿＿
＿＿＿■＿＿＿＿＿＿
＿＿＿■■＿＿＿＿＿
□＿＿＿■□＿＿＿＿
□＿＿□□□＿＿＿＿
□＿＿□□□＿＿□＿
□＿□□□□□＿□□
□□□□□□□□＿□
00:44:04(79327f):field(79326f)
＿＿＿＿＿＿＿＿＿＿
＿＿＿＿＿＿＿＿＿＿
＿＿＿＿＿＿＿＿＿＿
＿＿＿＿＿＿＿＿＿＿
＿＿＿＿＿＿＿＿＿＿
＿＿＿＿＿＿＿＿＿＿
＿＿＿＿＿＿＿＿＿＿
＿＿＿＿＿＿＿＿＿＿
＿＿＿＿＿＿＿＿＿＿
＿＿＿＿＿＿＿＿＿＿
＿＿＿＿＿＿＿＿＿＿
＿＿＿＿＿＿＿＿＿＿
＿＿＿＿＿＿＿＿＿＿
＿＿＿□＿＿＿＿＿＿
＿＿＿□□＿＿＿＿＿
□＿＿＿□□＿＿＿＿
□＿＿□□□＿■＿＿
□＿＿□□□■■□＿
□＿□□□□□■□□
□□□□□□□□＿□
00:44:04(79346f):field(79345f)
＿＿＿＿＿＿＿＿＿＿
＿＿＿＿＿＿＿＿＿＿
＿＿＿＿＿＿＿＿＿＿
＿＿＿＿＿＿＿＿＿＿
＿＿＿＿＿＿＿＿＿＿
＿＿＿＿＿＿＿＿＿＿
＿＿＿＿＿＿＿＿＿＿
＿＿＿＿＿＿＿＿＿＿
＿＿＿＿＿＿＿＿＿＿
＿＿＿＿＿＿＿＿＿＿
＿＿＿＿＿＿＿＿＿＿
＿＿＿＿＿＿＿＿＿＿
＿＿＿＿＿＿＿＿＿＿
＿＿＿□＿＿＿＿＿＿
＿＿＿□□＿＿＿＿＿
□＿＿＿□□■■■＿
□＿＿□□□■□＿＿
□＿＿□□□□□□＿
□＿□□□□□□□□
□□□□□□□□＿□
00:44:05(79360f):field(79359f)
＿＿＿＿＿＿＿＿＿＿
＿＿＿＿＿＿＿＿＿＿
＿＿＿＿＿＿＿＿＿＿
＿＿＿＿＿＿＿＿＿＿
＿＿＿＿＿＿＿＿＿＿
＿＿＿＿＿＿＿＿＿＿
＿＿＿＿＿＿＿＿＿＿
＿＿＿＿＿＿＿＿＿＿
＿＿＿＿＿＿＿＿＿＿
＿＿＿＿＿＿＿＿＿＿
＿＿＿＿＿＿＿＿＿＿
＿＿＿＿＿＿＿＿＿＿
＿＿＿＿＿＿＿＿＿＿
＿＿＿□＿＿＿＿＿＿
＿＿＿□□＿＿＿＿■
□＿＿＿□□□□□■
□＿＿□□□□□＿■
□＿＿□□□□□□■
□＿□□□□□□□□
□□□□□□□□＿□
00:44:05(79374f):field(79373f)
＿＿＿＿＿＿＿＿＿＿
＿＿＿＿＿＿＿＿＿＿
＿＿＿＿＿＿＿＿＿＿
＿＿＿＿＿＿＿＿＿＿
＿＿＿＿＿＿＿＿＿＿
＿＿＿＿＿＿＿＿＿＿
＿＿＿＿＿＿＿＿＿＿
＿＿＿＿＿＿＿＿＿＿
＿＿＿＿＿＿＿＿＿＿
＿＿＿＿＿＿＿＿＿＿
＿＿＿＿＿＿＿＿＿＿
＿＿＿＿＿＿＿＿＿＿
＿＿＿＿＿＿＿＿＿＿
＿＿＿□■■＿＿＿＿
＿＿＿□□■■＿＿□
□＿＿＿□□□□□□
□＿＿□□□□□＿□
□＿＿□□□□□□□
□＿□□□□□□□□
□□□□□□□□＿□
00:44:06(79397f):field(79396f)
＿＿＿＿＿＿＿＿＿＿
＿＿＿＿＿＿＿＿＿＿
＿＿＿＿＿＿＿＿＿＿
＿＿＿＿＿＿＿＿＿＿
＿＿＿＿＿＿＿＿＿＿
＿＿＿＿＿＿＿＿＿＿
＿＿＿＿＿＿＿＿＿＿
＿＿＿＿＿＿＿＿＿＿
＿＿＿＿＿＿＿＿＿＿
＿＿＿＿＿＿＿＿＿＿
＿＿＿＿＿＿＿＿＿＿
＿＿＿＿＿＿＿＿＿＿
＿＿＿＿＿＿＿＿＿＿
＿＿＿◆◆◆＿＿＿＿
＿＿＿□□□◆＿＿◆
◆＿＿■□□□◆◆□
□＿＿◆□□□□■□
□■■□□□□□◆□
□■◆□□□□□□□
□□□□□□□□＿□
00:44:07(79411f):field(79410f)
＿＿＿＿＿＿＿＿＿＿
＿＿＿＿＿＿＿＿＿＿
＿＿＿＿＿＿＿＿＿＿
＿＿＿＿＿＿＿＿＿＿
＿＿＿＿＿＿＿＿＿＿
＿＿＿＿＿＿＿＿＿＿
＿＿＿＿＿＿＿＿＿＿
＿＿＿＿＿＿＿＿＿＿
＿＿＿＿＿＿＿＿＿＿
＿＿＿＿＿＿＿＿＿＿
＿＿＿＿＿＿＿＿＿＿
＿＿＿＿＿＿＿＿＿＿
＿＿＿＿■■＿＿＿＿
＿＿＿＿■■＿＿＿＿
＿＿＿□□□＿＿＿＿
＿＿＿□□□□＿＿□
□＿＿＿□□□□□□
□□□□□□□□＿□
□□＿□□□□□□□
□□□□□□□□＿□
00:44:07(79439f):field(79438f)
＿＿＿＿＿＿＿＿＿＿
＿＿＿＿＿＿＿＿＿＿
＿＿＿＿＿＿＿＿＿＿
＿＿＿＿＿＿＿＿＿＿
＿＿＿＿＿＿＿＿＿＿
＿＿＿＿＿＿＿＿＿＿
＿＿＿＿＿＿＿＿＿＿
＿＿＿＿＿＿＿＿＿＿
＿＿＿＿＿＿＿＿＿＿
＿＿＿＿＿＿＿＿＿＿
＿＿＿＿＿＿＿＿＿＿
＿＿＿＿＿＿＿＿＿＿
＿＿＿＿◆◆＿＿＿＿
＿＿＿＿□□＿＿＿＿
＿＿＿◆□□＿＿＿＿
＿＿＿□□□◆＿＿◆
◆＿■■□□□◆◆□
□□□□□□□□＿□
□□＿□□□□□□□
□□□□□□□□＿□
00:44:08(79455f):field(79454f)
＿＿＿＿＿＿＿＿＿＿
＿＿＿＿＿＿＿＿＿＿
＿＿＿＿＿＿＿＿＿＿
＿＿＿＿＿＿＿＿＿＿
＿＿＿＿＿＿＿＿＿＿
＿＿＿＿＿＿＿＿＿＿
＿＿＿＿＿＿＿＿＿＿
＿＿＿＿＿＿＿＿＿＿
＿＿＿＿＿＿＿＿＿＿
＿＿＿＿＿＿＿＿＿＿
＿＿＿＿＿＿＿＿＿＿
＿＿＿＿＿＿＿＿＿＿
＿＿＿＿＿＿＿＿＿＿
＿＿＿＿□□＿＿＿＿
＿＿＿＿□□＿＿＿＿
＿■■□□□＿＿＿＿
■■□□□□□＿＿□
□□□□□□□□＿□
□□＿□□□□□□□
□□□□□□□□＿□
00:44:09(79470f):field(79469f)
＿＿＿＿＿＿＿＿＿＿
＿＿＿＿＿＿＿＿＿＿
＿＿＿＿＿＿＿＿＿＿
＿＿＿＿＿＿＿＿＿＿
＿＿＿＿＿＿＿＿＿＿
＿＿＿＿＿＿＿＿＿＿
＿＿＿＿＿＿＿＿＿＿
＿＿＿＿＿＿＿＿＿＿
＿＿＿＿＿＿＿＿＿＿
＿＿＿＿＿＿＿＿＿＿
＿＿＿＿＿＿＿＿＿＿
＿＿＿＿＿＿＿＿＿＿
■＿＿＿＿＿＿＿＿＿
■＿＿＿□□＿＿＿＿
■＿＿＿□□＿＿＿＿
■□□□□□＿＿＿＿
□□□□□□□＿＿□
□□□□□□□□＿□
□□＿□□□□□□□
□□□□□□□□＿□
00:44:09(79484f):field(79483f)
＿＿＿＿＿＿＿＿＿＿
＿＿＿＿＿＿＿＿＿＿
＿＿＿＿＿＿＿＿＿＿
＿＿＿＿＿＿＿＿＿＿
＿＿＿＿＿＿＿＿＿＿
＿＿＿＿＿＿＿＿＿＿
＿＿＿＿＿＿＿＿＿＿
＿＿＿＿＿＿＿＿＿＿
＿＿＿＿＿＿＿＿＿＿
＿＿＿＿＿＿＿＿＿＿
＿＿＿＿＿＿＿＿＿＿
＿＿＿＿＿＿＿＿＿＿
□＿＿＿＿＿＿＿＿＿
□＿＿■□□＿＿＿＿
□■■■□□＿＿＿＿
□□□□□□＿＿＿＿
□□□□□□□＿＿□
□□□□□□□□＿□
□□＿□□□□□□□
□□□□□□□□＿□
00:44:10(79502f):field(79501f)
＿＿＿＿＿＿＿＿＿＿
＿＿＿＿＿＿＿＿＿＿
＿＿＿＿＿＿＿＿＿＿
＿＿＿＿＿＿＿＿＿＿
＿＿＿＿＿＿＿＿＿＿
＿＿＿＿＿＿＿＿＿＿
＿＿＿＿＿＿＿＿＿＿
＿＿＿＿＿＿＿＿＿＿
＿＿＿＿＿＿＿＿＿＿
＿＿＿＿＿＿＿＿＿＿
＿＿＿＿＿＿＿＿＿＿
＿＿＿＿＿＿＿＿＿＿
◆＿＿＿＿＿＿＿＿＿
□＿＿◆◆◆＿＿＿＿
□◆◆□□□＿＿＿＿
□□□□□□＿＿＿＿
□□□□□□□■■◆
□□□□□□□□＿□
□□＿□□□□□□□
□□□□□□□□＿□
00:44:10(79519f):field(79518f)
＿＿＿＿＿＿＿＿＿＿
＿＿＿＿＿＿＿＿＿＿
＿＿＿＿＿＿＿＿＿＿
＿＿＿＿＿＿＿＿＿＿
＿＿＿＿＿＿＿＿＿＿
＿＿＿＿＿＿＿＿＿＿
＿＿＿＿＿＿＿＿＿＿
＿＿＿＿＿＿＿＿＿＿
＿＿＿＿＿＿＿＿＿＿
＿＿＿＿＿＿＿＿＿＿
＿＿＿＿＿＿＿＿＿＿
＿＿＿＿＿＿＿＿＿＿
＿＿＿＿＿＿＿＿＿＿
◆＿＿＿＿＿＿＿＿＿
◆＿＿◆◆◆＿＿＿＿
□◆◆□◆◆＿＿＿＿
□◆◆□□□◆◆◆＿
□□□□□□◆◆■◆
□□■□□□□□□□
□□□□□□□□＿□
00:44:11(79533f):field(79532f)
＿＿＿＿＿＿＿＿＿＿
＿＿＿＿＿＿＿＿＿＿
＿＿＿＿＿＿＿＿＿＿
＿＿＿＿＿＿＿＿＿＿
＿＿＿＿＿＿＿＿＿＿
＿＿＿＿＿＿＿＿＿＿
＿＿＿＿＿＿＿＿＿＿
＿＿＿＿＿＿＿＿＿＿
＿＿＿＿＿＿＿＿＿＿
＿＿＿＿＿＿＿＿＿＿
＿＿＿＿＿＿＿＿＿＿
＿＿＿＿＿＿＿＿＿＿
＿＿＿＿＿＿＿＿＿＿
＿＿＿＿＿＿＿＿＿＿
＿＿＿＿＿＿＿＿＿＿
□＿＿◆＿＿＿■＿＿
□＿＿□□□＿■＿＿
□□□□□□■■□＿
□□◆□□□□□□□
□□□□□□□□＿□
00:44:11(79548f):field(79547f)
＿＿＿＿＿＿＿＿＿＿
＿＿＿＿＿＿＿＿＿＿
＿＿＿＿＿＿＿＿＿＿
＿＿＿＿＿＿＿＿＿＿
＿＿＿＿＿＿＿＿＿＿
＿＿＿＿＿＿＿＿＿＿
＿＿＿＿＿＿＿＿＿＿
＿＿＿＿＿＿＿＿＿＿
＿＿＿＿＿＿＿＿＿＿
＿＿＿＿＿＿＿＿＿＿
＿＿＿＿＿＿＿＿＿＿
＿＿＿＿＿＿＿＿＿＿
＿＿＿＿＿＿＿＿＿＿
＿＿＿＿＿＿＿＿＿＿
＿＿＿＿＿■＿＿＿＿
□＿＿＿＿■■□＿＿
□＿＿□□□■□＿＿
□□□□□□□□□＿
□□＿□□□□□□□
□□□□□□□□＿□
00:44:12(79566f):field(79565f)
＿＿＿＿＿＿＿＿＿＿
＿＿＿＿＿＿＿＿＿＿
＿＿＿＿＿＿＿＿＿＿
＿＿＿＿＿＿＿＿＿＿
＿＿＿＿＿＿＿＿＿＿
＿＿＿＿＿＿＿＿＿＿
＿＿＿＿＿＿＿＿＿＿
＿＿＿＿＿＿＿＿＿＿
＿＿＿＿＿＿＿＿＿＿
＿＿＿＿＿＿＿＿＿＿
＿＿＿＿＿＿＿＿＿＿
＿＿＿＿＿＿＿＿＿＿
＿＿＿＿＿＿＿＿＿＿
＿＿＿＿＿＿＿＿＿＿
＿■＿＿＿□＿＿＿＿
□■＿＿＿□□□＿＿
□■■□□□□□＿＿
□□□□□□□□□＿
□□＿□□□□□□□
□□□□□□□□＿□
00:44:12(79580f):field(79579f)
＿＿＿＿＿＿＿＿＿＿
＿＿＿＿＿＿＿＿＿＿
＿＿＿＿＿＿＿＿＿＿
＿＿＿＿＿＿＿＿＿＿
＿＿＿＿＿＿＿＿＿＿
＿＿＿＿＿＿＿＿＿＿
＿＿＿＿＿＿＿＿＿＿
＿＿＿＿＿＿＿＿＿＿
＿＿＿＿＿＿＿＿＿＿
＿＿＿＿＿＿＿＿＿＿
＿＿＿＿＿＿＿＿＿＿
＿＿＿＿＿＿＿＿＿＿
＿＿＿＿＿＿＿＿＿＿
＿＿＿＿＿＿＿＿＿＿
＿□＿■■□＿＿＿＿
□□＿■■□□□＿＿
□□□□□□□□＿＿
□□□□□□□□□＿
□□＿□□□□□□□
□□□□□□□□＿□
00:44:13(79594f):field(79593f)
＿＿＿＿＿＿＿＿＿＿
＿＿＿＿＿＿＿＿＿＿
＿＿＿＿＿＿＿＿＿＿
＿＿＿＿＿＿＿＿＿＿
＿＿＿＿＿＿＿＿＿＿
＿＿＿＿＿＿＿＿＿＿
＿＿＿＿＿＿＿＿＿＿
＿＿＿＿＿＿＿＿＿＿
＿＿＿＿＿＿＿＿＿＿
＿＿＿＿＿＿＿＿＿＿
＿＿＿＿＿＿＿＿＿＿
＿＿＿＿＿＿＿＿＿＿
＿＿■＿＿＿＿＿＿＿
＿＿■＿＿＿＿＿＿＿
＿□■□□□＿＿＿＿
□□■□□□□□＿＿
□□□□□□□□＿＿
□□□□□□□□□＿
□□＿□□□□□□□
□□□□□□□□＿□
00:44:13(79616f):field(79615f)
＿＿＿＿＿＿＿＿＿＿
＿＿＿＿＿＿＿＿＿＿
＿＿＿＿＿＿＿＿＿＿
＿＿＿＿＿＿＿＿＿＿
＿＿＿＿＿＿＿＿＿＿
＿＿＿＿＿＿＿＿＿＿
＿＿＿＿＿＿＿＿＿＿
＿＿＿＿＿＿＿＿＿＿
＿＿＿＿＿＿＿＿＿＿
＿＿＿＿＿＿＿＿＿＿
＿＿＿＿＿＿＿＿＿＿
＿＿＿＿＿＿＿＿＿＿
＿＿◆＿＿＿＿＿＿＿
＿＿□＿＿＿＿＿＿＿
＿◆□◆◆□＿＿＿＿
◆□□□□□◆◆＿■
□□□□□□□□■＿
□□□□□□□□□＿
□□■□□□□□□□
□□□□□□□□＿□
00:44:14(79629f):field(79628f)
＿＿＿＿＿＿＿＿＿＿
＿＿＿＿＿＿＿＿＿＿
＿＿＿＿＿＿＿＿＿＿
＿＿＿＿＿＿＿＿＿＿
＿＿＿＿＿＿＿＿＿＿
＿＿＿＿＿＿＿＿＿＿
＿＿＿＿＿＿＿＿＿＿
＿＿＿＿＿＿＿＿＿＿
＿＿＿＿＿＿＿＿＿＿
＿＿＿＿＿＿＿＿＿＿
＿＿＿＿＿＿＿＿＿＿
＿＿＿＿＿＿＿＿＿＿
＿＿＿＿＿＿＿＿＿＿
＿＿□＿＿＿＿＿＿＿
＿＿□＿＿◆＿＿■■
＿□□□□□＿■■□
□□□□□□□□□＿
□□□□□□□□□＿
□□◆□□□□□□□
□□□□□□□□＿□
00:44:15(79652f):field(79651f)
＿＿＿＿＿＿＿＿＿＿
＿＿＿＿＿＿＿＿＿＿
＿＿＿＿＿＿＿＿＿＿
＿＿＿＿＿＿＿＿＿＿
＿＿＿＿＿＿＿＿＿＿
＿＿＿＿＿＿＿＿＿＿
＿＿＿＿＿＿＿＿＿＿
＿＿＿＿＿＿＿＿＿＿
＿＿＿＿＿＿＿＿＿＿
＿＿＿＿＿＿＿＿＿＿
＿＿＿＿＿＿＿＿＿＿
＿＿＿＿＿＿＿＿＿＿
＿＿＿＿＿＿＿＿＿＿
＿＿□＿＿■＿＿＿＿
＿＿□■■■＿＿□□
＿□□□□□＿□□□
□□□□□□□□□＿
□□□□□□□□□＿
□□＿□□□□□□□
□□□□□□□□＿□
00:44:15(79666f):field(79665f)
＿＿＿＿＿＿＿＿＿＿
＿＿＿＿＿＿＿＿＿＿
＿＿＿＿＿＿＿＿＿＿
＿＿＿＿＿＿＿＿＿＿
＿＿＿＿＿＿＿＿＿＿
＿＿＿＿＿＿＿＿＿＿
＿＿＿＿＿＿＿＿＿＿
＿＿＿＿＿＿＿＿＿＿
＿＿＿＿＿＿＿＿＿＿
＿＿＿＿＿＿＿＿＿＿
＿＿＿＿＿＿＿＿＿＿
＿＿＿＿■＿＿＿＿＿
＿＿＿＿■■＿＿＿＿
＿＿□＿■□＿＿＿＿
＿＿□□□□＿＿□□
＿□□□□□＿□□□
□□□□□□□□□＿
□□□□□□□□□＿
□□＿□□□□□□□
□□□□□□□□＿□
00:44:16(79695f):field(79694f)
＿＿＿＿＿＿＿＿＿＿
＿＿＿＿＿＿＿＿＿＿
＿＿＿＿＿＿＿＿＿＿
＿＿＿＿＿＿＿＿＿＿
＿＿＿＿＿＿＿＿＿＿
＿＿＿＿＿＿＿＿＿＿
＿＿＿＿＿＿＿＿＿＿
＿＿＿＿＿＿＿＿＿＿
＿＿＿＿＿＿＿＿＿＿
＿＿＿＿＿＿＿＿＿＿
＿＿＿＿＿＿＿＿＿＿
＿＿＿＿□＿＿＿＿■
＿＿＿＿□□＿＿＿■
＿＿□＿□□＿＿■■
＿＿□□□□＿＿□□
＿□□□□□＿□□□
□□□□□□□□□＿
□□□□□□□□□＿
□□＿□□□□□□□
□□□□□□□□＿□
00:44:16(79709f):field(79708f)
＿＿＿＿＿＿＿＿＿＿
＿＿＿＿＿＿＿＿＿＿
＿＿＿＿＿＿＿＿＿＿
＿＿＿＿＿＿＿＿＿＿
＿＿＿＿＿＿＿＿＿＿
＿＿＿＿＿＿＿＿＿＿
＿＿＿＿＿＿＿＿＿＿
＿＿＿＿＿＿＿＿＿＿
＿＿＿＿＿＿＿＿＿＿
＿＿＿＿＿＿＿＿＿＿
＿＿＿＿＿＿＿＿＿＿
＿＿＿＿□＿＿＿＿□
＿＿＿＿□□＿＿＿□
＿＿□＿□□■■□□
＿＿□□□□■■□□
＿□□□□□＿□□□
□□□□□□□□□＿
□□□□□□□□□＿
□□＿□□□□□□□
□□□□□□□□＿□
00:44:17(79726f):field(79725f)
＿＿＿＿＿＿＿＿＿＿
＿＿＿＿＿＿＿＿＿＿
＿＿＿＿＿＿＿＿＿＿
＿＿＿＿＿＿＿＿＿＿
＿＿＿＿＿＿＿＿＿＿
＿＿＿＿＿＿＿＿＿＿
＿＿＿＿＿＿＿＿＿＿
＿＿＿＿＿＿＿＿＿＿
＿＿＿＿＿＿＿＿＿＿
＿＿＿＿＿＿＿＿＿＿
＿＿＿＿＿＿＿＿＿＿
＿＿■＿□＿＿＿＿□
＿＿■■□□＿＿＿□
＿＿□■□□□□□□
＿＿□□□□□□□□
＿□□□□□＿□□□
□□□□□□□□□＿
□□□□□□□□□＿
□□＿□□□□□□□
□□□□□□□□＿□
00:44:18(79745f):field(79744f)
＿＿＿＿＿＿＿＿＿＿
＿＿＿＿＿＿＿＿＿＿
＿＿＿＿＿＿＿＿＿＿
＿＿＿＿＿＿＿＿＿＿
＿＿＿＿＿＿＿＿＿＿
＿＿＿＿＿＿＿＿＿＿
＿＿＿＿＿＿＿＿＿＿
＿＿＿＿＿＿＿＿＿＿
＿＿＿＿＿＿＿＿＿＿
＿＿＿＿＿＿＿＿＿＿
＿＿＿＿＿＿＿＿＿＿
＿＿◆＿◆＿＿＿＿◆
＿＿□◆□◆＿＿＿□
＿＿□□□□◆◆◆□
＿■□□□□□□□□
■□□□□□＿□□□
□□□□□□□□□＿
□□□□□□□□□＿
□□＿□□□□□□□
□□□□□□□□＿□
00:44:18(79759f):field(79758f)
＿＿＿＿＿＿＿＿＿＿
＿＿＿＿＿＿＿＿＿＿
＿＿＿＿＿＿＿＿＿＿
＿＿＿＿＿＿＿＿＿＿
＿＿＿＿＿＿＿＿＿＿
＿＿＿＿＿＿＿＿＿＿
＿＿＿＿＿＿＿＿＿＿
＿＿＿＿＿＿＿＿＿＿
＿＿＿＿＿＿＿＿＿＿
＿＿＿＿＿＿＿＿＿＿
＿＿＿＿＿＿＿＿＿＿
＿＿＿＿＿＿＿＿＿＿
＿＿□＿□＿＿■■□
＿＿□□□□＿■■□
＿□□□□□□□□□
□□□□□□＿□□□
□□□□□□□□□＿
□□□□□□□□□＿
□□＿□□□□□□□
□□□□□□□□＿□
00:44:19(79774f):field(79773f)
＿＿＿＿＿＿＿＿＿＿
＿＿＿＿＿＿＿＿＿＿
＿＿＿＿＿＿＿＿＿＿
＿＿＿＿＿＿＿＿＿＿
＿＿＿＿＿＿＿＿＿＿
＿＿＿＿＿＿＿＿＿＿
＿＿＿＿＿＿＿＿＿＿
＿＿＿＿＿＿＿＿＿＿
＿＿＿＿＿＿＿＿＿＿
＿＿＿＿＿■＿＿＿＿
＿＿＿＿＿■＿＿＿＿
＿＿＿＿＿■＿＿＿＿
＿＿□＿□■＿□□□
＿＿□□□□＿□□□
＿□□□□□□□□□
□□□□□□＿□□□
□□□□□□□□□＿
□□□□□□□□□＿
□□＿□□□□□□□
□□□□□□□□＿□
00:44:19(79794f):field(79793f)
＿＿＿＿＿＿＿＿＿＿
＿＿＿＿＿＿＿＿＿＿
＿＿＿＿＿＿＿＿＿＿
＿＿＿＿＿＿＿＿＿＿
＿＿＿＿＿＿＿＿＿＿
＿＿＿＿＿＿＿＿＿＿
＿＿＿＿＿＿＿＿＿＿
＿＿＿＿＿＿＿＿＿＿
＿＿＿＿＿＿＿＿＿＿
＿＿＿＿＿□＿＿＿■
＿＿＿＿＿□＿＿＿■
＿＿＿＿＿□＿＿■■
＿＿□＿□□＿□□□
＿＿□□□□＿□□□
＿□□□□□□□□□
□□□□□□＿□□□
□□□□□□□□□＿
□□□□□□□□□＿
□□＿□□□□□□□
□□□□□□□□＿□
00:44:20(79810f):field(79809f)
＿＿＿＿＿＿＿＿＿＿
＿＿＿＿＿＿＿＿＿＿
＿＿＿＿＿＿＿＿＿＿
＿＿＿＿＿＿＿＿＿＿
＿＿＿＿＿＿＿＿＿＿
＿＿＿＿＿＿＿＿＿＿
＿＿＿＿＿＿＿＿＿＿
＿＿＿＿＿＿＿＿＿＿
＿＿＿＿＿＿＿＿＿＿
＿＿＿＿＿□＿＿＿□
＿＿■＿＿□＿＿＿□
＿＿■■＿□＿＿□□
＿＿□■□□＿□□□
＿＿□□□□＿□□□
＿□□□□□□□□□
□□□□□□＿□□□
□□□□□□□□□＿
□□□□□□□□□＿
□□＿□□□□□□□
□□□□□□□□＿□
00:44:20(79828f):field(79827f)
＿＿＿＿＿＿＿＿＿＿
＿＿＿＿＿＿＿＿＿＿
＿＿＿＿＿＿＿＿＿＿
＿＿＿＿＿＿＿＿＿＿
＿＿＿＿＿＿＿＿＿＿
＿＿＿＿＿＿＿＿＿＿
＿＿＿＿＿＿＿＿＿＿
＿＿＿＿＿＿＿＿＿＿
＿＿＿＿＿＿＿＿＿＿
＿＿＿＿＿□＿＿■□
＿＿□＿＿□＿■■□
＿＿□□＿□＿■□□
＿＿□□□□＿□□□
＿＿□□□□＿□□□
＿□□□□□□□□□
□□□□□□＿□□□
□□□□□□□□□＿
□□□□□□□□□＿
□□＿□□□□□□□
□□□□□□□□＿□
00:44:21(79852f):field(79851f)
＿＿＿＿＿＿＿＿＿＿
＿＿＿＿＿＿＿＿＿＿
＿＿＿＿＿＿＿＿＿＿
＿＿＿＿＿＿＿＿＿＿
＿＿＿＿＿＿＿＿＿＿
＿＿＿＿＿＿＿＿＿＿
＿＿＿＿＿＿＿＿＿＿
＿＿＿＿＿＿＿＿＿＿
＿＿＿■＿＿＿＿＿＿
＿＿＿■＿□＿＿□□
＿＿□■■□＿□□□
＿＿□□＿□＿□□□
＿＿□□□□＿□□□
＿＿□□□□＿□□□
＿□□□□□□□□□
□□□□□□＿□□□
□□□□□□□□□＿
□□□□□□□□□＿
□□＿□□□□□□□
□□□□□□□□＿□
00:44:22(79866f):field(79865f)
＿＿＿＿＿＿＿＿＿＿
＿＿＿＿＿＿＿＿＿＿
＿＿＿＿＿＿＿＿＿＿
＿＿＿＿＿＿＿＿＿＿
＿＿＿＿＿＿＿＿＿＿
＿＿＿＿＿＿＿＿＿＿
＿＿＿＿＿＿＿＿＿＿
＿＿＿＿■＿＿＿＿＿
＿＿＿□■■＿＿＿＿
＿＿＿□■□＿＿□□
＿＿□□□□＿□□□
＿＿□□＿□＿□□□
＿＿□□□□＿□□□
＿＿□□□□＿□□□
＿□□□□□□□□□
□□□□□□＿□□□
□□□□□□□□□＿
□□□□□□□□□＿
□□＿□□□□□□□
□□□□□□□□＿□
00:44:22(79880f):field(79879f)
＿＿＿＿＿＿＿＿＿＿
＿＿＿＿＿＿＿＿＿＿
＿＿＿＿＿＿＿＿＿＿
＿＿＿＿＿＿＿＿＿＿
＿＿＿＿＿＿＿＿＿＿
＿＿＿＿＿＿＿＿＿＿
＿＿＿＿＿＿＿＿＿＿
＿＿＿＿□＿＿＿＿＿
＿＿＿□□□＿＿＿＿
＿＿＿□□□＿＿□□
＿＿□□□□■□□□
＿＿□□＿□■□□□
＿＿□□□□■□□□
＿＿□□□□■□□□
＿□□□□□□□□□
□□□□□□＿□□□
□□□□□□□□□＿
□□□□□□□□□＿
□□＿□□□□□□□
□□□□□□□□＿□
00:44:23(79896f):field(79895f)
＿＿＿＿＿＿＿＿＿＿
＿＿＿＿＿＿＿＿＿＿
＿＿＿＿＿＿＿＿＿＿
＿＿＿＿＿＿＿＿＿＿
＿＿＿＿＿＿＿＿＿＿
＿＿＿＿＿＿＿＿＿＿
＿＿＿＿＿＿＿＿＿＿
＿＿＿＿□＿＿＿＿＿
＿＿＿□□□■■＿＿
＿＿＿□□□■■□□
＿＿□□□□□□□□
＿＿□□＿□□□□□
＿＿□□□□□□□□
＿＿□□□□□□□□
＿□□□□□□□□□
□□□□□□＿□□□
□□□□□□□□□＿
□□□□□□□□□＿
□□＿□□□□□□□
□□□□□□□□＿□
00:44:23(79915f):field(79914f)
＿＿＿＿＿＿＿＿＿＿
＿＿＿＿＿＿＿＿＿＿
＿＿＿＿＿＿＿＿＿＿
＿＿＿＿＿＿＿＿＿＿
＿＿＿＿＿＿＿＿＿＿
＿＿＿＿＿＿＿＿＿＿
＿＿＿＿＿＿＿＿＿＿
＿＿＿＿◆＿＿＿＿＿
＿＿＿◆◆◆◆◆＿＿
＿＿＿◆□◆◆◆◆◆
＿＿◆□□□□□◆◆
＿＿◆□■□□□□□
＿■□□□□□□□□
＿■□□□□□□□□
＿□□□□□□□□□
□□□□□□＿□□□
□□□□□□□□□＿
□□□□□□□□□■
□□＿□□□□□□□
□□□□□□□□＿□
00:44:24(79933f):field(79932f)
＿＿＿＿＿＿＿＿＿＿
＿＿＿＿＿＿＿＿＿＿
＿＿＿＿＿＿＿＿＿＿
＿＿＿＿＿＿＿＿＿＿
＿＿＿＿＿＿＿＿＿＿
＿＿＿＿＿＿＿＿＿＿
＿＿＿＿＿＿＿＿＿＿
＿＿＿＿＿＿＿＿＿＿
＿＿＿＿＿＿＿＿＿＿
＿＿＿＿◆＿＿＿＿＿
＿＿＿◆◆◆◆◆＿＿
＿＿＿□□◆◆◆◆◆
＿◆◆□□□□□□◆
＿□◆□□□□□□□
■◆□□◆□□□□□
□□□□□□＿□□□
□□□□□□□□□■
□□□□□□□□□◆
□□＿□□□□□□□
□□□□□□□□＿□
00:44:25(79951f):field(79950f)
＿＿＿＿＿＿＿＿＿＿
＿＿＿＿＿＿＿＿＿＿
＿＿＿＿＿＿＿＿＿＿
＿＿＿＿＿＿＿＿＿＿
＿＿＿＿＿＿＿＿＿＿
＿＿＿＿＿＿＿＿＿＿
＿＿＿＿＿＿＿＿＿＿
＿＿＿＿＿＿＿＿＿＿
＿＿＿＿＿＿＿＿＿＿
＿＿＿＿＿＿＿＿＿＿
＿＿＿＿＿＿＿＿＿＿
＿＿＿◆◆＿＿＿＿＿
＿＿＿◆□□◆◆◆＿
＿◆■□□□□□◆◆
□＿□□＿□□□□□
□□□□□□＿□□□
□□□□□□□□□□
□□□□□□□□□＿
□□＿□□□□□□□
□□□□□□□□＿□
00:44:25(79967f):field(79966f)
＿＿＿＿＿＿＿＿＿＿
＿＿＿＿＿＿＿＿＿＿
＿＿＿＿＿＿＿＿＿＿
＿＿＿＿＿＿＿＿＿＿
＿＿＿＿＿＿＿＿＿＿
＿＿＿＿＿＿＿＿＿＿
＿＿＿＿＿＿＿＿＿＿
＿＿＿＿＿＿＿＿＿＿
＿＿＿＿＿＿＿＿＿＿
＿＿＿＿＿＿＿＿＿＿
＿＿＿＿＿＿＿＿＿＿
＿＿＿＿＿＿＿＿＿＿
■＿＿＿□◆＿＿＿＿
■■□□□□□□＿＿
□■□□＿□□□□□
□□□□□□＿□□□
□□□□□□□□□◆
□□□□□□□□□＿
□□＿□□□□□□□
□□□□□□□□＿□
00:44:26(79987f):field(79986f)
＿＿＿＿＿＿＿＿＿＿
＿＿＿＿＿＿＿＿＿＿
＿＿＿＿＿＿＿＿＿＿
＿＿＿＿＿＿＿＿＿＿
＿＿＿＿＿＿＿＿＿＿
＿＿＿＿＿＿＿＿＿＿
＿＿＿＿＿＿＿＿＿＿
＿＿＿＿＿＿＿＿＿＿
＿＿＿＿＿＿＿＿＿＿
＿＿＿＿＿＿＿＿＿＿
＿＿＿＿＿＿＿＿＿＿
＿＿■＿＿＿＿＿＿＿
□■■■□＿＿＿＿＿
□□□□□□□□＿＿
□□□□＿□□□□□
□□□□□□＿□□□
□□□□□□□□□＿
□□□□□□□□□＿
□□＿□□□□□□□
□□□□□□□□＿□
00:44:26(80004f):field(80003f)
＿＿＿＿＿＿＿＿＿＿
＿＿＿＿＿＿＿＿＿＿
＿＿＿＿＿＿＿＿＿＿
＿＿＿＿＿＿＿＿＿＿
＿＿＿＿＿＿＿＿＿＿
＿＿＿＿＿＿＿＿＿＿
＿＿＿＿＿＿＿＿＿＿
＿＿＿＿＿＿＿＿＿＿
＿＿＿＿＿＿＿＿＿＿
＿＿＿＿＿＿＿＿＿＿
＿＿＿＿＿＿＿＿＿＿
＿＿◆＿＿＿＿＿＿＿
◆◆□◆◆■＿＿＿＿
□□□□□□◆□■＿
□□□□＿□□□□□
□□□□□□＿□□□
□□□□□□□□□＿
□□□□□□□□□＿
□□＿□□□□□□□
□□□□□□□□＿□
00:44:27(80017f):field(80016f)
＿＿＿＿＿＿＿＿＿＿
＿＿＿＿＿＿＿＿＿＿
＿＿＿＿＿＿＿＿＿＿
＿＿＿＿＿＿＿＿＿＿
＿＿＿＿＿＿＿＿＿＿
＿＿＿＿＿＿＿＿＿＿
＿＿＿＿＿＿＿＿＿＿
＿＿＿＿＿＿＿＿＿＿
＿＿＿＿＿＿＿＿＿＿
＿＿＿＿＿＿＿＿＿＿
＿＿＿＿＿＿＿＿＿＿
＿＿＿＿＿＿＿＿＿＿
＿＿□＿＿□■＿＿＿
□□□□□□■□□＿
□□□□＿□□□□□
□□□□□□＿□□□
□□□□□□□□□＿
□□□□□□□□□＿
□□＿□□□□□□□
□□□□□□□□＿□
00:44:27(80036f):field(80035f)
＿＿＿＿＿＿＿＿＿＿
＿＿＿＿＿＿＿＿＿＿
＿＿＿＿＿＿＿＿＿＿
＿＿＿＿＿＿＿＿＿＿
＿＿＿＿＿＿＿＿＿＿
＿＿＿＿＿＿＿＿＿＿
＿＿＿＿＿＿＿＿＿＿
＿＿＿＿＿＿＿＿＿＿
＿＿＿＿＿＿＿＿＿＿
＿＿＿＿＿＿＿＿＿＿
＿＿＿＿＿＿＿＿＿＿
＿＿＿＿＿＿＿＿＿■
＿＿◆＿＿◆◆＿＿■
◆◆□◆◆□□◆◆■
□□□□＿□□□□□
□□□□□□＿□□□
□□□□□□□□□＿
□□□□□□□□□＿
□□＿□□□□□□□
□□□□□□□□＿□
00:44:28(80053f):field(80052f)
＿＿＿＿＿＿＿＿＿＿
＿＿＿＿＿＿＿＿＿＿
＿＿＿＿＿＿＿＿＿＿
＿＿＿＿＿＿＿＿＿＿
＿＿＿＿＿＿＿＿＿＿
＿＿＿＿＿＿＿＿＿＿
＿＿＿＿＿＿＿＿＿＿
＿＿＿＿＿＿＿＿＿＿
＿＿＿＿＿＿＿＿＿＿
＿＿＿＿＿＿＿＿＿＿
＿＿＿＿＿＿＿＿＿＿
＿＿＿＿＿＿＿＿＿◆
＿＿＿＿＿＿＿＿＿□
＿＿◆■＿◆◆＿＿□
◆◆□□■□□◆◆□
□□□□□□＿□□□
□□□□□□□□□＿
□□□□□□□□□＿
□□■□□□□□□□
□□□□□□□□■□
00:44:28(80067f):field(80066f)
＿＿＿＿＿＿＿＿＿＿
＿＿＿＿＿＿＿＿＿＿
＿＿＿＿＿＿＿＿＿＿
＿＿＿＿＿＿＿＿＿＿
＿＿＿＿＿＿＿＿＿＿
＿＿＿＿＿＿＿＿＿＿
＿＿＿＿＿＿＿＿＿＿
＿＿＿＿＿＿＿＿＿＿
＿＿＿＿＿＿＿＿＿＿
＿＿＿＿＿＿＿＿＿＿
＿＿＿＿＿＿＿＿＿＿
＿＿＿＿＿＿＿＿＿＿
＿＿＿＿＿＿＿＿■□
＿＿＿□＿＿＿＿■□
＿＿□□□□□■■□
□□□□□□＿□□□
□□□□□□□□□＿
□□□□□□□□□＿
□□◆□□□□□□□
□□□□□□□□◆□
00:44:29(80086f):field(80085f)
＿＿＿＿＿＿＿＿＿＿
＿＿＿＿＿＿＿＿＿＿
＿＿＿＿＿＿＿＿＿＿
＿＿＿＿＿＿＿＿＿＿
＿＿＿＿＿＿＿＿＿＿
＿＿＿＿＿＿＿＿＿＿
＿＿＿＿＿＿＿＿＿＿
＿＿＿＿＿＿＿＿＿＿
＿＿＿＿＿＿＿＿＿＿
＿＿＿＿＿＿＿＿＿＿
＿＿＿＿＿＿＿＿＿＿
＿＿＿＿＿＿＿＿＿＿
＿＿＿＿＿＿＿＿◆◆
■＿＿◆＿■＿＿□□
■＿◆□◆◆◆□□□
□□□□□□＿□□□
□□□□□□□□□＿
□□□□□□□□□＿
□□＿□□□□□□□
□□□□□□□□＿□
00:44:29(80098f):field(80097f)
＿＿＿＿＿＿＿＿＿＿
＿＿＿＿＿＿＿＿＿＿
＿＿＿＿＿＿＿＿＿＿
＿＿＿＿＿＿＿＿＿＿
＿＿＿＿＿＿＿＿＿＿
＿＿＿＿＿＿＿＿＿＿
＿＿＿＿＿＿＿＿＿＿
＿＿＿＿＿＿＿＿＿＿
＿＿＿＿＿＿＿＿＿＿
＿＿＿＿＿＿＿＿＿＿
＿＿＿＿＿＿＿＿＿＿
＿＿＿＿＿＿＿＿＿＿
＿＿＿＿＿＿＿＿＿＿
□＿＿＿■□＿＿□□
□＿＿□■■＿◆□□
□□□□□□＿□□□
□□□□□□□□□＿
□□□□□□□□□＿
□□＿□□□□□□□
□□□□□□□□＿□
00:44:30(80117f):field(80116f)
＿＿＿＿＿＿＿＿＿＿
＿＿＿＿＿＿＿＿＿＿
＿＿＿＿＿＿＿＿＿＿
＿＿＿＿＿＿＿＿＿＿
＿＿＿＿＿＿＿＿＿＿
＿＿＿＿＿＿＿＿＿＿
＿＿＿＿＿＿＿＿＿＿
＿＿＿＿＿＿＿＿＿＿
＿＿＿＿＿＿＿＿＿＿
＿＿＿＿＿＿＿＿＿＿
＿＿＿＿＿＿＿＿＿＿
＿＿＿＿＿＿＿＿＿＿
＿＿＿＿＿＿＿＿＿＿
◆＿＿＿◆◆＿＿◆◆
□■＿◆□□＿■□□
□◆◆□□□■□□□
□□□□□□□□□＿
□□□□□□□□□＿
□□＿□□□□□□□
□□□□□□□□＿□
00:44:31(80134f):field(80133f)
＿＿＿＿＿＿＿＿＿＿
＿＿＿＿＿＿＿＿＿＿
＿＿＿＿＿＿＿＿＿＿
＿＿＿＿＿＿＿＿＿＿
＿＿＿＿＿＿＿＿＿＿
＿＿＿＿＿＿＿＿＿＿
＿＿＿＿＿＿＿＿＿＿
＿＿＿＿＿＿＿＿＿＿
＿＿＿＿＿＿＿＿＿＿
＿＿＿＿＿＿＿＿＿＿
＿＿＿＿＿＿＿＿＿＿
＿＿＿＿＿＿＿＿＿＿
＿＿＿＿＿＿＿＿＿＿
＿＿＿＿＿＿＿＿＿＿
◆◆＿■◆◆＿◆◆◆
□＿■□□□◆□□□
□□□□□□□□□＿
□□□□□□□□□＿
□□＿□□□□□□□
□□□□□□□□＿□
00:44:31(80146f):field(80145f)
＿＿＿＿＿＿＿＿＿＿
＿＿＿＿＿＿＿＿＿＿
＿＿＿＿＿＿＿＿＿＿
＿＿＿＿＿＿＿＿＿＿
＿＿＿＿＿＿＿＿＿＿
＿＿＿＿＿＿＿＿＿＿
＿＿＿＿＿＿＿＿＿＿
＿＿＿＿＿＿＿＿＿＿
＿＿＿＿＿＿＿＿＿＿
＿＿＿＿＿＿＿＿＿＿
＿＿＿＿＿＿＿＿＿＿
＿＿＿＿＿＿＿＿＿＿
＿＿＿＿＿＿■＿＿＿
＿＿＿＿＿＿■＿＿＿
＿＿＿◆＿＿■＿＿＿
□＿□□□□■□□□
□□□□□□□□□＿
□□□□□□□□□＿
□□＿□□□□□□□
□□□□□□□□＿□
00:44:32(80165f):field(80164f)
＿＿＿＿＿＿＿＿＿＿
＿＿＿＿＿＿＿＿＿＿
＿＿＿＿＿＿＿＿＿＿
＿＿＿＿＿＿＿＿＿＿
＿＿＿＿＿＿＿＿＿＿
＿＿＿＿＿＿＿＿＿＿
＿＿＿＿＿＿＿＿＿＿
＿＿＿＿＿＿＿＿＿＿
＿＿＿＿＿＿＿＿＿＿
＿＿＿＿＿＿＿＿＿＿
＿＿＿＿＿＿＿＿＿＿
＿＿＿＿＿＿＿＿＿＿
＿＿＿＿＿＿◆＿＿＿
＿＿＿＿＿＿□＿＿＿
＿＿■＿＿＿□＿＿＿
□■□◆◆◆□◆◆◆
□□□□□□□□□＿
□□□□□□□□□＿
□□＿□□□□□□□
□□□□□□□□＿□
00:44:32(80179f):field(80178f)
＿＿＿＿＿＿＿＿＿＿
＿＿＿＿＿＿＿＿＿＿
＿＿＿＿＿＿＿＿＿＿
＿＿＿＿＿＿＿＿＿＿
＿＿＿＿＿＿＿＿＿＿
＿＿＿＿＿＿＿＿＿＿
＿＿＿＿＿＿＿＿＿＿
＿＿＿＿＿＿＿＿＿＿
＿＿＿＿＿＿＿＿＿＿
＿＿＿＿＿＿＿＿＿＿
＿＿＿＿＿＿＿＿＿＿
＿＿＿＿＿＿＿＿＿＿
＿＿＿＿＿＿＿＿＿＿
＿＿＿＿＿＿□＿＿＿
＿＿◆■＿＿□＿＿＿
□□□■■■□＿＿＿
□□□□□□□□□＿
□□□□□□□□□＿
□□＿□□□□□□□
□□□□□□□□＿□
00:44:33(80194f):field(80193f)
＿＿＿＿＿＿＿＿＿＿
＿＿＿＿＿＿＿＿＿＿
＿＿＿＿＿＿＿＿＿＿
＿＿＿＿＿＿＿＿＿＿
＿＿＿＿＿＿＿＿＿＿
＿＿＿＿＿＿＿＿＿＿
＿＿＿＿＿＿＿＿＿＿
＿＿＿＿＿＿＿＿＿＿
＿＿＿＿＿＿＿＿＿＿
＿＿＿＿＿＿＿＿＿＿
＿＿＿＿＿＿＿＿＿＿
＿＿＿＿＿＿＿＿＿＿
＿＿＿＿■＿＿＿＿＿
＿＿＿＿■＿□＿＿＿
＿＿＿□■■□＿＿＿
□□□□□□□＿＿＿
□□□□□□□□□＿
□□□□□□□□□＿
□□＿□□□□□□□
□□□□□□□□＿□
00:44:33(80212f):field(80211f)
＿＿＿＿＿＿＿＿＿＿
＿＿＿＿＿＿＿＿＿＿
＿＿＿＿＿＿＿＿＿＿
＿＿＿＿＿＿＿＿＿＿
＿＿＿＿＿＿＿＿＿＿
＿＿＿＿＿＿＿＿＿＿
＿＿＿＿＿＿＿＿＿＿
＿＿＿＿＿＿＿＿＿＿
＿＿＿＿＿＿＿＿＿＿
＿＿＿＿＿＿＿＿＿＿
＿＿＿＿＿＿＿＿＿＿
＿＿＿＿＿＿＿＿＿＿
＿＿＿＿□＿＿＿＿＿
＿＿■■□＿□＿＿＿
＿■■□□□□＿＿＿
□□□□□□□＿＿＿
□□□□□□□□□＿
□□□□□□□□□＿
□□＿□□□□□□□
□□□□□□□□＿□
00:44:34(80225f):field(80224f)
＿＿＿＿＿＿＿＿＿＿
＿＿＿＿＿＿＿＿＿＿
＿＿＿＿＿＿＿＿＿＿
＿＿＿＿＿＿＿＿＿＿
＿＿＿＿＿＿＿＿＿＿
＿＿＿＿＿＿＿＿＿＿
＿＿＿＿＿＿＿＿＿＿
＿＿＿＿＿＿＿＿＿＿
＿＿＿＿＿＿＿＿＿＿
＿＿＿＿＿＿＿＿＿＿
＿＿＿＿＿＿＿＿＿＿
＿＿＿＿＿＿■＿＿＿
＿＿＿＿□■■＿＿＿
＿＿□□□■□＿＿＿
＿□□□□□□＿＿＿
□□□□□□□＿＿＿
□□□□□□□□□＿
□□□□□□□□□＿
□□＿□□□□□□□
□□□□□□□□＿□
00:44:34(80242f):field(80241f)
＿＿＿＿＿＿＿＿＿＿
＿＿＿＿＿＿＿＿＿＿
＿＿＿＿＿＿＿＿＿＿
＿＿＿＿＿＿＿＿＿＿
＿＿＿＿＿＿＿＿＿＿
＿＿＿＿＿＿＿＿＿＿
＿＿＿＿＿＿＿＿＿＿
＿＿＿＿＿＿＿＿＿＿
＿＿＿＿＿＿＿＿＿＿
＿＿＿＿＿＿＿＿＿＿
＿＿＿＿＿＿＿＿＿＿
＿＿＿＿＿＿◆＿＿＿
＿＿＿＿◆◆◆＿＿＿
＿＿◆◆◆◆□＿＿＿
＿◆◆◆□□□＿＿＿
◆◆□□□□□＿＿＿
◆□□□□□□◆◆■
□□□□□□□◆◆■
□□＿□□□□□□□
□□□□□□□□＿□
00:44:35(80257f):field(80256f)
＿＿＿＿＿＿＿＿＿＿
＿＿＿＿＿＿＿＿＿＿
＿＿＿＿＿＿＿＿＿＿
＿＿＿＿＿＿＿＿＿＿
＿＿＿＿＿＿＿＿＿＿
＿＿＿＿＿＿＿＿＿＿
＿＿＿＿＿＿＿＿＿＿
＿＿＿＿＿＿＿＿＿＿
＿＿＿＿＿＿＿＿＿＿
＿＿＿＿＿＿＿＿＿＿
＿＿＿＿＿＿＿＿＿＿
＿＿＿＿＿＿＿＿＿＿
＿＿＿■＿＿＿＿＿＿
＿＿＿■＿＿□＿＿＿
＿＿■■□□□＿＿＿
＿＿□□□□□＿＿＿
＿□□□□□□＿＿□
□□□□□□□＿＿□
□□＿□□□□□□□
□□□□□□□□＿□
00:44:35(80271f):field(80270f)
＿＿＿＿＿＿＿＿＿＿
＿＿＿＿＿＿＿＿＿＿
＿＿＿＿＿＿＿＿＿＿
＿＿＿＿＿＿＿＿＿＿
＿＿＿＿＿＿＿＿＿＿
＿＿＿＿＿＿＿＿＿＿
＿＿＿＿＿＿＿＿＿＿
＿＿＿＿＿＿＿＿＿＿
＿＿＿＿＿＿＿＿＿＿
＿＿＿＿＿＿＿＿＿＿
＿＿＿＿＿＿＿＿＿＿
＿＿＿＿■＿＿＿＿＿
＿＿＿□■＿＿＿＿＿
＿＿＿□■■□＿＿＿
＿＿□□□□□＿＿＿
＿＿□□□□□＿＿＿
＿□□□□□□＿＿□
□□□□□□□＿＿□
□□＿□□□□□□□
□□□□□□□□＿□
00:44:36(80287f):field(80286f)
＿＿＿＿＿＿＿＿＿＿
＿＿＿＿＿＿＿＿＿＿
＿＿＿＿＿＿＿＿＿＿
＿＿＿＿＿＿＿＿＿＿
＿＿＿＿＿＿＿＿＿＿
＿＿＿＿＿＿＿＿＿＿
＿＿＿＿＿＿＿＿＿＿
＿＿＿＿＿＿＿＿＿＿
＿＿＿＿＿＿＿＿＿＿
＿＿＿＿■＿＿＿＿＿
＿＿＿＿■■＿＿＿＿
＿＿＿＿□■＿＿＿＿
＿＿＿□□＿＿＿＿＿
＿＿＿□□□□＿＿＿
＿＿□□□□□＿＿＿
＿＿□□□□□＿＿＿
＿□□□□□□＿＿□
□□□□□□□＿＿□
□□＿□□□□□□□
□□□□□□□□＿□
00:44:36(80304f):field(80303f)
＿＿＿＿＿＿＿＿＿＿
＿＿＿＿＿＿＿＿＿＿
＿＿＿＿＿＿＿＿＿＿
＿＿＿＿＿＿＿＿＿＿
＿＿＿＿＿＿＿＿＿＿
＿＿＿＿＿＿＿＿＿＿
＿＿＿＿＿＿＿＿＿＿
＿＿＿＿＿＿＿＿＿＿
＿＿＿＿＿＿＿＿＿＿
＿＿＿＿◆＿＿＿＿＿
＿＿＿＿□◆＿＿＿＿
＿＿＿＿□□＿＿＿＿
＿＿＿◆□■＿＿＿＿
＿＿＿□□◆◆＿＿＿
＿＿◆□□□□＿＿＿
＿＿□□□□□＿＿＿
＿◆□□□□□＿＿◆
◆□□□□□□■■□
□□■□□□□□□□
□□□□□□□□＿□
00:44:37(80323f):field(80322f)
＿＿＿＿＿＿＿＿＿＿
＿＿＿＿＿＿＿＿＿＿
＿＿＿＿＿＿＿＿＿＿
＿＿＿＿＿＿＿＿＿＿
＿＿＿＿＿＿＿＿＿＿
＿＿＿＿＿＿＿＿＿＿
＿＿＿＿＿＿＿＿＿＿
＿＿＿＿＿＿＿＿＿＿
＿＿＿＿＿＿＿＿＿＿
＿＿＿＿＿＿＿＿＿＿
＿＿＿＿◆＿＿＿＿＿
＿＿＿＿□◆＿＿＿＿
＿＿＿＿□□＿＿＿＿
＿＿＿◆□■＿＿＿＿
＿＿＿□□◆◆＿＿＿
＿＿◆□□□□＿＿＿
■＿□□□□□＿＿＿
■□□□□□□◆◆◆
□□◆□□□□□□□
□□□□□□□□＿□
00:44:38(80340f):field(80339f)
＿＿＿＿＿＿＿＿＿＿
＿＿＿＿＿＿＿＿＿＿
＿＿＿＿＿＿＿＿＿＿
＿＿＿＿＿＿＿＿＿＿
＿＿＿＿＿＿＿＿＿＿
＿＿＿＿＿＿＿＿＿＿
＿＿＿＿＿＿＿＿＿＿
＿＿＿＿＿＿＿＿＿＿
＿＿＿＿＿＿＿＿＿＿
＿＿＿＿＿＿＿＿＿＿
＿＿＿＿＿＿＿＿＿＿
＿＿＿＿□＿＿＿＿＿
＿＿＿＿□□＿＿＿＿
＿＿＿＿□□＿＿＿＿
＿＿■□□＿＿＿＿＿
＿■■□□□□＿＿＿
□■□□□□□＿＿＿
□□□□□□□＿＿＿
□□＿□□□□□□□
□□□□□□□□＿□
00:44:38(80356f):field(80355f)
＿＿＿＿＿＿＿＿＿＿
＿＿＿＿＿＿＿＿＿＿
＿＿＿＿＿＿＿＿＿＿
＿＿＿＿＿＿＿＿＿＿
＿＿＿＿＿＿＿＿＿＿
＿＿＿＿＿＿＿＿＿＿
＿＿＿＿＿＿＿＿＿＿
＿＿＿＿＿＿＿＿＿＿
＿＿＿＿＿＿＿＿＿＿
＿＿＿＿＿＿＿＿＿＿
＿＿＿＿＿＿＿＿＿＿
＿＿＿＿□＿＿＿＿＿
＿＿＿＿□□＿＿＿＿
＿＿＿＿□□＿＿＿＿
＿＿□□□＿＿＿＿■
＿□□□□□□＿＿■
□□□□□□□＿＿■
□□□□□□□＿＿■
□□＿□□□□□□□
□□□□□□□□＿□
00:44:39(80377f):field(80376f)
＿＿＿＿＿＿＿＿＿＿
＿＿＿＿＿＿＿＿＿＿
＿＿＿＿＿＿＿＿＿＿
＿＿＿＿＿＿＿＿＿＿
＿＿＿＿＿＿＿＿＿＿
＿＿＿＿＿＿＿＿＿＿
＿＿＿＿＿＿＿＿＿＿
＿＿＿＿＿＿＿＿＿＿
＿＿＿＿＿＿＿＿＿＿
＿＿＿＿＿＿＿＿＿＿
＿＿＿＿＿＿＿＿＿＿
＿＿＿＿◆＿＿＿＿＿
＿＿＿＿□◆＿＿＿＿
＿＿＿＿□□＿＿＿＿
＿＿◆◆□■＿＿＿◆
＿◆□□□◆◆＿＿□
◆□□□□□□■＿□
□□□□□□□■＿□
□□＿□□□□□□□
□□□□□□□□＿□
00:44:39(80393f):field(80392f)
＿＿＿＿＿＿＿＿＿＿
＿＿＿＿＿＿＿＿＿＿
＿＿＿＿＿＿＿＿＿＿
＿＿＿＿＿＿＿＿＿＿
＿＿＿＿＿＿＿＿＿＿
＿＿＿＿＿＿＿＿＿＿
＿＿＿＿＿＿＿＿＿＿
＿＿＿＿＿＿＿＿＿＿
＿＿＿＿＿＿＿＿＿＿
＿＿＿＿＿＿＿＿＿＿
＿＿＿＿＿＿＿＿＿＿
＿＿＿＿＿＿＿＿＿＿
＿＿＿＿□＿＿＿＿＿
＿＿■■□□＿＿＿＿
＿＿■■□□＿＿＿＿
＿＿□□□＿＿＿＿□
＿□□□□□□□＿□
□□□□□□□□＿□
□□＿□□□□□□□
□□□□□□□□＿□
00:44:40(80419f):field(80418f)
＿＿＿＿＿＿＿＿＿＿
＿＿＿＿＿＿＿＿＿＿
＿＿＿＿＿＿＿＿＿＿
＿＿＿＿＿＿＿＿＿＿
＿＿＿＿＿＿＿＿＿＿
＿＿＿＿＿＿＿＿＿＿
＿＿＿＿＿＿＿＿＿＿
＿＿＿＿＿＿＿＿＿＿
＿＿＿＿＿＿＿＿＿＿
＿＿＿＿＿＿＿＿＿＿
＿＿＿＿＿＿＿＿＿＿
＿＿＿＿＿＿＿＿＿＿
＿＿＿＿□＿＿＿＿＿
＿＿□□□□■＿＿＿
＿＿□□□□■＿＿＿
＿＿□□□■■＿＿□
＿□□□□□□□＿□
□□□□□□□□＿□
□□＿□□□□□□□
□□□□□□□□＿□
00:44:41(80432f):field(80431f)
＿＿＿＿＿＿＿＿＿＿
＿＿＿＿＿＿＿＿＿＿
＿＿＿＿＿＿＿＿＿＿
＿＿＿＿＿＿＿＿＿＿
＿＿＿＿＿＿＿＿＿＿
＿＿＿＿＿＿＿＿＿＿
＿＿＿＿＿＿＿＿＿＿
＿＿＿＿＿＿＿＿＿＿
＿＿＿＿＿＿＿＿＿＿
＿＿＿＿＿＿＿＿＿＿
＿＿＿＿＿＿＿＿＿＿
＿＿＿＿＿＿＿＿＿＿
＿＿＿＿□＿＿＿＿＿
＿＿□□□□□＿＿＿
＿■□□□□□＿＿＿
■■□□□□□＿＿□
■□□□□□□□＿□
□□□□□□□□＿□
□□＿□□□□□□□
□□□□□□□□＿□
00:44:41(80446f):field(80445f)
＿＿＿＿＿＿＿＿＿＿
＿＿＿＿＿＿＿＿＿＿
＿＿＿＿＿＿＿＿＿＿
＿＿＿＿＿＿＿＿＿＿
＿＿＿＿＿＿＿＿＿＿
＿＿＿＿＿＿＿＿＿＿
＿＿＿＿＿＿＿＿＿＿
＿＿＿＿＿＿＿＿＿＿
＿＿＿＿＿＿＿＿＿＿
＿＿＿＿＿＿＿＿＿＿
＿＿＿＿＿＿＿＿＿＿
＿＿＿■■＿＿＿＿＿
＿＿■■□＿＿＿＿＿
＿＿□□□□□＿＿＿
＿□□□□□□＿＿＿
□□□□□□□＿＿□
□□□□□□□□＿□
□□□□□□□□＿□
□□＿□□□□□□□
□□□□□□□□＿□
00:44:41(80457f):field(80456f)
＿＿＿＿＿＿＿＿＿＿
＿＿＿＿＿＿＿＿＿＿
＿＿＿＿＿＿＿＿＿＿
＿＿＿＿＿＿＿＿＿＿
＿＿＿＿＿＿＿＿＿＿
＿＿＿＿＿＿＿＿＿＿
＿＿＿＿＿＿＿＿＿＿
＿＿＿＿＿＿＿＿＿＿
＿＿＿＿＿＿＿＿＿＿
＿＿＿＿＿＿＿＿＿＿
＿＿＿＿＿＿＿＿＿＿
＿＿＿◆◆＿＿＿＿＿
＿＿◆◆◆＿＿＿＿＿
＿＿◆□□◆◆＿＿＿
＿◆□□□◆◆＿＿＿
◆◆□□□□□＿＿□
◆□□□□□□□■◆
□□□□□□□◆■□
□□＿□□□□□□□
□□□□□□□□＿□
00:44:42(80474f):field(80473f)
＿＿＿＿＿＿＿＿＿＿
＿＿＿＿＿＿＿＿＿＿
＿＿＿＿＿＿＿＿＿＿
＿＿＿＿＿＿＿＿＿＿
＿＿＿＿＿＿＿＿＿＿
＿＿＿＿＿＿＿＿＿＿
＿＿＿＿＿＿＿＿＿＿
＿＿＿＿＿＿＿＿＿＿
＿＿＿＿＿＿＿＿＿＿
＿＿＿＿＿＿＿＿＿＿
＿＿＿＿＿＿＿＿＿＿
＿＿＿＿＿＿＿＿＿＿
＿＿＿＿＿＿＿＿＿＿
＿＿＿□□■■＿＿＿
＿＿□□□■■＿＿＿
＿＿□□□□□＿＿◆
＿□□□□□□◆□＿
□□□□□□□＿□□
□□＿□□□□□□□
□□□□□□□□＿□
00:44:42(80489f):field(80488f)
＿＿＿＿＿＿＿＿＿＿
＿＿＿＿＿＿＿＿＿＿
＿＿＿＿＿＿＿＿＿＿
＿＿＿＿＿＿＿＿＿＿
＿＿＿＿＿＿＿＿＿＿
＿＿＿＿＿＿＿＿＿＿
＿＿＿＿＿＿＿＿＿＿
＿＿＿＿＿＿＿＿＿＿
＿＿＿＿＿＿＿＿＿＿
＿＿＿＿＿＿＿＿＿＿
＿＿＿＿＿＿＿＿＿＿
＿＿＿＿＿＿＿＿＿＿
＿＿＿＿＿＿＿＿＿＿
＿＿＿□□□□＿＿＿
■＿□□□□□＿＿＿
■■□□□□□＿＿＿
■□□□□□□＿□＿
□□□□□□□＿□□
□□＿□□□□□□□
□□□□□□□□＿□
00:44:43(80503f):field(80502f)
＿＿＿＿＿＿＿＿＿＿
＿＿＿＿＿＿＿＿＿＿
＿＿＿＿＿＿＿＿＿＿
＿＿＿＿＿＿＿＿＿＿
＿＿＿＿＿＿＿＿＿＿
＿＿＿＿＿＿＿＿＿＿
＿＿＿＿＿＿＿＿＿＿
＿＿＿＿＿＿＿＿＿＿
＿＿＿＿＿＿＿＿＿＿
＿＿＿＿＿＿＿＿＿＿
＿＿＿＿＿＿＿＿＿＿
＿＿＿＿＿＿＿＿＿＿
＿＿■＿＿＿＿＿＿＿
＿■■□□□□＿＿＿
□■□□□□□＿＿＿
□□□□□□□＿＿＿
□□□□□□□＿□＿
□□□□□□□＿□□
□□＿□□□□□□□
□□□□□□□□＿□
00:44:43(80516f):field(80515f)
＿＿＿＿＿＿＿＿＿＿
＿＿＿＿＿＿＿＿＿＿
＿＿＿＿＿＿＿＿＿＿
＿＿＿＿＿＿＿＿＿＿
＿＿＿＿＿＿＿＿＿＿
＿＿＿＿＿＿＿＿＿＿
＿＿＿＿＿＿＿＿＿＿
＿＿＿＿＿＿＿＿＿＿
＿＿＿＿＿＿＿＿＿＿
＿＿＿＿＿＿＿＿＿＿
＿＿＿＿＿＿＿＿＿＿
＿＿＿＿＿＿＿＿＿＿
＿＿◆＿＿＿＿＿＿＿
＿◆□◆◆◆◆＿＿＿
◆□□□□□□＿＿＿
□□□□□□□＿＿＿
□□□□□□□■□＿
□□□□□□□■□◆
□□＿□□□□□□□
□□□□□□□□■□
00:44:44(80530f):field(80529f)
＿＿＿＿＿＿＿＿＿＿
＿＿＿＿＿＿＿＿＿＿
＿＿＿＿＿＿＿＿＿＿
＿＿＿＿＿＿＿＿＿＿
＿＿＿＿＿＿＿＿＿＿
＿＿＿＿＿＿＿＿＿＿
＿＿＿＿＿＿＿＿＿＿
＿＿＿＿＿＿＿＿＿＿
＿＿＿＿＿＿＿＿＿＿
＿＿＿＿＿＿＿＿＿＿
＿＿＿＿＿＿＿＿＿＿
＿＿＿＿＿＿＿＿＿＿
＿＿＿＿■■＿＿＿＿
＿＿□■■＿＿＿＿＿
＿□□□□□□＿＿＿
□□□□□□□＿＿＿
□□□□□□□□□＿
□□□□□□□□□＿
□□＿□□□□□□□
□□□□□□□□◆□
00:44:44(80544f):field(80543f)
＿＿＿＿＿＿＿＿＿＿
＿＿＿＿＿＿＿＿＿＿
＿＿＿＿＿＿＿＿＿＿
＿＿＿＿＿＿＿＿＿＿
＿＿＿＿＿＿＿＿＿＿
＿＿＿＿＿＿＿＿＿＿
＿＿＿＿＿＿＿＿＿＿
＿＿＿＿＿＿＿＿＿＿
＿＿＿＿＿＿＿＿＿＿
＿＿＿＿＿＿＿＿＿＿
＿＿＿＿＿＿＿＿＿＿
＿＿＿■■■＿＿＿＿
＿＿＿■□□＿＿＿＿
＿＿□□□＿＿＿＿＿
＿□□□□□□＿＿＿
□□□□□□□＿＿＿
□□□□□□□□□＿
□□□□□□□□□＿
□□＿□□□□□□□
□□□□□□□□＿□
00:44:45(80560f):field(80559f)
＿＿＿＿＿＿＿＿＿＿
＿＿＿＿＿＿＿＿＿＿
＿＿＿＿＿＿＿＿＿＿
＿＿＿＿＿＿＿＿＿＿
＿＿＿＿＿＿＿＿＿＿
＿＿＿＿＿＿＿＿＿＿
＿＿＿＿＿＿＿＿＿＿
＿＿＿＿＿＿＿＿＿＿
＿＿＿＿＿＿＿＿＿＿
＿＿＿＿＿＿＿＿＿＿
＿＿＿＿＿＿＿＿＿＿
＿＿＿□□□＿＿＿＿
＿＿＿□□□＿＿＿＿
＿＿□□□＿＿＿＿＿
＿□□□□□□■■＿
□□□□□□□■■＿
□□□□□□□□□＿
□□□□□□□□□＿
□□＿□□□□□□□
□□□□□□□□＿□
00:44:45(80573f):field(80572f)
＿＿＿＿＿＿＿＿＿＿
＿＿＿＿＿＿＿＿＿＿
＿＿＿＿＿＿＿＿＿＿
＿＿＿＿＿＿＿＿＿＿
＿＿＿＿＿＿＿＿＿＿
＿＿＿＿＿＿＿＿＿＿
＿＿＿＿＿＿＿＿＿＿
＿＿＿＿＿＿＿＿＿＿
＿＿＿＿＿＿＿＿＿＿
＿＿＿＿＿＿＿＿＿＿
＿＿＿＿＿＿＿＿＿＿
＿＿＿□□□＿＿＿＿
■＿＿□□□＿＿＿＿
■■□□□＿＿＿＿＿
■□□□□□□□□＿
□□□□□□□□□＿
□□□□□□□□□＿
□□□□□□□□□＿
□□＿□□□□□□□
□□□□□□□□＿□
00:44:46(80593f):field(80592f)
＿＿＿＿＿＿＿＿＿＿
＿＿＿＿＿＿＿＿＿＿
＿＿＿＿＿＿＿＿＿＿
＿＿＿＿＿＿＿＿＿＿
＿＿＿＿＿＿＿＿＿＿
＿＿＿＿＿＿＿＿＿＿
＿＿＿＿＿＿＿＿＿＿
＿＿＿＿＿＿＿＿＿＿
＿＿＿＿＿＿＿＿＿＿
＿＿＿＿＿＿＿＿＿＿
＿＿＿＿＿＿＿＿＿＿
＿＿＿□□□■＿＿＿
□＿＿□□□■＿＿＿
□□□□□■■＿＿＿
□□□□□□□□□＿
□□□□□□□□□＿
□□□□□□□□□＿
□□□□□□□□□＿
□□＿□□□□□□□
□□□□□□□□＿□
00:44:46(80606f):field(80605f)
＿＿＿＿＿＿＿＿＿＿
＿＿＿＿＿＿＿＿＿＿
＿＿＿＿＿＿＿＿＿＿
＿＿＿＿＿＿＿＿＿＿
＿＿＿＿＿＿＿＿＿＿
＿＿＿＿＿＿＿＿＿＿
＿＿＿＿＿＿＿＿＿＿
＿＿＿＿＿＿＿＿＿＿
＿＿＿＿＿＿＿＿＿＿
＿＿＿＿＿＿＿＿＿＿
＿＿＿＿＿＿＿＿＿＿
＿＿＿◆◆◆◆＿＿＿
◆＿＿◆◆◆◆＿＿＿
◆◆◆◆◆◆◆＿＿■
□◆□◆◆□□□□＿
□◆◆□□□□□□■
□□□□□□□□◆＿
□□□□□□□□◆■
□□＿□□□□□□□
□□□□□□□□＿□
00:44:47(80620f):field(80619f)
＿＿＿＿＿＿＿＿＿＿
＿＿＿＿＿＿＿＿＿＿
＿＿＿＿＿＿＿＿＿＿
＿＿＿＿＿＿＿＿＿＿
＿＿＿＿＿＿＿＿＿＿
＿＿＿＿＿＿＿＿＿＿
＿＿＿＿＿＿＿＿＿＿
＿＿＿＿＿＿＿＿＿＿
＿＿＿＿＿＿＿＿＿＿
＿＿＿＿＿＿＿＿＿＿
＿＿＿＿＿＿＿＿＿＿
＿＿＿＿＿＿＿＿＿＿
＿＿＿＿＿＿＿＿＿＿
＿＿＿＿＿＿＿＿＿◆
◆＿◆＿＿◆◆◆◆＿
◆＿＿◆◆◆◆◆◆◆
◆◆◆□□□□□＿＿
□◆◆□□□□□＿□
□□＿□□□□□□□
□□□□□□□□＿□
00:44:47(80636f):field(80635f)
＿＿＿＿＿＿＿＿＿＿
＿＿＿＿＿＿＿＿＿＿
＿＿＿＿＿＿＿＿＿＿
＿＿＿＿＿＿＿＿＿＿
＿＿＿＿＿＿＿＿＿＿
＿＿＿＿＿＿＿＿＿＿
＿＿＿＿＿＿＿＿＿＿
＿＿＿＿＿＿＿＿＿＿
＿＿＿＿＿＿＿＿＿＿
＿＿＿＿＿＿＿＿＿＿
＿＿＿＿＿＿＿＿＿＿
＿＿＿＿＿＿＿＿＿＿
＿＿＿＿＿＿＿＿＿＿
＿＿＿＿＿＿＿＿＿＿
＿＿＿＿＿＿＿＿＿＿
＿＿＿＿＿＿＿＿＿■
＿＿＿□□□□◆■■
□＿＿□□□□◆■□
□□＿□□□□□□□
□□□□□□□□＿□
00:44:48(80649f):field(80648f)
＿＿＿＿＿＿＿＿＿＿
＿＿＿＿＿＿＿＿＿＿
＿＿＿＿＿＿＿＿＿＿
＿＿＿＿＿＿＿＿＿＿
＿＿＿＿＿＿＿＿＿＿
＿＿＿＿＿＿＿＿＿＿
＿＿＿＿＿＿＿＿＿＿
＿＿＿＿＿＿＿＿＿＿
＿＿＿＿＿＿＿＿＿＿
＿＿＿＿＿＿＿＿＿＿
＿＿＿＿＿＿＿＿＿＿
＿＿＿＿＿＿＿＿＿＿
＿＿＿＿＿＿＿＿＿＿
＿＿＿＿＿＿＿＿＿＿
＿＿＿＿＿＿＿＿＿＿
＿＿＿＿＿＿＿＿＿◆
＿＿＿◆◆◆◆＿◆□
◆■＿□□□□＿□□
□□■□□□□◆□□
□□□□□□□□＿□
00:44:48(80662f):field(80661f)
＿＿＿＿＿＿＿＿＿＿
＿＿＿＿＿＿＿＿＿＿
＿＿＿＿＿＿＿＿＿＿
＿＿＿＿＿＿＿＿＿＿
＿＿＿＿＿＿＿＿＿＿
＿＿＿＿＿＿＿＿＿＿
＿＿＿＿＿＿＿＿＿＿
＿＿＿＿＿＿＿＿＿＿
＿＿＿＿＿＿＿＿＿＿
＿＿＿＿＿＿＿＿＿＿
＿＿＿＿＿＿＿＿＿＿
＿＿＿＿＿＿＿＿＿＿
＿＿＿＿＿＿＿＿＿＿
＿＿＿＿＿＿＿＿＿＿
＿＿＿＿＿＿＿＿＿＿
＿＿＿＿■■＿＿＿＿
＿＿＿＿■■＿＿＿□
＿□＿□□□□＿□□
□□□□□□□＿□□
□□□□□□□□＿□
00:44:49(80678f):field(80677f)
＿＿＿＿＿＿＿＿＿＿
＿＿＿＿＿＿＿＿＿＿
＿＿＿＿＿＿＿＿＿＿
＿＿＿＿＿＿＿＿＿＿
＿＿＿＿＿＿＿＿＿＿
＿＿＿＿＿＿＿＿＿＿
＿＿＿＿＿＿＿＿＿＿
＿＿＿＿＿＿＿＿＿＿
＿＿＿＿＿＿＿＿＿＿
＿＿＿＿＿＿＿＿＿＿
＿＿＿＿＿＿＿＿＿＿
＿＿＿＿＿＿＿＿＿＿
＿＿＿＿＿＿＿＿＿＿
＿＿＿＿＿＿＿＿＿＿
＿＿＿＿＿＿＿＿＿＿
＿＿＿＿□□＿＿＿＿
＿■■■□□＿＿＿□
＿□■□□□□＿□□
□□□□□□□＿□□
□□□□□□□□＿□
00:44:49(80692f):field(80691f)
＿＿＿＿＿＿＿＿＿＿
＿＿＿＿＿＿＿＿＿＿
＿＿＿＿＿＿＿＿＿＿
＿＿＿＿＿＿＿＿＿＿
＿＿＿＿＿＿＿＿＿＿
＿＿＿＿＿＿＿＿＿＿
＿＿＿＿＿＿＿＿＿＿
＿＿＿＿＿＿＿＿＿＿
＿＿＿＿＿＿＿＿＿＿
＿＿＿＿＿＿＿＿＿＿
＿＿＿＿＿＿＿＿＿＿
＿＿＿＿＿＿＿＿＿＿
＿＿＿＿＿＿＿＿＿＿
＿＿＿＿＿＿＿＿＿＿
＿＿＿＿＿＿＿＿＿＿
■■＿＿□□＿＿＿＿
■□□□□□＿＿＿□
■□□□□□□＿□□
□□□□□□□＿□□
□□□□□□□□＿□
00:44:50(80705f):field(80704f)
＿＿＿＿＿＿＿＿＿＿
＿＿＿＿＿＿＿＿＿＿
＿＿＿＿＿＿＿＿＿＿
＿＿＿＿＿＿＿＿＿＿
＿＿＿＿＿＿＿＿＿＿
＿＿＿＿＿＿＿＿＿＿
＿＿＿＿＿＿＿＿＿＿
＿＿＿＿＿＿＿＿＿＿
＿＿＿＿＿＿＿＿＿＿
＿＿＿＿＿＿＿＿＿＿
＿＿＿＿＿＿＿＿＿＿
＿＿＿＿＿＿＿＿＿＿
＿＿＿＿＿＿＿＿＿＿
＿＿＿＿＿＿＿＿＿＿
＿＿＿＿＿＿＿＿＿＿
◆◆＿＿◆◆＿＿＿＿
◆◆◆◆◆◆＿＿＿◆
□□◆□□□□＿◆□
□□□□□□□■◆□
□□□□□□□□＿□
00:44:50(80718f):field(80717f)
＿＿＿＿＿＿＿＿＿＿
＿＿＿＿＿＿＿＿＿＿
＿＿＿＿＿＿＿＿＿＿
＿＿＿＿＿＿＿＿＿＿
＿＿＿＿＿＿＿＿＿＿
＿＿＿＿＿＿＿＿＿＿
＿＿＿＿＿＿＿＿＿＿
＿＿＿＿＿＿＿＿＿＿
＿＿＿＿＿＿＿＿＿＿
＿＿＿＿＿＿＿＿＿＿
＿＿＿＿＿＿＿＿＿＿
＿＿＿＿＿＿＿＿＿＿
＿＿＿＿＿＿＿＿＿＿
＿＿＿＿＿＿＿＿＿＿
＿＿＿＿＿＿＿＿＿＿
＿＿＿＿＿＿＿＿＿＿
＿＿＿＿＿＿＿＿＿＿
◆◆＿◆◆◆◆＿＿◆
□□□◆□◆◆◆■□
□□□◆□□◆□■◆
00:44:51(80731f):field(80730f)
＿＿＿＿＿＿＿＿＿＿
＿＿＿＿＿＿＿＿＿＿
＿＿＿＿＿＿＿＿＿＿
＿＿＿＿＿＿＿＿＿＿
＿＿＿＿＿＿＿＿＿＿
＿＿＿＿＿＿＿＿＿＿
＿＿＿＿＿＿＿＿＿＿
＿＿＿＿＿＿＿＿＿＿
＿＿＿＿＿＿＿＿＿＿
＿＿＿＿＿＿＿＿＿＿
＿＿＿＿＿＿＿＿＿＿
＿＿＿＿＿＿＿＿＿＿
＿＿＿＿＿＿＿＿＿＿
＿＿＿＿＿＿＿＿＿＿
＿＿＿＿＿＿＿＿＿＿
＿＿＿＿＿＿＿＿＿＿
＿＿＿＿＿＿＿＿＿＿
＿＿＿＿＿＿＿＿＿＿
◆◆◆＿◆＿■■□◆
□□◆＿□□■□□＿
00:44:51(80744f):field(80743f)
＿＿＿＿＿＿＿＿＿＿
＿＿＿＿＿＿＿＿＿＿
＿＿＿＿＿＿＿＿＿＿
＿＿＿＿＿＿＿＿＿＿
＿＿＿＿＿＿＿＿＿＿
＿＿＿＿＿＿＿＿＿＿
＿＿＿＿＿＿＿＿＿＿
＿＿＿＿＿＿＿＿＿＿
＿＿＿＿＿＿＿＿＿＿
＿＿＿＿＿＿＿＿＿＿
＿＿＿＿＿＿＿＿＿＿
＿＿＿＿＿＿＿＿＿＿
＿＿＿＿＿＿＿＿＿＿
＿＿＿＿＿＿＿＿＿＿
＿＿＿＿＿＿＿＿＿＿
＿＿＿＿＿＿＿＿＿＿
＿＿＿＿＿＿＿＿＿＿
＿＿＿＿＿＿＿＿＿＿
＿■■＿＿＿□□□＿
□□■■□□□□□＿
00:44:51(80756f):field(80755f)
＿＿＿＿＿＿＿＿＿＿
＿＿＿＿＿＿＿＿＿＿
＿＿＿＿＿＿＿＿＿＿
＿＿＿＿＿＿＿＿＿＿
＿＿＿＿＿＿＿＿＿＿
＿＿＿＿＿＿＿＿＿＿
＿＿＿＿＿＿＿＿＿＿
＿＿＿＿＿＿＿＿＿＿
＿＿＿＿＿＿＿＿＿＿
＿＿＿＿＿＿＿＿＿＿
＿＿＿＿＿＿＿＿＿＿
＿＿＿＿＿＿＿＿＿＿
＿＿＿＿＿＿＿＿＿＿
＿＿＿＿＿＿＿＿＿＿
＿＿＿＿＿＿＿＿＿＿
＿＿＿＿＿＿＿＿＿＿
＿＿＿＿＿＿＿＿＿＿
＿＿＿＿＿■■＿＿＿
＿□□＿■■□□□＿
□□□□□□□□□＿
00:44:52(80773f):field(80772f)
＿＿＿＿＿＿＿＿＿＿
＿＿＿＿＿＿＿＿＿＿
＿＿＿＿＿＿＿＿＿＿
＿＿＿＿＿＿＿＿＿＿
＿＿＿＿＿＿＿＿＿＿
＿＿＿＿＿＿＿＿＿＿
＿＿＿＿＿＿＿＿＿＿
＿＿＿＿＿＿＿＿＿＿
＿＿＿＿＿＿＿＿＿＿
＿＿＿＿＿＿＿＿＿＿
＿＿＿＿＿＿＿＿＿＿
＿＿＿＿＿＿＿＿＿＿
＿＿＿＿＿＿＿＿＿＿
＿＿＿＿＿＿＿＿＿＿
＿＿＿＿＿＿＿＿＿＿
＿＿＿＿＿＿＿＿＿＿
＿＿＿＿＿＿＿■■＿
＿＿＿＿＿□□■■＿
＿□□＿□□□□□＿
□□□□□□□□□＿
00:44:52(80785f):field(80784f)
＿＿＿＿＿＿＿＿＿＿
＿＿＿＿＿＿＿＿＿＿
＿＿＿＿＿＿＿＿＿＿
＿＿＿＿＿＿＿＿＿＿
＿＿＿＿＿＿＿＿＿＿
＿＿＿＿＿＿＿＿＿＿
＿＿＿＿＿＿＿＿＿＿
＿＿＿＿＿＿＿＿＿＿
＿＿＿＿＿＿＿＿＿＿
＿＿＿＿＿＿＿＿＿＿
＿＿＿＿＿＿＿＿＿＿
＿＿＿＿＿＿＿＿＿＿
＿＿＿＿＿＿＿＿＿＿
＿＿＿＿＿＿＿＿＿＿
＿＿＿＿＿＿＿＿＿＿
＿＿＿＿＿＿＿＿＿＿
＿＿＿＿■■■□□＿
＿＿＿＿■□□□□＿
＿□□＿□□□□□＿
□□□□□□□□□＿
00:44:53(80799f):field(80798f)
＿＿＿＿＿＿＿＿＿＿
＿＿＿＿＿＿＿＿＿＿
＿＿＿＿＿＿＿＿＿＿
＿＿＿＿＿＿＿＿＿＿
＿＿＿＿＿＿＿＿＿＿
＿＿＿＿＿＿＿＿＿＿
＿＿＿＿＿＿＿＿＿＿
＿＿＿＿＿＿＿＿＿＿
＿＿＿＿＿＿＿＿＿＿
＿＿＿＿＿＿＿＿＿＿
＿＿＿＿＿＿＿＿＿＿
＿＿＿＿＿＿＿＿＿＿
＿＿＿＿＿＿＿＿＿＿
＿＿＿＿＿＿＿＿＿＿
＿＿＿＿＿＿＿＿＿＿
＿＿＿■＿＿＿＿＿＿
＿＿＿■□□□□□＿
＿＿＿■□□□□□＿
＿□□■□□□□□＿
□□□□□□□□□＿
00:44:53(80812f):field(80811f)
＿＿＿＿＿＿＿＿＿＿
＿＿＿＿＿＿＿＿＿＿
＿＿＿＿＿＿＿＿＿＿
＿＿＿＿＿＿＿＿＿＿
＿＿＿＿＿＿＿＿＿＿
＿＿＿＿＿＿＿＿＿＿
＿＿＿＿＿＿＿＿＿＿
＿＿＿＿＿＿＿＿＿＿
＿＿＿＿＿＿＿＿＿＿
＿＿＿＿＿＿＿＿＿＿
＿＿＿＿＿＿＿＿＿＿
＿＿＿＿＿＿＿＿＿＿
＿＿＿＿＿＿＿＿＿＿
＿＿＿＿＿＿＿＿＿＿
＿＿＿＿＿■＿＿＿＿
＿＿＿□■■■＿＿＿
＿＿＿□□□□□□＿
＿＿＿□□□□□□＿
＿□□□□□□□□＿
□□□□□□□□□＿
00:44:54(80824f):field(80823f)
＿＿＿＿＿＿＿＿＿＿
＿＿＿＿＿＿＿＿＿＿
＿＿＿＿＿＿＿＿＿＿
＿＿＿＿＿＿＿＿＿＿
＿＿＿＿＿＿＿＿＿＿
＿＿＿＿＿＿＿＿＿＿
＿＿＿＿＿＿＿＿＿＿
＿＿＿＿＿＿＿＿＿＿
＿＿＿＿＿＿＿＿＿＿
＿＿＿＿＿＿＿＿＿＿
＿＿＿＿＿＿＿＿＿＿
＿＿＿＿＿＿＿＿＿＿
＿＿＿＿■＿＿＿＿＿
＿＿＿＿■＿＿＿＿＿
＿＿＿■■□＿＿＿＿
＿＿＿□□□□＿＿＿
＿＿＿□□□□□□＿
＿＿＿□□□□□□＿
＿□□□□□□□□＿
□□□□□□□□□＿
00:44:54(80840f):field(80839f)
＿＿＿＿＿＿＿＿＿＿
＿＿＿＿＿＿＿＿＿＿
＿＿＿＿＿＿＿＿＿＿
＿＿＿＿＿＿＿＿＿＿
＿＿＿＿＿＿＿＿＿＿
＿＿＿＿＿＿＿＿＿＿
＿＿＿＿＿＿＿＿＿＿
＿＿＿＿＿＿＿＿＿＿
＿＿＿＿＿＿＿＿＿＿
＿＿＿＿＿＿＿＿＿＿
＿＿＿＿＿＿＿＿＿＿
＿＿＿＿＿＿＿＿＿＿
＿＿＿＿□■＿＿＿＿
＿＿＿＿□■■＿＿＿
＿＿＿□□□■＿＿＿
＿＿＿□□□□＿＿＿
＿＿＿□□□□□□＿
＿＿＿□□□□□□＿
＿□□□□□□□□＿
□□□□□□□□□＿
00:44:55(80858f):field(80857f)
＿＿＿＿＿＿＿＿＿＿
＿＿＿＿＿＿＿＿＿＿
＿＿＿＿＿＿＿＿＿＿
＿＿＿＿＿＿＿＿＿＿
＿＿＿＿＿＿＿＿＿＿
＿＿＿＿＿＿＿＿＿＿
＿＿＿＿＿＿＿＿＿＿
＿＿＿＿＿＿＿＿＿＿
＿＿＿＿＿＿＿＿＿＿
＿＿＿＿＿＿＿＿＿＿
＿＿＿＿＿＿＿＿＿＿
＿＿＿＿＿＿＿＿＿＿
＿＿＿＿□□＿＿＿＿
＿＿＿＿□□□＿＿＿
＿＿＿□□□□■■＿
＿＿＿□□□□■■＿
＿＿＿□□□□□□＿
＿＿＿□□□□□□＿
＿□□□□□□□□＿
□□□□□□□□□＿
00:44:55(80869f):field(80868f)
＿＿＿＿＿＿＿＿＿＿
＿＿＿＿＿＿＿＿＿＿
＿＿＿＿＿＿＿＿＿＿
＿＿＿＿＿＿＿＿＿＿
＿＿＿＿＿＿＿＿＿＿
＿＿＿＿＿＿＿＿＿＿
＿＿＿＿＿＿＿＿＿＿
＿＿＿＿＿＿＿＿＿＿
＿＿＿＿＿＿＿＿＿＿
＿＿＿＿＿＿＿＿＿＿
＿＿＿＿＿＿＿＿＿＿
＿＿＿＿＿＿＿＿＿＿
＿＿＿＿□□＿＿＿＿
＿＿＿＿□□□＿＿＿
＿＿＿□□□□□□＿
＿＿＿□□□□□□＿
＿■＿□□□□□□＿
■■＿□□□□□□＿
■□□□□□□□□＿
□□□□□□□□□＿
00:44:56(80884f):field(80883f)
＿＿＿＿＿＿＿＿＿＿
＿＿＿＿＿＿＿＿＿＿
＿＿＿＿＿＿＿＿＿＿
＿＿＿＿＿＿＿＿＿＿
＿＿＿＿＿＿＿＿＿＿
＿＿＿＿＿＿＿＿＿＿
＿＿＿＿＿＿＿＿＿＿
＿＿＿＿＿＿＿＿＿＿
＿＿＿＿＿＿＿＿＿＿
＿＿＿＿＿＿＿＿＿＿
＿＿＿＿＿＿＿＿＿＿
＿＿＿＿＿＿＿＿＿＿
＿＿＿＿□□＿＿＿＿
＿＿＿＿□□□＿＿＿
■＿＿□□□□□□＿
■■＿□□□□□□＿
■□＿□□□□□□＿
□□＿□□□□□□＿
□□□□□□□□□＿
□□□□□□□□□＿
00:44:56(80897f):field(80896f)
＿＿＿＿＿＿＿＿＿＿
＿＿＿＿＿＿＿＿＿＿
＿＿＿＿＿＿＿＿＿＿
＿＿＿＿＿＿＿＿＿＿
＿＿＿＿＿＿＿＿＿＿
＿＿＿＿＿＿＿＿＿＿
＿＿＿＿＿＿＿＿＿＿
＿＿＿＿＿＿＿＿＿＿
＿＿＿＿＿＿＿＿＿＿
＿＿＿＿＿＿＿＿＿＿
＿＿＿＿＿＿＿＿＿＿
＿＿＿■■■＿＿＿＿
＿＿＿■□□＿＿＿＿
＿＿＿＿□□□＿＿＿
□＿＿□□□□□□＿
□□＿□□□□□□＿
□□＿□□□□□□＿
□□＿□□□□□□＿
□□□□□□□□□＿
□□□□□□□□□＿
00:44:57(80922f):field(80921f)
＿＿＿＿＿＿＿＿＿＿
＿＿＿＿＿＿＿＿＿＿
＿＿＿＿＿＿＿＿＿＿
＿＿＿＿＿＿＿＿＿＿
＿＿＿＿＿＿＿＿＿＿
＿＿＿＿＿＿＿＿＿＿
＿＿＿＿＿＿＿＿＿＿
＿＿＿＿＿＿＿＿＿＿
＿＿＿＿＿＿＿＿＿＿
＿＿＿＿＿＿＿＿＿＿
＿＿＿＿＿＿＿＿＿＿
＿＿＿□□□＿＿＿＿
＿＿＿□□□＿＿■＿
＿＿＿＿□□□＿■■
□＿＿□□□□□□■
□□＿□□□□□□＿
□□＿□□□□□□＿
□□＿□□□□□□＿
□□□□□□□□□＿
□□□□□□□□□＿
00:44:57(80934f):field(80933f)
＿＿＿＿＿＿＿＿＿＿
＿＿＿＿＿＿＿＿＿＿
＿＿＿＿＿＿＿＿＿＿
＿＿＿＿＿＿＿＿＿＿
＿＿＿＿＿＿＿＿＿＿
＿＿＿＿＿＿＿＿＿＿
＿＿＿＿＿＿＿＿＿＿
＿＿＿＿＿＿＿＿＿＿
＿＿＿＿＿＿＿＿＿＿
＿＿＿■■＿＿＿＿＿
＿＿＿■■＿＿＿＿＿
＿＿＿□□□＿＿＿＿
＿＿＿□□□＿＿□＿
＿＿＿＿□□□＿□□
□＿＿□□□□□□□
□□＿□□□□□□＿
□□＿□□□□□□＿
□□＿□□□□□□＿
□□□□□□□□□＿
□□□□□□□□□＿
00:44:58(80949f):field(80948f)
＿＿＿＿＿＿＿＿＿＿
＿＿＿＿＿＿＿＿＿＿
＿＿＿＿＿＿＿＿＿＿
＿＿＿＿＿＿＿＿＿＿
＿＿＿＿＿＿＿＿＿＿
＿＿＿＿＿＿＿＿＿＿
＿＿＿＿■＿＿＿＿＿
＿＿＿■■＿＿＿＿＿
＿＿＿■＿＿＿＿＿＿
＿＿＿□□＿＿＿＿＿
＿＿＿□□＿＿＿＿＿
＿＿＿□□□＿＿＿＿
＿＿＿□□□＿＿□＿
＿＿＿＿□□□＿□□
□＿＿□□□□□□□
□□＿□□□□□□＿
□□＿□□□□□□＿
□□＿□□□□□□＿
□□□□□□□□□＿
□□□□□□□□□＿
00:44:58(80967f):field(80966f)
＿＿＿＿＿＿＿＿＿＿
＿＿＿＿＿＿＿＿＿＿
＿＿＿＿＿＿＿＿＿＿
＿＿＿＿＿＿＿＿＿＿
＿＿＿＿＿＿＿＿＿＿
＿＿＿＿＿＿＿＿＿＿
＿＿＿＿□＿＿＿＿＿
＿＿＿□□＿＿＿＿＿
＿＿＿□＿＿＿＿＿＿
＿＿＿□□＿＿＿＿＿
＿＿＿□□＿＿■＿＿
＿＿＿□□□＿■＿＿
＿＿＿□□□■■□＿
＿＿＿＿□□□＿□□
□＿＿□□□□□□□
□□＿□□□□□□＿
□□＿□□□□□□＿
□□＿□□□□□□＿
□□□□□□□□□＿
□□□□□□□□□＿
00:44:59(80988f):field(80987f)
＿＿＿＿＿＿＿＿＿＿
＿＿＿＿＿＿＿＿＿＿
＿＿＿＿＿＿＿＿＿＿
＿＿＿＿＿＿＿＿＿＿
＿＿＿＿＿＿＿＿＿＿
＿＿＿＿＿＿＿＿＿＿
＿＿＿＿□＿＿＿＿＿
＿＿＿□□＿＿＿＿＿
＿＿＿□＿＿＿＿＿＿
＿＿＿□□■■＿＿＿
＿＿＿□□＿■□＿＿
＿＿＿□□□■□＿＿
＿＿＿□□□□□□＿
＿＿＿＿□□□＿□□
□＿＿□□□□□□□
□□＿□□□□□□＿
□□＿□□□□□□＿
□□＿□□□□□□＿
□□□□□□□□□＿
□□□□□□□□□＿
00:45:00(81005f):field(81004f)
＿＿＿＿＿＿＿＿＿＿
＿＿＿＿＿＿＿＿＿＿
＿＿＿＿＿＿＿＿＿＿
＿＿＿＿＿＿＿＿＿＿
＿＿＿＿＿＿＿＿＿＿
＿＿＿＿＿＿＿＿＿＿
＿＿＿＿□＿＿＿＿＿
＿＿＿□□＿＿＿＿＿
＿＿＿□＿＿＿＿＿＿
＿＿＿□□□□＿＿＿
＿＿＿□□＿□□＿■
＿＿＿□□□□□■■
＿＿＿□□□□□□■
＿＿＿＿□□□＿□□
□＿＿□□□□□□□
□□＿□□□□□□＿
□□＿□□□□□□＿
□□＿□□□□□□＿
□□□□□□□□□＿
□□□□□□□□□＿
00:45:00(81024f):field(81023f)
＿＿＿＿＿＿＿＿＿＿
＿＿＿＿＿＿＿＿＿＿
＿＿＿＿＿＿＿＿＿＿
＿＿＿＿＿＿＿＿＿＿
＿＿＿＿＿＿＿＿＿＿
＿＿＿＿＿＿＿＿＿＿
＿＿＿＿◆＿＿＿＿＿
＿＿＿◆□＿＿＿＿＿
＿＿＿□■＿＿＿＿＿
＿＿＿□◆◆◆＿＿＿
＿＿＿□□■□◆＿◆
＿＿＿□□◆□□◆□
＿＿＿□□□□□□□
＿＿＿■□□□■□□
◆■■□□□□◆□□
□□＿□□□□□□＿
□□＿□□□□□□＿
□□＿□□□□□□＿
□□□□□□□□□＿
□□□□□□□□□＿
00:45:01(81040f):field(81039f)
＿＿＿＿＿＿＿＿＿＿
＿＿＿＿＿＿＿＿＿＿
＿＿＿＿＿＿＿＿＿＿
＿＿＿＿＿＿＿＿＿＿
＿＿＿＿＿＿＿＿＿＿
＿＿＿＿＿＿＿＿＿＿
＿＿＿＿＿＿＿＿＿＿
＿＿＿＿□＿＿＿＿＿
＿＿＿□□＿＿＿＿＿
＿＿＿□＿＿＿＿＿＿
＿＿＿□□□□＿＿＿
■＿＿□□＿□□＿□
■＿＿□□□□□□□
■＿＿□□□□□□□
■□□◆□□□＿□□
□□＿□□□□□□＿
□□＿□□□□□□＿
□□＿□□□□□□＿
□□□□□□□□□＿
□□□□□□□□□＿
00:45:01(81053f):field(81052f)
＿＿＿＿＿＿＿＿＿＿
＿＿＿＿＿＿＿＿＿＿
＿＿＿＿＿＿＿＿＿＿
＿＿＿＿＿＿＿＿＿＿
＿＿＿＿＿＿＿＿＿＿
＿＿＿＿＿＿＿＿＿＿
＿＿＿＿＿＿＿＿＿＿
＿＿＿＿□＿＿＿＿＿
＿＿＿□□＿＿＿＿＿
＿＿＿□＿＿＿＿＿■
＿＿＿□□□□＿■■
□＿＿□□＿□□■□
□＿＿□□□□□□□
□＿＿□□□□□□□
□□□＿□□□＿□□
□□＿□□□□□□＿
□□＿□□□□□□＿
□□＿□□□□□□＿
□□□□□□□□□＿
□□□□□□□□□＿
00:45:02(81070f):field(81069f)
＿＿＿＿＿＿＿＿＿＿
＿＿＿＿＿＿＿＿＿＿
＿＿＿＿＿＿＿＿＿＿
＿＿＿＿＿＿＿＿＿＿
＿＿＿＿＿＿＿＿＿＿
＿＿＿＿＿＿＿＿＿＿
＿＿＿＿＿＿＿＿＿＿
＿＿＿＿□■＿＿＿＿
＿＿＿□□■＿＿＿＿
＿＿＿□■■＿＿＿□
＿＿＿□□□□＿□□
□＿＿□□＿□□□□
□＿＿□□□□□□□
□＿＿□□□□□□□
□□□＿□□□＿□□
□□＿□□□□□□＿
□□＿□□□□□□＿
□□＿□□□□□□＿
□□□□□□□□□＿
□□□□□□□□□＿
00:45:02(81083f):field(81082f)
＿＿＿＿＿＿＿＿＿＿
＿＿＿＿＿＿＿＿＿＿
＿＿＿＿＿＿＿＿＿＿
＿＿＿＿＿＿＿＿＿＿
＿＿＿＿＿＿＿＿＿＿
＿＿＿＿＿＿＿＿＿＿
＿＿＿＿＿＿＿＿＿＿
＿＿＿＿□□＿＿＿＿
＿＿＿□□□■＿＿＿
＿＿＿□□□■■＿□
＿＿＿□□□□■□□
□＿＿□□＿□□□□
□＿＿□□□□□□□
□＿＿□□□□□□□
□□□＿□□□＿□□
□□＿□□□□□□＿
□□＿□□□□□□＿
□□＿□□□□□□＿
□□□□□□□□□＿
□□□□□□□□□＿
00:45:03(81101f):field(81100f)
＿＿＿＿＿＿＿＿＿＿
＿＿＿＿＿＿＿＿＿＿
＿＿＿＿＿＿＿＿＿＿
＿＿＿＿＿＿＿＿＿＿
＿＿＿＿＿＿＿＿＿＿
＿＿＿＿＿＿＿＿＿＿
＿＿＿＿＿＿＿＿＿＿
＿＿＿＿□□＿＿＿＿
＿＿＿□□□□■■■
＿＿＿□□□□□■□
＿＿＿□□□□□□□
□＿＿□□＿□□□□
□＿＿□□□□□□□
□＿＿□□□□□□□
□□□＿□□□＿□□
□□＿□□□□□□＿
□□＿□□□□□□＿
□□＿□□□□□□＿
□□□□□□□□□＿
□□□□□□□□□＿
00:45:03(81116f):field(81115f)
＿＿＿＿＿＿＿＿＿＿
＿＿＿＿＿＿＿＿＿＿
＿＿＿＿＿＿＿＿＿＿
＿＿＿＿＿＿＿＿＿＿
＿＿＿＿＿＿＿＿＿＿
＿＿＿＿＿＿＿＿＿＿
＿＿＿＿＿＿＿＿＿＿
＿＿＿＿□□＿＿＿＿
＿＿＿□□□□□□□
＿＿＿□□□□□□□
＿＿■□□□□□□□
□＿■□□＿□□□□
□＿■□□□□□□□
□＿■□□□□□□□
□□□＿□□□＿□□
□□＿□□□□□□＿
□□＿□□□□□□＿
□□＿□□□□□□＿
□□□□□□□□□＿
□□□□□□□□□＿
00:45:04(81128f):field(81127f)
＿＿＿＿＿＿＿＿＿＿
＿＿＿＿＿＿＿＿＿＿
＿＿＿＿＿＿＿＿＿＿
＿＿＿＿＿＿＿＿＿＿
＿＿＿＿＿＿＿＿＿＿
＿＿＿＿＿＿＿＿＿＿
＿＿＿＿＿＿＿＿＿＿
＿＿＿＿◆◆＿＿＿＿
＿＿＿◆◆◆◆◆◆◆
＿■＿◆□□◆□◆◆
＿＿◆□□□□□□□
□＿◆□□■□□□□
□■□□□□□□□□
□＿□□□□□□□□
□□□■□□□＿□□
□□＿□□□□□□＿
□□＿□□□□□□＿
□□＿□□□□□□＿
□□□□□□□□□＿
□□□□□□□□□＿
00:45:04(81144f):field(81143f)
＿＿＿＿＿＿＿＿＿＿
＿＿＿＿＿＿＿＿＿＿
＿＿＿＿＿＿＿＿＿＿
＿＿＿＿＿＿＿＿＿＿
＿＿＿＿＿＿＿＿＿＿
＿＿＿＿＿＿＿＿＿＿
＿＿＿＿＿＿＿＿＿＿
＿＿＿＿＿＿＿＿＿＿
＿＿＿＿＿＿＿＿＿＿
＿◆＿＿□□＿◆＿＿
＿■■□□□□□□□
◆■■□□□□□□□
□□□□□◆□□□□
□＿□□□□□□□□
□□□◆□□□＿□□
□□＿□□□□□□＿
□□＿□□□□□□＿
□□＿□□□□□□＿
□□□□□□□□□＿
□□□□□□□□□＿
00:45:05(81159f):field(81158f)
＿＿＿＿＿＿＿＿＿＿
＿＿＿＿＿＿＿＿＿＿
＿＿＿＿＿＿＿＿＿＿
＿＿＿＿＿＿＿＿＿＿
＿＿＿＿＿＿＿＿＿＿
＿＿＿＿＿＿＿＿＿＿
＿＿＿＿＿＿＿＿＿＿
＿＿＿＿＿＿＿＿＿＿
＿＿＿＿＿■■＿＿＿
＿＿＿＿□□■■＿＿
＿□□□□□□□□□
＿□□□□□□□□□
□□□□□＿□□□□
□＿□□□□□□□□
□□□＿□□□＿□□
□□＿□□□□□□＿
□□＿□□□□□□＿
□□＿□□□□□□＿
□□□□□□□□□＿
□□□□□□□□□＿
00:45:05(81172f):field(81171f)
＿＿＿＿＿＿＿＿＿＿
＿＿＿＿＿＿＿＿＿＿
＿＿＿＿＿＿＿＿＿＿
＿＿＿＿＿＿＿＿＿＿
＿＿＿＿＿＿＿＿＿＿
＿＿＿＿＿＿＿＿＿＿
＿＿＿＿＿＿＿＿＿＿
＿＿＿■＿＿＿＿＿＿
＿＿＿■■□□＿＿＿
＿＿＿■□□□□＿＿
＿□□□□□□□□□
＿□□□□□□□□□
□□□□□＿□□□□
□＿□□□□□□□□
□□□＿□□□＿□□
□□＿□□□□□□＿
□□＿□□□□□□＿
□□＿□□□□□□＿
□□□□□□□□□＿
□□□□□□□□□＿
00:45:06(81186f):field(81185f)
＿＿＿＿＿＿＿＿＿＿
＿＿＿＿＿＿＿＿＿＿
＿＿＿＿＿＿＿＿＿＿
＿＿＿＿＿＿＿＿＿＿
＿＿＿＿＿＿＿＿＿＿
＿＿＿■＿＿＿＿＿＿
＿＿＿■■＿＿＿＿＿
＿＿＿□■＿＿＿＿＿
＿＿＿□□□□＿＿＿
＿＿＿□□□□□＿＿
＿□□□□□□□□□
＿□□□□□□□□□
□□□□□＿□□□□
□＿□□□□□□□□
□□□＿□□□＿□□
□□＿□□□□□□＿
□□＿□□□□□□＿
□□＿□□□□□□＿
□□□□□□□□□＿
□□□□□□□□□＿
00:45:06(81197f):field(81196f)
＿＿＿＿＿＿＿＿＿＿
＿＿＿＿＿＿＿＿＿＿
＿＿＿＿＿＿＿＿＿＿
＿＿＿＿＿＿＿＿＿＿
＿＿＿＿＿＿＿＿＿＿
＿＿＿□■■＿＿＿＿
＿＿＿□□■＿＿＿＿
＿＿＿□□■＿＿＿＿
＿＿＿□□□□＿＿＿
＿＿＿□□□□□＿＿
＿□□□□□□□□□
＿□□□□□□□□□
□□□□□＿□□□□
□＿□□□□□□□□
□□□＿□□□＿□□
□□＿□□□□□□＿
□□＿□□□□□□＿
□□＿□□□□□□＿
□□□□□□□□□＿
□□□□□□□□□＿
00:45:07(81212f):field(81211f)
＿＿＿＿＿＿＿＿＿＿
＿＿＿＿＿＿＿＿＿＿
＿＿＿＿＿＿＿＿＿＿
＿＿＿＿＿＿＿＿＿＿
＿＿＿＿＿＿＿＿＿＿
＿＿＿◆◆◆＿＿＿＿
＿＿＿◆◆◆＿＿＿＿
＿＿＿□□□＿＿＿＿
＿＿＿□□□◆＿＿＿
＿＿＿□□□◆◆＿＿
■◆◆□□□□◆◆◆
■□□□□□□□◆□
□□□□□■□□□□
□＿□□□□□□□□
□□□＿□□□＿□□
□□＿□□□□□□＿
□□＿□□□□□□＿
□□＿□□□□□□＿
□□□□□□□□□＿
□□□□□□□□□＿
00:45:07(81225f):field(81224f)
＿＿＿＿＿＿＿＿＿＿
＿＿＿＿＿＿＿＿＿＿
＿＿＿＿＿＿＿＿＿＿
＿＿＿＿＿＿＿＿＿＿
＿＿＿＿＿＿＿＿＿＿
＿＿＿＿＿＿＿＿＿＿
＿＿＿＿＿＿＿＿＿＿
＿＿＿□□□＿＿＿＿
＿＿＿□□□＿＿＿＿
＿＿■□□□＿＿＿＿
□＿■□□□□＿＿＿
□□□□□□□□＿◆
□□□□□◆□□□□
□＿□□□□□□□□
□□□＿□□□＿□□
□□＿□□□□□□＿
□□＿□□□□□□＿
□□＿□□□□□□＿
□□□□□□□□□＿
□□□□□□□□□＿
00:45:07(81238f):field(81237f)
＿＿＿＿＿＿＿＿＿＿
＿＿＿＿＿＿＿＿＿＿
＿＿＿＿＿＿＿＿＿＿
＿＿＿＿＿＿＿＿＿＿
＿＿＿＿＿＿＿＿＿＿
＿＿＿＿＿＿＿＿＿＿
＿＿＿＿＿＿＿＿＿＿
＿＿＿◆◆◆＿＿＿＿
＿＿＿□□□＿＿＿＿
＿＿◆□□□＿＿＿＿
◆＿□□□□◆＿＿＿
□◆□□□□□◆■■
□□□□□＿□□□□
□＿□□□□□□□□
□□□＿□□□＿□□
□□＿□□□□□□＿
□□＿□□□□□□＿
□□＿□□□□□□＿
□□□□□□□□□＿
□□□□□□□□□＿
00:45:08(81252f):field(81251f)
＿＿＿＿＿＿＿＿＿＿
＿＿＿＿＿＿＿＿＿＿
＿＿＿＿＿＿＿＿＿＿
＿＿＿＿＿＿＿＿＿＿
＿＿＿＿＿＿＿＿＿＿
＿＿＿＿＿＿＿＿＿＿
＿＿＿＿＿＿＿＿＿＿
＿＿＿＿＿＿＿＿＿＿
＿＿＿□□□＿＿＿＿
＿＿＿□□□＿＿■＿
＿＿□□□□＿■■＿
□＿□□□□□■□□
□□□□□＿□□□□
□＿□□□□□□□□
□□□＿□□□＿□□
□□＿□□□□□□＿
□□＿□□□□□□＿
□□＿□□□□□□＿
□□□□□□□□□＿
□□□□□□□□□＿
00:45:08(81266f):field(81265f)
＿＿＿＿＿＿＿＿＿＿
＿＿＿＿＿＿＿＿＿＿
＿＿＿＿＿＿＿＿＿＿
＿＿＿＿＿＿＿＿＿＿
＿＿＿＿＿＿＿＿＿＿
＿＿＿＿＿＿＿＿＿＿
＿＿＿■＿＿＿＿＿＿
＿＿＿■■■＿＿＿＿
＿＿＿□□□＿＿＿＿
＿＿＿□□□＿＿□＿
＿＿□□□□＿□□＿
□＿□□□□□□□□
□□□□□＿□□□□
□＿□□□□□□□□
□□□＿□□□＿□□
□□＿□□□□□□＿
□□＿□□□□□□＿
□□＿□□□□□□＿
□□□□□□□□□＿
□□□□□□□□□＿
00:45:09(81280f):field(81279f)
＿＿＿＿＿＿＿＿＿＿
＿＿＿＿＿＿＿＿＿＿
＿＿＿＿＿＿＿＿＿＿
＿＿＿＿＿＿＿＿＿＿
＿＿＿＿＿＿＿＿＿＿
＿＿＿＿＿＿＿＿＿＿
＿＿＿◆＿＿＿＿＿＿
＿＿＿□◆◆＿＿＿＿
＿＿＿□□□＿＿＿＿
＿＿＿□□□＿＿◆＿
■＿◆□□□＿◆□＿
□■□□□□□□□□
□□□□□＿□□□□
□＿□□□□□□□□
□□□＿□□□＿□□
□□＿□□□□□□＿
□□＿□□□□□□＿
□□＿□□□□□□＿
□□□□□□□□□＿
□□□□□□□□□＿
00:45:10(81300f):field(81299f)
＿＿＿＿＿＿＿＿＿＿
＿＿＿＿＿＿＿＿＿＿
＿＿＿＿＿＿＿＿＿＿
＿＿＿＿＿＿＿＿＿＿
＿＿＿＿＿＿＿＿＿＿
＿＿＿＿＿＿＿＿＿＿
＿＿＿＿＿＿＿＿＿＿
＿＿＿□＿＿＿＿＿＿
＿＿＿□□□＿＿＿＿
＿＿＿□□□＿＿■■
□＿＿□□□＿＿□■
□□□□□□◆□□□
□□□□□＿□□□□
□＿□□□□□□□□
□□□＿□□□＿□□
□□＿□□□□□□＿
□□＿□□□□□□＿
□□＿□□□□□□＿
□□□□□□□□□＿
□□□□□□□□□＿
00:45:10(81312f):field(81311f)
＿＿＿＿＿＿＿＿＿＿
＿＿＿＿＿＿＿＿＿＿
＿＿＿＿＿＿＿＿＿＿
＿＿＿＿＿＿＿＿＿＿
＿＿＿＿＿＿＿＿＿＿
＿＿＿＿＿＿＿＿＿＿
＿＿＿＿＿＿＿＿＿＿
＿＿＿◆＿＿＿＿＿＿
＿＿＿□◆◆＿＿＿＿
＿＿＿□□□■＿◆◆
◆＿■□□□■＿□□
□◆◆□□□■◆□□
□□□□□＿□□□□
□■□□□□□□□□
□□□＿□□□＿□□
□□＿□□□□□□＿
□□＿□□□□□□＿
□□＿□□□□□□＿
□□□□□□□□□＿
□□□□□□□□□＿
00:45:10(81326f):field(81325f)
＿＿＿＿＿＿＿＿＿＿
＿＿＿＿＿＿＿＿＿＿
＿＿＿＿＿＿＿＿＿＿
＿＿＿＿＿＿＿＿＿＿
＿＿＿＿＿＿＿＿＿＿
＿＿＿＿＿＿＿＿＿＿
＿＿＿＿＿＿＿＿＿＿
＿＿＿＿＿■＿＿＿＿
＿＿＿□■■■＿＿＿
＿＿＿□□□□＿＿＿
＿＿◆□□□□＿□□
□＿＿□□□□＿□□
□□□□□＿□□□□
□◆□□□□□□□□
□□□＿□□□＿□□
□□＿□□□□□□＿
□□＿□□□□□□＿
□□＿□□□□□□＿
□□□□□□□□□＿
□□□□□□□□□＿
00:45:11(81342f):field(81341f)
＿＿＿＿＿＿＿＿＿＿
＿＿＿＿＿＿＿＿＿＿
＿＿＿＿＿＿＿＿＿＿
＿＿＿＿＿＿＿＿＿＿
＿＿＿＿＿＿＿＿＿＿
＿＿＿＿＿＿＿＿＿＿
＿＿＿＿＿＿＿＿＿＿
＿＿＿＿＿□＿＿＿＿
＿＿＿□□□□＿＿＿
＿＿＿□□□□■■＿
＿＿＿□□□□■□□
□＿＿□□□□■□□
□□□□□＿□□□□
□＿□□□□□□□□
□□□＿□□□＿□□
□□＿□□□□□□＿
□□＿□□□□□□＿
□□＿□□□□□□＿
□□□□□□□□□＿
□□□□□□□□□＿
00:45:11(81355f):field(81354f)
＿＿＿＿＿＿＿＿＿＿
＿＿＿＿＿＿＿＿＿＿
＿＿＿＿＿＿＿＿＿＿
＿＿＿＿＿＿＿＿＿＿
＿＿＿＿＿＿＿＿＿＿
＿＿＿＿＿＿＿＿＿＿
＿＿＿＿＿＿＿＿＿＿
＿＿＿＿＿◆＿＿＿＿
＿＿＿◆◆□◆＿＿＿
＿＿＿□□□□◆◆＿
＿■＿□□□□□□◆
□■■□□□□□□□
□□□□□＿□□□□
□＿□□□□□□□□
□□□＿□□□＿□□
□□＿□□□□□□＿
□□＿□□□□□□＿
□□＿□□□□□□＿
□□□□□□□□□＿
□□□□□□□□□＿
00:45:12(81370f):field(81369f)
＿＿＿＿＿＿＿＿＿＿
＿＿＿＿＿＿＿＿＿＿
＿＿＿＿＿＿＿＿＿＿
＿＿＿＿＿＿＿＿＿＿
＿＿＿＿＿＿＿＿＿＿
＿＿＿＿＿＿＿＿＿＿
＿＿＿＿＿＿＿＿＿＿
＿＿＿＿＿＿＿＿＿＿
■＿＿＿＿□＿＿＿＿
■＿＿□□□□＿＿＿
■□＿□□□□□□＿
□□◆□□□□□□□
□□□□□＿□□□□
□＿□□□□□□□□
□□□＿□□□＿□□
□□＿□□□□□□＿
□□＿□□□□□□＿
□□＿□□□□□□＿
□□□□□□□□□＿
□□□□□□□□□＿
00:45:12(81385f):field(81384f)
＿＿＿＿＿＿＿＿＿＿
＿＿＿＿＿＿＿＿＿＿
＿＿＿＿＿＿＿＿＿＿
＿＿＿＿＿＿＿＿＿＿
＿＿＿＿＿＿＿＿＿＿
＿＿＿＿＿＿＿＿＿＿
＿＿＿＿＿＿＿＿＿＿
＿＿＿＿＿＿＿＿＿＿
□＿＿＿＿□＿＿＿＿
□＿＿□□□□■■■
□□＿□□□□□□■
□□＿□□□□□□□
□□□□□＿□□□□
□＿□□□□□□□□
□□□＿□□□＿□□
□□＿□□□□□□＿
□□＿□□□□□□＿
□□＿□□□□□□＿
□□□□□□□□□＿
□□□□□□□□□＿
00:45:13(81397f):field(81396f)
＿＿＿＿＿＿＿＿＿＿
＿＿＿＿＿＿＿＿＿＿
＿＿＿＿＿＿＿＿＿＿
＿＿＿＿＿＿＿＿＿＿
＿＿＿＿＿＿＿＿＿＿
＿＿＿＿＿＿＿＿＿＿
＿＿＿＿＿＿＿＿＿＿
＿＿＿＿＿＿＿＿＿＿
◆＿＿＿＿◆＿＿＿＿
◆■＿◆◆□◆□◆◆
□□■◆□□□◆□◆
□◆■□□□□□□□
□□□□□＿□□□□
□＿□□□□□□□□
□□□＿□□□＿□□
□□＿□□□□□□＿
□□＿□□□□□□＿
□□＿□□□□□□＿
□□□□□□□□□＿
□□□□□□□□□＿
00:45:13(81411f):field(81410f)
＿＿＿＿＿＿＿＿＿＿
＿＿＿＿＿＿＿＿＿＿
＿＿＿＿＿＿＿＿＿＿
＿＿＿＿＿＿＿＿＿＿
＿＿＿＿＿＿＿＿＿＿
＿＿＿＿＿＿＿＿＿＿
＿＿＿＿＿＿＿＿＿＿
＿＿＿＿＿＿＿＿＿＿
＿＿＿■＿＿＿＿＿＿
＿◆■■＿◆＿◆＿＿
□◆□■◆□◆＿◆＿
□＿□□□□□□□□
□□□□□＿□□□□
□＿□□□□□□□□
□□□＿□□□＿□□
□□＿□□□□□□＿
□□＿□□□□□□＿
□□＿□□□□□□＿
□□□□□□□□□＿
□□□□□□□□□＿
00:45:14(81423f):field(81422f)
＿＿＿＿＿＿＿＿＿＿
＿＿＿＿＿＿＿＿＿＿
＿＿＿＿＿＿＿＿＿＿
＿＿＿＿＿＿＿＿＿＿
＿＿＿＿＿＿＿＿＿＿
＿＿＿＿＿＿＿＿＿＿
＿＿＿＿＿＿＿＿＿＿
＿＿＿＿＿＿＿＿＿＿
＿＿＿□＿＿＿＿＿＿
＿＿□□＿＿＿＿■■
□＿□□＿□＿＿■■
□＿□□□□□□□□
□□□□□＿□□□□
□＿□□□□□□□□
□□□＿□□□＿□□
□□＿□□□□□□＿
□□＿□□□□□□＿
□□＿□□□□□□＿
□□□□□□□□□＿
□□□□□□□□□＿
00:45:14(81448f):field(81447f)
＿＿＿＿＿＿＿＿＿＿
＿＿＿＿＿＿＿＿＿＿
＿＿＿＿＿＿＿＿＿＿
＿＿＿＿＿＿＿＿＿＿
＿＿＿＿＿＿＿＿＿＿
＿＿＿＿＿＿＿＿＿＿
＿＿＿＿＿＿＿＿＿＿
＿＿＿＿＿＿＿＿＿＿
＿＿＿□＿■＿＿＿＿
＿＿□□＿■■＿□□
□＿□□＿□■＿□□
□＿□□□□□□□□
□□□□□＿□□□□
□＿□□□□□□□□
□□□＿□□□＿□□
□□＿□□□□□□＿
□□＿□□□□□□＿
□□＿□□□□□□＿
□□□□□□□□□＿
□□□□□□□□□＿
00:45:15(81464f):field(81463f)
＿＿＿＿＿＿＿＿＿＿
＿＿＿＿＿＿＿＿＿＿
＿＿＿＿＿＿＿＿＿＿
＿＿＿＿＿＿＿＿＿＿
＿＿＿＿＿＿＿＿＿＿
＿＿＿＿＿＿＿＿＿＿
＿＿＿■＿＿＿＿＿＿
＿＿■■＿＿＿＿＿＿
＿＿■□＿□＿＿＿＿
＿＿□□＿□□＿□□
□＿□□＿□□＿□□
□＿□□□□□□□□
□□□□□＿□□□□
□＿□□□□□□□□
□□□＿□□□＿□□
□□＿□□□□□□＿
□□＿□□□□□□＿
□□＿□□□□□□＿
□□□□□□□□□＿
□□□□□□□□□＿
00:45:16(81483f):field(81482f)
＿＿＿＿＿＿＿＿＿＿
＿＿＿＿＿＿＿＿＿＿
＿＿＿＿＿＿＿＿＿＿
＿＿＿＿＿＿＿＿＿＿
＿＿＿＿＿＿＿＿＿＿
＿＿＿＿＿＿＿＿＿＿
＿＿＿□＿＿＿＿＿＿
＿＿□□＿＿＿＿＿＿
＿＿□□＿□＿■■＿
＿＿□□＿□□■□□
□＿□□＿□□■□□
□＿□□□□□□□□
□□□□□＿□□□□
□＿□□□□□□□□
□□□＿□□□＿□□
□□＿□□□□□□＿
□□＿□□□□□□＿
□□＿□□□□□□＿
□□□□□□□□□＿
□□□□□□□□□＿
00:45:16(81501f):field(81500f)
＿＿＿＿＿＿＿＿＿＿
＿＿＿＿＿＿＿＿＿＿
＿＿＿＿＿＿＿＿＿＿
＿＿＿＿＿＿＿＿＿＿
＿＿＿＿＿＿＿＿＿＿
＿＿＿＿＿＿＿＿＿＿
＿＿＿□＿＿■＿＿＿
＿＿□□＿＿■■＿＿
＿＿□□＿□■□□＿
＿＿□□＿□□□□□
□＿□□＿□□□□□
□＿□□□□□□□□
□□□□□＿□□□□
□＿□□□□□□□□
□□□＿□□□＿□□
□□＿□□□□□□＿
□□＿□□□□□□＿
□□＿□□□□□□＿
□□□□□□□□□＿
□□□□□□□□□＿
00:45:17(81517f):field(81516f)
＿＿＿＿＿＿＿＿＿＿
＿＿＿＿＿＿＿＿＿＿
＿＿＿＿＿＿＿＿＿＿
＿＿＿＿＿＿＿＿＿＿
＿＿＿＿＿＿＿＿＿＿
＿＿＿＿＿＿＿＿＿＿
＿＿＿□＿＿□＿＿＿
＿＿□□■＿□□＿＿
＿＿□□■□□□□＿
＿＿□□■□□□□□
□＿□□■□□□□□
□＿□□□□□□□□
□□□□□＿□□□□
□＿□□□□□□□□
□□□＿□□□＿□□
□□＿□□□□□□＿
□□＿□□□□□□＿
□□＿□□□□□□＿
□□□□□□□□□＿
□□□□□□□□□＿
00:45:17(81531f):field(81530f)
＿＿＿＿＿＿＿＿＿＿
＿＿＿＿＿＿＿＿＿＿
＿＿＿＿＿＿＿＿＿＿
＿＿＿＿＿＿＿＿＿＿
＿＿＿＿＿＿＿＿＿＿
＿＿＿＿■■＿＿＿＿
＿＿＿□■■□＿＿＿
＿＿□□□＿□□＿＿
＿＿□□□□□□□＿
＿＿□□□□□□□□
□＿□□□□□□□□
□＿□□□□□□□□
□□□□□＿□□□□
□＿□□□□□□□□
□□□＿□□□＿□□
□□＿□□□□□□＿
□□＿□□□□□□＿
□□＿□□□□□□＿
□□□□□□□□□＿
□□□□□□□□□＿
00:45:18(81545f):field(81544f)
＿＿＿＿＿＿＿＿＿＿
＿＿＿＿＿＿＿＿＿＿
＿＿＿＿＿＿＿＿＿＿
＿＿＿＿＿＿＿＿＿＿
＿＿＿＿＿＿＿＿＿＿
＿＿＿＿◆◆＿＿＿＿
＿＿＿◆◆◆◆＿＿＿
＿＿◆◆◆＿◆◆＿＿
■＿◆◆□□□◆□＿
＿■◆□□□□◆◆□
□＿□□□◆□□◆◆
◆＿□□□□□□□◆
□□□□□＿□□□□
□■□□□□□□□□
□□□＿□□□＿□□
□□＿□□□□□□＿
□□＿□□□□□□＿
□□＿□□□□□□＿
□□□□□□□□□＿
□□□□□□□□□＿
00:45:18(81558f):field(81557f)
＿＿＿＿＿＿＿＿＿＿
＿＿＿＿＿＿＿＿＿＿
＿＿＿＿＿＿＿＿＿＿
＿＿＿＿＿＿＿＿＿＿
＿＿＿＿＿＿＿＿＿＿
＿＿＿＿＿＿＿＿＿＿
＿＿＿＿＿＿＿＿＿＿
＿＿＿＿＿＿＿＿＿＿
◆＿＿＿□□◆＿◆＿
＿◆＿□□□□＿■◆
◆＿□□□＿□□■■
＿＿□□□□□□□■
□□□□□＿□□□□
□◆□□□□□□□□
□□□＿□□□＿□□
□□＿□□□□□□＿
□□＿□□□□□□＿
□□＿□□□□□□＿
□□□□□□□□□＿
□□□□□□□□□＿
00:45:19(81572f):field(81571f)
＿＿＿＿＿＿＿＿＿＿
＿＿＿＿＿＿＿＿＿＿
＿＿＿＿＿＿＿＿＿＿
＿＿＿＿＿＿＿＿＿＿
＿＿＿＿＿＿＿＿＿＿
＿＿＿＿＿＿＿＿＿＿
＿＿＿＿■＿＿＿＿＿
＿＿＿■■＿＿＿＿＿
＿＿＿■□□＿＿＿＿
＿＿＿□□□□＿□＿
＿＿□□□＿□□□□
＿＿□□□□□□□□
□□□□□＿□□□□
□＿□□□□□□□□
□□□＿□□□＿□□
□□＿□□□□□□＿
□□＿□□□□□□＿
□□＿□□□□□□＿
□□□□□□□□□＿
□□□□□□□□□＿
00:45:19(81591f):field(81590f)
＿＿＿＿＿＿＿＿＿＿
＿＿＿＿＿＿＿＿＿＿
＿＿＿＿＿＿＿＿＿＿
＿＿＿＿＿＿＿＿＿＿
＿＿＿＿＿＿＿＿＿＿
＿＿＿＿＿＿＿＿＿＿
＿＿＿＿□＿＿＿＿＿
＿＿＿□□＿＿＿＿＿
＿＿＿□□□＿＿＿＿
＿■■□□□□＿□＿
＿■□□□＿□□□□
＿■□□□□□□□□
□□□□□＿□□□□
□＿□□□□□□□□
□□□＿□□□＿□□
□□＿□□□□□□＿
□□＿□□□□□□＿
□□＿□□□□□□＿
□□□□□□□□□＿
□□□□□□□□□＿
00:45:20(81613f):field(81612f)
＿＿＿＿＿＿＿＿＿＿
＿＿＿＿＿＿＿＿＿＿
＿＿＿＿＿＿＿＿＿＿
＿＿＿＿＿＿＿＿＿＿
＿＿＿＿＿＿＿＿＿＿
＿＿＿＿＿＿＿＿＿＿
＿＿＿＿□＿＿＿＿＿
＿＿＿□□＿＿＿■■
＿＿＿□□□＿＿■■
＿□□□□□□＿□＿
＿□□□□＿□□□□
＿□□□□□□□□□
□□□□□＿□□□□
□＿□□□□□□□□
□□□＿□□□＿□□
□□＿□□□□□□＿
□□＿□□□□□□＿
□□＿□□□□□□＿
□□□□□□□□□＿
□□□□□□□□□＿
00:45:20(81626f):field(81625f)
＿＿＿＿＿＿＿＿＿＿
＿＿＿＿＿＿＿＿＿＿
＿＿＿＿＿＿＿＿＿＿
＿＿＿＿＿＿＿＿＿＿
＿＿＿＿＿＿＿＿＿＿
＿＿＿＿■■＿＿＿＿
＿＿＿＿□■＿＿＿＿
＿＿＿□□■＿＿□□
＿＿＿□□□＿＿□□
＿□□□□□□＿□＿
＿□□□□＿□□□□
＿□□□□□□□□□
□□□□□＿□□□□
□＿□□□□□□□□
□□□＿□□□＿□□
□□＿□□□□□□＿
□□＿□□□□□□＿
□□＿□□□□□□＿
□□□□□□□□□＿
□□□□□□□□□＿
00:45:21(81639f):field(81638f)
＿＿＿＿＿＿＿＿＿＿
＿＿＿＿＿＿＿＿＿＿
＿＿＿＿＿＿＿＿＿＿
＿＿＿＿＿＿＿＿＿＿
＿＿＿＿＿＿＿＿＿＿
＿＿＿＿◆◆＿＿＿＿
＿＿＿＿□□＿＿＿＿
＿＿＿◆□□＿＿◆◆
＿＿＿□□□＿＿□□
■◆◆□□□◆＿□■
■□□□□■□◆□◆
■□□□□◆□□□□
□□□□□＿□□□□
□＿□□□□□□□□
□□□＿□□□＿□□
□□＿□□□□□□＿
□□＿□□□□□□＿
□□＿□□□□□□＿
□□□□□□□□□＿
□□□□□□□□□＿
00:45:21(81654f):field(81653f)
＿＿＿＿＿＿＿＿＿＿
＿＿＿＿＿＿＿＿＿＿
＿＿＿＿＿＿＿＿＿＿
＿＿＿＿＿＿＿＿＿＿
＿＿＿＿＿＿＿＿＿＿
＿＿＿＿＿＿＿＿＿＿
＿＿＿＿□□＿＿＿＿
＿＿＿＿□□＿＿＿＿
■■＿□□□＿＿□□
□■■□□□＿＿□□
□□□□□□□＿□＿
□□□□□＿□□□□
□□□□□＿□□□□
□＿□□□□□□□□
□□□＿□□□＿□□
□□＿□□□□□□＿
□□＿□□□□□□＿
□□＿□□□□□□＿
□□□□□□□□□＿
□□□□□□□□□＿
00:45:22(81669f):field(81668f)
＿＿＿＿＿＿＿＿＿＿
＿＿＿＿＿＿＿＿＿＿
＿＿＿＿＿＿＿＿＿＿
＿＿＿＿＿＿＿＿＿＿
＿＿＿＿＿＿＿＿＿＿
＿＿＿＿＿＿＿＿＿＿
＿＿＿＿□□＿＿＿＿
■■■＿□□＿＿＿＿
□□■□□□＿＿□□
□□□□□□＿＿□□
□□□□□□□＿□＿
□□□□□＿□□□□
□□□□□＿□□□□
□＿□□□□□□□□
□□□＿□□□＿□□
□□＿□□□□□□＿
□□＿□□□□□□＿
□□＿□□□□□□＿
□□□□□□□□□＿
□□□□□□□□□＿
00:45:22(81682f):field(81681f)
＿＿＿＿＿＿＿＿＿＿
＿＿＿＿＿＿＿＿＿＿
＿＿＿＿＿＿＿＿＿＿
＿＿＿＿＿＿＿＿＿＿
＿＿＿＿＿＿＿＿＿＿
■■＿＿＿＿＿＿＿＿
■■＿＿□□＿＿＿＿
□□□＿□□＿＿＿＿
□□□□□□＿＿□□
□□□□□□＿＿□□
□□□□□□□＿□＿
□□□□□＿□□□□
□□□□□＿□□□□
□＿□□□□□□□□
□□□＿□□□＿□□
□□＿□□□□□□＿
□□＿□□□□□□＿
□□＿□□□□□□＿
□□□□□□□□□＿
□□□□□□□□□＿
00:45:23(81696f):field(81695f)
＿＿＿＿＿＿＿＿＿＿
＿＿＿＿＿＿＿＿＿＿
＿＿＿＿＿＿＿＿＿＿
＿＿＿＿＿＿＿＿＿＿
＿＿＿＿＿＿＿＿＿＿
□□■■＿＿＿＿＿＿
□□＿■□□＿＿＿＿
□□□■□□＿＿＿＿
□□□□□□＿＿□□
□□□□□□＿＿□□
□□□□□□□＿□＿
□□□□□＿□□□□
□□□□□＿□□□□
□＿□□□□□□□□
□□□＿□□□＿□□
□□＿□□□□□□＿
□□＿□□□□□□＿
□□＿□□□□□□＿
□□□□□□□□□＿
□□□□□□□□□＿
00:45:23(81708f):field(81707f)
＿＿＿＿＿＿＿＿＿＿
＿＿＿＿＿＿＿＿＿＿
＿＿＿＿＿＿＿＿＿＿
＿＿＿＿＿＿＿＿＿＿
＿＿＿＿＿＿＿＿＿＿
◆◆◆◆＿＿＿＿＿＿
□□■□◆◆＿＿＿＿
□□◆□□□＿＿＿＿
□□□□□□＿＿◆◆
□□□□□□■＿□□
□□□□□□□■□＿
□□□□□＿□□□□
□□□□□＿□□□□
□＿□□□□□□□□
□□□＿□□□＿□□
□□＿□□□□□□＿
□□＿□□□□□□＿
□□＿□□□□□□＿
□□□□□□□□□＿
□□□□□□□□□＿
00:45:24(81724f):field(81723f)
＿＿＿＿＿＿＿＿＿＿
＿＿＿＿＿＿＿＿＿＿
＿＿＿＿＿＿＿＿＿＿
＿＿＿＿＿＿＿＿＿＿
＿＿＿＿＿＿＿＿＿＿
＿＿＿＿＿＿＿＿＿＿
◆◆◆◆＿＿＿＿＿＿
□□■□◆◆＿■■＿
□□◆□□□■＿■＿
□□□□□□□＿□□
□□□□□□□□□＿
□□□□□＿□□□□
□□□□□＿□□□□
□＿□□□□□□□□
□□□＿□□□＿□□
□□＿□□□□□□＿
□□＿□□□□□□＿
□□＿□□□□□□＿
□□□□□□□□□＿
□□□□□□□□□＿
00:45:24(81739f):field(81738f)
＿＿＿＿＿＿＿＿＿＿
＿＿＿＿＿＿＿＿＿＿
＿＿＿＿＿＿＿＿＿＿
＿＿＿＿＿＿＿＿＿＿
＿＿＿＿＿＿＿＿＿＿
＿＿＿＿＿＿＿＿＿＿
＿＿＿＿＿＿＿＿＿＿
◆◆◆◆＿＿＿◆◆＿
□□■□◆◆□＿◆＿
□□◆□□□□■□◆
□□□□□□□□□＿
□□□□□■□□□□
□□□□□＿□□□□
□＿□□□□□□□□
□□□＿□□□＿□□
□□＿□□□□□□＿
□□＿□□□□□□＿
□□＿□□□□□□＿
□□□□□□□□□＿
□□□□□□□□□＿
00:45:25(81750f):field(81749f)
＿＿＿＿＿＿＿＿＿＿
＿＿＿＿＿＿＿＿＿＿
＿＿＿＿＿＿＿＿＿＿
＿＿＿＿＿＿＿＿＿＿
＿＿＿＿＿＿＿＿＿＿
＿＿＿＿＿＿＿＿＿＿
＿＿＿＿＿＿＿＿＿＿
＿＿＿■■＿＿＿＿＿
□□□□■■◆＿＿＿
□□＿□□□□□□＿
□□□□□□□□□＿
□□□□□◆□□□□
□□□□□＿□□□□
□＿□□□□□□□□
□□□＿□□□＿□□
□□＿□□□□□□＿
□□＿□□□□□□＿
□□＿□□□□□□＿
□□□□□□□□□＿
□□□□□□□□□＿
00:45:25(81766f):field(81765f)
＿＿＿＿＿＿＿＿＿＿
＿＿＿＿＿＿＿＿＿＿
＿＿＿＿＿＿＿＿＿＿
＿＿＿＿＿＿＿＿＿＿
＿＿＿＿＿＿＿＿＿＿
＿＿＿＿＿＿＿＿＿＿
＿＿＿＿＿＿＿＿＿＿
＿＿＿◆◆＿＿＿＿＿
◆◆◆□□◆＿＿＿＿
□□■□□□◆□□■
□□◆□□□□□□■
□□□□□＿□□□□
□□□□□＿□□□□
□＿□□□□□□□□
□□□＿□□□＿□□
□□＿□□□□□□＿
□□＿□□□□□□＿
□□＿□□□□□□＿
□□□□□□□□□＿
□□□□□□□□□＿
00:45:26(81780f):field(81779f)
＿＿＿＿＿＿＿＿＿＿
＿＿＿＿＿＿＿＿＿＿
＿＿＿＿＿＿＿＿＿＿
＿＿＿＿＿＿＿＿＿＿
＿＿＿＿＿＿＿＿＿＿
＿＿＿＿＿＿＿＿＿＿
＿＿＿＿＿＿＿＿＿＿
＿＿＿＿＿＿＿＿＿＿
＿■＿□◆＿■■＿＿
◆◆◆□□□＿□◆◆
□□■□□□□□□□
□□□□□■□□□□
□□□□□＿□□□□
□＿□□□□□□□□
□□□＿□□□＿□□
□□＿□□□□□□＿
□□＿□□□□□□＿
□□＿□□□□□□＿
□□□□□□□□□＿
□□□□□□□□□＿
00:45:26(81797f):field(81796f)
＿＿＿＿＿＿＿＿＿＿
＿＿＿＿＿＿＿＿＿＿
＿＿＿＿＿＿＿＿＿＿
＿＿＿＿＿＿＿＿＿＿
＿＿＿＿＿＿＿＿＿＿
＿＿＿＿＿＿＿＿＿＿
＿＿＿＿＿＿＿＿＿＿
＿＿＿＿＿＿＿＿＿＿
■□＿◆＿＿◆□＿＿
■■＿□□◆＿□＿＿
□□◆□□□□□□□
□□□□□◆□□□□
□□□□□＿□□□□
□＿□□□□□□□□
□□□＿□□□＿□□
□□＿□□□□□□＿
□□＿□□□□□□＿
□□＿□□□□□□＿
□□□□□□□□□＿
□□□□□□□□□＿
00:45:27(81811f):field(81810f)
＿＿＿＿＿＿＿＿＿＿
＿＿＿＿＿＿＿＿＿＿
＿＿＿＿＿＿＿＿＿＿
＿＿＿＿＿＿＿＿＿＿
＿＿＿＿＿＿＿＿＿＿
＿＿＿＿＿＿＿＿＿＿
＿＿＿＿＿＿＿＿＿＿
＿＿＿＿■＿＿＿＿＿
□□＿＿■■＿□＿＿
□□＿□□■＿□＿＿
□□＿□□□□□□□
□□□□□＿□□□□
□□□□□＿□□□□
□＿□□□□□□□□
□□□＿□□□＿□□
□□＿□□□□□□＿
□□＿□□□□□□＿
□□＿□□□□□□＿
□□□□□□□□□＿
□□□□□□□□□＿
00:45:27(81826f):field(81825f)
＿＿＿＿＿＿＿＿＿＿
＿＿＿＿＿＿＿＿＿＿
＿＿＿＿＿＿＿＿＿＿
＿＿＿＿＿＿＿＿＿＿
＿＿＿＿＿＿＿＿＿＿
＿＿＿＿＿＿＿＿＿＿
＿＿＿＿＿＿＿＿＿＿
＿＿＿＿◆＿＿＿＿＿
◆◆■＿□◆＿◆＿＿
□□■◆□□＿□＿■
□□■□□□◆□◆◆
□□□□□■□□□□
□□□□□■□□□□
□＿□□□□□□□□
□□□＿□□□＿□□
□□＿□□□□□□＿
□□＿□□□□□□＿
□□＿□□□□□□＿
□□□□□□□□□＿
□□□□□□□□□＿
00:45:28(81841f):field(81840f)
＿＿＿＿＿＿＿＿＿＿
＿＿＿＿＿＿＿＿＿＿
＿＿＿＿＿＿＿＿＿＿
＿＿＿＿＿＿＿＿＿＿
＿＿＿＿＿＿＿＿＿＿
＿＿＿＿＿＿＿＿＿＿
＿＿＿＿■＿＿＿＿＿
＿＿＿■■＿＿＿＿＿
＿＿□■□＿＿＿＿＿
□□□＿□□＿□＿◆
□□□□□□＿□＿＿
□□□□□◆□□□□
□□□□□◆□□□□
□＿□□□□□□□□
□□□＿□□□＿□□
□□＿□□□□□□＿
□□＿□□□□□□＿
□□＿□□□□□□＿
□□□□□□□□□＿
□□□□□□□□□＿
00:45:28(81853f):field(81852f)
＿＿＿＿＿＿＿＿＿＿
＿＿＿＿＿＿＿＿＿＿
＿＿＿＿＿＿＿＿＿＿
＿＿＿＿＿＿＿＿＿＿
＿＿＿＿＿＿＿＿＿＿
＿＿＿＿＿＿＿＿＿＿
＿＿＿＿□＿＿＿＿＿
＿＿＿□□＿＿＿＿＿
＿＿□□□＿■■＿＿
□□□＿□□■□＿＿
□□□□□□■□＿＿
□□□□□＿□□□□
□□□□□＿□□□□
□＿□□□□□□□□
□□□＿□□□＿□□
□□＿□□□□□□＿
□□＿□□□□□□＿
□□＿□□□□□□＿
□□□□□□□□□＿
□□□□□□□□□＿
00:45:28(81867f):field(81866f)
＿＿＿＿＿＿＿＿＿＿
＿＿＿＿＿＿＿＿＿＿
＿＿＿＿＿＿＿＿＿＿
＿＿＿＿＿＿＿＿＿＿
＿＿＿＿＿＿＿＿＿＿
＿＿＿＿＿＿＿＿＿＿
＿＿＿＿□■＿＿＿＿
＿＿＿□□■■＿＿＿
＿＿□□□■□□＿＿
□□□＿□□□□＿＿
□□□□□□□□＿＿
□□□□□＿□□□□
□□□□□＿□□□□
□＿□□□□□□□□
□□□＿□□□＿□□
□□＿□□□□□□＿
□□＿□□□□□□＿
□□＿□□□□□□＿
□□□□□□□□□＿
□□□□□□□□□＿
00:45:29(81882f):field(81881f)
＿＿＿＿＿＿＿＿＿＿
＿＿＿＿＿＿＿＿＿＿
＿＿＿＿＿＿＿＿＿＿
＿＿＿＿＿＿＿＿＿＿
＿＿＿＿＿＿＿＿＿＿
＿＿＿＿＿＿＿＿＿＿
＿＿＿＿◆◆＿＿＿＿
＿＿＿◆□□◆＿＿＿
＿＿◆□□□□◆＿＿
◆◆□■□□□□■＿
□□□◆□□□□■■
□□□□□■□□□□
□□□□□＿□□□□
□＿□□□□□□□□
□□□＿□□□＿□□
□□＿□□□□□□＿
□□＿□□□□□□＿
□□＿□□□□□□＿
□□□□□□□□□＿
□□□□□□□□□＿
00:45:29(81896f):field(81895f)
＿＿＿＿＿＿＿＿＿＿
＿＿＿＿＿＿＿＿＿＿
＿＿＿＿＿＿＿＿＿＿
＿＿＿＿＿＿＿＿＿＿
＿＿＿＿＿＿＿＿＿＿
＿＿＿＿＿＿＿＿＿＿
＿＿＿＿＿＿＿＿＿■
＿＿＿＿□□＿＿＿■
＿＿＿□□□□＿＿■
＿＿□□□□□□◆■
□□□＿□□□□□□
□□□□□◆□□□□
□□□□□＿□□□□
□＿□□□□□□□□
□□□＿□□□＿□□
□□＿□□□□□□＿
□□＿□□□□□□＿
□□＿□□□□□□＿
□□□□□□□□□＿
□□□□□□□□□＿
00:45:30(81911f):field(81910f)
＿＿＿＿＿＿＿＿＿＿
＿＿＿＿＿＿＿＿＿＿
＿＿＿＿＿＿＿＿＿＿
＿＿＿＿＿＿＿＿＿＿
＿＿＿＿＿＿＿＿＿＿
＿＿＿＿■＿＿＿＿＿
＿＿＿■■＿＿＿＿□
＿＿＿■□□＿＿＿□
＿＿＿□□□□＿＿□
＿＿□□□□□□＿□
□□□＿□□□□□□
□□□□□＿□□□□
□□□□□＿□□□□
□＿□□□□□□□□
□□□＿□□□＿□□
□□＿□□□□□□＿
□□＿□□□□□□＿
□□＿□□□□□□＿
□□□□□□□□□＿
□□□□□□□□□＿
00:45:30(81925f):field(81924f)
＿＿＿＿＿＿＿＿＿＿
＿＿＿＿＿＿＿＿＿＿
＿＿＿＿＿＿＿＿＿＿
＿＿＿＿＿＿＿＿＿＿
＿＿＿＿＿＿＿＿＿＿
＿＿＿＿□＿＿＿＿＿
＿＿＿□□＿＿＿＿□
＿＿＿□□□＿■＿□
＿＿＿□□□□■■□
＿＿□□□□□□■□
□□□＿□□□□□□
□□□□□＿□□□□
□□□□□＿□□□□
□＿□□□□□□□□
□□□＿□□□＿□□
□□＿□□□□□□＿
□□＿□□□□□□＿
□□＿□□□□□□＿
□□□□□□□□□＿
□□□□□□□□□＿
00:45:31(81941f):field(81940f)
＿＿＿＿＿＿＿＿＿＿
＿＿＿＿＿＿＿＿＿＿
＿＿＿＿＿＿＿＿＿＿
＿＿＿＿＿＿＿＿＿＿
＿＿＿＿＿＿＿＿＿＿
＿＿＿＿□＿＿＿＿＿
＿＿＿□□■■■＿□
＿＿＿□□□■□＿□
＿＿＿□□□□□□□
＿＿□□□□□□□□
□□□＿□□□□□□
□□□□□＿□□□□
□□□□□＿□□□□
□＿□□□□□□□□
□□□＿□□□＿□□
□□＿□□□□□□＿
□□＿□□□□□□＿
□□＿□□□□□□＿
□□□□□□□□□＿
□□□□□□□□□＿
00:45:31(81956f):field(81955f)
＿＿＿＿＿＿＿＿＿＿
＿＿＿＿＿＿＿＿＿＿
＿＿＿＿＿＿＿＿＿＿
＿＿＿＿＿＿＿＿＿＿
＿＿＿＿＿＿＿＿＿＿
＿＿＿＿□＿＿＿■■
＿＿＿□□□□□■□
＿＿＿□□□□□■□
＿＿＿□□□□□□□
＿＿□□□□□□□□
□□□＿□□□□□□
□□□□□＿□□□□
□□□□□＿□□□□
□＿□□□□□□□□
□□□＿□□□＿□□
□□＿□□□□□□＿
□□＿□□□□□□＿
□□＿□□□□□□＿
□□□□□□□□□＿
□□□□□□□□□＿
00:45:32(81971f):field(81970f)
＿＿＿＿＿＿＿＿＿＿
＿＿＿＿＿＿＿＿＿＿
＿＿＿＿＿＿＿＿＿＿
＿＿＿＿＿＿＿＿＿＿
＿＿＿＿＿＿＿＿＿＿
＿＿＿＿◆＿＿＿◆◆
＿＿＿◆□◆◆◆□□
＿＿＿□□□□□□□
＿■＿□□□□□□□
■■□□□□□□□□
□□□＿□□□□□□
□□□□□＿□□□□
□□□□□＿□□□□
□＿□□□□□□□□
□□□＿□□□＿□□
□□＿□□□□□□＿
□□＿□□□□□□＿
□□＿□□□□□□＿
□□□□□□□□□＿
□□□□□□□□□＿
00:45:32(81987f):field(81986f)
＿＿＿＿＿＿＿＿＿＿
＿＿＿＿＿＿＿＿＿＿
＿＿＿＿＿＿＿＿＿＿
＿＿＿＿＿＿＿＿＿＿
＿＿＿＿＿＿＿＿＿＿
＿＿＿＿＿＿＿＿＿＿
＿＿＿＿◆＿＿＿◆◆
＿＿＿◆□◆◆◆□□
＿◆■□□□□□□□
□□□□□□□□□□
□□□＿□□□□□□
□□□□□＿□□□□
□□□□□＿□□□□
□＿□□□□□□□□
□□□＿□□□＿□□
□□＿□□□□□□＿
□□＿□□□□□□＿
□□＿□□□□□□＿
□□□□□□□□□＿
□□□□□□□□□＿
00:45:33(81999f):field(81998f)
＿＿＿＿＿＿＿＿＿＿
＿＿＿＿＿＿＿＿＿＿
＿＿＿＿＿＿＿＿＿＿
＿＿＿＿＿＿＿＿＿＿
＿＿＿＿＿＿＿＿＿＿
＿＿＿＿＿＿＿＿＿＿
＿＿＿＿＿■■＿＿＿
＿＿＿＿□■■＿□□
＿＿□□□□□□□□
◆□□□□□□□□□
□□□＿□□□□□□
□□□□□＿□□□□
□□□□□＿□□□□
□＿□□□□□□□□
□□□＿□□□＿□□
□□＿□□□□□□＿
□□＿□□□□□□＿
□□＿□□□□□□＿
□□□□□□□□□＿
□□□□□□□□□＿
00:45:33(82013f):field(82012f)
＿＿＿＿＿＿＿＿＿＿
＿＿＿＿＿＿＿＿＿＿
＿＿＿＿＿＿＿＿＿＿
＿＿＿＿＿＿＿＿＿＿
＿＿＿＿＿＿＿＿＿＿
＿＿＿＿＿＿＿＿＿＿
＿＿＿■■□□＿＿＿
＿＿■■□□□＿□□
＿＿□□□□□□□□
＿□□□□□□□□□
□□□＿□□□□□□
□□□□□＿□□□□
□□□□□＿□□□□
□＿□□□□□□□□
□□□＿□□□＿□□
□□＿□□□□□□＿
□□＿□□□□□□＿
□□＿□□□□□□＿
□□□□□□□□□＿
□□□□□□□□□＿
00:45:34(82029f):field(82028f)
＿＿＿＿＿＿＿＿＿＿
＿＿＿＿＿＿＿＿＿＿
＿＿＿＿＿＿＿＿＿＿
＿＿＿＿＿＿＿＿＿＿
＿＿＿＿＿＿＿＿＿■
＿＿＿＿＿＿＿＿＿■
＿＿＿□□□□＿■■
＿＿□□□□□＿□□
＿＿□□□□□□□□
＿□□□□□□□□□
□□□＿□□□□□□
□□□□□＿□□□□
□□□□□＿□□□□
□＿□□□□□□□□
□□□＿□□□＿□□
□□＿□□□□□□＿
□□＿□□□□□□＿
□□＿□□□□□□＿
□□□□□□□□□＿
□□□□□□□□□＿
00:45:34(82042f):field(82041f)
＿＿＿＿＿＿＿＿＿＿
＿＿＿＿＿＿＿＿＿＿
＿＿＿＿＿＿＿＿＿＿
＿＿＿＿＿＿＿＿＿＿
＿＿＿＿＿＿＿＿＿◆
＿＿＿＿＿＿＿＿＿◆
＿＿＿◆◆◆◆＿◆□
＿＿◆◆◆□□■◆□
＿■◆□□□□◆□□
■◆□□□□□◆□□
□□□＿□□□□□□
□□□□□＿□□□□
□□□□□＿□□□□
□＿□□□□□□□□
□□□＿□□□＿□□
□□＿□□□□□□＿
□□＿□□□□□□＿
□□＿□□□□□□＿
□□□□□□□□□＿
□□□□□□□□□＿
00:45:35(82057f):field(82056f)
＿＿＿＿＿＿＿＿＿＿
＿＿＿＿＿＿＿＿＿＿
＿＿＿＿＿＿＿＿＿＿
＿＿＿＿＿＿＿＿＿＿
＿＿＿＿＿＿＿＿＿＿
＿＿＿＿＿＿＿＿＿＿
＿＿＿＿＿＿＿＿＿□
＿＿■＿＿◆◆◆＿□
＿□■□□□□＿□□
□■□□□□□＿□□
□□□＿□□□□□□
□□□□□＿□□□□
□□□□□＿□□□□
□＿□□□□□□□□
□□□＿□□□＿□□
□□＿□□□□□□＿
□□＿□□□□□□＿
□□＿□□□□□□＿
□□□□□□□□□＿
□□□□□□□□□＿
00:45:35(82069f):field(82068f)
＿＿＿＿＿＿＿＿＿＿
＿＿＿＿＿＿＿＿＿＿
＿＿＿＿＿＿＿＿＿＿
＿＿＿＿＿＿＿＿＿＿
＿＿＿＿＿＿＿＿＿＿
＿＿＿＿＿＿＿＿＿＿
＿＿＿＿■■＿＿＿□
＿＿□＿■■＿＿＿□
＿□□□□□□＿□□
□□□□□□□＿□□
□□□＿□□□□□□
□□□□□＿□□□□
□□□□□＿□□□□
□＿□□□□□□□□
□□□＿□□□＿□□
□□＿□□□□□□＿
□□＿□□□□□□＿
□□＿□□□□□□＿
□□□□□□□□□＿
□□□□□□□□□＿
00:45:36(82086f):field(82085f)
＿＿＿＿＿＿＿＿＿＿
＿＿＿＿＿＿＿＿＿＿
＿＿＿＿＿＿＿＿＿＿
＿＿＿＿＿＿＿＿＿＿
＿＿＿＿＿＿＿＿＿＿
＿＿■＿＿＿＿＿＿＿
＿＿■■□□＿＿＿□
＿＿□■□□＿＿＿□
＿□□□□□□＿□□
□□□□□□□＿□□
□□□＿□□□□□□
□□□□□＿□□□□
□□□□□＿□□□□
□＿□□□□□□□□
□□□＿□□□＿□□
□□＿□□□□□□＿
□□＿□□□□□□＿
□□＿□□□□□□＿
□□□□□□□□□＿
□□□□□□□□□＿
00:45:36(82100f):field(82099f)
＿＿＿＿＿＿＿＿＿＿
＿＿＿＿＿＿＿＿＿＿
＿＿＿＿＿＿＿＿＿＿
＿＿＿＿＿＿＿＿＿＿
＿＿＿＿＿＿＿＿＿＿
＿＿◆＿＿＿＿＿＿＿
＿＿□◆◆◆＿＿＿◆
＿＿□□□□＿＿＿□
＿◆□□□□□■□□
◆□□□□□□■□□
□□□＿□□□□□□
□□□□□■□□□□
□□□□□＿□□□□
□＿□□□□□□□□
□□□＿□□□＿□□
□□＿□□□□□□＿
□□＿□□□□□□＿
□□＿□□□□□□＿
□□□□□□□□□＿
□□□□□□□□□＿
00:45:37(82112f):field(82111f)
＿＿＿＿＿＿＿＿＿＿
＿＿＿＿＿＿＿＿＿＿
＿＿＿＿＿＿＿＿＿＿
＿＿＿＿＿＿＿＿＿＿
＿＿＿＿＿＿＿＿＿＿
＿＿＿＿■＿＿＿＿＿
＿＿□■■■＿＿＿＿
＿＿□□□□＿＿＿□
＿＿□□□□◆□□□
＿□□□□□□□□□
□□□＿□□□□□□
□□□□□◆□□□□
□□□□□＿□□□□
□＿□□□□□□□□
□□□＿□□□＿□□
□□＿□□□□□□＿
□□＿□□□□□□＿
□□＿□□□□□□＿
□□□□□□□□□＿
□□□□□□□□□＿
00:45:37(82128f):field(82127f)
＿＿＿＿＿＿＿＿＿＿
＿＿＿＿＿＿＿＿＿＿
＿＿＿＿＿＿＿＿＿＿
＿＿＿＿＿＿＿＿＿＿
＿＿＿＿＿＿＿＿＿＿
＿＿＿＿□＿＿＿＿＿
＿＿□□□□＿＿＿＿
＿＿□□□□■■■□
＿＿□□□□■□□□
＿□□□□□□□□□
□□□＿□□□□□□
□□□□□＿□□□□
□□□□□＿□□□□
□＿□□□□□□□□
□□□＿□□□＿□□
□□＿□□□□□□＿
□□＿□□□□□□＿
□□＿□□□□□□＿
□□□□□□□□□＿
□□□□□□□□□＿
00:45:38(82141f):field(82140f)
＿＿＿＿＿＿＿＿＿＿
＿＿＿＿＿＿＿＿＿＿
＿＿＿＿＿＿＿＿＿＿
＿＿＿＿＿＿＿＿＿＿
＿＿＿＿＿＿＿＿＿＿
＿＿＿＿□＿＿＿＿＿
＿＿□□□□■■■■
＿＿□□□□□□□□
＿＿□□□□□□□□
＿□□□□□□□□□
□□□＿□□□□□□
□□□□□＿□□□□
□□□□□＿□□□□
□＿□□□□□□□□
□□□＿□□□＿□□
□□＿□□□□□□＿
□□＿□□□□□□＿
□□＿□□□□□□＿
□□□□□□□□□＿
□□□□□□□□□＿
00:45:38(82154f):field(82153f)
＿＿＿＿＿＿＿＿＿＿
＿＿＿＿＿＿＿＿＿＿
＿＿＿＿＿＿＿＿＿＿
＿＿＿＿＿＿＿＿＿＿
＿＿＿＿＿＿＿＿＿＿
＿＿＿＿◆＿＿＿＿＿
■＿◆◆◆◆◆◆□◆
＿■◆□□◆□□◆□
■＿□□□□□□□□
■□□□□□□□□□
□□□■□□□□□□
□□□□□＿□□□□
□□□□□＿□□□□
□＿□□□□□□□□
□□□＿□□□＿□□
□□＿□□□□□□＿
□□＿□□□□□□＿
□□＿□□□□□□＿
□□□□□□□□□＿
□□□□□□□□□＿
00:45:38(82169f):field(82168f)
＿＿＿＿＿＿＿＿＿＿
＿＿＿＿＿＿＿＿＿＿
＿＿＿＿＿＿＿＿＿＿
＿＿＿＿＿＿＿＿＿＿
＿＿＿＿＿＿＿＿＿＿
＿＿＿＿＿＿＿＿＿■
◆＿＿＿＿＿＿＿◆■
＿◆＿◆□＿◆◆■□
◆＿□□□□□□□□
◆□□□□□□□□□
□□□◆□□□□□□
□□□□□＿□□□□
□□□□□＿□□□□
□＿□□□□□□□□
□□□＿□□□＿□□
□□＿□□□□□□＿
□□＿□□□□□□＿
□□＿□□□□□□＿
□□□□□□□□□＿
□□□□□□□□□＿
00:45:39(82183f):field(82182f)
＿＿＿＿＿＿＿＿＿＿
＿＿＿＿＿＿＿＿＿＿
＿＿＿＿＿＿＿＿＿＿
＿＿＿＿＿＿＿＿＿＿
＿＿＿＿＿＿＿＿＿＿
＿＿＿＿＿＿＿＿＿◆
＿＿＿＿＿＿＿＿＿◆
＿■＿＿◆＿＿■◆□
＿＿□◆◆◆□◆□□
■□◆◆□□◆◆□□
□□□■□□□□□□
□□□□□＿□□□□
□□□□□＿□□□□
□＿□□□□□□□□
□□□＿□□□＿□□
□□＿□□□□□□＿
□□＿□□□□□□＿
□□＿□□□□□□＿
□□□□□□□□□＿
□□□□□□□□□＿
00:45:39(82197f):field(82196f)
＿＿＿＿＿＿＿＿＿＿
＿＿＿＿＿＿＿＿＿＿
＿＿＿＿＿＿＿＿＿＿
＿＿＿＿＿＿＿＿＿＿
＿＿＿＿＿＿＿＿＿＿
＿＿＿＿＿＿＿＿＿＿
＿＿＿＿＿■＿＿＿＿
＿◆＿＿＿■＿◆＿□
＿＿◆＿＿■◆＿◆□
◆□＿＿□□＿＿□□
□□□◆□□□□□□
□□□□□＿□□□□
□□□□□＿□□□□
□＿□□□□□□□□
□□□＿□□□＿□□
□□＿□□□□□□＿
□□＿□□□□□□＿
□□＿□□□□□□＿
□□□□□□□□□＿
□□□□□□□□□＿
00:45:40(82212f):field(82211f)
＿＿＿＿＿＿＿＿＿＿
＿＿＿＿＿＿＿＿＿＿
＿＿＿＿＿＿＿＿＿＿
＿＿＿＿＿＿＿＿＿＿
＿＿＿＿＿＿＿＿＿＿
＿＿＿＿＿＿＿＿＿＿
＿＿＿＿＿□＿＿＿＿
＿＿＿＿＿□■＿＿□
＿＿＿＿＿□■＿＿□
＿□＿＿□□■■□□
□□□＿□□□□□□
□□□□□＿□□□□
□□□□□＿□□□□
□＿□□□□□□□□
□□□＿□□□＿□□
□□＿□□□□□□＿
□□＿□□□□□□＿
□□＿□□□□□□＿
□□□□□□□□□＿
□□□□□□□□□＿
00:45:40(82226f):field(82225f)
＿＿＿＿＿＿＿＿＿＿
＿＿＿＿＿＿＿＿＿＿
＿＿＿＿＿＿＿＿＿＿
＿＿＿＿＿＿＿＿＿＿
＿＿＿＿＿＿＿＿＿＿
＿＿＿＿＿＿＿＿＿＿
＿＿＿＿＿◆＿＿＿＿
＿＿＿＿＿□◆＿＿◆
＿＿＿＿＿□□＿＿□
＿□＿■□□□◆◆□
◆□□■□□□□□□
□□□□□＿□□□□
□□□□□＿□□□□
□＿□□□□□□□□
□□□＿□□□＿□□
□□＿□□□□□□＿
□□＿□□□□□□＿
□□＿□□□□□□＿
□□□□□□□□□＿
□□□□□□□□□＿
00:45:41(82244f):field(82243f)
＿＿＿＿＿＿＿＿＿＿
＿＿＿＿＿＿＿＿＿＿
＿＿＿＿＿＿＿＿＿＿
＿＿＿＿＿＿＿＿＿＿
＿＿＿＿＿＿＿＿＿＿
＿＿＿＿＿＿＿＿＿＿
＿＿＿＿＿＿＿＿＿＿
＿＿＿＿＿□＿＿■■
＿＿＿＿＿□□＿■□
＿◆＿□◆□□＿■□
＿□□□□□□□□□
□□□□□＿□□□□
□□□□□＿□□□□
□＿□□□□□□□□
□□□＿□□□＿□□
□□＿□□□□□□＿
□□＿□□□□□□＿
□□＿□□□□□□＿
□□□□□□□□□＿
□□□□□□□□□＿
00:45:41(82257f):field(82256f)
＿＿＿＿＿＿＿＿＿＿
＿＿＿＿＿＿＿＿＿＿
＿＿＿＿＿＿＿＿＿＿
＿＿＿＿＿＿＿＿＿＿
＿＿＿＿＿＿＿＿＿＿
＿＿＿＿＿＿＿＿＿＿
＿＿＿＿＿＿＿＿＿＿
＿＿＿■＿□＿＿□□
＿＿＿■■□□＿□□
＿＿＿□■□□＿□□
＿□□□□□□□□□
□□□□□＿□□□□
□□□□□＿□□□□
□＿□□□□□□□□
□□□＿□□□＿□□
□□＿□□□□□□＿
□□＿□□□□□□＿
□□＿□□□□□□＿
□□□□□□□□□＿
□□□□□□□□□＿
00:45:42(82273f):field(82272f)
＿＿＿＿＿＿＿＿＿＿
＿＿＿＿＿＿＿＿＿＿
＿＿＿＿＿＿＿＿＿＿
＿＿＿＿＿＿＿＿＿＿
＿＿＿＿＿＿＿＿＿＿
＿＿＿＿＿＿＿＿＿＿
＿＿＿＿＿＿＿■＿＿
＿＿＿□＿□＿■□□
＿＿＿□□□□■□□
＿＿＿□□□□■□□
＿□□□□□□□□□
□□□□□＿□□□□
□□□□□＿□□□□
□＿□□□□□□□□
□□□＿□□□＿□□
□□＿□□□□□□＿
□□＿□□□□□□＿
□□＿□□□□□□＿
□□□□□□□□□＿
□□□□□□□□□＿
00:45:42(82287f):field(82286f)
＿＿＿＿＿＿＿＿＿＿
＿＿＿＿＿＿＿＿＿＿
＿＿＿＿＿＿＿＿＿＿
＿＿＿＿＿＿＿＿＿＿
＿＿＿＿＿＿＿＿＿＿
＿＿＿＿＿■＿＿＿＿
＿＿＿＿■■＿□＿＿
＿＿＿□■□＿□□□
＿＿＿□□□□□□□
＿＿＿□□□□□□□
＿□□□□□□□□□
□□□□□＿□□□□
□□□□□＿□□□□
□＿□□□□□□□□
□□□＿□□□＿□□
□□＿□□□□□□＿
□□＿□□□□□□＿
□□＿□□□□□□＿
□□□□□□□□□＿
□□□□□□□□□＿
00:45:43(82301f):field(82300f)
＿＿＿＿＿＿＿＿＿＿
＿＿＿＿＿＿＿＿＿＿
＿＿＿＿＿＿＿＿＿＿
＿＿＿＿＿＿＿＿＿＿
＿＿＿＿＿＿＿＿＿＿
＿＿＿＿＿◆＿＿＿＿
＿＿＿＿◆□＿◆＿＿
＿＿＿◆□□＿□◆◆
＿＿＿□□□◆□□□
■＿＿□□□□□□□
■□◆□□□□□□□
□□□□□＿□□□□
□□□□□＿□□□□
□＿□□□□□□□□
□□□＿□□□＿□□
□□＿□□□□□□＿
□□＿□□□□□□＿
□□＿□□□□□□＿
□□□□□□□□□＿
□□□□□□□□□＿
00:45:43(82318f):field(82317f)
＿＿＿＿＿＿＿＿＿＿
＿＿＿＿＿＿＿＿＿＿
＿＿＿＿＿＿＿＿＿＿
＿＿＿＿＿＿＿＿＿＿
＿＿＿＿＿＿＿＿＿＿
＿＿＿＿＿＿＿＿＿＿
＿＿＿＿＿□■■＿＿
＿＿＿＿□□■□＿＿
＿＿＿□□□■□□□
□＿＿□□□□□□□
□□＿□□□□□□□
□□□□□＿□□□□
□□□□□＿□□□□
□＿□□□□□□□□
□□□＿□□□＿□□
□□＿□□□□□□＿
□□＿□□□□□□＿
□□＿□□□□□□＿
□□□□□□□□□＿
□□□□□□□□□＿
00:45:44(82330f):field(82329f)
＿＿＿＿＿＿＿＿＿＿
＿＿＿＿＿＿＿＿＿＿
＿＿＿＿＿＿＿＿＿＿
＿＿＿＿＿＿＿＿＿＿
＿＿＿＿＿＿＿＿＿＿
＿＿＿＿■■■＿＿＿
＿＿＿＿■□□□＿＿
＿＿＿＿□□□□＿＿
＿＿＿□□□□□□□
□＿＿□□□□□□□
□□＿□□□□□□□
□□□□□＿□□□□
□□□□□＿□□□□
□＿□□□□□□□□
□□□＿□□□＿□□
□□＿□□□□□□＿
□□＿□□□□□□＿
□□＿□□□□□□＿
□□□□□□□□□＿
□□□□□□□□□＿
00:45:44(82345f):field(82344f)
＿＿＿＿＿＿＿＿＿＿
＿＿＿＿＿＿＿＿＿＿
＿＿＿＿＿＿＿＿＿＿
＿＿＿＿＿＿＿＿＿＿
＿＿＿＿＿＿＿＿＿＿
＿＿＿＿◆◆◆＿＿＿
＿＿＿＿□□□◆＿＿
＿＿＿＿□□□□＿＿
＿＿■◆□□□□◆◆
◆＿■□□□□□□□
□◆■□□□□□□□
□□□□□■□□□□
□□□□□■□□□□
□＿□□□□□□□□
□□□＿□□□＿□□
□□＿□□□□□□＿
□□＿□□□□□□＿
□□＿□□□□□□＿
□□□□□□□□□＿
□□□□□□□□□＿
00:45:45(82364f):field(82363f)
＿＿＿＿＿＿＿＿＿＿
＿＿＿＿＿＿＿＿＿＿
＿＿＿＿＿＿＿＿＿＿
＿＿＿＿＿＿＿＿＿＿
＿＿＿＿＿＿＿＿＿＿
＿＿＿＿＿＿＿＿＿＿
＿＿＿＿□□□■■＿
＿＿＿＿□□□□■■
＿＿□＿□□□□＿＿
＿＿□□□□□□□□
□＿□□□□□□□□
□□□□□◆□□□□
□□□□□◆□□□□
□＿□□□□□□□□
□□□＿□□□＿□□
□□＿□□□□□□＿
□□＿□□□□□□＿
□□＿□□□□□□＿
□□□□□□□□□＿
□□□□□□□□□＿
00:45:45(82375f):field(82374f)
＿＿＿＿＿＿＿＿＿＿
＿＿＿＿＿＿＿＿＿＿
＿＿＿＿＿＿＿＿＿＿
＿＿＿＿＿＿＿＿＿＿
＿＿＿＿■■＿＿＿＿
＿＿＿＿■■＿＿＿＿
＿＿＿＿□□□□□＿
＿＿＿＿□□□□□□
＿＿□＿□□□□＿＿
＿＿□□□□□□□□
□＿□□□□□□□□
□□□□□＿□□□□
□□□□□＿□□□□
□＿□□□□□□□□
□□□＿□□□＿□□
□□＿□□□□□□＿
□□＿□□□□□□＿
□□＿□□□□□□＿
□□□□□□□□□＿
□□□□□□□□□＿
00:45:46(82393f):field(82392f)
＿＿＿＿＿＿＿＿＿＿
＿＿＿＿＿＿＿＿＿＿
＿＿＿＿＿＿＿＿＿＿
＿＿＿＿＿＿＿＿＿＿
＿＿＿＿□□＿＿＿＿
＿＿＿＿□□＿■■■
＿＿＿＿□□□□□■
＿＿＿＿□□□□□□
＿＿□＿□□□□＿＿
＿＿□□□□□□□□
□＿□□□□□□□□
□□□□□＿□□□□
□□□□□＿□□□□
□＿□□□□□□□□
□□□＿□□□＿□□
□□＿□□□□□□＿
□□＿□□□□□□＿
□□＿□□□□□□＿
□□□□□□□□□＿
□□□□□□□□□＿
00:45:46(82406f):field(82405f)
＿＿＿＿＿＿＿＿＿＿
＿＿＿＿＿＿＿＿＿＿
＿＿＿＿＿＿＿＿＿＿
＿＿＿＿＿＿＿＿＿＿
＿＿＿＿◆◆＿＿＿＿
＿＿＿＿◆◆＿◆◆◆
＿＿＿＿□□◆◆◆◆
＿＿＿＿□□◆□□□
＿■◆＿□□□□■■
＿＿□□□□□□□□
□■□□□□□□□◆
□□□□□＿□□□□
□□□□□＿□□□□
□＿□□□□□□□□
□□□＿□□□＿□□
□□＿□□□□□□＿
□□＿□□□□□□＿
□□＿□□□□□□＿
□□□□□□□□□＿
□□□□□□□□□＿
00:45:47(82420f):field(82419f)
＿＿＿＿＿＿＿＿＿＿
＿＿＿＿＿＿＿＿＿＿
＿＿＿＿＿＿＿＿＿＿
＿＿＿＿＿＿＿＿＿＿
＿＿＿＿＿＿＿＿＿＿
＿＿＿＿＿＿＿＿＿＿
＿＿＿＿□□＿＿＿＿
＿＿＿＿□□＿□□□
＿◆＿＿□□□□□□
■■□◆□□□□□□
□□□◆□□□□◆＿
□□□□□＿□□□□
□□□□□＿□□□□
□＿□□□□□□□□
□□□＿□□□＿□□
□□＿□□□□□□＿
□□＿□□□□□□＿
□□＿□□□□□□＿
□□□□□□□□□＿
□□□□□□□□□＿
00:45:47(82434f):field(82433f)
＿＿＿＿＿＿＿＿＿＿
＿＿＿＿＿＿＿＿＿＿
＿＿＿＿＿＿＿＿＿＿
＿＿＿＿＿＿＿＿＿＿
＿＿＿＿＿＿＿＿＿＿
＿＿＿＿＿＿＿■＿＿
＿＿＿＿□□■■＿＿
＿＿＿＿□□■□□□
＿＿＿＿□□□□□□
□□□＿□□□□□□
□□□＿□□□□＿＿
□□□□□＿□□□□
□□□□□＿□□□□
□＿□□□□□□□□
□□□＿□□□＿□□
□□＿□□□□□□＿
□□＿□□□□□□＿
□□＿□□□□□□＿
□□□□□□□□□＿
□□□□□□□□□＿
00:45:48(82447f):field(82446f)
＿＿＿＿＿＿＿＿＿＿
＿＿＿＿＿＿＿＿＿＿
＿＿＿＿＿＿＿＿＿＿
＿＿＿＿＿＿＿＿＿＿
＿＿＿＿＿＿＿＿＿＿
＿＿＿＿＿＿＿□＿＿
＿＿＿＿□□□□＿＿
■■＿＿□□□□□□
■■＿＿□□□□□□
□□□＿□□□□□□
□□□＿□□□□＿＿
□□□□□＿□□□□
□□□□□＿□□□□
□＿□□□□□□□□
□□□＿□□□＿□□
□□＿□□□□□□＿
□□＿□□□□□□＿
□□＿□□□□□□＿
□□□□□□□□□＿
□□□□□□□□□＿
00:45:48(82460f):field(82459f)
＿＿＿＿＿＿＿＿＿＿
＿＿＿＿＿＿＿＿＿＿
＿＿＿＿＿＿＿＿＿＿
＿＿＿＿＿＿＿＿＿＿
＿＿＿＿■＿＿＿＿＿
＿＿＿＿■■■□＿＿
＿＿＿＿□□□□＿＿
□□＿＿□□□□□□
□□＿＿□□□□□□
□□□＿□□□□□□
□□□＿□□□□＿＿
□□□□□＿□□□□
□□□□□＿□□□□
□＿□□□□□□□□
□□□＿□□□＿□□
□□＿□□□□□□＿
□□＿□□□□□□＿
□□＿□□□□□□＿
□□□□□□□□□＿
□□□□□□□□□＿
00:45:49(82476f):field(82475f)
＿＿＿＿＿＿＿＿＿＿
＿＿＿＿＿＿＿＿＿＿
＿＿＿＿＿＿＿＿＿＿
＿＿＿＿＿＿＿＿＿＿
＿＿＿＿◆＿＿＿＿＿
＿＿＿＿□◆◆◆＿＿
＿＿＿＿□□□□＿＿
◆◆＿＿□□□□◆◆
□□＿■□□□□□□
□□◆■□□□□□□
□□□■□□□□＿＿
□□□□□■□□□□
□□□□□＿□□□□
□＿□□□□□□□□
□□□＿□□□＿□□
□□＿□□□□□□＿
□□＿□□□□□□＿
□□＿□□□□□□＿
□□□□□□□□□＿
□□□□□□□□□＿
00:45:49(82491f):field(82490f)
＿＿＿＿＿＿＿＿＿＿
＿＿＿＿＿＿＿＿＿＿
＿＿＿＿＿＿＿＿＿＿
＿＿＿＿＿＿＿＿＿＿
＿＿＿＿＿＿＿＿＿＿
＿＿＿＿◆＿＿＿＿＿
＿＿＿＿◆◆◆◆＿＿
＿＿＿＿□◆◆□＿＿
□◆＿□□□□□□◆
◆□■□□□□□◆◆
□□□□□□□□＿■
□□□□□□□□□□
□□□□□＿□□□□
□＿□□□□□□□□
□□□＿□□□＿□□
□□＿□□□□□□＿
□□＿□□□□□□＿
□□＿□□□□□□＿
□□□□□□□□□＿
□□□□□□□□□＿
00:45:50(82505f):field(82504f)
＿＿＿＿＿＿＿＿＿＿
＿＿＿＿＿＿＿＿＿＿
＿＿＿＿＿＿＿＿＿＿
＿＿＿＿＿＿＿＿＿＿
＿＿＿＿＿＿＿＿＿＿
＿＿＿＿＿＿＿＿＿＿
＿＿＿＿＿＿＿＿＿＿
■＿＿＿□＿＿◆＿＿
□■＿◆□□□□◆＿
■□□◆□□□□＿＿
□□□□□□□□＿◆
□□□□□◆□□□□
□□□□□＿□□□□
□＿□□□□□□□□
□□□＿□□□＿□□
□□＿□□□□□□＿
□□＿□□□□□□＿
□□＿□□□□□□＿
□□□□□□□□□＿
□□□□□□□□□＿
00:45:50(82517f):field(82516f)
＿＿＿＿＿＿＿＿＿＿
＿＿＿＿＿＿＿＿＿＿
＿＿＿＿＿＿＿＿＿＿
＿＿＿＿＿＿＿＿＿＿
＿＿＿＿＿＿＿＿＿＿
＿＿＿＿＿＿＿＿＿＿
＿＿＿＿■■＿＿＿＿
□＿＿＿□■■＿＿＿
□□＿＿□□□□＿＿
□□□＿□□□□＿＿
□□□□□□□□＿＿
□□□□□＿□□□□
□□□□□＿□□□□
□＿□□□□□□□□
□□□＿□□□＿□□
□□＿□□□□□□＿
□□＿□□□□□□＿
□□＿□□□□□□＿
□□□□□□□□□＿
□□□□□□□□□＿
00:45:51(82531f):field(82530f)
＿＿＿＿＿＿＿＿＿＿
＿＿＿＿＿＿＿＿＿＿
＿＿＿＿＿＿＿＿＿＿
＿＿＿＿＿＿＿＿＿＿
＿＿＿＿＿＿＿＿＿＿
＿＿＿＿＿＿＿＿＿＿
＿＿＿■□□＿＿＿＿
□＿＿■□□□＿＿＿
□□＿■□□□□＿＿
□□□■□□□□＿＿
□□□□□□□□＿＿
□□□□□＿□□□□
□□□□□＿□□□□
□＿□□□□□□□□
□□□＿□□□＿□□
□□＿□□□□□□＿
□□＿□□□□□□＿
□□＿□□□□□□＿
□□□□□□□□□＿
□□□□□□□□□＿
00:45:51(82545f):field(82544f)
＿＿＿＿＿＿＿＿＿＿
＿＿＿＿＿＿＿＿＿＿
＿＿＿＿＿＿＿＿＿＿
＿＿＿＿＿＿＿＿＿＿
＿＿＿＿＿＿＿＿＿＿
＿＿＿＿＿＿＿＿＿＿
＿＿＿□□□＿＿＿＿
□＿＿□□□□＿＿＿
□□＿□□□□□■■
□□□□□□□□■＿
□□□□□□□□■＿
□□□□□＿□□□□
□□□□□＿□□□□
□＿□□□□□□□□
□□□＿□□□＿□□
□□＿□□□□□□＿
□□＿□□□□□□＿
□□＿□□□□□□＿
□□□□□□□□□＿
□□□□□□□□□＿
00:45:51(82558f):field(82557f)
＿＿＿＿＿＿＿＿＿＿
＿＿＿＿＿＿＿＿＿＿
＿＿＿＿＿＿＿＿＿＿
＿＿＿＿＿＿＿＿＿＿
＿＿＿■■＿＿＿＿＿
＿＿＿■■＿＿＿＿＿
＿＿＿□□□＿＿＿＿
□＿＿□□□□＿＿＿
□□＿□□□□□□□
□□□□□□□□□＿
□□□□□□□□□＿
□□□□□＿□□□□
□□□□□＿□□□□
□＿□□□□□□□□
□□□＿□□□＿□□
□□＿□□□□□□＿
□□＿□□□□□□＿
□□＿□□□□□□＿
□□□□□□□□□＿
□□□□□□□□□＿
00:45:52(82573f):field(82572f)
＿＿＿＿＿＿＿＿＿＿
＿＿＿＿＿＿＿＿＿＿
＿＿＿＿＿＿＿＿＿＿
＿＿＿＿＿＿＿＿＿＿
＿＿＿□□＿＿＿＿＿
＿＿＿□□＿＿＿＿＿
＿＿＿□□□＿＿＿■
□＿＿□□□□■■■
□□＿□□□□□□□
□□□□□□□□□＿
□□□□□□□□□＿
□□□□□＿□□□□
□□□□□＿□□□□
□＿□□□□□□□□
□□□＿□□□＿□□
□□＿□□□□□□＿
□□＿□□□□□□＿
□□＿□□□□□□＿
□□□□□□□□□＿
□□□□□□□□□＿
00:45:52(82588f):field(82587f)
＿＿＿＿＿＿＿＿＿＿
＿＿＿＿＿＿＿＿＿＿
＿＿＿＿＿＿＿＿＿＿
＿＿＿＿■■＿＿＿＿
＿＿＿□□■■＿＿＿
＿＿＿□□＿＿＿＿＿
＿＿＿□□□＿＿＿□
□＿＿□□□□□□□
□□＿□□□□□□□
□□□□□□□□□＿
□□□□□□□□□＿
□□□□□＿□□□□
□□□□□＿□□□□
□＿□□□□□□□□
□□□＿□□□＿□□
□□＿□□□□□□＿
□□＿□□□□□□＿
□□＿□□□□□□＿
□□□□□□□□□＿
□□□□□□□□□＿
00:45:53(82610f):field(82609f)
＿＿＿＿＿＿＿＿＿＿
＿＿＿＿＿＿＿＿＿＿
＿＿＿＿＿＿＿＿＿＿
＿＿＿＿◆◆＿＿＿＿
＿＿＿◆□□◆＿＿＿
＿＿＿□□■■＿＿＿
＿＿■□□◆＿＿＿◆
□＿■□□□◆□◆□
□◆■□□□□□□□
□□□□□□□□□＿
□□□□□□□□□■
□□□□□＿□□□□
□□□□□＿□□□□
□＿□□□□□□□□
□□□＿□□□＿□□
□□＿□□□□□□＿
□□＿□□□□□□＿
□□＿□□□□□□＿
□□□□□□□□□＿
□□□□□□□□□＿
00:45:54(82625f):field(82624f)
＿＿＿＿＿＿＿＿＿＿
＿＿＿＿＿＿＿＿＿＿
＿＿＿＿＿＿＿＿＿＿
＿＿＿＿＿＿＿＿＿＿
＿＿＿＿◆◆＿＿＿＿
＿＿＿◆□□◆＿＿＿
＿＿◆□□■■＿＿＿
□■□□□◆＿◆＿□
□■□□□□◆□□□
□□□□□□□□□■
□□□□□□□□□◆
□□□□□＿□□□□
□□□□□＿□□□□
□＿□□□□□□□□
□□□＿□□□＿□□
□□＿□□□□□□＿
□□＿□□□□□□＿
□□＿□□□□□□＿
□□□□□□□□□＿
□□□□□□□□□＿
00:45:54(82639f):field(82638f)
＿＿＿＿＿＿＿＿＿＿
＿＿＿＿＿＿＿＿＿＿
＿＿＿＿＿＿＿＿＿＿
＿＿＿＿■■＿＿＿＿
＿＿＿＿■■＿＿＿＿
＿＿＿＿□□＿＿＿＿
＿＿＿□□□□＿＿＿
□◆□□□＿＿＿＿◆
□□□□□□＿◆◆□
□□□□□□□□□◆
□□□□□□□□□＿
□□□□□＿□□□□
□□□□□＿□□□□
□＿□□□□□□□□
□□□＿□□□＿□□
□□＿□□□□□□＿
□□＿□□□□□□＿
□□＿□□□□□□＿
□□□□□□□□□＿
□□□□□□□□□＿
00:45:55(82661f):field(82660f)
＿＿＿＿＿＿＿＿＿＿
＿＿＿＿＿＿＿＿＿＿
＿＿＿＿＿＿＿＿＿＿
＿＿＿＿□□＿＿＿＿
＿＿＿＿□□＿＿＿＿
＿＿＿＿□□＿＿＿＿
＿＿＿□□□□＿＿＿
□＿□□□＿■■■＿
□□□□□□■＿＿□
□□□□□□□□□＿
□□□□□□□□□＿
□□□□□＿□□□□
□□□□□＿□□□□
□＿□□□□□□□□
□□□＿□□□＿□□
□□＿□□□□□□＿
□□＿□□□□□□＿
□□＿□□□□□□＿
□□□□□□□□□＿
□□□□□□□□□＿
00:45:55(82676f):field(82675f)
＿＿＿＿＿＿＿＿＿＿
＿＿＿＿＿＿＿＿＿＿
＿＿＿＿＿＿＿＿＿＿
＿＿＿＿□□＿＿＿＿
＿＿＿＿□□＿＿＿＿
＿＿■＿□□＿＿＿＿
＿■■□□□□＿＿＿
□■□□□＿□□□＿
□□□□□□□＿＿□
□□□□□□□□□＿
□□□□□□□□□＿
□□□□□＿□□□□
□□□□□＿□□□□
□＿□□□□□□□□
□□□＿□□□＿□□
□□＿□□□□□□＿
□□＿□□□□□□＿
□□＿□□□□□□＿
□□□□□□□□□＿
□□□□□□□□□＿
00:45:56(82690f):field(82689f)
＿＿＿＿＿＿＿＿＿＿
＿＿＿＿＿＿＿＿＿＿
＿＿＿＿＿＿＿＿＿＿
＿＿＿＿□□＿＿＿＿
＿＿＿＿□□＿＿＿＿
＿＿□＿□□＿＿＿＿
＿□□□□□□■■■
□□□□□＿□□□■
□□□□□□□＿＿□
□□□□□□□□□＿
□□□□□□□□□＿
□□□□□＿□□□□
□□□□□＿□□□□
□＿□□□□□□□□
□□□＿□□□＿□□
□□＿□□□□□□＿
□□＿□□□□□□＿
□□＿□□□□□□＿
□□□□□□□□□＿
□□□□□□□□□＿
00:45:56(82706f):field(82705f)
＿＿＿＿＿＿＿＿＿＿
＿＿＿＿＿＿＿＿＿＿
＿＿＿＿＿＿＿＿＿＿
＿＿■＿□□＿＿＿＿
＿＿■■□□＿＿＿＿
＿＿□■□□＿＿＿＿
＿□□□□□□□□□
□□□□□＿□□□□
□□□□□□□＿＿□
□□□□□□□□□＿
□□□□□□□□□＿
□□□□□＿□□□□
□□□□□＿□□□□
□＿□□□□□□□□
□□□＿□□□＿□□
□□＿□□□□□□＿
□□＿□□□□□□＿
□□＿□□□□□□＿
□□□□□□□□□＿
□□□□□□□□□＿
00:45:57(82719f):field(82718f)
＿＿＿＿＿＿＿＿＿＿
＿＿＿＿＿＿＿＿＿＿
＿＿＿＿＿＿＿＿＿＿
＿＿□＿□□＿＿＿＿
＿＿□□□□＿＿＿＿
＿＿□□□□■■■■
＿□□□□□□□□□
□□□□□＿□□□□
□□□□□□□＿＿□
□□□□□□□□□＿
□□□□□□□□□＿
□□□□□＿□□□□
□□□□□＿□□□□
□＿□□□□□□□□
□□□＿□□□＿□□
□□＿□□□□□□＿
□□＿□□□□□□＿
□□＿□□□□□□＿
□□□□□□□□□＿
□□□□□□□□□＿
00:45:57(82734f):field(82733f)
＿＿＿＿＿＿＿＿＿＿
＿＿＿＿＿＿＿＿＿＿
＿＿＿＿＿＿＿＿＿＿
＿＿□＿□□■■＿＿
＿＿□□□□■■＿＿
＿＿□□□□□□□□
＿□□□□□□□□□
□□□□□＿□□□□
□□□□□□□＿＿□
□□□□□□□□□＿
□□□□□□□□□＿
□□□□□＿□□□□
□□□□□＿□□□□
□＿□□□□□□□□
□□□＿□□□＿□□
□□＿□□□□□□＿
□□＿□□□□□□＿
□□＿□□□□□□＿
□□□□□□□□□＿
□□□□□□□□□＿
00:45:58(82750f):field(82749f)
＿＿＿＿＿＿＿＿＿＿
＿＿＿＿＿＿＿＿＿＿
＿＿■■■＿＿＿＿＿
＿＿□■□□□□＿＿
＿＿□□□□□□＿＿
＿＿□□□□□□□□
＿□□□□□□□□□
□□□□□＿□□□□
□□□□□□□＿＿□
□□□□□□□□□＿
□□□□□□□□□＿
□□□□□＿□□□□
□□□□□＿□□□□
□＿□□□□□□□□
□□□＿□□□＿□□
□□＿□□□□□□＿
□□＿□□□□□□＿
□□＿□□□□□□＿
□□□□□□□□□＿
□□□□□□□□□＿
00:45:58(82765f):field(82764f)
＿＿＿＿＿＿＿＿＿＿
＿＿＿＿＿＿＿＿＿＿
＿＿◆◆◆＿＿＿＿＿
＿＿◆◆◆◆◆◆＿＿
＿＿□□□◆◆◆＿＿
■■□□□□□□□□
＿□□□□□□□□◆
□□□□□＿□□□□
□□□□□□□■＿□
□□□□□□□□□＿
□□□□□□□□□＿
□□□□□＿□□□□
□□□□□＿□□□□
□＿□□□□□□□□
□□□＿□□□＿□□
□□＿□□□□□□＿
□□＿□□□□□□＿
□□＿□□□□□□＿
□□□□□□□□□＿
□□□□□□□□□＿
00:45:59(82777f):field(82776f)
＿＿＿＿＿＿＿＿＿＿
＿＿＿＿＿＿＿＿＿＿
＿＿＿＿＿＿＿＿＿＿
＿＿＿＿＿＿＿＿＿＿
＿＿□□□＿＿＿＿■
◆◆□□□□□□◆□
＿□□□□□□□□■
□□□□□＿□□□□
□□□□□□□◆＿□
□□□□□□□□□＿
□□□□□□□□□＿
□□□□□＿□□□□
□□□□□＿□□□□
□＿□□□□□□□□
□□□＿□□□＿□□
□□＿□□□□□□＿
□□＿□□□□□□＿
□□＿□□□□□□＿
□□□□□□□□□＿
□□□□□□□□□＿
00:45:59(82789f):field(82788f)
＿＿＿＿＿＿＿＿＿＿
＿＿＿＿＿＿＿＿＿＿
＿＿＿＿＿＿＿＿■＿
＿＿＿＿＿＿＿＿■＿
＿＿□□□＿＿＿■□
＿＿□□□□□□■□
＿□□□□□□□□□
□□□□□＿□□□□
□□□□□□□＿＿□
□□□□□□□□□＿
□□□□□□□□□＿
□□□□□＿□□□□
□□□□□＿□□□□
□＿□□□□□□□□
□□□＿□□□＿□□
□□＿□□□□□□＿
□□＿□□□□□□＿
□□＿□□□□□□＿
□□□□□□□□□＿
□□□□□□□□□＿
00:46:00(82803f):field(82802f)
＿＿＿＿＿＿＿＿＿＿
＿＿＿＿＿＿＿＿＿＿
＿＿＿＿＿＿＿＿□＿
＿＿＿＿＿＿■■□＿
＿＿□□□＿■■□□
＿＿□□□□□□□□
＿□□□□□□□□□
□□□□□＿□□□□
□□□□□□□＿＿□
□□□□□□□□□＿
□□□□□□□□□＿
□□□□□＿□□□□
□□□□□＿□□□□
□＿□□□□□□□□
□□□＿□□□＿□□
□□＿□□□□□□＿
□□＿□□□□□□＿
□□＿□□□□□□＿
□□□□□□□□□＿
□□□□□□□□□＿
00:46:00(82815f):field(82814f)
＿＿＿＿＿＿＿＿＿＿
＿＿＿＿＿＿＿＿＿＿
＿＿＿＿■＿＿＿□＿
＿＿■■■＿□□□＿
＿＿□□□＿□□□□
＿＿□□□□□□□□
＿□□□□□□□□□
□□□□□＿□□□□
□□□□□□□＿＿□
□□□□□□□□□＿
□□□□□□□□□＿
□□□□□＿□□□□
□□□□□＿□□□□
□＿□□□□□□□□
□□□＿□□□＿□□
□□＿□□□□□□＿
□□＿□□□□□□＿
□□＿□□□□□□＿
□□□□□□□□□＿
□□□□□□□□□＿
00:46:01(82833f):field(82832f)
＿＿＿＿＿＿＿＿＿＿
＿＿＿＿＿＿＿＿＿＿
＿＿＿＿□＿＿＿□＿
■＿□□□＿□□□＿
■■□□□＿□□□□
＿■□□□□□□□□
＿□□□□□□□□□
□□□□□＿□□□□
□□□□□□□＿＿□
□□□□□□□□□＿
□□□□□□□□□＿
□□□□□＿□□□□
□□□□□＿□□□□
□＿□□□□□□□□
□□□＿□□□＿□□
□□＿□□□□□□＿
□□＿□□□□□□＿
□□＿□□□□□□＿
□□□□□□□□□＿
□□□□□□□□□＿
00:46:01(82849f):field(82848f)
＿＿＿＿＿＿＿＿＿＿
＿＿■＿＿＿＿＿＿＿
＿■■＿□＿＿＿□＿
□■□□□＿□□□＿
□□□□□＿□□□□
＿□□□□□□□□□
＿□□□□□□□□□
□□□□□＿□□□□
□□□□□□□＿＿□
□□□□□□□□□＿
□□□□□□□□□＿
□□□□□＿□□□□
□□□□□＿□□□□
□＿□□□□□□□□
□□□＿□□□＿□□
□□＿□□□□□□＿
□□＿□□□□□□＿
□□＿□□□□□□＿
□□□□□□□□□＿
□□□□□□□□□＿
00:46:02(82861f):field(82860f)
＿＿＿＿＿＿＿＿＿＿
＿＿□＿＿＿＿＿＿＿
＿□□＿□■■■□＿
□□□□□■□□□＿
□□□□□＿□□□□
＿□□□□□□□□□
＿□□□□□□□□□
□□□□□＿□□□□
□□□□□□□＿＿□
□□□□□□□□□＿
□□□□□□□□□＿
□□□□□＿□□□□
□□□□□＿□□□□
□＿□□□□□□□□
□□□＿□□□＿□□
□□＿□□□□□□＿
□□＿□□□□□□＿
□□＿□□□□□□＿
□□□□□□□□□＿
□□□□□□□□□＿
00:46:02(82874f):field(82873f)
＿＿＿＿＿＿＿＿■＿
＿＿□＿＿＿＿＿■＿
＿□□＿□□□□□＿
□□□□□□□□□＿
□□□□□＿□□□□
＿□□□□□□□□□
＿□□□□□□□□□
□□□□□＿□□□□
□□□□□□□＿＿□
□□□□□□□□□＿
□□□□□□□□□＿
□□□□□＿□□□□
□□□□□＿□□□□
□＿□□□□□□□□
□□□＿□□□＿□□
□□＿□□□□□□＿
□□＿□□□□□□＿
□□＿□□□□□□＿
□□□□□□□□□＿
□□□□□□□□□＿
00:46:02(82887f):field(82886f)
＿＿＿■■■＿＿□＿
＿＿□＿■＿＿＿□＿
＿□□＿□□□□□＿
□□□□□□□□□＿
□□□□□＿□□□□
＿□□□□□□□□□
＿□□□□□□□□□
□□□□□＿□□□□
□□□□□□□＿＿□
□□□□□□□□□＿
□□□□□□□□□＿
□□□□□＿□□□□
□□□□□＿□□□□
□＿□□□□□□□□
□□□＿□□□＿□□
□□＿□□□□□□＿
□□＿□□□□□□＿
□□＿□□□□□□＿
□□□□□□□□□＿
□□□□□□□□□＿
00:46:05(82976f):game end
