00:39:51(71747f):game start
00:39:53(71790f):field(71789f)
＿＿＿＿＿＿＿＿＿＿
＿＿＿＿＿＿＿＿＿＿
＿＿＿＿＿＿＿＿＿＿
＿＿＿＿＿＿＿＿＿＿
＿＿＿＿＿＿＿＿＿＿
＿＿＿＿＿＿＿＿＿＿
＿＿＿＿＿＿＿＿＿＿
＿＿＿＿＿＿＿＿＿＿
＿＿＿＿＿＿＿＿＿＿
＿＿＿＿＿＿＿＿＿＿
＿＿＿＿＿＿＿＿＿＿
＿＿■■＿＿■＿＿＿
＿＿■■＿■■■＿＿
＿＿＿＿＿＿＿＿＿＿
＿＿＿＿＿＿＿＿＿＿
＿＿＿＿＿＿＿＿＿＿
＿＿＿＿＿＿＿＿＿＿
＿＿＿＿＿＿＿＿＿＿
＿＿＿＿＿＿＿＿＿＿
＿＿＿＿＿＿＿＿＿＿
00:39:53(71815f):field(71814f)
＿＿＿＿＿＿＿＿＿＿
＿＿＿＿＿＿＿＿＿＿
＿＿＿＿＿＿＿＿＿＿
＿＿＿＿＿＿＿＿＿＿
＿＿＿＿＿＿＿＿＿＿
＿＿＿＿＿＿＿＿＿＿
＿＿＿＿＿＿＿＿＿＿
＿＿＿＿＿＿＿＿＿＿
＿＿＿＿＿＿＿＿＿＿
＿＿＿＿＿＿＿＿＿＿
＿＿＿＿＿＿＿＿＿＿
＿＿◆◆＿＿◆＿＿＿
＿＿◆◆＿◆◆◆＿＿
＿＿＿＿＿＿＿＿＿＿
＿＿＿＿＿＿＿＿＿＿
＿＿＿＿＿＿＿＿＿＿
＿＿＿＿＿＿＿＿＿＿
＿＿＿＿＿＿＿＿＿＿
■＿＿＿＿＿＿＿＿＿
■■■■■■■＿＿＿
00:39:54(71828f):field(71827f)
＿＿＿＿＿＿＿＿＿＿
＿＿＿＿＿＿＿＿＿＿
＿＿＿＿＿＿＿＿＿＿
＿＿＿＿＿＿＿＿＿＿
＿＿＿＿＿＿＿＿＿＿
＿＿＿＿＿＿＿＿＿＿
＿＿＿＿＿＿＿＿＿＿
＿＿＿＿＿＿＿＿＿＿
＿＿＿＿＿＿＿＿＿＿
＿＿＿＿＿＿＿＿＿＿
＿＿＿＿＿＿＿＿＿＿
＿＿＿＿＿＿＿＿＿＿
＿＿＿＿＿＿＿＿＿＿
＿＿＿＿＿＿＿＿＿＿
＿＿＿＿＿＿＿＿＿＿
＿＿＿＿＿＿＿＿＿＿
＿＿＿＿＿＿＿＿＿＿
＿＿■＿＿＿＿＿＿＿
□■■■＿＿＿＿＿＿
□□□□□□□＿＿＿
00:39:54(71841f):field(71840f)
＿＿＿＿＿＿＿＿＿＿
＿＿＿＿＿＿＿＿＿＿
＿＿＿＿＿＿＿＿＿＿
＿＿＿＿＿＿＿＿＿＿
＿＿＿＿＿＿＿＿＿＿
＿＿＿＿＿＿＿＿＿＿
＿＿＿＿＿＿＿＿＿＿
＿＿＿＿＿＿＿＿＿＿
＿＿＿＿＿＿＿＿＿＿
＿＿＿＿＿＿＿＿＿＿
＿＿＿＿＿＿＿＿＿＿
＿＿＿＿＿＿＿＿＿＿
＿＿＿＿＿＿＿＿＿＿
＿＿＿＿＿＿＿＿＿＿
＿＿＿＿＿＿＿＿＿＿
＿＿＿＿＿＿＿＿＿＿
＿＿＿＿＿＿＿＿＿＿
＿＿□＿＿＿■＿＿＿
□□□□■■■＿＿＿
□□□□□□□＿＿＿
00:39:55(71852f):field(71851f)
＿＿＿＿＿＿＿＿＿＿
＿＿＿＿＿＿＿＿＿＿
＿＿＿＿＿＿＿＿＿＿
＿＿＿＿＿＿＿＿＿＿
＿＿＿＿＿＿＿＿＿＿
＿＿＿＿＿＿＿＿＿＿
＿＿＿＿＿＿＿＿＿＿
＿＿＿＿＿＿＿＿＿＿
＿＿＿＿＿＿＿＿＿＿
＿＿＿＿＿＿＿＿＿＿
＿＿＿＿＿＿＿＿＿＿
＿＿＿＿＿＿＿＿＿＿
＿＿＿＿＿＿＿＿＿＿
＿＿＿＿＿＿＿＿＿＿
＿＿＿＿＿＿＿＿＿＿
＿＿＿＿＿＿＿＿＿＿
＿＿＿＿■■＿＿＿＿
＿＿□＿■■□＿＿＿
□□□□□□□＿＿＿
□□□□□□□＿＿＿
00:39:55(71865f):field(71864f)
＿＿＿＿＿＿＿＿＿＿
＿＿＿＿＿＿＿＿＿＿
＿＿＿＿＿＿＿＿＿＿
＿＿＿＿＿＿＿＿＿＿
＿＿＿＿＿＿＿＿＿＿
＿＿＿＿＿＿＿＿＿＿
＿＿＿＿＿＿＿＿＿＿
＿＿＿＿＿＿＿＿＿＿
＿＿＿＿＿＿＿＿＿＿
＿＿＿＿＿＿＿＿＿＿
＿＿＿＿＿＿＿＿＿＿
＿＿＿＿＿＿＿＿＿＿
＿＿＿＿＿＿＿＿＿＿
＿＿＿＿＿＿＿＿＿＿
＿＿＿＿＿＿＿＿＿＿
＿＿＿■■＿＿＿＿＿
＿＿＿■□□＿＿＿＿
＿＿□■□□□＿＿＿
□□□□□□□＿＿＿
□□□□□□□＿＿＿
00:39:56(71881f):field(71880f)
＿＿＿＿＿＿＿＿＿＿
＿＿＿＿＿＿＿＿＿＿
＿＿＿＿＿＿＿＿＿＿
＿＿＿＿＿＿＿＿＿＿
＿＿＿＿＿＿＿＿＿＿
＿＿＿＿＿＿＿＿＿＿
＿＿＿＿＿＿＿＿＿＿
＿＿＿＿＿＿＿＿＿＿
＿＿＿＿＿＿＿＿＿＿
＿＿＿＿＿＿＿＿＿＿
＿＿＿＿＿＿＿＿＿＿
＿＿＿＿＿＿＿＿＿＿
＿＿＿＿＿＿＿＿＿＿
＿＿＿＿＿＿＿＿＿＿
＿＿＿＿＿＿＿＿＿＿
＿＿＿□□＿＿＿＿＿
＿＿＿□□□＿■＿＿
＿＿□□□□□■＿＿
□□□□□□□■＿＿
□□□□□□□■＿＿
00:39:56(71894f):field(71893f)
＿＿＿＿＿＿＿＿＿＿
＿＿＿＿＿＿＿＿＿＿
＿＿＿＿＿＿＿＿＿＿
＿＿＿＿＿＿＿＿＿＿
＿＿＿＿＿＿＿＿＿＿
＿＿＿＿＿＿＿＿＿＿
＿＿＿＿＿＿＿＿＿＿
＿＿＿＿＿＿＿＿＿＿
＿＿＿＿＿＿＿＿＿＿
＿＿＿＿＿＿＿＿＿＿
＿＿＿＿＿＿＿＿＿＿
＿＿＿＿＿＿＿＿＿＿
＿＿＿＿＿＿＿＿＿＿
＿＿＿＿＿＿＿＿＿＿
＿＿＿＿＿＿＿＿＿＿
＿＿■□□＿＿＿＿＿
＿■■□□□＿□＿＿
＿■□□□□□□＿＿
□□□□□□□□＿＿
□□□□□□□□＿＿
00:39:56(71909f):field(71908f)
＿＿＿＿＿＿＿＿＿＿
＿＿＿＿＿＿＿＿＿＿
＿＿＿＿＿＿＿＿＿＿
＿＿＿＿＿＿＿＿＿＿
＿＿＿＿＿＿＿＿＿＿
＿＿＿＿＿＿＿＿＿＿
＿＿＿＿＿＿＿＿＿＿
＿＿＿＿＿＿＿＿＿＿
＿＿＿＿＿＿＿＿＿＿
＿＿＿＿＿＿＿＿＿＿
＿＿＿＿＿＿＿＿＿＿
＿＿＿＿＿＿＿＿＿＿
＿＿＿＿＿＿＿＿＿＿
＿＿＿＿＿＿＿＿＿＿
＿＿＿＿＿■＿＿＿＿
＿＿□□□■■＿＿＿
＿□□□□□■□＿＿
＿□□□□□□□＿＿
□□□□□□□□＿＿
□□□□□□□□＿＿
00:39:57(71921f):field(71920f)
＿＿＿＿＿＿＿＿＿＿
＿＿＿＿＿＿＿＿＿＿
＿＿＿＿＿＿＿＿＿＿
＿＿＿＿＿＿＿＿＿＿
＿＿＿＿＿＿＿＿＿＿
＿＿＿＿＿＿＿＿＿＿
＿＿＿＿＿＿＿＿＿＿
＿＿＿＿＿＿＿＿＿＿
＿＿＿＿＿＿＿＿＿＿
＿＿＿＿＿＿＿＿＿＿
＿＿＿＿＿＿＿＿＿＿
＿＿＿＿＿＿＿＿＿＿
＿＿＿■＿＿＿＿＿＿
＿＿＿■＿＿＿＿＿＿
＿＿＿■■□＿＿＿＿
＿＿□□□□□＿＿＿
＿□□□□□□□＿＿
＿□□□□□□□＿＿
□□□□□□□□＿＿
□□□□□□□□＿＿
00:39:57(71938f):field(71937f)
＿＿＿＿＿＿＿＿＿＿
＿＿＿＿＿＿＿＿＿＿
＿＿＿＿＿＿＿＿＿＿
＿＿＿＿＿＿＿＿＿＿
＿＿＿＿＿＿＿＿＿＿
＿＿＿＿＿＿＿＿＿＿
＿＿＿＿＿＿＿＿＿＿
＿＿＿＿＿＿＿＿＿＿
＿＿＿＿＿＿＿＿＿＿
＿＿＿＿＿＿＿＿＿＿
＿＿＿＿＿＿＿＿＿＿
＿＿＿＿■■＿＿＿＿
＿＿＿□■＿＿＿＿＿
＿＿＿□■＿＿＿＿＿
＿＿＿□□□＿＿＿＿
＿＿□□□□□＿＿＿
＿□□□□□□□＿＿
＿□□□□□□□＿＿
□□□□□□□□＿＿
□□□□□□□□＿＿
00:39:58(71965f):field(71964f)
＿＿＿＿＿＿＿＿＿＿
＿＿＿＿＿＿＿＿＿＿
＿＿＿＿＿＿＿＿＿＿
＿＿＿＿＿＿＿＿＿＿
＿＿＿＿＿＿＿＿＿＿
＿＿＿＿＿＿＿＿＿＿
＿＿＿＿＿＿＿＿＿＿
＿＿＿＿＿＿＿＿＿＿
＿＿＿＿＿＿＿＿＿＿
＿＿＿＿＿＿＿＿＿＿
＿＿＿＿＿＿＿＿＿＿
＿＿＿＿◆◆＿＿＿＿
＿＿＿◆□■＿＿＿＿
＿＿＿□□＿＿＿＿＿
＿＿＿□□◆＿＿＿＿
＿＿◆□□□◆＿＿＿
＿◆□□□□□◆■＿
＿□□□□□□□＿＿
◆□□□□□□□■＿
□□□□□□□□■＿
00:39:59(71978f):field(71977f)
＿＿＿＿＿＿＿＿＿＿
＿＿＿＿＿＿＿＿＿＿
＿＿＿＿＿＿＿＿＿＿
＿＿＿＿＿＿＿＿＿＿
＿＿＿＿＿＿＿＿＿＿
＿＿＿＿＿＿＿＿＿＿
＿＿＿＿＿＿＿＿＿＿
＿＿＿＿＿＿＿＿＿＿
＿＿＿＿＿＿＿＿＿＿
＿＿＿＿＿＿＿＿＿＿
＿＿＿＿＿＿＿＿＿＿
＿＿＿＿＿＿＿＿＿＿
＿＿＿＿□□＿＿＿＿
＿＿＿□□＿＿＿＿＿
＿＿＿□□＿＿＿＿＿
■＿＿□□□＿＿＿＿
■＿□□□□□＿◆＿
■□□□□□□□＿＿
■□□□□□□□□＿
□□□□□□□□□＿
00:40:00(72003f):field(72002f)
＿＿＿＿＿＿＿＿＿＿
＿＿＿＿＿＿＿＿＿＿
＿＿＿＿＿＿＿＿＿＿
＿＿＿＿＿＿＿＿＿＿
＿＿＿＿＿＿＿＿＿＿
＿＿＿＿＿＿＿＿＿＿
＿＿＿＿＿＿＿＿＿＿
＿＿＿＿＿＿＿＿＿＿
＿＿＿＿＿＿＿＿＿＿
＿＿＿＿＿＿＿＿＿＿
＿＿＿＿＿＿＿＿＿＿
＿＿＿＿＿＿＿＿＿＿
＿＿＿＿□□＿＿＿＿
＿＿＿□□■＿＿＿＿
＿＿＿□□■■＿＿＿
□＿＿□□□■＿＿＿
□＿□□□□□＿＿＿
□□□□□□□□＿＿
□□□□□□□□□＿
□□□□□□□□□＿
00:40:00(72016f):field(72015f)
＿＿＿＿＿＿＿＿＿＿
＿＿＿＿＿＿＿＿＿＿
＿＿＿＿＿＿＿＿＿＿
＿＿＿＿＿＿＿＿＿＿
＿＿＿＿＿＿＿＿＿＿
＿＿＿＿＿＿＿＿＿＿
＿＿＿＿＿＿＿＿＿＿
＿＿＿＿＿＿＿＿＿＿
＿＿＿＿＿＿＿＿＿＿
＿＿＿＿＿＿＿＿＿＿
＿＿＿＿＿＿＿＿＿＿
＿＿＿＿＿＿＿＿＿＿
＿＿＿＿□□＿＿＿＿
＿＿＿□□□＿＿＿＿
＿＿■□□□□＿＿＿
□■■□□□□＿＿＿
□■□□□□□＿＿＿
□□□□□□□□＿＿
□□□□□□□□□＿
□□□□□□□□□＿
00:40:00(72028f):field(72027f)
＿＿＿＿＿＿＿＿＿＿
＿＿＿＿＿＿＿＿＿＿
＿＿＿＿＿＿＿＿＿＿
＿＿＿＿＿＿＿＿＿＿
＿＿＿＿＿＿＿＿＿＿
＿＿＿＿＿＿＿＿＿＿
＿＿＿＿＿＿＿＿＿＿
＿＿＿＿＿＿＿＿＿＿
＿＿＿＿＿＿＿＿＿＿
＿＿＿＿＿＿＿＿＿＿
＿＿＿＿＿＿＿＿＿＿
＿＿＿＿＿＿＿＿＿＿
＿＿＿＿□□＿＿＿＿
■■＿□□□＿＿＿＿
■■□□□□□＿＿＿
□□□□□□□＿＿＿
□□□□□□□＿＿＿
□□□□□□□□＿＿
□□□□□□□□□＿
□□□□□□□□□＿
00:40:01(72042f):field(72041f)
＿＿＿＿＿＿＿＿＿＿
＿＿＿＿＿＿＿＿＿＿
＿＿＿＿＿＿＿＿＿＿
＿＿＿＿＿＿＿＿＿＿
＿＿＿＿＿＿＿＿＿＿
＿＿＿＿＿＿＿＿＿＿
＿＿＿＿＿＿＿＿＿＿
＿＿＿＿＿＿＿＿＿＿
＿＿＿＿＿＿＿＿＿＿
＿＿＿＿＿＿＿＿＿＿
＿＿＿＿＿＿＿＿＿＿
＿＿＿■■■＿＿＿＿
＿＿＿■□□＿＿＿＿
□□＿□□□＿＿＿＿
□□□□□□□＿＿＿
□□□□□□□＿＿＿
□□□□□□□＿＿＿
□□□□□□□□＿＿
□□□□□□□□□＿
□□□□□□□□□＿
00:40:01(72055f):field(72054f)
＿＿＿＿＿＿＿＿＿＿
＿＿＿＿＿＿＿＿＿＿
＿＿＿＿＿＿＿＿＿＿
＿＿＿＿＿＿＿＿＿＿
＿＿＿＿＿＿＿＿＿＿
＿＿＿＿＿＿＿＿＿＿
＿＿＿＿＿＿＿＿＿＿
＿＿＿＿＿＿＿＿＿＿
＿＿＿＿＿＿＿＿＿＿
＿＿＿＿＿＿＿＿＿＿
＿＿＿＿＿＿＿＿＿＿
＿＿＿□□□＿＿＿＿
■■■□□□＿＿＿＿
□□■□□□＿＿＿＿
□□□□□□□＿＿＿
□□□□□□□＿＿＿
□□□□□□□＿＿＿
□□□□□□□□＿＿
□□□□□□□□□＿
□□□□□□□□□＿
00:40:02(72072f):field(72071f)
＿＿＿＿＿＿＿＿＿＿
＿＿＿＿＿＿＿＿＿＿
＿＿＿＿＿＿＿＿＿＿
＿＿＿＿＿＿＿＿＿＿
＿＿＿＿＿＿＿＿＿＿
＿＿＿＿＿＿＿＿＿＿
＿＿＿＿＿＿＿＿＿＿
＿＿＿＿＿＿＿＿＿＿
＿＿＿＿＿＿＿＿＿＿
＿＿＿＿＿＿＿＿＿＿
＿＿＿＿＿＿＿＿＿＿
＿＿＿□□□＿＿＿＿
□□□□□□＿＿＿＿
□□□□□□＿■＿＿
□□□□□□□■＿＿
□□□□□□□■＿＿
□□□□□□□■＿＿
□□□□□□□□＿＿
□□□□□□□□□＿
□□□□□□□□□＿
00:40:02(72089f):field(72088f)
＿＿＿＿＿＿＿＿＿＿
＿＿＿＿＿＿＿＿＿＿
＿＿＿＿＿＿＿＿＿＿
＿＿＿＿＿＿＿＿＿＿
＿＿＿＿＿＿＿＿＿＿
＿＿＿＿＿＿＿＿＿＿
＿＿＿＿＿＿＿＿＿＿
＿＿＿＿＿＿＿＿＿＿
＿＿＿＿＿＿＿＿＿＿
＿＿＿＿＿＿＿＿＿＿
＿＿＿＿＿＿＿＿＿＿
＿＿＿◆◆◆＿＿＿＿
◆◆◆□□□＿＿＿＿
□□□□□□＿◆＿＿
□□□□□□◆□＿＿
□□□□□□□□＿＿
□□□□□□□□＿■
□□□□□□□□■＿
□□□□□□□□□＿
□□□□□□□□□＿
00:40:03(72102f):field(72101f)
＿＿＿＿＿＿＿＿＿＿
＿＿＿＿＿＿＿＿＿＿
＿＿＿＿＿＿＿＿＿＿
＿＿＿＿＿＿＿＿＿＿
＿＿＿＿＿＿＿＿＿＿
＿＿＿＿＿＿＿＿＿＿
＿＿＿＿＿＿＿＿＿＿
＿＿＿＿＿＿＿＿＿＿
＿＿＿＿＿＿＿＿＿＿
＿＿＿＿＿＿＿＿＿＿
＿＿＿＿＿＿＿＿＿＿
■■＿＿＿＿＿＿＿＿
■■＿□□□＿＿＿＿
□□□□□□＿＿＿＿
□□□□□□＿□＿＿
□□□□□□□□＿＿
□□□□□□□□＿□
□□□□□□□□□＿
□□□□□□□□□＿
□□□□□□□□□＿
00:40:03(72115f):field(72114f)
＿＿＿＿＿＿＿＿＿＿
＿＿＿＿＿＿＿＿＿＿
＿＿＿＿＿＿＿＿＿＿
＿＿＿＿＿＿＿＿＿＿
＿＿＿＿＿＿＿＿＿＿
＿＿＿＿＿＿＿＿＿＿
＿＿＿＿＿＿＿＿＿＿
＿＿＿＿＿＿＿＿＿＿
＿＿＿＿＿＿＿＿＿＿
＿＿＿＿＿＿＿＿＿＿
＿＿＿＿＿＿＿＿＿＿
□□■■■＿＿＿＿＿
□□■□□□＿＿＿＿
□□□□□□＿＿＿＿
□□□□□□＿□＿＿
□□□□□□□□＿＿
□□□□□□□□＿□
□□□□□□□□□＿
□□□□□□□□□＿
□□□□□□□□□＿
00:40:04(72132f):field(72131f)
＿＿＿＿＿＿＿＿＿＿
＿＿＿＿＿＿＿＿＿＿
＿＿＿＿＿＿＿＿＿＿
＿＿＿＿＿＿＿＿＿＿
＿＿＿＿＿＿＿＿＿＿
＿＿＿＿＿＿＿＿＿＿
＿＿＿＿＿＿＿＿＿＿
＿＿＿＿＿＿＿＿＿＿
＿＿＿＿＿＿＿＿＿＿
＿＿＿＿＿＿＿＿＿＿
＿＿＿＿＿＿＿＿＿＿
□□□□□＿＿＿＿＿
□□□□□□■■＿＿
□□□□□□■＿＿＿
□□□□□□■□＿＿
□□□□□□□□＿＿
□□□□□□□□＿□
□□□□□□□□□＿
□□□□□□□□□＿
□□□□□□□□□＿
00:40:04(72145f):field(72144f)
＿＿＿＿＿＿＿＿＿＿
＿＿＿＿＿＿＿＿＿＿
＿＿＿＿＿＿＿＿＿＿
＿＿＿＿＿＿＿＿＿＿
＿＿＿＿＿＿＿＿＿＿
＿＿＿＿＿＿＿＿＿＿
＿＿＿＿＿＿＿＿＿＿
＿＿＿＿＿＿＿＿＿＿
＿＿＿＿＿＿＿＿＿＿
＿＿＿＿■＿＿＿＿＿
＿＿＿＿■■＿＿＿＿
□□□□□■＿＿＿＿
□□□□□□□□＿＿
□□□□□□□＿＿＿
□□□□□□□□＿＿
□□□□□□□□＿＿
□□□□□□□□＿□
□□□□□□□□□＿
□□□□□□□□□＿
□□□□□□□□□＿
00:40:05(72166f):field(72165f)
＿＿＿＿＿＿＿＿＿＿
＿＿＿＿＿＿＿＿＿＿
＿＿＿＿＿＿＿＿＿＿
＿＿＿＿＿＿＿＿＿＿
＿＿＿＿＿＿＿＿＿＿
＿＿＿＿＿＿＿＿＿＿
＿＿＿＿＿＿＿＿＿＿
＿＿＿＿＿＿＿＿＿＿
＿＿＿＿＿＿＿＿＿＿
＿＿＿＿◆＿＿＿＿＿
＿＿＿＿◆◆＿＿＿＿
◆◆◆◆□◆＿＿＿＿
◆◆◆◆□□◆◆＿＿
□□□□□□◆＿＿＿
□□□□□□□□＿＿
□□□□□□□◆＿＿
□□□□□□□□■◆
□□□□□□□□□＿
□□□□□□□□□＿
□□□□□□□□□＿
00:40:06(72181f):field(72180f)
＿＿＿＿＿＿＿＿＿＿
＿＿＿＿＿＿＿＿＿＿
＿＿＿＿＿＿＿＿＿＿
＿＿＿＿＿＿＿＿＿＿
＿＿＿＿＿＿＿＿＿＿
＿＿＿＿＿＿＿＿＿＿
＿＿＿＿＿＿＿＿＿＿
＿＿＿＿＿＿＿＿＿＿
＿＿＿＿＿＿＿＿＿＿
＿＿＿＿＿＿＿＿＿＿
＿＿＿＿＿＿＿＿＿＿
＿＿＿＿□＿＿＿＿＿
■■■■□□＿＿＿＿
□□□□□□＿＿＿＿
□□□□□□□□＿＿
□□□□□□□＿＿＿
□□□□□□□□□＿
□□□□□□□□□＿
□□□□□□□□□＿
□□□□□□□□□＿
00:40:06(72195f):field(72194f)
＿＿＿＿＿＿＿＿＿＿
＿＿＿＿＿＿＿＿＿＿
＿＿＿＿＿＿＿＿＿＿
＿＿＿＿＿＿＿＿＿＿
＿＿＿＿＿＿＿＿＿＿
＿＿＿＿＿＿＿＿＿＿
＿＿＿＿＿＿＿＿＿＿
＿＿＿＿＿＿＿＿＿＿
＿＿＿＿＿＿＿＿＿＿
＿＿＿＿■＿＿＿＿＿
＿＿＿■■＿＿＿＿＿
＿＿＿■□＿＿＿＿＿
□□□□□□＿＿＿＿
□□□□□□＿＿＿＿
□□□□□□□□＿＿
□□□□□□□＿＿＿
□□□□□□□□□＿
□□□□□□□□□＿
□□□□□□□□□＿
□□□□□□□□□＿
00:40:07(72215f):field(72214f)
＿＿＿＿＿＿＿＿＿＿
＿＿＿＿＿＿＿＿＿＿
＿＿＿＿＿＿＿＿＿＿
＿＿＿＿＿＿＿＿＿＿
＿＿＿＿＿＿＿＿＿＿
＿＿＿＿＿＿＿＿＿＿
＿＿＿＿＿＿＿＿＿＿
＿＿＿＿＿＿＿＿＿＿
＿＿＿＿＿＿＿＿＿＿
＿＿＿＿□＿＿＿＿＿
＿＿＿□□■＿＿＿＿
＿＿＿□□■■＿＿＿
□□□□□□■＿＿＿
□□□□□□＿＿＿＿
□□□□□□□□＿＿
□□□□□□□＿＿＿
□□□□□□□□□＿
□□□□□□□□□＿
□□□□□□□□□＿
□□□□□□□□□＿
00:40:07(72229f):field(72228f)
＿＿＿＿＿＿＿＿＿＿
＿＿＿＿＿＿＿＿＿＿
＿＿＿＿＿＿＿＿＿＿
＿＿＿＿＿＿＿＿＿＿
＿＿＿＿＿＿＿＿＿＿
＿＿＿＿＿＿＿＿＿＿
＿＿＿＿＿＿＿＿＿＿
＿＿＿＿＿＿＿＿＿＿
＿＿＿＿＿＿＿＿＿＿
＿＿＿＿□＿＿＿＿＿
＿■■□□□＿＿＿＿
＿■■□□□□＿＿＿
□□□□□□□＿＿＿
□□□□□□＿＿＿＿
□□□□□□□□＿＿
□□□□□□□＿＿＿
□□□□□□□□□＿
□□□□□□□□□＿
□□□□□□□□□＿
□□□□□□□□□＿
00:40:08(72252f):field(72251f)
＿＿＿＿＿＿＿＿＿＿
＿＿＿＿＿＿＿＿＿＿
＿＿＿＿＿＿＿＿＿＿
＿＿＿＿＿＿＿＿＿＿
＿＿＿＿＿＿＿＿＿＿
＿＿＿＿＿＿＿＿＿＿
＿＿＿＿＿＿＿＿＿＿
＿＿＿＿＿＿＿＿＿＿
＿＿＿＿＿＿＿＿＿＿
＿＿＿＿◆＿＿＿＿＿
＿◆◆◆□◆＿＿＿＿
＿□□□□□◆＿＿＿
◆□□□□□□＿＿＿
□□□□□□■＿＿＿
□□□□□□◆◆＿＿
□□□□□□□■＿■
□□□□□□□□□＿
□□□□□□□□□＿
□□□□□□□□□＿
□□□□□□□□□＿
00:40:09(72273f):field(72272f)
＿＿＿＿＿＿＿＿＿＿
＿＿＿＿＿＿＿＿＿＿
＿＿＿＿＿＿＿＿＿＿
＿＿＿＿＿＿＿＿＿＿
＿＿＿＿＿＿＿＿＿＿
＿＿＿＿＿＿＿＿＿＿
＿＿＿＿＿＿＿＿＿＿
＿＿＿＿＿＿＿＿＿＿
＿＿＿＿＿＿＿＿＿＿
＿＿＿＿＿＿＿＿＿＿
＿＿＿＿◆＿＿＿＿＿
＿◆◆◆□◆＿＿＿＿
＿□□□□□◆＿＿＿
◆□□□□□□＿＿＿
□□□□□□■＿＿＿
□□□□□□□□■◆
□□□□□□□□□＿
□□□□□□□□□＿
□□□□□□□□□＿
□□□□□□□□□＿
00:40:09(72294f):field(72293f)
＿＿＿＿＿＿＿＿＿＿
＿＿＿＿＿＿＿＿＿＿
＿＿＿＿＿＿＿＿＿＿
＿＿＿＿＿＿＿＿＿＿
＿＿＿＿＿＿＿＿＿＿
＿＿＿＿＿＿＿＿＿＿
＿＿＿＿＿＿＿＿＿＿
＿＿＿＿＿＿＿＿＿＿
＿＿＿＿＿＿＿＿＿＿
＿＿＿＿＿＿＿＿＿＿
＿＿＿＿＿＿＿＿＿＿
＿＿＿＿◆＿＿＿＿＿
＿◆◆◆□◆＿＿＿＿
＿□□□□□◆＿＿＿
◆□□□□□□＿■＿
□□□□□□□□□＿
□□□□□□□□□＿
□□□□□□□□□＿
□□□□□□□□□＿
□□□□□□□□□＿
00:40:10(72308f):field(72307f)
＿＿＿＿＿＿＿＿＿＿
＿＿＿＿＿＿＿＿＿＿
＿＿＿＿＿＿＿＿＿＿
＿＿＿＿＿＿＿＿＿＿
＿＿＿＿＿＿＿＿＿＿
＿＿＿＿＿＿＿＿＿＿
＿＿＿＿＿＿＿＿＿＿
＿＿＿＿＿＿＿＿＿＿
＿＿＿＿＿＿＿＿＿＿
＿＿＿＿＿＿＿＿＿＿
＿＿＿＿■＿＿＿＿＿
＿＿＿■■＿＿＿＿＿
＿＿＿■□＿＿＿＿＿
＿□□□□□＿＿＿＿
＿□□□□□□＿□＿
□□□□□□□□□＿
□□□□□□□□□＿
□□□□□□□□□＿
□□□□□□□□□＿
□□□□□□□□□＿
00:40:10(72321f):field(72320f)
＿＿＿＿＿＿＿＿＿＿
＿＿＿＿＿＿＿＿＿＿
＿＿＿＿＿＿＿＿＿＿
＿＿＿＿＿＿＿＿＿＿
＿＿＿＿＿＿＿＿＿＿
＿＿＿＿＿＿＿＿＿＿
＿＿＿＿＿＿＿＿＿＿
＿＿＿＿＿＿＿＿＿＿
＿＿＿＿＿＿＿＿＿＿
＿＿＿＿＿＿＿＿＿＿
＿＿＿＿□＿＿＿＿＿
■＿＿□□＿＿＿＿＿
■＿＿□□＿＿＿＿＿
■□□□□□＿＿＿＿
■□□□□□□＿□＿
□□□□□□□□□＿
□□□□□□□□□＿
□□□□□□□□□＿
□□□□□□□□□＿
□□□□□□□□□＿
00:40:11(72339f):field(72338f)
＿＿＿＿＿＿＿＿＿＿
＿＿＿＿＿＿＿＿＿＿
＿＿＿＿＿＿＿＿＿＿
＿＿＿＿＿＿＿＿＿＿
＿＿＿＿＿＿＿＿＿＿
＿＿＿＿＿＿＿＿＿＿
＿＿＿＿＿＿＿＿＿＿
＿＿＿＿＿＿＿＿＿＿
＿＿＿＿＿＿＿＿＿＿
＿＿＿＿＿＿＿＿＿＿
■■＿＿□＿＿＿＿＿
□■＿□□＿＿＿＿＿
□■＿□□＿＿＿＿＿
□□□□□□＿＿＿＿
□□□□□□□＿□＿
□□□□□□□□□＿
□□□□□□□□□＿
□□□□□□□□□＿
□□□□□□□□□＿
□□□□□□□□□＿
00:40:11(72352f):field(72351f)
＿＿＿＿＿＿＿＿＿＿
＿＿＿＿＿＿＿＿＿＿
＿＿＿＿＿＿＿＿＿＿
＿＿＿＿＿＿＿＿＿＿
＿＿＿＿＿＿＿＿＿＿
＿＿＿＿＿＿＿＿＿＿
＿＿＿＿＿＿＿＿＿＿
＿＿＿＿＿＿＿＿＿＿
＿＿＿＿＿＿＿＿＿＿
＿＿＿＿＿＿＿＿＿＿
□□＿＿□＿＿＿＿＿
□□＿□□■■＿＿＿
□□＿□□■■＿＿＿
□□□□□□＿＿＿＿
□□□□□□□＿□＿
□□□□□□□□□＿
□□□□□□□□□＿
□□□□□□□□□＿
□□□□□□□□□＿
□□□□□□□□□＿
00:40:12(72366f):field(72365f)
＿＿＿＿＿＿＿＿＿＿
＿＿＿＿＿＿＿＿＿＿
＿＿＿＿＿＿＿＿＿＿
＿＿＿＿＿＿＿＿＿＿
＿＿＿＿＿＿＿＿＿＿
＿＿＿＿＿＿＿＿＿＿
＿＿＿＿＿＿＿＿＿＿
＿＿＿＿＿＿＿＿＿＿
＿＿＿＿■＿＿＿＿＿
＿＿＿＿■■＿＿＿＿
□□＿＿□■＿＿＿＿
□□＿□□□□＿＿＿
□□＿□□□□＿＿＿
□□□□□□＿＿＿＿
□□□□□□□＿□＿
□□□□□□□□□＿
□□□□□□□□□＿
□□□□□□□□□＿
□□□□□□□□□＿
□□□□□□□□□＿
00:40:12(72379f):field(72378f)
＿＿＿＿＿＿＿＿＿＿
＿＿＿＿＿＿＿＿＿＿
＿＿＿＿＿＿＿＿＿＿
＿＿＿＿＿＿＿＿＿＿
＿＿＿＿＿＿＿＿＿＿
＿＿＿＿＿■＿＿＿＿
＿＿＿＿■■＿＿＿＿
＿＿＿＿■＿＿＿＿＿
＿＿＿＿□＿＿＿＿＿
＿＿＿＿□□＿＿＿＿
□□＿＿□□＿＿＿＿
□□＿□□□□＿＿＿
□□＿□□□□＿＿＿
□□□□□□＿＿＿＿
□□□□□□□＿□＿
□□□□□□□□□＿
□□□□□□□□□＿
□□□□□□□□□＿
□□□□□□□□□＿
□□□□□□□□□＿
00:40:13(72399f):field(72398f)
＿＿＿＿＿＿＿＿＿＿
＿＿＿＿＿＿＿＿＿＿
＿＿＿＿＿＿＿＿＿＿
＿＿＿＿＿＿＿＿＿＿
＿＿＿＿＿＿＿＿＿＿
＿＿＿＿＿□＿＿＿＿
＿＿＿＿□□＿＿＿＿
＿＿＿＿□＿＿＿＿＿
＿＿＿＿□＿＿＿＿＿
＿＿■＿□□＿＿＿＿
□□■＿□□＿＿＿＿
□□■□□□□＿＿＿
□□■□□□□＿＿＿
□□□□□□＿＿＿＿
□□□□□□□＿□＿
□□□□□□□□□＿
□□□□□□□□□＿
□□□□□□□□□＿
□□□□□□□□□＿
□□□□□□□□□＿
00:40:13(72414f):field(72413f)
＿＿＿＿＿＿＿＿＿＿
＿＿＿＿＿＿＿＿＿＿
＿＿＿＿＿＿＿＿＿＿
＿＿＿＿■＿＿＿＿＿
＿＿＿＿■■＿＿＿＿
＿＿＿＿■□＿＿＿＿
＿＿＿＿□□＿＿＿＿
＿＿＿＿□＿＿＿＿＿
＿＿＿＿□＿＿＿＿＿
＿＿□＿□□＿＿＿＿
□□□＿□□＿＿＿＿
□□□□□□□＿＿＿
□□□□□□□＿＿＿
□□□□□□＿＿＿＿
□□□□□□□＿□＿
□□□□□□□□□＿
□□□□□□□□□＿
□□□□□□□□□＿
□□□□□□□□□＿
□□□□□□□□□＿
00:40:14(72434f):field(72433f)
＿＿＿＿＿＿＿＿＿＿
＿＿＿＿＿＿＿＿＿＿
＿＿＿＿＿＿＿＿＿＿
＿＿＿＿□＿＿＿＿＿
＿＿＿＿□□＿＿＿＿
＿＿＿＿□□＿＿＿＿
＿＿＿＿□□＿＿＿＿
＿＿＿＿□＿＿＿＿＿
＿＿＿＿□＿＿＿＿＿
＿＿□＿□□＿＿＿＿
□□□＿□□＿＿＿＿
□□□□□□□＿＿＿
□□□□□□□＿■＿
□□□□□□＿■■＿
□□□□□□□■□＿
□□□□□□□□□＿
□□□□□□□□□＿
□□□□□□□□□＿
□□□□□□□□□＿
□□□□□□□□□＿
00:40:15(72451f):field(72450f)
＿＿＿＿＿＿＿＿＿＿
＿＿＿＿＿＿＿＿＿＿
＿＿＿＿＿＿＿＿＿＿
＿＿＿＿□＿＿＿＿＿
＿＿＿＿□□＿＿＿＿
＿＿＿＿□□＿＿＿＿
＿＿＿＿□□＿＿＿＿
＿＿■＿□＿＿＿＿＿
＿＿■■□＿＿＿＿＿
＿＿□■□□＿＿＿＿
□□□＿□□＿＿＿＿
□□□□□□□＿＿＿
□□□□□□□＿□＿
□□□□□□＿□□＿
□□□□□□□□□＿
□□□□□□□□□＿
□□□□□□□□□＿
□□□□□□□□□＿
□□□□□□□□□＿
□□□□□□□□□＿
00:40:15(72468f):field(72467f)
＿＿＿＿＿＿＿＿＿＿
＿＿＿＿＿＿＿＿＿＿
＿＿＿＿＿＿＿＿＿＿
＿＿＿＿□＿＿＿＿＿
＿＿＿＿□□＿＿＿＿
＿＿＿＿□□＿＿＿＿
＿＿＿＿□□＿＿＿＿
＿＿□＿□＿＿＿＿＿
＿＿□□□＿＿＿＿＿
＿＿□□□□＿＿＿＿
□□□＿□□＿■■＿
□□□□□□□■＿＿
□□□□□□□■□＿
□□□□□□＿□□＿
□□□□□□□□□＿
□□□□□□□□□＿
□□□□□□□□□＿
□□□□□□□□□＿
□□□□□□□□□＿
□□□□□□□□□＿
00:40:16(72484f):field(72483f)
＿＿＿＿＿＿＿＿＿＿
＿＿＿＿＿＿＿＿＿＿
＿＿＿＿＿＿＿＿＿＿
＿＿＿＿□＿＿＿＿＿
＿＿＿＿□□＿＿＿＿
＿＿＿＿□□＿＿＿＿
＿＿＿＿□□＿＿＿＿
＿＿□＿□＿＿＿＿＿
■■□□□＿＿＿＿＿
■■□□□□＿＿＿＿
□□□＿□□＿□□＿
□□□□□□□□＿＿
□□□□□□□□□＿
□□□□□□＿□□＿
□□□□□□□□□＿
□□□□□□□□□＿
□□□□□□□□□＿
□□□□□□□□□＿
□□□□□□□□□＿
□□□□□□□□□＿
00:40:16(72500f):field(72499f)
＿＿＿＿＿＿＿＿＿＿
＿＿＿＿＿＿＿＿＿＿
＿＿＿＿＿＿＿＿＿＿
＿＿＿＿□＿＿＿＿＿
＿＿＿＿□□＿＿＿＿
＿＿＿＿□□＿＿＿＿
＿＿＿＿□□＿＿＿＿
＿＿□＿□＿＿＿＿＿
□□□□□＿＿＿＿＿
□□□□□□■■■＿
□□□＿□□■□□＿
□□□□□□□□＿＿
□□□□□□□□□＿
□□□□□□＿□□＿
□□□□□□□□□＿
□□□□□□□□□＿
□□□□□□□□□＿
□□□□□□□□□＿
□□□□□□□□□＿
□□□□□□□□□＿
00:40:17(72535f):field(72534f)
＿＿＿＿＿＿＿＿＿＿
＿＿＿＿＿＿＿＿＿＿
＿＿＿＿＿＿＿＿＿＿
＿＿＿＿◆＿＿＿＿＿
＿＿＿＿◆◆＿＿＿＿
＿＿＿＿◆◆＿＿＿＿
＿＿＿＿◆◆＿＿＿＿
＿＿◆＿□＿＿＿＿＿
◆◆◆◆□■＿＿＿＿
◆◆◆◆□□◆◆◆＿
◆◆◆＿□□□◆◆＿
◆◆□◆□□□◆＿＿
□□□□□□◆◆◆＿
□□□□□□■□□＿
□□□◆□□□□□＿
□□□□□□□□◆＿
□□□□□□□□□＿
□□□□□□◆□□＿
□□□□□□□□□＿
□□□□□□□□□＿
00:40:18(72557f):field(72556f)
＿＿＿＿＿＿＿＿＿＿
＿＿＿＿＿＿＿＿＿＿
＿＿＿＿＿＿＿＿＿＿
＿＿＿＿＿＿＿＿＿＿
＿＿＿＿＿＿＿＿＿＿
＿＿＿＿＿＿＿＿＿＿
＿＿＿＿＿＿＿＿＿＿
＿＿＿＿◆＿＿＿＿＿
＿＿＿＿◆◆＿＿＿＿
＿＿＿＿◆◆＿＿＿＿
＿＿＿＿□◆◆＿＿＿
＿＿◆＿□□◆＿＿＿
◆◆◆◆□□＿＿＿＿
◆◆◆◆□□□◆◆＿
◆◆□＿□□□◆◆＿
□□□□□□◆◆＿＿
□□□□□□□□□＿
□□□◆□□■□□＿
□□□□□□□□◆＿
□□□□□□◆□□■
00:40:19(72571f):field(72570f)
＿＿＿＿＿＿＿＿＿＿
＿＿＿＿＿＿＿＿＿＿
＿＿＿＿＿＿＿＿＿＿
＿＿＿＿＿＿＿＿＿＿
＿＿＿＿＿＿＿＿＿＿
＿＿＿＿＿＿＿＿＿＿
＿＿＿＿＿＿＿＿＿＿
＿＿＿＿＿＿＿＿＿＿
＿＿＿＿＿＿＿＿＿＿
＿＿＿＿＿＿＿＿＿＿
＿＿＿＿□＿＿＿＿＿
＿＿＿＿□□＿＿＿＿
＿＿■＿□□＿＿＿＿
＿＿■■□□□＿＿＿
＿＿□■□□□＿＿＿
□□□□□□＿＿＿＿
□□□□□□□□□＿
□□□＿□□□□□＿
□□□□□□□□＿＿
□□□□□□＿□□□
00:40:19(72587f):field(72586f)
＿＿＿＿＿＿＿＿＿＿
＿＿＿＿＿＿＿＿＿＿
＿＿＿＿＿＿＿＿＿＿
＿＿＿＿＿＿＿＿＿＿
＿＿＿＿＿＿＿＿＿＿
＿＿＿＿＿＿＿＿＿＿
＿＿＿＿＿＿＿＿＿＿
＿＿＿＿＿＿＿＿＿＿
＿＿＿＿＿＿＿＿＿＿
＿＿＿＿＿＿＿＿＿＿
＿＿＿＿□＿＿＿＿＿
＿＿＿＿□□＿＿＿＿
＿＿□＿□□＿＿＿＿
＿＿□□□□□＿＿＿
＿＿□□□□□＿■＿
□□□□□□■■■＿
□□□□□□□□□＿
□□□＿□□□□□＿
□□□□□□□□＿＿
□□□□□□＿□□□
00:40:20(72600f):field(72599f)
＿＿＿＿＿＿＿＿＿＿
＿＿＿＿＿＿＿＿＿＿
＿＿＿＿＿＿＿＿＿＿
＿＿＿＿＿＿＿＿＿＿
＿＿＿＿＿＿＿＿＿＿
＿＿＿＿＿＿＿＿＿＿
＿＿＿＿＿＿＿＿＿＿
＿＿＿＿＿＿＿＿＿＿
＿＿＿＿＿＿＿＿＿＿
＿＿＿＿＿＿＿＿＿＿
＿＿＿＿□＿＿＿＿＿
＿＿＿＿□□＿＿＿＿
＿■□＿□□＿＿＿＿
＿■□□□□□＿＿＿
■■□□□□□＿□＿
□□□□□□□□□＿
□□□□□□□□□＿
□□□＿□□□□□＿
□□□□□□□□＿＿
□□□□□□＿□□□
00:40:20(72621f):field(72620f)
＿＿＿＿＿＿＿＿＿＿
＿＿＿＿＿＿＿＿＿＿
＿＿＿＿＿＿＿＿＿＿
＿＿＿＿＿＿＿＿＿＿
＿＿＿＿＿＿＿＿＿＿
＿＿＿＿＿＿＿＿＿＿
＿＿＿＿＿＿＿＿＿＿
＿＿＿＿＿＿＿＿＿＿
＿＿＿＿＿＿＿＿＿＿
＿＿＿＿＿＿＿＿＿＿
＿＿＿＿□＿＿＿＿＿
＿＿＿＿□□＿＿＿＿
＿□□＿□□＿■＿＿
＿□□□□□□■■＿
□□□□□□□■□＿
□□□□□□□□□＿
□□□□□□□□□＿
□□□＿□□□□□＿
□□□□□□□□＿＿
□□□□□□＿□□□
00:40:21(72634f):field(72633f)
＿＿＿＿＿＿＿＿＿＿
＿＿＿＿＿＿＿＿＿＿
＿＿＿＿＿＿＿＿＿＿
＿＿＿＿＿＿＿＿＿＿
＿＿＿＿＿＿＿＿＿＿
＿＿＿＿＿＿＿＿＿＿
＿＿＿＿＿＿＿＿＿＿
＿＿＿＿＿＿＿＿＿＿
＿＿＿＿＿＿＿＿＿＿
＿＿＿＿＿＿＿＿＿＿
＿＿＿＿□＿＿■＿＿
＿＿＿＿□□■■＿＿
＿□□＿□□■□＿＿
＿□□□□□□□□＿
□□□□□□□□□＿
□□□□□□□□□＿
□□□□□□□□□＿
□□□＿□□□□□＿
□□□□□□□□＿＿
□□□□□□＿□□□
00:40:21(72647f):field(72646f)
＿＿＿＿＿＿＿＿＿＿
＿＿＿＿＿＿＿＿＿＿
＿＿＿＿＿＿＿＿＿＿
＿＿＿＿＿＿＿＿＿＿
＿＿＿＿＿＿＿＿＿＿
＿＿＿＿＿＿＿＿＿＿
＿＿＿＿＿＿＿＿＿＿
＿＿＿＿＿＿＿＿＿＿
＿＿＿＿＿＿＿＿＿＿
＿＿＿＿＿■■＿＿＿
＿＿＿＿□■■□＿＿
＿＿＿＿□□□□＿＿
＿□□＿□□□□＿＿
＿□□□□□□□□＿
□□□□□□□□□＿
□□□□□□□□□＿
□□□□□□□□□＿
□□□＿□□□□□＿
□□□□□□□□＿＿
□□□□□□＿□□□
00:40:21(72659f):field(72658f)
＿＿＿＿＿＿＿＿＿＿
＿＿＿＿＿＿＿＿＿＿
＿＿＿＿＿＿＿＿＿＿
＿＿＿＿＿＿＿＿＿＿
＿＿＿＿＿＿＿＿＿＿
＿＿＿＿＿＿＿＿＿＿
＿＿＿＿＿＿＿＿＿＿
＿＿＿＿＿＿＿＿＿＿
＿＿＿＿＿＿＿＿＿＿
＿＿＿＿＿□□＿＿＿
＿＿■＿□□□□＿＿
＿＿■■□□□□＿＿
＿□□■□□□□＿＿
＿□□□□□□□□＿
□□□□□□□□□＿
□□□□□□□□□＿
□□□□□□□□□＿
□□□＿□□□□□＿
□□□□□□□□＿＿
□□□□□□＿□□□
00:40:22(72685f):field(72684f)
＿＿＿＿＿＿＿＿＿＿
＿＿＿＿＿＿＿＿＿＿
＿＿＿＿＿＿＿＿＿＿
＿＿＿＿＿＿＿＿＿＿
＿＿＿＿＿＿＿＿＿＿
＿＿＿＿＿＿＿＿＿＿
＿＿＿＿＿＿＿＿＿＿
＿＿＿＿＿＿＿＿＿＿
＿＿＿＿＿＿＿＿＿＿
＿■■■＿□□＿＿＿
＿＿□■□□□□＿＿
＿＿□□□□□□＿＿
＿□□□□□□□＿＿
＿□□□□□□□□＿
□□□□□□□□□＿
□□□□□□□□□＿
□□□□□□□□□＿
□□□＿□□□□□＿
□□□□□□□□＿＿
□□□□□□＿□□□
00:40:23(72700f):field(72699f)
＿＿＿＿＿＿＿＿＿＿
＿＿＿＿＿＿＿＿＿＿
＿＿＿＿＿＿＿＿＿＿
＿＿＿＿＿＿＿＿＿＿
＿＿＿＿＿＿＿＿＿＿
＿＿＿＿＿＿＿＿＿＿
＿＿＿＿＿＿＿＿＿＿
＿＿＿＿＿＿＿＿＿＿
＿＿＿■■■＿＿＿＿
＿□□□■□□＿＿＿
＿＿□□□□□□＿＿
＿＿□□□□□□＿＿
＿□□□□□□□＿＿
＿□□□□□□□□＿
□□□□□□□□□＿
□□□□□□□□□＿
□□□□□□□□□＿
□□□＿□□□□□＿
□□□□□□□□＿＿
□□□□□□＿□□□
00:40:23(72716f):field(72715f)
＿＿＿＿＿＿＿＿＿＿
＿＿＿＿＿＿＿＿＿＿
＿＿＿＿＿＿＿＿＿＿
＿＿＿＿＿＿＿＿＿＿
＿＿＿＿＿＿＿＿＿＿
＿＿＿＿＿＿＿＿＿＿
＿＿＿＿＿＿＿＿＿＿
＿＿＿＿＿＿＿＿＿＿
＿＿＿◆◆◆＿＿＿＿
＿◆◆□□□◆＿＿＿
＿■□□□□□◆＿＿
＿＿□□□□□□＿＿
＿◆□□□□□□＿＿
＿□□□□□□□□■
◆□□□□□□□□■
□□□□□□□□□＿
□□□□□□□□□■
□□□＿□□□□□＿
□□□□□□□□＿＿
□□□□□□＿□□□
00:40:24(72729f):field(72728f)
＿＿＿＿＿＿＿＿＿＿
＿＿＿＿＿＿＿＿＿＿
＿＿＿＿＿＿＿＿＿＿
＿＿＿＿＿＿＿＿＿＿
＿＿＿＿＿＿＿＿＿＿
＿＿＿＿＿＿＿＿＿＿
＿＿＿＿＿＿＿＿＿＿
＿＿＿＿＿＿＿＿＿＿
＿＿＿＿＿＿＿＿＿＿
＿＿＿□□□＿＿＿＿
＿□□□□□□＿＿■
＿＿□□□□□□■■
＿＿□□□□□□■＿
＿□□□□□□□□□
＿□□□□□□□□□
□□□□□□□□□＿
□□□□□□□□□◆
□□□＿□□□□□＿
□□□□□□□□＿＿
□□□□□□＿□□□
00:40:24(72742f):field(72741f)
＿＿＿＿＿＿＿＿＿＿
＿＿＿＿＿＿＿＿＿＿
＿＿＿＿＿＿＿＿＿＿
＿＿＿＿＿＿＿＿＿＿
＿＿＿＿＿＿＿＿＿＿
＿＿＿＿＿＿＿＿＿＿
＿＿＿＿＿＿＿＿＿＿
＿＿＿＿＿＿＿＿＿＿
＿＿＿＿＿＿＿＿＿＿
＿＿＿□□□＿＿■■
＿□□□□□□■■□
＿＿□□□□□□□□
＿＿□□□□□□□＿
＿□□□□□□□□□
＿□□□□□□□□□
□□□□□□□□□＿
□□□□□□□□□＿
□□□＿□□□□□＿
□□□□□□□□＿＿
□□□□□□＿□□□
00:40:25(72759f):field(72758f)
＿＿＿＿＿＿＿＿＿＿
＿＿＿＿＿＿＿＿＿＿
＿＿＿＿＿＿＿＿＿＿
＿＿＿＿＿＿＿＿＿＿
＿＿＿＿＿＿＿＿＿＿
＿＿＿＿＿＿＿＿＿＿
＿＿＿＿＿＿＿＿＿＿
＿＿＿＿＿＿＿＿＿＿
＿＿＿＿＿＿＿＿＿＿
＿■＿◆◆◆＿＿◆◆
■□◆□□□◆◆□□
■＿□□□□□□□□
■＿□□□□□□□■
＿□□□□□□□□□
■□□□□□□□□□
□□□□□□□□□＿
□□□□□□□□□＿
□□□＿□□□□□＿
□□□□□□□□＿＿
□□□□□□＿□□□
00:40:25(72772f):field(72771f)
＿＿＿＿＿＿＿＿＿＿
＿＿＿＿＿＿＿＿＿＿
＿＿＿＿＿＿＿＿＿＿
＿＿＿＿＿＿＿＿＿＿
＿＿＿＿＿＿＿＿＿＿
＿＿＿＿＿＿＿＿＿＿
＿＿＿＿＿＿＿＿＿＿
＿＿＿＿＿＿＿＿＿＿
＿＿＿＿＿＿＿＿＿＿
＿◆＿＿＿＿■■＿＿
□□＿□□□■■□□
□＿□□□□□□□□
◆＿□□□□□□□◆
＿□□□□□□□□□
◆□□□□□□□□□
□□□□□□□□□＿
□□□□□□□□□＿
□□□＿□□□□□＿
□□□□□□□□＿＿
□□□□□□＿□□□
00:40:26(72791f):field(72790f)
＿＿＿＿＿＿＿＿＿＿
＿＿＿＿＿＿＿＿＿＿
＿＿＿＿＿＿＿＿＿＿
＿＿＿＿＿＿＿＿＿＿
＿＿＿＿＿＿＿＿＿＿
＿＿＿＿＿＿＿＿＿＿
＿＿＿＿＿＿＿＿＿＿
＿＿＿＿＿＿＿＿＿＿
＿＿■＿＿＿＿＿■＿
＿＿■＿＿＿□◆＿＿
◆◆■◆□◆□□◆◆
□＿□□□□□□□□
＿＿□□□□□□□＿
＿□□□□□□□□□
＿□□□□□□□□□
□□□□□□□□□＿
□□□□□□□□□＿
□□□＿□□□□□＿
□□□□□□□□＿＿
□□□□□□＿□□□
00:40:26(72804f):field(72803f)
＿＿＿＿＿＿＿＿＿＿
＿＿＿＿＿＿＿＿＿＿
＿＿＿＿＿＿＿＿＿＿
＿＿＿＿＿＿＿＿＿＿
＿＿＿＿＿＿＿＿＿＿
＿＿＿＿＿＿＿＿＿＿
＿＿＿＿＿＿＿＿＿＿
＿＿＿＿＿＿＿＿＿＿
＿＿□■＿＿＿＿◆＿
＿＿□■＿＿◆＿＿＿
＿＿□■□＿□□＿＿
□＿□□□□□□□□
＿＿□□□□□□□＿
＿□□□□□□□□□
＿□□□□□□□□□
□□□□□□□□□＿
□□□□□□□□□＿
□□□＿□□□□□＿
□□□□□□□□＿＿
□□□□□□＿□□□
00:40:27(72817f):field(72816f)
＿＿＿＿＿＿＿＿＿＿
＿＿＿＿＿＿＿＿＿＿
＿＿＿＿＿＿＿＿＿＿
＿＿＿＿＿＿＿＿＿＿
＿＿＿＿＿＿＿＿＿＿
＿＿＿＿＿＿＿＿＿＿
＿＿＿＿＿＿＿＿＿＿
＿＿＿＿＿＿＿＿＿＿
＿＿□□＿＿＿＿＿＿
＿＿□□■■■＿＿＿
＿＿□□□■□□＿＿
□＿□□□□□□□□
＿＿□□□□□□□＿
＿□□□□□□□□□
＿□□□□□□□□□
□□□□□□□□□＿
□□□□□□□□□＿
□□□＿□□□□□＿
□□□□□□□□＿＿
□□□□□□＿□□□
00:40:27(72833f):field(72832f)
＿＿＿＿＿＿＿＿＿＿
＿＿＿＿＿＿＿＿＿＿
＿＿＿＿＿＿＿＿＿＿
＿＿＿＿＿＿＿＿＿＿
＿＿＿＿＿＿＿＿＿＿
＿＿＿＿＿＿＿＿＿＿
＿＿＿■＿＿＿＿＿＿
＿＿＿■■＿＿＿＿＿
＿＿□□■＿＿＿＿＿
＿＿□□□□□＿＿＿
＿＿□□□□□□＿＿
□＿□□□□□□□□
＿＿□□□□□□□＿
＿□□□□□□□□□
＿□□□□□□□□□
□□□□□□□□□＿
□□□□□□□□□＿
□□□＿□□□□□＿
□□□□□□□□＿＿
□□□□□□＿□□□
00:40:28(72859f):field(72858f)
＿＿＿＿＿＿＿＿＿＿
＿＿＿＿＿＿＿＿＿＿
＿＿＿＿＿＿＿＿＿＿
＿＿＿＿＿＿＿＿＿＿
＿＿＿＿＿＿＿＿＿＿
＿＿＿＿＿＿＿＿＿＿
＿＿＿□＿＿＿＿＿＿
＿＿＿□□＿＿＿＿＿
＿＿□□□＿＿＿＿＿
＿＿□□□□□■■■
＿＿□□□□□□＿■
□＿□□□□□□□□
＿＿□□□□□□□＿
＿□□□□□□□□□
＿□□□□□□□□□
□□□□□□□□□＿
□□□□□□□□□＿
□□□＿□□□□□＿
□□□□□□□□＿＿
□□□□□□＿□□□
00:40:29(72873f):field(72872f)
＿＿＿＿＿＿＿＿＿＿
＿＿＿＿＿＿＿＿＿＿
＿＿＿＿＿＿＿＿＿＿
＿＿＿＿＿＿＿＿＿＿
＿＿＿＿＿＿＿＿＿＿
＿＿＿＿＿＿＿＿＿＿
＿＿＿□＿＿■＿＿＿
＿＿＿□□■■＿＿＿
＿＿□□□■＿＿＿＿
＿＿□□□□□□□□
＿＿□□□□□□＿□
□＿□□□□□□□□
＿＿□□□□□□□＿
＿□□□□□□□□□
＿□□□□□□□□□
□□□□□□□□□＿
□□□□□□□□□＿
□□□＿□□□□□＿
□□□□□□□□＿＿
□□□□□□＿□□□
00:40:29(72886f):field(72885f)
＿＿＿＿＿＿＿＿＿＿
＿＿＿＿＿＿＿＿＿＿
＿＿＿＿＿＿＿＿＿＿
＿＿＿＿＿＿＿＿＿＿
＿＿＿＿■＿＿＿＿＿
＿＿＿＿■＿＿＿＿＿
＿＿＿□■■□＿＿＿
＿＿＿□□□□＿＿＿
＿＿□□□□＿＿＿＿
＿＿□□□□□□□□
＿＿□□□□□□＿□
□＿□□□□□□□□
＿＿□□□□□□□＿
＿□□□□□□□□□
＿□□□□□□□□□
□□□□□□□□□＿
□□□□□□□□□＿
□□□＿□□□□□＿
□□□□□□□□＿＿
□□□□□□＿□□□
00:40:29(72899f):field(72898f)
＿＿＿＿＿＿＿＿＿＿
＿＿＿＿＿＿＿＿＿＿
＿＿＿＿＿＿＿＿＿＿
＿＿＿＿＿＿＿＿＿＿
＿＿＿＿□■■＿＿＿
＿＿＿＿□■■＿＿＿
＿＿＿□□□□＿＿＿
＿＿＿□□□□＿＿＿
＿＿□□□□＿＿＿＿
＿＿□□□□□□□□
＿＿□□□□□□＿□
□＿□□□□□□□□
＿＿□□□□□□□＿
＿□□□□□□□□□
＿□□□□□□□□□
□□□□□□□□□＿
□□□□□□□□□＿
□□□＿□□□□□＿
□□□□□□□□＿＿
□□□□□□＿□□□
00:40:30(72918f):field(72917f)
＿＿＿＿＿＿＿＿＿＿
＿＿＿＿＿＿＿＿＿＿
＿＿＿＿＿＿＿＿＿＿
＿＿＿＿＿＿＿＿＿＿
＿＿＿＿◆◆◆＿＿＿
＿＿＿＿□□□＿＿＿
＿＿＿◆□□□＿＿＿
＿＿＿□□□□＿＿＿
＿＿◆□□□■＿＿＿
＿＿□□□□◆◆◆◆
■＿□□□□□□■□
□■□□□□□□◆□
＿＿□□□□□□□＿
＿□□□□□□□□□
＿□□□□□□□□□
□□□□□□□□□＿
□□□□□□□□□＿
□□□＿□□□□□＿
□□□□□□□□＿＿
□□□□□□＿□□□
00:40:31(72938f):field(72937f)
＿＿＿＿＿＿＿＿＿＿
＿＿＿＿＿＿＿＿＿＿
＿＿＿＿＿＿＿＿＿＿
＿＿＿＿＿＿＿＿＿＿
＿＿＿＿＿＿＿＿＿＿
＿＿＿＿◆◆◆＿＿＿
＿＿＿＿□□□＿＿＿
＿＿＿◆□□□＿＿＿
＿＿＿□□□□＿＿＿
＿■◆□□□■＿＿＿
□■□□□□□◆◆◆
□□□□□□□□＿□
＿＿□□□□□□□＿
＿□□□□□□□□□
■□□□□□□□□□
□□□□□□□□□＿
□□□□□□□□□＿
□□□＿□□□□□＿
□□□□□□□□＿＿
□□□□□□＿□□□
00:40:31(72955f):field(72954f)
＿＿＿＿＿＿＿＿＿＿
＿＿＿＿＿＿＿＿＿＿
＿＿＿＿＿＿＿＿＿＿
＿＿＿＿＿＿＿＿＿＿
＿＿＿＿＿＿＿＿＿＿
＿＿＿＿＿＿＿＿＿＿
＿＿＿＿□□□＿＿＿
＿＿■■□□□＿＿＿
＿＿■□□□□＿＿＿
＿□■□□□□＿＿＿
□□□□□□◆＿＿＿
□□□□□□□□＿□
＿＿□□□□□□□＿
＿□□□□□□□□□
◆□□□□□□□□□
□□□□□□□□□＿
□□□□□□□□□＿
□□□＿□□□□□＿
□□□□□□□□＿＿
□□□□□□＿□□□
00:40:32(72968f):field(72967f)
＿＿＿＿＿＿＿＿＿＿
＿＿＿＿＿＿＿＿＿＿
＿＿＿＿＿＿＿＿＿＿
＿＿＿＿＿＿＿＿＿＿
＿＿＿＿＿＿＿＿＿＿
＿＿＿■■■＿＿＿＿
＿＿＿■□□□＿＿＿
＿＿□□□□□＿＿＿
＿＿□□□□□＿＿＿
＿□□□□□□＿＿＿
□□□□□□＿＿＿＿
□□□□□□□□＿□
＿＿□□□□□□□＿
＿□□□□□□□□□
＿□□□□□□□□□
□□□□□□□□□＿
□□□□□□□□□＿
□□□＿□□□□□＿
□□□□□□□□＿＿
□□□□□□＿□□□
00:40:33(72992f):field(72991f)
＿＿＿＿＿＿＿＿＿＿
＿＿＿＿＿＿＿＿＿＿
＿＿＿＿＿＿＿＿＿＿
＿＿＿＿＿＿＿＿＿＿
＿＿＿＿＿＿＿＿＿＿
＿＿＿□□□＿＿＿＿
■＿＿□□□□＿＿＿
■＿□□□□□＿＿＿
■＿□□□□□＿＿＿
■□□□□□□＿＿＿
□□□□□□＿＿＿＿
□□□□□□□□＿□
＿＿□□□□□□□＿
＿□□□□□□□□□
＿□□□□□□□□□
□□□□□□□□□＿
□□□□□□□□□＿
□□□＿□□□□□＿
□□□□□□□□＿＿
□□□□□□＿□□□
00:40:34(73026f):field(73025f)
＿＿＿＿＿＿＿＿＿＿
＿＿＿＿＿＿＿＿＿＿
＿＿＿＿＿＿＿＿＿＿
＿＿＿＿＿＿＿＿＿＿
＿＿＿＿＿＿＿＿＿＿
＿＿＿□□□＿＿＿＿
□＿＿□□□□＿＿＿
□＿□□□□□＿＿＿
□＿□□□□□＿＿＿
□□□□□□□■■＿
□□□□□□■■＿＿
□□□□□□□□＿□
＿＿□□□□□□□＿
＿□□□□□□□□□
＿□□□□□□□□□
□□□□□□□□□＿
□□□□□□□□□＿
□□□＿□□□□□＿
□□□□□□□□＿＿
□□□□□□＿□□□
00:40:34(73046f):field(73045f)
＿＿＿＿＿＿＿＿＿＿
＿＿＿＿＿＿＿＿＿＿
＿＿＿＿＿＿＿＿＿＿
＿＿＿＿＿＿＿＿＿＿
＿＿＿＿＿＿＿＿＿＿
＿＿＿□□□＿＿＿＿
□＿＿□□□□＿＿＿
□＿□□□□□■■＿
□＿□□□□□＿■■
□□□□□□□□□＿
□□□□□□□□＿＿
□□□□□□□□＿□
＿＿□□□□□□□＿
＿□□□□□□□□□
＿□□□□□□□□□
□□□□□□□□□＿
□□□□□□□□□＿
□□□＿□□□□□＿
□□□□□□□□＿＿
□□□□□□＿□□□
00:40:35(73061f):field(73060f)
＿＿＿＿＿＿＿＿＿＿
＿＿＿＿＿＿＿＿＿＿
＿＿＿＿＿＿＿＿＿＿
＿＿＿＿■■＿＿＿＿
＿＿＿＿■■＿＿＿＿
＿＿＿□□□＿＿＿＿
□＿＿□□□□＿＿＿
□＿□□□□□□□＿
□＿□□□□□＿□□
□□□□□□□□□＿
□□□□□□□□＿＿
□□□□□□□□＿□
＿＿□□□□□□□＿
＿□□□□□□□□□
＿□□□□□□□□□
□□□□□□□□□＿
□□□□□□□□□＿
□□□＿□□□□□＿
□□□□□□□□＿＿
□□□□□□＿□□□
00:40:35(73077f):field(73076f)
＿＿＿＿＿＿＿＿＿＿
＿＿＿＿＿＿＿＿＿＿
＿＿＿＿＿＿＿＿＿＿
＿＿＿＿□□＿＿＿＿
＿＿＿＿□□＿＿＿＿
＿＿＿□□□＿＿＿＿
□■■□□□□＿＿＿
□■□□□□□□□＿
□■□□□□□＿□□
□□□□□□□□□＿
□□□□□□□□＿＿
□□□□□□□□＿□
＿＿□□□□□□□＿
＿□□□□□□□□□
＿□□□□□□□□□
□□□□□□□□□＿
□□□□□□□□□＿
□□□＿□□□□□＿
□□□□□□□□＿＿
□□□□□□＿□□□
00:40:36(73096f):field(73095f)
＿＿＿＿＿＿＿＿＿＿
＿＿＿＿＿＿＿＿＿＿
＿＿＿＿＿＿＿＿＿＿
＿＿＿＿◆◆＿＿＿＿
＿＿＿＿□□＿＿＿＿
＿＿＿◆□□＿＿＿＿
◆◆◆□□□◆＿＿■
□□□□□□□□□■
□□□□□□□＿□□
□□□□□□□□□＿
□□□□□□□□＿＿
□□□□□□□□＿□
＿＿□□□□□□□＿
＿□□□□□□□□□
＿□□□□□□□□□
□□□□□□□□□＿
□□□□□□□□□＿
□□□＿□□□□□＿
□□□□□□□□＿＿
□□□□□□＿□□□
00:40:37(73110f):field(73109f)
＿＿＿＿＿＿＿＿＿＿
＿＿＿＿＿＿＿＿＿＿
＿＿＿＿＿＿＿＿＿＿
＿＿＿＿＿＿＿＿＿＿
＿＿＿＿□□＿＿＿＿
＿＿■■□□＿＿＿＿
＿■■□□□＿＿＿□
□□□□□□□◆□□
□□□□□□□＿□□
□□□□□□□□□＿
□□□□□□□□＿＿
□□□□□□□□＿□
＿＿□□□□□□□＿
＿□□□□□□□□□
＿□□□□□□□□□
□□□□□□□□□＿
□□□□□□□□□＿
□□□＿□□□□□＿
□□□□□□□□＿＿
□□□□□□＿□□□
00:40:37(73127f):field(73126f)
＿＿＿＿＿＿＿＿＿＿
＿＿＿＿＿＿＿＿＿＿
＿＿＿＿＿＿＿＿＿＿
＿＿＿＿＿＿＿＿＿＿
＿＿＿＿◆◆＿＿＿＿
＿＿◆◆◆◆＿＿＿＿
＿◆□◆□□＿＿＿◆
□□□□□□◆＿□□
◆□□□□□□■◆□
□□□□□□□□□■
□□□□□□□□＿＿
□□□□□□□□＿□
＿＿□□□□□□□＿
＿□□□□□□□□□
＿□□□□□□□□□
□□□□□□□□□＿
□□□□□□□□□＿
□□□＿□□□□□＿
□□□□□□□□＿＿
□□□□□□＿□□□
00:40:38(73142f):field(73141f)
＿＿＿＿＿＿＿＿＿＿
＿＿＿＿＿＿＿＿＿＿
＿＿＿＿＿＿＿＿＿＿
＿＿＿＿＿＿＿＿＿＿
＿＿＿＿＿＿＿＿＿＿
＿＿＿＿＿＿＿＿＿＿
＿■◆＿□□＿＿＿＿
□□□□□□＿＿◆◆
■□□□□□□□＿□
□□□□□□□□□◆
□□□□□□□□＿＿
□□□□□□□□＿□
＿＿□□□□□□□＿
＿□□□□□□□□□
＿□□□□□□□□□
□□□□□□□□□＿
□□□□□□□□□＿
□□□＿□□□□□＿
□□□□□□□□＿＿
□□□□□□＿□□□
00:40:38(73157f):field(73156f)
＿＿＿＿＿＿＿＿＿＿
＿＿＿＿＿＿＿＿＿＿
＿＿＿＿＿＿＿＿＿＿
＿＿＿＿＿＿＿＿＿＿
＿＿＿＿＿＿＿＿＿＿
＿＿＿＿＿＿＿＿＿＿
＿◆＿＿◆◆＿＿＿＿
◆□□◆□□＿＿＿＿
□□□□□□□□■◆
□□□□□□□□□＿
□□□□□□□□＿■
□□□□□□□□＿□
＿＿□□□□□□□＿
＿□□□□□□□□□
＿□□□□□□□□□
□□□□□□□□□＿
□□□□□□□□□＿
□□□＿□□□□□＿
□□□□□□□□＿＿
□□□□□□＿□□□
00:40:38(73169f):field(73168f)
＿＿＿＿＿＿＿＿＿＿
＿＿＿＿＿＿＿＿＿＿
＿＿＿＿＿＿＿＿＿＿
＿＿＿＿＿＿＿＿＿＿
＿＿＿＿＿＿＿＿＿＿
＿＿＿■＿＿＿＿＿＿
＿＿＿■■＿＿＿＿＿
＿□◆■□□＿＿＿＿
□□□□□□□□□＿
□□□□□□□□□＿
□□□□□□□□＿◆
□□□□□□□□＿□
＿＿□□□□□□□＿
＿□□□□□□□□□
＿□□□□□□□□□
□□□□□□□□□＿
□□□□□□□□□＿
□□□＿□□□□□＿
□□□□□□□□＿＿
□□□□□□＿□□□
00:40:39(73181f):field(73180f)
＿＿＿＿＿＿＿＿＿＿
＿＿＿＿＿＿＿＿＿＿
＿＿＿＿＿＿＿＿＿＿
＿＿＿＿＿＿＿＿＿＿
＿＿＿＿■＿＿＿＿＿
＿＿＿□■■＿＿＿＿
＿＿＿□□■＿＿＿＿
＿□＿□□□＿＿＿＿
□□□□□□□□□＿
□□□□□□□□□＿
□□□□□□□□＿＿
□□□□□□□□＿□
＿＿□□□□□□□＿
＿□□□□□□□□□
＿□□□□□□□□□
□□□□□□□□□＿
□□□□□□□□□＿
□□□＿□□□□□＿
□□□□□□□□＿＿
□□□□□□＿□□□
00:40:39(73195f):field(73194f)
＿＿＿＿＿＿＿＿＿＿
＿＿＿＿＿＿＿＿＿＿
＿＿＿＿＿＿＿＿＿＿
＿＿＿＿＿＿＿＿＿＿
＿＿＿＿◆＿＿＿＿＿
＿＿＿◆◆◆＿＿＿＿
＿＿＿◆□◆＿＿＿＿
＿□＿□□□■＿＿＿
◆□◆□□□◆◆◆■
◆□□□□□◆□◆■
□□□□□□□□＿■
□□□□□□□□＿□
＿＿□□□□□□□＿
＿□□□□□□□□□
＿□□□□□□□□□
□□□□□□□□□＿
□□□□□□□□□＿
□□□＿□□□□□＿
□□□□□□□□＿＿
□□□□□□＿□□□
00:40:40(73208f):field(73207f)
＿＿＿＿＿＿＿＿＿＿
＿＿＿＿＿＿＿＿＿＿
＿＿＿＿＿＿＿＿＿＿
＿＿＿＿＿＿＿＿＿＿
＿＿＿＿＿＿＿＿＿＿
＿＿＿＿＿＿＿＿＿＿
＿＿＿＿□＿＿＿＿＿
＿◆＿□□□◆＿＿＿
＿◆＿□□□■■＿◆
＿□◆□□□■□＿□
□□□□□□□□＿□
□□□□□□□□＿□
＿＿□□□□□□□＿
＿□□□□□□□□□
＿□□□□□□□□□
□□□□□□□□□＿
□□□□□□□□□＿
□□□＿□□□□□＿
□□□□□□□□＿＿
□□□□□□＿□□□
00:40:40(73228f):field(73227f)
＿＿＿＿＿＿＿＿＿＿
＿＿＿＿＿＿＿＿＿＿
＿＿＿＿＿＿＿＿＿＿
＿＿＿＿＿＿＿＿＿＿
＿＿＿＿＿＿＿＿＿＿
＿＿＿＿＿＿■＿＿＿
＿＿＿＿□＿■＿＿＿
＿＿＿□□□■■＿＿
＿＿＿□□□□□＿＿
＿□＿□□□□□＿□
□□□□□□□□＿□
□□□□□□□□＿□
＿＿□□□□□□□＿
＿□□□□□□□□□
＿□□□□□□□□□
□□□□□□□□□＿
□□□□□□□□□＿
□□□＿□□□□□＿
□□□□□□□□＿＿
□□□□□□＿□□□
00:40:41(73240f):field(73239f)
＿＿＿＿＿＿＿＿＿＿
＿＿＿＿＿＿＿＿＿＿
＿＿＿＿＿＿＿＿＿＿
＿＿＿＿＿＿＿＿＿＿
＿＿＿＿■＿＿＿＿＿
＿＿＿■■＿□＿＿＿
＿＿＿■□＿□＿＿＿
＿＿＿□□□□□＿＿
＿＿＿□□□□□＿＿
＿□＿□□□□□＿□
□□□□□□□□＿□
□□□□□□□□＿□
＿＿□□□□□□□＿
＿□□□□□□□□□
＿□□□□□□□□□
□□□□□□□□□＿
□□□□□□□□□＿
□□□＿□□□□□＿
□□□□□□□□＿＿
□□□□□□＿□□□
00:40:41(73253f):field(73252f)
＿＿＿＿＿＿＿＿＿＿
＿＿＿＿＿＿＿＿＿＿
＿＿＿＿＿＿＿＿＿＿
＿＿＿＿＿＿＿＿＿＿
＿＿＿＿□■■＿＿＿
＿＿＿□□■□＿＿＿
＿＿＿□□■□＿＿＿
＿＿＿□□□□□＿＿
＿＿＿□□□□□＿＿
＿□＿□□□□□＿□
□□□□□□□□＿□
□□□□□□□□＿□
＿＿□□□□□□□＿
＿□□□□□□□□□
＿□□□□□□□□□
□□□□□□□□□＿
□□□□□□□□□＿
□□□＿□□□□□＿
□□□□□□□□＿＿
□□□□□□＿□□□
00:40:42(73267f):field(73266f)
＿＿＿＿＿＿＿＿＿＿
＿＿＿＿＿＿＿＿＿＿
＿＿＿＿＿＿＿＿＿＿
＿＿＿＿＿＿＿＿＿＿
＿＿＿＿□□□＿＿＿
＿＿＿□□□□＿＿＿
＿＿＿□□□□＿＿＿
＿■＿□□□□□＿＿
＿■■□□□□□＿＿
＿□■□□□□□＿□
□□□□□□□□＿□
□□□□□□□□＿□
＿＿□□□□□□□＿
＿□□□□□□□□□
＿□□□□□□□□□
□□□□□□□□□＿
□□□□□□□□□＿
□□□＿□□□□□＿
□□□□□□□□＿＿
□□□□□□＿□□□
00:40:42(73282f):field(73281f)
＿＿＿＿＿＿＿＿＿＿
＿＿＿＿＿＿＿＿＿＿
＿＿＿＿＿＿＿＿＿＿
＿＿＿＿＿＿＿＿＿＿
＿＿＿＿◆◆◆＿＿＿
＿＿＿◆□□□＿＿＿
＿＿＿□□□□＿＿＿
＿◆＿□□□□◆＿＿
＿□◆□□□□□＿＿
＿□□□□□□□■□
◆□□□□□□□■□
□□□□□□□□＿□
＿■□□□□□□□＿
＿□□□□□□□□□
＿□□□□□□□□□
□□□□□□□□□＿
□□□□□□□□□＿
□□□＿□□□□□＿
□□□□□□□□＿＿
□□□□□□＿□□□
00:40:43(73296f):field(73295f)
＿＿＿＿＿＿＿＿＿＿
＿＿＿＿＿＿＿＿＿＿
＿＿＿＿＿＿＿＿＿＿
＿＿＿＿＿＿＿＿＿＿
＿＿＿＿＿＿＿＿＿＿
＿＿＿＿□□□＿＿＿
＿＿＿□□□□＿＿＿
＿＿＿□□□□＿■■
＿□＿□□□□□■■
＿□□□□□□□□□
＿□□□□□□□□□
□□□□□□□□＿□
＿◆□□□□□□□＿
＿□□□□□□□□□
＿□□□□□□□□□
□□□□□□□□□＿
□□□□□□□□□＿
□□□＿□□□□□＿
□□□□□□□□＿＿
□□□□□□＿□□□
00:40:43(73309f):field(73308f)
＿＿＿＿＿＿＿＿＿＿
＿＿＿＿＿＿＿＿＿＿
＿＿＿＿＿＿＿＿＿＿
＿＿＿＿＿＿＿＿＿＿
＿＿＿＿＿＿＿＿＿＿
＿＿＿＿□□□＿■＿
＿＿＿□□□□■■＿
＿＿＿□□□□■□□
＿□＿□□□□□□□
＿□□□□□□□□□
＿□□□□□□□□□
□□□□□□□□＿□
＿＿□□□□□□□＿
＿□□□□□□□□□
＿□□□□□□□□□
□□□□□□□□□＿
□□□□□□□□□＿
□□□＿□□□□□＿
□□□□□□□□＿＿
□□□□□□＿□□□
00:40:44(73326f):field(73325f)
＿＿＿＿＿＿＿＿＿＿
＿＿＿＿＿＿＿＿＿＿
＿＿＿＿＿＿＿＿＿＿
＿＿＿＿＿＿＿＿＿＿
＿＿＿＿＿＿＿＿＿＿
＿＿＿＿□□□＿□＿
＿＿■□□□□□□＿
＿■■□□□□□□□
＿□■□□□□□□□
＿□□□□□□□□□
＿□□□□□□□□□
□□□□□□□□＿□
＿＿□□□□□□□＿
＿□□□□□□□□□
＿□□□□□□□□□
□□□□□□□□□＿
□□□□□□□□□＿
□□□＿□□□□□＿
□□□□□□□□＿＿
□□□□□□＿□□□
00:40:44(73337f):field(73336f)
＿＿＿＿＿＿＿＿＿＿
＿＿＿＿＿＿＿＿＿＿
＿＿＿＿＿＿＿＿＿＿
＿＿＿＿＿＿＿＿＿＿
＿＿＿＿＿＿＿＿＿＿
＿＿＿＿◆◆◆＿◆＿
＿＿◆◆□◆◆◆◆＿
＿□□□◆◆◆◆◆□
■□□□◆□□◆□◆
■◆□□□□□□□◆
■◆□□□□□□□◆
□□□□□□□□＿□
＿＿□□□□□□□■
＿□□□□□□□□□
＿□□□□□□□□□
□□□□□□□□□＿
□□□□□□□□□＿
□□□＿□□□□□＿
□□□□□□□□＿＿
□□□□□□＿□□□
00:40:45(73350f):field(73349f)
＿＿＿＿＿＿＿＿＿＿
＿＿＿＿＿＿＿＿＿＿
＿＿＿＿＿＿＿＿＿＿
＿＿＿＿＿＿＿＿＿＿
＿＿＿＿＿＿＿＿＿＿
＿＿＿＿＿＿＿＿＿＿
＿＿＿＿◆＿＿＿＿＿
＿◆◆◆＿＿＿＿＿◆
□◆◆◆＿◆◆＿◆＿
□＿◆◆□□□◆□＿
□■□□□□□□□＿
□□□□□□□□＿□
＿＿□□□□□□□◆
＿□□□□□□□□□
＿□□□□□□□□□
□□□□□□□□□＿
□□□□□□□□□＿
□□□＿□□□□□＿
□□□□□□□□＿＿
□□□□□□＿□□□
00:40:45(73364f):field(73363f)
＿＿＿＿＿＿＿＿＿＿
＿＿＿＿＿＿＿＿＿＿
＿＿＿＿＿＿＿＿＿＿
＿＿＿＿＿＿＿＿＿＿
＿＿＿＿＿＿＿＿＿＿
＿＿＿＿＿＿＿＿＿＿
＿＿＿＿＿＿＿＿＿＿
＿＿＿＿＿＿＿＿＿＿
□＿＿■■＿＿＿＿＿
□＿■■□□□＿□＿
□□□□□□□□□＿
□□□□□□□□＿□
＿＿□□□□□□□＿
＿□□□□□□□□□
＿□□□□□□□□□
□□□□□□□□□＿
□□□□□□□□□＿
□□□＿□□□□□＿
□□□□□□□□＿＿
□□□□□□＿□□□
00:40:46(73380f):field(73379f)
＿＿＿＿＿＿＿＿＿＿
＿＿＿＿＿＿＿＿＿＿
＿＿＿＿＿＿＿＿＿＿
＿＿＿＿＿＿＿＿＿＿
＿＿＿＿＿＿＿＿＿＿
＿＿＿＿＿＿＿＿＿＿
＿＿＿＿＿＿＿＿＿＿
＿＿＿＿＿＿＿＿＿＿
□＿＿□□■■■＿＿
□＿□□□□□■□＿
□□□□□□□□□＿
□□□□□□□□＿□
＿＿□□□□□□□＿
＿□□□□□□□□□
＿□□□□□□□□□
□□□□□□□□□＿
□□□□□□□□□＿
□□□＿□□□□□＿
□□□□□□□□＿＿
□□□□□□＿□□□
00:40:46(73392f):field(73391f)
＿＿＿＿＿＿＿＿＿＿
＿＿＿＿＿＿＿＿＿＿
＿＿＿＿＿＿＿＿＿＿
＿＿＿＿＿＿＿＿＿＿
＿＿＿＿＿＿＿＿＿＿
＿＿＿＿＿＿＿＿＿＿
＿＿＿＿＿＿＿＿＿＿
＿■＿＿＿＿＿＿＿＿
□■■□□□□□＿＿
□■□□□□□□□＿
□□□□□□□□□＿
□□□□□□□□＿□
＿＿□□□□□□□＿
＿□□□□□□□□□
＿□□□□□□□□□
□□□□□□□□□＿
□□□□□□□□□＿
□□□＿□□□□□＿
□□□□□□□□＿＿
□□□□□□＿□□□
00:40:46(73408f):field(73407f)
＿＿＿＿＿＿＿＿＿＿
＿＿＿＿＿＿＿＿＿＿
＿＿＿＿＿＿＿＿＿＿
＿＿＿＿＿＿＿＿＿＿
＿＿＿＿＿＿＿＿＿＿
＿＿＿＿＿＿＿＿＿＿
＿＿＿＿＿＿＿＿＿＿
＿◆＿＿＿＿＿＿＿＿
◆◆◆◆◆◆◆◆＿＿
□□◆□◆◆◆◆◆■
□□□□□□□□◆■
□□□□□□□□■□
■＿□□□□□□□＿
＿□□□□□□□□□
＿□□□□□□□□□
□□□□□□□□□＿
□□□□□□□□□＿
□□□＿□□□□□＿
□□□□□□□□＿＿
□□□□□□＿□□□
00:40:47(73421f):field(73420f)
＿＿＿＿＿＿＿＿＿＿
＿＿＿＿＿＿＿＿＿＿
＿＿＿＿＿＿＿＿＿＿
＿＿＿＿＿＿＿＿＿＿
＿＿＿＿＿＿＿＿＿＿
＿＿＿＿＿＿＿＿＿＿
＿＿＿＿＿＿＿＿＿＿
＿＿＿＿＿＿＿＿＿＿
＿■■＿＿＿＿＿＿＿
◆□■□＿＿＿＿＿□
□□□□□□□□＿□
□□□□□□□□◆□
◆＿□□□□□□□＿
＿□□□□□□□□□
＿□□□□□□□□□
□□□□□□□□□＿
□□□□□□□□□＿
□□□＿□□□□□＿
□□□□□□□□＿＿
□□□□□□＿□□□
00:40:47(73433f):field(73432f)
＿＿＿＿＿＿＿＿＿＿
＿＿＿＿＿＿＿＿＿＿
＿＿＿＿＿＿＿＿＿＿
＿＿＿＿＿＿＿＿＿＿
＿＿＿＿＿＿＿＿＿＿
＿＿＿＿＿＿＿＿＿＿
＿＿＿＿＿＿＿＿＿＿
＿＿＿＿＿＿＿＿＿＿
＿□□＿■＿＿＿＿＿
＿□□□■■■＿＿□
□□□□□□□□＿□
□□□□□□□□＿□
＿＿□□□□□□□＿
＿□□□□□□□□□
＿□□□□□□□□□
□□□□□□□□□＿
□□□□□□□□□＿
□□□＿□□□□□＿
□□□□□□□□＿＿
□□□□□□＿□□□
00:40:48(73446f):field(73445f)
＿＿＿＿＿＿＿＿＿＿
＿＿＿＿＿＿＿＿＿＿
＿＿＿＿＿＿＿＿＿＿
＿＿＿＿＿＿＿＿＿＿
＿＿＿＿＿＿＿＿＿＿
＿＿＿＿＿＿＿＿＿＿
＿＿＿＿■＿＿＿＿＿
＿＿＿＿■■＿＿＿＿
＿□□＿□■＿＿＿＿
＿□□□□□□＿＿□
□□□□□□□□＿□
□□□□□□□□＿□
＿＿□□□□□□□＿
＿□□□□□□□□□
＿□□□□□□□□□
□□□□□□□□□＿
□□□□□□□□□＿
□□□＿□□□□□＿
□□□□□□□□＿＿
□□□□□□＿□□□
00:40:48(73458f):field(73457f)
＿＿＿＿＿＿＿＿＿＿
＿＿＿＿＿＿＿＿＿＿
＿＿＿＿＿＿＿＿＿＿
＿＿＿＿＿＿＿＿＿＿
＿＿＿＿＿＿＿＿＿＿
＿＿＿＿＿＿＿＿＿＿
＿＿＿＿◆＿＿＿＿＿
＿＿＿＿◆◆＿＿＿＿
＿◆◆＿□◆＿＿＿＿
＿◆◆◆□□◆■＿◆
□□□□□□□◆■◆
◆□□□□□□□■□
＿■□□□□□□□■
＿□□□□□□□□□
＿□□□□□□□□□
□□□□□□□□□＿
□□□□□□□□□＿
□□□＿□□□□□＿
□□□□□□□□＿＿
□□□□□□＿□□□
00:40:49(73471f):field(73470f)
＿＿＿＿＿＿＿＿＿＿
＿＿＿＿＿＿＿＿＿＿
＿＿＿＿＿＿＿＿＿＿
＿＿＿＿＿＿＿＿＿＿
＿＿＿＿＿＿＿＿＿＿
＿＿＿＿＿＿＿＿＿＿
＿＿＿＿＿＿＿＿＿＿
＿＿＿＿＿＿＿＿＿＿
＿＿＿＿□＿＿＿＿＿
＿＿＿＿□□＿◆＿＿
◆□□◆□□□■□■
＿□□□□□□□□□
＿◆□□□□□□□◆
＿□□□□□□□□□
＿□□□□□□□□□
□□□□□□□□□＿
□□□□□□□□□＿
□□□＿□□□□□＿
□□□□□□□□＿＿
□□□□□□＿□□□
00:40:49(73483f):field(73482f)
＿＿＿＿＿＿＿＿＿＿
＿＿＿＿＿＿＿＿＿＿
＿＿＿＿＿＿＿＿＿＿
＿＿＿＿＿＿＿＿＿＿
＿＿＿＿＿＿＿＿＿＿
＿＿＿＿＿＿＿＿＿＿
＿＿＿＿＿＿＿＿＿＿
＿＿＿＿＿＿＿＿＿＿
＿＿＿■□＿＿＿＿＿
＿＿■■□□＿＿＿＿
＿□□■□□□□□□
＿□□□□□□□□□
＿＿□□□□□□□＿
＿□□□□□□□□□
＿□□□□□□□□□
□□□□□□□□□＿
□□□□□□□□□＿
□□□＿□□□□□＿
□□□□□□□□＿＿
□□□□□□＿□□□
00:40:49(73498f):field(73497f)
＿＿＿＿＿＿＿＿＿＿
＿＿＿＿＿＿＿＿＿＿
＿＿＿＿＿＿＿＿＿＿
＿＿＿＿＿＿＿＿＿＿
＿＿＿＿＿＿＿＿＿＿
＿＿＿＿＿＿＿＿＿＿
＿＿＿＿＿＿＿＿＿＿
＿＿＿＿＿＿＿＿＿＿
＿＿＿◆◆＿＿＿＿＿
＿■◆◆◆◆＿＿＿■
＿◆□□□□□□◆◆
■□□□□□◆◆□◆
■■□□□□□□□＿
■□□□□□□□□□
＿□□□□□□□□□
□□□□□□□□□＿
□□□□□□□□□＿
□□□＿□□□□□＿
□□□□□□□□＿＿
□□□□□□＿□□□
00:40:50(73513f):field(73512f)
＿＿＿＿＿＿＿＿＿＿
＿＿＿＿＿＿＿＿＿＿
＿＿＿＿＿＿＿＿＿＿
＿＿＿＿＿＿＿＿＿＿
＿＿＿＿＿＿＿＿＿＿
＿＿＿＿＿＿＿＿＿＿
＿＿＿＿＿＿＿＿＿＿
＿＿＿＿＿＿＿＿＿＿
＿＿＿＿＿＿＿＿＿＿
＿◆＿＿＿＿＿＿＿◆
＿＿◆□□◆□□＿＿
□□□□□□■■◆＿
◆◆□□□□□□□＿
◆□□□□□□□□□
＿□□□□□□□□□
□□□□□□□□□＿
□□□□□□□□□＿
□□□＿□□□□□＿
□□□□□□□□＿＿
□□□□□□＿□□□
00:40:50(73524f):field(73523f)
＿＿＿＿＿＿＿＿＿＿
＿＿＿＿＿＿＿＿＿＿
＿＿＿＿＿＿＿＿＿＿
＿＿＿＿＿＿＿＿＿＿
＿＿＿＿＿＿＿＿＿＿
＿＿＿＿＿＿＿＿＿＿
＿＿＿＿＿＿＿＿＿＿
＿＿＿＿＿＿＿＿＿＿
＿＿＿＿＿＿■＿＿＿
＿＿＿＿＿■■＿＿＿
＿＿＿□□■□□＿＿
□□□□□□□□＿＿
＿＿□□□□□□□＿
＿□□□□□□□□□
＿□□□□□□□□□
□□□□□□□□□＿
□□□□□□□□□＿
□□□＿□□□□□＿
□□□□□□□□＿＿
□□□□□□＿□□□
00:40:51(73537f):field(73536f)
＿＿＿＿＿＿＿＿＿＿
＿＿＿＿＿＿＿＿＿＿
＿＿＿＿＿＿＿＿＿＿
＿＿＿＿＿＿＿＿＿＿
＿＿＿＿＿＿＿＿＿＿
＿＿＿＿＿＿＿＿＿＿
＿＿＿＿＿＿＿＿＿＿
＿＿＿■＿＿＿＿＿＿
＿＿＿■＿＿□＿＿＿
＿＿＿■■□□＿＿＿
＿＿＿□□□□□＿＿
□□□□□□□□＿＿
＿＿□□□□□□□＿
＿□□□□□□□□□
＿□□□□□□□□□
□□□□□□□□□＿
□□□□□□□□□＿
□□□＿□□□□□＿
□□□□□□□□＿＿
□□□□□□＿□□□
00:40:51(73550f):field(73549f)
＿＿＿＿＿＿＿＿＿＿
＿＿＿＿＿＿＿＿＿＿
＿＿＿＿＿＿＿＿＿＿
＿＿＿＿＿＿＿＿＿＿
＿＿＿＿＿＿＿＿＿＿
＿＿＿＿＿＿＿＿＿＿
＿＿＿＿＿■＿＿＿＿
＿＿＿□＿■■＿＿＿
＿＿＿□＿■□＿＿＿
＿＿＿□□□□＿＿＿
＿＿＿□□□□□＿＿
□□□□□□□□＿＿
＿＿□□□□□□□＿
＿□□□□□□□□□
＿□□□□□□□□□
□□□□□□□□□＿
□□□□□□□□□＿
□□□＿□□□□□＿
□□□□□□□□＿＿
□□□□□□＿□□□
00:40:52(73562f):field(73561f)
＿＿＿＿＿＿＿＿＿＿
＿＿＿＿＿＿＿＿＿＿
＿＿＿＿＿＿＿＿＿＿
＿＿＿＿＿＿＿＿＿＿
＿＿＿＿＿＿＿＿＿＿
＿＿＿＿■＿＿＿＿＿
＿＿＿＿■□＿＿＿＿
＿＿＿□■□□＿＿＿
＿＿＿□■□□＿＿＿
＿＿＿□□□□＿＿＿
＿＿＿□□□□□＿＿
□□□□□□□□＿＿
＿＿□□□□□□□＿
＿□□□□□□□□□
＿□□□□□□□□□
□□□□□□□□□＿
□□□□□□□□□＿
□□□＿□□□□□＿
□□□□□□□□＿＿
□□□□□□＿□□□
00:40:52(73578f):field(73577f)
＿＿＿＿＿＿＿＿＿＿
＿＿＿＿＿＿＿＿＿＿
＿＿＿＿＿＿＿＿＿＿
＿＿＿＿＿＿＿＿＿＿
＿＿＿＿＿＿＿＿＿＿
＿＿＿＿◆＿＿＿＿＿
＿＿＿＿□◆＿＿＿＿
＿＿＿◆□□◆＿＿＿
＿＿＿□□□□＿＿＿
＿＿＿□□□□＿＿＿
＿＿■□□□□◆＿＿
□□◆□□□□□■■
＿■□□□□□□□■
＿□□□□□□□□□
＿□□□□□□□□□
□□□□□□□□□＿
□□□□□□□□□＿
□□□＿□□□□□＿
□□□□□□□□＿＿
□□□□□□＿□□□
00:40:53(73591f):field(73590f)
＿＿＿＿＿＿＿＿＿＿
＿＿＿＿＿＿＿＿＿＿
＿＿＿＿＿＿＿＿＿＿
＿＿＿＿＿＿＿＿＿＿
＿＿＿＿＿＿＿＿＿＿
＿＿＿＿＿＿＿＿＿＿
＿＿＿＿◆＿＿＿＿＿
＿＿＿＿◆◆＿＿＿＿
＿＿＿◆□◆◆＿＿＿
＿＿＿◆□□◆＿＿＿
＿＿◆□□□□＿＿＿
◆□■□□□□◆◆□
■◆□□□□□□◆◆
■□◆□□□□□□◆
＿□□□□□□□□□
□□□□□□□□□■
□□□□□□□□□＿
□□□＿□□□□□＿
□□□□□□□□＿＿
□□□□□□＿□□□
00:40:53(73607f):field(73606f)
＿＿＿＿＿＿＿＿＿＿
＿＿＿＿＿＿＿＿＿＿
＿＿＿＿＿＿＿＿＿＿
＿＿＿＿＿＿＿＿＿＿
＿＿＿＿＿＿＿＿＿＿
＿＿＿＿＿＿＿＿＿＿
＿＿＿＿＿＿＿＿＿＿
＿＿＿＿＿＿＿＿＿＿
＿＿＿＿□＿＿＿＿＿
＿＿＿＿□□＿＿＿＿
＿＿＿□□□□＿＿＿
＿◆◆□□□□■■◆
◆＿◆□□□□□■＿
◆□＿□□□□□□＿
＿□□□□□□□□□
□□□□□□□□□◆
□□□□□□□□□＿
□□□＿□□□□□＿
□□□□□□□□＿＿
□□□□□□＿□□□
00:40:54(73624f):field(73623f)
＿＿＿＿＿＿＿＿＿＿
＿＿＿＿＿＿＿＿＿＿
＿＿＿＿＿＿＿＿＿＿
＿＿＿＿＿＿＿＿＿＿
＿＿＿＿＿＿＿＿＿＿
＿＿＿＿＿＿＿＿＿＿
＿＿＿＿＿＿＿＿＿＿
＿＿＿＿＿＿＿＿＿＿
＿＿＿＿□＿＿＿＿＿
＿＿＿＿□□＿＿＿＿
＿＿＿□□□□＿■■
＿＿＿□□□□□□■
＿＿＿□□□□□□■
＿□＿□□□□□□＿
＿□□□□□□□□□
□□□□□□□□□＿
□□□□□□□□□＿
□□□＿□□□□□＿
□□□□□□□□＿＿
□□□□□□＿□□□
00:40:54(73638f):field(73637f)
＿＿＿＿＿＿＿＿＿＿
＿＿＿＿＿＿＿＿＿＿
＿＿＿＿＿＿＿＿＿＿
＿＿＿＿＿＿＿＿＿＿
＿＿＿＿＿＿＿＿＿＿
＿＿＿＿＿＿＿＿＿＿
＿＿＿＿＿＿＿＿＿＿
＿＿＿＿＿＿＿＿＿＿
＿＿＿＿□＿＿＿＿＿
＿＿＿＿□□＿＿＿＿
＿＿＿□□□□＿□□
＿＿■□□□□□□□
＿■■□□□□□□□
＿□■□□□□□□＿
＿□□□□□□□□□
□□□□□□□□□＿
□□□□□□□□□＿
□□□＿□□□□□＿
□□□□□□□□＿＿
□□□□□□＿□□□
00:40:55(73654f):field(73653f)
＿＿＿＿＿＿＿＿＿＿
＿＿＿＿＿＿＿＿＿＿
＿＿＿＿＿＿＿＿＿＿
＿＿＿＿＿＿＿＿＿＿
＿＿＿＿＿＿＿＿＿＿
＿＿＿＿＿＿＿＿＿＿
＿＿＿＿＿＿＿＿＿＿
＿＿＿＿＿＿＿＿＿＿
＿＿＿＿□＿■＿＿＿
＿＿＿＿□□■■＿＿
＿＿＿□□□□■□□
＿＿□□□□□□□□
＿□□□□□□□□□
＿□□□□□□□□＿
＿□□□□□□□□□
□□□□□□□□□＿
□□□□□□□□□＿
□□□＿□□□□□＿
□□□□□□□□＿＿
□□□□□□＿□□□
00:40:55(73674f):field(73673f)
＿＿＿＿＿＿＿＿＿＿
＿＿＿＿＿＿＿＿＿＿
＿＿＿＿＿＿＿＿＿＿
＿＿＿＿＿＿＿＿＿＿
＿＿＿＿＿＿＿＿＿＿
＿＿＿＿＿＿＿＿＿＿
＿＿＿＿＿＿＿＿＿＿
＿＿＿＿＿＿＿＿＿＿
＿＿＿＿◆＿◆＿＿＿
＿＿＿＿◆◆◆◆＿＿
＿＿＿◆□◆□◆◆◆
＿■□□□□□□◆□
＿◆◆□□□□□□□
■□□□□□□□□■
■□□□□□□□□◆
□□□□□□□□□＿
□□□□□□□□□＿
□□□＿□□□□□＿
□□□□□□□□＿＿
□□□□□□＿□□□
00:40:56(73686f):field(73685f)
＿＿＿＿＿＿＿＿＿＿
＿＿＿＿＿＿＿＿＿＿
＿＿＿＿＿＿＿＿＿＿
＿＿＿＿＿＿＿＿＿＿
＿＿＿＿＿＿＿＿＿＿
＿＿＿＿＿＿＿＿＿＿
＿＿＿＿＿＿＿＿＿＿
＿＿＿＿＿＿＿＿＿＿
＿＿＿＿＿＿＿＿＿＿
＿＿＿■■＿＿＿＿＿
＿＿＿■□＿□＿＿＿
＿◆◆□□□□□＿◆
＿＿＿□□□□□□□
□◆□□□□□□□□
□□□□□□□□□＿
□□□□□□□□□＿
□□□□□□□□□＿
□□□＿□□□□□＿
□□□□□□□□＿＿
□□□□□□＿□□□
00:40:56(73698f):field(73697f)
＿＿＿＿＿＿＿＿＿＿
＿＿＿＿＿＿＿＿＿＿
＿＿＿＿＿＿＿＿＿＿
＿＿＿＿＿＿＿＿＿＿
＿＿＿＿＿＿＿＿＿＿
＿＿＿＿＿＿＿＿＿＿
＿＿＿＿＿＿＿＿＿＿
＿＿＿＿＿＿＿＿＿＿
＿＿＿＿＿＿＿＿＿＿
＿＿＿◆◆＿＿＿＿＿
＿＿＿□□＿◆＿＿＿
＿＿＿□□◆□◆＿＿
■■■□□□□□□◆
◆■□□□□□□□□
□□□□□□□□□＿
□□□□□□□□□■
□□□□□□□□□＿
□□□＿□□□□□＿
□□□□□□□□＿＿
□□□□□□＿□□□
00:40:57(73713f):field(73712f)
＿＿＿＿＿＿＿＿＿＿
＿＿＿＿＿＿＿＿＿＿
＿＿＿＿＿＿＿＿＿＿
＿＿＿＿＿＿＿＿＿＿
＿＿＿＿＿＿＿＿＿＿
＿＿＿＿＿＿＿＿＿＿
＿＿＿＿＿＿＿＿＿＿
＿＿＿＿＿＿＿＿＿＿
＿＿＿＿＿＿＿＿＿＿
＿＿＿＿■■＿＿＿＿
＿＿＿□□■＿＿＿＿
＿＿＿□□■□＿＿＿
◆◆□□□□□□◆＿
＿□□□□□□□□□
□□□□□□□□□＿
□□□□□□□□□◆
□□□□□□□□□＿
□□□＿□□□□□＿
□□□□□□□□＿＿
□□□□□□＿□□□
00:40:57(73726f):field(73725f)
＿＿＿＿＿＿＿＿＿＿
＿＿＿＿＿＿＿＿＿＿
＿＿＿＿＿＿＿＿＿＿
＿＿＿＿＿＿＿＿＿＿
＿＿＿＿＿＿＿＿＿＿
＿＿＿＿＿＿＿＿＿＿
＿＿＿＿＿＿＿＿＿＿
＿＿＿＿＿＿＿＿＿＿
＿＿＿＿＿＿＿＿＿＿
＿＿＿＿◆◆＿＿＿＿
＿＿＿◆□□＿＿＿＿
＿＿＿□□□◆＿＿＿
■■□□□□□◆■＿
■□□□□□□□◆◆
□□□□□□□□□＿
□□□□□□□□□■
□□□□□□□□□＿
□□□＿□□□□□＿
□□□□□□□□＿＿
□□□□□□＿□□□
00:40:57(73738f):field(73737f)
＿＿＿＿＿＿＿＿＿＿
＿＿＿＿＿＿＿＿＿＿
＿＿＿＿＿＿＿＿＿＿
＿＿＿＿＿＿＿＿＿＿
＿＿＿＿＿＿＿＿＿＿
＿＿＿＿＿＿＿＿＿＿
＿＿＿＿＿＿＿＿＿＿
＿＿＿＿＿＿＿＿＿＿
＿＿＿＿＿＿＿＿＿＿
＿＿＿＿＿＿＿＿＿＿
■＿＿＿□□＿＿＿＿
■■＿□□□＿＿＿＿
□□◆□□□□＿◆＿
□□□□□□□□＿＿
□□□□□□□□□＿
□□□□□□□□□◆
□□□□□□□□□＿
□□□＿□□□□□＿
□□□□□□□□＿＿
□□□□□□＿□□□
00:40:58(73752f):field(73751f)
＿＿＿＿＿＿＿＿＿＿
＿＿＿＿＿＿＿＿＿＿
＿＿＿＿＿＿＿＿＿＿
＿＿＿＿＿＿＿＿＿＿
＿＿＿＿＿＿＿＿＿＿
＿＿＿＿＿＿＿＿＿＿
＿＿＿＿＿＿＿＿＿＿
＿＿＿＿＿＿＿＿＿＿
＿＿＿＿＿＿＿＿＿＿
＿＿＿＿＿＿＿＿＿＿
◆＿＿＿◆◆＿＿＿＿
◆◆＿◆◆◆＿＿＿＿
□◆＿◆□□◆＿＿＿
□□◆□□□◆◆＿＿
□□◆□□□□◆◆＿
□□□□□□□□◆＿
□□□□□□□□□＿
□□□■□□□□□■
□□□□□□□□＿■
□□□□□□＿□□□
00:40:58(73765f):field(73764f)
＿＿＿＿＿＿＿＿＿＿
＿＿＿＿＿＿＿＿＿＿
＿＿＿＿＿＿＿＿＿＿
＿＿＿＿＿＿＿＿＿＿
＿＿＿＿＿＿＿＿＿＿
＿＿＿＿＿＿＿＿＿＿
＿＿＿＿＿＿＿＿＿＿
＿＿＿＿＿＿＿＿＿＿
＿＿＿＿＿＿＿＿＿＿
＿＿＿＿＿＿＿＿＿＿
＿＿＿＿＿＿＿＿＿＿
＿＿＿＿＿＿＿＿＿＿
◆＿＿＿◆◆＿＿＿＿
◆◆＿◆◆◆＿＿＿＿
□□■◆□□◆＿■＿
□□◆□□□◆◆＿＿
□□◆□□□□◆□■
□□□□□□□□□□
□□□□□□□□＿□
□□□□□□＿□□□
00:40:59(73782f):field(73781f)
＿＿＿＿＿＿＿＿＿＿
＿＿＿＿＿＿＿＿＿＿
＿＿＿＿＿＿＿＿＿＿
＿＿＿＿＿＿＿＿＿＿
＿＿＿＿＿＿＿＿＿＿
＿＿＿＿＿＿＿＿＿＿
＿＿＿＿＿＿＿＿＿＿
＿＿＿＿＿＿＿＿＿＿
＿＿＿＿＿＿＿＿＿＿
＿＿＿＿＿＿＿＿＿＿
＿＿＿＿＿＿＿＿＿＿
＿＿＿＿＿＿＿＿＿＿
＿＿＿＿＿＿＿＿＿＿
＿＿＿＿＿＿＿＿＿＿
□□□＿□□＿＿◆＿
□□■□□□＿＿＿＿
□□■□□□□＿□◆
□□□◆□□□□□□
□□□□□□□□＿□
□□□□□□＿□□□
00:40:59(73798f):field(73797f)
＿＿＿＿＿＿＿＿＿＿
＿＿＿＿＿＿＿＿＿＿
＿＿＿＿＿＿＿＿＿＿
＿＿＿＿＿＿＿＿＿＿
＿＿＿＿＿＿＿＿＿＿
＿＿＿＿＿＿＿＿＿＿
＿＿＿＿＿＿＿＿＿＿
＿＿＿＿＿＿＿＿＿＿
＿＿＿＿＿＿＿＿＿＿
＿＿＿＿＿＿＿＿＿＿
＿＿＿＿＿＿＿＿＿＿
＿＿＿＿＿＿＿＿＿＿
＿＿＿＿＿＿＿＿＿＿
＿■■■＿＿＿＿＿＿
□□□■□□＿＿＿＿
□□□□□□＿＿＿＿
□□□□□□□＿□＿
□□□＿□□□□□□
□□□□□□□□＿□
□□□□□□＿□□□
00:41:00(73809f):field(73808f)
＿＿＿＿＿＿＿＿＿＿
＿＿＿＿＿＿＿＿＿＿
＿＿＿＿＿＿＿＿＿＿
＿＿＿＿＿＿＿＿＿＿
＿＿＿＿＿＿＿＿＿＿
＿＿＿＿＿＿＿＿＿＿
＿＿＿＿＿＿＿＿＿＿
＿＿＿＿＿＿＿＿＿＿
＿＿＿＿＿＿＿＿＿＿
＿＿＿＿＿＿＿＿＿＿
＿＿＿＿＿＿＿＿＿＿
＿＿＿＿＿＿＿＿＿＿
＿＿＿＿＿＿＿＿＿＿
＿□□□＿＿＿＿＿＿
□□□□□□＿＿■＿
□□□□□□＿■■＿
□□□□□□□■□＿
□□□＿□□□□□□
□□□□□□□□＿□
□□□□□□＿□□□
00:41:00(73819f):field(73818f)
＿＿＿＿＿＿＿＿＿＿
＿＿＿＿＿＿＿＿＿＿
＿＿＿＿＿＿＿＿＿＿
＿＿＿＿＿＿＿＿＿＿
＿＿＿＿＿＿＿＿＿＿
＿＿＿＿＿＿＿＿＿＿
＿＿＿＿＿＿＿＿＿＿
＿＿＿＿＿＿＿＿＿＿
＿＿＿＿＿＿＿＿＿＿
＿＿＿＿＿＿＿＿＿＿
＿＿＿＿＿＿＿＿＿＿
＿＿＿＿＿＿＿＿＿＿
＿＿＿＿■■＿＿＿＿
＿□□□■■＿＿＿＿
□□□□□□＿＿□＿
□□□□□□＿□□＿
□□□□□□□□□＿
□□□＿□□□□□□
□□□□□□□□＿□
□□□□□□＿□□□
00:41:01(73832f):field(73831f)
＿＿＿＿＿＿＿＿＿＿
＿＿＿＿＿＿＿＿＿＿
＿＿＿＿＿＿＿＿＿＿
＿＿＿＿＿＿＿＿＿＿
＿＿＿＿＿＿＿＿＿＿
＿＿＿＿＿＿＿＿＿＿
＿＿＿＿＿＿＿＿＿＿
＿＿＿＿＿＿＿＿＿＿
＿＿＿＿＿＿＿＿＿＿
＿＿＿＿＿＿＿＿＿＿
＿＿＿＿＿＿＿＿＿＿
＿＿＿＿＿＿＿＿＿＿
＿＿＿＿□□＿＿＿＿
＿□□□□□■＿＿＿
□□□□□□■■□＿
□□□□□□■□□＿
□□□□□□□□□＿
□□□＿□□□□□□
□□□□□□□□＿□
□□□□□□＿□□□
00:41:01(73844f):field(73843f)
＿＿＿＿＿＿＿＿＿＿
＿＿＿＿＿＿＿＿＿＿
＿＿＿＿＿＿＿＿＿＿
＿＿＿＿＿＿＿＿＿＿
＿＿＿＿＿＿＿＿＿＿
＿＿＿＿＿＿＿＿＿＿
＿＿＿＿＿＿＿＿＿＿
＿＿＿＿＿＿＿＿＿＿
＿＿＿＿＿＿＿＿＿＿
＿＿＿＿＿＿＿＿＿＿
＿＿＿＿＿＿＿＿＿＿
＿＿＿＿＿＿＿＿＿＿
＿＿＿＿◆◆＿＿＿＿
＿◆◆□□◆◆＿＿＿
◆□◆□◆◆◆◆◆＿
◆□□◆□□□◆◆■
◆□□□□□□□◆■
□□□＿□□□□□□
□□□□□□□□＿□
□□□□□□＿□□□
00:41:02(73863f):field(73862f)
＿＿＿＿＿＿＿＿＿＿
＿＿＿＿＿＿＿＿＿＿
＿＿＿＿＿＿＿＿＿＿
＿＿＿＿＿＿＿＿＿＿
＿＿＿＿＿＿＿＿＿＿
＿＿＿＿＿＿＿＿＿＿
＿＿＿＿＿＿＿＿＿＿
＿＿＿＿＿＿＿＿＿＿
＿＿＿＿＿＿＿＿＿＿
＿＿＿＿＿＿＿＿＿＿
＿＿＿＿＿＿＿＿＿＿
＿＿＿＿＿＿＿＿＿＿
＿＿＿＿＿＿＿＿＿＿
＿＿＿◆◆＿＿＿＿＿
＿◆＿◆＿＿＿＿■＿
＿◆◆＿□□◆＿■◆
＿□□□□□□□■□
□□□＿□□□□□□
□□□□□□□□＿□
□□□□□□＿□□□
00:41:02(73876f):field(73875f)
＿＿＿＿＿＿＿＿＿＿
＿＿＿＿＿＿＿＿＿＿
＿＿＿＿＿＿＿＿＿＿
＿＿＿＿＿＿＿＿＿＿
＿＿＿＿＿＿＿＿＿＿
＿＿＿＿＿＿＿＿＿＿
＿＿＿＿＿＿＿＿＿＿
＿＿＿＿＿＿＿＿＿＿
＿＿＿＿＿＿＿＿＿＿
＿＿＿＿＿＿＿＿＿＿
＿＿＿＿＿＿＿＿＿＿
＿＿＿＿＿＿＿＿＿＿
＿＿＿＿＿＿＿＿＿＿
＿＿＿＿＿＿＿＿＿＿
＿＿＿＿＿＿＿＿◆＿
＿■＿＿◆◆■＿□＿
■□□◆□□◆□□◆
□□□＿□□□□□□
□□□□□□□□＿□
□□□□□□＿□□□
00:41:02(73889f):field(73888f)
＿＿＿＿＿＿＿＿＿＿
＿＿＿＿＿＿＿＿＿＿
＿＿＿＿＿＿＿＿＿＿
＿＿＿＿＿＿＿＿＿＿
＿＿＿＿＿＿＿＿＿＿
＿＿＿＿＿＿＿＿＿＿
＿＿＿＿＿＿＿＿＿＿
＿＿＿＿＿＿＿＿＿＿
＿＿＿＿＿＿＿＿＿＿
＿＿＿＿＿＿＿＿＿＿
＿＿＿＿＿＿＿＿＿＿
＿＿＿＿＿＿＿＿＿＿
＿＿＿＿＿＿＿＿＿＿
＿＿＿＿＿＿＿＿＿＿
＿＿＿＿＿＿＿＿＿＿
＿◆＿＿＿＿□■□＿
□□□＿□□■□□＿
□□□＿□□□□□□
□□□□□□□□＿□
□□□□□□＿□□□
00:41:03(73900f):field(73899f)
＿＿＿＿＿＿＿＿＿＿
＿＿＿＿＿＿＿＿＿＿
＿＿＿＿＿＿＿＿＿＿
＿＿＿＿＿＿＿＿＿＿
＿＿＿＿＿＿＿＿＿＿
＿＿＿＿＿＿＿＿＿＿
＿＿＿＿＿＿＿＿＿＿
＿＿＿＿＿＿＿＿＿＿
＿＿＿＿＿＿＿＿＿＿
＿＿＿＿＿＿＿＿＿＿
＿＿＿＿＿＿＿＿＿＿
＿＿＿＿＿＿＿＿＿＿
＿＿＿＿＿＿＿＿＿＿
＿＿＿＿＿■＿＿＿＿
＿＿＿＿＿■■＿＿＿
＿＿＿＿＿■□□□＿
□□□＿□□□□□＿
□□□＿□□□□□□
□□□□□□□□＿□
□□□□□□＿□□□
00:41:03(73915f):field(73914f)
＿＿＿＿＿＿＿＿＿＿
＿＿＿＿＿＿＿＿＿＿
＿＿＿＿＿＿＿＿＿＿
＿＿＿＿＿＿＿＿＿＿
＿＿＿＿＿＿＿＿＿＿
＿＿＿＿＿＿＿＿＿＿
＿＿＿＿＿＿＿＿＿＿
＿＿＿＿＿＿＿＿＿＿
＿＿＿＿＿＿＿＿＿＿
＿＿＿＿＿＿＿＿＿＿
＿＿＿＿＿＿＿＿＿＿
＿＿＿＿＿■＿＿＿＿
＿＿＿＿■■＿＿＿＿
＿＿＿＿■□＿＿＿＿
＿＿＿＿＿□□＿＿＿
＿＿＿＿＿□□□□＿
□□□＿□□□□□＿
□□□＿□□□□□□
□□□□□□□□＿□
□□□□□□＿□□□
00:41:04(73935f):field(73934f)
＿＿＿＿＿＿＿＿＿＿
＿＿＿＿＿＿＿＿＿＿
＿＿＿＿＿＿＿＿＿＿
＿＿＿＿＿＿＿＿＿＿
＿＿＿＿＿＿＿＿＿＿
＿＿＿＿＿＿＿＿＿＿
＿＿＿＿＿＿＿＿＿＿
＿＿＿＿＿＿＿＿＿＿
＿＿＿＿＿＿＿＿＿＿
＿＿＿＿＿＿＿＿＿＿
＿＿＿＿＿＿＿＿＿＿
＿＿＿＿＿□＿＿＿＿
＿＿＿＿□□＿＿＿＿
＿＿＿＿□□＿＿＿＿
＿＿■＿＿□□＿＿＿
＿＿■■＿□□□□＿
□□□■□□□□□＿
□□□＿□□□□□□
□□□□□□□□＿□
□□□□□□＿□□□
00:41:05(73950f):field(73949f)
＿＿＿＿＿＿＿＿＿＿
＿＿＿＿＿＿＿＿＿＿
＿＿＿＿＿＿＿＿＿＿
＿＿＿＿＿＿＿＿＿＿
＿＿＿＿＿＿＿＿＿＿
＿＿＿＿＿＿＿＿＿＿
＿＿＿＿＿＿＿＿＿＿
＿＿＿＿＿＿＿＿＿＿
＿＿＿＿＿＿＿＿＿＿
＿＿＿＿＿＿＿＿＿＿
＿＿＿＿＿＿＿＿＿＿
＿＿＿＿＿◆＿＿＿＿
＿＿＿＿◆□＿＿＿＿
＿＿＿＿□□＿＿＿＿
＿＿◆＿■□◆＿＿■
＿■□◆＿□□◆◆■
◆◆□□◆□□□□■
□□□＿□□□□□□
□□□□□□□□＿□
□□□□□□＿□□□
00:41:05(73963f):field(73962f)
＿＿＿＿＿＿＿＿＿＿
＿＿＿＿＿＿＿＿＿＿
＿＿＿＿＿＿＿＿＿＿
＿＿＿＿＿＿＿＿＿＿
＿＿＿＿＿＿＿＿＿＿
＿＿＿＿＿＿＿＿＿＿
＿＿＿＿＿＿＿＿＿＿
＿＿＿＿＿＿＿＿＿＿
＿＿＿＿＿＿＿＿＿＿
＿＿＿＿＿＿＿＿＿＿
＿＿＿＿＿＿＿＿＿＿
＿＿＿＿＿＿＿＿＿＿
＿＿＿＿＿□＿＿＿＿
＿＿＿＿□□＿＿＿＿
■＿＿＿□□＿＿＿□
■◆□＿＿□□＿＿□
■■□□＿□□□□□
□□□＿□□□□□□
□□□□□□□□＿□
□□□□□□＿□□□
00:41:05(73976f):field(73975f)
＿＿＿＿＿＿＿＿＿＿
＿＿＿＿＿＿＿＿＿＿
＿＿＿＿＿＿＿＿＿＿
＿＿＿＿＿＿＿＿＿＿
＿＿＿＿＿＿＿＿＿＿
＿＿＿＿＿＿＿＿＿＿
＿＿＿＿＿＿＿＿＿＿
＿＿＿＿＿＿＿＿＿＿
＿＿＿＿＿＿＿＿＿＿
＿＿＿＿＿＿＿＿＿＿
＿＿＿＿＿＿＿＿＿＿
＿＿＿＿＿＿＿＿＿＿
＿＿＿＿＿□＿＿＿＿
＿＿＿■□□＿＿＿＿
□＿■■□□＿＿＿□
□＿□■＿□□＿＿□
□□□□＿□□□□□
□□□＿□□□□□□
□□□□□□□□＿□
□□□□□□＿□□□
00:41:06(73989f):field(73988f)
＿＿＿＿＿＿＿＿＿＿
＿＿＿＿＿＿＿＿＿＿
＿＿＿＿＿＿＿＿＿＿
＿＿＿＿＿＿＿＿＿＿
＿＿＿＿＿＿＿＿＿＿
＿＿＿＿＿＿＿＿＿＿
＿＿＿＿＿＿＿＿＿＿
＿＿＿＿＿＿＿＿＿＿
＿＿＿＿＿＿＿＿＿＿
＿＿＿＿＿＿＿＿＿＿
＿＿＿＿＿＿＿＿＿＿
＿＿＿＿＿＿＿＿＿＿
＿＿＿＿＿□＿＿＿＿
＿＿＿□□□＿＿＿＿
□＿□□□□＿■■□
□＿□□＿□□■■□
□□□□＿□□□□□
□□□＿□□□□□□
□□□□□□□□＿□
□□□□□□＿□□□
00:41:06(74003f):field(74002f)
＿＿＿＿＿＿＿＿＿＿
＿＿＿＿＿＿＿＿＿＿
＿＿＿＿＿＿＿＿＿＿
＿＿＿＿＿＿＿＿＿＿
＿＿＿＿＿＿＿＿＿＿
＿＿＿＿＿＿＿＿＿＿
＿＿＿＿＿＿＿＿＿＿
＿＿＿＿＿＿＿＿＿＿
＿＿＿＿＿＿＿＿＿＿
＿＿＿＿＿＿＿＿＿＿
＿＿＿＿＿＿＿＿＿＿
＿＿＿＿＿＿＿＿＿＿
＿＿＿＿＿□＿■＿＿
＿＿＿□□□■■＿＿
□＿□□□□■□□□
□＿□□＿□□□□□
□□□□＿□□□□□
□□□＿□□□□□□
□□□□□□□□＿□
□□□□□□＿□□□
00:41:07(74019f):field(74018f)
＿＿＿＿＿＿＿＿＿＿
＿＿＿＿＿＿＿＿＿＿
＿＿＿＿＿＿＿＿＿＿
＿＿＿＿＿＿＿＿＿＿
＿＿＿＿＿＿＿＿＿＿
＿＿＿＿＿＿＿＿＿＿
＿＿＿＿＿＿＿＿＿＿
＿＿＿＿＿＿＿＿＿＿
＿＿＿＿＿＿＿＿＿＿
＿＿＿＿＿＿＿＿＿＿
＿＿＿＿＿＿＿＿＿＿
＿＿＿＿＿＿＿＿＿＿
＿＿＿＿＿◆＿◆＿＿
＿＿＿◆◆□□□＿＿
◆■□□□□□□◆□
□■□□＿□□□□□
□□□□＿□□□□□
□□□＿□□□□□□
□□□□□□□□＿□
□□□□□□＿□□□
00:41:07(74033f):field(74032f)
＿＿＿＿＿＿＿＿＿＿
＿＿＿＿＿＿＿＿＿＿
＿＿＿＿＿＿＿＿＿＿
＿＿＿＿＿＿＿＿＿＿
＿＿＿＿＿＿＿＿＿＿
＿＿＿＿＿＿＿＿＿＿
＿＿＿＿＿＿＿＿＿＿
＿＿＿＿＿＿＿＿＿＿
＿＿＿＿＿＿＿＿＿＿
＿＿＿＿＿＿＿＿＿＿
＿＿＿＿＿＿＿＿＿＿
＿＿＿＿＿＿＿＿＿＿
＿＿＿＿＿＿＿＿＿＿
■■■＿＿□◆□＿＿
■□□□□□□□＿◆
□□□□＿□□□□□
□□□□＿□□□□□
□□□＿□□□□□□
□□□□□□□□＿□
□□□□□□＿□□□
00:41:08(74045f):field(74044f)
＿＿＿＿＿＿＿＿＿＿
＿＿＿＿＿＿＿＿＿＿
＿＿＿＿＿＿＿＿＿＿
＿＿＿＿＿＿＿＿＿＿
＿＿＿＿＿＿＿＿＿＿
＿＿＿＿＿＿＿＿＿＿
＿＿＿＿＿＿＿＿＿＿
＿＿＿＿＿＿＿＿＿＿
＿＿＿＿＿＿＿＿＿＿
＿＿＿＿＿＿＿＿＿＿
＿＿＿＿＿＿＿＿＿＿
＿＿＿＿＿＿＿＿＿＿
＿＿＿＿■■＿＿＿＿
□□□■■□＿□＿＿
□□□□□□□□＿＿
□□□□＿□□□□□
□□□□＿□□□□□
□□□＿□□□□□□
□□□□□□□□＿□
□□□□□□＿□□□
00:41:08(74063f):field(74062f)
＿＿＿＿＿＿＿＿＿＿
＿＿＿＿＿＿＿＿＿＿
＿＿＿＿＿＿＿＿＿＿
＿＿＿＿＿＿＿＿＿＿
＿＿＿＿＿＿＿＿＿＿
＿＿＿＿＿＿＿＿＿＿
＿＿＿＿＿＿＿＿＿＿
＿＿＿＿＿＿＿＿＿＿
＿＿＿＿＿＿＿＿＿＿
＿＿＿＿＿＿＿＿＿＿
＿＿＿＿＿＿＿＿＿＿
＿＿■＿＿＿＿＿＿＿
＿■■■□□＿＿＿＿
□□□□□□＿□＿＿
□□□□□□□□＿＿
□□□□＿□□□□□
□□□□＿□□□□□
□□□＿□□□□□□
□□□□□□□□＿□
□□□□□□＿□□□
00:41:09(74074f):field(74073f)
＿＿＿＿＿＿＿＿＿＿
＿＿＿＿＿＿＿＿＿＿
＿＿＿＿＿＿＿＿＿＿
＿＿＿＿＿＿＿＿＿＿
＿＿＿＿＿＿＿＿＿＿
＿＿＿＿＿＿＿＿＿＿
＿＿＿＿＿＿＿＿＿＿
＿＿＿＿＿＿＿＿＿＿
＿＿＿＿＿＿＿＿＿＿
＿＿＿＿＿＿＿＿＿＿
＿＿■■＿＿＿＿＿＿
＿＿□■■＿＿＿＿＿
＿□□□□□＿＿＿＿
□□□□□□＿□＿＿
□□□□□□□□＿＿
□□□□＿□□□□□
□□□□＿□□□□□
□□□＿□□□□□□
□□□□□□□□＿□
□□□□□□＿□□□
00:41:09(74087f):field(74086f)
＿＿＿＿＿＿＿＿＿＿
＿＿＿＿＿＿＿＿＿＿
＿＿＿＿＿＿＿＿＿＿
＿＿＿＿＿＿＿＿＿＿
＿＿＿＿＿＿＿＿＿＿
＿＿＿＿＿＿＿＿＿＿
＿＿＿＿＿＿＿＿＿＿
＿＿＿＿＿＿＿＿＿＿
＿＿＿＿＿＿＿＿＿＿
＿＿＿＿＿＿＿＿＿＿
＿＿□□＿＿＿＿＿＿
＿＿□□□＿＿＿＿■
＿□□□□□＿＿＿■
□□□□□□＿□＿■
□□□□□□□□＿■
□□□□＿□□□□□
□□□□＿□□□□□
□□□＿□□□□□□
□□□□□□□□＿□
□□□□□□＿□□□
00:41:09(74099f):field(74098f)
＿＿＿＿＿＿＿＿＿＿
＿＿＿＿＿＿＿＿＿＿
＿＿＿＿＿＿＿＿＿＿
＿＿＿＿＿＿＿＿＿＿
＿＿＿＿＿＿＿＿＿＿
＿＿＿＿＿＿＿＿＿＿
＿＿＿＿＿＿＿＿＿＿
＿＿＿＿＿＿＿＿＿＿
＿＿＿＿＿＿＿＿＿＿
＿＿＿＿■■＿＿＿＿
＿＿□□■■＿＿＿＿
＿＿□□□＿＿＿＿□
＿□□□□□＿＿＿□
□□□□□□＿□＿□
□□□□□□□□＿□
□□□□＿□□□□□
□□□□＿□□□□□
□□□＿□□□□□□
□□□□□□□□＿□
□□□□□□＿□□□
00:41:10(74118f):field(74117f)
＿＿＿＿＿＿＿＿＿＿
＿＿＿＿＿＿＿＿＿＿
＿＿＿＿＿＿＿＿＿＿
＿＿＿＿＿＿＿＿＿＿
＿＿＿＿＿＿＿＿＿＿
＿＿＿＿＿＿＿＿＿＿
＿＿＿＿＿＿＿＿＿＿
＿＿＿＿＿＿＿＿＿＿
＿＿＿＿＿＿＿＿＿＿
＿＿＿＿□□＿＿＿＿
＿＿□□□□＿＿＿＿
＿＿□□□＿＿＿＿□
＿□□□□□■■■□
□□□□□□＿□■□
□□□□□□□□＿□
□□□□＿□□□□□
□□□□＿□□□□□
□□□＿□□□□□□
□□□□□□□□＿□
□□□□□□＿□□□
00:41:11(74134f):field(74133f)
＿＿＿＿＿＿＿＿＿＿
＿＿＿＿＿＿＿＿＿＿
＿＿＿＿＿＿＿＿＿＿
＿＿＿＿＿＿＿＿＿＿
＿＿＿＿＿＿＿＿＿＿
＿＿＿＿＿＿＿＿＿＿
＿＿＿＿＿＿＿＿＿＿
＿＿＿＿＿＿＿＿＿＿
＿＿＿＿＿＿＿＿＿＿
＿＿＿＿□□＿＿＿＿
＿＿□□□□＿■＿＿
＿＿□□□■■■＿□
＿□□□□□□□□□
□□□□□□＿□□□
□□□□□□□□＿□
□□□□＿□□□□□
□□□□＿□□□□□
□□□＿□□□□□□
□□□□□□□□＿□
□□□□□□＿□□□
00:41:11(74145f):field(74144f)
＿＿＿＿＿＿＿＿＿＿
＿＿＿＿＿＿＿＿＿＿
＿＿＿＿＿＿＿＿＿＿
＿＿＿＿＿＿＿＿＿＿
＿＿＿＿＿＿＿＿＿＿
＿＿＿＿＿＿＿＿＿＿
＿＿＿＿＿＿＿＿＿＿
＿＿＿＿＿＿＿＿＿＿
＿＿＿＿＿＿＿＿＿＿
＿＿＿＿◆◆＿＿＿＿
＿＿◆◆□□＿◆＿＿
■＿□□□□□□＿◆
■□□□□□□□◆□
□□□□□□■□□□
□□□□□□□□＿□
□□□□＿□□□□□
□□□□＿□□□□□
□□□＿□□□□□□
□□□□□□□□＿□
□□□□□□＿□□□
00:41:12(74160f):field(74159f)
＿＿＿＿＿＿＿＿＿＿
＿＿＿＿＿＿＿＿＿＿
＿＿＿＿＿＿＿＿＿＿
＿＿＿＿＿＿＿＿＿＿
＿＿＿＿＿＿＿＿＿＿
＿＿＿＿＿＿＿＿＿＿
＿＿＿＿＿＿＿＿＿＿
＿＿＿＿＿＿＿＿＿＿
＿＿＿＿＿＿＿＿＿＿
■＿＿＿＿＿＿＿＿＿
■■＿＿□□＿＿＿＿
□■□□□□◆□＿＿
□□□□□□□□＿□
□□□□□□◆□□□
□□□□□□□□＿□
□□□□＿□□□□□
□□□□＿□□□□□
□□□＿□□□□□□
□□□□□□□□＿□
□□□□□□＿□□□
00:41:12(74172f):field(74171f)
＿＿＿＿＿＿＿＿＿＿
＿＿＿＿＿＿＿＿＿＿
＿＿＿＿＿＿＿＿＿＿
＿＿＿＿＿＿＿＿＿＿
＿＿＿＿＿＿＿＿＿＿
＿＿＿＿＿＿＿＿＿＿
＿＿＿＿＿＿＿＿＿＿
＿＿＿＿＿＿＿＿＿＿
＿＿＿＿＿＿＿＿＿＿
□＿■■＿＿＿＿＿＿
□□■■□□＿＿＿＿
□□□□□□＿□＿＿
□□□□□□□□＿□
□□□□□□＿□□□
□□□□□□□□＿□
□□□□＿□□□□□
□□□□＿□□□□□
□□□＿□□□□□□
□□□□□□□□＿□
□□□□□□＿□□□
00:41:12(74187f):field(74186f)
＿＿＿＿＿＿＿＿＿＿
＿＿＿＿＿＿＿＿＿＿
＿＿＿＿＿＿＿＿＿＿
＿＿＿＿＿＿＿＿＿＿
＿＿＿＿＿＿＿＿＿＿
＿＿＿＿＿＿＿＿＿＿
＿＿＿＿＿＿＿＿＿＿
＿＿＿＿＿＿＿＿＿＿
＿＿＿＿＿＿＿＿＿＿
◆＿◆◆＿＿＿＿＿＿
□◆□□◆◆＿＿■＿
□□□□□□＿□■＿
□□□□□□□□■◆
□□□□□□＿□□□
□□□□□□□□■□
□□□□＿□□□□□
□□□□＿□□□□□
□□□＿□□□□□□
□□□□□□□□＿□
□□□□□□＿□□□
00:41:13(74198f):field(74197f)
＿＿＿＿＿＿＿＿＿＿
＿＿＿＿＿＿＿＿＿＿
＿＿＿＿＿＿＿＿＿＿
＿＿＿＿＿＿＿＿＿＿
＿＿＿＿＿＿＿＿＿＿
＿＿＿＿＿＿＿＿＿＿
＿＿＿＿＿＿＿＿＿＿
＿＿＿＿＿＿＿＿＿＿
＿＿＿＿■＿＿＿＿＿
＿＿＿＿■＿＿＿＿＿
□＿□□■■＿＿□＿
□□□□□□＿◆□＿
□□□□□□◆□□＿
□□□□□□＿□□□
□□□□□□□□◆□
□□□□＿□□□□□
□□□□＿□□□□□
□□□＿□□□□□□
□□□□□□□□＿□
□□□□□□＿□□□
00:41:13(74212f):field(74211f)
＿＿＿＿＿＿＿＿＿＿
＿＿＿＿＿＿＿＿＿＿
＿＿＿＿＿＿＿＿＿＿
＿＿＿＿＿＿＿＿＿＿
＿＿＿＿＿＿＿＿＿＿
＿＿＿＿＿＿＿＿＿＿
＿＿＿＿＿＿＿＿＿＿
＿＿＿＿＿＿＿＿＿＿
＿＿＿＿◆＿＿＿＿＿
＿＿＿＿□＿＿＿＿＿
◆＿◆◆□◆＿＿◆＿
□◆□□□□＿＿□＿
□□□□□□■□□＿
□□□□□□■□□□
□□□□□□□□＿□
□□□□■□□□□□
□□□□＿□□□□□
□□□＿□□□□□□
□□□□□□□□＿□
□□□□□□＿□□□
00:41:14(74224f):field(74223f)
＿＿＿＿＿＿＿＿＿＿
＿＿＿＿＿＿＿＿＿＿
＿＿＿＿＿＿＿＿＿＿
＿＿＿＿＿＿＿＿＿＿
＿＿＿＿＿＿＿＿＿＿
＿＿＿＿＿＿＿＿＿＿
＿＿＿＿＿＿＿＿＿＿
＿＿＿＿＿＿＿＿＿＿
＿＿＿＿＿＿＿＿＿＿
■＿＿＿□＿＿＿＿＿
■■＿＿□＿＿＿＿＿
□■□□□□＿＿□＿
□□□□□□□□□＿
□□□□□□□□□◆
□□□□□□□□＿□
□□□□◆□□□□□
□□□□＿□□□□□
□□□＿□□□□□□
□□□□□□□□＿□
□□□□□□＿□□□
00:41:14(74236f):field(74235f)
＿＿＿＿＿＿＿＿＿＿
＿＿＿＿＿＿＿＿＿＿
＿＿＿＿＿＿＿＿＿＿
＿＿＿＿＿＿＿＿＿＿
＿＿＿＿＿＿＿＿＿＿
＿＿＿＿＿＿＿＿＿＿
＿＿＿＿＿＿＿＿＿＿
＿＿＿＿＿＿＿＿＿＿
＿＿＿＿＿＿＿＿＿＿
□＿＿＿□＿＿＿＿＿
□□＿＿□■■＿＿＿
□□□□□□■■□＿
□□□□□□□□□＿
□□□□□□□□□＿
□□□□□□□□＿□
□□□□＿□□□□□
□□□□＿□□□□□
□□□＿□□□□□□
□□□□□□□□＿□
□□□□□□＿□□□
00:41:15(74251f):field(74250f)
＿＿＿＿＿＿＿＿＿＿
＿＿＿＿＿＿＿＿＿＿
＿＿＿＿＿＿＿＿＿＿
＿＿＿＿＿＿＿＿＿＿
＿＿＿＿＿＿＿＿＿＿
＿＿＿＿＿＿＿＿＿＿
＿＿＿＿＿＿＿＿＿＿
＿＿＿＿＿＿＿＿＿＿
＿＿＿＿＿＿＿＿＿＿
◆＿＿＿◆＿＿＿＿＿
◆◆■＿□◆□＿＿＿
□□◆◆◆□◆□◆■
□◆◆□□□□◆□＿
□□□□□□□◆□■
□□□□□□□□■□
□□□□＿□□□□□
□□□□＿□□□□□
□□□＿□□□□□□
□□□□□□□□＿□
□□□□□□＿□□□
00:41:15(74263f):field(74262f)
＿＿＿＿＿＿＿＿＿＿
＿＿＿＿＿＿＿＿＿＿
＿＿＿＿＿＿＿＿＿＿
＿＿＿＿＿＿＿＿＿＿
＿＿＿＿＿＿＿＿＿＿
＿＿＿＿＿＿＿＿＿＿
＿＿＿＿＿＿＿＿＿＿
＿＿＿＿＿＿＿＿＿＿
＿＿＿＿＿＿＿＿＿＿
＿＿＿＿＿＿＿＿＿＿
＿＿◆＿◆＿◆＿＿＿
◆◆＿＿＿◆＿◆＿◆
□＿■□□◆◆＿◆＿
□□□□□□□＿◆□
□□□□□□□□◆□
□□□□＿□□□□□
□□□□＿□□□□□
□□□＿□□□□□□
□□□□□□□□＿□
□□□□□□＿□□□
00:41:15(74277f):field(74276f)
＿＿＿＿＿＿＿＿＿＿
＿＿＿＿＿＿＿＿＿＿
＿＿＿＿＿＿＿＿＿＿
＿＿＿＿＿＿＿＿＿＿
＿＿＿＿＿＿＿＿＿＿
＿＿＿＿＿＿＿＿＿＿
＿＿＿＿＿＿＿＿＿＿
＿＿＿＿＿＿＿＿＿＿
＿＿＿＿＿＿＿＿＿＿
＿＿＿＿＿＿＿＿＿＿
＿＿＿＿＿＿＿＿＿＿
＿＿＿＿＿＿＿＿＿＿
◆＿□◆◆＿＿＿＿＿
□□◆□◆□□■＿□
□□□□□◆□◆■◆
□□□□■□□□□□
□□□□＿□□□□□
□□□＿□□□□□□
□□□□□□□□＿□
□□□□□□＿□□□
00:41:16(74291f):field(74290f)
＿＿＿＿＿＿＿＿＿＿
＿＿＿＿＿＿＿＿＿＿
＿＿＿＿＿＿＿＿＿＿
＿＿＿＿＿＿＿＿＿＿
＿＿＿＿＿＿＿＿＿＿
＿＿＿＿＿＿＿＿＿＿
＿＿＿＿＿＿＿＿＿＿
＿＿＿＿＿＿＿＿＿＿
＿＿＿＿＿＿＿＿＿＿
＿＿＿＿＿＿＿＿＿＿
＿＿＿＿＿＿＿＿＿＿
＿＿＿＿＿＿＿＿＿＿
■＿◆＿＿＿＿＿＿＿
□□＿◆＿◆◆◆＿◆
□□□□□＿◆＿□＿
□□□□◆□□□□□
□□□□＿□□□□□
□□□＿□□□□□□
□□□□□□□□＿□
□□□□□□＿□□□
00:41:16(74303f):field(74302f)
＿＿＿＿＿＿＿＿＿＿
＿＿＿＿＿＿＿＿＿＿
＿＿＿＿＿＿＿＿＿＿
＿＿＿＿＿＿＿＿＿＿
＿＿＿＿＿＿＿＿＿＿
＿＿＿＿＿＿＿＿＿＿
＿＿＿＿＿＿＿＿＿＿
＿＿＿＿＿＿＿＿＿＿
＿＿＿＿＿＿＿＿＿＿
＿＿＿＿＿＿＿＿＿＿
＿＿＿＿＿＿＿＿＿＿
＿＿＿＿＿＿＿＿＿＿
□＿＿＿＿＿＿＿＿＿
□□＿＿＿＿＿■＿＿
□□□□□■■■□＿
□□□□＿□□□□□
□□□□＿□□□□□
□□□＿□□□□□□
□□□□□□□□＿□
□□□□□□＿□□□
00:41:17(74320f):field(74319f)
＿＿＿＿＿＿＿＿＿＿
＿＿＿＿＿＿＿＿＿＿
＿＿＿＿＿＿＿＿＿＿
＿＿＿＿＿＿＿＿＿＿
＿＿＿＿＿＿＿＿＿＿
＿＿＿＿＿＿＿＿＿＿
＿＿＿＿＿＿＿＿＿＿
＿＿＿＿＿＿＿＿＿＿
＿＿＿＿＿＿＿＿＿＿
＿＿＿＿＿＿＿＿＿＿
＿＿＿＿＿＿＿＿＿＿
＿＿＿＿＿＿＿＿＿＿
□■■＿＿＿＿＿＿＿
□□■■＿＿＿□＿＿
□□□□□□□□□＿
□□□□＿□□□□□
□□□□＿□□□□□
□□□＿□□□□□□
□□□□□□□□＿□
□□□□□□＿□□□
00:41:17(74333f):field(74332f)
＿＿＿＿＿＿＿＿＿＿
＿＿＿＿＿＿＿＿＿＿
＿＿＿＿＿＿＿＿＿＿
＿＿＿＿＿＿＿＿＿＿
＿＿＿＿＿＿＿＿＿＿
＿＿＿＿＿＿＿＿＿＿
＿＿＿＿＿＿＿＿＿＿
＿＿＿＿＿＿＿＿＿＿
＿＿＿＿＿＿＿＿＿＿
＿＿＿＿＿＿＿＿＿＿
＿＿＿＿■＿＿＿＿＿
＿＿＿＿■＿＿＿＿＿
□□□＿■＿＿＿＿＿
□□□□■＿＿□＿＿
□□□□□□□□□＿
□□□□＿□□□□□
□□□□＿□□□□□
□□□＿□□□□□□
□□□□□□□□＿□
□□□□□□＿□□□
00:41:18(74344f):field(74343f)
＿＿＿＿＿＿＿＿＿＿
＿＿＿＿＿＿＿＿＿＿
＿＿＿＿＿＿＿＿＿＿
＿＿＿＿＿＿＿＿＿＿
＿＿＿＿＿＿＿＿＿＿
＿＿＿＿＿＿＿＿＿＿
＿＿＿＿＿＿＿＿＿＿
＿＿＿＿＿＿＿＿＿＿
＿＿＿＿＿＿＿＿＿＿
＿＿＿＿＿＿＿＿＿＿
＿＿＿＿□＿＿＿＿＿
＿＿＿＿□＿＿＿＿＿
□□□＿□■■＿＿＿
□□□□□■■□＿＿
□□□□□□□□□＿
□□□□＿□□□□□
□□□□＿□□□□□
□□□＿□□□□□□
□□□□□□□□＿□
□□□□□□＿□□□
00:41:18(74357f):field(74356f)
＿＿＿＿＿＿＿＿＿＿
＿＿＿＿＿＿＿＿＿＿
＿＿＿＿＿＿＿＿＿＿
＿＿＿＿＿＿＿＿＿＿
＿＿＿＿＿＿＿＿＿＿
＿＿＿＿＿＿＿＿＿＿
＿＿＿＿＿＿＿＿＿＿
＿＿＿＿＿＿＿＿＿＿
＿＿＿＿＿＿＿＿＿＿
＿＿＿＿＿＿＿＿＿＿
＿＿＿■□＿＿＿＿＿
＿＿■■□＿＿＿＿＿
□□□■□□□＿＿＿
□□□□□□□□＿＿
□□□□□□□□□＿
□□□□＿□□□□□
□□□□＿□□□□□
□□□＿□□□□□□
□□□□□□□□＿□
□□□□□□＿□□□
00:41:18(74368f):field(74367f)
＿＿＿＿＿＿＿＿＿＿
＿＿＿＿＿＿＿＿＿＿
＿＿＿＿＿＿＿＿＿＿
＿＿＿＿＿＿＿＿＿＿
＿＿＿＿＿＿＿＿＿＿
＿＿＿＿＿＿＿＿＿＿
＿＿＿＿＿＿＿＿＿＿
＿＿＿＿＿＿＿＿＿＿
＿＿＿＿＿＿＿＿＿＿
＿＿＿＿＿■＿＿＿＿
＿＿＿□□■＿＿＿＿
＿＿□□□■■＿＿＿
□□□□□□□＿＿＿
□□□□□□□□＿＿
□□□□□□□□□＿
□□□□＿□□□□□
□□□□＿□□□□□
□□□＿□□□□□□
□□□□□□□□＿□
□□□□□□＿□□□
00:41:19(74380f):field(74379f)
＿＿＿＿＿＿＿＿＿＿
＿＿＿＿＿＿＿＿＿＿
＿＿＿＿＿＿＿＿＿＿
＿＿＿＿＿＿＿＿＿＿
＿＿＿＿＿＿＿＿＿＿
＿＿＿＿＿＿＿＿＿＿
＿＿＿＿＿＿＿＿＿＿
＿＿＿＿＿■＿＿＿＿
＿＿＿＿■■＿＿＿＿
＿＿＿＿■□＿＿＿＿
＿＿＿□□□＿＿＿＿
＿＿□□□□□＿＿＿
□□□□□□□＿＿＿
□□□□□□□□＿＿
□□□□□□□□□＿
□□□□＿□□□□□
□□□□＿□□□□□
□□□＿□□□□□□
□□□□□□□□＿□
□□□□□□＿□□□
00:41:19(74393f):field(74392f)
＿＿＿＿＿＿＿＿＿＿
＿＿＿＿＿＿＿＿＿＿
＿＿＿＿＿＿＿＿＿＿
＿＿＿＿＿＿＿＿＿＿
＿＿＿＿■＿＿＿＿＿
＿＿＿＿■＿＿＿＿＿
＿＿＿＿■＿＿＿＿＿
＿＿＿＿■□＿＿＿＿
＿＿＿＿□□＿＿＿＿
＿＿＿＿□□＿＿＿＿
＿＿＿□□□＿＿＿＿
＿＿□□□□□＿＿＿
□□□□□□□＿＿＿
□□□□□□□□＿＿
□□□□□□□□□＿
□□□□＿□□□□□
□□□□＿□□□□□
□□□＿□□□□□□
□□□□□□□□＿□
□□□□□□＿□□□
00:41:20(74411f):field(74410f)
＿＿＿＿＿＿＿＿＿＿
＿＿＿＿＿＿＿＿＿＿
＿＿＿＿＿＿＿＿＿＿
＿＿＿＿＿＿＿＿＿＿
＿＿＿＿□＿＿＿＿＿
＿＿＿＿□＿＿＿＿＿
＿＿＿＿□＿＿＿＿＿
＿＿＿＿□□＿＿＿＿
＿＿＿＿□□＿＿＿＿
＿■＿＿□□＿＿＿＿
＿■＿□□□＿＿＿＿
■■□□□□□＿＿＿
□□□□□□□＿＿＿
□□□□□□□□＿＿
□□□□□□□□□＿
□□□□＿□□□□□
□□□□＿□□□□□
□□□＿□□□□□□
□□□□□□□□＿□
□□□□□□＿□□□
00:41:20(74424f):field(74423f)
＿＿＿＿＿＿＿＿＿＿
＿＿＿＿＿＿＿＿＿＿
＿＿＿＿＿＿＿＿＿＿
＿＿＿＿＿＿＿＿＿＿
＿＿＿＿◆＿＿＿＿＿
＿＿＿＿□＿＿＿＿＿
＿＿＿＿□＿＿＿＿＿
＿＿＿＿□◆＿＿＿＿
＿＿＿＿□□＿＿＿＿
＿◆＿＿□□＿＿＿＿
＿□＿◆□□＿＿＿＿
◆□◆□□□◆＿＿＿
□□□□□□□＿＿＿
□□□□□□□◆■■
□□□□□□□□□＿
□□□□＿□□□□□
□□□□＿□□□□□
□□□＿□□□□□□
□□□□□□□□＿□
□□□□□□＿□□□
00:41:21(74437f):field(74436f)
＿＿＿＿＿＿＿＿＿＿
＿＿＿＿＿＿＿＿＿＿
＿＿＿＿＿＿＿＿＿＿
＿＿＿＿＿＿＿＿＿＿
＿＿＿＿＿＿＿＿＿＿
＿＿＿＿◆＿＿＿＿＿
＿＿＿＿◆＿＿＿＿＿
＿＿＿＿□＿＿＿＿＿
＿＿＿＿□◆＿＿＿＿
＿＿＿＿□◆＿＿＿＿
＿◆＿＿□□＿＿＿＿
＿◆＿◆□□■＿＿＿
□□□◆□□◆＿■＿
◆□◆□□□□■◆◆
□□□□□□□□□＿
□□□□■□□□□□
□□□□＿□□□□□
□□□＿□□□□□□
□□□□□□□□＿□
□□□□□□＿□□□
00:41:21(74450f):field(74449f)
＿＿＿＿＿＿＿＿＿＿
＿＿＿＿＿＿＿＿＿＿
＿＿＿＿＿＿＿＿＿＿
＿＿＿＿＿＿＿＿＿＿
＿＿＿＿＿＿＿＿＿＿
＿＿＿＿＿＿＿＿＿＿
＿＿＿＿＿＿＿＿＿＿
＿＿＿＿□＿＿＿＿＿
＿＿＿＿□＿＿＿＿＿
＿＿＿＿□＿＿＿＿＿
＿＿＿＿□□＿＿＿＿
＿＿■＿□□◆＿＿＿
◆□□■□□＿＿◆＿
＿□■□□□◆◆＿＿
□□□□□□□□□＿
□□□□◆□□□□□
□□□□＿□□□□□
□□□＿□□□□□□
□□□□□□□□＿□
□□□□□□＿□□□
00:41:22(74465f):field(74464f)
＿＿＿＿＿＿＿＿＿＿
＿＿＿＿＿＿＿＿＿＿
＿＿＿＿＿＿＿＿＿＿
＿＿＿＿＿＿＿＿＿＿
＿＿＿＿＿＿＿＿＿＿
＿＿＿＿＿＿＿＿＿＿
＿＿＿＿＿＿＿＿＿＿
＿＿＿＿◆＿＿＿＿＿
＿＿＿＿□＿＿＿＿＿
＿＿＿＿□＿＿＿＿＿
＿＿＿＿□◆＿＿＿＿
＿＿◆＿□□＿＿＿＿
＿◆□◆□□＿＿＿＿
＿□□□□□＿＿■＿
◆□□□□□◆◆□■
□□□□＿□□□□□
□□□□＿□□□□□
□□□＿□□□□□□
□□□□□□□□＿□
□□□□□□＿□□□
00:41:22(74482f):field(74481f)
＿＿＿＿＿＿＿＿＿＿
＿＿＿＿＿＿＿＿＿＿
＿＿＿＿＿＿＿＿＿＿
＿＿＿＿＿＿＿＿＿＿
＿＿＿＿＿＿＿＿＿＿
＿＿＿＿＿＿＿＿＿＿
＿＿＿＿＿＿＿＿＿＿
＿＿＿＿＿＿＿＿＿＿
＿＿＿＿□＿＿＿＿＿
＿＿＿＿□＿＿＿＿＿
＿＿＿＿□＿＿＿＿＿
＿＿＿＿□□＿＿＿＿
＿＿□＿□□＿■＿＿
＿□□□□□■■□＿
＿□□□□□■＿□□
□□□□＿□□□□□
□□□□＿□□□□□
□□□＿□□□□□□
□□□□□□□□＿□
□□□□□□＿□□□
00:41:23(74495f):field(74494f)
＿＿＿＿＿＿＿＿＿＿
＿＿＿＿＿＿＿＿＿＿
＿＿＿＿＿＿＿＿＿＿
＿＿＿＿＿＿＿＿＿＿
＿＿＿＿＿＿＿＿＿＿
＿＿＿＿＿＿＿＿＿＿
＿＿＿＿＿＿＿＿＿＿
＿＿＿＿＿＿＿＿＿＿
＿＿＿＿□＿＿＿＿＿
＿＿＿＿□＿＿＿＿＿
＿＿＿＿□＿＿＿＿＿
＿＿＿＿□□＿＿■■
＿＿□＿□□＿□■■
＿□□□□□□□□＿
＿□□□□□□＿□□
□□□□＿□□□□□
□□□□＿□□□□□
□□□＿□□□□□□
□□□□□□□□＿□
□□□□□□＿□□□
00:41:23(74509f):field(74508f)
＿＿＿＿＿＿＿＿＿＿
＿＿＿＿＿＿＿＿＿＿
＿＿＿＿＿＿＿＿＿＿
＿＿＿＿＿＿＿＿＿＿
＿＿＿＿＿＿＿＿＿＿
＿＿＿＿＿＿＿＿＿＿
＿＿＿＿＿＿＿＿＿＿
＿＿＿＿＿＿＿＿＿＿
＿＿＿＿□＿＿＿＿＿
＿＿＿＿□＿＿＿＿＿
＿＿＿＿□＿＿■■■
＿＿＿＿□□＿■□□
＿＿□＿□□＿□□□
＿□□□□□□□□＿
＿□□□□□□＿□□
□□□□＿□□□□□
□□□□＿□□□□□
□□□＿□□□□□□
□□□□□□□□＿□
□□□□□□＿□□□
00:41:24(74522f):field(74521f)
＿＿＿＿＿＿＿＿＿＿
＿＿＿＿＿＿＿＿＿＿
＿＿＿＿＿＿＿＿＿＿
＿＿＿＿＿＿＿＿＿＿
＿＿＿＿＿＿＿＿＿＿
＿＿＿＿＿＿＿＿＿＿
＿＿＿＿＿＿＿＿＿＿
＿＿＿＿＿＿＿＿＿＿
＿＿＿＿□＿＿＿＿＿
＿＿＿＿□＿＿＿＿＿
＿＿＿■□＿＿□□□
＿＿■■□□＿□□□
＿＿□■□□＿□□□
＿□□□□□□□□＿
＿□□□□□□＿□□
□□□□＿□□□□□
□□□□＿□□□□□
□□□＿□□□□□□
□□□□□□□□＿□
□□□□□□＿□□□
00:41:24(74535f):field(74534f)
＿＿＿＿＿＿＿＿＿＿
＿＿＿＿＿＿＿＿＿＿
＿＿＿＿＿＿＿＿＿＿
＿＿＿＿＿＿＿＿＿＿
＿＿＿＿＿＿＿＿＿＿
＿＿＿＿＿＿＿＿＿＿
＿＿＿＿＿＿＿＿＿＿
＿＿＿＿＿＿＿＿＿＿
＿＿＿＿□＿＿＿＿＿
＿＿＿＿□＿■＿＿＿
＿＿＿□□＿■□□□
＿＿□□□□■□□□
＿＿□□□□■□□□
＿□□□□□□□□＿
＿□□□□□□＿□□
□□□□＿□□□□□
□□□□＿□□□□□
□□□＿□□□□□□
□□□□□□□□＿□
□□□□□□＿□□□
00:41:25(74554f):field(74553f)
＿＿＿＿＿＿＿＿＿＿
＿＿＿＿＿＿＿＿＿＿
＿＿＿＿＿＿＿＿＿＿
＿＿＿＿＿＿＿＿＿＿
＿＿＿＿＿＿＿＿＿＿
＿＿＿＿＿＿＿＿＿＿
＿＿＿＿＿＿＿＿＿＿
＿＿＿＿＿＿＿＿＿＿
＿＿＿＿◆＿＿＿＿＿
＿＿＿＿□＿◆＿＿＿
＿＿＿□□＿□◆◆◆
■＿◆□□□□□□□
＿■□□□□□□□□
＿□□□□□□□□＿
＿□□□□□□＿□□
□□□□＿□□□□□
□□□□＿□□□□□
□□□＿□□□□□□
□□□□□□□□＿□
□□□□□□＿□□□
00:41:25(74569f):field(74568f)
＿＿＿＿＿＿＿＿＿＿
＿＿＿＿＿＿＿＿＿＿
＿＿＿＿＿＿＿＿＿＿
＿＿＿＿＿＿＿＿＿＿
＿＿＿＿＿＿＿＿＿＿
＿＿＿＿＿＿＿＿＿＿
＿＿＿＿＿＿＿＿＿＿
＿＿＿＿＿＿＿＿＿＿
＿＿＿＿＿＿＿＿＿＿
＿＿＿＿□■■＿＿＿
＿＿＿◆□■□＿＿＿
□＿＿□□□□□□□
＿□□□□□□□□□
＿□□□□□□□□＿
＿□□□□□□＿□□
□□□□＿□□□□□
□□□□＿□□□□□
□□□＿□□□□□□
□□□□□□□□＿□
□□□□□□＿□□□
00:41:26(74580f):field(74579f)
＿＿＿＿＿＿＿＿＿＿
＿＿＿＿＿＿＿＿＿＿
＿＿＿＿＿＿＿＿＿＿
＿＿＿＿＿＿＿＿＿＿
＿＿＿＿＿＿＿＿＿＿
＿＿＿＿＿＿＿＿＿＿
＿＿＿＿＿＿＿＿＿＿
＿＿＿＿＿＿＿＿＿＿
＿＿＿＿＿＿＿＿＿＿
＿＿＿＿◆◆◆＿＿＿
■＿■＿□□□＿＿＿
◆■■◆□□□◆◆◆
＿□□□□□□□□□
■□□□□□□□□＿
＿□□□□□□＿□□
□□□□＿□□□□□
□□□□＿□□□□□
□□□＿□□□□□□
□□□□□□□□＿□
□□□□□□＿□□□
00:41:26(74592f):field(74591f)
＿＿＿＿＿＿＿＿＿＿
＿＿＿＿＿＿＿＿＿＿
＿＿＿＿＿＿＿＿＿＿
＿＿＿＿＿＿＿＿＿＿
＿＿＿＿＿＿＿＿＿＿
＿＿＿＿＿＿＿＿＿＿
＿＿＿＿＿＿＿＿＿＿
＿＿＿＿＿■＿＿＿＿
＿＿＿＿■■＿＿＿＿
＿＿＿＿■＿＿＿＿＿
◆＿◆＿□□□＿＿＿
＿□□＿□□□＿＿＿
＿□□□□□□□□□
◆□□□□□□□□＿
＿□□□□□□＿□□
□□□□＿□□□□□
□□□□＿□□□□□
□□□＿□□□□□□
□□□□□□□□＿□
□□□□□□＿□□□
00:41:26(74608f):field(74607f)
＿＿＿＿＿＿＿＿＿＿
＿＿＿＿＿＿＿＿＿＿
＿＿＿＿＿＿＿＿＿＿
＿＿＿＿＿＿＿＿＿＿
＿＿＿＿＿＿＿＿＿＿
＿＿＿＿＿＿＿＿＿＿
＿＿＿＿＿＿＿＿＿＿
＿＿＿＿＿□＿＿＿＿
＿＿＿■□□＿＿＿＿
＿＿＿■□＿＿＿＿＿
＿＿＿■□□□＿＿＿
＿□□■□□□＿＿＿
＿□□□□□□□□□
＿□□□□□□□□＿
＿□□□□□□＿□□
□□□□＿□□□□□
□□□□＿□□□□□
□□□＿□□□□□□
□□□□□□□□＿□
□□□□□□＿□□□
00:41:27(74619f):field(74618f)
＿＿＿＿＿＿＿＿＿＿
＿＿＿＿＿＿＿＿＿＿
＿＿＿＿＿＿＿＿＿＿
＿＿＿＿＿＿＿＿＿＿
＿＿＿＿＿＿＿＿＿＿
＿＿＿＿■＿＿＿＿＿
＿＿＿＿■■＿＿＿＿
＿＿＿＿■□＿＿＿＿
＿＿＿□□□＿＿＿＿
＿＿＿□□＿＿＿＿＿
＿＿＿□□□□＿＿＿
＿□□□□□□＿＿＿
＿□□□□□□□□□
＿□□□□□□□□＿
＿□□□□□□＿□□
□□□□＿□□□□□
□□□□＿□□□□□
□□□＿□□□□□□
□□□□□□□□＿□
□□□□□□＿□□□
00:41:27(74633f):field(74632f)
＿＿＿＿＿＿＿＿＿＿
＿＿＿＿＿＿＿＿＿＿
＿＿＿＿＿＿＿＿＿＿
＿＿＿＿■＿＿＿＿＿
＿＿＿＿■■＿＿＿＿
＿＿＿＿□■＿＿＿＿
＿＿＿＿□□＿＿＿＿
＿＿＿＿□□＿＿＿＿
＿＿＿□□□＿＿＿＿
＿＿＿□□＿＿＿＿＿
＿＿＿□□□□＿＿＿
＿□□□□□□＿＿＿
＿□□□□□□□□□
＿□□□□□□□□＿
＿□□□□□□＿□□
□□□□＿□□□□□
□□□□＿□□□□□
□□□＿□□□□□□
□□□□□□□□＿□
□□□□□□＿□□□
00:41:28(74649f):field(74648f)
＿＿＿＿＿＿＿＿＿＿
＿＿＿＿＿＿＿＿＿＿
＿＿＿＿＿＿＿＿＿＿
＿＿＿＿□＿＿＿＿＿
＿＿＿＿□□＿＿＿＿
＿＿＿＿□□＿＿＿＿
＿＿＿＿□□＿＿＿＿
＿＿＿＿□□■＿＿＿
＿＿＿□□□■＿＿＿
＿＿＿□□■■＿＿＿
＿＿＿□□□□＿＿＿
＿□□□□□□＿＿＿
＿□□□□□□□□□
＿□□□□□□□□＿
＿□□□□□□＿□□
□□□□＿□□□□□
□□□□＿□□□□□
□□□＿□□□□□□
□□□□□□□□＿□
□□□□□□＿□□□
00:41:28(74665f):field(74664f)
＿＿＿＿＿＿＿＿＿＿
＿＿＿＿＿＿＿＿＿＿
＿＿＿＿＿＿＿＿＿＿
＿＿＿＿□＿＿＿＿＿
＿＿＿＿□□＿＿＿＿
＿＿＿＿□□＿＿＿＿
＿＿＿＿□□＿＿＿＿
＿＿＿＿□□□＿＿＿
＿＿＿□□□□＿＿＿
＿＿＿□□□□＿＿＿
＿＿＿□□□□＿＿■
＿□□□□□□■■■
＿□□□□□□□□□
＿□□□□□□□□＿
＿□□□□□□＿□□
□□□□＿□□□□□
□□□□＿□□□□□
□□□＿□□□□□□
□□□□□□□□＿□
□□□□□□＿□□□
00:41:29(74679f):field(74678f)
＿＿＿＿＿＿＿＿＿＿
＿＿＿＿＿＿＿＿＿＿
＿＿＿＿＿＿＿＿＿＿
＿＿＿＿□＿＿＿＿＿
＿＿＿＿□□＿＿＿＿
＿＿＿＿□□＿＿＿＿
＿＿＿＿□□＿＿＿＿
＿＿＿＿□□□＿＿＿
＿＿＿□□□□■■＿
＿＿＿□□□□＿■■
＿＿＿□□□□＿＿□
＿□□□□□□□□□
＿□□□□□□□□□
＿□□□□□□□□＿
＿□□□□□□＿□□
□□□□＿□□□□□
□□□□＿□□□□□
□□□＿□□□□□□
□□□□□□□□＿□
□□□□□□＿□□□
00:41:29(74698f):field(74697f)
＿＿＿＿＿＿＿＿＿＿
＿＿＿＿＿＿＿＿＿＿
＿＿＿＿＿＿＿＿＿＿
＿＿＿＿◆＿＿＿＿＿
＿＿＿＿□◆＿＿＿＿
＿＿＿＿□□＿＿＿＿
＿＿＿＿□□＿＿＿＿
＿＿＿＿□□◆＿＿＿
＿＿＿◆□□□◆◆＿
＿＿＿□□□□■□◆
■＿■□□□□＿■□
■□◆□□□□◆◆□
＿□□□□□□□□□
■□□□□□□□□＿
＿□□□□□□＿□□
□□□□＿□□□□□
□□□□＿□□□□□
□□□＿□□□□□□
□□□□□□□□＿□
□□□□□□＿□□□
00:41:30(74713f):field(74712f)
＿＿＿＿＿＿＿＿＿＿
＿＿＿＿＿＿＿＿＿＿
＿＿＿＿＿＿＿＿＿＿
＿＿＿＿＿＿＿＿＿＿
＿＿＿＿□＿＿＿＿＿
＿＿＿＿□□＿＿＿＿
＿＿＿＿□□＿＿＿＿
＿＿＿＿□□＿＿＿＿
＿＿＿＿□□□＿＿＿
＿■＿□□□□□□＿
□■□□□□□＿□□
□□■□□□□＿＿□
＿□□□□□□□□□
◆□□□□□□□□＿
＿□□□□□□＿□□
□□□□＿□□□□□
□□□□＿□□□□□
□□□＿□□□□□□
□□□□□□□□＿□
□□□□□□＿□□□
00:41:30(74727f):field(74726f)
＿＿＿＿＿＿＿＿＿＿
＿＿＿＿＿＿＿＿＿＿
＿＿＿＿＿＿＿＿＿＿
＿＿＿＿＿＿＿＿＿＿
＿＿＿＿□＿＿＿＿＿
＿＿＿＿□□＿＿＿＿
＿＿＿＿□□＿＿＿＿
＿＿＿＿□□＿■■＿
＿＿＿＿□□□■■＿
＿□＿□□□□□□＿
□□□□□□□＿□□
□□□□□□□＿＿□
＿□□□□□□□□□
＿□□□□□□□□＿
＿□□□□□□＿□□
□□□□＿□□□□□
□□□□＿□□□□□
□□□＿□□□□□□
□□□□□□□□＿□
□□□□□□＿□□□
00:41:31(74742f):field(74741f)
＿＿＿＿＿＿＿＿＿＿
＿＿＿＿＿＿＿＿＿＿
＿＿＿＿＿＿＿＿＿＿
＿＿＿＿＿＿＿＿＿＿
＿＿＿＿□＿＿＿＿＿
＿＿＿＿□□■■＿＿
＿＿＿＿□□■＿＿＿
＿＿＿＿□□■□□＿
＿＿＿＿□□□□□＿
＿□＿□□□□□□＿
□□□□□□□＿□□
□□□□□□□＿＿□
＿□□□□□□□□□
＿□□□□□□□□＿
＿□□□□□□＿□□
□□□□＿□□□□□
□□□□＿□□□□□
□□□＿□□□□□□
□□□□□□□□＿□
□□□□□□＿□□□
00:41:31(74758f):field(74757f)
＿＿＿＿＿＿＿＿＿＿
＿＿＿＿＿＿＿＿＿＿
＿＿＿＿＿＿＿＿＿＿
＿＿＿＿＿＿＿＿＿＿
＿＿＿＿□＿＿＿＿＿
＿＿＿＿□□□□＿＿
＿＿＿＿□□□＿＿＿
＿＿＿＿□□□□□＿
■■■＿□□□□□＿
■□＿□□□□□□＿
□□□□□□□＿□□
□□□□□□□＿＿□
＿□□□□□□□□□
＿□□□□□□□□＿
＿□□□□□□＿□□
□□□□＿□□□□□
□□□□＿□□□□□
□□□＿□□□□□□
□□□□□□□□＿□
□□□□□□＿□□□
00:41:32(74770f):field(74769f)
＿＿＿＿＿＿＿＿＿＿
＿＿＿＿＿＿＿＿＿＿
＿＿＿＿＿＿＿＿＿＿
＿＿＿＿■■＿＿＿＿
＿＿＿＿□■■＿＿＿
＿＿＿＿□□□□＿＿
＿＿＿＿□□□＿＿＿
＿＿＿＿□□□□□＿
□□□＿□□□□□＿
□□＿□□□□□□＿
□□□□□□□＿□□
□□□□□□□＿＿□
＿□□□□□□□□□
＿□□□□□□□□＿
＿□□□□□□＿□□
□□□□＿□□□□□
□□□□＿□□□□□
□□□＿□□□□□□
□□□□□□□□＿□
□□□□□□＿□□□
00:41:32(74784f):field(74783f)
＿＿＿＿＿＿＿＿＿＿
＿＿＿＿＿＿＿＿＿＿
＿＿＿＿＿＿＿＿＿＿
＿＿＿＿□□＿＿＿＿
＿＿＿＿□□□＿＿＿
＿＿＿＿□□□□＿＿
＿＿＿■□□□＿＿＿
＿＿■■□□□□□＿
□□□■□□□□□＿
□□＿□□□□□□＿
□□□□□□□＿□□
□□□□□□□＿＿□
＿□□□□□□□□□
＿□□□□□□□□＿
＿□□□□□□＿□□
□□□□＿□□□□□
□□□□＿□□□□□
□□□＿□□□□□□
□□□□□□□□＿□
□□□□□□＿□□□
00:41:33(74796f):field(74795f)
＿＿＿＿＿＿＿＿＿＿
＿＿＿＿＿＿＿＿＿＿
＿＿＿＿＿＿＿＿＿＿
＿＿＿＿□□＿＿＿＿
＿＿＿＿□□□＿＿＿
＿＿＿＿□□□□＿＿
■■＿□□□□＿＿＿
■■□□□□□□□＿
□□□□□□□□□＿
□□＿□□□□□□＿
□□□□□□□＿□□
□□□□□□□＿＿□
＿□□□□□□□□□
＿□□□□□□□□＿
＿□□□□□□＿□□
□□□□＿□□□□□
□□□□＿□□□□□
□□□＿□□□□□□
□□□□□□□□＿□
□□□□□□＿□□□
00:41:33(74812f):field(74811f)
＿＿＿＿＿＿＿＿＿＿
＿＿＿＿＿＿＿＿＿＿
＿＿＿＿＿＿＿＿＿＿
＿＿＿＿□□＿＿＿＿
＿■＿＿□□□＿＿＿
＿■■＿□□□□＿＿
□□■□□□□＿＿＿
□□□□□□□□□＿
□□□□□□□□□＿
□□＿□□□□□□＿
□□□□□□□＿□□
□□□□□□□＿＿□
＿□□□□□□□□□
＿□□□□□□□□＿
＿□□□□□□＿□□
□□□□＿□□□□□
□□□□＿□□□□□
□□□＿□□□□□□
□□□□□□□□＿□
□□□□□□＿□□□
00:41:34(74828f):field(74827f)
＿＿＿＿＿＿＿＿＿＿
＿＿＿＿＿＿＿＿＿＿
＿＿＿＿＿＿＿＿＿＿
＿＿■■□□＿＿＿＿
＿□■■□□□＿＿＿
＿□□＿□□□□＿＿
□□□□□□□＿＿＿
□□□□□□□□□＿
□□□□□□□□□＿
□□＿□□□□□□＿
□□□□□□□＿□□
□□□□□□□＿＿□
＿□□□□□□□□□
＿□□□□□□□□＿
＿□□□□□□＿□□
□□□□＿□□□□□
□□□□＿□□□□□
□□□＿□□□□□□
□□□□□□□□＿□
□□□□□□＿□□□
00:41:34(74843f):field(74842f)
＿＿＿＿＿＿＿＿＿＿
＿＿＿＿＿＿＿＿＿＿
＿＿＿＿＿＿＿＿＿＿
＿＿◆◆◆◆＿＿＿＿
＿◆◆◆◆◆◆＿＿＿
＿◆□■□□◆◆＿＿
□□□□□□□＿■＿
◆□□◆□□□□◆■
□□□□□□□◆□■
□□＿□□□□□□■
□□□□□□□■□□
□□□□□□□＿＿□
＿□□□□□□□□□
＿□□□□□□□□＿
＿□□□□□□＿□□
□□□□＿□□□□□
□□□□＿□□□□□
□□□＿□□□□□□
□□□□□□□□＿□
□□□□□□＿□□□
00:41:35(74860f):field(74859f)
＿＿＿＿＿＿＿＿＿＿
＿＿＿＿＿＿＿＿＿＿
＿＿＿＿＿＿＿＿＿＿
＿＿＿＿＿＿＿＿＿＿
＿＿＿＿＿＿＿＿＿＿
＿＿□□□□＿＿＿＿
◆□□□□□□＿◆■
＿□□＿□□□□■□
□□□□□□□＿□□
□□＿□□□□□□□
□□□□□□□◆□□
□□□□□□□＿＿□
＿□□□□□□□□□
＿□□□□□□□□＿
＿□□□□□□＿□□
□□□□＿□□□□□
□□□□＿□□□□□
□□□＿□□□□□□
□□□□□□□□＿□
□□□□□□＿□□□
00:41:35(74877f):field(74876f)
＿＿＿＿＿＿＿＿＿＿
＿＿＿＿＿＿＿＿＿＿
＿＿＿＿＿＿＿＿＿＿
＿＿＿＿＿＿＿＿＿＿
＿＿＿＿＿＿＿＿＿＿
■■□□□□＿＿＿＿
■□□□□□□＿＿□
■□□＿□□□□□□
□□□□□□□＿□□
□□＿□□□□□□□
□□□□□□□＿□□
□□□□□□□＿＿□
＿□□□□□□□□□
＿□□□□□□□□＿
＿□□□□□□＿□□
□□□□＿□□□□□
□□□□＿□□□□□
□□□＿□□□□□□
□□□□□□□□＿□
□□□□□□＿□□□
00:41:36(74893f):field(74892f)
＿＿＿＿＿＿＿＿＿＿
＿＿＿＿＿＿＿＿＿＿
＿＿＿＿＿＿＿＿＿＿
＿＿＿＿＿＿＿＿＿＿
＿＿＿＿＿＿＿＿■＿
□□□□□□＿＿■■
□□□□□□□＿■□
□□□＿□□□□□□
□□□□□□□＿□□
□□＿□□□□□□□
□□□□□□□＿□□
□□□□□□□＿＿□
＿□□□□□□□□□
＿□□□□□□□□＿
＿□□□□□□＿□□
□□□□＿□□□□□
□□□□＿□□□□□
□□□＿□□□□□□
□□□□□□□□＿□
□□□□□□＿□□□
00:41:36(74907f):field(74906f)
＿＿＿＿＿＿＿＿＿＿
＿＿＿＿＿＿＿＿＿＿
＿＿＿＿＿＿＿＿＿＿
＿＿＿＿＿＿＿＿＿＿
＿＿■＿＿＿■＿◆＿
◆□◆◆◆□＿■◆◆
◆□◆◆□◆□■□◆
□□□＿□□□□□□
□□□□□□□■□□
□□＿□□□□□□□
□□□□□□□＿□□
□□□□□□□＿＿□
＿□□□□□□□□□
＿□□□□□□□□＿
＿□□□□□□＿□□
□□□□＿□□□□□
□□□□＿□□□□□
□□□＿□□□□□□
□□□□□□□□＿□
□□□□□□＿□□□
00:41:37(74922f):field(74921f)
＿＿＿＿＿＿＿＿＿＿
＿＿＿＿＿＿＿＿＿＿
＿＿＿＿＿＿＿＿＿＿
＿＿＿＿＿＿＿＿＿＿
＿＿◆＿＿＿◆＿＿＿
■□＿＿＿◆＿◆＿＿
■□＿＿◆＿□◆□＿
□□□＿□□□□□□
□□□□□□□◆□□
□□＿□□□□□□□
□□□□□□□＿□□
□□□□□□□＿＿□
＿□□□□□□□□□
＿□□□□□□□□＿
＿□□□□□□＿□□
□□□□＿□□□□□
□□□□＿□□□□□
□□□＿□□□□□□
□□□□□□□□＿□
□□□□□□＿□□□
00:41:37(74935f):field(74934f)
＿＿＿＿＿＿＿＿＿＿
＿＿＿＿＿＿＿＿＿＿
＿＿＿＿＿＿＿＿＿＿
＿＿＿＿＿＿＿＿＿＿
＿＿＿＿＿■＿＿＿＿
□□＿＿＿■＿＿＿＿
□□＿＿■■□＿□＿
□□□＿□□□□□□
□□□□□□□＿□□
□□＿□□□□□□□
□□□□□□□＿□□
□□□□□□□＿＿□
＿□□□□□□□□□
＿□□□□□□□□＿
＿□□□□□□＿□□
□□□□＿□□□□□
□□□□＿□□□□□
□□□＿□□□□□□
□□□□□□□□＿□
□□□□□□＿□□□
00:41:38(74954f):field(74953f)
＿＿＿＿＿＿＿＿＿＿
＿＿＿＿＿＿＿＿＿＿
＿＿＿＿■＿＿＿＿＿
＿＿＿＿■＿＿＿＿＿
＿＿＿＿■□＿＿＿＿
□□＿＿■□＿＿＿＿
□□＿＿□□□＿□＿
□□□＿□□□□□□
□□□□□□□＿□□
□□＿□□□□□□□
□□□□□□□＿□□
□□□□□□□＿＿□
＿□□□□□□□□□
＿□□□□□□□□＿
＿□□□□□□＿□□
□□□□＿□□□□□
□□□□＿□□□□□
□□□＿□□□□□□
□□□□□□□□＿□
□□□□□□＿□□□
00:41:39(74970f):field(74969f)
＿＿＿＿＿＿＿＿＿＿
＿＿＿＿＿＿＿＿＿＿
＿＿＿＿◆＿＿＿＿＿
＿＿＿＿□＿＿＿＿＿
＿＿＿＿□◆＿＿＿＿
◆◆＿＿□□＿＿＿＿
□□■■□□◆＿◆＿
□□◆■□□□◆□□
□□□□□□□＿□□
□□■□□□□□□□
□□□□□□□＿□□
□□□□□□□＿＿□
＿□□□□□□□□□
＿□□□□□□□□＿
＿□□□□□□＿□□
□□□□＿□□□□□
□□□□＿□□□□□
□□□＿□□□□□□
□□□□□□□□＿□
□□□□□□＿□□□
00:41:39(74986f):field(74985f)
＿＿＿＿＿＿＿＿＿＿
＿＿＿＿＿＿＿＿＿＿
＿＿＿＿＿＿＿＿＿＿
＿＿＿＿□＿＿＿＿＿
＿＿＿＿□＿＿＿＿＿
＿＿＿＿□□■＿＿＿
□□□□□□■■＿＿
□□＿□□□□■□◆
□□□□□□□＿□□
□□◆□□□□□□□
□□□□□□□＿□□
□□□□□□□＿＿□
＿□□□□□□□□□
＿□□□□□□□□＿
＿□□□□□□＿□□
□□□□＿□□□□□
□□□□＿□□□□□
□□□＿□□□□□□
□□□□□□□□＿□
□□□□□□＿□□□
00:41:40(75003f):field(75002f)
＿＿＿＿＿＿＿＿＿＿
＿＿＿＿＿＿＿＿＿＿
＿＿＿＿＿＿＿＿＿＿
■＿＿＿□＿＿＿＿＿
■＿＿＿□＿＿＿＿＿
■■＿＿□□□＿＿＿
□□□□□□□□＿＿
□□＿□□□□□□＿
□□□□□□□＿□□
□□＿□□□□□□□
□□□□□□□＿□□
□□□□□□□＿＿□
＿□□□□□□□□□
＿□□□□□□□□＿
＿□□□□□□＿□□
□□□□＿□□□□□
□□□□＿□□□□□
□□□＿□□□□□□
□□□□□□□□＿□
□□□□□□＿□□□
00:41:40(75016f):field(75015f)
＿＿＿＿＿＿＿＿＿＿
＿＿＿＿＿＿＿＿＿＿
＿＿＿＿＿＿＿＿＿＿
□＿＿＿□＿＿＿＿＿
□＿■■□＿＿＿＿＿
□□■■□□□＿＿＿
□□□□□□□□＿＿
□□＿□□□□□□＿
□□□□□□□＿□□
□□＿□□□□□□□
□□□□□□□＿□□
□□□□□□□＿＿□
＿□□□□□□□□□
＿□□□□□□□□＿
＿□□□□□□＿□□
□□□□＿□□□□□
□□□□＿□□□□□
□□□＿□□□□□□
□□□□□□□□＿□
□□□□□□＿□□□
00:41:41(75030f):field(75029f)
＿＿＿＿＿＿＿＿＿＿
＿＿＿＿＿＿＿＿＿＿
＿＿＿＿＿＿＿＿＿＿
□＿＿＿□＿＿＿＿＿
□＿□□□＿＿＿＿■
□□□□□□□＿＿■
□□□□□□□□＿■
□□＿□□□□□□■
□□□□□□□＿□□
□□＿□□□□□□□
□□□□□□□＿□□
□□□□□□□＿＿□
＿□□□□□□□□□
＿□□□□□□□□＿
＿□□□□□□＿□□
□□□□＿□□□□□
□□□□＿□□□□□
□□□＿□□□□□□
□□□□□□□□＿□
□□□□□□＿□□□
00:41:41(75044f):field(75043f)
＿＿＿＿＿＿＿＿＿＿
＿＿＿＿＿＿＿＿＿＿
＿＿＿＿＿＿＿＿＿＿
◆＿＿＿◆＿＿＿＿＿
◆＿◆◆◆＿■＿＿◆
□◆◆□□□□■＿◆
□◆□□□◆◆□■□
□□■□□□□□□□
□□□□□□□＿□□
□□＿□□□□□□□
□□□□□□□＿□□
□□□□□□□＿＿□
＿□□□□□□□□□
＿□□□□□□□□＿
＿□□□□□□＿□□
□□□□＿□□□□□
□□□□＿□□□□□
□□□＿□□□□□□
□□□□□□□□＿□
□□□□□□＿□□□
00:41:41(75059f):field(75058f)
＿＿＿＿＿＿＿＿＿＿
＿＿＿＿＿＿＿＿＿＿
＿＿＿＿＿＿＿＿＿＿
＿＿＿＿＿＿＿＿＿＿
＿＿＿＿＿＿◆＿＿＿
□＿＿◆□□◆◆＿＿
□＿□□□■■□□□
□□◆□□□□□□□
□□□□□□□＿□□
□□＿□□□□□□□
□□□□□□□＿□□
□□□□□□□＿＿□
＿□□□□□□□□□
＿□□□□□□□□＿
＿□□□□□□＿□□
□□□□＿□□□□□
□□□□＿□□□□□
□□□＿□□□□□□
□□□□□□□□＿□
□□□□□□＿□□□
00:41:42(75075f):field(75074f)
＿＿＿＿＿＿＿＿＿＿
＿＿＿＿＿＿＿＿＿＿
＿＿＿＿＿＿＿＿＿＿
＿＿＿＿＿＿＿＿＿＿
＿＿＿＿＿■■＿＿＿
□＿＿＿□□■■＿＿
□＿□□□□□□□□
□□＿□□□□□□□
□□□□□□□＿□□
□□＿□□□□□□□
□□□□□□□＿□□
□□□□□□□＿＿□
＿□□□□□□□□□
＿□□□□□□□□＿
＿□□□□□□＿□□
□□□□＿□□□□□
□□□□＿□□□□□
□□□＿□□□□□□
□□□□□□□□＿□
□□□□□□＿□□□
00:41:42(75089f):field(75088f)
＿＿＿＿＿＿＿＿＿＿
＿＿＿＿＿＿＿＿＿＿
＿＿＿＿＿＿＿＿＿＿
＿＿＿＿＿＿＿＿＿＿
＿＿＿＿＿□□＿■■
□＿＿＿□□□□■■
□＿□□□□□□□□
□□＿□□□□□□□
□□□□□□□＿□□
□□＿□□□□□□□
□□□□□□□＿□□
□□□□□□□＿＿□
＿□□□□□□□□□
＿□□□□□□□□＿
＿□□□□□□＿□□
□□□□＿□□□□□
□□□□＿□□□□□
□□□＿□□□□□□
□□□□□□□□＿□
□□□□□□＿□□□
00:41:43(75102f):field(75101f)
＿＿＿＿＿＿＿＿＿＿
＿＿＿＿＿＿＿＿＿＿
＿＿＿＿＿＿＿＿＿＿
＿＿＿＿＿＿＿＿＿＿
＿■＿＿＿◆◆＿◆◆
◆■■＿◆□□◆□□
□■□◆□□□□□□
□□■□□□□□□□
□□□□□□□＿□□
□□＿□□□□□□□
□□□□□□□＿□□
□□□□□□□＿＿□
＿□□□□□□□□□
＿□□□□□□□□＿
＿□□□□□□＿□□
□□□□＿□□□□□
□□□□＿□□□□□
□□□＿□□□□□□
□□□□□□□□＿□
□□□□□□＿□□□
00:41:43(75116f):field(75115f)
＿＿＿＿＿＿＿＿＿＿
＿＿＿＿＿＿＿＿＿＿
＿＿＿＿＿＿＿＿＿＿
＿＿＿＿＿＿＿＿＿＿
＿□＿＿■■■＿＿＿
＿□◆＿■□□＿□□
□□◆＿□□□□□□
□□◆□□□□□□□
□□□□□□□＿□□
□□＿□□□□□□□
□□□□□□□＿□□
□□□□□□□＿＿□
＿□□□□□□□□□
＿□□□□□□□□＿
＿□□□□□□＿□□
□□□□＿□□□□□
□□□□＿□□□□□
□□□＿□□□□□□
□□□□□□□□＿□
□□□□□□＿□□□
00:41:44(75135f):field(75134f)
＿＿＿＿＿＿＿＿＿＿
＿＿＿＿＿＿＿＿＿＿
＿＿＿＿＿＿＿＿＿＿
＿＿＿＿＿＿＿＿＿＿
＿◆＿＿◆◆◆＿＿＿
＿□＿＿□□□＿◆◆
□□■■□□□◆□□
□□■◆□□□□□□
□□□□□□□■□□
□□＿□□□□□□□
□□□□□□□＿□□
□□□□□□□＿＿□
＿□□□□□□□□□
＿□□□□□□□□＿
＿□□□□□□＿□□
□□□□＿□□□□□
□□□□＿□□□□□
□□□＿□□□□□□
□□□□□□□□＿□
□□□□□□＿□□□
00:41:45(75151f):field(75150f)
＿＿＿＿＿＿＿＿＿＿
＿＿＿＿＿＿＿＿＿＿
＿＿＿＿＿＿＿＿＿＿
＿＿＿＿＿＿＿＿＿＿
＿＿＿＿＿＿＿＿■＿
＿□＿＿□□□■■＿
◆□□□□□□■□□
□□□＿□□□□□□
□□□□□□□◆□□
□□＿□□□□□□□
□□□□□□□＿□□
□□□□□□□＿＿□
＿□□□□□□□□□
＿□□□□□□□□＿
＿□□□□□□＿□□
□□□□＿□□□□□
□□□□＿□□□□□
□□□＿□□□□□□
□□□□□□□□＿□
□□□□□□＿□□□
00:41:45(75165f):field(75164f)
＿＿＿＿＿＿＿＿＿＿
＿＿＿＿＿＿＿＿＿＿
＿＿＿＿＿＿＿＿＿＿
＿＿＿＿＿＿＿＿＿＿
＿＿＿■■＿＿＿□＿
＿□■■□□□□□＿
＿□□□□□□□□□
□□□＿□□□□□□
□□□□□□□＿□□
□□＿□□□□□□□
□□□□□□□＿□□
□□□□□□□＿＿□
＿□□□□□□□□□
＿□□□□□□□□＿
＿□□□□□□＿□□
□□□□＿□□□□□
□□□□＿□□□□□
□□□＿□□□□□□
□□□□□□□□＿□
□□□□□□＿□□□
00:41:46(75182f):field(75181f)
＿＿＿＿＿＿＿＿＿＿
＿＿＿＿＿＿＿＿＿＿
＿＿＿＿＿＿＿＿＿＿
＿＿＿■■■■＿＿＿
＿＿＿□□＿＿＿□＿
＿□□□□□□□□＿
＿□□□□□□□□□
□□□＿□□□□□□
□□□□□□□＿□□
□□＿□□□□□□□
□□□□□□□＿□□
□□□□□□□＿＿□
＿□□□□□□□□□
＿□□□□□□□□＿
＿□□□□□□＿□□
□□□□＿□□□□□
□□□□＿□□□□□
□□□＿□□□□□□
□□□□□□□□＿□
□□□□□□＿□□□
00:41:46(75209f):field(75208f)
＿＿＿＿＿＿＿＿＿＿
＿＿＿＿＿＿＿＿＿＿
＿＿＿＿＿＿＿＿＿■
＿＿＿□□□□＿■■
＿＿＿□□＿＿＿□■
＿□□□□□□□□＿
＿□□□□□□□□□
□□□＿□□□□□□
□□□□□□□＿□□
□□＿□□□□□□□
□□□□□□□＿□□
□□□□□□□＿＿□
＿□□□□□□□□□
＿□□□□□□□□＿
＿□□□□□□＿□□
□□□□＿□□□□□
□□□□＿□□□□□
□□□＿□□□□□□
□□□□□□□□＿□
□□□□□□＿□□□
00:41:47(75225f):field(75224f)
＿＿＿＿＿＿＿＿＿＿
＿＿＿＿＿＿＿＿＿＿
＿＿＿＿＿＿＿＿＿□
＿■■□□□□＿□□
＿■■□□＿＿＿□□
＿□□□□□□□□＿
＿□□□□□□□□□
□□□＿□□□□□□
□□□□□□□＿□□
□□＿□□□□□□□
□□□□□□□＿□□
□□□□□□□＿＿□
＿□□□□□□□□□
＿□□□□□□□□＿
＿□□□□□□＿□□
□□□□＿□□□□□
□□□□＿□□□□□
□□□＿□□□□□□
□□□□□□□□＿□
□□□□□□＿□□□
00:41:48(75246f):field(75245f)
＿＿＿＿＿＿＿＿＿＿
＿＿＿＿＿＿＿＿＿＿
＿＿＿＿＿＿＿■■□
＿□□□□□□■□□
＿□□□□＿＿■□□
＿□□□□□□□□＿
＿□□□□□□□□□
□□□＿□□□□□□
□□□□□□□＿□□
□□＿□□□□□□□
□□□□□□□＿□□
□□□□□□□＿＿□
＿□□□□□□□□□
＿□□□□□□□□＿
＿□□□□□□＿□□
□□□□＿□□□□□
□□□□＿□□□□□
□□□＿□□□□□□
□□□□□□□□＿□
□□□□□□＿□□□
00:41:49(75278f):field(75277f)
＿＿＿＿＿＿＿＿＿＿
＿＿＿＿＿＿＿＿＿＿
＿■＿＿＿＿＿◆◆◆
■□□□□□◆□□□
＿□□□□＿＿□□□
＿□□□□□□□□＿
＿□□□□□□□□□
□□□＿□□□□□□
□□□□□□□＿□□
□□＿□□□□□□□
□□□□□□□＿□□
□□□□□□□＿＿□
＿□□□□□□□□□
＿□□□□□□□□＿
＿□□□□□□＿□□
□□□□＿□□□□□
□□□□＿□□□□□
□□□＿□□□□□□
□□□□□□□□＿□
□□□□□□＿□□□
00:41:49(75294f):field(75293f)
＿＿＿＿＿＿＿＿＿＿
＿＿＿＿＿＿＿＿＿＿
■□■■＿＿■＿■■
◆□◆◆◆◆■□◆◆
＿□□□□＿■□□□
＿□□□□□□□□＿
＿□□□□□□□□□
□□□＿□□□□□□
□□□□□□□＿□□
□□＿□□□□□□□
□□□□□□□＿□□
□□□□□□□＿＿□
＿□□□□□□□□□
＿□□□□□□□□＿
＿□□□□□□＿□□
□□□□＿□□□□□
□□□□＿□□□□□
□□□＿□□□□□□
□□□□□□□□＿□
□□□□□□＿□□□
00:41:50(75310f):field(75309f)
＿＿＿＿＿＿＿＿＿＿
＿＿＿＿＿＿＿＿＿＿
◆◆◆◆＿■□＿◆◆
＿□＿＿■■□◆＿＿
＿□□□□■□□□□
＿□□□□□□□□＿
＿□□□□□□□□□
□□□＿□□□□□□
□□□□□□□＿□□
□□＿□□□□□□□
□□□□□□□＿□□
□□□□□□□＿＿□
＿□□□□□□□□□
＿□□□□□□□□＿
＿□□□□□□＿□□
□□□□＿□□□□□
□□□□＿□□□□□
□□□＿□□□□□□
□□□□□□□□＿□
□□□□□□＿□□□
00:41:50(75327f):field(75326f)
＿＿＿＿＿＿＿＿＿＿
＿＿＿＿＿＿＿＿＿＿
＿＿＿＿＿□□■＿＿
＿□＿＿□□□■■■
＿□□□□□□□□□
＿□□□□□□□□＿
＿□□□□□□□□□
□□□＿□□□□□□
□□□□□□□＿□□
□□＿□□□□□□□
□□□□□□□＿□□
□□□□□□□＿＿□
＿□□□□□□□□□
＿□□□□□□□□＿
＿□□□□□□＿□□
□□□□＿□□□□□
□□□□＿□□□□□
□□□＿□□□□□□
□□□□□□□□＿□
□□□□□□＿□□□
00:41:51(75349f):field(75348f)
＿＿＿＿＿＿＿＿＿＿
＿＿＿＿＿＿＿＿＿＿
＿＿■■＿□□□＿＿
＿□■■□□□□□□
＿□□□□□□□□□
＿□□□□□□□□＿
＿□□□□□□□□□
□□□＿□□□□□□
□□□□□□□＿□□
□□＿□□□□□□□
□□□□□□□＿□□
□□□□□□□＿＿□
＿□□□□□□□□□
＿□□□□□□□□＿
＿□□□□□□＿□□
□□□□＿□□□□□
□□□□＿□□□□□
□□□＿□□□□□□
□□□□□□□□＿□
□□□□□□＿□□□
00:41:52(75368f):field(75367f)
＿＿＿＿＿＿＿＿＿＿
＿＿＿＿＿＿＿＿＿＿
＿■◆◆＿◆□◆＿＿
■□□□□□□□◆◆
＿□□□□□□□□□
■□□□□□□□□＿
＿□□□□□□□□□
□□□＿□□□□□□
□□□□□□□＿□□
□□＿□□□□□□□
□□□□□□□＿□□
□□□□□□□＿＿□
＿□□□□□□□□□
＿□□□□□□□□＿
＿□□□□□□＿□□
□□□□＿□□□□□
□□□□＿□□□□□
□□□＿□□□□□□
□□□□□□□□＿□
□□□□□□＿□□□
00:41:52(75383f):field(75382f)
＿＿＿＿＿＿＿＿＿■
＿＿＿＿＿＿＿＿＿■
＿□＿＿＿＿◆＿＿■
□□□□◆□□□＿■
＿□□□□□□□□□
◆□□□□□□□□＿
＿□□□□□□□□□
□□□＿□□□□□□
□□□□□□□＿□□
□□＿□□□□□□□
□□□□□□□＿□□
□□□□□□□＿＿□
＿□□□□□□□□□
＿□□□□□□□□＿
＿□□□□□□＿□□
□□□□＿□□□□□
□□□□＿□□□□□
□□□＿□□□□□□
□□□□□□□□＿□
□□□□□□＿□□□
00:41:53(75400f):field(75399f)
＿＿＿＿＿＿＿＿＿□
＿＿＿＿＿＿＿＿＿□
＿□＿＿■■■＿＿□
□□□□■□□□＿□
＿□□□□□□□□□
＿□□□□□□□□＿
＿□□□□□□□□□
□□□＿□□□□□□
□□□□□□□＿□□
□□＿□□□□□□□
□□□□□□□＿□□
□□□□□□□＿＿□
＿□□□□□□□□□
＿□□□□□□□□＿
＿□□□□□□＿□□
□□□□＿□□□□□
□□□□＿□□□□□
□□□＿□□□□□□
□□□□□□□□＿□
□□□□□□＿□□□
00:41:53(75417f):field(75416f)
＿＿＿■＿＿＿＿＿□
＿＿＿■＿＿＿＿＿□
＿□■■□□□＿＿□
□□□□□□□□＿□
＿□□□□□□□□□
＿□□□□□□□□＿
＿□□□□□□□□□
□□□＿□□□□□□
□□□□□□□＿□□
□□＿□□□□□□□
□□□□□□□＿□□
□□□□□□□＿＿□
＿□□□□□□□□□
＿□□□□□□□□＿
＿□□□□□□＿□□
□□□□＿□□□□□
□□□□＿□□□□□
□□□＿□□□□□□
□□□□□□□□＿□
□□□□□□＿□□□
00:41:54(75430f):field(75429f)
＿＿＿□■■＿＿＿□
＿＿＿□■■＿＿＿□
＿□□□□□□＿＿□
□□□□□□□□＿□
＿□□□□□□□□□
＿□□□□□□□□＿
＿□□□□□□□□□
□□□＿□□□□□□
□□□□□□□＿□□
□□＿□□□□□□□
□□□□□□□＿□□
□□□□□□□＿＿□
＿□□□□□□□□□
＿□□□□□□□□＿
＿□□□□□□＿□□
□□□□＿□□□□□
□□□□＿□□□□□
□□□＿□□□□□□
□□□□□□□□＿□
□□□□□□＿□□□
00:41:57(75518f):game end
