00:26:28(47669f):game start
00:26:30(47724f):field(47723f)
＿＿＿＿＿＿＿＿＿＿
＿＿＿＿＿＿＿＿＿＿
＿＿＿＿＿＿＿＿＿＿
＿＿＿＿＿＿＿＿＿＿
＿＿＿＿＿＿＿＿＿＿
＿＿＿＿＿＿＿＿＿＿
＿＿＿＿＿＿＿＿＿＿
＿＿＿＿＿＿＿＿＿＿
＿＿＿＿＿＿＿＿＿＿
＿＿＿＿＿＿＿＿＿＿
＿＿＿＿＿＿＿＿＿＿
＿＿＿＿＿＿＿＿＿＿
＿＿＿＿＿＿＿＿＿＿
＿＿＿＿＿＿＿＿＿＿
＿＿＿＿＿＿＿＿＿＿
＿＿＿＿＿＿＿＿＿＿
＿＿＿＿＿＿＿＿＿＿
＿＿＿＿＿＿＿＿＿＿
＿＿■＿＿＿＿＿＿＿
■■■＿＿＿＿＿＿＿
00:26:31(47738f):field(47737f)
＿＿＿＿＿＿＿＿＿＿
＿＿＿＿＿＿＿＿＿＿
＿＿＿＿＿＿＿＿＿＿
＿＿＿＿＿＿＿＿＿＿
＿＿＿＿＿＿＿＿＿＿
＿＿＿＿＿＿＿＿＿＿
＿＿＿＿＿＿＿＿＿＿
＿＿＿＿＿＿＿＿＿＿
＿＿＿＿＿＿＿＿＿＿
＿＿＿＿＿＿＿＿＿＿
＿＿＿＿＿＿＿＿＿＿
＿＿＿＿＿＿＿＿＿＿
＿＿＿＿＿＿＿＿＿＿
＿＿＿＿＿＿＿＿＿＿
＿＿＿＿＿＿＿＿＿＿
＿＿＿＿＿＿＿＿＿＿
＿＿＿＿＿＿＿＿＿＿
＿＿＿＿＿＿＿＿＿＿
＿＿□＿＿＿＿＿＿＿
□□□■■■■＿＿＿
00:26:31(47751f):field(47750f)
＿＿＿＿＿＿＿＿＿＿
＿＿＿＿＿＿＿＿＿＿
＿＿＿＿＿＿＿＿＿＿
＿＿＿＿＿＿＿＿＿＿
＿＿＿＿＿＿＿＿＿＿
＿＿＿＿＿＿＿＿＿＿
＿＿＿＿＿＿＿＿＿＿
＿＿＿＿＿＿＿＿＿＿
＿＿＿＿＿＿＿＿＿＿
＿＿＿＿＿＿＿＿＿＿
＿＿＿＿＿＿＿＿＿＿
＿＿＿＿＿＿＿＿＿＿
＿＿＿＿＿＿＿＿＿＿
＿＿＿＿＿＿＿＿＿＿
＿＿＿＿＿＿＿＿＿＿
＿＿＿＿＿＿＿＿＿＿
＿＿＿＿＿＿＿＿＿＿
＿＿＿■＿＿＿＿＿＿
＿＿□■■■＿＿＿＿
□□□□□□□＿＿＿
00:26:32(47767f):field(47766f)
＿＿＿＿＿＿＿＿＿＿
＿＿＿＿＿＿＿＿＿＿
＿＿＿＿＿＿＿＿＿＿
＿＿＿＿＿＿＿＿＿＿
＿＿＿＿＿＿＿＿＿＿
＿＿＿＿＿＿＿＿＿＿
＿＿＿＿＿＿＿＿＿＿
＿＿＿＿＿＿＿＿＿＿
＿＿＿＿＿＿＿＿＿＿
＿＿＿＿＿＿＿＿＿＿
＿＿＿＿＿＿＿＿＿＿
＿＿＿＿＿＿＿＿＿＿
＿＿＿＿＿＿＿＿＿＿
＿＿＿＿＿＿＿＿＿＿
＿＿＿＿＿＿＿＿＿＿
＿＿＿＿＿＿＿＿＿＿
＿＿＿＿＿＿＿＿＿＿
＿＿＿□＿＿＿＿＿＿
＿＿□□□□＿■■＿
□□□□□□□■■＿
00:26:32(47780f):field(47779f)
＿＿＿＿＿＿＿＿＿＿
＿＿＿＿＿＿＿＿＿＿
＿＿＿＿＿＿＿＿＿＿
＿＿＿＿＿＿＿＿＿＿
＿＿＿＿＿＿＿＿＿＿
＿＿＿＿＿＿＿＿＿＿
＿＿＿＿＿＿＿＿＿＿
＿＿＿＿＿＿＿＿＿＿
＿＿＿＿＿＿＿＿＿＿
＿＿＿＿＿＿＿＿＿＿
＿＿＿＿＿＿＿＿＿＿
＿＿＿＿＿＿＿＿＿＿
＿＿＿＿＿＿＿＿＿＿
＿＿＿＿＿＿＿＿＿＿
＿＿＿＿＿＿＿＿＿＿
＿＿＿＿＿＿＿＿＿＿
＿＿＿■■＿＿＿＿＿
＿＿＿□■■＿＿＿＿
＿＿□□□□＿□□＿
□□□□□□□□□＿
00:26:33(47794f):field(47793f)
＿＿＿＿＿＿＿＿＿＿
＿＿＿＿＿＿＿＿＿＿
＿＿＿＿＿＿＿＿＿＿
＿＿＿＿＿＿＿＿＿＿
＿＿＿＿＿＿＿＿＿＿
＿＿＿＿＿＿＿＿＿＿
＿＿＿＿＿＿＿＿＿＿
＿＿＿＿＿＿＿＿＿＿
＿＿＿＿＿＿＿＿＿＿
＿＿＿＿＿＿＿＿＿＿
＿＿＿＿＿＿＿＿＿＿
＿＿＿＿＿＿＿＿＿＿
＿＿＿＿＿＿＿＿＿＿
＿＿＿＿＿＿＿＿＿＿
＿＿＿＿＿＿＿＿＿＿
＿＿＿＿＿＿＿＿＿＿
■＿＿□□＿＿＿＿＿
■＿＿□□□＿＿＿＿
■■□□□□＿□□＿
□□□□□□□□□＿
00:26:33(47809f):field(47808f)
＿＿＿＿＿＿＿＿＿＿
＿＿＿＿＿＿＿＿＿＿
＿＿＿＿＿＿＿＿＿＿
＿＿＿＿＿＿＿＿＿＿
＿＿＿＿＿＿＿＿＿＿
＿＿＿＿＿＿＿＿＿＿
＿＿＿＿＿＿＿＿＿＿
＿＿＿＿＿＿＿＿＿＿
＿＿＿＿＿＿＿＿＿＿
＿＿＿＿＿＿＿＿＿＿
＿＿＿＿＿＿＿＿＿＿
＿＿＿＿＿＿＿＿＿＿
＿＿＿＿＿＿＿＿＿＿
＿＿＿＿＿＿＿＿＿＿
＿＿＿＿＿＿＿＿＿＿
＿＿＿＿＿＿＿＿＿＿
□＿＿□□＿＿■■■
□＿＿□□□＿＿■＿
□□□□□□＿□□＿
□□□□□□□□□＿
00:26:34(47823f):field(47822f)
＿＿＿＿＿＿＿＿＿＿
＿＿＿＿＿＿＿＿＿＿
＿＿＿＿＿＿＿＿＿＿
＿＿＿＿＿＿＿＿＿＿
＿＿＿＿＿＿＿＿＿＿
＿＿＿＿＿＿＿＿＿＿
＿＿＿＿＿＿＿＿＿＿
＿＿＿＿＿＿＿＿＿＿
＿＿＿＿＿＿＿＿＿＿
＿＿＿＿＿＿＿＿＿＿
＿＿＿＿＿＿＿＿＿＿
＿＿＿＿＿＿＿＿＿＿
＿＿＿＿＿＿＿＿＿＿
＿＿＿＿＿＿＿＿＿＿
＿＿＿＿＿＿＿＿＿＿
＿＿＿■■■＿＿＿＿
□＿＿□□■＿□□□
□＿＿□□□＿＿□＿
□□□□□□＿□□＿
□□□□□□□□□＿
00:26:34(47838f):field(47837f)
＿＿＿＿＿＿＿＿＿＿
＿＿＿＿＿＿＿＿＿＿
＿＿＿＿＿＿＿＿＿＿
＿＿＿＿＿＿＿＿＿＿
＿＿＿＿＿＿＿＿＿＿
＿＿＿＿＿＿＿＿＿＿
＿＿＿＿＿＿＿＿＿＿
＿＿＿＿＿＿＿＿＿＿
＿＿＿＿＿＿＿＿＿＿
＿＿＿＿＿＿＿＿＿＿
＿＿＿＿＿＿＿＿＿＿
＿＿＿＿＿＿＿＿＿＿
＿＿＿＿＿＿＿＿＿＿
＿＿＿＿＿＿＿＿＿＿
＿＿＿＿＿＿＿＿＿＿
＿＿＿□□□＿＿＿＿
□■■□□□＿□□□
□■■□□□＿＿□＿
□□□□□□＿□□＿
□□□□□□□□□＿
00:26:35(47855f):field(47854f)
＿＿＿＿＿＿＿＿＿＿
＿＿＿＿＿＿＿＿＿＿
＿＿＿＿＿＿＿＿＿＿
＿＿＿＿＿＿＿＿＿＿
＿＿＿＿＿＿＿＿＿＿
＿＿＿＿＿＿＿＿＿＿
＿＿＿＿＿＿＿＿＿＿
＿＿＿＿＿＿＿＿＿＿
＿＿＿＿＿＿＿＿＿＿
＿＿＿＿＿＿＿＿＿＿
＿＿＿＿＿＿＿＿＿＿
＿＿＿＿＿＿＿＿＿＿
＿＿＿＿＿＿＿＿＿＿
＿＿＿＿＿＿＿＿＿＿
＿＿＿＿＿＿＿＿＿＿
＿＿■◆◆◆＿＿＿＿
◆◆□□□□■◆□◆
□□□□□□■＿□＿
□□□□□□■□□＿
□□□□□□□□□＿
00:26:35(47867f):field(47866f)
＿＿＿＿＿＿＿＿＿＿
＿＿＿＿＿＿＿＿＿＿
＿＿＿＿＿＿＿＿＿＿
＿＿＿＿＿＿＿＿＿＿
＿＿＿＿＿＿＿＿＿＿
＿＿＿＿＿＿＿＿＿＿
＿＿＿＿＿＿＿＿＿＿
＿＿＿＿＿＿＿＿＿＿
＿＿＿＿＿＿＿＿＿＿
＿＿＿＿＿＿＿＿＿＿
＿＿＿＿＿＿＿＿＿＿
＿＿＿＿＿＿＿＿＿＿
＿＿＿＿＿＿＿＿＿＿
＿＿＿＿＿＿＿＿＿＿
■＿＿＿＿＿＿＿＿＿
■＿◆＿＿＿＿＿＿＿
■■◆□□□□＿◆＿
□□□□□□□＿□＿
□□□□□□□□□＿
□□□□□□□□□＿
00:26:36(47882f):field(47881f)
＿＿＿＿＿＿＿＿＿＿
＿＿＿＿＿＿＿＿＿＿
＿＿＿＿＿＿＿＿＿＿
＿＿＿＿＿＿＿＿＿＿
＿＿＿＿＿＿＿＿＿＿
＿＿＿＿＿＿＿＿＿＿
＿＿＿＿＿＿＿＿＿＿
＿＿＿＿＿＿＿＿＿＿
＿＿＿＿＿＿＿＿＿＿
＿＿＿＿＿＿＿＿＿＿
＿＿＿＿＿＿＿＿＿＿
＿＿＿＿＿＿＿＿＿＿
＿＿＿＿＿＿＿＿＿＿
＿＿＿＿＿＿＿＿＿＿
□＿＿＿＿＿＿＿＿＿
□■■■＿＿＿＿＿＿
□□■□□□□＿＿＿
□□□□□□□＿□＿
□□□□□□□□□＿
□□□□□□□□□＿
00:26:36(47896f):field(47895f)
＿＿＿＿＿＿＿＿＿＿
＿＿＿＿＿＿＿＿＿＿
＿＿＿＿＿＿＿＿＿＿
＿＿＿＿＿＿＿＿＿＿
＿＿＿＿＿＿＿＿＿＿
＿＿＿＿＿＿＿＿＿＿
＿＿＿＿＿＿＿＿＿＿
＿＿＿＿＿＿＿＿＿＿
＿＿＿＿＿＿＿＿＿＿
＿＿＿＿＿＿＿＿＿＿
＿＿＿＿＿＿＿＿＿＿
＿＿＿＿＿＿＿＿＿＿
＿＿＿＿＿＿＿＿＿＿
＿＿＿＿＿＿＿＿＿＿
□＿＿■■＿＿＿＿＿
□□□□■■＿＿＿＿
□□□□□□□＿＿＿
□□□□□□□＿□＿
□□□□□□□□□＿
□□□□□□□□□＿
00:26:37(47912f):field(47911f)
＿＿＿＿＿＿＿＿＿＿
＿＿＿＿＿＿＿＿＿＿
＿＿＿＿＿＿＿＿＿＿
＿＿＿＿＿＿＿＿＿＿
＿＿＿＿＿＿＿＿＿＿
＿＿＿＿＿＿＿＿＿＿
＿＿＿＿＿＿＿＿＿＿
＿＿＿＿＿＿＿＿＿＿
＿＿＿＿＿＿＿＿＿＿
＿＿＿＿＿＿＿＿＿＿
＿＿＿＿＿＿＿＿＿＿
＿＿＿＿＿＿＿＿＿＿
＿＿＿＿＿＿＿＿＿＿
＿＿■■＿＿＿＿＿＿
□■■□□＿＿＿＿＿
□□□□□□＿＿＿＿
□□□□□□□＿＿＿
□□□□□□□＿□＿
□□□□□□□□□＿
□□□□□□□□□＿
00:26:37(47929f):field(47928f)
＿＿＿＿＿＿＿＿＿＿
＿＿＿＿＿＿＿＿＿＿
＿＿＿＿＿＿＿＿＿＿
＿＿＿＿＿＿＿＿＿＿
＿＿＿＿＿＿＿＿＿＿
＿＿＿＿＿＿＿＿＿＿
＿＿＿＿＿＿＿＿＿＿
＿＿＿＿＿＿＿＿＿＿
＿＿＿＿＿＿＿＿＿＿
＿＿＿＿＿＿＿＿＿＿
＿＿＿＿＿＿＿＿＿＿
＿＿＿＿＿＿＿＿＿＿
＿＿＿＿＿＿＿＿＿＿
＿＿□□＿＿＿＿＿＿
□□□□□＿＿＿＿＿
□□□□□□＿＿■■
□□□□□□□＿■■
□□□□□□□＿□＿
□□□□□□□□□＿
□□□□□□□□□＿
00:26:38(47945f):field(47944f)
＿＿＿＿＿＿＿＿＿＿
＿＿＿＿＿＿＿＿＿＿
＿＿＿＿＿＿＿＿＿＿
＿＿＿＿＿＿＿＿＿＿
＿＿＿＿＿＿＿＿＿＿
＿＿＿＿＿＿＿＿＿＿
＿＿＿＿＿＿＿＿＿＿
＿＿＿＿＿＿＿＿＿＿
＿＿＿＿＿＿＿＿＿＿
＿＿＿＿＿＿＿＿＿＿
＿＿＿＿＿＿＿＿＿＿
＿＿＿＿＿＿＿＿＿＿
＿＿＿＿＿＿＿＿＿＿
＿＿◆◆＿＿＿＿＿＿
◆◆◆◆◆＿■＿＿＿
□◆□□◆◆＿■◆◆
□□□□□◆◆＿◆◆
□□□□□□□■□＿
□□□□□□□□□＿
□□□□□□□□□＿
00:26:38(47959f):field(47958f)
＿＿＿＿＿＿＿＿＿＿
＿＿＿＿＿＿＿＿＿＿
＿＿＿＿＿＿＿＿＿＿
＿＿＿＿＿＿＿＿＿＿
＿＿＿＿＿＿＿＿＿＿
＿＿＿＿＿＿＿＿＿＿
＿＿＿＿＿＿＿＿＿＿
＿＿＿＿＿＿＿＿＿＿
＿＿＿＿＿＿＿＿＿＿
＿＿＿＿＿＿＿＿＿＿
＿＿＿＿＿＿＿＿＿＿
＿＿＿＿＿＿＿＿＿＿
＿＿＿＿＿＿＿＿＿＿
＿＿＿＿＿＿＿＿＿＿
＿＿＿＿＿＿◆＿＿＿
◆＿□□■■＿◆＿＿
□□□□□■■＿＿＿
□□□□□□□□□＿
□□□□□□□□□＿
□□□□□□□□□＿
00:26:39(47973f):field(47972f)
＿＿＿＿＿＿＿＿＿＿
＿＿＿＿＿＿＿＿＿＿
＿＿＿＿＿＿＿＿＿＿
＿＿＿＿＿＿＿＿＿＿
＿＿＿＿＿＿＿＿＿＿
＿＿＿＿＿＿＿＿＿＿
＿＿＿＿＿＿＿＿＿＿
＿＿＿＿＿＿＿＿＿＿
＿＿＿＿＿＿＿＿＿＿
＿＿＿＿＿＿＿＿＿＿
＿＿＿＿＿＿＿＿＿＿
＿＿＿＿＿＿＿＿＿＿
＿＿＿＿＿＿＿＿＿＿
＿＿＿＿＿＿＿＿＿＿
■■＿＿＿＿＿＿＿＿
■■□□□□＿＿＿＿
□□□□□□□＿＿＿
□□□□□□□□□＿
□□□□□□□□□＿
□□□□□□□□□＿
00:26:39(47986f):field(47985f)
＿＿＿＿＿＿＿＿＿＿
＿＿＿＿＿＿＿＿＿＿
＿＿＿＿＿＿＿＿＿＿
＿＿＿＿＿＿＿＿＿＿
＿＿＿＿＿＿＿＿＿＿
＿＿＿＿＿＿＿＿＿＿
＿＿＿＿＿＿＿＿＿＿
＿＿＿＿＿＿＿＿＿＿
＿＿＿＿＿＿＿＿＿＿
＿＿＿＿＿＿＿＿＿＿
＿＿＿＿＿＿＿＿＿＿
＿＿＿＿＿＿＿＿＿＿
＿＿＿＿＿＿＿＿＿＿
＿＿＿＿＿＿＿＿＿＿
□□■■■■＿＿＿＿
□□□□□□＿＿＿＿
□□□□□□□＿＿＿
□□□□□□□□□＿
□□□□□□□□□＿
□□□□□□□□□＿
00:26:40(48005f):field(48004f)
＿＿＿＿＿＿＿＿＿＿
＿＿＿＿＿＿＿＿＿＿
＿＿＿＿＿＿＿＿＿＿
＿＿＿＿＿＿＿＿＿＿
＿＿＿＿＿＿＿＿＿＿
＿＿＿＿＿＿＿＿＿＿
＿＿＿＿＿＿＿＿＿＿
＿＿＿＿＿＿＿＿＿＿
＿＿＿＿＿＿＿＿＿＿
＿＿＿＿＿＿＿＿＿＿
＿＿＿＿＿＿＿＿＿＿
＿＿＿＿＿＿＿＿＿＿
＿＿＿＿＿＿＿＿＿＿
＿＿＿＿＿＿＿＿＿＿
□□□□□□＿■＿＿
□□□□□□＿■■＿
□□□□□□□＿■＿
□□□□□□□□□＿
□□□□□□□□□＿
□□□□□□□□□＿
00:26:40(48017f):field(48016f)
＿＿＿＿＿＿＿＿＿＿
＿＿＿＿＿＿＿＿＿＿
＿＿＿＿＿＿＿＿＿＿
＿＿＿＿＿＿＿＿＿＿
＿＿＿＿＿＿＿＿＿＿
＿＿＿＿＿＿＿＿＿＿
＿＿＿＿＿＿＿＿＿＿
＿＿＿＿＿＿＿＿＿＿
＿＿＿＿＿＿＿＿＿＿
＿＿＿＿＿＿＿＿＿＿
＿＿＿＿＿＿＿＿＿＿
＿＿＿■■＿＿＿＿＿
＿＿＿＿■＿＿＿＿＿
＿＿＿＿■＿＿＿＿＿
□□□□□□＿□＿＿
□□□□□□＿□□＿
□□□□□□□＿□＿
□□□□□□□□□＿
□□□□□□□□□＿
□□□□□□□□□＿
00:26:41(48042f):field(48041f)
＿＿＿＿＿＿＿＿＿＿
＿＿＿＿＿＿＿＿＿＿
＿＿＿＿＿＿＿＿＿＿
＿＿＿＿＿＿＿＿＿＿
＿＿＿＿＿＿＿＿＿＿
＿＿＿＿＿＿＿＿＿＿
＿＿＿＿＿＿＿＿＿＿
＿＿＿＿＿＿＿＿＿＿
＿＿＿＿＿＿＿＿＿＿
＿＿＿＿＿＿＿＿＿＿
＿＿＿＿＿＿＿＿＿＿
＿＿＿□□＿＿＿＿＿
＿＿＿＿□＿＿＿＿＿
＿＿＿＿□■■■＿＿
□□□□□□■□＿＿
□□□□□□＿□□＿
□□□□□□□＿□＿
□□□□□□□□□＿
□□□□□□□□□＿
□□□□□□□□□＿
00:26:42(48071f):field(48070f)
＿＿＿＿＿＿＿＿＿＿
＿＿＿＿＿＿＿＿＿＿
＿＿＿＿＿＿＿＿＿＿
＿＿＿＿＿＿＿＿＿＿
＿＿＿＿＿＿＿＿＿＿
＿＿＿＿＿＿＿＿＿＿
＿＿＿＿＿＿＿＿＿＿
＿＿＿＿＿＿＿＿＿＿
＿＿＿＿＿＿＿＿＿＿
＿＿＿＿＿＿＿＿＿＿
＿＿＿＿＿＿＿＿＿＿
＿＿■□□＿＿＿＿＿
＿＿■＿□＿＿＿＿＿
＿■■＿□□□□＿＿
□□□□□□□□＿＿
□□□□□□＿□□＿
□□□□□□□＿□＿
□□□□□□□□□＿
□□□□□□□□□＿
□□□□□□□□□＿
00:26:43(48090f):field(48089f)
＿＿＿＿＿＿＿＿＿＿
＿＿＿＿＿＿＿＿＿＿
＿＿＿＿＿＿＿＿＿＿
＿＿＿＿＿＿＿＿＿＿
＿＿＿＿＿＿＿＿＿＿
＿＿＿＿＿＿＿＿＿＿
＿＿＿＿＿＿＿＿＿＿
＿＿＿＿＿＿＿＿＿＿
＿＿＿＿＿＿＿＿＿＿
＿＿＿＿＿＿＿＿＿＿
＿＿＿＿＿＿＿＿＿＿
＿＿◆◆◆＿＿＿＿＿
＿＿◆＿◆＿＿＿＿＿
＿◆◆＿◆◆◆◆＿＿
◆◆□□□◆◆◆＿＿
◆◆□◆□◆＿◆◆＿
◆□□◆□□□■◆＿
□□□□□□□□◆＿
□□□□□□◆□□＿
□□□□□□□◆□■
00:26:43(48109f):field(48108f)
＿＿＿＿＿＿＿＿＿＿
＿＿＿＿＿＿＿＿＿＿
＿＿＿＿＿＿＿＿＿＿
＿＿＿＿＿＿＿＿＿＿
＿＿＿＿＿＿＿＿＿＿
＿＿＿＿＿＿＿＿＿＿
＿＿＿＿＿＿＿＿＿＿
＿＿＿＿＿＿＿＿＿＿
＿＿＿＿＿＿＿＿＿＿
＿＿＿＿＿＿＿＿＿＿
＿＿＿＿＿＿＿＿＿＿
＿＿＿＿＿＿＿＿＿＿
＿＿＿＿＿＿＿＿＿＿
＿＿＿＿＿＿＿＿＿＿
＿＿◆◆◆＿＿＿＿＿
＿＿□■□＿＿＿＿＿
＿◆□＿□◆□◆＿＿
◆□□◆□□□□■＿
□□□□□□＿□□■
□□□□□□□＿□□
00:26:44(48125f):field(48124f)
＿＿＿＿＿＿＿＿＿＿
＿＿＿＿＿＿＿＿＿＿
＿＿＿＿＿＿＿＿＿＿
＿＿＿＿＿＿＿＿＿＿
＿＿＿＿＿＿＿＿＿＿
＿＿＿＿＿＿＿＿＿＿
＿＿＿＿＿＿＿＿＿＿
＿＿＿＿＿＿＿＿＿＿
＿＿＿＿＿＿＿＿＿＿
＿＿＿＿＿＿＿＿＿＿
＿＿＿＿＿＿＿＿＿＿
＿＿＿＿＿＿＿＿＿＿
＿＿＿＿＿＿＿＿＿＿
＿＿＿＿＿＿＿＿＿＿
＿＿＿＿＿＿＿＿＿＿
＿■□□□＿＿＿＿＿
■■□＿□＿◆＿＿＿
■□□＿□□□□□＿
□□□□□□＿□□□
□□□□□□□＿□□
00:26:44(48139f):field(48138f)
＿＿＿＿＿＿＿＿＿＿
＿＿＿＿＿＿＿＿＿＿
＿＿＿＿＿＿＿＿＿＿
＿＿＿＿＿＿＿＿＿＿
＿＿＿＿＿＿＿＿＿＿
＿＿＿＿＿＿＿＿＿＿
＿＿＿＿＿＿＿＿＿＿
＿＿＿＿＿＿＿＿＿＿
＿＿＿＿＿＿＿＿＿＿
＿＿＿＿＿＿＿＿＿＿
＿＿＿＿＿＿＿＿＿＿
＿＿＿＿＿＿＿＿＿＿
＿＿＿＿＿＿＿＿＿＿
＿＿＿＿＿＿＿＿＿＿
＿＿＿＿＿＿＿＿＿＿
＿□□□□■■＿＿＿
□□□＿□■■＿＿＿
□□□＿□□□□□＿
□□□□□□＿□□□
□□□□□□□＿□□
00:26:45(48155f):field(48154f)
＿＿＿＿＿＿＿＿＿＿
＿＿＿＿＿＿＿＿＿＿
＿＿＿＿＿＿＿＿＿＿
＿＿＿＿＿＿＿＿＿＿
＿＿＿＿＿＿＿＿＿＿
＿＿＿＿＿＿＿＿＿＿
＿＿＿＿＿＿＿＿＿＿
＿＿＿＿＿＿＿＿＿＿
＿＿＿＿＿＿＿＿＿＿
＿＿＿＿＿＿＿＿＿＿
＿＿＿＿＿＿＿＿＿＿
＿＿＿＿＿＿＿＿＿＿
＿＿＿＿＿＿＿＿＿＿
■＿＿＿＿＿＿＿＿＿
■■＿＿＿＿＿＿＿＿
■□□□□□□＿＿＿
□□□＿□□□＿＿＿
□□□＿□□□□□＿
□□□□□□＿□□□
□□□□□□□＿□□
00:26:45(48170f):field(48169f)
＿＿＿＿＿＿＿＿＿＿
＿＿＿＿＿＿＿＿＿＿
＿＿＿＿＿＿＿＿＿＿
＿＿＿＿＿＿＿＿＿＿
＿＿＿＿＿＿＿＿＿＿
＿＿＿＿＿＿＿＿＿＿
＿＿＿＿＿＿＿＿＿＿
＿＿＿＿＿＿＿＿＿＿
＿＿＿＿＿＿＿＿＿＿
＿＿＿＿＿＿＿＿＿＿
＿＿＿＿＿＿＿＿＿＿
＿＿＿＿＿＿＿＿＿＿
＿＿＿＿＿＿＿＿＿＿
□＿＿＿＿＿＿＿＿＿
□□＿＿＿＿＿＿＿＿
□□□□□□□＿＿＿
□□□＿□□□■■■
□□□＿□□□□□■
□□□□□□＿□□□
□□□□□□□＿□□
00:26:46(48190f):field(48189f)
＿＿＿＿＿＿＿＿＿＿
＿＿＿＿＿＿＿＿＿＿
＿＿＿＿＿＿＿＿＿＿
＿＿＿＿＿＿＿＿＿＿
＿＿＿＿＿＿＿＿＿＿
＿＿＿＿＿＿＿＿＿＿
＿＿＿＿＿＿＿＿＿＿
＿＿＿＿＿＿＿＿＿＿
＿＿＿＿＿＿＿＿＿＿
＿＿＿＿＿＿＿＿＿＿
＿＿＿＿＿＿＿＿＿＿
＿＿＿＿＿＿＿＿＿＿
＿＿＿＿＿＿＿＿＿■
□＿＿＿＿＿＿＿＿■
□□＿＿＿＿＿＿＿■
□□□□□□□＿＿■
□□□＿□□□□□□
□□□＿□□□□□□
□□□□□□＿□□□
□□□□□□□＿□□
00:26:46(48205f):field(48204f)
＿＿＿＿＿＿＿＿＿＿
＿＿＿＿＿＿＿＿＿＿
＿＿＿＿＿＿＿＿＿＿
＿＿＿＿＿＿＿＿＿＿
＿＿＿＿＿＿＿＿＿＿
＿＿＿＿＿＿＿＿＿＿
＿＿＿＿＿＿＿＿＿＿
＿＿＿＿＿＿＿＿＿＿
＿＿＿＿＿＿＿＿＿＿
＿＿＿＿＿＿＿＿＿＿
＿＿＿＿＿＿＿＿＿＿
＿＿＿＿＿＿＿＿＿＿
＿■＿＿＿＿＿＿＿□
□■■＿＿＿＿＿＿□
□□■＿＿＿＿＿＿□
□□□□□□□＿＿□
□□□＿□□□□□□
□□□＿□□□□□□
□□□□□□＿□□□
□□□□□□□＿□□
00:26:47(48223f):field(48222f)
＿＿＿＿＿＿＿＿＿＿
＿＿＿＿＿＿＿＿＿＿
＿＿＿＿＿＿＿＿＿＿
＿＿＿＿＿＿＿＿＿＿
＿＿＿＿＿＿＿＿＿＿
＿＿＿＿＿＿＿＿＿＿
＿＿＿＿＿＿＿＿＿＿
＿＿＿＿＿＿＿＿＿＿
＿＿＿＿＿＿＿＿＿＿
＿＿＿＿＿＿＿＿＿＿
＿＿＿＿＿＿＿＿＿＿
＿＿＿＿＿＿＿＿＿＿
＿◆＿＿＿＿＿＿＿◆
◆□◆＿＿＿＿＿＿□
□□□＿＿＿＿＿＿□
□□□◆◆◆◆■■□
□□□＿□□□□□□
□□□＿□□□□□□
□□□□□□＿□□□
□□□□□□□＿□□
00:26:47(48239f):field(48238f)
＿＿＿＿＿＿＿＿＿＿
＿＿＿＿＿＿＿＿＿＿
＿＿＿＿＿＿＿＿＿＿
＿＿＿＿＿＿＿＿＿＿
＿＿＿＿＿＿＿＿＿＿
＿＿＿＿＿＿＿＿＿＿
＿＿＿＿＿＿＿＿＿＿
＿＿＿＿＿＿＿＿＿＿
＿＿＿＿＿＿＿＿＿＿
＿＿＿＿＿＿＿＿＿＿
＿＿＿＿＿＿＿＿＿＿
＿＿＿＿＿＿＿＿＿＿
＿＿＿＿＿＿＿＿＿＿
＿◆＿＿＿＿＿＿＿◆
◆□◆＿＿＿＿＿＿□
□□□＿■＿＿◆◆□
□□□■□◆◆□□□
□□□＿□□□□□□
□□□□□□＿□□□
□□□□□□□＿□□
00:26:48(48256f):field(48255f)
＿＿＿＿＿＿＿＿＿＿
＿＿＿＿＿＿＿＿＿＿
＿＿＿＿＿＿＿＿＿＿
＿＿＿＿＿＿＿＿＿＿
＿＿＿＿＿＿＿＿＿＿
＿＿＿＿＿＿＿＿＿＿
＿＿＿＿＿＿＿＿＿＿
＿＿＿＿＿＿＿＿＿＿
＿＿＿＿＿＿＿＿＿＿
＿＿＿＿＿＿＿＿＿＿
＿＿＿＿＿＿＿＿＿＿
＿＿＿＿＿＿＿＿＿＿
＿＿＿＿＿＿＿＿＿＿
＿＿＿＿＿＿＿＿＿＿
＿□■■■＿＿＿＿□
□□□■□＿＿＿＿□
□□□□□＿＿□□□
□□□＿□□□□□□
□□□□□□＿□□□
□□□□□□□＿□□
00:26:49(48279f):field(48278f)
＿＿＿＿＿＿＿＿＿＿
＿＿＿＿＿＿＿＿＿＿
＿＿＿＿＿＿＿＿＿＿
＿＿＿＿＿＿＿＿＿＿
＿＿＿＿＿＿＿＿＿＿
＿＿＿＿＿＿＿＿＿＿
＿＿＿＿＿＿＿＿＿＿
＿＿＿＿＿＿＿＿＿＿
＿＿＿＿＿＿＿＿＿＿
＿＿＿＿＿＿＿＿＿＿
＿＿＿＿＿＿＿＿＿＿
＿＿＿＿＿＿＿＿＿＿
＿＿＿＿＿＿＿＿＿＿
＿＿＿＿＿＿＿＿■＿
＿□□□□＿＿＿■□
□□□□□＿＿■■□
□□□□□＿＿□□□
□□□＿□□□□□□
□□□□□□＿□□□
□□□□□□□＿□□
00:26:49(48293f):field(48292f)
＿＿＿＿＿＿＿＿＿＿
＿＿＿＿＿＿＿＿＿＿
＿＿＿＿＿＿＿＿＿＿
＿＿＿＿＿＿＿＿＿＿
＿＿＿＿＿＿＿＿＿＿
＿＿＿＿＿＿＿＿＿＿
＿＿＿＿＿＿＿＿＿＿
＿＿＿＿＿＿＿＿＿＿
＿＿＿＿＿＿＿＿＿＿
＿＿＿＿＿＿＿＿＿＿
＿＿＿＿＿＿＿＿＿＿
＿＿＿＿＿＿＿＿＿＿
＿＿＿＿＿＿＿＿＿＿
＿＿＿＿＿■＿＿□＿
＿□□□□■＿＿□□
□□□□□■＿□□□
□□□□□■＿□□□
□□□＿□□□□□□
□□□□□□＿□□□
□□□□□□□＿□□
00:26:50(48307f):field(48306f)
＿＿＿＿＿＿＿＿＿＿
＿＿＿＿＿＿＿＿＿＿
＿＿＿＿＿＿＿＿＿＿
＿＿＿＿＿＿＿＿＿＿
＿＿＿＿＿＿＿＿＿＿
＿＿＿＿＿＿＿＿＿＿
＿＿＿＿＿＿＿＿＿＿
＿＿＿＿＿＿＿＿＿＿
＿＿＿＿＿＿＿＿＿＿
＿＿＿＿＿＿＿＿＿＿
＿＿＿＿＿＿＿＿＿＿
＿＿＿＿＿＿＿＿＿＿
＿＿＿＿■■＿＿＿＿
＿＿＿■■□＿＿□＿
＿□□□□□＿＿□□
□□□□□□＿□□□
□□□□□□＿□□□
□□□＿□□□□□□
□□□□□□＿□□□
□□□□□□□＿□□
00:26:50(48329f):field(48328f)
＿＿＿＿＿＿＿＿＿＿
＿＿＿＿＿＿＿＿＿＿
＿＿＿＿＿＿＿＿＿＿
＿＿＿＿＿＿＿＿＿＿
＿＿＿＿＿＿＿＿＿＿
＿＿＿＿＿＿＿＿＿＿
＿＿＿＿＿＿＿＿＿＿
＿＿＿＿＿＿＿＿＿＿
＿＿＿＿＿＿＿＿＿＿
＿＿＿＿＿＿＿＿＿＿
＿＿＿＿＿＿＿＿＿＿
＿＿＿＿＿＿＿＿＿＿
＿＿＿＿□□＿＿＿＿
■■■□□□＿＿□＿
■□□□□□＿＿□□
□□□□□□＿□□□
□□□□□□＿□□□
□□□＿□□□□□□
□□□□□□＿□□□
□□□□□□□＿□□
00:26:51(48344f):field(48343f)
＿＿＿＿＿＿＿＿＿＿
＿＿＿＿＿＿＿＿＿＿
＿＿＿＿＿＿＿＿＿＿
＿＿＿＿＿＿＿＿＿＿
＿＿＿＿＿＿＿＿＿＿
＿＿＿＿＿＿＿＿＿＿
＿＿＿＿＿＿＿＿＿＿
＿＿＿＿＿＿＿＿＿＿
＿＿＿＿＿＿＿＿＿＿
＿＿＿＿＿＿＿＿＿＿
＿＿＿＿■＿＿＿＿＿
＿＿＿■■＿＿＿＿＿
＿＿＿■□□＿＿＿＿
□□□□□□＿＿□＿
□□□□□□＿＿□□
□□□□□□＿□□□
□□□□□□＿□□□
□□□＿□□□□□□
□□□□□□＿□□□
□□□□□□□＿□□
00:26:51(48359f):field(48358f)
＿＿＿＿＿＿＿＿＿＿
＿＿＿＿＿＿＿＿＿＿
＿＿＿＿＿＿＿＿＿＿
＿＿＿＿＿＿＿＿＿＿
＿＿＿＿＿＿＿＿＿＿
＿＿＿＿＿＿＿＿＿＿
＿＿＿＿＿＿＿＿＿＿
＿＿＿＿＿＿＿＿＿＿
＿＿＿＿＿＿＿＿＿＿
＿＿＿＿＿＿＿＿＿＿
＿＿＿＿□＿＿＿＿＿
＿■＿□□＿＿＿＿＿
■■■□□□＿＿＿＿
□□□□□□＿＿□＿
□□□□□□＿＿□□
□□□□□□＿□□□
□□□□□□＿□□□
□□□＿□□□□□□
□□□□□□＿□□□
□□□□□□□＿□□
00:26:52(48376f):field(48375f)
＿＿＿＿＿＿＿＿＿＿
＿＿＿＿＿＿＿＿＿＿
＿＿＿＿＿＿＿＿＿＿
＿＿＿＿＿＿＿＿＿＿
＿＿＿＿＿＿＿＿＿＿
＿＿＿＿＿＿＿＿＿＿
＿＿＿＿＿＿＿＿＿＿
＿＿＿＿＿＿＿＿＿＿
＿＿＿＿＿＿＿＿＿＿
＿＿＿＿＿＿＿＿＿＿
＿＿＿＿◆＿＿＿＿＿
＿◆＿◆◆＿＿＿＿＿
◆◆◆◆□◆＿＿＿＿
◆□◆□□◆＿＿◆＿
□□□□□□＿＿◆◆
□□□□□□■◆□◆
□□□□□□■◆□□
□□□■□□□□□□
□□□□□□＿□□□
□□□□□□□＿□□
00:26:53(48393f):field(48392f)
＿＿＿＿＿＿＿＿＿＿
＿＿＿＿＿＿＿＿＿＿
＿＿＿＿＿＿＿＿＿＿
＿＿＿＿＿＿＿＿＿＿
＿＿＿＿＿＿＿＿＿＿
＿＿＿＿＿＿＿＿＿＿
＿＿＿＿＿＿＿＿＿＿
＿＿＿＿＿＿＿＿＿＿
＿＿＿＿＿＿＿＿＿＿
＿＿＿＿＿＿＿＿＿＿
＿＿＿＿＿＿＿＿＿＿
＿＿＿＿＿＿＿＿＿＿
＿＿＿＿◆＿＿＿＿＿
＿◆＿◆□＿＿＿＿＿
◆□◆□□◆＿＿＿＿
□□□□□□◆■□＿
□□□□□□□■□◆
□□□◆□□□□□□
□□□□□□＿□□□
□□□□□□□＿□□
00:26:53(48408f):field(48407f)
＿＿＿＿＿＿＿＿＿＿
＿＿＿＿＿＿＿＿＿＿
＿＿＿＿＿＿＿＿＿＿
＿＿＿＿＿＿＿＿＿＿
＿＿＿＿＿＿＿＿＿＿
＿＿＿＿＿＿＿＿＿＿
＿＿＿＿＿＿＿＿＿＿
＿＿＿＿＿＿＿＿＿＿
＿＿＿＿＿＿＿＿＿＿
＿＿＿＿＿＿＿＿＿＿
＿＿＿＿＿＿＿＿＿＿
＿＿＿＿＿＿＿＿＿＿
＿＿＿＿＿＿＿＿＿＿
＿＿＿＿□■＿＿＿＿
＿□＿□□■■＿＿＿
□□□□□□■□□＿
□□□□□□□□□＿
□□□＿□□□□□□
□□□□□□＿□□□
□□□□□□□＿□□
00:26:54(48421f):field(48420f)
＿＿＿＿＿＿＿＿＿＿
＿＿＿＿＿＿＿＿＿＿
＿＿＿＿＿＿＿＿＿＿
＿＿＿＿＿＿＿＿＿＿
＿＿＿＿＿＿＿＿＿＿
＿＿＿＿＿＿＿＿＿＿
＿＿＿＿＿＿＿＿＿＿
＿＿＿＿＿＿＿＿＿＿
＿＿＿＿＿＿＿＿＿＿
＿＿＿＿＿＿＿＿＿＿
＿＿＿＿＿＿＿＿＿＿
＿＿＿＿■■＿＿＿＿
＿＿＿＿■■＿＿＿＿
＿＿＿＿□□＿＿＿＿
＿□＿□□□□＿＿＿
□□□□□□□□□＿
□□□□□□□□□＿
□□□＿□□□□□□
□□□□□□＿□□□
□□□□□□□＿□□
00:26:54(48440f):field(48439f)
＿＿＿＿＿＿＿＿＿＿
＿＿＿＿＿＿＿＿＿＿
＿＿＿＿＿＿＿＿＿＿
＿＿＿＿＿＿＿＿＿＿
＿＿＿＿＿＿＿＿＿＿
＿＿＿＿＿＿＿＿＿＿
＿＿＿＿＿＿＿＿＿＿
＿＿＿＿＿＿＿＿＿＿
＿＿＿＿＿＿＿＿＿＿
＿＿＿＿＿＿＿＿＿＿
＿＿＿＿＿＿＿＿＿＿
＿＿＿＿□□＿＿＿＿
＿＿＿＿□□＿＿＿＿
＿■■■□□＿＿＿＿
＿□■□□□□＿＿＿
□□□□□□□□□＿
□□□□□□□□□＿
□□□＿□□□□□□
□□□□□□＿□□□
□□□□□□□＿□□
00:26:55(48456f):field(48455f)
＿＿＿＿＿＿＿＿＿＿
＿＿＿＿＿＿＿＿＿＿
＿＿＿＿＿＿＿＿＿＿
＿＿＿＿＿＿＿＿＿＿
＿＿＿＿＿＿＿＿＿＿
＿＿＿＿＿＿＿＿＿＿
＿＿＿＿＿＿＿＿＿＿
＿＿＿＿＿＿＿＿＿＿
＿＿＿＿＿＿＿＿＿＿
＿＿＿＿＿＿＿＿＿＿
＿＿＿＿＿＿＿＿＿＿
＿＿＿■□□＿＿＿＿
＿■■■□□＿＿＿＿
＿□□□□□＿＿＿＿
＿□□□□□□＿＿＿
□□□□□□□□□＿
□□□□□□□□□＿
□□□＿□□□□□□
□□□□□□＿□□□
□□□□□□□＿□□
00:26:55(48471f):field(48470f)
＿＿＿＿＿＿＿＿＿＿
＿＿＿＿＿＿＿＿＿＿
＿＿＿＿＿＿＿＿＿＿
＿＿＿＿＿＿＿＿＿＿
＿＿＿＿＿＿＿＿＿＿
＿＿＿＿＿＿＿＿＿＿
＿＿＿＿＿＿＿＿＿＿
＿＿＿＿＿＿＿＿＿＿
＿＿＿＿＿＿＿＿＿＿
＿＿＿＿＿＿＿＿＿＿
＿＿＿＿＿＿＿＿＿＿
■＿＿□□□＿＿＿＿
■□□□□□＿＿＿＿
■□□□□□＿＿＿＿
■□□□□□□＿＿＿
□□□□□□□□□＿
□□□□□□□□□＿
□□□＿□□□□□□
□□□□□□＿□□□
□□□□□□□＿□□
00:26:56(48488f):field(48487f)
＿＿＿＿＿＿＿＿＿＿
＿＿＿＿＿＿＿＿＿＿
＿＿＿＿＿＿＿＿＿＿
＿＿＿＿＿＿＿＿＿＿
＿＿＿＿＿＿＿＿＿＿
＿＿＿＿＿＿＿＿＿＿
＿＿＿＿＿＿＿＿＿＿
＿＿＿＿＿＿＿＿＿＿
＿＿＿＿＿＿＿＿＿＿
＿＿＿＿＿＿＿＿＿＿
＿＿＿＿＿＿＿＿＿＿
◆＿＿◆◆◆＿＿＿＿
◆◆◆◆◆◆＿＿＿＿
□◆◆□□□＿＿＿＿
□□□□□□◆＿＿＿
□□□□□□◆◆◆＿
□□□□□□□□□＿
□□□＿□□□□□□
□□□□□□＿□□□
□□□□□□□＿□□
00:26:56(48507f):field(48506f)
＿＿＿＿＿＿＿＿＿＿
＿＿＿＿＿＿＿＿＿＿
＿＿＿＿＿＿＿＿＿＿
＿＿＿＿＿＿＿＿＿＿
＿＿＿＿＿＿＿＿＿＿
＿＿＿＿＿＿＿＿＿＿
＿＿＿＿＿＿＿＿＿＿
＿＿＿＿＿＿＿＿＿＿
＿＿＿＿＿＿＿＿＿＿
＿＿＿＿＿＿＿＿＿＿
＿＿＿＿＿＿＿＿＿＿
＿＿＿＿＿＿＿＿＿＿
＿＿＿＿＿＿＿＿＿＿
◆＿＿◆◆◆＿＿＿＿
□◆◆□□□＿＿＿＿
□□□□□□＿＿■＿
□□□□□□◆◆□■
□□□＿□□□□□□
□□□□□□＿□□□
□□□□□□□＿□□
00:26:57(48527f):field(48526f)
＿＿＿＿＿＿＿＿＿＿
＿＿＿＿＿＿＿＿＿＿
＿＿＿＿＿＿＿＿＿＿
＿＿＿＿＿＿＿＿＿＿
＿＿＿＿＿＿＿＿＿＿
＿＿＿＿＿＿＿＿＿＿
＿＿＿＿＿＿＿＿＿＿
＿＿＿＿＿＿＿＿＿＿
＿＿＿＿＿＿＿＿＿＿
＿＿＿＿＿＿＿＿＿＿
＿＿＿＿＿＿＿＿＿＿
＿＿＿＿＿＿＿＿＿＿
＿＿＿＿＿＿＿＿＿＿
＿＿＿＿＿＿＿＿＿■
□＿＿□□□＿＿■■
□□□□□□＿＿□■
□□□□□□＿＿□□
□□□＿□□□□□□
□□□□□□＿□□□
□□□□□□□＿□□
00:26:58(48547f):field(48546f)
＿＿＿＿＿＿＿＿＿＿
＿＿＿＿＿＿＿＿＿＿
＿＿＿＿＿＿＿＿＿＿
＿＿＿＿＿＿＿＿＿＿
＿＿＿＿＿＿＿＿＿＿
＿＿＿＿＿＿＿＿＿＿
＿＿＿＿＿＿＿＿＿＿
＿＿＿＿＿＿＿＿＿＿
＿＿＿＿＿＿＿＿＿＿
＿＿＿＿＿＿＿＿＿＿
＿＿＿＿＿＿＿＿＿＿
＿＿＿＿＿＿＿＿＿＿
＿＿＿＿＿＿＿＿＿＿
＿＿＿＿＿＿＿＿＿◆
◆＿＿◆◆◆＿＿◆□
□□◆□□□■＿□□
□□□□□□■＿□□
□□□＿□□□□□□
□□□□□□＿□□□
□□□□□□□＿□□
00:26:58(48563f):field(48562f)
＿＿＿＿＿＿＿＿＿＿
＿＿＿＿＿＿＿＿＿＿
＿＿＿＿＿＿＿＿＿＿
＿＿＿＿＿＿＿＿＿＿
＿＿＿＿＿＿＿＿＿＿
＿＿＿＿＿＿＿＿＿＿
＿＿＿＿＿＿＿＿＿＿
＿＿＿＿＿＿＿＿＿＿
＿＿＿＿＿＿＿＿＿＿
＿＿＿＿＿＿＿＿＿＿
＿＿＿＿＿＿＿＿＿＿
＿＿＿＿＿＿＿＿＿＿
＿＿＿＿＿＿＿＿＿＿
＿＿＿＿＿＿＿＿＿＿
＿＿＿＿＿＿＿■＿◆
◆◆＿◆◆◆□■◆□
□◆◆□□□□■□□
□□□＿□□□□□□
□□□□□□＿□□□
□□□□□□□＿□□
00:26:59(48580f):field(48579f)
＿＿＿＿＿＿＿＿＿＿
＿＿＿＿＿＿＿＿＿＿
＿＿＿＿＿＿＿＿＿＿
＿＿＿＿＿＿＿＿＿＿
＿＿＿＿＿＿＿＿＿＿
＿＿＿＿＿＿＿＿＿＿
＿＿＿＿＿＿＿＿＿＿
＿＿＿＿＿＿＿＿＿＿
＿＿＿＿＿＿＿＿＿＿
＿＿＿＿＿＿＿＿＿＿
＿＿＿＿＿＿＿＿＿＿
＿＿＿＿＿＿＿＿＿＿
＿＿＿＿＿＿＿＿＿＿
＿＿＿＿＿＿＿＿＿＿
＿＿＿＿■＿＿□＿＿
＿＿＿＿■■□□＿□
□＿＿□□□□□□□
□□□＿□□□□□□
□□□□□□＿□□□
□□□□□□□＿□□
00:27:00(48600f):field(48599f)
＿＿＿＿＿＿＿＿＿＿
＿＿＿＿＿＿＿＿＿＿
＿＿＿＿＿＿＿＿＿＿
＿＿＿＿＿＿＿＿＿＿
＿＿＿＿＿＿＿＿＿＿
＿＿＿＿＿＿＿＿＿＿
＿＿＿＿＿＿＿＿＿＿
＿＿＿＿＿＿＿＿＿＿
＿＿＿＿＿＿＿＿＿＿
＿＿＿＿＿＿＿＿＿＿
＿＿＿＿＿＿＿＿＿＿
＿＿＿＿＿＿＿＿＿＿
＿＿＿＿＿＿＿＿＿＿
＿＿＿＿＿＿＿＿＿＿
＿＿＿＿◆＿＿◆＿＿
＿＿＿■□◆◆□＿◆
◆＿■□□□□□◆□
□□□＿□□□□□□
□□□□□□＿□□□
□□□□□□□＿□□
00:27:00(48614f):field(48613f)
＿＿＿＿＿＿＿＿＿＿
＿＿＿＿＿＿＿＿＿＿
＿＿＿＿＿＿＿＿＿＿
＿＿＿＿＿＿＿＿＿＿
＿＿＿＿＿＿＿＿＿＿
＿＿＿＿＿＿＿＿＿＿
＿＿＿＿＿＿＿＿＿＿
＿＿＿＿＿＿＿＿＿＿
＿＿＿＿＿＿＿＿＿＿
＿＿＿＿＿＿＿＿＿＿
＿＿＿＿＿＿＿＿＿＿
＿＿＿＿＿＿＿＿＿＿
＿＿＿＿＿＿＿＿＿＿
＿＿＿＿＿■＿＿＿＿
＿＿＿＿■■＿＿＿＿
＿＿＿◆□■＿□＿＿
＿＿□□□□□□＿□
□□□＿□□□□□□
□□□□□□＿□□□
□□□□□□□＿□□
00:27:01(48632f):field(48631f)
＿＿＿＿＿＿＿＿＿＿
＿＿＿＿＿＿＿＿＿＿
＿＿＿＿＿＿＿＿＿＿
＿＿＿＿＿＿＿＿＿＿
＿＿＿＿＿＿＿＿＿＿
＿＿＿＿＿＿＿＿＿＿
＿＿＿＿＿＿＿＿＿＿
＿＿＿＿＿＿＿＿＿＿
＿＿＿＿＿＿＿＿＿＿
＿＿＿＿＿＿＿＿＿＿
＿＿＿＿＿＿＿＿＿＿
＿＿＿＿＿＿＿＿＿＿
＿＿＿＿＿＿＿＿＿＿
＿＿＿＿＿□＿＿＿＿
＿＿＿＿□□＿＿＿■
＿＿＿＿□□＿□■■
＿＿□□□□□□■□
□□□＿□□□□□□
□□□□□□＿□□□
□□□□□□□＿□□
00:27:01(48648f):field(48647f)
＿＿＿＿＿＿＿＿＿＿
＿＿＿＿＿＿＿＿＿＿
＿＿＿＿＿＿＿＿＿＿
＿＿＿＿＿＿＿＿＿＿
＿＿＿＿＿＿＿＿＿＿
＿＿＿＿＿＿＿＿＿＿
＿＿＿＿＿＿＿＿＿＿
＿＿＿＿＿＿＿＿＿＿
＿＿＿＿＿＿＿＿＿＿
＿＿＿＿＿＿＿＿＿＿
＿＿＿＿＿＿＿＿＿＿
＿＿＿＿＿＿＿＿＿＿
＿＿＿＿＿＿＿＿＿＿
＿＿＿＿＿□＿＿＿＿
＿＿＿＿□□■■■□
＿＿＿＿□□■□□□
＿＿□□□□□□□□
□□□＿□□□□□□
□□□□□□＿□□□
□□□□□□□＿□□
00:27:02(48664f):field(48663f)
＿＿＿＿＿＿＿＿＿＿
＿＿＿＿＿＿＿＿＿＿
＿＿＿＿＿＿＿＿＿＿
＿＿＿＿＿＿＿＿＿＿
＿＿＿＿＿＿＿＿＿＿
＿＿＿＿＿＿＿＿＿＿
＿＿＿＿＿＿＿＿＿＿
＿＿＿＿＿＿＿＿＿＿
＿＿＿＿＿＿＿＿＿＿
＿＿＿＿＿＿＿＿＿＿
＿＿＿＿＿＿＿＿＿＿
＿＿＿＿＿＿＿＿＿＿
＿＿＿＿＿＿＿＿＿＿
■＿＿＿＿□＿＿＿＿
■＿＿＿□□□□□□
■＿＿＿□□□□□□
■＿□□□□□□□□
□□□＿□□□□□□
□□□□□□＿□□□
□□□□□□□＿□□
00:27:02(48679f):field(48678f)
＿＿＿＿＿＿＿＿＿＿
＿＿＿＿＿＿＿＿＿＿
＿＿＿＿＿＿＿＿＿＿
＿＿＿＿＿＿＿＿＿＿
＿＿＿＿＿＿＿＿＿＿
＿＿＿＿＿＿＿＿＿＿
＿＿＿＿＿＿＿＿＿＿
＿＿＿＿＿＿＿＿＿＿
＿＿＿＿＿＿＿＿＿＿
＿＿＿＿＿＿＿＿＿＿
＿＿＿＿＿＿＿＿＿＿
＿＿＿＿＿＿＿＿＿＿
＿＿＿＿＿＿＿＿■■
□＿＿＿＿□＿＿■■
□＿＿＿□□□□□□
□＿＿＿□□□□□□
□＿□□□□□□□□
□□□＿□□□□□□
□□□□□□＿□□□
□□□□□□□＿□□
00:27:03(48698f):field(48697f)
＿＿＿＿＿＿＿＿＿＿
＿＿＿＿＿＿＿＿＿＿
＿＿＿＿＿＿＿＿＿＿
＿＿＿＿＿＿＿＿＿＿
＿＿＿＿＿＿＿＿＿＿
＿＿＿＿＿＿＿＿＿＿
＿＿＿＿＿＿＿＿＿＿
＿＿＿＿＿＿＿＿＿＿
＿＿＿＿＿＿＿＿＿＿
＿＿＿＿＿＿＿＿＿＿
＿＿＿＿＿＿＿＿＿＿
＿＿＿＿＿＿＿＿＿＿
＿＿＿＿＿＿＿＿◆◆
◆＿＿＿＿◆＿＿□□
□■＿＿◆□◆◆□□
□■■＿□□□□□□
□■□◆□□□□□□
□□□＿□□□□□□
□□□□□□＿□□□
□□□□□□□＿□□
00:27:03(48710f):field(48709f)
＿＿＿＿＿＿＿＿＿＿
＿＿＿＿＿＿＿＿＿＿
＿＿＿＿＿＿＿＿＿＿
＿＿＿＿＿＿＿＿＿＿
＿＿＿＿＿＿＿＿＿＿
＿＿＿＿＿＿＿＿＿＿
＿＿＿＿＿＿＿＿＿＿
＿＿＿＿＿＿＿＿＿＿
＿＿＿＿＿＿＿＿＿＿
＿＿＿＿＿＿＿＿＿＿
＿＿＿＿＿＿＿＿＿＿
＿＿＿＿＿＿＿＿＿＿
＿＿＿＿＿■＿＿＿＿
＿＿＿＿■■＿＿□□
□□＿＿■□＿＿□□
□□◆＿□□□□□□
□□◆＿□□□□□□
□□□＿□□□□□□
□□□□□□＿□□□
□□□□□□□＿□□
00:27:04(48730f):field(48729f)
＿＿＿＿＿＿＿＿＿＿
＿＿＿＿＿＿＿＿＿＿
＿＿＿＿＿＿＿＿＿＿
＿＿＿＿＿＿＿＿＿＿
＿＿＿＿＿＿＿＿＿＿
＿＿＿＿＿＿＿＿＿＿
＿＿＿＿＿＿＿＿＿＿
＿＿＿＿＿＿＿＿＿＿
＿＿＿＿＿＿＿＿＿＿
＿＿＿＿＿＿＿＿＿＿
＿＿＿＿＿＿＿＿＿＿
＿＿＿＿＿＿＿＿＿＿
＿＿＿＿＿◆＿＿＿＿
＿＿＿＿◆◆＿＿◆◆
◆◆＿＿◆□＿＿◆◆
◆◆＿＿□□◆◆□□
□□＿＿□□□◆□□
□□◆■□□□□□□
□□□□□□＿□□□
□□□□□□□＿□□
00:27:04(48748f):field(48747f)
＿＿＿＿＿＿＿＿＿＿
＿＿＿＿＿＿＿＿＿＿
＿＿＿＿＿＿＿＿＿＿
＿＿＿＿＿＿＿＿＿＿
＿＿＿＿＿＿＿＿＿＿
＿＿＿＿＿＿＿＿＿＿
＿＿＿＿＿＿＿＿＿＿
＿＿＿＿＿＿＿＿＿＿
＿＿＿＿＿＿＿＿＿＿
＿＿＿＿＿＿＿＿＿＿
＿＿＿＿＿＿＿＿＿＿
＿＿＿＿＿＿＿＿＿＿
＿＿＿＿＿＿＿＿＿＿
＿＿＿＿＿＿＿＿＿＿
＿＿＿＿＿□■＿＿＿
＿＿＿＿□□■＿□□
□□＿＿□□□■□□
□□＿□□□□□□□
□□□□□□＿□□□
□□□□□□□＿□□
00:27:05(48765f):field(48764f)
＿＿＿＿＿＿＿＿＿＿
＿＿＿＿＿＿＿＿＿＿
＿＿＿＿＿＿＿＿＿＿
＿＿＿＿＿＿＿＿＿＿
＿＿＿＿＿＿＿＿＿＿
＿＿＿＿＿＿＿＿＿＿
＿＿＿＿＿＿＿＿＿＿
＿＿＿＿＿＿＿＿＿＿
＿＿＿＿＿＿＿＿＿＿
＿＿＿＿＿＿＿＿＿＿
＿＿＿＿＿＿＿＿＿＿
＿＿＿＿＿＿＿＿＿＿
＿＿＿＿＿＿＿＿＿＿
＿＿＿＿＿＿＿＿＿＿
＿■＿＿＿□□＿＿＿
＿■■＿□□□＿□□
□□■＿□□□□□□
□□＿□□□□□□□
□□□□□□＿□□□
□□□□□□□＿□□
00:27:06(48782f):field(48781f)
＿＿＿＿＿＿＿＿＿＿
＿＿＿＿＿＿＿＿＿＿
＿＿＿＿＿＿＿＿＿＿
＿＿＿＿＿＿＿＿＿＿
＿＿＿＿＿＿＿＿＿＿
＿＿＿＿＿＿＿＿＿＿
＿＿＿＿＿＿＿＿＿＿
＿＿＿＿＿＿＿＿＿＿
＿＿＿＿＿＿＿＿＿＿
＿＿＿＿＿＿＿＿＿＿
＿＿＿＿＿＿＿＿＿＿
＿＿＿＿＿＿＿＿＿＿
＿＿＿＿＿＿＿＿＿＿
＿＿＿＿＿＿＿＿＿＿
＿◆＿＿＿◆◆＿＿＿
＿□◆■□□□＿◆◆
◆□□■□□□◆□□
□□＿□□□□□□□
□□□□□□＿□□□
□□□□□□□＿□□
00:27:06(48798f):field(48797f)
＿＿＿＿＿＿＿＿＿＿
＿＿＿＿＿＿＿＿＿＿
＿＿＿＿＿＿＿＿＿＿
＿＿＿＿＿＿＿＿＿＿
＿＿＿＿＿＿＿＿＿＿
＿＿＿＿＿＿＿＿＿＿
＿＿＿＿＿＿＿＿＿＿
＿＿＿＿＿＿＿＿＿＿
＿＿＿＿＿＿＿＿＿＿
＿＿＿＿＿＿＿＿＿＿
＿＿＿＿＿＿＿＿＿＿
＿＿＿＿＿＿＿＿＿＿
＿＿＿＿■＿＿＿＿＿
＿＿＿■■＿＿＿＿＿
＿＿＿■＿＿＿＿＿＿
＿□＿□□□□＿＿＿
＿□□□□□□＿□□
□□＿□□□□□□□
□□□□□□＿□□□
□□□□□□□＿□□
00:27:07(48813f):field(48812f)
＿＿＿＿＿＿＿＿＿＿
＿＿＿＿＿＿＿＿＿＿
＿＿＿＿＿＿＿＿＿＿
＿＿＿＿＿＿＿＿＿＿
＿＿＿＿＿＿＿＿＿＿
＿＿＿＿＿＿＿＿＿＿
＿＿＿＿＿＿＿＿＿＿
＿＿＿＿＿＿＿＿＿＿
＿＿＿＿＿＿＿＿＿＿
＿＿＿＿＿＿＿＿＿＿
＿＿＿＿＿＿＿＿＿＿
＿＿＿＿＿＿＿＿＿＿
＿＿＿＿□＿＿＿＿＿
＿＿＿□□■＿＿＿＿
＿＿＿□■■■＿＿＿
＿□＿□□□□＿＿＿
＿□□□□□□＿□□
□□＿□□□□□□□
□□□□□□＿□□□
□□□□□□□＿□□
00:27:07(48827f):field(48826f)
＿＿＿＿＿＿＿＿＿＿
＿＿＿＿＿＿＿＿＿＿
＿＿＿＿＿＿＿＿＿＿
＿＿＿＿＿＿＿＿＿＿
＿＿＿＿＿＿＿＿＿＿
＿＿＿＿＿＿＿＿＿＿
＿＿＿＿＿＿＿＿＿＿
＿＿＿＿＿＿＿＿＿＿
＿＿＿＿＿＿＿＿＿＿
＿＿＿＿＿＿＿＿＿＿
＿＿＿＿＿＿＿＿＿＿
＿＿＿＿＿＿＿＿＿＿
＿＿＿＿□＿＿＿＿＿
■＿＿□□□＿＿＿＿
■＿＿□□□□＿＿＿
■□＿□□□□＿＿＿
■□□□□□□＿□□
□□＿□□□□□□□
□□□□□□＿□□□
□□□□□□□＿□□
00:27:08(48847f):field(48846f)
＿＿＿＿＿＿＿＿＿＿
＿＿＿＿＿＿＿＿＿＿
＿＿＿＿＿＿＿＿＿＿
＿＿＿＿＿＿＿＿＿＿
＿＿＿＿＿＿＿＿＿＿
＿＿＿＿＿＿＿＿＿＿
＿＿＿＿＿＿＿＿＿＿
＿＿＿＿＿＿＿＿＿＿
＿＿＿＿＿＿＿＿＿＿
＿＿＿＿＿＿＿＿＿＿
＿＿＿＿＿＿＿＿＿＿
＿＿＿＿＿＿＿＿＿＿
＿＿＿＿□＿＿＿＿＿
□■＿□□□＿＿＿＿
□■■□□□□＿＿＿
□□■□□□□＿＿＿
□□□□□□□＿□□
□□＿□□□□□□□
□□□□□□＿□□□
□□□□□□□＿□□
00:27:08(48860f):field(48859f)
＿＿＿＿＿＿＿＿＿＿
＿＿＿＿＿＿＿＿＿＿
＿＿＿＿＿＿＿＿＿＿
＿＿＿＿＿＿＿＿＿＿
＿＿＿＿＿＿＿＿＿＿
＿＿＿＿＿＿＿＿＿＿
＿＿＿＿＿＿＿＿＿＿
＿＿＿＿＿＿＿＿＿＿
＿＿＿＿＿＿＿＿＿＿
＿＿＿＿＿＿＿＿＿＿
＿＿＿＿＿＿＿＿＿＿
＿＿＿＿＿＿＿＿＿＿
＿＿＿＿□＿＿＿＿＿
□□＿□□□＿＿＿＿
□□□□□□□＿■■
□□□□□□□＿■■
□□□□□□□＿□□
□□＿□□□□□□□
□□□□□□＿□□□
□□□□□□□＿□□
00:27:09(48875f):field(48874f)
＿＿＿＿＿＿＿＿＿＿
＿＿＿＿＿＿＿＿＿＿
＿＿＿＿＿＿＿＿＿＿
＿＿＿＿＿＿＿＿＿＿
＿＿＿＿＿＿＿＿＿＿
＿＿＿＿＿＿＿＿＿＿
＿＿＿＿＿＿＿＿＿＿
＿＿＿＿＿＿＿＿＿＿
＿＿＿＿＿＿＿＿＿＿
＿＿＿＿＿＿＿＿＿＿
■＿＿＿＿＿＿＿＿＿
■＿＿＿＿＿＿＿＿＿
■■＿＿□＿＿＿＿＿
□□＿□□□＿＿＿＿
□□□□□□□＿□□
□□□□□□□＿□□
□□□□□□□＿□□
□□＿□□□□□□□
□□□□□□＿□□□
□□□□□□□＿□□
00:27:09(48892f):field(48891f)
＿＿＿＿＿＿＿＿＿＿
＿＿＿＿＿＿＿＿＿＿
＿＿＿＿＿＿＿＿＿＿
＿＿＿＿＿＿＿＿＿＿
＿＿＿＿＿＿＿＿＿＿
＿＿＿＿＿＿＿＿＿＿
＿＿＿＿＿＿＿＿＿＿
＿＿＿＿＿＿＿＿＿＿
＿＿＿＿＿＿＿＿＿＿
＿＿＿＿＿＿＿＿＿＿
□＿＿＿＿＿＿＿＿＿
□＿＿■＿＿＿＿＿＿
□□■■□＿＿＿＿＿
□□■□□□＿＿＿＿
□□□□□□□＿□□
□□□□□□□＿□□
□□□□□□□＿□□
□□＿□□□□□□□
□□□□□□＿□□□
□□□□□□□＿□□
00:27:10(48910f):field(48909f)
＿＿＿＿＿＿＿＿＿＿
＿＿＿＿＿＿＿＿＿＿
＿＿＿＿＿＿＿＿＿＿
＿＿＿＿＿＿＿＿＿＿
＿＿＿＿＿＿＿＿＿＿
＿＿＿＿＿＿＿＿＿＿
＿＿＿＿＿＿＿＿＿＿
＿＿＿＿＿＿＿＿＿＿
＿＿＿＿＿＿＿＿＿＿
＿＿＿＿＿＿＿＿＿＿
◆＿＿＿＿＿＿＿＿＿
◆＿＿◆＿＿＿＿＿＿
◆◆◆◆◆＿＿＿＿＿
□◆◆◆◆◆＿＿＿＿
□◆◆□◆◆□＿◆◆
□□□□□□◆■◆◆
□□□□□□□■◆◆
□□＿□□□□□□□
□□□□□□＿□□□
□□□□□□□＿□□
00:27:10(48923f):field(48922f)
＿＿＿＿＿＿＿＿＿＿
＿＿＿＿＿＿＿＿＿＿
＿＿＿＿＿＿＿＿＿＿
＿＿＿＿＿＿＿＿＿＿
＿＿＿＿＿＿＿＿＿＿
＿＿＿＿＿＿＿＿＿＿
＿＿＿＿＿＿＿＿＿＿
＿＿＿＿＿＿＿＿＿＿
＿＿＿＿＿＿＿＿＿＿
＿＿＿＿＿＿＿＿＿＿
＿＿＿＿＿＿＿＿＿＿
＿＿＿＿＿＿＿＿＿＿
＿＿＿＿＿＿＿＿＿＿
□＿＿＿＿＿＿＿＿＿
□＿＿□＿■◆＿＿＿
□□□□□□■◆＿＿
□□□□□□□□＿＿
□□＿□□□□□□□
□□□□□□＿□□□
□□□□□□□＿□□
00:27:11(48935f):field(48934f)
＿＿＿＿＿＿＿＿＿＿
＿＿＿＿＿＿＿＿＿＿
＿＿＿＿＿＿＿＿＿＿
＿＿＿＿＿＿＿＿＿＿
＿＿＿＿＿＿＿＿＿＿
＿＿＿＿＿＿＿＿＿＿
＿＿＿＿＿＿＿＿＿＿
＿＿＿＿＿＿＿＿＿＿
＿＿＿＿＿＿＿＿＿＿
＿＿＿＿＿＿＿＿＿＿
＿＿＿＿＿＿＿＿＿＿
＿＿＿＿＿＿＿＿＿＿
＿＿＿＿＿＿＿＿＿＿
□＿＿■■■＿＿＿＿
□＿＿□■□＿＿＿＿
□□□□□□□＿＿＿
□□□□□□□□＿＿
□□＿□□□□□□□
□□□□□□＿□□□
□□□□□□□＿□□
00:27:11(48953f):field(48952f)
＿＿＿＿＿＿＿＿＿＿
＿＿＿＿＿＿＿＿＿＿
＿＿＿＿＿＿＿＿＿＿
＿＿＿＿＿＿＿＿＿＿
＿＿＿＿＿＿＿＿＿＿
＿＿＿＿＿＿＿＿＿＿
＿＿＿＿＿＿＿＿＿＿
＿＿＿＿＿＿＿＿＿＿
＿＿＿＿＿＿＿＿＿＿
＿＿＿＿＿＿＿＿＿＿
＿＿＿＿＿＿＿＿＿＿
＿＿＿＿＿＿＿＿＿＿
＿＿＿＿＿＿＿＿＿＿
◆＿＿◆◆◆＿＿＿＿
□＿＿□□□＿＿＿＿
□◆◆□□□◆＿＿＿
□□□□□□□◆■■
□□＿□□□□□□□
□□□□□□＿□□□
□□□□□□□＿□□
00:27:12(48966f):field(48965f)
＿＿＿＿＿＿＿＿＿＿
＿＿＿＿＿＿＿＿＿＿
＿＿＿＿＿＿＿＿＿＿
＿＿＿＿＿＿＿＿＿＿
＿＿＿＿＿＿＿＿＿＿
＿＿＿＿＿＿＿＿＿＿
＿＿＿＿＿＿＿＿＿＿
＿＿＿＿＿＿＿＿＿＿
＿＿＿＿＿＿＿＿＿＿
＿＿＿＿＿＿＿＿＿＿
＿＿＿＿＿＿＿＿＿＿
＿＿＿＿＿＿＿＿＿＿
＿＿＿＿＿＿＿＿＿＿
＿＿＿＿＿＿＿＿＿■
□＿＿□□□＿＿＿■
□＿＿□□□＿＿■■
□□□□□□□＿□□
□□＿□□□□□□□
□□□□□□＿□□□
□□□□□□□＿□□
00:27:12(48979f):field(48978f)
＿＿＿＿＿＿＿＿＿＿
＿＿＿＿＿＿＿＿＿＿
＿＿＿＿＿＿＿＿＿＿
＿＿＿＿＿＿＿＿＿＿
＿＿＿＿＿＿＿＿＿＿
＿＿＿＿＿＿＿＿＿＿
＿＿＿＿＿＿＿＿＿＿
＿＿＿＿＿＿＿＿＿＿
＿＿＿＿＿＿＿＿＿＿
＿＿＿＿＿＿＿＿＿＿
＿＿＿＿＿＿＿＿＿＿
＿＿＿＿■＿＿＿＿＿
＿＿＿■■＿＿＿＿＿
＿＿＿■＿＿＿＿＿□
□＿＿□□□＿＿＿□
□＿＿□□□＿＿□□
□□□□□□□＿□□
□□＿□□□□□□□
□□□□□□＿□□□
□□□□□□□＿□□
00:27:13(48998f):field(48997f)
＿＿＿＿＿＿＿＿＿＿
＿＿＿＿＿＿＿＿＿＿
＿＿＿＿＿＿＿＿＿＿
＿＿＿＿＿＿＿＿＿＿
＿＿＿＿＿＿＿＿＿＿
＿＿＿＿＿＿＿＿＿＿
＿＿＿＿＿＿＿＿＿＿
＿＿＿＿＿＿＿＿＿＿
＿＿＿＿＿＿＿＿＿＿
＿＿＿＿＿＿＿＿＿＿
＿＿＿＿＿＿＿＿＿＿
＿＿＿＿□＿＿＿＿＿
＿＿■□□＿＿＿＿＿
＿＿■□＿＿＿＿＿□
□＿■□□□＿＿＿□
□＿■□□□＿＿□□
□□□□□□□＿□□
□□＿□□□□□□□
□□□□□□＿□□□
□□□□□□□＿□□
00:27:13(49013f):field(49012f)
＿＿＿＿＿＿＿＿＿＿
＿＿＿＿＿＿＿＿＿＿
＿＿＿＿＿＿＿＿＿＿
＿＿＿＿＿＿＿＿＿＿
＿＿＿＿＿＿＿＿＿＿
＿＿＿＿＿＿＿＿＿＿
＿＿＿＿＿＿＿＿＿＿
＿＿＿＿＿＿＿＿＿＿
＿＿＿＿＿＿＿＿＿＿
＿＿＿＿＿＿＿＿＿＿
＿＿＿＿＿＿＿＿＿＿
＿＿＿＿◆＿＿＿＿＿
＿＿◆◆□＿＿＿＿＿
＿＿□□■＿＿＿＿◆
◆＿□□◆◆＿＿＿□
□■□□□□＿■◆□
□◆□□□□□■□□
□□＿□□□□□□□
□□□□□□■□□□
□□□□□□□＿□□
00:27:14(49028f):field(49027f)
＿＿＿＿＿＿＿＿＿＿
＿＿＿＿＿＿＿＿＿＿
＿＿＿＿＿＿＿＿＿＿
＿＿＿＿＿＿＿＿＿＿
＿＿＿＿＿＿＿＿＿＿
＿＿＿＿＿＿＿＿＿＿
＿＿＿＿＿＿＿＿＿＿
＿＿＿＿＿＿＿＿＿＿
＿＿＿＿＿＿＿＿＿＿
＿＿＿＿＿＿＿＿＿＿
＿＿＿＿＿＿＿＿＿＿
＿＿＿＿＿＿＿＿＿＿
＿＿＿＿◆＿＿＿＿＿
＿＿◆◆□＿＿＿＿＿
＿＿□□■＿＿＿＿◆
□□□□□◆＿◆＿□
□■□□□□◆□◆□
□□＿□□□□□□□
□□□□□□◆□□□
□□□□□□□＿□□
00:27:14(49045f):field(49044f)
＿＿＿＿＿＿＿＿＿＿
＿＿＿＿＿＿＿＿＿＿
＿＿＿＿＿＿＿＿＿＿
＿＿＿＿＿＿＿＿＿＿
＿＿＿＿＿＿＿＿＿＿
＿＿＿＿＿＿＿＿＿＿
＿＿＿＿＿＿＿＿＿＿
＿＿＿＿＿＿＿＿＿＿
＿＿＿＿＿＿＿＿＿＿
＿＿＿＿＿＿＿＿＿＿
＿＿＿＿＿＿＿＿＿＿
＿＿＿＿＿＿＿＿＿＿
＿＿＿＿＿＿＿＿＿＿
＿＿＿＿□■＿＿＿＿
＿＿□□□■＿＿＿＿
□□□□□■＿＿＿□
□□□□□□＿□＿□
□□＿□□□□□□□
□□□□□□＿□□□
□□□□□□□＿□□
00:27:15(49060f):field(49059f)
＿＿＿＿＿＿＿＿＿＿
＿＿＿＿＿＿＿＿＿＿
＿＿＿＿＿＿＿＿＿＿
＿＿＿＿＿＿＿＿＿＿
＿＿＿＿＿＿＿＿＿＿
＿＿＿＿＿＿＿＿＿＿
＿＿＿＿＿＿＿＿＿＿
＿＿＿＿＿＿＿＿＿＿
＿＿＿＿＿＿＿＿＿＿
＿＿＿＿＿＿＿＿＿＿
＿＿＿＿＿＿＿＿＿＿
＿＿＿＿＿＿＿＿＿＿
＿＿＿＿＿＿＿＿＿＿
■■＿＿□□＿＿＿＿
■■□□□□＿＿＿＿
□□□□□□＿＿＿□
□□□□□□＿□＿□
□□＿□□□□□□□
□□□□□□＿□□□
□□□□□□□＿□□
00:27:15(49073f):field(49072f)
＿＿＿＿＿＿＿＿＿＿
＿＿＿＿＿＿＿＿＿＿
＿＿＿＿＿＿＿＿＿＿
＿＿＿＿＿＿＿＿＿＿
＿＿＿＿＿＿＿＿＿＿
＿＿＿＿＿＿＿＿＿＿
＿＿＿＿＿＿＿＿＿＿
＿＿＿＿＿＿＿＿＿＿
＿＿＿＿＿＿＿＿＿＿
＿＿＿＿＿＿＿＿＿＿
＿＿＿＿＿＿＿＿＿＿
＿＿＿＿＿＿＿＿＿＿
＿＿＿＿＿＿＿＿＿＿
□□＿＿□□＿＿＿＿
□□□□□□＿■＿＿
□□□□□□■■＿□
□□□□□□■□＿□
□□＿□□□□□□□
□□□□□□＿□□□
□□□□□□□＿□□
00:27:16(49087f):field(49086f)
＿＿＿＿＿＿＿＿＿＿
＿＿＿＿＿＿＿＿＿＿
＿＿＿＿＿＿＿＿＿＿
＿＿＿＿＿＿＿＿＿＿
＿＿＿＿＿＿＿＿＿＿
＿＿＿＿＿＿＿＿＿＿
＿＿＿＿＿＿＿＿＿＿
＿＿＿＿＿＿＿＿＿＿
＿＿＿＿＿＿＿＿＿＿
＿＿＿＿＿＿＿＿＿＿
＿＿＿＿＿＿＿＿＿＿
＿＿＿＿＿＿＿＿＿＿
＿＿＿＿＿＿■＿＿＿
□□＿＿□□■■＿＿
□□□□□□■□＿＿
□□□□□□□□＿□
□□□□□□□□＿□
□□＿□□□□□□□
□□□□□□＿□□□
□□□□□□□＿□□
00:27:16(49100f):field(49099f)
＿＿＿＿＿＿＿＿＿＿
＿＿＿＿＿＿＿＿＿＿
＿＿＿＿＿＿＿＿＿＿
＿＿＿＿＿＿＿＿＿＿
＿＿＿＿＿＿＿＿＿＿
＿＿＿＿＿＿＿＿＿＿
＿＿＿＿＿＿＿＿＿＿
＿＿＿＿＿＿＿＿＿＿
＿＿＿＿＿＿＿＿＿＿
＿＿＿＿＿＿＿＿＿＿
＿＿＿＿＿＿＿＿＿＿
＿＿＿＿＿＿＿＿＿＿
＿＿＿■■■□＿＿＿
□□＿■□□□□＿＿
□□□□□□□□＿＿
□□□□□□□□＿□
□□□□□□□□＿□
□□＿□□□□□□□
□□□□□□＿□□□
□□□□□□□＿□□
00:27:17(49114f):field(49113f)
＿＿＿＿＿＿＿＿＿＿
＿＿＿＿＿＿＿＿＿＿
＿＿＿＿＿＿＿＿＿＿
＿＿＿＿＿＿＿＿＿＿
＿＿＿＿＿＿＿＿＿＿
＿＿＿＿＿＿＿＿＿＿
＿＿＿＿＿＿＿＿＿＿
＿＿＿＿＿＿＿＿＿＿
＿＿＿＿＿＿＿＿＿＿
＿＿＿＿＿＿＿＿＿＿
＿＿＿＿■■＿＿＿＿
＿＿＿■■＿＿＿＿＿
＿＿＿□□□□＿＿＿
□□＿□□□□□＿＿
□□□□□□□□＿＿
□□□□□□□□＿□
□□□□□□□□＿□
□□＿□□□□□□□
□□□□□□＿□□□
□□□□□□□＿□□
00:27:17(49131f):field(49130f)
＿＿＿＿＿＿＿＿＿＿
＿＿＿＿＿＿＿＿＿＿
＿＿＿＿＿＿＿＿＿＿
＿＿＿＿＿＿＿＿＿＿
＿＿＿＿＿＿＿＿＿＿
＿＿＿＿＿＿＿＿＿＿
＿＿＿＿＿＿＿＿＿＿
＿＿＿＿＿＿＿＿＿＿
＿＿＿＿＿＿＿＿＿＿
＿＿＿＿＿＿＿＿＿＿
＿＿＿＿□□＿＿＿＿
■■＿□□＿＿＿＿＿
■■＿□□□□＿＿＿
□□＿□□□□□＿＿
□□□□□□□□＿＿
□□□□□□□□＿□
□□□□□□□□＿□
□□＿□□□□□□□
□□□□□□＿□□□
□□□□□□□＿□□
00:27:18(49147f):field(49146f)
＿＿＿＿＿＿＿＿＿＿
＿＿＿＿＿＿＿＿＿＿
＿＿＿＿＿＿＿＿＿＿
＿＿＿＿＿＿＿＿＿＿
＿＿＿＿＿＿＿＿＿＿
＿＿＿＿＿＿＿＿＿＿
＿＿＿＿＿＿＿＿＿＿
＿＿＿＿＿＿＿＿＿＿
＿＿＿＿＿＿＿＿＿＿
＿＿＿＿＿＿＿＿＿＿
＿＿＿＿◆◆＿＿＿＿
◆◆＿◆◆＿＿＿＿＿
◆◆＿◆□□◆＿＿＿
□□＿□□◆◆◆＿■
□□□□□□□□＿＿
□□◆□□□□□＿□
□□□□□□□□＿□
□□＿□□□□□□□
□□□□□□＿□□□
□□□□□□□＿□□
00:27:18(49165f):field(49164f)
＿＿＿＿＿＿＿＿＿＿
＿＿＿＿＿＿＿＿＿＿
＿＿＿＿＿＿＿＿＿＿
＿＿＿＿＿＿＿＿＿＿
＿＿＿＿＿＿＿＿＿＿
＿＿＿＿＿＿＿＿＿＿
＿＿＿＿＿＿＿＿＿＿
＿＿＿＿＿＿＿＿＿＿
＿＿＿＿＿＿＿＿＿＿
＿＿＿＿＿＿＿＿＿＿
＿＿＿＿＿＿＿＿＿＿
＿＿＿＿＿＿＿＿＿＿
＿＿＿＿□□＿＿＿＿
□□＿□□＿＿＿＿◆
□□◆□□□□□■■
□□＿□□□□□■□
□□□□□□□□＿□
□□＿□□□□□□□
□□□□□□＿□□□
□□□□□□□＿□□
00:27:19(49182f):field(49181f)
＿＿＿＿＿＿＿＿＿＿
＿＿＿＿＿＿＿＿＿＿
＿＿＿＿＿＿＿＿＿＿
＿＿＿＿＿＿＿＿＿＿
＿＿＿＿＿＿＿＿＿＿
＿＿＿＿＿＿＿＿＿＿
＿＿＿＿＿＿＿＿＿＿
＿＿＿＿＿＿＿＿＿＿
＿＿＿＿＿＿＿＿＿＿
＿＿＿＿＿＿＿＿＿＿
＿＿＿＿＿＿＿＿＿＿
＿＿＿＿＿＿＿＿＿＿
＿＿＿＿□□＿■＿＿
□□＿□□■■■＿＿
□□＿□□□□□□□
□□＿□□□□□□□
□□□□□□□□＿□
□□＿□□□□□□□
□□□□□□＿□□□
□□□□□□□＿□□
00:27:19(49196f):field(49195f)
＿＿＿＿＿＿＿＿＿＿
＿＿＿＿＿＿＿＿＿＿
＿＿＿＿＿＿＿＿＿＿
＿＿＿＿＿＿＿＿＿＿
＿＿＿＿＿＿＿＿＿＿
＿＿＿＿＿＿＿＿＿＿
＿＿＿＿＿＿＿＿＿＿
＿＿＿＿＿＿＿＿＿＿
＿＿＿＿＿＿＿＿＿＿
＿＿＿＿＿＿＿＿＿＿
＿＿＿＿＿＿＿＿＿＿
＿＿＿＿＿＿＿＿＿＿
＿＿＿＿◆◆＿◆＿＿
◆◆＿◆◆◆◆□＿＿
◆◆■◆□□◆□□◆
□□■□□□□□◆◆
□□□□□□□□■□
□□＿□□□□□□□
□□□□□□＿□□□
□□□□□□□＿□□
00:27:20(49211f):field(49210f)
＿＿＿＿＿＿＿＿＿＿
＿＿＿＿＿＿＿＿＿＿
＿＿＿＿＿＿＿＿＿＿
＿＿＿＿＿＿＿＿＿＿
＿＿＿＿＿＿＿＿＿＿
＿＿＿＿＿＿＿＿＿＿
＿＿＿＿＿＿＿＿＿＿
＿＿＿＿＿＿＿＿＿＿
＿＿＿＿＿＿＿＿＿＿
＿＿＿＿＿＿＿＿＿＿
＿＿＿＿＿＿＿＿＿＿
＿＿＿＿＿＿＿＿＿＿
＿＿＿＿＿■＿＿＿＿
＿＿＿＿＿■■◆＿＿
＿＿□＿□□■□◆＿
□□□□□□□□＿＿
□□□□□□□□◆□
□□＿□□□□□□□
□□□□□□＿□□□
□□□□□□□＿□□
00:27:20(49224f):field(49223f)
＿＿＿＿＿＿＿＿＿＿
＿＿＿＿＿＿＿＿＿＿
＿＿＿＿＿＿＿＿＿＿
＿＿＿＿＿＿＿＿＿＿
＿＿＿＿＿＿＿＿＿＿
＿＿＿＿＿＿＿＿＿＿
＿＿＿＿＿＿＿＿＿＿
＿＿＿＿＿＿＿＿＿＿
＿＿＿＿＿＿＿＿＿＿
＿＿＿＿＿＿＿＿＿＿
＿＿＿＿＿＿＿＿＿＿
＿＿＿＿＿＿＿＿＿＿
＿＿＿＿＿□＿＿＿＿
■■＿＿＿□□＿＿＿
■■□＿□□□□＿＿
□□□□□□□□＿＿
□□□□□□□□＿□
□□＿□□□□□□□
□□□□□□＿□□□
□□□□□□□＿□□
00:27:21(49238f):field(49237f)
＿＿＿＿＿＿＿＿＿＿
＿＿＿＿＿＿＿＿＿＿
＿＿＿＿＿＿＿＿＿＿
＿＿＿＿＿＿＿＿＿＿
＿＿＿＿＿＿＿＿＿＿
＿＿＿＿＿＿＿＿＿＿
＿＿＿＿＿＿＿＿＿＿
＿＿＿＿＿＿＿＿＿＿
＿＿＿＿＿＿＿＿＿＿
＿＿＿＿＿＿＿＿＿＿
＿＿＿＿＿＿＿＿＿＿
＿＿＿＿＿＿＿＿＿＿
＿＿＿＿＿□＿＿＿＿
□□■■■□□＿＿＿
□□□■□□□□＿＿
□□□□□□□□＿＿
□□□□□□□□＿□
□□＿□□□□□□□
□□□□□□＿□□□
□□□□□□□＿□□
00:27:21(49253f):field(49252f)
＿＿＿＿＿＿＿＿＿＿
＿＿＿＿＿＿＿＿＿＿
＿＿＿＿＿＿＿＿＿＿
＿＿＿＿＿＿＿＿＿＿
＿＿＿＿＿＿＿＿＿＿
＿＿＿＿＿＿＿＿＿＿
＿＿＿＿＿＿＿＿＿＿
＿＿＿＿＿＿＿＿＿＿
＿＿＿＿＿＿＿＿＿＿
＿＿＿＿＿＿＿＿＿＿
＿＿＿＿＿＿＿＿＿＿
＿＿＿＿＿＿＿＿＿＿
＿＿＿＿＿◆＿＿＿＿
◆◆◆□◆◆◆＿＿＿
◆□□◆□□◆◆＿＿
□□□□□□□□＿＿
□□□□□□□□■□
□□＿□□□□□□□
□□□□□□＿□□□
□□□□□□□■□□
00:27:22(49269f):field(49268f)
＿＿＿＿＿＿＿＿＿＿
＿＿＿＿＿＿＿＿＿＿
＿＿＿＿＿＿＿＿＿＿
＿＿＿＿＿＿＿＿＿＿
＿＿＿＿＿＿＿＿＿＿
＿＿＿＿＿＿＿＿＿＿
＿＿＿＿＿＿＿＿＿＿
＿＿＿＿＿＿＿＿＿＿
＿＿＿＿＿＿＿＿＿＿
＿＿＿＿＿＿＿＿＿＿
＿＿＿＿＿＿＿＿＿＿
＿＿＿＿＿＿＿＿＿＿
＿＿＿＿＿＿＿＿＿＿
＿＿＿◆＿＿＿＿＿＿
＿◆◆＿◆□■■＿＿
□□□□□□□□■＿
□□□□□□□□□◆
□□＿□□□□□□□
□□□□□□＿□□□
□□□□□□□◆□□
00:27:22(49282f):field(49281f)
＿＿＿＿＿＿＿＿＿＿
＿＿＿＿＿＿＿＿＿＿
＿＿＿＿＿＿＿＿＿＿
＿＿＿＿＿＿＿＿＿＿
＿＿＿＿＿＿＿＿＿＿
＿＿＿＿＿＿＿＿＿＿
＿＿＿＿＿＿＿＿＿＿
＿＿＿＿＿＿＿＿＿＿
＿＿＿＿＿＿＿＿＿＿
＿＿＿＿＿＿＿＿＿＿
＿＿＿＿＿＿＿＿＿＿
＿＿＿＿＿＿＿＿＿＿
＿＿＿＿＿＿＿＿＿＿
＿＿＿＿＿＿＿＿＿＿
■＿＿＿＿◆□◆＿＿
◆◆◆□□□◆◆◆■
◆□◆◆□□□□◆■
□□■□□□□□□□
□□□□□□＿□□□
□□□□□□□＿□□
00:27:23(49296f):field(49295f)
＿＿＿＿＿＿＿＿＿＿
＿＿＿＿＿＿＿＿＿＿
＿＿＿＿＿＿＿＿＿＿
＿＿＿＿＿＿＿＿＿＿
＿＿＿＿＿＿＿＿＿＿
＿＿＿＿＿＿＿＿＿＿
＿＿＿＿＿＿＿＿＿＿
＿＿＿＿＿＿＿＿＿＿
＿＿＿＿＿＿＿＿＿＿
＿＿＿＿＿＿＿＿＿＿
＿＿＿＿＿＿＿＿＿＿
＿＿＿＿＿＿＿＿＿＿
＿＿＿＿＿＿＿＿＿＿
＿＿＿＿＿＿＿＿＿＿
◆＿＿＿＿＿◆＿＿＿
＿＿＿◆◆◆＿＿＿◆
＿◆＿＿◆◆◆◆＿□
□◆□□□□□□□□
□□□□□□■□□□
□□□□□□□＿□□
00:27:23(49310f):field(49309f)
＿＿＿＿＿＿＿＿＿＿
＿＿＿＿＿＿＿＿＿＿
＿＿＿＿＿＿＿＿＿＿
＿＿＿＿＿＿＿＿＿＿
＿＿＿＿＿＿＿＿＿＿
＿＿＿＿＿＿＿＿＿＿
＿＿＿＿＿＿＿＿＿＿
＿＿＿＿＿＿＿＿＿＿
＿＿＿＿＿＿＿＿＿＿
＿＿＿＿＿＿＿＿＿＿
＿＿＿＿＿＿＿＿＿＿
＿＿＿＿＿＿＿＿＿＿
＿＿＿＿＿＿＿＿＿＿
＿＿＿＿＿＿＿＿＿＿
＿＿＿＿＿＿＿＿＿＿
＿＿＿＿＿＿＿＿＿＿
＿■■＿＿＿＿＿＿□
□■□□□□□□◆□
□□□□□□◆□□□
□□□□□□□＿□□
00:27:24(49329f):field(49328f)
＿＿＿＿＿＿＿＿＿＿
＿＿＿＿＿＿＿＿＿＿
＿＿＿＿＿＿＿＿＿＿
＿＿＿＿＿＿＿＿＿＿
＿＿＿＿＿＿＿＿＿＿
＿＿＿＿＿＿＿＿＿＿
＿＿＿＿＿＿＿＿＿＿
＿＿＿＿＿＿＿＿＿＿
＿＿＿＿＿＿＿＿＿＿
＿＿＿＿＿＿＿＿＿＿
＿＿＿＿＿＿＿＿＿＿
＿＿＿＿＿＿＿＿＿＿
＿＿＿＿＿＿＿＿＿＿
＿＿＿＿＿＿＿＿＿＿
＿＿＿■＿＿＿＿＿＿
＿＿■■＿＿＿＿＿＿
＿□□■＿＿＿＿＿□
□□□□□□□□＿□
□□□□□□＿□□□
□□□□□□□＿□□
00:27:24(49342f):field(49341f)
＿＿＿＿＿＿＿＿＿＿
＿＿＿＿＿＿＿＿＿＿
＿＿＿＿＿＿＿＿＿＿
＿＿＿＿＿＿＿＿＿＿
＿＿＿＿＿＿＿＿＿＿
＿＿＿＿＿＿＿＿＿＿
＿＿＿＿＿＿＿＿＿＿
＿＿＿＿＿＿＿＿＿＿
＿＿＿＿＿＿＿＿＿＿
＿＿＿＿＿＿＿＿＿＿
＿＿＿＿＿＿＿＿＿＿
＿＿＿＿＿＿＿＿＿＿
＿＿＿＿＿＿＿＿＿＿
＿＿＿＿＿＿＿＿＿＿
＿＿＿□＿■＿＿＿＿
＿＿□□■■＿＿＿＿
＿□□□■＿＿＿＿□
□□□□□□□□＿□
□□□□□□＿□□□
□□□□□□□＿□□
00:27:25(49363f):field(49362f)
＿＿＿＿＿＿＿＿＿＿
＿＿＿＿＿＿＿＿＿＿
＿＿＿＿＿＿＿＿＿＿
＿＿＿＿＿＿＿＿＿＿
＿＿＿＿＿＿＿＿＿＿
＿＿＿＿＿＿＿＿＿＿
＿＿＿＿＿＿＿＿＿＿
＿＿＿＿＿＿＿＿＿＿
＿＿＿＿＿＿＿＿＿＿
＿＿＿＿＿＿＿＿＿＿
＿＿＿＿＿＿＿＿＿＿
＿＿＿＿＿＿＿＿＿＿
＿＿＿＿＿＿＿＿＿＿
＿＿＿＿＿＿＿＿＿＿
＿＿＿□＿□＿＿＿＿
＿＿□□□□■■＿＿
＿□□□□＿■■＿□
□□□□□□□□＿□
□□□□□□＿□□□
□□□□□□□＿□□
00:27:25(49377f):field(49376f)
＿＿＿＿＿＿＿＿＿＿
＿＿＿＿＿＿＿＿＿＿
＿＿＿＿＿＿＿＿＿＿
＿＿＿＿＿＿＿＿＿＿
＿＿＿＿＿＿＿＿＿＿
＿＿＿＿＿＿＿＿＿＿
＿＿＿＿＿＿＿＿＿＿
＿＿＿＿＿＿＿＿＿＿
＿＿＿＿＿＿＿＿＿＿
＿＿＿＿＿＿＿＿＿＿
＿＿＿＿＿＿＿＿＿＿
＿＿＿＿＿＿＿＿＿＿
＿＿＿＿＿＿＿＿＿＿
＿＿＿＿＿＿＿＿＿＿
＿＿＿◆＿◆＿＿＿＿
＿＿◆□◆□◆◆■＿
■◆□□□■□□■◆
◆□□□□◆□□■□
□□□□□□＿□□□
□□□□□□□■□□
00:27:26(49392f):field(49391f)
＿＿＿＿＿＿＿＿＿＿
＿＿＿＿＿＿＿＿＿＿
＿＿＿＿＿＿＿＿＿＿
＿＿＿＿＿＿＿＿＿＿
＿＿＿＿＿＿＿＿＿＿
＿＿＿＿＿＿＿＿＿＿
＿＿＿＿＿＿＿＿＿＿
＿＿＿＿＿＿＿＿＿＿
＿＿＿＿＿＿＿＿＿＿
＿＿＿＿＿＿＿＿＿＿
＿＿＿＿＿＿＿＿＿＿
＿＿＿＿＿＿＿＿＿＿
＿＿＿＿＿＿＿＿＿＿
＿＿＿＿＿＿＿■＿＿
＿＿＿＿＿＿＿■＿＿
＿＿＿□＿□■■□＿
◆＿□□□□□□□＿
＿□□□□＿□□□□
□□□□□□＿□□□
□□□□□□□◆□□
00:27:26(49403f):field(49402f)
＿＿＿＿＿＿＿＿＿＿
＿＿＿＿＿＿＿＿＿＿
＿＿＿＿＿＿＿＿＿＿
＿＿＿＿＿＿＿＿＿＿
＿＿＿＿＿＿＿＿＿＿
＿＿＿＿＿＿＿＿＿＿
＿＿＿＿＿＿＿＿＿＿
＿＿＿＿＿＿＿＿＿＿
＿＿＿＿＿＿＿＿＿＿
＿＿＿＿＿＿＿＿＿＿
＿＿＿＿＿＿＿＿＿＿
＿＿＿＿＿＿＿＿＿＿
＿＿＿＿＿＿＿＿＿＿
＿＿＿■■■＿□＿＿
＿＿＿■＿＿＿□＿＿
＿＿＿□＿□□□□＿
＿＿□□□□□□□＿
＿□□□□＿□□□□
□□□□□□＿□□□
□□□□□□□＿□□
00:27:27(49425f):field(49424f)
＿＿＿＿＿＿＿＿＿＿
＿＿＿＿＿＿＿＿＿＿
＿＿＿＿＿＿＿＿＿＿
＿＿＿＿＿＿＿＿＿＿
＿＿＿＿＿＿＿＿＿＿
＿＿＿＿＿＿＿＿＿＿
＿＿＿＿＿＿＿＿＿＿
＿＿＿＿＿＿＿＿＿＿
＿＿＿＿＿＿＿＿＿＿
＿＿＿＿＿＿＿＿＿＿
＿＿＿＿＿＿＿＿＿＿
＿＿＿＿＿■＿＿＿＿
＿＿＿＿＿■■＿＿＿
＿＿＿□□□■□＿＿
＿＿＿□＿＿＿□＿＿
＿＿＿□＿□□□□＿
＿＿□□□□□□□＿
＿□□□□＿□□□□
□□□□□□＿□□□
□□□□□□□＿□□
00:27:27(49437f):field(49436f)
＿＿＿＿＿＿＿＿＿＿
＿＿＿＿＿＿＿＿＿＿
＿＿＿＿＿＿＿＿＿＿
＿＿＿＿＿＿＿＿＿＿
＿＿＿＿＿＿＿＿＿＿
＿＿＿＿＿＿＿＿＿＿
＿＿＿＿＿＿＿＿＿＿
＿＿＿＿＿＿＿＿＿＿
＿＿＿＿＿＿＿＿＿＿
＿＿＿＿＿＿＿＿＿＿
＿＿＿＿＿＿＿＿＿＿
＿＿＿■■□＿＿＿＿
＿＿＿■■□□＿＿＿
＿＿＿□□□□□＿＿
＿＿＿□＿＿＿□＿＿
＿＿＿□＿□□□□＿
＿＿□□□□□□□＿
＿□□□□＿□□□□
□□□□□□＿□□□
□□□□□□□＿□□
00:27:28(49453f):field(49452f)
＿＿＿＿＿＿＿＿＿＿
＿＿＿＿＿＿＿＿＿＿
＿＿＿＿＿＿＿＿＿＿
＿＿＿＿＿＿＿＿＿＿
＿＿＿＿＿＿＿＿＿＿
＿＿＿＿＿＿＿＿＿＿
＿＿＿＿＿＿＿＿＿＿
＿＿＿＿＿＿＿＿＿＿
＿＿＿＿＿＿＿＿＿＿
＿＿＿＿＿＿＿＿＿＿
＿＿＿＿＿＿＿＿＿＿
＿＿＿□□□＿＿＿＿
＿＿＿□□□□＿＿＿
＿＿＿□□□□□＿＿
＿＿＿□＿＿＿□＿＿
＿■■□＿□□□□＿
■■□□□□□□□＿
＿□□□□＿□□□□
□□□□□□＿□□□
□□□□□□□＿□□
00:27:28(49468f):field(49467f)
＿＿＿＿＿＿＿＿＿＿
＿＿＿＿＿＿＿＿＿＿
＿＿＿＿＿＿＿＿＿＿
＿＿＿＿＿＿＿＿＿＿
＿＿＿＿＿＿＿＿＿＿
＿＿＿＿＿＿＿＿＿＿
＿＿＿＿＿＿＿＿＿＿
＿＿＿＿＿＿＿＿＿＿
＿＿＿＿＿＿＿＿＿＿
＿＿＿＿＿＿＿＿＿＿
＿＿＿＿＿＿＿＿＿＿
＿＿＿□□□＿＿＿＿
＿＿＿□□□□＿＿＿
＿■＿□□□□□＿＿
■■＿□＿＿＿□＿＿
■□□□＿□□□□＿
□□□□□□□□□＿
＿□□□□＿□□□□
□□□□□□＿□□□
□□□□□□□＿□□
00:27:29(49481f):field(49480f)
＿＿＿＿＿＿＿＿＿＿
＿＿＿＿＿＿＿＿＿＿
＿＿＿＿＿＿＿＿＿＿
＿＿＿＿＿＿＿＿＿＿
＿＿＿＿＿＿＿＿＿＿
＿＿＿＿＿＿＿＿＿＿
＿＿＿＿＿＿＿＿＿＿
＿＿＿＿＿＿＿＿＿＿
＿＿＿＿＿＿＿＿＿＿
＿＿＿＿＿＿＿＿＿＿
＿＿＿＿＿＿＿＿＿＿
＿＿■□□□＿＿＿＿
＿＿■□□□□＿＿＿
＿□■□□□□□＿＿
□□■□＿＿＿□＿＿
□□□□＿□□□□＿
□□□□□□□□□＿
＿□□□□＿□□□□
□□□□□□＿□□□
□□□□□□□＿□□
00:27:29(49496f):field(49495f)
＿＿＿＿＿＿＿＿＿＿
＿＿＿＿＿＿＿＿＿＿
＿＿＿＿＿＿＿＿＿＿
＿＿＿＿＿＿＿＿＿＿
＿＿＿＿＿＿＿＿＿＿
＿＿＿＿＿＿＿＿＿＿
＿＿＿＿＿＿＿＿＿＿
＿＿＿＿＿＿＿＿＿＿
＿＿＿＿＿＿＿＿＿＿
＿＿＿＿＿＿＿＿＿＿
＿＿＿＿＿＿＿＿＿＿
＿＿◆◆◆◆＿＿＿＿
＿＿□□□□◆＿＿＿
＿◆□□□□□◆＿＿
◆□□□■■■□＿＿
□□□□＿◆◆□□■
□□□□◆□□□□■
＿□□□□＿□□□□
□□□□□□■□□□
□□□□□□□＿□□
00:27:30(49511f):field(49510f)
＿＿＿＿＿＿＿＿＿＿
＿＿＿＿＿＿＿＿＿＿
＿＿＿＿＿＿＿＿＿＿
＿＿＿＿＿＿＿＿＿＿
＿＿＿＿＿＿＿＿＿＿
＿＿＿＿＿＿＿＿＿＿
＿＿＿＿＿＿＿＿＿＿
＿＿＿＿＿＿＿＿＿＿
＿＿＿＿＿＿＿＿＿＿
＿＿＿＿＿＿＿＿＿＿
＿＿＿＿＿＿＿＿＿＿
＿＿＿＿＿＿＿＿＿＿
＿＿□□□□＿＿＿■
＿＿□□□□□＿＿■
＿□□□□□□□■■
□□□□＿＿＿□□□
□□□□＿□□□□□
＿□□□□＿□□□□
□□□□□□◆□□□
□□□□□□□＿□□
00:27:30(49523f):field(49522f)
＿＿＿＿＿＿＿＿＿＿
＿＿＿＿＿＿＿＿＿＿
＿＿＿＿＿＿＿＿＿＿
＿＿＿＿＿＿＿＿＿＿
＿＿＿＿＿＿＿＿＿＿
＿＿＿＿＿＿＿＿＿＿
＿＿＿＿＿＿＿＿＿＿
＿＿＿＿＿＿＿＿＿＿
＿＿＿＿＿＿＿＿＿＿
＿＿＿＿＿＿＿＿＿＿
＿＿＿＿＿＿＿＿＿＿
＿＿＿＿＿＿＿＿＿＿
＿＿□□□□＿■■□
＿＿□□□□□■■□
＿□□□□□□□□□
□□□□＿＿＿□□□
□□□□＿□□□□□
＿□□□□＿□□□□
□□□□□□＿□□□
□□□□□□□＿□□
00:27:31(49536f):field(49535f)
＿＿＿＿＿＿＿＿＿＿
＿＿＿＿＿＿＿＿＿＿
＿＿＿＿＿＿＿＿＿＿
＿＿＿＿＿＿＿＿＿＿
＿＿＿＿＿＿＿＿＿＿
＿＿＿＿＿＿＿＿＿＿
＿＿＿＿＿＿＿＿＿＿
＿＿＿＿＿＿＿＿＿＿
＿＿＿＿＿＿＿＿＿＿
＿＿＿＿＿＿＿＿＿＿
＿＿＿＿＿＿＿＿＿＿
＿＿＿＿＿■■■＿＿
＿＿□□□□■□□□
＿＿□□□□□□□□
＿□□□□□□□□□
□□□□＿＿＿□□□
□□□□＿□□□□□
＿□□□□＿□□□□
□□□□□□＿□□□
□□□□□□□＿□□
00:27:31(49549f):field(49548f)
＿＿＿＿＿＿＿＿＿＿
＿＿＿＿＿＿＿＿＿＿
＿＿＿＿＿＿＿＿＿＿
＿＿＿＿＿＿＿＿＿＿
＿＿＿＿＿＿＿＿＿＿
＿＿＿＿＿＿＿＿＿＿
＿＿＿＿＿＿＿＿＿＿
＿＿＿＿＿＿＿＿＿＿
＿＿＿＿＿＿＿＿＿＿
＿＿＿＿＿＿＿＿＿＿
＿＿＿＿■■＿＿＿＿
＿＿＿■■□□□＿＿
＿＿□□□□□□□□
＿＿□□□□□□□□
＿□□□□□□□□□
□□□□＿＿＿□□□
□□□□＿□□□□□
＿□□□□＿□□□□
□□□□□□＿□□□
□□□□□□□＿□□
00:27:32(49563f):field(49562f)
＿＿＿＿＿＿＿＿＿＿
＿＿＿＿＿＿＿＿＿＿
＿＿＿＿＿＿＿＿＿＿
＿＿＿＿＿＿＿＿＿＿
＿＿＿＿＿＿＿＿＿＿
＿＿＿＿＿＿＿＿＿＿
＿＿＿＿＿＿＿＿＿＿
＿＿＿＿＿＿＿＿＿＿
＿＿＿＿＿＿＿＿＿＿
＿＿＿＿＿＿＿＿＿＿
＿＿＿＿◆◆＿＿＿＿
＿＿＿◆□□◆◆＿＿
■＿◆□□□□□◆◆
■■□□□□□□□□
■◆□□□□□□□□
□□□□＿＿＿□□□
□□□□＿□□□□□
＿□□□□＿□□□□
□□□□□□＿□□□
□□□□□□□＿□□
00:27:32(49578f):field(49577f)
＿＿＿＿＿＿＿＿＿＿
＿＿＿＿＿＿＿＿＿＿
＿＿＿＿＿＿＿＿＿＿
＿＿＿＿＿＿＿＿＿＿
＿＿＿＿＿＿＿＿＿＿
＿＿＿＿＿＿＿＿＿＿
＿＿＿＿＿＿＿＿＿＿
＿＿＿＿＿＿＿＿＿＿
＿＿＿＿＿＿＿＿＿＿
＿＿＿＿＿＿＿＿＿＿
＿＿＿＿＿＿＿＿＿＿
＿＿＿＿□□＿■■＿
□＿＿□□□□□■■
□◆□□□□□□□□
□＿□□□□□□□□
□□□□＿＿＿□□□
□□□□＿□□□□□
＿□□□□＿□□□□
□□□□□□＿□□□
□□□□□□□＿□□
00:27:33(49591f):field(49590f)
＿＿＿＿＿＿＿＿＿＿
＿＿＿＿＿＿＿＿＿＿
＿＿＿＿＿＿＿＿＿＿
＿＿＿＿＿＿＿＿＿＿
＿＿＿＿＿＿＿＿＿＿
＿＿＿＿＿＿＿＿＿＿
＿＿＿＿＿＿＿＿＿＿
＿＿＿＿＿＿＿＿＿＿
＿＿＿＿＿＿＿＿＿＿
＿＿＿＿＿＿＿＿＿＿
＿＿＿＿＿＿＿＿＿＿
＿＿＿■◆◆＿◆◆＿
□■＿◆◆◆□□◆□
◆＿□□□◆◆□□◆
◆＿□□□□◆□□◆
□□□□＿■＿□□□
□□□□＿□□□□□
＿□□□□＿□□□□
□□□□□□＿□□□
□□□□□□□＿□□
00:27:33(49610f):field(49609f)
＿＿＿＿＿＿＿＿＿＿
＿＿＿＿＿＿＿＿＿＿
＿＿＿＿＿＿＿＿＿＿
＿＿＿＿＿＿＿＿＿＿
＿＿＿＿＿＿＿＿＿＿
＿＿＿＿＿＿＿＿＿＿
＿＿＿＿＿＿＿＿＿＿
＿＿＿＿＿＿＿＿＿＿
＿＿＿＿＿＿＿＿＿＿
＿＿＿＿＿＿＿＿＿＿
＿＿＿＿＿＿＿＿＿＿
＿＿＿◆＿＿＿＿＿＿
◆◆＿＿＿＿◆◆＿◆
＿■◆◆◆＿＿◆◆＿
■■□◆□□＿□□＿
□□□□＿◆＿□□□
□□□□＿□□□□□
＿□□□□＿□□□□
□□□□□□＿□□□
□□□□□□□＿□□
00:27:34(49623f):field(49622f)
＿＿＿＿＿＿＿＿＿＿
＿＿＿＿＿＿＿＿＿＿
＿＿＿＿＿＿＿＿＿＿
＿＿＿＿＿＿＿＿＿＿
＿＿＿＿＿＿＿＿＿＿
＿＿＿＿＿＿＿＿＿＿
＿＿＿＿＿＿＿＿＿＿
＿＿＿＿＿＿＿＿＿＿
＿＿＿＿＿＿＿＿＿＿
＿＿＿＿＿＿＿＿＿＿
＿＿＿＿＿＿＿＿＿＿
＿＿＿＿＿＿＿＿＿＿
＿＿■＿＿＿＿＿＿＿
＿□■■＿＿＿＿＿＿
□□□■□□＿□□＿
□□□□＿＿＿□□□
□□□□＿□□□□□
＿□□□□＿□□□□
□□□□□□＿□□□
□□□□□□□＿□□
00:27:34(49637f):field(49636f)
＿＿＿＿＿＿＿＿＿＿
＿＿＿＿＿＿＿＿＿＿
＿＿＿＿＿＿＿＿＿＿
＿＿＿＿＿＿＿＿＿＿
＿＿＿＿＿＿＿＿＿＿
＿＿＿＿＿＿＿＿＿＿
＿＿＿＿＿＿＿＿＿＿
＿＿＿＿＿＿＿＿＿＿
＿＿＿＿＿＿＿＿＿＿
＿＿＿＿＿＿＿＿＿＿
＿＿＿＿＿＿＿＿＿＿
＿＿＿＿＿＿＿＿＿＿
＿＿□＿＿＿■＿＿＿
＿□□□＿＿■＿＿＿
□□□□□□■□□＿
□□□□＿＿■□□□
□□□□＿□□□□□
＿□□□□＿□□□□
□□□□□□＿□□□
□□□□□□□＿□□
00:27:34(49649f):field(49648f)
＿＿＿＿＿＿＿＿＿＿
＿＿＿＿＿＿＿＿＿＿
＿＿＿＿＿＿＿＿＿＿
＿＿＿＿＿＿＿＿＿＿
＿＿＿＿＿＿＿＿＿＿
＿＿＿＿＿＿＿＿＿＿
＿＿＿＿＿＿＿＿＿＿
＿＿＿＿＿＿＿＿＿＿
＿＿＿＿＿＿＿＿＿＿
＿＿＿＿＿＿＿＿＿＿
＿＿＿＿＿＿＿＿＿＿
＿＿＿＿＿＿＿＿＿＿
＿＿□■■＿□＿＿＿
＿□□□■■□＿＿＿
□□□□□□□□□＿
□□□□＿＿□□□□
□□□□＿□□□□□
＿□□□□＿□□□□
□□□□□□＿□□□
□□□□□□□＿□□
00:27:35(49663f):field(49662f)
＿＿＿＿＿＿＿＿＿＿
＿＿＿＿＿＿＿＿＿＿
＿＿＿＿＿＿＿＿＿＿
＿＿＿＿＿＿＿＿＿＿
＿＿＿＿＿＿＿＿＿＿
＿＿＿＿＿＿＿＿＿＿
＿＿＿＿＿＿＿＿＿＿
＿＿＿＿＿＿＿＿＿＿
＿＿＿＿＿＿＿＿＿＿
＿＿＿＿＿＿＿＿＿＿
＿＿＿＿■＿＿＿＿＿
＿＿■■■＿＿＿＿＿
＿＿□□□＿□＿＿＿
＿□□□□□□＿＿＿
□□□□□□□□□＿
□□□□＿＿□□□□
□□□□＿□□□□□
＿□□□□＿□□□□
□□□□□□＿□□□
□□□□□□□＿□□
00:27:35(49677f):field(49676f)
＿＿＿＿＿＿＿＿＿＿
＿＿＿＿＿＿＿＿＿＿
＿＿＿＿＿＿＿＿＿＿
＿＿＿＿＿＿＿＿＿＿
＿＿＿＿＿＿＿＿＿＿
＿＿＿＿＿＿＿＿＿＿
＿＿＿＿＿＿＿＿＿＿
＿＿＿＿＿＿＿＿＿＿
＿＿＿＿＿＿＿＿＿＿
＿＿＿＿＿＿＿＿＿＿
＿＿＿＿◆＿＿＿＿＿
＿＿◆◆□＿＿＿＿＿
＿＿□□□＿◆＿＿＿
＿◆□□□◆□＿＿＿
◆□□□□□□□□■
□□□□＿＿□□□□
□□□□＿□□□□□
＿□□□□＿□□□□
□□□□□□＿□□□
□□□□□□□＿□□
00:27:36(49691f):field(49690f)
＿＿＿＿＿＿＿＿＿＿
＿＿＿＿＿＿＿＿＿＿
＿＿＿＿＿＿＿＿＿＿
＿＿＿＿＿＿＿＿＿＿
＿＿＿＿＿＿＿＿＿＿
＿＿＿＿＿＿＿＿＿＿
＿＿＿＿＿＿＿＿＿＿
＿＿＿＿＿＿＿＿＿＿
＿＿＿＿＿＿＿＿＿＿
＿＿＿＿＿＿＿＿＿＿
＿＿＿＿＿＿＿＿＿＿
＿＿＿＿◆＿＿＿＿＿
＿＿◆◆□＿＿＿＿＿
■＿□□□＿◆■＿＿
■□□□□□□◆□◆
□□□□＿＿□□□□
□□□□＿□□□□□
＿□□□□＿□□□□
□□□□□□＿□□□
□□□□□□□＿□□
00:27:36(49703f):field(49702f)
＿＿＿＿＿＿＿＿＿＿
＿＿＿＿＿＿＿＿＿＿
＿＿＿＿＿＿＿＿＿＿
＿＿＿＿＿＿＿＿＿＿
＿＿＿＿＿＿＿＿＿＿
＿＿＿＿＿＿＿＿＿＿
＿＿＿＿＿＿＿＿＿＿
＿＿＿＿＿＿＿＿＿＿
＿＿＿＿＿＿＿＿＿＿
＿＿＿＿＿＿＿＿＿＿
＿＿＿＿＿＿＿＿＿＿
＿＿＿＿＿＿＿＿＿＿
＿＿＿＿□■＿＿＿＿
□＿□□□■＿◆＿＿
□□□□□□□＿◆＿
□□□□＿■□□□□
□□□□＿□□□□□
＿□□□□＿□□□□
□□□□□□＿□□□
□□□□□□□＿□□
00:27:37(49719f):field(49718f)
＿＿＿＿＿＿＿＿＿＿
＿＿＿＿＿＿＿＿＿＿
＿＿＿＿＿＿＿＿＿＿
＿＿＿＿＿＿＿＿＿＿
＿＿＿＿＿＿＿＿＿＿
＿＿＿＿＿＿＿＿＿＿
＿＿＿＿＿＿＿＿＿＿
＿＿＿＿＿＿＿＿＿＿
＿＿＿＿＿＿＿＿＿＿
＿＿＿＿＿＿＿＿＿＿
＿＿＿＿＿＿＿＿＿＿
＿＿＿＿＿＿＿＿＿＿
＿＿＿＿□□＿＿＿＿
□＿□□□□■■＿＿
□□□□□□□■■＿
□□□□＿□□□□□
□□□□＿□□□□□
＿□□□□＿□□□□
□□□□□□＿□□□
□□□□□□□＿□□
00:27:37(49732f):field(49731f)
＿＿＿＿＿＿＿＿＿＿
＿＿＿＿＿＿＿＿＿＿
＿＿＿＿＿＿＿＿＿＿
＿＿＿＿＿＿＿＿＿＿
＿＿＿＿＿＿＿＿＿＿
＿＿＿＿＿＿＿＿＿＿
＿＿＿＿＿＿＿＿＿＿
＿＿＿＿＿＿＿＿＿＿
＿＿＿＿＿＿＿＿＿＿
＿＿＿＿＿＿＿＿＿＿
＿＿＿＿■■＿＿＿＿
＿＿＿＿■■＿＿＿＿
＿＿＿＿□□＿＿＿＿
□＿□□□□□□＿＿
□□□□□□□□□＿
□□□□＿□□□□□
□□□□＿□□□□□
＿□□□□＿□□□□
□□□□□□＿□□□
□□□□□□□＿□□
00:27:38(49746f):field(49745f)
＿＿＿＿＿＿＿＿＿＿
＿＿＿＿＿＿＿＿＿＿
＿＿＿＿＿＿＿＿＿＿
＿＿＿＿＿＿＿＿＿＿
＿＿＿＿＿＿＿＿＿＿
＿＿＿＿＿＿＿＿＿＿
＿＿＿＿＿＿＿＿＿＿
＿＿＿＿＿＿＿＿＿＿
＿＿＿＿＿＿＿＿＿＿
＿＿＿＿＿＿＿＿＿＿
＿＿＿＿□□＿＿＿＿
■＿＿＿□□＿＿＿＿
■■＿＿□□＿＿＿＿
□■□□□□□□＿＿
□□□□□□□□□＿
□□□□＿□□□□□
□□□□＿□□□□□
＿□□□□＿□□□□
□□□□□□＿□□□
□□□□□□□＿□□
00:27:38(49761f):field(49760f)
＿＿＿＿＿＿＿＿＿＿
＿＿＿＿＿＿＿＿＿＿
＿＿＿＿＿＿＿＿＿＿
＿＿＿＿＿＿＿＿＿＿
＿＿＿＿＿＿＿＿＿＿
＿＿＿＿＿＿＿＿＿＿
＿＿＿＿＿＿＿＿＿＿
＿＿＿＿＿＿＿＿＿＿
＿＿＿＿＿＿＿＿＿＿
＿＿＿＿＿＿＿＿＿＿
＿＿＿■□□＿＿＿＿
□＿＿■□□＿＿＿＿
□□■■□□＿＿＿＿
□□□□□□□□＿＿
□□□□□□□□□＿
□□□□＿□□□□□
□□□□＿□□□□□
＿□□□□＿□□□□
□□□□□□＿□□□
□□□□□□□＿□□
00:27:39(49775f):field(49774f)
＿＿＿＿＿＿＿＿＿＿
＿＿＿＿＿＿＿＿＿＿
＿＿＿＿＿＿＿＿＿＿
＿＿＿＿＿＿＿＿＿＿
＿＿＿＿＿＿＿＿＿＿
＿＿＿＿＿＿＿＿＿＿
＿＿＿＿＿＿＿＿＿＿
＿＿＿＿＿＿＿＿＿＿
＿＿＿＿＿＿＿＿＿＿
＿＿＿＿＿＿＿＿＿＿
＿＿＿□□□＿＿＿＿
□＿＿□□□＿＿■＿
□□□□□□＿■■＿
□□□□□□□□■＿
□□□□□□□□□＿
□□□□＿□□□□□
□□□□＿□□□□□
＿□□□□＿□□□□
□□□□□□＿□□□
□□□□□□□＿□□
00:27:39(49797f):field(49796f)
＿＿＿＿＿＿＿＿＿＿
＿＿＿＿＿＿＿＿＿＿
＿＿＿＿＿＿＿＿＿＿
＿＿＿＿＿＿＿＿＿＿
＿＿＿＿＿＿＿＿＿＿
＿＿＿＿＿＿＿＿＿＿
＿＿＿＿＿＿＿＿＿＿
＿＿＿＿＿＿＿＿＿＿
＿＿＿＿＿＿＿＿＿＿
＿＿＿＿＿＿＿＿＿＿
■■＿□□□＿＿＿＿
□■■□□□＿＿□＿
□□□□□□＿□□＿
□□□□□□□□□＿
□□□□□□□□□＿
□□□□＿□□□□□
□□□□＿□□□□□
＿□□□□＿□□□□
□□□□□□＿□□□
□□□□□□□＿□□
00:27:40(49811f):field(49810f)
＿＿＿＿＿＿＿＿＿＿
＿＿＿＿＿＿＿＿＿＿
＿＿＿＿＿＿＿＿＿＿
＿＿＿＿＿＿＿＿＿＿
＿＿＿＿＿＿＿＿＿＿
＿＿＿＿＿＿＿＿＿＿
＿＿＿＿＿＿＿＿＿＿
＿＿＿＿＿＿＿＿＿＿
＿＿＿＿＿＿＿＿＿＿
＿＿■■■＿＿＿＿＿
□□■□□□＿＿＿＿
□□□□□□＿＿□＿
□□□□□□＿□□＿
□□□□□□□□□＿
□□□□□□□□□＿
□□□□＿□□□□□
□□□□＿□□□□□
＿□□□□＿□□□□
□□□□□□＿□□□
□□□□□□□＿□□
00:27:40(49825f):field(49824f)
＿＿＿＿＿＿＿＿＿＿
＿＿＿＿＿＿＿＿＿＿
＿＿＿＿＿＿＿＿＿＿
＿＿＿＿＿＿＿＿＿＿
＿＿＿＿＿＿＿＿＿＿
＿＿＿＿＿＿＿＿＿＿
＿＿＿＿＿＿＿＿＿＿
＿＿＿＿＿＿＿＿＿＿
＿＿＿＿＿＿＿＿＿＿
＿＿□□□＿■＿＿＿
□□□□□□■＿＿＿
□□□□□□■＿□＿
□□□□□□■□□＿
□□□□□□□□□＿
□□□□□□□□□＿
□□□□＿□□□□□
□□□□＿□□□□□
＿□□□□＿□□□□
□□□□□□＿□□□
□□□□□□□＿□□
00:27:41(49839f):field(49838f)
＿＿＿＿＿＿＿＿＿＿
＿＿＿＿＿＿＿＿＿＿
＿＿＿＿＿＿＿＿＿＿
＿＿＿＿＿＿＿＿＿＿
＿＿＿＿＿＿＿＿＿＿
＿＿＿＿＿＿＿＿＿＿
＿＿＿＿＿＿＿＿＿＿
＿＿＿＿■＿＿＿＿＿
＿＿＿＿■■＿＿＿＿
＿＿□□□■□＿＿＿
□□□□□□□＿＿＿
□□□□□□□＿□＿
□□□□□□□□□＿
□□□□□□□□□＿
□□□□□□□□□＿
□□□□＿□□□□□
□□□□＿□□□□□
＿□□□□＿□□□□
□□□□□□＿□□□
□□□□□□□＿□□
00:27:41(49853f):field(49852f)
＿＿＿＿＿＿＿＿＿＿
＿＿＿＿＿＿＿＿＿＿
＿＿＿＿＿＿＿＿＿＿
＿＿＿＿＿＿＿＿＿＿
＿＿＿＿＿＿＿＿＿＿
＿＿＿＿＿＿＿＿＿＿
＿＿＿■■＿＿＿＿＿
＿＿＿■□＿＿＿＿＿
＿＿＿■□□＿＿＿＿
＿＿□□□□□＿＿＿
□□□□□□□＿＿＿
□□□□□□□＿□＿
□□□□□□□□□＿
□□□□□□□□□＿
□□□□□□□□□＿
□□□□＿□□□□□
□□□□＿□□□□□
＿□□□□＿□□□□
□□□□□□＿□□□
□□□□□□□＿□□
00:27:42(49867f):field(49866f)
＿＿＿＿＿＿＿＿＿＿
＿＿＿＿＿＿＿＿＿＿
＿＿＿＿＿＿＿＿＿＿
＿＿＿＿＿＿＿＿＿＿
＿＿＿＿＿＿＿＿＿＿
＿＿＿＿＿＿＿＿＿＿
＿＿＿□□＿＿＿＿＿
＿＿＿□□＿＿＿＿＿
＿＿＿□□□＿＿＿＿
＿＿□□□□□＿■＿
□□□□□□□■■＿
□□□□□□□■□＿
□□□□□□□□□＿
□□□□□□□□□＿
□□□□□□□□□＿
□□□□＿□□□□□
□□□□＿□□□□□
＿□□□□＿□□□□
□□□□□□＿□□□
□□□□□□□＿□□
00:27:42(49881f):field(49880f)
＿＿＿＿＿＿＿＿＿＿
＿＿＿＿＿＿＿＿＿＿
＿＿＿＿＿＿＿＿＿＿
＿＿＿＿＿＿＿＿＿＿
＿＿＿＿＿＿＿＿＿＿
＿＿＿＿＿＿＿＿＿＿
＿＿＿□□＿＿＿＿＿
＿＿＿□□＿＿＿＿＿
＿＿＿□□□■■■＿
＿＿□□□□□■□＿
□□□□□□□□□＿
□□□□□□□□□＿
□□□□□□□□□＿
□□□□□□□□□＿
□□□□□□□□□＿
□□□□＿□□□□□
□□□□＿□□□□□
＿□□□□＿□□□□
□□□□□□＿□□□
□□□□□□□＿□□
00:27:43(49896f):field(49895f)
＿＿＿＿＿＿＿＿＿＿
＿＿＿＿＿＿＿＿＿＿
＿＿＿＿＿＿＿＿＿＿
＿＿＿＿＿＿＿＿＿＿
＿＿＿＿＿＿＿＿＿＿
＿＿＿＿＿＿＿＿＿＿
＿＿＿□□■■＿＿＿
＿＿＿□□■■＿＿＿
＿＿＿□□□□□□＿
＿＿□□□□□□□＿
□□□□□□□□□＿
□□□□□□□□□＿
□□□□□□□□□＿
□□□□□□□□□＿
□□□□□□□□□＿
□□□□＿□□□□□
□□□□＿□□□□□
＿□□□□＿□□□□
□□□□□□＿□□□
□□□□□□□＿□□
00:27:43(49908f):field(49907f)
＿＿＿＿＿＿＿＿＿＿
＿＿＿＿＿＿＿＿＿＿
＿＿＿＿＿＿＿＿＿＿
＿＿＿＿＿＿＿＿＿＿
＿＿＿＿＿＿＿＿＿＿
＿＿＿＿＿＿＿＿＿＿
＿＿＿□□□□＿＿＿
＿＿＿□□□□＿＿＿
＿■■□□□□□□＿
■■□□□□□□□＿
□□□□□□□□□＿
□□□□□□□□□＿
□□□□□□□□□＿
□□□□□□□□□＿
□□□□□□□□□＿
□□□□＿□□□□□
□□□□＿□□□□□
＿□□□□＿□□□□
□□□□□□＿□□□
□□□□□□□＿□□
00:27:44(49922f):field(49921f)
＿＿＿＿＿＿＿＿＿＿
＿＿＿＿＿＿＿＿＿＿
＿＿＿＿＿＿＿＿＿＿
＿＿＿＿＿＿＿＿＿＿
＿＿＿＿＿＿＿＿＿＿
＿＿＿＿＿＿＿＿＿＿
＿＿＿□□□□＿＿＿
■■■□□□□＿＿＿
■□□□□□□□□＿
□□□□□□□□□＿
□□□□□□□□□＿
□□□□□□□□□＿
□□□□□□□□□＿
□□□□□□□□□＿
□□□□□□□□□＿
□□□□＿□□□□□
□□□□＿□□□□□
＿□□□□＿□□□□
□□□□□□＿□□□
□□□□□□□＿□□
00:27:44(49937f):field(49936f)
＿＿＿＿＿＿＿＿＿＿
＿＿＿＿＿＿＿＿＿＿
＿＿＿＿＿＿＿＿＿＿
＿＿＿＿＿＿＿＿＿＿
＿＿＿■■＿＿＿＿＿
＿＿＿＿■■＿＿＿＿
＿＿＿□□□□＿＿＿
□□□□□□□＿＿＿
□□□□□□□□□＿
□□□□□□□□□＿
□□□□□□□□□＿
□□□□□□□□□＿
□□□□□□□□□＿
□□□□□□□□□＿
□□□□□□□□□＿
□□□□＿□□□□□
□□□□＿□□□□□
＿□□□□＿□□□□
□□□□□□＿□□□
□□□□□□□＿□□
00:27:45(49951f):field(49950f)
＿＿＿＿＿＿＿＿＿＿
＿＿＿＿＿＿＿＿＿＿
＿＿＿＿＿＿＿＿＿＿
＿＿＿＿＿＿＿＿＿＿
＿＿＿◆◆＿＿＿＿＿
＿＿＿＿◆◆＿＿＿＿
＿＿＿◆◆◆◆＿＿＿
◆◆◆◆◆◆◆＿＿＿
◆◆◆□□◆◆◆◆＿
◆◆◆◆□□◆◆◆＿
□◆□□□□□◆◆＿
□□□□□□□□◆■
□□□□□□□□□＿
□□□□□□□□□■
□□□□□□□□□＿
□□□□■□□□□□
□□□□＿□□□□□
＿□□□□＿□□□□
□□□□□□＿□□□
□□□□□□□＿□□
00:27:45(49967f):field(49966f)
＿＿＿＿＿＿＿＿＿＿
＿＿＿＿＿＿＿＿＿＿
＿＿＿＿＿＿＿＿＿＿
＿＿＿＿＿＿＿＿＿＿
＿＿＿＿＿＿＿＿＿＿
＿＿＿＿＿＿＿＿＿＿
＿＿＿＿＿＿＿＿＿＿
＿＿＿＿＿＿＿＿＿＿
＿＿＿□□＿＿＿＿＿
＿＿＿＿□□＿＿＿＿
◆＿◆□□□□■■＿
□□□□□□□□■◆
□□□□□□□□□＿
□□□□□□□□□◆
□□□□□□□□□＿
□□□□◆□□□□□
□□□□＿□□□□□
＿□□□□＿□□□□
□□□□□□＿□□□
□□□□□□□＿□□
00:27:46(49981f):field(49980f)
＿＿＿＿＿＿＿＿＿＿
＿＿＿＿＿＿＿＿＿＿
＿＿＿＿＿＿＿＿＿＿
＿＿＿＿＿＿＿＿＿＿
＿＿＿＿＿＿＿＿＿＿
＿＿＿＿＿＿＿＿＿＿
＿＿＿＿＿＿＿＿＿＿
＿＿＿＿＿＿＿＿＿＿
＿＿＿□□＿＿＿＿＿
＿＿■■□□＿＿＿＿
＿■■□□□□□□＿
□□□□□□□□□＿
□□□□□□□□□＿
□□□□□□□□□＿
□□□□□□□□□＿
□□□□＿□□□□□
□□□□＿□□□□□
＿□□□□＿□□□□
□□□□□□＿□□□
□□□□□□□＿□□
00:27:46(49994f):field(49993f)
＿＿＿＿＿＿＿＿＿＿
＿＿＿＿＿＿＿＿＿＿
＿＿＿＿＿＿＿＿＿＿
＿＿＿＿＿＿＿＿＿＿
＿＿＿＿＿＿＿＿＿＿
＿＿＿＿＿＿＿＿＿＿
＿＿＿＿＿＿＿＿＿＿
＿＿＿■■■＿＿＿＿
＿＿＿□□■＿＿＿＿
＿＿□□□□＿＿＿＿
＿□□□□□□□□＿
□□□□□□□□□＿
□□□□□□□□□＿
□□□□□□□□□＿
□□□□□□□□□＿
□□□□＿□□□□□
□□□□＿□□□□□
＿□□□□＿□□□□
□□□□□□＿□□□
□□□□□□□＿□□
00:27:47(50010f):field(50009f)
＿＿＿＿＿＿＿＿＿＿
＿＿＿＿＿＿＿＿＿＿
＿＿＿＿＿＿＿＿＿＿
＿＿＿＿＿＿＿＿＿＿
＿＿＿＿＿＿＿＿＿＿
＿＿＿＿＿＿＿＿＿＿
＿＿＿＿＿＿＿＿＿＿
＿＿＿□□□＿＿＿＿
＿＿＿□□□■■＿＿
＿＿□□□□■■＿＿
＿□□□□□□□□＿
□□□□□□□□□＿
□□□□□□□□□＿
□□□□□□□□□＿
□□□□□□□□□＿
□□□□＿□□□□□
□□□□＿□□□□□
＿□□□□＿□□□□
□□□□□□＿□□□
□□□□□□□＿□□
00:27:47(50024f):field(50023f)
＿＿＿＿＿＿＿＿＿＿
＿＿＿＿＿＿＿＿＿＿
＿＿＿＿＿＿＿＿＿＿
＿＿＿＿＿＿＿＿＿＿
＿＿＿＿＿＿＿＿＿＿
＿＿＿＿＿■＿＿＿＿
＿＿＿■■■＿＿＿＿
＿＿＿□□□＿＿＿＿
＿＿＿□□□□□＿＿
＿＿□□□□□□＿＿
＿□□□□□□□□＿
□□□□□□□□□＿
□□□□□□□□□＿
□□□□□□□□□＿
□□□□□□□□□＿
□□□□＿□□□□□
□□□□＿□□□□□
＿□□□□＿□□□□
□□□□□□＿□□□
□□□□□□□＿□□
00:27:47(50037f):field(50036f)
＿＿＿＿＿＿＿＿＿＿
＿＿＿＿＿＿＿＿＿＿
＿＿＿＿＿＿＿＿＿＿
＿＿＿＿＿＿＿＿＿＿
＿＿＿＿＿＿＿＿＿＿
＿＿＿＿＿□＿＿＿＿
＿＿＿□□□＿＿＿＿
＿＿＿□□□＿＿＿＿
＿■＿□□□□□＿＿
■■□□□□□□＿＿
■□□□□□□□□＿
□□□□□□□□□＿
□□□□□□□□□＿
□□□□□□□□□＿
□□□□□□□□□＿
□□□□＿□□□□□
□□□□＿□□□□□
＿□□□□＿□□□□
□□□□□□＿□□□
□□□□□□□＿□□
00:27:48(50049f):field(50048f)
＿＿＿＿＿＿＿＿＿＿
＿＿＿＿＿＿＿＿＿＿
＿＿＿＿＿＿＿＿＿＿
＿＿＿＿＿＿＿＿＿＿
＿＿＿＿＿＿＿＿＿＿
＿＿＿＿＿◆＿＿＿＿
＿＿＿◆◆◆＿＿＿＿
＿＿＿◆◆◆＿＿＿＿
＿◆＿◆◆◆◆◆＿＿
◆◆◆◆◆□◆◆＿＿
◆□◆□□□◆◆◆＿
◆◆□□□□◆◆◆＿
□□□□□□□□□■
□□□□□□□□□■
□□□□□□□□□■
□□□□■□□□□□
□□□□＿□□□□□
＿□□□□＿□□□□
□□□□□□＿□□□
□□□□□□□＿□□
00:27:48(50062f):field(50061f)
＿＿＿＿＿＿＿＿＿＿
＿＿＿＿＿＿＿＿＿＿
＿＿＿＿＿＿＿＿＿＿
＿＿＿＿＿＿＿＿＿＿
＿＿＿＿＿＿＿＿＿＿
＿＿＿＿＿＿＿＿＿＿
＿＿＿＿＿＿＿＿＿＿
＿＿＿＿＿＿＿＿＿＿
＿＿＿＿■■＿＿＿＿
＿＿＿■■□＿＿＿＿
＿◆＿□□□＿＿＿＿
＿＿◆□□□＿＿＿＿
◆□◆□□□□□◆◆
□□□□□□□□◆◆
□□□□□□□□□◆
□□□□◆□□□□□
□□□□＿□□□□□
＿□□□□＿□□□□
□□□□□□＿□□□
□□□□□□□＿□□
00:27:49(50079f):field(50078f)
＿＿＿＿＿＿＿＿＿＿
＿＿＿＿＿＿＿＿＿＿
＿＿＿＿＿＿＿＿＿＿
＿＿＿＿＿＿＿＿＿＿
＿＿＿＿＿＿＿＿＿＿
＿＿＿＿＿＿＿＿＿＿
＿＿＿＿＿＿＿＿＿＿
＿＿＿＿＿＿＿＿＿＿
＿＿＿＿◆◆＿＿＿＿
＿＿＿◆□□＿＿＿＿
＿＿＿□□□＿＿＿＿
＿＿＿□□□＿＿＿＿
＿◆＿□□□◆◆＿＿
□□◆□□□□□■■
□□□□□□□□□＿
□□□□■□□□□□
□□□□＿□□□□□
＿□□□□＿□□□□
□□□□□□＿□□□
□□□□□□□＿□□
00:27:49(50096f):field(50095f)
＿＿＿＿＿＿＿＿＿＿
＿＿＿＿＿＿＿＿＿＿
＿＿＿＿＿＿＿＿＿＿
＿＿＿＿＿＿＿＿＿＿
＿＿＿＿＿＿＿＿＿＿
＿＿＿＿＿＿＿＿＿＿
＿＿＿＿＿＿＿＿＿＿
＿＿＿＿＿＿＿＿＿＿
＿＿＿＿＿＿＿＿＿＿
＿＿＿＿□□＿＿＿＿
＿＿＿□□□＿＿＿＿
■＿＿□□□＿＿＿＿
■■＿□□□＿＿＿＿
□□＿□□□□□□□
□□□□□□□□□＿
□□□□◆□□□□□
□□□□＿□□□□□
＿□□□□＿□□□□
□□□□□□＿□□□
□□□□□□□＿□□
00:27:50(50113f):field(50112f)
＿＿＿＿＿＿＿＿＿＿
＿＿＿＿＿＿＿＿＿＿
＿＿＿＿＿＿＿＿＿＿
＿＿＿＿＿＿＿＿＿＿
＿＿＿＿＿＿＿＿＿＿
＿＿＿＿＿＿＿＿＿＿
＿＿＿＿＿＿＿＿＿＿
＿＿＿＿＿＿＿＿＿＿
＿＿＿＿＿＿＿＿＿＿
＿＿＿＿□□＿＿＿＿
＿＿＿□□□＿＿＿＿
□＿＿□□□■＿＿＿
□□＿□□□■■■＿
□□＿□□□□□□□
□□□□□□□□□＿
□□□□＿□□□□□
□□□□＿□□□□□
＿□□□□＿□□□□
□□□□□□＿□□□
□□□□□□□＿□□
00:27:50(50125f):field(50124f)
＿＿＿＿＿＿＿＿＿＿
＿＿＿＿＿＿＿＿＿＿
＿＿＿＿＿＿＿＿＿＿
＿＿＿＿＿＿＿＿＿＿
＿＿＿＿＿＿＿＿＿＿
＿＿＿＿＿＿＿＿＿＿
＿＿＿＿＿＿＿＿＿＿
＿＿＿＿＿＿＿＿＿＿
＿＿＿＿＿＿＿＿＿＿
＿＿＿＿◆◆＿＿＿＿
＿＿＿◆□□＿＿＿＿
◆＿＿□□□◆＿＿＿
□□■□□□□◆◆■
□□■□□□□□□◆
□□□□□□□□□＿
□□□□■□□□□□
□□□□＿□□□□□
＿□□□□＿□□□□
□□□□□□＿□□□
□□□□□□□＿□□
00:27:51(50144f):field(50143f)
＿＿＿＿＿＿＿＿＿＿
＿＿＿＿＿＿＿＿＿＿
＿＿＿＿＿＿＿＿＿＿
＿＿＿＿＿＿＿＿＿＿
＿＿＿＿＿＿＿＿＿＿
＿＿＿＿＿＿＿＿＿＿
＿＿＿＿＿＿＿＿＿＿
＿＿＿＿＿＿＿＿＿＿
＿＿＿＿＿＿＿＿＿＿
＿＿＿＿＿＿＿＿＿＿
＿＿＿＿□□＿＿＿＿
＿＿＿□□□■■＿＿
□□□□□□□■■◆
□□□□□□□□□＿
□□□□□□□□□＿
□□□□◆□□□□□
□□□□＿□□□□□
＿□□□□＿□□□□
□□□□□□＿□□□
□□□□□□□＿□□
00:27:51(50156f):field(50155f)
＿＿＿＿＿＿＿＿＿＿
＿＿＿＿＿＿＿＿＿＿
＿＿＿＿＿＿＿＿＿＿
＿＿＿＿＿＿＿＿＿＿
＿＿＿＿＿＿＿＿＿＿
＿＿＿＿＿＿＿＿＿＿
＿＿＿＿＿＿＿＿＿＿
＿＿＿＿＿＿＿＿＿＿
＿＿＿＿＿＿＿＿＿＿
＿＿＿＿＿＿＿＿＿＿
＿＿＿＿◆◆＿＿＿＿
＿＿■◆◆□◆◆＿＿
◆□◆□◆◆□□◆＿
◆□□□□□◆◆◆＿
□□□□□□□□◆■
□□□□■□□□□□
□□□□■□□□□□
＿□□□□＿□□□□
□□□□□□＿□□□
□□□□□□□＿□□
00:27:52(50171f):field(50170f)
＿＿＿＿＿＿＿＿＿＿
＿＿＿＿＿＿＿＿＿＿
＿＿＿＿＿＿＿＿＿＿
＿＿＿＿＿＿＿＿＿＿
＿＿＿＿＿＿＿＿＿＿
＿＿＿＿＿＿＿＿＿＿
＿＿＿＿＿＿＿＿＿＿
＿＿＿＿＿＿＿＿＿＿
＿＿＿＿＿＿＿＿＿＿
＿＿＿＿＿＿＿＿＿＿
＿＿＿＿＿＿＿＿＿＿
＿＿◆＿＿◆＿＿＿＿
＿◆＿◆＿＿◆◆＿＿
■□◆◆□□＿＿＿＿
□□◆□□□□□＿□
□□□□◆□□□□□
□□□□◆□□□□□
＿□□□□＿□□□□
□□□□□□＿□□□
□□□□□□□＿□□
00:27:52(50184f):field(50183f)
＿＿＿＿＿＿＿＿＿＿
＿＿＿＿＿＿＿＿＿＿
＿＿＿＿＿＿＿＿＿＿
＿＿＿＿＿＿＿＿＿＿
＿＿＿＿＿＿＿＿＿＿
＿＿＿＿＿＿＿＿＿＿
＿＿＿＿＿＿＿＿＿＿
＿＿＿＿＿＿＿＿＿＿
＿＿＿＿＿＿＿＿＿＿
＿＿＿＿＿＿＿＿＿＿
＿＿＿＿＿＿＿＿＿＿
＿＿＿＿＿＿＿＿＿＿
＿＿＿＿＿＿＿＿＿＿
□□＿＿□□■■■＿
□□＿□□□□□■□
□□□□＿□□□□□
□□□□＿□□□□□
＿□□□□＿□□□□
□□□□□□＿□□□
□□□□□□□＿□□
00:27:53(50198f):field(50197f)
＿＿＿＿＿＿＿＿＿＿
＿＿＿＿＿＿＿＿＿＿
＿＿＿＿＿＿＿＿＿＿
＿＿＿＿＿＿＿＿＿＿
＿＿＿＿＿＿＿＿＿＿
＿＿＿＿＿＿＿＿＿＿
＿＿＿＿＿＿＿＿＿＿
＿＿＿＿＿＿＿＿＿＿
＿＿＿＿＿＿＿＿＿＿
＿＿＿＿＿＿＿＿＿＿
＿＿＿＿＿＿＿＿＿＿
＿＿＿＿＿＿＿＿■＿
＿＿＿＿＿＿＿＿■■
□□＿＿□□□□□■
□□＿□□□□□□□
□□□□＿□□□□□
□□□□＿□□□□□
＿□□□□＿□□□□
□□□□□□＿□□□
□□□□□□□＿□□
00:27:53(50212f):field(50211f)
＿＿＿＿＿＿＿＿＿＿
＿＿＿＿＿＿＿＿＿＿
＿＿＿＿＿＿＿＿＿＿
＿＿＿＿＿＿＿＿＿＿
＿＿＿＿＿＿＿＿＿＿
＿＿＿＿＿＿＿＿＿＿
＿＿＿＿＿＿＿＿＿＿
＿＿＿＿＿＿＿＿＿＿
＿＿＿＿＿＿＿＿＿＿
＿＿＿＿＿＿＿＿＿＿
＿＿＿＿＿＿＿＿＿＿
＿＿＿＿＿＿＿＿◆＿
＿＿■＿＿＿＿＿◆◆
◆□＿■◆□◆◆□◆
□◆■□◆◆□□□□
□□□□■□□□□□
□□□□■□□□□□
＿□□□□＿□□□□
□□□□□□＿□□□
□□□□□□□＿□□
00:27:54(50224f):field(50223f)
＿＿＿＿＿＿＿＿＿＿
＿＿＿＿＿＿＿＿＿＿
＿＿＿＿＿＿＿＿＿＿
＿＿＿＿＿＿＿＿＿＿
＿＿＿＿＿＿＿＿＿＿
＿＿＿＿＿＿＿＿＿＿
＿＿＿＿＿＿＿＿＿＿
＿＿＿＿＿＿＿＿＿＿
＿＿＿＿＿＿＿＿＿＿
＿＿＿＿＿＿＿＿＿＿
＿＿＿＿＿＿＿＿＿＿
＿＿＿＿＿＿＿＿＿＿
＿＿◆＿＿＿＿＿＿＿
＿◆＿◆＿◆＿＿◆＿
◆＿□□■＿◆◆◆◆
□◆◆◆□◆□◆□□
◆◆□◆□□◆□□□
■□□□□■□□□□
□□□□□□＿□□□
□□□□□□□＿□□
00:27:54(50240f):field(50239f)
＿＿＿＿＿＿＿＿＿＿
＿＿＿＿＿＿＿＿＿＿
＿＿＿＿＿＿＿＿＿＿
＿＿＿＿＿＿＿＿＿＿
＿＿＿＿＿＿＿＿＿＿
＿＿＿＿＿＿＿＿＿＿
＿＿＿＿＿＿＿＿＿＿
＿＿＿＿＿＿＿＿＿＿
＿＿＿＿＿＿＿＿＿＿
＿＿＿＿＿＿＿＿＿＿
＿＿＿＿＿＿＿＿＿＿
＿＿＿＿＿＿＿＿＿＿
＿＿＿＿＿＿＿＿＿＿
＿＿＿■＿＿＿＿＿＿
＿＿◆□◆＿＿＿＿＿
◆＿＿■◆＿◆＿□◆
＿＿□■□□＿◆□□
◆□□□□◆□□□□
□□□□□□＿□□□
□□□□□□□＿□□
00:27:55(50252f):field(50251f)
＿＿＿＿＿＿＿＿＿＿
＿＿＿＿＿＿＿＿＿＿
＿＿＿＿＿＿＿＿＿＿
＿＿＿＿＿＿＿＿＿＿
＿＿＿＿＿＿＿＿＿＿
＿＿＿＿＿＿＿＿＿＿
＿＿＿＿＿＿＿＿＿＿
＿＿＿＿＿＿＿＿＿＿
＿＿＿＿＿＿＿＿＿＿
＿＿＿＿＿＿＿＿＿＿
＿＿＿＿＿＿＿＿＿＿
＿＿＿＿＿＿＿＿＿＿
＿＿＿＿＿＿＿＿＿＿
＿＿＿□■＿＿＿＿＿
＿＿＿□■＿＿＿＿＿
＿＿＿□■■＿＿□＿
＿＿□□□□＿＿□□
＿□□□□＿□□□□
□□□□□□＿□□□
□□□□□□□＿□□
00:27:55(50272f):field(50271f)
＿＿＿＿＿＿＿＿＿＿
＿＿＿＿＿＿＿＿＿＿
＿＿＿＿＿＿＿＿＿＿
＿＿＿＿＿＿＿＿＿＿
＿＿＿＿＿＿＿＿＿＿
＿＿＿＿＿＿＿＿＿＿
＿＿＿＿＿＿＿＿＿＿
＿＿＿＿＿＿＿＿＿＿
＿＿＿＿＿＿＿＿＿＿
＿＿＿＿＿＿＿＿＿＿
＿＿＿＿＿＿＿＿＿＿
＿＿＿＿＿＿＿＿＿＿
＿＿＿＿＿＿＿＿＿＿
＿＿＿□□＿＿＿＿＿
＿＿＿□□＿■＿＿＿
＿＿＿□□□■■□＿
＿＿□□□□＿■□□
＿□□□□＿□□□□
□□□□□□＿□□□
□□□□□□□＿□□
00:27:56(50289f):field(50288f)
＿＿＿＿＿＿＿＿＿＿
＿＿＿＿＿＿＿＿＿＿
＿＿＿＿＿＿＿＿＿＿
＿＿＿＿＿＿＿＿＿＿
＿＿＿＿＿＿＿＿＿＿
＿＿＿＿＿＿＿＿＿＿
＿＿＿＿＿＿＿＿＿＿
＿＿＿＿＿＿＿＿＿＿
＿＿＿＿＿＿＿＿＿＿
＿＿＿＿＿＿＿＿＿＿
＿＿＿＿＿＿＿＿＿＿
＿＿＿＿＿＿＿＿＿＿
＿＿＿＿＿＿＿＿＿＿
＿＿＿□□＿＿＿＿＿
＿＿＿□□＿□＿＿＿
＿■＿□□□□□□＿
■■□□□□＿□□□
■□□□□＿□□□□
□□□□□□＿□□□
□□□□□□□＿□□
00:27:56(50301f):field(50300f)
＿＿＿＿＿＿＿＿＿＿
＿＿＿＿＿＿＿＿＿＿
＿＿＿＿＿＿＿＿＿＿
＿＿＿＿＿＿＿＿＿＿
＿＿＿＿＿＿＿＿＿＿
＿＿＿＿＿＿＿＿＿＿
＿＿＿＿＿＿＿＿＿＿
＿＿＿＿＿＿＿＿＿＿
＿＿＿＿＿＿＿＿＿＿
＿＿＿＿＿＿＿＿＿＿
＿＿＿＿＿＿＿＿＿＿
＿＿＿■■＿＿＿＿＿
＿＿＿■■＿＿＿＿＿
＿＿＿□□＿＿＿＿＿
＿＿＿□□＿□＿＿＿
＿□＿□□□□□□＿
□□□□□□＿□□□
□□□□□＿□□□□
□□□□□□＿□□□
□□□□□□□＿□□
00:27:57(50319f):field(50318f)
＿＿＿＿＿＿＿＿＿＿
＿＿＿＿＿＿＿＿＿＿
＿＿＿＿＿＿＿＿＿＿
＿＿＿＿＿＿＿＿＿＿
＿＿＿＿＿＿＿＿＿＿
＿＿＿＿＿＿＿＿＿＿
＿＿＿＿＿＿＿＿＿＿
＿＿＿＿＿＿＿＿＿＿
＿＿＿＿＿＿＿＿＿＿
＿＿＿＿＿＿＿＿＿＿
＿＿＿＿＿＿＿＿＿＿
＿＿＿□□＿＿＿＿＿
＿＿＿□□＿＿＿＿＿
＿＿＿□□＿＿＿＿＿
＿＿＿□□＿□■■■
＿□＿□□□□□□■
□□□□□□＿□□□
□□□□□＿□□□□
□□□□□□＿□□□
□□□□□□□＿□□
00:27:57(50331f):field(50330f)
＿＿＿＿＿＿＿＿＿＿
＿＿＿＿＿＿＿＿＿＿
＿＿＿＿＿＿＿＿＿＿
＿＿＿＿＿＿＿＿＿＿
＿＿＿＿＿＿＿＿＿＿
＿＿＿＿＿＿＿＿＿＿
＿＿＿＿＿＿＿＿＿＿
＿＿＿＿＿＿＿＿＿＿
＿＿＿＿＿＿＿＿＿＿
＿＿＿＿＿＿＿＿＿＿
＿＿＿＿＿＿＿＿＿＿
＿＿＿□□■＿＿＿＿
＿＿＿□□■＿＿＿＿
＿＿＿□□■＿＿＿＿
＿＿＿□□■□□□□
＿□＿□□□□□□□
□□□□□□＿□□□
□□□□□＿□□□□
□□□□□□＿□□□
□□□□□□□＿□□
00:27:58(50346f):field(50345f)
＿＿＿＿＿＿＿＿＿＿
＿＿＿＿＿＿＿＿＿＿
＿＿＿＿＿＿＿＿＿＿
＿＿＿＿＿＿＿＿＿＿
＿＿＿＿＿＿＿＿＿＿
＿＿＿＿＿＿＿＿＿＿
＿＿＿＿＿＿＿＿＿＿
＿＿＿＿＿＿＿＿＿＿
＿＿＿＿＿＿＿＿＿＿
＿＿＿＿＿＿＿＿＿＿
＿＿＿＿＿＿＿＿＿＿
＿＿＿□□□＿＿＿＿
＿＿＿□□□＿＿＿＿
■＿＿□□□＿＿＿＿
■■＿□□□□□□□
■□＿□□□□□□□
□□□□□□＿□□□
□□□□□＿□□□□
□□□□□□＿□□□
□□□□□□□＿□□
00:27:58(50361f):field(50360f)
＿＿＿＿＿＿＿＿＿＿
＿＿＿＿＿＿＿＿＿＿
＿＿＿＿＿＿＿＿＿＿
＿＿＿＿＿＿＿＿＿＿
＿＿＿＿＿＿＿＿＿＿
＿＿＿＿＿＿＿＿＿＿
＿＿＿＿＿＿＿＿＿＿
＿＿＿＿＿＿＿＿＿＿
＿＿＿＿＿＿＿＿＿＿
＿＿＿＿＿＿＿＿＿＿
＿＿＿＿＿＿＿＿＿＿
＿＿＿□□□＿＿＿＿
■■＿□□□＿＿＿＿
□■■□□□＿＿＿＿
□□＿□□□□□□□
□□＿□□□□□□□
□□□□□□＿□□□
□□□□□＿□□□□
□□□□□□＿□□□
□□□□□□□＿□□
00:27:59(50382f):field(50381f)
＿＿＿＿＿＿＿＿＿＿
＿＿＿＿＿＿＿＿＿＿
＿＿＿＿＿＿＿＿＿＿
＿＿＿＿＿＿＿＿＿＿
＿＿＿＿＿＿＿＿＿＿
＿＿＿＿＿＿＿＿＿＿
＿＿＿＿＿＿＿＿＿＿
＿＿＿＿＿＿＿＿＿＿
＿＿＿＿＿＿＿＿＿＿
＿＿＿＿＿＿＿＿＿＿
＿＿＿＿＿＿＿＿＿＿
＿＿＿□□□＿＿＿＿
□□＿□□□■■＿＿
□□□□□□■■＿＿
□□＿□□□□□□□
□□＿□□□□□□□
□□□□□□＿□□□
□□□□□＿□□□□
□□□□□□＿□□□
□□□□□□□＿□□
00:27:59(50394f):field(50393f)
＿＿＿＿＿＿＿＿＿＿
＿＿＿＿＿＿＿＿＿＿
＿＿＿＿＿＿＿＿＿＿
＿＿＿＿＿＿＿＿＿＿
＿＿＿＿＿＿＿＿＿＿
＿＿＿＿＿＿＿＿＿＿
＿＿＿＿＿＿＿＿＿＿
＿＿＿＿＿＿＿＿＿＿
＿＿＿＿＿＿＿＿＿＿
＿＿＿＿■■＿＿＿＿
＿＿＿■■＿＿＿＿＿
＿＿＿□□□＿＿＿＿
□□＿□□□□□＿＿
□□□□□□□□＿＿
□□＿□□□□□□□
□□＿□□□□□□□
□□□□□□＿□□□
□□□□□＿□□□□
□□□□□□＿□□□
□□□□□□□＿□□
00:28:00(50409f):field(50408f)
＿＿＿＿＿＿＿＿＿＿
＿＿＿＿＿＿＿＿＿＿
＿＿＿＿＿＿＿＿＿＿
＿＿＿＿＿＿＿＿＿＿
＿＿＿＿＿＿＿＿＿＿
＿＿＿＿＿＿＿＿＿＿
＿＿＿＿＿＿＿＿＿＿
＿＿＿＿＿＿＿＿＿＿
＿＿＿＿＿＿＿＿＿＿
＿＿■＿□□＿＿＿＿
＿＿■□□＿＿＿＿＿
＿＿■□□□＿＿＿＿
□□■□□□□□＿＿
□□□□□□□□＿＿
□□＿□□□□□□□
□□＿□□□□□□□
□□□□□□＿□□□
□□□□□＿□□□□
□□□□□□＿□□□
□□□□□□□＿□□
00:28:00(50425f):field(50424f)
＿＿＿＿＿＿＿＿＿＿
＿＿＿＿＿＿＿＿＿＿
＿＿＿＿＿＿＿＿＿＿
＿＿＿＿＿＿＿＿＿＿
＿＿＿＿＿＿＿＿＿＿
＿＿＿＿＿＿＿＿＿＿
＿＿＿＿＿＿＿＿＿＿
＿＿＿＿＿＿＿＿＿＿
＿＿＿＿＿＿＿＿＿＿
＿＿◆＿◆◆＿＿＿＿
＿＿□◆□■＿＿＿＿
＿＿□□□◆＿＿＿＿
◆◆□□□□◆◆＿■
□□□□□□□□＿■
□□＿□□□□□□□
□□＿□□□□□□□
□□□□□□＿□□□
□□□□□＿□□□□
□□□□□□＿□□□
□□□□□□□＿□□
00:28:01(50437f):field(50436f)
＿＿＿＿＿＿＿＿＿＿
＿＿＿＿＿＿＿＿＿＿
＿＿＿＿＿＿＿＿＿＿
＿＿＿＿＿＿＿＿＿＿
＿＿＿＿＿＿＿＿＿＿
＿＿＿＿＿＿＿＿＿＿
＿＿＿＿＿＿＿＿＿＿
＿＿＿＿＿＿＿＿＿＿
＿＿＿＿＿＿＿＿＿＿
＿＿■■■＿＿＿＿＿
＿＿□■□□＿＿＿＿
＿＿□□□＿＿＿＿＿
＿＿□□□□＿＿＿□
□□□□□□□□＿□
□□＿□□□□□□□
□□＿□□□□□□□
□□□□□□＿□□□
□□□□□＿□□□□
□□□□□□＿□□□
□□□□□□□＿□□
00:28:01(50455f):field(50454f)
＿＿＿＿＿＿＿＿＿＿
＿＿＿＿＿＿＿＿＿＿
＿＿＿＿＿＿＿＿＿＿
＿＿＿＿＿＿＿＿＿＿
＿＿＿＿＿＿＿＿＿＿
＿＿＿＿＿＿＿＿＿＿
＿＿＿＿＿＿＿＿＿＿
＿＿＿＿＿＿＿＿＿＿
＿＿＿＿＿＿＿＿＿＿
＿＿□□□＿＿＿＿＿
＿＿□□□□＿＿＿＿
＿＿□□□■■＿＿＿
＿＿□□□□■■＿□
□□□□□□□□＿□
□□＿□□□□□□□
□□＿□□□□□□□
□□□□□□＿□□□
□□□□□＿□□□□
□□□□□□＿□□□
□□□□□□□＿□□
00:28:02(50470f):field(50469f)
＿＿＿＿＿＿＿＿＿＿
＿＿＿＿＿＿＿＿＿＿
＿＿＿＿＿＿＿＿＿＿
＿＿＿＿＿＿＿＿＿＿
＿＿＿＿＿＿＿＿＿＿
＿＿＿＿＿＿＿＿＿＿
＿＿＿＿＿＿＿＿＿＿
＿＿＿＿＿＿＿＿＿＿
＿＿＿＿＿＿＿＿＿＿
＿＿◆◆◆＿＿＿＿＿
＿＿□□□◆＿＿＿＿
＿＿□□□□◆＿＿＿
＿＿□□□□□□■◆
□◆□□□□□□■□
□□＿□□□□□□□
□□＿□□□□□□□
□□□□□□＿□□□
□□□□□＿□□□□
□□□□□□＿□□□
□□□□□□□＿□□
00:28:02(50483f):field(50482f)
＿＿＿＿＿＿＿＿＿＿
＿＿＿＿＿＿＿＿＿＿
＿＿＿＿＿＿＿＿＿＿
＿＿＿＿＿＿＿＿＿＿
＿＿＿＿＿＿＿＿＿＿
＿＿＿＿＿＿＿＿＿＿
＿＿＿＿＿＿＿＿＿＿
＿＿＿＿＿＿＿＿＿＿
＿＿＿＿＿＿＿＿＿＿
＿＿＿＿＿＿＿＿＿■
＿＿□□□＿＿＿＿■
＿＿□□□□＿＿＿■
＿＿□□□□□□□■
◆＿□□□□□□□□
□□＿□□□□□□□
□□＿□□□□□□□
□□□□□□＿□□□
□□□□□＿□□□□
□□□□□□＿□□□
□□□□□□□＿□□
00:28:03(50496f):field(50495f)
＿＿＿＿＿＿＿＿＿＿
＿＿＿＿＿＿＿＿＿＿
＿＿＿＿＿＿＿＿＿＿
＿＿＿＿＿＿＿＿＿＿
＿＿＿＿＿＿＿＿＿＿
＿＿＿＿＿＿＿＿＿＿
＿＿＿＿＿＿＿＿＿＿
＿＿＿＿＿＿＿＿＿＿
＿＿＿＿＿＿＿＿＿＿
＿＿＿＿＿＿＿＿＿◆
＿＿◆◆◆＿＿＿＿◆
＿＿◆◆◆◆＿■＿□
＿＿□□□□□◆□□
■■□□□□□◆◆□
□□＿□□□□□□□
□□■□□□□□□□
□□□□□□＿□□□
□□□□□＿□□□□
□□□□□□＿□□□
□□□□□□□＿□□
00:28:03(50511f):field(50510f)
＿＿＿＿＿＿＿＿＿＿
＿＿＿＿＿＿＿＿＿＿
＿＿＿＿＿＿＿＿＿＿
＿＿＿＿＿＿＿＿＿＿
＿＿＿＿＿＿＿＿＿＿
＿＿＿＿＿＿＿＿＿＿
＿＿＿＿＿＿＿＿＿＿
＿＿＿＿＿＿＿＿＿＿
＿＿＿＿＿＿＿＿＿＿
＿＿＿＿＿＿＿＿＿＿
＿＿＿＿＿＿＿＿＿＿
＿＿＿＿＿■＿◆＿□
＿＿□□□□□＿◆□
◆◆□□□□□＿＿□
□□＿□□□□□□□
□□◆□□□□□□□
□□□□□□＿□□□
□□□□□＿□□□□
□□□□□□＿□□□
□□□□□□□＿□□
00:28:04(50527f):field(50526f)
＿＿＿＿＿＿＿＿＿＿
＿＿＿＿＿＿＿＿＿＿
＿＿＿＿＿＿＿＿＿＿
＿＿＿＿＿＿＿＿＿＿
＿＿＿＿＿＿＿＿＿＿
＿＿＿＿＿＿＿＿＿＿
＿＿＿＿＿＿＿＿＿＿
＿＿＿＿＿＿＿＿＿＿
＿＿＿＿＿＿＿＿＿＿
＿＿＿＿＿■＿＿＿＿
＿＿＿＿■■＿＿＿＿
＿＿＿＿■□＿＿＿□
＿＿□□□□□＿＿□
＿＿□□□□□＿＿□
□□＿□□□□□□□
□□＿□□□□□□□
□□□□□□＿□□□
□□□□□＿□□□□
□□□□□□＿□□□
□□□□□□□＿□□
00:28:04(50542f):field(50541f)
＿＿＿＿＿＿＿＿＿＿
＿＿＿＿＿＿＿＿＿＿
＿＿＿＿＿＿＿＿＿＿
＿＿＿＿＿＿＿＿＿＿
＿＿＿＿＿＿＿＿＿＿
＿＿＿＿＿＿＿＿＿＿
＿＿＿＿＿＿＿＿＿＿
＿＿＿＿＿＿＿＿＿＿
＿＿＿＿＿＿＿＿＿＿
＿＿＿＿＿□＿＿＿＿
＿＿＿＿□□＿＿＿＿
■＿＿＿□□＿＿＿□
■＿□□□□□＿＿□
■■□□□□□＿＿□
□□＿□□□□□□□
□□＿□□□□□□□
□□□□□□＿□□□
□□□□□＿□□□□
□□□□□□＿□□□
□□□□□□□＿□□
00:28:05(50570f):field(50569f)
＿＿＿＿＿＿＿＿＿＿
＿＿＿＿＿＿＿＿＿＿
＿＿＿＿＿＿＿＿＿＿
＿＿＿＿＿＿＿＿＿＿
＿＿＿＿＿＿＿＿＿＿
＿＿＿＿＿＿＿＿＿＿
＿＿＿＿＿＿＿＿＿＿
＿＿＿＿■＿＿＿＿＿
＿＿＿＿■＿＿＿＿＿
＿＿＿＿■◆＿＿＿＿
＿＿＿＿□□＿＿＿＿
◆＿＿＿□□＿＿＿◆
□＿◆◆□□◆＿＿□
□◆□□□□□■■□
□□■□□□□□□□
□□＿□□□□□□□
□□□□□□＿□□□
□□□□□＿□□□□
□□□□□□＿□□□
□□□□□□□＿□□
00:28:06(50586f):field(50585f)
＿＿＿＿＿＿＿＿＿＿
＿＿＿＿＿＿＿＿＿＿
＿＿＿＿＿＿＿＿＿＿
＿＿＿＿＿＿＿＿＿＿
＿＿＿＿＿＿＿＿＿＿
＿＿＿＿＿＿＿＿＿＿
＿＿＿＿＿＿＿＿＿＿
＿＿＿＿□＿＿＿＿＿
＿＿＿＿□＿＿＿＿＿
＿＿＿＿□＿＿＿＿＿
＿＿＿＿□□＿＿＿＿
＿＿＿＿□□■■＿＿
□＿＿＿□□■■＿□
□＿□□□□□□□□
□□◆□□□□□□□
□□＿□□□□□□□
□□□□□□＿□□□
□□□□□＿□□□□
□□□□□□＿□□□
□□□□□□□＿□□
00:28:06(50601f):field(50600f)
＿＿＿＿＿＿＿＿＿＿
＿＿＿＿＿＿＿＿＿＿
＿＿＿＿＿＿＿＿＿＿
＿＿＿＿＿＿＿＿＿＿
＿＿＿＿＿＿＿＿＿＿
＿＿＿＿＿＿＿＿＿＿
＿＿＿＿＿＿＿＿＿＿
＿＿＿＿□＿＿＿＿＿
＿＿＿＿□■＿＿＿＿
＿＿＿＿□■■＿＿＿
＿＿＿＿□□■＿＿＿
＿＿＿＿□□□□＿＿
□＿＿＿□□□□＿□
□＿□□□□□□□□
□□＿□□□□□□□
□□＿□□□□□□□
□□□□□□＿□□□
□□□□□＿□□□□
□□□□□□＿□□□
□□□□□□□＿□□
00:28:07(50618f):field(50617f)
＿＿＿＿＿＿＿＿＿＿
＿＿＿＿＿＿＿＿＿＿
＿＿＿＿＿＿＿＿＿＿
＿＿＿＿＿＿＿＿＿＿
＿＿＿＿＿＿＿＿＿＿
＿＿＿＿＿＿＿＿＿＿
＿＿＿＿＿＿＿＿＿＿
＿＿＿＿□＿＿＿＿＿
＿＿＿＿□□＿＿＿＿
＿＿＿＿□□□＿＿＿
＿＿＿＿□□□＿■＿
＿＿＿＿□□□□■■
□＿＿＿□□□□■□
□＿□□□□□□□□
□□＿□□□□□□□
□□＿□□□□□□□
□□□□□□＿□□□
□□□□□＿□□□□
□□□□□□＿□□□
□□□□□□□＿□□
00:28:07(50635f):field(50634f)
＿＿＿＿＿＿＿＿＿＿
＿＿＿＿＿＿＿＿＿＿
＿＿＿＿＿＿＿＿＿＿
＿＿＿＿＿＿＿＿＿＿
＿＿＿＿＿＿＿＿＿＿
＿＿＿＿＿＿＿＿＿＿
＿＿＿＿＿＿＿＿＿＿
＿＿＿＿◆＿＿＿＿＿
＿＿＿＿◆◆＿＿＿＿
＿＿＿＿□◆◆＿＿＿
＿＿＿＿□□◆＿◆＿
＿＿＿■□□□◆◆◆
◆■■＿□□□□□□
□■◆◆□□□□□□
□□■□□□□□□□
□□■□□□□□□□
□□□□□□＿□□□
□□□□□＿□□□□
□□□□□□＿□□□
□□□□□□□＿□□
00:28:08(50651f):field(50650f)
＿＿＿＿＿＿＿＿＿＿
＿＿＿＿＿＿＿＿＿＿
＿＿＿＿＿＿＿＿＿＿
＿＿＿＿＿＿＿＿＿＿
＿＿＿＿＿＿＿＿＿＿
＿＿＿＿＿＿＿＿＿＿
＿＿＿＿＿＿＿＿＿＿
＿＿＿＿＿＿＿＿＿＿
＿＿＿＿＿＿＿＿＿＿
＿＿＿＿□＿＿＿＿＿
＿＿＿＿□□＿＿■＿
＿＿＿◆□□□■■＿
＿◆◆＿□□□□□◆
◆◆＿＿□□□□□□
□□◆□□□□□□□
□□◆□□□□□□□
□□□□□□＿□□□
□□□□□＿□□□□
□□□□□□＿□□□
□□□□□□□＿□□
00:28:09(50672f):field(50671f)
＿＿＿＿＿＿＿＿＿＿
＿＿＿＿＿＿＿＿＿＿
＿＿＿＿＿＿＿＿＿＿
＿＿＿＿＿＿＿＿＿＿
＿＿＿＿＿＿＿＿＿＿
＿＿＿＿＿＿＿＿＿＿
＿＿＿＿＿＿＿＿＿＿
＿＿＿＿＿＿＿＿＿＿
＿＿＿＿＿＿＿＿＿＿
＿＿＿＿◆＿＿＿＿＿
＿＿＿＿◆◆＿＿◆＿
＿＿＿＿□◆◆◆◆＿
＿＿＿＿□□◆◆□＿
＿＿■＿□□□□□◆
□□■□□□□□□◆
◆□■◆□□□□□□
□□□□□□＿□□□
□□□□□■□□□□
□□□□□□＿□□□
□□□□□□□＿□□
00:28:09(50686f):field(50685f)
＿＿＿＿＿＿＿＿＿＿
＿＿＿＿＿＿＿＿＿＿
＿＿＿＿＿＿＿＿＿＿
＿＿＿＿＿＿＿＿＿＿
＿＿＿＿＿＿＿＿＿＿
＿＿＿＿＿＿＿＿＿＿
＿＿＿＿＿＿＿＿＿＿
＿＿＿＿＿＿＿＿＿＿
＿＿＿＿＿＿＿＿＿＿
＿＿＿＿＿＿＿＿＿＿
＿＿＿＿＿＿＿＿＿＿
＿＿＿＿□＿＿＿＿＿
＿＿＿＿□□＿＿□＿
＿＿◆＿□□□□□＿
□□□◆□□□□□＿
■□□＿□□□□□□
□□□□□□＿□□□
□□□□□◆□□□□
□□□□□□＿□□□
□□□□□□□＿□□
00:28:10(50705f):field(50704f)
＿＿＿＿＿＿＿＿＿＿
＿＿＿＿＿＿＿＿＿＿
＿＿＿＿＿＿＿＿＿＿
＿＿＿＿＿＿＿＿＿＿
＿＿＿＿＿＿＿＿＿＿
＿＿＿＿＿＿＿＿＿＿
＿＿＿＿＿＿＿＿＿＿
＿＿＿＿＿＿＿＿＿＿
＿＿＿＿＿＿＿＿＿＿
＿＿＿＿＿＿＿＿＿＿
＿＿＿＿＿＿■＿＿＿
＿＿＿＿□■■＿＿＿
＿＿＿＿□□■＿□＿
＿＿＿＿□□□□□＿
□□□＿□□□□□＿
□□□＿□□□□□□
□□□□□□＿□□□
□□□□□＿□□□□
□□□□□□＿□□□
□□□□□□□＿□□
00:28:10(50720f):field(50719f)
＿＿＿＿＿＿＿＿＿＿
＿＿＿＿＿＿＿＿＿＿
＿＿＿＿＿＿＿＿＿＿
＿＿＿＿＿＿＿＿＿＿
＿＿＿＿＿＿＿＿＿＿
＿＿＿＿＿＿＿＿＿＿
＿＿＿＿＿＿＿＿＿＿
＿＿＿＿＿＿＿＿＿＿
＿＿＿＿＿＿■＿＿＿
＿＿＿＿＿■■＿＿＿
＿＿＿＿＿■□＿＿＿
＿＿＿＿□□□＿＿＿
＿＿＿＿□□□＿□＿
＿＿＿＿□□□□□＿
□□□＿□□□□□＿
□□□＿□□□□□□
□□□□□□＿□□□
□□□□□＿□□□□
□□□□□□＿□□□
□□□□□□□＿□□
00:28:11(50735f):field(50734f)
＿＿＿＿＿＿＿＿＿＿
＿＿＿＿＿＿＿＿＿＿
＿＿＿＿＿＿＿＿＿＿
＿＿＿＿＿＿＿＿＿＿
＿＿＿＿＿＿＿＿＿＿
＿＿＿＿＿＿＿＿＿＿
＿＿＿＿＿＿＿＿＿＿
＿＿＿＿＿＿＿＿＿＿
＿＿＿＿＿＿□＿＿＿
＿＿＿＿＿□□＿＿＿
＿＿＿＿＿□□＿＿＿
＿＿＿＿□□□＿＿＿
＿＿■＿□□□＿□＿
＿＿■■□□□□□＿
□□□■□□□□□＿
□□□＿□□□□□□
□□□□□□＿□□□
□□□□□＿□□□□
□□□□□□＿□□□
□□□□□□□＿□□
00:28:11(50748f):field(50747f)
＿＿＿＿＿＿＿＿＿＿
＿＿＿＿＿＿＿＿＿＿
＿＿＿＿＿＿＿＿＿＿
＿＿＿＿＿＿＿＿＿＿
＿＿＿＿＿＿＿＿＿＿
＿＿＿＿＿＿＿＿＿＿
＿＿＿＿＿＿＿＿＿＿
＿＿＿＿＿＿＿＿＿＿
＿＿＿＿■■□＿＿＿
＿＿＿＿■□□＿＿＿
＿＿＿＿■□□＿＿＿
＿＿＿＿□□□＿＿＿
＿＿□＿□□□＿□＿
＿＿□□□□□□□＿
□□□□□□□□□＿
□□□＿□□□□□□
□□□□□□＿□□□
□□□□□＿□□□□
□□□□□□＿□□□
□□□□□□□＿□□
00:28:12(50766f):field(50765f)
＿＿＿＿＿＿＿＿＿＿
＿＿＿＿＿＿＿＿＿＿
＿＿＿＿＿＿＿＿＿＿
＿＿＿＿＿＿＿＿＿＿
＿＿＿＿＿＿＿＿＿＿
＿＿＿＿＿＿＿＿＿＿
＿＿＿＿＿＿＿＿＿＿
＿＿＿＿＿＿＿＿＿＿
＿＿＿＿◆◆◆＿＿＿
＿＿＿＿□□□＿＿＿
＿＿＿＿□□□＿＿＿
＿＿＿＿□□□＿＿＿
＿＿◆＿□□□＿◆■
＿■□◆□□□□□■
◆◆□□□□□□□■
□□□＿□□□□□□
□□□□□□■□□□
□□□□□＿□□□□
□□□□□□＿□□□
□□□□□□□＿□□
00:28:12(50779f):field(50778f)
＿＿＿＿＿＿＿＿＿＿
＿＿＿＿＿＿＿＿＿＿
＿＿＿＿＿＿＿＿＿＿
＿＿＿＿＿＿＿＿＿＿
＿＿＿＿＿＿＿＿＿＿
＿＿＿＿＿＿＿＿＿＿
＿＿＿＿＿＿＿＿＿＿
＿＿＿＿＿＿＿＿＿＿
＿＿＿＿＿＿＿＿＿＿
＿＿＿＿□□□＿＿＿
＿＿＿＿□□□＿＿＿
＿＿＿＿□□□■＿＿
＿＿＿＿□□□■■□
＿◆□＿□□□□□□
＿＿□□□□□□□□
□□□＿□□□□□□
□□□□□□◆□□□
□□□□□＿□□□□
□□□□□□＿□□□
□□□□□□□＿□□
00:28:13(50793f):field(50792f)
＿＿＿＿＿＿＿＿＿＿
＿＿＿＿＿＿＿＿＿＿
＿＿＿＿＿＿＿＿＿＿
＿＿＿＿＿＿＿＿＿＿
＿＿＿＿＿＿＿＿＿＿
＿＿＿＿＿＿＿＿＿＿
＿＿＿＿＿＿＿＿＿＿
＿＿＿＿＿＿＿＿＿＿
＿＿＿＿＿＿＿＿＿＿
＿＿＿＿◆◆◆＿＿＿
＿＿＿＿□□□＿＿＿
＿＿＿＿□□□◆＿＿
＿＿＿＿□□□□◆◆
＿＿◆■□□□□□□
■■□◆□□□□□□
□□□＿□□□□□□
□□□□□□＿□□□
□□□□□＿□□□□
□□□□□□＿□□□
□□□□□□□＿□□
00:28:13(50812f):field(50811f)
＿＿＿＿＿＿＿＿＿＿
＿＿＿＿＿＿＿＿＿＿
＿＿＿＿＿＿＿＿＿＿
＿＿＿＿＿＿＿＿＿＿
＿＿＿＿＿＿＿＿＿＿
＿＿＿＿＿＿＿＿＿＿
＿＿＿＿＿＿＿＿＿＿
＿＿＿＿＿＿＿＿＿＿
＿＿＿＿＿＿＿＿＿＿
＿＿＿＿＿＿＿＿＿＿
＿＿＿＿□□□■＿＿
＿＿＿＿□□□■■＿
＿＿＿＿□□□□■＿
＿＿＿◆□□□□□□
□□□＿□□□□□□
□□□＿□□□□□□
□□□□□□＿□□□
□□□□□＿□□□□
□□□□□□＿□□□
□□□□□□□＿□□
00:28:14(50825f):field(50824f)
＿＿＿＿＿＿＿＿＿＿
＿＿＿＿＿＿＿＿＿＿
＿＿＿＿＿＿＿＿＿＿
＿＿＿＿＿＿＿＿＿＿
＿＿＿＿＿＿＿＿＿＿
＿＿＿＿＿＿＿＿＿＿
＿＿＿＿＿＿＿＿＿＿
＿＿＿＿＿■＿＿＿＿
＿＿＿＿■■＿＿＿＿
＿＿＿＿■＿＿＿＿＿
＿＿＿＿□□□□＿＿
＿＿＿＿□□□□□＿
＿＿＿＿□□□□□＿
＿＿＿＿□□□□□□
□□□＿□□□□□□
□□□＿□□□□□□
□□□□□□＿□□□
□□□□□＿□□□□
□□□□□□＿□□□
□□□□□□□＿□□
00:28:14(50846f):field(50845f)
＿＿＿＿＿＿＿＿＿＿
＿＿＿＿＿＿＿＿＿＿
＿＿＿＿＿＿＿＿＿＿
＿＿＿＿＿＿＿＿＿＿
＿＿＿＿＿＿＿＿＿＿
＿＿＿＿＿＿＿＿＿＿
＿＿＿＿＿＿＿＿＿＿
＿＿＿＿＿□■＿＿＿
＿＿＿＿□□■＿＿＿
＿＿＿＿□■■＿＿＿
＿＿＿＿□□□□＿＿
＿＿＿＿□□□□□＿
＿＿＿＿□□□□□＿
＿＿＿＿□□□□□□
□□□＿□□□□□□
□□□＿□□□□□□
□□□□□□＿□□□
□□□□□＿□□□□
□□□□□□＿□□□
□□□□□□□＿□□
00:28:15(50858f):field(50857f)
＿＿＿＿＿＿＿＿＿＿
＿＿＿＿＿＿＿＿＿＿
＿＿＿＿＿＿＿＿＿＿
＿＿＿＿＿＿＿＿＿＿
＿＿＿＿＿＿＿＿＿＿
＿＿＿＿＿＿＿＿＿＿
＿＿＿＿＿＿＿＿＿＿
＿＿＿＿＿◆◆＿＿＿
＿＿＿＿◆◆◆＿＿＿
＿＿＿＿◆□□＿＿＿
＿＿＿＿□□□◆＿＿
＿＿＿＿□□□◆◆＿
＿＿＿＿□□□□◆＿
＿＿＿＿□□□□□◆
◆◆◆■□□□□□◆
◆□□■□□□□□□
□□□□□□＿□□□
□□□□□＿□□□□
□□□□□□＿□□□
□□□□□□□＿□□
00:28:15(50876f):field(50875f)
＿＿＿＿＿＿＿＿＿＿
＿＿＿＿＿＿＿＿＿＿
＿＿＿＿＿＿＿＿＿＿
＿＿＿＿＿＿＿＿＿＿
＿＿＿＿＿＿＿＿＿＿
＿＿＿＿＿＿＿＿＿＿
＿＿＿＿＿＿＿＿＿＿
＿＿＿＿＿＿＿＿＿＿
＿＿＿＿＿＿＿＿＿＿
＿＿＿＿＿□□＿＿＿
＿＿＿＿□□□＿＿＿
＿＿＿＿□□□＿＿＿
＿＿＿＿□□□□＿＿
＿■＿＿□□□□□＿
＿■■◆□□□□□＿
＿□□□□□□□□□
□□□□□□＿□□□
□□□□□＿□□□□
□□□□□□＿□□□
□□□□□□□＿□□
00:28:16(50890f):field(50889f)
＿＿＿＿＿＿＿＿＿＿
＿＿＿＿＿＿＿＿＿＿
＿＿＿＿＿＿＿＿＿＿
＿＿＿＿＿＿＿＿＿＿
＿＿＿＿＿＿＿＿＿＿
＿＿＿＿＿＿＿＿＿＿
＿＿＿＿＿＿＿＿＿＿
＿＿＿＿＿＿＿＿＿＿
＿＿＿＿＿＿＿＿＿＿
＿＿＿＿＿□□＿＿＿
＿＿＿＿□□□＿＿＿
＿＿＿＿□□□＿＿■
＿＿＿＿□□□□＿■
＿□＿＿□□□□□■
＿□□＿□□□□□■
＿□□□□□□□□□
□□□□□□＿□□□
□□□□□＿□□□□
□□□□□□＿□□□
□□□□□□□＿□□
00:28:16(50905f):field(50904f)
＿＿＿＿＿＿＿＿＿＿
＿＿＿＿＿＿＿＿＿＿
＿＿＿＿＿＿＿＿＿＿
＿＿＿＿＿＿＿＿＿＿
＿＿＿＿＿＿＿＿＿＿
＿＿＿＿＿＿＿＿＿＿
＿＿＿＿＿＿＿＿＿＿
＿＿＿＿＿■＿＿＿＿
＿＿＿＿■■＿＿＿＿
＿＿＿＿■□□＿＿＿
＿＿＿＿□□□＿＿＿
＿＿＿＿□□□＿＿□
＿＿＿＿□□□□＿□
＿□＿＿□□□□□□
＿□□＿□□□□□□
＿□□□□□□□□□
□□□□□□＿□□□
□□□□□＿□□□□
□□□□□□＿□□□
□□□□□□□＿□□
00:28:17(50920f):field(50919f)
＿＿＿＿＿＿＿＿＿＿
＿＿＿＿＿＿＿＿＿＿
＿＿＿＿＿＿＿＿＿＿
＿＿＿＿＿＿＿＿＿＿
＿＿＿＿＿＿＿＿＿＿
＿＿＿＿＿＿＿＿＿＿
＿＿＿＿＿＿＿＿＿＿
＿＿＿＿＿□＿＿＿＿
＿＿＿＿□□＿＿＿＿
＿＿＿＿□□□＿＿＿
＿＿＿＿□□□＿＿＿
＿＿＿＿□□□＿＿□
＿＿■■□□□□＿□
＿□■■□□□□□□
＿□□＿□□□□□□
＿□□□□□□□□□
□□□□□□＿□□□
□□□□□＿□□□□
□□□□□□＿□□□
□□□□□□□＿□□
00:28:17(50938f):field(50937f)
＿＿＿＿＿＿＿＿＿＿
＿＿＿＿＿＿＿＿＿＿
＿＿＿＿＿＿＿＿＿＿
＿＿＿＿＿＿＿＿＿＿
＿＿＿＿＿＿＿＿＿＿
＿＿＿＿＿＿＿＿＿＿
＿＿＿＿＿＿＿＿＿＿
＿＿＿＿＿□＿＿＿＿
＿＿＿＿□□＿＿＿＿
＿＿＿＿□□□＿＿＿
＿＿＿＿□□□＿＿＿
＿■■■□□□＿＿□
＿■□□□□□□＿□
＿□□□□□□□□□
＿□□＿□□□□□□
＿□□□□□□□□□
□□□□□□＿□□□
□□□□□＿□□□□
□□□□□□＿□□□
□□□□□□□＿□□
00:28:18(50951f):field(50950f)
＿＿＿＿＿＿＿＿＿＿
＿＿＿＿＿＿＿＿＿＿
＿＿＿＿＿＿＿＿＿＿
＿＿＿＿＿＿＿＿＿＿
＿＿＿＿＿＿＿＿＿＿
＿＿＿＿■＿＿＿＿＿
＿＿＿＿■■＿＿＿＿
＿＿＿＿■□＿＿＿＿
＿＿＿＿□□＿＿＿＿
＿＿＿＿□□□＿＿＿
＿＿＿＿□□□＿＿＿
＿□□□□□□＿＿□
＿□□□□□□□＿□
＿□□□□□□□□□
＿□□＿□□□□□□
＿□□□□□□□□□
□□□□□□＿□□□
□□□□□＿□□□□
□□□□□□＿□□□
□□□□□□□＿□□
00:28:18(50969f):field(50968f)
＿＿＿＿＿＿＿＿＿＿
＿＿＿＿＿＿＿＿＿＿
＿＿＿＿＿＿＿＿＿＿
＿＿＿＿＿＿＿＿＿＿
＿＿＿＿＿＿＿＿＿＿
＿＿＿＿□＿＿＿＿＿
＿＿＿＿□□＿＿＿＿
＿＿＿＿□□＿＿＿＿
＿＿＿＿□□＿＿＿＿
＿＿＿＿□□□＿＿＿
■■＿＿□□□＿＿＿
■□□□□□□＿＿□
■□□□□□□□＿□
＿□□□□□□□□□
＿□□＿□□□□□□
＿□□□□□□□□□
□□□□□□＿□□□
□□□□□＿□□□□
□□□□□□＿□□□
□□□□□□□＿□□
00:28:19(50985f):field(50984f)
＿＿＿＿＿＿＿＿＿＿
＿＿＿＿＿＿＿＿＿＿
＿＿＿＿＿＿＿＿＿＿
＿＿＿＿＿＿＿＿＿＿
＿＿＿＿＿＿＿＿＿＿
＿＿＿＿□＿＿＿＿＿
＿＿＿＿□□＿＿＿＿
＿＿＿＿□□＿＿＿＿
＿＿＿＿□□＿＿＿＿
＿■■＿□□□＿＿＿
□□■■□□□＿＿＿
□□□□□□□＿＿□
□□□□□□□□＿□
＿□□□□□□□□□
＿□□＿□□□□□□
＿□□□□□□□□□
□□□□□□＿□□□
□□□□□＿□□□□
□□□□□□＿□□□
□□□□□□□＿□□
00:28:19(50998f):field(50997f)
＿＿＿＿＿＿＿＿＿＿
＿＿＿＿＿＿＿＿＿＿
＿＿＿＿＿＿＿＿＿＿
＿＿＿＿＿＿＿＿＿＿
＿＿＿＿＿＿＿＿＿＿
＿＿＿＿◆＿＿＿＿＿
＿＿＿＿◆◆＿＿＿＿
＿＿＿＿□◆＿＿＿＿
＿＿＿＿□□＿＿＿＿
＿◆◆＿□□◆＿＿＿
◆◆◆◆□□□＿＿＿
□□□□□□□＿＿◆
□□□□□□□□■◆
■□□□□□□□□□
＿□□＿□□□□□□
＿□□□□□□□□□
□□□□□□＿□□□
□□□□□＿□□□□
□□□□□□＿□□□
□□□□□□□＿□□
00:28:20(51022f):field(51021f)
＿＿＿＿＿＿＿＿＿＿
＿＿＿＿＿＿＿＿＿＿
＿＿＿＿＿＿＿＿＿＿
＿＿＿＿＿＿＿＿＿＿
＿＿＿＿＿＿＿＿＿＿
＿＿＿＿＿＿＿＿＿＿
＿＿＿＿＿＿＿＿＿＿
＿＿＿＿□＿＿＿＿＿
■＿＿＿□□＿＿＿＿
■＿＿＿□□＿＿＿＿
■■＿＿□□◆＿＿＿
◆□□◆□□□＿＿＿
□□□□□□□□◆＿
◆□□□□□□□□□
＿□□＿□□□□□□
＿□□□□□□□□□
□□□□□□＿□□□
□□□□□＿□□□□
□□□□□□＿□□□
□□□□□□□＿□□
00:28:21(51042f):field(51041f)
＿＿＿＿＿＿＿＿＿＿
＿＿＿＿＿＿＿＿＿＿
＿＿＿＿＿＿＿＿＿＿
＿＿＿＿＿＿＿＿＿＿
＿＿＿＿＿＿＿＿＿＿
＿＿＿＿＿＿＿＿＿＿
＿＿＿＿＿＿＿＿＿＿
＿＿＿＿□＿＿＿＿＿
□＿＿＿□□＿＿＿＿
□＿＿■□□＿＿＿＿
□□■■□□＿＿＿＿
＿□□■□□□＿＿＿
□□□□□□□□＿＿
＿□□□□□□□□□
＿□□＿□□□□□□
＿□□□□□□□□□
□□□□□□＿□□□
□□□□□＿□□□□
□□□□□□＿□□□
□□□□□□□＿□□
00:28:21(51057f):field(51056f)
＿＿＿＿＿＿＿＿＿＿
＿＿＿＿＿＿＿＿＿＿
＿＿＿＿＿＿＿＿＿＿
＿＿＿＿＿＿＿＿＿＿
＿＿＿＿＿＿＿＿＿＿
＿＿＿＿＿＿＿＿＿＿
＿＿＿＿＿＿＿＿＿＿
＿＿＿＿□＿＿＿＿＿
□＿＿＿□□＿＿＿＿
□＿＿□□□＿＿＿＿
□□□□□□＿＿＿＿
＿□□□□□□■■■
□□□□□□□□＿■
＿□□□□□□□□□
＿□□＿□□□□□□
＿□□□□□□□□□
□□□□□□＿□□□
□□□□□＿□□□□
□□□□□□＿□□□
□□□□□□□＿□□
00:28:22(51082f):field(51081f)
＿＿＿＿＿＿＿＿＿＿
＿＿＿＿＿＿＿＿＿＿
＿＿＿＿＿＿＿＿＿＿
＿＿＿＿＿＿＿＿＿＿
＿＿＿＿＿＿＿＿＿＿
＿＿＿＿＿＿＿＿＿＿
＿＿＿＿＿＿＿＿＿＿
＿＿＿＿□＿＿＿＿＿
□＿＿＿□□＿＿＿＿
□＿＿□□□＿■■＿
□□□□□□＿＿■■
＿□□□□□□□□□
□□□□□□□□＿□
＿□□□□□□□□□
＿□□＿□□□□□□
＿□□□□□□□□□
□□□□□□＿□□□
□□□□□＿□□□□
□□□□□□＿□□□
□□□□□□□＿□□
00:28:23(51096f):field(51095f)
＿＿＿＿＿＿＿＿＿＿
＿＿＿＿＿＿＿＿＿＿
＿＿＿＿＿＿＿＿＿＿
＿＿＿＿＿＿＿＿＿＿
＿＿＿＿＿＿＿＿＿＿
＿＿＿＿＿＿＿＿＿＿
＿＿＿＿＿＿＿＿＿＿
＿＿＿＿□＿■＿＿＿
□＿＿＿□□■＿＿＿
□＿＿□□□■□□＿
□□□□□□■＿□□
＿□□□□□□□□□
□□□□□□□□＿□
＿□□□□□□□□□
＿□□＿□□□□□□
＿□□□□□□□□□
□□□□□□＿□□□
□□□□□＿□□□□
□□□□□□＿□□□
□□□□□□□＿□□
00:28:23(51116f):field(51115f)
＿＿＿＿＿＿＿＿＿＿
＿＿＿＿＿＿＿＿＿＿
＿＿＿＿＿＿＿＿＿＿
＿＿＿＿＿＿＿＿＿＿
＿＿＿＿＿＿＿＿＿＿
＿＿＿＿＿＿＿＿＿＿
＿＿＿＿＿＿＿＿＿＿
＿■＿＿□＿□＿＿＿
□■＿＿□□□＿＿＿
□■■□□□□□□＿
□□□□□□□＿□□
＿□□□□□□□□□
□□□□□□□□＿□
＿□□□□□□□□□
＿□□＿□□□□□□
＿□□□□□□□□□
□□□□□□＿□□□
□□□□□＿□□□□
□□□□□□＿□□□
□□□□□□□＿□□
00:28:24(51129f):field(51128f)
＿＿＿＿＿＿＿＿＿＿
＿＿＿＿＿＿＿＿＿＿
＿＿＿＿＿＿＿＿＿＿
＿＿＿＿＿＿＿＿＿＿
＿＿＿＿＿＿＿＿＿＿
＿＿＿＿＿＿＿＿＿＿
＿＿＿＿＿＿＿＿＿＿
＿□■■□＿□＿＿＿
□□■■□□□＿＿＿
□□□□□□□□□＿
□□□□□□□＿□□
＿□□□□□□□□□
□□□□□□□□＿□
＿□□□□□□□□□
＿□□＿□□□□□□
＿□□□□□□□□□
□□□□□□＿□□□
□□□□□＿□□□□
□□□□□□＿□□□
□□□□□□□＿□□
00:28:24(51143f):field(51142f)
＿＿＿＿＿＿＿＿＿＿
＿＿＿＿＿＿＿＿＿＿
＿＿＿＿＿＿＿＿＿＿
＿＿＿＿＿＿＿＿＿＿
＿＿＿＿＿＿＿＿＿＿
＿＿＿＿＿＿＿＿＿＿
＿＿＿＿■■■＿＿＿
＿□□□□■□＿＿＿
□□□□□□□＿＿＿
□□□□□□□□□＿
□□□□□□□＿□□
＿□□□□□□□□□
□□□□□□□□＿□
＿□□□□□□□□□
＿□□＿□□□□□□
＿□□□□□□□□□
□□□□□□＿□□□
□□□□□＿□□□□
□□□□□□＿□□□
□□□□□□□＿□□
00:28:25(51156f):field(51155f)
＿＿＿＿＿＿＿＿＿＿
＿＿＿＿＿＿＿＿＿＿
＿＿＿＿＿＿＿＿＿＿
＿＿＿＿＿＿＿＿＿＿
＿＿＿＿＿＿＿＿＿＿
＿＿＿＿＿＿＿＿＿＿
＿＿＿＿◆◆◆＿＿＿
＿◆◆◆◆□□＿＿＿
□◆□□□□□＿＿＿
◆□□□□□□◆◆■
□□□□□□□■□□
■□□□□□□□□□
□□□□□□□□＿□
＿□□□□□□□□□
＿□□＿□□□□□□
＿□□□□□□□□□
□□□□□□＿□□□
□□□□□＿□□□□
□□□□□□＿□□□
□□□□□□□＿□□
00:28:25(51174f):field(51173f)
＿＿＿＿＿＿＿＿＿＿
＿＿＿＿＿＿＿＿＿＿
＿＿＿＿＿＿＿＿＿＿
＿＿＿＿＿＿＿＿＿＿
＿＿＿＿＿＿＿＿＿＿
＿＿＿＿＿＿＿＿＿＿
＿＿＿＿＿＿＿＿＿＿
＿＿＿＿＿◆◆＿＿＿
◆＿◆◆◆◆◆＿＿＿
＿□□◆□□□＿■□
◆□□□□□□□□◆
□□□□□□□□□□
□□□□□□□□＿□
＿□□□□□□□□□
＿□□＿□□□□□□
＿□□□□□□□□□
□□□□□□＿□□□
□□□□□＿□□□□
□□□□□□＿□□□
□□□□□□□＿□□
00:28:26(51186f):field(51185f)
＿＿＿＿＿＿＿＿＿＿
＿＿＿＿＿＿＿＿＿＿
＿＿＿＿＿＿＿＿＿＿
＿＿＿＿＿＿＿＿＿＿
＿＿＿＿＿＿＿＿＿＿
＿＿＿＿＿＿＿＿＿＿
＿＿＿＿＿＿＿＿＿＿
＿＿＿＿＿＿■＿＿＿
＿＿＿＿＿＿■■＿＿
＿◆◆＿□□□■□◆
＿□□□□□□□□＿
◆□□□□□□□□□
□□□□□□□□＿□
＿□□□□□□□□□
＿□□＿□□□□□□
＿□□□□□□□□□
□□□□□□＿□□□
□□□□□＿□□□□
□□□□□□＿□□□
□□□□□□□＿□□
00:28:26(51199f):field(51198f)
＿＿＿＿＿＿＿＿＿＿
＿＿＿＿＿＿＿＿＿＿
＿＿＿＿＿＿＿＿＿＿
＿＿＿＿＿＿＿＿＿＿
＿＿＿＿＿＿＿＿＿＿
＿＿＿＿＿＿＿＿＿＿
＿＿＿＿＿＿＿＿＿＿
＿＿＿＿＿＿□＿＿＿
＿＿＿＿＿＿□□＿＿
■■■＿□□□□□＿
■□□□□□□□□＿
＿□□□□□□□□□
□□□□□□□□＿□
＿□□□□□□□□□
＿□□＿□□□□□□
＿□□□□□□□□□
□□□□□□＿□□□
□□□□□＿□□□□
□□□□□□＿□□□
□□□□□□□＿□□
00:28:27(51220f):field(51219f)
＿＿＿＿＿＿＿＿＿＿
＿＿＿＿＿＿＿＿＿＿
＿＿＿＿＿＿＿＿＿＿
＿＿＿＿＿＿＿＿＿＿
＿＿＿＿＿＿＿＿＿＿
＿＿＿＿＿＿＿＿＿＿
＿＿＿＿＿＿＿＿＿＿
＿＿＿＿＿＿◆＿＿＿
＿＿＿＿＿＿□◆＿■
◆◆◆＿□◆□□◆■
□□□◆□□□□□■
■□□□□□□□□□
□□□□□□□□＿□
＿□□□□□□□□□
＿□□＿□□□□□□
＿□□□□□□□□□
□□□□□□＿□□□
□□□□□＿□□□□
□□□□□□＿□□□
□□□□□□□＿□□
00:28:27(51229f):field(51228f)
＿＿＿＿＿＿＿＿＿＿
＿＿＿＿＿＿＿＿＿＿
＿＿＿＿＿＿＿＿＿＿
＿＿＿＿＿＿＿＿＿＿
＿＿＿＿＿＿＿＿＿＿
＿＿＿＿＿＿＿＿＿＿
＿＿＿＿＿＿＿＿＿＿
＿＿＿＿＿＿＿＿＿＿
＿＿＿＿■■□＿＿□
＿＿＿＿□■□□＿□
□□□＿□□□□□□
◆□□□□□□□□□
□□□□□□□□＿□
＿□□□□□□□□□
＿□□＿□□□□□□
＿□□□□□□□□□
□□□□□□＿□□□
□□□□□＿□□□□
□□□□□□＿□□□
□□□□□□□＿□□
00:28:28(51249f):field(51248f)
＿＿＿＿＿＿＿＿＿＿
＿＿＿＿＿＿＿＿＿＿
＿＿＿＿＿＿＿＿＿＿
＿＿＿＿＿＿＿＿＿＿
＿＿＿＿＿＿＿＿＿＿
＿＿＿＿＿＿＿＿＿＿
＿＿＿＿＿＿＿＿＿＿
＿＿＿＿＿＿＿＿＿＿
＿＿＿＿◆◆◆＿＿◆
＿■＿＿□□□◆＿□
◆□□■□□□□◆□
■□□□□□□□□□
□□□□□□□□■□
＿□□□□□□□□□
＿□□＿□□□□□□
＿□□□□□□□□□
□□□□□□＿□□□
□□□□□＿□□□□
□□□□□□＿□□□
□□□□□□□＿□□
00:28:28(51261f):field(51260f)
＿＿＿＿＿＿＿＿＿＿
＿＿＿＿＿＿＿＿＿＿
＿＿＿＿＿＿＿＿＿＿
＿＿＿＿＿＿＿＿＿＿
＿＿＿＿＿＿＿＿＿＿
＿＿＿＿＿＿＿＿＿＿
＿＿＿＿＿＿＿＿＿＿
＿＿＿＿＿＿＿＿＿＿
＿＿＿＿＿＿＿＿■＿
＿◆＿＿□□□■■□
＿□□□□□□□■□
◆□□□□□□□□□
□□□□□□□□◆□
＿□□□□□□□□□
＿□□＿□□□□□□
＿□□□□□□□□□
□□□□□□＿□□□
□□□□□＿□□□□
□□□□□□＿□□□
□□□□□□□＿□□
00:28:29(51273f):field(51272f)
＿＿＿＿＿＿＿＿＿＿
＿＿＿＿＿＿＿＿＿＿
＿＿＿＿＿＿＿＿＿＿
＿＿＿＿＿＿＿＿＿＿
＿＿＿＿＿＿＿＿＿＿
＿＿＿＿＿＿＿＿＿＿
＿＿＿＿＿＿＿＿＿＿
＿＿＿＿＿＿＿＿＿＿
＿＿＿■■＿＿＿□＿
＿＿■■□□□□□□
＿□□□□□□□□□
＿□□□□□□□□□
□□□□□□□□＿□
＿□□□□□□□□□
＿□□＿□□□□□□
＿□□□□□□□□□
□□□□□□＿□□□
□□□□□＿□□□□
□□□□□□＿□□□
□□□□□□□＿□□
00:28:29(51285f):field(51284f)
＿＿＿＿＿＿＿＿＿＿
＿＿＿＿＿＿＿＿＿＿
＿＿＿＿＿＿＿＿＿＿
＿＿＿＿＿＿＿＿＿＿
＿＿＿＿＿＿＿＿＿＿
＿＿＿＿＿＿＿＿＿＿
＿＿＿＿＿＿＿＿＿＿
＿＿＿＿＿＿＿■＿＿
＿＿＿□□■■■□＿
＿＿□□□□□□□□
＿□□□□□□□□□
＿□□□□□□□□□
□□□□□□□□＿□
＿□□□□□□□□□
＿□□＿□□□□□□
＿□□□□□□□□□
□□□□□□＿□□□
□□□□□＿□□□□
□□□□□□＿□□□
□□□□□□□＿□□
00:28:30(51301f):field(51300f)
＿＿＿＿＿＿＿＿＿＿
＿＿＿＿＿＿＿＿＿＿
＿＿＿＿＿＿＿＿＿＿
＿＿＿＿＿＿＿＿＿＿
＿＿＿＿＿＿＿＿＿＿
＿＿＿＿＿＿＿＿＿＿
＿＿＿＿＿＿＿＿＿＿
＿＿＿＿＿＿＿◆＿＿
＿＿＿◆◆◆◆◆◆＿
■■◆□◆□◆□◆□
＿□□□□□□□□◆
＿□□□□□□□□□
□□□□□□□□＿□
＿□□□□□□□□□
＿□□＿□□□□□□
＿□□□□□□□□□
□□□□□□＿□□□
□□□□□＿□□□□
□□□□□□＿□□□
□□□□□□□＿□□
00:28:30(51312f):field(51311f)
＿＿＿＿＿＿＿＿＿＿
＿＿＿＿＿＿＿＿＿＿
＿＿＿＿＿＿＿＿＿＿
＿＿＿＿＿＿＿＿＿＿
＿＿＿＿＿＿＿＿＿＿
＿＿＿＿＿＿＿＿＿＿
＿＿＿＿＿＿＿＿＿＿
＿＿＿＿＿＿＿＿＿＿
＿＿＿＿＿＿＿＿＿＿
◆◆＿□■□■□＿◆
＿□◆□□□□□□＿
＿□□□□□□□□□
□□□□□□□□＿□
＿□□□□□□□□□
＿□□＿□□□□□□
＿□□□□□□□□□
□□□□□□＿□□□
□□□□□＿□□□□
□□□□□□＿□□□
□□□□□□□＿□□
00:28:31(51333f):field(51332f)
＿＿＿＿＿＿＿＿＿＿
＿＿＿＿＿＿＿＿＿＿
＿＿＿＿＿＿＿＿＿＿
＿＿＿＿＿＿＿＿＿＿
＿＿＿＿＿＿＿＿＿＿
＿＿＿＿＿＿＿＿＿＿
＿＿＿＿＿＿＿＿＿＿
＿＿＿＿＿＿＿＿＿＿
＿＿＿＿＿＿＿＿＿＿
＿＿＿◆◆◆◆◆＿＿
■□■□□□□□◆＿
■□◆□□□□□□◆
□□□□□□□□■□
■□□□□□□□□□
＿□□＿□□□□□□
＿□□□□□□□□□
□□□□□□＿□□□
□□□□□＿□□□□
□□□□□□＿□□□
□□□□□□□＿□□
00:28:31(51344f):field(51343f)
＿＿＿＿＿＿＿＿＿＿
＿＿＿＿＿＿＿＿＿＿
＿＿＿＿＿＿＿＿＿＿
＿＿＿＿＿＿＿＿＿＿
＿＿＿＿＿＿＿＿＿＿
＿＿＿＿＿＿＿＿＿＿
＿＿＿＿＿＿＿＿＿＿
＿＿＿＿＿＿＿＿＿＿
＿＿＿＿＿＿＿＿＿＿
＿＿＿＿＿＿＿＿■＿
□□◆□□□□□■■
□□＿□□□□□□■
□□□□□□□□◆□
◆□□□□□□□□□
＿□□＿□□□□□□
＿□□□□□□□□□
□□□□□□＿□□□
□□□□□＿□□□□
□□□□□□＿□□□
□□□□□□□＿□□
00:28:31(51357f):field(51356f)
＿＿＿＿＿＿＿＿＿＿
＿＿＿＿＿＿＿＿＿＿
＿＿＿＿＿＿＿＿＿＿
＿＿＿＿＿＿＿＿＿＿
＿＿＿＿＿＿＿＿＿＿
＿＿＿＿＿＿＿＿＿＿
＿＿＿＿＿＿＿＿＿＿
＿＿＿＿＿＿＿＿＿＿
＿＿＿＿■■＿＿＿＿
＿＿＿＿■■＿＿□＿
□□＿□□□□□□□
□□＿□□□□□□□
□□□□□□□□＿□
＿□□□□□□□□□
＿□□＿□□□□□□
＿□□□□□□□□□
□□□□□□＿□□□
□□□□□＿□□□□
□□□□□□＿□□□
□□□□□□□＿□□
00:28:32(51372f):field(51371f)
＿＿＿＿＿＿＿＿＿＿
＿＿＿＿＿＿＿＿＿＿
＿＿＿＿＿＿＿＿＿＿
＿＿＿＿＿＿＿＿＿＿
＿＿＿＿＿＿＿＿＿＿
＿＿＿＿＿＿＿＿＿＿
＿＿＿＿＿＿＿＿＿＿
＿＿＿＿＿＿＿＿＿＿
＿＿＿＿◆◆＿＿＿＿
＿■＿■□□＿＿◆■
◆□■□□□◆◆□◆
□□■□□□□□□□
□□□□□□□□＿□
＿□□□□□□□□□
＿□□＿□□□□□□
＿□□□□□□□□□
□□□□□□＿□□□
□□□□□＿□□□□
□□□□□□＿□□□
□□□□□□□＿□□
00:28:32(51383f):field(51382f)
＿＿＿＿＿＿＿＿＿＿
＿＿＿＿＿＿＿＿＿＿
＿＿＿＿＿＿＿＿＿＿
＿＿＿＿＿＿＿＿＿＿
＿＿＿＿＿＿＿＿＿＿
＿＿＿＿＿＿＿＿＿＿
＿＿＿＿＿＿＿＿＿＿
＿＿＿＿＿＿＿＿＿＿
＿＿＿＿＿＿＿＿＿＿
■□■◆□□＿＿＿◆
■□□□□□＿＿□＿
□□◆□□□□□□□
□□□□□□□□＿□
＿□□□□□□□□□
＿□□＿□□□□□□
＿□□□□□□□□□
□□□□□□＿□□□
□□□□□＿□□□□
□□□□□□＿□□□
□□□□□□□＿□□
00:28:33(51400f):field(51399f)
＿＿＿＿＿＿＿＿＿＿
＿＿＿＿＿＿＿＿＿＿
＿＿＿＿＿＿＿＿＿＿
＿＿＿＿＿＿＿＿＿＿
＿＿＿＿＿＿＿＿＿＿
＿＿＿＿＿＿＿＿＿＿
＿＿＿＿＿＿＿＿＿＿
＿＿＿＿＿＿＿＿＿＿
＿■■■＿＿＿＿＿＿
□□□■□□＿＿＿＿
□□□□□□＿＿□＿
□□＿□□□□□□□
□□□□□□□□＿□
＿□□□□□□□□□
＿□□＿□□□□□□
＿□□□□□□□□□
□□□□□□＿□□□
□□□□□＿□□□□
□□□□□□＿□□□
□□□□□□□＿□□
00:28:33(51416f):field(51415f)
＿＿＿＿＿＿＿＿＿＿
＿＿＿＿＿＿＿＿＿＿
＿＿＿＿＿＿＿＿＿＿
＿＿＿＿＿＿＿＿＿＿
＿＿＿＿＿＿＿＿＿＿
＿＿＿＿＿＿＿＿＿＿
＿＿＿＿＿＿＿＿＿＿
＿＿＿＿＿＿＿＿＿＿
＿□□□＿＿＿＿＿＿
□□□□□□＿■■＿
□□□□□□■■□＿
□□＿□□□□□□□
□□□□□□□□＿□
＿□□□□□□□□□
＿□□＿□□□□□□
＿□□□□□□□□□
□□□□□□＿□□□
□□□□□＿□□□□
□□□□□□＿□□□
□□□□□□□＿□□
00:28:34(51427f):field(51426f)
＿＿＿＿＿＿＿＿＿＿
＿＿＿＿＿＿＿＿＿＿
＿＿＿＿＿＿＿＿＿＿
＿＿＿＿＿＿＿＿＿＿
＿＿＿＿＿＿＿＿＿＿
＿＿＿＿＿＿＿＿＿＿
＿＿＿＿＿＿＿＿＿＿
＿＿＿＿＿＿＿■＿＿
＿□□□＿＿■■＿＿
□□□□□□■□□＿
□□□□□□□□□＿
□□＿□□□□□□□
□□□□□□□□＿□
＿□□□□□□□□□
＿□□＿□□□□□□
＿□□□□□□□□□
□□□□□□＿□□□
□□□□□＿□□□□
□□□□□□＿□□□
□□□□□□□＿□□
00:28:34(51440f):field(51439f)
＿＿＿＿＿＿＿＿＿＿
＿＿＿＿＿＿＿＿＿＿
＿＿＿＿＿＿＿＿＿＿
＿＿＿＿＿＿＿＿＿＿
＿＿＿＿＿＿＿＿＿＿
＿＿＿＿＿＿＿＿＿＿
＿＿＿＿＿＿■■■■
＿＿＿＿＿＿＿□＿＿
＿□□□＿＿□□＿＿
□□□□□□□□□＿
□□□□□□□□□＿
□□＿□□□□□□□
□□□□□□□□＿□
＿□□□□□□□□□
＿□□＿□□□□□□
＿□□□□□□□□□
□□□□□□＿□□□
□□□□□＿□□□□
□□□□□□＿□□□
□□□□□□□＿□□
00:28:35(51453f):field(51452f)
＿＿＿＿＿＿＿＿＿＿
＿＿＿＿＿＿＿＿＿＿
＿＿＿＿＿＿＿＿＿＿
＿＿＿＿＿＿＿＿＿＿
＿＿＿＿＿＿＿＿＿＿
＿＿＿＿＿＿＿＿＿＿
＿＿＿＿■■□□□□
＿＿＿＿＿■＿□＿＿
＿□□□＿■□□＿＿
□□□□□□□□□＿
□□□□□□□□□＿
□□＿□□□□□□□
□□□□□□□□＿□
＿□□□□□□□□□
＿□□＿□□□□□□
＿□□□□□□□□□
□□□□□□＿□□□
□□□□□＿□□□□
□□□□□□＿□□□
□□□□□□□＿□□
00:28:35(51471f):field(51470f)
＿＿＿＿＿＿＿＿＿＿
＿＿＿＿＿＿＿＿＿＿
＿＿＿＿＿＿＿＿＿＿
＿＿＿＿＿＿＿＿＿＿
＿＿＿＿＿＿＿＿＿＿
＿＿＿＿＿＿＿＿＿＿
＿■■■□□□□□□
＿＿＿■＿□＿□＿＿
＿□□□＿□□□＿＿
□□□□□□□□□＿
□□□□□□□□□＿
□□＿□□□□□□□
□□□□□□□□＿□
＿□□□□□□□□□
＿□□＿□□□□□□
＿□□□□□□□□□
□□□□□□＿□□□
□□□□□＿□□□□
□□□□□□＿□□□
□□□□□□□＿□□
00:28:36(51485f):field(51484f)
＿＿＿＿＿＿＿＿＿＿
＿＿＿＿＿＿＿＿＿＿
＿＿＿＿＿＿＿＿＿＿
＿＿＿＿＿＿＿＿＿＿
＿＿＿＿■■＿＿＿＿
＿＿＿＿■■＿＿＿＿
＿□□□□□□□□□
＿＿＿□＿□＿□＿＿
＿□□□＿□□□＿＿
□□□□□□□□□＿
□□□□□□□□□＿
□□＿□□□□□□□
□□□□□□□□＿□
＿□□□□□□□□□
＿□□＿□□□□□□
＿□□□□□□□□□
□□□□□□＿□□□
□□□□□＿□□□□
□□□□□□＿□□□
□□□□□□□＿□□
00:28:36(51502f):field(51501f)
＿＿＿＿＿＿＿＿＿＿
＿＿＿＿＿＿＿＿＿＿
＿＿＿＿＿＿＿＿＿＿
＿＿＿＿＿＿＿＿＿＿
＿＿＿＿◆◆＿＿＿＿
■＿■＿□□＿＿＿＿
■□◆□□□□◆◆◆
＿＿＿□＿□＿□＿■
＿□□□＿□□□＿■
□□□□□□□□□＿
□□□□□□□□□＿
□□＿□□□□□□□
□□□□□□□□＿□
＿□□□□□□□□□
＿□□＿□□□□□□
＿□□□□□□□□□
□□□□□□＿□□□
□□□□□＿□□□□
□□□□□□＿□□□
□□□□□□□＿□□
00:28:37(51518f):field(51517f)
＿＿＿＿＿＿＿＿＿＿
＿＿＿＿＿＿＿＿＿＿
＿＿＿＿＿＿＿＿＿＿
＿＿＿＿＿＿＿＿＿＿
＿＿＿＿＿＿＿＿＿＿
◆＿◆＿◆◆＿＿＿＿
◆◆＿◆◆◆◆＿＿＿
■＿＿◆■□＿◆＿◆
■□□◆■□◆◆＿◆
◆◆◆□◆□◆□◆■
◆□□□□□□□◆■
□□■□□□□□□□
□□□□□□□□＿□
＿□□□□□□□□□
＿□□＿□□□□□□
＿□□□□□□□□□
□□□□□□＿□□□
□□□□□＿□□□□
□□□□□□＿□□□
□□□□□□□＿□□
00:28:37(51532f):field(51531f)
＿＿＿＿＿＿＿＿＿＿
＿＿＿＿＿＿＿＿＿＿
＿＿＿＿＿＿＿＿＿＿
＿＿＿＿＿＿＿＿＿＿
＿＿＿＿＿＿＿＿＿＿
＿＿＿＿＿＿＿＿＿＿
＿＿＿＿＿＿＿＿＿＿
□＿＿＿□□＿■＿＿
□□◆＿□□■■＿＿
＿＿＿□＿□■□＿□
＿□□□◆□□□＿□
□□◆□□□□□□□
□□□□□□□□＿□
＿□□□□□□□□□
＿□□＿□□□□□□
＿□□□□□□□□□
□□□□□□＿□□□
□□□□□＿□□□□
□□□□□□＿□□□
□□□□□□□＿□□
00:28:38(51546f):field(51545f)
＿＿＿＿＿＿＿＿＿＿
＿＿＿＿＿＿＿＿＿＿
＿＿＿＿＿＿＿＿＿＿
＿＿＿＿＿＿＿＿＿＿
＿＿＿＿＿＿＿＿＿＿
＿＿＿＿＿＿＿＿＿＿
＿＿＿＿＿＿＿＿＿＿
□＿＿＿□□＿□＿＿
□□＿＿□□□□■■
＿＿＿□＿□□□■□
＿□□□＿□□□■□
□□＿□□□□□□□
□□□□□□□□＿□
＿□□□□□□□□□
＿□□＿□□□□□□
＿□□□□□□□□□
□□□□□□＿□□□
□□□□□＿□□□□
□□□□□□＿□□□
□□□□□□□＿□□
00:28:38(51560f):field(51559f)
＿＿＿＿＿＿＿＿＿＿
＿＿＿＿＿＿＿＿＿＿
＿＿＿＿＿＿＿＿＿＿
＿＿＿＿＿＿＿＿＿＿
＿＿＿＿＿＿＿＿＿＿
＿＿＿＿＿＿＿＿＿＿
＿＿＿＿＿＿＿＿■■
□＿＿＿□□＿□■■
□□＿＿□□□□□□
＿＿＿□＿□□□□□
＿□□□＿□□□□□
□□＿□□□□□□□
□□□□□□□□＿□
＿□□□□□□□□□
＿□□＿□□□□□□
＿□□□□□□□□□
□□□□□□＿□□□
□□□□□＿□□□□
□□□□□□＿□□□
□□□□□□□＿□□
00:28:39(51578f):field(51577f)
＿＿＿＿＿＿＿＿＿＿
＿＿＿＿＿＿＿＿＿＿
＿＿＿＿＿＿＿＿＿＿
＿＿＿＿＿＿＿＿＿＿
＿＿＿＿＿＿＿＿＿＿
＿＿＿＿＿■■＿＿＿
＿＿＿＿＿＿■＿□□
□＿＿＿□□■□□□
□□＿＿□□□□□□
＿＿＿□＿□□□□□
＿□□□＿□□□□□
□□＿□□□□□□□
□□□□□□□□＿□
＿□□□□□□□□□
＿□□＿□□□□□□
＿□□□□□□□□□
□□□□□□＿□□□
□□□□□＿□□□□
□□□□□□＿□□□
□□□□□□□＿□□
00:28:39(51590f):field(51589f)
＿＿＿＿＿＿＿＿＿＿
＿＿＿＿＿＿＿＿＿＿
＿＿＿＿＿＿＿＿＿＿
＿＿＿＿■＿＿＿＿＿
＿＿＿＿■＿＿＿＿＿
＿＿＿＿■□□＿＿＿
＿＿＿＿■＿□＿□□
□＿＿＿□□□□□□
□□＿＿□□□□□□
＿＿＿□＿□□□□□
＿□□□＿□□□□□
□□＿□□□□□□□
□□□□□□□□＿□
＿□□□□□□□□□
＿□□＿□□□□□□
＿□□□□□□□□□
□□□□□□＿□□□
□□□□□＿□□□□
□□□□□□＿□□□
□□□□□□□＿□□
00:28:40(51606f):field(51605f)
＿＿＿＿＿＿＿＿＿＿
＿＿＿＿＿＿＿＿＿＿
＿＿＿＿＿＿＿＿＿＿
＿＿＿＿□＿＿＿＿＿
＿＿＿＿□＿＿＿＿＿
＿＿＿＿□□□＿＿＿
＿■＿＿□＿□＿□□
□■■＿□□□□□□
□□■＿□□□□□□
＿＿＿□＿□□□□□
＿□□□＿□□□□□
□□＿□□□□□□□
□□□□□□□□＿□
＿□□□□□□□□□
＿□□＿□□□□□□
＿□□□□□□□□□
□□□□□□＿□□□
□□□□□＿□□□□
□□□□□□＿□□□
□□□□□□□＿□□
00:28:40(51626f):field(51625f)
＿＿＿＿＿＿＿＿＿＿
＿＿＿＿＿＿＿＿＿＿
＿＿＿＿＿＿＿＿＿＿
＿＿＿＿◆＿＿＿＿＿
＿＿＿＿□＿＿＿＿＿
＿＿＿＿□◆◆＿＿＿
■◆＿■□■□＿□◆
◆□□■□◆□◆□□
□□□＿□□□□□□
＿＿■□■□□□□□
＿□□□＿□□□□□
□□＿□□□□□□□
□□□□□□□□＿□
＿□□□□□□□□□
＿□□＿□□□□□□
＿□□□□□□□□□
□□□□□□＿□□□
□□□□□＿□□□□
□□□□□□＿□□□
□□□□□□□＿□□
00:28:41(51638f):field(51637f)
＿＿＿＿＿＿＿＿＿＿
＿＿＿＿＿＿＿＿＿＿
＿＿＿＿＿＿＿＿＿＿
＿＿＿＿＿＿＿＿＿＿
＿＿＿＿□＿＿＿＿＿
＿■＿＿□＿＿＿＿＿
□■＿□□□□＿◆＿
■□□□□＿□＿□□
□□□＿□□□□□□
＿＿◆□◆□□□□□
＿□□□＿□□□□□
□□＿□□□□□□□
□□□□□□□□＿□
＿□□□□□□□□□
＿□□＿□□□□□□
＿□□□□□□□□□
□□□□□□＿□□□
□□□□□＿□□□□
□□□□□□＿□□□
□□□□□□□＿□□
00:28:41(51658f):field(51657f)
＿＿＿＿＿＿＿＿＿＿
＿＿＿＿＿＿＿＿＿＿
＿＿＿＿＿＿＿＿＿＿
＿＿＿＿＿＿＿＿＿＿
＿＿＿＿□＿＿＿＿＿
＿□＿＿□＿＿■＿＿
□□＿□□□□■■■
□□□□□＿□＿□□
□□□＿□□□□□□
＿＿＿□＿□□□□□
＿□□□＿□□□□□
□□＿□□□□□□□
□□□□□□□□＿□
＿□□□□□□□□□
＿□□＿□□□□□□
＿□□□□□□□□□
□□□□□□＿□□□
□□□□□＿□□□□
□□□□□□＿□□□
□□□□□□□＿□□
00:28:42(51672f):field(51671f)
＿＿＿＿＿＿＿＿＿＿
＿＿＿＿＿＿＿＿＿＿
＿＿＿＿＿＿■＿＿＿
＿＿＿＿＿＿■＿＿＿
＿＿＿＿□＿■＿＿＿
＿□＿＿□＿■□＿＿
□□＿□□□□□□□
□□□□□＿□＿□□
□□□＿□□□□□□
＿＿＿□＿□□□□□
＿□□□＿□□□□□
□□＿□□□□□□□
□□□□□□□□＿□
＿□□□□□□□□□
＿□□＿□□□□□□
＿□□□□□□□□□
□□□□□□＿□□□
□□□□□＿□□□□
□□□□□□＿□□□
□□□□□□□＿□□
00:28:42(51684f):field(51683f)
＿＿＿＿＿＿＿＿＿＿
＿＿＿＿＿＿＿＿＿＿
＿＿＿＿＿＿□＿＿＿
＿＿＿■■■□＿＿＿
＿＿＿■□＿□＿＿＿
＿□＿＿□＿□□＿＿
□□＿□□□□□□□
□□□□□＿□＿□□
□□□＿□□□□□□
＿＿＿□＿□□□□□
＿□□□＿□□□□□
□□＿□□□□□□□
□□□□□□□□＿□
＿□□□□□□□□□
＿□□＿□□□□□□
＿□□□□□□□□□
□□□□□□＿□□□
□□□□□＿□□□□
□□□□□□＿□□□
□□□□□□□＿□□
00:28:43(51705f):field(51704f)
＿＿＿＿＿＿＿＿＿＿
＿＿＿＿＿＿＿＿＿＿
＿＿＿＿＿＿□＿＿＿
■■＿□□□□＿＿＿
■■＿□□＿□＿＿＿
＿□＿＿□＿□□＿＿
□□＿□□□□□□□
□□□□□＿□＿□□
□□□＿□□□□□□
＿＿＿□＿□□□□□
＿□□□＿□□□□□
□□＿□□□□□□□
□□□□□□□□＿□
＿□□□□□□□□□
＿□□＿□□□□□□
＿□□□□□□□□□
□□□□□□＿□□□
□□□□□＿□□□□
□□□□□□＿□□□
□□□□□□□＿□□
00:28:44(51724f):field(51723f)
＿＿＿＿＿＿＿＿＿＿
＿＿＿＿＿＿＿＿＿＿
＿■■■＿＿□＿＿＿
□□■□□□□＿＿＿
□□＿□□＿□＿＿＿
＿□＿＿□＿□□＿＿
□□＿□□□□□□□
□□□□□＿□＿□□
□□□＿□□□□□□
＿＿＿□＿□□□□□
＿□□□＿□□□□□
□□＿□□□□□□□
□□□□□□□□＿□
＿□□□□□□□□□
＿□□＿□□□□□□
＿□□□□□□□□□
□□□□□□＿□□□
□□□□□＿□□□□
□□□□□□＿□□□
□□□□□□□＿□□
00:28:44(51738f):field(51737f)
＿＿＿＿＿＿＿＿＿＿
＿＿＿■■■＿＿＿＿
＿□□□＿■□＿＿＿
□□□□□□□＿＿＿
□□＿□□＿□＿＿＿
＿□＿＿□＿□□＿＿
□□＿□□□□□□□
□□□□□＿□＿□□
□□□＿□□□□□□
＿＿＿□＿□□□□□
＿□□□＿□□□□□
□□＿□□□□□□□
□□□□□□□□＿□
＿□□□□□□□□□
＿□□＿□□□□□□
＿□□□□□□□□□
□□□□□□＿□□□
□□□□□＿□□□□
□□□□□□＿□□□
□□□□□□□＿□□
00:28:45(51752f):field(51751f)
＿＿＿■■■■＿＿＿
＿＿＿□□□＿＿＿＿
＿□□□＿□□＿＿＿
□□□□□□□＿＿＿
□□＿□□＿□＿＿＿
＿□＿＿□＿□□＿＿
□□＿□□□□□□□
□□□□□＿□＿□□
□□□＿□□□□□□
＿＿＿□＿□□□□□
＿□□□＿□□□□□
□□＿□□□□□□□
□□□□□□□□＿□
＿□□□□□□□□□
＿□□＿□□□□□□
＿□□□□□□□□□
□□□□□□＿□□□
□□□□□＿□□□□
□□□□□□＿□□□
□□□□□□□＿□□
00:28:48(51840f):game end
