00:19:26(34998f):game start
00:19:28(35042f):field(35041f)
＿＿＿＿＿＿＿＿＿＿
＿＿＿＿＿＿＿＿＿＿
＿＿＿＿＿＿＿＿＿＿
＿＿＿＿＿＿＿＿＿＿
＿＿＿＿＿＿＿＿＿＿
＿＿＿＿＿＿＿＿＿＿
＿＿＿＿＿＿＿＿＿＿
＿＿＿＿＿＿＿＿＿＿
＿＿＿＿＿＿＿＿＿＿
＿＿＿＿＿＿＿＿＿＿
＿＿＿＿＿＿＿＿＿＿
＿＿＿＿＿＿＿＿＿＿
＿＿＿＿＿＿＿＿＿＿
＿＿■■■■■■＿＿
＿＿＿＿＿＿＿＿＿＿
＿＿＿＿＿＿＿＿＿＿
＿＿＿＿＿＿＿＿＿＿
＿＿＿＿＿＿＿＿＿＿
＿＿＿＿＿＿＿＿＿＿
＿＿＿＿＿＿＿＿＿＿
00:19:28(35066f):field(35065f)
＿＿＿＿＿＿＿＿＿＿
＿＿＿＿＿＿＿＿＿＿
＿＿＿＿＿＿＿＿＿＿
＿＿＿＿＿＿＿＿＿＿
＿＿＿＿＿＿＿＿＿＿
＿＿＿＿＿＿＿＿＿＿
＿＿＿＿＿＿＿＿＿＿
＿＿＿＿＿＿＿＿＿＿
＿＿＿＿＿＿＿＿＿＿
＿＿＿＿＿＿＿＿＿＿
＿＿＿＿＿＿＿＿＿＿
＿＿＿＿＿＿＿＿＿＿
＿＿＿＿＿＿＿＿＿＿
＿＿◆◆◆◆◆◆＿＿
＿＿＿＿＿＿＿＿＿＿
＿＿＿＿＿＿＿＿＿＿
＿＿＿＿＿＿＿＿＿＿
＿＿＿＿＿＿＿＿＿＿
■＿＿＿■＿＿＿＿＿
■■■■■■＿＿＿＿
00:19:29(35080f):field(35079f)
＿＿＿＿＿＿＿＿＿＿
＿＿＿＿＿＿＿＿＿＿
＿＿＿＿＿＿＿＿＿＿
＿＿＿＿＿＿＿＿＿＿
＿＿＿＿＿＿＿＿＿＿
＿＿＿＿＿＿＿＿＿＿
＿＿＿＿＿＿＿＿＿＿
＿＿＿＿＿＿＿＿＿＿
＿＿＿＿＿＿＿＿＿＿
＿＿＿＿＿＿＿＿＿＿
＿＿＿＿＿＿＿＿＿＿
＿＿＿＿＿＿＿＿＿＿
＿＿＿＿＿＿＿＿＿＿
＿＿＿＿＿＿＿＿＿＿
＿＿＿＿＿＿＿＿＿＿
＿＿＿＿＿＿＿＿＿＿
＿＿＿＿＿＿＿＿＿＿
＿＿＿＿＿＿＿＿＿＿
□＿＿＿□＿＿＿■＿
□□□□□□■■■＿
00:19:29(35092f):field(35091f)
＿＿＿＿＿＿＿＿＿＿
＿＿＿＿＿＿＿＿＿＿
＿＿＿＿＿＿＿＿＿＿
＿＿＿＿＿＿＿＿＿＿
＿＿＿＿＿＿＿＿＿＿
＿＿＿＿＿＿＿＿＿＿
＿＿＿＿＿＿＿＿＿＿
＿＿＿＿＿＿＿＿＿＿
＿＿＿＿＿＿＿＿＿＿
＿＿＿＿＿＿＿＿＿＿
＿＿＿＿＿＿＿＿＿＿
＿＿＿＿＿＿＿＿＿＿
＿＿＿＿＿＿＿＿＿＿
＿＿＿＿＿＿＿＿＿＿
＿＿＿＿＿＿＿＿＿＿
＿＿＿＿＿＿＿＿＿＿
＿＿＿＿＿＿＿＿＿＿
＿＿＿■■＿＿＿＿＿
□＿■■□＿＿＿□＿
□□□□□□□□□＿
00:19:30(35106f):field(35105f)
＿＿＿＿＿＿＿＿＿＿
＿＿＿＿＿＿＿＿＿＿
＿＿＿＿＿＿＿＿＿＿
＿＿＿＿＿＿＿＿＿＿
＿＿＿＿＿＿＿＿＿＿
＿＿＿＿＿＿＿＿＿＿
＿＿＿＿＿＿＿＿＿＿
＿＿＿＿＿＿＿＿＿＿
＿＿＿＿＿＿＿＿＿＿
＿＿＿＿＿＿＿＿＿＿
＿＿＿＿＿＿＿＿＿＿
＿＿＿＿＿＿＿＿＿＿
＿＿＿＿＿＿＿＿＿＿
＿＿＿＿＿＿＿＿＿＿
＿＿＿＿＿＿＿＿＿＿
＿＿＿＿＿＿＿＿＿＿
＿＿＿＿＿＿＿＿＿＿
＿＿＿□□■■＿＿＿
□＿□□□■■＿□＿
□□□□□□□□□＿
00:19:30(35119f):field(35118f)
＿＿＿＿＿＿＿＿＿＿
＿＿＿＿＿＿＿＿＿＿
＿＿＿＿＿＿＿＿＿＿
＿＿＿＿＿＿＿＿＿＿
＿＿＿＿＿＿＿＿＿＿
＿＿＿＿＿＿＿＿＿＿
＿＿＿＿＿＿＿＿＿＿
＿＿＿＿＿＿＿＿＿＿
＿＿＿＿＿＿＿＿＿＿
＿＿＿＿＿＿＿＿＿＿
＿＿＿＿＿＿＿＿＿＿
＿＿＿＿＿＿＿＿＿＿
＿＿＿＿＿＿＿＿＿＿
＿＿＿＿＿＿＿＿＿＿
＿＿＿＿＿＿＿＿＿＿
＿＿＿■＿＿＿＿＿＿
＿＿＿■■■＿＿＿＿
＿＿＿□□□□＿＿＿
□＿□□□□□＿□＿
□□□□□□□□□＿
00:19:31(35132f):field(35131f)
＿＿＿＿＿＿＿＿＿＿
＿＿＿＿＿＿＿＿＿＿
＿＿＿＿＿＿＿＿＿＿
＿＿＿＿＿＿＿＿＿＿
＿＿＿＿＿＿＿＿＿＿
＿＿＿＿＿＿＿＿＿＿
＿＿＿＿＿＿＿＿＿＿
＿＿＿＿＿＿＿＿＿＿
＿＿＿＿＿＿＿＿＿＿
＿＿＿＿＿＿＿＿＿＿
＿＿＿＿＿＿＿＿＿＿
＿＿＿＿＿＿＿＿＿＿
＿＿＿＿＿＿＿＿＿＿
＿＿＿＿＿＿＿＿＿＿
＿＿＿＿＿＿＿＿＿＿
＿＿＿□＿＿＿＿＿＿
＿＿＿□□□＿■＿＿
＿＿＿□□□□■■＿
□＿□□□□□■□＿
□□□□□□□□□＿
00:19:31(35145f):field(35144f)
＿＿＿＿＿＿＿＿＿＿
＿＿＿＿＿＿＿＿＿＿
＿＿＿＿＿＿＿＿＿＿
＿＿＿＿＿＿＿＿＿＿
＿＿＿＿＿＿＿＿＿＿
＿＿＿＿＿＿＿＿＿＿
＿＿＿＿＿＿＿＿＿＿
＿＿＿＿＿＿＿＿＿＿
＿＿＿＿＿＿＿＿＿＿
＿＿＿＿＿＿＿＿＿＿
＿＿＿＿＿＿＿＿＿＿
＿＿＿＿＿＿＿＿＿＿
＿＿＿＿＿＿＿＿＿＿
＿＿＿＿＿＿■＿＿＿
＿＿＿＿＿＿■＿＿＿
＿＿＿□＿＿■＿＿＿
＿＿＿□□□■□＿＿
＿＿＿□□□□□□＿
□＿□□□□□□□＿
□□□□□□□□□＿
00:19:31(35157f):field(35156f)
＿＿＿＿＿＿＿＿＿＿
＿＿＿＿＿＿＿＿＿＿
＿＿＿＿＿＿＿＿＿＿
＿＿＿＿＿＿＿＿＿＿
＿＿＿＿＿＿＿＿＿＿
＿＿＿＿＿＿＿＿＿＿
＿＿＿＿＿＿＿＿＿＿
＿＿＿＿＿＿＿＿＿＿
＿＿＿＿＿＿＿＿＿＿
＿＿＿＿＿＿＿＿＿＿
＿＿＿＿＿＿＿＿＿＿
＿＿＿＿＿＿＿＿＿＿
＿＿＿＿＿＿＿＿＿＿
＿＿＿＿■＿□＿＿＿
＿＿＿＿■＿□＿＿＿
＿＿＿□■■□＿＿＿
＿＿＿□□□□□＿＿
＿＿＿□□□□□□＿
□＿□□□□□□□＿
□□□□□□□□□＿
00:19:32(35170f):field(35169f)
＿＿＿＿＿＿＿＿＿＿
＿＿＿＿＿＿＿＿＿＿
＿＿＿＿＿＿＿＿＿＿
＿＿＿＿＿＿＿＿＿＿
＿＿＿＿＿＿＿＿＿＿
＿＿＿＿＿＿＿＿＿＿
＿＿＿＿＿＿＿＿＿＿
＿＿＿＿＿＿＿＿＿＿
＿＿＿＿＿＿＿＿＿＿
＿＿＿＿＿＿＿＿＿＿
＿＿＿＿＿＿＿＿＿＿
＿＿＿＿＿＿＿＿＿＿
＿＿＿＿＿＿＿＿＿＿
＿＿＿＿□＿□＿＿＿
＿＿＿＿□＿□＿＿＿
＿＿＿□□□□＿＿＿
■＿＿□□□□□＿＿
■■＿□□□□□□＿
□■□□□□□□□＿
□□□□□□□□□＿
00:19:32(35186f):field(35185f)
＿＿＿＿＿＿＿＿＿＿
＿＿＿＿＿＿＿＿＿＿
＿＿＿＿＿＿＿＿＿＿
＿＿＿＿＿＿＿＿＿＿
＿＿＿＿＿＿＿＿＿＿
＿＿＿＿＿＿＿＿＿＿
＿＿＿＿＿＿＿＿＿＿
＿＿＿＿＿＿＿＿＿＿
＿＿＿＿＿＿＿＿＿＿
＿＿＿＿＿＿＿＿＿＿
＿＿＿＿＿＿＿＿＿＿
＿＿＿＿＿＿＿＿＿＿
＿＿＿＿＿＿＿＿＿＿
＿＿＿＿□＿□＿＿＿
＿＿＿＿□＿□＿＿＿
＿＿＿□□□□■■＿
□＿＿□□□□□■■
□□＿□□□□□□＿
□□□□□□□□□＿
□□□□□□□□□＿
00:19:33(35201f):field(35200f)
＿＿＿＿＿＿＿＿＿＿
＿＿＿＿＿＿＿＿＿＿
＿＿＿＿＿＿＿＿＿＿
＿＿＿＿＿＿＿＿＿＿
＿＿＿＿＿＿＿＿＿＿
＿＿＿＿＿＿＿＿＿＿
＿＿＿＿＿＿＿＿＿＿
＿＿＿＿＿＿＿＿＿＿
＿＿＿＿＿＿＿＿＿＿
＿＿＿＿＿＿＿＿＿＿
＿＿＿＿＿＿＿＿＿＿
＿＿＿＿＿＿＿＿＿＿
＿＿＿＿＿＿＿＿＿＿
＿＿＿＿□＿□■■＿
＿＿＿＿□＿□■■＿
＿＿＿□□□□□□＿
□＿＿□□□□□□□
□□＿□□□□□□＿
□□□□□□□□□＿
□□□□□□□□□＿
00:19:33(35214f):field(35213f)
＿＿＿＿＿＿＿＿＿＿
＿＿＿＿＿＿＿＿＿＿
＿＿＿＿＿＿＿＿＿＿
＿＿＿＿＿＿＿＿＿＿
＿＿＿＿＿＿＿＿＿＿
＿＿＿＿＿＿＿＿＿＿
＿＿＿＿＿＿＿＿＿＿
＿＿＿＿＿＿＿＿＿＿
＿＿＿＿＿＿＿＿＿＿
＿＿＿＿＿＿＿＿＿＿
＿＿＿＿＿＿＿＿＿＿
＿＿＿＿＿＿＿＿＿＿
＿＿＿＿＿■■＿＿＿
＿＿＿＿□■□□□＿
＿＿＿＿□■□□□＿
＿＿＿□□□□□□＿
□＿＿□□□□□□□
□□＿□□□□□□＿
□□□□□□□□□＿
□□□□□□□□□＿
00:19:34(35226f):field(35225f)
＿＿＿＿＿＿＿＿＿＿
＿＿＿＿＿＿＿＿＿＿
＿＿＿＿＿＿＿＿＿＿
＿＿＿＿＿＿＿＿＿＿
＿＿＿＿＿＿＿＿＿＿
＿＿＿＿＿＿＿＿＿＿
＿＿＿＿＿＿＿＿＿＿
＿＿＿＿＿＿＿＿＿＿
＿＿＿＿＿＿＿＿＿＿
＿＿＿＿＿＿＿＿＿＿
＿＿＿＿＿＿＿＿＿＿
＿＿＿＿＿＿＿＿＿＿
＿＿＿＿＿□□＿＿＿
＿＿＿＿□□□□□＿
＿＿■＿□□□□□＿
＿＿■□□□□□□＿
□＿■□□□□□□□
□□■□□□□□□＿
□□□□□□□□□＿
□□□□□□□□□＿
00:19:34(35243f):field(35242f)
＿＿＿＿＿＿＿＿＿＿
＿＿＿＿＿＿＿＿＿＿
＿＿＿＿＿＿＿＿＿＿
＿＿＿＿＿＿＿＿＿＿
＿＿＿＿＿＿＿＿＿＿
＿＿＿＿＿＿＿＿＿＿
＿＿＿＿＿＿＿＿＿＿
＿＿＿＿＿＿＿＿＿＿
＿＿＿＿＿＿＿＿＿＿
＿＿＿＿＿＿＿＿＿＿
＿＿＿＿＿＿＿＿＿＿
＿＿＿＿＿＿＿＿＿＿
＿＿■■■□□＿＿＿
＿＿■＿□□□□□＿
＿＿□＿□□□□□＿
＿＿□□□□□□□＿
□＿□□□□□□□□
□□□□□□□□□＿
□□□□□□□□□＿
□□□□□□□□□＿
00:19:35(35260f):field(35259f)
＿＿＿＿＿＿＿＿＿＿
＿＿＿＿＿＿＿＿＿＿
＿＿＿＿＿＿＿＿＿＿
＿＿＿＿＿＿＿＿＿＿
＿＿＿＿＿＿＿＿＿＿
＿＿＿＿＿＿＿＿＿＿
＿＿＿＿＿＿＿＿＿＿
＿＿＿＿＿＿＿＿＿＿
＿＿＿＿＿＿＿＿＿＿
＿＿＿＿＿＿＿＿＿＿
＿＿＿＿＿＿＿＿＿＿
＿＿＿＿＿＿■■＿＿
＿＿□□□□□■■＿
＿＿□＿□□□□□＿
＿＿□＿□□□□□＿
＿＿□□□□□□□＿
□＿□□□□□□□□
□□□□□□□□□＿
□□□□□□□□□＿
□□□□□□□□□＿
00:19:35(35270f):field(35269f)
＿＿＿＿＿＿＿＿＿＿
＿＿＿＿＿＿＿＿＿＿
＿＿＿＿＿＿＿＿＿＿
＿＿＿＿＿＿＿＿＿＿
＿＿＿＿＿＿＿＿＿＿
＿＿＿＿＿＿＿＿＿＿
＿＿＿＿＿＿＿＿＿＿
＿＿＿＿＿＿＿＿＿＿
＿＿＿＿＿＿＿＿＿＿
＿＿＿＿＿＿＿＿＿＿
＿＿＿＿■■＿＿＿＿
＿＿＿＿■■□□＿＿
＿＿□□□□□□□＿
＿＿□＿□□□□□＿
＿＿□＿□□□□□＿
＿＿□□□□□□□＿
□＿□□□□□□□□
□□□□□□□□□＿
□□□□□□□□□＿
□□□□□□□□□＿
00:19:36(35287f):field(35286f)
＿＿＿＿＿＿＿＿＿＿
＿＿＿＿＿＿＿＿＿＿
＿＿＿＿＿＿＿＿＿＿
＿＿＿＿＿＿＿＿＿＿
＿＿＿＿＿＿＿＿＿＿
＿＿＿＿＿＿＿＿＿＿
＿＿＿＿＿＿＿＿＿＿
＿＿＿＿＿＿＿＿＿＿
＿＿＿＿＿＿＿＿＿＿
＿＿＿＿＿＿＿＿＿＿
＿＿＿＿◆◆＿＿＿＿
＿＿＿＿□□◆◆＿＿
＿＿◆◆□□□□◆＿
＿＿□■□□□□□＿
＿＿□＿□□□□□＿
■＿□□□□□□□＿
□■□□□□□□□◆
□□□□□□□□□＿
□□□□□□□□□＿
□□□□□□□□□＿
00:19:36(35303f):field(35302f)
＿＿＿＿＿＿＿＿＿＿
＿＿＿＿＿＿＿＿＿＿
＿＿＿＿＿＿＿＿＿＿
＿＿＿＿＿＿＿＿＿＿
＿＿＿＿＿＿＿＿＿＿
＿＿＿＿＿＿＿＿＿＿
＿＿＿＿＿＿＿＿＿＿
＿＿＿＿＿＿＿＿＿＿
＿＿＿＿＿＿＿＿＿＿
＿＿＿＿＿＿＿＿＿＿
＿＿＿＿＿＿＿＿＿＿
＿＿＿＿◆◆＿＿＿＿
＿＿＿＿◆◆◆◆＿＿
＿＿◆◆◆◆◆◆◆＿
＿＿◆＿◆◆◆◆◆＿
◆＿◆□□□◆◆◆＿
◆◆◆◆□□□□◆＿
□◆□□□□□□□＿
◆◆□◆□□□□□＿
□◆□◆□□□□□＿
00:19:37(35315f):field(35314f)
＿＿＿＿＿＿＿＿＿＿
＿＿＿＿＿＿＿＿＿＿
＿＿＿＿＿＿＿＿＿＿
＿＿＿＿＿＿＿＿＿＿
＿＿＿＿＿＿＿＿＿＿
＿＿＿＿＿＿＿＿＿＿
＿＿＿＿＿＿＿＿＿＿
＿＿＿＿＿＿＿＿＿＿
＿＿＿＿＿＿＿＿＿＿
＿＿＿＿＿＿＿＿＿＿
＿＿＿＿＿＿＿＿＿＿
＿＿＿＿＿＿＿＿＿＿
＿＿＿＿＿＿＿＿＿＿
＿＿＿＿＿＿＿＿＿＿
＿＿＿＿■■■＿＿＿
＿＿＿◆□□■＿＿＿
＿＿＿＿□□□□＿＿
◆＿□□□□□□□＿
＿＿□＿□□□□□＿
□＿□＿□□□□□＿
00:19:37(35330f):field(35329f)
＿＿＿＿＿＿＿＿＿＿
＿＿＿＿＿＿＿＿＿＿
＿＿＿＿＿＿＿＿＿＿
＿＿＿＿＿＿＿＿＿＿
＿＿＿＿＿＿＿＿＿＿
＿＿＿＿＿＿＿＿＿＿
＿＿＿＿＿＿＿＿＿＿
＿＿＿＿＿＿＿＿＿＿
＿＿＿＿＿＿＿＿＿＿
＿＿＿＿＿＿＿＿＿＿
＿＿＿＿＿＿＿＿＿＿
＿＿＿＿＿＿＿＿＿＿
＿＿＿＿＿＿＿＿＿＿
＿＿＿＿＿＿＿＿＿＿
＿＿＿＿□□□＿＿＿
＿＿＿＿□□□＿＿＿
＿＿＿＿□□□□＿＿
＿■□□□□□□□＿
■■□＿□□□□□＿
□■□＿□□□□□＿
00:19:38(35342f):field(35341f)
＿＿＿＿＿＿＿＿＿＿
＿＿＿＿＿＿＿＿＿＿
＿＿＿＿＿＿＿＿＿＿
＿＿＿＿＿＿＿＿＿＿
＿＿＿＿＿＿＿＿＿＿
＿＿＿＿＿＿＿＿＿＿
＿＿＿＿＿＿＿＿＿＿
＿＿＿＿＿＿＿＿＿＿
＿＿＿＿＿＿＿＿＿＿
＿＿＿＿＿＿＿＿＿＿
＿＿＿＿＿＿＿＿＿＿
＿＿＿＿＿＿＿＿＿＿
＿＿＿＿■■＿＿＿＿
＿＿＿＿■■＿＿＿＿
＿＿＿＿□□□＿＿＿
＿＿＿＿□□□＿＿＿
＿＿＿＿□□□□＿＿
＿□□□□□□□□＿
□□□＿□□□□□＿
□□□＿□□□□□＿
00:19:38(35356f):field(35355f)
＿＿＿＿＿＿＿＿＿＿
＿＿＿＿＿＿＿＿＿＿
＿＿＿＿＿＿＿＿＿＿
＿＿＿＿＿＿＿＿＿＿
＿＿＿＿＿＿＿＿＿＿
＿＿＿＿＿＿＿＿＿＿
＿＿＿＿＿＿＿＿＿＿
＿＿＿＿＿＿＿＿＿＿
＿＿＿＿＿＿＿＿＿＿
＿＿＿＿＿＿＿＿＿＿
＿＿＿＿＿＿＿＿＿＿
＿＿＿＿＿＿＿＿＿＿
＿＿＿＿□□＿＿＿＿
＿＿＿＿□□＿＿＿＿
＿＿＿＿□□□＿＿＿
＿＿＿＿□□□＿＿＿
■■■＿□□□□＿＿
■□□□□□□□□＿
□□□＿□□□□□＿
□□□＿□□□□□＿
00:19:38(35369f):field(35368f)
＿＿＿＿＿＿＿＿＿＿
＿＿＿＿＿＿＿＿＿＿
＿＿＿＿＿＿＿＿＿＿
＿＿＿＿＿＿＿＿＿＿
＿＿＿＿＿＿＿＿＿＿
＿＿＿＿＿＿＿＿＿＿
＿＿＿＿＿＿＿＿＿＿
＿＿＿＿＿＿＿＿＿＿
＿＿＿＿＿＿＿＿＿＿
＿＿＿＿＿＿＿＿＿＿
＿＿＿＿＿＿＿＿＿＿
＿＿＿＿＿＿＿＿＿＿
＿＿＿＿□□＿＿＿＿
＿＿＿＿□□＿＿＿＿
＿＿＿＿□□□＿＿＿
＿＿＿＿□□□■■＿
□□□＿□□□□■■
□□□□□□□□□＿
□□□＿□□□□□＿
□□□＿□□□□□＿
00:19:39(35384f):field(35383f)
＿＿＿＿＿＿＿＿＿＿
＿＿＿＿＿＿＿＿＿＿
＿＿＿＿＿＿＿＿＿＿
＿＿＿＿＿＿＿＿＿＿
＿＿＿＿＿＿＿＿＿＿
＿＿＿＿＿＿＿＿＿＿
＿＿＿＿＿＿＿＿＿＿
＿＿＿＿＿＿＿＿＿＿
＿＿＿＿＿＿＿＿＿＿
＿＿＿＿＿＿＿＿＿＿
＿＿＿＿＿＿＿＿＿＿
＿＿＿＿＿＿＿＿＿＿
＿＿＿＿□□＿＿＿＿
＿＿＿＿□□＿＿＿＿
■＿＿＿□□□＿＿＿
■■■＿□□□□□＿
□□□＿□□□□□□
□□□□□□□□□＿
□□□＿□□□□□＿
□□□＿□□□□□＿
00:19:39(35396f):field(35395f)
＿＿＿＿＿＿＿＿＿＿
＿＿＿＿＿＿＿＿＿＿
＿＿＿＿＿＿＿＿＿＿
＿＿＿＿＿＿＿＿＿＿
＿＿＿＿＿＿＿＿＿＿
＿＿＿＿＿＿＿＿＿＿
＿＿＿＿＿＿＿＿＿＿
＿＿＿＿＿＿＿＿＿＿
＿＿＿＿＿＿＿＿＿＿
＿＿＿＿＿＿＿＿＿＿
＿＿＿＿＿＿＿＿＿＿
＿＿＿＿＿＿＿＿＿＿
＿＿＿＿□□＿＿＿＿
＿＿＿■□□＿＿＿＿
□＿■■□□□＿＿＿
□□□■□□□□□＿
□□□＿□□□□□□
□□□□□□□□□＿
□□□＿□□□□□＿
□□□＿□□□□□＿
00:19:40(35412f):field(35411f)
＿＿＿＿＿＿＿＿＿＿
＿＿＿＿＿＿＿＿＿＿
＿＿＿＿＿＿＿＿＿＿
＿＿＿＿＿＿＿＿＿＿
＿＿＿＿＿＿＿＿＿＿
＿＿＿＿＿＿＿＿＿＿
＿＿＿＿＿＿＿＿＿＿
＿＿＿＿＿＿＿＿＿＿
＿＿＿＿＿＿＿＿＿＿
＿＿＿＿＿＿＿＿＿＿
＿＿＿＿＿＿＿＿＿＿
＿＿＿＿＿＿＿＿＿＿
■＿＿＿□□＿＿＿＿
■■＿□□□＿＿＿＿
□■□□□□□＿＿＿
□□□□□□□□□＿
□□□＿□□□□□□
□□□□□□□□□＿
□□□＿□□□□□＿
□□□＿□□□□□＿
00:19:40(35427f):field(35426f)
＿＿＿＿＿＿＿＿＿＿
＿＿＿＿＿＿＿＿＿＿
＿＿＿＿＿＿＿＿＿＿
＿＿＿＿＿＿＿＿＿＿
＿＿＿＿＿＿＿＿＿＿
＿＿＿＿＿＿＿＿＿＿
＿＿＿＿＿＿＿＿＿＿
＿＿＿＿＿＿＿＿＿＿
＿＿＿＿＿＿＿＿＿＿
＿＿＿＿＿＿＿＿＿＿
＿＿＿＿＿＿＿＿＿＿
＿＿＿＿＿＿＿＿＿＿
□＿＿＿□□＿＿＿＿
□□＿□□□＿■■＿
□□□□□□□■■＿
□□□□□□□□□＿
□□□＿□□□□□□
□□□□□□□□□＿
□□□＿□□□□□＿
□□□＿□□□□□＿
00:19:41(35439f):field(35438f)
＿＿＿＿＿＿＿＿＿＿
＿＿＿＿＿＿＿＿＿＿
＿＿＿＿＿＿＿＿＿＿
＿＿＿＿＿＿＿＿＿＿
＿＿＿＿＿＿＿＿＿＿
＿＿＿＿＿＿＿＿＿＿
＿＿＿＿＿＿＿＿＿＿
＿＿＿＿＿＿＿＿＿＿
＿＿＿＿＿＿＿＿＿＿
＿＿＿＿＿＿＿＿＿＿
＿＿＿＿＿＿■＿＿＿
＿＿＿＿＿＿■＿＿＿
□＿＿＿□□■＿＿＿
□□＿□□□■□□＿
□□□□□□□□□＿
□□□□□□□□□＿
□□□＿□□□□□□
□□□□□□□□□＿
□□□＿□□□□□＿
□□□＿□□□□□＿
00:19:41(35452f):field(35451f)
＿＿＿＿＿＿＿＿＿＿
＿＿＿＿＿＿＿＿＿＿
＿＿＿＿＿＿＿＿＿＿
＿＿＿＿＿＿＿＿＿＿
＿＿＿＿＿＿＿＿＿＿
＿＿＿＿＿＿＿＿＿＿
＿＿＿＿＿＿＿＿＿＿
＿＿＿＿＿＿＿＿＿＿
＿＿＿＿＿＿＿＿＿＿
＿＿＿＿■＿＿＿＿＿
＿＿＿＿■＿□＿＿＿
＿＿＿＿■■□＿＿＿
□＿＿＿□□□＿＿＿
□□＿□□□□□□＿
□□□□□□□□□＿
□□□□□□□□□＿
□□□＿□□□□□□
□□□□□□□□□＿
□□□＿□□□□□＿
□□□＿□□□□□＿
00:19:42(35468f):field(35467f)
＿＿＿＿＿＿＿＿＿＿
＿＿＿＿＿＿＿＿＿＿
＿＿＿＿＿＿＿＿＿＿
＿＿＿＿＿＿＿＿＿＿
＿＿＿＿＿＿＿＿＿＿
＿＿＿＿＿＿＿＿＿＿
＿＿＿＿＿＿＿＿＿＿
＿＿＿＿＿＿＿＿＿＿
＿＿＿＿＿＿＿＿＿＿
＿＿＿＿□＿＿＿＿＿
＿＿＿＿□＿□＿＿＿
＿＿＿＿□□□＿＿＿
□＿＿＿□□□■■■
□□＿□□□□□□■
□□□□□□□□□＿
□□□□□□□□□＿
□□□＿□□□□□□
□□□□□□□□□＿
□□□＿□□□□□＿
□□□＿□□□□□＿
00:19:42(35484f):field(35483f)
＿＿＿＿＿＿＿＿＿＿
＿＿＿＿＿＿＿＿＿＿
＿＿＿＿＿＿＿＿＿＿
＿＿＿＿＿＿＿＿＿＿
＿＿＿＿＿＿＿＿＿＿
＿＿＿＿＿＿＿＿＿＿
＿＿＿＿＿＿＿＿＿＿
＿＿＿＿＿＿＿＿＿＿
＿＿＿＿＿＿＿＿＿＿
＿＿＿＿◆＿＿＿＿＿
＿＿＿＿□＿◆＿＿＿
＿＿＿＿□◆□＿＿＿
◆＿＿■□□□◆◆◆
□◆■□□□□□□□
□□□□□□□□□＿
□□□□□□□□□＿
□□□＿□□□□□□
□□□□□□□□□＿
□□□＿□□□□□＿
□□□＿□□□□□＿
00:19:43(35499f):field(35498f)
＿＿＿＿＿＿＿＿＿＿
＿＿＿＿＿＿＿＿＿＿
＿＿＿＿＿＿＿＿＿＿
＿＿＿＿＿＿＿＿＿＿
＿＿＿＿＿＿＿＿＿＿
＿＿＿＿＿＿＿＿＿＿
＿＿＿＿＿＿＿＿＿＿
＿＿＿＿＿＿＿＿＿＿
＿＿＿＿＿＿＿＿＿＿
＿＿＿＿＿＿＿＿＿＿
＿＿＿＿□＿＿＿＿＿
＿＿＿＿□＿□■■＿
＿＿＿□□□□■■＿
□＿□□□□□□□□
□□□□□□□□□＿
□□□□□□□□□＿
□□□＿□□□□□□
□□□□□□□□□＿
□□□＿□□□□□＿
□□□＿□□□□□＿
00:19:43(35515f):field(35514f)
＿＿＿＿＿＿＿＿＿＿
＿＿＿＿＿＿＿＿＿＿
＿＿＿＿＿＿＿＿＿＿
＿＿＿＿＿＿＿＿＿＿
＿＿＿＿＿＿＿＿＿＿
＿＿＿＿＿＿＿＿＿＿
＿＿＿＿＿＿＿＿＿＿
＿＿＿＿＿＿＿＿＿＿
＿＿＿＿＿＿＿＿＿＿
＿＿＿＿＿＿＿＿＿＿
＿＿＿＿◆＿＿＿＿＿
＿＿＿＿□＿◆◆◆＿
■＿＿◆□◆□□□＿
□■□□□□□□□◆
□□□□□□□□□＿
□□□□□□□□□＿
□□□＿□□□□□□
□□□□□□□□□＿
□□□＿□□□□□＿
□□□＿□□□□□＿
00:19:44(35527f):field(35526f)
＿＿＿＿＿＿＿＿＿＿
＿＿＿＿＿＿＿＿＿＿
＿＿＿＿＿＿＿＿＿＿
＿＿＿＿＿＿＿＿＿＿
＿＿＿＿＿＿＿＿＿＿
＿＿＿＿＿＿＿＿＿＿
＿＿＿＿＿＿＿＿＿＿
＿＿＿＿＿＿＿＿＿＿
＿＿＿＿＿＿＿＿＿＿
＿＿＿＿＿■＿＿＿＿
＿＿＿＿＿■＿＿＿＿
＿＿＿＿□■＿＿＿＿
□＿＿＿□■□□□＿
□□◆□□□□□□＿
□□□□□□□□□＿
□□□□□□□□□＿
□□□＿□□□□□□
□□□□□□□□□＿
□□□＿□□□□□＿
□□□＿□□□□□＿
00:19:44(35541f):field(35540f)
＿＿＿＿＿＿＿＿＿＿
＿＿＿＿＿＿＿＿＿＿
＿＿＿＿＿＿＿＿＿＿
＿＿＿＿＿＿＿＿＿＿
＿＿＿＿＿＿＿＿＿＿
＿＿＿＿＿＿＿＿＿＿
＿＿＿＿＿＿＿＿＿＿
＿＿＿＿＿＿＿＿＿＿
＿＿＿＿＿＿＿＿＿＿
＿＿＿＿＿□＿＿＿＿
＿＿＿■■□＿＿＿＿
＿＿＿■□□＿＿＿＿
□＿＿■□□□□□＿
□□＿□□□□□□＿
□□□□□□□□□＿
□□□□□□□□□＿
□□□＿□□□□□□
□□□□□□□□□＿
□□□＿□□□□□＿
□□□＿□□□□□＿
00:19:45(35554f):field(35553f)
＿＿＿＿＿＿＿＿＿＿
＿＿＿＿＿＿＿＿＿＿
＿＿＿＿＿＿＿＿＿＿
＿＿＿＿＿＿＿＿＿＿
＿＿＿＿＿＿＿＿＿＿
＿＿＿＿＿＿＿＿＿＿
＿＿＿＿＿＿＿＿＿＿
＿＿＿＿＿■＿＿＿＿
＿＿＿＿■■＿＿＿＿
＿＿＿＿■□＿＿＿＿
＿＿＿□□□＿＿＿＿
＿＿＿□□□＿＿＿＿
□＿＿□□□□□□＿
□□＿□□□□□□＿
□□□□□□□□□＿
□□□□□□□□□＿
□□□＿□□□□□□
□□□□□□□□□＿
□□□＿□□□□□＿
□□□＿□□□□□＿
00:19:45(35570f):field(35569f)
＿＿＿＿＿＿＿＿＿＿
＿＿＿＿＿＿＿＿＿＿
＿＿＿＿＿＿＿＿＿＿
＿＿＿＿＿＿＿＿＿＿
＿＿＿＿＿＿＿＿＿＿
＿＿＿＿＿＿＿＿＿＿
＿＿＿＿＿＿＿＿＿＿
＿＿＿＿＿□＿＿＿＿
＿＿＿＿□□＿＿＿＿
＿＿＿＿□□＿＿＿＿
＿＿＿□□□＿＿＿＿
＿＿■□□□＿＿＿＿
□■■□□□□□□＿
□□■□□□□□□＿
□□□□□□□□□＿
□□□□□□□□□＿
□□□＿□□□□□□
□□□□□□□□□＿
□□□＿□□□□□＿
□□□＿□□□□□＿
00:19:46(35582f):field(35581f)
＿＿＿＿＿＿＿＿＿＿
＿＿＿＿＿＿＿＿＿＿
＿＿＿＿＿＿＿＿＿＿
＿＿＿＿＿＿＿＿＿＿
＿＿＿＿＿＿＿＿＿＿
＿＿＿＿＿＿＿＿＿＿
＿＿＿＿＿＿＿＿＿＿
＿＿＿＿＿□＿＿＿＿
＿＿＿＿□□＿＿＿＿
■＿＿＿□□＿＿＿＿
■＿＿□□□＿＿＿＿
■■□□□□＿＿＿＿
□□□□□□□□□＿
□□□□□□□□□＿
□□□□□□□□□＿
□□□□□□□□□＿
□□□＿□□□□□□
□□□□□□□□□＿
□□□＿□□□□□＿
□□□＿□□□□□＿
00:19:46(35598f):field(35597f)
＿＿＿＿＿＿＿＿＿＿
＿＿＿＿＿＿＿＿＿＿
＿＿＿＿＿＿＿＿＿＿
＿＿＿＿＿＿＿＿＿＿
＿＿＿＿＿＿＿＿＿＿
＿＿＿＿＿＿＿＿＿＿
＿＿＿＿＿＿＿＿＿＿
＿＿＿＿＿□＿＿＿＿
＿＿＿＿□□＿＿＿＿
□＿■■□□＿＿＿＿
□■■□□□＿＿＿＿
□□□□□□＿＿＿＿
□□□□□□□□□＿
□□□□□□□□□＿
□□□□□□□□□＿
□□□□□□□□□＿
□□□＿□□□□□□
□□□□□□□□□＿
□□□＿□□□□□＿
□□□＿□□□□□＿
00:19:47(35616f):field(35615f)
＿＿＿＿＿＿＿＿＿＿
＿＿＿＿＿＿＿＿＿＿
＿＿＿＿＿＿＿＿＿＿
＿＿＿＿＿＿＿＿＿＿
＿＿＿＿＿＿＿＿＿＿
＿＿＿＿＿＿＿＿＿＿
＿＿＿＿＿＿＿＿＿＿
＿＿＿＿＿◆＿＿＿＿
＿＿＿＿◆◆＿＿＿＿
◆＿◆◆◆◆＿＿＿＿
◆◆◆◆◆◆＿＿＿＿
◆◆◆□◆□＿＿＿■
◆◆◆□□□◆◆◆＿
□◆□□□□□◆◆■
□□□□□□□◆◆＿
□□□□□□◆◆◆■
□□□＿□□□□□□
□□□□□□□□□＿
□□□＿□□□□□＿
□□□＿□□□□□＿
00:19:47(35631f):field(35630f)
＿＿＿＿＿＿＿＿＿＿
＿＿＿＿＿＿＿＿＿＿
＿＿＿＿＿＿＿＿＿＿
＿＿＿＿＿＿＿＿＿＿
＿＿＿＿＿＿＿＿＿＿
＿＿＿＿＿＿＿＿＿＿
＿＿＿＿＿＿＿＿＿＿
＿＿＿＿＿＿＿＿＿＿
＿＿＿＿＿＿＿＿＿＿
＿＿＿＿＿＿＿＿＿＿
＿＿＿＿＿＿＿＿＿＿
＿＿＿◆＿□＿＿＿◆
＿＿＿◆□□＿＿＿＿
□＿□□□□◆＿＿◆
□□□□□□□■＿＿
□□□□□□■■＿◆
□□□＿□□□□□□
□□□□□□□□□＿
□□□＿□□□□□＿
□□□＿□□□□□＿
00:19:48(35644f):field(35643f)
＿＿＿＿＿＿＿＿＿＿
＿＿＿＿＿＿＿＿＿＿
＿＿＿＿＿＿＿＿＿＿
＿＿＿＿＿＿＿＿＿＿
＿＿＿＿＿＿＿＿＿＿
＿＿＿＿＿＿＿＿＿＿
＿＿＿＿＿＿＿＿＿＿
＿＿＿＿＿＿＿＿＿＿
＿＿＿＿＿＿＿＿＿＿
＿＿＿＿＿＿＿＿＿＿
＿＿＿＿■＿＿＿＿＿
＿＿＿■■□＿＿＿＿
＿＿＿■□□＿＿＿＿
□＿□□□□＿＿＿＿
□□□□□□□□＿＿
□□□□□□□□＿＿
□□□＿□□□□□□
□□□□□□□□□＿
□□□＿□□□□□＿
□□□＿□□□□□＿
00:19:48(35660f):field(35659f)
＿＿＿＿＿＿＿＿＿＿
＿＿＿＿＿＿＿＿＿＿
＿＿＿＿＿＿＿＿＿＿
＿＿＿＿＿＿＿＿＿＿
＿＿＿＿＿＿＿＿＿＿
＿＿＿＿＿＿＿＿＿＿
＿＿＿＿＿＿＿＿＿＿
＿＿＿＿＿＿＿＿＿＿
＿＿＿＿＿＿＿＿＿＿
＿＿＿＿＿＿＿＿＿＿
＿＿＿＿□＿＿＿＿＿
＿＿＿□□□■＿＿＿
＿＿＿□□□■＿＿＿
□＿□□□□■■＿＿
□□□□□□□□＿＿
□□□□□□□□＿＿
□□□＿□□□□□□
□□□□□□□□□＿
□□□＿□□□□□＿
□□□＿□□□□□＿
00:19:49(35673f):field(35672f)
＿＿＿＿＿＿＿＿＿＿
＿＿＿＿＿＿＿＿＿＿
＿＿＿＿＿＿＿＿＿＿
＿＿＿＿＿＿＿＿＿＿
＿＿＿＿＿＿＿＿＿＿
＿＿＿＿＿＿＿＿＿＿
＿＿＿＿＿＿＿＿＿＿
＿＿＿＿＿＿＿＿＿＿
＿＿＿＿＿＿＿＿＿＿
＿＿＿＿＿＿＿＿＿＿
＿＿＿＿□＿＿＿＿＿
■＿＿□□□□＿＿＿
■■＿□□□□＿＿＿
□■□□□□□□＿＿
□□□□□□□□＿＿
□□□□□□□□＿＿
□□□＿□□□□□□
□□□□□□□□□＿
□□□＿□□□□□＿
□□□＿□□□□□＿
00:19:49(35689f):field(35688f)
＿＿＿＿＿＿＿＿＿＿
＿＿＿＿＿＿＿＿＿＿
＿＿＿＿＿＿＿＿＿＿
＿＿＿＿＿＿＿＿＿＿
＿＿＿＿＿＿＿＿＿＿
＿＿＿＿＿＿＿＿＿＿
＿＿＿＿＿＿＿＿＿＿
＿＿＿＿＿＿＿＿＿＿
＿＿＿＿＿＿＿＿＿＿
＿＿＿■■■＿＿＿＿
＿＿＿■□＿＿＿＿＿
□＿＿□□□□＿＿＿
□□＿□□□□＿＿＿
□□□□□□□□＿＿
□□□□□□□□＿＿
□□□□□□□□＿＿
□□□＿□□□□□□
□□□□□□□□□＿
□□□＿□□□□□＿
□□□＿□□□□□＿
00:19:50(35707f):field(35706f)
＿＿＿＿＿＿＿＿＿＿
＿＿＿＿＿＿＿＿＿＿
＿＿＿＿＿＿＿＿＿＿
＿＿＿＿＿＿＿＿＿＿
＿＿＿＿＿＿＿＿＿＿
＿＿＿＿＿＿＿＿＿＿
＿＿＿＿＿＿＿＿＿＿
＿＿＿＿＿＿＿＿＿＿
＿＿＿＿＿＿＿＿＿＿
＿＿＿◆◆◆＿＿＿＿
＿＿＿□□■＿＿＿＿
◆＿＿□□◆◆＿＿＿
□◆■□□□□＿＿＿
□□◆□□□□◆＿＿
□□□□□□□□■＿
□□□□□□□□■＿
□□□＿□□□□□□
□□□□□□□□□＿
□□□＿□□□□□＿
□□□＿□□□□□＿
00:19:50(35722f):field(35721f)
＿＿＿＿＿＿＿＿＿＿
＿＿＿＿＿＿＿＿＿＿
＿＿＿＿＿＿＿＿＿＿
＿＿＿＿＿＿＿＿＿＿
＿＿＿＿＿＿＿＿＿＿
＿＿＿＿＿＿＿＿＿＿
＿＿＿＿＿＿＿＿＿＿
＿＿＿＿＿＿＿＿＿＿
＿＿＿＿＿＿＿＿＿＿
＿＿＿＿＿＿＿＿＿＿
＿＿＿□□□＿＿＿＿
＿＿＿□□＿＿＿＿＿
□＿◆□□□□■■＿
□□＿□□□□■■＿
□□□□□□□□□＿
□□□□□□□□□＿
□□□＿□□□□□□
□□□□□□□□□＿
□□□＿□□□□□＿
□□□＿□□□□□＿
00:19:51(35735f):field(35734f)
＿＿＿＿＿＿＿＿＿＿
＿＿＿＿＿＿＿＿＿＿
＿＿＿＿＿＿＿＿＿＿
＿＿＿＿＿＿＿＿＿＿
＿＿＿＿＿＿＿＿＿＿
＿＿＿＿＿＿＿＿＿＿
＿＿＿＿＿＿＿＿＿＿
＿＿＿＿＿＿＿＿＿＿
＿＿＿＿＿＿＿＿＿＿
＿＿＿＿＿＿＿＿＿＿
＿＿＿□□□＿＿＿＿
＿＿■□□＿＿＿＿＿
□■■□□□□□□＿
□□■□□□□□□＿
□□□□□□□□□＿
□□□□□□□□□＿
□□□＿□□□□□□
□□□□□□□□□＿
□□□＿□□□□□＿
□□□＿□□□□□＿
00:19:51(35751f):field(35750f)
＿＿＿＿＿＿＿＿＿＿
＿＿＿＿＿＿＿＿＿＿
＿＿＿＿＿＿＿＿＿＿
＿＿＿＿＿＿＿＿＿＿
＿＿＿＿＿＿＿＿＿＿
＿＿＿＿＿＿＿＿＿＿
＿＿＿＿＿＿＿＿＿＿
＿＿＿＿＿＿＿＿＿＿
＿＿＿＿＿＿＿＿＿＿
＿＿■＿＿＿＿＿＿＿
＿■■□□□＿＿＿＿
＿■□□□＿＿＿＿＿
□□□□□□□□□＿
□□□□□□□□□＿
□□□□□□□□□＿
□□□□□□□□□＿
□□□＿□□□□□□
□□□□□□□□□＿
□□□＿□□□□□＿
□□□＿□□□□□＿
00:19:52(35765f):field(35764f)
＿＿＿＿＿＿＿＿＿＿
＿＿＿＿＿＿＿＿＿＿
＿＿＿＿＿＿＿＿＿＿
＿＿＿＿＿＿＿＿＿＿
＿＿＿＿＿＿＿＿＿＿
＿＿＿＿＿＿＿＿＿＿
＿＿＿＿＿＿＿＿＿＿
＿＿＿＿＿＿＿＿＿＿
＿＿＿■■＿＿＿＿＿
＿＿□■■＿＿＿＿＿
＿□□□□□＿＿＿＿
＿□□□□＿＿＿＿＿
□□□□□□□□□＿
□□□□□□□□□＿
□□□□□□□□□＿
□□□□□□□□□＿
□□□＿□□□□□□
□□□□□□□□□＿
□□□＿□□□□□＿
□□□＿□□□□□＿
00:19:52(35781f):field(35780f)
＿＿＿＿＿＿＿＿＿＿
＿＿＿＿＿＿＿＿＿＿
＿＿＿＿＿＿＿＿＿＿
＿＿＿＿＿＿＿＿＿＿
＿＿＿＿＿＿＿＿＿＿
＿＿＿＿＿＿＿＿＿＿
＿＿＿＿＿＿＿＿＿＿
＿＿＿＿＿＿＿＿＿＿
＿＿＿□□＿＿＿＿＿
■■□□□＿＿＿＿＿
■□□□□□＿＿＿＿
■□□□□＿＿＿＿＿
□□□□□□□□□＿
□□□□□□□□□＿
□□□□□□□□□＿
□□□□□□□□□＿
□□□＿□□□□□□
□□□□□□□□□＿
□□□＿□□□□□＿
□□□＿□□□□□＿
00:19:53(35797f):field(35796f)
＿＿＿＿＿＿＿＿＿＿
＿＿＿＿＿＿＿＿＿＿
＿＿＿＿＿＿＿＿＿＿
＿＿＿＿＿＿＿＿＿＿
＿＿＿＿＿＿＿＿＿＿
＿＿＿＿＿＿＿＿＿＿
＿＿＿＿＿＿＿＿＿＿
＿＿＿＿＿＿＿＿＿＿
＿＿＿□□＿＿＿＿＿
□□□□□＿＿＿＿＿
□□□□□□＿■＿＿
□□□□□■■■＿＿
□□□□□□□□□＿
□□□□□□□□□＿
□□□□□□□□□＿
□□□□□□□□□＿
□□□＿□□□□□□
□□□□□□□□□＿
□□□＿□□□□□＿
□□□＿□□□□□＿
00:19:53(35809f):field(35808f)
＿＿＿＿＿＿＿＿＿＿
＿＿＿＿＿＿＿＿＿＿
＿＿＿＿＿＿＿＿＿＿
＿＿＿＿＿＿＿＿＿＿
＿＿＿＿＿＿＿＿＿＿
＿＿＿＿＿＿＿＿＿＿
＿＿＿＿＿＿＿＿＿＿
＿＿＿＿＿＿＿＿＿＿
＿＿＿□□■＿＿＿＿
□□□□□■■＿＿＿
□□□□□□■□＿＿
□□□□□□□□＿＿
□□□□□□□□□＿
□□□□□□□□□＿
□□□□□□□□□＿
□□□□□□□□□＿
□□□＿□□□□□□
□□□□□□□□□＿
□□□＿□□□□□＿
□□□＿□□□□□＿
00:19:54(35825f):field(35824f)
＿＿＿＿＿＿＿＿＿＿
＿＿＿＿＿＿＿＿＿＿
＿＿＿＿＿＿＿＿＿＿
＿＿＿＿＿＿＿＿＿＿
＿＿＿＿＿＿＿＿＿＿
＿＿＿＿＿＿＿＿＿＿
＿＿＿＿＿＿＿＿＿＿
＿＿＿＿＿＿＿＿＿＿
＿＿＿◆◆◆＿＿＿＿
◆◆◆□□□□＿＿＿
□□□□□□□◆＿■
□□□□□□□□■＿
□□□□□□□□□＿
□□□□□□□□□＿
□□□□□□□□□＿
□□□□□□□□□＿
□□□＿□□□□□□
□□□□□□□□□＿
□□□＿□□□□□＿
□□□＿□□□□□＿
00:19:54(35840f):field(35839f)
＿＿＿＿＿＿＿＿＿＿
＿＿＿＿＿＿＿＿＿＿
＿＿＿＿＿＿＿＿＿＿
＿＿＿＿＿＿＿＿＿＿
＿＿＿＿＿＿＿＿＿＿
＿＿＿＿＿＿＿＿＿＿
■＿＿＿＿＿＿＿＿＿
■＿＿＿＿＿＿＿＿＿
■＿＿＿＿＿＿＿＿＿
■＿＿□□□◆＿＿＿
□□□□□□□＿＿□
□□□□□□□□□＿
□□□□□□□□□＿
□□□□□□□□□＿
□□□□□□□□□＿
□□□□□□□□□＿
□□□＿□□□□□□
□□□□□□□□□＿
□□□＿□□□□□＿
□□□＿□□□□□＿
00:19:55(35860f):field(35859f)
＿＿＿＿＿＿＿＿＿＿
＿＿＿＿＿＿＿＿＿＿
＿＿＿＿＿＿＿＿＿＿
＿＿＿＿＿＿＿＿＿＿
＿＿＿＿＿＿＿＿＿＿
＿＿＿＿＿＿＿＿＿＿
□＿＿＿＿＿＿＿＿＿
□＿＿＿＿■＿＿＿＿
□＿＿＿■■■＿＿＿
□＿＿□□□＿＿＿＿
□□□□□□□＿＿□
□□□□□□□□□＿
□□□□□□□□□＿
□□□□□□□□□＿
□□□□□□□□□＿
□□□□□□□□□＿
□□□＿□□□□□□
□□□□□□□□□＿
□□□＿□□□□□＿
□□□＿□□□□□＿
00:19:55(35876f):field(35875f)
＿＿＿＿＿＿＿＿＿＿
＿＿＿＿＿＿＿＿＿＿
＿＿＿＿＿＿＿＿＿＿
＿＿＿＿＿＿＿＿＿＿
＿＿＿＿＿＿＿＿＿＿
＿＿＿＿＿＿＿＿＿＿
□＿＿＿＿＿＿＿＿＿
□＿＿＿＿□＿＿＿＿
□＿＿＿□□□＿＿＿
□＿＿□□□■■■＿
□□□□□□□＿■□
□□□□□□□□□＿
□□□□□□□□□＿
□□□□□□□□□＿
□□□□□□□□□＿
□□□□□□□□□＿
□□□＿□□□□□□
□□□□□□□□□＿
□□□＿□□□□□＿
□□□＿□□□□□＿
00:19:56(35890f):field(35889f)
＿＿＿＿＿＿＿＿＿＿
＿＿＿＿＿＿＿＿＿＿
＿＿＿＿＿＿＿＿＿＿
＿＿＿＿＿＿＿＿＿＿
＿＿＿＿＿＿＿＿＿＿
＿＿＿＿＿＿＿＿＿＿
□＿＿＿＿＿＿＿＿＿
□■＿＿＿□＿＿＿＿
□■＿＿□□□＿＿＿
□■■□□□□□□＿
□□□□□□□＿□□
□□□□□□□□□＿
□□□□□□□□□＿
□□□□□□□□□＿
□□□□□□□□□＿
□□□□□□□□□＿
□□□＿□□□□□□
□□□□□□□□□＿
□□□＿□□□□□＿
□□□＿□□□□□＿
00:19:56(35904f):field(35903f)
＿＿＿＿＿＿＿＿＿＿
＿＿＿＿＿＿＿＿＿＿
＿＿＿＿＿＿＿＿＿＿
＿＿＿＿＿＿＿＿＿＿
＿＿＿＿＿＿＿＿＿＿
＿＿＿＿＿＿＿＿＿＿
□＿＿＿■＿＿＿＿＿
□□＿■■□＿＿＿＿
□□＿■□□□＿＿＿
□□□□□□□□□＿
□□□□□□□＿□□
□□□□□□□□□＿
□□□□□□□□□＿
□□□□□□□□□＿
□□□□□□□□□＿
□□□□□□□□□＿
□□□＿□□□□□□
□□□□□□□□□＿
□□□＿□□□□□＿
□□□＿□□□□□＿
00:19:57(35921f):field(35920f)
＿＿＿＿＿＿＿＿＿＿
＿＿＿＿＿＿＿＿＿＿
＿＿＿＿＿＿＿＿＿＿
＿＿＿＿＿＿＿＿＿＿
＿＿＿＿＿＿＿＿＿＿
＿＿＿＿＿＿＿＿＿＿
◆＿＿＿◆＿＿＿＿＿
□◆＿◆□◆＿＿＿■
□□■□□□◆＿＿■
□□◆□□□□□◆■
□□□□□□□＿□□
□□□□□□□□□＿
□□□□□□□□□＿
□□□□□□□□□＿
□□□□□□□□□＿
□□□□□□□□□＿
□□□＿□□□□□□
□□□□□□□□□＿
□□□＿□□□□□＿
□□□＿□□□□□＿
00:19:57(35937f):field(35936f)
＿＿＿＿＿＿＿＿＿＿
＿＿＿＿＿＿＿＿＿＿
＿＿＿＿＿＿＿＿＿＿
＿＿＿＿＿＿＿＿＿＿
＿＿＿＿＿＿＿＿＿＿
＿＿＿＿＿＿＿＿＿＿
＿＿＿＿＿＿＿＿＿＿
◆＿＿＿◆＿＿＿＿◆
□◆◆◆□◆＿＿＿□
□□＿□□□◆□＿□
□□◆□□□□■□□
□□□□□□□□□＿
□□□□□□□□□＿
□□□□□□□□□＿
□□□□□□□□□＿
□□□□□□□□□＿
□□□＿□□□□□□
□□□□□□□□□＿
□□□＿□□□□□＿
□□□＿□□□□□＿
00:19:58(35952f):field(35951f)
＿＿＿＿＿＿＿＿＿＿
＿＿＿＿＿＿＿＿＿＿
＿＿＿＿＿＿＿＿＿＿
＿＿＿＿＿＿＿＿＿＿
＿＿＿＿＿＿＿＿＿＿
＿＿＿＿＿＿＿＿＿＿
＿＿＿＿＿＿＿＿＿＿
＿＿＿＿＿＿＿＿＿＿
◆＿＿＿◆＿＿＿＿◆
□◆■□□◆■◆＿□
□□■□□□◆□◆□
□□□□□□□□□＿
□□□□□□□□□＿
□□□□□□□□□＿
□□□□□□□□□＿
□□□□□□□□□＿
□□□＿□□□□□□
□□□□□□□□□＿
□□□＿□□□□□＿
□□□＿□□□□□＿
00:19:58(35967f):field(35966f)
＿＿＿＿＿＿＿＿＿＿
＿＿＿＿＿＿＿＿＿＿
＿＿＿＿＿＿＿＿＿＿
＿＿＿＿＿＿＿＿＿＿
＿＿＿＿＿＿＿＿＿＿
＿＿＿＿＿＿＿＿＿＿
＿＿＿＿＿＿＿＿＿＿
＿＿＿＿＿＿＿＿＿＿
＿＿＿＿＿＿＿■＿＿
□＿□□□＿□■＿□
□□□□□□■□＿□
□□□□□□□□□＿
□□□□□□□□□＿
□□□□□□□□□＿
□□□□□□□□□＿
□□□□□□□□□＿
□□□＿□□□□□□
□□□□□□□□□＿
□□□＿□□□□□＿
□□□＿□□□□□＿
00:19:59(35980f):field(35979f)
＿＿＿＿＿＿＿＿＿＿
＿＿＿＿＿＿＿＿＿＿
＿＿＿＿＿＿＿＿＿＿
＿＿＿＿＿＿＿＿＿＿
＿＿＿＿＿＿＿＿＿＿
＿＿＿＿＿＿＿＿＿＿
＿＿＿＿＿＿＿＿＿＿
＿＿＿■■＿＿＿＿＿
＿＿＿■■＿＿□＿＿
□＿□□□＿□□＿□
□□□□□□□□＿□
□□□□□□□□□＿
□□□□□□□□□＿
□□□□□□□□□＿
□□□□□□□□□＿
□□□□□□□□□＿
□□□＿□□□□□□
□□□□□□□□□＿
□□□＿□□□□□＿
□□□＿□□□□□＿
00:19:59(35995f):field(35994f)
＿＿＿＿＿＿＿＿＿＿
＿＿＿＿＿＿＿＿＿＿
＿＿＿＿＿＿＿＿＿＿
＿＿＿＿＿＿＿＿＿＿
＿＿＿＿＿＿＿＿＿＿
＿＿＿＿＿＿＿＿＿＿
＿＿＿＿＿＿＿＿＿＿
■＿＿□□＿＿＿＿＿
■■＿□□＿＿□＿＿
□■□□□＿□□＿□
□□□□□□□□＿□
□□□□□□□□□＿
□□□□□□□□□＿
□□□□□□□□□＿
□□□□□□□□□＿
□□□□□□□□□＿
□□□＿□□□□□□
□□□□□□□□□＿
□□□＿□□□□□＿
□□□＿□□□□□＿
00:20:00(36013f):field(36012f)
＿＿＿＿＿＿＿＿＿＿
＿＿＿＿＿＿＿＿＿＿
＿＿＿＿＿＿＿＿＿＿
＿＿＿＿＿＿＿＿＿＿
＿＿＿＿＿＿＿＿＿＿
＿＿＿＿＿＿＿＿＿＿
＿＿＿＿＿＿＿＿＿＿
◆＿＿◆◆＿＿＿＿＿
□◆＿□□＿＿◆■＿
□□◆□□＿◆□■◆
□□□□□◆□□■□
□□□□□□□□□＿
□□□□□□□□□＿
□□□□□□□□□＿
□□□□□□□□□＿
□□□□□□□□□＿
□□□＿□□□□□□
□□□□□□□□□＿
□□□＿□□□□□＿
□□□＿□□□□□＿
00:20:01(36030f):field(36029f)
＿＿＿＿＿＿＿＿＿＿
＿＿＿＿＿＿＿＿＿＿
＿＿＿＿＿＿＿＿＿＿
＿＿＿＿＿＿＿＿＿＿
＿＿＿＿＿＿＿＿＿＿
＿＿＿＿＿＿＿＿＿＿
＿＿＿＿＿＿＿＿＿＿
＿＿＿＿＿＿＿＿＿＿
◆＿＿◆◆＿＿＿◆＿
□◆＿□□■＿◆□＿
□□◆□□■□□□◆
□□□□□□□□□＿
□□□□□□□□□＿
□□□□□□□□□＿
□□□□□□□□□＿
□□□□□□□□□＿
□□□＿□□□□□□
□□□□□□□□□＿
□□□＿□□□□□＿
□□□＿□□□□□＿
00:20:01(36042f):field(36041f)
＿＿＿＿＿＿＿＿＿＿
＿＿＿＿＿＿＿＿＿＿
＿＿＿＿＿＿＿＿＿＿
＿＿＿＿＿＿＿＿＿＿
＿＿＿＿＿＿＿＿＿＿
＿＿＿＿＿＿＿＿＿＿
＿＿＿＿＿＿＿＿＿＿
＿＿＿＿＿＿＿■＿＿
＿＿＿＿＿＿＿■＿＿
□＿＿□□□■■□＿
□□＿□□□□□□＿
□□□□□□□□□＿
□□□□□□□□□＿
□□□□□□□□□＿
□□□□□□□□□＿
□□□□□□□□□＿
□□□＿□□□□□□
□□□□□□□□□＿
□□□＿□□□□□＿
□□□＿□□□□□＿
00:20:01(36057f):field(36056f)
＿＿＿＿＿＿＿＿＿＿
＿＿＿＿＿＿＿＿＿＿
＿＿＿＿＿＿＿＿＿＿
＿＿＿＿＿＿＿＿＿＿
＿＿＿＿＿＿＿＿＿＿
＿＿＿＿＿＿＿＿＿＿
＿＿＿＿＿＿＿＿＿＿
＿＿＿＿＿■■□＿＿
＿＿＿＿＿■■□＿＿
□＿＿□□□□□□＿
□□＿□□□□□□＿
□□□□□□□□□＿
□□□□□□□□□＿
□□□□□□□□□＿
□□□□□□□□□＿
□□□□□□□□□＿
□□□＿□□□□□□
□□□□□□□□□＿
□□□＿□□□□□＿
□□□＿□□□□□＿
00:20:02(36073f):field(36072f)
＿＿＿＿＿＿＿＿＿＿
＿＿＿＿＿＿＿＿＿＿
＿＿＿＿＿＿＿＿＿＿
＿＿＿＿＿＿＿＿＿＿
＿＿＿＿＿＿＿＿＿＿
＿＿＿＿＿＿＿＿＿＿
＿＿＿■＿＿＿＿＿＿
＿＿＿■＿□□□＿＿
＿＿＿■■□□□＿＿
□＿＿□□□□□□＿
□□＿□□□□□□＿
□□□□□□□□□＿
□□□□□□□□□＿
□□□□□□□□□＿
□□□□□□□□□＿
□□□□□□□□□＿
□□□＿□□□□□□
□□□□□□□□□＿
□□□＿□□□□□＿
□□□＿□□□□□＿
00:20:02(36084f):field(36083f)
＿＿＿＿＿＿＿＿＿＿
＿＿＿＿＿＿＿＿＿＿
＿＿＿＿＿＿＿＿＿＿
＿＿＿＿＿＿＿＿＿＿
＿＿＿＿＿＿＿＿＿＿
＿＿＿＿＿■＿＿＿＿
＿＿＿□■■＿＿＿＿
＿＿＿□■□□□＿＿
＿＿＿□□□□□＿＿
□＿＿□□□□□□＿
□□＿□□□□□□＿
□□□□□□□□□＿
□□□□□□□□□＿
□□□□□□□□□＿
□□□□□□□□□＿
□□□□□□□□□＿
□□□＿□□□□□□
□□□□□□□□□＿
□□□＿□□□□□＿
□□□＿□□□□□＿
00:20:03(36106f):field(36105f)
＿＿＿＿＿＿＿＿＿＿
＿＿＿＿＿＿＿＿＿＿
＿＿＿＿＿＿＿＿＿＿
＿＿＿＿＿＿＿＿＿＿
＿＿＿＿＿＿＿＿＿＿
＿＿＿＿＿◆＿＿＿＿
＿＿＿◆◆◆＿＿＿＿
＿＿＿◆◆◆◆◆＿＿
＿＿＿◆◆◆◆◆＿＿
◆＿＿◆◆□◆◆◆＿
◆◆＿□□□◆◆◆＿
◆◆◆□□□□□◆＿
◆◆◆□□□□□◆＿
□◆◆□□□□□□＿
□□◆□□□□□□＿
□□□□□□□□□■
□□□＿□□□□□□
□□□□□□□□□＿
□□□■□□□□□＿
□□□＿□□□□□＿
00:20:04(36125f):field(36124f)
＿＿＿＿＿＿＿＿＿＿
＿＿＿＿＿＿＿＿＿＿
＿＿＿＿＿＿＿＿＿＿
＿＿＿＿＿＿＿＿＿＿
＿＿＿＿＿＿＿＿＿＿
＿＿＿＿＿＿＿＿＿＿
＿＿＿＿＿＿＿＿＿＿
＿＿＿＿＿＿＿＿＿＿
＿＿＿＿＿＿＿＿＿＿
＿＿＿＿＿□＿＿＿＿
＿＿＿□□□＿＿＿＿
＿＿＿□□□□□＿＿
＿＿＿□□□□□■■
□＿＿□□□□□□■
□□＿□□□□□□■
□□□□□□□□□◆
□□□＿□□□□□□
□□□□□□□□□＿
□□□◆□□□□□＿
□□□＿□□□□□＿
00:20:04(36137f):field(36136f)
＿＿＿＿＿＿＿＿＿＿
＿＿＿＿＿＿＿＿＿＿
＿＿＿＿＿＿＿＿＿＿
＿＿＿＿＿＿＿＿＿＿
＿＿＿＿＿＿＿＿＿＿
＿＿＿＿＿＿＿＿＿＿
＿＿＿＿＿＿＿＿＿＿
＿＿＿＿＿＿＿＿＿＿
＿＿＿■■＿＿＿＿＿
＿＿＿■■□＿＿＿＿
＿＿＿□□□＿＿＿＿
＿＿＿□□□□□＿＿
＿＿＿□□□□□□□
□＿＿□□□□□□□
□□＿□□□□□□□
□□□□□□□□□＿
□□□＿□□□□□□
□□□□□□□□□＿
□□□＿□□□□□＿
□□□＿□□□□□＿
00:20:05(36156f):field(36155f)
＿＿＿＿＿＿＿＿＿＿
＿＿＿＿＿＿＿＿＿＿
＿＿＿＿＿＿＿＿＿＿
＿＿＿＿＿＿＿＿＿＿
＿＿＿＿＿＿＿＿＿＿
＿＿＿＿＿＿＿＿＿＿
＿＿＿＿＿＿＿＿＿＿
＿＿＿＿＿＿＿＿＿＿
＿＿＿◆◆＿＿＿＿＿
＿＿＿◆◆◆＿＿＿＿
＿＿＿□□◆＿＿＿＿
＿＿＿□□□◆◆＿＿
■＿＿□□□◆◆◆◆
◆＿■□□□□□◆◆
◆□■□□□□□□□
□□□□□□□□□＿
□□□＿□□□□□□
□□□□□□□□□＿
□□□＿□□□□□＿
□□□＿□□□□□＿
00:20:05(36173f):field(36172f)
＿＿＿＿＿＿＿＿＿＿
＿＿＿＿＿＿＿＿＿＿
＿＿＿＿＿＿＿＿＿＿
＿＿＿＿＿＿＿＿＿＿
＿＿＿＿＿＿＿＿＿＿
＿＿＿＿＿＿＿＿＿＿
＿＿＿＿＿＿＿＿＿＿
＿＿＿＿＿＿＿＿＿＿
＿＿＿＿＿＿＿＿＿＿
＿＿＿＿＿＿＿＿＿＿
＿＿＿◆◆＿＿＿＿＿
＿＿＿□□◆＿＿＿＿
◆＿＿□□□＿＿＿＿
■＿◆□□□◆◆＿＿
■□□□□□□□◆◆
□□□□□□□□□＿
□□□＿□□□□□□
□□□□□□□□□＿
□□□＿□□□□□＿
□□□＿□□□□□＿
00:20:06(36186f):field(36185f)
＿＿＿＿＿＿＿＿＿＿
＿＿＿＿＿＿＿＿＿＿
＿＿＿＿＿＿＿＿＿＿
＿＿＿＿＿＿＿＿＿＿
＿＿＿＿＿＿＿＿＿＿
＿＿＿＿＿＿＿＿＿＿
＿＿＿＿＿＿＿＿＿＿
＿＿＿＿＿＿＿＿＿＿
＿＿＿＿＿＿＿＿＿＿
＿＿＿＿＿＿＿＿＿＿
＿＿＿＿＿＿＿＿＿＿
＿＿＿□□＿＿＿＿＿
＿＿＿□□□＿＿＿＿
◆＿＿□□□■■■＿
◆□□□□□□□■＿
□□□□□□□□□＿
□□□＿□□□□□□
□□□□□□□□□＿
□□□＿□□□□□＿
□□□＿□□□□□＿
00:20:06(36199f):field(36198f)
＿＿＿＿＿＿＿＿＿＿
＿＿＿＿＿＿＿＿＿＿
＿＿＿＿＿＿＿＿＿＿
＿＿＿＿＿＿＿＿＿＿
＿＿＿＿＿＿＿＿＿＿
＿＿＿＿＿＿＿＿＿＿
＿＿＿＿＿＿＿＿＿＿
＿＿＿＿＿＿＿＿＿＿
＿＿＿＿＿＿＿＿＿＿
＿＿＿＿＿＿＿＿＿＿
＿＿＿＿＿＿＿＿＿＿
＿＿＿□□＿＿＿＿＿
＿＿＿□□□＿＿＿＿
■■■□□□□□□＿
■□□□□□□□□＿
□□□□□□□□□＿
□□□＿□□□□□□
□□□□□□□□□＿
□□□＿□□□□□＿
□□□＿□□□□□＿
00:20:07(36213f):field(36212f)
＿＿＿＿＿＿＿＿＿＿
＿＿＿＿＿＿＿＿＿＿
＿＿＿＿＿＿＿＿＿＿
＿＿＿＿＿＿＿＿＿＿
＿＿＿＿＿＿＿＿＿＿
＿＿＿＿＿＿＿＿＿＿
＿＿＿＿＿＿＿＿＿＿
＿＿＿＿＿＿＿＿＿＿
＿＿＿＿＿＿＿＿＿＿
＿＿＿＿＿＿＿＿＿＿
＿＿＿＿＿＿＿＿＿＿
＿＿＿□□■■＿＿＿
＿＿＿□□□■■＿＿
□□□□□□□□□＿
□□□□□□□□□＿
□□□□□□□□□＿
□□□＿□□□□□□
□□□□□□□□□＿
□□□＿□□□□□＿
□□□＿□□□□□＿
00:20:07(36226f):field(36225f)
＿＿＿＿＿＿＿＿＿＿
＿＿＿＿＿＿＿＿＿＿
＿＿＿＿＿＿＿＿＿＿
＿＿＿＿＿＿＿＿＿＿
＿＿＿＿＿＿＿＿＿＿
＿＿＿＿＿＿＿＿＿＿
＿＿＿＿＿＿＿＿＿＿
＿＿＿＿＿＿＿＿＿＿
＿＿＿＿＿＿＿＿＿＿
＿＿＿＿＿＿＿＿＿＿
＿＿＿＿＿＿＿＿＿＿
＿＿＿◆◆◆◆＿＿＿
■＿＿◆◆◆□◆＿＿
◆◆◆◆◆◆◆□◆＿
□□□□□□□□□＿
◆◆□□□□□□◆■
□□□■□□□□□□
□□□□□□□□□■
□□□＿□□□□□＿
□□□＿□□□□□＿
00:20:08(36241f):field(36240f)
＿＿＿＿＿＿＿＿＿＿
＿＿＿＿＿＿＿＿＿＿
＿＿＿＿＿＿＿＿＿＿
＿＿＿＿＿＿＿＿＿＿
＿＿＿＿＿＿＿＿＿＿
＿＿＿＿＿＿＿＿＿＿
＿＿＿＿＿＿＿＿＿＿
＿＿＿＿＿＿＿＿＿＿
＿＿＿＿＿＿＿＿＿＿
＿＿＿＿＿＿＿＿＿＿
＿＿＿＿＿＿＿＿＿＿
＿＿＿＿＿＿＿＿＿＿
◆＿＿＿＿＿◆＿＿＿
＿＿＿＿＿＿＿◆＿＿
◆□□□□□□◆◆＿
＿■□□□□□□＿□
□□□◆□□□□□□
□□□□□□□□□◆
□□□＿□□□□□＿
□□□＿□□□□□＿
00:20:08(36253f):field(36252f)
＿＿＿＿＿＿＿＿＿＿
＿＿＿＿＿＿＿＿＿＿
＿＿＿＿＿＿＿＿＿＿
＿＿＿＿＿＿＿＿＿＿
＿＿＿＿＿＿＿＿＿＿
＿＿＿＿＿＿＿＿＿＿
＿＿＿＿＿＿＿＿＿＿
＿＿＿＿＿＿＿＿＿＿
＿＿＿＿＿＿＿＿＿＿
＿＿＿＿＿＿＿＿＿＿
＿＿＿＿＿＿＿＿＿＿
＿＿＿＿＿＿＿＿＿＿
＿＿＿＿＿＿＿＿＿＿
＿＿＿＿＿＿＿＿＿＿
＿□□□□□□■■■
＿□□□□□□□■□
□□□＿□□□□□□
□□□□□□□□□＿
□□□＿□□□□□＿
□□□＿□□□□□＿
00:20:08(36265f):field(36264f)
＿＿＿＿＿＿＿＿＿＿
＿＿＿＿＿＿＿＿＿＿
＿＿＿＿＿＿＿＿＿＿
＿＿＿＿＿＿＿＿＿＿
＿＿＿＿＿＿＿＿＿＿
＿＿＿＿＿＿＿＿＿＿
＿＿＿＿＿＿＿＿＿＿
＿＿＿＿＿＿＿＿＿＿
＿＿＿＿＿＿＿＿＿＿
＿＿＿＿＿＿＿＿＿＿
＿＿＿＿＿＿＿＿＿＿
＿＿＿＿＿＿＿＿＿＿
＿＿＿＿＿＿＿＿＿＿
＿＿＿■＿■＿＿＿＿
＿◆◆◆◆◆◆◆◆◆
■□◆◆□◆□□◆□
□□□＿□□□□□□
□□□□□□□□□＿
□□□＿□□□□□＿
□□□＿□□□□□＿
00:20:09(36276f):field(36275f)
＿＿＿＿＿＿＿＿＿＿
＿＿＿＿＿＿＿＿＿＿
＿＿＿＿＿＿＿＿＿＿
＿＿＿＿＿＿＿＿＿＿
＿＿＿＿＿＿＿＿＿＿
＿＿＿＿＿＿＿＿＿＿
＿＿＿＿＿＿＿＿＿＿
＿＿＿＿＿＿＿＿＿＿
＿＿＿＿＿＿＿＿＿＿
＿＿＿＿＿＿＿＿＿＿
＿＿＿＿＿＿＿＿＿＿
＿＿＿＿＿＿＿＿＿＿
＿＿＿＿＿＿＿＿＿＿
＿＿＿◆＿◆＿＿＿＿
＿＿＿＿＿＿＿＿＿＿
◆□■■□＿◆◆＿□
□□◆■□◆◆◆◆◆
□□□□□□□□□＿
□□□＿□□□□□＿
□□□＿□□□□□＿
00:20:09(36293f):field(36292f)
＿＿＿＿＿＿＿＿＿＿
＿＿＿＿＿＿＿＿＿＿
＿＿＿＿＿＿＿＿＿＿
＿＿＿＿＿＿＿＿＿＿
＿＿＿＿＿＿＿＿＿＿
＿＿＿＿＿＿＿＿＿＿
＿＿＿＿＿＿＿＿＿＿
＿＿＿＿＿＿＿＿＿＿
＿＿＿＿＿＿＿＿＿＿
＿＿＿＿＿＿＿＿＿＿
＿＿＿＿＿＿＿＿＿＿
＿＿＿＿＿＿＿＿＿＿
＿＿＿＿＿＿＿＿＿＿
＿＿＿＿＿＿＿＿＿＿
＿＿＿＿＿＿＿＿＿＿
＿◆◆◆◆＿＿＿＿◆
◆◆＿◆□＿＿＿＿＿
□□◆□□◆◆◆□■
□□□＿□□□□□■
□□□＿□□□□□■
00:20:10(36303f):field(36302f)
＿＿＿＿＿＿＿＿＿＿
＿＿＿＿＿＿＿＿＿＿
＿＿＿＿＿＿＿＿＿＿
＿＿＿＿＿＿＿＿＿＿
＿＿＿＿＿＿＿＿＿＿
＿＿＿＿＿＿＿＿＿＿
＿＿＿＿＿＿＿＿＿＿
＿＿＿＿＿＿＿＿＿＿
＿＿＿＿＿＿＿＿＿＿
＿＿＿＿＿＿＿＿＿＿
＿＿＿＿＿＿＿＿＿＿
＿＿＿＿＿＿＿＿＿＿
＿＿＿＿＿＿＿＿＿＿
＿＿＿＿＿＿＿＿＿＿
＿＿＿＿＿■＿＿＿＿
＿＿＿＿＿■＿＿＿＿
＿＿＿＿□■＿＿＿＿
□□＿□□■＿＿□□
□□□＿□□□□□□
□□□＿□□□□□◆
00:20:10(36318f):field(36317f)
＿＿＿＿＿＿＿＿＿＿
＿＿＿＿＿＿＿＿＿＿
＿＿＿＿＿＿＿＿＿＿
＿＿＿＿＿＿＿＿＿＿
＿＿＿＿＿＿＿＿＿＿
＿＿＿＿＿＿＿＿＿＿
＿＿＿＿＿＿＿＿＿＿
＿＿＿＿＿＿＿＿＿＿
＿＿＿＿＿＿＿＿＿＿
＿＿＿＿＿＿＿＿＿＿
＿＿＿＿＿＿＿＿＿＿
＿＿＿＿＿＿＿＿＿＿
＿＿＿＿＿＿＿＿＿＿
＿＿＿＿＿＿＿＿＿＿
＿＿＿＿＿□＿＿＿＿
＿＿＿＿＿□＿＿＿＿
＿＿＿＿□□■■＿＿
□□＿□□□■■□□
□□□＿□□□□□□
□□□＿□□□□□＿
00:20:10(36329f):field(36328f)
＿＿＿＿＿＿＿＿＿＿
＿＿＿＿＿＿＿＿＿＿
＿＿＿＿＿＿＿＿＿＿
＿＿＿＿＿＿＿＿＿＿
＿＿＿＿＿＿＿＿＿＿
＿＿＿＿＿＿＿＿＿＿
＿＿＿＿＿＿＿＿＿＿
＿＿＿＿＿＿＿＿＿＿
＿＿＿＿＿＿＿＿＿＿
＿＿＿＿＿＿＿＿＿＿
＿＿＿＿＿＿＿＿＿＿
＿＿＿＿＿＿＿＿＿＿
＿＿＿＿＿＿＿＿＿＿
＿＿＿＿＿＿＿＿＿＿
＿＿＿＿＿◆＿＿＿＿
＿＿＿＿＿□＿＿＿＿
＿＿＿＿□□□◆＿＿
□□■◆□□□□◆◆
□□□＿□□□□□□
□□□■□□□□□＿
00:20:11(36342f):field(36341f)
＿＿＿＿＿＿＿＿＿＿
＿＿＿＿＿＿＿＿＿＿
＿＿＿＿＿＿＿＿＿＿
＿＿＿＿＿＿＿＿＿＿
＿＿＿＿＿＿＿＿＿＿
＿＿＿＿＿＿＿＿＿＿
＿＿＿＿＿＿＿＿＿＿
＿＿＿＿＿＿＿＿＿＿
＿＿＿＿＿＿＿＿＿＿
＿＿＿＿＿＿＿＿＿＿
＿＿＿＿＿＿＿＿＿＿
＿＿＿＿＿＿＿＿＿＿
＿＿＿＿＿＿＿＿＿＿
＿＿＿＿＿＿＿＿＿＿
＿＿＿＿＿＿＿＿＿＿
＿＿＿＿＿□＿＿＿＿
＿＿■■□□◆＿＿＿
□□□■□□□□＿＿
□□□＿□□□□□□
□□□◆□□□□□＿
00:20:11(36356f):field(36355f)
＿＿＿＿＿＿＿＿＿＿
＿＿＿＿＿＿＿＿＿＿
＿＿＿＿＿＿＿＿＿＿
＿＿＿＿＿＿＿＿＿＿
＿＿＿＿＿＿＿＿＿＿
＿＿＿＿＿＿＿＿＿＿
＿＿＿＿＿＿＿＿＿＿
＿＿＿＿＿＿＿＿＿＿
＿＿＿＿＿＿＿＿＿＿
＿＿＿＿＿＿＿＿＿＿
＿＿＿＿＿＿＿＿＿＿
＿＿＿＿＿＿＿＿＿＿
＿＿＿＿＿＿＿＿＿＿
＿＿＿＿＿＿＿＿＿＿
＿＿■＿＿＿＿＿＿＿
＿■■＿＿□＿＿＿＿
＿■□□□□＿＿＿＿
□□□□□□□□＿＿
□□□＿□□□□□□
□□□＿□□□□□＿
00:20:12(36368f):field(36367f)
＿＿＿＿＿＿＿＿＿＿
＿＿＿＿＿＿＿＿＿＿
＿＿＿＿＿＿＿＿＿＿
＿＿＿＿＿＿＿＿＿＿
＿＿＿＿＿＿＿＿＿＿
＿＿＿＿＿＿＿＿＿＿
＿＿＿＿＿＿＿＿＿＿
＿＿＿＿＿＿＿＿＿＿
＿＿＿＿＿＿＿＿＿＿
＿＿＿＿＿＿＿＿＿＿
＿＿＿＿＿＿＿＿＿＿
＿＿＿＿＿＿＿＿＿＿
＿＿＿＿＿＿＿＿＿＿
＿＿＿＿＿＿■＿＿＿
＿＿□＿＿＿■＿＿＿
＿□□＿＿□■＿＿＿
＿□□□□□■＿＿＿
□□□□□□□□＿＿
□□□＿□□□□□□
□□□＿□□□□□＿
00:20:12(36378f):field(36377f)
＿＿＿＿＿＿＿＿＿＿
＿＿＿＿＿＿＿＿＿＿
＿＿＿＿＿＿＿＿＿＿
＿＿＿＿＿＿＿＿＿＿
＿＿＿＿＿＿＿＿＿＿
＿＿＿＿＿＿＿＿＿＿
＿＿＿＿＿＿＿＿＿＿
＿＿＿＿＿＿＿＿＿＿
＿＿＿＿＿＿＿＿＿＿
＿＿＿＿＿＿＿＿＿＿
＿＿＿＿＿＿＿＿＿＿
＿＿＿＿＿＿＿＿＿＿
＿＿＿＿＿＿＿＿＿＿
＿＿＿＿＿＿□＿＿＿
＿＿□■■＿□＿＿＿
＿□□■■□□＿＿＿
＿□□□□□□＿＿＿
□□□□□□□□＿＿
□□□＿□□□□□□
□□□＿□□□□□＿
00:20:13(36390f):field(36389f)
＿＿＿＿＿＿＿＿＿＿
＿＿＿＿＿＿＿＿＿＿
＿＿＿＿＿＿＿＿＿＿
＿＿＿＿＿＿＿＿＿＿
＿＿＿＿＿＿＿＿＿＿
＿＿＿＿＿＿＿＿＿＿
＿＿＿＿＿＿＿＿＿＿
＿＿＿＿＿＿＿＿＿＿
＿＿＿＿＿＿＿＿＿＿
＿＿＿＿＿＿＿＿＿＿
＿＿＿＿＿＿＿＿＿＿
＿＿＿＿＿＿＿＿＿＿
＿＿＿＿■＿＿＿＿＿
＿＿＿＿■■□＿＿＿
＿＿□□□■□＿＿＿
＿□□□□□□＿＿＿
＿□□□□□□＿＿＿
□□□□□□□□＿＿
□□□＿□□□□□□
□□□＿□□□□□＿
00:20:13(36405f):field(36404f)
＿＿＿＿＿＿＿＿＿＿
＿＿＿＿＿＿＿＿＿＿
＿＿＿＿＿＿＿＿＿＿
＿＿＿＿＿＿＿＿＿＿
＿＿＿＿＿＿＿＿＿＿
＿＿＿＿＿＿＿＿＿＿
＿＿＿＿＿＿＿＿＿＿
＿＿＿＿＿＿＿＿＿＿
＿＿＿＿＿＿＿＿＿＿
＿＿＿＿＿＿＿＿＿＿
＿＿＿＿＿＿＿＿＿＿
＿＿＿＿＿＿＿＿＿＿
＿＿＿＿◆＿＿＿＿＿
＿＿＿＿□◆◆＿＿＿
＿＿◆◆□□□＿＿＿
＿◆□□□□□＿＿＿
＿□□□□□□＿■＿
◆□□□□□□□■＿
□□□＿□□□□□□
□□□＿□□□□□＿
00:20:13(36417f):field(36416f)
＿＿＿＿＿＿＿＿＿＿
＿＿＿＿＿＿＿＿＿＿
＿＿＿＿＿＿＿＿＿＿
＿＿＿＿＿＿＿＿＿＿
＿＿＿＿＿＿＿＿＿＿
＿＿＿＿＿＿＿＿＿＿
＿＿＿＿＿＿＿＿＿＿
＿＿＿＿＿＿＿＿＿＿
＿＿＿＿＿＿＿＿＿＿
＿＿＿＿＿＿＿＿＿＿
＿＿＿＿＿＿＿＿＿＿
＿＿＿＿＿■＿＿＿＿
＿＿＿＿■■＿＿＿＿
＿＿＿＿□■＿＿＿＿
＿＿＿＿□□□＿＿＿
＿＿□□□□□＿＿＿
＿□□□□□□＿□＿
＿□□□□□□◆□＿
□□□＿□□□□□□
□□□＿□□□□□＿
00:20:14(36432f):field(36431f)
＿＿＿＿＿＿＿＿＿＿
＿＿＿＿＿＿＿＿＿＿
＿＿＿＿＿＿＿＿＿＿
＿＿＿＿＿＿＿＿＿＿
＿＿＿＿＿＿＿＿＿＿
＿＿＿＿＿＿＿＿＿＿
＿＿＿＿＿＿＿＿＿＿
＿＿＿＿＿＿＿＿＿＿
＿＿＿＿＿＿＿＿＿＿
＿＿＿＿＿＿＿＿＿＿
＿＿＿＿＿＿＿＿＿＿
＿＿＿＿＿□＿＿＿＿
＿＿＿＿□□＿＿＿＿
＿＿■＿□□＿＿＿＿
＿■■＿□□□＿＿＿
＿■□□□□□＿＿＿
＿□□□□□□＿□＿
＿□□□□□□＿□＿
□□□＿□□□□□□
□□□＿□□□□□＿
00:20:14(36448f):field(36447f)
＿＿＿＿＿＿＿＿＿＿
＿＿＿＿＿＿＿＿＿＿
＿＿＿＿＿＿＿＿＿＿
＿＿＿＿＿＿＿＿＿＿
＿＿＿＿＿＿＿＿＿＿
＿＿＿＿＿＿＿＿＿＿
＿＿＿＿＿＿＿＿＿＿
＿＿＿＿＿＿＿＿＿＿
＿＿＿＿＿＿＿＿＿＿
＿＿＿＿＿＿＿＿＿＿
＿＿＿＿＿＿＿＿＿＿
＿＿＿＿＿□＿＿＿＿
＿＿＿＿□□＿＿＿＿
＿＿□＿□□＿＿＿＿
＿□□＿□□□＿＿＿
＿□□□□□□■■■
＿□□□□□□＿□■
＿□□□□□□＿□＿
□□□＿□□□□□□
□□□＿□□□□□＿
00:20:15(36460f):field(36459f)
＿＿＿＿＿＿＿＿＿＿
＿＿＿＿＿＿＿＿＿＿
＿＿＿＿＿＿＿＿＿＿
＿＿＿＿＿＿＿＿＿＿
＿＿＿＿＿＿＿＿＿＿
＿＿＿＿＿＿＿＿＿＿
＿＿＿＿＿＿＿＿＿＿
＿＿＿＿＿＿＿＿＿＿
＿＿＿＿＿＿＿＿＿＿
＿＿＿＿＿＿＿＿＿＿
＿＿＿＿＿＿＿＿＿＿
＿＿■＿＿□＿＿＿＿
＿＿■■□□＿＿＿＿
＿＿□■□□＿＿＿＿
＿□□＿□□□＿＿＿
＿□□□□□□□□□
＿□□□□□□＿□□
＿□□□□□□＿□＿
□□□＿□□□□□□
□□□＿□□□□□＿
00:20:15(36475f):field(36474f)
＿＿＿＿＿＿＿＿＿＿
＿＿＿＿＿＿＿＿＿＿
＿＿＿＿＿＿＿＿＿＿
＿＿＿＿＿＿＿＿＿＿
＿＿＿＿＿＿＿＿＿＿
＿＿＿＿＿＿＿＿＿＿
＿＿＿＿＿＿＿＿＿＿
＿＿＿＿＿＿＿＿＿＿
＿＿＿＿＿＿＿＿＿＿
＿＿＿＿＿＿＿＿＿＿
＿＿＿＿＿＿＿＿＿＿
＿＿□＿＿□＿＿＿＿
＿＿□□□□＿＿＿＿
＿＿□□□□＿＿＿■
＿□□＿□□□■■■
＿□□□□□□□□□
＿□□□□□□＿□□
＿□□□□□□＿□＿
□□□＿□□□□□□
□□□＿□□□□□＿
00:20:16(36487f):field(36486f)
＿＿＿＿＿＿＿＿＿＿
＿＿＿＿＿＿＿＿＿＿
＿＿＿＿＿＿＿＿＿＿
＿＿＿＿＿＿＿＿＿＿
＿＿＿＿＿＿＿＿＿＿
＿＿＿＿＿＿＿＿＿＿
＿＿＿＿＿＿＿＿＿＿
＿＿＿＿＿＿＿＿＿＿
＿＿＿＿＿＿＿＿＿＿
＿＿＿＿＿＿＿＿＿＿
＿＿＿＿＿＿■＿＿＿
＿＿□＿＿□■＿＿＿
＿＿□□□□■＿＿＿
＿＿□□□□■＿＿□
＿□□＿□□□□□□
＿□□□□□□□□□
＿□□□□□□＿□□
＿□□□□□□＿□＿
□□□＿□□□□□□
□□□＿□□□□□＿
00:20:16(36497f):field(36496f)
＿＿＿＿＿＿＿＿＿＿
＿＿＿＿＿＿＿＿＿＿
＿＿＿＿＿＿＿＿＿＿
＿＿＿＿＿＿＿＿＿＿
＿＿＿＿＿＿＿＿＿＿
＿＿＿＿＿＿＿＿＿＿
＿＿＿＿＿＿＿＿＿＿
＿＿＿＿＿＿＿＿＿＿
＿＿＿＿＿＿＿＿＿＿
＿＿＿＿＿＿＿＿＿＿
＿＿＿■■＿□＿＿＿
＿＿□■■□□＿＿＿
＿＿□□□□□＿＿＿
＿＿□□□□□＿＿□
＿□□＿□□□□□□
＿□□□□□□□□□
＿□□□□□□＿□□
＿□□□□□□＿□＿
□□□＿□□□□□□
□□□＿□□□□□＿
00:20:17(36512f):field(36511f)
＿＿＿＿＿＿＿＿＿＿
＿＿＿＿＿＿＿＿＿＿
＿＿＿＿＿＿＿＿＿＿
＿＿＿＿＿＿＿＿＿＿
＿＿＿＿＿＿＿＿＿＿
＿＿＿＿＿＿＿＿＿＿
＿＿＿＿＿＿＿＿＿＿
＿＿＿＿＿＿＿＿＿＿
＿＿＿＿＿＿＿＿＿＿
＿＿＿＿■■■＿＿＿
＿＿＿□□■□＿＿＿
＿＿□□□□□＿＿＿
＿＿□□□□□＿＿＿
＿＿□□□□□＿＿□
＿□□＿□□□□□□
＿□□□□□□□□□
＿□□□□□□＿□□
＿□□□□□□＿□＿
□□□＿□□□□□□
□□□＿□□□□□＿
00:20:17(36524f):field(36523f)
＿＿＿＿＿＿＿＿＿＿
＿＿＿＿＿＿＿＿＿＿
＿＿＿＿＿＿＿＿＿＿
＿＿＿＿＿＿＿＿＿＿
＿＿＿＿＿＿＿＿＿＿
＿＿＿＿＿＿＿＿＿＿
＿＿＿＿＿＿＿＿＿＿
＿＿＿＿＿＿＿＿＿＿
＿＿＿＿＿＿＿＿＿＿
＿＿＿＿□□□＿＿＿
＿＿＿□□□□＿＿＿
＿＿□□□□□＿＿＿
＿＿□□□□□＿■■
＿＿□□□□□■■□
＿□□＿□□□□□□
＿□□□□□□□□□
＿□□□□□□＿□□
＿□□□□□□＿□＿
□□□＿□□□□□□
□□□＿□□□□□＿
00:20:17(36538f):field(36537f)
＿＿＿＿＿＿＿＿＿＿
＿＿＿＿＿＿＿＿＿＿
＿＿＿＿＿＿＿＿＿＿
＿＿＿＿＿＿＿＿＿＿
＿＿＿＿＿＿＿＿＿＿
＿＿＿＿＿＿＿＿＿＿
＿＿＿＿＿＿＿＿＿＿
＿＿＿＿＿＿＿＿＿＿
＿＿＿＿＿＿＿＿＿＿
＿＿＿＿□□□＿＿＿
＿＿＿□□□□＿■＿
＿＿□□□□□■■＿
＿＿□□□□□■□□
＿＿□□□□□□□□
＿□□＿□□□□□□
＿□□□□□□□□□
＿□□□□□□＿□□
＿□□□□□□＿□＿
□□□＿□□□□□□
□□□＿□□□□□＿
00:20:18(36552f):field(36551f)
＿＿＿＿＿＿＿＿＿＿
＿＿＿＿＿＿＿＿＿＿
＿＿＿＿＿＿＿＿＿＿
＿＿＿＿＿＿＿＿＿＿
＿＿＿＿＿＿＿＿＿＿
＿＿＿＿＿＿＿＿＿＿
＿＿＿＿＿＿＿＿＿＿
＿＿＿＿＿＿＿＿＿＿
＿＿＿＿＿＿＿＿＿＿
＿＿＿＿◆◆◆＿＿＿
＿＿＿◆□□□＿◆＿
＿＿◆□□□□◆□＿
＿＿□□□□□□□◆
＿＿□□□□□□□□
＿◆□■□□□□□□
■□□□□□□□□□
■□□□□□□＿□□
■□□□□□□＿□＿
□□□＿□□□□□□
□□□＿□□□□□＿
00:20:18(36567f):field(36566f)
＿＿＿＿＿＿＿＿＿＿
＿＿＿＿＿＿＿＿＿＿
＿＿＿＿＿＿＿＿＿＿
＿＿＿＿＿＿＿＿＿＿
＿＿＿＿＿＿＿＿＿＿
＿＿＿＿＿＿＿＿＿＿
＿＿＿＿＿＿＿＿＿＿
＿＿＿＿＿＿＿＿＿＿
＿＿＿＿＿＿＿＿＿＿
＿＿＿＿＿＿＿＿＿＿
＿＿＿＿□□□＿■■
＿＿＿□□□□＿□■
＿＿□□□□□□□■
＿＿□□□□□□□□
＿＿□□□□□□□□
□□□◆□□□□□□
□□□□□□□＿□□
□□□□□□□＿□＿
□□□＿□□□□□□
□□□＿□□□□□＿
00:20:19(36582f):field(36581f)
＿＿＿＿＿＿＿＿＿＿
＿＿＿＿＿＿＿＿＿＿
＿＿＿＿＿＿＿＿＿＿
＿＿＿＿＿＿＿＿＿＿
＿＿＿＿＿＿＿＿＿＿
＿＿＿＿＿＿＿＿＿＿
＿＿＿＿＿＿＿＿＿＿
＿＿＿＿＿＿＿＿＿＿
＿＿＿＿＿＿＿＿＿＿
＿＿＿＿＿＿＿＿＿＿
＿＿＿＿◆◆◆＿◆◆
＿＿＿◆□□□＿□□
＿＿◆□□□□□□□
■＿□□□□□□□□
■＿□□□□□□□□
□□□＿□□□□□□
□□□□□□□＿□□
□□□□□□□＿□＿
□□□＿□□□□□□
□□□＿□□□□□＿
00:20:19(36594f):field(36593f)
＿＿＿＿＿＿＿＿＿＿
＿＿＿＿＿＿＿＿＿＿
＿＿＿＿＿＿＿＿＿＿
＿＿＿＿＿＿＿＿＿＿
＿＿＿＿＿＿＿＿＿＿
＿＿＿＿＿＿＿＿＿＿
＿＿＿＿＿＿＿＿＿＿
＿＿＿＿＿＿＿＿＿＿
＿＿＿＿＿＿＿＿＿＿
＿＿＿＿＿＿＿＿＿＿
＿＿＿＿＿＿＿＿＿＿
＿＿＿＿◆◆◆＿◆◆
■＿＿◆□□□◆□□
□■◆□□□□□□□
□＿□□□□□□□□
□□□■□□□□□□
□□□□□□□＿□□
□□□□□□□＿□＿
□□□＿□□□□□□
□□□＿□□□□□＿
00:20:20(36608f):field(36607f)
＿＿＿＿＿＿＿＿＿＿
＿＿＿＿＿＿＿＿＿＿
＿＿＿＿＿＿＿＿＿＿
＿＿＿＿＿＿＿＿＿＿
＿＿＿＿＿＿＿＿＿＿
＿＿＿＿＿＿＿＿＿＿
＿＿＿＿＿＿＿＿＿＿
＿＿＿＿＿＿＿＿＿＿
＿＿＿＿＿＿＿＿＿＿
＿＿＿＿＿＿＿＿＿＿
＿＿＿＿＿＿＿＿■■
＿＿＿＿＿＿＿＿■■
□＿＿＿□□□＿□□
□□＿□□□□◆□□
□＿□□□□□□□□
□□□◆□□□□□□
□□□□□□□＿□□
□□□□□□□＿□＿
□□□＿□□□□□□
□□□＿□□□□□＿
00:20:20(36619f):field(36618f)
＿＿＿＿＿＿＿＿＿＿
＿＿＿＿＿＿＿＿＿＿
＿＿＿＿＿＿＿＿＿＿
＿＿＿＿＿＿＿＿＿＿
＿＿＿＿＿＿＿＿＿＿
＿＿＿＿＿＿＿＿＿＿
＿＿＿＿＿＿＿＿＿＿
＿＿＿＿＿＿＿＿＿＿
＿＿＿＿＿＿＿＿＿＿
＿＿＿＿＿＿＿＿＿＿
＿＿＿＿＿＿＿■□□
＿＿＿＿＿＿＿■□□
□＿＿＿□□□■□□
□□＿□□□□■□□
□＿□□□□□□□□
□□□＿□□□□□□
□□□□□□□＿□□
□□□□□□□＿□＿
□□□＿□□□□□□
□□□＿□□□□□＿
00:20:21(36631f):field(36630f)
＿＿＿＿＿＿＿＿＿＿
＿＿＿＿＿＿＿＿＿＿
＿＿＿＿＿＿＿＿＿＿
＿＿＿＿＿＿＿＿＿＿
＿＿＿＿＿＿＿＿＿＿
＿＿＿＿＿＿＿＿＿＿
＿＿＿＿＿＿＿＿＿＿
＿＿＿＿＿＿＿＿＿＿
＿＿＿＿＿＿＿＿＿＿
＿＿＿＿＿＿＿＿＿＿
＿＿＿＿＿＿＿□□□
＿＿＿■■■＿□□□
□＿＿■□□□□□□
□□＿□□□□□□□
□＿□□□□□□□□
□□□＿□□□□□□
□□□□□□□＿□□
□□□□□□□＿□＿
□□□＿□□□□□□
□□□＿□□□□□＿
00:20:21(36646f):field(36645f)
＿＿＿＿＿＿＿＿＿＿
＿＿＿＿＿＿＿＿＿＿
＿＿＿＿＿＿＿＿＿＿
＿＿＿＿＿＿＿＿＿＿
＿＿＿＿＿＿＿＿＿＿
＿＿＿＿＿＿＿＿＿＿
＿＿＿＿＿＿＿＿＿＿
＿＿＿＿＿＿＿＿＿＿
＿＿＿＿＿＿＿＿＿＿
＿＿＿＿＿＿■＿＿＿
＿＿＿＿＿■■□□□
＿＿＿□□□■□□□
□＿＿□□□□□□□
□□＿□□□□□□□
□＿□□□□□□□□
□□□＿□□□□□□
□□□□□□□＿□□
□□□□□□□＿□＿
□□□＿□□□□□□
□□□＿□□□□□＿
00:20:21(36656f):field(36655f)
＿＿＿＿＿＿＿＿＿＿
＿＿＿＿＿＿＿＿＿＿
＿＿＿＿＿＿＿＿＿＿
＿＿＿＿＿＿＿＿＿＿
＿＿＿＿＿＿＿＿＿＿
＿＿＿＿＿＿＿＿＿＿
＿＿＿＿＿＿＿＿＿＿
＿＿＿＿＿＿＿＿＿＿
＿＿＿＿＿＿＿＿＿＿
＿＿＿＿■■□＿＿＿
＿＿＿■■□□□□□
＿＿＿□□□□□□□
□＿＿□□□□□□□
□□＿□□□□□□□
□＿□□□□□□□□
□□□＿□□□□□□
□□□□□□□＿□□
□□□□□□□＿□＿
□□□＿□□□□□□
□□□＿□□□□□＿
00:20:22(36671f):field(36670f)
＿＿＿＿＿＿＿＿＿＿
＿＿＿＿＿＿＿＿＿＿
＿＿＿＿＿＿＿＿＿＿
＿＿＿＿＿＿＿＿＿＿
＿＿＿＿＿＿＿＿＿＿
＿＿＿＿＿＿＿＿＿＿
＿＿＿＿＿＿＿＿＿＿
＿＿＿＿＿＿＿＿＿＿
＿＿＿＿＿＿＿＿■■
＿＿＿＿□□□＿■■
＿＿＿□□□□□□□
＿＿＿□□□□□□□
□＿＿□□□□□□□
□□＿□□□□□□□
□＿□□□□□□□□
□□□＿□□□□□□
□□□□□□□＿□□
□□□□□□□＿□＿
□□□＿□□□□□□
□□□＿□□□□□＿
00:20:22(36682f):field(36681f)
＿＿＿＿＿＿＿＿＿＿
＿＿＿＿＿＿＿＿＿＿
＿＿＿＿＿＿＿＿＿＿
＿＿＿＿＿＿＿＿＿＿
＿＿＿＿＿＿＿＿＿＿
＿＿＿＿＿＿＿＿＿＿
＿＿＿＿＿＿＿＿＿＿
＿＿＿＿＿＿＿＿＿＿
＿＿＿＿＿＿＿＿◆◆
＿＿＿＿◆◆◆＿□□
＿＿＿◆□□□◆□□
＿＿■□□□□□□□
◆＿■□□□□□□□
□◆■□□□□□□□
□＿□□□□□□□□
□□□＿□□□□□□
□□□□□□□＿□□
□□□□□□□＿□＿
□□□＿□□□□□□
□□□＿□□□□□＿
00:20:23(36696f):field(36695f)
＿＿＿＿＿＿＿＿＿＿
＿＿＿＿＿＿＿＿＿＿
＿＿＿＿＿＿＿＿＿＿
＿＿＿＿＿＿＿＿＿＿
＿＿＿＿＿＿＿＿＿＿
＿＿＿＿＿＿＿＿＿＿
＿＿＿＿＿＿＿＿＿＿
＿＿＿＿＿＿＿＿＿＿
＿＿＿＿＿＿＿＿＿＿
＿＿＿＿＿■■■□□
＿＿＿＿□□□■□□
＿＿□□□□□□□□
＿＿□□□□□□□□
□＿□□□□□□□□
□＿□□□□□□□□
□□□＿□□□□□□
□□□□□□□＿□□
□□□□□□□＿□＿
□□□＿□□□□□□
□□□＿□□□□□＿
00:20:23(36707f):field(36706f)
＿＿＿＿＿＿＿＿＿＿
＿＿＿＿＿＿＿＿＿＿
＿＿＿＿＿＿＿＿＿＿
＿＿＿＿＿＿＿＿＿＿
＿＿＿＿＿＿＿＿＿＿
＿＿＿＿＿＿＿＿＿＿
＿＿＿＿＿＿＿＿＿＿
＿＿＿＿＿＿＿＿＿＿
＿＿＿＿＿＿＿＿＿＿
＿＿＿＿＿◆◆◆◆◆
＿＿＿＿◆◆◆◆◆◆
＿■◆◆◆◆◆◆◆□
■＿□◆◆□□□□□
□■◆□□□□□□□
◆■□□□□□□□□
□□□＿□□□□□□
□□□□□□□■□□
□□□□□□□＿□＿
□□□＿□□□□□□
□□□＿□□□□□＿
00:20:24(36721f):field(36720f)
＿＿＿＿＿＿＿＿＿＿
＿＿＿＿＿＿＿＿＿＿
＿＿＿＿＿＿＿＿＿＿
＿＿＿＿＿＿＿＿＿＿
＿＿＿＿＿＿＿＿＿＿
＿＿＿＿＿＿＿＿＿＿
＿＿＿＿＿＿＿＿＿＿
＿＿＿＿＿＿＿＿＿＿
＿＿＿＿＿＿＿＿＿＿
＿＿＿＿＿＿＿＿＿＿
＿＿＿＿＿＿＿＿＿＿
＿◆＿＿＿＿＿＿＿◆
□■□＿＿◆◆◆□◆
◆◆＿◆◆□□□□□
＿□□□□□□□□□
□□□＿□□□□□□
□□□□□□□◆□□
□□□□□□□＿□＿
□□□＿□□□□□□
□□□＿□□□□□＿
00:20:24(36736f):field(36735f)
＿＿＿＿＿＿＿＿＿＿
＿＿＿＿＿＿＿＿＿＿
＿＿＿＿＿＿＿＿＿＿
＿＿＿＿＿＿＿＿＿＿
＿＿＿＿＿＿＿＿＿＿
＿＿＿＿＿＿＿＿＿＿
＿＿＿＿＿＿＿＿＿＿
＿＿＿＿＿＿＿＿＿＿
＿＿＿＿＿＿＿＿＿＿
＿＿＿＿＿＿＿＿＿＿
＿＿＿＿＿＿＿＿＿＿
＿＿＿＿＿＿＿＿＿＿
◆□◆＿＿＿＿＿◆＿
＿■■＿＿□□□□□
＿□□□□□□□□□
□□□＿□□□□□□
□□□□□□□＿□□
□□□□□□□＿□＿
□□□＿□□□□□□
□□□＿□□□□□＿
00:20:24(36747f):field(36746f)
＿＿＿＿＿＿＿＿＿＿
＿＿＿＿＿＿＿＿＿＿
＿＿＿＿＿＿＿＿＿＿
＿＿＿＿＿＿＿＿＿＿
＿＿＿＿＿＿＿＿＿＿
＿＿＿＿＿＿＿＿＿＿
＿＿＿＿＿＿＿＿＿＿
＿＿＿＿＿＿＿＿＿＿
＿＿＿＿＿＿＿＿＿＿
＿＿＿＿＿＿＿＿＿＿
＿＿＿＿＿＿＿＿＿＿
＿＿＿＿＿＿＿＿＿＿
＿□＿■■＿＿＿＿＿
＿□□■■□□□□□
＿□□□□□□□□□
□□□＿□□□□□□
□□□□□□□＿□□
□□□□□□□＿□＿
□□□＿□□□□□□
□□□＿□□□□□＿
00:20:25(36759f):field(36758f)
＿＿＿＿＿＿＿＿＿＿
＿＿＿＿＿＿＿＿＿＿
＿＿＿＿＿＿＿＿＿＿
＿＿＿＿＿＿＿＿＿＿
＿＿＿＿＿＿＿＿＿＿
＿＿＿＿＿＿＿＿＿＿
＿＿＿＿＿＿＿＿＿＿
＿＿＿＿＿＿＿＿＿＿
＿＿＿＿＿＿＿＿＿＿
＿＿＿＿＿＿＿＿＿＿
＿＿＿＿＿＿＿＿＿＿
＿＿＿■■■＿＿＿＿
＿□＿□□■＿＿＿＿
＿□□□□□□□□□
＿□□□□□□□□□
□□□＿□□□□□□
□□□□□□□＿□□
□□□□□□□＿□＿
□□□＿□□□□□□
□□□＿□□□□□＿
00:20:25(36771f):field(36770f)
＿＿＿＿＿＿＿＿＿＿
＿＿＿＿＿＿＿＿＿＿
＿＿＿＿＿＿＿＿＿＿
＿＿＿＿＿＿＿＿＿＿
＿＿＿＿＿＿＿＿＿＿
＿＿＿＿＿＿＿＿＿＿
＿＿＿＿＿＿＿＿＿＿
＿＿＿＿＿＿＿＿＿＿
＿＿＿＿■＿＿＿＿＿
＿＿＿■■＿＿＿＿＿
＿＿＿■＿＿＿＿＿＿
＿＿＿□□□＿＿＿＿
＿□＿□□□＿＿＿＿
＿□□□□□□□□□
＿□□□□□□□□□
□□□＿□□□□□□
□□□□□□□＿□□
□□□□□□□＿□＿
□□□＿□□□□□□
□□□＿□□□□□＿
00:20:26(36784f):field(36783f)
＿＿＿＿＿＿＿＿＿＿
＿＿＿＿＿＿＿＿＿＿
＿＿＿＿＿＿＿＿＿＿
＿＿＿＿＿＿＿＿＿＿
＿＿＿＿＿＿＿＿＿＿
＿＿＿＿＿＿＿＿＿＿
＿＿＿＿＿＿＿＿＿＿
＿＿＿＿＿＿＿＿＿＿
＿＿＿＿□＿＿＿＿＿
＿＿＿□□＿■＿＿＿
＿＿＿□■■■＿＿＿
＿＿＿□□□＿＿＿＿
＿□＿□□□＿＿＿＿
＿□□□□□□□□□
＿□□□□□□□□□
□□□＿□□□□□□
□□□□□□□＿□□
□□□□□□□＿□＿
□□□＿□□□□□□
□□□＿□□□□□＿
00:20:26(36798f):field(36797f)
＿＿＿＿＿＿＿＿＿＿
＿＿＿＿＿＿＿＿＿＿
＿＿＿＿＿＿＿＿＿＿
＿＿＿＿＿＿＿＿＿＿
＿＿＿＿＿＿＿＿＿＿
＿＿＿＿＿＿＿＿＿＿
＿＿＿＿＿＿＿＿＿＿
＿＿＿＿＿■＿＿＿＿
＿＿＿＿□■■＿＿＿
＿＿＿□□■□＿＿＿
＿＿＿□□□□＿＿＿
＿＿＿□□□＿＿＿＿
＿□＿□□□＿＿＿＿
＿□□□□□□□□□
＿□□□□□□□□□
□□□＿□□□□□□
□□□□□□□＿□□
□□□□□□□＿□＿
□□□＿□□□□□□
□□□＿□□□□□＿
00:20:27(36831f):field(36830f)
＿＿＿＿＿＿＿＿＿＿
＿＿＿＿＿＿＿＿＿＿
＿＿＿＿＿＿＿＿＿＿
＿＿＿＿＿＿＿＿＿＿
＿＿＿＿＿＿＿＿＿＿
＿＿＿＿＿＿＿＿＿＿
＿＿＿＿＿＿＿＿＿＿
＿＿＿＿＿□＿＿＿＿
＿＿＿＿□□□＿＿＿
＿＿＿□□□□＿＿＿
＿＿＿□□□□＿＿■
＿＿＿□□□■■＿■
＿□＿□□□■■■■
＿□□□□□□□□□
＿□□□□□□□□□
□□□＿□□□□□□
□□□□□□□＿□□
□□□□□□□＿□＿
□□□＿□□□□□□
□□□＿□□□□□＿
00:20:28(36847f):field(36846f)
＿＿＿＿＿＿＿＿＿＿
＿＿＿＿＿＿＿＿＿＿
＿＿＿＿＿＿＿＿＿＿
＿＿＿＿＿＿＿＿＿＿
＿＿＿＿＿＿＿＿＿＿
＿＿＿＿＿＿＿＿＿＿
＿＿＿＿＿＿＿＿＿＿
＿＿＿＿＿□＿＿＿＿
＿＿＿＿□□□＿＿＿
＿＿＿□□□□＿■■
＿＿＿□□□□＿■□
＿＿＿□□□□□■□
＿□＿□□□□□□□
＿□□□□□□□□□
＿□□□□□□□□□
□□□＿□□□□□□
□□□□□□□＿□□
□□□□□□□＿□＿
□□□＿□□□□□□
□□□＿□□□□□＿
00:20:28(36858f):field(36857f)
＿＿＿＿＿＿＿＿＿＿
＿＿＿＿＿＿＿＿＿＿
＿＿＿＿＿＿＿＿＿＿
＿＿＿＿＿＿＿＿＿＿
＿＿＿＿＿＿＿＿＿＿
＿＿＿＿＿＿＿＿＿＿
＿＿＿＿■＿＿＿＿＿
＿＿＿■■□＿＿＿＿
＿＿＿■□□□＿＿＿
＿＿＿□□□□＿□□
＿＿＿□□□□＿□□
＿＿＿□□□□□□□
＿□＿□□□□□□□
＿□□□□□□□□□
＿□□□□□□□□□
□□□＿□□□□□□
□□□□□□□＿□□
□□□□□□□＿□＿
□□□＿□□□□□□
□□□＿□□□□□＿
00:20:29(36873f):field(36872f)
＿＿＿＿＿＿＿＿＿＿
＿＿＿＿＿＿＿＿＿＿
＿＿＿＿＿＿＿＿＿＿
＿＿＿＿＿＿＿＿＿＿
＿＿＿＿＿＿＿＿＿＿
＿＿＿＿＿＿＿＿＿＿
＿＿＿＿□＿＿＿＿＿
＿＿＿□□□＿＿＿＿
＿＿＿□□□□＿＿＿
＿＿＿□□□□＿□□
■＿＿□□□□＿□□
■■＿□□□□□□□
■□＿□□□□□□□
＿□□□□□□□□□
＿□□□□□□□□□
□□□＿□□□□□□
□□□□□□□＿□□
□□□□□□□＿□＿
□□□＿□□□□□□
□□□＿□□□□□＿
00:20:29(36886f):field(36885f)
＿＿＿＿＿＿＿＿＿＿
＿＿＿＿＿＿＿＿＿＿
＿＿＿＿＿＿＿＿＿＿
＿＿＿＿＿＿＿＿＿＿
＿＿＿＿＿＿＿＿＿＿
＿＿＿＿＿＿＿＿＿＿
＿＿＿＿◆＿＿＿＿＿
＿＿＿◆◆◆＿＿＿＿
＿＿＿◆□◆◆＿＿＿
＿＿＿□□□◆＿◆◆
◆＿＿□□□□＿◆◆
□□＿□□□□◆□□
□□■□□□□◆□□
■□□□□□□□□□
＿□□□□□□□□□
□□□＿□□□□□□
□□□□□□□＿□□
□□□□□□□＿□＿
□□□＿□□□□□□
□□□＿□□□□□＿
00:20:29(36898f):field(36897f)
＿＿＿＿＿＿＿＿＿＿
＿＿＿＿＿＿＿＿＿＿
＿＿＿＿＿＿＿＿＿＿
＿＿＿＿＿＿＿＿＿＿
＿＿＿＿＿＿＿＿＿＿
＿＿＿＿＿＿＿＿＿＿
＿＿＿＿＿＿＿＿＿＿
＿＿＿＿＿＿＿＿＿＿
＿＿＿＿◆＿＿＿＿＿
＿＿＿◆□◆＿＿＿＿
＿＿＿□□□◆■＿＿
◆□＿□□□□■◆□
◆◆◆□□□□■□□
□□□□□□□□□□
＿□□□□□□□□□
□□□＿□□□□□□
□□□□□□□＿□□
□□□□□□□＿□＿
□□□＿□□□□□□
□□□＿□□□□□＿
00:20:30(36909f):field(36908f)
＿＿＿＿＿＿＿＿＿＿
＿＿＿＿＿＿＿＿＿＿
＿＿＿＿＿＿＿＿＿＿
＿＿＿＿＿＿＿＿＿＿
＿＿＿＿＿＿＿＿＿＿
＿＿＿＿＿＿＿＿＿＿
＿＿＿＿＿＿＿＿＿＿
＿＿＿＿＿＿＿＿＿＿
＿＿＿＿＿＿＿＿＿＿
＿＿＿＿□＿＿＿＿＿
＿＿＿□□□＿□■■
＿◆＿□□□□□■□
＿＿＿□□□□□□□
◆□□□□□□□□□
＿□□□□□□□□□
□□□＿□□□□□□
□□□□□□□＿□□
□□□□□□□＿□＿
□□□＿□□□□□□
□□□＿□□□□□＿
00:20:30(36922f):field(36921f)
＿＿＿＿＿＿＿＿＿＿
＿＿＿＿＿＿＿＿＿＿
＿＿＿＿＿＿＿＿＿＿
＿＿＿＿＿＿＿＿＿＿
＿＿＿＿＿＿＿＿＿＿
＿＿＿＿＿＿＿＿＿＿
＿＿＿＿＿＿＿＿＿＿
＿＿＿＿＿＿＿＿＿＿
＿＿＿＿＿■＿＿＿＿
＿＿＿＿□■■＿＿＿
＿＿＿□□□■□□□
＿＿＿□□□□□□□
＿＿＿□□□□□□□
＿□□□□□□□□□
＿□□□□□□□□□
□□□＿□□□□□□
□□□□□□□＿□□
□□□□□□□＿□＿
□□□＿□□□□□□
□□□＿□□□□□＿
00:20:31(36933f):field(36932f)
＿＿＿＿＿＿＿＿＿＿
＿＿＿＿＿＿＿＿＿＿
＿＿＿＿＿＿＿＿＿＿
＿＿＿＿＿＿＿＿＿＿
＿＿＿＿＿＿＿＿＿＿
＿＿＿＿＿＿＿＿＿＿
＿＿＿＿＿＿＿＿＿＿
＿＿＿＿＿＿＿＿＿＿
＿＿＿＿＿◆＿＿＿＿
＿＿＿＿◆□◆＿＿＿
＿＿■□□□□◆◆◆
■＿＿□□□□□□□
■■＿□□□□□□□
＿□□□□□□□□□
＿□□□□□□□□□
□□□＿□□□□□□
□□□□□□□＿□□
□□□□□□□＿□＿
□□□＿□□□□□□
□□□＿□□□□□＿
00:20:31(36947f):field(36946f)
＿＿＿＿＿＿＿＿＿＿
＿＿＿＿＿＿＿＿＿＿
＿＿＿＿＿＿＿＿＿＿
＿＿＿＿＿＿＿＿＿＿
＿＿＿＿＿＿＿＿＿＿
＿＿＿＿＿＿＿＿＿＿
＿＿＿＿＿＿＿＿＿＿
＿＿＿＿＿＿＿＿＿＿
＿＿＿＿■＿＿＿＿＿
＿＿＿■■□＿＿＿＿
＿＿◆□□□□＿＿＿
◆＿＿□□□□□□□
◆□＿□□□□□□□
＿□□□□□□□□□
＿□□□□□□□□□
□□□＿□□□□□□
□□□□□□□＿□□
□□□□□□□＿□＿
□□□＿□□□□□□
□□□＿□□□□□＿
00:20:32(36961f):field(36960f)
＿＿＿＿＿＿＿＿＿＿
＿＿＿＿＿＿＿＿＿＿
＿＿＿＿＿＿＿＿＿＿
＿＿＿＿＿＿＿＿＿＿
＿＿＿＿＿＿＿＿＿＿
＿＿＿＿＿＿＿＿＿＿
＿＿＿＿＿＿＿＿＿＿
＿＿＿＿＿＿＿＿＿＿
＿＿＿＿◆＿＿＿＿＿
＿＿＿◆□◆＿＿＿＿
■＿＿□□□□＿■＿
＿＿＿□□□□◆◆◆
＿□■□□□□□□□
＿□□□□□□□□□
＿□□□□□□□□□
□□□＿□□□□□□
□□□□□□□＿□□
□□□□□□□＿□＿
□□□＿□□□□□□
□□□＿□□□□□＿
00:20:32(36975f):field(36974f)
＿＿＿＿＿＿＿＿＿＿
＿＿＿＿＿＿＿＿＿＿
＿＿＿＿＿＿＿＿＿＿
＿＿＿＿＿＿＿＿＿＿
＿＿＿＿＿＿＿＿＿＿
＿＿＿＿＿＿＿＿＿＿
＿＿＿＿＿＿＿＿＿＿
＿＿＿＿＿＿＿＿＿＿
＿＿＿＿＿＿＿＿＿＿
＿＿＿＿□＿＿＿＿＿
◆＿＿□□□□■□■
＿＿＿□□□□＿＿＿
＿□□□□□□□□□
＿□□□□□□□□□
＿□□□□□□□□□
□□□＿□□□□□□
□□□□□□□＿□□
□□□□□□□＿□＿
□□□＿□□□□□□
□□□＿□□□□□＿
00:20:32(36987f):field(36986f)
＿＿＿＿＿＿＿＿＿＿
＿＿＿＿＿＿＿＿＿＿
＿＿＿＿＿＿＿＿＿＿
＿＿＿＿＿＿＿＿＿＿
＿＿＿＿＿＿＿＿＿＿
＿＿＿＿＿＿＿＿＿＿
＿＿＿＿＿＿＿＿＿＿
＿＿＿＿■＿＿＿＿＿
＿＿＿＿■■＿＿＿＿
＿＿＿＿□■＿＿＿＿
＿＿＿□□□□□□□
＿＿＿□□□□＿＿＿
＿□□□□□□□□□
＿□□□□□□□□□
＿□□□□□□□□□
□□□＿□□□□□□
□□□□□□□＿□□
□□□□□□□＿□＿
□□□＿□□□□□□
□□□＿□□□□□＿
00:20:33(36999f):field(36998f)
＿＿＿＿＿＿＿＿＿＿
＿＿＿＿＿＿＿＿＿＿
＿＿＿＿＿＿＿＿＿＿
＿＿＿＿＿＿＿＿＿＿
＿＿＿＿＿＿＿＿＿＿
＿＿＿＿＿＿＿＿＿＿
＿＿＿＿＿＿＿＿＿＿
＿＿＿＿◆＿＿＿＿＿
＿＿＿＿□◆＿＿＿＿
＿＿＿＿□□＿＿＿＿
＿＿＿◆□□◆◆◆◆
＿＿＿□□□□■■■
■□□□□□□◆□◆
＿□□□□□□□□□
＿□□□□□□□□□
□□□＿□□□□□□
□□□□□□□＿□□
□□□□□□□＿□＿
□□□＿□□□□□□
□□□＿□□□□□＿
00:20:33(37011f):field(37010f)
＿＿＿＿＿＿＿＿＿＿
＿＿＿＿＿＿＿＿＿＿
＿＿＿＿＿＿＿＿＿＿
＿＿＿＿＿＿＿＿＿＿
＿＿＿＿＿＿＿＿＿＿
＿＿＿＿＿＿＿＿＿＿
＿＿＿＿＿＿＿＿＿＿
＿＿＿＿＿＿＿＿＿＿
＿＿＿＿◆＿＿＿＿＿
＿＿＿＿□◆＿＿＿＿
■■■＿□□＿＿■■
＿■＿◆□□□□◆◆
□□□□□□□＿◆＿
＿□□□□□□□□□
＿□□□□□□□□□
□□□＿□□□□□□
□□□□□□□＿□□
□□□□□□□＿□＿
□□□＿□□□□□□
□□□＿□□□□□＿
00:20:34(37024f):field(37023f)
＿＿＿＿＿＿＿＿＿＿
＿＿＿＿＿＿＿＿＿＿
＿＿＿＿＿＿＿＿＿＿
＿＿＿＿＿＿＿＿＿＿
＿＿＿＿＿＿＿＿＿＿
＿＿＿＿＿＿＿＿＿＿
＿＿＿＿＿＿＿＿＿＿
＿＿＿＿＿＿＿＿＿＿
＿＿＿＿＿＿＿＿＿＿
＿＿＿＿◆＿＿＿＿＿
◆◆◆＿□◆＿＿◆◆
＿◆■＿□□◆□＿＿
◆□◆◆□□◆■■＿
＿□□□□□□□□□
＿□□□□□□□□□
□□□＿□□□□□□
□□□□□□□＿□□
□□□□□□□＿□＿
□□□＿□□□□□□
□□□＿□□□□□＿
00:20:34(37037f):field(37036f)
＿＿＿＿＿＿＿＿＿＿
＿＿＿＿＿＿＿＿＿＿
＿＿＿＿＿＿＿＿＿＿
＿＿＿＿＿＿＿＿＿＿
＿＿＿＿＿＿＿＿＿＿
＿＿＿＿＿＿＿＿＿＿
＿＿＿＿＿＿＿＿＿＿
＿＿＿＿＿＿＿＿＿＿
＿＿＿＿＿＿＿＿＿＿
＿＿＿＿＿＿＿＿＿＿
＿＿＿＿□＿＿■＿＿
＿＿◆＿□□■□＿＿
＿□＿＿□□■□◆＿
＿□□□□□□□□□
＿□□□□□□□□□
□□□＿□□□□□□
□□□□□□□＿□□
□□□□□□□＿□＿
□□□＿□□□□□□
□□□＿□□□□□＿
00:20:34(37049f):field(37048f)
＿＿＿＿＿＿＿＿＿＿
＿＿＿＿＿＿＿＿＿＿
＿＿＿＿＿＿＿＿＿＿
＿＿＿＿＿＿＿＿＿＿
＿＿＿＿＿＿＿＿＿＿
＿＿＿＿＿＿＿＿＿＿
＿＿＿＿＿＿＿＿＿＿
＿＿＿＿＿＿＿＿＿＿
＿＿＿＿＿＿＿＿＿＿
＿＿＿＿＿■■＿＿＿
＿＿＿＿□■■□＿＿
＿＿＿＿□□□□＿＿
＿□＿＿□□□□＿＿
＿□□□□□□□□□
＿□□□□□□□□□
□□□＿□□□□□□
□□□□□□□＿□□
□□□□□□□＿□＿
□□□＿□□□□□□
□□□＿□□□□□＿
00:20:35(37061f):field(37060f)
＿＿＿＿＿＿＿＿＿＿
＿＿＿＿＿＿＿＿＿＿
＿＿＿＿＿＿＿＿＿＿
＿＿＿＿＿＿＿＿＿＿
＿＿＿＿＿＿＿＿＿＿
＿＿＿＿＿＿＿＿＿＿
＿＿＿＿＿＿＿＿＿＿
＿＿＿＿＿＿＿＿＿＿
＿＿＿＿■■■＿＿＿
＿＿＿＿■□□＿＿＿
＿＿＿＿□□□□＿＿
＿＿＿＿□□□□＿＿
＿□＿＿□□□□＿＿
＿□□□□□□□□□
＿□□□□□□□□□
□□□＿□□□□□□
□□□□□□□＿□□
□□□□□□□＿□＿
□□□＿□□□□□□
□□□＿□□□□□＿
00:20:35(37075f):field(37074f)
＿＿＿＿＿＿＿＿＿＿
＿＿＿＿＿＿＿＿＿＿
＿＿＿＿＿＿＿＿＿＿
＿＿＿＿＿＿＿＿＿＿
＿＿＿＿＿＿＿＿＿＿
＿＿＿＿＿＿＿＿＿＿
＿＿＿＿＿＿＿＿＿＿
＿＿＿＿＿＿＿＿＿＿
＿＿＿＿□□□＿＿＿
＿＿＿＿□□□＿＿＿
＿■＿＿□□□□＿＿
＿■■＿□□□□＿＿
＿□■＿□□□□＿＿
＿□□□□□□□□□
＿□□□□□□□□□
□□□＿□□□□□□
□□□□□□□＿□□
□□□□□□□＿□＿
□□□＿□□□□□□
□□□＿□□□□□＿
00:20:36(37090f):field(37089f)
＿＿＿＿＿＿＿＿＿＿
＿＿＿＿＿＿＿＿＿＿
＿＿＿＿＿＿＿＿＿＿
＿＿＿＿＿＿＿＿＿＿
＿＿＿＿＿＿＿＿＿＿
＿＿＿＿＿＿＿＿＿＿
＿＿＿＿＿＿＿＿＿＿
＿＿＿＿＿＿＿＿＿＿
＿＿＿＿□□□＿＿＿
＿＿＿＿□□□＿＿＿
＿□＿＿□□□□＿■
＿□□＿□□□□■■
＿□□＿□□□□＿■
＿□□□□□□□□□
＿□□□□□□□□□
□□□＿□□□□□□
□□□□□□□＿□□
□□□□□□□＿□＿
□□□＿□□□□□□
□□□＿□□□□□＿
00:20:36(37103f):field(37102f)
＿＿＿＿＿＿＿＿＿＿
＿＿＿＿＿＿＿＿＿＿
＿＿＿＿＿＿＿＿＿＿
＿＿＿＿＿＿＿＿＿＿
＿＿＿＿＿＿＿＿＿＿
＿＿＿＿＿＿＿＿＿＿
＿＿＿＿＿＿＿＿＿＿
＿＿＿＿＿＿＿＿＿＿
＿＿＿＿□□□＿＿■
＿＿＿＿□□□＿■■
＿□＿＿□□□□■□
＿□□＿□□□□□□
＿□□＿□□□□＿□
＿□□□□□□□□□
＿□□□□□□□□□
□□□＿□□□□□□
□□□□□□□＿□□
□□□□□□□＿□＿
□□□＿□□□□□□
□□□＿□□□□□＿
00:20:37(37114f):field(37113f)
＿＿＿＿＿＿＿＿＿＿
＿＿＿＿＿＿＿＿＿＿
＿＿＿＿＿＿＿＿＿＿
＿＿＿＿＿＿＿＿＿＿
＿＿＿＿＿＿＿＿＿＿
＿＿＿＿＿＿＿＿＿＿
＿＿＿＿■■＿＿＿＿
＿＿＿＿■■＿＿＿＿
＿＿＿＿□□□＿＿□
＿＿＿＿□□□＿□□
＿□＿＿□□□□□□
＿□□＿□□□□□□
＿□□＿□□□□＿□
＿□□□□□□□□□
＿□□□□□□□□□
□□□＿□□□□□□
□□□□□□□＿□□
□□□□□□□＿□＿
□□□＿□□□□□□
□□□＿□□□□□＿
00:20:37(37126f):field(37125f)
＿＿＿＿＿＿＿＿＿＿
＿＿＿＿＿＿＿＿＿＿
＿＿＿＿＿＿＿＿＿＿
＿＿＿＿＿＿＿＿＿＿
＿＿＿＿＿＿＿＿＿＿
＿＿＿＿＿＿＿＿＿＿
＿＿＿＿□□＿＿＿＿
＿＿＿＿□□＿＿＿＿
＿＿＿＿□□□＿＿□
＿＿＿■□□□＿□□
＿□＿■□□□□□□
＿□□■□□□□□□
＿□□■□□□□＿□
＿□□□□□□□□□
＿□□□□□□□□□
□□□＿□□□□□□
□□□□□□□＿□□
□□□□□□□＿□＿
□□□＿□□□□□□
□□□＿□□□□□＿
00:20:38(37140f):field(37139f)
＿＿＿＿＿＿＿＿＿＿
＿＿＿＿＿＿＿＿＿＿
＿＿＿＿＿＿＿＿＿＿
＿＿＿＿＿＿＿＿＿＿
＿＿＿＿＿＿＿＿＿＿
＿＿＿＿＿＿＿＿＿＿
＿＿＿＿□□＿＿＿＿
＿＿＿＿□□＿＿＿＿
＿■＿＿□□□＿＿□
＿■■□□□□＿□□
＿□■□□□□□□□
＿□□□□□□□□□
＿□□□□□□□＿□
＿□□□□□□□□□
＿□□□□□□□□□
□□□＿□□□□□□
□□□□□□□＿□□
□□□□□□□＿□＿
□□□＿□□□□□□
□□□＿□□□□□＿
00:20:38(37161f):field(37160f)
＿＿＿＿＿＿＿＿＿＿
＿＿＿＿＿＿＿＿＿＿
＿＿＿＿＿＿＿＿＿＿
＿＿＿＿＿＿＿＿＿＿
＿＿＿＿＿＿＿＿＿＿
＿＿＿＿＿＿＿＿＿＿
＿＿＿＿□□＿＿＿＿
＿＿＿＿□□■■＿＿
＿□＿＿□□□■＿□
＿□□□□□□■□□
＿□□□□□□□□□
＿□□□□□□□□□
＿□□□□□□□＿□
＿□□□□□□□□□
＿□□□□□□□□□
□□□＿□□□□□□
□□□□□□□＿□□
□□□□□□□＿□＿
□□□＿□□□□□□
□□□＿□□□□□＿
00:20:39(37173f):field(37172f)
＿＿＿＿＿＿＿＿＿＿
＿＿＿＿＿＿＿＿＿＿
＿＿＿＿＿＿＿＿＿＿
＿＿＿＿＿＿＿＿＿＿
＿＿＿＿＿＿＿＿＿＿
＿＿＿＿＿＿＿＿＿＿
＿＿＿＿□□＿＿■＿
＿＿＿＿□□□□■■
＿□＿＿□□□□■□
＿□□□□□□□□□
＿□□□□□□□□□
＿□□□□□□□□□
＿□□□□□□□＿□
＿□□□□□□□□□
＿□□□□□□□□□
□□□＿□□□□□□
□□□□□□□＿□□
□□□□□□□＿□＿
□□□＿□□□□□□
□□□＿□□□□□＿
00:20:39(37186f):field(37185f)
＿＿＿＿＿＿＿＿＿＿
＿＿＿＿＿＿＿＿＿＿
＿＿＿＿＿＿＿＿＿＿
＿＿＿＿＿＿＿＿＿＿
＿＿＿＿＿＿＿＿＿＿
＿＿＿＿＿■■＿＿＿
＿＿＿＿□□■■□＿
＿＿＿＿□□□□□□
＿□＿＿□□□□□□
＿□□□□□□□□□
＿□□□□□□□□□
＿□□□□□□□□□
＿□□□□□□□＿□
＿□□□□□□□□□
＿□□□□□□□□□
□□□＿□□□□□□
□□□□□□□＿□□
□□□□□□□＿□＿
□□□＿□□□□□□
□□□＿□□□□□＿
00:20:39(37199f):field(37198f)
＿＿＿＿＿＿＿＿＿＿
＿＿＿＿＿＿＿＿＿＿
＿＿＿＿＿＿＿＿＿＿
＿＿＿＿＿＿＿＿＿＿
＿＿＿＿＿＿＿＿＿＿
＿＿＿＿＿□□＿＿＿
＿＿＿■□□□□□＿
＿＿＿■□□□□□□
＿□■■□□□□□□
＿□□□□□□□□□
＿□□□□□□□□□
＿□□□□□□□□□
＿□□□□□□□＿□
＿□□□□□□□□□
＿□□□□□□□□□
□□□＿□□□□□□
□□□□□□□＿□□
□□□□□□□＿□＿
□□□＿□□□□□□
□□□＿□□□□□＿
00:20:40(37212f):field(37211f)
＿＿＿＿＿＿＿＿＿＿
＿＿＿＿＿＿＿＿＿＿
＿＿＿＿＿＿＿＿＿＿
＿＿＿＿＿＿＿＿＿＿
＿＿＿＿＿＿＿＿＿＿
＿＿＿＿＿◆◆＿＿＿
＿＿＿◆◆◆◆◆◆＿
＿＿＿◆◆◆◆◆◆◆
＿◆◆◆◆□□◆◆◆
＿◆◆□□□□□□◆
＿◆◆□□□□□□□
＿□□□□□□□□□
＿□□□□□□□■□
■□□□□□□□□□
■□□□□□□□□□
□□□■□□□□□□
□□□□□□□■□□
□□□□□□□＿□＿
□□□＿□□□□□□
□□□＿□□□□□＿
00:20:40(37224f):field(37223f)
＿＿＿＿＿＿＿＿＿＿
＿＿＿＿＿＿＿＿＿＿
＿＿＿＿＿＿＿＿＿＿
＿＿＿＿＿＿＿＿＿＿
＿＿＿＿＿＿＿＿＿＿
＿＿＿＿＿＿＿＿＿＿
＿＿＿＿＿＿＿＿＿＿
＿＿＿■■＿＿＿＿＿
＿＿＿■■□□＿＿＿
＿＿＿□□□□□□＿
＿＿＿□□□□□□□
＿□□□□□□□□□
＿□□□□□□□□□
◆□□□□□□□□□
□□□□□□□□◆□
□□□◆□□□□□□
□□□□□□□◆□□
□□□□□□□＿□＿
□□□＿□□□□□□
□□□＿□□□□□＿
00:20:41(37238f):field(37237f)
＿＿＿＿＿＿＿＿＿＿
＿＿＿＿＿＿＿＿＿＿
＿＿＿＿＿＿＿＿＿＿
＿＿＿＿＿＿＿＿＿＿
＿＿＿＿＿＿＿＿＿＿
＿＿＿＿＿＿＿＿＿＿
＿＿＿＿＿＿＿＿＿＿
＿＿＿□□＿＿＿■＿
＿＿＿□□□□＿■■
＿＿＿□□□□□□■
＿＿＿□□□□□□□
＿□□□□□□□□□
＿□□□□□□□□□
＿□□□□□□□□□
□□□□□□□□＿□
□□□＿□□□□□□
□□□□□□□＿□□
□□□□□□□＿□＿
□□□＿□□□□□□
□□□＿□□□□□＿
00:20:41(37250f):field(37249f)
＿＿＿＿＿＿＿＿＿＿
＿＿＿＿＿＿＿＿＿＿
＿＿＿＿＿＿＿＿＿＿
＿＿＿＿＿＿＿＿＿＿
＿＿＿＿＿＿＿＿＿＿
＿＿＿＿＿＿＿＿＿＿
＿＿＿＿■■＿＿＿＿
＿＿＿□□■■＿□＿
＿＿＿□□□□＿□□
＿＿＿□□□□□□□
＿＿＿□□□□□□□
＿□□□□□□□□□
＿□□□□□□□□□
＿□□□□□□□□□
□□□□□□□□＿□
□□□＿□□□□□□
□□□□□□□＿□□
□□□□□□□＿□＿
□□□＿□□□□□□
□□□＿□□□□□＿
00:20:42(37267f):field(37266f)
＿＿＿＿＿＿＿＿＿＿
＿＿＿＿＿＿＿＿＿＿
＿＿＿＿＿＿＿＿＿＿
＿＿＿＿＿＿＿＿＿＿
＿＿＿＿＿＿＿＿＿＿
＿＿＿＿＿＿＿＿＿＿
＿＿＿＿□□＿■■＿
＿＿＿□□□□■□＿
＿＿＿□□□□■□□
＿＿＿□□□□□□□
＿＿＿□□□□□□□
＿□□□□□□□□□
＿□□□□□□□□□
＿□□□□□□□□□
□□□□□□□□＿□
□□□＿□□□□□□
□□□□□□□＿□□
□□□□□□□＿□＿
□□□＿□□□□□□
□□□＿□□□□□＿
00:20:42(37282f):field(37281f)
＿＿＿＿＿＿＿＿＿＿
＿＿＿＿＿＿＿＿＿＿
＿＿＿＿＿＿＿＿＿＿
＿＿＿＿＿＿＿＿＿＿
＿＿＿＿＿＿＿＿＿＿
＿＿＿＿＿＿＿＿■■
＿＿＿＿□□＿□□■
＿＿＿□□□□□□■
＿＿＿□□□□□□□
＿＿＿□□□□□□□
＿＿＿□□□□□□□
＿□□□□□□□□□
＿□□□□□□□□□
＿□□□□□□□□□
□□□□□□□□＿□
□□□＿□□□□□□
□□□□□□□＿□□
□□□□□□□＿□＿
□□□＿□□□□□□
□□□＿□□□□□＿
00:20:43(37295f):field(37294f)
＿＿＿＿＿＿＿＿＿＿
＿＿＿＿＿＿＿＿＿＿
＿＿＿＿＿＿＿＿＿＿
＿＿＿＿＿＿＿＿＿＿
＿＿＿＿＿＿＿＿＿＿
＿＿＿＿＿＿＿＿□□
＿＿＿＿□□＿□□□
＿＿＿□□□□□□□
＿＿＿□□□□□□□
＿■■□□□□□□□
＿■■□□□□□□□
＿□□□□□□□□□
＿□□□□□□□□□
＿□□□□□□□□□
□□□□□□□□＿□
□□□＿□□□□□□
□□□□□□□＿□□
□□□□□□□＿□＿
□□□＿□□□□□□
□□□＿□□□□□＿
00:20:43(37308f):field(37307f)
＿＿＿＿＿＿＿＿＿＿
＿＿＿＿＿＿＿＿＿＿
＿＿＿＿＿＿＿＿＿＿
＿＿＿＿＿＿＿＿＿＿
＿＿＿＿＿＿＿＿＿＿
＿＿＿＿＿＿＿＿◆◆
＿＿＿＿◆◆＿◆◆◆
＿＿＿◆◆◆◆◆◆◆
＿＿＿◆◆◆◆◆◆◆
＿□◆□□◆◆◆□□
＿□◆◆□□◆□□□
＿□□□□□□□□□
■□□□□□□□□□
＿□□□□□□□□□
□□□□□□□□＿□
□□□＿□□□□□□
□□□□□□□＿□□
□□□□□□□＿□＿
□□□＿□□□□□□
□□□＿□□□□□＿
00:20:44(37322f):field(37321f)
＿＿＿＿＿＿＿＿＿＿
＿＿＿＿＿＿＿＿＿＿
＿＿＿＿＿＿＿＿＿＿
＿＿＿＿＿＿＿＿＿＿
＿＿＿＿＿＿＿＿＿＿
＿＿＿＿＿＿＿＿＿＿
＿＿＿＿＿＿＿＿＿＿
＿＿＿＿＿＿＿＿＿＿
＿＿＿＿＿■＿＿＿＿
＿◆＿◆◆■■＿□□
＿◆＿＿□□■□□□
＿◆◆□□□□□□□
◆◆◆□□□□□□□
＿□□□□□□□□□
□□□□□□□□＿□
□□□＿□□□□□□
□□□□□□□＿□□
□□□□□□□＿□＿
□□□＿□□□□□□
□□□＿□□□□□＿
00:20:44(37333f):field(37332f)
＿＿＿＿＿＿＿＿＿＿
＿＿＿＿＿＿＿＿＿＿
＿＿＿＿＿＿＿＿＿＿
＿＿＿＿＿＿＿＿＿＿
＿＿＿＿＿＿＿＿＿＿
＿＿＿＿＿＿＿＿＿＿
＿＿＿＿＿＿＿＿＿＿
＿＿＿＿＿＿＿＿＿＿
＿＿＿＿■□＿＿＿＿
＿＿＿■■□□＿□□
＿＿＿■□□□□□□
＿＿＿□□□□□□□
＿＿＿□□□□□□□
＿□□□□□□□□□
□□□□□□□□＿□
□□□＿□□□□□□
□□□□□□□＿□□
□□□□□□□＿□＿
□□□＿□□□□□□
□□□＿□□□□□＿
00:20:44(37346f):field(37345f)
＿＿＿＿＿＿＿＿＿＿
＿＿＿＿＿＿＿＿＿＿
＿＿＿＿＿＿＿＿＿＿
＿＿＿＿＿＿＿＿＿＿
＿＿＿＿＿＿＿＿＿＿
＿＿＿＿＿＿＿＿＿＿
＿＿＿＿＿＿＿＿＿＿
＿＿＿＿＿＿＿＿＿＿
＿＿＿＿□□■■■＿
＿＿＿□□□□■□□
＿＿＿□□□□□□□
＿＿＿□□□□□□□
＿＿＿□□□□□□□
＿□□□□□□□□□
□□□□□□□□＿□
□□□＿□□□□□□
□□□□□□□＿□□
□□□□□□□＿□＿
□□□＿□□□□□□
□□□＿□□□□□＿
00:20:45(37356f):field(37355f)
＿＿＿＿＿＿＿＿＿＿
＿＿＿＿＿＿＿＿＿＿
＿＿＿＿＿＿＿＿＿＿
＿＿＿＿＿＿＿＿＿＿
＿＿＿＿＿＿＿＿＿＿
＿＿＿＿＿＿＿＿＿＿
＿＿＿＿＿＿＿＿＿＿
＿＿＿＿＿＿＿＿＿＿
＿＿＿＿◆◆◆◆◆＿
＿＿＿◆□□□□□◆
＿■＿□□□□□□□
＿＿■□□□□□□□
＿＿■□□□□□□□
■□□□□□□□□□
□□□□□□□□＿□
□□□＿□□□□□□
□□□□□□□＿□□
□□□□□□□＿□＿
□□□＿□□□□□□
□□□＿□□□□□＿
00:20:45(37370f):field(37369f)
＿＿＿＿＿＿＿＿＿＿
＿＿＿＿＿＿＿＿＿＿
＿＿＿＿＿＿＿＿＿＿
＿＿＿＿＿＿＿＿＿＿
＿＿＿＿＿＿＿＿＿＿
＿＿＿＿＿＿＿＿＿＿
＿＿＿＿＿＿＿＿＿＿
＿＿＿＿＿＿＿＿＿＿
＿＿＿＿＿＿＿＿＿＿
＿＿＿＿◆◆◆◆◆＿
＿◆＿◆□□□□□◆
■＿◆□□□□□□□
■＿◆□□□□□□□
□◆□□□□□□□□
□□□□□□□□＿□
□□□＿□□□□□□
□□□□□□□＿□□
□□□□□□□＿□＿
□□□＿□□□□□□
□□□＿□□□□□＿
00:20:46(37381f):field(37380f)
＿＿＿＿＿＿＿＿＿＿
＿＿＿＿＿＿＿＿＿＿
＿＿＿＿＿＿＿＿＿＿
＿＿＿＿＿＿＿＿＿＿
＿＿＿＿＿＿＿＿＿＿
＿＿＿＿＿＿＿＿＿＿
＿＿＿＿＿＿＿＿＿＿
＿＿＿＿＿＿＿＿＿＿
＿＿＿＿＿＿＿＿＿＿
＿＿＿■■■＿＿＿＿
＿＿＿■□□□□□＿
□＿＿□□□□□□□
□＿＿□□□□□□□
□＿□□□□□□□□
□□□□□□□□＿□
□□□＿□□□□□□
□□□□□□□＿□□
□□□□□□□＿□＿
□□□＿□□□□□□
□□□＿□□□□□＿
00:20:46(37394f):field(37393f)
＿＿＿＿＿＿＿＿＿＿
＿＿＿＿＿＿＿＿＿＿
＿＿＿＿＿＿＿＿＿＿
＿＿＿＿＿＿＿＿＿＿
＿＿＿＿＿＿＿＿＿＿
＿＿＿＿＿＿＿＿＿＿
＿＿＿＿＿＿＿＿＿＿
＿＿＿■■＿＿＿＿＿
＿＿＿■■＿＿＿＿＿
＿＿＿□□□＿＿＿＿
＿＿＿□□□□□□＿
□＿＿□□□□□□□
□＿＿□□□□□□□
□＿□□□□□□□□
□□□□□□□□＿□
□□□＿□□□□□□
□□□□□□□＿□□
□□□□□□□＿□＿
□□□＿□□□□□□
□□□＿□□□□□＿
00:20:46(37409f):field(37408f)
＿＿＿＿＿＿＿＿＿＿
＿＿＿＿＿＿＿＿＿＿
＿＿＿＿＿＿＿＿＿＿
＿＿＿＿＿＿＿＿＿＿
＿＿＿＿＿＿＿＿＿＿
＿＿＿＿＿＿＿＿＿＿
＿＿＿＿＿＿＿＿＿＿
＿＿＿□□■＿＿＿＿
＿＿＿□□■■＿＿＿
＿＿＿□□□■＿＿＿
＿＿＿□□□□□□＿
□＿＿□□□□□□□
□＿＿□□□□□□□
□＿□□□□□□□□
□□□□□□□□＿□
□□□＿□□□□□□
□□□□□□□＿□□
□□□□□□□＿□＿
□□□＿□□□□□□
□□□＿□□□□□＿
00:20:47(37421f):field(37420f)
＿＿＿＿＿＿＿＿＿＿
＿＿＿＿＿＿＿＿＿＿
＿＿＿＿＿＿＿＿＿＿
＿＿＿＿＿＿＿＿＿＿
＿＿＿＿＿＿＿＿＿＿
＿＿＿＿＿＿＿＿＿＿
＿＿＿＿＿＿＿＿＿＿
＿＿＿◆◆◆＿＿＿＿
＿＿＿◆◆◆◆＿＿＿
＿＿＿□□□◆＿＿＿
＿＿＿□□□□◆◆＿
◆＿＿□□□□◆◆◆
◆＿＿□□□□□□◆
□■◆□□□□□□□
□□□□□□□□＿□
□□□＿□□□□□□
□□□□□□□＿□□
□□□□□□□＿□＿
□□□＿□□□□□□
□□□＿□□□□□＿
00:20:47(37432f):field(37431f)
＿＿＿＿＿＿＿＿＿＿
＿＿＿＿＿＿＿＿＿＿
＿＿＿＿＿＿＿＿＿＿
＿＿＿＿＿＿＿＿＿＿
＿＿＿＿＿＿＿＿＿＿
＿＿＿＿＿＿＿＿＿＿
＿＿＿＿＿＿＿＿＿＿
＿＿＿＿＿＿＿＿＿＿
＿＿＿＿＿＿＿＿＿＿
＿＿＿◆◆◆＿＿＿＿
＿＿＿□□□◆＿＿＿
＿＿＿□□□□＿＿＿
＿＿＿□□□□◆◆＿
□□■□□□□□□◆
□□□□□□□□＿□
□□□■□□□□□□
□□□□□□□＿□□
□□□□□□□＿□＿
□□□＿□□□□□□
□□□＿□□□□□＿
00:20:48(37446f):field(37445f)
＿＿＿＿＿＿＿＿＿＿
＿＿＿＿＿＿＿＿＿＿
＿＿＿＿＿＿＿＿＿＿
＿＿＿＿＿＿＿＿＿＿
＿＿＿＿＿＿＿＿＿＿
＿＿＿＿＿＿＿＿＿＿
＿＿＿＿＿＿＿＿＿＿
＿＿＿＿＿＿＿＿＿＿
＿＿＿＿＿＿＿＿＿＿
＿＿＿＿＿＿＿＿＿＿
＿＿＿□□□＿＿＿＿
＿＿■□□□□＿＿＿
■■■□□□□＿＿＿
□□□□□□□□□＿
□□□□□□□□＿□
□□□◆□□□□□□
□□□□□□□＿□□
□□□□□□□＿□＿
□□□＿□□□□□□
□□□＿□□□□□＿
00:20:48(37459f):field(37458f)
＿＿＿＿＿＿＿＿＿＿
＿＿＿＿＿＿＿＿＿＿
＿＿＿＿＿＿＿＿＿＿
＿＿＿＿＿＿＿＿＿＿
＿＿＿＿＿＿＿＿＿＿
＿＿＿＿＿＿＿＿＿＿
＿＿＿＿＿＿＿＿＿＿
＿＿＿＿＿＿＿＿＿＿
＿＿＿＿＿＿＿＿＿＿
＿＿＿＿＿＿＿＿＿＿
■■＿□□□＿＿＿＿
■■□□□□□＿＿＿
□□□□□□□＿＿＿
□□□□□□□□□＿
□□□□□□□□＿□
□□□＿□□□□□□
□□□□□□□＿□□
□□□□□□□＿□＿
□□□＿□□□□□□
□□□＿□□□□□＿
00:20:49(37471f):field(37470f)
＿＿＿＿＿＿＿＿＿＿
＿＿＿＿＿＿＿＿＿＿
＿＿＿＿＿＿＿＿＿＿
＿＿＿＿＿＿＿＿＿＿
＿＿＿＿＿＿＿＿＿＿
＿＿＿＿＿＿＿＿＿＿
＿＿＿＿＿＿＿＿＿＿
＿＿＿＿＿＿＿＿＿＿
＿＿＿■＿＿＿＿＿＿
＿＿■■＿＿＿＿＿＿
□□■□□□＿＿＿＿
□□□□□□□＿＿＿
□□□□□□□＿＿＿
□□□□□□□□□＿
□□□□□□□□＿□
□□□＿□□□□□□
□□□□□□□＿□□
□□□□□□□＿□＿
□□□＿□□□□□□
□□□＿□□□□□＿
00:20:49(37484f):field(37483f)
＿＿＿＿＿＿＿＿＿＿
＿＿＿＿＿＿＿＿＿＿
＿＿＿＿＿＿＿＿＿＿
＿＿＿＿＿＿＿＿＿＿
＿＿＿＿＿＿＿＿＿＿
＿＿＿＿＿＿＿＿＿＿
＿＿＿＿＿＿＿＿＿＿
＿＿＿＿＿＿＿＿＿＿
＿■■□＿＿＿＿＿＿
■■□□＿＿＿＿＿＿
□□□□□□＿＿＿＿
□□□□□□□＿＿＿
□□□□□□□＿＿＿
□□□□□□□□□＿
□□□□□□□□＿□
□□□＿□□□□□□
□□□□□□□＿□□
□□□□□□□＿□＿
□□□＿□□□□□□
□□□＿□□□□□＿
00:20:49(37496f):field(37495f)
＿＿＿＿＿＿＿＿＿＿
＿＿＿＿＿＿＿＿＿＿
＿＿＿＿＿＿＿＿＿＿
＿＿＿＿＿＿＿＿＿＿
＿＿＿＿＿＿＿＿＿＿
＿＿＿＿＿＿＿＿＿＿
＿＿＿＿＿＿＿＿＿＿
＿＿＿＿＿＿＿＿＿＿
＿◆◆◆＿＿＿＿＿＿
◆◆◆◆＿＿＿＿＿＿
◆□□□◆◆＿＿＿＿
□□□□◆◆◆＿＿＿
□□□□□□◆■＿■
□□□□□□□□□■
□□□□□□□□＿□
□□□＿□□□□□□
□□□□□□□＿□□
□□□□□□□＿□＿
□□□＿□□□□□□
□□□＿□□□□□＿
00:20:50(37508f):field(37507f)
＿＿＿＿＿＿＿＿＿＿
＿＿＿＿＿＿＿＿＿＿
＿＿＿＿＿＿＿＿＿＿
＿＿＿＿＿＿＿＿＿＿
＿＿＿＿＿＿＿＿＿＿
＿＿＿＿＿＿＿＿＿＿
＿＿＿＿＿＿＿＿＿＿
＿＿＿＿＿＿＿＿＿＿
＿＿＿＿＿＿＿＿＿＿
＿＿＿＿＿＿＿＿＿＿
＿◆◆◆＿＿＿＿＿＿
◆□□□＿■＿■＿＿
□□□□◆◆＿◆■◆
□□□□□□□◆◆□
□□□□□□□□＿□
□□□＿□□□□□□
□□□□□□□＿□□
□□□□□□□＿□＿
□□□＿□□□□□□
□□□＿□□□□□＿
00:20:50(37522f):field(37521f)
＿＿＿＿＿＿＿＿＿＿
＿＿＿＿＿＿＿＿＿＿
＿＿＿＿＿＿＿＿＿＿
＿＿＿＿＿＿＿＿＿＿
＿＿＿＿＿＿＿＿＿＿
＿＿＿＿＿＿＿＿＿＿
＿＿＿＿＿＿＿＿＿＿
＿＿＿＿＿＿＿＿＿＿
＿＿＿＿＿＿＿＿＿＿
＿＿＿＿＿＿＿＿＿＿
■■■＿＿＿＿＿＿＿
■□□□＿◆＿◆＿＿
□□□□＿＿＿＿◆＿
□□□□□□□＿＿◆
□□□□□□□□＿□
□□□＿□□□□□□
□□□□□□□＿□□
□□□□□□□＿□＿
□□□＿□□□□□□
□□□＿□□□□□＿
00:20:51(37535f):field(37534f)
＿＿＿＿＿＿＿＿＿＿
＿＿＿＿＿＿＿＿＿＿
＿＿＿＿＿＿＿＿＿＿
＿＿＿＿＿＿＿＿＿＿
＿＿＿＿＿＿＿＿＿＿
＿＿＿＿＿＿＿＿＿＿
＿＿＿＿＿＿＿＿＿＿
＿＿＿＿＿＿＿＿＿＿
＿＿＿＿＿＿＿＿＿＿
＿＿＿＿＿＿＿＿＿＿
◆◆◆＿＿＿＿＿＿＿
□□□◆＿＿＿＿＿＿
□□□□＿＿＿＿＿＿
□□□□◆□◆＿＿■
□□□□□□□◆■□
□□□＿□□□□□□
□□□□□□□■□□
□□□□□□□＿□＿
□□□＿□□□□□□
□□□＿□□□□□＿
00:20:51(37550f):field(37549f)
＿＿＿＿＿＿＿＿＿＿
＿＿＿＿＿＿＿＿＿＿
＿＿＿＿＿＿＿＿＿＿
＿＿＿＿＿＿＿＿＿＿
＿＿＿＿＿＿＿＿＿＿
＿＿＿＿＿＿＿＿＿＿
＿＿＿＿＿＿＿＿＿＿
＿＿＿＿＿＿＿＿＿＿
＿＿＿＿＿＿＿＿＿＿
＿＿＿＿＿＿＿＿＿＿
＿＿＿＿＿＿＿＿＿＿
◆◆◆＿＿＿＿＿＿＿
□□□◆＿＿＿＿＿＿
□□□□＿◆■＿＿◆
□□□□◆□□■◆□
□□□＿□□□□□□
□□□□□□□◆□□
□□□□□□□＿□＿
□□□＿□□□□□□
□□□＿□□□□□＿
00:20:52(37563f):field(37562f)
＿＿＿＿＿＿＿＿＿＿
＿＿＿＿＿＿＿＿＿＿
＿＿＿＿＿＿＿＿＿＿
＿＿＿＿＿＿＿＿＿＿
＿＿＿＿＿＿＿＿＿＿
＿＿＿＿＿＿＿＿＿＿
＿＿＿＿＿＿＿＿＿＿
＿＿＿＿＿＿＿＿＿＿
＿＿＿＿＿＿＿＿＿＿
＿＿＿＿＿＿＿＿＿＿
＿＿＿＿＿＿＿＿＿＿
＿＿＿＿＿＿＿＿＿＿
□□□＿■＿＿＿＿＿
□□□□■■□＿＿＿
□□□□■◆□□＿□
□□□＿□□□□□□
□□□□□□□＿□□
□□□□□□□＿□＿
□□□＿□□□□□□
□□□＿□□□□□＿
00:20:52(37577f):field(37576f)
＿＿＿＿＿＿＿＿＿＿
＿＿＿＿＿＿＿＿＿＿
＿＿＿＿＿＿＿＿＿＿
＿＿＿＿＿＿＿＿＿＿
＿＿＿＿＿＿＿＿＿＿
＿＿＿＿＿＿＿＿＿＿
＿＿＿＿＿＿＿＿＿＿
＿＿＿＿＿＿＿＿＿＿
＿＿＿＿＿＿＿＿＿＿
＿＿＿＿＿＿＿＿＿＿
＿＿＿＿＿＿＿＿＿＿
＿＿＿＿＿＿＿＿■＿
□□□＿□＿＿＿■＿
□□□□□□□＿■＿
□□□□□＿□□■□
□□□＿□□□□□□
□□□□□□□＿□□
□□□□□□□＿□＿
□□□＿□□□□□□
□□□＿□□□□□＿
00:20:53(37590f):field(37589f)
＿＿＿＿＿＿＿＿＿＿
＿＿＿＿＿＿＿＿＿＿
＿＿＿＿＿＿＿＿＿＿
＿＿＿＿＿＿＿＿＿＿
＿＿＿＿＿＿＿＿＿＿
＿＿＿＿＿＿＿＿＿＿
＿＿＿＿＿＿＿＿＿＿
＿＿＿＿＿＿＿＿＿＿
＿＿＿＿＿＿＿＿＿＿
＿＿＿＿＿＿＿＿＿＿
■■＿＿＿＿＿＿＿＿
■■＿＿＿＿＿＿□＿
□□□＿□＿＿＿□＿
□□□□□□□＿□＿
□□□□□＿□□□□
□□□＿□□□□□□
□□□□□□□＿□□
□□□□□□□＿□＿
□□□＿□□□□□□
□□□＿□□□□□＿
00:20:53(37602f):field(37601f)
＿＿＿＿＿＿＿＿＿＿
＿＿＿＿＿＿＿＿＿＿
＿＿＿＿＿＿＿＿＿＿
＿＿＿＿＿＿＿＿＿＿
＿＿＿＿＿＿＿＿＿＿
＿＿＿＿＿＿＿＿＿＿
＿＿＿＿＿＿＿＿＿＿
＿＿＿＿＿＿＿＿＿＿
＿＿＿＿＿＿＿＿＿＿
＿＿＿＿＿＿＿＿＿＿
□□＿＿＿■＿＿＿＿
□□＿＿＿■＿＿□＿
□□□＿□■■＿□＿
□□□□□□□＿□＿
□□□□□＿□□□□
□□□＿□□□□□□
□□□□□□□＿□□
□□□□□□□＿□＿
□□□＿□□□□□□
□□□＿□□□□□＿
00:20:53(37614f):field(37613f)
＿＿＿＿＿＿＿＿＿＿
＿＿＿＿＿＿＿＿＿＿
＿＿＿＿＿＿＿＿＿＿
＿＿＿＿＿＿＿＿＿＿
＿＿＿＿＿＿＿＿＿＿
＿＿＿＿＿＿＿＿＿＿
＿＿＿＿＿＿＿＿＿＿
＿＿＿＿＿＿＿＿＿＿
＿＿＿＿＿＿＿＿＿＿
＿＿＿＿＿＿＿＿＿＿
□□＿＿■□＿＿＿＿
□□＿■■□＿＿□＿
□□□■□□□＿□＿
□□□□□□□＿□＿
□□□□□＿□□□□
□□□＿□□□□□□
□□□□□□□＿□□
□□□□□□□＿□＿
□□□＿□□□□□□
□□□＿□□□□□＿
00:20:54(37628f):field(37627f)
＿＿＿＿＿＿＿＿＿＿
＿＿＿＿＿＿＿＿＿＿
＿＿＿＿＿＿＿＿＿＿
＿＿＿＿＿＿＿＿＿＿
＿＿＿＿＿＿＿＿＿＿
＿＿＿＿＿＿＿＿＿＿
＿＿＿＿＿＿＿＿＿＿
＿＿＿＿＿＿＿＿＿＿
＿＿＿＿＿＿＿＿＿＿
＿＿＿＿＿＿＿■＿＿
□□＿＿□□＿■＿＿
□□＿□□□■■□＿
□□□□□□□＿□＿
□□□□□□□＿□＿
□□□□□＿□□□□
□□□＿□□□□□□
□□□□□□□＿□□
□□□□□□□＿□＿
□□□＿□□□□□□
□□□＿□□□□□＿
00:20:54(37641f):field(37640f)
＿＿＿＿＿＿＿＿＿＿
＿＿＿＿＿＿＿＿＿＿
＿＿＿＿＿＿＿＿＿＿
＿＿＿＿＿＿＿＿＿＿
＿＿＿＿＿＿＿＿＿＿
＿＿＿＿＿＿＿＿＿＿
＿＿＿＿＿＿＿＿＿＿
＿＿＿＿＿＿＿＿＿＿
＿＿＿＿＿■＿＿＿＿
＿＿＿＿＿■■□＿＿
□□＿＿□□■□＿＿
□□＿□□□□□□＿
□□□□□□□＿□＿
□□□□□□□＿□＿
□□□□□＿□□□□
□□□＿□□□□□□
□□□□□□□＿□□
□□□□□□□＿□＿
□□□＿□□□□□□
□□□＿□□□□□＿
00:20:55(37655f):field(37654f)
＿＿＿＿＿＿＿＿＿＿
＿＿＿＿＿＿＿＿＿＿
＿＿＿＿＿＿＿＿＿＿
＿＿＿＿＿＿＿＿＿＿
＿＿＿＿＿＿＿＿＿＿
＿＿＿＿＿＿＿＿＿＿
＿＿＿＿＿＿＿＿＿＿
＿＿＿＿＿＿＿＿＿＿
＿＿＿＿＿□＿＿＿＿
＿＿＿＿＿□□□■■
□□＿＿□□□□■■
□□＿□□□□□□＿
□□□□□□□＿□＿
□□□□□□□＿□＿
□□□□□＿□□□□
□□□＿□□□□□□
□□□□□□□＿□□
□□□□□□□＿□＿
□□□＿□□□□□□
□□□＿□□□□□＿
00:20:55(37666f):field(37665f)
＿＿＿＿＿＿＿＿＿＿
＿＿＿＿＿＿＿＿＿＿
＿＿＿＿＿＿＿＿＿＿
＿＿＿＿＿＿＿＿＿＿
＿＿＿＿＿＿＿＿＿＿
＿＿＿＿＿＿＿＿＿＿
＿＿＿＿＿＿＿＿＿＿
＿＿＿＿＿＿＿＿＿＿
＿＿＿＿＿◆＿＿＿＿
■＿■＿＿□□◆□◆
◆◆■■◆□□□□□
□□■□□□□□□■
□□□□□□□＿□■
□□□□□□□＿□＿
□□□□□＿□□□□
□□□＿□□□□□□
□□□□□□□＿□□
□□□□□□□＿□＿
□□□＿□□□□□□
□□□＿□□□□□＿
00:20:56(37682f):field(37681f)
＿＿＿＿＿＿＿＿＿＿
＿＿＿＿＿＿＿＿＿＿
＿＿＿＿＿＿＿＿＿＿
＿＿＿＿＿＿＿＿＿＿
＿＿＿＿＿＿＿＿＿＿
＿＿＿＿＿＿＿＿＿＿
＿＿＿＿＿＿＿＿＿＿
＿＿＿＿＿＿＿＿＿＿
＿＿＿＿＿＿＿＿＿＿
◆＿□■＿□◆＿◆＿
＿＿□□■□□□□□
□□□□□□□□□◆
□□□□□□□＿□◆
□□□□□□□＿□＿
□□□□□＿□□□□
□□□＿□□□□□□
□□□□□□□＿□□
□□□□□□□＿□＿
□□□＿□□□□□□
□□□＿□□□□□＿
00:20:56(37693f):field(37692f)
＿＿＿＿＿＿＿＿＿＿
＿＿＿＿＿＿＿＿＿＿
＿＿＿＿＿＿＿＿＿＿
＿＿＿＿＿＿＿＿＿＿
＿＿＿＿＿＿＿＿＿＿
＿＿＿＿＿＿＿＿＿＿
＿＿＿＿＿＿＿＿＿＿
＿＿＿＿＿＿＿＿＿＿
＿＿■■■＿＿＿＿＿
＿＿□□■□＿＿＿＿
＿＿□□□□□□□□
□□□□□□□□□＿
□□□□□□□＿□＿
□□□□□□□＿□＿
□□□□□＿□□□□
□□□＿□□□□□□
□□□□□□□＿□□
□□□□□□□＿□＿
□□□＿□□□□□□
□□□＿□□□□□＿
00:20:56(37709f):field(37708f)
＿＿＿＿＿＿＿＿＿＿
＿＿＿＿＿＿＿＿＿＿
＿＿＿＿＿＿＿＿＿＿
＿＿＿＿＿＿＿＿＿＿
＿＿＿＿＿＿＿＿＿＿
＿＿＿＿＿＿＿＿＿＿
＿＿＿＿＿＿＿＿＿＿
＿＿＿＿＿＿＿＿＿＿
＿＿□□□＿＿＿＿＿
＿＿□□□□■■■■
＿＿□□□□□□□□
□□□□□□□□□＿
□□□□□□□＿□＿
□□□□□□□＿□＿
□□□□□＿□□□□
□□□＿□□□□□□
□□□□□□□＿□□
□□□□□□□＿□＿
□□□＿□□□□□□
□□□＿□□□□□＿
00:20:57(37720f):field(37719f)
＿＿＿＿＿＿＿＿＿＿
＿＿＿＿＿＿＿＿＿＿
＿＿＿＿＿＿＿＿＿＿
＿＿＿＿＿＿＿＿＿＿
＿＿＿＿＿＿＿＿＿＿
＿＿＿＿＿＿＿＿＿＿
＿＿＿＿＿＿＿＿＿＿
＿＿＿＿＿＿＿＿＿＿
＿＿□◆◆＿＿＿＿＿
■■◆□◆□◆◆□□
＿■□□□◆□◆◆◆
□□□□□□□□□■
□□□□□□□■□＿
□□□□□□□＿□＿
□□□□□＿□□□□
□□□＿□□□□□□
□□□□□□□＿□□
□□□□□□□＿□＿
□□□＿□□□□□□
□□□＿□□□□□＿
00:20:57(37736f):field(37735f)
＿＿＿＿＿＿＿＿＿＿
＿＿＿＿＿＿＿＿＿＿
＿＿＿＿＿＿＿＿＿＿
＿＿＿＿＿＿＿＿＿＿
＿＿＿＿＿＿＿＿＿＿
＿＿＿＿＿＿＿＿＿＿
＿＿＿＿＿＿＿＿＿＿
＿＿＿＿＿＿＿＿＿＿
＿＿◆＿＿＿＿＿＿＿
◆◆＿◆＿◆＿＿◆◆
■◆□◆◆＿◆＿＿■
◆◆□□□◆◆◆□□
□□□□□□□◆□＿
□□□□□□□■□■
□□□□□＿□□□□
□□□＿□□□□□□
□□□□□□□＿□□
□□□□□□□＿□＿
□□□＿□□□□□□
□□□＿□□□□□＿
00:20:58(37748f):field(37747f)
＿＿＿＿＿＿＿＿＿＿
＿＿＿＿＿＿＿＿＿＿
＿＿＿＿＿＿＿＿＿＿
＿＿＿＿＿＿＿＿＿＿
＿＿＿＿＿＿＿＿＿＿
＿＿＿＿＿＿＿＿＿＿
＿＿＿＿＿＿＿＿＿＿
＿＿＿＿＿＿＿＿＿＿
＿＿＿＿＿＿＿＿＿＿
＿＿＿＿＿＿＿＿＿＿
◆＿◆＿■■＿＿＿□
＿＿□□□■■＿□□
□□□□□□□＿□＿
□□□□□□□◆□◆
□□□□□＿□□□□
□□□＿□□□□□□
□□□□□□□＿□□
□□□□□□□＿□＿
□□□＿□□□□□□
□□□＿□□□□□＿
00:20:58(37761f):field(37760f)
＿＿＿＿＿＿＿＿＿＿
＿＿＿＿＿＿＿＿＿＿
＿＿＿＿＿＿＿＿＿＿
＿＿＿＿＿＿＿＿＿＿
＿＿＿＿＿＿＿＿＿＿
＿＿＿＿＿＿＿＿＿＿
＿＿＿＿＿＿＿＿＿＿
＿＿＿＿＿＿＿＿＿＿
＿＿＿＿＿＿＿＿＿＿
＿＿＿■■＿＿＿＿＿
＿＿■■□□＿＿＿□
＿＿□□□□□＿□□
□□□□□□□＿□＿
□□□□□□□＿□＿
□□□□□＿□□□□
□□□＿□□□□□□
□□□□□□□＿□□
□□□□□□□＿□＿
□□□＿□□□□□□
□□□＿□□□□□＿
00:20:59(37774f):field(37773f)
＿＿＿＿＿＿＿＿＿＿
＿＿＿＿＿＿＿＿＿＿
＿＿＿＿＿＿＿＿＿＿
＿＿＿＿＿＿＿＿＿＿
＿＿＿＿＿＿＿＿＿＿
＿＿＿＿＿＿＿＿＿＿
＿＿＿＿＿＿＿＿＿＿
＿＿＿＿＿＿＿＿＿＿
＿＿＿＿＿＿＿＿＿＿
■＿＿□□＿＿＿＿＿
■＿□□□□＿＿＿□
■■□□□□□＿□□
□□□□□□□＿□＿
□□□□□□□＿□＿
□□□□□＿□□□□
□□□＿□□□□□□
□□□□□□□＿□□
□□□□□□□＿□＿
□□□＿□□□□□□
□□□＿□□□□□＿
00:20:59(37786f):field(37785f)
＿＿＿＿＿＿＿＿＿＿
＿＿＿＿＿＿＿＿＿＿
＿＿＿＿＿＿＿＿＿＿
＿＿＿＿＿＿＿＿＿＿
＿＿＿＿＿＿＿＿＿＿
＿＿＿＿＿＿＿＿＿＿
＿＿＿＿＿＿＿＿＿＿
＿＿＿＿＿＿＿＿＿＿
＿＿＿■■■＿＿＿＿
□＿＿□□■＿＿＿＿
□＿□□□□＿＿＿□
□□□□□□□＿□□
□□□□□□□＿□＿
□□□□□□□＿□＿
□□□□□＿□□□□
□□□＿□□□□□□
□□□□□□□＿□□
□□□□□□□＿□＿
□□□＿□□□□□□
□□□＿□□□□□＿
00:20:59(37798f):field(37797f)
＿＿＿＿＿＿＿＿＿＿
＿＿＿＿＿＿＿＿＿＿
＿＿＿＿＿＿＿＿＿＿
＿＿＿＿＿＿＿＿＿＿
＿＿＿＿＿＿＿＿＿＿
＿＿＿＿＿＿＿＿＿＿
＿＿＿＿＿＿＿＿＿＿
＿＿＿＿＿＿＿＿＿＿
＿＿＿◆◆◆＿＿＿＿
◆＿＿□□□＿＿＿＿
□＿◆□□□＿＿■◆
□□□□□□□■◆□
□□□□□□□■□＿
□□□□□□□■□＿
□□□□□＿□□□□
□□□＿□□□□□□
□□□□□□□＿□□
□□□□□□□＿□＿
□□□＿□□□□□□
□□□＿□□□□□＿
00:21:00(37810f):field(37809f)
＿＿＿＿＿＿＿＿＿＿
＿＿＿＿＿＿＿＿＿＿
＿＿＿＿＿＿＿＿＿＿
＿＿＿＿＿＿＿＿＿＿
＿＿＿＿＿＿＿＿＿＿
＿＿＿＿＿＿＿＿＿＿
＿＿＿＿＿＿＿＿＿＿
＿＿＿＿＿＿＿＿＿＿
＿＿＿＿＿＿＿＿＿＿
＿＿■□□□＿＿＿＿
□■■□□□＿＿◆＿
□□□□□□◆□＿□
□□□□□□□□□＿
□□□□□□□□□＿
□□□□□＿□□□□
□□□＿□□□□□□
□□□□□□□＿□□
□□□□□□□＿□＿
□□□＿□□□□□□
□□□＿□□□□□＿
00:21:00(37824f):field(37823f)
＿＿＿＿＿＿＿＿＿＿
＿＿＿＿＿＿＿＿＿＿
＿＿＿＿＿＿＿＿＿＿
＿＿＿＿＿＿＿＿＿＿
＿＿＿＿＿＿＿＿＿＿
＿＿＿＿＿＿＿＿＿＿
＿＿＿＿＿＿＿＿＿＿
＿＿＿＿＿＿＿＿＿＿
■■＿＿＿＿＿＿＿＿
■■□□□□＿＿＿＿
□□□□□□＿＿＿＿
□□□□□□＿□＿□
□□□□□□□□□＿
□□□□□□□□□＿
□□□□□＿□□□□
□□□＿□□□□□□
□□□□□□□＿□□
□□□□□□□＿□＿
□□□＿□□□□□□
□□□＿□□□□□＿
00:21:01(37835f):field(37834f)
＿＿＿＿＿＿＿＿＿＿
＿＿＿＿＿＿＿＿＿＿
＿＿＿＿＿＿＿＿＿＿
＿＿＿＿＿＿＿＿＿＿
＿＿＿＿＿＿＿＿＿＿
＿＿＿＿＿＿＿＿＿＿
＿＿＿＿＿＿＿＿＿＿
＿＿＿＿＿＿＿＿＿＿
□□＿＿＿＿■＿＿＿
□□□□□□■＿＿＿
□□□□□□■＿＿＿
□□□□□□■□＿□
□□□□□□□□□＿
□□□□□□□□□＿
□□□□□＿□□□□
□□□＿□□□□□□
□□□□□□□＿□□
□□□□□□□＿□＿
□□□＿□□□□□□
□□□＿□□□□□＿
00:21:01(37847f):field(37846f)
＿＿＿＿＿＿＿＿＿＿
＿＿＿＿＿＿＿＿＿＿
＿＿＿＿＿＿＿＿＿＿
＿＿＿＿＿＿＿＿＿＿
＿＿＿＿＿＿＿＿＿＿
＿＿＿＿＿＿＿＿＿＿
＿＿＿＿＿＿＿＿＿＿
＿＿＿＿＿■＿＿＿＿
□□＿■■■□＿＿＿
□□□□□□□＿＿＿
□□□□□□□＿＿＿
□□□□□□□□＿□
□□□□□□□□□＿
□□□□□□□□□＿
□□□□□＿□□□□
□□□＿□□□□□□
□□□□□□□＿□□
□□□□□□□＿□＿
□□□＿□□□□□□
□□□＿□□□□□＿
00:21:01(37859f):field(37858f)
＿＿＿＿＿＿＿＿＿＿
＿＿＿＿＿＿＿＿＿＿
＿＿＿＿＿＿＿＿＿＿
＿＿＿＿＿＿＿＿＿＿
＿＿＿＿＿＿＿＿＿＿
＿＿＿＿＿＿＿＿＿＿
＿＿＿＿＿＿＿＿＿＿
■■■＿＿□＿＿＿＿
□□■□□□□＿＿＿
□□□□□□□＿＿＿
□□□□□□□＿＿＿
□□□□□□□□＿□
□□□□□□□□□＿
□□□□□□□□□＿
□□□□□＿□□□□
□□□＿□□□□□□
□□□□□□□＿□□
□□□□□□□＿□＿
□□□＿□□□□□□
□□□＿□□□□□＿
00:21:02(37871f):field(37870f)
＿＿＿＿＿＿＿＿＿＿
＿＿＿＿＿＿＿＿＿＿
＿＿＿＿＿＿＿＿＿＿
＿＿＿＿＿＿＿＿＿＿
＿＿＿＿＿＿＿＿＿＿
＿＿＿＿＿＿＿＿＿＿
＿＿■■＿＿＿＿＿＿
□□□■■□＿＿＿＿
□□□□□□□＿＿＿
□□□□□□□＿＿＿
□□□□□□□＿＿＿
□□□□□□□□＿□
□□□□□□□□□＿
□□□□□□□□□＿
□□□□□＿□□□□
□□□＿□□□□□□
□□□□□□□＿□□
□□□□□□□＿□＿
□□□＿□□□□□□
□□□＿□□□□□＿
00:21:02(37882f):field(37881f)
＿＿＿＿＿＿＿＿＿＿
＿＿＿＿＿＿＿＿＿＿
＿＿＿＿＿＿＿＿＿＿
＿＿＿＿＿＿＿＿＿＿
＿＿＿＿＿＿＿＿＿＿
＿＿＿＿■■＿＿＿＿
＿＿□□■■＿＿＿＿
□□□□□□＿＿＿＿
□□□□□□□＿＿＿
□□□□□□□＿＿＿
□□□□□□□＿＿＿
□□□□□□□□＿□
□□□□□□□□□＿
□□□□□□□□□＿
□□□□□＿□□□□
□□□＿□□□□□□
□□□□□□□＿□□
□□□□□□□＿□＿
□□□＿□□□□□□
□□□＿□□□□□＿
00:21:03(37896f):field(37895f)
＿＿＿＿＿＿＿＿＿＿
＿＿＿＿＿＿＿＿＿＿
＿＿＿＿＿＿＿＿＿＿
＿＿＿＿＿＿＿＿＿＿
＿＿＿＿＿＿＿＿＿＿
＿＿＿＿◆◆＿＿＿＿
＿＿◆◆◆◆＿＿＿＿
◆◆◆◆□□＿＿＿＿
◆◆□□□□◆＿＿＿
□□□□□□◆■＿＿
□□□□□□□＿■＿
□□□□□□□□＿□
□□□□□□□□□＿
□□□□□□□□□＿
□□□□□＿□□□□
□□□＿□□□□□□
□□□□□□□＿□□
□□□□□□□＿□＿
□□□＿□□□□□□
□□□＿□□□□□＿
00:21:03(37908f):field(37907f)
＿＿＿＿＿＿＿＿＿＿
＿＿＿＿＿＿＿＿＿＿
＿＿＿＿＿＿＿＿＿＿
＿＿＿＿＿＿＿＿＿＿
＿＿＿＿＿＿＿＿＿＿
＿＿＿＿＿＿＿＿＿＿
＿＿＿■■＿＿＿＿＿
＿＿■■□□＿＿＿＿
＿＿□□□□＿＿＿＿
□□□□□□＿◆＿＿
□□□□□□□＿◆＿
□□□□□□□◆＿◆
□□□□□□□□□＿
□□□□□□□□□＿
□□□□□＿□□□□
□□□＿□□□□□□
□□□□□□□＿□□
□□□□□□□＿□＿
□□□＿□□□□□□
□□□＿□□□□□＿
00:21:04(37921f):field(37920f)
＿＿＿＿＿＿＿＿＿＿
＿＿＿＿＿＿＿＿＿＿
＿＿＿＿＿＿＿＿＿＿
＿＿＿＿＿＿＿＿＿＿
＿＿＿＿＿＿＿＿＿＿
＿＿＿＿＿＿＿＿＿＿
＿＿＿◆◆＿＿＿＿＿
＿＿◆◆◆◆＿＿＿＿
＿＿◆□□◆＿＿＿＿
◆◆□□□□＿＿＿＿
◆◆□□□□◆＿＿＿
□□□□□□□■＿＿
□□□□□□□◆□■
□□□□□□□◆◆■
□□□□□■□□□□
□□□＿□□□□□□
□□□□□□□＿□□
□□□□□□□＿□＿
□□□＿□□□□□□
□□□＿□□□□□＿
00:21:04(37937f):field(37936f)
＿＿＿＿＿＿＿＿＿＿
＿＿＿＿＿＿＿＿＿＿
＿＿＿＿＿＿＿＿＿＿
＿＿＿＿＿＿＿＿＿＿
＿＿＿＿＿＿＿＿＿＿
＿＿＿＿＿＿＿＿＿＿
＿＿＿＿＿＿＿＿＿＿
＿＿＿＿＿＿＿＿＿＿
＿＿＿□□＿＿＿＿＿
＿＿□□□□＿＿＿＿
＿＿□□□□＿＿＿＿
□□□□□□□□＿＿
□□□□□□□■◆□
□□□□□□□■＿□
□□□□□◆□□□□
□□□＿□□□□□□
□□□□□□□＿□□
□□□□□□□＿□＿
□□□＿□□□□□□
□□□＿□□□□□＿
00:21:04(37949f):field(37948f)
＿＿＿＿＿＿＿＿＿＿
＿＿＿＿＿＿＿＿＿＿
＿＿＿＿＿＿＿＿＿＿
＿＿＿＿＿＿＿＿＿＿
＿＿＿＿＿＿＿＿＿＿
＿＿＿＿＿＿＿＿＿＿
＿＿＿＿＿＿＿＿＿＿
＿＿＿＿＿＿＿＿＿＿
＿＿＿◆◆＿＿＿＿＿
＿＿◆◆◆◆＿＿＿＿
■＿◆□□◆＿＿■＿
◆□□□□□◆□＿■
◆◆□□□□◆□＿□
□□□□□□□□■□
□□□□□■□□□□
□□□＿□□□□□□
□□□□□□□＿□□
□□□□□□□＿□＿
□□□＿□□□□□□
□□□＿□□□□□＿
00:21:05(37962f):field(37961f)
＿＿＿＿＿＿＿＿＿＿
＿＿＿＿＿＿＿＿＿＿
＿＿＿＿＿＿＿＿＿＿
＿＿＿＿＿＿＿＿＿＿
＿＿＿＿＿＿＿＿＿＿
＿＿＿＿＿＿＿＿＿＿
＿＿＿＿＿＿＿＿＿＿
＿＿＿＿＿＿＿＿＿＿
＿＿＿＿＿＿＿＿＿＿
＿＿＿＿＿＿＿＿＿＿
◆＿＿□□＿＿＿◆＿
■□□□□□＿◆＿◆
■■□□□□＿◆＿□
□□□□□□□□◆□
□□□□□◆□□□□
□□□＿□□□□□□
□□□□□□□＿□□
□□□□□□□＿□＿
□□□＿□□□□□□
□□□＿□□□□□＿
00:21:06(37988f):field(37987f)
＿＿＿＿＿＿＿＿＿＿
＿＿＿＿＿＿＿＿＿＿
＿＿＿＿＿＿＿＿＿＿
＿＿＿＿＿＿＿＿＿＿
＿＿＿＿＿＿＿＿＿＿
＿＿＿＿＿＿＿＿＿＿
＿＿＿＿＿＿＿＿＿＿
＿＿＿＿＿＿＿＿＿＿
＿＿＿＿＿＿＿＿＿＿
＿＿＿＿＿＿＿＿＿＿
＿＿＿◆◆＿＿＿＿＿
◆◆◆◆◆◆＿＿＿＿
□◆◆◆◆◆＿■＿◆
◆◆◆□□◆◆◆＿□
□□□□□＿□□□□
□□□＿□□□□□□
□□□□□□□＿□□
□□□□□□□＿□＿
□□□＿□□□□□□
□□□＿□□□□□＿
00:21:06(38002f):field(38001f)
＿＿＿＿＿＿＿＿＿＿
＿＿＿＿＿＿＿＿＿＿
＿＿＿＿＿＿＿＿＿＿
＿＿＿＿＿＿＿＿＿＿
＿＿＿＿＿＿＿＿＿＿
＿＿＿＿＿＿＿＿＿＿
＿＿＿＿＿＿＿＿＿＿
＿＿＿＿＿＿＿＿＿＿
＿＿＿＿＿＿＿＿＿＿
＿＿＿＿＿＿＿＿＿＿
＿＿＿＿＿＿＿＿＿＿
＿＿＿＿＿＿＿＿＿＿
◆＿＿＿＿■＿◆＿＿
＿＿＿◆◆■＿＿＿◆
◆□□□□■◆□◆□
□□□＿□□□□□□
□□□□□□□■□□
□□□□□□□＿□＿
□□□＿□□□□□□
□□□＿□□□□□＿
00:21:07(38014f):field(38013f)
＿＿＿＿＿＿＿＿＿＿
＿＿＿＿＿＿＿＿＿＿
＿＿＿＿＿＿＿＿＿＿
＿＿＿＿＿＿＿＿＿＿
＿＿＿＿＿＿＿＿＿＿
＿＿＿＿＿＿＿＿＿＿
＿＿＿＿＿＿＿＿＿＿
＿＿＿＿＿＿＿＿＿＿
＿＿＿＿＿＿＿＿＿＿
＿＿＿＿＿＿＿＿＿＿
＿＿＿＿＿＿＿＿＿＿
＿＿＿＿＿＿＿＿＿＿
＿＿＿＿＿□＿＿＿＿
＿＿■■＿□＿＿＿＿
＿□□□□□＿◆＿◆
□□□＿□□□□□□
□□□□□□□◆□□
□□□□□□□＿□＿
□□□＿□□□□□□
□□□＿□□□□□＿
00:21:07(38027f):field(38026f)
＿＿＿＿＿＿＿＿＿＿
＿＿＿＿＿＿＿＿＿＿
＿＿＿＿＿＿＿＿＿＿
＿＿＿＿＿＿＿＿＿＿
＿＿＿＿＿＿＿＿＿＿
＿＿＿＿＿＿＿＿＿＿
＿＿＿＿＿＿＿＿＿＿
＿＿＿＿＿＿＿＿＿＿
＿＿＿＿＿＿＿＿＿＿
＿＿＿＿＿＿＿＿＿＿
＿＿＿＿＿＿＿＿＿＿
＿＿＿＿＿＿＿＿＿＿
■＿＿＿＿□＿＿＿＿
■■□□＿□＿＿＿＿
■□□□□□＿＿＿＿
□□□＿□□□□□□
□□□□□□□＿□□
□□□□□□□＿□＿
□□□＿□□□□□□
□□□＿□□□□□＿
00:21:07(38039f):field(38038f)
＿＿＿＿＿＿＿＿＿＿
＿＿＿＿＿＿＿＿＿＿
＿＿＿＿＿＿＿＿＿＿
＿＿＿＿＿＿＿＿＿＿
＿＿＿＿＿＿＿＿＿＿
＿＿＿＿＿＿＿＿＿＿
＿＿＿＿＿＿＿＿＿＿
＿＿＿＿＿＿＿＿＿＿
＿＿＿＿＿＿＿＿＿＿
＿＿＿＿＿＿＿＿＿＿
＿＿＿＿＿＿＿＿＿＿
＿＿＿■■＿＿＿＿＿
□＿＿＿■□＿＿＿＿
□□□□■□＿＿＿＿
□□□□□□＿＿＿＿
□□□＿□□□□□□
□□□□□□□＿□□
□□□□□□□＿□＿
□□□＿□□□□□□
□□□＿□□□□□＿
00:21:08(38053f):field(38052f)
＿＿＿＿＿＿＿＿＿＿
＿＿＿＿＿＿＿＿＿＿
＿＿＿＿＿＿＿＿＿＿
＿＿＿＿＿＿＿＿＿＿
＿＿＿＿＿＿＿＿＿＿
＿＿＿＿＿＿＿＿＿＿
＿＿＿＿＿＿＿＿＿＿
＿＿＿＿＿＿＿＿＿＿
＿＿＿＿＿＿＿＿＿＿
＿＿＿＿＿＿＿＿＿＿
＿＿＿＿＿＿＿＿＿＿
＿＿＿□□＿＿＿＿＿
□＿＿＿□□＿■＿＿
□□□□□□■■＿＿
□□□□□□■＿＿＿
□□□＿□□□□□□
□□□□□□□＿□□
□□□□□□□＿□＿
□□□＿□□□□□□
□□□＿□□□□□＿
00:21:08(38065f):field(38064f)
＿＿＿＿＿＿＿＿＿＿
＿＿＿＿＿＿＿＿＿＿
＿＿＿＿＿＿＿＿＿＿
＿＿＿＿＿＿＿＿＿＿
＿＿＿＿＿＿＿＿＿＿
＿＿＿＿＿＿＿＿＿＿
＿＿＿＿＿＿＿＿＿＿
＿＿＿＿＿＿＿＿＿＿
＿＿＿＿＿＿＿＿＿＿
＿＿＿■■＿＿＿＿＿
＿＿＿■■＿＿＿＿＿
＿＿＿□□＿＿＿＿＿
□＿＿＿□□＿□＿＿
□□□□□□□□＿＿
□□□□□□□＿＿＿
□□□＿□□□□□□
□□□□□□□＿□□
□□□□□□□＿□＿
□□□＿□□□□□□
□□□＿□□□□□＿
00:21:09(38082f):field(38081f)
＿＿＿＿＿＿＿＿＿＿
＿＿＿＿＿＿＿＿＿＿
＿＿＿＿＿＿＿＿＿＿
＿＿＿＿＿＿＿＿＿＿
＿＿＿＿＿＿＿＿＿＿
＿＿＿＿＿＿＿＿＿＿
＿＿＿＿＿＿＿＿＿＿
＿＿＿＿＿＿＿＿＿＿
＿＿＿＿＿＿＿＿＿＿
＿＿＿□□＿＿＿＿＿
＿＿＿□□＿＿＿＿＿
＿＿＿□□＿＿＿＿＿
□＿＿＿□□＿□■＿
□□□□□□□□■＿
□□□□□□□■■＿
□□□＿□□□□□□
□□□□□□□＿□□
□□□□□□□＿□＿
□□□＿□□□□□□
□□□＿□□□□□＿
00:21:09(38097f):field(38096f)
＿＿＿＿＿＿＿＿＿＿
＿＿＿＿＿＿＿＿＿＿
＿＿＿＿＿＿＿＿＿＿
＿＿＿＿＿＿＿＿＿＿
＿＿＿＿＿＿＿＿＿＿
＿＿＿＿＿＿＿＿＿＿
＿＿＿＿＿＿＿＿＿＿
＿＿＿＿＿＿＿＿＿＿
＿＿＿＿＿＿＿＿＿＿
＿＿＿□□＿＿＿＿＿
＿＿＿□□＿＿＿＿＿
＿＿■□□＿＿＿＿＿
□■■■□□＿□□＿
□□□□□□□□□＿
□□□□□□□□□＿
□□□＿□□□□□□
□□□□□□□＿□□
□□□□□□□＿□＿
□□□＿□□□□□□
□□□＿□□□□□＿
00:21:10(38110f):field(38109f)
＿＿＿＿＿＿＿＿＿＿
＿＿＿＿＿＿＿＿＿＿
＿＿＿＿＿＿＿＿＿＿
＿＿＿＿＿＿＿＿＿＿
＿＿＿＿＿＿＿＿＿＿
＿＿＿＿＿＿＿＿＿＿
＿＿＿＿＿＿＿＿＿＿
＿＿＿＿＿＿＿＿＿＿
＿＿＿＿＿＿＿＿＿＿
＿＿＿□□＿＿＿＿＿
＿＿＿□□＿＿＿＿＿
＿＿□□□＿■■■＿
□□□□□□■□□＿
□□□□□□□□□＿
□□□□□□□□□＿
□□□＿□□□□□□
□□□□□□□＿□□
□□□□□□□＿□＿
□□□＿□□□□□□
□□□＿□□□□□＿
00:21:10(38123f):field(38122f)
＿＿＿＿＿＿＿＿＿＿
＿＿＿＿＿＿＿＿＿＿
＿＿＿＿＿＿＿＿＿＿
＿＿＿＿＿＿＿＿＿＿
＿＿＿＿＿＿＿＿＿＿
＿＿＿＿＿＿＿＿＿＿
＿＿＿＿＿＿＿＿＿＿
＿＿＿＿＿＿＿＿＿＿
＿＿＿＿＿＿＿＿＿＿
＿＿＿□□＿＿＿＿＿
＿■■□□＿＿＿＿＿
■■□□□＿□□□＿
□□□□□□□□□＿
□□□□□□□□□＿
□□□□□□□□□＿
□□□＿□□□□□□
□□□□□□□＿□□
□□□□□□□＿□＿
□□□＿□□□□□□
□□□＿□□□□□＿
00:21:11(38135f):field(38134f)
＿＿＿＿＿＿＿＿＿＿
＿＿＿＿＿＿＿＿＿＿
＿＿＿＿＿＿＿＿＿＿
＿＿＿＿＿＿＿＿＿＿
＿＿＿＿＿＿＿＿＿＿
＿＿＿＿＿＿＿＿＿＿
＿＿＿＿＿＿＿＿＿＿
＿＿＿＿＿＿＿＿＿＿
＿＿＿＿＿＿＿＿＿＿
＿＿＿□□＿■＿＿＿
＿□□□□■■＿＿＿
□□□□□■□□□＿
□□□□□□□□□＿
□□□□□□□□□＿
□□□□□□□□□＿
□□□＿□□□□□□
□□□□□□□＿□□
□□□□□□□＿□＿
□□□＿□□□□□□
□□□＿□□□□□＿
00:21:11(38149f):field(38148f)
＿＿＿＿＿＿＿＿＿＿
＿＿＿＿＿＿＿＿＿＿
＿＿＿＿＿＿＿＿＿＿
＿＿＿＿＿＿＿＿＿＿
＿＿＿＿＿＿＿＿＿＿
＿＿＿＿＿＿＿＿＿＿
＿＿＿＿＿＿＿＿＿＿
＿＿＿＿＿＿＿＿＿＿
＿＿＿＿＿＿＿＿＿＿
＿＿＿□□＿□■■＿
＿□□□□□□■■＿
□□□□□□□□□＿
□□□□□□□□□＿
□□□□□□□□□＿
□□□□□□□□□＿
□□□＿□□□□□□
□□□□□□□＿□□
□□□□□□□＿□＿
□□□＿□□□□□□
□□□＿□□□□□＿
00:21:12(38160f):field(38159f)
＿＿＿＿＿＿＿＿＿＿
＿＿＿＿＿＿＿＿＿＿
＿＿＿＿＿＿＿＿＿＿
＿＿＿＿＿＿＿＿＿＿
＿＿＿＿＿＿＿＿＿＿
＿＿＿＿＿＿＿＿＿＿
＿＿＿＿＿■＿＿＿＿
＿＿＿＿＿■＿＿＿＿
＿＿＿＿＿■＿＿＿＿
＿＿＿□□■□□□＿
＿□□□□□□□□＿
□□□□□□□□□＿
□□□□□□□□□＿
□□□□□□□□□＿
□□□□□□□□□＿
□□□＿□□□□□□
□□□□□□□＿□□
□□□□□□□＿□＿
□□□＿□□□□□□
□□□＿□□□□□＿
00:21:12(38171f):field(38170f)
＿＿＿＿＿＿＿＿＿＿
＿＿＿＿＿＿＿＿＿＿
＿＿＿＿＿＿＿＿＿＿
＿＿＿＿＿＿＿＿＿＿
＿＿＿＿＿＿＿＿＿＿
＿＿＿＿＿＿＿＿＿＿
＿＿＿＿＿□＿＿＿＿
＿＿＿＿＿□＿＿＿＿
■＿＿＿＿□＿＿＿＿
■■＿□□□□□□＿
■□□□□□□□□＿
□□□□□□□□□＿
□□□□□□□□□＿
□□□□□□□□□＿
□□□□□□□□□＿
□□□＿□□□□□□
□□□□□□□＿□□
□□□□□□□＿□＿
□□□＿□□□□□□
□□□＿□□□□□＿
00:21:12(38185f):field(38184f)
＿＿＿＿＿＿＿＿＿＿
＿＿＿＿＿＿＿＿＿＿
＿＿＿＿＿＿＿＿＿＿
＿＿＿＿＿＿＿＿＿＿
＿＿＿＿＿＿＿＿＿＿
＿＿＿＿＿＿＿＿＿＿
＿＿＿＿＿□＿＿＿＿
＿＿＿■＿□＿＿＿＿
□＿■■＿□＿＿＿＿
□□■□□□□□□＿
□□□□□□□□□＿
□□□□□□□□□＿
□□□□□□□□□＿
□□□□□□□□□＿
□□□□□□□□□＿
□□□＿□□□□□□
□□□□□□□＿□□
□□□□□□□＿□＿
□□□＿□□□□□□
□□□＿□□□□□＿
00:21:13(38198f):field(38197f)
＿＿＿＿＿＿＿＿＿＿
＿＿＿＿＿＿＿＿＿＿
＿＿＿＿＿＿＿＿＿＿
＿＿＿＿＿＿＿＿＿＿
＿＿＿＿＿＿＿＿＿＿
＿＿＿＿＿＿＿＿＿＿
■＿＿＿＿□＿＿＿＿
■■＿□＿□＿＿＿＿
□■□□＿□＿＿＿＿
□□□□□□□□□＿
□□□□□□□□□＿
□□□□□□□□□＿
□□□□□□□□□＿
□□□□□□□□□＿
□□□□□□□□□＿
□□□＿□□□□□□
□□□□□□□＿□□
□□□□□□□＿□＿
□□□＿□□□□□□
□□□＿□□□□□＿
00:21:13(38210f):field(38209f)
＿＿＿＿＿＿＿＿＿＿
＿＿＿＿＿＿＿＿＿＿
＿＿＿＿＿＿＿＿＿＿
＿＿＿＿＿＿＿＿＿＿
＿＿＿＿＿＿＿＿＿＿
＿＿＿＿＿＿＿＿＿＿
□＿＿■■□＿＿＿＿
□□＿□■□＿＿＿＿
□□□□■□＿＿＿＿
□□□□□□□□□＿
□□□□□□□□□＿
□□□□□□□□□＿
□□□□□□□□□＿
□□□□□□□□□＿
□□□□□□□□□＿
□□□＿□□□□□□
□□□□□□□＿□□
□□□□□□□＿□＿
□□□＿□□□□□□
□□□＿□□□□□＿
00:21:14(38221f):field(38220f)
＿＿＿＿＿＿＿＿＿＿
＿＿＿＿＿＿＿＿＿＿
＿＿＿＿＿＿＿＿＿＿
＿＿＿＿＿＿＿＿＿＿
＿＿＿＿＿＿＿＿＿＿
＿＿＿＿＿＿＿＿＿＿
◆＿＿◆◆◆＿＿＿＿
◆◆＿◆◆◆＿＿＿＿
◆◆◆◆◆◆＿＿＿＿
◆◆◆◆◆◆◆◆◆＿
□◆◆□□□◆□◆＿
□□◆□□□◆◆□■
□□□□□□□◆◆＿
□□□□□□□□□■
□□□□□□□□□＿
□□□■□□□□□□
□□□□□□□■□□
□□□□□□□＿□＿
□□□＿□□□□□□
□□□＿□□□□□＿
00:21:14(38233f):field(38232f)
＿＿＿＿＿＿＿＿＿＿
＿＿＿＿＿＿＿＿＿＿
＿＿＿＿＿＿＿＿＿＿
＿＿＿＿＿＿＿＿＿＿
＿＿＿＿＿＿＿＿＿＿
＿＿＿＿＿＿＿＿＿＿
＿＿＿＿＿＿＿＿＿＿
＿＿＿＿＿＿＿＿＿＿
＿＿＿＿＿＿＿＿＿＿
＿＿＿＿＿＿＿＿＿＿
□＿＿□□□＿◆＿＿
□□＿□□□■＿◆◆
□□□□□□□■■＿
□□□□□□□□□◆
□□□□□□□□□＿
□□□◆□□□□□□
□□□□□□□◆□□
□□□□□□□＿□＿
□□□＿□□□□□□
□□□＿□□□□□＿
00:21:14(38244f):field(38243f)
＿＿＿＿＿＿＿＿＿＿
＿＿＿＿＿＿＿＿＿＿
＿＿＿＿＿＿＿＿＿＿
＿＿＿＿＿＿＿＿＿＿
＿＿＿＿＿＿＿＿＿＿
＿＿＿＿＿＿＿＿＿＿
＿＿＿＿＿＿＿＿＿＿
＿＿＿＿＿＿＿＿＿＿
＿＿＿＿＿＿＿＿＿＿
＿＿■＿＿＿＿＿＿＿
□■■□□□＿＿＿＿
□□■□□□□＿＿＿
□□□□□□□□□＿
□□□□□□□□□＿
□□□□□□□□□＿
□□□＿□□□□□□
□□□□□□□＿□□
□□□□□□□＿□＿
□□□＿□□□□□□
□□□＿□□□□□＿
00:21:15(38256f):field(38255f)
＿＿＿＿＿＿＿＿＿＿
＿＿＿＿＿＿＿＿＿＿
＿＿＿＿＿＿＿＿＿＿
＿＿＿＿＿＿＿＿＿＿
＿＿＿＿＿＿＿＿＿＿
＿＿＿＿＿＿＿＿＿＿
＿＿＿＿＿＿＿＿＿＿
＿＿＿＿＿＿＿＿＿＿
＿＿＿＿＿＿＿＿＿＿
＿＿□＿＿＿＿＿＿＿
□□□□□□■■＿＿
□□□□□□□■■＿
□□□□□□□□□＿
□□□□□□□□□＿
□□□□□□□□□＿
□□□＿□□□□□□
□□□□□□□＿□□
□□□□□□□＿□＿
□□□＿□□□□□□
□□□＿□□□□□＿
00:21:15(38267f):field(38266f)
＿＿＿＿＿＿＿＿＿＿
＿＿＿＿＿＿＿＿＿＿
＿＿＿＿＿＿＿＿＿＿
＿＿＿＿＿＿＿＿＿＿
＿＿＿＿＿＿＿＿＿＿
＿＿＿＿＿＿＿＿＿＿
＿＿＿＿＿＿＿＿＿＿
＿＿＿＿＿＿＿＿＿＿
＿＿＿■■＿＿＿＿＿
＿＿□■■＿＿＿＿＿
□□□□□□□□＿＿
□□□□□□□□□＿
□□□□□□□□□＿
□□□□□□□□□＿
□□□□□□□□□＿
□□□＿□□□□□□
□□□□□□□＿□□
□□□□□□□＿□＿
□□□＿□□□□□□
□□□＿□□□□□＿
00:21:16(38281f):field(38280f)
＿＿＿＿＿＿＿＿＿＿
＿＿＿＿＿＿＿＿＿＿
＿＿＿＿＿＿＿＿＿＿
＿＿＿＿＿＿＿＿＿＿
＿＿＿＿＿＿＿＿＿＿
＿＿＿＿＿＿＿＿＿＿
＿＿＿＿＿＿＿＿＿＿
＿＿＿＿＿＿＿＿＿＿
＿＿＿◆◆＿＿＿＿＿
＿＿◆◆◆＿＿＿＿＿
□◆□◆□◆◆◆＿＿
◆□◆◆◆◆◆□◆＿
◆◆◆□□□□◆□＿
□□□□□□□◆□■
□□□□□□□□□＿
□□□＿□□□□□□
□□□□□□□■□□
□□□□□□□＿□＿
□□□＿□□□□□□
□□□＿□□□□□＿
00:21:16(38290f):field(38289f)
＿＿＿＿＿＿＿＿＿＿
＿＿＿＿＿＿＿＿＿＿
＿＿＿＿＿＿＿＿＿＿
＿＿＿＿＿＿＿＿＿＿
＿＿＿＿＿＿＿＿＿＿
＿＿＿＿＿＿＿＿＿＿
＿＿＿＿＿＿＿＿＿＿
＿＿＿＿＿＿＿＿＿＿
＿＿＿＿＿＿＿＿＿＿
■＿＿＿＿＿＿＿＿＿
◆＿◆＿□＿＿＿＿＿
■◆＿＿■■＿◆＿■
■＿＿□□◆◆＿◆■
□□□□□□□＿◆◆
□□□□□□□□◆＿
□□□＿□□□□□□
□□□□□□□◆□□
□□□□□□□＿□＿
□□□■□□□□□□
□□□＿□□□□□＿
00:21:16(38303f):field(38302f)
＿＿＿＿＿＿＿＿＿＿
＿＿＿＿＿＿＿＿＿＿
＿＿＿＿＿＿＿＿＿＿
＿＿＿＿＿＿＿＿＿＿
＿＿＿＿＿＿＿＿＿＿
＿＿＿＿＿＿＿＿＿＿
＿＿＿＿＿＿＿＿＿＿
＿＿＿＿＿＿＿＿＿＿
＿＿＿＿＿＿＿＿＿＿
◆＿＿＿＿＿＿＿＿＿
＿＿＿＿◆＿＿＿＿＿
□＿＿＿◆◆＿＿＿◆
□＿＿□□＿＿＿＿◆
□□□□□◆□■■＿
□□□□□□□□■＿
□□□＿□□□□□□
□□□□□□□＿□□
□□□□□□□＿□＿
□□□◆□□□□□□
□□□＿□□□□□＿
00:21:17(38314f):field(38313f)
＿＿＿＿＿＿＿＿＿＿
＿＿＿＿＿＿＿＿＿＿
＿＿＿＿＿＿＿＿＿＿
＿＿＿＿＿＿＿＿＿＿
＿＿＿＿＿＿＿＿＿＿
＿＿＿＿＿＿＿＿＿＿
＿＿＿＿＿＿＿＿＿＿
＿＿＿＿＿＿＿＿＿＿
＿＿＿＿＿＿＿＿＿＿
＿＿＿＿＿＿＿＿＿＿
＿＿＿＿＿＿＿＿＿＿
□＿＿＿＿■＿＿＿＿
□＿＿□□■■＿＿＿
□□□□□■□□□＿
□□□□□□□□□＿
□□□＿□□□□□□
□□□□□□□＿□□
□□□□□□□＿□＿
□□□＿□□□□□□
□□□＿□□□□□＿
00:21:17(38325f):field(38324f)
＿＿＿＿＿＿＿＿＿＿
＿＿＿＿＿＿＿＿＿＿
＿＿＿＿＿＿＿＿＿＿
＿＿＿＿＿＿＿＿＿＿
＿＿＿＿＿＿＿＿＿＿
＿＿＿＿＿＿＿＿＿＿
＿＿＿＿＿＿＿＿＿＿
＿＿＿＿＿＿＿＿＿＿
＿＿＿＿＿＿＿＿＿＿
＿＿＿＿＿＿＿＿＿＿
＿＿＿＿＿＿＿＿＿＿
□■■＿＿□＿＿＿＿
□■■□□□□＿＿＿
□□□□□□□□□＿
□□□□□□□□□＿
□□□＿□□□□□□
□□□□□□□＿□□
□□□□□□□＿□＿
□□□＿□□□□□□
□□□＿□□□□□＿
00:21:17(38338f):field(38337f)
＿＿＿＿＿＿＿＿＿＿
＿＿＿＿＿＿＿＿＿＿
＿＿＿＿＿＿＿＿＿＿
＿＿＿＿＿＿＿＿＿＿
＿＿＿＿＿＿＿＿＿＿
＿＿＿＿＿＿＿＿＿＿
＿＿＿＿＿＿＿＿＿＿
＿＿＿＿＿＿＿＿＿＿
＿＿＿＿＿＿＿＿＿＿
＿＿＿＿＿＿＿＿＿＿
＿＿＿＿＿＿＿＿＿＿
◆◆◆＿＿◆＿＿＿＿
◆◆◆◆◆◆◆■＿＿
□□□□□□□◆□■
□□□□□□□□◆■
□□□■□□□□□□
□□□□□□□＿□□
□□□□□□□＿□＿
□□□＿□□□□□□
□□□＿□□□□□＿
00:21:18(38350f):field(38349f)
＿＿＿＿＿＿＿＿＿＿
＿＿＿＿＿＿＿＿＿＿
＿＿＿＿＿＿＿＿＿＿
＿＿＿＿＿＿＿＿＿＿
＿＿＿＿＿＿＿＿＿＿
＿＿＿＿＿＿＿＿＿＿
＿＿＿＿＿＿＿＿＿＿
＿＿＿＿＿＿＿＿＿＿
＿＿＿＿＿＿＿＿＿＿
＿＿＿＿＿＿＿＿＿＿
＿＿＿＿＿＿＿＿＿＿
＿＿＿＿＿＿＿＿＿＿
＿＿＿＿＿＿＿◆＿＿
◆□◆◆◆◆◆■◆□
□□□◆◆□◆□■□
□□□◆□□□□□□
□□□□□□□＿□□
□□□□□□□＿□＿
□□□＿□□□□□□
□□□＿□□□□□＿
00:21:18(38360f):field(38359f)
＿＿＿＿＿＿＿＿＿＿
＿＿＿＿＿＿＿＿＿＿
＿＿＿＿＿＿＿＿＿＿
＿＿＿＿＿＿＿＿＿＿
＿＿＿＿＿＿＿＿＿＿
＿＿＿＿＿＿＿＿＿＿
＿＿＿＿＿＿＿＿＿＿
＿＿＿＿＿＿＿＿＿＿
＿＿＿＿＿＿＿＿＿＿
＿＿＿＿＿＿＿＿＿＿
＿＿＿＿＿＿＿＿＿＿
＿＿■＿＿＿＿＿＿＿
＿＿＿＿＿＿＿＿＿＿
＿◆＿＿■■＿□＿◆
□□□■■□＿□◆□
□□□＿□□□□□□
□□□□□□□＿□□
□□□□□□□＿□＿
□□□＿□□□□□□
□□□＿□□□□□＿
00:21:19(38371f):field(38370f)
＿＿＿＿＿＿＿＿＿＿
＿＿＿＿＿＿＿＿＿＿
＿＿＿＿＿＿＿＿＿＿
＿＿＿＿＿＿＿＿＿＿
＿＿＿＿＿＿＿＿＿＿
＿＿＿＿＿＿＿＿＿＿
＿＿＿＿＿＿＿＿＿＿
＿＿＿＿＿＿＿＿＿＿
＿＿＿＿＿＿＿＿＿＿
＿＿＿＿＿＿＿＿＿＿
＿＿＿＿＿＿＿＿＿＿
＿＿◆＿＿＿＿＿＿＿
■＿＿＿＿＿＿＿＿＿
■■■＿□□＿□＿＿
□□□□□□＿□＿□
□□□＿□□□□□□
□□□□□□□＿□□
□□□□□□□＿□＿
□□□＿□□□□□□
□□□＿□□□□□＿
00:21:19(38381f):field(38380f)
＿＿＿＿＿＿＿＿＿＿
＿＿＿＿＿＿＿＿＿＿
＿＿＿＿＿＿＿＿＿＿
＿＿＿＿＿＿＿＿＿＿
＿＿＿＿＿＿＿＿＿＿
＿＿＿＿＿＿＿＿＿＿
＿＿＿＿＿＿＿＿＿＿
＿＿＿＿＿＿＿＿＿＿
＿＿＿＿＿＿＿＿＿＿
＿＿＿＿＿＿＿＿＿＿
＿＿＿＿＿＿＿＿＿＿
＿＿＿＿■＿＿＿＿＿
□＿＿■■＿＿＿＿＿
□□□■□□＿□＿＿
□□□□□□＿□＿□
□□□＿□□□□□□
□□□□□□□＿□□
□□□□□□□＿□＿
□□□＿□□□□□□
□□□＿□□□□□＿
00:21:19(38392f):field(38391f)
＿＿＿＿＿＿＿＿＿＿
＿＿＿＿＿＿＿＿＿＿
＿＿＿＿＿＿＿＿＿＿
＿＿＿＿＿＿＿＿＿＿
＿＿＿＿＿＿＿＿＿＿
＿＿＿＿＿＿＿＿＿＿
＿＿＿＿＿＿＿＿＿＿
＿＿＿＿＿＿＿＿＿＿
＿＿＿＿＿＿＿＿＿＿
＿＿＿＿＿＿＿＿＿＿
＿＿＿＿＿＿＿＿＿＿
＿■■＿□＿＿＿＿＿
□■■□□＿＿＿＿＿
□□□□□□＿□＿＿
□□□□□□＿□＿□
□□□＿□□□□□□
□□□□□□□＿□□
□□□□□□□＿□＿
□□□＿□□□□□□
□□□＿□□□□□＿
00:21:20(38403f):field(38402f)
＿＿＿＿＿＿＿＿＿＿
＿＿＿＿＿＿＿＿＿＿
＿＿＿＿＿＿＿＿＿＿
＿＿＿＿＿＿＿＿＿＿
＿＿＿＿＿＿＿＿＿＿
＿＿＿＿＿＿＿＿＿＿
＿＿＿＿＿＿＿＿＿＿
＿＿＿＿＿＿＿＿＿＿
＿＿＿＿＿＿＿＿＿＿
＿＿＿＿＿＿＿＿＿＿
＿＿＿＿＿＿＿＿＿＿
＿□□＿□＿■＿＿＿
□□□□□＿■＿＿＿
□□□□□□■□＿＿
□□□□□□■□＿□
□□□＿□□□□□□
□□□□□□□＿□□
□□□□□□□＿□＿
□□□＿□□□□□□
□□□＿□□□□□＿
00:21:20(38414f):field(38413f)
＿＿＿＿＿＿＿＿＿＿
＿＿＿＿＿＿＿＿＿＿
＿＿＿＿＿＿＿＿＿＿
＿＿＿＿＿＿＿＿＿＿
＿＿＿＿＿＿＿＿＿＿
＿＿＿＿＿＿＿＿＿＿
＿＿＿＿＿＿＿＿＿＿
＿＿＿＿＿＿＿＿＿＿
＿＿＿＿＿＿＿＿＿＿
＿＿＿＿＿＿＿＿＿＿
＿＿■■■＿＿＿＿＿
＿□□■□＿□＿＿＿
□□□□□＿□＿＿＿
□□□□□□□□＿＿
□□□□□□□□＿□
□□□＿□□□□□□
□□□□□□□＿□□
□□□□□□□＿□＿
□□□＿□□□□□□
□□□＿□□□□□＿
00:21:20(38427f):field(38426f)
＿＿＿＿＿＿＿＿＿＿
＿＿＿＿＿＿＿＿＿＿
＿＿＿＿＿＿＿＿＿＿
＿＿＿＿＿＿＿＿＿＿
＿＿＿＿＿＿＿＿＿＿
＿＿＿＿＿＿＿＿＿＿
＿＿＿＿＿＿＿＿＿＿
＿＿＿＿＿＿＿＿＿＿
＿＿＿＿＿＿＿＿＿＿
＿＿＿＿＿＿＿＿＿＿
＿＿□□□■■＿＿＿
＿□□□□■□＿＿＿
□□□□□■□＿＿＿
□□□□□□□□＿＿
□□□□□□□□＿□
□□□＿□□□□□□
□□□□□□□＿□□
□□□□□□□＿□＿
□□□＿□□□□□□
□□□＿□□□□□＿
00:21:21(38440f):field(38439f)
＿＿＿＿＿＿＿＿＿＿
＿＿＿＿＿＿＿＿＿＿
＿＿＿＿＿＿＿＿＿＿
＿＿＿＿＿＿＿＿＿＿
＿＿＿＿＿＿＿＿＿＿
＿＿＿＿＿＿＿＿＿＿
＿＿＿＿＿＿＿＿＿＿
＿＿＿＿＿＿＿＿＿＿
＿＿＿＿＿＿＿＿＿＿
＿＿＿＿＿＿＿＿＿＿
＿＿◆◆◆◆◆＿＿＿
＿◆□□□□□＿＿＿
◆□□□□□□＿＿＿
□□□□□□□□■＿
□□□□□□□□■◆
□□□＿□□□□□□
□□□□□□□■□□
□□□□□□□＿□＿
□□□＿□□□□□□
□□□＿□□□□□＿
00:21:21(38450f):field(38449f)
＿＿＿＿＿＿＿＿＿＿
＿＿＿＿＿＿＿＿＿＿
＿＿＿＿＿＿＿＿＿＿
＿＿＿＿＿＿＿＿＿＿
＿＿＿＿＿＿＿＿＿＿
＿＿＿＿＿＿＿＿＿＿
＿＿＿＿＿＿＿＿＿＿
＿＿＿＿＿＿＿＿＿＿
＿＿＿＿＿＿＿＿＿＿
＿＿＿■■＿＿＿＿＿
＿＿■■＿＿＿＿＿＿
＿＿□□□□□＿＿＿
＿□□□□□□＿＿＿
□□□□□□□□□＿
□□□□□□□□□＿
□□□＿□□□□□□
□□□□□□□◆□□
□□□□□□□＿□＿
□□□＿□□□□□□
□□□＿□□□□□＿
00:21:22(38463f):field(38462f)
＿＿＿＿＿＿＿＿＿＿
＿＿＿＿＿＿＿＿＿＿
＿＿＿＿＿＿＿＿＿＿
＿＿＿＿＿＿＿＿＿＿
＿＿＿＿＿＿＿＿＿＿
＿＿＿＿＿＿＿＿＿＿
＿＿＿＿＿＿＿＿＿＿
＿＿＿＿＿＿＿＿＿＿
＿＿＿＿＿＿＿＿＿＿
＿＿＿□□＿＿＿＿＿
＿＿□□＿＿＿＿＿＿
＿＿□□□□□■■＿
＿□□□□□□■■＿
□□□□□□□□□＿
□□□□□□□□□＿
□□□＿□□□□□□
□□□□□□□＿□□
□□□□□□□＿□＿
□□□＿□□□□□□
□□□＿□□□□□＿
00:21:22(38475f):field(38474f)
＿＿＿＿＿＿＿＿＿＿
＿＿＿＿＿＿＿＿＿＿
＿＿＿＿＿＿＿＿＿＿
＿＿＿＿＿＿＿＿＿＿
＿＿＿＿＿＿＿＿＿＿
＿＿＿＿＿＿＿＿＿＿
＿＿＿＿＿＿＿＿＿＿
＿＿＿＿＿＿＿＿＿＿
＿＿＿＿＿＿＿＿＿＿
＿＿＿□□＿＿＿＿＿
■＿□□＿＿＿＿＿＿
■■□□□□□□□＿
■□□□□□□□□＿
□□□□□□□□□＿
□□□□□□□□□＿
□□□＿□□□□□□
□□□□□□□＿□□
□□□□□□□＿□＿
□□□＿□□□□□□
□□□＿□□□□□＿
00:21:22(38489f):field(38488f)
＿＿＿＿＿＿＿＿＿＿
＿＿＿＿＿＿＿＿＿＿
＿＿＿＿＿＿＿＿＿＿
＿＿＿＿＿＿＿＿＿＿
＿＿＿＿＿＿＿＿＿＿
＿＿＿＿＿＿＿＿＿＿
＿＿＿＿＿＿＿＿＿＿
＿＿＿＿＿＿＿＿＿＿
＿＿＿＿＿＿＿＿＿＿
＿＿＿◆◆＿＿＿＿＿
□＿□◆＿＿＿＿＿＿
◆◆◆◆◆□◆□◆＿
◆◆◆□◆□□◆□＿
□□◆□□□□□□■
□□□□◆◆□□□■
□□□＿□□□□□□
□□□□□□□＿□□
□□□□□□□＿□＿
□□□＿□□□□□□
□□□＿□□□□□＿
00:21:23(38502f):field(38501f)
＿＿＿＿＿＿＿＿＿＿
＿＿＿＿＿＿＿＿＿＿
＿＿＿＿＿＿＿＿＿＿
＿＿＿＿＿＿＿＿＿＿
＿＿＿＿＿＿＿＿＿＿
＿＿＿＿＿＿＿＿＿＿
＿＿＿＿＿＿＿＿＿＿
＿＿＿＿＿＿＿＿＿＿
＿＿＿＿＿＿＿＿＿＿
＿＿＿＿＿＿＿＿＿＿
◆＿◆＿＿＿＿＿＿＿
＿＿＿＿＿◆＿◆＿＿
＿＿＿□■□◆＿◆＿
◆◆＿□□□◆◆◆◆
□◆□□＿＿◆◆◆◆
□□□＿□□□□□□
□□□□□□□＿□□
□□□□□□□＿□＿
□□□＿□□□□□□
□□□＿□□□□□＿
00:21:23(38515f):field(38514f)
＿＿＿＿＿＿＿＿＿＿
＿＿＿＿＿＿＿＿＿＿
＿＿＿＿＿＿＿＿＿＿
＿＿＿＿＿＿＿＿＿＿
＿＿＿＿＿＿＿＿＿＿
＿＿＿＿＿＿＿＿＿＿
＿＿＿＿＿＿＿＿＿＿
＿＿＿＿＿＿＿＿＿＿
＿＿＿＿＿＿＿＿＿＿
＿＿＿＿■＿＿＿＿＿
＿＿＿＿■＿＿＿＿＿
＿＿＿＿■■＿＿＿＿
＿＿＿□□□＿＿＿＿
＿＿＿□□□＿＿＿＿
□＿□□＿＿＿＿＿＿
□□□＿□□□□□□
□□□□□□□＿□□
□□□□□□□＿□＿
□□□＿□□□□□□
□□□＿□□□□□＿
00:21:24(38534f):field(38533f)
＿＿＿＿＿＿＿＿＿＿
＿＿＿＿＿＿＿＿＿＿
＿＿＿＿＿＿＿＿＿＿
＿＿＿＿＿＿＿＿＿＿
＿＿＿＿＿＿＿＿＿＿
＿＿＿＿＿＿＿＿＿＿
＿＿＿＿＿＿＿＿＿＿
＿＿＿＿＿＿＿＿＿＿
＿＿＿＿＿＿＿＿＿＿
＿＿＿＿□＿＿＿＿＿
＿＿＿＿□＿＿＿＿＿
＿＿＿＿□□＿＿＿＿
＿＿＿□□□＿＿＿＿
＿＿＿□□□＿＿■■
□＿□□＿＿＿＿■■
□□□＿□□□□□□
□□□□□□□＿□□
□□□□□□□＿□＿
□□□＿□□□□□□
□□□＿□□□□□＿
00:21:24(38545f):field(38544f)
＿＿＿＿＿＿＿＿＿＿
＿＿＿＿＿＿＿＿＿＿
＿＿＿＿＿＿＿＿＿＿
＿＿＿＿＿＿＿＿＿＿
＿＿＿＿＿＿＿＿＿＿
＿＿＿＿＿＿＿＿＿＿
＿＿＿＿＿＿＿＿＿＿
＿＿＿＿＿＿＿＿＿＿
＿＿＿＿＿＿＿＿＿＿
＿＿＿＿□＿＿＿＿＿
＿＿＿＿□＿＿＿＿＿
＿＿＿＿□□＿＿＿＿
＿＿＿□□□＿＿＿＿
■■■□□□＿＿□□
□■□□＿＿＿＿□□
□□□＿□□□□□□
□□□□□□□＿□□
□□□□□□□＿□＿
□□□＿□□□□□□
□□□＿□□□□□＿
00:21:25(38562f):field(38561f)
＿＿＿＿＿＿＿＿＿＿
＿＿＿＿＿＿＿＿＿＿
＿＿＿＿＿＿＿＿＿＿
＿＿＿＿＿＿＿＿＿＿
＿＿＿＿＿＿＿＿＿＿
＿＿＿＿＿＿＿＿＿＿
＿＿＿＿＿＿＿＿＿＿
＿＿＿＿＿＿＿＿＿＿
＿＿＿＿＿＿＿＿＿＿
＿＿＿＿□＿＿＿＿＿
＿＿＿■□＿＿＿＿＿
＿＿■■□□＿＿＿＿
＿＿■□□□＿＿＿＿
□□□□□□＿＿□□
□□□□＿＿＿＿□□
□□□＿□□□□□□
□□□□□□□＿□□
□□□□□□□＿□＿
□□□＿□□□□□□
□□□＿□□□□□＿
00:21:25(38575f):field(38574f)
＿＿＿＿＿＿＿＿＿＿
＿＿＿＿＿＿＿＿＿＿
＿＿＿＿＿＿＿＿＿＿
＿＿＿＿＿＿＿＿＿＿
＿＿＿＿＿＿＿＿＿＿
＿＿＿＿＿＿＿＿＿＿
＿＿＿＿＿＿＿＿＿＿
＿＿＿＿＿＿＿＿＿＿
＿＿＿＿＿＿＿＿＿＿
＿＿＿＿□■＿＿＿＿
＿＿＿□□■■＿＿＿
＿＿□□□□■＿＿＿
＿＿□□□□＿＿＿＿
□□□□□□＿＿□□
□□□□＿＿＿＿□□
□□□＿□□□□□□
□□□□□□□＿□□
□□□□□□□＿□＿
□□□＿□□□□□□
□□□＿□□□□□＿
00:21:26(38589f):field(38588f)
＿＿＿＿＿＿＿＿＿＿
＿＿＿＿＿＿＿＿＿＿
＿＿＿＿＿＿＿＿＿＿
＿＿＿＿＿＿＿＿＿＿
＿＿＿＿＿＿＿＿＿＿
＿＿＿＿＿＿＿＿＿＿
＿＿＿＿＿＿＿＿＿＿
＿＿＿＿＿＿＿＿＿＿
＿＿＿＿＿＿＿＿＿＿
＿＿＿＿□□＿＿＿＿
＿＿＿□□□□＿＿＿
＿＿□□□□□＿＿＿
＿＿□□□□■■＿＿
□□□□□□■＿□□
□□□□＿＿■＿□□
□□□＿□□□□□□
□□□□□□□＿□□
□□□□□□□＿□＿
□□□＿□□□□□□
□□□＿□□□□□＿
00:21:26(38601f):field(38600f)
＿＿＿＿＿＿＿＿＿＿
＿＿＿＿＿＿＿＿＿＿
＿＿＿＿＿＿＿＿＿＿
＿＿＿＿＿＿＿＿＿＿
＿＿＿＿＿＿＿＿＿＿
＿＿＿＿＿＿＿＿＿＿
＿＿＿＿＿＿＿＿＿＿
＿＿＿＿＿＿＿＿＿＿
＿＿＿＿＿＿＿＿＿＿
＿＿＿＿□□＿＿＿＿
■＿＿□□□□＿＿＿
■＿□□□□□＿＿＿
■■□□□□□□＿＿
□□□□□□□＿□□
□□□□＿＿□＿□□
□□□＿□□□□□□
□□□□□□□＿□□
□□□□□□□＿□＿
□□□＿□□□□□□
□□□＿□□□□□＿
00:21:27(38614f):field(38613f)
＿＿＿＿＿＿＿＿＿＿
＿＿＿＿＿＿＿＿＿＿
＿＿＿＿＿＿＿＿＿＿
＿＿＿＿＿＿＿＿＿＿
＿＿＿＿＿＿＿＿＿＿
＿＿＿＿＿＿＿＿＿＿
＿＿＿＿＿＿＿＿＿＿
＿＿＿＿＿＿＿＿＿＿
＿＿＿＿＿＿＿＿＿＿
＿＿＿＿◆◆＿＿＿＿
◆＿＿◆□□◆＿＿＿
□＿◆□□□□＿＿＿
□◆□□□□□◆■■
□□□□□□□■□□
□□□□＿＿□＿□□
□□□＿□□□□□□
□□□□□□□＿□□
□□□□□□□＿□＿
□□□＿□□□□□□
□□□＿□□□□□＿
00:21:27(38626f):field(38625f)
＿＿＿＿＿＿＿＿＿＿
＿＿＿＿＿＿＿＿＿＿
＿＿＿＿＿＿＿＿＿＿
＿＿＿＿＿＿＿＿＿＿
＿＿＿＿＿＿＿＿＿＿
＿＿＿＿＿＿＿＿＿＿
＿＿＿＿＿＿＿＿＿＿
＿＿＿＿＿＿＿＿＿＿
＿＿＿＿＿＿＿＿＿＿
＿＿＿＿＿＿＿＿＿＿
＿＿＿＿◆◆＿＿＿＿
◆＿＿◆□□◆＿＿＿
□＿◆□□□□■◆◆
□◆□□□□□□□□
□□□□＿＿□■□□
□□□■□□□□□□
□□□□□□□＿□□
□□□□□□□＿□＿
□□□＿□□□□□□
□□□＿□□□□□＿
00:21:27(38638f):field(38637f)
＿＿＿＿＿＿＿＿＿＿
＿＿＿＿＿＿＿＿＿＿
＿＿＿＿＿＿＿＿＿＿
＿＿＿＿＿＿＿＿＿＿
＿＿＿＿＿＿＿＿＿＿
＿＿＿＿＿＿＿＿＿＿
＿＿＿＿＿＿＿＿＿＿
＿＿＿＿＿＿＿＿＿＿
＿＿＿＿＿＿＿＿＿＿
＿＿＿＿＿＿＿＿＿＿
＿＿＿＿＿＿＿■＿＿
＿＿＿＿□□＿■■＿
□＿＿□□□□□■＿
□＿□□□□□□□□
□□□□＿＿□□□□
□□□◆□□□□□□
□□□□□□□＿□□
□□□□□□□＿□＿
□□□＿□□□□□□
□□□＿□□□□□＿
00:21:28(38651f):field(38650f)
＿＿＿＿＿＿＿＿＿＿
＿＿＿＿＿＿＿＿＿＿
＿＿＿＿＿＿＿＿＿＿
＿＿＿＿＿＿＿＿＿＿
＿＿＿＿＿＿＿＿＿＿
＿＿＿＿＿＿＿＿＿＿
＿＿＿＿＿＿＿＿＿＿
＿＿＿＿＿＿＿＿＿＿
＿＿＿＿＿＿＿＿＿＿
＿＿＿＿＿＿＿＿＿＿
＿＿＿＿＿＿＿◆＿＿
＿＿＿＿◆◆＿□◆＿
□＿■◆□□◆□□＿
□■□□□□□□□◆
□□□□＿＿□□□□
□□□＿□□□□□□
□□□□□□□＿□□
□□□□□□□＿□＿
□□□＿□□□□□□
□□□＿□□□□□＿
00:21:28(38662f):field(38661f)
＿＿＿＿＿＿＿＿＿＿
＿＿＿＿＿＿＿＿＿＿
＿＿＿＿＿＿＿＿＿＿
＿＿＿＿＿＿＿＿＿＿
＿＿＿＿＿＿＿＿＿＿
＿＿＿＿＿＿＿＿＿＿
＿＿＿＿＿＿＿＿＿＿
＿＿＿＿＿＿＿＿＿＿
＿＿＿＿＿＿＿＿＿＿
＿＿＿＿＿＿＿＿＿＿
＿＿＿＿＿＿＿＿＿＿
＿＿■■■＿＿□＿＿
◆＿□■□□＿□□＿
□□□□□□□□□＿
□□□□＿＿□□□□
□□□＿□□□□□□
□□□□□□□＿□□
□□□□□□□＿□＿
□□□＿□□□□□□
□□□＿□□□□□＿
00:21:29(38674f):field(38673f)
＿＿＿＿＿＿＿＿＿＿
＿＿＿＿＿＿＿＿＿＿
＿＿＿＿＿＿＿＿＿＿
＿＿＿＿＿＿＿＿＿＿
＿＿＿＿＿＿＿＿＿＿
＿＿＿＿＿＿＿＿＿＿
＿＿＿＿＿＿＿＿＿＿
＿＿＿＿＿＿＿＿＿＿
＿＿＿＿＿＿＿＿＿＿
＿＿＿＿＿＿＿＿＿＿
■＿＿＿＿＿＿＿＿＿
■＿□□□＿＿□＿＿
■■□□□□＿□□＿
□□□□□□□□□＿
□□□□＿＿□□□□
□□□＿□□□□□□
□□□□□□□＿□□
□□□□□□□＿□＿
□□□＿□□□□□□
□□□＿□□□□□＿
00:21:29(38684f):field(38683f)
＿＿＿＿＿＿＿＿＿＿
＿＿＿＿＿＿＿＿＿＿
＿＿＿＿＿＿＿＿＿＿
＿＿＿＿＿＿＿＿＿＿
＿＿＿＿＿＿＿＿＿＿
＿＿＿＿＿＿＿＿＿＿
＿＿＿＿＿＿＿＿＿＿
＿＿＿＿＿＿＿＿＿＿
＿＿＿＿＿＿＿＿＿＿
＿＿＿＿＿＿■＿＿＿
□＿＿＿＿＿■＿＿＿
□＿□□□＿■□＿＿
□□□□□□■□□＿
□□□□□□□□□＿
□□□□＿＿□□□□
□□□＿□□□□□□
□□□□□□□＿□□
□□□□□□□＿□＿
□□□＿□□□□□□
□□□＿□□□□□＿
00:21:29(38694f):field(38693f)
＿＿＿＿＿＿＿＿＿＿
＿＿＿＿＿＿＿＿＿＿
＿＿＿＿＿＿＿＿＿＿
＿＿＿＿＿＿＿＿＿＿
＿＿＿＿＿＿＿＿＿＿
＿＿＿＿＿＿＿＿＿＿
＿＿＿＿＿＿＿＿＿＿
＿＿＿＿＿＿＿＿＿＿
＿＿＿＿＿＿＿＿＿＿
＿＿＿＿＿＿□＿＿＿
□＿＿■■■□＿＿＿
□＿□□□■□□＿＿
□□□□□□□□□＿
□□□□□□□□□＿
□□□□＿＿□□□□
□□□＿□□□□□□
□□□□□□□＿□□
□□□□□□□＿□＿
□□□＿□□□□□□
□□□＿□□□□□＿
00:21:30(38705f):field(38704f)
＿＿＿＿＿＿＿＿＿＿
＿＿＿＿＿＿＿＿＿＿
＿＿＿＿＿＿＿＿＿＿
＿＿＿＿＿＿＿＿＿＿
＿＿＿＿＿＿＿＿＿＿
＿＿＿＿＿＿＿＿＿＿
＿＿＿＿＿＿＿＿＿＿
＿＿＿＿＿＿＿＿＿＿
＿＿＿＿＿■■＿＿＿
＿＿＿＿■■□＿＿＿
□＿＿□□□□＿＿＿
□＿□□□□□□＿＿
□□□□□□□□□＿
□□□□□□□□□＿
□□□□＿＿□□□□
□□□＿□□□□□□
□□□□□□□＿□□
□□□□□□□＿□＿
□□□＿□□□□□□
□□□＿□□□□□＿
00:21:30(38716f):field(38715f)
＿＿＿＿＿＿＿＿＿＿
＿＿＿＿＿＿＿＿＿＿
＿＿＿＿＿＿＿＿＿＿
＿＿＿＿＿＿＿＿＿＿
＿＿＿＿＿＿＿＿＿＿
＿＿＿＿＿＿＿＿＿＿
＿＿＿＿＿＿＿＿＿＿
＿＿＿＿＿＿＿＿＿＿
＿＿＿＿＿□□＿＿＿
＿■＿＿□□□＿＿＿
□■■□□□□＿＿＿
□■□□□□□□＿＿
□□□□□□□□□＿
□□□□□□□□□＿
□□□□＿＿□□□□
□□□＿□□□□□□
□□□□□□□＿□□
□□□□□□□＿□＿
□□□＿□□□□□□
□□□＿□□□□□＿
00:21:31(38732f):field(38731f)
＿＿＿＿＿＿＿＿＿＿
＿＿＿＿＿＿＿＿＿＿
＿＿＿＿＿＿＿＿＿＿
＿＿＿＿＿＿＿＿＿＿
＿＿＿＿＿＿＿＿＿＿
＿＿＿＿＿＿＿＿＿＿
＿＿＿＿＿＿＿＿＿＿
＿＿＿＿＿＿＿＿＿＿
＿＿＿＿＿◆◆＿＿＿
＿◆＿＿◆◆◆＿＿＿
□◆◆◆◆◆◆＿■＿
◆□◆◆□□□□＿■
□□□□□□□□□＿
□□□□□□□□□＿
□□□□■■□□□□
□□□＿□□□□□□
□□□□□□□＿□□
□□□□□□□＿□＿
□□□＿□□□□□□
□□□＿□□□□□＿
00:21:31(38742f):field(38741f)
＿＿＿＿＿＿＿＿＿＿
＿＿＿＿＿＿＿＿＿＿
＿＿＿＿＿＿＿＿＿＿
＿＿＿＿＿＿＿＿＿＿
＿＿＿＿＿＿＿＿＿＿
＿＿＿＿＿＿＿＿＿＿
＿＿＿＿＿＿＿＿＿＿
＿＿＿＿＿＿＿＿＿＿
＿＿＿＿＿＿＿＿＿＿
＿＿＿＿＿＿＿＿＿＿
◆＿＿＿■＿＿＿◆＿
＿◆＿■□□□◆＿◆
◆□◆□□□□□◆＿
□□□□□□□◆□＿
□□□□◆◆□□□□
□□□＿□□□□□□
□□□□□□□＿□□
□□□□□□□＿□＿
□□□＿□□□□□□
□□□＿□□□□□＿
00:21:31(38753f):field(38752f)
＿＿＿＿＿＿＿＿＿＿
＿＿＿＿＿＿＿＿＿＿
＿＿＿＿＿＿＿＿＿＿
＿＿＿＿＿＿＿＿＿＿
＿＿＿＿＿＿＿＿＿＿
＿＿＿＿＿＿＿＿＿＿
＿＿＿＿＿＿＿＿＿＿
＿＿＿＿＿＿＿＿＿＿
＿＿＿＿＿＿＿＿＿＿
＿＿＿＿＿＿＿＿＿＿
＿＿＿＿□＿＿＿＿■
＿＿＿□□□□＿＿■
＿□＿□□□□◆＿■
□□□□□□□＿◆■
□□□□＿＿□□□□
□□□＿□□□□□□
□□□□□□□＿□□
□□□□□□□＿□＿
□□□＿□□□□□□
□□□＿□□□□□＿
00:21:32(38768f):field(38767f)
＿＿＿＿＿＿＿＿＿＿
＿＿＿＿＿＿＿＿＿＿
＿＿＿＿＿＿＿＿＿＿
＿＿＿＿＿＿＿＿＿＿
＿＿＿＿＿＿＿＿＿＿
＿＿＿＿＿＿＿＿＿＿
＿＿＿＿＿＿＿＿＿＿
＿＿＿＿＿＿＿＿＿＿
＿＿＿＿＿＿＿＿＿＿
＿＿＿＿＿＿＿＿＿＿
＿＿＿＿◆＿＿＿＿◆
＿＿＿◆□◆◆＿＿□
■◆■□□□□＿＿□
◆□◆□□□□■■□
□□□□■＿□□□□
□□□＿□□□□□□
□□□□□□□＿□□
□□□□□□□＿□＿
□□□＿□□□□□□
□□□＿□□□□□＿
00:21:32(38778f):field(38777f)
＿＿＿＿＿＿＿＿＿＿
＿＿＿＿＿＿＿＿＿＿
＿＿＿＿＿＿＿＿＿＿
＿＿＿＿＿＿＿＿＿＿
＿＿＿＿＿＿＿＿＿＿
＿＿＿＿＿＿＿＿＿＿
＿＿＿＿＿＿＿＿＿＿
＿＿＿＿＿＿＿＿＿＿
＿＿＿＿＿＿＿＿＿＿
＿＿＿＿＿＿＿＿＿＿
＿＿＿＿＿＿＿＿＿＿
＿＿■■□＿＿＿＿□
◆＿□□□□□＿＿□
＿□■□□□□□□□
□□□□◆＿□□□□
□□□＿□□□□□□
□□□□□□□＿□□
□□□□□□□＿□＿
□□□＿□□□□□□
□□□＿□□□□□＿
00:21:32(38789f):field(38788f)
＿＿＿＿＿＿＿＿＿＿
＿＿＿＿＿＿＿＿＿＿
＿＿＿＿＿＿＿＿＿＿
＿＿＿＿＿＿＿＿＿＿
＿＿＿＿＿＿＿＿＿＿
＿＿＿＿＿＿＿＿＿＿
＿＿＿＿＿＿＿＿＿＿
＿＿＿＿＿＿＿＿＿＿
＿＿＿＿＿＿＿＿＿＿
＿＿＿＿■＿＿＿＿＿
＿＿■■■＿＿＿＿＿
＿＿□□□＿＿＿＿□
＿＿□□□□□＿＿□
＿□□□□□□□□□
□□□□＿＿□□□□
□□□＿□□□□□□
□□□□□□□＿□□
□□□□□□□＿□＿
□□□＿□□□□□□
□□□＿□□□□□＿
00:21:33(38802f):field(38801f)
＿＿＿＿＿＿＿＿＿＿
＿＿＿＿＿＿＿＿＿＿
＿＿＿＿＿＿＿＿＿＿
＿＿＿＿＿＿＿＿＿＿
＿＿＿＿＿＿＿＿＿＿
＿＿＿＿＿＿＿＿＿＿
＿＿＿＿＿＿＿＿＿＿
＿＿＿＿＿＿＿＿＿＿
＿＿＿＿＿＿＿＿＿＿
＿＿＿＿◆＿＿＿＿＿
＿＿◆◆□＿＿＿＿＿
＿＿□□□＿＿＿＿◆
■■□□□◆□■＿□
■□□□□□□◆◆□
□□□□■＿□□□□
□□□＿□□□□□□
□□□□□□□＿□□
□□□□□□□＿□＿
□□□＿□□□□□□
□□□＿□□□□□＿
00:21:33(38813f):field(38812f)
＿＿＿＿＿＿＿＿＿＿
＿＿＿＿＿＿＿＿＿＿
＿＿＿＿＿＿＿＿＿＿
＿＿＿＿＿＿＿＿＿＿
＿＿＿＿＿＿＿＿＿＿
＿＿＿＿＿＿＿＿＿＿
＿＿＿＿＿＿＿＿＿＿
＿＿＿＿＿＿＿＿＿＿
＿＿＿＿＿＿＿＿＿＿
＿＿＿■■＿＿＿＿＿
＿＿■■□＿＿＿＿＿
＿＿□□□＿＿＿＿＿
◆□□□□＿◆◆＿□
□□□□□□□＿＿□
□□□□◆＿□□□□
□□□＿□□□□□□
□□□□□□□＿□□
□□□□□□□＿□＿
□□□＿□□□□□□
□□□＿□□□□□＿
00:21:34(38829f):field(38828f)
＿＿＿＿＿＿＿＿＿＿
＿＿＿＿＿＿＿＿＿＿
＿＿＿＿＿＿＿＿＿＿
＿＿＿＿＿＿＿＿＿＿
＿＿＿＿＿＿＿＿＿＿
＿＿＿＿＿＿＿＿＿＿
＿＿＿＿＿＿＿＿＿＿
＿＿＿＿＿＿＿＿＿＿
＿＿＿＿＿＿＿＿＿＿
＿＿＿□□＿■＿＿＿
＿＿□□□＿■＿＿＿
＿＿□□□＿■＿＿＿
＿□□□□＿■＿＿□
□□□□□□□＿＿□
□□□□＿＿□□□□
□□□＿□□□□□□
□□□□□□□＿□□
□□□□□□□＿□＿
□□□＿□□□□□□
□□□＿□□□□□＿
00:21:34(38844f):field(38843f)
＿＿＿＿＿＿＿＿＿＿
＿＿＿＿＿＿＿＿＿＿
＿＿＿＿＿＿＿＿＿＿
＿＿＿＿＿＿＿＿＿＿
＿＿＿＿＿＿＿＿＿＿
＿＿＿＿＿＿＿＿＿＿
＿＿＿＿＿＿＿＿＿＿
＿＿＿＿＿＿＿＿＿＿
＿＿＿＿＿＿＿＿＿＿
＿＿＿◆◆＿◆＿＿＿
＿＿◆□□＿□＿＿＿
＿＿□□□＿□＿＿＿
＿◆□□□＿□＿＿◆
◆□□□□◆□■■□
□□□□＿＿□□□□
□□□■□□□□□□
□□□□□□□＿□□
□□□□□□□＿□＿
□□□＿□□□□□□
□□□＿□□□□□＿
00:21:35(38856f):field(38855f)
＿＿＿＿＿＿＿＿＿＿
＿＿＿＿＿＿＿＿＿＿
＿＿＿＿＿＿＿＿＿＿
＿＿＿＿＿＿＿＿＿＿
＿＿＿＿＿＿＿＿＿＿
＿＿＿＿＿＿＿＿＿＿
＿＿＿＿＿＿＿＿＿＿
＿＿＿＿＿＿＿＿＿＿
＿＿＿＿＿＿＿＿＿＿
＿＿■■■＿＿＿＿＿
＿＿■□□＿□＿＿＿
＿＿□□□＿□＿＿＿
＿＿□□□＿□＿＿＿
＿□□□□＿□□□□
□□□□＿＿□□□□
□□□◆□□□□□□
□□□□□□□＿□□
□□□□□□□＿□＿
□□□＿□□□□□□
□□□＿□□□□□＿
00:21:35(38868f):field(38867f)
＿＿＿＿＿＿＿＿＿＿
＿＿＿＿＿＿＿＿＿＿
＿＿＿＿＿＿＿＿＿＿
＿＿＿＿＿＿＿＿＿＿
＿＿＿＿＿＿＿＿＿＿
＿＿＿＿＿＿＿＿＿＿
＿＿＿＿＿＿＿＿＿＿
＿＿＿＿＿＿＿＿＿＿
＿＿＿＿＿＿＿＿＿＿
＿＿□□□＿＿＿＿＿
＿＿□□□＿□＿＿＿
＿■□□□＿□＿＿＿
■■□□□＿□＿＿＿
■□□□□＿□□□□
□□□□＿＿□□□□
□□□＿□□□□□□
□□□□□□□＿□□
□□□□□□□＿□＿
□□□＿□□□□□□
□□□＿□□□□□＿
00:21:36(38880f):field(38879f)
＿＿＿＿＿＿＿＿＿＿
＿＿＿＿＿＿＿＿＿＿
＿＿＿＿＿＿＿＿＿＿
＿＿＿＿＿＿＿＿＿＿
＿＿＿＿＿＿＿＿＿＿
＿＿＿＿＿＿＿＿＿＿
＿＿＿＿＿＿＿＿＿＿
＿＿＿＿＿＿＿＿＿＿
＿＿＿＿＿＿＿＿＿＿
＿＿□□□＿＿＿＿＿
＿＿□□□＿□＿＿＿
＿□□□□＿□■＿＿
□□□□□＿□■■■
□□□□□＿□□□□
□□□□＿＿□□□□
□□□＿□□□□□□
□□□□□□□＿□□
□□□□□□□＿□＿
□□□＿□□□□□□
□□□＿□□□□□＿
00:21:36(38892f):field(38891f)
＿＿＿＿＿＿＿＿＿＿
＿＿＿＿＿＿＿＿＿＿
＿＿＿＿＿＿＿＿＿＿
＿＿＿＿＿＿＿＿＿＿
＿＿＿＿＿＿＿＿＿＿
＿＿＿＿＿＿＿＿＿＿
＿＿＿＿＿＿＿＿＿＿
＿＿＿＿＿＿＿＿＿＿
＿＿＿＿＿＿＿＿＿＿
■＿□□□＿＿＿＿＿
■■□□□＿□＿＿＿
■□□□□＿□□＿＿
□□□□□＿□□□□
□□□□□＿□□□□
□□□□＿＿□□□□
□□□＿□□□□□□
□□□□□□□＿□□
□□□□□□□＿□＿
□□□＿□□□□□□
□□□＿□□□□□＿
00:21:36(38903f):field(38902f)
＿＿＿＿＿＿＿＿＿＿
＿＿＿＿＿＿＿＿＿＿
＿＿＿＿＿＿＿＿＿＿
＿＿＿＿＿＿＿＿＿＿
＿＿＿＿＿＿＿＿＿＿
＿＿＿＿＿＿＿＿＿＿
＿＿＿＿＿＿＿＿＿＿
■＿＿＿＿＿＿＿＿＿
■■＿＿＿＿＿＿＿＿
□■□□□＿＿＿＿＿
□□□□□＿□＿＿＿
□□□□□＿□□＿＿
□□□□□＿□□□□
□□□□□＿□□□□
□□□□＿＿□□□□
□□□＿□□□□□□
□□□□□□□＿□□
□□□□□□□＿□＿
□□□＿□□□□□□
□□□＿□□□□□＿
00:21:37(38914f):field(38913f)
＿＿＿＿＿＿＿＿＿＿
＿＿＿＿＿＿＿＿＿＿
＿＿＿＿＿＿＿＿＿＿
＿＿＿＿＿＿＿＿＿＿
＿＿＿＿＿＿＿＿＿＿
＿＿＿＿＿＿＿＿＿＿
＿＿＿＿＿＿＿＿＿＿
◆＿＿＿＿＿＿＿＿＿
◆◆＿＿＿＿＿＿＿＿
□◆◆◆◆＿＿＿＿＿
□□◆◆◆＿◆＿＿＿
□□□□□＿□◆■＿
□□□□□＿□□◆□
□□□□□■□□□◆
□□□□■■□□□□
□□□＿□□□□□□
□□□□□□□＿□□
□□□□□□□＿□＿
□□□＿□□□□□□
□□□＿□□□□□＿
00:21:37(38928f):field(38927f)
＿＿＿＿＿＿＿＿＿＿
＿＿＿＿＿＿＿＿＿＿
＿＿＿＿＿＿＿＿＿＿
＿＿＿＿＿＿＿＿＿＿
＿＿＿＿＿＿＿＿＿＿
＿＿＿＿＿＿＿＿＿＿
＿＿＿＿＿＿＿＿＿＿
＿＿＿＿＿＿＿＿＿＿
＿＿＿＿＿＿＿＿＿＿
◆＿＿＿＿＿＿＿＿＿
□◆＿＿＿＿＿＿＿＿
□□◆◆◆＿◆＿◆＿
□□□□□＿□□＿◆
□□□□□◆□◆□■
□□□□◆□□□□□
□□□＿□□□□□□
□□□□□□□＿□□
□□□□□□□＿□＿
□□□＿□□□□□□
□□□＿□□□□□＿
00:21:37(38938f):field(38937f)
＿＿＿＿＿＿＿＿＿＿
＿＿＿＿＿＿＿＿＿＿
＿＿＿＿＿＿＿＿＿＿
＿＿＿＿＿＿＿＿＿＿
＿＿＿＿＿＿＿＿＿＿
＿＿＿＿＿＿＿＿＿＿
＿＿＿＿＿＿＿＿＿＿
＿＿＿＿＿＿＿＿＿＿
＿＿＿＿＿＿＿＿＿＿
＿＿＿＿＿＿＿＿＿＿
□＿＿＿＿＿＿＿＿＿
□□＿＿＿＿＿＿＿＿
□□□□□＿◆□■■
□□□□□＿□■□□
□□□□＿□□□□□
□□□＿□□□□□□
□□□□□□□＿□□
□□□□□□□＿□＿
□□□＿□□□□□□
□□□＿□□□□□＿
00:21:38(38950f):field(38949f)
＿＿＿＿＿＿＿＿＿＿
＿＿＿＿＿＿＿＿＿＿
＿＿＿＿＿＿＿＿＿＿
＿＿＿＿＿＿＿＿＿＿
＿＿＿＿＿＿＿＿＿＿
＿＿＿＿＿＿＿＿＿＿
＿＿＿＿＿＿＿＿＿＿
＿＿＿＿＿＿＿＿＿＿
＿＿＿＿＿＿＿＿＿＿
＿＿＿＿＿＿＿＿＿＿
□＿＿＿＿＿＿＿＿＿
□□＿＿■■■＿＿＿
□□□□□＿■□□□
□□□□□＿□□□□
□□□□＿□□□□□
□□□＿□□□□□□
□□□□□□□＿□□
□□□□□□□＿□＿
□□□＿□□□□□□
□□□＿□□□□□＿
00:21:38(38964f):field(38963f)
＿＿＿＿＿＿＿＿＿＿
＿＿＿＿＿＿＿＿＿＿
＿＿＿＿＿＿＿＿＿＿
＿＿＿＿＿＿＿＿＿＿
＿＿＿＿＿＿＿＿＿＿
＿＿＿＿＿＿＿＿＿＿
＿＿＿＿＿＿＿＿＿＿
＿＿＿＿＿＿＿＿＿＿
＿＿＿＿＿＿＿＿＿＿
＿＿＿＿＿＿＿＿＿＿
□■■■＿＿＿＿＿＿
□□■＿□□□＿＿＿
□□□□□＿□□□□
□□□□□＿□□□□
□□□□＿□□□□□
□□□＿□□□□□□
□□□□□□□＿□□
□□□□□□□＿□＿
□□□＿□□□□□□
□□□＿□□□□□＿
00:21:39(38983f):field(38982f)
＿＿＿＿＿＿＿＿＿＿
＿＿＿＿＿＿＿＿＿＿
＿＿＿＿＿＿＿＿＿＿
＿＿＿＿＿＿＿＿＿＿
＿＿＿＿＿＿＿＿＿＿
＿＿＿＿＿＿＿＿＿＿
＿＿＿＿＿＿＿＿＿＿
＿＿＿＿＿＿＿＿＿＿
＿＿＿＿＿＿＿＿＿＿
＿＿＿＿＿＿■＿＿＿
□□□□＿＿■■＿＿
□□□＿□□□■＿＿
□□□□□＿□□□□
□□□□□＿□□□□
□□□□＿□□□□□
□□□＿□□□□□□
□□□□□□□＿□□
□□□□□□□＿□＿
□□□＿□□□□□□
□□□＿□□□□□＿
00:21:39(38993f):field(38992f)
＿＿＿＿＿＿＿＿＿＿
＿＿＿＿＿＿＿＿＿＿
＿＿＿＿＿＿＿＿＿＿
＿＿＿＿＿＿＿＿＿＿
＿＿＿＿＿＿＿＿＿＿
＿＿＿＿＿＿＿＿＿＿
＿＿＿＿＿＿＿＿＿＿
＿＿＿＿■＿＿＿＿＿
＿＿＿＿■＿＿＿＿＿
＿＿＿＿■＿□＿＿＿
□□□□■＿□□＿＿
□□□＿□□□□＿＿
□□□□□＿□□□□
□□□□□＿□□□□
□□□□＿□□□□□
□□□＿□□□□□□
□□□□□□□＿□□
□□□□□□□＿□＿
□□□＿□□□□□□
□□□＿□□□□□＿
00:21:40(39007f):field(39006f)
＿＿＿＿＿＿＿＿＿＿
＿＿＿＿＿＿＿＿＿＿
＿＿＿＿＿＿＿＿＿＿
＿＿＿＿＿＿＿＿＿＿
＿＿＿＿＿＿＿＿＿＿
＿＿＿＿＿＿＿＿＿＿
＿＿＿＿＿＿＿＿＿＿
■＿＿＿□＿＿＿＿＿
■＿＿＿□＿＿＿＿＿
■■＿＿□＿□＿＿＿
□□□□□＿□□＿＿
□□□＿□□□□＿＿
□□□□□＿□□□□
□□□□□＿□□□□
□□□□＿□□□□□
□□□＿□□□□□□
□□□□□□□＿□□
□□□□□□□＿□＿
□□□＿□□□□□□
□□□＿□□□□□＿
00:21:40(39017f):field(39016f)
＿＿＿＿＿＿＿＿＿＿
＿＿＿＿＿＿＿＿＿＿
＿＿＿＿＿＿＿＿＿＿
＿＿＿＿＿＿＿＿＿＿
＿＿＿＿＿＿＿＿＿＿
＿＿＿＿＿＿＿＿＿＿
＿＿＿＿＿＿＿＿＿＿
□＿＿＿□＿＿＿＿＿
□＿＿＿□＿＿＿＿＿
□□＿＿□＿□＿＿＿
□□□□□＿□□■■
□□□＿□□□□■■
□□□□□＿□□□□
□□□□□＿□□□□
□□□□＿□□□□□
□□□＿□□□□□□
□□□□□□□＿□□
□□□□□□□＿□＿
□□□＿□□□□□□
□□□＿□□□□□＿
00:21:41(39033f):field(39032f)
＿＿＿＿＿＿＿＿＿＿
＿＿＿＿＿＿＿＿＿＿
＿＿＿＿＿＿＿＿＿＿
＿＿＿＿＿＿＿＿＿＿
＿＿＿＿＿＿＿＿＿＿
＿＿＿＿＿＿＿＿＿＿
＿＿＿＿＿＿＿＿＿＿
□＿＿■□＿＿＿＿＿
□＿■■□＿＿＿＿＿
□□＿■□＿□＿＿＿
□□□□□＿□□□□
□□□＿□□□□□□
□□□□□＿□□□□
□□□□□＿□□□□
□□□□＿□□□□□
□□□＿□□□□□□
□□□□□□□＿□□
□□□□□□□＿□＿
□□□＿□□□□□□
□□□＿□□□□□＿
00:21:41(39046f):field(39045f)
＿＿＿＿＿＿＿＿＿＿
＿＿＿＿＿＿＿＿＿＿
＿＿＿＿＿＿＿＿＿＿
＿＿＿＿＿＿＿＿＿＿
＿＿＿＿＿＿＿＿＿＿
＿＿＿＿＿＿＿＿＿＿
＿＿＿＿＿＿＿＿＿＿
□＿＿□□＿＿＿＿＿
□＿□□□＿■■＿＿
□□＿□□＿□■■＿
□□□□□＿□□□□
□□□＿□□□□□□
□□□□□＿□□□□
□□□□□＿□□□□
□□□□＿□□□□□
□□□＿□□□□□□
□□□□□□□＿□□
□□□□□□□＿□＿
□□□＿□□□□□□
□□□＿□□□□□＿
00:21:41(39058f):field(39057f)
＿＿＿＿＿＿＿＿＿＿
＿＿＿＿＿＿＿＿＿＿
＿＿＿＿＿＿＿＿＿＿
＿＿＿＿＿＿＿＿＿＿
＿＿＿＿＿＿＿＿＿＿
＿＿＿＿＿＿＿＿＿＿
＿＿＿＿＿＿＿＿＿＿
◆＿＿◆◆＿＿＿＿＿
□＿◆□□■◆◆＿＿
□◆■□□■□□◆＿
□□◆□□■□□□□
□□□＿□□□□□□
□□□□□＿□□□□
□□□□□＿□□□□
□□□□＿□□□□□
□□□＿□□□□□□
□□□□□□□＿□□
□□□□□□□＿□＿
□□□＿□□□□□□
□□□＿□□□□□＿
00:21:42(39069f):field(39068f)
＿＿＿＿＿＿＿＿＿＿
＿＿＿＿＿＿＿＿＿＿
＿＿＿＿＿＿＿＿＿＿
＿＿＿＿＿＿＿＿＿＿
＿＿＿＿＿＿＿＿＿＿
＿＿＿＿＿＿＿＿＿＿
＿＿＿＿＿■＿＿＿＿
＿＿＿■■■＿＿＿＿
□＿＿□□□＿＿＿＿
□＿□□□□□□＿＿
□□＿□□□□□□◆
□□□＿□□□□□□
□□□□□＿□□□□
□□□□□＿□□□□
□□□□＿□□□□□
□□□＿□□□□□□
□□□□□□□＿□□
□□□□□□□＿□＿
□□□＿□□□□□□
□□□＿□□□□□＿
00:21:42(39083f):field(39082f)
＿＿＿＿＿＿＿＿＿＿
＿＿＿＿＿＿＿＿＿＿
＿＿＿＿＿＿＿＿＿＿
＿＿＿＿＿＿＿＿＿＿
＿＿＿＿＿＿＿＿＿＿
＿＿＿＿＿＿＿＿＿＿
＿＿＿＿＿□＿＿＿＿
＿＿＿□□□＿＿＿＿
□＿＿□□□■■■＿
□＿□□□□□□■＿
□□＿□□□□□□＿
□□□＿□□□□□□
□□□□□＿□□□□
□□□□□＿□□□□
□□□□＿□□□□□
□□□＿□□□□□□
□□□□□□□＿□□
□□□□□□□＿□＿
□□□＿□□□□□□
□□□＿□□□□□＿
00:21:43(39094f):field(39093f)
＿＿＿＿＿＿＿＿＿＿
＿＿＿＿＿＿＿＿＿＿
＿＿＿＿＿＿＿＿＿＿
＿＿＿＿＿＿＿＿＿＿
＿＿＿＿＿＿＿＿＿＿
＿＿＿＿＿＿＿＿＿＿
＿＿＿＿＿□＿＿＿＿
＿＿＿□□□＿＿＿■
□＿＿□□□□□□■
□＿□□□□□□□■
□□＿□□□□□□■
□□□＿□□□□□□
□□□□□＿□□□□
□□□□□＿□□□□
□□□□＿□□□□□
□□□＿□□□□□□
□□□□□□□＿□□
□□□□□□□＿□＿
□□□＿□□□□□□
□□□＿□□□□□＿
00:21:43(39107f):field(39106f)
＿＿＿＿＿＿＿＿＿＿
＿＿＿＿＿＿＿＿＿＿
＿＿＿＿＿＿＿＿＿＿
＿＿＿＿＿＿＿＿＿＿
＿＿＿＿＿＿＿＿＿＿
＿＿＿＿＿＿＿＿＿＿
＿＿＿＿＿◆＿＿＿＿
■＿■◆◆□■＿■◆
◆■＿□◆□□□◆◆
◆■□□□□□□□□
□□■□□□□□□□
□□□＿□□□□□□
□□□□□＿□□□□
□□□□□＿□□□□
□□□□＿□□□□□
□□□＿□□□□□□
□□□□□□□＿□□
□□□□□□□＿□＿
□□□＿□□□□□□
□□□＿□□□□□＿
00:21:43(39118f):field(39117f)
＿＿＿＿＿＿＿＿＿＿
＿＿＿＿＿＿＿＿＿＿
＿＿＿＿＿＿＿＿＿＿
＿＿＿＿＿＿＿＿＿＿
＿＿＿＿＿＿＿＿＿＿
＿＿＿＿＿＿＿＿＿＿
＿＿＿＿＿＿＿＿＿＿
◆＿◆＿■□◆＿◆＿
＿◆＿□■□◆◆＿＿
＿◆□□□□□◆◆□
□□◆□□□□□□□
□□□■□□□□□□
□□□□□＿□□□□
□□□□□＿□□□□
□□□□＿□□□□□
□□□＿□□□□□□
□□□□□□□＿□□
□□□□□□□＿□＿
□□□＿□□□□□□
□□□＿□□□□□＿
00:21:44(39129f):field(39128f)
＿＿＿＿＿＿＿＿＿＿
＿＿＿＿＿＿＿＿＿＿
＿＿＿＿＿＿＿＿＿＿
＿＿＿＿＿＿＿＿＿＿
＿＿＿＿＿＿＿＿＿＿
＿＿＿＿＿＿＿＿＿＿
＿＿＿＿＿＿＿＿＿＿
＿＿＿＿□□＿＿＿＿
＿＿＿□□□＿＿■＿
＿＿□□□□□■■□
□□＿□□□□□□□
□□□◆□□□□□□
□□□□□＿□□□□
□□□□□＿□□□□
□□□□＿□□□□□
□□□＿□□□□□□
□□□□□□□＿□□
□□□□□□□＿□＿
□□□＿□□□□□□
□□□＿□□□□□＿
00:21:44(39143f):field(39142f)
＿＿＿＿＿＿＿＿＿＿
＿＿＿＿＿＿＿＿＿＿
＿＿＿＿＿＿＿＿＿＿
＿＿＿＿＿＿＿＿＿＿
＿＿＿＿＿＿＿＿＿＿
＿＿＿＿＿＿＿＿＿＿
＿＿＿＿＿＿＿＿＿＿
＿＿＿＿◆◆＿＿＿＿
＿＿■□□□＿■◆＿
■■◆□□□◆◆□◆
□□＿□□□□□□□
□□□＿□□□□□□
□□□□□＿□□□□
□□□□□＿□□□□
□□□□＿□□□□□
□□□＿□□□□□□
□□□□□□□＿□□
□□□□□□□＿□＿
□□□＿□□□□□□
□□□＿□□□□□＿
00:21:45(39154f):field(39153f)
＿＿＿＿＿＿＿＿＿＿
＿＿＿＿＿＿＿＿＿＿
＿＿＿＿＿＿＿＿＿＿
＿＿＿＿＿＿＿＿＿＿
＿＿＿＿＿＿＿＿＿＿
＿＿＿＿＿＿＿＿＿＿
＿＿＿＿＿＿＿＿＿＿
＿＿＿＿＿＿＿＿＿＿
＿＿□◆◆◆＿◆＿＿
◆□■◆□□＿＿◆■
□□■□□□□◆□◆
□□□＿□□□□□□
□□□□□＿□□□□
□□□□□＿□□□□
□□□□＿□□□□□
□□□＿□□□□□□
□□□□□□□＿□□
□□□□□□□＿□＿
□□□＿□□□□□□
□□□＿□□□□□＿
00:21:45(39165f):field(39164f)
＿＿＿＿＿＿＿＿＿＿
＿＿＿＿＿＿＿＿＿＿
＿＿＿＿＿＿＿＿＿＿
＿＿＿＿＿＿＿＿＿＿
＿＿＿＿＿＿＿＿＿＿
＿＿＿＿＿＿＿＿＿＿
＿＿＿＿＿＿＿＿＿＿
■＿＿■＿＿＿＿＿＿
＿＿□■■＿＿＿＿＿
＿◆□■□□＿＿＿◆
□□□□□□◆■□＿
□□□＿□□□□□□
□□□□□＿□□□□
□□□□□＿□□□□
□□□□＿□□□□□
□□□＿□□□□□□
□□□□□□□＿□□
□□□□□□□＿□＿
□□□＿□□□□□□
□□□＿□□□□□＿
00:21:45(39178f):field(39177f)
＿＿＿＿＿＿＿＿＿＿
＿＿＿＿＿＿＿＿＿＿
＿＿＿＿＿＿＿＿＿＿
＿＿＿＿＿＿＿＿＿＿
＿＿＿＿＿＿＿＿＿＿
＿＿＿＿＿＿＿＿＿＿
＿＿＿＿＿＿＿＿＿＿
◆＿＿□＿＿＿＿＿＿
＿＿□□□＿＿＿＿＿
＿＿□□□□＿■■■
□□□□□□＿◆□■
□□□＿□□□□□□
□□□□□＿□□□□
□□□□□＿□□□□
□□□□＿□□□□□
□□□＿□□□□□□
□□□□□□□＿□□
□□□□□□□＿□＿
□□□＿□□□□□□
□□□＿□□□□□＿
00:21:46(39190f):field(39189f)
＿＿＿＿＿＿＿＿＿＿
＿＿＿＿＿＿＿＿＿＿
＿＿＿＿＿＿＿＿＿＿
＿＿＿＿＿＿＿＿＿＿
＿＿＿＿＿＿＿＿＿＿
＿＿＿＿＿＿＿＿＿＿
＿＿＿＿＿＿＿＿＿＿
■＿＿□＿＿＿＿＿＿
■＿□□□＿＿＿＿＿
■■□□□□＿□□□
□□□□□□＿＿□□
□□□＿□□□□□□
□□□□□＿□□□□
□□□□□＿□□□□
□□□□＿□□□□□
□□□＿□□□□□□
□□□□□□□＿□□
□□□□□□□＿□＿
□□□＿□□□□□□
□□□＿□□□□□＿
00:21:46(39201f):field(39200f)
＿＿＿＿＿＿＿＿＿＿
＿＿＿＿＿＿＿＿＿＿
＿＿＿＿＿＿＿＿＿＿
＿＿＿＿＿＿＿＿＿＿
＿＿＿＿＿＿＿＿＿＿
＿＿＿＿＿＿＿＿＿＿
＿＿＿＿＿＿＿＿＿＿
□＿＿□＿＿＿＿■■
□＿□□□＿＿＿■■
□□□□□□＿□□□
□□□□□□＿＿□□
□□□＿□□□□□□
□□□□□＿□□□□
□□□□□＿□□□□
□□□□＿□□□□□
□□□＿□□□□□□
□□□□□□□＿□□
□□□□□□□＿□＿
□□□＿□□□□□□
□□□＿□□□□□＿
00:21:47(39213f):field(39212f)
＿＿＿＿＿＿＿＿＿＿
＿＿＿＿＿＿＿＿＿＿
＿＿＿＿＿＿＿＿＿＿
＿＿＿＿＿＿＿＿＿＿
＿＿＿＿＿＿＿＿＿＿
＿＿＿＿＿＿＿＿＿＿
＿＿＿＿＿＿＿＿＿＿
◆＿＿◆＿＿＿＿◆◆
□＿□□◆■■■□□
□◆□□□◆■◆□□
□□□□□□■＿□□
□□□＿□□□□□□
□□□□□＿□□□□
□□□□□＿□□□□
□□□□＿□□□□□
□□□＿□□□□□□
□□□□□□□＿□□
□□□□□□□＿□＿
□□□＿□□□□□□
□□□＿□□□□□＿
00:21:47(39226f):field(39225f)
＿＿＿＿＿＿＿＿＿＿
＿＿＿＿＿＿＿＿＿＿
＿＿＿＿＿＿＿＿＿＿
＿＿＿＿＿＿＿＿＿＿
＿＿＿＿＿＿＿＿＿＿
＿＿＿＿＿＿＿＿＿＿
＿＿＿＿＿＿＿＿＿＿
＿＿＿＿＿■＿＿＿＿
□＿◆□■□□◆□□
□＿□□□■□＿□□
□□□□□□□＿□□
□□□＿□□□□□□
□□□□□＿□□□□
□□□□□＿□□□□
□□□□＿□□□□□
□□□＿□□□□□□
□□□□□□□＿□□
□□□□□□□＿□＿
□□□＿□□□□□□
□□□＿□□□□□＿
00:21:47(39235f):field(39234f)
＿＿＿＿＿＿＿＿＿＿
＿＿＿＿＿＿＿＿＿＿
＿＿＿＿＿＿＿＿＿＿
＿＿＿＿＿＿＿＿＿＿
＿＿＿＿＿＿＿＿＿＿
＿＿＿＿＿＿＿＿＿＿
＿＿＿＿＿＿＿＿＿＿
＿＿■＿＿□＿＿＿＿
□■■□□□□＿□□
□■□□□□□＿□□
□□□□□□□＿□□
□□□＿□□□□□□
□□□□□＿□□□□
□□□□□＿□□□□
□□□□＿□□□□□
□□□＿□□□□□□
□□□□□□□＿□□
□□□□□□□＿□＿
□□□＿□□□□□□
□□□＿□□□□□＿
00:21:48(39247f):field(39246f)
＿＿＿＿＿＿＿＿＿＿
＿＿＿＿＿＿＿＿＿＿
＿＿＿＿＿＿＿＿＿＿
＿＿＿＿＿＿＿＿＿＿
＿＿＿＿＿＿＿＿＿＿
＿＿＿■＿＿＿＿＿＿
＿＿＿■＿＿＿＿＿＿
＿＿□■■□＿＿＿＿
□□□□□□□＿□□
□□□□□□□＿□□
□□□□□□□＿□□
□□□＿□□□□□□
□□□□□＿□□□□
□□□□□＿□□□□
□□□□＿□□□□□
□□□＿□□□□□□
□□□□□□□＿□□
□□□□□□□＿□＿
□□□＿□□□□□□
□□□＿□□□□□＿
00:21:48(39257f):field(39256f)
＿＿＿＿＿＿＿＿＿＿
＿＿＿＿＿＿＿＿＿＿
＿＿＿＿＿＿＿＿＿＿
＿＿＿＿＿＿＿＿＿＿
＿＿＿＿＿＿＿＿＿＿
＿＿＿□＿＿＿＿＿＿
＿■■□＿＿＿＿＿＿
■■□□□□＿＿＿＿
□□□□□□□＿□□
□□□□□□□＿□□
□□□□□□□＿□□
□□□＿□□□□□□
□□□□□＿□□□□
□□□□□＿□□□□
□□□□＿□□□□□
□□□＿□□□□□□
□□□□□□□＿□□
□□□□□□□＿□＿
□□□＿□□□□□□
□□□＿□□□□□＿
00:21:48(39268f):field(39267f)
＿＿＿＿＿＿＿＿＿＿
＿＿＿＿＿＿＿＿＿＿
＿＿＿＿＿＿＿＿＿＿
＿＿＿＿＿＿＿＿＿＿
＿＿＿＿＿＿＿＿＿＿
＿＿＿□■■＿＿＿＿
＿□□□■■＿＿＿＿
□□□□□□＿＿＿＿
□□□□□□□＿□□
□□□□□□□＿□□
□□□□□□□＿□□
□□□＿□□□□□□
□□□□□＿□□□□
□□□□□＿□□□□
□□□□＿□□□□□
□□□＿□□□□□□
□□□□□□□＿□□
□□□□□□□＿□＿
□□□＿□□□□□□
□□□＿□□□□□＿
00:21:49(39280f):field(39279f)
＿＿＿＿＿＿＿＿＿＿
＿＿＿＿＿＿＿＿＿＿
＿＿＿＿＿＿＿＿＿＿
＿＿＿＿＿＿＿＿＿＿
＿＿＿＿＿＿＿＿＿＿
＿＿＿◆◆◆＿＿＿＿
＿◆◆◆◆◆＿＿＿＿
◆◆◆◆◆□■＿＿＿
◆□◆□□□□＿◆□
◆□□□□□□■◆◆
□□□□□□□■□◆
□□□＿□□□□□□
□□□□□■□□□□
□□□□□＿□□□□
□□□□＿□□□□□
□□□＿□□□□□□
□□□□□□□＿□□
□□□□□□□＿□＿
□□□＿□□□□□□
□□□＿□□□□□＿
00:21:50(39304f):field(39303f)
＿＿＿＿＿＿＿＿＿＿
＿＿＿＿＿＿＿＿＿＿
＿＿＿＿＿＿＿＿＿＿
＿＿＿＿＿＿＿＿＿＿
＿＿＿＿＿＿＿＿＿＿
＿＿＿＿＿＿＿＿＿＿
＿＿＿＿＿＿＿＿＿＿
＿＿＿＿＿◆◆＿＿＿
＿◆＿◆◆◆◆＿＿◆
＿◆□□□□□◆＿■
◆□□□□□□□◆■
□□□■□□□□□□
□□□□□◆□□□□
□□□□□＿□□□□
□□□□＿□□□□□
□□□＿□□□□□□
□□□□□□□＿□□
□□□□□□□＿□＿
□□□＿□□□□□□
□□□＿□□□□□＿
00:21:50(39315f):field(39314f)
＿＿＿＿＿＿＿＿＿＿
＿＿＿＿＿＿＿＿＿＿
＿＿＿＿＿＿＿＿＿＿
＿＿＿＿＿＿＿＿＿＿
＿＿＿＿＿＿＿＿＿＿
＿＿＿＿＿＿＿＿＿＿
＿＿＿＿＿＿＿＿＿＿
＿＿＿＿＿＿＿＿＿＿
＿＿＿＿＿＿＿＿■＿
＿＿◆□□□□■■□
＿□□□□□□□■□
□□□◆□□□□□□
□□□□□＿□□□□
□□□□□＿□□□□
□□□□＿□□□□□
□□□＿□□□□□□
□□□□□□□＿□□
□□□□□□□＿□＿
□□□＿□□□□□□
□□□＿□□□□□＿
00:21:50(39328f):field(39327f)
＿＿＿＿＿＿＿＿＿＿
＿＿＿＿＿＿＿＿＿＿
＿＿＿＿＿＿＿＿＿＿
＿＿＿＿＿＿＿＿＿＿
＿＿＿＿＿＿＿＿＿＿
＿＿＿＿＿＿＿＿＿＿
＿＿＿＿＿＿＿＿＿＿
＿＿＿＿＿＿＿＿＿＿
＿＿＿＿＿＿＿＿◆＿
＿■＿◆□◆◆◆□◆
■□◆□□□□□□□
□□□＿□□□□□□
□□□□□■□□□□
□□□□□＿□□□□
□□□□＿□□□□□
□□□＿□□□□□□
□□□□□□□＿□□
□□□□□□□＿□＿
□□□＿□□□□□□
□□□＿□□□□□＿
00:21:51(39340f):field(39339f)
＿＿＿＿＿＿＿＿＿＿
＿＿＿＿＿＿＿＿＿＿
＿＿＿＿＿＿＿＿＿＿
＿＿＿＿＿＿＿＿＿＿
＿＿＿＿＿＿＿＿＿＿
＿＿＿＿＿＿＿＿＿＿
＿＿＿＿＿＿＿＿＿＿
＿＿＿＿＿＿＿＿＿＿
＿＿■＿＿＿＿＿＿＿
＿◆■＿◆＿＿＿◆＿
◆□■□□□◆◆□◆
□□□＿□□□□□□
□□□□□◆□□□□
□□□□□＿□□□□
□□□□＿□□□□□
□□□＿□□□□□□
□□□□□□□＿□□
□□□□□□□＿□＿
□□□＿□□□□□□
□□□＿□□□□□＿
00:21:51(39351f):field(39350f)
＿＿＿＿＿＿＿＿＿＿
＿＿＿＿＿＿＿＿＿＿
＿＿＿＿＿＿＿＿＿＿
＿＿＿＿＿＿＿＿＿＿
＿＿＿＿＿＿＿＿＿＿
＿＿＿＿＿＿＿＿＿＿
＿＿＿＿＿＿＿＿＿＿
＿＿＿＿＿＿＿＿＿＿
＿＿◆＿＿＿＿＿＿＿
＿＿□＿＿＿＿＿＿＿
＿□□□□□＿■◆＿
◆□□■◆□◆◆□◆
□□□□□■□□□□
□□□□□＿□□□□
□□□□＿□□□□□
□□□＿□□□□□□
□□□□□□□＿□□
□□□□□□□＿□＿
□□□＿□□□□□□
□□□＿□□□□□＿
00:21:52(39363f):field(39362f)
＿＿＿＿＿＿＿＿＿＿
＿＿＿＿＿＿＿＿＿＿
＿＿＿＿＿＿＿＿＿＿
＿＿＿＿＿＿＿＿＿＿
＿＿＿＿＿＿＿＿＿＿
＿＿＿＿＿＿＿＿＿＿
＿＿＿＿＿＿＿＿＿＿
＿＿＿＿＿＿＿＿＿＿
＿＿＿■■■＿＿＿＿
＿＿□■■＿＿＿＿＿
＿◆□□□◆＿◆＿＿
＿□□□■◆＿＿□＿
□□□□□◆□□□□
□□□□□＿□□□□
□□□□＿□□□□□
□□□＿□□□□□□
□□□□□□□＿□□
□□□□□□□＿□＿
□□□＿□□□□□□
□□□＿□□□□□＿
00:21:52(39379f):field(39378f)
＿＿＿＿＿＿＿＿＿＿
＿＿＿＿＿＿＿＿＿＿
＿＿＿＿＿＿＿＿＿＿
＿＿＿＿＿＿＿＿＿＿
＿＿＿＿＿＿＿＿＿＿
＿＿＿＿＿＿＿＿＿＿
＿＿＿＿＿＿＿＿＿＿
＿＿＿＿＿＿＿＿＿＿
＿＿＿□□◆＿＿＿＿
＿＿□□□＿＿＿＿＿
＿＿□□□■■＿＿＿
＿□□□□■＿＿□＿
□□□□□＿□□□□
□□□□□＿□□□□
□□□□＿□□□□□
□□□＿□□□□□□
□□□□□□□＿□□
□□□□□□□＿□＿
□□□＿□□□□□□
□□□＿□□□□□＿
00:21:53(39391f):field(39390f)
＿＿＿＿＿＿＿＿＿＿
＿＿＿＿＿＿＿＿＿＿
＿＿＿＿＿＿＿＿＿＿
＿＿＿＿＿＿＿＿＿＿
＿＿＿＿＿＿＿＿＿＿
＿＿＿＿＿＿＿＿＿＿
＿＿＿＿＿＿＿＿＿＿
＿＿＿＿＿＿＿＿＿＿
＿＿＿□□＿＿＿＿＿
■＿□□□＿＿＿＿＿
■■□□□□□＿＿＿
■□□□□□＿＿□＿
□□□□□＿□□□□
□□□□□＿□□□□
□□□□＿□□□□□
□□□＿□□□□□□
□□□□□□□＿□□
□□□□□□□＿□＿
□□□＿□□□□□□
□□□＿□□□□□＿
00:21:53(39402f):field(39401f)
＿＿＿＿＿＿＿＿＿＿
＿＿＿＿＿＿＿＿＿＿
＿＿＿＿＿＿＿＿＿＿
＿＿＿＿＿＿＿＿＿＿
＿＿＿＿＿＿＿＿＿＿
＿＿＿＿＿＿＿＿＿＿
＿＿＿＿＿＿＿＿＿＿
＿＿＿＿＿＿＿＿＿＿
＿＿＿□□＿＿＿＿＿
□＿□□□＿■■■■
□□□□□□□＿＿＿
□□□□□□＿＿□＿
□□□□□＿□□□□
□□□□□＿□□□□
□□□□＿□□□□□
□□□＿□□□□□□
□□□□□□□＿□□
□□□□□□□＿□＿
□□□＿□□□□□□
□□□＿□□□□□＿
00:21:53(39414f):field(39413f)
＿＿＿＿＿＿＿＿＿＿
＿＿＿＿＿＿＿＿＿＿
＿＿＿＿＿＿＿＿＿＿
＿＿＿＿＿＿＿＿＿＿
＿＿＿＿＿＿＿＿＿＿
＿＿＿＿＿＿＿＿＿＿
＿＿＿＿＿＿＿＿＿＿
＿＿■＿＿＿＿＿＿＿
＿■■□□＿＿＿＿＿
□■□□□＿□□□□
□□□□□□□＿＿＿
□□□□□□＿＿□＿
□□□□□＿□□□□
□□□□□＿□□□□
□□□□＿□□□□□
□□□＿□□□□□□
□□□□□□□＿□□
□□□□□□□＿□＿
□□□＿□□□□□□
□□□＿□□□□□＿
00:21:54(39424f):field(39423f)
＿＿＿＿＿＿＿＿＿＿
＿＿＿＿＿＿＿＿＿＿
＿＿＿＿＿＿＿＿＿＿
＿＿＿＿＿＿＿＿＿＿
＿＿＿＿＿＿＿＿＿＿
＿＿＿＿＿＿＿＿＿＿
＿＿＿■■＿＿＿＿＿
＿＿□■■＿＿＿＿＿
＿□□□□＿＿＿＿＿
□□□□□＿□□□□
□□□□□□□＿＿＿
□□□□□□＿＿□＿
□□□□□＿□□□□
□□□□□＿□□□□
□□□□＿□□□□□
□□□＿□□□□□□
□□□□□□□＿□□
□□□□□□□＿□＿
□□□＿□□□□□□
□□□＿□□□□□＿
00:21:54(39439f):field(39438f)
＿＿＿＿＿＿＿＿＿＿
＿＿＿＿＿＿＿＿＿＿
＿＿＿＿＿＿＿＿＿＿
＿＿＿＿＿＿＿＿＿＿
＿＿＿＿＿＿＿＿＿＿
＿＿＿＿＿＿＿＿＿＿
＿＿＿□□＿＿＿■＿
＿＿□□□＿＿＿■■
＿□□□□＿＿＿＿■
□□□□□＿□□□□
□□□□□□□＿＿＿
□□□□□□＿＿□＿
□□□□□＿□□□□
□□□□□＿□□□□
□□□□＿□□□□□
□□□＿□□□□□□
□□□□□□□＿□□
□□□□□□□＿□＿
□□□＿□□□□□□
□□□＿□□□□□＿
00:21:55(39450f):field(39449f)
＿＿＿＿＿＿＿＿＿＿
＿＿＿＿＿＿＿＿＿＿
＿＿＿＿＿＿＿＿＿＿
＿＿＿＿＿＿＿＿＿＿
＿＿＿＿＿＿＿＿＿＿
＿＿＿＿＿＿＿＿＿＿
＿＿＿□□＿＿■□＿
＿＿□□□＿＿■□□
＿□□□□＿＿■■□
□□□□□＿□□□□
□□□□□□□＿＿＿
□□□□□□＿＿□＿
□□□□□＿□□□□
□□□□□＿□□□□
□□□□＿□□□□□
□□□＿□□□□□□
□□□□□□□＿□□
□□□□□□□＿□＿
□□□＿□□□□□□
□□□＿□□□□□＿
00:21:55(39461f):field(39460f)
＿＿＿＿＿＿＿＿＿＿
＿＿＿＿＿＿＿＿＿＿
＿＿＿＿＿＿＿＿＿＿
＿＿＿＿＿＿＿＿＿＿
＿＿＿＿＿＿＿＿＿＿
＿＿＿＿＿＿＿＿＿＿
＿＿＿◆◆＿＿◆◆＿
＿＿◆□□■＿□□◆
＿◆□□□■＿□□□
◆□□□□■□□□□
□□□□□□□＿■＿
□□□□□□＿＿□＿
□□□□□＿□□□□
□□□□□＿□□□□
□□□□＿□□□□□
□□□＿□□□□□□
□□□□□□□＿□□
□□□□□□□＿□＿
□□□＿□□□□□□
□□□＿□□□□□＿
00:21:55(39471f):field(39470f)
＿＿＿＿＿＿＿＿＿＿
＿＿＿＿＿＿＿＿＿＿
＿＿＿＿＿＿＿＿＿＿
＿＿＿＿＿＿＿＿＿＿
＿＿＿＿＿＿＿＿＿＿
＿＿＿＿＿＿＿＿＿＿
＿＿■■■＿＿＿＿＿
＿＿■□□□＿□□＿
＿＿□□□□＿□□□
＿□□□□□◆□□□
□□□□□□□＿◆＿
□□□□□□＿＿□＿
□□□□□＿□□□□
□□□□□＿□□□□
□□□□＿□□□□□
□□□＿□□□□□□
□□□□□□□＿□□
□□□□□□□＿□＿
□□□＿□□□□□□
□□□＿□□□□□＿
00:21:56(39483f):field(39482f)
＿＿＿＿＿＿＿＿＿＿
＿＿＿＿＿＿＿＿＿＿
＿＿＿＿＿＿＿＿＿＿
＿＿＿＿＿＿＿＿＿＿
＿＿＿＿＿＿＿＿＿■
＿＿＿＿＿＿＿＿＿■
＿＿□□□＿＿＿■■
＿＿□□□□＿□□＿
＿＿□□□□＿□□□
＿□□□□□＿□□□
□□□□□□□＿＿＿
□□□□□□＿＿□＿
□□□□□＿□□□□
□□□□□＿□□□□
□□□□＿□□□□□
□□□＿□□□□□□
□□□□□□□＿□□
□□□□□□□＿□＿
□□□＿□□□□□□
□□□＿□□□□□＿
00:21:56(39487f):field(39486f)
＿＿＿＿＿＿＿＿＿＿
＿＿＿＿＿＿＿＿＿＿
＿＿＿＿＿＿＿＿＿＿
＿＿＿＿＿＿＿＿＿＿
＿＿＿■■＿＿＿＿□
＿＿＿＿■■＿＿＿□
＿＿□□□＿＿＿□□
＿＿□□□□＿□□＿
＿＿□□□□＿□□□
＿□□□□□＿□□□
□□□□□□□＿＿＿
□□□□□□＿＿□＿
□□□□□＿□□□□
□□□□□＿□□□□
□□□□＿□□□□□
□□□＿□□□□□□
□□□□□□□＿□□
□□□□□□□＿□＿
□□□＿□□□□□□
□□□＿□□□□□＿
00:21:56(39496f):field(39495f)
＿＿＿＿＿＿＿＿＿＿
＿＿＿＿＿＿＿＿＿＿
＿＿＿＿＿＿＿＿＿＿
＿＿＿＿＿＿＿＿＿＿
＿＿＿□□＿＿＿＿□
＿＿＿＿□□＿＿＿□
■＿□□□＿＿＿□□
■■□□□□＿□□＿
＿■□□□□＿□□□
＿□□□□□＿□□□
□□□□□□□＿＿＿
□□□□□□＿＿□＿
□□□□□＿□□□□
□□□□□＿□□□□
□□□□＿□□□□□
□□□＿□□□□□□
□□□□□□□＿□□
□□□□□□□＿□＿
□□□＿□□□□□□
□□□＿□□□□□＿
00:21:57(39513f):field(39512f)
＿＿＿＿＿＿＿＿＿＿
＿＿＿＿＿＿＿＿＿＿
＿＿＿＿＿＿＿＿＿＿
＿＿＿＿＿＿＿＿＿＿
＿＿＿□□＿＿＿＿□
＿＿＿＿□□■■■□
□＿□□□＿＿■□□
□□□□□□＿□□＿
＿□□□□□＿□□□
＿□□□□□＿□□□
□□□□□□□＿＿＿
□□□□□□＿＿□＿
□□□□□＿□□□□
□□□□□＿□□□□
□□□□＿□□□□□
□□□＿□□□□□□
□□□□□□□＿□□
□□□□□□□＿□＿
□□□＿□□□□□□
□□□＿□□□□□＿
00:21:57(39523f):field(39522f)
＿＿＿＿＿＿＿＿＿＿
＿＿＿＿＿＿＿＿■＿
＿＿＿＿＿＿＿＿■＿
＿＿＿＿＿＿＿＿■＿
＿＿＿□□＿＿＿■□
＿＿＿＿□□□□□□
□＿□□□＿＿□□□
□□□□□□＿□□＿
＿□□□□□＿□□□
＿□□□□□＿□□□
□□□□□□□＿＿＿
□□□□□□＿＿□＿
□□□□□＿□□□□
□□□□□＿□□□□
□□□□＿□□□□□
□□□＿□□□□□□
□□□□□□□＿□□
□□□□□□□＿□＿
□□□＿□□□□□□
□□□＿□□□□□＿
00:21:57(39535f):field(39534f)
＿＿＿＿＿＿＿＿＿＿
＿＿■■＿＿＿＿□＿
＿＿＿■＿＿＿＿□＿
＿＿＿■＿＿＿＿□＿
＿＿＿□□＿＿＿□□
＿＿＿＿□□□□□□
□＿□□□＿＿□□□
□□□□□□＿□□＿
＿□□□□□＿□□□
＿□□□□□＿□□□
□□□□□□□＿＿＿
□□□□□□＿＿□＿
□□□□□＿□□□□
□□□□□＿□□□□
□□□□＿□□□□□
□□□＿□□□□□□
□□□□□□□＿□□
□□□□□□□＿□＿
□□□＿□□□□□□
□□□＿□□□□□＿
00:21:58(39547f):field(39546f)
＿＿＿＿＿＿＿＿＿＿
＿＿□□＿＿＿＿□＿
＿＿＿□＿＿＿＿□＿
＿＿＿□＿＿■■□＿
＿＿＿□□＿■■□□
＿＿＿＿□□□□□□
□＿□□□＿＿□□□
□□□□□□＿□□＿
＿□□□□□＿□□□
＿□□□□□＿□□□
□□□□□□□＿＿＿
□□□□□□＿＿□＿
□□□□□＿□□□□
□□□□□＿□□□□
□□□□＿□□□□□
□□□＿□□□□□□
□□□□□□□＿□□
□□□□□□□＿□＿
□□□＿□□□□□□
□□□＿□□□□□＿
00:21:58(39558f):field(39557f)
＿＿＿＿＿＿＿■＿＿
＿＿□□＿＿■■□＿
＿＿＿□＿＿■＿□＿
＿＿＿□＿＿□□□＿
＿＿＿□□＿□□□□
＿＿＿＿□□□□□□
□＿□□□＿＿□□□
□□□□□□＿□□＿
＿□□□□□＿□□□
＿□□□□□＿□□□
□□□□□□□＿＿＿
□□□□□□＿＿□＿
□□□□□＿□□□□
□□□□□＿□□□□
□□□□＿□□□□□
□□□＿□□□□□□
□□□□□□□＿□□
□□□□□□□＿□＿
□□□＿□□□□□□
□□□＿□□□□□＿
00:22:01(39646f):game end
