00:00:24(731f):game start
00:00:26(790f):field(789f)
＿＿＿＿＿＿＿＿＿＿
＿＿＿＿＿＿＿＿＿＿
＿＿＿＿＿＿＿＿＿＿
＿＿＿＿＿＿＿＿＿＿
＿＿＿＿＿＿＿＿＿＿
＿＿＿＿＿＿＿＿＿＿
＿＿＿＿＿＿＿＿＿＿
＿＿＿＿＿＿＿＿＿＿
＿＿＿＿＿＿＿＿＿＿
＿＿＿＿＿＿＿＿＿＿
＿＿＿＿＿＿＿＿＿＿
＿＿＿＿＿＿＿＿＿＿
＿＿＿＿＿＿＿＿＿＿
＿＿＿＿＿＿＿＿＿＿
＿＿＿＿＿＿＿＿＿＿
＿＿＿＿＿＿＿＿＿＿
＿＿＿＿＿＿＿＿＿＿
＿＿＿＿＿＿＿＿＿＿
＿■＿＿＿＿＿＿＿＿
■■■＿＿＿＿＿＿＿
00:00:26(803f):field(802f)
＿＿＿＿＿＿＿＿＿＿
＿＿＿＿＿＿＿＿＿＿
＿＿＿＿＿＿＿＿＿＿
＿＿＿＿＿＿＿＿＿＿
＿＿＿＿＿＿＿＿＿＿
＿＿＿＿＿＿＿＿＿＿
＿＿＿＿＿＿＿＿＿＿
＿＿＿＿＿＿＿＿＿＿
＿＿＿＿＿＿＿＿＿＿
＿＿＿＿＿＿＿＿＿＿
＿＿＿＿＿＿＿＿＿＿
＿＿＿＿＿＿＿＿＿＿
＿＿＿＿＿＿＿＿＿＿
＿＿＿＿＿＿＿＿＿＿
＿＿＿＿＿＿＿＿＿＿
＿＿＿＿＿＿＿＿＿＿
＿＿＿＿＿＿＿＿＿＿
＿＿＿＿＿＿＿＿＿＿
＿□＿＿＿■＿＿＿＿
□□□■■■＿＿＿＿
00:00:27(818f):field(817f)
＿＿＿＿＿＿＿＿＿＿
＿＿＿＿＿＿＿＿＿＿
＿＿＿＿＿＿＿＿＿＿
＿＿＿＿＿＿＿＿＿＿
＿＿＿＿＿＿＿＿＿＿
＿＿＿＿＿＿＿＿＿＿
＿＿＿＿＿＿＿＿＿＿
＿＿＿＿＿＿＿＿＿＿
＿＿＿＿＿＿＿＿＿＿
＿＿＿＿＿＿＿＿＿＿
＿＿＿＿＿＿＿＿＿＿
＿＿＿＿＿＿＿＿＿＿
＿＿＿＿＿＿＿＿＿＿
＿＿＿＿＿＿＿＿＿＿
＿＿＿＿＿＿＿＿＿＿
＿＿＿＿＿＿＿＿＿＿
＿＿＿＿＿＿＿＿＿＿
＿＿＿＿＿＿＿＿＿＿
＿□＿＿＿□＿■■＿
□□□□□□＿■■＿
00:00:27(830f):field(829f)
＿＿＿＿＿＿＿＿＿＿
＿＿＿＿＿＿＿＿＿＿
＿＿＿＿＿＿＿＿＿＿
＿＿＿＿＿＿＿＿＿＿
＿＿＿＿＿＿＿＿＿＿
＿＿＿＿＿＿＿＿＿＿
＿＿＿＿＿＿＿＿＿＿
＿＿＿＿＿＿＿＿＿＿
＿＿＿＿＿＿＿＿＿＿
＿＿＿＿＿＿＿＿＿＿
＿＿＿＿＿＿＿＿＿＿
＿＿＿＿＿＿＿＿＿＿
＿＿＿＿＿＿＿＿＿＿
＿＿＿＿＿＿＿＿＿＿
＿＿＿＿＿＿＿＿＿＿
＿＿＿＿＿＿＿＿＿＿
＿＿＿＿＿＿■＿＿＿
＿＿＿＿＿＿■＿＿＿
＿□＿＿＿□■□□＿
□□□□□□■□□＿
00:00:28(842f):field(841f)
＿＿＿＿＿＿＿＿＿＿
＿＿＿＿＿＿＿＿＿＿
＿＿＿＿＿＿＿＿＿＿
＿＿＿＿＿＿＿＿＿＿
＿＿＿＿＿＿＿＿＿＿
＿＿＿＿＿＿＿＿＿＿
＿＿＿＿＿＿＿＿＿＿
＿＿＿＿＿＿＿＿＿＿
＿＿＿＿＿＿＿＿＿＿
＿＿＿＿＿＿＿＿＿＿
＿＿＿＿＿＿＿＿＿＿
＿＿＿＿＿＿＿＿＿＿
＿＿＿＿＿＿＿＿＿＿
＿＿＿＿＿＿＿＿＿＿
＿＿＿＿＿＿＿＿＿＿
＿＿＿＿＿＿＿＿＿＿
＿＿＿＿＿＿□＿＿＿
＿＿■＿＿＿□＿＿＿
＿□■■■□□□□＿
□□□□□□□□□＿
00:00:28(855f):field(854f)
＿＿＿＿＿＿＿＿＿＿
＿＿＿＿＿＿＿＿＿＿
＿＿＿＿＿＿＿＿＿＿
＿＿＿＿＿＿＿＿＿＿
＿＿＿＿＿＿＿＿＿＿
＿＿＿＿＿＿＿＿＿＿
＿＿＿＿＿＿＿＿＿＿
＿＿＿＿＿＿＿＿＿＿
＿＿＿＿＿＿＿＿＿＿
＿＿＿＿＿＿＿＿＿＿
＿＿＿＿＿＿＿＿＿＿
＿＿＿＿＿＿＿＿＿＿
＿＿＿＿＿＿＿＿＿＿
＿＿＿＿＿＿＿＿＿＿
＿＿＿＿＿＿＿＿＿＿
＿＿＿＿＿＿＿＿＿＿
＿＿＿＿■＿□＿＿＿
＿＿□■■■□＿＿＿
＿□□□□□□□□＿
□□□□□□□□□＿
00:00:28(867f):field(866f)
＿＿＿＿＿＿＿＿＿＿
＿＿＿＿＿＿＿＿＿＿
＿＿＿＿＿＿＿＿＿＿
＿＿＿＿＿＿＿＿＿＿
＿＿＿＿＿＿＿＿＿＿
＿＿＿＿＿＿＿＿＿＿
＿＿＿＿＿＿＿＿＿＿
＿＿＿＿＿＿＿＿＿＿
＿＿＿＿＿＿＿＿＿＿
＿＿＿＿＿＿＿＿＿＿
＿＿＿＿＿＿＿＿＿＿
＿＿＿＿＿＿＿＿＿＿
＿＿＿＿＿＿＿＿＿＿
＿＿＿＿＿＿＿＿＿＿
＿＿＿＿＿＿＿＿＿＿
＿＿＿■■＿＿＿＿＿
＿＿■■□＿□＿＿＿
＿＿□□□□□＿＿＿
＿□□□□□□□□＿
□□□□□□□□□＿
00:00:29(881f):field(880f)
＿＿＿＿＿＿＿＿＿＿
＿＿＿＿＿＿＿＿＿＿
＿＿＿＿＿＿＿＿＿＿
＿＿＿＿＿＿＿＿＿＿
＿＿＿＿＿＿＿＿＿＿
＿＿＿＿＿＿＿＿＿＿
＿＿＿＿＿＿＿＿＿＿
＿＿＿＿＿＿＿＿＿＿
＿＿＿＿＿＿＿＿＿＿
＿＿＿＿＿＿＿＿＿＿
＿＿＿＿＿＿＿＿＿＿
＿＿＿＿＿＿＿＿＿＿
＿＿＿■■＿＿＿＿＿
＿＿＿＿■■＿＿＿＿
＿＿＿＿■■＿＿＿＿
＿＿＿□□■＿＿＿＿
＿＿□□□■□＿＿＿
＿＿□□□□□＿＿＿
＿□□□□□□□□＿
□□□□□□□□□＿
00:00:29(895f):field(894f)
＿＿＿＿＿＿＿＿＿＿
＿＿＿＿＿＿＿＿＿＿
＿＿＿＿＿＿＿＿＿＿
＿＿＿＿＿＿＿＿＿＿
＿＿＿＿＿＿＿＿＿＿
＿＿＿＿＿＿＿＿＿＿
＿＿＿＿＿＿＿＿＿＿
＿＿＿＿＿＿＿＿＿＿
＿＿＿＿＿＿＿＿＿＿
＿＿＿＿＿＿＿＿＿＿
＿＿＿＿＿＿＿＿＿＿
＿＿＿＿＿＿＿＿＿＿
＿＿＿◆◆＿＿＿＿＿
＿＿＿＿◆◆＿＿＿＿
＿＿＿＿□□＿＿＿＿
＿＿＿□□□＿＿＿＿
＿■□□□□□＿＿＿
■■□□□□□＿＿＿
■□□□□□□□□＿
□□□□□□□□□＿
00:00:30(910f):field(909f)
＿＿＿＿＿＿＿＿＿＿
＿＿＿＿＿＿＿＿＿＿
＿＿＿＿＿＿＿＿＿＿
＿＿＿＿＿＿＿＿＿＿
＿＿＿＿＿＿＿＿＿＿
＿＿＿＿＿＿＿＿＿＿
＿＿＿＿＿＿＿＿＿＿
＿＿＿＿＿＿＿＿＿＿
＿＿＿＿＿＿＿＿＿＿
＿＿＿＿＿＿＿＿＿＿
＿＿＿＿＿＿＿＿＿＿
＿＿＿＿＿＿＿＿＿＿
＿＿＿＿＿＿＿＿＿＿
＿＿＿＿＿＿＿＿＿＿
＿＿＿＿□□＿＿＿＿
＿＿＿□□□＿＿■＿
＿□□□□□□＿■＿
□□□□□□□■■＿
□□□□□□□□□＿
□□□□□□□□□＿
00:00:30(923f):field(922f)
＿＿＿＿＿＿＿＿＿＿
＿＿＿＿＿＿＿＿＿＿
＿＿＿＿＿＿＿＿＿＿
＿＿＿＿＿＿＿＿＿＿
＿＿＿＿＿＿＿＿＿＿
＿＿＿＿＿＿＿＿＿＿
＿＿＿＿＿＿＿＿＿＿
＿＿＿＿＿＿＿＿＿＿
＿＿＿＿＿＿＿＿＿＿
＿＿＿＿＿＿＿＿＿＿
＿＿＿＿＿＿＿＿＿＿
＿＿＿＿＿＿＿＿＿＿
＿＿＿＿＿＿＿＿＿＿
＿＿＿＿＿＿＿＿＿＿
■＿＿＿□□＿＿＿＿
■■＿□□□＿＿□＿
■□□□□□□＿□＿
□□□□□□□□□＿
□□□□□□□□□＿
□□□□□□□□□＿
00:00:31(935f):field(934f)
＿＿＿＿＿＿＿＿＿＿
＿＿＿＿＿＿＿＿＿＿
＿＿＿＿＿＿＿＿＿＿
＿＿＿＿＿＿＿＿＿＿
＿＿＿＿＿＿＿＿＿＿
＿＿＿＿＿＿＿＿＿＿
＿＿＿＿＿＿＿＿＿＿
＿＿＿＿＿＿＿＿＿＿
＿＿＿＿＿＿＿＿＿＿
＿＿＿＿＿＿＿＿＿＿
＿＿＿＿＿＿＿＿＿＿
＿＿＿＿＿＿＿＿＿＿
＿＿＿＿＿＿＿＿＿＿
＿＿＿＿＿＿＿■＿＿
□＿＿＿□□＿■＿＿
□□＿□□□＿■□＿
□□□□□□□■□＿
□□□□□□□□□＿
□□□□□□□□□＿
□□□□□□□□□＿
00:00:31(949f):field(948f)
＿＿＿＿＿＿＿＿＿＿
＿＿＿＿＿＿＿＿＿＿
＿＿＿＿＿＿＿＿＿＿
＿＿＿＿＿＿＿＿＿＿
＿＿＿＿＿＿＿＿＿＿
＿＿＿＿＿＿＿＿＿＿
＿＿＿＿＿＿＿＿＿＿
＿＿＿＿＿＿＿＿＿＿
＿＿＿＿＿＿＿＿＿＿
＿＿＿＿＿＿＿＿＿＿
＿＿＿＿＿＿＿＿＿＿
＿＿＿＿＿＿＿＿＿＿
＿＿＿＿■■＿＿＿＿
＿＿＿＿■■＿□＿＿
□＿＿＿□□＿□＿＿
□□＿□□□＿□□＿
□□□□□□□□□＿
□□□□□□□□□＿
□□□□□□□□□＿
□□□□□□□□□＿
00:00:32(971f):field(970f)
＿＿＿＿＿＿＿＿＿＿
＿＿＿＿＿＿＿＿＿＿
＿＿＿＿＿＿＿＿＿＿
＿＿＿＿＿＿＿＿＿＿
＿＿＿＿＿＿＿＿＿＿
＿＿＿＿＿＿＿＿＿＿
＿＿＿＿＿＿＿＿＿＿
＿＿＿＿＿＿＿＿＿＿
＿＿＿＿＿＿＿＿＿＿
＿＿＿＿＿＿＿＿＿＿
＿＿＿＿＿＿＿＿＿＿
＿＿＿＿＿＿＿＿＿＿
＿＿＿＿◆◆＿＿＿＿
＿＿＿＿□□＿◆＿＿
◆＿＿＿□□＿□＿＿
□◆＿◆□□＿□□■
□□◆□□□◆□□■
□□□□□□□□□＿
□□□□□□□□□＿
□□□□□□□□□＿
00:00:32(982f):field(981f)
＿＿＿＿＿＿＿＿＿＿
＿＿＿＿＿＿＿＿＿＿
＿＿＿＿＿＿＿＿＿＿
＿＿＿＿＿＿＿＿＿＿
＿＿＿＿＿＿＿＿＿＿
＿＿＿＿＿＿＿＿＿＿
＿＿＿＿＿＿＿＿＿＿
＿＿＿＿＿＿＿＿＿＿
＿＿＿＿＿＿＿＿＿＿
＿＿＿＿＿＿＿＿＿＿
＿＿＿＿＿＿＿＿＿＿
＿＿＿＿＿＿＿＿＿＿
＿＿＿＿＿＿＿＿＿＿
＿＿＿＿□□＿＿＿＿
＿＿＿■□□＿□＿＿
□＿■■□□＿□□□
□□■□□□＿□□□
□□□□□□□□□＿
□□□□□□□□□＿
□□□□□□□□□＿
00:00:33(998f):field(997f)
＿＿＿＿＿＿＿＿＿＿
＿＿＿＿＿＿＿＿＿＿
＿＿＿＿＿＿＿＿＿＿
＿＿＿＿＿＿＿＿＿＿
＿＿＿＿＿＿＿＿＿＿
＿＿＿＿＿＿＿＿＿＿
＿＿＿＿＿＿＿＿＿＿
＿＿＿＿＿＿＿＿＿＿
＿＿＿＿＿＿＿＿＿＿
＿＿＿＿＿＿＿＿＿＿
＿＿＿＿＿＿＿＿＿＿
＿＿＿＿＿＿＿＿＿＿
＿＿＿＿＿＿＿＿＿＿
＿＿＿＿□□＿＿＿＿
■■■□□□＿□＿＿
□■□□□□＿□□□
□□□□□□＿□□□
□□□□□□□□□＿
□□□□□□□□□＿
□□□□□□□□□＿
00:00:33(1010f):field(1009f)
＿＿＿＿＿＿＿＿＿＿
＿＿＿＿＿＿＿＿＿＿
＿＿＿＿＿＿＿＿＿＿
＿＿＿＿＿＿＿＿＿＿
＿＿＿＿＿＿＿＿＿＿
＿＿＿＿＿＿＿＿＿＿
＿＿＿＿＿＿＿＿＿＿
＿＿＿＿＿＿＿＿＿＿
＿＿＿＿＿＿＿＿＿＿
＿＿＿＿＿＿＿＿＿＿
＿＿＿＿＿＿＿＿＿＿
＿＿＿＿＿＿＿＿＿＿
＿＿＿■■＿＿＿＿＿
＿＿■■□□＿＿＿＿
□□□□□□＿□＿＿
□□□□□□＿□□□
□□□□□□＿□□□
□□□□□□□□□＿
□□□□□□□□□＿
□□□□□□□□□＿
00:00:34(1026f):field(1025f)
＿＿＿＿＿＿＿＿＿＿
＿＿＿＿＿＿＿＿＿＿
＿＿＿＿＿＿＿＿＿＿
＿＿＿＿＿＿＿＿＿＿
＿＿＿＿＿＿＿＿＿＿
＿＿＿＿＿＿＿＿＿＿
＿＿＿＿＿＿＿＿＿＿
＿＿＿＿＿＿＿＿＿＿
＿＿＿＿＿＿＿＿＿＿
＿＿＿＿＿＿＿＿＿＿
＿＿＿＿＿＿＿＿＿＿
＿＿＿＿＿＿＿＿＿＿
＿＿＿◆◆＿＿＿＿＿
＿＿◆◆◆◆＿＿＿＿
◆◆◆□□◆＿◆＿＿
◆◆□□□□■◆◆□
□□□□□□■□◆◆
□□□□□□□□□＿
□□□□□□□□□＿
□□□□□□□□□＿
00:00:34(1039f):field(1038f)
＿＿＿＿＿＿＿＿＿＿
＿＿＿＿＿＿＿＿＿＿
＿＿＿＿＿＿＿＿＿＿
＿＿＿＿＿＿＿＿＿＿
＿＿＿＿＿＿＿＿＿＿
＿＿＿＿＿＿＿＿＿＿
＿＿＿＿＿＿＿＿＿＿
＿＿＿＿＿＿＿＿＿＿
＿＿＿＿＿＿＿＿＿＿
＿＿＿＿＿＿＿＿＿＿
＿＿＿＿＿＿＿＿＿＿
＿＿＿＿＿＿＿＿＿＿
＿＿＿＿＿＿＿＿＿＿
＿＿＿■■■＿＿＿＿
＿＿＿□□■＿＿＿＿
＿＿□□□□□＿＿◆
□□□□□□□□＿＿
□□□□□□□□□＿
□□□□□□□□□＿
□□□□□□□□□＿
00:00:35(1051f):field(1050f)
＿＿＿＿＿＿＿＿＿＿
＿＿＿＿＿＿＿＿＿＿
＿＿＿＿＿＿＿＿＿＿
＿＿＿＿＿＿＿＿＿＿
＿＿＿＿＿＿＿＿＿＿
＿＿＿＿＿＿＿＿＿＿
＿＿＿＿＿＿＿＿＿＿
＿＿＿＿＿＿＿＿＿＿
＿＿＿＿＿＿＿＿＿＿
＿＿＿＿＿＿＿＿＿＿
＿＿＿＿＿＿＿＿＿＿
＿＿＿＿＿＿＿＿＿＿
＿＿＿＿＿＿＿＿＿＿
＿＿＿□□□＿＿＿＿
■■＿□□□＿＿＿＿
■■□□□□□＿＿＿
□□□□□□□□＿＿
□□□□□□□□□＿
□□□□□□□□□＿
□□□□□□□□□＿
00:00:35(1068f):field(1067f)
＿＿＿＿＿＿＿＿＿＿
＿＿＿＿＿＿＿＿＿＿
＿＿＿＿＿＿＿＿＿＿
＿＿＿＿＿＿＿＿＿＿
＿＿＿＿＿＿＿＿＿＿
＿＿＿＿＿＿＿＿＿＿
＿＿＿＿＿＿＿＿＿＿
＿＿＿＿＿＿＿＿＿＿
＿＿＿＿＿＿＿＿＿＿
＿＿＿＿＿＿＿＿＿＿
＿＿＿＿＿＿＿＿＿＿
＿＿＿＿＿＿＿＿＿＿
＿＿＿＿＿＿＿＿＿＿
＿＿＿◆◆◆＿＿＿＿
◆◆＿◆◆◆＿＿＿＿
◆◆◆◆◆◆□＿＿＿
◆◆□□□□◆◆■＿
□□◆□□□□◆◆■
□□□□□□□◆□＿
□□□□□□□□□＿
00:00:36(1080f):field(1079f)
＿＿＿＿＿＿＿＿＿＿
＿＿＿＿＿＿＿＿＿＿
＿＿＿＿＿＿＿＿＿＿
＿＿＿＿＿＿＿＿＿＿
＿＿＿＿＿＿＿＿＿＿
＿＿＿＿＿＿＿＿＿＿
＿＿＿＿＿＿＿＿＿＿
＿＿＿＿＿＿＿＿＿＿
＿＿＿＿＿＿＿＿＿＿
＿＿＿＿＿＿＿＿＿＿
＿＿＿＿＿＿＿＿＿＿
＿＿＿＿＿＿＿＿＿＿
＿＿＿＿＿＿＿＿＿＿
＿＿＿＿＿＿＿＿＿＿
＿＿＿＿＿＿＿＿＿＿
＿＿■＿＿＿◆＿＿＿
＿■□□□□＿＿◆＿
□□■□□□◆＿＿◆
□□□□□□□＿◆＿
□□□□□□□□□＿
00:00:36(1098f):field(1097f)
＿＿＿＿＿＿＿＿＿＿
＿＿＿＿＿＿＿＿＿＿
＿＿＿＿＿＿＿＿＿＿
＿＿＿＿＿＿＿＿＿＿
＿＿＿＿＿＿＿＿＿＿
＿＿＿＿＿＿＿＿＿＿
＿＿＿＿＿＿＿＿＿＿
＿＿＿＿＿＿＿＿＿＿
＿＿＿＿＿＿＿＿＿＿
＿＿＿＿＿＿＿＿＿＿
＿＿＿＿＿＿＿＿＿＿
＿＿＿＿＿＿＿＿＿＿
＿＿＿＿＿＿＿＿＿＿
＿＿＿＿＿＿＿＿＿＿
＿＿＿＿＿＿＿＿＿＿
＿＿◆＿＿＿＿＿＿＿
＿◆□◆◆◆＿＿＿＿
◆□□□□□＿＿＿＿
□□□□□□□＿■＿
□□□□□□□□□＿
00:00:37(1111f):field(1110f)
＿＿＿＿＿＿＿＿＿＿
＿＿＿＿＿＿＿＿＿＿
＿＿＿＿＿＿＿＿＿＿
＿＿＿＿＿＿＿＿＿＿
＿＿＿＿＿＿＿＿＿＿
＿＿＿＿＿＿＿＿＿＿
＿＿＿＿＿＿＿＿＿＿
＿＿＿＿＿＿＿＿＿＿
＿＿＿＿＿＿＿＿＿＿
＿＿＿＿＿＿＿＿＿＿
＿＿＿＿＿＿＿＿＿＿
＿＿＿＿＿＿＿＿＿＿
＿＿＿＿＿＿＿＿＿＿
＿＿＿＿＿＿＿＿＿＿
＿＿＿＿＿＿＿＿＿＿
＿＿■■＿＿＿＿＿＿
＿＿□■■＿＿＿＿＿
＿□□□□□＿＿＿＿
□□□□□□□＿◆＿
□□□□□□□□□＿
00:00:37(1125f):field(1124f)
＿＿＿＿＿＿＿＿＿＿
＿＿＿＿＿＿＿＿＿＿
＿＿＿＿＿＿＿＿＿＿
＿＿＿＿＿＿＿＿＿＿
＿＿＿＿＿＿＿＿＿＿
＿＿＿＿＿＿＿＿＿＿
＿＿＿＿＿＿＿＿＿＿
＿＿＿＿＿＿＿＿＿＿
＿＿＿＿＿＿＿＿＿＿
＿＿＿＿＿＿＿＿＿＿
＿＿＿＿＿＿＿＿＿＿
＿＿＿＿＿＿＿＿＿＿
＿＿＿＿＿＿＿＿＿＿
＿＿＿＿＿＿＿＿＿＿
＿＿＿＿＿＿＿＿＿＿
＿＿□□＿＿＿＿＿＿
＿＿□□□＿＿＿＿＿
＿□□□□□＿■■＿
□□□□□□□■■＿
□□□□□□□□□＿
00:00:37(1138f):field(1137f)
＿＿＿＿＿＿＿＿＿＿
＿＿＿＿＿＿＿＿＿＿
＿＿＿＿＿＿＿＿＿＿
＿＿＿＿＿＿＿＿＿＿
＿＿＿＿＿＿＿＿＿＿
＿＿＿＿＿＿＿＿＿＿
＿＿＿＿＿＿＿＿＿＿
＿＿＿＿＿＿＿＿＿＿
＿＿＿＿＿＿＿＿＿＿
＿＿＿＿＿＿＿＿＿＿
＿＿＿＿＿＿＿＿＿＿
＿＿＿＿＿＿＿＿＿＿
＿＿＿＿＿＿＿＿＿＿
＿＿＿＿＿＿＿＿＿＿
＿＿＿＿＿＿＿＿＿＿
＿＿□□＿■＿＿＿＿
＿＿□□□■■＿＿＿
＿□□□□□■□□＿
□□□□□□□□□＿
□□□□□□□□□＿
00:00:38(1151f):field(1150f)
＿＿＿＿＿＿＿＿＿＿
＿＿＿＿＿＿＿＿＿＿
＿＿＿＿＿＿＿＿＿＿
＿＿＿＿＿＿＿＿＿＿
＿＿＿＿＿＿＿＿＿＿
＿＿＿＿＿＿＿＿＿＿
＿＿＿＿＿＿＿＿＿＿
＿＿＿＿＿＿＿＿＿＿
＿＿＿＿＿＿＿＿＿＿
＿＿＿＿＿＿＿＿＿＿
＿＿＿＿＿＿＿＿＿＿
＿＿＿＿＿＿＿＿＿＿
＿＿＿＿＿＿＿＿＿＿
＿＿＿＿＿＿＿＿＿＿
＿＿＿＿■■■＿＿＿
＿＿□□■□＿＿＿＿
＿＿□□□□□＿＿＿
＿□□□□□□□□＿
□□□□□□□□□＿
□□□□□□□□□＿
00:00:38(1165f):field(1164f)
＿＿＿＿＿＿＿＿＿＿
＿＿＿＿＿＿＿＿＿＿
＿＿＿＿＿＿＿＿＿＿
＿＿＿＿＿＿＿＿＿＿
＿＿＿＿＿＿＿＿＿＿
＿＿＿＿＿＿＿＿＿＿
＿＿＿＿＿＿＿＿＿＿
＿＿＿＿＿＿＿＿＿＿
＿＿＿＿＿＿＿＿＿＿
＿＿＿＿＿＿＿＿＿＿
＿＿＿＿■＿＿＿＿＿
＿＿＿＿■＿＿＿＿＿
＿＿＿＿■＿＿＿＿＿
＿＿＿＿■＿＿＿＿＿
＿＿＿＿□□□＿＿＿
＿＿□□□□＿＿＿＿
＿＿□□□□□＿＿＿
＿□□□□□□□□＿
□□□□□□□□□＿
□□□□□□□□□＿
00:00:39(1177f):field(1176f)
＿＿＿＿＿＿＿＿＿＿
＿＿＿＿＿＿＿＿＿＿
＿＿＿＿＿＿＿＿＿＿
＿＿＿＿＿＿＿＿＿＿
＿＿＿＿＿＿＿＿＿＿
＿＿＿＿＿＿＿＿＿＿
＿＿＿＿＿＿＿＿＿＿
＿＿＿＿＿＿＿＿＿＿
＿＿＿＿＿＿＿＿＿＿
＿＿＿＿＿＿＿＿＿＿
＿＿＿＿□＿＿＿＿＿
＿＿＿＿□＿＿＿＿＿
＿＿＿■□＿＿＿＿＿
＿＿＿■□＿＿＿＿＿
＿＿■■□□□＿＿＿
＿＿□□□□＿＿＿＿
＿＿□□□□□＿＿＿
＿□□□□□□□□＿
□□□□□□□□□＿
□□□□□□□□□＿
00:00:39(1191f):field(1190f)
＿＿＿＿＿＿＿＿＿＿
＿＿＿＿＿＿＿＿＿＿
＿＿＿＿＿＿＿＿＿＿
＿＿＿＿＿＿＿＿＿＿
＿＿＿＿＿＿＿＿＿＿
＿＿＿＿＿＿＿＿＿＿
＿＿＿＿＿＿＿＿＿＿
＿＿＿＿＿＿＿＿＿＿
＿＿＿＿＿＿＿＿＿＿
＿＿＿＿＿＿＿＿＿＿
＿＿＿＿□＿＿＿＿＿
＿＿＿＿□＿＿＿＿＿
＿＿＿□□■■＿＿＿
＿＿＿□□■■＿＿＿
＿＿□□□□□＿＿＿
＿＿□□□□＿＿＿＿
＿＿□□□□□＿＿＿
＿□□□□□□□□＿
□□□□□□□□□＿
□□□□□□□□□＿
00:00:40(1204f):field(1203f)
＿＿＿＿＿＿＿＿＿＿
＿＿＿＿＿＿＿＿＿＿
＿＿＿＿＿＿＿＿＿＿
＿＿＿＿＿＿＿＿＿＿
＿＿＿＿＿＿＿＿＿＿
＿＿＿＿＿＿＿＿＿＿
＿＿＿＿＿＿＿＿＿＿
＿＿＿＿＿＿＿＿＿＿
＿＿＿＿＿＿＿＿＿＿
＿＿＿＿＿＿＿＿＿＿
＿＿＿＿□＿＿＿＿＿
＿＿＿＿□＿＿＿＿＿
＿＿＿□□□□＿＿＿
＿＿＿□□□□＿＿＿
＿＿□□□□□＿＿＿
■＿□□□□＿＿＿＿
■■□□□□□＿＿＿
■□□□□□□□□＿
□□□□□□□□□＿
□□□□□□□□□＿
00:00:40(1217f):field(1216f)
＿＿＿＿＿＿＿＿＿＿
＿＿＿＿＿＿＿＿＿＿
＿＿＿＿＿＿＿＿＿＿
＿＿＿＿＿＿＿＿＿＿
＿＿＿＿＿＿＿＿＿＿
＿＿＿＿＿＿＿＿＿＿
＿＿＿＿＿＿＿＿＿＿
＿＿＿＿＿＿＿＿＿＿
＿＿＿＿＿＿＿＿＿＿
＿＿＿＿＿＿＿＿＿＿
＿＿＿＿□＿＿＿＿＿
＿＿＿＿□＿＿＿＿＿
＿＿＿□□□□＿＿＿
■＿＿□□□□＿＿＿
■■□□□□□＿＿＿
□■□□□□＿＿＿＿
□□□□□□□＿＿＿
□□□□□□□□□＿
□□□□□□□□□＿
□□□□□□□□□＿
00:00:41(1233f):field(1232f)
＿＿＿＿＿＿＿＿＿＿
＿＿＿＿＿＿＿＿＿＿
＿＿＿＿＿＿＿＿＿＿
＿＿＿＿＿＿＿＿＿＿
＿＿＿＿＿＿＿＿＿＿
＿＿＿＿＿＿＿＿＿＿
＿＿＿＿＿＿＿＿＿＿
＿＿＿＿＿＿＿＿＿＿
＿＿＿＿＿＿＿＿＿＿
＿＿＿＿＿＿＿＿＿＿
＿＿＿＿□＿＿＿＿＿
＿＿＿＿□＿＿＿＿＿
＿＿＿□□□□＿＿＿
□＿＿□□□□＿＿＿
□□□□□□□＿＿＿
□□□□□□■■＿＿
□□□□□□□■■＿
□□□□□□□□□＿
□□□□□□□□□＿
□□□□□□□□□＿
00:00:41(1249f):field(1248f)
＿＿＿＿＿＿＿＿＿＿
＿＿＿＿＿＿＿＿＿＿
＿＿＿＿＿＿＿＿＿＿
＿＿＿＿＿＿＿＿＿＿
＿＿＿＿＿＿＿＿＿＿
＿＿＿＿＿＿＿＿＿＿
＿＿＿＿＿＿＿＿＿＿
＿＿＿＿＿＿＿＿＿＿
＿＿＿＿＿＿＿＿＿＿
＿＿＿＿＿＿＿＿＿＿
＿＿＿＿◆＿＿＿＿＿
＿＿＿＿◆＿＿＿＿＿
＿＿＿◆◆◆◆＿＿＿
◆＿＿◆◆◆◆＿＿＿
◆◆◆◆□◆◆＿＿＿
◆◆◆□□◆◆◆＿＿
◆◆◆□□□□◆◆＿
□◆◆□□□□◆◆＿
□□□□□□□◆◆＿
□□□□□□□□◆＿
00:00:42(1263f):field(1262f)
＿＿＿＿＿＿＿＿＿＿
＿＿＿＿＿＿＿＿＿＿
＿＿＿＿＿＿＿＿＿＿
＿＿＿＿＿＿＿＿＿＿
＿＿＿＿＿＿＿＿＿＿
＿＿＿＿＿＿＿＿＿＿
＿＿＿＿＿＿＿＿＿＿
＿＿＿＿＿＿＿＿＿＿
＿＿＿＿＿＿＿＿＿＿
＿＿＿＿＿＿＿＿＿＿
＿＿＿＿＿＿＿＿＿＿
＿＿＿＿＿＿＿＿＿＿
＿＿＿＿＿＿＿＿＿＿
＿＿＿＿＿＿＿＿＿＿
＿＿＿＿□＿＿＿＿＿
＿＿＿◆□＿＿＿＿＿
＿■■□□□□＿＿＿
□■■□□□□＿＿＿
□□□□□□□＿＿＿
□□□□□□□□＿＿
00:00:42(1275f):field(1274f)
＿＿＿＿＿＿＿＿＿＿
＿＿＿＿＿＿＿＿＿＿
＿＿＿＿＿＿＿＿＿＿
＿＿＿＿＿＿＿＿＿＿
＿＿＿＿＿＿＿＿＿＿
＿＿＿＿＿＿＿＿＿＿
＿＿＿＿＿＿＿＿＿＿
＿＿＿＿＿＿＿＿＿＿
＿＿＿＿＿＿＿＿＿＿
＿＿＿＿＿＿＿＿＿＿
＿＿＿＿＿＿＿＿＿＿
＿＿＿＿＿＿＿＿＿＿
＿＿＿＿＿＿＿＿＿＿
＿＿＿■■＿＿＿＿＿
＿＿＿■□＿＿＿＿＿
＿＿＿■□＿＿＿＿＿
＿□□□□□□＿＿＿
□□□□□□□＿＿＿
□□□□□□□＿＿＿
□□□□□□□□＿＿
00:00:43(1293f):field(1292f)
＿＿＿＿＿＿＿＿＿＿
＿＿＿＿＿＿＿＿＿＿
＿＿＿＿＿＿＿＿＿＿
＿＿＿＿＿＿＿＿＿＿
＿＿＿＿＿＿＿＿＿＿
＿＿＿＿＿＿＿＿＿＿
＿＿＿＿＿＿＿＿＿＿
＿＿＿＿＿＿＿＿＿＿
＿＿＿＿＿＿＿＿＿＿
＿＿＿＿＿＿＿＿＿＿
＿＿＿＿＿＿＿＿＿＿
＿＿＿＿＿＿＿＿＿＿
＿＿＿＿＿＿＿＿＿＿
＿＿＿□□＿＿＿＿＿
＿＿＿□□＿＿＿＿＿
＿＿＿□□＿＿＿＿＿
＿□□□□□□＿＿＿
□□□□□□□＿■■
□□□□□□□■■＿
□□□□□□□□＿＿
00:00:43(1307f):field(1306f)
＿＿＿＿＿＿＿＿＿＿
＿＿＿＿＿＿＿＿＿＿
＿＿＿＿＿＿＿＿＿＿
＿＿＿＿＿＿＿＿＿＿
＿＿＿＿＿＿＿＿＿＿
＿＿＿＿＿＿＿＿＿＿
＿＿＿＿＿＿＿＿＿＿
＿＿＿＿＿＿＿＿＿＿
＿＿＿＿＿＿＿＿＿＿
＿＿＿＿＿＿＿＿＿＿
＿＿＿＿＿＿＿＿＿＿
＿＿＿＿＿＿＿＿＿＿
＿＿＿＿＿＿＿＿＿＿
＿＿＿□□＿＿＿＿＿
＿■＿□□＿＿＿＿＿
■■＿□□＿＿＿＿＿
■□□□□□□＿＿＿
□□□□□□□＿□□
□□□□□□□□□＿
□□□□□□□□＿＿
00:00:44(1322f):field(1321f)
＿＿＿＿＿＿＿＿＿＿
＿＿＿＿＿＿＿＿＿＿
＿＿＿＿＿＿＿＿＿＿
＿＿＿＿＿＿＿＿＿＿
＿＿＿＿＿＿＿＿＿＿
＿＿＿＿＿＿＿＿＿＿
＿＿＿＿＿＿＿＿＿＿
＿＿＿＿＿＿＿＿＿＿
＿＿＿＿＿＿＿＿＿＿
＿＿＿＿＿＿＿＿＿＿
＿＿＿＿＿＿＿＿＿＿
＿＿＿＿＿＿＿＿＿＿
＿＿＿＿＿＿＿＿＿＿
＿＿＿◆◆＿＿＿＿＿
＿◆＿□□＿＿＿＿＿
◆□＿□□＿＿■＿＿
□□◆□□□◆■＿＿
□□□□□□□■◆◆
□□□□□□□□□＿
□□□□□□□□＿＿
00:00:44(1335f):field(1334f)
＿＿＿＿＿＿＿＿＿＿
＿＿＿＿＿＿＿＿＿＿
＿＿＿＿＿＿＿＿＿＿
＿＿＿＿＿＿＿＿＿＿
＿＿＿＿＿＿＿＿＿＿
＿＿＿＿＿＿＿＿＿＿
＿＿＿＿＿＿＿＿＿＿
＿＿＿＿＿＿＿＿＿＿
＿＿＿＿＿＿＿＿＿＿
＿＿＿＿＿＿＿＿＿＿
＿＿＿＿＿＿＿＿＿＿
＿＿＿＿＿＿＿＿＿＿
＿＿＿＿＿＿＿＿＿＿
＿＿＿＿＿＿＿＿＿＿
＿＿＿□□■＿＿＿＿
＿□＿□□■＿□＿＿
□□＿□□□■□＿＿
□□□□□□□□＿＿
□□□□□□□□□＿
□□□□□□□□＿＿
00:00:44(1347f):field(1346f)
＿＿＿＿＿＿＿＿＿＿
＿＿＿＿＿＿＿＿＿＿
＿＿＿＿＿＿＿＿＿＿
＿＿＿＿＿＿＿＿＿＿
＿＿＿＿＿＿＿＿＿＿
＿＿＿＿＿＿＿＿＿＿
＿＿＿＿＿＿＿＿＿＿
＿＿＿＿＿＿＿＿＿＿
＿＿＿＿＿＿＿＿＿＿
＿＿＿＿＿＿＿＿＿＿
＿＿＿＿＿＿＿＿＿＿
＿＿＿＿＿＿＿＿＿＿
＿＿＿■＿＿＿＿＿＿
＿＿＿■■■＿＿＿＿
＿＿＿□□□＿＿＿＿
＿□＿□□□＿□＿＿
□□＿□□□□□＿＿
□□□□□□□□＿＿
□□□□□□□□□＿
□□□□□□□□＿＿
00:00:45(1364f):field(1363f)
＿＿＿＿＿＿＿＿＿＿
＿＿＿＿＿＿＿＿＿＿
＿＿＿＿＿＿＿＿＿＿
＿＿＿＿＿＿＿＿＿＿
＿＿＿＿＿＿＿＿＿＿
＿＿＿＿＿＿＿＿＿＿
＿＿＿＿＿＿＿＿＿＿
＿＿＿＿＿＿＿＿＿＿
＿＿＿＿＿＿＿＿＿＿
＿＿＿＿＿＿＿＿＿＿
＿＿＿＿＿＿＿＿＿＿
＿＿＿＿＿＿＿＿＿＿
＿＿＿◆＿＿＿＿＿＿
＿＿＿◆◆◆＿＿＿＿
＿＿＿□◆◆＿＿＿＿
＿◆＿□□□＿◆＿＿
□◆＿□□□◆◆＿＿
□□◆□□□◆□＿＿
□□◆□□□□□□＿
□□□□□□□□＿＿
00:00:45(1377f):field(1376f)
＿＿＿＿＿＿＿＿＿＿
＿＿＿＿＿＿＿＿＿＿
＿＿＿＿＿＿＿＿＿＿
＿＿＿＿＿＿＿＿＿＿
＿＿＿＿＿＿＿＿＿＿
＿＿＿＿＿＿＿＿＿＿
＿＿＿＿＿＿＿＿＿＿
＿＿＿＿＿＿＿＿＿＿
＿＿＿＿＿＿＿＿＿＿
＿＿＿＿＿＿＿＿＿＿
＿＿＿＿＿＿＿＿＿＿
＿＿＿＿＿＿＿＿＿＿
＿＿＿＿＿＿＿＿＿＿
＿＿＿＿＿＿＿＿＿＿
＿＿＿□＿＿＿＿＿＿
＿＿＿□□□＿■＿＿
◆＿＿□□□■■＿＿
◆□＿□□□■□＿＿
□□＿□□□□□□＿
□□□□□□□□＿＿
00:00:46(1390f):field(1389f)
＿＿＿＿＿＿＿＿＿＿
＿＿＿＿＿＿＿＿＿＿
＿＿＿＿＿＿＿＿＿＿
＿＿＿＿＿＿＿＿＿＿
＿＿＿＿＿＿＿＿＿＿
＿＿＿＿＿＿＿＿＿＿
＿＿＿＿＿＿＿＿＿＿
＿＿＿＿＿＿＿＿＿＿
＿＿＿＿＿＿＿＿＿＿
＿＿＿＿＿＿＿＿＿＿
＿＿＿＿＿＿＿＿＿＿
＿＿＿＿＿＿＿＿＿＿
＿＿＿＿＿＿＿＿＿＿
＿＿＿＿＿＿＿＿＿＿
＿＿＿□■■■＿＿＿
＿＿＿□□□■□＿＿
＿＿＿□□□□□＿＿
＿□＿□□□□□＿＿
□□＿□□□□□□＿
□□□□□□□□＿＿
00:00:46(1405f):field(1404f)
＿＿＿＿＿＿＿＿＿＿
＿＿＿＿＿＿＿＿＿＿
＿＿＿＿＿＿＿＿＿＿
＿＿＿＿＿＿＿＿＿＿
＿＿＿＿＿＿＿＿＿＿
＿＿＿＿＿＿＿＿＿＿
＿＿＿＿＿＿＿＿＿＿
＿＿＿＿＿＿＿＿＿＿
＿＿＿＿＿＿＿＿＿＿
＿＿＿＿＿＿＿＿＿＿
＿＿＿＿＿＿＿＿＿＿
＿＿＿＿＿＿＿＿＿＿
＿＿＿＿＿＿＿＿＿＿
＿＿＿＿＿＿＿＿＿＿
＿＿＿□□□□＿＿＿
＿＿＿□□□□□＿＿
＿■■□□□□□＿＿
＿□■□□□□□＿＿
□□■□□□□□□＿
□□□□□□□□＿＿
00:00:47(1417f):field(1416f)
＿＿＿＿＿＿＿＿＿＿
＿＿＿＿＿＿＿＿＿＿
＿＿＿＿＿＿＿＿＿＿
＿＿＿＿＿＿＿＿＿＿
＿＿＿＿＿＿＿＿＿＿
＿＿＿＿＿＿＿＿＿＿
＿＿＿＿＿＿＿＿＿＿
＿＿＿＿＿＿＿＿＿＿
＿＿＿＿＿＿＿＿＿＿
＿＿＿＿＿＿＿＿＿＿
＿＿＿＿＿＿＿＿＿＿
＿＿＿＿＿＿＿＿＿＿
＿＿＿＿■＿＿＿＿＿
＿＿＿■■■＿＿＿＿
＿＿＿□□□□＿＿＿
＿＿＿□□□□□＿＿
＿□□□□□□□＿＿
＿□□□□□□□＿＿
□□□□□□□□□＿
□□□□□□□□＿＿
00:00:47(1433f):field(1432f)
＿＿＿＿＿＿＿＿＿＿
＿＿＿＿＿＿＿＿＿＿
＿＿＿＿＿＿＿＿＿＿
＿＿＿＿＿＿＿＿＿＿
＿＿＿＿＿＿＿＿＿＿
＿＿＿＿＿＿＿＿＿＿
＿＿＿＿＿＿＿＿＿＿
＿＿＿＿＿＿＿＿＿＿
＿＿＿＿＿＿＿＿＿＿
＿＿＿＿＿＿＿＿＿＿
＿＿＿＿＿＿＿＿＿＿
＿＿＿＿＿■＿＿＿＿
＿＿＿＿□■■＿＿＿
＿＿＿□□□■＿＿＿
＿＿＿□□□□＿＿＿
＿＿＿□□□□□＿＿
＿□□□□□□□＿＿
＿□□□□□□□＿＿
□□□□□□□□□＿
□□□□□□□□＿＿
00:00:48(1447f):field(1446f)
＿＿＿＿＿＿＿＿＿＿
＿＿＿＿＿＿＿＿＿＿
＿＿＿＿＿＿＿＿＿＿
＿＿＿＿＿＿＿＿＿＿
＿＿＿＿＿＿＿＿＿＿
＿＿＿＿＿＿＿＿＿＿
＿＿＿＿＿＿＿＿＿＿
＿＿＿＿＿＿＿＿＿＿
＿＿＿＿＿＿＿＿＿＿
＿＿＿＿＿＿＿＿＿＿
＿＿＿＿＿＿＿＿＿＿
＿＿＿＿＿□＿＿＿＿
＿＿＿＿□□□＿＿＿
＿＿＿□□□□＿＿＿
■＿＿□□□□＿＿＿
■＿＿□□□□□＿＿
■□□□□□□□＿＿
■□□□□□□□＿＿
□□□□□□□□□＿
□□□□□□□□＿＿
00:00:48(1459f):field(1458f)
＿＿＿＿＿＿＿＿＿＿
＿＿＿＿＿＿＿＿＿＿
＿＿＿＿＿＿＿＿＿＿
＿＿＿＿＿＿＿＿＿＿
＿＿＿＿＿＿＿＿＿＿
＿＿＿＿＿＿＿＿＿＿
＿＿＿＿＿＿＿＿＿＿
＿＿＿＿＿＿＿＿＿＿
＿＿＿＿＿＿＿＿＿＿
＿＿＿＿＿＿＿＿＿＿
＿＿＿＿＿＿＿＿＿＿
＿＿＿＿＿□＿＿＿＿
＿＿＿＿□□□＿＿＿
＿＿＿□□□□＿＿＿
□■■□□□□＿＿＿
□■■□□□□□＿＿
□□□□□□□□＿＿
□□□□□□□□＿＿
□□□□□□□□□＿
□□□□□□□□＿＿
00:00:49(1472f):field(1471f)
＿＿＿＿＿＿＿＿＿＿
＿＿＿＿＿＿＿＿＿＿
＿＿＿＿＿＿＿＿＿＿
＿＿＿＿＿＿＿＿＿＿
＿＿＿＿＿＿＿＿＿＿
＿＿＿＿＿＿＿＿＿＿
＿＿＿＿＿＿＿＿＿＿
＿＿＿＿＿＿＿＿＿＿
＿＿＿＿＿＿＿＿＿＿
＿＿＿＿＿＿＿＿＿＿
＿＿＿＿＿＿＿＿＿＿
＿＿＿＿＿□＿＿＿＿
■＿＿＿□□□＿＿＿
■■■□□□□＿＿＿
□□□□□□□＿＿＿
□□□□□□□□＿＿
□□□□□□□□＿＿
□□□□□□□□＿＿
□□□□□□□□□＿
□□□□□□□□＿＿
00:00:49(1485f):field(1484f)
＿＿＿＿＿＿＿＿＿＿
＿＿＿＿＿＿＿＿＿＿
＿＿＿＿＿＿＿＿＿＿
＿＿＿＿＿＿＿＿＿＿
＿＿＿＿＿＿＿＿＿＿
＿＿＿＿＿＿＿＿＿＿
＿＿＿＿＿＿＿＿＿＿
＿＿＿＿＿＿＿＿＿＿
＿＿＿＿＿＿＿＿＿＿
＿＿＿＿＿＿＿＿＿＿
＿＿＿＿＿＿＿＿＿＿
■■＿＿＿□＿＿＿＿
□■■＿□□□＿＿＿
□□□□□□□＿＿＿
□□□□□□□＿＿＿
□□□□□□□□＿＿
□□□□□□□□＿＿
□□□□□□□□＿＿
□□□□□□□□□＿
□□□□□□□□＿＿
00:00:49(1498f):field(1497f)
＿＿＿＿＿＿＿＿＿＿
＿＿＿＿＿＿＿＿＿＿
＿＿＿＿＿＿＿＿＿＿
＿＿＿＿＿＿＿＿＿＿
＿＿＿＿＿＿＿＿＿＿
＿＿＿＿＿＿＿＿＿＿
＿＿＿＿＿＿＿＿＿＿
＿＿＿＿＿＿＿＿＿＿
＿＿＿＿＿＿＿＿＿＿
＿＿＿＿＿＿＿＿＿＿
＿＿■＿＿＿＿＿＿＿
□□■■＿□＿＿＿＿
□□□■□□□＿＿＿
□□□□□□□＿＿＿
□□□□□□□＿＿＿
□□□□□□□□＿＿
□□□□□□□□＿＿
□□□□□□□□＿＿
□□□□□□□□□＿
□□□□□□□□＿＿
00:00:50(1510f):field(1509f)
＿＿＿＿＿＿＿＿＿＿
＿＿＿＿＿＿＿＿＿＿
＿＿＿＿＿＿＿＿＿＿
＿＿＿＿＿＿＿＿＿＿
＿＿＿＿＿＿＿＿＿＿
＿＿＿＿＿＿＿＿＿＿
＿＿＿＿＿＿＿＿＿＿
＿＿＿＿＿＿＿＿＿＿
＿＿＿＿＿＿＿＿＿＿
＿＿＿＿＿＿＿＿＿＿
＿＿□■■■＿＿＿＿
□□□□■□＿＿＿＿
□□□□□□□＿＿＿
□□□□□□□＿＿＿
□□□□□□□＿＿＿
□□□□□□□□＿＿
□□□□□□□□＿＿
□□□□□□□□＿＿
□□□□□□□□□＿
□□□□□□□□＿＿
00:00:50(1527f):field(1526f)
＿＿＿＿＿＿＿＿＿＿
＿＿＿＿＿＿＿＿＿＿
＿＿＿＿＿＿＿＿＿＿
＿＿＿＿＿＿＿＿＿＿
＿＿＿＿＿＿＿＿＿＿
＿＿＿＿＿＿＿＿＿＿
＿＿＿＿＿＿＿＿＿＿
＿＿＿＿＿＿＿＿＿＿
＿＿＿＿＿＿＿＿＿＿
＿＿＿＿＿＿＿＿＿＿
＿＿◆◆◆◆＿＿＿＿
◆◆□□□□＿＿＿＿
□□□□□□◆＿＿＿
□□□□□□□＿＿＿
□□□□□□□＿＿＿
□□□□□□□◆＿＿
□□□□□□□□＿＿
□□□□□□□□＿■
□□□□□□□□◆■
□□□□□□□□＿■
00:00:51(1543f):field(1542f)
＿＿＿＿＿＿＿＿＿＿
＿＿＿＿＿＿＿＿＿＿
＿＿＿＿＿＿＿＿＿＿
＿＿＿＿＿＿＿＿＿＿
＿＿＿＿＿＿＿＿＿＿
＿＿＿＿＿＿＿＿＿＿
＿＿＿＿＿＿＿＿＿＿
＿＿＿＿＿＿＿＿＿＿
＿＿＿＿＿＿＿＿＿＿
＿＿＿＿＿＿＿＿＿＿
＿＿＿＿＿＿＿＿＿＿
＿＿◆◆◆◆＿＿＿＿
◆◆□□□□＿＿＿＿
□□□□□□◆＿＿＿
□□□□□□□＿＿＿
□□□□□□□＿＿＿
□□□□□□□◆■■
□□□□□□□□＿□
□□□□□□□□＿□
□□□□□□□□＿□
00:00:52(1560f):field(1559f)
＿＿＿＿＿＿＿＿＿＿
＿＿＿＿＿＿＿＿＿＿
＿＿＿＿＿＿＿＿＿＿
＿＿＿＿＿＿＿＿＿＿
＿＿＿＿＿＿＿＿＿＿
＿＿＿＿＿＿＿＿＿＿
＿＿＿＿＿＿＿＿＿＿
＿＿＿＿＿＿＿＿＿＿
＿＿＿＿＿＿＿＿＿＿
＿＿＿＿＿＿＿＿＿＿
＿＿＿＿＿＿＿＿＿＿
＿＿＿＿＿＿＿＿＿＿
＿＿◆◆◆◆＿＿＿＿
◆◆◆◆◆◆＿＿＿＿
□◆□□□□◆＿＿＿
□□□□□□◆＿＿＿
□□□□□□□■◆◆
□□□□□□□□＿□
□□□□□□□□＿□
□□□□□□□□＿□
00:00:52(1574f):field(1573f)
＿＿＿＿＿＿＿＿＿＿
＿＿＿＿＿＿＿＿＿＿
＿＿＿＿＿＿＿＿＿＿
＿＿＿＿＿＿＿＿＿＿
＿＿＿＿＿＿＿＿＿＿
＿＿＿＿＿＿＿＿＿＿
＿＿＿＿＿＿＿＿＿＿
＿＿＿＿＿＿＿＿＿＿
＿＿＿＿＿＿＿＿＿＿
＿＿＿＿＿＿＿＿＿＿
＿＿＿＿＿＿＿＿＿＿
＿＿＿＿＿＿＿＿＿＿
＿＿＿＿＿＿＿＿＿＿
＿■■＿＿＿＿＿＿＿
□■□□□□＿＿＿＿
□□□□□□＿＿＿＿
□□□□□□□◆＿＿
□□□□□□□□＿□
□□□□□□□□＿□
□□□□□□□□＿□
00:00:52(1585f):field(1584f)
＿＿＿＿＿＿＿＿＿＿
＿＿＿＿＿＿＿＿＿＿
＿＿＿＿＿＿＿＿＿＿
＿＿＿＿＿＿＿＿＿＿
＿＿＿＿＿＿＿＿＿＿
＿＿＿＿＿＿＿＿＿＿
＿＿＿＿＿＿＿＿＿＿
＿＿＿＿＿＿＿＿＿＿
＿＿＿＿＿＿＿＿＿＿
＿＿＿＿＿＿＿＿＿＿
＿＿＿＿＿＿＿＿＿＿
＿＿＿＿＿＿＿＿＿＿
＿＿■■＿＿＿＿＿＿
＿□□■■＿＿＿＿＿
□□□□□□＿＿＿＿
□□□□□□＿＿＿＿
□□□□□□□＿＿＿
□□□□□□□□＿□
□□□□□□□□＿□
□□□□□□□□＿□
00:00:53(1598f):field(1597f)
＿＿＿＿＿＿＿＿＿＿
＿＿＿＿＿＿＿＿＿＿
＿＿＿＿＿＿＿＿＿＿
＿＿＿＿＿＿＿＿＿＿
＿＿＿＿＿＿＿＿＿＿
＿＿＿＿＿＿＿＿＿＿
＿＿＿＿＿＿＿＿＿＿
＿＿＿＿＿＿＿＿＿＿
＿＿＿＿＿＿＿＿＿＿
＿＿＿＿＿＿＿＿＿＿
＿＿＿＿＿＿＿＿＿＿
＿＿＿＿＿■＿＿＿＿
＿＿□□■■＿＿＿＿
＿□□□□■＿＿＿＿
□□□□□□＿＿＿＿
□□□□□□＿＿＿＿
□□□□□□□＿＿＿
□□□□□□□□＿□
□□□□□□□□＿□
□□□□□□□□＿□
00:00:53(1615f):field(1614f)
＿＿＿＿＿＿＿＿＿＿
＿＿＿＿＿＿＿＿＿＿
＿＿＿＿＿＿＿＿＿＿
＿＿＿＿＿＿＿＿＿＿
＿＿＿＿＿＿＿＿＿＿
＿＿＿＿＿＿＿＿＿＿
＿＿＿＿＿＿＿＿＿＿
＿＿＿＿＿＿＿＿＿＿
＿＿＿＿＿＿＿＿＿＿
＿＿＿＿＿＿＿＿＿＿
＿＿＿＿＿＿＿＿＿＿
＿＿＿＿＿◆＿＿＿＿
＿＿◆◆◆◆＿＿＿＿
＿◆◆◆◆□＿＿＿＿
◆◆□□□□＿＿＿＿
◆□□□□□＿＿＿＿
□□□□□□◆＿＿＿
□□□□□□◆◆＿◆
□□□□□□□◆■□
□□□□□□□□＿□
00:00:54(1631f):field(1630f)
＿＿＿＿＿＿＿＿＿＿
＿＿＿＿＿＿＿＿＿＿
＿＿＿＿＿＿＿＿＿＿
＿＿＿＿＿＿＿＿＿＿
＿＿＿＿＿＿＿＿＿＿
＿＿＿＿＿＿＿＿＿＿
＿＿＿＿＿＿＿＿＿＿
＿＿＿＿＿＿＿＿＿＿
＿＿＿＿＿＿＿＿＿＿
＿＿＿＿＿＿＿＿＿＿
＿＿＿＿＿＿＿＿＿＿
＿＿＿＿＿＿＿＿＿＿
＿＿＿＿＿＿＿＿＿＿
＿＿＿＿＿◆＿＿＿＿
＿＿◆◆◆□＿＿＿＿
＿◆□□□□＿＿＿＿
◆□□□□□＿■＿＿
□□□□□□＿■＿＿
□□□□□□◆■◆◆
□□□□□□□□＿□
00:00:54(1644f):field(1643f)
＿＿＿＿＿＿＿＿＿＿
＿＿＿＿＿＿＿＿＿＿
＿＿＿＿＿＿＿＿＿＿
＿＿＿＿＿＿＿＿＿＿
＿＿＿＿＿＿＿＿＿＿
＿＿＿＿＿＿＿＿＿＿
＿＿＿＿＿＿＿＿＿＿
＿＿＿＿＿＿＿＿＿＿
＿＿＿＿＿＿＿＿＿＿
＿＿＿＿＿＿＿＿＿＿
＿＿＿＿＿＿＿＿＿＿
＿＿＿＿＿＿＿＿＿＿
＿＿＿＿＿＿＿＿＿＿
＿＿＿■■＿＿＿＿＿
＿＿＿■■□＿＿＿＿
＿＿□□□□＿＿＿＿
＿□□□□□＿□＿＿
□□□□□□＿□＿＿
□□□□□□＿□＿＿
□□□□□□□□＿□
00:00:55(1658f):field(1657f)
＿＿＿＿＿＿＿＿＿＿
＿＿＿＿＿＿＿＿＿＿
＿＿＿＿＿＿＿＿＿＿
＿＿＿＿＿＿＿＿＿＿
＿＿＿＿＿＿＿＿＿＿
＿＿＿＿＿＿＿＿＿＿
＿＿＿＿＿＿＿＿＿＿
＿＿＿＿＿＿＿＿＿＿
＿＿＿＿＿＿＿＿＿＿
＿＿＿＿＿＿＿＿＿＿
＿＿＿＿＿＿＿＿＿＿
＿＿＿＿＿＿＿＿＿＿
＿＿＿＿＿＿＿＿＿＿
＿＿＿□□＿＿＿＿＿
＿■＿□□□＿＿＿＿
■■□□□□＿＿＿＿
■□□□□□＿□＿＿
□□□□□□＿□＿＿
□□□□□□＿□＿＿
□□□□□□□□＿□
00:00:55(1671f):field(1670f)
＿＿＿＿＿＿＿＿＿＿
＿＿＿＿＿＿＿＿＿＿
＿＿＿＿＿＿＿＿＿＿
＿＿＿＿＿＿＿＿＿＿
＿＿＿＿＿＿＿＿＿＿
＿＿＿＿＿＿＿＿＿＿
＿＿＿＿＿＿＿＿＿＿
＿＿＿＿＿＿＿＿＿＿
＿＿＿＿＿＿＿＿＿＿
＿＿＿＿＿＿＿＿＿＿
＿＿＿＿＿＿＿＿＿＿
＿＿＿＿■＿＿＿＿＿
＿＿＿＿■■＿＿＿＿
＿＿＿□□■＿＿＿＿
＿□＿□□□＿＿＿＿
□□□□□□＿＿＿＿
□□□□□□＿□＿＿
□□□□□□＿□＿＿
□□□□□□＿□＿＿
□□□□□□□□＿□
00:00:56(1683f):field(1682f)
＿＿＿＿＿＿＿＿＿＿
＿＿＿＿＿＿＿＿＿＿
＿＿＿＿＿＿＿＿＿＿
＿＿＿＿＿＿＿＿＿＿
＿＿＿＿＿＿＿＿＿＿
＿＿＿＿＿＿＿＿＿＿
＿＿＿＿＿＿＿＿＿＿
＿＿＿＿＿＿＿＿＿＿
＿＿＿＿＿＿＿＿＿＿
＿＿＿＿＿＿＿＿＿＿
＿＿＿＿＿＿＿＿＿＿
＿＿＿＿□＿＿＿＿＿
＿＿■■□□＿＿＿＿
＿＿■□□□＿＿＿＿
＿□■□□□＿＿＿＿
□□□□□□＿＿＿＿
□□□□□□＿□＿＿
□□□□□□＿□＿＿
□□□□□□＿□＿＿
□□□□□□□□＿□
00:00:56(1694f):field(1693f)
＿＿＿＿＿＿＿＿＿＿
＿＿＿＿＿＿＿＿＿＿
＿＿＿＿＿＿＿＿＿＿
＿＿＿＿＿＿＿＿＿＿
＿＿＿＿＿＿＿＿＿＿
＿＿＿＿＿＿＿＿＿＿
＿＿＿＿＿＿＿＿＿＿
＿＿＿＿＿＿＿＿＿＿
＿＿＿＿＿＿＿＿＿＿
＿＿＿＿＿＿＿＿＿＿
＿＿＿＿＿＿＿＿＿＿
＿＿＿＿□＿＿＿＿＿
＿＿□□□□＿＿＿＿
＿＿□□□□＿＿＿＿
＿□□□□□＿＿＿＿
□□□□□□■＿＿＿
□□□□□□■□＿＿
□□□□□□■□＿＿
□□□□□□■□＿＿
□□□□□□□□＿□
00:00:57(1712f):field(1711f)
＿＿＿＿＿＿＿＿＿＿
＿＿＿＿＿＿＿＿＿＿
＿＿＿＿＿＿＿＿＿＿
＿＿＿＿＿＿＿＿＿＿
＿＿＿＿＿＿＿＿＿＿
＿＿＿＿＿＿＿＿＿＿
＿＿＿＿＿＿＿＿＿＿
＿＿＿＿＿＿＿＿＿＿
＿＿＿＿＿＿＿＿＿＿
＿＿＿＿＿＿＿＿＿＿
＿＿＿＿＿＿＿＿＿＿
＿＿＿＿◆＿＿＿＿＿
＿＿◆◆□◆＿＿＿＿
＿＿□□□□＿＿＿＿
＿◆□□□□＿＿＿＿
◆□□□□□□＿＿＿
□□□□□□□◆＿＿
□□□□□□□□＿■
□□□□□□□□＿■
□□□□□□□□＿□
00:00:57(1726f):field(1725f)
＿＿＿＿＿＿＿＿＿＿
＿＿＿＿＿＿＿＿＿＿
＿＿＿＿＿＿＿＿＿＿
＿＿＿＿＿＿＿＿＿＿
＿＿＿＿＿＿＿＿＿＿
＿＿＿＿＿＿＿＿＿＿
＿＿＿＿＿＿＿＿＿＿
＿＿＿＿＿＿＿＿＿＿
＿＿＿＿＿＿＿＿＿＿
＿＿＿＿＿＿＿＿＿＿
＿＿＿＿＿＿＿＿＿＿
＿＿＿＿＿＿＿＿＿＿
＿＿＿＿□＿＿＿＿＿
＿■□□□□＿＿＿＿
■■□□□□＿＿＿＿
■□□□□□◆＿＿＿
□□□□□□□＿＿＿
□□□□□□□□＿□
□□□□□□□□＿□
□□□□□□□□＿□
00:00:58(1740f):field(1739f)
＿＿＿＿＿＿＿＿＿＿
＿＿＿＿＿＿＿＿＿＿
＿＿＿＿＿＿＿＿＿＿
＿＿＿＿＿＿＿＿＿＿
＿＿＿＿＿＿＿＿＿＿
＿＿＿＿＿＿＿＿＿＿
＿＿＿＿＿＿＿＿＿＿
＿＿＿＿＿＿＿＿＿＿
＿＿＿＿＿＿＿＿＿＿
＿＿＿＿＿＿＿＿＿＿
＿＿＿＿＿＿＿＿＿＿
■＿＿＿＿＿＿＿＿＿
■■＿＿□＿＿＿＿＿
■□□□□□＿＿＿＿
□□□□□□＿＿＿＿
□□□□□□＿＿＿＿
□□□□□□□＿＿＿
□□□□□□□□＿□
□□□□□□□□＿□
□□□□□□□□＿□
00:00:58(1752f):field(1751f)
＿＿＿＿＿＿＿＿＿＿
＿＿＿＿＿＿＿＿＿＿
＿＿＿＿＿＿＿＿＿＿
＿＿＿＿＿＿＿＿＿＿
＿＿＿＿＿＿＿＿＿＿
＿＿＿＿＿＿＿＿＿＿
＿＿＿＿＿＿＿＿＿＿
＿＿＿＿＿＿＿＿＿＿
＿＿＿＿＿＿＿＿＿＿
＿＿＿＿＿＿＿＿＿＿
＿＿＿■＿＿＿＿＿＿
□＿＿■＿＿＿＿＿＿
□□■■□＿＿＿＿＿
□□□□□□＿＿＿＿
□□□□□□＿＿＿＿
□□□□□□＿＿＿＿
□□□□□□□＿＿＿
□□□□□□□□＿□
□□□□□□□□＿□
□□□□□□□□＿□
00:00:59(1782f):field(1781f)
＿＿＿＿＿＿＿＿＿＿
＿＿＿＿＿＿＿＿＿＿
＿＿＿＿＿＿＿＿＿＿
＿＿＿＿＿＿＿＿＿＿
＿＿＿＿＿＿＿＿＿＿
＿＿＿＿＿＿＿＿＿＿
＿＿＿＿＿＿＿＿＿＿
＿＿＿＿＿＿＿＿＿＿
＿＿＿＿＿＿＿＿＿＿
＿＿＿＿＿＿＿＿＿＿
＿＿＿◆＿＿＿＿＿＿
◆＿＿◆＿＿＿＿＿＿
◆◆◆◆◆＿＿＿＿＿
◆◆◆□□◆＿＿＿＿
□◆◆□□□＿＿＿＿
□□□□□□＿＿＿＿
□□□□□□◆＿＿＿
□□□□□□◆◆＿◆
□□□□□□◆◆＿◆
□□□□□□□◆■◆
00:01:00(1801f):field(1800f)
＿＿＿＿＿＿＿＿＿＿
＿＿＿＿＿＿＿＿＿＿
＿＿＿＿＿＿＿＿＿＿
＿＿＿＿＿＿＿＿＿＿
＿＿＿＿＿＿＿＿＿＿
＿＿＿＿＿＿＿＿＿＿
＿＿＿＿＿＿＿＿＿＿
＿＿＿＿＿＿＿＿＿＿
＿＿＿＿＿＿＿＿＿＿
＿＿＿＿＿＿＿＿＿＿
＿＿＿＿＿＿＿＿＿＿
＿＿＿＿＿＿＿＿＿＿
＿＿＿＿＿＿＿＿＿＿
＿＿＿□□＿＿＿＿＿
□＿＿□□□＿＿＿＿
□□□□□□＿＿＿＿
□□□□□□＿＿＿＿
□□□□□□■＿＿＿
□□□□□□■■＿＿
□□□□□□□■□＿
00:01:00(1814f):field(1813f)
＿＿＿＿＿＿＿＿＿＿
＿＿＿＿＿＿＿＿＿＿
＿＿＿＿＿＿＿＿＿＿
＿＿＿＿＿＿＿＿＿＿
＿＿＿＿＿＿＿＿＿＿
＿＿＿＿＿＿＿＿＿＿
＿＿＿＿＿＿＿＿＿＿
＿＿＿＿＿＿＿＿＿＿
＿＿＿＿＿＿＿＿＿＿
＿＿＿＿＿＿＿＿＿＿
＿＿＿＿＿＿＿＿＿＿
＿＿＿＿＿＿＿＿＿＿
＿＿＿＿＿＿＿＿＿＿
■■＿□□＿＿＿＿＿
□■■□□□＿＿＿＿
□□□□□□＿＿＿＿
□□□□□□＿＿＿＿
□□□□□□□＿＿＿
□□□□□□□□＿＿
□□□□□□□□□＿
00:01:01(1830f):field(1829f)
＿＿＿＿＿＿＿＿＿＿
＿＿＿＿＿＿＿＿＿＿
＿＿＿＿＿＿＿＿＿＿
＿＿＿＿＿＿＿＿＿＿
＿＿＿＿＿＿＿＿＿＿
＿＿＿＿＿＿＿＿＿＿
＿＿＿＿＿＿＿＿＿＿
＿＿＿＿＿＿＿＿＿＿
＿＿＿＿＿＿＿＿＿＿
＿＿＿＿＿＿＿＿＿＿
＿＿＿＿＿＿＿＿＿＿
＿＿＿＿＿＿＿＿＿＿
＿＿＿＿＿＿＿＿＿＿
◆◆＿◆◆＿＿＿＿＿
□□◆□□◆＿＿＿＿
□□□□□□＿＿＿＿
□□□□□□＿＿＿＿
□□□□□□◆＿＿＿
□□□□□□□□■＿
□□□□□□□□□＿
00:01:01(1844f):field(1843f)
＿＿＿＿＿＿＿＿＿＿
＿＿＿＿＿＿＿＿＿＿
＿＿＿＿＿＿＿＿＿＿
＿＿＿＿＿＿＿＿＿＿
＿＿＿＿＿＿＿＿＿＿
＿＿＿＿＿＿＿＿＿＿
＿＿＿＿＿＿＿＿＿＿
＿＿＿＿＿＿＿＿＿＿
＿＿＿＿＿＿＿＿＿＿
＿＿＿＿＿＿＿＿＿＿
＿＿＿＿＿＿＿＿＿＿
＿＿＿＿＿＿＿＿＿＿
＿＿＿＿＿＿＿＿＿＿
＿＿＿＿＿＿＿＿＿＿
□□＿□□＿＿＿＿＿
□□□□□□＿＿＿＿
□□□□□□＿＿■＿
□□□□□□■■■＿
□□□□□□□□□＿
□□□□□□□□□＿
00:01:01(1857f):field(1856f)
＿＿＿＿＿＿＿＿＿＿
＿＿＿＿＿＿＿＿＿＿
＿＿＿＿＿＿＿＿＿＿
＿＿＿＿＿＿＿＿＿＿
＿＿＿＿＿＿＿＿＿＿
＿＿＿＿＿＿＿＿＿＿
＿＿＿＿＿＿＿＿＿＿
＿＿＿＿＿＿＿＿＿＿
＿＿＿＿＿＿＿＿＿＿
＿＿＿＿＿＿＿＿＿＿
＿＿＿＿＿＿＿＿＿＿
＿＿＿＿＿＿＿＿＿＿
＿＿＿＿＿＿＿＿＿＿
■■■＿＿＿＿＿＿＿
□□■□□＿＿＿＿＿
□□□□□□＿＿＿＿
□□□□□□＿＿□＿
□□□□□□□□□＿
□□□□□□□□□＿
□□□□□□□□□＿
00:01:02(1867f):field(1866f)
＿＿＿＿＿＿＿＿＿＿
＿＿＿＿＿＿＿＿＿＿
＿＿＿＿＿＿＿＿＿＿
＿＿＿＿＿＿＿＿＿＿
＿＿＿＿＿＿＿＿＿＿
＿＿＿＿＿＿＿＿＿＿
＿＿＿＿＿＿＿＿＿＿
＿＿＿＿＿＿＿＿＿＿
＿＿＿＿＿＿＿＿＿＿
＿＿＿＿＿＿＿＿＿＿
＿＿＿＿＿＿＿＿＿＿
＿＿＿＿＿＿＿＿＿＿
＿＿＿＿＿＿＿＿＿＿
□□□＿＿＿■＿＿＿
□□□□□＿■＿＿＿
□□□□□□■＿＿＿
□□□□□□■＿□＿
□□□□□□□□□＿
□□□□□□□□□＿
□□□□□□□□□＿
00:01:02(1879f):field(1878f)
＿＿＿＿＿＿＿＿＿＿
＿＿＿＿＿＿＿＿＿＿
＿＿＿＿＿＿＿＿＿＿
＿＿＿＿＿＿＿＿＿＿
＿＿＿＿＿＿＿＿＿＿
＿＿＿＿＿＿＿＿＿＿
＿＿＿＿＿＿＿＿＿＿
＿＿＿＿＿＿＿＿＿＿
＿＿＿＿＿＿＿＿＿＿
＿＿＿＿＿＿＿＿＿＿
＿＿＿＿＿＿＿＿＿＿
＿＿＿＿＿＿＿＿＿＿
＿＿＿■■＿＿＿＿＿
□□□■■＿□＿＿＿
□□□□□＿□＿＿＿
□□□□□□□＿＿＿
□□□□□□□＿□＿
□□□□□□□□□＿
□□□□□□□□□＿
□□□□□□□□□＿
00:01:03(1894f):field(1893f)
＿＿＿＿＿＿＿＿＿＿
＿＿＿＿＿＿＿＿＿＿
＿＿＿＿＿＿＿＿＿＿
＿＿＿＿＿＿＿＿＿＿
＿＿＿＿＿＿＿＿＿＿
＿＿＿＿＿＿＿＿＿＿
＿＿＿＿＿＿＿＿＿＿
＿＿＿＿＿＿＿＿＿＿
＿＿＿＿＿＿＿＿＿＿
＿＿＿＿＿＿＿＿＿＿
＿＿＿＿＿＿＿＿＿＿
＿＿＿＿＿＿＿＿＿＿
＿＿＿□□＿＿＿＿＿
□□□□□＿□＿＿＿
□□□□□＿□＿■＿
□□□□□□□■■＿
□□□□□□□■□＿
□□□□□□□□□＿
□□□□□□□□□＿
□□□□□□□□□＿
00:01:03(1908f):field(1907f)
＿＿＿＿＿＿＿＿＿＿
＿＿＿＿＿＿＿＿＿＿
＿＿＿＿＿＿＿＿＿＿
＿＿＿＿＿＿＿＿＿＿
＿＿＿＿＿＿＿＿＿＿
＿＿＿＿＿＿＿＿＿＿
＿＿＿＿＿＿＿＿＿＿
＿＿＿＿＿＿＿＿＿＿
＿＿＿＿＿＿＿＿＿＿
＿＿＿＿＿＿＿＿＿＿
＿＿＿＿＿＿＿＿＿＿
＿＿■■＿＿＿＿＿＿
＿■■□□＿＿＿＿＿
□□□□□＿□＿＿＿
□□□□□＿□＿□＿
□□□□□□□□□＿
□□□□□□□□□＿
□□□□□□□□□＿
□□□□□□□□□＿
□□□□□□□□□＿
00:01:04(1924f):field(1923f)
＿＿＿＿＿＿＿＿＿＿
＿＿＿＿＿＿＿＿＿＿
＿＿＿＿＿＿＿＿＿＿
＿＿＿＿＿＿＿＿＿＿
＿＿＿＿＿＿＿＿＿＿
＿＿＿＿＿＿＿＿＿＿
＿＿＿＿＿＿＿＿＿＿
＿＿＿＿＿＿＿＿＿＿
＿＿＿＿＿＿＿＿＿＿
＿＿＿＿＿＿＿＿＿＿
＿＿＿＿＿＿＿＿＿＿
＿＿◆◆＿＿＿＿＿＿
＿◆□□◆＿＿＿＿＿
◆□□□□＿◆＿＿＿
□□□□□＿□＿□■
□□□□□◆□◆□■
□□□□□□□□□＿
□□□□□□□□□■
□□□□□□□□□＿
□□□□□□□□□＿
00:01:04(1938f):field(1937f)
＿＿＿＿＿＿＿＿＿＿
＿＿＿＿＿＿＿＿＿＿
＿＿＿＿＿＿＿＿＿＿
＿＿＿＿＿＿＿＿＿＿
＿＿＿＿＿＿＿＿＿＿
＿＿＿＿＿＿＿＿＿＿
＿＿＿＿＿＿＿＿＿＿
＿＿＿＿＿＿＿＿＿＿
＿＿＿＿＿＿＿＿＿＿
＿＿＿＿＿＿＿＿＿＿
＿＿＿＿■＿＿＿＿＿
＿＿＿■■＿＿＿＿＿
＿＿□□■＿＿＿＿＿
＿□□□□＿＿＿＿＿
□□□□□＿□＿□□
□□□□□＿□＿□□
□□□□□□□□□＿
□□□□□□□□□◆
□□□□□□□□□＿
□□□□□□□□□＿
00:01:04(1949f):field(1948f)
＿＿＿＿＿＿＿＿＿＿
＿＿＿＿＿＿＿＿＿＿
＿＿＿＿＿＿＿＿＿＿
＿＿＿＿＿＿＿＿＿＿
＿＿＿＿＿＿＿＿＿＿
＿＿＿＿＿＿＿＿＿＿
＿＿＿＿＿＿＿＿＿＿
＿＿＿＿＿＿＿＿＿＿
＿＿＿＿＿＿＿＿＿＿
＿＿＿＿＿＿＿＿＿＿
＿＿＿＿□＿＿＿＿＿
＿＿＿□□＿＿＿＿＿
＿＿□□□■＿＿＿＿
＿□□□□■＿＿＿＿
□□□□□■□＿□□
□□□□□■□＿□□
□□□□□□□□□＿
□□□□□□□□□＿
□□□□□□□□□＿
□□□□□□□□□＿
00:01:05(1968f):field(1967f)
＿＿＿＿＿＿＿＿＿＿
＿＿＿＿＿＿＿＿＿＿
＿＿＿＿＿＿＿＿＿＿
＿＿＿＿＿＿＿＿＿＿
＿＿＿＿＿＿＿＿＿＿
＿＿＿＿＿＿＿＿＿＿
＿＿＿＿＿＿＿＿＿＿
＿＿＿＿＿＿＿＿＿＿
＿＿＿＿＿＿＿＿＿＿
＿＿＿＿＿＿＿＿＿＿
＿＿＿＿◆＿＿＿＿＿
＿＿＿◆◆＿＿＿＿＿
＿＿◆◆□◆＿＿＿＿
＿◆◆□□□＿■＿＿
◆◆□□□□◆＿◆◆
◆□□□□□□■□□
□□□□□□□□□＿
□□□□□□□□□＿
□□□□□□□□□＿
□□□□□□□□□＿
00:01:06(1982f):field(1981f)
＿＿＿＿＿＿＿＿＿＿
＿＿＿＿＿＿＿＿＿＿
＿＿＿＿＿＿＿＿＿＿
＿＿＿＿＿＿＿＿＿＿
＿＿＿＿＿＿＿＿＿＿
＿＿＿＿＿＿＿＿＿＿
＿＿＿＿＿＿＿＿＿＿
＿＿＿＿＿＿＿＿＿＿
＿＿＿＿＿＿＿＿＿＿
＿＿＿＿＿＿＿＿＿＿
＿＿＿＿＿＿＿＿＿＿
＿＿＿＿＿＿＿＿＿＿
＿＿＿＿□＿＿＿＿＿
＿＿＿□□◆＿◆■＿
＿＿□□□□＿＿■■
＿□□□□□◆□□□
□□□□□□□□□＿
□□□□□□□□□＿
□□□□□□□□□＿
□□□□□□□□□＿
00:01:06(1994f):field(1993f)
＿＿＿＿＿＿＿＿＿＿
＿＿＿＿＿＿＿＿＿＿
＿＿＿＿＿＿＿＿＿＿
＿＿＿＿＿＿＿＿＿＿
＿＿＿＿＿＿＿＿＿＿
＿＿＿＿＿＿＿＿＿＿
＿＿＿＿＿＿＿＿＿＿
＿＿＿＿＿＿＿＿＿＿
＿＿＿＿＿＿＿＿＿＿
＿＿＿＿＿＿＿＿＿＿
＿＿＿＿＿＿＿＿＿＿
＿＿＿＿＿＿＿＿＿＿
＿＿＿＿□＿＿＿＿＿
＿＿＿□□＿■■□＿
＿＿□□□□■■□□
＿□□□□□＿□□□
□□□□□□□□□＿
□□□□□□□□□＿
□□□□□□□□□＿
□□□□□□□□□＿
00:01:06(2007f):field(2006f)
＿＿＿＿＿＿＿＿＿＿
＿＿＿＿＿＿＿＿＿＿
＿＿＿＿＿＿＿＿＿＿
＿＿＿＿＿＿＿＿＿＿
＿＿＿＿＿＿＿＿＿＿
＿＿＿＿＿＿＿＿＿＿
＿＿＿＿＿＿＿＿＿＿
＿＿＿＿＿＿＿＿＿＿
＿＿＿＿＿＿＿＿＿＿
＿＿＿＿＿＿＿＿＿＿
＿＿＿＿＿＿＿＿＿＿
＿＿＿＿■■＿＿＿＿
＿＿＿＿□■＿＿＿＿
＿＿＿□□■□□□＿
＿＿□□□□□□□□
＿□□□□□＿□□□
□□□□□□□□□＿
□□□□□□□□□＿
□□□□□□□□□＿
□□□□□□□□□＿
00:01:07(2019f):field(2018f)
＿＿＿＿＿＿＿＿＿＿
＿＿＿＿＿＿＿＿＿＿
＿＿＿＿＿＿＿＿＿＿
＿＿＿＿＿＿＿＿＿＿
＿＿＿＿＿＿＿＿＿＿
＿＿＿＿＿＿＿＿＿＿
＿＿＿＿＿＿＿＿＿＿
＿＿＿＿＿＿＿＿＿＿
＿＿＿＿＿＿＿＿＿＿
＿＿＿＿＿＿＿＿＿＿
＿＿＿＿＿＿＿＿＿＿
＿＿＿＿◆◆＿＿＿＿
＿＿＿＿□□＿＿＿＿
＿＿＿□□□◆◆◆＿
■＿◆□□□□□□◆
■□□□□□＿□□□
□□□□□□□□□■
□□□□□□□□□＿
□□□□□□□□□＿
□□□□□□□□□＿
00:01:07(2032f):field(2031f)
＿＿＿＿＿＿＿＿＿＿
＿＿＿＿＿＿＿＿＿＿
＿＿＿＿＿＿＿＿＿＿
＿＿＿＿＿＿＿＿＿＿
＿＿＿＿＿＿＿＿＿＿
＿＿＿＿＿＿＿＿＿＿
＿＿＿＿＿＿＿＿＿＿
＿＿＿＿＿＿＿＿＿＿
＿＿＿＿＿＿＿＿＿＿
＿＿＿＿＿＿＿＿＿＿
＿＿＿＿＿＿＿＿＿＿
＿＿＿＿＿＿＿＿＿＿
＿＿＿＿□□＿＿＿＿
■■＿◆□□＿＿＿＿
□■■□□□□□□＿
□□□□□□＿□□□
□□□□□□□□□◆
□□□□□□□□□＿
□□□□□□□□□＿
□□□□□□□□□＿
00:01:08(2045f):field(2044f)
＿＿＿＿＿＿＿＿＿＿
＿＿＿＿＿＿＿＿＿＿
＿＿＿＿＿＿＿＿＿＿
＿＿＿＿＿＿＿＿＿＿
＿＿＿＿＿＿＿＿＿＿
＿＿＿＿＿＿＿＿＿＿
＿＿＿＿＿＿＿＿＿＿
＿＿＿＿＿＿＿＿＿＿
＿＿＿＿＿＿＿＿＿＿
＿＿＿＿＿＿＿＿＿＿
＿＿＿＿＿＿＿＿＿＿
＿＿＿＿＿＿＿＿＿＿
＿＿＿＿◆◆＿＿＿＿
◆◆＿＿□□＿＿■■
□□□◆□□◆□□■
□□□□□□＿□□□
□□□□□□□□□＿
□□□□□□□□□＿
□□□□□□□□□＿
□□□□□□□□□＿
00:01:08(2055f):field(2054f)
＿＿＿＿＿＿＿＿＿＿
＿＿＿＿＿＿＿＿＿＿
＿＿＿＿＿＿＿＿＿＿
＿＿＿＿＿＿＿＿＿＿
＿＿＿＿＿＿＿＿＿＿
＿＿＿＿＿＿＿＿＿＿
＿＿＿＿＿＿＿＿＿＿
＿＿＿＿＿＿＿＿＿＿
＿＿＿＿＿＿＿＿＿＿
＿＿＿＿＿＿＿＿＿＿
＿＿＿＿＿＿＿＿＿＿
＿＿＿＿＿＿＿＿＿＿
＿＿＿＿＿＿＿＿＿＿
＿＿＿＿◆◆■＿◆◆
◆□◆■□□■◆□□
□□◆◆□□■□□□
□□□□□□□□□＿
□□□□□□□□□＿
□□□□□□□□□＿
□□□□□□□□□＿
00:01:08(2069f):field(2068f)
＿＿＿＿＿＿＿＿＿＿
＿＿＿＿＿＿＿＿＿＿
＿＿＿＿＿＿＿＿＿＿
＿＿＿＿＿＿＿＿＿＿
＿＿＿＿＿＿＿＿＿＿
＿＿＿＿＿＿＿＿＿＿
＿＿＿＿＿＿＿＿＿＿
＿＿＿＿＿＿＿＿＿＿
＿＿＿＿＿＿＿＿＿＿
＿＿＿＿＿＿＿＿＿＿
＿＿＿＿＿＿＿＿＿＿
＿＿＿＿＿＿＿＿＿＿
＿＿＿＿＿＿＿＿＿＿
＿＿＿■＿＿□＿＿＿
＿◆＿□□□□＿□◆
□□■■□□□◆□□
□□□□□□□□□＿
□□□□□□□□□＿
□□□□□□□□□＿
□□□□□□□□□＿
00:01:09(2079f):field(2078f)
＿＿＿＿＿＿＿＿＿＿
＿＿＿＿＿＿＿＿＿＿
＿＿＿＿＿＿＿＿＿＿
＿＿＿＿＿＿＿＿＿＿
＿＿＿＿＿＿＿＿＿＿
＿＿＿＿＿＿＿＿＿＿
＿＿＿＿＿＿＿＿＿＿
＿＿＿＿＿＿＿＿＿＿
＿＿＿＿＿＿＿＿＿＿
＿＿＿＿＿＿＿＿＿＿
＿＿＿＿＿＿＿＿＿＿
＿＿＿＿＿＿＿＿＿＿
＿＿＿＿■■＿＿＿＿
＿＿＿□■■□＿＿＿
＿＿＿□□□□＿□＿
□□□□□□□＿□□
□□□□□□□□□＿
□□□□□□□□□＿
□□□□□□□□□＿
□□□□□□□□□＿
00:01:09(2092f):field(2091f)
＿＿＿＿＿＿＿＿＿＿
＿＿＿＿＿＿＿＿＿＿
＿＿＿＿＿＿＿＿＿＿
＿＿＿＿＿＿＿＿＿＿
＿＿＿＿＿＿＿＿＿＿
＿＿＿＿＿＿＿＿＿＿
＿＿＿＿＿＿＿＿＿＿
＿＿＿＿＿＿＿＿＿＿
＿＿＿＿＿＿＿＿＿＿
＿＿＿＿＿＿＿＿＿＿
＿＿＿＿■＿＿＿＿＿
＿＿＿■■＿＿＿＿＿
＿＿＿■□□＿＿＿＿
＿＿＿□□□□＿＿＿
＿＿＿□□□□＿□＿
□□□□□□□＿□□
□□□□□□□□□＿
□□□□□□□□□＿
□□□□□□□□□＿
□□□□□□□□□＿
00:01:10(2108f):field(2107f)
＿＿＿＿＿＿＿＿＿＿
＿＿＿＿＿＿＿＿＿＿
＿＿＿＿＿＿＿＿＿＿
＿＿＿＿＿＿＿＿＿＿
＿＿＿＿＿＿＿＿＿＿
＿＿＿＿＿＿＿＿＿＿
＿＿＿＿＿＿＿＿＿＿
＿＿＿＿＿＿＿＿＿＿
＿＿＿＿＿■＿＿＿＿
＿＿＿＿■■＿＿＿＿
＿＿＿＿□■＿＿＿＿
＿＿＿□□＿＿＿＿＿
＿＿＿□□□＿＿＿＿
＿＿＿□□□□＿＿＿
＿＿＿□□□□＿□＿
□□□□□□□＿□□
□□□□□□□□□＿
□□□□□□□□□＿
□□□□□□□□□＿
□□□□□□□□□＿
00:01:10(2121f):field(2120f)
＿＿＿＿＿＿＿＿＿＿
＿＿＿＿＿＿＿＿＿＿
＿＿＿＿＿＿＿＿＿＿
＿＿＿＿＿＿＿＿＿＿
＿＿＿＿＿＿＿＿＿＿
＿＿＿＿＿＿＿＿＿＿
＿＿＿＿＿＿＿＿＿＿
＿＿＿＿＿＿＿＿＿＿
＿＿＿＿＿□＿＿＿＿
＿＿＿＿□□＿＿＿＿
＿＿＿＿□□＿＿＿＿
＿＿＿□□＿＿＿＿＿
＿＿＿□□□＿＿＿＿
＿＿■□□□□＿＿＿
■■■□□□□＿□＿
□□□□□□□＿□□
□□□□□□□□□＿
□□□□□□□□□＿
□□□□□□□□□＿
□□□□□□□□□＿
00:01:11(2135f):field(2134f)
＿＿＿＿＿＿＿＿＿＿
＿＿＿＿＿＿＿＿＿＿
＿＿＿＿＿＿＿＿＿＿
＿＿＿＿＿＿＿＿＿＿
＿＿＿＿＿＿＿＿＿＿
＿＿＿＿＿＿＿＿＿＿
＿＿＿＿＿＿＿＿＿＿
＿＿＿＿＿＿＿＿＿＿
＿＿＿＿＿□＿＿＿＿
＿＿＿＿□□■＿＿＿
＿＿＿＿□□■＿＿＿
＿＿＿□□＿■＿＿＿
＿＿＿□□□■＿＿＿
＿＿□□□□□＿＿＿
□□□□□□□＿□＿
□□□□□□□＿□□
□□□□□□□□□＿
□□□□□□□□□＿
□□□□□□□□□＿
□□□□□□□□□＿
00:01:11(2149f):field(2148f)
＿＿＿＿＿＿＿＿＿＿
＿＿＿＿＿＿＿＿＿＿
＿＿＿＿＿＿＿＿＿＿
＿＿＿＿＿＿＿＿＿＿
＿＿＿＿＿＿＿＿＿＿
＿＿＿＿＿＿＿＿＿＿
＿＿＿＿＿＿＿＿＿＿
＿＿＿＿＿＿＿＿＿＿
＿＿＿■■□＿＿＿＿
＿＿＿■□□□＿＿＿
＿＿＿■□□□＿＿＿
＿＿＿□□＿□＿＿＿
＿＿＿□□□□＿＿＿
＿＿□□□□□＿＿＿
□□□□□□□＿□＿
□□□□□□□＿□□
□□□□□□□□□＿
□□□□□□□□□＿
□□□□□□□□□＿
□□□□□□□□□＿
00:01:12(2161f):field(2160f)
＿＿＿＿＿＿＿＿＿＿
＿＿＿＿＿＿＿＿＿＿
＿＿＿＿＿＿＿＿＿＿
＿＿＿＿＿＿＿＿＿＿
＿＿＿＿＿＿＿＿＿＿
＿＿＿＿＿＿＿＿＿＿
＿＿＿＿＿＿＿＿＿＿
＿＿＿＿＿＿＿＿＿＿
＿＿＿□□□＿＿＿＿
＿＿＿□□□□＿＿＿
＿＿＿□□□□＿＿＿
＿＿＿□□＿□＿＿＿
＿■■□□□□＿＿＿
■■□□□□□＿＿＿
□□□□□□□＿□＿
□□□□□□□＿□□
□□□□□□□□□＿
□□□□□□□□□＿
□□□□□□□□□＿
□□□□□□□□□＿
00:01:12(2174f):field(2173f)
＿＿＿＿＿＿＿＿＿＿
＿＿＿＿＿＿＿＿＿＿
＿＿＿＿＿＿＿＿＿＿
＿＿＿＿＿＿＿＿＿＿
＿＿＿＿＿＿＿＿＿＿
＿＿＿＿＿＿＿＿＿＿
＿＿＿＿＿＿＿＿＿＿
＿＿＿＿＿＿＿＿＿＿
＿＿＿□□□＿＿＿＿
＿＿＿□□□□＿＿＿
＿＿＿□□□□＿＿＿
＿＿＿□□＿□＿＿＿
＿□□□□□□＿＿■
□□□□□□□＿■■
□□□□□□□＿□■
□□□□□□□＿□□
□□□□□□□□□＿
□□□□□□□□□＿
□□□□□□□□□＿
□□□□□□□□□＿
00:01:12(2187f):field(2186f)
＿＿＿＿＿＿＿＿＿＿
＿＿＿＿＿＿＿＿＿＿
＿＿＿＿＿＿＿＿＿＿
＿＿＿＿＿＿＿＿＿＿
＿＿＿＿＿＿＿＿＿＿
＿＿＿＿＿＿＿＿＿＿
＿＿＿＿＿＿＿＿＿＿
＿＿＿＿＿＿＿＿＿＿
＿＿＿□□□＿＿＿＿
＿＿＿□□□□＿＿＿
＿＿＿□□□□＿＿＿
■■■□□＿□＿＿＿
■□□□□□□＿＿□
□□□□□□□＿□□
□□□□□□□＿□□
□□□□□□□＿□□
□□□□□□□□□＿
□□□□□□□□□＿
□□□□□□□□□＿
□□□□□□□□□＿
00:01:13(2201f):field(2200f)
＿＿＿＿＿＿＿＿＿＿
＿＿＿＿＿＿＿＿＿＿
＿＿＿＿＿＿＿＿＿＿
＿＿＿＿＿＿＿＿＿＿
＿＿＿＿＿＿＿＿＿＿
＿＿＿＿＿＿＿＿＿＿
＿＿＿＿＿＿＿＿＿＿
＿＿＿＿＿＿＿＿＿＿
＿＿＿□□□＿＿＿＿
＿＿＿□□□□＿＿＿
＿＿＿□□□□＿＿■
□□□□□＿□＿■■
□□□□□□□＿■□
□□□□□□□＿□□
□□□□□□□＿□□
□□□□□□□＿□□
□□□□□□□□□＿
□□□□□□□□□＿
□□□□□□□□□＿
□□□□□□□□□＿
00:01:13(2215f):field(2214f)
＿＿＿＿＿＿＿＿＿＿
＿＿＿＿＿＿＿＿＿＿
＿＿＿＿＿＿＿＿＿＿
＿＿＿＿＿＿＿＿＿＿
＿＿＿＿＿＿＿＿＿＿
＿＿＿＿＿＿＿＿＿＿
＿＿＿＿＿＿＿＿＿＿
＿＿＿＿＿＿＿＿＿＿
＿＿＿◆◆◆＿＿＿＿
＿＿＿◆◆◆◆＿＿＿
＿＿＿◆◆◆◆＿＿◆
◆□◆◆◆＿◆＿◆□
◆◆□□□□◆■□◆
□□◆□□□□■□□
□□□□□□□■□□
□□□□□◆□■□□
□□□□□□□□□■
□□□□□□□□□＿
□□□□□□□□□＿
□□□□□□□□□＿
00:01:14(2226f):field(2225f)
＿＿＿＿＿＿＿＿＿＿
＿＿＿＿＿＿＿＿＿＿
＿＿＿＿＿＿＿＿＿＿
＿＿＿＿＿＿＿＿＿＿
＿＿＿＿＿＿＿＿＿＿
＿＿＿＿＿＿＿＿＿＿
＿＿＿＿＿＿＿＿＿＿
＿＿＿＿＿＿＿＿＿＿
＿＿＿＿＿＿＿＿＿＿
＿＿＿＿＿＿＿＿＿＿
＿＿＿＿＿＿＿＿＿＿
＿◆＿＿＿＿＿＿＿◆
＿＿◆□□□＿◆◆＿
□◆＿□□□□◆◆◆
□□□□□□□◆◆□
□□□□□＿□◆□□
□□□□□□□□□◆
□□□□□□□□□＿
□□□□□□□□□＿
□□□□□□□□□＿
00:01:14(2239f):field(2238f)
＿＿＿＿＿＿＿＿＿＿
＿＿＿＿＿＿＿＿＿＿
＿＿＿＿＿＿＿＿＿＿
＿＿＿＿＿＿＿＿＿＿
＿＿＿＿＿＿＿＿＿＿
＿＿＿＿＿＿＿＿＿＿
＿＿＿＿＿＿＿＿＿＿
＿＿＿＿＿＿＿＿＿＿
＿＿＿＿＿＿＿＿＿＿
＿＿＿＿＿＿＿＿＿＿
＿＿＿＿＿＿＿＿＿＿
＿＿＿＿＿＿＿＿＿＿
＿■■□□□＿＿＿＿
□■■□□□□＿＿＿
□□□□□□□＿＿□
□□□□□＿□＿□□
□□□□□□□□□＿
□□□□□□□□□＿
□□□□□□□□□＿
□□□□□□□□□＿
00:01:15(2252f):field(2251f)
＿＿＿＿＿＿＿＿＿＿
＿＿＿＿＿＿＿＿＿＿
＿＿＿＿＿＿＿＿＿＿
＿＿＿＿＿＿＿＿＿＿
＿＿＿＿＿＿＿＿＿＿
＿＿＿＿＿＿＿＿＿＿
＿＿＿＿＿＿＿＿＿＿
＿＿＿＿＿＿＿＿＿＿
＿＿＿＿＿＿＿＿＿＿
＿＿＿＿＿＿＿＿＿＿
＿＿＿＿＿＿＿＿＿＿
■■■＿＿＿＿＿＿＿
■□□□□□＿＿＿＿
□□□□□□□＿＿＿
□□□□□□□＿＿□
□□□□□＿□＿□□
□□□□□□□□□＿
□□□□□□□□□＿
□□□□□□□□□＿
□□□□□□□□□＿
00:01:15(2268f):field(2267f)
＿＿＿＿＿＿＿＿＿＿
＿＿＿＿＿＿＿＿＿＿
＿＿＿＿＿＿＿＿＿＿
＿＿＿＿＿＿＿＿＿＿
＿＿＿＿＿＿＿＿＿＿
＿＿＿＿＿＿＿＿＿＿
＿＿＿＿＿＿＿＿＿＿
＿＿＿＿＿＿＿＿＿＿
＿＿＿＿＿＿＿＿＿＿
＿＿＿＿＿＿＿＿＿＿
＿＿＿＿＿＿＿＿＿＿
◆◆◆＿＿＿＿＿＿＿
□□□◆◆◆＿＿＿＿
□□□□□□◆＿＿■
□□□□□□□■＿◆
□□□□□■□■□□
□□□□□□□□□＿
□□□□□□□□□＿
□□□□□□□□□＿
□□□□□□□□□＿
00:01:16(2280f):field(2279f)
＿＿＿＿＿＿＿＿＿＿
＿＿＿＿＿＿＿＿＿＿
＿＿＿＿＿＿＿＿＿＿
＿＿＿＿＿＿＿＿＿＿
＿＿＿＿＿＿＿＿＿＿
＿＿＿＿＿＿＿＿＿＿
＿＿＿＿＿＿＿＿＿＿
＿＿＿＿＿＿＿＿＿＿
＿＿＿＿＿＿＿＿＿＿
＿＿＿＿＿＿＿＿＿＿
＿＿＿＿＿＿＿＿＿＿
＿＿＿＿＿＿＿＿＿■
□□□＿＿＿＿＿＿■
□□□□□□＿＿＿□
□□□□□□□□＿■
□□□□□◆□□□□
□□□□□□□□□＿
□□□□□□□□□＿
□□□□□□□□□＿
□□□□□□□□□＿
00:01:16(2293f):field(2292f)
＿＿＿＿＿＿＿＿＿＿
＿＿＿＿＿＿＿＿＿＿
＿＿＿＿＿＿＿＿＿＿
＿＿＿＿＿＿＿＿＿＿
＿＿＿＿＿＿＿＿＿＿
＿＿＿＿＿＿＿＿＿＿
＿＿＿＿＿＿＿＿＿＿
＿＿＿＿＿＿＿＿＿＿
＿＿＿＿＿＿＿＿＿＿
＿＿＿＿＿＿＿＿＿＿
＿＿＿＿＿＿＿＿＿＿
＿＿■■＿＿＿＿＿□
□□□■■＿＿＿＿□
□□□□□□＿＿＿□
□□□□□□□□＿□
□□□□□＿□□□□
□□□□□□□□□＿
□□□□□□□□□＿
□□□□□□□□□＿
□□□□□□□□□＿
00:01:16(2306f):field(2305f)
＿＿＿＿＿＿＿＿＿＿
＿＿＿＿＿＿＿＿＿＿
＿＿＿＿＿＿＿＿＿＿
＿＿＿＿＿＿＿＿＿＿
＿＿＿＿＿＿＿＿＿＿
＿＿＿＿＿＿＿＿＿＿
＿＿＿＿＿＿＿＿＿＿
＿＿＿＿＿＿＿＿＿＿
＿＿＿＿＿＿＿＿＿＿
＿＿＿＿＿＿＿＿＿＿
＿■■＿＿＿＿＿＿＿
■■□□＿＿＿＿＿□
□□□□□＿＿＿＿□
□□□□□□＿＿＿□
□□□□□□□□＿□
□□□□□＿□□□□
□□□□□□□□□＿
□□□□□□□□□＿
□□□□□□□□□＿
□□□□□□□□□＿
00:01:17(2318f):field(2317f)
＿＿＿＿＿＿＿＿＿＿
＿＿＿＿＿＿＿＿＿＿
＿＿＿＿＿＿＿＿＿＿
＿＿＿＿＿＿＿＿＿＿
＿＿＿＿＿＿＿＿＿＿
＿＿＿＿＿＿＿＿＿＿
＿＿＿＿＿＿＿＿＿＿
＿＿＿＿＿＿＿＿＿＿
＿＿＿＿＿＿＿＿＿＿
＿＿＿＿＿＿＿＿＿＿
＿◆◆＿＿＿＿＿＿＿
◆◆◆◆＿＿＿＿＿◆
◆□□□◆＿＿＿＿◆
□□□□◆◆＿＿＿□
□□□□□◆□□＿□
□□□□□■□□□□
□□□□□□□□□＿
□□□□□□□□□＿
□□□□□□□□□＿
□□□□□□□□□＿
00:01:17(2329f):field(2328f)
＿＿＿＿＿＿＿＿＿＿
＿＿＿＿＿＿＿＿＿＿
＿＿＿＿＿＿＿＿＿＿
＿＿＿＿＿＿＿＿＿＿
＿＿＿＿＿＿＿＿＿＿
＿＿＿＿＿＿＿＿＿＿
＿＿＿＿＿＿＿＿＿＿
＿＿＿＿＿＿＿＿＿＿
＿＿＿＿＿＿＿＿＿＿
＿＿＿＿＿＿＿＿＿＿
＿＿＿＿＿＿＿＿＿＿
＿＿＿＿＿＿＿＿＿＿
＿◆◆◆＿＿＿＿＿＿
◆□□◆＿＿＿＿＿◆
□□□□◆■◆◆＿□
□□□□□□□□◆□
□□□□□□□□□＿
□□□□□□□□□＿
□□□□□□□□□＿
□□□□□□□□□＿
00:01:18(2342f):field(2341f)
＿＿＿＿＿＿＿＿＿＿
＿＿＿＿＿＿＿＿＿＿
＿＿＿＿＿＿＿＿＿＿
＿＿＿＿＿＿＿＿＿＿
＿＿＿＿＿＿＿＿＿＿
＿＿＿＿＿＿＿＿＿＿
＿＿＿＿＿＿＿＿＿＿
＿＿＿＿＿＿＿＿＿＿
＿＿＿＿＿＿＿＿＿＿
＿＿＿＿＿＿＿＿＿＿
＿＿＿＿＿＿＿＿＿＿
＿＿＿＿＿＿＿＿＿＿
＿＿＿＿＿＿＿＿＿＿
＿□□＿■■■＿＿＿
□□□□■□＿＿＿□
□□□□□□□◆＿□
□□□□□□□□□＿
□□□□□□□□□＿
□□□□□□□□□＿
□□□□□□□□□＿
00:01:18(2353f):field(2352f)
＿＿＿＿＿＿＿＿＿＿
＿＿＿＿＿＿＿＿＿＿
＿＿＿＿＿＿＿＿＿＿
＿＿＿＿＿＿＿＿＿＿
＿＿＿＿＿＿＿＿＿＿
＿＿＿＿＿＿＿＿＿＿
＿＿＿＿＿＿＿＿＿＿
＿＿＿＿＿＿＿＿＿＿
＿＿＿＿＿＿＿＿＿＿
＿＿＿＿＿＿＿＿＿＿
＿＿＿＿＿＿＿＿＿＿
＿＿＿＿■■＿＿＿＿
＿＿＿＿■■＿＿＿＿
＿□□＿□□□＿＿＿
□□□□□□＿＿＿□
□□□□□□□＿＿□
□□□□□□□□□＿
□□□□□□□□□＿
□□□□□□□□□＿
□□□□□□□□□＿
00:01:18(2366f):field(2365f)
＿＿＿＿＿＿＿＿＿＿
＿＿＿＿＿＿＿＿＿＿
＿＿＿＿＿＿＿＿＿＿
＿＿＿＿＿＿＿＿＿＿
＿＿＿＿＿＿＿＿＿＿
＿＿＿＿＿＿＿＿＿＿
＿＿＿＿＿＿＿＿＿＿
＿＿＿＿＿＿＿＿＿＿
＿＿＿＿＿＿＿＿＿＿
＿＿＿＿＿＿＿＿＿＿
＿＿＿■＿＿＿＿＿＿
＿＿＿■□□＿＿＿＿
＿＿＿■□□＿＿＿＿
＿□□■□□□＿＿＿
□□□□□□＿＿＿□
□□□□□□□＿＿□
□□□□□□□□□＿
□□□□□□□□□＿
□□□□□□□□□＿
□□□□□□□□□＿
00:01:19(2381f):field(2380f)
＿＿＿＿＿＿＿＿＿＿
＿＿＿＿＿＿＿＿＿＿
＿＿＿＿＿＿＿＿＿＿
＿＿＿＿＿＿＿＿＿＿
＿＿＿＿＿＿＿＿＿＿
＿＿＿＿＿＿＿＿＿＿
＿＿＿＿＿＿＿＿＿＿
＿＿＿＿＿＿＿＿＿＿
＿＿＿＿＿＿＿＿＿＿
＿＿＿＿＿＿＿＿＿＿
＿＿＿◆＿＿＿＿＿＿
＿＿＿□◆◆＿＿＿＿
＿＿＿□□□＿＿＿＿
＿◆□□□□◆＿＿＿
◆□□□□□■＿＿◆
□□□□□□□＿■□
□□□□□□□□□＿
□□□□□□□□□＿
□□□□□□□□□＿
□□□□□□□□□＿
00:01:19(2393f):field(2392f)
＿＿＿＿＿＿＿＿＿＿
＿＿＿＿＿＿＿＿＿＿
＿＿＿＿＿＿＿＿＿＿
＿＿＿＿＿＿＿＿＿＿
＿＿＿＿＿＿＿＿＿＿
＿＿＿＿＿＿＿＿＿＿
＿＿＿＿＿＿＿＿＿＿
＿＿＿＿＿＿＿＿＿＿
＿＿＿＿＿＿＿＿＿＿
＿＿＿■＿＿＿＿＿＿
＿＿＿■■＿＿＿＿＿
＿＿＿□■＿＿＿＿＿
＿＿＿□□□＿＿＿＿
＿＿◆□□□＿＿＿＿
＿□□□□□□＿＿＿
□□□□□□□＿□□
□□□□□□□□□＿
□□□□□□□□□＿
□□□□□□□□□＿
□□□□□□□□□＿
00:01:20(2405f):field(2404f)
＿＿＿＿＿＿＿＿＿＿
＿＿＿＿＿＿＿＿＿＿
＿＿＿＿＿＿＿＿＿＿
＿＿＿＿＿＿＿＿＿＿
＿＿＿＿＿＿＿＿＿＿
＿＿＿＿＿＿＿＿＿＿
＿＿＿＿＿＿＿＿＿＿
＿＿＿＿＿＿＿＿＿＿
＿＿＿＿＿＿＿＿＿＿
＿＿＿◆＿＿＿＿＿＿
＿＿＿□◆＿＿＿＿＿
＿＿＿□□＿＿＿＿＿
＿＿＿□□◆＿＿＿＿
＿＿＿□□□＿＿＿＿
■◆◆□□□□■■＿
◆□□□□□□■□□
□□□□□□□□□＿
□□□□□□□□□＿
□□□□□□□□□＿
□□□□□□□□□＿
00:01:20(2418f):field(2417f)
＿＿＿＿＿＿＿＿＿＿
＿＿＿＿＿＿＿＿＿＿
＿＿＿＿＿＿＿＿＿＿
＿＿＿＿＿＿＿＿＿＿
＿＿＿＿＿＿＿＿＿＿
＿＿＿＿＿＿＿＿＿＿
＿＿＿＿＿＿＿＿＿＿
＿＿＿＿＿＿＿＿＿＿
＿＿＿＿＿＿＿＿＿＿
＿＿＿＿＿＿＿＿＿＿
＿＿＿□■■＿＿＿＿
＿＿＿□□■＿＿＿＿
＿＿＿□□■＿＿＿＿
＿＿＿□□□＿＿＿＿
◆＿＿□□□◆◆□＿
＿□□□□□□□□◆
□□□□□□□□□＿
□□□□□□□□□＿
□□□□□□□□□＿
□□□□□□□□□＿
00:01:21(2434f):field(2433f)
＿＿＿＿＿＿＿＿＿＿
＿＿＿＿＿＿＿＿＿＿
＿＿＿＿＿＿＿＿＿＿
＿＿＿＿＿＿＿＿＿＿
＿＿＿＿＿＿＿＿＿＿
＿＿＿＿＿＿＿＿＿＿
＿＿＿＿＿＿＿＿＿＿
＿＿＿＿＿＿＿＿＿＿
＿＿＿＿＿＿＿＿＿＿
＿＿＿＿＿＿＿＿＿＿
＿＿＿□□□＿＿＿＿
＿＿＿□□□＿＿＿＿
＿＿＿□□□＿＿＿＿
＿＿＿□□□■■＿＿
＿＿＿□□□■■□＿
＿□□□□□□□□＿
□□□□□□□□□＿
□□□□□□□□□＿
□□□□□□□□□＿
□□□□□□□□□＿
00:01:21(2446f):field(2445f)
＿＿＿＿＿＿＿＿＿＿
＿＿＿＿＿＿＿＿＿＿
＿＿＿＿＿＿＿＿＿＿
＿＿＿＿＿＿＿＿＿＿
＿＿＿＿＿＿＿＿＿＿
＿＿＿＿＿＿＿＿＿＿
＿＿＿＿＿＿＿＿＿＿
＿＿＿＿＿＿＿＿＿＿
＿＿＿＿＿＿＿＿＿＿
＿＿＿＿＿＿＿＿＿＿
＿＿＿□□□＿＿＿＿
＿＿＿□□□＿＿＿＿
＿＿■□□□＿＿＿＿
＿＿■□□□□□＿＿
＿■■□□□□□□＿
＿□□□□□□□□＿
□□□□□□□□□＿
□□□□□□□□□＿
□□□□□□□□□＿
□□□□□□□□□＿
00:01:22(2460f):field(2459f)
＿＿＿＿＿＿＿＿＿＿
＿＿＿＿＿＿＿＿＿＿
＿＿＿＿＿＿＿＿＿＿
＿＿＿＿＿＿＿＿＿＿
＿＿＿＿＿＿＿＿＿＿
＿＿＿＿＿＿＿＿＿＿
＿＿＿＿＿＿＿＿＿＿
＿＿＿＿＿＿＿＿＿＿
＿＿＿＿＿＿＿＿＿＿
＿＿＿＿＿＿＿＿＿＿
＿＿＿□□□＿＿＿＿
＿＿＿□□□＿＿＿＿
＿＿□□□□＿＿＿■
＿＿□□□□□□■■
＿□□□□□□□□■
＿□□□□□□□□＿
□□□□□□□□□＿
□□□□□□□□□＿
□□□□□□□□□＿
□□□□□□□□□＿
00:01:22(2472f):field(2471f)
＿＿＿＿＿＿＿＿＿＿
＿＿＿＿＿＿＿＿＿＿
＿＿＿＿＿＿＿＿＿＿
＿＿＿＿＿＿＿＿＿＿
＿＿＿＿＿＿＿＿＿＿
＿＿＿＿＿＿＿＿＿＿
＿＿＿＿＿＿＿＿＿＿
＿＿＿＿＿＿＿＿＿＿
＿＿＿＿＿＿＿＿＿＿
＿＿＿＿＿＿＿＿＿＿
＿＿＿□□□＿＿＿＿
＿＿＿□□□＿＿■■
＿＿□□□□＿■■□
＿＿□□□□□□□□
＿□□□□□□□□□
＿□□□□□□□□＿
□□□□□□□□□＿
□□□□□□□□□＿
□□□□□□□□□＿
□□□□□□□□□＿
00:01:22(2485f):field(2484f)
＿＿＿＿＿＿＿＿＿＿
＿＿＿＿＿＿＿＿＿＿
＿＿＿＿＿＿＿＿＿＿
＿＿＿＿＿＿＿＿＿＿
＿＿＿＿＿＿＿＿＿＿
＿＿＿＿＿＿＿＿＿＿
＿＿＿＿＿＿＿＿＿＿
＿＿＿＿＿＿＿＿＿＿
＿＿＿＿＿＿＿＿＿＿
＿＿＿＿＿＿＿＿＿＿
＿＿＿◆◆◆＿＿＿＿
＿＿＿□□□＿＿◆◆
＿＿◆□□□＿◆□□
■＿□□□□◆□□□
■◆□□□□□□□□
■□□□□□□□□■
□□□□□□□□□＿
□□□□□□□□□＿
□□□□□□□□□＿
□□□□□□□□□＿
00:01:23(2497f):field(2496f)
＿＿＿＿＿＿＿＿＿＿
＿＿＿＿＿＿＿＿＿＿
＿＿＿＿＿＿＿＿＿＿
＿＿＿＿＿＿＿＿＿＿
＿＿＿＿＿＿＿＿＿＿
＿＿＿＿＿＿＿＿＿＿
＿＿＿＿＿＿＿＿＿＿
＿＿＿＿＿＿＿＿＿＿
＿＿＿＿＿＿＿＿＿＿
＿＿＿■■＿＿＿＿＿
＿＿＿■■＿＿＿＿＿
＿＿＿□□□＿＿＿＿
＿＿＿□□□＿＿□□
□＿□□□□＿□□□
□＿□□□□□□□□
□□□□□□□□□◆
□□□□□□□□□＿
□□□□□□□□□＿
□□□□□□□□□＿
□□□□□□□□□＿
00:01:23(2510f):field(2509f)
＿＿＿＿＿＿＿＿＿＿
＿＿＿＿＿＿＿＿＿＿
＿＿＿＿＿＿＿＿＿＿
＿＿＿＿＿＿＿＿＿＿
＿＿＿＿＿＿＿＿＿＿
＿＿＿＿＿＿＿＿＿＿
＿＿＿＿＿＿＿＿＿＿
＿＿＿＿＿＿＿＿＿＿
＿＿＿＿＿＿＿＿＿＿
＿＿＿◆◆＿＿＿＿＿
＿＿＿□□＿＿＿＿＿
＿＿＿□□◆＿＿＿＿
＿＿＿□□□＿＿◆◆
□■□□□□■◆□□
□■□□□□◆□□□
□□□□□□□□□＿
□□□□□□□□□＿
□□□□□□□□□＿
□□□□□□□□□＿
□□□□□□□□□＿
00:01:24(2522f):field(2521f)
＿＿＿＿＿＿＿＿＿＿
＿＿＿＿＿＿＿＿＿＿
＿＿＿＿＿＿＿＿＿＿
＿＿＿＿＿＿＿＿＿＿
＿＿＿＿＿＿＿＿＿＿
＿＿＿＿＿＿＿＿＿＿
＿＿＿＿＿＿＿＿＿＿
＿＿＿＿＿＿＿＿＿＿
＿＿＿＿＿＿＿＿＿＿
＿＿＿＿＿＿＿＿＿＿
＿＿＿◆◆＿＿＿＿＿
＿＿＿□□＿＿＿＿＿
＿＿＿□□◆＿＿＿＿
◆□◆□□□□＿◆◆
□□◆□□□■□□□
□□□□□□□□□＿
□□□□□□□□□＿
□□□□□□□□□＿
□□□□□□□□□＿
□□□□□□□□□＿
00:01:24(2534f):field(2533f)
＿＿＿＿＿＿＿＿＿＿
＿＿＿＿＿＿＿＿＿＿
＿＿＿＿＿＿＿＿＿＿
＿＿＿＿＿＿＿＿＿＿
＿＿＿＿＿＿＿＿＿＿
＿＿＿＿＿＿＿＿＿＿
＿＿＿＿＿＿＿＿＿＿
＿＿＿＿＿＿＿＿＿＿
＿＿＿＿＿＿＿＿＿＿
＿＿＿＿＿＿＿＿＿＿
＿＿＿＿＿＿＿＿＿＿
＿＿＿◆◆＿＿＿＿＿
＿＿＿□□＿＿＿＿＿
＿◆■□□◆◆■＿＿
□□■□□□□◆◆◆
□□□□□□□□□＿
□□□□□□□□□■
□□□□□□□□□＿
□□□□□□□□□＿
□□□□□□□□□＿
00:01:24(2546f):field(2545f)
＿＿＿＿＿＿＿＿＿＿
＿＿＿＿＿＿＿＿＿＿
＿＿＿＿＿＿＿＿＿＿
＿＿＿＿＿＿＿＿＿＿
＿＿＿＿＿＿＿＿＿＿
＿＿＿＿＿＿＿＿＿＿
＿＿＿＿＿＿＿＿＿＿
＿＿＿＿＿＿＿＿＿＿
＿＿＿＿＿＿＿＿＿＿
＿＿＿＿＿＿＿＿＿＿
＿＿＿＿＿＿＿＿＿＿
＿＿＿＿＿＿＿＿＿＿
＿＿＿◆◆＿＿＿＿＿
＿＿◆◆◆＿＿◆＿＿
◆◆◆◆◆◆◆＿＿＿
◆◆◆□□◆◆◆◆＿
◆□◆□□□◆◆◆□
◆◆◆□□□□◆□＿
□□□□□□□□□■
□□□□□□□□□＿
00:01:25(2560f):field(2559f)
＿＿＿＿＿＿＿＿＿＿
＿＿＿＿＿＿＿＿＿＿
＿＿＿＿＿＿＿＿＿＿
＿＿＿＿＿＿＿＿＿＿
＿＿＿＿＿＿＿＿＿＿
＿＿＿＿＿＿＿＿＿＿
＿＿＿＿＿＿＿＿＿＿
＿＿＿＿＿＿＿＿＿＿
＿＿＿＿＿＿＿＿＿＿
＿＿＿＿＿＿＿＿＿＿
＿＿＿＿＿＿＿＿＿＿
＿＿＿＿＿＿＿＿＿＿
＿＿＿＿＿＿＿＿＿＿
＿＿＿＿＿＿＿＿＿＿
＿＿＿＿＿＿＿＿＿＿
＿＿＿◆◆＿＿＿＿＿
＿◆＿□□◆＿＿＿◆
＿＿＿□□◆□■◆＿
□□□□□□□□□◆
□□□□□□□□□＿
00:01:25(2574f):field(2573f)
＿＿＿＿＿＿＿＿＿＿
＿＿＿＿＿＿＿＿＿＿
＿＿＿＿＿＿＿＿＿＿
＿＿＿＿＿＿＿＿＿＿
＿＿＿＿＿＿＿＿＿＿
＿＿＿＿＿＿＿＿＿＿
＿＿＿＿＿＿＿＿＿＿
＿＿＿＿＿＿＿＿＿＿
＿＿＿＿＿＿＿＿＿＿
＿＿＿＿＿＿＿＿＿＿
＿＿＿＿＿＿＿＿＿＿
＿＿＿＿＿＿＿＿＿＿
＿＿＿＿＿＿＿＿＿＿
＿＿＿＿＿＿＿＿＿＿
＿＿＿＿＿＿＿＿＿＿
＿＿＿＿＿＿＿＿＿＿
＿＿■□□＿＿＿＿＿
■■■□□＿□□＿＿
□□□□□□□□□＿
□□□□□□□□□＿
00:01:26(2587f):field(2586f)
＿＿＿＿＿＿＿＿＿＿
＿＿＿＿＿＿＿＿＿＿
＿＿＿＿＿＿＿＿＿＿
＿＿＿＿＿＿＿＿＿＿
＿＿＿＿＿＿＿＿＿＿
＿＿＿＿＿＿＿＿＿＿
＿＿＿＿＿＿＿＿＿＿
＿＿＿＿＿＿＿＿＿＿
＿＿＿＿＿＿＿＿＿＿
＿＿＿＿＿＿＿＿＿＿
＿＿＿＿＿＿＿＿＿＿
＿＿＿＿＿＿＿＿＿＿
＿＿＿＿＿＿＿＿＿＿
＿＿＿＿＿＿＿＿＿＿
＿＿＿＿＿＿＿＿＿＿
＿■■＿＿＿＿＿＿＿
■■□□□＿＿＿＿＿
□□□□□＿□□＿＿
□□□□□□□□□＿
□□□□□□□□□＿
00:01:26(2599f):field(2598f)
＿＿＿＿＿＿＿＿＿＿
＿＿＿＿＿＿＿＿＿＿
＿＿＿＿＿＿＿＿＿＿
＿＿＿＿＿＿＿＿＿＿
＿＿＿＿＿＿＿＿＿＿
＿＿＿＿＿＿＿＿＿＿
＿＿＿＿＿＿＿＿＿＿
＿＿＿＿＿＿＿＿＿＿
＿＿＿＿＿＿＿＿＿＿
＿＿＿＿＿＿＿＿＿＿
＿＿＿＿＿＿＿＿＿＿
＿＿＿＿＿＿＿＿＿＿
＿＿＿＿＿＿＿＿＿＿
＿＿＿＿＿＿＿＿＿＿
＿＿＿■■＿＿＿＿＿
＿□□■■＿＿＿＿＿
□□□□□＿＿＿＿＿
□□□□□＿□□＿＿
□□□□□□□□□＿
□□□□□□□□□＿
00:01:27(2610f):field(2609f)
＿＿＿＿＿＿＿＿＿＿
＿＿＿＿＿＿＿＿＿＿
＿＿＿＿＿＿＿＿＿＿
＿＿＿＿＿＿＿＿＿＿
＿＿＿＿＿＿＿＿＿＿
＿＿＿＿＿＿＿＿＿＿
＿＿＿＿＿＿＿＿＿＿
＿＿＿＿＿＿＿＿＿＿
＿＿＿＿＿＿＿＿＿＿
＿＿＿＿＿＿＿＿＿＿
＿＿＿＿＿＿＿＿＿＿
＿＿＿＿＿＿＿＿＿＿
＿＿＿＿＿＿＿＿＿＿
＿＿＿＿＿＿＿＿＿＿
＿＿＿□□＿＿＿＿＿
＿□□□□＿■＿＿＿
□□□□□■■＿＿＿
□□□□□■□□＿＿
□□□□□□□□□＿
□□□□□□□□□＿
00:01:27(2622f):field(2621f)
＿＿＿＿＿＿＿＿＿＿
＿＿＿＿＿＿＿＿＿＿
＿＿＿＿＿＿＿＿＿＿
＿＿＿＿＿＿＿＿＿＿
＿＿＿＿＿＿＿＿＿＿
＿＿＿＿＿＿＿＿＿＿
＿＿＿＿＿＿＿＿＿＿
＿＿＿＿＿＿＿＿＿＿
＿＿＿＿＿＿＿＿＿＿
＿＿＿＿＿＿＿＿＿＿
＿＿＿＿＿＿＿＿＿＿
＿＿＿＿＿＿＿＿＿＿
＿＿＿＿＿■＿＿＿＿
＿＿＿＿＿■＿＿＿＿
＿＿＿□□■＿＿＿＿
＿□□□□■□＿＿＿
□□□□□□□＿＿＿
□□□□□□□□＿＿
□□□□□□□□□＿
□□□□□□□□□＿
00:01:27(2637f):field(2636f)
＿＿＿＿＿＿＿＿＿＿
＿＿＿＿＿＿＿＿＿＿
＿＿＿＿＿＿＿＿＿＿
＿＿＿＿＿＿＿＿＿＿
＿＿＿＿＿＿＿＿＿＿
＿＿＿＿＿＿＿＿＿＿
＿＿＿＿＿＿＿＿＿＿
＿＿＿＿＿＿＿＿＿＿
＿＿＿＿＿＿＿＿＿＿
＿＿＿＿＿＿＿＿＿＿
＿＿＿＿＿＿＿＿＿＿
＿＿＿＿＿＿＿＿＿＿
＿＿＿＿＿□＿＿＿＿
■＿＿＿＿□＿＿＿＿
■■＿□□□＿＿＿＿
■□□□□□□＿＿＿
□□□□□□□＿＿＿
□□□□□□□□＿＿
□□□□□□□□□＿
□□□□□□□□□＿
00:01:28(2648f):field(2647f)
＿＿＿＿＿＿＿＿＿＿
＿＿＿＿＿＿＿＿＿＿
＿＿＿＿＿＿＿＿＿＿
＿＿＿＿＿＿＿＿＿＿
＿＿＿＿＿＿＿＿＿＿
＿＿＿＿＿＿＿＿＿＿
＿＿＿＿＿＿＿＿＿＿
＿＿＿＿＿＿＿＿＿＿
＿＿＿＿＿＿＿＿＿＿
＿＿＿＿＿＿＿＿＿＿
＿＿＿＿＿＿＿＿＿＿
＿＿＿＿■■＿＿＿＿
＿＿＿＿■□＿＿＿＿
□＿＿＿■□＿＿＿＿
□□＿□□□＿＿＿＿
□□□□□□□＿＿＿
□□□□□□□＿＿＿
□□□□□□□□＿＿
□□□□□□□□□＿
□□□□□□□□□＿
00:01:28(2663f):field(2662f)
＿＿＿＿＿＿＿＿＿＿
＿＿＿＿＿＿＿＿＿＿
＿＿＿＿＿＿＿＿＿＿
＿＿＿＿＿＿＿＿＿＿
＿＿＿＿＿＿＿＿＿＿
＿＿＿＿＿＿＿＿＿＿
＿＿＿＿＿＿＿＿＿＿
＿＿＿＿＿＿＿＿＿＿
＿＿＿＿＿＿＿＿＿＿
＿＿＿＿＿＿＿＿＿＿
＿＿＿＿＿＿＿＿＿＿
＿＿＿＿□□＿＿＿＿
＿＿＿＿□□＿＿＿＿
□＿＿＿□□＿＿＿＿
□□＿□□□＿＿＿＿
□□□□□□□■＿＿
□□□□□□□■■＿
□□□□□□□□■＿
□□□□□□□□□＿
□□□□□□□□□＿
00:01:29(2677f):field(2676f)
＿＿＿＿＿＿＿＿＿＿
＿＿＿＿＿＿＿＿＿＿
＿＿＿＿＿＿＿＿＿＿
＿＿＿＿＿＿＿＿＿＿
＿＿＿＿＿＿＿＿＿＿
＿＿＿＿＿＿＿＿＿＿
＿＿＿＿＿＿＿＿＿＿
＿＿＿＿＿＿＿＿＿＿
＿＿＿＿＿＿＿＿＿＿
＿＿＿＿＿＿＿＿＿＿
＿＿＿＿＿＿＿＿＿＿
＿＿＿＿◆◆＿＿＿＿
＿＿＿＿◆◆＿＿＿＿
◆＿＿＿◆◆＿＿＿＿
□□＿◆□□＿＿■＿
◆□◆◆□□□□■＿
□□□□□□□◆□＿
□□◆□□□◆□□■
□□□□□□□□□＿
□□□□□□□□□＿
00:01:29(2689f):field(2688f)
＿＿＿＿＿＿＿＿＿＿
＿＿＿＿＿＿＿＿＿＿
＿＿＿＿＿＿＿＿＿＿
＿＿＿＿＿＿＿＿＿＿
＿＿＿＿＿＿＿＿＿＿
＿＿＿＿＿＿＿＿＿＿
＿＿＿＿＿＿＿＿＿＿
＿＿＿＿＿＿＿＿＿＿
＿＿＿＿＿＿＿＿＿＿
＿＿＿＿＿＿＿＿＿＿
＿＿＿＿＿＿＿＿＿＿
＿＿＿＿＿＿＿＿＿＿
＿＿＿＿＿＿＿＿＿＿
＿＿＿＿＿＿＿＿＿＿
◆◆＿＿□□＿＿◆＿
＿◆＿■□□◆◆◆＿
□◆□□□□◆＿◆＿
□□■□□□＿◆◆◆
□□□□□□□□□＿
□□□□□□□□□＿
00:01:30(2702f):field(2701f)
＿＿＿＿＿＿＿＿＿＿
＿＿＿＿＿＿＿＿＿＿
＿＿＿＿＿＿＿＿＿＿
＿＿＿＿＿＿＿＿＿＿
＿＿＿＿＿＿＿＿＿＿
＿＿＿＿＿＿＿＿＿＿
＿＿＿＿＿＿＿＿＿＿
＿＿＿＿＿＿＿＿＿＿
＿＿＿＿＿＿＿＿＿＿
＿＿＿＿＿＿＿＿＿＿
＿＿＿＿＿＿＿＿＿＿
＿＿＿＿＿＿＿＿＿＿
＿＿＿＿＿＿＿＿＿＿
＿＿＿＿＿＿＿＿＿＿
＿＿＿＿□□＿＿＿＿
■■■□□□＿＿＿＿
□■□□□□＿＿＿＿
□□□□□□＿＿＿＿
□□□□□□□□□＿
□□□□□□□□□＿
00:01:30(2714f):field(2713f)
＿＿＿＿＿＿＿＿＿＿
＿＿＿＿＿＿＿＿＿＿
＿＿＿＿＿＿＿＿＿＿
＿＿＿＿＿＿＿＿＿＿
＿＿＿＿＿＿＿＿＿＿
＿＿＿＿＿＿＿＿＿＿
＿＿＿＿＿＿＿＿＿＿
＿＿＿＿＿＿＿＿＿＿
＿＿＿＿＿＿＿＿＿＿
＿＿＿＿＿＿＿＿＿＿
＿＿＿＿＿＿＿＿＿＿
＿＿＿＿＿＿＿＿＿＿
＿＿＿＿＿＿＿＿＿＿
＿＿＿＿＿＿＿＿＿＿
＿＿＿＿◆◆＿＿＿＿
◆◆◆◆◆◆＿＿＿＿
◆◆◆◆□□＿＿＿＿
□□□□□□＿■＿＿
□□□□□□◆◆◆■
□□□□□□◆□◆■
00:01:30(2729f):field(2728f)
＿＿＿＿＿＿＿＿＿＿
＿＿＿＿＿＿＿＿＿＿
＿＿＿＿＿＿＿＿＿＿
＿＿＿＿＿＿＿＿＿＿
＿＿＿＿＿＿＿＿＿＿
＿＿＿＿＿＿＿＿＿＿
＿＿＿＿＿＿＿＿＿＿
＿＿＿＿＿＿＿＿＿＿
＿＿＿＿＿＿＿＿＿＿
＿＿＿＿＿＿＿＿＿＿
＿＿＿＿＿＿＿＿＿＿
＿＿＿＿＿＿＿＿＿＿
＿＿＿＿＿＿＿＿＿＿
＿＿＿＿＿＿＿＿＿＿
＿＿＿＿＿■■＿＿＿
＿＿＿＿■■＿＿＿＿
＿＿＿＿□□＿＿＿＿
□□□□□□＿◆＿＿
□□□□□□＿＿＿□
□□□□□□＿◆＿□
00:01:31(2745f):field(2744f)
＿＿＿＿＿＿＿＿＿＿
＿＿＿＿＿＿＿＿＿＿
＿＿＿＿＿＿＿＿＿＿
＿＿＿＿＿＿＿＿＿＿
＿＿＿＿＿＿＿＿＿＿
＿＿＿＿＿＿＿＿＿＿
＿＿＿＿＿＿＿＿＿＿
＿＿＿＿＿＿＿＿＿＿
＿＿＿＿＿＿＿＿＿＿
＿＿＿＿＿＿＿＿＿＿
＿＿＿＿＿＿＿＿＿＿
＿＿＿＿＿＿＿＿＿＿
＿＿＿＿＿＿＿＿＿＿
＿＿＿＿＿＿＿＿＿＿
■＿＿＿＿□□＿＿＿
■＿＿＿□□＿＿＿＿
■■＿＿□□＿＿＿＿
□□□□□□＿＿＿＿
□□□□□□＿＿＿□
□□□□□□＿＿＿□
00:01:32(2760f):field(2759f)
＿＿＿＿＿＿＿＿＿＿
＿＿＿＿＿＿＿＿＿＿
＿＿＿＿＿＿＿＿＿＿
＿＿＿＿＿＿＿＿＿＿
＿＿＿＿＿＿＿＿＿＿
＿＿＿＿＿＿＿＿＿＿
＿＿＿＿＿＿＿＿＿＿
＿＿＿＿＿＿＿＿＿＿
＿＿＿＿＿＿＿＿＿＿
＿＿＿＿＿＿＿＿＿＿
＿＿＿＿＿＿＿＿＿＿
＿＿＿＿＿＿＿＿＿＿
＿＿＿＿＿＿＿＿＿＿
＿＿＿＿＿＿＿＿＿＿
□＿＿＿＿□□＿＿＿
□＿＿＿□□＿＿＿＿
□□＿＿□□＿＿＿＿
□□□□□□＿＿＿＿
□□□□□□■■＿□
□□□□□□＿■■□
00:01:32(2777f):field(2776f)
＿＿＿＿＿＿＿＿＿＿
＿＿＿＿＿＿＿＿＿＿
＿＿＿＿＿＿＿＿＿＿
＿＿＿＿＿＿＿＿＿＿
＿＿＿＿＿＿＿＿＿＿
＿＿＿＿＿＿＿＿＿＿
＿＿＿＿＿＿＿＿＿＿
＿＿＿＿＿＿＿＿＿＿
＿＿＿＿＿＿＿＿＿＿
＿＿＿＿＿＿＿＿＿＿
＿＿＿＿＿＿＿＿＿＿
＿＿＿＿＿＿＿＿＿＿
＿＿＿＿＿＿＿＿＿＿
＿＿＿＿＿＿＿＿＿＿
◆＿＿＿＿◆◆＿＿＿
□＿＿＿◆□■＿＿＿
□◆＿＿□□＿＿＿＿
□□◆◆□□＿＿＿＿
□□□□□□□□■◆
□□□□□□■□□□
00:01:33(2791f):field(2790f)
＿＿＿＿＿＿＿＿＿＿
＿＿＿＿＿＿＿＿＿＿
＿＿＿＿＿＿＿＿＿＿
＿＿＿＿＿＿＿＿＿＿
＿＿＿＿＿＿＿＿＿＿
＿＿＿＿＿＿＿＿＿＿
＿＿＿＿＿＿＿＿＿＿
＿＿＿＿＿＿＿＿＿＿
＿＿＿＿＿＿＿＿＿＿
＿＿＿＿＿＿＿＿＿＿
＿＿＿＿＿＿＿＿＿＿
＿＿＿＿＿＿＿＿＿＿
＿＿＿＿＿＿＿＿＿＿
＿＿＿＿■＿＿＿＿＿
＿＿＿＿■■＿＿＿＿
□＿＿＿■□□＿＿＿
□＿＿＿□□＿＿＿＿
□□＿＿□□＿＿＿＿
□□□□□□□□□＿
□□□□□□◆□□□
00:01:33(2811f):field(2810f)
＿＿＿＿＿＿＿＿＿＿
＿＿＿＿＿＿＿＿＿＿
＿＿＿＿＿＿＿＿＿＿
＿＿＿＿＿＿＿＿＿＿
＿＿＿＿＿＿＿＿＿＿
＿＿＿＿＿＿＿＿＿＿
＿＿＿＿＿＿＿＿＿＿
＿＿＿＿＿＿＿＿＿＿
＿＿＿＿＿＿＿＿＿＿
＿＿＿＿＿＿＿＿＿＿
＿＿＿＿＿＿＿＿＿＿
＿＿＿＿＿＿＿＿＿＿
＿＿＿＿＿＿＿＿＿＿
＿＿＿＿□＿＿＿＿＿
＿＿＿＿□□＿＿＿＿
□＿＿＿□□□＿＿＿
□＿＿＿□□■■＿＿
□□＿＿□□■■＿＿
□□□□□□□□□＿
□□□□□□＿□□□
00:01:34(2829f):field(2828f)
＿＿＿＿＿＿＿＿＿＿
＿＿＿＿＿＿＿＿＿＿
＿＿＿＿＿＿＿＿＿＿
＿＿＿＿＿＿＿＿＿＿
＿＿＿＿＿＿＿＿＿＿
＿＿＿＿＿＿＿＿＿＿
＿＿＿＿＿＿＿＿＿＿
＿＿＿＿＿＿＿＿＿＿
＿＿＿＿＿＿＿＿＿＿
＿＿＿＿＿＿＿＿＿＿
＿＿＿＿＿＿＿＿＿＿
＿＿＿＿＿＿＿＿＿＿
＿＿＿＿＿＿＿＿＿＿
＿＿＿＿□＿＿＿＿＿
＿＿＿＿□□＿＿＿＿
□＿■＿□□□＿＿＿
□＿■■□□□□＿＿
□□＿■□□□□＿＿
□□□□□□□□□＿
□□□□□□＿□□□
00:01:34(2841f):field(2840f)
＿＿＿＿＿＿＿＿＿＿
＿＿＿＿＿＿＿＿＿＿
＿＿＿＿＿＿＿＿＿＿
＿＿＿＿＿＿＿＿＿＿
＿＿＿＿＿＿＿＿＿＿
＿＿＿＿＿＿＿＿＿＿
＿＿＿＿＿＿＿＿＿＿
＿＿＿＿＿＿＿＿＿＿
＿＿＿＿＿＿＿＿＿＿
＿＿＿＿＿＿＿＿＿＿
＿＿＿＿＿＿＿＿＿＿
＿＿＿＿＿＿＿＿＿＿
＿＿＿＿＿＿＿＿＿＿
＿＿＿＿◆＿＿＿＿＿
＿＿＿＿□◆＿＿＿＿
◆＿◆＿□□◆＿＿＿
□＿□◆□□□◆＿■
□◆■□□□□□＿■
□□□□□□□□□■
□□□□□□＿□□□
00:01:35(2859f):field(2858f)
＿＿＿＿＿＿＿＿＿＿
＿＿＿＿＿＿＿＿＿＿
＿＿＿＿＿＿＿＿＿＿
＿＿＿＿＿＿＿＿＿＿
＿＿＿＿＿＿＿＿＿＿
＿＿＿＿＿＿＿＿＿＿
＿＿＿＿＿＿＿＿＿＿
＿＿＿＿＿＿＿＿＿＿
＿＿＿＿＿＿＿＿＿＿
＿＿＿＿＿＿＿＿＿＿
＿＿＿＿＿＿＿＿＿＿
＿＿＿＿＿＿＿＿＿＿
＿＿＿＿＿＿＿＿＿＿
＿＿＿＿＿＿＿＿＿＿
＿＿＿＿□＿＿＿＿＿
＿＿＿＿□□■■＿＿
□＿□＿□□□■■□
□＿□□□□□□＿□
□□◆□□□□□◆□
□□□□□□＿□□□
00:01:35(2877f):field(2876f)
＿＿＿＿＿＿＿＿＿＿
＿＿＿＿＿＿＿＿＿＿
＿＿＿＿＿＿＿＿＿＿
＿＿＿＿＿＿＿＿＿＿
＿＿＿＿＿＿＿＿＿＿
＿＿＿＿＿＿＿＿＿＿
＿＿＿＿＿＿＿＿＿＿
＿＿＿＿＿＿＿＿＿＿
＿＿＿＿＿＿＿＿＿＿
＿＿＿＿＿＿＿＿＿＿
＿＿＿＿＿＿＿＿＿＿
＿＿＿＿＿＿＿＿＿＿
＿＿＿＿＿＿＿＿＿＿
＿＿＿＿＿＿＿＿＿＿
＿＿＿＿□＿＿＿＿＿
■■＿＿□□□□＿＿
□■□＿□□□□□□
□■□□□□□□＿□
□□＿□□□□□＿□
□□□□□□＿□□□
00:01:36(2890f):field(2889f)
＿＿＿＿＿＿＿＿＿＿
＿＿＿＿＿＿＿＿＿＿
＿＿＿＿＿＿＿＿＿＿
＿＿＿＿＿＿＿＿＿＿
＿＿＿＿＿＿＿＿＿＿
＿＿＿＿＿＿＿＿＿＿
＿＿＿＿＿＿＿＿＿＿
＿＿＿＿＿＿＿＿＿＿
＿＿＿＿＿＿＿＿＿＿
＿＿＿＿＿＿＿＿＿＿
＿＿＿＿＿＿＿＿＿＿
＿＿＿＿＿＿＿＿＿＿
＿＿＿＿＿＿＿＿＿＿
＿＿＿＿＿＿＿＿＿■
＿＿＿＿□＿＿＿＿■
□□＿＿□□□□■■
□□□＿□□□□□□
□□□□□□□□＿□
□□＿□□□□□＿□
□□□□□□＿□□□
00:01:36(2900f):field(2899f)
＿＿＿＿＿＿＿＿＿＿
＿＿＿＿＿＿＿＿＿＿
＿＿＿＿＿＿＿＿＿＿
＿＿＿＿＿＿＿＿＿＿
＿＿＿＿＿＿＿＿＿＿
＿＿＿＿＿＿＿＿＿＿
＿＿＿＿＿＿＿＿＿＿
＿＿＿＿＿＿＿＿＿＿
＿＿＿＿＿＿＿＿＿＿
＿＿＿＿＿＿＿＿＿＿
＿＿＿＿＿＿＿＿＿＿
＿＿＿＿＿＿＿＿＿＿
＿＿＿＿＿＿＿＿＿＿
＿＿＿＿＿■■＿＿□
＿＿＿＿□■■＿＿□
□□＿＿□□□□□□
□□□＿□□□□□□
□□□□□□□□＿□
□□＿□□□□□＿□
□□□□□□＿□□□
00:01:37(2916f):field(2915f)
＿＿＿＿＿＿＿＿＿＿
＿＿＿＿＿＿＿＿＿＿
＿＿＿＿＿＿＿＿＿＿
＿＿＿＿＿＿＿＿＿＿
＿＿＿＿＿＿＿＿＿＿
＿＿＿＿＿＿＿＿＿＿
＿＿＿＿＿＿＿＿＿＿
＿＿＿＿＿＿＿＿＿＿
＿＿＿＿＿＿＿＿＿＿
＿＿＿＿＿＿＿＿＿＿
＿＿＿＿＿＿＿＿＿＿
＿＿＿＿＿＿＿＿＿＿
＿＿＿＿＿＿＿＿＿＿
＿＿＿＿＿◆◆＿＿◆
＿＿＿■◆□□＿＿□
◆◆■■□□□◆◆□
□□◆■□□□□□□
□□□□□□□□＿□
□□＿□□□□□＿□
□□□□□□＿□□□
00:01:37(2927f):field(2926f)
＿＿＿＿＿＿＿＿＿＿
＿＿＿＿＿＿＿＿＿＿
＿＿＿＿＿＿＿＿＿＿
＿＿＿＿＿＿＿＿＿＿
＿＿＿＿＿＿＿＿＿＿
＿＿＿＿＿＿＿＿＿＿
＿＿＿＿＿＿＿＿＿＿
＿＿＿＿＿＿＿＿＿＿
＿＿＿＿＿＿＿＿＿＿
＿＿＿＿＿＿＿＿＿＿
＿＿＿＿＿＿＿＿＿＿
＿＿＿＿＿＿＿＿＿＿
＿＿＿＿＿＿＿＿＿＿
＿＿＿■■■＿＿＿＿
＿＿＿□■□□＿＿□
＿＿◆□□□□＿＿□
□□＿□□□□□□□
□□□□□□□□＿□
□□＿□□□□□＿□
□□□□□□＿□□□
00:01:38(2940f):field(2939f)
＿＿＿＿＿＿＿＿＿＿
＿＿＿＿＿＿＿＿＿＿
＿＿＿＿＿＿＿＿＿＿
＿＿＿＿＿＿＿＿＿＿
＿＿＿＿＿＿＿＿＿＿
＿＿＿＿＿＿＿＿＿＿
＿＿＿＿＿＿＿＿＿＿
＿＿＿＿＿＿＿＿＿＿
＿＿＿＿＿＿＿＿＿＿
＿＿＿＿＿＿＿＿＿＿
＿＿＿＿＿＿＿＿＿＿
＿＿＿＿＿＿＿＿＿＿
＿＿＿＿＿＿＿＿＿＿
＿＿＿◆◆◆＿＿＿＿
＿＿＿□□□◆＿＿◆
＿■＿□□□□＿＿□
◆□■□□□□□◆□
□□□□□□□□＿□
□□＿□□□□□＿□
□□□□□□＿□□□
00:01:38(2953f):field(2952f)
＿＿＿＿＿＿＿＿＿＿
＿＿＿＿＿＿＿＿＿＿
＿＿＿＿＿＿＿＿＿＿
＿＿＿＿＿＿＿＿＿＿
＿＿＿＿＿＿＿＿＿＿
＿＿＿＿＿＿＿＿＿＿
＿＿＿＿＿＿＿＿＿＿
＿＿＿＿＿＿＿＿＿＿
＿＿＿＿＿＿＿＿＿＿
＿＿＿＿＿＿＿＿＿＿
＿＿＿＿＿＿＿＿＿＿
＿＿＿＿■＿＿＿＿＿
＿＿＿■■＿＿＿＿＿
＿＿＿■＿＿＿＿＿＿
＿＿＿□□□＿＿＿＿
＿□＿□□□□＿＿□
＿□□□□□□◆＿□
□□□□□□□□＿□
□□＿□□□□□＿□
□□□□□□＿□□□
00:01:39(2970f):field(2969f)
＿＿＿＿＿＿＿＿＿＿
＿＿＿＿＿＿＿＿＿＿
＿＿＿＿＿＿＿＿＿＿
＿＿＿＿＿＿＿＿＿＿
＿＿＿＿＿＿＿＿＿＿
＿＿＿＿＿＿＿＿＿＿
＿＿＿＿＿＿＿＿＿＿
＿＿＿＿＿＿＿＿＿＿
＿＿＿＿＿＿＿＿＿＿
＿＿＿＿＿＿＿＿＿＿
＿＿＿＿＿＿＿＿＿＿
＿＿＿＿□■＿＿＿＿
＿＿＿□□■＿＿＿＿
＿＿＿□■■＿＿＿＿
＿＿＿□□□＿＿＿＿
＿□＿□□□□＿＿□
＿□□□□□□＿＿□
□□□□□□□□＿□
□□＿□□□□□＿□
□□□□□□＿□□□
00:01:39(2984f):field(2983f)
＿＿＿＿＿＿＿＿＿＿
＿＿＿＿＿＿＿＿＿＿
＿＿＿＿＿＿＿＿＿＿
＿＿＿＿＿＿＿＿＿＿
＿＿＿＿＿＿＿＿＿＿
＿＿＿＿＿＿＿＿＿＿
＿＿＿＿＿＿＿＿＿＿
＿＿＿＿＿＿＿＿＿＿
＿＿＿＿＿＿＿＿＿＿
＿＿＿＿＿＿＿＿＿＿
＿＿＿＿＿＿＿＿＿＿
＿＿＿＿□□＿＿＿＿
＿＿＿□□□＿＿＿＿
■＿＿□□□＿＿＿＿
■＿＿□□□＿＿＿＿
■□＿□□□□＿＿□
■□□□□□□＿＿□
□□□□□□□□＿□
□□＿□□□□□＿□
□□□□□□＿□□□
00:01:39(2995f):field(2994f)
＿＿＿＿＿＿＿＿＿＿
＿＿＿＿＿＿＿＿＿＿
＿＿＿＿＿＿＿＿＿＿
＿＿＿＿＿＿＿＿＿＿
＿＿＿＿＿＿＿＿＿＿
＿＿＿＿＿＿＿＿＿＿
＿＿＿＿＿＿＿＿＿＿
＿＿＿＿＿＿＿＿＿＿
＿＿＿＿＿＿＿＿＿＿
＿＿＿＿■＿＿＿＿＿
＿＿＿■■＿＿＿＿＿
＿＿＿■□□＿＿＿＿
＿＿＿□□□＿＿＿＿
□＿＿□□□＿＿＿＿
□＿＿□□□＿＿＿＿
□□＿□□□□＿＿□
□□□□□□□＿＿□
□□□□□□□□＿□
□□＿□□□□□＿□
□□□□□□＿□□□
00:01:40(3009f):field(3008f)
＿＿＿＿＿＿＿＿＿＿
＿＿＿＿＿＿＿＿＿＿
＿＿＿＿＿＿＿＿＿＿
＿＿＿＿＿＿＿＿＿＿
＿＿＿＿＿＿＿＿＿＿
＿＿＿＿＿＿＿＿＿＿
＿＿＿＿＿＿＿＿＿＿
＿＿＿＿＿＿＿＿＿＿
＿＿＿＿＿＿＿＿＿＿
＿＿＿＿□＿＿＿＿＿
＿＿＿□□＿＿＿＿＿
＿＿＿□□□＿＿＿＿
＿＿＿□□□＿＿＿＿
□■＿□□□＿＿＿＿
□■■□□□＿＿＿＿
□□■□□□□＿＿□
□□□□□□□＿＿□
□□□□□□□□＿□
□□＿□□□□□＿□
□□□□□□＿□□□
00:01:40(3022f):field(3021f)
＿＿＿＿＿＿＿＿＿＿
＿＿＿＿＿＿＿＿＿＿
＿＿＿＿＿＿＿＿＿＿
＿＿＿＿＿＿＿＿＿＿
＿＿＿＿＿＿＿＿＿＿
＿＿＿＿＿＿＿＿＿＿
＿＿＿＿＿＿＿＿＿＿
＿＿＿＿＿＿＿＿＿＿
＿＿＿＿＿＿＿＿＿＿
＿＿＿＿◆＿＿＿＿＿
＿＿＿◆◆＿＿＿＿＿
＿＿＿◆□◆＿＿＿＿
＿＿＿□□◆＿＿＿＿
◆◆＿□□□＿＿＿＿
◆◆◆□□□＿＿＿＿
□□◆□□□◆＿■◆
□□□□□□□＿＿□
□□□□□□□□＿□
□□■□□□□□＿□
□□□□□□＿□□□
00:01:41(3035f):field(3034f)
＿＿＿＿＿＿＿＿＿＿
＿＿＿＿＿＿＿＿＿＿
＿＿＿＿＿＿＿＿＿＿
＿＿＿＿＿＿＿＿＿＿
＿＿＿＿＿＿＿＿＿＿
＿＿＿＿＿＿＿＿＿＿
＿＿＿＿＿＿＿＿＿＿
＿＿＿＿＿＿＿＿＿＿
＿＿＿＿＿＿＿＿＿＿
＿＿＿＿＿＿＿＿＿＿
＿＿＿＿＿＿＿＿＿＿
＿＿＿＿□＿＿＿＿＿
＿＿＿□□＿＿＿＿＿
＿＿■□□□＿＿＿＿
＿■■□□□＿＿＿＿
□□■□□□＿＿◆＿
□□□□□□◆＿＿◆
□□□□□□□□＿□
□□◆□□□□□＿□
□□□□□□＿□□□
00:01:41(3046f):field(3045f)
＿＿＿＿＿＿＿＿＿＿
＿＿＿＿＿＿＿＿＿＿
＿＿＿＿＿＿＿＿＿＿
＿＿＿＿＿＿＿＿＿＿
＿＿＿＿＿＿＿＿＿＿
＿＿＿＿＿＿＿＿＿＿
＿＿＿＿＿＿＿＿＿＿
＿＿＿＿＿＿＿＿＿＿
＿＿＿＿＿＿＿＿＿＿
＿＿＿＿＿＿＿＿＿＿
＿＿＿＿＿＿＿＿＿＿
＿＿＿＿◆＿＿＿＿＿
＿＿＿◆□＿＿＿＿＿
＿＿◆□□◆＿＿＿＿
＿◆□□□□＿＿＿＿
◆□□□□□＿＿＿＿
□□□□□□＿＿■＿
□□□□□□◆◆■◆
□□＿□□□□□■□
□□□□□□■□□□
00:01:41(3059f):field(3058f)
＿＿＿＿＿＿＿＿＿＿
＿＿＿＿＿＿＿＿＿＿
＿＿＿＿＿＿＿＿＿＿
＿＿＿＿＿＿＿＿＿＿
＿＿＿＿＿＿＿＿＿＿
＿＿＿＿＿＿＿＿＿＿
＿＿＿＿＿＿＿＿＿＿
＿＿＿＿＿＿＿＿＿＿
＿＿＿＿＿＿＿＿＿＿
＿＿＿＿＿＿＿＿＿＿
＿＿＿＿＿＿＿＿＿＿
＿＿＿＿＿＿＿＿＿＿
＿＿＿＿□＿＿＿＿＿
＿＿＿□□＿＿＿＿＿
＿＿□□□□＿＿＿＿
＿□□□□□＿■＿＿
□□□□□□＿■□＿
□□□□□□■■□＿
□□＿□□□□□□□
□□□□□□◆□□□
00:01:42(3072f):field(3071f)
＿＿＿＿＿＿＿＿＿＿
＿＿＿＿＿＿＿＿＿＿
＿＿＿＿＿＿＿＿＿＿
＿＿＿＿＿＿＿＿＿＿
＿＿＿＿＿＿＿＿＿＿
＿＿＿＿＿＿＿＿＿＿
＿＿＿＿＿＿＿＿＿＿
＿＿＿＿＿＿＿＿＿＿
＿＿＿＿＿＿＿＿＿＿
＿＿＿＿＿＿＿＿＿＿
＿＿＿＿＿＿＿＿＿＿
＿＿＿＿＿＿＿＿＿＿
＿＿＿＿□＿＿＿＿＿
＿＿＿□□＿＿＿＿＿
＿＿□□□□＿＿■＿
＿□□□□□＿□■■
□□□□□□＿□□■
□□□□□□□□□＿
□□＿□□□□□□□
□□□□□□＿□□□
00:01:42(3084f):field(3083f)
＿＿＿＿＿＿＿＿＿＿
＿＿＿＿＿＿＿＿＿＿
＿＿＿＿＿＿＿＿＿＿
＿＿＿＿＿＿＿＿＿＿
＿＿＿＿＿＿＿＿＿＿
＿＿＿＿＿＿＿＿＿＿
＿＿＿＿＿＿＿＿＿＿
＿＿＿＿＿＿＿＿＿＿
＿＿＿＿＿＿＿＿＿＿
＿＿＿＿＿＿＿＿＿＿
＿＿＿＿＿＿＿＿＿＿
＿＿＿＿■■＿＿＿＿
＿＿＿＿□■＿＿＿＿
＿＿＿□□■＿＿＿＿
＿＿□□□□＿＿□＿
＿□□□□□＿□□□
□□□□□□＿□□□
□□□□□□□□□＿
□□＿□□□□□□□
□□□□□□＿□□□
00:01:43(3096f):field(3095f)
＿＿＿＿＿＿＿＿＿＿
＿＿＿＿＿＿＿＿＿＿
＿＿＿＿＿＿＿＿＿＿
＿＿＿＿＿＿＿＿＿＿
＿＿＿＿＿＿＿＿＿＿
＿＿＿＿＿＿＿＿＿＿
＿＿＿＿＿＿＿＿＿＿
＿＿＿＿＿＿＿＿＿＿
＿＿＿＿＿＿＿＿＿＿
＿＿＿＿＿＿＿＿＿＿
＿＿＿＿＿＿＿＿＿＿
＿＿＿＿□□＿＿＿＿
＿＿＿＿□□＿＿＿＿
＿■＿□□□＿＿＿＿
■■□□□□＿＿□＿
■□□□□□＿□□□
□□□□□□＿□□□
□□□□□□□□□＿
□□＿□□□□□□□
□□□□□□＿□□□
00:01:43(3108f):field(3107f)
＿＿＿＿＿＿＿＿＿＿
＿＿＿＿＿＿＿＿＿＿
＿＿＿＿＿＿＿＿＿＿
＿＿＿＿＿＿＿＿＿＿
＿＿＿＿＿＿＿＿＿＿
＿＿＿＿＿＿＿＿＿＿
＿＿＿＿＿＿＿＿＿＿
＿＿＿＿＿＿＿＿＿＿
＿＿＿＿＿＿＿＿＿＿
＿＿＿＿＿＿＿＿＿＿
＿＿＿＿＿＿＿＿＿＿
＿＿＿＿□□＿＿＿＿
＿■■■□□＿＿＿＿
＿□■□□□＿＿＿＿
□□□□□□＿＿□＿
□□□□□□＿□□□
□□□□□□＿□□□
□□□□□□□□□＿
□□＿□□□□□□□
□□□□□□＿□□□
00:01:44(3120f):field(3119f)
＿＿＿＿＿＿＿＿＿＿
＿＿＿＿＿＿＿＿＿＿
＿＿＿＿＿＿＿＿＿＿
＿＿＿＿＿＿＿＿＿＿
＿＿＿＿＿＿＿＿＿＿
＿＿＿＿＿＿＿＿＿＿
＿＿＿＿＿＿＿＿＿＿
＿＿＿＿＿＿＿＿＿＿
＿＿＿＿＿＿＿＿＿＿
＿＿＿＿＿＿＿＿＿＿
＿＿＿＿＿＿＿＿＿＿
＿＿＿＿◆◆＿＿＿＿
＿◆◆◆◆◆＿＿＿＿
＿◆◆◆□□＿＿＿＿
◆□□□□□＿＿◆＿
◆□□□□□■□□◆
□□□□□□■◆□◆
□□□□□□□□□＿
□□＿□□□□□□□
□□□□□□＿□□□
00:01:44(3133f):field(3132f)
＿＿＿＿＿＿＿＿＿＿
＿＿＿＿＿＿＿＿＿＿
＿＿＿＿＿＿＿＿＿＿
＿＿＿＿＿＿＿＿＿＿
＿＿＿＿＿＿＿＿＿＿
＿＿＿＿＿＿＿＿＿＿
＿＿＿＿＿＿＿＿＿＿
＿＿＿＿＿＿＿＿＿＿
＿＿＿＿＿＿＿＿＿＿
＿＿＿＿＿＿＿＿＿＿
＿＿＿＿＿＿＿＿＿＿
＿＿＿＿＿＿＿＿＿＿
＿＿＿＿＿＿＿＿＿＿
■■＿＿□□＿＿＿＿
■□□□□□＿＿＿＿
■□□□□□□◆◆＿
□□□□□□□＿□＿
□□□□□□□□□＿
□□＿□□□□□□□
□□□□□□＿□□□
00:01:44(3147f):field(3146f)
＿＿＿＿＿＿＿＿＿＿
＿＿＿＿＿＿＿＿＿＿
＿＿＿＿＿＿＿＿＿＿
＿＿＿＿＿＿＿＿＿＿
＿＿＿＿＿＿＿＿＿＿
＿＿＿＿＿＿＿＿＿＿
＿＿＿＿＿＿＿＿＿＿
＿＿＿＿＿＿＿＿＿＿
＿＿＿＿＿＿＿＿＿＿
＿＿＿＿＿＿＿＿＿＿
＿＿＿＿＿＿＿＿＿＿
＿＿＿＿＿＿＿＿＿＿
＿＿＿＿＿＿＿＿＿＿
□□＿＿□□＿＿＿＿
□□□□□□■■＿＿
□□□□□□□■＿＿
□□□□□□□■□＿
□□□□□□□□□＿
□□＿□□□□□□□
□□□□□□＿□□□
00:01:45(3158f):field(3157f)
＿＿＿＿＿＿＿＿＿＿
＿＿＿＿＿＿＿＿＿＿
＿＿＿＿＿＿＿＿＿＿
＿＿＿＿＿＿＿＿＿＿
＿＿＿＿＿＿＿＿＿＿
＿＿＿＿＿＿＿＿＿＿
＿＿＿＿＿＿＿＿＿＿
＿＿＿＿＿＿＿＿＿＿
＿＿＿＿＿＿＿＿＿＿
＿＿＿＿＿＿＿＿＿＿
＿＿＿＿＿＿＿＿＿＿
＿＿＿＿＿＿＿＿＿＿
＿＿■■＿＿＿＿＿＿
□□■■□□＿＿＿＿
□□□□□□□□＿＿
□□□□□□□□＿＿
□□□□□□□□□＿
□□□□□□□□□＿
□□＿□□□□□□□
□□□□□□＿□□□
00:01:45(3172f):field(3171f)
＿＿＿＿＿＿＿＿＿＿
＿＿＿＿＿＿＿＿＿＿
＿＿＿＿＿＿＿＿＿＿
＿＿＿＿＿＿＿＿＿＿
＿＿＿＿＿＿＿＿＿＿
＿＿＿＿＿＿＿＿＿＿
＿＿＿＿＿＿＿＿＿＿
＿＿＿＿＿＿＿＿＿＿
＿＿＿＿＿＿＿＿＿＿
＿＿＿＿＿＿＿＿＿＿
＿＿＿＿＿＿＿＿＿＿
＿＿＿＿＿＿＿＿＿＿
＿＿◆◆＿＿＿＿＿＿
◆◆◆◆◆◆＿＿＿＿
◆◆□□◆◆◆◆＿＿
□□□□□□◆◆＿■
□□□□□□□□□＿
□□□□□□□□□■
□□＿□□□□□□□
□□□□□□＿□□□
00:01:46(3182f):field(3181f)
＿＿＿＿＿＿＿＿＿＿
＿＿＿＿＿＿＿＿＿＿
＿＿＿＿＿＿＿＿＿＿
＿＿＿＿＿＿＿＿＿＿
＿＿＿＿＿＿＿＿＿＿
＿＿＿＿＿＿＿＿＿＿
＿＿＿＿＿＿＿＿＿＿
＿＿＿＿＿＿＿＿＿＿
＿＿＿＿＿＿＿＿＿＿
＿＿＿＿＿＿＿＿＿＿
＿＿＿＿＿＿＿＿＿＿
＿＿＿＿＿＿＿＿＿＿
＿＿＿＿＿＿＿＿＿＿
＿＿＿■■＿＿＿＿＿
＿＿□□■■＿＿＿＿
□□□□□□＿＿＿◆
□□□□□□□□□＿
□□□□□□□□□◆
□□＿□□□□□□□
□□□□□□＿□□□
00:01:46(3196f):field(3195f)
＿＿＿＿＿＿＿＿＿＿
＿＿＿＿＿＿＿＿＿＿
＿＿＿＿＿＿＿＿＿＿
＿＿＿＿＿＿＿＿＿＿
＿＿＿＿＿＿＿＿＿＿
＿＿＿＿＿＿＿＿＿＿
＿＿＿＿＿＿＿＿＿＿
＿＿＿＿＿＿＿＿＿＿
＿＿＿＿＿＿＿＿＿＿
＿＿＿＿＿＿＿＿＿＿
＿＿＿＿＿＿＿＿＿＿
＿＿＿＿＿＿＿＿＿＿
＿＿＿＿＿＿＿＿＿＿
＿＿＿□□＿＿＿＿＿
＿＿□□□□■＿＿＿
□□□□□□■■■＿
□□□□□□□□□＿
□□□□□□□□□＿
□□＿□□□□□□□
□□□□□□＿□□□
00:01:46(3209f):field(3208f)
＿＿＿＿＿＿＿＿＿＿
＿＿＿＿＿＿＿＿＿＿
＿＿＿＿＿＿＿＿＿＿
＿＿＿＿＿＿＿＿＿＿
＿＿＿＿＿＿＿＿＿＿
＿＿＿＿＿＿＿＿＿＿
＿＿＿＿＿＿＿＿＿＿
＿＿＿＿＿＿＿＿＿＿
＿＿＿＿＿＿＿＿＿＿
＿＿＿＿＿＿＿＿＿＿
＿＿＿＿＿＿＿＿＿＿
＿＿＿＿＿＿＿＿＿＿
■＿＿＿＿＿＿＿＿＿
■＿＿□□＿＿＿＿＿
■■□□□□□＿＿＿
□□□□□□□□□＿
□□□□□□□□□＿
□□□□□□□□□＿
□□＿□□□□□□□
□□□□□□＿□□□
00:01:47(3222f):field(3221f)
＿＿＿＿＿＿＿＿＿＿
＿＿＿＿＿＿＿＿＿＿
＿＿＿＿＿＿＿＿＿＿
＿＿＿＿＿＿＿＿＿＿
＿＿＿＿＿＿＿＿＿＿
＿＿＿＿＿＿＿＿＿＿
＿＿＿＿＿＿＿＿＿＿
＿＿＿＿＿＿＿＿＿＿
＿＿＿＿＿＿＿＿＿＿
＿＿＿＿＿＿＿＿＿＿
＿＿＿＿＿＿＿＿＿＿
＿＿＿＿＿＿＿＿＿＿
□＿＿＿＿■■＿＿＿
□＿＿□□■■＿＿＿
□□□□□□□＿＿＿
□□□□□□□□□＿
□□□□□□□□□＿
□□□□□□□□□＿
□□＿□□□□□□□
□□□□□□＿□□□
00:01:47(3233f):field(3232f)
＿＿＿＿＿＿＿＿＿＿
＿＿＿＿＿＿＿＿＿＿
＿＿＿＿＿＿＿＿＿＿
＿＿＿＿＿＿＿＿＿＿
＿＿＿＿＿＿＿＿＿＿
＿＿＿＿＿＿＿＿＿＿
＿＿＿＿＿＿＿＿＿＿
＿＿＿＿＿＿＿＿＿＿
＿＿＿＿＿＿＿＿＿＿
＿＿＿＿＿＿＿＿＿＿
＿＿＿＿＿■＿＿＿＿
＿＿＿＿■■＿＿＿＿
□＿＿＿■□□＿＿＿
□＿＿□□□□＿＿＿
□□□□□□□＿＿＿
□□□□□□□□□＿
□□□□□□□□□＿
□□□□□□□□□＿
□□＿□□□□□□□
□□□□□□＿□□□
00:01:48(3246f):field(3245f)
＿＿＿＿＿＿＿＿＿＿
＿＿＿＿＿＿＿＿＿＿
＿＿＿＿＿＿＿＿＿＿
＿＿＿＿＿＿＿＿＿＿
＿＿＿＿＿＿＿＿＿＿
＿＿＿＿＿＿＿＿＿＿
＿＿＿＿＿＿＿＿＿＿
＿＿＿＿＿＿＿＿＿＿
＿＿＿＿■＿＿＿＿＿
＿＿＿＿■■＿＿＿＿
＿＿＿＿■□＿＿＿＿
＿＿＿＿□□＿＿＿＿
□＿＿＿□□□＿＿＿
□＿＿□□□□＿＿＿
□□□□□□□＿＿＿
□□□□□□□□□＿
□□□□□□□□□＿
□□□□□□□□□＿
□□＿□□□□□□□
□□□□□□＿□□□
00:01:48(3260f):field(3259f)
＿＿＿＿＿＿＿＿＿＿
＿＿＿＿＿＿＿＿＿＿
＿＿＿＿＿＿＿＿＿＿
＿＿＿＿＿＿＿＿＿＿
＿＿＿＿＿＿＿＿＿＿
＿＿＿＿＿＿＿＿＿＿
＿＿＿＿＿＿＿＿＿＿
＿＿＿＿＿＿＿＿＿＿
＿＿＿＿◆＿＿＿＿＿
＿＿＿＿◆◆＿＿＿＿
＿＿＿＿□◆＿＿＿＿
＿＿＿＿□□＿＿＿＿
◆＿＿＿□□◆＿＿＿
◆＿＿◆□□◆＿＿■
□◆□◆□□□■＿＿
□◆◆□□□□◆□＿
□□□□□□□□□＿
□□□□□□□□□＿
□□＿□□□□□□□
□□□□□□＿□□□
00:01:49(3275f):field(3274f)
＿＿＿＿＿＿＿＿＿＿
＿＿＿＿＿＿＿＿＿＿
＿＿＿＿＿＿＿＿＿＿
＿＿＿＿＿＿＿＿＿＿
＿＿＿＿＿＿＿＿＿＿
＿＿＿＿＿＿＿＿＿＿
＿＿＿＿＿＿＿＿＿＿
＿＿＿＿＿＿＿＿＿＿
＿＿＿＿＿＿＿＿＿＿
＿＿＿＿＿＿＿＿＿＿
＿＿＿＿□＿＿＿＿＿
＿＿＿＿□□＿＿＿＿
＿＿＿＿□□＿＿＿＿
＿■＿＿□□＿＿＿◆
□■◆＿□□□◆＿＿
□■■□□□□＿◆＿
□□□□□□□□□＿
□□□□□□□□□＿
□□＿□□□□□□□
□□□□□□＿□□□
00:01:49(3286f):field(3285f)
＿＿＿＿＿＿＿＿＿＿
＿＿＿＿＿＿＿＿＿＿
＿＿＿＿＿＿＿＿＿＿
＿＿＿＿＿＿＿＿＿＿
＿＿＿＿＿＿＿＿＿＿
＿＿＿＿＿＿＿＿＿＿
＿＿＿＿＿＿＿＿＿＿
＿＿＿＿＿＿＿＿＿＿
＿＿＿＿＿＿＿＿＿＿
＿＿＿＿＿＿＿＿＿＿
＿＿＿＿□＿＿＿＿＿
＿＿＿＿□□＿＿＿＿
＿＿＿＿□□＿＿＿＿
＿□■■□□＿＿＿＿
□□■■□□□＿＿＿
□□□□□□□＿＿＿
□□□□□□□□□＿
□□□□□□□□□＿
□□＿□□□□□□□
□□□□□□＿□□□
00:01:50(3300f):field(3299f)
＿＿＿＿＿＿＿＿＿＿
＿＿＿＿＿＿＿＿＿＿
＿＿＿＿＿＿＿＿＿＿
＿＿＿＿＿＿＿＿＿＿
＿＿＿＿＿＿＿＿＿＿
＿＿＿＿＿＿＿＿＿＿
＿＿＿＿＿＿＿＿＿＿
＿＿＿＿＿＿＿＿＿＿
＿＿＿＿＿＿＿＿＿＿
＿＿＿＿＿＿＿＿＿＿
＿＿＿＿□＿＿＿＿＿
＿■＿＿□□＿＿＿＿
■■＿＿□□＿＿＿＿
■□□□□□＿＿＿＿
□□□□□□□＿＿＿
□□□□□□□＿＿＿
□□□□□□□□□＿
□□□□□□□□□＿
□□＿□□□□□□□
□□□□□□＿□□□
00:01:50(3312f):field(3311f)
＿＿＿＿＿＿＿＿＿＿
＿＿＿＿＿＿＿＿＿＿
＿＿＿＿＿＿＿＿＿＿
＿＿＿＿＿＿＿＿＿＿
＿＿＿＿＿＿＿＿＿＿
＿＿＿＿＿＿＿＿＿＿
＿＿＿＿＿＿＿＿＿＿
＿＿＿＿＿＿＿＿＿＿
＿＿＿＿＿＿＿＿＿＿
＿＿＿＿＿＿＿＿＿＿
＿＿＿■□＿＿＿＿＿
＿□＿■□□＿＿＿＿
□□■■□□＿＿＿＿
□□□□□□＿＿＿＿
□□□□□□□＿＿＿
□□□□□□□＿＿＿
□□□□□□□□□＿
□□□□□□□□□＿
□□＿□□□□□□□
□□□□□□＿□□□
00:01:50(3325f):field(3324f)
＿＿＿＿＿＿＿＿＿＿
＿＿＿＿＿＿＿＿＿＿
＿＿＿＿＿＿＿＿＿＿
＿＿＿＿＿＿＿＿＿＿
＿＿＿＿＿＿＿＿＿＿
＿＿＿＿＿＿＿＿＿＿
＿＿＿＿＿＿＿＿＿＿
＿＿＿＿＿＿＿＿＿＿
＿＿＿＿＿＿＿＿＿＿
＿＿＿＿＿＿＿＿＿＿
＿＿＿◆◆＿＿＿＿＿
＿◆＿□□◆＿＿＿＿
◆□◆□□□＿＿＿＿
□□□□□□＿＿＿＿
□□□□□□□＿＿＿
□□□□□□□＿■＿
□□□□□□□□□＿
□□□□□□□□□＿
□□＿□□□□□□□
□□□□□□＿□□□
00:01:51(3337f):field(3336f)
＿＿＿＿＿＿＿＿＿＿
＿＿＿＿＿＿＿＿＿＿
＿＿＿＿＿＿＿＿＿＿
＿＿＿＿＿＿＿＿＿＿
＿＿＿＿＿＿＿＿＿＿
＿＿＿＿＿＿＿＿＿＿
＿＿＿＿＿＿＿＿＿＿
＿＿＿＿＿＿＿＿＿＿
＿＿＿＿＿＿＿＿＿＿
＿＿＿＿＿＿＿＿＿＿
＿＿＿＿＿＿＿＿＿＿
＿＿＿◆◆＿＿＿＿＿
＿◆＿□□◆＿＿＿＿
◆□◆□□□＿＿＿＿
□□□□□□◆■＿■
□□□□□□□■□＿
□□□□□□□□□＿
□□□□□□□□□＿
□□＿□□□□□□□
□□□□□□＿□□□
00:01:51(3350f):field(3349f)
＿＿＿＿＿＿＿＿＿＿
＿＿＿＿＿＿＿＿＿＿
＿＿＿＿＿＿＿＿＿＿
＿＿＿＿＿＿＿＿＿＿
＿＿＿＿＿＿＿＿＿＿
＿＿＿＿＿＿＿＿＿＿
＿＿＿＿＿＿＿＿＿＿
＿＿＿＿＿＿＿＿＿＿
＿＿＿＿＿＿＿＿＿＿
＿＿＿＿＿＿＿＿＿＿
＿＿＿＿■＿＿＿＿＿
＿＿＿＿■■＿＿＿＿
＿＿＿□□■＿＿＿＿
＿□＿□□□＿＿＿＿
□□□□□□＿◆＿◆
□□□□□□□◆□＿
□□□□□□□□□＿
□□□□□□□□□＿
□□＿□□□□□□□
□□□□□□＿□□□
00:01:52(3362f):field(3361f)
＿＿＿＿＿＿＿＿＿＿
＿＿＿＿＿＿＿＿＿＿
＿＿＿＿＿＿＿＿＿＿
＿＿＿＿＿＿＿＿＿＿
＿＿＿＿＿＿＿＿＿＿
＿＿＿＿＿＿＿＿＿＿
＿＿＿＿＿＿＿＿＿＿
＿＿＿＿＿＿＿＿＿＿
＿＿＿＿＿＿＿＿＿＿
＿＿＿＿＿＿＿＿＿＿
＿＿＿＿□＿＿＿＿＿
＿＿＿＿□□＿＿＿＿
＿＿＿□□□＿＿＿＿
＿□＿□□□＿＿■■
□□□□□□＿＿■■
□□□□□□□＿□＿
□□□□□□□□□＿
□□□□□□□□□＿
□□＿□□□□□□□
□□□□□□＿□□□
00:01:52(3374f):field(3373f)
＿＿＿＿＿＿＿＿＿＿
＿＿＿＿＿＿＿＿＿＿
＿＿＿＿＿＿＿＿＿＿
＿＿＿＿＿＿＿＿＿＿
＿＿＿＿＿＿＿＿＿＿
＿＿＿＿＿＿＿＿＿＿
＿＿＿＿＿＿＿＿＿＿
＿＿＿＿＿＿＿＿＿＿
＿＿＿＿＿＿＿＿＿＿
＿＿＿＿＿＿＿＿＿＿
＿＿＿＿□＿＿＿＿＿
＿＿■■□□＿＿＿＿
＿＿■□□□＿＿＿＿
＿□■□□□＿＿□□
□□□□□□＿＿□□
□□□□□□□＿□＿
□□□□□□□□□＿
□□□□□□□□□＿
□□＿□□□□□□□
□□□□□□＿□□□
00:01:52(3387f):field(3386f)
＿＿＿＿＿＿＿＿＿＿
＿＿＿＿＿＿＿＿＿＿
＿＿＿＿＿＿＿＿＿＿
＿＿＿＿＿＿＿＿＿＿
＿＿＿＿＿＿＿＿＿＿
＿＿＿＿＿＿＿＿＿＿
＿＿＿＿＿＿＿＿＿＿
＿＿＿＿＿＿＿＿＿＿
＿＿＿＿＿＿＿＿＿＿
＿＿＿＿＿＿＿＿＿＿
＿＿＿＿□＿＿＿＿＿
■＿□□□□＿＿＿＿
■■□□□□＿＿＿＿
■□□□□□＿＿□□
□□□□□□＿＿□□
□□□□□□□＿□＿
□□□□□□□□□＿
□□□□□□□□□＿
□□＿□□□□□□□
□□□□□□＿□□□
00:01:53(3398f):field(3397f)
＿＿＿＿＿＿＿＿＿＿
＿＿＿＿＿＿＿＿＿＿
＿＿＿＿＿＿＿＿＿＿
＿＿＿＿＿＿＿＿＿＿
＿＿＿＿＿＿＿＿＿＿
＿＿＿＿＿＿＿＿＿＿
＿＿＿＿＿＿＿＿＿＿
＿＿＿＿＿＿＿＿＿＿
＿＿＿＿＿＿＿＿＿＿
＿＿＿＿＿＿＿＿＿＿
＿＿＿＿□＿＿＿＿＿
□＿□□□□■＿＿＿
□□□□□□■＿＿＿
□□□□□□■＿□□
□□□□□□■＿□□
□□□□□□□＿□＿
□□□□□□□□□＿
□□□□□□□□□＿
□□＿□□□□□□□
□□□□□□＿□□□
00:01:53(3411f):field(3410f)
＿＿＿＿＿＿＿＿＿＿
＿＿＿＿＿＿＿＿＿＿
＿＿＿＿＿＿＿＿＿＿
＿＿＿＿＿＿＿＿＿＿
＿＿＿＿＿＿＿＿＿＿
＿＿＿＿＿＿＿＿＿＿
＿＿＿＿＿＿＿＿＿＿
＿＿＿＿＿＿＿＿＿＿
＿＿＿＿＿＿＿＿＿＿
■＿＿＿＿＿＿＿＿＿
■■＿＿□＿＿＿＿＿
□■□□□□□＿＿＿
□□□□□□□＿＿＿
□□□□□□□＿□□
□□□□□□□＿□□
□□□□□□□＿□＿
□□□□□□□□□＿
□□□□□□□□□＿
□□＿□□□□□□□
□□□□□□＿□□□
00:01:54(3435f):field(3434f)
＿＿＿＿＿＿＿＿＿＿
＿＿＿＿＿＿＿＿＿＿
＿＿＿＿＿＿＿＿＿＿
＿＿＿＿＿＿＿＿＿＿
＿＿＿＿＿＿＿＿＿＿
＿＿＿＿＿＿＿＿＿＿
＿＿＿＿＿＿＿＿＿＿
＿＿＿＿＿＿＿＿＿＿
＿＿■■■＿＿＿＿＿
□＿■■■＿＿＿＿＿
□□■■□＿＿＿＿＿
□□□□□□□＿＿＿
□□□□□□□＿＿＿
□□□□□□□＿□□
□□□□□□□＿□□
□□□□□□□＿□＿
□□□□□□□□□＿
□□□□□□□□□＿
□□＿□□□□□□□
□□□□□□＿□□□
00:01:55(3462f):field(3461f)
＿＿＿＿＿＿＿＿＿＿
＿＿＿＿＿＿＿＿＿＿
＿＿＿＿＿＿＿＿＿＿
＿＿＿＿＿＿＿＿＿＿
＿＿＿＿＿＿＿＿＿＿
＿＿＿＿＿＿＿＿＿＿
＿＿＿＿＿＿＿＿＿＿
＿＿＿＿＿＿＿＿＿＿
＿＿◆◆◆＿＿＿＿＿
◆＿□□□■＿＿＿＿
□◆□□□■＿＿＿＿
□□□□□□□＿＿＿
□□□□□□□＿＿■
□□□□□□□＿□□
□□□□□□□＿□□
□□□□□□□＿□＿
□□□□□□□□□＿
□□□□□□□□□＿
□□＿□□□□□□□
□□□□□□＿□□□
00:01:55(3475f):field(3474f)
＿＿＿＿＿＿＿＿＿＿
＿＿＿＿＿＿＿＿＿＿
＿＿＿＿＿＿＿＿＿＿
＿＿＿＿＿＿＿＿＿＿
＿＿＿＿＿＿＿＿＿＿
＿＿＿＿＿＿＿＿＿＿
＿＿＿＿＿＿＿＿＿＿
＿＿＿＿■＿＿＿＿＿
＿＿■■■＿＿＿＿＿
＿＿□□□□＿＿＿＿
□＿□□□□＿＿＿＿
□□□□□□□＿＿＿
□□□□□□□＿＿□
□□□□□□□＿□□
□□□□□□□＿□□
□□□□□□□＿□＿
□□□□□□□□□＿
□□□□□□□□□＿
□□＿□□□□□□□
□□□□□□＿□□□
00:01:56(3490f):field(3489f)
＿＿＿＿＿＿＿＿＿＿
＿＿＿＿＿＿＿＿＿＿
＿＿＿＿＿＿＿＿＿＿
＿＿＿＿＿＿＿＿＿＿
＿＿＿＿＿＿＿＿＿＿
＿＿＿＿＿＿＿＿＿＿
＿＿＿＿＿＿＿＿＿＿
＿＿＿＿◆＿＿＿＿＿
＿＿◆◆◆＿＿＿＿＿
＿＿◆◆□◆＿＿＿＿
◆＿□□□◆＿＿＿＿
◆◆□□□□◆＿＿＿
□◆□□□□◆＿＿◆
□□□□□□□＿◆◆
□□□□□□□■◆□
□□□□□□□■□＿
□□□□□□□□□■
□□□□□□□□□＿
□□＿□□□□□□□
□□□□□□＿□□□
00:01:56(3504f):field(3503f)
＿＿＿＿＿＿＿＿＿＿
＿＿＿＿＿＿＿＿＿＿
＿＿＿＿＿＿＿＿＿＿
＿＿＿＿＿＿＿＿＿＿
＿＿＿＿＿＿＿＿＿＿
＿＿＿＿＿＿＿＿＿＿
＿＿＿＿＿＿＿＿＿＿
＿＿＿＿＿＿＿＿＿＿
＿＿＿＿＿＿＿＿＿＿
＿＿＿＿□＿＿＿＿＿
＿＿□□□＿＿＿＿＿
＿＿□□□□＿＿＿＿
□＿□□□□＿＿■■
□□□□□□□＿■■
□□□□□□□□＿□
□□□□□□□□□＿
□□□□□□□□□◆
□□□□□□□□□＿
□□＿□□□□□□□
□□□□□□＿□□□
00:01:57(3517f):field(3516f)
＿＿＿＿＿＿＿＿＿＿
＿＿＿＿＿＿＿＿＿＿
＿＿＿＿＿＿＿＿＿＿
＿＿＿＿＿＿＿＿＿＿
＿＿＿＿＿＿＿＿＿＿
＿＿＿＿＿＿＿＿＿＿
＿＿＿＿＿＿＿＿＿＿
＿＿＿＿＿＿＿＿＿＿
＿＿＿＿＿＿＿＿＿＿
＿＿＿＿□＿＿＿＿＿
＿＿□□□＿＿■■■
＿＿□□□□＿＿＿■
□＿□□□□＿＿□□
□□□□□□□＿□□
□□□□□□□□＿□
□□□□□□□□□＿
□□□□□□□□□＿
□□□□□□□□□＿
□□＿□□□□□□□
□□□□□□＿□□□
00:01:57(3529f):field(3528f)
＿＿＿＿＿＿＿＿＿＿
＿＿＿＿＿＿＿＿＿＿
＿＿＿＿＿＿＿＿＿＿
＿＿＿＿＿＿＿＿＿＿
＿＿＿＿＿＿＿＿＿＿
＿＿＿＿＿＿＿＿＿＿
＿＿＿＿＿＿＿＿＿＿
＿＿＿＿＿＿＿＿＿＿
＿＿＿＿＿＿＿＿＿＿
＿＿＿＿□＿＿＿＿＿
＿■□□□＿＿□□□
■■□□□□＿＿＿□
□■□□□□＿＿□□
□□□□□□□＿□□
□□□□□□□□＿□
□□□□□□□□□＿
□□□□□□□□□＿
□□□□□□□□□＿
□□＿□□□□□□□
□□□□□□＿□□□
00:01:58(3543f):field(3542f)
＿＿＿＿＿＿＿＿＿＿
＿＿＿＿＿＿＿＿＿＿
＿＿＿＿＿＿＿＿＿＿
＿＿＿＿＿＿＿＿＿＿
＿＿＿＿＿＿＿＿＿＿
＿＿＿＿＿＿＿＿＿＿
＿＿＿＿＿＿＿＿＿＿
＿＿＿＿＿＿＿＿＿＿
＿■＿＿＿＿＿＿＿＿
■■＿＿□＿＿＿＿＿
■□□□□＿＿□□□
□□□□□□＿＿＿□
□□□□□□＿＿□□
□□□□□□□＿□□
□□□□□□□□＿□
□□□□□□□□□＿
□□□□□□□□□＿
□□□□□□□□□＿
□□＿□□□□□□□
□□□□□□＿□□□
00:01:58(3555f):field(3554f)
＿＿＿＿＿＿＿＿＿＿
＿＿＿＿＿＿＿＿＿＿
＿＿＿＿＿＿＿＿＿＿
＿＿＿＿＿＿＿＿＿＿
＿＿＿＿＿＿＿＿＿＿
＿＿＿＿＿＿＿＿＿＿
＿＿＿＿＿＿＿＿＿＿
＿＿＿＿＿＿＿＿＿＿
＿□＿■■＿＿＿＿＿
□□■■□＿＿＿＿＿
□□□□□＿＿□□□
□□□□□□＿＿＿□
□□□□□□＿＿□□
□□□□□□□＿□□
□□□□□□□□＿□
□□□□□□□□□＿
□□□□□□□□□＿
□□□□□□□□□＿
□□＿□□□□□□□
□□□□□□＿□□□
00:01:59(3582f):field(3581f)
＿＿＿＿＿＿＿＿＿＿
＿＿＿＿＿＿＿＿＿＿
＿＿＿＿＿＿＿＿＿＿
＿＿＿＿＿＿＿＿＿＿
＿＿＿＿＿＿＿＿＿＿
＿＿＿＿＿＿＿＿＿＿
＿＿＿＿＿＿＿＿＿＿
＿＿＿＿＿＿＿＿＿＿
＿◆＿◆◆＿＿＿＿＿
◆◆◆◆◆＿＿＿＿＿
◆□◆□□＿＿◆◆◆
□□□□□□■■＿◆
□□□□□□＿■◆□
□□□□□□◆■□□
□□□□□□□□＿□
□□□□□□□□□＿
□□□□□□□□□＿
□□□□□□□□□＿
□□＿□□□□□□□
□□□□□□＿□□□
00:01:59(3595f):field(3594f)
＿＿＿＿＿＿＿＿＿＿
＿＿＿＿＿＿＿＿＿＿
＿＿＿＿＿＿＿＿＿＿
＿＿＿＿＿＿＿＿＿＿
＿＿＿＿＿＿＿＿＿＿
＿＿＿＿＿＿＿＿＿＿
＿＿＿＿＿＿＿＿＿＿
＿＿＿＿＿＿＿＿＿＿
＿＿＿＿＿＿＿＿＿＿
＿＿＿＿＿＿＿＿■＿
＿□＿□□＿＿＿■＿
□□□□□□□□■＿
□□□□□□＿□■□
□□□□□□＿□□□
□□□□□□□□＿□
□□□□□□□□□＿
□□□□□□□□□＿
□□□□□□□□□＿
□□＿□□□□□□□
□□□□□□＿□□□
00:02:00(3608f):field(3607f)
＿＿＿＿＿＿＿＿＿＿
＿＿＿＿＿＿＿＿＿＿
＿＿＿＿＿＿＿＿＿＿
＿＿＿＿＿＿＿＿＿＿
＿＿＿＿＿＿＿＿＿＿
＿＿＿＿＿＿＿＿＿＿
＿＿＿＿＿＿＿＿＿＿
＿＿＿＿＿＿＿＿＿＿
＿＿＿＿＿＿＿＿＿＿
＿＿■■■＿＿＿□＿
＿□■□□＿＿＿□＿
□□□□□□□□□＿
□□□□□□＿□□□
□□□□□□＿□□□
□□□□□□□□＿□
□□□□□□□□□＿
□□□□□□□□□＿
□□□□□□□□□＿
□□＿□□□□□□□
□□□□□□＿□□□
00:02:00(3623f):field(3622f)
＿＿＿＿＿＿＿＿＿＿
＿＿＿＿＿＿＿＿＿＿
＿＿＿＿＿＿＿＿＿＿
＿＿＿＿＿＿＿＿＿＿
＿＿＿＿＿＿＿＿＿＿
＿＿＿＿＿＿＿＿＿＿
＿＿＿＿＿＿＿＿＿＿
＿＿＿＿＿＿＿＿＿＿
＿＿＿＿＿＿＿＿＿＿
＿＿□□□■＿＿□＿
＿□□□□■■■□＿
□□□□□□□□□＿
□□□□□□＿□□□
□□□□□□＿□□□
□□□□□□□□＿□
□□□□□□□□□＿
□□□□□□□□□＿
□□□□□□□□□＿
□□＿□□□□□□□
□□□□□□＿□□□
00:02:01(3635f):field(3634f)
＿＿＿＿＿＿＿＿＿＿
＿＿＿＿＿＿＿＿＿＿
＿＿＿＿＿＿＿＿＿＿
＿＿＿＿＿＿＿＿＿＿
＿＿＿＿＿＿＿＿＿＿
＿＿＿＿＿＿＿＿＿＿
＿＿＿＿＿＿＿＿＿＿
＿＿＿＿＿＿＿＿＿＿
■＿＿＿＿＿＿＿＿＿
■■□□□□＿＿□＿
■□□□□□□□□＿
□□□□□□□□□＿
□□□□□□＿□□□
□□□□□□＿□□□
□□□□□□□□＿□
□□□□□□□□□＿
□□□□□□□□□＿
□□□□□□□□□＿
□□＿□□□□□□□
□□□□□□＿□□□
00:02:01(3646f):field(3645f)
＿＿＿＿＿＿＿＿＿＿
＿＿＿＿＿＿＿＿＿＿
＿＿＿＿＿＿＿＿＿＿
＿＿＿＿＿＿＿＿＿＿
＿＿＿＿＿＿＿＿＿＿
＿＿＿＿＿＿＿＿＿＿
＿＿＿＿＿＿＿＿＿＿
＿＿＿＿＿＿＿＿＿＿
□＿＿＿＿■■＿＿＿
□□□□□□■■□＿
□□□□□□□□□＿
□□□□□□□□□＿
□□□□□□＿□□□
□□□□□□＿□□□
□□□□□□□□＿□
□□□□□□□□□＿
□□□□□□□□□＿
□□□□□□□□□＿
□□＿□□□□□□□
□□□□□□＿□□□
00:02:01(3658f):field(3657f)
＿＿＿＿＿＿＿＿＿＿
＿＿＿＿＿＿＿＿＿＿
＿＿＿＿＿＿＿＿＿＿
＿＿＿＿＿＿＿＿＿＿
＿＿＿＿＿＿＿＿＿＿
＿＿＿＿＿＿＿＿＿＿
＿＿＿＿＿＿＿＿＿＿
＿＿＿■■＿＿＿＿＿
□＿＿■■□□＿＿＿
□□□□□□□□□＿
□□□□□□□□□＿
□□□□□□□□□＿
□□□□□□＿□□□
□□□□□□＿□□□
□□□□□□□□＿□
□□□□□□□□□＿
□□□□□□□□□＿
□□□□□□□□□＿
□□＿□□□□□□□
□□□□□□＿□□□
00:02:02(3671f):field(3670f)
＿＿＿＿＿＿＿＿＿＿
＿＿＿＿＿＿＿＿＿＿
＿＿＿＿＿＿＿＿＿＿
＿＿＿＿＿＿＿＿＿＿
＿＿＿＿＿＿＿＿＿＿
＿＿＿＿＿＿＿＿＿＿
■＿＿＿＿＿＿＿＿＿
■■＿□□＿＿＿＿＿
□■＿□□□□＿＿＿
□□□□□□□□□＿
□□□□□□□□□＿
□□□□□□□□□＿
□□□□□□＿□□□
□□□□□□＿□□□
□□□□□□□□＿□
□□□□□□□□□＿
□□□□□□□□□＿
□□□□□□□□□＿
□□＿□□□□□□□
□□□□□□＿□□□
00:02:02(3684f):field(3683f)
＿＿＿＿＿＿＿＿＿＿
＿＿＿＿＿＿＿＿＿＿
＿＿＿＿＿＿＿＿＿＿
＿＿＿＿＿＿＿＿＿＿
＿＿＿＿＿＿＿＿＿＿
＿＿＿＿＿＿＿＿＿＿
□＿■■＿＿＿＿＿＿
□□■□□＿＿＿＿＿
□□■□□□□＿＿＿
□□□□□□□□□＿
□□□□□□□□□＿
□□□□□□□□□＿
□□□□□□＿□□□
□□□□□□＿□□□
□□□□□□□□＿□
□□□□□□□□□＿
□□□□□□□□□＿
□□□□□□□□□＿
□□＿□□□□□□□
□□□□□□＿□□□
00:02:03(3698f):field(3697f)
＿＿＿＿＿＿＿＿＿＿
＿＿＿＿＿＿＿＿＿＿
＿＿＿＿＿＿＿＿＿＿
＿＿＿＿＿＿＿＿＿＿
＿＿＿＿＿＿＿＿＿＿
＿＿＿＿＿＿＿＿＿＿
◆＿◆◆＿＿＿＿＿＿
◆◆◆◆◆＿＿＿＿＿
□◆□□◆◆◆＿＿＿
□□□□□□□◆□■
□□□□□□□◆□■
□□□□□□□□□■
□□□□□□＿□□□
□□□□□□＿□□□
□□□□□□□□＿□
□□□□□□□□□＿
□□□□□□□□□＿
□□□□□□□□□＿
□□＿□□□□□□□
□□□□□□＿□□□
00:02:03(3710f):field(3709f)
＿＿＿＿＿＿＿＿＿＿
＿＿＿＿＿＿＿＿＿＿
＿＿＿＿＿＿＿＿＿＿
＿＿＿＿＿＿＿＿＿＿
＿＿＿＿＿＿＿＿＿＿
＿＿＿＿＿＿＿＿＿＿
＿＿＿＿＿＿＿＿＿＿
＿＿＿＿＿＿＿＿＿＿
◆＿◆◆＿＿＿＿＿＿
□◆□□□◆□＿◆◆
□□□□□◆□■□□
□□□□□□□□□◆
□□□□□□＿□□□
□□□□□□＿□□□
□□□□□□□□＿□
□□□□□□□□□＿
□□□□□□□□□＿
□□□□□□□□□＿
□□＿□□□□□□□
□□□□□□＿□□□
00:02:04(3725f):field(3724f)
＿＿＿＿＿＿＿＿＿＿
＿＿＿＿＿＿＿＿＿＿
＿＿＿＿＿＿＿＿＿＿
＿＿＿＿＿＿＿＿＿＿
＿＿＿＿＿＿＿＿＿＿
＿＿＿＿＿＿＿＿＿＿
＿＿＿＿＿＿＿＿＿＿
＿＿＿＿＿＿＿＿＿＿
＿＿＿＿＿＿■■＿＿
□＿□□◆＿□■＿＿
□□□□□＿□□□◆
□□□□□□□□□＿
□□□□□□＿□□□
□□□□□□＿□□□
□□□□□□□□＿□
□□□□□□□□□＿
□□□□□□□□□＿
□□□□□□□□□＿
□□＿□□□□□□□
□□□□□□＿□□□
00:02:04(3737f):field(3736f)
＿＿＿＿＿＿＿＿＿＿
＿＿＿＿＿＿＿＿＿＿
＿＿＿＿＿＿＿＿＿＿
＿＿＿＿＿＿＿＿＿＿
＿＿＿＿＿＿＿＿＿＿
＿＿＿＿＿＿＿＿＿＿
＿＿＿＿＿＿＿＿＿＿
■＿＿＿＿＿＿＿＿＿
■■＿＿＿＿□□＿＿
□■□□＿＿□□＿＿
□□□□□＿□□□＿
□□□□□□□□□＿
□□□□□□＿□□□
□□□□□□＿□□□
□□□□□□□□＿□
□□□□□□□□□＿
□□□□□□□□□＿
□□□□□□□□□＿
□□＿□□□□□□□
□□□□□□＿□□□
00:02:04(3749f):field(3748f)
＿＿＿＿＿＿＿＿＿＿
＿＿＿＿＿＿＿＿＿＿
＿＿＿＿＿＿＿＿＿＿
＿＿＿＿＿＿＿＿＿＿
＿＿＿＿＿＿＿＿＿＿
＿＿＿＿＿＿＿＿＿＿
＿＿＿＿＿＿＿＿＿＿
□＿＿＿＿■＿＿＿＿
□□＿＿＿■□□＿＿
□□□□＿■□□＿＿
□□□□□■□□□＿
□□□□□□□□□＿
□□□□□□＿□□□
□□□□□□＿□□□
□□□□□□□□＿□
□□□□□□□□□＿
□□□□□□□□□＿
□□□□□□□□□＿
□□＿□□□□□□□
□□□□□□＿□□□
00:02:05(3763f):field(3762f)
＿＿＿＿＿＿＿＿＿＿
＿＿＿＿＿＿＿＿＿＿
＿＿＿＿＿＿＿＿＿＿
＿＿＿＿＿＿＿＿＿＿
＿＿＿＿＿＿＿＿＿＿
＿＿＿＿＿＿＿＿＿＿
＿＿＿＿＿■■＿＿＿
□＿＿＿＿□■■＿＿
□□＿＿＿□□□＿＿
□□□□＿□□□＿＿
□□□□□□□□□＿
□□□□□□□□□＿
□□□□□□＿□□□
□□□□□□＿□□□
□□□□□□□□＿□
□□□□□□□□□＿
□□□□□□□□□＿
□□□□□□□□□＿
□□＿□□□□□□□
□□□□□□＿□□□
00:02:06(3780f):field(3779f)
＿＿＿＿＿＿＿＿＿＿
＿＿＿＿＿＿＿＿＿＿
＿＿＿＿＿＿＿＿＿＿
＿＿＿＿＿＿＿＿＿＿
＿＿＿＿＿＿＿＿＿＿
＿＿＿＿＿＿＿＿＿＿
＿＿＿＿＿◆◆＿＿＿
◆＿＿＿＿◆◆◆＿＿
◆◆＿＿＿□□◆＿＿
□◆◆◆＿□□□＿■
□□□◆□□□□□＿
□□□□◆□□□□■
□□□□□□■□□□
□□□□□□＿□□□
□□□□□□□□＿□
□□□□□□□□□＿
□□□□□□□□□＿
□□□□□□□□□＿
□□＿□□□□□□□
□□□□□□＿□□□
00:02:06(3789f):field(3788f)
＿＿＿＿＿＿＿＿＿＿
＿＿＿＿＿＿＿＿＿＿
＿＿＿＿＿＿＿＿＿＿
＿＿＿＿＿＿＿＿＿＿
＿＿＿＿＿＿＿＿＿＿
＿＿＿＿＿＿＿＿＿＿
＿＿＿＿＿＿＿＿＿＿
＿＿＿＿＿＿＿＿＿＿
＿＿＿＿＿□□＿＿＿
□＿＿＿＿□□□■□
□□◆＿◆□□□□■
□□□□＿□□□□□
□□□□□□◆□□□
□□□□□□＿□□□
□□□□□□□□＿□
□□□□□□□□□＿
□□□□□□□□□＿
□□□□□□□□□＿
□□＿□□□□□□□
□□□□□□＿□□□
00:02:06(3804f):field(3803f)
＿＿＿＿＿＿＿＿＿＿
＿＿＿＿＿＿＿＿＿＿
＿＿＿＿＿＿＿＿＿＿
＿＿＿＿＿＿＿＿＿＿
＿＿＿＿＿＿＿＿＿＿
＿＿＿＿＿＿＿＿＿＿
＿＿＿＿＿＿＿＿＿＿
＿＿＿＿＿＿＿＿＿＿
＿＿＿＿＿◆◆＿＿＿
◆＿＿＿＿□□◆◆◆
□◆■＿■□□□□□
□□◆□■□□□□□
□□□□□□■□□□
□□□□□□■□□□
□□□□□□□□＿□
□□□□□□□□□＿
□□□□□□□□□＿
□□□□□□□□□＿
□□＿□□□□□□□
□□□□□□＿□□□
00:02:07(3816f):field(3815f)
＿＿＿＿＿＿＿＿＿＿
＿＿＿＿＿＿＿＿＿＿
＿＿＿＿＿＿＿＿＿＿
＿＿＿＿＿＿＿＿＿＿
＿＿＿＿＿＿＿＿＿＿
＿＿＿＿＿＿＿＿＿＿
＿＿＿＿＿＿＿＿＿＿
＿＿＿＿■＿＿＿＿＿
＿＿＿＿■＿＿＿＿＿
＿＿＿■■□□＿＿＿
□＿◆＿□□□□□□
□□＿□□□□□□□
□□□□□□◆□□□
□□□□□□◆□□□
□□□□□□□□＿□
□□□□□□□□□＿
□□□□□□□□□＿
□□□□□□□□□＿
□□＿□□□□□□□
□□□□□□＿□□□
00:02:07(3832f):field(3831f)
＿＿＿＿＿＿＿＿＿＿
＿＿＿＿＿＿＿＿＿＿
＿＿＿＿＿＿＿＿＿＿
＿＿＿＿＿＿＿＿＿＿
＿＿＿＿＿＿＿＿＿＿
＿＿＿＿＿＿＿＿＿＿
＿＿＿＿＿＿＿＿＿＿
＿＿＿＿□＿＿＿＿＿
＿＿＿＿□＿■■＿＿
＿＿＿□□□□■■＿
□＿＿＿□□□□□□
□□＿□□□□□□□
□□□□□□＿□□□
□□□□□□＿□□□
□□□□□□□□＿□
□□□□□□□□□＿
□□□□□□□□□＿
□□□□□□□□□＿
□□＿□□□□□□□
□□□□□□＿□□□
00:02:08(3844f):field(3843f)
＿＿＿＿＿＿＿＿＿＿
＿＿＿＿＿＿＿＿＿＿
＿＿＿＿＿＿＿＿＿＿
＿＿＿＿＿＿＿＿＿＿
＿＿＿＿＿＿＿＿＿＿
＿＿＿＿＿＿＿＿＿＿
＿＿＿＿＿＿＿＿＿＿
＿＿＿＿□■■■＿＿
＿＿＿＿□■□□＿＿
＿＿＿□□□□□□＿
□＿＿＿□□□□□□
□□＿□□□□□□□
□□□□□□＿□□□
□□□□□□＿□□□
□□□□□□□□＿□
□□□□□□□□□＿
□□□□□□□□□＿
□□□□□□□□□＿
□□＿□□□□□□□
□□□□□□＿□□□
00:02:08(3854f):field(3853f)
＿＿＿＿＿＿＿＿＿＿
＿＿＿＿＿＿＿＿＿＿
＿＿＿＿＿＿＿＿＿＿
＿＿＿＿＿＿＿＿＿＿
＿＿＿＿＿＿＿＿＿＿
＿＿＿＿■■＿＿＿＿
＿＿＿＿■■＿＿＿＿
＿＿＿＿□□□□＿＿
＿＿＿＿□□□□＿＿
＿＿＿□□□□□□＿
□＿＿＿□□□□□□
□□＿□□□□□□□
□□□□□□＿□□□
□□□□□□＿□□□
□□□□□□□□＿□
□□□□□□□□□＿
□□□□□□□□□＿
□□□□□□□□□＿
□□＿□□□□□□□
□□□□□□＿□□□
00:02:08(3868f):field(3867f)
＿＿＿＿＿＿＿＿＿＿
＿＿＿＿＿＿＿＿＿＿
＿＿＿＿＿＿＿＿＿＿
＿＿＿＿＿＿＿＿＿＿
＿＿＿＿＿＿＿＿＿＿
＿＿＿＿◆◆＿＿＿＿
＿＿＿＿◆◆＿＿＿＿
＿＿＿＿□□◆◆＿＿
＿＿＿＿□□◆◆＿＿
＿＿＿◆□□□□◆＿
◆＿＿■□□□□◆◆
◆◆＿□□□□□□◆
□□□□□□■□□□
□□□□□□■□□□
□□□□□□□□＿□
□□□□□□□□□＿
□□□□□□□□□＿
□□□□□□□□□＿
□□＿□□□□□□□
□□□□□□＿□□□
00:02:09(3878f):field(3877f)
＿＿＿＿＿＿＿＿＿＿
＿＿＿＿＿＿＿＿＿＿
＿＿＿＿＿＿＿＿＿＿
＿＿＿＿＿＿＿＿＿＿
＿＿＿＿＿＿＿＿＿＿
＿＿＿＿＿＿＿＿＿＿
＿＿＿＿＿＿＿＿＿＿
＿＿＿＿□□＿＿＿＿
■＿＿＿□□＿＿＿＿
■＿＿＿□□□□＿＿
■＿＿◆□□□□＿＿
■＿＿□□□□□□＿
□□□□□□◆□□□
□□□□□□◆□□□
□□□□□□□□＿□
□□□□□□□□□＿
□□□□□□□□□＿
□□□□□□□□□＿
□□＿□□□□□□□
□□□□□□＿□□□
00:02:09(3893f):field(3892f)
＿＿＿＿＿＿＿＿＿＿
＿＿＿＿＿＿＿＿＿＿
＿＿＿＿＿＿＿＿＿＿
＿＿＿＿＿＿＿＿＿＿
＿＿＿＿＿＿＿＿＿＿
＿＿＿＿＿＿＿＿＿＿
＿＿＿＿＿＿＿＿＿＿
＿＿＿＿□□＿＿＿＿
□＿＿＿□□＿■■■
□＿＿＿□□□□＿■
□＿＿＿□□□□＿＿
□＿＿□□□□□□＿
□□□□□□＿□□□
□□□□□□＿□□□
□□□□□□□□＿□
□□□□□□□□□＿
□□□□□□□□□＿
□□□□□□□□□＿
□□＿□□□□□□□
□□□□□□＿□□□
00:02:10(3905f):field(3904f)
＿＿＿＿＿＿＿＿＿＿
＿＿＿＿＿＿＿＿＿＿
＿＿＿＿＿＿＿＿＿＿
＿＿＿＿＿＿＿＿＿＿
＿＿＿＿＿＿＿＿＿＿
＿＿＿＿＿＿＿＿＿＿
＿＿＿＿＿＿＿＿＿＿
＿＿＿＿□□＿＿＿＿
□＿＿＿□□＿□□□
□■＿＿□□□□＿□
□■■＿□□□□＿＿
□＿■□□□□□□＿
□□□□□□＿□□□
□□□□□□＿□□□
□□□□□□□□＿□
□□□□□□□□□＿
□□□□□□□□□＿
□□□□□□□□□＿
□□＿□□□□□□□
□□□□□□＿□□□
00:02:10(3923f):field(3922f)
＿＿＿＿＿＿＿＿＿＿
＿＿＿＿＿＿＿＿＿＿
＿＿＿＿＿＿＿＿＿＿
＿＿＿＿＿＿＿＿＿＿
＿＿＿＿＿＿＿＿＿＿
＿＿＿＿＿＿＿＿＿＿
＿＿＿＿＿＿＿＿＿＿
＿＿＿＿□□＿＿＿＿
□■■＿□□＿□□□
□□■■□□□□＿□
□□□＿□□□□＿＿
□＿□□□□□□□＿
□□□□□□＿□□□
□□□□□□＿□□□
□□□□□□□□＿□
□□□□□□□□□＿
□□□□□□□□□＿
□□□□□□□□□＿
□□＿□□□□□□□
□□□□□□＿□□□
00:02:11(3934f):field(3933f)
＿＿＿＿＿＿＿＿＿＿
＿＿＿＿＿＿＿＿＿＿
＿＿＿＿＿＿＿＿＿＿
＿＿＿＿＿＿＿＿＿＿
＿＿＿＿＿＿＿＿＿＿
＿＿＿＿＿＿＿＿＿＿
＿＿＿＿＿＿■＿＿＿
＿＿＿＿□□■■＿＿
□□□＿□□■□□□
□□□□□□□□＿□
□□□＿□□□□＿＿
□＿□□□□□□□＿
□□□□□□＿□□□
□□□□□□＿□□□
□□□□□□□□＿□
□□□□□□□□□＿
□□□□□□□□□＿
□□□□□□□□□＿
□□＿□□□□□□□
□□□□□□＿□□□
00:02:11(3948f):field(3947f)
＿＿＿＿＿＿＿＿＿＿
＿＿＿＿＿＿＿＿＿＿
＿＿＿＿＿＿＿＿＿＿
＿＿＿＿＿＿＿＿＿＿
＿＿＿＿＿＿＿＿＿＿
＿＿＿＿＿＿＿＿＿＿
＿＿＿■＿＿◆＿＿＿
＿■＿■◆◆□◆＿■
◆◆◆■□□□□□◆
□□□□□□□□＿□
□□□＿□□□□＿＿
□＿□□□□□□□＿
□□□□□□＿□□□
□□□□□□＿□□□
□□□□□□□□＿□
□□□□□□□□□＿
□□□□□□□□□＿
□□□□□□□□□＿
□□＿□□□□□□□
□□□□□□＿□□□
00:02:11(3959f):field(3958f)
＿＿＿＿＿＿＿＿＿＿
＿＿＿＿＿＿＿＿＿＿
＿＿＿＿＿＿＿＿＿＿
＿＿＿＿＿＿＿＿＿＿
＿＿＿＿＿＿＿＿＿＿
＿＿＿＿＿＿＿＿＿＿
＿＿＿□＿＿＿＿＿＿
■◆＿□＿＿□＿＿◆
■■■□□□□□◆＿
□□□□□□□□＿□
□□□＿□□□□＿＿
□＿□□□□□□□＿
□□□□□□＿□□□
□□□□□□＿□□□
□□□□□□□□＿□
□□□□□□□□□＿
□□□□□□□□□＿
□□□□□□□□□＿
□□＿□□□□□□□
□□□□□□＿□□□
00:02:12(3971f):field(3970f)
＿＿＿＿＿＿＿＿＿＿
＿＿＿＿＿＿＿＿＿＿
＿＿＿＿＿＿＿＿＿＿
＿＿＿＿＿＿＿＿＿＿
＿＿＿＿＿＿＿＿＿＿
＿＿＿＿■＿＿＿＿＿
＿＿＿□■＿＿＿＿＿
□＿＿□■■□＿＿＿
□□□□□□□□＿＿
□□□□□□□□＿□
□□□＿□□□□＿＿
□＿□□□□□□□＿
□□□□□□＿□□□
□□□□□□＿□□□
□□□□□□□□＿□
□□□□□□□□□＿
□□□□□□□□□＿
□□□□□□□□□＿
□□＿□□□□□□□
□□□□□□＿□□□
00:02:12(3983f):field(3982f)
＿＿＿＿＿＿＿＿＿＿
＿＿＿＿＿＿＿＿＿＿
＿＿＿＿＿＿＿＿＿＿
＿＿＿＿＿＿＿＿＿＿
＿＿＿＿＿＿＿＿＿＿
■＿＿＿□＿＿＿＿＿
■■＿□□＿＿＿＿＿
□■＿□□□□＿＿＿
□□□□□□□□＿＿
□□□□□□□□＿□
□□□＿□□□□＿＿
□＿□□□□□□□＿
□□□□□□＿□□□
□□□□□□＿□□□
□□□□□□□□＿□
□□□□□□□□□＿
□□□□□□□□□＿
□□□□□□□□□＿
□□＿□□□□□□□
□□□□□□＿□□□
00:02:13(3995f):field(3994f)
＿＿＿＿＿＿＿＿＿＿
＿＿＿＿＿＿＿＿＿＿
＿＿＿＿＿＿＿＿＿＿
＿＿＿＿＿＿＿＿＿＿
＿＿＿＿＿＿＿＿＿＿
□＿＿＿□■■＿＿＿
□□＿□□■■＿＿＿
□□＿□□□□＿＿＿
□□□□□□□□＿＿
□□□□□□□□＿□
□□□＿□□□□＿＿
□＿□□□□□□□＿
□□□□□□＿□□□
□□□□□□＿□□□
□□□□□□□□＿□
□□□□□□□□□＿
□□□□□□□□□＿
□□□□□□□□□＿
□□＿□□□□□□□
□□□□□□＿□□□
00:02:13(4009f):field(4008f)
＿＿＿＿＿＿＿＿＿＿
＿＿＿＿＿＿＿＿＿＿
＿＿＿＿＿＿＿＿＿＿
＿＿＿＿＿＿＿＿＿＿
＿＿＿＿＿＿＿＿＿＿
◆＿＿＿◆◆◆＿＿＿
◆◆＿◆◆◆◆＿＿＿
□◆＿□□□□＿＿＿
□□□□□□□□＿■
□□□□□□□□■◆
□□□＿□□□□■■
□＿□□□□□□□＿
□□□□□□＿□□□
□□□□□□＿□□□
□□□□□□□□＿□
□□□□□□□□□＿
□□□□□□□□□＿
□□□□□□□□□＿
□□＿□□□□□□□
□□□□□□＿□□□
00:02:14(4022f):field(4021f)
＿＿＿＿＿＿＿＿＿＿
＿＿＿＿＿＿＿＿＿＿
＿＿＿＿＿＿＿＿＿＿
＿＿＿＿＿＿＿＿＿＿
＿＿＿＿＿＿＿＿＿＿
＿＿＿＿＿＿＿＿＿＿
＿＿＿＿＿＿＿■＿＿
□＿＿◆□□□■＿＿
□□◆□□□□□＿◆
□□◆□□□□□□＿
□□□＿□□□□◆◆
□＿□□□□□□□＿
□□□□□□＿□□□
□□□□□□＿□□□
□□□□□□□□＿□
□□□□□□□□□＿
□□□□□□□□□＿
□□□□□□□□□＿
□□＿□□□□□□□
□□□□□□＿□□□
00:02:14(4034f):field(4033f)
＿＿＿＿＿＿＿＿＿＿
＿＿＿＿＿＿＿＿＿＿
＿＿＿＿＿＿＿＿＿＿
＿＿＿＿＿＿＿＿＿＿
＿＿＿＿＿＿＿＿＿＿
＿＿＿＿＿＿＿＿＿＿
＿＿＿＿＿＿＿□＿＿
□＿■■□□□□＿＿
□□■□□□□□＿＿
□□■□□□□□□＿
□□□＿□□□□＿＿
□＿□□□□□□□＿
□□□□□□＿□□□
□□□□□□＿□□□
□□□□□□□□＿□
□□□□□□□□□＿
□□□□□□□□□＿
□□□□□□□□□＿
□□＿□□□□□□□
□□□□□□＿□□□
00:02:14(4045f):field(4044f)
＿＿＿＿＿＿＿＿＿＿
＿＿＿＿＿＿＿＿＿＿
＿＿＿＿＿＿＿＿＿＿
＿＿＿＿＿＿＿＿＿＿
＿＿＿＿＿＿＿＿＿＿
＿＿■＿＿＿＿＿＿＿
＿■■＿＿＿＿□＿＿
□■□□□□□□＿＿
□□□□□□□□＿＿
□□□□□□□□□＿
□□□＿□□□□＿＿
□＿□□□□□□□＿
□□□□□□＿□□□
□□□□□□＿□□□
□□□□□□□□＿□
□□□□□□□□□＿
□□□□□□□□□＿
□□□□□□□□□＿
□□＿□□□□□□□
□□□□□□＿□□□
00:02:15(4058f):field(4057f)
＿＿＿＿＿＿＿＿＿＿
＿＿＿＿＿＿＿＿＿＿
＿＿＿＿＿＿＿＿＿＿
＿＿＿＿＿＿＿＿＿＿
＿＿＿＿＿＿＿＿＿＿
＿＿□＿■■＿＿＿＿
＿□□■■＿＿□＿＿
□□□□□□□□＿＿
□□□□□□□□＿＿
□□□□□□□□□＿
□□□＿□□□□＿＿
□＿□□□□□□□＿
□□□□□□＿□□□
□□□□□□＿□□□
□□□□□□□□＿□
□□□□□□□□□＿
□□□□□□□□□＿
□□□□□□□□□＿
□□＿□□□□□□□
□□□□□□＿□□□
00:02:15(4068f):field(4067f)
＿＿＿＿＿＿＿＿＿＿
＿＿＿＿＿＿＿＿＿＿
＿＿＿＿＿＿＿＿＿＿
＿＿＿＿＿＿＿＿＿＿
＿＿■■■＿＿＿＿＿
＿＿□■□□＿＿＿＿
＿□□□□＿＿□＿＿
□□□□□□□□＿＿
□□□□□□□□＿＿
□□□□□□□□□＿
□□□＿□□□□＿＿
□＿□□□□□□□＿
□□□□□□＿□□□
□□□□□□＿□□□
□□□□□□□□＿□
□□□□□□□□□＿
□□□□□□□□□＿
□□□□□□□□□＿
□□＿□□□□□□□
□□□□□□＿□□□
00:02:16(4083f):field(4082f)
＿＿＿＿＿＿＿＿＿＿
＿＿＿＿＿＿＿＿＿＿
＿＿＿＿＿＿＿＿＿＿
＿＿＿＿＿＿＿＿＿＿
＿＿◆◆◆＿＿＿＿＿
＿＿◆◆◆◆＿＿＿＿
■◆□□□＿■◆＿＿
◆◆□□□□◆□＿＿
◆□□□□◆◆□＿＿
□□□□□□□□□■
□□□■□□□□＿＿
□＿□□□□□□□＿
□□□□□□＿□□□
□□□□□□＿□□□
□□□□□□□□＿□
□□□□□□□□□＿
□□□□□□□□□＿
□□□□□□□□□＿
□□＿□□□□□□□
□□□□□□＿□□□
00:02:16(4094f):field(4093f)
＿＿＿＿＿＿＿＿＿＿
＿＿＿＿＿＿＿＿＿＿
＿＿＿＿＿＿＿＿＿＿
＿＿＿＿＿＿＿＿＿＿
＿＿＿＿＿＿＿＿＿＿
＿＿＿＿＿＿＿＿＿＿
◆＿□□□＿◆＿＿＿
＿＿□□□□■□■■
＿□□□□＿＿□＿＿
□□□□□□□□□◆
□□□◆□□□□＿＿
□＿□□□□□□□＿
□□□□□□＿□□□
□□□□□□＿□□□
□□□□□□□□＿□
□□□□□□□□□＿
□□□□□□□□□＿
□□□□□□□□□＿
□□＿□□□□□□□
□□□□□□＿□□□
00:02:17(4110f):field(4109f)
＿＿＿＿＿＿＿＿＿＿
＿＿＿＿＿＿＿＿＿＿
＿＿＿＿＿＿＿＿＿＿
＿＿＿＿＿＿＿＿＿＿
＿＿＿＿＿＿＿＿＿＿
＿＿＿＿＿＿＿＿＿＿
＿＿□◆◆＿＿＿＿＿
■■□□□◆□◆□□
■□□□□＿■□＿＿
□□□□□□□□□＿
□□□＿□□□□＿＿
□＿□□□□□□□＿
□□□□□□＿□□□
□□□□□□＿□□□
□□□□□□□□＿□
□□□□□□□□□＿
□□□□□□□□□＿
□□□□□□□□□＿
□□＿□□□□□□□
□□□□□□＿□□□
00:02:17(4126f):field(4125f)
＿＿＿＿＿＿＿＿＿＿
＿＿＿＿＿＿＿＿＿＿
＿＿＿＿＿＿＿＿＿＿
＿＿＿＿＿＿＿＿＿＿
＿＿＿＿＿＿＿＿＿＿
＿＿＿＿＿＿＿＿＿＿
＿＿◆＿＿＿■＿＿＿
◆□□□□＿□＿◆◆
□□□□□■□□＿＿
□□□□□□□□□＿
□□□＿□□□□＿＿
□＿□□□□□□□＿
□□□□□□＿□□□
□□□□□□＿□□□
□□□□□□□□＿□
□□□□□□□□□＿
□□□□□□□□□＿
□□□□□□□□□＿
□□＿□□□□□□□
□□□□□□＿□□□
00:02:17(4138f):field(4137f)
＿＿＿＿＿＿＿＿＿＿
＿＿＿＿＿＿＿＿＿＿
＿＿＿＿＿＿＿＿＿＿
＿＿＿＿＿＿＿＿＿＿
＿＿＿＿＿＿＿＿＿＿
＿＿＿＿■＿＿＿＿＿
＿＿＿＿■■□＿＿＿
＿□□□□■□＿＿＿
□□□□□□□□＿＿
□□□□□□□□□＿
□□□＿□□□□＿＿
□＿□□□□□□□＿
□□□□□□＿□□□
□□□□□□＿□□□
□□□□□□□□＿□
□□□□□□□□□＿
□□□□□□□□□＿
□□□□□□□□□＿
□□＿□□□□□□□
□□□□□□＿□□□
00:02:18(4149f):field(4148f)
＿＿＿＿＿＿＿＿＿＿
＿＿＿＿＿＿＿＿＿＿
＿＿＿＿＿＿＿＿＿＿
＿＿＿＿＿＿＿＿＿＿
＿＿＿＿＿＿＿＿＿＿
＿＿＿＿□＿＿＿＿＿
■■■＿□□□＿＿＿
■□□□□□□＿＿＿
□□□□□□□□＿＿
□□□□□□□□□＿
□□□＿□□□□＿＿
□＿□□□□□□□＿
□□□□□□＿□□□
□□□□□□＿□□□
□□□□□□□□＿□
□□□□□□□□□＿
□□□□□□□□□＿
□□□□□□□□□＿
□□＿□□□□□□□
□□□□□□＿□□□
00:02:18(4165f):field(4164f)
＿＿＿＿＿＿＿＿＿＿
＿＿＿＿＿＿＿＿＿＿
＿＿＿＿＿＿＿＿＿＿
＿＿＿＿＿＿＿＿＿＿
＿＿＿＿＿＿＿＿＿＿
＿＿＿＿◆＿＿＿＿＿
◆◆◆＿□◆◆＿＿＿
□□□◆□□□＿＿＿
□□□□□□□◆■＿
□□□□□□□□◆■
□□□＿□□□□＿■
□＿□□□□□□□■
□□□□□□＿□□□
□□□□□□＿□□□
□□□□□□□□＿□
□□□□□□□□□＿
□□□□□□□□□＿
□□□□□□□□□＿
□□＿□□□□□□□
□□□□□□＿□□□
00:02:19(4175f):field(4174f)
＿＿＿＿＿＿＿＿＿＿
＿＿＿＿＿＿＿＿＿＿
＿＿＿＿＿＿＿＿＿＿
＿＿＿＿＿＿＿＿＿＿
＿＿＿＿＿＿＿＿＿＿
＿＿＿＿■■＿＿＿＿
＿＿＿＿□■■＿＿＿
□□□＿□□□＿＿＿
□□□□□□□＿◆＿
□□□□□□□□＿□
□□□＿□□□□＿□
□＿□□□□□□□□
□□□□□□＿□□□
□□□□□□＿□□□
□□□□□□□□＿□
□□□□□□□□□＿
□□□□□□□□□＿
□□□□□□□□□＿
□□＿□□□□□□□
□□□□□□＿□□□
00:02:19(4186f):field(4185f)
＿＿＿＿＿＿＿＿＿＿
＿＿＿＿＿＿＿＿＿＿
＿＿＿＿＿＿＿＿＿＿
＿＿＿＿＿＿＿＿＿＿
＿＿＿＿＿＿＿＿＿＿
＿＿＿■□□＿＿＿＿
＿＿■■□□□＿＿＿
□□□■□□□＿＿＿
□□□□□□□＿＿＿
□□□□□□□□＿□
□□□＿□□□□＿□
□＿□□□□□□□□
□□□□□□＿□□□
□□□□□□＿□□□
□□□□□□□□＿□
□□□□□□□□□＿
□□□□□□□□□＿
□□□□□□□□□＿
□□＿□□□□□□□
□□□□□□＿□□□
00:02:19(4198f):field(4197f)
＿＿＿＿＿＿＿＿＿＿
＿＿＿＿＿＿＿＿＿＿
＿＿＿＿＿＿＿＿＿＿
＿＿＿＿＿＿＿＿＿＿
＿＿＿＿＿＿＿＿＿＿
■■＿□□□＿＿＿＿
■■□□□□□＿＿＿
□□□□□□□＿＿＿
□□□□□□□＿＿＿
□□□□□□□□＿□
□□□＿□□□□＿□
□＿□□□□□□□□
□□□□□□＿□□□
□□□□□□＿□□□
□□□□□□□□＿□
□□□□□□□□□＿
□□□□□□□□□＿
□□□□□□□□□＿
□□＿□□□□□□□
□□□□□□＿□□□
00:02:20(4213f):field(4212f)
＿＿＿＿＿＿＿＿＿＿
＿＿＿＿＿＿＿＿＿＿
＿＿＿＿＿＿＿＿＿＿
＿＿＿＿＿＿＿＿＿＿
＿＿＿＿＿＿＿＿＿＿
◆◆＿◆◆◆＿＿＿＿
□□◆□□□◆＿＿＿
□□□□□□□＿＿＿
□□□□□□□＿＿■
□□□□□□□◆■□
□□□＿□□□□■□
□＿□□□□□□□□
□□□□□□＿□□□
□□□□□□＿□□□
□□□□□□□□＿□
□□□□□□□□□＿
□□□□□□□□□＿
□□□□□□□□□＿
□□＿□□□□□□□
□□□□□□＿□□□
00:02:20(4225f):field(4224f)
＿＿＿＿＿＿＿＿＿＿
＿＿＿＿＿＿＿＿＿＿
＿＿＿＿＿＿＿＿＿＿
＿＿＿＿＿＿＿＿＿＿
＿＿＿＿＿＿＿＿＿＿
＿＿＿＿＿＿＿＿＿＿
◆◆＿◆◆◆＿＿＿＿
◆◆◆◆◆□□＿＿＿
□□◆□□□□＿＿◆
□□□□□□□＿◆◆
□□□＿□□□□□□
□＿□□□□□□□□
□□□□□□＿□□□
□□□□□□＿□□□
□□□□□□□□＿□
□□□□□□□□□＿
□□□□□□□□□＿
□□□□□□□□□＿
□□＿□□□□□□□
□□□□□□＿□□□
00:02:21(4239f):field(4238f)
＿＿＿＿＿＿＿＿＿＿
＿＿＿＿＿＿＿＿＿＿
＿＿＿＿＿＿＿＿＿＿
＿＿＿＿＿＿＿＿＿＿
＿＿＿＿＿＿＿＿＿＿
＿＿＿＿＿＿＿＿＿＿
＿＿＿＿＿＿＿＿＿＿
＿＿＿＿＿◆□＿＿＿
□□＿□□□□■＿＿
□□□□□□□■＿＿
□□□＿□□□□□□
□＿□□□□□□□□
□□□□□□＿□□□
□□□□□□＿□□□
□□□□□□□□＿□
□□□□□□□□□＿
□□□□□□□□□＿
□□□□□□□□□＿
□□＿□□□□□□□
□□□□□□＿□□□
00:02:21(4249f):field(4248f)
＿＿＿＿＿＿＿＿＿＿
＿＿＿＿＿＿＿＿＿＿
＿＿＿＿＿＿＿＿＿＿
＿＿＿＿＿＿＿＿＿＿
＿＿＿＿＿＿＿＿＿＿
＿＿＿＿＿＿＿＿＿＿
＿＿＿＿■＿＿＿＿＿
＿＿＿■■■□＿＿＿
□□＿□□□□□＿＿
□□□□□□□□＿＿
□□□＿□□□□□□
□＿□□□□□□□□
□□□□□□＿□□□
□□□□□□＿□□□
□□□□□□□□＿□
□□□□□□□□□＿
□□□□□□□□□＿
□□□□□□□□□＿
□□＿□□□□□□□
□□□□□□＿□□□
00:02:22(4263f):field(4262f)
＿＿＿＿＿＿＿＿＿＿
＿＿＿＿＿＿＿＿＿＿
＿＿＿＿＿＿＿＿＿＿
＿＿＿＿＿＿＿＿＿＿
＿＿＿＿＿＿＿＿＿＿
＿＿＿＿＿＿＿＿＿＿
＿＿＿＿◆＿＿＿＿＿
＿＿＿◆□◆◆＿＿＿
◆□＿□□□□◆＿■
□□□□□□□□■■
□□□＿□□□□□□
□＿□□□□□□□□
□□□□□□＿□□□
□□□□□□＿□□□
□□□□□□□□＿□
□□□□□□□□□＿
□□□□□□□□□＿
□□□□□□□□□＿
□□＿□□□□□□□
□□□□□□＿□□□
00:02:22(4277f):field(4276f)
＿＿＿＿＿＿＿＿＿＿
＿＿＿＿＿＿＿＿＿＿
＿＿＿＿＿＿＿＿＿＿
＿＿＿＿＿＿＿＿＿＿
＿＿＿＿＿＿＿＿＿＿
＿＿＿＿＿＿＿＿＿＿
＿＿＿＿＿＿＿＿＿＿
＿＿＿＿◆＿＿＿＿＿
■◆＿◆□◆□＿＿◆
□□□□□□□◆◆◆
□□□＿□□□□□□
□＿□□□□□□□□
□□□□□□＿□□□
□□□□□□＿□□□
□□□□□□□□＿□
□□□□□□□□□＿
□□□□□□□□□＿
□□□□□□□□□＿
□□＿□□□□□□□
□□□□□□＿□□□
00:02:22(4287f):field(4286f)
＿＿＿＿＿＿＿＿＿＿
＿＿＿＿＿＿＿＿＿＿
＿＿＿＿＿＿＿＿＿＿
＿＿＿＿＿＿＿＿＿＿
＿＿＿＿＿＿＿＿＿＿
＿＿＿＿＿＿＿＿＿＿
＿＿＿＿＿＿＿＿＿＿
＿＿＿＿＿＿＿＿＿＿
◆＿＿＿□＿◆＿■■
□□□□□□□＿■■
□□□＿□□□□□□
□＿□□□□□□□□
□□□□□□＿□□□
□□□□□□＿□□□
□□□□□□□□＿□
□□□□□□□□□＿
□□□□□□□□□＿
□□□□□□□□□＿
□□＿□□□□□□□
□□□□□□＿□□□
00:02:23(4299f):field(4298f)
＿＿＿＿＿＿＿＿＿＿
＿＿＿＿＿＿＿＿＿＿
＿＿＿＿＿＿＿＿＿＿
＿＿＿＿＿＿＿＿＿＿
＿＿＿＿＿＿＿＿＿＿
＿＿＿＿＿＿＿＿＿＿
＿＿＿＿＿＿＿＿＿＿
＿＿＿＿■■＿＿＿＿
＿＿＿＿□■■＿□□
□□□□□□□＿□□
□□□＿□□□□□□
□＿□□□□□□□□
□□□□□□＿□□□
□□□□□□＿□□□
□□□□□□□□＿□
□□□□□□□□□＿
□□□□□□□□□＿
□□□□□□□□□＿
□□＿□□□□□□□
□□□□□□＿□□□
00:02:23(4312f):field(4311f)
＿＿＿＿＿＿＿＿＿＿
＿＿＿＿＿＿＿＿＿＿
＿＿＿＿＿＿＿＿＿＿
＿＿＿＿＿＿＿＿＿＿
＿＿＿＿＿＿＿＿＿＿
＿＿＿＿＿＿＿＿＿＿
＿＿＿＿＿＿＿＿＿＿
＿＿＿＿◆◆＿■＿＿
＿＿■■□□◆■◆◆
□◆◆◆□□□■□□
□□□■□□□□□□
□■□□□□□□□□
□□□□□□＿□□□
□□□□□□＿□□□
□□□□□□□□＿□
□□□□□□□□□＿
□□□□□□□□□＿
□□□□□□□□□＿
□□＿□□□□□□□
□□□□□□＿□□□
00:02:24(4325f):field(4324f)
＿＿＿＿＿＿＿＿＿＿
＿＿＿＿＿＿＿＿＿＿
＿＿＿＿＿＿＿＿＿＿
＿＿＿＿＿＿＿＿＿＿
＿＿＿＿＿＿＿＿＿＿
＿＿＿＿＿＿＿＿＿＿
＿＿＿＿＿＿＿＿＿＿
＿＿＿＿＿＿＿◆＿＿
＿＿◆◆◆◆＿□＿＿
◆＿＿■□□◆□◆◆
◆◆□□□□□□□□
□□□□□□□□□□
□□□□□□＿□□□
□□□□□□＿□□□
□□□□□□□□＿□
□□□□□□□□□＿
□□□□□□□□□＿
□□□□□□□□□＿
□□＿□□□□□□□
□□□□□□＿□□□
00:02:24(4336f):field(4335f)
＿＿＿＿＿＿＿＿＿＿
＿＿＿＿＿＿＿＿＿＿
＿＿＿＿＿＿＿＿＿＿
＿＿＿＿＿＿＿＿＿＿
＿＿＿＿＿＿＿＿＿＿
＿＿＿＿＿＿＿＿＿＿
＿＿＿＿＿＿＿＿＿＿
＿＿＿＿＿＿＿＿＿＿
＿＿＿＿＿＿＿◆＿＿
＿■＿◆◆□＿◆＿＿
＿＿◆◆◆◆□□◆◆
□◆◆□□□◆□□◆
□□□□□□■□□□
□□□□□□＿□□□
□□□□□□□□＿□
□□□□□□□□□＿
□□□□□□□□□＿
□□□□□□□□□＿
□□＿□□□□□□□
□□□□□□＿□□□
00:02:24(4348f):field(4347f)
＿＿＿＿＿＿＿＿＿＿
＿＿＿＿＿＿＿＿＿＿
＿＿＿＿＿＿＿＿＿＿
＿＿＿＿＿＿＿＿＿＿
＿＿＿＿＿＿＿＿＿＿
＿＿＿＿＿＿＿＿＿＿
＿＿＿＿＿＿＿＿＿＿
＿＿＿＿＿＿＿＿＿＿
＿＿＿＿＿＿＿＿＿＿
＿◆＿＿＿◆＿＿＿＿
＿＿＿＿■■□□＿＿
□＿＿□□□■□◆＿
□□□□□□◆□□□
□□□□□□＿□□□
□□□□□□□□＿□
□□□□□□□□□＿
□□□□□□□□□＿
□□□□□□□□□＿
□□＿□□□□□□□
□□□□□□＿□□□
00:02:25(4359f):field(4358f)
＿＿＿＿＿＿＿＿＿＿
＿＿＿＿＿＿＿＿＿＿
＿＿＿＿＿＿＿＿＿＿
＿＿＿＿＿＿＿＿＿＿
＿＿＿＿＿＿＿＿＿＿
＿＿＿＿＿＿＿＿＿＿
＿＿＿＿＿＿＿＿＿＿
＿＿＿＿＿＿＿＿＿＿
＿＿＿＿＿＿＿＿＿＿
＿＿＿＿＿＿＿＿＿＿
＿＿＿＿□□□□■■
□＿＿□□□□□■■
□□□□□□＿□□□
□□□□□□＿□□□
□□□□□□□□＿□
□□□□□□□□□＿
□□□□□□□□□＿
□□□□□□□□□＿
□□＿□□□□□□□
□□□□□□＿□□□
00:02:25(4370f):field(4369f)
＿＿＿＿＿＿＿＿＿＿
＿＿＿＿＿＿＿＿＿＿
＿＿＿＿＿＿＿＿＿＿
＿＿＿＿＿＿＿＿＿＿
＿＿＿＿＿＿＿＿＿＿
＿＿＿＿＿＿＿＿＿＿
＿＿＿＿＿＿＿＿＿＿
＿＿＿＿＿＿＿＿＿＿
＿＿＿＿＿＿＿＿＿＿
＿＿＿■■■＿＿＿＿
＿＿＿■□□□□□□
□＿＿□□□□□□□
□□□□□□＿□□□
□□□□□□＿□□□
□□□□□□□□＿□
□□□□□□□□□＿
□□□□□□□□□＿
□□□□□□□□□＿
□□＿□□□□□□□
□□□□□□＿□□□
00:02:26(4383f):field(4382f)
＿＿＿＿＿＿＿＿＿＿
＿＿＿＿＿＿＿＿＿＿
＿＿＿＿＿＿＿＿＿＿
＿＿＿＿＿＿＿＿＿＿
＿＿＿＿＿＿＿＿＿＿
＿＿＿＿＿＿＿＿＿＿
＿＿＿＿＿＿＿＿＿＿
＿＿＿＿＿＿＿＿＿＿
＿＿＿＿＿＿＿＿＿＿
＿＿＿□□□■■■■
＿＿＿□□□□□□□
□＿＿□□□□□□□
□□□□□□＿□□□
□□□□□□＿□□□
□□□□□□□□＿□
□□□□□□□□□＿
□□□□□□□□□＿
□□□□□□□□□＿
□□＿□□□□□□□
□□□□□□＿□□□
00:02:26(4397f):field(4396f)
＿＿＿＿＿＿＿＿＿＿
＿＿＿＿＿＿＿＿＿＿
＿＿＿＿＿＿＿＿＿＿
＿＿＿＿＿＿＿＿＿＿
＿＿＿＿＿＿＿＿＿＿
＿＿＿＿＿＿＿＿＿＿
＿＿＿＿＿＿＿＿＿＿
＿＿＿＿＿＿＿＿＿＿
＿＿＿＿＿＿＿＿＿＿
＿＿＿◆◆◆◆◆◆◆
■＿■□□□□□□□
□■＿□□□□□□□
□□□□□□＿□□□
□□□□□□■□□□
□□□□□□□□＿□
□□□□□□□□□＿
□□□□□□□□□＿
□□□□□□□□□＿
□□＿□□□□□□□
□□□□□□＿□□□
00:02:26(4408f):field(4407f)
＿＿＿＿＿＿＿＿＿＿
＿＿＿＿＿＿＿＿＿＿
＿＿＿＿＿＿＿＿＿＿
＿＿＿＿＿＿＿＿＿＿
＿＿＿＿＿＿＿＿＿＿
＿＿＿＿＿＿＿＿＿＿
＿＿＿＿＿＿＿＿＿＿
＿＿＿＿＿＿＿＿＿＿
＿＿＿＿＿＿＿＿＿＿
＿＿＿＿＿＿＿＿＿＿
◆■◆◆◆◆□◆◆◆
◆□■□□□□□□□
□□□□□□＿□□□
□□□□□□◆□□□
□□□□□□□□＿□
□□□□□□□□□＿
□□□□□□□□□＿
□□□□□□□□□＿
□□＿□□□□□□□
□□□□□□＿□□□
00:02:27(4418f):field(4417f)
＿＿＿＿＿＿＿＿＿＿
＿＿＿＿＿＿＿＿＿＿
＿＿＿＿＿＿＿＿＿＿
＿＿＿＿＿＿＿＿＿＿
＿＿＿＿＿＿＿＿＿＿
＿＿＿＿＿＿＿＿＿＿
＿＿＿＿＿＿＿＿＿＿
＿＿＿＿＿＿＿＿＿＿
＿＿＿＿＿＿＿＿＿＿
＿＿■＿＿＿＿＿＿＿
＿□■■■＿◆＿＿＿
＿□□□□□□□□□
□□□□□□＿□□□
□□□□□□＿□□□
□□□□□□□□＿□
□□□□□□□□□＿
□□□□□□□□□＿
□□□□□□□□□＿
□□＿□□□□□□□
□□□□□□＿□□□
00:02:27(4430f):field(4429f)
＿＿＿＿＿＿＿＿＿＿
＿＿＿＿＿＿＿＿＿＿
＿＿＿＿＿＿＿＿＿＿
＿＿＿＿＿＿＿＿＿＿
＿＿＿＿＿＿＿＿＿＿
＿＿＿＿＿＿＿＿＿＿
＿＿＿＿＿＿＿＿＿＿
＿＿＿＿＿＿＿＿＿＿
＿＿＿＿＿■＿＿＿＿
＿＿□＿＿■＿＿＿＿
＿□□□□■■＿＿＿
＿□□□□□□□□□
□□□□□□＿□□□
□□□□□□＿□□□
□□□□□□□□＿□
□□□□□□□□□＿
□□□□□□□□□＿
□□□□□□□□□＿
□□＿□□□□□□□
□□□□□□＿□□□
00:02:28(4440f):field(4439f)
＿＿＿＿＿＿＿＿＿＿
＿＿＿＿＿＿＿＿＿＿
＿＿＿＿＿＿＿＿＿＿
＿＿＿＿＿＿＿＿＿＿
＿＿＿＿＿＿＿＿＿＿
＿＿＿＿＿＿＿＿＿＿
＿＿＿＿■＿＿＿＿＿
＿＿＿＿■＿＿＿＿＿
＿＿＿＿■□＿＿＿＿
＿＿□＿■□＿＿＿＿
＿□□□□□□＿＿＿
＿□□□□□□□□□
□□□□□□＿□□□
□□□□□□＿□□□
□□□□□□□□＿□
□□□□□□□□□＿
□□□□□□□□□＿
□□□□□□□□□＿
□□＿□□□□□□□
□□□□□□＿□□□
00:02:28(4453f):field(4452f)
＿＿＿＿＿＿＿＿＿＿
＿＿＿＿＿＿＿＿＿＿
＿＿＿＿＿＿＿＿＿＿
＿＿＿＿＿＿＿＿＿＿
＿＿＿＿＿＿＿＿＿＿
＿＿＿■■■＿＿＿＿
＿＿＿■□＿＿＿＿＿
＿＿＿＿□＿＿＿＿＿
＿＿＿＿□□＿＿＿＿
＿＿□＿□□＿＿＿＿
＿□□□□□□＿＿＿
＿□□□□□□□□□
□□□□□□＿□□□
□□□□□□＿□□□
□□□□□□□□＿□
□□□□□□□□□＿
□□□□□□□□□＿
□□□□□□□□□＿
□□＿□□□□□□□
□□□□□□＿□□□
00:02:28(4466f):field(4465f)
＿＿＿＿＿＿＿＿＿＿
＿＿＿＿＿＿＿＿＿＿
＿＿＿＿＿＿＿＿＿＿
＿＿＿＿＿＿＿＿＿＿
＿＿＿＿＿＿＿＿＿＿
＿＿＿□□□＿＿＿＿
＿＿＿□□＿＿＿＿＿
＿＿＿＿□＿＿＿＿＿
＿＿＿＿□□＿＿＿＿
＿＿□＿□□＿＿■■
＿□□□□□□＿■■
＿□□□□□□□□□
□□□□□□＿□□□
□□□□□□＿□□□
□□□□□□□□＿□
□□□□□□□□□＿
□□□□□□□□□＿
□□□□□□□□□＿
□□＿□□□□□□□
□□□□□□＿□□□
00:02:29(4479f):field(4478f)
＿＿＿＿＿＿＿＿＿＿
＿＿＿＿＿＿＿＿＿＿
＿＿＿＿＿＿＿＿＿＿
＿＿＿＿＿＿＿＿＿＿
＿＿＿＿＿＿＿＿＿＿
＿＿＿□□□＿＿＿＿
＿＿＿□□＿＿＿＿＿
＿＿＿＿□＿＿＿＿＿
＿■＿＿□□＿＿＿＿
■■□＿□□＿＿□□
■□□□□□□＿□□
＿□□□□□□□□□
□□□□□□＿□□□
□□□□□□＿□□□
□□□□□□□□＿□
□□□□□□□□□＿
□□□□□□□□□＿
□□□□□□□□□＿
□□＿□□□□□□□
□□□□□□＿□□□
00:02:29(4495f):field(4494f)
＿＿＿＿＿＿＿＿＿＿
＿＿＿＿＿＿＿＿＿＿
＿＿＿＿＿＿＿＿＿＿
＿＿＿＿＿＿＿＿＿＿
＿＿＿＿＿＿＿＿＿＿
＿＿＿◆◆◆＿＿＿＿
＿＿＿□□■＿＿＿＿
＿＿＿■□＿＿＿＿＿
＿◆＿＿□◆＿＿＿＿
◆□◆■□□＿■◆◆
□□□◆□□□■□□
＿□□□□□□□□□
□□□□□□＿□□□
□□□□□□＿□□□
□□□□□□□□＿□
□□□□□□□□□＿
□□□□□□□□□＿
□□□□□□□□□＿
□□＿□□□□□□□
□□□□□□＿□□□
00:02:30(4508f):field(4507f)
＿＿＿＿＿＿＿＿＿＿
＿＿＿＿＿＿＿＿＿＿
＿＿＿＿＿＿＿＿＿＿
＿＿＿＿＿＿＿＿＿＿
＿＿＿＿＿＿＿＿＿＿
＿＿＿＿＿＿＿＿＿＿
＿＿＿□□□＿＿＿＿
＿＿＿□□＿＿＿■＿
＿＿＿＿□＿＿＿■■
＿□＿◆□□＿□＿■
□□□＿□□□□□□
＿□□□□□□□□□
□□□□□□＿□□□
□□□□□□＿□□□
□□□□□□□□＿□
□□□□□□□□□＿
□□□□□□□□□＿
□□□□□□□□□＿
□□＿□□□□□□□
□□□□□□＿□□□
00:02:30(4521f):field(4520f)
＿＿＿＿＿＿＿＿＿＿
＿＿＿＿＿＿＿＿＿＿
＿＿＿＿＿＿＿＿＿＿
＿＿＿＿＿＿＿＿＿＿
＿＿＿＿＿＿＿＿＿＿
＿＿＿＿＿＿＿＿＿＿
＿＿＿□□□＿＿＿＿
＿＿＿□□■＿＿□＿
＿＿＿＿□■■■□□
＿□＿＿□□＿□＿□
□□□＿□□□□□□
＿□□□□□□□□□
□□□□□□＿□□□
□□□□□□＿□□□
□□□□□□□□＿□
□□□□□□□□□＿
□□□□□□□□□＿
□□□□□□□□□＿
□□＿□□□□□□□
□□□□□□＿□□□
00:02:31(4532f):field(4531f)
＿＿＿＿＿＿＿＿＿＿
＿＿＿＿＿＿＿＿＿＿
＿＿＿＿＿＿＿＿＿＿
＿＿＿＿＿＿＿＿＿＿
＿＿＿＿＿■＿＿＿＿
＿＿＿■■■＿＿＿＿
＿＿＿□□□＿＿＿＿
＿＿＿□□□＿＿□＿
＿＿＿＿□□□□□□
＿□＿＿□□＿□＿□
□□□＿□□□□□□
＿□□□□□□□□□
□□□□□□＿□□□
□□□□□□＿□□□
□□□□□□□□＿□
□□□□□□□□□＿
□□□□□□□□□＿
□□□□□□□□□＿
□□＿□□□□□□□
□□□□□□＿□□□
00:02:31(4544f):field(4543f)
＿＿＿＿＿＿＿＿＿＿
＿＿＿＿＿＿＿＿＿＿
＿＿＿＿＿＿＿＿＿＿
＿＿＿＿＿＿＿＿＿＿
＿＿＿＿＿□＿＿＿＿
＿＿＿□□□＿＿＿＿
＿＿＿□□□■■＿＿
＿＿＿□□□■■□＿
＿＿＿＿□□□□□□
＿□＿＿□□＿□＿□
□□□＿□□□□□□
＿□□□□□□□□□
□□□□□□＿□□□
□□□□□□＿□□□
□□□□□□□□＿□
□□□□□□□□□＿
□□□□□□□□□＿
□□□□□□□□□＿
□□＿□□□□□□□
□□□□□□＿□□□
00:02:31(4557f):field(4556f)
＿＿＿＿＿＿＿＿＿＿
＿＿＿＿＿＿＿＿＿＿
＿＿＿＿＿＿＿＿＿＿
＿＿＿＿＿＿＿＿＿＿
＿＿＿＿＿□＿＿＿＿
＿＿＿□□□＿＿＿＿
＿＿＿□□□□□＿＿
＿＿＿□□□□□□＿
＿■■■□□□□□□
＿□■＿□□＿□＿□
□□□＿□□□□□□
＿□□□□□□□□□
□□□□□□＿□□□
□□□□□□＿□□□
□□□□□□□□＿□
□□□□□□□□□＿
□□□□□□□□□＿
□□□□□□□□□＿
□□＿□□□□□□□
□□□□□□＿□□□
00:02:32(4570f):field(4569f)
＿＿＿＿＿＿＿＿＿＿
＿＿＿＿＿＿＿＿＿＿
＿＿＿＿＿＿＿＿＿＿
＿＿＿＿■■＿＿＿＿
＿＿＿■■□＿＿＿＿
＿＿＿□□□＿＿＿＿
＿＿＿□□□□□＿＿
＿＿＿□□□□□□＿
＿□□□□□□□□□
＿□□＿□□＿□＿□
□□□＿□□□□□□
＿□□□□□□□□□
□□□□□□＿□□□
□□□□□□＿□□□
□□□□□□□□＿□
□□□□□□□□□＿
□□□□□□□□□＿
□□□□□□□□□＿
□□＿□□□□□□□
□□□□□□＿□□□
00:02:32(4582f):field(4581f)
＿＿＿＿＿＿＿＿＿＿
＿＿＿＿＿＿＿＿＿＿
＿＿＿＿＿＿＿＿＿＿
＿＿＿＿◆◆＿＿＿＿
＿＿＿◆□□＿＿＿＿
＿＿＿□□□＿＿＿＿
＿＿＿□□□◆◆＿＿
＿■＿□□□□□◆＿
■□◆□□□□□□◆
■□□＿□□＿□■□
□□□■□□□□□□
＿□□□□□□□□□
□□□□□□＿□□□
□□□□□□＿□□□
□□□□□□□□＿□
□□□□□□□□□＿
□□□□□□□□□＿
□□□□□□□□□＿
□□＿□□□□□□□
□□□□□□＿□□□
00:02:33(4597f):field(4596f)
＿＿＿＿＿＿＿＿＿＿
＿＿＿＿＿＿＿＿＿＿
＿＿＿＿＿＿＿＿＿＿
＿＿＿＿＿＿＿＿＿＿
＿＿＿＿□□＿＿＿＿
＿＿＿□□□＿＿＿＿
＿＿＿□□□＿■■＿
＿◆＿□□□□□■■
□□＿□□□□□□＿
□□□＿□□＿□◆□
□□□◆□□□□□□
＿□□□□□□□□□
□□□□□□＿□□□
□□□□□□＿□□□
□□□□□□□□＿□
□□□□□□□□□＿
□□□□□□□□□＿
□□□□□□□□□＿
□□＿□□□□□□□
□□□□□□＿□□□
00:02:33(4607f):field(4606f)
＿＿＿＿＿＿＿＿＿＿
＿＿＿＿＿＿＿＿＿＿
＿＿＿＿＿＿＿＿＿＿
＿＿＿＿＿＿＿＿＿＿
＿＿＿＿□□＿＿＿＿
＿＿■□□□＿＿＿＿
＿＿■□□□＿□□＿
＿＿■□□□□□□□
□□■□□□□□□＿
□□□＿□□＿□＿□
□□□＿□□□□□□
＿□□□□□□□□□
□□□□□□＿□□□
□□□□□□＿□□□
□□□□□□□□＿□
□□□□□□□□□＿
□□□□□□□□□＿
□□□□□□□□□＿
□□＿□□□□□□□
□□□□□□＿□□□
00:02:34(4620f):field(4619f)
＿＿＿＿＿＿＿＿＿＿
＿＿＿＿＿＿＿＿＿＿
＿＿＿＿＿＿＿＿＿＿
＿＿＿＿＿＿＿＿＿＿
＿＿＿＿□□■＿＿＿
＿＿□□□□■■＿＿
＿＿□□□□■□□＿
＿＿□□□□□□□□
□□□□□□□□□＿
□□□＿□□＿□＿□
□□□＿□□□□□□
＿□□□□□□□□□
□□□□□□＿□□□
□□□□□□＿□□□
□□□□□□□□＿□
□□□□□□□□□＿
□□□□□□□□□＿
□□□□□□□□□＿
□□＿□□□□□□□
□□□□□□＿□□□
00:02:34(4635f):field(4634f)
＿＿＿＿＿＿＿＿＿＿
＿＿＿＿＿＿＿＿＿＿
＿＿＿＿＿＿＿＿＿＿
＿＿＿＿＿＿＿＿＿■
＿＿＿＿□□□■■■
＿＿□□□□□□＿＿
＿＿□□□□□□□＿
＿＿□□□□□□□□
□□□□□□□□□＿
□□□＿□□＿□＿□
□□□＿□□□□□□
＿□□□□□□□□□
□□□□□□＿□□□
□□□□□□＿□□□
□□□□□□□□＿□
□□□□□□□□□＿
□□□□□□□□□＿
□□□□□□□□□＿
□□＿□□□□□□□
□□□□□□＿□□□
00:02:34(4648f):field(4647f)
＿＿＿＿＿＿＿＿＿＿
＿＿＿＿＿＿＿＿＿＿
＿＿＿＿＿＿＿＿＿＿
＿＿＿＿＿＿＿＿＿◆
＿＿＿＿◆◆◆◆◆□
＿＿◆◆□□□□■■
＿＿□□□□□□◆＿
■■□□□□□□□◆
□□□□□□□□□＿
□□□■□□＿□＿□
□□□＿□□□□□□
＿□□□□□□□□□
□□□□□□＿□□□
□□□□□□＿□□□
□□□□□□□□＿□
□□□□□□□□□＿
□□□□□□□□□＿
□□□□□□□□□＿
□□＿□□□□□□□
□□□□□□＿□□□
00:02:35(4659f):field(4658f)
＿＿＿＿＿＿＿＿＿＿
＿＿＿＿＿＿＿＿＿＿
＿＿＿＿＿＿＿＿＿＿
＿＿＿＿＿＿＿＿＿＿
＿＿＿＿＿＿＿＿＿□
＿■■＿□□□□□□
■■□□□□□□＿＿
□□□□□□□□□＿
□□□□□□□□□＿
□□□◆□□＿□＿□
□□□＿□□□□□□
＿□□□□□□□□□
□□□□□□＿□□□
□□□□□□＿□□□
□□□□□□□□＿□
□□□□□□□□□＿
□□□□□□□□□＿
□□□□□□□□□＿
□□＿□□□□□□□
□□□□□□＿□□□
00:02:35(4671f):field(4670f)
＿＿＿＿＿＿＿＿＿＿
＿＿＿＿＿＿＿＿＿＿
＿＿＿＿＿＿＿＿＿＿
＿＿＿＿＿＿■＿＿＿
＿＿＿＿＿＿■■■□
＿□□＿□□□□□□
□□□□□□□□＿＿
□□□□□□□□□＿
□□□□□□□□□＿
□□□＿□□＿□＿□
□□□＿□□□□□□
＿□□□□□□□□□
□□□□□□＿□□□
□□□□□□＿□□□
□□□□□□□□＿□
□□□□□□□□□＿
□□□□□□□□□＿
□□□□□□□□□＿
□□＿□□□□□□□
□□□□□□＿□□□
00:02:36(4683f):field(4682f)
＿＿＿＿＿＿＿＿＿＿
＿＿＿＿＿＿＿＿＿＿
＿＿＿＿＿＿＿＿＿＿
＿＿＿＿＿＿□＿＿＿
＿＿■■■＿□□□□
＿□□■□□□□□□
□□□□□□□□＿＿
□□□□□□□□□＿
□□□□□□□□□＿
□□□＿□□＿□＿□
□□□＿□□□□□□
＿□□□□□□□□□
□□□□□□＿□□□
□□□□□□＿□□□
□□□□□□□□＿□
□□□□□□□□□＿
□□□□□□□□□＿
□□□□□□□□□＿
□□＿□□□□□□□
□□□□□□＿□□□
00:02:36(4694f):field(4693f)
＿＿＿＿＿＿＿＿＿＿
＿＿＿＿＿■＿＿＿＿
＿＿＿＿＿■＿＿＿＿
＿＿＿＿＿■□＿＿＿
＿＿□□□■□□□□
＿□□□□□□□□□
□□□□□□□□＿＿
□□□□□□□□□＿
□□□□□□□□□＿
□□□＿□□＿□＿□
□□□＿□□□□□□
＿□□□□□□□□□
□□□□□□＿□□□
□□□□□□＿□□□
□□□□□□□□＿□
□□□□□□□□□＿
□□□□□□□□□＿
□□□□□□□□□＿
□□＿□□□□□□□
□□□□□□＿□□□
00:03:12(5760f):game end
