00:06:44(12125f):game start
00:06:45(12168f):field(12167f)
＿＿＿＿＿＿＿＿＿＿
＿＿＿＿＿＿＿＿＿＿
＿＿＿＿＿＿＿＿＿＿
＿＿＿＿＿＿＿＿＿＿
＿＿＿＿＿＿＿＿＿＿
＿＿＿＿＿＿＿＿＿＿
＿＿＿＿＿＿＿＿＿＿
＿＿＿＿＿＿＿＿＿＿
＿＿＿＿＿＿＿＿＿＿
＿＿＿＿＿＿＿＿＿＿
＿＿＿＿＿＿＿＿＿＿
＿＿＿＿＿＿＿＿＿＿
＿＿＿＿＿＿＿＿＿＿
＿＿■■■■■■＿＿
＿＿＿＿＿＿＿＿＿＿
＿＿＿＿＿＿＿＿＿＿
＿＿＿＿＿＿＿＿＿＿
＿＿＿＿＿＿＿＿＿＿
＿＿＿＿＿＿＿＿＿＿
＿＿＿＿＿＿＿＿＿＿
00:06:46(12197f):field(12196f)
＿＿＿＿＿＿＿＿＿＿
＿＿＿＿＿＿＿＿＿＿
＿＿＿＿＿＿＿＿＿＿
＿＿＿＿＿＿＿＿＿＿
＿＿＿＿＿＿＿＿＿＿
＿＿＿＿＿＿＿＿＿＿
＿＿＿＿＿＿＿＿＿＿
＿＿＿＿＿＿＿＿＿＿
＿＿＿＿＿＿＿＿＿＿
＿＿＿＿＿＿＿＿＿＿
＿＿＿＿＿＿＿＿＿＿
＿＿＿＿＿＿＿＿＿＿
＿＿＿＿＿＿＿＿＿＿
＿＿◆◆◆◆◆◆＿＿
＿＿＿＿＿＿＿＿＿＿
＿＿＿＿＿＿＿＿＿＿
＿＿＿＿＿＿＿＿＿＿
＿＿＿＿＿＿＿＿＿＿
＿＿■■＿＿＿＿＿＿
■■■■■■＿＿＿＿
00:06:47(12211f):field(12210f)
＿＿＿＿＿＿＿＿＿＿
＿＿＿＿＿＿＿＿＿＿
＿＿＿＿＿＿＿＿＿＿
＿＿＿＿＿＿＿＿＿＿
＿＿＿＿＿＿＿＿＿＿
＿＿＿＿＿＿＿＿＿＿
＿＿＿＿＿＿＿＿＿＿
＿＿＿＿＿＿＿＿＿＿
＿＿＿＿＿＿＿＿＿＿
＿＿＿＿＿＿＿＿＿＿
＿＿＿＿＿＿＿＿＿＿
＿＿＿＿＿＿＿＿＿＿
＿＿＿＿＿＿＿＿＿＿
＿＿＿＿＿＿＿＿＿＿
＿＿＿＿＿＿＿＿＿＿
＿＿＿＿＿＿＿＿＿＿
＿＿＿＿＿＿＿＿＿＿
＿＿＿＿＿＿＿＿＿＿
＿＿□□＿＿＿■＿＿
□□□□□□■■■＿
00:06:47(12223f):field(12222f)
＿＿＿＿＿＿＿＿＿＿
＿＿＿＿＿＿＿＿＿＿
＿＿＿＿＿＿＿＿＿＿
＿＿＿＿＿＿＿＿＿＿
＿＿＿＿＿＿＿＿＿＿
＿＿＿＿＿＿＿＿＿＿
＿＿＿＿＿＿＿＿＿＿
＿＿＿＿＿＿＿＿＿＿
＿＿＿＿＿＿＿＿＿＿
＿＿＿＿＿＿＿＿＿＿
＿＿＿＿＿＿＿＿＿＿
＿＿＿＿＿＿＿＿＿＿
＿＿＿＿＿＿＿＿＿＿
＿＿＿＿＿＿＿＿＿＿
＿＿＿＿＿＿＿＿＿＿
＿＿＿＿＿＿＿＿＿＿
＿＿＿＿＿＿＿＿＿＿
＿＿＿＿■■＿＿＿＿
＿＿□□■■＿□＿＿
□□□□□□□□□＿
00:06:47(12236f):field(12235f)
＿＿＿＿＿＿＿＿＿＿
＿＿＿＿＿＿＿＿＿＿
＿＿＿＿＿＿＿＿＿＿
＿＿＿＿＿＿＿＿＿＿
＿＿＿＿＿＿＿＿＿＿
＿＿＿＿＿＿＿＿＿＿
＿＿＿＿＿＿＿＿＿＿
＿＿＿＿＿＿＿＿＿＿
＿＿＿＿＿＿＿＿＿＿
＿＿＿＿＿＿＿＿＿＿
＿＿＿＿＿＿＿＿＿＿
＿＿＿＿＿＿＿＿＿＿
＿＿＿＿＿＿＿＿＿＿
＿＿＿＿＿＿＿＿＿＿
＿＿＿＿＿＿＿＿＿＿
＿＿＿＿■＿＿＿＿＿
＿＿＿■■＿＿＿＿＿
＿＿＿■□□＿＿＿＿
＿＿□□□□＿□＿＿
□□□□□□□□□＿
00:06:48(12250f):field(12249f)
＿＿＿＿＿＿＿＿＿＿
＿＿＿＿＿＿＿＿＿＿
＿＿＿＿＿＿＿＿＿＿
＿＿＿＿＿＿＿＿＿＿
＿＿＿＿＿＿＿＿＿＿
＿＿＿＿＿＿＿＿＿＿
＿＿＿＿＿＿＿＿＿＿
＿＿＿＿＿＿＿＿＿＿
＿＿＿＿＿＿＿＿＿＿
＿＿＿＿＿＿＿＿＿＿
＿＿＿＿＿＿＿＿＿＿
＿＿＿＿＿＿＿＿＿＿
＿＿＿＿＿＿＿＿＿＿
＿＿＿＿＿＿＿＿＿＿
＿＿＿＿＿＿＿＿＿＿
＿＿＿＿□＿■＿＿＿
＿＿＿□□＿■＿＿＿
＿＿＿□□□■＿＿＿
＿＿□□□□■□＿＿
□□□□□□□□□＿
00:06:48(12263f):field(12262f)
＿＿＿＿＿＿＿＿＿＿
＿＿＿＿＿＿＿＿＿＿
＿＿＿＿＿＿＿＿＿＿
＿＿＿＿＿＿＿＿＿＿
＿＿＿＿＿＿＿＿＿＿
＿＿＿＿＿＿＿＿＿＿
＿＿＿＿＿＿＿＿＿＿
＿＿＿＿＿＿＿＿＿＿
＿＿＿＿＿＿＿＿＿＿
＿＿＿＿＿＿＿＿＿＿
＿＿＿＿＿＿＿＿＿＿
＿＿＿＿＿＿＿＿＿＿
＿＿＿＿＿＿＿＿＿＿
＿＿＿＿＿＿＿＿＿＿
＿＿＿＿■■＿＿＿＿
＿＿＿＿□■□＿＿＿
＿＿＿□□■□＿＿＿
＿＿＿□□□□＿＿＿
＿＿□□□□□□＿＿
□□□□□□□□□＿
00:06:49(12297f):field(12296f)
＿＿＿＿＿＿＿＿＿＿
＿＿＿＿＿＿＿＿＿＿
＿＿＿＿＿＿＿＿＿＿
＿＿＿＿＿＿＿＿＿＿
＿＿＿＿＿＿＿＿＿＿
＿＿＿＿＿＿＿＿＿＿
＿＿＿＿＿＿＿＿＿＿
＿＿＿＿＿＿＿＿＿＿
＿＿＿＿＿＿＿＿＿＿
＿＿＿＿＿＿＿＿＿＿
＿＿＿＿＿＿＿＿＿＿
＿＿＿＿＿＿＿＿＿＿
＿＿＿＿＿＿＿＿＿＿
＿＿＿＿＿＿＿＿＿＿
＿＿＿＿□□＿＿＿＿
＿＿＿＿□□□＿＿＿
＿＿＿□□□□＿■＿
＿■■□□□□■■＿
■■□□□□□□■＿
□□□□□□□□□＿
00:06:50(12313f):field(12312f)
＿＿＿＿＿＿＿＿＿＿
＿＿＿＿＿＿＿＿＿＿
＿＿＿＿＿＿＿＿＿＿
＿＿＿＿＿＿＿＿＿＿
＿＿＿＿＿＿＿＿＿＿
＿＿＿＿＿＿＿＿＿＿
＿＿＿＿＿＿＿＿＿＿
＿＿＿＿＿＿＿＿＿＿
＿＿＿＿＿＿＿＿＿＿
＿＿＿＿＿＿＿＿＿＿
＿＿＿＿＿＿＿＿＿＿
＿＿＿＿＿＿＿＿＿＿
＿＿＿＿＿＿＿＿＿＿
＿＿＿＿＿＿＿＿＿＿
＿＿＿＿□□＿＿＿＿
＿＿■■□□□＿＿＿
＿■■□□□□＿□＿
＿□□□□□□□□＿
□□□□□□□□□＿
□□□□□□□□□＿
00:06:50(12327f):field(12326f)
＿＿＿＿＿＿＿＿＿＿
＿＿＿＿＿＿＿＿＿＿
＿＿＿＿＿＿＿＿＿＿
＿＿＿＿＿＿＿＿＿＿
＿＿＿＿＿＿＿＿＿＿
＿＿＿＿＿＿＿＿＿＿
＿＿＿＿＿＿＿＿＿＿
＿＿＿＿＿＿＿＿＿＿
＿＿＿＿＿＿＿＿＿＿
＿＿＿＿＿＿＿＿＿＿
＿＿＿＿＿＿＿＿＿＿
＿＿＿＿＿＿＿＿＿＿
＿＿＿＿＿＿＿＿＿＿
＿＿＿＿＿＿＿＿＿＿
■＿＿＿□□＿＿＿＿
■＿□□□□□＿＿＿
■□□□□□□＿□＿
■□□□□□□□□＿
□□□□□□□□□＿
□□□□□□□□□＿
00:06:51(12351f):field(12350f)
＿＿＿＿＿＿＿＿＿＿
＿＿＿＿＿＿＿＿＿＿
＿＿＿＿＿＿＿＿＿＿
＿＿＿＿＿＿＿＿＿＿
＿＿＿＿＿＿＿＿＿＿
＿＿＿＿＿＿＿＿＿＿
＿＿＿＿＿＿＿＿＿＿
＿＿＿＿＿＿＿＿＿＿
＿＿＿＿＿＿＿＿＿＿
＿＿＿＿＿＿＿＿＿＿
＿＿＿＿＿＿＿＿＿＿
＿＿＿＿＿＿＿＿＿＿
＿＿＿＿＿＿＿＿＿＿
＿＿■■＿＿＿＿＿＿
□＿■■□□＿＿＿＿
□＿□□□□□＿＿＿
□□□□□□□＿□＿
□□□□□□□□□＿
□□□□□□□□□＿
□□□□□□□□□＿
00:06:52(12365f):field(12364f)
＿＿＿＿＿＿＿＿＿＿
＿＿＿＿＿＿＿＿＿＿
＿＿＿＿＿＿＿＿＿＿
＿＿＿＿＿＿＿＿＿＿
＿＿＿＿＿＿＿＿＿＿
＿＿＿＿＿＿＿＿＿＿
＿＿＿＿＿＿＿＿＿＿
＿＿＿＿＿＿＿＿＿＿
＿＿＿＿＿＿＿＿＿＿
＿＿＿＿＿＿＿＿＿＿
＿＿＿＿＿＿＿＿＿＿
＿＿＿＿＿＿＿＿＿＿
＿＿＿＿＿＿＿＿＿＿
＿＿□□＿＿＿＿＿＿
□＿□□□□＿■＿＿
□＿□□□□□■■＿
□□□□□□□■□＿
□□□□□□□□□＿
□□□□□□□□□＿
□□□□□□□□□＿
00:06:52(12381f):field(12380f)
＿＿＿＿＿＿＿＿＿＿
＿＿＿＿＿＿＿＿＿＿
＿＿＿＿＿＿＿＿＿＿
＿＿＿＿＿＿＿＿＿＿
＿＿＿＿＿＿＿＿＿＿
＿＿＿＿＿＿＿＿＿＿
＿＿＿＿＿＿＿＿＿＿
＿＿＿＿＿＿＿＿＿＿
＿＿＿＿＿＿＿＿＿＿
＿＿＿＿＿＿＿＿＿＿
＿＿＿＿＿＿＿＿＿＿
＿＿＿＿＿＿＿＿＿＿
＿＿＿＿＿＿＿＿＿＿
■■□□＿＿＿＿＿＿
□■□□□□＿□＿＿
□■□□□□□□□＿
□□□□□□□□□＿
□□□□□□□□□＿
□□□□□□□□□＿
□□□□□□□□□＿
00:06:53(12394f):field(12393f)
＿＿＿＿＿＿＿＿＿＿
＿＿＿＿＿＿＿＿＿＿
＿＿＿＿＿＿＿＿＿＿
＿＿＿＿＿＿＿＿＿＿
＿＿＿＿＿＿＿＿＿＿
＿＿＿＿＿＿＿＿＿＿
＿＿＿＿＿＿＿＿＿＿
＿＿＿＿＿＿＿＿＿＿
＿＿＿＿＿＿＿＿＿＿
＿＿＿＿＿＿＿＿＿＿
＿＿＿＿＿＿＿＿＿＿
＿＿＿＿＿＿＿＿＿＿
＿＿＿＿＿＿＿＿＿＿
□□□□■■■＿＿＿
□□□□□□■□＿＿
□□□□□□□□□＿
□□□□□□□□□＿
□□□□□□□□□＿
□□□□□□□□□＿
□□□□□□□□□＿
00:06:53(12413f):field(12412f)
＿＿＿＿＿＿＿＿＿＿
＿＿＿＿＿＿＿＿＿＿
＿＿＿＿＿＿＿＿＿＿
＿＿＿＿＿＿＿＿＿＿
＿＿＿＿＿＿＿＿＿＿
＿＿＿＿＿＿＿＿＿＿
＿＿＿＿＿＿＿＿＿＿
＿＿＿＿＿＿＿＿＿＿
＿＿＿＿＿＿＿＿＿＿
＿＿＿＿＿＿＿＿＿＿
＿＿＿＿＿＿＿＿＿＿
＿＿＿＿＿＿＿＿＿＿
＿＿＿＿＿＿＿＿＿＿
◆◆◆◆◆◆◆＿＿＿
◆◆◆◆◆◆◆◆＿＿
◆◆◆◆□◆◆◆◆＿
◆◆◆◆□◆◆◆◆＿
□□□□□□□□◆＿
□□□□□□□□◆＿
□□□□□□□□□＿
00:06:54(12427f):field(12426f)
＿＿＿＿＿＿＿＿＿＿
＿＿＿＿＿＿＿＿＿＿
＿＿＿＿＿＿＿＿＿＿
＿＿＿＿＿＿＿＿＿＿
＿＿＿＿＿＿＿＿＿＿
＿＿＿＿＿＿＿＿＿＿
＿＿＿＿＿＿＿＿＿＿
＿＿＿＿＿＿＿＿＿＿
＿＿＿＿＿＿＿＿＿＿
＿＿＿＿＿＿＿＿＿＿
＿＿＿＿＿＿＿＿＿＿
＿＿＿＿＿＿＿＿＿＿
＿＿＿＿＿＿＿＿＿＿
＿＿＿＿＿＿＿＿＿＿
＿＿＿＿＿＿＿＿＿＿
■■＿＿◆＿＿＿＿＿
■■＿＿◆＿＿＿＿＿
□□□□□□□◆＿＿
□□□□□□□□＿＿
□□□□□□□□□＿
00:06:54(12444f):field(12443f)
＿＿＿＿＿＿＿＿＿＿
＿＿＿＿＿＿＿＿＿＿
＿＿＿＿＿＿＿＿＿＿
＿＿＿＿＿＿＿＿＿＿
＿＿＿＿＿＿＿＿＿＿
＿＿＿＿＿＿＿＿＿＿
＿＿＿＿＿＿＿＿＿＿
＿＿＿＿＿＿＿＿＿＿
＿＿＿＿＿＿＿＿＿＿
＿＿＿＿＿＿＿＿＿＿
＿＿＿＿＿＿＿＿＿＿
＿＿＿＿＿＿＿＿＿＿
＿＿＿＿＿＿＿＿＿＿
＿＿＿＿＿＿＿＿＿＿
＿＿＿＿＿＿＿＿＿＿
□□＿＿＿＿＿＿＿＿
□□＿＿＿＿＿＿■＿
□□□□□□□■■＿
□□□□□□□□■＿
□□□□□□□□□＿
00:06:55(12460f):field(12459f)
＿＿＿＿＿＿＿＿＿＿
＿＿＿＿＿＿＿＿＿＿
＿＿＿＿＿＿＿＿＿＿
＿＿＿＿＿＿＿＿＿＿
＿＿＿＿＿＿＿＿＿＿
＿＿＿＿＿＿＿＿＿＿
＿＿＿＿＿＿＿＿＿＿
＿＿＿＿＿＿＿＿＿＿
＿＿＿＿＿＿＿＿＿＿
＿＿＿＿＿＿＿＿＿＿
＿＿＿＿＿＿＿＿＿＿
＿＿＿＿＿＿＿＿＿＿
＿＿＿＿＿＿＿＿＿＿
＿＿＿＿＿＿＿＿＿＿
＿＿＿■＿＿＿＿＿＿
□□■■＿＿＿＿＿＿
□□■＿＿＿＿＿□＿
□□□□□□□□□＿
□□□□□□□□□＿
□□□□□□□□□＿
00:06:55(12476f):field(12475f)
＿＿＿＿＿＿＿＿＿＿
＿＿＿＿＿＿＿＿＿＿
＿＿＿＿＿＿＿＿＿＿
＿＿＿＿＿＿＿＿＿＿
＿＿＿＿＿＿＿＿＿＿
＿＿＿＿＿＿＿＿＿＿
＿＿＿＿＿＿＿＿＿＿
＿＿＿＿＿＿＿＿＿＿
＿＿＿＿＿＿＿＿＿＿
＿＿＿＿＿＿＿＿＿＿
＿＿＿＿＿＿＿＿＿＿
＿＿＿＿＿＿＿＿＿＿
＿＿＿＿＿＿＿＿＿＿
＿＿＿＿＿＿＿＿＿＿
＿＿＿□■＿＿＿＿＿
□□□□■＿＿＿＿＿
□□□■■＿＿＿□＿
□□□□□□□□□＿
□□□□□□□□□＿
□□□□□□□□□＿
00:06:56(12490f):field(12489f)
＿＿＿＿＿＿＿＿＿＿
＿＿＿＿＿＿＿＿＿＿
＿＿＿＿＿＿＿＿＿＿
＿＿＿＿＿＿＿＿＿＿
＿＿＿＿＿＿＿＿＿＿
＿＿＿＿＿＿＿＿＿＿
＿＿＿＿＿＿＿＿＿＿
＿＿＿＿＿＿＿＿＿＿
＿＿＿＿＿＿＿＿＿＿
＿＿＿＿＿＿＿＿＿＿
＿＿＿＿＿＿＿＿＿＿
＿＿＿＿＿＿＿＿＿＿
＿＿＿＿＿＿＿＿＿＿
＿＿＿＿＿＿＿＿＿＿
＿＿＿□□＿＿＿＿＿
□□□□□＿＿■＿＿
□□□□□■■■□＿
□□□□□□□□□＿
□□□□□□□□□＿
□□□□□□□□□＿
00:06:56(12503f):field(12502f)
＿＿＿＿＿＿＿＿＿＿
＿＿＿＿＿＿＿＿＿＿
＿＿＿＿＿＿＿＿＿＿
＿＿＿＿＿＿＿＿＿＿
＿＿＿＿＿＿＿＿＿＿
＿＿＿＿＿＿＿＿＿＿
＿＿＿＿＿＿＿＿＿＿
＿＿＿＿＿＿＿＿＿＿
＿＿＿＿＿＿＿＿＿＿
＿＿＿＿＿＿＿＿＿＿
＿＿＿＿＿＿＿＿＿＿
＿＿＿＿＿＿＿＿＿＿
＿＿＿＿＿■＿＿＿＿
＿＿＿＿＿■＿＿＿＿
＿＿＿□□■＿＿＿＿
□□□□□■＿□＿＿
□□□□□□□□□＿
□□□□□□□□□＿
□□□□□□□□□＿
□□□□□□□□□＿
00:06:57(12517f):field(12516f)
＿＿＿＿＿＿＿＿＿＿
＿＿＿＿＿＿＿＿＿＿
＿＿＿＿＿＿＿＿＿＿
＿＿＿＿＿＿＿＿＿＿
＿＿＿＿＿＿＿＿＿＿
＿＿＿＿＿＿＿＿＿＿
＿＿＿＿＿＿＿＿＿＿
＿＿＿＿＿＿＿＿＿＿
＿＿＿＿＿＿＿＿＿＿
＿＿＿＿＿＿＿＿＿＿
＿＿＿＿＿＿＿＿＿＿
＿＿＿＿＿＿＿＿＿＿
＿＿＿■■□＿＿＿＿
＿＿＿■■□＿＿＿＿
＿＿＿□□□＿＿＿＿
□□□□□□＿□＿＿
□□□□□□□□□＿
□□□□□□□□□＿
□□□□□□□□□＿
□□□□□□□□□＿
00:06:57(12530f):field(12529f)
＿＿＿＿＿＿＿＿＿＿
＿＿＿＿＿＿＿＿＿＿
＿＿＿＿＿＿＿＿＿＿
＿＿＿＿＿＿＿＿＿＿
＿＿＿＿＿＿＿＿＿＿
＿＿＿＿＿＿＿＿＿＿
＿＿＿＿＿＿＿＿＿＿
＿＿＿＿＿＿＿＿＿＿
＿＿＿＿＿＿＿＿＿＿
＿＿＿＿＿＿＿＿＿＿
＿＿＿＿＿＿＿＿＿＿
＿＿＿＿＿＿＿＿＿＿
＿＿＿□□□＿＿＿＿
＿＿＿□□□＿■＿＿
＿＿＿□□□■■＿＿
□□□□□□■□＿＿
□□□□□□□□□＿
□□□□□□□□□＿
□□□□□□□□□＿
□□□□□□□□□＿
00:06:58(12544f):field(12543f)
＿＿＿＿＿＿＿＿＿＿
＿＿＿＿＿＿＿＿＿＿
＿＿＿＿＿＿＿＿＿＿
＿＿＿＿＿＿＿＿＿＿
＿＿＿＿＿＿＿＿＿＿
＿＿＿＿＿＿＿＿＿＿
＿＿＿＿＿＿＿＿＿＿
＿＿＿＿＿＿＿＿＿＿
＿＿＿＿＿＿＿＿＿＿
＿＿＿＿＿＿＿＿＿＿
＿＿＿＿＿＿＿＿＿＿
＿＿＿＿＿＿■＿＿＿
＿＿＿□□□■■＿＿
＿＿＿□□□■□＿＿
＿＿＿□□□□□＿＿
□□□□□□□□＿＿
□□□□□□□□□＿
□□□□□□□□□＿
□□□□□□□□□＿
□□□□□□□□□＿
00:06:59(12578f):field(12577f)
＿＿＿＿＿＿＿＿＿＿
＿＿＿＿＿＿＿＿＿＿
＿＿＿＿＿＿＿＿＿＿
＿＿＿＿＿＿＿＿＿＿
＿＿＿＿＿＿＿＿＿＿
＿＿＿＿＿＿＿＿＿＿
＿＿＿＿＿＿＿＿＿＿
＿＿＿＿＿＿＿＿＿＿
＿＿＿＿＿＿＿＿＿＿
＿＿＿＿＿＿＿＿＿＿
＿＿＿＿＿＿＿＿＿＿
＿＿＿＿＿＿◆＿＿＿
＿＿＿◆◆◆◆◆＿＿
＿＿＿◆◆◆◆◆＿＿
＿＿＿◆◆◆◆◆＿＿
□◆◆◆◆◆□◆＿＿
□◆◆□□□□□◆＿
◆◆□□□□□□◆＿
□□□□□□□□□＿
□□□□□□□□◆＿
00:06:59(12592f):field(12591f)
＿＿＿＿＿＿＿＿＿＿
＿＿＿＿＿＿＿＿＿＿
＿＿＿＿＿＿＿＿＿＿
＿＿＿＿＿＿＿＿＿＿
＿＿＿＿＿＿＿＿＿＿
＿＿＿＿＿＿＿＿＿＿
＿＿＿＿＿＿＿＿＿＿
＿＿＿＿＿＿＿＿＿＿
＿＿＿＿＿＿＿＿＿＿
＿＿＿＿＿＿＿＿＿＿
＿＿＿＿＿＿＿＿＿＿
＿＿＿＿＿＿＿＿＿＿
＿＿＿＿＿＿＿＿＿＿
＿＿＿＿＿＿＿＿＿＿
＿＿＿＿＿＿＿＿＿＿
◆＿＿＿＿＿□＿＿＿
◆＿＿□□□□□■＿
＿＿□□□□□□■＿
□□□□□□□□□＿
□□□□□□□□■＿
00:07:00(12609f):field(12608f)
＿＿＿＿＿＿＿＿＿＿
＿＿＿＿＿＿＿＿＿＿
＿＿＿＿＿＿＿＿＿＿
＿＿＿＿＿＿＿＿＿＿
＿＿＿＿＿＿＿＿＿＿
＿＿＿＿＿＿＿＿＿＿
＿＿＿＿＿＿＿＿＿＿
＿＿＿＿＿＿＿＿＿＿
＿＿＿＿＿＿＿＿＿＿
＿＿＿＿＿＿＿＿＿＿
＿＿＿＿＿＿＿＿＿＿
＿＿＿＿＿＿＿＿＿＿
＿＿＿＿＿＿＿＿＿＿
＿＿＿＿＿＿＿＿＿＿
＿＿＿■＿＿＿＿＿＿
＿＿＿■■■□＿＿＿
＿＿＿□□□□□□＿
＿＿□□□□□□□＿
□□□□□□□□□＿
□□□□□□□□□＿
00:07:00(12621f):field(12620f)
＿＿＿＿＿＿＿＿＿＿
＿＿＿＿＿＿＿＿＿＿
＿＿＿＿＿＿＿＿＿＿
＿＿＿＿＿＿＿＿＿＿
＿＿＿＿＿＿＿＿＿＿
＿＿＿＿＿＿＿＿＿＿
＿＿＿＿＿＿＿＿＿＿
＿＿＿＿＿＿＿＿＿＿
＿＿＿＿＿＿＿＿＿＿
＿＿＿＿＿＿＿＿＿＿
＿＿＿＿＿＿＿＿＿＿
＿＿＿＿＿＿＿＿＿＿
＿＿＿＿＿＿＿＿＿＿
＿＿＿＿＿＿＿＿＿＿
＿＿＿□＿＿＿＿＿＿
＿＿＿□□□□＿＿＿
＿■■□□□□□□＿
■■□□□□□□□＿
□□□□□□□□□＿
□□□□□□□□□＿
00:07:01(12637f):field(12636f)
＿＿＿＿＿＿＿＿＿＿
＿＿＿＿＿＿＿＿＿＿
＿＿＿＿＿＿＿＿＿＿
＿＿＿＿＿＿＿＿＿＿
＿＿＿＿＿＿＿＿＿＿
＿＿＿＿＿＿＿＿＿＿
＿＿＿＿＿＿＿＿＿＿
＿＿＿＿＿＿＿＿＿＿
＿＿＿＿＿＿＿＿＿＿
＿＿＿＿＿＿＿＿＿＿
＿＿＿＿＿＿＿＿＿＿
＿＿＿＿＿＿＿＿＿＿
＿＿＿＿＿＿＿＿＿＿
＿＿＿＿＿＿■＿＿＿
＿＿＿□■■■＿＿＿
＿＿＿□□□□＿＿＿
＿□□□□□□□□＿
□□□□□□□□□＿
□□□□□□□□□＿
□□□□□□□□□＿
00:07:01(12652f):field(12651f)
＿＿＿＿＿＿＿＿＿＿
＿＿＿＿＿＿＿＿＿＿
＿＿＿＿＿＿＿＿＿＿
＿＿＿＿＿＿＿＿＿＿
＿＿＿＿＿＿＿＿＿＿
＿＿＿＿＿＿＿＿＿＿
＿＿＿＿＿＿＿＿＿＿
＿＿＿＿＿＿＿＿＿＿
＿＿＿＿＿＿＿＿＿＿
＿＿＿＿＿＿＿＿＿＿
＿＿＿＿＿＿＿＿＿＿
＿＿＿＿＿＿＿＿＿＿
＿＿＿＿＿＿＿＿＿＿
＿＿＿＿＿＿□＿＿＿
＿■＿□□□□＿＿＿
■■＿□□□□＿＿＿
■□□□□□□□□＿
□□□□□□□□□＿
□□□□□□□□□＿
□□□□□□□□□＿
00:07:02(12666f):field(12665f)
＿＿＿＿＿＿＿＿＿＿
＿＿＿＿＿＿＿＿＿＿
＿＿＿＿＿＿＿＿＿＿
＿＿＿＿＿＿＿＿＿＿
＿＿＿＿＿＿＿＿＿＿
＿＿＿＿＿＿＿＿＿＿
＿＿＿＿＿＿＿＿＿＿
＿＿＿＿＿＿＿＿＿＿
＿＿＿＿＿＿＿＿＿＿
＿＿＿＿＿＿＿＿＿＿
＿＿＿＿＿＿＿＿＿＿
＿＿＿＿＿＿＿＿＿＿
＿＿＿＿■＿＿＿＿＿
＿＿＿■■■□＿＿＿
＿□＿□□□□＿＿＿
□□＿□□□□＿＿＿
□□□□□□□□□＿
□□□□□□□□□＿
□□□□□□□□□＿
□□□□□□□□□＿
00:07:02(12681f):field(12680f)
＿＿＿＿＿＿＿＿＿＿
＿＿＿＿＿＿＿＿＿＿
＿＿＿＿＿＿＿＿＿＿
＿＿＿＿＿＿＿＿＿＿
＿＿＿＿＿＿＿＿＿＿
＿＿＿＿＿＿＿＿＿＿
＿＿＿＿＿＿＿＿＿＿
＿＿＿＿＿＿＿＿＿＿
＿＿＿＿＿＿＿＿＿＿
＿＿＿＿＿＿＿＿＿＿
＿＿＿＿＿＿＿＿＿＿
＿＿＿＿＿＿＿＿＿＿
＿＿■＿□＿＿＿＿＿
＿＿■□□□□＿＿＿
＿□■□□□□＿＿＿
□□■□□□□＿＿＿
□□□□□□□□□＿
□□□□□□□□□＿
□□□□□□□□□＿
□□□□□□□□□＿
00:07:03(12696f):field(12695f)
＿＿＿＿＿＿＿＿＿＿
＿＿＿＿＿＿＿＿＿＿
＿＿＿＿＿＿＿＿＿＿
＿＿＿＿＿＿＿＿＿＿
＿＿＿＿＿＿＿＿＿＿
＿＿＿＿＿＿＿＿＿＿
＿＿＿＿＿＿＿＿＿＿
＿＿＿＿＿＿＿＿＿＿
＿＿＿＿＿＿＿＿＿＿
＿＿＿＿＿＿＿＿＿＿
＿＿＿＿＿＿＿＿＿＿
＿＿＿＿＿＿＿＿＿＿
＿＿□＿□＿＿＿＿＿
＿＿□□□□□＿＿＿
＿□□□□□□■■＿
□□□□□□□■■＿
□□□□□□□□□＿
□□□□□□□□□＿
□□□□□□□□□＿
□□□□□□□□□＿
00:07:03(12709f):field(12708f)
＿＿＿＿＿＿＿＿＿＿
＿＿＿＿＿＿＿＿＿＿
＿＿＿＿＿＿＿＿＿＿
＿＿＿＿＿＿＿＿＿＿
＿＿＿＿＿＿＿＿＿＿
＿＿＿＿＿＿＿＿＿＿
＿＿＿＿＿＿＿＿＿＿
＿＿＿＿＿＿＿＿＿＿
＿＿＿＿＿＿＿＿＿＿
＿＿＿＿＿＿＿＿＿＿
＿＿＿＿＿■＿＿＿＿
＿＿＿＿＿■＿＿＿＿
＿＿□＿□■■＿＿＿
＿＿□□□□□＿＿＿
＿□□□□□□□□＿
□□□□□□□□□＿
□□□□□□□□□＿
□□□□□□□□□＿
□□□□□□□□□＿
□□□□□□□□□＿
00:07:04(12723f):field(12722f)
＿＿＿＿＿＿＿＿＿＿
＿＿＿＿＿＿＿＿＿＿
＿＿＿＿＿＿＿＿＿＿
＿＿＿＿＿＿＿＿＿＿
＿＿＿＿＿＿＿＿＿＿
＿＿＿＿＿＿＿＿＿＿
＿＿＿＿＿＿＿＿＿＿
＿＿＿＿＿＿＿＿＿＿
＿＿＿＿＿＿＿＿＿＿
＿＿＿＿＿＿＿＿＿＿
＿＿■＿＿□＿＿＿＿
＿＿■■＿□＿＿＿＿
＿＿□■□□□＿＿＿
＿＿□□□□□＿＿＿
＿□□□□□□□□＿
□□□□□□□□□＿
□□□□□□□□□＿
□□□□□□□□□＿
□□□□□□□□□＿
□□□□□□□□□＿
00:07:04(12737f):field(12736f)
＿＿＿＿＿＿＿＿＿＿
＿＿＿＿＿＿＿＿＿＿
＿＿＿＿＿＿＿＿＿＿
＿＿＿＿＿＿＿＿＿＿
＿＿＿＿＿＿＿＿＿＿
＿＿＿＿＿＿＿＿＿＿
＿＿＿＿＿＿＿＿＿＿
＿＿＿＿＿＿＿＿＿＿
＿＿＿＿＿＿＿＿＿＿
＿＿＿＿■＿＿＿＿＿
＿＿□■■□＿＿＿＿
＿＿□□■□＿＿＿＿
＿＿□□□□□＿＿＿
＿＿□□□□□＿＿＿
＿□□□□□□□□＿
□□□□□□□□□＿
□□□□□□□□□＿
□□□□□□□□□＿
□□□□□□□□□＿
□□□□□□□□□＿
00:07:05(12751f):field(12750f)
＿＿＿＿＿＿＿＿＿＿
＿＿＿＿＿＿＿＿＿＿
＿＿＿＿＿＿＿＿＿＿
＿＿＿＿＿＿＿＿＿＿
＿＿＿＿＿＿＿＿＿＿
＿＿＿＿＿＿＿＿＿＿
＿＿＿＿＿＿＿＿＿＿
＿＿＿＿＿＿＿＿＿＿
＿＿＿＿＿＿＿＿＿＿
＿＿＿＿□＿＿＿＿＿
＿＿□□□□＿＿＿＿
＿＿□□□□＿＿＿＿
＿■□□□□□＿＿＿
■■□□□□□＿＿＿
■□□□□□□□□＿
□□□□□□□□□＿
□□□□□□□□□＿
□□□□□□□□□＿
□□□□□□□□□＿
□□□□□□□□□＿
00:07:05(12766f):field(12765f)
＿＿＿＿＿＿＿＿＿＿
＿＿＿＿＿＿＿＿＿＿
＿＿＿＿＿＿＿＿＿＿
＿＿＿＿＿＿＿＿＿＿
＿＿＿＿＿＿＿＿＿＿
＿＿＿＿＿＿＿＿＿＿
＿＿＿＿＿＿＿＿＿＿
＿＿＿＿＿＿＿＿＿＿
＿＿＿＿＿＿＿＿＿＿
＿＿＿＿□＿＿＿＿＿
＿＿□□□□＿＿＿＿
＿＿□□□□＿＿＿＿
＿□□□□□□■■＿
□□□□□□□■■＿
□□□□□□□□□＿
□□□□□□□□□＿
□□□□□□□□□＿
□□□□□□□□□＿
□□□□□□□□□＿
□□□□□□□□□＿
00:07:06(12794f):field(12793f)
＿＿＿＿＿＿＿＿＿＿
＿＿＿＿＿＿＿＿＿＿
＿＿＿＿＿＿＿＿＿＿
＿＿＿＿＿＿＿＿＿＿
＿＿＿＿＿＿＿＿＿＿
＿＿＿＿＿＿＿＿＿＿
＿＿＿＿＿＿＿＿＿＿
＿＿＿＿＿■＿＿＿＿
＿＿＿＿＿■＿＿＿＿
＿＿＿＿□■■＿＿＿
＿＿□□□□■＿＿＿
＿＿□□□□■■■＿
＿□□□□□□□□＿
□□□□□□□□□＿
□□□□□□□□□＿
□□□□□□□□□＿
□□□□□□□□□＿
□□□□□□□□□＿
□□□□□□□□□＿
□□□□□□□□□＿
00:07:07(12824f):field(12823f)
＿＿＿＿＿＿＿＿＿＿
＿＿＿＿＿＿＿＿＿＿
＿＿＿＿＿＿＿＿＿＿
＿＿＿＿＿＿＿＿＿＿
＿＿＿＿＿＿＿＿＿＿
＿＿＿＿＿＿＿＿＿＿
＿＿＿■＿＿＿＿＿＿
＿＿＿■＿□＿＿＿＿
＿＿＿■■□＿＿＿＿
＿＿＿＿□□□＿＿＿
＿＿□□□□□＿＿＿
＿＿□□□□□□□＿
＿□□□□□□□□＿
□□□□□□□□□＿
□□□□□□□□□＿
□□□□□□□□□＿
□□□□□□□□□＿
□□□□□□□□□＿
□□□□□□□□□＿
□□□□□□□□□＿
00:07:08(12848f):field(12847f)
＿＿＿＿＿＿＿＿＿＿
＿＿＿＿＿＿＿＿＿＿
＿＿＿＿＿＿＿＿＿＿
＿＿＿＿＿＿＿＿＿＿
＿＿＿＿＿＿＿＿＿＿
＿＿＿＿＿＿＿＿＿＿
＿＿＿□＿＿＿＿＿＿
＿＿＿□＿□■＿＿＿
＿＿＿□□□■■＿＿
＿＿＿＿□□□■＿＿
＿＿□□□□□＿＿＿
＿＿□□□□□□□＿
＿□□□□□□□□＿
□□□□□□□□□＿
□□□□□□□□□＿
□□□□□□□□□＿
□□□□□□□□□＿
□□□□□□□□□＿
□□□□□□□□□＿
□□□□□□□□□＿
00:07:08(12863f):field(12862f)
＿＿＿＿＿＿＿＿＿＿
＿＿＿＿＿＿＿＿＿＿
＿＿＿＿＿＿＿＿＿＿
＿＿＿＿＿＿＿＿＿＿
＿＿＿＿＿＿＿＿＿＿
＿＿＿＿＿■＿＿＿＿
＿＿＿□■■＿＿＿＿
＿＿＿□■□□＿＿＿
＿＿＿□□□□□＿＿
＿＿＿＿□□□□＿＿
＿＿□□□□□＿＿＿
＿＿□□□□□□□＿
＿□□□□□□□□＿
□□□□□□□□□＿
□□□□□□□□□＿
□□□□□□□□□＿
□□□□□□□□□＿
□□□□□□□□□＿
□□□□□□□□□＿
□□□□□□□□□＿
00:07:09(12880f):field(12879f)
＿＿＿＿＿＿＿＿＿＿
＿＿＿＿＿＿＿＿＿＿
＿＿＿＿＿＿＿＿＿＿
＿＿＿＿＿＿＿＿＿＿
＿＿＿＿＿＿＿＿＿＿
＿＿＿＿＿□＿＿＿＿
＿＿＿□□□＿＿＿＿
＿＿＿□□□□＿＿＿
＿＿＿□□□□□＿＿
＿＿＿＿□□□□＿＿
■＿□□□□□＿＿＿
■■□□□□□□□＿
■□□□□□□□□＿
□□□□□□□□□＿
□□□□□□□□□＿
□□□□□□□□□＿
□□□□□□□□□＿
□□□□□□□□□＿
□□□□□□□□□＿
□□□□□□□□□＿
00:07:09(12898f):field(12897f)
＿＿＿＿＿＿＿＿＿＿
＿＿＿＿＿＿＿＿＿＿
＿＿＿＿＿＿＿＿＿＿
＿＿＿＿＿＿＿＿＿＿
＿＿＿＿＿＿＿＿＿＿
＿＿＿＿＿◆＿＿＿＿
＿＿＿◆◆◆＿＿＿＿
＿＿＿◆◆◆◆＿＿＿
＿＿＿◆◆◆◆◆＿＿
＿＿＿＿◆□◆◆＿＿
◆＿◆□□□◆＿＿＿
◆◆◆□□□□◆◆＿
◆◆◆□□□□□◆＿
◆◆◆◆□□□□◆＿
□◆□□□□□◆◆＿
□□□□□□□□□＿
□□□□□□□□□＿
□□□□□□□□□＿
□□□□□□□□□＿
□□□□□□□□□＿
00:07:10(12914f):field(12913f)
＿＿＿＿＿＿＿＿＿＿
＿＿＿＿＿＿＿＿＿＿
＿＿＿＿＿＿＿＿＿＿
＿＿＿＿＿＿＿＿＿＿
＿＿＿＿＿＿＿＿＿＿
＿＿＿＿＿＿＿＿＿＿
＿＿＿＿＿＿＿＿＿＿
＿＿＿＿■＿＿＿＿＿
＿＿＿＿■＿＿＿＿＿
＿＿＿■■□＿＿＿＿
＿＿＿□□□＿＿＿＿
＿＿＿□□□□＿＿＿
＿＿＿□□□□□＿＿
＿＿＿＿□□□□＿＿
□＿□□□□□＿＿＿
□□□□□□□□□＿
□□□□□□□□□＿
□□□□□□□□□＿
□□□□□□□□□＿
□□□□□□□□□＿
00:07:11(12933f):field(12932f)
＿＿＿＿＿＿＿＿＿＿
＿＿＿＿＿＿＿＿＿＿
＿＿＿＿＿＿＿＿＿＿
＿＿＿＿＿＿＿＿＿＿
＿＿＿＿＿＿＿＿＿＿
＿＿＿＿＿＿＿＿＿＿
＿＿＿＿＿＿＿＿＿＿
＿＿＿＿□■＿＿＿＿
＿＿＿＿□■■＿＿＿
＿＿＿□□□■＿＿＿
＿＿＿□□□＿＿＿＿
＿＿＿□□□□＿＿＿
＿＿＿□□□□□＿＿
＿＿＿＿□□□□＿＿
□＿□□□□□＿＿＿
□□□□□□□□□＿
□□□□□□□□□＿
□□□□□□□□□＿
□□□□□□□□□＿
□□□□□□□□□＿
00:07:11(12948f):field(12947f)
＿＿＿＿＿＿＿＿＿＿
＿＿＿＿＿＿＿＿＿＿
＿＿＿＿＿＿＿＿＿＿
＿＿＿＿＿＿＿＿＿＿
＿＿＿＿＿＿＿＿＿＿
＿＿＿＿■■＿＿＿＿
＿＿＿＿■■＿＿＿＿
＿＿＿＿□□＿＿＿＿
＿＿＿＿□□□＿＿＿
＿＿＿□□□□＿＿＿
＿＿＿□□□＿＿＿＿
＿＿＿□□□□＿＿＿
＿＿＿□□□□□＿＿
＿＿＿＿□□□□＿＿
□＿□□□□□＿＿＿
□□□□□□□□□＿
□□□□□□□□□＿
□□□□□□□□□＿
□□□□□□□□□＿
□□□□□□□□□＿
00:07:12(12970f):field(12969f)
＿＿＿＿＿＿＿＿＿＿
＿＿＿＿＿＿＿＿＿＿
＿＿＿＿＿＿＿＿＿＿
＿＿＿＿＿＿＿＿＿＿
＿＿＿＿＿＿＿＿＿＿
＿＿＿＿□□＿＿＿＿
＿＿＿＿□□＿＿＿＿
＿＿＿＿□□＿＿＿＿
＿＿＿＿□□□＿＿＿
＿＿＿□□□□＿＿＿
＿＿＿□□□＿＿＿＿
＿＿＿□□□□＿＿＿
＿＿＿□□□□□＿＿
＿■■■□□□□＿＿
□■□□□□□＿＿＿
□□□□□□□□□＿
□□□□□□□□□＿
□□□□□□□□□＿
□□□□□□□□□＿
□□□□□□□□□＿
00:07:12(12985f):field(12984f)
＿＿＿＿＿＿＿＿＿＿
＿＿＿＿＿＿＿＿＿＿
＿＿＿＿＿＿＿＿＿＿
＿＿＿＿＿＿＿＿＿＿
＿＿＿＿＿＿＿＿＿＿
＿＿＿＿□□＿＿＿＿
＿＿＿＿□□＿＿＿＿
＿＿＿＿□□＿＿＿＿
＿＿＿＿□□□＿＿＿
＿＿＿□□□□＿＿＿
■＿＿□□□＿＿＿＿
■＿＿□□□□＿＿＿
■＿＿□□□□□＿＿
■□□□□□□□＿＿
□□□□□□□＿＿＿
□□□□□□□□□＿
□□□□□□□□□＿
□□□□□□□□□＿
□□□□□□□□□＿
□□□□□□□□□＿
00:07:13(13004f):field(13003f)
＿＿＿＿＿＿＿＿＿＿
＿＿＿＿＿＿＿＿＿＿
＿＿＿＿＿＿＿＿＿＿
＿＿＿＿＿＿＿＿＿＿
＿＿＿＿＿＿＿＿＿＿
＿＿＿＿◆◆＿＿＿＿
＿＿＿＿□□＿＿＿＿
＿＿＿＿□□＿＿＿＿
＿＿＿＿□□◆＿＿＿
＿＿＿◆□□□＿＿＿
◆＿＿□□□■＿＿＿
□＿＿□□□◆＿＿＿
□＿＿□□□□◆＿＿
□□◆□□□□□＿＿
□□□□□□□■■＿
□□□□□□□□□＿
□□□□□□□□□＿
□□□□□□□□□＿
□□□□□□□□□＿
□□□□□□□□□＿
00:07:14(13026f):field(13025f)
＿＿＿＿＿＿＿＿＿＿
＿＿＿＿＿＿＿＿＿＿
＿＿＿＿＿＿＿＿＿＿
＿＿＿＿＿＿＿＿＿＿
＿＿＿＿＿＿＿＿＿＿
＿＿＿＿＿＿＿＿＿＿
＿＿＿＿◆◆＿＿＿＿
＿＿＿＿◆◆＿＿＿＿
＿＿＿＿□□＿＿＿＿
＿＿＿＿□□◆＿＿＿
＿＿＿◆□□◆＿＿＿
◆＿＿◆□□■＿＿＿
◆＿＿□□□□＿＿＿
□□＿□□□◆◆＿＿
□◆◆□□□□◆◆＿
□□◆□□□□□□■
□□□□□□□□□＿
□□□□□□□□□＿
□□□□□□□□□＿
□□□□□□□□□＿
00:07:14(13044f):field(13043f)
＿＿＿＿＿＿＿＿＿＿
＿＿＿＿＿＿＿＿＿＿
＿＿＿＿＿＿＿＿＿＿
＿＿＿＿＿＿＿＿＿＿
＿＿＿＿＿＿＿＿＿＿
＿＿＿＿＿＿＿＿＿＿
＿＿＿＿＿＿＿＿＿＿
＿＿＿＿＿＿＿＿＿＿
＿＿＿＿◆◆＿＿＿＿
＿＿＿＿□□＿＿＿＿
＿＿＿＿□□＿＿＿＿
＿＿＿＿□□◆＿＿＿
＿＿＿◆□□□＿＿＿
◆◆＿□□□■＿＿＿
□■■□□□◆＿＿＿
□□■□□□□◆◆◆
□□□□□□□□□＿
□□□□□□□□□＿
□□□□□□□□□＿
□□□□□□□□□＿
00:07:15(13059f):field(13058f)
＿＿＿＿＿＿＿＿＿＿
＿＿＿＿＿＿＿＿＿＿
＿＿＿＿＿＿＿＿＿＿
＿＿＿＿＿＿＿＿＿＿
＿＿＿＿＿＿＿＿＿＿
＿＿＿＿＿＿＿＿＿＿
＿＿＿＿＿＿＿＿＿＿
＿＿＿＿＿＿＿＿＿＿
＿＿＿＿＿＿＿＿＿＿
＿＿＿＿□□＿＿＿＿
＿＿＿＿□□＿＿＿＿
＿＿＿＿□□＿＿＿＿
＿＿＿＿□□□＿＿＿
＿＿＿□□□□＿＿＿
□◆□□□□■■＿＿
□◆□□□□□■■＿
□□□□□□□□□＿
□□□□□□□□□＿
□□□□□□□□□＿
□□□□□□□□□＿
00:07:15(13071f):field(13070f)
＿＿＿＿＿＿＿＿＿＿
＿＿＿＿＿＿＿＿＿＿
＿＿＿＿＿＿＿＿＿＿
＿＿＿＿＿＿＿＿＿＿
＿＿＿＿＿＿＿＿＿＿
＿＿＿＿＿＿＿＿＿＿
＿＿＿＿＿＿＿＿＿＿
＿＿＿＿■■＿＿＿＿
＿＿＿＿■■＿＿＿＿
＿＿＿＿□□＿＿＿＿
＿＿＿＿□□＿＿＿＿
＿＿＿＿□□＿＿＿＿
＿＿＿＿□□□＿＿＿
＿＿＿□□□□＿＿＿
□＿□□□□□□＿＿
□＿□□□□□□□＿
□□□□□□□□□＿
□□□□□□□□□＿
□□□□□□□□□＿
□□□□□□□□□＿
00:07:16(13092f):field(13091f)
＿＿＿＿＿＿＿＿＿＿
＿＿＿＿＿＿＿＿＿＿
＿＿＿＿＿＿＿＿＿＿
＿＿＿＿＿＿＿＿＿＿
＿＿＿＿＿＿＿＿＿＿
＿＿＿＿＿＿＿＿＿＿
＿＿＿＿＿＿＿＿＿＿
＿＿＿＿◆◆＿＿＿＿
＿＿＿＿◆◆＿＿＿＿
＿＿＿＿◆◆＿＿＿＿
＿＿＿＿◆◆＿＿＿＿
＿＿＿＿□□＿＿＿＿
＿＿＿＿□□◆＿＿＿
＿＿＿◆□□◆＿＿＿
◆＿◆◆□□◆◆＿＿
◆＿◆◆□□◆◆◆＿
◆◆◆□□□□□◆＿
◆◆◆□□□□□◆■
□□□□□□□□◆＿
□◆□□□□□□□＿
00:07:16(13106f):field(13105f)
＿＿＿＿＿＿＿＿＿＿
＿＿＿＿＿＿＿＿＿＿
＿＿＿＿＿＿＿＿＿＿
＿＿＿＿＿＿＿＿＿＿
＿＿＿＿＿＿＿＿＿＿
＿＿＿＿＿＿＿＿＿＿
＿＿＿＿＿＿＿＿＿＿
＿＿＿＿＿＿＿＿＿＿
＿＿＿＿＿＿＿＿＿＿
＿＿＿＿＿＿＿＿＿＿
＿＿＿＿＿＿＿＿＿＿
＿＿＿＿□□＿＿＿＿
＿＿＿＿□□＿＿＿＿
＿＿＿＿□□＿＿＿＿
＿＿＿＿□□＿＿＿＿
＿＿＿＿□□＿＿＿＿
＿＿＿◆□□□◆＿＿
■■＿□□□□◆＿◆
□□□□□□□□＿＿
□■□□□□□□□＿
00:07:17(13120f):field(13119f)
＿＿＿＿＿＿＿＿＿＿
＿＿＿＿＿＿＿＿＿＿
＿＿＿＿＿＿＿＿＿＿
＿＿＿＿＿＿＿＿＿＿
＿＿＿＿＿＿＿＿＿＿
＿＿＿＿＿＿＿＿＿＿
＿＿＿＿＿＿＿＿＿＿
＿＿＿＿＿＿＿＿＿＿
＿＿＿＿＿＿＿＿＿＿
＿＿＿＿＿＿＿＿＿＿
＿＿＿＿＿＿＿＿＿＿
＿＿＿＿□□＿＿＿＿
＿＿＿＿□□＿＿＿＿
＿＿＿＿□□＿＿＿＿
＿＿＿＿□□＿＿＿＿
＿＿＿＿□□＿＿＿＿
■■■＿□□□＿＿＿
□□■□□□□＿＿＿
□□□□□□□□＿＿
□□□□□□□□□＿
00:07:18(13140f):field(13139f)
＿＿＿＿＿＿＿＿＿＿
＿＿＿＿＿＿＿＿＿＿
＿＿＿＿＿＿＿＿＿＿
＿＿＿＿＿＿＿＿＿＿
＿＿＿＿＿＿＿＿＿＿
＿＿＿＿＿＿＿＿＿＿
＿＿＿＿＿＿＿＿＿＿
＿＿＿＿＿＿＿＿＿＿
＿＿＿＿＿＿＿＿＿＿
＿＿＿＿＿＿＿＿＿＿
＿＿＿＿＿＿＿＿＿＿
＿＿＿＿◆◆＿＿＿＿
＿＿＿＿□□＿＿＿＿
＿＿＿＿□□＿＿＿＿
＿＿＿＿□□＿＿＿＿
＿＿＿＿□□＿＿＿＿
◆◆◆＿□□◆＿＿＿
□□□◆□□□＿＿＿
□□□□□□□□■＿
□□□□□□□□□＿
00:07:18(13155f):field(13154f)
＿＿＿＿＿＿＿＿＿＿
＿＿＿＿＿＿＿＿＿＿
＿＿＿＿＿＿＿＿＿＿
＿＿＿＿＿＿＿＿＿＿
＿＿＿＿＿＿＿＿＿＿
＿＿＿＿＿＿＿＿＿＿
＿＿＿＿＿＿＿＿＿＿
＿＿＿＿＿＿＿＿＿＿
＿＿＿＿＿＿＿＿＿＿
＿＿＿＿＿＿＿＿＿＿
＿＿＿＿＿＿＿＿＿＿
＿＿＿＿＿＿＿＿＿＿
＿＿＿＿□□＿＿＿＿
＿＿＿＿□□＿＿＿＿
＿＿＿＿□□＿＿＿＿
■■＿＿□□＿＿＿＿
■■＿＿□□＿＿＿＿
□□□＿□□□＿＿＿
□□□□□□□□□＿
□□□□□□□□□＿
00:07:18(13169f):field(13168f)
＿＿＿＿＿＿＿＿＿＿
＿＿＿＿＿＿＿＿＿＿
＿＿＿＿＿＿＿＿＿＿
＿＿＿＿＿＿＿＿＿＿
＿＿＿＿＿＿＿＿＿＿
＿＿＿＿＿＿＿＿＿＿
＿＿＿＿＿＿＿＿＿＿
＿＿＿＿＿＿＿＿＿＿
＿＿＿＿＿＿＿＿＿＿
＿＿＿＿＿＿＿＿＿＿
＿＿＿＿＿＿＿＿＿＿
＿＿＿＿＿＿＿＿＿＿
＿＿＿＿□□＿＿＿＿
＿＿＿＿□□■＿＿＿
＿＿＿＿□□■＿＿＿
□□＿＿□□■＿＿＿
□□＿＿□□■＿＿＿
□□□＿□□□＿＿＿
□□□□□□□□□＿
□□□□□□□□□＿
00:07:19(13199f):field(13198f)
＿＿＿＿＿＿＿＿＿＿
＿＿＿＿＿＿＿＿＿＿
＿＿＿＿＿＿＿＿＿＿
＿＿＿＿＿＿＿＿＿＿
＿＿＿＿＿＿＿＿＿＿
＿＿＿＿＿＿＿＿＿＿
＿＿＿＿＿＿＿＿＿＿
＿＿＿＿＿＿＿＿＿＿
＿＿＿＿＿＿＿＿＿＿
＿＿＿＿＿＿＿＿＿＿
＿＿＿＿＿＿＿＿＿＿
＿＿＿＿＿＿＿＿＿＿
＿＿＿＿◆◆＿＿＿＿
＿＿＿＿◆◆◆＿＿＿
＿＿＿＿□□◆＿＿＿
◆◆＿＿□□□＿＿＿
◆◆＿＿□□□＿＿＿
□□◆＿□□□＿＿＿
□□□◆□□□□◆＿
□□□◆□□□◆□■
00:07:20(13214f):field(13213f)
＿＿＿＿＿＿＿＿＿＿
＿＿＿＿＿＿＿＿＿＿
＿＿＿＿＿＿＿＿＿＿
＿＿＿＿＿＿＿＿＿＿
＿＿＿＿＿＿＿＿＿＿
＿＿＿＿＿＿＿＿＿＿
＿＿＿＿＿＿＿＿＿＿
＿＿＿＿＿＿＿＿＿＿
＿＿＿＿＿＿＿＿＿＿
＿＿＿＿＿＿＿＿＿＿
＿＿＿＿＿＿＿＿＿＿
＿＿＿＿＿＿＿＿＿＿
＿＿＿＿＿＿＿＿＿＿
＿＿＿＿＿＿＿＿＿＿
＿＿＿＿□□＿＿＿＿
＿＿＿＿□□□＿＿＿
＿＿＿＿□□□＿＿＿
□□■＿□□□＿＿＿
□□□■□□□◆＿＿
□□□■□□□＿□□
00:07:21(13230f):field(13229f)
＿＿＿＿＿＿＿＿＿＿
＿＿＿＿＿＿＿＿＿＿
＿＿＿＿＿＿＿＿＿＿
＿＿＿＿＿＿＿＿＿＿
＿＿＿＿＿＿＿＿＿＿
＿＿＿＿＿＿＿＿＿＿
＿＿＿＿＿＿＿＿＿＿
＿＿＿＿＿＿＿＿＿＿
＿＿＿＿＿＿＿＿＿＿
＿＿＿＿＿＿＿＿＿＿
＿＿＿＿＿＿＿＿＿＿
＿＿＿＿＿＿＿＿＿＿
＿＿＿＿＿＿＿＿＿＿
＿＿＿＿＿＿＿＿＿＿
＿＿＿＿□□＿＿＿＿
＿＿＿＿□□□＿＿＿
＿■■■□□□＿＿＿
□□□■□□□＿＿＿
□□□□□□□＿＿＿
□□□□□□□＿□□
00:07:21(13242f):field(13241f)
＿＿＿＿＿＿＿＿＿＿
＿＿＿＿＿＿＿＿＿＿
＿＿＿＿＿＿＿＿＿＿
＿＿＿＿＿＿＿＿＿＿
＿＿＿＿＿＿＿＿＿＿
＿＿＿＿＿＿＿＿＿＿
＿＿＿＿＿＿＿＿＿＿
＿＿＿＿＿＿＿＿＿＿
＿＿＿＿＿＿＿＿＿＿
＿＿＿＿＿＿＿＿＿＿
＿＿＿＿＿＿＿＿＿＿
＿＿＿＿＿＿＿＿＿＿
＿＿＿＿■■＿＿＿＿
＿＿＿＿■■＿＿＿＿
＿＿＿＿□□＿＿＿＿
＿＿＿＿□□□＿＿＿
＿□□□□□□＿＿＿
□□□□□□□＿＿＿
□□□□□□□＿＿＿
□□□□□□□＿□□
00:07:22(13262f):field(13261f)
＿＿＿＿＿＿＿＿＿＿
＿＿＿＿＿＿＿＿＿＿
＿＿＿＿＿＿＿＿＿＿
＿＿＿＿＿＿＿＿＿＿
＿＿＿＿＿＿＿＿＿＿
＿＿＿＿＿＿＿＿＿＿
＿＿＿＿＿＿＿＿＿＿
＿＿＿＿＿＿＿＿＿＿
＿＿＿＿＿＿＿＿＿＿
＿＿＿＿＿＿＿＿＿＿
＿＿＿＿＿＿＿＿＿＿
＿＿＿＿＿＿＿＿＿＿
＿＿＿＿◆◆＿＿＿＿
＿＿＿＿□□＿＿＿＿
＿＿＿＿□□＿＿＿＿
＿＿＿＿□□◆＿＿＿
＿◆◆◆□□□＿＿＿
◆□□□□□□＿＿＿
□□□□□□□■＿＿
□□□□□□□■□◆
00:07:22(13276f):field(13275f)
＿＿＿＿＿＿＿＿＿＿
＿＿＿＿＿＿＿＿＿＿
＿＿＿＿＿＿＿＿＿＿
＿＿＿＿＿＿＿＿＿＿
＿＿＿＿＿＿＿＿＿＿
＿＿＿＿＿＿＿＿＿＿
＿＿＿＿＿＿＿＿＿＿
＿＿＿＿＿＿＿＿＿＿
＿＿＿＿＿＿＿＿＿＿
＿＿＿＿＿＿＿＿＿＿
＿＿＿＿＿＿＿＿＿＿
＿＿＿＿＿＿＿＿＿＿
＿＿＿＿＿＿＿＿＿＿
＿＿＿＿□□＿＿＿＿
＿＿＿＿□□＿＿＿＿
＿＿＿＿□□＿＿＿＿
■■■＿□□□＿＿＿
■□□□□□□＿＿＿
□□□□□□□□＿＿
□□□□□□□□□＿
00:07:23(13290f):field(13289f)
＿＿＿＿＿＿＿＿＿＿
＿＿＿＿＿＿＿＿＿＿
＿＿＿＿＿＿＿＿＿＿
＿＿＿＿＿＿＿＿＿＿
＿＿＿＿＿＿＿＿＿＿
＿＿＿＿＿＿＿＿＿＿
＿＿＿＿＿＿＿＿＿＿
＿＿＿＿＿＿＿＿＿＿
＿＿＿＿＿＿＿＿＿＿
＿＿＿＿＿＿＿＿＿＿
＿＿＿＿＿＿＿＿＿＿
＿＿＿＿＿＿＿＿＿＿
＿＿＿＿＿＿＿＿＿＿
＿＿＿■□□＿＿＿＿
＿＿＿■□□＿＿＿＿
＿＿＿■□□＿＿＿＿
□□□■□□□＿＿＿
□□□□□□□＿＿＿
□□□□□□□□＿＿
□□□□□□□□□＿
00:07:23(13308f):field(13307f)
＿＿＿＿＿＿＿＿＿＿
＿＿＿＿＿＿＿＿＿＿
＿＿＿＿＿＿＿＿＿＿
＿＿＿＿＿＿＿＿＿＿
＿＿＿＿＿＿＿＿＿＿
＿＿＿＿＿＿＿＿＿＿
＿＿＿＿＿＿＿＿＿＿
＿＿＿＿＿＿＿＿＿＿
＿＿＿＿＿＿＿＿＿＿
＿＿＿＿＿＿＿＿＿＿
＿＿＿＿＿＿＿＿＿＿
＿＿＿＿＿＿＿＿＿＿
＿＿＿＿＿＿＿＿＿＿
＿＿＿□□□＿＿＿＿
＿＿＿□□□＿＿＿＿
＿＿＿□□□＿＿＿＿
□□□□□□□■＿＿
□□□□□□□■■＿
□□□□□□□□■＿
□□□□□□□□□＿
00:07:24(13320f):field(13319f)
＿＿＿＿＿＿＿＿＿＿
＿＿＿＿＿＿＿＿＿＿
＿＿＿＿＿＿＿＿＿＿
＿＿＿＿＿＿＿＿＿＿
＿＿＿＿＿＿＿＿＿＿
＿＿＿＿＿＿＿＿＿＿
＿＿＿＿＿＿＿＿＿＿
＿＿＿＿＿＿＿＿＿＿
＿＿＿＿＿＿＿＿＿＿
＿＿＿＿＿＿＿＿＿＿
＿＿＿＿＿＿＿＿＿＿
＿＿＿＿＿＿＿＿＿＿
＿＿＿＿＿＿＿＿＿＿
＿＿＿□□□＿＿＿＿
■■＿□□□＿＿＿＿
■■＿□□□＿＿＿＿
□□□□□□□□＿＿
□□□□□□□□□＿
□□□□□□□□□＿
□□□□□□□□□＿
00:07:24(13338f):field(13337f)
＿＿＿＿＿＿＿＿＿＿
＿＿＿＿＿＿＿＿＿＿
＿＿＿＿＿＿＿＿＿＿
＿＿＿＿＿＿＿＿＿＿
＿＿＿＿＿＿＿＿＿＿
＿＿＿＿＿＿＿＿＿＿
＿＿＿＿＿＿＿＿＿＿
＿＿＿＿＿＿＿＿＿＿
＿＿＿＿＿＿＿＿＿＿
＿＿＿＿＿＿＿＿＿＿
＿＿＿＿＿＿＿＿＿＿
＿＿＿＿＿＿＿＿＿＿
＿＿＿＿＿＿＿＿＿＿
＿＿＿□□□＿＿＿＿
□□＿□□□＿＿＿＿
□□＿□□□■■■＿
□□□□□□□□■＿
□□□□□□□□□＿
□□□□□□□□□＿
□□□□□□□□□＿
00:07:25(13351f):field(13350f)
＿＿＿＿＿＿＿＿＿＿
＿＿＿＿＿＿＿＿＿＿
＿＿＿＿＿＿＿＿＿＿
＿＿＿＿＿＿＿＿＿＿
＿＿＿＿＿＿＿＿＿＿
＿＿＿＿＿＿＿＿＿＿
＿＿＿＿＿＿＿＿＿＿
＿＿＿＿＿＿＿＿＿＿
＿＿＿＿＿＿＿＿＿＿
＿＿＿＿＿＿＿＿＿＿
＿＿＿＿＿＿＿＿＿＿
＿＿＿＿＿＿＿＿＿＿
＿＿＿＿＿＿＿＿＿＿
＿■■□□□＿＿＿＿
□□■□□□＿＿＿＿
□□■□□□□□□＿
□□□□□□□□□＿
□□□□□□□□□＿
□□□□□□□□□＿
□□□□□□□□□＿
00:07:25(13366f):field(13365f)
＿＿＿＿＿＿＿＿＿＿
＿＿＿＿＿＿＿＿＿＿
＿＿＿＿＿＿＿＿＿＿
＿＿＿＿＿＿＿＿＿＿
＿＿＿＿＿＿＿＿＿＿
＿＿＿＿＿＿＿＿＿＿
＿＿＿＿＿＿＿＿＿＿
＿＿＿＿＿＿＿＿＿＿
＿＿＿＿＿＿＿＿＿＿
＿＿＿＿＿＿＿＿＿＿
＿＿＿＿＿＿＿＿＿＿
＿■＿＿＿＿＿＿＿＿
■■＿＿＿＿＿＿＿＿
■□□□□□＿＿＿＿
□□□□□□＿＿＿＿
□□□□□□□□□＿
□□□□□□□□□＿
□□□□□□□□□＿
□□□□□□□□□＿
□□□□□□□□□＿
00:07:26(13381f):field(13380f)
＿＿＿＿＿＿＿＿＿＿
＿＿＿＿＿＿＿＿＿＿
＿＿＿＿＿＿＿＿＿＿
＿＿＿＿＿＿＿＿＿＿
＿＿＿＿＿＿＿＿＿＿
＿＿＿＿＿＿＿＿＿＿
＿＿＿＿＿＿＿＿＿＿
＿＿＿＿＿＿＿＿＿＿
＿＿＿＿＿＿＿＿＿＿
＿＿＿＿＿＿＿＿＿＿
＿＿＿＿＿＿＿＿＿＿
＿□＿■＿＿＿＿＿＿
□□■■■＿＿＿＿＿
□□□□□□＿＿＿＿
□□□□□□＿＿＿＿
□□□□□□□□□＿
□□□□□□□□□＿
□□□□□□□□□＿
□□□□□□□□□＿
□□□□□□□□□＿
00:07:26(13397f):field(13396f)
＿＿＿＿＿＿＿＿＿＿
＿＿＿＿＿＿＿＿＿＿
＿＿＿＿＿＿＿＿＿＿
＿＿＿＿＿＿＿＿＿＿
＿＿＿＿＿＿＿＿＿＿
＿＿＿＿＿＿＿＿＿＿
＿＿＿＿＿＿＿＿＿＿
＿＿＿＿＿＿＿＿＿＿
＿＿＿＿＿＿＿＿＿＿
＿＿＿＿＿＿＿＿＿＿
＿＿＿＿＿＿＿＿＿＿
＿□＿□＿■■＿＿＿
□□□□□■■＿＿＿
□□□□□□＿＿＿＿
□□□□□□＿＿＿＿
□□□□□□□□□＿
□□□□□□□□□＿
□□□□□□□□□＿
□□□□□□□□□＿
□□□□□□□□□＿
00:07:27(13420f):field(13419f)
＿＿＿＿＿＿＿＿＿＿
＿＿＿＿＿＿＿＿＿＿
＿＿＿＿＿＿＿＿＿＿
＿＿＿＿＿＿＿＿＿＿
＿＿＿＿＿＿＿＿＿＿
＿＿＿＿＿＿＿＿＿＿
＿＿＿＿＿＿＿＿＿＿
＿＿＿＿＿＿＿＿＿＿
＿＿＿＿＿＿＿＿＿＿
＿＿＿＿■■＿＿＿＿
＿＿＿＿■＿＿＿＿＿
＿□＿□■□□＿＿＿
□□□□□□□＿＿＿
□□□□□□＿＿＿＿
□□□□□□＿＿＿＿
□□□□□□□□□＿
□□□□□□□□□＿
□□□□□□□□□＿
□□□□□□□□□＿
□□□□□□□□□＿
00:07:27(13436f):field(13435f)
＿＿＿＿＿＿＿＿＿＿
＿＿＿＿＿＿＿＿＿＿
＿＿＿＿＿＿＿＿＿＿
＿＿＿＿＿＿＿＿＿＿
＿＿＿＿＿＿＿＿＿＿
＿＿＿＿＿＿＿＿＿＿
＿＿＿＿＿＿＿＿＿＿
＿＿＿＿＿＿＿＿＿＿
＿＿＿＿＿＿＿＿＿＿
＿■＿＿□□＿＿＿＿
＿■■＿□＿＿＿＿＿
＿□■□□□□＿＿＿
□□□□□□□＿＿＿
□□□□□□＿＿＿＿
□□□□□□＿＿＿＿
□□□□□□□□□＿
□□□□□□□□□＿
□□□□□□□□□＿
□□□□□□□□□＿
□□□□□□□□□＿
00:07:28(13448f):field(13447f)
＿＿＿＿＿＿＿＿＿＿
＿＿＿＿＿＿＿＿＿＿
＿＿＿＿＿＿＿＿＿＿
＿＿＿＿＿＿＿＿＿＿
＿＿＿＿＿＿＿＿＿＿
＿＿＿＿＿＿＿＿＿＿
＿＿＿＿＿＿＿＿＿＿
＿＿＿＿＿＿＿＿＿＿
＿＿＿＿＿＿＿＿＿＿
＿◆＿＿◆◆＿＿＿＿
＿◆◆＿◆＿＿＿＿＿
＿◆◆◆◆◆◆＿＿＿
◆◆◆◆◆◆◆＿＿＿
◆□◆◆□□＿＿＿＿
◆□□◆□◆＿＿＿＿
◆□□□□□□◆◆■
□□□□□□□□◆＿
□□□□□□◆□◆＿
□□□□□□◆□□＿
□□□□□□□□□＿
00:07:29(13470f):field(13469f)
＿＿＿＿＿＿＿＿＿＿
＿＿＿＿＿＿＿＿＿＿
＿＿＿＿＿＿＿＿＿＿
＿＿＿＿＿＿＿＿＿＿
＿＿＿＿＿＿＿＿＿＿
＿＿＿＿＿＿＿＿＿＿
＿＿＿＿＿＿＿＿＿＿
＿＿＿＿＿＿＿＿＿＿
＿＿＿＿＿＿＿＿＿＿
＿＿＿＿＿＿＿＿＿＿
＿＿＿＿＿＿＿＿＿＿
＿＿＿＿＿＿＿＿＿＿
＿＿＿＿＿＿＿＿＿＿
＿□＿＿□□＿＿＿＿
＿□□＿□＿＿＿＿＿
＿□□□□□□＿＿◆
□□□□□□□◆＿＿
□□□□□□■□■＿
□□□□□□■◆◆＿
□□□□□□□□□＿
00:07:29(13482f):field(13481f)
＿＿＿＿＿＿＿＿＿＿
＿＿＿＿＿＿＿＿＿＿
＿＿＿＿＿＿＿＿＿＿
＿＿＿＿＿＿＿＿＿＿
＿＿＿＿＿＿＿＿＿＿
＿＿＿＿＿＿＿＿＿＿
＿＿＿＿＿＿＿＿＿＿
＿＿＿＿＿＿＿＿＿＿
＿＿＿＿＿＿＿＿＿＿
＿＿＿＿＿＿＿＿＿＿
＿＿＿＿＿＿＿＿＿＿
＿＿＿＿■■＿＿＿＿
＿＿＿＿■■＿＿＿＿
＿□＿＿□□＿＿＿＿
＿□□＿□＿＿＿＿＿
＿□□□□□□＿＿＿
□□□□□□□＿＿＿
□□□□□□□□□＿
□□□□□□□＿＿＿
□□□□□□□□□＿
00:07:29(13497f):field(13496f)
＿＿＿＿＿＿＿＿＿＿
＿＿＿＿＿＿＿＿＿＿
＿＿＿＿＿＿＿＿＿＿
＿＿＿＿＿＿＿＿＿＿
＿＿＿＿＿＿＿＿＿＿
＿＿＿＿＿＿＿＿＿＿
＿＿＿＿＿＿＿＿＿＿
＿＿＿＿＿＿＿＿＿＿
＿＿＿＿＿＿＿＿＿＿
＿＿＿＿＿＿＿＿＿＿
＿＿＿＿＿＿＿＿＿＿
＿＿＿＿□□＿＿＿＿
＿＿＿■□□＿＿＿＿
＿□■■□□＿＿＿＿
＿□□■□＿＿＿＿＿
＿□□□□□□＿＿＿
□□□□□□□＿＿＿
□□□□□□□□□＿
□□□□□□□＿＿＿
□□□□□□□□□＿
00:07:30(13512f):field(13511f)
＿＿＿＿＿＿＿＿＿＿
＿＿＿＿＿＿＿＿＿＿
＿＿＿＿＿＿＿＿＿＿
＿＿＿＿＿＿＿＿＿＿
＿＿＿＿＿＿＿＿＿＿
＿＿＿＿＿＿＿＿＿＿
＿＿＿＿＿＿＿＿＿＿
＿＿＿＿＿＿＿＿＿＿
＿＿＿＿＿＿＿＿＿＿
＿＿＿＿＿＿＿＿＿＿
＿＿＿＿＿＿＿＿＿＿
＿＿＿＿◆◆＿＿＿＿
＿＿＿◆◆◆＿＿＿＿
＿◆◆◆□□＿＿＿＿
＿◆◆□□■＿＿＿＿
＿□□□□□◆＿＿＿
◆□□□□□◆■＿＿
□□□□□□□◆□■
□□□□□□□■■＿
□□□□□□□□□＿
00:07:31(13532f):field(13531f)
＿＿＿＿＿＿＿＿＿＿
＿＿＿＿＿＿＿＿＿＿
＿＿＿＿＿＿＿＿＿＿
＿＿＿＿＿＿＿＿＿＿
＿＿＿＿＿＿＿＿＿＿
＿＿＿＿＿＿＿＿＿＿
＿＿＿＿＿＿＿＿＿＿
＿＿＿＿＿＿＿＿＿＿
＿＿＿＿＿＿＿＿＿＿
＿＿＿＿＿＿＿＿＿＿
＿＿＿＿＿＿＿＿＿＿
＿＿＿＿＿＿＿＿＿＿
＿＿＿＿＿＿＿＿＿＿
＿＿＿＿◆◆＿＿＿＿
＿＿＿◆□□＿＿＿＿
＿◆◆□□□＿＿＿＿
＿□□□□□＿◆＿＿
◆□□□□◆◆＿◆◆
□□□□□□□◆□＿
□□□□□□□◆□■
00:07:31(13547f):field(13546f)
＿＿＿＿＿＿＿＿＿＿
＿＿＿＿＿＿＿＿＿＿
＿＿＿＿＿＿＿＿＿＿
＿＿＿＿＿＿＿＿＿＿
＿＿＿＿＿＿＿＿＿＿
＿＿＿＿＿＿＿＿＿＿
＿＿＿＿＿＿＿＿＿＿
＿＿＿＿＿＿＿＿＿＿
＿＿＿＿＿＿＿＿＿＿
＿＿＿＿＿＿＿＿＿＿
＿＿＿＿＿＿＿＿＿＿
＿＿＿＿＿＿＿＿＿＿
＿＿＿＿＿＿＿＿＿＿
＿＿＿■■■＿＿＿＿
＿＿＿■□□＿＿＿＿
＿＿＿□□□＿＿＿＿
＿□□□□□＿＿＿＿
＿□□□□＿＿＿＿＿
◆□□□□□□＿□＿
□□□□□□□＿□□
00:07:32(13560f):field(13559f)
＿＿＿＿＿＿＿＿＿＿
＿＿＿＿＿＿＿＿＿＿
＿＿＿＿＿＿＿＿＿＿
＿＿＿＿＿＿＿＿＿＿
＿＿＿＿＿＿＿＿＿＿
＿＿＿＿＿＿＿＿＿＿
＿＿＿＿＿＿＿＿＿＿
＿＿＿＿＿＿＿＿＿＿
＿＿＿＿＿＿＿＿＿＿
＿＿＿＿＿＿＿＿＿＿
＿＿＿＿＿＿＿＿＿＿
＿＿＿■■＿＿＿＿＿
＿＿＿■■＿＿＿＿＿
＿＿＿□□□＿＿＿＿
＿＿＿□□□＿＿＿＿
＿＿＿□□□＿＿＿＿
＿□□□□□＿＿＿＿
＿□□□□＿＿＿＿＿
＿□□□□□□＿□＿
□□□□□□□＿□□
00:07:32(13574f):field(13573f)
＿＿＿＿＿＿＿＿＿＿
＿＿＿＿＿＿＿＿＿＿
＿＿＿＿＿＿＿＿＿＿
＿＿＿＿＿＿＿＿＿＿
＿＿＿＿＿＿＿＿＿＿
＿＿＿＿＿＿＿＿＿＿
＿＿＿＿＿＿＿＿＿＿
＿＿＿＿＿＿＿＿＿＿
＿＿＿＿■＿＿＿＿＿
＿＿＿■■＿＿＿＿＿
＿＿＿■＿＿＿＿＿＿
＿＿＿□□＿＿＿＿＿
＿＿＿□□＿＿＿＿＿
＿＿＿□□□＿＿＿＿
＿＿＿□□□＿＿＿＿
＿＿＿□□□＿＿＿＿
＿□□□□□＿＿＿＿
＿□□□□＿＿＿＿＿
＿□□□□□□＿□＿
□□□□□□□＿□□
00:07:33(13593f):field(13592f)
＿＿＿＿＿＿＿＿＿＿
＿＿＿＿＿＿＿＿＿＿
＿＿＿＿＿＿＿＿＿＿
＿＿＿＿＿＿＿＿＿＿
＿＿＿＿＿＿＿＿＿＿
＿＿＿＿＿＿＿＿＿＿
＿＿＿＿＿＿＿＿＿＿
＿＿＿＿＿＿＿＿＿＿
＿＿＿＿□＿＿＿＿＿
＿＿＿□□＿＿＿＿＿
＿＿＿□＿＿＿＿＿＿
＿＿＿□□＿＿＿＿＿
＿＿＿□□＿＿＿＿＿
＿＿＿□□□＿＿＿＿
＿＿＿□□□＿＿＿＿
■＿＿□□□＿＿＿＿
■□□□□□＿＿＿＿
■□□□□＿＿＿＿＿
■□□□□□□＿□＿
□□□□□□□＿□□
00:07:33(13610f):field(13609f)
＿＿＿＿＿＿＿＿＿＿
＿＿＿＿＿＿＿＿＿＿
＿＿＿＿＿＿＿＿＿＿
＿＿＿＿＿＿＿＿＿＿
＿＿＿＿＿＿＿＿＿＿
＿＿＿＿＿＿＿＿＿＿
＿＿＿＿＿＿＿＿＿＿
＿＿＿＿＿＿＿＿＿＿
＿＿＿＿□＿＿＿＿＿
＿＿＿□□＿＿＿＿＿
＿＿＿□＿＿＿＿＿＿
＿＿＿□□＿＿＿＿＿
＿＿＿□□＿＿＿＿＿
＿＿＿□□□＿＿＿＿
＿＿＿□□□＿＿＿＿
□＿＿□□□＿＿＿＿
□□□□□□＿＿■＿
□□□□□＿＿＿■■
□□□□□□□＿□■
□□□□□□□＿□□
00:07:34(13624f):field(13623f)
＿＿＿＿＿＿＿＿＿＿
＿＿＿＿＿＿＿＿＿＿
＿＿＿＿＿＿＿＿＿＿
＿＿＿＿＿＿＿＿＿＿
＿＿＿＿＿＿＿＿＿＿
＿＿＿＿＿＿＿＿＿＿
＿＿＿＿＿＿＿＿＿＿
＿＿＿＿＿＿＿＿＿＿
＿＿＿＿◆＿＿＿＿＿
＿＿＿◆□＿＿＿＿＿
＿＿＿□■＿＿＿＿＿
＿＿＿□◆＿＿＿＿＿
＿＿＿□□＿＿＿＿＿
＿＿＿□□◆＿＿＿＿
＿＿＿□□□＿＿＿＿
◆＿＿□□□＿＿＿＿
□□◆□□□＿＿◆＿
□□□□□■＿■□◆
□□□□□□□＿□□
□□□□□□□＿□□
00:07:34(13644f):field(13643f)
＿＿＿＿＿＿＿＿＿＿
＿＿＿＿＿＿＿＿＿＿
＿＿＿＿＿＿＿＿＿＿
＿＿＿＿＿＿＿＿＿＿
＿＿＿＿＿＿＿＿＿＿
＿＿＿＿＿＿＿＿＿＿
＿＿＿＿＿＿＿＿＿＿
＿＿＿＿＿＿＿＿＿＿
＿＿＿＿＿＿＿＿＿＿
＿＿＿＿□＿＿＿＿＿
＿＿＿□□＿＿＿＿＿
＿＿＿□＿＿＿＿＿＿
＿＿＿□□＿＿＿＿＿
＿＿＿□□＿＿＿＿＿
＿＿＿□□□＿＿＿＿
＿＿＿□□□■＿＿＿
□◆＿□□□■■＿＿
□□□□□□■□□＿
□□□□□□□＿□□
□□□□□□□＿□□
00:07:35(13657f):field(13656f)
＿＿＿＿＿＿＿＿＿＿
＿＿＿＿＿＿＿＿＿＿
＿＿＿＿＿＿＿＿＿＿
＿＿＿＿＿＿＿＿＿＿
＿＿＿＿＿＿＿＿＿＿
＿＿＿＿＿＿＿＿＿＿
＿＿＿＿＿＿＿＿＿＿
＿＿＿＿＿＿＿＿＿＿
＿＿＿＿＿＿＿＿＿＿
＿＿＿＿□＿＿＿＿＿
＿＿＿□□＿＿＿＿＿
＿＿＿□＿＿＿＿＿＿
＿＿＿□□＿＿＿＿＿
＿＿＿□□＿＿＿＿＿
＿＿＿□□□＿＿＿＿
＿＿＿□□□□■■＿
□＿＿□□□□□■■
□□□□□□□□□＿
□□□□□□□＿□□
□□□□□□□＿□□
00:07:35(13673f):field(13672f)
＿＿＿＿＿＿＿＿＿＿
＿＿＿＿＿＿＿＿＿＿
＿＿＿＿＿＿＿＿＿＿
＿＿＿＿＿＿＿＿＿＿
＿＿＿＿＿＿＿＿＿＿
＿＿＿＿＿＿＿＿＿＿
＿＿＿＿＿＿＿＿＿＿
＿＿＿＿＿＿＿＿＿＿
＿＿＿＿＿＿＿＿＿＿
＿＿＿＿◆＿＿＿＿＿
＿＿＿◆□＿＿＿＿＿
＿＿＿□■＿＿＿＿＿
＿＿＿□◆＿＿＿＿＿
＿＿＿□□＿＿＿＿＿
＿＿＿□□◆＿＿＿＿
＿＿＿□□□◆◆◆＿
◆■■□□□□□□◆
□□□□□□□□□＿
□□□□□□□＿□□
□□□□□□□＿□□
00:07:36(13697f):field(13696f)
＿＿＿＿＿＿＿＿＿＿
＿＿＿＿＿＿＿＿＿＿
＿＿＿＿＿＿＿＿＿＿
＿＿＿＿＿＿＿＿＿＿
＿＿＿＿＿＿＿＿＿＿
＿＿＿＿＿＿＿＿＿＿
＿＿＿＿＿＿＿＿＿＿
＿＿＿＿＿＿＿＿＿＿
＿＿＿＿＿＿＿＿＿＿
＿＿＿＿＿＿＿＿＿＿
＿＿＿＿□＿＿＿＿＿
＿＿＿□□＿＿＿＿＿
＿＿＿□＿＿＿＿＿＿
＿＿＿□□■＿＿＿＿
＿＿＿□□■■＿＿＿
＿＿＿□□□■＿＿＿
＿□□□□□□□□＿
□□□□□□□□□＿
□□□□□□□＿□□
□□□□□□□＿□□
00:07:37(13713f):field(13712f)
＿＿＿＿＿＿＿＿＿＿
＿＿＿＿＿＿＿＿＿＿
＿＿＿＿＿＿＿＿＿＿
＿＿＿＿＿＿＿＿＿＿
＿＿＿＿＿＿＿＿＿＿
＿＿＿＿＿＿＿＿＿＿
＿＿＿＿＿＿＿＿＿＿
＿＿＿＿＿＿＿＿＿＿
＿＿＿＿＿＿＿＿＿＿
＿＿＿＿＿＿＿＿＿＿
＿＿＿＿□■＿＿＿＿
＿＿＿□□■＿＿＿＿
＿＿＿□■■＿＿＿＿
＿＿＿□□□＿＿＿＿
＿＿＿□□□□＿＿＿
＿＿＿□□□□＿＿＿
＿□□□□□□□□＿
□□□□□□□□□＿
□□□□□□□＿□□
□□□□□□□＿□□
00:07:37(13724f):field(13723f)
＿＿＿＿＿＿＿＿＿＿
＿＿＿＿＿＿＿＿＿＿
＿＿＿＿＿＿＿＿＿＿
＿＿＿＿＿＿＿＿＿＿
＿＿＿＿＿＿＿＿＿＿
＿＿＿＿＿＿＿＿＿＿
＿＿＿＿＿＿＿＿＿＿
＿＿＿＿＿＿＿＿＿＿
＿＿＿＿＿＿＿＿＿＿
＿＿＿＿＿＿＿＿＿＿
＿＿＿＿◆◆＿＿＿＿
＿＿＿◆□□＿＿＿＿
＿＿＿□□□＿＿＿＿
＿＿＿□□□＿＿＿＿
＿＿＿□□□◆＿＿＿
＿＿＿□□□□＿＿■
＿◆□□□□□◆◆■
□□□□□□□□□■
□□□□□□□＿□□
□□□□□□□＿□□
00:07:38(13741f):field(13740f)
＿＿＿＿＿＿＿＿＿＿
＿＿＿＿＿＿＿＿＿＿
＿＿＿＿＿＿＿＿＿＿
＿＿＿＿＿＿＿＿＿＿
＿＿＿＿＿＿＿＿＿＿
＿＿＿＿＿＿＿＿＿＿
＿＿＿＿＿＿＿＿＿＿
＿＿＿＿＿＿＿＿＿＿
＿＿＿＿＿＿＿＿＿＿
＿＿＿＿＿＿＿＿＿＿
＿＿＿＿＿＿＿＿＿＿
＿＿＿＿◆◆＿＿＿＿
＿＿＿◆□□＿＿＿＿
＿＿＿□□□＿＿＿＿
＿＿＿□□□＿＿＿＿
＿＿＿□□□◆＿＿◆
＿■◆□□□□＿＿□
□□□□□□□◆◆□
□□□□□□□＿□□
□□□□□□□＿□□
00:07:38(13756f):field(13755f)
＿＿＿＿＿＿＿＿＿＿
＿＿＿＿＿＿＿＿＿＿
＿＿＿＿＿＿＿＿＿＿
＿＿＿＿＿＿＿＿＿＿
＿＿＿＿＿＿＿＿＿＿
＿＿＿＿＿＿＿＿＿＿
＿＿＿＿＿＿＿＿＿＿
＿＿＿＿＿＿＿＿＿＿
＿＿＿＿＿＿＿＿＿＿
＿＿＿＿＿＿＿＿＿＿
＿＿＿＿＿＿＿＿＿＿
＿＿＿＿＿＿＿＿＿＿
＿＿＿＿□□＿＿＿＿
＿＿＿□□□＿＿＿＿
＿＿＿□□□＿＿＿＿
＿＿＿□□□＿＿＿＿
＿□＿□□□□■■□
□□◆□□□□■■□
□□□□□□□＿□□
□□□□□□□＿□□
00:07:39(13774f):field(13773f)
＿＿＿＿＿＿＿＿＿＿
＿＿＿＿＿＿＿＿＿＿
＿＿＿＿＿＿＿＿＿＿
＿＿＿＿＿＿＿＿＿＿
＿＿＿＿＿＿＿＿＿＿
＿＿＿＿＿＿＿＿＿＿
＿＿＿＿＿＿＿＿＿＿
＿＿＿＿＿＿＿＿＿＿
＿＿＿＿＿＿＿＿＿＿
＿＿＿＿＿＿＿＿＿＿
＿＿＿＿＿＿＿＿＿＿
＿＿＿＿＿＿＿＿＿＿
＿＿＿＿◆◆＿＿＿＿
＿＿＿◆□□＿＿＿＿
＿＿＿□□□＿＿＿＿
＿＿＿□□□＿＿＿＿
■□■□□□◆◆◆◆
◆□■□□□□□□□
□□□□□□□■□□
□□□□□□□■□□
00:07:39(13789f):field(13788f)
＿＿＿＿＿＿＿＿＿＿
＿＿＿＿＿＿＿＿＿＿
＿＿＿＿＿＿＿＿＿＿
＿＿＿＿＿＿＿＿＿＿
＿＿＿＿＿＿＿＿＿＿
＿＿＿＿＿＿＿＿＿＿
＿＿＿＿＿＿＿＿＿＿
＿＿＿＿＿＿＿＿＿＿
＿＿＿＿＿＿＿＿＿＿
＿＿＿＿＿＿＿＿＿＿
＿＿＿＿＿＿＿＿＿＿
＿＿＿＿＿＿＿＿＿＿
＿＿＿■■＿＿＿＿＿
＿＿■■□□＿＿＿＿
＿＿＿□□□＿＿＿＿
＿＿＿□□□＿＿＿＿
◆□□□□□＿＿＿＿
＿□□□□□□□□□
□□□□□□□◆□□
□□□□□□□◆□□
00:07:40(13800f):field(13799f)
＿＿＿＿＿＿＿＿＿＿
＿＿＿＿＿＿＿＿＿＿
＿＿＿＿＿＿＿＿＿＿
＿＿＿＿＿＿＿＿＿＿
＿＿＿＿＿＿＿＿＿＿
＿＿＿＿＿＿＿＿＿＿
＿＿＿＿＿＿＿＿＿＿
＿＿＿＿＿＿＿＿＿＿
＿＿＿＿＿＿＿＿＿＿
＿＿＿＿＿＿＿＿＿＿
＿＿＿＿＿■＿＿＿＿
＿＿＿＿■■＿＿＿＿
＿＿＿□□■＿＿＿＿
＿＿□□□□＿＿＿＿
＿＿＿□□□＿＿＿＿
＿＿＿□□□＿＿＿＿
＿□□□□□＿＿＿＿
＿□□□□□□□□□
□□□□□□□＿□□
□□□□□□□＿□□
00:07:40(13821f):field(13820f)
＿＿＿＿＿＿＿＿＿＿
＿＿＿＿＿＿＿＿＿＿
＿＿＿＿＿＿＿＿＿＿
＿＿＿＿＿＿＿＿＿＿
＿＿＿＿＿＿＿＿＿＿
＿＿＿＿＿＿＿＿＿＿
＿＿＿＿＿＿＿＿＿＿
＿＿＿＿＿＿＿＿＿＿
＿＿＿＿■＿＿＿＿＿
＿＿＿＿■＿＿＿＿＿
＿＿＿■■□＿＿＿＿
＿＿＿＿□□＿＿＿＿
＿＿＿□□□＿＿＿＿
＿＿□□□□＿＿＿＿
＿＿＿□□□＿＿＿＿
＿＿＿□□□＿＿＿＿
＿□□□□□＿＿＿＿
＿□□□□□□□□□
□□□□□□□＿□□
□□□□□□□＿□□
00:07:41(13837f):field(13836f)
＿＿＿＿＿＿＿＿＿＿
＿＿＿＿＿＿＿＿＿＿
＿＿＿＿＿＿＿＿＿＿
＿＿＿＿＿＿＿＿＿＿
＿＿＿＿＿＿＿＿＿＿
＿＿＿＿＿＿＿＿＿＿
＿＿＿＿＿＿＿＿＿＿
＿＿＿＿＿＿＿＿＿＿
＿＿＿＿□＿＿＿＿＿
＿＿＿＿□＿＿＿＿＿
＿＿＿□□□＿＿＿＿
＿＿＿＿□□＿＿＿＿
＿＿＿□□□＿＿＿＿
＿＿□□□□＿＿＿＿
＿■■□□□＿＿＿＿
＿■■□□□＿＿＿＿
＿□□□□□＿＿＿＿
＿□□□□□□□□□
□□□□□□□＿□□
□□□□□□□＿□□
00:07:42(13861f):field(13860f)
＿＿＿＿＿＿＿＿＿＿
＿＿＿＿＿＿＿＿＿＿
＿＿＿＿＿＿＿＿＿＿
＿＿＿＿＿＿＿＿＿＿
＿＿＿＿＿＿＿＿＿＿
＿＿＿＿＿＿＿＿＿＿
＿＿＿＿＿＿＿＿＿＿
＿＿＿＿＿＿＿＿＿＿
＿＿＿＿□＿＿＿＿＿
＿＿＿＿□＿＿＿＿＿
＿＿＿□□□＿＿＿＿
＿＿＿＿□□＿＿＿＿
＿＿＿□□□＿＿＿＿
＿＿□□□□＿＿＿＿
＿□□□□□■＿＿＿
＿□□□□□■＿＿＿
＿□□□□□■■＿＿
＿□□□□□□□□□
□□□□□□□＿□□
□□□□□□□＿□□
00:07:42(13878f):field(13877f)
＿＿＿＿＿＿＿＿＿＿
＿＿＿＿＿＿＿＿＿＿
＿＿＿＿＿＿＿＿＿＿
＿＿＿＿＿＿＿＿＿＿
＿＿＿＿＿＿＿＿＿＿
＿＿＿＿＿＿＿＿＿＿
＿＿＿＿＿＿＿＿＿＿
＿＿＿＿＿＿＿＿＿＿
＿＿＿＿□＿＿＿＿＿
＿＿＿＿□＿＿＿＿＿
＿＿＿□□□＿＿＿＿
＿＿＿＿□□＿＿＿＿
＿＿＿□□□＿＿＿＿
＿＿□□□□＿＿＿＿
＿□□□□□□■＿＿
＿□□□□□□■■＿
＿□□□□□□□■＿
＿□□□□□□□□□
□□□□□□□＿□□
□□□□□□□＿□□
00:07:43(13895f):field(13894f)
＿＿＿＿＿＿＿＿＿＿
＿＿＿＿＿＿＿＿＿＿
＿＿＿＿＿＿＿＿＿＿
＿＿＿＿＿＿＿＿＿＿
＿＿＿＿＿＿＿＿＿＿
＿＿＿＿＿＿＿＿＿＿
＿＿＿＿＿＿＿＿＿＿
＿＿＿＿＿＿＿＿＿＿
＿＿＿＿□＿＿＿＿＿
＿＿＿＿□＿＿＿＿＿
＿＿＿□□□＿＿＿＿
＿＿＿＿□□＿＿＿＿
＿■＿□□□＿＿＿＿
■■□□□□＿＿＿＿
■□□□□□□□＿＿
＿□□□□□□□□＿
＿□□□□□□□□＿
＿□□□□□□□□□
□□□□□□□＿□□
□□□□□□□＿□□
00:07:43(13915f):field(13914f)
＿＿＿＿＿＿＿＿＿＿
＿＿＿＿＿＿＿＿＿＿
＿＿＿＿＿＿＿＿＿＿
＿＿＿＿＿＿＿＿＿＿
＿＿＿＿＿＿＿＿＿＿
＿＿＿＿＿＿＿＿＿＿
＿＿＿＿＿＿＿＿＿＿
＿＿＿＿＿＿＿＿＿＿
＿＿＿＿□＿＿＿＿＿
＿＿＿＿□＿＿＿＿＿
＿＿＿□□□＿＿＿＿
＿＿＿＿□□＿＿＿＿
＿□＿□□□＿＿＿＿
□□□□□□■■■＿
□□□□□□□□■＿
＿□□□□□□□□＿
＿□□□□□□□□＿
＿□□□□□□□□□
□□□□□□□＿□□
□□□□□□□＿□□
00:07:44(13934f):field(13933f)
＿＿＿＿＿＿＿＿＿＿
＿＿＿＿＿＿＿＿＿＿
＿＿＿＿＿＿＿＿＿＿
＿＿＿＿＿＿＿＿＿＿
＿＿＿＿＿＿＿＿＿＿
＿＿＿＿＿＿＿＿＿＿
＿＿＿＿＿＿＿＿＿＿
＿＿＿＿＿＿■＿＿＿
＿＿＿＿□■■＿＿＿
＿＿＿＿□■＿＿＿＿
＿＿＿□□□＿＿＿＿
＿＿＿＿□□＿＿＿＿
＿□＿□□□＿＿＿＿
□□□□□□□□□＿
□□□□□□□□□＿
＿□□□□□□□□＿
＿□□□□□□□□＿
＿□□□□□□□□□
□□□□□□□＿□□
□□□□□□□＿□□
00:07:45(13951f):field(13950f)
＿＿＿＿＿＿＿＿＿＿
＿＿＿＿＿＿＿＿＿＿
＿＿＿＿＿＿＿＿＿＿
＿＿＿＿＿＿＿＿＿＿
＿＿＿＿＿＿＿＿＿＿
＿＿＿＿＿＿＿＿＿＿
＿＿＿＿＿＿＿＿＿＿
＿＿＿＿＿＿◆＿＿＿
＿＿＿＿◆◆◆＿＿＿
＿＿＿＿◆◆■＿＿＿
＿＿＿◆□□■＿＿＿
＿＿＿＿□□＿＿＿＿
＿◆＿□□□＿＿■＿
◆□◆□□□□◆◆■
◆□◆□□□□□◆＿
■□□□□□□□□■
＿□□□□□□□□■
＿□□□□□□□□□
□□□□□□□＿□□
□□□□□□□＿□□
00:07:45(13965f):field(13964f)
＿＿＿＿＿＿＿＿＿＿
＿＿＿＿＿＿＿＿＿＿
＿＿＿＿＿＿＿＿＿＿
＿＿＿＿＿＿＿＿＿＿
＿＿＿＿＿＿＿＿＿＿
＿＿＿＿＿＿＿＿＿＿
＿＿＿＿＿＿＿＿＿＿
＿＿＿＿■＿＿＿＿＿
＿＿＿＿■＿＿＿＿＿
＿＿＿＿■■□＿＿＿
＿＿＿＿□□□＿＿＿
＿＿＿＿□□＿＿＿＿
＿＿＿□□□＿＿◆＿
＿◆＿◆□□◆＿＿◆
＿□＿□□□◆◆＿＿
◆□□□□□□□□□
＿□□□□□□□□□
＿□□□□□□□□□
□□□□□□□＿□□
□□□□□□□＿□□
00:07:46(13983f):field(13982f)
＿＿＿＿＿＿＿＿＿＿
＿＿＿＿＿＿＿＿＿＿
＿＿＿＿＿＿＿＿＿＿
＿＿＿＿＿＿＿＿＿＿
＿＿＿＿＿＿＿＿＿＿
＿＿＿＿＿＿＿＿＿＿
＿＿＿＿＿＿＿＿＿＿
＿＿＿＿□＿＿＿＿＿
＿＿＿＿□＿＿＿＿＿
＿＿＿＿□□□＿＿＿
＿＿＿＿□□□＿＿＿
＿＿＿＿□□＿＿＿＿
＿＿＿□□□＿＿＿＿
＿■■■□□＿＿＿＿
＿□■□□□＿＿＿＿
＿□□□□□□□□□
＿□□□□□□□□□
＿□□□□□□□□□
□□□□□□□＿□□
□□□□□□□＿□□
00:07:46(14005f):field(14004f)
＿＿＿＿＿＿＿＿＿＿
＿＿＿＿＿＿＿＿＿＿
＿＿＿＿＿＿＿＿＿＿
＿＿＿＿＿＿＿＿＿＿
＿＿＿＿＿＿＿＿＿＿
＿＿＿＿＿＿＿＿＿＿
＿＿＿＿＿■＿＿＿＿
＿＿＿＿□■＿＿＿＿
＿＿＿＿□■■＿＿＿
＿＿＿＿□□□＿＿＿
＿＿＿＿□□□＿＿＿
＿＿＿＿□□＿＿＿＿
＿＿＿□□□＿＿＿＿
＿□□□□□＿＿＿＿
＿□□□□□＿＿＿＿
＿□□□□□□□□□
＿□□□□□□□□□
＿□□□□□□□□□
□□□□□□□＿□□
□□□□□□□＿□□
00:07:47(14022f):field(14021f)
＿＿＿＿＿＿＿＿＿＿
＿＿＿＿＿＿＿＿＿＿
＿＿＿＿＿＿＿＿＿＿
＿＿＿＿＿＿＿＿＿＿
＿＿＿＿＿＿＿＿＿＿
＿＿＿＿＿＿＿＿＿＿
＿＿＿＿＿□＿＿＿＿
＿＿＿＿□□＿＿＿＿
＿＿＿＿□□□＿＿＿
＿＿＿＿□□□＿＿＿
＿＿＿＿□□□＿＿＿
＿＿■■□□＿＿＿＿
＿■■□□□＿＿＿＿
＿□□□□□＿＿＿＿
＿□□□□□＿＿＿＿
＿□□□□□□□□□
＿□□□□□□□□□
＿□□□□□□□□□
□□□□□□□＿□□
□□□□□□□＿□□
00:07:47(14039f):field(14038f)
＿＿＿＿＿＿＿＿＿＿
＿＿＿＿＿＿＿＿＿＿
＿＿＿＿＿＿＿＿＿＿
＿＿＿＿＿＿＿＿＿＿
＿＿＿＿＿＿＿＿＿＿
＿＿＿＿＿＿＿＿＿＿
＿＿＿＿＿◆＿＿＿＿
＿＿＿＿◆◆＿＿＿＿
＿＿＿＿◆◆◆＿＿＿
＿＿＿＿◆□◆＿＿＿
＿＿＿＿□□◆＿＿＿
＿＿◆◆□□■＿＿＿
＿◆◆◆□□■＿＿＿
＿◆◆◆□□■＿＿＿
■◆□□□□＿＿＿＿
＿□□□□□◆◆◆◆
＿□□□□□□◆◆◆
■□□□□□□□◆□
□□□□□□□■□□
□□□□□□□＿□□
00:07:48(14054f):field(14053f)
＿＿＿＿＿＿＿＿＿＿
＿＿＿＿＿＿＿＿＿＿
＿＿＿＿＿＿＿＿＿＿
＿＿＿＿＿＿＿＿＿＿
＿＿＿＿＿＿＿＿＿＿
＿＿＿＿＿＿＿＿＿＿
＿＿＿＿＿＿＿＿＿＿
＿＿＿＿＿＿＿＿＿＿
＿＿＿＿＿＿＿＿＿＿
＿＿＿＿＿□＿＿＿＿
＿＿＿＿□□＿＿＿＿
＿＿＿＿□□□＿＿＿
＿＿＿＿□□□＿＿＿
＿■＿＿□□□＿＿＿
□■□□□□＿＿＿＿
■□□□□□＿＿＿＿
＿□□□□□◆＿＿＿
□□□□□□◆◆＿◆
□□□□□□□◆□□
□□□□□□□＿□□
00:07:48(14069f):field(14068f)
＿＿＿＿＿＿＿＿＿＿
＿＿＿＿＿＿＿＿＿＿
＿＿＿＿＿＿＿＿＿＿
＿＿＿＿＿＿＿＿＿＿
＿＿＿＿＿＿＿＿＿＿
＿＿＿＿＿＿＿＿＿＿
＿＿＿＿＿＿＿＿＿＿
＿＿＿＿＿＿＿＿＿＿
＿＿＿＿＿＿＿＿＿＿
＿＿＿＿＿□＿＿＿＿
＿＿＿＿□□＿＿＿＿
＿＿＿■□□□＿＿＿
＿＿＿■□□□＿＿＿
＿□■■□□□＿＿＿
□□□□□□＿＿＿＿
□□□□□□＿＿＿＿
＿□□□□□＿＿＿＿
□□□□□□＿＿＿＿
□□□□□□□＿□□
□□□□□□□＿□□
00:07:49(14093f):field(14092f)
＿＿＿＿＿＿＿＿＿＿
＿＿＿＿＿＿＿＿＿＿
＿＿＿＿＿＿＿＿＿＿
＿＿＿＿＿＿＿＿＿＿
＿＿＿＿＿＿＿＿＿＿
＿＿＿＿＿＿＿＿＿＿
＿＿＿＿＿＿＿＿＿＿
＿＿＿＿＿＿＿＿＿＿
＿＿＿＿＿＿＿＿＿＿
＿＿＿＿＿◆＿＿＿＿
＿＿＿＿◆◆＿＿＿＿
＿＿＿◆◆□◆＿＿＿
＿＿＿◆□□◆＿＿＿
＿◆◆□□□□＿＿＿
◆◆◆□□□■＿＿＿
◆□□□□□■＿＿＿
■□□□□□＿＿＿＿
□□□□□□＿＿＿＿
◆□□□□□□＿□◆
□□□□□□□■◆◆
00:07:50(14112f):field(14111f)
＿＿＿＿＿＿＿＿＿＿
＿＿＿＿＿＿＿＿＿＿
＿＿＿＿＿＿＿＿＿＿
＿＿＿＿＿＿＿＿＿＿
＿＿＿＿＿＿＿＿＿＿
＿＿＿＿＿＿＿＿＿＿
＿＿＿＿＿＿＿＿＿＿
＿＿＿＿＿＿＿＿＿＿
＿＿＿＿＿＿＿＿＿＿
＿＿＿＿＿＿＿＿＿＿
＿＿＿＿＿＿＿＿＿＿
＿＿＿＿＿◆＿＿＿＿
＿＿＿＿◆□＿＿＿＿
＿＿＿◆□□◆＿＿＿
＿＿＿□□□□＿＿＿
＿◆◆□□□□＿＿＿
◆□□□□□■＿＿＿
□□□□□□＿＿＿＿
■□□□□□◆＿◆＿
◆□□□□□◆◆■■
00:07:50(14127f):field(14126f)
＿＿＿＿＿＿＿＿＿＿
＿＿＿＿＿＿＿＿＿＿
＿＿＿＿＿＿＿＿＿＿
＿＿＿＿＿＿＿＿＿＿
＿＿＿＿＿＿＿＿＿＿
＿＿＿＿＿＿＿＿＿＿
＿＿＿＿＿＿＿＿＿＿
＿＿＿＿＿＿＿＿＿＿
＿＿＿＿＿＿＿＿＿＿
＿＿＿＿＿＿＿＿＿＿
＿＿＿＿＿＿＿＿＿＿
＿＿＿＿＿＿＿＿＿＿
＿＿＿＿＿□＿＿＿＿
＿＿＿＿□□＿＿＿＿
■＿＿□□□□＿＿＿
■■＿□□□□＿＿＿
■□□□□□□＿＿＿
□□□□□□＿＿＿＿
□□□□□□＿＿＿＿
＿□□□□□＿＿□□
00:07:51(14141f):field(14140f)
＿＿＿＿＿＿＿＿＿＿
＿＿＿＿＿＿＿＿＿＿
＿＿＿＿＿＿＿＿＿＿
＿＿＿＿＿＿＿＿＿＿
＿＿＿＿＿＿＿＿＿＿
＿＿＿＿＿＿＿＿＿＿
＿＿＿＿＿＿＿＿＿＿
＿＿＿＿＿＿＿＿＿＿
＿＿＿＿＿＿＿＿＿＿
＿＿＿＿＿＿＿＿＿＿
＿＿＿＿＿＿＿＿＿＿
＿＿＿＿＿＿＿＿＿＿
＿＿＿＿＿□＿＿＿＿
＿■＿＿□□＿＿＿＿
□■■□□□□＿＿＿
□□■□□□□＿＿＿
□□□□□□□＿＿＿
□□□□□□＿＿＿＿
□□□□□□＿＿＿＿
＿□□□□□＿＿□□
00:07:52(14161f):field(14160f)
＿＿＿＿＿＿＿＿＿＿
＿＿＿＿＿＿＿＿＿＿
＿＿＿＿＿＿＿＿＿＿
＿＿＿＿＿＿＿＿＿＿
＿＿＿＿＿＿＿＿＿＿
＿＿＿＿＿＿＿＿＿＿
＿＿＿＿＿＿＿＿＿＿
＿＿＿＿＿＿＿＿＿＿
＿＿＿＿＿＿＿＿＿＿
＿＿＿＿＿＿＿＿＿＿
＿＿＿＿＿＿＿＿＿＿
＿＿＿＿■■■＿＿＿
＿＿＿＿＿□■＿＿＿
＿□＿＿□□＿＿＿＿
□□□□□□□＿＿＿
□□□□□□□＿＿＿
□□□□□□□＿＿＿
□□□□□□＿＿＿＿
□□□□□□＿＿＿＿
＿□□□□□＿＿□□
00:07:52(14181f):field(14180f)
＿＿＿＿＿＿＿＿＿＿
＿＿＿＿＿＿＿＿＿＿
＿＿＿＿＿＿＿＿＿＿
＿＿＿＿＿＿＿＿＿＿
＿＿＿＿＿＿＿＿＿＿
＿＿＿＿＿＿＿＿＿＿
＿＿＿＿＿＿＿＿＿＿
＿＿＿＿＿＿＿＿＿＿
＿＿＿＿＿＿＿＿＿＿
＿＿＿＿＿＿＿＿＿＿
＿＿＿＿＿＿＿＿＿＿
＿＿＿■□□□＿＿＿
＿＿＿■■□□＿＿＿
＿□＿■□□＿＿＿＿
□□□□□□□＿＿＿
□□□□□□□＿＿＿
□□□□□□□＿＿＿
□□□□□□＿＿＿＿
□□□□□□＿＿＿＿
＿□□□□□＿＿□□
00:07:53(14196f):field(14195f)
＿＿＿＿＿＿＿＿＿＿
＿＿＿＿＿＿＿＿＿＿
＿＿＿＿＿＿＿＿＿＿
＿＿＿＿＿＿＿＿＿＿
＿＿＿＿＿＿＿＿＿＿
＿＿＿＿＿＿＿＿＿＿
＿＿＿＿＿＿＿＿＿＿
＿＿＿＿＿＿＿＿＿＿
＿＿＿＿＿＿＿＿＿＿
＿＿＿＿＿＿＿＿＿＿
＿＿■＿＿＿＿＿＿＿
＿＿■□□□□＿＿＿
＿＿■□□□□＿＿＿
＿□■□□□＿＿＿＿
□□□□□□□＿＿＿
□□□□□□□＿＿＿
□□□□□□□＿＿＿
□□□□□□＿＿＿＿
□□□□□□＿＿＿＿
＿□□□□□＿＿□□
00:07:53(14214f):field(14213f)
＿＿＿＿＿＿＿＿＿＿
＿＿＿＿＿＿＿＿＿＿
＿＿＿＿＿＿＿＿＿＿
＿＿＿＿＿＿＿＿＿＿
＿＿＿＿＿＿＿＿＿＿
＿＿＿＿＿＿＿＿＿＿
＿＿＿＿＿＿＿＿＿＿
＿＿＿＿＿＿＿＿＿＿
＿＿＿＿＿＿＿＿＿＿
＿＿＿＿＿＿＿＿＿＿
＿＿□＿＿＿＿＿＿＿
＿＿□□□□□＿＿＿
＿＿□□□□□＿＿＿
＿□□□□□＿＿＿＿
□□□□□□□＿＿＿
□□□□□□□＿＿＿
□□□□□□□＿＿＿
□□□□□□■＿＿＿
□□□□□□■＿＿＿
＿□□□□□■■□□
00:07:54(14226f):field(14225f)
＿＿＿＿＿＿＿＿＿＿
＿＿＿＿＿＿＿＿＿＿
＿＿＿＿＿＿＿＿＿＿
＿＿＿＿＿＿＿＿＿＿
＿＿＿＿＿＿＿＿＿＿
＿＿＿＿＿＿＿＿＿＿
＿＿＿＿＿＿＿＿＿＿
＿＿＿＿＿＿＿＿＿＿
＿＿■＿＿＿＿＿＿＿
＿＿■■＿＿＿＿＿＿
＿＿□■＿＿＿＿＿＿
＿＿□□□□□＿＿＿
＿＿□□□□□＿＿＿
＿□□□□□＿＿＿＿
□□□□□□□＿＿＿
□□□□□□□＿＿＿
□□□□□□□＿＿＿
□□□□□□□＿＿＿
□□□□□□□＿＿＿
＿□□□□□□□□□
00:07:54(14240f):field(14239f)
＿＿＿＿＿＿＿＿＿＿
＿＿＿＿＿＿＿＿＿＿
＿＿＿＿＿＿＿＿＿＿
＿＿＿＿＿＿＿＿＿＿
＿＿＿＿＿＿＿＿＿＿
＿＿＿＿＿＿＿＿＿＿
＿＿＿＿＿＿＿＿＿＿
＿＿＿＿＿＿＿＿＿＿
＿＿□＿＿■＿＿＿＿
＿＿□□■■＿＿＿＿
＿＿□□■＿＿＿＿＿
＿＿□□□□□＿＿＿
＿＿□□□□□＿＿＿
＿□□□□□＿＿＿＿
□□□□□□□＿＿＿
□□□□□□□＿＿＿
□□□□□□□＿＿＿
□□□□□□□＿＿＿
□□□□□□□＿＿＿
＿□□□□□□□□□
00:07:55(14254f):field(14253f)
＿＿＿＿＿＿＿＿＿＿
＿＿＿＿＿＿＿＿＿＿
＿＿＿＿＿＿＿＿＿＿
＿＿＿＿＿＿＿＿＿＿
＿＿＿＿＿＿＿＿＿＿
＿＿＿＿＿＿＿＿＿＿
＿＿＿＿■＿＿＿＿＿
＿＿＿＿■■＿＿＿＿
＿＿□＿■□＿＿＿＿
＿＿□□□□＿＿＿＿
＿＿□□□＿＿＿＿＿
＿＿□□□□□＿＿＿
＿＿□□□□□＿＿＿
＿□□□□□＿＿＿＿
□□□□□□□＿＿＿
□□□□□□□＿＿＿
□□□□□□□＿＿＿
□□□□□□□＿＿＿
□□□□□□□＿＿＿
＿□□□□□□□□□
00:07:56(14280f):field(14279f)
＿＿＿＿＿＿＿＿＿＿
＿＿＿＿＿＿＿＿＿＿
＿＿＿＿＿＿＿＿＿＿
＿＿＿＿＿＿＿＿＿＿
＿＿＿＿＿＿＿＿＿＿
＿＿＿＿＿＿＿＿＿＿
＿＿＿＿◆＿＿＿＿＿
＿＿＿＿□◆＿＿＿＿
＿＿◆＿□□＿＿＿＿
＿＿□◆□□＿＿＿＿
＿＿□□□■＿＿＿＿
＿＿□□□◆◆＿＿＿
＿＿□□□□□＿＿＿
＿◆□□□□■＿＿＿
◆□□□□□◆＿＿＿
□□□□□□□＿＿＿
□□□□□□□＿＿＿
□□□□□□□＿＿＿
□□□□□□□■■＿
＿□□□□□□□□□
00:07:56(14300f):field(14299f)
＿＿＿＿＿＿＿＿＿＿
＿＿＿＿＿＿＿＿＿＿
＿＿＿＿＿＿＿＿＿＿
＿＿＿＿＿＿＿＿＿＿
＿＿＿＿＿＿＿＿＿＿
＿＿＿＿＿＿＿＿＿＿
＿＿＿＿＿＿＿＿＿＿
＿＿＿＿◆＿＿＿＿＿
＿＿＿＿□◆＿＿＿＿
＿＿◆＿□□＿＿＿＿
＿＿□◆□□＿＿＿＿
＿＿□□□■＿＿＿＿
＿＿□□□◆◆＿＿＿
＿＿□□□□□＿＿＿
＿◆□□□□■＿＿＿
◆□□□□□◆＿＿＿
□□□□□□□＿＿＿
□□□□□□□■■＿
□□□□□□□◆□＿
■□□□□□□□□□
00:07:57(14313f):field(14312f)
＿＿＿＿＿＿＿＿＿＿
＿＿＿＿＿＿＿＿＿＿
＿＿＿＿＿＿＿＿＿＿
＿＿＿＿＿＿＿＿＿＿
＿＿＿＿＿＿＿＿＿＿
＿＿＿＿＿＿＿＿＿＿
＿＿＿＿＿＿＿＿＿＿
＿＿＿＿＿＿＿＿＿＿
＿＿＿＿□＿＿＿＿＿
＿＿＿＿□□＿＿＿＿
＿＿□＿□□＿＿＿＿
＿＿□□□□＿＿＿＿
＿＿□□□＿＿＿＿＿
＿＿□□□□□＿＿＿
＿＿□□□□□＿＿＿
＿□□□□□＿■＿＿
□□□□□□□■＿＿
□□□□□□□□□＿
□□□□□□□■□＿
◆□□□□□□□□□
00:07:57(14328f):field(14327f)
＿＿＿＿＿＿＿＿＿＿
＿＿＿＿＿＿＿＿＿＿
＿＿＿＿＿＿＿＿＿＿
＿＿＿＿＿＿＿＿＿＿
＿＿＿＿＿＿＿＿＿＿
＿＿＿＿＿＿＿＿＿＿
＿＿＿＿＿＿＿＿＿＿
＿＿＿＿＿＿＿＿＿＿
＿＿＿＿◆＿＿＿＿＿
＿＿＿＿□◆＿＿＿＿
＿＿◆＿□□＿＿＿＿
＿＿□◆□□＿＿＿＿
＿＿□□□■＿＿＿＿
＿＿□□□◆◆＿＿＿
＿＿□□□□□＿＿＿
＿◆□□□□■◆＿＿
◆□□□□□◆□■■
□□□□□□□□□＿
□□□□□□□□□＿
＿□□□□□□□□□
00:07:58(14345f):field(14344f)
＿＿＿＿＿＿＿＿＿＿
＿＿＿＿＿＿＿＿＿＿
＿＿＿＿＿＿＿＿＿＿
＿＿＿＿＿＿＿＿＿＿
＿＿＿＿＿＿＿＿＿＿
＿＿＿＿＿＿＿＿＿＿
＿＿＿＿＿＿＿＿＿＿
＿＿＿＿＿＿＿＿＿＿
＿＿＿＿＿＿＿＿＿＿
＿＿＿＿□＿＿＿＿＿
＿＿＿＿□□＿＿＿＿
＿＿□＿□□＿＿＿＿
＿＿□□□□＿＿＿＿
＿＿□□□＿＿＿＿＿
＿■□□□□□＿＿＿
■■□□□□□＿＿＿
■□□□□□＿□□□
□□□□□□□□□＿
□□□□□□□□□＿
＿□□□□□□□□□
00:07:58(14361f):field(14360f)
＿＿＿＿＿＿＿＿＿＿
＿＿＿＿＿＿＿＿＿＿
＿＿＿＿＿＿＿＿＿＿
＿＿＿＿＿＿＿＿＿＿
＿＿＿＿＿＿＿＿＿＿
＿＿＿＿＿＿＿＿＿＿
＿＿＿＿＿＿＿＿＿＿
＿＿＿＿＿＿＿＿＿＿
＿＿＿＿＿＿＿＿＿＿
＿＿＿＿□＿＿＿＿＿
＿＿＿＿□□＿＿＿＿
＿＿□＿□□＿＿＿＿
■＿□□□□＿＿＿＿
■■□□□＿＿＿＿＿
■□□□□□□＿＿＿
□□□□□□□＿＿＿
□□□□□□＿□□□
□□□□□□□□□＿
□□□□□□□□□＿
＿□□□□□□□□□
00:07:59(14378f):field(14377f)
＿＿＿＿＿＿＿＿＿＿
＿＿＿＿＿＿＿＿＿＿
＿＿＿＿＿＿＿＿＿＿
＿＿＿＿＿＿＿＿＿＿
＿＿＿＿＿＿＿＿＿＿
＿＿＿＿＿＿＿＿＿＿
＿＿＿＿＿＿＿＿＿＿
＿＿＿＿＿＿＿＿＿＿
＿＿＿＿＿＿＿＿＿＿
＿＿＿＿◆＿＿＿＿＿
＿＿＿＿□◆＿＿＿＿
＿＿◆＿□□＿＿＿＿
◆＿□◆□□＿＿＿＿
□◆□□□■＿＿＿＿
□□□□□□◆■＿＿
□□□□□□□＿＿■
□□□□□□■□□□
□□□□□□□□□＿
□□□□□□□□□＿
＿□□□□□□□□□
00:07:59(14394f):field(14393f)
＿＿＿＿＿＿＿＿＿＿
＿＿＿＿＿＿＿＿＿＿
＿＿＿＿＿＿＿＿＿＿
＿＿＿＿＿＿＿＿＿＿
＿＿＿＿＿＿＿＿＿＿
＿＿＿＿＿＿＿＿＿＿
＿＿＿＿＿＿＿＿＿＿
＿＿＿＿＿＿＿＿＿＿
＿＿＿＿＿＿＿＿＿＿
＿＿＿＿＿＿＿＿＿＿
＿＿＿＿□＿＿＿＿＿
■＿＿＿□□＿＿＿＿
■■□＿□□＿＿＿＿
□■□□□□＿＿＿＿
□□□□□◆＿◆＿＿
□□□□□□□＿＿□
□□□□□□◆□□□
□□□□□□□□□＿
□□□□□□□□□＿
＿□□□□□□□□□
00:08:00(14412f):field(14411f)
＿＿＿＿＿＿＿＿＿＿
＿＿＿＿＿＿＿＿＿＿
＿＿＿＿＿＿＿＿＿＿
＿＿＿＿＿＿＿＿＿＿
＿＿＿＿＿＿＿＿＿＿
＿＿＿＿＿＿＿＿＿＿
＿＿＿＿＿＿＿＿＿＿
＿＿＿＿＿＿＿＿＿＿
＿＿＿＿＿＿＿＿＿＿
＿＿＿■＿＿＿＿＿＿
＿＿＿■□＿＿＿＿＿
□＿＿■□□＿＿＿＿
□□□■□□＿＿＿＿
□□□□□□＿＿＿＿
□□□□□＿＿＿＿＿
□□□□□□□＿＿□
□□□□□□＿□□□
□□□□□□□□□＿
□□□□□□□□□＿
＿□□□□□□□□□
00:08:00(14427f):field(14426f)
＿＿＿＿＿＿＿＿＿＿
＿＿＿＿＿＿＿＿＿＿
＿＿＿＿＿＿＿＿＿＿
＿＿＿＿＿＿＿＿＿＿
＿＿＿＿＿＿＿＿＿＿
＿＿＿＿＿＿＿＿＿＿
＿＿＿＿＿＿＿＿＿＿
＿＿＿＿＿＿＿＿＿＿
＿＿＿＿＿＿＿＿＿＿
＿＿＿□＿＿＿＿＿＿
＿＿＿□□＿＿＿＿＿
□＿＿□□□＿＿＿＿
□□□□□□＿＿＿＿
□□□□□□＿＿＿■
□□□□□＿＿＿■■
□□□□□□□＿■□
□□□□□□＿□□□
□□□□□□□□□＿
□□□□□□□□□＿
＿□□□□□□□□□
00:08:01(14445f):field(14444f)
＿＿＿＿＿＿＿＿＿＿
＿＿＿＿＿＿＿＿＿＿
＿＿＿＿＿＿＿＿＿＿
＿＿＿＿＿＿＿＿＿＿
＿＿＿＿＿＿＿＿＿＿
＿＿＿＿＿＿＿＿＿＿
＿＿＿＿＿＿＿＿＿＿
＿＿＿＿＿＿＿＿＿＿
＿＿＿＿＿＿＿＿＿＿
＿＿＿□＿＿＿＿＿＿
＿＿＿□□＿＿＿＿＿
□＿＿□□□＿＿＿＿
□□□□□□■＿＿＿
□□□□□□■＿＿□
□□□□□■■＿□□
□□□□□□□＿□□
□□□□□□＿□□□
□□□□□□□□□＿
□□□□□□□□□＿
＿□□□□□□□□□
00:08:02(14465f):field(14464f)
＿＿＿＿＿＿＿＿＿＿
＿＿＿＿＿＿＿＿＿＿
＿＿＿＿＿＿＿＿＿＿
＿＿＿＿＿＿＿＿＿＿
＿＿＿＿＿＿＿＿＿＿
＿＿＿＿＿＿＿＿＿＿
＿＿＿＿＿＿＿＿＿＿
＿＿＿＿＿＿＿＿＿＿
＿＿＿＿＿＿＿＿＿＿
＿＿＿□＿＿＿＿＿＿
＿＿＿□□＿＿＿＿＿
□＿＿□□□＿■■＿
□□□□□□□＿■＿
□□□□□□□＿■□
□□□□□□□＿□□
□□□□□□□＿□□
□□□□□□＿□□□
□□□□□□□□□＿
□□□□□□□□□＿
＿□□□□□□□□□
00:08:02(14485f):field(14484f)
＿＿＿＿＿＿＿＿＿＿
＿＿＿＿＿＿＿＿＿＿
＿＿＿＿＿＿＿＿＿＿
＿＿＿＿＿＿＿＿＿＿
＿＿＿＿＿＿＿＿＿＿
＿＿＿＿＿＿＿＿＿＿
＿＿＿＿＿＿＿＿＿＿
＿＿＿＿＿＿＿＿＿＿
＿＿＿＿＿＿＿＿＿＿
＿＿＿□＿＿■＿＿＿
＿＿＿□□■■＿＿＿
□＿＿□□□■□□＿
□□□□□□□＿□＿
□□□□□□□＿□□
□□□□□□□＿□□
□□□□□□□＿□□
□□□□□□＿□□□
□□□□□□□□□＿
□□□□□□□□□＿
＿□□□□□□□□□
00:08:03(14499f):field(14498f)
＿＿＿＿＿＿＿＿＿＿
＿＿＿＿＿＿＿＿＿＿
＿＿＿＿＿＿＿＿＿＿
＿＿＿＿＿＿＿＿＿＿
＿＿＿＿＿＿＿＿＿＿
＿＿＿＿＿＿＿＿＿＿
＿＿＿＿＿＿＿＿＿＿
＿＿＿＿＿＿＿＿＿＿
＿＿＿＿＿＿＿＿＿＿
＿＿＿□＿＿□＿＿■
＿＿＿□□□□＿＿■
□＿＿□□□□□□■
□□□□□□□＿□■
□□□□□□□＿□□
□□□□□□□＿□□
□□□□□□□＿□□
□□□□□□＿□□□
□□□□□□□□□＿
□□□□□□□□□＿
＿□□□□□□□□□
00:08:03(14511f):field(14510f)
＿＿＿＿＿＿＿＿＿＿
＿＿＿＿＿＿＿＿＿＿
＿＿＿＿＿＿＿＿＿＿
＿＿＿＿＿＿＿＿＿＿
＿＿＿＿＿＿＿＿＿＿
＿＿＿＿＿＿＿＿＿＿
＿＿＿＿＿＿＿＿＿＿
＿＿＿＿＿＿＿＿＿＿
＿＿＿＿＿■■＿＿＿
＿＿＿□■■□＿＿□
＿＿＿□□□□＿＿□
□＿＿□□□□□□□
□□□□□□□＿□□
□□□□□□□＿□□
□□□□□□□＿□□
□□□□□□□＿□□
□□□□□□＿□□□
□□□□□□□□□＿
□□□□□□□□□＿
＿□□□□□□□□□
00:08:04(14525f):field(14524f)
＿＿＿＿＿＿＿＿＿＿
＿＿＿＿＿＿＿＿＿＿
＿＿＿＿＿＿＿＿＿＿
＿＿＿＿＿＿＿＿＿＿
＿＿＿＿＿＿＿＿＿＿
＿＿＿＿＿＿＿＿＿＿
＿＿＿＿＿＿＿＿＿＿
＿＿＿＿＿＿＿＿＿＿
＿＿＿＿＿◆◆＿＿＿
＿＿＿◆◆□□＿＿◆
■＿■□□□□＿＿□
◆■■□□□□◆◆□
□□□□□□□＿□□
□□□□□□□■□□
□□□□□□□＿□□
□□□□□□□＿□□
□□□□□□＿□□□
□□□□□□□□□＿
□□□□□□□□□＿
＿□□□□□□□□□
00:08:04(14539f):field(14538f)
＿＿＿＿＿＿＿＿＿＿
＿＿＿＿＿＿＿＿＿＿
＿＿＿＿＿＿＿＿＿＿
＿＿＿＿＿＿＿＿＿＿
＿＿＿＿＿＿＿＿＿＿
＿＿＿＿＿＿＿＿＿＿
＿＿＿＿＿＿＿＿＿＿
＿＿＿＿＿＿＿＿＿＿
＿＿＿＿＿＿＿＿＿＿
＿■＿＿＿□□＿＿＿
□■◆□□□□＿＿□
■□□□□□□＿＿□
□□□□□□□＿□□
□□□□□□□◆□□
□□□□□□□＿□□
□□□□□□□＿□□
□□□□□□＿□□□
□□□□□□□□□＿
□□□□□□□□□＿
＿□□□□□□□□□
00:08:05(14553f):field(14552f)
＿＿＿＿＿＿＿＿＿＿
＿＿＿＿＿＿＿＿＿＿
＿＿＿＿＿＿＿＿＿＿
＿＿＿＿＿＿＿＿＿＿
＿＿＿＿＿＿＿＿＿＿
＿＿＿＿＿＿＿＿＿＿
＿＿＿＿＿＿＿＿＿＿
＿＿＿＿＿＿＿＿＿＿
＿＿＿＿＿＿＿＿＿＿
＿□■■■□□＿＿＿
□□■□□□□＿＿□
□□□□□□□＿＿□
□□□□□□□＿□□
□□□□□□□＿□□
□□□□□□□＿□□
□□□□□□□＿□□
□□□□□□＿□□□
□□□□□□□□□＿
□□□□□□□□□＿
＿□□□□□□□□□
00:08:05(14568f):field(14567f)
＿＿＿＿＿＿＿＿＿＿
＿＿＿＿＿＿＿＿＿＿
＿＿＿＿＿＿＿＿＿＿
＿＿＿＿＿＿＿＿＿＿
＿＿＿＿＿＿＿＿＿＿
＿＿＿＿＿＿＿＿＿＿
＿＿＿＿＿＿＿＿＿＿
＿＿＿＿＿＿＿＿＿＿
＿＿＿＿＿＿＿＿＿＿
＿◆◆◆◆◆◆＿＿＿
◆◆◆◆◆◆◆＿＿◆
◆□◆◆◆◆◆＿＿□
□◆□◆◆◆□＿□◆
□□□□□□□■□◆
□□□□□□□＿□□
□□□□□□□■◆□
□□□□□□■□□□
□□□□□□□□□＿
□□□□□□□□□＿
＿□□□□□□□□□
00:08:06(14584f):field(14583f)
＿＿＿＿＿＿＿＿＿＿
＿＿＿＿＿＿＿＿＿＿
＿＿＿＿＿＿＿＿＿＿
＿＿＿＿＿＿＿＿＿＿
＿＿＿＿＿＿＿＿＿＿
＿＿＿＿＿＿＿＿＿＿
＿＿＿＿＿＿＿＿＿＿
＿＿＿＿＿＿＿＿＿＿
＿＿＿＿＿＿＿＿＿＿
＿＿＿＿＿＿＿＿＿＿
＿＿＿＿＿＿＿＿＿＿
■◆＿＿＿＿＿＿＿◆
□■◆＿＿＿◆＿◆＿
□□□□□□□◆◆＿
□□□□□□□＿◆□
□□□□□□□◆＿□
□□□□□□◆□□□
□□□□□□□□□＿
□□□□□□□□□＿
＿□□□□□□□□□
00:08:06(14599f):field(14598f)
＿＿＿＿＿＿＿＿＿＿
＿＿＿＿＿＿＿＿＿＿
＿＿＿＿＿＿＿＿＿＿
＿＿＿＿＿＿＿＿＿＿
＿＿＿＿＿＿＿＿＿＿
＿＿＿＿＿＿＿＿＿＿
＿＿＿＿＿＿＿＿＿＿
＿＿＿＿＿＿＿＿＿＿
＿＿＿＿＿＿＿＿＿＿
＿＿＿＿＿＿＿＿＿＿
＿＿＿＿＿＿＿＿＿＿
□＿■＿＿＿＿＿＿＿
□□■■■＿＿＿＿＿
□□□□□□□＿＿＿
□□□□□□□＿＿□
□□□□□□□＿＿□
□□□□□□＿□□□
□□□□□□□□□＿
□□□□□□□□□＿
＿□□□□□□□□□
00:08:07(14617f):field(14616f)
＿＿＿＿＿＿＿＿＿＿
＿＿＿＿＿＿＿＿＿＿
＿＿＿＿＿＿＿＿＿＿
＿＿＿＿＿＿＿＿＿＿
＿＿＿＿＿＿＿＿＿＿
＿＿＿＿＿＿＿＿＿＿
＿＿＿＿＿＿＿＿＿＿
＿＿＿＿＿＿＿＿＿＿
＿＿＿＿＿＿＿＿＿＿
＿＿■＿＿＿＿＿＿＿
＿＿■■＿＿＿＿＿＿
□＿□■＿＿＿＿＿＿
□□□□□＿＿＿＿＿
□□□□□□□＿＿＿
□□□□□□□＿＿□
□□□□□□□＿＿□
□□□□□□＿□□□
□□□□□□□□□＿
□□□□□□□□□＿
＿□□□□□□□□□
00:08:07(14629f):field(14628f)
＿＿＿＿＿＿＿＿＿＿
＿＿＿＿＿＿＿＿＿＿
＿＿＿＿＿＿＿＿＿＿
＿＿＿＿＿＿＿＿＿＿
＿＿＿＿＿＿＿＿＿＿
＿＿＿＿＿＿＿＿＿＿
＿＿＿＿＿＿＿＿＿＿
＿＿＿＿＿＿＿＿＿＿
＿＿＿＿＿＿＿＿＿＿
＿＿□＿＿＿＿＿＿＿
＿＿□□＿＿＿＿＿＿
□＿□□■■＿＿＿＿
□□□□□■■＿＿＿
□□□□□□□＿＿＿
□□□□□□□＿＿□
□□□□□□□＿＿□
□□□□□□＿□□□
□□□□□□□□□＿
□□□□□□□□□＿
＿□□□□□□□□□
00:08:08(14645f):field(14644f)
＿＿＿＿＿＿＿＿＿＿
＿＿＿＿＿＿＿＿＿＿
＿＿＿＿＿＿＿＿＿＿
＿＿＿＿＿＿＿＿＿＿
＿＿＿＿＿＿＿＿＿＿
＿＿＿＿＿＿＿＿＿＿
＿＿＿＿＿＿＿＿＿＿
＿＿＿＿＿＿＿＿＿＿
＿＿＿＿＿＿＿＿＿＿
＿＿◆＿＿＿＿＿＿＿
＿＿□◆＿＿＿＿＿＿
◆＿□□◆◆＿＿＿＿
□◆□□□□◆＿＿＿
□□□□□□□＿＿＿
□□□□□□□■＿◆
□□□□□□□■＿□
□□□□□□■□□□
□□□□□□□□□＿
□□□□□□□□□＿
＿□□□□□□□□□
00:08:08(14660f):field(14659f)
＿＿＿＿＿＿＿＿＿＿
＿＿＿＿＿＿＿＿＿＿
＿＿＿＿＿＿＿＿＿＿
＿＿＿＿＿＿＿＿＿＿
＿＿＿＿＿＿＿＿＿＿
＿＿＿＿＿＿＿＿＿＿
＿＿＿＿＿＿＿＿＿＿
＿＿＿＿＿＿＿＿＿＿
＿＿＿＿＿＿＿＿＿＿
＿＿＿＿＿＿＿＿＿＿
＿＿◆＿＿＿＿＿＿＿
＿＿□◆＿＿＿＿＿＿
◆＿□□◆◆＿＿＿＿
□◆□□□□◆＿■＿
□□□□□□□◆■＿
□□□□□□□□■◆
□□□□□□□□□□
□□□□□□□□□＿
□□□□□□□□□＿
＿□□□□□□□□□
00:08:09(14672f):field(14671f)
＿＿＿＿＿＿＿＿＿＿
＿＿＿＿＿＿＿＿＿＿
＿＿＿＿＿＿＿＿＿＿
＿＿＿＿＿＿＿＿＿＿
＿＿＿＿＿＿＿＿＿＿
＿＿＿＿＿＿＿＿＿＿
＿＿＿＿＿＿＿＿＿＿
＿＿＿＿＿＿＿＿＿＿
＿＿＿＿＿＿＿＿＿＿
＿＿＿＿＿＿＿＿＿＿
＿＿＿＿＿＿＿＿＿＿
＿＿□＿＿＿＿＿＿＿
＿＿□□＿＿＿■＿＿
□＿□□□□■■□＿
□□□□□□□■□＿
□□□□□□□□□＿
□□□□□□◆□□□
□□□□□□□□□＿
□□□□□□□□□＿
＿□□□□□□□□□
00:08:09(14685f):field(14684f)
＿＿＿＿＿＿＿＿＿＿
＿＿＿＿＿＿＿＿＿＿
＿＿＿＿＿＿＿＿＿＿
＿＿＿＿＿＿＿＿＿＿
＿＿＿＿＿＿＿＿＿＿
＿＿＿＿＿＿＿＿＿＿
＿＿＿＿＿＿＿＿＿＿
＿＿＿＿＿＿＿＿＿＿
＿＿＿＿＿＿＿＿＿＿
＿＿＿＿＿＿＿＿＿＿
＿＿＿＿＿＿＿＿＿＿
＿＿□＿＿■■＿＿＿
＿＿□□＿■■□＿＿
□＿□□□□□□□＿
□□□□□□□□□＿
□□□□□□□□□＿
□□□□□□＿□□□
□□□□□□□□□＿
□□□□□□□□□＿
＿□□□□□□□□□
00:08:10(14701f):field(14700f)
＿＿＿＿＿＿＿＿＿＿
＿＿＿＿＿＿＿＿＿＿
＿＿＿＿＿＿＿＿＿＿
＿＿＿＿＿＿＿＿＿＿
＿＿＿＿＿＿＿＿＿＿
＿＿＿＿＿＿＿＿＿＿
＿＿＿＿＿＿＿＿＿＿
＿＿＿＿＿＿＿＿＿＿
＿＿＿＿＿＿＿＿＿＿
＿＿＿＿＿＿＿＿＿＿
＿＿＿＿＿＿＿＿＿＿
＿＿□＿＿□□■■＿
＿＿□□＿□□□■■
□＿□□□□□□□＿
□□□□□□□□□＿
□□□□□□□□□＿
□□□□□□＿□□□
□□□□□□□□□＿
□□□□□□□□□＿
＿□□□□□□□□□
00:08:10(14714f):field(14713f)
＿＿＿＿＿＿＿＿＿＿
＿＿＿＿＿＿＿＿＿＿
＿＿＿＿＿＿＿＿＿＿
＿＿＿＿＿＿＿＿＿＿
＿＿＿＿＿＿＿＿＿＿
＿＿＿＿＿＿＿＿＿＿
＿＿＿＿＿＿＿＿＿＿
＿＿＿＿＿＿＿＿＿＿
＿＿＿＿＿＿＿＿＿＿
＿＿＿＿＿＿＿＿＿＿
＿＿＿■＿＿＿＿＿＿
＿＿□■■□□□□＿
＿＿□□■□□□□□
□＿□□□□□□□＿
□□□□□□□□□＿
□□□□□□□□□＿
□□□□□□＿□□□
□□□□□□□□□＿
□□□□□□□□□＿
＿□□□□□□□□□
00:08:10(14726f):field(14725f)
＿＿＿＿＿＿＿＿＿＿
＿＿＿＿＿＿＿＿＿＿
＿＿＿＿＿＿＿＿＿＿
＿＿＿＿＿＿＿＿＿＿
＿＿＿＿＿＿＿＿＿＿
＿＿＿＿＿＿＿＿＿＿
＿＿＿＿＿＿＿＿＿＿
＿＿＿＿＿＿＿＿＿＿
＿＿＿＿＿＿＿＿＿＿
＿＿＿＿■＿＿＿＿＿
＿＿＿□■■■＿＿＿
＿＿□□□□□□□＿
＿＿□□□□□□□□
□＿□□□□□□□＿
□□□□□□□□□＿
□□□□□□□□□＿
□□□□□□＿□□□
□□□□□□□□□＿
□□□□□□□□□＿
＿□□□□□□□□□
00:08:11(14738f):field(14737f)
＿＿＿＿＿＿＿＿＿＿
＿＿＿＿＿＿＿＿＿＿
＿＿＿＿＿＿＿＿＿＿
＿＿＿＿＿＿＿＿＿＿
＿＿＿＿＿＿＿＿＿＿
＿＿＿＿＿＿＿＿＿＿
＿＿＿＿＿＿＿＿＿＿
＿＿＿＿＿■＿＿＿＿
＿＿＿＿＿■＿＿＿＿
＿＿＿＿□■■＿＿＿
＿＿＿□□□□＿＿＿
＿＿□□□□□□□＿
＿＿□□□□□□□□
□＿□□□□□□□＿
□□□□□□□□□＿
□□□□□□□□□＿
□□□□□□＿□□□
□□□□□□□□□＿
□□□□□□□□□＿
＿□□□□□□□□□
00:08:11(14753f):field(14752f)
＿＿＿＿＿＿＿＿＿＿
＿＿＿＿＿＿＿＿＿＿
＿＿＿＿＿＿＿＿＿＿
＿＿＿＿＿＿＿＿＿＿
＿＿＿＿＿＿＿＿＿＿
＿＿＿＿＿＿＿＿＿＿
＿＿＿＿＿＿＿＿＿＿
＿＿＿＿＿◆＿＿＿＿
＿＿＿＿＿□＿＿＿＿
＿＿＿＿◆□◆＿＿＿
＿＿＿◆□□□＿＿＿
＿■◆□□□□□◆＿
＿■□□□□□□□◆
□■□□□□□□□＿
□□□□□□□□□＿
□□□□□□□□□＿
□□□□□□＿□□□
□□□□□□□□□＿
□□□□□□□□□＿
＿□□□□□□□□□
00:08:12(14768f):field(14767f)
＿＿＿＿＿＿＿＿＿＿
＿＿＿＿＿＿＿＿＿＿
＿＿＿＿＿＿＿＿＿＿
＿＿＿＿＿＿＿＿＿＿
＿＿＿＿＿＿＿＿＿＿
＿＿＿＿＿＿＿＿＿＿
＿＿＿＿＿＿＿＿＿＿
＿＿＿＿＿＿＿＿＿＿
＿＿＿＿＿◆＿＿＿＿
＿＿＿＿＿◆＿＿＿＿
＿＿＿＿◆◆◆＿＿＿
＿◆＿◆◆□◆◆＿＿
■◆◆◆◆□◆◆□＿
◆◆◆◆□□□□◆＿
□◆□□□□□□□＿
□□□□□□□□□■
□□□□□□■□□□
□□□□□□□□□＿
□□□□□□□□□＿
＿□□□□□□□□□
00:08:12(14785f):field(14784f)
＿＿＿＿＿＿＿＿＿＿
＿＿＿＿＿＿＿＿＿＿
＿＿＿＿＿＿＿＿＿＿
＿＿＿＿＿＿＿＿＿＿
＿＿＿＿＿＿＿＿＿＿
＿＿＿＿＿＿＿＿＿＿
＿＿＿＿＿＿＿＿＿＿
＿＿＿＿＿＿＿＿＿＿
＿＿＿＿＿＿＿＿＿＿
＿＿＿＿＿＿＿＿＿＿
＿＿＿＿＿＿＿＿＿＿
＿＿＿＿＿□＿＿＿＿
◆＿＿＿＿□＿＿◆＿
＿＿＿＿□□□□■＿
◆＿◆□□□□□□＿
◆□□□□□□□□□
□□□□□□◆□□□
□□□□□□□□□＿
□□□□□□□□□＿
＿□□□□□□□□□
00:08:13(14797f):field(14796f)
＿＿＿＿＿＿＿＿＿＿
＿＿＿＿＿＿＿＿＿＿
＿＿＿＿＿＿＿＿＿＿
＿＿＿＿＿＿＿＿＿＿
＿＿＿＿＿＿＿＿＿＿
＿＿＿＿＿＿＿＿＿＿
＿＿＿＿＿＿＿＿＿＿
＿＿＿＿＿＿＿＿＿＿
＿＿＿＿＿＿＿＿＿＿
＿＿＿＿＿＿＿＿＿＿
＿＿＿＿＿＿＿＿＿＿
＿＿＿＿■□＿＿＿＿
＿＿＿■■□＿＿＿＿
＿＿＿■□□□□□＿
＿＿＿□□□□□□＿
＿□□□□□□□□□
□□□□□□＿□□□
□□□□□□□□□＿
□□□□□□□□□＿
＿□□□□□□□□□
00:08:13(14816f):field(14815f)
＿＿＿＿＿＿＿＿＿＿
＿＿＿＿＿＿＿＿＿＿
＿＿＿＿＿＿＿＿＿＿
＿＿＿＿＿＿＿＿＿＿
＿＿＿＿＿＿＿＿＿＿
＿＿＿＿＿＿＿＿＿＿
＿＿＿＿＿＿＿＿＿＿
＿＿＿＿＿＿＿＿＿＿
＿＿＿＿＿＿＿＿＿＿
＿＿＿＿＿■■＿＿＿
＿＿＿＿■■＿＿＿＿
＿＿＿＿□□＿＿＿＿
＿＿＿□□□＿＿＿＿
＿＿＿□□□□□□＿
＿＿＿□□□□□□＿
＿□□□□□□□□□
□□□□□□＿□□□
□□□□□□□□□＿
□□□□□□□□□＿
＿□□□□□□□□□
00:08:14(14832f):field(14831f)
＿＿＿＿＿＿＿＿＿＿
＿＿＿＿＿＿＿＿＿＿
＿＿＿＿＿＿＿＿＿＿
＿＿＿＿＿＿＿＿＿＿
＿＿＿＿＿＿＿＿＿＿
＿＿＿＿＿＿＿＿＿＿
＿＿＿＿＿＿＿＿＿＿
＿＿＿＿＿＿＿＿＿＿
＿＿＿＿＿＿＿＿＿＿
＿＿＿＿＿◆◆＿＿＿
＿＿＿＿◆□■＿＿＿
＿＿＿＿□□＿＿＿＿
＿＿＿◆□□＿＿＿＿
＿＿＿□□□◆◆◆＿
＿■＿□□□□□□＿
■□□□□□□□□◆
□□□□□□＿□□□
□□□□□□□□□＿
□□□□□□□□□＿
＿□□□□□□□□□
00:08:14(14847f):field(14846f)
＿＿＿＿＿＿＿＿＿＿
＿＿＿＿＿＿＿＿＿＿
＿＿＿＿＿＿＿＿＿＿
＿＿＿＿＿＿＿＿＿＿
＿＿＿＿＿＿＿＿＿＿
＿＿＿＿＿＿＿＿＿＿
＿＿＿＿＿＿＿＿＿＿
＿＿＿＿＿＿＿＿＿＿
＿＿＿＿＿＿＿＿＿＿
＿＿＿＿＿＿＿＿＿＿
＿＿＿＿＿◆◆＿＿＿
＿＿＿＿◆□■＿＿＿
＿＿＿＿□□＿＿＿＿
＿＿＿◆□□＿＿＿■
＿◆＿□□□◆◆◆■
◆□◆□□□□□□■
□□□□□□＿□□□
□□□□□□□□□＿
□□□□□□□□□＿
＿□□□□□□□□□
00:08:15(14865f):field(14864f)
＿＿＿＿＿＿＿＿＿＿
＿＿＿＿＿＿＿＿＿＿
＿＿＿＿＿＿＿＿＿＿
＿＿＿＿＿＿＿＿＿＿
＿＿＿＿＿＿＿＿＿＿
＿＿＿＿＿＿＿＿＿＿
＿＿＿＿＿＿＿＿＿＿
＿＿＿＿＿＿＿＿＿＿
＿＿＿＿＿＿＿＿＿＿
＿＿＿＿＿＿＿＿＿＿
＿＿＿＿＿＿＿＿＿＿
＿＿＿＿＿□□＿＿＿
＿＿＿＿□□＿＿＿＿
＿＿＿＿□□■■＿□
＿＿＿□□□■■＿□
＿◆＿□□□□□□□
□□□□□□＿□□□
□□□□□□□□□＿
□□□□□□□□□＿
＿□□□□□□□□□
00:08:15(14878f):field(14877f)
＿＿＿＿＿＿＿＿＿＿
＿＿＿＿＿＿＿＿＿＿
＿＿＿＿＿＿＿＿＿＿
＿＿＿＿＿＿＿＿＿＿
＿＿＿＿＿＿＿＿＿＿
＿＿＿＿＿＿＿＿＿＿
＿＿＿＿＿＿＿＿＿＿
＿＿＿＿＿＿＿＿＿＿
＿＿＿＿＿＿＿＿＿＿
＿＿＿＿＿＿＿＿＿＿
＿＿＿＿■＿＿＿＿＿
＿＿＿■■□□＿＿＿
＿＿＿■□□＿＿＿＿
＿＿＿＿□□□□＿□
＿＿＿□□□□□＿□
＿＿＿□□□□□□□
□□□□□□＿□□□
□□□□□□□□□＿
□□□□□□□□□＿
＿□□□□□□□□□
00:08:16(14894f):field(14893f)
＿＿＿＿＿＿＿＿＿＿
＿＿＿＿＿＿＿＿＿＿
＿＿＿＿＿＿＿＿＿＿
＿＿＿＿＿＿＿＿＿＿
＿＿＿＿＿＿＿＿＿＿
＿＿＿＿＿＿＿＿＿＿
＿＿＿＿＿＿＿＿＿＿
＿＿＿＿＿＿＿＿＿＿
＿＿＿＿＿＿＿＿＿＿
＿＿＿＿＿＿＿＿＿＿
＿＿＿＿□＿＿＿＿＿
＿＿＿□□□□＿＿＿
＿＿＿□□□＿＿＿＿
＿＿＿＿□□□□＿□
■■■□□□□□＿□
＿■＿□□□□□□□
□□□□□□＿□□□
□□□□□□□□□＿
□□□□□□□□□＿
＿□□□□□□□□□
00:08:17(14910f):field(14909f)
＿＿＿＿＿＿＿＿＿＿
＿＿＿＿＿＿＿＿＿＿
＿＿＿＿＿＿＿＿＿＿
＿＿＿＿＿＿＿＿＿＿
＿＿＿＿＿＿＿＿＿＿
＿＿＿＿＿＿＿＿＿＿
＿＿＿＿＿＿＿＿＿＿
＿＿＿＿＿＿＿＿＿＿
＿＿＿＿■＿＿＿＿＿
＿＿＿＿■■＿＿＿＿
＿＿＿＿□■＿＿＿＿
＿＿＿□□□□＿＿＿
＿＿＿□□□＿＿＿＿
＿＿＿＿□□□□＿□
□□□□□□□□＿□
＿□＿□□□□□□□
□□□□□□＿□□□
□□□□□□□□□＿
□□□□□□□□□＿
＿□□□□□□□□□
00:08:17(14925f):field(14924f)
＿＿＿＿＿＿＿＿＿＿
＿＿＿＿＿＿＿＿＿＿
＿＿＿＿＿＿＿＿＿＿
＿＿＿＿＿＿＿＿＿＿
＿＿＿＿＿＿＿＿＿＿
＿＿＿＿＿＿＿＿＿＿
＿＿＿＿＿＿＿＿＿＿
＿＿＿＿＿＿＿＿＿＿
＿＿＿＿◆＿＿＿＿＿
＿＿＿＿□◆＿＿＿＿
＿＿＿＿□□＿＿＿＿
＿＿＿◆□□◆＿＿＿
＿＿＿□□□■＿■＿
＿■＿■□□◆◆■□
◆◆◆◆□□□□■□
■□＿□□□□□□□
□□□□□□＿□□□
□□□□□□□□□＿
□□□□□□□□□＿
＿□□□□□□□□□
00:08:18(14942f):field(14941f)
＿＿＿＿＿＿＿＿＿＿
＿＿＿＿＿＿＿＿＿＿
＿＿＿＿＿＿＿＿＿＿
＿＿＿＿＿＿＿＿＿＿
＿＿＿＿＿＿＿＿＿＿
＿＿＿＿＿＿＿＿＿＿
＿＿＿＿＿＿＿＿＿＿
＿＿＿＿＿＿＿＿＿＿
＿＿＿＿＿＿＿＿＿＿
＿＿＿＿□＿＿＿＿＿
＿＿＿＿□□＿＿＿＿
＿＿＿＿□□＿＿＿＿
＿＿＿□□□□＿□＿
＿□■□□□＿＿□◆
＿■■＿□□□□□□
◆□＿□□□□□□□
□□□□□□＿□□□
□□□□□□□□□＿
□□□□□□□□□＿
＿□□□□□□□□□
00:08:18(14960f):field(14959f)
＿＿＿＿＿＿＿＿＿＿
＿＿＿＿＿＿＿＿＿＿
＿＿＿＿＿＿＿＿＿＿
＿＿＿＿＿＿＿＿＿＿
＿＿＿＿＿＿＿＿＿＿
＿＿＿＿＿＿＿＿＿＿
＿＿＿＿＿＿＿＿＿＿
＿＿＿＿＿＿＿＿＿＿
＿＿＿＿＿＿＿＿＿＿
＿＿＿＿□＿＿＿＿＿
＿＿＿＿□□＿＿＿＿
＿＿＿＿□□＿＿■■
＿＿＿□□□□＿□■
＿□□□□□＿＿□■
＿□□＿□□□□□□
＿□＿□□□□□□□
□□□□□□＿□□□
□□□□□□□□□＿
□□□□□□□□□＿
＿□□□□□□□□□
00:08:19(14978f):field(14977f)
＿＿＿＿＿＿＿＿＿＿
＿＿＿＿＿＿＿＿＿＿
＿＿＿＿＿＿＿＿＿＿
＿＿＿＿＿＿＿＿＿＿
＿＿＿＿＿＿＿＿＿＿
＿＿＿＿＿＿＿＿＿＿
＿＿＿＿＿＿＿＿＿＿
＿＿＿＿＿＿＿＿＿＿
＿＿＿＿＿＿＿＿＿＿
＿＿＿＿□＿＿＿＿＿
＿＿＿■□□＿＿＿＿
＿＿■■□□＿＿□□
＿＿■□□□□＿□□
＿□□□□□＿＿□□
＿□□＿□□□□□□
＿□＿□□□□□□□
□□□□□□＿□□□
□□□□□□□□□＿
□□□□□□□□□＿
＿□□□□□□□□□
00:08:19(14995f):field(14994f)
＿＿＿＿＿＿＿＿＿＿
＿＿＿＿＿＿＿＿＿＿
＿＿＿＿＿＿＿＿＿＿
＿＿＿＿＿＿＿＿＿＿
＿＿＿＿＿＿＿＿＿＿
＿＿＿＿＿＿＿＿＿＿
＿＿＿＿＿＿＿＿＿＿
＿＿＿＿＿＿＿＿＿＿
＿＿＿＿＿＿＿＿＿＿
＿＿＿＿□＿＿＿＿＿
＿＿＿□□□■＿＿＿
＿＿□□□□■■□□
＿＿□□□□□■□□
＿□□□□□＿＿□□
＿□□＿□□□□□□
＿□＿□□□□□□□
□□□□□□＿□□□
□□□□□□□□□＿
□□□□□□□□□＿
＿□□□□□□□□□
00:08:20(15013f):field(15012f)
＿＿＿＿＿＿＿＿＿＿
＿＿＿＿＿＿＿＿＿＿
＿＿＿＿＿＿＿＿＿＿
＿＿＿＿＿＿＿＿＿＿
＿＿＿＿＿＿＿＿＿＿
＿＿＿＿＿＿＿＿＿＿
＿＿＿＿＿＿＿＿＿＿
＿＿＿＿＿＿＿＿＿＿
＿＿＿＿＿＿＿＿＿＿
＿＿＿＿□＿■■■■
＿＿＿□□□□＿＿＿
＿＿□□□□□□□□
＿＿□□□□□□□□
＿□□□□□＿＿□□
＿□□＿□□□□□□
＿□＿□□□□□□□
□□□□□□＿□□□
□□□□□□□□□＿
□□□□□□□□□＿
＿□□□□□□□□□
00:08:20(15028f):field(15027f)
＿＿＿＿＿＿＿＿＿＿
＿＿＿＿＿＿＿＿＿＿
＿＿＿＿＿＿＿＿＿＿
＿＿＿＿＿＿＿＿＿＿
＿＿＿＿＿＿＿＿＿＿
＿＿＿＿＿＿＿＿＿＿
＿＿＿＿＿＿＿＿＿＿
＿＿＿＿＿＿＿＿＿＿
＿＿＿＿＿＿＿＿＿＿
＿＿＿＿◆＿◆◆◆◆
＿＿＿◆□◆□■■■
＿■◆□□□□□◆◆
＿＿□□□□□□□□
■□□□□□＿＿□□
■□□■□□□□□□
＿□＿□□□□□□□
□□□□□□＿□□□
□□□□□□□□□＿
□□□□□□□□□＿
＿□□□□□□□□□
00:08:21(15041f):field(15040f)
＿＿＿＿＿＿＿＿＿＿
＿＿＿＿＿＿＿＿＿＿
＿＿＿＿＿＿＿＿＿＿
＿＿＿＿＿＿＿＿＿＿
＿＿＿＿＿＿＿＿＿＿
＿＿＿＿＿＿＿＿＿＿
＿＿＿＿＿＿＿＿＿＿
＿＿＿＿＿＿＿＿＿＿
＿＿＿＿＿＿＿＿＿＿
＿＿＿＿＿＿＿＿＿＿
＿＿＿＿◆＿◆◆◆◆
■◆＿◆□□□□■■
■＿◆□□□□◆◆◆
□□□□□□■＿□□
□□□□□□□□□□
＿□＿□□□□□□□
□□□□□□＿□□□
□□□□□□□□□＿
□□□□□□□□□＿
＿□□□□□□□□□
00:08:21(15053f):field(15052f)
＿＿＿＿＿＿＿＿＿＿
＿＿＿＿＿＿＿＿＿＿
＿＿＿＿＿＿＿＿＿＿
＿＿＿＿＿＿＿＿＿＿
＿＿＿＿＿＿＿＿＿＿
＿＿＿＿＿＿＿＿＿＿
＿＿＿＿＿＿＿＿＿＿
＿＿＿＿＿＿＿＿＿＿
＿＿＿＿＿＿＿＿＿＿
＿＿＿＿＿＿＿＿＿＿
＿＿＿＿■■■＿＿＿
□＿＿＿□□□□□□
□＿＿□□□□＿＿＿
□□□□□□◆＿□□
□□□◆□□□□□□
＿□＿□□□□□□□
□□□□□□＿□□□
□□□□□□□□□＿
□□□□□□□□□＿
＿□□□□□□□□□
00:08:22(15067f):field(15066f)
＿＿＿＿＿＿＿＿＿＿
＿＿＿＿＿＿＿＿＿＿
＿＿＿＿＿＿＿＿＿＿
＿＿＿＿＿＿＿＿＿＿
＿＿＿＿＿＿＿＿＿＿
＿＿＿＿＿＿＿＿＿＿
＿＿＿＿＿＿＿＿＿＿
＿＿＿＿＿＿＿＿＿＿
＿＿＿＿＿＿＿＿＿＿
＿＿＿＿＿＿＿＿＿＿
＿＿＿＿□□□＿＿＿
□＿■■□□□□□□
□■■□□□□＿＿＿
□□□□□□＿＿□□
□□□＿□□□□□□
＿□＿□□□□□□□
□□□□□□＿□□□
□□□□□□□□□＿
□□□□□□□□□＿
＿□□□□□□□□□
00:08:22(15078f):field(15077f)
＿＿＿＿＿＿＿＿＿＿
＿＿＿＿＿＿＿＿＿＿
＿＿＿＿＿＿＿＿＿＿
＿＿＿＿＿＿＿＿＿＿
＿＿＿＿＿＿＿＿＿＿
＿＿＿＿＿＿＿＿＿＿
＿＿＿＿＿＿＿＿＿＿
＿＿＿＿＿＿＿＿＿＿
＿＿＿＿■■＿＿＿＿
＿＿＿＿■■＿＿＿＿
＿＿＿＿□□□＿＿＿
□＿□□□□□□□□
□□□□□□□＿＿＿
□□□□□□＿＿□□
□□□＿□□□□□□
＿□＿□□□□□□□
□□□□□□＿□□□
□□□□□□□□□＿
□□□□□□□□□＿
＿□□□□□□□□□
00:08:23(15093f):field(15092f)
＿＿＿＿＿＿＿＿＿＿
＿＿＿＿＿＿＿＿＿＿
＿＿＿＿＿＿＿＿＿＿
＿＿＿＿＿＿＿＿＿＿
＿＿＿＿＿＿＿＿＿＿
＿＿＿＿＿＿＿＿＿＿
＿＿＿＿＿＿＿＿＿＿
＿＿＿＿＿＿＿＿＿＿
＿＿＿＿◆◆＿＿＿＿
＿＿＿＿□□＿＿＿＿
＿＿■＿□□◆＿＿＿
◆■□□□□□◆◆◆
□□□□□□□＿■＿
□□□□□□■＿□□
□□□＿□□□□□□
＿□＿□□□□□□□
□□□□□□＿□□□
□□□□□□□□□＿
□□□□□□□□□＿
＿□□□□□□□□□
00:08:23(15107f):field(15106f)
＿＿＿＿＿＿＿＿＿＿
＿＿＿＿＿＿＿＿＿＿
＿＿＿＿＿＿＿＿＿＿
＿＿＿＿＿＿＿＿＿＿
＿＿＿＿＿＿＿＿＿＿
＿＿＿＿＿＿＿＿＿＿
＿＿＿＿＿＿＿＿＿＿
＿＿＿＿＿＿＿＿＿＿
＿＿＿＿＿＿＿＿＿＿
＿＿■■□□＿＿＿＿
＿＿□■□□＿＿＿＿
＿□□□□□□＿＿＿
□□□□□□□＿◆＿
□□□□□□◆＿□□
□□□＿□□□□□□
＿□＿□□□□□□□
□□□□□□＿□□□
□□□□□□□□□＿
□□□□□□□□□＿
＿□□□□□□□□□
00:08:24(15120f):field(15119f)
＿＿＿＿＿＿＿＿＿＿
＿＿＿＿＿＿＿＿＿＿
＿＿＿＿＿＿＿＿＿＿
＿＿＿＿＿＿＿＿＿＿
＿＿＿＿＿＿＿＿＿＿
＿＿＿＿＿＿＿＿＿＿
＿＿＿＿＿＿＿＿＿＿
＿＿＿＿＿＿＿＿＿＿
＿＿＿＿＿＿＿＿＿＿
＿＿□□□□＿＿＿＿
＿＿□□□□＿■＿＿
＿□□□□□□■＿＿
□□□□□□□■＿＿
□□□□□□＿■□□
□□□＿□□□□□□
＿□＿□□□□□□□
□□□□□□＿□□□
□□□□□□□□□＿
□□□□□□□□□＿
＿□□□□□□□□□
00:08:24(15135f):field(15134f)
＿＿＿＿＿＿＿＿＿＿
＿＿＿＿＿＿＿＿＿＿
＿＿＿＿＿＿＿＿＿＿
＿＿＿＿＿＿＿＿＿＿
＿＿＿＿＿＿＿＿＿＿
＿＿＿＿＿＿＿＿＿＿
＿＿＿＿＿＿＿＿＿＿
＿＿＿＿＿＿＿＿＿＿
＿＿＿＿＿＿＿＿＿＿
■＿□□□□＿＿＿＿
■■□□□□＿□＿＿
■□□□□□□□＿＿
□□□□□□□□＿＿
□□□□□□＿□□□
□□□＿□□□□□□
＿□＿□□□□□□□
□□□□□□＿□□□
□□□□□□□□□＿
□□□□□□□□□＿
＿□□□□□□□□□
00:08:24(15147f):field(15146f)
＿＿＿＿＿＿＿＿＿＿
＿＿＿＿＿＿＿＿＿＿
＿＿＿＿＿＿＿＿＿＿
＿＿＿＿＿＿＿＿＿＿
＿＿＿＿＿＿＿＿＿＿
＿＿＿＿＿＿＿＿＿＿
＿＿＿＿＿＿＿＿＿＿
＿＿＿＿＿＿＿＿＿＿
＿＿＿＿＿＿＿＿＿＿
◆＿◆◆◆◆＿＿＿＿
◆□◆◆□◆＿◆＿＿
□□□□□□◆◆＿＿
□□□□□□◆□■＿
□□□□□□＿□□□
□□□＿□□□□□□
＿□＿□□□□□□□
□□□□□□＿□□□
□□□□□□□□□＿
□□□□□□□□□＿
＿□□□□□□□□□
00:08:25(15162f):field(15161f)
＿＿＿＿＿＿＿＿＿＿
＿＿＿＿＿＿＿＿＿＿
＿＿＿＿＿＿＿＿＿＿
＿＿＿＿＿＿＿＿＿＿
＿＿＿＿＿＿＿＿＿＿
＿＿＿＿＿＿＿＿＿＿
＿＿＿＿＿＿＿＿＿＿
＿＿＿＿＿＿＿＿＿＿
＿＿＿＿＿＿＿＿＿＿
■＿＿＿＿＿＿＿＿＿
■□＿＿◆＿＿＿＿＿
□□□□□□＿＿＿＿
□□□□□□＿□◆＿
□□□□□□＿□□□
□□□＿□□□□□□
＿□＿□□□□□□□
□□□□□□＿□□□
□□□□□□□□□＿
□□□□□□□□□＿
＿□□□□□□□□□
00:08:25(15175f):field(15174f)
＿＿＿＿＿＿＿＿＿＿
＿＿＿＿＿＿＿＿＿＿
＿＿＿＿＿＿＿＿＿＿
＿＿＿＿＿＿＿＿＿＿
＿＿＿＿＿＿＿＿＿＿
＿＿＿＿＿＿＿＿＿＿
＿＿＿＿＿＿＿＿＿＿
＿＿＿＿＿＿＿＿＿＿
＿＿＿＿＿＿＿＿＿＿
□＿＿＿＿＿＿＿＿＿
□□＿＿＿＿＿＿＿＿
□□□□□□＿■■＿
□□□□□□＿□■■
□□□□□□＿□□□
□□□＿□□□□□□
＿□＿□□□□□□□
□□□□□□＿□□□
□□□□□□□□□＿
□□□□□□□□□＿
＿□□□□□□□□□
00:08:26(15193f):field(15192f)
＿＿＿＿＿＿＿＿＿＿
＿＿＿＿＿＿＿＿＿＿
＿＿＿＿＿＿＿＿＿＿
＿＿＿＿＿＿＿＿＿＿
＿＿＿＿＿＿＿＿＿＿
＿＿＿＿＿＿＿＿＿＿
＿＿＿＿＿＿＿＿＿＿
＿＿＿＿＿＿＿＿＿＿
＿＿＿＿＿＿＿＿＿＿
□＿＿＿＿■＿＿＿＿
□□＿■■■＿＿＿＿
□□□□□□＿□□＿
□□□□□□＿□□□
□□□□□□＿□□□
□□□＿□□□□□□
＿□＿□□□□□□□
□□□□□□＿□□□
□□□□□□□□□＿
□□□□□□□□□＿
＿□□□□□□□□□
00:08:26(15206f):field(15205f)
＿＿＿＿＿＿＿＿＿＿
＿＿＿＿＿＿＿＿＿＿
＿＿＿＿＿＿＿＿＿＿
＿＿＿＿＿＿＿＿＿＿
＿＿＿＿＿＿＿＿＿＿
＿＿＿＿＿＿＿＿＿＿
＿＿＿＿＿＿＿＿＿＿
＿＿＿＿＿＿＿＿＿＿
＿＿＿＿＿＿＿＿＿＿
◆＿＿＿＿◆＿＿＿＿
◆◆＿◆◆◆＿＿＿＿
□◆◆◆◆□＿◆◆＿
□□□□□□■◆□◆
□□□□□□■□□□
□□□■□□□□□□
■□■□□□□□□□
□□□□□□＿□□□
□□□□□□□□□＿
□□□□□□□□□＿
＿□□□□□□□□□
00:08:27(15218f):field(15217f)
＿＿＿＿＿＿＿＿＿＿
＿＿＿＿＿＿＿＿＿＿
＿＿＿＿＿＿＿＿＿＿
＿＿＿＿＿＿＿＿＿＿
＿＿＿＿＿＿＿＿＿＿
＿＿＿＿＿＿＿＿＿＿
＿＿＿＿＿＿＿＿＿＿
＿＿＿＿＿＿＿＿＿＿
＿＿＿＿＿＿＿＿＿＿
＿＿＿＿＿＿＿＿＿＿
＿＿＿■■＿＿＿＿＿
□＿＿■■□＿＿＿＿
□□◆□□□□＿◆＿
□□□□□□□□□◆
□□□◆□□□□□□
◆□◆□□□□□□□
□□□□□□＿□□□
□□□□□□□□□＿
□□□□□□□□□＿
＿□□□□□□□□□
00:08:27(15231f):field(15230f)
＿＿＿＿＿＿＿＿＿＿
＿＿＿＿＿＿＿＿＿＿
＿＿＿＿＿＿＿＿＿＿
＿＿＿＿＿＿＿＿＿＿
＿＿＿＿＿＿＿＿＿＿
＿＿＿＿＿＿＿＿＿＿
＿＿＿＿＿＿＿＿＿＿
＿＿＿＿＿＿＿＿＿＿
＿＿＿＿＿＿＿＿＿＿
＿＿＿＿＿＿＿＿＿＿
＿＿＿◆◆＿＿＿＿＿
◆＿＿□□◆＿＿＿＿
□◆＿□□□◆＿■＿
□□◆□□□□□□■
□□□＿□□□□□□
■□■□□□□□□□
□□□□□□＿□□□
□□□□□□□□□＿
□□□□□□□□□＿
＿□□□□□□□□□
00:08:28(15245f):field(15244f)
＿＿＿＿＿＿＿＿＿＿
＿＿＿＿＿＿＿＿＿＿
＿＿＿＿＿＿＿＿＿＿
＿＿＿＿＿＿＿＿＿＿
＿＿＿＿＿＿＿＿＿＿
＿＿＿＿＿＿＿＿＿＿
＿＿＿＿＿＿＿＿＿＿
＿＿＿＿＿＿＿＿＿＿
＿＿＿＿＿＿＿＿＿＿
＿＿＿＿＿＿＿＿＿＿
＿＿＿＿＿＿＿＿＿＿
＿＿＿◆◆＿＿＿＿＿
◆＿■□□□＿＿◆＿
□□■□□□◆◆◆◆
□□□＿□□□□□□
□□◆□□□□□□□
□□□□□□＿□□□
□□□□□□□□□＿
□□□□□□□□□＿
＿□□□□□□□□□
00:08:28(15261f):field(15260f)
＿＿＿＿＿＿＿＿＿＿
＿＿＿＿＿＿＿＿＿＿
＿＿＿＿＿＿＿＿＿＿
＿＿＿＿＿＿＿＿＿＿
＿＿＿＿＿＿＿＿＿＿
＿＿＿＿＿＿＿＿＿＿
＿＿＿＿＿＿＿＿＿＿
＿＿＿＿＿＿＿＿＿＿
＿＿＿＿＿＿＿＿＿＿
＿＿＿＿＿＿＿＿＿＿
＿＿＿＿＿＿＿＿＿＿
＿＿＿＿＿＿＿＿＿＿
＿＿□□□□■＿＿＿
□□□□□□■■＿＿
□□□＿□□□□□□
◆□＿□□□□□□□
□□□□□□＿□□□
□□□□□□□□□＿
□□□□□□□□□＿
＿□□□□□□□□□
00:08:29(15275f):field(15274f)
＿＿＿＿＿＿＿＿＿＿
＿＿＿＿＿＿＿＿＿＿
＿＿＿＿＿＿＿＿＿＿
＿＿＿＿＿＿＿＿＿＿
＿＿＿＿＿＿＿＿＿＿
＿＿＿＿＿＿＿＿＿＿
＿＿＿＿＿＿＿＿＿＿
＿＿＿＿＿＿＿＿＿＿
＿＿＿＿＿＿＿＿＿＿
＿＿＿＿＿＿＿＿＿＿
■＿＿＿＿＿＿＿＿＿
■＿＿＿＿＿＿＿＿＿
■■□□□□□＿＿＿
□□□□□□□□＿＿
□□□＿□□□□□□
＿□＿□□□□□□□
□□□□□□＿□□□
□□□□□□□□□＿
□□□□□□□□□＿
＿□□□□□□□□□
00:08:29(15294f):field(15293f)
＿＿＿＿＿＿＿＿＿＿
＿＿＿＿＿＿＿＿＿＿
＿＿＿＿＿＿＿＿＿＿
＿＿＿＿＿＿＿＿＿＿
＿＿＿＿＿＿＿＿＿＿
＿＿＿＿＿＿＿＿＿＿
＿＿＿＿＿＿＿＿＿＿
＿＿＿＿＿＿＿＿＿＿
＿＿＿＿＿＿＿＿＿＿
＿＿＿＿＿＿＿＿＿＿
□＿＿＿＿＿■＿＿＿
□＿＿＿＿＿■■＿＿
□□□□□□□■＿＿
□□□□□□□□＿＿
□□□＿□□□□□□
＿□＿□□□□□□□
□□□□□□＿□□□
□□□□□□□□□＿
□□□□□□□□□＿
＿□□□□□□□□□
00:08:30(15309f):field(15308f)
＿＿＿＿＿＿＿＿＿＿
＿＿＿＿＿＿＿＿＿＿
＿＿＿＿＿＿＿＿＿＿
＿＿＿＿＿＿＿＿＿＿
＿＿＿＿＿＿＿＿＿＿
＿＿＿＿＿＿＿＿＿＿
＿＿＿＿＿＿＿＿＿＿
＿＿＿＿＿＿＿＿＿＿
＿＿＿＿＿＿＿＿＿＿
＿＿＿＿＿＿＿＿＿＿
□＿＿＿■■□＿＿＿
□＿＿＿■■□□＿＿
□□□□□□□□＿＿
□□□□□□□□＿＿
□□□＿□□□□□□
＿□＿□□□□□□□
□□□□□□＿□□□
□□□□□□□□□＿
□□□□□□□□□＿
＿□□□□□□□□□
00:08:30(15325f):field(15324f)
＿＿＿＿＿＿＿＿＿＿
＿＿＿＿＿＿＿＿＿＿
＿＿＿＿＿＿＿＿＿＿
＿＿＿＿＿＿＿＿＿＿
＿＿＿＿＿＿＿＿＿＿
＿＿＿＿＿＿＿＿＿＿
＿＿＿＿＿＿＿＿＿＿
＿＿＿＿＿＿＿＿＿＿
＿＿＿＿＿＿＿＿＿＿
＿＿＿＿＿＿＿＿＿＿
□＿＿＿□□□＿■＿
□＿＿＿□□□□■＿
□□□□□□□□■＿
□□□□□□□□■＿
□□□＿□□□□□□
＿□＿□□□□□□□
□□□□□□＿□□□
□□□□□□□□□＿
□□□□□□□□□＿
＿□□□□□□□□□
00:08:31(15342f):field(15341f)
＿＿＿＿＿＿＿＿＿＿
＿＿＿＿＿＿＿＿＿＿
＿＿＿＿＿＿＿＿＿＿
＿＿＿＿＿＿＿＿＿＿
＿＿＿＿＿＿＿＿＿＿
＿＿＿＿＿＿＿＿＿＿
＿＿＿＿＿＿＿＿＿＿
＿＿＿＿＿＿＿＿＿＿
＿＿＿＿＿＿＿＿＿＿
＿＿＿＿＿＿■■■＿
□＿＿＿□□□■□＿
□＿＿＿□□□□□＿
□□□□□□□□□＿
□□□□□□□□□＿
□□□＿□□□□□□
＿□＿□□□□□□□
□□□□□□＿□□□
□□□□□□□□□＿
□□□□□□□□□＿
＿□□□□□□□□□
00:08:31(15358f):field(15357f)
＿＿＿＿＿＿＿＿＿＿
＿＿＿＿＿＿＿＿＿＿
＿＿＿＿＿＿＿＿＿＿
＿＿＿＿＿＿＿＿＿＿
＿＿＿＿＿＿＿＿＿＿
＿＿＿＿＿＿＿＿＿＿
＿＿＿＿＿＿＿＿＿＿
＿＿＿＿＿＿＿＿＿＿
＿＿＿＿＿＿＿＿＿＿
＿＿＿＿＿＿□□□＿
□■＿＿□□□□□＿
□■■■□□□□□＿
□□□□□□□□□＿
□□□□□□□□□＿
□□□＿□□□□□□
＿□＿□□□□□□□
□□□□□□＿□□□
□□□□□□□□□＿
□□□□□□□□□＿
＿□□□□□□□□□
00:08:32(15370f):field(15369f)
＿＿＿＿＿＿＿＿＿＿
＿＿＿＿＿＿＿＿＿＿
＿＿＿＿＿＿＿＿＿＿
＿＿＿＿＿＿＿＿＿＿
＿＿＿＿＿＿＿＿＿＿
＿＿＿＿＿＿＿＿＿＿
＿＿＿＿＿＿＿＿＿＿
＿＿＿＿＿＿＿＿＿＿
＿＿＿＿＿＿＿＿＿＿
＿■■＿＿＿□□□＿
□□■■□□□□□＿
□□□□□□□□□＿
□□□□□□□□□＿
□□□□□□□□□＿
□□□＿□□□□□□
＿□＿□□□□□□□
□□□□□□＿□□□
□□□□□□□□□＿
□□□□□□□□□＿
＿□□□□□□□□□
00:08:32(15383f):field(15382f)
＿＿＿＿＿＿＿＿＿＿
＿＿＿＿＿＿＿＿＿＿
＿＿＿＿＿＿＿＿＿＿
＿＿＿＿＿＿＿＿＿＿
＿＿＿＿＿＿＿＿＿＿
＿＿＿＿＿＿＿＿＿＿
＿＿＿＿＿＿＿＿＿＿
＿＿＿＿＿＿＿＿＿＿
＿＿＿＿＿■＿＿＿＿
＿□□■■■□□□＿
□□□□□□□□□＿
□□□□□□□□□＿
□□□□□□□□□＿
□□□□□□□□□＿
□□□＿□□□□□□
＿□＿□□□□□□□
□□□□□□＿□□□
□□□□□□□□□＿
□□□□□□□□□＿
＿□□□□□□□□□
00:08:33(15396f):field(15395f)
＿＿＿＿＿＿＿＿＿＿
＿＿＿＿＿＿＿＿＿＿
＿＿＿＿＿＿＿＿＿＿
＿＿＿＿＿＿＿＿＿＿
＿＿＿＿＿＿＿＿＿＿
＿＿＿＿＿＿＿＿＿＿
＿＿＿＿＿＿＿＿＿＿
＿＿＿■■＿＿＿＿＿
＿＿＿■■□＿＿＿＿
＿□□□□□□□□＿
□□□□□□□□□＿
□□□□□□□□□＿
□□□□□□□□□＿
□□□□□□□□□＿
□□□＿□□□□□□
＿□＿□□□□□□□
□□□□□□＿□□□
□□□□□□□□□＿
□□□□□□□□□＿
＿□□□□□□□□□
00:08:33(15411f):field(15410f)
＿＿＿＿＿＿＿＿＿＿
＿＿＿＿＿＿＿＿＿＿
＿＿＿＿＿＿＿＿＿＿
＿＿＿＿＿＿＿＿＿＿
＿＿＿＿＿＿＿＿＿＿
＿＿＿＿＿＿＿＿＿＿
＿＿＿＿＿■＿＿＿＿
＿＿＿□□■■＿＿＿
＿＿＿□□□■＿＿＿
＿□□□□□□□□＿
□□□□□□□□□＿
□□□□□□□□□＿
□□□□□□□□□＿
□□□□□□□□□＿
□□□＿□□□□□□
＿□＿□□□□□□□
□□□□□□＿□□□
□□□□□□□□□＿
□□□□□□□□□＿
＿□□□□□□□□□
00:08:34(15426f):field(15425f)
＿＿＿＿＿＿＿＿＿＿
＿＿＿＿＿＿＿＿＿＿
＿＿＿＿＿＿＿＿＿＿
＿＿＿＿＿＿＿＿＿＿
＿＿＿＿＿＿＿＿＿＿
＿＿＿＿＿＿＿＿＿＿
＿＿＿＿＿□＿＿＿＿
■＿＿□□□□＿＿＿
■■＿□□□□＿＿＿
■□□□□□□□□＿
□□□□□□□□□＿
□□□□□□□□□＿
□□□□□□□□□＿
□□□□□□□□□＿
□□□＿□□□□□□
＿□＿□□□□□□□
□□□□□□＿□□□
□□□□□□□□□＿
□□□□□□□□□＿
＿□□□□□□□□□
00:08:34(15443f):field(15442f)
＿＿＿＿＿＿＿＿＿＿
＿＿＿＿＿＿＿＿＿＿
＿＿＿＿＿＿＿＿＿＿
＿＿＿＿＿＿＿＿＿＿
＿＿＿＿＿＿＿＿＿＿
＿＿＿＿＿＿＿＿＿＿
＿＿■■＿□＿＿＿＿
□＿■□□□□＿＿＿
□□■□□□□＿＿＿
□□□□□□□□□＿
□□□□□□□□□＿
□□□□□□□□□＿
□□□□□□□□□＿
□□□□□□□□□＿
□□□＿□□□□□□
＿□＿□□□□□□□
□□□□□□＿□□□
□□□□□□□□□＿
□□□□□□□□□＿
＿□□□□□□□□□
00:08:35(15463f):field(15462f)
＿＿＿＿＿＿＿＿＿＿
＿＿＿＿＿＿＿＿＿＿
＿＿＿＿＿＿＿＿＿＿
＿＿＿＿＿＿＿＿＿＿
＿＿＿＿＿＿＿＿＿＿
＿＿＿＿＿＿＿＿＿＿
＿＿□□＿□■■＿＿
□＿□□□□□■＿＿
□□□□□□□■＿＿
□□□□□□□□□＿
□□□□□□□□□＿
□□□□□□□□□＿
□□□□□□□□□＿
□□□□□□□□□＿
□□□＿□□□□□□
＿□＿□□□□□□□
□□□□□□＿□□□
□□□□□□□□□＿
□□□□□□□□□＿
＿□□□□□□□□□
00:08:35(15475f):field(15474f)
＿＿＿＿＿＿＿＿＿＿
＿＿＿＿＿＿＿＿＿＿
＿＿＿＿＿＿＿＿＿＿
＿＿＿＿＿＿＿＿＿＿
＿＿＿＿＿■＿＿＿＿
＿＿＿＿■■＿＿＿＿
＿＿□□■□□□＿＿
□＿□□□□□□＿＿
□□□□□□□□＿＿
□□□□□□□□□＿
□□□□□□□□□＿
□□□□□□□□□＿
□□□□□□□□□＿
□□□□□□□□□＿
□□□＿□□□□□□
＿□＿□□□□□□□
□□□□□□＿□□□
□□□□□□□□□＿
□□□□□□□□□＿
＿□□□□□□□□□
00:08:36(15487f):field(15486f)
＿＿＿＿＿＿＿＿＿＿
＿＿＿＿＿＿＿＿＿＿
＿＿＿＿＿＿＿＿＿＿
＿＿＿＿＿＿＿＿＿＿
＿＿＿＿＿◆＿＿＿＿
＿＿＿＿◆◆＿＿＿＿
＿＿◆◆◆◆◆◆＿＿
◆＿◆◆◆◆◆◆＿＿
◆◆◆◆◆□◆◆＿＿
◆□◆◆□□◆◆◆■
□◆□□□□□□□＿
□□□□□□□□□■
□□□□□□□□□＿
□□□□□□□□□■
□□□■□□□□□□
＿□■□□□□□□□
□□□□□□＿□□□
□□□□□□□□□＿
□□□□□□□□□＿
＿□□□□□□□□□
00:08:36(15500f):field(15499f)
＿＿＿＿＿＿＿＿＿＿
＿＿＿＿＿＿＿＿＿＿
＿＿＿＿＿＿＿＿＿＿
＿＿＿＿＿＿＿＿＿＿
＿＿＿＿＿＿＿＿＿＿
＿＿＿＿＿＿＿＿＿＿
＿＿＿＿＿＿＿＿＿＿
＿＿＿■＿＿＿＿＿＿
＿＿＿■＿□＿＿＿＿
＿◆■■□□＿＿＿◆
◆＿□□□□□□◆＿
□◆□□□□□□◆◆
□□□□□□□□◆＿
□□□□□□□□□◆
□□□◆□□□□□□
＿□◆□□□□□□□
□□□□□□＿□□□
□□□□□□□□□＿
□□□□□□□□□＿
＿□□□□□□□□□
00:08:37(15519f):field(15518f)
＿＿＿＿＿＿＿＿＿＿
＿＿＿＿＿＿＿＿＿＿
＿＿＿＿＿＿＿＿＿＿
＿＿＿＿＿＿＿＿＿＿
＿＿＿＿＿＿＿＿＿＿
＿＿＿＿＿＿＿＿＿＿
＿＿＿＿＿＿＿＿＿＿
＿＿＿◆＿＿＿＿＿＿
＿＿＿□＿◆＿＿＿＿
＿＿◆□◆□＿＿＿＿
＿＿□□□□◆◆＿＿
◆■□□□□□□＿■
□◆□□□□□□■■
□□□□□□□□□■
□□□■□□□□□□
＿□＿□□□□□□□
□□□□□□＿□□□
□□□□□□□□□＿
□□□□□□□□□＿
＿□□□□□□□□□
00:08:37(15534f):field(15533f)
＿＿＿＿＿＿＿＿＿＿
＿＿＿＿＿＿＿＿＿＿
＿＿＿＿＿＿＿＿＿＿
＿＿＿＿＿＿＿＿＿＿
＿＿＿＿＿＿＿＿＿＿
＿＿＿＿＿＿＿＿＿＿
＿＿＿＿＿＿＿＿＿＿
＿＿＿＿＿＿＿＿＿＿
＿＿＿◆＿＿＿＿＿＿
＿＿＿□＿◆＿＿＿＿
＿＿◆□◆□＿＿＿＿
■◆□□□□◆◆＿◆
□■□□□□□□□◆
□□□□□□□□□◆
□□□◆□□□□□□
＿□＿□□□□□□□
□□□□□□＿□□□
□□□□□□□□□＿
□□□□□□□□□＿
＿□□□□□□□□□
00:08:38(15546f):field(15545f)
＿＿＿＿＿＿＿＿＿＿
＿＿＿＿＿＿＿＿＿＿
＿＿＿＿＿＿＿＿＿＿
＿＿＿＿＿＿＿＿＿＿
＿＿＿＿＿＿＿＿＿＿
＿＿＿＿＿＿＿＿＿＿
＿＿＿＿＿＿＿＿＿＿
＿＿＿＿＿＿＿＿＿＿
＿＿＿＿＿■＿＿＿＿
＿＿＿□■■＿＿＿＿
＿＿＿□■□＿＿＿＿
□＿□□□□＿＿＿＿
□□□□□□□□◆＿
□□□□□□□□□＿
□□□＿□□□□□□
＿□＿□□□□□□□
□□□□□□＿□□□
□□□□□□□□□＿
□□□□□□□□□＿
＿□□□□□□□□□
00:08:38(15561f):field(15560f)
＿＿＿＿＿＿＿＿＿＿
＿＿＿＿＿＿＿＿＿＿
＿＿＿＿＿＿＿＿＿＿
＿＿＿＿＿＿＿＿＿＿
＿＿＿＿＿＿＿＿＿＿
＿＿＿＿＿＿＿＿＿＿
＿＿＿＿＿＿＿＿＿＿
＿＿＿＿＿＿＿＿＿＿
＿＿＿＿＿□＿＿＿＿
＿＿＿□□□＿＿＿＿
■■■□□□＿＿＿＿
□■□□□□＿＿＿＿
□□□□□□□□＿＿
□□□□□□□□□＿
□□□＿□□□□□□
＿□＿□□□□□□□
□□□□□□＿□□□
□□□□□□□□□＿
□□□□□□□□□＿
＿□□□□□□□□□
00:08:39(15578f):field(15577f)
＿＿＿＿＿＿＿＿＿＿
＿＿＿＿＿＿＿＿＿＿
＿＿＿＿＿＿＿＿＿＿
＿＿＿＿＿＿＿＿＿＿
＿＿＿＿＿＿＿＿＿＿
＿＿＿＿＿＿＿＿＿＿
＿＿＿＿＿＿＿＿＿＿
■＿＿＿＿＿＿＿＿＿
■＿＿＿＿□＿＿＿＿
■■＿□□□＿＿＿＿
□□□□□□＿＿＿＿
□□□□□□＿＿＿＿
□□□□□□□□＿＿
□□□□□□□□□＿
□□□＿□□□□□□
＿□＿□□□□□□□
□□□□□□＿□□□
□□□□□□□□□＿
□□□□□□□□□＿
＿□□□□□□□□□
00:08:39(15592f):field(15591f)
＿＿＿＿＿＿＿＿＿＿
＿＿＿＿＿＿＿＿＿＿
＿＿＿＿＿＿＿＿＿＿
＿＿＿＿＿＿＿＿＿＿
＿＿＿＿＿＿＿＿＿＿
＿＿＿＿＿＿＿＿＿＿
＿＿＿＿＿＿＿＿＿＿
□＿＿＿＿＿＿＿＿＿
□＿＿＿＿□＿＿＿＿
□□＿□□□＿＿＿＿
□□□□□□＿＿＿＿
□□□□□□■■■＿
□□□□□□□□■＿
□□□□□□□□□＿
□□□＿□□□□□□
＿□＿□□□□□□□
□□□□□□＿□□□
□□□□□□□□□＿
□□□□□□□□□＿
＿□□□□□□□□□
00:08:40(15604f):field(15603f)
＿＿＿＿＿＿＿＿＿＿
＿＿＿＿＿＿＿＿＿＿
＿＿＿＿＿＿＿＿＿＿
＿＿＿＿＿＿＿＿＿＿
＿＿＿＿＿＿＿＿＿＿
＿＿＿＿＿＿＿＿＿＿
＿＿＿＿＿＿＿＿＿＿
◆＿＿＿＿＿＿＿＿＿
◆＿＿＿＿◆＿＿＿＿
◆◆＿◆◆◆＿＿＿＿
□◆◆◆◆◆■＿＿＿
□□◆□◆□◆□◆＿
□□◆□□□◆□□＿
□□□□□□◆□◆■
□□□＿□□□□□□
＿□■□□□□□□□
□□□□□□＿□□□
□□□□□□□□□＿
□□□□□□□□□＿
＿□□□□□□□□□
00:08:40(15615f):field(15614f)
＿＿＿＿＿＿＿＿＿＿
＿＿＿＿＿＿＿＿＿＿
＿＿＿＿＿＿＿＿＿＿
＿＿＿＿＿＿＿＿＿＿
＿＿＿＿＿＿＿＿＿＿
＿＿＿＿＿＿＿＿＿＿
＿＿＿＿＿＿＿＿＿＿
＿＿＿＿＿＿＿＿＿＿
＿＿＿＿＿＿＿＿＿＿
＿＿＿＿＿＿＿＿＿＿
□＿＿■■＿◆＿＿＿
□◆＿□■□＿◆＿＿
□□＿□□□＿◆◆＿
□□□□□□＿◆＿□
□□□＿□□□□□□
＿□◆□□□□□□□
□□□□□□＿□□□
□□□□□□□□□＿
□□□□□□□□□＿
＿□□□□□□□□□
00:08:40(15629f):field(15628f)
＿＿＿＿＿＿＿＿＿＿
＿＿＿＿＿＿＿＿＿＿
＿＿＿＿＿＿＿＿＿＿
＿＿＿＿＿＿＿＿＿＿
＿＿＿＿＿＿＿＿＿＿
＿＿＿＿＿＿＿＿＿＿
＿＿＿＿＿＿＿＿＿＿
＿＿＿＿＿＿＿＿＿＿
＿＿＿＿＿＿＿＿＿＿
＿＿＿＿＿＿＿＿＿＿
◆＿＿◆◆＿＿＿＿＿
□＿＿□□◆＿＿＿＿
□□＿□□□＿＿＿■
□□◆□□□＿■＿◆
□□□＿□□□□□□
＿□■□□□□□□□
□□□□□□＿□□□
□□□□□□□□□＿
□□□□□□□□□＿
＿□□□□□□□□□
00:08:41(15645f):field(15644f)
＿＿＿＿＿＿＿＿＿＿
＿＿＿＿＿＿＿＿＿＿
＿＿＿＿＿＿＿＿＿＿
＿＿＿＿＿＿＿＿＿＿
＿＿＿＿＿＿＿＿＿＿
＿＿＿＿＿＿＿＿＿＿
＿＿＿＿＿＿＿＿＿＿
＿＿＿＿＿＿＿＿＿＿
＿＿＿＿＿＿＿＿＿＿
＿＿＿＿＿＿＿＿＿＿
■■＿＿＿＿＿＿＿＿
□■＿□□＿＿＿＿＿
□□＿□□□＿＿＿◆
□□＿□□□＿□＿＿
□□□＿□□□□□□
＿□◆□□□□□□□
□□□□□□＿□□□
□□□□□□□□□＿
□□□□□□□□□＿
＿□□□□□□□□□
00:08:42(15664f):field(15663f)
＿＿＿＿＿＿＿＿＿＿
＿＿＿＿＿＿＿＿＿＿
＿＿＿＿＿＿＿＿＿＿
＿＿＿＿＿＿＿＿＿＿
＿＿＿＿＿＿＿＿＿＿
＿＿＿＿＿＿＿＿＿＿
＿＿＿＿＿＿＿＿＿＿
＿＿＿＿＿＿＿＿＿＿
＿＿＿＿＿＿＿＿＿＿
＿＿＿＿＿＿＿＿＿＿
□□＿＿＿＿＿＿＿＿
□□＿□□＿＿■＿＿
□□＿□□□＿■■＿
□□＿□□□＿□■＿
□□□＿□□□□□□
＿□＿□□□□□□□
□□□□□□＿□□□
□□□□□□□□□＿
□□□□□□□□□＿
＿□□□□□□□□□
00:08:42(15677f):field(15676f)
＿＿＿＿＿＿＿＿＿＿
＿＿＿＿＿＿＿＿＿＿
＿＿＿＿＿＿＿＿＿＿
＿＿＿＿＿＿＿＿＿＿
＿＿＿＿＿＿＿＿＿＿
＿＿＿＿＿＿＿＿＿＿
＿＿＿＿＿＿＿＿＿＿
＿＿＿＿＿＿＿＿＿＿
＿＿＿＿＿＿＿＿＿＿
＿＿＿＿＿＿＿＿＿＿
□□＿■■■＿＿＿＿
□□＿□□■＿□＿＿
□□＿□□□＿□□＿
□□＿□□□＿□□＿
□□□＿□□□□□□
＿□＿□□□□□□□
□□□□□□＿□□□
□□□□□□□□□＿
□□□□□□□□□＿
＿□□□□□□□□□
00:08:43(15690f):field(15689f)
＿＿＿＿＿＿＿＿＿＿
＿＿＿＿＿＿＿＿＿＿
＿＿＿＿＿＿＿＿＿＿
＿＿＿＿＿＿＿＿＿＿
＿＿＿＿＿＿＿＿＿＿
＿＿＿＿＿＿＿＿＿＿
＿＿＿＿＿＿＿＿＿＿
＿＿＿＿＿＿＿＿＿＿
＿＿＿＿＿＿＿＿＿＿
＿＿＿＿＿＿＿＿＿＿
□□＿□□□■＿＿＿
□□＿□□□■□＿＿
□□＿□□□■□□＿
□□＿□□□■□□＿
□□□＿□□□□□□
＿□＿□□□□□□□
□□□□□□＿□□□
□□□□□□□□□＿
□□□□□□□□□＿
＿□□□□□□□□□
00:08:43(15703f):field(15702f)
＿＿＿＿＿＿＿＿＿＿
＿＿＿＿＿＿＿＿＿＿
＿＿＿＿＿＿＿＿＿＿
＿＿＿＿＿＿＿＿＿＿
＿＿＿＿＿＿＿＿＿＿
＿＿＿＿＿＿＿＿＿＿
＿＿＿＿＿＿＿＿＿＿
＿＿＿＿＿＿＿＿＿＿
＿＿＿＿＿＿＿＿＿＿
＿＿＿＿＿＿＿＿＿＿
□□＿□□□□＿＿■
□□＿□□□□□■■
□□＿□□□□□□■
□□＿□□□□□□＿
□□□＿□□□□□□
＿□＿□□□□□□□
□□□□□□＿□□□
□□□□□□□□□＿
□□□□□□□□□＿
＿□□□□□□□□□
00:08:43(15714f):field(15713f)
＿＿＿＿＿＿＿＿＿＿
＿＿＿＿＿＿＿＿＿＿
＿＿＿＿＿＿＿＿＿＿
＿＿＿＿＿＿＿＿＿＿
＿＿＿＿＿＿＿＿＿＿
＿＿＿＿＿＿＿＿＿＿
＿＿＿＿＿＿＿＿＿＿
＿＿＿＿＿＿＿＿＿＿
＿＿＿＿＿＿＿＿＿＿
＿＿＿＿＿＿＿■■＿
□□＿□□□□■■□
□□＿□□□□□□□
□□＿□□□□□□□
□□＿□□□□□□＿
□□□＿□□□□□□
＿□＿□□□□□□□
□□□□□□＿□□□
□□□□□□□□□＿
□□□□□□□□□＿
＿□□□□□□□□□
00:08:44(15730f):field(15729f)
＿＿＿＿＿＿＿＿＿＿
＿＿＿＿＿＿＿＿＿＿
＿＿＿＿＿＿＿＿＿＿
＿＿＿＿＿＿＿＿＿＿
＿＿＿＿＿＿＿＿＿＿
＿＿＿＿＿＿＿＿＿＿
＿＿＿＿＿＿＿＿＿＿
＿＿＿＿＿＿＿■＿＿
＿＿＿＿＿＿■■＿＿
＿＿＿＿＿＿■□□＿
□□＿□□□□□□□
□□＿□□□□□□□
□□＿□□□□□□□
□□＿□□□□□□＿
□□□＿□□□□□□
＿□＿□□□□□□□
□□□□□□＿□□□
□□□□□□□□□＿
□□□□□□□□□＿
＿□□□□□□□□□
00:08:44(15742f):field(15741f)
＿＿＿＿＿＿＿＿＿＿
＿＿＿＿＿＿＿＿＿＿
＿＿＿＿＿＿＿＿＿＿
＿＿＿＿＿＿＿＿＿＿
＿＿＿＿＿＿＿＿＿＿
＿＿＿＿＿＿＿＿＿＿
＿＿＿＿＿＿＿＿＿＿
＿＿＿＿＿＿＿□＿＿
＿＿＿＿＿■□□＿＿
＿＿＿■■■□□□＿
□□＿□□□□□□□
□□＿□□□□□□□
□□＿□□□□□□□
□□＿□□□□□□＿
□□□＿□□□□□□
＿□＿□□□□□□□
□□□□□□＿□□□
□□□□□□□□□＿
□□□□□□□□□＿
＿□□□□□□□□□
00:08:45(15754f):field(15753f)
＿＿＿＿＿＿＿＿＿＿
＿＿＿＿＿＿＿＿＿＿
＿＿＿＿＿＿＿＿＿＿
＿＿＿＿＿＿＿＿＿＿
＿＿＿＿＿＿＿＿＿＿
＿＿＿＿＿＿＿＿＿＿
＿＿＿＿＿＿＿＿＿＿
＿＿＿＿■■＿□＿＿
＿＿＿■■□□□＿＿
＿＿＿□□□□□□＿
□□＿□□□□□□□
□□＿□□□□□□□
□□＿□□□□□□□
□□＿□□□□□□＿
□□□＿□□□□□□
＿□＿□□□□□□□
□□□□□□＿□□□
□□□□□□□□□＿
□□□□□□□□□＿
＿□□□□□□□□□
00:08:45(15766f):field(15765f)
＿＿＿＿＿＿＿＿＿＿
＿＿＿＿＿＿＿＿＿＿
＿＿＿＿＿＿＿＿＿＿
＿＿＿＿＿＿＿＿＿＿
＿＿＿＿＿＿＿＿＿＿
＿＿＿＿＿＿＿＿＿＿
＿＿＿＿■■■＿＿＿
＿＿＿＿□□■□＿＿
＿＿＿□□□□□＿＿
＿＿＿□□□□□□＿
□□＿□□□□□□□
□□＿□□□□□□□
□□＿□□□□□□□
□□＿□□□□□□＿
□□□＿□□□□□□
＿□＿□□□□□□□
□□□□□□＿□□□
□□□□□□□□□＿
□□□□□□□□□＿
＿□□□□□□□□□
00:08:46(15780f):field(15779f)
＿＿＿＿＿＿＿＿＿＿
＿＿＿＿＿＿＿＿＿＿
＿＿＿＿＿＿＿＿＿＿
＿＿＿＿＿＿＿＿＿＿
＿＿＿＿＿＿＿＿＿＿
＿＿＿＿＿＿＿＿＿＿
＿＿＿＿◆◆◆＿＿＿
＿＿＿＿◆◆◆◆＿＿
＿＿＿◆◆◆◆◆＿＿
＿■＿□□□□□◆＿
◆◆＿◆□□□□◆◆
◆◆■□□□□□◆◆
□◆■□□□□□□◆
□□■□□□□□□＿
□□□■□□□□□□
＿□＿□□□□□□□
□□□□□□＿□□□
□□□□□□□□□＿
□□□□□□□□□＿
＿□□□□□□□□□
00:08:46(15791f):field(15790f)
＿＿＿＿＿＿＿＿＿＿
＿＿＿＿＿＿＿＿＿＿
＿＿＿＿＿＿＿＿＿＿
＿＿＿＿＿＿＿＿＿＿
＿＿＿＿＿＿＿＿＿＿
＿＿＿＿＿＿＿＿＿＿
＿＿＿＿＿＿＿＿＿＿
＿＿＿＿＿＿＿＿＿＿
＿＿＿＿＿＿＿＿＿＿
＿◆＿◆□□□◆＿＿
＿＿＿＿□□□□＿＿
■■◆□□□□□＿＿
◆■□□□□□□□＿
□□□□□□□□□＿
□□□◆□□□□□□
＿□＿□□□□□□□
□□□□□□＿□□□
□□□□□□□□□＿
□□□□□□□□□＿
＿□□□□□□□□□
00:08:46(15803f):field(15802f)
＿＿＿＿＿＿＿＿＿＿
＿＿＿＿＿＿＿＿＿＿
＿＿＿＿＿＿＿＿＿＿
＿＿＿＿＿＿＿＿＿＿
＿＿＿＿＿＿＿＿＿＿
＿＿＿＿＿＿＿＿＿＿
＿＿＿＿＿＿＿＿＿＿
＿＿＿＿■■＿＿＿＿
＿＿＿＿■■＿＿＿＿
＿＿＿＿□□□＿＿＿
＿＿＿＿□□□□＿＿
□□＿□□□□□＿＿
＿□□□□□□□□＿
□□□□□□□□□＿
□□□＿□□□□□□
＿□＿□□□□□□□
□□□□□□＿□□□
□□□□□□□□□＿
□□□□□□□□□＿
＿□□□□□□□□□
00:08:47(15816f):field(15815f)
＿＿＿＿＿＿＿＿＿＿
＿＿＿＿＿＿＿＿＿＿
＿＿＿＿＿＿＿＿＿＿
＿＿＿＿＿＿＿＿＿＿
＿＿＿＿＿＿＿＿＿＿
＿＿＿＿＿＿＿＿＿＿
＿＿＿＿＿＿＿＿＿＿
＿＿＿＿□□＿＿＿＿
＿＿＿＿□□＿＿＿＿
＿■＿＿□□□＿＿＿
＿■■＿□□□□＿＿
□□■□□□□□＿＿
＿□□□□□□□□＿
□□□□□□□□□＿
□□□＿□□□□□□
＿□＿□□□□□□□
□□□□□□＿□□□
□□□□□□□□□＿
□□□□□□□□□＿
＿□□□□□□□□□
00:08:47(15830f):field(15829f)
＿＿＿＿＿＿＿＿＿＿
＿＿＿＿＿＿＿＿＿＿
＿＿＿＿＿＿＿＿＿＿
＿＿＿＿＿＿＿＿＿＿
＿＿＿＿＿＿＿＿＿＿
＿＿＿＿＿＿＿＿＿＿
＿＿＿＿＿＿＿＿＿＿
＿＿＿＿□□＿＿＿＿
＿＿＿＿□□＿＿＿＿
＿□＿＿□□□＿■■
＿□□＿□□□□■＿
□□□□□□□□■＿
＿□□□□□□□□＿
□□□□□□□□□＿
□□□＿□□□□□□
＿□＿□□□□□□□
□□□□□□＿□□□
□□□□□□□□□＿
□□□□□□□□□＿
＿□□□□□□□□□
00:08:48(15843f):field(15842f)
＿＿＿＿＿＿＿＿＿＿
＿＿＿＿＿＿＿＿＿＿
＿＿＿＿＿＿＿＿＿＿
＿＿＿＿＿＿＿＿＿＿
＿＿＿＿＿＿＿＿＿＿
＿＿＿＿＿＿＿＿＿＿
＿＿＿＿＿＿＿＿＿＿
＿＿＿■□□＿＿＿＿
＿＿＿■□□＿＿＿＿
＿□＿■□□□＿□□
＿□□■□□□□□＿
□□□□□□□□□＿
＿□□□□□□□□＿
□□□□□□□□□＿
□□□＿□□□□□□
＿□＿□□□□□□□
□□□□□□＿□□□
□□□□□□□□□＿
□□□□□□□□□＿
＿□□□□□□□□□
00:08:48(15854f):field(15853f)
＿＿＿＿＿＿＿＿＿＿
＿＿＿＿＿＿＿＿＿＿
＿＿＿＿＿＿＿＿＿＿
＿＿＿＿＿＿＿＿＿＿
＿＿＿＿＿＿＿＿＿＿
＿＿＿＿＿＿＿＿＿＿
＿＿＿＿＿＿＿＿＿＿
＿＿＿□□□＿＿＿＿
＿＿＿□□□■■■＿
＿□＿□□□□■□□
＿□□□□□□□□＿
□□□□□□□□□＿
＿□□□□□□□□＿
□□□□□□□□□＿
□□□＿□□□□□□
＿□＿□□□□□□□
□□□□□□＿□□□
□□□□□□□□□＿
□□□□□□□□□＿
＿□□□□□□□□□
00:08:49(15883f):field(15882f)
＿＿＿＿＿＿＿＿＿＿
＿＿＿＿＿＿＿＿＿＿
＿＿＿＿＿＿＿＿＿＿
＿＿＿＿＿＿＿＿＿＿
＿＿＿＿＿＿＿＿＿＿
＿＿＿＿■■＿＿＿＿
＿＿＿■■■■＿＿＿
＿＿＿□□□■■＿＿
＿＿＿□□□□□□＿
＿□＿□□□□□□□
＿□□□□□□□□＿
□□□□□□□□□＿
＿□□□□□□□□＿
□□□□□□□□□＿
□□□＿□□□□□□
＿□＿□□□□□□□
□□□□□□＿□□□
□□□□□□□□□＿
□□□□□□□□□＿
＿□□□□□□□□□
00:08:49(15897f):field(15896f)
＿＿＿＿＿＿＿＿＿＿
＿＿＿＿＿＿＿＿＿＿
＿＿＿＿＿＿＿＿＿＿
＿＿＿＿＿＿■■＿＿
＿＿＿＿＿■■＿＿＿
＿＿＿＿□□＿＿＿＿
＿＿＿□□□□＿＿＿
＿＿＿□□□□□＿＿
＿＿＿□□□□□□＿
＿□＿□□□□□□□
＿□□□□□□□□＿
□□□□□□□□□＿
＿□□□□□□□□＿
□□□□□□□□□＿
□□□＿□□□□□□
＿□＿□□□□□□□
□□□□□□＿□□□
□□□□□□□□□＿
□□□□□□□□□＿
＿□□□□□□□□□
00:08:50(15904f):field(15903f)
＿＿＿＿＿＿＿＿＿＿
＿＿＿＿＿＿＿＿＿＿
＿＿＿＿■■＿＿＿＿
＿＿＿＿■■□□＿＿
＿＿＿＿＿□□＿＿＿
＿＿＿＿□□＿＿＿＿
＿＿＿□□□□＿＿＿
＿＿＿□□□□□＿＿
＿＿＿□□□□□□＿
＿□＿□□□□□□□
＿□□□□□□□□＿
□□□□□□□□□＿
＿□□□□□□□□＿
□□□□□□□□□＿
□□□＿□□□□□□
＿□＿□□□□□□□
□□□□□□＿□□□
□□□□□□□□□＿
□□□□□□□□□＿
＿□□□□□□□□□
00:08:50(15923f):field(15922f)
＿＿＿＿＿＿＿＿＿＿
＿＿＿＿＿＿＿＿＿＿
＿＿＿＿□□＿＿＿＿
＿＿＿＿□□□□＿＿
＿＿＿＿＿□□＿＿＿
＿＿＿＿□□＿＿＿＿
＿＿＿□□□□＿＿＿
＿＿＿□□□□□＿＿
■■＿□□□□□□＿
■□＿□□□□□□□
■□□□□□□□□＿
□□□□□□□□□＿
＿□□□□□□□□＿
□□□□□□□□□＿
□□□＿□□□□□□
＿□＿□□□□□□□
□□□□□□＿□□□
□□□□□□□□□＿
□□□□□□□□□＿
＿□□□□□□□□□
00:08:51(15936f):field(15935f)
＿＿＿＿＿＿＿＿＿＿
＿＿＿＿＿＿＿＿＿＿
＿＿＿＿□□＿＿＿＿
＿＿＿＿□□□□＿＿
＿＿＿＿＿□□＿＿＿
＿＿＿＿□□＿＿＿＿
＿＿■□□□□＿＿＿
＿■■□□□□□＿＿
□□■□□□□□□＿
□□＿□□□□□□□
□□□□□□□□□＿
□□□□□□□□□＿
＿□□□□□□□□＿
□□□□□□□□□＿
□□□＿□□□□□□
＿□＿□□□□□□□
□□□□□□＿□□□
□□□□□□□□□＿
□□□□□□□□□＿
＿□□□□□□□□□
00:08:51(15957f):field(15956f)
＿＿＿＿＿＿＿＿＿＿
＿＿＿＿＿＿＿＿＿＿
＿＿＿＿□□＿＿＿＿
＿＿＿＿□□□□＿＿
＿＿＿＿＿□□＿＿＿
■■■■□□＿＿＿＿
＿＿□□□□□＿＿＿
＿□□□□□□□＿＿
□□□□□□□□□＿
□□＿□□□□□□□
□□□□□□□□□＿
□□□□□□□□□＿
＿□□□□□□□□＿
□□□□□□□□□＿
□□□＿□□□□□□
＿□＿□□□□□□□
□□□□□□＿□□□
□□□□□□□□□＿
□□□□□□□□□＿
＿□□□□□□□□□
00:08:52(15973f):field(15972f)
＿＿＿＿＿＿＿＿＿＿
＿＿＿＿＿＿＿＿＿＿
＿＿＿＿□□＿＿＿＿
＿■■＿□□□□＿＿
■■＿＿＿□□＿＿＿
□□□□□□＿＿＿＿
＿＿□□□□□＿＿＿
＿□□□□□□□＿＿
□□□□□□□□□＿
□□＿□□□□□□□
□□□□□□□□□＿
□□□□□□□□□＿
＿□□□□□□□□＿
□□□□□□□□□＿
□□□＿□□□□□□
＿□＿□□□□□□□
□□□□□□＿□□□
□□□□□□□□□＿
□□□□□□□□□＿
＿□□□□□□□□□
00:08:52(15987f):field(15986f)
＿＿＿＿＿＿＿＿＿＿
＿＿＿＿＿＿＿＿＿＿
＿＿＿＿□□＿＿＿＿
＿□□＿□□□□＿＿
□□＿＿＿□□＿＿＿
□□□□□□＿＿＿＿
＿＿□□□□□＿■■
＿□□□□□□□■■
□□□□□□□□□＿
□□＿□□□□□□□
□□□□□□□□□＿
□□□□□□□□□＿
＿□□□□□□□□＿
□□□□□□□□□＿
□□□＿□□□□□□
＿□＿□□□□□□□
□□□□□□＿□□□
□□□□□□□□□＿
□□□□□□□□□＿
＿□□□□□□□□□
00:08:53(16009f):field(16008f)
＿＿＿＿＿＿＿＿＿＿
＿＿＿＿＿＿＿＿＿＿
＿＿＿＿□□＿＿＿＿
＿□□＿□□□□■■
□□＿＿＿□□＿■＿
□□□□□□＿＿■＿
＿＿□□□□□＿□□
＿□□□□□□□□□
□□□□□□□□□＿
□□＿□□□□□□□
□□□□□□□□□＿
□□□□□□□□□＿
＿□□□□□□□□＿
□□□□□□□□□＿
□□□＿□□□□□□
＿□＿□□□□□□□
□□□□□□＿□□□
□□□□□□□□□＿
□□□□□□□□□＿
＿□□□□□□□□□
00:08:54(16024f):field(16023f)
＿＿＿＿＿＿＿＿＿＿
■＿＿＿＿＿＿＿＿＿
■■＿＿□□＿＿＿＿
■□□＿□□□□□□
□□＿＿＿□□＿□＿
□□□□□□＿＿□＿
＿＿□□□□□＿□□
＿□□□□□□□□□
□□□□□□□□□＿
□□＿□□□□□□□
□□□□□□□□□＿
□□□□□□□□□＿
＿□□□□□□□□＿
□□□□□□□□□＿
□□□＿□□□□□□
＿□＿□□□□□□□
□□□□□□＿□□□
□□□□□□□□□＿
□□□□□□□□□＿
＿□□□□□□□□□
00:08:54(16040f):field(16039f)
＿＿＿＿＿＿＿＿＿＿
□＿＿＿＿＿＿＿＿＿
□□＿＿□□■■■■
□□□＿□□□□□□
□□＿＿＿□□＿□＿
□□□□□□＿＿□＿
＿＿□□□□□＿□□
＿□□□□□□□□□
□□□□□□□□□＿
□□＿□□□□□□□
□□□□□□□□□＿
□□□□□□□□□＿
＿□□□□□□□□＿
□□□□□□□□□＿
□□□＿□□□□□□
＿□＿□□□□□□□
□□□□□□＿□□□
□□□□□□□□□＿
□□□□□□□□□＿
＿□□□□□□□□□
00:08:55(16055f):field(16054f)
＿＿＿＿＿＿＿＿＿＿
◆■＿＿＿＿＿■■＿
□□■＿◆◆□◆□◆
□□□■□□□□□□
□□＿■＿□□＿□＿
□□□□□□＿＿□＿
＿＿□□□□□＿□□
＿□□□□□□□□□
□□□□□□□□□＿
□□＿□□□□□□□
□□□□□□□□□＿
□□□□□□□□□＿
＿□□□□□□□□＿
□□□□□□□□□＿
□□□＿□□□□□□
＿□＿□□□□□□□
□□□□□□＿□□□
□□□□□□□□□＿
□□□□□□□□□＿
＿□□□□□□□□□
00:08:55(16074f):field(16073f)
＿＿＿＿＿＿＿＿＿＿
＿◆＿＿＿＿＿◆◆＿
◆◆□＿＿＿◆＿◆＿
□□□□□□◆◆□□
□□■◆＿□□＿□＿
□□□□□□■＿□＿
＿＿□□□□□＿□□
＿□□□□□□□□□
□□□□□□□□□＿
□□＿□□□□□□□
□□□□□□□□□＿
□□□□□□□□□＿
＿□□□□□□□□＿
□□□□□□□□□＿
□□□＿□□□□□□
＿□＿□□□□□□□
□□□□□□＿□□□
□□□□□□□□□＿
□□□□□□□□□＿
＿□□□□□□□□□
00:08:56(16091f):field(16090f)
＿＿＿＿＿＿＿＿＿＿
＿＿＿＿＿＿＿＿＿＿
＿＿◆＿＿＿＿＿＿＿
□□□□□□＿■□□
□□◆＿＿□□＿□■
□□□□□□◆＿□＿
＿＿□□□□□＿□□
＿□□□□□□□□□
□□□□□□□□□＿
□□＿□□□□□□□
□□□□□□□□□＿
□□□□□□□□□＿
＿□□□□□□□□＿
□□□□□□□□□＿
□□□＿□□□□□□
＿□＿□□□□□□□
□□□□□□＿□□□
□□□□□□□□□＿
□□□□□□□□□＿
＿□□□□□□□□□
00:08:56(16109f):field(16108f)
＿＿＿＿＿＿＿＿＿＿
＿＿＿＿＿＿＿＿＿＿
＿＿■＿＿■＿＿＿＿
□□◆□◆□■◆□□
□□■＿＿□□＿□□
□□□□□□＿＿□＿
＿＿□□□□□＿□□
＿□□□□□□□□□
□□□□□□□□□＿
□□＿□□□□□□□
□□□□□□□□□＿
□□□□□□□□□＿
＿□□□□□□□□＿
□□□□□□□□□＿
□□□＿□□□□□□
＿□＿□□□□□□□
□□□□□□＿□□□
□□□□□□□□□＿
□□□□□□□□□＿
＿□□□□□□□□□
00:08:57(16123f):field(16122f)
＿＿＿＿＿＿＿＿＿＿
＿＿＿＿＿＿＿＿＿＿
＿＿◆＿＿□＿＿＿＿
◆◆＿□■□□＿◆◆
□□◆■■□□＿□□
□□□□□□＿＿□＿
＿＿□□□□□＿□□
＿□□□□□□□□□
□□□□□□□□□＿
□□＿□□□□□□□
□□□□□□□□□＿
□□□□□□□□□＿
＿□□□□□□□□＿
□□□□□□□□□＿
□□□＿□□□□□□
＿□＿□□□□□□□
□□□□□□＿□□□
□□□□□□□□□＿
□□□□□□□□□＿
＿□□□□□□□□□
00:08:58(16140f):field(16139f)
＿＿＿＿＿＿＿＿＿＿
＿＿＿＿＿＿＿＿＿＿
＿＿＿＿＿□＿＿＿＿
＿＿＿□□□□■＿＿
□□＿□□□□■□□
□□□□□□＿■□＿
＿＿□□□□□■□□
＿□□□□□□□□□
□□□□□□□□□＿
□□＿□□□□□□□
□□□□□□□□□＿
□□□□□□□□□＿
＿□□□□□□□□＿
□□□□□□□□□＿
□□□＿□□□□□□
＿□＿□□□□□□□
□□□□□□＿□□□
□□□□□□□□□＿
□□□□□□□□□＿
＿□□□□□□□□□
00:08:58(16156f):field(16155f)
＿＿＿＿＿＿＿＿＿＿
＿＿＿＿＿＿＿＿＿＿
＿＿＿＿＿◆＿＿＿＿
＿＿■◆◆□◆◆＿＿
◆□■□□□□□◆◆
□□□□□□＿□□＿
＿■□□□□□□□□
＿□□□□□□□□□
□□□□□□□□□＿
□□＿□□□□□□□
□□□□□□□□□＿
□□□□□□□□□＿
＿□□□□□□□□＿
□□□□□□□□□＿
□□□＿□□□□□□
＿□＿□□□□□□□
□□□□□□＿□□□
□□□□□□□□□＿
□□□□□□□□□＿
＿□□□□□□□□□
00:08:58(16169f):field(16168f)
＿＿＿＿＿＿＿＿＿＿
＿＿＿＿＿＿＿＿＿＿
＿＿＿＿＿＿＿＿＿■
＿＿□＿＿□＿＿＿■
＿□□□□□□□■■
□□□□□□＿□□＿
＿◆□□□□□□□□
＿□□□□□□□□□
□□□□□□□□□＿
□□＿□□□□□□□
□□□□□□□□□＿
□□□□□□□□□＿
＿□□□□□□□□＿
□□□□□□□□□＿
□□□＿□□□□□□
＿□＿□□□□□□□
□□□□□□＿□□□
□□□□□□□□□＿
□□□□□□□□□＿
＿□□□□□□□□□
00:08:59(16183f):field(16182f)
＿＿＿＿＿＿＿＿＿＿
＿＿＿＿＿＿＿＿＿＿
＿＿＿＿■■＿＿＿□
＿＿□■■□＿＿＿□
＿□□□□□□□□□
□□□□□□＿□□＿
＿＿□□□□□□□□
＿□□□□□□□□□
□□□□□□□□□＿
□□＿□□□□□□□
□□□□□□□□□＿
□□□□□□□□□＿
＿□□□□□□□□＿
□□□□□□□□□＿
□□□＿□□□□□□
＿□＿□□□□□□□
□□□□□□＿□□□
□□□□□□□□□＿
□□□□□□□□□＿
＿□□□□□□□□□
00:08:59(16198f):field(16197f)
＿＿＿＿＿＿＿＿＿＿
＿＿＿＿＿＿＿＿＿＿
＿＿＿＿◆◆＿＿＿◆
＿■◆◆□□＿■＿□
■□□□□□◆□◆□
□□□□□□＿□□＿
＿■□□□□□□□□
＿□□□□□□□□□
□□□□□□□□□＿
□□＿□□□□□□□
□□□□□□□□□＿
□□□□□□□□□＿
＿□□□□□□□□＿
□□□□□□□□□＿
□□□＿□□□□□□
＿□＿□□□□□□□
□□□□□□＿□□□
□□□□□□□□□＿
□□□□□□□□□＿
＿□□□□□□□□□
00:09:00(16211f):field(16210f)
＿＿＿＿＿＿＿＿＿＿
＿＿＿＿＿＿＿＿＿＿
＿＿■■＿＿＿＿＿＿
＿□■■□□＿◆＿□
□□□□□□＿◆＿□
□□□□□□＿□□＿
＿◆□□□□□□□□
＿□□□□□□□□□
□□□□□□□□□＿
□□＿□□□□□□□
□□□□□□□□□＿
□□□□□□□□□＿
＿□□□□□□□□＿
□□□□□□□□□＿
□□□＿□□□□□□
＿□＿□□□□□□□
□□□□□□＿□□□
□□□□□□□□□＿
□□□□□□□□□＿
＿□□□□□□□□□
00:09:00(16222f):field(16221f)
＿＿＿＿＿＿＿＿＿＿
＿＿＿＿＿＿＿＿＿＿
＿＿□□＿＿＿＿＿＿
＿□□□□□■＿＿□
□□□□□□■■＿□
□□□□□□■□□＿
＿＿□□□□□□□□
＿□□□□□□□□□
□□□□□□□□□＿
□□＿□□□□□□□
□□□□□□□□□＿
□□□□□□□□□＿
＿□□□□□□□□＿
□□□□□□□□□＿
□□□＿□□□□□□
＿□＿□□□□□□□
□□□□□□＿□□□
□□□□□□□□□＿
□□□□□□□□□＿
＿□□□□□□□□□
00:09:01(16237f):field(16236f)
＿＿＿＿＿＿＿＿＿＿
＿＿＿＿＿＿■＿＿＿
＿＿□□■■■＿＿＿
＿□□□□□□＿＿□
□□□□□□□□＿□
□□□□□□□□□＿
＿＿□□□□□□□□
＿□□□□□□□□□
□□□□□□□□□＿
□□＿□□□□□□□
□□□□□□□□□＿
□□□□□□□□□＿
＿□□□□□□□□＿
□□□□□□□□□＿
□□□＿□□□□□□
＿□＿□□□□□□□
□□□□□□＿□□□
□□□□□□□□□＿
□□□□□□□□□＿
＿□□□□□□□□□
00:09:01(16251f):field(16250f)
＿＿＿＿＿＿＿＿＿＿
■■＿＿＿＿□＿＿＿
■■□□□□□＿＿＿
＿□□□□□□＿＿□
□□□□□□□□＿□
□□□□□□□□□＿
＿＿□□□□□□□□
＿□□□□□□□□□
□□□□□□□□□＿
□□＿□□□□□□□
□□□□□□□□□＿
□□□□□□□□□＿
＿□□□□□□□□＿
□□□□□□□□□＿
□□□＿□□□□□□
＿□＿□□□□□□□
□□□□□□＿□□□
□□□□□□□□□＿
□□□□□□□□□＿
＿□□□□□□□□□
00:09:02(16272f):field(16271f)
＿＿＿＿＿＿＿＿＿＿
□□■■■■□＿＿＿
□□□□□□□＿＿＿
＿□□□□□□＿＿□
□□□□□□□□＿□
□□□□□□□□□＿
＿＿□□□□□□□□
＿□□□□□□□□□
□□□□□□□□□＿
□□＿□□□□□□□
□□□□□□□□□＿
□□□□□□□□□＿
＿□□□□□□□□＿
□□□□□□□□□＿
□□□＿□□□□□□
＿□＿□□□□□□□
□□□□□□＿□□□
□□□□□□□□□＿
□□□□□□□□□＿
＿□□□□□□□□□
00:09:05(16360f):game end
