00:34:10(61523f):game start
00:34:14(61645f):field(61644f)
＿＿＿＿＿＿＿＿＿＿
＿＿＿＿＿＿＿＿＿＿
＿＿＿＿＿＿＿＿＿＿
＿＿＿＿＿＿＿＿＿＿
＿＿＿＿＿＿＿＿＿＿
＿＿＿＿＿＿＿＿＿＿
＿＿＿＿＿＿＿＿＿＿
＿＿＿＿＿＿＿＿＿＿
＿＿＿＿＿＿＿＿＿＿
＿＿＿＿＿＿＿＿＿＿
＿＿＿＿＿＿＿＿＿＿
＿＿＿＿＿＿＿＿＿＿
＿＿＿＿＿＿＿＿＿＿
＿＿＿＿＿＿＿＿＿＿
＿＿＿＿＿＿＿＿＿＿
＿＿＿＿＿＿＿＿＿＿
＿＿＿＿＿＿＿＿＿＿
＿＿＿＿＿＿＿＿＿＿
■＿＿＿＿＿＿＿＿＿
■■■＿＿＿＿＿＿＿
00:34:16(61687f):field(61686f)
＿＿＿＿＿＿＿＿＿＿
＿＿＿＿＿＿＿＿＿＿
＿＿＿＿＿＿＿＿＿＿
＿＿＿＿＿＿＿＿＿＿
＿＿＿＿＿＿＿＿＿＿
＿＿＿＿＿＿＿＿＿＿
＿＿＿＿＿＿＿＿＿＿
＿＿＿＿＿＿＿＿＿＿
＿＿＿＿＿＿＿＿＿＿
＿＿＿＿＿＿＿＿＿＿
＿＿＿＿＿＿＿＿＿＿
＿＿＿＿＿＿＿＿＿＿
＿＿＿＿＿＿＿＿＿＿
＿＿＿＿＿＿＿＿＿＿
＿＿＿＿＿＿＿＿＿＿
＿＿＿＿＿＿＿＿＿＿
＿＿＿＿＿＿＿＿＿＿
＿＿＿＿＿＿＿＿＿＿
□＿＿＿＿＿＿＿＿＿
□□□■■■■＿＿＿
00:34:17(61725f):field(61724f)
＿＿＿＿＿＿＿＿＿＿
＿＿＿＿＿＿＿＿＿＿
＿＿＿＿＿＿＿＿＿＿
＿＿＿＿＿＿＿＿＿＿
＿＿＿＿＿＿＿＿＿＿
＿＿＿＿＿＿＿＿＿＿
＿＿＿＿＿＿＿＿＿＿
＿＿＿＿＿＿＿＿＿＿
＿＿＿＿＿＿＿＿＿＿
＿＿＿＿＿＿＿＿＿＿
＿＿＿＿＿＿＿＿＿＿
＿＿＿＿＿＿＿＿＿＿
＿＿＿＿＿＿＿＿＿＿
＿＿＿＿＿＿＿＿＿＿
＿＿＿＿＿＿＿＿＿＿
＿＿＿＿＿＿＿＿＿＿
＿＿＿＿＿＿＿＿＿＿
＿＿＿＿＿＿＿＿＿＿
□＿＿＿＿＿＿■■＿
□□□□□□□■■＿
00:34:19(61771f):field(61770f)
＿＿＿＿＿＿＿＿＿＿
＿＿＿＿＿＿＿＿＿＿
＿＿＿＿＿＿＿＿＿＿
＿＿＿＿＿＿＿＿＿＿
＿＿＿＿＿＿＿＿＿＿
＿＿＿＿＿＿＿＿＿＿
＿＿＿＿＿＿＿＿＿＿
＿＿＿＿＿＿＿＿＿＿
＿＿＿＿＿＿＿＿＿＿
＿＿＿＿＿＿＿＿＿＿
＿＿＿＿＿＿＿＿＿＿
＿＿＿＿＿＿＿＿＿＿
＿＿＿＿＿＿＿＿＿＿
＿＿＿＿＿＿＿＿＿＿
＿＿＿＿＿＿＿＿＿＿
＿＿＿＿＿＿＿＿＿＿
＿＿＿＿＿＿＿＿＿＿
＿＿＿＿＿＿■■＿＿
□＿＿＿＿■■□□＿
□□□□□□□□□＿
00:34:20(61812f):field(61811f)
＿＿＿＿＿＿＿＿＿＿
＿＿＿＿＿＿＿＿＿＿
＿＿＿＿＿＿＿＿＿＿
＿＿＿＿＿＿＿＿＿＿
＿＿＿＿＿＿＿＿＿＿
＿＿＿＿＿＿＿＿＿＿
＿＿＿＿＿＿＿＿＿＿
＿＿＿＿＿＿＿＿＿＿
＿＿＿＿＿＿＿＿＿＿
＿＿＿＿＿＿＿＿＿＿
＿＿＿＿＿＿＿＿＿＿
＿＿＿＿＿＿＿＿＿＿
＿＿＿＿＿＿＿＿＿＿
＿＿＿＿＿＿＿＿＿＿
＿＿＿＿＿＿＿＿＿＿
＿＿＿＿＿＿＿＿＿＿
＿＿＿＿＿＿＿＿＿＿
＿＿＿＿■＿□□＿＿
□＿■■■□□□□＿
□□□□□□□□□＿
00:34:21(61842f):field(61841f)
＿＿＿＿＿＿＿＿＿＿
＿＿＿＿＿＿＿＿＿＿
＿＿＿＿＿＿＿＿＿＿
＿＿＿＿＿＿＿＿＿＿
＿＿＿＿＿＿＿＿＿＿
＿＿＿＿＿＿＿＿＿＿
＿＿＿＿＿＿＿＿＿＿
＿＿＿＿＿＿＿＿＿＿
＿＿＿＿＿＿＿＿＿＿
＿＿＿＿＿＿＿＿＿＿
＿＿＿＿＿＿＿＿＿＿
＿＿＿＿＿＿＿＿＿＿
＿＿＿＿＿＿＿＿＿＿
＿＿＿＿＿＿＿＿＿＿
＿＿＿＿＿＿＿＿＿＿
＿＿＿＿＿＿＿＿＿＿
＿＿＿＿＿＿＿＿＿＿
■■■＿□＿□□＿＿
□■□□□□□□□＿
□□□□□□□□□＿
00:34:22(61873f):field(61872f)
＿＿＿＿＿＿＿＿＿＿
＿＿＿＿＿＿＿＿＿＿
＿＿＿＿＿＿＿＿＿＿
＿＿＿＿＿＿＿＿＿＿
＿＿＿＿＿＿＿＿＿＿
＿＿＿＿＿＿＿＿＿＿
＿＿＿＿＿＿＿＿＿＿
＿＿＿＿＿＿＿＿＿＿
＿＿＿＿＿＿＿＿＿＿
＿＿＿＿＿＿＿＿＿＿
＿＿＿＿＿＿＿＿＿＿
＿＿＿＿＿＿＿＿＿＿
＿＿＿＿＿＿＿＿＿＿
＿＿＿＿＿＿＿＿＿＿
＿＿＿＿＿＿＿＿＿＿
＿＿＿＿■＿＿＿＿＿
＿＿＿■■＿＿＿＿＿
□□□■□＿□□＿＿
□□□□□□□□□＿
□□□□□□□□□＿
00:34:23(61905f):field(61904f)
＿＿＿＿＿＿＿＿＿＿
＿＿＿＿＿＿＿＿＿＿
＿＿＿＿＿＿＿＿＿＿
＿＿＿＿＿＿＿＿＿＿
＿＿＿＿＿＿＿＿＿＿
＿＿＿＿＿＿＿＿＿＿
＿＿＿＿＿＿＿＿＿＿
＿＿＿＿＿＿＿＿＿＿
＿＿＿＿＿＿＿＿＿＿
＿＿＿＿＿＿＿＿＿＿
＿＿＿＿＿＿＿＿＿＿
＿＿＿＿＿＿＿＿＿＿
＿＿＿＿＿＿＿＿＿＿
＿＿＿＿＿＿＿＿＿＿
＿＿＿＿＿＿＿＿＿＿
■■＿＿□＿＿＿＿＿
■■＿□□＿＿＿＿＿
□□□□□＿□□＿＿
□□□□□□□□□＿
□□□□□□□□□＿
00:34:25(61953f):field(61952f)
＿＿＿＿＿＿＿＿＿＿
＿＿＿＿＿＿＿＿＿＿
＿＿＿＿＿＿＿＿＿＿
＿＿＿＿＿＿＿＿＿＿
＿＿＿＿＿＿＿＿＿＿
＿＿＿＿＿＿＿＿＿＿
＿＿＿＿＿＿＿＿＿＿
＿＿＿＿＿＿＿＿＿＿
＿＿＿＿＿＿＿＿＿＿
＿＿＿＿＿＿＿＿＿＿
＿＿＿＿＿＿＿＿＿＿
＿＿＿＿＿＿＿＿＿＿
＿＿＿＿＿＿＿＿＿＿
＿＿＿＿＿＿＿＿＿＿
＿＿＿＿＿＿＿＿■＿
□□＿＿□＿＿＿■＿
□□＿□□＿＿＿■＿
□□□□□＿□□■＿
□□□□□□□□□＿
□□□□□□□□□＿
00:34:26(61992f):field(61991f)
＿＿＿＿＿＿＿＿＿＿
＿＿＿＿＿＿＿＿＿＿
＿＿＿＿＿＿＿＿＿＿
＿＿＿＿＿＿＿＿＿＿
＿＿＿＿＿＿＿＿＿＿
＿＿＿＿＿＿＿＿＿＿
＿＿＿＿＿＿＿＿＿＿
＿＿＿＿＿＿＿＿＿＿
＿＿＿＿＿＿＿＿＿＿
＿＿＿＿＿＿＿＿＿＿
＿＿＿＿＿＿＿＿＿＿
＿＿＿＿＿＿＿＿＿＿
＿＿＿＿＿＿＿＿＿＿
＿＿＿＿＿＿＿＿＿＿
＿＿＿＿＿＿＿＿□＿
□□＿＿□＿■＿□＿
□□＿□□■■＿□＿
□□□□□■□□□＿
□□□□□□□□□＿
□□□□□□□□□＿
00:34:28(62050f):field(62049f)
＿＿＿＿＿＿＿＿＿＿
＿＿＿＿＿＿＿＿＿＿
＿＿＿＿＿＿＿＿＿＿
＿＿＿＿＿＿＿＿＿＿
＿＿＿＿＿＿＿＿＿＿
＿＿＿＿＿＿＿＿＿＿
＿＿＿＿＿＿＿＿＿＿
＿＿＿＿＿＿＿＿＿＿
＿＿＿＿＿＿＿＿＿＿
＿＿＿＿＿＿＿＿＿＿
＿＿＿＿＿＿＿＿＿＿
＿＿＿＿＿＿＿＿＿＿
＿＿＿＿＿＿＿＿＿＿
＿＿＿＿＿＿＿＿＿＿
＿＿＿＿＿＿■■□＿
□□＿＿□＿□■□＿
□□＿□□□□■□＿
□□□□□□□□□＿
□□□□□□□□□＿
□□□□□□□□□＿
00:34:30(62119f):field(62118f)
＿＿＿＿＿＿＿＿＿＿
＿＿＿＿＿＿＿＿＿＿
＿＿＿＿＿＿＿＿＿＿
＿＿＿＿＿＿＿＿＿＿
＿＿＿＿＿＿＿＿＿＿
＿＿＿＿＿＿＿＿＿＿
＿＿＿＿＿＿＿＿＿＿
＿＿＿＿＿＿＿＿＿＿
＿＿＿＿＿＿＿＿＿＿
＿＿＿＿＿＿＿＿＿＿
＿＿＿＿＿＿＿＿＿＿
＿＿＿＿＿＿＿＿＿＿
＿＿＿＿＿＿＿＿＿＿
＿＿＿＿＿＿＿＿＿＿
＿＿■＿＿＿□□□＿
□□■■□＿□□□＿
□□■□□□□□□＿
□□□□□□□□□＿
□□□□□□□□□＿
□□□□□□□□□＿
00:34:31(62151f):field(62150f)
＿＿＿＿＿＿＿＿＿＿
＿＿＿＿＿＿＿＿＿＿
＿＿＿＿＿＿＿＿＿＿
＿＿＿＿＿＿＿＿＿＿
＿＿＿＿＿＿＿＿＿＿
＿＿＿＿＿＿＿＿＿＿
＿＿＿＿＿＿＿＿＿＿
＿＿＿＿＿＿＿＿＿＿
＿＿＿＿＿＿＿＿＿＿
＿＿＿＿＿＿＿＿＿＿
＿＿＿＿＿＿＿＿＿＿
＿＿＿＿＿＿＿＿＿＿
＿＿＿＿＿＿＿＿＿＿
＿＿＿＿■＿＿＿＿＿
＿＿□＿■■□□□＿
□□□□□■□□□＿
□□□□□□□□□＿
□□□□□□□□□＿
□□□□□□□□□＿
□□□□□□□□□＿
00:34:33(62198f):field(62197f)
＿＿＿＿＿＿＿＿＿＿
＿＿＿＿＿＿＿＿＿＿
＿＿＿＿＿＿＿＿＿＿
＿＿＿＿＿＿＿＿＿＿
＿＿＿＿＿＿＿＿＿＿
＿＿＿＿＿＿＿＿＿＿
＿＿＿＿＿＿＿＿＿＿
＿＿＿＿＿＿＿＿＿＿
＿＿＿＿＿＿＿＿＿＿
＿＿＿＿＿＿＿＿＿＿
＿＿＿＿＿＿＿＿＿＿
＿＿＿＿＿＿＿＿＿＿
＿■＿＿＿＿＿＿＿＿
＿■＿＿□＿＿＿＿＿
■■□＿□□□□□＿
□□□□□□□□□＿
□□□□□□□□□＿
□□□□□□□□□＿
□□□□□□□□□＿
□□□□□□□□□＿
00:34:34(62238f):field(62237f)
＿＿＿＿＿＿＿＿＿＿
＿＿＿＿＿＿＿＿＿＿
＿＿＿＿＿＿＿＿＿＿
＿＿＿＿＿＿＿＿＿＿
＿＿＿＿＿＿＿＿＿＿
＿＿＿＿＿＿＿＿＿＿
＿＿＿＿＿＿＿＿＿＿
＿＿＿＿＿＿＿＿＿＿
＿＿＿＿＿＿＿＿＿＿
＿＿＿＿＿＿＿＿＿＿
＿＿＿＿＿＿＿＿＿＿
＿＿＿＿＿＿＿＿＿＿
＿□＿＿■■＿＿＿＿
＿□＿＿□■■＿＿＿
□□□＿□□□□□＿
□□□□□□□□□＿
□□□□□□□□□＿
□□□□□□□□□＿
□□□□□□□□□＿
□□□□□□□□□＿
00:34:36(62286f):field(62285f)
＿＿＿＿＿＿＿＿＿＿
＿＿＿＿＿＿＿＿＿＿
＿＿＿＿＿＿＿＿＿＿
＿＿＿＿＿＿＿＿＿＿
＿＿＿＿＿＿＿＿＿＿
＿＿＿＿＿＿＿＿＿＿
＿＿＿＿＿＿＿＿＿＿
＿＿＿＿＿＿＿＿＿＿
＿＿＿＿＿＿＿＿＿＿
＿＿＿＿＿＿＿＿＿＿
＿＿＿＿＿＿＿＿＿＿
＿＿＿＿＿＿＿＿＿＿
＿◆＿＿◆◆＿＿＿＿
＿◆＿＿◆◆◆＿＿＿
◆◆◆＿◆◆◆◆◆＿
◆◆◆◆◆◆◆◆◆＿
◆□◆◆□□◆◆◆＿
◆□◆◆□□□◆◆＿
□□□◆□□□□□＿
□□□□□□□□□＿
00:34:38(62354f):field(62353f)
＿＿＿＿＿＿＿＿＿＿
＿＿＿＿＿＿＿＿＿＿
＿＿＿＿＿＿＿＿＿＿
＿＿＿＿＿＿＿＿＿＿
＿＿＿＿＿＿＿＿＿＿
＿＿＿＿＿＿＿＿＿＿
＿＿＿＿＿＿＿＿＿＿
＿＿＿＿＿＿＿＿＿＿
＿＿＿＿＿＿＿＿＿＿
＿＿＿＿＿＿＿＿＿＿
＿＿＿＿＿＿＿＿＿＿
＿＿＿＿＿＿＿＿＿＿
＿＿＿＿＿＿＿＿＿＿
＿＿＿＿＿＿＿＿＿＿
＿＿＿＿＿＿＿＿＿＿
＿＿＿＿＿＿＿＿＿＿
＿□＿＿□□＿＿＿＿
＿□＿＿□□□■■■
□□□＿□□□□□■
□□□□□□□□□＿
00:34:39(62395f):field(62394f)
＿＿＿＿＿＿＿＿＿＿
＿＿＿＿＿＿＿＿＿＿
＿＿＿＿＿＿＿＿＿＿
＿＿＿＿＿＿＿＿＿＿
＿＿＿＿＿＿＿＿＿＿
＿＿＿＿＿＿＿＿＿＿
＿＿＿＿＿＿＿＿＿＿
＿＿＿＿＿＿＿＿＿＿
＿＿＿＿＿＿＿＿＿＿
＿＿＿＿＿＿＿＿＿＿
＿＿＿＿＿＿＿＿＿＿
＿＿＿＿＿＿＿＿＿＿
＿＿＿＿＿＿＿＿＿＿
＿＿＿＿＿＿＿＿＿＿
＿＿＿＿＿＿＿＿＿＿
＿＿＿＿＿＿＿＿＿＿
＿□■■□□＿＿＿＿
＿□■■□□□□□□
□□□＿□□□□□□
□□□□□□□□□＿
00:34:41(62436f):field(62435f)
＿＿＿＿＿＿＿＿＿＿
＿＿＿＿＿＿＿＿＿＿
＿＿＿＿＿＿＿＿＿＿
＿＿＿＿＿＿＿＿＿＿
＿＿＿＿＿＿＿＿＿＿
＿＿＿＿＿＿＿＿＿＿
＿＿＿＿＿＿＿＿＿＿
＿＿＿＿＿＿＿＿＿＿
＿＿＿＿＿＿＿＿＿＿
＿＿＿＿＿＿＿＿＿＿
＿＿＿＿＿＿＿＿＿＿
＿＿＿＿＿＿＿＿＿＿
＿＿＿＿＿＿＿＿＿＿
＿＿＿＿＿＿＿＿＿＿
＿＿＿＿＿＿＿＿＿＿
＿＿＿＿＿＿＿＿■＿
＿□□□□□＿■■■
＿□□□□□□□□□
□□□＿□□□□□□
□□□□□□□□□＿
00:34:43(62494f):field(62493f)
＿＿＿＿＿＿＿＿＿＿
＿＿＿＿＿＿＿＿＿＿
＿＿＿＿＿＿＿＿＿＿
＿＿＿＿＿＿＿＿＿＿
＿＿＿＿＿＿＿＿＿＿
＿＿＿＿＿＿＿＿＿＿
＿＿＿＿＿＿＿＿＿＿
＿＿＿＿＿＿＿＿＿＿
＿＿＿＿＿＿＿＿＿＿
＿＿＿＿＿＿＿＿＿＿
＿＿＿＿＿＿＿＿＿＿
＿＿＿＿＿＿＿＿＿＿
＿＿＿＿＿＿＿＿＿＿
＿＿＿＿＿＿＿＿＿＿
＿＿＿＿＿＿＿＿＿＿
■■■＿＿＿＿＿□＿
■□□□□□＿□□□
＿□□□□□□□□□
□□□＿□□□□□□
□□□□□□□□□＿
00:34:44(62534f):field(62533f)
＿＿＿＿＿＿＿＿＿＿
＿＿＿＿＿＿＿＿＿＿
＿＿＿＿＿＿＿＿＿＿
＿＿＿＿＿＿＿＿＿＿
＿＿＿＿＿＿＿＿＿＿
＿＿＿＿＿＿＿＿＿＿
＿＿＿＿＿＿＿＿＿＿
＿＿＿＿＿＿＿＿＿＿
＿＿＿＿＿＿＿＿＿＿
＿＿＿＿＿＿＿＿＿＿
＿＿＿＿＿＿＿＿＿＿
＿＿＿＿＿＿＿＿＿＿
＿＿＿＿＿＿＿＿＿■
＿＿＿＿＿＿＿＿＿■
＿＿＿＿＿＿＿＿＿■
□□□＿＿＿＿＿□■
□□□□□□＿□□□
＿□□□□□□□□□
□□□＿□□□□□□
□□□□□□□□□＿
00:34:46(62607f):field(62606f)
＿＿＿＿＿＿＿＿＿＿
＿＿＿＿＿＿＿＿＿＿
＿＿＿＿＿＿＿＿＿＿
＿＿＿＿＿＿＿＿＿＿
＿＿＿＿＿＿＿＿＿＿
＿＿＿＿＿＿＿＿＿＿
＿＿＿＿＿＿＿＿＿＿
＿＿＿＿＿＿＿＿＿＿
＿＿＿＿＿＿＿＿＿＿
＿＿＿＿＿＿＿＿＿＿
＿＿＿＿＿＿＿＿＿＿
＿＿＿＿＿＿＿＿＿＿
＿＿＿＿＿＿＿＿＿◆
＿＿＿＿＿＿＿＿＿□
＿＿＿＿＿＿＿＿＿□
◆◆◆＿＿＿＿■◆□
□□□◆◆◆■□□□
＿□□□□□□□□□
□□□＿□□□□□□
□□□□□□□□□＿
00:34:47(62638f):field(62637f)
＿＿＿＿＿＿＿＿＿＿
＿＿＿＿＿＿＿＿＿＿
＿＿＿＿＿＿＿＿＿＿
＿＿＿＿＿＿＿＿＿＿
＿＿＿＿＿＿＿＿＿＿
＿＿＿＿＿＿＿＿＿＿
＿＿＿＿＿＿＿＿＿＿
＿＿＿＿＿＿＿＿＿＿
＿＿＿＿＿＿＿＿＿＿
＿＿＿＿＿＿＿＿＿＿
＿＿＿＿＿＿＿＿＿＿
＿＿＿＿＿＿＿＿＿＿
＿＿＿＿＿＿＿＿＿＿
＿＿＿＿＿＿＿＿＿□
＿＿＿＿＿＿＿＿＿□
＿＿＿■■＿＿□＿□
□□□■■＿□□□□
＿□□□□□□□□□
□□□＿□□□□□□
□□□□□□□□□＿
00:34:49(62677f):field(62676f)
＿＿＿＿＿＿＿＿＿＿
＿＿＿＿＿＿＿＿＿＿
＿＿＿＿＿＿＿＿＿＿
＿＿＿＿＿＿＿＿＿＿
＿＿＿＿＿＿＿＿＿＿
＿＿＿＿＿＿＿＿＿＿
＿＿＿＿＿＿＿＿＿＿
＿＿＿＿＿＿＿＿＿＿
＿＿＿＿＿＿＿＿＿＿
＿＿＿＿＿＿＿＿＿＿
＿＿＿＿＿＿＿＿＿＿
＿＿＿＿＿＿＿＿＿＿
＿＿＿＿＿＿＿＿＿＿
＿＿＿＿＿＿＿＿＿□
■＿＿＿＿＿＿＿＿□
■■■□□＿＿□＿□
□□□□□＿□□□□
＿□□□□□□□□□
□□□＿□□□□□□
□□□□□□□□□＿
00:34:51(62757f):field(62756f)
＿＿＿＿＿＿＿＿＿＿
＿＿＿＿＿＿＿＿＿＿
＿＿＿＿＿＿＿＿＿＿
＿＿＿＿＿＿＿＿＿＿
＿＿＿＿＿＿＿＿＿＿
＿＿＿＿＿＿＿＿＿＿
＿＿＿＿＿＿＿＿＿＿
＿＿＿＿＿＿＿＿＿＿
＿＿＿＿＿＿＿＿＿＿
＿＿＿＿＿＿＿＿＿＿
＿＿＿＿＿＿＿＿＿＿
＿＿＿＿＿＿＿＿＿＿
＿＿＿＿＿＿＿＿＿＿
＿＿＿＿＿＿＿＿＿◆
◆＿＿＿＿＿＿＿＿□
□◆◆◆□■＿◆＿□
□□□□□■◆□◆□
＿□□□□□□□□□
□□□＿□□□□□□
□□□□□□□□□＿
00:34:54(62838f):field(62837f)
＿＿＿＿＿＿＿＿＿＿
＿＿＿＿＿＿＿＿＿＿
＿＿＿＿＿＿＿＿＿＿
＿＿＿＿＿＿＿＿＿＿
＿＿＿＿＿＿＿＿＿＿
＿＿＿＿＿＿＿＿＿＿
＿＿＿＿＿＿＿＿＿＿
＿＿＿＿＿＿＿＿＿＿
＿＿＿＿＿＿＿＿＿＿
＿＿＿＿＿＿＿＿＿＿
＿＿＿＿＿＿＿＿＿＿
＿＿＿＿＿＿＿＿＿＿
＿＿＿＿＿＿＿＿＿＿
＿＿＿＿＿＿＿＿＿＿
＿＿＿＿＿＿＿■＿□
□＿＿＿□□＿■■□
□□□□□□＿□■□
＿□□□□□□□□□
□□□＿□□□□□□
□□□□□□□□□＿
00:34:55(62879f):field(62878f)
＿＿＿＿＿＿＿＿＿＿
＿＿＿＿＿＿＿＿＿＿
＿＿＿＿＿＿＿＿＿＿
＿＿＿＿＿＿＿＿＿＿
＿＿＿＿＿＿＿＿＿＿
＿＿＿＿＿＿＿＿＿＿
＿＿＿＿＿＿＿＿＿＿
＿＿＿＿＿＿＿＿＿＿
＿＿＿＿＿＿＿＿＿＿
＿＿＿＿＿＿＿＿＿＿
＿＿＿＿＿＿＿＿＿＿
＿＿＿＿＿＿＿＿＿＿
＿＿＿＿＿＿＿＿＿＿
＿＿＿＿＿＿＿＿＿＿
■■＿＿＿＿＿□＿□
□■■＿□□＿□□□
□□□□□□＿□□□
＿□□□□□□□□□
□□□＿□□□□□□
□□□□□□□□□＿
00:34:57(62938f):field(62937f)
＿＿＿＿＿＿＿＿＿＿
＿＿＿＿＿＿＿＿＿＿
＿＿＿＿＿＿＿＿＿＿
＿＿＿＿＿＿＿＿＿＿
＿＿＿＿＿＿＿＿＿＿
＿＿＿＿＿＿＿＿＿＿
＿＿＿＿＿＿＿＿＿＿
＿＿＿＿＿＿＿＿＿＿
＿＿＿＿＿＿＿＿＿＿
＿＿＿＿＿＿＿＿＿＿
＿＿＿＿＿＿＿＿＿＿
＿＿＿＿＿＿＿＿＿＿
＿＿＿＿＿＿＿＿＿＿
＿＿＿＿＿＿＿＿＿＿
◆◆＿＿＿＿■◆＿◆
□□◆＿◆◆■□◆□
□□□◆□□■□□□
＿□□□□□□□□□
□□□＿□□□□□□
□□□□□□□□□＿
00:34:58(62965f):field(62964f)
＿＿＿＿＿＿＿＿＿＿
＿＿＿＿＿＿＿＿＿＿
＿＿＿＿＿＿＿＿＿＿
＿＿＿＿＿＿＿＿＿＿
＿＿＿＿＿＿＿＿＿＿
＿＿＿＿＿＿＿＿＿＿
＿＿＿＿＿＿＿＿＿＿
＿＿＿＿＿＿＿＿＿＿
＿＿＿＿＿＿＿＿＿＿
＿＿＿＿＿＿＿＿＿＿
＿＿＿＿＿＿＿＿＿＿
＿＿＿＿＿＿＿＿＿＿
＿＿＿＿＿＿＿＿＿＿
＿＿＿＿＿＿＿＿＿＿
＿＿＿＿■■□＿＿＿
□□＿＿■■□□＿□
□□□＿□□□□□□
＿□□□□□□□□□
□□□＿□□□□□□
□□□□□□□□□＿
00:35:00(63025f):field(63024f)
＿＿＿＿＿＿＿＿＿＿
＿＿＿＿＿＿＿＿＿＿
＿＿＿＿＿＿＿＿＿＿
＿＿＿＿＿＿＿＿＿＿
＿＿＿＿＿＿＿＿＿＿
＿＿＿＿＿＿＿＿＿＿
＿＿＿＿＿＿＿＿＿＿
＿＿＿＿＿＿＿＿＿＿
＿＿＿＿＿＿＿＿＿＿
＿＿＿＿＿＿＿＿＿＿
＿＿＿＿＿＿＿＿＿＿
＿＿＿＿＿＿＿＿＿＿
＿＿＿＿＿＿＿＿＿＿
＿＿＿＿＿＿＿＿＿＿
■■■＿□□□＿＿＿
□□■＿□□□□＿□
□□□＿□□□□□□
＿□□□□□□□□□
□□□＿□□□□□□
□□□□□□□□□＿
00:35:04(63131f):field(63130f)
＿＿＿＿＿＿＿＿＿＿
＿＿＿＿＿＿＿＿＿＿
＿＿＿＿＿＿＿＿＿＿
＿＿＿＿＿＿＿＿＿＿
＿＿＿＿＿＿＿＿＿＿
＿＿＿＿＿＿＿＿＿＿
＿＿＿＿＿＿＿＿＿＿
＿＿＿＿＿＿＿＿＿＿
＿＿＿＿＿＿＿＿＿＿
＿＿＿＿＿＿＿＿＿＿
＿＿＿＿＿＿＿＿＿＿
＿＿＿＿＿＿＿＿＿＿
＿＿■＿＿＿＿＿＿＿
■■■＿＿＿＿＿＿＿
□□□＿□□□＿＿＿
□□□＿□□□□＿□
□□□＿□□□□□□
＿□□□□□□□□□
□□□＿□□□□□□
□□□□□□□□□＿
00:35:05(63166f):field(63165f)
＿＿＿＿＿＿＿＿＿＿
＿＿＿＿＿＿＿＿＿＿
＿＿＿＿＿＿＿＿＿＿
＿＿＿＿＿＿＿＿＿＿
＿＿＿＿＿＿＿＿＿＿
＿＿＿＿＿＿＿＿＿＿
＿＿＿＿＿＿＿＿＿＿
＿＿＿＿＿＿＿＿＿＿
＿＿＿＿＿＿＿＿＿＿
＿＿＿＿＿＿＿＿＿＿
＿＿＿＿＿＿＿＿＿＿
＿＿＿＿＿＿＿＿＿＿
＿＿□＿＿＿＿＿＿＿
□□□＿＿＿＿＿＿■
□□□＿□□□＿■■
□□□＿□□□□■□
□□□＿□□□□□□
＿□□□□□□□□□
□□□＿□□□□□□
□□□□□□□□□＿
00:35:08(63244f):field(63243f)
＿＿＿＿＿＿＿＿＿＿
＿＿＿＿＿＿＿＿＿＿
＿＿＿＿＿＿＿＿＿＿
＿＿＿＿＿＿＿＿＿＿
＿＿＿＿＿＿＿＿＿＿
＿＿＿＿＿＿＿＿＿＿
＿＿＿＿＿＿＿＿＿＿
＿＿＿＿＿＿＿＿＿＿
＿＿＿＿＿＿＿＿＿＿
＿＿＿＿＿＿＿＿＿＿
＿＿＿＿＿＿＿＿＿＿
＿＿＿＿＿＿＿＿＿＿
＿＿◆＿＿＿＿＿＿＿
◆◆◆＿＿＿＿＿＿◆
◆◆□＿◆◆◆＿◆◆
□□□■◆◆◆◆◆□
□□□■□□□◆□□
＿□□□□□□□□□
□□□＿□□□□□□
□□□□□□□□□＿
00:35:09(63277f):field(63276f)
＿＿＿＿＿＿＿＿＿＿
＿＿＿＿＿＿＿＿＿＿
＿＿＿＿＿＿＿＿＿＿
＿＿＿＿＿＿＿＿＿＿
＿＿＿＿＿＿＿＿＿＿
＿＿＿＿＿＿＿＿＿＿
＿＿＿＿＿＿＿＿＿＿
＿＿＿＿＿＿＿＿＿＿
＿＿＿＿＿＿＿＿＿＿
＿＿＿＿＿＿＿＿＿＿
＿＿＿＿＿＿＿＿＿＿
＿＿＿＿＿＿＿＿＿＿
＿＿＿＿＿＿＿＿＿＿
＿＿＿＿＿＿＿＿＿＿
＿＿□＿■■＿＿＿＿
□□□□■■＿＿＿□
□□□□□□□＿□□
＿□□□□□□□□□
□□□＿□□□□□□
□□□□□□□□□＿
00:35:09(63298f):field(63297f)
＿＿＿＿＿＿＿＿＿＿
＿＿＿＿＿＿＿＿＿＿
＿＿＿＿＿＿＿＿＿＿
＿＿＿＿＿＿＿＿＿＿
＿＿＿＿＿＿＿＿＿＿
＿＿＿＿＿＿＿＿＿＿
＿＿＿＿＿＿＿＿＿＿
＿＿＿＿＿＿＿＿＿＿
＿＿＿＿＿＿＿＿＿＿
＿＿＿＿＿＿＿＿＿＿
＿＿＿＿＿＿＿＿＿＿
＿＿＿■＿＿＿＿＿＿
＿＿＿■■＿＿＿＿＿
＿＿＿＿■＿＿＿＿＿
＿＿□＿□□＿＿＿＿
□□□□□□＿＿＿□
□□□□□□□＿□□
＿□□□□□□□□□
□□□＿□□□□□□
□□□□□□□□□＿
00:35:12(63375f):field(63374f)
＿＿＿＿＿＿＿＿＿＿
＿＿＿＿＿＿＿＿＿＿
＿＿＿＿＿＿＿＿＿＿
＿＿＿＿＿＿＿＿＿＿
＿＿＿＿＿＿＿＿＿＿
＿＿＿＿＿＿＿＿＿＿
＿＿＿＿＿＿＿＿＿＿
＿＿＿＿＿＿＿＿＿＿
＿＿＿＿＿＿＿＿＿＿
＿＿＿＿＿＿＿＿＿＿
＿＿＿＿＿＿＿＿＿＿
＿＿＿□＿＿＿＿＿＿
＿■＿□□＿＿＿＿＿
＿■＿＿□＿＿＿＿＿
■■□＿□□＿＿＿＿
□□□□□□＿＿＿□
□□□□□□□＿□□
＿□□□□□□□□□
□□□＿□□□□□□
□□□□□□□□□＿
00:35:16(63507f):field(63506f)
＿＿＿＿＿＿＿＿＿＿
＿＿＿＿＿＿＿＿＿＿
＿＿＿＿＿＿＿＿＿＿
＿＿＿＿＿＿＿＿＿＿
＿＿＿＿＿＿＿＿＿＿
＿＿＿＿＿＿＿＿＿＿
＿＿＿＿＿＿＿＿＿＿
＿＿＿＿＿＿＿＿＿＿
＿＿＿＿＿＿＿＿＿＿
＿＿＿＿＿＿＿＿＿＿
＿＿＿＿＿＿＿＿＿＿
＿＿＿◆＿＿＿＿＿＿
＿◆＿◆◆＿＿＿＿＿
＿□■■◆＿＿＿＿＿
◆□□■□◆＿＿＿＿
◆□□◆□◆＿＿＿◆
□□□◆□□◆＿◆◆
＿□□□□□□□□□
□□□＿□□□□□□
□□□□□□□□□＿
00:35:18(63555f):field(63554f)
＿＿＿＿＿＿＿＿＿＿
＿＿＿＿＿＿＿＿＿＿
＿＿＿＿＿＿＿＿＿＿
＿＿＿＿＿＿＿＿＿＿
＿＿＿＿＿＿＿＿＿＿
＿＿＿＿＿＿＿＿＿＿
＿＿＿＿＿＿＿＿＿＿
＿＿＿＿＿＿＿＿＿＿
＿＿＿＿＿＿＿＿＿＿
＿＿＿＿＿＿＿＿＿＿
＿＿＿＿＿＿＿＿＿＿
＿＿＿＿＿＿＿＿＿＿
＿＿＿＿＿＿＿＿＿＿
＿□□□＿＿＿＿＿＿
＿□□□□＿■＿＿＿
＿□□＿□■■＿＿＿
□□□＿□□■＿＿＿
＿□□□□□□□□□
□□□＿□□□□□□
□□□□□□□□□＿
00:35:19(63589f):field(63588f)
＿＿＿＿＿＿＿＿＿＿
＿＿＿＿＿＿＿＿＿＿
＿＿＿＿＿＿＿＿＿＿
＿＿＿＿＿＿＿＿＿＿
＿＿＿＿＿＿＿＿＿＿
＿＿＿＿＿＿＿＿＿＿
＿＿＿＿＿＿＿＿＿＿
＿＿＿＿＿＿＿＿＿＿
＿＿＿＿＿＿＿＿＿＿
＿＿＿＿＿＿＿＿＿＿
＿＿＿＿＿＿＿＿＿＿
＿＿＿＿＿＿＿＿＿＿
＿＿＿＿＿＿■＿＿＿
＿□□□＿■■＿＿＿
＿□□□□■□＿＿＿
＿□□＿□□□＿＿＿
□□□＿□□□＿＿＿
＿□□□□□□□□□
□□□＿□□□□□□
□□□□□□□□□＿
00:35:20(63622f):field(63621f)
＿＿＿＿＿＿＿＿＿＿
＿＿＿＿＿＿＿＿＿＿
＿＿＿＿＿＿＿＿＿＿
＿＿＿＿＿＿＿＿＿＿
＿＿＿＿＿＿＿＿＿＿
＿＿＿＿＿＿＿＿＿＿
＿＿＿＿＿＿＿＿＿＿
＿＿＿＿＿＿＿＿＿＿
＿＿＿＿＿＿＿＿＿＿
＿＿＿＿＿＿＿＿＿＿
＿＿＿＿＿＿＿＿＿＿
＿＿＿＿＿＿＿＿＿＿
■＿＿＿＿＿□＿＿＿
■□□□＿□□＿＿＿
■□□□□□□＿＿＿
■□□＿□□□＿＿＿
□□□＿□□□＿＿＿
＿□□□□□□□□□
□□□＿□□□□□□
□□□□□□□□□＿
00:35:23(63709f):field(63708f)
＿＿＿＿＿＿＿＿＿＿
＿＿＿＿＿＿＿＿＿＿
＿＿＿＿＿＿＿＿＿＿
＿＿＿＿＿＿＿＿＿＿
＿＿＿＿＿＿＿＿＿＿
＿＿＿＿＿＿＿＿＿＿
＿＿＿＿＿＿＿＿＿＿
＿＿＿＿＿＿＿＿＿＿
＿＿＿＿＿＿＿＿＿＿
＿＿＿＿＿＿＿＿＿＿
＿＿＿＿＿＿＿＿＿＿
＿＿＿■＿＿＿＿＿＿
□＿＿■■＿□＿＿＿
□□□□■□□＿＿＿
□□□□□□□＿＿＿
□□□＿□□□■■＿
□□□＿□□□■■＿
＿□□□□□□□□□
□□□＿□□□□□□
□□□□□□□□□＿
00:35:25(63768f):field(63767f)
＿＿＿＿＿＿＿＿＿＿
＿＿＿＿＿＿＿＿＿＿
＿＿＿＿＿＿＿＿＿＿
＿＿＿＿＿＿＿＿＿＿
＿＿＿＿＿＿＿＿＿＿
＿＿＿＿＿＿＿＿＿＿
＿＿＿＿＿＿＿＿＿＿
＿＿＿＿＿＿＿＿＿＿
＿＿＿＿＿＿＿＿＿＿
＿＿＿＿＿＿＿＿＿＿
＿＿＿＿＿＿＿＿＿＿
＿＿＿□＿＿＿＿＿＿
□＿＿□□＿□＿＿＿
□□□□□□□■■＿
□□□□□□□■■＿
□□□＿□□□□□＿
□□□＿□□□□□＿
＿□□□□□□□□□
□□□＿□□□□□□
□□□□□□□□□＿
00:35:26(63802f):field(63801f)
＿＿＿＿＿＿＿＿＿＿
＿＿＿＿＿＿＿＿＿＿
＿＿＿＿＿＿＿＿＿＿
＿＿＿＿＿＿＿＿＿＿
＿＿＿＿＿＿＿＿＿＿
＿＿＿＿＿＿＿＿＿＿
＿＿＿＿＿＿＿＿＿＿
＿＿＿＿＿＿＿＿＿＿
＿＿＿＿＿＿＿＿＿＿
＿＿＿＿＿＿＿＿＿＿
＿＿＿＿＿＿＿＿＿＿
＿＿＿□■■■＿＿＿
□＿＿□□■□＿＿＿
□□□□□□□□□＿
□□□□□□□□□＿
□□□＿□□□□□＿
□□□＿□□□□□＿
＿□□□□□□□□□
□□□＿□□□□□□
□□□□□□□□□＿
00:35:28(63847f):field(63846f)
＿＿＿＿＿＿＿＿＿＿
＿＿＿＿＿＿＿＿＿＿
＿＿＿＿＿＿＿＿＿＿
＿＿＿＿＿＿＿＿＿＿
＿＿＿＿＿＿＿＿＿＿
＿＿＿＿＿＿＿＿＿＿
＿＿＿＿＿＿＿＿＿＿
＿＿＿＿＿＿＿＿＿＿
＿＿＿＿＿＿＿＿＿＿
＿＿＿＿＿＿＿＿＿＿
■■＿＿＿＿＿＿＿＿
＿■＿□□□□＿＿＿
□■＿□□□□＿＿＿
□□□□□□□□□＿
□□□□□□□□□＿
□□□＿□□□□□＿
□□□＿□□□□□＿
＿□□□□□□□□□
□□□＿□□□□□□
□□□□□□□□□＿
00:35:28(63869f):field(63868f)
＿＿＿＿＿＿＿＿＿＿
＿＿＿＿＿＿＿＿＿＿
＿＿＿＿＿＿＿＿＿＿
＿＿＿＿＿＿＿＿＿＿
＿＿＿＿＿＿＿＿＿＿
＿＿＿＿＿＿＿＿＿＿
＿＿＿＿＿＿＿＿＿＿
＿＿＿＿＿＿＿＿＿＿
＿＿＿＿＿＿＿＿＿＿
＿＿＿＿＿＿＿＿＿＿
□□＿■■■■＿＿＿
＿□＿□□□□＿＿＿
□□＿□□□□＿＿＿
□□□□□□□□□＿
□□□□□□□□□＿
□□□＿□□□□□＿
□□□＿□□□□□＿
＿□□□□□□□□□
□□□＿□□□□□□
□□□□□□□□□＿
00:35:30(63914f):field(63913f)
＿＿＿＿＿＿＿＿＿＿
＿＿＿＿＿＿＿＿＿＿
＿＿＿＿＿＿＿＿＿＿
＿＿＿＿＿＿＿＿＿＿
＿＿＿＿＿＿＿＿＿＿
＿＿＿＿＿＿＿＿＿＿
＿＿＿＿＿＿＿＿＿＿
＿＿＿＿＿＿＿＿＿＿
＿＿＿＿＿＿＿＿＿＿
＿＿＿＿＿＿＿＿＿＿
□□＿□□□□＿＿■
＿□＿□□□□＿■■
□□＿□□□□＿■＿
□□□□□□□□□＿
□□□□□□□□□＿
□□□＿□□□□□＿
□□□＿□□□□□＿
＿□□□□□□□□□
□□□＿□□□□□□
□□□□□□□□□＿
00:35:31(63953f):field(63952f)
＿＿＿＿＿＿＿＿＿＿
＿＿＿＿＿＿＿＿＿＿
＿＿＿＿＿＿＿＿＿＿
＿＿＿＿＿＿＿＿＿＿
＿＿＿＿＿＿＿＿＿＿
＿＿＿＿＿＿＿＿＿＿
＿＿＿＿＿＿＿＿＿＿
＿＿＿＿＿＿＿＿＿＿
＿＿＿＿＿＿＿＿＿＿
＿＿＿＿＿＿＿＿■■
□□＿□□□□■■□
＿□＿□□□□＿□□
□□＿□□□□＿□＿
□□□□□□□□□＿
□□□□□□□□□＿
□□□＿□□□□□＿
□□□＿□□□□□＿
＿□□□□□□□□□
□□□＿□□□□□□
□□□□□□□□□＿
00:35:34(64030f):field(64029f)
＿＿＿＿＿＿＿＿＿＿
＿＿＿＿＿＿＿＿＿＿
＿＿＿＿＿＿＿＿＿＿
＿＿＿＿＿＿＿＿＿＿
＿＿＿＿＿＿＿＿＿＿
＿＿＿＿＿＿＿＿＿＿
＿＿＿＿＿＿＿＿＿＿
＿＿＿＿＿＿＿＿＿＿
＿＿＿＿＿＿＿＿＿＿
＿＿＿＿＿＿＿＿◆◆
◆◆■□◆◆◆◆□□
＿□■□□□□＿□□
□□＿□□□□＿□＿
□□□□□□□□□＿
□□□□□□□□□＿
□□□＿□□□□□＿
□□□＿□□□□□＿
＿□□□□□□□□□
□□□＿□□□□□□
□□□□□□□□□＿
00:35:35(64069f):field(64068f)
＿＿＿＿＿＿＿＿＿＿
＿＿＿＿＿＿＿＿＿＿
＿＿＿＿＿＿＿＿＿＿
＿＿＿＿＿＿＿＿＿＿
＿＿＿＿＿＿＿＿＿＿
＿＿＿＿＿＿＿＿＿＿
＿＿＿＿＿＿＿＿＿＿
＿＿＿＿＿＿＿＿＿＿
＿＿＿＿＿＿＿＿＿＿
＿＿＿＿■■＿＿＿＿
＿＿□□■■＿＿□□
＿□□□□□□＿□□
□□＿□□□□＿□＿
□□□□□□□□□＿
□□□□□□□□□＿
□□□＿□□□□□＿
□□□＿□□□□□＿
＿□□□□□□□□□
□□□＿□□□□□□
□□□□□□□□□＿
00:35:37(64111f):field(64110f)
＿＿＿＿＿＿＿＿＿＿
＿＿＿＿＿＿＿＿＿＿
＿＿＿＿＿＿＿＿＿＿
＿＿＿＿＿＿＿＿＿＿
＿＿＿＿＿＿＿＿＿＿
＿＿＿＿＿＿＿＿＿＿
＿＿＿＿＿＿＿＿＿＿
＿＿＿＿＿＿＿＿＿＿
＿＿＿＿＿＿＿＿＿＿
＿＿＿＿□□＿＿＿＿
＿＿□□□□■■□□
＿□□□□□□■□□
□□＿□□□□■□＿
□□□□□□□□□＿
□□□□□□□□□＿
□□□＿□□□□□＿
□□□＿□□□□□＿
＿□□□□□□□□□
□□□＿□□□□□□
□□□□□□□□□＿
00:35:39(64189f):field(64188f)
＿＿＿＿＿＿＿＿＿＿
＿＿＿＿＿＿＿＿＿＿
＿＿＿＿＿＿＿＿＿＿
＿＿＿＿＿＿＿＿＿＿
＿＿＿＿＿＿＿＿＿＿
＿＿＿＿＿＿＿＿＿＿
＿＿＿＿＿＿＿＿＿＿
＿＿＿＿＿＿＿＿＿＿
＿＿＿＿＿＿＿＿＿＿
＿＿＿＿◆◆＿＿＿＿
＿＿◆◆◆◆◆◆◆◆
■◆◆◆□□◆◆◆◆
□□＿□□□□□□＿
□□□□□□□□□＿
□□□□□□□□□＿
□□□＿□□□□□＿
□□□＿□□□□□＿
＿□□□□□□□□□
□□□＿□□□□□□
□□□□□□□□□＿
00:35:40(64228f):field(64227f)
＿＿＿＿＿＿＿＿＿＿
＿＿＿＿＿＿＿＿＿＿
＿＿＿＿＿＿＿＿＿＿
＿＿＿＿＿＿＿＿＿＿
＿＿＿＿＿＿＿＿＿＿
＿＿＿＿＿＿＿＿＿＿
＿＿＿＿＿＿＿＿＿＿
＿＿＿＿＿＿＿＿＿＿
＿＿＿＿＿＿＿＿＿＿
＿＿＿＿＿＿＿＿＿＿
＿＿＿■＿＿＿＿＿＿
□＿■■□□＿＿＿＿
□□■□□□□□□＿
□□□□□□□□□＿
□□□□□□□□□＿
□□□＿□□□□□＿
□□□＿□□□□□＿
＿□□□□□□□□□
□□□＿□□□□□□
□□□□□□□□□＿
00:35:42(64260f):field(64259f)
＿＿＿＿＿＿＿＿＿＿
＿＿＿＿＿＿＿＿＿＿
＿＿＿＿＿＿＿＿＿＿
＿＿＿＿＿＿＿＿＿＿
＿＿＿＿＿＿＿＿＿＿
＿＿＿＿＿＿＿＿＿＿
＿＿＿＿＿＿＿＿＿＿
＿＿＿＿＿＿＿＿＿＿
＿＿＿＿＿＿＿＿＿＿
■＿＿＿＿＿＿＿＿＿
■■＿□＿＿＿＿＿＿
□■□□□□＿＿＿＿
□□□□□□□□□＿
□□□□□□□□□＿
□□□□□□□□□＿
□□□＿□□□□□＿
□□□＿□□□□□＿
＿□□□□□□□□□
□□□＿□□□□□□
□□□□□□□□□＿
00:35:43(64305f):field(64304f)
＿＿＿＿＿＿＿＿＿＿
＿＿＿＿＿＿＿＿＿＿
＿＿＿＿＿＿＿＿＿＿
＿＿＿＿＿＿＿＿＿＿
＿＿＿＿＿＿＿＿＿＿
＿＿＿＿＿＿＿＿＿＿
＿＿＿＿＿＿＿＿＿＿
＿＿＿＿＿＿＿＿＿＿
＿＿＿＿＿＿＿＿＿＿
◆＿＿＿＿＿＿＿＿＿
□◆＿◆＿＿＿＿＿＿
□□◆□◆◆＿＿＿＿
□□□□□□◆□□■
□□□□□□□□□＿
□□□□□□□□□＿
□□□＿□□□□□＿
□□□＿□□□□□＿
＿□□□□□□□□□
□□□＿□□□□□□
□□□□□□□□□＿
00:35:44(64324f):field(64323f)
＿＿＿＿＿＿＿＿＿＿
＿＿＿＿＿＿＿＿＿＿
＿＿＿＿＿＿＿＿＿＿
＿＿＿＿＿＿＿＿＿＿
＿＿＿＿＿＿＿＿＿＿
＿＿＿＿＿＿＿＿＿＿
＿＿＿＿＿＿＿＿＿＿
＿＿＿＿＿＿＿＿＿＿
＿＿＿＿＿＿＿＿＿＿
＿＿＿＿＿＿＿＿＿＿
□＿＿＿■■＿＿＿＿
□□＿□■■＿＿＿＿
□□□□□□＿□□□
□□□□□□□□□＿
□□□□□□□□□＿
□□□＿□□□□□＿
□□□＿□□□□□＿
＿□□□□□□□□□
□□□＿□□□□□□
□□□□□□□□□＿
00:35:44(64344f):field(64343f)
＿＿＿＿＿＿＿＿＿＿
＿＿＿＿＿＿＿＿＿＿
＿＿＿＿＿＿＿＿＿＿
＿＿＿＿＿＿＿＿＿＿
＿＿＿＿＿＿＿＿＿＿
＿＿＿＿＿＿＿＿＿＿
＿＿＿＿＿＿＿＿＿＿
＿＿＿＿＿＿＿＿＿＿
＿＿＿＿＿＿＿＿＿＿
＿＿＿■■■＿＿＿＿
□＿＿■□□＿＿＿＿
□□＿□□□＿＿＿＿
□□□□□□＿□□□
□□□□□□□□□＿
□□□□□□□□□＿
□□□＿□□□□□＿
□□□＿□□□□□＿
＿□□□□□□□□□
□□□＿□□□□□□
□□□□□□□□□＿
00:35:47(64414f):field(64413f)
＿＿＿＿＿＿＿＿＿＿
＿＿＿＿＿＿＿＿＿＿
＿＿＿＿＿＿＿＿＿＿
＿＿＿＿＿＿＿＿＿＿
＿＿＿＿＿＿＿＿＿＿
＿＿＿＿＿＿＿＿＿＿
＿＿＿＿＿＿＿＿＿＿
＿＿＿＿＿＿＿＿＿＿
＿＿＿＿＿＿＿＿＿＿
＿＿＿◆◆◆＿＿＿＿
◆＿＿□□□＿＿＿＿
□◆＿□□□＿■＿＿
□□◆□□□■□◆◆
□□□□□□□□□＿
□□□□□□□□□＿
□□□＿□□□□□＿
□□□＿□□□□□＿
＿□□□□□□□□□
□□□＿□□□□□□
□□□□□□□□□＿
00:35:48(64459f):field(64458f)
＿＿＿＿＿＿＿＿＿＿
＿＿＿＿＿＿＿＿＿＿
＿＿＿＿＿＿＿＿＿＿
＿＿＿＿＿＿＿＿＿＿
＿＿＿＿＿＿＿＿＿＿
＿＿＿＿＿＿＿＿＿＿
＿＿＿＿＿＿＿＿＿＿
＿＿＿＿＿＿＿＿＿＿
＿＿＿＿＿＿＿＿＿＿
＿＿＿＿＿＿＿＿＿＿
＿＿＿◆◆◆＿＿＿＿
◆＿＿□□□＿◆＿＿
□◆＿□□□◆□■＿
□□◆□□□□□□■
□□□□□□□□□＿
□□□＿□□□□□＿
□□□＿□□□□□＿
＿□□□□□□□□□
□□□＿□□□□□□
□□□□□□□□□＿
00:35:50(64521f):field(64520f)
＿＿＿＿＿＿＿＿＿＿
＿＿＿＿＿＿＿＿＿＿
＿＿＿＿＿＿＿＿＿＿
＿＿＿＿＿＿＿＿＿＿
＿＿＿＿＿＿＿＿＿＿
＿＿＿＿＿＿＿＿＿＿
＿＿＿＿＿＿＿＿＿＿
＿＿＿＿＿＿＿＿＿＿
＿＿＿＿＿＿＿＿＿＿
＿＿＿＿＿＿＿＿＿＿
＿＿＿＿＿＿＿＿＿＿
＿＿＿◆◆◆＿＿＿＿
◆＿■□□□＿◆◆＿
□□■□□□◆□□◆
□□□□□□□□□＿
□□□＿□□□□□＿
□□□＿□□□□□＿
＿□□□□□□□□□
□□□＿□□□□□□
□□□□□□□□□＿
00:35:52(64566f):field(64565f)
＿＿＿＿＿＿＿＿＿＿
＿＿＿＿＿＿＿＿＿＿
＿＿＿＿＿＿＿＿＿＿
＿＿＿＿＿＿＿＿＿＿
＿＿＿＿＿＿＿＿＿＿
＿＿＿＿＿＿＿＿＿＿
＿＿＿＿＿＿＿＿＿＿
＿＿＿＿＿＿＿＿＿＿
＿＿＿＿＿＿＿＿＿＿
＿＿＿＿＿＿＿＿＿＿
＿■＿＿＿＿＿＿＿＿
＿■＿＿＿＿＿＿＿＿
■■□□□□＿＿＿＿
□□□□□□＿□□＿
□□□□□□□□□＿
□□□＿□□□□□＿
□□□＿□□□□□＿
＿□□□□□□□□□
□□□＿□□□□□□
□□□□□□□□□＿
00:35:54(64620f):field(64619f)
＿＿＿＿＿＿＿＿＿＿
＿＿＿＿＿＿＿＿＿＿
＿＿＿＿＿＿＿＿＿＿
＿＿＿＿＿＿＿＿＿＿
＿＿＿＿＿＿＿＿＿＿
＿＿＿＿＿＿＿＿＿＿
＿＿＿＿＿＿＿＿＿＿
＿＿＿＿＿＿＿＿＿＿
＿＿＿＿＿＿＿＿＿＿
＿＿＿■■＿＿＿＿＿
＿□＿＿■＿＿＿＿＿
＿□＿＿■＿＿＿＿＿
□□□□□□＿＿＿＿
□□□□□□＿□□＿
□□□□□□□□□＿
□□□＿□□□□□＿
□□□＿□□□□□＿
＿□□□□□□□□□
□□□＿□□□□□□
□□□□□□□□□＿
00:35:55(64667f):field(64666f)
＿＿＿＿＿＿＿＿＿＿
＿＿＿＿＿＿＿＿＿＿
＿＿＿＿＿＿＿＿＿＿
＿＿＿＿＿＿＿＿＿＿
＿＿＿＿＿＿＿＿＿＿
＿＿＿＿＿＿＿＿＿＿
＿＿＿＿＿＿＿＿＿＿
＿＿＿＿＿＿＿＿＿＿
＿＿＿＿＿＿＿＿＿＿
＿＿＿□□＿＿＿＿＿
＿□＿＿□＿＿＿＿＿
＿□＿＿□＿＿■■＿
□□□□□□＿■■＿
□□□□□□＿□□＿
□□□□□□□□□＿
□□□＿□□□□□＿
□□□＿□□□□□＿
＿□□□□□□□□□
□□□＿□□□□□□
□□□□□□□□□＿
00:35:57(64710f):field(64709f)
＿＿＿＿＿＿＿＿＿＿
＿＿＿＿＿＿＿＿＿＿
＿＿＿＿＿＿＿＿＿＿
＿＿＿＿＿＿＿＿＿＿
＿＿＿＿＿＿＿＿＿＿
＿＿＿＿＿＿＿＿＿＿
＿＿＿＿＿＿＿＿＿＿
＿＿＿＿■＿＿＿＿＿
＿＿＿＿■■＿＿＿＿
＿＿＿□□■＿＿＿＿
＿□＿＿□＿＿＿＿＿
＿□＿＿□＿＿□□＿
□□□□□□＿□□＿
□□□□□□＿□□＿
□□□□□□□□□＿
□□□＿□□□□□＿
□□□＿□□□□□＿
＿□□□□□□□□□
□□□＿□□□□□□
□□□□□□□□□＿
00:35:58(64769f):field(64768f)
＿＿＿＿＿＿＿＿＿＿
＿＿＿＿＿＿＿＿＿＿
＿＿＿＿＿＿＿＿＿＿
＿＿＿＿＿＿＿＿＿＿
＿＿＿＿＿＿＿＿＿＿
＿＿＿＿＿＿＿＿＿＿
＿＿＿＿＿＿＿＿＿＿
＿＿＿＿□＿＿＿＿＿
＿＿＿＿□□＿＿＿＿
＿＿＿□□□＿■＿＿
＿□＿＿□＿■■＿＿
＿□＿＿□＿■□□＿
□□□□□□＿□□＿
□□□□□□＿□□＿
□□□□□□□□□＿
□□□＿□□□□□＿
□□□＿□□□□□＿
＿□□□□□□□□□
□□□＿□□□□□□
□□□□□□□□□＿
00:35:59(64789f):field(64788f)
＿＿＿＿＿＿＿＿＿＿
＿＿＿＿＿＿＿＿＿＿
＿＿＿＿＿＿＿＿＿＿
＿＿＿＿＿＿＿＿＿＿
＿＿＿＿＿＿＿＿＿＿
＿＿＿＿＿＿＿＿＿＿
＿＿＿＿■■■＿＿＿
＿＿＿＿□＿■＿＿＿
＿＿＿＿□□＿＿＿＿
＿＿＿□□□＿□＿＿
＿□＿＿□＿□□＿＿
＿□＿＿□＿□□□＿
□□□□□□＿□□＿
□□□□□□＿□□＿
□□□□□□□□□＿
□□□＿□□□□□＿
□□□＿□□□□□＿
＿□□□□□□□□□
□□□＿□□□□□□
□□□□□□□□□＿
00:36:01(64854f):field(64853f)
＿＿＿＿＿＿＿＿＿＿
＿＿＿＿＿＿＿＿＿＿
＿＿＿＿＿＿＿＿＿＿
＿＿＿＿＿＿＿＿＿＿
＿＿＿＿＿＿＿＿＿＿
＿＿＿＿＿＿＿＿＿＿
＿＿＿＿□□□＿＿＿
＿＿＿＿□＿□＿＿＿
＿＿■＿□□＿＿＿＿
＿■■□□□＿□＿＿
＿□■＿□＿□□＿＿
＿□＿＿□＿□□□＿
□□□□□□＿□□＿
□□□□□□＿□□＿
□□□□□□□□□＿
□□□＿□□□□□＿
□□□＿□□□□□＿
＿□□□□□□□□□
□□□＿□□□□□□
□□□□□□□□□＿
00:36:03(64900f):field(64899f)
＿＿＿＿＿＿＿＿＿＿
＿＿＿＿＿＿＿＿＿＿
＿＿＿＿＿＿＿＿＿＿
＿＿＿＿＿＿＿＿＿＿
＿＿＿＿＿＿＿＿＿＿
＿＿＿＿＿＿＿＿＿＿
■＿＿＿□□□＿＿＿
■＿＿＿□＿□＿＿＿
■■□＿□□＿＿＿＿
＿□□□□□＿□＿＿
＿□□＿□＿□□＿＿
＿□＿＿□＿□□□＿
□□□□□□＿□□＿
□□□□□□＿□□＿
□□□□□□□□□＿
□□□＿□□□□□＿
□□□＿□□□□□＿
＿□□□□□□□□□
□□□＿□□□□□□
□□□□□□□□□＿
00:36:04(64937f):field(64936f)
＿＿＿＿＿＿＿＿＿＿
＿＿＿＿＿＿＿＿＿＿
＿＿＿＿＿＿＿＿＿＿
＿＿＿＿＿＿＿＿＿＿
＿＿＿＿＿＿＿＿＿＿
＿＿＿＿＿＿＿＿＿＿
□＿■＿□□□＿＿＿
□＿■■□＿□＿＿＿
□□□■□□＿＿＿＿
＿□□□□□＿□＿＿
＿□□＿□＿□□＿＿
＿□＿＿□＿□□□＿
□□□□□□＿□□＿
□□□□□□＿□□＿
□□□□□□□□□＿
□□□＿□□□□□＿
□□□＿□□□□□＿
＿□□□□□□□□□
□□□＿□□□□□□
□□□□□□□□□＿
00:36:05(64966f):field(64965f)
＿＿＿＿＿＿＿＿＿＿
＿＿＿＿＿＿＿＿＿＿
＿＿＿＿＿＿＿＿＿＿
＿＿＿＿＿＿＿＿＿＿
＿＿＿＿■＿＿＿＿＿
＿＿＿■■＿＿＿＿＿
□＿□■□□□＿＿＿
□＿□□□＿□＿＿＿
□□□□□□＿＿＿＿
＿□□□□□＿□＿＿
＿□□＿□＿□□＿＿
＿□＿＿□＿□□□＿
□□□□□□＿□□＿
□□□□□□＿□□＿
□□□□□□□□□＿
□□□＿□□□□□＿
□□□＿□□□□□＿
＿□□□□□□□□□
□□□＿□□□□□□
□□□□□□□□□＿
00:36:07(65016f):field(65015f)
＿＿＿＿＿＿＿＿＿＿
＿＿＿＿＿＿＿＿＿＿
＿＿＿＿＿＿＿＿＿＿
＿＿＿＿＿＿＿＿＿＿
＿＿＿＿◆＿＿＿＿＿
＿＿＿◆□＿＿＿＿＿
◆＿◆□□◆◆＿＿＿
□＿□□□■□＿＿＿
□◆□□□◆■＿＿＿
■□□□□□＿◆＿＿
＿□□■□■◆□＿＿
＿□■＿□＿□□◆＿
◆□◆◆□◆■□□＿
□□□□□□＿□□＿
□□□□□□◆□□■
□□□＿□□□□□■
□□□＿□□□□□■
＿□□□□□□□□□
□□□＿□□□□□□
□□□□□□□□□＿
00:36:08(65051f):field(65050f)
＿＿＿＿＿＿＿＿＿＿
＿＿＿＿＿＿＿＿＿＿
＿＿＿＿＿＿＿＿＿＿
＿＿＿＿＿＿＿＿＿＿
＿＿＿＿＿＿＿＿＿＿
＿＿＿＿□＿＿＿＿＿
＿＿＿□□＿＿＿＿＿
□＿□□□□□＿＿＿
□＿□□□＿□＿＿＿
□□□□□□＿■■■
＿□□□□□＿□＿■
＿□□＿□＿□□＿＿
＿□＿＿□＿□□□＿
□□□□□□＿□□＿
□□□□□□＿□□□
□□□＿□□□□□□
□□□＿□□□□□□
＿□□□□□□□□□
□□□＿□□□□□□
□□□□□□□□□＿
00:36:08(65069f):field(65068f)
＿＿＿＿＿＿＿＿＿＿
＿＿＿＿＿＿＿＿＿＿
＿＿＿＿＿＿＿＿＿＿
＿＿＿■■■＿＿＿＿
＿＿＿＿■＿＿＿＿＿
＿＿＿＿□＿＿＿＿＿
＿＿＿□□＿＿＿＿＿
□＿□□□□□＿＿＿
□＿□□□＿□＿＿＿
□□□□□□＿□□□
＿□□□□□＿□＿□
＿□□＿□＿□□＿＿
＿□＿＿□＿□□□＿
□□□□□□＿□□＿
□□□□□□＿□□□
□□□＿□□□□□□
□□□＿□□□□□□
＿□□□□□□□□□
□□□＿□□□□□□
□□□□□□□□□＿
00:36:09(65091f):field(65090f)
＿＿＿＿＿＿＿＿＿＿
＿＿＿＿■■＿＿＿＿
＿＿＿＿■■＿＿＿＿
＿＿＿□□□＿＿＿＿
＿＿＿＿□＿＿＿＿＿
＿＿＿＿□＿＿＿＿＿
＿＿＿□□＿＿＿＿＿
□＿□□□□□＿＿＿
□＿□□□＿□＿＿＿
□□□□□□＿□□□
＿□□□□□＿□＿□
＿□□＿□＿□□＿＿
＿□＿＿□＿□□□＿
□□□□□□＿□□＿
□□□□□□＿□□□
□□□＿□□□□□□
□□□＿□□□□□□
＿□□□□□□□□□
□□□＿□□□□□□
□□□□□□□□□＿
00:36:10(65108f):field(65107f)
＿＿＿■■■＿＿＿＿
＿＿＿■□□＿＿＿＿
＿＿＿＿□□＿＿＿＿
＿＿＿□□□＿＿＿＿
＿＿＿＿□＿＿＿＿＿
＿＿＿＿□＿＿＿＿＿
＿＿＿□□＿＿＿＿＿
□＿□□□□□＿＿＿
□＿□□□＿□＿＿＿
□□□□□□＿□□□
＿□□□□□＿□＿□
＿□□＿□＿□□＿＿
＿□＿＿□＿□□□＿
□□□□□□＿□□＿
□□□□□□＿□□□
□□□＿□□□□□□
□□□＿□□□□□□
＿□□□□□□□□□
□□□＿□□□□□□
□□□□□□□□□＿
00:36:13(65196f):game end
